<?xml version="1.0"?>
<opencv_storage>
<L2_diff>3.3855621158088354e+04</L2_diff>
<test_img type_id="opencv-matrix">
  <rows>100</rows>
  <cols>100</cols>
  <dt>"3u"</dt>
  <data>
    193 83 175 182 235 210 4 142 35 51 189 170 211 94 127 221 101 221 35
    76 216 240 169 2 51 137 196 161 41 95 222 128 118 5 114 199 96 45
    146 7 67 189 73 191 122 201 230 127 67 217 114 189 19 164 5 172 197
    236 14 103 149 125 112 143 188 128 144 190 45 57 202 172 193 206 224
    86 139 102 202 213 168 13 4 216 107 131 25 237 250 236 159 241 21 92
    85 176 58 121 107 209 178 132 88 110 220 252 167 109 158 7 126 4 229
    73 22 68 20 166 40 83 49 172 194 120 250 164 228 40 52 157 91 67 241
    223 210 70 79 96 119 38 83 34 7 43 205 155 71 112 169 237 56 45 152
    207 153 105 173 60 140 29 146 108 235 79 109 223 195 110 74 188 96
    244 99 38 55 102 159 1 87 153 132 73 70 116 118 44 91 69 28 64 140
    169 111 212 106 6 141 18 14 4 20 85 165 200 200 177 54 26 139 34 173
    111 66 148 191 146 218 176 90 170 15 36 227 253 34 63 180 206 97 133
    5 55 71 132 28 220 161 152 24 43 155 89 13 143 164 240 27 31 215 44
    59 168 110 170 186 227 97 45 104 57 239 128 82 135 37 153 145 171 1
    185 61 13 155 36 147 136 151 113 227 115 104 49 105 60 233 45 48 99
    57 195 142 192 238 230 72 94 12 10 115 255 153 0 195 235 216 226 54
    244 55 173 165 187 228 172 207 59 20 227 11 200 132 153 51 229 116
    23 219 81 159 131 111 240 132 36 195 63 32 9 98 186 81 144 16 174 60
    21 33 229 145 45 16 193 5 163 32 89 3 199 195 203 142 158 198 227 89
    56 157 15 20 110 182 91 26 53 194 167 7 145 116 66 105 12 10 200 254
    119 121 185 206 45 163 145 240 12 164 84 64 117 179 251 38 54 46 104
    156 251 44 8 59 184 121 39 73 157 114 35 141 16 140 72 204 251 241
    204 137 96 97 115 30 235 150 106 75 176 22 227 19 124 225 22 247 102
    173 228 48 165 144 178 195 158 24 238 82 243 128 121 45 5 51 213 55
    156 228 98 51 150 158 205 216 138 186 26 133 127 135 97 243 190 65
    137 26 216 201 141 71 44 244 123 166 212 160 123 108 188 145 163 161
    138 5 54 248 91 16 245 63 62 159 252 99 82 112 186 23 82 149 219 123
    19 8 131 7 90 13 6 212 125 31 213 31 85 238 221 78 151 134 159 5 233
    44 235 156 235 202 88 222 68 124 240 53 27 57 204 103 125 255 2 114
    158 220 85 249 133 218 28 187 130 226 37 8 67 103 131 91 134 169 116
    189 2 102 213 100 79 175 254 56 111 24 247 197 228 183 175 12 249
    190 14 84 6 31 2 64 99 161 17 22 53 126 136 139 74 248 148 184 185
    23 91 35 212 124 64 93 92 220 63 207 119 191 199 127 4 174 26 108 59
    125 59 185 69 82 26 160 80 100 114 57 62 255 51 70 250 252 179 241
    252 80 118 193 183 211 86 72 145 143 231 132 30 181 101 208 167 232
    70 156 162 204 236 89 159 7 204 249 131 115 63 232 89 173 158 227
    216 41 90 3 123 62 150 104 212 46 141 187 62 66 55 56 23 198 231 163
    107 21 213 70 135 84 225 183 221 120 102 44 28 1 113 229 147 34 202
    58 100 123 239 63 228 221 176 146 28 171 211 217 83 44 148 39 94 209
    149 252 99 223 84 138 71 176 0 16 150 208 207 147 253 200 54 216 70
    156 118 191 146 200 245 111 91 155 194 241 168 21 165 131 124 51 155
    250 97 124 37 26 208 197 115 11 246 243 143 127 41 167 156 11 183
    108 141 95 33 166 220 128 96 234 164 147 215 240 169 181 39 223 219
    236 240 104 165 170 76 143 202 218 90 123 130 106 212 6 29 254 24 7
    59 156 1 153 95 227 225 58 166 16 129 56 31 65 110 64 246 141 233
    108 193 112 10 17 173 67 31 213 38 225 125 186 48 140 1 254 29 41
    238 57 151 54 167 137 192 150 250 249 201 53 210 74 69 124 226 29
    123 180 112 118 125 108 114 229 71 22 10 116 204 252 250 144 237 68
    75 0 3 99 130 57 135 4 104 241 134 239 205 196 156 183 190 255 243
    186 176 204 61 91 0 185 44 11 205 175 196 154 142 60 244 1 34 36 252
    147 218 165 21 32 210 175 34 48 157 254 35 31 158 46 47 18 188 128
    243 155 38 241 49 34 116 159 201 101 170 239 62 177 27 161 174 80 74
    151 165 40 39 173 108 217 143 83 56 17 48 174 139 95 89 50 84 46 143
    91 80 87 1 234 169 185 74 254 11 217 57 32 15 22 174 117 136 35 177
    150 152 180 12 84 64 192 222 117 24 97 77 96 153 12 199 70 86 119
    175 108 238 69 205 12 34 170 6 17 139 210 213 24 121 166 125 49 235
    149 37 206 132 182 68 83 100 161 167 101 216 40 81 180 93 176 178 29
    239 31 237 112 167 33 58 157 128 146 227 28 188 119 130 200 114 254
    173 252 31 16 176 248 71 189 196 193 238 252 130 244 10 125 102 191
    63 48 237 126 221 236 7 80 217 235 96 14 218 159 0 155 104 0 111 224
    9 56 101 33 228 197 121 206 5 58 199 219 191 74 172 136 185 51 195
    57 234 79 176 53 162 4 100 218 231 236 160 125 157 141 134 12 215 63
    123 241 139 22 143 34 7 211 174 205 178 31 172 124 251 92 61 115 26
    80 5 190 198 41 85 208 39 102 121 226 140 40 222 128 236 103 109 104
    7 115 129 19 70 11 135 78 146 190 198 243 60 44 138 3 46 211 169 129
    6 197 13 73 197 163 241 247 54 2 24 142 38 115 132 161 130 162 216
    55 182 236 236 127 117 82 189 101 174 169 32 79 161 131 95 109 81
    163 252 222 127 80 5 124 157 54 211 149 103 180 69 137 223 150 31 16
    189 165 146 134 141 40 248 232 55 127 146 38 162 83 94 161 139 98 76
    114 23 240 199 133 97 146 39 88 86 11 193 62 2 221 146 138 216 244
    140 197 74 174 185 65 51 228 110 179 245 201 221 180 88 125 14 143
    163 145 21 249 180 46 0 92 202 0 232 121 198 26 75 182 193 141 58 7
    124 17 96 120 96 38 10 79 230 126 151 233 60 78 61 13 238 219 238
    124 76 76 202 252 35 179 66 251 220 25 161 142 193 234 21 80 107 48
    114 226 249 84 45 225 86 77 127 80 243 242 102 146 226 183 213 7 41
    144 11 179 93 119 227 176 102 41 142 5 8 56 50 221 141 96 252 158
    184 183 100 0 87 48 111 7 81 51 212 119 59 226 70 222 152 228 249 96
    137 106 29 198 209 60 26 107 65 192 23 132 89 149 33 8 172 247 15
    199 207 188 157 142 245 46 39 82 121 179 71 205 164 26 166 113 85
    192 54 226 249 111 164 29 10 184 93 97 205 177 9 35 7 31 1 214 117
    252 189 87 178 46 94 46 57 111 160 126 148 27 69 193 255 21 148 234
    116 70 118 155 9 39 227 105 219 19 240 228 60 189 161 58 59 219 68
    102 29 149 216 243 5 17 111 117 73 202 156 126 27 206 49 134 150 187
    18 220 178 207 81 211 109 150 186 70 90 155 52 85 134 36 222 91 164
    78 103 158 255 112 228 182 217 83 251 236 234 199 255 254 230 115
    177 168 64 102 161 131 182 107 46 92 207 137 230 222 132 58 161 167
    160 219 143 4 120 38 123 126 158 102 164 76 173 186 163 93 71 111
    123 204 34 154 33 62 157 96 147 16 194 108 1 191 218 37 238 198 30
    117 207 23 105 35 175 203 211 219 118 53 114 72 24 84 88 76 221 36
    33 92 95 96 248 222 56 108 176 219 238 180 189 136 139 105 252 159
    75 131 123 2 48 69 50 111 108 136 240 81 162 83 143 214 97 56 68 163
    22 176 102 106 110 230 215 33 81 93 203 124 158 128 200 20 230 8 120
    137 247 172 226 222 253 152 213 187 116 152 231 134 249 62 178 111
    154 131 105 133 25 7 58 3 12 50 137 9 224 155 203 97 175 251 154 244
    199 247 72 84 93 87 215 49 60 239 208 34 65 128 198 88 47 44 28 229
    70 46 215 149 27 230 178 34 207 252 235 227 115 211 146 10 167 199
    211 127 151 60 213 216 225 146 224 155 217 2 54 223 86 46 197 29 196
    168 60 250 150 199 188 192 22 135 33 233 59 99 221 91 157 229 156
    169 73 230 164 63 133 55 240 73 125 27 77 136 99 110 26 72 52 11 66
    160 94 1 161 52 199 16 91 83 21 158 13 149 187 39 170 166 118 247
    145 207 115 103 14 102 114 80 39 53 179 115 170 230 41 253 254 1 223
    251 161 148 124 151 139 120 53 152 174 168 207 132 158 93 195 36 17
    208 129 151 168 16 94 238 175 227 96 28 87 183 12 11 203 177 83 219
    241 128 178 98 25 159 212 234 0 63 177 36 77 149 1 95 219 102 84 204
    85 196 24 115 200 229 243 129 162 207 55 33 58 54 92 104 255 214 14
    101 143 46 173 5 157 132 245 144 13 18 4 92 122 120 232 192 218 156
    236 158 17 103 157 58 84 43 77 152 138 44 72 13 71 147 177 167 210
    106 62 76 116 238 10 122 223 132 31 87 158 60 215 200 90 147 55 100
    158 215 30 186 21 236 28 113 211 77 20 192 211 169 128 87 241 117
    227 25 115 29 168 204 189 98 92 194 117 123 195 124 39 177 165 238
    127 68 144 63 174 100 204 16 64 184 96 71 213 28 18 153 58 222 125
    177 223 142 144 16 163 179 228 105 194 49 148 193 217 189 117 116 10
    212 34 193 86 12 193 82 16 77 195 247 25 180 157 251 139 63 56 75 14
    80 249 239 12 168 21 86 55 37 126 160 148 4 85 209 247 90 37 42 254
    67 106 141 139 129 210 146 40 198 168 54 170 125 113 121 73 175 222
    115 128 23 55 245 111 213 25 27 135 89 167 8 226 112 169 248 22 18
    72 253 28 238 90 120 87 169 34 140 2 38 246 73 223 136 178 230 184
    90 129 12 248 198 32 246 62 22 98 141 117 138 93 236 244 174 23 92
    32 86 214 20 50 124 219 62 50 252 28 106 153 96 235 23 122 75 26 90
    134 18 111 138 174 83 218 18 162 111 243 216 106 46 212 24 32 90 180
    244 9 152 217 147 182 185 205 251 36 10 4 248 91 246 29 147 83 35 87
    14 49 238 38 234 32 56 153 87 42 66 160 95 156 242 32 3 160 187 58
    14 153 229 66 116 178 142 218 47 209 0 68 98 179 110 207 252 136 193
    64 29 104 179 254 132 205 51 74 180 240 248 88 149 145 15 163 175
    127 218 229 200 30 26 12 52 33 9 197 246 180 186 209 63 213 225 252
    218 126 43 132 130 166 160 88 206 163 211 0 45 163 64 22 217 1 129
    158 17 30 188 214 133 248 220 154 177 140 179 81 246 90 39 78 179
    218 122 71 8 62 54 211 16 59 100 131 199 86 130 186 125 250 8 83 46
    146 215 40 203 193 202 207 100 5 109 7 238 192 115 112 57 7 231 57
    30 78 228 6 109 204 168 16 201 3 40 219 223 134 165 191 2 137 5 141
    157 238 136 7 200 80 3 153 149 4 229 234 22 230 195 202 136 132 211
    128 221 192 155 246 234 205 250 232 182 123 39 99 114 222 24 200 96
    147 51 253 198 132 171 220 39 106 78 101 187 6 179 5 162 160 218 166
    28 196 13 142 15 153 17 228 233 73 82 115 241 130 76 25 226 149 195
    180 75 163 192 157 49 157 107 47 139 196 6 56 138 108 118 2 34 9 228
    128 146 214 49 106 136 170 215 38 135 212 209 9 148 13 70 194 26 120
    238 110 145 182 140 8 158 176 90 145 248 110 4 79 86 22 18 233 133
    253 33 53 116 145 28 86 13 160 111 200 194 70 245 77 164 141 13 2
    122 222 66 89 28 130 169 74 155 202 98 243 178 141 193 2 179 86 45
    48 246 203 5 43 101 243 91 156 154 213 74 146 236 176 12 0 41 229
    218 160 35 29 79 12 119 142 244 194 27 70 222 147 172 93 125 225 138
    29 215 134 57 205 114 68 243 214 161 77 9 136 159 46 114 204 85 1
    137 41 174 40 10 13 224 226 57 43 180 142 196 244 200 246 19 59 31 1
    202 111 13 0 62 4 142 102 11 44 127 8 42 242 39 101 228 0 201 182
    119 243 101 89 177 130 171 206 114 116 125 94 57 245 101 21 119 141
    120 48 148 157 115 176 62 45 225 240 202 111 168 90 83 68 27 202 16
    99 211 0 183 131 125 108 117 230 172 121 7 180 223 21 39 93 18 233
    112 217 140 254 77 78 42 78 203 79 185 61 112 245 217 169 40 180 216
    14 174 181 175 28 102 254 86 102 83 180 178 42 177 193 97 242 25 181
    175 145 113 117 23 88 117 147 106 111 50 139 103 136 34 155 56 124
    109 74 216 95 136 167 131 196 184 102 87 238 232 93 251 97 74 18 90
    204 161 26 209 95 59 40 64 231 161 174 127 67 132 126 99 213 221 100
    192 19 60 160 213 229 11 188 58 57 37 117 152 192 53 244 219 94 149
    106 214 239 57 90 63 56 8 171 247 6 18 19 84 26 9 92 216 178 179 10
    202 31 150 133 130 23 63 211 127 179 22 225 252 140 103 147 102 175
    218 121 19 28 106 221 158 119 215 117 36 100 68 68 231 190 135 20 71
    242 44 81 15 130 212 8 194 133 1 95 73 77 23 48 143 63 228 252 203
    67 82 128 130 226 158 31 165 150 58 216 53 113 208 35 20 55 165 7
    155 174 103 65 7 181 33 206 61 106 120 170 203 110 176 62 111 177 0
    63 87 76 192 41 213 229 137 77 192 249 43 107 21 203 189 242 12 49
    11 155 210 133 191 255 116 171 66 3 63 107 117 114 58 242 185 80 86
    251 51 75 2 51 172 130 114 190 222 120 204 178 30 169 10 149 109 44
    98 34 66 48 56 139 20 7 113 28 56 234 19 119 221 87 183 89 128 172
    255 146 242 16 50 104 90 84 156 152 144 102 234 193 218 236 62 138
    148 165 190 241 51 228 245 208 214 46 212 187 200 136 178 5 18 191
    58 99 90 202 35 19 118 48 6 243 217 239 148 50 247 116 163 188 57
    229 115 214 189 13 32 138 238 255 8 20 239 73 214 84 60 254 52 252
    133 187 107 91 25 139 6 46 133 26 218 31 93 52 35 34 82 47 102 12
    205 29 147 54 203 128 190 255 29 145 32 56 185 193 134 143 137 142
    34 211 181 161 93 243 86 17 122 167 53 230 161 63 179 53 204 185 119
    234 127 23 206 2 32 18 194 130 209 109 47 161 17 127 141 160 20 101
    39 87 208 130 61 127 117 74 177 199 168 63 230 130 148 166 153 83
    193 52 199 140 17 63 191 205 65 224 142 132 76 28 209 93 169 186 91
    159 197 115 85 181 191 6 31 17 204 206 170 11 196 67 115 23 138 205
    65 22 122 221 193 172 175 22 212 126 239 36 166 189 146 187 147 194
    189 178 36 12 186 93 192 123 38 38 79 134 127 46 51 134 91 220 121 4
    29 156 129 49 83 121 233 149 134 167 120 152 56 169 216 56 40 231
    137 122 206 118 191 247 82 61 242 251 66 238 153 252 17 226 181 235
    21 18 170 154 198 99 96 127 241 132 14 52 18 79 206 80 52 1 140 8
    170 6 23 116 145 191 153 204 178 155 88 128 134 133 225 206 134 167
    225 115 31 16 49 157 221 233 38 141 35 13 199 205 27 178 88 176 96
    46 136 244 87 134 226 75 113 93 86 213 169 149 231 123 233 176 99
    193 3 11 205 212 217 12 138 244 238 190 30 32 83 200 189 158 51 169
    116 107 44 125 121 245 233 134 46 104 58 217 94 233 183 200 2 214 54
    71 17 255 8 90 8 75 59 129 116 8 156 136 206 160 58 159 124 237 164
    139 167 115 52 104 51 115 73 32 65 214 4 209 180 167 89 218 164 153
    87 163 104 87 239 196 167 240 35 33 74 155 137 241 176 180 198 173
    158 59 44 131 88 244 45 159 211 231 36 222 215 149 96 2 1 193 11 113
    227 20 166 111 119 250 12 16 243 86 235 252 136 234 46 193 78 93 66
    29 137 23 52 16 101 111 57 102 213 226 227 133 234 46 43 233 195 61
    64 140 230 99 125 79 227 206 34 134 65 5 80 210 107 70 58 238 83 185
    200 159 247 198 242 199 101 78 40 140 203 209 163 244 4 115 102 185
    90 80 178 247 224 24 249 75 77 171 171 91 205 151 146 1 171 53 198
    12 108 160 26 5 238 53 11 166 59 52 208 172 139 212 221 231 31 139
    165 117 104 187 189 194 23 10 144 75 123 79 8 40 67 235 154 199 37
    16 87 169 179 112 79 219 146 229 242 17 71 176 221 101 228 23 181
    240 163 22 52 147 51 244 81 72 177 43 239 147 161 116 237 195 180 36
    116 182 64 151 5 49 58 89 99 253 33 120 50 166 52 112 67 128 32 137
    252 180 42 210 37 246 165 232 151 85 148 123 51 30 168 106 57 51 162
    124 30 81 153 210 237 194 153 3 12 240 238 246 137 221 155 194 58 63
    238 12 135 20 191 31 41 3 42 4 203 242 188 6 241 183 68 193 185 24
    169 226 25 239 27 72 59 241 128 137 180 39 197 7 167 30 177 54 131
    178 103 252 142 194 91 1 166 119 135 239 17 25 187 1 148 24 118 247
    199 223 55 196 97 96 169 15 61 253 8 139 126 113 123 97 63 75 139 16
    128 6 147 110 147 202 204 214 255 145 189 67 180 228 233 186 83 246
    144 170 171 149 153 116 248 163 92 21 150 247 32 180 196 182 169 27
    78 121 55 63 146 41 25 113 83 122 74 14 118 65 80 76 248 224 88 126
    96 86 129 53 113 226 153 215 158 22 70 84 209 113 112 215 237 8 144
    178 137 70 81 72 135 123 82 2 150 172 87 113 185 58 85 32 216 213
    121 82 207 116 247 85 35 16 194 164 174 44 204 175 237 211 215 1 205
    64 47 243 35 89 36 82 218 1 83 7 152 237 66 87 254 73 1 10 82 143
    202 125 18 9 56 254 14 177 27 191 121 143 132 69 0 139 194 58 130 15
    196 255 87 228 160 201 158 211 4 138 250 39 110 41 91 23 32 196 107
    19 219 33 148 201 149 56 155 184 14 63 22 69 251 244 182 20 24 75
    166 68 77 149 135 204 60 180 141 4 121 59 86 59 247 132 143 137 112
    241 89 26 185 214 214 63 115 150 130 188 18 72 125 137 132 255 146
    227 14 74 60 79 124 143 30 15 20 149 8 37 39 232 145 226 97 162 252
    83 63 77 62 196 110 234 64 30 98 164 144 72 157 178 172 70 12 200
    210 222 87 65 21 87 69 144 149 211 234 120 15 200 144 126 32 11 248
    39 167 103 153 179 206 209 238 199 177 240 81 10 73 182 183 140 46
    73 164 40 9 118 126 57 102 78 54 18 178 64 75 9 80 123 108 228 233
    244 159 193 160 82 206 70 200 0 38 159 6 200 170 31 234 90 212 235
    49 84 191 131 123 89 199 55 108 8 107 242 138 6 27 197 172 85 159 93
    246 216 209 186 9 37 109 130 115 121 246 215 176 62 95 138 188 193
    178 251 11 205 89 73 122 193 149 169 225 228 210 157 174 4 146 168
    123 218 96 93 125 75 2 170 127 60 152 141 109 203 116 247 27 163 92
    6 154 58 77 78 73 41 191 142 235 11 84 173 113 224 37 103 179 205 41
    9 166 125 65 241 150 222 226 132 8 226 205 237 47 155 72 201 120 145
    4 144 195 67 39 52 98 36 98 89 80 69 152 136 26 218 29 30 123 232 93
    25 23 6 12 202 9 99 21 107 96 6 71 79 98 155 180 137 39 103 35 179
    197 43 104 96 164 139 48 88 190 169 190 210 195 248 93 34 130 3 57
    155 125 244 230 10 93 142 218 150 137 246 12 149 105 176 216 203 201
    245 15 117 240 184 207 184 178 123 54 1 187 168 251 177 3 253 70 245
    92 232 242 224 15 40 214 245 125 97 175 169 128 123 180 119 64 61
    219 129 222 159 20 98 51 163 47 180 226 92 162 102 92 202 155 70 61
    47 130 81 19 215 213 131 19 12 62 125 185 158 156 195 165 220 121
    246 109 150 97 163 90 28 210 170 119 231 192 181 232 230 250 150 21
    158 112 48 171 189 27 67 71 161 124 221 77 63 201 146 154 211 17 146
    167 31 196 106 105 65 165 35 86 151 31 133 47 22 125 27 184 155 31
    241 24 57 100 81 218 213 184 38 251 230 126 29 113 188 153 95 209 76
    74 36 137 109 191 226 23 57 190 178 215 182 12 188 171 210 113 55
    176 60 90 101 108 109 18 128 109 141 229 16 88 61 173 80 121 253 135
    142 255 126 88 15 31 155 137 165 244 147 223 241 181 110 133 82 255
    204 29 84 249 80 55 154 49 39 82 225 161 64 248 68 165 41 207 108
    213 1 175 183 189 18 122 15 74 215 165 54 19 30 244 254 65 182 213
    96 98 223 14 55 114 162 252 45 209 120 34 30 127 171 24 226 36 171
    194 184 21 125 229 88 0 87 171 11 11 186 138 118 100 101 99 195 34
    96 167 88 154 146 141 134 162 96 23 155 62 227 160 83 202 230 208 14
    251 178 55 42 134 25 135 114 169 58 16 249 225 225 247 151 247 57
    237 75 68 140 213 211 144 99 242 137 3 231 211 237 150 39 31 132 207
    184 16 42 56 42 47 159 156 235 189 65 47 163 73 185 65 208 76 167
    109 124 53 41 162 217 67 36 249 42 164 78 73 174 121 125 78 140 96
    221 95 151 230 140 9 255 152 204 64 183 115 44 95 200 137 91 233 171
    90 94 136 246 32 31 171 108 151 189 169 3 53 123 124 34 237 166 26
    42 151 77 92 193 116 171 153 200 55 218 91 144 171 84 9 231 135 41
    45 172 249 18 22 17 175 106 112 190 66 117 72 195 68 41 23 42 162
    116 247 94 74 16 116 52 132 125 34 253 202 95 60 48 231 242 148 115
    87 64 96 219 20 18 34 88 171 0 250 69 173 251 145 145 0 64 118 239
    13 247 135 98 64 134 66 186 105 27 208 105 150 61 48 200 144 55 57
    88 155 40 73 129 24 205 65 211 75 45 41 233 137 211 112 162 145 221
    6 163 51 64 40 162 101 63 10 185 199 173 4 64 76 125 203 142 60 171
    47 249 11 97 81 249 114 236 13 177 242 227 205 222 111 209 112 135 6
    187 197 213 73 116 221 42 101 65 226 117 174 194 140 51 111 68 235
    93 132 185 245 55 175 118 230 24 173 54 59 12 21 119 45 133 23 42
    219 122 248 142 164 178 237 57 226 131 94 144 203 41 124 205 205 113
    247 135 140 226 98 97 54 94 198 239 150 120 232 241 180 65 36 63 166
    71 180 242 124 192 212 225 131 54 158 130 80 207 125 118 103 165 111
    75 169 130 147 14 127 75 8 198 122 146 232 155 142 248 201 3 0 136
    36 147 245 232 177 91 60 171 4 157 71 242 21 141 141 82 73 255 50
    242 76 197 187 9 135 120 51 23 98 58 72 74 59 201 3 58 96 10 133 23
    253 224 119 15 129 249 142 49 124 152 209 167 232 175 186 114 73 48
    38 90 151 96 98 83 243 123 198 177 136 195 88 237 2 136 241 35 43
    216 174 29 201 244 220 195 198 5 139 43 5 88 82 112 217 212 181 230
    118 208 188 90 207 12 193 12 155 238 108 46 232 111 10 221 250 28
    204 34 66 167 12 115 88 104 41 158 23 218 48 142 92 176 71 255 230
    255 134 194 60 153 98 143 186 34 131 77 115 78 94 4 101 196 124 165
    215 43 234 231 97 179 124 80 156 203 0 92 178 3 54 112 253 135 143
    247 42 67 69 41 122 53 20 141 216 149 131 212 203 228 12 217 176 136
    4 59 170 162 211 4 2 26 61 249 155 1 158 184 181 232 160 207 239 221
    216 165 178 98 116 71 124 216 87 39 190 217 244 45 251 210 173 71
    199 226 182 69 171 244 82 79 89 30 139 79 154 155 254 228 108 25 39
    48 53 28 255 191 243 101 156 159 224 161 132 240 192 250 174 32 2 22
    74 144 179 60 151 195 93 23 90 4 83 209 27 152 187 160 174 162 199
    52 128 44 101 120 37 180 215 250 7 43 242 216 234 117 17 114 90 106
    62 188 44 30 84 72 239 68 83 30 64 132 221 39 129 23 244 225 23 69 7
    32 39 1 198 51 163 25 214 199 61 172 152 3 56 53 94 107 2 135 135
    252 90 229 28 216 90 149 218 51 108 36 3 81 194 199 17 42 250 237 62
    236 238 157 206 121 184 170 206 251 39 37 126 123 47 23 19 124 166
    220 7 239 164 7 206 245 145 133 39 240 221 190 61 239 169 171 125 50
    65 29 225 112 76 134 16 211 96 170 190 188 146 12 162 213 178 100 38
    66 169 166 104 117 49 112 70 10 139 200 12 42 109 94 57 162 242 162
    91 131 206 177 117 184 69 232 110 137 69 114 2 246 43 158 137 10 40
    23 175 36 188 76 219 161 14 103 20 71 120 246 12 52 11 102 71 56 134
    175 110 198 110 199 192 198 87 176 37 181 238 127 207 20 124 102 207
    201 228 31 110 131 77 78 113 53 218 15 27 68 238 235 168 106 169 85
    115 95 254 192 166 136 55 33 55 190 3 242 11 185 115 30 64 8 121 13
    6 184 50 122 57 24 176 137 65 97 197 30 156 158 213 244 201 90 233
    114 203 215 27 184 195 114 237 39 191 115 45 59 133 76 66 142 103 27
    76 24 129 90 222 113 183 42 254 196 152 9 231 53 20 40 43 207 201
    118 96 57 114 121 16 72 119 124 77 186 59 175 83 109 6 219 54 158
    225 3 86 133 173 122 167 254 68 9 219 0 60 245 208 219 142 47 152
    223 148 160 112 175 206 76 190 37 51 54 245 49 213 137 176 170 127
    172 15 100 247 34 24 25 83 216 71 148 195 36 57 80 58 41 58 191 250
    66 72 153 255 252 174 83 238 115 17 208 211 206 59 73 87 26 3 21 208
    190 187 15 137 25 176 193 125 192 185 186 227 105 71 83 75 26 172
    138 77 213 26 106 123 43 245 33 24 136 141 101 136 131 254 145 69
    252 192 161 59 63 166 109 195 74 82 231 52 136 113 148 51 109 56 121
    79 186 238 101 168 129 93 36 60 138 251 159 7 49 80 206 251 233 243
    133 218 249 216 19 9 134 164 221 120 211 184 15 197 237 117 56 32
    106 72 58 116 190 126 156 181 225 170 151 78 88 66 125 110 181 2 107
    161 233 205 233 29 130 200 161 150 170 2 220 215 248 222 135 109 236
    50 227 194 8 0 220 11 244 114 143 9 75 233 154 142 74 115 255 148 47
    128 15 53 8 139 58 181 213 173 121 226 134 191 34 182 50 65 4 91 130
    164 77 95 127 91 231 131 78 128 23 136 166 246 163 10 55 75 156 217
    142 174 11 198 15 6 237 152 46 100 87 104 41 47 197 170 134 49 54
    165 131 15 216 14 89 172 226 123 107 34 205 47 218 252 201 202 213
    189 172 160 110 172 57 232 222 102 208 250 191 61 191 165 111 68 146
    155 87 231 56 164 224 229 244 56 102 100 214 31 251 182 136 227 36
    202 190 16 87 153 32 235 167 155 56 223 14 118 130 150 160 34 168
    202 243 224 72 7 209 209 40 0 215 108 59 236 195 250 121 70 18 68
    206 111 234 60 39 151 25 96 24 46 31 220 215 170 35 157 226 134 211
    22 231 32 108 107 148 47 238 249 210 112 75 93 154 62 158 247 248 46
    194 208 18 90 230 254 193 72 178 110 25 191 198 27 41 65 41 156 98
    208 213 233 132 171 124 161 28 199 111 125 104 93 218 220 252 53 226
    72 131 201 184 13 59 196 7 13 93 114 120 2 175 46 116 246 56 203 13
    150 89 43 230 99 203 160 42 94 55 127 173 196 214 217 210 184 98 10
    221 108 64 84 254 236 18 33 213 193 152 80 92 119 106 100 36 46 29
    230 21 186 55 226 185 162 115 101 186 229 86 205 156 11 99 187 119
    206 222 97 196 110 139 201 93 51 108 76 57 243 106 83 46 73 95 251 2
    233 59 142 171 108 179 244 45 161 10 226 218 26 28 32 185 158 83 198
    148 235 79 124 217 140 247 220 116 159 22 183 98 157 94 90 179 75 56
    123 180 54 40 246 227 202 130 120 253 157 34 14 62 142 146 94 118
    145 178 125 15 181 249 110 19 252 90 119 135 147 83 181 9 170 71 241
    252 251 154 99 140 118 125 224 65 147 201 118 27 4 130 166 69 74 128
    102 22 196 45 94 9 212 109 85 2 107 212 16 145 128 3 102 29 11 220
    130 2 77 244 107 159 89 182 19 179 98 152 200 80 156 73 137 216 85
    136 142 24 48 207 47 203 134 208 157 1 82 151 208 253 172 231 105 67
    214 123 47 48 240 225 199 73 171 145 248 118 74 185 171 142 52 29
    241 183 252 238 219 135 162 233 101 254 135 121 241 75 27 172 88 0
    152 229 78 26 159 188 156 74 57 205 180 19 100 95 206 177 213 109
    171 45 78 156 2 32 78 166 7 118 126 29 217 45 147 131 89 133 123 171
    3 201 226 255 9 34 159 184 227 221 186 208 109 83 0 161 243 30 130
    84 174 92 250 64 127 227 99 12 127 160 36 96 185 55 196 126 234 1
    249 32 116 10 251 56 108 168 94 97 43 166 169 178 205 237 227 128
    218 38 145 248 215 138 84 20 236 186 241 224 100 128 133 248 127 143
    155 168 87 149 209 7 237 236 217 6 137 224 10 121 39 144 157 239 139
    56 224 1 142 238 48 67 59 233 237 210 112 247 41 13 120 174 110 239
    208 34 23 100 2 78 188 212 56 4 19 165 102 234 114 229 157 229 79
    134 65 210 13 157 154 1 23 179 220 228 182 17 24 166 116 139 130 85
    223 191 163 37 4 95 101 94 228 53 48 74 107 218 94 9 244 251 113 188
    23 105 5 219 238 20 64 129 43 84 142 95 187 255 6 162 214 216 217
    124 129 32 38 105 3 28 224 74 171 57 74 202 239 6 228 188 186 176
    145 144 45 129 250 97 191 97 1 162 39 158 222 81 59 182 141 154 249
    221 234 38 238 131 42 199 48 91 253 101 50 160 27 168 25 73 60 127 0
    233 202 32 224 1 106 146 23 99 202 76 114 182 221 124 246 73 188 62
    57 185 148 64 124 55 77 19 221 47 157 163 218 234 192 31 221 67 170
    114 232 221 18 61 17 185 214 121 232 51 93 10 83 237 244 110 121 57
    210 230 213 200 207 24 8 6 8 247 154 195 172 20 103 34 215 224 7 169
    26 78 135 100 41 151 204 76 116 186 5 107 7 91 89 242 182 79 50 156
    10 17 151 103 108 242 106 240 250 58 245 108 241 29 12 180 13 234 4
    248 38 125 127 118 98 193 60 123 73 76 47 73 210 148 209 27 15 247
    98 121 24 95 19 115 151 236 37 25 79 229 185 150 88 121 196 213 163
    45 107 3 249 20 62 135 163 201 32 175 72 138 132 143 248 94 50 78
    202 140 229 178 138 198 243 99 123 203 189 102 205 107 76 5 150 202
    192 69 38 68 237 119 43 101 157 73 124 32 38 192 16 237 243 165 208
    245 120 97 3 111 230 52 186 207 48 198 251 95 79 32 186 44 45 124 72
    146 42 163 76 17 94 14 72 181 74 112 71 156 172 177 55 189 138 91
    194 222 107 191 112 203 222 75 198 39 144 105 255 189 79 194 206 210
    181 157 231 66 191 166 0 35 32 82 100 240 124 225 126 135 23 120 200
    226 251 12 83 187 54 238 242 164 152 6 141 8 78 56 107 94 115 25 115
    154 243 182 50 146 57 221 77 86 128 3 100 178 220 111 115 213 156
    129 229 78 114 18 119 170 4 173 88 251 70 221 168 53 104 218 32 158
    189 159 95 149 57 79 92 209 75 194 30 40 100 219 208 185 56 249 131
    11 2 187 128 197 113 199 1 128 170 25 135 252 207 41 43 153 228 22
    173 115 74 206 64 139 106 255 176 100 206 58 207 115 254 91 44 20
    177 63 30 21 193 231 238 189 218 56 238 227 76 254 30 237 217 137 72
    81 49 10 124 68 193 190 170 237 110 53 88 124 14 226 165 148 31 124
    236 158 136 87 3 205 60 117 143 49 71 200 130 42 211 134 23 126 228
    21 53 197 22 108 97 164 75 56 139 137 238 102 17 88 78 252 110 149
    29 175 128 190 173 146 202 245 196 118 241 89 177 137 241 236 48 4
    118 91 95 98 207 163 50 142 54 47 169 90 70 254 11 112 46 89 241 190
    108 162 227 185 224 49 113 156 8 31 24 221 2 179 157 241 156 224 70
    64 203 178 81 60 213 16 159 217 247 27 162 186 74 151 246 247 20 200
    84 172 245 212 15 18 239 221 96 59 134 231 240 254 10 104 128 34 152
    110 238 66 173 9 242 106 119 213 172 1 246 79 75 31 150 26 7 88 246
    192 209 40 43 89 183 215 5 107 207 21 39 37 231 15 175 222 36 4 221
    59 11 208 8 140 254 79 142 245 206 143 203 231 143 242 96 168 171 94
    142 43 169 111 136 89 51 108 86 159 96 74 151 4 123 52 207 151 221
    80 28 38 50 241 249 1 1 160 76 172 248 65 8 183 52 96 242 122 200 47
    245 70 57 116 127 144 78 173 194 5 232 46 241 68 23 146 61 71 93 81
    106 22 223 109 150 96 94 19 251 25 127 192 23 78 144 75 209 188 41
    252 143 180 91 54 84 57 32 130 204 5 208 59 199 141 193 83 185 211
    92 5 156 14 64 191 30 39 190 251 19 138 101 200 211 72 40 111 133
    109 253 1 170 66 198 76 224 88 74 197 210 43 217 158 236 203 108 40
    146 242 57 16 171 87 51 84 53 181 185 111 53 41 6 112 138 172 143
    170 42 208 237 203 33 202 133 126 94 136 68 42 92 157 60 65 235 148
    217 255 198 145 46 176 134 101 5 140 19 134 75 5 152 123 65 88 117
    21 229 116 143 95 159 29 249 230 185 71 251 10 150 221 14 89 110 207
    213 28 18 24 0 194 108 43 180 21 157 150 136 145 239 130 67 191 40
    229 54 226 3 46 20 239 35 38 175 58 103 197 10 57 199 191 3 250 185
    1 153 104 168 37 157 216 90 144 121 165 120 80 198 1 119 73 220 112
    24 114 5 247 250 21 175 130 51 250 102 88 238 119 14 192 56 95 61
    130 59 242 61 59 10 251 232 135 55 90 23 25 66 37 33 2 110 208 70 26
    95 81 129 70 56 6 97 235 29 162 88 195 24 210 138 201 95 184 1 64 96
    83 47 85 140 229 200 99 215 11 173 6 209 238 2 193 205 113 96 240
    192 90 100 4 122 190 92 57 20 237 144 47 82 11 228 214 240 83 151
    252 152 55 209 91 55 24 5 98 4 161 34 99 202 10 168 34 192 161 148
    14 183 240 54 252 15 197 104 172 223 43 145 59 25 35 180 242 63 108
    134 57 176 49 248 209 19 120 1 33 48 119 199 155 84 208 179 45 25
    109 82 142 186 112 225 172 76 108 47 103 137 210 20 77 219 177 1 252
    116 229 124 183 189 220 136 67 100 35 39 173 142 92 80 189 115 81
    201 119 44 97 62 179 130 127 0 30 233 16 35 92 91 173 87 39 54 191
    52 156 216 7 114 4 22 157 30 11 62 54 171 66 111 129 180 68 207 89
    18 32 122 111 3 62 177 64 94 126 190 168 100 2 45 170 124 22 237 39
    19 146 126 140 81 158 211 240 44 233 169 52 86 194 43 175 111 125 24
    26 35 151 165 141 1 160 213 196 0 32 211 46 186 239 126 24 87 106
    216 103 89 213 189 74 237 29 134 114 146 58 157 148 1 8 199 228 247
    207 58 104 228 25 91 36 44 247 192 74 73 237 52 34 181 241 72 51 51
    46 9 43 240 227 129 51 10 68 4 0 25 28 227 70 242 230 231 186 252 43
    170 133 243 26 235 175 177 249 5 86 240 132 241 64 4 24 83 122 128
    137 126 241 9 168 60 171 31 108 191 33 44 95 248 161 160 135 15 141
    59 227 126 129 22 170 35 189 80 35 40 215 216 178 82 213 195 172 48
    100 193 23 144 247 164 134 119 150 167 145 41 12 150 81 245 190 229
    121 215 195 58 65 22 139 37 54 71 5 236 107 179 112 61 198 240 253
    175 13 94 86 96 86 72 155 145 255 154 159 55 149 38 32 159 197 132
    200 178 139 234 246 165 144 111 236 5 208 86 193 63 174 87 14 37 36
    204 28 96 54 247 220 36 36 60 185 103 136 117 25 128 73 80 127 234
    136 191 52 91 36 121 254 187 56 86 23 201 229 23 86 15 3 228 245 96
    99 68 100 244 198 43 192 108 53 237 38 19 216 218 192 238 56 136 228
    21 5 236 232 232 222 246 212 46 190 206 70 226 26 117 227 86 67 64
    254 55 167 72 135 143 2 151 198 203 71 68 212 102 197 246 197 117
    220 234 91 30 239 48 195 25 45 99 191 132 65 51 171 106 251 105 59
    117 219 119 131 50 51 245 15 233 255 42 251 54 151 117 50 198 162
    235 235 174 86 207 102 190 92 55 252 49 106 123 137 245 45 134 167 1
    36 160 155 100 66 224 120 103 239 244 63 75 93 182 95 223 195 173 30
    255 64 58 254 87 21 234 153 13 220 85 8 86 128 231 219 227 130 235
    10 61 157 236 115 93 150 166 220 8 195 244 147 86 186 235 3 198 72
    232 10 199 190 190 253 167 34 199 114 114 140 86 195 111 231 12 137
    67 45 190 145 4 29 82 205 48 0 190 87 160 244 104 58 35 56 41 103
    198 221 146 233 43 181 67 179 7 209 201 79 204 217 70 16 0 170 145
    143 185 78 55 214 77 71 90 228 193 46 199 200 44 118 203 53 181 77
    44 64 111 116 125 79 88 72 121 12 220 18 116 190 89 101 16 36 254
    250 107 161 23 216 194 7 18 233 94 185 254 189 203 196 199 125 178
    255 26 249 107 126 182 2 231 38 233 99 116 80 161 110 63 155 216 65
    230 23 72 254 40 5 131 193 212 120 137 53 99 139 235 24 119 41 98
    121 73 254 81 72 35 80 54 74 221 0 219 205 87 125 61 82 197 171 231
    229 17 211 180 255 5 45 208 50 24 46 188 97 113 85 91 96 48 137 49
    243 102 66 61 72 41 62 0 150 243 131 48 62 205 128 46 163 213 180 97
    226 171 227 103 23 125 186 181 161 15 16 173 171 135 132 121 186 214
    139 178 82 203 28 139 181 84 18 184 241 164 234 254 50 250 193 116
    27 138 213 140 87 169 157 170 57 255 159 31 21 254 108 200 173 223
    89 248 66 218 240 218 118 155 226 72 6 62 82 225 205 80 90 245 128
    229 184 215 108 181 101 86 130 98 230 203 73 11 222 144 220 87 186
    203 55 124 224 80 240 21 230 151 62 42 246 29 16 34 130 102 184 104
    63 83 222 177 168 46 238 214 187 53 44 105 69 95 242 101 81 70 71
    102 139 28 197 183 168 61 32 121 209 212 166 209 176 92 181 1 53 54
    139 78 40 187 25 152 184 22 100 255 171 161 120 25 32 164 248 13 105
    244 193 47 177 123 123 202 228 255 134 192 116 237 176 87 34 150 251
    98 212 31 74 96 238 117 92 2 160 75 41 204 41 252 133 144 2 67 209 1
    63 249 185 248 147 69 235 2 49 80 119 145 88 185 143 9 195 223 1 94
    61 192 221 103 251 48 45 146 202 132 50 202 3 71 201 90 106 240 34
    136 151 217 117 6 17 115 236 43 245 213 46 247 56 10 117 238 156 161
    0 71 13 17 38 209 177 226 33 243 182 247 92 166 30 22 252 164 98 184
    27 17 31 41 126 83 70 175 12 68 235 206 119 211 108 25 133 109 247
    46 172 110 103 105 224 41 182 39 50 143 165 179 182 59 168 222 18
    149 168 113 23 228 147 153 197 66 220 8 120 22 213 97 1 219 34 10 24
    152 43 28 153 127 65 173 241 91 223 210 43 36 153 93 76 162 9 60 232
    66 155 253 226 135 64 100 247 232 156 53 244 244 56 196 146 53 253
    140 238 80 209 202 13 104 195 225 226 21 191 90 15 116 120 158 235
    234 70 53 144 251 30 147 68 104 152 86 230 207 172 105 0 39 185 66
    208 25 202 52 73 85 196 82 4 107 206 16 29 107 177 1 27 135 201 49
    35 3 104 74 27 55 43 255 121 199 203 173 118 161 81 222 60 98 51 245
    219 42 89 151 58 219 185 6 72 217 19 217 135 11 11 103 161 162 157
    188 10 212 151 181 179 143 75 100 6 226 170 152 215 46 209 220 121
    81 61 232 2 76 207 227 241 165 48 150 50 232 74 217 201 184 170 154
    74 81 78 20 193 121 176 91 107 74 42 214 7 243 172 9 161 50 36 169 7
    46 255 17 170 115 130 34 254 235 28 4 109 93 93 157 149 214 150 218
    46 106 36 158 92 47 198 199 153 220 12 211 234 61 48 123 169 160 18
    49 29 222 231 215 87 22 173 10 41 153 45 243 248 40 116 149 92 228
    57 3 177 8 36 103 162 171 116 149 132 204 208 133 245 16 169 190 217
    208 55 218 69 17 60 114 45 118 157 156 119 126 179 30 121 71 19 156
    74 18 241 121 65 167 12 197 194 102 107 46 244 21 194 81 120 193 33
    52 89 58 243 66 96 78 133 115 8 100 16 155 188 190 80 51 70 109 140
    225 59 68 187 3 251 93 240 93 111 19 31 236 223 204 35 233 136 207
    121 75 202 27 144 194 29 229 70 36 202 241 45 12 84 57 48 146 136 63
    137 227 69 253 224 243 56 200 113 196 87 51 151 30 93 132 170 83 106
    47 102 254 178 191 139 32 116 78 23 228 56 93 91 186 42 90 149 170
    135 106 192 0 95 74 90 21 142 59 101 22 19 255 162 82 3 237 102 134
    77 200 140 153 240 150 61 214 119 28 189 105 233 215 110 92 32 236
    179 186 115 221 217 84 191 166 127 45 111 113 193 135 227 72 220 186
    225 164 76 216 230 30 84 87 65 245 149 45 246 212 97 109 189 2 236
    255 20 14 220 114 134 73 34 101 119 79 33 141 112 97 99 157 39 85
    251 151 67 167 247 118 194 141 57 16 150 238 44 42 161 25 171 28 203
    59 29 185 244 176 5 4 68 109 53 251 9 19 250 64 137 46 242 153 121
    37 46 22 247 252 90 188 227 152 172 41 48 138 97 158 149 123 121 146
    247 39 202 14 239 8 45 109 134 70 95 119 53 60 215 22 5 180 125 189
    83 33 232 62 225 23 34 141 137 101 240 199 121 235 58 4 154 97 6 224
    68 126 254 112 114 225 190 160 30 105 68 113 188 108 149 107 213 68
    253 76 13 116 65 164 77 250 74 44 22 162 244 137 237 112 154 92 218
    53 206 63 191 243 83 7 16 243 106 2 64 211 55 204 56 53 248 143 148
    97 23 187 30 37 174 72 214 6 247 22 75 185 111 178 58 60 191 132 75
    50 17 211 177 24 78 110 134 85 213 218 12 33 89 83 123 200 107 79 0
    97 213 151 119 222 220 158 222 3 46 57 0 78 250 164 49 200 99 167
    230 25 91 124 60 17 127 232 246 235 251 14 134 3 22 69 158 183 186
    242 186 180 45 51 0 249 211 65 33 173 51 4 36 44 237 248 119 191 68
    50 20 229 102 228 161 186 70 167 228 200 10 166 211 244 109 154 191
    184 233 214 112 214 84 220 2 82 53 128 239 183 242 148 129 2 193 246
    148 255 176 109 43 75 116 240 68 49 144 239 30 107 151 7 17 202 7 47
    163 8 254 18 59 144 251 48 137 63 138 235 238 74 47 52 254 54 205 56
    87 28 101 95 38 158 102 76 186 113 6 195 72 179 23 147 5 97 24 133
    157 26 87 231 156 83 101 222 207 65 4 115 15 217 55 181 226 225 88
    15 245 49 44 47 53 154 56 161 151 3 162 168 150 73 55 4 115 150 14
    155 4 244 35 37 123 154 29 222 105 160 46 112 248 139 21 115 246 81
    201 242 7 180 178 65 37 226 193 173 62 135 215 130 111 27 121 118 3
    48 137 61 85 177 140 160 102 239 169 229 130 216 1 6 171 56 128 9 52
    158 212 148 40 219 126 97 185 218 223 28 121 30 102 28 224 253 140
    109 99 128 89 99 227 2 190 104 180 51 190 144 28 163 74 180 252 75
    62 184 249 93 170 203 242 238 239 225 53 100 212 159 1 202 47 61 56
    155 56 40 80 42 90 36 252 98 147 90 22 171 77 40 16 102 113 94 18
    101 235 79 5 38 75 210 244 62 94 199 54 176 255 229 107 110 192 75
    202 86 149 19 134 174 144 217 163 40 28 73 54 167 231 121 177 203
    229 21 18 1 133 199 13 10 70 3 119 171 76 9 228 96 195 128 122 136
    58 87 134 170 243 77 153 200 6 98 75 91 21 85 218 105 167 19 33 50
    161 17 163 196 220 103 107 61 224 203 46 93 143 216 90 36 168 42 217
    186 198 164 147 170 201 166 103 212 205 130 108 202 67 100 62 117 89
    17 254 13 82 145 58 187 242 250 59 55 20 124 128 65 4 93 124 93 81
    222 84 194 11 162 224 241 221 234 151 150 120 36 179 112 220 73 170
    121 156 105 164 85 159 139 162 128 29 108 133 153 40 193 229 199 134
    71 99 134 59 175 91 208 4 29 47 98 21 23 24 220 130 249 62 79 132
    218 94 159 6 54 138 219 235 199 79 188 118 240 38 229 196 240 40 54
    215 169 39 241 171 217 168 10 69 196 180 217 61 144 71 152 58 63 179
    9 134 238 100 5 90 47 145 202 130 196 92 235 11 193 10 34 175 240 3
    139 170 236 78 216 141 57 63 109 226 202 46 75 104 159 215 79 53 100
    145 196 114 16 230 53 91 63 4 78 245 226 83 164 44 11 254 89 205 103
    108 193 42 184 23 245 180 88 12 125 25 189 192 202 83 250 17 175 77
    203 139 145 170 123 204 8 77 9 201 23 137 105 238 150 9 191 231 223
    166 70 129 171 52 230 88 189 163 205 154 115 130 18 76 156 28 150 57
    116 54 22 193 119 170 80 32 145 1 153 107 40 72 154 89 92 39 29 20
    33 195 227 53 96 155 251 63 174 46 204 228 86 126 94 188 225 4 186
    53 79 98 48 235 96 230 114 211 225 58 69 71 12 250 227 208 30 31 171
    192 82 100 170 54 0 28 119 226 68 178 125 1 181 184 48 69 71 89 82
    89 119 70 79 89 245 169 63 27 229 75 28 49 205 241 59 124 126 75 236
    81 251 129 231 176 200 86 133 228 36 207 136 68 179 196 232 76 216
    104 171 23 7 42 250 141 46 67 179 128 0 234 250 251 252 170 24 243
    195 152 115 49 97 119 80 14 92 103 34 54 149 28 214 8 92 120 148 186
    100 227 141 123 57 149 4 61 59 235 185 144 153 141 235 211 153 164
    244 251 26 67 93 250 38 15 81 128 77 160 40 217 70 86 245 184 9 145
    193 247 220 156 56 165 149 17 68 3 162 15 88 191 96 2 133 83 151 231
    73 2 63 249 152 66 227 66 22 35 188 20 46 153 49 196 27 42 154 46
    142 182 51 179 78 238 192 169 243 240 169 32 129 81 59 87 235 201 65
    127 123 212 19 23 214 27 158 127 2 197 251 96 83 60 68 14 147 94 119
    144 126 45 63 138 206 233 40 163 38 59 197 209 44 10 38 116 182 107
    170 43 67 51 187 222 203 209 247 199 211 50 193 198 212 43 10 38 245
    17 65 85 64 184 170 102 228 23 88 178 33 233 88 45 28 94 177 43 93
    221 47 193 90 65 187 202 122 143 18 86 151 98 211 205 194 137 2 168
    188 37 181 41 108 60 219 186 125 240 243 187 168 98 125 169 72 173
    167 217 208 11 163 97 118 58 48 25 244 10 54 180 199 190 209 26 103
    98 178 146 213 129 96 208 76 147 166 79 28 59 61 49 153 58 97 147 91
    247 219 46 68 137 143 123 139 90 221 42 136 239 175 174 21 0 138 184
    190 208 252 153 219 2 79 234 144 216 104 38 124 180 126 186 77 21
    130 248 46 136 29 142 150 168 30 253 8 100 30 21 26 96 75 231 146
    122 252 25 213 137 123 33 64 199 190 113 97 128 185 97 196 129 16
    140 123 196 211 8 196 233 88 71 135 67 171 155 55 165 54 251 239 45
    132 121 6 92 89 166 70 13 100 249 58 88 148 36 59 141 6 164 111 25
    221 253 56 225 216 212 115 128 134 210 100 75 161 15 228 10 55 54
    175 184 160 4 232 162 86 133 81 237 246 145 226 137 167 145 247 34 7
    231 205 64 212 56 4 237 212 183 39 127 17 241 166 214 183 243 59 56
    207 41 199 115 178 175 107 147 66 78 58 132 81 103 189 119 123 149
    130 81 212 137 74 20 195 13 109 56 85 46 63 191 81 76 5 221 149 221
    27 168 144 34 198 13 46 168 143 205 94 182 83 150 121 138 67 247 39
    133 189 164 243 239 68 54 220 187 9 220 1 163 203 235 140 170 156
    224 183 117 46 217 209 192 46 141 168 35 110 86 123 156 87 7 228 198
    4 41 230 161 84 76 180 13 75 133 58 8 140 68 148 118 46 140 187 126
    144 66 216 252 155 90 133 222 147 150 148 172 108 3 254 129 108 147
    45 110 86 201 108 83 4 142 29 155 63 35 245 160 82 199 32 97 242 211
    159 145 48 171 242 117 222 35 181 161 220 138 244 179 122 5 52 130
    22 218 173 107 87 169 205 233 28 87 89 7 53 91 202 72 74 109 88 234
    52 241 131 53 84 56 122 188 31 193 31 17 198 153 82 56 67 148 6 221
    179 170 178 200 191 253 95 47 113 141 128 53 47 242 119 66 49 107
    202 80 195 202 223 136 135 109 124 0 186 44 43 100 46 86 58 206 128
    200 15 196 160 232 162 226 56 204 210 215 80 145 195 80 86 67 207
    220 129 87 158 247 179 195 228 62 135 146 201 109 125 30 192 81 233
    252 132 128 139 87 157 183 226 211 213 180 100 144 246 135 192 59
    112 193 168 27 150 45 231 171 123 30 101 192 92 70 180 237 112 236
    117 43 221 11 28 227 132 237 54 229 105 186 182 97 100 218 86 241 67
    106 54 1 237 244 188 15 16 60 153 143 124 123 105 53 75 199 163 239
    45 51 184 153 214 101 113 85 189 61 138 37 0 131 164 137 90 85 125
    96 40 151 134 243 107 174 31 224 242 223 43 130 237 132 53 115 93
    148 12 255 37 34 121 222 240 250 93 191 85 12 131 234 148 199 96 241
    180 12 203 59 147 160 53 70 39 161 89 161 112 182 128 171 248 55 155
    123 115 63 12 135 187 236 45 128 8 222 81 177 137 254 83 118 49 35
    97 34 242 253 52 124 192 30 43 104 154 138 69 200 183 136 58 104 3
    17 102 100 74 86 96 225 84 185 179 92 198 93 66 44 127 71 155 92 87
    216 226 117 179 115 188 51 1 176 120 57 132 162 49 101 152 138 0 60
    189 85 39 75 254 209 99 145 188 36 126 78 150 214 98 144 219 6 224
    71 158 117 79 213 192 132 43 87 133 58 35 182 59 118 68 80 33 169
    137 141 186 144 189 168 190 252 101 61 143 197 28 189 72 5 65 229
    112 191 175 221 47 139 197 26 79 194 20 16 229 35 91 27 131 13 100
    13 231 64 230 140 234 27 237 89 48 135 70 76 15 207 12 93 106 25 59
    93 225 110 116 202 5 174 52 139 150 167 232 62 67 14 205 130 143 109
    4 16 120 157 146 83 28 208 175 6 14 175 71 232 1 58 109 118 32 156
    48 253 35 156 253 142 135 106 108 243 67 117 80 249 171 202 7 138
    136 184 134 225 247 134 241 151 209 36 28 176 34 221 28 222 13 168
    201 220 195 140 115 102 118 238 9 18 12 65 254 237 230 68 136 82 164
    223 90 151 158 154 109 71 190 166 186 220 208 218 203 43 252 116 208
    186 238 89 222 253 50 192 48 78 2 27 183 154 132 106 233 187 60 230
    210 71 172 216 66 220 114 18 97 172 4 26 146 21 155 72 233 69 143
    167 64 13 97 38 79 141 38 237 167 151 207 159 166 146 210 133 80 153
    194 42 201 13 89 169 206 95 189 83 213 155 92 73 34 166 128 176 118
    132 199 190 126 35 55 48 39 162 227 185 33 197 243 40 79 2 35 14 228
    238 105 88 58 235 86 35 247 33 95 103 150 204 231 153 42 193 83 180
    107 115 141 61 175 172 91 217 69 177 29 52 162 60 120 207 135 175
    140 168 221 233 200 192 129 159 30 131 159 124 146 234 254 124 49 2
    115 25 63 239 155 243 187 108 203 210 177 241 62 189 220 38 229 122
    112 110 162 210 245 11 202 47 5 185 16 22 254 185 198 226 207 39 152
    160 231 69 48 77 42 58 127 70 26 100 166 63 242 171 248 235 255 64
    124 96 5 123 145 189 17 0 13 38 251 114 139 183 202 146 148 177 154
    99 68 230 123 88 74 208 53 74 175 176 170 253 145 21 6 54 248 20 63
    51 251 254 253 2 120 211 253 112 93 119 32 224 171 127 226 52 3 16
    164 148 255 76 159 76 90 92 228 35 244 180 21 235 20 138 173 158 94
    93 16 142 136 103 192 132 192 170 200 91 129 46 218 181 88 211 65 61
    137 173 77 204 253 177 66 173 38 161 208 58 91 128 213 26 196 224
    103 148 236 12 60 66 240 37 85 45 76 222 73 201 54 201 131 238 130
    36 113 223 181 108 210 78 186 44 122 101 219 10 71 180 53 153 69 186
    208 240 211 235 188 99 57 164 6 79 195 43 131 170 234 30 171 92 200
    253 146 188 185 249 246 195 52 99 156 141 139 195 76 138 206 244 37
    103 224 213 245 9 39 74 118 123 17 153 141 162 95 183 161 182 186 82
    61 114 92 11 67 106 6 183 110 110 217 186 159 98 192 208 252 61 249
    143 125 239 38 46 248 203 130 111 33 5 198 142 54 72 249 206 11 227
    102 28 206 220 59 54 78 254 246 70 170 132 199 163 60 197 191 40 83
    190 89 9 70 102 12 120 208 81 84 128 178 94 136 181 155 254 49 14
    149 241 151 99 68 1 203 127 156 51 187 15 184 165 149 81 87 224 119
    38 84 148 246 168 254 238 247 250 169 69 118 51 60 103 132 143 216
    141 195 136 141 223 209 170 244 144 248 245 212 161 117 109 9 2 223
    229 107 158 219 218 246 133 21 254 203 79 106 91 77 98 91 240 214 61
    46 220 16 55 118 236 23 167 92 214 208 125 50 128 186 47 175 206 43
    115 99 61 253 3 110 163 173 137 161 60 236 82 155 238 205 1 2 166
    223 229 154 51 45 68 206 37 136 230 137 207 190 199 170 15 250 65
    237 168 91 148 127 213 53 168 143 251 200 133 188 237 112 6 67 209
    88 15 53 20 33 96 150 32 8 236 195 32 13 15 128 1 14 135 203 0 57 30
    20 139 116 150 69 223 144 169 80 143 225 1 172 221 89 182 202 38 99
    15 76 215 105 222 230 169 4 73 165 47 42 31 111 68 124 96 238 46 219
    80 128 37 216 101 175 81 218 25 194 121 241 116 112 173 84 243 254
    248 87 224 234 59 50 11 204 154 68 37 181 95 154 191 84 108 185 56
    29 181 155 174 167 246 67 234 216 74 117 147 189 76 218 172 205 57
    181 181 241 207 127 167 78 224 235 76 191 55 148 158 144 151 241 141
    116 117 67 95 186 162 63 160 129 57 145 118 86 117 13 133 173 226 10
    174 69 74 51 254 107 132 164 142 24 46 120 102 228 198 191 156 199
    188 225 126 73 237 203 21 95 153 187 78 51 174 39 123 50 194 208 186
    30 219 251 184 242 166 29 81 69 229 167 219 26 115 220 20 107 150
    134 105 2 251 252 235 189 22 198 40 26 124 226 199 145 229 198 70
    244 240 15 103 65 250 123 33 194 223 142 50 122 40 83 91 64 176 243
    16 130 206 252 158 89 156 42 204 64 204 51 192 111 143 190 147 79 76
    156 5 24 184 83 136 127 70 207 70 165 185 207 209 36 100 45 83 138 4
    209 29 193 28 138 29 233 160 236 184 95 128 116 41 94 198 229 254
    189 57 5 218 181 13 57 206 163 147 125 169 120 34 23 52 48 95 31 91
    29 151 92 208 81 18 142 146 243 83 158 110 230 43 145 43 18 110 132
    224 207 174 106 172 42 195 109 100 242 231 74 189 98 216 144 66 49
    201 3 133 239 155 143 228 161 30 183 223 29 44 66 237 107 186 184
    167 253 130 182 107 211 112 176 192 185 123 230 86 126 3 59 236 30
    169 238 76 120 222 46 224 4 89 255 43 240 239 198 24 121 114 73 157
    181 30 241 7 228 74 92 13 17 166 96 140 24 199 34 63 232 113 98 177
    235 125 54 5 97 22 171 151 51 119 67 149 115 172 91 60 81 134 80 56
    35 83 141 23 23 188 228 38 84 251 43 162 212 132 76 183 81 239 201
    109 150 47 30 112 222 172 245 125 147 155 205 244 101 28 132 62 247
    246 98 74 219 160 199 120 239 67 8 241 4 96 136 81 64 252 44 87 159
    231 30 48 96 179 113 49 91 252 24 58 111 112 232 96 110 232 54 24
    233 201 18 79 38 46 163 218 76 71 64 29 107 100 205 255 98 208 141
    230 157 89 76 9 26 175 216 232 55 41 152 52 47 114 54 52 143 16 218
    236 204 158 190 98 78 253 188 44 255 43 74 27 43 126 12 199 28 43 83
    106 102 230 212 205 89 87 159 73 179 10 129 253 78 59 159 31 62 66
    45 238 75 166 78 74 98 81 205 204 7 171 170 165 223 255 32 30 125
    150 196 144 137 165 218 235 133 188 167 197 156 2 230 183 120 221 13
    166 247 105 12 76 218 52 70 194 165 57 147 56 21 45 10 233 200 131
    220 176 37 13 199 63 205 60 120 55 103 70 129 118 249 203 105 240
    150 214 52 43 129 104 24 39 164 218 2 209 198 73 239 24 27 248 72 69
    15 30 159 59 179 209 183 13 86 82 36 220 12 242 185 69 86 202 75 168
    148 143 252 64 142 239 2 142 239 7 184 113 17 190 200 161 162 111
    205 159 114 137 242 181 250 9 165 196 254 19 68 214 71 148 150 108
    202 64 121 142 154 104 205 127 189 97 136 229 181 138 145 86 30 94
    115 3 219 180 59 77 117 95 131 200 88 240 187 195 208 85 98 123 239
    81 5 53 103 112 91 74 56 129 205 232 88 178 226 229 65 185 59 171 9
    232 228 54 195 204 239 34 249 192 197 154 158 201 129 92 168 223 1
    18 156 87 157 145 48 6 225 73 205 72 51 123 246 103 63 111 107 97
    176 58 137 39 198 141 214 236 167 214 69 19 75 117 128 67 133 3 134
    232 140 186 200 223 208 211 234 199 209 147 71 24 126 150 65 59 33
    245 79 222 36 140 128 31 143 230 167 37 44 163 117 202 245 93 10 83
    235 129 92 124 225 142 54 147 134 0 90 115 7 37 115 207 142 231 101
    246 2 223 163 93 205 54 18 200 154 90 40 75 253 70 134 200 169 80
    215 155 254 60 165 174 87 200 171 98 183 201 243 135 173 126 63 226
    194 174 224 172 115 97 127 113 247 190 154 188 79 123 189 234 33 250
    107 9 49 55 179 137 114 10 138 197 75 52 4 161 113 175 102 48 103
    126 206 218 250 58 59 121 175 51 211 43 115 23 221 24 126 215 128
    208 170 123 124 40 197 3 182 161 203 242 78 161 239 90 191 217 96
    102 225 6 45 106 44 116 17 156 138 118 101 118 155 140 27 80 170 10
    104 253 159 174 180 191 46 216 114 83 152 188 78 41 233 16 86 10 41
    69 76 185 41 126 214 130 14 141 241 134 43 28 78 116 250 36 98 217
    69 151 112 44 197 126 173 43 36 54 96 2 207 236 232 169 33 24 236
    135 192 107 112 41 144 212 29 32 181 40 253 193 193 111 81 246 82 72
    2 82 205 106 24 65 92 247 58 44 64 3 186 198 192 243 41 170 78 45
    220 155 86 181 83 151 187 58 179 207 30 44 122 155 135 97 160 6 59
    222 248 166 209 129 155 162 74 212 163 147 78 89 42 134 188 134 141
    183 47 54 0 177 51 216 133 142 3 51 7 156 163 26 244 224 235 174 64
    61 22 227 36 246 237 52 18 79 141 102 49 174 218 191 246 9 105 201
    101 223 137 250 93 105 241 175 231 173 3 52 147 142 219 178 61 220
    83 149 186 44 230 59 8 228 221 28 118 208 231 7 74 225 179 173 241
    241 6 130 33 235 149 110 175 222 254 158 75 253 95 134 227 43 87 246
    218 194 139 140 201 91 87 156 98 130 169 186 186 84 196 117 129 171
    55 69 255 240 113 218 149 24 134 50 214 12 62 13 185 172 11 45 14
    174 158 12 44 173 162 108 68 160 99 113 122 12 243 174 104 65 76 131
    165 139 132 32 95 165 27 60 49 167 241 227 44 37 113 50 87 2 170 92
    197 213 222 105 166 44 182 28 95 6 230 197 231 147 171 100 93 242
    166 54 22 147 193 208 224 131 218 186 163 253 23 12 48 229 84 200 43
    192 124 154 25 251 8 252 155 148 106 234 5 218 45 14 20 190 166 171
    194 22 177 100 40 242 233 154 37 106 69 63 138 114 22 222 199 192
    124 120 45 57 194 3 212 82 156 96 236 77 244 255 77 171 112 164 163
    131 204 182 169 10 120 39 45 40 170 255 229 8 136 107 166 12 8 207
    46 25 85 136 32 213 36 199 84 229 239 252 218 110 215 55 146 169 53
    235 182 156 192 81 149 186 0 115 170 190 32 88 16 95 94 38 124 113
    216 56 1 79 16 31 60 58 143 37 233 247 0 110 75 215 171 138 227 150
    25 237 94 124 175 184 222 180 0 165 202 165 178 253 29 34 207 27 219
    109 111 163 86 135 178 197 110 245 245 255 210 6 77 211 132 32 137
    32 120 65 81 250 133 220 146 175 116 190 123 182 58 11 74 228 209
    237 118 49 149 94 108 200 156 198 113 139 237 177 254 52 156 89 77
    121 164 175 116 7 46 64 120 249 140 46 17 162 191 56 10 0 124 218
    129 144 89 102 30 193 254 253 204 64 68 106 2 27 59 20 195 66 75 162
    39 73 93 219 129 8 233 10 187 231 219 111 29 210 205 162 3 39 231 45
    77 98 186 78 114 233 193 28 2 66 64 76 19 83 106 30 0 185 229 113
    105 194 2 238 234 241 147 91 60 140 184 233 137 173 2 123 10 105 146
    38 193 5 22 33 64 63 252 86 75 191 37 163 238 96 66 8 5 202 218 6
    161 44 233 119 125 167 162 213 227 117 42 3 205 219 70 69 227 199 73
    206 9 100 57 243 244 240 46 208 169 151 235 224 30 77 82 185 22 137
    135 245 132 122 110 193 77 237 69 60 184 247 5 31 154 127 194 245
    118 0 237 133 42 236 202 61 58 57 118 51 229 139 241 59 99 75 203 55
    6 18 150 123 225 199 105 82 254 204 164 192 120 29 35 20 92 232 27
    153 147 168 29 40 241 96 255 129 138 166 172 80 113 117 43 21 115
    132 39 79 38 253 151 116 36 119 241 189 39 175 109 111 217 223 206
    95 66 130 26 121 104 190 142 86 160 82 61 166 82 209 168 222 166 116
    237 143 243 108 39 208 157 230 10 36 233 116 24 66 35 40 117 170 54
    41 206 255 196 49 147 209 71 204 73 51 74 236 148 99 202 9 36 131
    248 108 120 136 198 139 11 119 187 123 145 215 155 207 253 188 30 93
    98 153 222 233 128 185 109 65 217 75 79 134 127 96 71 11 234 244 153
    84 141 255 63 216 98 154 16 0 206 120 43 44 184 123 44 212 0 10 178
    90 226 4 146 168 107 133 40 137 15 201 249 39 223 222 52 176 108 210
    229 91 78 213 204 138 1 228 204 9 201 23 5 57 242 146 93 206 206 96
    84 16 68 49 139 111 133 1 15 63 84 244 17 232 215 45 2 192 74 202
    195 200 30 44 72 193 254 180 242 35 51 18 105 153 247 116 141 165
    124 220 78 209 3 152 102 175 24 82 128 162 78 78 193 22 6 197 155 23
    120 234 209 139 5 80 76 174 22 9 190 98 151 242 94 142 171 106 111
    162 34 135 190 224 236 148 149 68 247 77 115 166 67 116 242 209 234
    93 84 28 169 5 202 83 78 82 36 158 169 213 177 91 116 11 132 64 193
    73 13 32 23 105 25 193 4 207 95 162 235 15 9 242 31 133 204 37 128
    229 205 70 235 243 242 2 146 102 79 5 238 142 142 154 65 219 143 236
    224 18 72 98 19 76 163 64 202 121 199 44 200 18 72 203 53 104 184 90
    165 184 171 157 224 32 177 49 226 77 167 32 126 86 117 68 45 68 180
    133 232 175 221 144 50 246 52 206 196 223 175 251 12 20 153 145 229
    30 192 101 94 28 255 68 63 197 188 199 106 74 16 163 243 57 48 109
    173 100 56 51 2 151 151 151 77 252 122 214 63 5 83 50 31 209 194 52
    50 11 233 21 229 144 230 94 158 103 164 116 254 1 103 14 227 115 105
    100 184 170 195 46 64 216 80 35 33 84 226 9 87 28 190 183 107 116 97
    253 128 151 86 150 202 144 45 154 33 226 68 136 106 233 196 41 224
    148 47 109 125 138 15 118 14 225 205 53 53 126 1 29 147 49 21 81 152
    105 77 20 140 131 228 69 171 76 240 44 100 205 228 120 179 156 141
    203 10 238 105 36 203 192 10 109 176 171 62 168 121 47 229 248 143 4
    61 228 68 33 178 27 100 56 226 228 175 75 28 72 175 116 100 200 4
    128 10 50 113 123 57 39 96 21 81 204 167 91 24 191 58 77 159 254 250
    91 171 119 74 164 178 186 118 171 196 242 244 157 18 193 244 41 70
    232 211 214 60 163 3 121 158 14 91 62 5 41 113 196 227 47 251 155
    115 235 175 170 11 161 123 163 217 58 85 33 41 118 5 149 123 74 82
    219 68 170 203 112 233 248 54 198 206 14 32 103 100 147 226 97 9 5
    118 251 195 104 177 202 210 24 71 42 197 59 156 117 152 220 177 185
    201 222 181 4 42 183 203 195 11 192 177 53 192 149 200 126 15 151 16
    148 17 105 179 98 94 105 103 31 203 181 161 149 154 143 7 229 207
    222 211 246 170 201 121 206 30 252 238 105 99 142 112 114 231 151
    140 88 239 163 14 109 89 244 166 33 21 38 172 164 163 173 64 217 84
    92 121 194 117 138 202 114 30 96 213 246 142 253 51 79 170 164 99 24
    182 38 54 255 149 118 134 215 97 231 66 233 35 45 246 181 57 222 225
    52 239 66 61 2 169 241 95 251 98 178 246 30 204 13 128 102 120 21
    145 169 56 173 229 166 74 245 43 220 201 5 161 72 121 14 127 21 15
    85 196 7 49 136 25 198 162 99 65 160 47 83 13 193 114 115 168 77 1
    78 124 193 96 217 146 22 195 241 12 230 18 180 224 122 24 127 237 81
    56 90 125 9 116 138 3 156 115 13 110 242 216 14 23 86 87 192 226 25
    195 207 33 164 195 153 193 158 180 207 44 112 13 149 81 205 37 9 206
    68 89 137 202 60 169 106 166 250 4 200 73 88 104 163 70 7 37 240 40
    230 241 235 160 202 43 16 7 141 62 83 154 164 98 253 59 49 33 14 17
    10 145 158 254 158 113 72 182 52 50 143 31 115 98 145 7 148 218 167
    69 220 124 216 211 152 207 109 28 33 17 104 183 107 217 96 179 86 25
    12 81 55 124 97 18 7 233 248 146 181 204 98 50 238 131 22 116 106 97
    84 118 102 90 160 90 230 4 18 15 21 235 20 235 212 125 130 134 28 95
    228 242 36 67 7 216 182 235 164 144 132 29 223 144 12 200 224 160 4
    120 148 157 130 211 51 151 216 97 158 136 150 255 205 124 122 64 72
    68 88 41 206 34 25 140 233 196 58 122 52 214 163 53 138 172 143 1
    249 26 80 249 213 234 89 148 157 224 129 165 38 84 110 159 18 200
    178 10 14 34 99 213 128 150 220 167 240 63 62 181 102 145 255 5 93
    78 17 89 180 23 175 146 169 90 172 252 102 214 159 27 251 89 71 108
    135 67 36 58 228 198 192 26 190 119 239 162 227 135 92 154 213 107 7
    199 115 113 24 28 200 95 33 161 154 184 206 160 90 254 156 115 111
    209 148 158 26 210 59 65 225 177 195 44 73 16 16 107 166 135 76 74
    162 144 30 25 81 213 10 157 132 124 53 98 58 74 3 162 12 118 87 109
    221 141 32 98 209 206 140 215 145 188 17 156 15 56 82 165 1 209 236
    43 138 34 163 83 35 2 73 181 84 93 101 16 116 190 132 222 59 142 72
    85 143 16 35 100 57 90 170 102 163 84 173 176 105 202 43 14 26 44 39
    176 92 181 185 31 27 58 217 122 185 120 93 97 128 29 254 87 159 79
    64 86 94 143 194 50 0 156 208 228 103 36 179 49 2 0 79 211 168 159
    198 238 194 14 193 250 128 35 137 237 209 255 190 255 51 124 42 45
    195 237 61 34 222 9 39 224 125 181 45 121 196 191 24 4 155 146 222
    65 129 168 129 229 81 101 217 202 25 183 41 68 27 166 75 215 17 56
    239 244 124 91 252 40 202 234 68 194 122 232 241 220 85 32 195 80
    139 48 76 192 4 173 69 226 83 186 22 247 137 230 201 142 10 47 92 11
    167 166 183 229 212 172 101 68 22 63 143 76 116 103 187 123 132 160
    29 110 93 128 179 154 6 242 81 143 156 248 73 63 43 233 102 237 53
    17 37 89 31 165 91 75 126 107 130 99 151 93 191 31 160 8 83 239 74
    117 189 179 68 229 11 191 113 75 40 10 91 121 209 188 124 123 91 113
    1 117 241 8 9 166 217 234 148 23 153 244 11 39 66 211 147 166 148 6
    148 191 66 241 71 90 127 200 32 98 80 254 157 57 99 237 92 206 103
    225 170 138 178 193 77 136 3 71 55 6 161 2 137 132 23 116 4 205 111
    249 63 21 54 191 21 67 183 150 176 122 176 85 69 181 205 219 33 242
    53 234 141 236 2 102 245 4 105 207 234 7 60 170 7 229 30 73 147 245
    147 151 129 121 212 65 254 127 5 47 99 92 14 198 103 221 63 28 174
    110 133 209 237 121 58 177 95 142 239 237 200 212 167 172 189 163
    202 169 157 210 44 10 80 74 124 76 32 200 37 225 106 137 233 241 105
    181 173 30 73 212 93 167 54 102 121 230 153 54 219 12 9 249 210 205
    42 193 58 174 112 33 236 135 94 173 171 3 195 135 176 198 60 239 241
    91 44 194 103 231 150 189 33 236 5 58 242 29 132 90 28 220 143 167
    162 211 103 208 201 196 64 242 12 154 48 114 196 98 87 181 7 3 147
    125 157 97 124 248 211 9 4 102 140 0 216 79 115 85 7 204 17 213 14
    139 46 133 2 216 167 202 196 70 187 108 159 86 111 186 235 55 106 25
    159 21 101 49 91 134 21 120 124 152 23 108 193 126 218 115 226 53
    222 151 54 219 122 128 191 80 33 93 195 216 30 233 17 54 84 163 110
    74 113 154 150 119 169 87 152 171 139 73 104 92 58 178 30 88 237 76
    1 182 143 54 147 120 215 193 136 73 33 47 35 51 45 75 7 115 219 21 5
    154 173 23 23 244 196 227 252 119 181 128 228 85 96 184 152 49 230
    244 46 178 94 189 60 99 104 91 134 180 218 51 108 161 248 47 252 199
    255 145 247 0 221 35 208 126 94 240 82 94 178 198 76 116 182 76 28
    237 123 141 86 214 208 55 75 183 104 137 142 75 142 214 10 85 248 21
    156 41 27 82 23 247 216 40 168 48 79 230 32 43 221 127 249 204 134 2
    103 55 205 95 190 53 61 135 168 25 213 154 2 193 187 8 71 23 156 248
    85 106 10 158 118 203 134 167 83 205 61 167 84 46 178 0 26 147 185
    87 4 150 53 149 68 231 40 173 229 47 117 239 10 238 94 245 68 251
    109 120 140 212 35 224 138 206 212 255 211 164 127 167 172 137 188
    215 155 5 92 122 73 57 28 184 68 233 223 98 83 86 57 110 147 221 237
    128 31 87 10 96 71 191 191 181 223 185 16 120 131 65 168 158 191 38
    147 191 182 168 150 142 249 245 176 99 104 40 149 158 119 233 183
    242 217 230 136 240 206 50 100 73 110 212 129 151 145 19 118 62 5 32
    200 245 95 9 0 244 16 213 87 208 28 246 95 246 183 29 217 54 128 229
    235 161 112 96 167 60 102 178 105 241 16 148 9 64 219 35 172 14 32
    58 149 93 6 10 105 185 120 114 52 127 250 138 164 95 199 105 12 61
    231 43 28 92 43 48 32 79 199 155 201 101 248 208 209 91 151 148 190
    201 126 49 27 199 209 60 216 76 213 215 121 208 46 79 41 3 134 137
    183 239 84 254 100 2 106 147 109 5 78 46 178 143 235 119 83 127 122
    193 207 246 188 31 110 68 99 81 45 33 48 23 247 3 181 149 154 10 224
    49 82 101 236 243 231 14 246 129 184 81 194 154 117 229 127 11 110
    198 152 78 130 9 237 150 79 27 37 35 5 158 206 139 97 193 125 58 206
    215 35 1 246 102 69 204 238 40 44 121 37 115 53 56 216 150 57 129
    226 30 63 231 31 100 86 120 32 78 247 167 15 234 112 225 28 28 127
    61 216 33 87 116 190 55 72 13 169 222 243 170 131 77 26 141 248 67 4
    80 215 250 79 73 64 227 161 27 140 66 12 227 37 105 118 183 196 130
    144 137 162 10 91 2 203 30 239 95 140 124 125 118 66 104 140 203 244
    127 242 74 213 198 98 87 243 157 216 43 58 120 21 23 141 212 31 37
    49 88 134 191 4 108 105 191 191 85 153 109 25 188 196 111 46 178 219
    94 172 2 49 128 24 240 66 154 46 225 173 187 138 160 200 34 239 141
    224 217 176 240 52 241 236 242 188 115 187 195 77 233 233 169 251
    242 28 216 29 59 162 59 65 20 231 134 205 218 174 207 175 21 182 174
    45 86 108 212 58 255 7 35 114 143 241 66 58 28 239 230 146 30 114
    224 59 121 38 188 214 173 141 17 16 104 224 71 176 217 247 195 183
    193 224 216 215 246 194 21 71 56 75 24 77 234 70 192 111 208 226 71
    39 96 60 19 19 93 217 208 48 60 208 153 84 50 191 163 87 67 194 173
    142 10 212 98 208 138 206 173 196 190 197 178 51 95 70 239 159 69
    121 18 83 160 209 176 174 106 135 231 26 80 212 229 66 178 47 220 87
    18 233 184 2 22 32 252 189 52 145 79 36 169 17 74 4 230 29 134 3 251
    237 143 48 35 41 215 74 30 153 4 88 237 140 89 62 198 103 172 172
    106 208 13 1 231 231 170 3 188 8 58 23 122 132 119 163 126 83 114
    123 233 62 71 67 225 225 40 217 75 131 143 26 211 129 107 83 7 70 22
    74 197 62 145 214 173 142 69 31 82 79 137 163 163 239 138 144 68 232
    203 223 234 192 175 45 233 249 18 195 234 112 7 90 97 150 181 155
    214 226 107 159 247 21 152 172 159 93 208 216 176 54 215 197 186 188
    29 188 191 198 196 58 99 3 248 11 145 152 89 87 156 66 202 30 188 90
    193 68 143 207 195 7 171 190 199 229 241 48 38 212 44 130 140 112
    155 160 97 50 72 51 53 212 234 229 123 108 2 142 30 57 69 53 205 87
    226 129 252 244 230 1 218 115 186 75 107 10 148 196 151 41 148 111
    121 27 168 234 165 6 43 148 54 6 104 203 117 126 111 147 225 82 76
    28 198 195 95 139 193 41 158 147 174 140 249 179 71 142 30 71 25 84
    54 18 216 41 195 231 82 78 159 36 110 56 111 160 139 35 192 221 136
    156 8 250 209 191 95 53 168 145 208 187 153 161 147 202 17 9 10 180
    234 26 134 97 12 216 209 169 70 36 69 242 94 210 161 149 142 137 189
    44 14 26 165 6 194 31 91 64 5 218 6 136 72 169 55 180 84 198 67 125
    177 198 198 247 47 226 161 99 24 237 161 160 112 9 137 222 13 82 85
    30 120 22 15 207 232 114 57 209 165 23 144 51 216 48 68 49 193 203
    181 194 178 218 42 53 104 180 221 164 10 242 147 134 128 235 182 88
    243 87 56 171 248 147 10 221 254 169 179 9 99 216 156 151 132 48 148
    197 8 109 14 106 56 213 74 13 101 56 1 149 15 12 154 16 42 89 221 72
    168 17 144 35 154 33 117 121 85 61 244 161 175 207 244 172 3 127 254
    174 120 27 132 18 16 90 2 124 233 68 208 124 231 199 96 144 82 206
    247 131 136 70 167 190 57 22 64 190 122 42 1 160 171 7 252 15 5 45
    13 61 213 205 167 118 203 74 198 193 135 93 176 195 126 239 47 97
    163 99 66 19 198 109 123 56 12 241 172 214 9 157 178 108 122 78 24
    127 231 48 186 70 51 66 71 16 141 49 133 40 121 134 217 240 46 28
    146 254 198 64 123 219 122 173 115 244 194 179 118 254 172 162 241
    241 132 222 110 132 208 186 123 153 53 238 175 209 223 170 222 197
    228 67 254 182 201 134 44 207 253 159 199 228 144 133 212 98 64 240
    61 72 109 124 234 69 49 231 39 230 52 115 210 12 220 64 193 123 243
    168 52 180 194 109 51 219 236 241 241 20 2 208 165 95 22 120 184 16
    45 131 207 55 245 94 31 94 78 77 92 187 43 225 247 244 196 59 7 53
    144 235 45 97 210 6 192 57 77 6 14 0 55 89 239 201 185 90 112 175
    173 244 209 156 43 190 133 202 12 72 107 174 245 41 101 108 63 128
    155 175 240 54 73 255 209 20 117 248 42 198 156 138 190 236 6 112
    154 235 254 230 103 52 154 50 93 7 163 41 237 42 44 197 158 146 6 25
    232 111 10 105 102 167 11 134 153 26 39 38 223 175 115 226 220 111
    104 10 12 151 18 78 144 74 47 19 187 240 211 46 153 72 255 66 117
    234 27 154 164 76 133 28 7 158 165 251 91 19 246 167 193 178 132 152
    212 151 174 222 28 59 155 136 75 105 192 225 62 82 41 80 29 124 151
    68 253 240 200 51 239 252 209 99 71 202 12 20 25 128 254 170 214 6
    19 235 60 233 221 46 152 243 149 15 161 224 233 248 51 41 189 121
    116 136 63 101 24 149 217 240 238 184 62 224 116 174 23 0 224 245 99
    81 158 49 52 88 115 7 9 54 135 42 17 45 158 254 188 217 7 214 110
    124 174 17 247 255 141 41 249 237 118 224 182 112 63 179 192 147 133
    111 166 220 108 13 163 212 147 40 27 32 35 10 32 244 199 48 235 114
    236 88 193 38 208 216 100 54 242 53 244 52 19 98 179 109 150 222 245
    101 116 164 249 145 29 183 196 121 91 90 48 138 119 112 78 243 138
    120 216 81 198 78 248 46 114 158 65 94 11 116 112 170 137 177 96 183
    97 14 109 156 132 38 132 124 113 238 58 234 107 221 16 143 74 29 193
    36 228 133 208 141 6 149 172 36 31 67 94 50 61 225 212 27 23 45 70
    32 65 198 211 225 249 218 59 153 68 235 72 24 205 105 40 128 67 16
    126 91 163 109 250 183 138 24 4 68 104 123 4 170 40 217 114 192 253
    99 45 196 248 167 82 165 158 3 116 192 49 64 33 246 108 127 206 119
    207 229 152 115 178 188 246 46 238 242 130 144 252 46 44 207 80 237
    11 106 170 78 211 112 128 160 88 146 219 104 112 234 119 225 191 36
    151 197 79 75 194 24 83 214 194 234 151 210 237 194 75 127 138 148
    225 161 30 21 168 72 54 10 24 182 10 26 162 130 165 66 113 147 26
    203 122 76 126 55 183 51 124 201 201 225 178 30 119 194 38 108 71
    130 197 119 138 223 113 79 138 23 0 75 180 69 27 191 223 253 11 211
    225 228 215 28 84 211 248 181 76 7 22 211 83 200 216 223 101 135 14
    21 246 199 217 115 127 59 203 88 22 25 139 44 221 90 167 90 102 203
    65 226 67 246 60 126 98 74 130 223 60 30 99 214 239 241 17 30 246
    250 248 254 8 196 121 110 88 21 201 92 13 46 229 78 145 153 239 252
    50 160 239 24 138 85 228 117 51 5 36 189 168 80 74 115 163 216 217
    142 101 9 51 123 176 213 1 63 51 91 125 185 212 169 208 207 61 252
    222 174 167 10 202 4 105 80 175 98 255 168 109 45 46 124 22 45 19 31
    70 192 4 130 39 218 230 41 66 102 15 223 239 135 5 238 123 226 231
    67 240 180 185 30 30 85 35 77 11 112 121 205 108 245 148 130 35 223
    142 129 76 227 28 160 106 193 93 122 99 45 207 237 166 46 171 242
    112 154 47 223 147 67 119 141 106 221 100 135 175 52 213 1 137 248
    15 136 145 175 58 97 0 24 208 174 35 221 177 147 117 12 153 138 181
    155 207 145 108 169 68 43 144 155 44 29 100 254 75 86 223 11 63 89
    61 176 157 37 237 165 222 64 89 53 170 52 27 65 22 121 255 233 194
    182 90 75 71 151 223 210 76 231 199 255 31 62 114 164 110 103 38 228
    54 248 8 103 6 70 222 192 194 65 39 237 186 172 187 75 97 109 223 32
    155 88 86 220 183 252 168 21 122 216 7 129 141 180 12 158 17 33 36
    154 216 78 165 50 255 198 147 36 158 17 152 197 119 1 27 16 149 81
    132 118 30 245 0 72 158 180 35 4 185 233 242 192 150 73 106 58 180
    250 160 137 19 213 46 236 120 178 93 179 0 58 61 78 88 114 193 175
    246 46 77 92 251 226 37 253 0 143 136 231 37 248 29 1 41 159 194 107
    205 97 83 93 199 81 6 246 36 9 88 80 93 81 104 61 61 82 86 41 162 16
    188 143 59 40 187 135 78 42 197 71 151 187 224 137 43 127 20 3 14
    114 67 133 250 124 44 238 104 229 209 244 57 64 120 215 213 129 247
    222 125 73 61 137 212 48 202 21 167 62 9 244 3 76 209 99 127 130 244
    95 185 174 16 212 240 254 203 80 201 112 67 22 73 195 16 187 82 180
    186 166 225 79 155 60 237 72 2 176 79 247 98 135 99 1 160 158 46 188
    111 213 226 107 71 5 51 180 25 31 32 66 92 237 44 143 53 87 79 193
    117 224 180 148 93 189 29 18 31 104 123 119 252 89 72 29 78 26 129
    216 90 136 206 135 135 206 228 188 187 250 184 251 195 137 97 241
    107 81 44 233 6 209 158 218 57 39 160 23 98 143 115 142 97 127 253
    144 61 181 43 141 66 37 104 169 134 70 157 136 127 105 171 247 214
    107 57 121 143 89 199 186 21 113 42 107 230 231 173 122 112 167 254
    84 73 179 57 248 155 249 248 43 248 12 27 134 199 126 190 78 224 81
    124 59 233 220 0 217 6 230 124 30 104 223 189 187 110 125 248 154 20
    221 86 74 102 119 22 221 74 170 61 205 158 198 221 75 184 106 97 114
    135 244 236 240 225 115 245 111 50 190 102 177 238 68 112 84 119 48
    164 233 184 148 82 38 239 223 149 42 143 169 110 104 225 168 97 75
    175 171 195 162 162 167 51 24 197 13 140 186 42 193 190 197 157 167
    98 108 181 4 17 122 168 150 33 67 137 144 73 230 137 201 148 252 144
    35 199 151 50 193 230 37 34 97 54 206 113 51 4 205 95 118 87 84 229
    49 97 14 198 30 60 151 141 125 235 152 159 30 27 27 244 173 81 177
    91 35 203 204 197 154 243 21 43 186 112 197 14 84 68 220 5 202 20 6
    168 142 195 171 189 47 12 55 40 238 2 91 27 53 112 65 179 227 209
    132 94 5 195 11 75 199 159 195 172 160 44 45 201 3 232 237 246 75
    204 214 105 197 152 77 17 106 113 57 134 237 224 247 30 49 82 38 134
    203 245 94 223 225 113 206 25 176 194 20 175 252 12 112 96 74 108 49
    21 91 70 137 164 210 16 132 16 204 151 229 234 39 217 227 1 244 36
    66 76 180 255 192 8 156 142 171 145 176 8 187 73 154 170 60 102 252
    169 189 231 152 45 77 190 240 173 198 160 41 126 160 35 51 16 14 213
    125 167 233 73 118 66 67 93 246 225 10 154 160 53 201 127 108 167 89
    149 31 222 189 208 62 127 197 214 21 145 153 238 199 74 138 145 108
    185 170 64 0 4 22 91 169 142 29 77 34 207 61 157 163 247 169 63 18
    133 255 168 15 148 155 215 194 246 231 49 182 195 78 34 141 25 242
    118 194 82 78 72 237 61 38 222 173 217 225 146 26 117 255 20 76 202
    24 44 103 247 67 204 40 110 112 24 252 48 234 16 175 85 206 127 119
    21 170 119 224 99 42 127 178 236 113 100 86 162 26 38 142 213 98 110
    27 126 87 203 246 113 223 98 249 176 133 102 94 38 209 217 173 191
    142 72 170 239 126 160 135 91 214 76 199 125 160 207 235 141 100 51
    217 78 251 66 151 34 140 158 10 201 246 110 185 187 151 136 165 108
    167 217 124 221 157 88 128 176 101 247 178 68 169 194 172 73 227 87
    60 146 118 210 166 220 44 133 192 202 5 118 209 154 6 64 170 180 2
    18 4 13 229 35 207 34 110 32 243 48 131 23 221 155 77 58 111 119 126
    212 251 53 251 89 214 77 132 232 73 112 48 14 197 91 193 132 226 52
    72 113 172 166 159 205 139 6 223 215 187 149 216 185 11 172 183 214
    174 206 161 29 188 117 72 248 217 99 92 238 106 125 99 197 210 105
    157 163 140 153 41 126 5 37 30 12 254 234 16 144 228 155 203 27 116
    82 13 156 105 53 232 4 161 60 228 113 19 204 189 158 180 159 115 168
    217 4 130 146 208 211 180 13 128 241 59 165 255 128 134 30 151 162
    31 156 198 154 223 189 109 235 181 97 174 250 24 107 112 130 125 119
    205 31 195 53 124 177 61 110 120 57 178 43 117 182 158 112 2 217 236
    47 118 227 223 59 170 212 56 100 65 196 91 36 81 172 169 141 239 244
    116 41 212 112 122 49 98 245 201 148 103 89 225 108 0 208 1 191 48
    100 23 195 183 134 177 139 112 255 63 72 157 219 78 118 74 46 181
    135 209 28 234 228 24 18 82 141 7 119 23 212 172 218 181 247 218 77
    170 62 241 217 157 151 253 53 134 78 132 104 104 236 221 150 32 129
    9 10 64 195 122 106 208 17 201 184 173 108 47 67 252 175 164 0 202
    231 167 102 39 223 135 172 26 224 191 94 97 39 221 228 195 99 158
    123 187 55 176 103 193 138 84 137 2 113 1 145 110 23 108 125 58 193
    247 147 22 191 76 206 67 159 203 162 110 143 21 252 172 181 62 169
    127 234 123 38 222 237 229 205 57 183 235 180 230 236 192 79 124 88
    49 133 172 13 0 125 28 213 198 101 182 39 73 233 221 192 178 223 91
    161 44 78 237 12 118 6 205 191 189 249 20 187 76 244 230 178 113 147
    157 193 32 126 119 238 196 228 17 76 129 137 165 247 125 109 39 201
    162 76 202 20 236 164 119 154 73 213 176 151 210 182 36 26 7 56 233
    56 136 239 217 20 0 249 204 1 191 3 133 177 209 5 101 85 52 221 197
    249 144 194 224 104 61 208 170 87 193 109 234 55 57 27 28 39 224 13
    224 134 43 20 43 122 112 221 218 143 199 241 54 183 206 11 30 59 172
    183 25 23 108 111 176 229 106 192 245 85 92 77 212 77 187 244 52 161
    154 208 51 116 127 235 234 181 192 71 47 97 212 172 64 109 6 154 198
    141 216 10 190 120 95 116 65 170 178 72 6 23 170 61 67 77 133 240
    162 248 94 25 8 13 247 192 93 227 66 33 181 244 139 241 168 150 229
    63 131 62 206 5 74 86 110 132 115 57 133 201 120 101 36 112 23 84
    156 112 138 52 8 65 228 190 204 193 251 173 253 216 23 50 228 72 210
    84 93 134 22 163 207 237 250 143 227 138 219 85 179 242 196 226 200
    164 219 122 230 17 228 118 21 228 109 60 60 105 244 199 184 187 155
    148 163 197 219 59 10 107 60 111 24 198 66 247 136 23 253 230 78 108
    58 96 126 197 90 113 115 221 61 143 1 32 71 218 53 9 78 107 6 206 81
    206 223 136 102 157 63 235 226 75 47 219 249 60 239 90 173 195 191
    31 226 210 234 125 221 68 33 175 109 209 107 57 233 236 217 187 187
    6 39 218 29 53 79 35 168 28 81 0 44 144 213 80 144 77 59 218 30 159
    34 90 85 77 228 244 219 191 37 146 101 253 9 155 163 182 245 172 72
    60 175 55 32 15 153 46 81 131 179 241 130 68 234 210 249 178 4 140
    88 116 51 89 37 204 111 203 83 55 235 153 57 239 72 196 65 93 165
    139 44 9 220 16 200 37 99 41 95 39 13 18 185 146 64 171 150 124 75
    14 36 213 27 95 53 234 59 220 49 40 47 29 192 23 2 146 85 22 209 119
    84 236 78 238 185 239 85 209 201 94 174 134 56 132 237 135 7 23 203
    117 102 91 95 26 216 236 101 168 166 176 77 161 40 136 127 68 55 253
    229 220 239 170 221 108 178 153 201 104 55 137 175 186 49 224 17 159
    67 251 124 121 190 109 202 107 151 235 233 5 187 99 238 91 99 73 162
    128 182 218 58 25 232 253 103 94 47 230 207 59 236 72 64 69 131 83
    202 92 95 88 151 150 77 43 114 138 31 95 47 97 209 149 132 20 146
    161 202 199 103 75 57 113 180 139 124 172 251 154 251 21 134 123 203
    27 204 212 2 18 118 53 143 229 107 236 197 226 5 48 25 27 171 178
    176 81 226 55 91 64 0 252 1 202 123 37 240 234 145 248 8 49 247 152
    251 233 160 83 81 140 223 207 201 101 6 227 55 189 167 229 40 18 105
    139 254 137 171 42 78 236 194 141 115 35 146 203 57 202 47 34 74 235
    128 146 200 145 99 76 39 52 141 171 206 125 91 54 176 216 70 173 75
    158 150 50 81 185 149 125 38 0 129 18 113 215 58 239 118 170 93 168
    89 135 154 247 204 33 140 152 232 55 218 7 79 109 42 200 252 41 252
    175 157 193 52 155 242 34 58 223 11 125 216 211 243 186 252 68 221
    115 102 165 160 231 23 243 177 32 70 94 59 19 172 60 181 216 24 41
    133 46 39 30 37 127 26 199 209 178 140 69 226 198 39 91 151 176 134
    22 159 101 27 13 37 132 87 59 180 65 86 147 138 166 158 225 68 234
    111 101 82 1 125 159 239 75 240 183 20 251 57 239 163 223 166 160
    107 44 25 168 12 141 71 127 186 40 77 157 193 89 246 172 214 214 93
    173 217 160 34 230 195 8 19 215 254 71 73 178 77 187 197 229 194 58
    254 205 148 195 53 161 246 41 233 95 173 197 51 42 229 63 12 70 131
    168 119 51 33 116 1 237 228 245 254 143 116 222 252 129 49 50 22 136
    239 15 99 54 18 63 208 102 143 219 177 182 181 18 191 222 55 67 103
    59 120 38 144 235 50 167 164 227 211 214 210 10 206 220 252 23 60 56
    117 170 193 76 90 11 207 101 0 222 14 81 86 116 40 239 112 70 86 60
    142 120 22 118 92 36 244 194 152 1 192 140 170 160 146 33 228 223 46
    198 159 70 20 248 79 186 105 177 119 229 47 35 203 85 239 81 160 247
    154 168 245 176 164 195 210 135 168 220 217 128 129 101 229 217 67
    207 232 168 179 47 8 94 107 113 156 159 200 5 125 168 239 164 29 181
    227 179 36 76 3 96 126 7 224 81 164 252 194 26 121 151 18 207 207 58
    8 224 130 161 206 184 191 6 197 168 69 15 133 45 3 240 189 121 68
    181 29 90 2 134 12 244 218 25 49 162 213 223 56 204 50 215 122 3 204
    103 92 207 4 207 83 4 172 126 101 47 145 185 121 234 176 97 41 140
    79 219 20 232 33 233 251 41 170 137 43 71 185 141 124 87 214 224 54
    243 38 221 151 178 228 183 167 220 156 177 245 72 225 96 165 136 138
    224 11 97 206 46 196 216 9 7 145 200 213 122 205 48 108 83 112 179
    169 42 141 201 122 68 155 92 207 131 4 119 118 139 228 182 116 236
    79 156 162 200 118 69 137 157 172 141 210 103 189 9 27 145 156 38 3
    2 82 245 39 121 41 216 143 0 246 1 202 5 162 178 187 36 46 193 228
    240 63 67 149 29 24 62 240 94 67 161 253 65 159 115 210 156 97 12 14
    63 66 179 71 129 108 191 130 17 137 182 19 120 190 27 14 5 143 99
    122 255 227 27 96 92 69 178 36 131 26 160 238 96 123 84 206 38 33 9
    155 103 193 215 63 196 229 117 152 207 151 154 53 171 241 135 88 135
    154 212 92 24 220 34 253 222 210 102 34 102 137 170 5 225 240 65 237
    13 8 152 9 224 247 82 164 173 246 134 138 224 153 150 134 134 174
    216 227 110 219 113 247 214 111 82 31 175 177 21 224 149 59 0 133
    251 114 4 36 10 183 97 21 207 62 253 125 185 117 219 236 34 171 204
    201 3 21 58 251 87 56 210 29 62 81 7 143 70 47 225 149 146 107 0 237
    230 235 226 229 252 63 132 127 39 180 217 221 99 207 108 116 203 55
    242 104 168 235 228 152 210 206 47 164 251 233 202 208 114 44 101
    252 213 23 170 38 236 206 7 116 32 179 229 62 132 170 162 206 139
    205 197 13 151 135 204 13 7 185 240 85 76 125 15 209 179 195 25 241
    16 163 119 189 211 54 120 53 244 140 141 49 234 143 239 240 177 130
    166 88 127 73 62 102 216 61 19 137 133 154 248 166 223 12 31 13 46
    235 251 89 252 77 213 108 123 211 195 101 243 105 61 81 237 3 219
    201 112 106 45 115 43 159 61 133 135 92 59 76 46 130 135 253 136 65
    225 49 219 51 118 229 197 72 239 199 202 89 123 247 159 239 33 233
    75 159 27 43 156 211 53 27 227 6 33 62 163 239 51 231 51 198 15 59
    94 6 4 119 105 129 6 15 78 7 141 30 212 120 25 38 226 227 132 144
    227 104 225 50 62 103 95 108 48 249 63 202 75 141 196 223 81 147 230
    241 251 228 230 47 217 70 234 149 168 57 103 74 217 75 12 85 133 77
    93 62 154 110 211 194 51 180 103 4 139 211 54 196 57 146 109 153 143
    115 32 80 144 243 237 58 143 122 159 16 229 49 246 60 90 30 99 198 5
    150 223 247 189 239 91 169 162 109 46 51 185 237 78 131 169 122 44
    145 30 31 24 70 28 218 34 86 75 18 146 232 31 207 195 14 219 43 231
    46 27 192 51 60 147 129 112 249 222 242 14 198 98 23 6 75 105 85 117
    186 71 107 52 174 134 123 209 246 116 143 219 133 60 131 241 191 34
    44 193 210 39 93 28 118 90 10 26 22 111 238 179 29 83 240 251 8 255
    37 2 113 64 99 62 169 142 176 39 151 134 39 228 231 132 61 192 102
    78 228 166 63 180 193 164 41 230 156 93 160 74 254 80 12 247 241 56
    173 176 123 134 169 78 243 95 57 141 236 108 109 5 237 17 108 126
    206 179 189 193 234 174 59 56 247 17 111 190 138 246 153 78 205 191
    251 176 36 98 173 92 163 117 53 94 247 138 144 143 54 16 135 87 216
    22 13 127 62 240 96 58 237 127 39 111 111 3 243 233 252 216 236 233
    123 70 11 36 204 175 206 39 248 154 54 130 65 11 178 189 122 183 146
    126 223 203 168 189 135 172 13 94 176 109 100 235 195 225 219 225
    168 205 37 54 195 239 94 243 25 206 236 85 195 242 26 203 203 146 62
    84 80 162 31 10 83 193 98 100 47 205 220 33 66 183 226 29 202 247
    205 1 199 211 143 128 52 53 61 140 82 90 110 26 16 66 105 231 129 55
    58 154 119 82 227 10 106 211 156 126 47 42 135 89 56 25 240 40 244
    191 186 62 227 150 69 112 12 32 195 146 51 27 215 32 214 38 202 31
    90 202 108 105 47 106 122 75 108 209 164 89 105 57 50 176 56 182 238
    125 84 14 111 254 69 122 171 67 87 11 177 218 58 246 84 86 109 181
    225 214 25 236 132 63 105 192 5 5 28 158 17 187 217 209 151 44 90
    128 227 5 108 239 233 38 211 247 3 142 206 137 167 159 11 14 63 10
    237 162 107 128 88 163 120 94 113 123 17 71 228 199 214 189 73 131
    183 207 203 110 254 211 162 10 43 98 74 9 60 214 195 251 87 238 69
    115 136 2 116 111 3 251 194 6 61 242 128 196 38 157 72 70 232 103
    131 14 93 134 144 248 62 27 145 208 80 152 127 248 234 25 211 210 59
    164 211 224 236 239 188 255 97 85 66 147 166 51 121 90 126 239 91
    124 201 229 242 192 152 143 104 53 247 120 32 215 38 195 159 54 227
    10 172 145 94 129 195 3 234 35 15 52 9 57 183 109 2 68 233 23 222 23
    76 59 54 174 5 197 229 21 98 77 85 179 181 238 155 14 104 92 217 163
    86 129 252 0 194 114 238 114 101 93 100 226 66 41 88 235 86 107 45
    60 19 33 170 136 47 138 119 231 157 57 51 83 247 20 96 53 66 144 83
    255 46 116 13 238 227 127 94 159 211 193 218 12 12 45 248 206 11 129
    136 209 54 246 164 43 50 94 119 63 83 73 197 40 72 80 8 148 43 50
    160 168 196 75 202 25 235 178 244 101 87 58 151 101 99 56 191 121
    231 36 39 223 206 41 181 45 195 120 85 138 98 242 89 65 94 107 130
    114 230 220 30 164 100 69 70 244 253 234 86 74 231 147 104 93 210
    183 55 141 91 212 133 23 250 109 175 159 133 114 183 107 175 100 8
    200 152 254 200 198 237 98 176 39 68 115 60 116 65 128 40 79 12 125
    228 185 78 92 255 81 85 37 33 240 78 3 42 10 69 220 248 237 43 129
    189 159 95 174 179 222 71 175 187 187 18 131 139 172 82 98 157 24 68
    109 171 28 41 32 142 69 187 71 225 107 88 6 2 104 26 59 205 16 230
    19 33 38 63 179 225 13 161 217 156 28 217 216 94 90 249 107 182 230
    25 197 202 176 185 54 5 235 118 227 84 141 212 194 56 135 52 211 200
    22 14 212 113 106 99 227 253 2 125 203 111 145 205 251 184 24 234
    108 21 157 41 18 132 1 40 55 153 234 62 241 160 190 81 234 84 1 58
    151 184 190 172 237 65 62 110 216 194 195 218 70 192 14 222 76 100
    76 86 198 148 206 15 22 193 3 66 240 22 143 235 227 176 137 238 110
    163 18 229 211 95 80 215 198 29 66 89 165 232 157 2 24 12 76 154 47
    96 23 172 245 206 76 140 20 22 53 28 116 190 149 248 229 181 102 248
    119 71 196 248 60 209 119 110 31 30 152 53 34 151 87 200 173 175 52
    8 59 57 216 71 162 31 14 178 198 35 82 105 189 188 110 43 0 29 245
    117 229 41 232 178 254 218 2 95 219 252 203 114 42 220 199 28 53 225
    154 183 172 8 24 241 8 91 170 42 231 160 158 156 164 54 164 0 233 1
    200 113 178 107 131 251 10 249 235 4 94 47 226 95 232 4 15 244 180
    196 142 169 230 69 156 138 70 247 40 129 136 112 221 19 233 167 226
    87 76 26 100 51 105 192 1 38 24 210 38 109 120 152 134 95 255 254
    152 247 190 157 249 251 227 40 156 49 152 150 30 64 44 58 242 212
    240 203 246 44 185 41 17 177 236 99 239 53 93 163 198 145 54 156 31
    3 166 130 75 167 205 177 90 182 224 203 250 45 221 153 152 165 165
    209 111 157 30 213 160 116 177 59 192 219 18 119 63 134 218 63 13 92
    108 133 10 33 243 154 217 42 30 102 67 125 104 1 15 80 9 149 49 128
    97 169 107 225 246 230 227 147 102 68 90 234 7 132 125 68 106 86 240
    95 110 235 78 231 69 81 59 107 173 149 7 217 146 195 188 62 136 47
    100 214 127 217 153 205 154 191 69 229 30 253 23 12 167 211 136 248
    80 21 5 137 252 219 34 1 193 229 81 78 171 169 165 62 181 124 29 56
    113 221 171 221 48 207 146 76 115 9 161 23 246 5 128 56 137 56 194
    149 125 51 244 205 98 149 111 208 123 76 246 197 158 66 151 191 118
    82 133 47 126 211 236 190 0 233 32 85 7 205 136 29 7 173 231 157 252
    77 83 60 145 8 141 124 13 12 1 54 179 246 173 139 209 62 158 13 1
    100 91 47 27 247 177 210 190 90 20 51 29 152 245 14 208 133 22 72
    182 73 82 3 44 238 105 173 169 219 74 253 124 126 159 70 14 33 72
    166 167 179 135 90 160 165 30 163 181 56 105 83 43 74 195 221 199 28
    199 104 122 45 237 203 46 202 122 118 29 242 13 52 13 246 51 141 160
    9 220 243 6 141 158 133 13 95 174 249 214 107 87 173 242 182 230 95
    127 87 104 21 18 200 41 29 109 40 49 13 164 109 168 45 197 151 33
    211 5 149 194 154 43 147 50 156 205 50 139 30 116 238 255 181 209
    149 96 65 143 172 161 238 200 203 162 22 22 3 202 164 24 241 114 183
    100 51 110 210 185 115 174 13 139 236 38 126 195 97 120 230 38 44
    212 255 250 26 52 152 185 158 18 228 17 232 58 247 62 38 101 225 97
    192 189 84 238 210 63 219 37 21 207 9 80 64 251 87 94 125 226 246
    215 110 199 122 25 4 249 105 239 109 134 33 150 49 88 72 105 121 11
    147 212 178 100 13 156 126 218 103 76 36 224 226 145 48 52 126 194
    72 130 100 76 172 89 161 102 56 77 99 99 120 100 11 237 97 35 53 4
    161 159 126 73 69 4 97 27 238 182 176 194 230 242 195 160 1 213 251
    97 196 86 90 54 227 104 85 168 46 219 119 135 140 197 255 199 180
    130 52 122 185 3 214 96 12 209 212 36 53 28 3 45 53 226 201 98 147
    125 14 29 200 201 25 108 182 87 249 136 123 232 14 59 239 28 149 245
    17 159 25 34 102 12 216 200 148 49 103 99 169 50 99 32 124 234 114
    48 221 58 23 73 208 21 10 154 36 228 228 15 157 190 102 189 159 213
    198 49 109 67 44 40 101 187 229 15 179 52 65 147 55 197 100 103 55
    154 136 97 0 132 197 66 191 163 87 216 198 34 128 236 160 101 248
    250 247 136 183 196 82 165 74 153 41 173 201 184 110 227 148 31 43
    141 7 11 221 50 24 222 131 127 178 175 68 19 228 4 22 121 120 172
    139 101 176 116 26 34 157 18 241 41 225 131 82 171 95 22 68 47 14
    248 210 92 67 196 114 255 191 239 225 234 168 168 65 140 74 151 230
    3 179 220 187 198 207 49 133 37 1 50 31 132 150 169 47 164 23 145
    122 100 111 99 197 238 237 108 234 10 137 63 37 99 202 67 83 172 246
    101 82 173 112 114 75 177 123 133 214 107 211 196 49 217 16 206 142
    251 146 58 210 21 203 96 187 244 217 88 222 148 9 130 196 207 188
    209 137 100 14 181 59 192 138 228 73 25 218 187 163 56 226 124 54 11
    4 235 246 100 226 73 99 47 83 124 249 191 149 223 51 41 237 147 81
    195 143 226 171 84 135 138 236 205 207 24 36 182 41 40 162 125 252
    125 148 232 66 146 93 29 38 173 254 36 144 96 188 119 89 86 3 238
    179 237 136 130 139 172 32 219 230 118 202 206 243 127 251 70 129 79
    162 181 88 53 170 170 171 83 17 142 69 139 156 36 250 21 184 159 95
    65 183 41 24 44 179 56 129 220 104 195 200 28 25 162 212 111 210 157
    14 209 211 13 186 132 155 15 68 188 149 167 139 44 134 183 126 11 47
    79 24 153 65 223 72 113 117 80 163 24 156 8 36 177 194 249 4 49 81
    140 76 233 78 195 184 230 18 183 44 249 162 58 181 99 21 244 63 74
    204 232 190 107 227 82 176 59 14 165 73 59 84 116 8 52 61 13 123 135
    73 46 101 109 95 202 49 6 198 191 170 190 110 212 144 130 220 117
    197 171 138 80 11 178 157 85 30 125 210 26 149 116 3 160 52 186 229
    184 185 89 242 221 173 96 253 99 47 105 21 30 136 128 10 64 30 206
    193 14 12 175 195 141 140 225 153 248 11 159 40 227 249 23 223 81
    174 211 138 115 153 243 126 42 232 199 219 91 187 8 50 176 150 80
    109 226 203 64 53 238 127 255 169 91 254 169 177 33 188 63 19 68 200
    165 86 10 161 82 186 183 54 253 224 146 22 196 41 17 90 126 78 242
    100 115 184 42 94 55 104 48 97 199 10 11 205 62 86 209 20 232 207
    158 212 46 202 226 182 139 46 140 248 219 142 7 185 76 157 116 103
    206 171 131 44 39 246 153 228 149 70 248 254 155 33 87 141 44 231
    202 155 102 115 54 154 35 23 238 225 56 95 103 21 154 247 186 89 251
    170 181 2 101 22 0 239 86 152 37 188 137 120 78 152 248 177 215 99
    177 150 249 239 7 3 103 211 132 8 160 135 58 132 7 245 94 53 56 184
    105 99 147 14 232 141 174 114 71 167 236 181 145 124 157 1 86 62 108
    199 106 168 16 79 81 207 63 107 1 35 69 167 18 32 124 66 87 155 226
    143 188 107 206 3 67 16 133 40 66 117 170 246 192 10 138 128 120 224
    254 251 205 186 240 98 173 225 116 122 62 108 91 125 47 193 111 106
    177 83 51 236 189 85 36 139 120 165 34 147 133 133 205 164 241 164
    18 45 25 140 162 167 202 92 99 70 119 183 8 85 57 223 212 99 0 67 32
    178 65 142 250 76 76 13 135 141 56 178 196 241 14 126 160 39 35 192
    232 28 80 84 111 122 184 221 172 49 161 251 128 17 215 218 35 165
    173 250 233 132 120 81 203 149 136 42 222 71 57 79 218 129 232 39
    226 123 197 234 71 92 240 29 54 129 53 128 61 49 97 236 82 23 45 132
    69 78 46 172 133 38 59 61 7 110 231 61 214 119 176 1 218 246 237 88
    176 81 11 113 250 204 148 187 107 164 57 238 240 101 17 109 1 159 44
    122 69 117 62 138 250 189 62 184 57 214 127 236 252 207 135 79 84
    250 22 213 245 133 127 125 43 0 183 85 99 63 126 74 58 68 237 143
    143 215 41 163 192 53 193 173 190 72 206 89 67 131 112 231 152 28
    187 25 83 51 52 135 242 188 67 154 83 3 97 171 162 11 24 5 186 132
    126 242 108 171 251 68 191 17 218 191 38 113 71 124 144 223 240 221
    230 102 209 206 179 67 203 8 57 239 185 204 60 122 84 6 13 41 145 77
    224 30 184 222 141 109 122 203 228 81 210 176 226 90 79 10 84 122 84
    16 216 176 70 211 12 82 36 108 235 163 250 226 112 62 225 50 170 194
    156 209 62 38 148 152 172 59 25 133 65 37 89 216 12 254 243 144 50
    126 134 251 47 134 236 224 126 252 154 194 35 106 209 150 102 2 141
    163 176 192 201 228 44 176 78 127 140 254 227 63 193 213 63 106 245
    172 155 166 117 166 74 5 228 207 164 3 149 235 18 239 46 99 11 253
    41 48 244 41 98 108 162 153 207 19 15 149 125 54 44 164 115 251 26
    148 172 198 203 32 64 22 189 41 205 37 139 90 62 68 250 102 80 220
    57 1 170 124 1 136 200 247 74 66 144 35 219 210 194 29 9 124 136 175
    19 110 95 254 101 84 48 0 122 201 12 70 126 234 158 115 89 158 211 1
    123 46 134 136 253 214 65 211 191 7 93 59 170 65 126 8 2 33 186 58
    12 122 195 93 248 66 188 35 77 27 53 73 10 18 60 216 58 37 198 20 46
    158 24 155 169 16 153 37 230 65 105 17 87 28 168 142 224 7 210 231
    195 28 182 193 158 102 6 219 203 126 169 20 167 227 0 11 16 202 52
    168 163 170 207 64 46 125 83 96 72 231 214 169 228 155 246 197 141
    128 185 251 205 119 160 140 148 253 37 148 188 105 86 202 169 81 49
    7 148 91 78 239 207 94 223 150 170 234 99 11 212 167 202 23 156 39 9
    5 193 22 35 179 28 164 140 39 19 150 143 31 163 63 172 63 76 111 14
    201 163 94 13 177 133 127 51 11 170 52 191 63 47 118 136 31 146 206
    106 220 249 136 144 78 102 176 162 185 164 206 219 175 37 16 223 77
    194 107 152 201 61 155 225 145 70 58 89 1 21 6 182 67 193 33 240 225
    107 14 151 56 98 131 231 175 221 96 216 226 239 20 224 34 47 7 164
    143 193 43 146 121 111 208 106 142 186 197 251 39 146 100 45 80 174
    49 94 6 106 14 118 196 233 97 114 150 31 241 46 171 106 119 153 199
    129 132 66 222 181 39 36 189 202 4 215 83 110 41 96 2 74 55 38 91
    156 133 99 164 82 35 86 66 186 52 157 167 88 220 161 193 12 111 186
    68 172 185 242 119 196 100 66 33 170 146 28 26 119 6 236 249 220 106
    83 2 161 200 19 184 61 124 60 49 211 47 236 173 136 64 100 126 13
    252 254 254 151 73 50 171 121 108 219 125 160 34 79 85 6 245 230 238
    65 173 250 20 43 204 116 69 84 164 113 220 174 63 3 163 61 115 87
    177 240 153 17 209 36 116 64 7 192 70 7 117 174 63 237 210 102 205
    50 170 169 135 14 116 238 2 170 230 49 247 226 122 212 106 50 191 37
    117 158 24 80 17 1 163 33 55 76 162 98 79 124 247 199 4 14 212 3 217
    91 153 60 185 225 159 130 99 238 211 237 106 211 127 80 62 114 118
    49 213 51 32 56 71 99 175 238 159 109 36 147 227 198 102 191 244 70
    122 161 139 22 222 39 187 18 48 66 57 17 205 23 207 172 225 240 113
    90 170 212 140 127 6 211 72 207 65 147 157 124 21 195 26 204 118 63
    127 37 37 147 121 96 191 156 30 251 63 166 94 158 254 176 1 175 137
    11 152 181 239 102 210 28 47 180 239 10 124 45 143 27 158 166 77 206
    33 35 19 66 159 112 130 96 132 201 217 53 178 45 130 40 154 239 199
    207 253 13 166 189 149 133 165 242 155 169 178 108 18 255 2 39 8 235
    151 77 62 214 159 132 131 186 152 18 79 160 240 24 141 95 222 20 172
    138 133 3 21 134 104 156 98 153 132 226 243 223 72 103 89 67 233 151
    82 56 55 83 159 127 109 122 142 146 116 225 125 7 229 250 196 98 59
    41 87 166 11 181 165 225 44 243 126 188 46 234 163 199 137 151 18 24
    202 31 163 229 148 84 184 167 143 108 3 229 197 163 242 38 78 154 94
    94 123 228 84 244 19 129 116 29 128 32 19 77 28 237 96 132 26 180 28
    108 200 195 137 85 45 145 38 245 106 182 171 34 29 46 16 68 133 242
    56 125 46 111 190 178 50 78 47 6 173 33 185 228 139 147 211 110 25
    127 83 251 218 9 9 6 108 206 134 75 83 20 134 135 155 47 195 214 43
    63 153 65 235 91 65 215 119 43 139 53 14 85 68 180 158 208 237 41 32
    21 168 176 24 247 68 66 28 129 118 252 19 23 182 214 166 143 135 216
    183 94 232 219 112 104 182 220 100 243 82 50 92 137 0 167 67 195 148
    217 108 104 193 158 42 213 129 36 97 217 232 37 79 194 242 3 229 25
    212 134 115 184 123 133 239 136 53 94 28 174 77 30 95 209 156 141 56
    172 219 216 100 93 73 151 179 210 225 245 12 252 14 196 72 34 114 9
    134 62 142 111 48 43 223 153 155 171 104 221 87 240 206 24 15 65 36
    67 241 244 82 71 86 131 97 222 167 105 237 76 201 60 224 112 100 37
    84 24 165 79 208 254 201 117 34 12 218 57 117 120 204 243 93 130 118
    205 246 128 88 244 141 217 27 153 192 67 221 206 87 201 144 230 131
    20 135 156 255 207 7 46 162 90 72 161 142 39 97 178 140 124 111 114
    181 74 243 136 111 64 232 152 144 10 28 178 91 244 228 122 152 0 141
    78 140 8 81 117 34 133 24 242 239 229 146 21 1 27 61 175 73 23 255
    43 216 185 221 122 203 205 89 178 16 195 49 118 22 247 67 10 205 161
    60 64 18 251 87 104 56 105 64 145 110 213 43 31 70 61 44 206 87 165
    224 43 104 2 14 87 127 205 158 83 107 68 88 156 175 152 83 13 83 220
    252 139 226 252 109 238 166 229 116 140 198 192 111 236 80 31 216 60
    217 246 131 14 138 254 4 204 157 190 170 72 224 131 220 164 138 45
    52 114 49 151 122 40 14 174 15 25 216 254 158 151 155 225 56 120 184
    82 164 241 64 66 69 12 143 91 102 123 143 2 127 131 54 29 206 225
    183 159 38 135 135 151 70 168 202 1 163 116 40 61 243 91 137 166 25
    230 7 228 72 245 239 111 226 137 18 37 206 245 53 233 134 103 207 43
    220 225 66 23 224 171 148 165 2 228 244 88 58 180 204 218 212 187 58
    150 230 205 70 2 133 21 172 133 247 109 251 234 142 158 193 66 220
    220 176 244 171 205 49 175 211 21 216 76 133 19 178 1 63 142 192 222
    217 217 173 53 215 30 114 0 254 14 89 57 14 122 55 111 44 168 108
    157 163 221 244 153 237 238 11 193 202 81 123 33 249 171 91 139 67
    196 212 143 176 227 213 161 2 176 49 29 230 236 110 56 4 144 219 82
    200 154 250 172 106 155 54 211 173 170 15 245 119 196 1 7 168 140
    248 131 9 233 61 170 213 10 186 40 44 236 245 48 193 141 66 234 202
    136 100 237 56 240 179 99 73 54 233 190 107 90 192 25 5 27 241 5 23
    181 17 16 181 2 37 88 19 60 158 211 146 95 144 251 181 225 188 106
    130 246 38 14 131 79 89 160 252 3 51 84 226 212 10 187 209 251 3 36
    108 119 89 24 21 53 46 179 242 228 28 94 145 168 249 78 250 243 226
    240 14 159 82 180 241 33 198 156 152 54 9 64 59 172 231 87 60 83 69
    207 54 167 231 216 253 228 254 77 203 231 27 227 170 204 81 168 235
    0 105 31 179 213 130 90 224 17 67 63 252 122 109 38 36 229 50 120 91
    114 185 201 143 185 107 89 12 38 198 28 86 160 30 20 29 154 68 130
    199 226 236 182 89 135 63 214 59 123 28 40 242 56 12 224 92 85 243
    20 114 58 107 230 34 73 41 94 122 239 179 115 52 216 248 148 17 132
    83 18 252 175 250 139 109 197 162 234 150 96 69 210 242 143 129 3
    114 123 47 230 36 74 12 47 187 207 57 149 91 252 59 164 192 0 9 112
    69 14 39 170 251 179 170 135 17 16 10 104 132 41 89 228 114 45 233
    226 244 198 43 134 186 52 188 93 175 158 159 29 127 104 144 210 109
    41 8 238 124 205 89 10 19 211 79 186 233 38 117 137 77 22 162 172
    182 44 51 7 100 229 123 10 154 253 35 173 200 20 139 81 84 228 149
    125 48 84 230 190 138 39 38 57 124 79 220 32 166 43 71 98 106 118 96
    10 246 229 242 232 19 34 5 250 105 170 242 108 26 36 171 179 248 133
    177 175 73 107 0 106 75 230 215 22 250 166 189 29 213 2 168 222 65
    146 234 210 196 189 161 193 170 172 119 124 49 30 13 14 202 225 241
    253 205 31 26 196 130 184 5 37 47 88 187 190 79 84 227 69 104 143
    225 164 184 89 162 249 104 255 52 125 130 72 130 239 252 114 137 254
    206 117 27 109 189 113 39 102 122 38 215 189 45 48 94 169 108 183
    121 53 152 28 129 144 69 13 93 16 19 15 224 71 212 33 32 162 212 40
    53 187 174 217 64 232 219 164 18 254 62 118 152 189 2 145 81 125 127
    20 156 199 254 245 204 180 105 118 53 174 203 141 11 6 50 248 44 234
    127 184 231 19 16 222 188 181 21 69 126 92 187 200 12 122 22 98 214
    157 174 241 18 252 163 126 20 207 173 191 132 9 189 111 210 208 25
    236 238 41 204 116 73 37 182 74 231 99 194 177 223 47 134 196 25 112
    2 14 104 179 43 10 174 14 68 64 73 183 4 11 175 59 89 82 209 77 81
    252 204 178 142 58 250 28 153 13 192 140 126 72 131 113 207 117 168
    163 137 240 39 126 64 24 255 231 39 160 109 40 140 231 200 11 61 101
    12 234 177 22 19 253 149 75 10 53 105 186 181 244 96 254 117 161 186
    179 231 118 50 60 230 70 22 151 225 129 67 1 104 19 191 168 252 175
    201 3 243 54 150 55 20 113 151 52 124 111 120 8 1 10 85 170 244 139
    166 0 12 98 217 228 73 249 253 194 221 56 53 196 17 1 139 18 194 193
    74 244 254 215 146 36 136 146 170 91 216 160 67 126 212 192 227 67
    151 75 20 9 4 203 4 88 228 98 124 41 207 120 144 68 140 138 136 247
    148 124 218 115 93 170 43 253 232 246 209 59 203 89 72 1 240 57 132
    2 170 123 224 254 71 74 222 229 107 239 9 248 197 253 54 250 9 35 75
    70 135 19 86 23 231 41 77 13 39 34 178 138 64 118 169 138 20 71 152
    147 175 2 210 11 69 216 110 109 141 129 104 64 162 16 0 210 119 124
    194 128 5 241 167 242 114 163 219 17 38 63 38 55 201 91 149 93 198 5
    70 238 156 168 113 249 25 191 23 56 203 0 223 144 154 109 94 246 181
    189 116 217 204 226 95 154 155 175 134 95 22 234 3 198 20 200 185
    135 31 95 146 130 68 73 191 168 87 73 40 247 187 153 251 51 227 139
    248 64 211 219 19 47 15 13 183 68 164 52 139 101 176 210 201 227 105
    74 36 174 255 109 236 186 89 47 101 126 137 151 109 165 5 56 42 85
    247 63 246 232 65 1 186 172 59 108 167 214 30 1 105 147 68 252 17
    132 156 95 240 160 255 47 211 101 0 51 161 25 221 202 194 70 160 229
    76 53 22 18 204 152 218 231 16 218 94 227 35 225 205 154 236 131 52
    214 224 49 67 90 88 124 193 152 54 85 212 251 71 121 170 207 0 63 60
    158 200 6 24 197 227 38 57 2 154 97 66 105 157 72 100 255 189 235
    180 30 54 175 102 61 227 152 213 167 160 111 223 235 218 182 5 186
    228 77 80 142 107 207 193 92 117 131 30 208 22 26 197 249 59 158 4
    128 182 200 24 212 15 101 132 15 46 70 158 2 73 161 176 51 205 129
    198 190 183 65 134 243 140 224 176 155 98 69 89 74 31 130 105 7 41
    246 42 109 125 132 38 52 40 42 93 11 145 87 91 203 211 143 34 84 57
    14 24 57 157 233 13 146 235 71 227 226 107 84 39 170 143 8 136 37
    224 221 208 90 10 94 123 16 222 93 182 134 130 28 10 3 2 105 11 126
    92 108 126 32 228 18 182 109 144 109 9 88 45 132 144 246 70 127 52
    249 187 23 152 26 239 205 203 203 11 101 52 22 237 24 116 108 161
    225 7 242 246 101 90 104 195 173 51 91 3 156 101 156 115 230 122 12
    36 162 225 185 186 103 122 87 199 150 235 43 58 22 80 10 77 102 150
    50 61 233 98 242 17 237 32 103 186 171 49 125 237 17 33 240 70 120
    243 165 35 67 27 245 0 28 145 44 147 49 46 173 210 100 94 103 152
    199 74 114 212 157 192 36 66 228 143 146 24 35 198 158 44 86 87 68
    231 163 135 224 111 67 205 153 92 142 36 93 240 17 68 132 81 253 250
    193 118 233 245 242 210 237 8 23 226 226 153 60 84 157 180 188 99
    182 85 138 187 26 60 14 155 165 217 14 64 41 126 182 60 226 7 32 244
    113 135 202 7 97 119 212 89 219 77 228 12 62 205 7 115 4 91 111 33
    104 36 20 20 147 203 225 104 188 72 49 255 178 64 6 115 69 75 136 60
    105 41 244 223 250 62 23 79 156 31 245 156 108 170 226 32 227 191
    138 25 120 1 97 232 154 51 168 76 54 21 196 206 38 163 124 186 71 56
    209 58 165 146 63 139 53 200 213 45 166 97 217 154 199 117 141 33
    198 124 52 94 160 202 144 159 124 246 189 114 128 91 253 84 236 130
    12 64 23 221 156 129 150 130 101 168 201 41 17 198 124 101 151 3 45
    150 190 137 184 210 19 166 220 31 30 200 219 165 175 15 65 231 243
    68 130 54 42 244 205 193 149 121 169 50 4 224 61 132 63 5 41 74 221
    64 95 149 128 25 27 2 17 194 68 103 218 237 245 219 99 198 96 207
    231 189 41 22 66 217 3 79 101 239 230 15 238 179 19 252 49 185 87 94
    151 175 139 155 100 143 60 92 185 60 143 22 212 233 11 201 21 119
    240 118 13 24 146 12 16 94 139 243 189 128 242 26 6 111 240 135 14
    65 239 134 220 136 197 225 178 156 161 134 126 56 166 156 148 212
    230 223 4 90 141 75 133 30 112 125 106 68 45 230 211 86 243 126 181
    213 54 181 46 131 111 179 109 231 33 170 51 166 165 251 89 47 70 215
    154 12 251 95 113 87 85 240 137 21 8 190 10 1 106 122 195 202 71 112
    18 85 233 106 60 162 82 53 138 13 104 126 133 38 248 101 210 9 230
    191 9 61 88 178 183 58 90 142 253 179 53 220 10 135 1 76 42 177 72
    80 62 118 100 210 255 228 194 136 160 249 241 228 246 74 251 119 142
    41 91 126 109 175 236 110 213 154 112 27 109 44 66 124 148 196 50 19
    45 201 235 154 29 50 179 104 251 242 190 102 245 19 185 52 179 242
    223 70 69 13 200 180 87 179 167 205 108 54 159 252 201 69 69 60 125
    62 33 254 218 207 171 123 140 141 44 147 244 187 219 231 142 77 8 56
    103 56 25 237 224 243 122 227 82 74 40 89 185 12 22 167 162 37 196
    189 184 217 27 25 85 170 149 76 206 184 251 57 132 213 66 241 144
    153 228 232 64 43 181 180 159 143 100 165 155 89 213 104 236 207 131
    111 22 7 75 133 221 22 57 179 135 11 183 77 207 86 160 30 94 2 35
    100 19 91 29 54 100 157 37 170 75 168 107 1 124 37 189 103 236 15
    199 141 54 207 155 116 95 236 253 166 231 200 200 92 26 132 81 32
    243 178 164 213 7 239 198 154 208 126 26 100 133 110 90 115 75 52 19
    230 224 54 74 96 37 87 90 214 31 115 181 246 202 19 25 251 131 193
    148 255 154 175 96 253 247 205 108 168 149 247 99 149 73 102 164 103
    24 15 207 20 149 203 85 62 115 80 237 34 241 41 33 148 67 98 177 136
    183 141 15 150 224 253 255 140 235 195 209 140 171 111 133 6 148 145
    8 135 82 205 96 208 148 119 78 13 32 71 204 116 141 118 67 29 222
    248 112 113 113 44 170 137 49 247 165 5 27 140 161 57 141 23 157 97
    73 55 212 43 23 190 74 121 163 193 151 222 213 9 139 102 94 226 128
    97 22 71 37 207 151 72 233 174 19 162 55 250 36 251 35 62 233 148 6
    248 74 42 113 213 184 14 128 34 149 53 244 140 241 79 98 155 243 204
    191 195 62 177 58 64 230 44 234 160 251 117 101 243 46 96 102 139 57
    26 138 48 135 194 189 128 113 156 238 63 94 132 120 58 174 129 6 197
    78 149 236 232 127 21 60 164 239 208 200 218 124 117 184 198 79 65
    80 246 44 0 137 3 8 194 25 184 144 68 112 170 39 231 220 36 131 18
    229 45 172 130 23 251 199 229 72 219 73 225 42 9 58 242 103 238 156
    179 229 87 144 18 2 126 40 179 238 31 206 172 164 223 179 143 235
    160 113 189 177 255 217 36 15 108 169 218 49 85 213 82 226 139 96
    255 231 9 207 252 23 123 104 32 64 222 126 51 255 171 20 228 104 252
    2 117 2 148 126 116 154 107 36 78 158 57 230 62 155 251 238 6 221 95
    198 0 223 112 238 116 178 3 152 150 54 236 143 117 92 169 74 67 83
    186 13 192 183 93 69 83 84 72 57 38 91 32 161 34 130 105 68 237 120
    15 12 194 134 8 17 51 67 226 27 58 211 228 152 213 198 239 188 104
    171 240 245 200 250 126 83 61 47 167 195 225 30 199 84 99 159 209
    159 149 102 102 194 164 69 81 99 49 122 250 14 206 11 104 93 219 123
    217 104 187 115 221 48 96 124 25 149 68 157 26 121 25 12 45 42 187
    232 6 185 109 125 48 125 255 142 165 205 213 43 235 192 38 99 249 99
    117 40 131 74 172 44 130 79 4 197 241 88 58 9 184 161 8 7 72 72 27
    178 82 197 142 18 216 242 198 155 232 235 213 26 139 60 189 43 254
    255 8 140 16 97 69 45 2 95 250 131 178 231 233 119 170 28 134 24 13
    38 113 4 197 129 29 251 30 247 31 4 76 4 181 89 212 139 111 52 178 4
    152 79 38 16 104 176 60 77 216 56 216 181 37 171 123 64 19 124 117
    254 235 246 198 142 187 87 216 231 181 215 217 1 255 104 75 159 65
    53 25 67 112 182 11 12 33 121 163 166 145 210 7 141 180 236 2 116
    129 90 181 210 242 250 83 11 71 63 53 233 237 22 2 25 226 223 106
    231 58 92 159 127 251 221 146 95 190 183 27 204 149 152 147 85 155
    248 93 22 77 211 240 223 159 154 70 175 155 236 101 189 167 136 75
    221 23 142 142 251 123 105 197 10 220 18 182 212 135 185 253 134 164
    129 38 163 205 180 230 141 49 10 151 119 189 250 128 152 177 208 123
    22 143 79 252 41 237 235 157 104 170 176 113 248 135 136 11 59 131
    49 100 22 16 99 142 239 232 169 133 98 191 155 82 2 18 212 255 196
    207 216 175 67 179 33 176 71 125 166 153 222 155 56 170 115 69 30
    139 70 44 104 72 73 146 82 89 100 202 249 105 127 175 64 194 127 49
    106 57 11 207 233 65 186 110 149 209 224 19 89 169 223 14 135 191
    103 11 32 11 196 137 188 35 229 249 169 32 161 208 73 124 215 41 220
    213 193 15 55 139 253 124 31 99 142 136 211 109 186 75 35 163 25 1
    240 66 35 76 38 137 100 150 118 16 38 155 101 232 186 182 72 109 122
    10 163 108 245 22 107 121 223 124 179 143 71 236 235 62 130 37 105
    42 96 222 158 185 94 44 244 146 1 243 211 217 246 206 0 205 115 122
    214 99 127 204 211 40 254 152 108 60 242 125 129 57 196 171 233 251
    199 48 141 145 34 155 162 6 164 6 219 206 70 217 234 80 24 245 3 12
    134 102 79 223 74 162 96 132 36 43 75 3 159 255 216 48 199 27 167
    198 180 90 156 47 235 57 30 198 242 101 148 132 165 231 228 215 4
    114 177 78 107 53 93 114 191 217 240 156 100 251 132 82 214 172 53
    252 139 196 158 196 165 224 252 14 253 18 6 64 138 68 96 172 12 200
    79 194 62 101 150 243 6 85 182 99 144 166 176 16 113 132 113 213 179
    34 165 92 206 101 230 59 37 142 231 103 241 227 52 168 76 38 72 251
    224 197 113 103 210 119 195 175 234 184 246 197 81 152 44 1 155 77
    140 254 10 119 198 117 147 118 22 76 120 231 29 177 133 12 255 251
    79 191 73 18 121 127 171 204 72 190 129 249 175 23 216 69 161 17 158
    153 111 149 87 179 190 237 125 195 31 4 135 149 37 140 17 215 131
    154 252 21 104 242 105 74 107 215 203 93 223 218 194 113 217 123 22
    12 121 176 125 75 234 117 167 63 60 141 238 60 105 181 109 193 51
    224 93 147 144 167 125 95 239 169 12 158 135 111 160 200 40 247 225
    180 180 56 205 200 13 132 165 56 161 182 115 18 221 195 178 152 43
    200 1 118 125 111 34 203 227 163 167 58 239 215 197 32 13 201 237
    174 15 168 4 252 139 8 127 50 226 255 219 207 231 245 33 76 119 135
    213 48 174 15 215 99 120 217 163 172 109 246 216 64 11 65 2 84 163 8
    213 15 111 91 61 90 65 203 108 88 32 220 90 219 34 67 76 54 204 26 5
    231 199 66 107 108 93 182 2 206 170 215 166 122 172 205 134 218 39
    140 17 95 124 65 100 153 183 12 242 92 154 94 39 58 220 191 38 81
    109 28 62 183 13 229 239 18 57 132 215 42 124 75 241 216 139 74 173
    166 221 34 45 89 250 248 66 62 38 54 230 32 64 27 169 175 86 250 203
    22 85 90 72 91 218 165 200 52 37 122 36 1 234 134 243 64 227 97 97
    155 159 155 129 248 29 97 12 191 237 24 40 47 76 236 202 204 58 36
    189 109 88 34 67 79 137 198 249 44 207 101 28 58 73 34 9 2 243 119
    238 252 189 2 122 8 31 215 155 61 44 176 32 173 77 31 250 157 178
    136 181 217 242 152 243 97 199 83 85 238 200 119 176 19 45 178 140
    36 216 48 145 90 207 201 40 24 44 3 103 65 155 162 129 227 199 71
    131 112 55 173 121 120 133 18 97 24 141 220 130 89 197 55 190 16 48
    76 71 31 49 245 75 27 94 87 45 94 116 27 41 225 194 44 24 46 102 88
    86 244 32 187 91 173 169 212 194 56 134 115 140 69 40 33 46 125 242
    11 233 230 90 188 170 254 197 25 147 99 180 165 37 237 184 61 104 90
    185 193 47 46 166 122 250 129 198 175 218 28 122 69 73 66 7 228 187
    81 65 2 134 0 77 123 92 173 95 139 192 121 252 178 232 51 89 30 99
    166 55 226 216 182 79 83 214 152 88 47 87 148 4 90 148 253 221 64
    112 221 114 128 193 19 150 173 4 125 142 34 98 204 57 192 95 121 236
    57 76 17 245 86 39 126 34 69 59 243 13 50 192 217 42 160 237 169 171
    154 182 117 15 114 207 147 230 76 13 11 183 130 49 223 49 127 60 91
    19 37 11 147 37 254 235 237 253 112 50 128 53 200 164 80 138 236 55
    249 23 53 210 144 57 218 18 61 107 16 151 37 218 103 206 208 35 140
    144 129 190 26 237 102 218 79 0 217 151 154 89 211 72 119 223 13 100
    163 134 221 210 248 129 219 82 54 204 88 40 24 6 20 204 58 136 43
    158 12 174 141 127 88 198 44 212 66 157 204 37 212 147 204 11 155 86
    252 120 44 110 239 210 133 186 27 7 116 229 125 139 204 113 23 1 51
    214 100 68 109 18 98 202 9 126 26 56 162 133 62 240 166 108 100 153
    69 126 194 73 2 226 39 152 205 71 250 51 162 100 138 168 150 232 151
    0 156 228 58 245 6 145 172 189 16 194 26 147 247 231 245 17 37 237
    190 184 160 61 176 82 113 252 61 64 122 196 9 99 109 207 174 109 80
    61 232 230 133 214 212 213 19 248 234 43 170 43 37 217 199 242 194
    116 58 55 11 77 155 90 75 145 31 108 214 143 189 47 182 186 138 74
    146 34 181 0 143 169 168 77 237 146 9 133 17 3 211 241 210 232 158
    198 168 153 108 220 14 24 157 236 103 35 162 79 135 252 209 51 72
    220 77 117 44 180 50 217 168 134 60 128 156 32 103 32 13 253 97 200
    3 215 78 182 229 25 72 48 44 22 249 172 58 175 243 88 246 103 74 173
    190 73 232 198 124 88 100 119 102 176 137 31 151 27 121 39 223 170
    36 145 131 2 171 20 211 55 163 3 194 143 238 123 59 168 46 109 57 46
    148 85 236 20 145 167 146 210 210 191 128 185 22 234 21 122 35 79
    174 221 195 21 106 233 240 2 132 62 222 125 179 153 49 34 241 176
    123 57 191 160 185 56 141 51 41 207 219 105 64 133 199 8 60 27 186
    177 237 185 20 198 50 54 97 198 205 147 36 222 46 88 104 138 236 171
    233 220 222 85 232 115 49 70 35 104 30 119 250 227 35 54 55 137 153
    188 199 205 24 255 114 110 104 177 152 151 55 230 68 204 60 184 66
    34 89 185 179 96 161 198 210 61 124 18 113 36 14 44 8 15 97 178 35
    74 75 30 211 159 51 32 80 71 32 19 30 181 192 102 153 174 127 62 156
    29 205 100 214 166 117 232 132 240 134 84 170 249 47 110 141 37 58
    78 206 192 87 203 255 228 138 47 1 235 235 185 116 228 113 122 45 93
    162 32 121 177 47 13 147 24 235 249 129 70 166 46 99 69 219 99 35
    160 255 218 45 239 91 26 134 155 134 221 194 123 240 228 17 28 208
    44 79 83 44 121 212 129 216 19 198 255 86 73 119 55 72 87 54 160 172
    139 97 182 160 72 131 115 31 94 114 216 144 114 130 80 176 140 186
    26 28 221 19 157 162 205 23 117 47 209 163 234 51 102 104 248 186
    130 175 133 17 174 17 101 56 128 211 152 68 209 162 242 10 52 56 101
    14 181 17 26 244 254 78 94 95 237 1 115 159 227 179 10 34 185 180
    119 63 76 102 26 152 14 17 215 48 253 80 240 105 58 113 84 72 217
    227 22 239 237 135 140 193 29 86 58 219 70 164 103 36 84 72 100 146
    3 186 220 207 127 210 64 183 229 161 193 216 182 13 59 186 116 43
    151 158 101 224 216 109 153 137 228 211 58 215 79 39 200 178 25 94
    44 104 123 130 164 71 47 112 44 20 113 170 40 98 213 102 223 12 107
    22 25 235 193 220 118 27 98 198 124 57 144 152 87 92 193 193 154 190
    157 237 3 75 168 28 131 189 189 119 74 49 186 180 127 0 169 85 115
    65 77 138 180 245 177 29 244 74 97 88 215 9 161 2 37 170 181 106 160
    156 140 37 17 103 234 202 134 29 156 140 68 75 67 182 19 74 210 18
    187 143 71 98 25 79 166 28 217 106 138 125 29 76 233 13 70 93 108 16
    68 42 5 94 9 254 52 2 241 175 178 43 104 244 119 149 98 176 43 74
    241 0 250 179 187 236 92 177 94 81 185 245 125 119 212 5 97 96 141
    210 22 140 81 155 121 18 243 47 152 248 7 58 52 215 89 245 68 155
    205 225 41 37 187 88 249 101 188 142 28 139 29 21 119 29 65 38 218 4
    179 73 226 11 157 162 24 137 208 57 2 10 194 129 147 127 1 186 99
    239 101 35 201 36 75 83 138 174 243 55 190 154 191 96 31 113 87 59
    179 250 155 94 14 107 163 87 102 32 249 226 208 184 88 83 161 50 57
    104 104 211 65 239 129 177 252 248 153 212 69 1 115 235 10 137 32
    162 3 238 11 56 155 30 119 229 63 146 251 237 50 74 103 121 156 222
    206 72 92 37 73 54 83 120 140 0 112 25 22 145 184 133 203 249 101
    182 162 43 54 50 250 77 187 70 203 162 175 195 237 211 92 141 228
    135 170 232 190 11 83 135 252 190 51 254 241 102 31 148 130 74 217
    177 214 71 238 207 209 25 55 239 214 38 52 67 122 226 176 145 57 48
    175 69 133 91 204 27 252 249 173 190 140 18 113 122 57 158 242 107
    100 20 109 169 167 59 111 26 171 136 206 38 18 197 162 198 240 88
    161 201 48 39 97 105 191 82 73 152 26 78 14 25 35 216 213 126 62 10
    217 215 127 241 176 109 205 63 222 253 240 87 44 147 23 105 251 255
    240 101 214 236 21 187 22 184 246 196 17 67 169 109 234 248 186 117
    49 87 125 67 156 162 214 122 132 208 26 51 7 137 73 5 165 176 36 87
    85 65 122 237 47 139 118 78 22 217 78 151 57 65 136 111 120 112 76
    228 141 105 42 212 152 58 143 31 182 176 102 24 85 218 189 149 56
    236 109 111 89 225 161 207 121 76 109 207 50 3 247 49 47 180 85 124
    13 225 11 16 65 161 67 171 176 234 142 142 253 38 187 189 143 28 228
    3 209 178 33 165 121 193 172 248 33 226 121 250 111 134 121 122 76
    69 241 87 126 38 177 225 115 177</data></test_img>
<my_img type_id="opencv-matrix">
  <rows>100</rows>
  <cols>100</cols>
  <dt>"3u"</dt>
  <data>
    255 114 255 255 255 255 8 195 60 96 255 255 255 129 217 255 139 255
    66 104 255 255 232 3 96 188 255 255 56 162 255 176 202 9 157 255 182
    62 249 13 92 255 138 255 208 255 255 217 127 255 195 255 26 255 9
    236 255 255 19 176 255 172 191 255 255 219 255 255 77 108 255 255
    255 255 255 163 191 174 255 255 255 25 5 255 202 180 43 255 255 255
    255 255 36 174 117 255 110 166 183 255 245 225 166 151 255 255 230
    186 255 10 215 8 255 125 42 93 34 255 55 142 93 236 255 227 255 255
    255 55 89 255 125 114 255 255 255 132 109 164 225 52 142 64 10 73
    255 213 121 212 232 255 106 62 255 255 210 179 255 82 239 55 201 184
    255 109 186 255 255 188 140 255 164 255 136 65 104 140 255 2 120 255
    250 100 120 219 162 75 172 95 48 121 192 255 210 255 181 11 194 31
    26 5 34 161 227 255 255 243 92 49 191 58 255 153 113 255 255 249 255
    242 154 255 21 61 255 255 58 119 247 255 183 183 9 104 98 225 53 255
    255 255 33 73 255 122 22 255 225 255 51 43 255 83 81 255 208 234 255
    255 133 77 197 78 255 242 113 231 70 210 248 255 1 255 115 18 255 68
    202 232 255 155 255 217 143 84 199 82 255 85 66 169 108 255 243 255
    255 255 136 129 20 19 158 255 255 0 255 255 255 255 102 255 94 255
    227 255 255 236 255 112 27 255 21 255 225 255 70 255 219 32 255 153
    219 224 210 255 225 68 255 108 61 12 167 255 111 246 30 239 102 40
    45 255 255 62 27 255 7 255 61 122 5 255 255 255 255 217 255 255 122
    96 255 21 34 208 250 155 49 73 255 255 10 248 219 91 179 23 14 255
    255 164 207 255 255 77 255 199 255 23 225 143 121 161 255 255 52 92
    87 143 255 255 60 14 112 253 207 74 100 255 216 48 241 30 192 123
    255 255 255 255 188 164 183 158 51 255 206 181 142 242 38 255 26 212
    255 30 255 193 238 255 91 227 246 255 255 255 45 255 140 255 176 207
    85 7 87 255 76 255 255 135 87 255 217 255 255 190 255 49 183 217 255
    133 255 255 89 234 49 255 255 255 98 75 255 169 255 255 220 210 204
    255 248 255 221 236 9 74 255 172 22 255 119 85 255 255 136 140 212
    255 39 155 205 255 233 26 14 248 10 154 25 8 255 236 43 255 59 117
    255 255 107 255 253 219 9 255 60 255 255 255 255 166 255 116 234 255
    91 51 78 255 195 172 255 4 157 255 255 117 255 252 255 48 255 179
    255 70 11 114 195 180 155 253 232 198 255 3 174 255 137 135 255 255
    96 210 33 255 255 255 255 255 16 255 255 19 143 11 43 3 121 136 255
    32 30 91 238 187 237 140 255 253 255 254 39 172 48 255 234 88 159
    174 255 108 255 164 255 255 175 7 255 36 184 112 172 101 255 95 140
    49 220 137 189 157 97 117 255 87 132 255 255 255 255 255 151 162 255
    255 255 147 136 199 244 255 181 51 255 139 255 255 255 120 255 223
    255 255 122 255 13 255 255 248 158 108 255 122 255 255 255 255 78
    124 5 233 85 255 197 255 79 255 255 106 125 76 96 43 255 255 255 147
    36 255 96 231 159 255 255 255 165 174 83 38 2 214 255 251 64 255 99
    189 169 255 119 255 255 255 201 48 255 255 255 157 60 253 74 129 255
    255 255 169 255 115 236 134 242 0 30 206 255 255 202 255 255 74 255
    132 214 202 255 201 255 255 153 155 255 255 255 255 29 255 248 170
    87 255 255 166 234 51 44 255 255 196 21 255 255 255 175 70 255 214
    19 255 148 241 180 45 255 255 176 164 255 225 251 255 255 255 255 54
    255 255 255 255 197 227 255 144 197 255 255 124 210 246 146 255 11
    40 255 45 10 101 255 1 255 180 255 255 110 228 27 244 77 53 123 151
    109 255 194 255 204 255 191 19 23 255 127 43 255 72 255 214 255 66
    239 2 255 50 78 255 97 255 74 255 255 255 255 255 255 255 100 255
    126 130 170 255 55 169 255 212 162 214 204 157 255 134 30 17 219 255
    255 255 198 255 129 103 0 6 136 222 108 186 7 197 255 229 255 255
    255 255 252 255 255 255 255 255 255 104 172 0 255 83 15 255 255 255
    255 255 82 255 2 47 61 255 202 255 255 29 55 255 241 58 91 216 255
    66 43 255 87 65 31 255 176 255 255 52 255 93 47 198 255 255 173 255
    255 106 255 37 255 255 110 126 255 227 68 74 238 184 255 197 142 106
    23 82 255 191 162 168 69 143 87 197 155 151 120 2 255 232 255 140
    255 19 255 78 55 28 30 255 221 187 60 255 206 255 255 16 143 121 255
    255 221 33 166 146 132 255 23 255 120 163 164 255 204 255 118 255 16
    58 255 8 29 255 255 255 45 166 255 236 67 255 255 51 255 250 250 116
    157 137 255 255 139 255 76 111 255 176 242 255 55 255 53 255 154 255
    62 80 255 242 201 255 53 255 203 246 255 195 255 238 255 59 22 255
    255 98 255 255 255 255 255 179 255 19 172 174 255 87 82 255 173 255
    255 10 137 255 255 164 26 255 255 0 213 178 0 153 255 17 77 173 62
    255 255 229 255 9 110 255 255 255 102 255 255 254 87 255 78 255 149
    242 91 255 5 171 255 255 255 255 172 255 255 184 20 255 87 210 255
    191 38 255 47 12 255 239 255 255 43 255 234 255 157 115 158 44 151 7
    255 255 56 145 255 54 174 229 255 239 76 255 219 255 142 186 197 10
    196 244 26 120 21 186 133 255 255 255 255 82 75 255 4 79 255 232 220
    11 255 22 138 255 255 255 255 92 4 33 243 72 158 225 255 179 255 255
    76 255 255 255 217 221 113 255 191 239 255 61 109 255 248 131 186
    153 224 255 255 175 137 9 170 255 102 255 255 195 247 118 255 255
    255 59 22 255 255 201 229 255 55 255 255 76 217 255 52 255 157 129
    255 255 135 130 216 32 255 255 183 166 255 54 150 163 15 255 117 3
    255 255 190 255 255 192 255 140 239 255 123 70 255 208 246 255 255
    255 255 166 172 24 255 224 248 40 255 255 87 0 157 255 0 255 229 255
    44 142 250 255 255 80 12 234 23 164 227 132 65 19 109 255 238 208
    255 113 107 104 25 255 255 255 170 130 144 255 255 66 246 113 255
    255 43 255 195 255 255 29 137 202 66 195 255 255 143 85 255 147 146
    175 137 255 255 174 255 255 255 255 10 70 255 15 255 176 164 255 255
    140 70 255 7 14 106 69 255 255 132 255 255 253 255 189 0 149 91 153
    12 153 70 255 225 81 255 132 255 255 255 255 164 255 146 50 255 255
    102 49 147 111 255 32 225 168 205 56 15 236 255 28 255 255 255 216
    243 255 63 67 155 166 255 134 255 255 49 228 193 161 255 92 255 255
    190 255 40 17 255 128 166 255 243 15 66 10 53 2 255 200 255 255 149
    255 63 161 87 78 190 255 173 253 51 95 255 255 29 253 255 159 120
    223 213 15 74 255 179 255 26 255 255 82 255 255 80 101 255 93 174 55
    205 255 255 7 29 210 161 125 255 214 215 51 255 84 253 206 255 34
    255 255 255 111 255 206 206 255 132 124 255 98 117 229 68 255 155
    255 107 176 255 255 191 255 250 255 157 255 255 255 255 255 255 255
    196 255 231 109 193 221 224 255 147 79 174 255 234 255 255 225 110
    221 255 255 255 244 8 165 65 233 173 255 193 225 130 255 255 255 176
    98 190 233 255 58 255 45 106 255 132 251 30 255 184 2 255 255 70 255
    255 57 161 255 43 144 60 255 255 255 255 162 91 216 99 41 159 121
    130 255 49 56 174 131 164 255 255 96 204 242 255 255 247 255 255 191
    179 255 219 128 248 169 3 91 95 85 210 148 232 255 111 255 157 197
    255 183 77 116 255 30 255 193 146 188 255 255 56 153 128 255 234 217
    219 255 27 255 15 165 234 255 236 255 255 255 255 255 255 198 255
    255 229 255 85 255 210 212 224 199 183 43 13 80 5 23 69 234 17 255
    255 255 133 255 255 212 255 255 255 123 159 128 149 255 67 102 255
    255 58 123 176 255 166 65 75 53 255 120 87 255 255 51 255 255 64 255
    255 255 255 196 255 201 17 255 255 255 240 208 102 255 255 255 255
    255 255 255 3 92 255 118 79 255 40 255 255 82 255 255 255 255 255 30
    231 62 255 101 187 255 155 255 255 255 255 100 255 255 87 227 104
    255 125 236 37 132 255 136 188 49 99 89 21 91 255 178 1 255 98 255
    27 172 114 36 255 18 255 255 54 255 255 162 255 255 255 196 195 19
    174 216 110 67 100 246 196 255 255 70 255 255 2 255 255 255 255 170
    255 255 165 91 255 239 255 255 181 255 176 255 61 32 255 220 255 231
    27 178 255 255 255 132 48 165 252 20 21 255 255 157 255 255 242 245
    167 47 219 255 255 0 108 255 49 132 255 1 162 255 140 143 255 117
    255 45 158 255 255 255 220 255 255 94 62 80 92 174 143 255 255 19
    173 255 63 255 9 216 225 255 198 22 34 5 157 231 165 255 255 255 255
    255 217 29 195 216 99 159 59 132 255 190 75 136 18 121 255 243 255
    255 146 106 144 159 255 19 168 255 250 43 149 255 82 255 255 124 251
    104 137 255 255 41 255 40 255 48 214 255 132 38 255 255 255 176 149
    255 161 255 47 158 50 255 255 255 185 126 255 221 169 255 234 54 255
    255 255 217 129 198 108 255 137 255 30 88 255 182 98 255 53 25 255
    110 255 214 255 255 243 255 22 255 255 255 179 255 67 253 255 255
    255 221 159 17 255 47 255 163 16 255 155 22 132 255 255 43 255 216
    255 255 87 96 142 19 137 255 255 20 255 29 147 104 51 215 255 203 7
    161 255 255 170 51 72 255 92 181 255 191 220 255 201 68 255 231 92
    255 172 193 229 100 255 255 158 219 43 76 255 210 255 43 51 186 152
    255 11 255 212 232 255 42 25 123 255 38 255 170 165 149 255 47 239 4
    52 255 138 255 232 255 255 255 170 177 20 255 255 55 255 85 38 185
    194 200 255 128 255 255 239 39 174 44 147 255 27 85 234 255 106 95
    255 48 200 210 164 255 32 208 142 36 154 253 25 190 255 239 142 255
    25 255 210 255 255 200 63 255 45 44 154 255 255 15 255 255 251 255
    254 255 255 49 17 8 255 155 255 40 251 157 48 149 26 67 255 72 255
    55 106 210 149 79 91 255 180 214 255 61 4 255 255 80 24 255 255 113
    219 245 243 255 65 255 0 93 167 255 151 255 255 187 255 121 40 178
    255 255 225 255 70 126 255 255 255 166 205 248 28 224 255 240 255
    255 255 41 44 23 71 56 17 255 255 255 255 255 119 255 255 255 255
    215 81 181 222 255 220 150 255 224 255 0 62 255 121 30 255 2 177 255
    32 41 255 255 183 255 255 212 255 255 246 138 255 124 67 148 246 255
    231 98 14 117 74 255 30 81 171 248 255 147 246 255 214 255 11 142 87
    201 255 76 255 255 255 255 171 9 150 12 255 255 196 212 78 12 255 78
    51 148 255 10 206 255 255 30 255 5 76 255 255 253 227 255 4 188 9
    255 216 255 255 10 255 151 4 255 255 5 255 255 30 255 255 255 232
    250 255 219 255 255 255 255 255 255 255 255 255 233 54 169 216 255
    41 255 132 251 96 255 255 250 235 255 74 146 133 191 255 10 255 7
    255 255 255 255 53 255 22 255 21 255 32 255 255 138 113 196 255 179
    130 47 255 255 255 247 128 255 255 255 93 216 183 89 191 255 11 77
    236 204 162 3 64 12 255 242 201 255 93 146 232 255 255 65 255 255
    255 17 203 22 132 255 44 227 255 188 255 250 239 15 217 255 170 199
    255 208 5 135 163 30 31 255 183 255 62 73 198 255 38 147 25 220 190
    255 255 120 255 106 255 255 18 3 231 255 113 168 38 222 255 102 255
    255 135 255 255 194 255 4 246 147 85 66 255 255 7 73 191 255 155 255
    212 255 140 201 255 255 16 0 78 255 255 255 48 50 149 16 203 255 255
    255 51 96 255 255 236 159 236 255 236 55 255 229 108 255 195 129 255
    255 255 106 15 255 219 79 216 255 145 2 188 70 255 55 17 25 255 255
    108 59 255 255 255 255 255 255 32 112 43 2 255 153 22 0 85 7 255 140
    19 83 175 14 79 255 67 191 255 0 255 250 203 255 139 152 255 179 255
    255 157 198 236 129 97 255 139 36 225 194 205 91 203 255 217 242 106
    85 255 255 255 153 255 170 114 116 51 255 27 187 255 0 255 180 214
    204 161 255 255 166 12 255 255 36 74 128 31 255 154 255 255 255 132
    148 58 133 255 109 255 115 154 255 255 232 68 255 255 24 255 249 255
    53 140 255 163 140 142 255 245 72 255 255 166 255 34 255 255 199 193
    221 32 150 221 202 181 210 69 237 195 187 58 255 77 212 206 102 255
    180 187 255 248 255 255 193 120 255 255 128 255 183 102 31 170 255
    255 49 255 162 112 55 109 255 221 255 240 92 225 238 136 255 255 137
    255 36 82 255 255 255 19 255 80 97 70 161 255 255 73 255 255 129 255
    200 255 255 108 124 108 106 11 255 255 8 31 36 115 44 17 126 255 255
    246 17 255 43 255 252 179 39 119 255 217 255 30 255 255 192 176 255
    140 255 255 166 32 53 146 255 255 164 255 221 49 171 129 93 255 255
    186 34 134 255 75 153 21 222 255 11 255 252 1 162 138 106 39 91 197
    108 255 255 255 127 113 219 246 255 255 59 227 255 110 255 91 214
    255 60 38 76 255 13 213 255 195 89 12 255 45 255 115 146 205 255 255
    188 255 85 190 255 0 108 165 104 255 78 255 255 255 106 255 255 59
    183 40 255 255 255 16 84 21 213 255 252 255 255 219 235 113 6 87 183
    221 157 99 255 254 137 163 255 87 142 3 87 255 179 195 255 255 205
    255 245 51 255 14 255 206 60 167 64 91 82 106 191 34 13 155 48 106
    255 32 225 255 149 255 122 219 255 255 249 255 22 85 197 124 143 255
    209 246 193 255 255 255 255 106 255 203 255 255 255 87 255 255 255
    255 63 255 255 255 232 255 7 31 255 80 169 170 255 60 36 162 82 11
    255 255 255 203 85 255 159 255 255 78 255 217 255 255 25 44 236 255
    255 14 38 255 125 255 115 102 255 71 255 252 255 183 172 34 237 11
    63 227 49 255 53 176 71 60 64 113 80 193 16 255 55 202 92 255 176
    255 255 40 248 61 77 255 255 184 244 255 195 58 255 249 255 176 255
    147 32 168 255 100 255 255 119 246 91 255 254 203 255 175 39 255 3
    55 34 255 222 255 150 80 255 23 217 255 220 34 191 54 149 255 179
    104 240 161 126 255 255 255 119 255 222 255 228 255 157 255 89 255
    192 29 119 255 255 123 255 243 250 104 48 255 128 255 255 125 255
    255 158 145 255 255 10 59 23 255 255 234 19 255 92 196 43 190 255
    123 30 208 255 255 255 255 30 255 238 255 61 255 255 249 255 202 255
    255 245 61 23 255 159 255 169 65 72 109 229 240 63 87 253 125 255
    229 5 50 255 177 84 157 166 255 255 184 255 227 209 96 255 255 96 76
    255 234 231 255 202 255 255 140 115 255 255 125 255 255 255 23 255
    255 255 36 34 234 255 255 136 164 240 255 225 26 71 31 149 255 137
    98 1 239 15 234 10 43 159 248 255 210 255 255 213 150 242 184 227
    255 255 229 255 255 196 59 22 84 255 255 255 72 194 60 25 255 255 51
    245 150 255 132 79 255 255 149 253 255 128 214 128 147 255 232 255
    255 169 255 255 136 255 6 15 255 255 255 20 255 255 255 255 41 55
    157 255 255 255 70 255 219 147 75 236 166 255 255 184 79 197 80 255
    178 255 255 255 3 255 102 98 29 255 11 154 15 103 101 244 159 14 255
    187 255 255 80 255 234 255 255 255 230 196 98 143 87 217 100 55 123
    255 7 255 247 255 168 255 255 255 120 255 197 120 255 255 230 255 66
    45 126 255 188 255 255 247 255 255 217 101 83 180 150 255 62 255 255
    255 61 255 255 255 182 3 2 255 15 193 255 27 255 210 164 255 23 22
    255 163 255 255 255 255 79 255 107 159 125 40 234 43 71 27 191 153
    97 193 255 255 255 183 255 87 59 255 255 84 109 255 255 169 236 109
    255 255 47 229 123 7 137 255 147 120 110 255 142 255 255 255 255 255
    255 255 139 133 76 192 255 255 224 255 8 158 174 255 124 137 255 255
    255 45 255 128 146 235 255 172 255 255 255 1 255 100 255 20 204 220
    44 9 255 91 21 228 101 98 255 255 255 255 255 255 43 237 255 161 178
    255 255 255 43 14 246 142 169 135 15 55 114 255 212 255 70 22 149
    255 246 191 149 255 249 255 255 29 134 242 255 191 255 39 255 255
    255 42 71 251 96 255 138 136 243 73 255 202 255 219 255 255 255 49
    198 255 88 255 9 67 99 168 136 255 62 165 85 255 71 191 127 176 55
    255 255 255 79 255 63 255 227 255 255 117 253 233 70 51 255 146 97
    96 223 212 57 111 255 255 255 255 255 4 20 255 255 255 255 255 255
    255 80 108 255 16 231 38 255 53 78 4 72 8 255 255 255 8 255 255 93
    255 255 33 255 255 34 255 51 99 101 255 176 234 255 54 255 13 230 51
    255 74 224 255 142 255 255 255 155 2 228 203 255 255 29 47 255 2 255
    33 202 255 255 255 104 255 166 182 232 26 115 255 14 255 173 193 233
    133 108 142 191 27 242 8 251 208 202 255 255 255 255 255 255 114 255
    255 255 255 114 255 255 234 255 255 210 198 255 224 157 40 206 255
    61 247 255 255 232 46 148 166 94 119 201 70 47 155 142 231 102 24
    223 89 137 144 255 255 166 173 164 163 177 91 214 255 255 255 217 38
    132 115 255 214 154 255 255 11 246 255 188 120 153 99 231 233 113 3
    255 236 149 214 254 99 161 44 255 255 166 140 255 159 255 161 48 27
    255 225 255 83 255 255 255 255 255 2 255 109 89 255 60 168 49 140
    255 1 142 13 209 255 125 120 255 138 1 17 155 197 255 236 25 15 106
    255 24 255 37 255 229 197 225 130 0 237 255 80 222 28 255 255 165
    255 255 255 217 255 8 190 255 74 151 70 172 32 55 255 147 32 255 45
    253 255 205 96 255 253 24 119 30 118 255 255 255 38 33 128 255 93
    132 255 186 255 113 247 241 8 166 101 163 81 255 250 197 234 212 255
    152 49 254 255 255 87 196 255 179 255 34 99 214 255 181 255 255 255
    24 140 82 135 234 197 51 28 27 255 15 51 67 255 199 255 183 223 255
    157 87 132 117 255 188 255 88 51 185 225 246 136 216 255 255 96 20
    255 255 255 165 89 36 165 95 246 255 255 255 227 21 255 255 173 55
    21 255 67 255 142 255 255 255 255 255 255 255 255 111 17 138 250 255
    255 63 125 255 55 15 223 173 97 193 107 92 34 245 109 142 12 137 233
    148 255 255 255 255 255 220 140 255 96 255 0 52 255 11 255 255 59
    255 154 255 255 84 159 255 224 233 122 255 104 148 14 202 255 236 11
    37 255 255 117 255 176 255 255 255 255 15 70 150 222 217 166 255 255
    242 106 180 190 255 255 245 255 21 255 152 138 168 255 255 232 255
    255 255 255 255 5 249 255 169 255 182 128 214 142 3 255 240 82 255
    255 150 255 219 255 46 255 126 10 255 80 132 148 100 70 255 195 255
    21 115 255 214 255 63 195 246 255 78 12 255 236 89 255 255 255 255
    250 11 255 255 255 80 255 99 255 227 199 7 255 255 114 74 71 167 68
    135 152 151 95 255 255 36 255 55 41 210 255 128 43 43 8 20 255 12
    169 40 147 164 11 98 135 185 213 255 255 54 176 66 246 255 81 143
    164 255 191 82 166 255 255 255 255 255 255 128 58 246 4 97 255 172
    255 255 14 159 255 255 255 255 255 20 255 144 255 255 255 255 255 21
    200 255 253 255 255 245 210 102 1 255 255 255 255 6 255 120 255 126
    255 255 255 26 76 255 255 236 133 255 255 176 210 255 164 109 115
    255 220 255 219 34 185 70 255 89 247 255 174 223 174 174 255 255 132
    84 80 246 111 32 255 255 224 36 16 106 236 254 255 255 255 255 255
    166 255 206 206 166 255 124 48 255 234 203 255 255 255 255 255 255
    255 29 255 212 66 255 255 37 114 134 221 212 255 106 108 255 201 255
    255 23 249 255 43 255 200 144 111 255 48 147 255 43 227 89 30 214 51
    253 255 59 255 41 108 137 138 255 255 255 72 255 255 238 40 193 255
    210 162 255 104 126 68 188 186 255 255 39 108 255 255 255 250 20 255
    235 255 214 76 255 113 124 173 204 150 31 242 150 241 255 22 150 115
    238 137 229 255 231 255 255 215 166 21 53 255 188 255 255 202 255
    255 249 188 252 113 255 255 40 143 255 110 94 255 67 67 155 255 255
    121 255 116 255 56 255 204 255 2 255 252 255 34 168 26 140 255 255
    102 26 51 255 255 111 255 255 164 185 255 24 104 157 255 255 62 255
    227 47 51 240 235 41 255 49 255 255 253 36 236 255 150 0 120 255 21
    15 255 255 162 171 191 136 255 64 132 255 166 212 249 255 184 255
    182 32 255 117 255 255 157 255 255 255 19 255 255 76 72 253 34 231
    216 232 99 30 255 255 255 255 255 255 78 255 142 93 239 255 255 246
    187 255 234 6 255 255 255 206 67 59 181 255 255 22 72 106 58 80 255
    214 255 255 89 80 255 100 255 123 255 130 255 150 212 100 56 255 255
    92 61 255 58 255 148 100 255 229 172 133 255 132 255 180 208 255 255
    12 255 255 255 109 255 158 75 180 255 234 172 255 255 170 129 232
    255 44 53 255 148 255 255 232 5 100 169 212 64 255 255 49 58 255 146
    126 255 219 235 255 255 76 255 172 198 255 159 12 255 255 56 77 255
    255 31 42 23 255 200 154 255 125 161 123 255 93 70 43 58 255 219 255
    161 140 22 198 98 181 214 64 255 255 180 82 82 255 255 253 217 120
    109 182 255 34 34 47 150 255 0 255 130 238 255 255 199 0 121 162 255
    25 255 231 185 88 229 125 255 179 51 255 179 255 84 82 255 198 94
    108 121 255 76 100 220 45 255 111 255 103 77 78 255 234 255 154 255
    255 255 10 255 70 109 76 223 173 119 14 255 255 238 7 121 104 214
    255 195 102 255 65 255 21 133 138 255 157 255 25 243 255 255 255 255
    210 255 191 255 8 255 255 255 125 219 255 72 191 89 255 221 239 255
    255 70 190 129 255 159 250 254 255 104 241 202 255 33 255 102 81 20
    40 164 77 252 32 72 255 168 255 255 225 255 255 78 255 248 129 246
    255 56 212 255 255 193 255 186 239 255 135 166 102 129 255 255 206
    205 255 255 255 123 49 108 255 98 255 255 170 255 255 255 224 102
    217 222 151 255 214 223 142 255 210 103 255 246 202 24 240 103 14
    255 168 249 255 213 243 255 255 5 0 187 61 255 255 255 255 125 102
    255 5 255 134 255 36 255 194 140 138 255 85 255 104 255 255 12 231
    227 70 39 185 80 123 140 81 255 6 80 164 19 183 39 255 255 203 28
    177 255 255 67 212 255 255 255 255 241 255 216 100 82 72 124 255 182
    135 142 255 169 255 255 187 255 166 255 3 255 255 60 81 255 255 55
    255 255 255 255 255 9 191 73 9 121 140 212 255 255 255 255 202 255
    255 154 255 16 255 23 213 255 204 63 255 210 14 255 255 38 255 64 91
    255 23 158 150 197 56 255 43 255 82 255 126 255 134 255 255 255 184
    255 113 210 167 255 255 58 248 106 196 148 129 7 191 255 212 255 255
    73 255 255 166 255 170 137 255 255 0 174 245 5 102 154 255 255 197
    255 79 92 118 78 168 91 38 194 255 255 180 255 255 255 20 255 242
    232 8 81 255 255 255 7 4 36 104 255 213 2 255 253 255 255 220 255
    255 255 255 255 245 167 219 98 212 255 120 67 255 255 255 85 255 255
    255 98 255 255 250 118 255 255 140 149 122 51 255 109 255 255 255
    255 204 34 67 91 73 48 255 255 255 191 214 255 255 221 225 255 255
    255 255 44 3 42 102 246 255 82 255 255 128 39 170 5 142 255 37 255
    255 220 255 255 255 89 242 60 173 227 51 255 255 255 12 81 255 255
    255 161 29 216 124 181 117 255 75 57 115 123 255 93 142 57 88 225
    255 54 220 43 255 255 43 95 12 61 54 2 255 70 255 47 255 255 115 236
    255 6 77 91 178 147 3 255 186 255 170 255 48 255 124 255 255 70 184
    68 4 138 255 255 29 79 255 255 117 255 255 255 255 207 255 234 255
    255 54 63 238 169 80 43 26 212 255 255 12 255 225 12 255 255 248 252
    54 255 255 255 104 255 232 255 236 69 111 55 255 191 144 184 27 255
    132 255 255 255 249 23 223 255 255 137 65 125 232 255 197 161 84 212
    96 17 255 255 20 79 150 161 108 223 255 255 125 224 255 243 200 255
    95 255 208 188 118 216 3 255 81 217 234 19 55 39 255 49 255 144 255
    255 26 142 34 134 165 255 23 71 19 193 98 96 253 241 188 255 151 255
    255 255 149 255 51 255 255 175 255 38 170 174 255 255 255 59 151 224
    146 107 193 100 255 26 51 93 255 255 231 181 255 117 196 180 255 255
    255 187 94 62 76 255 6 255 19 255 158 51 121 11 207 25 8 255 95 168
    97 45 242 234 123 133 255 57 214 255 255 255 255 170 255 195 255 255
    46 255 255 195 255 54 255 217 62 101 252 104 113 255 142 46 144 33
    220 170 255 193 255 58 255 255 209 15 255 73 34 76 59 255 255 162
    164 108 157 207 30 99 203 234 106 255 112 241 142 206 8 255 102 217
    255 6 118 227 255 168 255 255 93 15 255 0 102 255 255 255 255 65 255
    255 203 255 212 241 255 144 255 63 96 74 255 93 255 234 255 234 217
    255 21 171 255 47 41 47 114 255 134 203 255 68 78 137 110 56 99 255
    255 113 136 210 255 255 239 142 255 158 29 255 255 255 112 100 149
    49 4 36 255 255 255 28 188 43 255 255 214 255 254 255 255 144 121
    157 103 44 255 190 132 255 36 181 233 59 255 62 33 232 255 139 232
    248 255 248 130 255 255 255 81 108 255 150 255 140 113 255 98 187
    193 255 70 186 106 166 135 255 255 173 255 177 159 68 82 236 255 219
    12 93 110 255 255 255 255 252 255 255 255 26 15 253 225 255 227 255
    255 28 255 255 221 77 55 200 99 99 219 255 215 255 249 255 255 208
    133 166 91 214 208 249 3 202 221 255 255 255 50 246 255 255 255 234
    3 255 255 255 255 186 186 255 69 255 255 11 0 255 15 255 216 197 15
    142 255 255 255 102 196 255 203 80 242 21 91 15 191 99 255 255 255
    229 255 229 255 47 255 95 89 7 172 179 255 146 131 217 172 255 224
    148 176 39 255 228 255 255 14 94 142 214 255 255 239 19 255 21 10
    255 209 79 189 120 178 78 65 255 255 184 84 102 227 224 28 255 24
    168 236 255 233 147 58 255 65 255 255 255 255 255 255 255 255 151
    255 108 255 255 193 255 255 255 84 255 255 153 116 255 213 149 255
    77 255 255 255 255 106 140 171 255 43 255 255 187 255 68 255 255 30
    120 255 61 255 255 255 77 255 26 162 222 255 220 58 255 255 255 255
    99 12 255 255 68 0 255 184 112 255 255 255 166 120 34 93 255 210 255
    102 74 208 43 182 33 79 59 255 255 255 48 255 255 184 255 42 255 55
    204 147 253 89 255 255 255 154 128 176 212 106 255 255 255 87 255
    255 34 124 255 255 255 123 255 151 43 255 255 46 78 89 70 255 135
    255 255 255 225 255 170 255 53 255 190 236 143 159 255 255 255 100
    255 123 248 255 255 25 81 255 13 18 159 216 165 3 255 63 198 255 77
    255 25 206 152 81 255 169 255 220 72 178 76 217 255 255 255 255 255
    255 185 14 255 204 88 143 255 255 31 62 255 255 255 110 157 225 146
    171 68 63 50 255 29 255 104 255 255 255 158 173 255 255 147 255 214
    19 187 255 203 255 255 166 255 151 237 255 128 87 204 104 97 255 146
    142 87 100 162 255 3 255 112 195 255 204 246 255 85 221 17 255 255
    44 53 44 255 255 114 255 255 255 135 234 255 239 255 255 198 255 30
    255 185 216 161 170 246 128 106 169 255 102 55 255 255 255 222 227
    255 255 64 19 106 255 201 161 223 199 255 236 21 255 255 151 32 255
    124 203 255 202 142 255 12 255 134 255 255 255 212 169 255 162 214
    255 89 251 255 162 46 8 179 255 130 102 219 193 30 255 85 129 15 255
    150 145 4 147 255 30 199 219 6 140 50 21 255 222 4 106 255 202 219
    152 255 26 255 185 209 255 151 214 125 255 255 145 255 195 41 91 255
    80 255 184 255 255 1 140 255 255 255 255 255 179 127 255 210 89 66
    255 255 255 125 255 199 255 223 102 255 255 195 89 55 255 255 255
    255 255 255 223 255 191 255 231 229 255 128 51 236 150 0 209 255 148
    36 255 255 214 126 108 255 255 36 137 162 255 243 255 206 235 77 148
    214 3 61 107 255 13 162 215 55 255 77 255 180 152 252 169 255 6 255
    255 255 12 58 255 253 255 255 255 255 206 114 0 255 255 51 246 115
    255 174 255 109 240 255 169 23 175 255 68 132 255 104 255 215 255 1
    255 61 159 17 255 77 184 255 129 166 81 228 255 255 255 255 255 176
    255 72 199 255 255 190 143 38 255 255 255 255 171 242 183 255 240
    197 255 255 120 255 255 10 255 255 255 10 255 255 17 229 54 246 255
    255 237 106 255 2 255 255 82 127 81 255 255 255 191 255 56 22 227
    239 188 255 255 58 43 137 3 148 255 255 106 5 32 255 140 255 216 255
    255 255 109 229 123 255 22 255 212 2 43 246 255 255 250 29 45 228
    198 255 179 145 255 255 255 70 5 162 191 129 255 100 66 126 202 255
    161 17 255 255 214 255 39 199 7 255 255 27 109 244 59 143 255 131
    255 255 8 255 255 255 255 234 177 55 72 144 5 53 255 126 255 78 126
    255 255 10 255 255 255 255 199 246 85 177 255 183 255 166 2 223 67
    255 255 138 112 250 241 255 255 255 255 52 255 248 58 255 91 125 255
    191 69 255 51 231 43 138 82 217 0 255 255 61 255 2 200 201 39 187
    255 130 216 250 255 234 255 125 255 85 97 255 203 109 234 76 132 36
    255 80 255 224 255 255 255 53 255 92 255 216 255 255 34 84 29 255
    255 207 255 70 159 19 114 255 255 151 207 108 255 255 255 255 255 45
    11 10 15 255 255 255 236 34 195 47 255 255 10 255 49 107 231 189 56
    255 255 104 198 255 7 183 13 125 152 255 250 135 95 214 17 32 208
    176 204 255 181 255 255 99 255 148 255 55 16 255 25 255 7 255 52 214
    240 162 167 255 82 210 138 104 80 138 255 253 255 37 26 255 135 207
    45 131 32 217 208 255 70 34 135 255 254 255 166 166 255 255 224 77
    202 4 255 38 85 231 255 255 55 255 99 236 250 197 255 178 69 133 255
    192 255 255 190 255 255 136 210 255 255 174 255 147 130 9 206 255
    255 95 65 129 255 203 81 139 255 138 170 55 72 255 27 255 255 255
    255 255 205 183 4 190 255 71 255 255 66 255 255 131 135 61 255 75 85
    170 123 255 58 255 144 23 161 26 99 255 140 154 121 255 236 255 104
    255 236 172 255 255 202 255 191 255 255 128 255 54 246 199 255 255
    149 255 255 255 249 255 255 91 255 255 0 60 61 113 171 255 170 255
    238 186 39 227 255 255 255 16 142 255 74 255 255 225 255 11 194 14
    148 77 183 178 158 43 217 212 255 255 69 249 108 255 132 163 176 5
    189 245 255 210 158 255 255 177 255 148 157 31 225 234 7 255 121 255
    132 255 255 100 143 255 61 217 255 255 131 255 108 109 157 255 103
    255 57 55 171 255 255 255 106 255 224 21 3 255 242 255 193 255 1 219
    255 34 231 255 255 70 81 210 255 42 238 196 140 255 109 255 146 255
    255 137 255 110 255 196 255 125 75 38 243 108 57 29 255 255 255 255
    255 77 255 255 104 255 57 255 255 255 99 138 93 14 212 129 255 255
    255 255 188 100 121 212 26 255 255 255 43 212 255 217 232 165 4 255
    113 161 244 93 98 255 246 58 255 253 32 215 255 29 91 255 30 184 183
    225 128 106 191 234 255 140 29 166 107 255 208 205 50 255 176 255
    255 201 255 255 255 202 255 122 255 255 255 255 91 5 202 172 131 167
    255 224 85 255 74 80 255 124 120 255 15 191 87 122 255 255 148 255
    255 254 255 93 155 255 15 43 41 255 3 255 255 255 255 255 96 109 255
    245 138 113 255 27 255 255 255 51 223 255 140 208 255 255 27 255 159
    236 255 255 21 31 255 255 164 112 184 255 255 255 17 197 176 58 255
    151 255 125 238 15 255 146 203 255 236 2 255 109 128 59 206 44 13
    121 255 255 255 68 81 122 255 255 7 183 255 29 67 70 255 26 255 255
    61 8 255 101 21 255 14 255 255 135 255 255 255 255 255 255 255 255
    164 255 235 161 255 59 255 210 187 152 96 148 147 255 132 126 255 5
    210 98 255 255 255 110 48 72 69 255 255 1 2 255 104 255 255 89 14
    255 71 164 255 168 255 89 255 120 108 159 217 255 107 255 255 7 255
    87 255 116 43 201 104 134 128 138 200 30 255 206 206 164 178 26 255
    47 175 255 43 107 246 142 255 255 78 255 244 255 125 92 159 78 55
    246 255 9 255 81 255 255 255 142 255 255 157 9 214 24 121 255 51 74
    255 255 36 190 173 255 255 123 76 153 227 206 255 2 255 91 255 144
    255 150 140 255 255 81 255 255 255 255 184 76 201 255 108 22 255 165
    70 143 100 249 255 210 73 70 11 154 236 255 197 255 79 255 255 255
    45 255 252 173 161 255 93 72 174 216 102 123 255 253 255 255 255 255
    63 255 253 139 9 255 26 229 142 7 255 233 89 150 221 29 255 219 197
    162 255 40 255 255 254 121 255 14 255 255 19 152 208 255 255 53 25
    41 0 255 184 81 247 36 255 206 232 255 255 222 127 255 68 255 74 255
    6 63 34 255 48 65 255 80 176 255 14 97 255 255 5 255 254 2 255 143
    255 70 216 255 170 198 207 255 165 137 255 1 203 138 255 191 45 157
    9 255 255 36 255 179 87 255 140 150 255 164 24 255 77 162 115 179
    101 255 84 101 19 255 255 255 76 154 43 34 113 70 45 3 208 255 120
    49 131 138 244 96 96 11 133 255 55 223 150 255 33 255 255 255 162
    255 1 109 182 114 80 161 192 255 255 136 255 21 238 10 255 255 3 255
    255 193 182 255 255 170 137 7 231 255 157 108 27 255 255 65 140 21
    255 255 255 114 255 255 209 94 255 125 94 45 7 167 8 221 58 187 255
    17 255 47 255 255 203 24 255 255 92 255 21 255 197 236 255 81 199
    101 47 48 255 255 87 184 253 78 255 93 255 255 36 165 2 62 66 203
    255 213 143 255 246 77 47 150 140 255 255 191 255 236 130 204 65 176
    255 255 34 146 255 255 2 255 198 255 170 255 255 255 232 127 137 60
    74 238 243 174 110 255 217 111 255 225 60 166 117 246 222 240 0 51
    255 22 60 174 125 255 165 54 92 255 71 255 255 10 195 8 30 255 57 15
    106 102 235 113 210 177 255 129 255 152 34 44 208 210 4 106 255 88
    161 238 255 255 189 3 77 255 170 38 255 54 32 255 173 239 153 217
    255 255 60 255 255 71 147 255 59 255 210 172 41 49 48 255 255 194 2
    255 255 255 0 44 255 87 255 255 238 33 149 200 255 176 168 255 255
    140 255 50 253 157 249 110 216 253 2 11 255 255 255 255 110 143 255
    47 125 61 83 255 255 140 100 255 98 47 255 255 99 87 96 63 15 81 255
    255 244 70 17 129 5 0 47 38 255 132 255 255 255 255 255 81 234 227
    255 36 255 255 243 255 9 118 255 250 255 109 8 33 142 231 176 234
    238 255 15 255 82 255 59 148 255 62 60 162 255 221 255 255 21 241
    112 255 215 244 30 255 66 255 137 66 55 255 255 245 140 255 255 255
    91 137 255 43 198 255 255 184 203 255 230 248 78 16 255 153 255 255
    255 166 255 255 80 111 42 191 63 102 98 9 255 147 255 212 84 255 255
    255 255 25 129 147 182 118 123 255 199 255 255 219 94 255 52 55 255
    255 225 255 245 237 255 255 255 255 153 255 9 255 147 255 87 255 165
    19 63 68 255 48 182 74 255 255 49 61 113 254 176 255 161 43 242 100
    137 240 255 232 255 71 155 68 166 255 255 77 147 43 255 255 43 118
    26 6 255 255 182 136 116 189 255 255 81 255 184 100 255 65 36 255
    255 255 255 96 255 255 36 9 255 255 255 255 255 255 63 255 255 96
    255 49 161 255 163 92 109 255 76 255 136 186 244 4 208 255 255 98
    116 255 140 255 255 255 200 255 255 155 57 255 82 255 34 77 187 255
    225 123 70 255 200 255 179 112 161 255 225 180 85 96 255 26 255 255
    72 255 74 255 221 69 255 255 255 255 255 118 255 193 255 157 104 255
    84 200 169 234 255 62 229 255 1 61 255 213 171 125 255 205 195 255
    255 119 103 159 255 131 255 255 238 51 255 88 99 255 120 36 255 210
    22 255 117 14 163 176 255 255 255 222 255 14 104 255 255 196 176 206
    255 255 11 255 255 202 147 255 255 5 255 99 255 19 255 255 255 255
    255 64 255 195 216 192 147 255 153 255 23 188 114 85 255 248 8 40
    140 255 66 0 255 120 255 255 143 99 66 77 70 195 255 255 255 255 73
    255 92 255 13 255 255 149 255 255 132 22 0 255 199 244 255 107 94
    255 106 121 170 255 255 87 255 255 83 162 255 100 249 132 83 88 190
    219 172 135 166 99 207 23 255 31 219 255 152 191 22 61 255 255 183
    255 32 255 255 10 31 255 129 255 255 255 255 255 255 214 255 255 44
    255 147 215 255 3 255 72 255 169 219 110 255 208 87 255 255 89 255
    43 99 255 76 7 224 255 255 205 255 73 169 255 255 41 225 56 167 229
    100 255 153 99 60 151 74 126 255 0 255 255 120 214 115 113 255 255
    255 255 32 255 255 255 7 77 255 69 41 87 255 166 214 117 155 182 66
    234 93 255 174 125 84 123 78 85 0 255 255 224 91 85 255 242 63 255
    255 247 166 255 235 255 195 32 214 255 249 255 28 22 255 255 186 225
    229 255 255 255 245 140 255 38 237 255 115 31 255 255 255 255 255 85
    255 255 198 51 190 255 255 120 255 255 234 97 255 219 53 40 255 184
    255 238 255 168 255 113 255 255 255 223 213 255 136 8 106 155 255
    255 151 124 255 242 255 255 255 148 255 191 118 222 185 255 255 138
    15 255 255 255 149 255 255 94 234 255 137 255 29 255 255 85 72 255
    40 27 64 179 174 255 143 108 157 255 255 255 63 255 255 255 91 83
    144 118 180 255 173 153 96 121 193 191 48 255 252 255 115 44 207 255
    255 255 255 242 157 255 1 91 102 191 133 76 255 43 255 253 38 189
    255 255 255 165 43 61 225 255 25 144 255 255 65 255 233 169 255 255
    255 229 255 159 255 255 120 58 255 255 167 255 43 126 182 255 200
    174 3 255 142 56 255 78 255 227 255 3 114 255 1 108 255 254 255 255
    95 255 4 67 137 225 199 150 255 197 15 255 255 2 178 84 255 255 142
    255 91 62 249 255 181 85 255 4 121 255 124 181 255 47 232 255 255
    200 11 23 196 255 59 255 255 63 255 106 14 200 255 214 255 0 98 22
    32 52 255 255 255 56 255 250 255 174 228 51 42 255 255 185 253 46 32
    43 70 238 114 120 255 16 116 255 255 203 255 148 43 252 150 255 87
    236 188 195 144 255 78 250 67 95 197 255 255 250 101 255 255 31 255
    231 193 43 255 251 255 255 113 255 11 205 42 255 166 2 255 58 19 33
    255 81 38 255 240 89 255 255 125 255 255 59 61 255 128 130 255 12
    102 255 91 255 255 255 231 121 137 255 255 214 91 255 255 96 255 201
    91 255 192 255 151 255 255 25 143 255 255 255 36 255 124 26 219 165
    255 255 255 120 100 198 255 57 202 116 197 209 147 255 255 255 199 0
    67 255 91 255 47 255 89 138 117 255 155 5 183 255 22 50 202 243 2 51
    186 255 93 48 5 197 102 46 104 59 255 229 255 255 255 162 255 153
    255 102 185 70 255 255 58 152 255 80 255 255 8 123 255 26 255 255 15
    19 195 221 255 255 255 17 255 208 255 255 197 128 189 8 255 255 209
    255 87 255 255 229 111 104 255 3 130 255 255 255 255 66 255 95 255
    126 255 255 255 255 212 126 153 107 34 255 166 255 172 147 126 79
    255 12 255 236 15 255 69 61 255 10 79 255 23 255 217 179 58 255 255
    48 8 150 159 176 216 255 255 206 255 87 146 61 255 126 80 255 255
    255 255 16 255 255 84 82 233 232 255 34 67 50 255 255 255 165 30 255
    19 56 255 85 255 255 76 159 255 174 255 97 6 243 14 68 142 255 255
    159 255 250 255 255 252 255 27 255 255 255 255 76 255 130 23 102 216
    62 202 255 214 203 238 246 51 229 98 32 255 102 31 255 166 111 255
    16 255 255 140 183 87 255 36 255 111 205 255 45 89 168 80 255 125
    132 133 252 158 14 189 22 255 255 255 137 96 96 186 255 255 101 129
    255 5 255 128 255 176 153 32 59 255 255 255 48 255 255 255 207 142
    255 46 255 255 50 255 96 61 255 255 77 23 115 97 91 201 232 119 188
    255 130 255 255 255 77 255 214 255 149 96 208 51 176 181 255 157 146
    80 193 255 255 255 191 55 219 107 39 255 77 159 172 255 72 170 205
    255 255 146 255 0 131 126 170 29 243 112 139 38 36 255 255 155 4 255
    193 184 132 255 192 255 255 206 104 255 164 48 255 144 255 255 151
    157 61 255 255 255 158 255 255 115 255 255 175 77 210 155 255 255
    255 123 255 255 255 255 104 255 255 41 143 165 89 255 255 62 255 255
    133 186 255 3 255 255 27 24 255 157 229 138 47 173 225 109 56 255
    154 166 187 216 67 161 255 255 127 230 255 223 255 241 108 22 255
    255 60 72 255 34 255 53 255 101 55 254 255 255 7 7 129 150 91 255 12
    32 255 88 234 87 255 255 229 51 79 42 255 255 170 255 255 255 236 70
    91 190 166 255 205 210 229 201 255 74 255 24 255 11 77 206 184 120
    180 164 91 113 255 38 9 247 214 255 114 56 255 85 255 43 47 241 255
    139 255 255 166 255 110 5 255 183 8 255 129 173 255 212 157 255 255
    220 51 199 93 193 255 148 255 202 255 116 255 104 22 219 89 255 146
    255 126 83 30 255 255 188 255 212 212 157 255 73 255 119 255 255 157
    10 27 255 146 3 121 255 94 255 77 91 255 197 253 183 32 255 57 51
    255 136 255 10 255 30 128 255 153 255 110 82 255 250 103 85 32 255
    255 45 107 188 253 117 255 255 16 56 168 114 210 255 147 135 0 133
    255 255 164 255 255 217 255 6 63 97 0 107 255 255 67 255 187 230 255
    47 125 212 113 23 217 255 255 255 255 19 229 6 30 118 255 252 255
    255 255 255 85 70 0 255 255 111 62 238 87 8 49 75 255 255 203 255 93
    85 38 255 174 255 221 255 132 230 255 255 14 255 255 255 186 255 255
    255 255 255 191 255 115 255 4 113 91 242 255 255 255 203 220 4 255
    255 255 255 255 206 59 128 219 255 116 93 198 255 57 147 255 13 23
    255 13 65 255 15 255 31 112 198 255 91 188 108 255 255 255 140 65 89
    255 74 255 106 120 48 191 131 65 255 140 130 255 155 10 255 99 255
    43 202 9 183 33 227 255 36 149 255 214 142 191 255 255 123 5 196 28
    255 94 255 255 255 166 21 255 93 60 80 100 212 96 255 208 5 255 231
    255 138 76 7 217 206 24 255 5 255 66 51 210 255 40 255 199 220 79
    212 255 237 40 158 255 153 255 255 13 247 255 123 51 255 255 238 106
    255 255 222 210 37 207 223 4 82 255 84 145 255 192 255 193 255 255
    255 179 255 2 8 255 106 176 15 98 217 255 255 55 255 238 133 255 255
    255 48 229 41 174 53 255 255 255 150 169 242 122 169 255 3 255 197
    247 87 255 198 48 255 102 255 255 103 106 255 255 159 255 255 255
    255 255 255 100 137 255 255 1 255 89 84 96 255 77 68 151 58 154 68
    255 167 255 124 38 255 106 68 30 140 193 178 25 173 255 109 9 72 103
    255 255 85 161 255 74 255 255 255 183 208 255 128 255 118 255 36 184
    255 255 255 255 76 38 125 102 230 255 229 243 255 255 29 31 2 183
    255 25 14 120 6 164 255 144 12 255 182 255 219 231 187 99 165 184
    255 255 106 255 255 8 167 142 125 36 161 255 179 255 26 56 95 221 29
    255 255 255 195 147 104 255 255 79 176 197 255 170 49 255 79 255 255
    255 225 251 255 255 255 195 255 255 246 148 255 127 137 106 221 122
    29 255 18 140 255 80 255 255 255 101 104 27 212 242 89 7 176 170 159
    153 255 143 255 15 255 255 255 255 255 208 255 227 49 255 212 255
    125 255 166 255 199 225 145 255 191 255 242 40 184 252 210 68 255
    255 255 253 98 169 253 81 255 172 255 7 55 65 167 40 32 41 255 179
    255 117 109 225 255 129 255 11 74 236 255 255 255 149 255 202 255 52
    255 255 255 68 102 255 255 74 255 255 255 231 17 130 255 255 255 84
    246 134 209 99 119 246 15 253 255 171 9 124 80 255 255 222 255 126
    255 21 255 17 64 241 255 6 191 255 255 107 255 255 78 108 206 255
    255 87 103 178 255 255 135 100 137 248 255 157 27 255 73 155 119 5
    133 255 255 142 255 60 19 255 122 255 195 148 255 79 253 39 255 247
    150 23 172 43 255 255 255 157 255 29 255 106 255 255 199 255 233 255
    14 146 12 255 43 188 179 255 206 15 255 255 255 255 96 220 255 71
    255 166 255 255 255 212 196 246 25 130 255 38 255 108 159 92 42 255
    203 255 110 55 255 1 255 202 55 123 255 122 157 74 40 34 62 255 255
    100 132 255 255 87 255 87 255 255 163 173 161 255 255 7 255 73 135
    185 66 255 182 255 195 255 255 99 130 98 20 255 255 255 57 43 255
    255 113 171 255 74 0 53 164 255 129 245 214 2 249 255 91 95 121 168
    113 152 225 96 135 168 255 255 119 37 255 142 38 84 255 255 101 234
    173 128 255 111 255 244 255 255 255 118 227 255 49 255 255 93 255
    255 255 130 255 143 255 43 10 72 255 194 79 127 246 219 0 255 255
    255 255 255 45 255 255 255 158 84 183 164 137 26 126 176 64 74 255
    53 255 14 174 165 253 255 137 255 255 169 97 255 5 104 112 255 255
    255 210 241 255 255 255 255 255 255 49 92 159 255 52 26 153 176 132
    255 55 255 132 118 255 255 12 248 255 255 255 255 77 255 255 23 116
    6 223 26 166 255 164 4 183 142 255 255 125 4 87 255 255 91 255 125
    30 60 255 27 79 255 67 255 51 58 255 87 195 255 96 246 133 255 255
    255 255 255 255 61 177 138 112 120 255 255 89 217 233 255 32 43 255
    46 255 175 3 255 255 164 157 82 116 26 202 161 225 198 215 85 87 236
    255 255 68 255 52 101 255 255 75 19 52 198 255 147 255 81 92 87 255
    255 255 255 255 255 255 69 255 255 255 73 19 52 255 32 89 145 121
    253 255 193 255 39 166 245 56 255 121 77 53 129 255 81 128 255 89
    255 154 123 255 255 231 197 31 163 208 167 255 255 255 255 3 255 255
    51 255 78 148 102 255 255 214 255 255 255 255 135 214 255 99 255 255
    255 255 21 224 166 223 80 82 47 255 17 102 247 255 255 255 44 195
    135 255 255 255 220 182 255 130 255 228 135 53 81 104 93 210 99 183
    202 155 255 255 79 129 188 244 233 191 154 255 58 232 255 241 255 40
    0 236 255 255 255 255 210 255 4 109 255 255 255 178 72 170 255 238
    255 132 40 179 255 87 187 50 255 206 255 57 255 14 189 41 36 49 132
    128 255 201 208 255 34 255 255 169 56 121 255 255 214 133 219 255
    133 255 244 22 239 233 255 255 15 255 255 166 98 231 127 235 255 104
    227 92 255 255 77 250 166 10 174 122 255 132 18 171 255 80 150 255
    49 101 255 8 255 210 34 255 255 77 255 255 255 196 242 184 255 189
    103 255 28 255 17 104 74 255 255 220 7 255 223 147 252 111 255 255
    199 255 255 230 248 255 47 12 255 255 109 255 77 7 255 255 255 74
    175 29 255 228 255 255 255 101 106 255 70 255 158 255 255 147 251
    125 107 99 250 111 176 255 164 210 255 179 138 255 188 126 38 255 22
    206 77 145 87 87 255 153 104 9 255 205 255 51 231 246 64 255 22 87
    231 244 255 129 255 157 206 207 255 92 255 74 183 255 255 255 255
    129 74 255 255 12 255 2 224 255 255 192 255 255 255 255 221 63 255
    255 255 79 255 231 60 208 118 210 255 120 12 255 255 7 78 255 255
    159 104 255 25 103 227 110 11 239 129 203 202 87 192 255 238 198 113
    255 255 255 170 183 255 255 206 253 255 148 5 255 177 184 255 62 188
    163 255 184 157 5 243 55 213 108 66 255 255 155 255 55 183 255 255
    255 199 82 255 255 200 255 48 255 255 255 236 255 246 208 9 71 222
    42 255 255 202 120 255 255 255 48 165 122 12 100 125 255 136 102 186
    166 255 89 255 180 91 159 77 208 255 43 255 59 23 255 255 113 96 127
    203 10 255 246 255 255 255 255 255 131 80 214 194 219 100 65 255 225
    91 84 202 255 137 255 255 255 255 186 186 234 0 255 83 59 171 87 118
    99 255 176 255 28 255 255 255 223 255 106 255 255 255 110 248 255
    110 147 127 255 255 244 120 255 255 246 255 255 85 231 255 255 186
    236 41 255 153 255 255 250 176 237 165 216 255 255 255 255 255 137
    246 255 186 255 112 154 255 255 37 255 85 255 255 233 41 173 255 126
    120 255 255 191 255 161 73 255 15 48 255 181 255 102 255 179 255 250
    166 189 255 147 255 92 181 102 1 255 255 255 26 30 82 255 255 170
    210 199 73 128 255 224 255 85 70 255 255 255 173 214 117 255 115 190
    63 0 180 255 255 124 145 236 132 68 255 184 255 202 239 53 255 255
    255 81 179 255 250 73 196 176 203 20 255 51 58 229 255 255 255 128
    255 161 16 224 255 203 255 182 255 255 23 255 101 255 220 91 132 54
    255 168 221 191 255 176 255 255 76 255 233 158 108 23 186 255 255 62
    219 15 255 138 255 188 255 157 162 84 66 133 58 255 255 89 234 255
    51 81 143 255 255 95 255 255 187 99 197 4 29 193 137 126 163 132 255
    159 254 255 174 255 159 125 60 217 134 213 157 165 255 255 221 246
    196 255 70 2 255 165 97 250 223 84 191 209 236 0 82 255 161 54 128
    255 255 169 255 255 61 238 107 255 255 135 246 255 8 255 134 217 200
    149 255 255 250 59 149 252 80 60 255 81 202 129 110 56 255 188 241
    255 198 255 255 255 255 191 84 244 255 38 255 136 7 111 255 154 255
    255 255 80 255 255 44 149 255 34 30 255 60 172 37 224 25 137 22 255
    88 255 255 255 46 255 122 82 255 96 130 28 255 20 176 146 43 112 128
    255 208 159 255 9 239 89 255 206 255 255 85 114 26 255 222 255 150 7
    30 165 255 255 114 48 255 241 10 26 241 121 255 1 99 206 162 55 255
    66 255 66 214 255 255 186 181 204 255 114 221 110 255 255 255 12 255
    187 255 253 255 255 253 255 255 255 49 48 255 47 255 53 255 22 255
    255 255 255 192 196 193 162 255 17 25 20 123 255 255 255 93 232 155
    225 255 170 208 255 255 150 121 255 228 255 255 255 255 255 59 255
    219 255 255 255 122 255 255 69 255 91 107 3 51 252 255 250 146 255
    255 82 255 255 98 255 255 91 255 216 25 166 255 5 44 255 29 255 136
    255 118 255 230 109 25 133 65 149 194 65 255 230 255 255 219 255 255
    255 227 151 210 255 79 255 22 168 232 255 180 255 142 255 213 157
    138 47 255 242 242 202 250 255 255 238 48 94 91 54 255 255 254 56
    255 255 68 149 3 60 26 255 255 199 121 99 255 118 60 255 45 162 195
    206 255 255 210 72 255 114 255 202 158 241 115 241 255 172 255 118
    255 40 89 255 82 205 255 186 255 255 231 255 255 255 255 244 219 51
    248 219 212 255 255 255 234 67 3 217 34 108 255 213 255 255 148 255
    255 243 255 117 255 255 72 255 208 212 151 255 255 255 19 255 65 9
    255 22 38 255 254 255 255 255 67 255 220 255 130 66 132 79 80 217
    132 36 171 255 87 255 255 255 255 255 88 212 182 7 210 255 255 29 0
    18 65 255 157 237 255 255 249 255 243 255 187 93 255 233 121 126 255
    73 126 255 242 255 255 199 36 11 74 255 38 87 87 255 255 255 4 165
    255 255 154 159 225 44 255 255 175 255 98 4 27 255 203 255 144 219
    130 170 126 255 66 255 255 40 255 34 255 238 255 178 128 27 255 187
    176 255 181 255 255 255 155 244 63 255 255 121 255 123 84 234 255
    106 255 255 243 113 255 52 255 255 80 155 242 255 44 255 255 176 255
    255 20 113 91 255 70 117 77 144 255 125 255 74 255 248 255 222 68
    155 255 255 148 255 148 255 75 231 139 255 19 98 255 100 210 118 255
    255 255 255 255 255 187 78 255 11 109 255 81 180 255 255 41 255 174
    255 255 255 255 255 255 255 255 98 136 255 255 191 255 144 190 255
    255 51 176 255 255 255 17 54 126 223 169 29 255 194 255 180 252 255
    255 255 140 115 157 157 21 92 181 11 252 188 208 255 255 255 135 255
    255 255 104 255 197 214 255 52 79 255 255 222 210 45 9 255 195 92
    136 255 255 21 255 174 53 255 255 112 74 133 255 255 120 255 181 255
    255 82 255 255 55 142 255 122 15 132 140 20 227 255 138 159 176 255
    178 187 255 255 255 84 26 205 255 255 136 116 2 255 217 255 70 255
    28 253 255 255 111 149 255 164 65 159 203 255 255 255 255 255 255
    255 130 162 87 113 142 225 255 255 241 255 187 241 255 255 255 255
    198 255 255 255 255 221 150 15 4 255 255 202 217 255 255 255 227 40
    255 255 149 146 155 146 135 155 255 255 104 87 255 27 104 162 255 43
    230 157 255 255 214 95 176 255 89 241 255 81 158 169 115 255 5 208
    224 255 255 221 102 255 113 255 255 255 2 4 228 255 255 212 87 85 93
    255 70 187 255 255 255 255 255 234 26 255 89 255 255 125 253 240 255
    91 255 197 255 255 183 255 255 154 10 127 255 150 28 73 34 62 132
    255 61 11 255 255 44 22 28 176 2 26 186 255 0 78 51 38 191 198 255
    95 255 255 232 137 255 255 2 255 255 152 255 255 65 187 21 130 255
    144 255 255 232 7 138 227 80 79 43 190 129 170 164 255 63 255 151
    176 63 255 139 255 153 255 43 255 166 255 219 154 255 159 255 255
    255 120 255 255 81 85 21 255 255 129 51 255 180 212 255 159 148 255
    106 40 255 255 239 255 255 92 255 255 102 200 255 255 130 255 236
    255 108 249 255 255 255 217 255 107 255 255 104 255 104 203 255 255
    208 255 255 159 200 127 131 255 255 87 255 244 78 248 223 118 200 25
    183 255 255 14 255 130 102 87 255 147 225 255 195 41 87 165 174 255
    255 255 255 255 255 255 173 125 255 255 36 180 210 255 148 70 255 74
    169 85 255 255 255 57 255 255 255 255 255 55 111 118 255 230 255 49
    158 255 38 147 255 253 144 3 255 255 255 255 30 255 76 36 212 255
    255 248 255 255 120 255 255 26 195 89 255 233 45 255 255 195 85 231
    55 142 172 88 255 255 22 222 255 255 255 168 214 72 255 88 255 96
    255 190 255 255 251 149 104 255 9 33 255 157 187 217 132 255 120 255
    254 255 255 49 171 85 114 236 8 255 50 255 38 236 55 255 255 255 253
    162 242 159 70 178 255 255 255 255 97 9 255 255 25 78 255 255 202
    214 255 165 58 43 71 82 180 43 155 55 208 157 255 111 31 255 201 255
    157 217 188 255 59 248 81 25 188 250 255 255 255 146 255 79 255 186
    189 255 255 140 255 167 255 198 113 93 255 5 252 255 255 255 255 255
    57 252 255 55 60 113 255 147 255 255 230 255 246 250 183 255 154 255
    255 254 210 255 118 215 6 81 255 57 232 255 144 165 255 87 255 7 168
    255 73 255 255 255 45 166 195 138 216 255 57 255 12 255 102 157 25
    23 255 182 192 41 255 47 108 255 155 167 255 255 214 102 7 166 42
    235 255 96 164 114 255 158 255 172 82 138 253 110 96 66 114 241 43
    32 255 255 52 143 255 59 255 255 181 130 255 111 255 255 150 255 89
    41 191 255 236 255 236 202 255 255 255 173 53 181 106 255 255 167
    140 255 255 255 165 255 127 11 255 8 132 232 153 88 255 83 120 255
    255 41 82 182 246 193 93 125 255 45 80 190 212 255 164 208 255 92 45
    255 255 34 109 65 87 224 255 144 98 109 55 147 171 255 255 167 255
    194 255 255 122 130 17 36 255 255 255 94 78 209 89 89 157 92 98 197
    27 255 255 255 255 255 167 148 255 255 83 255 73 140 37 73 238 16
    255 53 59 142 200 140 255 255 255 152 165 219 125 255 14 220 255 107
    101 255 43 106 125 62 255 142 228 133 140 135 138 255 255 12 255 234
    255 255 255 55 57 172 255 255 198 234 255 255 255 252 255 255 255
    214 3 255 252 205 255 18 255 255 144 20 144 255 89 132 255 255 108
    202 96 40 62 17 255 255 224 255 242 63 25 255 108 255 82 205 104 142
    120 244 162 255 255 144 255 255 255 89 81 177 178 45 54 255 255 3
    255 255 100 255 45 37 255 136 95 26 57 219 101 255 255 255 25 118
    140 68 255 20 255 254 118 163 255 128 255 203 244 255 88 243 255 3
    243 255 10 255 214 23 255 255 221 255 210 255 255 216 188 255 255
    255 15 255 255 255 36 93 255 134 203 255 204 255 109 229 195 255 197
    255 217 255 133 232 255 249 236 255 118 51 178 158 5 255 247 101 146
    161 162 248 255 150 255 255 255 255 117 167 233 255 138 9 73 176 212
    125 126 106 177 255 255 121 255 255 255 111 255 81 255 17 255 255
    102 255 255 255 47 255 255 255 255 255 255 220 174 231 255 2 25 255
    165 216 248 91 8 255 138 255 123 96 169 255 195 87 190 202 133 255
    110 188 67 255 194 255 255 230 255 130 26 128 221 176 114 252 4 229
    255 192 255 255 255 255 255 255 255 255 202 121 45 173 255 123 81 56
    255 109 255 68 192 219 59 197 255 255 51 75 255 161 255 255 128 17
    157 255 220 174 170 255 255 74 251 253 0 154 217 10 63 217 255 243
    255 139 255 4 255 255 176 255 92 34 255 255 170 55 128 255 96 229
    255 232 137 255 213 255 113 227 255 165 255 255 185 252 255 255 186
    255 238 87 255 255 239 255 255 158 166 240 155 255 255 212 255 149
    169 255 255 45 255 202 12 84 104 246 234 216 14 236 255 103 89 8 221
    193 255 140 82 195 173 255 255 255 99 112 166 255 96 255 73 217 32
    255 45 173 255 242 255 255 233 170 68 255 4 255 255 255 255 148 221
    255 170 255 255 182 140 255 11 62 181 83 159 29 255 190 202 191 162
    255 255 37 137 255 14 178 255 219 255 255 255 79 255 157 142 255 255
    133 78 255 27 163 14 70 130 104 255 78 173 255 246 19 241 255 184 73
    53 107 198 255 49 167 255 95 255 212 60 255 238 238 73 68 74 164 4
    255 255 255 232 56 45 255 231 255 147 191 78 198 255 55 44 255 76
    255 255 255 153 138 255 113 123 4 113 255 200 33 111 174 255 99 83
    88 5 255 255 255 255 56 255 148 62 255 255 118 255 157 208 255 110
    246 255 57 60 208 255 186 166 255 8 101 255 255 255 255 177 255 255
    102 255 255 202 133 168 58 229 255 184 241 255 65 92 0 243 87 255
    183 243 6 70 12 255 224 44 255 255 255 255 88 104 42 255 61 255 255
    89 34 109 241 193 67 255 255 255 255 17 144 255 191 255 234 255 128
    179 255 241 255 255 4 89 255 195 255 255 84 255 157 205 255 83 255
    101 15 255 255 53 162 255 255 10 126 255 246 255 255 255 10 246 45
    255 255 151 255 255 255 255 142 255 162 253 255 73 165 255 255 255
    191 239 255 125 149 255 135 222 255 255 255 159 255 200 244 235 94
    130 255 255 214 255 255 45 184 85 255 16 106 25 254 255 21 62 24 255
    217 20 83 238 255 204 93 255 187 155 208 23 255 255 197 89 130 248
    227 237 250 44 162 255 37 102 93 230 255 255 60 63 214 69 149 4 234
    157 255 255 255 199 228 75 255 38 162 11 255 255 255 202 255 189 128
    255 255 74 38 255 255 255 255 180 255 255 224 255 43 16 82 255 115
    255 81 255 212 255 34 255 15 255 255 255 146 255 9 255 77 26 27 255
    255 235 255 42 243 171 76 255 255 255 51 181 130 87 236 216 30 255
    255 255 212 227 62 97 255 4 255 155 214 164 255 106 255 255 106 255
    212 225 255 248 255 255 255 14 205 74 62 68 255 255 255 15 187 183
    255 16 14 255 63 43 161 187 55 255 49 255 159 255 255 255 255 188
    255 76 249 255 73 255 255 214 255 153 205 255 0 158 255 255 44 150
    30 131 161 72 170 193 255 77 2 149 22 53 113 80 244 70 255 255 0 151
    128 255 235 236 255 206 43 255 129 212 255 253 255 255 0 255 255 227
    255 255 40 58 255 37 255 206 153 255 163 186 255 255 151 255 255 255
    255 11 106 255 250 44 234 61 165 111 153 255 227 255 201 255 219 255
    210 255 80 19 140 255 255 255 162 84 255 129 184 255 214 255 214 191
    255 255 255 89 255 122 132 229 225 255 219 10 79 121 165 255 255 63
    29 255 255 96 19 0 212 255 177 246 168 140 51 255 255 255 255 88 116
    200 3 46 112 27 255 125 103 255 74 100 159 255 177 14 255 14 255 255
    255 190 55 255 255 255 4 67 255 62 132 185 255 133 216 255 255 53 3
    113 121 104 32 157 146 51 0 254 255 214 144 255 4 255 255 255 202
    155 113 192 255 255 188 255 4 169 17 199 201 65 255 7 38 62 88 108
    255 118 128 255 51 255 255 132 113 15 7 255 255 8 255 83 255 203 236
    230 255 255 255 200 79 4 255 255 96 118 255 255 125 255 12 171 108
    255 255 255 63 255 255 208 255 255 41 132 155 254 38 255 186 255 250
    168 188 255 106 255 130 82 255 255 7 53 255 175 255 255 162 0 255
    183 72 255 255 104 110 78 202 96 255 237 255 81 169 142 255 94 11 25
    255 233 255 255 199 113 255 255 225 255 227 40 60 38 126 255 51 210
    251 255 40 68 255 132 255 244 190 255 255 110 193 221 59 36 217 181
    67 149 52 255 255 159 61 225 255 255 74 241 186 210 255 255 255 131
    113 246 36 207 197 255 243 163 220 140 115 228 140 255 231 255 255
    159 255 255 255 184 74 255 255 255 14 61 255 159 41 125 48 68 221
    234 92 78 255 255 255 67 251 255 98 255 138 70 126 255 203 169 255
    12 61 248 255 184 227 187 255 255 15 203 255 169 248 255 213 255 255
    255 51 176 135 255 255 255 219 255 150 111 255 103 135 253 175 164
    134 15 255 255 210 143 255 255 108 255 135 255 30 0 255 227 59 75
    255 169 75 255 0 17 255 124 255 8 201 255 202 183 68 255 21 255 255
    54 255 255 71 255 204 255 255 172 107 255 255 190 2 255 255 15 255
    32 9 108 255 249 176 255 255 182 115 27 129 67 237 210 183 2 28 87
    143 255 23 255 255 62 3 255 102 255 255 255 51 83 99 255 255 247 255
    66 70 31 199 210 255 219 194 255 234 255 133 255 4 255 193 241 41
    155 176 255 148 107 255 42 8 255 255 32 205 255 255 237 9 110 130
    255 30 15 255 135 255 255 129 243 255 146 190 255 47 231 255 255 255
    255 205 116 255 106 196 255 92 198 255 255 255 176 115 48 255 7 255
    157 107 140 68 217 255 255 243 155 219 15 225 121 255 125 25 44 39
    199 34 255 8 255 162 255 255 26 17 255 53 252 255 63 242 255 255 132
    255 255 255 3 249 193 109 9 255 195 243 255 89 255 255 255 255 34 99
    167 36 104 255 121 255 207 255 60 255 34 99 255 100 143 255 170 227
    255 255 216 255 61 243 84 255 106 255 61 173 147 221 93 77 129 247
    227 255 241 255 255 69 255 98 255 255 255 241 255 23 27 255 255 255
    51 255 139 161 53 255 116 119 255 255 255 146 126 30 224 255 108 66
    186 255 137 96 96 3 255 255 208 132 255 168 255 119 7 142 95 43 255
    255 71 85 21 255 36 255 198 255 178 217 176 255 159 255 2 142 24 255
    158 179 189 253 255 255 63 109 255 110 60 62 115 255 17 120 48 255
    252 183 219 133 255 242 208 147 255 255 246 85 212 56 255 93 232 200
    255 255 78 255 253 89 150 214 255 21 202 26 255 255 100 73 215 2 40
    251 93 29 138 255 144 132 38 192 224 255 95 255 144 255 75 189 255
    255 227 246 255 255 255 17 255 144 61 255 255 17 206 242 255 117 231
    207 89 255 255 255 5 104 255 93 56 255 37 171 106 255 255 255 103 48
    136 241 198 189 255 7 242 14 85 214 169 97 74 132 36 153 255 255 172
    33 255 110 106 255 255 255 155 255 164 126 255 245 255 223 235 255
    255 255 255 34 255 255 78 96 255 255 255 102 255 4 207 255 19 155
    117 7 70 214 255 255 89 255 255 217 255 255 255 15 255 233 224 255
    110 117 56 78 162 9 255 169 126 155 255 116 255 255 191 255 255 92
    255 255 24 61 142 171 255 255 166 17 7 202 255 255 178 255 255 255
    45 98 72 255 81 255 221 209 255 255 254 255 255 249 7 79 252 255 255
    15 255 255 73 255 255 255 215 28 208 27 255 23 179 255 135 161 199
    142 53 255 249 255 255 212 244 13 255 255 255 255 255 255 255 207
    255 41 255 255 144 169 255 154 195 255 208 239 166 255 255 26 150
    152 255 228 56 40 52 255 255 224 255 121 255 143 174 166 255 221 190
    255 216 41 164 255 255 243 255 70 135 255 225 169 45 250 65 102 255
    255 223 184 255 183 255 113 255 48 77 255 249 97 255 255 89 255 91
    104 4 232 255 180 255 167 255 255 51 255 18 219 193 165 36 255 232
    96 255 255 255 140 255 73 255 255 9 255 99 207 26 175 36 28 117 255
    13 67 232 47 255 255 187 89 255 89 114 22 255 157 196 255 106 2 148
    170 255 182 255 249 42 255 255 23 255 31 255 255 208 45 175 255 153
    77 154 236 12 198 255 4 255 217 18 188 255 255 24 43 118 149 255 255
    43 255 255 56 255 255 255 255 217 255 255 60 191 25 205 138 255 51
    15 255 93 152 255 255 102 255 146 255 255 5 255 138 121 178 255 96
    12 70 255 68 255 255 255 255 255 73 30 10 241 117 114 255 255 135
    255 112 67 56 26 23 17 255 217 255 255 155 123 255 71 85 255 43 196
    185 199 12 255 255 255 130 255 212 255 255 255 255 150 48 62 23 178
    255 147 255 182 246 147 47 16 138 104 170 166 34 10 255 255 201 255
    255 135 85 255 180 38 219 146 166 159 162 174 170 220 154 255 5 31
    28 29 255 38 255 255 236 179 229 53 131 255 255 49 114 13 255 255
    255 225 246 250 40 255 255 16 255 255 220 7 227 203 255 246 255 87
    255 255 166 255 187 255 255 255 212 231 88 123 129 121 70 255 47 43
    255 255 255 110 168 89 255 224 91 255 236 244 2 255 44 151 255 255
    255 122 253 255 255 220 255 52 143 208 219 31 255 245 17 26 47 169
    255 176 255 255 230 255 119 85 255 193 199 255 9 128 133 32 122 255
    43 241 249 255 124 255 255 140 255 255 37 255 168 98 184 255 92 61
    110 255 255 255 36 255 225 255 255 255 186 157 255 255 183 13 255
    196 214 33 48 255 131 56 255 212 255 255 220 154 255 214 196 210 255
    253 255 36 255 112 89 255 255 255 75 138 22 27 202 228 231 144 102
    255 255 41 43 153 255 17 255 181 212 100 135 99 140 4 255 23 162 149
    206 255 241 61 135 255 255 192 255 255 255 29 255 21 96 155 227 2
    255 255 73 255 47 255 157 48 3 138 249 143 176 139 27 219 255 225
    255 81 243 136 117 244 30 48 171 108 124 255 193 224 143 255 242 179
    255 59 24 49 60 67 255 126 255 255 43 46 110 255 208 255 165 159 183
    176 50 255 120 255 149 88 147 178 197 255 95 0 255 255 255 176 68
    246 84 4 0 135 255 231 255 255 255 255 26 255 255 242 48 234 255 255
    255 255 255 87 234 58 77 255 255 104 64 255 15 74 255 214 255 62 207
    255 255 41 8 213 249 255 89 220 255 177 255 153 139 255 255 34 255
    78 93 46 255 103 255 32 77 255 255 170 155 255 55 255 255 93 255 231
    255 255 255 117 55 255 110 237 91 104 255 8 238 118 255 114 255 42
    255 234 255 255 243 19 65 157 21 230 255 255 255 255 255 139 116 42
    87 244 144 159 176 255 169 225 255 40 188 176 176 255 255 8 255 153
    197 255 255 100 108 81 255 174 255 73 29 70 122 53 255 125 128 238
    147 222 187 208 159 255 43 255 15 114 255 140 161 255 255 93 255 21
    255 193 142 55 17 172 166 255 255 170 210 172 155 2 221 255 14 17
    228 255 255 203 39 255 255 19 74 91 255 255 228 253 11 203 255 125
    255 121 170 175 255 61 135 137 255 216 97 187 255 157 255 142 255
    255 190 255 255 106 232 6 98 94 11 221 3 255 181 39 219 5 255 210
    255 108 40 74 255 40 92 255 255 242 208 255 117 118 255 255 255 62
    255 91 255 194 255 4 140 255 8 144 255 255 10 102 255 10 255 57 100
    251 255 202 255 244 166 255 123 255 217 9 65 169 174 19 255 195 255
    108 53 239 188 252 255 255 229 80 255 180 195 255 255 255 255 255
    236 255 255 255 255 255 255 75 19 110 126 234 104 55 255 51 255 200
    188 255 255 144 255 255 41 125 255 128 255 102 140 207 255 210 92
    255 16 15 255 255 255 79 255 99 255 154 56 255 186 161 255 235 5 255
    186 255 255 82 255 255 125 75 255 142 255 255 255 56 255 7 99 255 40
    225 170 38 255 255 230 255 255 142 255 255 255 109 255 16 255 91 157
    255 185 120 255 13 4 251 236 216 166 234 255 255 17 5 174 255 0 255
    149 158 145 13 255 29 255 19 237 87 183 3 255 230 255 255 96 255 204
    219 147 210 255 255 104 146 43 255 29 173 93 125 229 40 165 212 255
    32 184 255 173 255 217 255 91 255 208 92 255 168 219 255 110 56 176
    255 255 57 255 29 102 115 255 208 102 193 255 206 203 255 120 255
    255 191 125 197 126 99 255 41 150 255 104 2 255 197 92 255 165 255
    255 187 125 62 65 60 96 62 128 13 158 255 40 7 255 255 32 39 255 255
    255 255 164 255 242 255 145 182 253 255 93 255 255 87 245 161 255 82
    169 197 125 229 255 255 87 204 221 255 89 255 255 255 199 255 0 255
    60 255 173 161 255 113 161 255 255 130 219 250 130 53 255 210 255
    118 255 255 76 128 255 143 234 255 103 243 255 14 145 255 29 255 78
    37 140 43 255 255 76 231 82 149 255 55 81 255 217 255 255 229 4 142
    94 255 131 255 100 84 231 255 34 255 255 3 255 255 11 121 43 214 255
    161 146 17 255 162 255 253 230 142 255 84 255 159 63 255 0 36 251
    255 120 7 255 73 255 129 255 68 255 255 80 221 255 17 255 129 255
    129 255 186 227 192 255 66 255 236 255 255 255 255 225 217 255 236
    234 255 255 255 9 126 208 138 78 48 255 93 255 255 135 142 163 78
    188 255 255 255 242 43 149 19 132 121 255 255 255 255 254 27 227 180
    111 255 217 255 72 202 255 255 231 255 255 255 255 255 136 178 76
    205 255 225 255 255 255 255 255 255 255 255 95 137 125 208 255 220
    255 199 32 223 85 9 61 255 255 180 12 0 255 22 255 165 255 48 255
    131 255 255 40 255 102 176 255 255 221 191 182 230 102 193 245 179
    255 22 253 17 88 255 66 236 24 61 80 255 176 8 17 199 254 205 216 71
    217 255 190 255 180 255 179 23 84 255 81 38 157 81 66 55 149 255 255
    255 139 255 255 255 155 255 203 255 255 173 84 51 255 255 113 255
    130 255 255 207 255 63 135 78 4 229 255 252 255 159 255 171 4 146
    251 206 7 133 87 245 244 255 164 142 240 168 255 255 255 255 59 151
    116 187 111 77 62 66 39 255 4 255 255 212 17 255 67 140 191 255 255
    255 19 255 244 253 138 255 212 200 255 175 19 208 255 255 148 179 15
    255 206 135 51 51 60 9 217 255 255 133 255 236 80 255 255 48 2 255
    140 118 255 255 68 83 166 63 217 73 96 255 206 97 244 255 51 119 255
    53 189 118 205 61 107 255 255 21 255 212 255 48 53 175 104 255 45
    149 219 255 94 136 18 255 255 255 255 248 106 44 255 255 114 8 110
    255 255 109 125 121 255 255 51 192 113 23 255 63 199 162 255 255 179
    246 255 223 17 172 3 255 57 255 162 255 170 214 223 91 178 255 255
    255 240 255 126 255 255 167 165 255 255 255 59 99 227 29 39 255 255
    53 70 67 150 253 255 7 204 144 255 255 117 255 206 34 255 255 153 79
    255 255 161 255 3 84 242 33 255 125 212 79 255 238 255 255 220 255
    64 255 241 255 255 255 255 71 255 255 255 255 217 255 255 146 255
    255 255 255 255 53 255 50 112 223 101 123 27 255 253 255 255 255 255
    255 40 250 255 85 118 184 255 80 255 13 48 195 255 255 113 110 38
    255 255 201 51 216 255 101 229 52 255 255 238 241 32 22 178 255 98
    255 255 255 255 255 255 255 255 255 255 255 29 121 106 103 41 146
    255 120 255 153 255 255 98 67 182 82 32 36 128 255 255 66 102 255
    210 143 95 255 255 165 92 255 255 195 17 255 135 255 255 255 255 255
    255 255 255 70 162 132 255 255 130 166 31 157 220 255 255 239 181
    255 255 44 151 255 255 125 245 80 255 120 31 255 253 3 42 44 255 255
    71 248 149 49 255 32 102 7 255 40 229 6 255 255 255 66 60 78 255 126
    57 210 7 166 255 239 168 85 255 195 236 255 200 255 22 2 255 255 255
    4 255 15 80 39 231 181 203 255 173 142 216 169 255 117 98 114 255
    255 68 255 103 224 255 36 255 244 147 142 13 96 38 140 255 106 255
    255 255 255 95 53 155 109 234 255 224 255 255 198 116 255 255 255
    255 255 255 85 255 255 34 255 255 212 10 154 183 206 255 255 255 255
    202 219 255 40 209 255 255 128 255 255 242 92 255 255 255 255 40 255
    255 255 255 110 136 5 255 15 248 255 122 149 255 91 255 57 255 154
    255 93 244 255 255 12 255 255 255 255 255 82 72 255 75 246 192 191
    255 220 166 95 99 87 100 255 255 255 169 184 4 195 51 108 95 91 255
    120 255 244 255 255 255 1 255 217 255 128 202 14 253 255 208 70 255
    153 207 51 231 255 255 8 73 255 74 10 197 255 200 238 153 251 255
    113 130 53 255 255 180 191 255 78 217 251 255 192 255 255 98 243 57
    98 43 159 74 31 255 56 255 255 113 133 255 49 188 106 153 255 255 48
    255 255 187 255 15 255 255 255 131 91 255 199 255 255 210 255 255
    255 29 17 14 255 255 36 229 183 16 255 255 232 120 68 95 255 178 255
    255 255 195 234 255 60 24 49 227 10 255 43 155 121 7 255 11 187 123
    255 76 255 159 255 114 236 243 255 255 255 80 255 221 169 45 255 255
    255 154 15 255 255 22 155 117 51 227 30 26 255 255 195 108 255 255
    43 198 87 255 66 116 93 255 255 255 255 255 255 58 91 197 247 255
    255 14 255 255 184 219 255 250 150 255 120 96 255 255 251 19 255 255
    255 246 15 187 255 255 255 181 82 255 255 14 206 19 181 106 255 126
    25 139 96 2 205 26 23 212 27 79 122 255 136 231 29 255 48 255 62 161
    207 161 84 255 255 241 255 255 236 5 240 255 255 227 37 225 34 22
    154 4 170 255 129 255 212 255 255 164 255 113 255 255 180 232 132
    230 255 108 30 109 255 168 72 2 220 255 13 255 26 9 62 22 115 255
    255 255 162 255 140 255 255 255 128 255 255 173 255 89 133 255 187
    91 32 255 150 210 106 16 255 255 255 15 255 245 184 231 107 41 240
    255 82 255 96 87 125 98 27 255 67 227 76 166 229 255 255 79 53 201
    255 255 88 210 255 168 255 217 255 255 255 162 255 255 223 255 255
    181 255 208 181 255 255 169 255 100 255 255 255 255 255 255 255 255
    127 255 255 255 184 75 255 255 255 255 255 246 252 255 167 121 255
    104 136 150 212 255 95 84 255 54 255 98 158 255 23 255 109 255 169
    255 255 71 255 255 150 87 255 255 255 255 27 3 255 227 162 42 165
    255 30 62 224 255 76 255 178 43 161 148 106 157 255 59 255 255 255
    255 112 10 91 255 255 77 183 255 10 255 78 132 11 19 0 104 122 255
    255 254 154 212 241 255 255 255 255 81 255 227 255 16 123 202 239
    255 78 139 184 119 176 255 255 255 92 138 255 255 38 161 255 79 255
    255 255 255 255 11 154 255 255 255 255 195 71 255 95 128 12 255 56
    255 79 60 255 255 201 10 47 255 190 19 144 174 255 15 229 255 36 67
    72 255 255 217 255 255 210 143 17 23 208 31 148 198 126 89 26 255
    255 255 79 255 99 255 125 161 255 51 212 255 144 183 48 13 217 255
    255 125 32 255 230 255 255 181 255 255 208 255 255 38 101 255 187
    128 199 255 255 117 113 70 151 40 212 255 93 255 255 255 87 255 255
    255 187 98 255 23 27 43 242 255 255 255 8 32 255 82 255 255 63 255
    255 205 26 255 255 255 255 70 70 255 166 198 255 87 173 45 205 255
    255 255 255 117 255 198 255 32 0 255 255 169 153 217 84 98 121 196
    13 12 92 255 58 29 85 217 255 255 255 12 255 151 212 255 23 255 255
    194 70 255 255 202 255 250 191 119 246 255 255 183 190 255 255 184
    25 224 255 255 55 46 61 48 17 61 255 255 91 255 195 255 121 255 72
    255 255 189 74 255 100 255 89 36 135 255 206 206 255 255 139 198 255
    255 248 55 252 255 229 125 154 91 190 203 212 107 255 255 165 255
    153 255 133 255 63 195 255 89 161 21 159 191 255 188 255 182 252 166
    26 150 255 250 52 225 234 155 255 110 255 183 255 22 244 140 40 255
    68 255 227 255 194 10 255 236 61 59 92 161 95 84 255 255 37 39 85 96
    55 123 255 255 255 255 255 112 210 116 255 99 41 255 144 68 242 92
    27 238 125 255 206 255 255 255 33 7 129 143 210 8 234 68 255 157 255
    255 136 77 255 255 255 155 227 255 6 159 255 93 88 56 255 148 217
    255 164 255 255 209 196 255 255 255 87 255 255 246 198 255 87 60 255
    151 255 19 200 234 133 255 154 219 255 121 249 255 143 191 255 164
    255 255 49 255 255 109 128 255 33 142 255 255 255 255 255 255 255
    103 217 255 203 255 255 41 36 255 99 92 19 33 255 19 36 255 246 227
    113 214 202 44 255 168 130 238 76 255 96 170 255 255 255 255 57 164
    255 72 148 121 246 255 203 255 255 193 149 190 39 0 103 255 130 37
    255 255 255 19 255 255 255 255 38 143 255 255 255 144 10 38 255 114
    255 255 255 173 255 19 36 255 255 255 217 175 101 255 121 38 47 191
    75 255 124 255 170 140 255 123 255 114 255 82 215 185 102 222 255 82
    51 187 255 255 255 23 51 255 255 255 255 11 255 229 151 150 40 255
    157 25 63 255 148 199 255 255 255 85 255 255 41 255 117 255 221 70 9
    68 255 255 151 102 196 255 255 255 255 139 15 96 169 255 255 1 108
    96 125 214 255 255 255 255 255 104 255 255 255 255 14 255 8 144 137
    255 135 255 255 150 77 87 170 38 85 26 53 132 255 7 246 54 255 255
    56 113 193 21 255 255 186 9 255 169 255 255 92 255 255 254 51 57 117
    60 146 15 191 229 255 184 255 203 222 66 255 243 244 104 255 53 220
    181 255 128 208 187 62 255 255 228 79 255 255 191 255 65 255 255 92
    203 255 146 255 189 186 255 98 255 2 255 255 26 255 199 255 110 133
    0 45 255 255 66 255 255 255 161 20 255 190 255 255 255 248 204 232
    116 81 198 255 83 40 171 255 103 147 255 15 108 168 84 255 255 51
    255 255 255 109 168 73 255 98 37 111 42 166 255 255 255 255 170 103
    121 255 255 255 144 255 255 255 43 106 216 225 188 195 52 255 102
    255 14 195 8 120 255 255 255 123 54 255 255 236 255 142 133 186 255
    44 255 166 118 255 255 255 255 40 168 255 13 177 241 255 16 255 32
    45 61 255 255 133 255 69 255 255 202 61 255 23 255 255 164 2 51 22
    255 153 181 202 57 255 0 136 217 255 66 5 255 255 255 255 255 100
    181 110 247 255 255 188 32 255 63 255 227 245 159 255 0 99 115 107
    150 216 255 255 255 63 132 174 255 255 70 255 0 255 187 255 70 255
    50 2 56 255 255 147 255 183 114 159 255 111 10 255 49 15 166 110 159
    153 143 104 115 113 147 78 223 27 255 197 101 76 255 231 148 58 255
    134 208 255 255 188 73 240 27 5 26 157 114 252 255 212 83 255 178
    255 255 255 108 88 205 255 255 220 255 255 214 138 84 234 255 66 255
    40 230 106 17 255 5 144 255 169 240 179 255 180 254 255 30 255 255
    255 255 137 255 154 114 42 100 255 30 255 140 255 255 255 255 109
    255 113 255 123 4 242 135 255 135 231 187 1 255 255 63 255 210 255
    255 202 98 9 96 247 43 59 44 113 174 255 75 255 73 149 149 255 200
    255 247 253 176 255 50 34 43 178 233 164 255 168 99 50 148 36 220
    255 124 232 255 186 231 255 255 255 255 255 255 255 255 234 183 255
    183 153 60 255 11 255 255 255 78 67 255 32 167 255 158 243 183 175
    255 255 84 255 81 194 113 70 143 255 253 96 255 255 175 179 255 255
    255 202 78 207 255 122 255 255 29 193 79 147 255 255 238 208 212 230
    255 159 100 255 108 255 255 255 255 73 255 16 46 253 255 215 255 107
    255 153 170 101 255 255 0 255 8 255 234 41 178 255 255 255 208 172
    255 255 27 255 163 102 174 225 30 255 140 234 104 255 217 255 255
    103 255 200 133 195 255 255 255 255 255 196 255 153 85 255 140 255
    255 93 191 159 164 82 255 255 255 255 113 65 255 255 255 79 197 255
    208 143 255 255 133 128 255 235 255 255 223 255 96 33 255 25 192 255
    79 255 255 255 216 255 185 148 255 8 23 208 255 206 56 127 188 246
    138 255 234 255 203 255 255 48 255 255 69 255 255 51 58 183 74 255
    214 70 7 255 131 202 165 115 255 93 133 24 255 41 102 255 194 214
    255 209 255 57 37 46 255 238 138 255 125 60 255 255 255 255 255 36
    81 255 191 255 19 143 129 255 9 255 27 10 255 195 255 255 255 80 23
    76 68 255 3 155 51 73 191 123 246 255 255 181 161 9 255 19 142 255
    255 255 236 255 83 62 255 6 255 255 255 103 255 255 144 255 255 106
    29 200 155 97 253 255 255 255 41 84 155 52 229 255 255 161 255 255
    193 255 34 255 255 27 255 255 16 191 182 102 184 93 29 155 132 188
    255 255 22 225 30 255 255 255 255 67 255 255 2 255 49 113 144 247
    255 255 11 255 255 235 248 255 11 255 138 212 255 113 140 255 255
    255 255 255 62 132 255 255 255 255 220 70 238 220 60 96 22 24 255
    172 255 255 100 202 125 92 159 255 255 17 255 220 91 255 175 184 255
    122 255 59 255 255 255 85 217 255 255 36 255 210 255 255 102 236 255
    148 255 255 88 0 8 30 155 255 195 50 146 47 255 115 216 255 255 232
    108 34 183 255 255 21 253 255 255 255 255 255 84 255 255 133 64 194
    43 255 162 255 155 107 123 255 84 65 255 238 255 255 201 44 221 255
    34 144 255 41 83 142 255 127 255 68 208 154 41 255 66 255 30 241 145
    255 175 203 40 234 203 255 136 72 240 245 255 214 137 147 255 36 65
    255 255 167 208 37 215 165 255 255 214 255 167 255 242 227 193 129
    65 255 255 255 255 195 123 255 255 215 255 186 155 255 104 255 236
    220 255 255 194 171 96 255 133 255 91 255 64 192 255 19 255 255 208
    254 255 255 187 255 204 230 255 234 255 255 166 176 255 191 255 255
    129 232 255 255 100 255 165 82 249 223 255 255 255 60 227 255 255 9
    223 255 255 11 88 255 255 3 31 8 18 255 66 255 58 208 44 255 91 180
    39 255 213 132 110 153 203 238 255 255 100 255 152 255 106 225 255
    100 191 91 19 255 172 255 225 255 71 123 214 236 255 255 255 237 11
    255 255 255 205 255 255 15 255 255 255 255 255 221 50 255 161 123
    255 255 169 174 255 181 236 136 255 255 144 255 255 192 255 78 173 9
    70 41 20 255 255 27 255 255 255 255 37 198 155 18 255 199 73 255 8
    221 102 255 155 32 255 255 255 255 219 196 255 255 7 246 201 255 255
    247 22 242 255 101 255 255 219 253 41 255 255 43 255 255 212 255 255
    150 255 255 133 255 255 33 183 212 179 214 225 255 53 255 73 212 255
    84 188 227 78 255 81 161 255 255 154 3 255 255 80 223 255 255 112
    234 255 106 137 111 255 125 61 153 236 255 255 255 255 219 56 255
    212 168 84 185 255 255 255 142 152 255 148 0 255 1 255 91 137 39 255
    252 229 255 191 191 255 87 123 255 255 133 223 102 79 255 186 255 53
    255 255 45 25 140 255 10 203 43 255 255 255 249 255 255 106 255 117
    255 255 255 208 255 100 184 133 250 143 178 255 255 255 61 177 15 19
    88 255 231 146 255 32 255 255 255 148 80 127 255 255 255 0 255 255
    230 174 74 255 231 255 36 255 255 129 166 74 255 255 255 136 255 233
    255 94 255 142 255 255 115 234 4 155 2 255 151 39 204 172 99 255 255
    251 42 255 130 255 92 255 255 223 188 255 29 255 255 249 106 255 175
    255 233 52 255 255 255 255 108 252 255 255 255 255 255 109 212 166
    67 227 255 18 0 236 38 255 255 139 255 74 100 255 255 255 255 255
    125 255 83 107 255 23 162 10 255 255 255 255 27 255 144 255 255 255
    155 251 255 255 55 238 164 255 255 255 29 144 177 234 255 255 214
    206 54 255 255 104 255 38 255 255 225 212 125 255 242 255 255 250 61
    49 10 96 255 77 232 255 255 34 0 255 255 2 255 5 252 243 255 9 139
    145 98 255 255 255 198 255 255 143 104 255 234 149 255 150 255 104
    78 46 53 54 255 25 255 229 81 27 73 231 154 255 255 197 255 255 74
    255 255 15 51 112 236 255 47 32 184 210 242 255 200 255 255 161 126
    132 255 106 255 255 71 255 255 255 87 219 175 255 255 249 255 134 65
    166 255 236 109 206 8 255 255 194 255 19 255 205 180 159 111 255 245
    123 11 32 255 115 92 132 252 255 255 255 129 43 15 18 255 255 128
    255 125 45 255 255 191 255 255 206 255 119 180 106 255 7 126 163 151
    225 217 78 227 255 165 173 68 154 39 159 214 191 255 71 14 123 255
    255 255 255 255 255 255 255 43 69 255 136 255 143 176 184 38 255 255
    255 255 197 255 255 255 145 255 255 255 255 255 255 255 168 255 32
    255 202 40 255 186 113 82 179 255 255 255 255 213 253 255 255 255
    112 14 183 113 153 41 255 91 255 255 32 255 255 107 184 110 132 215
    255 124 193 217 255 104 255 1 55 134 255 91 17 107 183 11 255 138
    255 255 232 193 216 108 255 255 128 89 255 255 113 255 154 255 255
    255 59 255 255 255 172 255 129 45 255 206 255 183 108 255 255 255
    255 255 11 54 255 55 73 135 66 231 48 153 0 75 255 255 137 255 106
    101 255 41 255 64 124 145 146 255 255 255 255 63 255 139 255 17 213
    255 255 255 255 136 82 255 104 44 26 255 63 138 248 246 255 246 93
    255 255 255 255 8 192 150 219 70 152 70 255 190 255 114 94 255 210
    97 255 99 255 123 128 255 255 60 15 255 22 255 70 136 70 180 54 22
    34 254 249 121 235 255 234 103 24 68 255 46 180 73 255 112 255 84 76
    65 50 255 32 3 255 117 38 255 164 143 255 107 255 255 255 145 255
    255 161 255 184 96 250 255 231 13 32 255 221 140 155 180 36 255 255
    139 255 255 242 132 255 55 232 240 93 94 255 255 255 255 234 255 204
    245 255 255 143 94 255 241 255 93 255 29 255 92 255 234 166 255 206
    255 183 255 255 255 9 255 169 255 125 169 138 223 219 255 255 99 47
    255 255 195 129 80 255 255 101 255 99 109 130 180 142 255 126 162
    166 208 255 146 59 195 255 43 162 89 133 255 255 181 34 255 221 255
    255 142 128 108 155 255 255 170 255 255 212 255 40 184 210 255 37
    255 255 3 31 223 73 244 255 147 255 255 255 9 91 34 46 255 245 255
    153 255 94 172 88 0 255 1 255 233 51 255 255 199 255 15 67 255 255
    255 255 255 114 138 255 255 255 255 139 10 255 76 255 255 255 68 34
    144 237 255 188 255 79 107 255 255 194 196 66 201 255 108 255 80 64
    102 255 242 201 255 255 136 130 74 71 241 255 255 214 172 74 255 255
    96 255 142 217 255 95 111 255 255 172 65 0 177 31 214 255 99 255 162
    255 176 231 152 255 212 255 255 45 239 255 255 94 255 10 135 206 58
    255 255 56 255 255 216 255 98 213 255 64 80 255 21 172 255 255 255
    255 255 93 255 217 140 255 255 255 39 255 243 55 132 129 101 36 236
    102 255 255 41 78 183 79 74 41 63 240 36 255 255 245 239 130 255 255
    74 125 255 255 184 38 255 139 46 25 51 225 165 81 255 123 118 251
    255 228 255 255 93 255 210 139 140 2 172 255 255 103 255 255 27 255
    108 255 255 255 228 255 202 60 43 255 16 241 134 175 255 76 106 255
    255 122 255 255 255 255 176 238 255 255 47 255 255 11 32 255 255 121
    138 245 132 255 255 255 255 80 255 255 203 255 100 221 255 78 255
    162 255 255 87 79 255 108 23 96 224 255 164 87 62 159 2 255 255 255
    255 197 198 255 255 220 93 69 38 255 255 26 187 74 31 119 255 174
    255 255 255 255 249 31 255 255 94 127 142 101 227 52 246 255 69 255
    255 255 255 255 255 17 255 255 255 43 82 96 221 234 255 144 124 19
    255 139 0 255 19 138 163 159 68 255 154 120 163 82 243 227 30 202
    174 49 255 255 209 2 255 192 255 255 201 56 255 255 79 255 219 120
    38 255 135 255 144 255 225 255 80 66 255 145 255 111 255 255 212 255
    255 242 255 255 255 231 255 255 255 242 177 173 255 255 114 255 255
    255 255 65 14 178 147 193 255 219 255 9 172 255 255 225 50 255 255
    255 68 104 5 182 173 12 255 111 255 255 255 44 229 208 31 255 255 99
    15 255 222 255 255 255 255 8 255 255 95 26 252 62 5 255 255 207 129
    249 50 170 3 229 23 255 255 47 67 255 255 255 96 255 69 255 231 4
    255 195 126 255 8 255 142 8 236 215 191 65 248 255 166 255 255 133
    70 255 109 255 38 255 56 255 255 70 255 188 73 134 254 241 234 120
    255 255 74 255 72 255 255 255 255 255 255 255 255 255 255 123 255
    132 255 255 190 255 21 133 255 87 255 255 17 10 248 255 255 208 255
    66 184 157 154 255 255 58 241 255 168 116 255 126 255 248 5 203 223
    191 255 255 159 255 149 214 255 255 162 118 255 216 255 255 255 176
    255 12 46 255 214 65 6 3 140 255 54 207 78 255 244 0 255 2 255 7 255
    255 255 61 87 255 255 255 87 114 255 40 41 117 255 161 127 221 255
    123 219 196 255 214 166 23 19 108 125 246 121 244 148 255 246 23 234
    255 26 205 255 37 24 9 197 169 231 255 255 51 132 157 130 245 61 248
    36 255 255 132 210 159 255 65 62 12 255 195 255 255 119 255 255 221
    209 255 255 212 91 255 255 231 166 186 255 255 126 41 255 47 255 255
    255 174 64 140 234 255 7 255 255 89 255 25 11 255 17 255 255 155 225
    255 255 184 236 255 210 255 253 184 255 255 255 188 255 155 255 255
    153 140 59 241 255 40 255 255 112 0 227 255 157 7 68 14 255 183 29
    255 117 255 214 255 161 255 255 47 255 255 255 5 40 80 255 165 77
    255 55 85 138 13 197 120 89 255 255 255 147 0 255 255 255 255 255
    255 119 181 217 74 247 255 255 136 255 204 159 255 104 255 178 255
    255 255 255 255 255 89 225 255 255 255 255 216 60 173 255 255 39 255
    52 255 255 10 198 61 246 255 117 181 255 255 255 237 255 255 22 255
    186 255 25 10 255 255 117 130 236 21 255 255 255 43 255 22 255 225
    255 255 102 165 91 255 192 241 93 255 244 255 255 255 246 228 150
    240 100 106 193 255 104 36 188 227 255 255 255 255 16 53 25 63 255
    255 122 255 146 255 184 233 255 255 191 255 179 115 111 255 6 255
    255 212 146 77 217 59 255 115 183 231 174 81 130 87 179 231 255 187
    111 255 67 255 96 162 255 255 99 255 255 255 152 233 255 255 255 45
    255 142 219 46 81 214 255 100 37 255 11 45 106 255 255 87 255 70 255
    28 81 161 11 5 203 199 177 10 28 107 12 255 41 255 227 34 65 255 255
    225 255 255 178 255 69 106 195 131 184 91 255 108 255 103 241 255
    255 138 255 255 255 255 255 255 89 255 120 255 205 255 108 142 126
    255 103 20 161 183 132 176 85 255 208 255 255 96 247 176 8 191 255
    102 255 97 255 150 255 255 158 55 151 198 255 255 80 244 231 219 27
    255 67 255 113 124 51 187 255 9 255 255 255 255 255 155 255 223 186
    87 70 255 255 107 224 255 168 75 255 41 53 45 96 48 255 47 147 142
    25 249 255 43 255 255 19 255 81 255 79 51 255 87 113 202 220 212 255
    255 255 19 255 185 32 10 142 144 145 221 255 121 202 71 255 253 169
    255 255 159 244 255 183 102 248 255 255 64 60 255 255 54 159 53 162
    154 19 36 38 210 255 255 55 114 255 255 11 255 70 3 193 121 136 106
    255 195 255 74 208 229 74 255 255 250 84 255 193 107 255 255 87 255
    255 225 70 255 214 159 255 102 255 151 16 255 255 77 255 255 169 229
    255 107 255 180 78 241 255 148 186 9 255 29 204 173 255 255 255 255
    255 239 101 106 255 29 210 255 236 255 210 133 255 255 255 255 49
    167 255 126 255 221 73 161 255 190 246 255 74 27 255 120 255 42 18
    217 117 255 164 110 255 217 74 153 190 6 255 255 255 255 255 255 169
    120 21 49 255 255 255 67 255 212 92 246 89 19 255 255 208 255 201
    215 255 255 255 255 186 255 25 129 255 206 137 255 255 255 255 255
    231 255 70 74 255 255 129 255 47 255 255 161 255 255 49 255 255 255
    85 143 151 223 53 19 114 255 185 137 80 255 255 56 125 252 255 55
    255 255 255 1 255 255 197 219 98 73 104 255 113 154 208 36 27 125
    144 255 244 76 99 255 164 140 255 14 181 255 214 215 89 58 231 168
    77 43 255 55 255 255 255 106 255 206 118 212 16 55 255 201 87 51 255
    55 255 52 255 59 124 255 204 144 80 200 168 128 204 255 255 168 144
    97 95 242 96 255 255 214 159 19 190 255 95 208 255 92 149 21 243 255
    110 255 143 163 150 255 255 255 43 255 181 108 199 255 9 9 38 255 32
    255 255 255 208 75 170 176 255 9 148 255 255 52 255 255 4 243 255
    188 255 255 15 24 119 14 255 255 147 219 166 224 205 178 155 210 32
    98 255 255 255 255 138 180 255 255 255 188 255 255 255 19 59 167 140
    12 102 255 255 255 165 255 118 217 187 3 219 153 5 255 255 10 115
    255 219 255 52 255 136 96 255 195 180 24 176 184 246 255 85 46 255
    255 137 255 175 255 255 34 255 255 81 255 255 255 255 255 255 255
    183 117 113 255 228 87 229 124 215 255 125 212 255 255 255 255 209
    244 197 73 255 227 44 255 72 255 255 102 255 17 255 199 161 244 255
    5 255 48 26 98 12 97 255 150 3 129 255 39 255 32 130 112 74 255 9
    255 255 40 135 132 161 246 255 255 213 24 197 126 255 255 118 220
    255 0 255 216 255 195 191 128 171 255 91 70 166 255 147 202 62 102
    36 45 255 255 65 236 225 255 255 108 70 142 255 27 164 100 91 246
    157 255 79 219 18 255 255 175 161 255 255 255 255 16 20 85 255 255
    21 177 232 255 74 255 255 59 85 178 164 108 157 100 255 76 99 137 15
    203 73 95 220 255 255 103 255 47 255 255 255 139 149 110 208 173 187
    77 255 229 255 61 74 255 255 78 249 77 255 165 145 255 135 255 168
    89 161 202 179 195 255 255 51 255 137 118 132 255 255 255 118 126
    255 202 178 176 255 255 104 194 155 255 183 39 255 150 255 255 183
    195 255 147 255 189 11 255 255 255 255 255 255 167 255 54 116 217 82
    198 123 176 68 149 16 214 255 254 133 174 255 138 161 51 56 255 107
    5 79 14 118 255 255 255 81 177 255 255 131 255 255 255 121 255 255
    255 34 180 237 255 113 167 255 33 116 206 235 48 78 44 243 130 255
    121 255 147 150 11 3 178 49 81 255 30 255 32 62 52 108 255 255 22
    255 255 255 53 255 255 178 124 255 202 250 255 47 255 255 255 254 92
    9 255 202 255 115 241 255 255 96 255 71 255 255 30 24 255 155 181
    187 255 255 4 172 255 210 199 255 255 253 41 255 148 36 255 56 31
    250 1 68 104 210 255 117 255 255 255 111 255 159 1 99 255 253 255
    255 255 111 117 151 255 255 255 255 132 255 24 255 104 171 144 118
    255 255 255 26 42 255 5 125 255 38 255 255 255 255 188 255 208 224
    31 255 255 162 151 255 255 55 91 152 255 255 255 4 33 20 144 212 80
    182 32 255 255 255 130 255 27 38 100 38 198 255 205 255 255 249 174
    255 164 121 255 255 102 255 164 188 59 41 255 100 47 255 165 255 255
    255 71 14 112 78 255 134 223 53 26 245 255 66 113 179 255 255 188 81
    0 50 255 161 255 78 255 255 255 255 3 180 255 255 255 157 72 255 255
    48 100 255 255 255 236 14 45 255 14 172 234 72 255 220 255 255 225
    92 255 0 255 2 255 193 255 147 224 255 14 255 255 5 161 89 255 162
    255 5 26 255 247 255 255 232 255 130 214 236 132 255 68 244 187 191
    255 26 255 255 255 149 144 36 171 96 144 255 2 52 41 255 52 186 227
    209 229 180 255 255 255 255 255 255 255 255 255 55 255 93 209 255 57
    88 75 110 255 255 255 255 255 83 254 70 32 243 255 187 255 91 176
    224 255 255 74 255 59 4 255 246 103 255 255 243 154 255 255 255 255
    62 255 255 209 255 255 255 190 255 41 255 255 159 255 112 255 255 34
    164 108 253 255 108 25 126 184 252 14 56 255 212 255 79 41 174 127
    172 178 2 21 137 17 205 84 242 133 255 202 255 255 255 255 251 193
    93 154 255 10 225 236 93 181 163 255 162 208 255 133 255 95 138 112
    147 255 255 10 255 255 255 255 117 187 80 189 255 217 255 210 255
    255 255 118 255 41 255 43 16 255 255 187 255 151 29 9 255 255 255 64
    1 255 255 111 133 255 232 255 117 249 212 55 77 193 255 235 255 91
    255 249 144 158 15 255 32 255 9 176 96 255 77 255 255 172 87 255 255
    167 255 153 255 233 104 255 255 217 113 255 255 202 155 183 80 238
    255 255 255 0 255 61 117 12 255 187 50 13 238 255 255 255 132 157 82
    248 15 194 212 25 16 2 102 246 255 255 191 255 117 217 22 2 137 155
    89 37 255 255 255 255 170 27 87 55 209 255 26 255 227 42 99 255 138
    113 5 83 255 179 255 232 255 140 255 212 238 219 120 26 45 123 255
    230 255 255 124 255 255 41 255 255 77 179 157 59 126 255 255 255 53
    255 178 231 62 255 255 63 255 231 162 50 255 18 89 25 255 87 255 220
    15 255 255 10 255 217 227 25 131 255 255 255 183 165 238 255 255 255
    162 240 120 178 40 25 255 78 40 186 76 67 22 255 150 255 85 255 255
    62 255 9 255 255 255 81 202 85 255 255 85 255 41 198 255 255 255 255
    205 164 123 197 255 255 255 255 255 223 38 42 4 255 255 33 255 216
    252 171 96 151 255 255 158 255 25 191 255 72 173 255 183 165 255 72
    60 255 255 255 44 98 209 255 255 25 255 32 255 99 255 85 65 191 255
    166 255 255 143 255 255 108 255 51 36 255 12 137 121 255 149 178 172
    255 255 255 188 255 168 43 8 255 179 255 150 229 62 206 84 166 99
    179 229 15 251 255 245 171 25 214 215 255 142 130 68 255 255 255 66
    89 238 255 123 246 137 130 255 122 255 193 77 132 187 136 205 189 15
    255 183 48 91 8 221 255 238 100 118 8 133 46 255 250 255 255 255 255
    255 220 2 255 255 166 255 118 154 102 255 178 161 231 79 255 164 231
    255 255 255 255 247 222 98 168 255 6 255 164 23 255 255 68 73 48 6
    62 91 255 255 167 255 172 24 55 255 255 47 148 255 165 255 232 233
    255 24 112 255 48 255 255 29 255 34 58 193 16 255 255 203 84 195 136
    255 95 136 55 234 255 195 91 255 99 43 100 255 40 14 255 68 255 255
    28 216 255 193 255 255 255 255 84 206 92 75 76 139 255 255 21 255 98
    89 251 104 255 171 195 76 255 255 133 0 250 255 113 255 224 149 255
    255 58 242 255 255 191 255 255 255 187 255 255 113 255 140 210 70
    255 255 255 208 255 253 59 59 241 13 15 255 95 33 255 248 175 255
    255 93 32 255 5 38 229 165 255 255 139 255 219 36 58 255 25 255 78
    255 224 155 235 162 42 93 80 26 255 255 174 92 255 216 255 255 255
    255 255 255 231 111 255 102 255 255 4 255 255 255 255 255 67 227 70
    1 85 59 181 255 255 65 255 43 199 208 189 153 169 255 255 255 204
    255 17 255 87 63 187 255 114 157 236 255 191 113 255 212 157 128 255
    169 227 255 147 255 255 67 255 30 255 243 255 201 99 255 29 255 182
    255 255 255 121 255 255 12 222 255 255 255 255 188 171 26 249 101
    255 190 255 138 34 255 255 224 96 255 170 92 21 5 255 255 137 255
    138 136 80 157 170 255 255 205 255 96 56 255 255 111 255 255 255 255
    159 186 236 255 255 255 45 49 255 78 55 255 236 255 214 255 255 113
    255 128 50 72 238 255 68 198 164 255 164 152 163 4 255 255 255 232
    246 191 255 61 255 255 223 255 255 255 175 255 132 177 135 255 249
    150 100 234 255 255 114 29 255 95 237 255 49 255 40 253 255 180 89
    255 78 33 75 255 77 220 255 143 255 255 38 43 255 255 190 255 216 24
    255 255 22 255 181 255 28 93 255 255 230 237 83 184 255 238 15 80
    149 33 255 123 255 123 214 161 137 255 33 255 15 49 255 255 255 7 93
    111 239 144 255 133 255 253 255 34 252 75 255 223 99 255 136 36 255
    87 126 255 255 255 202 255 140 255 81 24 255 100 101 159 159 14 98
    84 22 233 186 125 87 139 186 180 255 84 11 255 255 255 255 188 255
    198 222 255 161 255 255 190 137 21 245 255 161 41 214 255 36 255 219
    4 255 98 255 255 255 254 152 255 255 255 182 255 169 89 144 36 57
    187 219 19 88 51 255 255 24 23 241 255 255 192 255 255 255 19 255 55
    255 255 32 255 153 239 255 255 158 255 255 173 72 255 255 255 172
    255 14 95 242 255 151 150 255 255 88 91 255 175 255 255 125 255 255
    243 56 255 87 32 129 255 255 163 14 255 155 255 255 102 255 255 255
    30 255 78 23 154 238 107 255 189 158 255 79 129 94 197 66 166 255 14
    19 255 85 147 255 27 255 255 217 255 87 255 255 255 191 79 255 255
    255 255 10 255 144 216 198 195 255 255 248 60 67 255 210 255 255 96
    255 255 213 56 165 194 75 255 255 255 193 158 92 255 48 39 255 255
    96 180 142 36 255 255 255 168 255 255 255 3 173 42 0 255 163 209 63
    255 188 205 148 209 255 255 255 169 255 206 255 255 10 5 195 255 225
    15 220 231 110 181 12 255 129 91 106 253 179 187 202 24 255 194 255
    216 98 255 255 249 248 234 216 2 163 85 184 255 146 255 30 109 138
    255 87 183 2 48 118 255 25 55 234 91 149 255 255 244 255 147 255 6
    92 27 252 55 113 221 234 255 255 14 236 242 165 255 255 255 255 255
    255 167 255 255 198 231 85 184 172 172 80 255 153 181 255 114 87 255
    255 145 68 191 205 255 47 251 252 183 255 255 255 255 34 62 43 255
    223 255 255 126 169 132 164 255 15 117 97 255 255 169 0 92 55 255 89
    243 255 104 130 25 186 241 106 245 255 255 19 215 255 54 60 255 255
    48 151 115 190 231 253 255 255 67 255 255 176 29 255 255 60 255 238
    255 255 181 205 153 255 255 255 58 255 134 78 135 255 177 255 74 255
    210 255 255 121 174 255 50 102 177 91 242 84 84 183 255 140 43 62
    225 130 107 79 255 183 65 112 84 12 208 255 104 255 164 255 2 255
    255 255 121 255 153 15 193 255 255 253 255 147 255 108 255 255 191
    23 186 2 219 75 231 95 200 117 190 255 255 85 255 108 255 217 255
    255 255 255 109 143 255 30 255 255 183 217 236 59 0 255 117 169 119
    173 126 110 93 255 255 197 255 78 224 255 100 255 255 255 99 255 168
    92 224 212 255 255 53 255 43 157 70 89 255 255 255 127 212 142 6 133
    255 255 15 41 9 255 225 238 255 184 255 255 116 255 23 255 255 52
    193 134 170 246 255 255 255 255 140 255 255 246 114 255 11 97 255
    254 255 113 168 143 11 18 70 255 106 255 57 253 255 255 150 208 255
    255 138 255 242 255 170 109 17 159 168 143 30 255 255 132 255 20 155
    49 184 255 224 255 255 154 106 255 69 255 255 214 255 117 52 253 255
    236 101 47 183 111 70 122 255 23 255 255 255 69 215 253 255 80 253
    255 255 238 255 255 255 48 181 255 206 174 4 194 255 255 255 255 255
    60 255 148 175 239 255 255 108 255 255 108 200 255 255 255 228 200
    255 102 9 255 255 255 6 205 255 34 255 79 187 15 255 78 66 255 78
    135 184 255 210 255 36 21 255 236 74 75 255 158 255 49 203 255 255
    255 55 121 30 255 78 255 63 255 124 106 129 255 174 151 255 97 2 234
    212 2 187 255 255 102 113 255 48 255 255 255 50 17 170 232 255 26
    188 180 255 173 159 66 0 231 255 20 132 173 255 255 158 152 255 255
    2 233 63 229 255 255 255 123 255 255 13 128 101 255 89 215 15 3 56
    255 80 20 231 255 159 255 91 255 66 106 46 100 100 17 34 82 255 110
    51 255 38 63 255 45 213 255 30 210 63 255 89 179 32 120 48 255 195
    255 13 255 255 255 38 255 255 217 174 11 255 255 238 232 34 255 255
    0 21 22 255 98 231 255 255 255 109 87 172 142 182 99 255 255 232 255
    255 255 255 255 176 255 255 255 203 255 192 253 255 51 253 255 144
    147 255 232 138 93 10 253 172 107 255 255 129 255 255 234 255 187 15
    255 255 255 39 255 54 15 9 255 38 66 246 48 255 192 67 36 206 244 59
    224 108 255 87 130 210 19 255 255 129 22 255 183 217 96 15 255 98
    255 108 89 162 232 59 201 255 200 255 255 255 198 133 193 242 255
    255 225 255 255 241 63 30 255 132 255 147 255 255 84 255 255 199 120
    110 122 2 40 8 255 127 255 56 255 255 183 26 208 96 185 180 255 255
    255 164 255 255 255 38 255 58 89 10 255 255 255 73 255 166 190 255
    146 243 255 255 255 74 201 171 85 110 255 93 129 10 200 19 202 255
    255 166 216 206 53 255 63 255 200 164 255 255 177 225 125 255 255 74
    49 255 255 5 255 157 151 70 182 3 126 104 52 155 255 183 169 255 113
    60 163 91 255 98 216 255 166 255 255 255 16 190 255 93 255 255 255
    203 255 137 113 62 234 249 53 36 203 11 255 255 255 146 142 4 221
    255 36 253 104 234 82 84 255 65 255 255 187 109 189 173 22 255 255
    255 255 100 85 255 166 184 255 172 255 64 109 145 11 255 255 255 89
    255 255 27 73 255 159 118 159 225 193 255 239 108 6 224 104 217 120
    255 255 210 29 255 49 198 121 10 255 132 10 200 255 87 255 255 140
    255 95 234 255 255 19 198 255 3 255 255 67 255 255 168 255 200 69
    255 70 161 255 45 110 29 2 224 56 104 104 255 185 109 212 255 255 7
    26 255 5 255 125 255 113 254 255 255 179 169 255 255 255 200 255 217
    151 85 195 223 67 255 96 44 96 134 136 255 255 219 186 68 202 255
    255 140 255 255 96 208 255 191 38 255 54 255 34 66 113 108 23 255 43
    255 255 255 255 193 170 234 255 255 175 10 255 99 255 123 202 255
    234 29 255 49 255 202 119 175 63 70 202 207 182 255 255 57 255 108
    255 129 255 255 242 2 255 188 19 255 249 255 193 255 48 89 247 255
    19 170 77 255 37 255 255 106 255 62 48 32 125 219 191 246 132 225
    255 255 91 255 62 222 76 212 255 255 255 255 25 228 255 255 183 255
    255 213 255 255 148 31 255 3 67 15 255 255 146 85 255 255 181 224
    255 209 31 149 220 255 45 194 162 255 27 255 255 183 5 40 184 178
    255 135 255 250 255 255 255 99 176 168 92 255 255 113 96 104 114 255
    240 150 208 255 201 198 255 172 12 255 255 255 185 81 70 165 228 19
    255 227 255 83 255 215 255 63 255 255 255 234 255 25 41 255 43 255
    255 203 143 255 230 244 204 4 255 255 224 255 72 107 255 178 129 210
    255 115 255 36 177 198 55 176 55 36 106 48 255 132 225 49 247 48 204
    255 255 255 117 77 255 52 255 200 250 255 64 40 79 30 93 227 255 77
    214 87 153 255 255 69 133 89 8 255 62 254 255 255 202 255 208 34 217
    157 255 255 17 12 10 204 255 229 142 114 34 253 186 255 89 255 255
    81 87 255 123 255 155 123 255 203 81 191 91 26 117 116 255 217 255
    255 56 55 40 231 255 45 255 116 125 38 220 223 255 32 43 250 255 255
    197 231 255 252 161 255 255 191 197 250 255 189 255 140 95 126 234 0
    230 114 255 203 255 204 143 255 255 58 255 244 49 166 255 255 63 149
    255 255 6 255 43 255 184 196 255 169 227 255 187 91 178 38 255 146
    41 162 255 214 241 106 236 255 255 137 159 138 208 255 255 255 255
    23 255 24 255 99 58 216 12 229 117 195 190 91 59 255 255 213 255 197
    255 149 255 255 41 28 89 61 127 255 255 155 98 147 248 133 255 255
    144 255 144 255 102 255 154 171 70 115 41 255 109 255 255 255 200 64
    16 255 108 161 205 255 255 159 246 162 255 255 176 150 255 194 255
    51 210 255 127 255 255 165 255 246 255 180 34 255 214 255 255 10 79
    255 124 123 255 195 67 183 245 239 234 153 195 255 102 255 255 153
    109 255 209 246 19 38 255 172 255 255 231 209 0 255 107 239 15 111
    200 64 183 41 255 255 255 255 29 2 51 84 255 138 32 255 81 255 255
    255 168 255 255 122 255 30 255 84 223 30 255 127 14 255 255 82 109
    34 255 149 197 77 179 121 199 188 255 59 53 132 84 75 255 120 255
    255 59 178 4 19 149 240 255 255 157 147 116 166 214 255 255 114 22
    157 255 255 255 255 255 206 255 255 255 159 239 255 255 190 255 110
    53 255 82 255 255 180 24 255 255 7 255 216 255 255 99 255 248 255
    255 255 62 89 216 67 255 231 55 24 255 21 43 255 255 255 255 213 255
    106 165 255 155 225 255 121 91 118 23 197 155 193 169 244 4 175 224
    102 40 255 255 252 255 72 186 231 255 96 255 255 1 255 219 55 104
    255 125 234 255 34 255 13 255 123 255 255 190 255 188 31 70 255 255
    100 255 229 195 255 73 255 255 113 43 255 255 255 227 3 255 255 150
    110 247 255 255 255 255 110 206 255 255 96 3 252 29 255 252 255 186
    255 255 243 255 255 113 255 255 255 255 235 255 93 241 255 40 255
    130 252 26 255 2 87 243 255 255 255 255 238 91 255 41 195 0 255 24
    168 78 24 231 76 190 83 231 184 255 224 255 255 210 255 255 15 255
    255 111 210 62 255 255 172 191 114 255 255 244 255 255 255 255 3 255
    93 40 255 255 151 96 8 198 255 155 255 255 255 236 181 255 74 255
    255 234 26 255 164 255 2 10 255 255 255 224 17 255 104 255 255 17
    255 55 75 255 255 82 255 194 113 255 255 232 189 255 96 255 246 169
    138 74 255 255 147 154 255 34 9 51 255 9 43 249 29 30 249 3 70 121
    32 113 217 255 255 131 246 255 249 255 255 146 222 255 52 24 248 109
    152 255 255 5 96 115 255 255 14 255 255 255 5 68 148 203 168 33 36
    100 63 255 255 255 48 178 199 255 255 107 255 255 255 255 26 219 140
    255 255 56 255 214 255 102 12 109 112 236 255 165 82 142 130 255 92
    255 255 255 255 255 255 146 255 255 51 255 255 255 111 255 255 0 179
    59 246 255 246 124 255 32 92 108 255 168 186 72 49 255 95 165 155
    216 254 255 255 254 183 168 16 65 255 38 147 255 41 34 55 212 116
    246 255 255 255 250 152 255 87 255 112 169 48 76 255 96 23 255 157
    161 255 34 216 80 183 255 47 125 78 129 208 255 246 196 98 255 255
    255 23 225 157 25 255 255 255 237 206 255 255 255 206 164 130 255
    255 255 177 5 216 169 80 255 49 126 23 65 255 255 78 255 172 255 101
    255 255 0 17 154 118 26 54 255 255 246 255 255 23 27 19 143 225 78
    122 255 216 62 255 255 255 255 81 184 255 98 255 159 255 217 255 55
    175 178 255 255 186 78 11 255 234 255 152 19 26 255 149 255 255 72
    161 234 146 30 255 255 250 75 96 10 171 255 169 17 255 255 60 255
    255 34 255 111 143 255 205 214 91 115 255 255 190 67 72 78 212 149
    255 55 255 59 121 185 146 202 182 14 255 255 255 255 36 47 9 255 144
    255 255 148 44 68 235 255 255 183 255 255 100 183 0 146 128 255 255
    38 255 228 255 55 255 3 255 255 111 255 255 255 255 255 255 255 234
    255 225 170 84 57 18 24 255 255 255 255 255 53 49 255 222 255 7 63
    89 121 255 255 109 143 255 95 178 255 255 255 255 122 255 255 143
    255 98 172 222 136 179 255 255 157 234 255 255 200 51 150 255 214 54
    174 231 52 255 255 62 82 178 232 184 255 166 91 255 38 220 255 95 22
    176 22 32 28 255 121 255 45 55 255 255 68 100 255 255 255 88 255 255
    225 31 255 85 202 255 255 3 255 111 214 240 27 255 255 255 255 255
    247 179 223 73 255 255 194 19 11 69 255 83 255 217 255 255 32 30 255
    255 255 29 118 238 126 255 255 16 208 42 135 255 255 239 255 34 255
    255 238 27 255 255 255 225 17 255 190 255 255 43 255 255 70 255 159
    125 70 250 126 255 136 255 255 255 80 253 255 43 212 3 24 197 246 73
    19 239 24 129 88 125 255 5 19 255 81 152 155 255 132 153 255 255 255
    195 99 255 38 255 25 255 239 238 99 224 214 255 200 255 224 234 255
    54 215 121 33 255 255 54 255 206 55 239 255 255 19 115 139 20 255
    243 38 36 255 255 142 14 91 199 255 255 255 132 255 221 221 255 255
    255 202 95 82 255 132 30 255 255 177 114 2 143 32 255 231 255 255
    255 5 255 74 255 104 27 193 255 71 212 210 165 14 2 14 145 255 255
    237 255 0 20 185 255 255 138 255 255 255 255 96 100 255 29 2 191 31
    255 255 126 255 255 255 255 49 232 255 234 155 255 220 114 238 255
    255 255 92 255 142 27 15 8 255 7 166 255 167 234 56 255 227 198 116
    255 190 232 255 203 212 255 158 159 255 59 255 255 255 255 112 255
    152 136 1 255 108 181 3 255 169 255 255 98 126 255 255 183 255 12
    255 255 255 92 255 12 60 142 96 231 36 118 39 255 56 132 25 54 58
    255 190 109 223 232 236 38 98 255 255 241 3 255 15 118 255 151 186
    255 177 178 121 223 27 0 255 203 234 255 219 9 255 255 255 157 255
    255 23 65 119 52 94 255 125 255 176 255 9 132 255 255 255 155 255 47
    255 39 106 255 0 255 198 255 206 129 255 255 255 198 255 255 255 180
    212 255 255 184 162 42 255 5 255 27 255 255 186 53 180 201 222 129
    100 255 255 120 125 76 255 255 255 255 87 255 191 255 121 255 255 36
    65 26 25 252 116 255 71 237 191 242 255 255 255 179 140 49 255 255
    150 255 255 122 80 191 173 234 255 150 255 9 77 72 161 255 108 255
    255 111 2 255 255 112 148 255 255 41 2 199 202 116 255 23 225 255
    131 255 255 255 80 255 139 0 96 221 43 255 255 255 132 220 255 144
    73 38 34 255 255 255 255 27 255 129 255 66 255 255 255 255 224 98
    255 255 93 92 154 166 170 255 255 74 145 255 255 121 229 234 255 0
    87 102 255 255 10 45 255 255 72 78 3 255 133 113 199 216 123 189 255
    255 255 247 51 102 241 174 115 255 255 255 230 255 210 255 255 255
    250 9 255 255 132 151 195 183 255 255 157 221 180 51 255 30 44 255
    255 101 255 5 219 255 255 41 255 21 173 250 21 79 132 217 3 138 221
    255 96 255 220 255 255 255 123 184 255 255 255 255 255 135 118 168
    102 53 246 144 12 78 255 72 206 172 225 72 71 68 79 128 19 255 120
    155 255 255 244 64 115 97 26 33 97 255 255 22 255 255 121 255 255
    183 159 54 255 255 11 232 70 255 255 255 124 17 178 169 27 255 128
    255 253 179 48 19 4 3 199 15 215 174 148 215 61 255 31 255 150 246
    206 12 150 85 181 246 255 96 217 98 255 255 43 209 44 255 255 255
    255 15 173 98 30 255 45 159 184 255 255 12 255 255 173 170 143 255
    255 70 155 6 214 173 255 158 255 231 16 61 255 255 255 255 142 208
    165 255 255 255 59 99 42 110 17 146 140 255 95 84 255 185 255 29 255
    44 176 255 235 84 236 255 29 62 255 120 227 255 255 66 92 46 255 0
    48 255 60 251 93 63 255 255 137 161 195 209 255 140 157 255 255 255
    61 125 255 244 255 33 60 255 217 75 163 120 116 255 224 231 255 153
    114 255 210 157 255 49 159 255 23 116 250 111 255 255 255 202 255
    255 255 255 255 14 43 255 255 255 82 143 255 247 255 187 250 145 255
    255 44 113 19 255 255 255 24 121 56 215 255 82 255 13 44 255 214 186
    255 13 133 203 255 122 255 146 255 20 117 255 12 217 5 155 210 45
    178 68 27 34 255 255 255 197 255 123 93 255 255 121 8 196 130 103
    232 113 144 70 255 255 255 117 32 135 255 43 255 255 148 255 255 44
    255 255 190 43 227 1 166 255 212 87 255 104 92 40 255 255 72 224 212
    255 98 96 255 80 255 255 87 237 100 255 255 85 228 166 255 212 255
    221 194 56 255 170 89 178 220 255 255 219 212 255 255 195 242 125
    255 159 255 222 23 88 39 255 214 220 255 179 173 255 255 70 32 255
    212 191 208 5 85 206 255 255 253 255 36 228 255 59 41 255 255 227
    255 28 89 255 255 93 222 102 58 255 255 255 255 229 232 85 8 255 104
    250 87 9 78 102 255 121 131 255 242 34 46 4 23 255 129 142 255 255
    255 255 187 255 164 255 255 255 78 30 113 255 4 135 191 255 255 28
    255 255 36 255 84 255 120 161 255 241 237 255 137 244 113 126 255
    113 197 38 255 255 19 255 29 203 255 162 22 45 201 20 30 129 237 255
    255 219 255 36 10 210 255 231 26 89 255 253 255 232 255 255 255 255
    221 229 238 77 255 255 203 255 255 255 7 170 194 128 252 41 191 236
    146 116 85 255 255 163 255 215 255 255 92 255 63 224 210 246 186 255
    45 255 96 228 255 255 122 80 132 255 255 23 255 162 214 120 145 255
    188 36 15 255 17 2 146 208 255 255 121 212 25 145 255 146 102 255
    113 91 255 18 178 238 183 65 255 139 255 17 255 255 17 84 150 255
    252 99 170 195 255 255 73 255 19 186 2 144 58 255 136 110 106 223
    137 255 255 255 255 255 220 255 255 255 255 140 255 203 255 56 155
    238 150 255 255 151 255 255 154 46 206 60 113 234 203 255 95 26 77
    255 255 255 55 69 255 197 255 255 255 140 255 36 254 89 255 255 255
    132 95 22 255 247 149 255 230 255 204 74 255 255 255 118 130 82 214
    117 45 255 255 255 255 233 192 241 83 202 255 255 255 255 255 106 14
    106 142 96 47 255 255 255 168 255 155 102 68 168 254 20 42 230 255
    70 255 255 255 255 46 47 117 255 255 104 255 255 255 97 250 255 113
    255 198 255 255 255 109 81 249 255 255 197 171 255 213 152 255 143
    255 255 180 190 42 10 128 252 255 38 108 246 231 21 252 132 255 118
    255 57 129 3 66 137 32 172 40 92 189 216 63 255 103 255 202 1 212 70
    255 176 255 21 255 255 74 255 255 159 162 255 255 255 255 255 255
    174 36 225 153 44 255 255 225 255 13 255 255 255 255 215 49 137 227
    208 124 196 142 71 32 255 255 92 140 132 63 165 124 255 59 158 255
    255 255 32 47 255 224 255 203 255 255 241 164 255 255 255 204 231
    255 255 136 255 138 140 255 195 33 26 255 27 255 255 117 106 217 110
    255 64 255 70 62 203 114 185 243 232 255 194 26 255 255 255 255 192
    255 255 255 239 255 153 227 11 203 248 15 186 140 255 132 255 255
    164 133 25 44 121 255 159 241 223 92 50 255 255 191 214 155 75 255
    188 84 255 227 9 51 192 255 108 194 39 255 133 125 104 255 73 43 255
    126 229 224 255 255 255 255 17 191 174 178 255 219 183 30 121 70 255
    255 136 255 255 36 223 94 255 49 255 66 85 255 255 8 255 140 58 193
    255 253 24 242 47 255 100 255 239 255 109 167 255 255 255 255 255
    106 255 80 109 255 60 255 255 255 200 191 255 79 182 140 237 108 36
    236 91 186 255 255 176 193 255 255 108 178 181 205 110 239 220 11
    255 133 255 255 255 240 29 102 255 255 255 255 255 212 221 253 255
    149 89 137 255 60 0 255 4 14 255 34 255 255 93 191 255 54 255 255 49
    224 34 255 77 255 179 39 255 255 255 136 255 125 255 58 15 110 255
    176 255 214 255 255 120 246 34 3 215 76 246 255 59 255 255 255 255
    255 255 255 255 214 255 255 255 255 61 28 148 255 255 67 145 255 113
    255 255 132 255 255 12 255 255 32 210 197 44 109 255 173 87 255 235
    34 255 143 255 4 161 3 255 173 198 255 147 61 148 217 97 255 85 255
    255 255 10 255 131 255 0 255 191 255 159 255 6 209 255 102 255 244
    221 126 255 140 92 142 255 18 255 255 128 118 157 115 123 108 52 155
    61 221 58 246 144 116 255 165 26 23 255 229 15 23 87 127 255 46 110
    255 255 255 255 255 255 255 178 255 255 255 255 255 215 157 84 80
    255 255 255 57 255 143 187 219 255 255 205 174 193 255 255 130 111
    169 93 168 255 26 255 19 197 128 255 233 255 178 255 158 255 91 132
    212 47 205 116 255 36 207 47 16 77 79 255 255 11 254 186 236 66 214
    255 195 255 255 255 73 255 255 65 187 255 169 221 55 224 140 236 75
    246 109 7 255 255 150 110 12 255 255 11 12 136 99 46 255 113 255 255
    25 255 255 255 255 255 255 255 49 191 102 255 59 255 255 11 239 30
    133 118 85 3 162 255 180 255 255 255 203 255 38 229 45 18 65 214 5
    255 244 40 255 57 255 53 8 104 7 255 122 255 255 153 89 255 5 255
    149 52 27 197 242 102 146 255 96 255 249 63 255 169 109 36 170 200
    255 255 255 255 195 255 165 255 255 255 255 255 2 255 178 142 219
    111 100 34 114 212 250 19 23 45 207 255 228 248 255 10 241 255 255 3
    219 177 154 255 255 255 255 114 19 134 87 91 255 255 38 4 34 255 255
    146 255 110 126 255 240 255 255 255 131 255 255 37 255 255 209 251
    161 213 255 176 30 132 255 255 255 255 212 120 255 213 255 191 255
    255 255 103 255 43 195 243 255 169 179 255 14 255 34 250 255 255 254
    255 253 225 220 72 224 255 255 255 241 93 14 255 225 255 255 242 209
    255 255 169 38 255 109 255 78 255 255 255 143 255 255 155 255 255
    187 19 112 180 84 189 30 27 187 195 255 255 232 227 185 255 255 155
    3 31 255 255 255 255 255 255 127 246 56 255 98 214 255 210 255 255
    77 255 217 95 51 255 96 75 197 99 125 255 113 152 189 255 255 199
    175 255 121 255 217 93 146 97 21 255 255 123 255 188 255 255 255 36
    122 255 255 19 231 255 142 19 61 15 255 255 255 60 255 255 255 61
    221 255 138 170 255 78 255 255 255 21 94 255 255 212 59 136 243 255
    255 186 255 103 60 255 34 2 255 91 60 144 52 234 189 206 202 30 52
    255 191 255 255 255 99 186 231 14 255 204 255 38 202 166 255 234 246
    244 134 255 255 117 179 63 199 58 164 255 217 255 178 60 255 255 1
    255 255 255 255 255 0 255 217 168 255 187 175 255 255 55 255 255 148
    102 255 172 220 108 255 255 255 255 255 91 194 248 64 213 255 11 225
    10 255 255 120 255 255 137 45 255 5 23 184 174 149 255 126 255 132
    225 68 59 128 6 219 255 255 66 255 51 230 255 255 124 255 89 255 97
    57 255 255 191 203 225 255 255 255 255 5 195 255 107 183 100 128 195
    255 255 255 255 137 255 250 113 255 255 73 255 255 255 255 255 227
    255 255 19 255 34 8 109 255 93 164 255 16 255 149 255 106 191 206
    255 11 117 255 187 198 255 255 22 193 250 155 255 255 47 255 174 255
    173 255 81 63 255 255 176 255 255 89 255 104 65 136 255 255 255 155
    176 255 164 255 255 255 255 255 255 138 255 60 2 255 106 239 255 14
    203 255 161 251 223 30 130 227 255 50 255 183 20 255 255 135 255 100
    31 229 175 255 255 99 255 244 255 255 43 255 118 255 23 255 255 153
    255 165 246 255 255 172 255 59 5 231 255 51 239 32 255 224 255 255
    36 197 255 179 140 147 255 255 128 255 255 255 193 255 169 38 23 166
    255 236 103 255 221 230 108 113 194 255 113 144 255 206 255 87 255
    128 251 255 230 214 180 255 255 23 217 231 210 220 255 76 255 255
    255 247 96 255 255 22 250 227 96 255 250 196 34 255 255 255 209 73
    255 1 202 236 153 58 255 255 255 255 80 255 255 255 55 25 255 255
    255 21 255 8 255 237 15 175 85 255 255 255 255 255 255 62 104 203
    255 255 82 255 21 255 187 165 255 255 236 186 255 255 109 21 89 3
    159 224 14 255 21 190 172 84 154 123 255 184 166 44 255 170 255 58
    127 104 92 255 36 9 255 255 113 202 148 159 255 3 255 255 255 255
    231 236 255 253 255 67 255 23 162 234 89 171 255 252 20 255 126 255
    178 54 99 255 255 65 153 150 48 117 252 22 255 255 31 108 181 255 79
    170 128 255 255 237 140 238 255 255 47 77 168 255 255 125 85 65 102
    255 55 121 37 255 255 118 255 255 30 145 170 99 155 255 227 255 98
    51 208 68 1 255 253 255 109 255 133 166 255 219 255 244 255 50 183
    16 255 255 33 68 89 104 255 255 255 99 68 255 186 166 47 114 149 188
    255 255 60 255 191 38 99 138 47 15 4 255 203 255 255 255 4 168 14 59
    255 255 115 60 255 61 238 132 59 255 255 255 187 255 255 255 255 255
    133 255 157 117 255 255 164 255 36 62 255 255 49 255 91 199 154 255
    255 68 45 60 5 195 89 255 255 177 255 255 98 224 212 76 255 229 165
    227 34 133 41 255 255 222 168 255 94 255 22 82 144 98 53 93 255 128
    51 129 149 85 129 198 51 56 255 255 60 41 87 140 150 163 255 55 255
    125 255 255 255 255 106 184 196 255 95 68 62 63 214 255 15 255 255
    124 255 255 255 255 47 202 169 255 227 63 255 253 104 197 124 255
    255 65 79 255 168 255 244 255 255 255 38 208 130 100 113 13 255 255
    153 89 3 253 0 132 233 126 255 180 191 255 229 255 255 255 70 152 57
    136 255 104 255 255 255 109 142 255 209 150 89 120 253 8 124 253 255
    255 109 212 255 195 242 255 32 255 238 7 236 195 58 185 255 97 255
    131 207 255 78 130 32 255 147 74 173 58 130 81 255 25 69 255 255 58
    255 255 232 255 255 250 200 28 157 255 255 255 130 25 15 255 246 67
    255 93 175 102 172 26 63 21 202 63 255 255 255 255 154 85 242 73 255
    255 110 236 255 76 255 43 73 255 255 78 255 34 84 183 30 208 63 255
    142 255 255 48 239 255 177 255 49 255 174 255 109 0 255 208 255 168
    255 123 225 255 22 189 224 229 255 255 255 244 255 140 102 255 150
    76 33 10 38 255 99 255 59 255 23 239 241 240 121 255 83 255 113 255
    255 63 255 202 255 21 213 147 255 165 75 208 255 255 252 255 46 13
    159 255 236 191 255 214 32 2 96 255 171 129 150 31 185 255 15 238 36
    96 255 183 106 255 228 184 189 210 118 238 255 125 4 255 67 255 255
    121 255 70 255 189 190 255 255 255 255 0 214 255 110 255 10 255 236
    255 30 255 44 255 255 255 255 23 63 255 255 255 255 84 255 155 155
    255 115 88 208 255 12 169 206 255 255 206 110 104 255 255 227 255
    255 255 36 255 255 81 234 73 70 255 255 255 255 198 110 76 19 146
    213 154 142 199 53 204 255 244 255 65 255 255 190 126 255 47 255 0
    197 255 255 106 255 255 12 227 32 4 255 255 255 255 255 255 255 255
    148 255 26 33 255 255 142 60 255 109 231 255 255 87 136 255 132 221
    60 255 95 255 255 253 82 219 255 44 176 61 18 255 183 255 5 255 107
    255 255 34 123 91 60 38 255 236 99 255 255 150 255 142 126 255 255
    125 255 255 212 166 137 203 193 242 234 59 208 46 229 54 255 255 49
    248 248 3 255 38 255 94 255 4 255 255 255 210 112 231 79 206 78 79
    255 117 255 38 199 255 255 255 255 255 176 255 42 255 36 231 48 135
    255 255 255 40 146 255 255 3 225 117 255 214 255 210 84 64 255 255
    233 78 255 255 254 96 255 70 70 255 255 179 121 183 255 15 82 46 255
    243 255 255 27 255 95 74 166 255 255 251 68 255 79 166 143 236 255
    235 255 255 255 145 255 158 84 132 48 178 57 164 255 255 48 92 104
    188 255 255 255 255 45 255 195 208 143 255 255 208 94 255 93 255 113
    253 113 64 122 255 255 132 255 255 255 104 234 25 193 68 19 75 15 21
    166 255 48 126 142 41 255 255 70 55 151 98 55 36 41 255 255 140 255
    255 175 106 255 40 255 189 255 255 221 255 225 255 184 143 255 255
    80 208 194 63 110 107 255 255 120 255 255 255 236 89 1 255 255 254
    198 255 155 208 85 128 255 61 166 255 89 18 251 45 255 255 244 96
    255 87 136 118 255 136 60 255 255 255 85 255 155 49 184 255 253 255
    255 233 255 255 32 38 255 83 109 142 83 166 255 244 255 32 255 255
    147 138 164 94 136 120 92 255 236 237 183 250 255 136 180 196 59 129
    195 255 198 195 246 110 255 255 255 44 53 255 32 255 223 255 43 161
    80 255 224 255 96 140 178 255 255 222 255 183 29 255 23 173 106 176
    255 255 93 255 255 255 17 98 77 173 26 249 29 49 255 255 148 129 162
    255 1 196 255 255 255 19 47 255 255 164 108 144 140 44 255 19 29 255
    66 255 151 255 179 110 155 143 136 255 255 42 255 255 255 192 255 55
    118 99 255 96 255 195 49 143 136 137 249 6 255 255 255 175 255 121
    252 255 255 255 255 255 18 101 255 159 73 255 217 173 255 255 186
    255 188 255 255 80 255 149 54 255 255 34 161 83 143 210 246 225 121
    89 154 75 38 155 255 76 135 255 193 255 20 202 30 43 255 255 255 223
    37 167 255 170 97 255 209 149 174 255 255 255 255 255 255 4 128 255
    38 224 255 255 203 140 67 255 255 175 0 255 117 196 123 106 236 255
    255 255 55 255 126 183 121 255 17 221 3 70 234 255 200 220 255 255
    51 29 195 255 255 253 40 255 255 93 128 127 250 32 140 255 31 255
    197 121 185 34 135 255 38 255 200 190 214 55 104 255 25 96 159 204
    22 116 79 7 161 17 255 89 4 255 255 255 59 178 255 164 255 185 242
    73 140 255 0 255 246 255 255 126 255 178 111 255 255 172 203 255 7
    166 182 194 255 42 192 138 255 166 31 255 65 255 255 10 99 98 255
    152 255 93 255 255 255 70 70 255 150 255 139 255 255 38 237 55 29
    203 55 89 65 255 5 255 138 255 19 255 223 41 255 255 97 4 14 255 244
    202 217 2 255 169 255 139 60 255 49 128 157 190 255 255 76 255 255
    255 164 59 155 149 112 246 255 255 129 24 202 224 149 193 44 255 255
    255 255 166 114 255 95 78 178 197 255 111 255 177 255 255 255 255
    255 95 2 217 255 17 255 44 255 6 255 19 106 213 51 225 255 108 255
    255 255 95 102 176 229 214 255 255 99 157 70 100 92 157 165 239 0
    154 43 42 199 255 252 255 255 191 250 255 81 74 85 255 106 255 132
    255 255 255 255 255 255 126 241 255 186 255 255 255 19 157 186 255
    255 70 255 255 140 53 255 179 126 255 243 255 134 255 255 255 34 94
    255 255 65 98 92 208 255 242 248 108 66 255 130 183 155 255 37 255
    255 238 255 255 25 193 231 78 255 255 147 171 38 150 255 255 81 190
    49 235 232 255 52 31 255 223 255 255 121 255 255 66 67 183 144 255
    155 100 255 49 107 24 47 48 255 255 173 106 19 255 255 240 255 255
    206 255 108 255 255 255 165 60 251 43 144 255 255 255 173 255 255 36
    255 30 255 255 255 29 127 232 186 255 255 255 221 67 149 236 92 255
    255 255 208 250 255 44 96 10 234 138 7 255 255 49 149 161 89 208 255
    65 237 223 107 38 255 107 255 108 89 232 210 165 191 144 255 241 199
    58 255 255 80 244 59 250 255 193 33 145 255 255 255 106 255 186 210
    122 255 255 255 207 144 150 255 95 4 255 93 65 255 161 170 22 255 15
    27 123 221 114 255 242 255 255 195 255 72 255 255 255 38 255 6 255
    255 62 227 207 255 236 255 62 255 207 255 153 229 229 168 130 130
    255 149 238 52 255 255 158 255</data></my_img>
<your_img type_id="opencv-matrix">
  <rows>100</rows>
  <cols>100</cols>
  <dt>"3u"</dt>
  <data>
    0 0 0 0 0 0 0 0 0 0 0 0 0 0 0 0 0 0 0 0 0 0 0 0 0 0 0 0 0 0 0 0 0 0
    0 0 0 0 0 0 0 0 0 0 0 0 0 0 0 0 0 0 0 0 0 0 0 0 0 0 0 0 0 0 0 0 0 0
    0 0 0 0 0 0 0 0 0 0 0 0 0 0 0 0 0 0 0 0 0 0 0 0 0 0 0 0 0 0 0 0 0 0
    0 0 0 0 0 0 0 0 0 0 0 0 0 0 0 0 0 0 0 0 0 0 0 0 0 0 0 0 0 0 0 0 0 0
    0 0 0 0 0 0 0 0 0 0 0 0 0 0 0 0 0 0 0 0 0 0 0 0 0 0 0 0 0 0 0 0 0 0
    0 0 0 0 0 0 0 0 0 0 0 0 0 0 0 0 0 0 0 0 0 0 0 0 0 0 0 0 0 0 0 0 0 0
    0 0 0 0 0 0 0 0 0 0 0 0 0 0 0 0 0 0 0 0 0 0 0 0 0 0 0 0 0 0 0 0 0 0
    0 0 0 0 0 0 0 0 0 0 0 0 0 0 0 0 0 0 0 0 0 0 0 0 0 0 0 0 0 0 0 0 0 0
    0 0 0 0 0 0 0 0 0 0 0 0 0 0 0 0 0 0 0 0 0 0 0 0 0 0 0 0 0 0 0 0 0 0
    0 0 0 0 0 0 0 0 0 0 0 0 0 0 0 0 0 0 0 0 0 0 0 0 0 0 0 0 0 0 0 0 0 0
    0 0 0 0 0 0 0 0 0 0 0 0 0 0 0 0 0 0 0 0 0 0 0 0 0 0 0 0 0 0 0 0 0 0
    0 0 0 0 0 0 0 0 0 0 0 0 0 0 0 0 0 0 0 0 0 0 0 0 0 0 0 0 0 0 0 0 0 0
    0 0 0 0 0 0 0 0 0 0 0 0 0 0 0 0 0 0 0 0 0 0 0 0 0 0 0 0 0 0 0 0 0 0
    0 0 0 0 0 0 0 0 0 0 0 0 0 0 0 0 0 0 0 0 0 0 0 0 0 0 0 0 0 0 0 0 0 0
    0 0 0 0 0 0 0 0 0 0 0 0 0 0 0 0 0 0 0 0 0 0 0 0 0 0 0 0 0 0 0 0 0 0
    0 0 0 0 0 0 0 0 0 0 0 0 0 0 0 0 0 0 0 0 0 0 0 0 0 0 0 0 0 0 0 0 0 0
    0 0 0 0 0 0 0 0 0 0 0 0 0 0 0 0 0 0 0 0 0 0 0 0 0 0 0 0 0 0 0 0 0 0
    0 0 0 0 0 0 0 0 0 0 0 0 0 0 0 0 0 0 0 0 0 0 0 0 0 0 0 0 0 0 0 0 0 0
    0 0 0 0 0 0 0 0 0 0 0 0 0 0 0 0 0 0 0 0 0 0 0 0 0 0 0 0 0 0 0 0 0 0
    0 0 0 0 0 0 0 0 0 0 0 0 0 0 0 0 0 0 0 0 0 0 0 0 0 0 0 0 0 0 0 0 0 0
    0 0 0 0 0 0 0 0 0 0 0 0 0 0 0 0 0 0 0 0 0 0 0 0 0 0 0 0 0 0 0 0 0 0
    0 0 0 0 0 0 0 0 0 0 0 0 0 0 0 0 0 0 0 0 0 0 0 0 0 0 0 0 0 0 0 0 0 0
    0 0 0 0 0 0 0 0 0 0 0 0 0 0 0 0 0 0 0 0 0 0 0 0 0 0 0 0 0 0 0 0 0 0
    0 0 0 0 0 0 0 0 0 0 0 0 0 0 0 0 0 0 0 0 0 0 0 0 0 0 0 0 0 0 0 0 0 0
    0 0 0 0 0 0 0 0 0 0 0 0 0 0 0 0 0 0 0 0 0 0 0 0 0 0 0 0 0 0 0 0 0 0
    0 0 0 0 0 0 0 0 0 0 0 0 0 0 0 0 0 0 0 0 0 0 0 0 0 0 0 0 0 0 0 0 0 0
    0 0 0 0 0 0 0 0 0 0 0 0 0 0 0 0 0 0 0 0 0 0 0 0 0 0 0 0 0 0 0 0 0 0
    0 0 0 0 0 0 0 0 0 0 0 0 0 0 0 0 0 0 0 0 0 0 0 0 0 0 0 0 0 0 0 0 0 0
    0 0 0 0 0 0 0 0 0 0 0 0 0 0 0 0 0 0 0 0 0 0 0 0 0 0 0 0 0 0 0 0 0 0
    0 0 0 0 0 0 0 0 0 0 0 0 0 0 0 0 0 0 0 0 0 0 0 0 0 0 0 0 0 0 0 0 0 0
    0 0 0 0 0 0 0 0 0 0 0 0 0 0 0 0 0 0 0 0 0 0 0 0 0 0 0 0 0 0 0 0 0 0
    0 0 0 0 0 0 0 0 0 0 0 0 0 0 0 0 0 0 0 0 0 0 0 0 0 0 0 0 0 0 0 0 0 0
    0 0 0 0 0 0 0 0 0 0 0 0 0 0 0 0 0 0 0 0 0 0 0 0 0 0 0 0 0 0 0 0 0 0
    0 0 0 0 0 0 0 0 0 0 0 0 0 0 0 0 0 0 0 0 0 0 0 0 0 0 0 0 0 0 0 0 0 0
    0 0 0 0 0 0 0 0 0 0 0 0 0 0 0 0 0 0 0 0 0 0 0 0 0 0 0 0 0 0 0 0 0 0
    0 0 0 0 0 0 0 0 0 0 0 0 0 0 0 0 0 0 0 0 0 0 0 0 0 0 0 0 0 0 0 0 0 0
    0 0 0 0 0 0 0 0 0 0 0 0 0 0 0 0 0 0 0 0 0 0 0 0 0 0 0 0 0 0 0 0 0 0
    0 0 0 0 0 0 0 0 0 0 0 0 0 0 0 0 0 0 0 0 0 0 0 0 0 0 0 0 0 0 0 0 0 0
    0 0 0 0 0 0 0 0 0 0 0 0 0 0 0 0 0 0 0 0 0 0 0 0 0 0 0 0 0 0 0 0 0 0
    0 0 0 0 0 0 0 0 0 0 0 0 0 0 0 0 0 0 0 0 0 0 0 0 0 0 0 0 0 0 0 0 0 0
    0 0 0 0 0 0 0 0 0 0 0 0 0 0 0 0 0 0 0 0 0 0 0 0 0 0 0 0 0 0 0 0 0 0
    0 0 0 0 0 0 0 0 0 0 0 0 0 0 0 0 0 0 0 0 0 0 0 0 0 0 0 0 0 0 0 0 0 0
    0 0 0 0 0 0 0 0 0 0 0 0 0 0 0 0 0 0 0 0 0 0 0 0 0 0 0 0 0 0 0 0 0 0
    0 0 0 0 0 0 0 0 0 0 0 0 0 0 0 0 0 0 0 0 0 0 0 0 0 0 0 0 0 0 0 0 0 0
    0 0 0 0 0 0 0 0 0 0 0 0 0 0 0 0 0 0 0 0 0 0 0 0 0 0 0 0 0 0 0 0 0 0
    0 0 0 0 0 0 0 0 0 0 0 0 0 0 0 0 0 0 0 0 0 0 0 0 0 0 0 0 0 0 0 0 0 0
    0 0 0 0 0 0 0 0 0 0 0 0 0 0 0 0 0 0 0 0 0 0 0 0 0 0 0 0 0 0 0 0 0 0
    0 0 0 0 0 0 0 0 0 0 0 0 0 0 0 0 0 0 0 0 0 0 0 0 0 0 0 0 0 0 0 0 0 0
    0 0 0 0 0 0 0 0 0 0 0 0 0 0 0 0 0 0 0 0 0 0 0 0 0 0 0 0 0 0 0 0 0 0
    0 0 0 0 0 0 0 0 0 0 0 0 0 0 0 0 0 0 0 0 0 0 0 0 0 0 0 0 0 0 0 0 0 0
    0 0 0 0 0 0 0 0 0 0 0 0 0 0 0 0 0 0 0 0 0 0 0 0 0 0 0 0 0 0 0 0 0 0
    0 0 0 0 0 0 0 0 0 0 0 0 0 0 0 0 0 0 0 0 0 0 0 0 0 0 0 0 0 0 0 0 0 0
    0 0 0 0 0 0 0 0 0 0 0 0 0 0 0 0 0 0 0 0 0 0 0 0 0 0 0 0 0 0 0 0 0 0
    0 0 0 0 0 0 0 0 0 0 0 0 0 0 0 0 0 0 0 0 0 0 0 0 0 0 0 0 0 0 0 0 0 0
    0 0 0 0 0 0 0 0 0 0 0 0 0 0 0 0 0 0 0 0 0 0 0 0 0 0 0 0 0 0 0 0 0 0
    0 0 0 0 0 0 0 0 0 0 0 0 0 0 0 0 0 0 0 0 0 0 0 0 0 0 0 0 0 0 0 0 0 0
    0 0 0 0 0 0 0 0 0 0 0 0 0 0 0 0 0 0 0 0 0 0 0 0 0 0 0 0 0 0 0 0 0 0
    0 0 0 0 0 0 0 0 0 0 0 0 0 0 0 0 0 0 0 0 0 0 0 0 0 0 0 0 0 0 0 0 0 0
    0 0 0 0 0 0 0 0 0 0 0 0 0 0 0 0 0 0 0 0 0 0 0 0 0 0 0 0 0 0 0 0 0 0
    0 0 0 0 0 0 0 0 0 0 0 0 0 0 0 0 0 0 0 0 0 0 0 0 0 0 0 0 0 0 0 0 0 0
    0 0 0 0 0 0 0 0 0 0 0 0 0 0 0 0 0 0 0 0 0 0 0 0 0 0 0 0 0 0 0 0 0 0
    0 0 0 0 0 0 0 0 0 0 0 0 0 0 0 0 0 0 0 0 0 0 0 0 0 0 0 0 0 0 0 0 0 0
    0 0 0 0 0 0 0 0 0 0 0 0 0 0 0 0 0 0 0 0 0 0 0 0 0 0 0 0 0 0 0 0 0 0
    0 0 0 0 0 0 0 0 0 0 0 0 0 0 0 0 0 0 0 0 0 0 0 0 0 0 0 0 0 0 0 0 0 0
    0 0 0 0 0 0 0 0 0 0 0 0 0 0 0 0 0 0 0 0 0 0 0 0 0 0 0 0 0 0 0 0 0 0
    0 0 0 0 0 0 0 0 0 0 0 0 0 0 0 0 0 0 0 0 0 0 0 0 0 0 0 0 0 0 0 0 0 0
    0 0 0 0 0 0 0 0 0 0 0 0 0 0 0 0 0 0 0 0 0 0 0 0 0 0 0 0 0 0 0 0 0 0
    0 0 0 0 0 0 0 0 0 0 0 0 0 0 0 0 0 0 0 0 0 0 0 0 0 0 0 0 0 0 0 0 0 0
    0 0 0 0 0 0 0 0 0 0 0 0 0 0 0 0 0 0 0 0 0 0 0 0 0 0 0 0 0 0 0 0 0 0
    0 0 0 0 0 0 0 0 0 0 0 0 0 0 0 0 0 0 0 0 0 0 0 0 0 0 0 0 0 0 0 0 0 0
    0 0 0 0 0 0 0 0 0 0 0 0 0 0 0 0 0 0 0 0 0 0 0 0 0 0 0 0 0 0 0 0 0 0
    0 0 0 0 0 0 0 0 0 0 0 0 0 0 0 0 0 0 0 0 0 0 0 0 0 0 0 0 0 0 0 0 0 0
    0 0 0 0 0 0 0 0 0 0 0 0 0 0 0 0 0 0 0 0 0 0 0 0 0 0 0 0 0 0 0 0 0 0
    0 0 0 0 0 0 0 0 0 0 0 0 0 0 0 0 0 0 0 0 0 0 0 0 0 0 0 0 0 0 0 0 0 0
    0 0 0 0 0 0 0 0 0 0 0 0 0 0 0 0 0 0 0 0 0 0 0 0 0 0 0 0 0 0 0 0 0 0
    0 0 0 0 0 0 0 0 0 0 0 0 0 0 0 0 0 0 0 0 0 0 0 0 0 0 0 0 0 0 0 0 0 0
    0 0 0 0 0 0 0 0 0 0 0 0 0 0 0 0 0 0 0 0 0 0 0 0 0 0 0 0 0 0 0 0 0 0
    0 0 0 0 0 0 0 0 0 0 0 0 0 0 0 0 0 0 0 0 0 0 0 0 0 0 0 0 0 0 0 0 0 0
    0 0 0 0 0 0 0 0 0 0 0 0 0 0 0 0 0 0 0 0 0 0 0 0 0 0 0 0 0 0 0 0 0 0
    0 0 0 0 0 0 0 0 0 0 0 0 0 0 0 0 0 0 0 0 0 0 0 0 0 0 0 0 0 0 0 0 0 0
    0 0 0 0 0 0 0 0 0 0 0 0 0 0 0 0 0 0 0 0 0 0 0 0 0 0 0 0 0 0 0 0 0 0
    0 0 0 0 0 0 0 0 0 0 0 0 0 0 0 0 0 0 0 0 0 0 0 0 0 0 0 0 0 0 0 0 0 0
    0 0 0 0 0 0 0 0 0 0 0 0 0 0 0 0 0 0 0 0 0 0 0 0 0 0 0 0 0 0 0 0 0 0
    0 0 0 0 0 0 0 0 0 0 0 0 0 0 0 0 0 0 0 0 0 0 0 0 0 0 0 0 0 0 0 0 0 0
    0 0 0 0 0 0 0 0 0 0 0 0 0 0 0 0 0 0 0 0 0 0 0 0 0 0 0 0 0 0 0 0 0 0
    0 0 0 0 0 0 0 0 0 0 0 0 0 0 0 0 0 0 0 0 0 0 0 0 0 0 0 0 0 0 0 0 0 0
    0 0 0 0 0 0 0 0 0 0 0 0 0 0 0 0 0 0 0 0 0 0 0 0 0 0 0 0 0 0 0 0 0 0
    0 0 0 0 0 0 0 0 0 0 0 0 0 0 0 0 0 0 0 0 0 0 0 0 0 0 0 0 0 0 0 0 0 0
    0 0 0 0 0 0 0 0 0 0 0 0 0 0 0 0 0 0 0 0 0 0 0 0 0 0 0 0 0 0 0 0 0 0
    0 0 0 0 0 0 0 0 0 0 0 0 0 0 0 0 0 0 0 0 0 0 0 0 0 0 0 0 0 0 0 0 0 0
    0 0 0 0 0 0 0 0 0 0 0 0 0 0 0 0 0 0 0 0 0 0 0 0 0 0 0 0 0 0 0 0 0 0
    0 0 0 0 0 0 0 0 0 0 0 0 0 0 0 0 0 0 0 0 0 0 0 0 0 0 0 0 0 0 0 0 0 0
    0 0 0 0 0 0 0 0 0 0 0 0 0 0 0 0 0 0 0 0 0 0 0 0 0 0 0 0 0 0 0 0 0 0
    0 0 0 0 0 0 0 0 0 0 0 0 0 0 0 0 0 0 0 0 0 0 0 0 0 0 0 0 0 0 0 0 0 0
    0 0 0 0 0 0 0 0 0 0 0 0 0 0 0 0 0 0 0 0 0 0 0 0 0 0 0 0 0 0 0 0 0 0
    0 0 0 0 0 0 0 0 0 0 0 0 0 0 0 0 0 0 0 0 0 0 0 0 0 0 0 0 0 0 0 0 0 0
    0 0 0 0 0 0 0 0 0 0 0 0 0 0 0 0 0 0 0 0 0 0 0 0 0 0 0 0 0 0 0 0 0 0
    0 0 0 0 0 0 0 0 0 0 0 0 0 0 0 0 0 0 0 0 0 0 0 0 0 0 0 0 0 0 0 0 0 0
    0 0 0 0 0 0 0 0 0 0 0 0 0 0 0 0 0 0 0 0 0 0 0 0 0 0 0 0 0 0 0 0 0 0
    0 0 0 0 0 0 0 0 0 0 0 0 0 0 0 0 0 0 0 0 0 0 0 0 0 0 0 0 0 0 0 0 0 0
    0 0 0 0 0 0 0 0 0 0 0 0 0 0 0 0 0 0 0 0 0 0 0 0 0 0 0 0 0 0 0 0 0 0
    0 0 0 0 0 0 0 0 0 0 0 0 0 0 0 0 0 0 0 0 0 0 0 0 0 0 0 0 0 0 0 0 0 0
    0 0 0 0 0 0 0 0 0 0 0 0 0 0 0 0 0 0 0 0 0 0 0 0 0 0 0 0 0 0 0 0 0 0
    0 0 0 0 0 0 0 0 0 0 0 0 0 0 0 0 0 0 0 0 0 0 0 0 0 0 0 0 0 0 0 0 0 0
    0 0 0 0 0 0 0 0 0 0 0 0 0 0 0 0 0 0 0 0 0 0 0 0 0 0 0 0 0 0 0 0 0 0
    0 0 0 0 0 0 0 0 0 0 0 0 0 0 0 0 0 0 0 0 0 0 0 0 0 0 0 0 0 0 0 0 0 0
    0 0 0 0 0 0 0 0 0 0 0 0 0 0 0 0 0 0 0 0 0 0 0 0 0 0 0 0 0 0 0 0 0 0
    0 0 0 0 0 0 0 0 0 0 0 0 0 0 0 0 0 0 0 0 0 0 0 0 0 0 0 0 0 0 0 0 0 0
    0 0 0 0 0 0 0 0 0 0 0 0 0 0 0 0 0 0 0 0 0 0 0 0 0 0 0 0 0 0 0 0 0 0
    0 0 0 0 0 0 0 0 0 0 0 0 0 0 0 0 0 0 0 0 0 0 0 0 0 0 0 0 0 0 0 0 0 0
    0 0 0 0 0 0 0 0 0 0 0 0 0 0 0 0 0 0 0 0 0 0 0 0 0 0 0 0 0 0 0 0 0 0
    0 0 0 0 0 0 0 0 0 0 0 0 0 0 0 0 0 0 0 0 0 0 0 0 0 0 0 0 0 0 0 0 0 0
    0 0 0 0 0 0 0 0 0 0 0 0 0 0 0 0 0 0 0 0 0 0 0 0 0 0 0 0 0 0 0 0 0 0
    0 0 0 0 0 0 0 0 0 0 0 0 0 0 0 0 0 0 0 0 0 0 0 0 0 0 0 0 0 0 0 0 0 0
    0 0 0 0 0 0 0 0 0 0 0 0 0 0 0 0 0 0 0 0 0 0 0 0 0 0 0 0 0 0 0 0 0 0
    0 0 0 0 0 0 0 0 0 0 0 0 0 0 0 0 0 0 0 0 0 0 0 0 0 0 0 0 0 0 0 0 0 0
    0 0 0 0 0 0 0 0 0 0 0 0 0 0 0 0 0 0 0 0 0 0 0 0 0 0 0 0 0 0 0 0 0 0
    0 0 0 0 0 0 0 0 0 0 0 0 0 0 0 0 0 0 0 0 0 0 0 0 0 0 0 0 0 0 0 0 0 0
    0 0 0 0 0 0 0 0 0 0 0 0 0 0 0 0 0 0 0 0 0 0 0 0 0 0 0 0 0 0 0 0 0 0
    0 0 0 0 0 0 0 0 0 0 0 0 0 0 0 0 0 0 0 0 0 0 0 0 0 0 0 0 0 0 0 0 0 0
    0 0 0 0 0 0 0 0 0 0 0 0 0 0 0 0 0 0 0 0 0 0 0 0 0 0 0 0 0 0 0 0 0 0
    0 0 0 0 0 0 0 0 0 0 0 0 0 0 0 0 0 0 0 0 0 0 0 0 0 0 0 0 0 0 0 0 0 0
    0 0 0 0 0 0 0 0 0 0 0 0 0 0 0 0 0 0 0 0 0 0 0 0 0 0 0 0 0 0 0 0 0 0
    0 0 0 0 0 0 0 0 0 0 0 0 0 0 0 0 0 0 0 0 0 0 0 0 0 0 0 0 0 0 0 0 0 0
    0 0 0 0 0 0 0 0 0 0 0 0 0 0 0 0 0 0 0 0 0 0 0 0 0 0 0 0 0 0 0 0 0 0
    0 0 0 0 0 0 0 0 0 0 0 0 0 0 0 0 0 0 0 0 0 0 0 0 0 0 0 0 0 0 0 0 0 0
    0 0 0 0 0 0 0 0 0 0 0 0 0 0 0 0 0 0 0 0 0 0 0 0 0 0 0 0 0 0 0 0 0 0
    0 0 0 0 0 0 0 0 0 0 0 0 0 0 0 0 0 0 0 0 0 0 0 0 0 0 0 0 0 0 0 0 0 0
    0 0 0 0 0 0 0 0 0 0 0 0 0 0 0 0 0 0 0 0 0 0 0 0 0 0 0 0 0 0 0 0 0 0
    0 0 0 0 0 0 0 0 0 0 0 0 0 0 0 0 0 0 0 0 0 0 0 0 0 0 0 0 0 0 0 0 0 0
    0 0 0 0 0 0 0 0 0 0 0 0 0 0 0 0 0 0 0 0 0 0 0 0 0 0 0 0 0 0 0 0 0 0
    0 0 0 0 0 0 0 0 0 0 0 0 0 0 0 0 0 0 0 0 0 0 0 0 0 0 0 0 0 0 0 0 0 0
    0 0 0 0 0 0 0 0 0 0 0 0 0 0 0 0 0 0 0 0 0 0 0 0 0 0 0 0 0 0 0 0 0 0
    0 0 0 0 0 0 0 0 0 0 0 0 0 0 0 0 0 0 0 0 0 0 0 0 0 0 0 0 0 0 0 0 0 0
    0 0 0 0 0 0 0 0 0 0 0 0 0 0 0 0 0 0 0 0 0 0 0 0 0 0 0 0 0 0 0 0 0 0
    0 0 0 0 0 0 0 0 0 0 0 0 0 0 0 0 0 0 0 0 0 0 0 0 0 0 0 0 0 0 0 0 0 0
    0 0 0 0 0 0 0 0 0 0 0 0 0 0 0 0 0 0 0 0 0 0 0 0 0 0 0 0 0 0 0 0 0 0
    0 0 0 0 0 0 0 0 0 0 0 0 0 0 0 0 0 0 0 0 0 0 0 0 0 0 0 0 0 0 0 0 0 0
    0 0 0 0 0 0 0 0 0 0 0 0 0 0 0 0 0 0 0 0 0 0 0 0 0 0 0 0 0 0 0 0 0 0
    0 0 0 0 0 0 0 0 0 0 0 0 0 0 0 0 0 0 0 0 0 0 0 0 0 0 0 0 0 0 0 0 0 0
    0 0 0 0 0 0 0 0 0 0 0 0 0 0 0 0 0 0 0 0 0 0 0 0 0 0 0 0 0 0 0 0 0 0
    0 0 0 0 0 0 0 0 0 0 0 0 0 0 0 0 0 0 0 0 0 0 0 0 0 0 0 0 0 0 0 0 0 0
    0 0 0 0 0 0 0 0 0 0 0 0 0 0 0 0 0 0 0 0 0 0 0 0 0 0 0 0 0 0 0 0 0 0
    0 0 0 0 0 0 0 0 0 0 0 0 0 0 0 0 0 0 0 0 0 0 0 0 0 0 0 0 0 0 0 0 0 0
    0 0 0 0 0 0 0 0 0 0 0 0 0 0 0 0 0 0 0 0 0 0 0 0 0 0 0 0 0 0 0 0 0 0
    0 0 0 0 0 0 0 0 0 0 0 0 0 0 0 0 0 0 0 0 0 0 0 0 0 0 0 0 0 0 0 0 0 0
    0 0 0 0 0 0 0 0 0 0 0 0 0 0 0 0 0 0 0 0 0 0 0 0 0 0 0 0 0 0 0 0 0 0
    0 0 0 0 0 0 0 0 0 0 0 0 0 0 0 0 0 0 0 0 0 0 0 0 0 0 0 0 0 0 0 0 0 0
    0 0 0 0 0 0 0 0 0 0 0 0 0 0 0 0 0 0 0 0 0 0 0 0 0 0 0 0 0 0 0 0 0 0
    0 0 0 0 0 0 0 0 0 0 0 0 0 0 0 0 0 0 0 0 0 0 0 0 0 0 0 0 0 0 0 0 0 0
    0 0 0 0 0 0 0 0 0 0 0 0 0 0 0 0 0 0 0 0 0 0 0 0 0 0 0 0 0 0 0 0 0 0
    0 0 0 0 0 0 0 0 0 0 0 0 0 0 0 0 0 0 0 0 0 0 0 0 0 0 0 0 0 0 0 0 0 0
    0 0 0 0 0 0 0 0 0 0 0 0 0 0 0 0 0 0 0 0 0 0 0 0 0 0 0 0 0 0 0 0 0 0
    0 0 0 0 0 0 0 0 0 0 0 0 0 0 0 0 0 0 0 0 0 0 0 0 0 0 0 0 0 0 0 0 0 0
    0 0 0 0 0 0 0 0 0 0 0 0 0 0 0 0 0 0 0 0 0 0 0 0 0 0 0 0 0 0 0 0 0 0
    0 0 0 0 0 0 0 0 0 0 0 0 0 0 0 0 0 0 0 0 0 0 0 0 0 0 0 0 0 0 0 0 0 0
    0 0 0 0 0 0 0 0 0 0 0 0 0 0 0 0 0 0 0 0 0 0 0 0 0 0 0 0 0 0 0 0 0 0
    0 0 0 0 0 0 0 0 0 0 0 0 0 0 0 0 0 0 0 0 0 0 0 0 0 0 0 0 0 0 0 0 0 0
    0 0 0 0 0 0 0 0 0 0 0 0 0 0 0 0 0 0 0 0 0 0 0 0 0 0 0 0 0 0 0 0 0 0
    0 0 0 0 0 0 0 0 0 0 0 0 0 0 0 0 0 0 0 0 0 0 0 0 0 0 0 0 0 0 0 0 0 0
    0 0 0 0 0 0 0 0 0 0 0 0 0 0 0 0 0 0 0 0 0 0 0 0 0 0 0 0 0 0 0 0 0 0
    0 0 0 0 0 0 0 0 0 0 0 0 0 0 0 0 0 0 0 0 0 0 0 0 0 0 0 0 0 0 0 0 0 0
    0 0 0 0 0 0 0 0 0 0 0 0 0 0 0 0 0 0 0 0 0 0 0 0 0 0 0 0 0 0 0 0 0 0
    0 0 0 0 0 0 0 0 0 0 0 0 0 0 0 0 0 0 0 0 0 0 0 0 0 0 0 0 0 0 0 0 0 0
    0 0 0 0 0 0 0 0 0 0 0 0 0 0 0 0 0 0 0 0 0 0 0 0 0 0 0 0 0 0 0 0 0 0
    0 0 0 0 0 0 0 0 0 0 0 0 0 0 0 0 0 0 0 0 0 0 0 0 0 0 0 0 0 0 0 0 0 0
    0 0 0 0 0 0 0 0 0 0 0 0 0 0 0 0 0 0 0 0 0 0 0 0 0 0 0 0 0 0 0 0 0 0
    0 0 0 0 0 0 0 0 0 0 0 0 0 0 0 0 0 0 0 0 0 0 0 0 0 0 0 0 0 0 0 0 0 0
    0 0 0 0 0 0 0 0 0 0 0 0 0 0 0 0 0 0 0 0 0 0 0 0 0 0 0 0 0 0 0 0 0 0
    0 0 0 0 0 0 0 0 0 0 0 0 0 0 0 0 0 0 0 0 0 0 0 0 0 0 0 0 0 0 0 0 0 0
    0 0 0 0 0 0 0 0 0 0 0 0 0 0 0 0 0 0 0 0 0 0 0 0 0 0 0 0 0 0 0 0 0 0
    0 0 0 0 0 0 0 0 0 0 0 0 0 0 0 0 0 0 0 0 0 0 0 0 0 0 0 0 0 0 0 0 0 0
    0 0 0 0 0 0 0 0 0 0 0 0 0 0 0 0 0 0 0 0 0 0 0 0 0 0 0 0 0 0 0 0 0 0
    0 0 0 0 0 0 0 0 0 0 0 0 0 0 0 0 0 0 0 0 0 0 0 0 0 0 0 0 0 0 0 0 0 0
    0 0 0 0 0 0 0 0 0 0 0 0 0 0 0 0 0 0 0 0 0 0 0 0 0 0 0 0 0 0 0 0 0 0
    0 0 0 0 0 0 0 0 0 0 0 0 0 0 0 0 0 0 0 0 0 0 0 0 0 0 0 0 0 0 0 0 0 0
    0 0 0 0 0 0 0 0 0 0 0 0 0 0 0 0 0 0 0 0 0 0 0 0 0 0 0 0 0 0 0 0 0 0
    0 0 0 0 0 0 0 0 0 0 0 0 0 0 0 0 0 0 0 0 0 0 0 0 0 0 0 0 0 0 0 0 0 0
    0 0 0 0 0 0 0 0 0 0 0 0 0 0 0 0 0 0 0 0 0 0 0 0 0 0 0 0 0 0 0 0 0 0
    0 0 0 0 0 0 0 0 0 0 0 0 0 0 0 0 0 0 0 0 0 0 0 0 0 0 0 0 0 0 0 0 0 0
    0 0 0 0 0 0 0 0 0 0 0 0 0 0 0 0 0 0 0 0 0 0 0 0 0 0 0 0 0 0 0 0 0 0
    0 0 0 0 0 0 0 0 0 0 0 0 0 0 0 0 0 0 0 0 0 0 0 0 0 0 0 0 0 0 0 0 0 0
    0 0 0 0 0 0 0 0 0 0 0 0 0 0 0 0 0 0 0 0 0 0 0 0 0 0 0 0 0 0 0 0 0 0
    0 0 0 0 0 0 0 0 0 0 0 0 0 0 0 0 0 0 0 0 0 0 0 0 0 0 0 0 0 0 0 0 0 0
    0 0 0 0 0 0 0 0 0 0 0 0 0 0 0 0 0 0 0 0 0 0 0 0 0 0 0 0 0 0 0 0 0 0
    0 0 0 0 0 0 0 0 0 0 0 0 0 0 0 0 0 0 0 0 0 0 0 0 0 0 0 0 0 0 0 0 0 0
    0 0 0 0 0 0 0 0 0 0 0 0 0 0 0 0 0 0 0 0 0 0 0 0 0 0 0 0 0 0 0 0 0 0
    0 0 0 0 0 0 0 0 0 0 0 0 0 0 0 0 0 0 0 0 0 0 0 0 0 0 0 0 0 0 0 0 0 0
    0 0 0 0 0 0 0 0 0 0 0 0 0 0 0 0 0 0 0 0 0 0 0 0 0 0 0 0 0 0 0 0 0 0
    0 0 0 0 0 0 0 0 0 0 0 0 0 0 0 0 0 0 0 0 0 0 0 0 0 0 0 0 0 0 0 0 0 0
    0 0 0 0 0 0 0 0 0 0 0 0 0 0 0 0 0 0 0 0 0 0 0 0 0 0 0 0 0 0 0 0 0 0
    0 0 0 0 0 0 0 0 0 0 0 0 0 0 0 0 0 0 0 0 0 0 0 0 0 0 0 0 0 0 0 0 0 0
    0 0 0 0 0 0 0 0 0 0 0 0 0 0 0 0 0 0 0 0 0 0 0 0 0 0 0 0 0 0 0 0 0 0
    0 0 0 0 0 0 0 0 0 0 0 0 0 0 0 0 0 0 0 0 0 0 0 0 0 0 0 0 0 0 0 0 0 0
    0 0 0 0 0 0 0 0 0 0 0 0 0 0 0 0 0 0 0 0 0 0 0 0 0 0 0 0 0 0 0 0 0 0
    0 0 0 0 0 0 0 0 0 0 0 0 0 0 0 0 0 0 0 0 0 0 0 0 0 0 0 0 0 0 0 0 0 0
    0 0 0 0 0 0 0 0 0 0 0 0 0 0 0 0 0 0 0 0 0 0 0 0 0 0 0 0 0 0 0 0 0 0
    0 0 0 0 0 0 0 0 0 0 0 0 0 0 0 0 0 0 0 0 0 0 0 0 0 0 0 0 0 0 0 0 0 0
    0 0 0 0 0 0 0 0 0 0 0 0 0 0 0 0 0 0 0 0 0 0 0 0 0 0 0 0 0 0 0 0 0 0
    0 0 0 0 0 0 0 0 0 0 0 0 0 0 0 0 0 0 0 0 0 0 0 0 0 0 0 0 0 0 0 0 0 0
    0 0 0 0 0 0 0 0 0 0 0 0 0 0 0 0 0 0 0 0 0 0 0 0 0 0 0 0 0 0 0 0 0 0
    0 0 0 0 0 0 0 0 0 0 0 0 0 0 0 0 0 0 0 0 0 0 0 0 0 0 0 0 0 0 0 0 0 0
    0 0 0 0 0 0 0 0 0 0 0 0 0 0 0 0 0 0 0 0 0 0 0 0 0 0 0 0 0 0 0 0 0 0
    0 0 0 0 0 0 0 0 0 0 0 0 0 0 0 0 0 0 0 0 0 0 0 0 0 0 0 0 0 0 0 0 0 0
    0 0 0 0 0 0 0 0 0 0 0 0 0 0 0 0 0 0 0 0 0 0 0 0 0 0 0 0 0 0 0 0 0 0
    0 0 0 0 0 0 0 0 0 0 0 0 0 0 0 0 0 0 0 0 0 0 0 0 0 0 0 0 0 0 0 0 0 0
    0 0 0 0 0 0 0 0 0 0 0 0 0 0 0 0 0 0 0 0 0 0 0 0 0 0 0 0 0 0 0 0 0 0
    0 0 0 0 0 0 0 0 0 0 0 0 0 0 0 0 0 0 0 0 0 0 0 0 0 0 0 0 0 0 0 0 0 0
    0 0 0 0 0 0 0 0 0 0 0 0 0 0 0 0 0 0 0 0 0 0 0 0 0 0 0 0 0 0 0 0 0 0
    0 0 0 0 0 0 0 0 0 0 0 0 0 0 0 0 0 0 0 0 0 0 0 0 0 0 0 0 0 0 0 0 0 0
    0 0 0 0 0 0 0 0 0 0 0 0 0 0 0 0 0 0 0 0 0 0 0 0 0 0 0 0 0 0 0 0 0 0
    0 0 0 0 0 0 0 0 0 0 0 0 0 0 0 0 0 0 0 0 0 0 0 0 0 0 0 0 0 0 0 0 0 0
    0 0 0 0 0 0 0 0 0 0 0 0 0 0 0 0 0 0 0 0 0 0 0 0 0 0 0 0 0 0 0 0 0 0
    0 0 0 0 0 0 0 0 0 0 0 0 0 0 0 0 0 0 0 0 0 0 0 0 0 0 0 0 0 0 0 0 0 0
    0 0 0 0 0 0 0 0 0 0 0 0 0 0 0 0 0 0 0 0 0 0 0 0 0 0 0 0 0 0 0 0 0 0
    0 0 0 0 0 0 0 0 0 0 0 0 0 0 0 0 0 0 0 0 0 0 0 0 0 0 0 0 0 0 0 0 0 0
    0 0 0 0 0 0 0 0 0 0 0 0 0 0 0 0 0 0 0 0 0 0 0 0 0 0 0 0 0 0 0 0 0 0
    0 0 0 0 0 0 0 0 0 0 0 0 0 0 0 0 0 0 0 0 0 0 0 0 0 0 0 0 0 0 0 0 0 0
    0 0 0 0 0 0 0 0 0 0 0 0 0 0 0 0 0 0 0 0 0 0 0 0 0 0 0 0 0 0 0 0 0 0
    0 0 0 0 0 0 0 0 0 0 0 0 0 0 0 0 0 0 0 0 0 0 0 0 0 0 0 0 0 0 0 0 0 0
    0 0 0 0 0 0 0 0 0 0 0 0 0 0 0 0 0 0 0 0 0 0 0 0 0 0 0 0 0 0 0 0 0 0
    0 0 0 0 0 0 0 0 0 0 0 0 0 0 0 0 0 0 0 0 0 0 0 0 0 0 0 0 0 0 0 0 0 0
    0 0 0 0 0 0 0 0 0 0 0 0 0 0 0 0 0 0 0 0 0 0 0 0 0 0 0 0 0 0 0 0 0 0
    0 0 0 0 0 0 0 0 0 0 0 0 0 0 0 0 0 0 0 0 0 0 0 0 0 0 0 0 0 0 0 0 0 0
    0 0 0 0 0 0 0 0 0 0 0 0 0 0 0 0 0 0 0 0 0 0 0 0 0 0 0 0 0 0 0 0 0 0
    0 0 0 0 0 0 0 0 0 0 0 0 0 0 0 0 0 0 0 0 0 0 0 0 0 0 0 0 0 0 0 0 0 0
    0 0 0 0 0 0 0 0 0 0 0 0 0 0 0 0 0 0 0 0 0 0 0 0 0 0 0 0 0 0 0 0 0 0
    0 0 0 0 0 0 0 0 0 0 0 0 0 0 0 0 0 0 0 0 0 0 0 0 0 0 0 0 0 0 0 0 0 0
    0 0 0 0 0 0 0 0 0 0 0 0 0 0 0 0 0 0 0 0 0 0 0 0 0 0 0 0 0 0 0 0 0 0
    0 0 0 0 0 0 0 0 0 0 0 0 0 0 0 0 0 0 0 0 0 0 0 0 0 0 0 0 0 0 0 0 0 0
    0 0 0 0 0 0 0 0 0 0 0 0 0 0 0 0 0 0 0 0 0 0 0 0 0 0 0 0 0 0 0 0 0 0
    0 0 0 0 0 0 0 0 0 0 0 0 0 0 0 0 0 0 0 0 0 0 0 0 0 0 0 0 0 0 0 0 0 0
    0 0 0 0 0 0 0 0 0 0 0 0 0 0 0 0 0 0 0 0 0 0 0 0 0 0 0 0 0 0 0 0 0 0
    0 0 0 0 0 0 0 0 0 0 0 0 0 0 0 0 0 0 0 0 0 0 0 0 0 0 0 0 0 0 0 0 0 0
    0 0 0 0 0 0 0 0 0 0 0 0 0 0 0 0 0 0 0 0 0 0 0 0 0 0 0 0 0 0 0 0 0 0
    0 0 0 0 0 0 0 0 0 0 0 0 0 0 0 0 0 0 0 0 0 0 0 0 0 0 0 0 0 0 0 0 0 0
    0 0 0 0 0 0 0 0 0 0 0 0 0 0 0 0 0 0 0 0 0 0 0 0 0 0 0 0 0 0 0 0 0 0
    0 0 0 0 0 0 0 0 0 0 0 0 0 0 0 0 0 0 0 0 0 0 0 0 0 0 0 0 0 0 0 0 0 0
    0 0 0 0 0 0 0 0 0 0 0 0 0 0 0 0 0 0 0 0 0 0 0 0 0 0 0 0 0 0 0 0 0 0
    0 0 0 0 0 0 0 0 0 0 0 0 0 0 0 0 0 0 0 0 0 0 0 0 0 0 0 0 0 0 0 0 0 0
    0 0 0 0 0 0 0 0 0 0 0 0 0 0 0 0 0 0 0 0 0 0 0 0 0 0 0 0 0 0 0 0 0 0
    0 0 0 0 0 0 0 0 0 0 0 0 0 0 0 0 0 0 0 0 0 0 0 0 0 0 0 0 0 0 0 0 0 0
    0 0 0 0 0 0 0 0 0 0 0 0 0 0 0 0 0 0 0 0 0 0 0 0 0 0 0 0 0 0 0 0 0 0
    0 0 0 0 0 0 0 0 0 0 0 0 0 0 0 0 0 0 0 0 0 0 0 0 0 0 0 0 0 0 0 0 0 0
    0 0 0 0 0 0 0 0 0 0 0 0 0 0 0 0 0 0 0 0 0 0 0 0 0 0 0 0 0 0 0 0 0 0
    0 0 0 0 0 0 0 0 0 0 0 0 0 0 0 0 0 0 0 0 0 0 0 0 0 0 0 0 0 0 0 0 0 0
    0 0 0 0 0 0 0 0 0 0 0 0 0 0 0 0 0 0 0 0 0 0 0 0 0 0 0 0 0 0 0 0 0 0
    0 0 0 0 0 0 0 0 0 0 0 0 0 0 0 0 0 0 0 0 0 0 0 0 0 0 0 0 0 0 0 0 0 0
    0 0 0 0 0 0 0 0 0 0 0 0 0 0 0 0 0 0 0 0 0 0 0 0 0 0 0 0 0 0 0 0 0 0
    0 0 0 0 0 0 0 0 0 0 0 0 0 0 0 0 0 0 0 0 0 0 0 0 0 0 0 0 0 0 0 0 0 0
    0 0 0 0 0 0 0 0 0 0 0 0 0 0 0 0 0 0 0 0 0 0 0 0 0 0 0 0 0 0 0 0 0 0
    0 0 0 0 0 0 0 0 0 0 0 0 0 0 0 0 0 0 0 0 0 0 0 0 0 0 0 0 0 0 0 0 0 0
    0 0 0 0 0 0 0 0 0 0 0 0 0 0 0 0 0 0 0 0 0 0 0 0 0 0 0 0 0 0 0 0 0 0
    0 0 0 0 0 0 0 0 0 0 0 0 0 0 0 0 0 0 0 0 0 0 0 0 0 0 0 0 0 0 0 0 0 0
    0 0 0 0 0 0 0 0 0 0 0 0 0 0 0 0 0 0 0 0 0 0 0 0 0 0 0 0 0 0 0 0 0 0
    0 0 0 0 0 0 0 0 0 0 0 0 0 0 0 0 0 0 0 0 0 0 0 0 0 0 0 0 0 0 0 0 0 0
    0 0 0 0 0 0 0 0 0 0 0 0 0 0 0 0 0 0 0 0 0 0 0 0 0 0 0 0 0 0 0 0 0 0
    0 0 0 0 0 0 0 0 0 0 0 0 0 0 0 0 0 0 0 0 0 0 0 0 0 0 0 0 0 0 0 0 0 0
    0 0 0 0 0 0 0 0 0 0 0 0 0 0 0 0 0 0 0 0 0 0 0 0 0 0 0 0 0 0 0 0 0 0
    0 0 0 0 0 0 0 0 0 0 0 0 0 0 0 0 0 0 0 0 0 0 0 0 0 0 0 0 0 0 0 0 0 0
    0 0 0 0 0 0 0 0 0 0 0 0 0 0 0 0 0 0 0 0 0 0 0 0 0 0 0 0 0 0 0 0 0 0
    0 0 0 0 0 0 0 0 0 0 0 0 0 0 0 0 0 0 0 0 0 0 0 0 0 0 0 0 0 0 0 0 0 0
    0 0 0 0 0 0 0 0 0 0 0 0 0 0 0 0 0 0 0 0 0 0 0 0 0 0 0 0 0 0 0 0 0 0
    0 0 0 0 0 0 0 0 0 0 0 0 0 0 0 0 0 0 0 0 0 0 0 0 0 0 0 0 0 0 0 0 0 0
    0 0 0 0 0 0 0 0 0 0 0 0 0 0 0 0 0 0 0 0 0 0 0 0 0 0 0 0 0 0 0 0 0 0
    0 0 0 0 0 0 0 0 0 0 0 0 0 0 0 0 0 0 0 0 0 0 0 0 0 0 0 0 0 0 0 0 0 0
    0 0 0 0 0 0 0 0 0 0 0 0 0 0 0 0 0 0 0 0 0 0 0 0 0 0 0 0 0 0 0 0 0 0
    0 0 0 0 0 0 0 0 0 0 0 0 0 0 0 0 0 0 0 0 0 0 0 0 0 0 0 0 0 0 0 0 0 0
    0 0 0 0 0 0 0 0 0 0 0 0 0 0 0 0 0 0 0 0 0 0 0 0 0 0 0 0 0 0 0 0 0 0
    0 0 0 0 0 0 0 0 0 0 0 0 0 0 0 0 0 0 0 0 0 0 0 0 0 0 0 0 0 0 0 0 0 0
    0 0 0 0 0 0 0 0 0 0 0 0 0 0 0 0 0 0 0 0 0 0 0 0 0 0 0 0 0 0 0 0 0 0
    0 0 0 0 0 0 0 0 0 0 0 0 0 0 0 0 0 0 0 0 0 0 0 0 0 0 0 0 0 0 0 0 0 0
    0 0 0 0 0 0 0 0 0 0 0 0 0 0 0 0 0 0 0 0 0 0 0 0 0 0 0 0 0 0 0 0 0 0
    0 0 0 0 0 0 0 0 0 0 0 0 0 0 0 0 0 0 0 0 0 0 0 0 0 0 0 0 0 0 0 0 0 0
    0 0 0 0 0 0 0 0 0 0 0 0 0 0 0 0 0 0 0 0 0 0 0 0 0 0 0 0 0 0 0 0 0 0
    0 0 0 0 0 0 0 0 0 0 0 0 0 0 0 0 0 0 0 0 0 0 0 0 0 0 0 0 0 0 0 0 0 0
    0 0 0 0 0 0 0 0 0 0 0 0 0 0 0 0 0 0 0 0 0 0 0 0 0 0 0 0 0 0 0 0 0 0
    0 0 0 0 0 0 0 0 0 0 0 0 0 0 0 0 0 0 0 0 0 0 0 0 0 0 0 0 0 0 0 0 0 0
    0 0 0 0 0 0 0 0 0 0 0 0 0 0 0 0 0 0 0 0 0 0 0 0 0 0 0 0 0 0 0 0 0 0
    0 0 0 0 0 0 0 0 0 0 0 0 0 0 0 0 0 0 0 0 0 0 0 0 0 0 0 0 0 0 0 0 0 0
    0 0 0 0 0 0 0 0 0 0 0 0 0 0 0 0 0 0 0 0 0 0 0 0 0 0 0 0 0 0 0 0 0 0
    0 0 0 0 0 0 0 0 0 0 0 0 0 0 0 0 0 0 0 0 0 0 0 0 0 0 0 0 0 0 0 0 0 0
    0 0 0 0 0 0 0 0 0 0 0 0 0 0 0 0 0 0 0 0 0 0 0 0 0 0 0 0 0 0 0 0 0 0
    0 0 0 0 0 0 0 0 0 0 0 0 0 0 0 0 0 0 0 0 0 0 0 0 0 0 0 0 0 0 0 0 0 0
    0 0 0 0 0 0 0 0 0 0 0 0 0 0 0 0 0 0 0 0 0 0 0 0 0 0 0 0 0 0 0 0 0 0
    0 0 0 0 0 0 0 0 0 0 0 0 0 0 0 0 0 0 0 0 0 0 0 0 0 0 0 0 0 0 0 0 0 0
    0 0 0 0 0 0 0 0 0 0 0 0 0 0 0 0 0 0 0 0 0 0 0 0 0 0 0 0 0 0 0 0 0 0
    0 0 0 0 0 0 0 0 0 0 0 0 0 0 0 0 0 0 0 0 0 0 0 0 0 0 0 0 0 0 0 0 0 0
    0 0 0 0 0 0 0 0 0 0 0 0 0 0 0 0 0 0 0 0 0 0 0 0 0 0 0 0 0 0 0 0 0 0
    0 0 0 0 0 0 0 0 0 0 0 0 0 0 0 0 0 0 0 0 0 0 0 0 0 0 0 0 0 0 0 0 0 0
    0 0 0 0 0 0 0 0 0 0 0 0 0 0 0 0 0 0 0 0 0 0 0 0 0 0 0 0 0 0 0 0 0 0
    0 0 0 0 0 0 0 0 0 0 0 0 0 0 0 0 0 0 0 0 0 0 0 0 0 0 0 0 0 0 0 0 0 0
    0 0 0 0 0 0 0 0 0 0 0 0 0 0 0 0 0 0 0 0 0 0 0 0 0 0 0 0 0 0 0 0 0 0
    0 0 0 0 0 0 0 0 0 0 0 0 0 0 0 0 0 0 0 0 0 0 0 0 0 0 0 0 0 0 0 0 0 0
    0 0 0 0 0 0 0 0 0 0 0 0 0 0 0 0 0 0 0 0 0 0 0 0 0 0 0 0 0 0 0 0 0 0
    0 0 0 0 0 0 0 0 0 0 0 0 0 0 0 0 0 0 0 0 0 0 0 0 0 0 0 0 0 0 0 0 0 0
    0 0 0 0 0 0 0 0 0 0 0 0 0 0 0 0 0 0 0 0 0 0 0 0 0 0 0 0 0 0 0 0 0 0
    0 0 0 0 0 0 0 0 0 0 0 0 0 0 0 0 0 0 0 0 0 0 0 0 0 0 0 0 0 0 0 0 0 0
    0 0 0 0 0 0 0 0 0 0 0 0 0 0 0 0 0 0 0 0 0 0 0 0 0 0 0 0 0 0 0 0 0 0
    0 0 0 0 0 0 0 0 0 0 0 0 0 0 0 0 0 0 0 0 0 0 0 0 0 0 0 0 0 0 0 0 0 0
    0 0 0 0 0 0 0 0 0 0 0 0 0 0 0 0 0 0 0 0 0 0 0 0 0 0 0 0 0 0 0 0 0 0
    0 0 0 0 0 0 0 0 0 0 0 0 0 0 0 0 0 0 0 0 0 0 0 0 0 0 0 0 0 0 0 0 0 0
    0 0 0 0 0 0 0 0 0 0 0 0 0 0 0 0 0 0 0 0 0 0 0 0 0 0 0 0 0 0 0 0 0 0
    0 0 0 0 0 0 0 0 0 0 0 0 0 0 0 0 0 0 0 0 0 0 0 0 0 0 0 0 0 0 0 0 0 0
    0 0 0 0 0 0 0 0 0 0 0 0 0 0 0 0 0 0 0 0 0 0 0 0 0 0 0 0 0 0 0 0 0 0
    0 0 0 0 0 0 0 0 0 0 0 0 0 0 0 0 0 0 0 0 0 0 0 0 0 0 0 0 0 0 0 0 0 0
    0 0 0 0 0 0 0 0 0 0 0 0 0 0 0 0 0 0 0 0 0 0 0 0 0 0 0 0 0 0 0 0 0 0
    0 0 0 0 0 0 0 0 0 0 0 0 0 0 0 0 0 0 0 0 0 0 0 0 0 0 0 0 0 0 0 0 0 0
    0 0 0 0 0 0 0 0 0 0 0 0 0 0 0 0 0 0 0 0 0 0 0 0 0 0 0 0 0 0 0 0 0 0
    0 0 0 0 0 0 0 0 0 0 0 0 0 0 0 0 0 0 0 0 0 0 0 0 0 0 0 0 0 0 0 0 0 0
    0 0 0 0 0 0 0 0 0 0 0 0 0 0 0 0 0 0 0 0 0 0 0 0 0 0 0 0 0 0 0 0 0 0
    0 0 0 0 0 0 0 0 0 0 0 0 0 0 0 0 0 0 0 0 0 0 0 0 0 0 0 0 0 0 0 0 0 0
    0 0 0 0 0 0 0 0 0 0 0 0 0 0 0 0 0 0 0 0 0 0 0 0 0 0 0 0 0 0 0 0 0 0
    0 0 0 0 0 0 0 0 0 0 0 0 0 0 0 0 0 0 0 0 0 0 0 0 0 0 0 0 0 0 0 0 0 0
    0 0 0 0 0 0 0 0 0 0 0 0 0 0 0 0 0 0 0 0 0 0 0 0 0 0 0 0 0 0 0 0 0 0
    0 0 0 0 0 0 0 0 0 0 0 0 0 0 0 0 0 0 0 0 0 0 0 0 0 0 0 0 0 0 0 0 0 0
    0 0 0 0 0 0 0 0 0 0 0 0 0 0 0 0 0 0 0 0 0 0 0 0 0 0 0 0 0 0 0 0 0 0
    0 0 0 0 0 0 0 0 0 0 0 0 0 0 0 0 0 0 0 0 0 0 0 0 0 0 0 0 0 0 0 0 0 0
    0 0 0 0 0 0 0 0 0 0 0 0 0 0 0 0 0 0 0 0 0 0 0 0 0 0 0 0 0 0 0 0 0 0
    0 0 0 0 0 0 0 0 0 0 0 0 0 0 0 0 0 0 0 0 0 0 0 0 0 0 0 0 0 0 0 0 0 0
    0 0 0 0 0 0 0 0 0 0 0 0 0 0 0 0 0 0 0 0 0 0 0 0 0 0 0 0 0 0 0 0 0 0
    0 0 0 0 0 0 0 0 0 0 0 0 0 0 0 0 0 0 0 0 0 0 0 0 0 0 0 0 0 0 0 0 0 0
    0 0 0 0 0 0 0 0 0 0 0 0 0 0 0 0 0 0 0 0 0 0 0 0 0 0 0 0 0 0 0 0 0 0
    0 0 0 0 0 0 0 0 0 0 0 0 0 0 0 0 0 0 0 0 0 0 0 0 0 0 0 0 0 0 0 0 0 0
    0 0 0 0 0 0 0 0 0 0 0 0 0 0 0 0 0 0 0 0 0 0 0 0 0 0 0 0 0 0 0 0 0 0
    0 0 0 0 0 0 0 0 0 0 0 0 0 0 0 0 0 0 0 0 0 0 0 0 0 0 0 0 0 0 0 0 0 0
    0 0 0 0 0 0 0 0 0 0 0 0 0 0 0 0 0 0 0 0 0 0 0 0 0 0 0 0 0 0 0 0 0 0
    0 0 0 0 0 0 0 0 0 0 0 0 0 0 0 0 0 0 0 0 0 0 0 0 0 0 0 0 0 0 0 0 0 0
    0 0 0 0 0 0 0 0 0 0 0 0 0 0 0 0 0 0 0 0 0 0 0 0 0 0 0 0 0 0 0 0 0 0
    0 0 0 0 0 0 0 0 0 0 0 0 0 0 0 0 0 0 0 0 0 0 0 0 0 0 0 0 0 0 0 0 0 0
    0 0 0 0 0 0 0 0 0 0 0 0 0 0 0 0 0 0 0 0 0 0 0 0 0 0 0 0 0 0 0 0 0 0
    0 0 0 0 0 0 0 0 0 0 0 0 0 0 0 0 0 0 0 0 0 0 0 0 0 0 0 0 0 0 0 0 0 0
    0 0 0 0 0 0 0 0 0 0 0 0 0 0 0 0 0 0 0 0 0 0 0 0 0 0 0 0 0 0 0 0 0 0
    0 0 0 0 0 0 0 0 0 0 0 0 0 0 0 0 0 0 0 0 0 0 0 0 0 0 0 0 0 0 0 0 0 0
    0 0 0 0 0 0 0 0 0 0 0 0 0 0 0 0 0 0 0 0 0 0 0 0 0 0 0 0 0 0 0 0 0 0
    0 0 0 0 0 0 0 0 0 0 0 0 0 0 0 0 0 0 0 0 0 0 0 0 0 0 0 0 0 0 0 0 0 0
    0 0 0 0 0 0 0 0 0 0 0 0 0 0 0 0 0 0 0 0 0 0 0 0 0 0 0 0 0 0 0 0 0 0
    0 0 0 0 0 0 0 0 0 0 0 0 0 0 0 0 0 0 0 0 0 0 0 0 0 0 0 0 0 0 0 0 0 0
    0 0 0 0 0 0 0 0 0 0 0 0 0 0 0 0 0 0 0 0 0 0 0 0 0 0 0 0 0 0 0 0 0 0
    0 0 0 0 0 0 0 0 0 0 0 0 0 0 0 0 0 0 0 0 0 0 0 0 0 0 0 0 0 0 0 0 0 0
    0 0 0 0 0 0 0 0 0 0 0 0 0 0 0 0 0 0 0 0 0 0 0 0 0 0 0 0 0 0 0 0 0 0
    0 0 0 0 0 0 0 0 0 0 0 0 0 0 0 0 0 0 0 0 0 0 0 0 0 0 0 0 0 0 0 0 0 0
    0 0 0 0 0 0 0 0 0 0 0 0 0 0 0 0 0 0 0 0 0 0 0 0 0 0 0 0 0 0 0 0 0 0
    0 0 0 0 0 0 0 0 0 0 0 0 0 0 0 0 0 0 0 0 0 0 0 0 0 0 0 0 0 0 0 0 0 0
    0 0 0 0 0 0 0 0 0 0 0 0 0 0 0 0 0 0 0 0 0 0 0 0 0 0 0 0 0 0 0 0 0 0
    0 0 0 0 0 0 0 0 0 0 0 0 0 0 0 0 0 0 0 0 0 0 0 0 0 0 0 0 0 0 0 0 0 0
    0 0 0 0 0 0 0 0 0 0 0 0 0 0 0 0 0 0 0 0 0 0 0 0 0 0 0 0 0 0 0 0 0 0
    0 0 0 0 0 0 0 0 0 0 0 0 0 0 0 0 0 0 0 0 0 0 0 0 0 0 0 0 0 0 0 0 0 0
    0 0 0 0 0 0 0 0 0 0 0 0 0 0 0 0 0 0 0 0 0 0 0 0 0 0 0 0 0 0 0 0 0 0
    0 0 0 0 0 0 0 0 0 0 0 0 0 0 0 0 0 0 0 0 0 0 0 0 0 0 0 0 0 0 0 0 0 0
    0 0 0 0 0 0 0 0 0 0 0 0 0 0 0 0 0 0 0 0 0 0 0 0 0 0 0 0 0 0 0 0 0 0
    0 0 0 0 0 0 0 0 0 0 0 0 0 0 0 0 0 0 0 0 0 0 0 0 0 0 0 0 0 0 0 0 0 0
    0 0 0 0 0 0 0 0 0 0 0 0 0 0 0 0 0 0 0 0 0 0 0 0 0 0 0 0 0 0 0 0 0 0
    0 0 0 0 0 0 0 0 0 0 0 0 0 0 0 0 0 0 0 0 0 0 0 0 0 0 0 0 0 0 0 0 0 0
    0 0 0 0 0 0 0 0 0 0 0 0 0 0 0 0 0 0 0 0 0 0 0 0 0 0 0 0 0 0 0 0 0 0
    0 0 0 0 0 0 0 0 0 0 0 0 0 0 0 0 0 0 0 0 0 0 0 0 0 0 0 0 0 0 0 0 0 0
    0 0 0 0 0 0 0 0 0 0 0 0 0 0 0 0 0 0 0 0 0 0 0 0 0 0 0 0 0 0 0 0 0 0
    0 0 0 0 0 0 0 0 0 0 0 0 0 0 0 0 0 0 0 0 0 0 0 0 0 0 0 0 0 0 0 0 0 0
    0 0 0 0 0 0 0 0 0 0 0 0 0 0 0 0 0 0 0 0 0 0 0 0 0 0 0 0 0 0 0 0 0 0
    0 0 0 0 0 0 0 0 0 0 0 0 0 0 0 0 0 0 0 0 0 0 0 0 0 0 0 0 0 0 0 0 0 0
    0 0 0 0 0 0 0 0 0 0 0 0 0 0 0 0 0 0 0 0 0 0 0 0 0 0 0 0 0 0 0 0 0 0
    0 0 0 0 0 0 0 0 0 0 0 0 0 0 0 0 0 0 0 0 0 0 0 0 0 0 0 0 0 0 0 0 0 0
    0 0 0 0 0 0 0 0 0 0 0 0 0 0 0 0 0 0 0 0 0 0 0 0 0 0 0 0 0 0 0 0 0 0
    0 0 0 0 0 0 0 0 0 0 0 0 0 0 0 0 0 0 0 0 0 0 0 0 0 0 0 0 0 0 0 0 0 0
    0 0 0 0 0 0 0 0 0 0 0 0 0 0 0 0 0 0 0 0 0 0 0 0 0 0 0 0 0 0 0 0 0 0
    0 0 0 0 0 0 0 0 0 0 0 0 0 0 0 0 0 0 0 0 0 0 0 0 0 0 0 0 0 0 0 0 0 0
    0 0 0 0 0 0 0 0 0 0 0 0 0 0 0 0 0 0 0 0 0 0 0 0 0 0 0 0 0 0 0 0 0 0
    0 0 0 0 0 0 0 0 0 0 0 0 0 0 0 0 0 0 0 0 0 0 0 0 0 0 0 0 0 0 0 0 0 0
    0 0 0 0 0 0 0 0 0 0 0 0 0 0 0 0 0 0 0 0 0 0 0 0 0 0 0 0 0 0 0 0 0 0
    0 0 0 0 0 0 0 0 0 0 0 0 0 0 0 0 0 0 0 0 0 0 0 0 0 0 0 0 0 0 0 0 0 0
    0 0 0 0 0 0 0 0 0 0 0 0 0 0 0 0 0 0 0 0 0 0 0 0 0 0 0 0 0 0 0 0 0 0
    0 0 0 0 0 0 0 0 0 0 0 0 0 0 0 0 0 0 0 0 0 0 0 0 0 0 0 0 0 0 0 0 0 0
    0 0 0 0 0 0 0 0 0 0 0 0 0 0 0 0 0 0 0 0 0 0 0 0 0 0 0 0 0 0 0 0 0 0
    0 0 0 0 0 0 0 0 0 0 0 0 0 0 0 0 0 0 0 0 0 0 0 0 0 0 0 0 0 0 0 0 0 0
    0 0 0 0 0 0 0 0 0 0 0 0 0 0 0 0 0 0 0 0 0 0 0 0 0 0 0 0 0 0 0 0 0 0
    0 0 0 0 0 0 0 0 0 0 0 0 0 0 0 0 0 0 0 0 0 0 0 0 0 0 0 0 0 0 0 0 0 0
    0 0 0 0 0 0 0 0 0 0 0 0 0 0 0 0 0 0 0 0 0 0 0 0 0 0 0 0 0 0 0 0 0 0
    0 0 0 0 0 0 0 0 0 0 0 0 0 0 0 0 0 0 0 0 0 0 0 0 0 0 0 0 0 0 0 0 0 0
    0 0 0 0 0 0 0 0 0 0 0 0 0 0 0 0 0 0 0 0 0 0 0 0 0 0 0 0 0 0 0 0 0 0
    0 0 0 0 0 0 0 0 0 0 0 0 0 0 0 0 0 0 0 0 0 0 0 0 0 0 0 0 0 0 0 0 0 0
    0 0 0 0 0 0 0 0 0 0 0 0 0 0 0 0 0 0 0 0 0 0 0 0 0 0 0 0 0 0 0 0 0 0
    0 0 0 0 0 0 0 0 0 0 0 0 0 0 0 0 0 0 0 0 0 0 0 0 0 0 0 0 0 0 0 0 0 0
    0 0 0 0 0 0 0 0 0 0 0 0 0 0 0 0 0 0 0 0 0 0 0 0 0 0 0 0 0 0 0 0 0 0
    0 0 0 0 0 0 0 0 0 0 0 0 0 0 0 0 0 0 0 0 0 0 0 0 0 0 0 0 0 0 0 0 0 0
    0 0 0 0 0 0 0 0 0 0 0 0 0 0 0 0 0 0 0 0 0 0 0 0 0 0 0 0 0 0 0 0 0 0
    0 0 0 0 0 0 0 0 0 0 0 0 0 0 0 0 0 0 0 0 0 0 0 0 0 0 0 0 0 0 0 0 0 0
    0 0 0 0 0 0 0 0 0 0 0 0 0 0 0 0 0 0 0 0 0 0 0 0 0 0 0 0 0 0 0 0 0 0
    0 0 0 0 0 0 0 0 0 0 0 0 0 0 0 0 0 0 0 0 0 0 0 0 0 0 0 0 0 0 0 0 0 0
    0 0 0 0 0 0 0 0 0 0 0 0 0 0 0 0 0 0 0 0 0 0 0 0 0 0 0 0 0 0 0 0 0 0
    0 0 0 0 0 0 0 0 0 0 0 0 0 0 0 0 0 0 0 0 0 0 0 0 0 0 0 0 0 0 0 0 0 0
    0 0 0 0 0 0 0 0 0 0 0 0 0 0 0 0 0 0 0 0 0 0 0 0 0 0 0 0 0 0 0 0 0 0
    0 0 0 0 0 0 0 0 0 0 0 0 0 0 0 0 0 0 0 0 0 0 0 0 0 0 0 0 0 0 0 0 0 0
    0 0 0 0 0 0 0 0 0 0 0 0 0 0 0 0 0 0 0 0 0 0 0 0 0 0 0 0 0 0 0 0 0 0
    0 0 0 0 0 0 0 0 0 0 0 0 0 0 0 0 0 0 0 0 0 0 0 0 0 0 0 0 0 0 0 0 0 0
    0 0 0 0 0 0 0 0 0 0 0 0 0 0 0 0 0 0 0 0 0 0 0 0 0 0 0 0 0 0 0 0 0 0
    0 0 0 0 0 0 0 0 0 0 0 0 0 0 0 0 0 0 0 0 0 0 0 0 0 0 0 0 0 0 0 0 0 0
    0 0 0 0 0 0 0 0 0 0 0 0 0 0 0 0 0 0 0 0 0 0 0 0 0 0 0 0 0 0 0 0 0 0
    0 0 0 0 0 0 0 0 0 0 0 0 0 0 0 0 0 0 0 0 0 0 0 0 0 0 0 0 0 0 0 0 0 0
    0 0 0 0 0 0 0 0 0 0 0 0 0 0 0 0 0 0 0 0 0 0 0 0 0 0 0 0 0 0 0 0 0 0
    0 0 0 0 0 0 0 0 0 0 0 0 0 0 0 0 0 0 0 0 0 0 0 0 0 0 0 0 0 0 0 0 0 0
    0 0 0 0 0 0 0 0 0 0 0 0 0 0 0 0 0 0 0 0 0 0 0 0 0 0 0 0 0 0 0 0 0 0
    0 0 0 0 0 0 0 0 0 0 0 0 0 0 0 0 0 0 0 0 0 0 0 0 0 0 0 0 0 0 0 0 0 0
    0 0 0 0 0 0 0 0 0 0 0 0 0 0 0 0 0 0 0 0 0 0 0 0 0 0 0 0 0 0 0 0 0 0
    0 0 0 0 0 0 0 0 0 0 0 0 0 0 0 0 0 0 0 0 0 0 0 0 0 0 0 0 0 0 0 0 0 0
    0 0 0 0 0 0 0 0 0 0 0 0 0 0 0 0 0 0 0 0 0 0 0 0 0 0 0 0 0 0 0 0 0 0
    0 0 0 0 0 0 0 0 0 0 0 0 0 0 0 0 0 0 0 0 0 0 0 0 0 0 0 0 0 0 0 0 0 0
    0 0 0 0 0 0 0 0 0 0 0 0 0 0 0 0 0 0 0 0 0 0 0 0 0 0 0 0 0 0 0 0 0 0
    0 0 0 0 0 0 0 0 0 0 0 0 0 0 0 0 0 0 0 0 0 0 0 0 0 0 0 0 0 0 0 0 0 0
    0 0 0 0 0 0 0 0 0 0 0 0 0 0 0 0 0 0 0 0 0 0 0 0 0 0 0 0 0 0 0 0 0 0
    0 0 0 0 0 0 0 0 0 0 0 0 0 0 0 0 0 0 0 0 0 0 0 0 0 0 0 0 0 0 0 0 0 0
    0 0 0 0 0 0 0 0 0 0 0 0 0 0 0 0 0 0 0 0 0 0 0 0 0 0 0 0 0 0 0 0 0 0
    0 0 0 0 0 0 0 0 0 0 0 0 0 0 0 0 0 0 0 0 0 0 0 0 0 0 0 0 0 0 0 0 0 0
    0 0 0 0 0 0 0 0 0 0 0 0 0 0 0 0 0 0 0 0 0 0 0 0 0 0 0 0 0 0 0 0 0 0
    0 0 0 0 0 0 0 0 0 0 0 0 0 0 0 0 0 0 0 0 0 0 0 0 0 0 0 0 0 0 0 0 0 0
    0 0 0 0 0 0 0 0 0 0 0 0 0 0 0 0 0 0 0 0 0 0 0 0 0 0 0 0 0 0 0 0 0 0
    0 0 0 0 0 0 0 0 0 0 0 0 0 0 0 0 0 0 0 0 0 0 0 0 0 0 0 0 0 0 0 0 0 0
    0 0 0 0 0 0 0 0 0 0 0 0 0 0 0 0 0 0 0 0 0 0 0 0 0 0 0 0 0 0 0 0 0 0
    0 0 0 0 0 0 0 0 0 0 0 0 0 0 0 0 0 0 0 0 0 0 0 0 0 0 0 0 0 0 0 0 0 0
    0 0 0 0 0 0 0 0 0 0 0 0 0 0 0 0 0 0 0 0 0 0 0 0 0 0 0 0 0 0 0 0 0 0
    0 0 0 0 0 0 0 0 0 0 0 0 0 0 0 0 0 0 0 0 0 0 0 0 0 0 0 0 0 0 0 0 0 0
    0 0 0 0 0 0 0 0 0 0 0 0 0 0 0 0 0 0 0 0 0 0 0 0 0 0 0 0 0 0 0 0 0 0
    0 0 0 0 0 0 0 0 0 0 0 0 0 0 0 0 0 0 0 0 0 0 0 0 0 0 0 0 0 0 0 0 0 0
    0 0 0 0 0 0 0 0 0 0 0 0 0 0 0 0 0 0 0 0 0 0 0 0 0 0 0 0 0 0 0 0 0 0
    0 0 0 0 0 0 0 0 0 0 0 0 0 0 0 0 0 0 0 0 0 0 0 0 0 0 0 0 0 0 0 0 0 0
    0 0 0 0 0 0 0 0 0 0 0 0 0 0 0 0 0 0 0 0 0 0 0 0 0 0 0 0 0 0 0 0 0 0
    0 0 0 0 0 0 0 0 0 0 0 0 0 0 0 0 0 0 0 0 0 0 0 0 0 0 0 0 0 0 0 0 0 0
    0 0 0 0 0 0 0 0 0 0 0 0 0 0 0 0 0 0 0 0 0 0 0 0 0 0 0 0 0 0 0 0 0 0
    0 0 0 0 0 0 0 0 0 0 0 0 0 0 0 0 0 0 0 0 0 0 0 0 0 0 0 0 0 0 0 0 0 0
    0 0 0 0 0 0 0 0 0 0 0 0 0 0 0 0 0 0 0 0 0 0 0 0 0 0 0 0 0 0 0 0 0 0
    0 0 0 0 0 0 0 0 0 0 0 0 0 0 0 0 0 0 0 0 0 0 0 0 0 0 0 0 0 0 0 0 0 0
    0 0 0 0 0 0 0 0 0 0 0 0 0 0 0 0 0 0 0 0 0 0 0 0 0 0 0 0 0 0 0 0 0 0
    0 0 0 0 0 0 0 0 0 0 0 0 0 0 0 0 0 0 0 0 0 0 0 0 0 0 0 0 0 0 0 0 0 0
    0 0 0 0 0 0 0 0 0 0 0 0 0 0 0 0 0 0 0 0 0 0 0 0 0 0 0 0 0 0 0 0 0 0
    0 0 0 0 0 0 0 0 0 0 0 0 0 0 0 0 0 0 0 0 0 0 0 0 0 0 0 0 0 0 0 0 0 0
    0 0 0 0 0 0 0 0 0 0 0 0 0 0 0 0 0 0 0 0 0 0 0 0 0 0 0 0 0 0 0 0 0 0
    0 0 0 0 0 0 0 0 0 0 0 0 0 0 0 0 0 0 0 0 0 0 0 0 0 0 0 0 0 0 0 0 0 0
    0 0 0 0 0 0 0 0 0 0 0 0 0 0 0 0 0 0 0 0 0 0 0 0 0 0 0 0 0 0 0 0 0 0
    0 0 0 0 0 0 0 0 0 0 0 0 0 0 0 0 0 0 0 0 0 0 0 0 0 0 0 0 0 0 0 0 0 0
    0 0 0 0 0 0 0 0 0 0 0 0 0 0 0 0 0 0 0 0 0 0 0 0 0 0 0 0 0 0 0 0 0 0
    0 0 0 0 0 0 0 0 0 0 0 0 0 0 0 0 0 0 0 0 0 0 0 0 0 0 0 0 0 0 0 0 0 0
    0 0 0 0 0 0 0 0 0 0 0 0 0 0 0 0 0 0 0 0 0 0 0 0 0 0 0 0 0 0 0 0 0 0
    0 0 0 0 0 0 0 0 0 0 0 0 0 0 0 0 0 0 0 0 0 0 0 0 0 0 0 0 0 0 0 0 0 0
    0 0 0 0 0 0 0 0 0 0 0 0 0 0 0 0 0 0 0 0 0 0 0 0 0 0 0 0 0 0 0 0 0 0
    0 0 0 0 0 0 0 0 0 0 0 0 0 0 0 0 0 0 0 0 0 0 0 0 0 0 0 0 0 0 0 0 0 0
    0 0 0 0 0 0 0 0 0 0 0 0 0 0 0 0 0 0 0 0 0 0 0 0 0 0 0 0 0 0 0 0 0 0
    0 0 0 0 0 0 0 0 0 0 0 0 0 0 0 0 0 0 0 0 0 0 0 0 0 0 0 0 0 0 0 0 0 0
    0 0 0 0 0 0 0 0 0 0 0 0 0 0 0 0 0 0 0 0 0 0 0 0 0 0 0 0 0 0 0 0 0 0
    0 0 0 0 0 0 0 0 0 0 0 0 0 0 0 0 0 0 0 0 0 0 0 0 0 0 0 0 0 0 0 0 0 0
    0 0 0 0 0 0 0 0 0 0 0 0 0 0 0 0 0 0 0 0 0 0 0 0 0 0 0 0 0 0 0 0 0 0
    0 0 0 0 0 0 0 0 0 0 0 0 0 0 0 0 0 0 0 0 0 0 0 0 0 0 0 0 0 0 0 0 0 0
    0 0 0 0 0 0 0 0 0 0 0 0 0 0 0 0 0 0 0 0 0 0 0 0 0 0 0 0 0 0 0 0 0 0
    0 0 0 0 0 0 0 0 0 0 0 0 0 0 0 0 0 0 0 0 0 0 0 0 0 0 0 0 0 0 0 0 0 0
    0 0 0 0 0 0 0 0 0 0 0 0 0 0 0 0 0 0 0 0 0 0 0 0 0 0 0 0 0 0 0 0 0 0
    0 0 0 0 0 0 0 0 0 0 0 0 0 0 0 0 0 0 0 0 0 0 0 0 0 0 0 0 0 0 0 0 0 0
    0 0 0 0 0 0 0 0 0 0 0 0 0 0 0 0 0 0 0 0 0 0 0 0 0 0 0 0 0 0 0 0 0 0
    0 0 0 0 0 0 0 0 0 0 0 0 0 0 0 0 0 0 0 0 0 0 0 0 0 0 0 0 0 0 0 0 0 0
    0 0 0 0 0 0 0 0 0 0 0 0 0 0 0 0 0 0 0 0 0 0 0 0 0 0 0 0 0 0 0 0 0 0
    0 0 0 0 0 0 0 0 0 0 0 0 0 0 0 0 0 0 0 0 0 0 0 0 0 0 0 0 0 0 0 0 0 0
    0 0 0 0 0 0 0 0 0 0 0 0 0 0 0 0 0 0 0 0 0 0 0 0 0 0 0 0 0 0 0 0 0 0
    0 0 0 0 0 0 0 0 0 0 0 0 0 0 0 0 0 0 0 0 0 0 0 0 0 0 0 0 0 0 0 0 0 0
    0 0 0 0 0 0 0 0 0 0 0 0 0 0 0 0 0 0 0 0 0 0 0 0 0 0 0 0 0 0 0 0 0 0
    0 0 0 0 0 0 0 0 0 0 0 0 0 0 0 0 0 0 0 0 0 0 0 0 0 0 0 0 0 0 0 0 0 0
    0 0 0 0 0 0 0 0 0 0 0 0 0 0 0 0 0 0 0 0 0 0 0 0 0 0 0 0 0 0 0 0 0 0
    0 0 0 0 0 0 0 0 0 0 0 0 0 0 0 0 0 0 0 0 0 0 0 0 0 0 0 0 0 0 0 0 0 0
    0 0 0 0 0 0 0 0 0 0 0 0 0 0 0 0 0 0 0 0 0 0 0 0 0 0 0 0 0 0 0 0 0 0
    0 0 0 0 0 0 0 0 0 0 0 0 0 0 0 0 0 0 0 0 0 0 0 0 0 0 0 0 0 0 0 0 0 0
    0 0 0 0 0 0 0 0 0 0 0 0 0 0 0 0 0 0 0 0 0 0 0 0 0 0 0 0 0 0 0 0 0 0
    0 0 0 0 0 0 0 0 0 0 0 0 0 0 0 0 0 0 0 0 0 0 0 0 0 0 0 0 0 0 0 0 0 0
    0 0 0 0 0 0 0 0 0 0 0 0 0 0 0 0 0 0 0 0 0 0 0 0 0 0 0 0 0 0 0 0 0 0
    0 0 0 0 0 0 0 0 0 0 0 0 0 0 0 0 0 0 0 0 0 0 0 0 0 0 0 0 0 0 0 0 0 0
    0 0 0 0 0 0 0 0 0 0 0 0 0 0 0 0 0 0 0 0 0 0 0 0 0 0 0 0 0 0 0 0 0 0
    0 0 0 0 0 0 0 0 0 0 0 0 0 0 0 0 0 0 0 0 0 0 0 0 0 0 0 0 0 0 0 0 0 0
    0 0 0 0 0 0 0 0 0 0 0 0 0 0 0 0 0 0 0 0 0 0 0 0 0 0 0 0 0 0 0 0 0 0
    0 0 0 0 0 0 0 0 0 0 0 0 0 0 0 0 0 0 0 0 0 0 0 0 0 0 0 0 0 0 0 0 0 0
    0 0 0 0 0 0 0 0 0 0 0 0 0 0 0 0 0 0 0 0 0 0 0 0 0 0 0 0 0 0 0 0 0 0
    0 0 0 0 0 0 0 0 0 0 0 0 0 0 0 0 0 0 0 0 0 0 0 0 0 0 0 0 0 0 0 0 0 0
    0 0 0 0 0 0 0 0 0 0 0 0 0 0 0 0 0 0 0 0 0 0 0 0 0 0 0 0 0 0 0 0 0 0
    0 0 0 0 0 0 0 0 0 0 0 0 0 0 0 0 0 0 0 0 0 0 0 0 0 0 0 0 0 0 0 0 0 0
    0 0 0 0 0 0 0 0 0 0 0 0 0 0 0 0 0 0 0 0 0 0 0 0 0 0 0 0 0 0 0 0 0 0
    0 0 0 0 0 0 0 0 0 0 0 0 0 0 0 0 0 0 0 0 0 0 0 0 0 0 0 0 0 0 0 0 0 0
    0 0 0 0 0 0 0 0 0 0 0 0 0 0 0 0 0 0 0 0 0 0 0 0 0 0 0 0 0 0 0 0 0 0
    0 0 0 0 0 0 0 0 0 0 0 0 0 0 0 0 0 0 0 0 0 0 0 0 0 0 0 0 0 0 0 0 0 0
    0 0 0 0 0 0 0 0 0 0 0 0 0 0 0 0 0 0 0 0 0 0 0 0 0 0 0 0 0 0 0 0 0 0
    0 0 0 0 0 0 0 0 0 0 0 0 0 0 0 0 0 0 0 0 0 0 0 0 0 0 0 0 0 0 0 0 0 0
    0 0 0 0 0 0 0 0 0 0 0 0 0 0 0 0 0 0 0 0 0 0 0 0 0 0 0 0 0 0 0 0 0 0
    0 0 0 0 0 0 0 0 0 0 0 0 0 0 0 0 0 0 0 0 0 0 0 0 0 0 0 0 0 0 0 0 0 0
    0 0 0 0 0 0 0 0 0 0 0 0 0 0 0 0 0 0 0 0 0 0 0 0 0 0 0 0 0 0 0 0 0 0
    0 0 0 0 0 0 0 0 0 0 0 0 0 0 0 0 0 0 0 0 0 0 0 0 0 0 0 0 0 0 0 0 0 0
    0 0 0 0 0 0 0 0 0 0 0 0 0 0 0 0 0 0 0 0 0 0 0 0 0 0 0 0 0 0 0 0 0 0
    0 0 0 0 0 0 0 0 0 0 0 0 0 0 0 0 0 0 0 0 0 0 0 0 0 0 0 0 0 0 0 0 0 0
    0 0 0 0 0 0 0 0 0 0 0 0 0 0 0 0 0 0 0 0 0 0 0 0 0 0 0 0 0 0 0 0 0 0
    0 0 0 0 0 0 0 0 0 0 0 0 0 0 0 0 0 0 0 0 0 0 0 0 0 0 0 0 0 0 0 0 0 0
    0 0 0 0 0 0 0 0 0 0 0 0 0 0 0 0 0 0 0 0 0 0 0 0 0 0 0 0 0 0 0 0 0 0
    0 0 0 0 0 0 0 0 0 0 0 0 0 0 0 0 0 0 0 0 0 0 0 0 0 0 0 0 0 0 0 0 0 0
    0 0 0 0 0 0 0 0 0 0 0 0 0 0 0 0 0 0 0 0 0 0 0 0 0 0 0 0 0 0 0 0 0 0
    0 0 0 0 0 0 0 0 0 0 0 0 0 0 0 0 0 0 0 0 0 0 0 0 0 0 0 0 0 0 0 0 0 0
    0 0 0 0 0 0 0 0 0 0 0 0 0 0 0 0 0 0 0 0 0 0 0 0 0 0 0 0 0 0 0 0 0 0
    0 0 0 0 0 0 0 0 0 0 0 0 0 0 0 0 0 0 0 0 0 0 0 0 0 0 0 0 0 0 0 0 0 0
    0 0 0 0 0 0 0 0 0 0 0 0 0 0 0 0 0 0 0 0 0 0 0 0 0 0 0 0 0 0 0 0 0 0
    0 0 0 0 0 0 0 0 0 0 0 0 0 0 0 0 0 0 0 0 0 0 0 0 0 0 0 0 0 0 0 0 0 0
    0 0 0 0 0 0 0 0 0 0 0 0 0 0 0 0 0 0 0 0 0 0 0 0 0 0 0 0 0 0 0 0 0 0
    0 0 0 0 0 0 0 0 0 0 0 0 0 0 0 0 0 0 0 0 0 0 0 0 0 0 0 0 0 0 0 0 0 0
    0 0 0 0 0 0 0 0 0 0 0 0 0 0 0 0 0 0 0 0 0 0 0 0 0 0 0 0 0 0 0 0 0 0
    0 0 0 0 0 0 0 0 0 0 0 0 0 0 0 0 0 0 0 0 0 0 0 0 0 0 0 0 0 0 0 0 0 0
    0 0 0 0 0 0 0 0 0 0 0 0 0 0 0 0 0 0 0 0 0 0 0 0 0 0 0 0 0 0 0 0 0 0
    0 0 0 0 0 0 0 0 0 0 0 0 0 0 0 0 0 0 0 0 0 0 0 0 0 0 0 0 0 0 0 0 0 0
    0 0 0 0 0 0 0 0 0 0 0 0 0 0 0 0 0 0 0 0 0 0 0 0 0 0 0 0 0 0 0 0 0 0
    0 0 0 0 0 0 0 0 0 0 0 0 0 0 0 0 0 0 0 0 0 0 0 0 0 0 0 0 0 0 0 0 0 0
    0 0 0 0 0 0 0 0 0 0 0 0 0 0 0 0 0 0 0 0 0 0 0 0 0 0 0 0 0 0 0 0 0 0
    0 0 0 0 0 0 0 0 0 0 0 0 0 0 0 0 0 0 0 0 0 0 0 0 0 0 0 0 0 0 0 0 0 0
    0 0 0 0 0 0 0 0 0 0 0 0 0 0 0 0 0 0 0 0 0 0 0 0 0 0 0 0 0 0 0 0 0 0
    0 0 0 0 0 0 0 0 0 0 0 0 0 0 0 0 0 0 0 0 0 0 0 0 0 0 0 0 0 0 0 0 0 0
    0 0 0 0 0 0 0 0 0 0 0 0 0 0 0 0 0 0 0 0 0 0 0 0 0 0 0 0 0 0 0 0 0 0
    0 0 0 0 0 0 0 0 0 0 0 0 0 0 0 0 0 0 0 0 0 0 0 0 0 0 0 0 0 0 0 0 0 0
    0 0 0 0 0 0 0 0 0 0 0 0 0 0 0 0 0 0 0 0 0 0 0 0 0 0 0 0 0 0 0 0 0 0
    0 0 0 0 0 0 0 0 0 0 0 0 0 0 0 0 0 0 0 0 0 0 0 0 0 0 0 0 0 0 0 0 0 0
    0 0 0 0 0 0 0 0 0 0 0 0 0 0 0 0 0 0 0 0 0 0 0 0 0 0 0 0 0 0 0 0 0 0
    0 0 0 0 0 0 0 0 0 0 0 0 0 0 0 0 0 0 0 0 0 0 0 0 0 0 0 0 0 0 0 0 0 0
    0 0 0 0 0 0 0 0 0 0 0 0 0 0 0 0 0 0 0 0 0 0 0 0 0 0 0 0 0 0 0 0 0 0
    0 0 0 0 0 0 0 0 0 0 0 0 0 0 0 0 0 0 0 0 0 0 0 0 0 0 0 0 0 0 0 0 0 0
    0 0 0 0 0 0 0 0 0 0 0 0 0 0 0 0 0 0 0 0 0 0 0 0 0 0 0 0 0 0 0 0 0 0
    0 0 0 0 0 0 0 0 0 0 0 0 0 0 0 0 0 0 0 0 0 0 0 0 0 0 0 0 0 0 0 0 0 0
    0 0 0 0 0 0 0 0 0 0 0 0 0 0 0 0 0 0 0 0 0 0 0 0 0 0 0 0 0 0 0 0 0 0
    0 0 0 0 0 0 0 0 0 0 0 0 0 0 0 0 0 0 0 0 0 0 0 0 0 0 0 0 0 0 0 0 0 0
    0 0 0 0 0 0 0 0 0 0 0 0 0 0 0 0 0 0 0 0 0 0 0 0 0 0 0 0 0 0 0 0 0 0
    0 0 0 0 0 0 0 0 0 0 0 0 0 0 0 0 0 0 0 0 0 0 0 0 0 0 0 0 0 0 0 0 0 0
    0 0 0 0 0 0 0 0 0 0 0 0 0 0 0 0 0 0 0 0 0 0 0 0 0 0 0 0 0 0 0 0 0 0
    0 0 0 0 0 0 0 0 0 0 0 0 0 0 0 0 0 0 0 0 0 0 0 0 0 0 0 0 0 0 0 0 0 0
    0 0 0 0 0 0 0 0 0 0 0 0 0 0 0 0 0 0 0 0 0 0 0 0 0 0 0 0 0 0 0 0 0 0
    0 0 0 0 0 0 0 0 0 0 0 0 0 0 0 0 0 0 0 0 0 0 0 0 0 0 0 0 0 0 0 0 0 0
    0 0 0 0 0 0 0 0 0 0 0 0 0 0 0 0 0 0 0 0 0 0 0 0 0 0 0 0 0 0 0 0 0 0
    0 0 0 0 0 0 0 0 0 0 0 0 0 0 0 0 0 0 0 0 0 0 0 0 0 0 0 0 0 0 0 0 0 0
    0 0 0 0 0 0 0 0 0 0 0 0 0 0 0 0 0 0 0 0 0 0 0 0 0 0 0 0 0 0 0 0 0 0
    0 0 0 0 0 0 0 0 0 0 0 0 0 0 0 0 0 0 0 0 0 0 0 0 0 0 0 0 0 0 0 0 0 0
    0 0 0 0 0 0 0 0 0 0 0 0 0 0 0 0 0 0 0 0 0 0 0 0 0 0 0 0 0 0 0 0 0 0
    0 0 0 0 0 0 0 0 0 0 0 0 0 0 0 0 0 0 0 0 0 0 0 0 0 0 0 0 0 0 0 0 0 0
    0 0 0 0 0 0 0 0 0 0 0 0 0 0 0 0 0 0 0 0 0 0 0 0 0 0 0 0 0 0 0 0 0 0
    0 0 0 0 0 0 0 0 0 0 0 0 0 0 0 0 0 0 0 0 0 0 0 0 0 0 0 0 0 0 0 0 0 0
    0 0 0 0 0 0 0 0 0 0 0 0 0 0 0 0 0 0 0 0 0 0 0 0 0 0 0 0 0 0 0 0 0 0
    0 0 0 0 0 0 0 0 0 0 0 0 0 0 0 0 0 0 0 0 0 0 0 0 0 0 0 0 0 0 0 0 0 0
    0 0 0 0 0 0 0 0 0 0 0 0 0 0 0 0 0 0 0 0 0 0 0 0 0 0 0 0 0 0 0 0 0 0
    0 0 0 0 0 0 0 0 0 0 0 0 0 0 0 0 0 0 0 0 0 0 0 0 0 0 0 0 0 0 0 0 0 0
    0 0 0 0 0 0 0 0 0 0 0 0 0 0 0 0 0 0 0 0 0 0 0 0 0 0 0 0 0 0 0 0 0 0
    0 0 0 0 0 0 0 0 0 0 0 0 0 0 0 0 0 0 0 0 0 0 0 0 0 0 0 0 0 0 0 0 0 0
    0 0 0 0 0 0 0 0 0 0 0 0 0 0 0 0 0 0 0 0 0 0 0 0 0 0 0 0 0 0 0 0 0 0
    0 0 0 0 0 0 0 0 0 0 0 0 0 0 0 0 0 0 0 0 0 0 0 0 0 0 0 0 0 0 0 0 0 0
    0 0 0 0 0 0 0 0 0 0 0 0 0 0 0 0 0 0 0 0 0 0 0 0 0 0 0 0 0 0 0 0 0 0
    0 0 0 0 0 0 0 0 0 0 0 0 0 0 0 0 0 0 0 0 0 0 0 0 0 0 0 0 0 0 0 0 0 0
    0 0 0 0 0 0 0 0 0 0 0 0 0 0 0 0 0 0 0 0 0 0 0 0 0 0 0 0 0 0 0 0 0 0
    0 0 0 0 0 0 0 0 0 0 0 0 0 0 0 0 0 0 0 0 0 0 0 0 0 0 0 0 0 0 0 0 0 0
    0 0 0 0 0 0 0 0 0 0 0 0 0 0 0 0 0 0 0 0 0 0 0 0 0 0 0 0 0 0 0 0 0 0
    0 0 0 0 0 0 0 0 0 0 0 0 0 0 0 0 0 0 0 0 0 0 0 0 0 0 0 0 0 0 0 0 0 0
    0 0 0 0 0 0 0 0 0 0 0 0 0 0 0 0 0 0 0 0 0 0 0 0 0 0 0 0 0 0 0 0 0 0
    0 0 0 0 0 0 0 0 0 0 0 0 0 0 0 0 0 0 0 0 0 0 0 0 0 0 0 0 0 0 0 0 0 0
    0 0 0 0 0 0 0 0 0 0 0 0 0 0 0 0 0 0 0 0 0 0 0 0 0 0 0 0 0 0 0 0 0 0
    0 0 0 0 0 0 0 0 0 0 0 0 0 0 0 0 0 0 0 0 0 0 0 0 0 0 0 0 0 0 0 0 0 0
    0 0 0 0 0 0 0 0 0 0 0 0 0 0 0 0 0 0 0 0 0 0 0 0 0 0 0 0 0 0 0 0 0 0
    0 0 0 0 0 0 0 0 0 0 0 0 0 0 0 0 0 0 0 0 0 0 0 0 0 0 0 0 0 0 0 0 0 0
    0 0 0 0 0 0 0 0 0 0 0 0 0 0 0 0 0 0 0 0 0 0 0 0 0 0 0 0 0 0 0 0 0 0
    0 0 0 0 0 0 0 0 0 0 0 0 0 0 0 0 0 0 0 0 0 0 0 0 0 0 0 0 0 0 0 0 0 0
    0 0 0 0 0 0 0 0 0 0 0 0 0 0 0 0 0 0 0 0 0 0 0 0 0 0 0 0 0 0 0 0 0 0
    0 0 0 0 0 0 0 0 0 0 0 0 0 0 0 0 0 0 0 0 0 0 0 0 0 0 0 0 0 0 0 0 0 0
    0 0 0 0 0 0 0 0 0 0 0 0 0 0 0 0 0 0 0 0 0 0 0 0 0 0 0 0 0 0 0 0 0 0
    0 0 0 0 0 0 0 0 0 0 0 0 0 0 0 0 0 0 0 0 0 0 0 0 0 0 0 0 0 0 0 0 0 0
    0 0 0 0 0 0 0 0 0 0 0 0 0 0 0 0 0 0 0 0 0 0 0 0 0 0 0 0 0 0 0 0 0 0
    0 0 0 0 0 0 0 0 0 0 0 0 0 0 0 0 0 0 0 0 0 0 0 0 0 0 0 0 0 0 0 0 0 0
    0 0 0 0 0 0 0 0 0 0 0 0 0 0 0 0 0 0 0 0 0 0 0 0 0 0 0 0 0 0 0 0 0 0
    0 0 0 0 0 0 0 0 0 0 0 0 0 0 0 0 0 0 0 0 0 0 0 0 0 0 0 0 0 0 0 0 0 0
    0 0 0 0 0 0 0 0 0 0 0 0 0 0 0 0 0 0 0 0 0 0 0 0 0 0 0 0 0 0 0 0 0 0
    0 0 0 0 0 0 0 0 0 0 0 0 0 0 0 0 0 0 0 0 0 0 0 0 0 0 0 0 0 0 0 0 0 0
    0 0 0 0 0 0 0 0 0 0 0 0 0 0 0 0 0 0 0 0 0 0 0 0 0 0 0 0 0 0 0 0 0 0
    0 0 0 0 0 0 0 0 0 0 0 0 0 0 0 0 0 0 0 0 0 0 0 0 0 0 0 0 0 0 0 0 0 0
    0 0 0 0 0 0 0 0 0 0 0 0 0 0 0 0 0 0 0 0 0 0 0 0 0 0 0 0 0 0 0 0 0 0
    0 0 0 0 0 0 0 0 0 0 0 0 0 0 0 0 0 0 0 0 0 0 0 0 0 0 0 0 0 0 0 0 0 0
    0 0 0 0 0 0 0 0 0 0 0 0 0 0 0 0 0 0 0 0 0 0 0 0 0 0 0 0 0 0 0 0 0 0
    0 0 0 0 0 0 0 0 0 0 0 0 0 0 0 0 0 0 0 0 0 0 0 0 0 0 0 0 0 0 0 0 0 0
    0 0 0 0 0 0 0 0 0 0 0 0 0 0 0 0 0 0 0 0 0 0 0 0 0 0 0 0 0 0 0 0 0 0
    0 0 0 0 0 0 0 0 0 0 0 0 0 0 0 0 0 0 0 0 0 0 0 0 0 0 0 0 0 0 0 0 0 0
    0 0 0 0 0 0 0 0 0 0 0 0 0 0 0 0 0 0 0 0 0 0 0 0 0 0 0 0 0 0 0 0 0 0
    0 0 0 0 0 0 0 0 0 0 0 0 0 0 0 0 0 0 0 0 0 0 0 0 0 0 0 0 0 0 0 0 0 0
    0 0 0 0 0 0 0 0 0 0 0 0 0 0 0 0 0 0 0 0 0 0 0 0 0 0 0 0 0 0 0 0 0 0
    0 0 0 0 0 0 0 0 0 0 0 0 0 0 0 0 0 0 0 0 0 0 0 0 0 0 0 0 0 0 0 0 0 0
    0 0 0 0 0 0 0 0 0 0 0 0 0 0 0 0 0 0 0 0 0 0 0 0 0 0 0 0 0 0 0 0 0 0
    0 0 0 0 0 0 0 0 0 0 0 0 0 0 0 0 0 0 0 0 0 0 0 0 0 0 0 0 0 0 0 0 0 0
    0 0 0 0 0 0 0 0 0 0 0 0 0 0 0 0 0 0 0 0 0 0 0 0 0 0 0 0 0 0 0 0 0 0
    0 0 0 0 0 0 0 0 0 0 0 0 0 0 0 0 0 0 0 0 0 0 0 0 0 0 0 0 0 0 0 0 0 0
    0 0 0 0 0 0 0 0 0 0 0 0 0 0 0 0 0 0 0 0 0 0 0 0 0 0 0 0 0 0 0 0 0 0
    0 0 0 0 0 0 0 0 0 0 0 0 0 0 0 0 0 0 0 0 0 0 0 0 0 0 0 0 0 0 0 0 0 0
    0 0 0 0 0 0 0 0 0 0 0 0 0 0 0 0 0 0 0 0 0 0 0 0 0 0 0 0 0 0 0 0 0 0
    0 0 0 0 0 0 0 0 0 0 0 0 0 0 0 0 0 0 0 0 0 0 0 0 0 0 0 0 0 0 0 0 0 0
    0 0 0 0 0 0 0 0 0 0 0 0 0 0 0 0 0 0 0 0 0 0 0 0 0 0 0 0 0 0 0 0 0 0
    0 0 0 0 0 0 0 0 0 0 0 0 0 0 0 0 0 0 0 0 0 0 0 0 0 0 0 0 0 0 0 0 0 0
    0 0 0 0 0 0 0 0 0 0 0 0 0 0 0 0 0 0 0 0 0 0 0 0 0 0 0 0 0 0 0 0 0 0
    0 0 0 0 0 0 0 0 0 0 0 0 0 0 0 0 0 0 0 0 0 0 0 0 0 0 0 0 0 0 0 0 0 0
    0 0 0 0 0 0 0 0 0 0 0 0 0 0 0 0 0 0 0 0 0 0 0 0 0 0 0 0 0 0 0 0 0 0
    0 0 0 0 0 0 0 0 0 0 0 0 0 0 0 0 0 0 0 0 0 0 0 0 0 0 0 0 0 0 0 0 0 0
    0 0 0 0 0 0 0 0 0 0 0 0 0 0 0 0 0 0 0 0 0 0 0 0 0 0 0 0 0 0 0 0 0 0
    0 0 0 0 0 0 0 0 0 0 0 0 0 0 0 0 0 0 0 0 0 0 0 0 0 0 0 0 0 0 0 0 0 0
    0 0 0 0 0 0 0 0 0 0 0 0 0 0 0 0 0 0 0 0 0 0 0 0 0 0 0 0 0 0 0 0 0 0
    0 0 0 0 0 0 0 0 0 0 0 0 0 0 0 0 0 0 0 0 0 0 0 0 0 0 0 0 0 0 0 0 0 0
    0 0 0 0 0 0 0 0 0 0 0 0 0 0 0 0 0 0 0 0 0 0 0 0 0 0 0 0 0 0 0 0 0 0
    0 0 0 0 0 0 0 0 0 0 0 0 0 0 0 0 0 0 0 0 0 0 0 0 0 0 0 0 0 0 0 0 0 0
    0 0 0 0 0 0 0 0 0 0 0 0 0 0 0 0 0 0 0 0 0 0 0 0 0 0 0 0 0 0 0 0 0 0
    0 0 0 0 0 0 0 0 0 0 0 0 0 0 0 0 0 0 0 0 0 0 0 0 0 0 0 0 0 0 0 0 0 0
    0 0 0 0 0 0 0 0 0 0 0 0 0 0 0 0 0 0 0 0 0 0 0 0 0 0 0 0 0 0 0 0 0 0
    0 0 0 0 0 0 0 0 0 0 0 0 0 0 0 0 0 0 0 0 0 0 0 0 0 0 0 0 0 0 0 0 0 0
    0 0 0 0 0 0 0 0 0 0 0 0 0 0 0 0 0 0 0 0 0 0 0 0 0 0 0 0 0 0 0 0 0 0
    0 0 0 0 0 0 0 0 0 0 0 0 0 0 0 0 0 0 0 0 0 0 0 0 0 0 0 0 0 0 0 0 0 0
    0 0 0 0 0 0 0 0 0 0 0 0 0 0 0 0 0 0 0 0 0 0 0 0 0 0 0 0 0 0 0 0 0 0
    0 0 0 0 0 0 0 0 0 0 0 0 0 0 0 0 0 0 0 0 0 0 0 0 0 0 0 0 0 0 0 0 0 0
    0 0 0 0 0 0 0 0 0 0 0 0 0 0 0 0 0 0 0 0 0 0 0 0 0 0 0 0 0 0 0 0 0 0
    0 0 0 0 0 0 0 0 0 0 0 0 0 0 0 0 0 0 0 0 0 0 0 0 0 0 0 0 0 0 0 0 0 0
    0 0 0 0 0 0 0 0 0 0 0 0 0 0 0 0 0 0 0 0 0 0 0 0 0 0 0 0 0 0 0 0 0 0
    0 0 0 0 0 0 0 0 0 0 0 0 0 0 0 0 0 0 0 0 0 0 0 0 0 0 0 0 0 0 0 0 0 0
    0 0 0 0 0 0 0 0 0 0 0 0 0 0 0 0 0 0 0 0 0 0 0 0 0 0 0 0 0 0 0 0 0 0
    0 0 0 0 0 0 0 0 0 0 0 0 0 0 0 0 0 0 0 0 0 0 0 0 0 0 0 0 0 0 0 0 0 0
    0 0 0 0 0 0 0 0 0 0 0 0 0 0 0 0 0 0 0 0 0 0 0 0 0 0 0 0 0 0 0 0 0 0
    0 0 0 0 0 0 0 0 0 0 0 0 0 0 0 0 0 0 0 0 0 0 0 0 0 0 0 0 0 0 0 0 0 0
    0 0 0 0 0 0 0 0 0 0 0 0 0 0 0 0 0 0 0 0 0 0 0 0 0 0 0 0 0 0 0 0 0 0
    0 0 0 0 0 0 0 0 0 0 0 0 0 0 0 0 0 0 0 0 0 0 0 0 0 0 0 0 0 0 0 0 0 0
    0 0 0 0 0 0 0 0 0 0 0 0 0 0 0 0 0 0 0 0 0 0 0 0 0 0 0 0 0 0 0 0 0 0
    0 0 0 0 0 0 0 0 0 0 0 0 0 0 0 0 0 0 0 0 0 0 0 0 0 0 0 0 0 0 0 0 0 0
    0 0 0 0 0 0 0 0 0 0 0 0 0 0 0 0 0 0 0 0 0 0 0 0 0 0 0 0 0 0 0 0 0 0
    0 0 0 0 0 0 0 0 0 0 0 0 0 0 0 0 0 0 0 0 0 0 0 0 0 0 0 0 0 0 0 0 0 0
    0 0 0 0 0 0 0 0 0 0 0 0 0 0 0 0 0 0 0 0 0 0 0 0 0 0 0 0 0 0 0 0 0 0
    0 0 0 0 0 0 0 0 0 0 0 0 0 0 0 0 0 0 0 0 0 0 0 0 0 0 0 0 0 0 0 0 0 0
    0 0 0 0 0 0 0 0 0 0 0 0 0 0 0 0 0 0 0 0 0 0 0 0 0 0 0 0 0 0 0 0 0 0
    0 0 0 0 0 0 0 0 0 0 0 0 0 0 0 0 0 0 0 0 0 0 0 0 0 0 0 0 0 0 0 0 0 0
    0 0 0 0 0 0 0 0 0 0 0 0 0 0 0 0 0 0 0 0 0 0 0 0 0 0 0 0 0 0 0 0 0 0
    0 0 0 0 0 0 0 0 0 0 0 0 0 0 0 0 0 0 0 0 0 0 0 0 0 0 0 0 0 0 0 0 0 0
    0 0 0 0 0 0 0 0 0 0 0 0 0 0 0 0 0 0 0 0 0 0 0 0 0 0 0 0 0 0 0 0 0 0
    0 0 0 0 0 0 0 0 0 0 0 0 0 0 0 0 0 0 0 0 0 0 0 0 0 0 0 0 0 0 0 0 0 0
    0 0 0 0 0 0 0 0 0 0 0 0 0 0 0 0 0 0 0 0 0 0 0 0 0 0 0 0 0 0 0 0 0 0
    0 0 0 0 0 0 0 0 0 0 0 0 0 0 0 0 0 0 0 0 0 0 0 0 0 0 0 0 0 0 0 0 0 0
    0 0 0 0 0 0 0 0 0 0 0 0 0 0 0 0 0 0 0 0 0 0 0 0 0 0 0 0 0 0 0 0 0 0
    0 0 0 0 0 0 0 0 0 0 0 0 0 0 0 0 0 0 0 0 0 0 0 0 0 0 0 0 0 0 0 0 0 0
    0 0 0 0 0 0 0 0 0 0 0 0 0 0 0 0 0 0 0 0 0 0 0 0 0 0 0 0 0 0 0 0 0 0
    0 0 0 0 0 0 0 0 0 0 0 0 0 0 0 0 0 0 0 0 0 0 0 0 0 0 0 0 0 0 0 0 0 0
    0 0 0 0 0 0 0 0 0 0 0 0 0 0 0 0 0 0 0 0 0 0 0 0 0 0 0 0 0 0 0 0 0 0
    0 0 0 0 0 0 0 0 0 0 0 0 0 0 0 0 0 0 0 0 0 0 0 0 0 0 0 0 0 0 0 0 0 0
    0 0 0 0 0 0 0 0 0 0 0 0 0 0 0 0 0 0 0 0 0 0 0 0 0 0 0 0 0 0 0 0 0 0
    0 0 0 0 0 0 0 0 0 0 0 0 0 0 0 0 0 0 0 0 0 0 0 0 0 0 0 0 0 0 0 0 0 0
    0 0 0 0 0 0 0 0 0 0 0 0 0 0 0 0 0 0 0 0 0 0 0 0 0 0 0 0 0 0 0 0 0 0
    0 0 0 0 0 0 0 0 0 0 0 0 0 0 0 0 0 0 0 0 0 0 0 0 0 0 0 0 0 0 0 0 0 0
    0 0 0 0 0 0 0 0 0 0 0 0 0 0 0 0 0 0 0 0 0 0 0 0 0 0 0 0 0 0 0 0 0 0
    0 0 0 0 0 0 0 0 0 0 0 0 0 0 0 0 0 0 0 0 0 0 0 0 0 0 0 0 0 0 0 0 0 0
    0 0 0 0 0 0 0 0 0 0 0 0 0 0 0 0 0 0 0 0 0 0 0 0 0 0 0 0 0 0 0 0 0 0
    0 0 0 0 0 0 0 0 0 0 0 0 0 0 0 0 0 0 0 0 0 0 0 0 0 0 0 0 0 0 0 0 0 0
    0 0 0 0 0 0 0 0 0 0 0 0 0 0 0 0 0 0 0 0 0 0 0 0 0 0 0 0 0 0 0 0 0 0
    0 0 0 0 0 0 0 0 0 0 0 0 0 0 0 0 0 0 0 0 0 0 0 0 0 0 0 0 0 0 0 0 0 0
    0 0 0 0 0 0 0 0 0 0 0 0 0 0 0 0 0 0 0 0 0 0 0 0 0 0 0 0 0 0 0 0 0 0
    0 0 0 0 0 0 0 0 0 0 0 0 0 0 0 0 0 0 0 0 0 0 0 0 0 0 0 0 0 0 0 0 0 0
    0 0 0 0 0 0 0 0 0 0 0 0 0 0 0 0 0 0 0 0 0 0 0 0 0 0 0 0 0 0 0 0 0 0
    0 0 0 0 0 0 0 0 0 0 0 0 0 0 0 0 0 0 0 0 0 0 0 0 0 0 0 0 0 0 0 0 0 0
    0 0 0 0 0 0 0 0 0 0 0 0 0 0 0 0 0 0 0 0 0 0 0 0 0 0 0 0 0 0 0 0 0 0
    0 0 0 0 0 0 0 0 0 0 0 0 0 0 0 0 0 0 0 0 0 0 0 0 0 0 0 0 0 0 0 0 0 0
    0 0 0 0 0 0 0 0 0 0 0 0 0 0 0 0 0 0 0 0 0 0 0 0 0 0 0 0 0 0 0 0 0 0
    0 0 0 0 0 0 0 0 0 0 0 0 0 0 0 0 0 0 0 0 0 0 0 0 0 0 0 0 0 0 0 0 0 0
    0 0 0 0 0 0 0 0 0 0 0 0 0 0 0 0 0 0 0 0 0 0 0 0 0 0 0 0 0 0 0 0 0 0
    0 0 0 0 0 0 0 0 0 0 0 0 0 0 0 0 0 0 0 0 0 0 0 0 0 0 0 0 0 0 0 0 0 0
    0 0 0 0 0 0 0 0 0 0 0 0 0 0 0 0 0 0 0 0 0 0 0 0 0 0 0 0 0 0 0 0 0 0
    0 0 0 0 0 0 0 0 0 0 0 0 0 0 0 0 0 0 0 0 0 0 0 0 0 0 0 0 0 0 0 0 0 0
    0 0 0 0 0 0 0 0 0 0 0 0 0 0 0 0 0 0 0 0 0 0 0 0 0 0 0 0 0 0 0 0 0 0
    0 0 0 0 0 0 0 0 0 0 0 0 0 0 0 0 0 0 0 0 0 0 0 0 0 0 0 0 0 0 0 0 0 0
    0 0 0 0 0 0 0 0 0 0 0 0 0 0 0 0 0 0 0 0 0 0 0 0 0 0 0 0 0 0 0 0 0 0
    0 0 0 0 0 0 0 0 0 0 0 0 0 0 0 0 0 0 0 0 0 0 0 0 0 0 0 0 0 0 0 0 0 0
    0 0 0 0 0 0 0 0 0 0 0 0 0 0 0 0 0 0 0 0 0 0 0 0 0 0 0 0 0 0 0 0 0 0
    0 0 0 0 0 0 0 0 0 0 0 0 0 0 0 0 0 0 0 0 0 0 0 0 0 0 0 0 0 0 0 0 0 0
    0 0 0 0 0 0 0 0 0 0 0 0 0 0 0 0 0 0 0 0 0 0 0 0 0 0 0 0 0 0 0 0 0 0
    0 0 0 0 0 0 0 0 0 0 0 0 0 0 0 0 0 0 0 0 0 0 0 0 0 0 0 0 0 0 0 0 0 0
    0 0 0 0 0 0 0 0 0 0 0 0 0 0 0 0 0 0 0 0 0 0 0 0 0 0 0 0 0 0 0 0 0 0
    0 0 0 0 0 0 0 0 0 0 0 0 0 0 0 0 0 0 0 0 0 0 0 0 0 0 0 0 0 0 0 0 0 0
    0 0 0 0 0 0 0 0 0 0 0 0 0 0 0 0 0 0 0 0 0 0 0 0 0 0 0 0 0 0 0 0 0 0
    0 0 0 0 0 0 0 0 0 0 0 0 0 0 0 0 0 0 0 0 0 0 0 0 0 0 0 0 0 0 0 0 0 0
    0 0 0 0 0 0 0 0 0 0 0 0 0 0 0 0 0 0 0 0 0 0 0 0 0 0 0 0 0 0 0 0 0 0
    0 0 0 0 0 0 0 0 0 0 0 0 0 0 0 0 0 0 0 0 0 0 0 0 0 0 0 0 0 0 0 0 0 0
    0 0 0 0 0 0 0 0 0 0 0 0 0 0 0 0 0 0 0 0 0 0 0 0 0 0 0 0 0 0 0 0 0 0
    0 0 0 0 0 0 0 0 0 0 0 0 0 0 0 0 0 0 0 0 0 0 0 0 0 0 0 0 0 0 0 0 0 0
    0 0 0 0 0 0 0 0 0 0 0 0 0 0 0 0 0 0 0 0 0 0 0 0 0 0 0 0 0 0 0 0 0 0
    0 0 0 0 0 0 0 0 0 0 0 0 0 0 0 0 0 0 0 0 0 0 0 0 0 0 0 0 0 0 0 0 0 0
    0 0 0 0 0 0 0 0 0 0 0 0 0 0 0 0 0 0 0 0 0 0 0 0 0 0 0 0 0 0 0 0 0 0
    0 0 0 0 0 0 0 0 0 0 0 0 0 0 0 0 0 0 0 0 0 0 0 0 0 0 0 0 0 0 0 0 0 0
    0 0 0 0 0 0 0 0 0 0 0 0 0 0 0 0 0 0 0 0 0 0 0 0 0 0 0 0 0 0 0 0 0 0
    0 0 0 0 0 0 0 0 0 0 0 0 0 0 0 0 0 0 0 0 0 0 0 0 0 0 0 0 0 0 0 0 0 0
    0 0 0 0 0 0 0 0 0 0 0 0 0 0 0 0 0 0 0 0 0 0 0 0 0 0 0 0 0 0 0 0 0 0
    0 0 0 0 0 0 0 0 0 0 0 0 0 0 0 0 0 0 0 0 0 0 0 0 0 0 0 0 0 0 0 0 0 0
    0 0 0 0 0 0 0 0 0 0 0 0 0 0 0 0 0 0 0 0 0 0 0 0 0 0 0 0 0 0 0 0 0 0
    0 0 0 0 0 0 0 0 0 0 0 0 0 0 0 0 0 0 0 0 0 0 0 0 0 0 0 0 0 0 0 0 0 0
    0 0 0 0 0 0 0 0 0 0 0 0 0 0 0 0 0 0 0 0 0 0 0 0 0 0 0 0 0 0 0 0 0 0
    0 0 0 0 0 0 0 0 0 0 0 0 0 0 0 0 0 0 0 0 0 0 0 0 0 0 0 0 0 0 0 0 0 0
    0 0 0 0 0 0 0 0 0 0 0 0 0 0 0 0 0 0 0 0 0 0 0 0 0 0 0 0 0 0 0 0 0 0
    0 0 0 0 0 0 0 0 0 0 0 0 0 0 0 0 0 0 0 0 0 0 0 0 0 0 0 0 0 0 0 0 0 0
    0 0 0 0 0 0 0 0 0 0 0 0 0 0 0 0 0 0 0 0 0 0 0 0 0 0 0 0 0 0 0 0 0 0
    0 0 0 0 0 0 0 0 0 0 0 0 0 0 0 0 0 0 0 0 0 0 0 0 0 0 0 0 0 0 0 0 0 0
    0 0 0 0 0 0 0 0 0 0 0 0 0 0 0 0 0 0 0 0 0 0 0 0 0 0 0 0 0 0 0 0 0 0
    0 0 0 0 0 0 0 0 0 0 0 0 0 0 0 0 0 0 0 0 0 0 0 0 0 0 0 0 0 0 0 0 0 0
    0 0 0 0 0 0 0 0 0 0 0 0 0 0 0 0 0 0 0 0 0 0 0 0 0 0 0 0 0 0 0 0 0 0
    0 0 0 0 0 0 0 0 0 0 0 0 0 0 0 0 0 0 0 0 0 0 0 0 0 0 0 0 0 0 0 0 0 0
    0 0 0 0 0 0 0 0 0 0 0 0 0 0 0 0 0 0 0 0 0 0 0 0 0 0 0 0 0 0 0 0 0 0
    0 0 0 0 0 0 0 0 0 0 0 0 0 0 0 0 0 0 0 0 0 0 0 0 0 0 0 0 0 0 0 0 0 0
    0 0 0 0 0 0 0 0 0 0 0 0 0 0 0 0 0 0 0 0 0 0 0 0 0 0 0 0 0 0 0 0 0 0
    0 0 0 0 0 0 0 0 0 0 0 0 0 0 0 0 0 0 0 0 0 0 0 0 0 0 0 0 0 0 0 0 0 0
    0 0 0 0 0 0 0 0 0 0 0 0 0 0 0 0 0 0 0 0 0 0 0 0 0 0 0 0 0 0 0 0 0 0
    0 0 0 0 0 0 0 0 0 0 0 0 0 0 0 0 0 0 0 0 0 0 0 0 0 0 0 0 0 0 0 0 0 0
    0 0 0 0 0 0 0 0 0 0 0 0 0 0 0 0 0 0 0 0 0 0 0 0 0 0 0 0 0 0 0 0 0 0
    0 0 0 0 0 0 0 0 0 0 0 0 0 0 0 0 0 0 0 0 0 0 0 0 0 0 0 0 0 0 0 0 0 0
    0 0 0 0 0 0 0 0 0 0 0 0 0 0 0 0 0 0 0 0 0 0 0 0 0 0 0 0 0 0 0 0 0 0
    0 0 0 0 0 0 0 0 0 0 0 0 0 0 0 0 0 0 0 0 0 0 0 0 0 0 0 0 0 0 0 0 0 0
    0 0 0 0 0 0 0 0 0 0 0 0 0 0 0 0 0 0 0 0 0 0 0 0 0 0 0 0 0 0 0 0 0 0
    0 0 0 0 0 0 0 0 0 0 0 0 0 0 0 0 0 0 0 0 0 0 0 0 0 0 0 0 0 0 0 0 0 0
    0 0 0 0 0 0 0 0 0 0 0 0 0 0 0 0 0 0 0 0 0 0 0 0 0 0 0 0 0 0 0 0 0 0
    0 0 0 0 0 0 0 0 0 0 0 0 0 0 0 0 0 0 0 0 0 0 0 0 0 0 0 0 0 0 0 0 0 0
    0 0 0 0 0 0 0 0 0 0 0 0 0 0 0 0 0 0 0 0 0 0 0 0 0 0 0 0 0 0 0 0 0 0
    0 0 0 0 0 0 0 0 0 0 0 0 0 0 0 0 0 0 0 0 0 0 0 0 0 0 0 0 0 0 0 0 0 0
    0 0 0 0 0 0 0 0 0 0 0 0 0 0 0 0 0 0 0 0 0 0 0 0 0 0 0 0 0 0 0 0 0 0
    0 0 0 0 0 0 0 0 0 0 0 0 0 0 0 0 0 0 0 0 0 0 0 0 0 0 0 0 0 0 0 0 0 0
    0 0 0 0 0 0 0 0 0 0 0 0 0 0 0 0 0 0 0 0 0 0 0 0 0 0 0 0 0 0 0 0 0 0
    0 0 0 0 0 0 0 0 0 0 0 0 0 0 0 0 0 0 0 0 0 0 0 0 0 0 0 0 0 0 0 0 0 0
    0 0 0 0 0 0 0 0 0 0 0 0 0 0 0 0 0 0 0 0 0 0 0 0 0 0 0 0 0 0 0 0 0 0
    0 0 0 0 0 0 0 0 0 0 0 0 0 0 0 0 0 0 0 0 0 0 0 0 0 0 0 0 0 0 0 0 0 0
    0 0 0 0 0 0 0 0 0 0 0 0 0 0 0 0 0 0 0 0 0 0 0 0 0 0 0 0 0 0 0 0 0 0
    0 0 0 0 0 0 0 0 0 0 0 0 0 0 0 0 0 0 0 0 0 0 0 0 0 0 0 0 0 0 0 0 0 0
    0 0 0 0 0 0 0 0 0 0 0 0 0 0 0 0 0 0 0 0 0 0 0 0 0 0 0 0 0 0 0 0 0 0
    0 0 0 0 0 0 0 0 0 0 0 0 0 0 0 0 0 0 0 0 0 0 0 0 0 0 0 0 0 0 0 0 0 0
    0 0 0 0 0 0 0 0 0 0 0 0 0 0 0 0 0 0 0 0 0 0 0 0 0 0 0 0 0 0 0 0 0 0
    0 0 0 0 0 0 0 0 0 0 0 0 0 0 0 0 0 0 0 0 0 0 0 0 0 0 0 0 0 0 0 0 0 0
    0 0 0 0 0 0 0 0 0 0 0 0 0 0 0 0 0 0 0 0 0 0 0 0 0 0 0 0 0 0 0 0 0 0
    0 0 0 0 0 0 0 0 0 0 0 0 0 0 0 0 0 0 0 0 0 0 0 0 0 0 0 0 0 0 0 0 0 0
    0 0 0 0 0 0 0 0 0 0 0 0 0 0 0 0 0 0 0 0 0 0 0 0 0 0 0 0 0 0 0 0 0 0
    0 0 0 0 0 0 0 0 0 0 0 0 0 0 0 0 0 0 0 0 0 0 0 0 0 0 0 0 0 0 0 0 0 0
    0 0 0 0 0 0 0 0 0 0 0 0 0 0 0 0 0 0 0 0 0 0 0 0 0 0 0 0 0 0 0 0 0 0
    0 0 0 0 0 0 0 0 0 0 0 0 0 0 0 0 0 0 0 0 0 0 0 0 0 0 0 0 0 0 0 0 0 0
    0 0 0 0 0 0 0 0 0 0 0 0 0 0 0 0 0 0 0 0 0 0 0 0 0 0 0 0 0 0 0 0 0 0
    0 0 0 0 0 0 0 0 0 0 0 0 0 0 0 0 0 0 0 0 0 0 0 0 0 0 0 0 0 0 0 0 0 0
    0 0 0 0 0 0 0 0 0 0 0 0 0 0 0 0 0 0 0 0 0 0 0 0 0 0 0 0 0 0 0 0 0 0
    0 0 0 0 0 0 0 0 0 0 0 0 0 0 0 0 0 0 0 0 0 0 0 0 0 0 0 0 0 0 0 0 0 0
    0 0 0 0 0 0 0 0 0 0 0 0 0 0 0 0 0 0 0 0 0 0 0 0 0 0 0 0 0 0 0 0 0 0
    0 0 0 0 0 0 0 0 0 0 0 0 0 0 0 0 0 0 0 0 0 0 0 0 0 0 0 0 0 0 0 0 0 0
    0 0 0 0 0 0 0 0 0 0 0 0 0 0 0 0 0 0 0 0 0 0 0 0 0 0 0 0 0 0 0 0 0 0
    0 0 0 0 0 0 0 0 0 0 0 0 0 0 0 0 0 0 0 0 0 0 0 0 0 0 0 0 0 0 0 0 0 0
    0 0 0 0 0 0 0 0 0 0 0 0 0 0 0 0 0 0 0 0 0 0 0 0 0 0 0 0 0 0 0 0 0 0
    0 0 0 0 0 0 0 0 0 0 0 0 0 0 0 0 0 0 0 0 0 0 0 0 0 0 0 0 0 0 0 0 0 0
    0 0 0 0 0 0 0 0 0 0 0 0 0 0 0 0 0 0 0 0 0 0 0 0 0 0 0 0 0 0 0 0 0 0
    0 0 0 0 0 0 0 0 0 0 0 0 0 0 0 0 0 0 0 0 0 0 0 0 0 0 0 0 0 0 0 0 0 0
    0 0 0 0 0 0 0 0 0 0 0 0 0 0 0 0 0 0 0 0 0 0 0 0 0 0 0 0 0 0 0 0 0 0
    0 0 0 0 0 0 0 0 0 0 0 0 0 0 0 0 0 0 0 0 0 0 0 0 0 0 0 0 0 0 0 0 0 0
    0 0 0 0 0 0 0 0 0 0 0 0 0 0 0 0 0 0 0 0 0 0 0 0 0 0 0 0 0 0 0 0 0 0
    0 0 0 0 0 0 0 0 0 0 0 0 0 0 0 0 0 0 0 0 0 0 0 0 0 0 0 0 0 0 0 0 0 0
    0 0 0 0 0 0 0 0 0 0 0 0 0 0 0 0 0 0 0 0 0 0 0 0 0 0 0 0 0 0 0 0 0 0
    0 0 0 0 0 0 0 0 0 0 0 0 0 0 0 0 0 0 0 0 0 0 0 0 0 0 0 0 0 0 0 0 0 0
    0 0 0 0 0 0 0 0 0 0 0 0 0 0 0 0 0 0 0 0 0 0 0 0 0 0 0 0 0 0 0 0 0 0
    0 0 0 0 0 0 0 0 0 0 0 0 0 0 0 0 0 0 0 0 0 0 0 0 0 0 0 0 0 0 0 0 0 0
    0 0 0 0 0 0 0 0 0 0 0 0 0 0 0 0 0 0 0 0 0 0 0 0 0 0 0 0 0 0 0 0 0 0
    0 0 0 0 0 0 0 0 0 0 0 0 0 0 0 0 0 0 0 0 0 0 0 0 0 0 0 0 0 0 0 0 0 0
    0 0 0 0 0 0 0 0 0 0 0 0 0 0 0 0 0 0 0 0 0 0 0 0 0 0 0 0 0 0 0 0 0 0
    0 0 0 0 0 0 0 0 0 0 0 0 0 0 0 0 0 0 0 0 0 0 0 0 0 0 0 0 0 0 0 0 0 0
    0 0 0 0 0 0 0 0 0 0 0 0 0 0 0 0 0 0 0 0 0 0 0 0 0 0 0 0 0 0 0 0 0 0
    0 0 0 0 0 0 0 0 0 0 0 0 0 0 0 0 0 0 0 0 0 0 0 0 0 0 0 0 0 0 0 0 0 0
    0 0 0 0 0 0 0 0 0 0 0 0 0 0 0 0 0 0 0 0 0 0 0 0 0 0 0 0 0 0 0 0 0 0
    0 0 0 0 0 0 0 0 0 0 0 0 0 0 0 0 0 0 0 0 0 0 0 0 0 0 0 0 0 0 0 0 0 0
    0 0 0 0 0 0 0 0 0 0 0 0 0 0 0 0 0 0 0 0 0 0 0 0 0 0 0 0 0 0 0 0 0 0
    0 0 0 0 0 0 0 0 0 0 0 0 0 0 0 0 0 0 0 0 0 0 0 0 0 0 0 0 0 0 0 0 0 0
    0 0 0 0 0 0 0 0 0 0 0 0 0 0 0 0 0 0 0 0 0 0 0 0 0 0 0 0 0 0 0 0 0 0
    0 0 0 0 0 0 0 0 0 0 0 0 0 0 0 0 0 0 0 0 0 0 0 0 0 0 0 0 0 0 0 0 0 0
    0 0 0 0 0 0 0 0 0 0 0 0 0 0 0 0 0 0 0 0 0 0 0 0 0 0 0 0 0 0 0 0 0 0
    0 0 0 0 0 0 0 0 0 0 0 0 0 0 0 0 0 0 0 0 0 0 0 0 0 0 0 0 0 0 0 0 0 0
    0 0 0 0 0 0 0 0 0 0 0 0 0 0 0 0 0 0 0 0 0 0 0 0 0 0 0 0 0 0 0 0 0 0
    0 0 0 0 0 0 0 0 0 0 0 0 0 0 0 0 0 0 0 0 0 0 0 0 0 0 0 0 0 0 0 0 0 0
    0 0 0 0 0 0 0 0 0 0 0 0 0 0 0 0 0 0 0 0 0 0 0 0 0 0 0 0 0 0 0 0 0 0
    0 0 0 0 0 0 0 0 0 0 0 0 0 0 0 0 0 0 0 0 0 0 0 0 0 0 0 0 0 0 0 0 0 0
    0 0 0 0 0 0 0 0 0 0 0 0 0 0 0 0 0 0 0 0 0 0 0 0 0 0 0 0 0 0 0 0 0 0
    0 0 0 0 0 0 0 0 0 0 0 0 0 0 0 0 0 0 0 0 0 0 0 0 0 0 0 0 0 0 0 0 0 0
    0 0 0 0 0 0 0 0 0 0 0 0 0 0 0 0 0 0 0 0 0 0 0 0 0 0 0 0 0 0 0 0 0 0
    0 0 0 0 0 0 0 0 0 0 0 0 0 0 0 0 0 0 0 0 0 0 0 0 0 0 0 0 0 0 0 0 0 0
    0 0 0 0 0 0 0 0 0 0 0 0 0 0 0 0 0 0 0 0 0 0 0 0 0 0 0 0 0 0 0 0 0 0
    0 0 0 0 0 0 0 0 0 0 0 0 0 0 0 0 0 0 0 0 0 0 0 0 0 0 0 0 0 0 0 0 0 0
    0 0 0 0 0 0 0 0 0 0 0 0 0 0 0 0 0 0 0 0 0 0 0 0 0 0 0 0 0 0 0 0 0 0
    0 0 0 0 0 0 0 0 0 0 0 0 0 0 0 0 0 0 0 0 0 0 0 0 0 0 0 0 0 0 0 0 0 0
    0 0 0 0 0 0 0 0 0 0 0 0 0 0 0 0 0 0 0 0 0 0 0 0 0 0 0 0 0 0 0 0 0 0
    0 0 0 0 0 0 0 0 0 0 0 0 0 0 0 0 0 0 0 0 0 0 0 0 0 0 0 0 0 0 0 0 0 0
    0 0 0 0 0 0 0 0 0 0 0 0 0 0 0 0 0 0 0 0 0 0 0 0 0 0 0 0 0 0 0 0 0 0
    0 0 0 0 0 0 0 0 0 0 0 0 0 0 0 0 0 0 0 0 0 0 0 0 0 0 0 0 0 0 0 0 0 0
    0 0 0 0 0 0 0 0 0 0 0 0 0 0 0 0 0 0 0 0 0 0 0 0 0 0 0 0 0 0 0 0 0 0
    0 0 0 0 0 0 0 0 0 0 0 0 0 0 0 0 0 0 0 0 0 0 0 0 0 0 0 0 0 0 0 0 0 0
    0 0 0 0 0 0 0 0 0 0 0 0 0 0 0 0 0 0 0 0 0 0 0 0 0 0 0 0 0 0 0 0 0 0
    0 0 0 0 0 0 0 0 0 0 0 0 0 0 0 0 0 0 0 0 0 0 0 0 0 0 0 0 0 0 0 0 0 0
    0 0 0 0 0 0 0 0 0 0 0 0 0 0 0 0 0 0 0 0 0 0 0 0 0 0 0 0 0 0 0 0 0 0
    0 0 0 0 0 0 0 0 0 0 0 0 0 0 0 0 0 0 0 0 0 0 0 0 0 0 0 0 0 0 0 0 0 0
    0 0 0 0 0 0 0 0 0 0 0 0 0 0 0 0 0 0 0 0 0 0 0 0 0 0 0 0 0 0 0 0 0 0
    0 0 0 0 0 0 0 0 0 0 0 0 0 0 0 0 0 0 0 0 0 0 0 0 0 0 0 0 0 0 0 0 0 0
    0 0 0 0 0 0 0 0 0 0 0 0 0 0 0 0 0 0 0 0 0 0 0 0 0 0 0 0 0 0 0 0 0 0
    0 0 0 0 0 0 0 0 0 0 0 0 0 0 0 0 0 0 0 0 0 0 0 0 0 0 0 0 0 0 0 0 0 0
    0 0 0 0 0 0 0 0 0 0 0 0 0 0 0 0 0 0 0 0 0 0 0 0 0 0 0 0 0 0 0 0 0 0
    0 0 0 0 0 0 0 0 0 0 0 0 0 0 0 0 0 0 0 0 0 0 0 0 0 0 0 0 0 0 0 0 0 0
    0 0 0 0 0 0 0 0 0 0 0 0 0 0 0 0 0 0 0 0 0 0 0 0 0 0 0 0 0 0 0 0 0 0
    0 0 0 0 0 0 0 0 0 0 0 0 0 0 0 0 0 0 0 0 0 0 0 0 0 0 0 0 0 0 0 0 0 0
    0 0 0 0 0 0 0 0 0 0 0 0 0 0 0 0 0 0 0 0 0 0 0 0 0 0 0 0 0 0 0 0 0 0
    0 0 0 0 0 0 0 0 0 0 0 0 0 0 0 0 0 0 0 0 0 0 0 0 0 0 0 0 0 0 0 0 0 0
    0 0 0 0 0 0 0 0 0 0 0 0 0 0 0 0 0 0 0 0 0 0 0 0 0 0 0 0 0 0 0 0 0 0
    0 0 0 0 0 0 0 0 0 0 0 0 0 0 0 0 0 0 0 0 0 0 0 0 0 0 0 0 0 0 0 0 0 0
    0 0 0 0 0 0 0 0 0 0 0 0 0 0 0 0 0 0 0 0 0 0 0 0 0 0 0 0 0 0 0 0 0 0
    0 0 0 0 0 0 0 0 0 0 0 0 0 0 0 0 0 0 0 0 0 0 0 0 0 0 0 0 0 0 0 0 0 0
    0 0 0 0 0 0 0 0 0 0 0 0 0 0 0 0 0 0 0 0 0 0 0 0 0 0 0 0 0 0 0 0 0 0
    0 0 0 0 0 0 0 0 0 0 0 0 0 0 0 0 0 0 0 0 0 0 0 0 0 0 0 0 0 0 0 0 0 0
    0 0 0 0 0 0 0 0 0 0 0 0 0 0 0 0 0 0 0 0 0 0 0 0 0 0 0 0 0 0 0 0 0 0
    0 0 0 0 0 0 0 0 0 0 0 0 0 0 0 0 0 0 0 0 0 0 0 0 0 0 0 0 0 0 0 0 0 0
    0 0 0 0 0 0 0 0 0 0 0 0 0 0 0 0 0 0 0 0 0 0 0 0 0 0 0 0 0 0 0 0 0 0
    0 0 0 0 0 0 0 0 0 0 0 0 0 0 0 0 0 0 0 0 0 0 0 0 0 0 0 0 0 0 0 0 0 0
    0 0 0 0 0 0 0 0 0 0 0 0 0 0 0 0 0 0 0 0 0 0 0 0 0 0 0 0 0 0 0 0 0 0
    0 0 0 0 0 0 0 0 0 0 0 0 0 0 0 0 0 0 0 0 0 0 0 0 0 0 0 0 0 0 0 0 0 0
    0 0 0 0 0 0 0 0 0 0 0 0 0 0 0 0 0 0 0 0 0 0 0 0 0 0 0 0 0 0 0 0 0 0
    0 0 0 0 0 0 0 0 0 0 0 0 0 0 0 0 0 0 0 0 0 0 0 0 0 0 0 0 0 0 0 0 0 0
    0 0 0 0 0 0 0 0 0 0 0 0 0 0 0 0 0 0 0 0 0 0 0 0 0 0 0 0 0 0 0 0 0 0
    0 0 0 0 0 0 0 0 0 0 0 0 0 0 0 0 0 0 0 0 0 0 0 0 0 0 0 0 0 0 0 0 0 0
    0 0 0 0 0 0 0 0 0 0 0 0 0 0 0 0 0 0 0 0 0 0 0 0 0 0 0 0 0 0 0 0 0 0
    0 0 0 0 0 0 0 0 0 0 0 0 0 0 0 0 0 0 0 0 0 0 0 0 0 0 0 0 0 0 0 0 0 0
    0 0 0 0 0 0 0 0 0 0 0 0 0 0 0 0 0 0 0 0 0 0 0 0 0 0 0 0 0 0 0 0 0 0
    0 0 0 0 0 0 0 0 0 0 0 0 0 0 0 0 0 0 0 0 0 0 0 0 0 0 0 0 0 0 0 0 0 0
    0 0 0 0 0 0 0 0 0 0 0 0 0 0 0 0 0 0 0 0 0 0 0 0 0 0 0 0 0 0 0 0 0 0
    0 0 0 0 0 0 0 0 0 0 0 0 0 0 0 0 0 0 0 0 0 0 0 0 0 0 0 0 0 0 0 0 0 0
    0 0 0 0 0 0 0 0 0 0 0 0 0 0 0 0 0 0 0 0 0 0 0 0 0 0 0 0 0 0 0 0 0 0
    0 0 0 0 0 0 0 0 0 0 0 0 0 0 0 0 0 0 0 0 0 0 0 0 0 0 0 0 0 0 0 0 0 0
    0 0 0 0 0 0 0 0 0 0 0 0 0 0 0 0 0 0 0 0 0 0 0 0 0 0 0 0 0 0 0 0 0 0
    0 0 0 0 0 0 0 0 0 0 0 0 0 0 0 0 0 0 0 0 0 0 0 0 0 0 0 0 0 0 0 0 0 0
    0 0 0 0 0 0 0 0 0 0 0 0 0 0 0 0 0 0 0 0 0 0 0 0 0 0 0 0 0 0 0 0 0 0
    0 0 0 0 0 0 0 0 0 0 0 0 0 0 0 0 0 0 0 0 0 0 0 0 0 0 0 0 0 0 0 0 0 0
    0 0 0 0 0 0 0 0 0 0 0 0 0 0 0 0 0 0 0 0 0 0 0 0 0 0 0 0 0 0 0 0 0 0
    0 0 0 0 0 0 0 0 0 0 0 0 0 0 0 0 0 0 0 0 0 0 0 0 0 0 0 0 0 0 0 0 0 0
    0 0 0 0 0 0 0 0 0 0 0 0 0 0 0 0 0 0 0 0 0 0 0 0 0 0 0 0 0 0 0 0 0 0
    0 0 0 0 0 0 0 0 0 0 0 0 0 0 0 0 0 0 0 0 0 0 0 0 0 0 0 0 0 0 0 0 0 0
    0 0 0 0 0 0 0 0 0 0 0 0 0 0 0 0 0 0 0 0 0 0 0 0 0 0 0 0 0 0 0 0 0 0
    0 0 0 0 0 0 0 0 0 0 0 0 0 0 0 0 0 0 0 0 0 0 0 0 0 0 0 0 0 0 0 0 0 0
    0 0 0 0 0 0 0 0 0 0 0 0 0 0 0 0 0 0 0 0 0 0 0 0 0 0 0 0 0 0 0 0 0 0
    0 0 0 0 0 0 0 0 0 0 0 0 0 0 0 0 0 0 0 0 0 0 0 0 0 0 0 0 0 0 0 0 0 0
    0 0 0 0 0 0 0 0 0 0 0 0 0 0 0 0 0 0 0 0 0 0 0 0 0 0 0 0 0 0 0 0 0 0
    0 0 0 0 0 0 0 0 0 0 0 0 0 0 0 0 0 0 0 0 0 0 0 0 0 0 0 0 0 0 0 0 0 0
    0 0 0 0 0 0 0 0 0 0 0 0 0 0 0 0 0 0 0 0 0 0 0 0 0 0 0 0 0 0 0 0 0 0
    0 0 0 0 0 0 0 0 0 0 0 0 0 0 0 0 0 0 0 0 0 0 0 0 0 0 0 0 0 0 0 0 0 0
    0 0 0 0 0 0 0 0 0 0 0 0 0 0 0 0 0 0 0 0 0 0 0 0 0 0 0 0 0 0 0 0 0 0
    0 0 0 0 0 0 0 0 0 0 0 0 0 0 0 0 0 0 0 0 0 0 0 0 0 0 0 0 0 0 0 0 0 0
    0 0 0 0 0 0 0 0 0 0 0 0 0 0 0 0 0 0 0 0 0 0 0 0 0 0 0 0 0 0 0 0 0 0
    0 0 0 0 0 0 0 0 0 0 0 0 0 0 0 0 0 0 0 0 0 0 0 0 0 0 0 0 0 0 0 0 0 0
    0 0 0 0 0 0 0 0 0 0 0 0 0 0 0 0 0 0 0 0 0 0 0 0 0 0 0 0 0 0 0 0 0 0
    0 0 0 0 0 0 0 0 0 0 0 0 0 0 0 0 0 0 0 0 0 0 0 0 0 0 0 0 0 0 0 0 0 0
    0 0 0 0 0 0 0 0 0 0 0 0 0 0 0 0 0 0 0 0 0 0 0 0 0 0 0 0 0 0 0 0 0 0
    0 0 0 0 0 0 0 0 0 0 0 0 0 0 0 0 0 0 0 0 0 0 0 0 0 0 0 0 0 0 0 0 0 0
    0 0 0 0 0 0 0 0 0 0 0 0 0 0 0 0 0 0 0 0 0 0 0 0 0 0 0 0 0 0 0 0 0 0
    0 0 0 0 0 0 0 0 0 0 0 0 0 0 0 0 0 0 0 0 0 0 0 0 0 0 0 0 0 0 0 0 0 0
    0 0 0 0 0 0 0 0 0 0 0 0 0 0 0 0 0 0 0 0 0 0 0 0 0 0 0 0 0 0 0 0 0 0
    0 0 0 0 0 0 0 0 0 0 0 0 0 0 0 0 0 0 0 0 0 0 0 0 0 0 0 0 0 0 0 0 0 0
    0 0 0 0 0 0 0 0 0 0 0 0 0 0 0 0 0 0 0 0 0 0 0 0 0 0 0 0 0 0 0 0 0 0
    0 0 0 0 0 0 0 0 0 0 0 0 0 0 0 0 0 0 0 0 0 0 0 0 0 0 0 0 0 0 0 0 0 0
    0 0 0 0 0 0 0 0 0 0 0 0 0 0 0 0 0 0 0 0 0 0 0 0 0 0 0 0 0 0 0 0 0 0
    0 0 0 0 0 0 0 0 0 0 0 0 0 0 0 0 0 0 0 0 0 0 0 0 0 0 0 0 0 0 0 0 0 0
    0 0 0 0 0 0 0 0 0 0 0 0 0 0 0 0 0 0 0 0 0 0 0 0 0 0 0 0 0 0 0 0 0 0
    0 0 0 0 0 0 0 0 0 0 0 0 0 0 0 0 0 0 0 0 0 0 0 0 0 0 0 0 0 0 0 0 0 0
    0 0 0 0 0 0 0 0 0 0 0 0 0 0 0 0 0 0 0 0 0 0 0 0 0 0 0 0 0 0 0 0 0 0
    0 0 0 0 0 0 0 0 0 0 0 0 0 0 0 0 0 0 0 0 0 0 0 0 0 0 0 0 0 0 0 0 0 0
    0 0 0 0 0 0 0 0 0 0 0 0 0 0 0 0 0 0 0 0 0 0 0 0 0 0 0 0 0 0 0 0 0 0
    0 0 0 0 0 0 0 0 0 0 0 0 0 0 0 0 0 0 0 0 0 0 0 0 0 0 0 0 0 0 0 0 0 0
    0 0 0 0 0 0 0 0 0 0 0 0 0 0 0 0 0 0 0 0 0 0 0 0 0 0 0 0 0 0 0 0 0 0
    0 0 0 0 0 0 0 0 0 0 0 0 0 0 0 0 0 0 0 0 0 0 0 0 0 0 0 0 0 0 0 0 0 0
    0 0 0 0 0 0 0 0 0 0 0 0 0 0 0 0 0 0 0 0 0 0 0 0 0 0 0 0 0 0 0 0 0 0
    0 0 0 0 0 0 0 0 0 0 0 0 0 0 0 0 0 0 0 0 0 0 0 0 0 0 0 0 0 0 0 0 0 0
    0 0 0 0 0 0 0 0 0 0 0 0 0 0 0 0 0 0 0 0 0 0 0 0 0 0 0 0 0 0 0 0 0 0
    0 0 0 0 0 0 0 0 0 0 0 0 0 0 0 0 0 0 0 0 0 0 0 0 0 0 0 0 0 0 0 0 0 0
    0 0 0 0 0 0 0 0 0 0 0 0 0 0 0 0 0 0 0 0 0 0 0 0 0 0 0 0 0 0 0 0 0 0
    0 0 0 0 0 0 0 0 0 0 0 0 0 0 0 0 0 0 0 0 0 0 0 0 0 0 0 0 0 0 0 0 0 0
    0 0 0 0 0 0 0 0 0 0 0 0 0 0 0 0 0 0 0 0 0 0 0 0 0 0 0 0 0 0 0 0 0 0
    0 0 0 0 0 0 0 0 0 0 0 0 0 0 0 0 0 0 0 0 0 0 0 0 0 0 0 0 0 0 0 0 0 0
    0 0 0 0 0 0 0 0 0 0 0 0 0 0 0 0 0 0 0 0 0 0 0 0 0 0 0 0 0 0 0 0 0 0
    0 0 0 0 0 0 0 0 0 0 0 0 0 0 0 0 0 0 0 0 0 0 0 0 0 0 0 0 0 0 0 0 0 0
    0 0 0 0 0 0 0 0 0 0 0 0 0 0 0 0 0 0 0 0 0 0 0 0 0 0 0 0 0 0 0 0 0 0
    0 0 0 0 0 0 0 0 0 0 0 0 0 0 0 0 0 0 0 0 0 0 0 0 0 0 0 0 0 0 0 0 0 0
    0 0 0 0 0 0 0 0 0 0 0 0 0 0 0 0 0 0 0 0 0 0 0 0 0 0 0 0 0 0 0 0 0 0
    0 0 0 0 0 0 0 0 0 0 0 0 0 0 0 0 0 0 0 0 0 0 0 0 0 0 0 0 0 0 0 0 0 0
    0 0 0 0 0 0 0 0 0 0 0 0 0 0 0 0 0 0 0 0 0 0 0 0 0 0 0 0 0 0 0 0 0 0
    0 0 0 0 0 0 0 0 0 0 0 0 0 0 0 0 0 0 0 0 0 0 0 0 0 0 0 0 0 0 0 0 0 0
    0 0 0 0 0 0 0 0 0 0 0 0 0 0 0 0 0 0 0 0 0 0 0 0 0 0 0 0 0 0 0 0 0 0
    0 0 0 0 0 0 0 0 0 0 0 0 0 0 0 0 0 0 0 0 0 0 0 0 0 0 0 0 0 0 0 0 0 0
    0 0 0 0 0 0 0 0 0 0 0 0 0 0 0 0 0 0 0 0 0 0 0 0 0 0 0 0 0 0 0 0 0 0
    0 0 0 0 0 0 0 0 0 0 0 0 0 0 0 0 0 0 0 0 0 0 0 0 0 0 0 0 0 0 0 0 0 0
    0 0 0 0 0 0 0 0 0 0 0 0</data></your_img>
</opencv_storage>
