<?xml version="1.0"?>
<opencv_storage>
<L2_diff>7.9139356833373367e+03</L2_diff>
<test_img type_id="opencv-matrix">
  <rows>100</rows>
  <cols>100</cols>
  <dt>"3u"</dt>
  <data>
    243 161 49 75 224 95 39 254 241 17 168 8 79 249 68 46 46 64 241 101
    48 146 110 207 219 57 133 185 162 109 159 242 239 237 100 192 164 61
    12 141 45 62 62 4 14 157 83 170 189 229 143 55 0 61 37 24 120 138
    236 144 73 222 187 141 69 242 204 40 26 61 30 218 239 21 198 151 90
    149 140 73 59 29 147 193 10 92 228 20 205 232 175 50 116 196 155 248
    244 126 193 220 91 198 199 2 145 12 250 43 16 201 1 253 88 42 104
    184 137 15 114 29 90 40 0 128 7 43 80 74 236 59 158 194 97 171 126
    114 18 175 209 86 50 220 89 111 190 144 40 14 238 192 75 88 250 96
    222 214 119 183 85 199 114 209 241 45 102 169 203 11 44 179 30 229
    129 59 193 149 206 174 124 14 47 196 98 238 119 54 87 95 59 218 235
    9 107 111 148 209 120 171 214 179 59 203 117 72 210 62 27 60 27 184
    77 14 223 232 41 78 185 42 113 167 95 42 68 85 186 123 204 200 19
    233 74 225 155 67 116 75 113 239 76 142 182 93 148 253 13 207 208 49
    232 161 83 52 78 169 71 43 184 192 53 212 148 210 224 234 205 19 108
    30 52 1 24 87 149 99 179 120 150 84 164 68 44 251 22 209 168 4 108
    192 110 47 31 250 213 173 57 203 181 77 113 80 74 58 23 50 45 147
    170 70 82 14 58 186 24 3 131 244 36 193 206 238 61 237 187 157 194
    71 172 55 173 239 45 254 53 242 10 123 229 100 158 243 225 145 224
    232 194 121 204 187 66 254 163 49 130 10 22 148 244 215 13 5 109 208
    179 161 211 244 89 194 246 100 236 165 28 88 72 203 68 92 176 90 118
    81 110 24 123 30 203 81 82 173 174 126 92 129 88 230 126 55 248 169
    34 171 136 56 238 96 181 193 150 56 246 86 86 228 65 150 106 60 94
    47 176 99 214 106 235 249 43 75 216 200 204 129 115 151 184 57 172
    233 242 206 49 194 39 95 32 25 100 34 249 110 198 152 1 29 75 93 123
    148 139 96 123 59 156 204 88 3 255 145 170 44 83 43 31 174 238 22
    182 23 77 62 102 53 53 123 7 164 62 148 195 42 20 161 73 120 17 21
    143 89 93 130 144 240 230 215 202 203 231 239 75 66 240 170 53 140
    30 120 141 12 56 0 83 90 57 210 71 250 206 6 184 216 51 122 55 209
    183 110 33 237 31 164 9 131 111 128 108 42 102 186 74 64 133 87 62
    65 8 42 91 72 174 72 13 108 241 91 156 20 229 105 192 198 119 69 207
    39 122 88 250 214 120 73 159 82 45 7 162 248 24 115 76 11 244 77 129
    133 55 67 51 210 34 55 254 92 97 2 116 62 189 230 127 53 102 243 76
    170 175 26 29 83 115 110 170 62 169 143 68 66 201 150 151 105 136
    114 245 210 138 16 190 126 92 6 90 2 109 85 133 19 124 72 89 243 246
    200 246 17 242 186 223 211 209 104 2 79 75 30 133 21 162 21 253 186
    194 199 252 132 40 77 49 193 188 74 145 218 246 55 47 249 82 48 249
    231 112 10 61 179 65 143 238 141 4 63 134 179 141 65 59 217 11 151
    115 206 142 88 73 106 48 120 65 167 213 160 234 84 146 125 248 155
    26 176 138 217 39 71 42 63 106 20 184 238 233 98 108 118 136 103 80
    129 159 245 123 210 82 254 90 32 22 217 49 70 37 38 176 224 43 120
    206 100 232 153 0 221 73 181 99 223 152 157 70 116 133 215 187 186
    58 13 43 66 133 39 38 98 52 17 171 104 173 11 79 57 4 255 172 171 23
    70 239 116 239 186 150 71 92 122 99 16 122 26 68 158 31 164 208 72
    217 143 184 140 252 175 217 195 14 247 8 205 95 113 65 148 147 158
    154 206 8 38 78 219 233 133 19 174 5 88 141 218 18 99 152 92 79 223
    160 49 99 211 223 252 252 172 250 140 137 167 235 25 42 70 107 160
    246 176 203 205 10 176 125 71 145 6 3 48 203 202 170 102 156 62 156
    205 76 166 67 96 158 40 10 64 42 15 86 218 67 136 169 120 244 169
    135 138 240 27 20 136 255 160 252 253 158 19 215 200 145 125 42 223
    76 16 169 71 104 114 4 169 46 54 128 127 28 16 46 25 118 59 143 94
    75 208 11 32 93 79 42 24 185 113 78 13 223 244 0 39 85 23 132 60 221
    93 236 173 39 20 154 159 232 233 16 56 64 163 250 165 243 100 10 204
    136 209 50 222 154 94 88 107 120 127 103 173 156 146 246 210 34 65
    223 116 167 203 217 170 199 192 177 61 194 199 36 65 217 49 116 216
    129 251 97 91 170 222 187 36 193 252 229 234 176 154 216 108 52 17
    97 121 77 145 202 76 133 138 193 37 132 24 83 139 149 216 210 160
    235 19 196 253 25 188 37 232 179 204 114 33 80 65 208 92 159 251 131
    220 163 11 152 245 234 242 99 255 216 21 150 6 42 114 31 228 73 186
    25 225 112 116 57 43 66 133 30 234 61 23 226 215 143 8 220 144 66 29
    113 52 16 177 114 122 24 171 190 104 16 100 66 165 209 189 204 166
    95 121 23 128 131 31 251 156 7 89 114 100 85 84 216 109 145 207 98
    109 24 243 84 115 167 149 78 216 139 71 225 226 109 60 110 16 200
    237 129 152 214 125 46 136 175 77 8 40 222 119 125 240 117 125 181
    160 155 61 155 151 110 245 223 225 213 13 191 247 148 204 67 42 12
    167 109 135 177 79 210 150 30 82 235 208 122 228 149 1 14 205 211 59
    99 6 142 70 200 135 101 98 63 180 28 138 13 32 191 65 158 72 253 123
    177 94 157 249 143 55 143 217 157 186 83 8 95 157 11 140 82 15 196
    192 177 60 145 22 149 123 161 46 23 188 166 28 102 57 33 88 80 78 97
    86 0 1 60 28 59 177 126 225 246 219 98 174 183 74 33 87 8 163 85 155
    152 73 218 98 11 20 6 58 176 250 141 148 60 28 18 31 156 161 114 218
    236 224 126 224 127 48 217 163 238 129 48 53 30 22 153 254 142 160
    126 218 36 135 222 138 163 248 176 112 198 180 215 117 192 249 86
    191 76 38 129 4 88 133 26 229 16 120 160 73 246 75 205 216 229 200
    84 37 238 247 151 89 57 26 150 252 119 120 233 236 181 173 237 108
    226 157 189 40 190 201 181 31 204 34 98 103 105 53 62 76 245 91 45
    74 30 123 143 179 29 184 135 36 46 221 194 254 176 243 227 112 168
    111 128 255 104 28 3 78 175 3 119 245 77 38 202 88 212 88 176 151
    124 69 131 177 250 15 156 127 15 109 239 32 215 215 246 186 182 172
    245 72 72 141 122 97 208 108 228 254 220 139 183 240 212 240 145 228
    17 206 110 235 79 153 217 23 17 45 136 59 246 9 15 163 207 46 181 44
    133 210 61 123 109 63 233 138 23 9 249 75 124 154 155 81 84 13 2 203
    205 243 10 176 246 13 5 121 152 224 216 24 135 106 22 210 213 158 99
    247 79 79 117 106 46 105 151 130 175 230 36 129 131 179 90 28 163
    101 111 193 143 228 67 169 75 10 207 96 138 22 170 173 196 201 50 41
    137 115 166 111 64 229 216 9 149 153 37 26 24 45 20 189 22 241 124
    162 168 73 225 5 186 29 50 216 86 203 237 89 33 72 188 164 149 53
    147 78 195 230 226 38 39 125 73 66 245 104 147 188 138 115 235 203
    76 96 180 218 187 188 187 100 152 148 107 247 241 101 193 119 143
    169 54 246 68 238 6 120 159 133 231 207 44 36 61 6 147 49 208 51 63
    143 135 42 196 121 112 144 61 104 245 35 231 98 249 153 79 214 180
    182 214 163 177 236 40 149 34 68 145 253 102 99 8 90 214 214 193 254
    140 145 159 111 218 175 3 122 248 100 10 20 40 162 205 92 176 213 4
    225 120 152 33 25 241 194 2 153 28 149 44 149 209 54 172 119 76 23 4
    204 192 195 235 92 1 96 255 191 164 138 116 52 137 197 181 214 162
    149 18 54 125 191 170 223 85 54 235 48 96 201 2 111 50 247 11 40 171
    45 4 226 150 107 189 125 145 56 23 207 38 235 101 239 29 167 22 59
    162 192 203 49 168 191 158 78 149 43 243 144 248 147 66 17 212 37
    106 162 176 59 175 36 122 112 188 0 232 105 116 232 174 150 79 234
    248 129 157 116 229 25 169 150 187 7 15 240 74 189 177 209 243 2 37
    27 188 49 187 76 208 56 34 219 14 0 231 144 200 211 252 101 198 70
    130 44 147 131 21 188 149 54 15 159 87 42 194 149 142 107 156 61 73
    75 223 126 96 245 139 201 183 112 3 221 69 169 51 191 61 90 199 200
    12 129 27 246 159 132 161 100 53 64 97 254 58 100 65 18 208 138 67
    209 96 186 53 6 206 166 185 173 57 196 121 55 183 146 33 108 171 50
    225 205 231 103 84 170 45 135 248 108 21 160 58 223 23 30 9 139 196
    34 31 125 215 105 184 226 37 108 96 249 18 82 140 88 173 82 121 77
    14 254 38 56 120 13 88 166 31 156 161 83 72 147 159 216 46 221 1 124
    141 167 253 96 54 149 167 45 95 116 151 253 41 239 145 81 183 181 48
    40 79 112 79 243 51 80 62 36 153 149 50 188 6 90 160 21 106 112 13
    137 46 20 14 252 6 136 147 86 195 174 67 173 49 152 43 47 231 92 162
    71 112 223 219 104 11 17 6 226 143 226 55 108 8 254 42 251 105 243
    211 28 242 243 207 169 146 148 248 161 229 195 195 25 182 32 211 96
    7 176 171 227 96 22 101 193 155 177 0 4 110 177 100 5 19 34 128 100
    126 143 22 74 88 88 214 95 169 174 9 232 2 142 114 223 110 39 229
    202 129 97 243 167 32 237 181 105 148 255 139 121 42 162 60 143 181
    75 72 25 129 40 139 118 244 195 92 122 224 44 103 179 191 138 42 106
    187 167 74 116 66 94 192 63 110 82 250 116 157 230 139 118 216 47
    184 5 35 72 207 236 65 51 39 23 12 148 252 138 186 33 134 64 157 88
    213 103 199 23 207 180 74 70 242 44 215 192 48 30 129 130 249 240
    135 176 60 26 84 123 137 161 97 151 45 77 151 155 214 122 160 191
    141 167 80 173 34 252 119 131 139 11 160 45 19 254 104 171 246 156
    70 103 229 106 55 238 85 182 1 71 172 169 127 141 63 98 201 139 253
    232 147 21 179 164 177 0 115 73 155 190 7 155 113 251 97 100 242 104
    53 191 252 117 145 196 160 37 190 208 100 238 247 176 232 223 231 31
    124 119 89 112 41 38 40 163 213 213 92 111 74 4 244 213 248 74 100
    227 170 51 106 45 236 56 120 27 250 157 211 94 31 30 133 181 3 166
    110 95 72 140 72 247 201 36 88 89 69 173 237 72 151 246 232 149 117
    85 87 48 200 98 159 154 203 198 133 235 170 245 255 24 67 64 58 255
    68 146 219 79 252 162 95 222 120 77 56 53 37 36 84 2 241 112 250 145
    9 179 6 211 222 59 69 42 103 238 31 5 106 174 199 40 239 1 78 113 55
    10 40 193 13 75 236 64 252 146 194 181 209 45 106 227 193 28 142 96
    9 238 177 162 137 91 217 211 173 53 95 49 226 4 124 90 92 12 58 210
    217 155 110 43 17 75 218 214 170 105 219 234 51 138 157 135 54 212
    228 134 58 94 205 207 88 48 139 108 167 82 76 0 155 134 76 15 6 54
    122 121 98 90 250 43 60 230 165 44 135 157 237 217 105 33 184 30 126
    15 72 44 125 80 154 150 193 65 219 160 192 252 135 203 99 91 74 89
    237 252 249 104 162 172 124 243 123 143 75 139 236 60 210 12 180 85
    237 242 191 204 36 201 223 237 48 109 239 251 212 132 15 180 114 127
    115 13 157 174 117 172 57 193 205 92 16 76 6 158 89 118 151 45 217
    68 211 75 10 160 125 255 105 143 201 235 229 42 237 34 179 224 218
    95 109 103 93 57 226 246 107 197 51 187 239 95 27 130 192 173 132
    132 130 197 202 188 81 85 204 213 112 214 251 140 6 147 166 250 125
    240 141 188 70 42 94 123 150 233 24 42 183 230 217 138 218 86 151
    232 92 43 203 178 245 120 228 58 191 143 95 113 166 100 111 3 30 198
    16 57 107 26 252 139 79 202 187 85 224 86 194 209 30 43 115 13 79
    125 246 135 103 88 146 13 173 188 24 45 170 103 170 103 244 235 79
    81 255 82 241 234 170 105 32 68 83 211 202 198 240 158 34 223 234
    186 166 120 245 148 194 184 90 245 126 236 46 163 39 154 56 182 78
    247 169 87 207 198 44 68 104 45 149 196 13 64 23 141 66 184 129 154
    239 45 98 4 137 36 62 143 181 154 133 90 44 181 126 41 126 239 158
    44 171 26 18 93 16 48 95 6 236 165 126 189 171 137 94 220 228 29 197
    107 203 124 16 129 23 5 94 49 200 5 117 79 251 223 229 183 241 218
    106 168 28 250 122 242 165 208 187 87 208 33 196 42 106 109 0 172
    181 219 226 168 182 148 41 100 30 199 177 138 56 118 117 156 125 214
    148 103 216 63 62 19 237 219 184 45 223 79 65 16 242 194 167 192 48
    127 66 224 139 192 106 1 197 56 78 58 11 43 221 88 59 38 136 120 207
    145 203 66 66 124 41 52 197 31 176 217 117 135 58 121 232 14 143 223
    151 4 1 239 8 132 195 252 121 106 110 161 137 241 95 98 32 90 105
    183 232 50 61 117 65 46 7 56 70 66 218 194 252 124 182 89 36 5 110
    178 26 31 36 255 25 8 221 115 180 38 85 46 25 239 241 19 90 248 254
    146 101 209 125 185 38 163 74 213 15 226 59 220 133 191 72 187 33
    117 51 66 47 47 10 253 148 66 104 55 228 90 158 51 128 113 44 181
    253 30 47 100 221 246 197 138 2 144 188 30 116 65 255 71 27 53 44
    127 34 159 185 143 218 173 122 250 245 128 11 190 21 166 129 230 26
    207 191 19 254 208 129 249 101 24 141 132 225 140 192 136 109 5 233
    241 6 194 162 2 109 137 115 133 75 216 9 81 31 108 229 92 133 208
    252 75 86 213 83 63 250 81 160 254 144 198 229 139 0 205 29 167 7 62
    26 8 219 96 202 36 61 231 28 185 63 201 61 140 51 15 64 161 105 229
    236 191 249 140 45 229 132 208 175 52 153 16 58 27 161 46 110 5 49
    19 92 94 77 200 87 129 195 41 87 62 77 27 248 208 8 184 166 168 169
    96 74 228 40 102 107 211 211 9 236 139 110 95 246 94 9 147 72 144 43
    105 255 246 204 196 36 129 67 42 67 65 71 40 176 81 126 65 55 65 229
    41 181 103 56 223 223 130 122 142 106 67 188 6 50 150 172 226 50 64
    169 5 159 41 141 196 62 122 58 144 133 43 106 35 207 126 145 138 19
    160 1 141 0 220 3 118 6 21 247 198 247 25 179 193 203 40 195 64 25
    144 48 110 148 100 147 2 245 125 237 164 70 23 199 162 1 227 239 131
    142 109 64 95 137 64 197 168 48 128 190 213 58 114 124 180 5 93 148
    72 78 208 4 161 192 255 81 64 198 197 127 197 142 168 146 218 253 45
    96 11 211 212 193 224 221 230 212 143 117 232 238 181 66 48 127 151
    243 229 75 155 39 174 153 252 11 221 138 134 175 79 144 247 50 160
    252 32 112 177 48 200 127 36 18 241 72 71 52 52 230 228 24 118 26
    117 183 148 147 252 94 53 222 66 198 241 96 178 253 213 218 5 248 71
    138 73 28 42 241 84 75 164 232 88 239 20 115 217 36 161 159 4 34 139
    70 68 130 94 105 36 163 53 221 159 240 56 206 8 159 234 40 54 135
    156 255 189 149 94 66 199 221 251 20 202 174 239 212 214 34 4 202 12
    9 201 46 100 5 52 48 63 56 24 97 34 228 241 54 87 144 49 35 48 56
    114 141 132 124 33 40 107 149 27 146 146 151 27 244 195 71 78 127
    174 98 131 188 213 127 144 128 46 82 77 107 239 208 202 93 125 15
    151 115 124 165 154 49 190 96 164 7 252 89 177 236 248 25 39 33 19
    86 32 244 89 204 95 193 67 44 103 8 248 82 39 194 53 45 205 125 60
    110 208 118 77 108 135 249 14 88 86 208 83 212 215 180 101 159 254
    249 182 37 207 252 230 107 227 133 77 110 93 128 77 141 22 100 132
    151 243 123 80 152 166 149 206 142 75 185 126 175 253 186 139 168
    119 92 54 101 99 186 155 166 250 73 172 227 27 175 108 139 51 143 98
    150 80 32 251 41 73 234 210 198 50 14 132 221 189 113 193 103 85 79
    220 200 64 15 209 77 71 129 151 102 26 77 216 124 58 61 38 19 125 70
    130 67 4 225 173 135 158 65 66 12 112 180 106 211 253 148 101 121
    187 96 220 149 154 143 193 127 239 194 80 240 130 47 62 155 196 222
    212 166 11 46 61 31 42 148 174 127 99 8 191 196 194 89 226 3 213 78
    21 117 123 176 128 146 182 23 21 133 108 64 217 14 222 170 7 148 74
    170 104 234 146 89 179 201 29 101 226 154 19 218 172 87 85 137 244
    237 9 101 153 85 161 61 7 38 9 119 190 190 140 143 144 67 115 125
    148 55 69 37 34 33 69 192 159 185 5 122 180 80 149 107 120 133 170
    164 60 232 33 225 79 61 148 206 129 137 65 222 213 3 206 157 164 10
    121 246 222 124 58 135 31 4 55 160 227 74 129 23 98 173 60 220 73
    190 84 195 243 249 109 200 65 50 44 4 73 68 132 89 7 191 149 47 155
    119 64 230 95 118 15 178 133 211 9 248 143 195 148 15 224 223 39 188
    214 87 94 236 215 103 198 91 39 31 7 11 116 58 235 250 186 197 8 146
    218 168 230 228 184 142 145 111 21 220 32 227 16 90 192 129 201 198
    135 250 162 246 118 108 61 217 213 210 140 45 142 230 28 74 18 159
    103 139 214 133 220 97 228 226 55 225 176 229 238 125 143 240 221 46
    156 79 2 222 226 11 183 117 104 18 166 22 42 105 89 213 26 215 117
    144 111 230 18 37 155 218 64 139 72 248 42 157 107 217 114 34 21 106
    78 132 9 14 169 18 154 192 139 199 111 120 239 126 130 108 191 125
    202 237 133 15 196 251 214 20 251 55 12 216 171 173 26 45 128 62 202
    74 66 244 78 175 212 129 79 182 40 243 123 219 110 33 130 201 69 68
    235 208 16 79 250 140 124 235 225 13 148 139 29 133 103 13 47 135
    101 36 6 193 41 137 66 58 12 245 232 53 66 24 80 88 39 127 7 137 230
    129 179 168 5 54 186 78 122 182 252 220 97 49 206 192 63 249 80 58
    162 150 5 177 70 106 227 77 133 119 222 159 63 178 43 212 215 108 43
    176 233 66 113 139 98 104 121 25 120 57 114 25 139 146 235 167 14
    111 193 121 114 138 200 22 191 7 127 105 191 20 14 69 10 219 224 173
    171 41 234 153 122 163 244 34 78 133 13 249 36 5 44 117 57 227 19
    175 95 147 76 28 118 28 35 174 43 239 219 205 66 26 135 68 10 149 76
    26 151 137 138 68 77 120 72 126 232 167 196 106 75 192 42 197 74 118
    6 158 249 120 103 55 12 104 87 196 143 169 84 233 217 54 119 219 215
    217 136 70 199 123 81 102 198 212 107 4 72 39 113 111 47 239 157 139
    217 186 76 88 17 201 11 218 183 159 6 92 48 106 128 145 213 233 33
    83 21 239 67 205 218 229 228 200 65 235 134 229 66 208 13 196 123 49
    229 14 206 108 121 74 38 162 245 66 149 25 223 154 65 40 53 56 36 47
    210 54 59 45 206 28 232 197 57 90 195 80 209 109 118 223 227 91 216
    83 217 110 139 79 45 155 5 216 58 60 112 176 139 179 109 31 168 46 5
    41 167 216 16 245 221 56 81 87 120 175 49 214 139 144 0 88 130 145
    213 177 74 75 241 157 53 124 51 95 126 53 63 35 192 67 123 104 131
    219 113 142 129 132 228 234 209 161 11 170 163 174 62 82 199 58 254
    250 50 87 99 173 143 44 76 9 150 53 137 249 94 50 3 88 227 6 183 19
    128 241 5 124 87 31 62 166 203 85 57 251 228 50 149 98 82 232 59 230
    92 187 245 36 120 240 244 147 247 0 239 17 31 122 248 52 231 187 243
    79 248 127 102 154 161 209 13 183 55 250 243 162 114 193 86 68 239
    87 69 225 134 211 204 11 163 9 58 100 65 194 140 174 238 195 206 103
    166 69 174 116 86 236 65 76 220 52 72 99 69 227 89 57 21 24 168 38
    76 87 169 0 159 54 144 196 181 213 134 236 132 184 16 16 224 112 219
    69 213 53 237 109 178 90 62 226 1 101 233 31 198 193 208 47 94 36
    195 55 67 216 47 214 113 53 16 53 142 43 207 197 214 116 86 83 16
    255 10 129 84 138 209 224 0 126 124 184 140 148 153 53 139 57 204 93
    222 13 106 169 246 117 24 118 175 109 101 14 210 229 246 193 253 2
    41 27 82 42 28 124 179 209 251 177 239 109 85 209 79 189 66 121 152
    137 64 117 171 213 185 27 56 7 172 161 163 212 45 249 61 6 233 77 14
    238 40 187 20 191 167 148 224 48 220 200 166 216 199 150 186 179 55
    16 169 226 170 41 178 47 165 69 180 143 27 239 212 125 123 0 200 205
    133 5 74 34 126 90 78 242 192 117 80 58 48 192 229 73 79 116 168 192
    101 246 168 26 156 147 144 151 175 96 249 97 12 10 44 42 104 224 144
    37 243 22 238 160 18 133 103 142 201 167 253 99 85 212 89 140 248
    166 128 50 202 51 186 152 215 70 252 152 122 28 67 212 169 144 2 5
    211 147 119 79 244 24 159 38 232 217 248 217 84 235 136 69 242 184
    101 199 6 171 122 87 147 234 195 130 116 129 95 86 148 22 37 9 28 6
    92 245 161 66 183 213 198 195 121 131 16 171 111 6 29 98 242 135 210
    209 201 78 126 224 136 182 85 132 146 171 25 214 210 246 155 115 143
    187 214 209 205 87 56 93 187 175 22 109 75 216 66 202 244 112 127 12
    196 155 215 181 71 111 3 189 20 179 249 144 141 219 55 99 135 229 94
    166 24 218 231 214 2 237 162 155 142 217 232 41 117 200 24 96 216 6
    236 43 232 153 53 74 197 65 76 107 177 13 219 253 231 108 117 223
    103 166 183 174 223 106 144 108 180 149 70 21 27 62 57 193 174 131
    135 52 205 186 104 40 63 220 183 215 212 109 11 234 88 205 70 200 49
    19 202 223 191 224 149 214 92 208 200 135 56 11 38 45 253 64 71 0
    149 105 245 210 107 215 90 121 120 197 193 86 174 43 37 161 88 49 75
    79 62 222 240 45 104 34 129 255 104 71 126 79 5 95 232 58 52 169 35
    177 14 106 191 242 196 246 181 214 106 249 42 71 11 45 109 71 41 68
    103 5 189 247 190 232 234 36 4 6 45 144 184 125 222 137 223 97 102
    41 152 188 107 217 246 148 177 249 239 39 235 56 242 215 147 119 8
    236 8 164 39 37 141 37 214 202 139 152 157 182 11 180 241 36 148 225
    38 211 169 88 0 80 99 196 165 152 203 25 93 155 7 229 151 167 71 80
    226 4 221 60 224 225 252 74 107 161 95 138 61 59 53 13 211 206 46 76
    215 131 139 110 192 128 56 73 82 206 113 208 41 163 106 164 31 23
    124 82 32 232 218 141 25 20 46 162 153 164 72 219 135 100 105 255
    112 205 219 21 131 173 69 225 175 200 65 111 57 203 177 142 223 65
    115 251 138 97 58 45 217 23 204 252 213 154 116 15 115 186 253 25 42
    139 77 124 194 233 98 224 144 13 139 243 58 153 180 249 216 108 192
    105 237 144 232 134 248 232 0 222 130 181 251 29 225 54 76 245 43
    108 165 164 127 108 190 155 40 95 79 20 201 56 197 62 109 222 210
    125 22 113 242 7 232 91 161 175 90 36 165 168 52 7 248 63 34 33 207
    51 24 143 77 117 13 91 131 60 153 195 74 155 235 10 229 143 36 47
    151 32 5 71 136 194 173 60 159 190 90 117 230 73 59 217 97 204 75
    219 2 184 133 247 144 176 135 110 141 105 11 174 181 119 37 51 119
    210 18 243 159 51 2 11 197 236 227 239 129 74 159 170 78 255 103 122
    111 178 113 9 157 243 117 62 160 182 156 34 113 189 176 34 74 124
    137 236 83 71 73 208 253 163 62 84 152 206 26 193 207 100 10 82 135
    197 150 75 59 78 14 246 1 166 161 214 137 167 92 166 252 67 65 23 79
    15 46 162 1 34 182 136 242 125 199 185 27 204 159 90 8 172 248 108
    109 14 23 218 68 153 249 253 173 158 61 221 234 200 160 19 158 208
    26 234 248 222 163 253 243 142 172 73 243 27 200 39 242 120 222 128
    42 4 152 107 105 213 217 48 44 217 54 203 247 158 83 103 38 46 150
    139 9 23 67 23 5 110 26 197 5 252 93 237 136 47 127 58 107 69 255
    208 40 201 223 215 124 94 11 5 78 227 213 201 84 78 88 30 52 185 34
    192 98 103 51 0 31 38 108 254 23 83 202 44 223 231 105 175 83 99 30
    18 203 1 32 249 163 127 120 70 92 182 194 156 41 226 26 177 211 33
    157 72 120 208 226 0 56 192 108 147 77 28 57 95 4 189 21 236 119 213
    68 97 113 223 117 32 200 49 37 173 214 131 102 69 185 207 141 196 5
    39 178 30 94 129 225 72 49 151 188 17 238 91 145 147 9 184 255 58 69
    6 121 195 188 67 88 12 211 253 117 38 92 19 170 12 103 41 17 77 136
    88 79 170 117 194 137 42 192 224 134 199 61 4 175 108 126 210 248
    209 37 104 133 179 211 105 52 223 106 107 251 29 233 58 228 93 162
    100 28 66 227 236 240 158 235 233 253 212 113 196 86 86 233 22 181
    139 41 111 255 43 105 56 136 26 172 39 164 123 39 153 207 204 47 180
    212 56 135 9 42 32 41 181 168 218 158 158 237 52 200 223 138 226 109
    98 130 147 221 159 169 219 35 139 224 43 246 174 51 135 162 91 196
    205 216 197 20 249 34 110 3 123 119 63 161 29 199 71 106 225 102 78
    157 118 225 71 39 109 87 148 185 143 237 132 223 148 60 54 213 26
    184 183 110 137 148 134 172 191 44 199 121 56 180 99 122 170 204 117
    102 29 161 68 19 8 255 122 108 188 79 21 99 164 212 32 69 58 232 244
    249 21 108 174 18 195 124 42 18 122 225 2 210 28 165 242 15 123 17
    223 2 164 66 53 229 88 213 254 213 198 182 97 135 234 144 189 173
    160 85 80 245 128 225 26 97 160 223 163 156 227 177 107 228 110 69
    194 216 127 35 3 28 228 94 76 229 231 218 243 210 115 164 97 16 46
    93 70 19 122 19 253 132 206 224 33 30 165 138 234 170 56 129 154 116
    87 60 135 0 183 140 25 228 22 104 246 179 181 205 123 28 43 76 113
    163 114 151 21 181 90 58 245 191 153 214 228 144 30 165 185 233 111
    157 254 42 103 202 202 77 213 10 60 55 102 130 99 174 159 97 250 103
    125 225 196 154 76 115 123 41 189 241 49 242 129 101 44 132 54 52
    152 50 129 168 152 127 166 113 239 165 167 29 227 87 190 201 88 248
    10 35 120 20 194 189 135 130 2 227 70 78 207 117 160 196 186 180 172
    141 243 30 21 187 226 145 250 8 99 225 60 204 84 13 156 237 158 141
    249 14 106 164 207 231 138 224 76 143 114 176 150 38 86 239 34 47 78
    36 129 181 188 24 253 180 131 183 185 216 98 212 247 9 40 197 23 65
    40 185 174 10 151 216 100 140 102 195 55 27 240 136 252 14 236 235
    70 140 210 213 157 144 47 156 54 37 92 223 72 61 188 107 243 206 93
    174 221 22 248 212 168 104 1 164 40 32 100 67 191 178 58 163 83 135
    197 89 255 169 194 56 102 214 38 180 136 116 146 216 67 96 243 52 86
    44 60 154 254 222 1 184 89 107 97 111 38 252 167 91 139 127 110 212
    127 42 186 107 229 106 245 126 155 193 190 108 31 176 148 76 200 150
    255 70 166 60 198 194 235 190 229 70 18 155 131 254 159 35 74 180 73
    100 155 121 91 156 165 236 254 241 64 98 179 181 27 119 107 144 173
    220 25 91 118 99 248 1 0 33 140 68 62 103 37 255 100 187 29 41 214
    102 168 15 31 194 225 130 85 150 179 71 145 218 252 21 60 87 157 43
    208 1 248 57 58 187 222 72 123 90 151 118 47 234 213 220 157 79 124
    246 19 188 109 57 210 38 183 77 160 64 137 18 255 17 23 0 132 222
    150 116 77 28 132 136 205 231 28 108 192 29 154 142 255 46 157 230
    224 14 90 238 45 148 6 172 139 115 196 57 38 60 97 248 28 169 109 35
    98 33 110 121 89 53 175 158 229 65 33 195 34 40 4 37 215 63 69 155
    159 212 50 250 42 83 232 95 236 174 49 177 16 233 170 43 220 75 146
    83 84 108 137 204 26 34 249 123 232 40 169 138 95 92 189 30 157 141
    245 183 28 77 205 52 225 68 30 65 113 169 100 94 200 195 105 7 64
    225 152 122 15 216 4 95 217 178 81 192 188 31 230 178 28 181 5 165
    174 33 162 6 127 254 51 111 14 195 34 35 232 239 17 205 43 119 164
    222 214 111 243 14 106 148 82 103 45 82 52 61 212 49 23 213 113 197
    178 41 213 164 200 160 184 81 111 240 114 136 37 105 8 202 112 140
    105 97 119 248 232 114 92 24 239 96 21 172 212 205 194 119 5 88 64
    177 221 189 234 195 79 26 221 235 148 126 60 119 238 197 116 120 240
    229 76 150 117 190 203 38 101 101 39 23 154 0 58 21 229 121 217 174
    3 196 146 218 93 202 211 25 51 43 95 162 37 250 4 72 136 122 125 193
    186 8 152 66 180 188 183 118 170 192 6 194 151 168 186 189 68 144
    204 25 81 188 127 54 63 61 196 111 105 254 179 144 247 82 163 2 99
    245 145 130 116 190 132 217 174 6 0 146 30 1 86 190 34 210 192 149
    54 205 187 201 16 198 51 227 175 206 45 231 89 41 27 0 106 166 33
    199 236 212 219 110 192 124 27 31 194 136 17 247 58 178 122 36 166
    141 147 219 115 159 196 114 249 2 146 255 251 77 108 213 125 215 252
    136 166 133 238 15 118 70 177 21 242 101 169 29 187 172 161 70 58
    131 229 14 182 170 122 22 123 20 11 178 16 196 107 133 18 170 158 79
    199 9 199 67 97 194 188 27 119 180 35 36 35 204 93 4 246 11 68 185
    35 140 14 211 95 205 7 247 179 28 197 9 112 17 102 3 120 93 196 110
    3 199 164 135 215 150 140 82 56 64 69 130 217 204 94 60 33 67 166 36
    108 43 30 114 88 154 22 147 19 139 227 38 187 24 251 179 19 88 26
    134 31 154 75 48 230 187 57 151 148 123 90 120 133 111 100 13 190 62
    125 27 91 138 230 15 203 187 143 21 217 28 157 91 29 160 154 188 47
    91 239 1 247 58 18 83 163 45 45 24 29 12 21 222 208 112 22 251 244
    56 12 151 123 126 8 248 108 191 252 211 203 226 255 177 149 179 57
    46 93 153 250 84 176 76 207 61 254 221 120 70 36 6 4 108 120 179 186
    109 106 15 249 79 102 161 46 86 38 212 227 59 168 126 221 202 81 116
    13 186 218 171 41 85 125 30 39 160 145 252 169 77 201 125 76 0 104
    140 104 143 219 224 67 86 200 67 145 167 184 27 194 122 109 116 19
    145 95 35 166 230 105 227 58 139 124 139 191 196 129 236 243 188 107
    102 134 160 108 119 107 210 157 96 159 102 173 178 69 79 71 176 232
    0 176 125 154 123 66 157 213 1 45 239 66 201 97 35 246 52 211 145 85
    177 148 218 4 131 182 147 26 213 189 75 0 195 118 143 118 69 127 206
    62 235 253 59 236 150 100 70 207 255 139 164 71 235 152 81 179 3 255
    160 30 182 145 136 204 159 159 44 23 27 171 240 63 163 23 176 235 22
    240 34 69 70 213 44 128 170 93 127 231 222 145 83 133 80 65 203 92
    149 117 44 78 3 24 220 224 53 134 109 2 125 161 69 172 202 89 73 128
    29 188 90 208 204 98 212 25 36 61 192 222 96 116 15 16 119 14 61 22
    104 136 214 97 180 51 174 225 195 154 220 101 48 102 222 34 128 124
    203 102 55 114 104 122 154 79 119 243 184 39 11 228 218 146 43 43
    247 79 71 186 86 139 91 250 112 232 66 125 190 16 215 106 134 246 25
    0 183 63 238 237 101 111 20 100 89 32 117 248 35 66 9 143 166 26 124
    74 44 159 181 208 228 230 180 119 139 208 218 30 240 201 123 65 48
    81 233 189 76 222 210 95 130 31 17 87 101 130 196 19 94 76 99 7 0
    153 182 158 70 0 119 126 74 69 227 112 94 235 132 132 102 170 208
    253 249 173 167 219 88 20 60 107 56 167 223 130 43 241 43 105 88 30
    121 154 146 211 27 253 170 78 161 188 94 113 0 193 141 192 232 98 28
    68 105 149 44 117 65 206 104 144 149 101 122 87 74 224 196 163 67
    156 119 191 180 73 102 183 235 196 118 245 180 18 120 84 253 44 64
    164 59 213 19 184 57 252 7 29 228 175 97 53 114 247 24 34 138 154
    124 133 112 8 168 63 100 103 213 140 15 65 168 150 191 242 253 6 46
    165 228 209 40 252 232 219 12 202 254 73 41 176 74 154 170 226 226
    66 94 39 249 103 247 62 243 106 83 23 118 106 122 34 197 96 156 73
    75 23 114 35 163 161 77 44 185 166 6 146 14 59 57 177 48 82 31 180
    187 24 173 139 81 57 3 82 194 213 171 141 160 205 165 214 108 115
    192 164 67 11 225 179 136 148 101 91 50 242 78 214 51 213 173 73 245
    151 155 201 100 83 149 16 103 148 49 142 249 100 193 23 180 121 196
    82 162 152 18 161 153 112 225 75 187 118 50 175 56 35 125 5 104 76
    46 48 26 202 69 92 17 187 0 179 82 86 8 33 219 28 120 223 2 19 199
    143 11 53 82 16 118 199 218 174 138 26 140 229 26 164 65 7 3 7 5 28
    14 210 174 178 106 109 173 242 199 221 113 214 85 183 131 176 39 112
    233 26 213 196 65 96 212 221 51 20 99 50 83 45 88 128 176 83 66 221
    34 136 185 223 82 129 209 195 75 228 82 199 134 93 222 107 232 32 30
    202 30 33 153 205 168 32 43 58 223 126 7 132 119 96 164 135 122 189
    10 99 37 104 64 90 246 77 240 71 68 235 151 148 38 24 105 153 69 154
    227 243 77 129 75 239 210 180 103 226 159 171 180 202 126 183 26 233
    16 28 148 108 36 226 158 206 12 31 207 115 148 238 105 171 162 224
    31 48 214 124 52 19 112 110 168 67 168 58 121 135 44 46 95 157 201
    205 197 116 227 240 96 3 20 187 10 64 78 202 246 19 178 81 44 207
    100 12 125 217 26 99 47 144 239 234 121 91 201 53 64 157 214 150 122
    70 26 202 69 48 147 40 160 16 97 254 238 40 241 183 179 167 126 11
    40 241 56 205 163 110 121 45 101 85 166 165 154 74 121 211 194 158
    30 87 131 22 103 13 40 198 115 42 237 100 254 254 34 67 117 238 90
    90 46 22 170 249 34 30 41 228 66 234 186 28 41 0 99 219 167 12 225
    184 234 77 134 250 78 84 62 73 128 152 43 57 89 249 51 230 14 140
    204 227 243 59 212 230 163 223 44 29 250 134 48 79 191 165 232 95
    204 244 250 213 228 147 173 163 152 11 149 153 63 234 110 92 202 237
    90 195 223 189 218 89 6 29 74 153 196 155 186 241 80 162 104 101 119
    232 243 200 223 146 12 12 174 4 9 69 214 162 170 241 209 242 62 19
    102 115 36 60 39 179 208 186 141 72 90 26 178 203 112 25 167 199 137
    71 116 243 91 22 135 142 168 253 101 99 155 8 162 9 87 177 48 176 86
    237 59 172 77 83 36 74 79 187 153 176 104 106 199 65 172 7 201 74 83
    73 239 108 20 58 166 134 216 200 130 159 179 191 129 254 116 231 238
    77 162 156 47 187 126 128 223 128 203 55 242 219 68 28 247 34 104
    130 154 151 201 91 247 165 219 136 162 5 142 194 27 138 78 93 187
    151 200 229 133 110 3 102 114 248 109 57 213 95 90 188 72 222 178
    115 194 182 80 219 177 22 196 33 172 212 170 8 6 37 253 125 167 103
    22 198 109 15 59 43 210 129 47 171 104 51 169 155 190 162 21 144 21
    74 124 178 139 166 100 40 214 219 159 209 24 218 23 147 87 145 116
    175 116 217 206 137 229 184 220 237 210 73 29 132 169 208 7 254 111
    151 179 131 173 79 59 91 156 154 106 51 44 106 208 192 159 42 227 19
    243 203 117 224 97 238 142 254 48 132 77 179 118 56 207 249 28 84
    215 199 110 182 18 217 21 191 35 238 34 118 245 80 94 91 193 207 54
    239 67 179 158 58 184 61 251 150 149 210 206 183 217 158 151 230 124
    254 254 165 64 223 127 184 1 153 12 58 41 236 209 117 98 168 232 214
    217 2 147 48 255 160 165 123 177 88 150 183 121 251 161 19 172 184
    97 53 203 130 153 5 136 127 76 161 246 172 52 10 98 239 229 65 76
    206 145 97 243 131 20 215 248 136 62 149 197 98 2 201 131 147 126
    125 39 129 38 210 32 210 189 35 37 235 85 79 140 59 14 44 26 88 248
    205 63 49 228 30 156 222 49 98 233 187 97 37 4 18 12 151 181 47 172
    4 238 243 48 109 178 135 88 206 140 152 159 138 138 244 198 20 20
    218 185 36 174 34 170 109 1 200 125 80 238 43 217 99 37 137 24 144
    19 198 236 22 99 136 65 40 228 169 229 120 187 66 209 95 45 88 60
    180 248 74 114 8 176 235 67 233 229 20 77 233 57 238 165 202 178 201
    222 207 247 162 4 30 74 46 144 35 133 89 218 86 71 105 93 215 212
    153 14 142 147 207 18 62 81 70 240 185 229 169 180 48 33 0 108 32 46
    216 158 55 11 227 144 124 118 198 26 163 103 150 160 89 249 7 243 3
    160 93 196 168 79 242 20 150 102 8 159 195 240 57 25 151 84 147 38
    40 19 23 173 176 126 143 75 19 57 194 198 4 76 155 156 35 226 47 130
    208 150 204 192 88 243 190 193 121 120 46 71 106 116 15 90 211 46
    188 25 170 178 183 12 69 101 15 74 231 190 19 169 145 10 67 72 223
    122 88 117 103 224 236 87 58 94 44 125 247 90 181 193 70 12 110 215
    109 51 29 138 147 28 194 192 46 115 189 142 210 15 47 122 161 179 13
    216 119 31 27 96 159 4 6 22 141 189 88 184 252 54 211 215 160 54 75
    119 254 15 186 1 129 64 164 120 253 20 200 20 119 166 46 231 66 127
    162 101 194 237 251 240 43 229 21 172 60 78 191 39 81 20 94 144 105
    73 2 164 201 91 80 159 251 35 36 58 34 196 149 220 146 55 114 245
    230 85 201 180 226 184 178 205 136 109 104 69 251 240 95 148 119 212
    3 159 28 0 123 210 97 234 239 138 152 240 252 166 201 255 14 83 199
    26 230 87 100 25 220 26 123 87 67 159 245 218 198 12 129 248 44 59 9
    102 254 223 12 175 254 46 148 99 206 224 55 124 144 167 96 185 54 31
    120 211 240 162 208 104 252 231 73 45 150 149 65 246 77 169 61 71 84
    230 160 209 7 219 28 189 25 10 213 5 109 215 195 8 186 100 112 181
    139 193 157 143 220 30 41 151 121 171 242 17 57 193 38 137 1 31 171
    46 210 25 235 29 104 140 26 14 130 221 240 59 22 35 189 253 232 14
    127 58 195 90 224 204 245 134 147 58 248 22 235 171 101 57 230 192
    143 156 193 47 121 53 91 135 132 68 84 30 197 152 135 5 139 75 68 53
    239 110 115 194 238 27 225 68 102 26 186 234 22 155 95 181 10 249
    189 108 84 31 18 96 92 171 241 65 146 157 130 177 177 15 234 232 96
    140 231 157 169 6 209 35 170 6 116 48 100 93 173 57 169 183 123 86
    13 194 96 91 85 223 226 169 120 244 193 5 153 205 99 73 196 132 164
    76 200 214 43 113 145 22 80 69 78 114 72 33 111 96 113 69 198 29 80
    242 235 194 181 217 123 26 73 86 151 150 123 35 237 117 229 216 72
    197 76 245 110 139 86 100 53 24 62 49 67 32 33 158 102 132 2 5 145
    220 189 41 124 94 65 210 99 232 21 7 212 191 249 163 138 116 251 152
    31 119 220 52 45 30 168 63 221 62 146 184 221 139 35 146 237 77 216
    170 9 81 159 165 43 126 114 99 119 231 115 126 134 153 194 97 233
    104 146 37 138 237 109 254 150 200 140 188 117 85 181 114 123 167
    195 177 152 45 234 105 27 30 145 215 212 179 169 129 142 247 97 35
    175 22 62 62 116 58 147 176 221 179 66 212 205 214 198 28 201 215 29
    71 2 233 251 63 250 100 103 119 61 129 168 237 215 93 92 204 2 229
    68 250 199 204 234 124 103 170 6 206 131 225 163 208 138 240 162 181
    231 46 171 199 106 252 206 2 244 31 104 183 21 210 49 174 90 156 53
    207 175 78 160 38 169 253 176 46 57 32 14 143 148 82 81 96 209 144
    65 115 112 28 102 84 100 122 80 184 60 69 237 162 5 130 138 251 176
    53 234 216 59 159 37 182 223 162 233 211 177 37 159 110 45 186 216
    105 60 61 207 198 252 193 46 129 20 5 166 190 48 55 164 195 104 193
    113 243 160 202 228 198 162 180 241 226 214 182 8 123 161 62 200 87
    40 157 248 182 121 84 116 12 241 61 107 44 178 101 135 247 136 178
    126 169 233 5 126 61 207 10 233 243 157 200 218 18 81 180 73 187 165
    251 211 187 184 105 209 203 205 38 124 236 207 32 243 41 184 40 115
    41 9 170 52 149 44 242 56 234 31 112 100 245 113 135 10 240 175 12
    143 45 129 206 84 169 40 208 24 95 254 174 131 237 120 165 138 176
    129 63 66 98 194 100 22 185 106 119 221 254 221 45 102 96 107 232 66
    160 13 80 78 90 33 167 159 182 12 132 143 80 81 174 183 117 146 28
    164 77 81 170 138 105 68 47 129 108 155 155 103 26 157 8 150 245 150
    245 110 237 34 193 94 221 103 249 255 167 21 46 118 140 107 126 132
    130 63 149 154 162 7 221 210 98 206 90 29 50 75 244 201 151 130 100
    106 254 40 109 53 84 138 203 218 134 221 236 224 249 211 16 139 163
    186 5 45 169 15 94 86 60 170 250 125 19 92 36 52 21 248 221 163 35
    242 86 213 183 153 141 18 167 211 227 102 118 158 214 15 133 1 122
    80 166 83 113 154 29 149 170 143 206 16 59 244 15 37 209 159 227 240
    6 179 17 96 68 120 254 96 156 237 87 8 192 36 197 75 141 238 64 70
    240 150 246 112 161 1 49 175 229 45 181 151 92 52 17 203 85 180 172
    43 215 220 81 252 126 228 220 78 159 110 173 192 111 83 40 38 185
    231 255 224 189 27 35 36 227 202 203 194 92 171 83 100 167 237 18 79
    239 194 7 14 208 244 46 90 78 254 76 123 167 234 255 19 136 221 103
    190 89 30 151 242 78 94 46 83 125 79 184 222 213 245 92 242 216 171
    23 26 59 79 143 161 179 77 15 124 132 23 93 231 48 130 132 43 19 30
    177 91 79 170 108 12 72 125 118 76 89 21 216 111 149 248 190 177 242
    90 183 188 7 39 64 197 130 149 82 157 252 25 80 143 222 108 192 176
    0 48 57 183 51 13 50 193 115 1 73 64 87 218 14 61 164 208 195 98 51
    20 231 8 131 169 41 118 255 87 13 98 36 171 227 31 223 207 4 167 222
    206 96 177 216 242 95 248 73 184 210 125 207 224 80 106 38 31 13 195
    77 150 1 147 223 167 71 173 148 187 38 97 20 226 129 247 157 36 162
    70 221 64 36 129 85 144 97 99 10 155 198 246 171 11 140 169 56 22 94
    62 141 44 118 46 81 219 5 79 97 224 7 248 67 132 148 56 225 30 245 9
    92 26 193 246 174 136 8 247 80 203 74 21 53 80 201 57 173 91 146 69
    91 208 199 176 76 87 61 223 96 36 73 56 200 62 7 72 212 150 92 7 192
    186 246 219 63 16 63 254 48 123 141 46 127 107 134 79 33 230 55 192
    69 169 106 7 193 10 1 196 163 56 227 179 222 201 245 123 13 102 189
    80 131 208 68 147 211 70 219 227 37 126 176 23 44 20 189 237 133 165
    252 21 62 239 37 10 116 132 148 22 143 75 105 83 47 184 107 48 55 7
    227 184 209 228 37 66 141 121 176 183 23 93 190 45 37 249 56 74 44
    200 9 67 208 103 152 145 98 145 75 237 58 69 122 194 129 24 238 0
    111 114 28 217 7 72 149 45 32 214 241 214 102 164 84 201 22 94 107
    174 215 7 58 144 114 166 88 242 32 132 190 177 17 108 107 13 80 94
    136 205 113 2 128 134 218 202 15 155 107 138 35 200 145 122 157 222
    238 216 79 252 233 48 116 134 132 215 118 229 38 81 218 87 73 207
    198 130 46 147 21 14 32 132 229 43 151 236 151 10 92 217 39 214 70
    222 134 110 245 97 31 204 217 151 148 250 16 203 222 156 61 29 41
    181 158 103 11 220 179 213 18 65 79 26 207 167 235 239 206 229 141
    110 108 86 195 55 137 250 213 7 184 206 8 164 149 118 42 247 180 102
    64 57 251 244 53 186 76 51 34 205 156 197 114 49 145 248 54 217 121
    54 232 145 22 245 140 242 57 42 48 42 46 77 113 205 224 232 128 142
    225 89 112 129 62 176 180 33 56 192 253 29 110 141 182 251 142 79
    250 232 220 49 148 254 101 51 34 136 53 170 239 255 241 251 60 109
    76 150 78 74 79 99 211 81 198 245 40 50 158 54 184 103 192 85 215
    251 222 188 102 155 42 49 230 75 3 43 9 92 194 161 84 235 27 3 218 3
    161 209 144 69 113 154 20 75 11 64 204 163 41 78 66 22 71 85 190 21
    108 136 120 78 21 221 32 245 255 243 10 85 14 173 62 144 132 215 72
    88 19 242 214 200 101 249 184 181 4 194 72 156 149 80 19 141 36 243
    34 191 205 15 14 58 25 20 117 233 52 115 203 199 161 213 174 23 66
    43 207 213 184 114 7 36 203 69 69 148 214 93 151 140 97 62 165 254
    85 101 200 179 238 245 221 195 85 75 175 64 247 85 213 240 202 181
    22 151 215 132 112 5 141 190 48 69 254 81 145 15 72 200 252 78 7 77
    36 240 15 40 134 116 11 254 74 187 85 254 223 238 86 212 164 152 72
    177 91 45 34 62 225 47 47 162 45 96 251 145 127 7 92 202 120 18 79
    236 226 98 254 94 154 95 242 64 42 63 116 87 7 151 72 217 231 223
    196 214 65 51 212 58 252 9 95 193 122 250 162 28 163 233 196 180 52
    35 237 184 194 0 248 166 149 145 12 65 47 231 94 52 33 125 193 106
    221 141 218 244 196 225 78 126 153 247 15 205 247 135 130 208 197 18
    81 36 52 255 25 6 56 156 184 155 44 116 82 49 187 243 250 157 56 237
    231 138 45 38 198 87 97 247 70 146 126 221 108 86 160 88 195 153 12
    51 22 176 226 242 170 59 222 253 249 208 30 38 111 154 121 3 29 64
    193 215 2 98 217 11 55 60 27 103 45 37 96 180 174 196 48 92 65 198
    178 27 190 243 11 83 49 11 88 4 28 135 91 193 72 121 237 86 7 32 102
    143 214 136 100 22 255 138 144 72 237 250 221 13 142 114 102 1 160
    221 177 122 250 31 99 31 180 157 189 20 140 145 32 113 238 166 31
    137 19 31 16 171 75 45 75 125 46 191 202 106 166 27 172 169 230 32
    211 52 196 248 26 67 236 31 183 88 207 65 166 4 102 253 233 137 115
    142 190 16 233 220 145 84 121 123 180 219 88 220 149 77 119 225 197
    74 1 55 113 129 21 191 114 160 11 80 17 128 218 68 237 168 221 121
    187 248 19 232 165 240 41 158 26 5 91 87 167 11 77 167 169 215 82 79
    147 215 117 143 189 41 17 239 184 102 112 226 85 253 56 191 24 185
    177 13 92 17 220 201 240 208 58 112 113 37 232 207 183 237 47 1 252
    108 114 38 99 111 200 179 122 1 141 255 140 236 112 190 119 65 39
    234 69 32 207 112 93 243 156 45 131 14 134 227 37 145 81 97 132 46
    14 197 125 250 101 223 171 167 179 165 221 200 146 182 97 97 123 12
    34 184 100 211 219 244 156 129 128 43 181 249 249 87 22 3 15 17 81
    147 129 224 114 216 129 170 232 167 137 109 170 72 191 58 142 14 161
    64 190 85 213 44 41 218 235 168 130 37 37 98 208 11 193 1 147 47 120
    128 95 39 248 157 19 132 224 87 17 5 181 195 220 7 110 178 195 52 66
    82 87 62 1 98 161 149 85 62 231 147 221 177 39 116 37 13 37 80 117 9
    70 250 109 90 231 213 122 128 134 158 14 73 99 210 112 209 76 193
    249 196 146 24 79 68 161 36 136 124 252 58 88 193 2 123 8 201 187
    236 225 18 85 142 86 72 143 248 166 189 193 197 251 243 202 18 183
    63 209 42 185 133 18 160 2 20 124 180 27 34 77 128 204 169 221 18
    161 3 241 90 161 207 187 176 76 95 112 241 179 208 83 162 95 4 41
    111 81 76 21 237 127 144 18 43 219 23 195 89 197 69 130 36 139 33
    152 40 52 78 134 119 171 151 166 97 187 193 37 172 2 115 27 135 165
    119 249 200 226 134 162 31 225 25 4 251 177 77 55 217 26 156 45 105
    237 130 47 44 102 254 205 79 155 89 96 93 18 194 242 106 88 0 131
    155 143 178 157 121 82 176 52 204 10 123 91 164 43 71 163 137 249
    185 220 79 26 208 73 252 100 201 51 26 70 131 41 113 183 218 5 177
    80 140 148 182 238 235 105 71 107 94 255 16 111 92 18 149 57 34 67
    68 246 19 113 213 177 217 222 140 167 88 109 136 193 207 65 191 28
    118 180 136 139 141 20 11 38 244 79 99 243 226 162 188 27 226 59 254
    249 198 88 154 220 6 58 130 233 144 187 236 104 57 253 167 48 200 63
    67 204 73 159 177 157 54 45 148 138 35 196 122 192 62 14 164 177 27
    31 211 173 243 145 46 235 212 60 159 45 30 181 249 152 240 59 107 89
    119 239 197 202 178 101 85 4 24 196 25 109 38 190 242 191 255 24 42
    100 42 70 51 26 248 144 154 47 106 186 137 168 8 204 183 150 255 55
    124 144 40 44 106 16 71 78 45 221 7 111 110 68 210 178 115 82 106 31
    182 170 190 183 77 212 183 90 100 70 105 43 233 247 233 242 254 133
    114 220 163 164 65 52 126 42 87 72 208 136 132 64 186 34 108 55 97
    167 253 245 123 135 64 18 139 126 185 24 159 186 22 145 3 153 41 130
    161 20 59 72 29 152 32 53 154 70 71 123 243 10 129 36 31 249 158 229
    178 196 147 236 62 97 79 25 221 128 96 147 42 170 136 250 61 222 100
    194 201 178 215 85 45 144 137 56 64 63 114 206 229 123 127 6 52 49
    113 171 241 35 140 250 66 181 238 241 208 102 159 65 16 155 199 236
    215 233 85 89 87 70 78 112 163 189 76 150 56 20 90 140 238 0 222 28
    90 23 180 77 56 238 52 185 48 170 82 223 83 88 116 198 218 236 175
    187 125 103 143 151 61 72 99 166 144 220 203 86 105 174 11 163 133
    102 233 218 27 32 154 128 128 1 93 131 201 181 107 244 3 117 91 39
    74 152 148 136 251 232 18 29 190 239 12 117 6 92 43 191 243 109 67
    35 69 155 85 164 114 205 144 182 131 187 132 191 104 119 249 141 121
    227 59 225 184 128 194 177 109 248 17 241 151 75 249 196 63 114 230
    229 62 26 178 253 192 43 77 45 231 79 50 87 237 109 164 122 199 70
    208 90 45 97 104 193 182 115 203 197 194 232 8 237 67 47 232 171 255
    19 177 240 100 227 26 124 249 177 255 253 164 5 112 74 2 61 57 116
    233 27 129 232 64 108 225 9 67 159 225 20 201 244 120 52 189 8 26
    221 149 153 202 37 59 150 97 205 145 79 19 8 172 146 94 156 173 243
    146 110 157 193 46 77 35 4 144 65 76 26 175 120 200 42 74 198 17 135
    176 41 19 204 152 90 41 167 253 105 243 214 126 110 219 86 169 18
    192 81 63 42 137 28 111 83 121 229 14 33 254 13 2 15 174 99 14 3 170
    227 123 213 237 84 174 249 226 216 254 120 153 147 144 137 156 198
    181 72 225 52 178 168 14 45 74 195 228 148 90 154 92 51 154 80 215
    141 52 33 73 6 250 28 10 156 92 54 56 89 133 34 44 81 53 84 82 234
    198 163 137 93 57 190 169 226 241 248 236 225 39 124 162 14 105 112
    10 153 6 7 233 115 232 153 179 195 14 45 7 42 142 158 236 206 56 119
    66 84 18 198 35 94 39 243 33 3 161 139 62 58 105 97 25 206 74 108
    251 198 60 119 196 30 27 178 129 102 209 87 108 67 71 71 7 0 152 228
    179 100 202 196 220 1 146 2 23 242 100 228 160 110 183 211 249 137
    204 75 242 205 237 8 199 139 253 183 66 0 151 115 144 182 168 155
    193 184 183 48 35 214 16 250 104 241 82 17 101 224 174 219 236 118
    67 87 160 183 187 56 210 2 87 84 60 56 47 74 30 147 36 113 248 117
    164 28 251 245 202 109 164 22 153 147 31 28 144 212 235 239 66 139
    31 125 90 212 251 51 152 163 112 86 189 0 123 164 6 164 108 152 218
    156 166 196 30 107 159 122 52 226 186 155 121 190 123 220 25 214 72
    38 64 128 153 103 165 204 119 29 139 40 227 19 144 176 85 94 127 145
    89 217 150 42 127 82 240 65 30 4 216 1 190 230 90 239 72 54 84 91 80
    74 27 38 197 8 14 45 37 102 95 85 211 12 6 97 179 167 232 3 113 168
    19 43 164 161 129 56 22 114 180 39 54 137 96 239 101 225 159 233 59
    167 100 44 99 20 172 218 209 148 4 46 220 123 54 125 177 191 202 189
    192 184 7 240 133 223 10 140 239 19 91 111 186 105 226 137 18 221
    124 146 48 19 130 95 112 139 93 207 236 106 193 115 139 104 17 11
    101 223 144 252 201 99 163 192 160 130 90 241 167 245 58 78 183 158
    113 1 231 116 182 161 76 83 149 110 174 112 144 205 5 187 69 153 109
    16 158 153 228 75 251 87 38 76 61 192 226 229 130 25 14 92 12 219 84
    34 68 166 62 9 6 127 197 130 76 67 71 151 55 185 82 38 104 255 22
    236 172 210 108 221 35 123 253 24 231 151 218 12 93 3 93 75 142 10
    73 226 217 23 246 135 56 163 171 108 116 25 115 141 238 8 68 22 1
    234 216 121 12 243 205 72 174 112 37 99 25 59 117 235 180 203 186
    171 57 111 178 87 249 221 137 171 80 137 139 49 116 85 149 214 15
    164 120 185 34 2 239 157 180 6 98 195 4 132 222 41 93 11 50 202 123
    86 214 76 90 125 40 24 197 93 183 237 112 13 85 53 78 85 153 174 161
    24 228 223 53 255 93 165 174 222 132 206 35 254 123 112 175 80 0 147
    16 204 91 173 188 220 252 139 176 45 157 91 25 120 222 162 92 79 32
    132 178 230 191 200 129 80 80 199 139 71 175 98 75 180 255 167 141
    72 221 216 22 172 79 33 128 75 95 152 52 225 184 130 146 243 221 249
    240 113 142 119 159 37 253 61 230 141 128 15 182 18 156 73 53 125 39
    53 21 207 98 200 101 160 167 139 101 169 191 90 156 164 70 185 120
    230 206 136 55 184 103 6 67 198 125 126 20 184 72 77 188 22 156 75
    119 44 25 84 86 176 200 135 42 91 191 240 98 215 188 10 96 76 62 77
    8 181 1 242 131 164 242 180 137 169 3 54 113 119 227 166 115 73 67
    141 190 5 43 167 201 220 164 45 173 108 100 57 224 40 201 150 242
    183 113 245 227 250 89 215 1 134 105 201 139 28 5 112 35 247 193 203
    157 224 99 30 28 216 252 243 6 141 207 187 52 47 184 10 99 133 94 89
    18 148 8 209 193 112 176 178 246 27 178 184 100 101 150 246 71 232
    203 81 104 72 98 237 232 213 192 40 59 16 139 116 192 89 191 162 136
    84 114 226 79 144 113 58 184 3 70 26 140 201 32 125 119 88 39 228 95
    56 95 167 92 140 36 33 100 191 166 186 178 194 70 224 155 49 220 46
    217 245 105 50 218 111 14 216 66 206 90 237 18 16 17 231 176 83 122
    234 9 19 134 111 62 201 48 127 1 86 34 216 52 128 47 86 106 229 209
    122 95 79 148 112 32 150 247 199 49 202 197 237 163 53 227 194 231
    156 77 124 76 211 138 0 41 156 96 205 171 147 199 136 48 87 36 76
    246 44 150 128 121 242 160 195 252 149 134 66 8 171 250 107 120 160
    105 63 214 62 108 121 87 61 175 158 226 247 184 205 196 34 149 27
    231 71 255 245 19 114 95 233 99 4 17 112 39 180 7 212 81 90 61 205
    156 208 221 61 23 187 192 111 131 103 136 116 6 21 247 26 42 35 67 8
    63 167 180 186 62 251 63 96 33 7 248 25 170 218 230 4 162 253 152 16
    222 104 174 47 115 68 24 62 115 233 244 61 204 121 92 57 93 63 255
    213 146 58 252 248 176 1 243 237 3 32 231 32 157 189 227 89 193 43
    196 118 12 58 63 148 20 91 10 154 237 63 78 95 162 82 122 228 98 71
    5 221 95 194 124 11 172 43 191 101 42 237 210 81 91 229 244 51 223
    190 0 165 68 205 26 239 148 228 42 184 187 84 91 80 140 199 241 41
    30 79 253 44 54 77 140 104 127 110 65 211 187 59 236 44 46 88 52 196
    45 53 7 87 248 196 46 156 165 33 108 61 49 26 75 238 225 238 174 127
    213 25 169 75 47 118 212 136 191 87 240 104 44 254 2 48 120 194 255
    154 58 202 72 64 144 121 160 51 81 222 13 188 100 64 131 21 113 47
    255 7 107 7 252 56 8 220 204 51 145 243 81 92 70 223 78 231 146 10
    45 165 229 141 20 201 44 162 52 49 8 13 151 146 104 198 159 72 146
    152 182 193 83 47 125 112 236 204 118 151 100 101 12 87 66 57 46 152
    135 82 154 45 254 227 188 32 126 236 70 171 240 14 251 128 49 131
    188 243 17 57 59 170 113 198 235 252 33 249 213 1 103 134 21 14 189
    210 241 188 84 169 28 232 10 38 127 233 71 151 56 56 64 91 156 249
    186 14 170 226 181 199 41 96 225 169 52 67 190 238 95 33 244 117 0
    121 85 42 11 111 131 238 15 224 213 73 199 239 251 42 8 204 35 45 58
    197 243 186 49 253 214 119 75 72 169 78 123 197 60 112 238 191 74
    240 251 50 141 131 24 248 3 91 248 84 146 228 55 155 221 5 231 175
    221 69 50 86 56 141 241 194 150 55 106 91 135 115 153 96 161 64 138
    172 87 92 176 113 200 231 82 77 167 101 86 77 97 3 196 133 114 125
    212 30 183 254 148 49 229 51 65 163 140 51 13 101 242 189 54 251 187
    208 35 140 249 179 190 204 247 183 56 201 35 37 176 31 100 193 251
    41 126 182 245 149 119 35 228 2 236 145 84 234 214 176 157 103 48
    157 113 191 20 31 132 253 20 106 191 190 123 164 66 234 120 167 115
    71 15 131 250 221 237 166 114 154 191 209 156 226 35 94 3 187 210 61
    230 137 148 49 238 200 174 92 159 15 46 105 187 94 216 37 119 174 25
    5 79 208 116 125 100 212 129 227 252 49 121 182 144 130 178 72 120
    96 217 49 58 27 211 70 128 107 99 123 186 190 162 253 155 62 138 111
    255 216 181 87 201 161 239 154 192 238 113 150 36 21 70 71 240 94
    169 136 173 15 130 248 71 110 61 249 27 75 128 90 110 153 100 187
    164 57 24 227 75 151 174 216 125 205 168 95 85 159 240 127 240 78
    178 247 112 173 158 10 142 39 7 230 185 206 209 22 76 129 186 253
    177 87 30 145 58 96 179 105 212 131 55 234 137 19 210 213 85 132 153
    1 171 126 111 38 71 49 249 115 202 232 136 243 209 84 139 223 150 17
    214 224 204 5 218 13 172 42 253 193 89 210 38 169 42 236 224 86 105
    245 122 210 217 152 203 54 232 30 146 129 112 186 227 33 103 59 52
    67 202 39 57 90 74 233 127 92 104 112 234 132 83 109 235 157 64 100
    202 6 113 214 143 205 247 210 240 235 79 0 29 83 1 72 125 246 161
    223 148 20 60 101 241 79 150 121 77 151 67 103 123 104 1 118 246 177
    221 105 211 170 115 108 40 64 42 208 120 225 120 107 197 175 78 120
    114 195 190 162 163 188 192 30 157 128 104 174 52 17 71 22 209 51 90
    159 240 53 153 105 107 194 110 192 253 138 62 64 238 54 15 185 48
    174 180 111 109 237 175 77 175 30 214 131 49 138 161 84 86 107 167
    192 186 229 71 81 251 202 61 110 126 197 127 158 106 153 70 175 57 2
    223 48 8 236 144 148 65 116 76 222 85 219 1 100 194 139 96 201 52 11
    138 233 22 240 204 102 9 113 187 140 36 226 239 232 123 47 39 237 7
    124 11 36 170 59 27 13 145 31 237 140 60 239 220 125 204 39 146 227
    202 163 90 78 116 115 69 248 210 147 227 163 48 189 124 42 125 255
    197 147 75 174 127 120 84 54 37 49 43 34 252 130 123 46 77 223 160
    17 71 169 169 159 129 71 168 90 140 146 204 201 57 85 7 7 156 132
    245 16 46 90 20 101 62 91 111 163 229 72 233 88 248 191 36 23 29 106
    236 241 25 177 217 43 140 131 189 157 146 6 64 157 205 93 239 141
    247 230 143 98 86 146 92 40 167 200 242 18 175 23 81 241 75 125 196
    55 48 53 152 145 47 204 103 89 37 167 196 246 97 135 31 1 147 104
    192 116 22 193 56 29 175 90 132 92 41 111 164 193 208 82 55 148 49
    234 38 204 24 100 223 175 94 112 79 234 167 178 60 65 148 136 197
    167 7 134 55 45 26 216 105 163 3 123 243 218 187 246 72 130 25 10
    155 2 92 1 116 65 138 120 57 227 147 169 74 179 144 104 3 224 163
    126 222 250 42 192 1 195 33 104 253 56 83 207 99 142 135 203 195 205
    196 26 168 41 157 119 175 224 140 141 36 82 115 73 128 167 100 23 95
    242 110 86 204 129 32 12 130 215 123 240 130 47 238 77 93 165 222
    177 108 118 26 34 5 31 228 1 160 57 53 230 43 150 146 195 169 14 158
    207 208 91 21 77 140 140 219 38 126 104 33 237 35 30 103 27 142 202
    62 43 185 129 77 124 162 37 168 34 41 251 134 12 217 35 25 89 218 46
    101 74 230 140 30 23 14 228 108 124 129 164 79 190 230 155 33 40 147
    79 192 118 145 115 96 38 5 75 76 40 188 205 111 135 98 160 69 111 11
    2 50 49 252 85 90 215 41 112 128 209 113 18 80 253 186 183 57 169
    214 101 184 74 5 141 89 62 35 148 184 229 35 131 146 243 43 89 208
    56 2 91 102 80 183 59 199 69 155 42 224 13 238 227 10 35 27 138 152
    73 25 16 254 35 199 74 171 29 209 233 123 184 60 62 119 63 184 90 99
    187 96 238 201 142 148 21 105 10 165 13 86 69 61 184 86 58 154 81
    226 130 104 50 222 31 114 215 175 210 75 165 36 207 108 249 29 101
    129 76 19 85 42 243 35 247 106 128 70 104 42 7 40 144 188 163 201
    244 231 145 64 129 247 250 42 162 227 224 218 124 78 92 163 98 19
    185 88 199 134 65 93 108 123 176 68 253 39 162 72 116 96 171 189 70
    179 249 17 186 14 60 234 87 218 62 65 16 90 113 193 218 191 118 77
    127 129 16 21 3 100 24 102 199 69 203 4 41 151 230 34 20 222 51 121
    119 111 172 243 112 161 168 95 16 0 224 25 135 60 121 131 120 250
    116 203 5 49 116 146 86 140 5 85 26 144 171 222 57 28 70 4 49 123
    155 73 42 189 234 205 184 122 9 87 223 86 202 75 154 93 199 242 73
    254 96 23 132 105 132 163 105 235 33 134 42 144 196 160 239 241 213
    247 144 26 162 24 136 89 95 160 120 58 180 3 238 196 178 22 186 62
    77 15 209 46 15 46 220 69 248 183 128 235 132 176 242 195 41 243 152
    182 34 250 28 149 44 77 76 55 219 5 64 217 124 135 72 13 82 15 106
    219 113 220 32 216 61 98 28 179 15 212 106 84 157 177 107 18 0 12
    100 125 177 91 105 156 171 255 185 92 242 232 228 183 199 212 127
    210 234 142 147 127 42 8 190 179 194 24 161 176 202 150 232 232 218
    205 99 130 240 85 2 107 205 35 212 57 60 111 89 27 155 96 90 95 103
    32 142 181 189 66 229 43 253 85 85 148 240 41 106 55 16 217 68 154
    209 59 78 199 17 14 56 208 248 66 21 127 170 97 172 180 234 158 146
    236 18 110 248 107 66 224 27 182 30 175 193 109 188 137 67 9 30 228
    153 234 206 59 152 233 170 43 68 42 106 195 231 84 146 33 178 225
    228 80 52 185 148 199 75 26 172 145 40 134 226 32 191 128 213 51 229
    122 5 110 67 6 92 179 149 180 49 117 236 59 95 67 187 198 157 70 219
    4 94 23 57 54 236 227 27 7 226 230 227 251 61 50 179 193 149 179 179
    70 135 49 248 134 210 187 161 125 122 103 131 159 31 2 0 45 129 221
    33 235 129 176 93 238 235 206 172 214 113 190 191 177 114 179 30 62
    230 219 3 146 105 168 7 92 145 19 220 69 77 11 23 120 38 183 246 61
    144 232 68 43 189 30 39 78 96 194 226 0 100 247 111 219 90 58 131
    161 159 226 161 111 133 117 182 96 195 125 142 134 200 6 249 148 196
    246 12 13 37 145 161 176 189 196 51 254 21 7 230 32 127 125 101 74
    41 0 167 49 239 153 209 143 204 131 174 70 80 179 115 218 24 129 23
    44 162 127 149 168 59 82 210 233 245 152 3 128 115 93 83 67 21 78
    213 193 233 153 251 223 57 192 166 96 230 191 19 162 161 233 78 95
    193 166 56 81 41 50 158 114 130 206 109 6 242 248 73 232 4 71 243
    103 100 127 52 95 202 15 186 163 13 42 104 72 239 116 76 172 184 212
    60 225 240 49 0 147 142 118 204 117 216 33 84 247 45 24 195 56 239
    22 226 36 187 95 143 67 110 54 104 240 116 73 180 231 233 53 31 34
    69 60 24 68 206 184 82 214 189 56 109 169 175 130 141 185 58 138 109
    78 122 220 240 84 249 83 191 52 115 240 151 65 85 70 95 25 6 13 114
    188 161 104 146 148 224 126 138 218 158 51 172 225 182 101 126 0 205
    13 230 24 215 98 64 238 3 9 203 231 226 224 48 153 51 68 68 11 37
    171 36 156 172 234 165 72 242 221 249 247 186 249 151 165 179 36 192
    210 97 226 83 154 41 173 15 242 65 24 82 111 203 52 80 243 178 168
    116 151 247 94 139 231 96 190 210 42 160 232 2 230 27 185 249 132 28
    113 7 89 81 23 223 209 3 125 255 3 205 32 148 108 137 13 204 52 150
    228 53 111 157 175 157 243 220 81 141 58 198 90 142 33 120 132 43
    188 163 203 255 39 52 189 83 55 187 52 6 162 155 50 78 18 89 12 227
    45 212 47 76 236 222 42 36 3 44 215 195 157 93 60 188 124 79 27 146
    54 37 219 170 91 248 235 113 162 126 86 160 17 102 176 62 168 13 7
    220 26 233 176 171 26 121 209 129 203 173 231 183 5 93 26 178 184
    138 145 149 177 54 82 48 251 156 245 44 183 206 237 181 15 234 220
    100 191 93 65 49 152 130 158 175 229 102 221 187 104 158 24 202 232
    103 253 219 195 170 38 173 191 9 221 122 100 147 80 93 71 251 229
    106 125 111 30 22 67 245 185 145 171 115 12 244 106 224 156 5 173 63
    168 185 240 192 54 154 74 79 217 225 239 240 231 164 0 71 15 209 72
    76 247 43 60 99 155 170 28 137 216 119 120 245 207 238 42 112 204
    220 1 55 71 225 110 65 105 174 67 221 240 8 98 180 151 131 233 126
    120 43 23 156 187 190 80 124 129 220 75 196 198 128 136 181 245 177
    53 32 37 226 62 217 132 34 64 108 193 26 1 57 164 157 219 157 166
    195 45 251 80 173 96 17 25 60 15 43 100 249 214 165 136 213 52 6 249
    64 237 153 253 140 176 254 194 76 242 152 36 30 222 119 145 178 129
    115 230 231 10 137 147 63 183 227 24 212 207 84 184 120 221 253 156
    52 220 215 193 202 131 159 53 84 96 225 162 244 13 186 205 83 145
    168 105 35 244 180 67 131 136 141 2 90 14 55 151 148 27 83 237 187
    22 248 36 74 122 163 8 69 226 188 122 188 7 61 102 130 96 169 22 37
    123 18 118 99 208 108 254 99 144 178 167 243 85 229 1 49 214 157 244
    89 244 228 199 115 111 140 160 226 30 186 43 120 103 132 212 83 148
    30 98 71 199 15 95 243 40 77 2 52 101 213 197 148 97 128 138 50 172
    68 37 218 205 64 112 193 25 237 110 85 55 146 193 136 48 152 124 201
    16 228 37 134 171 175 255 71 215 233 22 22 91 205 13 211 69 225 196
    91 174 28 115 205 251 219 101 130 102 11 12 142 155 218 109 81 4 82
    184 39 120 85 221 50 222 35 191 3 158 67 75 37 104 214 154 71 132
    189 184 84 171 45 109 137 131 219 41 206 100 7 7 176 158 142 169 17
    42 17 91 22 93 139 168 17 82 42 11 88 133 3 27 173 0 48 134 64 7 232
    170 225 194 189 178 8 184 224 240 243 94 62 7 68 5 138 22 203 183 47
    116 183 248 192 246 227 122 108 49 195 159 231 246 123 250 190 160
    24 223 5 222 199 206 73 180 60 178 30 24 147 78 184 123 75 160 38
    241 68 114 237 237 189 227 11 7 144 236 196 233 230 48 114 7 14 130
    169 46 231 245 148 248 199 179 2 202 209 213 167 230 36 208 145 196
    20 193 183 9 90 52 98 19 139 68 167 215 207 93 11 181 20 39 201 230
    127 25 116 123 155 30 114 230 22 45 39 74 191 225 216 83 120 254 174
    3 49 54 21 2 236 128 106 26 190 93 29 148 190 218 197 95 195 36 181
    181 68 59 39 119 37 22 100 249 156 174 31 49 169 219 253 53 143 202
    22 62 190 129 197 210 71 255 218 214 155 243 34 124 95 207 16 73 85
    111 155 227 157 152 229 4 75 156 86 126 44 190 7 145 81 161 47 144
    104 9 209 196 215 109 55 35 25 172 104 222 166 206 241 222 1 189 226
    186 253 56 99 79 21 254 102 76 41 211 110 252 165 203 42 177 240 160
    209 98 187 108 74 180 8 28 205 28 182 237 166 198 226 127 42 60 11
    75 94 242 13 65 193 72 45 237 238 24 124 229 173 155 13 141 59 6 216
    139 9 43 38 58 167 15 245 222 26 145 28 85 190 84 213 28 243 136 101
    221 61 32 176 33 177 7 13 75 134 182 181 117 237 39 112 226 85 100
    74 21 52 130 52 126 198 136 216 187 157 7 118 6 152 74 89 147 220
    162 1 235 213 108 18 147 105 101 29 227 247 212 210 120 253 140 157
    205 210 129 26 53 27 210 78 125 227 121 120 112 72 238 55 92 13 182
    29 12 201 39 48 181 54 17 123 65 153 17 116 98 69 74 125 135 101 103
    17 61 37 5 232 234 132 125 96 62 30 226 149 103 165 90 43 244 116 50
    205 216 121 73 217 137 250 32 234 136 191 152 24 183 254 138 205 205
    200 209 214 124 170 157 78 27 8 235 239 109 246 49 182 196 222 185
    149 42 3 82 29 29 128 244 228 185 237 169 58 21 97 30 152 161 14 201
    37 170 237 164 95 233 39 212 213 237 30 207 76 219 84 186 28 52 172
    120 130 52 117 246 159 6 229 68 69 80 161 218 32 191 33 200 74 63 29
    187 198 85 230 163 162 149 87 27 132 54 23 82 63 203 252 147 190 29
    149 230 199 44 151 157 125 65 203 74 111 94 216 84 188 9 209 10 230
    178 120 26 11 30 253 150 174 232 225 238 154 248 10 23 112 67 29 106
    211 71 33 165 211 6 231 205 229 253 183 24 18 68 101 57 130 251 173
    175 37 105 181 49 224 117 54 123 124 71 10 18 27 3 11 221 208 252
    196 225 91 182 255 140 74 12 214 72 7 187 13 222 8 104 55 17 200 112
    177 74 228 175 117 27 186 110 40 7 63 16 205 116 114 240 188 235 215
    13 175 83 7 23 179 139 35 233 197 122 203 185 248 35 252 226 147 111
    245 45 116 171 5 111 205 179 163 69 115 72 9 74 231 33 54 251 34 251
    221 38 174 153 194 13 192 245 138 82 151 198 14 126 25 53 148 26 196
    68 183 29 218 163 194 238 186 154 110 56 68 166 117 37 154 233 89
    247 135 237 18 64 101 213 173 254 127 152 77 198 254 135 57 71 120
    207 164 79 37 225 68 108 205 123 24 107 244 165 69 31 236 19 204 198
    57 66 20 85 168 141 52 109 158 49 174 133 149 253 197 69 121 96 25
    140 26 164 188 130 235 188 21 41 40 96 132 167 210 116 10 78 189 125
    181 233 81 116 231 165 13 142 150 247 85 224 228 18 197 201 179 188
    167 119 218 119 60 38 228 27 100 3 176 78 226 186 215 244 222 177
    158 55 135 105 11 78 40 214 105 108 203 54 122 233 97 4 13 239 69
    227 122 77 160 92 123 58 163 185 37 20 21 70 22 48 188 100 173 40 82
    31 160 189 50 251 253 160 15 56 64 123 184 229 254 149 251 219 151
    174 26 187 57 104 10 181 80 74 45 172 177 191 113 197 147 19 81 183
    82 241 95 124 10 18 4 123 230 79 52 250 13 120 213 241 148 88 151 21
    45 95 25 118 43 21 207 133 208 70 97 159 92 242 32 71 203 190 52 228
    87 124 198 48 127 26 139 104 34 130 59 157 172 223 100 131 66 213 60
    104 235 27 129 131 18 182 192 252 101 181 227 35 137 106 255 230 0
    159 177 222 109 215 109 100 40 199 95 218 36 134 253 181 100 4 102
    221 167 129 197 190 137 75 165 91 93 128 96 136 241 204 42 173 70
    117 123 188 204 253 82 111 225 18 94 61 38 182 76 208 170 35 76 172
    143 6 152 109 136 250 190 222 122 202 22 96 164 64 55 109 87 209 177
    199 222 99 56 199 124 117 26 252 138 127 43 223 63 103 115 145 15
    203 89 152 71 139 197 186 134 155 201 82 8 131 28 254 158 4 9 67 111
    210 111 68 247 122 17 125 128 152 98 114 207 91 155 153 86 121 111
    163 245 136 101 63 199 141 181 104 247 141 94 54 47 223 234 77 171
    244 197 136 213 130 253 14 249 29 140 174 168 195 224 167 155 145 12
    10 220 239 188 224 161 28 6 9 24 15 221 148 171 6 33 77 75 102 78
    165 91 23 223 229 229 251 112 200 103 111 23 58 102 68 183 73 38 52
    11 158 93 134 112 110 13 51 128 150 23 96 11 8 33 27 53 54 74 213
    124 84 54 209 34 245 35 232 123 40 114 7 240 117 126 111 145 218 212
    207 43 186 163 28 52 144 130 177 193 113 111 101 10 132 249 177 66
    26 162 2 192 85 80 221 217 73 26 211 239 108 153 164 4 107 165 230
    31 29 114 208 210 123 2 88 36 53 203 24 5 50 177 214 70 226 137 40
    219 185 78 55 96 144 39 167 145 185 162 145 238 9 229 98 116 32 149
    254 198 126 210 89 93 6 217 226 255 94 237 201 75 188 189 243 126 79
    127 167 82 253 20 83 88 105 99 198 38 13 216 174 192 162 65 46 13 51
    77 231 56 15 208 56 32 79 23 141 45 23 122 54 187 210 159 44 225 79
    149 197 135 2 94 65 215 223 120 15 70 37 149 246 79 116 120 90 75
    162 61 52 64 111 91 208 25 189 0 19 220 56 91 146 81 184 30 47 81 34
    86 26 131 23 67 110 191 138 125 11 104 148 124 151 208 122 254 104
    40 110 133 207 200 75 120 246 165 242 117 85 209 217 13 113 81 193
    20 43 82 73 34 46 65 89 166 180 218 66 191 126 206 203 38 61 234 74
    239 150 200 36 52 202 170 247 215 111 85 255 32 74 170 193 103 66
    203 160 170 88 196 189 50 237 183 117 149 204 60 65 105 240 79 50
    126 12 50 2 245 28 149 196 214 231 113 210 40 241 101 97 154 87 40
    31 104 217 204 238 232 129 226 234 120 94 191 100 38 175 79 84 19
    223 228 103 165 33 164 48 17 145 198 227 119 73 53 10 43 166 167 58
    234 68 74 182 16 30 4 182 47 114 126 74 100 177 42 33 118 138 29 158
    203 156 230 28 129 101 237 38 222 105 76 98 124 154 78 167 60 90 166
    114 18 77 102 198 105 131 104 38 178 247 33 186 214 68 42 242 174
    112 110 195 146 153 138 141 166 214 62 25 32 229 145 117 108 115 169
    126 146 184 215 243 56 48 143 73 106 229 122 73 141 225 239 209 108
    150 140 88 249 1 210 67 78 125 28 231 224 75 136 179 143 105 231 68
    23 234 37 95 196 71 124 135 146 227 27 64 58 75 104 62 100 66 155
    182 151 192 221 159 17 138 96 94 168 95 95 18 150 152 148 63 27 233
    138 225 9 62 223 74 157 81 163 24 35 181 46 149 39 237 96 119 53 136
    194 218 217 69 20 23 239 67 87 250 235 110 224 220 80 188 64 82 67
    103 58 237 204 5 119 123 39 111 35 205 50 76 177 81 183 110 159 184
    51 20 76 180 232 172 93 138 27 209 116 157 36 158 63 119 164 64 48
    166 101 26 225 98 188 251 2 226 144 22 158 110 170 107 129 93 51 124
    203 77 81 26 52 14 168 189 149 241 95 94 79 210 192 77 62 20 210 63
    177 208 176 18 234 234 14 45 14 150 35 25 57 226 142 103 19 148 120
    73 31 49 18 189 193 232 148 209 191 42 171 188 171 174 116 232 52
    124 36 143 227 141 171 133 140 29 62 238 218 149 237 186 152 82 232
    37 229 115 176 155 204 136 211 211 229 184 87 245 121 39 178 167 89
    16 234 78 112 42 252 121 88 66 89 134 204 28 23 206 46 192 133 53 29
    183 182 115 238 48 253 137 107 155 151 88 70 229 42 132 225 212 155
    135 65 48 184 237 200 16 182 223 218 74 87 237 32 255 240 123 17 172
    26 185 19 115 244 211 155 131 57 61 177 95 210 250 63 16 39 103 248
    230 137 29 243 79 196 246 155 0 8 192 72 62 252 213 169 147 223 181
    204 119 238 110 102 49 54 89 164 219 228 212 28 151 191 21 142 38 66
    15 128 104 135 79 136 113 255 62 163 229 120 60 150 16 187 197 119
    191 70 176 63 173 213 100 141 80 201 231 239 163 126 180 149 62 237
    198 160 112 42 242 56 92 125 87 109 85 44 194 75 152 110 173 183 250
    246 105 255 164 209 73 158 142 129 254 41 11 174 123 27 209 0 145
    140 214 121 16 87 55 203 187 153 234 185 226 63 178 190 106 50 146
    190 171 219 54 204 57 134 249 160 137 254 181 206 16 130 91 108 247
    193 66 233 22 147 122 90 111 174 71 84 255 226 79 208 48 202 98 62 7
    110 221 175 151 39 107 152 4 255 49 21 217 13 92 95 7 36 232 7 60
    231 49 23 111 20 206 67 153 207 194 253 183 180 75 208 95 98 244 32
    255 126 244 210 38 123 95 51 75 152 69 217 154 43 227 186 187 121 83
    228 192 106 149 5 78 210 199 34 101 130 190 248 78 87 115 116 123
    184 172 36 210 87 72 57 157 11 8 103 44 111 253 77 207 169 161 109
    83 130 141 106 241 241 169 199 182 30 214 238 142 167 165 194 100 6
    209 93 76 152 255 174 229 15 143 35 22 30 202 33 57 20 109 85 47 0
    224 215 81 1 58 245 251 211 11 159 58 66 2 10 17 219 51 90 64 204
    161 254 96 76 135 31 242 229 93 80 240 113 184 152 85 32 67 35 44
    161 35 55 52 18 190 90 68 253 186 28 44 202 249 250 51 44 161 227
    105 147 80 116 166 220 186 143 30 172 69 110 132 239 10 55 180 51
    120 157 12 218 92 241 14 152 154 55 2 17 87 218 240 247 99 136 191
    231 147 84 5 136 169 20 210 120 120 1 176 71 37 229 34 239 234 131
    153 87 58 169 125 216 186 114 146 55 226 191 203 11 131 134 171 159
    181 55 101 159 92 223 223 6 35 211 84 138 128 92 62 25 238 137 217
    99 5 23 227 160 250 75 212 253 49 122 54 130 246 59 149 167 196 125
    211 209 77 198 163 113 17 92 129 246 9 247 9 54 190 123 45 105 25 88
    202 106 188 54 30 184 204 77 43 224 168 201 133 248 79 77 239 171
    131 182 174 193 107 47 95 154 234 112 52 230 57 86 255 84 148 54 148
    95 8 197 189 45 163 9 67 198 163 147 208 30 231 213 156 218 76 96
    147 186 91 55 177 110 75 82 166 87 254 77 30 18 124 25 217 3 222 202
    107 146 70 11 7 104 111 48 217 237 60 102 104 32 187 125 6 211 147
    99 82 249 199 70 137 79 248 68 122 86 207 71 155 47 114 183 162 112
    166 119 132 22 209 99 133 202 98 160 20 157 179 135 85 73 54 102 49
    86 253 227 219 54 103 241 153 180 57 221 233 251 214 136 216 159 174
    8 83 236 124 249 108 165 29 167 107 5 164 69 98 176 227 197 98 237
    192 99 74 190 89 156 237 165 9 181 44 201 123 210 223 11 4 233 125
    188 188 106 135 81 252 132 157 168 28 5 168 169 235 95 240 159 29
    103 213 27 22 181 113 176 9 53 224 216 5 101 149 157 167 199 112 116
    30 32 134 172 99 241 244 3 188 93 148 215 255 161 37 1 174 12 236 79
    112 134 14 24 171 6 159 113 204 106 51 83 133 64 177 120 127 93 73
    76 199 92 80 217 234 138 247 119 222 147 181 28 148 35 62 63 210 162
    114 189 109 109 115 122 126 99 92 169 181 192 213 90 182 245 165 158
    138 139 96 128 164 223 137 250 2 121 184 128 150 25 114 8 73 150 22
    141 252 185 39 251 146 136 78 154 209 119 92 101 126 202 3 66 247 79
    193 82 73 169 70 51 232 154 112 5 73 235 30 211 187 218 111 216 133
    22 180 126 90 67 91 204 171 68 160 132 114 210 16 125 186 103 180 30
    169 62 54 39 93 44 183 195 218 244 56 164 73 199 89 160 154 218 201
    93 52 197 208 80 195 148 41 39 77 122 130 110 129 136 81 157 97 251
    225 167 244 68 119 96 158 138 43 223 164 241 187 24 191 76 143 213
    95 14 68 197 241 255 175 102 103 248 115 70 2 118 132 230 131 44 159
    121 55 204 52 10 127 143 130 208 188 100 190 4 39 191 218 132 205 42
    170 159 106 193 122 172 64 238 129 25 207 174 55 135 188 16 116 118
    180 199 100 68 162 45 84 31 165 149 90 70 41 172 124 237 20 193 194
    215 30 219 125 136 158 64 67 206 56 88 219 139 34 83 123 7 225 131
    244 232 145 124 45 28 184 126 136 178 245 37 241 76 253 169 132 159
    196 36 203 192 177 63 19 158 28 120 229 125 176 78 151 240 104 155
    188 64 155 112 93 95 17 21 30 249 163 135 251 96 142 40 247 73 94 46
    84 97 102 233 19 28 70 54 133 106 154 110 165 243 149 76 109 77 240
    51 210 103 107 229 112 235 99 174 35 93 252 194 129 38 153 178 206
    37 179 98 34 186 128 173 57 104 22 173 88 199 116 243 225 97 39 162
    212 62 216 138 135 189 40 128 18 122 191 181 234 237 100 28 213 71
    199 16 160 251 131 217 94 233 27 134 16 47 102 89 116 69 45 153 219
    178 221 75 61 118 66 115 143 195 230 174 19 221 153 42 165 215 200
    163 245 213 39 36 68 57 106 111 184 19 23 137 232 106 217 205 225 49
    222 178 127 141 244 239 41 46 250 121 177 251 102 128 100 216 50 182
    192 174 202 100 33 114 109 3 116 134 69 229 90 252 148 81 147 200
    226 245 111 54 182 97 148 161 236 35 41 66 231 107 67 146 139 200 93
    95 35 30 66 142 158 45 84 207 172 40 195 122 214 252 186 175 72 23
    202 44 192 104 6 12 30 53 113 229 224 220 1 236 212 187 27 42 5 144
    192 220 69 218 71 137 1 106 67 139 72 32 255 21 249 228 54 190 75
    214 76 79 216 166 200 236 159 30 106 116 211 177 186 12 16 44 224 77
    195 235 19 32 153 17 117 45 175 24 35 184 71 78 16 139 143 27 241
    122 59 155 30 226 230 228 246 125 96 134 9 102 253 189 28 55 225 192
    205 128 60 9 113 62 169 199 167 9 134 30 232 89 174 240 53 163 69
    209 47 94 69 134 11 34 162 146 176 7 105 248 123 188 148 68 52 47
    219 173 194 5 30 206 129 161 187 172 191 80 104 205 235 141 206 235
    138 86 248 114 239 59 203 103 196 207 107 93 227 126 113 189 208 80
    245 198 68 115 186 190 73 182 134 140 48 51 172 226 251 219 154 19
    119 154 178 205 115 237 1 121 169 179 171 23 236 51 30 183 173 125
    74 83 85 105 168 70 160 197 255 119 18 61 79 128 133 214 129 147 127
    88 47 24 204 223 93 159 181 124 222 81 161 68 0 224 134 191 143 5
    114 6 224 153 133 248 176 176 25 68 247 236 163 132 124 134 221 109
    15 218 204 174 227 31 143 168 38 195 74 89 207 180 49 224 20 166 100
    88 232 226 123 120 235 248 101 138 24 115 233 53 183 212 189 123 244
    148 253 19 48 183 140 88 80 83 137 136 121 111 35 199 13 253 171 166
    66 140 226 164 135 226 244 34 177 89 72 56 39 215 247 217 253 130 15
    77 161 5 228 41 209 150 110 118 240 251 178 34 131 28 84 133 167 193
    50 202 108 164 66 120 137 108 215 82 144 142 184 109 213 117 28 142
    75 238 126 80 16 18 96 17 218 201 187 20 97 143 228 91 145 42 90 79
    92 232 198 66 184 166 55 35 18 229 174 109 136 138 255 220 178 151
    98 182 138 9 160 219 43 105 195 49 70 39 220 225 245 58 69 160 44 63
    209 189 224 59 217 28 225 171 213 150 106 80 41 230 149 121 16 4 239
    97 133 170 191 55 215 227 32 122 83 134 93 13 78 114 116 157 92 138
    232 236 229 198 234 243 220 66 45 2 107 134 75 23 239 3 96 220 38
    131 173 83 46 102 140 74 236 150 118 59 153 161 93 59 95 22 119 189
    68 4 64 55 239 189 156 142 153 138 247 170 184 188 54 70 132 170 48
    64 157 30 106 110 33 243 221 56 199 102 226 69 237 16 181 146 147
    241 181 198 116 4 248 136 53 126 166 124 105 155 44 45 144 212 142
    115 162 99 6 187 26 133 180 171 118 192 72 43 104 139 208 38 41 220
    159 98 253 23 29 184 168 15 80 208 48 90 16 102 86 57 85 203 61 156
    163 181 144 153 255 173 132 40 242 158 35 83 87 92 180 186 78 88 201
    92 30 145 66 125 42 76 20 195 16 184 12 96 224 87 201 52 90 41 29
    234 157 138 119 252 240 88 239 46 192 154 160 188 184 200 225 188
    153 73 163 13 16 138 167 185 98 36 25 146 161 151 51 6 63 183 242 7
    115 9 221 82 209 240 75 122 197 224 225 48 253 207 209 225 32 227 74
    108 188 106 157 240 178 59 180 19 46 62 66 130 155 178 15 165 252 87
    36 31 151 247 133 172 32 252 86 224 208 184 18 26 146 120 239 22 112
    251 222 132 107 65 181 216 50 240 141 209 197 247 225 113 99 64 85
    114 144 231 6 158 54 161 32 195 69 255 37 211 99 148 102 88 51 44
    130 88 48 182 115 106 248 178 157 147 215 89 161 114 177 249 25 211
    0 229 74 164 243 96 49 137 84 254 137 87 110 57 116 68 129 35 181
    165 194 208 238 124 168 175 125 44 231 29 85 203 85 70 225 42 230
    107 23 55 38 3 211 188 22 38 60 198 227 42 153 103 66 208 169 125
    230 176 223 40 36 122 155 236 163 131 205 116 125 97 125 60 44 41
    160 96 107 16 170 178 220 25 6 207 120 19 162 156 85 86 37 159 170 9
    167 214 8 178 108 166 211 3 55 233 216 64 240 92 232 26 197 161 246
    134 82 68 196 103 211 184 36 183 223 164 117 163 166 153 212 45 101
    163 21 64 216 190 84 25 216 208 105 56 249 14 158 221 232 90 242 229
    51 67 159 170 169 16 190 17 232 137 233 168 215 159 192 170 208 115
    11 107 111 216 0 66 195 250 217 26 8 94 123 54 69 149 48 212 57 132
    111 220 224 207 71 76 145 91 20 190 58 27 220 150 132 71 185 158 16
    108 171 229 232 50 87 245 201 163 230 115 139 89 185 172 178 97 119
    142 34 250 189 221 119 216 171 41 129 107 188 121 39 225 22 52 34
    141 156 136 58 185 146 190 93 38 28 121 232 201 159 223 2 221 219
    108 131 146 102 115 113 84 119 140 60 240 7 82 219 247 48 13 249 95
    52 234 253 190 58 74 90 7 135 153 182 97 63 126 219 5 238 97 167 148
    225 242 168 56 92 117 12 218 97 220 116 142 231 45 27 201 99 155 205
    251 211 122 128 65 202 236 158 212 214 12 2 249 29 221 227 203 104
    126 3 137 57 98 84 85 141 48 44 224 112 76 242 181 2 157 248 247 37
    175 91 24 170 100 225 74 77 134 48 164 246 233 100 27 45 239 44 155
    215 73 227 254 48 251 209 228 243 171 82 108 8 196 106 202 36 169
    253 152 229 19 119 86 106 243 14 191 43 68 166 41 21 21 182 20 228
    83 210 233 38 248 217 17 249 9 146 193 171 66 38 199 42 35 17 95 176
    253 184 111 240 28 213 49 226 208 234 103 150 89 228 101 52 183 63
    10 111 181 240 226 117 70 210 43 94 96 82 146 161 171 28 132 134 255
    0 2 171 73 241 168 61 120 240 179 124 221 186 88 30 29 245 10 13 188
    66 200 70 138 39 139 206 180 112 83 145 124 245 109 214 200 91 171
    252 164 139 87 73 62 113 204 234 158 94 40 113 6 253 188 68 156 84
    112 71 80 188 39 112 95 205 86 220 78 6 243 43 155 14 203 165 249
    210 87 235 252 75 17 236 226 197 74 160 6 86 251 180 89 206 255 218
    174 197 49 42 96 12 148 239 211 69 28 209 89 17 91 153 250 66 242
    124 80 125 153 209 247 117 78 91 232 183 184 3 250 132 248 238 210
    189 67 94 162 140 119 239 91 27 85 125 219 93 131 154 125 214 219
    144 233 60 33 35 8 82 170 123 23 50 105 196 31 120 15 110 156 56 38
    158 217 198 128 110 232 222 176 222 35 138 92 31 253 105 152 193 156
    100 157 204 44 216 45 122 20 153 162 25 192 96 243 99 186 228 7 238
    141 98 117 52 30 246 55 49 212 235 157 100 133 152 68 153 113 74 246
    69 88 2 216 88 59 10 216 24 27 121 17 135 190 156 64 22 76 248 223 0
    83 49 13 118 60 54 221 66 11 85 219 19 71 110 0 111 209 40 100 127
    11 82 197 164 231 7 173 18 207 151 113 254 140 58 50 212 236 120 203
    181 100 48 143 249 116 176 52 152 50 66 216 16 191 166 242 151 83 12
    77 231 70 69 140 216 30 176 202 112 148 252 101 3 234 97 117 136 61
    245 84 133 234 171 126 6 53 134 79 189 76 15 89 139 202 230 172 253
    137 233 215 200 158 105 116 126 63 31 9 198 89 171 145 118 155 251
    228 25 197 62 94 22 207 223 139 181 189 161 165 224 218 220 147 105
    223 2 173 177 229 187 32 252 10 127 151 67 3 248 255 33 159 88 49
    131 158 86 76 45 236 197 148 42 113 42 91 179 60 6 19 86 72 44 216
    14 214 80 193 38 51 2 223 136 222 173 177 174 162 146 137 231 18 194
    89 238 47 37 131 24 37 153 51 66 58 104 29 42 239 224 236 26 214 32
    229 179 249 46 108 33 133 163 29 154 65 230 136 177 221 0 214 23 17
    20 61 171 99 147 113 206 149 156 217 207 107 225 233 238 213 117 50
    178 174 179 162 184 78 80 162 215 156 56 159 131 198 28 232 150 174
    135 142 12 45 208 49 34 34 184 179 120 124 16 193 152 37 150 122 68
    6 7 22 116 89 78 117 218 156 143 90 214 96 171 78 176 22 160 213 75
    115 160 162 243 124 119 61 150 142 125 97 23 141 144 255 164 45 104
    65 136 132 231 234 120 227 48 82 238 188 50 60 125 33 81 87 175 180
    65 89 6 243 45 57 249 144 206 245 149 160 219 152 49 222 181 178 170
    61 81 10 201 149 39 92 147 214 240 134 61 101 237 247 185 68 74 2
    164 151 108 225 37 220 118 0 72 236 122 219 130 85 88 2 35 10 88 16
    218 21 63 24 83 126 105 248 80 38 233 21 145 35 128 227 162 192 176
    190 84 163 224 1 43 79 134 60 234 205 67 115 77 162 142 80 196 87 15
    71 39 89 228 124 208 5 231 44 1 205 145 127 229 80 195 244 198 140
    249 83 220 226 67 43 223 123 244 54 237 141 73 95 175 165 95 229 74
    255 70 157 172 10 35 251 89 167 86 53 153 21 137 242 14 42 21 57 9
    233 185 62 99 56 243 160 163 30 127 93 29 180 0 222 68 140 123 183
    51 109 21 46 68 27 139 15 140 135 102 41 33 11 243 78 217 197 16 240
    156 164 32 18 195 114 30 224 33 1 35 191 169 203 65 25 66 140 68 254
    214 254 166 253 120 19 78 122 202 191 20 249 72 135 74 26 20 231 123
    213 89 120 158 152 106 2 167 227 197 100 138 86 53 71 157 103 59 198
    164 16 20 148 23 180 206 67 63 8 249 190 6 184 44 21 100 11 148 241
    96 174 84 114 173 43 161 10 194 243 160 132 170 79 154 99 179 157 72
    92 173 136 117 71 26 112 130 210 253 252 35 182 5 53 163 46 154 247
    187 132 150 225 55 44 85 199 12 171 183 189 97 48 146 233 22 78 67
    64 17 3 189 243 188 206 17 21 32 60 68 162 15 49 57 154 102 255 63
    92 64 3 236 153 91 183 174 110 85 26 99 192 195 143 77 21 242 170 44
    215 13 173 16 68 89 86 110 26 143 204 155 109 157 185 3 129 11 9 218
    170 18 41 212 92 56 23 71 221 25 20 142 115 146 28 13 118 216 211
    139 150 3 189 4 201 254 70 1 173 246 92 241 139 161 214 174 166 226
    29 40 113 67 54 96 219 55 233 245 118 67 231 15 64 22 160 230 235
    151 7 116 90 0 133 98 114 231 254 254 163 93 13 78 246 196 30 34 207
    25 153 79 170 80 253 83 29 235 28 21 28 152 162 71 37 3 138 80 135
    174 45 104 113 170 153 197 8 104 191 243 176 242 74 164 15 82 117
    140 178 74 83 52 169 47 38 155 180 220 64 121 159 163 161 24 228 188
    76 58 185 60 10 104 167 176 241 103 30 41 190 44 255 20 130 220 230
    186 87 73 165 220 34 111 120 147 106 62 3 117 126 157 90 110 116 254
    235 157 24 232 45 216 156 17 152 41 222 3 198 181 63 158 50 217 66
    97 242 184 93 35 241 166 13 242 83 69 178 107 248 246 235 135 98 235
    48 255 187 86 220 67 25 72 161 83 122 189 35 219 167 135 202 131 167
    195 248 118 196 14 71 71 113 210 22 57 200 103 51 149 97 164 184 54
    179 172 85 135 216 99 63 136 46 240 122 43 213 80 32 109 18 100 26
    41 46 50 251 73 35 126 101 25 107 32 25 120 45 65 122 35 207 6 132
    192 9 137 34 235 234 102 62 182 92 48 214 39 40 11 111 26 137 67 32
    159 182 188 185 33 9 105 84 128 236 221 213 89 100 123 178 240 71
    235 105 1 90 38 1 156 14 67 101 43 86 198 156 130 7 217 17 4 134 102
    1 191 114 31 160 15 3 247 176 110 8 204 83 131 250 231 123 234 217
    111 108 217 105 97 70 15 66 75 25 84 45 109 37 149 108 254 78 20 229
    227 174 36 183 3 3 18 39 108 41 52 213 175 129 133 119 72 16 46 141
    138 104 183 137 30 8 117 65 220 177 163 101 149 155 202 106 186 113
    79 138 41 23 106 180 213 247 79 4 170 127 85 28 20 68 186 74 117 60
    0 48 69 142 165 120 228 90 3 198 37 250 97 187 237 91 175 92 49 142
    110 92 251 84 62 45 133 95 179 74 93 192 140 206 53 190 54 55 248
    107 8 67 201 211 167 231 115 194 236 10 149 2 99 31 176 201 32 137
    226 160 6 74 85 102 17 129 114 158 244 147 205 22 11 76 241 198 44 6
    167 138 187 69 168 231 7 45 3 247 219 214 230 157 133 82 136 103 60
    97 22 131 227 178 163 56 73 233 141 165 123 208 223 107 152 27 15 7
    184 99 70 145 94 111 112 182 204 220 119 160 27 156 47 70 136 99 123
    85 105 251 214 144 245 31 91 181 16 31 170 20 44 149 117 109 172 195
    37 41 131 43 158 103 227 33 37 252 7 254 229 216 201 8 116 170 116
    149 185 59 139 79 226 230 253 110 185 254 244 148 81 241 59 227 216
    248 10 122 224 149 43 92 188 83 34 205 235 4 94 94 27 30 84 176 119
    16 21 87 187 207 118 140 33 102 112 10 28 161 55 130 187 151 125 105
    114 96 224 173 41 164 105 34 133 175 79 249 137 38 23 185 114 105 72
    84 23 118 37 98 122 134 133 251 90 6 107 29 245 174 176 61 114 139
    97 63 74 248 156 47 129 129 210 151 158 204 56 91 43 157 116 133 44
    97 96 253 77 211 149 54 227 34 56 160 142 206 122 170 36 9 253 38
    175 117 152 37 12 14 87 17 138 49 62 145 33 238 92 171 198 70 175
    192 150 202 29 48 26 110 69 76 56 33 89 75 113 25 18 32 174 177 107
    68 78 180 214 186 37 122 168 133 60 86 26 252 215 224 192 226 243
    220 220 3 128 153 194 51 229 105 53 17 144 7 150 109 3 253 232 185
    194 132 243 242 241 242 223 249 241 192 153 138 140 142 60 197 215
    249 88 90 179 103 68 115 224 214 111 57 163 211 93 207 69 222 81 151
    8 155 56 230 83 237 222 91 109 53 41 123 146 242 46 214 63 90 0 31
    222 102 29 102 46 227 159 218 48 110 113 58 226 227 219 151 25 168 1
    53 154 218 123 223 198 210 172 207 113 31 180 121 122 197 99 103 163
    133 78 222 57 130 30 60 4 62 39 65 20 105 204 21 185 252 184 97 194
    213 159 217 187 198 105 57 233 205 9 9 222 213 6 193 14 241 94 233
    22 63 142 114 8 187 171 52 193 144 23 174 93 178 120 180 3 222 101
    95 110 113 148 88 89 70 62 180 41 231 111 253 206 215 163 118 146 64
    80 160 252 20 21 19 43 182 105 203 148 228 169 98 247 239 180 243 16
    232 83 51 231 224 72 252 87 28 113 92 207 209 110 144 36 182 12 3
    207 39 218 71 216 172 208 130 124 105 211 221 63 158 107 0 127 70 3
    115 233 57 13 36 178 4 200 237 65 194 100 94 77 94 162 83 130 113 75
    55 191 181 239 133 97 189 69 230 169 74 182 11 80 217 225 234 216
    235 231 137 104 177 48 65 247 247 212 78 183 132 54 253 69 201 238
    54 164 14 176 210 103 235 42 0 11 192 93 29 27 96 204 81 135 73 69
    38 81 82 175 121 64 35 186 108 119 25 167 93 171 65 24 61 180 194 61
    240 64 215 63 202 66 121 115 120 15 47 197 231 18 84 101 224 123 167
    166 244 255 212 37 58 223 244 215 70 220 217 101 203 93 86 17 87 112
    94 51 57 254 90 133 43 46 181 95 241 153 212 83 193 109 244 52 108
    163 199 227 46 13 237 36 93 26 143 200 6 200 122 229 148 108 28 62
    141 61 13 98 184 216 63 237 1 186 170 233 123 63 233 202 105 75 133
    202 128 192 249 128 53 75 22 195 234 80 17 149 245 141 187 219 227
    249 17 245 141 165 71 194 210 22 43 143 96 157 149 11 218 118 41 149
    70 193 118 87 200 184 64 72 28 67 5 104 251 9 29 3 91 79 162 91 147
    49 113 11 3 182 160 44 109 194 127 162 101 124 71 93 154 235 84 92
    52 27 200 247 227 76 171 123 83 254 144 215 186 153 93 244 184 197
    234 147 175 15 225 102 97 89 92 1 44 129 206 30 143 220 42 123 117
    152 8 80 111 56 134 199 27 70 254 107 242 155 43 183 185 190 73 62
    229 151 201 204 244 90 95 107 132 233 135 154 70 33 56 88 47 76 35
    189 3 95 244 166 199 229 111 7 140 1 26 134 123 113 71 84 149 101
    252 130 241 170 137 98 156 209 207 30 178 71 31 167 19 151 161 210
    140 238 120 239 19 39 174 63 62 82 207 195 197 170 233 93 36 46 135
    164 173 87 13 74 96 5 140 216 158 152 251 53 157 83 184 216 200 20
    133 159 4 98 156 97 193 203 175 227 189 66 208 91 30 96 63 129 153
    215 15 159 176 252 250 26 44 170 20 103 183 124 155 159 247 46 76
    186 122 128 178 46 22 33 86 93 81 73 219 149 133 188 92 133 41 86
    147 224 165 20 125 45 14 244 63 236 237 97 111 193 210 237 163 55 81
    76 161 67 108 227 179 122 2 167 34 53 34 242 106 250 51 85 181 221
    193 168 106 27 122 202 234 167 26 52 21 122 157 128 173 202 91 178
    208 71 39 108 15 84 115 67 170 234 148 220 140 85 207 229 200 92 137
    171 158 185 80 70 57 229 40 91 29 156 116 69 134 128 118 170 9 1 169
    48 248 134 132 224 27 243 150 171 71 234 69 233 208 83 50 60 137 51
    198 210 56 167 194 130 110 98 113 149 200 84 93 247 226 127 145 239
    160 14 161 248 160 183 162 128 62 162 215 20 31 204 41 174 131 4 105
    79 134 115 249 99 44 187 102 234 178 188 43 243 61 196 201 44 6 214
    150 21 83 59 145 211 12 226 249 131 135 140 74 216 207 114 117 36 63
    79 171 114 177 67 50 102 52 113 229 253 131 135 163 68 121 23 61 35
    206 31 205 65 116 208 45 107 71 2 194 211 115 119 221 11 94 132 125
    182 123 1 187 89 134 103 28 9 104 62 34 248 221 109 230 19 131 94
    126 245 244 129 5 179 41 164 147 104 28 238 240 249 234 12 203 13
    204 72 226 223 201 218 145 216 172 236 223 69 89 174 156 3 229 116
    52 31 205 205 28 33 59 220 107 202 146 133 2 25 232 73 249 6 194 61
    170 181 56 169 9 24 49 43 195 65 134 242 177 59 140 165 124 228 76
    198 58 184 105 118 64 55 241 200 204 164 93 45 152 194 114 237 46 85
    34 247 105 21 220 90 174 228 93 149 218 236 7 84 241 127 101 99 83
    174 60 104 158 216 152 56 79 40 180 21 114 53 243 46 60 19 69 143 34
    48 110 88 99 107 55 100 211 30 207 3 175 77 30 158 36 77 252 142 74
    113 224 156 7 221 113 8 243 156 197 33 231 127 103 205 195 32 26 111
    117 208 220 48 185 53 197 93 106 167 99 141 254 203 166 77 84 190 4
    86 253 186 194 179 181 9 152 195 174 135 141 217 73 78 125 236 73 67
    25 129 5 206 76 252 138 107 23 151 123 113 31 17 52 25 230 123 84
    203 34 119 65 3 207 253 42 120 222 48 238 82 158 41 93 229 54 2 9
    155 22 3 234 67 51 190 22 207 216 170 217 90 104 131 139 205 72 182
    245 105 247 2 33 140 178 231 248 166 41 144 3 196 232 244 228 220
    109 69 211 238 80 92 33 140 197 88 72 127 140 170 133 43 131 103 14
    120 17 248 8 206 238 241 226 124 135 49 202 133 207 234 96 220 149
    57 69 233 102 83 88 59 13 134 2 178 255 133 175 188 79 94 12 238 22
    254 93 137 92 91 47 117 4 55 7 5 167 150 45 216 138 179 3 243 47 18
    43 157 177 164 239 184 239 133 4 126 103 154 31 221 163 114 126 29
    69 225 207 1 72 72 209 218 230 127 154 6 42 221 73 31 31 48 39 237
    190 43 28 105 110 222 190 185 69 139 120 196 1 5 171 28 162 1 98 51
    91 124 32 91 34 183 148 19 12 86 93 160 13 235 220 59 224 85 60 209
    251 208 189 221 202 124 230 113 215 199 255 209 19 112 162 2 135 130
    0 180 215 81 70 36 156 103 219 182 183 122 52 192 65 99 220 249 177
    113 95 28 248 65 140 105 75 248 136 244 47 182 45 174 174 135 239
    197 236 255 140 249 46 81 127 161 247 87 174 7 27 72 56 67 38 14 45
    82 49 106 196 46 128 23 124 178 77 70 201 235 92 238 19 158 115 65
    62 143 119 122 85 200 202 148 227 215 17 87 104 129 85 230 71 30 105
    253 73 129 165 167 23 220 41 12 188 85 250 189 144 157 254 127 200
    100 138 117 161 161 183 37 116 191 71 173 228 145 246 37 18 72 49 69
    103 10 10 20 189 28 220 68 175 230 167 13 124 248 155 6 236 177 241
    230 224 242 187 236 239 111 87 147 118 125 21 139 145 184 70 125 77
    138 177 168 173 181 217 89 177 194 235 164 64 53 48 86 238 14 39 189
    23 170 114 14 39 54 87 195 27 219 244 132 140 218 93 179 108 205 144
    54 109 31 156 252 1 43 253 198 161 219 185 47 61 94 199 130 90 35
    134 172 119 180 224 254 166 187 38 51 55 81 23 239 65 161 116 209
    115 57 195 215 113 144 65 67 150 227 116 208 241 16 182 235 76 182
    29 11 97 64 239 77 1 144 228 107 111 21 112 78 212 229 155 159 249
    246 51 193 124 124 151 62 162 254 236 132 107 216 74 174 154 85 217
    43 133 143 129 172 146 112 208 43 92 21 227 28 229 47 66 126 178 145
    121 68 124 232 84 117 101 194 35 4 116 245 52 30 65 29 141 116 10 16
    29 104 140 14 210 97 112 164 62 167 1 115 117 24 117 249 124 71 89
    211 220 242 140 113 149 98 131 162 181 33 9 49 179 124 53 113 213
    248 103 75 122 239 124 41 149 237 162 87 156 52 36 102 64 235 33 101
    228 77 25 89 71 29 74 177 237 44 23 233 114 26 134 99 219 72 141 147
    174 23 25 221 58 158 10 74 235 169 71 246 184 34 36 22 182 234 240
    144 52 10 112 252 196 200 171 159 198 174 96 232 70 89 237 228 189
    193 92 100 216 69 13 110 199 247 1 64 71 190 150 111 14 165 3 129 37
    134 160 13 39 6 92 244 64 52 201 122 164 113 198 99 11 46 32 242 244
    255 133 68 186 123 14 199 181 138 162 69 129 187 143 207 90 234 101
    17 213 151 8 189 41 87 87 123 239 99 132 122 252 122 61 147 162 216
    200 97 144 32 69 76 191 189 141 152 134 32 225 201 243 44 72 87 129
    206 196 141 29 124 238 195 118 210 236 13 86 102 173 249 233 31 4 92
    129 39 245 180 145 53 212 233 69 119 42 137 70 209 130 220 203 88 71
    9 43 77 234 75 217 14 147 65 67 70 129 151 143 90 76 91 20 150 28
    124 159 43 156 142 166 157 115 51 89 244 159 222 142 180 137 25 192
    11 8 23 47 111 223 255 27 4 160 97 189 104 155 212 130 94 193 164 10
    41 67 55 70 151 184 138 102 185 134 13 160 219 148 151 62 81 61 150
    117 227 15 54 125 187 16 37 15 113 88 91 172 154 207 67 89 218 212
    247 163 218 105 52 39 36 32 162 168 4 169 163 55 110 246 67 146 213
    124 250 105 92 77 80 160 43 128 118 225 103 31 60 112 147 174 121
    255 97 179 70 212 176 167 189 182 44 170 106 13 138 163 2 248 175
    104 81 177 220 186 58 164 164 37 165 232 106 115 159 182 64 23 140
    196 51 88 78 68 8 140 80 210 118 95 129 213 115 119 244 248 104 85
    21 224 65 6 223 182 56 136 108 191 225 79 8 234 132 171 54 181 32
    191 228 48 248 171 114 23 13 84 109 4 101 52 182 209 252 28 135 104
    146 5 221 98 121 115 20 138 195 229 25 80 239 98 192 29 72 54 68 190
    130 180 57 8 15 132 142 183 214 229 77 88 96 63 150 36 189 237 161
    118 232 252 64 254 29 215 121 128 126 135 163 33 1 221 96 114 142
    196 29 105 187 191 8 252 181 171 112 247 119 149 191 202 114 70 132
    2 214 162 18 203 33 226 205 136 47 238 136 89 126 205 175 29 0 147
    42 30 210 102 76 238 193 240 173 181 35 15 122 123 177 157 105 88 99
    109 103 10 212 195 112 144 186 103 101 219 154 252 233 11 86 251 121
    34 67 179 173 186 116 158 7 158 40 139 37 50 20 106 94 18 59 170 66
    230 104 122 196 228 117 152 228 169 2 47 133 196 193 32 159 84 226
    152 242 157 117 122 70 222 123 39 17 4 198 107 192 129 199 103 221
    212 186 139 147 191 163 148 253 235 39 54 70 126 56 73 32 22 200 204
    206 24 64 25 242 43 95 55 7 166 192 80 176 25 38 129 93 176 10 232
    219 189 190 46 207 234 199 88 9 148 226 69 94 234 103 214 224 78 152
    144 80 118 125 197 245 232 142 101 119 73 121 167 201 122 234 48 169
    125 130 40 46 135 183 223 80 131 12 178 203 64 230 116 26 62 170 226
    172 123 108 154 119 100 49 231 229 69 208 184 222 97 182 174 35 51
    210 51 167 121 5 119 215 203 155 174 164 225 61 247 196 101 91 167
    32 240 233 188 19 188 41 147 5 25 59 75 153 199 235 89 221 215 0 81
    206 146 24 12 182 69 250 248 13 232 64 6 244 48 233 252 185 178 38
    129 225 12 104 43 107 251 167 143 14 191 54 68 6 46 198 245 46 11 42
    163 60 17 158 224 165 1 212 226 240 157 86 242 229 134 123 48 5 190
    88 159 8 7 50 85 225 202 41 194 223 126 19 247 166 193 252 45 199
    210 52 242 93 111 36 183 134 117 63 169 240 13 128 148 82 189 147
    228 171 237 42 167 223 33 83 36 49 138 84 145 61 224 6 252 72 59 237
    84 61 57 78 90 13 172 142 71 37 227 224 62 234 28 31 112 219 12 245
    115 153 24 42 10 153 59 65 99 25 203 26 7 42 95 253 54 188 172 236
    67 41 133 162 5 118 39 205 208 200 2 199 137 78 229 139 145 5 7 241
    76 18 197 127 86 150 52 62 4 174 65 143 205 176 42 238 43 72 104 117
    154 198 132 59 4 104 189 45 65 249 82 187 156 175 251 226 114 243
    200 63 84 158 40 105 64 34 87 101 143 121 95 123 106 141 51 146 32
    142 108 154 126 17 218 138 16 207 9 181 244 232 10 217 22 55 222 155
    157 27 15 175 35 169 13 41 144 31 80 20 185 81 149 51 97 98 169 42
    169 199 141 139 24 207 181 75 61 70 108 2 10 53 210 161 4 110 136 92
    223 140 199 239 169 209 225 149 241 58 2 104 21 96 136 119 181 201
    130 202 244 149 145 236 119 15 26 150 68 60 176 236 31 16 123 172
    136 243 48 57 242 7 209 127 140 122 64 112 14 19 79 150 143 106 193
    32 168 72 182 102 16 74 83 66 155 25 111 234 245 12 180 212 105 237
    171 91 65 248 160 4 79 22 47 215 252 129 101 167 74 109 234 184 142
    171 245 24 167 128 51 118 213 199 16 18 91 86 249 41 67 75 12 138
    223 201 198 187 13 55 148 113 163 63 94 155 29 58 139 131 21 66 182
    246 69 38 103 57 3 212 12 84 201 148 228 138 233 199 111 121 57 190
    179 105 97 212 94 33 50 27 53 156 241 134 65 229 66 152 135 144 31
    183 187 91 255 72 238 209 11 7 63 177 0 89 119 123 232 107 245 140
    107 31 35 48 165 66 139 98 38 91 127 33 113 144 34 45 4 3 128 69 13
    83 235 1 210 125 231 95 80 146 61 173 21 168 172 114 188 58 232 156
    7 167 64 243 6 14 255 251 15 187 191 169 110 150 226 75 94 47 180
    208 133 127 19 215 42 165 48 245 46 214 171 137 161 253 159 7 84 185
    116 19 79 154 75 233 223 120 239 237 14 247 52 144 160 247 200 96
    105 144 211 251 227 229 205 70 65 18 2 211 78 216 203 197 223 221
    108 38 242 90 189 251 12 30 98 6 144 149 133 42 90 41 175 166 186 91
    55 198 234 120 11 139 79 236 1 16 215 82 188 148 253 52 211 93 5 45
    60 10 206 135 249 242 109 204 226 2 58 8 91 164 60 45 207 216 76 218
    186 119 167 77 170 26 78 70 226 62 128 126 20 237 30 55 51 142 123
    79 153 226 209 126 227 100 142 103 25 116 107 83 209 201 170 254 89
    117 11 114 138 130 175 242 3 206 227 152 168 82 164 151 89 189 252
    35 168 140 12 137 29 55 32 181 128 117 155 181 100 37 167 208 64 179
    180 141 148 86 118 81 185 193 240 41 189 235 215 241 134 234 199 54
    78 9 0 229 162 194 234 4 242 252 94 174 174 27 218 63 172 144 34 224
    233 68 139 151 120 199 198 77 89 163 99 210 184 159 98 118 88 3 235
    29 61 4 238 146 8 213 245 8 214 95 111 38 179 222 195 128 28 85 24
    34 218 200 158 76 37 42 150 36 189 191 145 1 82 28 213 215 108 102
    250 65 153 168 67 15 89 170 121 184 92 101 85 116 237 19 16 86 121
    246 119 132 72 78 60 196 90 234 205 128 28 248 28 68 161 228 223 136
    32 31 213 107 201 96 247 206 43 172 31 178 99 63 25 4 93 140 151 26
    215 235 15 76 245 192 133 140 98 138 229 84 9 172 221 155 190 150
    186 48 239 179 124 207 35 71 134 83 163 126 146 99 164 190 205 237
    168 112 173 5 225 144 73 171 206 24 199 200 196 79 42 39 92 128 110
    40 111 71 147 44 133 198 230 245 226 230 189 183 17 222 198 77 39
    182 1 194 174 27 135 36 188 16 239 200 138 73 127 174 43 150 56 150
    193 2 20 6 15 194 3 49 136 69 199 173 49 22 172 229 138 227 224 27
    24 213 116 156 127 94 233 22 173 185 161 5 153 231 233 34 212 71 208
    13 182 7 241 68 75 224 148 42 99 85 221 89 67 99 82 47 146 116 60 98
    114 139 66 133 67 108 215 16 163 153 254 4 199 229 205 110 50 208
    183 76 22 94 114 44 119 63 169 184 34 76 138 187 230 205 71 46 84
    102 228 196 82 128 11 192 182 188 46 182 140 114 210 171 68 0 163
    153 227 184 210 160 173 244 147 194 241 106 237 59 34 227 159 173
    138 219 143 172 241 210 216 190 65 135 176 86 21 185 67 161 212 211
    115 181 162 203 254 254 61 189 134 59 2 244 186 15 152 146 225 31
    106 131 41 221 255 138 113 215 11 5 104 102 96 202 163 240 218 39
    151 238 248 29 81 174 204 149 39 181 103 124 183 136 247 228 74 97
    54 17 213 232 253 50 157 104 17 228 230 102 56 172 216 76 194 137
    161 208 119 85 216 191 145 129 25 66 235 53 210 134 140 15 254 187
    151 197 32 142 54 200 38 216 147 164 13 144 221 93 245 160 39 4 246
    233 27 204 229 176 34 172 109 12 12 74 194 221 5 219 58 177 136 157
    69 68 138 165 248 198 139 45 229 156 246 172 183 95 212 192 190 61
    18 39 3 95 55 206 142 164 84 153 117 16 128 144 34 218 216 36 177
    130 81 119 218 192 3 244 87 88 20 21 141 38 254 162 64 246 249 207
    114 239 204 1 252 21 86 121 240 73 160 146 204 35 148 222 196 223 4
    249 230 40 204 101 76 236 222 191 55 155 129 221 38 204 174 250 112
    18 237 71 37 112 11 122 122 41 171 231 111 25 25 25 68 24 201 90 47
    198 79 65 244 52 92 12 108 225 117 203 253 244 87 174 251 251 188
    250 59 73 169 180 236 214 152 166 183 99 90 208 107 250 173 139 161
    80 3 207 188 137 97 181 91 141 21 156 41 29 202 15 59 133 158 67 103
    186 139 242 66 108 118 107 96 43 239 125 88 38 243 125 9 104 26 29
    16 72 157 37 43 202 43 163 191 52 243 219 54 191 33 70 39 107 215
    253 50 83 117 163 249 31 55 161 111 172 77 82 63 251 93 212 118 205
    37 208 74 73 232 109 195 163 120 162 77 12 156 159 50 91 90 209 5
    151 224 154 197 51 107 180 47 32 224 172 43 245 184 143 229 33 66
    201 146 165 106 42 173 211 73 216 207 252 114 216 253 255 239 124
    212 211 134 154 171 177 130 39 218 241 189 12 21 37 233 206 201 187
    248 194 50 40 114 133 131 36 96 109 199 183 132 217 30 91 74 62 5
    151 116 127 221 73 151 79 239 218 116 94 234 62 58 151 136 138 201
    245 25 224 143 244 221 133 199 125 192 160 26 9 242 245 108 176 65
    62 192 6 222 206 169 144 231 214 207 80 46 12 91 191 101 158 243 140
    46 212 47 68 186 251 236 120 247 250 127 195 156 215 25 161 88 35 92
    54 255 85 37 80 232 176 46 248 144 164 12 87 130 204 60 58 74 16 222
    97 128 146 168 157 74 148 164 197 74 192 222 36 131 128 238 86 123
    153 1 77 160 34 252 225 30 216 73 37 49 65 252 29 225 67 72 96 159
    117 133 126 0 238 49 229 188 233 173 79 221 243 179 225 176 50 253
    208 184 65 172 232 116 193 21 235 154 230 213 117 186 216 101 38 228
    201 212 218 199 58 187 138 97 147 56 230 122 255 154 162 135 248 31
    57 210 84 67 39 239 163 129 25 68 199 89 39 61 252 8 68 189 40 17
    115 69 59 233 129 230 28 152 34 15 47 178 151 102 144 101 19 28 67 3
    245 122 164 199 139 94 110 5 66 56 173 146 110 252 7 133 43 134 60
    134 167 139 213 211 83 232 157 131 9 127 219 150 50 1 140 65 102 95
    134 1 245 7 206 143 165 155 229 153 125 22 55 127 181 193 216 123
    161 109 72 40 51 49 241 255 154 200 15 240 12 107 72 1 144 141 248
    238 165 176 34 204 51 170 1 156 161 133 99 205 239 184 119 244 189
    234 45 171 148 197 37 59 182 209 76 144 177 207 62 125 205 181 66 79
    31 61 208 179 105 160 66 237 31 32 216 232 203 136 145 130 81 223 85
    149 3 93 67 246 92 245 38 8 141 101 218 210 241 64 104 79 28 132 246
    170 98 165 156 242 157 128 250 86 194 143 108 239 120 217 235 250 75
    90 4 175 184 35 222 88 113 26 125 20 17 239 24 126 254 45 122 242
    111 102 88 148 196 83 132 163 9 112 166 156 83 137 155 100 87 124
    131 223 161 22 49 215 146 221 8 198 245 243 162 241 3 230 9 150 9
    214 100 29 169 148 107 26 35 32 201 12 20 141 132 49 91 64 14 86 0
    96 219 13 37 221 36 84 203 229 128 220 201 6 116 252 125 118 114 244
    173 224 220 5 73 23 34 117 34 145 252 58 151 216 241 18 121 34 145
    18 101 30 38 160 61 113 26 100 42 152 34 180 147 150 154 237 90 216
    31 53 90 216 119 184 127 66 3 47 105 124 250 48 131 67 83 75 59 21
    24 217 86 245 182 117 215 236 180 220 162 200 183 153 173 103 168 57
    210 13 79 17 100 43 6 78 114 60 106 13 49 190 61 55 206 157 7 92 220
    81 150 37 242 112 233 55 74 237 204 213 98 224 50 229 216 31 52 152
    0 208 195 14 144 78 174 16 7 27 242 242 186 192 206 156 4 39 248 157
    104 48 211 52 11 159 191 254 187 34 236 12 23 98 181 125 168 174 53
    134 219 161 226 53 227 63 124 62 73 44 173 82 126 204 114 13 109 242
    190 158 208 41 19 89 97 91 11 72 121 179 7 0 235 164 88 163 243 201
    25 231 67 46 78 185 2 236 136 163 211 156 205 14 215 219 47 182 166
    149 38 16 183 131 230 225 221 74 163 185 90 162 198 197 11 77 181 98
    27 169 94 85 127 31 117 22 27 20 206 37 133 144 46 225 189 43 25 91
    246 169 197 0 108 182 83 244 207 145 36 112 238 86 175 220 239 160
    200 206 19 55 228 162 5 15 105 92 187 239 25 101 118 86 90 123 88 43
    11 186 38 200 120 248 50 102 225 47 179 219 147 144 253 3 56 123 9 8
    49 25 172 145 185 27 81 241 86 106 173 98 137 188 17 80 56 198 1 122
    44 104 38 201 97 3 237 110 250 167 126 141 72 80 255 115 115 182 242
    78 249 167 210 176 191 135 5 58 111 5 47 131 166 220 132 101 18 217
    148 244 109 73 162 91 204 198 187 237 125 143 70 204 166 183 138 146
    226 77 97 38 146 27 164 201 242 77 56 181 142 137 110 60 6 180 48 53
    19 102 153 65 180 175 184 156 11 82 18 104 185 45 32 151 122 216 98
    54 114 58 38 98 136 151 227 164 79 217 34 222 174 88 188 201 212 131
    225 241 150 139 150 61 165 209 84 52 140 22 183 131 174 37 18 82 167
    189 211 142 62 228 75 58 131 97 253 101 117 108 96 24 217 50 103 169
    180 89 188 89 57 8 158 111 50 12 102 14 254 138 62 227 107 20 170 98
    34 8 60 43 35 169 136 55 191 0 73 182 109 8 255 198 119 86 207 193
    143 187 202 16 91 121 149 122 164 124 114 173 45 114 231 15 200 183
    118 121 136 172 89 177 142 106 122 70 94 220 233 140 74 0 213 128
    112 18 74 178 234 70 132 34 53 42 17 81 173 213 129 170 59 243 227
    90 56 80 212 92 20 31 60 17 168 156 78 76 34 153 181 191 244 45 173
    160 188 139 124 168 164 182 250 221 155 237 42 22 145 16 247 239 252
    203 60 140 135 46 249 56 26 165 240 89 116 1 229 155 125 79 69 185
    245 228 97 73 79 181 81 29 95 163 232 43 206 136 19 7 141 63 241 57
    149 175 143 209 43 137 94 134 53 18 137 3 52 15 189 122 197 93 125 9
    111 99 169 60 179 155 150 233 120 107 248 81 244 87 79 218 125 191
    165 138 18 189 252 142 163 62 222 208 11 186 172 247 155 137 241 179
    156 248 247 100 117 149 182 211 127 78 162 98 150 122 64 197 1 116
    124 126 249 56 63 85 171 102 111 127 105 126 205 77 71 4 84 209 231
    245 218 203 211 40 124 186 54 201 62 134 92 50 100 15 232 155 53 96
    118 175 103 170 14 62 61 156 247 121 20 68 72 76 66 119 88 132 211
    19 202 244 190 215 210 126 15 71 205 146 138 59 44 158 138 231 17 46
    38 109 149 253 4 182 18 138 197 51 2 66 12 133 122 137 179 80 51 94
    56 27 148 79 112 193 112 176 250 12 241 230 42 27 14 74 225 0 87 152
    58 12 236 15 119 233 242 173 190 192 127 135 170 101 247 217 56 6 54
    104 226 136 169 145 119 226 58 69 84 43 106 10 242 92 181 195 149
    165 174 33 53 62 78 176 125 116 209 236 155 87 245 173 17 233 64 73
    54 109 138 114 53 43 247 120 63 165 122 184 241 54 128 202 12 214
    116 46 151 89 169 16 252 148 120 165 193 116 127 242 142 251 21 23
    214 65 61 202 101 87 231 48 10 228 205 125 232 254 28 135 80 72 204
    114 121 78 167 74 119 46 251 148 185 101 117 244 176 188 235 195 226
    176 139 173 110 48 119 2 44 186 190 83 236 92 170 122 232 101 224
    123 118 28 56 233 122 205 92 152 95 79 68 122 141 119 125 85 131 165
    101 86 226 214 29 165 155 167 169 34 114 71 180 253 251 207 86 199
    136 167 156 168 71 152 173 230 218 233 165 9 0 186 65 38 28 98 218
    184 65 206 117 22 215 133 157 220 227 14 154 214 163 151 146 93 186
    86 149 97 113 127 226 114 239 130 145 71 251 103 138 65 37 208 201
    25 152 191 9 94 56 40 227 240 146 244 101 194 194 183 21 143 206 26
    42 226 195 45 117 209 113 252 147 133 158 240 83 213 210 239 190 147
    125 183 191 223 91 15 123 176 13 235 28 68 242 30 93 243 160 172 53
    212 75 22 57 115 120 106 23 134 233 101 90 46 226 248 79 19 188 43
    240 10 154 170 73 68 184 151 91 94 1 91 192 243 15 9 116 161 98 218
    24 221 159 208 26 138 108 117 65 249 89 134 119 24 197 203 59 103
    186 253 87 61 82 84 112 113 99 111 169 74 21 139 15 48 79 46 246 189
    61 81 146 187 81 73 90 183 112 96 180 76 142 241 179 173 9 21 197
    171 215 161 125 122 187 235 248 32 101 143 175 46 83 247 35 249 107
    100 191 22 3 213 60 55 77 134 140 24 180 161 240 9 61 108 18 14 231
    235 11 8 220 224 47 208 43 103 197 35 214 150 18 146 185 189 104 118
    111 33 163 151 183 4 113 55 89 136 81 227 78 245 147 100 36 4 70 240
    94 82 186 188 222 227 66 171 85 251 96 105 201 228 249 118 247 181
    227 180 207 43 108 163 98 37 133 54 29 157 63 96 53 214 63 83 42 82
    181 92 18 232 235 246 201 162 74 198 64 195 198 82 72 199 78 230 230
    172 33 145 134 10 29 237 42 202 234 113 183 251 158 149 217 66 14
    252 85 151 230 152 26 2 223 175 133 97 49 101 39 212 234 142 76 67
    241 196 146 229 189 184 118 234 26 85 54 127 232 113 203 255 23 77
    115 238 69 84 6 32 1 183 11 47 160 152 135 126 158 213 80 30 89 34
    89 142 10 147 16 209 171 52 2 253 21 2 69 37 69 252 3 245 29 158 213
    45 74 235 56 85 94 25 223 26 150 149 76 244 187 161 207 98 147 80
    147 9 191 154 232 243 121 253 55 161 61 108 130 120 22 250 76 124
    111 118 254 239 163 230 151 237 145 250 246 152 101 216 160 132 164
    165 39 15 239 140 147 16 108 23 199 250 120 185 124 61 100 157 79
    122 16 223 53 104 2 80 233 194 190 227 153 220 192 167 217 249 87
    129 139 12 34 106 41 127 208 139 49 22 84 129 128 106 129 7 58 36 39
    10 49 19 23 170 145 33 58 204 188 218 223 212 45 33 164 156 26 68
    190 39 38 128 16 172 168 220 23 154 85 45 118 243 145 233 125 75 218
    246 3 131 250 157 120 223 144 33 96 239 205 45 224 33 202 118 11 202
    137 81 242 95 106 76 163 1 226 122 14 18 173 204 74 125 89 101 40
    218 162 220 43 199 217 106 116 205 16 230 104 80 69 211 60 154 126
    119 8 176 58 130 29 52 54 78 125 89 177 109 247 181 35 72 108 152
    235 26 50 45 174 145 1 0 177 181 11 49 110 17 73 160 42 181 57 142
    132 202 20 192 226 19 136 203 113 224 226 33 232 175 213 136 111 196
    83 38 69 125 62 72 111 55 8 206 4 132 33 172 150 173 35 212 151 224
    90 196 233 65 71 43 1 86 5 238 43 126 174 168 100 169 0 173 85 24
    183 54 131 76 62 238 234 145 81 87 195 136 58 116 212 100 214 17 36
    104 63 60 191 25 232 113 66 54 115 205 180 177 46 77 110 8 18 245
    204 54 225 121 98 46 215 228 125 16 166 247 77 26 137 233 168 255
    159 37 34 153 236 228 237 113 80 52 101 253 131 166 89 215 187 242
    218 236 253 247 68 161 139 71 138 253 8 75 169 64 189 194 117 43 192
    181 31 128 242 48 235 40 229 240 233 132 18 241 84 241 15 235 220
    138 100 6 63 38 182 81 51 215 155 25 123 209 24 241 137 15 21 210
    170 83 87 206 38 110 82 231 218 175 66 157 0 78 147 69 156 150 106
    121 211 35 68 106 89 81 46 47 16 235 55 101 21 236 198 26 117 147 99
    204 150 87 172 57 73 128 183 138 109 122 171 227 91 12 98 116 111 42
    199 133 118 98 93 169 124 139 125 199 187 205 152 111 129 94 255 253
    30 61 124 83 213 68 45 95 103 22 195 210 170 32 237 84 228 49 28 139
    195 221 219 207 180 212 59 39 99 97 116 45 212 195 157 205 217 161
    36 200 142 252 207 207 200 210 209 5 15 133 114 199 171 180 67 96
    236 130 0 209 37 206 19 146 66 155 69 187 171 241 167 238 170 94 179
    27 107 58 225 85 191 72 149 151 180 40 63 233 226 89 127 128 10 217
    136 53 133 136 88 153 215 151 229 222 195 207 76 185 114 34 123 210
    80 185 223 116 58 148 50 252 15 228 231 132 50 39 129 122 95 107 99
    81 220 97 148 139 144 93 180 89 241 165 4 79 37 159 166 135 234 151
    200 10 204 109 182 148 172 44 63 11 131 207 71 13 75 192 50 78 196
    94 174 181 174 6 134 5 205 116 209 240 153 11 40 196 214 40 58 34 87
    183 241 238 131 159 241 86 167 55 18 231 38 91 164 224 70 30 24 116
    100 24 183 249 21 188 197 224 29 172 199 210 245 37 118 192 253 217
    251 176 48 119 8 199 128 5 220 140 140 50 58 178 112 35 222 16 158
    52 198 117 178 135 84 83 68 79 202 56 39 234 24 39 18 71 49 200 203
    141 192 243 90 89 113 75 145 47 128 225 78 107 62 215 233 94 205 94
    176 147 202 3 10 66 69 177 200 161 97 169 105 166 127 155 98 160 110
    192 156 83 64 75 35 105 215 62 79 151 168 210 66 179 122 110 37 10
    145 242 105 244 236 45 107 163 214 54 9 175 114 49 179 211 143 72
    233 213 124 37 167 194 77 96 249 102 195 168 176 125 30 21 2 14 195
    175 131 22 2 195 175 4 119 137 154 42 161 209 6 142 248 180 68 231
    99 191 108 237 143 149 227 53 156 71 39 90 214 240 223 169 70 138
    248 40 224 121 35 51 184 77 95 221 196 56 166 18 11 39 89 177 139
    108 95 189 205 69 227 86 232 85 245 197 58 194 39 212 114 179 230
    101 121 36 49 153 195 240 157 145 79 90 209 128 135 35 192 76 30 77
    98 80 145 192 120 124 169 186 209 184 5 114 171 115 35 83 62 108 196
    130 93 34 105 21 108 248 22 138 170 158 78 30 96 98 44 216 135 162
    202 238 32 20 158 73 243 150 100 221 95 60 126 97 89 92 88 90 191
    116 155 3 159 100 213 92 246 232 223 244 131 241 101 38 163 163 19
    49 71 177 101 213 29 143 151 65 116 40 86 75 217 128 41 215 3 18 232
    170 100 88 106 147 150 66 173 40 177 33 98 217 203 174 221 90 209 56
    3 198 52 76 165 198 120 60 189 143 10 22 240 173 38 164 191 75 54
    194 252 239 152 224 184 131 32 214 51 18 73 116 112 243 21 127 250
    102 83 77 42 111 215 72 215 134 185 126 73 38 240 111 41 213 9 221
    24 139 116 9 95 248 151 193 204 174 136 133 223 223 222 114 88 117
    166 78 154 247 237 1 22 245 54 133 8 23 54 23 205 55 43 191 156 154
    57 152 190 145 207 30 69 170 215 250 226 11 33 16 229 229 191 56 213
    139 101 232 53 201 125 81 110 69 32 145 179 72 52 27 87 66 240 32 56
    159 212 232 82 200 153 224 216 41 111 220 60 193 122 255 132 5 12
    247 102 112 212 127 221 166 110 142 65 111 50 255 133 241 27 92 29
    234 176 166 158 60 231 251 254 32 0 224 1 230 139 239 177 245 223
    224 213 226 156 59 115 223 84 4 233 241 213 156 33 217 114 33 247 85
    169 183 50 107 20 57 245 10 168 163 134 22 114 162 132 3 216 112 230
    237 206 76 53 113 28 207 44 102 106 149 131 215 85 137 22 38 211 17
    229 40 145 142 179 30 32 174 124 88 109 185 218 163 219 22 226 139
    103 11 117 76 236 239 249 93 166 244 195 72 198 37 63 255 28 229 92
    198 249 38 163 37 72 236 19 32 72 114 94 255 5 141 181 126 241 42
    126 172 186 32 183 11 166 36 218 43 202 238 231 242 10 161 163 204
    196 252 173 130 26 219 56 62 66 133 18 5 230 54 214 83 153 73 30 117
    79 82 152 239 37 27 203 126 92 65 224 237 237 72 161 180 202 165 127
    222 28 144 248 57 50 53 23 210 40 144 255 237 21 154 77 38 113 165
    147 171 153 210 178 32 246 232 117 32 73 144 241 161 27 33 173 23
    238 216 63 203 34 24 234 170 210 68 240 217 80 255 106 115 61 162
    240 10 180 40 19 241 166 5 101 66 229 170 193 198 247 137 100 207
    193 188 205 247 43 194 163 114 9 225 93 47 27 76 19 176 124 22 195
    103 112 31 147 210 79 57 22 192 54 116 171 135 105 131 50 62 93 109
    49 137 110 146 108 183 123 28 250 68 87 70 236 70 58 196 186 254 253
    139 58 236 124 79 179 96 66 68 85 179 30 215 189 20 169 2 228 231
    189 128 163 175 200 107 141 190 183 111 190 18 22 81 117 223 51 205
    135 111 221 183 230 159 253 209 167 59 164 36 21 155 54 51 52 90 206
    195 132 54 103 55 19 144 121 28 100 174 221 49 105 76 82 147 227 176
    245 74 35 230 185 239 48 25 144 20 80 254 165 34 242 142 117 181 18
    142 6 76 80 83 151 151 200 93 138 187 104 35 228 60 133 20 15 199 50
    82 77 187 141 113 36 163 160 62 170 182 86 5 114 0 152 158 208 109
    87 139 81 63 220 96 248 254 36 137 179 54 1 7 40 40 62 33 144 242
    151 254 174 155 105 6 171 155 8 238 247 26 214 157 168 217 102 200
    112 247 150 131 18 60 123 172 120 35 20 29 240 225 74 142 241 88 143
    186 196 114 73 158 69 87 101 105 48 112 46 58 34 55 55 189 242 177
    67 120 167 224 127 210 24 183 151 50 122 111 195 192 12 9 212 235 33
    13 169 202 120 19 125 98 106 29 120 6 227 177 168 0 109 178 132 248
    90 181 165 135 42 249 190 35 150 23 177 196 16 201 157 107 38 77 151
    242 186 53 116 49 23 171 85 51 174 102 32 181 123 0 147 161 82 210
    214 30 91 87 150 22 26 89 244 77 204 163 32 141 174 220 86 216 27
    121 104 114 233 226 88 166 101 129 129 221 254 104 67 13 215 161 138
    83 213 13 198 8 138 229 131 255 236 94 99 50 229 3 114 89 218 115 45
    148 243 109 246 102 60 253 162 88 86 81 232 83 21 71 165 200 63 187
    122 232 158 120 71 106 182 69 194 106 170 168 101 43 73 247 142 155
    13 30 67 26 110 55 74 143 22 58 223 153 65 39 140 124 70 5 221 70
    112 227 172 210 74 219 252 211 69 213 47 132 95 117 228 202 58 100
    224 176 175 230 139 78 149 220 66 36 29 55 192 50 78 30 31 28 96 31
    88 88 165 117 120 91 180 165 121 73 8 109 212 105 51 100 174 36 214
    160 188 86 137 16 205 93 35 214 58 21 36 200 174 138 139 254 171 55
    251 90 216 130 66 6 100 137 148 194 115 5 157 192 107 194 58 187 158
    199 151 68 105 46 145 69 95 112 249 66 80 255 9 7 72 35 194 185 84
    166 197 202 25 12 217 93 50 210 240 144 101 12 1 80 233 185 61 249
    81 49 58 97 225 194 248 188</data></test_img>
<my_img type_id="opencv-matrix">
  <rows>100</rows>
  <cols>100</cols>
  <dt>"3u"</dt>
  <data>
    255 180 62 123 251 121 64 255 255 28 188 10 130 255 87 75 51 82 255
    113 61 239 123 255 255 64 169 255 181 139 255 255 255 255 112 245
    255 68 15 231 50 79 102 4 18 255 93 217 255 255 182 90 0 78 61 27
    153 226 255 183 120 248 238 231 77 255 255 45 33 100 34 255 255 23
    252 248 101 190 230 82 75 48 164 246 16 103 255 33 229 255 255 56
    148 255 173 255 255 141 246 255 102 252 255 2 185 20 255 55 26 225 1
    255 98 53 171 206 174 25 128 37 148 45 0 210 8 55 131 83 255 97 177
    247 159 191 160 187 20 223 255 96 64 255 100 141 255 161 51 23 255
    245 123 98 255 157 248 255 195 205 108 255 128 255 255 50 130 255
    227 14 72 200 38 255 144 75 255 167 255 255 139 18 77 219 125 255
    133 69 143 106 75 255 255 11 175 124 189 255 134 218 255 200 75 255
    131 92 255 69 34 98 30 234 126 16 255 255 46 99 255 47 144 255 106
    53 111 95 237 202 228 255 31 255 94 255 173 85 190 84 144 255 85 181
    255 104 189 255 15 255 255 55 255 255 93 66 128 189 90 71 206 245 87
    237 189 255 251 255 255 21 138 49 58 1 39 97 190 162 200 153 246 94
    209 111 49 255 36 234 214 7 121 245 180 53 39 255 238 220 93 227 231
    126 126 102 121 65 29 82 50 187 255 78 104 23 65 237 39 3 167 255 40
    246 255 255 78 255 209 200 255 79 219 90 194 255 74 255 68 255 11
    157 255 112 201 255 252 185 255 255 247 198 228 238 108 255 208 80
    145 13 36 166 255 255 15 6 179 233 228 255 236 255 146 217 255 164
    255 210 46 98 92 255 76 117 255 101 150 133 123 31 202 34 255 133 92
    220 255 141 117 212 98 255 207 62 255 255 38 218 223 63 255 157 202
    246 246 63 255 141 96 255 107 168 135 98 105 60 255 111 255 174 255
    255 71 84 255 255 228 164 189 169 234 93 192 255 255 230 62 255 44
    121 52 28 127 56 255 140 255 170 1 48 84 118 202 166 177 157 138 75
    255 228 112 5 255 185 255 49 106 71 35 222 255 25 232 38 86 79 167
    59 68 202 8 209 102 166 248 69 22 205 120 134 22 34 160 113 152 145
    183 255 255 255 255 227 255 255 84 84 255 190 68 230 34 153 231 13
    71 0 93 115 93 235 90 255 230 8 255 242 65 200 62 255 255 123 42 255
    35 209 15 147 141 210 121 53 167 208 94 105 149 111 102 73 10 69 102
    92 255 81 17 177 255 116 255 22 255 172 215 252 195 77 255 64 136
    112 255 239 153 120 178 104 74 8 206 255 27 146 125 12 255 126 144
    169 90 75 65 255 38 70 255 103 124 3 130 79 255 255 162 87 114 255
    125 190 223 43 32 106 189 123 217 102 189 182 111 74 255 246 169 134
    223 128 255 255 154 20 255 141 117 10 101 3 179 95 169 31 139 92 146
    255 255 255 255 22 255 208 255 255 234 132 3 88 96 49 149 27 255 23
    255 255 217 253 255 148 51 126 55 246 255 83 185 255 255 70 77 255
    104 79 255 255 184 11 78 255 73 182 255 158 5 103 150 228 231 73 75
    255 12 192 189 230 181 144 82 135 79 134 83 255 238 204 255 94 186
    205 255 197 43 197 176 255 44 90 69 70 135 33 206 255 255 110 138
    193 152 131 131 144 203 255 138 255 134 255 115 52 25 255 80 78 47
    62 197 255 71 134 255 164 255 195 0 247 93 255 111 255 249 176 89
    190 149 255 255 208 74 21 48 84 218 44 48 161 58 22 255 116 220 18
    88 73 7 255 219 255 26 89 255 130 255 255 168 90 151 136 126 26 136
    33 111 177 39 255 233 92 255 160 234 230 255 223 255 218 18 255 9
    255 156 126 83 243 164 201 253 230 10 62 87 255 255 149 24 255 6 112
    231 244 23 162 170 117 130 249 204 80 111 255 255 255 255 255 255
    178 225 187 255 41 47 89 175 179 255 255 227 255 16 197 159 116 162
    8 5 54 255 255 190 130 255 69 199 255 85 211 110 107 201 66 11 82 69
    17 110 255 75 173 255 134 255 255 151 176 255 30 25 223 255 204 255
    255 201 31 240 255 238 140 53 255 85 20 255 79 132 187 4 215 75 60
    163 208 31 20 75 28 150 97 160 120 123 233 14 52 104 101 69 27 236
    185 87 17 255 255 0 64 95 29 216 67 255 152 255 220 64 22 196 255
    255 255 26 63 82 255 255 210 255 112 13 255 152 255 82 248 196 154
    98 136 197 142 131 255 174 186 255 235 43 107 249 148 255 227 255
    255 223 245 255 68 247 255 40 83 255 55 148 255 144 255 159 102 217
    255 209 46 255 255 255 255 197 196 255 121 66 28 109 154 126 162 255
    125 149 176 255 41 168 39 93 177 244 242 255 255 255 24 255 255 32
    255 41 255 255 228 145 54 89 83 255 103 203 255 147 255 255 12 194
    255 255 255 162 255 255 34 168 8 69 128 39 255 82 237 41 252 143 190
    64 55 108 149 38 255 68 29 255 240 182 13 246 183 108 32 144 85 18
    225 187 136 31 255 213 132 26 112 84 255 234 241 255 186 121 198 26
    163 215 35 255 255 8 113 187 112 108 138 242 139 238 232 125 179 27
    255 138 129 213 244 87 255 228 79 255 255 122 76 180 18 255 255 144
    194 255 140 59 223 196 98 13 45 255 195 140 255 192 140 231 255 173
    78 254 169 140 255 249 255 255 15 243 255 166 255 110 47 15 255 122
    172 255 88 255 246 34 104 255 233 155 255 167 1 23 229 255 97 111 8
    233 78 255 221 113 125 103 201 36 226 15 41 255 73 201 118 255 157
    255 105 200 255 160 70 234 243 200 255 93 10 156 176 14 230 92 19
    255 215 225 98 162 28 244 138 205 75 26 239 255 31 130 93 37 112 131
    87 124 141 0 1 98 31 75 255 141 255 255 245 125 255 205 94 54 97 10
    255 95 197 249 82 255 161 12 25 10 65 224 255 158 189 98 31 23 51
    174 205 187 244 255 255 141 255 208 54 255 255 255 164 79 59 38 36
    171 255 233 179 160 255 40 172 255 154 208 255 197 143 255 201 255
    192 215 255 141 214 97 62 144 5 144 149 33 255 18 153 255 82 255 123
    229 255 255 224 107 61 255 255 248 100 73 43 168 255 195 134 255 255
    202 220 255 121 255 255 211 51 255 225 231 51 228 43 161 115 134 87
    69 97 255 102 57 121 34 157 234 200 37 255 151 46 75 247 247 255 197
    255 255 125 214 182 143 255 171 31 4 128 196 4 195 255 98 62 226 112
    255 98 224 248 139 88 215 198 255 25 174 162 25 122 255 52 240 255
    255 208 232 255 255 92 118 158 155 159 233 138 255 255 255 228 205
    255 255 255 185 255 19 255 180 255 101 251 243 29 28 50 173 97 255
    11 25 182 255 75 202 56 218 235 78 202 122 80 255 154 29 15 255 96
    203 172 197 133 94 17 3 227 255 255 11 224 255 15 6 198 170 255 255
    27 172 174 25 255 255 177 126 255 88 101 192 119 59 172 169 166 255
    255 46 212 147 228 148 31 208 166 124 246 234 255 85 255 84 13 255
    107 176 36 190 220 255 225 64 67 153 146 255 124 82 255 242 11 244
    171 47 43 27 57 33 211 28 255 139 206 255 82 255 8 208 37 82 242 110
    255 255 113 54 81 239 255 167 68 241 87 248 255 253 48 64 140 93 108
    255 132 241 210 176 189 255 255 125 107 229 255 209 239 255 112 194
    243 120 255 255 113 246 195 160 215 89 255 87 255 7 153 255 149 255
    255 49 46 100 7 187 80 233 65 103 160 172 69 219 154 184 161 78 171
    255 45 255 110 255 251 88 255 255 204 255 255 198 255 66 167 43 111
    162 255 167 111 10 148 239 255 255 255 178 238 178 141 255 196 4 200
    255 127 16 22 51 255 229 117 255 238 5 255 134 194 54 28 255 255 2
    195 46 167 56 244 234 69 255 133 97 38 4 255 255 218 255 151 1 122
    255 214 209 226 130 66 225 220 231 255 181 190 30 60 159 255 190 255
    139 60 255 79 107 255 3 124 64 255 12 51 255 50 5 255 168 136 255
    140 185 92 26 255 62 255 129 255 32 213 36 66 206 255 227 62 255 214
    201 128 167 55 255 161 255 241 74 22 255 41 135 255 197 75 255 40
    155 184 210 0 255 117 148 255 195 191 130 255 255 212 176 148 255 28
    215 246 209 9 25 255 94 255 198 255 255 2 47 44 210 62 255 85 255 92
    38 255 23 0 255 236 224 255 255 113 252 115 145 56 241 147 27 255
    167 69 25 178 111 69 217 190 233 120 199 100 82 96 255 141 122 255
    155 255 255 125 4 255 77 215 84 214 78 148 223 255 20 144 34 255 178
    168 255 112 68 105 109 255 95 112 83 30 233 176 110 234 122 255 59 8
    255 186 236 255 64 250 198 62 233 239 37 138 255 56 255 255 255 131
    138 190 57 221 255 138 34 179 74 255 26 38 15 155 250 56 35 159 255
    117 234 255 41 138 157 255 23 134 157 112 255 92 154 126 16 255 62
    63 153 21 98 211 51 174 205 136 81 187 255 242 59 255 1 158 231 187
    255 157 60 190 255 50 121 190 169 255 67 255 185 133 205 231 79 45
    101 184 88 255 84 89 79 59 171 190 82 210 8 148 179 27 174 125 17
    225 51 25 23 255 8 223 164 110 255 195 85 255 55 194 71 53 255 151
    181 90 184 249 255 171 12 22 10 253 182 255 62 138 13 255 53 255 117
    255 255 31 255 255 232 215 239 166 255 255 255 248 255 28 232 52 236
    122 11 197 218 255 107 28 166 216 197 255 0 5 180 198 127 8 21 43
    210 112 160 234 25 94 144 98 255 156 189 222 15 255 3 233 128 255
    180 44 255 255 144 124 255 187 41 255 202 134 243 255 177 198 47 206
    98 160 231 123 81 32 212 45 177 193 255 248 151 136 255 72 115 228
    255 154 53 174 209 213 121 130 84 154 215 80 180 92 255 190 176 255
    228 132 255 77 206 6 57 81 255 255 73 65 64 26 15 243 255 176 255 37
    171 105 176 112 255 115 253 38 232 229 121 78 255 72 240 245 79 34
    164 213 255 255 221 197 76 43 94 157 225 180 124 248 50 98 248 173
    255 200 179 243 231 187 102 255 38 255 195 147 177 18 179 57 31 255
    132 255 255 199 115 115 255 174 62 255 139 204 1 116 192 215 208 158
    80 161 225 177 255 255 187 34 200 209 255 0 146 120 173 242 11 173
    144 255 109 127 255 116 68 255 255 149 238 219 204 61 213 255 164
    255 255 255 255 255 255 35 158 195 100 143 67 43 51 255 238 255 151
    124 94 7 255 255 255 83 127 255 190 65 174 50 255 92 134 34 255 176
    255 154 35 38 218 202 4 255 123 121 118 157 92 255 225 46 144 100 88
    255 255 92 248 255 255 244 131 108 143 54 255 161 178 196 255 221
    169 255 190 255 255 27 85 105 65 255 111 163 255 130 255 206 156 248
    153 126 63 68 61 40 107 3 255 143 255 162 11 255 7 255 255 66 88 69
    115 255 51 6 135 255 223 51 255 1 99 185 62 13 66 216 17 123 255 82
    255 163 247 255 234 57 174 254 246 46 159 122 15 255 225 255 153 116
    255 236 220 87 106 62 255 4 158 148 103 15 95 235 255 254 123 55 28
    84 255 255 190 134 255 255 65 226 176 172 89 237 255 220 65 120 255
    232 112 79 155 138 255 92 97 0 173 171 125 17 8 89 136 154 161 101
    255 71 67 255 255 49 172 255 255 255 172 37 234 49 141 19 118 49 159
    131 172 191 255 73 255 255 215 255 221 227 126 149 83 113 255 255
    255 171 181 219 203 255 157 234 84 177 255 67 255 20 201 108 255 255
    243 255 40 255 255 255 61 179 255 255 255 148 19 255 128 162 189 15
    200 255 131 219 93 216 255 151 18 97 10 177 113 193 169 57 255 76
    255 123 11 204 205 255 134 234 225 255 255 47 255 56 200 255 255 106
    139 169 104 73 255 255 136 255 57 238 255 106 34 213 215 220 216 148
    166 255 226 239 133 95 255 255 125 255 255 157 8 241 186 255 205 255
    180 255 78 53 154 138 191 255 27 53 255 255 255 226 244 110 248 255
    117 71 227 227 255 134 255 95 214 182 156 126 211 164 124 4 49 221
    20 93 120 33 255 155 101 255 209 108 255 96 247 255 34 55 189 15 101
    205 255 172 169 98 186 21 194 239 39 50 217 169 190 131 255 255 101
    133 255 104 255 255 217 172 36 87 136 236 255 255 255 201 56 249 255
    255 186 153 255 166 247 255 101 255 207 255 59 255 44 196 92 204 99
    255 189 111 255 221 56 111 116 57 244 219 17 105 26 180 108 206 164
    253 255 57 161 4 174 59 69 182 255 172 169 148 49 231 207 46 160 255
    177 56 255 29 23 152 18 61 156 7 255 255 141 241 255 153 120 255 255
    37 255 120 255 203 18 164 38 6 120 80 224 6 192 88 255 255 255 233
    255 244 135 255 31 255 200 255 210 255 209 111 255 37 250 69 119 139
    0 192 231 255 253 214 255 166 52 164 34 253 255 154 71 193 131 199
    205 239 189 169 242 80 102 21 255 255 206 57 255 88 83 26 255 247
    255 215 61 208 74 255 228 215 135 2 220 71 128 65 14 71 247 112 97
    43 173 197 232 185 255 74 84 203 46 66 255 35 224 255 131 172 95 135
    255 23 160 255 248 4 1 255 9 168 255 255 154 174 123 205 225 255 121
    161 36 115 172 205 255 82 68 149 107 51 9 92 78 84 255 217 255 203
    204 113 59 6 140 255 29 39 59 255 32 13 247 146 255 43 108 75 28 255
    255 21 115 255 255 186 166 234 159 255 43 208 121 238 19 255 66 255
    218 214 92 255 37 149 84 74 60 77 11 255 243 74 132 90 255 115 255
    57 163 185 49 231 255 34 60 164 247 255 255 154 3 236 210 38 190 73
    255 116 30 68 72 142 43 255 207 182 255 194 155 255 255 163 18 213
    27 255 144 255 43 232 243 31 255 255 212 255 129 39 158 168 255 157
    245 223 122 6 255 255 8 255 181 3 179 153 146 218 84 255 15 91 39
    177 255 117 218 233 255 123 96 255 136 70 255 133 179 255 236 221
    255 228 0 255 48 187 9 102 29 10 255 107 255 59 68 255 46 207 80 255
    68 178 84 17 82 255 117 255 255 214 255 230 50 255 216 233 223 85
    171 20 95 30 205 75 123 6 80 21 117 154 86 255 143 144 248 67 97 79
    126 30 255 255 9 234 255 188 215 157 83 255 66 114 136 255 236 11
    255 155 140 156 255 120 15 164 92 236 48 134 255 255 255 255 40 164
    110 47 85 107 79 51 255 91 160 107 62 83 255 46 231 169 63 255 255
    145 155 233 119 85 255 7 64 246 192 255 82 72 215 8 178 52 231 219
    79 200 65 183 218 48 135 57 232 160 238 154 24 255 1 180 0 246 4 193
    7 27 255 221 255 41 200 246 255 45 248 105 28 183 79 123 189 164 164
    3 255 140 255 255 78 29 255 181 1 255 255 167 233 122 82 156 153 82
    255 188 61 210 213 255 95 128 158 255 6 118 243 81 99 255 4 205 255
    255 103 105 221 251 208 220 181 255 163 255 255 50 122 18 236 255
    255 251 255 255 237 182 192 255 255 255 74 61 208 169 255 255 84 197
    64 195 195 255 12 255 226 150 223 130 161 255 82 179 255 52 125 225
    79 224 162 59 20 255 118 79 66 85 255 255 39 132 33 192 205 189 241
    255 120 87 248 84 255 255 122 255 255 255 255 6 255 116 154 93 46 47
    255 138 84 209 255 98 255 33 129 255 59 180 203 7 38 177 115 76 166
    154 117 46 255 59 255 255 255 71 255 9 203 255 45 69 221 174 255 255
    167 120 108 223 255 255 22 255 255 255 255 255 38 5 255 13 11 255 51
    127 8 58 61 103 63 31 159 38 255 255 60 111 236 55 45 79 63 145 231
    148 158 54 45 136 244 30 186 239 169 34 255 218 90 128 142 222 161
    147 239 255 142 183 210 51 104 126 120 255 255 226 118 205 17 192
    189 139 210 253 55 242 157 183 9 255 100 225 255 255 32 64 37 24 141
    36 255 146 228 121 255 75 56 169 9 255 134 44 247 87 50 255 205 67
    140 255 132 98 177 151 255 23 98 110 255 93 255 255 201 129 255 255
    255 255 41 255 255 255 136 255 149 98 180 104 163 126 158 28 164 148
    192 255 138 102 249 186 190 255 159 96 255 141 223 255 208 177 255
    133 117 89 113 126 255 173 211 255 82 219 255 30 223 177 155 65 234
    110 191 131 36 255 67 82 255 255 221 64 23 148 255 255 126 246 169
    95 101 255 224 82 25 234 98 116 144 192 167 29 98 255 139 74 100 43
    24 205 78 166 110 4 255 255 151 201 107 74 15 184 201 135 255 255
    189 166 135 238 157 246 190 253 160 246 208 255 247 131 255 166 77
    69 197 255 248 255 255 12 59 100 35 53 243 195 162 162 9 243 255 217
    113 255 3 255 128 23 149 202 197 163 239 204 29 34 149 138 105 243
    18 255 190 9 243 83 217 171 255 186 146 200 255 48 113 255 253 21
    255 255 97 108 225 255 255 15 113 195 139 180 78 11 43 11 195 213
    242 230 160 183 110 129 159 243 62 88 61 38 42 113 215 203 255 6 155
    255 89 190 175 134 169 255 183 76 255 37 255 130 68 189 255 144 174
    107 248 255 5 230 200 255 11 154 255 248 158 95 151 39 7 62 204 255
    83 164 38 110 220 98 246 93 255 94 248 255 255 139 255 73 64 72 4 93
    111 148 113 11 214 190 77 173 152 105 255 121 193 17 227 218 236 11
    255 160 248 243 17 255 255 44 239 255 97 120 255 240 131 255 102 50
    51 8 14 190 65 255 255 208 251 13 163 255 255 255 255 255 159 185
    182 23 255 52 254 20 148 215 164 255 221 172 255 181 255 193 121 78
    255 238 255 230 50 181 255 31 94 30 178 131 228 239 169 255 109 255
    255 62 255 255 255 255 205 160 255 255 51 199 130 2 255 255 12 233
    192 116 23 255 25 53 172 100 255 43 240 149 236 124 255 30 41 197
    255 72 177 118 255 53 255 120 255 187 38 27 174 87 168 15 16 215 30
    172 245 228 223 141 197 255 160 213 121 243 205 226 255 218 17 250
    255 239 25 255 62 15 255 191 220 43 50 163 102 226 94 108 255 99 255
    237 164 130 204 51 255 138 255 180 37 166 255 77 87 255 233 20 130
    255 178 203 255 255 21 166 177 48 149 131 21 53 172 166 40 8 255 46
    174 108 65 15 255 255 68 108 27 102 144 44 162 11 153 255 212 200
    214 8 60 237 128 136 232 255 246 124 80 230 245 103 255 102 95 181
    191 8 198 89 174 254 98 218 133 255 255 70 227 71 237 255 177 48 224
    255 74 144 228 110 132 198 28 153 93 128 32 228 163 255 255 16 141
    255 135 145 226 224 28 255 8 162 172 214 25 23 77 13 255 251 220 255
    46 255 251 136 208 255 38 99 218 15 255 59 6 56 192 64 255 31 196
    121 241 85 36 193 31 45 255 48 255 255 229 84 43 151 87 16 167 97 43
    169 174 226 76 98 197 81 160 255 187 250 174 84 245 69 220 94 193 7
    201 255 134 131 90 13 132 143 219 182 255 94 255 255 60 152 255 240
    255 223 78 253 202 91 130 255 237 136 7 81 50 185 124 60 255 176 177
    255 208 97 144 19 255 18 244 233 255 7 117 79 119 163 238 238 255 54
    93 27 255 75 255 255 255 255 255 73 255 220 255 84 255 15 250 202 55
    255 23 230 138 198 83 48 255 255 84 244 28 255 253 73 51 87 63 46 77
    235 69 97 50 255 46 255 251 93 101 248 131 234 139 193 249 255 149
    242 106 255 123 177 130 50 197 8 242 74 98 125 224 228 200 139 51
    188 59 8 46 213 255 18 255 255 63 103 143 134 223 80 239 177 236 0
    112 213 162 255 255 83 96 255 176 68 203 57 121 207 59 80 57 215 85
    202 116 167 255 126 181 212 148 255 255 234 205 18 190 208 255 69
    104 255 65 255 255 56 111 162 194 182 72 85 11 246 59 174 255 105 64
    5 98 255 10 205 24 210 255 6 203 97 39 102 186 255 139 64 255 255 56
    190 161 92 255 97 255 117 255 255 46 197 255 255 241 255 0 255 19 39
    200 255 66 255 209 255 130 255 162 167 172 205 255 15 233 90 255 255
    255 128 246 141 76 255 143 77 255 220 236 255 18 182 11 95 112 83
    255 157 222 255 218 255 169 186 88 255 130 110 255 73 97 255 58 92
    162 77 255 146 64 27 39 188 48 125 97 215 0 178 69 236 219 231 255
    150 255 216 206 20 26 251 143 255 77 255 87 255 139 255 101 79 255 1
    129 255 35 252 255 233 60 154 40 248 90 75 255 77 239 144 87 18 68
    233 48 255 255 239 148 141 93 20 255 11 164 138 154 255 255 0 160
    203 206 178 243 171 68 228 64 255 152 248 17 174 189 255 192 27 150
    255 122 129 23 235 255 255 216 255 3 46 34 134 47 36 203 200 255 255
    198 255 179 95 255 130 211 84 198 170 174 105 131 218 255 207 34 92
    8 219 255 182 255 74 255 78 10 255 98 23 255 51 255 22 243 255 166
    255 79 246 255 255 242 253 246 208 228 90 18 215 255 190 52 255 53
    210 113 201 182 44 255 255 205 138 0 255 229 169 8 83 43 207 101 99
    255 215 149 131 65 61 255 255 93 130 130 214 255 113 255 255 29 199
    241 161 192 255 107 255 159 13 13 72 47 132 255 161 47 255 25 255
    255 20 169 169 159 255 255 255 126 139 237 113 230 255 211 210 56
    255 84 208 194 255 78 255 249 136 36 110 237 215 236 2 6 255 164 152
    130 255 31 255 43 255 255 255 255 138 255 173 113 255 234 166 223 8
    255 136 111 241 255 248 213 130 164 156 96 189 36 41 11 46 7 117 255
    180 84 255 238 252 255 135 167 26 191 141 10 32 125 255 151 255 255
    225 99 207 251 173 255 95 168 239 191 32 255 235 255 254 129 182 255
    239 255 255 97 71 152 209 223 36 122 96 255 74 255 255 125 162 20
    219 197 255 202 90 182 3 241 33 200 255 236 158 255 90 111 172 255
    105 211 39 244 255 255 2 255 255 173 181 255 255 52 192 224 31 157
    242 8 255 48 255 251 59 94 255 73 97 175 198 17 255 255 255 177 131
    255 169 186 233 255 249 135 236 121 229 244 78 27 44 69 73 255 195
    167 221 58 255 255 116 51 103 246 233 255 237 139 18 255 112 255 78
    255 80 21 255 255 214 255 244 239 117 255 224 172 92 12 48 74 255 82
    116 0 190 172 255 255 175 240 115 198 134 251 255 96 222 71 41 205
    144 55 96 130 69 255 255 50 132 56 144 255 171 79 160 130 6 121 255
    65 66 255 39 225 23 119 243 255 219 255 255 239 135 255 47 90 18 50
    139 116 46 87 169 6 241 255 213 255 255 40 5 10 50 183 255 140 255
    225 249 124 167 46 194 255 120 255 255 166 225 255 255 50 255 63 255
    255 164 152 13 255 10 255 44 47 231 41 255 255 155 194 255 204 14
    255 255 46 243 252 48 255 189 112 0 89 126 255 185 194 255 28 118
    254 8 255 248 187 90 131 253 5 255 67 255 255 255 94 175 180 121 226
    68 75 87 15 255 255 51 97 255 147 177 180 215 163 92 82 104 255 126
    255 67 182 135 255 35 29 203 92 41 255 244 180 41 22 59 255 171 209
    118 245 172 164 117 255 184 229 255 34 147 220 113 252 223 255 73
    141 93 227 225 233 249 83 189 255 176 159 65 57 255 26 255 255 238
    196 190 17 146 255 255 32 69 155 98 203 217 255 161 251 183 21 155
    255 95 171 229 255 242 138 255 117 255 236 255 171 255 255 0 255 145
    231 255 32 255 89 85 255 71 121 210 255 142 138 255 173 51 156 88 25
    255 63 251 102 122 255 255 140 28 185 255 9 255 102 205 255 101 46
    255 188 66 11 255 80 56 37 255 84 27 182 126 131 17 149 147 76 251
    218 94 254 255 13 255 160 46 77 169 41 8 79 173 255 194 76 255 213
    115 192 255 93 97 243 124 255 84 255 3 206 169 255 161 224 221 123
    180 172 12 222 255 133 47 84 133 255 30 255 203 84 2 14 255 255 255
    255 144 94 255 190 99 255 115 155 182 199 144 15 176 255 192 69 204
    255 174 43 185 211 224 56 83 158 225 255 106 116 82 255 255 182 79
    138 170 255 43 216 255 164 11 104 221 220 191 123 66 99 23 255 1 255
    180 255 225 187 117 255 255 85 107 26 101 25 51 206 2 38 232 223 255
    159 255 207 34 255 178 115 13 192 255 177 122 18 38 244 87 251 255
    255 255 177 78 255 255 255 255 21 201 255 29 255 255 248 208 255 255
    181 255 82 255 44 224 50 255 134 255 210 47 5 249 120 134 255 243 61
    72 243 69 255 255 201 136 115 48 75 168 177 15 26 85 38 6 140 43 220
    6 255 104 255 223 53 162 95 120 88 255 233 51 255 249 255 203 105 14
    8 87 255 255 225 107 128 98 38 85 207 43 255 110 131 84 0 39 62 121
    255 38 93 255 72 249 255 172 196 106 162 34 23 255 1 41 255 182 162
    197 78 117 255 217 199 67 253 33 255 236 42 255 81 153 255 253 0 92
    215 138 241 86 36 93 106 5 255 23 255 195 238 87 159 126 255 192 36
    255 80 41 220 255 147 130 113 207 255 231 219 6 64 199 38 154 144
    255 118 55 192 255 19 255 149 162 187 15 206 255 95 77 8 198 218 239
    110 98 15 255 255 149 62 103 24 255 13 131 67 19 98 223 98 101 255
    131 247 225 47 245 255 150 253 100 4 223 177 141 255 255 234 47 171
    149 228 255 117 66 255 119 136 255 32 255 95 255 118 255 112 36 108
    254 255 255 177 255 255 255 255 185 219 110 141 255 28 255 155 52
    182 255 55 172 63 173 43 192 50 255 138 50 251 232 255 77 201 255 92
    151 11 69 36 52 255 188 255 255 177 255 85 224 255 226 253 139 161
    145 187 255 178 215 255 39 177 255 48 255 255 57 172 255 102 250 255
    242 251 33 255 43 180 3 157 195 70 205 48 223 90 174 252 130 128 176
    150 255 79 50 179 97 189 255 160 255 216 249 189 98 60 255 43 206
    233 180 153 189 220 192 243 72 223 154 92 201 126 200 190 255 192
    114 37 255 76 24 13 255 155 177 210 101 34 111 209 255 36 88 95 255
    255 255 23 138 255 20 248 203 47 23 200 252 3 255 31 210 255 17 157
    28 249 3 255 74 68 255 98 255 255 238 252 255 109 172 255 161 241
    255 179 108 131 255 163 255 29 124 255 249 208 255 254 225 175 255
    140 113 217 255 208 39 4 46 255 120 125 255 255 255 255 255 189 183
    124 26 51 118 115 21 155 31 255 168 255 251 42 49 185 176 255 190 71
    212 172 148 143 67 172 0 205 178 41 255 28 171 255 228 255 229 157
    46 48 97 185 182 145 248 23 231 148 65 255 255 171 255 255 161 38
    255 207 255 182 176 255 69 115 255 255 86 255 16 67 70 167 145 126
    255 178 124 255 115 159 255 219 196 125 129 157 67 211 255 80 255
    164 166 49 168 89 58 194 82 144 214 249 142 211 185 255 210 255 32
    255 143 213 255 144 255 13 57 134 25 255 211 172 213 2 255 115 87
    255 192 179 250 255 201 219 231 255 38 34 209 255 238 255 10 162 252
    76 255 94 17 255 255 201 231 255 18 174 183 255 255 154 255 125 160
    145 255 168 48 141 255 43 77 87 46 212 202 239 39 255 229 215 205
    236 255 110 255 255 10 51 255 26 83 66 207 222 16 169 255 164 157
    130 255 62 34 255 152 255 23 255 255 115 157 255 255 176 183 77 174
    69 61 103 255 118 68 239 175 255 255 152 195 255 36 255 255 255 116
    1 255 45 41 164 75 243 255 65 208 136 151 251 146 255 215 255 63 130
    255 43 229 223 130 186 255 75 122 255 58 110 72 67 196 255 248 1 255
    100 136 159 124 48 255 187 116 228 142 140 255 142 53 255 120 255
    174 255 160 254 216 242 177 35 224 243 85 255 246 255 89 255 67 252
    255 255 242 255 78 23 254 147 255 255 39 94 255 82 127 254 135 116
    255 185 255 255 255 82 161 200 231 44 133 136 236 194 255 41 102 150
    162 255 1 0 37 178 111 69 131 61 255 127 255 32 52 255 114 214 25 35
    247 255 145 108 246 200 90 238 244 255 34 67 111 255 48 255 2 255 73
    95 209 255 118 138 115 248 132 60 255 238 255 255 88 158 255 21 239
    179 64 255 62 205 98 255 72 174 30 255 22 38 0 168 255 168 148 126
    31 168 223 229 255 46 121 245 48 172 181 255 51 200 255 251 18 148
    255 57 243 7 219 228 129 250 93 43 76 159 255 36 255 122 45 161 37
    140 198 100 68 255 177 255 107 37 248 56 45 5 61 240 80 113 173 203
    255 56 255 69 93 255 156 255 222 80 198 20 255 190 55 255 84 186 136
    94 138 225 228 33 56 255 157 255 45 215 226 106 117 255 34 200 231
    255 233 46 86 255 85 252 87 49 73 144 255 112 120 255 218 134 11 72
    255 249 136 19 255 4 121 255 199 103 255 210 39 255 199 36 255 6 210
    255 37 206 10 142 255 84 124 18 255 38 45 255 255 22 255 48 152 255
    248 255 182 255 18 174 166 104 169 50 104 85 68 255 80 26 255 185
    220 227 67 238 209 255 179 234 133 124 255 187 152 47 172 9 255 184
    157 134 159 133 255 255 128 117 39 255 122 34 192 255 255 217 152 8
    98 82 255 247 241 255 218 101 43 247 255 243 141 76 195 255 251 190
    134 255 255 85 191 192 213 255 62 113 129 64 26 196 0 65 27 255 135
    255 255 3 250 239 244 118 255 236 32 84 48 121 255 41 255 7 81 173
    200 140 246 255 9 194 108 201 239 255 132 217 255 7 247 248 188 237
    255 76 183 255 28 103 255 142 69 103 68 250 182 117 255 255 161 255
    134 182 3 162 255 185 213 130 242 216 243 222 10 0 186 49 1 110 255
    38 255 255 167 69 255 209 255 26 221 65 255 196 255 74 255 113 67 30
    0 174 186 42 255 255 255 255 123 245 203 30 39 255 152 22 255 65 227
    200 40 211 231 164 255 189 178 250 187 255 3 239 255 255 126 121 255
    205 240 255 223 186 169 255 17 150 115 198 27 255 113 215 48 209 219
    255 78 74 215 255 18 255 190 155 36 138 25 18 199 20 255 120 169 30
    190 201 130 223 11 255 75 124 255 210 34 195 201 45 59 39 255 152 4
    255 18 76 236 57 157 18 255 106 255 11 255 228 46 220 11 184 19 130
    5 134 118 255 123 4 255 183 172 255 168 178 134 63 82 113 145 255
    255 105 76 54 75 211 59 121 55 49 128 112 253 25 187 31 155 255 62
    209 31 255 200 24 144 29 171 51 172 96 79 255 238 93 169 189 202 101
    153 218 124 127 21 213 79 205 30 116 226 255 19 255 209 182 34 243
    36 255 102 37 255 172 239 77 102 255 2 255 74 30 93 208 74 50 31 48
    13 27 255 233 143 36 255 255 92 13 192 202 141 10 255 121 243 255
    236 255 255 255 225 244 200 73 75 104 195 255 94 224 125 232 78 255
    247 153 115 40 8 7 121 153 255 208 139 174 17 255 130 114 205 75 96
    48 255 254 75 255 141 255 255 91 148 21 208 255 255 46 108 205 34 50
    255 162 255 255 86 255 205 85 0 171 157 132 234 245 255 110 96 255
    110 162 213 255 30 247 200 122 148 31 162 121 57 186 255 172 254 74
    228 139 177 255 219 164 255 255 239 175 114 171 255 121 152 175 235
    200 157 178 130 255 199 88 130 79 224 255 0 224 205 172 157 108 176
    255 2 50 255 108 225 124 57 255 66 255 162 108 255 166 255 7 147 232
    241 29 255 255 84 0 255 132 182 193 77 162 255 69 255 255 66 255 246
    112 89 255 255 177 255 79 255 249 91 228 5 255 204 49 204 185 223
    228 203 255 49 29 44 191 255 103 182 29 255 255 28 255 38 88 115 238
    56 210 190 118 208 255 255 238 93 169 131 73 255 151 167 149 72 87 4
    39 246 255 87 150 139 3 140 205 113 192 255 146 82 163 48 210 115
    255 228 125 255 28 46 100 215 255 157 130 19 26 133 18 100 25 132
    223 239 124 255 57 222 255 218 196 255 113 61 167 248 43 210 139 255
    167 62 145 171 136 196 130 133 255 255 44 14 255 244 186 71 48 255
    130 79 237 141 155 116 255 125 255 108 140 242 26 240 135 220 255 32
    0 205 80 255 255 129 182 22 127 146 36 149 255 39 84 15 160 211 43
    139 94 72 178 231 255 255 255 255 133 177 255 244 38 255 225 157 107
    54 103 255 211 97 255 235 121 213 35 22 143 113 166 255 21 120 125
    111 9 0 171 232 255 78 0 195 141 94 113 254 143 154 255 168 216 114
    217 255 255 255 255 187 255 144 22 76 175 63 213 255 145 55 255 48
    134 144 34 154 253 163 255 44 255 217 128 180 239 154 126 0 255 158
    245 255 110 36 111 117 190 72 131 83 255 116 183 244 113 155 143 83
    255 255 182 85 255 133 243 255 82 130 255 255 250 193 255 229 30 134
    107 255 49 82 255 66 255 31 206 73 255 8 37 255 196 124 87 128 255
    39 38 176 253 139 169 184 9 214 103 112 131 255 157 19 107 188 191
    255 255 255 10 51 210 255 234 51 255 255 255 20 226 255 120 46 224
    121 172 217 255 253 84 154 44 255 169 255 79 255 119 106 38 132 135
    200 38 251 157 174 93 123 26 145 57 182 205 126 49 236 255 7 186 23
    66 73 255 54 104 51 201 238 39 194 177 133 64 4 134 217 255 255 158
    204 255 185 255 177 129 245 255 75 14 255 200 173 243 113 116 82 255
    99 255 57 255 255 82 255 248 173 255 164 93 190 26 115 189 80 159
    255 164 216 29 255 135 250 134 181 194 30 180 195 184 252 96 255 132
    64 255 63 45 205 6 132 125 51 61 43 226 88 151 19 238 0 200 104 141
    9 42 255 31 153 255 2 24 255 160 14 87 92 20 193 223 255 255 154 33
    230 255 33 255 73 9 5 8 6 46 16 255 255 199 135 179 194 255 255 247
    144 255 95 233 215 197 50 184 255 33 255 219 83 157 237 255 84 22
    126 82 93 57 144 143 224 136 74 255 56 152 236 255 92 164 255 218 96
    255 92 253 220 104 255 175 255 41 49 226 38 54 171 255 255 36 55 95
    249 160 11 148 152 157 183 172 200 211 13 162 41 132 105 101 255 126
    255 90 111 255 192 243 43 31 172 171 88 253 254 255 126 144 96 255
    235 229 169 253 203 255 201 255 207 205 33 255 18 36 243 121 46 255
    177 255 20 35 255 189 166 255 172 191 206 255 35 61 255 139 66 31
    125 140 255 75 214 95 135 172 72 51 121 255 225 255 255 130 255 255
    107 4 33 209 13 105 87 255 255 21 227 133 49 255 164 13 159 255 29
    126 77 161 255 255 135 116 255 59 82 255 239 191 200 78 33 255 77 61
    241 45 204 26 109 255 255 45 255 255 200 213 207 12 51 255 63 255
    255 123 154 74 113 108 255 185 196 121 135 255 255 177 38 143 147 28
    169 15 51 255 129 53 255 112 255 255 38 85 192 255 115 148 51 28 255
    255 43 49 46 255 108 255 237 46 46 0 162 245 213 20 252 234 255 86
    171 255 87 107 102 82 163 249 48 73 146 255 65 255 16 178 255 254
    255 97 237 255 255 249 56 48 255 171 79 88 243 255 255 121 255 255
    255 255 255 187 255 182 194 18 167 195 103 255 140 151 226 255 148
    218 255 255 244 113 10 32 94 251 219 197 255 255 102 255 116 129 195
    255 255 255 249 186 20 13 222 7 10 88 255 181 217 255 234 255 102 21
    130 189 40 76 64 200 255 255 158 92 148 29 227 255 125 32 255 223
    174 116 130 255 149 25 172 233 188 255 166 111 197 13 181 11 143 198
    61 255 96 255 97 192 98 136 40 94 130 209 195 255 116 135 255 73 219
    11 225 94 136 82 255 177 22 74 255 150 255 255 145 203 255 214 164
    255 130 255 255 86 206 255 53 238 207 143 255 210 227 70 255 245 87
    46 255 43 171 145 196 248 225 116 255 185 255 223 181 6 233 217 34
    226 87 118 255 169 255 255 149 140 5 114 145 255 122 73 255 106 115
    255 81 255 255 129 247 255 89 255 255 25 250 54 192 255 255 9 8 61
    255 159 255 115 28 255 122 19 97 48 255 212 53 218 171 57 215 254
    213 206 34 161 27 121 139 227 228 186 127 66 239 255 255 234 31 255
    26 187 143 162 148 255 130 255 255 153 255 255 246 255 255 82 37 216
    189 255 11 255 141 248 200 167 255 88 75 149 174 196 174 57 56 174
    233 245 255 47 255 31 255 255 192 251 124 255 159 255 79 148 98 255
    132 71 255 255 36 138 240 253 180 204 23 255 23 243 57 255 43 193
    255 102 154 102 246 255 60 255 110 200 201 95 206 78 255 168 190 255
    230 233 255 177 192 255 139 255 255 185 82 255 142 234 2 171 15 95
    46 255 255 131 125 255 255 255 255 2 187 79 255 204 255 138 225 144
    168 233 198 255 205 31 192 234 159 59 255 213 171 6 223 142 97 255
    255 219 85 11 125 255 255 83 125 230 185 159 255 167 33 240 255 223
    69 190 255 110 3 255 147 187 207 140 50 212 43 255 52 235 241 57 41
    255 139 88 178 97 16 56 43 98 255 255 70 62 255 34 199 255 55 125
    255 209 124 61 4 23 20 169 231 77 192 5 255 255 61 179 199 172 144
    230 178 249 178 176 226 255 252 33 22 255 255 40 222 56 190 139 2
    224 159 131 255 55 255 111 47 225 27 183 31 221 255 36 111 173 107
    45 255 255 255 153 255 74 255 156 50 112 98 201 255 121 128 10 255
    255 85 255 255 25 126 255 73 255 185 255 255 225 255 255 255 206 7
    34 94 75 161 45 218 100 255 141 79 134 152 240 255 251 16 181 241
    232 23 102 91 89 255 207 255 255 201 61 54 0 138 52 51 255 255 62 14
    255 161 158 193 221 33 255 115 191 255 100 255 11 255 4 255 104 250
    255 88 255 33 168 130 13 178 248 255 64 32 248 94 187 62 45 24 38
    194 224 207 160 96 31 64 247 255 4 97 254 174 45 255 53 166 255 168
    255 255 98 255 255 216 154 197 51 90 174 130 19 148 236 59 255 28
    217 255 205 15 113 113 19 121 255 242 31 189 185 16 75 92 255 136
    112 192 115 255 255 97 74 154 49 159 255 101 231 255 78 15 180 240
    139 84 32 176 241 31 247 255 51 146 255 159 255 25 53 155 255 200 17
    255 133 39 44 107 203 7 7 28 231 211 112 255 255 69 255 240 204 89
    84 152 255 17 237 2 144 82 255 134 255 33 224 25 195 186 59 255 74
    162 255 113 247 255 255 255 71 255 27 255 67 99 255 44 103 33 105
    183 172 82 3 255 225 116 131 178 255 57 40 74 56 219 190 255 163 70
    187 255 255 139 225 229 255 206 227 255 152 139 171 77 255 255 106
    189 195 237 4 255 31 0 202 235 124 255 255 176 249 255 255 255 225
    255 23 93 253 43 255 111 164 28 255 43 138 111 110 178 255 255 221
    15 212 255 56 97 10 130 255 249 15 255 255 59 243 111 255 255 62 158
    236 187 122 255 60 39 197 236 255 255 233 132 255 255 93 74 168 190
    107 255 98 255 68 90 138 255 204 255 8 255 46 211 32 16 238 6 179
    240 248 13 208 127 184 202 177 255 176 182 255 34 52 248 135 218 255
    19 73 255 43 174 2 35 218 75 235 32 255 32 132 230 29 18 213 247 255
    97 25 45 255 255 255 23 142 74 255 101 255 255 255 171 241 65 255 36
    255 218 166 64 255 255 160 199 255 53 154 87 102 172 216 76 107 49
    220 194 221 6 177 123 76 68 255 123 146 255 255 34 255 76 130 43 208
    255 36 173 121 255 11 255 255 121 107 51 20 122 151 191 255 107 163
    200 213 198 225 25 255 255 157 157 255 255 189 8 255 39 217 10 130
    61 164 104 220 93 189 233 202 96 17 255 107 116 139 249 255 255 134
    255 255 6 195 255 111 93 255 148 209 125 224 255 71 126 185 36 89 88
    128 128 92 54 124 122 185 77 252 48 89 255 255 217 231 255 138 33
    120 96 192 246 138 45 255 131 255 255 81 251 125 255 140 228 96 127
    87 27 79 80 75 41 54 177 130 216 2 6 238 246 241 67 139 120 107 235
    126 255 23 9 255 214 255 255 154 148 255 170 39 195 246 66 74 34 214
    103 247 79 239 206 255 228 39 186 255 86 255 255 10 103 255 185 55
    207 128 126 195 255 146 207 150 195 255 109 255 171 163 47 226 255
    139 255 168 255 230 210 149 139 202 145 202 187 248 255 170 57 255
    117 34 49 162 255 255 200 215 212 159 255 159 39 223 36 69 79 190 65
    187 255 247 228 108 237 255 255 221 36 255 240 37 116 2 255 255 70
    255 164 115 152 100 144 214 255 240 118 151 228 3 255 76 255 255 228
    255 203 115 217 10 230 167 255 182 255 226 255 206 255 255 59 255
    223 135 255 230 3 255 35 132 255 23 255 80 195 115 255 59 255 255 87
    204 62 189 255 255 51 73 52 16 182 243 92 103 157 234 183 107 129
    143 46 114 107 164 136 102 255 67 88 255 181 6 213 154 255 255 59
    255 255 66 203 61 204 255 255 255 255 255 41 203 180 50 237 255 117
    76 100 232 252 255 216 59 212 22 6 255 213 61 90 183 248 171 216 144
    255 179 255 255 221 206 255 255 255 255 204 10 202 180 79 255 97 51
    255 255 232 198 94 148 20 255 78 175 49 227 166 151 255 223 199 160
    255 255 6 207 68 255 16 255 255 255 224 255 30 91 229 120 209 210
    255 236 238 255 117 255 255 229 48 203 255 255 52 255 52 255 45 146
    67 10 217 85 167 56 255 63 255 51 125 127 255 126 172 16 255 223 20
    160 57 212 230 107 255 45 255 39 106 255 255 147 255 197 185 176 255
    144 80 108 110 247 164 25 236 174 133 255 255 247 57 167 107 136 255
    74 204 21 89 99 148 37 213 255 204 15 216 160 102 133 195 233 192
    163 36 255 86 103 255 154 134 111 53 164 177 173 197 169 29 200 13
    168 255 246 255 140 255 38 246 154 247 131 255 255 213 34 51 150 230
    120 160 216 145 80 244 172 206 11 247 255 161 230 115 48 56 96 255
    225 192 213 112 135 255 45 139 87 94 176 255 244 171 255 255 255 255
    236 20 228 182 237 8 50 215 25 105 110 98 190 255 205 21 117 59 58
    27 255 247 208 57 255 110 255 205 195 231 20 213 255 254 130 193 177
    255 25 149 1 200 89 211 136 126 196 48 167 217 234 230 20 97 255 19
    61 234 203 255 255 8 255 19 122 111 134 255 157 174 255 143 9 245 59
    220 96 231 255 82 115 255 191 255 125 205 2 55 223 255 50 231 248
    103 66 28 227 108 255 192 55 255 246 103 255 141 255 255 87 203 180
    194 245 182 93 51 62 207 255 255 251 241 44 39 46 255 226 255 255
    103 218 136 112 213 255 20 101 255 217 9 23 233 255 75 101 99 255 85
    157 255 255 255 31 152 255 169 213 113 49 169 255 128 105 59 136 140
    101 255 248 255 255 103 255 255 191 29 43 66 101 234 180 228 126 17
    158 216 26 118 255 54 166 216 48 24 49 198 116 130 190 138 20 81 159
    193 85 113 34 242 141 244 255 242 255 255 115 255 210 9 64 72 251
    213 167 104 255 255 32 131 160 255 177 215 224 0 54 73 255 57 17 82
    216 146 2 82 82 143 244 18 100 183 255 255 110 65 33 255 10 215 189
    52 193 255 111 21 110 46 255 254 39 255 232 5 255 248 255 157 198
    255 255 106 255 120 206 255 205 232 255 131 119 48 51 15 248 126 168
    1 241 249 213 116 194 189 255 43 124 33 253 164 255 176 46 255 78
    255 105 40 164 139 161 124 162 11 197 255 255 218 18 157 215 92 25
    120 102 158 56 193 51 103 255 6 101 159 251 9 255 75 168 243 63 255
    49 255 11 151 29 246 255 195 173 13 255 102 255 83 27 87 89 255 93
    194 116 239 77 116 255 223 224 125 97 78 255 107 46 120 63 255 102 8
    92 255 168 117 11 215 237 255 245 80 26 70 255 79 138 180 75 142 136
    220 88 42 255 62 245 113 189 135 11 216 13 2 219 208 92 254 228 255
    225 255 202 15 130 255 89 167 255 76 187 255 78 255 255 41 160 255
    26 56 33 211 255 218 185 255 34 69 255 61 11 148 216 166 28 234 84
    134 136 53 234 175 54 70 11 254 234 255 255 47 108 158 154 255 205
    29 152 213 57 61 255 71 121 49 255 15 75 255 169 170 185 161 162 96
    255 65 88 200 217 164 39 255 0 182 128 36 255 8 92 244 50 41 255 255
    255 167 183 107 255 25 120 175 195 255 11 65 183 187 186 112 255 36
    168 255 198 22 177 120 17 131 105 173 255 126 3 210 150 255 255 17
    197 175 154 45 255 162 155 255 248 255 255 88 255 255 54 148 220 148
    255 193 255 48 133 244 111 120 232 252 213 51 187 34 16 41 216 255
    55 248 255 192 16 103 255 64 239 89 255 150 140 255 109 39 255 243
    192 243 255 20 255 248 199 100 32 52 255 177 131 18 246 228 255 20
    83 130 29 255 255 255 255 255 255 180 180 121 110 255 62 174 255 238
    9 255 230 10 255 167 150 69 255 229 167 72 73 255 255 68 255 85 65
    56 229 199 255 128 62 238 255 69 255 135 69 255 162 28 255 157 255
    93 47 61 69 51 98 185 229 255 255 143 181 255 100 143 212 69 224 255
    37 71 255 255 37 180 158 232 255 159 101 255 255 255 80 166 255 166
    57 43 223 59 217 255 255 255 255 67 139 125 168 99 121 88 126 255 91
    252 255 45 64 255 60 234 169 215 108 255 255 255 255 114 197 69 55
    255 123 3 55 15 103 247 255 94 255 44 3 255 5 180 255 236 77 144 253
    22 96 18 72 255 255 46 99 108 25 90 139 213 27 177 152 153 128 23
    255 52 255 255 255 11 108 23 194 79 236 148 255 118 98 24 255 239
    255 166 255 234 255 4 247 118 174 190 131 21 180 59 255 43 255 229
    19 23 65 32 33 131 255 85 129 255 255 180 255 255 26 84 71 232 255
    255 128 9 59 227 88 113 166 255 152 169 178 159 69 210 255 95 129
    255 200 255 255 247 248 139 84 223 105 255 108 255 255 255 255 25
    192 255 148 143 8 158 242 79 77 255 133 162 19 118 224 255 128 8 98
    59 255 19 66 150 148 18 255 94 255 95 255 255 255 110 255 183 194
    118 198 116 74 38 79 255 53 60 255 50 122 255 162 162 11 103 255 197
    20 101 255 253 125 255 105 196 156 255 82 69 70 148 143 8 192 118
    243 255 255 219 255 107 57 255 95 255 11 156 216 155 255 181 36 255
    255 250 255 58 45 255 206 247 0 255 211 244 162 15 107 53 255 154 58
    42 205 216 135 255 158 255 255 219 255 128 141 195 255 17 255 255
    151 166 255 220 23 133 40 66 255 28 8 92 174 234 254 49 148 134 55
    238 255 255 200 92 255 255 226 50 48 255 97 124 255 78 186 207 247
    138 141 179 112 255 171 15 84 25 224 255 255 217 97 248 255 255 233
    38 62 124 196 198 3 37 105 216 255 3 110 255 18 62 76 44 115 57 61
    107 229 255 219 61 151 73 252 255 30 242 255 12 106 80 12 112 7 31
    172 149 216 92 198 255 110 11 36 130 234 239 173 164 25 255 226 161
    92 255 255 255 21 159 145 167 1 204 255 198 155 255 35 126 51 201
    200 255 22 178 238 36 144 255 186 39 225 21 39 26 191 96 74 84 159
    75 214 255 174 186 34 255 189 255 52 236 66 255 255 33 110 255 39
    255 98 255 107 186 5 167 255 255 225 129 181 255 18 255 255 162 107
    198 138 229 255 98 255 244 86 152 255 220 94 2 62 144 212 23 243 187
    179 14 131 19 163 255 76 255 255 247 154 255 255 24 255 185 255 67
    177 33 8 102 111 255 12 98 255 189 255 134 88 187 255 131 182 255 46
    22 255 206 130 184 253 108 255 63 243 39 207 225 21 103 22 255 225
    255 255 65 143 185 41 255 255 205 255 77 1 255 177 128 48 162 124
    255 255 136 1 231 255 178 255 125 242 195 73 50 255 77 41 255 125
    118 255 174 57 215 16 171 255 41 185 133 109 168 75 16 251 205 255
    129 255 191 213 255 185 255 255 163 232 159 109 157 20 38 234 164
    236 255 255 174 164 210 48 231 255 255 111 36 3 19 28 91 187 212 251
    145 255 144 217 255 187 174 179 190 92 255 65 181 23 180 82 255 95
    255 72 46 255 255 188 166 61 41 125 255 12 246 2 164 60 197 143 121
    64 255 200 31 148 255 143 19 6 255 218 255 11 123 227 255 58 84 134
    97 79 2 110 205 244 95 79 255 164 255 255 44 148 61 15 47 131 131 11
    115 255 139 148 255 255 200 143 171 255 16 93 162 235 143 255 85 246
    255 219 186 39 88 87 255 40 173 203 255 74 144 216 3 202 9 255 255
    255 255 30 95 181 141 81 182 255 186 241 255 220 255 255 226 23 255
    70 255 69 207 169 30 179 3 33 139 229 44 38 98 210 228 215 255 20
    205 5 255 115 255 232 238 255 85 121 184 255 228 255 93 206 156 4 52
    182 91 97 34 255 162 236 20 55 255 26 248 146 220 88 213 40 177 54
    170 51 85 87 171 195 191 192 255 109 238 255 41 219 3 129 34 221 185
    152 255 224 255 220 181 39 255 28 5 255 198 98 90 243 33 255 50 134
    255 145 60 72 114 255 255 88 197 146 107 118 30 217 255 174 98 0 215
    173 182 255 176 154 134 197 66 255 11 157 149 183 55 116 182 174 255
    207 255 130 29 255 120 255 127 255 57 33 115 147 52 185 205 255 8
    198 102 230 166 232 255 255 134 116 120 120 255 18 141 151 20 190 93
    38 85 111 255 24 185 238 225 255 248 178 255 98 139 223 216 255 107
    214 36 193 201 173 228 158 25 18 43 255 130 111 255 255 181 239 44
    253 75 255 255 252 144 172 255 10 65 166 255 161 238 255 116 73 255
    187 61 255 70 85 255 82 203 255 176 69 74 166 176 57 219 155 255 69
    18 255 198 34 51 236 220 255 162 59 255 237 76 255 50 38 255 255 194
    255 66 136 146 133 255 255 226 227 166 95 5 39 219 32 179 43 242 255
    214 255 39 47 127 69 78 65 43 255 183 253 53 135 255 153 214 13 228
    233 246 255 70 203 161 51 72 119 20 116 87 57 255 8 141 180 76 255
    255 129 104 174 35 232 255 213 233 126 237 233 148 112 89 172 48 255
    255 255 255 255 149 145 255 182 209 107 58 160 69 97 92 255 152 168
    105 208 43 177 62 124 255 255 255 202 151 82 30 155 160 255 27 203
    255 25 185 5 171 52 213 180 25 97 81 37 249 36 68 253 78 90 202 255
    13 212 40 39 255 177 255 255 219 187 255 69 124 130 28 255 210 107
    187 69 190 173 255 68 255 164 217 255 255 240 108 74 161 174 92 72
    80 187 230 255 202 142 8 85 55 144 255 255 45 230 255 84 255 255 255
    255 114 203 107 18 197 255 255 255 255 95 113 143 78 99 184 182 241
    125 168 71 33 101 178 255 0 255 46 101 29 255 86 71 255 58 236 79
    190 104 255 93 112 190 221 255 255 196 238 205 115 182 248 68 92 162
    186 183 255 227 110 172 195 14 255 149 130 255 244 34 52 172 163 210
    1 118 215 225 231 175 255 4 192 102 50 121 170 189 223 255 255 30 32
    242 255 13 149 10 103 55 255 255 139 110 39 88 254 95 209 187 229
    183 255 147 238 216 214 132 195 255 180 198 254 75 255 206 163 255
    198 139 255 19 255 248 84 255 255 70 145 255 255 79 43 199 255 255
    48 98 74 255 101 82 97 255 179 183 155 255 78 255 148 50 124 171 216
    232 189 227 251 255 255 10 255 75 60 255 191 255 31 198 255 164 254
    33 203 255 225 255 255 209 8 125 94 3 68 73 190 255 34 212 255 82
    177 252 11 110 178 255 33 225 255 197 58 241 13 29 255 244 171 255
    61 66 191 159 229 185 130 21 10 255 163 120 255 194 255 239 123 200
    255 51 98 57 4 183 107 85 33 255 134 255 69 83 252 28 151 224 67 21
    255 249 101 52 255 255 134 255 239 160 180 245 110 255 20 245 133 70
    53 225 31 141 136 135 255 23 37 255 21 2 19 255 111 18 5 190 255 202
    238 255 138 195 255 255 242 255 197 171 187 236 153 199 255 202 92
    255 58 227 255 16 57 121 218 255 243 101 196 151 57 196 131 240 180
    85 37 93 10 255 36 16 174 117 89 63 113 218 38 56 133 59 107 134 255
    252 255 153 118 93 213 215 255 255 255 255 252 50 203 181 18 172 125
    13 251 7 9 255 129 255 251 200 248 23 50 9 69 159 201 255 230 71 195
    74 107 30 221 45 154 44 255 54 3 205 228 69 74 172 109 32 255 83 138
    255 221 76 195 219 38 44 199 164 167 234 111 177 75 90 116 8 0 249
    255 228 164 226 250 255 1 186 3 26 255 164 255 204 180 205 255 255
    153 255 123 255 255 255 9 253 228 255 233 108 0 192 189 161 232 255
    173 246 255 205 61 57 239 20 255 116 255 134 19 129 255 195 255 255
    132 85 143 179 233 255 63 255 3 97 107 98 63 60 121 34 187 59 126
    255 192 183 36 255 255 255 179 183 28 251 164 39 46 161 255 255 255
    84 228 35 159 148 237 255 84 170 208 184 96 241 0 138 209 10 183 138
    249 244 199 255 219 38 175 178 155 85 253 237 254 135 242 202 246 32
    255 81 48 105 143 195 169 185 255 195 32 177 66 254 24 236 197 108
    154 142 185 146 243 191 69 142 104 255 73 38 7 242 1 255 255 115 255
    81 69 138 102 102 121 30 48 255 9 18 74 41 130 156 95 255 20 7 124
    255 187 255 5 126 214 31 48 209 255 144 71 36 128 229 64 60 174 157
    255 129 255 178 255 97 187 127 72 111 25 255 244 255 243 4 59 255
    138 69 205 198 243 255 211 245 255 8 255 218 249 13 230 255 24 149
    124 237 172 253 174 30 247 158 239 54 24 213 106 143 228 104 255 255
    119 246 189 155 132 28 12 129 255 161 255 255 111 208 255 179 166
    148 255 213 255 65 99 255 177 144 2 255 148 255 180 97 136 167 140
    255 125 183 255 6 238 113 171 139 26 177 195 255 84 255 143 43 97
    100 215 255 255 145 32 23 103 15 255 94 43 111 186 79 15 7 162 255
    145 97 110 79 192 90 207 104 62 116 255 36 255 219 255 121 255 57
    138 255 39 255 192 255 13 118 5 104 96 233 11 93 255 243 29 255 151
    71 255 191 138 190 28 146 231 255 10 111 25 1 255 242 154 20 255 255
    118 195 143 61 111 32 97 131 255 255 227 237 255 64 141 255 97 255
    255 153 218 131 153 177 80 130 108 244 239 19 255 134 236 56 2 255
    255 201 8 161 218 5 216 248 52 152 12 64 255 138 110 255 85 115 205
    45 31 255 104 233 255 125 17 139 59 99 139 171 222 255 27 255 255 59
    255 152 185 222 255 148 255 57 255 157 184 196 102 0 164 20 255 102
    220 255 246 255 228 197 57 255 102 32 197 248 206 151 88 41 216 199
    255 255 224 164 131 89 253 228 79 223 161 84 229 255 187 180 118 247
    255 36 192 101 54 143 96 156 170 66 255 206 166 239 255 255 255 255
    144 233 133 203 61 255 78 255 158 163 25 204 23 255 82 68 205 44 68
    34 232 125 255 113 204 255 155 129 255 214 115 255 183 89 255 134
    255 255 152 70 255 115 8 110 221 159 207 22 234 118 86 239 36 174 96
    195 49 32 138 96 224 255 151 53 149 214 255 161 240 239 16 107 97
    102 86 10 255 1 255 215 183 255 255 153 215 5 60 144 195 254 211 189
    82 85 231 213 6 71 187 255 255 183 57 255 121 127 93 251 51 255 168
    255 255 126 255 255 255 113 255 1 171 172 225 177 46 6 143 57 255
    246 255 176 255 162 34 36 255 255 255 10 158 255 255 58 60 255 11
    126 218 105 113 30 166 10 255 216 143 255 199 255 44 199 234 164 113
    191 255 79 255 255 91 132 118 110 255 255 238 245 66 66 20 228 130
    245 146 214 206 223 94 145 255 88 183 185 65 234 5 78 33 230 225 41
    205 133 112 64 255 121 92 106 213 151 157 46 54 112 243 255 208 227
    255 78 255 254 55 255 75 243 255 172 56 255 182 16 255 108 230 115
    255 20 20 28 255 224 136 136 255 15 21 171 182 69 255 79 142 1 141
    38 255 85 143 60 141 119 255 255 136 121 130 166 143 52 168 255 255
    55 255 255 255 208 87 254 247 255 174 98 203 85 255 226 0 52 255 107
    255 255 164 253 223 54 111 59 85 255 72 168 163 198 255 204 255 255
    190 220 74 10 255 255 136 197 179 134 103 239 79 177 135 111 100 196
    201 255 255 234 255 219 43 244 30 255 116 255 255 31 128 121 255 111
    5 28 125 50 255 8 255 133 101 78 255 174 255 255 68 29 255 215 141
    215 115 173 190 7 27 255 29 53 57 75 10 103 187 229 255 69 255 103
    107 42 11 255 32 255 244 255 7 181 255 249 18 255 171 195 60 189 76
    31 102 129 255 255 68 255 198 103 73 152 70 255 255 163 74 255 255
    224 2 255 255 5 36 255 52 176 241 255 100 246 71 219 150 20 65 80
    243 22 116 16 172 255 103 87 121 255 92 155 255 110 90 8 247 121 255
    139 14 255 48 243 166 47 255 255 91 116 255 255 65 255 213 0 255 76
    255 43 255 189 255 47 234 255 94 116 131 157 253 255 46 38 130 255
    56 89 86 178 171 142 140 107 236 238 97 255 56 75 98 66 255 50 68 11
    97 255 255 51 199 255 37 138 100 55 33 123 255 255 255 195 162 255
    28 215 123 53 150 255 152 243 143 255 132 72 255 3 79 134 247 255
    172 74 255 81 82 236 135 204 84 91 255 21 210 127 105 147 27 185 53
    255 11 120 9 255 63 10 255 228 65 238 255 103 151 78 255 128 255 186
    16 50 210 255 158 25 255 49 206 85 55 10 21 169 186 171 221 203 118
    163 194 255 216 106 77 140 143 255 228 150 248 112 129 20 97 84 93
    51 194 221 92 196 74 255 255 255 36 160 255 78 218 255 16 255 210 55
    167 255 255 22 93 66 217 185 221 255 255 37 255 255 1 131 220 23 18
    255 235 255 255 94 215 46 255 13 62 142 255 116 169 71 92 72 116 255
    255 237 23 190 255 255 223 52 157 252 215 85 75 242 255 106 42 255
    131 0 198 95 53 18 124 167 255 17 255 255 82 253 255 255 53 13 228
    45 74 65 251 255 208 62 255 239 152 123 81 215 128 138 251 98 125
    255 255 83 255 255 56 180 215 27 255 5 102 255 138 163 255 90 173
    255 8 255 223 255 77 64 141 63 180 255 217 191 90 119 116 221 129
    195 157 180 82 226 192 111 151 197 144 255 255 104 126 187 129 141
    86 124 5 219 169 187 140 255 49 205 255 243 55 255 84 73 208 230 57
    17 166 255 241 89 255 238 255 39 178 255 200 242 255 255 233 92 225
    45 61 197 39 164 216 255 67 141 232 255 167 152 57 255 3 255 162 107
    255 239 224 255 115 61 255 126 243 33 35 168 255 22 135 255 213 157
    255 74 255 197 187 146 116 17 167 255 247 255 255 128 196 255 234
    199 255 39 120 5 209 255 100 255 174 243 55 255 255 195 117 255 17
    59 172 209 120 255 41 152 255 28 6 130 233 148 205 112 255 212 254
    255 80 135 232 236 145 227 118 134 122 255 55 74 44 236 89 210 120
    126 202 208 242 255 255 197 102 154 141 255 242 231 143 225 205 255
    172 245 255 126 191 59 23 89 116 255 120 255 152 220 25 145 255 116
    123 78 255 30 96 210 101 140 251 112 238 255 64 31 255 84 192 255
    242 159 255 188 121 139 178 255 208 255 99 255 255 143 255 177 13
    233 44 9 255 207 255 255 25 97 212 208 255 255 97 38 238 65 122 255
    117 255 215 62 255 225 21 255 255 95 168 251 1 218 207 124 48 116 55
    255 189 226 255 223 255 255 138 155 255 246 19 255 255 228 6 255 15
    219 69 255 246 146 235 48 255 47 255 255 96 134 255 136 255 255 170
    255 89 255 38 239 144 143 255 254 42 169 66 66 110 226 50 93 101 94
    255 142 117 171 125 255 216 93 139 255 176 82 164 226 8 185 239 182
    255 255 255 255 255 101 0 32 106 2 81 159 255 180 255 243 22 76 166
    255 101 246 135 98 248 75 131 202 116 1 193 255 225 255 117 255 255
    129 138 66 72 53 255 134 255 197 120 251 255 87 153 187 218 242 255
    182 239 255 34 200 210 116 222 85 19 90 36 234 65 148 178 255 87 171
    134 175 217 140 255 255 176 102 72 255 89 17 236 79 195 229 182 122
    255 255 86 223 49 239 167 80 154 205 138 96 136 255 215 237 255 79
    103 255 226 78 180 141 251 208 177 135 251 78 223 93 2 255 79 9 255
    236 166 83 190 85 255 139 245 1 164 217 177 157 225 66 18 154 255 36
    255 255 167 10 144 255 157 46 255 255 255 202 53 50 255 8 158 18 40
    217 97 30 17 238 35 255 230 67 255 255 140 255 64 163 255 255 182
    115 128 130 146 113 255 255 241 254 208 79 211 158 69 140 255 255
    164 96 255 142 153 138 60 47 80 48 43 255 145 157 75 86 255 255 19
    90 255 189 203 212 79 214 148 157 186 255 225 73 139 8 9 255 148 255
    26 51 115 33 113 79 149 124 208 255 81 255 144 255 243 59 26 37 174
    255 255 41 198 255 71 157 167 255 176 186 10 72 200 255 104 255 231
    255 255 234 110 110 239 103 51 255 224 255 30 196 29 133 255 96 205
    219 70 79 59 194 238 53 255 169 100 47 255 219 255 159 151 39 2 164
    132 255 130 28 255 63 37 255 101 168 151 46 141 255 216 255 134 62
    189 80 255 48 255 27 127 255 196 120 184 88 255 255 199 76 107 166
    173 255 187 9 220 62 57 43 242 134 255 3 157 255 244 238 255 81 166
    41 11 197 3 103 1 190 73 176 197 64 255 241 189 94 255 161 132 5 251
    208 207 248 255 69 215 1 255 37 132 255 63 106 255 111 181 221 227
    248 255 219 33 255 46 200 195 196 255 230 158 46 134 129 93 210 187
    127 38 106 255 180 96 255 212 36 15 213 240 157 255 145 60 255 86
    118 255 248 225 177 132 33 56 6 39 255 1 204 93 59 255 71 168 186
    255 189 18 255 232 255 149 23 98 230 157 255 62 141 132 54 255 45 49
    115 34 233 226 79 71 207 164 126 139 206 61 188 43 67 255 171 20 243
    45 41 100 255 75 113 94 255 157 38 38 16 255 177 139 164 255 88 242
    255 173 42 66 164 101 255 132 185 189 107 48 8 84 97 66 210 255 182
    151 125 255 77 141 18 2 64 80 255 108 148 240 52 184 143 255 185 20
    102 255 208 233 93 189 255 166 206 94 8 158 113 102 39 189 255 255
    45 215 163 255 71 100 255 92 2 116 167 89 233 97 223 88 254 47 255
    21 255 255 16 39 34 226 170 93 41 18 255 57 223 94 255 32 255 255
    138 234 98 69 152 103 206 115 162 209 122 255 225 181 243 23 134 16
    185 17 141 77 78 255 96 74 253 91 255 213 116 64 255 35 145 255 196
    255 123 185 46 255 121 255 48 113 164 125 21 108 69 255 45 255 119
    163 115 116 53 11 45 183 255 182 255 255 255 185 105 144 255 255 47
    206 255 251 255 203 87 117 255 110 24 255 98 253 220 73 118 177 138
    224 111 255 50 255 81 148 157 191 241 115 200 255 28 208 18 98 255
    111 255 69 83 26 101 144 255 244 243 193 86 162 212 18 27 5 112 31
    167 223 88 255 4 52 248 255 43 33 248 65 198 133 141 255 255 143 255
    188 121 26 0 255 41 151 76 198 147 153 255 130 255 8 55 148 239 96
    178 8 95 33 236 191 255 93 31 89 7 55 157 254 82 53 255 255 255 255
    136 11 143 249 110 255 84 196 152 223 255 120 255 122 38 148 134 216
    182 134 255 37 171 69 161 250 255 255 255 255 255 183 43 181 31 223
    100 121 255 134 74 255 3 255 255 199 28 255 69 98 25 234 59 25 51
    255 113 255 233 210 255 168 255 255 248 67 255 194 255 38 255 46 167
    56 126 85 70 255 6 82 255 139 172 118 15 104 25 119 255 185 246 41
    255 68 125 46 200 19 255 119 107 255 198 136 30 0 15 164 140 225 149
    117 199 255 255 236 151 255 255 255 205 253 255 142 255 255 159 187
    208 47 10 255 200 247 39 180 224 255 168 255 255 244 255 162 145 255
    139 2 136 255 39 255 93 67 141 146 30 197 157 101 121 169 36 181 255
    211 84 255 48 255 139 95 189 255 46 135 90 18 255 111 172 255 97 87
    253 28 16 71 255 255 84 34 142 217 159 192 229 255 177 186 255 20
    140 255 120 84 255 30 232 49 196 246 179 210 174 110 10 38 255 171
    255 255 66 194 255 190 55 111 47 135 255 255 107 239 37 227 255 255
    102 85 207 189 255 84 33 255 162 51 220 253 41 255 143 255 84 255
    155 8 123 85 10 103 228 244 201 62 192 255 75 156 75 238 255 176 89
    255 4 120 38 64 69 255 254 34 11 253 255 255 255 78 82 200 246 244
    200 228 115 151 62 255 150 255 255 180 159 200 115 167 255 35 3 0 50
    164 255 37 255 212 197 118 255 255 255 255 239 144 255 214 225 187
    200 38 102 255 255 5 163 134 255 8 117 238 21 255 113 86 14 38 134
    48 255 255 78 236 255 87 71 211 38 64 87 122 255 253 0 164 255 141
    255 101 74 215 180 203 255 180 141 218 131 232 157 218 159 233 150
    255 10 255 189 255 255 15 21 41 185 255 197 241 255 57 255 34 8 255
    52 142 159 166 83 52 0 187 62 255 171 255 234 228 167 255 78 102 255
    129 255 39 144 29 72 181 162 244 188 75 134 235 255 255 170 4 210
    129 118 136 75 27 128 238 246 255 171 255 255 64 245 255 107 255 255
    21 206 255 255 99 156 216 211 92 91 52 82 177 145 213 230 139 10 255
    255 120 255 5 116 255 131 164 142 66 156 226 19 255 182 17 69 116 92
    255 130 97 255 206 255 98 252 255 80 0 187 233 132 255 192 242 42
    138 255 57 39 218 71 255 25 255 59 209 121 234 75 140 89 116 255 190
    82 229 255 255 68 51 38 88 98 27 87 255 206 104 255 211 71 179 189
    223 213 158 236 95 154 139 128 136 255 255 94 255 136 214 66 189 255
    192 107 95 89 156 28 8 21 128 239 255 116 186 243 251 160 226 244
    201 84 192 255 255 113 160 0 229 17 255 27 255 161 72 255 5 10 255
    255 253 255 79 171 65 111 76 14 61 191 46 255 192 255 255 81 255 255
    255 255 255 255 192 255 200 46 255 235 124 255 93 196 67 194 19 255
    73 31 134 124 255 85 89 255 255 188 148 248 255 120 228 255 122 255
    235 53 255 255 3 255 30 236 255 148 36 185 8 113 133 26 255 255 3
    159 255 3 255 52 166 138 225 15 255 85 168 255 87 124 200 255 176
    255 255 91 180 95 221 115 233 37 153 216 48 239 255 227 255 64 58
    241 136 62 238 85 7 206 254 56 99 30 100 15 255 50 255 77 85 255 255
    47 46 5 49 255 255 176 118 98 210 158 130 30 186 89 41 255 255 102
    255 255 126 206 207 96 204 28 114 224 102 188 17 11 246 33 255 197
    218 43 135 255 212 227 220 255 205 6 152 29 227 255 154 185 244 198
    69 134 54 255 255 255 56 255 230 255 255 17 255 255 112 243 152 73
    62 249 145 201 255 255 130 255 209 132 255 27 255 255 115 255 255
    218 217 62 194 243 15 247 155 164 164 102 152 79 255 255 119 159 182
    34 28 110 255 236 238 191 146 20 255 135 255 174 6 255 70 214 255
    255 245 89 172 94 130 243 255 255 255 255 255 0 90 25 234 92 125 255
    55 98 111 197 255 31 174 255 133 153 255 232 255 69 125 255 255 1 70
    116 252 140 107 117 222 110 247 255 13 110 229 248 147 255 207 134
    55 38 174 238 255 89 158 212 246 96 255 221 163 223 202 255 255 59
    41 61 253 79 255 148 43 105 121 246 43 1 73 255 176 255 255 186 248
    74 255 102 255 107 22 41 67 19 71 112 255 255 185 173 255 58 8 255
    72 255 251 255 178 255 255 247 125 255 194 59 34 255 195 162 227 212
    129 255 255 11 174 241 70 233 255 27 255 255 94 234 197 247 255 255
    58 255 255 216 255 215 178 68 138 107 255 255 255 17 255 229 106 238
    188 134 57 255 229 110 147 173 231 2 115 23 62 192 243 30 106 255
    209 28 255 40 94 200 182 10 113 253 239 200 210 9 100 114 166 157
    189 28 61 138 23 193 111 255 177 255 126 236 199 213 255 95 255 2 55
    255 255 255 113 255 255 253 189 124 178 255 253 38 255 48 153 169
    148 255 136 166 38 161 79 253 25 106 255 66 86 3 85 113 255 255 166
    124 210 154 64 255 76 47 255 229 82 184 216 32 255 123 108 90 163
    246 223 54 194 203 225 20 255 41 171 255 196 255 116 240 255 36 25
    116 255 15 255 113 252 250 149 195 36 189 229 255 255 113 166 167 12
    15 233 173 255 179 91 5 134 206 50 197 95 255 82 248 45 255 3 201
    110 84 47 171 239 196 116 148 241 255 94 218 74 122 174 215 245 52
    255 112 9 11 197 201 233 189 22 69 19 116 36 104 177 255 19 104 69
    12 112 218 3 34 255 0 61 220 72 9 255 190 255 255 211 227 13 206 255
    255 255 120 102 8 87 8 154 28 255 205 60 190 205 255 255 255 255 200
    121 62 255 178 255 255 138 255 255 179 31 255 6 255 255 230 93 255
    67 227 49 27 187 128 206 157 123 179 48 255 76 145 255 255 241 255
    12 9 236 255 250 255 255 61 187 8 18 213 189 59 255 255 189 255 223
    228 3 226 255 255 187 255 59 233 185 255 22 246 255 10 115 85 110 24
    228 76 213 255 232 118 18 202 25 64 225 255 208 28 148 202 173 38
    187 255 28 74 44 94 255 252 255 136 134 255 255 3 62 89 23 3 255 143
    135 43 213 118 48 166 242 255 220 121 255 40 231 255 76 75 64 133 47
    36 112 255 255 195 39 80 189 255 255 59 182 255 25 79 255 144 251
    255 79 255 255 239 197 255 38 158 156 232 20 120 95 141 254 254 200
    249 255 5 123 174 110 207 49 242 11 162 103 255 53 183 171 10 255
    255 240 139 90 39 32 255 116 255 255 230 255 255 1 241 255 208 255
    92 111 101 34 255 130 125 46 255 180 255 210 255 47 225 255 179 255
    161 209 138 121 201 10 46 229 36 255 255 211 255 253 162 69 67 14
    123 105 255 21 73 246 118 50 255 255 27 158 255 194 197 21 158 75 10
    242 177 15 48 48 95 187 19 255 248 33 238 31 108 255 94 255 46 255
    173 166 247 78 52 197 42 255 8 17 123 150 232 255 131 255 64 125 255
    139 112 94 34 58 166 85 141 252 223 242 238 255 8 150 10 170 94 146
    164 255 255 1 255 255 121 23 241 117 129 48 254 255 255 235 153 255
    157 200 255 235 164 43 59 34 255 87 159 255 135 153 184 81 255 90
    103 17 255 32 15 255 44 61 255 60 22 202 73 195 28 130 125 113 83
    159 221 113 131 28 68 47 8 255 255 216 140 122 102 34 255 244 115
    210 148 48 255 190 56 255 255 135 93 255 153 255 52 255 173 255 170
    31 255 255 176 255 229 255 255 239 158 255 176 99 44 9 255 255 122
    255 80 204 250 255 207 190 69 3 104 48 32 163 255 255 236 255 189 74
    34 109 38 249 180 18 255 41 217 255 183 121 255 44 255 255 255 38
    255 85 255 138 208 36 85 192 153 213 58 149 255 178 8 255 76 88 131
    180 255 52 214 42 255 83 80 48 209 252 139 255 208 255 167 111 44
    148 69 38 92 80 255 255 187 255 32 190 255 223 56 248 176 159 107
    227 94 182 105 255 138 210 11 255 11 255 255 134 33 18 34 255 246
    195 255 255 255 196 255 11 29 184 75 37 174 236 90 54 185 255 10 255
    255 255 255 233 39 20 87 166 64 166 255 194 223 61 117 231 80 251
    149 89 138 158 116 11 23 44 3 14 255 233 255 255 252 116 255 255 178
    121 13 255 118 8 238 21 248 10 171 62 22 255 125 225 121 255 223 192
    30 237 180 45 9 103 18 255 190 128 255 255 255 255 21 196 106 11 26
    228 228 39 255 255 136 255 255 255 45 255 253 187 182 255 57 190 191
    6 182 229 228 255 77 146 118 10 94 255 37 69 255 38 255 255 43 222
    251 217 17 255 255 176 134 169 252 23 141 32 87 166 33 255 76 233 48
    244 208 255 255 237 253 123 71 111 186 149 61 172 255 146 255 172
    255 20 82 166 238 220 255 142 194 126 221 255 221 64 90 197 232 209
    130 41 255 111 121 255 202 27 136 255 185 88 51 255 24 255 221 73
    108 22 108 255 158 66 179 177 62 255 149 190 255 220 88 198 107 32
    230 29 209 255 145 255 255 23 52 66 107 168 255 235 148 16 87 241
    205 202 255 133 130 255 255 15 181 246 255 108 255 255 23 255 225
    228 255 187 152 255 133 76 62 255 34 164 3 224 128 253 237 255 255
    255 255 177 70 221 117 14 128 45 255 172 121 255 89 136 255 159 4 17
    255 77 255 200 86 204 151 138 74 255 207 47 33 23 89 36 54 239 164
    194 51 134 35 204 255 56 255 255 179 19 92 72 157 255 255 255 244
    255 255 248 195 33 255 64 132 16 202 102 121 50 219 255 214 144 255
    164 24 133 205 104 255 106 158 16 20 5 202 255 101 85 255 17 197 238
    255 243 98 192 34 50 121 41 132 55 34 232 169 255 78 124 255 103 255
    52 79 255 255 58 255 143 139 252 79 142 33 228 116 43 213 66 200 255
    249 127 215 74 255 98 116 255 44 144 167 30 204 245 255 113 231 255
    39 174 174 255 255 0 178 225 255 122 255 179 112 51 255 106 255 59
    150 255 255 112 5 167 247 213 212 220 242 225 84 210 149 104 163 157
    152 255 255 47 220 115 131 157 255 228 255 134 124 255 30 105 78 62
    204 97 255 190 45 125 192 182 10 170 139 223 255 242 255 136 255 36
    107 209 105 62 139 143 234 225 255 248 126 92 223 158 192 29 255 226
    142 55 255 70 131 189 162 19 255 100 194 116 155 251 255 150 197 255
    92 10 215 31 255 255 4 11 110 124 255 182 76 255 200 19 159 210 170
    125 187 232 116 254 171 110 198 124 208 255 152 129 103 223 180 255
    116 255 231 105 69 77 249 255 126 191 255 255 152 255 213 255 18 255
    32 178 255 188 248 255 187 197 238 13 13 255 255 239 255 180 36 10
    10 31 25 247 189 255 7 42 126 84 130 128 185 116 38 249 255 255 255
    143 255 115 141 38 65 130 111 205 93 62 58 14 255 104 171 184 123 17
    84 143 191 38 107 14 13 37 34 87 60 94 255 139 107 89 234 43 255 39
    255 202 45 145 11 255 149 207 124 185 255 237 255 71 208 208 46 58
    183 213 198 246 185 124 129 16 148 255 255 74 33 255 2 245 139 89
    255 255 82 33 255 255 138 251 183 5 175 185 255 51 32 145 255 235
    157 3 98 46 87 227 31 8 56 225 255 78 255 225 45 255 255 87 70 157
    161 50 255 162 236 255 162 255 15 255 125 190 36 190 255 221 160 255
    100 118 10 243 255 255 105 255 255 84 239 255 255 160 130 142 213
    134 255 25 136 98 134 162 221 48 21 242 222 255 181 83 75 15 65 126
    255 71 25 233 71 52 88 29 231 50 29 200 60 238 255 178 56 255 88 190
    255 151 3 154 73 255 255 134 19 115 41 190 255 88 148 197 101 96 255
    68 66 105 124 116 255 28 241 0 21 255 92 102 186 133 206 38 77 91 43
    141 29 167 38 75 140 255 154 159 18 116 189 203 169 255 200 255 132
    66 123 169 255 224 96 197 255 210 255 131 108 255 243 17 185 91 246
    33 48 104 120 38 59 107 100 211 255 244 84 255 141 255 255 43 78 255
    83 255 246 224 46 85 226 217 255 240 141 139 255 41 121 190 246 169
    74 255 255 190 112 255 211 64 255 205 149 244 228 76 107 117 255 130
    56 160 20 56 3 255 31 190 255 239 255 185 235 51 255 113 124 253 97
    51 51 116 255 255 255 255 212 253 255 197 105 243 164 43 223 130 94
    24 255 255 131 255 37 209 79 19 185 255 254 152 120 59 13 71 186 213
    95 255 87 121 204 20 49 4 232 77 128 160 121 112 225 69 37 150 226
    32 201 255 174 255 46 144 129 255 43 255 172 85 125 203 172 99 255
    67 115 255 128 23 126 114 252 172 147 132 62 199 255 54 208 255 111
    47 255 255 125 140 255 163 195 226 158 211 255 69 32 52 255 185 192
    121 146 255 141 186 255 240 255 92 54 182 120 119 255 200 82 180 255
    255 255 177 168 178 144 255 1 255 75 99 205 31 255 255 84 173 255
    160 134 255 76 29 255 41 121 255 79 158 221 163 255 44 72 74 123 116
    79 164 74 197 255 169 245 255 178 22 226 107 120 255 106 121 30 168
    194 243 70 34 255 154 255 15 69 255 121 176 103 255 27 45 255 51 190
    64 255 122 195 59 173 255 244 255 113 22 29 255 75 111 255 255 140
    255 246 102 255 72 104 110 115 74 255 228 6 195 138 50 182 39 255 82
    85 225 133 205 140 255 206 65 33 85 229 255 192 118 226 30 255 190
    176 46 255 70 152 255 72 61 255 113 33 255 110 239 255 2 255 236 25
    201 180 190 136 212 104 65 203 227 98 133 29 66 23 188 241 244 255
    121 154 88 255 255 86 79 33 235 80 255 233 224 30 255 255 23 50 18
    246 39 32 93 253 181 169 21 189 197 82 39 80 20 241 255 255 189 255
    214 53 255 210 218 255 130 255 85 139 46 234 254 180 255 149 178 48
    69 255 255 167 255 255 170 104 255 41 255 189 197 197 255 152 255
    255 255 234 143 255 154 64 199 213 146 18 255 128 125 53 255 135 112
    108 100 171 255 31 29 255 51 245 218 59 37 255 204 146 255 54 255
    225 120 197 248 98 89 255 47 168 255 237 197 221 73 61 255 255 255
    26 204 255 255 83 111 255 36 255 255 138 22 255 29 236 31 129 255
    255 173 167 93 68 225 156 235 255 103 18 50 169 255 255 225 32 255
    130 219 255 254 0 10 255 81 79 255 238 215 241 249 231 255 133 255
    180 114 62 89 100 209 255 255 255 46 169 243 34 159 48 108 17 163
    171 151 101 223 126 255 102 182 255 197 67 191 26 209 251 195 214 89
    255 70 220 255 112 180 131 225 255 255 182 160 255 167 79 255 221
    204 184 47 255 92 103 159 143 122 108 72 217 96 249 123 220 255 255
    255 172 255 209 255 82 201 233 144 255 67 12 222 202 30 255 0 162
    178 255 135 20 143 62 255 255 171 255 255 253 80 255 213 135 82 163
    242 255 245 69 255 64 171 255 179 174 255 202 255 26 145 116 177 255
    246 108 255 28 241 136 115 182 195 90 138 255 255 130 233 61 255 110
    79 11 123 255 255 169 50 175 170 5 255 55 27 255 15 117 156 8 46 255
    8 76 255 55 29 182 22 255 110 171 255 255 255 233 255 84 255 156 110
    255 52 255 160 255 235 48 202 106 65 123 170 88 255 172 55 255 208
    238 198 93 255 255 119 190 8 87 255 255 38 129 213 213 255 128 97
    146 190 138 234 255 40 255 143 81 73 255 12 10 169 49 141 255 86 255
    255 180 139 136 145 180 174 255 255 255 223 232 49 239 255 233 187
    210 255 112 8 255 104 97 249 255 222 255 17 182 57 25 38 255 37 73
    33 122 108 77 0 255 255 91 1 95 255 255 255 12 203 95 74 3 16 19 255
    84 101 82 255 180 255 157 85 172 51 255 255 152 89 255 185 206 194
    139 36 85 57 49 205 57 62 66 30 213 115 111 255 237 46 49 255 255
    255 65 72 180 255 172 164 102 190 186 255 255 160 38 255 77 140 216
    255 13 90 201 65 197 176 15 255 103 255 23 170 196 90 2 22 143 244
    255 255 111 173 255 255 187 138 6 173 255 22 255 197 134 1 255 79 47
    255 38 255 255 147 195 143 65 215 205 242 237 187 163 70 255 214 255
    18 147 171 255 178 231 90 113 203 151 249 255 10 39 255 138 154 163
    151 69 32 255 153 255 162 6 29 255 179 255 123 237 255 80 136 69 213
    255 75 244 187 250 205 236 255 126 221 208 185 19 117 212 255 11 255
    10 69 255 138 57 172 28 112 255 119 239 89 34 234 255 86 55 255 188
    255 218 255 101 126 255 218 215 204 222 255 120 60 156 172 255 184
    58 255 93 96 255 138 166 69 243 106 10 255 211 57 255 10 85 255 182
    187 255 34 255 255 174 255 125 107 187 255 102 70 255 123 96 134 186
    111 255 86 38 30 139 32 255 3 255 255 120 186 115 12 9 171 124 61
    255 255 76 167 116 41 255 140 8 255 164 126 134 255 253 115 153 101
    255 76 155 141 232 90 254 53 145 255 181 143 255 133 168 36 234 126
    218 226 125 255 22 200 255 151 108 120 60 130 80 96 255 255 245 69
    169 255 195 255 64 255 255 255 255 223 242 203 255 9 106 255 139 255
    177 185 37 255 120 6 255 77 125 255 254 251 161 255 245 162 83 242
    146 174 255 255 10 231 72 225 157 255 249 14 7 255 159 255 210 135
    221 91 255 216 176 214 46 6 214 255 255 121 255 178 37 169 238 34 36
    202 144 255 10 68 255 242 6 166 167 200 255 223 143 190 34 41 220
    192 126 255 255 4 255 104 189 255 255 205 61 1 222 20 255 101 184
    150 18 39 191 8 255 126 255 174 57 106 218 72 225 197 142 118 120 85
    253 151 89 255 255 154 255 195 248 187 255 31 189 57 69 80 255 181
    145 255 122 139 189 136 160 162 103 215 255 215 255 148 204 255 255
    177 176 228 107 163 255 249 174 255 2 154 255 143 191 41 128 10 120
    168 28 231 255 236 64 255 186 223 87 196 255 133 117 166 141 255 5
    74 255 130 216 104 120 189 89 84 255 196 184 6 93 255 34 255 255 244
    141 255 149 28 255 141 115 110 102 255 255 76 204 216 128 255 26 140
    237 169 201 38 255 69 69 64 104 56 255 218 255 255 63 209 120 223
    113 255 172 255 255 104 66 255 233 102 255 166 52 64 86 155 213 123
    164 223 91 200 159 255 255 255 255 87 195 107 201 226 48 255 255 255
    238 39 214 97 234 238 121 23 76 251 255 255 223 167 115 255 189 78 3
    193 148 255 215 49 203 198 62 255 85 11 162 234 145 255 255 112 242
    7 44 243 255 148 255 69 190 203 174 216 155 255 72 255 212 28 255
    255 62 172 255 18 148 193 201 253 164 76 206 74 94 39 255 167 115
    115 46 219 203 255 25 255 217 255 49 245 159 223 177 82 110 230 71
    144 245 177 56 93 157 11 252 167 255 255 185 203 50 36 255 141 173
    255 255 47 255 85 255 255 148 203 255 40 255 255 198 80 31 177 36
    197 255 159 255 87 192 255 116 197 255 72 197 184 104 121 28 23 38
    255 182 172 255 107 181 66 255 93 154 51 107 159 114 255 31 31 89 89
    149 135 253 123 210 255 167 97 179 86 255 84 235 131 175 255 143 255
    111 222 57 104 255 255 144 48 251 199 255 61 200 125 56 208 163 255
    64 132 36 194 112 255 130 255 255 109 50 255 237 79 255 154 172 255
    45 163 30 136 243 255 255 255 164 31 255 116 223 20 255 255 167 255
    105 255 44 150 20 77 114 113 190 77 57 251 245 227 255 84 78 193 74
    146 234 218 255 255 21 255 251 47 210 255 224 208 255 238 50 59 76
    73 174 124 234 31 26 174 255 119 255 255 252 62 255 199 162 231 255
    255 67 51 255 198 198 255 167 143 127 255 56 232 255 195 255 164 37
    145 179 3 148 220 77 255 148 255 189 133 164 255 255 255 141 89 204
    124 243 180 255 57 46 84 255 120 85 239 155 255 152 106 45 49 74 181
    255 50 107 255 192 51 255 136 255 255 208 223 118 26 255 72 215 132
    10 13 38 87 126 255 255 246 1 255 237 238 44 47 6 236 215 255 113
    244 90 225 1 135 110 155 92 52 255 27 255 255 69 255 84 255 125 88
    255 255 224 255 255 34 135 190 236 225 255 13 20 72 251 98 255 255
    24 52 171 22 192 50 223 39 39 234 116 87 20 228 160 34 255 136 75
    254 34 255 255 255 255 205 107 171 15 114 255 255 31 70 255 215 255
    210 67 11 185 69 215 255 187 11 220 34 255 146 195 255 87 182 88 255
    53 120 113 150 14 56 181 186 255 8 134 255 138 239 243 76 66 77 245
    220 255 6 38 255 144 205 255 192 243 131 116 255 255 158 255 255 154
    110 255 128 255 97 227 131 255 232 136 152 254 160 185 211 255 131
    255 252 111 129 237 255 82 232 220 157 61 84 192 255 255 245 196 31
    133 196 255 229 146 255 1 154 255 200 218 38 255 65 49 205 220 205
    83 106 139 117 214 115 179 251 255 133 23 100 88 163 218 239 164 241
    142 112 77 27 255 255 104 203 255 139 255 133 180 87 0 251 171 255
    160 6 187 7 255 251 149 255 255 197 32 111 255 255 255 148 158 220
    247 139 25 244 255 255 254 39 234 188 48 255 83 113 255 201 62 255
    22 211 164 98 255 255 138 153 255 255 129 226 27 146 255 59 233 255
    211 157 255 166 255 31 54 233 230 98 102 136 153 173 198 124 45 255
    15 255 255 186 84 230 253 209 221 253 255 56 198 113 118 63 50 255
    255 255 255 145 19 126 180 6 255 46 255 246 123 150 255 255 227 56
    147 36 138 149 213 255 56 255 177 183 84 197 153 138 255 92 183 233
    206 139 255 131 36 233 84 255 207 89 20 30 107 22 255 225 238 33 109
    182 255 102 185 69 101 101 151 255 252 108 206 211 90 39 23 255 195
    139 223 154 255 255 199 192 161 204 176 15 179 255 71 117 248 80 78
    50 255 252 255 95 77 204 72 70 255 255 251 75 255 31 255 255 238 191
    174 89 52 255 167 154 26 4 255 159 149 217 255 62 255 255 36 155 136
    150 118 21 87 145 190 176 117 226 255 255 255 221 255 255 246 84 74
    2 136 220 84 29 255 3 122 255 43 167 255 93 59 167 157 94 255 168
    150 97 171 205 152 66 121 36 133 241 111 4 82 90 255 241 255 159 195
    226 255 217 255 210 69 115 148 217 79 72 200 49 119 140 54 255 255
    92 223 130 255 77 255 26 202 186 241 255 231 255 130 5 255 152 68
    207 186 158 172 173 56 74 161 255 233 129 206 162 7 238 43 149 229
    255 132 245 118 48 132 228 233 48 67 246 203 161 255 29 48 206 214
    25 89 255 79 101 20 167 96 73 139 227 78 255 182 231 236 171 255 255
    148 51 255 177 45 136 97 117 255 208 99 144 225 117 49 162 84 205 47
    97 33 218 20 255 13 122 255 97 255 85 101 52 48 255 200 226 133 255
    255 98 255 75 215 196 255 210 234 255 252 239 251 82 208 21 18 176
    255 207 125 59 28 186 255 169 65 10 70 233 255 8 146 15 247 104 255
    255 96 200 220 255 255 54 255 255 234 255 52 254 94 177 210 135 255
    255 227 97 201 24 75 69 84 213 173 227 25 185 255 143 40 39 248 255
    169 255 36 255 141 251 255 255 20 33 239 134 255 36 125 255 255 148
    136 107 202 255 82 255 180 255 220 255 255 126 126 105 95 145 236
    255 8 255 60 205 52 218 88 255 41 255 162 166 130 144 57 56 213 98
    61 255 129 135 255 199 200 241 240 113 255 128 225 255 28 255 0 255
    94 255 255 122 80 153 107 255 153 111 180 64 148 111 144 45 255 185
    247 255 255 158 255 196 159 72 255 37 139 227 108 115 252 53 255 120
    29 90 43 4 255 210 28 62 67 252 255 47 195 169 74 255 255 140 255
    255 249 51 59 136 197 255 182 167 255 130 159 159 140 76 72 46 204
    157 120 20 255 199 255 41 7 255 197 21 206 255 95 110 61 178 217 15
    187 255 13 199 138 255 236 4 90 255 255 105 255 117 255 29 251 255
    255 171 134 76 250 169 236 234 59 205 255 255 131 208 255 171 255 74
    113 208 34 72 255 255 94 32 255 233 134 92 255 18 255 247 255 148
    255 255 84 75 203 255 189 20 255 19 255 225 255 214 255 178 245 255
    233 146 18 120 141 255 0 84 255 255 255 43 9 120 202 60 88 244 54
    255 93 148 141 255 251 255 116 85 185 149 22 242 95 30 255 246 148
    90 255 177 20 177 191 255 255 56 111 255 225 208 255 129 177 146 207
    219 255 109 152 233 38 255 255 247 152 255 191 52 212 120 239 198 44
    255 36 58 43 231 174 173 95 207 186 255 104 48 46 135 255 255 178
    255 3 247 255 177 147 186 167 129 144 138 133 178 98 255 9 134 245
    255 79 15 255 156 58 255 255 213 74 121 101 9 221 171 232 159 70 160
    255 6 255 159 187 189 255 255 214 92 103 149 20 244 124 255 130 181
    255 50 34 255 111 197 255 255 255 200 143 83 255 255 201 255 239 15
    3 255 37 255 254 255 171 141 4 225 64 125 138 95 180 79 49 255 184
    85 255 255 2 200 255 255 47 255 102 31 255 112 255 121 86 171 79 183
    255 255 112 34 74 255 56 254 240 93 255 255 61 255 234 255 255 191
    104 177 9 250 174 226 46 255 255 194 255 21 152 141 119 255 23 214
    55 111 186 52 34 23 232 33 255 106 255 255 48 255 243 22 255 10 186
    255 191 84 62 223 53 57 19 121 255 255 234 182 255 36 255 55 255 255
    255 131 246 100 255 166 58 233 103 11 141 255 255 255 192 78 255 71
    105 122 134 163 205 255 31 168 220 255 0 3 191 93 255 188 78 197 255
    228 203 247 237 144 34 37 255 11 17 255 74 255 115 154 50 228 230
    229 184 93 185 203 255 139 255 224 116 255 255 209 228 97 93 102 126
    255 255 177 120 66 126 8 255 210 87 255 94 143 116 89 239 64 125 121
    255 96 255 128 7 255 71 173 18 255 185 255 255 97 255 255 84 22 255
    253 251 121 179 8 141 255 229 146 230 255 255 195 251 80 47 122 20
    166 255 255 77 36 255 100 22 149 171 255 108 255 158 131 140 195 255
    255 149 128 102 255 255 206 4 255 148 255 255 235 241 110 105 206
    230 133 255 149 30 108 205 245 118 215 172 159 255 245 183 255 67 42
    57 9 104 255 138 29 82 117 250 51 134 19 180 174 71 62 177 255 255
    143 140 255 248 224 255 39 176 151 35 255 172 170 246 255 112 200
    255 49 255 74 136 25 251 181 32 255 107 255 162 208 255 11 255 180
    161 131 66 49 255 70 80 237 255 255 112 169 249 76 195 185 83 255
    113 98 3 255 98 75 16 242 31 44 135 22 221 213 199 105 25 97 255 249
    0 136 55 17 193 67 69 255 74 14 139 245 24 116 123 0 182 234 51 164
    142 14 134 220 209 255 8 220 30 232 192 185 255 178 95 56 255 255
    134 255 255 112 61 234 255 148 255 58 194 82 74 255 26 214 211 255
    169 106 20 86 255 115 77 178 255 34 224 255 125 189 255 113 4 255
    109 149 223 68 255 138 149 255 255 141 8 87 150 101 255 85 19 146
    155 255 255 192 255 225 255 255 255 177 134 190 141 80 51 10 252 146
    191 185 193 173 255 255 28 251 102 105 28 255 249 177 255 211 205
    255 251 255 255 164 134 255 2 220 255 255 238 52 255 13 208 169 85 5
    255 255 54 178 112 80 147 201 141 85 57 255 220 189 69 126 53 149
    200 76 10 21 110 118 49 255 23 239 102 255 43 65 3 249 173 255 194
    225 255 181 186 225 255 23 255 100 255 77 41 167 39 41 195 84 74 74
    171 32 53 255 251 255 43 239 41 255 200 255 75 121 42 218 182 37 253
    73 255 223 198 255 0 239 29 28 22 78 255 111 187 185 230 190 255 243
    255 175 252 255 255 238 149 82 199 222 255 181 234 128 89 206 255
    174 71 255 147 252 46 255 191 255 151 181 20 50 255 80 38 43 255 200
    153 203 18 246 249 41 191 200 76 8 11 25 148 146 87 149 255 174 182
    148 239 122 255 87 224 36 179 255 123 129 204 255 255 158 195 68 191
    233 140 124 38 158 183 255 183 57 171 73 173 216 255 255 197 254 61
    134 255 239 82 67 159 54 91 111 255 201 83 146 7 255 74 64 255 236
    230 255 244 179 255 249 55 255 255 199 217 100 91 13 255 167 50 151
    164 255 255 150 78 166 255 255 255 76 94 3 183 192 177 252 47 255
    132 0 118 255 155 255 145 108 144 2 45 16 98 20 255 23 80 39 93 160
    172 255 102 62 255 27 238 39 163 255 181 245 255 213 107 255 251 1
    71 88 171 98 255 255 110 129 98 255 159 102 255 97 19 116 44 113 255
    139 255 8 255 56 2 229 185 208 255 102 255 255 252 230 255 106 255
    253 85 71 249 157 255 60 255 231 82 121 255 185 121 255 83 255 115
    176 219 16 39 255 146 187 110 87 171 27 225 255 18 69 23 73 15 255
    236 102 111 71 255 179 208 49 142 118 48 201 0 255 76 178 202 205 65
    179 23 59 111 30 177 25 157 172 167 46 42 18 255 99 255 220 20 255
    174 209 52 20 248 187 34 255 54 1 45 255 189 255 107 28 84 230 76
    255 255 255 211 255 134 24 128 136 255 255 22 255 118 151 94 43 22
    255 202 238 113 197 177 194 174 2 213 255 220 127 226 96 68 116 176
    131 97 221 209 26 22 189 38 201 255 110 70 10 255 213 8 255 49 27
    164 12 189 255 107 222 138 128 220 71 180 13 255 255 204 216 190 101
    253 111 228 255 81 117 255 152 149 116 29 143 213 235 255 255 39 232
    8 59 208 75 172 255 255 148 191 255 62 56 139 223 15 255 205 241 159
    54 186 255 25 99 110 72 22 5 211 255 255 230 22 34 36 76 111 181 19
    80 64 196 167 255 80 151 72 4 255 171 116 255 195 140 139 29 126 255
    218 182 126 23 255 255 49 255 21 194 20 111 100 110 180 29 182 255
    173 139 255 207 4 212 12 11 255 190 23 67 237 117 92 26 90 255 28 25
    233 129 186 46 15 150 255 236 177 246 3 241 7 225 255 115 1 220 255
    103 255 228 180 255 255 186 255 48 45 144 110 60 122 255 62 255 255
    132 85 255 17 82 36 179 255 255 169 9 190 101 0 218 110 145 255 255
    255 255 104 17 128 255 250 49 38 255 41 171 101 255 89 255 136 32
    255 46 23 36 249 181 90 61 3 176 131 151 222 74 116 144 255 171 251
    13 116 243 255 197 255 121 183 19 134 131 178 255 83 106 85 189 60
    62 173 229 255 72 154 255 182 205 39 255 239 125 65 236 98 11 132
    255 197 255 169 34 52 255 49 255 33 145 255 255 208 111 120 185 255
    56 124 153 241 119 79 5 131 160 255 101 140 190 255 255 255 27 255
    74 242 199 28 170 52 255 3 252 255 70 201 82 243 84 159 255 234 152
    39 255 255 15 255 136 77 227 175 255 255 255 151 125 255 54 255 255
    96 255 110 28 92 255 93 155 255 39 255 255 151 255 215 187 248 255
    132 250 23 79 90 185 235 28 93 224 131 84 167 124 255 206 69 255 192
    108 221 242 126 103 152 59 255 136 55 255 89 41 179 20 127 43 46 59
    82 255 93 57 141 129 41 120 41 41 134 57 107 136 45 255 7 168 255 10
    174 56 255 255 167 69 232 151 54 255 64 45 14 182 29 174 110 36 203
    255 210 236 54 10 134 138 143 255 255 238 113 164 138 227 255 79 255
    172 1 115 62 1 199 23 75 129 71 96 252 255 145 9 255 19 5 220 114 1
    255 128 39 255 17 4 255 197 140 13 228 106 215 255 255 202 255 255
    182 121 255 172 109 89 25 74 96 41 94 57 179 41 190 177 255 99 33
    255 255 255 40 233 5 3 23 64 121 52 85 238 223 212 149 152 118 18 59
    231 154 132 255 153 38 13 131 83 255 198 208 166 167 197 255 119 237
    185 88 176 67 26 135 255 238 255 130 4 217 208 95 36 33 76 237 121
    131 76 0 54 88 233 185 153 255 101 4 255 41 255 159 209 255 149 196
    117 80 159 140 151 255 107 102 50 169 156 200 94 152 215 178 255 59
    242 89 62 255 175 9 85 255 236 213 255 129 247 255 11 190 3 111 39
    255 225 41 225 253 204 10 83 108 167 19 164 187 177 255 241 229 28
    18 85 255 255 49 8 255 154 238 113 188 255 11 50 4 255 245 255 255
    176 169 134 152 131 98 109 28 215 254 227 255 63 93 255 158 210 202
    233 255 175 170 34 25 8 234 162 78 185 154 124 143 255 228 255 195
    179 34 255 53 89 223 111 157 139 117 255 255 161 255 51 102 231 26
    35 217 33 49 190 192 122 219 255 41 52 215 48 201 169 254 42 61 255
    9 255 255 255 255 9 148 255 130 190 255 66 177 130 253 255 255 123
    236 255 255 189 133 255 75 255 242 255 16 136 255 244 48 117 255 93
    43 255 255 5 154 105 34 49 94 224 195 18 27 143 209 255 193 157 42
    167 125 13 46 180 70 213 209 192 205 117 145 157 251 220 67 183 134
    56 149 223 130 255 174 62 26 236 187 117 92 138 26 150 61 110 155
    220 149 255 148 7 136 48 255 222 255 68 145 228 109 80 121 255 199
    77 144 164 255 169 201 255 63 116 71 176 148 218 49 124 157 255 98
    255 167 69 255 38 71 255 159 255 200 190 46 15 255 48 255 131 194 61
    13 18 143 19 176 80 69 185 54 255 117 255 221 89 255 215 191 255 32
    61 43 123 88 125 63 42 146 84 144 41 20 41 255 198 136 111 87 229
    255 208 47 200 188 169 98 96 33 255 240 255 255 253 255 255 246 4
    210 171 247 84 255 134 87 19 183 11 168 139 5 255 255 255 217 168
    255 255 255 255 249 255 255 215 195 226 157 181 98 220 255 255 98
    115 255 115 87 189 251 255 182 64 208 255 104 255 113 248 103 248 9
    197 92 255 106 255 248 116 179 59 52 202 163 255 75 239 80 148 0 39
    255 114 37 167 51 255 255 244 61 180 126 74 255 254 255 248 28 214 2
    59 196 255 138 255 255 235 219 255 126 39 255 135 155 255 111 131
    255 149 99 255 64 166 49 67 5 102 44 83 33 117 255 34 207 255 255
    109 247 255 178 255 255 221 134 93 255 255 15 10 255 255 7 246 23
    255 120 255 25 80 233 128 10 255 191 66 255 161 29 255 104 227 197
    201 4 255 113 121 180 126 189 144 100 89 102 201 52 255 124 255 255
    240 208 193 163 82 131 179 255 33 23 24 71 204 134 255 166 255 255
    110 255 255 201 255 26 255 106 84 255 255 118 255 111 46 126 117 255
    234 140 236 40 232 20 3 255 64 244 90 255 192 255 213 139 134 255
    247 80 255 120 0 208 78 4 189 255 73 21 40 227 7 224 255 107 217 127
    154 86 120 255 93 166 185 84 70 255 202 255 218 109 241 113 255 215
    121 204 14 131 243 255 255 242 255 255 153 132 255 54 83 255 255 255
    128 205 168 89 255 88 255 255 69 255 16 224 255 115 255 69 0 14 255
    104 37 44 107 255 133 151 93 113 43 103 134 196 154 105 39 237 177
    133 32 255 104 218 107 27 78 255 217 78 255 72 255 103 226 84 198
    129 153 25 53 251 255 20 107 166 251 157 255 186 255 255 237 47 95
    249 255 255 78 255 255 113 255 152 96 22 143 125 120 84 64 255 148
    149 55 75 202 121 255 171 255 136 216 139 255 58 138 255 223 255 75
    15 255 59 104 33 234 224 8 255 136 255 243 121 36 102 158 78 21 110
    234 255 70 255 2 208 217 255 138 80 255 226 134 123 149 255 210 215
    255 210 59 96 36 218 255 131 19 190 255 158 238 255 254 255 28 255
    180 255 79 247 255 25 55 234 107 200 244 12 255 193 46 190 115 216
    150 143 224 234 105 81 36 110 6 132 255 10 37 5 102 101 255 102 187
    80 126 14 5 204 204 72 122 247 208 181 129 203 79 118 253 255 107
    151 58 34 255 255 255 125 191 157 136 255 183 255 208 195 152 255
    234 255 255 187 255 17 255 167 109 113 151 1 56 212 230 38 234 246
    53 202 131 194 13 89 141 92 150 253 44 78 255 175 255 197 71 205 236
    255 82 79 255 169 255 255 255 115 156 120 168 255 151 196 115 37 71
    144 53 97 57 211 4 156 255 211 255 255 141 11 157 1 43 150 157 185
    79 107 244 113 255 213 255 217 225 110 199 255 232 38 255 79 39 255
    21 192 255 235 178 255 134 255 31 44 222 103 69 104 255 218 251 255
    255 118 59 51 172 255 194 111 21 83 122 8 157 255 255 170 255 87 176
    106 255 242 255 33 149 203 7 110 199 159 216 255 255 254 241 108 233
    116 49 107 80 212 171 255 25 178 224 255 255 33 72 190 25 169 205
    158 254 178 255 75 85 237 200 143 227 75 25 42 141 104 103 120 245
    190 218 210 117 218 46 110 241 251 210 33 140 57 23 255 80 255 255
    124 182 216 255 255 182 70 133 85 205 110 121 255 255 136 3 255 38
    68 56 255 135 255 57 108 255 247 246 255 119 34 200 226 255 255 29
    66 34 136 200 210 194 255 149 199 255 116 44 138 25 94 146 110 190
    255 243 246 178 139 232 255 255 103 174 255 177 236 131 78 73 255 45
    116 48 174 148 113 150 163 193 190 11 2 189 61 255 150 168 255 30
    255 246 191 90 255 77 255 255 93 64 98 153 65 255 235 71 255 217 166
    180 110 144 244 224 107 152 255 255 208 162 255 255 16 205 255 179
    233 255 143 79 255 240 25 51 228 52 255 147 5 172 88 171 189 255 126
    72 209 130 255 199 239 71 255 78 255 225 56 10 239 191 34 93 75 238
    236 15 255 255 167 221 157 94 255 232 145 192 40 80 130 191 145 255
    75 64 167 58 144 255 255 167 221 182 87 198 26 78 57 230 39 255 73
    148 255 50 136 116 2 247 255 129 152 255 12 120 216 140 232 202 1
    238 146 150 131 46 10 132 102 38 255 255 122 255 31 147 120 207 255
    255 212 6 228 67 183 187 171 31 255 255 255 255 20 227 17 255 81 255
    255 225 255 238 242 219 255 249 88 146 195 199 5 255 148 85 35 255
    255 31 42 97 246 136 255 163 169 3 28 255 120 255 8 255 68 217 255
    63 215 15 27 62 71 218 83 220 255 225 97 157 210 203 255 97 255 65
    234 172 132 82 90 255 255 255 183 118 74 170 247 187 255 59 139 38
    255 172 23 255 148 195 255 152 167 255 255 8 107 255 142 129 162 93
    222 98 116 201 255 170 71 130 45 229 34 128 68 255 51 76 31 77 182
    56 54 140 144 111 136 90 112 255 49 232 4 255 86 38 255 40 98 255
    159 94 185 251 199 11 247 144 13 255 199 255 37 255 208 115 255 255
    36 33 182 131 255 255 54 236 87 220 118 174 187 126 231 255 255 255
    86 107 255 4 110 255 208 247 255 202 11 249 218 222 221 158 255 120
    87 159 255 82 85 41 144 6 255 85 255 226 120 29 248 138 144 51 19 66
    41 255 157 138 227 43 195 73 4 255 255 53 197 248 61 255 92 201 67
    104 255 89 2 11 254 25 4 255 75 65 255 25 255 255 190 255 148 116
    167 228 229 92 255 255 134 255 2 42 230 199 255 255 186 52 236 3 250
    255 255 255 255 122 88 255 255 102 151 37 178 255 98 92 208 157 217
    218 48 167 169 16 153 28 255 10 255 255 255 255 139 172 80 226 169
    255 255 122 255 167 73 113 255 130 136 98 75 21 150 3 255 255 169
    255 210 101 154 13 255 36 255 118 225 103 116 77 131 5 90 8 6 255
    168 57 255 154 228 5 255 60 30 48 200 255 183 255 255 255 169 7 141
    131 253 35 255 255 128 160 48 77 255 255 1 92 118 234 255 255 142
    196 10 47 255 120 35 39 79 44 255 255 48 36 172 123 255 255 207 88
    228 134 250 2 6 218 46 181 1 161 57 116 203 36 116 56 205 189 31 13
    110 152 179 17 255 246 75 255 95 76 255 255 255 255 247 255 203 255
    144 255 223 255 255 21 143 255 2 172 213 0 229 255 91 89 59 174 131
    255 204 233 200 58 245 107 111 255 255 198 144 156 31 255 107 157
    134 123 255 173 255 53 232 74 195 222 221 255 251 255 255 178 255 51
    103 208 180 255 143 195 9 44 81 71 110 43 18 74 92 62 174 219 59 210
    26 158 255 86 89 255 255 117 255 21 201 189 73 79 234 133 155 139
    224 255 243 254 255 28 97 132 212 95 255 116 34 134 255 82 164 255
    187 29 255 46 15 255 95 255 255 161 200 255 142 255 164 154 149 255
    180 233 61 130 243 116 194 255 238 255 47 30 81 62 113 115 13 16 22
    241 46 246 87 255 255 213 21 139 255 254 7 255 255 255 255 255 255
    238 255 255 141 143 164 150 205 23 177 238 206 89 205 86 176 255 188
    220 255 243 113 255 217 255 255 72 68 79 96 255 23 44 241 38 190 145
    23 44 69 143 218 34 255 255 168 230 244 118 255 121 255 236 60 139
    51 174 255 2 48 255 255 180 255 255 53 78 154 223 166 148 39 171 255
    133 229 255 255 211 255 43 65 90 91 29 255 73 205 190 234 146 93 218
    255 185 161 83 110 168 255 190 233 255 26 204 255 125 204 37 18 109
    82 255 86 1 236 255 136 182 23 143 128 237 255 254 178 255 255 57
    246 203 139 192 102 181 255 255 148 136 255 83 222 253 95 255 71 149
    182 212 192 186 184 233 55 151 23 255 46 255 60 108 141 227 238 135
    87 203 255 107 192 113 247 57 4 148 255 58 38 107 32 180 190 11 20
    48 116 178 23 235 124 184 183 79 255 1 146 192 27 149 255 139 90 146
    236 255 255 157 144 244 110 167 255 202 42 15 55 228 203 59 144 255
    255 131 123 136 255 203 46 190 255 181 111 255 58 46 167 72 255 54
    113 255 126 28 113 116 32 94 255 255 56 38 255 145 43 150 126 255 81
    180 241 195 29 41 247 74 255 11 94 255 189 90 255 206 43 59 25 232
    255 255 183 85 11 143 255 219 255 255 178 252 255 107 255 115 100
    255 255 211 246 151 112 255 113 15 140 255 255 1 105 79 242 246 124
    18 255 3 164 61 150 204 21 44 8 151 255 82 85 225 155 255 126 252
    162 12 59 52 255 255 255 149 87 255 138 18 255 202 176 255 77 164
    255 160 255 148 255 129 28 238 192 13 211 52 143 97 157 255 111 168
    200 255 155 100 164 206 255 224 124 236 36 88 125 214 241 231 170
    171 52 252 255 255 49 92 143 144 255 255 158 37 203 255 248 193 235
    255 21 96 130 255 255 255 51 4 117 212 44 255 255 162 68 255 255 88
    195 47 174 115 234 166 255 227 112 116 10 55 126 255 96 255 16 187
    107 75 89 212 169 182 148 85 116 33 168 36 203 178 55 255 159 211
    255 129 65 146 255 203 255 159 229 225 28 245 18 9 29 77 124 255 255
    30 5 255 109 241 171 173 255 213 105 246 255 11 52 110 62 89 248 206
    176 167 207 171 21 179 255 243 169 79 133 68 191 192 254 19 89 140
    238 26 41 19 185 98 116 255 172 255 110 100 255 255 255 208 255 117
    66 64 40 41 255 188 5 255 182 70 180 255 85 239 238 158 255 117 117
    126 89 204 71 143 150 255 115 39 98 125 187 255 135 255 159 200 89
    255 197 213 255 204 56 255 119 17 226 182 3 255 196 132 133 198 255
    255 65 209 255 41 210 255 119 146 255 204 82 38 157 250 84 98 99 111
    9 178 131 235 150 156 144 255 189 133 255 255 116 108 34 251 83 10
    249 232 92 152 138 255 252 101 13 255 168 255 60 231 52 214 255 79
    255 218 187 26 17 138 122 5 166 58 232 255 255 36 221 116 186 8 247
    125 198 129 25 226 218 255 41 89 255 161 215 37 118 60 87 255 145
    229 93 9 19 216 159 233 255 255 98 144 107 80 246 40 241 255 180 150
    255 255 82 255 32 255 198 143 160 221 182 42 2 247 122 187 159 250
    48 117 238 255 9 255 255 191 143 255 133 190 255 226 145 115 148 3
    255 181 23 255 37 255 255 152 60 255 152 113 207 229 223 48 0 187 69
    34 255 167 85 255 255 255 220 255 39 19 200 138 225 255 117 112 162
    122 131 16 237 248 184 161 237 169 113 255 253 255 255 18 96 255 198
    38 85 255 194 237 190 177 9 255 45 177 61 56 25 174 105 23 97 190 84
    255 116 155 255 255 149 249 255 215 3 53 169 255 216 41 255 94 255
    249 255 200 192 136 89 255 138 50 28 4 252 175 215 164 255 115 255
    255 208 177 241 214 208 243 255 255 64 60 89 207 63 93 52 25 255 255
    230 31 105 28 255 71 106 70 11 186 245 131 197 32 62 144 118 255 11
    255 255 211 242 75 232 255 255 98 11 243 253 88 154 255 131 255 251
    99 249 161 102 193 140 251 255 255 181 166 133 93 198 187 255 200
    255 61 255 140 166 66 51 172 255 249 102 215 13 227 255 72 255 190
    29 79 255 253 219 202 121 196 195 112 62 255 255 88 255 206 255 159
    204 222 57 57 255 84 187 154 8 133 255 255 173 222 255 252 78 255
    219 129 149 187 41 255 255 239 31 210 52 241 6 32 97 84 195 255 255
    113 255 240 0 133 230 186 39 13 232 113 255 255 21 255 82 10 255 61
    255 255 236 255 43 164 255 13 132 71 120 255 255 160 18 255 60 87 10
    51 252 255 51 14 69 182 76 28 177 255 255 1 255 255 255 200 141 255
    255 220 138 61 8 213 112 255 9 9 82 95 255 255 46 247 255 141 24 255
    186 246 255 50 253 255 58 255 152 124 46 255 150 149 103 189 255 21
    143 189 134 211 187 255 191 255 69 187 255 54 93 46 80 154 107 238
    68 255 10 255 92 97 255 107 100 64 99 148 15 219 233 79 47 255 251
    79 255 31 39 184 245 15 255 129 195 39 47 13 251 66 83 162 28 255 43
    8 53 156 255 69 255 192 255 110 46 169 255 6 150 64 229 255 255 2
    253 225 87 255 228 162 6 11 255 97 30 220 162 141 168 66 102 4 222
    107 160 255 255 47 255 71 81 132 192 172 252 216 66 5 171 211 57 107
    255 104 255 174 223 255 253 145 255 224 80 138 177 51 172 72 43 143
    113 182 198 106 157 174 158 65 239 36 181 177 172 160 28 244 176 26
    232 11 255 255 255 16 243 28 90 248 197 255 30 19 255 39 215 21 46
    183 51 89 25 255 91 190 84 109 125 255 47 215 255 158 177 39 232 231
    123 68 89 177 2 13 87 235 205 7 123 173 151 249 178 255 255 215 255
    252 190 255 65 3 171 23 122 223 133 231 255 145 255 255 167 185 255
    133 19 43 168 87 98 197 255 51 18 157 255 152 255 79 64 255 11 234
    162 230 136 82 184 16 24 130 168 182 174 216 41 255 81 232 167 18 94
    136 74 197 41 124 255 255 13 229 255 117 255 255 102 83 255 179 5
    130 25 60 255 255 164 166 187 94 179 255 234 233 191 255 39 187 163
    84 132 255 255 18 23 149 96 255 67 75 96 20 154 255 255 221 238 21
    62 189 185 182 80 154 173 37 95 155 167 34 74 232 255 77 48 169 64 4
    255 13 107 255 166 255 226 255 253 182 135 73 255 200 134 159 237
    120 54 56 34 87 174 255 220 73 255 108 170 172 236 35 233 255 102
    255 118 255 255 18 8 80 255 0 113 195 138 255 175 255 178 175 35 45
    79 185 84 228 110 48 149 142 42 185 161 43 74 4 4 210 77 17 136 255
    1 255 140 255 156 89 186 100 194 27 255 192 145 255 65 255 255 8 213
    105 255 8 23 255 255 25 209 243 255 123 191 255 84 120 77 201 255
    218 142 24 255 47 210 79 255 59 255 191 174 255 255 203 11 94 236
    190 21 101 253 84 255 255 134 255 255 16 255 85 161 204 255 224 122
    172 161 255 255 254 255 255 78 83 30 2 255 128 242 255 255 249 255
    177 43 255 148 211 255 20 34 125 10 161 190 218 47 115 67 196 211
    255 102 70 255 255 153 18 155 101 255 1 20 255 92 239 243 255 66 255
    104 6 74 67 13 255 151 255 255 122 255 255 2 74 13 102 209 98 50 255
    255 85 255 255 133 213 126 190 33 128 78 255 102 143 160 33 255 38
    90 57 181 202 88 195 255 234 160 255 112 181 169 28 148 175 93 255
    255 190 255 146 131 14 187 154 166 255 255 4 255 254 194 255 92 209
    248 100 241 255 39 214 230 13 174 48 62 41 255 143 149 254 202 127
    61 187 255 105 200 229 231 166 110 193 91 236 255 255 52 255 255 255
    255 150 255 255 60 99 15 0 255 255 217 255 7 255 255 154 195 222 44
    244 80 255 161 43 255 255 87 228 169 153 255 221 98 146 182 126 255
    206 203 161 132 112 5 255 37 100 4 255 239 9 255 255 9 255 156 124
    48 255 248 248 210 31 108 39 38 255 255 177 97 61 47 191 59 211 243
    238 1 104 46 238 255 177 114 255 107 171 214 110 17 113 255 135 234
    151 113 108 190 255 24 26 96 154 255 133 168 118 87 76 255 101 255
    255 143 36 255 31 87 255 255 255 223 36 39 255 120 255 157 255 255
    71 192 39 255 111 80 41 4 118 230 169 33 255 255 19 125 255 245 218
    157 125 226 255 107 15 192 255 254 213 191 255 54 255 255 139 255 57
    79 171 136 182 160 239 111 209 255 229 255 255 125 220 8 252 183 120
    191 255 39 223 255 255 88 53 64 103 163 180 45 141 116 164 56 218
    221 255 255 253 255 255 205 22 255 221 98 64 204 1 255 195 34 221 40
    239 26 255 255 226 82 162 255 48 191 92 168 246 3 22 8 25 217 4 80
    152 88 255 194 62 36 192 255 226 254 255 44 27 255 190 174 162 154
    255 28 255 207 205 8 171 255 255 38 255 116 233 17 255 8 255 111 84
    255 243 47 126 139 247 113 110 111 104 77 163 148 98 110 145 228 74
    169 110 121 255 26 182 195 255 4 253 255 229 140 82 233 233 125 25
    120 187 49 152 103 189 234 56 85 176 255 255 255 116 51 107 167 255
    250 134 143 14 255 204 239 75 204 178 187 235 218 111 0 208 251 254
    234 255 179 220 255 164 247 255 119 255 97 38 255 255 194 176 255
    160 219 255 235 255 255 73 172 255 96 27 255 75 205 255 236 146 255
    181 255 255 255 78 255 150 75 3 255 237 25 170 186 255 35 135 215 46
    255 255 154 144 255 12 6 171 114 122 255 182 255 255 44 192 255 255
    37 133 195 255 244 44 231 169 139 233 223 255 255 121 109 69 28 238
    255 255 56 200 171 19 255 255 114 71 255 242 97 255 153 205 255 133
    108 255 214 185 212 28 84 255 59 255 220 157 19 255 209 192 255 36
    181 89 224 48 255 164 209 21 161 255 152 255 204 64 4 255 255 30 255
    255 197 43 255 122 15 20 83 247 255 6 255 95 198 173 255 77 87 226
    185 255 255 155 57 255 174 255 255 205 121 255 215 242 100 20 50 5
    106 70 255 159 209 138 171 149 26 143 183 56 244 255 59 198 166 133
    133 255 255 3 255 143 98 25 34 158 48 255 181 82 255 255 255 187 255
    255 2 255 27 141 135 255 120 179 186 255 39 189 255 219 255 7 255
    255 66 228 129 125 255 255 255 62 197 212 247 48 255 195 255 184 20
    255 116 41 143 18 136 155 67 191 255 182 28 32 41 76 31 255 101 60
    255 88 83 255 58 117 20 121 255 192 227 255 255 97 222 255 255 239
    255 66 93 255 201 255 255 170 211 255 111 115 255 120 255 255 155
    205 131 3 255 255 153 124 255 102 180 34 174 52 48 226 19 97 149 201
    110 115 237 228 255 84 177 132 136 157 48 255 205 98 48 255 140 11
    171 29 37 26 81 200 61 48 255 71 182 243 85 255 255 89 214 42 115 44
    136 255 255 64 136 131 208 255 35 70 255 124 219 126 92 80 255 104
    255 193 229 47 255 83 93 255 122 248 255 134 206 126 13 199 255 56
    116 148 234 6 248 251 196 255 57 136 255 53 41 255 192 55 255 206
    182 255 37 84 255 163 210 174 47 220 255 82 255 255 255 145 255 255
    255 255 139 255 255 150 196 255 198 166 64 244 255 255 13 27 61 255
    255 255 209 255 255 56 51 187 149 167 59 107 139 255 205 168 255 34
    116 121 69 6 248 130 162 255 82 192 130 255 255 190 105 255 102 65
    192 223 154 255 255 28 255 234 255 255 218 223 159 255 179 33 15 255
    255 177 197 83 102 215 8 255 230 215 236 255 255 255 89 59 20 102
    243 166 177 255 230 51 255 77 76 237 255 255 153 255 255 162 255 174
    255 41 180 112 57 103 69 255 95 47 131 255 224 75 255 183 255 13 111
    213 228 76 95 83 20 255 109 163 239 188 200 121 166 209 255 83 245
    255 40 167 210 255 110 202 171 1 126 179 43 255 252 38 255 82 47 80
    73 255 48 252 85 118 107 203 192 149 160 0 255 62 255 210 255 255 88
    255 255 200 255 255 56 255 255 206 83 255 255 148 255 23 255 253 255
    255 192 208 255 166 43 255 255 237 255 255 65 238 226 109 187 92 255
    155 255 172 206 221 255 39 93 235 107 110 44 255 255 144 32 111 223
    113 64 68 255 13 76 241 66 19 146 113 66 255 212 255 36 249 38 19 77
    199 192 167 161 129 31 31 85 5 255 155 255 223 177 154 123 6 108 63
    220 239 123 255 11 149 55 220 67 171 255 155 255 255 93 255 255 147
    11 208 245 191 82 1 178 107 114 121 220 1 255 11 230 182 255 173 255
    251 140 28 90 142 231 255 242 157 255 122 92 66 57 62 255 255 196
    255 17 255 20 120 92 2 161 180 255 255 210 255 38 255 84 190 1 255
    180 169 162 229 255 255 133 255 255 255 57 255 166 251 61 66 232 255
    85 183 255 232 79 205 229 231 108 88 39 100 233 228 172 179 84 255
    35 41 255 255 255 223 162 166 133 249 108 244 3 118 110 255 117 255
    43 10 231 113 255 255 255 82 171 88 36 216 255 217 161 185 199 255
    176 163 255 96 247 234 121 255 197 243 255 255 84 115 7 196 234 57
    248 112 185 29 159 33 19 255 39 141 255 74 136 255 182 114 112 243
    219 106 216 182 11 184 186 199 136 153 197 164 97 158 215 249 205 36
    55 255 239 247 10 255 255 255 255 255 4 255 10 191 15 239 127 48 189
    189 175 29 45 52 225 15 33 158 168 80 102 82 23 96 0 157 245 17 61
    247 46 138 227 255 210 246 255 10 130 255 205 132 145 255 194 255
    255 6 93 38 38 149 56 162 255 95 169 255 255 20 154 56 162 23 166 34
    48 255 68 144 43 112 53 249 38 229 241 168 196 255 101 255 51 59 115
    255 133 234 208 74 4 77 117 158 255 54 167 110 93 96 97 23 31 255 96
    255 255 131 255 255 201 255 255 224 233 251 194 131 255 64 255 21 88
    22 164 48 8 128 128 76 174 15 62 255 68 70 255 176 9 151 246 103 246
    41 255 184 255 70 121 255 255 255 110 255 82 255 255 51 58 194 0 233
    248 23 161 99 255 18 9 44 255 255 255 215 255 255 4 50 255 176 132
    79 236 66 18 178 243 255 209 43 255 13 29 161 202 159 255 195 68 220
    245 205 255 59 255 103 139 79 120 49 220 134 141 255 187 15 139 255
    213 201 255 46 24 146 109 116 18 81 154 255 8 0 255 183 112 255 255
    255 41 255 85 75 87 236 3 255 173 255 236 199 255 16 255 255 53 232
    255 167 48 26 205 167 255 252 255 121 182 236 148 181 252 255 12 98
    255 110 34 255 105 108 208 35 149 36 30 25 255 41 169 236 51 255 255
    48 32 149 255 215 255 0 138 255 93 255 255 162 46 184 255 110 255
    246 255 255 224 255 31 62 255 255 6 19 172 103 238 255 28 129 193 96
    115 202 98 55 18 208 48 255 134 255 82 114 255 77 200 255 241 161
    255 5 63 157 15 9 62 41 192 185 255 30 103 255 96 135 255 110 174
    255 19 102 92 221 1 200 49 132 62 225 124 5 255 140 255 187 160 231
    81 102 255 129 146 255 255 99 255 187 255 255 214 172 8 65 141 8 53
    167 255 246 168 166 20 255 243 255 139 120 181 116 255 221 238 255
    140 182 115 228 211 255 154 186 255 86 124 62 163 34 255 225 255 126
    63 231 233 153 140 98 7 229 79 59 24 167 171 83 255 196 234 255 12
    104 30 116 236 74 36 192 200 242 125 89 128 74 62 110 173 248 254
    209 130 243 43 255 195 112 255 225 255 215 252 255 246 155 191 100
    185 255 138 58 178 36 205 167 255 41 23 134 187 241 255 159 79 255
    84 74 215 109 255 166 131 138 157 27 255 82 115 215 255 100 239 146
    64 10 255 124 64 20 114 18 255 154 79 255 120 25 255 110 43 13 67 55
    57 189 173 90 214 0 120 204 139 13 255 252 195 96 255 255 160 238
    255 18 116 198 167 155 255 139 145 255 50 145 255 17 255 255 132 154
    223 192 113 255 159 135 200 78 120 255 255 178 121 0 255 210 125 23
    121 199 255 115 148 43 87 47 22 133 194 255 212 190 75 255 254 115
    92 89 255 151 22 39 98 19 214 255 87 97 56 171 231 255 255 57 255
    179 239 228 139 214 255 204 255 255 173 255 69 25 185 26 255 255 255
    227 76 230 151 59 255 63 33 255 255 113 190 1 255 254 140 101 113
    207 255 255 109 93 130 202 103 48 106 208 255 48 255 223 21 9 231 70
    255 93 167 223 234 234 55 225 105 171 87 20 174 5 58 19 255 136 251
    152 140 11 182 111 215 98 200 197 246 255 153 175 255 103 255 97 101
    255 140 243 255 154 23 255 255 181 255 69 255 255 12 237 255 255 197
    225 255 228 255 255 255 164 131 190 255 236 162 128 181 125 246 136
    82 255 1 148 203 141 255 92 70 108 255 114 141 208 117 160 255 86 90
    7 94 255 255 255 255 255 236 51 203 208 69 255 69 171 151 56 127 25
    255 197 87 107 150 255 115 217 23 69 78 255 255 154 33 76 92 125 74
    152 144 148 255 31 226 255 255 240 255 207 17 90 255 163 176 97 49
    201 226 255 22 75 43 139 244 255 5 255 20 176 255 57 3 108 13 169
    200 153 228 131 57 120 92 30 189 130 125 246 184 197 255 20 255 255
    69 30 18 121 252 0 143 170 74 20 255 19 195 255 255 255 213 245 208
    151 217 166 255 255 92 7 69 171 253 173 255 162 152 255 65 88 138 48
    135 16 255 117 255 218 190 255 195 42 87 69 99 255 140 148 255 255
    197 143 255 220 28 255 82 120 60 139 226 128 68 71 255 153 103 185
    155 255 255 69 210 226 15 255 130 59 248 100 215 26 255 189 197 185
    246 190 142 255 233 255 27 38 239 83 100 226 129 143 255 61 16 255
    255 205 255 255 46 151 102 118 228 145 198 87 213 121 133 59 255 166
    236 166 131 255 255 210 255 255 253 224 228 194 140 79 133 3 72 208
    242 136 255 117 255 136 255 166 251 157 193 31 71 255 136 255 151
    170 121 130 76 155 231 133 159 139 147 210 166 96 255 255 32 210 254
    187 215 56 128 90 255 255 255 255 96 253 223 187 199 255 79 194 255
    255 255 255 185 11 0 208 83 62 31 125 255 206 83 255 131 28 255 149
    200 255 254 18 253 239 208 248 163 118 255 96 190 159 126 162 255
    128 255 213 162 90 255 115 176 107 41 255 255 28 194 255 10 120 92
    45 255 255 163 255 166 217 247 255 23 182 255 29 53 255 218 57 192
    234 144 255 164 169 255 255 106 255 235 255 255 164 159 255 214 255
    149 17 157 255 15 255 46 76 255 49 104 255 255 192 68 255 84 28 93
    129 153 174 26 171 255 113 115 75 253 255 130 21 239 71 255 13 253
    190 93 111 206 192 149 105 1 149 215 255 25 10 148 255 110 255 39
    247 203 255 29 176 177 131 83 255 100 171 195 27 251 255 66 131 255
    255 111 100 92 107 184 126 126 182 189 94 34 155 19 79 88 59 255 211
    78 133 163 238 133 82 115 255 125 122 255 85 181 255 200 220 15 23
    251 255 240 205 205 136 238 255 255 41 166 160 223 75 93 255 57 255
    136 164 214 28 5 238 76 90 86 171 230 27 229 255 255 11 100 121 23
    23 255 255 18 9 255 255 53 255 71 115 251 57 239 191 30 163 236 255
    116 150 182 37 208 248 205 5 185 62 113 223 91 255 128 255 187 164
    40 5 115 255 120 134 208 239 255 254 84 255 95 255 157 117 255 255
    255 150 255 202 255 255 232 55 177 182 125 61 149 69 48 176 80 157
    59 255 103 93 53 134 202 117 30 255 255 255 225 206 121 221 82 255
    221 104 118 223 99 255 255 219 54 162 171 16 32 255 69 226 255 185
    205 255 255 167 255 108 16 255 139 169 255 249 29 3 255 196 169 159
    55 129 64 237 255 233 85 85 255 219 186 255 211 234 193 255 33 139
    60 162 255 126 255 255 26 98 189 255 88 138 7 41 2 205 14 77 179 194
    221 141 201 255 89 38 146 38 113 233 11 187 26 234 218 85 2 255 34 2
    88 61 77 255 5 255 37 255 238 57 121 255 71 139 105 32 255 29 191
    244 85 255 255 180 255 161 164 102 241 10 243 253 255 255 198 255 70
    255 68 138 213 134 28 255 85 158 182 132 255 255 182 255 248 255 185
    255 255 194 166 242 204 216 183 210 64 17 255 230 164 20 177 26 253
    255 134 236 203 68 127 255 88 155 26 249 68 171 2 102 255 217 242
    255 171 255 255 187 255 255 97 164 228 13 43 174 46 162 255 155 62
    36 94 164 210 119 164 11 65 46 64 11 62 31 26 217 238 37 74 255 210
    255 255 237 57 54 183 199 43 76 242 64 43 163 26 192 214 255 26 196
    139 50 150 255 162 255 205 84 255 255 3 167 255 176 153 255 161 42
    157 255 255 74 251 42 255 132 14 255 153 103 255 106 135 125 182 1
    255 136 18 30 194 255 121 140 113 166 45 255 255 246 55 255 243 135
    190 229 20 255 116 102 113 236 76 253 141 152 13 197 74 213 32 66 89
    87 159 146 198 139 255 202 45 118 121 194 255 29 64 74 195 185 2 0
    225 255 12 62 180 19 93 255 47 231 93 159 168 255 22 245 255 21 173
    255 126 255 255 37 255 255 238 173 182 219 106 62 77 159 102 81 141
    90 9 255 7 148 42 255 168 220 57 237 192 255 101 250 255 73 90 71 1
    110 8 255 55 207 195 214 164 189 0 255 95 31 255 60 167 125 69 255
    255 162 103 143 218 173 95 130 255 164 239 22 59 116 80 98 214 32
    255 126 84 89 129 255 255 198 59 126 123 10 30 255 255 89 252 154
    161 51 255 255 140 20 255 255 98 43 153 255 255 255 203 61 38 195
    255 255 255 185 89 66 166 255 167 255 100 255 255 255 255 255 255
    255 111 180 177 116 154 255 13 84 215 105 211 247 192 48 245 255 35
    163 255 54 255 66 255 255 255 148 23 255 94 255 25 255 255 226 112 8
    103 43 232 133 57 255 254 28 157 255 27 255 225 17 27 255 190 106
    143 230 48 180 92 255 255 196 84 255 0 99 241 77 199 246 119 154 255
    39 87 174 100 103 75 53 20 255 62 129 34 255 252 43 131 187 162 228
    191 143 192 73 120 143 233 226 122 155 255 254 116 20 110 148 182 47
    253 218 132 125 152 189 158 228 140 253 255 229 194 182 144 120 255
    255 38 100 139 106 255 76 57 156 115 28 255 235 217 52 255 107 255
    55 36 228 218 255 255 232 229 255 66 50 162 109 148 74 237 248 255
    229 255 255 40 255 233 255 255 255 224 255 255 6 19 218 128 253 255
    201 85 157 255 166 0 234 47 255 21 186 108 173 88 255 191 255 255
    255 217 154 200 34 175 65 255 139 214 92 244 169 229 66 70 255 255
    100 162 210 11 255 223 59 169 223 98 195 255 169 255 255 218 255 125
    207 145 56 138 255 131 207 255 190 65 189 82 255 19 255 255 168 82
    44 164 200 106 136 162 91 255 159 166 177 236 104 229 146 255 210 7
    88 47 255 186 172 255 169 255 16 228 139 255 166 219 72 70 14 215
    232 90 21 84 245 82 87 250 154 195 231 255 7 171 8 229 148 255 255
    195 18 45 250 255 45 74 56 97 233 255 255 167 255 255 110 255 62 23
    255 43 116 255 251 89 49 27 148 164 27 233 255 23 239 255 251 37 255
    223 255 255 41 150 255 255 255 255 197 61 195 9 253 210 6 255 230
    157 64 95 199 143 57 248 20 255 58 252 192 199 172 138 93 87 130 226
    71 64 255 31 64 20 90 80 224 255 231 215 255 148 100 144 123 162 60
    210 252 99 175 69 255 255 105 255 154 197 187 255 3 13 108 77 225
    255 180 124 255 117 211 208 173 125 255 123 245 255 93 82 123 39 134
    255 69 101 248 188 255 108 200 155 180 41 13 238 255 134 255 255 57
    175 182 255 89 10 223 187 55 228 255 160 92 255 238 158 61 187 247
    126 107 255 167 218 214 255 140 38 34 2 18 255 196 167 36 2 248 255
    4 152 225 172 53 255 234 8 233 255 229 111 255 126 255 121 255 234
    167 255 87 174 90 64 101 255 255 249 215 115 154 255 66 251 154 57
    57 234 126 106 255 255 63 211 30 12 50 146 198 177 177 106 241 255
    77 255 141 255 108 255 220 74 255 44 255 187 200 255 166 135 46 80
    171 248 255 176 185 130 101 255 210 151 45 255 85 38 126 110 102 238
    215 153 203 189 237 255 206 6 187 191 146 57 93 79 177 219 166 152
    38 134 34 121 255 36 154 217 255 87 38 157 110 56 255 151 206 255
    255 41 33 177 93 255 168 127 255 106 76 207 109 113 151 98 115 255
    130 197 5 178 127 255 103 255 255 249 255 215 255 129 62 182 208 31
    55 90 255 113 255 48 160 192 107 130 51 141 84 255 210 46 255 5 20
    255 255 112 112 174 164 191 108 194 51 255 37 125 255 227 222 255
    101 255 92 3 252 85 85 210 255 134 76 255 160 13 36 255 220 62 183
    243 123 60 247 255 255 194 255 206 167 52 239 65 30 82 148 184 255
    27 208 255 130 136 86 53 182 240 92 255 150 236 207 82 48 255 124 52
    255 10 255 39 155 148 15 106 255 248 216 255 255 152 169 255 249 255
    187 98 149 255 87 196 255 255 1 36 255 69 218 9 29 89 26 255 90 48
    243 255 172 73 249 213 185 255 34 88 255 240 255 255 12 42 26 255
    255 255 63 255 228 113 255 87 225 159 133 123 88 52 162 228 118 58
    34 143 74 255 52 63 203 255 255 104 255 171 255 255 46 141 255 67
    246 200 255 168 8 13 255 167 125 255 208 247 211 180 159 83 182 56
    255 218 255 34 151 32 255 255 186 201 98 255 255 255 36 0 255 1 255
    228 255 225 255 249 255 255 253 199 97 129 255 138 4 255 255 238 199
    54 243 145 54 255 108 255 205 64 175 22 73 255 11 214 255 150 28 187
    181 168 5 242 143 255 255 255 125 59 144 46 232 56 167 119 190 215
    240 108 225 25 48 255 19 255 66 162 181 255 34 41 255 139 112 179
    207 255 255 245 28 255 155 131 18 131 97 255 255 255 152 186 255 255
    81 252 61 70 255 46 255 117 255 255 48 255 41 92 255 21 41 118 128
    120 255 6 180 255 141 255 69 141 219 255 36 233 18 186 46 255 48 255
    255 255 255 16 180 208 255 219 255 255 145 33 255 63 79 108 149 23 8
    255 69 255 93 195 120 34 149 130 92 194 255 41 34 255 141 117 107
    251 255 255 81 205 255 226 210 208 248 36 236 255 73 82 59 29 255 45
    183 255 255 27 253 86 48 185 185 187 255 171 255 255 36 255 255 131
    41 120 161 255 255 30 42 255 26 255 255 70 255 56 27 255 255 235 87
    255 243 102 255 119 146 100 181 255 16 201 51 31 255 211 8 113 84
    255 190 246 255 255 174 164 232 246 255 229 255 71 217 208 187 10
    255 152 53 34 125 21 224 203 25 248 169 125 39 241 235 101 93 25 245
    89 130 218 221 117 167 82 69 118 179 55 174 180 163 138 255 138 36
    255 76 111 115 255 89 95 219 237 255 255 177 95 255 158 130 200 122
    108 76 108 255 34 255 255 22 215 3 255 255 255 143 208 255 224 136
    231 213 233 182 213 23 36 91 149 255 57 255 221 124 255 255 255 203
    255 234 213 97 183 46 34 173 69 84 58 115 255 218 168 89 115 70 31
    161 154 46 112 222 255 55 134 125 92 187 255 197 255 121 39 255 255
    255 61 41 161 25 131 255 210 56 255 181 192 202 23 233 7 97 131 93
    192 248 224 118 226 209 132 57 255 76 218 22 19 255 56 104 126 209
    180 185 40 208 255 69 217 255 96 6 187 0 194 255 233 139 143 155 103
    103 246 122 255 255 46 225 200 69 2 8 51 66 69 42 236 255 192 255
    195 197 172 7 218 254 9 255 255 29 255 255 188 255 167 224 143 255
    168 167 30 67 157 255 134 45 33 32 255 255 83 181 255 98 182 255 219
    145 120 177 88 143 113 134 79 125 59 95 38 70 90 211 255 255 75 153
    255 251 162 255 27 233 248 56 155 182 218 245 20 10 255 255 37 17
    255 226 153 31 140 125 174 32 153 10 254 225 255 0 139 255 148 255
    148 202 210 221 47 255 255 39 191 38 198 250 26 225 200 175 43 98
    248 255 237 87 130 62 38 191 108 84 195 130 52 202 157 0 164 205 134
    235 255 49 102 111 246 25 33 146 255 98 255 182 41 231 195 255 141
    242 34 198 116 145 255 253 112 255 113 164 212 247 255 171 75 17 255
    180 176 136 238 17 255 9 176 255 147 255 255 105 126 82 255 4 187
    100 255 189 50 189 255 122 255 167 67 255 255 98 110 133 255 106 34
    79 210 255 70 238 200 255 201 197 79 135 255 77 247 174 190 214 166
    48 93 255 159 197 21 34 85 43 123 70 121 160 28 95 249 195 107 44
    178 203 78 6 255 78 143 255 192 255 121 245 255 255 77 255 77 148
    121 192 255 255 95 112 255 255 196 255 228 87 190 255 74 46 48 62
    245 82 87 38 51 31 122 51 98 112 255 131 153 149 201 210 198 82 10
    179 237 134 84 112 222 59 239 204 255 96 174 26 229 118 57 239 74 34
    40 255 255 154 177 255 191 70 255 101 255 213 74 8 164 153 189 255
    129 6 255 215 136 255 65 238 255 223 192 111 117 59 238 77 121 184
    255 84 131 255 11 11 81 45 255 207 107 255 220 255 41 13 255 152 56
    255 255 161 129 20 1 102 255 207 78 255 91 62 95 109 255 255 255 239</data></my_img>
<your_img type_id="opencv-matrix">
  <rows>100</rows>
  <cols>100</cols>
  <dt>"3u"</dt>
  <data>
    255 255 97 151 255 188 78 255 255 34 255 16 159 255 135 93 91 127
    255 200 95 255 217 255 255 113 255 255 255 216 255 255 255 255 198
    255 255 120 24 255 89 123 125 8 28 255 164 255 255 255 255 111 0 121
    74 47 238 255 255 255 147 255 255 255 136 255 255 79 52 123 59 255
    255 41 255 255 178 255 255 144 117 58 255 255 20 182 255 40 255 255
    255 99 230 255 255 255 255 249 255 255 180 255 255 4 255 24 255 85
    32 255 2 255 174 83 209 255 255 30 225 57 181 79 0 255 14 85 161 146
    255 119 255 255 195 255 250 229 36 255 255 170 99 255 176 220 255
    255 79 28 255 255 151 174 255 193 255 255 239 255 168 255 225 255
    255 89 202 255 255 22 89 255 59 255 255 117 255 255 255 255 245 28
    95 255 194 255 235 107 175 188 117 255 255 18 215 219 255 255 237
    255 255 255 117 255 231 143 255 122 54 121 53 255 155 28 255 255 81
    155 255 83 224 255 188 83 137 168 255 247 255 255 38 255 147 255 255
    133 233 148 224 255 150 255 255 184 255 255 26 255 255 97 255 255
    164 103 157 255 141 86 255 255 107 255 255 255 255 255 255 38 214 60
    103 2 48 172 255 199 255 238 255 166 255 137 87 255 44 255 255 8 213
    255 221 93 61 255 255 255 115 255 255 155 223 159 149 115 46 101 89
    255 255 138 162 28 115 255 48 6 255 255 71 255 255 255 121 255 255
    255 255 140 255 111 255 255 91 255 105 255 20 244 255 198 255 255
    255 255 255 255 255 243 255 255 133 255 255 99 255 20 44 255 255 255
    26 10 219 255 255 255 255 255 179 255 255 201 255 255 56 174 143 255
    134 182 255 178 234 163 217 48 247 59 255 163 162 255 255 249 182
    255 174 255 253 109 255 255 67 255 255 111 255 193 255 255 255 111
    255 173 170 255 131 255 210 121 186 93 255 196 255 213 255 255 86
    148 255 255 255 255 231 255 255 115 255 255 255 255 97 255 77 188 64
    49 198 68 255 218 255 255 2 58 148 184 247 255 255 193 243 117 255
    255 174 6 255 255 255 87 164 86 61 255 255 43 255 46 152 123 205 105
    105 247 14 255 125 255 255 84 40 255 147 237 34 42 255 176 187 255
    255 255 255 255 255 255 255 255 148 131 255 255 105 255 59 238 255
    24 111 0 164 178 115 255 141 255 255 12 255 255 101 245 109 255 255
    217 65 255 61 255 18 255 220 255 213 83 205 255 147 129 255 172 125
    128 16 84 180 143 255 142 26 217 255 180 255 40 255 211 255 255 239
    136 255 78 241 174 255 255 238 147 255 162 91 14 255 255 47 228 153
    22 255 155 255 255 111 132 101 255 67 109 255 182 192 4 229 123 255
    255 252 107 201 255 153 255 255 52 57 164 231 217 255 125 255 255
    137 130 255 255 255 208 255 225 255 255 255 32 255 249 182 12 178 4
    219 168 255 38 245 143 179 255 255 255 255 34 255 255 255 255 255
    206 4 156 149 60 255 42 255 41 255 255 255 255 255 255 79 155 97 255
    255 146 255 255 255 109 95 255 162 97 255 255 225 20 121 255 128 255
    255 255 8 127 255 255 255 128 117 255 22 255 231 255 255 177 144 210
    97 237 129 255 255 255 255 166 255 251 255 255 52 255 255 255 77 141
    84 124 210 40 255 255 255 194 214 237 255 204 161 255 255 255 243
    255 165 255 178 64 43 255 99 138 73 76 255 255 86 237 255 201 255
    255 0 255 145 255 196 255 255 255 139 233 255 255 255 255 115 26 85
    131 255 77 75 197 103 34 255 205 255 22 156 113 8 255 255 255 45 139
    255 229 255 255 255 141 185 241 196 32 241 52 137 255 61 255 255 143
    255 255 255 255 255 255 255 255 28 255 16 255 191 223 129 255 255
    255 255 255 16 76 154 255 255 255 38 255 10 174 255 255 36 199 255
    182 159 255 255 99 196 255 255 255 255 255 255 255 255 255 255 50 83
    139 215 255 255 255 255 255 20 255 248 143 255 12 6 95 255 255 255
    202 255 122 255 255 150 255 135 190 255 80 20 127 84 30 170 255 132
    255 255 237 255 255 255 255 255 53 40 255 255 255 255 255 255 38 255
    255 255 247 83 255 150 32 255 140 206 229 8 255 93 107 254 255 55 32
    93 49 234 119 255 186 151 255 22 64 184 157 84 47 255 227 154 26 255
    255 0 78 168 46 255 119 255 187 255 255 78 40 255 255 255 255 32 111
    127 255 255 255 255 198 20 255 255 255 101 255 255 189 174 212 241
    251 204 255 255 255 255 255 67 131 255 230 255 255 255 255 255 255
    255 120 255 255 71 129 255 97 230 255 255 255 195 180 255 255 255 71
    255 255 255 255 255 255 255 213 103 34 192 240 155 255 255 153 255
    255 255 73 255 48 164 255 255 255 255 255 255 38 255 255 50 255 73
    255 255 255 226 66 158 129 255 182 255 255 255 255 255 22 255 255
    255 255 199 255 255 42 255 12 84 225 61 255 144 255 50 255 222 233
    113 85 133 255 59 255 120 46 255 255 255 16 255 255 133 57 224 105
    32 255 229 241 48 255 255 206 32 198 131 255 255 255 255 255 188 243
    45 254 255 61 255 255 14 176 229 198 168 169 255 216 255 255 194 219
    47 255 169 227 255 255 154 255 255 140 255 255 215 119 221 32 255
    255 255 255 255 247 91 255 255 153 16 79 255 239 247 255 235 247 255
    255 255 121 255 255 218 255 255 255 255 26 255 255 255 255 135 83 24
    255 215 255 255 156 255 255 59 162 255 255 242 255 255 2 28 255 255
    119 196 12 255 138 255 255 200 194 127 255 55 255 26 63 255 128 255
    145 255 244 255 186 255 255 255 109 255 255 255 255 164 16 191 255
    22 255 162 30 255 255 255 121 255 44 255 243 255 93 45 255 255 55
    202 115 65 174 161 154 192 173 0 2 121 55 117 255 249 255 255 255
    194 255 255 147 66 172 16 255 168 255 255 144 255 197 22 40 12 115
    255 255 255 255 121 55 36 62 255 255 229 255 255 255 249 255 255 95
    255 255 255 255 97 105 59 44 255 255 255 255 250 255 71 255 255 255
    255 255 255 222 255 255 255 235 255 255 173 255 151 76 255 8 177 255
    52 255 32 238 255 144 255 151 255 255 255 255 166 74 255 255 255 176
    113 52 255 255 239 237 255 255 255 255 255 213 255 255 255 79 255
    255 255 62 255 67 197 203 208 107 122 151 255 180 89 149 59 244 255
    255 57 255 255 71 93 255 255 255 255 255 255 221 255 223 253 255 209
    55 6 157 255 6 239 255 153 76 255 174 255 174 255 255 245 137 255
    255 255 30 255 252 30 215 255 64 255 255 255 255 255 255 255 143 145
    255 242 195 255 214 255 255 255 255 255 255 255 255 255 255 34 255
    221 255 157 255 255 46 34 89 255 119 255 18 30 255 255 93 255 87 255
    255 121 247 215 125 255 255 46 18 255 149 249 255 255 163 166 26 4
    255 255 255 20 255 255 26 10 243 255 255 255 47 255 213 43 255 255
    255 196 255 156 157 235 209 91 211 255 255 255 255 71 255 255 255
    181 55 255 203 219 255 255 255 133 255 148 20 255 190 255 44 255 255
    255 255 99 82 255 228 255 219 127 255 255 18 255 255 73 52 47 89 40
    255 44 255 245 255 255 144 255 10 255 57 101 255 170 255 255 176 66
    142 255 255 255 105 255 154 255 255 255 75 78 247 145 133 255 206
    255 255 255 231 255 255 153 190 255 255 255 255 255 198 255 255 211
    255 255 200 255 239 255 255 109 255 135 255 12 238 255 255 255 255
    87 71 123 12 255 99 255 101 127 255 255 84 255 240 225 255 121 209
    255 69 255 194 255 255 156 255 255 255 255 255 255 255 80 255 67 137
    255 255 205 196 16 181 255 255 255 255 255 255 255 220 255 255 6 245
    255 198 20 40 79 255 255 182 255 255 8 255 237 255 66 49 255 255 4
    255 56 255 87 255 255 107 255 235 151 46 8 255 255 255 255 185 2 190
    255 255 255 255 229 103 255 255 255 255 255 255 36 107 248 255 255
    255 171 107 255 97 190 255 4 219 99 255 22 79 255 89 8 255 255 212
    255 247 255 113 45 255 76 255 200 255 57 255 44 117 255 255 255 97
    255 255 255 157 255 85 255 255 255 255 130 34 255 73 210 255 255 117
    255 71 242 225 255 0 255 207 230 255 255 255 159 255 255 255 255 230
    255 49 255 255 255 14 30 255 147 255 255 255 255 4 73 54 255 97 255
    150 255 113 67 255 28 0 255 255 255 255 255 200 255 141 255 87 255
    255 42 255 255 107 30 255 172 84 255 255 255 211 255 123 144 149 255
    249 190 255 255 255 255 221 6 255 136 255 103 255 121 181 255 255 24
    255 54 255 255 255 255 198 105 129 192 255 117 198 129 36 255 255
    135 255 190 255 105 12 255 255 255 255 113 255 243 109 255 255 65
    214 255 99 255 255 255 204 169 255 89 255 255 214 42 255 115 255 45
    59 18 255 255 68 61 248 255 207 255 255 73 214 193 255 36 165 255
    174 255 162 240 155 28 255 76 111 238 26 174 255 62 255 255 167 142
    255 255 255 91 255 2 246 255 255 255 193 107 255 255 89 188 233 255
    255 82 255 255 163 255 255 97 79 157 225 156 255 103 158 123 72 255
    255 101 255 12 181 255 42 213 221 26 255 91 40 28 255 12 255 255 170
    255 255 133 255 97 255 86 93 255 185 255 141 225 255 255 209 22 34
    12 255 255 255 109 214 16 255 83 255 207 255 255 55 255 255 255 255
    255 255 255 255 255 255 255 49 255 64 255 190 14 255 255 255 190 44
    203 255 255 255 0 8 221 255 198 10 38 67 255 198 250 255 43 147 177
    174 255 191 255 255 18 255 4 255 225 255 221 77 255 255 255 192 255
    255 63 255 255 208 255 255 255 243 83 255 121 255 255 151 142 50 255
    79 255 237 255 255 185 241 255 89 203 255 255 255 83 213 255 255 149
    229 131 189 255 125 221 162 255 233 255 255 255 233 255 95 255 10 70
    142 255 255 128 101 78 45 24 255 255 255 255 65 255 129 255 174 255
    203 255 46 255 255 149 138 255 89 255 255 97 59 255 255 255 255 255
    255 119 52 166 244 255 255 192 255 89 153 255 255 255 245 255 255
    255 255 159 255 67 255 239 255 255 22 255 89 38 255 206 255 255 255
    141 203 255 213 109 255 171 255 2 143 255 255 255 255 125 197 255
    255 255 255 255 42 255 255 255 0 228 147 255 255 14 255 224 255 192
    198 255 205 105 255 255 232 255 255 255 74 255 255 201 255 255 255
    255 255 255 61 246 239 176 222 82 75 79 255 255 255 185 219 147 8
    255 255 255 146 198 255 255 101 213 89 255 113 237 54 255 255 255
    189 61 59 255 255 6 255 217 188 145 255 143 255 255 71 177 176 137
    255 255 143 255 255 255 255 231 168 175 95 255 197 255 255 255 255
    255 255 255 255 255 47 133 129 115 255 137 255 255 159 255 255 191
    255 238 155 111 105 74 71 166 4 255 222 255 255 18 255 12 255 255
    117 137 84 203 255 62 10 210 255 255 79 255 2 155 227 109 20 80 255
    26 151 255 127 255 255 255 255 255 89 213 255 255 56 255 190 18 255
    255 255 255 180 255 255 255 107 188 97 255 8 246 181 182 24 117 255
    255 255 217 85 34 148 255 255 255 208 255 255 101 255 255 255 109
    255 255 255 115 186 255 255 174 97 255 214 255 162 151 0 255 255 153
    30 12 109 241 240 197 178 255 86 119 255 255 87 255 255 255 255 211
    65 255 60 249 30 145 87 248 161 255 255 255 128 255 255 255 255 255
    255 196 183 146 176 255 255 255 209 255 255 249 255 244 255 148 255
    255 119 255 24 255 168 255 255 255 255 71 255 255 255 95 219 255 255
    255 255 30 255 225 252 231 26 255 255 231 255 115 255 255 185 32 151
    12 255 176 237 255 89 255 134 255 151 20 255 251 255 208 255 255 255
    255 83 255 68 255 255 255 188 216 207 184 113 255 255 212 255 101
    255 255 188 54 255 255 255 255 255 255 255 255 255 163 168 255 255
    221 255 255 255 12 255 255 255 251 255 255 255 138 83 189 243 255
    255 47 83 255 255 255 255 255 170 255 255 182 86 255 255 255 237 255
    117 255 255 191 223 255 201 219 6 60 255 32 115 211 52 255 255 157
    255 255 168 255 170 255 255 59 85 231 26 157 251 255 255 207 174 255
    26 255 255 48 89 255 207 255 204 255 255 157 163 255 162 255 255 255
    211 63 135 167 255 255 255 255 255 68 255 255 255 255 238 255 255
    255 255 178 255 253 255 91 255 77 255 113 255 155 255 255 172 255
    255 87 137 205 89 255 255 26 129 45 255 133 255 255 255 255 89 197 8
    255 72 122 255 255 255 255 181 87 255 253 81 250 255 255 87 255 51
    36 187 32 95 191 12 255 255 249 255 255 255 186 255 255 57 255 211
    255 249 32 255 46 10 186 99 255 10 235 156 255 255 255 255 255 255
    210 255 55 255 245 255 255 255 255 172 255 65 255 84 209 216 0 255
    255 255 255 255 255 255 81 201 59 255 255 255 111 237 231 255 251
    255 255 207 255 125 125 38 255 255 255 89 255 156 129 32 255 255 255
    255 95 255 130 255 255 255 210 2 255 111 157 115 22 86 255 174 119
    75 255 241 255 255 255 130 131 249 81 103 255 61 255 255 231 255 117
    239 255 28 255 255 255 8 2 255 16 255 255 255 240 213 217 255 255
    255 188 197 63 178 211 255 255 101 120 232 131 91 14 113 138 131 255
    255 255 249 255 176 72 10 218 255 51 61 72 255 50 16 255 228 255 75
    168 93 49 255 255 38 178 255 255 255 203 255 248 255 75 255 149 255
    30 255 117 255 255 255 143 255 65 232 103 130 93 95 20 255 255 130
    206 111 255 178 255 101 254 227 87 255 255 59 93 201 255 255 255 255
    4 255 255 59 233 128 255 143 53 105 89 251 67 255 255 255 255 255
    242 255 255 254 22 255 42 255 255 255 52 255 255 38 255 255 255 255
    200 48 255 255 255 255 255 255 215 10 255 255 12 255 255 4 219 255
    228 255 148 255 18 160 61 217 255 182 255 255 255 151 170 255 167
    124 255 163 255 255 255 255 255 255 0 255 58 255 14 125 51 16 255
    190 255 72 120 255 56 255 125 255 120 255 103 30 127 255 207 255 255
    255 255 255 89 255 255 255 255 105 255 32 117 53 255 93 217 10 99 38
    182 189 152 255 175 255 255 82 172 123 155 53 255 255 16 255 255 255
    255 193 146 255 80 201 212 255 255 18 255 255 218 191 255 186 18 255
    143 255 85 208 255 255 255 255 71 255 135 83 133 131 140 79 255 160
    250 131 109 129 255 81 255 207 111 255 255 255 242 255 209 133 255
    12 99 255 255 255 101 126 255 10 255 81 255 255 123 245 115 255 255
    85 210 70 255 250 255 255 38 255 2 255 0 255 6 237 12 42 255 255 255
    50 255 255 255 79 255 129 49 255 97 217 255 201 255 4 255 247 255
    255 138 46 255 255 2 255 255 255 255 215 127 191 255 127 255 255 95
    255 255 255 117 225 246 255 10 184 255 142 155 255 8 255 255 255 161
    129 255 255 255 255 255 255 255 255 255 89 190 22 255 255 255 255
    255 255 255 255 235 255 255 255 130 95 255 255 255 255 148 255 78
    255 255 255 22 255 255 255 255 159 255 255 101 255 255 64 221 255 97
    255 252 72 36 255 145 140 103 105 255 255 48 233 52 235 255 255 255
    255 186 107 255 131 255 255 190 255 255 255 255 10 255 143 255 145
    56 83 255 169 148 255 255 174 255 40 227 255 72 255 255 8 67 255 141
    134 255 189 207 71 255 105 255 255 255 111 255 16 255 255 79 107 255
    255 255 255 255 186 133 255 255 255 40 255 255 255 255 255 67 8 255
    24 18 255 91 198 10 103 95 127 111 48 195 67 255 255 107 172 255 97
    69 97 111 226 255 255 246 66 79 212 255 53 255 255 255 54 255 255
    141 157 251 255 197 255 255 255 251 255 255 91 162 155 211 255 255
    255 184 251 30 255 231 245 255 255 97 255 193 255 14 255 176 255 255
    255 50 78 65 38 173 63 255 179 255 188 255 132 87 207 16 255 165 77
    255 107 89 255 251 119 218 255 233 153 217 255 255 28 174 170 255
    164 255 255 255 200 255 255 255 255 73 255 255 255 212 255 255 153
    221 184 254 155 255 44 201 255 255 255 243 159 255 255 255 255 255
    149 255 249 255 255 255 255 255 235 182 109 200 196 255 255 255 255
    144 255 255 53 255 217 255 101 255 194 255 161 63 255 82 144 255 255
    255 99 28 255 255 255 223 255 207 168 157 255 255 127 30 255 153 143
    255 255 205 51 153 255 245 115 123 75 38 251 138 255 135 8 255 255
    255 255 131 130 24 225 255 210 255 255 255 203 239 255 193 255 255
    255 255 255 255 255 255 161 255 255 95 122 255 255 255 255 255 22 91
    123 61 83 255 255 252 199 16 255 255 255 176 255 6 255 157 41 232
    247 255 254 255 255 46 42 255 214 129 255 28 255 255 14 255 146 255
    209 255 255 179 255 255 58 200 255 255 38 255 255 172 168 255 255
    255 18 200 255 171 255 121 14 75 18 239 255 255 255 255 255 135 227
    248 255 109 137 74 67 65 139 255 255 255 10 242 255 158 255 215 237
    255 255 255 119 255 65 255 159 120 255 255 255 255 131 255 255 6 255
    255 255 20 240 255 255 246 117 255 61 8 109 255 255 146 255 46 194
    255 121 255 145 255 166 255 255 255 216 255 128 99 89 8 145 137 255
    176 14 255 255 95 255 236 129 255 188 237 30 255 255 255 18 255 255
    255 255 30 255 255 77 255 255 172 186 255 255 204 255 180 77 62 14
    22 233 115 255 255 255 255 16 255 255 255 255 255 255 255 255 223 41
    255 64 255 32 181 255 255 255 255 255 255 255 255 237 213 121 255
    255 255 255 89 255 255 55 147 36 255 204 255 255 255 255 192 255 255
    109 255 255 255 255 251 255 255 255 91 255 159 4 255 255 22 255 235
    205 36 255 43 83 211 176 255 52 255 232 255 219 255 36 73 255 255
    126 255 145 255 83 255 211 255 229 67 42 213 154 255 18 28 255 36
    255 255 255 255 220 241 255 250 255 213 255 251 255 255 255 30 255
    255 255 40 255 109 24 255 255 255 52 89 254 125 255 147 133 255 155
    255 255 255 159 255 79 255 243 255 221 65 255 255 136 135 255 255 32
    159 255 255 249 255 255 26 255 255 58 255 204 26 93 255 203 71 12
    255 81 255 133 115 24 255 255 105 133 47 159 177 77 252 14 255 255
    255 255 255 10 107 255 157 241 255 255 255 192 99 255 255 127 255
    159 117 255 255 10 255 139 213 255 153 255 235 255 255 124 255 86
    255 255 217 85 255 255 130 224 255 194 206 243 49 238 115 225 50 255
    255 255 255 28 220 255 239 226 255 255 44 255 14 252 211 255 40 28
    136 20 255 255 255 255 81 255 255 241 255 255 67 155 255 26 255 72
    10 87 235 113 255 38 255 188 255 150 55 237 55 69 255 85 255 255 255
    131 52 255 135 20 255 151 52 255 255 255 134 153 241 142 250 255 255
    255 213 148 255 84 255 147 237 12 255 255 237 204 111 24 206 175 255
    255 255 166 255 255 107 236 255 255 255 255 138 255 247 160 202 255
    255 212 8 142 77 227 219 93 255 255 255 255 255 151 177 34 255 22
    255 255 255 12 182 97 209 254 255 255 255 66 164 42 255 132 255 255
    255 255 255 128 255 255 255 131 255 26 255 247 97 255 28 255 214 243
    146 75 255 255 131 255 49 255 255 128 79 107 111 71 95 255 107 119
    89 255 56 255 255 115 178 255 161 255 216 237 255 255 183 255 164
    255 217 255 159 89 255 10 255 115 121 221 255 255 255 216 62 255 91
    10 81 255 255 32 255 255 111 161 175 237 255 99 255 255 255 0 174
    255 255 255 255 146 149 255 255 105 249 101 188 253 105 125 70 255
    133 247 205 255 255 223 255 255 255 255 255 255 255 22 255 255 255
    122 162 255 115 255 255 99 172 199 255 255 89 150 18 255 105 255 255
    186 99 6 174 255 12 255 38 255 255 10 249 172 61 125 255 255 171 113
    255 255 99 255 197 162 255 119 255 182 255 255 71 241 255 255 255
    255 0 255 34 61 245 255 103 255 255 255 159 255 252 205 255 255 255
    26 255 111 255 255 255 225 255 173 134 255 175 136 255 255 255 255
    22 255 18 117 198 129 255 255 255 255 255 255 207 255 137 255 229
    170 255 128 151 255 103 143 199 136 255 179 113 42 48 255 75 153 172
    255 0 255 107 255 255 255 255 255 255 255 255 32 32 255 222 255 136
    255 107 255 216 255 178 123 255 2 200 255 61 255 255 255 93 189 71
    255 111 132 255 95 255 224 107 32 105 255 85 255 255 255 230 173 164
    32 255 20 255 169 255 255 255 0 250 249 255 255 255 255 105 255 113
    255 187 255 26 213 255 255 235 47 234 255 215 200 28 255 255 255 255
    255 4 81 54 165 83 55 249 255 255 255 255 255 219 168 255 159 255
    131 243 255 255 129 231 255 255 255 54 113 14 255 255 255 255 91 255
    121 12 255 153 28 255 79 255 40 255 255 255 255 97 255 255 255 255
    255 255 255 255 111 32 255 255 255 81 255 93 255 139 255 255 54 255
    255 251 243 0 255 255 255 10 146 67 253 178 155 255 255 232 161 115
    95 255 255 145 159 229 255 255 200 255 255 51 255 255 255 255 255
    190 255 195 24 20 89 83 206 255 255 73 255 43 255 255 36 255 207 255
    255 255 255 196 171 255 176 255 255 255 255 99 255 103 255 255 255
    138 255 255 241 55 135 255 255 255 4 10 255 255 236 159 255 48 255
    75 255 255 255 255 169 255 255 139 255 255 203 255 12 255 241 172
    255 255 255 255 229 255 191 170 255 44 73 18 56 12 182 255 255 131
    255 255 255 255 239 255 32 255 220 12 57 194 255 255 255 255 255 155
    253 255 255 255 168 255 255 255 50 255 255 255 255 227 255 255 255
    255 255 172 111 187 255 255 44 215 149 255 130 255 255 221 252 24
    255 255 255 255 141 223 6 255 40 255 255 255 255 255 111 196 255 255
    186 255 48 255 255 255 4 255 255 255 255 255 255 81 235 255 48 193
    255 12 255 85 255 255 105 147 255 128 151 215 255 26 255 255 255 217
    231 255 207 255 255 255 255 210 255 213 255 255 138 42 54 122 113
    255 255 255 255 103 255 255 205 79 127 255 255 255 255 216 22 255
    174 255 138 255 99 38 255 255 255 255 255 255 182 255 255 255 113 22
    75 91 255 127 143 0 255 211 255 255 215 255 178 243 237 255 255 170
    255 86 73 255 177 97 149 159 122 255 255 89 206 68 255 255 209 140
    250 159 10 188 255 115 103 255 69 255 28 209 255 255 255 255 255 255
    210 255 83 141 22 89 216 143 81 135 207 10 255 255 255 255 255 71 8
    12 89 255 255 247 255 255 255 192 205 81 255 255 211 255 255 255 255
    255 255 77 255 111 255 255 255 236 16 255 16 255 77 73 255 73 255
    255 255 255 255 255 22 255 255 71 255 255 75 255 255 174 0 158 196
    255 255 255 255 49 184 255 14 255 255 255 141 161 255 8 255 119 255
    255 255 147 215 255 188 255 120 117 107 26 255 255 91 151 255 255
    255 221 255 254 113 144 162 255 223 255 82 255 210 255 61 46 249 162
    63 255 255 255 50 40 91 255 255 255 145 255 255 201 207 255 225 255
    255 42 255 255 139 255 255 255 128 220 115 255 255 255 255 129 231
    255 255 195 115 89 255 45 255 255 255 255 233 30 228 255 255 50 84
    255 153 249 255 255 197 255 255 26 255 255 117 255 255 255 255 214
    255 207 255 255 255 255 255 255 0 255 255 255 255 57 255 109 150 255
    86 213 255 255 251 214 255 255 79 191 156 40 255 111 255 125 215 255
    255 247 44 227 255 14 255 180 255 255 178 71 255 255 103 14 255 125
    68 65 255 103 47 255 155 231 26 183 255 119 255 255 147 255 255 20
    255 255 71 95 255 63 10 140 255 255 255 119 255 255 178 235 255 145
    119 255 192 255 148 255 4 255 255 255 255 255 255 217 255 211 22 255
    255 235 73 103 235 255 36 255 255 103 4 22 255 255 255 255 255 147
    255 255 155 255 203 242 223 255 224 18 255 255 235 122 255 255 255
    67 227 255 255 68 146 246 255 255 164 143 144 255 255 255 123 169
    255 255 52 255 255 201 20 162 255 255 255 151 117 155 28 255 2 255
    255 255 255 255 182 255 255 133 131 45 157 30 91 255 2 67 255 255
    255 248 255 255 54 255 255 178 16 255 255 217 215 28 46 255 135 255
    255 255 255 255 121 255 255 255 255 38 255 255 51 255 255 255 255
    255 255 255 255 144 255 54 255 77 255 237 255 255 83 8 255 211 208
    255 255 95 89 255 107 255 255 255 167 203 75 93 255 255 18 45 133 46
    10 218 52 255 10 255 184 255 255 93 252 117 211 137 255 255 79 255
    255 255 249 186 22 10 154 255 255 255 166 157 174 59 105 255 67 255
    194 204 103 0 61 76 213 255 46 164 255 89 255 255 211 255 164 199 59
    36 255 2 63 255 255 252 241 138 182 255 255 255 82 255 52 255 255 65
    255 142 238 255 255 0 113 255 214 255 152 55 115 188 8 255 41 255
    239 255 135 195 223 255 235 63 255 99 73 255 255 255 202 139 255 255
    255 255 10 78 255 59 189 255 255 145 97 255 255 34 255 183 255 255
    18 255 255 117 136 12 243 255 255 135 174 24 255 255 232 76 182 38
    255 24 204 82 34 153 255 174 157 255 231 255 255 83 255 255 255 255
    123 8 255 217 249 255 255 255 73 209 255 255 255 207 103 255 209 212
    255 57 255 117 255 184 255 198 55 133 255 255 255 255 255 255 255
    255 227 255 170 173 255 44 255 255 81 223 255 85 211 111 255 52 255
    77 255 243 77 255 255 255 95 255 255 113 255 18 84 63 81 255 255 255
    255 255 255 105 255 255 255 255 216 197 255 255 255 255 255 255 69
    255 255 85 255 255 101 255 255 180 255 255 255 255 40 255 67 221 6
    244 239 124 255 58 255 141 213 255 202 157 255 234 255 140 77 219
    172 255 255 255 255 255 255 255 121 107 255 52 255 255 221 255 255
    255 255 255 89 255 240 113 255 196 245 255 255 235 201 57 255 134 38
    16 255 242 217 255 157 42 196 255 255 63 137 117 255 255 255 41 214
    255 36 255 249 83 36 245 255 4 255 55 255 255 30 244 34 255 4 255
    130 105 255 174 255 255 255 255 255 192 255 255 255 255 255 255 168
    161 255 254 255 51 192 255 255 255 255 255 255 215 255 218 139 255
    255 255 69 6 56 255 186 153 255 255 255 255 255 231 255 192 32 91
    184 141 38 242 38 255 255 255 255 65 60 255 255 255 255 111 255 255
    230 175 119 255 0 255 255 50 255 44 209 255 255 255 255 244 56 85
    151 227 255 226 255 41 255 181 115 255 255 255 255 255 255 59 255
    255 255 223 255 255 84 203 255 255 152 255 20 119 109 205 255 196
    255 255 192 255 203 248 255 255 255 153 227 244 82 255 255 99 255
    255 203 87 255 109 103 255 101 255 255 255 251 255 227 255 255 255
    57 255 175 255 255 177 255 20 70 237 40 255 255 255 255 4 255 141
    154 255 235 255 255 255 255 255 255 255 59 42 255 255 255 255 16 199
    255 119 255 166 26 255 255 255 255 255 28 213 255 255 255 255 255
    153 255 226 255 255 75 173 255 67 95 154 71 255 255 255 48 255 255
    255 255 255 255 194 255 255 18 79 255 45 129 80 255 255 20 255 255
    201 255 202 255 109 54 255 255 255 28 255 255 141 255 255 255 255
    255 95 255 107 74 182 255 145 120 255 215 255 255 187 255 255 44 255
    255 255 205 2 255 79 63 201 132 255 255 115 255 167 255 255 179 255
    255 255 111 202 255 75 255 255 229 255 255 132 190 255 103 170 89
    119 255 255 255 2 255 176 212 195 219 75 255 255 180 255 251 218 255
    251 83 255 211 255 213 255 250 255 255 255 217 61 255 255 150 255
    255 255 139 255 119 255 255 255 255 255 138 36 255 255 255 255 69
    147 255 144 198 255 239 180 255 255 255 255 255 127 197 255 255 54
    235 212 255 255 255 50 180 234 199 255 2 0 65 255 137 122 204 74 255
    198 255 57 81 255 201 255 30 61 255 255 255 168 255 255 141 255 255
    255 42 119 172 255 85 255 2 255 113 117 255 255 145 243 178 255 233
    93 255 255 255 255 156 246 255 38 255 219 113 255 76 255 153 255 126
    255 36 255 34 46 0 255 255 255 230 155 55 255 255 255 255 56 213 255
    58 255 255 255 91 255 255 255 28 181 255 89 255 12 255 255 227 255
    115 75 119 195 255 55 255 215 69 197 65 218 243 176 105 255 255 255
    131 65 255 68 79 8 74 255 125 139 255 255 255 99 255 84 164 255 191
    255 255 99 255 32 255 255 85 255 148 255 167 166 214 255 255 52 68
    255 244 255 79 255 255 188 182 255 59 255 255 255 255 56 152 255 105
    255 135 60 128 224 255 198 186 255 255 208 14 126 255 255 241 30 255
    8 188 255 255 161 255 255 61 255 255 55 255 10 255 255 65 255 12 251
    255 103 219 28 255 67 69 255 255 34 255 85 236 255 255 255 223 255
    28 213 255 162 207 89 162 105 120 255 99 45 255 227 255 255 82 255
    255 255 255 255 163 219 255 229 255 73 211 16 255 225 255 208 195
    235 255 255 225 182 48 255 190 42 255 255 255 255 236 10 174 127 255
    255 255 255 255 157 52 255 255 255 249 119 239 255 255 233 237 255
    255 150 255 235 255 255 76 200 200 78 45 255 0 115 42 255 239 255
    255 6 255 255 255 184 255 255 50 103 85 188 255 73 255 8 142 255 245
    247 255 255 16 255 133 255 255 255 233 255 255 12 255 255 255 255
    255 134 255 255 49 161 255 251 107 127 120 255 223 207 255 255 255
    255 165 255 4 199 255 255 255 229 255 255 255 255 12 0 255 60 2 170
    255 67 255 255 255 107 255 255 255 32 255 101 255 255 255 91 255 176
    82 53 0 213 255 65 255 255 255 255 217 255 249 53 61 255 255 34 255
    115 255 245 71 255 255 255 255 231 255 255 229 255 4 255 255 255 155
    213 255 251 255 255 255 255 255 255 30 234 141 255 42 255 200 255 58
    255 255 255 138 115 255 255 28 255 255 242 44 243 40 22 255 32 255
    211 255 36 255 255 159 255 18 255 132 192 255 255 54 239 255 69 72
    69 255 187 8 255 22 134 255 70 255 28 255 188 255 14 255 255 56 255
    18 225 34 202 6 237 184 255 217 6 255 255 255 255 255 255 165 111
    127 139 255 255 255 186 119 66 132 255 72 213 85 60 225 174 255 43
    255 38 255 255 76 255 48 255 255 38 177 51 255 62 255 149 97 255 255
    115 255 255 247 178 238 255 219 198 26 255 123 251 53 180 255 255 30
    255 255 255 42 255 55 255 180 57 255 255 255 95 180 255 2 255 115 36
    164 255 91 89 48 58 24 42 255 255 222 44 255 255 113 24 255 247 249
    16 255 213 255 255 255 255 255 255 255 255 255 113 93 184 255 255
    166 255 153 255 121 255 255 238 141 71 12 8 213 238 255 255 216 213
    30 255 159 201 255 93 170 75 255 255 117 255 249 255 255 160 230 26
    255 255 255 81 168 251 59 77 255 255 255 255 152 255 251 150 0 209
    255 206 255 255 255 135 170 255 135 255 255 255 53 255 245 215 230
    38 255 188 70 255 255 211 255 115 255 245 255 255 255 255 255 255
    255 215 201 255 255 213 236 215 255 255 193 255 202 255 255 137 159
    140 255 255 0 255 251 255 244 133 255 255 2 89 255 133 255 192 70
    255 103 255 255 168 255 255 255 8 255 255 255 51 255 255 148 0 255
    233 255 237 136 252 255 122 255 255 117 255 255 198 139 255 255 255
    255 140 255 255 160 255 6 255 255 60 255 255 255 255 255 255 87 46
    54 255 255 127 255 46 255 255 44 255 67 137 141 255 87 255 255 184
    255 255 255 255 164 255 161 128 255 185 255 232 89 154 6 48 255 255
    107 255 216 4 247 255 139 255 255 179 144 254 58 255 178 255 255 194
    255 49 71 123 255 255 193 229 30 32 235 28 123 43 206 255 255 192
    255 101 255 255 255 255 255 200 95 205 255 67 255 245 255 205 109
    226 209 241 255 159 235 255 255 77 22 255 255 255 86 85 255 159 140
    255 173 255 180 255 221 255 133 247 255 32 255 210 255 255 50 0 255
    125 255 255 200 223 40 198 179 63 232 255 69 131 18 255 255 52 245
    147 89 255 255 255 255 255 255 235 255 255 255 59 255 255 244 131 95
    161 255 255 151 255 255 188 255 61 34 175 200 255 255 38 186 153 196
    14 0 255 255 255 138 0 239 249 147 139 255 222 189 255 255 255 201
    255 255 255 255 255 255 255 177 40 119 215 111 255 255 255 85 255 85
    208 177 59 240 255 255 255 54 255 255 157 255 255 189 223 0 255 255
    255 255 194 55 137 207 255 89 231 129 255 205 255 255 200 242 175
    146 255 255 255 133 255 235 255 255 144 202 255 255 255 237 255 255
    36 237 166 255 87 127 255 117 255 38 255 113 255 14 57 255 255 192
    107 225 255 48 67 255 255 245 255 225 16 255 127 198 204 255 255 30
    131 255 255 255 255 255 12 91 255 255 255 79 255 255 255 24 255 255
    147 81 255 149 255 255 255 255 131 189 77 255 207 255 123 255 209
    164 46 233 210 245 67 255 193 255 145 151 45 226 70 255 255 155 87
    255 255 12 255 28 117 113 255 95 162 62 255 255 48 255 255 163 113 6
    165 255 255 255 255 255 255 255 255 217 227 255 255 132 22 255 255
    255 255 200 180 101 255 155 255 101 255 255 144 255 255 255 255 201
    164 255 32 203 255 99 255 255 201 255 46 255 239 255 165 255 255 36
    255 255 225 255 149 255 233 99 255 111 69 251 10 206 153 91 95 52
    255 137 185 34 255 0 255 162 173 16 65 255 55 238 255 4 38 255 255
    22 107 162 32 237 255 255 255 255 52 255 255 52 255 128 14 6 14 10
    56 28 255 255 255 210 219 255 255 255 255 224 255 168 255 255 255 77
    225 255 52 255 255 129 193 255 255 103 40 196 101 164 89 177 253 255
    167 130 255 68 255 255 255 162 255 255 255 149 255 162 255 255 184
    255 215 255 63 60 255 59 66 255 255 255 63 85 117 255 250 14 255 236
    193 255 255 245 255 20 199 73 206 129 178 255 155 255 141 137 255
    255 255 75 48 211 255 137 255 255 255 155 255 149 255 255 255 207
    255 255 255 255 255 253 255 52 255 32 55 255 213 71 255 255 255 24
    61 255 231 255 255 211 255 255 255 61 95 255 245 103 38 221 218 255
    132 255 117 239 255 89 91 188 255 255 255 255 229 255 255 190 6 40
    255 20 129 154 255 255 38 255 163 87 255 201 24 248 255 51 196 95
    255 255 255 239 180 255 105 127 255 255 255 245 138 52 255 136 95
    255 79 255 32 192 255 255 79 255 255 255 255 253 22 79 255 111 255
    255 217 240 91 200 168 255 255 255 149 239 255 255 255 59 175 255 44
    207 26 79 255 227 83 255 198 255 255 67 133 235 255 178 181 91 44
    255 255 67 60 81 255 133 255 255 56 81 0 199 255 255 24 255 255 255
    152 255 255 154 166 125 144 254 255 85 113 179 255 101 255 28 255
    255 255 255 119 255 255 255 255 87 58 255 255 97 156 255 255 255 188
    255 255 255 255 255 255 255 255 255 22 255 255 127 255 218 185 255
    255 181 255 255 255 255 176 12 57 147 255 255 255 255 255 159 255
    205 200 239 255 255 255 255 255 24 24 255 8 18 137 255 255 255 255
    255 255 125 38 202 231 71 119 78 255 255 255 255 143 181 51 255 255
    221 50 255 255 255 143 229 255 183 43 255 255 255 255 203 196 255 16
    255 18 175 255 95 255 170 255 119 255 153 167 71 147 159 255 255 255
    205 210 255 128 255 14 255 147 167 144 255 217 40 115 255 255 255
    255 255 255 255 255 255 255 229 255 255 152 255 255 93 255 253 253
    255 255 255 109 255 255 135 56 255 67 209 255 255 255 255 180 255
    255 255 255 255 10 255 255 54 255 154 184 255 255 255 255 255 218 6
    201 226 255 215 113 255 188 178 255 142 255 255 227 255 255 158 255
    255 43 255 66 255 255 255 16 12 74 255 248 255 203 44 255 215 30 119
    85 255 255 93 255 209 101 255 255 255 255 42 255 42 149 245 255 255
    255 198 80 255 255 255 255 48 255 45 255 175 255 230 255 229 255 255
    255 255 255 255 255 255 144 57 255 255 255 14 255 220 255 255 255
    255 156 117 183 255 255 213 101 87 213 255 255 255 83 255 38 255 255
    235 255 192 255 255 255 97 255 153 255 233 111 255 255 55 169 255
    255 221 255 36 255 41 255 70 255 67 237 255 159 189 180 255 255 107
    255 135 255 255 117 255 121 255 255 255 255 255 255 255 255 255 255
    245 255 255 255 127 255 251 255 2 255 24 117 81 255 255 231 194 255
    255 255 255 4 255 97 255 255 255 243 255 177 255 255 243 255 255 38
    255 255 195 105 255 255 255 10 255 251 151 255 255 255 105 20 194
    255 255 129 153 255 255 195 255 255 40 255 255 255 122 255 255 194 4
    255 255 255 253 247 77 255 75 255 64 255 255 70 73 255 171 156 255
    119 28 87 52 174 255 255 124 97 255 59 255 255 97 194 255 255 192 74
    8 36 24 255 255 95 255 8 255 255 95 219 255 255 177 255 255 255 255
    255 255 255 255 40 40 255 255 71 255 68 255 216 2 255 248 161 255 85
    255 196 73 255 47 255 38 255 255 44 196 255 131 79 255 255 255 238
    255 130 255 191 89 174 121 255 255 149 225 16 255 255 133 255 255 40
    155 255 113 255 255 255 255 255 255 255 255 255 8 59 147 93 255 69
    255 176 255 173 140 208 187 255 255 255 28 255 255 255 36 125 160
    139 255 255 255 255 255 95 66 0 214 64 91 255 255 109 22 255 255 246
    237 255 52 255 203 255 255 176 255 14 255 6 255 184 255 255 156 255
    40 255 202 16 255 255 255 113 50 255 166 255 76 79 38 46 255 255 253
    255 149 38 113 255 255 8 151 255 255 69 255 93 255 255 255 255 255
    174 255 255 255 240 241 91 141 213 229 30 181 255 91 255 49 255 255
    255 24 139 200 30 149 255 255 38 255 255 20 132 143 255 241 174 235
    203 255 255 172 115 189 87 248 255 178 255 255 138 24 221 255 216
    103 57 255 255 55 255 255 91 228 255 255 255 30 93 242 255 255 26
    255 235 61 54 190 255 8 12 44 255 255 174 255 255 107 255 255 255
    109 148 236 255 30 255 2 255 127 255 237 255 40 255 40 239 255 91
    255 130 252 255 200 255 255 255 255 86 255 42 255 119 155 255 77 161
    40 186 255 211 144 4 255 255 180 161 255 255 70 71 115 68 255 255
    255 255 109 229 255 255 171 255 255 255 255 255 255 255 216 209 136
    255 255 188 255 239 255 6 255 55 0 247 255 192 255 255 255 255 255
    255 255 255 255 28 164 255 52 255 172 201 49 255 52 243 172 135 255
    255 255 255 24 255 255 87 119 18 202 255 255 24 255 255 91 255 196
    255 255 109 246 255 255 190 255 107 61 241 255 255 255 255 206 255
    255 145 91 255 255 131 255 153 255 120 141 169 255 255 255 14 255 56
    255 50 20 255 10 219 255 255 16 255 198 225 255 255 255 255 255 255
    59 81 255 239 255 255 34 113 255 75 255 2 61 255 93 255 50 255 57
    206 255 51 28 255 255 255 119 43 69 255 255 255 28 251 115 255 178
    255 255 255 255 255 115 255 44 255 255 203 113 255 255 255 255 255
    93 240 107 180 255 255 134 166 60 255 255 255 10 255 151 134 105 255
    217 228 255 255 54 255 134 202 52 255 255 44 255 188 255 20 255 255
    213 166 62 36 190 185 255 255 131 255 255 255 255 255 30 255 255 193
    255 255 255 255 12 255 69 255 12 229 95 201 184 255 115 255 255 247
    170 26 255 190 180 171 255 255 255 237 255 255 10 255 255 196 145
    255 255 255 153 255 255 86 223 255 44 158 137 157 225 143 66 219 190
    227 136 255 58 158 255 255 255 255 255 243 52 147 170 255 255 243 69
    255 231 255 255 142 255 153 255 218 255 170 198 107 47 123 99 132 63
    66 255 202 255 4 10 255 255 255 82 245 186 131 255 196 255 41 14 255
    255 255 255 255 230 255 255 61 239 255 103 91 59 255 127 255 123 255
    255 255 255 69 255 255 152 255 255 18 161 255 255 85 253 225 196 239
    255 228 253 255 255 255 192 255 209 255 73 255 255 216 255 255 255
    255 255 232 171 255 226 247 255 255 255 255 89 255 207 54 60 255 255
    255 255 255 255 255 255 195 69 255 44 122 123 233 115 255 255 255
    255 133 255 255 255 255 55 255 255 57 143 4 255 255 124 255 201 203
    236 123 255 255 255 255 184 185 255 4 255 134 255 255 255 255 249
    203 255 12 255 255 255 255 255 255 255 255 255 255 91 255 255 210
    255 255 4 255 61 206 255 41 255 99 255 178 255 105 255 255 154 255
    76 255 255 255 91 113 64 28 255 255 162 161 193 255 255 131 227 222
    56 201 166 201 241 159 255 119 137 255 255 10 255 255 255 255 105
    255 255 117 255 74 255 255 255 255 255 255 73 255 221 89 255 255 207
    119 123 255 255 255 255 91 255 40 10 255 255 95 111 255 255 209 255
    224 255 255 255 255 255 255 255 255 255 255 255 16 247 255 123 255
    172 79 255 255 255 243 166 230 24 255 121 215 87 255 203 255 255 255
    255 250 255 255 10 253 120 255 20 255 255 255 255 255 36 160 255 147
    255 255 255 255 255 255 207 255 255 255 75 249 255 255 64 255 81 255
    79 228 82 18 255 105 255 87 255 111 255 62 221 198 255 223 255 20
    255 255 24 255 89 255 255 166 255 79 255 48 188 255 255 255 255 241
    255 255 255 255 125 133 194 255 201 43 255 213 235 255 255 255 89
    205 190 212 255 130 255 26 158 155 181 65 255 255 255 24 255 255 159
    163 255 255 235 255 55 255 152 161 255 255 208 137 93 255 217 255
    255 207 51 255 16 255 255 255 255 218 255 67 255 189 255 204 255 255
    255 42 91 234 255 211 250 255 255 125 255 255 255 14 255 255 197 255
    178 58 99 149 255 255 255 255 198 210 255 79 216 107 166 255 255 255
    255 255 255 255 255 255 32 255 255 255 10 89 255 30 186 170 121 255
    255 251 38 182 72 103 42 255 255 255 70 255 170 255 255 255 255 36
    255 255 255 202 237 255 255 30 255 2 245 158 255 167 223 255 58 255
    255 255 255 32 119 255 30 74 255 255 255 255 12 255 34 190 137 237
    255 193 255 255 175 16 255 72 255 149 255 255 127 141 255 255 255
    221 255 2 97 255 255 89 255 255 182 103 34 255 168 255 255 85 255
    255 161 255 249 255 255 154 255 221 255 255 223 164 79 76 255 255
    255 255 255 54 69 71 255 255 255 255 182 255 167 198 255 255 36 157
    255 255 14 28 255 255 93 178 155 255 150 244 255 255 255 38 255 255
    207 255 176 60 255 255 157 186 91 167 247 157 255 255 255 255 182
    255 255 255 46 52 117 157 255 255 255 155 30 246 255 45 184 255 95
    255 255 85 38 60 255 180 159 255 214 24 142 248 237 150 176 42 255
    220 255 255 255 255 255 178 255 255 14 78 126 255 255 255 162 255
    255 50 161 255 255 217 255 255 0 95 113 255 101 26 101 255 228 2 144
    127 175 255 28 123 255 255 255 194 101 40 255 16 255 255 81 237 255
    172 26 194 71 255 255 61 255 255 8 255 255 255 193 255 255 255 188
    255 147 255 255 251 255 255 161 209 75 62 26 255 155 255 2 255 255
    255 143 255 255 255 75 192 40 255 255 255 255 71 255 138 255 129 71
    255 171 255 192 199 20 255 255 255 255 22 255 255 113 43 186 125 255
    87 237 91 161 255 10 157 195 255 14 255 132 255 255 111 255 60 255
    18 185 51 255 255 255 255 16 255 159 255 146 42 107 158 255 115 255
    180 255 136 180 255 255 255 153 172 121 255 190 71 147 111 255 125
    14 143 255 255 182 14 255 255 255 255 125 32 124 255 97 243 255 93
    251 212 255 156 65 255 109 255 139 255 210 14 255 20 2 255 255 113
    255 255 255 255 255 247 26 202 255 158 255 255 134 255 255 138 255
    255 73 250 255 45 87 40 255 255 255 255 255 42 122 255 74 20 230 255
    255 44 255 148 208 167 93 255 215 95 109 14 255 255 255 255 73 133
    255 240 255 255 46 187 255 89 74 255 111 149 87 255 18 132 255 207
    255 255 197 255 149 255 115 137 245 255 255 48 255 0 223 225 55 255
    14 143 255 89 63 255 255 255 205 255 166 255 43 186 215 255 255 14
    115 255 229 255 174 255 63 255 255 255 34 217 211 26 161 186 255 255
    223 4 255 255 255 255 30 255 215 255 69 255 255 242 255 255 255 255
    156 255 255 95 230 255 255 255 237 255 75 163 255 172 147 255 255
    255 91 255 42 28 63 255 255 85 255 255 255 20 182 255 78 255 139 255
    255 218 255 192 61 255 255 255 255 255 32 255 255 255 123 57 81 255
    255 204 22 255 255 255 36 129 159 51 255 255 255 255 255 255 255 221
    213 170 255 109 255 255 255 14 255 255 16 255 255 234 84 255 255 205
    126 113 255 255 105 255 150 101 68 255 255 255 225 97 255 255 107
    255 239 107 255 255 44 255 255 255 115 83 95 84 91 153 227 255 255
    255 253 255 255 176 222 255 122 255 255 65 111 255 255 57 221 255
    255 255 255 157 255 255 255 99 255 255 203 101 67 255 105 255 255
    255 255 255 119 216 153 255 155 149 156 196 255 160 255 255 79 99
    255 107 255 207 255 168 255 255 255 255 201 255 84 97 255 151 6 85
    18 182 255 255 166 255 54 6 255 6 255 255 255 136 224 255 40 149 22
    126 255 255 81 155 133 43 141 171 255 42 217 255 238 157 41 255 64
    255 255 255 20 168 28 255 123 255 255 255 145 174 38 255 255 255 203
    255 255 255 8 255 145 255 255 161 38 255 72 255 67 255 255 30 28 115
    50 40 231 255 105 227 255 255 255 255 255 45 131 86 255 255 255 225
    14 72 255 137 139 255 255 187 255 255 195 122 255 255 168 200 255
    255 255 255 255 255 171 148 255 129 255 168 255 255 255 255 43 255
    255 255 222 10 255 255 97 136 255 163 255 30 145 255 255 157 14 153
    72 255 30 80 255 230 22 255 147 255 168 255 255 255 170 255 255 255
    145 255 180 91 67 123 255 93 93 255 89 190 255 255 252 14 182 255
    241 36 157 255 255 194 255 186 255 191 255 127 84 124 230 175 14 255
    145 255 255 255 255 255 131 101 255 117 255 18 191 255 242 255 255
    55 255 255 255 255 103 69 255 255 255 0 255 255 255 255 24 131 93
    255 189 103 65 251 255 210 255 255 255 255 255 255 157 249 255 255
    30 255 255 255 255 255 255 36 163 71 103 255 49 12 113 255 255 255
    87 230 165 97 255 255 255 255 113 255 255 255 89 75 255 172 192 255
    138 255 253 255 214 173 255 174 255 255 24 103 43 255 255 255 255
    119 255 255 255 255 59 76 219 255 243 6 57 129 255 255 4 194 255 22
    109 119 54 203 89 74 190 255 255 255 95 185 128 255 255 53 255 255
    22 164 99 22 174 8 55 255 183 255 143 243 255 170 14 63 202 255 255
    255 201 43 255 255 255 143 255 255 255 26 255 226 205 2 255 255 255
    242 255 61 196 62 255 255 255 40 255 255 63 224 255 255 61 255 38 61
    32 255 149 91 148 248 93 255 255 213 255 54 255 255 255 64 255 103
    255 255 52 135 255 61 255 174 255 131 255 8 205 255 255 255 227 255
    255 32 255 255 255 166 243 243 255 255 174 255 255 152 236 255 255
    147 2 109 224 255 41 255 229 255 22 161 34 254 255 134 255 255 255
    240 255 255 38 255 255 255 82 255 52 10 180 172 255 22 153 255 255
    255 165 156 255 255 231 255 255 81 34 255 255 202 225 255 168 255
    111 255 48 255 255 26 182 34 255 255 255 255 115 222 227 73 255 255
    255 255 95 2 255 217 225 75 199 219 255 255 241 2 255 255 255 255
    221 255 239 128 77 255 136 63 255 221 184 255 255 89 255 28 255 255
    73 255 163 192 255 93 28 255 251 255 200 255 255 255 255 255 255 255
    255 255 195 192 244 24 67 255 201 255 255 255 255 255 255 85 255 255
    255 172 44 6 30 34 160 255 255 255 226 255 255 255 255 255 255 219
    255 143 255 115 255 28 255 127 255 168 255 89 81 255 255 255 255 74
    73 194 255 22 255 2 255 93 241 253 188 78 255 255 38 255 255 175 34
    10 255 255 255 14 217 255 255 103 131 165 172 123 2 194 255 255 168
    123 255 255 255 255 77 230 74 26 73 161 231 18 141 255 216 181 255
    255 245 253 255 255 28 145 199 255 222 255 150 255 255 255 255 48
    156 135 255 71 255 249 255 115 177 255 4 247 16 255 255 255 255 36
    168 255 173 142 255 255 255 255 255 255 255 255 255 36 255 124 255
    84 255 255 36 255 4 40 245 255 54 67 153 255 255 255 255 36 255 6
    255 178 255 255 255 255 150 188 225 255 255 255 164 255 191 8 81 223
    160 151 42 255 252 255 36 85 255 45 255 179 255 137 255 71 255 66
    255 79 105 154 255 239 255 255 255 192 255 255 73 255 4 227 54 255
    255 236 255 255 255 255 255 61 255 49 8 255 255 153 111 255 52 255
    89 208 255 255 93 89 201 255 255 156 255 179 190 184 36 255 255 213
    174 0 255 255 255 255 255 240 165 255 103 255 20 244 183 255 85 143
    255 255 255 255 255 159 51 255 147 255 198 255 101 52 141 255 81 227
    255 255 10 255 159 255 255 255 255 255 208 143 211 186 255 32 220
    185 36 255 115 67 133 137 255 38 227 255 255 255 255 255 255 174 216
    255 255 255 131 255 55 237 255 255 255 255 40 22 75 255 159 196 255
    255 255 255 54 255 117 255 255 255 177 255 255 12 115 255 255 255
    255 255 205 113 255 255 95 255 124 133 255 144 255 255 255 107 91
    255 255 70 255 242 255 122 28 255 255 54 62 255 255 255 255 91 255
    255 119 255 89 59 255 255 255 255 117 212 179 235 255 255 255 255
    203 168 8 48 255 50 219 75 255 255 255 255 48 83 198 84 138 101 52
    255 255 255 93 210 255 255 255 16 255 255 255 255 109 249 255 79 89
    209 32 143 154 89 255 14 220 221 134 255 255 227 162 213 61 255 255
    255 255 155 255 255 181 198 139 211 85 255 255 255 255 255 255 226
    255 255 255 131 103 250 84 172 143 255 255 255 129 255 67 217 109
    192 255 255 255 247 255 127 36 255 250 255 47 255 255 43 255 6 255
    81 255 255 40 119 142 57 255 63 105 255 138 141 247 255 20 255 71 61
    255 255 255 255 255 255 255 122 192 159 49 255 255 190 255 84 255
    255 255 120 255 201 255 255 255 255 168 91 255 255 113 126 125 229
    255 255 247 251 12 105 97 224 255 255 69 255 255 131 255 255 255 255
    201 255 131 32 255 255 255 255 255 168 176 175 138 155 225 255 255
    153 255 111 40 178 255 255 0 255 56 178 46 255 152 111 255 103 255
    97 255 162 255 164 174 233 255 255 255 255 255 251 203 255 255 120
    143 199 255 255 255 255 170 211 255 22 255 255 202 255 255 54 64 255
    254 255 2 184 255 255 255 215 255 6 235 180 77 149 255 255 255 255
    255 36 57 255 255 24 232 12 182 85 255 255 216 135 69 137 255 168
    255 229 255 255 255 255 255 255 255 206 239 255 255 243 255 117 255
    255 254 255 255 216 255 34 255 255 148 255 255 124 226 255 255 123
    52 255 255 255 85 153 91 255 157 101 172 255 219 255 242 255 138 255
    181 89 192 209 255 255 231 255 255 255 255 16 255 132 93 255 255 255
    38 255 255 201 255 52 249 255 255 255 255 255 10 221 147 4 120 113
    233 255 54 255 255 127 217 255 18 135 255 255 40 255 255 241 103 255
    16 51 255 255 255 255 74 117 255 195 255 255 159 38 16 255 255 186
    255 255 255 255 217 255 255 91 153 70 8 255 131 150 52 255 237 255
    84 146 255 34 255 255 82 38 255 255 178 81 255 255 208 255 255 250
    221 255 170 255 36 255 163 124 83 255 55 220 167 239 255 28 65 255
    26 4 30 255 196 28 6 255 255 247 255 255 169 255 255 255 255 255 241
    255 255 255 255 255 255 255 143 255 103 255 255 28 89 149 255 255
    255 178 255 185 101 255 161 255 255 105 65 145 12 255 55 20 255 182
    109 111 176 255 67 87 163 105 166 165 255 255 255 255 184 115 255
    255 255 255 255 255 255 77 249 255 28 211 221 20 255 12 14 255 227
    255 255 255 255 28 89 14 84 255 255 255 255 111 239 130 166 36 255
    69 189 77 255 66 6 255 255 122 115 211 192 50 255 146 214 255 255
    119 239 255 59 54 255 255 205 255 172 217 132 141 143 14 0 255 255
    255 201 255 255 255 2 255 4 45 255 201 255 255 221 255 255 255 255
    255 151 255 255 255 16 255 255 255 255 133 0 255 231 255 255 255 255
    255 255 255 95 70 255 32 255 205 255 165 34 200 255 255 255 255 233
    133 175 255 255 255 111 255 4 172 166 121 111 93 149 59 255 72 223
    255 235 255 55 255 255 255 219 255 44 255 255 61 56 255 255 255 255
    131 255 61 248 181 255 255 103 255 255 225 170 255 0 243 255 12 255
    214 255 255 255 255 255 59 215 255 242 105 255 255 255 239 255 247
    255 50 255 142 75 129 253 255 207 255 255 239 57 255 80 255 38 255
    255 168 189 251 255 179 255 255 84 251 162 255 128 59 8 255 2 255
    255 178 255 142 107 169 180 159 149 53 75 255 16 28 91 73 202 191
    168 255 24 12 192 255 255 255 6 223 255 38 85 255 255 255 111 44 225
    255 78 107 255 193 255 200 255 255 255 119 255 198 89 196 40 255 255
    255 255 8 91 255 243 107 251 255 255 255 255 255 255 14 255 255 255
    20 255 255 38 183 219 255 211 255 255 36 255 246 255 95 38 255 188
    222 255 184 255 255 209 255 231 255 206 34 22 200 255 255 255 255
    196 255 255 255 255 181 255 255 255 115 155 255 255 224 2 255 230
    255 255 151 167 255 218 255 221 255 255 10 255 139 255 216 32 255
    255 255 148 255 175 75 151 123 255 255 255 255 50 28 182 24 255 166
    67 137 255 123 18 12 252 255 255 151 135 140 255 111 255 162 76 205
    255 44 255 255 255 213 255 70 243 255 48 255 255 255 24 184 6 184
    149 255 20 145 255 255 46 255 255 111 255 255 214 233 49 228 255 255
    16 137 43 2 255 255 240 24 255 255 145 255 222 74 196 50 119 231 255
    255 255 255 255 113 220 255 172 255 255 255 255 161 255 255 99 229
    168 255 255 30 255 237 255 68 4 255 255 255 12 197 255 8 255 255 81
    187 22 99 255 243 170 255 150 178 251 79 48 255 184 255 255 221 26
    171 105 155 171 255 255 255 47 255 255 105 255 187 255 255 255 255
    255 70 255 244 225 255 159 0 255 32 255 180 255 255 255 255 255 255
    89 255 180 50 241 255 255 185 156 63 255 255 255 255 255 255 161 158
    255 255 140 255 197 148 255 255 255 255 145 255 255 44 255 157 66
    253 149 191 255 103 255 255 255 255 255 255 255 255 224 255 235 255
    74 255 121 255 255 254 30 255 36 255 144 105 251 77 105 42 255 194
    255 200 255 255 255 200 255 255 178 255 255 139 255 237 255 255 255
    109 255 203 12 135 255 248 253 40 255 145 152 255 44 255 149 239 87
    50 169 170 255 255 255 83 183 255 255 197 255 255 20 190 151 125 152
    16 255 2 255 255 255 255 255 255 255 6 107 224 239 255 255 231 144
    133 255 255 10 86 255 255 255 255 89 255 213 198 115 255 79 255 255
    255 255 223 255 255 255 176 255 2 255 211 255 255 56 10 222 70 255
    255 255 255 255 199 59 55 255 255 255 12 255 255 255 103 93 255 20
    196 255 186 176 36 255 16 255 255 222 255 255 255 54 255 255 201 200
    255 255 140 255 255 160 206 145 194 255 255 255 255 80 117 32 255
    229 255 179 255 255 255 166 226 255 156 255 227 115 255 6 138 52 255
    255 63 251 235 174 78 255 188 113 188 255 185 255 71 66 198 255 255
    255 255 255 138 255 255 97 255 93 255 255 211 99 255 223 28 255 133
    255 178 255 36 32 34 255 255 167 241 255 18 38 255 223 122 255 97
    251 2 173 67 255 105 253 93 173 209 255 255 241 188 159 255 222 64
    255 255 255 97 255 255 255 255 107 255 255 255 255 153 249 150 255
    255 0 81 255 190 255 255 255 255 255 95 172 72 150 255 89 255 254
    243 255 255 255 255 255 255 130 16 255 255 212 241 255 208 127 255
    123 217 239 172 123 255 255 255 255 255 255 255 67 255 53 255 143
    255 255 38 225 188 255 196 8 34 221 77 255 14 255 163 178 121 255
    255 255 255 120 46 255 255 220 255 203 255 233 12 42 255 51 83 70
    132 16 127 255 255 255 122 255 127 190 65 14 255 50 255 255 255 8
    255 255 255 32 255 209 255 93 231 134 48 125 227 255 255 120 255 243
    182 113 187 124 255 255 255 115 255 255 255 2 255 255 6 63 255 64
    255 255 255 176 255 86 255 234 24 115 125 255 40 180 20 255 255 127
    154 188 255 162 242 255 194 141 10 255 188 255 245 22 255 85 255 203
    83 255 255 160 180 255 255 101 255 255 0 255 134 255 52 255 255 255
    83 255 255 166 180 161 255 255 255 81 59 159 255 87 109 152 255 209
    251 218 131 255 255 119 255 87 93 174 103 255 89 105 14 172 255 255
    91 255 255 65 214 123 97 52 151 255 255 255 255 252 255 49 255 151
    93 234 255 255 255 175 255 206 89 255 4 97 237 255 255 255 115 255
    142 127 255 239 255 103 160 255 26 255 198 129 255 42 227 93 255 14
    211 14 255 111 16 255 255 101 255 255 161 185 138 255 157 255 255 20
    89 255 255 255 40 255 87 255 105 97 16 26 255 255 209 255 255 145
    255 255 255 255 164 95 247 222 255 255 234 255 198 200 24 172 131
    115 91 255 255 162 255 91 255 255 255 63 250 255 138 255 255 28 255
    255 97 255 255 255 34 115 117 255 227 255 255 255 65 255 255 2 204
    255 41 28 255 255 255 255 166 255 56 255 20 76 251 255 143 255 111
    113 126 180 255 255 255 28 255 255 255 255 81 193 255 255 105 132
    255 255 188 65 255 231 0 243 168 83 22 219 255 255 30 255 255 144
    255 255 255 83 16 255 69 91 115 255 255 255 97 255 255 236 151 142
    255 157 243 255 121 221 255 255 146 255 255 99 255 255 47 255 6 180
    255 169 255 255 111 255 255 10 255 255 255 136 99 173 111 255 255
    255 255 111 209 180 255 227 255 193 255 127 255 255 172 185 255 224
    255 255 162 155 255 200 173 152 192 6 255 255 229 247 255 60 255 255
    255 97 255 103 128 255 255 101 26 203 255 255 109 255 255 255 69 255
    255 255 255 255 255 255 113 255 69 74 255 61 201 255 255 82 249 255
    255 255 236 70 255 4 255 255 166 255 255 255 255 203 95 255 223 255
    40 61 255 255 40 210 255 255 244 255 130 255 241 255 228 143 30 255
    255 255 255 255 225 255 255 255 255 255 69 186 6 255 255 123 255 255
    255 97 255 255 255 182 255 30 91 211 255 186 255 73 236 255 49 10
    159 255 230 251 198 255 255 255 255 99 239 255 255 255 255 145 237
    190 255 97 115 54 255 139 255 211 196 247 255 255 255 255 255 125
    255 220 255 255 255 175 255 255 255 255 255 255 223 255 72 41 139
    143 255 186 255 255 255 30 255 255 143 217 121 255 53 149 255 178
    218 255 198 255 255 113 48 255 148 255 255 255 248 255 255 188 171
    255 255 255 255 155 255 255 222 255 255 20 255 77 14 255 255 255 255
    43 151 255 255 255 255 172 59 255 115 190 255 207 255 255 109 255
    255 38 255 255 168 255 255 2 255 253 219 75 143 97 255 231 255 255
    255 255 255 169 255 255 255 34 255 255 255 10 255 26 255 84 255 255
    179 255 75 255 83 255 255 170 208 255 241 255 255 255 255 109 255 59
    255 255 222 255 255 65 207 117 103 135 255 77 115 178 147 255 251
    182 209 221 255 255 164 216 255 255 127 201 255 12 227 255 255 255
    255 255 255 255 157 0 57 164 2 142 248 255 255 255 255 40 119 203
    255 157 255 239 153 255 132 204 247 205 2 237 255 255 255 207 255
    255 227 214 80 126 83 255 237 255 241 211 255 255 154 238 229 255
    255 255 255 255 255 59 255 255 205 255 105 34 141 44 255 101 181 255
    255 107 255 208 215 255 218 255 255 255 125 126 255 109 30 255 97
    255 255 223 215 255 255 152 255 60 255 255 99 255 255 169 170 212
    255 255 255 255 140 161 255 255 121 221 249 255 255 255 210 255 138
    255 115 4 255 97 16 255 255 255 129 233 150 255 171 255 2 201 255
    255 193 255 103 22 255 255 44 255 255 205 18 224 255 255 71 255 255
    255 247 93 77 255 14 246 22 71 255 119 53 26 255 61 255 255 119 255
    255 247 255 78 255 255 255 255 178 157 229 228 139 255 255 255 255
    255 97 255 246 84 247 255 255 255 149 255 251 238 169 107 73 99 85
    67 255 255 244 93 152 255 255 34 141 255 255 255 255 140 255 181 255
    255 255 255 113 171 14 14 255 255 255 32 91 178 40 200 123 183 219
    255 255 142 255 177 255 255 72 45 57 213 255 255 50 255 255 86 255
    255 255 255 255 12 126 255 255 184 255 255 255 255 255 194 170 255
    182 79 255 255 255 36 255 46 163 255 149 251 255 109 97 105 255 255
    93 255 207 176 73 255 255 255 195 255 61 2 255 206 255 229 44 255
    111 57 255 178 255 185 81 220 255 255 255 165 109 255 99 255 75 255
    47 198 255 255 186 225 156 255 255 255 119 131 255 255 255 255 14
    255 109 89 52 255 208 255 6 244 255 255 255 255 142 255 50 20 255 4
    182 2 233 128 255 241 113 255 255 255 147 255 255 206 6 255 255 253
    255 255 84 255 2 255 65 206 255 111 164 255 196 255 255 255 255 255
    255 52 255 81 255 239 255 255 255 255 71 165 227 145 255 255 198 46
    188 255 221 170 255 255 63 24 255 255 244 255 255 93 255 152 184 255
    255 255 217 233 52 68 10 61 255 2 255 115 105 255 86 255 255 255 255
    28 255 255 255 183 41 153 255 255 255 76 249 206 66 255 69 60 203 54
    255 255 123 86 255 255 155 245 255 74 255 67 82 255 255 24 255 69 50
    176 255 93 200 147 255 255 59 46 28 255 217 245 255 255 156 255 255
    255 65 80 255 157 255 233 255 231 190 75 10 148 151 80 255 255 223
    255 194 255 136 220 22 4 99 99 255 168 181 255 81 225 253 255 227 36
    159 255 255 255 115 255 255 203 255 147 10 255 176 125 69 255 255
    255 69 255 255 255 86 176 255 113 4 180 205 158 255 119 255 137 255
    83 255 26 255 255 20 69 54 255 255 145 50 32 255 70 255 147 255 57
    255 255 243 255 121 122 236 127 255 178 199 255 190 255 255 255 255
    41 208 20 255 26 173 136 121 255 170 115 255 160 255 255 205 99 255
    61 226 255 255 255 151 255 71 255 213 255 58 200 255 153 38 168 84
    255 69 255 209 254 141 205 83 14 79 255 255 255 255 255 255 255 129
    255 255 255 83 255 255 255 255 249 154 182 255 194 38 255 174 255
    255 128 184 217 243 255 137 255 77 255 142 230 193 255 255 141 255
    255 34 255 28 121 255 172 255 122 129 32 178 224 255 255 255 237 152
    252 255 32 42 6 198 48 205 255 137 255 8 81 255 255 67 40 255 101
    243 235 220 255 255 222 255 255 188 32 0 255 50 255 119 243 255 238
    255 229 255 10 97 230 255 170 255 10 168 52 255 255 255 115 55 139 8
    97 244 255 144 83 255 255 255 255 241 18 175 255 170 255 148 255 187
    255 255 147 255 190 46 255 208 255 255 208 255 65 255 84 255 255 255
    255 255 255 255 255 52 255 48 255 176 188 255 237 115 255 6 255 255
    255 44 255 122 153 30 255 91 30 91 255 139 255 255 255 255 255 255
    255 255 82 255 255 255 67 255 56 255 87 155 150 109 255 10 127 255
    245 255 145 26 162 30 209 255 227 255 63 255 120 194 56 255 30 255
    209 166 255 255 212 36 0 24 201 247 255 183 207 255 255 255 255 185
    255 255 255 255 255 255 251 255 255 255 255 255 83 16 255 255 255 48
    255 255 255 255 255 255 255 255 199 255 255 171 4 212 255 69 255 115
    119 220 179 53 255 193 178 188 207 63 255 255 255 131 255 85 255 171
    168 255 255 81 210 111 32 255 137 255 255 119 154 255 34 28 111 255
    255 131 42 251 255 195 255 255 255 255 255 255 36 218 255 211 131
    255 53 255 60 255 255 219 255 255 135 18 59 255 255 255 255 117 255
    255 255 85 137 83 210 255 255 166 255 65 255 255 255 159 105 255 255
    255 148 52 255 255 79 255 255 63 255 253 255 103 255 242 10 217 133
    12 182 255 255 255 97 235 255 117 191 132 255 255 255 139 255 8 186
    46 113 107 255 255 54 14 255 255 255 255 121 101 255 255 255 255 255
    141 255 97 255 255 255 255 255 248 245 203 255 255 61 4 0 89 255 255
    65 255 255 255 184 255 255 255 255 255 224 255 255 255 229 255 59
    125 255 255 6 255 208 255 14 182 255 38 255 139 152 22 46 237 75 255
    255 121 255 255 135 86 255 59 78 154 190 255 255 0 201 255 220 255
    178 115 255 255 255 255 255 220 255 231 255 193 255 248 255 255 255
    12 255 255 255 255 24 26 73 255 255 255 255 255 101 255 42 14 255 64
    251 248 203 146 81 0 255 97 255 255 255 255 255 255 255 138 159 255
    227 255 48 255 46 89 255 252 255 255 117 165 255 255 255 255 6 255
    227 184 167 132 42 157 255 255 255 255 255 255 113 255 255 190 255
    255 38 255 255 255 155 191 255 255 113 160 81 101 255 226 255 255
    216 12 255 255 147 255 8 143 255 204 201 251 103 191 255 30 255 255
    26 84 205 143 255 229 151 255 255 255 121 255 255 99 0 255 255 233
    255 235 255 65 169 255 89 48 255 111 255 43 255 72 255 188 255 132
    218 109 205 255 233 144 255 255 255 105 62 67 137 121 47 135 255 255
    162 255 255 111 219 255 255 255 255 255 117 255 216 157 241 255 255
    166 255 167 255 103 231 255 255 131 168 139 191 49 12 26 225 255 255
    205 255 255 255 250 255 255 255 103 255 255 255 200 250 0 255 26 255
    47 255 197 126 255 6 18 255 255 255 255 97 255 101 137 134 22 74 255
    71 255 255 255 255 142 255 255 255 255 255 255 255 255 255 71 255
    255 192 255 164 255 82 255 30 255 128 48 165 219 255 105 158 255 255
    255 230 255 255 186 255 255 190 255 255 83 255 255 4 255 53 255 255
    255 55 227 14 176 163 45 255 255 6 248 255 6 255 64 255 214 255 26
    255 105 255 255 107 219 255 255 255 255 255 160 255 117 255 178 255
    65 238 255 85 255 255 255 255 78 103 255 167 109 255 105 12 255 255
    99 155 36 176 24 255 89 255 95 150 255 255 83 71 6 87 255 255 255
    184 121 255 246 159 53 255 109 73 255 255 180 255 255 223 255 253
    170 255 34 201 255 125 255 26 14 255 52 255 255 255 52 239 255 255
    255 255 255 255 10 187 51 255 255 255 255 255 255 107 165 95 255 255
    255 87 255 255 255 255 30 255 255 198 255 187 128 97 255 255 255 255
    255 202 255 255 206 255 47 255 255 203 255 255 255 255 76 255 255 18
    255 242 201 255 159 187 140 255 255 209 248 223 59 44 135 255 255
    255 255 228 24 255 210 255 255 10 255 124 255 255 255 255 109 255
    147 159 255 255 255 255 255 255 0 141 30 255 143 153 255 85 121 196
    255 255 55 255 255 235 238 255 255 255 84 221 255 255 2 109 143 255
    218 131 207 255 135 255 255 16 194 255 255 255 255 253 237 85 46 255
    255 255 158 246 255 255 149 255 255 254 255 255 255 255 105 63 74
    255 123 255 255 67 129 213 255 52 2 113 255 255 255 255 255 255 91
    255 159 255 190 34 50 119 30 86 198 255 255 255 255 255 103 12 255
    126 255 255 255 255 255 255 255 153 255 255 72 59 255 239 255 255
    255 227 255 255 20 255 255 124 255 255 47 255 255 166 255 241 255
    255 255 103 255 255 255 255 255 255 105 169 190 255 255 255 26 255
    255 164 255 255 208 70 255 255 135 255 255 255 4 178 28 109 255 255
    53 164 255 255 44 255 71 147 245 255 16 139 255 255 245 255 14 123
    201 255 193 255 44 74 243 36 237 196 255 217 255 196 255 255 255 255
    168 255 2 97 255 255 255 176 255 255 255 231 219 255 255 255 59 255
    85 238 207 255 255 167 255 59 197 140 255 30 188 255 80 152 4 105
    200 255 255 255 192 255 255 99 255 134 73 255 255 127 225 255 50 255
    217 168 111 255 255 255 95 255 249 255 32 255 73 255 255 255 255 143
    255 255 44 43 180 255 26 255 139 255 255 183 255 55 231 255 255 255
    200 255 205 22 24 255 255 255 219 160 8 165 255 77 241 168 255 101
    255 69 255 6 255 135 148 73 209 255 255 143 255 255 255 166 255 91
    215 255 255 255 81 255 198 14 14 255 255 255 255 34 84 34 180 44 184
    255 255 34 162 84 22 174 255 6 54 255 0 95 255 126 14 255 255 255
    255 255 255 16 255 255 255 255 186 125 14 135 10 255 44 255 255 93
    233 255 255 255 255 255 245 213 97 255 255 255 255 243 255 255 255
    48 255 10 255 255 255 145 255 119 255 60 47 255 157 255 244 151 255
    75 255 134 226 255 255 255 255 22 14 255 255 255 255 255 95 229 14
    28 255 255 91 255 255 255 255 255 255 4 255 255 255 255 255 72 255
    255 255 40 255 255 18 178 105 194 38 255 134 255 255 255 184 22 255
    40 78 255 255 255 49 230 247 255 59 229 255 44 91 77 147 255 255 255
    167 237 255 255 6 97 109 41 4 255 253 210 52 255 184 58 255 255 255
    255 188 255 71 255 255 134 117 78 235 73 44 198 255 255 255 61 99
    255 255 255 105 255 255 43 123 255 255 255 255 140 255 255 255 255
    255 67 246 191 255 32 147 168 220 255 255 255 255 255 8 151 255 170
    253 87 255 14 255 161 255 93 255 209 18 255 255 255 216 111 69 50
    255 205 255 255 255 255 255 2 255 255 255 255 113 196 157 42 255 202
    153 81 255 221 255 255 255 83 255 255 255 255 197 255 214 149 255 16
    56 255 55 255 255 255 255 255 252 84 119 22 151 186 255 26 128 255
    145 89 255 255 47 246 255 255 255 26 255 117 12 255 255 18 85 75 117
    255 30 255 255 52 255 55 168 255 166 255 56 255 255 203 255 121 64
    255 65 255 14 26 151 255 255 255 231 255 78 221 255 171 198 147 42
    103 255 105 249 255 255 255 255 255 14 234 12 255 147 179 255 255
    255 2 255 255 213 36 255 207 200 58 255 255 255 255 238 255 255 255
    255 255 255 52 105 54 255 154 248 255 239 238 225 142 255 111 182 26
    255 57 24 255 77 95 255 107 34 247 128 255 34 229 194 139 146 248
    255 200 204 34 120 73 10 255 255 255 247 190 125 59 255 255 203 255
    181 85 255 233 99 255 255 239 145 255 255 255 64 255 255 255 255 48
    255 255 255 255 255 255 255 255 246 255 255 155 54 16 255 255 215
    255 99 255 255 255 255 255 84 6 162 58 57 254 255 255 255 255 255
    115 42 192 59 255 255 28 255 73 255 255 255 188 255 77 255 255 255
    59 255 150 255 169 255 55 105 255 238 255 103 232 255 255 12 255 134
    137 161 255 255 64 255 65 255 146 125 58 255 255 171 255 255 255 255
    172 54 255 107 46 162 125 255 255 255 255 57 255 255 255 87 255 255
    248 131 255 147 223 186 255 169 255 18 255 20 255 255 237 52 22 59
    255 255 255 255 255 255 255 255 20 46 225 132 57 213 255 141 66 255
    255 12 255 255 255 255 255 48 36 135 203 113 255 255 255 255 74 207
    255 99 255 232 109 243 246 143 20 36 54 6 22 255 255 255 255 255 180
    255 255 255 149 24 255 145 14 255 26 255 16 209 109 34 255 221 255
    149 255 255 235 53 255 221 79 14 127 32 255 233 225 255 255 255 255
    26 255 164 14 45 255 255 69 255 255 241 255 255 255 69 255 255 255
    223 255 89 233 255 10 223 255 255 255 136 228 145 18 147 255 65 107
    255 67 255 255 75 255 255 255 26 255 255 255 165 255 255 28 249 50
    107 255 52 255 134 255 58 255 255 255 255 255 255 217 111 137 255
    232 74 255 255 179 255 255 255 36 127 203 255 255 255 251 255 155
    255 255 255 113 141 241 255 255 159 73 255 137 213 255 247 47 212
    255 255 137 62 255 38 255 255 113 133 40 168 255 255 103 219 255 97
    255 255 255 255 255 137 243 190 50 255 51 255 255 255 255 255 41 81
    80 190 255 255 255 230 20 154 255 251 255 255 163 229 255 255 26 255
    255 255 168 255 255 36 255 255 255 255 255 236 255 235 119 76 255 54
    201 6 255 157 255 255 255 255 255 255 255 109 255 207 22 157 79 255
    211 213 255 109 241 255 195 8 26 255 136 255 245 152 255 185 243 115
    255 255 73 40 41 139 44 95 255 201 255 79 165 61 255 255 99 255 255
    255 30 113 126 244 255 255 255 255 255 255 255 255 52 255 113 206 20
    255 159 149 89 255 255 255 224 255 255 38 163 255 162 255 188 246 20
    36 8 247 255 157 105 255 26 241 255 255 255 174 255 42 89 188 50 233
    85 42 255 255 255 138 192 255 182 255 64 140 255 255 103 255 175 245
    255 97 251 52 255 205 67 255 117 255 255 255 198 255 130 255 121 205
    255 54 255 255 36 255 255 255 200 255 255 69 255 213 255 255 0 255
    255 255 215 255 219 198 79 255 188 255 72 255 255 255 198 8 205 255
    255 255 255 255 255 148 255 183 184 254 193 255 255 255 83 255 141
    231 244 255 255 255 165 219 255 36 186 121 76 255 151 255 255 69 153
    255 255 12 255 216 255 255 255 255 241 255 44 190 255 129 109 216
    175 255 255 255 255 196 113 255 246 235 51 255 255 251 85 255 124
    204 231 255 30 255 176 255 143 255 255 255 255 255 255 162 16 255 55
    255 255 8 18 135 219 255 223 134 255 245 34 248 255 255 194 229 255
    180 255 255 170 243 219 255 255 255 200 127 255 255 255 205 255 255
    186 107 95 255 255 155 255 255 255 255 255 255 255 28 255 57 255 255
    255 255 255 255 255 255 24 20 255 255 255 255 255 55 12 18 48 30 255
    255 255 12 65 155 148 202 157 255 180 46 255 255 255 255 222 255 203
    220 46 115 202 137 255 145 76 103 22 255 184 255 225 217 26 103 253
    255 46 190 22 16 65 54 107 107 147 255 245 166 109 255 67 255 69 255
    247 79 226 14 255 232 253 219 255 255 255 255 86 255 255 56 103 255
    255 255 255 227 219 200 20 255 255 255 130 52 255 4 255 171 158 255
    255 144 52 255 255 214 255 255 8 215 255 255 62 57 226 255 255 244 4
    174 71 107 255 48 10 99 255 255 138 255 255 79 255 255 154 109 193
    255 77 255 255 255 255 255 255 18 255 194 233 63 255 255 255 250 255
    176 184 12 255 255 255 186 255 255 148 255 255 255 250 159 251 255
    165 255 40 167 174 208 199 255 75 26 255 255 255 255 129 93 26 101
    155 255 111 30 255 111 64 156 46 255 89 46 245 107 255 255 255 87
    255 156 255 255 255 4 189 128 255 255 237 30 141 73 255 255 156 230
    241 178 149 255 120 103 129 219 180 255 49 255 0 38 255 113 180 255
    163 255 59 95 160 67 173 51 255 46 132 218 255 255 248 22 205 255
    249 255 255 245 255 206 80 217 255 255 255 149 241 255 255 255 231
    168 255 255 26 227 160 255 40 85 162 147 67 91 131 176 255 255 255
    131 255 249 255 255 75 121 255 146 255 255 255 71 105 255 255 255
    255 220 171 255 63 149 255 255 207 130 255 255 255 174 255 255 99
    255 255 232 255 255 119 131 207 255 159 99 250 24 99 4 255 55 255
    255 255 255 227 255 79 255 200 192 255 172 79 62 205 255 255 255 255
    255 255 255 241 186 255 201 75 255 159 166 38 255 255 204 255 65 255
    97 34 255 255 255 236 147 105 20 86 255 255 117 255 135 149 255 32
    60 8 255 95 225 250 149 198 255 84 65 234 255 57 255 255 255 255 56
    255 200 255 75 255 211 150 194 249 255 155 255 119 178 255 225 36
    155 201 255 211 255 206 76 255 255 66 255 255 137 83 255 255 221 218
    255 255 255 255 255 255 255 122 50 64 255 255 235 213 228 255 249
    255 255 255 255 113 95 255 147 209 255 245 144 255 255 255 255 217
    255 255 177 255 2 255 132 155 251 55 255 255 148 255 255 255 208 255
    134 46 255 73 188 255 140 246 255 255 255 54 126 115 151 205 123 201
    130 255 255 255 255 255 255 34 255 190 186 255 188 188 36 255 255
    255 124 54 255 255 255 18 122 255 149 255 161 255 47 69 255 91 255
    78 255 190 239 105 255 255 255 255 139 40 46 255 132 172 255 255 218
    255 255 159 255 126 162 135 203 115 255 255 10 239 243 77 223 69 255
    101 150 255 163 255 218 255 255 101 40 150 255 255 255 184 255 53
    255 233 255 71 255 124 236 255 126 95 255 200 52 255 194 255 255 4
    255 255 43 255 221 255 212 255 184 101 249 255 153 163 51 103 28 255
    255 255 255 188 189 156 255 255 152 123 40 255 125 255 255 255 36
    255 255 28 89 28 255 69 50 115 255 255 207 38 255 241 144 61 99 36
    255 255 255 255 255 255 83 255 255 255 255 229 255 105 245 71 255
    255 255 255 255 255 58 122 255 255 255 255 255 255 162 255 73 255
    231 255 255 255 255 255 255 255 255 175 255 240 78 255 255 179 32
    255 157 221 83 255 239 174 133 176 255 255 55 46 255 91 255 255 105
    57 255 255 228 255 95 255 255 211 255 255 174 139 255 83 255 255 255
    255 255 128 95 255 255 255 32 255 255 255 146 172 255 63 255 255 243
    34 255 51 255 38 227 255 255 255 255 115 120 255 191 255 255 127 32
    77 207 255 255 255 57 255 159 255 255 255 0 16 255 142 123 255 255
    255 255 255 255 255 235 255 221 201 97 109 176 255 255 255 255 56
    255 255 42 255 75 133 30 254 209 255 157 255 223 255 125 255 255 241
    119 255 32 255 255 239 255 139 255 124 255 255 198 255 161 255 255
    255 255 250 255 255 123 255 255 255 225 83 255 113 182 248 175 215
    168 89 255 149 255 217 255 255 255 255 211 255 255 255 144 255 255
    255 255 82 22 255 247 53 255 0 255 255 255 239 32 175 109 255 255
    255 255 255 255 125 255 255 210 101 255 255 255 255 107 255 113 255
    255 255 255 255 255 255 32 255 180 217 255 255 133 255 44 255 241
    178 223 255 141 169 255 255 159 255 95 255 194 123 14 217 255 255
    255 77 215 255 8 255 97 42 255 26 182 191 14 71 255 14 119 255 97 46
    223 40 255 135 255 255 255 255 255 255 148 255 191 194 255 64 255
    250 255 255 75 247 188 101 151 255 137 255 255 85 255 255 255 243
    164 255 255 209 255 10 154 255 255 67 200 255 255 255 157 172 228
    233 243 255 255 71 255 175 142 113 255 22 16 207 87 220 255 152 255
    255 255 216 167 255 255 213 255 255 255 255 255 60 255 255 255 255
    255 255 198 12 255 184 151 255 255 255 255 30 255 70 43 59 255 65
    113 40 215 168 95 0 255 255 160 2 117 255 255 255 22 255 117 130 4
    20 34 255 103 178 127 255 255 255 193 150 255 62 255 255 187 158 255
    227 255 255 171 63 133 70 87 255 70 109 103 36 255 178 137 255 255
    56 87 255 255 255 101 89 255 255 211 255 159 233 255 255 255 255 59
    255 136 218 255 255 20 111 255 101 241 255 24 255 182 255 28 255 255
    111 4 34 175 255 255 255 196 255 255 255 255 169 10 255 255 40 255
    241 237 2 255 140 73 255 67 255 255 255 255 175 115 255 251 255 255
    229 255 109 255 255 255 22 255 255 255 255 255 111 200 255 185 255
    255 12 69 255 169 255 254 185 122 50 255 255 255 199 10 46 255 255
    255 151 255 255 99 241 107 255 255 117 255 255 255 251 255 255 155
    255 255 227 34 182 255 255 18 255 18 107 255 243 89 211 49 174 255
    209 255 109 59 255 255 152 85 255 255 255 255 255 157 155 255 255
    255 255 255 255 211 93 191 255 255 225 103 255 115 170 255 169 255
    107 255 188 16 255 255 89 255 18 133 255 255 255 255 59 255 255 255
    255 153 190 255 255 180 109 255 217 149 165 255 172 255 152 59 36
    245 50 255 6 255 255 211 255 141 22 14 209 219 95 255 255 119 205
    205 63 255 247 12 255 255 196 165 255 255 141 255 157 255 134 242
    173 255 141 255 93 226 255 255 222 255 235 255 44 255 196 255 255
    194 255 40 255 255 255 168 147 107 202 99 170 255 255 255 107 207
    255 255 255 113 255 255 255 255 255 255 255 255 16 164 255 245 255
    217 255 57 255 211 10 255 136 194 255 255 255 197 255 255 199 146
    255 179 255 255 255 18 255 89 255 244 255 255 22 8 255 248 255 255
    210 255 160 255 255 255 255 56 10 255 255 255 188 255 255 57 207 255
    54 44 255 224 255 18 105 255 255 10 203 255 255 255 255 222 233 59
    63 255 255 196 255 255 6 255 184 255 255 255 255 74 2 255 24 255 157
    225 255 28 48 255 12 255 223 255 213 101 164 255 126 255 241 251 184
    147 150 255 185 158 255 255 255 255 239 255 255 255 55 255 70 122
    125 255 255 226 255 215 216 231 241 250 199 182 255 255 255 255 181
    255 255 255 255 255 255 190 254 255 255 255 255 4 240 255 253 255 50
    225 16 147 255 44 255 255 255 78 255 255 255 154 255 255 235 182 203
    249 255 6 130 255 159 255 162 147 255 139 103 255 255 225 10 145 255
    59 255 255 255 220 255 255 44 255 249 178 135 180 255 255 134 255
    255 225 255 32 247 255 207 255 59 255 122 107 78 184 87 255 255 255
    255 111 255 147 255 176 255 255 255 255 184 103 255 255 159 255 255
    81 78 152 242 255 217 255 255 160 255 195 255 255 255 255 135 239
    190 255 255 85 255 255 255 255 48 255 151 255 255 188 28 134 255 255
    255 255 205 203 255 231 138 4 237 255 255 255 87 255 243 109 255 105
    20 252 255 255 255 255 198 255 8 77 255 255 255 255 84 255 255 213
    255 242 255 126 255 255 49 255 255 109 255 255 32 230 237 255 255
    201 134 255 91 166 61 255 255 178 141 81 255 249 255 40 255 255 255
    60 255 248 255 255 127 135 255 111 177 255 255 68 164 244 14 255 255
    255 255 255 249 89 55 255 249 255 255 255 73 255 150 255 255 255 255
    255 71 255 255 255 125 38 255 55 241 255 248 255 154 255 255 205 255
    255 126 255 225 184 188 34 41 59 255 255 255 255 190 255 80 255 145
    189 91 166 195 201 255 38 55 139 109 255 210 255 217 255 255 255 151
    219 152 255 103 255 204 215 255 222 255 196 255 70 184 255 255 255
    75 255 255 255 74 255 194 68 255 254 255 113 206 44 255 174 255 229
    255 255 192 77 255 255 123 255 255 255 255 79 254 36 241 255 255 255
    255 201 55 255 143 255 32 255 255 255 255 186 255 54 255 32 95 201
    176 233 136 89 255 255 255 255 148 121 237 130 228 255 255 255 255
    38 255 255 83 255 255 255 255 255 255 77 72 134 113 213 219 255 38
    45 255 255 209 255 255 255 97 255 255 252 255 255 255 82 91 255 243
    255 255 205 253 198 255 99 255 255 255 255 201 65 226 219 6 230 255
    136 255 181 255 255 163 255 255 255 255 220 109 255 192 255 255 255
    70 81 131 255 211 133 255 255 255 187 188 69 60 130 255 255 89 166
    255 255 79 255 241 255 255 255 255 145 45 255 89 255 206 12 24 59
    107 223 255 255 255 2 255 255 255 54 83 10 255 255 255 139 255 141
    255 2 210 135 255 143 64 255 42 255 255 107 255 148 255 153 156 255
    255 255 255 255 59 210 233 255 255 255 24 32 89 255 153 255 255 38
    64 255 34 235 89 255 48 69 255 143 154 32 255 255 54 255 241 117 255
    59 255 255 255 255 251 190 255 18 201 255 255 55 109 255 255 255 255
    119 18 227 122 255 255 255 18 255 59 255 179 255 255 107 255 137 255
    93 186 139 255 22 68 255 255 255 14 208 255 243 255 255 134 103 95
    255 255 255 10 59 255 255 255 255 255 255 161 205 255 255 255 255
    255 255 170 255 225 255 119 255 204 255 255 212 187 255 250 227 255
    255 161 255 255 137 227 255 255 144 255 255 255 95 103 255 255 255
    255 255 38 235 255 255 255 228 255 2 240 255 255 255 46 255 101 60
    255 255 251 146 164 171 207 255 141 255 255 255 235 36 123 156 254
    255 255 255 255 251 174 95 47 255 255 184 255 255 245 255 163 255
    135 0 255 255 255 255 10 229 12 255 255 255 255 255 255 50 137 255
    255 255 255 246 255 255 216 30 255 255 255 255 61 255 255 75 255 146
    176 255 255 97 255 40 255 201 174 255 255 243 238 255 255 200 255 47
    228 255 105 255 255 255 244 255 255 255 38 95 255 255 174 159 167
    255 255 243 219 69 255 26 255 255 255 131 255 255 255 255 255 255 68
    255 176 145 111 77 255 255 255 255 255 30 155 255 10 255 81 255 255
    217 234 255 255 255 68 255 55 169 255 255 255 99 255 217 255 131 241
    255 214 255 162 255 255 255 216 255 231 55 255 148 255 253 158 32 36
    190 34 255 255 255 40 192 255 255 180 255 84 178 157 185 255 255 133
    255 255 111 69 36 255 255 216 255 255 255 255 255 255 197 255 255 18
    255 255 86 207 255 99 138 77 255 255 255 117 136 255 89 124 255 255
    255 117 255 55 255 255 255 255 213 158 81 255 255 240 32 8 255 195
    255 255 255 109 255 255 63 242 167 255 184 26 154 226 233 255 182
    255 255 255 255 255 255 255 255 131 91 4 212 255 148 46 255 6 190
    255 75 255 255 164 91 205 255 147 255 255 234 119 255 255 187 117
    188 44 235 255 137 8 127 111 255 255 255 255 255 255 255 255 255 255
    107 141 255 255 97 126 255 60 209 218 66 255 255 113 255 202 255 136
    255 32 255 255 255 255 255 255 229 8 255 255 105 253 255 246 211 255
    87 91 255 255 255 227 255 199 12 255 52 255 255 255 233 255 145 85
    206 255 255 75 82 255 255 197 255 46 58 255 255 30 158 255 97 178 32
    205 170 113 171 255 121 255 255 255 255 255 255 255 255 79 255 255
    69 167 172 182 255 255 155 177 255 182 60 255 131 251 83 151 40 255
    32 255 24 190 255 172 255 105 178 81 58 255 255 255 235 255 255 174
    255 93 255 255 255 255 255 255 255 255 255 144 255 26 32 255 255 255
    194 72 49 255 255 255 101 12 124 255 255 14 228 18 255 162 255 255
    149 245 255 255 255 95 255 255 255 255 64 255 147 217 255 210 255
    255 255 119 255 38 93 122 131 255 255 255 30 255 255 175 71 61 255
    255 255 255 63 255 173 255 255 255 36 52 255 237 255 44 221 255 255
    255 212 131 255 255 101 255 255 255 255 255 255 223 196 129 168 226
    255 255 12 255 107 255 64 255 137 255 73 255 199 255 202 177 101 87
    255 174 95 255 227 210 255 255 255 255 255 176 255 225 255 255 49
    255 0 255 147 255 255 190 99 255 166 255 255 172 221 113 230 137 255
    69 255 255 255 255 255 246 255 255 248 89 255 57 171 255 168 141 255
    83 255 211 46 111 75 6 255 255 44 76 119 255 255 83 255 207 130 255
    255 247 255 255 255 79 72 241 255 255 255 255 255 229 248 195 247
    119 89 81 255 193 211 32 255 255 255 50 12 255 241 38 255 255 168
    170 74 255 255 18 255 255 16 255 214 255 255 6 111 255 255 129 255
    182 255 51 255 255 255 255 165 134 255 207 255 255 72 255 255 255
    231 255 255 255 255 91 200 255 42 126 255 255 166 50 255 255 208 113
    255 28 255 255 255 181 255 255 103 132 255 255 255 32 255 34 255 255
    255 255 255 255 255 255 255 228 22 211 220 255 0 131 255 255 255 52
    16 186 247 107 137 255 95 255 115 255 220 255 255 255 143 150 255
    183 40 255 117 53 255 255 255 141 255 255 32 217 255 255 255 99 172
    255 255 255 255 227 255 179 255 255 255 192 236 255 67 255 255 255
    236 255 255 81 255 211 255 243 77 255 44 103 67 255 255 255 117 255
    255 255 184 75 56 239 255 255 255 255 4 255 255 217 255 255 205 227
    224 169 235 255 121 255 14 165 255 255 97 26 255 191 103 255 255 255
    115 149 178 14 255 255 255 195 124 250 255 10 255 195 255 255 255
    255 255 113 182 232 24 255 192 255 229 255 255 89 54 255 196 255 255
    255 255 245 253 129 255 255 255 255 255 24 4 255 57 255 255 255 209
    249 6 255 113 194 169 168 255 97 87 255 225 150 255 255 4 255 255
    255 73 255 180 48 255 198 255 149 152 255 97 255 255 255 198 54 91
    255 87 255 255 145 255 255 95 255 255 255 255 255 162 217 16 255 213
    255 71 255 255 255 255 38 236 173 209 255 28 255 85 137 255 81 42 41
    255 40 255 164 255 255 75 255 255 34 255 18 255 255 255 131 76 255
    83 70 34 188 255 255 255 223 255 55 255 97 255 255 255 204 255 176
    255 203 103 255 127 20 220 255 255 255 235 138 255 86 186 190 165
    255 255 255 55 255 255 255 0 4 255 145 255 255 121 241 255 255 249
    255 255 177 59 57 255 20 26 255 130 255 141 255 77 255 255 255 225
    164 255 249 255 216 255 255 180 255 255 255 255 172 145 125 223 255
    255 255 186 80 223 12 255 255 135 255 166 222 143 158 255 78 221 188
    255 170 255 157 12 255 86 255 28 255 255 255 255 172 255 255 148 34
    255 255 255 149 255 12 173 255 255 179 255 255 255 255 255 99 83 190
    24 255 255 255 136 55 255 176 34 183 255 255 133 255 246 161 247 255
    255 255 232 157 180 255 255 255 6 255 255 255 255 255 255 135 186
    255 255 235 255 183 53 168 251 255 184 255 255 248 255 255 255 255
    119 65 70 16 162 255 243 46 101 207 255 62 237 30 221 255 111 76 255
    255 255 253 218 255 255 255 255 69 255 185 61 255 211 255 255 255
    198 255 255 87 255 91 241 40 255 255 50 255 190 255 199 255 255 14
    255 255 197 231 103 60 255 109 99 255 255 255 198 255 255 134 255
    227 146 255 139 174 4 255 174 117 20 255 48 54 239 34 255 255 255
    129 43 151 255 255 0 167 97 26 237 119 107 255 130 22 171 255 38 143
    217 0 223 255 79 201 251 22 165 255 255 255 14 255 36 255 255 227
    255 255 117 99 255 255 237 255 255 198 95 255 255 230 255 103 255
    101 130 255 32 255 255 255 255 164 24 152 255 141 136 255 255 59 255
    255 221 255 255 200 6 255 192 232 255 120 255 169 255 255 255 249 12
    107 255 157 255 150 30 179 255 255 255 255 255 255 255 255 255 255
    208 233 249 125 62 18 255 179 255 255 237 255 255 255 49 255 125 186
    44 255 255 255 255 255 255 255 255 255 255 255 208 255 4 255 255 255
    255 64 255 20 255 255 133 6 255 255 66 255 174 99 255 255 173 150 89
    255 255 255 84 223 83 183 255 119 12 38 170 145 87 255 28 255 159
    255 75 101 4 255 255 255 255 255 255 255 255 255 255 36 255 176 255
    95 73 255 48 73 255 103 130 115 209 57 83 255 255 255 52 255 63 255
    255 255 93 213 65 255 255 57 255 128 255 255 255 255 0 255 46 34 40
    121 255 196 255 227 255 255 255 255 255 215 255 255 255 255 232 101
    255 255 255 255 255 157 158 255 255 255 111 255 255 255 56 255 255
    255 255 255 24 89 255 99 67 67 255 255 238 249 32 255 255 73 255 245
    134 12 14 43 230 179 154 232 255 255 255 181 255 190 255 154 255 44
    255 255 151 227 255 255 255 246 239 120 255 255 247 192 46 255 255
    255 255 89 209 128 255 255 255 255 241 255 95 165 255 255 101 119
    248 66 160 172 255 255 129 179 12 255 91 113 255 255 255 255 255 255
    255 255 97 255 255 255 255 123 160 20 255 255 77 185 255 255 255 255
    121 203 255 255 255 134 147 4 255 255 217 255 73 255 233 0 145 255
    242 255 255 168 177 4 69 20 174 32 255 41 125 48 164 250 211 255 159
    76 255 42 255 69 254 255 255 255 255 255 166 255 255 2 86 156 255
    121 255 255 135 227 153 255 255 159 255 172 30 143 77 176 255 245
    255 10 255 87 2 255 255 255 255 159 255 255 255 255 255 164 255 255
    133 86 255 244 255 107 255 255 144 188 255 255 188 255 146 255 141
    255 255 20 69 255 179 255 170 107 255 42 255 255 28 84 41 113 18 255
    255 125 196 111 255 255 255 60 251 184 58 255 0 255 134 255 247 255
    101 219 41 91 137 53 255 30 255 255 205 81 65 22 255 155 255 255 32
    255 255 255 64 36 255 229 59 255 66 2 69 255 255 255 131 49 131 255
    134 255 255 255 255 255 237 38 157 241 255 255 40 255 145 255 147 52
    40 255 247 255 176 241 255 255 213 4 255 255 255 198 255 170 105 143
    255 204 119 255 255 32 40 255 46 255 255 135 124 16 255 255 12 255
    87 42 201 22 255 255 190 255 169 225 255 86 255 20 255 255 255 255
    255 157 255 196 255 255 142 182 255 255 232 143 51 222 255 255 255
    255 69 255 10 105 255 93 255 255 255 255 255 255 109 87 171 255 24
    255 255 255 195 95 255 255 43 155 135 126 34 6 255 255 255 255 34 42
    63 119 137 255 30 99 113 255 205 255 125 185 126 6 255 255 180 255
    255 218 171 51 196 255 255 255 155 41 255 255 87 255 26 255 32 137
    176 170 221 51 255 255 255 216 255 255 6 255 22 18 255 255 36 82 255
    182 113 45 141 255 49 40 255 227 255 56 26 234 255 255 255 255 6 255
    8 255 255 141 2 255 255 182 255 255 255 255 255 255 255 58 79 224
    135 107 190 255 109 255 255 233 133 255 30 127 44 255 255 255 255 14
    233 178 0 255 194 226 255 255 255 255 184 26 157 255 255 60 67 255
    50 255 157 255 158 255 167 57 255 56 41 55 255 255 141 74 6 255 161
    255 255 91 205 224 255 255 255 16 205 255 255 255 255 149 255 30 165
    231 255 255 146 164 105 255 93 76 255 255 255 126 240 255 255 255 48
    255 255 153 115 255 121 20 206 255 255 255 207 59 81 255 87 255 40
    255 255 255 255 172 147 255 255 68 219 238 255 209 123 6 231 250 255
    178 218 233 255 255 255 47 255 91 255 255 34 255 81 255 6 255 255
    124 255 101 255 131 195 255 255 187 69 255 255 26 255 167 136 255
    215 255 255 255 255 194 255 95 255 255 170 255 135 49 143 255 164
    242 255 69 255 255 255 255 255 255 255 255 233 255 28 140 141 227
    255 44 115 255 204 103 255 192 255 255 107 255 255 168 255 255 196
    127 255 91 255 241 85 255 158 63 219 36 198 52 81 91 101 255 145 70
    249 200 50 211 63 50 237 89 131 241 69 255 12 255 255 18 255 68 255
    255 205 122 255 185 95 255 78 79 22 223 51 255 135 63 255 255 255
    255 66 18 208 169 253 255 255 255 176 201 243 255 255 140 255 211 2
    178 76 2 255 28 132 200 86 170 255 255 255 14 255 34 8 255 201 2 255
    225 61 255 30 6 255 255 218 16 255 164 255 255 255 247 255 255 223
    213 255 211 192 139 30 130 149 50 166 89 219 73 255 217 255 155 40
    255 255 255 71 255 6 6 36 78 213 81 105 255 255 255 255 236 145 32
    91 255 255 206 255 255 59 16 231 129 255 255 255 203 255 255 255 209
    255 227 156 255 82 45 210 255 255 255 159 8 255 255 168 55 40 134
    255 149 231 119 0 95 137 255 255 238 255 178 6 255 73 255 195 255
    255 183 255 182 99 255 218 185 255 166 125 89 255 191 255 147 187
    255 255 255 105 255 109 109 255 215 16 133 255 255 255 255 227 255
    255 20 255 4 196 61 255 255 63 255 255 255 12 146 168 205 34 255 229
    255 255 255 255 44 22 150 255 255 87 12 255 255 255 139 255 255 14
    89 6 255 255 255 255 255 255 165 255 204 121 192 44 255 255 255 255
    111 145 255 255 255 247 255 255 215 255 54 30 14 255 199 138 255 189
    219 222 255 255 255 239 255 54 255 93 139 255 196 244 171 207 255
    255 255 255 62 180 255 32 61 255 40 87 255 235 215 255 255 73 81 255
    85 255 207 255 65 74 255 14 255 255 255 255 16 230 255 229 255 255
    117 255 159 255 255 255 217 255 255 255 255 163 255 117 255 255 255
    20 241 255 255 85 182 255 164 67 255 255 8 189 186 54 60 166 255 239
    32 42 175 255 255 237 255 65 205 221 20 56 255 109 255 255 255 251
    207 226 193 255 255 82 255 208 68 255 255 159 255 255 76 45 255 229
    207 143 169 45 234 74 194 242 255 255 255 181 12 212 58 255 255 255
    120 226 255 192 125 149 255 255 95 255 255 255 255 255 255 111 180
    86 255 230 255 87 192 193 255 153 255 255 107 255 67 111 255 255 255
    245 255 71 18 255 75 255 231 255 74 24 28 175 34 255 99 122 255 66
    255 182 255 255 139 255 255 255 255 57 95 52 217 137 153 111 65 179
    148 224 50 36 63 255 255 212 137 154 255 255 255 73 245 255 255 121
    170 52 255 255 255 255 255 255 255 255 6 255 255 255 103 255 208 107
    34 255 14 255 216 6 255 255 255 255 255 255 255 255 255 255 255 255
    255 255 255 255 255 121 255 255 255 174 178 255 203 135 231 255 255
    223 113 255 255 184 255 139 255 161 255 16 255 113 255 164 255 255
    180 219 105 81 247 255 255 93 255 125 181 0 61 255 201 57 205 91 255
    255 255 95 221 223 115 255 255 255 255 49 255 2 105 255 255 243 255
    255 255 255 255 223 61 255 239 242 255 196 204 255 255 155 255 113
    255 60 119 8 125 77 129 40 207 255 42 255 255 255 192 255 255 255
    255 255 255 208 115 255 255 18 18 255 255 12 255 28 255 186 255 43
    125 255 225 16 255 255 103 255 255 46 255 184 255 241 255 6 255 200
    188 221 223 255 177 176 139 125 255 81 255 219 255 255 255 255 237
    255 127 161 255 255 40 41 38 86 255 208 255 255 255 255 194 255 255
    255 255 32 255 164 103 255 255 145 255 172 56 223 182 255 255 218
    255 71 255 24 6 255 78 255 141 255 255 255 255 245 208 255 255 125
    255 211 0 255 138 6 231 255 113 26 71 255 8 255 255 131 255 198 189
    152 186 255 164 255 227 148 109 255 255 255 255 192 255 139 255 255
    149 255 22 161 255 255 255 255 255 255 255 206 255 95 129 255 255
    255 157 255 255 109 255 137 255 255 107 255 28 255 255 203 255 84 0
    22 255 184 57 54 190 255 163 255 145 139 75 161 165 255 240 129 69
    255 217 235 50 255 184 255 131 47 121 255 255 121 255 126 255 127
    255 131 243 227 238 30 93 255 255 36 166 203 255 244 255 255 255 255
    255 73 117 255 255 255 138 255 255 200 255 187 170 34 175 221 186
    103 113 255 181 255 85 93 255 188 255 255 255 167 255 216 255 103
    214 255 255 255 93 26 255 72 184 52 255 255 12 255 241 255 255 213
    55 125 255 121 26 194 255 255 124 255 2 255 255 255 243 125 255 255
    208 151 255 255 255 255 255 255 105 149 44 255 255 161 34 255 255
    255 255 255 255 255 34 255 255 255 140 255 255 43 85 255 190 255 255
    22 255 237 81 255 141 255 234 175 255 255 129 142 55 135 10 206 255
    18 57 6 180 157 255 180 255 99 223 22 6 255 255 89 215 255 255 255
    200 249 140 184 255 255 166 185 103 54 255 255 255 153 255 244 167
    255 255 255 255 255 187 255 255 255 255 255 255 30 255 205 192 176
    185 2 87 255 255 59 255 255 83 247 231 255 16 158 220 113 255 255 54
    138 255 215 255 255 86 255 255 255 144 123 255 255 255 255 255 178
    191 211 255 255 255 255 141 65 111 177 93 151 70 255 6 191 255 255
    255 255 220 14 255 2 52 255 244 227 140 166 255 200 255 255 255 255
    255 194 255 255 255 59 255 140 61 255 38 255 255 255 255 255 237 255
    38 77 255 127 122 162 255 255 255 255 255 184 72 91 255 255 255 172
    26 146 190 10 255 255 255 255 255 107 255 164 255 255 255 40 255 255
    8 194 255 195 255 255 255 255 255 133 255 180 60 190 125 255 255 255
    30 255 255 255 255 52 89 255 40 207 255 246 255 255 255 93 150 255
    245 253 255 93 43 65 173 184 161 147 255 255 255 255 182 255 81 170
    255 255 255 40 247 89 28 255 125 255 255 192 223 255 255 255 255 109
    163 150 255 135 213 255 255 241 4 255 67 105 68 255 210 255 101 168
    255 255 255 255 209 54 245 255 255 255 51 103 42 241 255 255 255 255
    183 255 255 143 77 214 30 166 228 135 255 255 255 255 255 171 255
    255 255 182 255 255 255 255 161 138 113 255 79 180 58 255 230 139
    255 254 237 255 18 2 255 95 255 255 255 255 53 255 255 255 141 255
    136 255 255 164 99 121 255 101 255 255 111 255 255 255 221 194 224
    255 255 166 187 255 255 255 255 255 255 28 255 255 255 255 255 253
    123 255 255 40 62 255 81 255 255 8 211 156 255 231 255 196 89 255
    202 255 255 255 86 255 121 255 255 87 12 255 255 42 164 117 255 255
    24 255 255 255 255 255 147 255 255 226 235 71 125 159 255 226 255
    132 99 205 103 224 255 255 255 255 255 135 243 45 121 70 255 61 255
    128 230 255 89 212 143 4 255 255 227 236 255 22 186 255 247 255 247
    2 255 179 255 204 56 18 206 125 67 255 255 215 255 38 255 186 253
    255 255 255 10 255 82 255 255 209 55 255 255 255 255 24 255 26 255
    142 255 255 255 255 255 255 255 255 255 137 179 255 255 6 255 230
    105 61 255 255 55 65 119 255 212 255 255 255 4 49 255 147 255 12 255
    120 255 255 111 255 18 47 97 86 255 129 255 255 255 119 255 255 249
    255 151 255 115 255 211 233 127 111 255 255 255 255 184 91 255 255
    229 255 91 171 67 255 211 41 255 181 255 255 187 255 255 255 14 166
    255 251 200 199 164 255 121 205 255 255 255 111 159 79 255 42 225
    105 255 91 119 38 136 255 68 95 218 177 196 212 111 198 255 60 255 6
    255 152 59 255 71 153 255 255 147 227 255 255 14 255 224 16 255 255
    255 65 255 255 203 255 255 63 52 223 231 255 255 95 255 107 255 184
    213 255 196 255 255 255 255 152 166 255 8 170 255 255 255 255 255 18
    255 255 255 255 255 255 147 154 248 255 144 133 50 255 10 255 150
    255 255 211 46 255 243 224 62 34 103 50 255 244 169 255 67 239 128 6
    255 255 83 241 255 95 255 162 255 82 184 255 109 4 18 255 43 6 255
    132 101 255 43 255 255 255 255 181 205 255 255 255 143 255 255 208
    255 4 65 255 255 255 255 255 81 255 6 255 255 255 255 255 215 137
    255 255 159 185 65 255 255 174 143 255 255 255 255 85 255 207 28 238
    34 255 16 255 255 255 255 245 255 99 255 255 255 255 190 255 255 113
    139 255 202 167 174 117 26 255 4 255 255 255 255 255 157 189 24 255
    44 255 184 255 182 180 95 231 8 111 14 10 255 255 89 255 255 255 6
    255 93 36 85 255 255 255 255 255 255 255 8 249 204 255 61 255 255
    225 250 58 136 255 255 2 143 145 255 255 255 251 255 12 83 255 147
    61 61 97 77 255 255 85 55 211 217 255 255 255 137 255 237 255 2 10
    255 56 255 2 197 101 180 249 63 180 68 255 255 38 24 170 187 255 26
    255 255 117 255 168 119 255 255 255 255 255 255 249 255 224 255 255
    255 255 38 222 255 4 255 255 0 255 255 160 139 72 255 204 255 255
    255 245 103 255 131 196 255 255 255 224 191 55 255 131 255 208 151
    255 255 255 93 255 91 255 255 255 255 255 255 255 255 255 91 161 255
    255 255 175 255 14 54 142 111 135 75 28 91 162 97 213 255 91 255 45
    246 255 152 139 255 255 182 255 38 255 231 128 123 255 235 242 171
    255 255 255 255 255 34 172 206 255 168 255 143 59 208 255 144 255
    255 255 46 255 81 24 255 168 255 255 255 255 255 251 255 201 255 232
    255 255 255 74 229 255 143 255 255 255 255 73 36 142 97 139 203 20
    20 40 255 56 255 135 255 255 255 26 245 255 255 12 255 255 255 255
    255 255 255 255 255 220 175 255 234 251 41 255 255 255 139 251 152
    255 255 255 255 255 255 176 255 255 255 255 126 105 97 170 255 28 77
    255 46 255 226 28 77 107 175 255 54 255 255 255 255 255 184 255 213
    255 255 107 216 62 255 255 2 85 255 255 255 255 255 93 121 189 255
    255 181 69 255 255 235 255 255 255 255 255 75 101 111 160 46 255 128
    255 233 255 228 115 255 255 227 255 129 135 255 255 233 255 255 32
    255 255 153 255 57 22 192 127 255 152 2 255 255 212 223 41 222 157
    255 255 255 255 255 255 101 255 249 245 255 125 255 255 255 255 212
    255 146 255 255 168 255 86 255 255 255 255 255 225 255 85 185 41 255
    56 255 93 133 249 255 255 239 135 249 255 166 235 200 255 70 8 230
    255 103 59 131 57 255 233 20 32 58 205 255 28 255 192 225 255 123
    255 2 228 235 47 232 255 245 141 179 255 255 255 255 224 255 194 255
    255 255 65 18 97 255 249 105 224 255 255 204 151 241 255 249 81 255
    255 255 172 255 103 71 205 126 255 66 200 255 155 49 176 143 57 147
    255 255 87 46 255 226 52 255 196 255 142 255 255 255 46 50 255 115
    255 20 147 255 255 141 255 255 67 72 43 255 255 255 255 105 20 222
    255 255 255 255 255 255 255 190 255 141 176 255 255 255 255 185 198
    255 139 26 218 255 255 2 129 140 255 255 219 28 255 6 255 74 255 255
    26 77 12 185 255 127 105 255 242 255 223 255 199 22 91 64 255 255
    255 255 135 255 243 28 255 255 255 255 136 255 255 255 255 181 255
    200 34 255 255 16 255 81 175 172 244 255 196 255 245 255 242 123 255
    255 255 255 192 255 63 137 153 255 255 255 255 255 64 255 255 255 87
    143 175 255 255 255 255 57 249 255 255 237 255 255 26 170 202 255
    255 255 62 8 182 255 77 255 255 255 105 255 255 137 239 83 255 141
    255 255 255 255 174 143 18 85 155 255 149 255 28 255 131 132 139 255
    255 255 181 150 180 40 255 55 249 255 85 255 255 255 255 227 101 179
    255 255 255 255 255 255 49 255 22 16 46 95 219 255 255 53 8 255 192
    255 209 255 255 255 186 255 255 20 81 135 109 139 255 255 255 205
    255 255 26 255 255 255 255 123 163 120 255 235 255 30 109 247 255 32
    73 30 227 174 180 255 255 255 135 176 255 255 255 255 255 207 103 78
    71 63 255 255 8 255 255 109 221 255 133 255 255 246 255 207 182 155
    158 255 86 253 234 255 203 61 121 221 255 255 239 255 195 255 139
    255 255 255 255 255 87 255 209 26 255 255 4 255 255 206 163 255 255
    255 115 255 255 73 255 255 209 228 255 255 127 46 255 255 103 174
    155 137 16 255 161 255 234 191 255 255 231 235 255 255 205 168 42
    255 129 12 255 255 113 255 214 255 255 157 16 255 255 255 107 255 64
    255 255 97 255 255 229 45 26 169 215 8 203 103 255 255 255 55 255
    205 255 10 255 194 243 227 40 255 255 255 50 158 255 197 255 57 145
    107 135 255 255 255 115 16 30 255 255 255 255 255 153 177 190 125
    255 71 255 255 255 234 255 255 127 255 57 255 243 253 250 255 255 65
    2 255 190 229 255 255 58 207 255 255 16 255 255 255 222 255 235 255
    255 255 226 141 255 4 255 255 36 255 65 255 255 255 93 255 255 176
    253 255 255 58 0 255 84 59 255 205 150 255 255 255 255 255 69 30 245
    243 255 255 207 174 199 215 204 20 255 255 225 255 255 207 200 255
    255 255 255 22 170 255 243 67 133 255 255 255 233 255 14 255 79 255
    74 99 40 213 186 36 119 255 131 255 205 242 255 255 232 255 255 255
    4 93 255 255 255 63 255 166 255 255 255 255 235 241 139 255 243 77
    34 8 255 215 255 255 255 203 255 255 255 255 255 255 255 255 255 255
    78 107 139 253 111 145 64 43 255 255 255 48 129 49 255 86 188 109 14
    255 255 161 255 50 76 255 184 255 20 255 255 255 255 93 255 255 255
    174 18 255 255 137 189 255 204 255 255 155 255 255 159 237 247 255
    255 255 255 203 235 145 243 255 255 245 255 95 255 247 255 80 91 255
    255 255 159 255 24 255 255 126 255 233 51 123 255 255 255 247 213
    255 239 198 97 255 255 137 255 255 255 195 255 255 70 101 255 103
    255 240 10 235 255 255 255 255 255 255 121 255 255 200 183 255 63
    255 255 255 38 255 81 255 10 50 119 148 255 255 255 176 255 255 0
    163 255 255 48 24 255 139 255 255 26 255 127 12 255 95 255 255 255
    255 75 255 255 24 206 86 211 255 255 255 28 255 107 135 12 91 255
    255 91 22 84 255 119 34 255 255 255 2 255 255 255 255 173 255 255
    255 243 95 10 255 174 255 16 14 101 168 255 255 81 255 255 249 38
    255 255 255 255 89 255 255 103 255 187 219 71 255 255 232 127 255
    255 26 253 255 165 255 255 255 255 255 84 255 255 66 164 71 99 255
    166 255 120 255 12 255 143 119 255 166 123 113 155 181 26 255 255
    140 73 255 255 123 255 55 61 225 255 24 255 227 255 48 83 20 255 117
    129 199 49 255 52 14 83 191 255 107 255 255 255 135 81 255 255 10
    234 78 255 255 255 4 255 255 154 255 255 255 10 14 255 151 36 255
    252 173 255 103 125 8 255 131 255 255 255 83 255 86 142 206 235 255
    255 255 117 8 209 255 89 131 255 162 255 255 255 255 255 226 255 255
    125 169 255 79 211 126 67 175 200 255 243 188 244 213 255 101 255 63
    255 217 255 250 34 255 255 32 255 18 255 255 255 20 255 44 111 255
    255 255 53 30 255 69 255 26 81 255 62 158 40 255 160 255 103 192 194
    255 83 255 255 255 255 48 255 255 151 120 139 217 4 20 107 255 255 8
    217 255 185 255 255 255 255 255 255 255 255 255 115 4 209 41 190 255
    235 255 255 255 255 255 255 255 255 235 30 52 255 135 121 255 255 62
    32 244 255 255 255 97 113 255 14 255 252 255 241 127 225 28 38 159
    255 255 213 255 63 255 142 255 205 32 147 167 130 255 50 219 255 255
    24 255 255 207 255 255 180 129 255 255 8 159 43 93 255 255 255 203
    255 147 219 255 255 255 255 255 48 255 254 103 233 255 255 32 36 183
    170 255 82 132 149 24 255 255 255 255 255 26 109 255 227 255 125 189
    255 57 117 255 255 42 130 255 255 136 75 207 113 6 255 24 166 255
    255 255 255 255 255 223 239 113 255 255 208 195 255 186 66 99 54 107
    255 255 255 128 255 133 255 255 255 61 255 255 180 255 145 255 255
    22 14 125 255 0 176 239 243 255 215 255 255 215 61 69 97 255 131 255
    194 75 183 251 65 227 255 67 91 8 6 255 136 26 167 255 2 255 247 255
    191 158 255 123 255 42 255 255 226 255 115 255 255 14 255 129 255 12
    28 255 255 30 255 255 255 217 255 255 148 186 95 255 255 255 251 38
    255 83 255 97 255 91 255 255 255 255 255 255 14 166 255 233 38 157
    255 148 255 255 237 255 255 28 255 105 255 255 255 255 190 211 255
    255 255 255 255 255 138 129 36 4 255 157 255 255 255 255 255 217 75
    255 181 255 255 24 59 194 12 255 255 255 83 178 82 255 255 255 180
    109 255 255 238 22 255 157 255 2 32 255 162 255 255 255 103 255 184
    10 91 119 20 255 255 255 255 215 255 255 4 115 16 180 255 121 89 255
    255 150 255 255 235 255 155 255 52 157 138 255 125 253 250 40 255 59
    111 101 255 247 156 255 255 255 250 255 198 255 207 49 230 215 164
    255 255 255 255 179 231 22 229 255 255 255 255 6 255 255 255 255 162
    255 255 176 255 255 69 255 255 24 255 58 109 63 255 253 232 255 255
    198 74 255 255 129 255 255 255 255 170 237 160 255 255 255 81 255
    255 255 255 255 255 255 107 155 18 0 255 255 255 255 8 255 255 189
    255 255 54 255 125 255 255 67 255 255 135 255 255 238 255 255 153
    179 255 196 255 255 255 197 233 174 6 255 57 123 8 255 255 16 255
    255 16 255 191 219 75 255 255 255 255 55 168 48 67 255 255 255 151
    74 83 255 72 255 255 255 2 162 56 255 255 217 201 255 131 255 255
    135 30 176 255 239 255 185 200 168 233 255 38 32 170 240 255 235 255
    145 154 119 255 178 255 255 253 55 255 55 135 255 255 255 255 63 61
    255 211 255 193 255 255 86 255 61 255 196 125 50 8 184 255 255 52
    255 255 30 153 255 255 255 255 194 255 255 166 18 255 255 255 255
    255 255 95 255 255 245 255 70 140 255 167 255 250 255 196 255 255
    255 255 255 221 255 10 255 255 147 255 255 48 255 255 255 156 83 78
    182 254 221 79 220 143 255 87 255 255 255 255 255 255 255 255 34 255
    255 153 78 255 2 255 255 54 255 71 255 32 255 255 255 144 252 255 85
    255 113 255 255 4 40 12 30 255 6 99 255 137 255 255 97 44 255 255
    255 255 255 54 47 255 233 255 252 189 255 44 255 255 255 10 255 255
    255 67 255 143 255 26 255 14 255 137 148 255 255 83 196 171 255 176
    135 196 162 95 255 230 121 194 226 255 130 255 135 213 255 32 255
    255 255 8 255 255 255 218 101 255 255 153 43 186 229 87 236 127 255
    255 68 150 255 255 255 255 143 91 166 205 255 255 165 253 22 255 255
    255 93 255 255 229 255 255 137 0 255 255 255 255 255 255 255 255 255
    255 255 209 255 119 67 255 255 255 255 255 255 255 255 255 255 255
    128 255 255 170 42 255 132 255 255 255 228 255 255 255 255 255 121
    255 255 117 4 255 255 30 255 255 255 61 210 255 81 255 255 255 224
    255 22 10 209 201 190 255 255 255 255 77 255 255 255 57 163 255 255
    255 77 255 207 245 255 255 255 255 149 192 107 34 255 255 255 99 255
    209 34 255 255 201 111 255 255 151 255 255 255 255 235 168 255 255
    255 255 49 131 255 105 255 255 255 30 255 255 255 255 63 255 109 255
    75 255 255 255 26 255 255 187 255 255 78 8 255 255 53 255 255 255 67
    255 215 24 24 146 255 255 10 255 117 255 255 255 136 135 255 255 255
    255 255 89 255 255 255 255 255 188 255 255 255 123 36 77 6 188 109
    255 255 255 169 255 232 32 253 255 68 255 255 72 255 255 163 235 255
    255 6 255 175 174 40 42 255 75 255 255 127 255 255 255 229 255 255 2
    255 42 173 239 255 147 255 255 255 69 255 255 255 255 8 255 255 80
    255 200 153 255 255 255 109 255 255 255 75 255 255 255 225 36 255
    143 73 222 22 241 242 82 255 255 223 49 50 50 134 48 255 178 93 255
    156 129 255 103 182 24 213 255 235 255 255 255 172 255 255 255 255
    255 117 145 255 255 255 255 255 255 255 196 178 255 211 255 255 255
    255 161 6 255 255 255 192 255 180 255 42 255 81 58 255 30 119 255
    255 135 203 255 255 255 131 217 233 212 193 85 255 251 174 75 255
    247 18 209 51 57 32 142 255 74 85 255 86 255 255 105 255 255 109 255
    65 141 77 212 255 255 99 167 231 255 255 61 109 255 219 255 155 162
    125 255 184 255 237 255 73 255 146 145 255 215 255 255 237 255 155
    24 255 255 99 180 181 255 10 255 255 255 255 101 212 255 93 63 255
    255 85 255 255 255 255 65 131 255 255 255 213 83 255 255 144 255 255
    255 226 255 255 255 255 245 255 255 255 255 255 255 255 78 255 255
    255 24 42 74 255 255 255 255 255 255 99 79 229 255 255 72 190 216
    255 255 255 255 59 180 149 122 10 255 229 252 255 144 255 159 255
    255 233 186 255 125 115 255 255 255 255 255 49 255 255 255 255 255
    255 248 255 255 52 18 255 255 217 255 129 125 255 12 255 255 255 255
    255 255 255 158 91 24 180 255 203 255 255 255 91 255 95 134 255 255
    255 238 255 255 252 255 255 255 50 255 174 70 182 107 255 168 73 161
    255 255 93 255 255 255 24 172 255 255 119 117 146 32 255 192 254 255
    255 255 149 255 255 255 146 255 255 71 255 255 255 170 247 255 2 155
    255 67 255 255 59 255 144 73 99 128 255 58 255 133 145 190 255 235
    255 250 0 255 97 255 255 255 255 156 255 255 255 255 255 99 255 255
    255 129 255 255 230 255 41 255 255 255 255 235 255 255 203 75 255
    255 255 255 255 115 255 255 192 255 113 255 242 255 255 255 255 255
    61 115 255 166 135 77 255 255 255 50 137 255 176 78 120 255 16 134
    255 80 34 228 139 117 255 255 255 55 255 67 30 95 255 255 205 255
    200 38 55 133 6 255 242 255 255 255 189 217 10 133 111 255 255 217
    255 14 255 85 255 119 255 255 255 255 255 164 255 255 255 18 255 255
    255 101 2 255 131 201 188 255 2 255 14 255 255 255 255 255 255 247
    44 111 251 255 255 255 244 255 215 143 80 101 97 255 255 255 255 30
    255 24 211 143 2 255 255 255 255 255 255 67 255 103 255 2 255 255
    255 199 255 255 255 235 255 255 255 89 255 255 255 74 117 255 255
    150 255 255 255 123 251 255 255 133 156 61 123 255 255 211 255 131
    255 61 63 255 255 255 255 255 255 163 255 168 255 6 184 135 255 182
    255 75 16 255 200 255 255 255 127 209 156 55 255 255 255 197 255 255
    255 255 254 255 170 255 255 213 255 241 255 255 255 148 178 8 255
    255 70 255 174 227 51 248 40 34 255 48 249 255 91 241 255 223 201
    174 255 255 164 255 255 18 225 255 255 167 255 255 201 172 246 255
    255 255 44 97 255 255 255 16 255 255 255 255 255 6 255 18 255 18 255
    198 58 255 255 215 51 69 64 255 24 40 255 255 99 180 127 28 170 0
    193 255 26 74 255 71 169 255 255 255 255 255 12 229 255 251 233 226
    255 255 255 255 10 145 46 67 232 68 255 255 117 255 255 255 36 240
    68 255 36 203 59 75 255 120 224 52 198 83 255 67 255 255 255 255 255
    178 255 62 105 178 255 235 255 255 130 6 95 207 246 255 95 255 135
    164 149 119 41 48 255 170 255 255 231 255 255 255 255 255 255 255
    255 255 204 255 113 255 26 156 34 201 85 12 157 225 119 213 26 97
    255 120 109 255 255 14 185 255 161 255 73 255 225 255 109 149 255
    255 255 194 255 101 255 255 62 103 255 0 255 255 28 255 155 255 32
    14 54 255 255 255 255 255 255 8 77 255 255 206 97 255 103 22 255 255
    255 255 67 255 24 46 197 255 248 255 255 105 255 255 255 255 105 255
    127 245 123 147 87 255 165 249 255 229 26 216 255 255 255 255 81 38
    179 192 180 22 142 240 255 14 0 255 255 174 255 255 255 50 255 133
    93 154 255 4 255 255 255 255 255 255 28 255 255 93 255 255 255 75 32
    255 255 255 255 255 149 255 255 181 255 255 255 22 153 255 194 54
    255 186 168 255 61 232 44 53 40 255 73 255 255 91 255 255 85 50 183
    255 255 255 0 214 255 164 255 255 255 71 225 255 170 255 255 255 255
    255 255 38 109 255 255 10 30 211 182 255 255 49 200 237 170 178 247
    174 85 22 255 75 255 237 255 101 201 255 95 255 255 255 255 255 6
    111 244 18 16 97 50 255 255 255 53 161 255 170 210 255 194 255 255
    34 159 113 255 2 245 87 206 76 255 192 6 255 218 255 255 250 255 142
    159 255 227 228 255 255 155 255 255 255 255 255 255 10 115 220 10 93
    255 255 255 255 203 36 255 255 255 216 147 255 180 255 255 255 255
    247 255 141 255 255 255 255 255 255 152 192 76 255 54 255 255 255
    155 111 255 255 255 218 121 12 255 97 105 38 205 255 129 255 255 255
    255 22 162 36 205 255 91 63 255 245 255 194 109 225 115 76 194 255
    255 255 255 159 255 67 255 255 174 255 255 255 255 255 255 255 255
    255 123 255 255 169 103 255 44 255 255 255 73 36 165 255 255 255 255
    123 255 148 115 255 192 255 203 231 214 193 47 255 101 203 255 255
    176 255 179 113 16 255 219 99 24 201 28 255 255 123 255 211 40 255
    194 67 16 119 85 70 255 255 111 255 0 147 255 216 16 255 255 239 170
    255 255 255 255 255 32 180 243 255 242 255 245 226 255 89 226 255 30
    255 255 233 240 255 255 176 255 255 210 245 138 186 255 255 255 149
    0 255 255 221 36 149 255 255 141 255 67 107 83 34 163 255 255 255
    255 117 255 255 178 113 158 255 185 40 61 121 34 255 255 154 151 68
    255 255 255 255 89 255 255 255 255 245 255 255 255 255 255 255 255
    84 43 255 32 255 255 255 255 119 255 255 91 255 111 52 255 255 176
    233 2 255 255 247 157 139 255 255 255 192 145 159 255 161 58 188 255
    255 85 255 255 38 14 255 124 255 115 255 255 255 255 85 255 186 255
    107 36 255 6 103 30 255 241 255 187 247 18 223 196 255 121 255 255
    255 255 238 215 255 161 255 172 157 255 247 255 255 255 36 255 255
    255 255 122 255 255 22 255 255 255 255 255 255 255 255 255 255 201
    231 255 255 255 252 157 255 194 255 241 127 255 2 230 249 249 255
    113 124 168 255 201 220 255 207 250 255 152 141 8 166 255 255 255
    255 255 255 79 249 255 107 255 122 255 185 99 198 30 255 255 107 190
    234 255 203 255 28 122 121 255 255 240 40 134 143 153 130 236 177
    255 255 38 255 255 255 255 255 253 30 141 255 255 255 119 87 255 255
    255 34 93 75 216 255 255 8 255 36 255 255 101 4 133 24 255 245 255
    255 161 101 186 113 53 255 159 221 255 225 255 255 24 255 255 84 53
    28 149 255 0 175 255 115 24 255 30 239 255 255 255 255 255 255 255
    255 203 255 255 113 12 107 209 255 255 255 255 236 255 115 137 169
    85 210 20 255 182 255 255 255 255 255 65 107 122 155 255 247 230 255
    255 255 175 255 255 34 255 127 147 107 216 255 225 105 86 255 238
    127 255 242 255 255 107 255 255 24 255 229 91 255 176 255 32 255 255
    241 255 255 233 251 255 255 255 42 46 255 129 123 255 200 175 255 95
    20 255 255 251 255 255 56 255 159 145 255 226 243 154 255 149 235 91
    255 255 255 203 231 255 255 255 255 255 255 255 255 255 218 97 235 4
    89 255 255 167 255 182 255 241 255 203 255 244 237 55 111 255 241
    255 185 255 188 159 134 242 255 235 248 171 255 255 203 170 255 255
    57 255 255 255 255 68 225 141 255 255 255 255 170 255 255 255 255
    255 140 255 255 255 255 255 255 18 0 255 129 76 55 194 255 255 129
    255 231 44 255 255 255 255 255 28 255 255 255 255 255 184 255 170
    255 195 223 252 255 225 255 255 255 141 255 203 255 131 73 255 255
    49 255 255 18 186 113 79 255 255 255 255 203 255 255 255 41 255 255
    51 83 255 255 89 235 255 224 255 255 255 255 255 164 255 255 255 255
    255 248 255 255 255 183 30 244 255 26 255 56 134 255 60 184 255 255
    255 105 255 148 44 115 227 238 213 45 255 255 200 178 93 255 255 159
    38 255 86 255 20 255 255 145 137 255 255 183 186 2 183 255 255 30 18
    230 255 194 255 48 255 255 255 51 255 217 231 129 255 176 255 239 47
    255 255 117 204 255 255 172 123 162 166 225 223 196 223 255 147 42
    255 30 97 156 91 255 255 121 163 255 255 163 144 178 255 221 190 255
    150 255 255 255 255 18 41 255 255 255 255 251 241 255 255 255 63 203
    255 255 93 164 255 70 255 212 201 255 44 6 255 119 111 152 255 255
    47 255 255 255 18 123 213 36 28 255 255 22 16 255 255 93 255 86 203
    255 70 255 255 36 255 255 255 205 234 223 65 255 255 255 8 227 109
    176 255 160 255 157 255 255 201 71 8 141 255 186 165 255 255 255 255
    131 255 168 255 193 207 255 255 255 234 255 255 255 255 255 85 217
    255 194 74 255 107 58 255 125 193 105 255 127 164 83 165 255 182 36
    255 255 255 255 255 149 255 127 255 255 162 145 255 155 255 255 255
    66 255 255 20 57 255 84 255 255 227 255 255 255 255 255 133 28 255
    171 255 255 255 51 4 255 255 255 195 97 200 78 255 255 255 150 133
    255 255 255 255 255 255 237 255 52 171 107 252 255 223 255 255 45
    153 231 255 137 169 12 63 2 255 22 95 255 255 255 249 255 255 158 59
    179 67 176 255 20 255 32 255 255 105 4 255 42 4 137 74 136 255 6 255
    57 255 255 89 149 255 111 171 186 50 255 51 255 255 150 255 255 255
    255 197 255 159 255 18 255 255 255 255 243 255 109 255 120 214 255
    237 44 255 150 246 223 233 255 255 255 255 255 255 255 255 255 255
    203 255 255 255 255 255 78 30 255 255 255 32 217 45 255 255 237 255
    249 120 198 255 156 242 32 255 105 209 4 159 255 255 255 255 255 255
    255 255 255 255 172 255 255 24 67 213 81 252 255 255 97 44 166 255
    255 209 255 14 115 71 78 20 97 38 45 255 255 65 115 255 255 255 255
    255 89 66 255 255 52 134 255 78 75 254 32 255 255 255 45 255 171 89
    234 255 255 255 251 148 255 255 6 255 255 255 238 255 255 65 193 255
    255 91 255 65 255 233 22 255 255 161 255 188 210 153 255 2 255 241
    28 36 255 255 149 247 176 203 79 255 255 255 85 255 255 210 233 255
    32 255 205 159 139 255 119 255 249 236 16 255 115 255 57 103 109 154
    248 179 255 216 255 255 69 145 213 255 255 51 99 91 255 255 2 0 255
    255 22 97 221 34 145 255 83 255 115 255 255 255 40 255 255 38 255
    255 223 255 255 65 255 255 255 255 223 255 164 76 136 248 125 142
    220 111 16 255 8 255 65 255 255 255 70 255 255 255 178 255 255 128
    141 86 2 170 10 255 85 253 255 255 201 255 0 255 168 48 255 107 255
    153 122 255 255 255 161 175 255 255 117 229 255 201 255 34 72 205
    125 121 255 50 255 223 131 109 227 255 255 255 91 155 217 16 36 255
    255 109 255 240 197 91 255 255 247 32 255 255 153 52 255 255 255 255
    255 74 67 255 255 255 255 227 158 103 203 255 255 255 176 255 255
    255 255 255 255 255 137 255 255 143 255 255 16 148 255 129 255 255
    235 85 255 255 61 254 255 95 255 80 255 255 255 255 36 255 166 255
    30 255 255 255 198 12 127 75 255 163 101 255 255 49 244 255 47 255
    255 30 42 255 255 164 175 255 75 221 162 255 255 255 131 255 0 155
    255 136 255 255 209 240 255 69 135 213 176 161 93 93 32 255 109 200
    42 255 255 52 231 255 199 255 255 175 255 113 147 253 255 255 215
    242 255 255 180 24 194 230 223 83 255 255 233 194 187 255 246 255
    247 255 255 255 255 223 255 186 255 255 59 123 245 164 255 134 89
    191 203 44 255 255 255 64 255 166 255 97 55 255 255 255 255 255 255
    255 117 77 199 192 230 91 255 255 255 255 255 255 71 255 255 255 255
    255 255 255 255 10 30 255 225 255 255 255 133 193 255 255 0 255 73
    255 38 255 133 255 137 255 255 255 255 255 255 189 255 54 215 115
    255 171 255 143 255 255 255 80 124 255 255 176 252 255 20 255 255
    105 255 255 174 255 255 255 255 255 255 255 153 255 226 68 243 255
    161 255 255 233 115 255 101 255 30 255 255 255 101 77 255 245 188
    212 199 160 255 195 255 255 255 184 255 179 255 255 8 156 73 255 255
    255 255 255 255 20 255 216 255 255 255 89 124 22 255 255 141 26 148
    255 101 154 255 189 255 255 255 12 255 10 255 230 255 255 255 22 79
    255 255 79 115 68 172 255 255 255 255 255 255 170 255 109 36 255 75
    180 255 255 139 60 47 230 201 47 255 255 41 255 255 255 57 255 255
    255 255 73 234 255 255 255 255 255 95 239 16 255 255 10 255 255 255
    99 117 255 222 70 255 32 255 103 255 235 255 255 169 164 135 159 255
    111 78 255 48 78 36 141 99 255 255 255 255 255 181 176 224 151 255
    93 255 255 155 215 122 255 255 186 255 189 255 255 255 6 20 133 136
    255 255 255 192 255 207 255 255 255 194 255 217 255 255 164 127 151
    69 208 255 122 157 255 255 255 133 255 242 221 73 20 255 255 208 255
    255 89 215 255 255 109 18 255 229 97 255 255 255 143 255 255 246 74
    255 255 155 190 255 205 255 255 255 247 59 42 4 28 255 255 255 44 4
    255 255 8 236 255 255 83 255 255 12 255 255 255 137 255 196 255 213
    255 255 255 255 107 255 141 78 178 255 255 255 255 141 255 255 80
    255 240 70 101 255 155 188 255 255 111 255 36 22 77 179 255 255 217
    188 255 255 136 255 173 255 168 255 255 115 255 77 255 229 255 255
    203 239 71 99 255 255 255 255 255 159 178 255 255 255 69 255 150 59
    155 194 159 255 255 238 249 255 255 255 255 10 229 255 228 70 164
    123 217 255 255 187 67 208 42 213 255 44 255 255 255 154 59 193 194
    87 255 255 255 255 255 63 40 255 145 255 255 198 255 188 119 253 192
    176 185 174 178 255 229 255 6 255 198 255 182 255 255 255 255 255
    255 200 76 255 255 38 97 141 255 200 255 58 255 255 131 229 79 173
    148 255 255 81 255 6 36 255 255 198 174 213 255 255 133 255 79 255
    65 194 255 255 255 255 178 255 113 6 255 105 150 255 255 237 119 255
    255 20 44 255 255 76 255 255 151 107 255 255 255 255 255 255 255 64
    255 101 36 144 230 225 255 42 255 255 202 167 152 83 223 255 143 255
    255 255 253 144 75 255 219 81 255 18 255 48 255 230 18 188 255 255
    255 255 255 255 255 255 255 255 229 174 232 255 154 255 255 255 2 44
    255 107 255 16 46 109 45 255 111 85 255 255 255 113 255 255 255 255
    59 137 255 255 255 255 22 65 32 255 255 255 111 255 255 200 255 107
    255 248 163 217 137 64 255 255 145 103 54 175 130 255 64 111 255 255
    255 162 255 255 255 255 81 220 255 119 255 245 255 255 10 24 255 205
    221 255 255 255 255 221 255 129 223 99 255 255 255 54 185 57 255 255
    255 255 121 255 255 255 63 0 255 2 255 255 255 255 255 255 255 255
    255 255 119 227 255 169 8 255 255 255 255 66 255 226 66 255 168 255
    255 99 215 40 113 255 20 255 255 255 44 229 255 255 6 255 222 255
    255 255 153 105 224 56 255 87 205 209 255 255 255 168 255 43 75 255
    34 255 80 255 255 255 59 63 255 245 174 219 255 255 255 255 44 255
    255 204 22 231 151 255 255 255 187 255 255 255 142 255 74 124 255 56
    255 182 255 255 75 255 73 143 255 38 63 145 225 186 255 10 255 255
    249 255 84 249 255 255 63 255 22 255 71 255 85 255 255 255 255 20
    255 255 255 255 255 255 255 52 255 111 123 133 255 36 10 255 107 255
    164 255 147 59 232 159 162 255 255 73 54 255 249 182 131 255 255 255
    142 255 255 255 255 255 255 55 255 255 113 101 105 46 255 79 255 255
    255 42 255 152 75 227 255 255 255 255 255 255 63 255 255 231 63 147
    255 255 255 53 65 255 45 255 255 124 255 68 47 255 255 255 135 255
    255 159 255 209 228 123 255 255 20 255 79 38 255 255 10 200 131 255
    255 255 255 255 255 201 255 255 255 255 255 86 255 255 229 18 255
    187 93 54 153 38 255 249 43 255 207 221 61 255 255 157 115 43 255
    109 229 255 255 207 255 101 122 184 219 97 255 221 255 214 255 243
    55 255 134 172 141 255 139 117 255 255 255 255 255 117 255 246 159
    255 190 133 134 168 255 59 255 255 40 255 4 255 255 255 253 255 255
    255 212 255 255 255 223 255 36 44 160 232 255 101 255 255 219 255
    255 255 255 255 255 255 119 255 71 42 255 107 103 103 178 255 255
    255 109 203 109 38 255 240 56 198 255 255 97 208 153 162 255 255 255
    255 149 69 255 255 255 95 50 255 40 161 255 255 68 255 255 235 255
    36 255 12 151 161 164 255 255 255 184 255 255 206 70 255 119 255 40
    30 255 99 162 155 255 255 227 71 255 255 122 255 255 170 10 229 0
    255 255 255 216 175 255 161 127 255 190 255 255 71 255 255 107 2 14
    79 80 122 65 255 255 255 255 255 255 211 12 255 255 16 255 255 51
    255 255 255 255 205 255 222 255 255 255 36 119 244 255 237 69 40 57
    255 255 146 255 255 174 255 255 255 226 147 255 137 175 200 208 97
    221 91 117 67 109 111 255 255 255 132 238 255 255 252 255 47 255 255
    99 242 223 255 255 24 18 255 255 65 26 255 255 238 38 247 194 213 57
    238 12 255 255 255 0 216 255 255 255 181 255 255 255 83 255 255 69
    255 46 255 255 32 255 255 215 75 153 255 255 255 107 229 97 46 255
    168 103 255 202 64 255 244 0 255 255 165 255 255 60 180 172 255 43
    52 179 255 153 255 255 63 255 255 255 173 255 54 243 205 226 255 255
    174 255 200 255 255 255 255 209 132 26 255 255 255 167 255 26 255 16
    255 255 255 255 255 186 196 101 255 6 229 176 255 231 89 255 255 215
    255 205 119 255 255 174 170 163 255 164 42 140 255 255 124 255 245
    255 255 241 140 210 255 136 255 213 255 255 203 85 145 255 255 255
    26 59 133 52 217 109 149 255 44 117 255 255 131 77 255 249 138 10
    255 138 222 255 255 255 149 255 255 255 136 255 95 255 188 235 255
    255 117 198 255 255 255 255 255 154 255 255 130 71 58 109 255 101
    154 59 62 55 190 62 174 174 255 231 238 183 255 255 243 144 16 219
    255 208 103 198 255 72 255 255 255 170 255 32 255 184 70 255 115 42
    71 255 255 255 255 255 255 109 255 178 255 255 130 12 201 255 255
    255 227 10 255 255 212 255 115 255 255 255 255 137 207 91 255 136
    188 225 255 131 161 255 18 14 142 69 255 255 166 255 255 255 50 24
    255 187 99 255 255 255 200 24 2 159 255 255 121 255 160 97 117 192
    255 255 255 255</data></your_img>
</opencv_storage>
