<?xml version="1.0"?>
<opencv_storage>
<L2_diff>1.0470588140118969e+04</L2_diff>
<test_img type_id="opencv-matrix">
  <rows>100</rows>
  <cols>100</cols>
  <dt>"3u"</dt>
  <data>
    77 172 253 195 68 25 22 33 211 142 108 172 245 198 123 101 90 96 69
    202 250 154 135 3 111 6 230 171 53 107 54 204 105 21 82 102 91 185
    90 128 21 73 215 65 94 165 78 164 236 171 0 215 86 218 235 54 65 172
    77 54 88 242 230 185 110 48 14 171 210 48 160 90 202 55 177 150 171
    235 22 46 163 83 62 227 36 235 149 164 174 192 2 2 41 205 10 191 183
    8 205 218 118 224 171 252 40 52 187 183 15 147 88 29 68 100 48 209
    69 73 219 139 170 56 188 238 177 4 185 70 125 21 27 215 82 237 181
    134 231 122 167 69 209 186 140 6 100 157 184 98 13 198 9 226 154 13
    231 80 187 133 96 231 164 103 245 188 57 68 101 138 32 59 154 74 206
    13 248 161 36 22 17 127 124 49 39 130 168 230 102 6 128 44 198 12 64
    130 168 28 82 251 22 99 240 221 14 39 213 71 143 196 23 64 171 65
    202 222 189 150 135 250 246 19 37 65 238 75 166 14 247 13 154 96 204
    202 104 31 200 248 101 166 54 91 222 6 150 110 155 165 153 111 105
    33 109 27 133 99 62 163 7 213 63 241 48 227 229 238 73 2 152 142 240
    44 115 138 42 34 55 12 21 111 245 106 54 229 142 209 127 21 59 146
    63 69 22 173 102 131 244 255 130 2 80 92 145 158 74 18 128 162 111
    105 13 170 112 89 49 236 154 231 250 118 46 228 77 193 240 57 251
    214 96 101 187 10 224 176 158 166 58 187 33 114 32 187 145 101 21
    159 155 206 65 169 66 33 225 169 103 123 7 118 94 207 24 76 185 236
    191 27 169 170 92 17 229 209 29 86 203 211 134 117 235 252 162 213 0
    121 249 183 198 132 180 63 134 252 134 123 238 85 174 57 240 191 101
    217 214 122 50 203 113 244 243 210 114 118 233 249 231 70 139 110
    232 37 13 91 203 126 118 35 29 189 233 105 216 44 202 75 35 241 25
    213 226 147 95 228 65 18 48 5 173 252 99 30 72 160 57 166 244 125
    108 22 75 67 47 213 82 73 18 232 127 37 250 108 70 193 145 33 200
    238 86 119 231 46 130 235 231 237 203 81 156 13 49 71 101 171 227
    136 190 230 16 175 114 240 100 189 223 50 191 180 193 231 173 68 205
    170 47 159 227 108 246 137 165 161 246 253 242 1 137 113 254 119 238
    75 115 192 82 53 204 206 150 35 102 86 198 109 51 186 197 50 248 80
    187 23 95 48 229 187 109 247 12 255 53 94 56 44 161 227 0 5 137 181
    144 177 5 44 108 79 93 206 170 72 160 123 97 18 80 42 117 29 253 147
    115 113 26 107 146 192 182 75 141 30 102 221 83 130 236 137 159 239
    193 42 7 30 30 49 173 87 249 229 66 170 217 195 216 170 152 136 182
    143 27 105 8 183 230 245 250 247 175 4 253 193 191 96 59 12 81 201
    217 3 60 189 39 110 116 135 59 97 63 236 18 242 242 85 228 79 160 54
    116 237 156 253 130 246 121 156 216 184 4 215 203 165 143 142 88 203
    48 100 142 110 113 157 78 79 73 42 249 33 103 173 244 27 115 101 232
    75 129 99 184 80 224 179 9 52 192 67 87 91 70 46 82 47 46 8 232 44
    40 112 111 61 246 191 29 4 116 204 130 115 104 175 182 204 0 98 147
    255 20 126 43 223 221 183 54 232 208 9 10 107 140 83 142 219 219 161
    30 53 117 65 151 189 117 161 134 141 141 6 87 99 206 63 223 70 62 15
    108 190 151 100 25 79 237 39 181 170 142 101 139 113 217 164 51 139
    23 131 70 160 40 131 24 153 234 149 241 23 118 0 117 133 142 157 1
    250 106 117 90 59 228 11 118 212 224 246 223 249 131 59 95 238 16
    210 71 163 239 171 33 64 174 37 245 252 116 66 40 195 57 147 29 225
    3 30 93 107 28 185 71 89 159 217 99 79 186 147 195 163 95 22 135 223
    78 160 28 33 113 163 16 57 145 3 198 122 43 118 34 239 92 120 174
    222 16 224 228 209 79 24 119 49 173 49 8 76 193 118 18 37 24 10 223
    17 222 189 120 211 64 195 26 207 245 180 94 74 110 5 206 48 174 233
    85 194 163 21 223 17 18 58 165 239 122 196 171 13 101 65 26 104 216
    101 109 53 134 184 195 25 125 60 202 30 198 175 9 125 3 250 239 208
    39 69 12 223 156 254 109 12 102 99 113 166 132 246 5 172 190 187 115
    50 65 46 178 164 106 141 196 225 131 232 40 241 211 13 175 56 219
    122 247 161 245 27 10 163 38 176 143 29 34 189 47 128 197 13 10 16
    66 153 67 188 182 78 54 198 230 168 233 35 73 59 65 228 222 203 67
    150 118 134 118 47 237 196 97 169 12 235 82 169 212 121 87 202 229
    254 229 186 198 91 32 149 146 61 184 113 68 35 140 216 163 80 31 163
    203 143 130 13 221 216 216 173 74 195 210 41 153 92 140 139 54 81
    128 229 87 149 7 106 112 156 2 250 239 5 251 44 64 23 91 197 109 249
    234 211 140 1 215 222 233 77 243 168 185 156 16 109 241 50 158 28
    134 73 243 182 150 8 170 62 188 83 73 82 192 53 71 138 127 194 156
    122 13 239 174 212 240 149 96 216 73 204 15 2 150 90 104 0 115 92 5
    252 21 71 168 19 51 126 158 162 223 137 155 46 226 109 247 139 179
    232 248 78 123 170 125 139 10 233 175 116 111 63 184 38 135 181 50
    89 12 96 243 177 79 154 25 171 222 104 173 195 167 29 225 56 126 46
    28 25 14 181 62 153 60 1 67 115 117 241 118 108 217 32 150 111 159
    72 38 33 38 100 234 108 21 231 97 123 168 46 249 77 64 47 196 27 48
    76 76 224 171 119 46 159 9 65 174 36 77 115 136 37 22 44 112 87 168
    181 61 25 180 97 203 162 246 116 128 134 74 9 167 164 216 185 193
    130 62 96 66 162 184 200 221 63 136 121 233 133 12 2 133 107 119 14
    204 69 246 14 29 227 215 173 36 94 232 81 206 200 235 194 30 229 252
    21 35 59 226 215 17 72 164 118 37 1 209 47 151 224 194 68 241 122
    254 199 139 208 120 53 135 242 130 139 184 245 250 193 85 39 101 224
    42 142 47 164 115 89 197 83 112 176 208 161 1 33 46 67 236 232 185
    42 137 175 143 195 70 132 164 72 205 218 113 144 189 47 244 98 63 4
    149 175 21 150 236 239 136 209 182 206 191 96 76 255 104 238 218 33
    90 188 232 95 115 162 232 106 86 7 55 227 87 97 210 173 243 3 155 62
    208 248 240 109 82 212 135 115 19 171 52 37 141 56 236 195 151 248
    223 167 156 116 8 95 251 107 155 112 158 1 193 151 151 156 62 116
    172 15 82 37 204 144 81 29 201 72 147 22 138 217 203 148 225 34 241
    243 66 178 145 229 21 125 108 10 46 254 100 91 180 101 171 199 122
    12 243 212 183 37 247 82 111 108 198 47 203 32 116 33 74 214 128 31
    46 197 141 154 72 26 169 17 131 122 92 227 6 163 90 196 162 146 137
    131 135 204 90 27 18 10 107 203 196 22 8 92 115 191 156 248 36 147
    180 50 161 19 230 214 227 131 94 92 164 8 243 85 43 49 196 177 28 69
    155 229 199 154 16 210 195 69 33 94 234 59 248 105 84 95 187 236 104
    236 157 241 27 150 191 85 106 30 122 115 225 2 197 59 251 4 41 163
    51 234 65 216 8 2 234 152 20 147 154 137 127 9 31 77 184 76 147 231
    220 80 125 110 193 69 222 173 117 30 76 77 28 208 37 244 60 214 205
    202 181 167 104 75 186 42 38 205 169 167 233 194 192 172 125 186 212
    156 249 34 182 8 106 146 255 49 55 80 35 138 57 94 107 67 17 35 157
    21 115 166 66 247 126 141 59 226 58 11 211 175 132 147 61 74 254 202
    111 142 180 48 94 24 76 20 239 70 194 118 133 240 132 213 170 112 25
    60 247 203 115 104 78 3 119 144 139 85 105 112 207 40 126 97 94 133
    168 152 248 234 212 98 107 35 64 218 112 127 95 19 232 118 55 96 132
    172 7 75 56 87 205 151 58 19 74 86 5 177 206 130 111 249 111 198 75
    74 255 118 229 131 150 16 200 124 162 155 11 35 232 111 130 145 63 3
    115 140 67 225 90 88 103 231 88 120 203 201 252 36 138 79 146 249
    101 133 77 187 142 205 123 233 80 107 231 218 13 224 163 214 27 43
    133 81 121 6 168 66 204 60 229 179 96 139 78 132 168 47 10 134 25
    174 120 39 130 134 44 200 180 53 6 58 188 103 107 4 89 35 216 148 28
    241 76 85 28 124 121 28 155 85 89 21 51 6 90 182 42 203 42 243 88
    138 103 108 220 25 1 126 9 60 78 63 108 23 173 178 31 37 201 139 159
    92 27 23 193 147 145 214 240 162 186 24 89 85 111 141 210 173 60 229
    255 223 107 43 248 231 226 111 8 57 181 158 40 215 153 125 207 186
    245 178 248 122 148 255 93 18 237 151 45 206 22 50 171 188 5 175 103
    254 214 84 235 169 217 129 93 204 80 10 11 246 253 134 72 177 199
    186 227 55 251 104 3 171 105 158 178 51 205 112 233 113 109 133 82
    70 13 183 27 133 71 107 141 252 65 101 38 249 89 103 142 108 104 87
    9 232 57 119 7 89 248 51 111 205 119 54 206 103 214 189 157 67 8 165
    230 16 50 24 94 121 32 231 185 149 204 155 53 20 140 36 189 13 105
    129 146 96 94 75 238 11 116 34 60 152 205 1 202 25 20 76 169 189 55
    201 246 18 227 24 232 177 221 134 241 206 175 160 126 113 252 43 212
    66 148 241 94 10 118 194 91 51 4 198 225 178 253 227 46 25 122 193
    185 254 233 101 133 174 202 27 249 42 247 164 108 51 128 237 126 16
    113 194 43 95 28 87 181 5 12 48 243 69 177 154 145 63 94 102 230 151
    244 36 93 135 42 157 70 90 187 33 35 182 220 100 250 127 97 38 140
    119 161 68 74 196 53 80 253 178 197 45 77 199 251 175 195 106 62 14
    188 16 94 138 164 89 57 20 76 79 113 109 191 13 104 79 129 68 131 43
    175 6 94 151 86 224 132 157 136 150 228 161 71 51 92 29 125 253 228
    208 155 212 52 77 202 205 254 182 185 115 29 79 22 55 226 222 210
    199 69 91 119 89 208 1 182 182 135 73 193 206 129 163 98 100 211 182
    82 14 192 38 52 83 130 112 41 2 164 202 205 12 111 4 220 213 61 161
    10 28 143 251 41 202 64 94 78 173 189 40 77 9 6 131 86 250 73 125
    139 83 235 234 158 180 51 223 230 75 142 29 9 68 244 132 85 78 186
    58 199 123 106 119 58 209 242 78 148 83 120 29 197 70 0 237 172 207
    111 188 8 148 212 58 234 217 63 102 159 129 102 57 150 185 105 51
    221 197 121 24 84 88 132 7 102 246 187 173 7 36 5 244 112 56 84 211
    242 234 78 35 157 173 108 244 209 176 66 135 168 136 112 251 152 103
    192 59 75 26 207 111 193 55 168 207 59 33 13 71 13 126 64 249 107 67
    93 143 151 52 192 219 160 75 7 174 131 112 0 16 129 54 134 12 86 103
    149 213 8 106 27 233 208 218 40 92 198 66 115 161 107 147 107 121
    177 197 26 228 44 115 204 215 17 238 140 83 10 94 4 163 6 193 4 52
    122 116 99 205 13 55 101 136 71 97 156 99 200 20 119 154 18 80 128
    83 230 177 49 156 111 223 79 58 85 120 78 70 253 98 16 69 247 33 92
    193 75 210 125 21 80 89 51 163 32 163 18 203 139 230 241 230 155 24
    188 186 69 109 245 30 17 104 231 143 229 15 125 78 97 252 238 186 84
    245 234 24 232 222 254 74 48 54 106 49 141 39 164 31 66 51 83 59 136
    98 255 41 101 187 19 160 126 46 210 0 63 75 109 108 139 30 171 13 43
    172 216 74 171 130 225 202 190 170 0 59 254 215 140 105 82 235 192 7
    241 122 18 168 219 207 23 119 57 84 48 206 133 227 248 35 115 49 98
    69 18 108 36 101 157 124 237 84 235 232 46 77 51 18 24 116 9 253 95
    5 210 109 101 194 8 210 82 77 222 176 239 56 112 35 96 204 186 254
    59 153 82 158 207 213 4 245 27 159 87 48 42 2 50 3 11 46 1 222 17 74
    168 32 114 148 174 228 65 0 243 137 199 228 87 66 49 117 166 47 215
    25 55 203 83 53 67 17 116 224 187 246 104 2 109 248 48 105 11 35 37
    201 214 27 183 229 67 160 162 181 132 111 147 51 180 235 128 9 77
    106 127 205 191 44 64 23 76 237 22 140 27 150 233 114 198 51 170 114
    23 85 212 73 77 126 13 167 65 176 233 178 215 116 71 86 223 100 97
    183 221 195 91 2 68 223 138 145 229 127 201 55 183 31 210 248 55 6
    155 70 216 173 71 118 237 251 166 163 17 56 248 1 32 13 66 244 105
    214 112 82 145 114 6 68 10 70 47 32 72 177 91 184 191 136 17 41 23
    174 88 196 147 217 69 62 45 223 113 35 209 52 55 44 26 250 98 173
    223 64 220 243 110 150 180 90 176 42 198 226 35 34 133 215 56 254
    235 17 103 236 77 151 79 31 49 18 208 185 48 132 149 201 150 77 245
    109 179 203 250 83 16 11 64 56 43 95 39 129 235 80 120 143 7 41 17
    49 199 99 98 249 185 160 251 79 148 226 87 38 90 167 9 236 121 249
    108 120 138 85 102 90 122 24 209 76 202 167 81 106 199 64 71 0 140
    234 231 176 221 101 124 241 92 234 47 95 80 9 81 246 199 73 194 28 8
    85 243 32 186 192 62 44 69 88 181 188 245 224 26 60 183 239 84 41
    242 13 87 246 145 165 109 80 230 222 223 176 122 201 137 116 56 184
    214 70 93 48 107 212 87 103 120 3 207 29 16 118 178 116 101 89 26 52
    134 73 158 130 122 30 30 107 122 13 166 3 37 104 152 68 199 36 223
    26 181 5 110 111 2 11 27 192 202 96 220 7 136 169 9 196 90 167 7 229
    247 61 68 5 67 16 130 254 122 245 246 42 253 200 102 190 22 146 170
    231 133 238 52 255 81 90 176 219 253 81 58 113 197 71 72 20 72 133
    219 173 249 23 129 79 32 240 46 206 0 128 170 153 240 133 25 56 201
    67 222 26 151 254 194 157 168 79 73 155 55 11 255 93 111 45 107 238
    84 12 57 212 232 211 221 169 38 207 128 31 20 190 54 122 88 190 29
    55 84 194 240 53 82 137 172 158 147 170 84 91 158 241 80 75 150 44
    12 29 252 207 170 105 69 144 73 154 24 245 28 57 126 82 111 148 148
    36 164 109 132 66 235 178 103 206 183 160 147 26 217 156 27 190 200
    163 232 5 26 144 254 248 55 132 204 215 184 177 27 72 23 168 90 84
    199 36 33 70 142 26 74 181 118 108 29 26 181 139 238 22 125 108 54
    248 204 88 20 159 124 138 8 128 107 118 170 28 249 250 240 82 124 84
    139 133 93 61 15 84 110 103 182 224 3 40 181 166 35 17 50 44 53 250
    218 215 23 183 54 51 175 160 235 80 124 163 18 141 204 163 239 97
    130 70 181 247 158 109 79 112 235 83 149 20 95 233 6 73 184 156 219
    16 56 14 72 174 147 34 113 124 172 39 248 47 51 122 9 179 13 198 177
    81 124 70 89 243 15 39 123 207 251 16 150 203 56 104 101 27 85 131
    119 244 214 5 241 136 147 75 102 59 177 50 49 103 72 60 175 57 243
    104 241 254 84 29 193 196 253 158 199 236 240 216 86 105 32 76 245
    123 137 144 11 214 107 243 67 151 218 22 175 142 146 122 2 171 33 50
    202 199 204 118 60 243 149 224 62 128 227 49 216 219 133 102 246 220
    199 79 48 211 54 124 251 46 253 211 240 196 71 97 53 68 152 82 39
    198 179 155 6 200 87 118 172 215 62 50 225 71 242 105 160 35 91 174
    126 53 115 57 81 71 69 175 144 241 237 223 145 162 28 96 222 96 209
    38 100 44 121 192 74 218 38 83 45 48 202 104 245 130 60 12 138 173
    234 216 225 203 26 171 147 7 156 2 11 120 31 92 45 190 227 249 110
    32 217 147 64 78 106 59 141 193 136 63 118 200 129 209 88 173 61 66
    160 103 67 36 252 18 81 60 217 120 176 164 39 29 133 221 188 244 197
    181 11 17 116 216 142 178 25 225 92 236 229 13 251 112 79 154 189
    168 10 195 20 217 209 241 83 213 51 34 188 152 113 51 254 89 239 199
    189 134 139 198 208 186 242 184 205 15 114 81 69 213 92 121 149 173
    15 71 57 98 24 92 188 169 223 175 32 194 242 155 195 45 250 104 192
    251 174 155 3 112 61 26 75 153 108 216 182 1 109 238 16 62 148 5 90
    63 239 56 72 69 103 139 22 107 193 101 82 64 144 247 232 202 92 27
    166 175 64 147 121 185 214 232 197 41 175 141 75 123 67 71 81 151 42
    106 200 64 56 152 244 107 107 203 5 195 153 1 233 251 233 33 125 76
    115 135 159 101 187 236 21 177 24 69 248 49 45 17 12 227 31 245 164
    139 168 120 9 118 165 15 202 62 84 210 2 188 116 254 1 207 183 21 88
    144 58 206 156 28 211 142 31 62 175 42 35 75 255 75 48 206 8 65 228
    191 150 121 250 76 69 100 204 212 231 78 99 42 201 27 152 16 33 132
    65 48 15 99 222 196 96 22 123 200 154 46 254 174 139 65 66 140 212
    225 213 140 88 184 222 177 84 77 55 58 125 78 56 189 237 100 196 203
    90 254 131 14 116 115 67 42 9 213 231 147 37 156 163 188 24 158 78
    120 114 169 10 249 127 167 169 113 21 166 39 62 207 26 42 104 200
    229 57 183 113 230 89 61 38 40 29 9 150 139 130 142 116 246 212 191
    3 61 94 106 126 89 9 63 95 218 32 145 24 239 60 98 183 97 123 10 198
    240 231 210 208 24 16 10 12 82 238 5 93 238 191 63 15 158 80 125 101
    177 200 189 98 29 209 255 125 117 175 191 199 217 30 81 238 230 70
    51 63 8 79 31 118 17 129 10 41 161 49 13 88 201 137 32 225 61 178
    103 86 247 208 76 73 68 136 98 154 90 47 92 210 127 85 197 74 231
    215 3 26 87 114 255 178 144 70 213 75 129 58 162 251 56 143 62 56 35
    183 159 214 68 56 55 86 104 92 198 65 132 171 174 24 240 49 107 216
    16 22 127 202 27 123 76 206 218 123 207 44 71 122 116 81 0 84 195 68
    162 73 26 52 96 198 12 133 181 61 93 39 221 185 17 161 150 204 32 33
    151 13 129 63 251 230 148 35 76 213 125 54 36 200 155 10 22 34 47
    254 47 97 185 229 202 145 224 18 137 71 161 4 40 0 252 241 87 220 60
    182 46 75 167 19 188 206 165 55 243 181 191 94 25 124 157 59 19 178
    44 89 200 160 24 57 210 0 213 104 28 61 175 82 221 132 6 143 242 227
    51 54 26 56 109 66 148 239 235 7 181 216 179 34 74 252 13 156 130 74
    249 104 76 95 223 94 28 155 19 144 22 197 163 221 175 223 189 89 208
    241 233 89 68 11 221 84 69 162 234 200 214 43 49 175 7 133 94 184
    158 234 190 239 161 123 219 177 79 103 125 32 173 63 195 100 69 235
    84 212 105 248 253 65 16 38 186 114 78 12 236 149 29 98 109 42 37
    215 187 195 211 46 201 60 157 220 178 216 133 71 226 63 196 39 93 68
    88 96 51 153 85 247 54 18 145 60 70 194 215 50 131 49 132 70 22 51
    218 40 163 6 19 33 92 202 9 88 128 26 90 70 129 209 163 114 26 199
    98 159 163 234 107 11 56 91 160 110 120 151 101 19 81 15 90 253 103
    36 47 9 10 59 242 73 208 29 169 208 137 146 7 171 147 51 5 46 187
    139 44 142 90 53 108 127 216 62 224 173 12 93 200 181 205 144 95 196
    200 11 117 139 148 1 198 26 244 54 0 233 37 244 68 47 224 190 40 82
    134 149 94 30 245 121 42 175 114 168 144 189 209 47 181 230 72 196
    211 8 251 40 158 42 124 0 91 26 244 189 149 160 151 118 233 102 228
    217 220 96 15 85 203 19 126 14 117 60 5 44 97 85 110 5 173 209 226 6
    185 82 201 50 213 53 15 113 166 20 20 21 30 187 65 233 69 149 192
    184 97 242 107 39 68 74 250 153 71 136 117 27 226 95 20 109 101 205
    30 199 11 212 67 126 5 174 114 193 39 180 114 13 43 29 86 187 162 55
    68 129 64 161 181 196 49 36 142 24 237 5 92 12 205 169 5 55 45 30 82
    196 238 176 78 167 176 28 113 208 94 215 16 20 241 243 52 38 246 2
    44 140 189 1 116 174 79 128 164 186 207 35 168 172 19 6 89 209 155
    56 238 40 215 58 89 154 178 90 215 115 160 9 247 37 237 142 20 211
    16 244 54 27 206 230 39 173 137 167 230 168 192 13 109 102 232 13
    157 50 217 68 238 69 46 73 106 58 47 201 149 56 124 118 221 101 126
    178 219 30 157 118 101 138 13 210 100 11 237 202 146 62 247 17 149
    201 144 235 59 118 179 54 90 6 175 174 97 115 124 119 152 211 190
    209 144 49 142 195 182 107 141 30 198 194 153 113 180 190 174 194
    129 36 8 235 26 205 247 4 80 38 79 147 185 184 105 79 207 232 240 56
    199 57 100 131 159 177 114 27 174 13 182 170 182 186 214 26 53 79
    236 254 44 65 238 71 58 155 138 147 221 28 120 6 51 102 80 117 4 173
    124 65 85 61 134 171 242 66 98 76 67 183 156 139 52 44 141 90 37 57
    202 233 10 185 233 149 246 226 219 89 98 137 69 71 147 135 25 195
    132 39 183 136 65 161 28 130 201 183 12 83 115 220 52 154 203 247 38
    112 40 147 215 171 151 188 237 119 253 37 4 247 123 83 105 38 49 2
    52 222 145 148 47 242 140 71 120 187 204 254 171 252 104 200 63 108
    250 58 155 235 124 147 93 88 84 110 173 243 95 83 205 114 139 87 240
    91 36 130 198 43 238 153 24 186 40 50 130 100 187 86 201 18 210 183
    227 121 10 23 225 145 169 140 92 144 192 6 16 81 100 234 121 146 192
    108 159 187 60 223 146 76 132 210 197 143 47 131 224 22 20 138 124
    19 248 73 94 93 163 68 55 163 89 45 91 230 182 36 70 65 153 46 27
    229 14 26 8 101 3 126 1 236 112 242 127 24 31 170 44 126 10 166 235
    48 0 221 58 17 197 7 52 2 241 198 57 7 153 235 162 15 183 33 34 215
    134 201 145 61 134 6 57 1 41 141 110 192 109 234 46 187 168 13 235
    119 160 76 82 103 184 68 130 44 165 38 35 171 75 137 21 205 57 203
    88 110 223 159 245 167 32 211 77 87 141 40 111 25 247 30 98 226 32
    182 65 201 249 152 102 243 49 194 154 207 133 49 59 35 185 177 130
    21 102 141 134 120 163 231 229 110 22 70 140 155 189 108 137 77 250
    189 196 157 236 109 221 122 182 55 58 180 159 125 192 10 60 107 255
    124 54 165 185 169 61 36 105 191 128 224 183 202 8 133 29 0 122 157
    37 173 243 244 128 64 74 218 119 187 224 10 220 82 61 147 183 183 32
    6 121 207 35 241 31 28 90 145 77 124 220 99 169 234 148 230 233 215
    253 112 72 229 89 78 41 176 119 109 39 57 222 237 251 93 136 125 226
    233 26 211 255 184 216 159 212 46 121 105 172 87 5 125 182 115 184
    140 185 8 250 22 40 106 32 125 111 134 113 98 143 143 19 214 215 66
    239 40 27 182 178 170 134 121 190 231 170 245 240 19 230 61 250 251
    252 186 166 188 223 145 47 241 222 42 22 118 0 84 245 181 171 254
    147 25 211 202 203 63 69 57 32 184 3 36 64 213 194 95 184 153 192
    179 196 157 28 242 130 12 172 231 159 110 84 132 76 216 220 243 27
    102 76 73 73 193 151 157 237 240 183 103 209 24 128 170 244 170 156
    42 15 89 157 87 61 154 153 225 70 189 158 152 59 32 100 152 198 164
    228 86 142 188 39 193 14 75 173 52 183 170 139 214 226 91 151 226
    148 105 28 191 180 23 23 171 61 97 176 139 56 31 106 86 214 84 117
    224 38 70 218 168 97 173 170 238 201 139 83 154 38 161 57 92 43 35
    147 241 167 170 92 255 66 154 248 128 127 140 60 11 122 94 4 243 30
    79 160 169 201 24 230 18 147 255 134 46 177 106 156 101 185 234 11
    92 99 102 76 146 204 158 51 182 142 84 127 86 147 86 77 174 116 255
    141 193 221 234 231 95 238 31 247 14 0 180 146 239 137 35 218 113
    131 206 75 45 70 61 119 62 249 29 129 157 152 113 124 234 174 76 238
    21 47 230 42 85 64 115 134 45 255 229 40 117 79 30 113 50 73 93 49
    38 145 242 225 114 245 211 89 44 155 91 44 105 167 133 79 33 223 208
    224 31 165 174 188 190 114 80 109 92 221 61 101 215 57 170 228 59
    103 26 169 177 95 54 62 215 162 171 29 141 149 234 31 250 252 119
    121 184 183 253 181 199 165 7 38 153 72 220 181 43 212 53 133 147 88
    22 148 16 112 122 34 57 225 168 85 66 253 39 110 118 58 207 90 105
    238 143 205 221 39 184 108 138 90 85 37 100 57 188 216 16 216 91 101
    100 162 64 248 8 22 57 234 147 9 116 86 192 132 138 230 199 64 213
    145 167 194 233 194 45 226 235 63 67 244 195 181 129 202 150 35 54
    162 53 50 42 28 160 17 104 187 43 106 145 2 222 254 12 212 77 80 49
    26 37 2 143 64 130 166 235 75 83 77 49 65 233 51 224 85 93 9 100 204
    81 202 176 100 237 190 71 85 183 78 154 9 194 118 51 6 134 134 253
    87 88 119 234 107 48 21 75 215 240 63 150 145 171 90 110 215 235 69
    162 156 132 219 29 141 108 155 110 140 209 179 216 170 71 197 157
    186 101 101 153 71 21 17 6 159 127 30 113 96 134 142 172 166 237 217
    90 126 70 153 198 236 23 91 201 15 220 120 91 20 128 197 194 24 120
    222 57 248 134 233 213 42 6 119 89 158 173 205 137 12 87 208 12 151
    105 98 163 116 133 67 193 63 221 58 127 33 69 198 241 84 253 249 148
    148 81 219 32 90 124 0 29 59 67 30 60 28 24 211 220 237 248 193 139
    254 140 77 41 224 63 150 228 102 121 191 232 69 87 49 177 119 54 91
    52 227 209 188 172 85 79 45 134 241 168 223 72 84 234 125 228 45 90
    224 239 37 123 72 200 209 218 43 233 200 45 252 36 203 89 226 221
    166 119 99 24 4 22 44 132 251 205 222 152 29 140 76 123 166 97 141
    146 194 177 179 181 170 55 158 211 92 252 189 134 83 27 221 195 153
    147 74 204 162 160 147 26 180 192 219 94 66 187 44 150 9 54 100 139
    221 27 167 200 145 37 220 240 104 28 99 4 209 59 4 39 198 66 252 93
    209 240 60 158 74 225 20 214 101 162 152 42 40 163 55 79 237 64 107
    172 167 179 112 21 133 49 44 17 68 219 101 223 37 237 40 4 90 143 11
    10 239 20 18 88 240 237 91 39 45 110 18 122 28 130 145 192 150 253
    67 102 54 142 95 188 17 160 47 2 211 9 157 19 224 168 250 83 128 53
    62 217 197 53 14 7 225 86 126 171 27 235 190 238 167 122 82 210 161
    112 68 251 198 163 205 195 229 123 192 61 246 23 169 236 228 211 74
    20 74 219 119 165 109 178 95 139 52 52 5 149 90 93 87 149 5 100 43
    88 232 115 108 63 191 28 167 6 249 192 38 59 70 94 222 7 25 241 186
    137 18 116 82 65 142 178 240 200 105 4 133 40 55 64 110 150 213 171
    247 191 219 34 107 122 60 132 182 172 214 119 190 117 50 4 238 182
    120 43 103 27 25 250 194 155 20 43 15 91 78 222 55 253 189 22 166 28
    116 204 87 255 132 214 210 185 156 180 73 109 175 164 79 12 57 146
    215 192 32 245 238 37 143 136 1 242 136 132 216 83 155 45 219 73 43
    60 166 87 95 152 246 115 209 110 238 192 82 193 13 236 223 3 145 72
    179 41 242 202 129 77 1 133 139 194 145 130 74 140 28 129 189 161 49
    202 67 8 51 122 189 96 191 54 57 144 229 130 56 161 219 206 9 193
    163 111 156 1 219 177 150 171 211 149 31 233 1 236 125 63 37 237 126
    27 161 71 87 154 229 211 100 123 134 154 231 98 15 22 112 188 138
    132 130 10 63 201 11 231 11 68 251 45 172 137 226 61 67 177 1 180
    173 157 29 115 137 69 67 7 237 227 220 144 252 133 35 203 12 139 177
    81 153 200 165 118 250 57 236 163 203 236 57 169 165 47 192 143 144
    175 163 37 177 81 31 5 214 135 223 6 48 172 228 120 34 137 255 13 46
    247 156 130 242 117 157 63 17 152 249 85 73 206 109 3 218 94 102 104
    180 59 167 53 128 246 39 59 192 107 106 161 4 210 112 51 45 208 34
    207 224 144 210 146 31 76 61 154 46 77 214 12 76 96 27 132 113 239
    117 30 140 72 30 177 60 196 58 57 153 15 180 12 175 224 54 103 44 8
    107 32 209 13 66 175 246 19 203 97 13 76 36 62 168 241 219 36 54 245
    165 243 153 168 87 126 160 218 139 119 8 158 230 8 198 89 4 160 6
    177 62 223 45 18 142 242 11 31 35 84 215 39 75 21 171 142 215 76 2
    200 82 53 16 111 150 139 98 236 120 169 113 109 157 5 188 20 159 36
    72 105 241 50 55 34 96 37 66 22 236 135 215 198 80 42 165 70 196 158
    82 76 160 126 93 37 234 193 1 17 70 228 224 228 153 230 199 246 1
    182 149 199 25 65 201 98 90 169 186 174 83 216 185 63 214 163 199
    169 80 249 157 181 167 29 233 174 47 191 201 191 153 200 254 192 8
    239 40 97 2 10 40 238 77 224 36 142 177 75 19 130 70 83 108 45 34 57
    204 118 59 145 124 201 222 190 191 99 248 222 81 216 94 17 47 156
    130 231 116 117 233 149 138 76 150 75 160 163 205 42 161 149 251 191
    247 234 209 190 201 244 4 119 245 229 92 63 249 255 67 201 223 249
    93 156 72 181 89 188 127 174 245 0 134 120 250 187 28 197 76 174 54
    183 102 215 98 145 44 50 237 106 245 185 122 109 234 68 176 63 216
    46 73 183 55 228 227 122 114 118 109 17 42 233 77 16 17 181 114 230
    5 41 127 115 252 183 135 127 143 108 119 78 143 152 129 250 127 97
    87 70 143 126 74 131 193 79 65 225 68 109 52 38 35 156 120 98 231
    225 192 246 14 97 59 250 81 40 148 30 156 97 247 211 113 61 116 53
    219 59 168 110 93 223 114 120 212 16 15 156 136 191 17 229 178 79
    144 73 125 220 100 153 16 248 77 161 99 145 169 148 197 111 161 173
    200 160 43 32 254 1 121 26 221 136 51 129 149 151 255 217 18 117 143
    126 201 29 180 126 136 52 191 33 131 129 30 107 30 78 61 227 149 186
    220 70 127 144 205 63 115 34 225 216 190 193 73 169 26 216 223 178
    89 221 223 143 29 52 180 143 81 190 216 195 151 233 89 81 96 251 235
    116 164 48 241 254 59 225 248 132 105 100 144 253 252 141 65 173 191
    169 94 37 44 230 90 135 234 246 160 217 218 181 157 182 133 58 44
    227 211 183 44 234 180 223 13 242 182 166 110 34 226 68 78 100 226
    206 179 52 160 35 234 210 78 129 103 192 198 66 197 185 232 22 213
    131 42 181 107 165 70 100 113 226 189 73 216 207 8 227 15 220 98 244
    239 37 208 82 101 48 154 133 245 24 230 233 21 44 125 28 29 170 235
    152 170 44 193 44 152 166 241 181 15 130 171 249 212 7 31 78 19 66
    133 76 48 85 48 124 72 238 216 75 71 185 196 182 86 160 91 225 247
    89 251 178 181 152 237 119 83 198 112 43 12 182 210 249 39 194 181
    213 98 166 9 37 83 100 19 223 33 137 229 114 141 35 112 208 74 186
    62 73 145 35 212 112 232 93 192 241 95 213 85 31 141 73 173 223 117
    79 76 144 0 155 103 228 148 181 234 173 204 63 76 124 235 209 128 83
    214 184 147 221 185 114 227 229 92 254 164 58 165 198 96 176 38 237
    97 79 141 176 107 253 133 60 60 227 197 222 59 222 15 129 82 92 27
    222 83 165 26 231 86 14 200 67 124 218 160 186 48 19 5 165 81 89 104
    86 216 150 146 205 18 232 1 107 112 239 152 62 16 2 230 106 111 236
    107 94 75 115 160 139 16 112 223 227 209 146 102 234 222 111 48 73
    212 160 22 18 228 79 57 176 70 177 200 166 104 38 130 59 182 111 67
    125 94 144 84 0 243 85 188 199 73 85 183 49 188 119 203 77 81 75 186
    128 83 163 198 94 218 210 44 155 73 112 216 212 45 118 81 244 36 101
    91 135 117 72 118 82 105 33 177 166 78 234 164 67 126 47 228 69 169
    23 226 250 205 163 88 10 161 210 138 137 202 235 135 230 79 222 148
    205 36 253 198 182 240 237 225 10 74 34 37 139 52 133 121 246 55 189
    252 77 115 105 151 144 42 190 158 218 254 38 74 246 201 169 123 200
    40 46 201 22 10 182 246 142 110 131 151 144 171 18 115 176 58 112 2
    49 239 250 223 84 158 185 33 103 56 89 73 34 52 89 40 77 199 35 30
    19 248 139 206 71 41 78 196 114 206 199 157 159 121 14 107 107 222
    186 86 251 152 117 115 208 139 160 30 239 104 125 160 35 163 254 60
    249 34 71 132 7 113 186 187 213 201 252 135 83 90 99 203 150 47 27
    132 127 121 155 119 220 231 106 58 212 93 247 66 206 173 196 246 185
    171 135 73 120 226 135 192 225 227 184 84 27 57 107 150 23 195 18
    223 204 161 179 212 225 158 27 16 7 231 38 47 56 122 52 149 207 202
    209 160 31 193 64 107 135 150 202 101 202 95 90 141 243 81 254 29 55
    185 127 161 186 77 60 173 154 175 203 3 45 186 192 249 119 239 71
    182 14 235 227 24 193 106 2 54 248 195 2 97 152 70 76 138 254 60 194
    227 149 190 202 155 210 160 38 153 255 121 116 134 131 184 254 237
    251 254 236 159 79 183 107 180 75 230 158 243 209 5 174 250 157 78
    185 233 147 112 93 46 237 161 1 241 63 250 247 169 247 100 172 16
    220 198 98 23 72 251 17 61 208 35 70 4 155 96 255 213 169 184 159 16
    211 243 193 99 223 247 233 95 61 131 156 162 49 31 227 161 122 13
    174 234 129 208 4 152 184 192 35 248 44 253 158 197 54 251 145 18
    244 165 198 15 1 220 253 184 203 83 138 145 25 130 39 40 128 202 35
    162 74 160 37 41 153 178 229 231 111 200 151 54 152 177 161 144 149
    70 87 87 156 212 159 108 189 206 140 212 180 229 75 35 49 158 52 112
    198 100 132 67 87 67 173 223 185 63 177 217 162 67 255 203 230 230
    23 23 63 195 165 141 246 220 224 205 88 107 33 58 123 9 30 164 130
    180 122 188 37 15 189 203 109 112 30 91 71 36 15 93 110 236 115 139
    43 124 69 96 51 79 139 95 160 247 249 221 56 41 141 163 119 98 125
    54 152 28 220 191 67 219 230 27 182 54 89 245 32 18 125 247 31 66
    176 108 76 3 20 166 115 46 40 19 221 203 225 192 238 24 159 48 250
    130 119 218 225 245 253 90 154 124 58 18 234 249 154 134 75 109 246
    114 63 188 224 217 117 232 143 54 136 252 150 40 8 97 239 19 208 51
    52 34 191 75 152 217 187 220 105 50 88 90 133 53 212 152 176 85 83
    100 18 212 231 79 9 209 200 199 194 3 98 237 202 45 194 203 125 162
    50 232 219 63 42 129 66 187 103 34 207 191 246 247 84 141 30 249 191
    112 249 163 69 140 236 150 190 104 121 91 233 23 92 239 214 77 227
    233 201 71 193 105 174 165 148 37 210 47 64 176 211 98 31 14 141 71
    72 21 111 57 227 9 172 117 10 1 26 175 212 180 252 72 110 152 197 29
    231 95 131 237 213 222 239 147 113 39 72 159 140 62 86 220 14 236
    119 148 155 189 20 170 175 72 64 11 108 184 157 92 206 7 248 169 89
    177 54 100 213 181 113 146 91 69 91 42 88 81 202 186 121 29 23 247
    148 48 54 197 157 180 238 236 211 24 12 219 158 122 193 165 241 216
    69 93 241 37 171 35 218 112 29 189 48 88 7 222 155 90 151 110 49 146
    102 37 185 170 215 253 143 214 61 177 64 118 188 33 37 41 183 248
    110 215 226 164 115 249 108 175 206 203 234 105 99 161 203 81 16 70
    112 247 185 113 188 34 117 4 208 95 142 147 83 194 31 235 46 38 231
    64 212 67 30 198 67 161 133 193 107 149 48 148 40 150 172 188 153 23
    91 96 232 255 75 187 158 209 118 204 62 74 54 75 213 180 203 162 118
    244 90 28 66 86 254 94 193 6 8 87 113 207 137 126 154 32 207 21 216
    169 77 164 110 56 5 149 130 169 108 233 174 217 75 91 14 219 81 234
    105 14 227 159 27 124 129 52 192 214 189 109 232 19 161 191 70 147
    128 215 203 80 7 236 157 147 118 103 132 2 60 54 94 162 33 54 220 65
    212 88 27 163 100 23 117 110 202 118 101 216 25 138 185 7 190 239
    165 19 219 126 113 7 62 67 112 161 31 101 221 91 111 170 238 187 82
    206 161 117 192 130 135 23 180 59 45 242 37 11 248 27 27 135 242 132
    183 239 124 126 38 0 138 8 100 13 117 7 81 255 163 194 211 137 78 90
    61 12 10 246 42 131 181 241 39 5 189 136 197 248 92 103 27 223 233
    146 235 208 74 162 180 250 2 230 158 16 190 210 194 150 199 193 251
    55 51 151 240 149 84 97 181 185 248 123 203 74 117 113 1 19 174 82
    65 217 106 159 198 186 92 75 43 217 42 47 152 154 81 204 28 2 30 3
    252 141 2 37 123 215 11 131 76 159 243 5 84 136 230 196 219 74 43
    202 135 178 120 246 168 45 6 201 145 180 63 41 48 227 239 233 111 93
    10 121 246 227 180 37 129 12 35 76 251 242 131 183 255 92 184 111
    209 130 224 69 217 50 33 163 125 179 31 53 108 231 153 55 116 171
    153 119 27 107 197 224 60 27 193 23 165 43 206 72 139 119 146 63 157
    45 194 121 148 32 130 104 220 195 44 66 156 170 249 157 115 190 74
    21 84 228 15 156 105 21 61 227 148 122 215 19 120 118 153 129 36 177
    148 227 19 153 216 89 252 184 5 54 51 193 230 79 129 48 170 131 230
    27 162 42 203 129 102 136 88 44 127 186 43 215 10 37 22 105 16 244
    77 73 157 49 69 248 28 82 156 9 60 138 128 25 20 107 144 226 49 193
    179 133 214 127 126 155 122 254 177 69 229 42 44 245 60 236 64 82
    158 236 103 130 211 154 53 227 125 156 89 155 246 163 27 48 93 208
    171 209 226 202 211 47 20 175 171 110 243 150 182 91 42 151 160 42
    74 189 0 1 88 35 199 193 97 96 19 136 0 44 207 58 200 46 16 194 44
    110 248 82 25 12 83 201 241 89 136 125 117 3 165 255 210 141 78 120
    16 232 126 98 228 35 77 253 13 231 131 206 65 128 85 125 186 15 50
    70 11 104 89 162 36 50 129 113 2 177 186 57 92 243 77 97 89 60 199
    45 15 98 97 70 202 249 206 62 20 164 164 235 255 51 182 221 151 124
    124 215 226 170 51 87 135 6 174 49 69 27 27 245 16 163 194 204 137
    129 72 211 111 75 51 170 104 109 96 97 156 83 183 105 124 30 80 24
    219 234 242 245 53 128 200 151 132 186 244 74 108 38 92 235 33 232
    184 49 62 96 88 111 10 45 37 118 115 207 77 47 251 215 33 216 56 152
    124 4 93 231 25 227 126 208 184 239 73 50 20 17 14 151 169 122 215
    27 12 45 236 228 24 10 153 23 67 39 199 180 48 139 85 188 219 176 72
    224 78 26 194 67 9 37 113 152 209 189 169 204 220 151 75 101 110 31
    73 118 52 20 79 148 60 6 103 43 193 198 4 194 185 243 161 120 1 187
    63 70 172 115 8 214 189 42 131 252 82 241 182 2 148 186 131 162 162
    107 90 151 93 180 157 235 181 20 145 62 195 235 178 225 150 168 210
    43 154 206 51 213 33 141 80 143 170 64 151 65 161 201 185 50 136 231
    116 170 252 45 195 201 218 180 183 114 39 104 106 251 80 133 70 209
    121 122 204 180 49 182 16 74 212 235 125 88 140 185 28 216 38 73 36
    44 233 227 159 99 249 22 135 178 103 192 11 119 151 107 85 0 61 117
    139 65 195 0 31 112 222 196 13 182 106 86 7 95 173 200 84 49 11 97
    164 13 201 100 126 211 151 73 155 182 117 20 198 96 185 177 132 115
    59 86 72 38 210 85 182 72 90 30 29 14 168 161 136 190 151 252 225
    221 214 204 110 57 131 159 94 167 10 115 80 130 244 119 100 213 48
    63 186 147 92 50 116 167 203 140 232 141 24 8 223 105 118 4 92 42 76
    21 6 13 83 218 64 227 104 190 4 36 113 192 200 181 249 186 255 178
    226 21 218 206 36 80 45 107 77 138 53 23 67 157 116 165 192 170 93
    65 142 219 98 108 77 106 25 78 246 136 39 11 15 113 200 9 80 71 15
    75 195 82 89 237 127 7 69 95 241 180 2 49 134 186 197 81 38 221 91
    143 121 33 194 171 8 151 82 200 246 149 40 85 191 171 242 177 104
    205 49 57 46 223 135 119 43 234 101 234 144 255 7 78 61 112 225 107
    30 11 228 103 30 36 52 116 65 167 33 12 81 244 172 14 43 121 239 24
    154 139 6 29 250 43 82 77 216 236 226 234 44 136 151 194 224 83 46
    58 62 225 17 145 150 15 123 75 150 219 108 60 114 125 71 24 88 103
    244 33 243 85 182 157 227 128 22 92 4 130 133 133 46 58 199 16 67
    117 20 22 128 165 231 153 44 64 246 103 152 9 130 74 237 115 2 52 97
    154 128 98 209 203 7 189 121 194 19 102 57 191 15 108 250 237 147
    249 177 252 30 30 106 108 130 194 55 180 80 132 133 209 255 190 212
    143 14 76 26 184 147 24 92 47 30 222 205 157 247 56 63 174 137 64 79
    39 130 228 188 113 79 181 219 207 240 200 110 170 128 248 168 60 220
    186 120 131 97 22 241 41 98 229 110 216 16 204 211 226 220 45 1 78
    40 54 225 197 117 10 58 50 3 211 253 18 247 16 246 236 224 198 95
    241 105 113 143 78 183 149 93 21 182 7 197 114 113 162 47 248 197 85
    200 254 204 33 37 81 238 94 202 111 146 207 223 219 183 75 89 21 96
    252 4 29 86 198 30 64 77 5 53 163 134 172 63 5 143 85 114 183 107
    160 213 252 43 212 154 81 121 120 219 227 240 177 18 243 62 203 143
    224 112 54 47 97 136 87 56 205 68 208 194 118 182 211 227 225 193
    200 185 202 23 30 112 254 135 62 67 192 115 67 195 165 255 218 115
    184 124 95 182 143 222 150 110 118 167 0 168 32 182 16 194 162 184
    223 127 244 25 50 159 236 195 10 215 71 223 163 1 107 218 191 250
    113 17 226 102 58 83 138 39 154 40 161 24 251 238 60 157 83 159 115
    196 148 72 8 153 149 184 80 41 96 191 153 45 106 7 180 125 3 132 52
    55 60 216 188 85 131 49 76 237 60 196 128 38 221 111 203 157 82 28
    238 154 174 247 114 35 197 254 84 242 164 73 179 2 226 163 213 90 86
    39 245 113 214 63 9 152 226 245 55 248 195 155 82 92 158 42 39 187
    29 167 107 91 118 6 116 33 93 207 184 108 99 191 188 247 74 183 45
    22 151 247 28 71 75 216 139 70 108 31 134 253 117 239 96 101 25 78 7
    174 7 186 242 113 14 36 231 137 148 45 234 163 241 19 236 19 157 108
    49 18 66 151 227 184 255 208 68 119 7 9 142 111 209 65 107 189 5 157
    64 247 161 223 40 217 245 207 118 58 73 60 240 146 43 41 91 107 12
    89 141 202 81 3 4 133 147 137 202 204 103 11 71 23 95 49 31 191 63
    65 67 204 231 115 178 204 206 150 183 21 112 29 175 75 13 177 216
    128 102 83 134 72 173 134 139 154 170 63 111 1 60 169 170 4 244 240
    68 245 71 65 114 238 12 134 5 70 19 154 59 99 13 14 125 131 211 226
    190 236 127 41 155 202 67 70 240 14 99 34 132 119 216 23 79 49 129
    15 93 21 174 82 49 203 251 245 111 0 166 196 78 198 128 114 102 106
    155 97 21 180 90 88 231 225 0 143 251 230 235 162 48 90 251 33 185
    244 126 215 153 3 20 22 170 167 203 133 152 37 10 4 62 171 21 23 231
    126 62 128 45 255 191 70 176 170 157 227 178 62 22 163 42 98 164 179
    242 1 222 12 129 99 46 244 137 7 132 251 160 172 146 97 89 204 194
    247 141 166 39 227 66 23 234 185 144 22 168 79 177 96 3 223 244 200
    83 149 79 179 74 232 38 178 129 47 113 137 145 139 75 121 182 52 227
    73 213 168 171 126 226 93 16 129 162 185 101 228 60 182 200 94 146
    107 143 40 79 146 11 81 72 63 206 84 192 151 214 179 94 250 141 173
    16 140 228 10 65 44 84 111 175 247 245 204 125 117 106 8 167 245 27
    72 204 100 89 229 184 196 153 59 144 58 196 82 25 178 139 65 5 55
    190 241 118 164 127 162 62 47 12 105 6 182 148 30 164 62 139 181 43
    129 173 88 221 132 91 177 197 177 85 114 139 179 143 222 247 23 32
    138 12 198 32 212 5 171 195 216 47 227 182 222 134 70 196 175 125
    228 226 199 129 237 109 138 142 117 184 23 61 70 217 70 214 230 169
    66 72 205 69 178 9 246 121 122 93 218 255 227 96 248 23 37 118 35
    181 180 121 108 204 73 145 64 242 136 155 231 173 171 51 148 77 161
    147 125 95 212 206 216 226 36 92 57 87 227 184 181 255 253 43 11 0
    164 234 172 53 202 107 229 149 132 33 104 254 6 185 222 229 192 106
    110 193 23 220 241 63 45 62 56 249 58 247 82 159 193 71 203 71 25 67
    175 165 74 254 144 64 31 92 225 124 55 9 171 249 41 222 224 234 53
    11 229 120 127 238 22 74 245 63 157 241 235 205 3 157 79 21 233 217
    64 242 11 5 207 247 53 66 169 141 198 253 143 144 85 135 220 33 135
    113 13 205 191 169 124 14 20 74 92 91 130 251 56 235 229 31 19 103
    158 63 137 1 168 162 204 62 144 169 186 95 218 25 51 100 192 216 120
    150 226 7 245 84 194 8 39 134 98 198 9 192 209 173 78 140 12 162 242
    224 127 238 39 167 174 45 46 140 86 37 98 197 53 41 95 178 193 14 26
    0 227 144 48 91 157 182 227 231 184 121 148 127 216 236 4 124 64 53
    168 196 34 79 45 78 100 226 112 187 246 195 96 220 56 142 221 70 25
    133 35 136 177 11 187 75 67 6 103 39 70 27 95 29 102 178 178 153 44
    210 141 239 250 100 176 33 243 83 195 121 194 121 144 124 20 39 140
    25 123 16 77 169 9 79 109 185 199 36 57 83 250 50 61 226 167 162 84
    141 126 61 177 234 255 28 195 112 242 142 44 234 47 27 236 107 224
    98 98 161 241 239 219 23 217 215 47 29 71 82 225 17 241 62 101 249
    124 93 241 235 55 112 240 161 100 229 30 25 112 167 143 222 235 0 73
    12 215 47 220 111 2 199 236 158 226 140 44 28 95 161 243 137 14 45
    159 116 51 89 220 72 238 72 190 219 31 100 220 244 179 165 11 76 244
    211 7 150 87 192 15 182 178 227 228 98 152 17 89 138 27 177 150 205
    138 230 45 146 149 66 69 169 1 226 223 173 18 57 137 153 2 33 120 52
    137 3 214 37 49 124 82 7 165 126 255 91 227 121 169 111 5 214 212 38
    46 31 151 194 135 206 239 108 243 218 39 86 186 207 170 122 131 252
    82 123 216 94 21 108 49 42 66 139 222 15 197 73 180 12 130 149 112
    70 211 233 134 17 9 61 237 18 218 230 20 74 89 213 23 12 235 87 45
    177 103 101 84 203 229 150 171 252 156 142 149 249 64 176 102 195 4
    81 242 169 196 146 67 230 133 90 110 195 22 114 86 77 81 66 108 148
    225 206 205 190 24 184 87 124 209 23 141 14 51 133 187 238 106 54
    127 21 175 227 153 4 45 33 249 85 250 234 24 122 121 125 188 190 186
    16 16 231 254 104 212 67 121 26 121 145 244 100 133 129 66 164 93
    106 80 60 5 56 114 88 92 245 215 123 48 182 186 49 160 141 167 243
    238 152 233 90 254 168 28 2 188 162 35 41 237 88 163 145 151 213 252
    125 150 10 221 23 189 140 208 206 68 161 57 140 84 214 230 27 241
    103 141 2 166 202 21 240 246 186 139 127 43 254 28 64 136 128 176
    103 122 147 61 238 212 153 2 254 120 162 201 15 159 42 142 201 85
    101 121 110 146 117 76 78 124 2 131 106 217 129 133 219 84 71 30 200
    218 245 79 73 125 202 231 59 24 221 54 46 81 76 164 232 186 229 173
    12 162 171 0 89 148 244 143 245 165 121 239 41 207 209 32 245 22 159
    6 151 5 54 230 217 94 218 144 63 245 217 137 32 91 83 155 205 54 12
    64 228 160 189 228 199 37 216 250 203 197 214 84 196 187 21 167 242
    50 247 85 87 0 240 143 216 106 71 32 132 216 215 247 185 174 242 110
    250 213 233 86 173 155 254 22 56 8 1 152 141 82 76 178 135 99 1 247
    1 46 170 34 92 176 53 100 116 233 141 85 92 205 139 109 198 66 123
    84 118 188 151 160 80 82 197 246 42 233 244 79 105 155 94 214 47 187
    43 58 155 55 138 151 168 225 116 110 18 52 32 95 206 146 239 214 55
    38 18 24 122 17 115 117 145 103 158 170 89 172 208 82 204 217 39 54
    83 14 75 16 254 171 105 204 146 176 242 76 104 87 234 133 156 202 42
    104 63 107 70 28 146 204 189 39 222 171 223 214 238 69 95 102 247
    167 179 109 114 185 7 196 210 136 115 34 152 147 50 224 62 0 222 4
    150 126 110 3 157 56 231 88 72 209 227 237 243 6 195 251 84 216 202
    69 105 52 100 188 151 112 179 253 54 131 101 1 126 168 3 224 142 254
    169 178 86 222 65 198 234 220 248 235 112 5 254 66 236 9 106 149 235
    82 5 42 177 214 254 83 207 101 73 75 71 179 161 58 151 52 32 2 13
    157 156 251 51 227 28 165 4 158 136 228 62 150 138 37 137 199 98 246
    135 83 36 202 51 43 222 54 14 167 244 220 76 192 207 31 126 158 114
    94 51 120 226 203 253 175 157 62 113 151 48 154 239 224 253 201 167
    118 61 138 13 45 66 234 15 143 66 242 36 128 199 211 25 100 33 192
    36 72 136 18 237 168 100 200 218 220 141 253 117 16 236 15 135 25 65
    68 121 213 19 247 225 24 75 85 15 96 133 102 43 108 194 19 57 114
    108 159 129 190 152 145 14 220 250 53 4 8 136 99 244 62 190 139 71
    62 87 70 164 202 121 31 108 69 177 86 173 65 223 196 44 170 194 28
    115 176 38 167 97 17 240 109 233 14 15 3 141 121 77 191 215 158 178
    243 57 197 210 176 87 32 217 23 189 223 221 206 95 19 212 32 23 168
    193 224 142 9 16 113 254 138 55 98 222 47 17 3 253 216 14 251 171
    185 186 13 171 237 161 11 208 179 161 69 183 53 82 12 19 194 138 9
    199 158 24 63 159 241 150 224 126 102 166 224 6 145 238 66 99 207
    185 57 247 17 186 78 157 132 250 243 200 164 12 112 82 225 6 126 76
    129 61 229 178 79 81 169 8 75 25 250 8 184 41 104 251 181 74 48 167
    97 18 29 227 186 104 61 61 23 107 232 245 40 187 137 90 163 210 15
    138 153 27 252 152 86 194 13 1 83 245 52 20 77 69 99 13 132 202 56
    163 230 112 0 26 75 201 142 102 120 187 23 132 129 114 104 28 152 14
    51 38 143 145 151 47 17 232 113 248 98 65 135 131 202 80 155 105 103
    222 144 65 94 33 108 127 36 59 215 80 163 136 179 77 231 228 91 77
    162 111 78 247 158 47 30 178 75 46 75 89 102 40 5 73 225 246 131 240
    113 187 206 109 26 106 154 190 245 168 241 223 24 33 231 216 185 33
    229 24 21 121 218 235 130 252 170 239 98 46 8 117 63 178 200 254 175
    58 195 231 120 122 116 125 63 180 47 54 78 78 186 109 93 218 76 95
    202 37 189 176 54 164 32 102 164 75 116 1 8 73 48 232 197 247 129
    120 39 33 136 170 40 31 152 179 39 201 51 232 159 198 144 15 168 232
    195 98 161 41 16 175 24 33 32 173 248 147 184 62 162 173 88 38 93
    197 76 178 127 19 101 118 7 101 164 55 215 226 5 215 64 10 210 253
    226 23 110 122 165 167 73 34 11 83 9 99 58 87 111 178 82 100 100 14
    35 172 237 47 212 19 108 27 18 223 137 77 30 42 172 200 50 2 150 35
    194 228 155 35 100 23 206 11 168 108 60 237 129 201 43 43 243 8 111
    19 46 110 118 120 79 120 102 65 146 206 200 198 197 253 19 241 33
    217 41 50 81 77 128 117 55 78 125 228 20 182 158 91 201 207 26 1 191
    72 182 156 199 243 83 141 187 222 125 90 205 86 30 183 195 2 244 46
    4 64 41 122 12 15 226 135 229 111 16 133 185 145 9 115 38 27 74 199
    131 130 76 95 193 228 243 22 172 73 230 214 57 89 18 75 104 212 163
    4 15 225 238 215 119 115 142 191 255 104 229 21 252 36 19 43 125 143
    76 101 22 40 3 34 229 82 69 28 183 70 26 73 115 176 210 206 190 235
    167 169 56 0 11 109 134 88 208 117 87 239 22 47 2 0 28 86 205 166 64
    79 56 61 251 16 89 77 31 112 46 8 129 205 206 49 64 237 58 126 190
    176 25 75 152 184 132 231 136 121 205 84 94 61 0 79 200 204 27 170
    226 34 27 215 220 207 31 16 73 191 91 6 73 131 40 149 50 208 123 139
    207 165 75 145 53 2 71 203 134 215 144 214 125 92 26 4 84 101 160 5
    245 254 25 147 97 123 92 232 21 240 215 186 255 159 197 28 248 80
    136 169 115 164 145 159 16 238 251 18 131 22 148 219 21 76 35 93 5
    236 229 47 159 104 205 16 248 43 15 13 23 198 235 130 71 144 35 95
    88 234 156 64 196 49 171 124 74 192 210 112 118 215 178 99 103 38
    193 209 85 69 108 127 52 161 92 12 36 216 81 213 38 41 161 24 138
    104 107 8 114 172 119 95 106 245 148 234 148 38 99 54 240 32 177 57
    49 158 117 144 187 1 198 190 98 24 130 39 10 232 159 131 80 190 192
    235 47 223 115 148 215 252 3 245 142 7 205 45 66 189 120 109 19 225
    143 167 38 54 126 101 194 174 181 139 92 63 215 11 167 166 7 243 116
    139 83 74 225 228 104 211 51 74 14 102 82 149 207 250 21 168 255 164
    151 226 94 248 122 196 126 16 183 69 206 37 17 98 12 191 150 151 64
    255 209 58 82 74 169 229 233 156 146 99 156 25 116 202 180 3 99 156
    188 90 235 115 205 227 50 151 172 224 240 173 107 103 131 87 219 224
    120 210 69 130 111 202 178 252 207 186 233 218 244 30 92 102 183 50
    230 113 104 86 230 158 232 204 116 186 237 52 252 58 164 9 116 41
    145 186 209 246 152 9 57 73 198 113 176 118 101 102 159 245 128 96
    198 186 114 129 192 176 4 145 192 89 80 119 252 52 185 94 185 231
    112 240 199 119 103 168 15 140 126 194 60 52 26 44 106 254 151 146
    65 60 45 248 30 8 56 138 176 48 95 17 1 120 228 126 90 151 108 224
    21 119 248 172 253 137 141 87 79 194 226 220 119 239 87 0 37 189 133
    17 52 248 206 203 244 179 219 133 194 90 219 159 195 140 54 218 93
    253 145 197 215 188 44 114 53 222 69 67 49 201 107 27 102 38 79 253
    5 39 162 222 222 218 74 207 130 156 22 208 185 58 106 28 234 67 44
    166 42 23 34 30 157 44 196 96 159 241 197 212 36 238 34 184 129 170
    165 252 146 250 182 143 100 75 249 110 71 118 221 182 23 15 122 24
    186 77 151 216 100 69 122 97 59 150 64 221 84 69 170 29 79 139 175
    71 161 73 240 156 45 242 254 105 239 127 223 132 177 165 206 9 66 86
    142 11 190 130 171 178 123 85 57 150 202 75 211 232 237 208 242 182
    192 39 97 240 110 84 211 111 182 121 19 88 44 141 14 169 126 52 102
    238 170 187 60 117 224 28 246 214 218 157 151 31 56 30 17 183 164
    137 197 147 183 181 211 154 69 210 223 122 187 83 45 136 159 214 82
    19 42 128 106 39 107 72 204 6 204 35 138 228 6 223 8 207 82 113 176
    20 138 254 168 38 153 92 15 69 27 18 141 202 65 33 32 87 40 64 135
    191 100 172 108 167 112 218 63 151 229 147 226 125 201 164 17 90 150
    213 243 22 175 190 96 104 162 5 216 8 62 111 179 154 118 200 220 231
    97 152 51 171 5 194 167 252 190 226 212 251 104 104 195 251 137 226
    206 204 252 119 138 109 115 69 110 65 47 115 176 28 145 179 115 123
    197 32 119 85 226 29 133 200 244 33 64 237 208 74 33 143 150 59 124
    70 231 6 155 80 151 103 236 216 235 148 158 249 161 108 248 51 39
    240 100 191 0 254 206 150 136 24 233 43 169 106 77 55 184 52 113 59
    246 231 183 136 137 148 17 21 55 203 107 105 133 116 195 44 95 131
    167 64 2 77 34 214 148 17 79 195 170 43 245 183 176 103 177 43 174
    43 186 6 207 172 90 188 209 209 213 129 193 127 147 147 166 233 144
    180 163 192 249 246 59 167 118 58 239 114 82 106 41 86 45 19 94 107
    72 155 183 54 20 161 14 131 144 113 216 255 248 190 229 163 242 100
    244 118 103 173 18 15 251 208 124 183 55 14 20 20 77 44 191 3 124
    232 4 166 65 41 63 188 49 156 104 135 64 217 23 93 241 26 1 214 194
    103 11 61 190 34 214 19 93 255 192 109 169 75 106 239 240 115 110 54
    116 152 96 199 22 75 15 62 116 98 99 226 11 227 174 29 217 116 223
    45 243 64 26 75 109 87 109 166 177 152 187 45 231 139 82 2 206 218
    133 101 202 192 202 37 19 117 162 102 6 178 241 49 86 17 74 110 159
    113 49 184 230 252 242 185 123 84 130 250 137 77 89 214 46 75 28 168
    208 79 91 98 245 150 163 238 105 116 112 115 236 183 169 68 84 249
    198 163 201 163 114 86 183 111 25 91 121 152 15 127 116 242 176 20
    60 230 110 194 197 188 50 88 63 34 2 26 241 176 91 162 45 158 137
    233 139 155 15 122 225 248 110 159 137 19 81 210 113 185 10 179 168
    143 227 10 30 77 104 53 142 194 214 128 149 199 92 186 253 93 105 27
    41 137 113 191 48 19 38 246 192 179 93 73 176 26 30 69 116 11 244
    175 136 149 136 180 137 107 65 22 171 50 236 8 145 254 123 230 83 11
    160 26 137 186 143 255 2 231 72 74 6 80 127 217 180 118 110 132 7
    111 109 77 176 216 90 243 81 182 189 193 149 181 213 48 21 120 28 81
    55 239 18 66 221 70 112 92 152 239 63 208 250 203 50 108 44 38 85 11
    175 129 214 204 39 9 150 113 48 246 161 68 156 166 125 212 255 186
    72 71 126 65 247 195 141 100 30 185 157 129 205 16 164 14 77 210 11
    61 83 142 239 91 127 57 5 229 91 49 216 126 36 227 2 187 127 163 208
    172 16 154 250 104 55 29 227 20 175 44 129 131 28 156 165 178 11 160
    64 16 136 44 92 88 140 246 12 222 121 241 252 81 170 195 93 129 137
    185 171 118 6 24 159 233 36 0 15 11 15 133 18 112 104 219 153 108
    225 122 33 233 55 192 130 172 158 239 11 197 76 215 76 255 68 39 11
    11 232 123 236 63 31 25 245 59 44 228 231 148 145 54 68 127 97 184
    216 207 172 78 13 193 20 0 211 117 245 109 102 83 40 159 18 184 142
    144 254 159 134 45 74 135 209 210 160 151 220 106 111 250 15 152 218
    221 105 175 226 25 9 39 170 102 21 4 15 60 58 137 227 227 38 53 120
    20 149 159 150 10 208 95 29 91 226 183 167 9 32 153 162 197 101 57
    206 81 194 192 193 169 148 150 46 62 223 216 22 133 27 61 240 171 66
    234 183 81 106 250 191 141 244 44 171 102 52 49 147 46 109 71 34 157
    42 17 243 189 15 7 216 236 132 148 14 200 201 196 40 198 182 19 40
    105 113 182 34 133 14 176 176 99 86 226 136 157 246 242 181 122 129
    60 94 219 168 229 209 85 60 140 20 159 174 68 5 31 64 68 217 80 85
    51 182 23 47 95 73 171 147 69 60 28 70 14 137 150 228 1 123 80 179
    74 159 159 59 59 52 238 159 247 64 215 153 189 106 103 32 207 224 2
    52 122 10 106 31 97 65 167 50 48 146 38 214 247 215 248 242 155 88
    176 246 130 161 233 182 192 127 203 28 57 220 249 243 52 234 223 173
    63 184 179 81 184 135 98 185 131 202 215 77 144 236 192 239 7 64 241
    251 172 119 102 149 150 72 236 125 207 25 23 9 69 35 239 165 230 176
    198 132 50 155 174 255 150 193 229 164 23 7 177 54 198 147 56 63 84
    97 30 188 209 191 205 169 180 83 18 150 46 62 11 145 116 33 85 114
    166 248 117 139 19 176 124 129 155 10 224 138 104 53 144 82 51 187
    140 105 41 46 129 85 107 32 87 198 196 245 47 102 60 233 123 165 196
    19 229 74 30 149 76 225 171 227 170 117 37 255 70 56 148 245 166 187
    50 138 124 235 138 240 148 132 5 184 39 141 42 60 131 129 75 5 156
    214 157 105 48 43 175 31 123 78 198 129 2 44 23 89 29 188 66 179 239
    17 226 136 88 41 106 101 103 139 135 245 111 59 229 122 186 89 89
    137 205 238 34 167 14 44 90 235 36 92 20 26 84 38 131 85 165 41 232
    246 238 168 179 215 75 174 88 249 62 68 126 102 143 74 96 162 108
    233 44 217 246 94 15 137 207 31 118 205 227 30 196 149 61 76 181 250
    130 164 206 83 139 104 204 142 19 198 227 83 145 118 165 13 15 34 89
    124 114 205 147 74 125 63 220 137 34 120 60 143 94 87 223 0 89 207
    138 130 106 24 91 7 172 189 172 180 162 254 142 48 123 172 32 123
    117 218 85 59 86 235 6 23 19 80 251 6 86 225 201 168 122 63 246 116
    10 6 222 62 188 157 227 238 39 132 30 137 195 229 140 93 51 230 79
    28 113 95 105 106 9 215 73 248 232 78 114 75 155 207 215 66 209 119
    5 154 64 31 205 86 129 103 52 253 95 34 254 236 213 138 34 252 216
    170 69 157 250 24 114 85 67 22 38 100 243 119 113 89 45 90 188 173
    124 254 9 192 196 96 203 198 241 206 210 212 29 135 88 252 210 104
    57 62 130 140 41 210 211 200 74 7 228 186 78 212 174 185 135 162 91
    97 206 229 182 184 182 132 30 110 52 124 108 198 181 202 217 15 219
    35 219 210 168 0 177 5 205 126 251 97 104 28 212 231 178 57 225 49
    92 249 184 143 54 219 170 211 204 57 27 37 68 19 224 160 180 156 235
    177 19 163 26 157 93 5 80 166 242 224 110 115 175 18 39 208 178 102
    193 206 50 61 236 93 6 71 177 78 254 52 242 70 204 132 197 214 91 72
    18 89 230 138 91 83 10 35 68 253 185 142 129 222 235 213 96 24 105
    214 27 139 153 211 123 198 90 216 54 117 195 91 110 248 13 38 115 80
    172 239 81 146 11 89 58 80 98 86 79 210 124 169 107 101 106 129 52
    58 16 117 136 127 111 9 251 71 169 16 113 58 94 5 64 25 63 144 97 89
    47 69 149 216 41 134 211 20 38 84 66 43 145 13 174 240 61 146 173
    174 120 130 188 240 166 230 188 82 103 110 223 196 246 160 0 92 182
    157 184 129 202 238 52 239 74 105 234 193 201 60 12 187 143 52 126
    115 217 133 212 125 34 1 118 178 249 58 111 76 232 25 124 104 35 105
    20 125 109 188 99 244 133 65 225 141 211 31 219 139 10 48 96 250 64
    166 106 4 147 107 0 71 193 117 19 213 82 57 165 16 128 143 108 229
    161 73 96 82 199 28 85 105 171 193 78 52 55 21 226 124 157 34 189
    130 161 1 131 85 242 235 37 222 90 227 51 43 93 109 132 187 93 51 63
    181 182 176 14 247 138 99 117 209 198 168 157 178 22 191 68 22 67
    238 51 120 68 84 64 103 193 168 101 250 242 28 218 251 210 50 21 178
    91 218 98 13 231 89 99 81 16 236 121 142 167 206 233 157 85 11 79
    195 37 234 132 237 111 99 61 226 195 97 126 122 148 183 30 123 251
    42 102 180 214 252 197 193 238 70 28 90 236 150 2 53 193 221 236 45
    228 238 232 34 202 86 32 72 37 206 99 128 98 140 170 117 195 219 145
    133 27 89 198 14 133 75 96 223 11 49 6 115 180 195 134 117 145 187
    200 173 226 13 7 125 42 110 200 159 50 86 2 6 209 110 172 100 145
    231 217 96 102 23 95 227 104 111 200 151 24 253 253 119 233 235 227
    4 55 21 213 143 171 27 206 138 80 63 79 35 90 114 222 161 3 201 76
    207 66 150 112 199 103 27 197 7 116 90 11 207 151 67 129 36 107 76
    31 29 152 160 129 215 239 149 208 109 47 56 237 50 231 160 12 128
    136 8 243 116 213 221 110 227 163 110 241 34 138 18 224 185 129 161
    196 75 13 74 33 107 171 42 156 41 14 146 145 148 105 181 246 194 228
    127 179 242 201 112 163 251 208 30 209 109 246 71 74 50 105 184 194
    32 141 56 135 223 191 123 158 168 255 9 207 52 20 73 56 66 217 59
    151 233 189 45 171 206 242 56 103 129 216 207 4 53 18 176 52 210 191
    160 253 141 81 59 234 3 61 128 182 86 1 123 135 161 186 117 49 69 66
    197 222 153 145 70 83 231 27 189 111 168 103 199 117 92 226 146 101
    166 193 32 12 55 52 132 254 127 11 167 62 139 167 8 223 234 162 23
    47 221 118 202 154 126 170 237 221 199 217 83 47 73 167 172 125 197
    182 75 190 220 178 252 2 232 135 182 179 173 145 173 208 220 234 245
    101 42 17 238 203 32 100 37 84 92 104 207 40 89 182 178 237 103 146
    249 164 156 136 54 171 42 73 84 37 164 82 243 100 120 139 5 101 174
    145 147 11 91 93 226 80 122 169 144 223 51 30 166 224 67 102 131 179
    170 116 3 192 126 10 42 234 19 7 232 198 216 84 140 136 88 223 84
    124 254 130 193 104 70 89 74 178 200 245 60 229 145 29 138 112 116
    11 207 107 180 248 49 230 201 151 248 77 35 17 25 32 193 85 212 93
    186 55 20 249 228 9 26 206 58 209 124 95 254 219 235 116 69 97 100
    87 23 236 229 116 164 255 175 49 237 22 116 59 114 89 232 163 59 195
    95 238 139 29 180 42 89 179 210 38 242 123 230 131 17 40 35 95 124
    20 245 35 30 94 68 181 61 154 81 225 130 186 159 24 192 102 218 107
    4 25 101 13 43 206 49 15 250 239 62 76 160 16 133 158 182 95 240 7
    74 71 233 187 214 58 151 208 134 146 139 34 38 178 93 252 36 107 103
    224 173 92 14 245 209 69 149 96 73 36 230 19 151 43 165 202 98 249
    195 223 25 211 184 154 93 43 255 136 122 4 169 97 146 120 52 252 106
    22 79 159 109 37 105 247 17 173 227 187 131 116 236 97 127 75 187
    142 232 95 185 252 130 63 213 115 97 233 243 131 155 228 249 81 55
    213 68 193 210 250 43 59 119 139 207 54 89 185 180 58 221 73 202 56
    96 246 199 240 14 199 200 148 149 133 193 234 160 46 42 202 26 76
    179 146 199 242 223 191 96 117 221 46 73 43 187 21 49 16 118 199 80
    72 1 252 7 134 31 100 35 149 40 210 179 176 246 227 194 121 208 253
    168 52 8 77 4 213 39 218 253 227 157 131 113 89 37 58 14 189 124 177
    225 96 208 122 76 149 22 221 157 127 106 51 219 81 138 135 72 202
    207 71 150 77 127 52 189 29 135 245 46 147 50 116 216 57 78 207 107
    142 66 70 171 13 9 249 53 137 218 131 226 73 34 183 138 163 99 8 65
    81 175 124 188 233 102 170 112 139 149 146 14 166 145 4 36 17 127
    124 226 209 225 28 222 132 84 132 190 244 82 185 33 174 247 28 127
    208 216 111 207 94 113 170 177 124 126 201 153 89 0 150 218 23 181 6
    111 183 103 235 154 47 207 0 80 45 173 242 138 158 194 26 202 105 51
    238 185 105 148 2 132 117 50 162 25 13 103 167 252 56 135 114 168
    245 170 140 90 235 20 63 253 113 99 49 111 45 102 197 87 68 197 31
    237 44 247 95 77 96 41 27 124 192 221 183 211 71 244 136 106 192 138
    152 210 16 185 86 73 105 9 245 36 51 126 130 132 181 46 74 62 180 11
    0 118 162 90 58 30 84 115 159 111 35 1 208 228 131 175 107 252 237
    172 51 120 113 58 254 200 40 206 230 120 128 146 125 57 74 192 76 81
    245 2 82 21 49 88 122 237 53 31 158 215 124 9 147 126 104 228 3 21
    104 236 208 195 107 109 142 115 94 136 24 235 109 68 226 186 90 205
    25 32 202 75 203 169 152 5 23 182 19 252 30 73 70 149 241 247 216 5
    76 239 107 47 210 95 33 33 238 65 6 102 39 38 112 81 103 229 170 27
    23 154 181 182 228 81 44 172 142 137 175 149 101 218 244 203 79 180
    7 208 209 75 64 200 55 194 254 153 228 185 199 94 83 92 33 37 37 168
    87 214 117 99 143 162 244 30 181 110 15 186 186 249 249 240 74 180
    137 110 143 125 253 137 229 249 214 68 89 14 52 176 25 72 61 6 219
    138 75 146 229 6 152 71 166 59 211 174 70 135 152 71 35 70 7 140 166
    195 114 184 100 142 200 19 11 21 95 242 97 67 190 37 87 68 100 133
    25 250 90 58 118 153 198 187 219 53 187 111 189 174 31 226 218 240
    171 154 18 101 200 217 46 198 84 230 71 150 117 240 187 123 137 128
    218 153 106 180 241 83 244 206 125 107 68 97 101 121 176 150 139 42
    4 56 194 175 242 126 125 203 130 54 252 210 170 92 64 230 35 239 199
    44 14 61 46 178 189 146 73 153 215 187 234 81 246 181 93 16 10 236 0
    72 15 236 165 1 85 190 72 32 121 115 246 148 128 196 93 226 36 207
    154 6 107 230 133 213 128 252 18 130 198 242 241 94 87 167 50 83 220
    19 44 169 91 134 56 251 22 7 156 136 30 191 220 174 73 11 99 207 248
    208 195 143 58 94 153 205 131 103 29 67 175 47 202 38 81 164 124 57
    31 55 246 127 78 31 79 7 139 151 122 162 14 34 176 187 97 188 13 1
    189 248 66 100 170 95 87 32 224 46 120 169 112 27 79 193 236 197 153
    9 14 127 20 232 215 184 176 219 79 175 88 146 162 254 188 132 154
    190 162 109 142 244 174 208 168 69 171 248 67 217 85 161 115 227 255
    208 130 120 180 28 64 159 80 76 195 232 81 117 65 128 52 188 146 139
    105 161 174 95 136 158 109 61 172 166 215 234 9 110 198 113 189 214
    63 222 212 224 96 189 0 164 107 104 233 37 69 200 221 183 245 1 219
    56 75 51 231 111 184 63 117 70 17 84 4 115 129 227 47 151 10 114 33
    209 15 38 122 109 51 120 250 51 71 219 250 74 247 136 121 225 208
    115 53 20 243 134 181 80 169 7 173 11 59 126 147 71 211 66 107 25
    132 208 93 152 31 101 111 132 62 140 214 190 8 41 76 128 205 202 222
    8 35 191 253 125 23 7 11 7 64 47 2 11 207 5 240 237 167 30 61 30 69
    55 18 11 34 138 99 9 163 238 104 213 79 28 154 149 166 38 91 191 182
    10 110 157 3 124 202 96 123 150 68 27 56 145 0 37 101 134 103 193 20
    5 193 165 70 28 249 121 72 52 160 127 178 105 121 4 103 195 46 15 7
    49 20 144 243 174 49 87 178 10 29 160 101 249 160 226 101 148 218
    237 214 233 139 10 238 136 53 71 87 138 215 200 197 138 97 203 116
    35 183 107 167 24 162 230 156 161 106 243 23 199 179 131 223 61 184
    221 198 108 183 170 202 51 246 5 116 26 231 133 153 224 149 130 71
    250 53 15 194 194 255 85 52 176 204 48 234 13 84 32 23 105 146 16
    146 110 94 136 243 183 114 142 154 103 168 30 143 1 173 139 65 24 72
    100 169 68 163 67 163 181 195 198 58 11 151 79 73 173 66 57 177 7
    195 175 88 133 173 221 225 177 112 126 110 242 134 26 69 125 180 236
    5 224 50 209 138 36 99 183 221 224 211 249 96 179 116 210 97 63 208
    112 179 38 153 77 73 104 101 157 13 226 128 10 98 17 72 18 153 8 215
    214 159 216 26 244 146 117 72 18 154 128 240 7 210 76 193 56 11 42
    163 87 96 53 96 189 137 249 1 18 0 210 238 79 49 147 0 58 12 217 131
    123 164 9 73 18 231 27 183 172 105 180 133 70 3 206 80 59 20 50 243
    111 48 168 78 88 140 114 124 46 236 173 62 23 204 32 221 191 223 165
    16 203 32 113 186 242 152 51 210 48 81 131 242 15 196 44 136 96 184
    109 84 98 105 67 158 27 54 96 113 246 11 204 180 144 224 19 168 95
    229 96 179 44 146 218 151 42 2 215 187 200 170 211 71 126 208 174 29
    68 218 53 86 99 207 199 36 235 230 247 249 124 146 123 65 66 185 99
    119 59 175 71 1 129 212 219 128 238 242 192 80 28 101 2 155 40 177
    100 75 18 23 154 209 69 19 123 45 14 156 126 192 25 0 216 158 200
    252 74 181 132 204 239 163 161 145 190 7 218 216 90 109 125 78 145
    252 158 125 213 225 173 79 184 80 92 192 148 124 94 161 29 41 211
    154 128 79 196 135 177 128 12 95 196 68 120 51 45 33 178 173 226 243
    197 159 0 127 25 104 202 73 11 201 120 121 162 117 186 221 206 84
    111 29 172 130 218 121 169 194 240 39 27 208 111 192 85 178 56 71
    227 205 180 170 34 99 156 110 81 113 89 199 122 163 130 38 173 146
    168 50 45 185 57 1 239 123 16 186 103 125 147 173 31 197 8 42 37 140
    133 59 212 175 71 118 240 246 175 54 28 49 33 231 198 192 53 72 229
    123 129 188 220 89 89 11 105 179 45 243 136 251 2 22 113 231 171 149
    86 20 95 213 198 164 225 252 97 242 43 79 199 47 139 169 6 0 169 73
    93 35 127 177 190 77 245 44 163 160 134 124 113 20 23 137 86 192 94
    64 225 18 47 82 86 122 238 69 7 253 123 175 135 238 58 30 204 22 240
    29 62 91 182 93 44 138 178 207 61 70 28 36 135 184 175 130 63 191
    118 99 6 108 212 101 53 52 0 230 99 136 252 163 121 194 1 104 113
    162 18 113 123 128 54 118 128 162 187 229 156 234 77 249 145 37 240
    153 145 192 88 138 182 90 229 42 6 41 252 135 38 187 201 229 227 244
    120 95 182 172 30 140 12 242 91 131 138 129 6 105 82 6 177 174 237
    67 98 172 135 13 213 180 243 156 240 55 253 69 64 243 200 132 21 227
    137 6 75 138 34 79 97 154 160 41 224 152 149 254 238 124 116 147 179
    224 78 20 188 91 4 143 74 186 154 12 41 135 251 102 6 38 104 82 233
    248 28 14 115 32 164 10 55 77 242 84 23 235 45 88 49 215 189 168 18
    172 51 196 43 95 159 17 255 251 222 35 50 54 1 191 211 89 24 215 239
    146 213 13 144 3 144 163 225 38 219 130 245 138 147 4 203 224 175 69
    160 89 50 187 66 3 148 26 55 199 207 185 3 5 119 4 32 166 130 11 32
    69 141 223 201 125 73 107 17 218 194 33 29 218 41 54 102 219 219 50
    137 248 14 5 173 68 187 15 43 87 90 140 97 88 19 150 195 59 232 151
    14 165 179 236 92 115 153 121 70 185 199 128 76 18 152 34 109 121
    153 198 202 199 82 183 31 198 202 199 13 80 240 179 162 15 73 3 162
    157 65 217 185 101 147 154 33 224 76 29 233 148 177 149 123 166 70
    255 172 42 146 252 36 213 21 124 110 98 15 147 40 66 16 243 152 94
    171 94 16 105 98 107 16 191 54 247 42 147 24 193 216 60 239 226 193
    134 71 86 39 218 118 5 13 66 69 248 52 25 191 89 28 169 194 236 66
    200 235 155 231 139 124 99 95 209 3 218 97 52 248 236 230 60 60 237
    124 114 76 66 114 133 211 89 211 197 54 214 82 122 172 250 50 151
    242 215 224 101 85 216 119 21 68 93 13 39 7 91 36 154 5 225 54 105
    245 27 222 34 197 13 207 224 237 133 180 55 134 33 43 100 244 205
    164 221 95 253 67 212 136 43 243 206 158 183 163 99 64 22 248 60 56
    228 170 44 98 0 214 121 64 134 240 183 171 121 53 179 22 111 151 249
    55 6 18 164 151 3 173 34 213 158 104 12 203 196 141 129 88 157 161 4
    23 152 114 36 228 139 113 119 139 172 252 3 26 17 161 112 228 124 43
    25 175 248 82 214 67 192 226 72 221 221 135 145 227 215 43 50 137
    223 47 128 177 155 174 112 214 165 228 49 192 73 255 235 185 252 31
    72 204 40 92 126 146 84 133 131 202 84 96 109 131 40 205 147 71 165
    251 102 176 65 139 90 194 232 4 114 131 112 191 233 235 10 203 48
    184 163 167 167 156 84 117 26 208 139 69 253 51 29 161 203 136 242
    188 207 7 145 26 100 24 218 74 113 179 82 62 172 133 4 84 4 73 162
    201 68 149 8 204 85 68 82 169 248 95 105 92 163 70 116 222 5 194 149
    75 77 60 212 76 16 237 218 203 254 18 171 193 81 135 55 59 151 74 60
    74 144 195 200 19 113 29 229 81 237 60 84 151 216 67 151 98 188 65
    12 222 111 56 197 22 240 251 42 107 100 89 64 101 2 87 157 30 175
    148 120 198 176 124 246 158 94 227 158 119 159 96 106 188 218 205 13
    229 20 8 166 63 32 232 252 236 143 11 62 109 97 111 229 136 133 4
    215 221 132 197 160 74 70 253 68 105 132 48 60 55 56 215 173 165 94
    12 93 31 11 68 54 241 113 209 141 237 0 45 64 12 180 246 68 69 41
    115 70 130 93 80 140 167 238 155 198 43 128 139 26 22 223 48 239 159
    239 85 142 227 106 25 179 55 116 55 147 61 199 81 193 145 139 3 220
    151 157 66 131 24 118 14 201 199 237 108 65 133 9 38 189 169 135 87
    136 92 86 228 254 77 129 43 39 121 36 211 187 217 15 29 85 111 150
    205 100 197 7 15 81 5 156 210 29 200 168 101 40 83 89 97 74 101 18
    242 23 54 128 141 51 196 83 158 176 160 233 205 207 176 28 9 233 68
    29 70 249 216 247 196 207 123 219 107 121 194 101 214 104 184 140 54
    114 22 79 126 213 202 184 175 100 47 143 16 220 12 238 56 38 100 120
    162 140 80 253 147 248 36 12 206 79 100 79 167 154 64 36 60 117 106
    138 22 88 106 176 45 90 219 135 131 160 150 150 4 17 240 13 251 106
    248 3 195 66 92 194 236 167 66 159 202 83 24 175 149 101 128 40 184
    130 194 61 221 172 180 52 7 241 46 204 150 51 224 108 230 13 159 188
    65 164 196 133 30 87 27 96 112 159 219 85 174 210 254 98 132 137 129
    37 67 202 184 166 57 150 75 204 36 53 191 7 147 206 252 248 70 17
    115 195 100 77 217 35 147 143 142 24 16 216 7 247 75 208 156 114 189
    231 174 248 25 111 26 233 185 5 77 212 138 23 203 150 6 120 222 182
    91 23 207 24 83 230 216 166 110 219 6 148 89 139 253 160 1 40 61 105
    182 110 56 47 161 2 220 159 178 185 5 31 125 206 219 42 48 162 72
    180 149 114 238 180 143 25 30 129 68 24 180 48 199 95 92 226 113 57
    217 25 129 122 3 122 37 130 82 83 46 249 249 126 106 21 63 212 44
    110 246 31 26 252 224 22 194 139 172 63 5 26 183 161 174 222 48 157
    160 104 169 3 208 57 226 255 150 183 238 56 136 177 94 0 240 225 7
    74 206 118 26 11 129 69 118 191 240 252 2 85 226 172 168 242 124 24
    128 131 182 101 76 190 58 2 160 209 56 165 235 133 210 5 40 16 16
    225 91 124 93 192 58 86 98 71 42 254 255 243 253 27 217 8 128 87 45
    54 248 110 176 55 146 148 95 43 43 249 30 222 232 177 53 203 255 171
    98 19 36 170 45 11 208 244 60 234 130 1 21 131 220 97 138 112 240
    180 128 157 197 205 49 97 150 231 187 34 15 94 16 178 157 27 99 24
    43 189 219 215 65 17 248 181 97 33 174 18 244 47 10 241 242 139 26
    154 170 154 115 19 94 168 153 204 122 188 27 252 214 14 102 235 78
    161 220 148 155 158 118 73 53 187 119 126 85 233 90 239 17 74 87 192
    173 205 87 223 103 31 15 158 73 107 169 96 37 53 88 3 120 113 214
    135 44 30 8 108 247 145 137 236 171 213 93 13 115 80 192 241 191 211
    226 17 64 76 46 121 95 229 99 120 218 141 126 69 225 109 49 53 61 28
    47 119 146 191 90 30 195 23 34 80 71 196 241 46 47 254 134 183 163
    240 168 162 212 166 189 129 231 111 212 116 129 141 59 135 236 35 22
    140 70 216 248 2 46 167 109 234 179 31 35 71 160 187 2 117 32 216 5
    18 244 111 38 152 80 219 81 205 230 105 61 185 5 56 14 163 144 123
    20 51 122 169 35 113 69 74 125 76 108 37 79 253 151 138 80 160 160
    51 138 193 90 156 50 81 106 183 68 36 122 74 112 31 100 163 97 78
    218 158 24 6 39 129 12 86 212 124 241 200 195 71 82 168 182 232 207
    184 255 219 32 215 16 97 84 251 15 20 98 166 157 142 255 216 18 127
    29 32 180 57 38 49 209 99 63 102 124 236 43 186 178 234 213 247 225
    166 116 78 173 32 203 38 124 156 57 0 127 115 230 17 210 125 35 70
    186 206 20 239 5 193 139 182 19 212 44 109 191 55 117 227 45 128 2
    97 155 72 79 193 95 56 100 154 88 156 140 108 113 116 83 237 120 87
    92 20 216 110 26 46 199 91 204 160 126 144 39 218 84 40 92 13 101
    103 106 73 221 174 243 90 98 141 184 49 98 2 51 99 114 22 63 80 177
    240 100 222 58 214 101 186 80 166 193 105 213 61 82 39 2 146 24 77
    110 226 11 136 157 70 220 124 11 172 121 12 90 72 18 2 244 150 240
    48 236 122 212 123 152 65 95 17 55 216 146 96 219 131 50 176 108 233
    152 13 210 180 174 102 57 198 157 143 29 117 107 3 141 49 228 37 187
    104 23 135 31 218 45 103 177 162 197 251 107 197 63 41 212 227 80
    119 47 224 111 138 156 214 85 211 92 94 251 233 97 191 226 126 149
    111 162 152 28 15 53 16 55 146 209 146 29 101 251 26 39 138 110 206
    200 178 129 177 182 134 154 158 229 61 13 23 214 241 155 178 127 189
    161 50 183 207 13 222 29 27 0 155 169 162 244 179 220 48 91 248 254
    136 26 204 199 105 91 243 250 84 95 113 226 207 24 81 121 241 234 73
    152 87 250 177 71 27 189 217 23 28 255 205 25 26 162 184 170 212 85
    82 63 205 120 33 117 234 111 224 20 184 74 55 72 234 170 148 235 17
    157 132 183 246 15 141 119 103 170 46 40 116 190 255 200 163 116 39
    38 145 28 172 30 33 220 115 102 47 176 132 16 60 170 59 60 17 124
    242 129 144 34 11 20 195 30 64 150 152 92 211 55 165 183 43 134 194
    143 119 101 38 54 29 6 110 194 211 14 79 242 117 231 73 212 33 223
    40 24 213 162 221 110 226 78 121 140 1 164 94 43 168 23 150 39 131
    80 105 83 73 2 224 218 8 255 123 198 84 66 175 11 166 87 164 174 100
    75 127 205 210 16 23 88 17 17 92 183 183 101 205 196 70 85 51 32 245
    27 13 167 69 138 215 240 161 37 221 67 117 43 92 80 180 251 1 20 231
    160 163 43 23 126 221 111 236 35 100 128 39 240 91 161 163 67 144 57
    17 178 96 51 246 137 164 232 200 234 35 45 245 131 3 16 82 223 59
    249 24 206 104 88 111 11 99 229 252 202 86 241 9 33 88 240 184 155
    118 59 221 31 51 172 174 85 94 168 221 204 159 91 253 138 31 134 30
    195 23 21 120 253 211 153 183 140 73 178 96 184 126 230 36 185 195
    14 97 252 157 147 6 162 245 254 182 63 224 49 40 245 108 160 196 162
    69 172 7 110 119 50 189 30 254 170 227 123 67 205 85 36 57 40 91 125
    63 187 96 103 91 6 65 8 192 190 163 148 218 188 106 26 27 29 253 136
    126 133 103 167 103 16 132 1 150 53 47 149 214 105 243 150 154 144
    196 243 216 98 224 225 51 44 136 24 91 192 255 193 96 178 143 17 22
    227 87 227 209 238 177 33 188 149 50 58 134 68 210 239 64 233 31 148
    104 240 193 111 47 51 199 214 177 185 131 249 156 219 201 170 238 75
    41 217 203 215 41 89 170 181 160 63 124 115 212 93 255 231 44 156
    107 184 54 242 101 193 59 65 198 152 219 2 8 148 164 176 117 81 106
    188 208 153 189 136 24 24 201 186 129 193 173 194 33 129 126 24 211
    85 200 92 242 144 177 183 202 75 132 77 18 148 81 57 172 25 12 245
    105 189 79 105 192 102 212 53 92 150 103 237 58 139 8 170 67 0 170
    75 97 76 29 80 39 235 236 130 184 124 122 176 242 245 65 179 177 140
    96 36 194 58 145 135 181 219 105 254 45 214 26 205 19 80 168 167 46
    66 28 135 167 240 152 176 220 207 39 143 175 21 84 239 97 137 142 70
    20 152 165 143 62 58 159 183 18 61 76 176 89 16 22 136 155 144 11
    194 248 168 123 79 177 193 95 126 201 125 71 103 242 178 114 213 219
    103 99 143 182 182 236 144 168 82 189 5 227 101 61 20 193 151 58 137
    46 14 25 105 81 21 219 93 186 115 166 128 36 237 10 107 64 74 191 32
    85 189 188 238 254 175 67 96 37 14 184 54 215 68 29 1 145 175 188
    202 252 143 7 145 202 16 151 234 88 2 190 243 162 141 120 183 168
    154 181 128 107 57 41 195 125 107 245 214 39 204 42 151 54 8 171 74
    230 23 188 246 234 13 153 90 9 88 53 198 140 159 50 25 144 32 86 51
    101 61 212 235 139 154 171 111 95 202 92 78 220 136 141 51 203 183
    149 217 73 143 223 122 236 189 26 15 149 174 184 194 59 22 11 100 54
    207 95 143 20 125 45 86 144 239 25 168 84 115 169 96 198 188 230 178
    142 8 122 218 106 18 129 18 252 6 28 175 155 88 193 151 118 233 196
    82 189 161 44 185 7 169 16 180 148 101 78 142 74 237 96 238 164 17
    194 106 91 8 236 86 181 244 94 74 225 187 44 133 253 192 228 252 107
    176 248 110 69 126 129 137 188 2 123 201 187 77 120 194 44 104 40 43
    221 199 69 79 49 26 65 134 95 51 154 162 11 14 117 42 13 114 99 167
    88 100 92 209 39 188 99 124 119 198 70 78 151 48 108 5 221 60 254
    211 222 156 238 21 51 115 184 153 42 207 146 44 26 21 64 196 20 35
    73 255 234 198 166 1 227 82 148 42 64 255 79 85 197 243 223 62 169
    83 58 56 49 37 49 76 17 212 226 208 67 85 240 210 176 179 104 220 57
    34 113 158 86 98 106 106 167 237 253 104 35 70 29 248 179 67 177 147
    33 169 193 83 163 169 79 80 70 2 12 234 190 55 116 118 32 61 208 60
    174 173 131 101 201 220 25 108 200 13 76 169 226 179 88 147 100 5
    209 231 0 76 190 165 88 219 158 165 4 253 104 194 208 84 137 246 72
    152 223 216 38 224 105 25 240 193 121 187 104 63 118 187 110 17 136
    29 89 48 233 85 70 111 88 195 49 151 5 90 12 229 44 24 36 75 148 163
    178 85 39 50 134 88 27 81 86 205 233 135 57 218 90 224 67 183 195 85
    45 162 144 228 163 146 155 176 126 120 138 235 150 223 69 34 202 52
    132 150 242 90 134 208 91 123 238 125 101 204 159 114 219 64 66 229
    59 105 183 32 34 224 177 32 17 175 183 72 55 211 195 140 20 120 97
    195 11 252 170 200 84 230 81 98 41 207 136 84 237 161 227 71 81 113
    207 153 220 17 146 219 236 209 231 42 106 86 60 113 39 145 119 223
    228 61 53 230 102 192 210 136 27 138 249 224 61 225 122 243 158 213
    19 104 207 197 95 74 45 195 26 140 186 56 184 186 33 195 196 54 209
    20 85 237 206 207 234 248 247 247 95 33 12 80 206 169 55 0 85 222 40
    48 154 136 180 190 22 104 122 64 102 175 96 129 227 215 59 170 161
    234 37 81 4 141 234 47 46 225 94 118 170 171 146 121 237 171 188 217
    175 142 18 213 14 240 28 248 197 134 7 84 92 234 125 36 132 212 172
    60 76 93 206 132 217 124 174 206 5 152 72 255 10 21 71 21 74 57 237
    38 0 252 67 32 240 74 219 182 182 150 229 2 106 252 91 254 195 251
    25 83 47 86 5 31 71 74 176 84 148 53 42 169 226 19 234 207 144 243
    125 29 238 113 42 22 168 206 226 253 243 165 157 81 186 9 85 92 103
    61 0 98 24 121 163 41 101 130 39 68 152 211 51 8 89 50 89 241 98 159
    207 143 236 74 231 251 90 239 138 228 120 151 105 179 43 129 218 59
    208 99 12 246 47 213 79 177 196 109 185 185 108 83 222 133 10 165
    159 16 182 214 85 50 182 138 75 96 181 107 49 157 74 58 129 119 53
    177 59 69 147 50 202 49 227 202 196 64 226 234 74 168 220 64 47 136
    174 219 67 81 242 93 124 142 104 29 140 134 205 32 156 247 7 156 180
    57 68 92 58 55 149 39 167 134 238 96 15 50 223 24 59 212 195 128 89
    124 92 61 21 222 119 120 200 149 60 74 15 37 84 101 81 82 76 110 249
    36 2 239 236 251 157 230 7 93 113 161 108 125 194 177 178 117 59 66
    23 220 4 168 44 126 48 35 33 65 114 112 17 255 228 180 96 16 207 73
    47 101 118 172 54 255 228 59 253 63 43 171 165 2 199 122 76 49 99
    230 1 130 179 148 86 154 241 15 2 1 124 233 55 208 47 82 248 87 86
    27 246 2 31 171 167 169 103 210 57 159 177 124 125 200 146 194 21 30
    242 68 113 171 240 206 208 4 94 19 127 3 101 149 65 32 85 221 148 62
    170 9 155 242 230 211 80 188 91 124 246 125 148 250 185 182 164 254
    188 147 157 199 104 23 124 46 48 54 16 18 19 103 122 252 54 141 213
    9 195 125 18 253 198 162 225 237 5 129 229 96 113 117 196 8 95 156
    220 13 57 86 248 102 93 143 131 140 28 163 81 33 183 112 106 171 36
    130 23 1 28 144 84 175 96 128 251 36 255 120 29 246 134 35 143 245
    234 178 247 110 200 242 146 197 6 67 116 118 7 55 135 164 164 208 38
    125 164 76 27 190 127 1 109 49 121 176 112 52 32 134 90 118 58 196
    33 214 67 24 63 89 221 150 251 146 49 148 25 152 215 219 229 83 25
    44 102 32 249 214 141 42 32 177 94 194 223 60 86 246 204 121 69 184
    118 47 229 152 253 106 9 75 106 230 68 147 34 178 165 18 121 81 137
    35 73 28 187 212 81 41 172 123 233 223 236 217 87 65 28 104 234 160
    27 46 172 237 217 42 62 251 118 61 224 132 158 119 51 76 78 232 0
    226 18 247 245 50 104 115 190 52 169 159 20 14 173 38 73 188 243 224
    10 207 205 62 205 197 180 136 134 238 231 193 58 28 216 75 110 58
    170 103 43 245 220 27 72 200 140 235 121 158 176 201 74 88 175 165
    96 45 134 145 151 201 20 94 45 73 12 40 144 177 21 70 8 113 201 121
    199 224 130 125 246 9 28 19 33 99 50 212 59 135 244 53 212 115 35
    233 86 193 171 230 124 225 183 52 166 67 149 168 146 6 247 247 48 15
    153 232 246 219 30 116 250 151 92 203 95 67 132 199 102 108 205 82
    253 53 133 235 123 116 163 104 1 123 22 3 151 114 41 115 201 105 22
    5 157 135 236 13 25 252 64 128 242 25 175 115 72 79 204 138 203 54
    138 33 182 239 35 109 46 242 106 151 21 22 253 216 84 20 109 179 231
    46 54 100 250 66 24 223 78 153 140 37 54 229 79 249 192 86 118 127
    169 196 46 9 20 61 18 11 92 179 40 237 136 254 83 79 213 175 40 222
    66 64 238 83 224 116 212 1 27 199 2 80 69 125 134 92 55 20 68 153
    101 65 188 235 147 131 31 135 159 186 226 36 181 195 47 151 237 106
    220 5 24 137 228 242 8 158 136 224 84 205 244 41 221 114 95 16 6 126
    56 18 85 195 75 114 91 189 21 63 165 72 78 15 164 83 238 212 247 80
    219 255 179 72 37 210 98 224 186 228 187 208 248 39 40 36 67 44 120
    209 53 126 92 151 143 181 150 224 43 121 17 215 138 248 232 123 71
    65 187 153 209 96 48 188 245 18 215 239 18 243 131 67 201 49 41 212
    235 55 204 113 160 128 43 164 180 233 42 82 219 135 140 80 78 234
    153 100 103 102 237 250 205 216 198 248 181 219 98 131 71 207 156
    183 198 218 41 26 41 125 4 142 246 196 9 231 231 86 206 31 158 101
    142 20 114 214 149 15 228 127 197 215 141 46 101 54 123 25 228 30
    217 12 200 12 63 10 36 92 21 186 68 35 67 30 42 113 113 103 9 50 224
    143 234 241 161 190 114 193 251 214 105 186 142 133 161 1 250 209
    171 169 135 194 4 241 156 68 43 141 245 75 85 43 77 149 228 63 89
    248 162 100 21 97 68 136 114 181 248 97 12 40 20 157 90 102 59 200
    10 57 95 195 160 55 104 240 134 171 105 31 199 1 144 6 25 44 191 72
    173 133 9 222 170 85 47 31 98 74 32 34 136 97 98 46 133 34 31 189
    213 146 70 241 150 24 90 233 208 19 233 59 101 69 61 188 173 101 46
    50 227 214 62 59 51 141 20 152 140 200 104 68 38 138 147 191 4 138
    224 155 105 77 231 124 94 191 247 175 232 211 239 79 127 146 12 111
    49 246 233 149 227 61 23 207 240 248 19 200 42 84 238 21 31 107 54
    46 226 123 114 83 223 101 207 33 46 201 75 241 154 239 221 238 232
    19 55 57 53 164 147 22 12 111 203 242 156 152 188 49 170 123 55 122
    35 151 14 138 26 115 37 153 110 222 63 128 68 109 23 151 120 49 69
    54 194 113 225 223 134 239 42 17 136 2 98 225 143 137 236 36 90 109
    47 39 70 93 24 28 128 92 63 111 57 172 253 183 119 178 106 79 25 75
    227 66 217 160 21 131 10 244 79 138 63 207 18 144 15 41 130 117 185
    76 93 27 127 186 202 177 213 142 212 95 169 93 93 28 91 168 98 88 61
    61 220 76 243 112 1 172 192 197 17 197 209 245 54 227 89 112 190 214
    10 79 31 195 44 157 125 174 123 204 186 111 124 114 217 189 33 13
    161 58 40 239 150 125 153 88 20 26 100 241 126 98 213 68 53 81 131
    108 161 109 83 156 65 160 128 186 192 236 149 6 142 72 132 52 88 158
    142 166 152 94 99 19 222 224 97 88 68 179 55 199 198 0 241 165 45
    227 159 112 4 214 22 92 39 175 218 101 25 217 44 200 224 55 161 49
    139 209 36 203 111 104 206 149 251 248 193 172 186 215 230 193 9 11
    190 198 41 141 239 108 243 174 194 26 87 216 178 52 37 82 2 216 108
    210 16 152 239 183 19 172 39 143 45 184 34 98 154 121 121 184 242 60
    213 170 132 82 87 69 196 36 119 78 233 254 88 83 101 233 123 107 9 7
    199 182 135 104 240 246 199 90 71 208 187 138 83 201 98 110 231 65
    172 253 18 240 26 241 19 6 80 80 56 97 244 229 214 220 205 247 164
    16 25 210 223 219 18 207 72 33 97 81 145 175 47 119 75 45 91 20 219
    122 28 79 191 219 65 146 23 160 69 151 145 41 30 17 105 154 160 154
    106 24 109 238 17 209 187 200 103 118 147 75 112 27 141 168 155 243
    248 176 145 227 133 238 99 244 135 60 141 152 123 228 34 46 56 22
    236 65 247 191 85 196 198 12 76 154 194 192 6 35 93 110 44 240 243
    45 14 216 31 229 221 75 108 43 106 2 36 53 22 192 136 114 158 13 146
    36 56 120 235 193 120 229 238 155 30 127 166 238 150 155 65 165 78
    120 17 85 218 86 167 223 69 175 67 85 138 4 73 84 212 57 64 168 65
    217 198 85 117 128 239 81 40 35 1 26 165 37 240 42 216 209 194 192
    157 0 142 236 239 50 88 33 101 141 89 95 229 71 94 31 217 186 77 149
    118 81 29 54 130 21 120 96 37 234 121 164 39 172 246 102 252 162 77
    47 40 71 236 126 220 43 118 197 198 28 204 207 178 16 79 177 115 172
    218 213 184 180 120 111 204 1 67 145 223 126 156 19 36 19 235 22 106
    33 118 118 102 179 216 78 65 57 209 74 42 211 196 48 138 179 60 245
    66 33 14 28 82 89 119 156 193 213 150 202 248 88 199 104 66 170 173
    24 93 60 121 91 219 171 229 127 65 128 7 156 6 79 233 2 177 78 116
    48 3 67 91 183 183 114 52 9 118 15 64 217 53 83 114 105 220 152 91
    249 33 233 21 78 98 88 240 206 70 233 103 3 144 65 43 82 128 193 200
    149 242 78 218 106 66 61 220 7 31 220 38 229 203 227 228 53 99 201
    51 52 185 59 135 188 66 248 134 198 166 232 86 178 1 49 187 100 205
    166 114 7 133 19 29 167 225 27 163 114 129 165 147 4 138 191 174 104
    212 3 76 130 86 87 34 51 47 146 161 147 173 208 254 242 63 33 99 138
    85 174 222 223 118 250 58 161 231 145 74 231 140 22 136 43 165 135
    198 96 159 184 7 242 233 252 171 69 125 100 144 27 44 33 211 0 68 4
    162 146 17 51 131 79 101 212 63 111 119 36 151 113 39 211 43 144 253
    223 29 193 255 189 218 219 3 203 10 179 16 111 221 221 55 80 40 207
    17 218 70 139 112 112 42 194 242 211 194 177 240 13 106 158 106 28
    249 205 7 17 108 169 202 178 67 41 135 189 201 30 26 105 105 204 45
    56 4 235 152 83 47 1 82 83 123 15 75 27 94 62 252 95 179 66 146 207
    158 244 162 218 21 190 33 155 123 139 2 15 69 29 190 163 64 2 72 5
    253 141 55 58 212 115 118 208 6 190 11 13 62 28 146 106 114 175 137
    186 255 222 159 140 249 228 31 239 128 238 111 198 45 236 252 162 31
    50 183 164 78 82 56 67 105 162 243 216 179 39 89 162 55 131 68 209
    91 246 98 219 125 0 118 106 197 140 77 214 101 91 47 64 79 209 220
    247 28 127 64 92 24 21 236 227 163 109 190 253 19 117 248 77 252 57
    183 78 146 183 52 159 107 159 79 132 148 24 122 115 0 23 0 167 136
    197 224 167 57 191 148 121 217 211 148 47 94 101 10 58 239 68 225
    121 140 143 142 151 214 39 185 118 35 242 68 238 116 194 18 234 63
    62 136 135 3 237 225 55 98 246 165 76 167 57 18 245 179 150 110 225
    35 114 76 254 201 241 87 88 158 50 0 165 57 38 34 96 37 149 37 54 18
    5 121 143 98 249 159 75 7 103 239 171 125 110 64 184 31 38 188 12 99
    132 100 94 7 225 213 23 199 62 162 40 160 129 179 166 182 44 235 251
    89 77 235 187 32 164 75 139 202 67 135 203 100 136 73 40 155 110 151
    56 222 120 230 76 251 72 65 39 93 58 29 48 150 53 170 201 52 84 241
    97 217 56 88 3 85 45 207 211 101 239 200 231 201 142 173 81 227 90
    58 11 129 177 126 150 202 33 58 145 63 111 252 185 175 251 54 216
    174 26 230 225 203 33 203 193 204 171 4 244 171 94 191 249 169 197
    203 163 7 78 44 130 70 183 118 210 150 97 248 137 11 240 113 145 120
    105 199 254 137 234 37 211 42 104 245 79 222 82 245 37 233 159 204
    28 112 104 251 120 201 192 178 66 179 196 81 90 140 150 253 54 22
    153 41 59 98 196 144 151 65 132 22 101 12 19 255 190 61 58 79 204
    127 66 215 196 235 12 128 26 186 167 181 34 140 23 110 43 22 162 132
    210 144 62 100 225 186 190 176 67 190 76 0 249 223 116 22 12 118 191
    105 228 8 220 238 74 46 176 226 15 186 158 248 124 223 170 69 86 2
    181 221 221 33 178 207 54 9 111 68 27 60 152 250 199 76 50 222 105
    123 162 193 210 43 97 84 168 69 49 212 146 183 7 142 102 231 252 242
    170 32 50 151 13 47 14 240 251 220 144 155 191 224 171 139 95 127
    124 218 196 205 240 149 54 138 21 82 183 175 250 109 25 211 96 19
    113 255 55 201 61 70 146 235 119 103 3 233 211 23 222 197 208 103
    144 228 2 200 85 61 156 18 213 151 177 87 99 68 30 226 149 182 7 155
    255 15 217 43 183 24 193 53 7 223 167 77 136 202 167 210 185 91 166
    0 56 213 197 242 60 78 152 182 129 5 100 84 244 219 216 253 32 190
    105 154 231 188 176 172 248 97 138 242 253 180 200 0 174 5 74 51 212
    35 171 151 215 202 114 126 230 105 233 26 168 152 74 171 1 183 99
    245 140 54 4 205 58 161 171 157 118 146 34 44 9 169 236 11 210 128
    160 120 207 117 84 247 11 2 198 77 7 101 18 181 18 187 237 31 39 236
    165 87 155 131 93 155 145 133 175 27 71 90 218 226 18 224 194 103
    168 105 173 218 187 146 152 191 239 47 199 148 39 139 237 228 137 81
    246 100 46 248 220 217 118 26 213 251 178 172 220 229 117 97 106 53
    27 191 137 108 80 48 186 229 37 36 229 198 241 248 205 253 196 38
    127 13 179 176 79 19 16 165 149 131 226 157 87 52 119 29 178 55 105
    2 101 201 6 10 186 115 87 110 234 129 170 213 117 155 124 92 12 103
    249 53 132 71 59 228 61 208 203 132 140 169 210 53 188 22 6 108 66
    255 124 127 228 35 151 123 69 59 133 119 121 4 244 22 44 161 240 8
    252 98 208 199 167 164 26 233 255 92 147 119 53 198 132 117 176 154
    213 130 7 212 111 186 79 80 245 251 34 47 223 181 249 5 164 231 172
    196 91 219 124 115 152 245 209 173 216 236 146 28 70 56 11 33 100
    173 34 102 247 126 15 18 171 92 136 156 122 59 194 96 167 92 103 79
    96 82 203 5 170 34 108 109 184 127 21 85 182 254 158 187 11 58 2 34
    229 0 46 215 225 43 122 99 57 146 198 182 73 189 203 130 21 63 93
    228 238 87 10 88 180 89 109 129 210 238 161 32 22 133 222 152 177
    168 55 54 190 116 53 52 132 97 145 181 154 145 128 98 129 9 76 70
    215 50 233 212 131 50 217 142 32 67 184 183 230 198 141 126 111 181
    54 58 223 177 86 23 118 153 128 118 73 100 10 135 2 18 17 36 8 251
    18 228 233 93 195 233 49 162 116 96 104 109 5 36 53 93 166 139 84 80
    132 53 139 93 83 238 131 214 136 109 116 207 165 203 100 165 119 235
    119 47 185 208 105 21 54 159 104 133 162 233 181 62 236 40 177 188
    148 158 162 208 5 198 19 39 142 221 229 137 93 102 127 131 46 202 43
    54 48 170 187 221 120 11 125 210 133 142 222 125 131 65 167 178 166
    252 41 42 58 84 112 140 170 213 30 0 54 174 218 186 187 150 81 13 45
    81 177 7 3 233 78 126 94 241 99 186 175 127 220 222 93 162 205 162
    207 24 210 198 247 137 157 68 78 171 23 151 4 118 231 8 99 127 46 89
    154 177 19 193 93 158 212 99 58 9 170 235 160 123 74 204 52 199 158
    25 41 161 35 147 145 79 166 0 123 33 162 242 16 38 46 147 211 208
    190 97 106 231 219 246 54 22 244 176 233 231 203 4 38 112 149 128 47
    204 53 62 0 194 81 128 28 25 139 155 203 200 119 168 169 156 30 144
    198 58 188 96 202 52 144 100 147 122 144 189 70 60 189 58 95 83 192
    214 101 220 23 137 31 40 68 122 161 157 191 142 59 184 160 230 99
    252 119 50 30 242 75 67 186 202 235 213 138 21 164 223 145 153 36
    253 110 103 94 38 2 183 59 251 90 224 205 6 178 159 147 59 152 51
    237 45 5 143 101 178 81 174 10 117 185 176 193 190 1 198 238 129 180
    253 31 213 224 0 168 255 217 107 178 250 147 47 254 132 30 160 155
    142 68 7 89 185 61 167 79 223 9 67 136 122 92 142 2 139 121 123 157
    10 12 131 122 114 242 242 181 195 215 26 160 170 62 234 83 53 214
    121 148 227 144 3 75 206 60 3 111 78 17 20 102 178 118 82 253 37 48
    234 209 186 204 133 106 192 197 186 68 248 247 80 251 207 139 188
    169 117 45 20 111 20 180 193 80 194 209 215 44 241 220 153 19 20 2
    63 71 68 185 49 28 189 54 105 17 1 97 33 10 178 105 242 53 15 207
    248 86 129 21 204 78 129 75 95 151 148 13 20 157 240 143 62 46 60
    193 125 132 18 207 63 169 26 174 122 47 204 147 164 248 48 68 212
    136 191 57 150 167 177 161 227 102 169 202 125 241 16 68 166 15 86
    128 238 18 69 55 73 237 9 148 146 25 182 241 73 187 124 39 243 205
    167 128 230 160 74 40 145 165 127 84 125 208 196 7 97 16 4 35 52 189
    229 247 113 27 229 152 187 225 162 23 79 130 105 75 175 72 224 111
    54 102 16 207 255 217 241 81 31 73 76 49 158 109 89 195 218 125 146
    112 74 57 121 242 105 164 67 144 61 128 49 228 29 217 110 65 212 38
    182 207 52 22 193 187 212 221 88 161 242 48 127 88 164 137 233 188
    92 237 134 198 125 221 228 47 214 219 222 186 199 234 211 19 225 74
    65 254 13 36 27 167 122 164 193 115 5 70 61 180 248 235 243 63 84 28
    152 212 165 185 149 183 145 14 103 104 97 37 94 174 167 168 62 200
    92 140 218 255 221 87 163 239 95 247 217 54 189 249 239 63 227 148
    167 15 152 232 252 52 120 22 106 108 192 104 191 61 81 245 93 159
    162 159 89 162 193 93 164 211 12 82 155 124 159 122 251 140 32 153
    52 112 120 226 219 240 97 253 129 217 121 15 128 0 84 46 175 100 251
    121 234 116 191 119 188 204 144 163 12 211 55 89 184 168 92 65 229
    234 169 126 123 174 54 142 45 90 181 70 67 28 240 55 246 52 93 43
    184 168 231 75 53 199 160 124 228 125 247 178 171 179 80 7 200 55 67
    11 143 131 130 240 133 88 22 209 206 224 15 89 49 221 1 76 15 6 9
    238 186 169 23 25 114 61 41 253 104 159 194 125 173 20 86 29 188 99
    226 151 232 64 32 67 39 45 189 100 79 182 138 61 91 225 12 211 28
    156 185 18 58 169 43 218 107 124 148 79 68 142 207 161 132 103 7 198
    167 57 183 143 61 10 149 48 237 18 40 177 166 205 81 218 55 234 93
    65 247 184 124 158 242 232 146 120 165 192 16 227 233 129 174 14 178
    161 149 155 110 215 106 58 244 110 109 196 31 169 224 228 158 62 73
    55 216 219 231 210 131 195 215 118 190 33 203 230 230 61 252 98 243
    74 50 85 212 196 188 0 58 125 71 42 175 95 53 78 25 35 39 239 15 28
    24 161 189 6 101 245 210 152 71 4 136 207 137 212 162 30 66 111 131
    249 101 50 28 2 154 34 103 45 152 190 90 94 103 97 175 26 127 232 92
    249 205 179 171 4 147 12 128 94 253 212 145 186 34 155 246 140 186
    173 233 177 198 132 199 202 94 47 100 61 217 177 0 161 197 30 189
    198 113 236 228 236 166 90 232 48 134 41 180 200 39 165 127 186 187
    194 19 213 220 193 242 191 137 141 55 4 40 53 193 236 250 103 9 208
    102 136 175 111 131 101 113 105 169 83 58 72 164 149 120 21 192 167
    250 113 114 239 187 191 189 123 133 246 197 117 129 133 202 34 35 10
    126 242 255 188 49 191 156 35 239 41 101 62 232 186 132 139 184 120
    16 195 228 255 230 121 95 108 63 174 157 239 249 126 35 169 8 86 32
    181 125 184 132 36 66 184 238 238 23 86 60 18 149 173 1 107 32 94
    139 245 55 44 124 14 160 206 151 173 63 211 65 100 37 169 26 12 20
    130 199 161 226 163 193 231 134 33 112 209 79 26 15 124 47 16 77 124
    9 40 35 164 21 122 155 12 194 150 158 160 252 166 118 176 14 97 251
    154 200 215 234 97 168 171 32 21 71 108 244 210 71 145 97 69 110 38
    8 198 227 188 135 43 183 23 63 85 97 248 225 2 69 113 106 234 9 187
    188 12 247 241 59 30 55 245 12 61 0 104 48 35 92 187 79 235 222 128
    85 100 213 99 254 166 5 242 65 49 30 45 86 118 234 113 246 76 214
    185 4 123 35 209 88 248 38 190 64 227 5 168 61 118 65 124 252 131 58
    255 145 202 213 172 170 222 222 182 91 88 64 120 219 211 104 44 130
    19 135 5 75 149 224 91 53 15 83 219 130 103 67 31 26 22 86 135 249
    244 159 82 174 196 127 26 114 99 254 184 174 78 37 157 78 155 24 49
    63 72 154 207 246 45 20 197 225 202 106 233 134 72 28 15 92 231 121
    18 169 193 134 251 224 150 169 98 212 87 1 133 89 34 221 19 89 254
    204 119 219 126 136 215 191 229 116 8 84 111 108 236 227 43 41 249
    221 21 181 65 173 229 135 3 237 145 107 14 145 224 97 174 20 160 85
    115 225 251 69 12 143 91 90 239 144 182 7 103 40 158 113 87 46 161
    90 106 205 205 252 194 153 114 11 6 255 211 127 210 34 123 151 225
    151 233 6 110 189 31 134 151 241 68 184 27 202 87 26 90 192 235 145
    26 227 73 126 211 112 156 34 74 218 33 128 20 68 131 162 38 234 160
    185 156 62 199 135 87 159 100 151 157 129 160 213 211 189 214 250
    243 101 225 197 70 24 70 87 134 94 61 13 196 6 143 167 115 202 70
    215 151 19 110 176 207 106 246 63 105 139 245 70 246 154 94 255 138
    160 248 70 150 132 100 21 7 158 239 234 186 141 240 151 54 196 204
    234 99 52 129 136 45 214 91 252 29 188 219 48 217 3 47 58 177 8 27
    206 184 189 101 85 255 201 124 102 212 53 142 83 83 90 237 68 182 20
    167 110 176 49 42 155 221 66 122 134 46 95 124 171 175 62 100 74 254
    17 132 71 25 118 195 163 147 238 206 137 155 17 83 37 106 55 213 151
    20 223 9 218 172 152 207 46 156 7 234 33 50 83 222 0 10 179 12 13 9
    116 9 44 248 139 28 179 117 111 250 229 123 154 93 72 98 39 174 17
    132 8 83 241 1 120 42 147 21 68 84 150 118 92 127 29 118 25 140 10
    240 79 246 71 153 68 211 70 223 71 55 215 142 63 131 197 9 61 89 125
    162 234 213 228 233 76 131 209 147 0 30 121 158 241 188 172 248 151
    38 204 20 167 208 51 123 50 167 250 14 128 145 57 145 115 182 138
    204 203 83 26 125 242 204 188 30 130 18 128 143 249 129 245 189 176
    248 72 28 178 165 138 190 197 0 186 97 12 181 208 128 204 25 227 74
    142 250 246 53 102 63 27 32 94 139 3 105 55 36 77 244 168 30 99 247
    36 99 249 54 53 18 214 204 193 105 193 209 26 222 148 194 54 9 130
    207 47 163 158 181 10 231 23 235 199 138 220 168 109 190 58 181 77
    13 130 228 13 20 234 197 205 96 175 165 155 211 167 117 23 33 51 91
    182 230 139 52 8 130 233 150 146 182 84 37 133 43 47 40 90 113 154
    129 212 224 251 5 61 121 162 213 124 208 11 33 237 99 196 25 236 46
    175 67 82 187 13 169 244 126 202 180 199 122 252 160 137 175 161 155
    181 73 6 34 31 11 54 213 83 240 8 32 205 161 119 16 107 48 194 112
    188 61 156 34 169 39 150 132 63 213 90 219 32 252 22 181 12 136 252
    214 110 15 9 217 105 3 222 39 63 65 75 203 211 219 85 72 158 108 109
    77 62 110 78 104 135 117 9 228 185 154 48 170 161 54 100 154 251 158
    178 215 30 150 241 93 151 233 9 235 31 209 250 34 223 244 55 191 142
    113 174 136 131 231 25 8 239 137 82 187 31 234 60 190 157 121 50 88
    135 148 29 181 161 190 87 46 134 53 102 79 110 99 155 201 4 25 150
    76 183 249 5 213 243 228 26 168 73 115 246 133 77 105 48 68 43 207
    119 102 252 128 128 59 170 237 71 70 61 63 65 246 130 36 43 198 170
    225 151 71 75 107 52 129 158 14 108 166 255 113 12 112 25 244 180
    231 210 0 70 190 216 233 107 5 19 152 80 118 239 43 228 163 67 131
    115 110 188 168 176 208 169 139 134 137 70 159 57 72 89 175 110 162
    229 248 18 203 228 185 220 250 65 24 139 140 254 6 19 43 6 12 62 91
    91 227 81 126 197 197 254 13 248 131 104 16 100 86 184 214 209 91 33
    223 73 39 118 126 85 84 37 221 97 240 158 166 58 210 124 239 181 222
    5 46 25 234 33 32 250 228 162 95 83 111 152 99 38 238 43 1 96 84 190
    212 184 68 211 174 17 230 104 127 221 131 200 74 158 200 195 125 49
    180 161 87 25 203 3 63 60 243 209 117 104 251 34 4 242 153 111 193
    54 131 117 13 139 4 51 78 171 26 2 156 227 244 78 108 147 4 239 134
    79 85 79 165 138 215 96 44 131 146 102 138 236 47 240 51 240 197 51
    219 0 22 255 253 75 74 9 208 72 233 218 158 142 119 56 207 222 252
    109 132 142 189 169 200 208 168 76 49 41 39 13 96 20 219 141 97 29
    209 83 82 4 246 224 141 54 189 190 68 176 85 126 220 181 53 12 81
    121 19 155 72 30 115 245 31 74 78 229 213 45 94 111 27 200 46 67 184
    17 218 137 139 205 204 148 151 43 95 198 252 87 7 32 61 52 177 158
    209 172 49 204 197 136 23 201 85 53 77 59 104 139 143 103 172 36 158
    214 40 166 28 149 9 77 86 91 14 42 249 46 192 70 3 115 187 5 74 89
    37 49 168 29 194 11 68 122 13 195 180 8 242 214 64 77 67 64 167 117
    176 92 201 73 206 214 28 130 240 100 113 240 230 232 178 19 178 109
    209 254 57 81 130 115 157 49 161 20 148 127 33 226 126 123 18 163 61
    254 196 211 167 205 40 187 57 227 147 72 231 201 42 223 158 116 250
    1 162 93 44 138 180 108 186 138 28 12 155 41 243 63 40 55 122 249
    114 5 246 146 122 119 177 154 113 145 171 209 173 154 195 90 94 254
    64 242 88 90 171 17 147 129 52 91 69 72 120 58 109 244 17 198 125
    179 191 165 183 201 187 159 84 102 27 105 180 243 53 221 145 178 146
    64 156 22 251 128 42 80 143 18 60 141 2 13 116 38 123 114 3 14 216
    251 246 90 156 45 201 88 10 230 24 246 110 186 125 224 123 224 184
    195 51 184 254 99 173 122 135 227 146 54 70 113 233 44 106 78 18 237
    178 82 173 126 35 128 114 169 36 208 122 209 69 238 118 106 153 213
    231 108 66 22 141 24 176 242 247 88 168 76 168 173 26 49 214 209 224
    2 39 245 53 49 62 42 77 233 58 21 84 153 111 199 0 205 233 34 40 128
    206 251 51 157 83 29 97 66 202 134 0 94 225 229 57 252 220 198 175
    35 30 99 127 99 226 151 75 189 176 95 202 81 217 230 200 56 159 60
    214 63 65 138 1 130 175 226 108 232 113 54 13 255 186 219 195 209
    238 118 185 41 131 92 56 250 29 70 173 102 109 130 169 80 140 135
    115 200 189 158 154 203 172 215 81 170 81 36 94 198 33 51 209 52 98
    19 109 68 71 101 23 195 221 5 232 161 250 169 230 83 47 46 69 28 186
    53 125 18 248 11 219 168 179 63 37 146 209 184 225 213 148 80 113 38
    30 2 106 86 254 249 158 25 126 21 49 100 35 235 20 88 7 20 133 174
    73 144 20 83 133 255 204 21 45 232 29 43 45 118 43 16 184 170 72 71
    159 238 209 53 14 219 187 79 50 171 175 111 61 192 176 42 171 238
    143 216 236 63 102 172 161 209 203 115 19 49 212 141 199 98 59 133
    103 126 6 204 223 73 174 223 177 238 25 31 232 255 200 76 182 137 17
    147 48 126 48 5 127 229 30 17 38 87 62 37 9 69 23 227 134 202 239
    183 177 128 224 109 72 81 118 242 61 182 82 101 11 93 214 205 135 26
    81 224 203 223 64 55 95 91 143 211 218 213 228 109 40 235 112 103
    144 140 194 190 61 46 180 43 59 25 234 148 89 44 205 224 35 206 120
    210 202 2 11 109 190 94 81 176 5 216 80 37 55 219 231 100 192 99 141
    249 245 189 50 91 139 237 186 56 57 197 206 246 75 225 98 146 91 57
    199 253 198 119 79 200 129 21 62 206 31 79 187 21 29 74 138 145 73
    242 69 148 252 178 134 188 34 235 70 48 206 128 226 211 246 89 43 80
    26 137 125 38 218 65 16 72 30 5 19 164 216 100 252 91 141 133 30 227
    230 6 189 123 189 4 229 77 117 8 72 86 168 185 105 242 220 93 240 30
    64 48 230 77 141 38 103 13 9 81 45 202 68 228 81 34 135 44 67 211
    214 198 88 25 194 232 227 93 219 100 60 30 115 170 77 222 193 31 146
    47 199 40 14 254 230 226 108 101 66 110 246 174 108 109 220 150 93
    23 43 90 63 197 229 153 149 35 50 200 252 180 159 228 26 170 96 29
    25 6 168 113 235 210 143 63 104 8 59 24 96 157 201 213 203 117 219
    35 182 90 101 185 26 104 153 53 143 54 110 237 236 80 146 14 13 252
    83 151 140 57 21 17 219 55 72 60 35 170 225 63 146 17 174 196 197
    147 120 0 165 72 15 154 116 146 192 166 68 136 25 252 111 118 33 195
    40 181 227 49 6 71 4 20 18 10 125 234 77 116 158 129 64 131 128 113
    79 121 56 236 197 227 159 225 127 71 224 111 64 170 116 149 61 95
    162 70 216 85 29 166 252 171 254 121 125 184 142 84 93 119 251 115
    49 211 221 144 77 134 221 82 60 201 4 25 6 47 33 202 9 253 55 53 69
    143 67 124 49 178 161 72 104 32 201 40 148 28 106 95 115 74 43 83 52
    205 78 20 252 167 225 116 226 97 124 95 80 196 171 76 128 190 232
    151 28 83 156 28 176 40 114 185 237 44 64 3 131 234 8 76 177 203 109
    12 181 222 89 212 57 35 59 63 62 15 225 7 144 132 66 101 211 215 240
    212 52 138 253 91 195 140 163 213 124 77 4 125 27 81 209 140 139 187
    106 9 254 184 116 252 131 46 189 159 184 15 109 181 154 151 133 252
    69 13 173 181 33 37 191 21 5 215 30 144 158 227 172 101 209 141 106
    116 141 6 9 130 39 213 121 55 102 89 226 2 236 178 79 171 164 62 46
    46 160 126 131 160 46 14 67 117 236 120 19 44 211 251 79 20 59 54 45
    69 205 114 244 195 110 176 121 75 122 194 18 187 212 89 39 229 171
    252 218 91 10 220 143 250 151 89 63 155 102 76 65 215 109 61 190 220
    157 27 191 183 219 190 214 206 108 199 69 255 27 14 131 204 154 211
    168 153 13 107 164 83 126 206 6 95 115 200 60 138 248 108 87 0 80 70
    163 105 86 118 150 18 134 53 62 191 23 70 33 149 11 64 132 242 54
    234 64 153 133 50 146 245 90 61 151 252 112 162 234 145 192 182 124
    222 14 210 74 114 90 134 89 127 163 213 110 71 210 163 141 157 19
    171 213 243 64 65 246 65 37 170 13 202 199 216 102 36 34 177 193 22
    186 182 187 117 85 87 214 110 20 72 59 128 3 163 151 119 36 181 12
    210 232 129 96 6 239 28 202 21 103 160 21 176 56 74 90 148 5 27 195
    228 181 48 41 113 195 140 210 139 184 212 97 220 117 14 244 145 250
    38 160 209 76 197 98 116 61 38 35 183 217 149 8 177 5 43 71 6 247
    195 81 222 68 172 217 213 160 72 113 164 111 136 66 234 48 183 35
    156 12 45 55 97 33 169 240 111 30 228 50 102 140 94 35 76 133 112
    128 238 242 241 23 207 85 132 85 59 184 131 65 21 99 214 80 14 209
    99 10 145 72 148 82 197 45 157 239 110 17 102 144 4 209 39 223 6 88
    101 249 217 149 223 64 45 179 237 9 12 16 143 62 98 255 95 97 200
    244 74 243 130 3 60 217 199 67 158 106 252 135 5 167 179 123 53 168
    180 196 240 187 26 193 226 222 136 96 46 209 105 56 191 116 245 135
    248 230 113 53 202 96 164 189 89 121 99 175 15 91 157 30 122 38 33
    167 140 179 226 30 143 166 207 81 67 18 170 34 185 10 135 213 46 77
    144 141 6 127 221 178 72 32 135 64 147 247 237 37 60 102 201 21 107
    30 243 41 54 17 184 225 162 118 208 180 159 124 197 170 100 19 96
    109 77 7 118 184 192 55 114 167 251 112 37 33 180 150 76 94 133 249
    181 227 132 185 198 223 193 246 205 251 188 50 247 6 126 143 184 110
    154 135 118 25 71 15 86 207 40 47 111 4 193 4 123 79 77 161 112 213
    162 238 204 123 225 237 33 143 75 124 189 176 25 43 185 247 100 173
    112 199 16 42 73 217 124 94 118 99 169 82 98 220 190 225 216 17 245
    28 61 5 138 102 47 96 130 223 139 7 74 189 41 177 193 97 92 92 185
    193 180 7 101 121 17 114 20 209 244 245 207 18 244 138 8 218 65 232
    91 118 154 120 213 29 108 155 166 8 33 6 31 193 51 139 23 13 71 8
    147 2 124 212 28 212 10 84 79 220 99 153 191 116 9 173 205 36 68 194
    96 184 35 63 84 113 180 99 29 38 198 45 230 49 77 68 97 47 77 201
    140 14 113 153 61 83 179 174 169 91 0 85 245 233 117 101 87 71 205
    205 80 200 103 165 95 149 198 43 76 17 76 236 122 72 208 177 168 53
    84 105 211 221 207 78 178 235 247 219 125 237 15 53 83 65 136 154
    194 55 119 105 45 118 208 119 234 159 48 95 71 90 131 4 124 168 210
    84 95 230 70 98 150 208 125 77 128 44 203 178 2 79 202 204 91 244 83
    75 28 110 194 121 158 28 29 116 203 184 40 92 189 172 155 235 19 27
    195 91 139 141 61 255 44 3 85 156 187 247 226 90 200 14 73 9 210 76
    236 88 24 73 159 59 233 17 160 128 45 224 85 71 67 19 218 62 133 132
    161 180 214 110 60 54 94 72 12 195 230 38 49 114 146 168 180 151 169
    239 232 36 14 75 123 203 82 36 20 205 249 243 84 242 53 29 208 90 20
    240 117 122 109 53 111 49 60 208 148 36 152 79 11 137 112 28 26 180
    72 80 121 38 119 222 38 155 41 194 36 68 180 130 16 247 136 50 145
    213 147 188 67 157 13 193 216 245 179 32 211 31 119 90 88 70 153 246
    148 148 146 207 12 149 188 170 200 219 62 176 170 228 59 173 53 53
    131 142 89 125 187 102 114 181 229 31 197 61 209 142 87 6 121 169
    251 244 20 206 75 215 170 61 36 190 58 229 223 30 124 146 12 28 244
    55 152 63 98 171 212 153 24 205 94 155 208 103 24 9 64 205 243 109
    152 169 119 31 79 208 73 232 0 103 101 136 212 11 12 197 201 115 123
    40 130 182 36 72 74 5 67 5 164 64 213 98 15 45 202 33 236 158 218
    127 178 178 215 102 44 67 81 84 179 15 181 67 175 111 245 64 204 52
    128 185 177 205 158 176 96 157 48 26 109 216 167 56 208 47 121 19 3
    239 89 27 203 183 144 165 47 148 53 108 141 39 132 146 28 197 22 145
    157 212 21 169 209 0 104 3 236 222 198 169 236 145 91 9 204 168 184
    244 124 130 196 43 124 136 246 221 227 208 182 219 88 217 227 145
    152 6 171 97 1 228 27 97 77 40 56 7 82 106 229 224 219 13 66 34 4 42
    235 76 23 169 163 74 59 92 8 100 67 114 228 70 185 61 154 132 144
    208 42 129 173 22 90 238 79 63 30 208 111 80 61 215 160 230 161 59
    136 147 155 130 165 246 108 140 46 127 229 168 224 21 164 189 198
    159 198 226 172 185 43 133 29 86 191 73 73 233 12 170 228 245 50 11
    222 99 23 45 193 228 6 125 124 101 244 251 131 141 140 237 12 85 199
    81 13 241 251 187 151 203 143 255 36 246 204 175 228 29 224 139 207
    108 230 7 80 12 169 65 76 153 182 127 230 102 202 51 214 122 37 234
    227 116 218 96 172 162 167 210 47 123 180 20 45 139 135 63 133 206
    68 210 244 137 227 186 224 119 47 106 177 2 145 182 206 212 59 190
    248 168 93 49 42 146 129 179 122 232 202 246 177 58 236 47 138 106
    205 18 237 61 168 66 75 185 19 146 28 187 133 215 246 105 32 220 41
    48 199 86 100 164 244 210 39 139 227 129 152 191 221 228 253 219 29
    150 154 235 111 130 142 218 243 28 203 43 122 70 222 157 189 138 109
    210 110 237 135 106 17 9 65 132 87 252 136 107 90 64 152 14 73 166
    66 225 78 213 6 69 175 214 99 63 221 197 236 181 179 155 159 178 82
    185 233 28 108 204 48 60 116 84 147 67 220 85 84 0 207 227 42 35 37
    187 8 142 75 224 235 244 82 100 36 45 74 199 230 227 127 213 17 13
    252 114 131 215 29 117 74 185 63 126 82 195 236 77 58 85 99 150 229
    106 173 190 34 51 77 59 84 91 15 106 194 133 24 40 221 98 70 78 194
    2 64 218 244 178 54 49 100 102 7 81 197 216 55 73 14 226 16 244 156
    121 134 136 169 221 88 80 83 23 44 74 238 253 20 102 112 9 132 112 7
    75 92 170 112 104 115 4 174 251 168 166 24 6 17 96 208 124 138 183
    98 151 5 78 212 106 220 24 127 228 192 43 80 185 66 169 224 223 98
    175 44 235 178 210 200 105 214 149 46 249 209 89 2 86 47 41 229 200
    179 91 217 117 1 140 208 100 245 153 208 116 134 192 189 216 232 88
    30 123 30 174 214 254 102 73 126 90 21 98 138 54 4 179 65 120 84 26
    171 61 101 239 38 227 106 111 193 235 131 78 0 251 220 125 58 11 214
    112 127 27 7 156 42 123 149 17 100 146 27 21 208 141 89 116 228 233
    254 167 86 223 87 4 171 134 223 15 88 151 26 224 11 106 157 151 73
    165 46 102 250 184 186 255 229 100 112 75 7 181 191 13 221 86 95 74
    128 250 8 76 98 15 216 94 32 6 61 69 4 104 153 43 229 222 87 195 84
    172 67 121 104 181 98 110 147 227 49 86 122 177 44 125 218 200 252
    92 223 112 148 122 120 142 127 90 252 31 122 163 67 174 233 243 230
    128 136 78 172 192 78 80 145 185 17 238 195 127 3 152 217 132 100
    138 235 34 29 196 39 227 172 179 100 189 94 77 5 11 201 210 234 76
    95 212 214 114 116 144 124 38 144 13 163 8 28 107 95 96 179 27 106
    46 133 154 92 111 25 193 28 53 138 126 240 90 20 81 203 149 187 101
    103 38 214 87 168 62 55 221 114 159 232 129 84 155 81 140 64 18 231
    33 88 67 231 180 25 232 155 115 29 144 108 212 18 129 55 71 54 197
    128 64 92 253 164 110 73 49 157 216 179 98 117 132 57 254 219 21 250
    124 97 54 164 23 220 217 129 64 213 133 99 144 72 93 157 166 208 166
    244 157 173 167 210 246 172 145 209 143 124 100 50 18 46 130 206 152
    149 50 96 127 222 124 42 140 160 117 25 46 230 85 199 31 9 97 79 116
    234 62 168 245 172 165 70 69 28 205 95 90 199 110 33 113 3 120 193
    187 109 63 105 5 197 138 136 211 34 231 185 20 51 212 35 82 172 60
    28 197 225 238 139 124 197 128 91 123 187 156 160 53 75 160 134 102
    9 35 181 95 110 167 66 132 215 64 59 18 43 255 141 93 33 131 124 22
    159 155 106 159 149 193 71 222 124 238 235 4 8 210 129 22 80 19 9
    138 63 7 86 61 206 157 133 0 248 90 107 82 165 7 233 95 224 131 150
    230 155 69 2 8 15 145 193 89 173 166 29 159 164 39 58 162 186 23 66
    15 190 92 216 203 147 231 222 147 177 247 27 37 81 173 212 63 91 96
    64 0 125 202 17 4 43 173 1 247 202 162 143 149 158 66 205 18 22 226
    177 34 47 215 6 43 14 127 177 241 19 228 87 83 56 144 93 182 171 18
    7 93 248 166 107 79 129 80 4 109 2 252 15 2 78 202 73 161 233 15 80
    49 164 37 6 34 154 169 249 7 40 143 59 234 99 229 67 49 211 240 220
    108 59 250 117 141 23 149 118 76 18 9 32 90 230 31 86 222 133 138
    178 254 78 84 224 196 182 123 139 183 39 72 254 156 180 120 107 179
    62 136 105 62 55 214 13 133 64 83 112 200 230 89 91 66 210 230 77
    157 114 39 85 195 22 11 45 77 153 204 224 54 169 231 100 240 91 196
    85 89 207 34 203 11 250 157 247 115 10 143 185 101 59 12 123 15 229
    61 179 189 16 3 78 220 21 235 31 191 55 109 245 214 174 199 177 48
    41 18 111 43 162 216 171 5 15 119 121 23 239 84 250 189 165 57 52
    192 211 155 41 116 76 222 49 28 27 37 67 40 150 46 245 238 231 215
    140 20 240 115 144 22 37 223 119 218 9 141 246 187 138 53 61 241 105
    216 83 171 92 22 189 1 41 25 208 119 120 114 162 18 160 35 84 108 84
    64 130 155 104 84 175 15 153 51 226 134 246 234 166 184 113 215 184
    104 140 137 103 194 46 130 61 129 188 79 149 43 152 103 66 174 201
    67 83 101 247 218 233 55 2 211 218 43 98 104 220 105 15 210 158 41
    231 188 200 171 180 223 25 196 227 88 102 190 208 224 101 138 21 131
    189 89 57 52 120 235 145 228 240 23 239 192 210 179 78 65 224 160 98
    104 150 82 133 14 93 160 72 40 17 251 209 69 121 182 138 86 162 160
    119 105 183 186 148 45 1 17 83 237 39 107 68 184 64 128 216 180 110
    170 125 12 201 181 65 70 183 169 113 168 154 115 60 217 144 227 78
    35 137 237 45 54 225 108 155 47 42 44 22 239 200 82 114 166 140 65
    139 189 49 170 165 164 3 111 38 145 117 192 212 97 186 239 72 90 234
    158 50 73 65 182 145 146 67 107 38 44 189 140 153 112 212 188 191
    172 248 253 223 42 162 88 131 179 18 184 217 183 86 215 49 203 98 27
    171 54 80 144 110 192 233 222 211 126 143 145 108 49 189 163 181 191
    59 230 218 78 203 61 2 70 88 128 104 195 239 140 66 37 252 140 104
    37 43 168 192 218 117 190 106 59 134 124 190 164 255 205 48 200 52
    252 19 11 13 207 60 92 9 56 99 181 148 106 52 80 168 109 148 177 189
    227 82 96 215 190 5 161 175 191 87 31 108 153 196 120 162 134 251 62
    15 68 222 65 71 184 196 11 227 72 75 234 89 30 103 39 65 140 221 253
    143 68 25 58 49 118 222 103 7 110 203 220 179 59 241 139 16 76 171
    176 247 128 191 228 214 62 117 174 235 94 93 204 102 93 92 196 250
    37 1 246 241 66 171 84 169 214 112 105 91 157 29 159 17 194 166 242
    242 61 11 204 94 162 64 235 99 27 80 250 20 56 54 75 222 129 117 7
    113 18 97 10 7 26 247 250 10 85 129 150 129 181 195 117 122 136 135
    125 82 67 75 137 85 184 225 242 44 250 39 1 206 151 169 157 176 155
    37 171 170 121 224 163 238 77 158 124 205 30 206 114 172 177 65 215
    178 143 238 152 132 99 110 216 60 232 148 22 166 205 68 144 216 18
    247 191 103 164 254 122 89 35 6 63 254 239 20 56 15 39 64 166 237
    126 175 168 51 236 122 234 102 186 69 222 196 221 73 56 98 11 108 14
    159 214 82 76 104 28 89 235 227 121 18 175 93 37 241 198 253 171 134
    250 99 109 243 9 140 13 29 77 50 244 121 62 15 29 72 109 85 140 84
    19 127 69 118 190 49 133 126 98 7 227 51 190 139 135 14 133 183 104
    162 140 130 225 230 218 229 60 152 205 233 205 31 144 25 137 148 25
    10 133 187 241 167 74 10 124 18 3 200 228 139 195 182 242 34 205 209
    205 163 79 65 131 89 90 12 171 122 183 154 104 129 170 227 231 83 84
    3 109 40 92 8 149 63 73 133 229 115 57 142 33 12 171 164 185 27 105
    18 199 25 9 8 159 88 38 7 136 193 176 250 93 18 38 141 153 252 146
    204 190 221 243 191 113 47 106 54 129 83 113 15 47 125 59 39 152 172
    70 239 6 222 244 140 101 180 238 142 211 56 161 170 10 116 205 241
    32 213 210 201 197 154 2 200 32 114 37 132 52 225 108 124 238 230 72
    67 101 88 97 175 161 203 22 89 186 241 83 10 156 131 236 224 235 88
    138 205 229 42 188 235 166 38 156 39 140 92 126 38 170 213 150 235
    72 8 175 242 15 159 54 217 146 170 171 51 69 44 173 143 195 59 171
    212 234 60 29 175 115 105 131 161 114 70 6 38 111 34 42 76 214 195
    38 107 141 21 197 248 55 116 163 60 197 84 25 103 247 218 13 194 227
    35 251 126 121 168 186 141 108 27 91 225 49 193 45 242 21 142 22 5
    238 245 214 37 118 193 1 182 100 205 157 218 42 118 178 172 6 220
    255 90 112 143 6 29 178 79 136 208 192 125 24 5 237 216 13 104 20 29
    178 106 151 12 7 249 45 218 196 60 8 106 159 186 160 251 32 3 102 88
    241 129 19 160 191 252 10 148 18 69 103 222 135 245 187 158 164 232
    46 239 237 229 21 54 181 76 9 170 32 153 4 170 161 119 40 191 137
    124 85 43 40 97 149 215 2 207 69 3 93 243 83 210 158 232 115 173 245
    151 83 180 140 234 133 196 3 239 64 126 82 227 70 131 146 193 73 102
    39 51 248 22 197 219 67 163 55 230 100 162 233 108 211 234 199 80 49
    18 41 19 218 84 8 226 168 38 94 49 66 132 40 117 76 31 216 234 99
    223 219 133 58 135 18 7 146 219 24 171</data></test_img>
<my_img type_id="opencv-matrix">
  <rows>100</rows>
  <cols>100</cols>
  <dt>"3u"</dt>
  <data>
    98 180 255 249 71 28 28 34 232 182 113 189 255 207 135 129 94 106 88
    211 255 197 141 3 142 6 253 219 55 118 69 213 116 27 86 112 116 193
    99 164 22 80 255 68 104 211 82 181 255 179 0 255 90 240 255 56 72
    220 80 59 113 253 253 237 115 53 18 179 231 61 167 99 255 57 195 192
    179 255 28 48 180 106 65 250 46 246 164 210 182 211 3 2 45 255 10
    210 234 8 226 255 123 247 219 255 44 67 195 202 19 154 97 37 71 110
    61 218 76 93 229 153 217 59 207 255 185 4 237 73 138 27 28 237 105
    248 199 171 241 134 214 72 230 238 146 7 128 164 203 125 14 218 12
    236 170 17 241 88 239 139 106 255 171 113 255 196 63 87 106 152 41
    62 170 95 215 14 255 168 40 28 18 140 159 51 43 166 176 253 130 6
    141 56 207 13 82 136 185 36 86 255 28 103 255 255 15 43 255 74 158
    251 24 70 219 68 222 255 198 165 173 255 255 24 39 72 255 78 183 18
    255 14 197 100 225 255 109 34 255 255 111 212 56 100 255 6 165 141
    162 182 196 116 116 42 114 30 170 103 68 208 7 235 81 252 53 255 239
    255 93 2 167 182 251 48 147 144 46 43 57 13 27 116 255 136 56 252
    182 218 140 27 62 161 81 72 24 221 107 144 255 255 143 3 84 101 185
    165 82 23 134 178 142 110 14 217 117 98 63 247 170 255 255 130 59
    238 85 247 251 63 255 224 106 129 195 11 255 184 174 212 61 206 42
    119 35 239 152 111 27 166 171 255 68 186 84 34 248 216 108 135 9 123
    104 255 25 84 237 247 210 35 177 187 118 18 252 255 30 95 255 220
    148 150 246 255 207 223 0 155 255 202 253 138 198 81 140 255 171 129
    255 109 182 63 255 200 111 255 224 134 64 212 124 255 254 231 146
    123 255 255 241 77 178 115 255 47 14 100 255 132 130 45 30 208 255
    110 238 56 211 83 45 252 28 255 236 162 122 238 72 23 50 6 221 255
    109 38 75 176 73 173 255 160 113 24 96 70 52 255 86 80 23 242 140 47
    255 119 90 202 160 42 209 255 110 124 254 59 136 255 255 248 224 104
    163 14 63 74 111 219 237 150 243 240 18 224 119 255 128 198 246 64
    200 198 247 241 191 87 214 187 60 166 250 138 255 151 211 168 255
    255 253 1 175 118 255 152 249 83 147 201 90 68 213 227 192 37 112
    110 207 120 65 194 217 64 255 88 239 24 105 61 239 206 139 255 13
    255 55 104 72 46 177 255 0 6 175 189 159 226 5 48 138 83 102 255 178
    79 205 129 107 23 84 46 150 30 255 188 120 124 33 112 161 246 190 83
    180 31 112 255 87 143 255 143 175 255 202 46 9 31 33 63 181 96 255
    239 73 217 227 215 255 178 167 174 190 158 35 110 9 234 240 255 255
    255 193 5 255 213 244 100 65 15 85 221 255 3 66 242 41 121 148 141
    65 124 66 255 23 253 255 109 238 87 205 56 128 255 163 255 166 255
    133 200 226 203 5 225 224 211 149 156 113 212 53 128 148 121 145 164
    86 101 76 46 255 34 113 221 255 30 147 106 255 96 135 109 235 84 247
    229 9 57 246 70 96 116 73 51 105 49 51 10 242 48 51 117 122 78 255
    210 37 4 128 255 136 127 133 183 200 255 0 108 188 255 22 161 45 246
    255 191 59 255 217 10 13 112 154 106 148 241 255 168 33 68 122 72
    193 198 129 206 140 155 180 6 96 127 215 69 255 73 68 19 113 209 193
    104 28 101 248 43 232 178 156 129 145 124 255 171 56 178 24 144 90
    167 44 168 25 169 255 156 255 29 123 0 150 139 156 201 1 255 136 122
    99 75 238 12 151 222 247 255 233 255 168 62 105 255 17 231 91 170
    255 219 34 70 223 39 255 255 121 73 51 204 63 188 30 248 4 31 102
    137 29 204 91 93 175 255 103 87 238 154 215 208 99 24 173 233 86 205
    29 36 145 170 18 73 152 3 253 127 47 151 36 255 118 125 192 255 17
    247 255 218 87 31 124 54 221 51 9 97 202 130 23 39 26 13 233 19 255
    198 132 255 67 215 33 216 255 230 98 82 141 5 227 61 182 255 109 203
    180 27 233 19 23 61 182 255 127 216 219 14 111 83 27 115 255 106 120
    68 140 203 249 26 138 77 211 33 253 183 10 160 3 255 255 217 43 88
    13 246 200 255 120 15 107 109 145 173 145 255 5 189 243 195 127 64
    68 51 228 171 117 180 205 248 168 242 44 255 220 14 224 59 241 156
    255 177 255 28 11 208 40 194 183 30 37 242 49 141 252 14 11 20 69
    169 86 196 200 100 56 218 255 176 255 45 76 65 83 238 245 255 70 165
    151 140 130 60 248 216 124 177 13 255 86 186 255 126 96 255 239 255
    255 194 218 116 33 164 187 64 203 145 71 39 179 226 180 102 32 180
    255 149 143 17 231 238 255 181 82 249 219 45 196 96 154 178 56 89
    164 239 96 191 7 117 143 163 2 255 250 6 255 46 70 29 95 217 139 255
    255 255 146 1 255 232 255 98 254 185 237 163 18 139 252 55 202 29
    148 93 254 200 192 8 187 79 196 91 93 86 211 68 74 152 162 203 172
    156 14 255 223 222 255 191 100 238 93 213 17 3 157 99 133 0 127 118
    5 255 27 74 185 24 53 139 202 169 246 175 162 51 255 114 255 178 187
    255 255 82 135 217 131 153 13 243 193 148 116 69 235 40 149 232 52
    98 15 100 255 226 83 170 32 179 245 133 181 215 214 30 248 72 132 51
    36 26 15 232 65 169 77 1 74 147 122 255 151 113 239 41 157 122 203
    75 42 42 40 110 255 113 23 255 101 135 215 48 255 98 67 52 251 28 53
    97 79 247 219 124 51 203 9 72 223 38 85 147 142 41 28 46 123 111 176
    199 78 26 198 124 212 178 255 121 141 171 77 10 214 171 238 237 202
    143 79 100 73 207 192 220 255 66 150 155 243 146 15 2 146 137 124 15
    255 72 255 18 30 250 255 181 40 120 242 89 255 209 255 248 31 252
    255 22 39 75 236 237 22 75 181 151 39 1 255 49 166 255 203 75 255
    127 255 255 145 229 153 55 149 255 136 153 235 255 255 247 89 43 129
    234 46 182 49 181 147 93 217 106 117 194 255 168 1 42 48 74 255 242
    204 54 143 193 183 204 77 169 171 79 255 228 124 184 198 52 255 102
    69 5 156 193 27 157 255 255 142 230 233 215 210 123 79 255 133 249
    240 42 94 207 255 99 127 207 242 117 110 7 61 255 91 107 255 181 255
    4 162 68 255 255 255 139 86 233 173 120 21 219 54 41 180 59 255 249
    158 255 255 175 172 148 8 105 255 112 171 143 165 1 247 158 166 200
    65 128 220 16 90 47 213 159 104 30 221 92 154 24 177 227 224 189 235
    37 255 254 73 228 152 252 27 131 119 13 48 255 128 95 198 129 179
    219 156 13 255 255 191 41 255 86 122 138 207 52 255 33 128 42 77 236
    164 32 51 252 147 170 92 27 186 22 137 134 118 237 7 208 94 216 207
    153 151 168 141 225 115 28 20 13 112 224 251 23 9 118 120 210 200
    255 40 188 188 55 206 20 253 255 237 144 120 96 181 10 254 94 55 51
    216 226 29 76 198 239 219 197 17 231 249 72 36 120 245 65 255 110 93
    122 195 255 133 247 173 255 28 165 244 89 117 38 127 127 255 2 217
    75 255 4 52 170 56 255 68 238 10 2 255 194 21 162 197 143 140 12 32
    85 235 79 162 255 230 88 160 115 213 88 232 191 150 31 84 98 29 229
    47 255 66 255 214 222 232 175 115 96 194 46 49 214 186 214 243 214
    246 180 138 238 222 172 255 36 200 10 111 161 255 51 61 102 37 152
    73 98 118 86 18 39 201 22 127 212 69 255 161 147 65 255 61 12 255
    183 145 188 64 82 255 211 122 182 188 53 120 25 84 26 250 77 248 123
    146 255 138 235 217 117 28 77 255 224 147 109 86 4 124 159 178 89
    116 143 216 44 161 101 104 170 176 167 255 245 233 125 112 39 82 228
    123 162 99 21 255 123 61 123 138 189 9 78 62 111 214 166 74 20 82
    110 5 195 255 136 122 255 116 218 96 77 255 151 239 144 192 17 220
    159 169 171 14 37 255 142 136 160 81 3 127 179 70 248 115 92 113 255
    92 132 255 210 255 46 144 87 187 255 111 170 80 206 182 214 135 255
    84 118 255 228 14 255 170 236 35 45 146 104 126 7 215 69 225 77 239
    197 123 145 86 169 176 52 13 140 28 223 125 43 166 140 48 255 188 58
    8 61 207 132 112 4 114 37 238 189 29 255 97 89 31 159 126 31 198 89
    98 27 53 7 115 190 46 255 44 255 113 144 113 138 230 28 1 132 10 77
    82 69 138 24 191 228 32 41 255 145 175 118 28 25 247 154 160 255 251
    178 238 25 98 109 116 155 255 181 66 255 255 246 137 45 255 255 236
    122 10 60 199 202 42 237 196 131 228 238 255 196 255 127 163 255 97
    20 255 158 50 255 23 55 219 196 6 224 108 255 255 88 255 216 227 142
    119 213 88 13 11 255 255 140 79 226 208 205 255 57 255 133 3 188 134
    165 196 65 214 123 255 118 120 170 86 77 17 191 30 170 74 118 180
    255 72 129 40 255 114 108 156 138 109 96 12 242 63 152 7 98 255 53
    122 255 124 59 255 108 236 242 164 74 10 172 253 20 52 26 120 126 35
    255 193 164 255 162 58 26 146 40 242 14 116 165 153 106 120 78 255
    14 121 37 77 159 226 1 211 28 26 79 186 242 57 221 255 19 250 31 242
    195 255 140 255 255 183 176 161 118 255 55 222 73 189 252 104 13 123
    214 116 53 4 253 235 196 255 237 51 32 127 213 237 255 255 129 139
    192 255 28 255 54 255 181 138 53 141 255 132 18 145 203 47 122 29 96
    232 5 13 61 254 76 226 161 160 81 98 112 255 158 255 46 97 149 54
    164 77 115 195 36 45 190 242 128 255 140 124 40 154 152 168 75 95
    205 58 102 255 196 252 47 85 255 255 193 249 111 68 18 196 18 120
    144 181 114 60 22 97 83 124 139 200 14 133 83 142 87 137 47 224 6
    104 193 90 247 169 164 150 192 238 177 91 53 101 37 131 255 255 217
    171 255 54 85 255 214 255 233 193 127 37 83 24 70 236 245 255 208 76
    116 124 98 255 1 200 233 141 80 247 215 142 208 102 110 255 190 90
    18 201 42 67 87 143 143 43 2 210 211 226 15 116 4 255 223 67 206 10
    31 183 255 45 255 67 104 100 181 208 51 80 10 8 137 95 255 76 138
    178 87 255 255 165 198 65 233 253 96 148 32 12 71 255 169 89 86 238
    61 219 157 111 131 74 218 255 100 155 91 153 30 217 90 0 255 220 216
    122 240 8 163 255 61 255 255 66 112 203 135 112 73 157 204 134 53
    243 252 126 26 107 92 145 9 107 255 239 181 8 46 5 255 143 59 93 255
    253 255 100 37 173 221 113 255 255 184 73 173 176 150 143 255 167
    132 201 65 96 27 228 142 202 61 215 216 65 42 14 78 17 132 70 255
    112 74 119 149 166 67 201 241 205 78 8 223 137 123 0 17 142 69 140
    13 110 108 164 255 8 117 35 243 229 255 42 101 253 69 127 206 112
    162 137 126 195 252 27 251 56 120 225 255 18 255 179 87 11 120 4 180
    8 202 4 67 127 128 127 214 14 70 106 150 91 101 172 127 209 22 152
    161 20 102 134 91 255 185 54 200 116 246 101 61 94 153 82 77 255 102
    18 88 255 36 118 202 83 255 131 23 102 93 56 208 33 180 23 212 153
    255 252 253 198 25 207 238 72 120 255 31 19 133 241 158 255 16 138
    100 101 255 255 194 93 255 245 26 255 232 255 95 50 59 136 51 155 50
    171 34 84 53 91 75 142 108 255 43 111 239 20 176 161 48 231 0 66 83
    139 113 153 38 179 14 55 180 238 95 179 143 255 211 209 217 0 65 255
    225 154 134 86 255 246 7 255 156 19 185 255 216 25 152 60 93 61 215
    146 255 255 39 147 51 108 88 19 119 46 106 173 159 248 93 255 242 51
    98 53 20 31 121 10 255 99 6 255 114 111 248 8 231 105 80 245 225 250
    62 143 37 106 255 194 255 75 160 90 202 216 235 5 255 30 203 91 53
    54 2 55 4 11 51 1 232 19 95 176 35 146 155 192 255 68 0 255 143 219
    255 91 73 63 122 183 60 225 28 70 212 91 68 70 19 148 234 206 255
    109 2 139 255 53 134 11 39 47 210 236 35 191 252 86 167 178 232 138
    122 188 53 198 255 134 10 98 111 140 255 200 48 82 24 84 255 23 154
    35 157 255 146 207 56 217 119 25 109 222 80 98 132 14 214 68 194 255
    186 237 148 74 95 255 104 107 234 231 215 116 2 75 255 144 160 255
    133 221 70 191 34 255 255 61 8 162 77 255 181 78 151 248 255 212 170
    19 72 255 1 41 14 73 255 110 236 143 86 160 146 6 75 13 73 52 41 75
    195 116 192 210 174 18 45 29 182 97 251 154 239 88 65 50 255 118 39
    255 54 61 56 27 255 125 181 246 82 230 255 141 157 198 115 184 46
    253 236 39 43 139 237 72 255 255 22 108 255 98 158 87 40 51 20 255
    193 53 169 156 221 192 80 255 139 187 224 255 87 18 14 67 62 55 99
    43 165 246 88 153 149 8 52 18 54 255 103 108 255 193 176 255 83 163
    255 91 42 115 175 10 255 126 255 138 125 152 109 107 99 156 25 230
    97 211 184 104 111 219 82 74 0 179 245 254 225 231 111 159 252 101
    255 49 105 102 9 89 255 208 80 248 29 9 109 254 35 238 201 68 56 72
    97 232 196 255 255 27 66 234 250 93 52 253 14 111 255 160 211 114 88
    255 232 246 225 127 221 175 121 62 235 224 77 119 50 118 255 91 113
    153 3 228 37 17 130 228 121 111 114 27 57 171 76 174 166 127 33 38
    112 134 17 173 3 47 109 167 87 208 40 255 27 199 6 115 122 3 11 30
    246 211 106 255 7 150 216 9 216 115 175 8 255 255 67 87 5 74 20 136
    255 156 255 255 54 255 220 130 199 24 187 178 254 170 249 57 255 85
    99 225 229 255 104 61 124 252 74 79 26 75 146 255 181 255 29 135 87
    41 251 51 255 0 141 217 160 255 170 26 62 255 70 245 33 158 255 248
    164 185 101 76 171 70 11 255 119 116 50 137 249 93 15 60 233 255 220
    243 216 40 228 164 32 22 243 56 134 113 199 32 70 88 214 255 55 90
    175 180 174 188 178 93 116 165 255 102 78 165 56 13 32 255 216 187
    134 72 159 93 161 26 255 29 63 161 86 122 189 155 40 210 114 145 84
    246 196 132 215 202 205 154 29 255 163 30 243 209 180 255 5 29 184
    255 255 70 138 225 255 192 195 35 75 25 215 94 93 255 38 36 90 148
    29 95 189 130 138 30 29 232 145 255 28 131 119 69 255 225 113 21 175
    159 144 9 164 112 130 217 29 255 255 251 90 159 88 153 170 97 67 19
    88 121 132 190 247 4 42 199 212 37 19 64 46 58 255 228 237 29 191 59
    65 183 176 255 84 137 208 19 155 255 170 255 124 136 77 232 255 174
    139 83 123 255 87 164 26 99 255 8 76 203 200 229 18 72 15 79 223 154
    37 145 130 189 50 255 52 65 127 10 229 14 218 226 85 137 90 93 255
    19 41 135 255 255 18 192 212 62 133 106 30 109 137 131 255 224 6 255
    142 162 96 107 65 226 52 54 132 75 66 224 60 255 133 252 255 107 30
    213 251 255 174 255 247 255 255 90 116 41 79 255 157 143 159 14 224
    118 255 70 166 255 23 193 182 153 134 3 179 36 64 211 219 255 123 66
    255 156 247 79 134 250 63 226 241 170 107 255 255 208 87 61 220 59
    159 255 51 255 220 255 251 74 107 68 71 167 105 41 218 229 162 7 255
    91 130 220 225 68 64 235 78 255 110 176 45 95 192 161 55 127 73 85
    78 88 183 159 255 248 246 185 169 31 123 232 106 255 40 110 56 126
    211 95 228 42 106 47 53 255 109 255 166 63 13 177 181 255 255 235
    224 33 179 162 9 163 2 14 125 34 118 47 209 255 255 121 41 227 162
    82 82 117 75 147 213 174 66 130 255 135 230 113 181 67 84 167 113 86
    38 255 23 85 66 255 125 194 210 41 32 170 231 207 255 206 199 14 18
    128 255 148 196 32 235 101 255 239 14 255 117 87 197 198 185 13 204
    22 255 218 255 106 223 56 43 196 167 145 53 255 114 250 219 242 140
    153 253 217 205 255 192 226 19 119 89 88 223 101 155 156 191 19 74
    63 125 25 101 240 177 246 224 33 214 255 162 215 58 255 115 246 255
    192 198 3 123 78 27 83 196 113 238 233 1 120 255 17 68 189 5 99 81
    250 62 92 72 113 178 23 118 247 106 90 82 150 255 255 211 101 35 173
    193 82 154 133 237 224 255 252 43 193 180 78 135 86 74 89 193 44 117
    255 67 62 194 255 118 137 212 6 249 160 1 255 255 255 42 131 84 147
    141 175 129 195 255 27 185 26 88 255 54 58 18 13 255 32 255 210 145
    185 153 9 130 211 16 222 79 88 231 3 196 128 255 1 228 234 22 97 184
    61 227 200 29 232 182 32 68 224 44 39 96 255 83 61 215 9 83 238 210
    192 126 255 97 72 110 255 222 254 100 103 46 255 28 167 20 34 145 83
    50 17 127 232 216 123 23 135 255 161 51 255 182 153 83 69 154 255
    235 235 179 92 203 255 185 93 98 57 64 160 82 62 242 248 110 251 212
    99 255 137 15 148 120 74 54 9 235 255 154 41 200 170 207 31 165 86
    153 119 186 13 255 140 214 177 124 27 173 43 79 216 29 54 109 220
    255 60 202 145 240 98 78 40 44 37 9 165 178 136 156 148 255 233 244
    3 67 120 111 139 114 9 69 122 228 35 185 25 255 77 102 202 124 129
    11 253 251 254 255 217 26 20 10 13 105 249 6 119 249 210 81 16 174
    102 131 111 226 209 208 125 30 230 255 131 129 224 200 219 255 31 89
    255 240 77 65 66 9 101 32 130 22 135 11 52 168 54 17 92 221 175 33
    248 78 186 113 110 255 229 97 76 75 174 102 170 115 49 101 255 133
    94 252 77 254 255 3 29 111 119 255 228 150 77 255 78 142 74 169 255
    72 149 68 72 37 202 203 224 75 72 57 95 133 96 218 83 138 188 223 25
    255 63 112 238 20 23 140 255 28 135 97 215 240 157 216 48 91 127 128
    104 0 93 249 71 178 93 27 57 123 207 13 170 189 67 119 41 243 237 18
    177 192 213 35 42 158 14 165 66 255 255 155 39 97 223 138 69 38 220
    198 10 24 43 49 255 60 101 204 255 211 160 255 19 151 91 168 4 51 0
    255 255 91 242 77 190 51 96 175 21 240 215 182 70 254 199 244 98 28
    159 164 65 24 186 48 114 209 176 31 60 231 0 223 115 36 64 193 105
    231 145 8 149 255 255 53 59 33 59 120 84 155 255 255 7 199 255 187
    37 95 255 14 200 136 82 255 109 84 122 233 104 36 162 21 184 23 217
    208 231 193 255 198 98 255 252 255 114 71 12 255 88 76 207 245 220
    255 45 54 224 7 146 120 192 174 255 199 255 206 129 241 226 83 113
    160 33 191 81 204 110 88 246 93 255 110 255 255 68 18 49 194 126 100
    13 255 191 30 108 139 44 41 255 195 215 255 48 221 77 164 242 228
    226 146 91 236 69 251 41 102 87 92 106 65 160 94 255 56 20 185 63 77
    248 225 55 168 51 145 90 23 56 255 42 180 8 20 36 118 211 10 113 134
    29 115 73 142 255 170 126 33 208 108 203 170 255 137 11 62 116 167
    121 153 158 111 24 85 17 115 255 113 46 49 10 13 62 255 93 217 32
    216 217 151 187 7 188 188 53 6 59 195 153 56 148 99 68 113 140 255
    65 247 221 13 102 255 189 226 184 99 216 255 11 129 178 155 1 253 27
    255 69 0 255 47 255 75 60 234 209 51 86 148 191 98 33 255 126 46 224
    119 185 184 198 230 60 189 253 92 205 232 10 255 44 202 44 137 0 95
    29 255 198 164 205 158 130 255 107 251 255 230 106 19 89 224 24 132
    15 150 63 6 56 101 94 141 5 191 255 236 7 237 86 221 64 223 58 19
    118 183 26 21 23 38 195 72 255 72 164 246 192 107 255 112 43 87 77
    255 196 74 150 150 28 249 122 21 120 129 214 33 255 11 233 86 132 6
    223 119 213 50 188 126 17 45 32 110 195 178 70 71 142 82 168 199 251
    51 40 182 25 255 6 96 13 255 177 6 70 47 33 105 205 255 225 82 184
    225 29 124 255 98 237 20 21 255 255 54 42 255 2 48 179 198 1 148 182
    87 164 171 205 255 37 185 220 20 7 114 218 171 72 249 44 255 61 98
    197 186 99 255 120 176 12 255 41 255 148 22 255 17 255 69 28 227 255
    41 191 175 175 253 215 201 14 139 107 255 17 164 55 255 71 255 88 48
    80 136 61 52 255 156 62 159 123 243 129 132 196 255 31 173 151 106
    152 17 219 110 14 248 222 187 65 255 22 156 221 184 246 65 151 187
    59 115 6 193 223 101 127 159 124 167 255 199 230 184 51 156 249 190
    118 180 31 218 248 160 124 230 199 192 248 135 40 10 246 29 255 255
    4 102 40 87 188 193 203 134 83 228 255 251 62 255 60 110 168 166 195
    146 28 192 17 190 187 233 194 236 33 55 87 255 255 48 83 249 78 74
    162 152 188 231 31 153 6 56 130 84 129 5 181 137 83 89 67 171 179
    255 84 102 84 86 191 172 178 54 48 180 94 41 73 211 255 13 193 255
    191 255 249 255 93 108 175 72 78 188 141 28 249 138 43 234 142 72
    206 29 143 255 191 13 106 120 242 67 161 224 255 40 123 51 154 237
    219 158 207 255 124 255 47 4 255 157 87 116 49 51 2 67 232 160 189
    49 255 179 74 132 239 213 255 219 255 115 255 66 119 255 61 171 255
    130 162 119 92 93 141 181 255 122 87 226 146 145 96 255 95 40 166
    207 47 255 160 26 238 42 55 166 104 206 110 210 20 255 191 250 155
    10 25 255 152 186 179 96 159 246 6 18 104 104 255 155 153 211 138
    166 206 77 233 161 97 138 231 252 149 52 168 234 24 26 144 137 24
    255 80 120 97 180 87 57 180 114 47 100 255 190 40 90 68 169 59 28
    252 18 27 9 129 3 139 1 247 123 255 133 26 40 178 48 161 10 183 255
    50 0 255 61 19 252 7 57 3 252 218 73 7 169 255 169 17 234 34 37 255
    140 221 185 64 148 8 60 1 52 147 121 246 114 255 59 195 185 17 246
    131 205 79 90 132 192 75 166 46 182 49 37 188 96 143 23 255 60 224
    113 115 246 203 255 184 41 220 85 111 147 44 142 26 255 38 102 249
    41 190 72 255 255 167 130 254 54 248 161 228 170 51 65 45 193 195
    166 22 112 180 140 132 208 241 252 141 23 77 179 162 208 138 143 85
    255 198 216 201 247 120 255 127 200 70 61 198 203 131 211 13 63 118
    255 130 59 211 193 186 78 38 116 244 134 247 234 211 9 170 30 0 156
    164 41 221 254 255 164 67 82 255 124 206 255 10 242 105 64 162 234
    191 35 8 126 228 45 252 34 36 94 160 98 130 242 127 177 255 189 240
    255 255 255 123 92 239 98 100 43 194 152 114 43 73 232 255 255 97
    150 160 236 255 33 220 255 235 226 175 255 48 133 134 180 96 6 131
    200 147 192 154 237 8 255 28 42 117 41 131 122 171 118 108 183 149
    21 255 225 73 255 42 30 233 186 187 171 126 209 255 178 255 255 20
    253 78 255 255 255 194 183 240 233 160 60 252 245 54 23 130 0 88 255
    232 179 255 188 26 232 255 212 69 88 60 35 235 3 40 82 223 214 122
    192 169 246 187 216 201 29 255 166 13 189 255 166 121 107 138 84 255
    230 255 35 107 84 93 76 213 193 164 255 255 191 113 255 25 141 217
    255 187 200 44 17 114 164 96 78 161 169 255 73 208 202 159 65 41 104
    167 253 171 251 110 148 207 50 202 15 96 181 57 234 178 153 255 236
    100 193 236 163 134 29 210 230 24 25 219 64 107 225 145 62 40 111 95
    255 88 129 255 40 77 255 176 107 221 178 255 255 145 91 197 40 177
    73 96 47 45 154 255 214 178 101 255 69 170 255 134 140 179 63 12 156
    98 4 255 31 87 205 177 221 31 240 20 188 255 148 59 185 117 200 106
    204 255 11 101 127 107 84 187 213 174 65 190 156 107 133 95 188 90
    85 223 121 255 180 202 243 255 241 105 255 32 255 18 0 198 187 250
    151 45 228 124 168 215 83 58 73 67 152 65 255 37 135 173 194 118 137
    255 182 84 255 22 52 255 44 94 82 120 148 58 255 252 51 122 87 38
    118 55 93 97 54 49 152 255 255 119 255 255 93 48 198 95 48 134 175
    146 101 34 246 255 234 34 211 182 207 243 119 88 139 96 243 78 106
    237 73 178 251 75 108 29 216 185 105 69 65 237 207 179 32 180 156
    255 40 255 255 152 126 203 234 255 199 255 172 8 49 160 79 255 189
    47 255 55 146 188 92 24 189 17 123 156 36 63 255 176 94 84 255 43
    141 123 64 255 94 116 255 149 226 255 41 203 138 144 99 109 39 110
    73 196 238 20 226 100 129 104 178 82 255 9 28 60 255 188 9 128 110
    201 145 177 240 219 82 223 160 214 203 255 248 47 249 255 66 74 255
    204 199 165 211 165 45 56 178 68 52 46 36 167 19 133 195 47 136 152
    2 255 255 13 255 80 88 63 27 41 3 149 70 166 173 255 96 87 85 63 68
    255 65 234 94 119 9 110 255 85 222 225 104 255 243 74 94 234 82 170
    12 203 130 65 6 148 171 255 96 113 124 255 137 50 23 96 225 255 81
    157 160 219 94 121 255 246 76 207 163 145 255 30 155 138 162 121 179
    218 197 255 178 78 252 164 205 129 106 169 91 22 19 8 166 140 38 118
    106 171 148 189 212 248 239 115 132 77 196 207 255 29 95 221 19 230
    132 116 21 141 252 203 26 153 232 63 255 140 255 255 44 7 152 93 174
    221 214 151 15 91 229 15 158 116 125 170 128 170 70 213 81 231 64
    162 34 76 253 252 93 255 255 163 189 85 241 41 94 137 0 30 65 86 31
    66 36 25 232 255 248 255 247 145 255 179 80 45 255 66 165 255 107
    133 244 242 76 111 51 195 152 56 100 67 237 230 240 180 94 101 47
    148 255 176 246 92 88 255 160 238 50 115 234 255 47 129 79 255 218
    240 55 243 220 58 255 40 255 93 249 255 173 131 127 25 4 28 46 145
    255 214 245 194 30 154 97 129 183 124 147 161 248 185 197 232 178 61
    202 220 101 255 198 148 106 28 243 249 160 162 95 213 178 205 154 29
    230 201 241 120 69 206 56 157 10 69 104 153 255 28 184 255 152 41
    255 251 115 36 103 4 255 62 4 50 207 73 255 97 230 255 63 174 95 235
    22 255 106 178 194 44 44 208 57 87 255 67 118 220 175 197 143 22 146
    63 46 19 87 229 111 255 39 255 51 4 99 183 11 11 255 21 20 113 251
    255 116 41 50 141 19 134 36 136 160 246 157 255 86 107 59 182 99 207
    22 167 52 3 220 10 201 20 247 215 255 91 164 55 68 255 206 58 18 7
    248 110 132 188 35 246 209 255 175 134 105 219 177 143 71 255 253
    170 226 249 239 135 246 64 255 29 177 255 255 220 82 26 77 241 152
    172 120 228 99 153 67 54 6 191 94 102 111 156 6 128 45 97 255 120
    119 81 200 31 214 6 255 246 40 65 90 98 245 9 26 255 238 143 20 148
    86 72 182 186 255 255 110 4 170 42 61 82 115 165 255 179 255 244 229
    37 137 127 66 169 190 189 255 124 209 150 52 4 255 190 132 55 108 30
    32 255 214 198 21 47 19 95 86 255 57 255 242 23 183 36 121 225 111
    255 145 255 219 204 200 188 80 139 183 181 101 13 63 187 225 211 41
    255 255 47 149 150 1 253 150 169 226 91 198 47 241 93 45 66 212 91
    105 194 255 127 255 115 255 246 86 213 17 247 246 4 152 79 229 43
    255 255 135 85 1 139 153 248 152 143 95 146 31 165 198 177 63 211 74
    10 53 134 242 100 210 69 60 159 255 136 62 206 229 227 12 202 180
    142 163 1 255 185 165 219 220 164 40 243 1 255 131 69 47 248 139 35
    168 78 111 161 252 255 104 135 171 161 254 125 16 24 143 196 152 169
    136 11 81 210 12 255 11 75 255 47 189 175 236 67 86 185 1 230 181
    173 37 120 151 88 70 8 255 237 242 184 255 146 45 212 13 178 185 89
    196 209 182 151 255 63 255 170 224 255 60 186 211 49 211 183 150 193
    208 39 195 104 32 6 255 141 246 8 50 189 255 125 37 175 255 14 59
    255 172 166 253 129 201 66 19 194 255 94 93 215 120 4 228 104 130
    109 198 75 175 58 164 255 43 75 201 118 136 168 4 255 117 56 58 217
    37 255 234 159 255 153 34 97 64 170 59 80 236 15 79 106 35 138 124
    255 122 33 179 75 33 226 63 216 74 60 169 19 188 13 224 234 59 132
    46 9 137 33 230 17 69 193 255 20 224 124 14 84 46 65 185 255 229 40
    69 255 182 255 160 185 111 132 176 255 145 131 10 165 253 10 207 98
    5 167 7 226 65 246 58 19 156 255 11 34 45 88 237 50 78 23 219 148
    237 97 2 220 105 55 18 142 157 153 125 247 132 216 118 120 201 5 207
    26 166 40 92 110 255 64 57 37 123 39 73 28 247 149 255 207 88 54 172
    77 251 165 90 97 167 139 119 39 255 247 1 19 90 238 247 255 160 253
    255 255 1 233 156 219 32 68 221 125 94 186 238 182 91 255 193 69 255
    170 219 216 84 255 201 189 184 37 243 192 60 200 221 244 160 220 255
    201 9 255 42 107 3 10 44 255 80 247 46 148 195 96 20 143 90 87 119
    58 36 63 255 123 65 185 130 221 255 199 210 127 255 245 104 226 104
    22 49 172 166 241 128 150 243 164 177 79 165 96 167 180 255 44 177
    191 255 210 255 245 230 243 210 255 5 124 255 255 96 69 255 255 74
    255 233 255 119 163 79 232 93 207 162 182 255 0 140 132 255 195 31
    252 79 192 69 191 112 255 102 160 56 52 255 136 255 204 156 114 255
    87 184 69 255 48 80 234 57 251 255 127 126 151 114 19 54 243 85 20
    18 199 146 240 6 52 133 127 255 191 149 162 149 119 152 82 158 194
    135 255 162 101 96 90 149 139 95 137 213 101 68 248 87 114 57 49 37
    172 153 102 254 255 201 255 18 101 65 255 85 44 189 31 172 124 255
    232 145 64 128 68 229 65 215 115 102 255 119 132 255 17 17 200 142
    210 22 239 196 101 150 80 160 230 110 196 17 255 98 168 109 185 177
    163 252 116 177 221 209 176 55 33 255 1 126 29 255 142 56 165 156
    166 255 227 20 150 149 139 255 30 198 161 142 57 244 34 144 165 31
    118 38 82 67 255 156 205 255 73 140 184 214 69 147 36 248 255 199
    213 93 177 29 255 233 196 114 231 246 183 30 57 230 149 89 243 226
    215 193 243 98 104 100 255 255 121 181 61 252 255 75 235 255 169 110
    110 184 255 255 180 68 191 244 177 104 47 46 253 115 141 255 255 167
    239 255 189 173 233 139 64 56 237 232 234 46 255 230 233 14 255 190
    183 141 36 249 87 82 110 255 215 197 67 167 39 255 219 86 165 108
    211 253 69 217 237 242 24 255 137 46 232 112 182 90 104 124 255 198
    80 255 216 9 255 16 242 125 255 255 47 217 90 129 50 170 170 255 26
    255 243 23 56 131 31 37 178 255 194 178 48 247 46 167 212 252 199 19
    136 188 255 222 8 40 82 21 84 139 84 61 89 53 159 75 255 255 78 78
    237 205 200 110 167 100 255 255 98 255 186 199 194 248 131 106 207
    123 55 13 200 255 255 43 248 189 235 125 173 10 47 87 110 24 233 36
    175 239 126 180 37 123 255 77 205 79 76 160 45 222 123 255 97 211
    255 99 235 109 32 155 93 181 246 150 83 84 184 0 171 132 238 163 232
    245 191 255 66 84 159 246 230 164 87 236 235 154 243 237 119 250 255
    96 255 210 61 182 253 100 194 49 248 107 101 147 194 137 255 146 77
    63 250 252 232 65 255 16 142 105 96 30 255 87 182 33 241 95 18 209
    74 159 228 176 238 50 21 6 172 89 114 109 95 255 157 161 255 19 255
    1 112 123 255 159 68 20 2 253 136 116 255 137 98 83 147 167 153 20
    117 246 255 218 161 130 245 245 142 50 80 255 167 24 23 238 87 73
    184 77 226 209 183 133 40 143 75 190 122 86 131 104 184 88 0 255 89
    207 255 76 94 234 51 207 152 212 85 104 78 205 164 87 180 253 98 240
    255 46 171 93 117 238 255 47 130 104 255 40 129 95 149 150 75 130
    105 110 36 226 173 86 255 171 74 161 49 251 88 177 25 255 255 226
    208 92 11 206 219 152 175 211 255 173 240 87 255 155 226 46 255 218
    233 251 255 255 10 82 43 39 153 67 139 133 255 57 208 255 80 127 134
    158 159 54 199 174 255 255 42 95 255 221 216 129 220 51 48 221 28 10
    200 255 148 121 168 158 159 219 19 127 225 61 123 3 51 255 255 233
    93 202 193 36 132 59 98 93 36 57 114 42 85 255 37 33 24 255 153 255
    74 45 100 205 126 255 208 173 203 126 15 137 112 245 238 90 255 194
    122 127 255 145 176 38 250 115 160 167 39 208 255 66 255 36 78 169 7
    124 238 195 235 255 255 149 106 94 109 255 157 52 35 138 140 155 162
    131 255 241 117 74 222 102 255 69 227 221 205 255 237 179 149 93 125
    249 173 201 248 255 192 93 35 60 118 192 24 215 23 233 225 206 187
    233 255 165 30 20 7 254 49 49 62 156 54 164 255 211 230 205 32 213
    82 112 149 192 211 111 255 99 99 180 254 89 255 30 61 237 133 177
    238 80 66 221 161 193 255 3 50 238 201 255 152 250 78 233 15 255 255
    25 213 136 2 59 255 204 2 124 159 77 97 144 255 77 203 250 191 199
    222 198 219 176 49 160 255 155 121 148 168 192 255 255 255 255 255
    166 87 234 112 198 96 240 174 255 218 6 223 255 173 100 193 255 188
    117 102 59 248 177 1 252 69 255 255 186 255 104 189 20 230 218 125
    24 79 255 18 67 255 37 77 5 162 106 255 223 186 235 166 18 255 254
    213 127 233 255 255 99 67 168 163 178 63 32 250 206 127 14 223 245
    142 255 4 167 235 201 39 255 46 255 202 206 59 255 152 20 255 172
    218 19 1 242 255 192 224 106 144 160 32 136 43 51 134 222 45 169 82
    205 39 45 196 186 252 255 116 220 193 56 167 226 168 159 191 73 96
    111 163 233 203 113 208 255 146 233 230 239 83 45 51 174 67 117 218
    128 138 74 111 70 191 255 193 69 226 227 178 86 255 224 255 240 25
    29 66 215 211 147 255 255 234 226 113 112 36 74 129 10 38 171 143
    230 127 207 47 16 208 255 114 123 38 95 78 46 16 102 141 247 127 178
    45 137 88 100 56 101 145 105 205 255 255 255 59 45 180 170 131 125
    131 59 194 29 242 244 70 241 255 28 200 69 93 255 41 19 138 255 32
    73 225 113 84 4 21 183 147 48 44 24 231 224 255 201 255 31 166 53
    255 136 131 255 235 255 255 94 170 159 61 20 255 255 170 171 78 120
    255 119 69 240 234 239 150 242 158 69 142 255 192 42 9 124 250 21
    255 53 57 43 200 83 194 227 206 255 110 55 113 94 146 68 222 167 225
    89 91 128 19 233 255 83 10 255 209 219 248 3 108 255 211 50 248 212
    138 207 52 255 255 66 46 165 69 206 132 36 228 244 255 255 107 147
    33 255 200 123 255 170 76 179 247 165 243 109 133 116 243 25 118 250
    236 98 237 255 255 74 213 134 182 182 189 39 231 60 67 194 255 102
    34 18 147 78 92 22 122 73 237 10 220 122 11 1 27 193 255 188 255 92
    115 167 252 30 254 122 137 255 255 232 255 188 118 43 92 166 154 79
    90 242 18 247 131 189 162 208 26 178 193 92 67 12 138 192 173 118
    215 8 255 177 98 226 56 110 255 189 124 187 95 76 116 44 97 104 211
    205 155 30 25 255 155 53 69 206 173 230 249 255 255 25 13 255 165
    134 247 172 255 255 72 102 255 39 188 45 228 123 37 198 53 113 7 245
    198 94 166 141 51 161 130 39 204 217 225 255 183 224 67 226 67 130
    240 34 41 52 191 255 141 225 249 210 120 255 138 183 227 255 245 116
    127 168 224 104 17 77 143 255 204 145 196 37 150 4 229 122 148 162
    106 203 34 255 48 42 255 67 233 86 31 218 86 168 146 247 112 164 61
    155 44 192 180 207 196 24 100 123 242 255 96 195 174 255 123 225 79
    77 59 96 223 198 255 169 130 255 94 31 84 90 255 120 202 7 10 91 124
    255 143 139 197 33 228 27 226 186 98 171 121 72 5 164 166 177 119
    255 182 239 96 95 15 255 85 255 134 15 250 203 28 137 165 54 211 255
    198 120 255 20 177 244 73 162 164 225 224 102 7 255 201 154 130 132
    138 2 77 56 104 207 34 59 255 68 233 113 28 180 128 24 129 141 211
    130 129 226 28 177 193 8 243 250 182 24 229 139 145 7 68 86 117 177
    40 106 243 116 116 187 255 195 90 255 168 129 246 136 149 29 188 65
    58 253 41 14 255 30 35 141 255 169 191 255 159 132 42 0 144 9 128 14
    129 9 85 255 208 203 232 175 82 99 78 13 11 255 44 144 232 252 43 6
    198 150 252 255 101 132 28 246 255 153 255 255 77 178 230 255 2 255
    165 18 243 219 214 192 208 213 255 57 56 193 251 164 107 101 199 237
    255 135 255 77 129 145 1 21 223 86 72 255 111 175 253 194 101 96 45
    239 54 49 167 197 85 225 36 2 33 4 255 155 3 39 135 255 11 144 97
    166 255 6 88 150 255 205 241 95 45 222 173 186 132 255 176 50 8 210
    160 230 66 45 61 237 255 255 116 102 13 126 255 255 188 41 165 13 39
    97 255 255 168 191 255 118 192 122 255 136 247 88 227 55 42 170 138
    229 32 58 138 241 169 70 121 188 196 124 30 137 206 247 77 28 213 29
    172 47 255 75 153 152 153 69 201 47 214 155 155 35 166 109 242 249
    46 73 200 178 255 201 120 209 95 22 93 255 16 172 134 22 67 255 155
    134 255 20 132 151 160 142 46 185 163 255 20 169 255 93 255 235 5 59
    65 202 253 101 135 53 217 137 253 35 169 46 255 135 112 174 92 48
    162 194 47 255 10 41 28 110 18 255 80 80 201 51 76 255 29 90 200 9
    66 177 134 28 26 112 159 255 51 213 229 139 236 162 132 171 156 255
    195 88 239 46 56 255 66 255 67 90 202 247 113 166 220 170 68 237 138
    200 93 171 255 170 30 61 97 229 219 218 249 255 220 52 26 183 188
    141 254 165 233 95 46 193 167 46 95 198 0 1 92 39 255 202 107 123 20
    150 0 46 228 74 209 51 20 203 48 141 255 90 32 13 91 255 252 98 174
    131 129 4 172 255 255 147 86 153 17 255 161 102 251 45 80 255 17 241
    144 255 68 141 109 131 205 19 52 77 14 109 98 207 38 55 165 118 2
    226 194 63 118 254 85 124 93 66 255 47 17 125 101 77 255 255 227 79
    21 181 210 246 255 65 190 243 193 130 137 255 236 187 65 91 149 8
    182 54 88 28 30 255 17 180 248 213 151 165 75 232 142 78 56 217 109
    120 123 101 172 106 191 116 159 31 88 31 229 255 255 255 58 164 209
    166 169 194 255 95 113 42 118 246 36 255 192 54 79 100 97 142 10 50
    47 123 127 255 80 52 255 225 36 255 59 167 159 4 102 255 26 250 161
    217 203 255 76 55 26 18 15 193 177 134 255 28 13 58 247 251 31 10
    169 29 70 43 255 188 53 178 89 207 255 184 79 255 82 29 248 70 10 47
    118 167 255 198 186 255 230 166 96 106 121 40 76 130 67 21 87 189 63
    7 132 45 213 253 4 214 237 254 177 153 1 206 81 73 189 147 8 236 242
    44 144 255 86 255 233 2 163 238 137 178 207 112 99 193 97 198 201
    246 199 26 152 68 249 246 196 255 157 185 255 45 170 255 53 235 42
    147 88 183 178 70 193 68 177 255 193 55 174 241 128 217 255 50 249
    210 240 230 191 126 50 109 117 255 84 146 90 218 133 156 213 198 63
    190 18 95 222 255 160 92 154 237 29 238 49 76 40 56 243 250 203 103
    255 28 141 196 132 201 12 152 158 118 109 0 67 150 145 72 249 0 34
    143 232 216 17 190 117 110 7 105 221 209 93 63 11 107 210 14 221 128
    132 232 193 76 171 233 122 22 253 100 204 226 138 127 75 90 79 49
    219 94 233 75 99 38 30 15 215 168 150 243 158 255 255 231 236 255
    115 63 168 166 104 214 10 127 102 136 255 152 104 235 61 66 205 188
    96 55 148 175 224 179 242 155 31 8 246 134 123 4 118 44 84 27 6 14
    106 228 70 255 109 209 5 38 124 246 209 199 255 194 255 228 236 23
    255 215 40 102 47 118 98 144 58 29 70 173 148 172 211 217 97 72 182
    229 108 138 80 117 32 82 255 174 41 12 19 118 220 12 84 78 19 78 215
    105 93 255 162 7 76 122 252 198 3 51 148 238 206 89 49 231 100 183
    126 36 248 179 9 193 86 220 255 156 44 109 200 188 255 185 115 255
    51 63 59 233 149 152 45 255 129 245 159 255 7 86 78 117 248 137 31
    12 255 108 33 46 54 128 83 175 36 15 85 255 220 15 47 155 250 26 197
    145 7 37 255 47 105 80 238 255 236 255 56 142 166 248 234 91 59 61
    68 255 18 160 192 16 135 96 157 241 138 63 126 160 74 26 113 108 255
    42 254 94 233 164 250 164 23 101 5 136 146 170 48 64 255 17 74 150
    21 24 164 172 254 196 46 70 255 108 167 12 136 82 255 120 2 67 101
    170 164 102 230 255 7 208 155 203 21 130 60 210 19 113 255 255 154
    255 226 255 33 38 111 119 166 203 61 230 84 145 170 218 255 243 222
    158 18 79 29 235 154 26 118 49 33 255 214 173 255 59 69 223 143 70
    101 41 143 255 196 124 101 189 241 255 251 220 141 178 141 255 176
    66 255 194 132 168 101 24 255 43 108 255 115 238 20 213 232 255 230
    50 1 82 44 69 235 217 150 10 64 64 3 232 255 19 255 20 255 255 255
    207 105 255 110 124 183 82 202 191 97 23 233 7 217 146 118 178 60
    255 217 109 209 255 255 34 41 104 249 104 255 116 161 255 233 241
    234 78 98 27 100 255 5 30 95 253 31 70 98 5 58 208 140 189 81 5 158
    109 119 202 137 167 235 255 45 233 197 85 133 153 229 250 255 185 20
    255 65 224 183 234 123 69 49 107 174 91 62 255 71 229 248 123 200
    255 237 248 247 209 204 255 24 33 143 255 149 79 70 211 147 70 215
    211 255 240 147 192 137 122 190 158 255 157 121 151 175 0 215 33 200
    20 203 178 235 233 140 255 26 55 203 247 215 13 225 78 255 170 1 137
    228 210 255 118 19 255 107 64 106 144 43 197 42 177 31 255 255 77
    164 91 203 120 216 189 75 9 196 156 203 102 43 106 244 160 50 136 7
    198 160 3 145 67 57 66 255 196 94 168 51 84 255 63 216 164 40 243
    142 212 173 105 29 255 197 182 255 146 37 217 255 88 255 210 76 197
    3 236 180 255 94 95 50 255 124 255 66 10 194 236 255 70 255 215 198
    86 101 202 44 43 239 30 184 137 95 130 8 121 36 119 216 203 138 103
    210 240 255 82 234 47 24 193 255 31 91 78 238 178 73 119 40 140 255
    150 250 106 129 26 86 9 182 8 238 253 124 18 38 254 175 155 50 255
    170 255 24 247 21 201 113 54 23 69 166 255 192 255 255 71 131 9 9
    156 142 218 72 137 198 6 201 67 255 206 233 44 255 255 228 151 61 80
    77 251 161 55 43 100 137 13 98 180 211 89 4 4 146 188 143 222 255
    108 12 91 24 105 63 32 210 81 68 74 255 241 127 228 213 227 192 191
    23 143 30 193 96 14 195 255 134 112 106 140 79 221 140 153 197 178
    69 142 1 66 216 178 4 255 251 75 255 74 72 146 249 13 171 5 77 24
    161 65 127 14 15 160 137 232 255 199 255 162 43 171 255 70 77 255 15
    109 43 138 131 255 24 87 63 135 17 119 22 192 105 51 224 255 255 122
    0 173 216 100 207 141 146 107 117 198 101 23 230 94 97 255 235 0 183
    255 253 255 169 53 115 255 36 237 255 139 255 160 3 26 23 187 214
    212 146 194 39 11 5 65 188 27 24 254 161 65 141 58 255 210 90 184
    187 201 237 196 79 23 180 54 102 181 229 253 1 255 13 142 127 48 255
    175 7 145 255 167 189 187 101 98 255 203 255 180 173 43 255 69 25
    255 193 159 28 176 87 226 100 3 255 255 220 106 156 87 229 77 255 49
    186 142 60 118 151 185 145 83 155 190 57 255 76 235 215 179 139 255
    97 18 165 169 204 129 238 66 233 209 104 187 112 158 51 83 161 14 85
    79 81 215 93 246 158 236 229 98 255 180 181 18 179 238 11 83 46 93
    142 183 255 255 213 138 150 111 9 214 255 30 92 213 110 114 239 203
    251 160 65 184 61 216 105 26 196 178 68 6 70 199 255 151 171 140 207
    65 52 15 110 7 233 155 33 210 65 153 232 45 142 221 92 243 169 95
    195 252 185 94 146 145 197 183 232 255 29 33 152 15 207 35 255 5 188
    249 226 52 255 190 245 171 73 216 224 131 251 255 208 142 255 114
    152 182 122 203 29 64 77 255 73 236 255 177 73 92 214 76 228 9 255
    155 127 102 255 255 250 123 255 25 47 123 39 232 188 133 138 213 80
    185 67 255 174 162 254 221 179 56 189 80 177 188 131 105 255 215 238
    255 38 101 73 91 250 235 189 255 255 45 12 0 171 255 220 55 222 137
    239 164 169 34 115 255 6 204 255 239 211 136 115 213 29 230 255 81
    47 68 72 255 64 255 86 175 247 74 224 91 26 74 224 172 82 255 150 70
    40 96 248 159 57 10 219 255 45 255 234 255 68 11 252 153 133 255 28
    77 255 81 164 255 255 214 3 201 83 23 255 227 70 255 11 6 255 255 58
    84 177 155 253 255 158 184 89 149 255 34 149 145 14 226 244 177 137
    18 21 82 118 95 143 255 59 255 255 32 21 132 165 69 175 1 185 207
    213 68 184 177 205 122 228 28 65 104 211 255 125 165 255 7 255 107
    203 9 50 140 108 253 9 211 255 181 86 179 13 178 255 234 140 255 41
    184 223 47 51 179 90 41 125 206 58 52 99 196 247 15 29 0 237 159 61
    95 173 233 237 254 235 126 163 162 226 255 5 130 70 68 176 216 43 83
    50 100 104 249 143 195 255 249 100 242 72 148 243 90 26 146 45 142
    195 14 195 83 86 6 113 50 73 30 122 30 112 228 186 169 56 219 155
    255 255 110 225 34 255 106 204 133 248 126 159 159 21 43 179 26 135
    20 80 186 12 83 120 237 208 40 73 87 255 64 64 249 214 169 93 180
    132 67 226 245 255 36 204 123 255 148 48 255 49 30 255 112 247 125
    102 177 255 250 241 29 227 237 60 30 78 105 235 19 255 65 111 255
    130 102 255 246 61 143 251 177 128 239 33 32 117 184 183 232 255 0
    76 13 255 49 242 142 2 219 255 165 249 179 46 31 122 168 255 175 15
    50 203 121 56 114 230 79 255 75 209 255 32 110 255 255 197 211 11 84
    255 220 8 192 91 211 19 190 196 255 238 108 194 18 98 177 28 195 192
    214 152 255 47 161 191 69 76 216 1 249 255 181 20 73 143 169 3 34
    132 67 143 3 255 39 54 159 86 8 211 132 255 116 237 133 216 116 6
    255 222 42 59 32 166 248 141 227 255 113 255 255 41 95 238 216 187
    156 137 255 105 129 238 120 22 119 63 44 73 178 232 17 252 76 198 15
    136 164 143 73 232 255 140 19 12 64 255 23 228 253 26 77 98 255 24
    13 255 91 50 226 108 111 107 212 252 192 179 255 200 148 164 255 67
    194 130 204 4 104 253 186 251 153 74 255 139 99 141 204 24 146 90 85
    104 69 119 189 235 227 255 199 26 235 91 137 255 24 155 18 53 146
    239 249 117 69 133 23 224 237 169 5 47 36 255 89 255 255 25 134 155
    131 207 243 194 18 20 241 255 133 222 74 155 27 133 185 255 110 170
    135 73 210 97 117 102 63 6 72 119 97 118 255 237 157 50 200 238 51
    176 180 175 255 255 159 255 115 255 185 36 2 207 207 37 45 255 92
    180 185 158 235 255 131 165 13 231 25 242 146 229 255 71 177 73 146
    93 255 240 30 255 108 155 3 173 222 27 251 255 238 145 140 55 255 31
    82 142 141 225 108 134 188 64 255 255 160 2 255 125 178 255 16 175
    54 148 221 109 106 133 141 153 129 97 82 137 3 137 117 255 135 146
    255 88 78 38 209 240 255 83 80 160 211 254 75 25 243 69 48 89 97 171
    255 238 239 191 15 169 188 0 93 163 255 149 255 211 126 255 52 216
    230 41 255 24 203 6 166 6 56 253 255 98 240 184 66 255 255 143 35
    116 87 171 255 56 13 82 238 176 242 238 219 47 226 255 255 206 236
    107 205 206 27 175 255 64 255 94 111 0 255 183 226 117 91 33 145 255
    225 255 237 182 255 141 255 235 255 90 191 198 255 24 72 8 1 194 147
    90 97 186 149 127 1 255 1 48 187 43 96 194 68 104 128 255 147 94 118
    214 153 139 207 73 157 88 130 240 158 176 102 86 217 255 44 255 255
    83 116 198 98 236 60 195 47 74 162 61 177 158 185 255 121 121 23 54
    35 122 215 161 255 224 61 49 19 26 156 18 127 150 152 113 202 178 98
    220 217 90 255 227 43 69 87 15 96 17 255 219 110 225 187 184 255 97
    109 96 255 139 172 255 44 115 81 112 77 36 153 225 242 41 245 219
    233 236 255 72 105 130 255 184 229 114 126 237 7 216 255 142 127 43
    159 162 64 234 68 0 232 4 192 132 121 4 164 62 255 92 79 255 237 255
    255 6 215 255 88 238 255 72 116 67 104 207 193 117 197 255 56 144
    129 1 139 215 3 247 182 255 186 228 90 245 83 207 255 255 255 255
    143 5 255 84 247 10 136 156 255 105 5 46 226 224 255 106 216 111 93
    78 78 229 168 64 193 54 35 3 14 173 200 255 56 255 29 182 5 165 150
    255 65 165 177 39 151 255 102 255 173 87 40 255 53 47 255 56 15 214
    255 242 97 201 228 40 132 174 146 98 56 153 236 224 255 183 173 79
    118 166 61 161 255 255 255 221 214 123 67 177 14 50 84 245 17 183 69
    255 46 134 219 255 26 110 42 201 40 92 142 20 255 176 110 255 228
    242 180 255 129 20 247 17 173 26 72 87 126 235 24 255 248 31 78 94
    19 100 146 130 45 119 248 20 63 146 113 175 165 199 167 185 15 242
    255 55 4 10 142 109 255 65 209 178 74 68 111 73 181 255 126 34 138
    72 195 110 181 72 255 205 48 217 203 31 147 184 42 214 101 19 255
    114 255 18 16 3 180 126 85 244 225 174 228 254 63 252 219 194 111 33
    239 29 198 246 255 215 105 24 222 35 29 176 213 255 148 10 20 118
    255 177 57 108 255 49 19 4 255 238 18 255 188 237 194 14 219 248 177
    14 217 197 206 72 202 68 86 13 24 203 152 12 208 174 31 66 175 255
    157 247 161 107 183 255 6 160 255 69 109 255 193 63 255 18 205 100
    164 145 255 254 220 210 13 123 105 235 7 161 79 142 78 239 196 101
    85 186 10 78 28 255 8 203 52 109 255 232 77 53 214 101 20 37 237 205
    133 64 67 29 112 255 255 42 206 175 94 180 255 16 152 196 28 255 194
    90 214 17 1 91 255 54 22 98 72 109 17 138 222 72 170 253 143 0 29 96
    210 156 130 125 206 29 138 142 146 109 31 194 15 56 49 149 160 193
    49 19 255 118 255 125 68 149 168 211 88 198 110 113 255 150 72 120
    34 119 162 38 65 255 84 180 174 187 85 255 238 100 98 169 122 100
    255 174 60 31 196 96 48 83 114 107 44 6 76 248 255 137 255 145 195
    227 139 27 117 197 199 255 215 252 246 31 34 254 255 193 36 255 25
    23 155 228 255 166 255 187 255 102 51 10 122 69 228 209 255 224 61
    215 255 125 134 148 131 69 230 49 59 100 82 205 139 97 240 97 99 222
    47 198 194 69 171 35 130 171 83 148 1 9 93 50 255 252 255 142 153 41
    36 174 178 44 40 159 197 50 210 56 255 166 218 184 16 185 255 204
    108 206 43 18 224 25 36 41 181 255 188 192 68 207 181 97 49 97 217
    97 186 140 24 106 130 9 106 181 70 225 249 6 225 70 13 219 255 255
    24 121 156 172 184 93 36 12 106 9 109 74 91 122 228 86 110 128 15 39
    220 248 52 255 20 119 35 19 246 175 80 33 54 180 220 64 2 165 45 203
    251 198 37 110 29 215 12 215 113 66 255 135 221 55 45 255 10 116 21
    59 115 130 153 83 132 130 68 161 255 209 218 252 255 21 255 34 239
    52 52 89 98 134 129 70 82 138 255 21 200 202 95 221 255 27 1 244 75
    200 200 208 255 106 147 206 255 131 99 255 90 33 234 204 2 255 48 4
    82 43 134 15 16 249 173 239 122 20 139 204 185 9 127 49 28 82 255
    137 143 97 99 213 255 254 24 220 76 253 255 60 98 23 78 115 255 170
    4 19 235 255 255 124 127 182 200 255 133 239 23 255 38 21 55 131 158
    97 106 24 51 3 37 255 86 76 36 191 77 33 76 127 225 219 227 243 246
    184 216 59 0 14 114 148 113 217 129 111 250 24 60 2 0 36 90 226 212
    67 87 72 64 255 20 93 85 40 117 51 10 135 226 255 51 70 255 61 139
    243 184 28 96 159 203 169 241 150 155 214 93 120 64 0 101 209 225 35
    178 249 43 28 237 255 216 34 20 76 210 116 6 80 168 42 164 64 217
    135 178 216 182 96 152 58 3 74 224 171 225 159 255 131 101 33 4 93
    129 167 6 255 255 28 188 101 135 118 242 23 255 225 205 255 166 217
    36 255 88 174 177 127 210 152 175 20 249 255 23 137 24 189 229 23 97
    37 102 6 247 252 60 166 115 255 17 255 55 16 14 29 207 255 166 74
    159 45 99 97 255 163 70 251 51 188 159 77 211 255 117 130 255 186
    109 132 40 213 255 89 76 138 133 57 206 96 13 46 226 89 255 40 45
    206 25 152 133 112 9 146 180 131 122 111 255 189 245 163 49 103 59
    255 33 195 73 51 174 150 150 206 1 207 209 125 25 143 50 10 255 203
    137 88 243 201 255 60 233 127 189 225 255 4 255 156 9 214 50 84 198
    132 139 20 248 183 175 42 69 132 111 248 182 199 178 96 69 255 11
    184 212 7 255 148 145 91 95 235 251 133 220 56 95 15 112 105 156 228
    255 22 185 255 171 166 255 98 255 156 205 139 20 191 76 255 39 19
    125 13 210 192 158 70 255 218 64 105 77 186 255 243 172 187 103 172
    32 121 222 230 3 109 200 196 99 255 120 226 255 52 166 220 234 255
    221 112 113 168 91 241 255 125 231 88 136 122 255 186 255 255 194
    255 255 255 33 118 107 202 64 240 124 133 90 253 202 242 225 148 194
    255 67 255 64 210 9 128 52 152 205 255 255 167 12 60 80 253 118 194
    151 106 112 203 255 141 123 207 205 146 135 211 225 4 160 246 93 88
    152 255 57 237 98 204 255 117 255 255 124 113 215 16 154 161 203 66
    67 27 48 136 255 166 187 68 66 58 255 33 10 59 152 225 50 105 22 1
    132 255 132 99 193 113 247 27 124 255 220 255 151 180 91 87 248 236
    242 152 250 96 0 39 208 170 18 57 255 215 224 255 187 241 170 203 99
    255 166 215 179 56 240 119 255 160 252 225 207 56 119 58 255 72 74
    63 210 118 35 107 42 101 255 6 50 169 245 255 228 82 255 136 172 28
    217 204 74 111 31 255 70 48 212 44 25 43 31 173 56 205 106 203 252
    217 255 38 255 43 192 142 217 172 255 187 255 200 183 104 83 255 115
    78 151 231 200 29 16 134 31 194 85 193 226 110 88 127 107 75 157 70
    255 88 76 217 30 87 178 183 78 206 76 255 200 47 255 255 110 255 162
    233 145 226 172 227 12 69 95 182 11 209 166 179 196 157 89 63 192
    211 83 255 242 255 255 253 200 246 41 107 255 115 93 255 116 200 155
    20 97 56 147 15 216 132 57 130 249 187 239 63 129 255 29 255 255 228
    173 193 32 62 38 18 202 210 143 217 188 191 199 255 161 76 255 233
    134 239 87 50 174 166 236 105 20 46 164 111 43 137 75 225 8 213 39
    177 238 7 255 8 228 105 118 194 26 144 255 215 40 169 118 16 76 35
    19 155 255 68 36 41 91 44 82 141 210 128 180 119 214 117 240 81 158
    252 188 236 138 255 171 19 115 157 235 255 23 193 243 100 115 207 5
    238 10 65 122 229 161 130 255 230 254 124 159 56 219 5 214 214 255
    209 255 222 255 133 109 215 255 143 249 255 213 255 152 144 120 147
    72 121 83 49 127 225 29 160 229 120 135 252 33 131 109 236 32 170
    209 255 42 67 255 255 77 36 183 157 65 159 73 254 8 162 88 193 108
    255 255 246 163 202 255 177 138 255 56 50 251 110 244 0 255 255 157
    150 31 243 47 216 111 85 70 192 57 145 62 255 255 191 150 175 155 19
    27 57 224 137 110 146 148 204 48 122 137 184 82 2 85 43 224 163 22
    83 215 217 45 255 234 184 113 226 45 192 55 194 7 255 180 99 240 218
    230 255 135 213 162 154 162 212 243 159 230 170 211 255 255 65 214
    123 64 255 119 90 136 43 95 58 20 104 137 75 171 234 56 22 206 15
    144 184 118 238 255 255 209 255 170 255 128 255 130 132 181 20 19
    255 229 159 191 61 18 21 22 98 46 210 4 130 255 5 173 72 52 66 207
    63 163 115 173 67 239 29 97 255 33 1 236 248 108 12 78 199 37 255 20
    102 255 201 120 216 78 117 255 251 127 141 56 128 194 100 219 28 78
    17 79 121 108 127 236 12 255 182 32 255 121 246 58 254 70 33 78 120
    111 114 183 226 159 206 58 241 153 105 2 227 255 139 111 255 201 222
    47 20 129 207 107 7 228 252 54 110 18 82 141 166 124 63 192 253 255
    253 204 157 88 143 255 143 85 114 224 51 96 29 185 255 83 100 125
    255 165 208 249 116 148 117 127 255 191 186 87 88 255 253 170 221
    208 119 95 234 116 28 116 126 167 19 133 128 255 184 22 77 240 121
    248 206 207 64 92 69 43 2 29 255 184 100 207 47 174 175 243 153 198
    16 134 255 255 121 203 143 21 104 219 124 237 10 197 215 149 250 13
    31 85 133 55 156 248 224 141 191 208 101 238 255 102 134 28 45 175
    118 210 61 20 42 255 201 197 119 76 194 33 31 76 148 11 255 224 142
    164 174 188 151 137 68 24 219 52 255 10 152 255 157 240 91 14 167 29
    175 194 158 255 2 254 92 77 7 102 133 239 230 123 121 169 7 122 139
    80 194 255 94 255 104 190 208 247 156 199 255 50 23 153 29 89 70 250
    20 84 231 77 143 96 167 255 66 229 255 212 55 138 46 42 109 11 193
    165 224 225 50 9 165 145 50 255 206 71 172 212 131 233 255 194 79 91
    132 72 255 204 155 128 31 204 201 135 226 20 171 15 98 219 12 78 87
    156 255 95 140 73 5 252 116 51 238 161 38 250 3 195 140 208 217 189
    20 161 255 133 57 32 255 21 193 56 135 144 36 163 182 228 11 176 82
    17 150 56 96 97 179 255 13 255 126 255 255 85 187 249 97 142 175 193
    188 151 6 26 203 243 40 0 16 12 19 139 20 143 109 241 196 113 248
    156 34 255 70 201 143 220 165 255 14 206 84 255 79 255 87 41 12 14
    242 135 255 66 34 32 255 65 56 238 254 189 152 59 87 133 107 235 226
    228 220 82 14 247 21 0 255 122 255 139 107 91 51 166 20 235 148 159
    255 166 148 58 77 149 255 219 176 193 230 117 142 255 17 194 228 243
    134 183 249 32 9 43 217 107 23 5 16 66 74 143 250 255 40 58 153 21
    164 203 157 11 255 99 32 116 236 202 214 9 35 196 169 217 129 60 227
    104 203 211 247 177 163 192 48 68 255 226 24 170 28 67 255 179 73
    255 191 89 136 255 210 180 255 48 219 107 57 63 154 51 139 74 37 201
    44 19 255 198 17 9 226 255 169 155 15 255 210 216 51 207 200 24 42
    116 145 190 37 170 15 194 225 103 95 255 142 173 255 253 199 156 135
    66 120 229 185 255 218 94 77 146 22 203 182 75 6 32 70 87 227 88 109
    53 200 29 49 105 93 179 162 88 63 31 90 15 151 192 238 1 157 84 197
    95 166 175 75 62 57 255 166 255 82 225 169 242 111 113 41 216 247 3
    54 134 13 111 34 124 68 184 64 50 161 49 224 255 255 255 255 198 92
    194 255 136 177 255 190 211 162 212 31 73 230 255 255 54 255 255 181
    69 235 187 89 235 141 108 237 137 222 255 80 159 255 201 255 9 67
    255 255 180 131 130 156 165 92 247 138 255 26 25 12 72 39 255 172
    253 225 207 145 64 162 192 255 157 213 255 171 25 9 185 59 253 154
    62 81 88 107 38 196 230 244 214 186 230 87 20 192 48 68 14 152 128
    42 89 126 212 255 129 178 20 194 159 135 171 13 234 152 133 55 159
    105 53 206 179 110 45 59 135 94 137 33 96 253 205 255 60 107 66 255
    129 182 251 20 252 95 31 164 97 235 188 255 178 129 47 255 77 72 155
    255 212 195 55 177 130 255 177 251 163 169 5 203 50 147 46 77 137
    142 96 5 172 255 164 116 61 45 193 40 129 86 253 135 2 56 24 98 37
    196 73 229 250 19 255 142 97 52 111 111 132 145 149 255 116 65 255
    127 205 114 93 151 255 249 37 214 15 48 115 246 40 118 21 29 107 40
    144 109 172 45 255 255 255 215 187 237 96 182 97 255 65 75 161 107
    158 95 100 178 138 243 48 255 255 104 19 143 228 40 123 226 255 31
    216 191 64 84 232 255 143 210 215 91 178 109 225 182 20 218 255 87
    160 151 172 14 19 36 98 159 119 226 188 77 138 81 230 151 43 125 66
    183 98 96 255 0 98 255 144 143 136 25 100 9 180 208 220 188 178 255
    148 53 157 180 35 157 122 240 109 62 95 255 6 25 24 84 255 8 90 248
    255 176 134 81 255 128 13 6 245 79 196 173 255 249 43 169 31 151 249
    239 154 119 53 253 101 29 124 122 110 117 12 225 80 255 242 86 146
    78 171 255 225 73 255 124 6 197 67 34 255 90 142 132 54 255 122 36
    255 255 223 152 43 255 238 217 72 173 255 25 126 109 70 24 49 104
    255 152 118 98 58 94 207 221 130 255 12 201 216 123 212 218 255 215
    231 255 30 149 113 255 231 133 60 68 166 146 45 255 220 220 95 7 251
    238 82 233 223 193 149 207 95 107 255 239 200 235 190 145 38 115 57
    159 113 218 232 211 239 19 229 39 255 219 185 0 185 6 255 132 255
    124 109 31 255 241 196 73 235 54 118 255 203 183 56 241 217 220 225
    73 28 41 87 20 247 205 188 172 255 185 21 208 27 173 119 5 88 212
    253 247 141 120 193 23 41 229 228 107 213 255 52 67 255 97 7 91 185
    86 255 54 255 90 213 145 252 224 100 92 19 98 255 144 100 106 10 39
    87 255 204 182 135 245 255 223 106 31 110 236 35 145 169 255 129 218
    115 226 59 150 204 100 141 255 14 49 120 88 220 250 89 187 11 98 74
    84 108 110 83 231 159 177 118 129 111 142 67 61 18 150 142 140 142 9
    255 91 177 18 145 61 104 6 67 28 81 150 107 114 49 76 191 226 45 171
    220 22 49 88 73 55 152 14 223 251 67 187 181 192 153 136 207 255 173
    253 240 86 113 141 233 216 255 167 0 118 190 173 235 135 222 255 54
    255 95 110 255 247 210 66 15 195 158 67 132 127 255 139 233 160 36 1
    151 186 255 74 116 84 255 26 137 133 37 116 26 131 120 240 103 255
    170 68 248 180 220 34 255 145 11 61 100 255 82 173 117 5 154 118 0
    74 213 150 20 235 105 60 182 20 134 158 138 239 177 93 100 90 255 29
    94 134 179 213 100 54 61 27 236 137 201 36 208 166 168 1 168 89 255
    255 39 245 115 237 56 55 97 120 169 195 102 65 66 199 233 184 15 255
    144 109 150 218 218 215 164 196 28 200 75 28 70 255 65 125 75 107 67
    113 247 176 111 255 253 31 255 255 231 64 22 196 116 228 108 17 241
    98 127 85 18 255 126 156 214 215 255 201 89 12 101 204 41 255 138
    255 142 103 67 255 204 107 161 127 163 234 31 135 255 44 112 230 224
    255 252 202 255 90 29 99 255 157 2 68 202 243 255 47 251 255 242 37
    255 90 35 92 39 227 127 134 108 179 178 129 249 229 160 170 28 98
    253 15 146 96 100 246 14 51 7 147 188 215 171 122 160 239 209 191
    255 14 8 160 44 121 255 166 55 110 2 7 255 115 189 128 152 254 255
    100 112 29 99 250 133 116 220 193 25 255 255 124 255 255 237 4 70 22
    235 183 179 30 255 144 88 81 83 39 115 119 245 206 3 221 97 216 73
    192 117 219 132 28 217 9 121 99 14 216 166 86 135 40 137 79 34 37
    159 176 165 225 255 191 217 120 60 59 255 64 241 176 15 134 150 10
    254 128 255 231 121 255 170 121 255 36 152 23 234 204 165 168 216 96
    14 82 42 112 188 54 163 45 18 153 160 189 110 199 255 203 251 162
    187 255 255 117 180 255 217 33 255 114 255 91 77 55 134 192 214 41
    147 62 173 233 210 157 165 185 255 9 228 67 21 80 72 69 239 75 158
    255 242 47 188 255 253 62 132 135 238 255 4 58 23 184 57 255 200 176
    255 147 89 75 245 3 78 134 200 110 1 135 173 168 205 150 51 76 84
    206 245 196 152 77 106 241 30 242 116 185 132 208 129 118 236 161
    129 173 213 41 13 61 67 138 255 162 11 184 79 145 184 10 233 255 207
    24 52 255 123 222 197 132 187 255 231 219 255 87 52 93 175 189 160
    206 200 96 199 242 228 255 2 255 141 200 229 181 160 221 217 242 255
    255 111 54 18 255 255 33 110 47 88 101 133 216 44 114 190 196 255
    108 161 255 171 172 174 56 188 54 76 93 47 171 90 255 104 132 178 5
    111 223 152 162 14 95 102 255 84 134 216 150 246 65 31 183 255 70
    112 168 187 187 148 3 211 161 10 46 255 20 8 255 207 238 107 146 150
    113 233 93 159 255 143 247 109 77 114 77 196 255 255 66 255 152 32
    177 117 128 14 216 118 230 255 54 255 210 166 255 80 39 22 26 35 247
    89 233 119 194 61 26 255 251 12 27 227 74 218 137 122 255 241 255
    121 76 124 104 96 29 247 252 148 171 255 224 51 255 28 121 65 146 93
    255 208 62 215 122 249 153 37 188 46 114 187 231 49 253 135 255 137
    19 51 37 105 159 21 255 45 31 104 87 189 67 197 85 248 166 194 175
    31 201 112 255 112 4 32 106 14 55 215 54 19 255 255 79 79 176 20 139
    174 233 99 255 9 77 78 255 195 236 74 158 229 171 153 153 43 40 196
    119 255 40 137 108 247 221 96 15 255 218 76 191 100 80 46 240 21 193
    45 182 255 102 255 249 233 28 255 192 170 119 45 255 174 127 4 216
    101 161 153 54 255 136 23 87 203 114 41 134 255 19 221 237 206 168
    121 255 124 133 83 239 148 255 122 193 255 166 66 235 147 101 255
    255 137 171 255 255 89 70 223 75 247 219 255 55 62 131 178 216 59
    114 193 198 74 231 80 255 59 106 255 208 255 18 208 220 189 156 146
    247 245 176 59 44 222 33 79 197 187 208 255 255 200 106 150 231 51
    93 45 206 27 51 18 151 208 88 92 1 255 9 140 34 128 37 164 51 219
    197 225 255 250 248 126 229 255 176 57 10 80 4 255 41 240 255 237
    173 168 118 98 47 61 15 242 130 195 255 100 229 156 79 164 28 231
    173 162 111 56 255 85 152 173 75 222 255 74 165 98 133 57 242 30 149
    255 48 162 64 121 238 73 82 228 137 148 73 90 179 14 12 255 58 175
    228 144 255 76 37 234 144 180 127 8 72 104 183 137 240 243 112 217
    117 153 191 153 15 212 152 4 46 18 140 159 236 230 255 29 245 169 88
    145 243 255 90 237 34 192 255 29 140 255 226 122 255 98 124 217 185
    137 161 210 169 114 0 165 255 24 199 8 116 202 132 246 170 60 216 0
    102 47 191 255 144 174 248 27 222 134 53 255 237 110 163 3 138 129
    64 169 28 17 108 184 255 59 149 146 176 255 217 146 99 255 21 69 255
    118 109 63 116 50 130 206 96 87 206 34 255 46 255 122 80 106 52 28
    137 246 231 202 255 74 255 174 111 211 177 159 231 20 193 95 93 110
    10 255 38 56 161 136 145 232 48 82 79 188 12 0 123 178 115 61 33 107
    120 175 142 37 1 255 238 144 224 112 255 255 180 56 153 118 64 255
    209 44 255 240 132 164 153 138 73 77 211 97 85 255 3 86 23 63 92 134
    255 55 34 202 225 137 12 154 139 133 238 3 27 109 255 255 204 118
    139 148 127 120 142 26 255 114 75 255 194 99 255 26 35 255 78 224
    216 159 6 29 190 21 255 31 80 90 156 255 255 226 6 97 250 118 60 219
    105 42 34 255 83 6 112 50 40 123 104 108 252 217 28 25 197 189 200
    255 85 48 220 148 151 224 156 111 255 255 224 101 188 8 255 218 83
    82 209 61 248 255 169 255 193 219 120 87 101 42 39 41 215 91 236 150
    103 158 207 255 33 232 115 17 238 194 255 255 251 82 230 143 121 183
    131 255 175 239 255 255 71 98 18 54 194 32 75 67 8 229 152 96 153
    252 8 159 78 212 62 232 223 73 149 194 74 39 90 7 154 212 204 126
    235 104 156 255 20 12 27 99 255 124 70 209 47 91 75 128 139 28 255
    94 64 151 160 218 239 229 58 239 116 208 223 32 249 255 251 188 197
    19 111 255 227 51 253 88 253 91 157 129 255 195 135 175 134 240 196
    111 198 255 87 255 255 131 118 87 101 111 155 184 165 178 44 4 72
    203 193 255 132 138 255 136 59 255 219 187 118 67 253 45 250 219 56
    15 67 59 186 208 187 76 169 255 195 255 104 255 199 119 17 11 255 0
    79 19 247 182 1 89 209 92 33 133 147 255 163 164 205 102 255 38 228
    197 6 118 255 139 235 164 255 20 166 207 255 255 98 96 214 52 91 255
    20 48 216 95 148 72 255 24 9 163 150 38 200 242 223 76 12 127 216
    255 255 204 158 74 98 169 255 137 113 37 70 193 60 211 42 104 171
    137 73 32 61 255 133 86 40 83 8 178 158 134 207 15 37 225 195 107
    240 14 1 242 255 73 128 178 105 111 33 247 59 125 186 143 28 87 247
    247 217 196 9 15 162 21 255 255 192 194 255 83 193 113 153 178 255
    196 145 197 199 178 139 148 255 223 217 185 88 179 255 86 227 94 206
    120 250 255 217 143 153 188 31 82 166 88 97 204 255 104 122 72 164
    54 207 187 145 116 206 182 105 174 165 120 78 180 183 255 245 10 141
    207 124 242 224 69 255 222 247 123 198 0 210 112 115 255 39 76 255
    231 202 255 1 241 72 78 56 255 116 203 81 122 77 22 88 4 147 135 250
    60 158 11 146 34 230 19 40 134 139 53 132 255 53 78 255 255 82 255
    142 133 255 217 127 68 21 255 171 189 88 216 7 191 14 62 139 188 74
    232 84 112 28 169 217 102 194 32 111 142 138 68 179 224 209 10 43 84
    164 214 222 255 8 39 244 255 138 29 7 12 9 67 52 3 11 228 6 251 255
    214 31 67 38 72 61 23 11 37 177 103 10 208 249 115 255 83 31 197 156
    183 49 95 210 233 10 121 201 3 137 255 100 135 192 71 30 72 152 0 47
    106 148 132 202 22 6 202 182 90 29 255 155 75 57 205 133 196 134 126
    4 132 204 51 19 7 54 26 150 255 223 51 96 228 10 32 205 106 255 205
    236 111 189 228 255 255 243 153 13 249 150 68 74 96 177 225 220 252
    144 107 255 121 39 234 112 184 31 169 253 200 168 117 255 24 219 229
    137 246 78 192 243 253 113 202 217 211 56 255 5 128 33 241 146 196
    234 164 166 74 255 68 16 214 248 255 94 67 184 225 61 245 14 107 33
    25 134 153 18 187 115 104 174 254 202 146 148 170 132 176 33 183 1
    191 178 68 26 92 104 186 87 170 74 208 189 215 253 61 12 193 83 80
    221 69 63 226 7 215 224 92 146 221 231 248 226 117 139 141 253 148
    33 72 138 230 247 6 255 52 230 177 38 109 234 231 247 255 255 106
    229 121 231 124 66 229 143 187 42 196 80 80 133 106 173 17 236 141
    13 102 19 92 19 169 10 225 236 203 226 29 255 153 129 92 19 170 164
    251 8 255 79 213 72 11 46 208 91 106 68 100 208 175 255 1 23 0 231
    255 83 54 188 0 64 15 227 144 157 171 10 93 19 254 35 191 189 134
    188 146 90 3 227 102 62 22 64 254 122 61 176 86 113 146 126 159 48
    255 221 65 25 255 33 243 244 233 182 20 212 35 145 194 255 194 53
    231 61 85 144 255 16 216 56 142 106 235 114 93 125 110 74 202 28 59
    123 118 255 14 213 198 184 234 21 215 99 252 123 187 48 187 228 166
    54 2 237 239 209 187 255 74 139 255 182 32 87 228 58 110 103 228 255
    38 255 255 255 255 159 153 135 83 69 204 127 124 65 224 74 1 165 222
    241 164 249 255 246 84 31 129 2 171 51 185 110 96 19 25 197 218 76
    24 129 50 18 163 139 246 26 0 255 165 220 255 77 199 169 213 255 208
    168 160 243 7 240 255 94 120 160 82 160 255 165 138 255 235 191 101
    192 88 118 201 163 159 98 177 37 43 232 197 134 87 251 141 195 164
    13 105 251 71 132 65 47 36 228 181 249 255 206 175 0 133 28 133 211
    80 14 210 132 155 169 129 238 231 227 107 116 32 220 136 240 155 177
    214 255 41 30 255 116 211 109 186 62 91 237 226 230 178 37 127 163
    121 104 118 98 255 127 180 166 40 191 187 176 55 58 193 63 1 250 135
    20 194 113 160 154 191 40 206 9 54 39 154 170 62 233 224 74 130 255
    255 193 69 29 54 42 241 218 246 55 79 255 129 142 240 230 98 114 11
    116 229 47 255 174 255 2 28 118 254 219 156 95 26 99 235 253 171 248
    255 101 255 55 83 219 60 145 186 8 0 186 93 97 39 162 185 209 98 255
    48 208 167 148 159 118 22 29 143 95 246 98 70 255 19 52 105 90 134
    255 72 8 255 129 193 173 249 64 38 213 24 255 30 68 116 190 102 56
    144 196 255 64 77 36 38 149 235 183 143 81 200 130 127 6 119 255 106
    58 67 0 253 127 142 255 208 126 214 1 109 124 207 19 124 157 134 59
    151 134 178 239 239 172 255 80 255 185 39 255 196 152 211 113 144
    200 115 239 46 8 43 255 173 40 206 255 239 250 255 125 105 233 180
    33 179 13 255 116 137 152 165 6 116 105 6 195 223 248 74 125 180 149
    17 223 198 255 163 255 70 255 76 82 254 220 169 22 250 175 6 83 177
    36 87 124 161 176 52 234 167 191 255 255 159 121 162 229 234 86 26
    196 100 5 149 82 238 161 13 52 141 255 130 6 42 133 86 255 255 29 15
    147 33 181 13 57 85 255 88 25 255 47 97 63 225 208 215 19 189 65 205
    47 122 166 19 255 255 245 45 52 59 1 200 232 114 25 237 255 153 235
    17 150 3 184 170 248 49 229 143 255 144 162 5 212 247 224 72 176 114
    52 206 84 3 163 33 57 219 255 193 3 6 124 4 41 173 143 14 33 76 180
    233 221 160 76 118 22 228 214 42 30 240 52 56 112 255 229 55 175 255
    15 6 181 75 239 16 47 111 94 154 124 92 21 192 204 65 255 158 15 211
    187 255 118 120 169 155 73 204 255 134 84 23 159 37 139 126 169 253
    211 219 105 191 34 253 211 219 17 84 255 229 169 17 93 3 178 201 68
    239 237 106 162 197 34 247 97 30 255 189 185 164 157 173 77 255 180
    46 187 255 40 255 22 137 141 102 17 188 42 73 20 254 167 120 179 104
    20 110 108 137 17 210 69 255 46 188 25 213 255 63 255 255 202 148 91
    90 43 255 123 6 17 69 76 255 54 28 244 93 31 216 203 255 84 209 255
    198 241 153 159 103 105 255 3 240 124 54 255 255 240 66 77 248 137
    146 79 73 146 139 232 114 220 217 69 224 90 156 180 255 64 158 255
    255 234 111 109 226 131 27 71 102 17 41 8 116 38 170 6 235 59 134
    255 30 255 36 217 17 216 247 255 139 198 70 140 36 55 104 255 255
    171 243 122 255 74 255 142 47 255 215 174 234 170 109 82 23 255 77
    59 251 217 46 108 0 224 133 82 140 255 234 179 133 68 187 24 142 158
    255 70 6 20 210 158 3 221 36 235 202 109 13 255 205 155 165 92 173
    206 4 25 194 119 40 255 145 124 152 145 189 255 3 29 22 168 123 255
    130 47 32 183 255 105 224 74 246 236 79 255 231 149 185 237 237 55
    52 151 255 49 141 226 162 192 143 224 182 255 51 211 93 255 255 237
    255 34 92 213 44 118 132 161 107 139 144 255 88 106 139 137 44 255
    154 78 211 255 112 225 68 153 115 203 255 5 119 144 143 200 255 255
    10 224 61 192 180 214 175 172 107 122 29 255 145 76 255 53 32 206
    212 150 255 196 228 9 152 29 128 25 240 95 118 197 105 65 189 170 4
    93 5 76 178 255 71 164 10 213 94 87 86 186 255 99 116 118 170 77 148
    232 6 248 156 83 98 63 233 97 17 255 255 212 255 23 179 213 104 141
    61 75 158 82 77 77 159 249 209 21 145 30 252 104 248 66 107 158 238
    86 158 108 240 68 13 255 116 62 252 23 255 255 44 118 128 93 70 129
    2 96 201 31 193 189 125 218 225 130 255 202 98 250 202 124 175 123
    111 207 255 214 14 255 21 9 212 66 35 255 255 255 183 11 68 139 101
    122 255 142 146 5 225 243 169 206 176 95 73 255 87 110 145 61 63 61
    72 225 191 211 98 13 119 32 12 87 56 255 145 218 155 255 0 50 82 13
    198 255 71 76 52 120 77 166 97 88 179 175 255 198 207 47 164 145 29
    28 233 53 255 166 255 109 148 250 136 26 197 70 121 61 188 64 219
    104 202 160 178 3 242 193 164 73 168 25 130 18 210 219 255 113 72
    170 9 42 242 177 149 111 142 101 110 238 255 98 135 47 50 126 40 255
    195 239 19 30 94 142 157 226 128 206 8 19 85 6 200 219 32 255 176
    111 51 87 98 124 77 111 23 253 25 69 134 155 65 205 91 202 184 176
    255 214 228 225 29 10 255 71 32 90 255 238 255 205 228 157 229 118
    155 203 111 255 109 203 179 56 126 28 83 139 255 211 203 224 104 52
    183 17 242 15 249 62 49 104 132 207 146 88 255 154 255 46 13 227 101
    104 87 214 161 70 46 63 129 136 144 24 113 111 194 58 94 241 173 137
    176 192 157 4 22 251 14 255 111 255 4 204 73 118 203 255 214 69 175
    255 87 26 224 156 111 164 42 203 166 203 67 255 180 198 67 7 255 59
    213 165 65 234 119 255 14 175 240 68 181 251 139 33 111 28 106 143
    166 241 109 182 231 255 102 145 175 135 41 86 211 203 212 60 165 96
    213 40 68 200 8 188 215 255 255 73 19 147 204 110 98 227 39 188 149
    156 31 17 238 9 255 83 255 163 126 242 241 192 255 26 122 33 243 204
    6 80 233 177 24 224 192 6 132 255 190 100 29 216 26 106 240 238 212
    115 241 8 155 98 178 255 176 1 42 67 134 190 121 72 49 177 3 230 175
    228 193 6 40 131 227 255 44 53 207 75 198 191 119 255 230 149 28 38
    135 75 31 188 53 255 99 101 255 118 63 255 26 142 156 3 134 47 136
    90 106 48 255 255 132 117 27 66 233 56 115 255 40 27 255 255 23 214
    178 180 69 6 27 202 206 182 245 61 164 176 133 177 3 255 60 249 255
    157 202 255 59 150 226 98 0 255 235 8 95 215 130 33 11 142 88 123
    210 255 255 2 109 236 189 215 253 137 31 134 144 233 106 84 243 61 2
    205 218 62 211 246 146 255 5 44 20 17 248 116 130 102 246 61 95 125
    74 46 255 255 255 255 28 239 10 134 96 58 56 255 141 184 61 187 155
    105 55 45 255 38 232 255 226 55 224 255 179 108 24 38 187 58 11 229
    255 63 255 166 1 23 168 230 107 177 117 255 230 134 173 252 214 54
    124 157 254 239 36 17 120 17 196 201 28 109 31 45 208 255 225 72 22
    255 199 124 34 192 23 255 52 13 252 255 178 27 170 217 161 127 24 98
    185 196 213 134 240 28 255 255 15 112 255 82 177 255 155 171 202 123
    80 68 195 131 161 89 255 115 250 19 95 91 211 221 214 96 255 108 34
    19 165 80 137 177 106 47 55 97 4 125 124 255 141 48 38 8 119 255 152
    151 255 179 235 119 14 127 102 201 255 244 220 249 22 67 84 59 126
    105 255 103 132 255 147 139 88 235 120 63 55 67 36 49 131 187 200 99
    38 204 25 43 84 78 251 252 51 60 255 148 234 170 255 215 169 233 212
    198 142 255 116 233 148 135 155 75 141 255 45 23 154 90 226 255 3 48
    184 139 245 197 40 37 78 205 195 2 150 33 238 6 19 255 142 40 167
    102 229 89 255 240 116 78 193 6 72 15 180 184 129 22 65 127 186 45
    118 76 95 131 84 138 39 87 255 158 152 102 167 176 65 144 213 115
    163 55 104 111 202 87 38 134 95 117 34 128 170 107 100 228 174 31 6
    43 165 13 95 255 130 255 255 204 78 105 176 200 255 216 203 255 229
    35 255 17 107 107 255 17 26 102 183 201 148 255 255 19 140 37 33 198
    73 40 54 255 103 69 130 130 255 55 194 196 255 223 255 255 173 128
    100 181 35 255 40 137 200 60 0 162 120 253 22 219 138 45 73 205 255
    21 255 6 202 153 233 20 233 56 114 210 70 122 250 58 134 2 124 162
    79 101 202 105 72 104 170 113 163 154 138 118 128 106 248 132 111 96
    22 255 115 29 59 208 100 255 167 139 184 41 240 107 42 101 17 106
    113 136 76 243 223 254 99 125 147 203 63 102 2 65 103 126 28 66 88
    226 251 110 255 61 236 129 194 88 212 202 116 255 64 90 50 2 161 31
    80 121 255 11 150 201 73 242 159 11 189 155 13 99 92 19 2 255 157
    255 61 247 134 255 129 167 83 99 19 70 226 161 123 229 144 64 184
    119 255 159 14 255 188 192 130 60 218 201 149 32 150 112 3 180 51
    251 47 195 115 29 141 34 255 47 113 226 169 217 255 112 217 81 43
    233 255 84 131 60 234 122 177 163 236 109 220 101 120 255 255 124
    200 249 161 156 122 207 159 31 19 55 18 70 153 230 187 30 111 255 27
    43 177 115 227 255 186 142 226 190 148 197 165 252 78 14 25 255 252
    171 228 133 208 206 52 202 255 14 245 37 28 0 198 177 178 255 187
    242 61 95 255 255 142 29 255 208 116 116 254 255 107 99 124 255 216
    26 104 126 255 255 76 167 111 255 195 91 28 208 255 24 31 255 214 28
    33 169 203 217 222 94 105 66 226 153 34 129 255 116 247 26 192 82 70
    75 255 217 155 255 22 164 145 234 255 17 180 124 113 217 48 44 148
    199 255 255 170 128 50 40 160 36 180 33 42 230 127 130 49 194 169 17
    66 217 62 66 22 130 255 165 150 37 14 21 215 38 67 165 194 96 232 70
    172 202 55 140 214 183 124 111 49 56 32 8 115 214 255 15 87 255 122
    254 93 222 36 255 42 26 255 169 243 141 236 86 155 146 1 210 98 47
    215 24 165 50 137 88 134 87 80 3 234 240 10 255 135 253 88 73 224 11
    183 111 171 192 128 78 140 255 219 18 29 92 19 22 96 202 234 106 226
    251 73 94 65 33 255 35 14 184 88 144 237 255 168 41 255 70 129 55 96
    88 230 255 1 26 241 176 208 45 25 161 231 122 255 37 110 164 41 255
    116 168 180 86 150 63 22 186 106 65 255 151 210 242 220 255 37 50
    255 137 3 20 86 246 75 255 26 255 109 97 142 11 109 255 255 222 110
    252 10 42 92 255 235 162 130 75 231 34 65 180 192 109 98 185 255 213
    175 116 255 152 40 140 33 249 24 23 153 255 232 196 191 154 93 186
    106 235 132 253 46 193 215 18 101 255 201 154 7 207 255 255 233 66
    247 63 42 255 138 167 216 207 72 189 9 115 131 64 198 33 255 178 250
    157 70 226 109 38 63 51 95 138 81 195 106 132 95 7 83 8 211 243 170
    163 255 196 117 33 28 32 255 142 139 170 108 184 132 17 145 1 157 58
    60 156 236 134 254 165 197 150 216 255 226 108 255 235 56 56 142 26
    116 201 255 247 100 196 183 18 24 255 91 250 255 249 195 42 196 164
    64 61 148 87 219 255 82 243 34 189 109 255 247 116 52 65 208 236 226
    193 144 255 163 241 255 178 255 96 43 239 255 225 45 114 178 199 205
    66 137 147 222 102 255 241 48 200 112 203 69 253 111 247 62 72 253
    159 241 3 8 163 210 184 129 104 111 207 255 160 208 174 25 26 255
    194 142 247 181 214 42 135 139 31 220 94 255 96 255 184 185 202 255
    78 145 98 19 163 104 60 189 32 13 255 134 198 87 134 201 112 255 55
    101 192 108 255 74 145 9 217 70 0 217 78 107 97 30 88 50 246 255 166
    192 137 156 184 255 255 68 197 226 146 106 46 203 64 185 141 199 255
    110 255 58 224 29 255 20 88 215 175 51 84 29 149 214 251 167 225 230
    228 50 149 193 27 88 255 124 143 156 90 21 167 211 149 68 74 166 202
    23 64 84 225 93 18 28 142 171 184 11 214 255 176 135 101 185 213 122
    132 221 160 74 113 255 186 126 255 229 113 127 149 200 233 247 159
    215 86 208 6 237 111 78 21 213 193 61 151 59 15 28 134 85 23 255 97
    205 147 173 141 46 248 11 137 67 82 244 33 94 242 196 255 255 183 74
    123 39 15 235 56 237 87 30 1 185 183 207 255 255 158 9 152 222 20
    158 255 113 2 209 255 169 155 153 191 185 197 189 141 137 60 45 249
    131 118 255 224 43 255 44 166 69 8 188 95 240 25 240 255 255 17 160
    99 12 92 58 253 146 175 64 26 159 41 90 56 129 64 233 255 145 170
    219 116 105 255 96 86 255 142 155 65 212 202 191 227 80 183 233 134
    255 198 29 19 156 192 235 203 65 28 11 110 69 216 105 183 21 138 58
    90 159 255 26 185 107 120 186 123 207 207 255 186 156 10 127 240 136
    19 142 23 255 7 36 183 171 113 202 166 151 243 216 105 198 177 56
    193 8 216 17 198 189 106 86 182 77 255 123 249 181 22 203 117 116 8
    255 110 189 255 120 77 248 239 46 146 255 201 251 255 112 194 255
    115 76 161 135 151 240 2 135 255 195 85 153 203 48 133 42 47 255 208
    76 101 51 29 83 140 105 65 161 178 14 15 129 54 14 126 127 175 97
    128 96 230 50 196 109 159 124 218 90 82 166 61 113 6 255 63 255 255
    232 172 255 22 56 147 192 169 54 216 161 56 27 23 82 205 22 45 76
    255 255 207 183 1 237 90 189 44 70 255 83 94 252 254 246 79 177 91
    74 59 54 47 51 84 22 222 249 255 70 94 255 219 194 229 109 242 73 36
    124 202 90 108 136 111 184 255 255 115 45 73 32 255 187 74 226 154
    36 216 202 91 208 177 87 102 73 2 15 245 209 70 121 130 41 64 229 77
    182 191 168 106 221 255 26 119 255 14 84 216 236 197 113 154 110 6
    218 254 0 79 209 211 92 241 202 172 4 255 109 214 255 88 151 255 75
    167 255 226 42 255 110 28 255 202 133 239 109 69 151 195 121 22 142
    32 114 50 255 109 73 122 113 204 54 193 5 99 15 239 48 31 38 83 189
    170 196 109 41 55 171 92 30 104 90 226 255 141 63 255 94 247 86 191
    215 109 47 178 184 238 180 187 162 194 161 125 152 255 157 246 88 36
    222 67 138 165 255 94 148 255 95 135 255 131 111 255 166 126 255 67
    73 255 62 116 234 33 37 255 185 35 22 183 202 92 57 232 249 146 22
    153 101 215 14 255 187 255 88 253 104 102 45 255 142 93 255 168 250
    91 85 124 255 160 242 22 153 241 255 218 254 54 111 95 77 118 43 185
    124 246 255 64 58 255 107 211 255 142 30 177 255 247 78 235 134 255
    165 235 24 109 228 252 99 82 58 204 29 179 194 62 235 194 36 249 205
    59 255 21 94 255 215 228 255 255 255 255 99 36 15 84 227 216 57 0
    109 232 44 61 161 150 230 199 24 133 127 70 130 183 106 165 237 237
    75 178 177 255 39 89 5 147 255 60 48 248 120 123 187 219 153 133 255
    179 207 255 183 156 23 223 15 255 29 255 252 140 8 107 96 255 160 38
    145 255 180 66 97 97 227 169 227 137 223 215 6 194 75 255 13 22 78
    27 77 63 255 40 0 255 70 35 255 77 241 233 190 165 255 2 117 255 95
    255 249 255 28 106 49 95 6 32 78 95 184 93 189 55 46 216 236 21 255
    216 159 255 131 32 255 118 46 28 176 227 255 255 255 211 164 89 238
    9 94 118 108 67 0 102 26 155 170 45 129 136 43 87 159 232 65 8 98 64
    93 255 125 166 228 183 247 82 255 255 99 255 144 251 153 158 116 229
    45 142 255 62 229 127 13 255 60 223 87 226 205 120 237 193 119 106
    232 146 13 172 175 20 190 236 109 52 200 177 78 106 232 112 54 201
    77 64 165 124 58 226 62 76 188 52 222 63 237 222 251 67 249 255 77
    185 255 67 52 174 182 241 86 85 255 119 130 156 133 30 154 171 214
    35 200 255 8 200 188 63 87 96 64 70 156 43 214 140 255 123 16 55 255
    25 65 255 204 141 114 130 101 78 22 245 152 125 220 191 63 82 19 39
    93 129 85 90 97 115 255 46 2 255 255 255 173 255 7 102 145 168 119
    160 203 195 228 122 65 84 24 242 5 176 48 161 50 39 42 68 126 143 18
    255 255 188 106 20 216 80 60 106 130 220 56 255 255 62 255 81 45 188
    211 2 219 156 79 54 127 240 1 166 187 163 110 161 255 19 2 1 159 243
    61 255 49 90 255 91 95 35 255 2 40 179 184 216 108 231 73 166 195
    159 131 220 187 203 23 38 253 75 145 179 255 255 217 4 120 20 140 4
    106 164 83 33 94 255 155 68 217 9 171 255 240 232 102 196 100 159
    255 138 189 255 204 233 171 255 240 154 173 255 109 25 159 48 53 69
    17 20 24 108 134 255 56 155 255 9 215 160 19 255 253 169 248 255 5
    142 255 100 124 150 205 9 122 163 242 17 60 95 255 107 102 183 137
    154 36 170 89 42 191 123 136 179 40 166 24 1 36 150 93 224 100 141
    255 38 255 153 30 255 171 37 158 255 245 196 255 115 220 255 153 217
    8 70 128 151 7 61 173 171 181 255 40 138 210 79 30 243 133 1 139 51
    133 225 117 57 41 140 99 151 61 216 42 224 74 31 66 98 255 157 255
    187 51 163 32 159 237 255 239 91 32 46 112 41 255 236 180 44 35 226
    98 214 255 63 95 255 213 133 88 192 130 60 239 167 255 111 10 96 111
    253 87 154 37 228 172 20 155 85 151 45 76 31 239 222 89 52 180 135
    255 233 255 255 91 72 36 109 255 205 28 51 220 248 239 54 65 255 151
    64 247 169 165 131 65 79 86 255 0 249 23 255 255 64 109 127 243 54
    186 203 21 15 221 40 80 240 254 247 13 216 226 79 214 217 230 142
    148 255 241 213 74 29 238 96 115 64 217 108 47 255 230 30 92 209 154
    255 126 174 225 210 82 113 183 182 123 47 148 185 158 221 26 98 50
    93 13 44 184 185 23 90 8 124 255 126 219 255 136 138 255 9 31 24 34
    109 64 222 65 173 255 58 255 120 39 255 90 213 219 240 137 255 191
    57 212 70 164 215 153 7 255 255 53 19 160 255 255 229 33 148 255 166
    118 212 105 86 138 219 130 113 226 105 255 58 170 246 135 148 170
    115 1 129 24 4 158 126 52 120 221 134 23 6 201 141 255 17 26 255 82
    134 255 32 183 127 92 83 225 177 212 59 177 34 200 255 37 120 59 253
    117 193 22 24 255 226 93 26 114 197 255 48 59 128 255 73 31 233 86
    196 146 41 69 239 87 255 201 95 151 133 186 251 48 10 26 64 20 14 96
    197 51 248 150 255 87 87 255 183 44 255 69 70 255 87 247 148 222 1
    35 208 2 102 72 138 171 96 61 26 71 169 129 68 207 255 154 144 40
    141 175 238 236 40 232 204 52 193 248 117 255 5 26 175 238 255 10
    165 150 255 88 226 255 43 243 146 99 18 8 132 62 23 89 215 96 119
    100 242 22 69 211 75 86 19 171 91 255 222 255 102 229 255 229 75 41
    255 102 247 238 238 206 255 255 43 51 38 74 56 125 230 68 132 101
    193 149 199 192 234 47 155 18 237 177 255 255 157 74 72 239 160 230
    123 50 207 255 19 237 255 19 255 168 70 221 63 43 233 255 57 225 145
    167 141 55 171 198 255 44 90 255 141 154 102 82 255 196 104 113 130
    248 255 255 226 218 255 189 241 125 137 78 255 163 202 253 228 45 33
    43 138 5 148 255 251 9 254 255 90 227 40 165 111 182 21 126 255 156
    17 255 133 217 255 147 51 129 56 135 32 238 33 255 13 220 15 66 11
    46 96 23 238 71 39 86 31 46 145 118 113 12 52 247 183 245 255 206
    199 126 247 255 236 134 194 156 170 168 1 255 218 188 216 141 214 5
    252 172 87 45 155 255 78 94 55 80 164 255 66 98 255 169 110 27 101
    75 174 119 199 255 101 13 51 21 173 115 107 65 255 10 63 122 204 176
    70 109 255 171 179 116 40 208 1 184 6 28 56 200 79 221 139 10 255
    178 94 60 32 108 95 33 37 174 101 108 59 139 37 40 198 235 187 73
    255 192 25 99 255 217 21 255 62 111 88 64 207 221 106 51 64 237 236
    79 62 56 180 21 167 179 209 115 87 40 152 188 200 4 177 234 171 134
    80 254 159 98 210 255 183 255 255 250 87 162 153 13 142 51 255 255
    156 250 78 24 228 255 255 21 255 44 93 255 22 34 137 56 51 255 129
    126 106 233 111 255 34 51 255 78 255 197 250 243 255 242 21 70 60 58
    210 154 24 15 116 224 255 163 167 240 51 187 157 57 134 45 158 15
    177 27 127 47 160 121 255 66 141 87 114 25 193 125 54 88 56 214 145
    235 246 171 250 46 22 142 2 125 235 158 175 247 40 115 114 52 50 73
    102 31 29 141 118 66 122 73 180 255 234 124 196 136 83 28 96 237 73
    255 167 23 168 10 255 101 144 69 255 19 159 19 43 143 150 193 84 119
    28 140 238 211 195 255 148 233 122 177 102 119 29 100 215 102 97 78
    64 242 97 254 123 1 180 211 252 18 217 255 255 59 255 93 123 243 224
    11 101 32 215 56 164 138 223 129 225 238 116 137 146 227 208 42 14
    177 74 42 255 192 131 169 113 21 29 128 252 139 125 223 75 68 85 144
    138 168 120 106 163 72 205 134 205 246 247 164 8 148 79 169 54 97
    202 148 183 194 98 109 24 232 247 124 92 75 229 57 219 253 0 255 211
    47 250 203 117 4 255 23 101 50 183 240 129 26 239 56 209 247 70 168
    54 178 218 40 255 116 115 255 156 255 255 202 189 238 225 253 247 9
    12 243 207 45 180 250 119 255 182 214 33 91 238 228 54 41 105 2 238
    138 219 18 194 250 202 24 180 43 183 47 203 43 102 170 155 126 203
    255 63 235 217 138 90 111 72 216 46 124 86 255 255 97 106 106 255
    157 112 10 9 208 200 173 109 255 255 208 99 91 217 206 177 87 221
    125 115 254 83 180 255 23 251 29 255 20 7 102 84 62 124 255 252 255
    230 226 255 171 18 32 219 246 255 19 228 92 34 107 104 152 193 60
    124 83 58 95 22 255 127 31 101 200 241 83 153 25 205 72 166 185 43
    33 22 110 170 205 161 117 31 114 255 22 218 206 255 108 130 188 78
    123 35 147 185 198 254 255 225 152 250 170 249 109 255 141 66 180
    159 135 255 36 51 72 23 255 83 255 210 109 205 218 15 79 170 248 201
    7 45 97 121 56 251 255 58 15 238 40 239 243 96 113 47 136 2 40 68 23
    211 174 119 174 17 153 40 72 125 255 247 125 252 255 162 33 162 173
    255 192 162 72 211 82 132 22 89 240 110 175 246 88 183 74 109 144 4
    93 88 233 73 67 185 83 227 218 109 122 141 255 85 44 45 1 29 211 39
    255 54 226 230 248 201 173 0 148 255 255 52 97 42 106 155 114 99 252
    91 98 34 255 194 85 191 123 89 37 56 143 27 125 106 47 245 133 210
    41 189 255 107 255 207 80 52 51 74 255 161 230 47 151 206 218 36 213
    228 228 17 87 226 120 189 255 223 203 230 125 122 255 1 74 185 233
    139 200 20 40 24 246 24 136 34 130 151 107 197 255 82 72 73 218 82
    54 220 216 61 144 197 77 255 73 42 15 31 105 93 131 200 202 235 192
    211 255 113 208 115 84 178 191 31 97 66 155 95 241 219 239 140 83
    134 8 200 6 87 255 2 195 100 121 53 4 70 100 234 191 126 67 9 130 19
    67 239 68 87 126 134 230 167 116 255 36 255 22 86 125 92 255 255 73
    255 132 3 159 83 45 90 164 202 220 191 253 86 255 111 73 78 230 8 40
    230 42 255 212 250 255 55 109 255 53 57 237 62 149 240 69 255 171
    207 183 255 90 196 1 51 206 128 214 183 146 7 146 24 30 184 255 28
    180 146 135 182 188 4 152 244 182 115 255 3 84 166 90 96 43 53 52
    187 168 162 221 217 255 255 66 36 127 144 94 223 232 246 151 255 64
    206 241 160 95 241 154 28 142 47 211 141 218 123 166 203 9 253 255
    255 179 76 160 104 159 35 46 36 255 0 75 5 169 161 22 53 144 101 106
    233 81 116 131 46 158 124 50 220 47 184 255 246 37 202 255 242 228
    241 4 212 11 229 17 122 255 231 61 102 42 228 22 228 77 178 117 123
    54 203 255 255 203 195 255 14 117 202 111 31 255 214 8 22 113 186
    255 186 74 52 141 208 255 31 29 134 110 225 58 59 4 255 159 91 60 1
    90 106 129 17 96 28 104 79 255 105 229 69 161 255 165 255 207 228 23
    243 34 171 157 145 2 19 72 32 243 170 70 3 75 6 255 147 61 74 222
    127 151 217 7 243 11 14 79 29 161 136 119 193 175 194 255 255 166
    154 255 238 34 255 134 255 142 207 50 255 255 178 40 52 202 210 82
    90 72 70 116 207 254 238 229 41 98 207 57 144 87 218 100 255 102 241
    160 0 130 136 206 154 98 224 111 116 49 70 101 218 242 255 29 140 82
    96 26 27 247 250 208 114 209 255 20 129 255 80 255 73 191 86 187 191
    57 203 112 175 101 138 163 31 127 127 0 24 0 214 142 217 255 175 63
    244 155 133 255 220 163 60 98 111 13 61 255 87 235 133 179 149 156
    193 224 43 237 123 39 255 71 255 148 203 20 255 66 68 174 141 3 255
    235 61 125 255 182 97 175 63 23 255 197 192 115 248 45 119 84 255
    210 255 111 92 174 64 0 182 73 40 37 123 39 164 47 56 20 6 126 158
    125 255 175 96 7 113 255 179 138 141 67 203 40 40 207 15 103 145 128
    98 8 255 223 25 255 65 178 51 167 142 229 173 200 56 246 255 114 80
    255 239 33 181 96 145 222 86 141 224 128 142 80 51 162 121 193 59
    245 153 240 84 255 75 72 50 97 64 37 50 165 68 178 221 67 88 255 124
    227 62 113 3 94 58 216 232 129 250 220 255 210 156 221 85 250 115 61
    12 165 185 139 192 211 36 74 152 69 142 255 204 224 255 59 255 182
    29 255 235 224 42 212 213 255 179 4 255 179 104 244 255 186 252 212
    180 9 82 48 166 73 202 151 219 165 124 255 151 14 251 124 185 125
    116 255 255 151 255 39 232 54 109 255 101 232 90 255 39 255 203 213
    31 143 109 255 153 210 211 228 69 197 251 85 99 179 157 255 69 23
    169 52 62 108 251 150 166 83 138 24 129 13 21 255 199 67 74 83 225
    162 69 237 251 246 13 164 27 205 214 189 37 179 24 121 55 23 178 169
    219 159 79 104 248 238 199 194 86 199 84 0 255 246 148 23 13 151 200
    116 255 8 242 255 77 51 225 236 17 238 165 255 159 233 187 88 90 2
    232 231 243 42 186 228 69 9 122 87 28 66 194 255 219 97 52 245 134
    129 178 247 219 47 124 88 185 88 51 233 187 191 8 182 107 254 255
    253 187 41 52 166 17 49 15 255 255 242 184 162 210 255 179 153 122
    133 137 255 205 226 255 156 59 177 22 90 234 183 255 139 26 232 123
    20 124 255 57 221 78 73 161 255 124 113 4 243 232 29 232 217 255 108
    159 255 2 220 109 64 172 23 223 166 226 91 109 87 31 249 191 190 8
    198 255 17 255 45 202 31 202 58 9 233 184 98 142 222 214 219 204 116
    173 0 72 223 217 255 63 86 194 190 142 6 104 93 255 229 238 255 33
    209 134 161 254 240 184 189 255 101 152 255 255 198 255 0 192 6 77
    56 255 37 188 193 225 222 146 132 253 134 243 29 215 159 82 219 1
    202 127 255 154 69 4 226 74 168 188 201 123 161 43 46 10 216 247 12
    255 134 176 153 216 129 107 255 12 3 207 85 9 106 20 232 19 206 255
    32 43 255 172 96 198 137 102 198 152 146 224 28 78 115 228 249 23
    234 214 132 176 116 221 228 206 187 159 210 255 49 219 189 41 153
    255 238 151 104 255 110 59 255 242 255 123 29 255 255 196 220 230
    252 150 101 117 68 28 210 175 113 88 61 194 252 47 38 252 253 252
    255 255 255 216 49 133 14 229 184 87 24 17 182 191 137 249 201 91 57
    152 30 196 70 110 2 129 210 7 13 194 127 111 115 255 165 178 235 150
    162 137 118 13 113 255 55 145 91 62 251 78 217 224 169 146 186 255
    55 207 28 6 119 84 255 137 162 238 39 193 129 76 75 139 131 155 4
    255 28 46 177 255 8 255 125 217 219 214 171 29 255 255 101 188 124
    58 253 138 129 225 161 235 166 7 233 142 194 87 102 255 255 43 49
    246 232 255 6 210 241 189 251 95 241 159 120 167 255 218 191 255 247
    161 36 73 62 14 34 110 221 36 112 255 132 17 23 179 101 174 163 134
    75 203 106 214 96 113 101 100 90 255 5 187 43 113 120 235 133 23 109
    190 255 202 195 12 74 2 37 255 0 51 255 235 47 156 103 63 187 207
    200 93 198 224 166 22 69 119 238 255 111 10 97 230 93 120 165 219
    255 206 33 24 170 232 167 226 176 61 69 199 128 68 54 145 124 152
    199 197 152 141 125 135 10 97 73 237 64 243 233 168 52 239 182 33 74
    235 191 253 253 147 139 142 189 59 74 233 195 110 24 130 196 134 130
    93 104 11 173 2 20 22 38 9 255 19 251 255 97 215 255 51 178 148 100
    115 139 5 40 68 97 183 178 88 88 169 55 153 119 87 255 168 224 150
    139 121 228 211 212 110 211 124 255 152 49 204 255 110 23 69 166 115
    170 169 255 232 65 255 51 185 207 189 165 178 255 5 218 24 41 156
    255 239 151 119 107 140 168 48 222 55 56 53 217 195 243 153 11 138
    255 139 156 255 131 144 83 175 196 212 255 45 54 61 93 143 146 187
    255 31 0 69 182 240 238 195 165 104 14 50 104 185 8 4 243 86 161 98
    255 127 194 193 162 230 245 119 169 226 207 216 26 255 207 255 175
    164 75 100 179 25 193 4 130 255 8 109 162 48 98 197 185 21 247 97
    174 255 103 64 12 178 255 205 129 82 255 54 219 202 26 45 206 37 162
    185 83 183 0 129 36 207 253 18 49 48 162 255 217 209 124 111 254 255
    255 59 28 255 194 255 241 224 5 40 123 191 134 52 255 55 68 0 203 89
    164 29 28 178 162 224 255 124 185 216 163 33 184 207 64 240 100 222
    67 150 110 188 127 159 242 73 66 242 61 105 106 201 236 129 230 25
    175 32 44 87 127 177 201 200 156 75 192 176 255 103 255 152 52 33
    255 78 74 238 211 255 255 144 23 210 233 160 196 38 255 141 108 104
    49 2 202 75 255 99 255 214 7 228 166 162 75 159 56 255 47 6 183 106
    196 104 182 11 150 193 194 247 199 1 253 249 142 230 255 34 255 234
    0 215 255 239 137 186 255 188 49 255 169 31 176 198 148 75 9 93 204
    78 175 87 255 9 74 174 127 101 182 2 153 155 129 173 13 13 144 156
    119 255 255 189 215 255 27 176 217 65 255 106 55 236 155 155 250 184
    3 83 255 63 3 142 82 19 26 107 196 151 86 255 47 50 255 255 194 225
    170 111 211 252 194 75 255 255 88 255 216 153 240 177 129 58 21 122
    26 188 213 102 203 230 255 46 255 255 160 21 26 2 69 91 71 204 63 29
    208 69 110 19 1 101 36 13 186 116 255 55 17 255 255 95 165 22 225
    100 135 83 122 158 163 17 21 173 255 149 68 59 63 213 160 138 20 255
    66 186 33 182 134 60 213 162 210 255 53 87 222 150 244 60 165 214
    185 177 255 107 186 255 131 255 20 71 183 19 90 141 255 19 76 70 76
    255 12 155 161 32 190 255 93 195 137 50 254 226 214 134 253 205 77
    44 185 172 140 107 131 229 251 7 107 20 4 39 67 198 252 255 118 30
    255 159 206 255 169 25 101 136 116 96 183 79 255 116 59 130 17 228
    255 227 255 104 32 80 97 51 174 139 93 215 255 131 161 143 77 63 155
    253 116 210 70 159 78 134 54 255 30 239 141 68 233 49 190 228 67 23
    213 239 222 243 113 168 255 61 133 97 210 143 255 240 96 255 171 207
    138 255 238 52 255 229 245 238 208 255 255 20 248 95 68 255 17 38 30
    214 127 181 247 120 6 90 64 198 255 246 255 81 88 31 194 222 182 237
    156 202 185 15 113 133 101 41 120 182 184 215 65 220 118 146 240 255
    231 96 208 250 105 255 227 59 242 255 255 81 237 163 214 16 167 255
    255 57 153 23 117 138 201 115 244 64 89 255 97 175 207 166 98 207
    202 102 210 220 13 105 162 137 203 127 255 179 33 169 67 117 132 255
    229 255 124 255 142 255 126 17 164 0 93 59 183 110 255 126 255 148
    200 131 240 213 159 208 13 232 70 93 203 215 96 72 255 245 186 161
    129 192 69 148 50 115 189 77 86 29 255 70 255 57 119 45 203 215 241
    83 68 208 176 159 238 138 255 186 188 229 84 8 255 57 74 14 149 144
    166 251 146 113 23 230 255 234 17 114 51 243 1 79 17 8 9 255 238 177
    25 32 119 67 52 255 115 203 203 138 221 21 95 37 196 109 255 158 255
    82 33 74 50 47 208 128 83 200 177 64 100 255 13 232 36 163 204 23 61
    186 55 228 118 159 155 87 87 148 228 206 138 113 9 207 184 73 191
    158 78 10 164 61 248 20 51 185 183 255 85 240 70 245 102 83 255 203
    159 165 255 255 153 132 211 201 18 255 243 142 223 15 196 206 156
    171 141 225 117 74 255 121 139 205 34 216 234 251 202 65 80 70 226
    241 255 219 144 249 225 130 243 34 224 255 240 67 255 102 255 95 52
    94 255 205 207 0 61 138 91 44 193 122 55 86 32 37 43 255 16 31 31
    168 208 8 106 255 255 159 78 5 142 228 175 222 178 38 69 122 168 255
    111 64 29 2 197 36 113 58 159 209 115 98 113 124 183 29 162 242 101
    255 214 197 219 4 162 15 134 104 255 222 160 238 36 171 255 146 205
    221 243 195 253 138 219 255 98 52 128 64 239 226 0 177 252 31 208
    253 118 255 255 247 183 115 242 53 171 43 198 255 41 182 162 194 206
    248 20 235 255 202 255 244 143 155 70 4 44 68 202 255 255 108 10 255
    107 150 224 116 144 129 118 116 216 87 64 92 171 164 153 22 211 214
    255 124 146 250 206 244 198 135 170 255 217 150 135 146 255 36 39 13
    132 255 255 196 54 244 163 39 255 43 111 79 242 205 169 145 203 153
    17 215 255 255 253 155 99 119 81 182 173 255 255 139 45 177 9 110 33
    199 160 192 145 46 69 203 255 249 25 110 63 20 191 181 1 137 33 104
    178 255 61 56 130 15 205 215 166 221 66 232 83 104 41 216 27 13 26
    136 219 206 236 180 247 241 148 42 117 230 101 27 17 159 49 18 98
    130 10 51 37 181 27 127 171 15 203 165 202 167 255 212 123 194 18
    101 255 197 209 237 255 101 185 219 33 23 91 113 255 255 74 160 124
    72 121 49 8 218 255 196 149 55 191 25 81 89 107 255 235 2 88 118 117
    255 9 206 240 13 255 255 62 33 70 255 13 78 0 115 61 37 101 239 83
    255 255 134 94 128 223 109 255 173 6 255 68 54 38 47 95 151 245 124
    255 79 236 237 4 135 45 218 97 255 40 209 82 237 6 215 64 130 83 130
    255 168 61 255 185 211 235 220 178 245 255 190 100 113 67 132 255
    220 115 56 136 21 173 5 83 191 234 100 68 16 91 255 136 113 86 32 29
    28 90 149 255 255 175 105 182 216 162 27 126 127 255 203 223 82 41
    201 82 171 31 51 69 92 161 228 255 47 22 252 235 222 136 243 148 92
    29 17 118 241 133 23 177 213 171 255 247 192 177 108 255 91 1 170 93
    37 255 20 98 255 213 131 255 132 150 255 200 252 148 8 93 142 113
    255 255 45 45 255 231 23 232 68 191 255 141 3 255 152 118 18 152 247
    124 182 22 205 89 127 255 255 76 15 149 100 115 250 159 233 7 113 51
    165 124 111 48 177 115 111 226 255 255 214 196 119 12 8 255 232 162
    219 37 157 158 248 193 243 7 141 198 34 171 158 255 87 192 30 255 91
    29 115 201 255 185 27 250 93 132 232 143 163 37 95 228 36 164 21 75
    168 169 42 255 167 204 200 65 219 173 91 175 128 158 173 165 167 235
    255 198 236 255 254 111 255 206 77 31 73 96 171 98 67 17 205 7 183
    175 127 255 73 237 193 20 121 225 216 117 255 66 116 178 255 77 255
    161 104 255 144 176 255 73 165 169 104 23 9 165 255 255 194 155 255
    158 59 251 213 255 127 54 142 174 47 236 116 255 32 240 229 53 255 3
    52 74 185 9 35 215 203 242 106 94 255 210 137 130 222 58 182 87 91
    115 248 75 233 21 184 141 184 54 54 162 243 84 127 148 59 99 137 219
    183 68 128 77 255 22 138 78 32 123 215 208 154 255 255 143 171 22 87
    41 136 57 235 193 21 246 12 228 189 194 216 51 200 7 255 42 52 91
    255 0 11 229 13 14 12 121 10 56 255 153 36 187 129 142 255 252 157
    161 102 92 102 43 223 18 145 10 87 255 1 125 46 188 22 75 107 157
    130 118 133 32 151 26 154 13 251 87 255 74 169 87 220 77 255 74 61
    255 148 69 168 206 10 78 93 138 207 245 235 255 243 84 168 218 162 0
    31 133 202 252 207 220 255 166 49 213 22 214 217 56 157 52 184 255
    15 141 185 60 160 147 190 152 255 212 91 33 131 255 255 196 33 166
    19 141 183 255 142 255 198 194 255 75 31 228 172 152 243 206 0 238
    101 13 232 217 141 255 26 250 95 148 255 255 55 112 81 28 35 120 145
    3 134 57 40 98 255 185 38 103 255 46 103 255 69 55 20 255 213 213
    134 202 230 33 232 163 248 56 10 166 216 52 208 165 199 13 241 25
    255 208 152 255 176 120 243 61 199 98 14 143 255 14 22 255 206 226
    123 183 182 198 220 184 150 24 36 65 95 200 255 145 57 10 136 255
    192 153 200 107 39 146 55 49 44 115 118 170 165 222 247 255 5 67 155
    169 235 159 217 12 42 248 109 251 26 255 59 183 74 105 195 14 216
    255 139 255 188 219 156 255 176 175 183 177 198 189 80 8 36 34 14 56
    235 106 251 9 41 214 177 152 17 118 61 203 123 240 64 172 43 177 43
    192 138 69 255 94 241 41 255 24 232 13 150 255 224 121 19 9 239 134
    3 245 50 66 72 96 212 232 255 89 79 202 113 120 98 65 121 100 109
    149 150 9 251 237 161 53 217 168 59 128 161 255 202 186 237 38 157
    255 119 158 255 12 246 34 255 255 37 255 255 61 244 148 124 223 142
    144 255 26 9 255 143 90 239 32 255 77 199 173 155 52 97 173 155 32
    232 168 209 111 48 148 68 107 87 141 103 171 255 4 28 192 79 202 255
    5 235 255 238 29 215 76 127 255 139 85 134 50 75 55 216 131 130 255
    141 164 62 187 255 74 77 78 66 72 255 136 40 55 207 187 255 158 78
    96 112 57 165 165 15 138 173 255 145 13 123 32 255 198 255 219 0 90
    199 238 255 112 6 24 159 88 151 250 47 255 170 74 168 120 121 240
    176 194 255 177 153 171 143 77 203 60 79 114 183 121 207 239 255 23
    212 251 237 230 255 83 25 153 179 255 7 24 45 7 15 65 100 116 237 89
    161 206 217 255 14 255 168 109 18 128 90 203 255 218 100 42 233 80
    50 123 139 109 88 41 255 101 255 202 173 64 255 130 255 232 232 6 59
    26 255 42 33 255 255 169 105 106 116 167 127 40 255 55 1 106 107 199
    233 235 71 232 223 18 253 133 133 243 168 209 82 202 209 215 160 51
    198 206 91 28 255 3 69 77 254 230 150 109 255 43 4 255 196 116 213
    69 137 129 17 145 4 65 82 188 33 2 172 255 255 86 138 154 4 255 140
    87 109 83 182 177 225 106 56 137 161 130 144 255 60 251 56 255 206
    56 255 0 24 255 255 83 95 9 229 92 243 240 202 148 131 72 216 245
    255 114 145 182 198 186 255 217 185 97 51 45 50 14 106 26 229 155
    124 30 230 106 86 4 255 234 155 69 198 209 87 184 94 161 230 199 68
    13 89 155 20 171 92 31 127 255 32 82 100 239 235 58 98 122 35 209 51
    86 192 19 255 143 153 255 213 163 193 45 105 253 255 96 9 33 67 67
    185 174 255 180 54 255 206 150 29 210 94 68 80 65 133 145 158 132
    180 40 202 224 44 212 29 164 12 80 95 116 15 46 255 48 211 90 3 127
    239 5 82 114 39 54 215 30 214 14 71 134 17 204 198 10 253 236 82 80
    74 82 175 129 225 96 221 93 215 236 36 136 255 128 118 255 255 242
    196 24 186 120 255 255 63 104 136 127 201 51 177 26 155 140 42 236
    139 157 19 180 78 255 216 255 175 226 51 195 63 255 154 79 255 210
    46 255 165 128 255 1 178 119 46 152 230 113 205 177 29 13 198 43 255
    81 42 61 156 255 126 6 255 161 156 124 195 197 118 160 219 218 191
    197 204 99 120 255 70 255 92 99 219 18 162 165 54 100 88 75 132 74
    114 255 22 207 138 229 200 182 234 210 206 203 88 112 35 110 198 255
    55 243 185 186 161 82 163 24 255 134 46 102 149 20 77 147 2 17 121
    42 157 119 3 18 226 255 255 94 172 58 210 97 13 240 26 255 115 205
    160 234 135 255 192 215 65 192 255 127 181 134 173 237 161 69 73 124
    255 46 117 100 19 255 228 86 191 161 37 141 146 177 40 255 127 230
    88 249 130 136 160 235 255 113 73 28 147 26 225 253 255 113 176 84
    215 181 29 63 224 230 255 2 43 255 55 54 79 44 85 255 61 23 107 160
    122 255 0 226 255 36 44 164 215 255 65 164 91 37 101 73 255 140 0
    120 235 252 73 255 242 253 183 39 38 103 140 127 236 166 96 198 194
    122 211 89 255 240 220 72 166 66 255 66 72 177 1 143 224 236 119 255
    118 59 17 255 205 255 204 230 255 123 204 52 137 101 72 255 32 90
    181 112 139 136 186 102 146 149 147 209 208 202 161 224 220 225 89
    217 85 40 120 207 36 65 218 57 125 20 120 87 74 111 29 204 243 6 242
    177 255 177 253 106 49 51 88 29 205 68 131 20 255 11 241 215 187 69
    47 153 230 235 235 235 189 84 124 49 31 2 136 90 255 255 165 28 161
    22 54 128 37 255 26 92 8 26 139 192 93 150 22 106 139 255 255 22 50
    255 30 47 58 123 47 20 192 187 92 74 175 255 218 58 18 229 206 101
    52 188 224 116 67 246 184 46 219 249 158 255 247 69 130 180 177 255
    212 127 24 51 233 180 208 108 75 139 113 161 6 225 255 76 192 255
    185 255 32 32 255 255 209 84 233 143 19 188 50 139 61 5 140 255 31
    19 49 91 68 47 9 76 29 237 148 255 250 202 226 134 247 139 75 89 151
    253 67 233 86 111 14 97 236 255 141 29 104 234 224 255 67 61 122 95
    158 255 228 235 255 114 44 255 117 113 184 146 214 243 64 51 230 45
    65 32 245 163 114 46 226 255 37 227 153 219 222 3 11 120 243 98 89
    225 5 238 102 39 61 255 241 110 246 103 155 255 255 208 64 95 153
    255 194 62 73 206 227 255 78 248 125 153 100 73 208 255 253 124 87
    255 135 23 79 215 34 101 195 23 37 77 152 185 76 255 88 155 255 228
    140 207 43 246 77 61 215 141 255 220 255 114 45 88 33 143 138 49 228
    72 20 75 33 6 20 181 255 104 255 116 147 146 38 237 253 8 198 135
    242 4 252 98 122 9 92 90 185 237 110 255 255 97 255 38 67 53 255 80
    155 49 108 14 12 85 50 255 71 251 104 36 149 56 70 232 255 207 97 32
    203 255 255 97 241 128 63 33 147 178 85 255 202 34 187 49 219 51 15
    255 255 236 119 129 69 121 255 182 119 139 230 165 119 24 47 115 66
    217 255 160 164 45 52 220 255 188 175 255 27 187 123 30 28 8 176 124
    255 219 158 81 109 9 75 25 106 201 210 235 255 122 241 45 190 99 129
    193 29 133 160 58 183 56 121 255 247 88 187 15 14 255 87 166 179 60
    23 22 229 61 92 63 39 217 235 69 187 18 192 251 206 162 153 0 182 92
    16 170 148 153 211 212 71 150 32 255 122 151 34 215 51 189 250 63 6
    78 5 21 20 13 131 255 98 121 174 165 67 144 164 118 87 155 59 255
    252 237 175 255 133 78 255 116 70 217 121 164 78 99 178 90 226 94 37
    173 255 219 255 133 160 192 156 107 97 131 255 120 54 255 231 159 98
    140 243 105 63 221 5 26 7 60 34 222 12 255 61 68 72 158 86 130 54
    228 168 79 133 33 221 51 155 31 136 99 127 95 45 91 67 214 86 26 255
    184 255 121 249 124 130 105 102 205 188 97 134 209 255 158 31 106
    163 31 225 42 126 237 248 48 82 3 144 255 8 84 226 212 120 15 189
    245 114 222 63 45 62 69 79 16 248 9 150 145 84 106 232 255 251 233
    67 144 255 116 204 154 208 223 137 98 4 138 35 85 230 179 145 206
    136 9 255 235 121 255 168 48 208 203 192 17 139 189 170 193 139 255
    88 14 191 232 34 41 244 22 6 255 31 159 202 237 189 129 218 155 136
    121 155 8 9 143 50 223 133 70 107 98 255 2 255 228 83 188 210 65 51
    59 167 139 168 167 51 18 70 129 255 125 21 56 220 255 101 21 65 69
    47 76 255 119 255 249 115 194 155 78 134 248 19 206 255 93 43 255
    179 255 255 95 11 255 149 255 193 93 69 198 107 84 83 225 120 78 199
    242 201 28 210 234 229 209 255 215 119 255 72 255 35 15 144 255 161
    232 215 160 14 137 171 91 161 215 7 122 120 220 77 144 255 138 91 0
    102 73 180 134 90 130 192 19 148 68 65 210 29 73 36 191 11 70 169
    253 59 255 67 169 170 52 161 255 94 67 193 255 123 207 245 160 246
    190 137 255 15 231 95 119 99 171 93 140 208 223 121 91 219 180 180
    164 21 219 223 255 82 68 255 83 39 187 17 211 219 255 107 40 43 185
    213 28 194 200 239 122 94 111 224 121 26 75 65 164 3 180 193 124 40
    232 13 231 255 135 106 8 250 31 255 22 113 205 22 194 72 77 99 189 5
    30 249 238 199 61 43 124 249 146 231 178 192 233 124 230 129 18 255
    160 255 40 176 255 79 217 125 121 67 49 37 202 255 156 9 226 5 47 91
    6 255 249 85 245 87 180 239 255 167 79 145 171 122 174 69 255 61 191
    39 200 13 50 70 101 36 216 251 122 38 238 55 130 146 104 45 79 146
    143 134 255 255 252 25 255 89 145 109 62 203 168 68 23 127 224 88 18
    218 109 13 152 79 189 86 217 58 164 255 141 18 112 184 4 230 50 233
    7 113 106 255 255 156 246 82 47 197 255 9 13 20 149 68 125 255 105
    124 209 255 95 254 143 4 63 239 255 70 174 136 255 149 6 175 197 157
    55 185 230 205 255 239 27 213 255 232 150 123 48 230 134 59 210 148
    255 149 255 240 124 68 211 106 210 198 98 155 103 193 19 95 173 38
    127 42 42 175 154 229 236 33 183 173 228 104 70 20 217 36 204 13 141
    235 59 80 159 180 6 140 255 186 79 41 141 70 188 255 255 47 63 112
    255 22 118 38 254 45 69 18 203 255 169 130 255 188 175 159 206 187
    128 20 106 139 80 8 151 192 211 70 119 184 255 117 41 42 188 165 97
    98 146 255 189 250 169 193 218 255 202 255 255 255 207 64 255 7 161
    149 203 141 161 149 151 26 78 19 90 228 51 49 122 5 202 4 157 83 85
    206 117 235 207 249 225 157 235 255 42 149 83 159 198 194 32 45 204
    255 104 191 143 208 18 54 76 239 159 98 130 127 177 90 125 230 209
    255 226 19 255 29 67 6 144 112 60 100 143 255 145 8 95 198 45 226
    202 107 118 96 204 247 188 8 129 126 19 146 21 230 255 255 228 23
    255 152 10 228 72 255 95 130 197 125 235 37 113 171 212 8 36 8 32
    213 65 145 25 17 74 9 188 2 137 255 29 233 13 88 87 255 103 169 244
    121 10 221 214 40 87 203 106 235 37 69 107 118 198 127 30 42 253 47
    253 63 80 75 124 49 85 255 146 15 145 160 67 106 187 192 216 95 0
    109 255 255 150 106 96 91 214 226 102 209 113 211 99 164 253 45 84
    22 79 255 156 75 229 226 176 58 107 110 232 255 216 86 228 246 255
    255 131 255 19 55 91 83 142 170 248 57 131 134 47 130 255 124 255
    203 50 105 91 94 144 5 130 185 255 88 105 255 73 108 192 217 138 98
    134 48 255 186 2 101 211 225 116 255 91 96 29 121 248 126 174 36 30
    128 255 192 44 118 198 189 198 246 21 35 204 100 178 147 67 255 46 3
    109 163 206 255 236 99 255 15 80 12 219 84 255 92 26 93 166 65 255
    18 176 164 47 247 109 74 74 24 228 68 170 138 177 230 224 121 77 56
    104 92 13 215 255 40 54 146 153 185 230 158 186 255 242 40 18 78 135
    255 86 40 26 214 255 255 88 255 68 30 229 115 21 255 150 127 120 68
    116 54 77 217 163 46 159 87 14 143 123 36 27 198 92 84 133 49 124
    245 49 162 45 248 38 75 230 136 18 255 142 55 185 223 162 240 70 173
    17 202 238 255 187 35 255 32 131 115 92 77 196 255 163 189 153 228
    15 156 207 217 209 241 79 184 187 255 62 191 68 55 144 182 93 138
    239 107 126 232 239 34 252 64 230 182 91 7 155 177 255 255 21 227 96
    225 187 78 38 209 74 239 246 38 130 161 15 29 255 70 159 69 125 179
    233 196 25 226 120 162 229 132 25 10 82 214 255 139 159 186 152 32
    87 255 76 255 0 108 111 174 222 12 15 206 221 147 129 44 166 190 40
    92 77 6 86 5 181 82 223 108 19 47 222 42 247 174 255 133 196 228 225
    112 56 70 89 107 187 17 232 70 193 142 255 70 255 54 141 237 185 226
    202 184 106 201 50 29 139 226 184 72 217 52 155 20 3 255 93 30 255
    191 159 211 49 163 68 113 155 50 138 161 36 206 24 185 164 233 27
    177 230 0 109 3 255 232 218 216 247 160 116 9 225 215 192 255 159
    136 216 55 130 150 255 231 250 255 190 241 113 227 250 185 159 7 219
    101 1 255 28 107 98 42 62 9 86 117 255 234 241 17 69 37 5 44 255 97
    24 186 208 77 65 118 8 110 86 119 251 90 193 67 197 138 159 255 44
    142 221 23 99 255 83 69 38 217 122 102 64 237 205 240 177 75 142 162
    198 136 182 255 113 154 59 133 252 215 234 23 210 198 218 203 207
    249 220 193 47 170 30 95 244 76 80 255 13 187 255 255 55 14 232 109
    29 47 213 255 6 138 159 106 255 255 137 155 179 248 13 109 208 89 17
    252 255 239 158 224 183 255 40 255 213 193 255 30 247 178 216 119
    255 7 88 15 177 72 97 160 200 162 240 112 255 53 236 156 39 255 255
    121 240 123 180 178 214 219 52 157 188 22 58 145 149 81 139 227 87
    219 255 175 237 205 255 124 52 136 185 2 185 190 227 255 62 209 255
    176 102 63 44 161 165 187 134 255 211 255 226 61 255 60 144 117 255
    19 255 78 176 73 96 193 21 187 29 206 170 225 255 134 33 242 52 50
    219 110 104 181 255 219 43 178 237 142 194 200 243 255 255 241 37
    157 170 255 116 143 182 228 255 36 212 47 156 73 245 201 198 152 139
    219 121 255 141 117 22 9 72 169 91 255 174 112 99 82 159 15 93 173
    73 255 82 235 8 72 193 255 103 69 255 206 255 232 187 171 203 186 90
    237 243 31 138 213 53 77 121 93 188 70 242 109 88 0 255 237 46 45 39
    206 10 148 83 255 246 255 105 104 40 58 77 219 255 237 140 255 18 14
    255 119 144 255 30 129 95 193 69 161 86 215 255 80 64 109 103 165
    255 111 191 243 36 56 98 62 93 116 16 117 248 139 26 51 231 108 90
    82 214 3 67 240 255 186 59 63 104 112 9 85 217 255 57 80 18 236 18
    255 163 133 171 142 186 255 92 88 106 24 48 95 249 255 26 107 123 12
    138 123 9 78 101 217 117 115 147 4 192 255 176 183 31 6 19 123 217
    137 177 191 108 193 5 86 255 111 242 31 133 251 246 45 88 237 69 186
    255 233 108 224 46 255 228 219 220 134 224 164 59 255 230 114 2 95
    60 43 252 255 187 100 255 122 1 179 217 110 255 160 229 148 140 211
    242 226 255 113 31 135 38 182 236 255 107 80 161 94 23 125 144 59 5
    187 72 153 88 29 219 64 111 255 40 250 136 116 213 255 137 86 0 255
    242 160 61 12 255 117 140 35 7 172 54 129 164 22 104 161 35 22 229
    180 93 128 255 243 255 214 90 246 111 4 188 171 233 17 113 158 29
    255 11 117 201 158 80 211 48 112 255 192 205 255 239 110 143 78 8
    232 200 14 255 90 105 95 134 255 10 79 108 19 226 104 41 6 67 88 4
    115 196 45 252 255 91 215 107 180 74 155 109 199 125 115 162 255 51
    95 156 185 48 160 228 220 255 96 246 143 155 134 153 148 140 115 255
    34 156 170 74 223 243 255 255 134 150 100 180 211 100 84 160 237 18
    255 249 133 3 194 227 145 128 144 255 43 30 216 50 237 189 229 104
    208 120 80 6 14 210 231 255 79 105 255 224 126 148 150 137 49 150 14
    208 8 31 137 99 106 229 28 117 59 139 170 118 116 28 247 29 58 177
    132 255 115 21 89 255 156 206 129 108 42 255 91 185 79 57 243 146
    166 255 165 88 171 104 146 70 23 241 36 113 70 254 230 26 255 198
    120 32 184 113 233 23 135 61 91 56 217 164 67 101 255 171 121 93 51
    173 255 187 108 150 138 63 255 229 23 255 130 107 69 171 25 255 227
    142 82 223 146 127 150 79 119 164 183 255 173 255 201 181 184 255
    255 189 185 218 158 159 104 55 23 48 143 255 159 164 64 100 140 255
    130 46 179 167 129 32 48 253 109 208 34 12 101 87 148 245 68 215 255
    189 211 73 76 36 214 105 115 208 121 42 118 3 153 202 206 139 66 116
    6 206 152 174 220 37 255 193 22 65 222 39 105 180 66 36 206 248 255
    145 137 252 134 100 157 195 172 205 55 83 205 140 112 12 37 199 122
    115 184 84 138 237 82 62 20 55 255 155 119 34 144 159 23 175 198 111
    175 191 202 78 255 130 255 255 4 9 255 135 24 102 20 10 177 66 8 110
    64 227 201 139 0 255 94 118 105 172 8 255 99 247 168 157 253 198 72
    2 10 16 160 247 93 191 212 30 175 210 41 64 207 194 25 84 16 209 118
    226 224 188 241 245 188 185 255 35 39 89 221 222 69 116 100 70 0 131
    222 22 4 47 221 1 255 255 169 158 191 165 73 255 19 24 255 185 37 60
    225 7 55 15 140 226 252 21 255 91 91 72 150 102 233 179 20 9 97 255
    212 112 87 165 84 4 139 2 255 19 2 86 255 76 177 255 16 88 63 171 41
    8 36 170 216 255 8 51 149 65 255 103 252 86 51 232 255 230 119 75
    255 129 180 24 164 151 79 20 12 33 99 255 32 95 255 139 152 228 255
    86 107 234 216 233 129 153 234 41 79 255 163 198 153 112 197 79 142
    116 79 57 236 17 139 70 106 117 220 255 93 100 84 219 253 98 164 126
    50 89 215 28 11 50 98 160 225 255 56 186 255 104 255 116 205 94 114
    216 37 255 11 255 201 255 127 13 149 204 129 62 13 157 16 252 78 187
    208 20 3 86 255 22 255 40 200 61 139 255 236 223 208 195 61 43 20
    142 45 178 255 179 6 19 124 133 29 250 93 255 198 182 73 54 211 255
    162 45 148 79 245 63 29 30 47 70 44 192 48 255 255 241 237 179 21
    255 147 150 24 47 233 131 255 9 155 255 195 152 68 64 255 134 226 91
    219 96 24 242 1 45 32 217 131 153 119 178 23 167 39 107 113 93 82
    136 171 133 88 193 19 160 56 255 140 255 255 173 203 145 225 203 133
    146 151 132 203 51 166 64 142 240 83 164 55 159 113 84 182 221 86 87
    111 255 228 255 70 2 232 255 45 108 133 230 116 19 219 174 52 241
    207 255 179 198 255 26 216 255 92 112 243 217 247 129 144 23 168 198
    98 73 54 132 255 152 251 255 24 255 246 219 197 100 68 247 205 102
    115 192 86 146 18 97 176 92 42 19 255 218 76 155 190 152 110 169 176
    152 110 202 238 155 50 1 18 91 255 41 118 87 192 70 164 226 198 141
    178 138 15 210 199 83 73 202 216 118 185 197 120 66 255 150 250 100
    37 151 255 47 59 255 113 171 60 44 48 28 250 220 105 119 183 179 68
    153 242 51 187 211 171 3 142 40 160 150 201 233 124 194 255 92 94
    255 202 52 80 83 190 160 187 70 118 49 46 208 179 160 123 255 196
    210 220 255 255 255 44 178 113 137 197 23 192 239 234 90 237 63 212
    108 35 179 59 102 150 121 246 243 245 255 132 158 185 113 54 242 170
    199 244 62 253 255 82 224 78 2 77 113 134 115 249 250 154 84 39 255
    179 109 41 55 176 211 255 122 209 136 62 148 159 199 181 255 214 53
    255 54 255 24 11 14 255 63 101 12 59 109 232 155 117 67 84 185 139
    155 195 242 237 90 123 225 209 6 168 193 244 91 34 138 160 216 153
    169 148 255 65 17 87 232 72 91 192 216 14 237 79 96 245 98 38 108 43
    83 146 243 255 149 75 32 61 54 151 232 113 9 115 224 255 187 65 255
    145 18 97 179 194 255 134 210 255 224 68 150 182 255 120 97 225 130
    97 101 251 255 41 1 255 255 84 179 93 216 224 123 134 95 173 37 166
    19 248 173 255 255 64 12 255 98 178 82 246 109 35 84 255 26 59 59 96
    232 142 150 7 124 23 101 11 9 27 255 255 10 94 165 157 142 232 204
    129 156 142 149 160 86 74 96 143 94 235 235 255 56 255 43 1 215 166
    216 164 194 198 39 188 217 126 247 208 249 85 202 130 226 38 215 126
    220 185 72 255 186 158 255 159 145 127 115 238 77 242 163 28 173 226
    87 150 238 23 255 210 132 171 255 156 93 39 8 66 255 255 21 62 19 41
    70 212 248 139 224 176 56 255 127 255 130 194 76 255 205 243 93 59
    108 14 113 15 203 224 90 97 109 31 114 246 250 155 19 193 119 39 255
    253 255 188 171 255 109 139 254 10 179 14 32 98 52 255 155 65 17 37
    75 120 109 146 93 24 133 76 151 199 54 170 132 108 9 237 56 243 145
    149 18 139 202 133 169 154 166 235 253 255 239 66 194 214 255 255 32
    159 32 143 163 32 10 146 239 252 184 95 10 137 23 3 220 255 145 215
    233 253 37 255 218 226 208 83 72 168 93 99 15 179 134 234 161 115
    165 178 250 255 87 93 4 114 44 118 8 164 81 76 146 255 120 63 182 34
    13 219 171 204 35 110 20 255 26 10 10 166 97 49 7 150 247 184 255
    119 19 42 180 160 255 187 213 209 255 254 210 145 49 117 69 135 91
    145 16 52 160 62 43 194 180 77 255 6 245 255 146 111 230 249 156 255
    59 177 217 10 128 255 252 35 255 219 221 252 161 2 255 33 126 47 138
    57 255 113 137 255 240 79 86 106 97 124 183 177 255 23 98 238 252 91
    13 163 144 255 234 255 113 144 226 255 44 207 255 173 42 200 41 154
    118 132 42 217 223 165 255 75 9 224 253 17 203 56 239 187 178 188 65
    72 48 221 149 215 75 179 233 255 63 32 224 120 116 168 168 126 90 6
    42 142 36 46 97 224 215 49 112 155 27 206 255 70 121 180 77 206 93
    32 108 255 255 14 214 255 37 255 161 126 185 238 147 119 35 95 248
    63 202 50 255 22 156 28 5 255 255 224 41 151 202 1 233 104 226 201
    228 46 151 186 189 8 230 255 115 117 158 8 30 196 101 142 229 246
    131 26 6 248 238 17 109 22 37 186 117 193 13 8 255 47 240 251 63 9
    136 166 205 205 255 35 4 107 97 255 135 21 205 200 255 13 155 20 88
    108 245 173 255 206 202 171 255 59 250 255 255 22 59 232 79 10 217
    33 169 5 178 177 152 42 210 175 130 94 55 42 107 191 225 2 255 72 3
    119 254 91 255 165 255 147 181 255 193 87 198 179 245 146 251 3 255
    82 132 90 255 73 144 187 202 80 130 41 56 255 23 217 255 70 180 70
    240 110 207 243 119 255 245 219 102 51 20 52 20 240 107 8 249 215 40
    104 63 69 145 51 122 84 40 226 255 127 233 241 170 61 149 23 7 161
    255 25 188</data></my_img>
<your_img type_id="opencv-matrix">
  <rows>100</rows>
  <cols>100</cols>
  <dt>"3u"</dt>
  <data>
    154 255 255 255 137 50 44 67 255 255 218 255 255 255 246 202 182 192
    138 255 255 255 255 6 222 12 255 255 107 214 108 255 210 42 165 204
    182 255 180 255 42 146 255 131 188 255 157 255 255 255 0 255 173 255
    255 109 130 255 155 108 176 255 255 255 222 96 28 255 255 96 255 180
    255 111 255 255 255 255 44 93 255 166 125 255 72 255 255 255 255 255
    4 4 82 255 20 255 255 16 255 255 238 255 255 255 80 104 255 255 30
    255 176 58 137 200 96 255 138 146 255 255 255 113 255 255 255 8 255
    141 250 42 54 255 164 255 255 255 255 244 255 139 255 255 255 12 200
    255 255 196 26 255 18 255 255 26 255 160 255 255 192 255 255 206 255
    255 114 136 204 255 64 119 255 148 255 26 255 255 72 44 34 254 248
    99 78 255 255 255 204 12 255 88 255 24 128 255 255 56 165 255 44 200
    255 255 28 78 255 143 255 255 46 128 255 131 255 255 255 255 255 255
    255 38 75 130 255 151 255 28 255 26 255 194 255 255 210 62 255 255
    202 255 109 182 255 12 255 220 255 255 255 224 210 66 220 54 255 200
    124 255 14 255 126 255 96 255 255 255 146 4 255 255 255 88 230 255
    84 68 111 24 42 224 255 212 109 255 255 255 254 42 119 255 126 139
    44 255 206 255 255 255 255 4 161 184 255 255 148 36 255 255 222 212
    26 255 226 178 98 255 255 255 255 236 92 255 154 255 255 114 255 255
    192 202 255 20 255 255 255 255 117 255 66 230 64 255 255 202 42 255
    255 255 131 255 132 67 255 255 208 246 14 238 188 255 48 152 255 255
    255 54 255 255 184 34 255 255 58 172 255 255 255 234 255 255 255 255
    0 242 255 255 255 255 255 126 255 255 255 248 255 170 255 114 255
    255 202 255 255 244 100 255 226 255 255 255 228 238 255 255 255 140
    255 222 255 74 26 182 255 254 236 70 58 255 255 212 255 88 255 150
    70 255 50 255 255 255 190 255 130 36 97 10 255 255 198 60 145 255
    114 255 255 250 218 44 150 135 94 255 165 146 36 255 254 74 255 216
    140 255 255 66 255 255 172 240 255 92 255 255 255 255 255 162 255 26
    98 143 202 255 255 255 255 255 32 255 230 255 200 255 255 100 255
    255 255 255 255 136 255 255 94 255 255 216 255 255 255 255 255 255
    255 2 255 228 255 238 255 150 230 255 164 106 255 255 255 71 204 172
    255 218 102 255 255 100 255 160 255 46 190 96 255 255 218 255 24 255
    107 188 112 89 255 255 0 10 255 255 255 255 10 88 216 159 186 255
    255 144 255 248 194 36 161 84 234 58 255 255 232 226 52 216 255 255
    255 150 255 61 204 255 167 255 255 255 255 255 255 84 14 61 60 98
    255 174 255 255 132 255 255 255 255 255 255 255 255 255 54 212 16
    255 255 255 255 255 255 8 255 255 255 194 118 24 163 255 255 6 120
    255 79 220 232 255 118 194 127 255 36 255 255 170 255 158 255 109
    232 255 255 255 255 255 242 255 255 255 8 255 255 255 255 255 176
    255 96 200 255 220 226 255 156 158 147 84 255 67 206 255 255 54 230
    204 255 150 255 198 255 161 255 255 18 104 255 135 174 182 141 92
    164 95 92 16 255 88 80 226 222 122 255 255 58 8 232 255 255 230 208
    255 255 255 0 196 255 255 40 252 87 255 255 255 108 255 255 18 20
    216 255 166 255 255 255 255 60 106 236 130 255 255 234 255 255 255
    255 12 174 198 255 126 255 141 124 30 218 255 255 202 50 158 255 78
    255 255 255 202 255 226 255 255 102 255 46 255 140 255 80 255 48 255
    255 255 255 46 238 0 234 255 255 255 2 255 212 236 180 118 255 22
    236 255 255 255 255 255 255 119 190 255 32 255 142 255 255 255 67
    128 255 75 255 255 234 132 80 255 114 255 58 255 6 61 186 214 56 255
    142 180 255 255 200 158 255 255 255 255 192 44 255 255 156 255 56 66
    226 255 32 114 255 6 255 246 86 236 69 255 184 242 255 255 32 255
    255 255 158 48 240 98 255 99 16 152 255 236 36 75 48 20 255 34 255
    255 240 255 129 255 52 255 255 255 190 148 220 10 255 96 255 255 170
    255 255 42 255 34 36 117 255 255 246 255 255 26 202 130 52 208 255
    204 218 106 255 255 255 50 250 120 255 60 255 255 18 250 6 255 255
    255 78 138 24 255 255 255 218 24 206 198 226 255 255 255 10 255 255
    255 230 100 131 92 255 255 212 255 255 255 255 255 80 255 255 26 255
    113 255 244 255 255 255 54 20 255 77 255 255 58 68 255 95 255 255 26
    20 32 133 255 134 255 255 156 109 255 255 255 255 70 147 118 130 255
    255 255 135 255 236 255 236 94 255 255 194 255 24 255 165 255 255
    244 174 255 255 255 255 255 255 182 65 255 255 123 255 226 137 70
    255 255 255 160 63 255 255 255 255 26 255 255 255 255 148 255 255 82
    255 186 255 255 109 162 255 255 174 255 14 212 224 255 4 255 255 10
    255 89 128 46 184 255 218 255 255 255 255 2 255 255 255 154 255 255
    255 255 32 218 255 100 255 56 255 146 255 255 255 16 255 124 255 166
    146 165 255 106 143 255 254 255 255 244 26 255 255 255 255 255 194
    255 146 255 30 4 255 180 208 0 230 184 10 255 42 143 255 38 103 252
    255 255 255 255 255 92 255 220 255 255 255 255 255 157 246 255 252
    255 20 255 255 232 224 126 255 77 255 255 101 178 24 194 255 255 159
    255 50 255 255 208 255 255 255 58 255 112 254 92 56 50 28 255 125
    255 120 2 134 230 236 255 236 218 255 64 255 222 255 145 76 66 77
    200 255 218 42 255 196 246 255 93 255 154 129 94 255 54 96 152 153
    255 255 240 92 255 18 130 255 73 154 230 255 74 44 89 224 174 255
    255 122 50 255 194 255 255 255 234 255 255 149 18 255 255 255 255
    255 255 124 194 132 255 255 255 255 127 255 242 255 255 24 4 255 214
    240 28 255 139 255 28 58 255 255 255 72 188 255 162 255 255 255 255
    61 255 255 42 70 118 255 255 34 145 255 236 75 2 255 95 255 255 255
    136 255 246 255 255 255 255 240 107 255 255 255 255 255 255 255 255
    171 78 202 255 84 255 95 255 230 180 255 166 226 255 255 255 2 66 93
    134 255 255 255 84 255 255 255 255 140 255 255 144 255 255 226 255
    255 94 255 198 126 8 255 255 42 255 255 255 255 255 255 255 255 192
    153 255 208 255 255 66 182 255 255 192 230 255 255 212 172 14 110
    255 175 194 255 255 255 6 255 124 255 255 255 218 165 255 255 232 38
    255 105 74 255 113 255 255 255 255 255 255 255 232 16 190 255 216
    255 224 255 2 255 255 255 255 125 232 255 30 164 74 255 255 162 58
    255 144 255 44 255 255 255 255 255 68 255 255 132 255 255 255 42 252
    216 20 93 255 200 184 255 202 255 255 244 24 255 255 255 74 255 165
    222 216 255 94 255 65 232 66 149 255 255 63 92 255 255 255 144 52
    255 34 255 244 184 255 12 255 182 255 255 255 255 255 255 255 180 54
    36 20 216 255 255 44 16 184 232 255 255 255 72 255 255 100 255 38
    255 255 255 255 188 186 255 16 255 170 86 99 255 255 56 138 255 255
    255 255 32 255 255 139 66 188 255 118 255 212 168 190 255 255 208
    255 255 255 54 255 255 171 212 60 246 230 255 4 255 118 255 8 82 255
    102 255 131 255 16 4 255 255 40 255 255 255 254 18 63 154 255 153
    255 255 255 160 250 222 255 138 255 255 234 61 152 154 56 255 74 255
    120 255 255 255 255 255 208 150 255 84 76 255 255 255 255 255 255
    255 250 255 255 255 255 69 255 16 214 255 255 99 110 160 71 255 114
    190 214 134 34 70 255 42 230 255 133 255 252 255 118 255 117 22 255
    255 255 255 123 148 255 255 222 255 255 96 188 48 152 40 255 140 255
    238 255 255 255 255 255 226 50 120 255 255 230 210 156 6 240 255 255
    171 210 224 255 80 252 196 188 255 255 255 255 255 255 196 216 70
    128 255 224 254 192 38 255 238 110 192 255 255 14 151 112 174 255
    255 116 38 148 172 10 255 255 255 222 255 224 255 150 149 255 236
    255 255 255 32 255 248 255 255 22 71 255 222 255 255 126 6 230 255
    135 255 180 177 206 255 177 240 255 255 255 72 255 158 255 255 202
    255 155 255 255 255 246 255 161 214 255 255 26 255 255 255 54 87 255
    162 244 12 255 133 255 120 255 255 192 255 156 255 255 94 20 255 50
    255 242 78 255 255 88 255 255 106 12 117 255 206 216 8 178 71 255
    255 56 255 152 171 56 248 244 56 255 171 178 42 103 12 180 255 84
    255 85 255 176 255 206 216 255 50 2 254 18 120 157 126 216 46 255
    255 63 74 255 255 255 184 54 46 255 255 255 255 255 255 255 48 178
    170 224 255 255 255 120 255 255 255 214 87 255 255 255 222 16 115
    255 255 81 255 255 252 255 255 255 255 255 246 255 255 188 36 255
    255 90 255 44 100 255 255 10 255 208 255 255 169 255 255 255 255 186
    255 160 20 22 255 255 255 144 255 255 255 255 111 255 208 6 255 210
    255 255 102 255 224 255 228 218 255 165 140 26 255 54 255 143 214
    255 255 130 202 77 255 178 208 255 216 210 174 18 255 114 238 14 178
    255 103 222 255 240 108 255 208 255 255 255 134 16 255 255 32 101 48
    188 244 64 255 255 255 255 255 106 40 255 72 255 26 210 255 255 192
    188 151 255 22 234 68 120 255 255 2 255 50 40 153 255 255 111 255
    255 36 255 48 255 255 255 255 255 255 255 255 252 228 255 86 255 132
    255 255 188 20 238 255 182 103 8 255 255 255 255 255 92 50 246 255
    255 255 255 202 255 255 255 54 255 84 255 255 216 103 255 255 254 32
    226 255 86 190 56 174 255 10 24 96 255 138 255 255 255 126 190 204
    255 255 255 72 188 255 84 255 140 180 255 66 70 255 255 200 255 254
    194 77 255 238 255 136 148 255 106 160 255 255 255 91 154 255 255
    255 255 214 124 28 255 32 188 255 255 178 115 40 152 159 226 218 255
    26 208 159 255 136 255 86 255 12 188 255 173 255 255 255 255 255 255
    255 142 103 184 58 252 255 255 255 255 255 105 154 255 255 255 255
    255 230 58 159 44 110 255 255 255 255 138 182 240 178 255 2 255 255
    255 146 255 255 255 255 198 200 255 255 164 28 255 76 104 167 255
    224 83 4 255 255 255 24 224 8 255 255 122 255 20 56 255 255 82 255
    129 188 156 255 255 80 155 18 12 255 172 255 147 250 255 167 255 255
    255 255 102 255 255 150 255 58 18 137 255 255 171 156 255 117 255
    246 214 238 116 255 255 156 255 166 240 58 255 140 0 255 255 255 222
    255 16 255 255 117 255 255 127 204 255 255 204 114 255 255 210 103
    255 255 244 48 168 177 255 14 206 255 255 255 14 72 10 255 224 113
    168 255 255 255 156 71 255 255 218 255 255 255 132 255 255 255 224
    255 255 206 255 118 150 52 255 222 255 110 255 255 118 66 26 142 26
    254 128 255 216 134 186 255 255 104 255 255 255 151 14 255 255 224 0
    32 255 108 255 24 172 208 255 255 16 212 54 255 255 255 81 184 255
    133 230 255 216 255 214 244 255 255 52 255 88 232 255 255 34 255 255
    167 20 188 8 255 12 255 8 104 246 232 198 255 26 110 204 255 142 196
    255 198 255 40 238 255 36 160 255 166 255 255 98 255 224 255 158 117
    170 240 157 140 255 198 32 138 255 66 184 255 150 255 252 42 160 180
    102 255 65 255 36 255 255 255 255 255 255 48 255 255 139 218 255 61
    34 208 255 255 255 30 250 156 196 255 255 255 168 255 255 48 255 255
    255 148 97 108 212 99 255 78 255 62 132 103 166 118 255 196 255 83
    202 255 38 255 252 93 255 0 127 150 218 218 255 60 255 26 86 255 255
    148 255 255 255 255 255 255 0 118 255 255 255 210 165 255 255 14 255
    244 36 255 255 255 46 238 115 168 96 255 255 255 255 70 230 99 196
    138 36 216 72 204 255 248 255 168 255 255 92 154 103 36 48 234 18
    255 192 10 255 220 202 255 16 255 164 155 255 255 255 112 224 71 192
    255 255 255 118 255 164 255 255 255 8 255 54 255 175 96 84 4 100 6
    22 92 2 255 34 148 255 64 228 255 255 255 131 0 255 255 255 255 175
    132 98 236 255 94 255 50 110 255 166 106 135 34 232 255 255 255 210
    4 218 255 96 210 22 70 74 255 255 54 255 255 134 255 255 255 255 222
    255 103 255 255 255 18 154 214 254 255 255 88 128 46 152 255 44 255
    54 255 255 228 255 102 255 230 46 170 255 146 154 254 26 255 131 255
    255 255 255 232 143 172 255 202 194 255 255 255 182 4 136 255 255
    255 255 255 255 110 255 62 255 255 110 12 255 140 255 255 142 236
    255 255 255 255 34 112 255 2 64 26 132 255 212 255 224 165 255 228
    12 136 20 141 94 64 145 255 182 255 255 255 34 82 46 255 176 255 255
    255 138 125 90 255 228 70 255 105 110 88 52 255 196 255 255 128 255
    255 220 255 255 180 255 84 255 255 70 68 255 255 112 255 255 34 208
    255 154 255 158 62 99 36 255 255 96 255 255 255 255 155 255 218 255
    255 255 167 32 22 129 112 86 192 78 255 255 160 240 255 14 82 34 98
    255 200 196 255 255 255 255 159 255 255 175 76 180 255 18 255 244
    255 216 242 255 170 206 180 244 48 255 152 255 255 162 214 255 128
    143 0 255 255 255 255 255 202 248 255 184 255 95 190 160 18 162 255
    255 146 255 56 16 170 255 64 255 255 124 88 139 176 255 255 255 255
    52 120 255 255 168 82 255 26 174 255 255 255 220 160 255 255 255 255
    246 255 255 234 112 255 255 140 186 97 214 255 175 206 240 6 255 58
    32 236 255 234 202 178 52 104 255 147 255 255 246 60 60 216 244 26
    255 6 74 210 255 136 255 72 255 52 255 10 222 222 4 22 54 255 255
    192 255 14 255 255 18 255 180 255 14 255 255 122 136 10 134 32 255
    255 244 255 255 84 255 255 204 255 44 255 255 255 255 255 104 255
    163 180 255 255 255 162 117 226 255 143 144 40 145 255 255 255 255
    46 255 158 64 255 92 255 0 255 255 255 255 255 50 112 255 135 255 52
    255 255 255 255 255 158 147 255 110 22 255 186 224 90 214 255 168 24
    115 255 255 255 255 255 77 255 255 63 40 255 109 244 176 255 58 110
    169 255 255 107 164 255 255 255 255 255 168 182 255 255 160 151 255
    88 24 58 255 255 255 210 139 255 146 255 48 255 56 114 252 165 222
    255 255 72 255 220 255 132 255 255 206 255 255 255 255 52 255 255 54
    255 255 255 255 10 52 255 255 255 110 255 255 255 255 255 54 145 46
    255 182 168 255 73 66 140 255 52 148 255 236 216 58 52 255 255 255
    44 252 216 108 255 255 176 40 255 248 255 16 255 216 236 255 56 255
    255 255 164 248 169 255 255 188 122 30 169 220 206 255 255 6 81 255
    255 71 34 100 89 106 255 255 255 46 255 108 102 255 255 255 161 248
    255 36 255 255 255 255 194 255 140 255 255 255 218 159 224 255 167
    255 40 192 255 12 147 255 255 255 32 112 28 144 255 255 68 226 250
    255 78 255 94 102 246 18 255 26 255 255 163 248 140 180 255 30 79
    246 255 255 32 255 255 112 208 204 54 170 255 238 255 255 10 255 255
    255 150 206 118 255 101 98 206 145 120 255 115 255 208 255 255 168
    58 255 255 255 255 255 255 255 255 173 210 64 153 255 246 255 255 22
    255 214 255 135 255 255 44 255 255 255 244 4 255 66 100 255 255 255
    238 120 255 255 255 124 255 255 98 255 255 255 206 255 255 255 158
    96 255 108 248 255 92 255 255 255 255 143 194 106 137 255 164 79 255
    255 255 12 255 175 236 255 255 124 100 255 142 255 212 255 70 184
    255 252 107 230 114 163 142 138 255 255 255 255 255 255 255 56 192
    255 192 255 77 200 88 244 255 148 255 76 166 91 96 255 210 255 255
    121 24 255 255 255 255 255 255 52 255 255 14 255 4 22 242 62 184 91
    255 255 255 220 64 255 255 128 157 212 118 255 255 255 127 236 255
    255 255 176 255 122 132 255 206 134 73 255 36 163 120 255 242 255
    255 79 58 255 255 255 255 255 255 22 34 232 255 255 255 50 255 184
    255 255 26 255 226 158 255 255 255 20 255 40 255 255 255 166 255 102
    68 255 255 226 103 255 178 255 255 255 255 255 255 255 255 255 255
    255 30 230 162 138 255 184 242 255 255 30 143 114 196 48 184 255 255
    255 255 65 255 255 255 255 90 255 208 255 255 255 255 6 224 122 52
    150 255 218 255 255 2 218 255 32 124 255 10 180 126 255 112 144 139
    206 255 44 214 255 204 164 128 255 255 255 255 184 54 255 255 128
    255 242 255 255 255 255 83 255 255 151 246 134 143 162 255 85 212
    255 129 112 255 255 214 214 255 10 255 255 2 255 255 255 66 252 152
    230 255 255 202 255 255 42 255 48 138 255 98 90 34 24 255 63 255 255
    255 255 240 18 236 255 30 255 124 169 255 4 255 232 255 2 255 255 42
    176 255 117 255 255 56 255 255 63 124 255 85 70 150 255 150 96 255
    16 130 255 255 255 244 255 152 139 200 255 255 255 156 200 84 255 54
    255 32 67 255 130 97 30 198 255 255 192 44 246 255 255 92 255 255
    255 130 133 255 255 255 255 255 177 255 255 255 168 154 111 116 250
    157 112 255 255 200 255 255 180 255 255 28 232 232 134 84 18 255 255
    255 74 255 255 255 48 255 156 240 230 255 20 255 254 255 255 226 42
    255 78 124 255 52 84 210 255 255 115 255 226 255 178 122 77 80 58 18
    255 255 255 255 232 255 255 255 6 122 188 214 252 178 18 126 190 255
    64 255 48 255 120 198 255 194 248 20 255 255 255 255 255 48 32 20 24
    164 255 10 186 255 255 126 30 255 160 252 202 255 255 255 196 58 255
    255 252 234 255 255 255 255 61 162 255 255 140 102 127 16 158 63 236
    34 255 20 82 255 98 26 177 255 255 65 255 122 255 206 172 255 255
    152 147 136 255 198 255 180 95 184 255 255 170 255 149 255 255 6 52
    174 230 255 255 255 140 255 151 255 116 255 255 112 255 124 112 71
    255 255 255 136 112 111 172 208 186 255 130 255 255 255 48 255 98
    216 255 32 44 254 255 54 246 152 255 255 246 255 88 142 246 232 162
    0 168 255 137 255 146 52 104 192 255 24 255 255 122 186 79 255 255
    34 255 255 255 64 66 255 26 255 127 255 255 255 70 152 255 250 108
    73 255 255 20 44 68 95 255 94 196 255 255 255 255 255 36 255 142 255
    8 80 0 255 255 175 255 120 255 92 150 255 38 255 255 255 110 255 255
    255 190 50 248 255 118 38 255 88 178 255 255 48 115 255 0 255 208 56
    123 255 164 255 255 12 255 255 255 103 108 52 113 218 132 255 255
    255 14 255 255 255 68 148 255 26 255 255 148 255 210 152 190 255 188
    56 255 38 255 44 255 255 255 255 255 255 178 255 255 255 178 137 22
    255 169 138 255 255 255 255 87 98 255 14 255 188 255 255 255 255 255
    255 248 255 255 159 206 250 65 255 126 255 200 138 255 168 255 212
    255 255 131 32 76 255 228 156 24 255 255 58 196 218 85 74 255 255
    255 255 93 255 120 255 255 255 255 255 142 255 126 255 79 186 136
    177 192 102 255 170 255 109 36 255 121 140 255 255 100 255 99 255
    140 44 102 255 81 255 12 38 66 184 255 18 176 255 52 180 141 255 255
    255 228 52 255 196 255 255 255 214 22 112 182 255 220 240 255 202 38
    163 30 180 255 206 72 95 18 20 119 255 146 255 58 255 255 255 255 14
    255 255 103 10 92 255 255 88 255 180 106 218 254 255 125 255 255 24
    186 255 255 255 255 192 255 255 22 234 255 255 2 255 52 255 108 0
    255 74 255 136 94 255 255 80 165 255 255 190 60 255 244 84 255 230
    255 255 255 255 94 255 255 144 255 255 16 255 80 255 85 248 0 184 52
    255 255 255 255 255 236 255 206 255 255 255 192 30 171 255 38 254 28
    234 121 10 88 196 170 220 10 255 255 255 12 255 165 255 100 255 106
    30 228 255 40 40 42 60 255 130 255 139 255 255 255 194 255 216 78
    136 149 255 255 143 255 234 54 255 190 40 218 202 255 60 255 22 255
    134 254 10 255 230 255 78 255 228 26 87 58 172 255 255 110 137 255
    128 255 255 255 99 72 255 48 255 10 186 24 255 255 10 110 91 60 164
    255 255 255 157 255 255 56 226 255 190 255 32 40 255 255 105 76 255
    4 88 255 255 2 232 255 158 255 255 255 255 71 255 255 38 12 178 255
    255 112 255 80 255 117 178 255 255 180 255 232 255 18 255 74 255 255
    40 255 32 255 108 54 255 255 79 255 255 255 255 255 255 26 218 206
    255 26 255 100 255 137 255 138 93 146 212 117 94 255 255 112 248 238
    255 202 254 255 255 61 255 236 204 255 26 255 200 22 255 255 255 125
    255 34 255 255 255 255 118 236 255 108 180 12 255 255 196 230 248
    240 255 255 255 255 255 99 255 255 255 214 255 61 255 255 255 226
    255 255 255 255 255 72 16 255 52 255 255 8 160 77 158 255 255 255
    210 159 255 255 255 112 255 115 200 255 255 255 228 54 255 26 255
    255 255 255 255 52 107 158 255 255 88 130 255 142 116 255 255 255
    255 56 240 12 102 204 161 234 8 255 248 130 171 122 255 255 255 132
    198 152 134 255 255 255 105 88 255 182 74 114 255 255 20 255 255 255
    255 255 255 180 196 255 139 142 255 255 50 255 255 78 255 255 130
    255 56 255 255 255 24 166 232 255 104 255 255 255 77 224 80 255 255
    255 255 255 255 240 255 74 8 255 246 167 210 76 99 4 104 255 255 255
    95 255 255 143 240 255 255 255 255 255 208 255 127 216 255 117 255
    255 250 255 186 177 168 220 255 255 190 167 255 228 255 174 255 184
    72 255 255 86 255 255 48 255 81 100 255 202 255 172 255 36 255 255
    255 242 20 46 255 255 255 255 186 255 255 12 32 162 202 255 242 255
    255 216 255 255 120 255 255 152 255 255 255 255 94 255 255 44 40 255
    248 38 255 146 188 188 255 136 111 255 178 91 182 255 255 72 140 131
    255 92 54 255 28 52 16 202 6 252 2 255 224 255 255 48 62 255 88 252
    20 255 255 97 0 255 117 34 255 14 104 4 255 255 114 14 255 255 255
    30 255 67 68 255 255 255 255 123 255 12 115 2 82 255 220 255 220 255
    92 255 255 26 255 238 255 153 164 206 255 136 255 89 255 76 71 255
    150 255 42 255 115 255 176 222 255 255 255 255 64 255 154 174 255 80
    222 50 255 60 198 255 64 255 130 255 255 255 204 255 98 255 255 255
    255 99 118 70 255 255 255 42 204 255 255 240 255 255 255 220 44 140
    255 255 255 216 255 154 255 255 255 255 255 218 255 246 255 110 117
    255 255 252 255 20 121 214 255 250 108 255 255 255 122 73 210 255
    255 255 255 255 16 255 58 0 244 255 74 255 255 255 255 129 148 255
    240 255 255 20 255 164 123 255 255 255 64 12 244 255 70 255 62 56
    182 255 154 250 255 198 255 255 255 255 255 255 255 224 144 255 178
    156 83 255 238 220 78 114 255 255 255 188 255 250 255 255 52 255 255
    255 255 255 255 93 242 210 255 174 10 252 255 230 255 255 255 16 255
    44 81 212 64 252 222 255 228 196 255 255 38 255 255 132 255 81 54
    255 255 255 255 244 255 255 255 255 255 38 255 122 255 255 255 255
    255 255 255 255 94 255 255 84 44 236 0 169 255 255 255 255 255 50
    255 255 255 126 138 115 64 255 6 72 128 255 255 190 255 255 255 255
    255 255 56 255 255 24 255 255 255 220 168 255 152 255 255 255 54 206
    152 146 147 255 255 255 255 255 255 206 255 48 255 255 255 255 255
    85 30 178 255 174 122 255 255 255 141 255 255 255 118 64 202 255 255
    255 255 172 255 255 78 255 28 150 255 104 255 255 255 255 255 182
    255 255 255 210 56 255 255 46 46 255 123 194 255 255 112 62 214 172
    255 169 234 255 77 140 255 255 194 255 255 255 255 255 166 255 77
    255 114 186 86 70 255 255 255 255 184 255 133 255 255 255 254 255
    121 22 244 190 8 255 61 158 255 255 255 48 255 36 255 255 255 92 255
    212 255 204 255 255 22 184 198 206 152 255 255 255 102 255 255 168
    255 172 255 173 154 255 234 255 255 255 255 255 255 190 255 63 255
    28 0 255 255 255 255 70 255 226 255 255 150 90 141 122 238 125 255
    58 255 255 255 228 248 255 255 152 255 42 94 255 85 170 128 232 255
    90 255 255 80 236 158 60 228 100 146 188 98 76 255 255 255 230 255
    255 180 88 255 184 88 210 255 255 158 67 255 255 255 62 255 255 255
    255 230 160 218 186 255 122 204 255 114 255 255 118 208 52 255 255
    190 108 125 255 255 255 58 255 255 255 62 255 255 238 244 255 255
    255 255 255 255 14 76 255 144 255 255 86 255 107 255 255 177 44 255
    32 224 244 69 114 255 255 170 132 255 78 220 238 116 255 182 210 255
    255 255 255 79 255 216 255 180 170 75 200 114 255 255 32 255 182 202
    202 255 128 255 16 44 115 255 255 18 232 172 255 255 255 255 255 128
    255 255 255 255 255 255 91 255 255 127 134 255 255 255 255 255 255
    70 109 255 106 101 84 56 255 34 208 255 86 212 255 4 255 255 24 255
    155 160 98 52 74 4 255 128 255 255 255 150 167 154 98 131 255 102
    255 170 186 18 200 255 163 255 255 202 255 255 143 170 255 157 255
    18 255 236 102 12 255 255 255 174 176 240 255 214 97 42 150 255 255
    126 255 255 255 182 220 255 255 138 255 255 255 255 58 255 216 255
    220 255 255 255 255 255 142 255 255 255 202 204 255 142 42 34 12 255
    254 60 228 192 255 255 255 255 255 255 180 254 140 255 255 255 46
    184 255 30 255 240 182 40 255 255 255 48 240 255 114 255 255 255 255
    85 12 238 180 255 255 255 255 24 175 255 24 255 210 196 255 232 255
    135 255 126 255 116 254 67 138 255 255 168 255 255 255 255 163 255
    64 182 248 0 58 118 134 61 120 56 48 255 255 255 255 255 255 255 255
    155 82 255 127 255 255 206 242 255 255 138 174 99 255 238 109 182
    104 255 255 255 255 170 158 91 255 255 255 255 144 169 255 250 255
    90 180 255 255 74 248 144 255 255 255 86 255 255 90 255 72 255 180
    255 255 255 238 198 48 8 44 89 255 255 255 255 255 58 255 152 248
    255 194 255 255 255 255 255 255 255 110 255 255 184 255 255 255 166
    54 255 255 255 255 148 255 255 255 255 52 255 255 255 188 133 255 88
    255 18 108 202 255 255 54 255 255 255 74 255 255 208 56 200 8 255
    119 8 78 255 132 255 188 255 255 121 255 148 255 40 255 204 255 255
    85 80 255 111 158 255 129 214 255 255 255 224 42 255 98 89 34 136
    255 202 255 75 255 80 8 180 255 22 20 255 40 36 176 255 255 182 79
    90 220 36 244 56 255 255 255 255 255 134 206 108 255 192 255 34 255
    94 4 255 18 255 38 255 255 255 166 255 107 124 255 255 106 28 14 255
    172 254 255 54 255 255 255 255 244 164 255 255 224 137 255 255 255
    255 255 255 246 255 123 255 46 255 255 255 255 148 40 149 255 238
    255 218 255 192 255 104 105 10 255 182 186 174 255 10 200 87 176 255
    232 216 126 255 56 255 12 255 255 77 118 140 190 255 14 50 255 255
    255 36 232 165 130 255 255 255 255 212 8 255 81 110 128 222 255 255
    255 255 255 255 68 214 246 120 255 255 255 255 240 255 234 101 8 255
    255 240 86 208 54 50 255 255 255 40 86 30 184 156 255 111 255 255 44
    255 56 234 255 174 255 255 255 255 255 255 255 146 218 255 255 158
    24 114 255 255 255 64 255 255 74 255 255 2 255 255 255 255 166 255
    91 255 146 87 120 255 175 190 255 255 230 255 222 255 255 165 255 26
    255 255 6 255 144 255 83 255 255 255 154 2 255 255 255 255 255 148
    255 56 255 255 255 98 255 134 16 103 244 255 194 255 108 115 255 255
    255 112 255 255 255 18 255 255 222 255 2 255 255 255 255 255 255 62
    255 2 255 252 126 74 255 252 54 255 142 174 255 255 255 202 246 255
    255 255 196 30 44 224 255 255 255 255 20 126 255 22 255 22 136 255
    91 255 255 255 122 134 255 2 255 255 255 58 232 255 138 135 14 255
    255 255 255 255 255 70 255 24 255 255 162 255 255 255 236 255 114
    255 255 255 255 115 255 255 95 255 255 255 255 255 75 255 162 63 10
    255 255 255 12 97 255 255 242 68 255 255 26 92 255 255 255 255 234
    255 127 34 255 255 170 146 255 218 6 255 188 204 210 255 118 255 106
    255 255 78 118 255 214 212 255 8 255 226 102 90 255 68 255 255 255
    255 255 62 152 123 255 92 155 255 24 153 192 54 255 226 255 236 60
    255 145 60 255 121 255 116 115 255 30 255 24 255 255 108 206 89 16
    214 65 255 26 133 255 255 38 255 194 26 152 72 125 255 255 255 72
    108 255 255 255 255 255 174 254 255 255 255 238 16 255 255 16 255
    178 8 255 12 255 125 255 90 36 255 255 22 62 70 169 255 78 151 42
    255 255 255 152 4 255 164 107 32 222 255 255 196 255 240 255 228 218
    255 10 255 40 255 72 144 212 255 100 111 68 192 75 132 44 255 255
    255 255 160 84 255 140 255 255 164 152 255 252 186 75 255 255 2 34
    140 255 255 255 255 255 255 255 2 255 255 255 50 131 255 196 182 255
    255 255 166 255 255 126 255 255 255 255 161 255 255 255 255 58 255
    255 94 255 255 255 255 255 255 255 16 255 81 194 4 20 80 255 155 255
    72 255 255 150 38 255 140 167 216 90 69 114 255 238 118 255 250 255
    255 255 255 198 255 255 162 255 188 34 95 255 255 255 232 234 255
    255 255 153 255 150 255 255 255 85 255 255 255 255 255 255 255 255
    255 255 8 240 255 255 186 126 255 255 134 255 255 255 186 255 144
    255 180 255 254 255 255 0 255 240 255 255 56 255 153 255 108 255 204
    255 198 255 88 101 255 212 255 255 244 220 255 136 255 126 255 93
    146 255 111 255 255 246 228 236 220 34 84 255 154 32 34 255 228 255
    10 82 255 230 255 255 255 254 255 216 238 157 255 255 255 255 254
    196 174 140 255 252 148 255 255 158 131 255 136 220 104 76 71 255
    240 198 255 255 255 255 28 196 118 255 163 80 255 61 255 194 255 255
    226 123 232 106 255 118 255 222 186 255 230 240 255 32 30 255 255
    255 34 255 255 158 255 146 250 255 200 255 32 255 154 255 198 255
    255 255 255 224 255 255 255 255 86 65 255 2 244 52 255 255 102 255
    255 255 255 255 36 234 255 252 255 58 255 252 255 104 255 67 255 255
    61 214 60 157 122 255 255 255 255 141 254 255 255 126 230 69 255 255
    255 255 146 255 52 255 255 255 178 255 255 255 58 104 255 255 162
    255 255 255 255 255 178 162 194 255 255 234 255 96 255 255 118 255
    255 255 212 200 255 255 255 255 131 255 255 255 188 74 89 255 180
    255 255 255 255 255 255 255 255 255 255 116 88 255 255 255 89 255
    255 255 26 255 255 255 220 69 255 136 157 200 255 255 255 104 255 70
    255 255 156 255 208 255 255 133 255 255 255 44 255 255 84 255 216
    255 140 202 226 255 255 146 255 255 16 255 30 255 196 255 255 74 255
    164 202 97 255 255 255 48 255 255 42 88 252 56 58 255 255 255 255 88
    255 89 255 255 255 255 30 255 255 255 255 14 62 157 38 132 255 152
    96 171 96 248 145 255 255 151 142 255 255 255 172 255 182 255 255
    178 255 255 255 255 255 238 166 255 224 86 24 255 255 255 78 255 255
    255 196 255 18 74 167 200 38 255 66 255 255 228 255 71 224 255 149
    255 124 147 255 70 255 224 255 188 255 255 192 255 170 63 255 146
    255 255 234 159 152 255 0 255 206 255 255 255 255 255 255 127 152
    248 255 255 255 167 255 255 255 255 255 230 255 255 186 255 255 117
    255 255 194 255 76 255 194 158 255 255 214 255 255 120 121 255 255
    255 118 255 30 255 164 186 54 255 167 255 52 255 172 28 255 134 248
    255 255 255 97 38 10 255 162 178 210 172 255 255 255 255 36 255 2
    216 224 255 255 124 32 4 255 212 224 255 214 190 150 230 255 255 32
    226 255 255 255 255 204 255 255 222 97 146 255 255 44 36 255 158 114
    255 140 255 255 255 208 77 255 118 255 222 134 252 188 255 169 0 255
    171 255 255 147 170 255 99 255 238 255 154 162 151 255 255 167 255
    255 190 255 255 89 255 146 226 255 255 91 236 162 255 72 202 184 255
    234 145 236 164 212 66 255 255 156 255 255 134 252 95 255 138 255 46
    255 255 255 255 177 20 255 255 255 255 255 255 255 255 158 255 255
    255 72 255 255 255 255 255 255 20 148 68 75 255 104 255 242 255 111
    255 255 155 230 210 255 255 84 255 255 255 255 76 148 255 255 255
    248 255 80 93 255 44 20 255 255 255 220 255 255 255 255 36 230 255
    117 224 4 99 255 255 255 168 255 255 66 206 113 178 146 69 104 178
    81 154 255 71 60 38 255 255 255 143 82 156 255 228 255 255 255 255
    244 28 214 216 255 255 173 255 255 236 230 255 255 255 60 255 208
    250 255 70 255 255 120 255 69 142 255 14 226 255 255 255 255 255 255
    166 182 198 255 255 94 54 255 254 242 255 238 255 255 212 116 255
    186 255 133 255 255 255 255 255 255 255 146 242 255 255 255 255 255
    255 168 54 115 214 255 46 255 36 255 255 255 255 255 255 255 54 32
    14 255 76 95 112 244 105 255 255 255 255 255 63 255 128 216 255 255
    255 202 255 192 180 255 255 162 255 58 110 255 255 255 255 155 120
    255 255 255 255 6 90 255 255 255 238 255 142 255 28 255 255 48 255
    212 4 108 255 255 4 194 255 140 152 255 255 120 255 255 255 255 255
    255 255 255 76 255 255 242 234 255 255 255 255 255 255 255 255 255
    158 255 216 255 150 255 255 255 255 10 255 255 255 156 255 255 255
    226 186 92 255 255 2 255 126 255 255 255 255 202 255 32 255 255 196
    46 144 255 34 122 255 71 140 8 255 192 255 255 255 255 255 32 255
    255 255 198 255 255 255 192 122 255 255 255 98 63 255 255 246 26 255
    255 255 255 8 255 255 255 70 255 89 255 255 255 108 255 255 36 255
    255 255 30 2 255 255 255 255 166 255 255 50 255 78 80 255 255 70 255
    148 255 75 82 255 255 255 255 224 255 255 109 255 255 255 255 255
    141 174 174 255 255 255 218 255 255 255 255 255 255 150 70 99 255
    104 226 255 200 255 134 174 135 255 255 255 126 255 255 255 134 255
    255 255 255 46 46 127 255 255 255 255 255 255 255 176 216 66 116 248
    18 60 255 255 255 246 255 74 30 255 255 220 224 60 184 142 72 30 186
    220 255 230 255 87 248 138 194 102 158 255 190 255 255 255 255 113
    82 255 255 238 196 252 108 255 56 255 255 135 255 255 54 255 108 180
    255 64 36 250 255 63 132 255 218 152 6 40 255 230 93 80 38 255 255
    255 255 255 48 255 96 255 255 238 255 255 255 255 182 255 248 117 36
    255 255 255 255 151 218 255 230 126 255 255 255 234 255 255 108 255
    255 255 81 16 194 255 38 255 103 104 68 255 150 255 255 255 255 212
    100 176 182 255 106 255 255 255 171 166 200 36 255 255 159 18 255
    255 255 255 6 196 255 255 90 255 255 250 255 101 255 255 127 84 255
    133 255 206 69 255 255 255 255 168 255 60 255 255 224 255 255 138
    255 255 255 255 210 242 182 255 46 184 255 255 154 255 255 255 143
    255 210 255 255 255 75 255 94 129 255 255 198 62 28 255 142 144 42
    222 114 255 18 255 236 20 2 52 255 255 255 255 144 222 255 255 58
    255 190 255 255 255 255 255 255 228 78 144 255 255 124 173 255 28
    255 238 255 255 255 40 255 255 144 129 22 216 255 255 184 255 14 255
    255 178 255 109 200 255 255 226 255 184 138 182 85 176 162 255 255
    242 58 46 255 255 96 108 255 255 255 255 255 255 48 24 255 255 244
    255 255 255 255 139 186 255 75 255 70 255 224 58 255 96 176 14 255
    255 182 255 220 99 255 204 75 255 255 255 255 255 255 122 255 129
    236 255 67 74 82 255 255 220 255 255 255 232 255 216 255 255 255 255
    210 198 255 255 162 32 140 224 255 255 226 255 68 234 8 255 190 255
    255 166 255 62 255 93 76 255 129 255 134 61 255 134 255 255 255 216
    255 96 255 80 255 255 255 255 46 182 192 255 255 150 255 255 255 238
    255 124 149 108 150 255 255 255 255 236 255 182 56 132 173 255 188
    255 12 16 175 226 255 255 252 255 65 255 42 255 255 154 255 220 112
    10 255 255 255 216 255 255 255 150 184 28 255 163 255 210 28 255 255
    54 248 255 105 255 255 255 218 255 38 255 255 141 255 255 255 255
    160 14 255 255 255 236 206 255 4 120 109 188 255 67 108 255 131 255
    176 54 255 200 46 234 220 255 236 202 255 50 255 255 14 255 255 255
    38 255 252 226 14 124 134 226 255 62 204 255 182 224 255 255 255 164
    255 255 234 255 255 255 46 255 118 90 255 74 22 255 54 54 255 255
    255 255 255 248 254 76 0 255 16 200 26 234 14 163 255 255 255 255
    255 157 180 122 24 20 255 85 255 255 255 78 10 255 255 255 255 184
    206 54 255 255 255 255 255 149 255 255 255 4 255 255 32 255 255 255
    255 255 255 255 111 102 255 255 255 168 196 255 255 255 246 255 149
    234 226 2 38 255 165 130 255 214 255 255 255 184 150 87 255 84 95
    255 255 163 255 56 4 60 6 255 255 4 75 246 255 22 255 152 255 255 10
    169 255 255 255 255 148 87 255 255 255 240 255 255 90 12 255 255 255
    127 82 96 255 255 255 224 186 20 244 255 255 255 74 255 24 70 152
    255 255 255 255 255 184 255 222 255 255 255 138 255 100 66 255 250
    255 63 106 216 255 255 110 234 255 255 240 54 214 255 255 120 54 255
    46 255 86 255 145 255 238 255 126 255 91 255 242 255 64 255 210 255
    255 89 132 255 255 255 255 232 255 148 42 168 255 30 255 210 42 122
    255 255 244 255 38 240 236 255 255 72 255 255 255 38 255 255 180 255
    255 10 108 102 255 255 158 255 96 255 255 255 54 255 84 255 255 204
    255 177 88 254 255 86 255 20 74 44 212 32 255 155 146 255 99 138 255
    56 164 255 18 120 255 255 50 40 216 255 255 99 255 255 255 255 254
    254 255 244 255 255 138 255 84 88 255 120 255 129 164 255 255 206
    255 255 255 106 255 250 255 180 255 255 255 54 96 188 255 255 255
    255 255 255 94 40 255 255 220 255 255 255 184 84 255 255 84 148 255
    0 2 177 70 255 255 194 192 38 255 0 89 255 116 255 92 32 255 88 220
    255 164 50 24 166 255 255 178 255 252 234 6 255 255 255 255 156 240
    32 255 252 198 255 70 155 255 26 255 255 255 131 255 170 252 255 30
    101 140 22 210 178 255 73 100 255 228 4 255 255 114 184 255 154 194
    180 120 255 91 30 196 196 140 255 255 255 124 40 255 255 255 255 102
    255 255 255 250 248 255 255 255 102 175 255 12 255 98 138 54 54 255
    32 255 255 255 255 255 145 255 222 151 102 255 210 218 192 196 255
    166 255 210 248 61 160 48 255 255 255 255 106 255 255 255 255 255
    255 148 218 76 184 255 66 255 255 98 124 194 176 222 20 90 74 238
    230 255 155 94 255 255 66 255 113 255 248 8 186 255 50 255 252 255
    255 255 147 100 40 34 28 255 255 244 255 54 24 90 255 255 48 20 255
    46 135 78 255 255 96 255 171 255 255 255 144 255 157 52 255 135 18
    74 228 255 255 255 255 255 255 255 150 204 220 62 147 236 104 40 158
    255 121 12 206 87 255 255 8 255 255 255 255 240 2 255 126 141 255
    230 16 255 255 85 255 255 165 255 255 4 255 255 255 255 255 216 180
    255 188 255 255 255 255 40 255 124 255 255 255 255 255 255 255 87
    255 255 103 255 66 255 160 255 255 128 255 131 255 255 255 100 255
    255 232 255 255 90 255 255 255 255 255 228 78 210 212 255 161 255
    140 255 242 244 255 255 98 255 32 148 255 255 250 177 255 255 56 255
    76 147 72 88 255 255 255 200 255 44 255 255 206 255 22 238 255 214
    170 0 122 234 255 130 255 0 62 224 255 255 26 255 212 172 14 190 255
    255 168 98 22 194 255 26 255 200 254 255 255 147 255 255 236 40 255
    194 255 255 255 230 118 173 144 76 255 170 255 145 180 60 58 28 255
    255 255 255 255 255 255 255 255 255 222 114 255 255 188 255 20 230
    160 255 255 238 202 255 96 127 255 255 186 100 232 255 255 255 255
    255 48 16 255 210 238 8 184 85 152 42 12 26 166 255 128 255 210 255
    8 73 226 255 255 255 255 255 255 255 255 42 255 255 72 160 91 214
    154 255 106 46 135 255 232 255 255 255 188 130 255 255 196 216 155
    212 50 157 255 255 79 22 30 228 255 18 161 142 30 151 255 164 180
    255 254 14 138 190 255 255 4 99 255 255 255 162 76 255 182 255 244
    66 255 255 16 255 165 255 255 255 80 170 255 255 255 255 208 255 99
    114 92 255 255 238 87 255 202 255 255 255 14 156 122 226 255 214 61
    22 255 208 60 72 105 232 130 255 66 24 163 255 255 28 86 242 255 48
    255 255 12 58 255 86 164 155 255 255 255 255 88 255 255 255 255 166
    92 117 124 255 34 255 255 30 246 150 255 255 216 121 228 250 143 48
    176 208 255 66 255 170 255 255 255 255 44 184 8 255 255 255 93 116
    255 32 134 234 40 44 255 255 255 255 89 128 255 208 255 18 255 148
    255 232 4 104 196 255 255 198 255 255 14 255 242 255 38 204 115 255
    30 218 255 255 255 255 255 255 60 60 214 216 255 255 110 255 161 255
    255 255 255 255 255 255 28 153 52 255 255 48 184 95 60 255 255 255
    255 113 126 255 255 128 158 79 255 255 255 226 158 255 255 255 255
    255 220 255 255 255 255 120 255 255 240 255 196 44 255 83 196 255
    222 255 32 255 255 255 255 90 2 157 80 108 255 255 234 20 116 100 6
    255 255 36 255 32 255 255 255 255 190 255 212 226 255 157 255 255
    188 42 255 14 255 228 228 255 94 255 255 170 255 255 255 67 74 162
    255 188 255 224 255 255 255 255 255 151 178 42 194 255 8 58 172 255
    61 128 154 10 106 255 255 255 126 10 255 170 230 255 214 255 255 255
    87 255 255 163 242 240 255 255 255 255 36 255 125 255 255 255 224
    108 95 194 255 175 112 255 137 255 255 238 255 255 255 255 255 255
    255 255 46 60 224 255 255 124 135 255 230 135 255 255 255 255 230
    255 248 190 255 255 255 255 220 236 255 0 255 65 255 32 255 255 255
    255 254 255 50 100 255 255 255 20 255 142 255 255 2 214 255 255 255
    228 34 255 206 116 166 255 78 255 81 255 48 255 255 120 255 166 255
    232 255 255 145 16 255 255 255 160 83 192 255 255 90 212 14 255 250
    6 255 104 111 120 255 255 170 255 99 152 255 121 255 255 77 255 222
    255 255 164 56 255 255 255 255 228 71 255 255 169 255 255 147 255 4
    255 255 255 182 172 78 255 226 255 127 18 255 255 255 110 255 255
    255 165 184 255 85 78 255 58 255 214 184 236 12 234 66 186 255 255
    216 200 255 255 255 148 255 91 44 255 255 56 142 151 255 255 141 216
    62 255 255 234 255 192 202 50 156 14 255 14 255 255 226 28 73 255
    255 255 90 255 255 255 38 255 38 255 218 98 36 133 255 255 255 255
    255 137 238 14 18 255 222 255 130 214 255 10 255 129 255 255 255 80
    255 255 255 236 117 146 120 255 255 86 83 182 214 24 178 255 255 162
    6 8 255 255 255 255 255 208 22 142 46 190 98 63 255 126 131 134 255
    255 230 255 255 255 255 255 42 224 58 255 150 26 255 255 255 204 166
    255 144 255 255 255 255 255 126 222 2 120 255 255 8 255 255 136 255
    143 130 228 255 24 255 10 140 38 255 118 198 26 28 250 255 255 255
    255 255 254 83 255 255 135 140 255 28 198 68 255 238 255 46 158 98
    255 30 186 42 255 164 99 255 255 255 222 0 255 255 156 255 255 228
    206 212 255 196 42 255 182 176 255 255 0 255 255 255 255 255 96 180
    255 66 255 255 252 255 255 6 40 44 255 255 255 255 255 75 20 8 125
    255 42 46 255 252 125 255 90 255 255 140 255 255 255 255 255 124 44
    255 84 198 255 255 255 2 255 24 255 198 93 255 255 14 255 255 255
    255 255 196 178 255 255 255 255 255 78 255 133 46 255 255 255 44 255
    158 255 194 6 255 255 255 166 255 158 255 149 255 76 255 255 94 228
    255 255 255 150 242 255 104 255 147 255 255 255 252 255 188 32 255
    255 255 202 255 120 255 255 188 255 216 255 80 159 255 22 163 144
    126 255 168 255 255 255 255 190 255 255 255 32 255 255 20 130 89 168
    222 255 255 255 255 250 234 214 16 255 255 54 144 255 200 178 255
    255 255 255 118 255 117 255 164 50 255 255 131 10 110 255 255 236
    255 254 255 125 94 24 212 12 255 255 60 255 125 255 255 87 255 255
    177 255 255 184 255 255 255 170 228 255 255 255 255 255 46 65 255 24
    255 64 255 10 255 255 255 94 255 255 255 255 141 255 255 252 255 255
    255 255 255 220 255 255 236 255 46 123 140 255 141 255 255 255 132
    144 255 138 255 18 255 242 246 186 255 255 255 192 255 46 74 238 70
    255 255 242 216 255 146 255 129 255 255 255 255 255 255 102 255 155
    255 255 252 190 255 255 255 255 73 184 114 175 255 255 255 255 255
    87 22 0 255 255 255 107 255 214 255 255 255 67 208 255 12 255 255
    255 255 212 222 255 46 255 255 126 91 124 112 255 116 255 165 255
    255 143 255 142 50 134 255 255 148 255 255 128 62 186 255 248 111 18
    255 255 82 255 255 255 106 22 255 240 255 255 44 149 255 126 255 255
    255 255 6 255 159 42 255 255 128 255 22 10 255 255 106 132 255 255
    255 255 255 255 171 255 255 67 255 226 26 255 255 255 248 28 40 148
    184 184 255 255 113 255 255 63 38 206 255 126 255 2 255 255 255 124
    255 255 255 190 255 50 102 202 255 255 242 255 255 14 255 168 255 16
    78 255 196 255 18 255 255 255 156 255 24 255 255 255 254 255 79 255
    255 91 92 255 173 74 196 255 106 82 192 255 255 28 52 0 255 255 96
    184 255 255 255 255 255 244 255 254 255 255 8 250 128 106 255 255 68
    159 90 156 202 255 224 255 255 255 194 255 112 255 255 140 50 255 70
    255 255 22 255 150 134 12 206 78 141 54 190 58 204 255 255 255 88
    255 255 255 255 200 255 67 255 166 255 242 255 244 255 248 40 78 255
    50 246 32 155 255 18 159 218 255 255 72 114 167 255 100 123 255 255
    255 168 255 254 122 255 255 255 56 255 224 255 255 88 255 95 54 255
    216 255 196 198 255 255 255 255 46 255 255 94 58 142 164 255 34 255
    125 202 255 250 186 255 255 110 224 255 255 200 255 60 50 226 255
    255 255 255 0 147 24 255 95 255 222 4 255 255 255 255 255 89 56 190
    255 255 255 28 90 255 234 102 178 255 144 255 145 255 255 63 200 255
    255 255 255 22 152 255 255 14 255 175 255 30 255 255 255 255 196 255
    34 178 255 54 255 255 255 255 255 91 255 255 133 138 255 2 255 255
    255 36 114 255 255 4 67 240 104 255 6 255 75 98 248 165 14 255 254
    255 182 255 242 255 224 10 255 255 76 92 63 255 255 255 255 255 218
    255 255 79 172 255 255 255 244 255 255 164 248 255 188 42 216 98 85
    132 255 255 30 255 147 255 24 255 255 224 141 255 255 255 34 18 123
    255 36 255 255 40 149 178 255 46 24 255 175 90 255 208 202 168 255
    255 255 255 255 255 255 255 255 129 255 204 255 8 162 255 255 255
    255 134 255 255 180 220 255 44 228 173 154 162 133 216 255 255 255
    255 255 48 255 175 248 255 46 255 28 103 255 255 255 212 108 255 42
    255 255 255 8 91 66 255 171 255 255 48 244 242 252 255 255 255 32 32
    255 255 208 255 134 242 52 242 255 255 200 255 255 132 255 188 212
    160 121 10 112 230 176 184 255 255 246 97 255 255 99 255 255 255 255
    255 255 255 180 255 255 56 4 255 255 71 82 255 177 255 255 255 255
    255 252 255 20 255 46 255 255 255 255 137 255 114 255 168 255 255 54
    255 208 255 4 255 255 42 255 255 255 255 254 86 255 56 128 255 255
    255 208 244 255 123 255 255 255 4 255 242 255 255 30 255 84 255 255
    170 204 242 220 255 234 152 157 248 4 255 212 255 255 255 255 169
    142 60 255 255 255 159 146 250 255 255 118 48 255 108 93 162 152 255
    255 255 255 255 24 255 255 0 180 255 255 255 255 255 244 255 82 255
    255 64 255 44 255 12 255 10 109 255 255 190 255 255 127 255 255 255
    64 182 167 255 255 109 24 128 255 255 255 255 255 74 255 255 255 255
    255 168 255 255 42 255 255 100 255 170 174 0 255 255 255 212 142 65
    255 255 255 255 255 255 255 220 255 255 255 173 255 255 255 44 112
    16 2 255 255 164 152 255 255 198 2 255 2 93 255 68 186 255 106 202
    232 255 255 170 184 255 255 218 255 132 246 169 236 255 255 255 160
    165 255 255 85 255 255 159 210 255 190 255 94 255 86 116 255 110 255
    255 255 255 234 220 36 105 64 190 255 255 255 255 110 76 36 48 244
    34 230 234 255 206 255 255 178 255 255 164 255 255 78 108 167 28 150
    32 255 255 212 255 255 255 255 152 210 174 255 255 255 255 85 208
    126 216 140 56 255 255 255 79 255 255 255 255 255 139 190 204 255
    255 255 220 228 255 14 255 255 255 230 68 255 255 100 255 124 0 255
    8 255 254 220 6 255 112 255 177 144 255 255 255 255 12 255 255 169
    255 255 139 210 104 202 255 255 226 255 255 109 255 202 2 252 255 6
    255 255 255 255 255 173 255 130 255 255 255 255 255 224 10 255 132
    255 18 212 255 255 164 10 84 255 255 255 166 255 202 146 151 142 255
    255 116 255 105 64 4 26 255 255 255 102 255 56 255 8 255 255 255 125
    255 255 75 255 255 198 255 255 167 72 255 103 86 255 109 28 255 255
    255 152 255 255 62 254 255 228 190 102 240 255 255 255 255 255 124
    228 255 96 255 255 255 255 255 255 238 122 255 26 90 132 255 30 255
    133 255 72 255 255 255 50 200 66 255 72 144 255 36 255 255 200 255
    255 255 255 255 234 32 255 30 255 50 130 136 244 255 38 255 255 48
    151 170 30 194 255 204 87 216 255 38 114 228 218 255 255 255 255 255
    28 255 255 107 8 16 255 198 255 125 255 255 143 124 174 141 255 255
    244 62 216 139 255 172 255 130 255 255 88 255 255 56 230 255 76 255
    196 34 255 220 255 28 30 6 255 244 154 255 255 255 255 255 114 255
    255 255 174 65 255 46 255 255 255 255 190 38 255 64 46 255 255 255
    255 18 32 228 255 255 111 196 255 95 34 6 255 255 28 255 255 255 255
    26 255 255 255 22 255 255 255 139 255 106 165 24 38 255 255 18 255
    255 48 127 255 255 255 255 252 206 255 255 12 255 255 133 198 255
    255 114 255 34 255 156 255 255 255 255 255 255 24 224 164 255 12 252
    153 255 122 255 255 158 163 255 16 151 50 255 16 255 82 210 255 255
    149 96 255 196 36 58 255 255 208 123 122 46 216 255 255 81 255 255
    182 255 255 30 255 255 54 255 255 173 255 26 2 166 255 105 40 154
    139 198 26 255 255 112 255 255 224 0 52 150 255 255 204 242 255 46
    255 255 228 210 56 255 28 102 76 255 255 255 95 34 255 228 255 196
    131 255 255 255 160 255 212 206 255 255 130 188 67 216 254 73 118
    255 161 255 255 255 154 255 255 182 154 255 222 156 255 255 94 61
    255 150 93 150 178 206 80 10 147 255 255 255 255 226 255 255 218 52
    212 255 255 255 255 255 255 48 67 255 255 255 66 255 48 42 242 255
    255 255 255 255 255 198 92 16 236 126 255 255 255 255 117 255 255
    242 244 232 252 126 255 95 108 156 157 255 218 188 255 152 192 255
    74 255 255 108 255 64 204 255 150 232 2 16 146 97 255 255 255 255
    240 79 66 255 255 80 62 255 255 78 255 102 255 255 255 255 30 255
    255 255 196 255 83 32 255 48 66 64 255 255 255 255 124 255 255 176
    76 188 255 152 255 254 38 204 236 14 204 255 110 255 255 10 255 128
    20 255 255 255 46 220 244 255 255 146 69 22 166 18 198 116 175 222
    255 165 200 200 28 70 255 255 94 255 38 216 54 36 255 255 155 60 84
    255 255 100 4 255 70 255 255 255 71 200 46 255 22 255 218 120 255
    255 255 86 87 255 16 224 38 92 222 236 240 159 240 204 131 255 255
    255 255 255 255 38 255 67 255 82 101 162 154 255 234 110 157 250 255
    40 255 255 184 255 255 52 2 255 145 255 255 255 255 166 255 255 255
    252 180 255 173 60 255 255 4 255 93 8 128 83 244 24 30 255 255 255
    222 32 255 255 255 18 230 76 54 148 255 255 255 152 192 255 255 255
    44 255 147 255 255 115 178 36 151 208 255 255 8 30 255 255 255 240
    230 255 255 255 208 255 42 255 73 38 86 252 255 152 204 44 80 6 68
    255 165 138 56 255 140 52 147 230 255 255 255 255 255 255 255 113 0
    22 220 255 176 255 234 174 255 44 94 4 0 56 173 255 255 129 158 112
    123 255 32 180 154 62 226 92 16 255 255 255 99 128 255 117 252 255
    255 50 150 255 255 255 255 255 242 255 168 188 123 0 158 255 255 54
    255 255 68 54 255 255 255 62 32 147 255 182 12 146 255 81 255 100
    255 246 255 255 255 150 255 106 4 143 255 255 255 255 255 252 184 52
    8 168 202 255 10 255 255 50 255 196 246 184 255 42 255 255 255 255
    255 255 56 255 160 255 255 230 255 255 255 32 255 255 36 255 44 255
    255 42 152 71 186 10 255 255 94 255 208 255 32 255 86 30 26 46 255
    255 255 143 255 70 192 176 255 255 128 255 99 255 248 149 255 255
    226 236 255 255 198 206 77 255 255 171 138 216 255 104 255 186 24 72
    255 162 255 77 82 255 48 255 208 216 16 228 255 238 190 214 255 255
    255 255 76 200 108 255 65 255 114 99 255 234 255 255 2 255 255 196
    48 255 78 20 255 255 255 160 255 255 255 94 255 230 255 255 255 6
    255 255 14 255 90 132 255 240 218 38 255 255 255 76 108 254 202 255
    255 255 255 186 126 255 22 255 255 14 255 232 255 166 148 255 255
    208 255 102 148 28 204 164 255 255 255 42 255 255 255 255 255 190
    255 244 255 252 32 255 138 255 75 34 196 24 255 255 255 128 255 255
    116 164 149 255 255 255 255 255 200 255 50 234 255 255 6 198 255 255
    180 255 232 255 255 101 255 255 255 255 255 216 206 255 175 255 255
    242 255 138 255 222 255 255 255 255 255 255 255 255 60 184 206 255
    100 255 226 208 173 255 255 255 255 232 255 255 104 255 116 255 18
    232 82 255 255 255 255 255 18 115 146 255 228 255 236 204 204 255
    255 255 192 255 255 228 255 255 255 8 255 255 180 160 238 255 104
    255 190 255 255 226 255 255 240 206 255 30 255 252 255 120 104 52 88
    212 255 255 255 131 120 90 255 60 16 113 255 255 97 190 34 2 240 255
    254 180 255 218 255 42 240 255 255 255 255 255 175 158 255 255 255
    238 255 174 0 75 255 255 34 104 255 255 255 255 255 255 255 255 180
    255 255 255 255 109 255 186 255 255 255 255 255 88 230 106 255 139
    134 98 255 214 54 206 76 158 255 10 78 255 255 255 255 148 255 255
    255 44 255 255 116 214 56 255 135 88 255 85 46 68 61 255 88 255 192
    255 255 255 255 73 255 68 255 255 255 255 255 255 255 255 255 202
    150 255 222 142 236 255 255 46 30 244 48 255 154 255 255 200 138 246
    194 118 255 128 255 169 138 255 58 158 255 255 142 255 147 255 255
    91 255 255 212 255 254 255 255 255 255 255 18 133 172 255 22 255 255
    255 255 246 171 114 255 255 150 255 255 255 255 255 255 255 79 194
    255 222 168 255 224 255 242 38 176 88 255 28 255 254 104 204 255 255
    255 121 234 255 56 255 255 255 255 255 63 112 60 34 255 255 255 255
    255 255 255 255 255 138 255 255 244 255 167 90 255 255 255 164 38 84
    255 214 78 214 145 255 12 255 70 255 255 12 255 16 255 164 228 255
    40 255 255 255 77 255 184 30 138 54 36 255 255 131 66 64 175 80 128
    255 255 200 255 216 255 226 255 126 255 255 255 255 250 255 255 34
    180 255 255 255 44 255 255 194 208 255 10 255 16 125 222 255 255 236
    255 255 255 194 255 102 255 10 255 255 255 255 255 255 255 208 210
    255 255 255 255 255 255 255 238 255 218 230 139 220 130 95 230 255
    56 255 255 232 246 255 65 238 170 255 58 255 255 255 66 129 255 255
    149 66 255 255 118 248 141 255 12 255 160 255 208 255 255 255 255
    255 255 255 216 255 102 78 255 200 255 0 255 255 255 255 48 255 86
    255 214 154 110 255 104 226 119 255 255 255 255 255 255 34 42 111
    255 214 212 255 232 255 88 190 255 255 128 4 154 68 255 255 34 159
    255 255 87 255 255 255 206 255 87 255 86 255 12 255 255 180 255 255
    255 255 255 255 254 255 255 255 255 255 255 255 255 255 255 118 255
    238 116 255 230 164 212 83 172 90 38 188 214 145 255 255 109 40 255
    28 255 255 228 255 255 255 255 255 255 255 200 255 236 206 255 36 30
    255 255 248 255 110 28 40 40 154 89 255 6 250 255 8 255 130 82 127
    255 98 255 208 255 129 255 46 188 255 52 2 255 255 208 22 122 255 68
    255 38 186 255 255 218 255 151 212 255 255 230 220 109 232 255 194
    255 44 151 30 124 234 196 198 255 22 255 255 58 255 234 255 90 255
    128 52 151 218 174 220 255 255 255 255 90 255 255 164 4 255 255 255
    202 255 255 255 74 38 234 255 206 12 255 255 98 172 34 148 220 255
    226 98 255 255 255 255 255 246 169 255 255 255 154 178 255 92 150 56
    255 255 159 182 196 255 255 255 255 210 232 226 230 255 255 255 136
    169 255 255 255 255 255 230 172 255 224 50 182 244 255 30 255 232
    255 255 40 120 255 220 255 255 255 100 177 126 68 4 52 255 255 182
    255 91 255 255 255 255 255 30 244 255 255 220 255 255 38 162 255 226
    255 20 255 255 255 255 20 61 154 208 107 255 255 255 255 255 255 184
    255 255 186 210 54 82 255 228 255 96 38 76 255 255 255 186 147 255
    52 61 138 232 22 255 255 255 255 255 255 255 214 131 44 255 101 255
    16 255 255 246 255 166 22 255 52 255 255 255 255 4 255 144 149 12
    160 255 255 255 238 220 255 14 222 218 155 255 255 182 255 162 255
    255 255 255 255 255 97 42 240 56 162 110 255 36 132 255 140 224 186
    255 255 127 255 255 255 100 216 89 76 170 22 255 255 255 255 78 18
    255 226 97 255 255 137 255 255 252 255 255 255 144 142 254 130 255
    255 255 200 61 255 255 255 255 32 255 28 154 255 22 122 167 255 255
    184 254 114 10 255 182 99 255 252 73 255 4 255 254 255 255 255 32
    255 255 208 111 58 255 40 255 88 255 255 56 255 255 255 22 255 128
    32 255 88 186 176 255 255 24 255 244 255 255 163 255 255 188 255 255
    255 255 236 12 48 255 255 72 0 30 22 30 255 36 224 210 255 255 218
    255 244 67 255 110 255 255 255 255 255 22 255 152 255 153 255 136 79
    22 22 255 246 255 127 62 50 255 118 88 255 255 255 255 108 136 255
    194 255 255 255 255 157 26 255 40 0 255 236 255 218 206 166 80 255
    36 255 255 255 255 255 255 90 149 255 255 255 255 255 255 212 222
    255 30 255 255 255 210 255 255 50 18 78 255 206 42 8 30 120 116 255
    255 255 77 106 240 40 255 255 255 20 255 192 58 182 255 255 255 18
    64 255 255 255 202 115 255 162 255 255 255 255 255 255 93 124 255
    255 44 255 54 122 255 255 132 255 255 162 212 255 255 255 255 88 255
    206 104 98 255 92 218 143 68 255 85 34 255 255 30 14 255 255 255 255
    28 255 255 255 80 255 255 38 81 210 226 255 68 255 28 255 255 200
    172 255 255 255 255 255 255 244 255 120 188 255 255 255 255 170 120
    255 40 255 255 136 10 63 128 136 255 160 170 103 255 46 95 190 146
    255 255 138 121 56 140 28 255 255 255 2 246 161 255 148 255 255 118
    119 104 255 255 255 128 255 255 255 214 206 64 255 255 4 105 244 20
    214 62 194 131 255 100 97 255 76 255 255 255 255 255 255 177 255 255
    255 255 255 255 255 254 255 56 114 255 255 255 105 255 255 255 126
    255 255 162 255 255 196 255 255 255 255 155 255 255 255 255 14 129
    255 255 255 238 204 255 255 144 255 250 255 50 46 18 139 70 255 255
    255 255 255 255 100 255 255 255 255 255 255 255 46 14 255 108 255
    255 112 126 169 194 60 255 255 255 255 255 255 167 36 255 93 124 22
    255 232 66 171 228 255 255 234 255 38 255 248 255 255 20 255 255 208
    107 255 164 103 255 255 212 82 92 255 170 214 65 174 255 255 255 94
    206 120 255 248 255 255 38 255 148 61 255 152 255 255 255 255 234 74
    255 140 112 255 255 255 255 100 255 250 255 255 255 255 255 10 255
    78 255 84 120 255 255 150 10 255 255 255 210 96 87 255 62 248 156
    255 255 4 88 46 178 58 255 132 255 255 34 255 255 176 82 214 202 206
    255 255 255 224 118 255 246 255 178 180 255 255 255 68 255 28 88 180
    255 72 184 40 52 168 77 255 170 255 82 255 255 255 255 255 255 150
    255 176 255 125 136 252 206 255 148 194 255 216 255 88 255 255 188
    30 255 255 62 238 255 255 61 255 255 123 152 255 255 255 255 255 166
    255 210 255 255 38 255 255 167 255 236 255 26 30 69 178 248 230 255
    255 149 250 126 255 255 68 242 120 255 190 174 255 0 178 255 255 255
    212 48 182 14 255 255 255 255 255 255 255 96 246 255 64 246 236 255
    170 119 172 255 12 46 38 161 255 12 173 255 255 255 244 126 255 232
    20 12 255 124 255 255 255 255 78 255 61 255 255 255 255 186 103 255
    158 56 226 190 212 212 18 255 146 255 255 156 228 151 255 255 255
    132 255 240 10 255 129 62 255 173 255 206 105 255 190 69 255 255 255
    255 68 255 255 255 139 255 255 48 228 170 135 44 76 202 255 238 228
    178 90 182 255 255 250 255 18 255 255 192 255 255 255 255 255 255 58
    255 176 255 255 208 115 124 255 255 82 255 255 255 148 14 255 255
    157 255 255 255 255 255 184 194 255 255 255 255 255 255 60 222 104
    248 218 255 255 255 255 30 255 70 255 255 255 0 255 10 255 254 255
    194 210 56 255 255 255 114 255 98 184 255 255 255 109 255 255 255
    255 114 54 74 136 38 255 255 255 255 255 255 38 255 52 255 186 10
    160 255 255 255 220 232 255 36 79 255 255 206 255 255 101 122 255
    188 12 142 255 156 255 105 255 140 255 255 255 255 182 144 36 178
    255 255 182 166 20 70 136 255 255 255 255 255 255 255 192 48 212 255
    54 255 255 255 248 255 180 255 108 234 255 182 220 255 26 76 232 160
    255 255 162 255 22 178 116 161 196 172 159 255 248 255 214 202 214
    255 104 117 32 234 255 254 222 18 255 142 255 32 226 117 188 10 129
    50 126 255 194 178 95 138 255 255 82 255 255 40 76 169 132 86 255 26
    255 255 122 255 255 255 240 255 255 255 255 255 255 165 206 220 255
    255 255 255 0 184 255 255 255 255 255 255 105 255 148 212 255 255
    255 120 24 255 255 104 254 230 255 255 255 250 69 2 236 255 255 116
    224 152 255 50 248 208 71 210 40 252 218 255 200 255 255 131 255 255
    255 62 255 255 20 96 194 255 128 255 212 8 255 214 0 143 255 234 38
    255 164 115 255 32 255 255 216 255 255 146 194 164 255 56 170 210
    255 255 156 105 110 42 255 248 255 69 255 255 255 2 255 171 255 255
    75 255 180 255 102 86 188 218 255 255 186 102 127 255 255 255 28 255
    255 198 234 255 255 255 255 255 44 255 136 44 135 255 102 242 136
    168 129 206 255 255 202 255 255 56 255 255 255 100 42 255 182 255
    196 26 255 178 198 163 32 255 244 255 255 255 255 255 171 22 158 255
    74 255 255 255 222 200 122 255 255 194 252 246 255 255 61 246 255 85
    204 255 255 255 255 255 255 140 56 180 255 255 4 106 255 255 255 91
    255 255 255 68 255 173 64 144 75 255 198 255 196 255 255 234 255 255
    255 255 54 178 255 28 255 150 194 255 22 99 12 230 255 255 255 236
    255 255 255 255 255 26 14 250 85 220 255 255 100 172 4 12 255 222
    255 200 255 255 255 194 204 46 192 255 208 224 255 255 48 255 255
    240 255 255 255 8 110 42 255 255 255 54 255 255 160 126 159 70 180
    230 255 255 6 255 152 255 132 255 226 255 206 54 255 14 234 180 22
    255 255 134 255 72 214 153 62 58 255 255 255 255 255 255 255 218 94
    113 255 100 255 255 24 255 255 16 255 232 255 255 220 255 255 220
    255 69 255 36 255 255 255 255 255 150 26 148 66 216 255 84 255 82 28
    255 255 255 212 255 255 255 255 254 255 255 255 226 255 255 255 60
    255 220 255 142 149 100 210 255 255 64 255 112 255 255 255 246 255
    255 255 18 255 104 40 146 112 133 255 118 255 255 255 91 255 255 255
    112 206 255 255 255 8 106 36 255 104 255 255 255 255 255 162 118 255
    6 122 255 255 172 2 246 255 255 255 234 99 138 132 255 255 255 255
    140 166 255 54 255 224 255 206 255 234 184 255 255 202 255 255 64 24
    110 104 255 255 254 22 255 124 255 255 16 255 255 255 46 94 255 238
    255 255 254 255 255 255 255 255 167 94 146 255 255 250 255 255 150
    255 255 255 255 4 255 255 255 255 255 255 255 255 255 255 255 202 84
    34 255 255 65 200 74 169 184 208 255 80 178 255 255 255 208 255 255
    255 255 255 109 255 84 147 168 74 255 164 255 202 240 255 10 202 255
    255 255 22 184 186 255 161 244 255 255 255 102 61 255 255 135 204
    255 255 255 232 6 255 252 20 84 255 38 14 255 255 255 168 255 255
    176 255 168 248 255 255 255 210 140 178 149 255 255 255 120 255 255
    58 255 226 232 22 255 214 255 255 98 255 255 255 255 155 70 34 50 64
    255 171 255 186 255 110 40 255 255 18 52 255 116 255 248 190 255 255
    255 234 138 194 202 174 46 255 255 232 255 255 255 99 255 44 234 118
    228 180 255 255 119 255 190 255 255 58 255 84 178 255 255 76 255 246
    255 255 34 80 71 190 248 40 255 70 61 188 136 255 122 255 163 255
    255 255 255 48 255 204 255 216 8 50 204 26 86 255 98 30 255 255 124
    153 255 32 255 255 255 192 255 14 149 142 255 255 255 116 255 255
    255 255 255 68 77 255 186 255 72 214 208 255 255 186 28 255 255 138
    255 194 146 72 255 38 255 87 255 255 198 255 255 255 50 255 255 255
    186 87 255 255 246 8 255 196 255 240 105 255 212 44 158 255 220 74
    210 255 34 255 255 255 255 234 255 194 255 150 255 255 255 190 255
    255 255 127 255 230 196 255 255 255 255 255 255 162 110 255 136 255
    255 255 86 119 238 255 255 108 178 255 255 116 255 146 255 113 192
    255 255 255 28 255 255 255 255 255 255 255 255 92 85 255 52 153 255
    255 255 255 255 255 192 234 255 92 146 87 255 42 99 32 236 255 160
    144 2 255 14 255 62 200 71 255 80 255 255 255 255 255 255 244 255
    255 255 104 16 155 8 255 79 255 255 255 255 255 228 178 74 117 28
    255 250 255 255 194 255 244 153 255 44 255 255 254 214 102 255 163
    255 255 145 255 255 143 255 154 255 104 255 58 255 255 93 255 100
    234 255 114 157 255 214 255 132 140 255 26 18 255 106 255 255 255
    255 147 68 255 255 255 198 16 130 162 255 248 255 255 204 255 226
    255 255 255 28 255 255 8 72 34 254 248 255 255 255 56 255 255 169
    255 255 255 164 255 67 255 255 56 254 255 255 222 255 190 226 255
    255 248 252 255 255 178 0 255 255 46 255 12 224 255 206 255 255 94
    255 0 160 91 255 255 255 255 255 52 255 210 103 255 255 212 255 4
    255 234 100 255 50 26 208 255 255 113 255 228 255 255 255 255 180
    255 40 126 255 228 198 98 224 90 204 255 174 136 255 62 255 89 255
    190 155 192 82 54 248 255 255 255 255 143 255 255 214 255 255 255
    255 32 255 172 146 212 18 255 73 102 252 255 255 255 93 148 124 255
    22 0 238 255 180 117 60 168 232 255 222 71 2 255 255 255 255 216 255
    255 255 102 240 228 116 255 255 80 255 255 240 255 255 250 114 149
    255 152 163 255 4 165 42 98 177 244 255 107 62 255 255 248 18 255
    252 208 255 6 42 210 255 255 255 214 218 255 230 188 255 48 255 220
    136 255 255 180 255 50 64 255 151 255 255 255 10 46 255 38 255 61
    146 140 255 255 255 255 10 152 255 214 94 255 190 66 67 255 130 12
    204 78 77 224 162 208 255 255 54 46 255 255 255 255 163 88 255 255
    255 255 255 202 255 255 255 158 255 14 255 255 150 128 255 110 255
    255 255 255 255 255 188 167 184 66 75 74 255 175 255 234 200 255 255
    255 60 255 222 30 255 255 255 255 255 148 255 255 220 255 252 255
    255 255 255 255 137 178 28 105 255 50 145 122 12 255 255 150 255 255
    12 255 142 255 119 255 255 141 255 255 143 70 140 14 255 255 255 228
    255 202 255 255 38 22 42 192 255 194 135 255 74 175 136 200 255 50
    255 182 116 236 255 255 255 255 106 255 224 255 255 63 255 255 255
    255 255 36 202 255 255 92 255 169 255 142 255 234 255 255 246 255
    255 255 255 214 255 255 167 255 255 252 214 136 196 202 242 255 255
    255 85 8 112 255 255 255 254 250 255 255 108 255 255 255 184 129 255
    70 255 255 88 28 122 92 255 255 255 147 255 255 255 255 162 255 255
    186 32 20 255 0 144 30 255 255 2 171 255 144 65 242 230 255 255 255
    255 186 255 73 255 255 12 214 255 255 255 255 255 36 255 255 255 255
    190 174 255 101 166 255 38 88 255 184 255 112 255 44 14 255 255 60
    255 255 255 147 22 198 255 255 255 255 255 116 190 255 255 255 206
    58 135 255 94 255 76 162 255 248 114 63 110 255 255 156 62 159 14
    255 255 244 255 28 68 255 255 194 255 26 2 255 255 132 200 255 190
    174 65 255 92 242 255 224 54 158 255 255 255 255 18 28 254 40 255
    255 255 255 255 159 255 176 255 255 255 255 255 255 255 255 218 255
    255 255 255 255 138 255 255 134 255 170 255 232 255 255 255 255 240
    255 56 128 255 160 152 255 255 162 236 130 255 105 255 255 255 210
    255 255 190 255 255 218 122 255 255 255 255 18 220 255 226 255 255
    126 255 255 255 192 255 0 255 216 208 255 75 138 255 255 255 255 2
    255 112 151 102 255 224 255 126 236 140 34 169 8 230 255 255 94 255
    20 228 67 255 30 77 244 218 103 240 255 103 142 255 255 148 255 255
    242 255 255 230 106 40 255 255 255 160 255 14 255 22 119 252 255 143
    255 132 216 50 255 255 186 255 63 202 222 255 124 255 255 255 16 83
    152 255 255 255 255 16 70 255 255 250 46 14 22 14 129 94 4 22 255 10
    255 255 255 61 122 60 139 110 36 22 68 255 200 18 255 255 208 255
    159 56 255 255 255 76 184 255 255 20 220 255 6 248 255 194 246 255
    137 54 112 255 0 74 204 255 206 255 40 10 255 255 140 56 255 242 145
    104 255 255 255 210 244 8 206 255 92 30 14 98 40 255 255 255 99 174
    255 20 58 255 204 255 255 255 202 255 255 255 255 255 255 20 255 255
    106 143 174 255 255 255 255 255 194 255 234 70 255 216 255 48 255
    255 255 255 212 255 46 255 255 255 255 122 255 255 255 218 255 255
    255 102 255 10 232 52 255 255 255 255 255 255 143 255 106 30 255 255
    255 170 104 255 255 96 255 26 168 65 46 210 255 32 255 222 188 255
    255 255 228 255 255 206 255 60 255 2 255 255 131 48 144 202 255 136
    255 134 255 255 255 255 117 22 255 159 146 255 133 114 255 14 255
    255 177 255 255 255 255 255 226 252 220 255 255 52 139 250 255 255
    10 255 101 255 255 73 198 255 255 255 255 255 192 255 234 255 194
    127 255 224 255 76 255 155 146 208 204 255 26 255 255 20 198 34 144
    36 255 16 255 255 255 255 52 255 255 234 144 36 255 255 255 14 255
    153 255 112 22 84 255 175 192 106 194 255 255 255 2 36 0 255 255 159
    98 255 0 116 24 255 255 246 255 18 146 36 255 54 255 255 210 255 255
    140 6 255 160 119 40 100 255 222 96 255 156 176 255 228 248 93 255
    255 125 46 255 65 255 255 255 255 32 255 64 226 255 255 255 103 255
    96 163 255 255 30 255 88 255 192 255 220 168 196 212 134 255 54 108
    192 228 255 22 255 255 255 255 38 255 192 255 192 255 88 255 255 255
    84 4 255 255 255 255 255 143 252 255 255 58 136 255 106 172 200 255
    255 73 255 255 255 255 248 255 246 130 133 255 198 240 118 255 143 2
    255 255 255 255 255 255 255 161 56 202 4 255 80 255 200 150 36 46
    255 255 138 38 248 90 28 255 252 255 50 0 255 255 255 255 149 255
    255 255 255 255 255 255 255 14 255 255 182 218 250 157 255 255 255
    250 255 255 255 158 255 160 184 255 255 248 190 255 58 83 255 255
    255 158 255 255 255 255 24 190 255 137 240 102 91 66 255 255 255 255
    255 255 0 255 50 208 255 146 22 255 240 242 255 234 255 255 255 168
    224 58 255 255 255 242 255 255 255 79 54 255 224 255 170 255 112 142
    255 255 255 255 68 198 255 220 162 228 178 255 246 255 255 77 255
    255 255 100 90 255 114 2 255 246 32 255 206 250 255 255 62 255 16 84
    75 255 255 119 255 255 143 236 255 255 255 108 56 98 66 255 255 255
    107 144 255 248 255 255 255 178 178 22 210 255 91 255 255 255 4 44
    228 255 255 255 172 40 192 255 255 255 255 255 196 255 86 159 255 94
    255 255 12 0 255 146 188 70 254 255 255 154 255 88 255 255 255 248
    228 40 46 255 172 255 190 128 255 36 94 164 173 244 255 139 14 255
    248 255 255 255 116 60 255 44 255 58 124 182 255 186 88 255 255 255
    123 140 56 73 255 255 255 255 126 255 236 198 12 216 255 204 106 104
    0 255 198 255 255 255 244 255 2 210 226 255 36 226 246 255 108 236
    255 255 255 255 255 255 155 255 255 75 255 255 255 255 176 255 255
    180 255 84 12 83 255 255 77 255 255 255 255 255 242 190 255 255 60
    255 24 255 182 255 255 255 12 210 164 12 255 255 255 134 196 255 255
    26 255 255 255 255 255 110 255 138 128 255 255 255 42 255 255 12 150
    255 69 158 194 255 255 82 255 255 255 255 255 248 234 255 255 255
    156 40 255 182 8 255 148 255 255 24 82 255 255 204 12 76 208 165 255
    255 56 28 230 65 255 20 111 154 255 169 46 255 91 176 98 255 255 255
    36 255 102 255 86 190 255 34 255 255 255 70 101 108 2 255 255 178 48
    255 255 255 255 26 255 6 255 255 255 76 255 255 255 255 255 8 255
    255 255 139 255 178 101 255 132 6 255 52 111 255 255 255 6 10 240 8
    64 255 255 22 65 138 255 255 255 250 147 214 34 255 255 66 58 255 82
    109 204 255 255 100 255 255 28 10 255 136 255 30 86 174 182 255 194
    177 38 255 255 118 255 255 28 255 255 255 184 232 255 242 141 255
    255 255 152 36 255 68 218 244 255 255 255 255 164 255 62 255 255 255
    26 161 255 255 255 30 146 6 255 255 131 255 255 204 255 255 67 255
    152 58 255 255 255 255 246 255 140 255 255 84 255 255 72 255 42 248
    220 198 30 255 81 132 32 255 255 188 255 188 32 212 196 214 32 255
    108 255 84 255 48 255 255 121 255 255 255 255 142 173 78 255 238 10
    26 133 138 255 105 50 255 180 56 255 255 255 132 255 255 255 255 255
    248 200 190 255 6 255 194 105 255 255 255 120 120 255 248 228 153
    132 228 255 255 178 255 255 108 255 164 244 255 255 100 255 255 255
    255 202 170 255 238 42 137 186 26 79 14 182 73 255 10 255 108 210
    255 54 255 69 255 26 255 255 255 255 255 110 255 66 86 202 255 255
    255 255 190 255 134 255 255 86 255 255 255 255 255 198 128 44 255
    120 113 255 255 89 196 0 255 242 128 255 255 255 255 242 106 255 44
    222 255 255 110 12 36 255 255 6 255 69 255 255 210 24 255 255 255
    255 177 255 255 8 46 255 230 72 255 255 226 238 255 255 255 6 52 34
    255 224 255 250 86 50 255 255 164 255 134 255 255 144 255 255 255
    255 255 255 86 101 255 255 95 255 255 255 255 224 255 255 255 99 255
    146 255 255 255 255 62 144 255 80 184 254 255 168 255 255 255 169
    192 218 255 80 255 255 142 255 255 204 255 131 255 180 255 255 8 230
    255 224 255 255 255 20 255 96 255 255 255 255 255 168 236 52 255 255
    138 255 103 58 255 255 255 255 255 255 14 255 52 200 48 255 148 228
    255 164 125 255 255 8 168 8 147 255 255 137 255 16 255 170 136 165
    255 255 192 210 184 255 140 232 255 10 255 255 150 154 121 255 152
    32 255 255 255 255 36 255 255 162 255 110 118 255 148 120 149 255
    255 255 38 226 58 255 162 255 120 168 255 255 134 255 196 255 131 24
    255 224 112 255 44 255 255 85 214 200 180 128 202 4 174 255 61 255
    255 242 255 255 250 255 255 190 255 255 240 255 192 214 255 255 255
    26 255 40 16 255 127 64 255 255 255 255 22 124 218 196 222 255 255
    255 8 255 255 255 255 255 148 141 255 136 212 255 96 121 110 112 255
    255 255 190 24 186 63 22 136 109 255 226 255 255 255 0 90 128 24 255
    255 137 138 82 232 140 255 188 160 255 255 255 255 255 86 255 255 52
    44 255 96 255 255 255 170 255 255 212 50 255 110 234 110 255 123 255
    162 255 255 255 6 255 255 255 132 255 48 236 28 255 255 255 218 130
    255 18 76 255 255 255 174 255 184 172 255 255 154 255 86 78 244 72
    255 255 255 30 58 170 222 255 255 200 255 14 30 163 10 255 255 58
    255 255 202 80 167 178 194 149 202 36 255 46 108 255 255 102 255 166
    255 255 255 255 255 255 255 56 18 255 137 58 140 255 255 255 255 255
    246 255 214 242 255 202 255 210 255 255 109 228 44 159 252 255 255
    255 255 202 94 255 32 255 24 255 112 76 202 240 255 255 160 255 255
    255 72 24 255 158 202 158 255 255 128 72 121 234 212 255 44 176 214
    255 90 182 255 255 255 255 255 255 8 34 255 26 255 214 255 6 255 132
    184 255 255 255 133 255 255 167 48 255 255 202 255 81 255 255 255
    122 255 255 255 104 14 255 92 255 255 102 255 216 255 26 255 255 131
    255 255 255 60 174 54 192 224 255 255 170 255 255 255 198 255 255
    255 74 134 255 255 255 115 255 150 255 72 106 255 14 255 255 255 255
    141 34 230 255 200 154 255 70 255 255 255 48 32 255 14 255 150 255
    255 228 255 255 255 255 50 222 52 255 255 10 155 255 255 46 255 255
    12 240 255 255 182 46 255 48 166 255 255 255 222 255 12 255 178 255
    255 255 2 81 122 210 255 220 112 95 255 4 255 255 255 255 10 62 252
    255 255 85 96 255 145 255 255 230 255 255 255 50 60 255 136 48 255
    96 255 192 184 255 228 114 255 50 255 244 6 244 74 255 164 166 93
    255 255 254 212 42 127 255 88 222 255 62 52 255 255 44 255 255 255
    126 10 52 255 255 255 255 96 255 255 208 255 6 255 115 255 255 255
    255 255 113 255 255 190 0 255 255 14 148 255 236 52 22 255 138 238
    255 255 255 4 170 255 255 255 255 248 48 255 255 255 204 152 255 117
    4 255 255 112 255 255 255 255 10 80 32 32 255 182 250 186 255 117
    172 196 143 84 255 255 255 255 54 255 16 255 174 90 109 255 220 255
    110 255 255 190 86 87 255 60 255 255 255 107 255 255 255 196 38 73
    255 90 22 255 255 121 255 255 2 42 255 255 194 255 226 255 255 255
    255 255 255 98 194 255 255 255 69 30 188 32 255 255 54 198 48 87 255
    255 255 130 34 255 255 194 67 255 36 255 94 20 255 255 255 52 255
    255 255 230 38 190 255 255 255 244 255 54 255 255 28 204 255 157 255
    255 255 255 255 238 146 106 255 238 252 171 255 180 255 34 148 175
    255 255 255 174 255 208 62 30 255 146 214 255 192 74 107 176 6 242
    226 255 255 88 60 16 216 255 255 255 255 255 255 186 26 230 160 255
    255 255 255 255 34 129 152 92 244 190 255 200 240 255 255 252 138
    255 218 98 107 122 56 95 238 255 255 180 60 255 46 68 161 142 255
    255 92 94 255 255 255 255 255 255 255 255 255 255 255 255 224 255
    232 255 255 118 255 255 70 44 255 140 255 255 4 93 255 218 255 255
    62 71 142 255 255 4 234 65 255 10 36 255 222 77 255 160 255 162 255
    255 210 122 255 10 112 28 255 255 248 40 102 246 255 70 228 138 148
    252 152 216 75 158 255 255 255 160 255 255 102 255 255 180 255 100
    162 214 255 136 73 244 148 226 62 200 255 194 156 255 255 48 12 78
    255 24 172 255 250 255 255 255 142 164 255 255 255 255 255 255 255
    64 255 32 194 168 255 30 40 198 255 255 255 255 255 36 254 58 65 255
    114 77 98 255 200 126 204 250 255 86 255 255 255 255 255 255 255 232
    156 255 64 255 77 248 255 115 0 254 232 255 34 255 250 70 141 255
    255 40 255 10 255 255 255 38 255 88 220 255 110 236 255 90 255 4 194
    255 144 158 255 190 112 202 255 176 255 255 216 228 232 166 255 240
    174 186 40 255 222 52 92 255 182 255 255 252 255 79 255 168 81 184
    26 204 206 212 147 255 255 255 180 196 255 255 98 198 4 102 200 228
    44 127 160 255 255 200 255 117 255 202 255 160 255 255 210 255 123
    164 78 4 255 48 155 220 255 22 255 255 141 255 248 22 255 242 24 180
    144 36 4 255 255 255 96 255 244 255 248 255 130 192 34 110 255 255
    192 255 255 100 255 216 255 255 26 255 255 255 204 115 255 255 255
    58 234 216 6 255 99 255 74 255 208 46 255 62 255 91 206 255 255 255
    255 216 255 126 83 255 255 161 238 94 255 222 255 255 255 170 255
    184 188 255 255 194 255 255 252 255 222 255 255 56 30 107 32 110 255
    255 255 58 202 255 52 78 255 222 255 255 255 255 255 255 255 255 255
    255 122 26 46 255 255 255 255 255 255 255 101 255 255 26 255 58 54 0
    255 255 255 255 255 255 96 184 255 255 255 52 255 255 210 182 255
    255 168 192 226 255 255 48 162 244 255 255 147 255 174 255 255 142
    54 255 255 46 56 255 255 50 52 255 255 255 255 170 164 127 255 240
    67 234 255 224 255 40 255 148 110 145 255 255 255 255 34 255 255 255
    255 30 255 240 206 255 93 80 232 255 255 255 255 232 78 77 255 56
    255 60 66 255 230 204 95 255 255 32 120 255 119 120 34 250 255 255
    255 68 22 40 255 60 129 255 255 186 255 110 255 255 86 255 255 255
    240 202 76 109 58 12 222 255 255 28 158 255 236 255 146 255 66 255
    81 48 255 255 255 220 255 156 242 255 2 255 190 86 255 46 255 78 255
    160 210 167 146 4 255 255 16 255 246 255 169 132 255 22 255 174 255
    255 200 151 254 255 255 32 46 177 34 34 186 255 255 204 255 255 141
    170 102 65 255 54 26 255 138 255 255 255 255 74 255 135 234 86 186
    160 255 255 2 40 255 255 255 87 46 252 255 222 255 71 200 255 79 255
    182 255 255 134 255 114 34 255 192 102 255 255 255 255 255 255 71 90
    255 255 6 32 165 255 118 255 48 255 210 176 222 22 198 255 255 255
    172 255 18 66 177 255 255 255 236 118 255 62 102 255 255 170 190 255
    255 255 255 182 255 255 62 255 60 255 46 42 240 255 255 255 255 255
    146 255 192 255 254 255 72 255 255 28 196 255 255 255 12 255 255 255
    255 127 255 98 81 255 216 255 255 255 139 255 14 222 238 100 255 60
    255 255 255 246 135 255 170 73 114 80 184 250 126 255 192 206 184 12
    130 16 255 255 255 255 255 255 212 52 54 58 255 255 252 255 208 255
    206 32 255 2 255 106 94 255 255 210 255 255 255 255 255 255 255 196
    255 255 102 88 255 48 182 255 255 255 194 255 255 34 44 255 175 255
    255 255 255 66 255 255 100 117 255 136 255 255 128 255 62 255 210
    255 255 224 94 102 255 255 255 255 255 255 255 255 255 255 255 150
    83 255 255 255 82 178 255 255 255 127 248 230 255 186 255 255 88 255
    216 255 108 255 202 255 119 130 255 255 255 4 16 255 255 255 234 162
    214 255 255 255 255 255 48 48 255 255 255 255 255 255 66 255 252 48
    255 170 255 186 255 255 255 255 255 151 255 154 36 255 162 115 255
    50 24 255 210 255 158 210 255 204 255 107 184 255 208 255 116 255 16
    255 135 0 255 151 194 152 58 160 78 255 255 255 255 248 244 255 255
    255 131 255 255 255 192 72 255 116 255 255 255 255 212 255 90 255 52
    255 38 160 255 255 92 132 56 255 255 255 255 255 255 255 78 255 255
    42 169 255 194 255 255 140 40 255 255 255 124 116 255 255 36 123 152
    255 180 32 44 255 255 255 22 255 255 255 246 158 255 255 190 254 255
    250 143 206 255 255 228 255 255 206 198 255 255 255 255 255 255 165
    255 10 255 202 122 40 255 255 117 255 92 28 50 210 163 42 255 188
    255 230 255 255 72 255 20 214 129 148 255 65 170 255 255 255 255 255
    134 192 75 28 255 109 255 136 58 2 255 255 255 255 255 255 14 255
    255 32 255 255 176 4 255 255 255 255 240 255 255 255 255 255 214 115
    82 255 252 214 255 255 78 255 85 255 108 16 255 148 255 46 255 255
    255 26 255 180 18 177 106 255 255 255 100 50 255 64 173 102 202 123
    255 255 255 255 255 224 190 255 186 156 255 255 255 102 255 255 255
    255 146 255 255 244 255 255 52 30 255 255 255 255 118 44 22 200 108
    255 190 255 40 250 90 173 255 255 50 255 168 232 255 192 255 255 255
    255 255 16 246 255 212 36 255 36 255 12 56 255 255 176 255 255 236
    255 255 164 255 255 88 255 14 255 32 255 255 204 156 255 149 255 192
    255 255 34 255 212 182 16 255 172 255 255 188 149 255 255 89 255 255
    255 255 255 216 255 255 222 138 252 255 255 255 4 246 255 255 154
    240 255 88 208 81 86 255 255 138 158 99 52 130 255 190 102 255 255
    22 28 234 84 26 228 198 255 176 200 186 255 78 255 198 248 240 255
    140 157 255 96 218 10 255 121 255 255 255 255 255 42 102 230 255 255
    84 255 255 88 52 42 128 255 40 70 147 255 255 255 255 2 255 164 255
    85 128 255 159 170 255 255 255 124 255 166 116 113 98 74 99 152 34
    255 255 255 135 170 255 255 255 255 210 255 114 69 226 255 173 196
    212 214 255 255 255 208 70 141 58 255 255 134 255 255 66 255 255 166
    255 255 158 160 141 4 24 255 255 110 234 236 64 123 255 120 255 255
    255 204 255 255 50 216 255 26 152 255 255 255 176 255 200 10 255 255
    0 153 255 255 177 255 255 255 8 255 210 255 255 169 255 255 145 255
    255 255 76 255 212 50 255 255 242 255 210 126 236 255 220 34 255 58
    178 97 255 170 141 222 176 255 98 255 10 180 24 255 88 48 73 150 255
    255 255 170 79 100 255 177 54 162 173 255 255 255 114 255 182 255
    134 255 255 170 91 255 255 255 255 255 255 255 252 242 255 255 255
    255 138 69 255 104 255 255 255 182 255 255 184 246 255 252 202 255
    255 228 255 129 132 255 119 210 255 65 68 255 255 64 34 255 255 144
    111 255 255 255 40 240 196 255 22 255 255 255 169 255 162 198 82 255
    255 168 255 255 255 142 163 226 255 255 255 34 255 255 255 255 255
    84 214 172 120 228 78 255 240 255 255 123 106 255 206 255 255 255 54
    255 255 255 122 255 244 255 255 255 38 210 255 255 192 148 90 255 52
    255 255 112 255 255 66 255 255 108 255 40 170 255 255 255 255 255
    255 255 192 66 24 161 255 255 111 0 170 255 80 96 255 255 255 255 44
    208 246 128 204 255 192 255 255 255 118 255 255 255 75 162 8 255 255
    94 93 255 188 238 255 255 255 242 255 255 255 255 255 255 36 255 28
    255 56 255 255 255 14 168 186 255 250 73 255 255 255 120 152 188 255
    255 255 248 255 255 10 255 145 255 20 42 142 42 149 114 255 77 0 255
    135 64 255 149 255 255 255 255 255 4 212 255 184 255 255 255 50 166
    95 172 10 63 142 148 255 168 255 107 84 255 255 38 255 255 255 255
    252 58 255 228 84 44 255 255 255 255 255 255 255 162 255 18 170 184
    208 122 0 198 48 242 255 82 202 255 78 136 255 255 102 16 178 100
    180 255 196 255 255 255 255 148 255 255 180 255 255 255 240 255 210
    255 87 255 255 119 255 198 24 255 94 255 158 255 255 218 255 255 216
    166 255 255 20 255 255 32 255 255 170 101 255 255 151 192 255 216 98
    255 149 116 255 240 106 255 119 138 255 101 255 98 255 255 255 129
    255 255 149 255 255 129 94 255 255 255 134 163 255 186 250 255 208
    58 255 255 255 64 255 255 14 255 255 114 136 186 116 110 255 78 255
    255 255 192 30 100 255 48 118 255 255 255 178 250 184 122 42 255 238
    242 255 255 121 148 30 75 168 202 163 164 152 222 255 72 4 255 255
    255 255 255 14 186 226 255 216 250 255 255 255 236 118 132 46 255 8
    255 88 252 97 70 66 131 228 224 34 255 255 255 192 32 255 146 94 204
    236 255 109 255 255 119 255 126 87 255 255 4 255 244 153 98 198 255
    2 255 255 255 172 255 255 30 4 2 248 255 110 255 95 164 255 175 172
    54 255 4 62 255 255 255 208 255 114 255 255 248 252 255 255 255 42
    60 255 136 226 255 255 255 255 8 188 38 254 6 204 255 130 65 170 255
    255 124 255 18 255 255 255 255 160 255 182 248 255 250 255 255 255
    255 255 255 255 255 255 255 210 46 248 93 96 108 32 36 38 208 244
    255 109 255 255 18 255 250 36 255 255 255 255 255 10 255 255 194 226
    234 255 16 190 255 255 26 115 172 255 206 186 255 255 255 56 255 162
    66 255 224 212 255 72 255 46 2 56 255 168 255 194 255 255 73 255 240
    58 255 255 71 255 255 255 255 255 222 255 255 255 255 12 135 232 236
    14 110 255 255 255 255 77 250 255 153 54 255 255 2 218 99 242 255
    226 104 64 255 180 236 117 255 66 255 134 48 127 178 255 255 255 255
    99 255 50 255 255 255 255 166 50 89 204 64 255 255 255 85 64 255 190
    255 255 121 172 255 255 242 138 255 236 94 255 255 255 214 18 150
    214 255 136 255 68 255 255 36 242 163 255 70 147 56 255 255 162 82
    255 246 255 255 255 255 175 130 56 210 255 255 54 92 255 255 255 84
    125 255 236 123 255 255 255 238 102 153 156 255 0 255 36 255 255 100
    210 230 255 105 255 255 40 28 255 77 146 255 255 255 20 255 255 124
    255 255 255 255 255 255 255 255 116 56 255 150 222 116 255 208 86
    255 255 54 144 255 255 255 244 255 255 255 148 176 255 255 192 91
    255 255 255 255 40 190 90 146 24 80 255 255 42 140 16 226 255 244
    255 255 255 250 255 18 56 38 67 198 100 255 118 255 255 106 255 232
    70 255 173 255 255 255 248 255 255 104 255 135 255 255 255 12 255
    255 96 30 255 255 255 255 60 232 255 255 184 255 190 134 255 255 204
    218 255 164 255 106 255 255 246 232 255 208 2 248 44 6 255 228 82
    232 255 210 44 10 255 255 255 26 50 255 128 255 255 50 255 230 144
    159 255 255 255 108 255 67 255 255 71 218 92 255 212 255 42 44 255
    255 168 40 220 255 255 93 108 200 255 132 48 255 156 255 255 74 108
    255 158 255 255 172 236 255 255 255 93 18 40 123 36 22 186 255 80
    255 255 255 167 158 255 255 80 255 133 128 255 167 255 232 255 2 54
    255 4 160 139 250 255 186 110 40 137 255 202 131 255 255 255 255 62
    255 255 255 255 72 255 255 94 255 255 212 255 10 48 255 255 255 16
    255 255 255 169 255 255 83 255 228 192 32 12 254 112 36 171 255 150
    230 182 255 42 126 255 145 156 30 255 166 255 255 255 160 255 255
    255 145 74 255 198 255 255 255 255 255 255 78 80 73 134 88 242 255
    106 254 184 255 255 255 255 255 86 242 34 255 255 255 255 246 143
    130 255 255 255 192 97 255 255 36 255 255 36 255 255 135 255 98 83
    255 255 111 255 226 255 255 86 255 255 255 85 164 255 255 255 160
    157 255 255 202 206 204 255 255 255 255 255 255 255 255 196 255 142
    255 255 255 255 255 82 52 83 250 8 255 255 255 18 255 255 173 255 62
    255 202 255 40 228 255 255 30 255 255 255 255 255 92 202 109 246 50
    255 60 255 24 255 24 127 20 72 186 42 255 137 70 134 61 84 226 228
    206 18 101 255 255 255 255 255 255 228 255 255 255 210 255 255 255
    255 2 255 255 255 255 255 255 8 255 255 136 87 255 255 151 170 86
    155 255 255 127 178 255 255 200 42 196 136 255 230 255 255 196 24 80
    40 255 180 206 118 255 20 114 190 255 255 110 210 255 255 255 210 62
    255 2 255 12 50 88 255 144 255 255 18 255 255 170 94 63 196 148 65
    68 255 196 196 92 255 68 62 255 255 255 141 255 255 48 180 255 255
    38 255 119 202 138 123 255 255 204 92 100 255 255 124 119 102 255 40
    255 255 255 208 136 77 255 255 255 8 255 255 255 210 155 255 248 190
    255 255 255 255 255 255 158 254 255 24 222 99 255 255 255 255 122 46
    255 255 255 38 255 85 168 255 42 62 214 109 92 255 248 228 166 255
    202 255 67 92 255 151 255 255 255 255 255 255 38 110 115 106 255 255
    44 24 224 255 255 255 255 255 99 255 246 111 244 70 255 28 255 52
    230 74 255 220 255 127 255 136 220 46 255 242 98 138 109 255 226 255
    255 255 255 84 34 255 4 196 255 255 255 255 72 180 220 94 78 141 186
    48 56 255 184 127 222 114 255 255 255 240 255 212 159 50 150 255 132
    255 255 42 255 20 255 158 255 126 255 36 255 30 83 255 234 255 152
    186 54 254 255 255 255 255 255 255 190 255 186 186 56 182 255 198
    176 122 123 255 152 255 224 2 255 255 255 34 255 255 255 108 255 180
    224 255 255 20 158 63 255 88 255 250 255 248 255 255 224 248 228 255
    255 66 26 255 116 81 255 255 252 255 176 40 52 200 255 252 196 255
    136 106 163 255 216 255 218 166 255 130 255 255 255 255 255 255 12
    255 144 255 105 176 255 255 255 255 190 198 38 255 255 194 177 136
    255 111 255 255 0 255 255 91 255 255 226 8 255 44 184 78 255 255 202
    50 255 88 255 255 110 255 98 255 255 72 255 224 208 255 255 255 255
    255 255 255 255 255 255 18 22 255 255 82 255 255 216 255 255 255 52
    175 255 255 105 74 164 4 255 216 255 32 255 255 255 38 255 78 255 91
    255 68 198 255 242 244 255 255 121 255 255 255 164 174 139 255 72
    240 156 255 255 176 166 204 255 246 216 18 14 255 255 255 210 255
    255 255 180 142 255 255 255 167 255 196 222 255 130 255 255 36 255
    52 255 38 12 160 161 112 194 255 255 255 255 255 255 255 32 50 255
    255 255 36 255 144 67 194 162 255 255 94 240 150 90 184 40 255 246
    56 158 255 255 130 255 46 255 139 255 255 83 60 34 212 255 255 255
    212 48 220 255 34 255 255 255 208 236 255 151 224 54 255 255 255 255
    255 255 255 255 255 255 198 255 255 120 255 255 246 255 69 92 112 44
    255 130 255 255 170 255 255 24 153 255 255 255 12 70 188 220 88 255
    255 90 28 255 62 255 255 150 218 86 212 4 72 106 44 255 255 230 255
    26 255 72 112 242 255 255 242 255 255 255 60 254 255 255 255 255 130
    255 157 240 34 171 255 172 255 255 138 255 134 170 255 8 146 169 255
    114 129 255 130 255 255 170 236 255 255 163 80 70 2 52 255 75 255 84
    255 255 255 255 255 0 255 255 255 101 176 66 204 255 178 192 255 142
    190 62 255 255 154 255 238 162 58 109 255 42 242 192 74 255 242 255
    79 255 255 206 255 255 155 94 80 143 255 252 255 86 236 255 255 56
    255 255 255 32 158 255 232 255 255 255 255 255 242 222 255 2 134 255
    255 252 255 38 72 38 255 44 212 67 236 236 206 255 255 157 130 114
    255 148 84 255 255 96 255 255 120 255 132 66 28 56 164 180 238 255
    255 255 255 255 255 176 255 208 132 255 255 48 188 120 242 184 255
    255 255 254 130 255 14 255 12 158 255 4 255 156 234 96 6 135 182 255
    255 228 104 18 236 30 129 255 106 167 228 210 255 255 182 255 66 255
    42 156 196 177 255 255 141 255 206 6 255 130 87 164 255 255 255 255
    255 156 255 214 132 122 255 14 62 255 76 255 255 255 255 107 198 255
    103 104 255 119 255 255 133 255 255 255 255 255 173 255 2 99 255 200
    255 255 228 14 255 38 58 255 255 54 255 228 255 255 255 8 255 255
    255 208 255 6 152 255 173 174 68 103 94 255 255 255 255 255 255 255
    127 66 198 255 170 255 255 255 236 255 116 255 255 255 148 255 255
    44 255 86 255 255 255 192 255 255 14 255 255 255 255 138 250 202 255
    54 89 66 255 0 136 8 255 255 34 103 255 158 204 255 126 224 238 72
    255 226 78 255 86 255 255 255 58 255 255 255 255 255 6 255 20 255 32
    222 255 255 110 160 81 255 34 255 140 255 226 224 84 255 255 255 255
    255 255 26 212 255 214 56 255 255 14 34 218 255 255 255 134 82 255
    255 255 61 52 210 212 255 90 113 8 255 255 166 94 2 164 166 248 30
    150 54 188 124 255 190 255 133 255 255 255 255 255 255 42 255 67 255
    246 255 4 30 139 58 255 255 128 4 145 10 255 255 110 116 255 230 236
    255 12 255 22 26 124 56 255 212 230 255 255 255 255 255 255 255 255
    255 62 255 255 255 222 255 90 255 255 255 62 101 255 255 157 164 112
    135 210 255 255 255 255 79 178 255 111 255 136 255 182 255 198 255
    250 0 236 212 255 255 154 255 202 182 95 128 158 255 255 255 56 254
    128 186 48 42 255 255 255 220 255 255 38 234 255 155 255 114 255 156
    255 255 104 255 216 255 158 255 255 48 246 230 0 46 0 255 255 255
    255 255 114 255 255 242 255 255 255 94 190 202 20 117 255 136 255
    242 255 255 255 255 255 78 255 238 70 255 137 255 232 255 36 255 127
    124 255 255 6 255 255 110 196 255 255 152 255 114 36 255 255 255 222
    255 70 230 152 255 255 255 174 177 255 100 0 255 114 77 68 192 75
    255 74 109 36 10 244 255 196 255 255 150 14 206 255 255 250 220 129
    255 62 77 255 24 200 255 200 190 14 255 255 46 255 125 255 80 255
    255 255 255 255 88 255 255 178 155 255 255 65 255 150 255 255 134
    255 255 200 255 146 80 255 220 255 113 255 240 255 152 255 145 130
    78 188 116 58 97 255 106 255 255 104 169 255 194 255 112 176 6 170
    90 255 255 202 255 255 255 255 255 255 163 255 180 117 22 255 255
    252 255 255 66 116 255 126 222 255 255 255 255 108 255 255 52 255
    255 255 66 255 255 255 255 8 255 255 188 255 255 255 255 255 255 14
    157 88 255 141 255 236 255 255 194 255 255 22 255 226 255 242 210
    255 255 255 255 75 255 84 210 255 158 255 164 255 75 255 255 255 56
    224 210 255 240 255 255 255 133 255 255 163 180 255 255 255 108 44
    255 82 119 196 255 255 255 130 255 44 202 24 38 255 255 122 116 159
    255 254 133 255 255 255 24 255 52 255 255 255 68 255 46 220 86 44
    255 255 255 255 124 202 255 255 255 255 134 255 152 0 255 255 232 44
    24 236 255 210 255 16 255 255 149 92 255 255 30 255 255 255 248 255
    255 138 173 4 255 255 255 66 255 255 108 18 222 136 54 120 255 255
    255 152 101 255 210 248 255 255 255 86 194 169 255 138 99 255 255
    255 14 255 206 255 255 255 255 64 101 255 26 95 28 255 255 255 255
    255 255 255 255 255 190 255 248 255 255 255 255 255 108 255 42 164
    255 255 255 218 50 255 192 38 226 255 111 255 122 141 255 255 240
    206 6 255 255 46 255 255 255 208 255 255 4 255 170 123 255 36 255
    255 255 175 198 136 61 255 255 255 14 255 255 30 255 87 255 48 255
    106 14 255 255 154 255 255 255 255 255 182 255 0 112 255 255 255 121
    156 255 255 255 10 202 168 255 255 255 255 65 255 210 255 255 255
    255 255 255 196 255 255 255 255 255 0 255 10 149 102 255 71 255 255
    255 255 228 254 255 210 255 52 255 255 148 255 2 255 198 255 255 108
    8 255 116 255 255 255 238 255 68 89 18 255 255 22 255 255 255 240
    255 234 168 255 22 4 255 154 14 204 36 255 36 255 255 63 78 255 255
    174 255 255 186 255 255 255 255 54 142 180 255 255 36 255 255 206
    255 210 255 255 255 255 255 255 255 95 255 255 79 255 255 255 255
    162 255 200 92 255 255 255 238 52 255 255 255 255 255 255 234 196
    212 106 54 255 255 218 160 96 255 255 74 73 255 255 255 255 255 255
    255 76 255 26 255 255 158 38 32 255 255 255 255 255 175 104 238 58
    255 110 212 4 202 255 12 20 255 230 174 222 255 255 255 255 234 255
    248 184 24 206 255 107 255 142 119 255 122 255 255 255 255 255 255
    107 255 44 12 216 132 255 248 254 255 70 255 248 138 118 255 238 242
    8 255 44 89 255 255 16 255 196 255 255 255 255 52 255 255 184 255
    240 106 255 255 234 255 255 255 255 14 255 222 255 158 160 255 255
    68 95 255 255 255 10 255 255 255 255 184 255 248 232 255 255 255 255
    255 255 255 56 141 112 22 67 200 255 69 204 255 254 30 36 255 184
    255 255 244 118 255 192 255 186 206 158 194 164 255 10 255 68 218
    218 255 255 42 170 255 255 255 255 22 116 4 68 255 0 92 255 255 86
    244 200 114 255 255 255 146 255 255 255 42 126 186 255 255 174 20
    176 255 180 218 255 255 255 255 65 44 255 255 255 255 255 110 108
    255 232 106 105 255 194 255 255 255 255 255 196 255 18 152 141 255
    100 255 255 255 101 255 255 65 134 255 255 255 255 255 252 222 255
    108 116 255 255 172 46 236 255 255 236 146 202 20 255 4 36 34 73 16
    255 36 255 255 188 255 255 99 255 232 194 208 218 10 72 106 188 255
    255 169 160 255 107 255 186 167 255 255 255 255 218 234 255 255 255
    200 255 240 255 238 95 255 255 212 42 108 255 208 255 255 255 255
    125 255 80 255 255 255 255 255 255 10 255 38 79 255 255 255 255 186
    206 254 255 93 255 86 109 96 255 255 255 240 22 250 255 255 255 255
    252 255 130 255 255 255 255 82 84 117 168 224 255 255 255 61 0 108
    255 255 255 255 255 162 26 90 162 255 14 6 255 156 252 190 255 198
    255 255 254 255 255 186 255 255 255 255 48 255 255 255 255 255 136
    156 255 46 255 8 236 255 16 198 254 93 178 255 255 38 255 188 255
    255 200 116 18 255 255 255 248 148 255 105 255 255 50 82 255 71 255
    255 159 255 0 248 66 255 255 32 76 93 255 255 255 255 194 214 255
    255 255 108 44 255 255 255 255 255 8 77 224 255 255 94 255 107 124 0
    255 162 255 56 50 255 255 255 255 240 255 255 255 60 255 255 116 255
    194 255 104 255 200 255 246 255 255 141 120 255 117 190 166 255 255
    202 255 46 255 63 80 136 246 255 255 255 255 118 255 255 255 200 255
    238 101 60 255 151 134 255 255 255 255 255 42 255 255 255 255 73 255
    220 208 188 76 4 255 118 255 180 255 255 12 255 255 255 118 255 102
    255 91 10 255 204 255 162 255 20 234 255 255 255 255 2 255 255 255
    255 255 62 255 255 0 255 255 255 214 255 255 255 95 255 255 61 255
    255 255 136 14 180 255 122 255 158 255 18 134 255 246 184 255 4 255
    242 248 255 20 24 255 244 230 255 255 255 255 255 52 255 255 125 255
    166 107 255 242 255 255 255 6 150 255 121 6 222 157 34 40 206 255
    236 165 255 74 97 255 255 255 255 255 214 255 255 255 136 255 255
    160 255 255 255 255 255 234 90 40 222 40 255 255 160 255 255 255 89
    255 255 255 38 40 4 126 142 137 255 98 56 255 108 212 34 2 196 66 20
    255 210 255 107 30 255 255 172 255 42 255 156 255 150 190 255 255 26
    40 255 255 255 124 92 121 255 250 255 36 255 127 255 52 255 244 94
    255 255 255 255 96 136 255 255 255 115 255 255 255 255 255 206 255
    255 252 255 32 137 255 30 173 255 255 36 138 110 147 255 18 255 255
    50 255 255 146 255 248 78 255 255 255 255 255 255 149 80 255 255 254
    168 252 255 255 14 194 32 8 70 104 255 255 255 228 54 255 255 255
    255 255 46 158 255 210 150 255 144 255 224 108 204 32 255 255 255
    255 162 63 146 152 99 255 218 180 255 255 252 255 224 149 114 242
    255 210 255 135 255 122 255 98 255 58 255 220 131 255 76 255 255 104
    44 255 255 255 255 176 255 255 96 255 176 255 255 255 255 186 255
    255 255 250 255 255 94 255 255 255 255 255 255 255 38 255 148 131
    255 26 73 54 255 246 255 255 232 10 140 123 255 255 255 255 126 169
    56 255 255 255 255 255 255 255 28 206 208 196 74 188 255 255 255 125
    255 184 255 255 255 255 174 255 255 190 255 255 108 255 255 255 126
    255 255 255 30 255 255 255 104 240 44 212 216 255 208 255 123 162
    255 188 255 255 255 178 255 255 186 255 255 24 164 255 248 255 246
    255 255 65 255 104 226 240 255 255 255 194 255 255 255 244 30 255 0
    168 92 255 200 255 244 255 232 255 238 255 255 255 255 24 255 110
    180 255 255 186 130 255 255 255 252 248 255 108 255 90 180 255 140
    134 56 255 110 255 104 186 87 255 255 255 150 106 255 255 248 255
    250 255 255 255 255 161 14 255 111 134 22 255 255 255 255 255 176 44
    255 255 255 30 178 99 255 2 153 30 12 18 255 255 255 46 50 230 122
    82 255 208 255 255 250 255 40 172 58 255 198 255 255 255 128 65 134
    78 91 255 200 159 255 255 123 182 255 24 255 56 255 255 36 117 255
    86 255 214 248 255 158 136 255 255 255 255 206 14 255 255 114 255
    255 122 20 255 96 255 36 80 255 255 255 163 255 110 255 186 130 255
    255 248 255 255 255 255 240 255 255 32 255 255 255 255 28 255 255
    255 255 220 255 212 116 255 220 218 255 62 255 255 255 255 125 146
    110 255 255 255 255 255 255 255 236 255 67 255 255 255 122 255 198
    255 148 101 170 255 255 255 0 117 250 142 85 255 190 107 156 50 71
    78 255 30 56 48 255 255 12 204 255 255 255 142 8 255 255 255 255 255
    60 133 222 255 255 202 100 56 4 255 69 206 90 255 255 180 190 206
    194 255 52 254 255 184 255 255 255 255 8 255 24 255 188 255 255 255
    255 69 255 255 255 255 255 255 255 255 255 255 255 190 94 200 123
    255 255 0 255 255 61 255 255 228 255 255 255 255 180 255 96 255 83
    255 255 79 255 254 255 255 255 38 255 255 255 255 255 255 255 110 8
    80 106 255 255 255 208 18 255 206 255 255 224 255 202 228 210 255
    167 116 144 255 255 240 42 255 255 255 226 228 255 255 255 255 246
    255 255 255 234 255 255 255 69 70 20 254 255 255 255 98 255 255 70
    255 83 202 124 255 255 255 255 255 240 32 255 255 255 255 242 192
    216 126 255 255 255 255 252 70 255 16 172 65 255 250 255 255 72 133
    255 255 255 46 172 121 36 255 255 2 214 65 188 255 255 110 88 250 28
    255 255 255 255 127 255 130 202 74 255 52 24 40 255 255 255 255 255
    255 255 255 66 226 255 158 52 30 248 95 32 154 250 18 80 71 255 42
    246 255 24 255 255 255 255 255 255 238 255 28 196 255 255 255 255
    255 196 255 255 65 42 142 218 255 255 143 255 194 139 220 76 16 255
    255 255 255 86 255 46 126 171 194 255 255 4 138 228 212 255 18 255
    255 24 255 255 119 60 110 255 24 122 0 208 96 71 184 255 159 255 255
    255 170 200 255 198 255 255 10 255 131 98 60 91 172 236 255 226 255
    153 255 255 8 246 70 255 176 255 77 255 128 255 10 255 123 236 130
    250 255 255 117 255 255 255 255 255 255 255 255 255 182 176 129 240
    255 255 208 88 255 38 255 10 150 255 255 182 106 30 166 255 255 206
    134 63 52 44 173 255 255 255 255 164 255 255 254 52 228 198 255 255
    255 157 74 255 157 255 48 99 126 144 255 255 255 91 40 255 255 255
    212 255 255 144 56 30 184 255 242 36 255 255 255 255 255 255 255 196
    255 175 2 255 180 68 255 38 178 255 255 238 255 254 255 255 255 255
    232 16 168 222 218 255 255 87 82 255 255 42 255 131 255 255 255 6
    255 255 214 28 255 255 194 255 40 255 171 230 255 255 138 24 255 182
    180 255 255 255 14 206 80 255 226 174 93 255 180 214 255 255 255 255
    255 230 22 12 255 255 254 255 68 246 255 255 255 255 12 220 255 62
    255 255 255 136 255 54 255 175 52 180 255 255 255 52 255 146 254 255
    224 255 68 148 255 66 255 40 136 255 255 76 255 255 255 255 125 255
    255 175 255 200 255 255 255 255 255 255 255 255 255 255 202 255 255
    140 48 141 174 255 190 122 26 255 12 255 255 230 255 141 255 255 38
    220 255 255 212 255 127 210 255 255 140 255 255 188 255 255 255 255
    141 255 255 202 42 14 255 255 255 255 255 255 255 108 255 255 255
    198 105 255 255 91 255 182 255 58 255 255 96 255 6 94 116 255 16 54
    255 255 255 204 170 255 255 248 204 255 106 255 167 166 180 255 136
    255 40 255 220 255 98 84 255 255 132 246 255 92 192 248 255 255 124
    200 149 255 34 255 142 50 238 255 255 255 255 255 255 255 34 167 74
    212 111 255 255 40 255 18 255 255 255 255 92 255 14 255 66 101 166
    255 0 20 255 24 26 18 234 18 88 255 255 56 255 234 222 255 255 246
    255 186 144 198 78 255 34 255 16 167 255 2 242 84 255 42 136 168 255
    236 184 255 58 236 50 255 20 255 158 255 143 255 136 255 140 255 143
    110 255 255 126 255 255 18 122 180 250 255 255 255 255 255 152 255
    255 255 0 61 242 255 255 255 255 255 255 76 255 40 255 255 102 246
    101 255 255 28 255 255 115 255 230 255 255 255 255 166 52 252 255
    255 255 60 255 36 255 255 255 255 255 255 255 255 145 56 255 255 255
    255 255 0 255 196 24 255 255 255 255 50 255 148 255 255 255 107 204
    126 54 64 188 255 6 210 111 72 154 255 255 60 200 255 72 200 255 108
    107 36 255 255 255 210 255 255 52 255 255 255 109 18 255 255 94 255
    255 255 20 255 46 255 255 255 255 255 218 255 117 255 154 26 255 255
    26 40 255 255 255 192 255 255 255 255 255 234 46 66 102 184 255 255
    255 104 16 255 255 255 255 255 168 75 255 86 95 80 180 228 255 255
    255 255 255 10 122 242 255 255 248 255 22 66 255 198 255 50 255 92
    255 134 164 255 26 255 255 252 255 255 255 244 255 255 255 255 255
    255 255 146 12 69 62 22 109 255 166 255 16 64 255 255 238 32 214 96
    255 224 255 123 255 68 255 78 255 255 126 255 182 255 64 255 44 255
    24 255 255 255 220 30 18 255 210 6 255 78 127 130 150 255 255 255
    171 144 255 218 218 154 125 220 156 210 255 234 18 255 255 255 96
    255 255 108 200 255 255 255 255 255 60 255 255 186 255 255 18 255 62
    255 255 68 255 255 110 255 255 226 255 255 255 255 50 16 255 255 164
    255 63 255 120 255 255 242 101 176 255 255 58 255 255 255 174 93 255
    106 206 158 220 200 255 255 8 50 255 153 255 255 10 255 255 255 52
    255 147 230 255 255 154 210 97 136 86 255 238 204 255 255 255 119
    255 255 143 140 122 127 130 255 255 72 86 255 255 255 255 142 150
    216 104 255 255 28 216 255 255 226 24 224 50 255 255 255 255 0 140
    255 255 255 216 10 38 255 160 236 255 86 255 255 134 255 232 220 255
    255 255 255 255 255 255 255 140 255 115 144 178 255 220 255 255 255
    36 255 255 255 255 255 130 48 255 255 255 12 38 87 12 24 125 182 182
    255 162 252 255 255 255 26 255 255 210 32 200 173 255 255 255 182 66
    255 146 78 238 252 170 169 74 255 196 255 255 255 116 255 250 255
    255 255 10 92 50 255 66 65 255 255 255 190 166 224 255 198 77 255 86
    2 192 168 255 255 255 137 255 255 34 255 208 255 255 255 255 148 255
    255 255 250 99 255 255 175 50 255 6 126 120 255 255 234 210 255 68 8
    255 255 224 255 108 255 234 26 255 8 102 157 255 52 4 255 255 255
    156 216 255 8 255 255 158 170 159 255 255 255 192 88 255 255 204 255
    255 94 255 102 255 255 102 255 0 44 255 255 150 148 18 255 144 255
    255 255 255 238 112 255 255 255 220 255 255 255 255 255 255 255 152
    99 82 78 26 192 40 255 255 194 58 255 166 165 8 255 255 255 108 255
    255 136 255 170 252 255 255 106 24 162 242 38 255 144 61 230 255 63
    148 156 255 255 90 190 222 54 255 92 134 255 34 255 255 255 255 255
    255 255 87 190 255 255 174 14 65 122 104 255 255 255 255 98 255 255
    255 46 255 170 106 155 118 208 255 255 206 255 72 255 255 80 255 56
    255 18 155 172 182 28 84 255 93 255 140 6 230 255 10 148 178 75 98
    255 58 255 22 137 244 26 255 255 16 255 255 128 155 134 128 255 234
    255 186 255 146 255 255 56 255 255 200 228 255 255 255 255 38 255
    218 255 255 114 162 255 230 255 99 255 40 255 254 66 255 252 246 36
    255 122 255 255 255 255 255 80 255 114 255 255 144 255 255 84 255
    255 232 255 2 255 186 89 255 255 218 255 255 56 24 255 83 255 126 81
    110 244 255 228 10 255 255 244 240 255 255 228 255 255 255 255 255
    255 180 188 255 128 255 177 180 255 34 255 255 105 182 138 145 240
    116 220 255 34 255 250 255 255 255 255 255 255 255 169 204 54 212
    255 255 107 255 255 255 255 128 255 44 255 255 84 160 255 36 120 255
    4 26 234 76 246 230 6 28 255 255 255 182 255 90 255 176 20 255 48
    255 222 255 250 255 246 255 255 255 102 255 255 198 255 244 255 255
    255 108 141 226 255 89 212 156 36 255 255 165 255 252 71 255 228 255
    72 255 246 255 138 255 236 212 255 255 255 218 132 44 255 48 255 255
    255 176 255 152 255 255 52 98 255 255 255 4 78 255 107 98 124 85 154
    255 117 42 168 255 222 255 0 255 255 69 80 255 255 255 102 255 166
    58 196 132 255 255 0 188 255 255 114 255 255 255 255 70 60 200 254
    198 255 255 150 255 255 190 255 162 255 255 255 112 255 120 255 127
    130 255 2 255 255 255 216 255 228 108 26 255 255 255 255 255 255 238
    255 82 255 184 112 255 58 140 255 204 218 255 255 160 255 255 230
    255 255 255 255 255 255 255 162 255 163 72 188 255 66 102 255 104
    196 38 218 136 143 202 46 255 255 10 255 255 255 255 255 166 95 92
    138 56 255 106 252 36 255 22 255 255 255 126 74 255 255 255 255 255
    255 161 226 76 61 4 212 173 255 255 255 50 252 42 98 200 71 255 40
    177 14 40 255 255 146 255 40 166 255 255 255 42 90 255 58 86 90 238
    86 32 255 255 144 143 255 255 255 106 28 255 255 158 101 255 255 224
    122 255 255 84 255 255 255 255 255 126 204 255 255 255 255 230 38 99
    255 255 255 196 118 255 206 252 12 255 255 147 255 255 255 255 50 63
    255 255 255 152 255 255 34 255 97 252 96 10 254 255 61 34 76 175 124
    74 18 138 46 255 255 255 255 255 255 255 255 218 145 162 236 255 122
    255 165 202 22 188 255 255 255 52 162 255 255 255 129 110 190 184
    255 255 255 255 255 220 80 255 226 206 255 255 255 255 123 92 255 87
    118 50 255 255 178 89 255 255 71 255 240 255 255 4 22 218 255 190
    162 255 10 255 160 75 110 255 255 200 255 200 255 255 255 255 100
    184 255 255 255 112 114 255 255 255 151 255 196 255 182 114 255 255
    255 240 158 255 255 42 124 255 62 158 255 42 58 149 255 255 147 255
    138 255 255 255 255 255 68 255 140 96 255 255 255 255 255 178 87 160
    52 255 250 76 255 130 32 145 60 10 38 255 255 202 255 182 255 255 60
    255 255 12 255 246 255 8 255 154 236 16 144 173 255 255 212 255 255
    188 255 60 129 96 255 155 255 76 208 26 18 163 90 255 137 255 162 69
    255 88 135 255 255 255 176 50 255 255 255 188 255 200 121 60 230 255
    154 255 255 62 255 95 255 80 28 255 255 255 216 202 133 220 255 255
    216 218 255 255 186 46 86 180 127 255 255 255 255 70 101 255 255 255
    255 255 52 255 192 58 50 12 255 226 255 255 255 126 210 16 118 48
    192 255 255 255 255 236 255 70 255 180 202 255 52 208 255 106 255
    109 220 255 255 160 255 28 26 255 167 255 255 115 42 34 255 110 144
    121 70 255 255 126 255 34 255 255 255 255 240 0 255 144 30 255 232
    255 255 255 137 255 50 255 222 236 67 255 80 255 255 98 12 142 8 40
    36 20 252 255 154 234 255 255 129 255 255 228 158 242 113 255 255
    255 255 255 255 142 255 224 128 255 234 255 122 192 255 140 255 170
    58 255 255 255 255 242 250 255 255 168 188 238 255 232 98 255 255
    255 154 255 255 164 121 255 8 50 12 94 67 255 18 255 110 106 139 255
    134 250 98 255 255 144 208 65 255 80 255 56 212 192 230 148 87 166
    104 255 156 40 255 255 255 234 255 194 250 190 160 255 255 152 255
    255 255 255 56 166 255 56 255 81 228 255 255 88 128 6 255 255 16 152
    255 255 218 24 255 255 178 255 114 70 119 126 124 30 255 14 255 255
    132 204 255 255 255 255 104 255 255 182 255 255 255 255 248 154 8
    250 54 163 255 255 255 255 212 18 255 255 234 255 255 93 255 255 255
    30 218 255 255 255 255 255 138 26 255 255 67 74 255 42 10 255 61 255
    255 255 255 202 255 255 212 234 255 12 18 255 78 255 242 110 206 178
    255 4 255 255 159 255 255 125 92 92 255 252 255 255 92 28 135 234
    255 242 38 88 255 255 158 40 118 108 91 138 255 230 255 255 222 255
    242 151 244 255 36 255 255 180 78 255 255 255 255 184 20 255 255 255
    255 180 126 255 206 152 130 255 218 122 255 255 255 54 255 255 255
    255 255 255 216 255 139 255 54 28 255 255 255 255 255 255 26 214 255
    166 252 255 12 190 232 255 120 255 255 216 175 0 160 141 255 210 173
    236 255 36 255 106 125 255 46 141 66 255 22 128 255 255 108 255 129
    255 255 101 255 255 182 122 255 255 224 255 255 255 255 255 248 255
    28 255 148 230 180 255 180 254 255 255 220 142 255 255 255 255 38
    255 255 255 128 131 255 130 75 255 26 255 255 255 206 72 68 255 255
    44 255 255 255 236 170 174 255 220 40 145 118 255 6 255 255 240 72
    255 24 255 255 255 192 12 255 56 255 42 206 255 42 255 112 149 180
    255 10 54 255 255 255 96 83 226 255 255 255 255 255 255 194 255 234
    28 255 255 255 77 255 255 153 255 196 234 122 76 71 255 255 255 16
    255 10 86 142 12 255 255 163 255 136 255 255 255 255 144 226 255 222
    255 133 255 96 255 70 255 24 90 110 196 66 255 255 222 60 255 100
    204 255 188 70 153 255 224 255 255 255 255 46 255 171 255 170 119
    255 255 131 42 198 255 160 28 255 198 20 255 144 255 165 255 90 255
    255 220 34 204 255 8 255 78 255 12 176 204 255 255 255 255 128 91
    255 255 18 24 32 255 124 196 255 190 194 255 255 148 255 255 6 121
    255 255 135 255 212 255 255 10 255 255 246 107 255 255 255 255 255
    52 255 255 255 255 192 93 255 210 113 255 232 255 255 255 255 226
    106 255 192 255 255 178 242 200 255 30 184 255 60 246 76 66 255 255
    255 255 60 255 255 255 162 135 36 255 69 255 20 255 255 92 155 255
    255 12 254 255 255 144 64 255 128 255 255 255 74 121 204 255 42 214
    60 255 82 108 34 255 255 255 236 255 255 255 248 255 255 200 38 192
    218 155 14 236 255 255 110 230 255 255 226 74 66 255 255 152 190 255
    255 255 255 255 255 255 255 255 255 255 255 255 100 255 12 252 255
    255 220 255 255 236 50 142 30 173 255 80 95 222 8 255 8 246 159 154
    255 226 255 255 255 255 246 255 255 66 255 150 248 255 255 50 87 255
    255 202 255 224 255 32 84 147 255 248 190 236 198 255 164 196 255
    255 255 255 34 255 56 122 10 255 204 94 194 255 255 255 14 148 255
    82 255 255 194 184 186 255 255 255 14 202 244 34 228 40 255 255 255
    255 36 255 255 16 255 130 255 184 236 255 242 255 58 218 255 255 16
    66 12 63 255 102 255 46 26 143 16 255 4 248 255 56 255 20 169 158
    255 200 255 255 234 18 255 255 72 136 255 192 255 71 126 168 228 255
    198 58 76 255 91 255 98 155 136 194 95 154 255 255 28 226 255 122
    166 255 255 255 184 0 170 255 255 234 204 174 142 255 255 160 255
    206 255 192 255 255 87 152 34 153 255 244 145 255 255 255 106 168
    212 255 255 255 156 255 255 255 255 252 255 30 107 166 130 255 255
    255 111 238 210 91 236 255 240 255 255 97 190 142 182 255 8 250 255
    255 169 190 255 141 196 255 255 250 154 255 88 255 255 4 158 255 255
    182 255 166 150 56 220 255 244 255 56 58 232 255 255 80 184 255 255
    255 255 38 54 255 182 255 255 122 255 89 6 170 255 255 255 255 180
    255 28 146 18 255 152 255 177 48 146 255 118 255 34 255 255 91 255
    170 143 134 38 255 124 255 255 255 255 255 220 120 109 188 144 24
    255 255 77 98 228 255 255 255 255 255 255 255 72 28 151 246 255 165
    72 40 255 255 255 169 255 106 58 255 180 40 255 234 246 218 106 224
    98 120 255 255 72 255 158 22 255 224 56 52 255 144 161 242 76 240
    255 76 255 82 255 73 136 255 255 32 255 255 100 255 255 255 255 135
    255 26 255 255 255 255 64 255 63 238 180 177 140 255 255 255 255 255
    255 24 255 255 255 255 255 124 255 255 255 119 255 106 107 255 255
    180 250 255 206 228 255 255 62 255 123 255 255 175 12 242 255 255
    255 40 255 150 255 255 122 73 255 116 255 255 60 250 255 24 56 255
    110 255 126 196 255 255 255 48 255 188 255 255 206 48 18 128 255 255
    218 255 255 238 63 158 255 147 255 0 208 202 255 255 22 24 255 255
    230 248 80 255 255 72 144 149 10 134 10 255 128 255 196 30 91 255 66
    255 255 255 255 255 255 255 204 88 135 162 168 255 30 255 135 255
    222 255 128 255 105 255 255 255 255 255 255 192 255 97 52 218 255
    255 112 255 94 242 38 6 255 180 54 255 255 255 255 95 255 106 218
    255 78 255 255 56 255 44 255 255 255 42 255 255 0 210 6 255 255 255
    255 255 255 182 18 255 255 255 255 248 255 255 86 250 255 255 255
    255 255 255 255 176 255 255 255 255 12 255 196 2 255 54 194 154 81
    112 14 165 212 255 255 255 26 133 68 8 85 255 152 46 255 255 149 118
    184 16 200 134 230 255 140 255 122 255 255 255 255 85 255 255 44 180
    255 159 126 60 255 222 160 123 255 255 255 255 118 255 255 255 255
    255 255 218 255 92 255 255 255 255 42 255 255 255 255 255 255 255
    255 86 255 58 172 255 147 146 255 24 255 255 255 100 22 255 198 46
    91 255 255 12 250 248 204 255 255 255 255 255 255 24 170 255 162 26
    255 255 255 255 255 255 255 72 255 255 255 255 58 255 255 255 216
    255 14 160 24 255 130 152 255 255 254 255 204 255 103 255 244 75 255
    255 234 255 192 255 255 255 255 94 246 255 40 90 255 255 126 255 255
    136 255 255 255 255 255 255 240 94 212 255 4 255 255 255 255 119 255
    255 255 186 98 85 255 255 255 244 255 255 255 255 117 255 94 255 212
    255 36 255 122 255 132 150 255 38 255 56 255 255 255 255 210 65 255
    82 97 255 172 202 255 255 255 78 255 255 255 255 255 255 255 255 255
    58 255 255 255 224 255 255 255 255 56 255 86 244 141 255 255 255 255
    218 255 220 255 255 212 34 18 130 255 175 255 255 216 180 128 255 28
    146 255 132 255 157 255 12 139 255 255 200 126 255 255 255 255 255
    255 255 255 164 255 255 56 216 255 96 120 234 168 255 135 255 170
    169 0 255 255 84 70 75 255 16 255 150 255 255 255 164 202 72 90 149
    255 255 255 254 255 34 26 255 230 255 255 58 234 148 255 126 252 165
    255 255 155 116 170 200 255 255 214 255 255 69 102 154 119 168 182
    30 212 255 255 48 80 255 196 140 157 255 4 129 255 255 255 108 98
    202 204 14 163 255 255 111 146 28 255 32 255 255 242 255 255 255 255
    177 160 166 46 88 148 255 255 40 206 224 18 255 224 14 151 184 255
    226 208 230 8 255 255 255 255 48 12 34 192 255 248 255 255 196 255
    10 156 255 214 255 48 255 255 255 87 160 255 133 255 255 255 196 255
    89 255 255 255 255 210 255 255 92 255 255 178 4 172 94 83 255 255
    255 182 255 236 2 255 255 200 255 255 255 232 255 255 255 255 255
    176 61 246 60 255 255 255 206 146 252 182 42 196 255 108 8 255 130
    240 169 52 255 123 202 255 77 255 212 224 255 255 255 156 0 255 255
    250 117 22 255 226 254 54 14 255 84 248 255 34 202 255 54 42 255 255
    180 232 255 255 255 255 173 255 174 8 255 255 255 30 176 255 52 255
    22 212 255 255 146 255 93 204 255 255 255 255 255 200 224 151 14 255
    255 26 255 173 190 148 255 255 16 153 196 30 255 188 64 12 122 138 8
    208 255 87 255 255 175 255 168 255 134 242 210 255 196 222 255 255
    99 172 244 255 88 250 255 255 255 186 255 224 255 244 240 255 254
    180 255 62 244 255 134 255 255 255 255 255 255 156 255 255 156 161
    255 255 34 255 255 255 6 255 255 255 200 255 255 68 58 255 78 255
    255 255 202 255 188 155 10 22 255 255 255 153 190 255 255 228 232
    255 248 76 255 26 255 16 56 214 192 192 255 54 212 92 255 255 184
    224 50 255 56 106 255 254 255 180 40 162 255 255 255 202 208 76 255
    175 255 124 111 255 228 255 255 255 169 255 162 255 128 36 255 66
    176 135 255 255 50 255 255 232 58 255 218 255 36 255 110 142 109 255
    255 129 184 255 255 220 146 99 255 255 255 196 234 255 114 255 255
    42 255 250 194 108 255 46 255 255 255 128 255 255 198 255 144 186
    255 255 255 255 255 255 255 255 255 255 255 255 255 255 248 202 100
    36 93 255 255 255 255 100 194 254 255 250 84 255 255 234 50 93 255
    170 255 62 18 196 158 232 255 124 255 255 255 255 141 138 56 255 190
    180 255 220 66 228 6 240 255 255 218 127 210 10 255 255 255 255 68
    255 255 40 102 255 70 164 255 120 56 255 255 255 255 248 255 255 182
    246 255 255 255 107 150 255 255 204 18 71 255 190 222 255 132 255
    255 128 119 36 86 255 255 186 67 255 248 44 255 255 214 255 255 255
    142 255 250 255 255 8 16 255 255 44 160 38 18 255 127 14 172 123 255
    255 255 0 255 182 214 164 255 14 255 192 255 255 255 255 255 139 4
    16 30 255 255 180 255 255 58 255 255 79 116 255 255 46 132 30 255
    184 255 255 255 255 255 255 255 255 54 75 162 255 255 126 182 194
    128 0 252 255 34 8 86 255 2 255 255 255 255 255 255 132 255 36 44
    255 255 68 94 255 12 86 28 254 255 255 38 255 175 166 112 255 186
    255 255 36 14 188 255 255 216 158 255 161 8 218 4 255 30 4 156 255
    147 255 255 30 160 98 255 74 12 69 255 255 255 14 80 255 118 255 200
    255 134 99 255 255 255 216 118 255 234 255 46 255 236 153 36 18 65
    180 255 63 172 255 255 255 255 255 156 168 255 255 255 248 255 255
    79 144 255 255 255 240 216 255 124 255 210 124 111 255 26 255 128
    166 226 255 255 180 182 132 255 255 154 255 228 78 171 255 44 22 90
    154 255 255 255 109 255 255 202 255 182 255 170 178 255 68 255 22
    255 255 255 230 20 255 255 202 119 24 246 30 255 122 255 255 32 6
    156 255 42 255 62 255 110 218 255 255 255 255 255 96 83 36 222 87
    255 255 255 10 30 240 242 46 255 168 255 255 255 114 105 255 255 255
    82 232 153 255 98 56 54 74 135 80 255 93 255 255 255 255 255 40 255
    230 255 44 74 255 238 255 18 255 255 255 255 106 123 255 210 255 166
    255 186 44 255 2 82 50 255 238 240 230 255 36 255 70 168 218 168 128
    255 255 208 169 255 30 255 102 255 255 255 255 255 255 226 255 255
    208 255 255 206 255 92 255 123 255 255 159 255 86 255 206 132 255
    255 134 167 202 255 255 255 110 4 255 255 87 196 208 255 210 30 255
    255 82 255 255 255 255 255 255 50 255 255 177 204 255 255 255 202
    255 42 255 255 178 114 105 240 255 255 255 255 46 255 255 255 255
    156 131 255 255 198 208 255 165 255 28 188 255 144 81 34 255 255 138
    242 255 255 172 255 255 238 212 255 255 255 90 2 34 166 255 79 214
    136 255 128 255 255 255 220 255 250 24 255 255 130 141 255 255 228
    255 255 232 120 255 255 255 156 71 255 255 91 108 255 218 255 94 85
    88 44 255 255 164 230 255 255 131 255 255 99 255 255 255 6 222 77
    255 234 255 255 194 255 255 144 182 255 255 101 146 130 255 255 255
    135 214 76 89 255 255 255 224 255 255 255 255 255 255 255 85 255 176
    255 255 36 255 255 255 173 255 98 255 196 54 255 108 160 255 220 255
    255 255 255 254 255 255 218 98 255 255 255 255 119 255 255 157 255
    122 4 140 176 255 208 255 255 255 132 75 255 255 210 74 86 255 255
    255 236 255 212 119 255 248 255 255 255 255 96 255 105 255 38 22 26
    255 121 184 18 113 198 255 255 212 104 161 255 218 255 255 255 255
    164 192 255 255 10 255 255 255 175 62 216 255 255 240 255 255 255
    125 30 136 255 130 142 255 255 22 255 144 150 255 178 60 208 78 130
    255 255 255 255 136 50 117 98 236 255 206 14 222 255 255 255 118 255
    255 32 152 255 255 255 255 255 255 255 124 234 255 255 188 188 255
    204 188 184 255 255 74 2 255 255 132 255 168 255 255 224 210 184 255
    58 255 34 255 255 255 255 123 22 255 190 255 128 255 198 54 161 255
    40 113 108 150 255 255 234 14 226 36 196 20 14 52 255 255 20 170 255
    255 255 255 255 234 244 255 255 250 165 134 150 255 170 255 255 255
    88 255 78 2 255 255 255 255 255 255 75 255 255 244 255 255 255 154
    255 250 255 60 255 228 255 255 130 255 255 255 255 255 255 198 222
    255 120 255 255 44 255 255 136 255 255 36 255 255 206 255 255 244
    180 70 12 127 255 255 40 112 30 79 128 255 255 252 255 255 102 255
    246 255 204 255 138 255 255 255 146 113 196 22 218 28 255 255 164
    152 210 56 178 255 255 242 36 255 186 75 255 255 255 255 255 255 198
    218 255 18 255 26 58 154 101 255 242 125 30 58 145 218 170 255 168
    38 255 138 236 255 98 255 254 196 14 255 102 255 255 255 28 255 255
    208 255 255 255 255 255 255 255 120 255 255 255 255 63 255 50 255
    255 50 20 255 255 255 255 148 20 248 36 6 255 255 255 255 255 255 68
    255 255 255 255 159 130 255 180 180 24 255 244 255 255 208 255 255
    255 255 167 168 6 220 80 184 16 255 126 147 255 255 232 114 255 67
    24 255 255 255 54 212 36 255 50 18 16 255 176 76 14 255 255 255 255
    186 36 76 255 255 255 255 255 255 255 255 255 226 95 212 108 255 166
    226 30 94 250 119 78 255 255 140 255 12 255 255 255 202 255 255 255
    255 113 255 255 20 232 255 255 64 255 255 255 255 255 4 255 65 228
    74 255 104 255 218 248 255 255 144 134 204 176 194 255 255 255 44
    178 255 255 166 20 255 255 255 255 255 176 255 255 255 85 255 255
    255 76 255 79 255 184 254 76 255 255 255 255 145 16 255 255 30 255
    109 255 255 255 255 102 139 88 255 255 255 118 255 255 255 121 58
    255 232 210 255 255 228 140 12 76 222 69 84 152 255 255 76 216 255
    42 255 255 110 234 255 120 255 168 50 208 255 255 26 255 255 71 255
    252 244 255 255 255 216 54 184 255 98 255 90 255 42 255 44 10 255
    255 255 74 236 255 2 255 202 255 255 255 84 236 255 255 12 255 255
    180 226 255 12 58 255 158 255 255 255 252 48 10 255 255 26 210 40 58
    255 212 255 24 14 255 91 255 255 121 16 212 255 255 255 255 64 6 206
    176 255 255 38 255 255 255 20 255 36 138 208 255 255 255 255 255 255
    255 92 255 255 255 42 108 255 153 18 255 65 255 8 255 255 238 81 255
    255 250 170 86 81 194 255 255 4 255 139 6 186 255 166 255 255 255
    230 255 255 255 167 255 255 255 255 255 6 255 128 254 164 255 141
    255 255 255 146 204 79 102 255 44 255 255 135 255 110 255 200 255
    255 216 255 255 255 160 99 36 82 38 255 168 16 255 255 77 188 98 133
    255 80 236 152 62 255 255 198 255 255 255 117 255 36 14 255 255 48
    255</data></your_img>
</opencv_storage>
