<?xml version="1.0"?>
<opencv_storage>
<L2_diff>7.9175157088571668e+03</L2_diff>
<test_img type_id="opencv-matrix">
  <rows>100</rows>
  <cols>100</cols>
  <dt>"3u"</dt>
  <data>
    216 136 104 97 176 186 169 31 219 189 152 175 109 95 252 236 179 83
    221 152 58 168 223 118 245 66 77 77 146 118 122 43 125 20 135 247
    180 138 31 53 226 44 51 184 131 220 124 43 116 117 3 219 180 44 70
    86 101 239 180 182 230 192 41 49 28 0 1 11 67 116 165 39 58 37 149
    23 243 251 240 24 98 35 132 170 219 232 37 128 81 4 199 197 166 242
    164 180 40 113 235 30 28 105 249 137 158 172 67 243 192 159 19 189
    125 72 177 53 159 255 17 78 214 130 192 38 160 162 124 196 93 81 182
    10 221 136 2 201 119 21 205 165 159 21 133 28 159 15 120 143 241 21
    132 4 153 227 19 171 124 34 211 158 104 237 254 28 224 90 96 126 177
    80 38 172 141 60 207 88 181 162 37 194 22 26 14 220 218 14 82 132
    100 8 253 147 174 65 13 19 115 159 62 40 193 66 226 129 252 223 44
    31 113 141 86 79 129 106 30 247 13 138 14 229 197 18 202 18 161 183
    192 53 121 216 97 219 214 64 112 26 5 102 220 138 220 53 238 180 98
    19 238 23 160 56 93 101 224 165 30 9 195 130 195 105 97 119 9 220
    126 195 247 0 7 4 169 219 1 32 210 183 131 194 214 29 243 84 26 176
    82 186 157 124 27 26 42 210 148 29 58 139 189 54 238 92 52 0 255 215
    162 229 243 211 215 33 167 221 224 56 15 180 106 163 167 193 165 180
    111 250 237 54 158 3 163 5 153 98 234 107 199 85 103 92 184 22 212
    222 118 7 245 233 4 143 147 227 50 111 237 232 219 249 67 149 210 35
    12 165 186 107 192 245 206 195 255 85 214 145 183 242 66 133 160 255
    238 168 105 182 202 111 233 22 30 2 243 14 200 127 233 58 115 115 64
    218 136 197 151 125 115 201 109 201 202 119 72 200 253 6 50 199 63
    232 34 179 155 56 216 111 240 82 49 192 177 53 133 234 192 234 229
    21 7 137 110 109 190 54 68 155 180 202 181 100 235 13 90 21 64 120
    100 31 104 249 225 192 108 16 80 43 16 20 25 13 255 65 173 207 162
    186 190 111 62 52 225 198 100 116 158 51 225 160 170 144 130 148 78
    100 227 48 199 86 225 167 209 188 189 5 162 16 169 43 41 135 120 35
    54 186 103 36 110 179 191 206 76 12 64 17 244 197 114 224 225 104
    207 78 162 222 174 234 118 201 55 209 28 4 180 134 238 213 100 206
    177 35 221 198 210 161 36 82 35 0 136 99 237 93 162 187 93 183 129
    52 44 225 208 36 151 121 251 115 174 156 180 31 88 190 239 164 239
    72 96 94 138 93 185 6 65 170 228 2 96 6 74 111 19 156 201 141 48 182
    211 189 138 24 8 41 109 108 216 45 230 99 255 234 4 220 170 131 178
    188 159 32 21 84 178 107 141 58 73 84 131 60 163 5 120 213 191 118
    169 70 11 161 140 91 130 53 0 132 29 68 120 176 22 195 45 194 182 84
    197 69 124 26 142 238 118 109 247 45 135 163 93 162 253 171 177 192
    40 121 41 69 115 8 45 9 212 26 101 133 25 238 100 82 116 241 134 145
    231 119 23 250 112 198 64 175 15 185 89 45 145 44 181 52 145 246 248
    186 208 68 223 237 150 154 212 198 126 60 171 61 236 71 230 84 210
    58 176 237 100 157 163 171 54 101 91 124 64 214 112 18 39 115 154
    141 251 116 11 115 38 82 197 103 35 125 99 211 167 69 133 211 3 6 58
    134 57 224 113 222 66 63 89 162 224 99 230 51 206 46 46 81 148 136
    237 78 229 104 61 60 63 79 219 14 127 221 33 39 115 230 163 56 138
    248 196 220 226 224 177 220 123 169 157 134 209 38 251 237 58 104
    203 243 190 186 76 236 196 47 98 216 221 128 175 242 200 49 232 249
    186 101 224 121 81 184 55 181 22 22 147 234 60 56 110 122 176 248 73
    66 216 221 24 92 52 69 51 79 177 180 222 172 54 201 239 28 215 74 26
    88 135 134 240 106 84 191 19 106 43 114 34 165 237 123 241 236 56
    192 208 91 86 197 9 196 119 237 228 168 16 77 41 151 89 202 33 251
    198 194 14 119 59 24 39 14 176 138 222 61 114 219 92 41 130 144 138
    51 133 29 102 65 58 149 29 89 75 96 142 20 64 125 172 141 198 168
    219 35 84 87 245 58 182 145 204 46 229 88 77 85 141 203 34 36 169
    135 126 224 85 79 9 241 186 33 168 187 169 242 30 192 64 45 157 158
    133 17 177 215 19 168 59 168 188 218 41 58 239 177 160 12 10 83 78
    45 50 233 224 58 51 138 52 36 220 221 25 222 190 204 234 47 164 134
    123 246 18 2 184 150 228 188 111 237 129 32 173 106 98 49 83 252 49
    245 232 133 216 152 169 21 27 86 190 205 61 119 98 18 60 148 123 3
    52 239 190 153 100 8 35 25 26 9 80 13 126 146 107 254 149 71 197 179
    162 159 197 60 198 130 165 179 134 44 178 63 39 97 92 215 37 65 139
    17 157 171 147 58 77 170 200 201 66 253 114 53 1 198 88 149 92 192
    29 16 9 18 4 42 66 255 249 110 78 215 118 237 200 60 183 51 129 164
    39 125 6 161 15 222 197 0 185 161 113 86 87 188 65 87 121 124 163
    201 29 241 233 71 245 239 12 121 139 142 84 102 231 211 4 228 130
    220 54 23 195 5 134 48 184 135 246 34 134 78 115 137 232 94 192 58
    175 41 153 80 217 53 36 100 187 90 204 176 31 188 50 204 203 20 206
    151 168 6 16 44 39 117 192 225 246 23 38 6 205 104 53 9 250 203 6
    108 255 170 153 68 7 160 163 160 72 207 133 249 64 58 225 220 196
    111 10 2 248 10 14 85 82 243 204 181 48 225 194 255 92 235 205 245
    166 227 183 63 67 111 110 94 15 45 158 236 20 237 221 99 230 208 185
    86 232 210 124 216 182 112 161 181 229 79 157 101 34 12 135 255 192
    45 223 131 88 34 115 175 179 58 80 148 121 126 5 86 183 45 185 99 77
    45 93 93 114 161 207 204 99 198 34 209 153 227 12 31 162 135 249 55
    0 31 45 30 117 205 7 120 97 116 208 185 46 86 106 239 185 26 253 242
    129 225 233 18 57 14 184 145 143 218 14 169 8 57 153 55 26 146 242
    217 123 246 73 172 90 38 211 248 38 157 76 167 221 254 103 151 115
    16 62 148 143 89 232 209 37 161 167 47 152 170 133 251 188 162 207
    237 206 211 54 182 204 247 90 232 36 205 71 141 189 151 80 134 113
    142 87 98 53 152 143 187 167 156 224 7 224 63 85 54 213 169 203 214
    50 11 189 126 178 65 79 16 91 235 52 95 3 52 75 82 249 7 29 93 117
    213 75 91 118 195 152 30 97 86 32 8 147 115 53 42 134 179 214 50 174
    16 184 42 55 133 194 181 33 93 19 141 135 216 37 147 214 90 61 252
    92 103 225 205 70 130 4 186 252 126 109 169 31 215 200 10 185 106
    246 179 57 242 225 216 224 199 9 92 234 4 30 99 201 242 232 185 88
    214 145 48 227 26 134 255 49 36 153 140 209 139 210 14 79 116 17 105
    21 187 121 16 112 90 40 128 241 217 22 110 137 137 194 185 178 191
    65 120 238 198 163 112 181 71 131 181 170 88 161 70 163 83 113 89 75
    24 96 19 114 226 86 228 33 210 206 193 96 173 226 24 49 62 119 8 73
    34 230 79 184 46 108 78 242 180 13 243 172 223 28 15 106 182 165 88
    199 212 193 46 144 192 202 67 139 143 42 31 25 144 30 234 144 62 75
    195 80 181 153 130 206 68 48 103 12 152 213 175 236 227 40 231 26
    160 83 57 79 40 189 10 242 84 2 61 53 207 232 170 137 244 109 70 127
    98 79 209 41 235 189 105 136 197 107 245 197 121 155 6 134 28 162 31
    5 48 191 200 245 175 241 142 205 137 114 116 63 48 212 227 49 10 95
    77 3 81 164 157 80 141 131 214 7 172 87 32 137 251 176 24 24 191 67
    38 184 79 101 16 201 95 44 213 90 173 35 215 178 88 76 219 230 33
    182 43 138 135 123 32 247 236 150 63 235 124 209 145 123 182 252 88
    201 189 28 210 63 254 69 21 173 41 79 75 132 154 105 124 37 107 100
    226 64 154 27 92 152 28 4 23 204 113 241 31 150 4 246 85 224 254 69
    15 254 49 200 182 247 196 120 251 14 105 235 248 93 199 31 33 164
    112 155 174 45 207 28 167 174 79 163 232 61 176 16 12 196 72 105 69
    42 203 47 65 229 91 20 250 189 150 230 88 42 159 81 200 207 218 72
    149 220 68 168 36 64 79 27 36 205 238 2 157 120 0 237 195 125 36 58
    68 118 223 34 247 169 148 250 179 69 35 133 44 2 96 89 110 60 134 72
    155 9 90 132 176 80 180 200 138 53 231 109 148 213 82 84 17 198 211
    173 147 111 210 55 252 102 27 21 81 40 11 26 215 171 109 205 70 29
    231 26 171 82 200 56 83 233 246 201 151 85 93 106 212 240 192 91 81
    37 252 61 114 105 48 238 162 209 212 165 138 182 57 53 1 186 157 162
    171 189 243 74 153 153 164 34 179 217 41 79 179 194 119 99 208 248
    201 209 177 205 192 104 137 212 155 155 104 177 140 184 131 163 151
    157 0 10 91 164 176 79 62 175 141 16 241 172 214 237 115 79 160 102
    223 110 236 220 213 71 130 196 97 236 132 234 118 156 8 115 11 149
    76 135 160 230 226 171 211 146 160 186 255 179 168 147 234 104 237
    10 40 149 158 77 218 253 80 219 16 17 64 215 82 158 182 182 198 65
    69 249 188 74 12 54 139 111 94 83 196 102 113 22 53 240 63 54 55 75
    50 99 146 148 49 82 82 140 131 194 33 147 73 192 217 27 132 224 129
    228 203 168 99 98 203 126 182 113 10 93 135 63 32 115 255 215 69 188
    250 203 166 252 9 237 125 120 191 225 204 105 178 129 38 104 255 147
    15 183 95 124 151 5 189 3 233 33 80 95 123 120 53 202 63 128 96 190
    144 61 244 28 68 183 101 244 154 59 168 247 34 239 131 131 72 201 39
    226 210 20 165 0 123 144 124 72 218 74 162 183 45 217 57 209 64 147
    100 71 18 89 131 182 185 140 60 141 114 121 76 121 82 117 247 43 154
    105 215 46 148 74 201 121 55 109 140 129 12 177 90 252 242 171 150
    157 234 164 165 33 195 234 165 61 41 97 226 96 181 165 73 49 99 195
    115 229 150 119 61 232 101 163 16 116 197 125 230 230 251 243 171 99
    178 14 191 118 48 171 154 244 17 189 52 114 50 92 142 199 70 78 68
    104 73 115 173 81 212 184 110 192 63 117 45 129 53 218 57 61 209 10
    244 75 122 115 133 180 175 233 139 141 98 200 244 91 103 80 110 10
    246 223 235 251 174 84 122 134 68 122 163 234 210 224 206 219 167
    117 60 62 69 4 28 97 161 212 19 194 227 192 202 233 208 149 147 166
    84 152 153 213 45 167 28 60 195 157 249 248 224 54 10 55 85 59 46
    140 74 182 10 130 250 59 15 77 78 153 106 87 182 253 94 56 173 52 98
    4 186 240 113 235 40 142 145 180 228 178 209 247 76 224 148 91 192
    168 146 233 219 189 11 183 124 4 70 116 121 211 124 138 73 172 47 98
    3 45 191 233 188 105 211 106 109 233 20 246 11 135 128 36 233 183
    148 243 173 214 170 36 193 171 120 216 188 236 47 127 44 115 154 180
    14 111 188 59 0 24 227 199 17 70 20 195 33 205 231 237 160 183 172
    31 14 131 213 30 50 178 46 181 98 197 240 138 10 181 140 188 156 150
    179 139 12 53 125 207 157 71 212 187 155 46 212 238 86 234 152 184
    31 25 91 59 70 208 232 117 116 39 108 238 52 34 94 171 27 65 231 202
    167 155 8 47 1 238 98 5 37 171 194 47 113 42 30 33 152 196 182 13 74
    226 175 248 159 232 227 40 236 137 37 244 122 144 136 198 17 164 251
    59 11 112 251 64 129 66 6 59 153 39 185 78 199 100 111 221 39 193
    162 155 59 94 97 44 176 179 175 82 75 101 179 16 59 165 209 236 10
    50 205 52 171 141 121 80 21 133 209 222 27 0 219 32 190 150 79 0 34
    168 5 19 17 229 232 62 75 182 79 111 125 81 18 238 40 78 238 243 29
    55 61 146 221 159 98 247 170 56 223 202 124 192 92 209 40 243 77 79
    219 168 241 159 250 111 137 182 177 195 75 161 213 110 52 235 241 8
    189 177 174 148 59 155 190 59 0 238 44 247 102 189 186 211 58 146 84
    216 157 120 113 33 76 235 125 200 173 201 11 47 65 104 114 97 4 71
    103 218 1 72 250 48 191 83 168 55 194 184 117 24 170 22 195 24 15
    186 240 196 33 49 15 51 247 165 176 172 188 92 97 96 103 54 100 4 28
    36 195 117 40 104 188 23 32 189 173 157 179 40 209 250 246 41 221
    179 139 127 160 36 24 134 55 57 42 18 115 24 88 232 86 212 207 162
    156 108 180 45 238 55 82 7 153 83 187 148 57 229 101 18 218 75 225
    80 197 136 159 53 233 206 8 153 154 3 179 57 213 30 175 34 48 72 34
    58 66 158 179 236 111 79 213 207 108 164 230 149 18 75 182 236 189
    113 241 56 140 189 120 147 26 139 176 240 103 248 23 167 87 40 191
    158 149 208 130 247 91 66 97 136 145 203 222 92 165 3 92 222 104 199
    170 92 67 52 1 84 172 86 155 221 36 222 95 0 85 244 103 120 66 97
    212 96 112 215 232 61 82 114 222 88 41 18 29 77 121 16 109 199 78
    177 47 136 255 31 3 183 38 201 79 199 13 229 185 165 29 158 80 20
    228 130 35 154 199 105 208 234 241 167 125 42 5 205 221 240 64 49 98
    164 225 46 52 109 67 171 241 146 31 49 14 170 113 104 162 96 70 23
    110 110 32 99 252 202 156 61 39 88 195 126 150 172 16 52 95 96 59
    191 38 140 116 96 112 10 139 221 36 130 144 219 113 142 170 51 255
    158 120 84 234 215 13 77 136 177 137 129 178 4 57 10 240 123 118 136
    233 107 136 48 30 228 186 113 15 176 246 25 145 227 178 179 249 94
    218 196 185 203 202 104 33 202 31 158 24 16 38 148 191 219 243 80
    188 0 44 35 142 3 197 0 178 99 31 202 45 199 84 2 66 163 105 64 76
    155 195 125 10 190 220 164 160 236 135 188 116 200 15 201 38 12 129
    96 88 62 16 61 77 96 251 159 6 101 57 252 71 102 236 83 88 129 216
    154 42 224 131 44 33 20 85 45 32 83 101 195 57 68 240 113 72 63 70
    29 29 73 108 16 13 95 7 183 86 181 43 12 16 205 123 2 195 141 224
    251 178 126 253 122 253 175 243 103 150 189 26 43 137 57 20 99 69
    206 141 187 189 221 93 37 170 144 205 33 2 148 11 63 227 16 246 109
    125 69 36 193 86 168 174 46 83 203 96 214 92 204 26 109 82 105 154
    218 251 204 189 5 104 201 111 13 146 96 106 23 134 218 117 78 6 53
    203 81 73 253 0 240 222 59 69 30 35 147 57 169 29 217 29 27 79 95 93
    196 64 231 61 222 198 219 3 70 249 38 97 247 171 227 9 79 12 100 102
    136 9 179 73 120 61 112 153 126 127 39 14 116 110 165 216 60 241 114
    12 223 135 161 63 131 250 205 119 28 175 221 33 209 223 113 185 117
    181 70 245 40 145 142 160 164 94 101 206 58 252 156 9 191 150 23 32
    41 54 139 138 219 196 151 106 225 139 76 251 20 229 209 54 89 15 102
    3 67 237 251 205 234 227 96 199 172 115 65 208 125 67 245 74 158 242
    99 68 233 188 76 96 49 62 182 231 15 144 156 170 83 89 54 18 86 128
    137 195 80 110 211 198 239 221 56 235 39 38 171 20 133 231 34 14 70
    101 171 242 19 87 203 140 233 223 156 227 247 178 150 233 57 215 153
    150 14 71 200 113 43 131 201 131 210 241 131 113 217 128 37 232 32
    225 197 237 28 251 199 23 223 52 98 22 100 236 56 252 243 149 244
    255 20 109 237 216 66 80 149 122 154 96 120 10 240 83 212 98 162 76
    248 42 33 206 9 223 65 254 226 92 237 202 120 203 93 122 151 139 169
    36 111 2 109 24 121 88 17 97 92 230 90 149 31 106 103 43 134 44 138
    102 72 125 174 95 158 251 106 47 127 168 38 146 99 19 232 85 39 174
    166 85 167 250 194 196 99 13 180 224 202 105 96 90 26 80 73 99 49
    246 224 120 247 43 85 38 70 25 85 254 29 15 127 5 244 55 147 32 146
    254 195 94 189 22 159 180 228 79 106 160 246 33 79 153 58 43 82 222
    243 188 221 221 153 0 31 42 109 239 61 215 195 247 173 8 19 98 82 79
    239 219 60 136 78 119 42 208 202 131 26 254 115 242 146 22 255 139
    53 190 187 6 224 180 176 140 210 59 129 94 87 145 74 92 183 234 43
    217 0 7 4 220 52 151 117 178 236 100 55 221 173 79 83 51 190 115 40
    67 248 105 222 1 192 220 210 170 157 204 170 140 246 70 22 164 72 50
    66 85 133 4 222 172 46 217 211 227 176 39 55 125 139 64 190 89 229
    181 5 24 3 49 242 23 7 142 114 167 158 206 87 170 187 155 151 39 250
    163 89 77 66 194 212 96 106 26 175 24 38 28 10 60 183 137 145 22 34
    207 50 144 73 209 86 71 205 84 31 33 184 91 165 36 221 74 84 83 91
    167 42 130 15 5 150 60 145 140 187 166 236 229 30 85 13 56 226 28
    200 57 65 82 245 230 30 132 107 82 148 154 163 63 30 214 131 123 205
    54 12 206 169 183 228 81 105 97 91 88 254 65 126 202 245 52 164 95
    233 67 140 97 209 131 211 216 53 2 68 139 180 44 208 114 201 184 195
    228 206 11 232 64 186 95 41 155 235 136 89 13 32 186 189 21 23 176
    53 19 79 244 239 53 81 220 235 160 193 189 166 99 69 98 112 166 27
    186 1 94 77 203 20 237 23 171 138 72 175 108 36 190 197 55 221 16
    130 186 18 127 18 10 52 27 39 246 148 149 156 216 252 232 20 34 22
    225 251 178 229 254 88 59 58 215 247 251 14 191 188 16 133 92 10 46
    53 10 37 123 15 85 21 42 59 127 213 210 60 223 222 108 180 243 63 77
    66 254 156 130 74 137 156 157 94 104 19 169 43 25 23 116 249 70 44
    245 180 47 7 211 136 18 198 2 255 160 235 192 72 204 141 118 102 219
    85 56 165 188 67 168 233 76 213 63 158 100 149 67 222 120 135 122 14
    8 52 61 97 78 105 133 19 34 165 108 51 186 172 102 172 222 168 114
    84 247 153 152 233 32 133 45 161 84 63 168 139 206 246 7 23 213 223
    224 206 72 136 24 143 6 61 254 37 168 230 196 44 242 173 19 141 173
    54 1 137 176 8 146 103 37 128 59 173 222 109 107 140 121 173 77 201
    236 104 16 88 68 117 128 254 104 148 127 175 188 121 195 109 104 129
    41 161 144 209 178 91 141 252 190 106 1 84 191 30 255 29 184 60 82
    191 92 26 16 149 171 165 253 98 217 27 155 242 175 60 57 232 215 96
    7 151 29 224 214 190 49 131 167 94 188 124 101 244 71 74 65 249 34
    48 190 248 200 254 29 254 122 33 33 235 71 119 175 98 83 110 118 188
    39 211 105 23 117 185 36 76 58 206 166 63 108 234 96 56 173 70 190
    60 132 130 2 40 243 131 245 193 6 119 55 141 132 214 193 205 190 31
    244 50 138 113 24 13 239 233 59 201 104 124 82 46 72 242 16 214 141
    175 254 118 52 206 30 191 207 90 34 243 93 195 187 98 31 20 139 143
    224 29 150 191 0 17 189 110 1 135 190 89 225 60 72 204 46 47 195 52
    149 49 73 125 249 180 221 241 61 74 106 106 213 39 106 138 145 62 41
    2 237 160 182 108 219 109 201 19 116 210 170 69 46 29 203 5 170 169
    24 200 34 146 7 209 43 75 54 192 250 167 120 115 79 110 150 108 46
    86 243 135 176 197 115 152 215 45 30 100 97 214 166 184 91 233 96
    214 186 166 123 34 30 104 247 49 118 254 191 113 176 158 101 208 163
    107 244 107 186 72 95 236 116 72 78 147 225 133 214 32 60 141 94 183
    137 171 235 187 97 174 18 27 170 40 68 224 164 33 122 234 85 75 157
    100 174 47 146 135 105 113 137 129 183 56 136 90 244 52 231 241 5
    207 88 156 250 229 85 40 169 104 109 43 35 165 115 162 123 186 26
    199 22 27 246 198 30 194 147 173 243 220 40 130 15 185 41 83 11 216
    26 243 37 180 242 3 101 139 254 27 184 153 136 177 178 174 53 242 42
    243 157 82 203 183 106 193 84 39 81 6 108 75 156 106 188 228 249 208
    29 114 221 158 16 128 144 207 33 13 41 155 54 167 20 236 245 153 56
    66 249 56 249 153 108 191 66 226 79 205 133 247 124 65 121 83 109
    107 154 84 213 123 88 94 31 192 205 10 115 146 115 168 108 48 237
    194 179 83 235 132 175 136 162 240 65 230 42 237 11 43 16 102 205 55
    248 98 44 100 178 145 38 229 129 84 203 137 83 74 148 165 116 24 149
    8 22 120 100 3 144 194 25 226 254 116 249 47 55 188 191 13 112 41 85
    119 54 20 63 88 96 184 73 148 254 72 97 2 12 54 85 77 11 150 125 232
    172 207 160 133 236 218 94 5 173 176 6 230 66 6 94 170 94 52 101 93
    201 170 139 97 159 145 136 236 196 161 94 74 216 251 219 20 54 117
    66 101 74 188 112 228 247 108 159 237 44 141 172 229 113 207 150 247
    126 212 163 97 200 109 172 118 194 132 23 116 70 162 20 176 11 240
    92 11 213 55 234 199 33 102 45 131 91 38 64 138 106 38 240 76 146
    222 98 138 200 217 120 36 76 229 90 7 204 115 75 161 80 74 16 161 69
    223 120 253 1 17 59 11 36 232 236 100 195 253 198 154 217 208 195
    188 40 44 232 76 26 161 9 31 175 78 167 15 72 195 32 83 68 109 178
    200 14 227 145 235 243 211 145 209 125 232 229 9 45 149 223 101 100
    103 24 201 218 135 85 255 122 11 136 110 52 181 96 232 100 89 213
    220 37 99 218 226 251 138 31 101 92 58 187 93 30 116 149 239 11 185
    4 38 99 150 199 105 0 38 47 96 186 6 29 190 228 174 199 219 29 50
    230 112 186 8 162 176 36 58 245 82 18 230 52 237 120 13 234 23 91
    233 231 232 116 247 226 116 197 219 245 125 126 149 107 94 15 238 42
    159 105 179 253 74 221 156 122 131 226 238 142 136 212 16 20 213 180
    235 226 29 181 3 240 27 209 94 85 71 161 245 134 181 191 56 14 248
    218 196 136 223 244 48 169 49 95 29 90 163 252 21 106 173 171 14 17
    244 44 105 149 13 141 20 3 190 107 111 240 80 91 195 17 240 249 200
    31 201 57 203 9 188 141 146 8 32 138 76 13 240 221 151 36 42 236 183
    83 44 166 85 87 39 105 158 94 94 201 35 242 32 207 96 218 21 251 21
    57 34 209 227 176 15 191 127 161 174 194 25 238 205 162 184 88 15
    140 130 109 16 27 253 24 205 211 123 110 46 239 108 3 50 114 53 26
    203 44 224 62 217 132 115 237 92 216 66 25 149 187 46 27 165 245 135
    188 46 104 69 87 41 64 36 42 95 53 242 128 23 96 88 7 24 55 80 225
    157 221 119 168 105 222 130 107 119 32 84 230 232 175 97 53 83 30 74
    198 88 34 208 122 196 69 90 189 169 143 213 208 168 77 27 137 21 153
    243 144 208 127 214 102 115 78 142 120 226 203 235 215 124 18 148 48
    235 144 212 166 82 3 73 57 114 18 24 92 205 184 173 25 110 158 1 155
    2 97 77 84 236 130 87 157 218 54 224 38 193 46 50 130 229 75 60 29
    245 95 80 121 62 37 228 227 23 85 54 209 73 169 173 68 152 71 23 3
    62 209 153 64 180 119 46 147 148 74 12 204 30 155 119 2 99 23 233 91
    135 173 231 102 217 140 129 114 104 86 184 215 176 114 63 41 103 136
    84 176 179 214 101 21 39 41 12 33 219 164 188 251 50 24 16 163 120
    92 103 240 44 252 115 252 189 133 0 79 227 46 15 64 31 175 50 30 39
    102 115 38 84 166 228 41 132 75 54 131 195 223 110 189 229 60 23 191
    73 64 130 255 125 145 55 157 16 120 247 126 17 163 125 77 255 29 70
    177 212 174 60 191 45 162 14 2 11 224 206 247 239 176 108 123 40 27
    202 221 119 98 237 184 127 146 181 96 80 151 83 199 36 177 63 55 173
    44 36 3 106 7 215 232 137 26 102 198 135 250 192 93 221 7 9 122 24
    239 177 164 253 149 168 203 2 218 142 199 168 8 223 101 30 27 235
    221 219 242 214 181 137 226 103 253 221 21 182 58 177 179 175 36 159
    102 216 74 184 202 215 8 208 62 175 55 9 33 230 239 222 83 250 108
    30 119 122 172 47 190 232 226 24 243 117 219 61 110 143 30 208 127
    15 183 10 242 218 54 216 169 33 194 4 218 88 219 20 190 4 49 182 139
    81 187 97 146 137 187 171 155 127 58 229 234 31 79 201 214 42 78 223
    161 237 126 145 106 143 4 16 223 148 208 235 246 111 33 154 99 245
    208 181 48 109 226 201 91 70 49 130 40 71 76 96 55 56 151 3 28 52
    144 25 40 63 40 186 107 246 160 57 73 22 111 128 122 77 206 101 97
    159 150 127 0 205 28 207 211 131 32 41 13 238 3 208 32 2 75 250 77
    197 87 24 92 31 100 253 191 219 72 141 130 46 140 195 140 167 117
    196 172 231 119 197 253 47 29 119 56 196 114 151 241 22 167 73 86
    198 145 46 51 28 251 151 5 147 108 145 27 146 180 68 118 86 56 45 43
    243 76 103 204 230 121 118 112 7 100 149 203 7 60 76 140 179 46 85
    73 47 163 124 60 105 58 167 135 66 155 157 74 204 45 252 133 7 214
    30 239 136 138 159 57 192 21 39 178 66 236 16 165 48 186 6 191 198
    25 37 2 170 100 98 79 146 37 176 158 37 231 81 77 149 69 147 5 208
    211 78 238 238 194 149 112 21 6 229 191 18 81 164 84 50 130 72 247
    172 143 144 127 91 153 84 206 170 207 180 39 217 229 73 12 131 227
    173 253 184 45 238 24 134 53 67 139 201 209 121 130 30 132 101 20
    220 20 247 31 117 73 163 34 243 99 147 10 61 163 204 139 146 94 99
    231 72 3 243 180 102 135 220 122 249 244 139 230 178 235 158 25 232
    181 185 197 106 31 138 39 143 21 94 32 79 189 139 162 165 26 127 161
    28 120 127 122 170 163 236 95 194 243 40 176 121 138 160 1 25 126
    108 28 67 133 187 82 120 65 233 142 240 27 48 118 125 65 84 35 131
    196 252 158 246 180 93 92 177 111 90 75 4 118 218 56 196 108 58 232
    189 193 181 133 248 193 186 41 213 170 255 87 85 76 239 217 198 81
    30 132 226 139 222 165 159 242 133 103 169 160 8 54 168 6 114 24 59
    247 196 164 69 253 134 178 106 47 250 248 200 209 80 130 163 141 240
    169 230 32 167 235 35 88 165 99 137 59 172 82 250 39 24 149 207 143
    24 129 112 252 23 7 174 238 78 170 254 154 21 129 116 234 112 63 240
    232 204 180 213 1 171 94 90 183 33 79 0 18 44 204 136 245 106 191
    149 110 150 201 14 244 237 84 175 151 154 185 174 37 31 55 151 122
    151 188 100 1 240 154 231 42 103 204 96 224 182 206 199 113 192 201
    29 191 241 221 196 16 33 12 40 153 59 26 163 124 41 143 141 216 106
    190 29 113 56 43 20 5 188 42 249 79 36 43 115 36 16 202 151 193 220
    172 90 160 151 207 66 186 181 12 140 22 173 85 140 55 66 129 13 52
    154 70 159 54 178 72 230 124 173 127 225 119 44 231 223 95 71 46 57
    77 234 232 146 169 235 26 72 188 146 60 127 41 94 76 231 225 183 222
    240 72 114 121 162 241 180 59 25 223 37 43 176 116 206 173 3 254 87
    2 53 31 243 49 181 137 225 0 117 68 11 173 209 160 143 79 51 222 9
    90 233 61 4 185 158 96 194 41 197 203 64 87 73 201 78 157 244 119
    126 50 198 81 235 94 153 200 129 214 211 120 87 131 127 40 20 233 89
    244 16 101 215 51 20 189 98 158 192 158 43 121 62 82 239 68 211 114
    233 0 123 254 75 61 216 226 136 145 97 48 171 237 136 11 101 233 65
    187 88 174 223 32 52 15 103 166 177 136 148 152 97 212 149 35 203
    122 208 36 80 66 24 18 161 155 250 11 128 82 36 184 18 119 112 150
    205 100 111 206 60 106 170 28 70 97 176 18 174 14 136 204 170 91 239
    217 120 197 248 24 181 245 242 217 64 198 68 96 163 211 115 248 151
    195 213 217 139 194 19 136 202 95 115 80 221 177 55 137 242 25 92 17
    141 135 63 163 6 88 111 246 86 185 43 199 95 97 132 139 18 55 88 100
    150 230 118 141 189 81 9 242 192 126 170 205 157 40 162 19 115 100
    29 88 87 89 85 2 8 109 189 178 196 156 203 211 11 175 35 37 88 200
    44 201 41 159 229 222 136 68 177 39 62 232 10 144 203 154 252 53 83
    200 93 23 64 0 233 22 175 101 155 38 72 10 173 62 127 88 228 202 192
    184 44 71 235 233 48 79 179 246 56 128 70 218 120 116 89 135 178 76
    187 158 41 1 8 117 103 166 198 69 101 16 242 184 7 107 80 250 70 46
    153 178 12 195 214 92 23 224 245 250 158 175 243 170 219 74 173 37
    203 3 99 182 171 219 211 37 72 202 43 208 99 89 86 189 35 190 43 123
    118 126 116 36 57 114 239 95 130 98 231 207 197 214 39 37 128 52 179
    87 61 88 213 201 69 91 131 135 195 230 32 41 202 58 236 137 115 120
    142 13 240 44 49 50 94 241 129 150 185 216 56 200 65 40 130 237 240
    90 206 62 74 67 155 8 18 180 51 221 109 137 110 107 0 97 202 49 230
    120 152 124 5 13 152 149 10 0 7 42 76 53 208 156 253 168 51 139 107
    248 177 176 116 152 86 11 88 249 58 126 211 119 97 100 36 170 122
    252 78 216 201 108 188 245 143 14 167 198 105 64 164 104 44 37 205
    237 5 127 176 202 176 130 216 44 199 85 220 232 2 40 61 93 124 113
    41 245 185 183 111 2 54 146 173 168 135 108 249 3 227 91 129 189 236
    252 77 246 97 98 179 93 74 228 196 36 152 131 12 205 197 195 112 159
    149 185 110 162 232 150 95 200 239 24 179 75 146 157 194 164 56 220
    223 50 120 150 117 160 204 190 165 54 192 252 15 107 68 56 156 197
    220 125 106 66 255 66 153 159 202 214 13 70 65 127 20 61 32 220 240
    220 51 244 163 45 253 76 164 134 117 250 181 2 173 136 82 248 56 52
    72 219 248 34 153 135 225 131 45 52 208 22 164 147 69 87 4 137 75
    156 17 233 140 61 116 141 97 80 206 33 191 72 47 100 46 241 195 66
    170 210 100 173 85 82 252 139 75 177 193 78 241 6 85 204 77 156 175
    86 181 216 101 33 62 12 99 177 87 99 63 111 66 102 81 66 116 120 216
    151 72 215 228 233 132 142 40 240 131 55 254 229 18 149 133 197 5 1
    83 94 230 73 104 160 228 152 184 243 55 228 254 3 251 91 22 24 42
    147 22 101 145 157 124 172 228 32 131 142 242 226 54 230 184 196 168
    11 157 3 49 65 192 60 65 135 72 63 130 181 11 1 112 75 2 106 127 220
    214 24 158 50 183 193 67 96 179 6 174 27 146 245 201 204 186 126 160
    19 23 60 163 251 193 148 78 25 70 227 27 232 248 86 191 176 132 202
    55 110 224 20 96 67 79 199 212 87 5 25 42 141 158 201 184 32 98 182
    245 243 71 35 250 126 78 70 117 20 232 171 24 127 242 27 96 163 58
    12 93 88 50 119 16 64 226 2 187 249 34 83 41 247 193 101 76 250 221
    215 129 68 216 225 167 13 4 26 124 139 138 148 34 197 24 238 3 216
    156 228 76 140 73 141 70 107 133 250 104 126 238 32 189 111 186 82
    70 166 240 11 222 168 38 147 151 136 6 93 238 55 148 255 255 249 8
    83 249 55 159 60 63 188 169 63 82 248 183 182 247 154 33 18 44 9 54
    208 32 107 17 251 251 117 227 177 0 183 190 13 24 140 184 255 120
    233 158 34 192 159 0 123 45 2 160 125 65 140 113 97 160 186 125 173
    195 74 243 177 120 22 164 255 212 8 49 229 84 150 102 110 146 155 16
    57 75 65 204 202 205 197 5 218 251 22 211 201 49 138 82 39 53 208
    111 178 120 83 15 241 239 42 113 207 58 163 153 224 246 204 142 84
    112 150 45 33 202 118 132 196 174 34 255 242 127 160 195 255 90 182
    153 23 23 197 176 101 131 88 171 52 228 138 197 100 50 161 156 149
    26 244 122 231 153 94 174 106 67 74 132 249 113 37 211 125 113 25
    127 50 84 101 160 84 190 18 23 214 203 139 248 71 151 83 85 204 85
    66 156 26 89 183 209 232 124 139 205 162 36 54 65 46 26 120 55 215
    104 95 221 198 82 248 213 107 11 27 105 66 94 75 215 245 109 143 22
    185 92 49 145 198 178 48 226 224 82 143 6 110 11 29 239 100 116 252
    248 161 143 90 199 127 22 38 17 132 21 194 184 245 7 4 130 167 210
    176 163 134 232 139 227 37 187 24 166 42 127 25 208 72 75 147 153
    201 2 98 6 114 142 75 35 190 45 72 29 170 50 126 130 11 229 192 42
    13 196 91 200 103 35 15 81 11 185 235 69 208 55 20 100 114 73 93 58
    55 82 38 63 214 77 108 5 222 142 59 205 211 177 119 74 179 14 99 36
    135 48 209 8 248 18 114 26 151 123 95 25 148 71 84 182 210 207 255
    204 210 30 217 52 203 253 222 211 170 214 15 211 88 156 236 175 242
    189 7 230 51 200 232 211 230 255 32 216 50 235 87 203 151 1 71 20 13
    250 187 177 94 154 231 215 237 125 58 185 83 101 172 65 74 149 246
    70 226 183 66 206 150 7 38 81 54 2 89 214 54 231 79 245 20 55 174
    129 86 8 233 75 195 118 62 240 104 152 247 245 109 43 44 134 254 155
    220 136 197 84 143 158 13 25 148 216 62 30 110 23 237 64 70 211 184
    170 229 20 28 50 38 178 21 115 6 68 175 186 173 125 58 15 3 211 125
    113 39 214 5 252 207 112 178 3 124 131 237 101 121 222 57 84 252 207
    233 5 49 126 65 71 58 217 38 168 50 1 229 129 1 167 197 0 207 235
    130 6 208 237 254 114 77 43 109 32 157 231 120 43 126 140 95 171 222
    26 58 114 150 229 121 65 97 140 58 241 135 75 240 211 255 154 189
    124 66 238 158 44 167 101 141 63 182 144 51 33 248 191 100 103 105
    148 102 158 221 154 128 125 238 27 231 112 134 202 25 178 216 146
    201 2 226 89 134 31 197 223 83 65 7 226 220 4 247 246 27 67 218 89
    25 131 155 133 118 122 14 46 146 38 134 90 184 101 191 132 150 128
    224 211 219 80 35 142 87 204 0 17 105 8 76 20 213 234 140 12 8 58
    107 50 87 251 196 131 130 210 49 166 4 243 31 0 165 116 95 171 199
    88 144 40 144 84 32 175 216 222 188 206 16 235 136 222 247 134 170
    197 39 136 111 1 182 138 73 57 3 52 178 33 193 158 93 39 209 208 56
    232 57 108 148 12 87 207 221 158 162 164 116 86 60 75 37 138 252 139
    39 201 89 65 168 63 164 22 207 157 191 16 239 239 104 53 217 146 241
    78 102 137 107 16 60 98 253 38 68 72 147 223 66 61 62 127 83 244 42
    230 33 113 250 157 152 200 217 179 72 89 174 117 80 215 117 108 13
    99 172 189 13 233 105 116 68 24 100 43 135 171 234 176 51 158 204
    209 90 11 72 85 75 107 204 247 166 26 162 29 153 159 200 39 39 199
    241 190 229 16 163 230 62 184 107 203 37 64 94 225 35 137 218 166
    228 255 185 137 23 48 34 202 217 15 38 193 173 180 7 38 52 168 11 65
    172 143 45 246 178 134 190 118 150 48 15 214 44 225 113 244 86 135
    238 111 23 100 220 40 3 152 132 41 32 184 83 94 52 76 156 135 127
    139 215 57 182 141 31 125 171 12 234 126 34 44 117 183 76 8 21 194
    136 166 162 19 157 135 109 34 22 113 102 62 130 142 136 83 251 135
    242 80 200 89 213 227 139 216 196 142 13 79 146 130 246 40 238 68
    182 204 76 174 17 42 204 117 79 198 114 9 168 63 216 136 147 251 145
    108 145 12 222 135 78 222 127 38 110 153 233 188 4 240 220 46 93 255
    159 237 166 147 85 69 44 204 184 217 163 15 61 26 222 147 172 55 0
    71 190 77 135 199 205 29 26 49 129 235 122 179 85 139 60 168 38 213
    53 76 115 84 6 179 182 202 27 235 188 194 222 206 132 114 67 42 169
    138 2 147 125 147 75 186 181 246 78 115 159 249 175 205 64 73 90 252
    51 4 16 148 205 213 130 95 77 206 209 24 71 59 139 212 220 42 231
    155 130 66 218 246 205 106 107 241 166 2 83 200 200 34 58 78 79 184
    50 155 90 112 142 220 150 193 168 31 21 43 63 73 35 32 255 90 252 30
    9 79 247 88 152 181 124 102 200 123 198 129 18 94 57 109 171 12 229
    135 47 62 216 18 13 37 215 181 65 160 52 22 186 215 91 80 14 214 81
    4 57 165 88 92 103 216 146 200 159 6 82 2 150 170 100 59 92 181 16
    141 153 227 5 244 90 44 177 146 219 169 218 69 224 72 95 205 34 153
    196 17 212 73 107 31 227 184 36 84 242 184 67 3 39 56 81 150 158 176
    166 228 181 230 117 125 166 26 24 123 137 132 194 249 184 252 238
    199 19 79 139 158 186 117 147 176 125 189 205 174 136 80 78 201 35
    85 46 97 137 146 142 85 212 166 48 160 108 205 141 211 199 149 229
    226 132 143 2 23 137 62 28 241 234 153 80 137 243 144 16 3 143 183
    168 31 69 71 189 50 73 192 162 174 26 171 226 253 231 164 196 135
    200 56 127 172 123 173 205 44 219 76 170 202 144 9 183 3 101 56 208
    140 177 127 102 194 67 4 126 168 192 129 146 1 212 29 138 73 164 119
    160 1 190 26 53 183 113 96 192 87 68 70 71 184 96 34 201 66 167 36
    121 140 41 102 196 99 68 252 124 61 142 29 235 17 122 95 47 177 48
    29 44 254 146 119 164 87 43 205 17 218 229 171 155 225 114 131 96
    252 145 227 110 210 100 243 192 135 16 181 84 125 106 203 232 57 225
    7 97 130 138 45 93 190 87 109 164 219 23 81 183 19 67 188 43 187 234
    187 30 137 177 139 245 225 145 161 35 38 214 52 172 90 103 200 206
    152 170 239 217 96 201 66 54 79 33 114 84 153 252 101 94 0 130 53
    212 82 64 231 84 104 154 222 208 33 76 85 80 117 25 112 158 100 195
    234 115 115 33 251 223 101 232 115 241 205 224 115 35 20 33 13 7 203
    15 155 0 239 149 245 142 7 166 250 252 67 128 89 254 2 96 231 249
    194 52 78 196 53 27 137 199 95 237 71 153 1 61 122 1 255 102 64 228
    182 107 136 52 10 127 28 126 162 254 164 24 51 109 19 217 206 237
    111 93 152 133 136 215 1 145 2 178 112 172 109 106 89 156 38 46 177
    31 20 213 187 132 90 140 100 193 130 29 17 171 155 183 155 59 9 13
    30 137 154 153 59 33 22 158 151 218 47 166 178 131 220 171 200 124
    128 119 38 101 38 119 56 181 217 168 184 110 232 21 165 49 234 224
    97 87 50 127 135 125 187 194 133 95 111 68 71 3 219 212 49 108 168
    219 85 12 227 156 143 230 143 36 27 27 28 241 247 244 173 64 26 4 31
    71 41 192 234 54 185 4 138 52 102 189 255 3 218 142 72 173 122 159
    154 47 12 155 197 190 110 70 203 212 238 244 61 138 224 55 15 1 194
    14 98 51 221 154 78 128 240 58 44 207 97 8 1 176 235 251 12 23 165
    76 111 61 155 22 242 59 118 219 234 233 70 146 54 130 161 56 194 226
    204 148 96 93 90 0 105 25 143 128 239 57 153 85 231 37 223 223 248
    113 58 121 238 246 122 123 253 81 108 42 33 189 240 72 201 150 205
    158 136 229 137 207 106 11 157 69 186 105 227 187 231 110 12 193 25
    126 107 34 41 112 81 229 135 228 5 231 175 206 51 49 13 169 11 58
    133 0 190 40 74 31 164 66 234 253 58 157 159 231 180 97 137 157 60
    103 14 148 192 84 4 123 85 44 196 229 20 66 4 143 229 63 115 189 86
    151 64 20 234 185 236 10 123 87 94 125 100 4 97 27 95 71 171 4 111
    74 56 30 111 234 211 208 252 24 143 114 228 109 197 224 165 116 104
    123 114 71 194 157 231 159 241 199 20 217 26 251 128 203 206 190 12
    162 198 116 82 140 104 154 63 136 196 223 220 50 154 227 132 220 210
    2 110 101 181 168 232 120 30 70 59 241 163 170 15 31 53 218 163 21
    64 227 242 94 149 183 26 165 121 153 199 169 5 141 7 111 173 215 178
    114 47 34 162 187 40 42 88 104 43 164 138 1 150 73 171 32 157 146
    142 241 53 119 149 222 163 20 57 23 191 191 42 207 124 102 88 238 67
    170 126 160 221 54 104 79 12 134 151 117 199 21 31 16 106 182 163 60
    32 57 168 81 182 55 87 136 112 190 236 98 142 0 171 76 145 198 196
    50 242 120 129 180 225 129 157 131 166 52 202 170 252 108 189 34 175
    226 45 52 121 163 53 59 206 140 176 179 132 201 117 187 134 113 67 5
    247 198 75 191 66 238 202 10 251 154 207 49 188 97 71 145 215 248 38
    165 217 252 138 151 6 113 195 188 3 231 197 39 188 65 218 142 58 214
    199 111 236 154 115 24 45 150 230 213 191 80 222 43 113 92 86 102 82
    138 120 199 153 29 158 69 207 124 180 31 155 86 196 139 165 5 13 250
    187 214 212 144 183 59 218 233 148 38 25 14 207 14 24 8 27 124 71
    217 115 153 71 220 94 132 35 73 43 109 81 16 243 104 231 236 153 254
    63 10 63 243 86 235 209 101 232 191 64 78 25 201 146 117 24 160 137
    92 92 216 52 238 90 68 28 118 70 166 173 116 154 49 216 227 247 154
    171 87 13 109 92 17 200 60 255 46 235 141 135 80 14 82 149 83 139
    224 25 18 1 224 26 242 239 175 121 3 158 71 97 240 230 164 191 181
    76 37 245 131 49 129 242 114 109 39 116 8 144 20 19 251 172 27 85
    199 119 63 211 21 133 77 96 51 28 131 162 64 196 246 194 244 170 223
    244 205 93 244 62 102 64 186 144 89 71 84 148 176 120 33 182 30 38
    33 210 201 156 8 41 59 255 50 8 48 74 1 42 218 228 128 237 243 228
    234 201 203 150 211 95 166 241 86 25 182 86 159 65 104 69 30 238 169
    137 64 22 105 4 65 83 244 206 169 72 3 11 114 32 129 21 234 66 83 61
    171 133 145 212 183 49 237 92 176 81 168 173 92 11 151 212 85 20 85
    75 190 160 65 255 51 212 136 65 157 202 123 17 187 104 96 194 208
    168 61 223 129 142 94 88 30 118 7 231 174 178 11 96 112 179 104 175
    130 111 46 93 137 125 6 164 218 240 223 225 46 157 152 129 158 204
    25 46 35 7 177 175 198 56 254 40 47 201 251 92 66 118 244 50 105 21
    177 235 137 225 114 222 218 178 249 58 86 169 71 233 227 94 163 8
    204 172 39 168 112 11 244 23 151 212 148 67 78 12 106 226 195 142
    161 179 58 200 16 100 210 60 141 138 4 159 192 208 111 227 91 45 140
    25 74 153 245 98 54 186 219 89 85 149 216 254 140 208 67 37 7 52 225
    151 105 169 198 191 174 254 100 77 255 44 57 11 123 95 112 242 206
    118 119 159 253 49 103 37 18 2 67 94 255 69 30 175 236 153 105 41 58
    247 138 159 99 164 119 40 74 213 81 208 61 223 33 29 189 42 173 14
    65 201 13 67 60 99 152 128 164 9 30 193 202 67 246 228 85 174 208 71
    45 241 131 158 200 195 34 111 63 15 1 81 173 39 54 199 32 137 149 99
    21 133 236 55 253 214 112 31 166 54 10 20 176 109 223 28 21 52 228
    25 60 192 56 136 249 49 110 204 158 243 0 162 202 252 94 124 206 6
    71 26 110 190 180 51 137 74 65 113 80 202 58 238 54 34 12 194 187 40
    2 232 129 181 6 208 201 131 46 60 209 226 248 70 144 165 58 137 15
    214 147 141 127 244 81 110 124 239 75 189 140 4 19 61 100 192 132 51
    159 187 107 205 48 45 218 21 158 142 2 160 24 113 83 123 161 203 16
    198 24 150 157 199 246 116 44 173 5 202 19 207 112 197 14 245 16 120
    76 40 86 221 253 30 21 246 192 81 180 86 236 213 137 43 86 198 68
    154 92 80 197 232 86 138 5 226 209 113 153 53 252 153 158 196 154 99
    188 60 73 198 112 171 51 132 242 13 41 150 101 235 191 28 167 52 255
    174 234 173 78 96 167 216 156 86 160 28 102 128 61 98 108 224 234 35
    191 111 206 117 145 168 28 26 76 208 58 128 108 193 223 188 22 12
    119 158 95 130 228 58 6 101 99 98 141 55 137 45 230 88 243 122 47
    159 164 197 104 148 200 141 63 110 122 32 114 22 105 80 243 155 85
    221 52 199 109 215 205 160 192 26 89 63 16 133 2 32 250 99 236 181
    172 243 117 111 32 21 149 63 117 16 244 193 82 14 89 152 62 187 70
    22 39 73 42 241 240 249 35 164 242 64 252 62 240 157 177 13 189 242
    39 212 100 7 57 158 247 48 109 187 14 219 106 122 93 40 21 73 128 94
    8 135 149 200 61 11 171 255 151 140 140 192 202 227 241 184 43 217
    247 61 110 60 151 17 166 88 112 215 12 134 148 142 87 14 130 111 248
    99 76 0 186 105 35 24 137 126 212 93 75 26 155 202 26 30 172 96 10
    167 59 179 79 17 34 59 237 100 69 244 73 61 104 8 52 85 156 93 79
    128 1 125 80 48 229 236 39 59 139 191 96 19 162 143 108 48 49 200
    113 59 130 237 224 61 3 127 69 3 127 87 147 102 95 170 4 144 106 135
    234 198 13 118 69 6 93 23 117 129 132 184 147 52 176 189 37 244 81
    152 32 131 170 73 221 154 243 169 31 240 57 84 239 112 142 118 204
    209 186 91 75 110 153 136 162 1 14 209 199 43 130 112 174 255 181 20
    197 60 232 25 48 255 34 179 235 236 252 237 78 100 11 191 224 7 54 4
    163 69 138 184 236 35 135 189 25 80 51 212 91 164 235 199 223 220
    238 87 68 165 125 243 109 236 210 250 122 101 156 16 192 148 154 61
    185 174 235 218 51 95 10 37 243 246 15 31 154 214 215 180 49 24 113
    166 227 195 50 88 135 53 0 210 167 80 117 146 172 238 130 131 98 192
    195 175 36 209 176 88 243 62 22 218 236 174 4 91 12 166 99 221 74 51
    82 4 236 248 240 26 207 176 241 35 244 17 226 3 51 25 173 129 133
    172 210 160 95 248 108 139 231 89 163 89 100 238 50 27 225 108 182
    163 201 86 250 206 142 97 143 151 77 125 251 184 111 25 51 124 45 90
    135 26 6 46 172 162 42 207 185 45 136 105 116 237 107 10 43 48 237
    90 78 165 148 211 65 233 25 86 29 163 98 142 201 1 144 68 58 156 218
    16 246 3 183 23 70 61 144 13 201 161 141 74 244 35 183 68 245 109
    102 3 14 121 115 104 151 54 17 26 255 64 59 201 42 72 123 230 9 74
    50 227 196 222 79 34 167 120 209 200 66 42 54 116 179 210 111 149 56
    179 151 199 162 252 236 97 127 229 94 86 232 231 171 243 39 24 63 37
    194 228 177 128 234 77 70 50 81 188 66 128 101 60 30 210 107 211 196
    23 107 244 136 134 160 124 64 29 200 186 140 66 187 90 80 217 160
    171 199 76 254 58 71 70 7 249 142 41 36 215 194 62 234 30 248 198
    201 253 23 66 214 70 125 201 176 33 11 80 71 161 41 252 29 92 22 185
    43 148 40 152 6 232 242 116 160 94 62 254 11 216 207 199 206 16 235
    247 202 36 35 11 239 168 184 180 239 211 40 158 89 87 158 86 6 139
    60 238 84 151 153 18 7 9 55 164 222 116 102 197 125 100 18 199 174
    101 195 117 176 94 209 128 6 54 78 63 83 39 87 80 81 19 109 42 202
    102 146 93 220 77 82 106 102 29 52 159 204 166 155 210 221 79 43 178
    0 133 49 65 245 68 36 26 211 141 152 155 21 191 20 123 243 229 193
    201 83 135 167 83 199 45 243 134 118 192 75 173 2 37 74 64 54 131
    191 226 20 193 218 195 190 242 3 255 18 95 181 7 126 164 146 61 164
    195 210 175 170 94 245 160 14 39 135 211 232 126 233 79 254 250 105
    51 62 4 52 32 139 138 201 172 204 135 226 143 160 56 31 236 55 42 5
    199 9 161 8 86 132 13 210 204 145 60 88 194 176 164 43 221 115 24 42
    72 87 120 223 91 93 254 167 45 192 34 232 201 235 167 7 98 21 80 220
    136 77 240 205 247 192 122 163 145 215 231 103 14 228 161 218 161
    165 184 57 164 178 229 55 162 145 99 17 138 178 71 44 180 26 171 37
    196 18 63 193 52 157 123 147 126 51 208 91 177 1 18 101 142 241 242
    36 184 209 219 200 70 217 204 218 179 61 7 207 137 65 94 78 0 209
    127 36 1 225 207 149 21 9 198 184 232 243 176 242 20 216 129 98 129
    176 229 135 110 245 127 233 98 73 195 20 106 138 141 54 83 185 70
    178 68 246 193 136 144 146 108 129 214 44 249 32 34 188 61 124 215
    12 130 22 233 54 111 21 65 207 190 41 101 71 98 121 212 7 201 81 151
    141 194 178 152 236 210 167 35 194 124 70 103 1 78 81 17 51 74 188
    172 68 172 100 75 179 51 202 204 209 111 13 156 60 200 201 13 89 174
    104 144 114 30 201 76 251 112 184 64 128 83 32 27 225 118 208 90 33
    176 202 125 227 19 55 244 9 16 176 29 167 238 28 214 223 208 78 45
    220 112 92 126 221 14 85 193 153 226 253 172 26 74 173 167 240 187
    147 164 173 139 28 242 217 57 76 22 123 199 135 184 59 185 86 12 91
    71 123 117 29 12 197 6 12 52 113 252 80 61 17 25 17 129 222 48 1 134
    24 72 188 69 106 110 22 9 76 248 72 39 248 17 99 132 97 6 242 77 174
    4 2 3 213 237 94 173 14 92 4 94 97 230 85 59 106 3 125 142 106 8 212
    169 86 181 203 237 100 204 238 165 180 224 146 231 255 206 214 37 97
    83 193 101 210 59 92 94 235 6 23 230 85 221 232 155 180 203 186 211
    18 194 142 154 236 236 95 62 39 22 83 12 200 81 229 20 125 20 193
    107 160 119 125 23 77 70 7 73 220 226 50 166 189 17 173 102 249 58
    76 7 58 174 160 226 250 227 0 21 196 91 124 80 219 113 242 197 49
    138 113 248 116 58 227 214 118 166 242 247 74 120 69 157 202 198 225
    60 93 31 234 228 83 252 50 134 205 112 250 83 234 77 253 253 137 241
    11 15 110 177 226 83 12 196 33 58 152 173 110 132 168 170 59 42 52
    165 23 249 96 210 143 16 250 236 37 251 94 93 181 11 189 236 221 149
    255 238 21 19 229 11 93 164 65 255 24 63 140 241 17 138 79 106 192
    163 234 69 245 5 213 43 255 152 183 42 29 207 152 132 14 190 159 127
    23 180 195 152 179 71 181 187 183 111 255 16 215 57 61 238 15 17 39
    144 218 196 214 94 109 136 243 239 128 5 16 20 237 12 240 61 75 165
    39 26 125 88 253 235 226 173 61 41 50 13 29 22 138 208 136 240 224
    33 101 101 127 11 109 81 229 163 72 152 107 194 136 134 190 12 136
    56 120 197 117 135 98 234 80 229 131 175 70 97 206 174 62 26 27 14
    19 55 250 54 75 63 109 236 32 124 131 236 234 152 71 135 63 103 222
    47 142 64 77 212 209 189 88 204 216 164 45 73 56 137 216 25 109 90
    68 11 122 218 134 209 139 184 180 84 83 123 208 15 68 246 102 81 141
    204 83 137 232 106 3 3 249 19 189 4 77 33 79 115 184 107 131 233 135
    146 227 35 79 16 56 34 237 136 189 178 23 201 220 178 86 158 96 208
    178 157 157 117 188 48 3 149 103 107 74 158 171 3 74 189 71 143 227
    44 198 159 83 131 231 95 79 197 48 155 98 72 166 95 3 102 24 97 42
    234 228 153 8 17 253 55 8 160 172 147 192 93 228 222 36 181 160 166
    168 106 84 244 14 20 120 209 43 121 210 10 179 141 201 21 92 85 55
    29 229 143 240 192 142 4 187 238 201 232 27 16 166 27 20 85 25 77
    243 198 159 57 249 95 190 178 18 24 181 168 173 149 36 169 233 244
    123 210 138 254 233 201 149 130 165 128 27 102 110 70 15 159 49 55
    235 102 112 73 213 162 139 135 24 206 14 253 123 42 160 23 1 58 89
    110 192 169 18 38 87 164 161 229 42 146 50 89 118 102 131 145 41 182
    74 93 126 75 143 162 222 38 68 194 245 111 246 47 39 62 153 206 47
    31 33 151 175 0 67 179 170 53 128 47 37 34 110 2 93 155 172 28 193
    83 17 53 158 56 94 118 26 61 235 65 216 6 0 56 6 2 186 97 137 74 212
    69 229 72 153 65 105 90 63 227 209 223 227 151 65 53 65 119 52 148
    109 134 206 152 8 237 151 18 123 66 191 35 3 242 122 242 106 191 203
    157 167 156 52 171 37 39 192 246 98 50 197 18 128 28 149 67 154 75
    140 99 119 177 38 49 237 130 245 54 183 107 53 23 170 108 18 144 29
    124 21 69 172 149 174 48 248 71 5 35 123 230 70 142 95 91 33 252 122
    56 252 205 8 33 54 160 201 185 154 217 39 24 183 97 196 203 26 44
    235 82 214 121 60 255 9 223 140 247 1 250 121 184 139 234 190 206 2
    194 65 251 66 126 146 181 233 94 112 180 182 175 129 68 132 200 199
    16 204 121 67 101 224 87 54 182 133 127 109 36 49 45 4 175 125 207 5
    46 102 211 241 220 57 186 237 40 2 75 149 106 210 34 5 115 215 150
    179 227 228 125 203 46 82 114 140 61 88 229 64 119 143 73 145 173
    222 145 244 12 214 69 232 179 222 158 78 102 22 158 153 61 177 45
    194 106 178 77 140 53 78 106 219 79 143 126 205 229 117 147 153 108
    166 250 168 34 37 167 177 155 65 30 75 228 105 248 155 248 55 155 96
    190 92 252 105 55 99 41 252 25 221 75 244 212 213 36 119 167 81 51
    210 212 244 54 98 85 79 213 130 5 135 43 215 40 63 4 206 81 97 22
    204 24 64 56 211 173 255 203 204 104 174 61 52 47 93 11 87 47 129
    180 116 148 200 251 3 128 212 254 179 208 179 126 227 84 229 55 81
    171 131 37 118 5 136 57 125 176 215 165 231 63 58 162 60 215 167 255
    88 53 223 153 40 3 235 172 179 236 116 191 200 243 213 1 71 203 198
    133 109 113 32 31 190 73 174 198 84 126 68 125 121 116 221 152 109
    182 241 247 186 169 12 58 102 28 87 15 252 49 199 78 186 151 0 152
    47 85 221 253 197 182 141 148 230 152 223 99 100 252 132 95 177 222
    65 134 25 161 224 89 220 3 107 192 181 23 248 80 150 60 254 2 53 195
    202 246 124 39 91 114 83 7 170 126 43 1 203 87 159 192 202 91 68 105
    172 194 170 141 48 104 92 128 75 34 23 109 67 165 24 202 188 201 37
    106 177 127 187 75 182 83 50 195 64 11 145 73 127 70 13 121 4 152 95
    133 140 81 228 235 219 244 61 181 0 217 192 88 146 95 52 34 184 253
    255 225 228 69 145 164 32 218 247 137 96 96 126 138 110 40 159 133
    87 214 56 206 109 73 24 146 171 36 37 139 79 67 98 8 149 157 61 243
    115 11 37 124 106 214 12 82 97 254 227 23 104 51 183 251 215 2 204
    43 170 14 18 138 139 203 174 214 126 98 163 64 45 16 169 210 99 81
    157 109 164 103 67 218 95 3 94 99 36 54 2 237 64 183 61 176 47 188
    219 190 187 243 211 240 133 246 161 59 164 5 237 98 39 79 160 3 151
    72 102 197 110 109 190 108 40 199 63 33 130 166 205 34 146 203 168
    237 20 65 255 57 121 164 133 68 7 219 215 69 1 178 77 37 93 190 216
    138 160 231 36 83 184 69 8 12 211 55 49 100 121 197 26 35 174 254 88
    235 68 221 211 250 83 109 204 242 197 183 235 204 216 132 51 38 193
    207 65 34 177 30 116 7 160 226 46 89 113 16 19 106 255 215 100 94
    158 200 21 70 193 0 218 243 92 31 68 64 80 95 229 158 34 145 211 27
    149 93 215 40 64 31 65 92 245 183 251 161 143 220 185 162 104 224
    210 167 108 84 105 178 111 231 20 189 16 46 164 161 31 14 133 91 198
    156 8 38 145 64 112 142 95 91 235 121 253 81 8 214 124 59 133 79 31
    85 70 52 100 18 104 133 230 119 122 14 6 123 30 192 32 90 72 111 65
    254 218 59 181 182 201 252 109 26 31 106 177 47 100 58 58 184 210
    161 182 35 95 142 10 251 60 17 123 23 252 66 173 211 233 26 117 248
    133 106 150 34 53 143 187 132 169 94 74 111 215 157 208 159 117 233
    4 119 165 8 62 243 220 95 201 233 86 37 244 164 58 175 216 62 86 162
    117 47 192 18 123 216 18 177 84 216 231 180 35 9 25 2 251 72 141 154
    161 176 139 204 140 76 65 8 23 26 245 207 81 55 84 164 53 107 70 219
    245 244 154 37 151 211 181 217 226 21 142 80 199 77 191 61 27 150
    163 158 94 235 245 201 183 76 152 147 208 1 127 150 6 152 249 127
    120 143 244 80 229 125 170 199 111 112 52 221 127 235 118 224 93 226
    121 148 224 150 218 149 122 91 253 19 178 157 156 6 168 98 74 37 110
    46 208 70 154 165 81 103 159 59 204 209 179 126 90 69 45 248 6 22
    154 239 146 124 172 30 168 236 47 231 142 231 122 171 10 161 122 166
    76 174 208 228 143 55 178 201 80 73 134 222 214 99 223 237 132 216
    200 103 224 207 186 200 20 3 116 162 202 135 75 26 70 8 181 244 10
    19 255 131 160 147 21 25 137 109 78 39 97 95 118 162 104 242 126 182
    113 150 214 61 23 190 86 149 95 131 134 172 251 224 64 175 235 225
    155 28 230 242 59 81 70 135 158 13 57 139 129 63 142 109 34 28 222
    105 61 45 41 78 65 189 198 154 188 197 189 189 120 71 60 44 90 5 133
    152 179 92 79 18 235 120 230 51 153 4 90 163 233 119 70 189 231 112
    222 125 193 223 189 56 90 8 128 39 245 30 103 131 115 196 152 31 178
    148 169 143 21 118 146 87 46 150 221 1 29 57 249 157 223 145 196 180
    124 124 40 155 119 0 136 41 60 173 60 51 85 1 103 97 229 99 36 129
    68 93 220 233 88 43 164 171 126 27 156 254 183 86 46 203 179 109 71
    113 2 181 74 56 193 22 66 0 14 214 118 89 244 220 29 177 192 67 106
    142 107 174 90 0 16 102 109 51 12 28 6 239 40 115 232 107 181 17 62
    26 149 151 116 35 103 43 74 56 71 65 105 122 217 203 105 139 249 39
    18 53 45 221 162 173 123 197 110 253 82 12 88 38 210 64 36 250 164
    136 88 83 229 208 57 241 89 31 56 89 101 97 35 9 165 82 107 48 10
    147 158 156 152 145 120 127 255 221 75 71 254 165 45 69 60 220 158
    137 37 40 57 101 34 217 80 77 114 16 167 10 204 242 139 155 115 141
    189 20 153 21 62 235 173 198 138 207 247 13 242 38 144 228 229 161
    202 191 146 31 133 103 155 123 82 117 115 93 141 114 236 19 187 253
    218 90 44 56 4 233 143 218 209 134 48 159 222 158 104 117 206 123
    134 206 30 236 173 140 26 62 194 180 251 204 107 46 179 0 137 201 14
    45 176 155 232 203 46 160 76 231 191 223 253 107 250 26 190 93 199
    105 26 106 245 118 208 134 151 64 84 231 152 63 41 78 189 41 239 199
    97 8 202 245 109 8 226 132 47 15 66 51 9 164 224 81 38 147 33 90 90
    86 247 214 50 5 155 211 163 95 211 190 106 87 141 112 162 108 117
    250 86 175 155 74 100 224 236 135 241 186 252 74 172 161 72 167 6 59
    103 81 114 104 141 18 136 83 232 219 120 112 214 207 219 80 166 206
    176 12 52 59 21 216 164 216 211 164 148 244 243 94 142 211 94 61 65
    5 138 13 144 102 238 101 235 192 138 247 163 154 179 216 43 201 249
    209 133 34 70 200 200 192 111 20 255 103 88 247 32 255 61 141 113 58
    208 54 120 3 130 13 193 213 26 30 31 72 78 45 137 65 197 239 2 152
    178 170 222 43 195 252 235 215 191 218 126 248 238 123 239 113 144
    76 210 16 179 227 190 193 108 2 224 228 187 193 36 134 83 144 81 39
    221 142 129 130 187 203 210 153 19 25 152 80 126 159 122 32 211 65
    161 78 126 0 45 41 203 110 52 126 105 159 199 72 41 224 170 119 80 4
    7 234 160 69 172 222 177 86 248 86 232 219 182 20 207 107 157 184 34
    137 222 58 238 183 29 190 175 97 242 247 225 90 171 181 254 194 165
    162 106 211 142 49 194 26 37 128 181 179 152 16 179 176 68 193 21 42
    41 17 172 41 119 5 66 69 189 61 99 5 184 155 108 35 129 182 247 249
    82 0 90 147 171 150 55 6 38 176 104 8 136 247 150 255 248 194 62 16
    132 14 187 26 196 111 40 228 23 254 244 7 100 124 189 186 109 214
    212 22 163 84 37 69 78 46 113 245 249 65 147 147 100 73 141 24 39
    188 157 23 228 97 84 25 34 166 41 173 185 167 205 201 104 81 87 144
    58 152 45 244 117 180 228 93 186 236 75 202 177 251 85 16 49 236 107
    16 57 132 116 8 243 210 162 53 135 46 240 105 115 10 156 116 168 201
    42 71 51 226 19 37 105 161 208 122 120 90 93 15 233 117 66 174 169
    243 110 77 153 103 34 70 73 223 37 13 208 165 205 23 215 219 23 208
    216 216 240 211 200 163 54 210 37 138 54 51 226 175 129 186 228 200
    92 218 92 213 71 110 133 221 180 139 59 251 102 45 118 111 44 28 230
    253 231 50 204 226 43 27 184 24 253 169 53 93 19 244 16 106 175 242
    28 134 125 215 230 22 254 1 42 204 88 154 32 220 176 78 153 54 149
    57 49 30 231 231 205 239 153 141 217 245 19 140 115 181 145 114 195
    148 255 105 148 190 153 237 204 132 234 105 89 217 31 9 209 82 232
    199 22 44 98 137 153 202 38 64 255 51 189 26 152 27 118 72 55 197
    158 165 250 84 69 245 246 208 178 30 226 48 45 4 37 35 14 185 137
    126 76 52 120 112 22 47 84 218 157 164 249 104 238 193 195 18 209
    114 2 31 120 152 32 244 131 105 214 7 74 206 38 5 232 83 26 177 114
    221 144 132 187 23 23 206 196 103 166 122 15 64 182 85 131 224 132
    150 47 53 94 191 67 63 198 24 92 7 69 213 64 13 53 14 32 242 193 35
    164 190 220 9 135 155 97 173 24 146 190 156 179 121 250 173 15 103
    229 155 110 141 55 91 231 229 27 1 255 182 76 137 249 15 152 25 0 59
    137 121 204 243 254 110 234 114 76 3 1 115 165 20 116 193 97 18 165
    206 50 149 5 34 84 62 155 108 90 192 212 30 30 154 41 106 204 91 129
    87 148 16 180 15 102 221 184 8 111 107 43 48 175 94 4 173 59 93 144
    118 10 136 253 54 27 100 242 206 130 147 38 210 196 23 57 38 90 33
    113 23 97 225 135 52 2 183 17 31 45 144 229 60 109 227 236 88 251
    128 20 224 210 155 174 234 227 164 13 83 149 124 188 228 11 69 191
    36 255 46 176 234 34 215 113 9 2 87 151 41 41 203 53 137 57 179 22 9
    92 33 71 250 81 31 34 167 207 108 19 217 123 189 217 238 249 136 141
    36 71 184 100 254 112 209 29 40 25 14 105 26 187 9 156 127 8 2 125
    250 129 238 97 220 173 83 181 23 44 156 185 17 148 165 118 158 67
    141 124 185 184 10 108 91 237 41 132 241 153 151 90 205 141 236 4
    127 28 96 129 115 155 205 72 205 175 231 129 93 90 21 206 54 27 163
    33 162 168 6 46 216 146 245 239 62 29 43 231 241 110 241 222 201 137
    207 184 254 51 12 243 249 17 78 197 32 255 246 117 53 211 131 168
    165 59 67 84 176 145 181 115 205 191 116 104 151 80 99 118 217 129
    127 138 202 131 102 87 164 20 252 179 30 46 241 204 213 43 44 94 163
    120 212 170 34 219 98 202 146 214 160 165 157 184 114 173 168 191 31
    75 190 137 229 200 247 54 215 219 75 198 66 98 49 172 238 242 117
    177 65 1 26 139 143 99 149 112 4 211 106 186 236 98 239 210 12 198
    116 125 209 130 166 56 76 31 47 190 151 242 148 49 100 156 55 61 193
    89 87 114 105 44 251 136 200 69 180 144 164 79 20 207 90 0 70 247
    199 196 211 201 1 175 32 236 221 88 234 169 144 16 226 30 31 110 113
    217 214 239 151 155 19 218 52 254 171 148 244 7 75 20 163 25 57 180
    99 191 239 105 122 179 129 138 40 173 57 83 239 44 95 113 121 169
    157 35 138 175 105 183 37 199 130 14 119 226 21 176 94 38 202 104
    145 166 158 112 31 92 233 155 47 42 148 118 211 126 219 110 114 114
    136 71 56 164 36 149 79 247 21 238 227 162 144 192 246 96 97 89 128
    183 146 13 122 34 222 195 227 4 50 71 181 170 164 249 168 191 7 14
    10 202 216 103 101 189 170 90 50 47 120 106 134 8 44 8 185 241 60
    169 123 170 79 234 113 43 108 182 210 150 12 1 124 15 101 39 117 3
    120 143 174 9 5 92 47 116 226 7 14 97 147 90 225 136 97 2 31 143 242
    206 188 167 194 37 191 121 106 240 119 138 220 179 205 26 149 148 1
    130 13 86 46 179 33 28 91 46 96 29 80 157 91 3 17 136 150 226 231
    120 240 7 139 252 184 178 206 138 203 90 93 139 162 168 81 18 45 46
    106 66 78 217 215 174 154 245 16 152 74 139 22 202 210 35 107 39 223
    124 175 253 7 171 63 175 146 52 90 76 219 149 185 231 56 214 34 37
    174 47 177 196 67 24 49 164 129 53 134 5 38 49 230 223 123 255 180
    177 175 251 65 208 160 217 76 203 224 220 124 1 36 10 144 120 175
    165 217 201 191 137 141 208 158 17 138 147 33 139 83 88 106 123 66
    134 167 157 15 89 98 99 222 154 218 245 153 200 111 177 234 166 0
    173 160 60 57 114 10 182 209 43 102 181 208 186 229 137 229 160 79
    99 206 137 104 162 238 198 95 159 90 75 187 101 117 254 38 189 4 209
    94 209 111 82 241 223 39 215 166 174 104 183 122 235 30 65 173 51 38
    85 174 255 50 168 51 94 66 25 78 116 173 224 104 65 113 34 87 112 47
    215 245 70 27 207 82 193 119 66 200 247 115 180 71 126 6 224 41 106
    140 205 51 195 222 5 234 68 16 153 85 112 144 240 76 235 109 210 103
    18 69 43 110 35 56 130 221 140 236 61 38 152 96 38 30 33 3 88 47 249
    134 1 189 187 140 113 150 142 23 41 75 7 22 140 193 72 252 152 56
    129 84 241 240 251 103 188 183 69 147 252 177 224 114 248 104 111
    221 217 31 96 64 64 235 51 149 234 255 45 11 138 186 8 117 244 251
    71 149 170 162 200 125 48 203 86 201 126 2 193 104 3 194 192 43 143
    167 224 76 230 105 49 208 85 192 8 104 157 205 134 233 219 251 76 87
    67 241 192 51 83 135 251 62 120 28 197 162 12 200 80 20 135 181 79
    129 207 149 60 104 149 35 163 99 47 131 225 121 0 3 186 41 188 194
    157 195 43 215 50 219 212 76 120 146 10 131 36 91 23 203 152 43 23
    196 140 101 28 94 68 27 252 3 110 44 99 151 75 125 253 198 241 116
    157 221 40 155 165 140 86 240 55 79 214 230 173 183 153 148 139 216
    116 235 175 235 156 228 117 96 170 9 244 162 112 54 165 43 214 50 22
    28 164 153 131 171 251 225 38 98 98 217 255 73 74 92 91 163 18 102
    58 100 202 230 151 172 235 133 22 89 233 255 221 116 216 250 93 115
    50 84 41 70 184 59 90 81 17 230 239 72 50 30 106 4 22 250 218 90 239
    43 246 26 165 197 134 240 4 175 114 25 216 127 99 51 14 237 40 75
    195 201 140 219 105 140 101 221 36 215 1 6 19 133 210 154 240 208 47
    163 254 63 221 94 59 116 36 178 114 46 226 44 241 82 153 195 111 170
    229 251 22 140 223 222 240 214 244 58 74 137 93 54 158 4 143 253 56
    91 249 157 243 140 173 66 88 40 71 105 125 62 178 15 53 200 250 105
    139 224 123 203 24 182 166 43 172 200 40 2 10 170 218 7 170 141 218
    104 55 13 198 49 188 120 15 119 36 155 211 168 60 115 147 238 6 128
    205 118 116 60 93 85 23 183 197 23 111 129 247 12 143 103 23 178 230
    83 186 18 247 253 5 236 6 149 100 99 12 99 233 40 11 143 193 58 165
    16 66 41 98 132 153 82 44 73 81 68 179 11 102 12 80 87 207 125 94 70
    147 33 244 28 25 31 239 121 200 141 152 55 245 184 63 69 249 133 56
    107 96 103 114 127 237 119 11 17 221 184 188 176 58 4 199 137 43 46
    17 62 14 88 182 155 131 221 206 16 137 131 250 169 90 174 170 171 89
    99 18 115 204 38 130 236 65 182 224 45 167 230 153 104 34 164 203 81
    29 141 58 172 229 65 80 128 176 127 252 194 26 146 251 171 73 166
    206 226 213 4 30 17 3 233 101 171 207 148 109 107 52 7 250 95 184 37
    134 254 211 155 45 183 67 169 200 130 170 15 106 246 151 32 220 173
    129 109 80 39 12 118 212 54 142 230 6 33 103 81 139 119 217 223 75
    124 222 57 219 244 72 100 27 30 141 195 2 32 12 40 160 38 249 206
    188 11 225 23 38 198 76 194 121 92 34 242 190 227 75 117 35 157 152
    244 12 60 22 152 225 100 59 222 69 38 47 5 4 190 31 138 215 237 187
    83 185 98 43 72 71 48 153 109 2 62 28 117 242 187 218 27 200 72 88
    207 125 251 210 1 85 7 83 110 148 255 195 146 255 247 229 55 145 131
    246 187 33 214 101 187 32 122 45 20 64 51 154 35 207 205 40 182 116
    73 166 53 108 92 23 139 14 192 65 10 164 252 41 46 156 134 165 32 8
    177 173 182 20 114 223 190 178 175 233 1 77 108 248 215 118 221 99
    194 54 107 3 216 110 242 98 49 146 206 40 60 4 157 76 151 150 27 9
    72 91 196 167 2 100 133 188 187 112 16 34 243 158 17 77 237 138 253
    121 100 59 176 227 20 209 193 255 197 0 36 162 226 76 50 66 42 109
    139 130 28 160 48 210 169 121 76 9 254 65 115 100 51 49 140 213 37
    44 118 115 57 184 223 185 190 78 249 196 218 77 49 64 91 162 176 170
    241 48 84 84 51 125 11 3 192 13 49 25 203 171 111 89 17 249 46 181
    43 161 16 88 158 74 65 224 119 238 175 196 194 28 215 136 251 71 255
    74 139 38 70 10 0 34 148 244 147 212 229 62 193 54 136 251 93 255
    251 46 130 45 102 45 168 206 36 154 91 68 185 8 114 175 138 140 164
    147 199 196 222 86 137 155 241 78 105 95 138 215 198 239 177 109 154
    90 106 187 134 161 118 89 175 144 208 164 30 103 235 145 108 124 71
    204 127 205 252 107 30 249 176 91 61 249 89 204 189 120 211 141 8
    145 160 230 48 189 219 20 29 155 51 185 142 79 93 137 41 223 242 74
    199 250 20 2 186 151 115 249 44 178 251 250 167 184 117 142 43 197
    124 67 166 165 217 154 78 63 219 12 253 210 102 4 36 169 86 0 207 58
    236 10 102 98 61 201 80 215 36 171 104 164 137 46 237 180 130 231
    103 149 134 226 6 157 225 81 186 235 173 194 149 249 32 95 76 15 66
    248 171 124 114 254 204 118 129 125 91 113 241 202 14 29 94 211 74
    178 39 34 249 22 173 12 110 26 11 111 13 100 4 191 205 47 190 203
    233 177 152 150 9 191 173 52 139 39 234 140 162 168 186 164 198 246
    4 151 195 210 23 252 83 216 222 103 207 11 63 213 173 28 178 138 54
    230 104 193 97 195 232 156 114 167 18 237 182 247 177 182 161 212
    109 33 189 53 77 196 84 221 185 248 72 136 225 45 49 207 108 61 49
    227 236 27 44 113 188 79 233 213 8 146 245 193 186 200 119 10 53 177
    41 13 14 13 90 161 145 146 198 243 228 252 149 118 18 199 40 171 123
    102 0 85 232 115 228 127 83 174 68 240 57 227 138 188 245 241 80 31
    209 109 219 32 153 72 215 192 18 182 255 254 157 96 212 210 24 89
    146 51 93 180 133 149 233 141 222 56 148 50 232 126 7 228 50 202 130
    250 244 244 186 108 131 168 0 39 126 71 222 144 107 208 40 108 47
    185 1 129 161 186 33 56 5 42 54 159 2 38 7 144 181 38 220 72 95 24
    199 101 147 0 60 70 185 241 111 225 184 128 124 17 31 115 136 156 80
    109 111 79 201 38 27 48 231 219 141 20 97 242 128 168 54 156 236 111
    214 159 87 68 56 238 110 160 8 197 130 76 116 250 216 103 48 69 18
    68 19 45 252 164 153 169 247 184 135 240 230 148 20 83 160 204 59
    146 180 96 104 130 141 134 147 47 84 48 244 27 87 17 9 249 31 205
    147 227 149 114 56 128 243 160 222 61 254 176 19 3 145 33 184 150 41
    57 215 213 189 200 193 240 115 96 19 166 202 148 210 8 89 210 133
    182 218 209 7 230 213 85 26 136 136 65 180 214 153 93 213 124 226
    155 98 116 78 24 206 115 90 117 129 53 149 183 226 168 16 116 103
    255 153 43 162 175 174 84 132 125 228 47 13 37 17 81 220 174 163 176
    17 151 196 169 173 199 146 248 41 47 39 217 83 112 231 230 149 54
    123 100 236 33 128 57 75 213 163 38 146 179 25 59 153 193 216 5 32
    67 76 35 103 109 123 105 121 185 180 176 228 185 217 13 108 67 219 7
    62 192 165 94 188 215 177 50 252 34 108 84 55 168 237 10 80 128 188
    84 204 226 68 83 113 87 197 166 74 119 20 34 175 190 220 235 158 99
    122 42 120 61 232 117 191 227 144 244 198 239 18 28 163 218 89 42 44
    223 101 56 5 68 46 78 72 62 8 190 86 116 240 251 61 215 210 125 186
    81 203 119 88 135 85 21 254 241 128 235 86 209 208 194 161 169 165
    21 216 106 155 92 233 140 137 88 174 25 2 102 104 119 176 3 236 44
    149 232 191 226 218 119 171 210 199 10 148 20 149 166 54 73 168 163
    45 105 182 110 105 15 147 246 182 84 231 110 159 53 177 226 28 37 85
    8 90 20 101 94 165 37 12 1 142 146 44 52 105 170 96 232 58 92 28 80
    10 55 99 220 181 83 78 131 17 243 175 50 213 117 98 206 179 249 251
    171 55 118 151 204 151 146 241 150 216 129 174 114 75 0 143 189 7
    119 93 222 21 211 56 159 40 248 165 83 162 162 177 223 239 126 208
    181 36 219 247 88 6 123 152 209 241 67 72 148 52 119 167 184 0 125
    58 63 33 214 175 140 61 113 28 102 133 48 87 123 102 42 235 180 41
    27 74 185 138 135 237 251 159 84 85 113 111 71 124 60 41 113 178 246
    201 165 121 112 212 39 142 227 86 60 50 119 246 171 31 27 138 7 221
    99 68 15 208 5 253 189 154 178 31 66 106 176 112 179 139 246 212 240
    123 251 223 197 57 84 207 77 134 79 148 233 243 10 250 39 101 233 78
    62 142 77 246 97 44 209 250 245 92 12 131 19 30 242 17 138 242 215
    162 13 214 151 80 156 232 209 192 0 118 178 97 152 179 149 153 247
    222 113 181 227 71 100 219 21 213 135 162 4 234 159 125 227 132 86
    212 134 255 115 214 104 49 59 188 29 159 248 246 98 97 233 193 179
    180 98 170 201 97 211 111 29 92 195 138 37 71 212 39 113 179 120 134
    252 54 138 181 103 211 19 181 137 239 234 59 21 97 30 140 222 87 0
    175 103 104 128 47 239 146 112 166 116 82 25 232 247 88 210 39 141
    254 121 244 221 26 133 29 213 58 12 66 134 236 69 62 202 66 57 190
    82 226 41 239 150 31 205 100 241 8 16 65 126 56 36 203 179 147 92 39
    57 97 198 220 82 69 139 162 158 67 132 138 124 232 209 224 124 118
    241 209 178 152 199 182 97 179 60 35 140 34 219 167 208 4 139 143
    117 121 64 176 250 52 122 152 123 217 178 27 49 52 56 128 84 27 76
    41 71 191 140 161 244 225 252 191 247 136 246 226 12 99 142 235 161
    137 232 31 106 230 89 231 10 42 165 80 59 226 131 238 224 159 92 116
    164 176 220 156 25 221 32 66 24 240 12 132 204 222 98 191 212 210 70
    170 125 99 15 6 110 255 244 104 207 236 75 74 110 161 67 120 34 203
    47 108 226 96 105 23 59 69 28 219 38 103 25 198 70 93 181 150 141 95
    123 138 206 69 157 204 140 50 31 20 245 34 163 176 0 81 178 2 89 240
    147 170 223 55 62 64 242 248 83 255 190 125 103 100 8 245 5 235 112
    200 82 234 35 27 55 226 145 207 124 158 8 148 49 221 108 7 215 151
    102 218 87 96 214 225 59 223 211 138 195 33 31 78 185 90 226 212 209
    150 53 177 29 181 73 9 252 20 230 51 8 250 31 84 87 154 60 33 8 123
    10 81 154 214 47 95 34 40 88 134 210 160 162 131 192 40 128 142 62
    251 169 167 145 58 62 183 192 139 89 189 113 93 124 28 23 251 106 99
    12 60 144 111 128 61 55 234 211 64 160 17 7 163 96 232 84 175 124
    113 194 156 52 141 46 237 20 206 59 252 201 155 243 247 202 52 210
    231 175 145 199 246 100 103 0 20 160 37 234 48 64 176 119 203 126
    147 4 203 213 208 135 212 223 58 90 84 170 187 67 131 131 94 218 130
    94 120 155 56 152 255 164 131 180 100 150 80 44 251 197 246 118 121
    215 241 31 70 186 233 119 89 138 94 216 214 239 96 187 91 73 4 246
    62 92 162 47 184 165 214 87 239 181 241 166 174 56 203 161 29 255
    144 13 166 28 90 23 143 35 155 172 140 196 165 27 223 216 80 213 155
    36 183 26 146 130 79 215 146 152 111 212 14 194 20 65 0 180 77 177
    71 65 193 132 221 46 51 112 202 97 62 78 75 77 196 91 73 212 227 120
    138 105 242 34 225 33 121 58 53 211 23 145 82 146 90 108 206 110 0
    65 1 144 162 242 162 134 81 255 180 119 103 125 76 123 55 182 233
    125 40 4 178 227 79 55 129 252 2 139 173 214 37 231 226 153 223 156
    136 76 2 72 27 10 71 225 158 228 39 48 153 161 78 124 230 12 234 110
    249 102 70 77 187 131 103 57 72 204 240 35 28 81 202 195 39 43 3 28
    162 61 69 118 192 15 146 155 0 58 188 226 99 72 164 130 24 153 164
    54 9 194 57 53 79 11 127 23 221 31 100 144 241 153 103 98 200 245
    231 206 130 172 192 100 79 244 222 158 153 177 84 118 251 109 179
    230 121 181 14 18 174 211 62 37 53 71 165 121 1 93 39 173 193 64 182
    77 80 44 145 19 198 119 218 154 245 186 141 229 69 8 75 183 127 37
    182 236 89 166 156 163 52 251 228 5 8 48 139 152 76 65 178 96 196
    140 215 251 48 236 219 19 184 245 244 102 205 184 33 140 41 75 18
    250 35 40 194 150 109 190 55 180 63 2 214 159 96 19 126 69 110 199 9
    216 250 171 246 31 243 92 41 248 42 123 91 23 223 145 47 58 148 87
    204 175 79 37 178 9 58 126 77 166 0 87 132 192 176 165 20 189 52 104
    225 95 198 255 64 166 63 170 39 192 142 37 28 103 147 98 231 113 241
    126 82 252 234 131 19 230 8 10 11 164 235 91 99 196 20 200 85 254 65
    110 22 119 223 132 36 100 29 165 43 55 149 214 205 35 220 241 48 92
    250 203 77 79 199 227 215 234 51 219 100 204 162 147 253 57 147 186
    17 95 154 37 65 28 231 188 44 25 106 209 11 169 227 190 241 125 11
    140 13 238 145 25 134 34 195 35 167 222 190 67 211 43 86 43 30 253
    238 118 153 178 160 149 2 29 84 156 135 161 23 71 142 181 52 10 89
    128 39 75 71 5 250 13 232 137 40 153 28 198 143 102 235 194 163 16
    41 43 16 254 42 78 140 148 184 221 105 242 232 132 53 201 176 125
    167 238 164 163 147 73 183 41 214 4 122 164 225 213 192 69 34 76 28
    134 247 51 142 30 64 43 124 195 168 195 244 105 165 77 34 111 55 49
    184 245 205 240 135 164 19 246 40 200 32 100 252 62 39 135 141 118 0
    118 120 164 159 17 77 127 204 152 113 196 65 10 45 80 132 57 55 201
    49 199 161 140 17 13 136 78 218 160 236 229 9 213 63 143 92 247 13
    76 26 140 193 233 129 227 227 238 211 38 78 77 36 8 166 27 41 23 117
    117 11 115 110 100 31 67 105 12 178 121 22 31 175 162 199 86 73 128
    236 70 39 32 247 216 112 2 118 1 71 136 130 157 190 118 176 244 127
    145 79 174 21 85 232 87 202 175 45 57 128 210 184 46 169 35 146 81
    21 93 101 95 227 134 57 124 228 222 199 143 203 93 147 27 171 100
    105 89 122 166 222 200 208 235 205 113 231 19 54 95 44 198 3 190 36
    184 240 162 211 209 187 93 232 85 105 244 208 59 83 135 211 85 148
    158 6 23 35 153 59 47 135 161 125 146 144 242 101 4 178 35 71 88 186
    20 167 50 129 131 235 54 213 108 235 190 235 95 245 213 104 247 165
    59 37 145 59 245 10 135 103 103 136 145 136 236 157 44 91 2 60 83
    210 81 234 92 116 38 48 34 104 93 102 37 100 250 221 233 13 225 96
    157 45 196 204 121 129 226 140 105 153 66 244 198 232 98 77 61 169
    120 75 42 46 55 165 123 159 135 32 6 41 116 191 177 92 108 110 79 1
    75 57 69 235 244 131 150 184 22 212 25 40 37 79 112 194 198 89 252
    127 68 5 218 58 62 168 101 68 242 83 92 172 234 71 243 202 221 107
    10 12 176 155 79 232 151 56 78 184 47 63 96 137 54 14 124 93 39 177
    216 244 24 214 245 252 8 80 27 157 37 2 73 26 123 192 34 58 5 82 141
    85 180 50 216 61 93 173 79 51 226 125 3 207 59 53 49 140 51 137 197
    139 232 118 69 141 169 85 84 236 138 249 0 46 143 84 172 42 94 240
    59 211 129 64 207 206 93 198 159 222 34 178 98 45 241 2 254 142 212
    41 97 46 246 24 206 152 252 183 55 77 220 33 133 139 106 127 80 175
    174 124 204 140 221 140 7 125 54 237 176 24 205 107 45 140 230 255
    218 65 211 166 12 149 132 147 203 108 139 248 4 184 134 157 4 88 109
    90 133 127 12 243 90 187 56 229 39 105 129 27 170 231 152 165 255
    247 17 103 20 110 241 169 83 246 222 219 10 175 48 123 243 35 68 60
    180 10 211 108 241 245 30 26 210 50 40 102 47 168 59 148 123 251 255
    42 195 226 67 71 223 229 7 233 169 160 48 7 99 251 151 57 66 254 124
    210 202 242 76 73 101 206 184 218 113 208 248 236 116 7 60 18 95 221
    145 8 195 13 94 82 72 96 75 234 39 29 197 14 253 64 197 165 89 253
    107 230 27 115 216 244 52 155 14 160 136 123 209 101 47 51 162 190
    115 82 110 175 190 6 91 239 80 13 10 240 168 231 85 242 204 48 14 91
    72 5 160 152 206 87 79 61 151 231 192 211 52 124 181 96 199 68 66
    180 44 103 240 189 100 224 234 21 128 91 191 128 169 9 157 161 36
    253 78 160 239 244 142 151 6 53 147 158 84 104 179 142 57 110 204
    154 167 123 4 253 127 200 51 106 189 239 42 129 114 234 226 36 61
    210 214 208 157 194 121 52 118 34 43 234 104 237 239 209 167 66 218
    11 199 152 250 216 164 76 86 207 5 232 198 7 229 239 200 243 172 139
    132 35 225 253 235 144 117 32 54 129 168 3 254 219 80 138 250 246 73
    227 74 232 12 249 72 159 243 110 95 60 87 112 229 147 185 110 92 169
    188 193 95 99 224 191 40 91 113 125 72 234 150 165 140 222 219 181
    161 8 174 38 89 160 27 152 161 218 127 115 69 58 170 77 164 106 42
    124 203 185 145 170 182 152 231 221 242 192 75 197 60 109 80 195 59
    181 120 124 123 43 184 9 60 5 251 237 140 58 5 210 97 135 18 41 12
    222 155 217 17 111 189 51 81 202 141 231 101 141 226 84 106 70 237
    113 182 59 230 139 202 200 89 240 132 163 135 189 192 236 22 226 156
    211 125 173 142 200 97 126 161 153 143 83 137 72 50 13 217 157 194
    216 57 16 216 215 228 225 239 4 77 192 36 62 201 229 137 147 58 178
    249 151 226 130 5 27 187 8 210 232 232 175 205 185 71 181 236 184
    175 205 255 219 62 207 236 93 190 90 253 36 206 175 211 43 157 32
    210 138 126 233 244 247 238 199 124 114 177 128 53 110 153 180 111
    145 115 87 186 245 51 29 110 35 162 57 110 125 108 88 209 199 179 14
    149 159 121 19 83 168 99 119 77 81 76 27 201 14 37 162 244 255 25 32
    180 103 71 73 206 203 81 126 110 241 195 143 187 124 149 216 7 155
    129 170 175 52 195 136 225 129 104 249 198 13 77 155 195 26 235 2 2
    142 30 29 254 204 110 217 70 11 89 246 180 175 233 119 44 187 66 154
    213 102 25 249 190 58 196 201 169 14 178 58 220 251 222 61 83 241 42
    250 10 220 108 104 134 1 102 246 150 49 208 167 195 197 40 132 208
    95 202 35 223 102 77 61 46 43 100 207 55 163 96 66 221 8 138 50 54
    221 146 225 55 194 148 140 219 251 49 243 178 114 145 127 83 244 171
    208 128 33 85 170 188 14 34 156 165 236 119 170 129 180 53 181 192
    82 244 225 175 96 132 92 139 22 189 252 118 200 6 141 194 56 233 187
    1 187 142 248 29 39 92 155 148 142 228 93 117 139 36 27 68 91 51 54
    64 252 90 106 133 198 105 159 25 170 196 59 255 64 51 18 68 120 217
    200 70 39 99 124 118 2 14 113 46 149 40 57 94 46 58 161 74 161 195
    124 128 51 146 132 169 235 28 221 194 4 105 9 137 249 25 237 114 203
    90 120 79 231 50 55 21 88 151 192 200 138 171 71 229 16 89 197 85 37
    222 108 244 121 103 112 124 72 210 52 240 219 194 197 199 49 243 231
    76 163 126 227 198 203 185 140 27 138 100 43 161 171 113 64 156 27
    131 216 67 123 174 82 100 88 237 195 62 160 61 97 66 173 160 222 153
    17 209 198 125 162 130 2 77 115 127 115 138 116 243 198 34 252 137
    185 27 27 48 89 12 29 237 157 18 118 239 249 117 83 178 41 240 174
    124 182 222 184 4 14 109 11 69 159 239 164 136 97 3 49 98 96 66 153
    27 19 131 127 13 112 197 27 155 244 228 22 240 163 156 228 137 175
    199 111 40 48 22 95 0 121 186 81 230 195 72 113 182 122 116 229 158
    183 165 242 123 237 222 174 87 118 29 143 249 134 230 12 253 138 66
    161 92 201 30 97 0 214 22 253 55 59 212 191 254 94 38 97 187 8 195
    204 91 226 56 24 58 172 182 148 235 66 128 29 131 71 238 112 236 2
    207 44 211 44 206 147 90 252 195 28 220 253 184 195 107 250 110 228
    89 213 77 221 193 210 246 84 254 16 62 113 180 9 229 253 147 39 207
    174 187 35 199 11 65 173 33 21 184 188 187 127 125 98 22 93 82 175
    150 27 35 75 34 73 247 70 195 158 43 159 198 189 231 84 217 166 132
    13 51 245 112 109 128 39 229 193 172 145 218 83 100 53 57 2 66 66
    206 138 61 21 20 112 7 154 156 253 38 238 22 148 90 128 70 8 41 179
    36 236 126 51 213 65 223 194 61 166 136 176 125 157 155 123 218 148
    238 134 51 122 101 210 27 8 158 115 206 40 250 147 133 250 92 144
    137 51 189 166 198 207 6 161 186 66 8 128 133 1 13 106 103 50 251
    223 185 168 125 122 134 240 225 247 255 70 153 134 120 164 146 249
    66 165 98 177 140 213 4 161 119 247 60 2 2 61 130 116 174 197 87 224
    5 7 173 91 23 201 64 234 191 17 219 81 214 81 149 51 34 114 133 133
    79 8 189 10 38 54 132 154 53 152 222 87 215 199 111 230 159 88 196 5
    119 75 135 222 13 155 88 227 255 63 105 189 237 61 19 190 111 238
    178 106 153 241 212 74 70 93 222 89 35 136 140 141 55 133 229 159 96
    169 71 155 37 174 250 16 61 251 209 228 88 116 214 32 6 167 234 246
    108 186 19 110 75 129 225 93 248 107 2 196 193 211 234 196 143 201
    161 83 178 107 105 182 98 123 171 38 172 2 107 209 104 81 10 254 0
    235 141 125 175 19 197 148 254 3 33 224 11 35 155 33 34 26 169 111
    117 199 170 64 179 128 224 107 67 180 76 91 71 38 206 231 153 221
    220 82 120 237 194 71 198 41 85 48 132 206 203 47 72 149 45 144 133
    242 147 237 206 195 27 145 79 118 226 13 191 255 192 80 45 173 232
    207 63 33 113 158 235 139 100 240 134 43 131 246 134 114 11 202 12
    103 194 63 102 200 82 107 82 99 169 147 59 92 71 143 85 19 42 155
    169 59 250 249 182 221 230 133 50 90 244 84 91 170 147 244 238 152
    108 15 74 159 31 185 188 220 0 104 14 204 45 139 213 248 255 81 29
    235 155 76 232 172 170 141 214 124 234 32 172 13 122 137 24 92 77
    175 103 40 219 50 25 194 134 32 186 38 203 143 11 11 58 5 146 23 175
    145 181 231 243 168 90 189 242 214 94 81 177 177 0 232 246 105 53
    214 172 99 148 74 99 49 100 67 204 110 178 184 138 247 94 93 23 160
    128 173 50 68 35 141 209 144 77 7 131 151 84 236 82 135 55 42 58 118
    218 193 91 75 119 127 216 196 45 140 28 89 172 89 72 91 4 189 62 147
    37 159 12 192 245 194 237 242 37 36 53 124 206 51 187 15 50 236 124
    202 75 207 199 215 210 65 200 34 172 198 51 65 57 227 232 55 168 56
    57 161 160 162 180 84 151 148 169 203 170 41 99 180 28 20 81 27 166
    87 194 45 125 237 211 109 82 55 65 245 233 94 159 68 160 183 24 81
    247 109 229 44 254 214 233 32 72 0 82 219 93 137 242 56 239 18 41
    191 32 57 247 193 167 186 254 246 190 101 82 155 124 96 214 247 198
    0 210 10 216 164 143 147 14 23 2 44 173 1 137 82 162 227 63 97 153
    179 109 198 215 39 178 245 37 27 178 84 240 202 208 163 69 64 212
    231 12 6 251 106 167 229 231 62 140 56 181 214 89 147 102 63 235 228
    24 112 178 227 207 60 54 154 174 170 96 91 183 174 36 26 163 221 164
    212 195 179 157 156 42 204 222 13 48 197 221 57 219 136 46 26 139 52
    192 18 151 94 108 191 90 238 39 4 224 126 130 44 23 75 81 113 36 68
    9 203 254 100 117 150 195 107 9 246 141 153 238 63 104 146 252 20 69
    233 18 132 205 171 71 205 188 2 195 27 213 17 1 19 180 219 70 254
    235 238 116 217 211 208 94 33 154 224 65 151 143 113 176 248 229 1
    173 255 150 35 1 37 48 78 167 236 242 225 119 211 236 21 26 143 107
    158 69 137 162 26 170 49 83 57 196 187 30 108 107 235 162 104 120 30
    149 23 83 85 155 187 148 186 91 228 62 116 21 101 23 236 125 199 229
    237 230 64 211 59 211 251 164 183 63 230 196 148 16 168 81 88 176 85
    98 115 243 97 239 116 87 161 235 22 112 205 102 114 135 71 64 94 217
    234 84 91 13 179 239 198 63 230 94 120 222 210 41 217 165 211 137 17
    8 93 108 188 12 151 47 250 39 44 241 175 90 219 179 187 181 146 157
    184 114 112 115 78 199 214 18 132 119 154 215 96 114 1 132 244 157
    252 173 194 157 1 60 19 253 135 99 47 168 11 100 249 32 148 182 58
    165 212 32 76 151 134 14 17 110 78 153 249 218 229 237 246 200 153
    222 87 143 244 213 11 87 65 85 64 140 101 124 227 162 160 247 217 82
    194 65 155 21 41 67 148 81 223 59 206 217 209 103 50 86 46 153 194
    179 31 242 190 220 9 121 9 195 76 216 115 159 2 79 1 159 208 144 184
    179 128 187 150 34 61 31 45 119 128 101 101 4 121 175 71 208 181 246
    178 70 71 166 233 208 42 212 117 124 11 155 146 30 29 70 21 44 61
    140 186 105 152 151 71 11 155 153 90 21 229 22 6 223 78 130 39 160 1
    96 102 2 245 16 173 226 178 45 240 78 170 103 171 129 142 2 43 217
    81 43 91 204 61 116 214 48 216 12 130 80 183 224 143 8 190 119 160
    220 213 167 162 60 42 2 159 192 183 233 46 119 229 161 9 83 3 215
    233 26 115 115 139 157 190 45 126 0 136 93 38 187 222 154 157 234 31
    104 41 255 202 211 5 134 170 174 70 67 25 101 27 36 155 191 142 91
    180 231 212 57 51 158 0 86 57 121 213 39 232 171 164 124 113 25 162
    193 177 20 217 115 93 60 207 196 235 77 170 55 204 105 119 156 230
    201 194 41 101 65 4 13 161 167 206 63 185 39 36 174 40 23 45 5 80
    132 109 191 168 17 39 233 191 38 84 9 98 244 93 91 175 70 87 4 13 20
    105 49 36 111 68 28 206 74 109 251 125 225 77 42 132 71 209 78 34
    195 86 165 154 6 166 68 94 205 68 83 124 53 207 184 240 79 10 244
    173 109 151 100 38 154 141 255 234 81 10 223 47 37 123 132 5 218 10
    83 199 140 111 112 199 135 76 69 26 42 128 236 49 255 226 156 188
    162 243 19 31 207 217 195 137 10 149 245 94 227 135 72 145 108 131
    84 110 234 34 150 130 240 11 241 219 170 14 186 189 157 73 14 126
    135 207 164 96 223 93 39 215 179 126 111 32 219 148 10 201 72 140 83
    219 101 90 47 233 65 213 88 87 250 19 15 25 3 37 138 62 224 106 191
    249 203 28 148 81 49 231 15 39 210 169 49 89 50 236 43 17 50 194 218
    142 56 185 153 120 106 47 241 135 15 160 202 100 119 92 84 187 144
    225 19 92 111 155 25 1 94 14 183 19 250 253 231 41 92 209 235 29 240
    223 115 43 205 106 52 59 70 118 239 159 0 33 187 254 97 222 41 11 92
    141 133 73 166 108 89 121 188 5 168 38 141 154 184 123 94 232 41 255
    175 229 154 227 248 108 96 208 94 147 166 91 149 29 178 29 9 215 240
    2 85 200 147 0 11 189 3 212 23 242 132 232 249 119 17 40 237 87 213
    241 72 238 131 85 13 181 135 170 229 20 113 157 181 16 56 131 13 46
    222 219 65 161 238 238 227 28 227 25 63 63 154 194 90 66 23 242 7 2
    109 180 239 66 134 102 238 80 232 156 216 166 92 214 182 244 115 27
    121 198 210 66 243 172 98 73 124 118 86 63 16 88 224 120 48 18 45
    228 40 137 210 198 140 252 95 141 18 49 171 43 173 222 47 245 81 65
    231 165 132 245 252 97 135 190 48 147 71 247 211 163 73 200 28 144
    242 245 104 99 81 194 131 251 182 53 160 113 21 102 183 224 61 114
    254 152 88 92 10 111 234 3 34 230 27 45 27 55 64 35 80 202 52 25 243
    198 43 210 57 32 228 153 10 192 52 45 73 120 4 178 92 57 126 44 23
    58 97 119 190 117 17 2 207 210 188 82 63 182 216 171 40 228 173 182
    237 222 130 238 192 12 203 18 241 149 102 76 2 106 134 24 35 54 211
    64 161 239 148 136 202 72 248 29 134 15 1 78 114 95 21 52 238 39 113
    133 43 51 240 142 213 73 39 58 77 87 29 133 179 165 63 216 72 20 179
    191 168 214 65 77 114 77 210 199 126 5 35 236 1 38 69 240 85 68 161
    87 28 5 163 219 225 243 53 86 212 216 198 12 117 46 41 8 46 127 213
    24 101 172 193 108 76 196 43 130 182 155 201 90 103 24 28 163 155
    146 235 93 182 69 54 159 113 146 241 7 230 106 68 215 95 28 81 4 99
    109 68 93 252 51 134 242 187 221 205 164 132 9 253 176 97 168 220
    155 192 10 60 127 56 6 229 108 154 145 131 21 136 18 241 38 17 26
    234 35 2 198 43 247 213 47 154 98 137 216 159 135 200 56 80 126 99
    254 211 49 124 54 130 234 186 201 253 60 209 4 27 63 164 248 126 204
    34 239 170 100 143 32 211 152 66 23 166 138 51 205 235 226 9 248 144
    123 245 201 216 129 86 171 175 107 151 29 51 28 198 100 6 215 227 1
    75 151 64 75 9 26 82 208 236 179 118 76 61 105 78 149 122 160 235
    111 198 96 18 189 123 83 102 139 57 114 229 110 54 38 87 235 33 28 2
    8 205 142 75 233 224 225 99 25 240 104 155 22 153 245 85 103 160 233
    232 5 78 220 6 48 250 221 99 84 116 227 214 233 203 98 188 231 159
    111 71 194 238 185 205 151 44 156 231 138 50 0 122 160 251 27 216
    117 26 21 166 211 229 105 82 82 36 254 195 202 31 18 160 113 22 197
    131 153 196 104 246 50 103 141 61 133 223 174 218 199 99 176 64 242
    104 130 231 140 148 246 251 202 153 7 66 245 98 208 1 249 82 187 154
    147 219 112 33 21 53 139 250 62 206 143 39 8 237 150 236 206 117 228
    214 87 14 154 49 226 187 91 35 211 66 245 55 130 212 162 4 210 6 204
    152 239 93 200 0 68 148 35 190 68 99 56 141 154 184 180 88 177 91 74
    129 138 17 241 44 137 25 137 121 14 164 134 240 10 187 0 220 129 41
    16 129 135 176 196 78 100 183 83 218 203 225 46 53 168 123 210 65
    106 98 245 89 50 10 143 144 123 185 17 64 207 44 223 180 235 213 29
    44 124 56 30 63 125 252 81 88 117 27 208 159 131 156 47 40 194 242
    152 2 119 148 144 20 119 161 221 138 2 123 83 58 195 170 251 75 228
    100 106 113 169 186 246 144 102 204 100 41 157 87 168 66 247 8 60
    132 189 116 60 31 0 141 63 236 13 207 76 159 35 45 93 94 123 38 47
    86 248 178 127 149 233 233 205 215 189 247 207 232 37 174 181 101
    177 57 79 208 173 227 151 211 187 31 142 106 27 23 7 228 254 104 47
    229 68 168 21 13 180 139 229 9 111 73 250 245 253 157 22 10 199 97
    197 11 76 47 71 172 209 93 48 145 38 27 170 149 113 143 73 172 122
    38 73 131 123 154 212 185 223 248 159 37 148 238 146 80 205 215 232
    50 118 255 33 10 170 200 134 234 103 6 135 100 81 185 133 99 125 66
    78 14 210 31 10 168 104 207 64 205 99 188 72 130 38 64 24 67 74 236
    113 23 246 243 25 16 159 212 161 26 42 236 73 10 191 213 96 229 106
    95 108 20 199 82 166 190 199 59 73 255 166 159 211 129 46 150 105
    250 195 207 106 160 247 208 85 142 68 224 129 15 71 111 143 111 254
    117 37 13 46 105 200 133 104 113 146 57 8 236 230 11 125 111 24 210
    248 88 95 59 252 18 229 33 120 67 225 238 144 89 74 109 214 142 159
    119 180 108 29 65 243 11 124 128 59 17 105 149 29 121 225 89 124 185
    170 43 111 225 18 215 238 238 147 224 137 234 78 40 27 15 70 97 71
    118 79 235 71 8 165 45 242 5 78 80 191 254 41 98 125 72 8 26 251 40
    79 134 35 35 244 50 130 217 250 118 233 228 80 80 147 132 102 236
    122 71 85 55 226 209 60 208 119 233 208 115 128 158 169 214 99 192
    186 108 52 69 56 136 110 166 49 230 226 71 119 58 85 77 76 233 238
    235 127 55 63 240 9 37 249 105 158 167 61 59 93 63 224 222 26 214
    152 86 207 215 74 53 157 251 75 254 59 62 150 136 34 210 12 223 110
    185 148 214 79 110 226 239 86 17 7 109 192 175 195 122 55 245 149 34
    15 209 68 111 108 205 195 17 186 1 145 3 84 20 85 229 4 163 80 64
    130 30 144 142 186 129 201 253 112 233 14 126 210 122 133 153 201
    170 161 193 19 185 178 105 227 34 255 237 8 117 209 218 248 193 50 0
    68 147 55 115 34 69 12 28 62 55 79 58 68 247 233 172 57 34 10 46 61
    217 85 3 216 74 5 15 78 114 138 80 170 121 95 111 154 142 183 52 118
    49 55 191 82 112 113 127 173 233 120 166 202 122 63 216 108 68 27
    136 116 122 205 36 47 194 233 236 68 238 122 28 244 183 106 248 244
    178 5 45 52 221 229 72 55 107 250 184 53 48 120 2 32 198 193 123 124
    40 117 137 87 229 193 59 161 34 248 142 76 63 167 66 228 164 90 6 44
    35 13 2 57 198 26 119 83 5 184 3 240 187 43 122 66 88 14 115 171 150
    103 41 57 102 247 216 178 163 95 174 205 158 61 87 150 78 92 146 157
    95 130 101 154 28 162 143 255 26 186 233 33 71 191 81 170 179 191
    133 63 77 19 146 110 53 212 183 100 126 172 130 2 180 124 124 134 67
    177 209 119 22 187 164 207 138 159 99 159 128 152 231 124 188 110 21
    147 101 80 12 226 101 97 14 199 79 195 72 1 253 101 215 137 126 161
    92 225 14 213 190 243 249 69 212 42 99 63 254 31 119 1 87 61 0 77 70
    206 143 123 1 109 72 78 15 141 12 84 75 219 164 173 47 138 52 122 6
    70 113 73 79 54 124 46 54 151 131 6 70 161 251 215 31 118 189 69 237
    216 38 233 75 239 91 95 214 182 173 180 177 146 160 231 175 51 196
    101 18 154 84 250 109 63 0 60 46 146 28 151 132 152 38 183 66 25 130
    15 175 63 178 195 82 9 178 214 120 53 130 181 151 32 125 170 246 191
    169 9 239 15 187 56 208 226 167 11 139 143 120 233 250 226 186 196
    208 37 0 227 28 172 150 121 149 230 117 91 172 178 89 183 126 91 158
    202 4 152 95 109 38 16 253 74 151 3 139 254 212 65 178 38 114 64 109
    252 16 223 196 141 153 61 172 5 94 101 173 190 237 146 155 136 229
    148 31 249 106 233 163 242 136 99 85 240 164 89 150 146 210 38 244
    182 193 172 96 28 3 53 126 171 62 233 175 144 46 208 160 202 4 41
    106 114 204 27 124 66 24 38 192 125 33 118 157 24 33 168 229 94 0
    247 250 244 26 160 88 196 213 22 86 117 49 188 2 149 157 192 185 26
    196 200 224 239 77 52 146 174 158 249 127 187 91 182 178 247 103 183
    183 135 125 116 165 51 70 120 225 70 72 215 160 145 60 58 253 226
    209 89 101 205 182 217 61 166 134 237 146 20 174 45 199 132 4 129 55
    24 203 106 205 137 241 112 195 217 187 186 63 223 15 221 227 76 137
    115 145 230 83 70 163 178 41 215 149 180 5 170 96 88 95 114 223 51
    102 187 9 243 214 18 65 98 82 25 43 223 122 17 239 108 61 223 135 10
    75 225 72 102 180 9 164 81 202 234 164 198 62 106 30 80 79 19 41 218
    125 155 52 254 24 57 128 117 220 106 128 112 235 143 108 236 211 194
    210 183 216 234 195 238 40 101 226 212 167 85 87 106 152 245 17 152
    140 79 52 250 163 76 185 199 25 168 157 44 23 50 254 13 206 160 57
    160 138 169 179 187 86 125 234 211 110 173 207 211 104 242 191 161
    32 82 59 193 229 148 205 79 220 175 88 214 77 221 255 95 31 105 97
    144 180 187 45 147 178 14 174 140 252 39 2 107 87 119 251 130 16 228
    38 107 203 34 171 88 228 17 1 69 8 157 13 185 154 89 36 38 21 16 107
    124 83 104 142 181 77 178 251 182 91 167 202 164 4 222 120 215 232
    87 93 75 63 152 174 61 192 101 72 182 209 162 61 100 18 116 145 250
    97 6 52 107 247 181 89 203 27 146 157 26 21 104 126 219 111 108 42
    132 48 247 192 157 126 10 27 158 231 33 25 224 2 0 66 50 206 155 98
    70 190 33 137 250 218 191 106 115 224 173 245 35 136 104 226 163 32
    149 155 145 162 28 139 44 106 138 146 18 89 49 136 80 208 231 80 63
    154 94 22 157 253 77 193 126 206 115 77 150 53 214 107 93 119 28 216
    250 215 186 83 3 52 233 174 184 237 39 10 162 170 98 64 96 130 142
    163 61 190 11 212 7 147 164 90 126 84 162 243 236 230 235 125 70 222
    217 133 54 118 205 120 214 179 211 21 45 188 159 191 132 62 64 62
    229 173 253 66 103 0 225 151 212 47 65 20 205 109 126 184 56 187 125
    202 11 33 0 142 20 124 217 38 195 221 25 18 95 97 110 86 233 20 230
    31 8 65 58 106 136 108 83 141 190 145 181 164 196 250 65 29 64 69
    130 222 252 157 253 56 18 235 201 38 55 242 124 26 146 241 178 99 88
    127 6 21 17 11 214 76 195 129 54 12 189 219 206 175 58 128 105 20 15
    93 119 1 171 177 34 186 197 16 145 18 92 137 33 128 185 18 19 249 29
    125 195 106 83 64 176 152 220 108 183 195 90 225 119 18 213 194 196
    119 71 176 91 33 70 156 93 96 249 65 170 92 111 106 227 55 43 5 151
    255 81 94 116 172 55 152 205 98 224 165 169 194 7 189 181 103 6 163
    176 94 52 109 253 84 16 240 191 238 169 29 176 115 195 145 117 140
    115 92 34 43 249 193 153 169 110 214 31 52 169 220 179 82 85 185 126
    1 88 212 188 84 190 117 153 216 97 252 116 42 106 170 20 204 217 125
    247 191 154 98 163 43 27 178 144 17 171 123 125 203 159 123 215 161
    158 67 174 224 146 144 199 123 4 143 130 224 53 28 108 204 154 170
    226 237 8 145 245 228 101 62 84 64 117 20 77 40 163 149 24 1 191 135
    5 111 229 64 199 234 194 240 228 117 79 150 117 55 70 102 124 155
    189 181 106 95 58 51 189 102 128 110 0 86 239 138 224 27 195 144 182
    248 64 126 34 244 226 31 26 227 18 130 181 174 225 148 11 83 14 236
    208 253 192 106 108 173 201 168 229 238 10 75 225 14 216 110 241 195
    85 204 225 154 235 65 196 189 157 139 46 198 180 71 119 233 104 146
    221 4 52 76 67 138 70 240 156 146 155 226 89 226 41 33 118 20 209 69
    6 56 71 14 133 87 160 246 132 97 175 19 208 64 52 102 95 190 97 185
    229 25 237 78 36 41 102 177 96 195 75 188 96 166 42 104 131 164 57
    56 23 50 31 70 53 157 197 159 102 56 142 245 184 165 102 227 210 52
    127 138 251 4 151 230 220 200 229 80 203 81 102 115 92 85 8 43 168
    155 225 120 244 198 20 48 156 158 4 181 139 142 136 50 64 158 51 52
    191 187 247 34 170 32 232 153 3 171 113 163 109 210 142 234 33 245
    69 100 8 198 26 39 203 109 213 190 125 105 172 208 152 120 88 154 74
    47 218 245 51 99 177 227 156 214 63 62 240 238 172 235 18 103 149
    158 232 222 169 170 8 109 182 144 21 44 193 109 83 102 23 187 242
    103 87 92 184 163 151 34 31 23 16 226 131 91 190 231 238 203 71 243
    115 203 246 228 214 53 136 199 196 162 213 229 134 131 3 72 104 211
    217 56 52 182 176 129 110 82 74 213 119 15 157 105 79 111 59 194 148
    51 57 229 97 235 243 224 131 224 180 224 50 109 68 188 229 118 27
    250 103 27 249 52 185 111 53 224 146 88 48 86 211 51 125 37 74 204
    111 94 105 43 239 6 14 253 139 133 36 182 127 55 171 183 201 194 7
    196 206 174 51 2 127 140 104 101 224 54 206 1 209 40 189 180 197 162
    91 187 181 138 69 87 202 147 149 125 36 222 85 35 249 152 230 154
    186 51 181 57 34 178 16 213 91 239 221 197 168 120 61 108 155 172 71
    49 242 8 168 175 94 146 93 171 165 88 186 160 144 89 87 166 138 129
    88 109 1 60 209 177 157 139 168 2 140 228 164 104 58 1 219 187 187
    32 199 234 16 69 159 25 43 236 136 250 177 125 27 156 82 9 48 20 33
    92 10 176 243 228 186 153 101 138 89 178 53 149 242 19 45 58 43 84
    184 157 154 253 190 8 239 20 96 101 102 110 37 213 32 240 143 42 223
    202 12 58 57 36 27 85 93 57 99 44 84 146 121 163 113 80 13 244 84 23
    246 144 231 184 247 222 68 217 153 87 1 249 250 26 69 216 74 176 30
    241 179 255 77 45 156 164 204 45 135 137 249 187 209 42 145 164 134
    199 241 72 27 254 41 227 16 167 73 20 2 164 180 191 229 141 165 184
    114 144 152 185 23 212 237 238 45 238 241 123 47 67 83 131 15 220
    253 220 247 146 14 253 204 231 124 206 212 184 29 255 117 85 11 26
    163 139 172 189 5 235 27 129 79 59 35 61 149 225 243 160 153 179 183
    176 203 75 92 248 125 46 61 95 27 16 248 218 254 235 234 246 72 249
    72 118 197 76 105 223 232 41 252 161 199 174 203 192 24 45 153 180
    247 24 73 94 230 153 108 15 163 29 202 164 38 56 109 219 175 125 33
    16 0 185 194 223 61 170 202 161 22 72 191 135 63 183 167 240 226 111
    142 230 185 212 208 120 221 236 133 235 215 239 95 213 239 145 204
    161 215 229 39 175 182 92 64 186 89 6 2 245 47 34 12 215 69 35 217
    246 254 15 163 243 6 83 111 130 29 219 48 80 108 234 67 137 136 27
    166 62 58 115 182 186 13 92 182 161 68 154 250 202 69 6 255 74 87
    245 50 181 63 218 0 186 198 30 166 5 85 167 124 141 51 188 249 70
    130 221 73 155 80 110 93 89 247 64 149 219 20 178 101 231 101 166
    177 101 2 95 136 87 86 195 44 220 210 171 85 160 161 205 250 242 218
    252 106 169 113 79 59 83 61 35 233 183 185 184 147 230 27 30 19 130
    144 208 160 233 209 143 130 162 43 20 180 149 1 35 1 185 207 69 255
    208 217 175 79 75 200 212 47 11 234 127 103 85 95 152 241 145 35 26
    143 251 228 188 213 14 196 119 114 140 252 52 104 40 95 48 197 146
    81 149 248 19 85 134 182 174 223 224 92 227 90 26 228 212 45 27 186
    15 201 38 76 172 16 110 176 128 152 235 120 126 196 195 7 107 147
    230 226 182 181 224 254 113 8 222 190 90 211 231 212 45 106 6 228
    236 216 215 234 223 105 132 132 212 159 185 91 179 80 188 147 254
    232 143 53 153 86 126 180 211 57 4 164 13 240 122 92 5 28 226 113
    199 5 148 250 158 108 108 170 35 201 28 84 53 160 200 119 140 119
    102 90 98 211 215 167 212 205 244 81 27 170 23 137 103 136 211 213
    172 7 77 6 164 174 167 91 60 109 142 77 64 155 115 118 96 254 130
    213 108 98 250 11 124 96 119 243 113 63 27 151 115 27 128 113 30 91
    115 181 51 94 48 157 217 20 211 30 115 130 35 199 143 175 6 35 189
    221 115 113 167 230 192 8 189 237 216 233 175 106 105 168 255 228 52
    4 105 97 176 164 150 177 122 89 88 151 21 149 73 245 203 1 117 164
    91 151 20 179 182 44 53 252 21 107 208 104 203 67 74 88 130 2 183
    231 47 45 186 182 242 154 2 170 188 61 197 232 220 187 180 84 254 32
    146 112 41 147 29 105 19 10 81 231 63 107 171 168 167 85 252 45 220
    192 163 224 117 114 182 220 155 249 4 138 57 22 229 187 167 231 104
    36 31 21 252 125 135 116 243 197 130 40 247 208 117 183 68 102 123
    150 15 218 1 86 62 31 4 215 101 73 231 17 105 40 199 220 12 173 155
    95 10 0 12 252 84 90 168 139 200 11 152 30 200 121 36 44 123 248 103
    170 213 137 58 86 140 171 64 234 194 230 239 83 78 176 130 170 27 61
    224 119 250 166 97 61 134 29 40 229 197 197 123 198 210 130 3 0 11
    95 225 189 8 95 71 158 78 38 163 163 232 253 221 18 161 52 163 112
    49 11 165 129 163 97 15 138 251 213 48 196 150 130 78 227 18 255 186
    110 120 67 204 181 165 156 250 93 104 210 67 171 216 124 190 205 55
    132 244 82 145 233 186 101 4 157 192 132 199 240 224 146 164 211 154
    67 215 247 174 7 175 141 37 126 246 156 198 224 232 224 82 1 245 144
    70 13 92 6 100 212 133 121 225 183 35 171 125 238 183 45 4 162 33 89
    37 97 73 104 40 193 248 137 19 236 98 68 117 182 160 243 17 35 242
    43 57 245 115 96 202 18 1 88 77 17 141 135 133 72 125 8 29 125 29
    252 128 146 231 42 255 54 174 60 121 184 110 120 90 203 72 94 16 212
    106 133 3 86 140 145 117 11 220 136 189 174 245 39 149 248 101 47 5
    59 136 244 112 194 86 200 173 109 69 167 250 214 248 185 208 192 149
    56 146 20 241 198 60 89 44 183 144 126 236 36 218 242 62 61 156 9
    212 211 138 217 199 254 212 185 78 67 198 238 44 37 44 212 22 168
    120 9 210 95 224 130 101 47 175 239 158 173 240 28 237 240 217 230
    224 98 18 75 23 199 240 63 65 18 219 43 102 239 157 34 140 225 96 82
    165 133 7 242 167 71 119 104 122 152 42 138 243 141 244 249 35 254
    58 51 196 67 149 53 49 71 243 143 6 153 13 229 194 157 198 56 200 18
    160 167 124 139 202 9 72 250 234 203 146 66 46 55 225 47 57 163 3 92
    161 115 184 145 231 21 197 203 206 244 82 230 153 155 52 168 167 163
    58 76 72 150 201 88 70 101 161 114 71 76 203 246 242 43 18 63 219 90
    148 173 0 118 252 231 173 78 209 99 243 252 34 173 214 85 200 83 255
    223 147 214 212 46 102 10 175 50 90 162 95 56 70 68 209 132 91 87
    120 241 147 55 172 32 103 99 141 223 226 163 254 198 103 31 185 92
    112 3 177 121 58 190 184 231 60 121 15 245 188 72 245 100 104 54 157
    192 242 245 172 215 93 47 52 1 230 197 98 203 45 135 40 169 118 186
    40 233 250 15 198 178 160 125 137 148 162 235 175 144 84 211 230 43
    210 252 183 232 183 145 53 16 97 82 38 95 104 163 241 214 27 73 126
    42 250 154 72 117 27 152 127 37 110 194 46 215 142 6 115 10 168 191
    163 225 67 121 253 23 224 37 23 144 226 152 240 253 245 120 221 17
    33 109 248 106 226 255 89 36 17 139 209 137 195 49 102 63 57 121 222
    171 10 192 174 75 113 41 137 74 56 89 149 232 236 120 101 84 98 66
    88 205 152 176 19 191 104 6 152 144 232 218 76 125 159 88 247 200
    170 109 145 209 28 103 206 220 50 161 12 189 15 66 65 54 254 108 28
    220 247 34 97 174 98 236 139 24 18 105 24 215 161 177 209 58 76 27
    22 227 104 41 41 252 204 122 108 145 196 255 115 110 147 226 177 138
    203 107 218 202 219 97 171 25 54 86 36 73 4 162 240 136 233 47 247
    109 64 255 80 234 73 105 66 181 181 211 126 71 137 123 35 248 80 95
    52 206 135 121 55 52 70 191 88 246 81 54 76 6 155 106 205 124 222
    126 128 186 199 180 188 187 115 173 27 73 177 138 130 92 10 200 47
    249 169 12 101 122 141 214 18 163 254 26 24 131 126 232 5 196 184
    158 69 183 180 157 119 34 212 151 173 123 212 83 23 213 238 12 111
    209 175 231 139 173 183 41 56 57 42 231 166 40 3 217 188 236 219 99
    117 190 216 39 170 118 191 247 230 54 216 194 231 233 133 124 204 43
    122 187 177 41 170 113 240 217 32 175 157 80 217 27 25 13 32 185 83
    153 121 44 112 249 252 153 10 222 8 230 220 188 255 83 223 0 60 167
    26 209 3 77 83 194 148 195 139 116 17 176 244 215 157 180 216 76 118
    72 93 42 164 108 57 42 243 133 178 160 52 74 133 216 229 189 135 63
    102 182 14 95 238 204 209 87 100 213 49 235 9 255 60 46 84 244 75
    196 63 145 246 183 201 56 168 14 105 92 99 4 47 207 171 28 130 156
    167 24 41 237 221 87 1 153 97 110 101 28 111 2 228 11 55 80 179 224
    55 59 23 48 234 237 60 145 212 50 155 167 241 244 186 255 176 157
    221 171 27 168 239 176 216 64 173 196 184 10 148 143 187 28 238 125
    171 103 169 197 212 7 232 224 222 87 240 144 94 192 24 37 4 150 10
    249 244 145 98 193 207 250 214 232 141 56 220 55 119 166 245 188 61
    177 108 214 51 70 9 214 101 218 253 112 10 146 200 251 37 120 87 116
    176 165 36 188 205 19 163 60 83 35 236 156 4 121 28 199 50 227 16 10
    58 24 232 6 106 58 120 54 102 211 17 182 59 169 94 12 236 198 55 149
    62 205 45 6 149 249 29 23 80 69 89 72 58 104 101 254 94 229 178 67 4
    138 131 76 147 1 37 244 106 72 109 238 57 31 28 2 132 42 104 195 36
    121 10 67 211 242 154 24 29 212 228 76 5 179 246 225 189 164 169 107
    240 118 247 76 94 117 32 226 145 185 108 159 213 193 248 67 134 190
    176 128 134 19 121 85 22 171 12 68 163 165 244 75 141 160 182 128
    143 155 147 11 220 42 238 213 24 157 62 45 213 28 142 179 107 91 254
    148 140 20 189 4 69 62 68 141 247 117 82 24 107 55 157 175 41 115
    125 11 235 35 210 175 15 168 18 172 29 121 232 125 26 160 234 94 68
    177 146 129 55 4 15 166 26 160 102 26 10 249 89 239 245 140 226 55
    145 173 193 187 151 41 144 160 87 34 242 63 73 102 217 121 114 160 5
    247 46 33 123 53 46 179 128 94 239 79 128 82 38 160 97 103 106 174
    25 84 78 250 201 55 222 164 111 196 113 197 217 177 153 52 40 247
    165 57 7 10 234 52 218 38 165 10 76 166 111 59 94 131 178 22 62 92
    139 137 101 34 98 29 208 118 94 237 246 107 81 167 201 162 166 205
    53 101 45 227 86 204 96 117 119 119 67 122 213 133 241 253 244 58 43
    16 221 131 201 49 164 127 238 122 0 244 80 130 231 3 187 232 188 44
    8 166 47 63 145 169 107 172 173 128 188 206 57 235 229 226 64 8 115
    170 188 252 117 8 151 55 230 236 11 246 218 70 150 139 34 140 131 31
    244 195 14 14 218 64 246 249 106 159 250 49 69 171 234 188 36 138
    216 79 41 110 239 113 155 179 120 44 198 29 205 51 163 172 96 167
    186 79 226 130 13 36 193 18 19 21 155 98 116 235 17 125 66 181 235
    129 120 238 211 62 141 59 4 215 252 183 209 133 194 250 220 139 50
    30 29 19 94 56 191 103 124 126 239 1 165 211 99 86 170 144 58 234
    168 125 215 105 188 155 125 7 14 192 8 184 57 116 82 109 161 160 167
    172 119 123 76 123 78 251 113 182 45 154 101 20 216 4 150 80 177 50
    171 174 179 182 254 70 206 116 8 78 48 143 10 229 76 171 68 16 228 5
    188 214 11 244 129 124 123 26 100 165 95 82 40 81 252 225 48 177 246
    111 4 223 28 188 213 246 237 177 198 141 43 42 172 182 211 136 158
    72 34 245 43 234 252 72 77 175 186 222 86 181 207 231 74 87 99 41 92
    164 163 20 158 123 186 209 166 145 252 222 68 120 107 213 45 226 172
    54 72 49 64 14 159 201 77 119 67 20 245 113 60 153 150 146 95 211
    105 59 238 46 103 217 23 26 93 187 220 179 52 217 68 176 113 246 229
    4 248 170 6 232 234 146 40 252 43 36 252 66 139 200 240 162 111 111
    31 190 231 225 164 39 68 175 3 104 106 176 25 165 19 53 45 225 214
    47 17 95 4 45 49 76 130 126 128 78 68 184 209 29 52 105 79 201 175
    196 127 243 44 34 85 158 231 106 126 16 86 47 170 56 106 168 28 13
    205 119 72 241 72 247 82 147 12 115 144 91 112 252 242 238 204 199
    119 69 194 64 220 187 124 202 192 166 117 191 133 188 175 199 194 45
    41 185 181 127 175 28 43 185 86 118 175 250 100 126 87 200 181 168
    255 150 141 243 11 99 71 25 199 151 249 139 18 77 238 55 80 108 71
    70 18 223 153 187 101 68 219 110 125 62 202 130 253 164 83 54 202
    151 41 169 83 135 183 240 247 143 247 185 9 138 142 159 176 190 127
    191 103 26 197 233 70 8 245 91 66 56 176 21 121 221 13 32 252 134
    255 106 53 24 72 118 29 122 250 52 22 29 216 134 75 105 122 131 117
    221 183 141 144 9 29 251 60 69 178 109 231 54 3 87 104 86 148 89 180
    64 46 53 230 4 254 153 159 28 253 119 11 209 105 58 222 84 9 194 210
    35 118 91 200 177 78 63 249 97 188 192 207 7 234 242 235 146 0 45 81
    123 58 182 11 215 139 184 200 109 10 142 242 203 9 12 83 211 139 108
    226 210 72 197 243 247 69 29 8 14 187 95 15 172 22 100 63 111 242
    233 113 116 13 174 90 8 58 3 248 66 109 120 79 138 83 179 112 158
    248 85 76 213 112 172 230 219 246 207 24 138 128 43 44 80 255 109
    246 112 253 140 169 29 202 11 243 241 172 44 135 36 142 158 129 60
    57 26 191 53 34 158 78 231 141 195 181 126 136 153 185 213 129 12
    247 34 34 24 124 194 196 19 116 152 208 240 1 82 210 10 58 75 178
    209 167 203 210 225 102 46 111 8 132 97 95 105 187 166 25 232 2 82
    174 146 180 75 22 36 32 194 174 151 9 126 196 106 25 66 184 119 188
    9 114 210 9 58 148 75 67 84 133 18 143 130 146 54 49 38 93 133 143
    226 98 78 26 105 254 23 40 93 254 171 69 130 18 218 19 198 221 58
    221 2 104 10 223 254 163 166 27 136 240 184 201 227 68 134 114 111
    149 92 5 108 49 199 192 215 182 171 94 224 252 67 28 195 74 96 252
    65 49 18 130 76 213 124 41 124 141 50 129 63 175 111 178 242 43 236
    206 189 173 206 87 33 231 109 253 110 192 241 148 75 70 175 47 119
    211 235 41 84 226 131 86 100 41 0 157 22 121 132 149 188 68 169 198
    23 190 114 211 255 124 76 114 39 2 32 163 168 144 132 126 162 4 166
    44 9 148 212 128 248 37 16 143 64 57 70 234 154 13 93 240 100 31 249
    203 249 142 144 209 91 184 2 68 182 82 3 7 176 22 219 123 136 231
    113 172 31 140 143 251 64 129 165 129 228 37 36 212 1 22 229 244 182
    202 107 88 140 221 222 67 149 28 148 81 140 113 82 25 43 66 177 191
    195 89 166 18 128 25 22 200 28 68 79 181 164 112 90 97 10 129 69 15
    111 160 123 73 91 78 255 191 211 53 237 242 65 145 48 154 10 194 162
    112 182 172 96 93 183 176 148 70 97 114 187 97 225 127 222 176 136
    203 73 195 96 226 146 172 162 207 71 254 138 200 80 100 149 186 63
    41 201 1 151 229 62 192 13 174 34 159 198 91 73 200 114 39 102 49
    230 72 133 86 115 252 230 220 98 224 217 208 177 32 157 104 180 129
    221 39 216 203 141 232 5 243 46 124 136 95 142 137 86 142 101 41 41
    205 144 192 127 128 58 226 215 22 247 215 204 185 197 191 116 253 51
    31 96 202 142 204 38 31 185 33 208 227 253 40 232 5 232 121 24 14 49
    217 235 201 124 162 238 16 104 198 122 210 191 86 137 87 79 78 5 181
    201 84 209 65 13 1 248 202 159 39 30 240 200 139 115 151 131 120 162
    168 143 205 13 142 142 122 192 164 9 63 156 33 47 51 117 151 91 220
    135 126 147 214 201 112 153 44 189 38 39 94 169 74 69 157 48 131 120
    99 25 193 194 222 52 150 228 33 52 205 211 231 232 245 74 236 159
    116 157 224 74 214 13 174 131 35 111 108 116 140 24 133 60 220 248
    10 241 138 184 126 65 109 227 4 148 142 3 122 123 85 112 159 1 144 8
    83 45 80 225 144 126 99 102 110 23 194 249 0 49 0 136 22 200 38 100
    254 46 48 250 11 110 174 105 154 45 176 68 111 123 229 159 113 109
    159 40 83 224 105 63 55 93 180 47 13 46 31 19 167 93 124 233 52 46
    183 29 177 52 60 161 64 82 26 33 189 53 240 82 89 226 198 147 188
    127 161 235 187 243 69 199 243 161 128 221 234 103 177 105 97 2 127
    213 1 163 62 105 50 168 194 57 255 164 2 195 38 239 172 126 107 226
    177 58 108 30 174 240 11 208 15 18 221 166 43 150 14 198 34 249 8
    159 4 13 31 174 61 32 115 125 255 10 211 27 15 162 230 233 240 119
    90 216 157 214 203 86 74 79 101 242 138 172 255 44 233 68 186 178
    148 159 230 220 133 43 117 35 1 63 89 22 193 34 123 254 46 252 106
    42 56 240 203 157 58 47 199 142 54 233 85 3 30 78 73 153 135 180 176
    162 74 58 149 122 52 92 88 37 166 160 198 40 0 81 243 228 72 174 94
    32 188 13 213 98 1 250 73 225 2 5 168 70 162 106 117 194 221 19 53
    115 15 35 182 190 118 29 21 123 45 115 49 66 29 213 230 28 125 213
    193 47 83 116 235 144 60 62 235 237 10 157 141 65 158 205 111 143
    132 141 85 192 90 102 165 215 18 78 179 125 253 162 189 183 69 8 152
    49 88 54 75 78 13 183 179 244 243 108 238 254 183 234 137 78 255 8
    103 105 171 4 107 129 135 57 71 165 51 44 192 109 49 95 108 131 124
    2 136 90 147 147 59 94 165 201 92 201 134 187 150 146 80 228 165 189
    152 44 156 205 79 48 168 94 68 164 19 240 119 21 209 161 126 84 143
    166 198 164 50 103 76 25 241 155 251 253 249 145 249 41 249 160 196
    65 204 190 233 153 190 28 229 59 83 38 19 169 164 96 19 19 168 156
    113 137 85 149 220 173 54 204 144 181 82 153 131 80 233 237 173 228
    42 210 54 196 99 145 129 35 222 167 235 235 35 184 47 219 64 111 118
    33 109 152 242 80 32 32 178 53 238 175 192 49 7 196 51 133 95 89 204
    110 226 91 23 226 143 98 129 213 208 194 154 4 12 65 156 71 16 63
    173 223 203 192 136 6 49 64 194 22 222 141 206 76 119 53 162 240 160
    57 199 219 14 217 201 184 109 79 100 22 178 140 166 129 63 13 111
    158 231 83 176 234 122 107 209 98 60 78 89 95 59 154 85 3 246 246
    247 180 96 136 246 15 7 122 123 53 60 65 55 182 162 156 3 222 157
    105 71 62 167 79 143 249 129 75 228 201 4 118 221 170 151 78 13 0
    213 79 195 106 192 100 248 176 52 212 113 43 58 217 234 251 168 241
    148 120 65 75 231 123 243 56 16 59 64 241 155 120 131 131 105 156
    221 186 44 164 131 181 18 98 170 187 93 67 7 123 44 31 52 255 92 187
    56 227 89 148 201 3 218 110 124 176 77 218 12 127 75 140 3 235 185
    100 13 55 238 26 230 57 120 178 91 165 205 160 70 79 112 85 190 51
    52 179 233 115 168 78 103 147 133 35 51 65 216 101 103 119 168 49
    206 53 221 163 99 67 76 240 210 201 77 253 55 121 201 253 205 20 234
    229 51 27 189 45 179 122 104 227 147 137 239 15 76 190 65 97 92 210
    80 189 191 144 117 233 96 176 39 244 57 182 197 44 81 16 251 49 172
    148 119 178 165 234 245 157 241 1 4 137 91 158 100 114 110 47 110 6
    185 48 165 135 199 199 14 106 26 96 88 81 56 99 220 151 129 73 164
    34 37 220 217 132 124 163 87 151 30 73 253 169 170 212 79 56 146 130
    9 189 39 215 102 216 124 129 33 171 77 56 191 115 230 206 35 145 93
    238 64 175 7 231 88 66 248 6 124 69 11 187 232 228 149 234 130 228
    217 235 121 126 90 137 246 54 238 152 138 244 74 116 108 142 193 249
    141 188 252 184 188 61 174 231 196 193 84 115 249 134 36 184 234 58
    189 48 32 198 83 247 191 127 7 0 178 63 137 78 145 152 211 65 135
    112 27 182 156 226 164 114 79 218 14 211 139 50 158 173 57 96 153
    218 74 11 151 104 108 196 116 202 202 168 133 108 60 245 135 235 188
    34 38 170 126 22 150 245 200 173 144 224 140 86 57 43 78 72 237 162
    185 60 87 165 178 31 105 249 54 134 128 66 45 184 17 150 34 146 122
    226 42 46 49 183 20 62 233 134 114 183 20 10 193 156 161 127 64 83
    52 17 129 42 193 224 56 127 105 249 217 103 12 243 44 238 231 2 104
    132 174 246 254 202 110 120 146 76 140 128 54 154 206 3 140 166 166
    203 45 188 15 7 230 158 241 8 227 36 86 187 184 130 42 166 152 25 40
    15 82 27 1 71 187 96 124 107 131 191 35 135 4 63 237 139 195 25 171
    27 47 229 82 6 155 187 67 87 236 35 121 243 99 228 82 39 172 216 5
    160 149 4 123 155 17 22 108 185 135 27 182 135 252 230 201 251 212
    126 212 101 37 224 174 177 0 34 93 245 234 187 22 164 236 206 19 16
    87 0 254 116 243 211 13 57 151 72 193 149 179 192 27 245 208 18 224
    179 117 191 230 188 135 85 70 193 157 219 57 75 18 73 63 47 204 125
    27 6 156 207 189 161 22 149 3 246 67 66 13 156 26 226 49 94 216 94
    28 100 49 226 72 212 129 14 117 253 57 159 200 130 36 107 56 14 160
    215 81 28 110 121 191 223 71 148 248 86 23 36 127 165 93 166 235 31
    233 155 233 9 156 98 182 239 116 241 66 83 174 84 253 215 100 16 52
    31 216 52 110 20 52 194 39 202 63 132 67 132 150 25 81 158 194 41 60
    168 146 107 195 166 12 154 77 162 73 67 69 132 249 56 20 216 32 94
    93 0 4 37 117 26 118 136 58 82 136 255 192 215 185 163 144 2 189 83
    182 92 148 29 129 215 163 249 206 90 43 58 183 190 149 228 74 159 11
    70 238 128 237 251 145 173 161 62 122 80 107 27 238 116 18 205 70 91
    25 151 227 74 96 194 252 175 27 189 73 189 164 67 80 69 251 93 53
    252 230 167 105 9 188 166 58 80 164 230 41 2 103 29 253 57 155 27
    180 44 67 149 22 145 250 73 113 53 13 95 64 215 186 184 75 125 118
    205 230 163 172 9 3 2 248 16 32 225 149 2 204 160 62 135 241 1 87
    181 235 110 155 48 161 102 165 165 204 225 231 215 45 245 53 237 23
    19 93 225 118 165 180 172 50 16 159 125 132 187 65 127 151 145 98
    227 246 68 183 151 224 157 221 241 90 230 244 147 145 97 86 71 84
    196 67 59 168 127 107 123 92 71 97 200 118 16 184 153 51 33 232 78
    181 100 133 2 227 87 55 28 59 17 117 12 251 22 30 67 32 117 233 29
    226 183 95 135 81 38 121 155 58 17 194 85 89 246 71 106 26 71 36 38
    126 220 95 155 124 237 1 156 37 145 25 255 86 121 132 1 244 237 162
    109 68 93 231 58 175 236 39 4 234 163 70 154 220 153 195 98 116 184
    226 18 238 1 130 142 22 109 181 243 218 255 224 96 32 102 181 222
    245 81 102 89 78 210 242 106 54 163 179 188 249 248 33 185 12 196
    223 146 165 12 9 216 65 113 70 115 152 209 9 103 150 192 160 22 47
    142 150 37 184 15 96 76 133 237 143 100 156 174 68 44 132 122 29 196
    86 84 241 64 44 171 97 172 239 145 208 127 226 108 143 191 250 89 69
    42 167 145 201 134 28 236 73 0 242 177 202 86 125 56 145 1 186 101
    113 139 85 249 15 135 184 253 46 175 233 251 52 55 59 216 180 5 190
    66 189 188 155 176 126 18 78 235 105 12 120 170 67 252 129 191 34 69
    109 97 201 48 20 189 104 157 152 73 113 190 199 24 239 52 160 211
    145 33 147 223 61 252 160 41 155 85 166 229 34 140 29 173 9 159 104
    123 90 46 173 202 18 134 130 243 162 38 234 47 138 229 22 202 250 7
    22 27 243 53 112 126 31 33 80 30 1 75 45 213 146 114 106 98 251 152
    29 115 17 136 133 30 175 16 166 56 82 62 154 47 38 12 61 127 59 97
    152 143 82 66 117 26 115 121 167 174 213 92 119 251 193 123 88 213
    33 94 169 237 125 251 5 185 178 21 183 108 163 74 196 134 128 59 17
    220 191 89 222 105 123 141 204 18 109 181 162 54 238 13 146 94 59
    188 164 95 84 19 116 71 44 130 109 44 167 61 188 3 196 19 96 16 39
    218 64 140 166 187 95 22 10 20 42 107 100 238 140 41 34 72 57 18 7
    200 202 181 76 134 171 152 250 23 160 168 36 149 24 42 69 151 3 94
    131 212 112 74 234 183 254 25 148 105 216 191 176 141 233 163 161
    191 67 209 112 150 82 31 166 162 228 121 170 79 14 35 161 134 103
    168 140 16 185 216 132 198 98 94 147 190 69 111 225 89 32 251 158
    163 75 212 91 3 162 210 206 41 227 170 168 102 253 43 20 91 167 95
    156 170 86 105 132 205 29 122 204 162 221 193 209 133 204 111 107
    195 42 152 102 211 252 166 176 206 73 181 125 104 14 159 105 207 135
    71 104 12 152 173 22 251 177 167 116 152 205 35 115 193 38 111 161
    16 88 122 59 250 70 81 107 50 179 210 128 59 165 230 116 151 72 89
    17 244 156 20 203 137 71 95 248 9 7 8 164 48 142 25 231 32 130 220 5
    177 111 233 102 130 225 141 69 138 180 137 104 173 22 155 183 252 18
    198 183 2 230 35 69 80 37 13 210 135 74 173 59 235 220 128 67 29 41
    43 184 249 94 46 90 109 106 104 190 144 143 130 241 21 152 178 121
    118 87 39 129 249 49 105 142 26 86 244 63 105 150 86 231 98 4 104
    127 88 59 53 24 147 169 59 222 178 8 143 251 226 255 65 143 198 62
    23 251 73 110 212 153 134 58 102 248 221 252 197 8 150 225 200 43
    241 202 129 65 83 146 81 84 32 197 184 128 178 249 22 80 48 117 22
    99 104 58 172 50 115 202 254 20 16 198 174 197 146 243 183 161 16 60
    1 149 107 199 8 49 81 66 73 253</data></test_img>
<my_img type_id="opencv-matrix">
  <rows>100</rows>
  <cols>100</cols>
  <dt>"3u"</dt>
  <data>
    255 152 131 163 197 235 255 35 255 255 170 221 183 106 255 255 200
    105 255 170 73 255 250 149 255 74 97 129 164 149 205 48 158 34 151
    255 255 155 39 89 253 56 86 206 165 255 139 54 195 131 4 255 202 56
    118 96 127 255 202 230 255 215 52 82 31 0 2 12 85 195 185 49 97 41
    188 39 255 255 255 27 124 59 148 215 255 255 47 215 91 5 255 221 209
    255 184 227 67 127 255 50 31 132 255 153 199 255 75 255 255 178 24
    255 140 91 255 59 201 255 19 98 255 146 242 64 179 204 208 220 117
    136 204 13 255 152 3 255 133 26 255 185 201 35 149 35 255 17 151 240
    255 26 222 4 193 255 21 216 208 38 255 255 116 255 255 31 255 151
    108 159 255 90 48 255 158 76 255 99 228 255 41 245 37 29 18 255 244
    18 138 148 126 13 255 185 255 73 16 32 129 201 104 45 244 111 253
    163 255 250 56 52 127 178 144 88 163 178 34 255 22 155 18 255 221 23
    255 20 203 255 215 67 203 242 122 255 240 81 188 29 6 171 246 174
    255 59 255 255 110 24 255 26 202 94 104 127 255 185 38 15 218 164
    255 118 122 200 10 255 212 218 255 0 8 5 255 245 1 54 235 231 220
    217 255 49 255 106 44 197 103 255 176 156 45 29 53 255 166 37 97 156
    238 91 255 116 87 0 255 255 181 255 255 236 255 55 187 255 255 63 19
    255 119 206 255 216 208 255 124 255 255 60 199 5 183 6 255 110 255
    180 223 107 173 103 232 37 237 255 198 8 255 255 4 180 247 254 63
    186 255 255 255 255 85 250 235 44 20 185 235 180 215 255 255 218 255
    143 240 183 255 255 83 223 179 255 255 188 132 255 226 140 255 25 38
    3 255 18 255 142 255 97 129 145 107 244 172 255 169 158 193 225 138
    255 226 150 121 224 255 10 56 251 106 255 43 255 174 71 255 124 255
    138 55 242 255 59 168 255 215 255 255 24 9 230 123 138 255 60 86 255
    202 255 255 112 255 22 101 26 107 134 126 52 116 255 255 215 136 27
    90 54 27 22 32 22 255 82 255 232 204 255 213 140 104 58 255 255 112
    146 255 57 255 255 190 182 218 166 98 168 254 61 255 96 255 255 234
    237 255 6 204 27 189 54 69 151 151 59 60 235 173 40 139 255 214 255
    128 13 81 29 255 249 191 251 255 175 232 98 255 249 220 255 132 254
    92 234 35 7 202 169 255 239 126 255 198 44 255 222 255 255 40 103 59
    0 172 166 255 117 255 209 117 255 144 66 74 252 255 60 169 153 255
    129 220 255 202 39 148 213 255 255 255 91 161 105 174 156 207 8 109
    190 255 3 108 8 124 124 24 255 225 178 81 204 255 255 155 30 13 46
    138 181 242 57 255 111 255 255 4 255 255 147 225 255 178 40 35 94
    225 180 158 73 123 94 165 101 183 6 201 239 241 198 189 88 18 180
    177 153 146 67 0 148 37 114 134 222 37 218 57 255 204 106 255 77 156
    44 159 255 198 122 255 76 151 206 156 181 255 255 198 242 67 136 52
    116 129 10 76 10 255 44 113 168 42 255 126 138 130 255 225 162 255
    200 26 255 188 222 81 255 17 233 149 50 183 74 203 66 243 255 255
    255 233 86 255 255 189 255 237 250 212 67 216 102 255 90 255 94 255
    97 197 255 168 176 206 255 60 127 153 139 81 255 125 23 65 129 194
    237 255 146 18 129 48 138 221 130 59 140 125 255 187 87 223 236 4 10
    65 169 96 251 143 255 74 79 149 181 255 166 255 64 255 52 58 136 166
    172 255 87 255 175 68 76 106 88 255 24 142 255 55 44 145 255 183 71
    232 255 247 255 253 255 255 246 155 255 176 169 255 43 255 255 65
    131 255 255 240 255 85 255 255 53 124 255 247 162 255 255 252 82 255
    255 255 113 255 203 91 232 92 203 28 37 165 255 101 63 139 205 197
    255 123 74 255 255 27 116 87 77 64 133 198 227 255 193 68 255 255 35
    255 83 33 148 151 169 255 119 106 255 21 134 72 128 43 255 255 155
    255 255 71 255 233 115 144 221 11 255 133 255 255 188 20 129 46 191
    149 226 42 255 222 245 24 133 74 40 44 18 255 155 255 102 128 255
    154 46 164 242 155 64 223 32 129 109 65 188 49 100 95 161 159 25 107
    140 217 237 222 212 255 39 106 146 255 73 255 162 255 77 255 111 129
    95 178 255 38 45 255 151 159 255 95 100 15 255 235 55 188 236 255
    255 38 255 72 57 255 177 168 29 198 255 32 188 74 255 211 255 69 65
    255 255 179 15 17 93 98 76 56 255 255 65 64 232 58 45 255 247 32 255
    213 255 255 53 207 225 138 255 30 2 232 252 255 237 186 255 163 54
    194 134 165 55 105 255 55 255 255 149 255 255 189 26 45 96 240 255
    68 150 165 20 76 249 138 4 87 255 240 255 112 10 59 28 33 15 90 16
    212 164 135 255 167 90 255 200 204 255 221 76 255 146 208 255 150 56
    255 71 49 163 103 255 62 73 175 29 176 216 247 65 97 255 224 254 111
    255 144 89 1 250 148 167 116 255 32 20 15 20 5 71 74 255 255 123 98
    255 132 255 255 67 231 86 144 207 65 140 8 255 17 255 255 0 233 255
    127 109 146 211 82 146 136 156 255 225 37 255 255 90 255 255 15 203
    156 179 141 114 255 255 4 255 218 246 68 39 218 6 225 54 232 227 255
    43 225 87 145 230 255 119 255 65 221 69 171 101 255 59 45 168 209
    114 255 197 39 255 56 255 255 22 255 254 188 8 27 49 49 196 215 255
    255 26 48 10 230 131 89 10 255 255 7 136 255 190 193 114 8 202 255
    179 91 255 149 255 107 65 255 255 220 140 17 2 255 17 16 107 138 255
    255 255 54 255 255 255 116 255 230 255 255 254 231 106 75 140 185
    105 19 76 177 255 34 255 255 166 255 255 255 96 255 255 139 255 255
    125 203 255 255 100 255 113 43 20 151 255 255 50 255 220 99 43 193
    196 226 97 90 187 203 141 6 144 205 57 255 111 97 76 104 117 191 180
    255 255 111 250 57 234 193 255 13 39 255 151 255 92 0 39 76 34 148
    255 8 151 163 130 255 255 52 109 178 255 233 44 255 255 217 252 255
    30 64 18 255 162 180 255 16 213 13 64 193 92 29 184 255 243 155 255
    82 217 151 43 255 255 43 198 128 187 255 255 115 191 193 18 78 249
    160 112 255 234 47 255 187 59 255 190 168 255 211 204 255 255 255
    255 60 230 255 255 114 255 40 255 119 158 238 254 90 169 190 159 110
    165 59 192 240 209 211 255 251 9 255 71 107 91 239 213 255 240 63 18
    212 159 255 73 100 27 102 255 87 106 4 87 84 103 255 8 37 156 131
    255 126 102 149 255 170 38 163 96 40 13 165 145 89 47 169 255 240 63
    255 18 232 71 62 168 255 203 42 156 21 178 227 242 47 247 240 114
    102 255 116 173 252 255 118 146 5 255 255 159 183 189 39 255 224 13
    255 119 255 255 64 255 255 242 255 255 10 116 255 4 38 166 225 255
    255 207 111 255 162 61 255 29 169 255 55 45 255 157 255 233 235 18
    133 130 21 176 24 236 203 18 141 151 45 162 255 243 28 185 153 173
    255 207 225 255 73 151 255 222 206 188 203 90 220 203 215 148 180 88
    255 93 143 149 84 30 161 21 144 255 96 255 55 235 255 255 108 218
    255 27 62 104 133 10 123 38 255 133 206 58 181 87 255 255 15 255 255
    250 35 25 119 230 255 99 251 255 216 58 242 215 255 113 156 180 71
    35 32 242 34 255 242 69 95 255 90 228 255 146 255 114 54 130 20 170
    255 255 255 255 67 255 33 255 93 72 133 45 238 17 255 106 3 68 67
    255 255 215 230 255 138 118 142 124 133 234 52 255 212 132 228 221
    135 255 221 153 255 7 169 47 181 39 8 54 241 255 255 221 255 159 255
    230 128 146 106 54 255 255 55 13 160 86 4 136 184 198 134 158 165
    255 8 217 146 36 173 255 197 30 40 214 85 64 206 100 170 18 254 160
    49 255 151 194 44 255 199 111 128 245 255 55 204 54 232 151 155 54
    255 255 252 71 255 208 234 183 207 204 255 148 225 238 47 235 79 255
    77 26 255 46 100 126 148 194 176 139 47 180 112 255 107 172 34 154
    170 35 7 26 255 190 255 39 252 4 255 143 251 255 116 17 255 82 224
    230 255 220 151 255 16 132 255 255 117 255 35 42 255 125 196 255 50
    255 47 187 220 133 183 255 102 197 20 20 220 91 176 77 53 255 53 82
    255 102 25 255 212 189 255 99 53 255 91 252 255 244 91 250 246 86
    255 40 81 133 30 45 255 255 3 255 134 0 255 218 158 60 65 86 198 250
    43 255 189 187 255 200 87 59 149 56 3 108 112 185 67 169 121 174 11
    151 148 222 134 202 252 232 59 255 183 166 255 138 94 21 255 236 218
    247 124 255 92 255 129 45 24 102 67 12 33 255 192 138 255 78 37 255
    29 216 138 224 71 139 255 255 255 169 107 156 119 255 255 215 115
    136 41 255 102 128 132 81 255 204 255 237 208 232 204 72 89 1 235
    255 181 216 255 255 93 255 171 207 57 200 255 69 88 226 255 133 125
    255 255 254 255 198 255 255 116 173 255 174 196 175 198 177 255 147
    206 254 176 0 17 102 207 255 88 78 255 158 20 255 193 255 255 129
    100 255 114 255 185 255 255 255 80 164 255 109 255 222 255 149 255 9
    145 18 167 96 227 179 255 255 192 255 245 179 235 255 200 212 247
    255 131 255 11 50 250 177 97 255 255 101 255 18 21 107 241 103 255
    204 230 255 73 87 255 211 93 20 60 175 186 105 105 255 114 143 37 59
    255 106 60 69 126 56 125 245 166 62 138 92 177 220 217 42 247 82 242
    255 30 167 255 144 255 255 188 125 165 227 159 255 127 13 156 151 79
    54 129 255 255 77 237 255 227 209 255 10 255 210 134 241 255 228 132
    255 144 48 175 255 185 25 205 120 208 169 6 255 3 255 55 90 120 207
    134 67 255 71 162 161 213 182 102 255 35 114 205 127 255 172 74 255
    255 43 255 147 165 121 225 49 255 235 25 255 0 155 242 139 91 255 83
    204 255 50 255 96 234 81 247 112 90 30 100 165 255 207 177 101 158
    144 203 85 153 138 131 255 72 172 132 255 52 187 124 225 153 92 122
    177 217 13 223 151 255 255 255 168 198 255 184 208 55 218 255 255 68
    52 163 253 121 255 185 92 82 111 246 193 255 189 200 68 255 170 183
    20 195 221 158 255 255 255 255 192 125 255 16 241 198 54 216 255 255
    21 255 58 144 84 103 179 255 78 98 114 116 92 193 194 102 255 206
    139 255 71 148 76 144 67 255 64 77 255 11 255 126 137 145 223 202
    221 255 156 178 165 224 255 153 115 101 185 11 255 255 255 255 255
    94 154 225 76 154 255 255 255 255 231 255 255 131 76 104 77 5 47 109
    203 255 21 245 255 215 255 255 233 188 247 186 106 255 171 255 76
    187 35 101 218 198 255 255 255 91 11 69 143 66 58 235 83 230 17 146
    255 99 17 97 131 171 134 146 204 255 158 63 218 87 110 5 255 255 143
    255 45 179 243 202 255 255 234 255 128 251 187 153 215 212 245 255
    255 255 12 231 208 4 88 195 136 255 208 155 92 255 53 124 5 50 241
    255 211 132 255 119 138 255 22 255 18 151 162 60 255 231 249 255 218
    255 190 45 255 192 151 255 211 255 79 142 56 193 172 227 24 124 237
    99 0 30 255 223 21 118 22 246 55 230 255 255 179 231 255 35 18 220
    239 38 84 199 58 255 110 249 255 155 13 255 157 237 255 168 226 233
    13 67 210 232 198 119 237 236 255 52 255 255 96 255 255 206 39 42
    102 74 118 233 255 196 130 49 181 255 66 57 105 216 45 73 255 255
    187 196 13 53 1 255 110 6 62 192 245 79 127 53 50 37 192 255 204 16
    124 253 221 255 178 255 255 45 255 230 41 255 205 161 172 255 19 207
    255 66 14 188 255 81 217 74 8 99 171 49 255 87 251 168 124 255 65
    216 204 255 66 119 163 49 222 255 196 103 126 113 226 27 66 208 255
    255 13 84 230 66 255 158 153 134 24 168 255 249 34 0 245 40 255 168
    100 0 38 212 8 21 21 255 255 78 126 204 100 186 140 102 30 255 50
    131 255 255 49 62 77 245 247 201 165 255 215 94 250 255 208 215 116
    255 45 255 129 88 255 255 255 201 255 124 173 255 198 246 126 180
    255 185 58 255 255 9 238 255 195 187 99 174 240 99 0 255 74 255 129
    255 208 255 97 164 106 255 176 151 190 37 96 255 140 252 255 225 14
    79 73 131 191 109 5 119 115 255 2 81 255 81 214 105 255 62 245 255
    131 30 255 25 246 40 17 235 255 220 42 82 17 64 255 185 222 255 211
    116 163 108 130 91 112 5 47 40 246 196 45 131 255 26 40 255 194 198
    255 45 255 255 255 52 255 200 175 213 179 45 40 150 69 96 47 23 193
    27 111 255 96 255 255 181 197 181 202 57 255 62 103 12 171 105 255
    166 72 255 113 23 255 84 255 134 221 172 255 59 255 255 9 193 255 3
    226 96 239 38 255 38 61 121 38 73 111 177 226 255 124 100 255 232
    136 255 255 188 30 84 230 255 212 143 255 63 177 255 134 185 44 156
    222 255 115 255 39 187 110 67 214 199 250 233 164 255 102 83 163 152
    183 255 249 116 255 3 116 255 116 251 255 103 85 87 1 106 255 96 196
    255 40 255 160 0 107 255 115 151 111 109 255 161 125 255 255 68 103
    191 249 111 69 20 37 129 136 20 183 223 98 255 53 172 255 35 4 255
    43 254 133 223 16 255 207 208 49 177 101 34 255 164 59 172 251 176
    233 255 255 187 158 71 6 255 255 255 81 82 110 207 255 52 66 183 75
    216 255 164 39 82 16 215 190 116 204 161 78 29 185 123 40 166 255
    255 255 68 49 148 218 159 252 193 20 87 106 121 99 214 48 235 130
    121 188 11 175 255 40 164 242 245 143 238 190 64 255 177 151 141 255
    255 22 86 172 255 153 163 255 4 72 17 255 155 198 152 255 180 152 61
    50 255 235 190 17 222 255 28 183 255 199 226 255 105 255 255 207 255
    255 116 42 255 35 199 40 18 48 249 214 255 255 90 237 0 49 44 238 3
    249 0 199 125 52 226 57 255 94 3 111 183 132 107 85 196 255 140 13
    255 246 207 255 255 170 255 130 252 25 225 48 20 144 121 148 69 20
    102 86 121 255 178 8 170 64 255 119 114 255 139 99 163 255 172 53
    255 147 56 55 22 107 76 36 105 170 218 72 114 255 143 121 71 88 49
    32 92 181 18 16 160 8 231 144 203 54 20 18 255 207 2 246 237 251 255
    255 141 255 205 255 221 255 115 189 255 29 54 230 64 25 166 77 255
    237 209 238 255 104 47 255 161 255 55 2 187 18 71 255 27 255 138 210
    77 45 255 96 212 255 52 105 255 108 255 154 228 33 183 92 132 255
    244 255 255 212 6 175 225 140 22 164 121 178 26 169 255 131 98 10 59
    255 136 82 255 0 255 255 99 77 38 59 165 72 255 32 255 49 30 100 160
    104 247 107 255 77 255 222 255 5 78 255 64 109 255 255 254 11 133 13
    126 171 152 11 255 82 151 102 125 193 212 142 49 24 130 139 255 242
    76 255 128 15 255 151 203 106 147 255 255 133 35 255 247 42 255 250
    143 255 131 228 118 255 50 243 159 202 255 105 127 255 65 255 255 10
    241 252 26 40 69 60 175 232 245 247 254 119 255 233 85 255 34 255
    255 91 100 19 171 3 85 255 255 255 255 254 121 255 193 145 109 233
    158 113 255 93 255 255 125 114 255 237 128 108 62 104 204 255 25 161
    197 255 93 112 91 20 109 215 153 246 134 123 255 255 255 255 94 255
    49 64 192 25 223 255 43 24 78 127 255 255 24 146 227 177 255 250 197
    255 255 225 252 255 72 255 171 189 24 80 252 190 48 165 255 147 255
    255 147 143 255 143 47 255 36 255 255 255 35 255 223 29 255 58 124
    37 112 255 94 255 255 250 255 255 34 122 255 255 74 101 250 137 194
    161 134 13 255 93 255 165 181 96 255 47 42 255 10 255 109 255 255
    154 255 255 201 227 117 205 169 175 255 40 140 3 122 30 203 99 21
    163 103 255 151 167 39 178 115 54 225 49 174 171 81 158 255 106 199
    255 119 59 213 188 48 245 111 24 255 95 49 255 186 107 255 255 245
    255 111 16 255 251 255 176 108 114 44 90 92 166 55 255 255 134 255
    72 95 48 118 28 107 255 32 19 213 6 255 92 165 40 245 255 246 158
    212 28 255 202 255 133 119 202 255 37 100 255 65 54 138 249 255 255
    247 255 255 0 39 71 122 255 102 241 246 255 194 10 32 110 103 133
    255 255 101 152 98 200 47 255 255 147 33 255 129 255 245 25 255 233
    59 240 255 7 255 255 197 177 255 66 163 158 97 183 124 103 231 255
    48 255 0 8 5 255 58 191 196 199 255 168 62 255 255 88 105 86 213 145
    67 75 255 176 249 1 255 246 255 255 176 255 255 157 255 118 25 207
    121 56 83 143 149 5 255 193 58 255 236 255 255 44 69 210 156 81 255
    100 255 255 6 30 5 55 255 39 8 179 191 187 199 255 97 215 255 174
    191 65 255 206 149 86 83 255 237 121 178 29 221 40 43 35 17 67 231
    230 162 28 57 232 63 242 82 255 144 80 255 141 35 42 255 102 208 60
    247 93 141 93 115 255 47 164 25 6 189 101 162 177 255 186 255 255 34
    107 22 63 255 47 224 72 109 92 255 255 34 167 180 92 187 255 183 79
    50 240 165 207 230 68 20 231 213 255 255 102 176 109 115 148 255 82
    212 226 255 87 184 120 255 75 177 163 234 165 255 242 67 3 76 175
    255 49 255 191 225 232 255 255 255 18 255 81 255 106 52 255 255 172
    149 15 40 255 212 26 39 197 67 32 88 255 255 59 102 255 255 202 255
    212 209 166 77 124 188 186 34 255 1 119 129 227 25 255 26 216 232 81
    221 181 40 240 255 62 255 27 146 235 30 142 23 17 58 34 65 255 187
    250 175 255 255 255 25 57 25 255 255 199 255 255 99 74 97 241 255
    255 16 241 255 18 168 154 11 58 89 11 47 207 17 107 35 47 74 213 239
    255 101 250 255 181 202 255 106 86 83 255 175 164 124 153 197 255
    105 131 32 189 54 42 26 146 255 78 56 255 202 59 12 236 172 30 222 3
    255 179 255 255 81 255 237 132 129 255 95 71 255 211 85 255 255 96
    255 71 199 168 167 85 255 134 170 205 16 10 87 68 122 131 118 168 32
    38 208 181 57 235 255 114 217 255 188 144 141 255 193 255 255 40 223
    50 203 141 71 212 233 231 255 12 26 255 255 251 255 121 152 30 240 7
    77 255 41 212 255 220 56 255 194 24 237 194 68 2 153 222 13 164 130
    62 143 74 255 249 138 180 157 153 255 86 254 255 116 20 148 76 148
    215 255 131 249 142 221 255 136 246 183 116 163 69 180 182 255 199
    115 237 255 240 178 1 106 255 34 255 49 206 76 138 214 116 44 18 188
    255 185 255 165 243 34 255 255 221 101 64 255 255 108 9 254 32 255
    255 213 62 220 187 119 255 139 127 255 80 93 109 255 43 81 213 255
    255 255 37 255 137 42 55 255 90 200 196 124 139 123 149 255 44 255
    176 26 148 255 40 96 97 231 209 106 121 255 161 63 218 118 213 76
    222 146 3 67 255 165 255 216 8 200 62 178 222 240 244 255 213 39 255
    56 174 190 27 16 255 255 74 255 116 156 138 52 91 255 18 255 237 196
    255 198 58 255 50 214 255 151 38 255 156 218 236 165 35 25 233 160
    255 49 168 241 0 19 238 185 1 170 255 100 255 101 81 255 77 53 246
    87 167 62 123 140 255 255 247 255 102 83 134 178 239 49 178 155 183
    104 46 3 255 179 230 181 245 138 255 21 146 255 190 87 77 32 255 8
    190 213 40 224 43 245 8 255 72 84 68 255 255 211 201 129 100 185 168
    136 77 96 255 227 197 249 193 170 255 76 34 126 163 240 209 255 102
    255 161 240 235 255 138 43 50 116 255 82 132 255 255 127 222 255 113
    255 255 120 255 180 208 91 160 255 146 121 87 185 255 149 255 54 67
    178 158 205 173 255 255 236 163 195 23 45 190 50 114 251 207 55 137
    255 143 84 198 168 195 59 245 151 132 190 153 163 255 63 172 151 255
    66 255 255 6 255 99 197 255 255 107 67 189 131 183 48 44 255 129 204
    207 208 33 255 25 34 255 222 38 255 165 218 255 246 50 218 17 233 69
    93 14 255 29 255 62 202 255 5 113 175 255 30 232 255 152 223 255 195
    67 255 47 255 255 92 255 255 119 244 141 44 102 10 121 95 255 119
    237 255 255 255 49 128 255 255 18 162 242 232 42 22 46 196 91 187 25
    255 255 193 94 74 255 94 255 193 181 214 83 255 88 255 223 255 156
    109 136 105 183 120 194 141 239 155 148 105 39 255 230 13 193 164
    145 255 121 61 255 217 226 139 255 167 255 152 204 255 73 255 71 255
    14 72 18 129 255 62 255 165 49 126 255 162 48 255 144 106 255 153
    105 124 166 208 195 27 188 13 25 151 168 3 182 255 28 255 255 130
    255 79 62 237 255 15 141 69 95 150 91 22 79 148 108 232 123 166 255
    121 109 3 20 60 107 129 12 189 210 255 217 255 179 168 255 244 119 8
    194 222 10 255 83 10 105 215 158 58 127 156 225 215 233 109 201 243
    152 255 255 180 119 124 242 255 255 22 68 196 74 127 124 211 141 255
    255 136 255 255 56 237 193 255 190 232 189 255 141 255 255 109 252
    183 193 149 255 148 29 195 78 204 34 197 14 255 103 14 255 62 255
    255 37 129 76 147 115 64 72 174 178 43 255 128 164 255 165 155 252
    255 134 45 128 255 114 12 228 145 126 180 101 124 18 203 116 250 151
    255 1 21 99 12 45 255 255 126 255 255 250 255 243 255 255 211 50 74
    255 96 44 180 11 52 196 98 255 17 91 255 36 105 114 122 225 255 16
    255 243 255 255 255 162 255 210 255 255 15 50 188 255 113 126 173 27
    254 255 151 107 255 137 14 228 123 66 255 108 255 168 100 255 255 41
    125 255 253 255 232 35 127 154 65 236 156 34 146 250 255 14 255 4 48
    166 168 251 176 0 48 79 108 235 10 32 240 255 195 251 255 32 63 255
    125 235 13 181 222 60 65 255 138 20 255 87 255 151 22 255 29 153 255
    255 255 130 255 255 130 249 255 255 158 212 167 135 158 17 255 71
    178 132 255 255 93 255 175 154 220 253 255 238 152 255 27 22 255 255
    255 255 49 203 4 255 30 255 158 95 90 255 255 169 255 214 71 24 255
    255 255 152 255 255 54 213 82 106 37 151 183 255 35 119 218 255 16
    21 255 49 132 250 15 178 34 3 240 180 124 255 134 102 246 29 255 255
    255 35 254 96 227 11 255 158 184 13 36 174 128 15 255 255 169 45 71
    255 231 139 49 209 143 97 49 176 177 119 158 225 44 255 36 255 161
    244 26 255 24 72 57 234 255 255 17 241 213 180 220 255 28 255 255
    181 232 148 17 177 218 122 20 45 255 30 255 236 155 185 52 255 181 3
    63 191 59 33 255 49 255 104 243 167 193 255 116 255 74 32 250 209 58
    45 185 255 227 211 58 175 77 110 69 72 45 71 106 67 255 143 29 161
    99 9 40 62 101 255 176 255 200 188 132 255 146 135 200 36 106 255
    255 221 163 59 105 50 83 250 148 38 255 205 220 87 151 212 213 240
    239 255 255 86 34 230 24 193 255 161 255 213 240 129 193 87 179 201
    253 255 255 241 156 30 166 61 255 161 255 255 92 4 123 64 144 30 27
    116 255 206 218 42 123 199 2 174 3 163 86 106 255 146 110 255 244 68
    255 43 244 77 56 164 255 84 76 49 255 120 134 136 78 62 255 255 39
    95 68 255 82 213 255 76 192 119 26 4 104 234 193 107 202 150 77 165
    187 124 13 255 50 174 150 3 111 29 255 102 170 255 255 129 255 157
    163 191 116 109 255 241 222 191 71 52 173 152 106 255 200 255 170 24
    49 69 13 42 255 184 237 255 56 30 27 183 151 154 115 255 74 255 145
    255 212 168 0 88 255 77 17 81 52 196 63 50 44 129 193 43 106 255 255
    52 222 84 68 220 218 255 185 212 255 101 26 241 123 72 164 255 140
    183 92 176 20 201 255 159 29 183 158 129 255 37 118 198 255 255 67
    241 76 181 18 3 12 255 255 255 255 255 121 155 67 30 255 255 133 124
    255 206 160 245 203 121 134 169 105 255 40 223 106 62 218 74 40 4
    178 8 255 255 153 33 171 222 170 255 215 117 255 8 11 205 27 255 255
    184 255 250 188 255 3 244 179 255 188 10 255 113 38 45 255 255 255
    255 255 255 153 255 173 255 255 35 204 73 255 200 221 60 178 129 255
    83 232 255 241 10 255 69 221 92 10 42 255 255 255 139 255 136 50 133
    154 255 53 240 255 253 30 255 131 255 102 123 180 50 233 160 25 205
    13 255 244 68 255 189 42 255 4 255 148 245 25 255 4 62 255 156 102
    255 109 184 230 209 216 255 142 73 255 255 39 133 225 255 71 87 255
    255 255 159 243 119 180 7 18 255 249 233 255 255 124 42 255 111 255
    255 203 61 183 253 254 153 78 62 218 45 90 128 108 69 94 169 4 47 58
    182 42 45 79 67 208 135 255 179 72 123 25 140 215 137 97 255 113 122
    255 168 160 0 230 35 255 236 165 54 46 16 255 3 255 54 2 95 255 86
    249 146 27 116 52 112 255 255 245 91 237 146 58 235 218 177 255 131
    247 255 255 150 255 255 59 49 133 71 255 128 191 255 25 211 123 96
    250 243 52 64 47 255 191 8 165 136 243 30 184 255 76 149 144 63 57
    72 255 96 173 228 255 203 132 141 12 112 188 255 8 76 128 157 226 77
    95 92 79 183 156 101 118 73 255 151 83 255 176 93 255 50 255 223 8
    255 50 255 172 232 178 72 255 24 49 255 74 255 27 185 61 255 7 241
    255 28 47 3 190 126 165 88 184 62 197 199 62 255 102 129 167 87 247
    6 255 255 87 255 255 217 188 188 24 8 255 214 23 136 184 106 84 146
    91 255 193 180 242 142 115 255 94 255 255 232 227 65 243 255 123 13
    165 255 194 255 255 50 255 40 150 67 113 156 254 255 136 164 50 148
    127 34 246 25 255 35 148 123 183 43 255 111 185 17 68 206 255 156
    184 158 111 255 121 3 255 255 114 170 255 137 255 255 156 255 255
    255 199 42 255 228 255 221 134 52 155 49 240 24 119 54 88 238 233
    181 208 44 142 203 47 134 160 205 190 206 255 106 245 255 45 222 203
    155 202 2 28 159 181 31 85 223 209 103 201 73 255 238 255 34 81 132
    158 109 94 44 220 220 255 255 255 227 156 103 223 186 101 95 7 132
    255 94 220 136 97 255 238 255 203 168 255 216 235 69 239 215 255 97
    107 128 255 255 255 91 38 222 253 175 255 185 201 255 149 130 255
    179 10 91 188 8 191 27 74 255 220 207 116 255 169 255 119 59 255 255
    252 255 90 164 255 158 255 255 255 40 255 255 44 148 185 125 230 66
    217 138 255 49 40 167 255 240 27 163 188 255 29 12 195 255 131 190
    255 255 24 163 195 255 141 106 255 255 255 202 255 2 192 119 151 205
    42 133 0 23 74 228 172 255 119 241 250 123 189 255 16 255 255 94 221
    254 172 233 255 41 39 92 169 154 254 211 126 2 255 194 255 47 130
    255 108 255 255 231 251 190 215 254 49 214 255 255 220 20 55 13 50
    255 66 33 255 139 52 240 158 255 178 213 37 190 63 54 34 6 237 71
    255 100 60 48 145 60 18 255 254 216 255 255 101 202 254 232 83 255
    203 15 235 25 218 143 157 69 111 144 16 87 172 88 255 60 225 121 255
    156 255 142 255 200 49 255 255 106 90 77 64 97 255 255 184 255 255
    33 121 211 184 101 142 52 158 85 255 255 205 255 255 81 144 203 181
    255 255 66 32 255 41 54 255 130 255 255 3 255 146 2 67 52 255 62 255
    153 255 0 131 86 18 194 255 255 160 100 86 249 11 151 255 77 7 207
    199 161 217 52 255 227 81 146 82 254 131 176 255 200 141 63 255 91
    255 158 171 252 217 240 255 201 97 165 213 45 25 255 100 255 27 113
    255 86 22 238 165 177 242 255 48 153 104 92 255 114 236 144 255 0
    155 255 84 77 255 253 172 243 109 61 255 255 172 18 113 255 109 209
    111 255 250 40 87 17 130 255 198 172 249 170 122 255 167 44 255 137
    255 60 90 83 40 20 203 255 255 14 215 92 45 255 20 150 188 168 255
    168 124 255 101 119 215 47 78 122 255 20 220 24 152 255 255 102 255
    255 134 249 255 27 228 255 255 255 107 222 86 161 183 255 193 255
    191 255 239 255 233 217 24 228 226 120 193 90 255 255 62 173 255 28
    116 29 158 170 106 183 8 148 124 255 144 207 54 255 106 122 222 156
    23 92 99 126 252 255 149 237 212 102 15 255 242 212 190 255 255 45
    204 32 129 126 49 99 110 149 95 3 13 122 238 255 220 197 255 236 14
    255 39 47 148 224 56 255 46 201 255 249 172 114 198 49 104 255 13
    242 227 194 255 59 105 255 104 29 107 0 255 37 196 127 255 43 91 17
    194 78 213 99 255 255 215 232 74 80 255 255 54 100 255 255 71 215 78
    255 201 130 112 227 199 96 255 177 52 2 9 148 173 186 250 116 113 20
    255 206 9 180 90 255 118 52 193 255 13 246 255 103 29 255 255 255
    255 196 255 255 245 93 255 41 255 5 111 230 255 245 255 62 81 255 72
    233 125 149 96 238 59 213 54 207 132 159 195 40 72 191 255 120 218
    110 255 255 221 255 65 41 162 87 200 110 102 99 255 255 77 115 220
    151 246 255 36 52 255 65 255 230 129 151 238 15 255 74 55 63 158 255
    163 252 207 255 94 224 82 67 146 255 255 101 255 104 83 85 255 9 23
    255 57 255 183 153 139 180 0 122 255 55 255 201 170 156 8 15 192 250
    11 0 12 47 96 89 233 197 255 188 64 233 120 255 255 197 146 255 96
    14 148 255 73 212 236 150 163 112 45 255 137 255 131 242 254 181 211
    255 240 16 211 255 118 81 255 116 56 62 230 255 8 142 222 255 197
    164 255 49 251 143 246 255 3 45 77 156 139 143 69 255 233 255 124 3
    91 164 218 255 151 136 255 3 255 153 144 238 255 255 97 255 109 124
    255 104 93 255 220 45 255 147 15 255 221 246 188 178 188 255 123 204
    255 168 120 255 255 30 255 84 184 255 217 207 94 246 255 84 134 189
    196 179 255 255 185 68 255 255 19 180 76 71 255 221 255 210 119 83
    255 74 193 255 226 255 22 78 82 213 22 77 54 246 255 255 57 255 255
    50 255 128 184 169 196 255 228 3 194 172 138 255 71 87 81 255 255 38
    193 227 252 165 76 58 255 37 184 185 116 97 5 230 84 197 29 255 177
    102 130 178 163 90 255 55 214 91 79 112 58 255 218 83 255 235 126
    255 95 103 255 156 95 255 216 98 255 7 107 255 86 197 255 96 228 255
    113 42 104 13 125 255 97 125 106 124 83 171 91 83 195 134 255 254 81
    255 255 255 167 238 45 255 220 62 255 255 20 188 223 221 6 2 93 119
    255 82 131 255 255 192 255 255 69 255 255 4 255 102 28 40 47 185 37
    113 183 255 139 217 255 36 165 238 255 255 91 255 232 255 188 14 255
    3 62 109 215 76 109 151 91 106 146 228 18 1 141 126 2 134 213 246
    255 40 177 63 255 216 85 161 200 8 255 30 184 255 225 255 255 141
    202 32 26 76 255 255 244 249 87 32 118 254 34 255 255 109 255 197
    167 255 62 139 255 22 121 113 88 251 255 97 6 42 47 178 255 225 232
    54 110 230 255 255 90 59 255 159 131 78 148 34 255 216 40 142 255 45
    108 206 97 13 117 148 56 150 27 72 255 3 209 255 57 93 52 255 216
    127 128 255 255 255 144 86 255 252 211 22 4 33 208 156 174 249 38
    249 40 255 4 255 175 255 128 157 92 237 78 135 223 255 131 212 255
    40 255 124 235 138 78 209 255 12 255 255 43 185 254 152 8 156 255 69
    249 255 255 255 9 105 255 62 201 101 71 237 255 71 103 255 205 230
    255 172 42 30 49 11 91 233 40 180 19 255 255 131 255 255 0 231 255
    15 30 235 206 255 201 255 199 57 215 201 0 138 57 3 179 158 109 157
    143 163 179 235 210 194 246 124 255 223 201 25 207 255 237 10 82 255
    106 252 114 139 245 174 20 96 84 82 255 226 255 255 6 255 255 25 255
    255 55 174 138 44 67 255 124 225 201 93 19 255 255 53 190 232 73 255
    171 255 255 228 179 141 125 189 76 37 255 198 148 247 255 38 255 255
    142 202 255 255 114 255 171 29 39 221 222 170 147 111 255 58 255 232
    221 126 84 180 197 250 29 255 205 255 193 158 195 134 113 83 167 255
    127 47 255 140 143 42 142 63 141 113 202 141 213 23 39 240 255 233
    255 90 254 93 107 255 95 83 255 29 112 255 234 255 208 156 255 255
    40 68 109 52 33 201 62 255 175 106 255 255 92 255 255 120 14 45 118
    83 158 84 255 255 122 180 37 207 116 82 162 250 255 54 255 255 92
    180 10 123 14 49 255 126 195 255 255 255 160 114 255 142 28 64 19
    167 35 217 232 255 8 5 218 187 255 255 183 169 255 156 255 62 209 30
    255 47 160 42 233 91 126 165 193 255 2 124 10 128 179 126 39 240 76
    81 37 255 56 159 218 12 255 255 47 16 255 102 252 173 39 19 136 12
    233 255 77 255 92 22 126 191 82 117 97 62 103 64 71 255 129 121 6
    255 159 74 255 236 223 200 83 226 24 111 45 227 54 255 13 255 23 191
    29 191 207 106 32 249 80 106 255 235 255 255 228 255 50 243 66 255
    255 255 255 190 255 25 236 111 255 255 221 255 212 9 255 57 252 255
    236 255 255 36 255 84 255 110 255 169 1 119 22 16 255 209 223 158
    172 255 255 255 158 97 207 105 170 193 82 124 167 255 118 253 231
    111 231 189 12 43 102 91 2 112 255 60 255 133 255 25 92 195 163 144
    9 255 126 218 149 104 255 131 255 255 255 183 48 56 225 255 196 255
    152 249 141 160 199 22 28 187 255 69 38 185 26 255 107 78 255 255
    190 255 34 31 63 64 199 26 193 7 86 255 208 218 210 65 19 5 236 158
    190 44 255 8 255 255 188 199 4 208 147 255 170 136 255 96 94 255 255
    255 6 82 141 82 119 65 255 64 188 63 2 255 163 2 187 249 0 232 255
    218 7 255 255 255 144 129 48 138 54 176 255 201 48 159 235 106 216
    255 29 73 191 168 255 203 73 122 235 65 255 227 84 255 255 255 194
    255 139 83 255 177 56 255 113 178 106 204 182 86 37 255 255 112 130
    176 166 129 255 247 194 215 140 255 45 255 141 225 226 32 255 242
    184 255 2 255 149 150 39 255 250 105 109 8 255 255 4 255 255 30 85
    255 100 32 220 174 168 198 137 18 77 164 48 225 101 232 170 214 167
    252 143 255 255 245 101 59 159 110 255 0 21 176 9 96 34 239 255 235
    13 10 97 120 63 146 255 247 220 146 255 82 186 5 255 35 0 255 130
    120 255 223 111 242 45 182 141 36 221 255 249 237 255 18 255 228 249
    255 225 190 249 65 152 140 2 204 174 123 64 4 87 199 42 255 177 117
    65 234 255 94 255 72 181 166 15 146 232 255 255 181 207 195 96 76
    126 41 174 255 156 49 255 100 82 255 71 207 37 232 198 255 18 255
    255 116 67 255 164 255 131 114 173 180 18 76 165 255 48 114 81 185
    255 74 77 104 142 105 255 47 255 55 127 255 255 170 252 255 200 91
    149 195 148 134 241 148 181 15 125 255 212 16 255 118 146 114 27 126
    72 151 216 255 197 64 255 228 255 151 12 91 143 84 135 255 255 209
    44 181 37 255 178 252 65 44 251 255 213 255 27 183 255 104 206 135
    255 41 81 158 252 44 230 244 209 255 255 233 230 26 61 57 226 255 25
    43 244 255 202 9 64 58 212 18 73 217 240 50 255 255 150 240 198 168
    61 25 240 56 255 127 255 144 151 255 186 26 126 255 45 4 255 148 52
    54 206 105 158 58 96 255 151 160 233 241 72 255 158 39 210 192 15
    255 141 43 74 131 231 128 9 26 255 152 209 255 21 198 227 122 43 37
    127 129 104 146 179 228 93 255 227 255 101 255 100 255 255 156 255
    255 159 16 133 164 164 255 45 255 114 204 255 128 195 21 71 228 148
    133 222 144 15 188 79 255 152 185 255 162 136 243 13 255 227 87 255
    213 43 139 255 255 237 7 255 255 77 104 255 255 255 209 247 95 87 74
    228 232 255 183 19 102 29 255 247 193 69 0 80 240 129 151 251 255 32
    33 82 144 255 205 200 107 233 67 212 64 239 67 128 129 106 10 200
    230 255 30 255 255 217 255 255 148 144 113 47 213 232 2 185 210 165
    95 255 203 255 131 129 201 255 196 255 107 82 114 255 57 5 27 166
    255 255 146 120 129 231 255 40 80 74 233 237 255 71 255 196 218 74
    255 255 230 134 180 255 209 3 93 252 255 38 73 131 88 232 84 174 114
    188 159 255 252 216 212 52 24 54 106 82 44 54 255 114 255 34 11 133
    255 111 255 203 156 171 224 155 255 144 23 158 64 138 255 13 255 227
    53 78 255 20 16 62 241 228 109 179 66 37 208 255 153 90 18 255 91 5
    96 185 111 154 115 255 245 224 201 10 92 3 252 190 126 99 103 228 27
    158 193 255 6 255 151 49 223 245 245 213 255 77 255 121 106 255 57
    171 247 29 237 92 180 35 255 255 40 106 255 206 85 5 44 71 136 168
    199 255 186 255 255 255 148 210 186 33 40 138 173 222 217 255 255
    255 255 255 21 100 233 177 235 196 165 222 210 212 255 255 152 101
    131 225 44 143 52 122 230 164 179 143 237 209 81 179 136 255 158 255
    255 167 255 255 148 180 3 26 173 104 31 255 255 171 101 230 255 182
    27 3 180 255 188 39 116 80 238 84 82 242 255 195 33 255 253 255 255
    184 247 227 224 71 213 193 155 255 230 56 255 85 215 255 161 11 255
    3 127 94 233 177 255 142 129 255 75 5 212 188 242 217 164 1 255 32
    174 123 184 150 255 1 240 44 59 231 190 108 242 146 76 88 119 206
    121 57 225 83 255 40 153 235 46 129 255 111 86 255 139 77 238 32 255
    29 137 120 79 198 61 49 49 255 245 133 207 146 48 255 29 244 255 255
    174 255 191 147 121 255 162 255 185 235 126 255 215 170 27 203 106
    210 119 255 255 64 255 12 109 164 232 50 117 255 97 138 255 245 29
    136 205 24 113 211 54 255 255 236 50 153 223 233 255 255 243 180 44
    64 240 66 255 101 130 255 231 192 255 255 255 161 225 83 91 88 42
    191 94 193 255 113 119 0 146 67 255 92 81 255 94 131 255 249 255 55
    85 107 134 131 32 188 177 126 255 255 145 193 37 255 255 113 255 193
    255 255 255 129 44 34 37 16 12 227 19 255 0 255 250 255 179 12 186
    255 255 75 162 149 255 3 161 255 255 255 58 98 255 59 34 230 223 120
    255 80 193 2 68 154 2 255 129 107 255 230 180 152 66 17 142 35 212
    181 255 255 27 64 183 21 255 255 255 140 156 170 168 228 241 1 243 2
    225 188 193 138 178 100 197 64 52 223 52 22 255 255 148 114 235 112
    244 218 32 21 255 174 231 255 66 11 22 34 173 255 171 74 55 25 199
    254 244 59 255 199 165 255 192 252 208 143 150 64 113 48 200 63 228
    255 188 232 185 255 26 255 55 255 255 109 110 84 142 170 210 209 245
    223 106 140 114 80 4 255 237 62 181 188 255 143 13 255 255 160 255
    240 40 34 45 31 255 255 255 218 107 29 5 52 80 52 255 255 68 255 4
    174 87 114 238 255 3 255 238 81 218 205 178 194 79 13 196 255 213
    139 118 227 255 255 255 77 232 251 69 25 1 245 24 110 64 255 172 98
    215 255 73 74 232 122 13 1 222 255 255 15 39 185 96 186 68 196 37
    255 74 198 245 255 255 78 184 91 146 203 94 217 255 255 166 121 156
    101 0 176 28 180 215 255 72 255 95 255 62 250 255 255 127 73 203 255
    255 205 138 255 136 121 53 55 212 255 121 225 189 255 177 172 255
    153 255 178 12 198 116 208 132 255 209 255 185 13 244 42 141 135 57
    46 141 136 255 170 255 6 255 255 231 64 82 15 213 18 65 168 0 213 50
    124 35 207 111 255 255 97 176 201 255 202 122 230 176 76 173 16 187
    255 94 5 207 95 56 255 255 25 111 4 180 255 71 145 255 96 191 107 22
    255 255 255 13 207 97 119 210 112 5 163 30 120 119 192 5 186 83 71
    50 124 255 255 233 255 40 160 144 255 122 249 255 185 146 175 138
    144 119 217 198 255 178 255 255 22 255 44 255 162 255 231 240 20 181
    250 195 92 177 175 172 79 228 220 255 255 56 194 255 148 255 255 2
    139 170 203 212 255 134 38 118 66 255 255 190 19 52 59 255 255 24 81
    255 255 119 250 205 33 255 136 193 255 189 6 237 8 140 255 241 225
    191 53 43 255 209 50 71 99 131 72 184 174 2 168 92 255 36 198 245
    159 255 89 133 188 255 183 25 96 26 241 255 47 255 208 114 111 255
    75 215 212 179 255 91 116 100 20 150 191 196 223 26 52 18 134 255
    183 76 54 64 212 136 204 69 146 152 141 255 255 124 238 0 216 128
    162 250 255 56 255 201 144 227 255 144 198 220 186 66 255 190 255
    181 212 43 255 253 57 87 136 206 89 66 255 235 197 226 222 225 148
    255 150 143 113 6 255 255 84 241 111 255 255 17 255 194 255 55 237
    163 80 183 255 255 48 255 243 255 232 169 8 190 218 237 5 255 249 65
    211 82 255 159 73 255 223 140 255 172 145 40 50 189 255 239 241 134
    249 54 190 103 109 171 92 174 201 223 193 49 177 87 255 139 227 52
    174 109 255 156 208 8 15 255 255 240 255 242 205 74 255 255 187 64
    28 18 255 16 30 13 30 156 119 243 145 255 80 255 158 148 44 123 48
    138 136 18 255 175 255 255 255 255 79 17 71 255 144 255 255 170 255
    241 107 87 32 255 164 148 40 179 173 154 103 255 87 255 114 114 31
    149 118 186 218 195 172 62 255 254 255 255 192 110 22 122 116 29 224
    76 255 52 255 237 151 101 24 92 188 139 156 255 42 20 1 255 29 255
    255 196 153 5 177 90 163 255 255 255 214 228 128 41 255 220 55 163
    255 128 138 65 130 10 242 22 24 255 193 34 143 223 150 106 236 26
    223 86 121 86 31 165 255 72 247 255 217 255 255 250 255 255 104 255
    104 114 81 255 161 112 119 94 187 255 134 42 255 34 48 55 235 254
    255 9 52 99 255 63 13 54 93 2 47 255 255 143 255 255 255 255 255 227
    189 255 106 209 255 96 32 255 96 201 109 116 87 50 255 213 230 72 28
    176 4 82 139 255 255 255 81 4 18 128 40 217 24 255 111 93 77 255 149
    183 255 205 62 255 103 222 136 188 218 154 12 191 255 95 25 143 84
    240 255 73 255 86 237 172 109 176 255 207 19 236 175 108 245 255 188
    77 255 144 179 158 99 38 198 8 255 255 199 14 161 125 226 175 196
    164 186 52 117 230 140 8 255 244 255 255 252 58 255 170 163 255 228
    32 77 39 9 255 196 250 94 255 50 79 225 255 154 74 149 255 56 132 35
    198 255 230 252 144 255 244 225 255 65 109 255 80 255 255 105 206 13
    228 217 65 188 141 18 255 29 254 237 187 113 87 15 178 253 246 238
    180 226 97 224 20 168 235 76 237 155 5 255 215 255 186 254 115 76
    157 32 124 171 255 165 60 235 255 100 107 250 242 255 235 233 85 62
    8 66 255 169 132 255 222 241 255 255 126 129 255 56 96 12 155 160
    125 255 255 132 150 255 255 62 173 41 23 3 75 119 255 77 38 255 255
    193 176 46 73 255 155 201 166 184 150 67 83 255 136 233 77 255 37 37
    255 47 218 24 73 254 22 75 76 166 170 162 255 10 38 255 226 85 255
    255 107 255 233 90 76 255 165 255 224 246 57 124 79 25 1 102 255 44
    68 255 36 173 250 111 26 223 255 69 255 240 141 52 186 68 17 22 222
    183 250 35 35 58 255 42 67 242 94 152 255 82 123 255 255 255 0 255
    226 255 158 139 255 10 80 33 185 213 227 86 153 93 109 127 101 255
    65 255 91 38 15 255 209 50 3 255 163 255 7 255 255 147 58 101 234
    255 255 78 182 255 65 173 25 240 185 237 142 255 136 123 156 255 84
    238 235 4 24 102 112 242 222 57 201 255 120 255 81 50 255 35 177 179
    3 179 30 190 93 155 255 227 20 255 27 189 255 223 255 195 49 218 8
    226 24 255 125 249 24 255 20 201 85 50 144 247 255 50 24 255 255 91
    227 144 255 255 230 48 109 255 76 194 154 90 249 255 96 174 8 253
    255 190 171 67 255 171 199 255 172 125 255 67 92 255 125 216 86 148
    255 22 46 189 170 255 241 47 187 66 255 195 255 255 87 121 255 242
    197 144 179 35 171 143 77 165 121 255 255 39 241 186 231 148 243 188
    35 44 85 255 97 143 136 255 250 237 37 13 150 255 106 164 255 65 8
    170 111 124 237 62 173 76 255 111 255 137 59 255 184 249 175 166 252
    237 71 139 205 36 144 37 118 101 255 174 107 255 58 251 183 241 255
    255 215 33 149 71 20 223 2 40 255 111 255 255 193 255 196 124 40 35
    167 79 196 18 255 255 92 18 149 170 78 255 78 28 65 82 53 255 255
    255 59 184 255 107 255 78 255 176 223 22 212 255 65 237 126 12 64
    199 255 54 138 255 16 255 178 137 117 67 24 92 215 105 10 227 167
    252 102 12 216 255 169 177 235 215 255 255 255 232 72 243 255 102
    123 76 254 19 209 148 125 255 20 150 187 238 97 18 218 124 255 166
    85 0 255 118 44 40 153 159 255 104 95 44 174 255 44 34 217 161 11
    211 99 200 100 29 38 74 255 112 87 255 82 77 175 9 66 143 175 117
    133 143 1 210 90 61 255 255 49 99 156 241 161 21 204 240 121 61 82
    224 143 99 146 255 255 68 4 213 77 4 213 97 185 171 106 215 7 161
    134 227 255 250 22 132 87 10 104 29 196 144 167 255 165 66 255 212
    47 255 91 192 54 147 215 123 247 194 255 189 39 255 64 106 255 125
    179 198 228 255 255 102 95 185 171 172 255 1 18 255 223 54 218 125
    220 255 203 25 255 67 255 42 54 255 57 200 255 255 255 255 131 112
    14 255 251 9 91 4 206 116 155 232 255 39 170 255 28 101 86 237 115
    255 255 251 255 246 255 146 76 208 210 255 138 255 235 255 205 113
    197 27 215 187 255 68 233 255 255 255 86 106 13 62 255 255 25 35 194
    255 241 227 82 27 143 255 254 246 84 99 170 89 0 255 255 90 148 245
    193 255 218 147 124 255 218 221 60 234 222 148 255 78 37 244 255 255
    4 115 20 186 125 255 83 64 138 4 255 255 255 33 255 197 255 59 255
    21 255 3 64 42 194 163 223 193 255 255 106 255 181 156 255 149 183
    112 168 255 63 45 252 136 255 183 254 144 255 255 238 109 180 254 86
    158 255 206 140 42 57 156 76 101 170 44 7 58 255 181 53 255 207 57
    228 118 146 255 120 13 72 54 255 151 87 208 249 236 82 255 28 109 49
    183 124 238 225 1 242 76 73 255 244 20 255 3 231 39 78 77 242 15 254
    255 158 93 255 39 231 114 255 138 171 3 18 203 129 131 254 60 21 44
    255 81 99 225 53 121 138 255 15 83 63 255 220 255 133 38 211 201 234
    252 111 47 68 195 200 255 186 167 71 255 169 251 255 255 255 163 142
    255 158 96 255 255 192 255 65 27 79 62 217 255 255 143 255 129 78 63
    136 211 83 215 113 76 50 235 135 255 220 29 180 255 172 225 179 156
    107 32 252 255 157 83 255 101 101 255 179 216 255 85 255 97 80 88 12
    255 179 69 40 255 255 69 255 50 255 250 255 255 29 111 240 88 210
    225 222 55 12 101 119 180 52 255 32 116 37 207 54 249 45 192 10 255
    255 195 179 119 104 255 14 255 232 251 255 18 255 255 226 45 59 12
    255 255 206 227 255 236 50 255 100 110 255 96 8 233 67 255 141 169
    193 30 8 11 92 184 255 195 114 249 210 112 23 255 195 127 255 131
    222 158 234 162 10 60 98 106 93 49 146 90 102 32 122 53 255 114 184
    156 246 97 138 119 129 49 58 201 255 186 196 255 247 100 72 199 0
    223 55 82 255 76 45 44 236 178 255 174 26 255 22 155 255 255 244 255
    93 170 255 93 251 76 255 169 198 215 95 255 2 47 124 72 68 220 214
    255 34 216 255 255 213 255 5 255 23 160 203 9 212 184 184 102 184
    246 255 196 215 158 255 202 24 44 170 255 255 159 255 88 255 255 118
    64 104 4 66 54 156 174 255 193 255 227 253 180 255 63 39 255 62 53 8
    223 11 255 9 109 222 15 255 255 162 76 148 217 222 255 48 255 193 27
    53 121 97 151 255 102 117 255 187 57 255 38 255 255 255 211 12 110
    26 134 246 172 129 255 255 255 215 154 255 162 255 255 115 18 255
    180 255 255 185 232 96 184 225 255 62 204 243 111 21 232 199 90 74
    202 33 255 41 247 30 71 244 87 176 155 247 141 64 255 102 223 2 20
    127 238 255 255 60 206 255 255 224 88 255 228 255 255 68 9 255 153
    82 158 87 0 255 142 45 2 252 255 250 24 11 255 206 255 255 197 255
    34 242 163 165 144 222 255 151 139 255 142 255 165 82 246 34 119 174
    237 60 105 255 78 225 114 255 244 228 161 184 181 144 255 74 255 40
    57 211 77 208 241 15 218 25 255 91 124 26 109 232 240 69 113 90 165
    136 255 12 225 102 254 158 245 255 170 255 255 187 44 255 139 88 173
    1 98 136 19 64 124 211 217 114 193 126 126 200 64 255 228 255 186 15
    197 101 224 254 22 100 220 175 161 144 50 225 96 255 125 232 107 143
    105 54 30 255 198 233 114 55 197 255 210 254 24 92 255 11 27 197 37
    255 255 35 255 250 255 131 50 255 188 103 159 255 16 107 255 171 255
    255 193 33 124 194 211 255 209 185 255 194 175 47 255 255 96 85 28
    207 223 170 255 66 233 144 13 115 119 138 148 49 13 249 10 13 66 190
    255 101 102 19 32 29 144 255 81 1 169 40 81 237 116 119 139 37 10 96
    255 81 49 255 19 125 222 109 8 255 86 220 7 2 4 255 255 119 255 16
    116 7 105 122 255 95 74 178 3 158 238 119 10 255 189 109 255 227 255
    168 228 255 255 202 255 245 255 255 255 240 47 163 93 244 170 235 74
    154 105 255 10 26 255 143 247 255 255 202 255 255 236 23 255 159 194
    255 255 120 104 44 28 139 13 252 136 255 25 210 22 244 180 179 150
    210 26 97 118 8 92 255 253 63 255 212 21 255 114 255 97 85 9 97 195
    202 255 255 255 0 24 247 153 139 101 255 127 255 255 55 174 190 255
    146 97 254 255 198 186 255 255 83 151 116 176 255 255 252 76 156 35
    255 255 93 255 84 150 255 188 255 105 255 86 255 255 153 255 18 17
    139 255 253 105 20 220 42 97 170 218 185 148 212 255 66 53 87 185 29
    255 108 255 240 18 255 255 41 255 158 104 228 18 212 255 255 167 255
    255 24 24 255 12 117 255 73 255 40 71 177 255 19 174 133 119 242 255
    255 87 255 6 255 72 255 192 255 47 37 255 170 167 24 213 201 213 26
    227 255 170 226 119 203 236 255 124 255 27 241 72 102 255 19 29 44
    182 255 220 255 158 122 172 255 255 162 8 18 25 255 13 255 102 84
    208 65 29 158 148 255 255 255 194 77 69 56 16 49 25 174 255 152 255
    255 37 127 170 142 14 183 91 255 255 81 192 180 217 172 225 213 15
    228 63 151 255 131 170 165 255 101 255 147 221 118 109 255 255 69 33
    45 16 24 92 255 68 126 71 138 255 36 156 220 255 255 255 80 170 106
    115 255 79 159 81 129 237 255 255 99 255 255 184 57 123 63 173 255
    28 138 151 76 14 205 244 169 255 156 232 255 94 105 207 233 19 114
    255 129 136 158 255 139 153 255 178 3 4 255 21 238 7 86 42 133 129
    232 180 147 255 227 164 255 59 88 20 94 38 255 228 212 225 39 225
    255 255 96 199 161 233 225 255 176 148 255 54 4 250 115 135 124 177
    216 5 83 238 119 160 255 74 222 201 139 147 255 160 88 249 81 174
    124 121 186 120 5 114 30 163 47 255 255 171 10 29 255 69 13 179 217
    247 215 117 255 249 45 255 179 209 255 119 106 255 16 25 201 234 54
    203 235 13 255 158 254 35 103 107 92 32 255 240 255 242 238 4 236
    255 225 255 45 18 209 45 22 107 42 86 255 255 178 72 255 106 240 255
    20 30 255 188 218 250 40 213 255 255 155 255 155 255 255 225 188 218
    185 162 45 114 139 118 17 201 82 62 255 171 125 92 255 181 175 227
    27 255 24 255 155 71 179 29 2 65 112 185 215 213 30 43 110 255 180
    255 71 164 63 149 132 129 220 162 52 255 83 117 212 84 180 255 249
    48 114 217 255 186 255 59 65 69 193 255 53 39 55 169 221 0 75 226
    255 59 162 79 41 43 185 2 117 255 193 35 255 93 21 89 177 71 158 132
    33 102 255 82 255 7 0 94 7 3 255 109 173 124 237 87 255 81 193 109
    118 114 106 254 255 255 254 191 109 59 82 200 58 187 183 150 255 255
    9 255 254 20 155 111 214 44 5 255 154 255 119 241 255 176 211 255 58
    216 62 44 242 255 110 63 255 20 162 47 167 85 255 84 177 166 133 223
    64 55 255 218 255 68 255 120 67 39 190 136 30 161 37 208 24 87 255
    167 220 81 255 90 8 39 155 255 78 179 160 102 42 255 137 71 255 230
    10 55 60 202 255 207 194 255 44 30 255 109 247 255 29 56 255 92 255
    203 67 255 15 250 177 255 1 255 203 206 175 255 213 255 3 217 82 255
    74 159 245 203 255 158 125 227 255 196 163 114 148 252 255 18 255
    203 75 127 255 97 68 255 149 160 183 40 62 76 4 221 210 232 6 77 114
    255 255 246 72 255 255 50 3 84 188 178 235 43 8 129 255 252 200 255
    255 140 255 77 92 144 235 68 111 255 72 150 240 82 183 255 249 183
    255 13 255 116 255 226 255 177 98 171 25 199 255 68 223 76 217 134
    255 86 177 89 87 134 255 88 180 212 230 255 196 165 193 181 186 255
    255 38 47 255 198 196 109 34 95 255 118 255 255 255 69 255 108 240
    154 255 132 92 111 52 255 28 255 126 255 255 255 40 150 255 91 64
    255 237 255 91 110 107 133 239 164 8 151 54 255 45 79 7 231 102 163
    25 255 40 72 71 255 194 255 255 228 131 255 68 66 79 104 14 146 53
    163 255 130 187 255 255 4 215 237 255 255 233 226 212 254 106 255 62
    102 255 147 47 198 6 172 96 140 222 255 185 255 106 65 204 101 241
    211 255 99 67 255 171 50 5 255 217 255 255 146 255 224 255 255 1 90
    255 222 168 183 127 40 52 213 92 255 222 106 212 76 158 203 130 255
    255 122 230 255 255 235 255 13 73 171 31 110 25 255 62 255 87 235
    254 0 192 79 95 255 255 221 230 237 166 255 255 250 125 168 255 167
    160 198 255 109 150 32 255 251 112 255 3 135 255 203 29 255 90 189
    101 255 3 89 218 255 255 139 49 153 128 105 12 190 159 72 1 255 146
    178 242 255 102 86 176 193 245 255 158 61 175 103 162 126 38 29 183
    75 208 40 226 237 255 41 134 255 142 236 126 204 105 84 218 81 18
    162 92 213 78 16 203 4 192 160 149 177 136 255 255 255 255 77 255 0
    255 255 99 184 160 58 43 255 255 255 255 255 87 243 184 40 255 255
    173 161 108 159 232 123 50 255 149 110 255 63 255 183 82 30 245 192
    45 62 156 100 113 110 10 250 176 77 255 129 14 62 139 134 255 13 103
    163 255 255 39 116 64 255 255 255 3 228 54 255 16 23 232 156 255 255
    240 159 165 183 81 76 18 213 255 111 102 255 122 207 173 75 255 160
    3 119 166 40 68 3 255 81 255 68 222 79 211 255 255 209 255 255 255
    168 255 180 74 255 6 255 165 44 100 255 3 191 121 114 249 185 122
    240 181 45 251 106 37 164 255 230 43 245 227 212 255 22 82 255 64
    153 255 149 86 12 245 255 116 1 225 129 41 117 255 242 174 255 255
    45 139 206 87 13 13 255 92 55 126 203 221 33 59 195 255 148 255 86
    255 236 255 139 122 255 255 221 231 255 228 255 222 57 48 255 232 82
    57 198 38 195 8 202 255 52 112 190 18 24 178 255 255 168 105 199 255
    24 88 255 0 255 255 103 39 114 72 101 160 255 199 57 162 255 45 167
    117 255 45 81 52 73 116 255 205 255 255 160 255 255 181 131 255 235
    211 181 94 132 255 124 255 34 212 20 77 184 203 52 16 168 153 222
    197 13 43 183 107 125 179 160 102 255 203 255 102 13 240 156 99 149
    100 52 95 88 87 112 23 175 149 255 200 137 18 10 138 38 255 36 114
    121 124 82 255 244 74 255 204 254 255 122 33 52 119 223 79 112 73 97
    206 255 255 204 44 160 159 13 255 67 21 207 26 255 111 194 255 255
    29 148 255 149 134 252 38 67 240 209 167 255 105 93 186 241 198 255
    178 148 255 4 150 255 9 78 255 246 120 255 255 109 62 255 207 97 196
    255 104 96 204 196 53 242 30 138 255 30 198 106 255 255 227 59 10 32
    3 255 91 237 172 203 255 156 255 235 85 82 13 26 33 255 232 102 92
    94 207 89 120 88 255 255 255 255 41 191 255 203 255 255 24 179 134
    223 97 255 68 34 252 183 199 158 255 255 255 205 96 255 165 255 2
    142 189 10 170 255 213 134 180 255 90 255 210 190 251 186 125 66 255
    142 255 198 251 117 255 136 187 255 168 255 250 137 115 255 21 225
    255 175 8 255 110 93 62 123 58 255 78 194 255 91 130 255 66 255 255
    200 159 151 77 57 255 7 28 255 255 184 208 193 38 255 255 59 255 159
    255 205 192 13 255 137 209 128 195 255 255 160 69 255 225 101 123
    150 255 255 111 255 255 148 255 255 115 255 255 208 252 34 3 146 255
    226 170 126 29 88 13 203 255 17 21 255 220 179 185 35 28 173 183 87
    49 163 106 149 255 116 255 212 204 143 252 240 77 39 213 109 250 106
    165 225 193 255 255 72 221 255 252 196 47 255 255 99 91 88 227 177
    16 96 156 163 106 159 138 57 31 255 176 68 57 69 87 82 255 222 194
    255 221 238 255 134 90 101 49 114 8 149 192 255 103 100 30 255 151
    255 57 193 7 101 206 255 133 88 255 255 141 255 140 244 255 212 71
    151 9 162 65 255 38 173 147 145 255 170 39 255 166 213 240 24 149
    245 97 58 252 247 1 49 64 255 255 250 183 255 202 156 208 45 196 200
    0 172 69 67 218 101 57 107 2 115 122 255 111 45 217 76 117 255 255
    111 72 184 216 212 30 197 255 205 109 77 227 226 183 80 143 3 203 93
    94 216 28 111 0 18 255 132 112 255 246 37 255 215 85 178 159 135 255
    101 0 27 114 138 86 13 35 10 255 50 193 255 135 255 19 78 44 167 191
    195 39 130 72 83 71 119 73 132 205 243 255 176 156 255 65 20 67 76
    247 204 255 138 249 185 255 103 20 99 48 255 72 45 255 184 172 148
    93 255 255 64 255 149 35 71 149 113 122 59 10 208 138 120 61 17 165
    199 255 170 183 201 142 255 255 84 90 255 185 57 116 67 255 255 153
    47 67 64 127 57 243 101 129 128 20 255 11 255 255 156 196 193 158
    238 34 171 26 104 255 218 255 155 255 255 15 255 64 161 255 255 180
    255 255 164 39 223 115 196 207 92 148 193 104 178 191 255 24 255 255
    255 151 49 71 7 255 180 255 234 169 81 178 255 255 116 148 255 138
    169 255 34 255 255 157 33 104 217 227 255 228 135 77 200 0 230 225
    18 76 197 196 255 227 58 255 85 255 255 250 255 180 255 33 255 104
    251 176 29 134 255 132 255 225 169 81 141 255 192 106 46 98 255 46
    255 255 109 10 255 255 138 13 253 167 79 17 83 86 10 207 255 91 48
    247 37 114 151 96 255 255 56 6 255 236 206 160 236 240 178 97 178
    188 181 136 196 255 109 255 174 93 168 251 255 227 255 235 255 83
    217 255 81 211 10 66 130 136 128 131 237 20 172 139 255 255 201 125
    255 255 245 101 255 231 222 20 58 74 35 242 207 255 236 207 249 255
    255 158 159 255 158 68 82 8 155 16 242 114 255 170 255 242 232 255
    206 255 200 255 72 225 255 255 149 43 118 224 252 255 124 25 255 115
    111 255 36 255 102 158 143 97 233 68 201 3 164 22 216 255 44 34 39
    121 87 57 230 73 249 255 2 192 255 190 255 72 218 255 255 241 241
    255 141 255 255 138 255 190 161 96 255 18 226 255 213 244 181 2 255
    255 209 244 60 150 105 242 91 49 255 159 163 218 209 255 255 171 24
    42 170 101 212 178 154 54 236 82 255 87 159 0 50 52 255 123 66 212
    118 201 255 81 52 255 190 150 134 4 9 255 179 87 255 249 223 144 255
    109 255 245 230 34 232 135 255 206 43 230 249 73 255 205 37 255 196
    122 255 255 255 151 192 228 255 217 208 255 119 255 238 55 245 44 41
    162 255 200 192 27 200 222 114 216 26 71 46 21 255 46 150 8 74 87
    255 68 125 8 206 196 181 39 163 255 255 255 138 0 114 247 192 189 92
    7 48 255 116 10 228 255 189 255 255 245 104 18 167 24 209 33 255 124
    50 255 26 255 255 8 126 208 212 235 183 240 255 37 183 106 62 77 98
    77 127 255 255 73 185 247 112 92 237 27 49 255 176 29 255 109 106 42
    38 209 69 194 233 255 230 254 175 91 110 242 65 192 76 255 148 255
    255 117 255 255 95 255 198 255 143 18 62 255 120 20 96 148 146 13
    255 255 255 59 170 77 255 132 193 11 197 195 188 254 71 80 64 255 21
    47 176 180 255 205 134 114 156 17 255 196 74 220 255 255 139 129 171
    130 57 78 92 255 41 16 255 185 255 39 241 255 39 233 255 255 255 255
    255 183 68 255 41 174 91 57 255 255 144 235 255 224 116 255 103 255
    119 123 168 255 202 175 99 255 129 76 132 140 74 31 255 255 255 63
    255 253 54 45 206 30 255 189 67 156 21 255 27 119 221 255 31 169 210
    241 255 37 255 1 71 228 111 255 36 255 255 87 193 91 167 72 82 34
    255 255 230 255 255 158 255 255 21 177 193 203 183 191 218 187 255
    118 187 255 171 255 255 148 255 176 100 255 52 10 255 138 255 251 37
    49 124 230 171 255 64 72 255 86 212 33 255 30 149 121 62 249 255 185
    255 141 77 255 255 233 225 50 253 61 76 4 47 59 16 233 230 141 96 87
    134 141 37 53 106 255 176 207 255 116 255 255 218 23 255 128 3 52
    134 192 54 255 165 176 240 9 124 231 48 8 255 105 44 198 144 255 161
    167 255 26 29 255 220 130 255 137 19 107 204 107 220 251 167 252 53
    67 158 214 85 106 222 30 154 8 87 255 72 16 89 16 40 255 216 44 255
    213 255 15 151 196 163 194 30 245 213 197 255 136 255 255 17 130 255
    174 139 237 62 115 255 255 34 2 255 230 128 153 255 25 170 32 0 66
    173 203 228 255 255 123 255 191 85 4 2 129 208 34 130 244 163 20 208
    255 56 188 8 38 106 104 174 136 151 215 255 50 34 194 69 119 255 153
    144 110 249 18 227 25 114 255 255 9 140 180 48 61 255 105 5 255 66
    117 242 132 13 228 255 68 45 112 255 255 146 185 64 235 247 39 64 48
    151 37 143 39 109 255 227 58 3 255 19 39 76 161 255 101 122 255 255
    99 255 215 22 255 255 174 220 255 254 207 22 93 188 208 211 255 18
    77 241 60 255 58 255 255 43 255 127 11 3 97 191 69 46 255 89 153 72
    255 25 11 154 37 90 255 91 39 57 187 255 181 21 255 207 212 255 255
    255 172 237 40 90 255 112 255 188 234 37 67 28 18 176 29 236 15 175
    160 13 2 158 255 144 255 163 246 218 139 203 29 74 175 233 29 166
    208 198 177 85 237 139 233 255 11 136 153 255 52 222 255 193 254 101
    255 237 255 5 213 31 121 217 129 196 255 81 255 255 255 163 156 101
    26 255 60 34 255 37 204 255 7 58 255 164 255 255 69 37 72 255 255
    185 255 255 255 153 255 255 255 64 20 255 255 29 87 249 54 255 255
    196 59 255 220 188 208 99 75 106 255 162 228 193 230 241 195 116 191
    134 111 149 255 144 160 232 226 165 171 97 207 34 255 226 50 52 255
    255 239 54 74 105 206 201 237 215 57 245 124 255 164 255 255 185 198
    255 128 218 255 214 39 126 213 173 255 224 255 91 241 255 126 222 83
    165 55 217 255 255 148 255 73 1 44 156 180 166 167 141 7 236 134 255
    255 124 255 235 15 255 130 158 255 146 209 94 85 39 79 213 191 255
    166 62 168 175 69 102 216 112 146 128 132 74 255 172 255 77 227 242
    184 100 34 232 114 0 78 255 255 220 255 255 1 221 54 255 255 148 255
    213 242 18 255 50 35 139 190 243 255 255 169 196 32 244 66 255 192
    187 255 8 95 34 183 32 96 202 125 255 255 132 205 200 163 232 45 218
    96 93 255 74 106 143 203 189 198 59 155 221 176 205 47 255 146 18
    200 253 26 255 105 48 255 116 183 255 177 141 52 103 255 255 53 53
    249 132 255 212 245 139 191 128 172 119 63 207 60 167 100 255 24 255
    255 181 182 255 255 121 163 100 162 255 164 16 205 38 255 255 254 5
    84 80 228 255 184 255 255 214 9 24 11 255 255 115 127 255 190 114 84
    53 151 178 150 10 74 9 233 255 67 213 207 190 100 255 127 54 181 204
    255 252 13 1 208 17 127 65 131 4 201 160 220 15 6 116 79 130 255 12
    16 122 247 101 255 228 109 3 52 160 255 255 211 211 255 41 241 203
    119 255 200 155 255 255 230 33 250 166 1 218 15 109 77 200 42 47 102
    58 161 32 101 255 102 4 29 152 189 255 255 151 255 8 175 255 206 225
    255 155 255 151 104 175 255 188 102 30 50 58 178 74 98 255 241 220
    255 255 20 255 83 175 37 226 255 59 120 49 255 139 221 255 8 216 106
    196 184 87 101 96 255 167 233 255 63 255 57 41 220 79 198 247 113 27
    62 255 144 67 225 6 48 82 255 255 207 255 227 255 196 255 109 233
    202 255 85 255 255 246 156 2 40 13 242 134 221 255 243 254 255 153
    178 255 177 21 232 165 42 233 93 111 178 138 83 225 187 198 25 100
    124 166 249 194 255 255 193 255 124 223 255 186 0 255 179 76 96 128
    13 255 234 54 171 203 255 255 255 173 255 179 100 166 231 173 175
    181 255 255 106 201 151 84 236 170 131 255 64 212 5 255 105 255 186
    92 255 255 44 255 255 195 131 255 137 255 50 73 218 86 43 107 255
    255 63 255 57 119 111 28 98 195 194 255 175 73 143 57 97 141 79 241
    255 118 30 255 138 216 150 111 224 255 193 202 90 212 7 255 69 119
    177 255 57 246 255 6 255 114 18 193 143 125 182 255 85 255 183 235
    130 30 77 54 185 39 71 218 247 177 255 68 48 255 108 48 50 37 4 148
    53 255 225 1 238 255 157 143 252 159 29 69 84 9 37 157 244 121 255
    192 94 144 106 255 255 255 173 211 231 116 165 255 255 251 144 255
    116 140 255 243 39 161 72 81 255 57 188 255 255 57 18 155 235 13 131
    255 255 80 188 255 181 252 210 54 255 144 225 159 3 216 131 5 217
    242 72 160 211 255 85 255 176 55 255 143 215 10 175 176 255 225 255
    255 255 85 110 113 255 242 86 93 170 255 69 151 47 221 204 20 224
    101 34 151 228 133 144 255 250 67 131 250 39 206 166 53 165 255 136
    0 5 208 52 255 217 198 255 48 255 84 245 255 128 134 184 17 147 45
    153 26 255 255 48 29 255 157 127 47 105 86 45 255 4 185 49 125 254
    84 158 255 222 255 195 176 255 67 174 208 235 96 255 92 88 255 255
    194 231 255 166 175 255 130 255 255 255 197 255 131 121 255 10 255
    255 125 68 255 48 255 84 25 35 255 171 165 255 255 255 64 110 124
    255 255 92 124 103 115 255 20 129 97 112 255 255 169 217 255 149 28
    149 255 255 255 130 255 255 104 145 84 94 52 118 206 74 151 91 21
    255 255 91 84 34 134 7 25 255 255 101 255 72 255 33 255 221 169 255
    4 221 191 28 255 213 111 64 24 255 50 126 218 254 235 245 132 235
    113 255 60 241 1 10 21 168 255 172 255 255 53 206 255 71 255 158 66
    146 60 199 144 77 253 56 255 92 193 255 124 215 255 255 28 235 250
    255 255 240 255 97 83 173 156 60 199 7 160 255 94 102 255 255 255
    177 255 74 111 67 80 132 210 69 225 25 59 252 255 118 175 255 138
    255 40 204 209 72 193 252 67 2 13 255 244 9 255 158 255 175 62 16
    255 55 237 201 17 150 60 174 255 255 67 145 247 255 8 215 230 149
    195 67 117 143 26 231 255 26 140 217 255 15 240 115 29 255 255 105
    255 20 255 255 6 255 10 167 126 166 13 125 255 45 14 240 216 73 255
    18 83 69 110 167 255 92 56 123 91 86 255 12 129 20 90 110 255 140
    119 118 165 42 255 31 32 52 255 153 255 158 192 92 255 232 106 77
    255 223 63 135 161 115 144 213 255 150 18 19 255 255 211 222 97 4
    251 230 48 58 29 69 18 148 204 196 220 247 255 27 153 165 255 189
    114 255 190 216 149 111 23 193 228 48 218 255 82 255 251 57 255 255
    193 175 38 207 255 91 37 237 65 217 255 73 101 215 197 160 255 217
    33 245 255 216 123 186 255 255 239 5 50 19 4 255 113 216 255 166 138
    180 58 9 255 106 232 62 150 255 255 174 57 255 75 213 255 146 215 25
    119 255 254 36 255 255 144 138 134 44 15 198 237 68 238 255 8 55 115
    102 233 133 255 255 84 156 255 64 255 255 81 126 45 34 178 255 2 40
    20 45 202 64 255 255 255 12 255 39 43 250 128 217 153 154 38 255 255
    254 95 196 39 198 255 255 15 101 25 192 255 112 74 255 77 48 79 6 5
    255 35 174 255 255 236 139 207 124 72 81 90 81 171 138 3 69 35 196
    255 236 255 30 252 121 99 255 210 255 255 2 95 9 139 123 187 255 218
    184 255 255 255 92 162 165 255 209 42 255 113 236 54 137 57 34 72 64
    255 39 255 255 45 230 195 82 209 89 121 116 39 156 18 255 73 13 255
    255 52 77 175 169 255 36 10 255 194 230 34 128 255 255 199 221 255 1
    97 181 255 255 198 247 125 255 60 135 5 242 139 255 110 62 245 231
    50 101 4 198 128 169 189 45 10 91 153 220 211 3 112 168 255 209 141
    27 38 255 255 19 97 255 155 255 203 112 74 255 254 25 255 216 255
    255 0 45 255 253 96 84 74 53 183 156 164 47 179 61 255 189 153 128
    10 255 109 129 126 86 55 177 255 41 56 198 129 72 255 250 233 255 87
    255 255 244 97 82 72 115 255 197 215 255 54 106 141 57 158 18 3 242
    22 55 32 255 192 140 149 19 255 77 203 54 255 18 111 255 83 82 255
    133 255 255 220 245 47 241 172 255 80 255 124 156 48 118 11 0 57 166
    255 247 237 255 104 216 68 228 255 117 255 255 58 218 50 129 76 188
    255 60 172 115 114 207 10 191 196 174 235 184 185 255 220 255 144
    153 196 255 87 132 160 155 255 255 255 223 183 172 114 178 209 169
    255 132 112 255 161 255 255 34 130 255 162 136 208 80 255 213 230
    255 180 34 255 255 102 77 255 100 255 255 134 255 237 9 183 255 255
    61 255 245 25 49 174 64 255 159 100 156 153 52 255 255 93 255 255 25
    3 208 191 193 255 56 255 255 255 255 206 148 238 48 249 208 75 209
    255 243 194 131 71 255 20 255 255 171 4 45 255 96 0 255 65 255 17
    114 124 102 225 101 255 40 216 175 184 173 77 255 227 218 255 130
    250 150 255 10 176 255 136 208 255 255 217 188 255 36 120 128 17 83
    255 192 156 191 255 255 198 144 158 153 127 255 255 16 37 158 236 93
    255 44 43 255 25 218 20 123 33 18 124 16 168 4 241 255 53 240 255
    255 223 255 168 11 255 194 66 233 44 255 235 181 212 255 184 250 255
    4 191 255 235 29 255 93 255 255 115 255 18 71 255 255 31 225 232 60
    255 175 216 122 255 255 197 191 187 23 255 204 255 255 204 203 255
    122 42 255 59 97 255 94 255 255 255 91 228 252 57 82 232 136 102 55
    255 255 30 56 190 211 100 255 239 10 245 255 244 255 224 150 17 59
    223 69 15 18 22 101 203 243 164 250 255 255 255 250 132 23 255 45
    216 207 114 0 143 255 145 255 142 105 255 76 255 96 254 174 255 255
    255 134 35 255 183 245 40 255 81 255 255 20 230 255 255 198 161 237
    255 40 100 184 86 104 227 223 167 255 237 249 71 249 56 255 212 8
    255 84 226 164 255 255 255 255 121 165 255 0 49 212 80 255 242 120
    255 67 121 59 255 1 163 255 208 42 94 6 53 91 178 3 64 8 182 255 43
    255 121 106 30 255 113 185 0 67 88 255 255 140 255 206 162 208 19 39
    193 152 197 134 122 140 133 225 48 45 54 255 255 158 25 163 255 162
    255 60 197 255 124 255 255 97 86 94 255 139 255 9 249 218 85 146 255
    242 130 81 77 23 114 21 57 255 184 193 255 255 232 227 255 255 249
    22 105 255 228 74 245 202 121 175 146 178 225 165 59 141 54 255 45
    97 21 15 255 39 255 165 255 250 128 71 215 255 202 255 68 255 255 21
    4 243 37 232 252 46 72 255 239 238 255 216 255 193 108 24 255 226
    187 255 9 112 255 149 230 255 234 9 255 239 107 44 152 172 109 202
    255 255 104 255 208 253 196 165 130 98 40 231 145 151 131 163 89 167
    231 255 188 20 195 115 255 255 48 204 255 195 106 222 140 255 79 15
    47 29 91 255 255 183 222 29 169 247 255 194 251 245 255 52 79 44 255
    139 125 255 255 167 68 207 112 255 55 143 72 126 239 206 64 164 226
    42 66 193 255 242 6 54 75 96 59 115 138 207 118 153 255 202 222 255
    207 255 22 121 85 255 8 78 255 185 119 255 241 223 84 255 43 181 94
    69 255 255 13 134 143 237 141 228 255 114 93 143 146 221 209 124 133
    25 57 196 240 255 255 199 166 137 53 201 68 255 196 214 255 242 255
    250 255 20 35 255 244 112 71 49 255 170 63 6 114 52 98 121 69 10 255
    96 146 255 255 77 255 235 158 255 91 255 200 99 170 143 24 255 255
    143 255 144 234 255 255 180 213 255 24 255 178 174 116 255 157 173
    148 195 32 3 114 131 200 197 4 255 49 188 255 214 255 255 133 216
    255 223 13 249 22 188 255 60 92 255 183 57 176 204 139 176 17 185
    255 204 106 255 123 201 89 198 255 47 41 107 13 101 25 170 105 208
    62 13 1 238 164 56 87 118 215 161 255 73 154 31 101 17 62 125 255
    203 105 131 147 21 255 196 63 255 131 124 255 200 255 255 192 69 198
    169 255 254 164 255 252 242 163 255 128 95 0 160 238 12 133 117 255
    24 255 94 178 50 255 185 105 255 181 223 255 255 159 255 203 45 255
    255 111 10 138 192 255 255 85 121 166 66 200 187 232 0 140 73 106 37
    255 255 157 77 190 31 129 223 54 110 207 114 53 255 202 52 45 83 233
    232 151 255 255 178 106 143 127 140 119 139 76 69 127 225 255 225
    208 203 125 255 65 159 255 144 67 63 200 255 216 52 30 174 12 247
    125 114 17 255 8 255 238 255 199 39 111 119 222 188 200 175 255 237
    255 207 255 255 255 64 106 255 86 169 133 166 255 255 11 255 65 113
    255 131 69 179 129 255 122 74 234 255 255 103 15 220 21 38 255 19
    174 255 241 204 22 240 191 134 175 255 255 215 0 198 199 122 255 200
    188 255 255 255 190 203 255 119 112 255 35 239 170 255 4 255 255 140
    255 222 96 255 225 255 145 255 116 62 99 211 37 255 255 255 165 109
    255 255 200 227 165 190 254 163 236 140 49 103 246 232 41 90 255 44
    143 255 134 169 255 60 174 255 115 255 32 203 173 255 255 74 35 109
    38 235 249 110 0 196 130 175 143 59 255 164 141 255 130 103 42 255
    255 148 235 49 237 255 153 255 247 33 223 32 255 97 13 83 225 255 87
    104 226 83 96 213 103 255 46 255 252 35 255 168 255 10 27 73 159 94
    40 255 255 165 116 65 64 122 255 246 103 116 156 204 255 75 167 232
    139 255 255 251 156 198 255 255 255 170 251 255 109 226 101 39 177
    57 245 211 255 4 175 240 131 153 107 197 255 87 137 192 207 243 225
    45 55 66 94 143 106 45 85 52 119 214 177 255 255 255 255 214 255 228
    255 255 20 111 179 255 180 173 255 35 134 255 100 255 17 47 208 134
    66 255 220 255 255 255 103 146 255 197 255 255 28 255 54 74 30 255
    13 167 255 249 124 255 237 255 118 190 158 166 17 8 185 255 255 175
    232 255 126 83 139 255 75 151 57 227 59 181 253 121 176 26 74 116 31
    255 64 115 32 255 78 117 255 168 178 160 138 174 255 77 198 255 157
    63 52 22 255 57 183 222 0 91 225 3 100 255 247 190 255 92 69 81 255
    255 105 255 213 158 173 112 10 255 6 255 188 224 103 255 39 34 92
    253 183 255 139 199 13 166 62 255 121 9 255 169 129 255 97 121 255
    252 74 255 236 174 255 37 39 131 207 114 255 237 255 252 59 223 49
    203 92 15 255 25 255 57 10 255 35 106 146 172 76 55 9 155 17 91 194
    255 53 120 57 45 111 225 235 202 255 147 242 67 143 179 104 255 213
    255 162 73 104 205 242 233 100 238 190 104 156 47 26 255 178 111 15
    101 161 140 215 68 69 255 236 81 255 19 9 255 108 255 141 196 156
    190 217 197 87 158 58 255 22 255 99 255 254 255 255 255 255 58 255
    255 196 183 255 255 126 173 0 25 255 41 255 81 72 222 200 227 159
    247 4 255 255 233 170 255 250 73 151 94 215 255 75 165 220 105 255
    218 105 151 255 63 192 255 184 165 255 112 189 134 49 255 255 255
    149 203 241 255 52 78 235 255 133 112 232 105 255 255 255 121 255
    102 92 7 255 78 154 181 59 255 185 255 146 255 228 255 186 220 94
    227 203 49 255 182 22 186 35 151 26 180 59 174 217 235 220 208 45
    250 255 134 239 196 60 205 33 245 146 100 255 164 192 186 237 18 255
    22 82 0 202 97 255 80 82 255 148 255 77 57 141 255 109 78 131 84 97
    255 102 92 255 254 151 232 118 255 57 252 42 203 65 67 255 26 183
    138 164 114 181 231 139 0 73 1 242 181 255 255 150 102 255 202 150
    173 140 96 207 62 230 255 140 50 7 199 255 133 62 163 255 2 175 255
    240 47 255 253 193 255 175 172 128 2 91 45 11 90 255 177 255 65 54
    193 255 87 156 255 13 255 185 255 129 118 86 236 220 115 72 121 228
    255 59 31 102 255 218 49 72 3 35 255 68 87 198 215 19 245 174 0 97
    211 255 166 81 207 218 27 193 255 60 11 255 64 67 133 12 160 39 247
    39 168 161 255 255 115 124 255 255 255 255 146 217 255 112 100 255
    249 199 255 198 106 198 255 138 255 255 153 255 16 23 255 236 78 62
    59 90 255 136 1 156 44 218 255 72 230 129 90 56 243 21 250 200 244
    194 255 208 178 255 77 10 126 205 160 62 204 255 149 186 197 255 58
    255 255 6 10 81 156 192 128 73 225 161 220 177 255 255 61 255 245 24
    255 255 255 171 230 232 55 157 52 126 20 255 59 45 245 252 122 240
    92 202 79 3 240 201 161 21 159 116 123 251 15 242 255 255 255 39 255
    103 52 255 47 155 153 26 255 243 53 73 249 97 255 255 88 47 255 10
    73 212 86 209 0 97 167 255 197 208 34 212 66 175 252 120 255 255 81
    255 71 215 65 215 179 62 31 130 247 110 255 190 255 159 138 255 255
    220 21 255 13 11 14 255 255 115 166 220 25 255 95 255 109 123 28 200
    250 167 60 112 37 255 48 69 250 240 255 59 246 255 81 103 255 255 86
    100 255 254 255 255 57 255 168 228 204 247 255 72 247 208 21 160 172
    47 109 31 255 255 49 32 178 234 14 255 254 240 255 140 14 235 15 255
    243 28 169 57 218 44 255 249 240 113 236 54 144 48 38 255 255 149
    255 199 202 250 2 37 141 175 170 255 26 90 238 203 66 17 100 162 65
    84 90 8 255 16 255 153 50 255 31 250 240 114 255 255 183 20 69 48 20
    255 47 98 235 166 232 255 118 255 255 148 67 255 197 158 255 255 207
    255 165 92 255 46 255 7 137 207 255 239 242 116 38 96 47 150 255 86
    159 38 107 48 156 255 188 246 255 118 208 129 38 140 92 55 232 255
    230 255 227 184 24 255 45 252 54 112 255 104 44 170 237 132 0 198
    134 207 255 19 97 213 228 192 190 220 82 17 50 101 222 64 69 255 55
    251 255 157 21 22 152 98 255 179 255 255 10 255 106 160 116 255 15
    96 44 157 244 255 144 255 255 255 255 64 87 97 60 9 209 45 46 29 196
    131 14 193 123 126 52 75 132 20 199 153 37 35 221 255 223 109 123
    143 255 118 44 40 255 242 141 3 132 1 119 152 164 255 213 149 255
    255 160 243 88 220 35 95 255 146 226 221 76 64 162 255 206 58 255 39
    184 136 24 117 170 106 255 225 64 156 255 249 251 240 227 117 247 30
    216 168 118 112 205 186 255 255 233 255 255 127 255 32 60 120 74 222
    4 255 40 232 255 181 255 255 209 117 255 95 132 255 233 74 139 151
    255 143 166 199 10 26 44 255 66 59 227 180 158 245 161 255 170 4 225
    59 80 111 255 22 211 84 144 165 255 60 255 181 255 240 255 106 255
    255 116 255 255 66 47 243 66 255 17 151 130 173 152 183 228 255 198
    74 102 3 101 93 255 136 255 116 195 43 61 57 116 117 171 41 126 255
    247 255 22 252 121 255 50 247 255 136 163 255 157 132 255 74 255 255
    255 124 129 68 213 201 84 53 77 62 208 207 178 170 54 7 52 195 214
    223 154 121 139 133 1 95 96 77 255 255 147 189 255 25 255 42 45 47
    133 125 245 255 100 255 213 76 6 255 65 78 255 113 86 255 93 116 255
    255 90 255 226 255 180 11 15 255 174 100 255 169 71 131 206 59 106
    108 173 91 16 156 156 44 223 255 255 30 255 255 255 13 90 34 255 41
    3 123 29 155 255 38 73 8 92 178 143 202 63 255 68 117 255 88 64 255
    140 4 255 66 67 82 157 64 230 221 175 255 132 87 237 189 107 141 255
    174 255 0 58 240 94 217 71 105 255 99 236 163 107 232 255 156 222
    201 255 38 225 165 50 255 3 255 179 255 46 122 77 255 30 255 170 255
    255 62 97 255 37 168 233 119 160 134 196 220 208 228 177 255 157 9
    210 60 255 255 27 255 180 50 177 255 255 255 109 236 209 20 167 167
    247 227 136 233 255 5 255 150 198 7 99 138 151 149 160 20 255 114
    255 63 255 65 118 163 45 190 255 255 185 255 255 19 130 34 123 255
    255 93 255 255 245 13 255 54 155 255 39 86 101 202 13 255 121 255
    255 34 33 255 56 50 171 53 212 99 166 155 255 255 53 255 253 85 119
    250 255 12 255 213 255 54 9 166 255 191 96 74 255 208 235 255 255 85
    92 170 231 232 255 127 255 255 255 146 12 67 23 160 247 183 13 218
    16 158 92 91 161 84 255 65 32 249 24 255 81 255 185 112 255 120 255
    45 129 255 255 58 196 24 179 172 207 234 127 79 57 204 255 129 103
    185 196 240 10 102 255 134 15 13 255 188 255 143 255 255 81 16 115
    121 6 202 255 231 110 133 68 191 255 215 255 87 139 228 161 223 86
    111 202 56 173 255 238 168 251 255 35 143 115 255 143 213 15 176 203
    60 255 98 255 255 255 238 169 8 89 165 199 141 116 226 238 64 139
    255 172 211 207 4 255 213 224 64 178 212 255 71 144 144 255 253 45
    102 235 255 255 176 245 203 58 149 57 48 255 175 255 255 255 187 83
    255 12 251 255 255 255 255 85 109 255 6 255 255 8 255 255 224 255
    255 156 167 59 252 255 255 161 148 54 60 163 255 3 255 255 90 174
    255 255 92 255 83 255 20 255 91 255 255 139 160 67 110 188 255 185
    255 123 116 255 211 244 160 111 255 255 45 115 190 140 91 255 168
    208 235 249 255 255 180 10 255 43 112 255 30 192 255 244 160 193 77
    73 255 86 207 178 47 156 255 207 183 255 204 192 255 247 255 255 84
    249 101 122 101 255 66 228 201 139 155 72 206 11 101 6 255 255 157
    73 8 235 122 227 20 52 20 249 196 255 19 140 255 57 102 255 158 255
    170 158 255 141 119 88 255 127 230 99 255 175 255 224 112 255 148
    206 227 212 242 255 25 255 255 236 158 255 159 252 163 141 203 255
    160 105 230 81 63 22 243 198 255 242 72 27 242 255 255 252 255 7 86
    242 60 69 254 255 153 185 97 199 255 254 253 164 8 30 236 13 235 255
    255 196 255 255 80 228 255 206 221 255 255 255 104 232 255 156 213
    114 255 40 255 255 236 54 255 36 255 232 141 255 255 255 255 255 139
    144 255 143 67 185 171 227 186 162 145 146 208 255 86 32 139 59 181
    72 185 140 136 148 234 251 255 16 188 255 136 24 139 188 125 200 86
    102 128 30 254 24 41 204 255 255 32 54 202 130 119 82 255 255 91 159
    185 255 246 240 209 156 250 242 9 255 144 215 255 58 246 228 252 163
    175 255 250 22 86 196 255 29 255 3 2 179 50 32 255 255 123 255 118
    12 112 255 202 221 255 133 56 255 74 194 255 114 32 255 213 73 255
    225 213 24 199 73 255 255 255 102 93 255 71 255 13 255 121 131 225 1
    129 255 168 62 255 187 246 255 45 167 255 106 255 59 250 129 129 68
    58 72 112 255 92 183 121 111 247 10 232 56 68 255 164 255 92 217 187
    235 245 255 82 255 225 191 162 160 139 255 216 255 143 42 143 190
    237 24 38 197 255 255 150 255 144 227 89 203 242 138 255 255 255 108
    167 154 156 28 255 255 149 255 7 178 255 63 255 255 1 236 238 255 37
    65 103 196 249 159 255 156 131 175 60 30 86 153 57 68 107 255 114
    178 149 250 176 178 32 255 220 74 255 72 64 30 76 151 255 224 88 65
    111 156 198 2 18 190 52 188 67 64 119 77 65 203 124 180 246 208 143
    64 245 148 213 255 31 255 255 4 132 15 153 255 42 255 144 255 101
    151 133 255 63 92 24 111 254 215 252 232 192 90 255 18 112 255 95 47
    255 121 255 203 115 141 208 81 255 87 255 255 255 221 251 82 255 255
    128 183 159 255 222 255 255 157 34 232 112 54 255 192 143 107 175 34
    220 242 85 207 195 103 168 99 255 255 69 202 102 109 83 255 179 255
    255 19 255 255 140 204 218 2 97 193 142 145 232 130 255 255 38 255
    230 207 34 45 54 112 20 32 255 255 20 149 255 255 148 139 199 52 255
    195 156 255 249 232 7 16 138 18 77 201 255 184 172 163 3 62 165 108
    83 255 30 24 220 142 16 188 221 34 255 255 255 37 255 206 255 255
    173 255 223 140 67 54 28 160 0 153 255 91 255 255 81 143 255 137 146
    255 177 231 255 255 155 255 249 220 146 132 37 240 255 169 255 13
    255 232 74 203 154 225 38 163 0 255 37 255 69 99 237 241 255 105 48
    163 209 10 255 228 115 255 63 30 97 193 230 249 255 83 215 32 165
    119 255 141 255 2 255 74 236 56 255 165 114 255 218 35 255 255 232
    255 120 255 185 255 112 255 86 255 255 235 255 141 255 20 104 127
    227 15 255 255 247 44 255 255 209 44 255 12 82 255 37 26 255 211 236
    213 140 124 37 104 103 255 168 34 59 84 43 123 255 88 255 177 54 255
    222 238 255 94 255 255 148 16 86 255 141 183 143 49 255 216 217 243
    244 105 168 59 72 3 74 83 255 155 77 35 22 141 12 172 197 255 43 255
    37 166 114 215 78 10 69 200 45 255 141 64 255 73 255 255 68 209 228
    197 158 255 174 155 255 166 255 225 57 154 170 235 34 13 177 145 255
    45 255 247 149 255 154 161 173 86 212 209 255 232 8 255 208 83 13
    143 168 2 15 134 173 56 255 255 207 212 210 137 169 255 252 255 255
    78 193 225 134 207 245 255 83 255 110 223 235 239 5 255 133 255 101
    2 3 102 146 146 255 221 110 255 6 9 255 102 29 255 72 255 255 19 255
    136 240 102 250 57 43 191 149 168 133 9 238 17 43 68 222 172 67 255
    249 110 255 223 140 255 178 111 255 6 150 126 151 255 22 174 111 255
    255 79 176 212 255 102 21 240 186 255 225 178 171 255 255 83 88 156
    249 112 59 152 177 237 62 168 255 178 121 255 80 196 62 195 255 27
    68 255 255 255 111 195 240 40 10 187 255 255 121 235 32 123 95 217
    252 117 255 120 3 255 216 255 255 220 180 255 180 105 255 120 132
    255 110 155 255 43 217 3 120 255 175 91 13 255 0 255 237 140 221 32
    221 187 255 3 42 255 12 44 255 37 43 44 189 140 196 223 215 107 200
    162 255 120 85 255 85 115 119 43 255 255 171 255 255 92 151 255 217
    90 255 46 107 81 148 255 255 53 91 250 50 182 223 255 185 255 231
    246 45 162 100 198 253 16 255 255 242 134 50 218 255 232 79 55 127
    199 255 156 126 255 150 54 220 255 169 191 12 255 20 115 245 106 114
    252 138 120 103 166 189 185 99 103 90 240 95 24 71 174 213 99 255
    255 255 247 255 223 56 114 255 94 115 255 165 255 255 170 136 25 83
    201 52 207 237 255 0 131 24 228 57 233 239 255 255 91 37 255 174 96
    255 193 215 237 240 156 255 36 217 22 137 173 40 103 97 255 115 50
    255 56 32 255 150 40 255 43 255 240 12 14 97 6 184 39 196 183 255
    255 255 255 101 238 255 240 119 136 198 223 0 255 255 176 59 255 255
    111 187 124 111 62 168 75 255 185 199 232 232 255 119 156 26 202 215
    194 63 114 39 178 255 161 97 12 147 191 141 255 103 227 62 53 97 132
    255 255 102 95 200 142 255 255 50 177 47 100 217 149 81 115 7 212 78
    247 41 201 20 215 255 255 255 255 62 40 67 208 231 64 255 17 63 255
    139 255 126 232 251 255 235 82 255 38 217 255 57 82 96 254 255 92
    188 71 96 180 202 255 202 106 254 166 213 255 190 52 166 202 35 34
    91 34 255 97 245 76 140 255 255 122 103 92 73 255 255 105 201 114
    179 231 40 91 255 183 255 56 255 240 255 54 81 0 138 245 117 230 255
    71 255 20 52 255 36 72 255 216 211 255 255 255 255 113 103 255 139
    121 255 255 250 0 235 13 255 184 180 247 16 29 3 49 218 2 153 103
    255 254 79 163 171 226 183 222 255 65 199 255 62 30 225 141 255 255
    255 183 87 107 237 255 20 7 255 178 187 255 255 69 177 94 203 255
    149 165 129 106 255 255 40 125 225 255 232 76 91 172 220 255 108 115
    255 195 45 44 183 255 255 237 246 255 176 197 71 228 255 22 54 249
    255 64 255 228 52 33 233 58 242 30 169 119 181 214 114 255 44 5 255
    141 164 74 26 95 136 127 45 114 10 255 255 112 148 252 218 135 15
    255 178 255 255 79 175 164 255 34 77 255 30 148 255 255 80 255 255 2
    246 45 239 21 2 21 227 255 78 255 255 255 146 255 236 255 158 37 194
    255 73 191 240 127 222 255 255 1 255 255 189 59 1 47 81 87 211 255
    255 255 200 236 255 35 29 180 180 177 87 230 181 33 255 55 105 96
    220 236 50 121 135 255 181 131 201 34 188 39 93 107 255 209 187 255
    102 255 104 130 26 170 26 255 210 223 255 255 255 81 255 66 255 255
    184 231 106 255 247 249 18 212 136 99 222 143 110 145 255 109 255
    195 97 203 255 25 141 255 114 144 227 80 81 158 243 255 141 102 16
    255 255 250 106 255 119 201 249 255 69 243 208 255 153 21 13 104 136
    255 13 191 79 255 49 74 255 221 151 245 226 255 203 184 255 206 144
    188 129 98 255 240 23 222 133 194 255 108 144 2 148 255 255 255 218
    255 176 1 101 21 255 227 111 59 255 12 126 255 36 187 255 65 208 255
    36 96 254 150 18 29 123 98 255 255 255 255 255 255 255 171 255 146
    160 255 255 12 110 109 95 81 235 113 156 255 181 202 255 243 103 255
    73 196 35 46 85 249 91 255 99 231 255 255 115 63 144 52 193 255 200
    39 255 213 255 15 136 11 255 85 255 193 178 3 133 1 201 255 161 232
    255 143 236 252 38 77 52 50 150 215 113 127 7 136 221 119 233 228
    255 199 88 119 186 255 255 47 255 196 139 14 255 164 38 49 78 26 74
    68 177 255 118 192 254 80 14 255 171 114 35 255 28 10 250 98 218 44
    202 2 108 129 3 255 20 255 253 225 76 255 98 255 115 216 217 159 3
    72 243 102 72 102 255 102 130 255 81 242 15 218 90 231 255 160 10
    255 133 202 255 239 211 255 67 53 3 178 242 255 255 58 200 255 203
    15 93 4 255 255 33 193 129 175 255 213 57 212 0 172 156 43 236 255
    172 198 255 35 131 69 255 255 255 6 169 255 195 88 113 28 127 45 40
    196 255 159 115 255 255 255 96 57 199 0 96 72 203 239 49 255 192 207
    208 127 32 255 216 223 34 243 145 156 67 255 255 255 97 255 62 255
    176 133 197 255 225 245 69 113 82 7 15 203 255 231 79 255 44 45 255
    45 29 76 6 101 222 122 241 255 19 49 255 214 48 141 10 124 255 104
    115 255 78 110 7 15 25 176 55 45 186 76 35 255 83 138 255 140 255
    129 47 167 119 234 98 57 218 109 255 172 8 255 76 119 255 76 105 208
    59 255 255 255 100 17 255 218 183 169 126 64 172 178 255 255 102 17
    250 59 62 138 167 8 244 13 139 223 177 186 125 251 227 85 87 44 47
    162 255 55 255 255 175 237 255 255 24 52 232 255 255 153 13 250 255
    119 255 151 91 243 121 165 141 123 255 57 168 164 255 12 255 255 190
    18 255 212 198 123 16 159 227 232 207 161 250 117 65 241 226 212 124
    40 255 166 13 255 81 177 139 245 127 151 53 255 109 239 111 146 255
    24 25 28 4 62 155 78 255 119 241 255 227 35 249 91 62 255 17 49 255
    189 62 149 56 255 72 19 63 255 244 179 94 207 193 201 119 59 255 151
    19 255 226 126 200 103 106 255 161 255 32 103 140 255 28 1 158 16
    231 32 255 255 255 46 116 255 255 37 255 250 145 72 230 134 87 66 88
    198 255 201 0 37 236 255 109 255 69 12 116 237 149 92 255 121 112
    203 211 6 255 43 178 255 206 155 158 255 52 255 196 255 255 254 255
    181 108 255 158 165 209 153 167 37 255 32 11 255 255 3 143 224 185 0
    12 238 5 237 29 255 148 255 255 133 21 67 255 110 255 255 91 255 147
    107 22 203 170 255 255 25 190 176 228 27 63 165 22 52 255 255 73 203
    255 255 255 47 254 32 106 71 194 255 101 83 39 255 9 3 122 227 255
    74 169 171 255 101 255 175 255 255 103 255 255 255 145 45 136 250
    255 74 255 255 110 92 208 132 109 106 18 111 255 134 61 30 50 255 67
    153 255 255 157 255 160 158 23 82 192 54 255 249 59 255 91 82 255
    185 167 255 255 122 227 213 61 247 80 255 255 183 92 255 31 182 255
    255 131 166 91 245 220 255 230 89 179 143 35 114 231 255 68 144 255
    170 111 154 11 140 255 3 43 255 30 57 45 62 81 59 90 255 87 28 255
    255 48 255 96 36 255 255 11 242 87 50 92 201 4 225 154 64 159 74 26
    73 163 133 240 196 19 3 255 235 237 138 71 230 255 192 50 255 194
    230 255 249 164 255 215 15 255 20 255 250 114 96 3 119 169 40 39 68
    255 72 203 255 166 172 255 81 255 49 150 19 2 87 144 160 24 66 255
    44 143 223 48 64 255 159 255 123 44 73 129 97 37 223 200 208 106 242
    91 34 200 241 255 240 82 129 128 97 255 223 159 8 39 255 2 43 87 255
    95 86 255 97 35 8 183 255 255 255 67 144 237 255 255 13 148 77 46 10
    77 142 255 40 113 217 255 121 96 255 48 164 255 174 254 151 115 30
    47 183 196 245 255 117 255 77 68 255 127 184 255 8 255 178 76 255
    160 31 102 7 111 138 114 104 255 86 150 255 255 247 255 255 148 11
    255 197 122 255 246 196 255 11 76 213 63 8 255 121 194 243 147 26
    228 20 255 64 19 33 255 39 3 255 48 255 255 53 194 165 153 255 255
    151 252 94 90 159 166 255 255 82 139 68 218 255 235 255 255 76 255 4
    34 106 184 255 212 228 43 255 190 126 240 36 255 255 74 29 255 155
    64 255 255 255 15 255 182 207 255 254 255 144 109 255 196 135 254 32
    64 47 222 126 10 241 255 2 84 191 107 84 11 44 92 255 255 200 149
    128 68 132 131 167 154 255 255 140 255 108 23 255 138 105 171 156 72
    191 255 139 91 43 110 255 37 35 3 9 255 238 84 255 255 252 125 42
    255 131 255 25 193 255 95 130 255 255 255 8 87 255 10 54 255 255 111
    106 195 254 255 255 227 124 255 255 201 186 80 245 255 207 255 254
    49 197 255 155 63 0 137 202 255 30 255 196 29 26 255 236 255 176 92
    103 60 255 246 255 35 23 255 127 28 255 147 193 255 116 255 84 115
    178 102 149 255 255 244 251 166 197 81 255 116 164 255 157 187 255
    255 255 255 8 83 255 110 255 2 255 103 255 172 185 255 125 42 35 59
    175 255 69 255 240 44 10 255 168 255 255 131 255 255 97 18 255 55
    255 255 102 44 255 74 255 92 146 255 255 4 255 10 228 192 255 104
    252 0 76 187 59 213 86 166 63 178 255 206 227 148 198 115 124 144
    174 29 255 56 230 28 173 203 16 207 225 255 13 255 0 255 217 46 20
    217 151 222 255 87 126 255 93 255 255 252 58 89 188 155 255 73 134
    165 255 112 84 11 180 242 138 233 29 72 255 74 250 227 255 239 37 74
    139 71 50 71 158 255 91 111 196 30 255 255 147 197 79 45 245 255 170
    3 200 166 182 34 133 203 255 155 3 207 93 73 255 190 255 126 255 126
    178 127 213 255 255 182 171 228 126 69 176 110 255 74 255 13 67 167
    255 130 76 52 0 178 106 255 16 255 85 201 59 50 117 158 138 48 79 96
    255 255 142 188 255 255 255 255 212 255 255 255 47 255 203 127 255
    64 100 255 194 255 254 236 236 52 159 134 45 26 9 255 255 131 79 255
    86 255 24 16 255 156 255 15 124 92 255 255 255 255 25 13 255 109 249
    18 85 59 119 193 255 156 54 183 64 30 215 250 127 180 123 193 154 64
    82 165 207 172 255 255 250 255 255 41 187 255 164 101 255 241 255 84
    132 255 55 11 215 255 150 255 173 7 170 168 91 233 223 111 158 111
    87 18 255 35 13 255 116 255 107 230 125 255 81 164 64 72 30 113 83
    255 190 26 255 255 28 20 255 237 203 44 47 255 123 11 241 255 108
    255 178 106 136 34 223 103 255 213 251 99 82 255 255 178 255 217 52
    189 176 255 246 255 119 202 255 233 107 238 76 255 217 17 90 186 160
    140 255 131 47 22 52 132 255 149 131 190 164 72 13 255 255 18 140
    140 40 235 255 148 106 74 255 20 255 55 134 85 255 255 182 149 83
    138 255 159 201 200 202 136 49 73 255 18 139 162 99 19 132 250 32
    153 255 100 156 255 190 54 186 252 23 255 255 255 247 251 173 255 87
    50 45 17 88 163 80 149 133 255 90 13 185 57 255 6 98 134 214 255 69
    110 158 121 9 33 255 45 100 225 39 44 255 56 164 255 255 149 255 255
    101 134 165 167 171 255 154 119 95 69 255 234 76 255 133 255 255 129
    162 255 189 255 166 215 235 181 58 87 94 152 139 255 55 255 255 80
    150 97 95 97 128 255 255 255 142 69 106 255 11 62 255 132 255 187 77
    99 104 79 255 249 33 255 170 109 255 241 93 89 176 255 126 255 74
    104 168 172 57 235 15 255 123 233 249 240 100 185 253 255 144 19 9
    183 215 221 255 137 69 255 167 43 25 234 86 186 121 255 255 19 235 2
    162 4 141 22 107 255 4 206 134 72 164 50 161 179 255 144 254 255 125
    255 24 141 255 205 149 193 255 190 203 255 21 233 255 118 255 57 255
    255 13 131 255 255 255 244 84 0 86 247 62 145 57 77 15 47 69 69 133
    65 86 255 255 217 96 38 13 77 68 255 143 3 255 124 6 19 131 128 174
    134 190 153 160 124 194 238 205 66 198 55 69 255 92 141 190 142 218
    255 134 209 255 137 79 255 121 86 45 152 146 205 230 45 79 217 255
    255 76 255 205 31 255 255 119 255 255 199 6 76 58 255 255 81 69 180
    255 232 89 54 151 3 36 250 255 138 156 67 131 173 146 255 244 99 180
    43 255 159 96 106 187 83 255 184 114 10 49 44 22 2 72 255 29 150 139
    6 232 5 255 236 72 137 83 148 16 145 255 168 130 69 64 129 255 242
    225 255 106 220 255 177 77 146 168 98 154 164 198 160 146 127 255 31
    204 240 255 33 255 255 42 119 214 102 255 200 241 223 71 97 32 164
    139 89 237 231 168 141 217 218 2 227 208 139 169 113 198 255 200 25
    236 255 232 174 255 111 201 215 170 255 208 211 139 35 165 127 134
    13 255 170 109 18 255 88 246 121 1 255 170 241 173 212 180 116 255
    16 255 255 255 255 116 237 53 166 71 255 52 133 1 146 68 0 129 78
    255 240 138 1 183 81 98 25 158 15 141 84 255 255 194 59 232 58 154
    10 78 143 123 88 68 208 52 68 254 147 8 118 180 255 255 35 149 255
    77 255 255 43 255 126 255 115 160 240 230 255 202 223 245 179 255
    255 57 247 170 20 194 141 255 138 106 0 76 77 164 35 254 148 192 64
    205 83 42 146 19 255 71 225 255 92 11 255 240 151 89 146 228 254 36
    158 255 255 241 255 10 255 25 209 71 255 253 211 18 156 180 201 255
    255 255 208 247 255 41 0 255 31 217 252 136 188 255 131 115 255 199
    112 255 141 115 255 226 5 255 106 138 64 18 255 124 169 4 233 255
    255 109 199 48 191 72 138 255 18 255 255 158 193 102 193 6 158 113
    218 255 255 184 255 152 255 249 35 255 178 255 206 255 152 125 143
    255 207 149 168 184 255 43 255 255 216 217 161 31 4 89 141 216 104
    255 221 242 52 255 255 226 5 69 119 144 255 30 156 111 27 48 255 140
    42 198 176 30 55 188 255 158 0 255 255 255 33 255 99 247 255 25 109
    196 55 237 3 167 198 255 207 33 255 224 255 255 86 66 245 195 199
    255 142 236 153 204 225 255 115 231 255 151 158 195 185 64 118 134
    255 118 81 255 255 162 76 97 255 255 255 100 127 255 204 255 102 186
    169 255 164 25 255 50 251 222 4 163 92 27 255 178 230 173 255 125
    246 255 209 235 106 250 19 255 254 96 230 129 183 255 93 88 255 199
    52 255 167 227 8 190 121 148 106 144 255 57 129 255 10 255 255 20 82
    165 92 32 72 250 154 29 255 136 102 250 170 17 84 255 121 114 227 15
    184 102 255 255 207 255 69 134 50 90 100 32 46 255 210 174 66 255 27
    72 215 131 255 178 143 141 255 160 136 255 236 245 255 205 255 255
    218 255 67 113 255 255 187 107 146 119 192 255 19 192 235 88 66 255
    183 96 255 223 32 255 176 56 39 56 255 22 231 202 96 179 174 255 200
    236 144 140 255 255 123 218 255 236 131 255 214 203 54 92 74 255 255
    187 255 88 255 255 99 255 129 247 255 160 35 132 163 161 227 255 50
    185 255 16 220 235 255 49 3 120 110 200 255 164 27 255 48 180 227 43
    255 99 255 29 1 87 13 176 16 255 172 112 60 43 26 27 120 156 139 116
    179 255 86 225 255 204 115 255 226 207 7 249 151 255 255 110 156 84
    79 255 195 77 255 113 91 255 234 204 102 112 23 195 162 255 163 7 66
    180 255 228 149 227 34 245 176 33 35 116 159 255 124 136 71 148 61
    255 215 198 212 11 34 255 255 42 42 251 3 0 74 63 255 174 124 118
    213 42 230 255 255 255 119 145 255 194 255 59 152 131 255 183 40 250
    174 183 255 31 175 74 119 174 245 20 112 82 152 101 255 255 101 106
    172 119 37 176 255 129 216 159 255 129 97 252 59 255 180 104 150 47
    242 255 255 208 105 5 58 255 255 206 255 65 11 204 255 110 81 161
    146 179 255 68 240 18 237 9 247 184 114 212 94 204 255 255 255 255
    140 88 255 243 168 91 132 255 201 240 226 255 24 57 255 178 241 222
    69 81 104 255 218 255 74 130 0 252 191 255 53 82 34 230 138 212 206
    71 255 140 255 18 37 0 238 22 156 255 43 246 255 28 23 160 109 139
    144 255 25 255 35 10 109 65 134 228 121 105 237 213 183 255 184 247
    255 73 37 107 77 164 255 255 198 255 63 23 255 225 48 92 255 156 44
    164 255 255 111 111 213 7 26 29 12 255 128 218 163 91 13 238 255 231
    221 97 143 132 34 17 117 200 1 216 255 38 235 255 18 183 30 103 173
    55 143 233 30 21 255 49 140 246 178 93 81 255 170 255 181 205 246
    151 252 150 30 239 245 255 133 90 255 102 42 118 175 117 161 255 82
    255 103 140 178 254 69 72 6 191 255 91 119 195 193 69 255 230 124
    255 185 213 255 8 238 255 115 8 255 197 119 87 122 255 141 18 255
    255 255 213 49 197 145 255 162 148 235 129 116 57 48 255 255 171 213
    185 240 39 87 189 255 255 92 107 255 141 1 148 237 237 141 213 148
    255 242 122 255 130 53 178 190 25 255 243 158 255 214 194 165 183 54
    45 199 182 29 192 155 210 227 201 207 241 203 255 75 220 255 164 182
    255 138 5 240 146 255 89 31 136 255 172 215 255 255 10 243 255 255
    170 69 106 107 131 25 129 45 206 250 27 1 255 151 6 186 255 81 255
    255 245 255 255 148 133 168 148 92 78 129 208 174 238 255 119 120 97
    57 238 171 143 139 0 96 255 232 251 34 255 161 230 255 72 159 57 255
    255 52 29 255 30 146 228 255 252 187 18 93 18 255 233 255 255 119
    136 255 225 212 255 255 13 126 252 18 255 123 255 255 95 255 255 172
    255 109 220 238 255 156 58 255 202 90 200 255 131 245 247 5 87 85 85
    232 78 255 255 164 196 255 100 255 69 37 149 34 234 87 10 63 90 24
    149 110 255 255 167 163 196 24 255 72 66 171 106 240 163 207 255 42
    255 98 60 46 129 255 108 246 126 211 121 255 47 131 220 184 72 94 26
    63 52 78 67 255 221 201 171 63 179 255 206 208 171 254 255 87 142
    174 255 4 191 255 246 252 255 90 255 136 114 145 154 95 10 72 188
    196 255 134 255 255 22 61 255 177 5 255 156 179 228 56 81 255 57 66
    255 209 255 57 190 40 255 171 4 255 127 206 183 235 179 255 37 255
    116 112 10 255 29 49 255 122 255 255 140 132 255 233 192 201 99 194
    124 53 255 255 57 125 255 254 197 255 71 78 255 255 217 255 20 130
    250 177 255 255 189 215 13 122 230 242 24 56 255 122 105 171 26 236
    255 115 110 154 206 206 254 38 39 39 18 255 220 102 240 255 255 255
    119 255 145 255 255 255 255 59 172 255 220 204 255 255 169 220 3 91
    175 236 255 94 58 230 255 144 139 138 83 255 200 17 198 176 88 140
    99 217 187 86 64 255 163 255 255 255 147 255 255 251 63 183 76 237
    255 132 34 255 115 34 255 58 233 186 59 255 245 99 61 144 236 64 210
    41 93 255 124 119 176 48 255 10 16 255 233 149 45 255 142 69 255 205
    254 255 8 247 255 195 64 3 142 177 175 113 255 91 231 1 255 45 238
    255 221 204 153 209 228 232 77 110 255 165 188 210 40 255 143 39 255
    255 255 194 255 57 228 96 38 225 27 239 115 255 247 249 255 134 77
    181 174 217 119 55 255 13 188 221 158 164 117 255 185 111 255 179
    182 149 97 209 232 144 111 183 1 76 255 198 198 233 188 3 235 255
    207 175 65 1 255 209 236 54 223 255 27 77 201 42 48 255 228 255 223
    210 30 197 138 10 61 34 37 116 17 197 255 255 208 193 170 155 112
    255 59 188 255 21 57 97 48 106 255 176 194 255 213 10 255 22 121 170
    114 139 62 239 40 255 160 53 255 226 15 97 64 45 45 95 117 96 111 56
    141 164 153 255 127 101 22 255 106 39 255 182 255 206 255 255 76 255
    255 97 1 255 255 33 116 242 93 255 34 255 255 255 97 76 175 207 255
    50 170 230 255 236 255 47 183 255 150 251 255 81 34 255 46 255 27
    187 92 34 2 207 255 214 255 237 185 232 191 161 192 255 26 255 255
    255 57 255 255 155 79 75 105 220 17 255 255 246 255 245 16 255 255
    255 156 255 237 232 49 255 148 143 12 33 255 156 217 255 6 255 45
    144 100 99 39 77 250 252 255 255 171 226 255 197 255 126 103 255 210
    52 77 160 30 20 255 244 255 255 255 255 121 255 91 198 221 96 176
    250 255 69 255 203 255 195 255 255 27 57 255 202 255 40 82 119 255
    171 136 25 183 37 255 184 48 94 122 255 255 140 42 27 0 233 255 250
    77 255 226 203 37 81 241 227 71 231 255 255 255 186 159 255 255 237
    255 201 247 255 223 255 255 255 106 255 255 162 255 255 241 255 65
    196 230 154 72 235 149 7 3 255 53 43 20 241 87 59 243 255 255 17 206
    255 7 105 186 146 37 255 54 101 181 255 85 230 152 34 255 69 73 193
    204 235 22 103 230 255 76 194 255 226 87 10 255 93 146 255 63 255 71
    255 0 208 250 50 186 6 143 187 156 237 57 237 255 78 164 255 82 196
    134 123 117 149 255 81 250 245 25 255 113 255 170 186 223 170 2 120
    228 97 109 255 49 255 255 192 107 255 180 255 255 255 255 255 119
    213 190 88 74 139 68 44 255 205 233 255 165 255 45 34 24 218 161 255
    255 255 255 240 146 204 72 22 227 250 1 44 2 207 255 116 255 255 255
    196 100 126 224 255 79 12 255 213 115 107 160 170 255 243 39 33 240
    255 255 255 239 18 255 133 144 235 255 66 175 45 120 81 221 184 136
    167 255 32 95 169 255 195 255 255 103 255 151 29 255 255 50 34 255
    17 254 64 85 217 27 123 222 215 170 255 201 141 247 255 8 135 247
    255 255 255 203 255 255 127 10 255 213 114 255 255 255 76 119 8 255
    255 255 255 255 255 176 148 167 255 178 233 153 200 101 255 165 255
    255 160 67 255 96 159 255 236 72 7 184 16 255 137 116 8 31 255 190
    223 6 249 255 199 181 121 215 59 225 35 141 59 202 255 133 177 200
    114 114 165 236 255 255 237 255 255 91 34 255 26 173 173 152 255 255
    193 9 129 7 207 255 187 115 101 122 179 129 72 196 193 132 121 255
    146 255 181 110 255 18 139 121 200 255 143 106 30 191 193 30 162 190
    34 115 193 203 64 158 54 198 255 22 255 50 129 164 59 223 180 255 7
    44 255 247 145 190 187 255 255 9 238 255 242 255 255 119 132 255 255
    255 87 4 132 163 197 207 252 198 154 149 99 191 35 167 92 255 227 1
    196 184 115 254 22 226 255 49 67 255 24 135 255 116 255 113 83 111
    218 2 231 255 53 57 255 204 255 255 2 215 255 68 249 255 246 236 255
    94 255 54 164 141 69 165 37 176 21 13 136 255 79 180 192 212 255 95
    255 76 246 242 255 251 148 191 204 255 255 255 5 232 64 28 255 209
    211 255 116 45 52 24 255 210 151 146 255 221 164 67 255 255 196 205
    86 171 138 189 25 244 1 144 69 39 7 241 127 123 255 21 176 45 251
    255 13 218 255 106 13 0 13 255 141 101 212 233 224 14 255 34 252 203
    40 56 207 255 130 255 239 173 97 96 177 255 72 255 255 255 255 139
    87 222 218 190 34 102 251 150 255 186 122 102 150 37 67 255 249 255
    138 250 255 146 4 0 12 120 255 212 10 160 80 199 131 43 206 255 255
    255 255 20 203 87 183 141 82 12 208 217 183 122 25 155 255 255 54
    247 252 146 98 255 20 255 255 123 151 113 228 228 255 175 255 156
    116 255 113 192 255 208 213 255 92 148 255 138 162 255 255 113 5 255
    215 167 255 255 255 245 184 255 255 75 255 255 195 9 255 158 47 212
    255 197 255 251 255 255 92 1 255 161 88 22 103 8 168 237 168 203 252
    231 59 192 158 255 205 57 7 181 42 149 41 122 123 116 50 255 255 173
    32 255 124 114 131 230 255 255 21 59 255 54 96 255 145 161 226 23 2
    99 97 29 158 170 223 81 158 13 32 158 49 255 162 245 255 53 255 60
    220 101 136 232 185 134 114 255 81 119 27 237 134 223 3 109 235 162
    148 18 246 172 255 195 255 65 167 255 170 53 6 99 152 255 188 217
    109 255 194 138 116 187 255 255 255 233 255 215 188 94 164 25 255
    222 76 149 49 231 242 141 255 60 244 255 104 68 197 15 237 255 232
    243 251 255 237 233 131 75 250 255 49 47 74 237 28 255 134 11 255
    106 255 218 113 59 255 255 199 255 255 35 255 255 255 255 251 124 30
    84 29 255 255 79 109 20 255 72 114 255 255 38 177 255 108 103 255
    149 9 255 187 90 200 116 154 255 47 174 255 158 255 255 39 255 97 57
    247 113 167 67 82 80 255 240 7 193 22 255 245 255 222 71 255 20 202
    255 139 175 255 10 91 255 255 255 245 74 58 92 252 59 96 183 4 154
    180 145 255 162 255 35 221 255 255 255 103 255 171 196 87 188 211
    255 65 96 121 168 254 148 78 127 255 128 90 128 227 255 255 48 23
    106 245 114 249 194 0 198 255 255 255 87 255 166 255 255 57 194 255
    143 224 105 255 250 185 255 237 58 171 11 221 84 101 204 160 63 88
    114 234 167 153 97 151 255 165 69 255 36 130 166 158 255 255 183 255
    255 115 39 255 103 141 5 198 153 97 213 232 255 67 153 25 255 237
    121 255 126 175 60 198 255 255 255 255 241 117 79 58 1 255 221 124
    255 50 170 67 189 149 255 45 255 255 17 250 255 179 158 230 166 204
    255 196 182 141 236 255 72 235 255 255 255 231 243 59 20 163 92 48
    160 116 206 255 240 34 123 141 53 255 172 91 196 30 192 213 41 139
    255 52 255 238 7 145 17 188 241 255 252 85 203 255 29 255 41 29 242
    253 192 255 255 255 201 247 21 55 122 255 178 253 255 149 40 21 233
    234 173 255 55 129 106 64 153 255 192 13 255 195 95 190 46 173 124
    63 112 250 255 255 201 113 106 165 74 111 255 170 222 32 214 131 10
    170 182 255 244 96 210 178 111 255 224 215 183 162 255 47 115 255
    255 56 203 20 212 19 111 73 68 255 121 35 255 255 43 163 195 124 255
    156 30 30 118 30 255 180 223 255 65 96 45 25 255 175 46 52 255 228
    154 181 162 247 255 129 139 247 253 223 232 227 135 255 226 255 163
    192 32 91 96 45 123 4 204 255 152 255 79 255 138 107 255 101 255 82
    132 111 203 228 255 141 90 230 138 44 255 90 120 87 231 170 203 62
    66 118 214 111 255 91 68 128 7 196 178 230 156 255 141 162 255 223
    227 255 209 145 255 30 92 255 155 164 154 11 252 79 255 213 20 113
    154 237 240 23 255 255 33 40 147 159 255 6 247 255 177 87 255 202
    198 200 38 255 254 194 155 255 93 29 255 255 15 186 234 221 255 156
    218 255 46 71 96 47 255 255 45 4 255 211 255 255 111 148 255 242 49
    255 132 241 255 255 68 255 217 255 255 149 156 255 48 154 255 198 52
    255 127 255 255 36 221 255 90 255 45 28 16 54 207 105 255 136 56 188
    255 255 255 11 255 13 255 255 255 255 105 255 0 76 255 29 255 5 86
    105 255 166 246 233 130 21 255 255 255 255 202 255 128 132 91 156 47
    207 181 64 53 255 149 225 255 58 93 223 242 255 255 151 79 171 204
    18 160 255 255 255 97 126 255 55 255 15 255 76 77 94 255 126 220 79
    243 255 231 255 63 212 24 118 116 166 4 59 255 192 35 218 175 211 40
    46 255 255 97 1 255 109 139 170 31 140 3 255 14 92 90 226 255 62 74
    39 54 255 255 67 183 255 56 196 255 255 255 255 255 222 255 247 216
    45 188 255 255 242 81 255 220 232 17 166 180 255 31 255 210 192 130
    255 221 255 12 255 255 255 97 255 242 105 242 40 41 5 252 11 255 255
    162 124 255 232 255 255 255 178 94 246 69 200 186 255 255 68 223 181
    240 64 118 10 255 170 244 255 188 11 184 255 255 47 201 97 146 255
    185 45 255 230 24 255 67 105 59 255 197 7 136 35 255 56 255 27 11 73
    40 255 8 178 65 151 91 114 255 29 204 74 255 105 15 255 222 69 250
    69 255 76 7 188 255 32 29 134 77 112 121 65 131 170 255 119 255 199
    85 7 155 165 128 165 1 62 255 134 121 122 255 96 35 35 3 148 53 175
    218 45 203 11 85 255 255 194 40 32 255 255 85 6 255 255 255 255 184
    213 180 255 149 255 85 119 196 36 255 243 207 136 255 239 244 255 75
    169 255 197 162 225 21 153 143 25 216 20 76 206 255 255 95 237 179
    230 215 160 196 247 12 255 71 255 255 40 176 78 76 239 35 238 200
    135 153 255 187 235 22 238 7 77 78 114 158 255 196 92 30 180 62 198
    255 46 145 210 12 255 59 235 221 25 188 23 255 32 153 255 140 33 255
    255 119 114 198 184 217 62 5 25 186 33 255 114 33 17 255 112 255 255
    177 255 62 183 255 216 236 254 46 182 255 97 43 255 71 92 171 243
    153 191 179 6 255 52 42 207 59 58 255 143 119 255 88 162 138 43 202
    163 115 134 255 28 106 131 255 254 92 249 207 186 220 143 255 243
    223 255 58 50 255 185 72 12 11 255 87 244 48 255 11 96 255 124 74
    158 147 225 37 69 116 233 153 127 57 110 37 255 132 119 255 255 135
    136 187 254 255 186 255 89 113 57 255 96 255 161 131 150 200 75 154
    255 149 255 255 255 73 72 18 255 220 225 62 255 142 255 205 0 255
    134 146 255 5 209 255 255 49 10 255 53 79 243 189 135 255 194 162
    255 231 72 255 255 255 107 9 145 255 211 255 196 9 191 92 255 255 18
    255 255 118 168 175 57 157 165 52 255 246 24 16 255 107 255 255 178
    178 255 82 77 216 255 211 45 232 242 100 69 123 255 190 174 226 201
    49 250 49 230 64 255 193 121 255 208 100 255 146 16 60 216 23 32 24
    196 165 130 255 29 140 83 255 255 163 201 255 255 104 158 74 7 241
    255 255 234 168 255 255 255 233 56 38 49 21 119 94 214 130 208 141
    255 2 185 255 166 96 215 242 65 255 255 140 255 176 211 196 210 8 18
    255 9 232 96 130 103 183 180 202 255 193 150 207 85 155 131 255 143
    255 50 194 170 22 255 7 168 101 255 56 216 255 200 230 255 78 255
    195 9 98 81 160 13 255 85 216 114 18 255 8 211 255 18 255 163 208
    138 33 168 185 120 138 45 102 255 252 61 255 255 140 7 250 35 255
    239 255 255 198 250 237 48 53 255 204 255 228 177 91 57 255 54 255
    255 91 129 196 235 255 96 228 255 255 93 146 111 52 154 184 206 34
    177 155 255 234 209 243 255 255 114 134 135 255 50 255 255 60 91 82
    72 18 255 225 97 200 75 25 255 127 76 255 168 184 160 236 132 99 255
    58 173 243 29 44 104 236 255 200 66 255 76 222 190 255 255 7 255 215
    10 255 255 245 45 255 72 40 255 111 156 252 255 181 140 186 35 240
    255 252 207 65 76 221 5 116 134 255 28 208 32 59 57 255 240 59 29
    106 5 76 55 96 218 141 162 131 76 232 255 32 66 176 88 254 255 220
    160 255 49 43 143 177 255 178 141 20 144 53 215 94 119 212 47 15 255
    200 81 255 121 255 103 247 13 145 242 102 141 255 255 255 255 223
    150 116 217 81 255 209 156 255 215 209 196 214 168 255 196 251 255
    50 52 255 203 160 255 31 54 255 96 149 255 255 126 212 97 252 255
    188 255 252 158 255 18 111 90 42 223 191 255 156 23 129 255 69 134
    121 90 118 20 255 255 209 127 114 245 139 210 69 255 218 255 207 139
    60 255 254 46 213 139 151 231 255 255 180 255 207 11 232 159 201 255
    213 160 255 115 33 255 255 88 13 255 115 111 63 222 35 136 255 22 36
    255 225 255 134 89 27 91 198 32 154 255 58 28 49 242 169 126 118 154
    220 131 255 255 158 182 15 32 255 101 77 225 183 255 68 5 97 131 144
    166 112 255 72 58 89 255 5 255 171 201 47 255 150 18 234 132 97 249
    106 15 217 255 59 132 115 255 198 98 106 255 122 255 215 255 12 255
    255 255 164 0 76 91 155 97 204 14 255 156 232 255 122 13 238 255 255
    15 13 105 255 156 136 255 235 91 255 255 255 116 32 10 24 209 120 25
    193 28 168 71 140 255 255 143 195 15 220 151 9 73 5 255 83 183 134
    100 232 93 226 188 177 255 143 85 255 188 193 255 255 255 255 40 155
    162 72 49 101 255 122 255 188 255 177 255 32 255 18 255 255 255 49
    170 60 159 199 217 67 72 44 214 67 57 177 98 255 158 246 255 141 172
    255 207 255 217 13 255 57 38 30 208 217 247 32 130 192 255 255 1 138
    235 13 97 84 225 255 187 255 255 252 129 77 124 10 222 109 120 176
    209 209 42 255 3 138 195 184 255 84 28 60 36 245 255 169 11 212 220
    134 42 74 232 200 211 11 191 235 11 97 166 95 113 94 168 30 160 164
    245 60 62 64 104 168 240 253 124 131 29 132 255 26 50 156 255 216
    116 146 23 255 21 250 255 65 255 3 116 13 255 255 206 255 30 172 255
    206 254 255 76 169 191 124 188 154 6 136 82 223 242 255 204 216 158
    251 255 113 31 246 124 108 255 109 55 23 218 85 255 208 46 156 237
    56 163 106 196 140 255 255 54 255 231 238 255 231 110 55 255 138 255
    123 242 255 166 95 118 196 59 200 236 255 69 94 255 220 96 126 69 0
    198 37 136 167 250 211 86 255 222 29 255 128 255 255 139 96 191 44 3
    54 183 212 242 148 159 255 4 209 74 10 187 255 143 255 62 18 180 107
    64 88 255 172 16 156 255 126 52 255 255 255 159 182 255 102 232 3 76
    230 138 3 9 255 25 255 207 152 255 190 193 39 235 160 255 107 144
    208 217 255 47 60 237 1 37 255 255 255 226 135 148 157 255 255 75
    188 47 166 102 235 127 103 42 48 83 255 214 246 149 186 23 215 28 28
    255 31 86 133 203 207 188 101 122 17 144 87 25 124 202 207 82 115
    131 255 241 255 59 255 255 73 183 81 172 13 255 181 141 255 193 121
    156 205 222 249 78 122 191 209 122 255 142 255 255 152 255 123 218
    121 255 164 217 255 232 90 255 155 252 134 112 188 255 71 52 255 1
    191 255 69 242 22 195 43 255 222 115 123 224 144 65 114 62 255 81
    168 144 129 255 255 246 124 255 243 255 255 36 198 175 202 163 255
    44 255 255 158 255 8 255 58 208 152 120 238 153 109 238 113 52 69
    230 182 255 142 162 97 253 255 37 255 255 255 207 249 255 130 255 86
    35 121 255 159 255 64 35 233 55 233 255 255 45 255 8 255 153 40 16
    62 255 255 254 208 181 255 27 116 250 205 235 241 144 153 110 133 87
    6 255 225 106 255 73 16 2 255 255 255 44 38 255 224 175 193 169 165
    201 181 212 240 230 16 238 159 154 255 184 11 106 175 42 79 57 148
    254 102 255 227 141 185 255 225 141 255 49 238 64 44 119 255 83 87
    255 54 165 201 111 32 255 217 255 87 168 255 55 58 255 255 255 255
    255 83 255 255 130 198 255 83 255 22 195 165 59 124 136 195 157 30
    223 67 255 255 11 255 232 206 159 109 122 255 7 166 179 5 137 155
    143 125 201 2 161 10 139 50 101 255 161 159 166 114 139 39 217 255 0
    55 0 228 25 252 64 112 255 77 54 255 18 123 220 176 172 57 255 76
    140 207 255 201 190 122 201 67 93 255 176 71 69 156 202 59 22 52 39
    32 187 117 208 255 66 77 205 37 255 58 76 255 72 103 44 37 238 89
    255 103 149 253 250 247 211 160 255 255 236 255 77 251 255 180 162
    255 255 130 255 118 122 3 142 255 2 183 78 176 56 212 255 64 255 255
    2 246 64 255 217 212 120 255 255 65 136 50 195 255 18 233 19 30 247
    209 72 168 18 255 38 255 13 178 5 22 35 220 102 36 145 210 255 13
    255 30 19 255 255 255 255 133 114 255 176 255 255 96 93 133 113 255
    232 193 255 74 255 86 255 199 187 255 255 255 223 48 148 59 1 79 149
    25 244 57 138 255 77 255 134 71 63 255 255 176 73 79 223 179 91 255
    107 5 34 98 123 171 170 255 197 204 124 65 188 205 58 116 148 41 209
    255 222 50 0 91 255 255 81 220 158 36 237 22 239 124 2 255 92 255 2
    6 255 78 204 178 131 245 255 21 67 193 17 44 255 213 149 49 24 155
    76 129 62 111 32 255 255 31 158 255 216 59 139 130 255 242 67 78 255
    255 13 255 158 82 255 230 140 240 148 178 143 215 114 171 185 255 30
    87 226 210 255 204 255 205 87 13 170 62 148 60 95 131 15 231 255 255
    255 181 255 255 255 255 173 131 255 10 173 118 216 7 120 163 227 64
    90 255 57 56 255 122 62 160 121 165 208 2 172 151 165 185 99 105 208
    255 103 254 225 209 189 245 90 255 255 212 192 74 175 255 133 54 212
    158 76 207 32 255 150 35 234 203 212 94 180 255 222 207 84 115 96 42
    255 196 255 255 255 243 255 52 255 179 247 109 228 240 255 171 240
    47 255 74 139 43 24 255 184 121 32 21 212 255 127 173 143 167 255
    255 60 255 242 203 103 255 147 101 255 255 218 255 47 255 91 220 125
    243 144 44 255 187 255 255 39 232 79 245 81 186 132 42 183 170 255
    134 36 40 255 59 255 255 215 62 12 220 64 223 106 112 255 123 255
    153 26 255 240 110 163 255 233 245 255 4 15 109 175 90 27 71 218 255
    227 242 228 7 62 107 217 28 255 158 255 128 133 67 255 255 202 96
    223 255 24 243 254 255 122 100 168 25 225 235 186 163 106 15 140 255
    255 105 255 255 154 180 234 124 101 87 112 160 66 194 143 3 255 255
    255 227 161 152 255 25 8 154 207 59 76 109 62 230 255 175 4 255 176
    132 119 69 211 133 160 255 217 84 255 255 4 149 255 190 191 131 15 0
    255 88 246 178 215 126 255 197 66 255 127 54 97 243 255 255 188 255
    249 134 82 126 255 155 255 63 20 99 72 255 255 134 165 220 118 197
    255 208 56 255 147 228 30 110 215 255 104 85 12 138 56 52 58 255 154
    209 71 255 100 187 255 3 255 185 139 222 129 244 15 213 84 177 5 255
    233 168 15 69 255 29 255 96 134 225 153 185 255 255 78 100 188 95
    240 86 58 226 255 129 212 131 115 185 223 39 64 109 242 127 173 133
    212 82 231 67 255 183 125 113 85 255 255 225 97 255 62 153 255 255
    255 34 255 255 86 30 238 76 200 154 175 254 185 230 255 19 128 213
    82 163 103 255 134 212 241 242 131 255 161 197 49 255 64 230 255 49
    102 27 255 62 255 166 150 255 185 255 255 176 255 2 4 173 153 177
    126 191 123 59 185 7 233 81 185 170 255 223 18 178 29 121 148 91 71
    166 246 191 217 82 207 57 41 255 255 148 156 255 97 191 50 82 255
    255 190 255 133 63 184 218 10 238 65 241 129 255 139 163 55 192 97
    94 214 145 255 231 44 243 104 255 107 196 9 255 99 83 255 7 156 116
    12 236 255 255 188 255 146 255 255 255 153 212 101 173 255 60 255
    255 155 255 124 130 136 238 216 255 237 211 255 255 211 77 255 255
    247 255 94 145 255 150 45 255 255 73 255 54 40 255 93 255 255 142 9
    0 199 79 230 87 183 255 236 82 227 125 34 255 175 255 255 128 100
    255 16 255 233 56 199 255 64 121 255 244 93 18 169 131 181 220 146
    255 226 212 223 121 76 255 151 255 255 38 48 255 141 28 252 255 252
    255 161 255 235 96 72 72 87 91 255 181 233 101 97 208 255 35 132 255
    60 169 215 74 57 255 19 189 57 164 154 255 47 58 82 205 25 104 255
    169 191 205 25 17 216 197 255 142 81 139 58 21 217 47 244 255 63 160
    176 255 255 173 13 255 74 255 255 3 116 167 255 255 255 255 123 151
    245 85 177 215 60 194 255 3 177 255 186 255 76 211 19 12 255 199 255
    9 255 60 96 236 255 146 53 255 170 32 67 17 103 45 1 90 255 108 156
    180 147 241 59 151 5 106 255 175 255 28 216 45 53 255 138 7 196 255
    75 110 255 39 153 255 111 255 138 44 217 255 6 202 250 4 155 255 19
    28 181 207 170 45 204 170 255 255 254 255 237 159 255 113 47 255 195
    223 0 38 117 255 255 236 37 184 255 255 21 20 146 0 255 195 255 255
    22 64 191 121 216 188 255 215 34 255 233 23 255 200 148 255 255 237
    227 95 88 255 176 255 96 84 23 123 71 59 255 140 34 10 175 255 255
    180 28 250 3 255 113 74 16 255 29 255 82 105 255 158 31 126 82 253
    91 255 144 18 196 255 72 255 224 164 60 120 71 24 179 255 136 31 139
    203 214 255 119 166 255 144 26 45 213 185 117 255 255 39 255 174 255
    15 175 124 255 255 146 255 74 105 255 94 255 255 112 20 87 35 255 87
    123 25 87 217 49 255 71 167 113 148 189 42 91 199 255 46 76 255 164
    135 255 186 15 255 86 204 123 75 87 222 255 71 34 242 40 158 104 0 7
    41 148 44 132 172 97 92 172 255 215 255 255 183 182 3 212 105 255
    103 187 49 144 255 255 255 255 151 48 73 255 213 188 255 83 201 18
    78 255 215 255 255 243 194 203 104 137 101 180 30 255 195 20 255 118
    102 32 254 254 93 161 217 255 255 30 238 123 212 207 113 90 87 255
    104 67 255 255 211 176 10 237 255 65 101 255 255 52 3 115 37 255 64
    196 45 202 56 113 167 28 243 255 92 190 59 16 160 72 255 255 206 95
    210 132 255 255 183 217 15 3 3 255 18 40 255 167 3 255 179 78 227
    255 1 146 203 255 185 174 61 255 114 208 255 228 255 255 241 57 255
    59 255 39 21 117 255 132 208 255 193 63 27 178 158 222 209 82 213
    169 183 165 254 255 114 205 191 255 176 255 255 101 255 255 165 183
    163 96 90 141 220 85 99 188 160 180 138 116 119 109 252 198 18 232
    255 57 42 255 87 228 168 149 3 255 97 69 47 66 21 196 13 255 37 34
    85 54 131 255 49 253 231 160 151 102 64 136 196 97 19 245 143 100
    255 119 119 33 119 40 48 212 246 120 255 139 255 2 175 47 243 28 255
    144 136 167 2 255 255 255 122 86 156 255 73 255 255 49 7 255 206 118
    172 255 255 218 124 195 206 255 30 255 1 218 159 28 183 203 255 255
    255 255 161 36 129 255 249 255 136 114 112 131 235 255 178 60 206
    255 211 255 255 37 233 20 220 255 245 185 15 15 242 82 190 78 145
    255 234 11 173 168 242 255 25 59 238 168 47 255 17 121 128 149 255
    240 112 197 255 76 56 222 137 37 255 96 106 255 72 56 255 109 217
    255 162 255 213 253 136 240 214 255 149 77 53 255 162 254 225 31 255
    123 0 255 255 226 109 210 63 183 2 208 127 190 156 107 255 17 170
    255 255 58 255 255 255 87 62 74 255 202 6 255 74 238 255 174 222 212
    20 98 255 118 15 201 190 85 255 144 241 57 77 138 163 225 61 34 212
    131 255 170 92 190 213 251 40 255 66 255 236 183 55 165 255 102 255
    202 69 174 107 255 255 43 235 32 218 15 178 131 207 101 58 255 226
    23 225 146 255 255 43 255 79 155 255 37 226 255 12 25 34 255 59 141
    212 35 42 134 34 1 126 50 255 245 128 134 165 255 192 49 129 21 228
    149 38 255 18 209 94 92 78 255 53 48 20 68 160 99 109 192 240 92 83
    196 29 145 203 187 220 255 103 150 255 216 155 148 239 42 158 189
    255 210 255 6 255 199 26 255 121 206 124 220 169 215 66 21 255 214
    112 255 118 155 237 228 23 183 203 204 91 255 16 245 105 74 255 184
    120 141 21 146 119 49 164 183 49 211 102 211 4 255 21 121 27 44 255
    107 157 209 255 106 28 17 22 53 180 112 255 235 46 43 121 64 23 12
    224 255 255 85 169 255 170 255 39 179 212 60 167 30 71 77 191 5 105
    165 255 125 93 255 205 255 42 166 132 255 214 222 237 255 206 255
    214 85 255 125 189 138 35 209 255 255 153 255 88 18 59 180 169 173
    188 177 27 207 255 222 222 124 158 165 240 116 124 255 149 36 255
    255 183 95 255 102 4 255 235 255 69 254 215 255 114 255 72 22 115
    255 106 197 255 96 132 222 230 37 205 228 204 255 216 255 223 228
    140 180 218 53 255 114 255 255 186 222 255 82 228 210 116 18 255 118
    255 227 80 131 20 170 218 37 255 223 255 130 192 255 39 145 255 43
    140 255 18 111 205 66 255 118 91 135 84 200 255 215 66 208 255 130
    191 121 100 21 255 175 25 255 153 90 160 255 11 12 9 207 81 159 32
    255 36 164 255 6 223 186 255 129 218 252 178 116 155 227 230 116 218
    37 174 231 255 20 250 255 2 255 59 77 101 62 15 255 227 83 218 99
    255 255 215 75 37 69 48 232 255 105 58 151 122 134 175 213 182 240
    146 255 35 170 225 203 132 110 65 144 255 82 118 179 44 96 255 106
    118 189 144 255 124 7 116 160 148 66 67 40 165 213 99 249 225 13 160
    255 255 255 82 240 222 78 39 255 92 185 237 193 225 65 129 255 247
    255 255 9 189 255 224 54 255 226 163 109 93 184 136 94 40 255 206
    162 255 255 28 134 54 148 37 111 131 97 193 63 193 226 255 34 18 250
    255 221 184 255 205 203 27 67 1 250 120 251 13 55 102 111 82 255</data></my_img>
<your_img type_id="opencv-matrix">
  <rows>100</rows>
  <cols>100</cols>
  <dt>"3u"</dt>
  <data>
    255 255 206 195 255 255 255 62 255 255 255 255 219 190 255 255 255
    164 255 255 115 255 255 233 255 132 152 155 255 233 245 86 247 40
    255 255 255 255 61 106 255 87 102 255 255 255 247 85 233 233 6 255
    255 87 141 172 200 255 255 255 255 255 81 98 56 0 2 22 133 233 255
    77 117 74 255 46 255 255 255 48 194 70 255 255 255 255 73 255 162 8
    255 255 255 255 255 255 80 226 255 60 56 208 255 255 255 255 134 255
    255 255 38 255 249 142 255 106 255 255 34 154 255 255 255 76 255 255
    249 255 184 163 255 20 255 255 4 255 237 42 255 255 255 42 255 55
    255 30 237 255 255 42 255 8 255 255 38 255 249 68 255 255 208 255
    255 56 255 181 192 249 255 160 75 255 255 119 255 176 255 255 74 255
    44 52 28 255 255 28 165 255 198 16 255 255 255 130 26 38 229 255 125
    80 255 133 255 255 255 255 87 62 226 255 173 158 255 213 60 255 26
    255 28 255 255 36 255 36 255 255 255 105 243 255 192 255 255 127 225
    52 10 205 255 255 255 106 255 255 196 38 255 46 255 113 186 200 255
    255 59 18 255 255 255 210 192 239 18 255 253 255 255 0 14 8 255 255
    2 64 255 255 255 255 255 58 255 166 52 255 162 255 255 245 54 52 83
    255 255 57 117 255 255 109 255 182 104 0 255 255 255 255 255 255 255
    66 255 255 255 112 30 255 212 255 255 255 255 255 222 255 255 108
    255 6 255 10 255 196 255 215 255 168 207 184 255 44 255 255 237 14
    255 255 8 255 255 255 99 223 255 255 255 255 133 255 255 69 24 255
    255 215 255 255 255 255 255 171 255 255 255 255 131 255 255 255 255
    255 208 255 255 220 255 44 59 4 255 28 255 253 255 117 229 227 129
    255 255 255 255 247 231 255 216 255 255 235 145 255 255 12 100 255
    127 255 67 255 255 111 255 222 255 165 98 255 255 106 255 255 255
    255 255 42 14 255 220 216 255 108 134 255 255 255 255 200 255 26 180
    42 129 239 198 62 208 255 255 255 214 32 160 85 32 40 49 26 255 129
    255 255 255 255 255 220 125 104 255 255 200 229 255 102 255 255 255
    255 255 255 154 201 255 95 255 172 255 255 255 255 255 10 255 32 255
    85 82 255 237 70 108 255 207 72 218 255 255 255 153 24 127 34 255
    255 229 255 255 209 255 154 255 255 255 255 235 255 111 255 55 8 255
    255 255 255 198 255 255 69 255 255 255 255 72 162 70 0 255 199 255
    184 255 255 184 255 255 103 88 255 255 72 255 239 255 229 255 255
    255 61 177 255 255 255 255 142 193 188 255 187 255 12 131 255 255 4
    192 12 149 222 38 255 255 255 96 255 255 255 255 47 16 82 216 217
    255 89 255 198 255 255 8 255 255 255 255 255 255 63 42 168 255 215
    255 115 147 168 255 121 255 10 241 255 255 237 255 138 22 255 255
    183 255 105 0 255 57 137 239 255 44 255 89 255 255 166 255 138 245
    52 255 255 237 218 255 90 255 255 187 255 255 255 255 255 80 241 81
    139 229 16 90 18 255 52 202 255 50 255 198 165 231 255 255 255 255
    239 46 255 225 255 127 255 30 255 179 90 255 88 255 103 255 255 255
    255 255 134 255 255 255 255 255 255 253 120 255 123 255 140 255 168
    255 117 255 255 201 255 255 255 108 200 183 247 127 255 224 36 78
    229 255 255 255 229 22 229 75 165 255 204 70 249 196 255 255 136 255
    255 6 12 116 255 115 255 223 255 132 125 179 255 255 199 255 101 255
    92 91 163 255 255 255 156 255 209 122 119 127 158 255 28 253 255 66
    78 227 255 255 111 255 255 255 255 255 255 255 255 243 255 255 255
    255 76 255 255 116 206 255 255 255 255 152 255 255 94 194 255 255
    253 255 255 255 98 255 255 255 202 255 243 162 255 111 255 44 44 255
    255 121 112 218 245 255 255 147 132 255 255 48 182 104 138 101 159
    255 255 255 255 107 255 255 55 255 148 51 177 255 255 255 212 166
    255 38 210 86 227 67 255 255 243 255 255 111 255 255 180 173 255 18
    255 237 255 255 255 32 155 82 255 179 255 65 255 255 255 28 237 117
    48 78 28 255 255 255 123 227 255 185 82 255 255 255 101 255 58 202
    131 116 255 58 178 148 193 255 40 129 249 255 255 255 255 255 70 166
    175 255 115 255 255 255 92 255 174 155 170 255 255 68 71 255 255 249
    255 170 156 18 255 255 66 255 255 255 255 59 255 128 89 255 255 255
    34 255 255 38 255 117 255 255 255 82 116 255 255 255 24 20 166 154
    90 100 255 255 116 101 255 104 71 255 255 49 255 255 255 255 94 255
    255 245 255 36 4 255 255 255 255 223 255 255 64 255 210 197 98 164
    255 98 255 255 255 255 255 255 42 54 172 255 255 122 235 197 36 119
    255 245 6 104 255 255 255 200 16 70 50 51 18 160 26 253 255 212 255
    255 140 255 255 255 255 255 119 255 255 255 255 255 87 255 126 77
    195 184 255 74 130 255 34 255 255 255 116 152 255 255 255 133 255
    225 106 2 255 177 255 182 255 58 32 18 36 8 84 132 255 255 220 154
    255 235 255 255 120 255 102 255 255 78 249 12 255 30 255 255 0 255
    255 226 170 175 255 129 175 241 245 255 255 57 255 255 140 255 255
    24 243 255 255 169 204 255 255 8 255 255 255 107 46 255 10 255 96
    255 255 255 67 255 156 227 255 255 186 255 116 255 82 255 158 255
    106 71 201 255 178 255 255 61 255 100 255 255 40 255 255 255 12 32
    88 77 235 255 255 255 46 75 12 255 206 106 18 255 255 12 214 255 255
    255 137 14 255 255 255 142 255 255 255 129 116 255 255 255 220 20 4
    255 20 28 168 165 255 255 255 96 255 255 255 182 255 255 255 255 255
    255 127 134 220 221 188 30 90 255 255 40 255 255 199 255 255 255 172
    255 255 247 255 255 224 255 255 255 156 255 202 67 24 255 255 255 90
    255 255 176 67 231 255 255 117 160 255 243 251 10 173 255 89 255 198
    152 90 186 184 229 255 255 255 198 255 68 255 255 255 24 61 255 255
    255 111 0 61 90 60 231 255 14 237 195 231 255 255 92 170 213 255 255
    52 255 255 255 255 255 36 114 28 255 255 255 255 28 255 16 114 255
    111 52 255 255 255 243 255 146 255 181 76 255 255 76 255 153 255 255
    255 206 255 231 32 123 255 255 176 255 255 73 255 255 93 255 255 255
    255 255 255 255 255 255 255 108 255 255 255 178 255 72 255 143 255
    255 255 160 255 227 255 172 197 106 255 255 255 255 255 255 14 255
    126 168 109 255 255 255 255 99 22 255 249 255 130 156 32 182 255 104
    190 6 104 150 162 255 14 57 187 233 255 151 182 233 255 255 59 195
    172 63 16 255 227 106 84 255 255 255 99 255 32 255 84 110 255 255
    255 65 187 38 255 255 255 73 255 255 178 123 255 182 207 255 255 141
    255 8 255 255 249 219 255 61 255 255 20 255 212 255 255 114 255 255
    255 255 255 18 182 255 8 59 199 255 255 255 255 174 255 255 95 255
    52 255 255 98 71 255 255 255 255 255 28 159 231 34 211 42 255 243 32
    222 181 80 253 255 255 44 221 255 255 255 255 255 255 130 237 255
    255 255 225 255 140 255 255 255 177 255 138 255 166 223 179 150 47
    193 38 225 255 172 255 66 255 255 255 192 255 255 48 97 125 237 16
    147 68 255 159 255 91 217 156 255 255 26 255 255 255 55 30 212 255
    255 176 255 255 255 91 255 255 255 135 255 255 84 62 49 255 60 255
    255 124 148 255 160 255 255 255 255 137 96 204 24 255 255 255 255
    255 80 255 51 255 166 113 159 80 255 20 255 166 4 122 105 255 255
    255 255 255 216 141 253 194 159 255 81 255 255 208 255 255 212 255
    255 239 255 12 255 56 255 61 10 96 255 255 255 255 255 255 255 255
    227 229 127 96 255 255 98 20 191 154 6 163 255 255 161 255 255 255
    14 255 175 64 255 255 255 47 48 255 133 76 255 156 203 32 255 191 88
    255 181 255 69 255 255 174 153 255 255 66 255 85 255 255 243 64 255
    255 255 126 255 249 255 255 247 255 255 177 255 255 56 255 125 255
    138 42 255 82 156 151 255 255 211 247 73 215 200 255 129 255 53 185
    255 55 8 46 255 227 255 61 255 8 255 171 255 255 139 30 255 98 255
    255 255 255 237 255 28 208 255 255 184 255 62 65 255 224 255 255 90
    255 56 255 255 159 255 255 123 255 32 24 255 142 211 138 83 255 94
    129 255 182 40 255 255 255 255 176 83 255 162 255 255 255 142 255
    255 134 255 72 127 159 54 71 255 255 4 255 239 0 255 255 247 72 116
    134 237 255 67 255 255 255 255 255 136 70 255 87 4 192 176 221 120
    255 145 255 18 181 255 255 161 255 255 255 106 255 219 255 255 165
    168 34 255 255 255 255 222 255 111 255 202 54 42 160 80 22 51 255
    255 216 255 140 57 255 52 255 165 255 111 167 255 255 255 255 168
    187 212 255 255 255 180 163 74 255 123 227 208 96 255 255 255 255
    255 255 255 113 106 2 255 255 255 255 255 255 146 255 255 255 68 255
    255 82 158 255 255 237 196 255 255 255 255 255 255 255 208 255 255
    255 255 209 255 255 255 255 255 255 255 0 20 182 255 255 158 123 255
    255 32 255 255 255 255 229 156 255 204 255 221 255 255 255 142 255
    255 194 255 255 255 233 255 16 227 22 255 150 255 255 255 255 255
    255 255 255 255 255 255 255 255 255 206 255 20 79 255 255 152 255
    255 158 255 32 34 129 255 162 255 255 255 255 130 136 255 255 146 24
    108 255 223 188 164 255 204 223 44 106 255 127 108 109 151 100 196
    255 255 97 165 164 255 255 255 65 255 146 255 255 54 255 255 255 255
    255 255 196 197 255 249 255 226 20 187 255 125 64 229 255 255 138
    255 255 255 255 255 18 255 251 239 255 255 255 208 255 255 75 209
    255 255 30 255 188 249 255 10 255 6 255 66 160 188 247 239 105 255
    126 253 193 255 255 123 255 55 137 255 200 255 255 117 255 255 67
    255 255 255 145 255 77 255 255 40 255 0 243 255 247 142 255 148 255
    255 90 255 115 255 127 255 200 140 36 178 255 255 255 255 121 255
    225 243 152 239 165 233 255 86 255 208 255 92 255 149 255 239 111
    218 255 255 24 255 181 255 255 255 255 255 255 255 255 66 255 255
    255 122 81 195 255 190 255 255 144 98 198 255 231 255 255 239 122
    255 203 255 32 233 255 247 255 255 255 255 255 196 255 28 255 237 96
    255 255 255 34 255 104 225 100 184 255 255 140 154 137 208 144 231
    255 160 255 255 218 255 126 231 90 255 105 255 114 121 255 20 255
    151 243 227 255 255 255 255 255 255 197 255 255 183 206 158 221 20
    255 255 255 255 255 168 241 255 136 241 255 255 255 255 255 255 255
    233 119 125 138 8 56 194 255 255 38 255 255 255 255 255 255 255 255
    255 166 255 255 255 90 255 55 121 255 255 255 255 255 109 20 109 171
    118 91 255 148 255 20 255 255 119 30 152 157 255 210 175 255 255 189
    112 255 104 196 8 255 255 223 255 80 255 255 255 255 255 255 255 153
    255 255 183 255 255 255 255 255 255 22 255 249 8 138 233 241 255 249
    255 144 255 94 194 6 90 255 255 255 208 255 212 216 255 40 255 22
    255 253 72 255 255 255 255 255 255 255 71 255 255 237 255 255 255 94
    253 87 231 255 255 28 222 255 119 0 47 255 255 34 141 40 255 66 255
    255 255 255 255 255 62 28 255 255 59 100 255 91 255 196 255 255 255
    20 255 255 255 255 255 255 255 24 105 251 255 255 143 255 255 255 92
    255 255 172 255 255 255 61 50 182 117 141 255 255 235 231 77 217 255
    103 68 188 255 54 130 255 255 255 255 16 94 2 255 196 10 74 255 255
    94 226 83 60 66 255 255 255 26 149 255 255 255 255 255 255 80 255
    255 74 255 245 255 255 255 34 255 255 118 22 225 255 127 255 132 12
    119 255 77 255 156 255 201 222 255 78 255 255 255 118 186 195 88 255
    255 255 162 151 202 255 32 118 255 255 255 20 100 255 103 255 255
    239 161 42 255 255 255 53 0 255 63 255 255 156 0 68 255 10 38 34 255
    255 123 151 255 156 223 249 160 36 255 79 157 255 255 58 110 121 255
    255 255 197 255 255 113 255 255 249 255 182 255 80 255 155 158 255
    255 255 255 255 222 255 255 255 255 151 255 255 221 104 255 255 16
    255 255 255 255 119 255 255 119 0 255 88 255 202 255 255 255 117 255
    166 255 255 237 227 66 150 255 249 255 255 255 22 94 130 206 229 194
    8 143 206 255 2 144 255 96 255 164 255 110 255 255 233 47 255 44 255
    48 30 255 255 255 65 98 30 101 255 255 255 255 255 182 195 192 204
    109 200 8 56 72 255 235 80 206 255 46 63 255 255 255 255 80 255 255
    255 81 255 255 255 255 255 71 48 255 109 115 84 36 231 48 174 255
    172 255 255 255 255 217 255 89 255 110 162 14 255 164 255 255 113
    255 202 36 255 150 255 161 255 255 255 106 255 255 16 255 255 6 255
    115 255 59 255 68 95 145 68 115 133 255 255 255 222 156 255 255 214
    255 255 255 36 150 255 255 255 223 255 112 255 255 239 255 52 255
    255 255 206 255 46 255 172 80 255 255 255 255 255 255 182 131 195
    255 255 255 255 182 255 6 182 255 208 255 255 184 133 104 2 166 255
    172 255 255 72 255 191 0 168 255 206 237 133 194 255 193 224 255 255
    122 162 229 255 174 82 36 57 155 241 32 219 255 154 255 94 255 255
    62 6 255 76 255 159 255 26 255 255 255 58 255 158 40 255 255 70 255
    255 211 255 255 255 255 247 84 10 255 255 255 127 98 196 255 255 92
    103 219 134 255 255 255 61 98 28 255 227 208 255 193 140 45 221 220
    63 199 255 255 255 122 77 177 255 249 255 255 32 104 190 190 119 255
    75 255 231 190 225 20 255 255 72 255 255 255 223 255 255 101 255 255
    237 169 255 255 26 154 255 255 255 255 255 8 113 20 255 243 237 255
    255 215 255 95 60 255 255 227 30 255 255 50 255 255 255 255 255 188
    255 255 255 255 255 208 65 255 62 255 48 32 75 255 255 255 255 160
    255 0 88 69 255 6 255 0 255 196 62 255 89 255 168 4 133 255 208 129
    152 255 255 249 20 255 255 255 255 255 255 255 231 255 30 255 75 24
    255 190 177 124 32 123 154 190 255 255 12 203 114 255 143 204 255
    167 176 255 255 255 83 255 255 87 66 40 168 90 64 164 203 255 113
    137 255 223 145 126 138 58 58 144 217 32 26 191 14 255 173 255 85 24
    32 255 247 4 255 255 255 255 255 251 255 245 255 255 255 206 255 255
    52 85 255 114 40 199 138 255 255 255 255 255 186 73 255 255 255 66 4
    255 22 126 255 32 255 216 251 138 71 255 172 255 255 92 164 255 192
    255 185 255 51 219 164 208 255 255 255 255 255 10 209 255 220 26 255
    190 213 46 255 255 233 154 12 106 255 163 146 255 0 255 255 119 138
    59 70 255 113 255 58 255 58 54 156 191 186 255 129 255 121 255 255
    255 6 140 255 76 194 255 255 255 18 159 24 198 205 255 18 255 146
    237 123 224 255 253 253 77 28 231 218 255 255 119 255 227 24 255 255
    255 127 255 255 255 237 55 255 255 65 255 255 223 255 233 255 141
    255 79 255 255 255 255 188 200 255 116 255 255 18 255 255 46 63 82
    108 255 255 255 255 255 212 255 255 152 255 40 255 255 109 178 30
    205 6 133 255 255 255 255 255 190 255 255 227 131 255 247 135 255
    146 255 255 196 137 255 255 153 192 97 125 255 255 30 255 255 255
    166 176 109 36 170 255 255 255 161 220 255 255 255 255 113 255 77 76
    255 40 255 255 67 28 140 200 255 255 38 175 255 255 255 255 255 255
    255 255 255 255 113 255 255 255 28 142 255 227 86 255 255 255 255
    255 255 223 255 255 73 255 64 255 255 255 55 255 255 45 255 104 194
    44 200 255 113 255 255 255 255 255 40 218 255 255 132 158 255 243
    255 193 239 20 255 166 255 197 255 150 255 84 65 255 18 255 131 255
    255 185 255 255 241 255 184 245 255 255 255 72 220 4 218 47 243 176
    34 195 184 255 181 255 61 213 206 85 255 88 255 205 144 247 255 190
    255 255 212 93 255 255 75 255 198 38 255 170 77 255 255 168 255 255
    255 255 198 26 255 255 255 211 192 178 52 160 144 199 98 255 255 239
    255 86 170 75 141 50 168 255 58 30 255 10 255 111 255 63 255 255 255
    189 255 44 255 255 255 159 212 255 255 66 156 255 116 85 165 255 255
    255 255 255 255 0 61 84 218 255 123 255 255 255 255 16 38 196 162
    159 255 255 121 255 154 239 84 255 255 255 51 255 229 255 255 44 255
    255 106 255 255 12 255 255 255 255 255 118 255 189 174 255 149 184
    255 255 86 255 0 14 8 255 104 255 235 255 255 201 110 255 255 158
    164 102 255 227 80 134 255 211 255 2 255 255 255 255 255 255 255 255
    255 141 44 255 145 100 131 171 255 8 255 255 91 255 255 255 255 78
    109 251 255 127 255 178 255 255 10 47 6 98 255 46 14 255 229 255 255
    255 174 255 255 255 255 78 255 255 179 154 131 255 255 190 213 52
    255 48 76 55 20 120 255 255 255 44 68 255 99 255 146 255 173 142 255
    169 62 65 255 182 255 72 255 146 169 166 180 255 84 255 30 10 255
    121 255 255 255 255 255 255 60 168 26 112 255 56 255 113 131 164 255
    255 60 255 215 164 255 255 255 125 60 255 255 247 255 107 24 255 255
    255 255 160 211 194 180 177 255 129 253 255 255 104 255 188 255 134
    255 195 255 255 255 255 105 4 136 255 255 88 255 229 255 255 255 255
    255 22 255 127 255 190 81 255 255 255 179 26 63 255 255 42 46 255
    105 38 158 255 255 106 160 255 255 255 255 255 255 199 138 194 225
    255 53 255 2 186 155 255 40 255 46 255 255 144 255 217 72 255 255
    110 255 32 255 255 36 253 36 20 104 53 78 255 255 255 255 255 255
    255 40 68 44 255 255 255 255 255 176 117 117 255 255 255 28 255 255
    32 255 185 20 91 106 20 73 247 30 168 42 84 117 255 255 255 121 255
    255 217 255 255 127 154 131 255 255 255 149 255 255 255 188 206 38
    255 85 50 46 229 255 140 87 255 255 93 14 255 255 36 255 4 255 255
    255 255 144 255 255 235 202 255 170 111 255 255 133 255 255 150 255
    126 255 201 255 133 255 239 255 245 28 16 104 122 192 157 210 255 38
    68 255 217 102 255 255 204 255 255 255 225 169 255 255 255 255 63
    255 90 255 169 126 255 255 255 255 14 46 255 255 255 255 145 255 47
    255 12 121 255 74 255 255 255 87 255 255 38 255 255 107 2 255 255 16
    255 204 74 255 117 255 255 216 215 255 239 255 154 255 255 208 32
    177 136 231 255 255 206 255 253 255 255 241 255 219 208 255 82 255
    255 255 255 180 255 255 255 213 2 166 255 60 255 58 255 119 165 255
    182 52 32 255 255 255 255 197 255 53 255 255 255 121 114 255 255 192
    14 255 58 255 255 255 97 255 255 186 255 247 200 255 142 146 131 255
    67 96 255 255 255 255 57 255 243 65 66 255 140 239 255 194 167 220
    233 255 78 255 211 46 231 255 72 150 117 255 255 127 216 255 193 112
    255 141 255 119 255 255 4 80 255 255 255 255 12 239 110 255 255 255
    255 255 255 61 255 100 255 227 48 26 255 255 117 255 208 245 165 92
    142 255 32 255 255 255 255 237 104 255 60 255 255 181 68 255 187 255
    255 197 62 40 255 255 255 58 255 255 0 34 255 221 2 255 255 178 255
    121 144 255 92 94 255 104 255 97 147 249 255 255 255 255 123 148 210
    213 255 77 213 255 255 125 82 4 255 255 255 217 255 216 255 38 229
    255 255 136 92 58 255 10 255 255 48 255 67 255 14 255 86 150 107 255
    255 255 241 229 156 221 255 214 92 172 255 255 255 255 231 255 255
    90 60 198 195 255 255 255 182 255 193 255 255 255 245 67 60 208 255
    98 235 255 255 226 255 255 202 255 255 214 255 215 255 142 191 255
    229 145 156 255 255 255 255 64 120 255 189 255 255 255 255 255 195
    255 36 54 255 79 137 255 255 66 243 255 171 150 255 201 255 93 255
    255 208 227 255 255 255 112 255 181 255 103 255 255 10 255 176 255
    255 255 168 80 255 206 219 86 69 255 229 255 247 255 51 255 44 53
    255 255 59 255 255 255 255 255 79 255 30 255 82 166 22 255 52 255 74
    255 255 6 202 255 255 54 255 255 255 255 255 255 105 255 84 255 255
    164 255 255 212 255 169 78 160 12 216 148 255 212 255 255 255 255 58
    227 255 255 32 253 255 255 65 26 82 255 109 255 40 255 255 255 113
    132 255 113 255 255 217 255 131 255 158 255 255 255 245 131 241 164
    219 214 255 169 255 243 177 188 61 255 255 20 231 255 227 255 216 95
    255 255 255 167 255 255 255 255 255 255 130 255 84 255 22 86 32 202
    255 110 255 197 88 198 255 255 75 255 255 166 255 255 164 149 255
    255 233 48 255 16 44 237 201 6 255 255 50 255 255 231 255 94 110 255
    255 26 222 82 170 235 109 40 125 177 192 255 147 255 255 145 194 4
    24 108 168 155 22 255 251 255 255 255 255 255 255 255 186 10 255 255
    12 255 131 12 188 255 189 104 200 187 255 255 255 194 255 255 255
    255 255 255 186 149 255 255 255 40 107 235 132 200 149 255 222 255
    255 214 255 255 87 255 255 255 227 255 255 255 251 255 255 194 255
    219 255 233 255 255 45 233 140 255 40 255 22 255 184 22 255 110 255
    255 66 202 90 255 180 76 128 255 213 76 255 153 255 255 197 255 255
    255 239 71 153 255 178 14 255 227 151 255 158 149 32 255 139 255 237
    255 2 34 119 22 71 255 255 198 255 255 255 255 255 255 255 255 79 88
    255 150 52 255 18 62 255 154 255 30 142 255 64 164 137 218 255 255
    28 255 255 255 255 255 255 255 251 255 255 18 90 255 255 202 198 207
    48 255 255 255 168 255 243 22 255 220 103 255 192 255 201 178 255
    255 74 196 255 255 255 255 62 200 185 116 255 187 60 229 255 255 22
    255 8 75 199 255 255 211 0 75 94 192 255 12 58 255 255 255 255 255
    58 99 255 224 255 16 255 255 72 116 255 165 36 255 104 255 237 26
    255 45 183 255 255 255 231 255 255 231 255 255 255 247 253 255 212
    189 30 255 84 255 208 255 255 146 255 255 241 255 255 255 255 255
    255 32 40 255 255 255 255 58 255 6 255 54 255 189 170 140 255 255
    255 255 255 111 28 255 255 255 255 255 255 96 255 98 190 57 181 255
    255 42 212 255 255 28 34 255 88 208 255 26 255 40 6 255 215 222 255
    161 182 255 34 255 255 255 62 255 115 255 18 255 255 255 16 64 255
    153 26 255 255 255 71 84 255 255 167 88 255 171 174 77 211 255 186
    189 255 69 255 64 255 193 255 42 255 42 113 68 255 255 255 30 255
    255 255 255 255 50 255 255 255 255 177 30 255 255 218 32 54 255 47
    255 255 243 221 92 255 217 6 99 229 106 51 255 88 255 125 255 255
    231 255 182 255 132 49 255 255 91 54 255 255 255 255 91 209 138 172
    82 128 71 84 190 105 255 255 45 193 176 14 48 110 158 255 255 255
    239 255 208 255 255 212 239 64 166 255 255 255 195 106 164 60 148
    255 177 68 255 245 255 136 181 255 255 255 255 255 255 154 53 255 42
    255 255 255 255 255 255 202 231 156 255 241 255 255 255 255 245 36
    255 95 255 255 255 255 164 6 147 114 225 36 48 182 255 255 255 50
    220 255 2 255 4 195 154 166 255 255 172 255 255 107 255 76 255 92
    100 255 255 150 119 58 255 188 161 241 123 74 255 255 46 170 107 255
    146 255 255 136 255 143 46 6 125 255 255 129 255 235 92 255 255 149
    24 255 60 255 235 4 198 45 255 182 255 255 255 202 255 255 255 229
    208 170 255 255 255 229 126 81 207 255 166 255 255 255 203 42 77 82
    24 65 255 255 255 255 100 47 32 255 237 185 206 255 88 255 227 255
    255 255 0 158 255 92 30 127 62 255 99 60 78 202 231 76 166 255 255
    81 255 150 107 255 255 255 221 255 255 121 46 255 147 128 255 255
    249 255 111 255 32 241 255 249 34 255 247 155 255 57 141 255 255 255
    120 255 90 255 28 4 22 255 255 255 255 255 216 243 80 54 255 255 237
    194 255 255 251 255 255 190 161 255 164 255 72 255 127 110 255 88 72
    6 213 14 255 255 255 51 205 255 255 255 255 184 255 14 18 245 48 255
    255 255 255 255 255 255 4 255 255 255 255 16 255 202 59 54 255 255
    255 255 255 255 255 255 207 255 255 42 255 115 255 255 255 72 255
    202 255 148 255 255 255 16 255 124 255 111 18 65 255 255 255 167 255
    214 60 237 241 255 94 255 255 255 47 255 233 255 123 220 255 60 255
    251 30 255 20 255 255 107 255 255 65 255 8 255 177 255 40 255 8 97
    255 255 160 255 194 255 255 255 255 255 253 115 255 255 61 159 255
    255 84 156 255 255 255 249 255 212 255 8 32 255 255 255 255 255 222
    65 255 198 255 255 255 95 219 255 255 183 140 97 255 80 140 153 192
    109 113 255 6 56 104 255 50 80 125 80 255 212 255 255 113 147 44 220
    255 243 152 255 202 192 255 255 251 0 255 55 255 255 255 64 82 26
    255 6 255 64 4 148 255 154 255 175 48 182 62 200 255 255 255 142 255
    255 91 255 255 255 255 233 255 255 255 235 255 255 93 58 237 111 255
    227 255 255 44 255 147 172 255 255 92 101 56 255 255 10 255 214 255
    54 255 255 136 233 173 112 89 86 255 150 207 255 255 243 235 222 14
    200 255 255 14 119 153 255 255 92 170 144 94 255 245 121 210 115 255
    255 131 255 255 146 255 90 255 255 14 255 60 255 255 255 255 113 255
    42 77 255 132 255 32 255 95 255 12 255 255 50 73 4 255 198 197 158
    255 74 255 255 74 255 160 155 255 136 255 10 255 255 156 255 255 255
    255 225 42 12 255 255 36 163 255 166 100 255 142 255 255 255 255 253
    180 255 168 255 255 255 255 78 255 255 147 24 255 255 255 255 255 90
    255 48 255 105 135 255 255 255 241 255 60 255 200 40 255 40 255 62
    231 147 255 67 255 198 255 20 122 255 255 255 255 189 198 255 145 6
    255 255 204 255 255 243 255 255 255 255 255 255 255 50 255 255 255
    255 210 62 255 77 255 42 186 64 158 255 255 255 255 52 253 255 56
    239 251 245 255 255 255 190 255 255 80 255 243 255 255 2 50 249 217
    56 133 255 255 162 241 130 255 255 255 53 96 235 247 131 168 69 255
    255 255 255 255 255 187 184 255 223 180 148 8 235 255 113 255 214
    117 255 255 255 255 255 255 255 255 82 255 255 255 174 168 153 255
    255 255 162 59 255 255 255 255 255 255 255 255 204 255 255 16 109
    255 12 229 48 117 255 255 255 139 255 255 255 212 93 255 255 255 255
    160 255 255 255 255 255 255 63 255 255 69 177 255 196 255 118 255
    165 255 77 48 255 255 255 48 255 225 255 45 14 255 255 157 255 255
    255 42 255 233 255 222 127 255 255 255 255 255 2 255 186 181 255 65
    159 0 36 88 255 255 255 212 255 255 220 255 255 28 255 255 168 255
    255 255 255 255 74 61 111 255 241 255 255 198 2 255 255 255 84 204
    255 192 255 255 255 255 227 255 255 58 255 255 255 255 32 66 24 79
    255 118 51 255 247 81 255 255 255 213 255 57 227 112 85 40 10 255 84
    255 156 72 86 227 72 32 255 255 255 255 255 180 255 255 255 131 255
    255 24 255 44 255 171 255 109 133 255 26 104 255 138 255 108 255 145
    255 245 255 253 255 239 88 255 255 190 140 92 114 152 255 255 255
    255 255 51 145 255 255 121 253 81 189 152 255 255 255 255 255 144
    225 243 255 255 255 118 49 255 74 85 255 231 255 255 6 255 175 4 105
    62 255 97 255 255 255 0 233 134 22 255 255 255 255 156 102 255 18
    181 255 121 8 255 255 193 255 81 255 255 127 175 146 255 157 255 255
    239 251 99 255 162 255 189 255 255 255 255 255 241 174 255 255 80 40
    255 178 255 32 202 255 102 40 255 197 255 255 255 86 239 125 164 255
    137 255 225 255 0 243 255 150 121 255 255 255 255 194 95 255 255 255
    22 202 255 131 255 174 255 255 63 104 30 204 255 255 255 255 255 192
    255 255 69 255 243 255 72 160 131 48 36 255 255 255 22 255 164 71
    255 36 235 225 255 255 201 222 255 121 212 255 56 140 192 255 36 255
    28 255 255 255 182 255 255 239 255 255 48 255 255 255 255 129 255
    134 193 255 255 231 255 255 255 255 255 255 255 38 255 255 188 231
    160 255 255 110 255 255 50 182 34 255 255 127 255 12 177 222 255 173
    255 85 255 190 192 255 255 36 111 176 198 255 255 233 255 255 160 18
    255 255 253 255 255 255 80 255 38 229 198 58 176 172 179 170 4 16
    218 255 255 255 255 255 255 22 255 70 73 177 255 87 255 82 255 255
    255 255 137 255 77 125 255 20 255 255 255 255 106 164 255 186 45 129
    0 255 44 255 200 255 76 142 20 255 123 255 176 255 255 255 255 88
    142 255 255 96 156 255 255 111 255 140 255 241 231 176 255 255 150
    255 255 81 2 16 231 207 255 255 139 202 32 255 255 14 215 160 255
    141 92 255 255 24 255 255 184 45 255 255 255 255 255 255 255 255 146
    255 74 255 6 198 255 255 255 255 74 144 255 86 255 196 179 172 255
    70 255 85 247 235 249 233 72 113 229 255 188 255 196 255 255 255 255
    78 74 253 104 255 172 123 176 255 255 138 180 255 255 255 255 64 81
    255 116 255 255 229 237 255 26 255 88 98 99 189 255 255 255 255 255
    113 255 129 80 255 255 255 180 255 125 148 133 255 16 36 255 102 255
    219 255 218 215 0 192 255 98 255 241 255 245 10 26 255 255 20 0 14
    84 150 106 255 255 255 255 101 255 214 255 255 255 229 255 172 22
    177 255 115 253 255 235 195 200 71 255 243 255 157 255 255 217 255
    255 255 28 255 255 210 127 255 208 87 74 255 255 10 253 255 255 255
    255 255 88 255 171 255 255 4 80 121 187 247 223 82 255 255 255 222 4
    109 255 255 255 255 214 255 6 255 183 255 255 255 255 152 255 194
    194 255 186 146 255 255 71 255 255 24 255 255 255 225 255 255 255
    220 255 255 255 188 255 255 47 255 150 255 255 255 255 113 255 255
    100 239 255 235 255 255 255 255 107 255 255 30 215 136 111 255 255
    255 251 212 131 255 132 255 255 255 255 26 140 129 255 40 121 64 255
    255 255 102 255 255 90 255 153 255 255 235 255 255 4 255 255 165 255
    111 104 144 255 255 68 255 255 255 255 90 104 255 44 255 255 139 174
    8 255 150 255 34 255 255 123 231 255 195 160 255 66 255 142 94 200
    91 255 255 131 255 255 198 255 170 162 255 255 148 255 255 154 255
    12 168 255 154 255 255 172 255 255 202 65 125 24 196 255 174 196 127
    222 131 205 162 131 233 239 255 255 144 255 255 255 255 255 80 255
    255 110 255 255 36 255 255 255 10 2 166 186 255 146 206 255 255 255
    255 255 109 255 255 6 255 182 44 48 84 255 44 202 255 255 247 255
    255 64 255 255 255 255 109 255 255 255 255 22 255 6 97 131 255 119
    131 255 142 127 255 255 22 2 222 151 4 210 255 255 255 48 255 99 255
    255 133 193 255 12 255 54 255 255 255 255 255 251 255 38 46 119 255
    255 255 255 156 49 141 255 53 255 255 170 255 255 255 255 110 218
    255 40 190 135 158 255 255 174 10 50 84 255 255 255 255 64 196 255
    255 255 140 70 255 249 157 140 231 40 255 255 48 253 255 54 192 255
    117 24 184 177 100 235 32 128 255 4 255 255 68 166 81 255 255 200
    153 255 255 255 255 134 255 255 255 26 8 51 249 255 255 255 68 255
    48 255 6 255 255 255 153 255 144 255 140 212 255 255 206 253 255 63
    255 222 255 165 140 255 255 22 255 255 76 255 255 255 12 187 255 109
    255 255 255 255 16 164 255 110 255 121 126 255 255 126 162 255 255
    255 255 255 65 36 88 18 109 255 63 215 34 255 255 233 255 255 0 255
    255 26 47 255 255 255 241 255 255 68 255 255 0 245 89 4 255 247 131
    255 223 195 255 255 251 255 255 149 255 255 241 44 255 255 255 16 98
    255 166 255 204 218 255 255 32 115 150 129 255 255 255 255 10 255
    255 44 255 255 98 255 165 78 105 255 222 255 241 166 30 255 255 83
    227 255 115 255 255 255 255 255 255 169 224 255 90 66 255 237 255
    255 255 68 255 255 253 255 255 255 178 255 255 45 46 255 255 203 255
    174 255 104 255 255 255 198 100 255 255 255 52 255 245 255 255 189
    255 210 135 148 255 255 226 73 255 249 223 50 253 99 169 202 255 169
    255 36 46 255 255 255 255 140 255 166 168 255 170 131 255 52 176 255
    255 255 249 255 255 255 72 107 131 92 51 241 110 255 209 190 255 255
    164 255 255 214 22 54 210 131 189 150 255 255 218 255 44 255 182 98
    255 255 255 96 255 255 164 255 12 220 22 58 255 198 233 255 255 255
    255 178 255 253 44 76 34 255 42 255 255 255 14 8 255 255 255 255 255
    255 255 255 255 74 255 47 255 84 251 50 255 142 151 255 255 255 4
    194 12 227 255 151 70 255 90 144 57 255 100 249 255 22 255 255 84 26
    255 182 255 207 70 30 163 22 255 255 138 255 111 40 198 229 146 184
    117 110 162 76 126 255 155 216 10 255 255 117 255 255 255 239 148
    255 28 198 71 255 96 255 16 255 36 229 52 255 247 190 49 255 142 166
    255 255 255 255 255 255 60 255 103 255 255 255 255 255 255 30 255
    174 255 255 255 255 255 14 255 102 255 255 255 255 255 64 255 100
    255 172 255 255 2 143 40 26 255 255 255 189 255 255 255 255 247 117
    255 164 203 255 129 149 255 255 141 255 255 133 255 255 14 76 160
    109 4 176 255 108 255 159 255 40 111 255 255 173 16 255 151 255 233
    125 255 206 255 255 255 219 86 87 255 255 255 255 255 255 169 255
    255 26 50 255 255 124 59 221 46 255 129 140 255 255 255 255 40 56 99
    76 255 42 231 12 134 255 255 255 251 116 30 6 255 247 227 78 255 10
    255 255 225 255 6 249 255 255 203 241 255 115 168 255 255 255 10 98
    251 129 143 116 255 76 255 99 2 255 255 2 255 255 0 255 255 255 12
    255 255 255 225 155 86 216 64 255 255 241 86 249 255 190 255 255 52
    115 229 255 255 243 130 192 255 116 255 255 150 255 255 255 255 255
    247 131 255 255 87 255 202 255 127 255 255 102 66 255 255 200 204
    211 255 202 255 255 255 255 249 255 54 255 222 255 255 49 255 255
    255 255 4 255 179 255 61 255 255 164 131 14 255 255 8 255 255 54 133
    255 178 49 255 255 255 237 243 28 92 255 75 255 180 255 203 255 255
    255 255 255 255 255 158 70 255 172 255 0 34 211 16 150 40 255 255
    255 24 16 117 214 99 175 255 255 255 255 255 98 255 8 255 62 0 255
    231 188 255 255 174 255 80 255 169 64 255 255 255 255 255 32 255 255
    255 255 255 255 255 78 255 220 2 255 255 147 114 6 104 255 65 255
    255 184 78 255 255 113 255 113 217 255 24 175 255 255 255 255 255
    233 172 119 151 74 255 255 255 77 255 178 129 255 126 255 44 255 255
    255 32 255 255 208 105 255 255 255 157 204 255 215 32 119 197 255 75
    137 144 255 255 132 121 125 253 164 255 84 255 66 226 255 255 255
    255 255 255 142 179 255 231 161 255 231 217 26 196 255 255 26 255
    210 229 137 48 198 86 255 255 255 255 101 255 255 255 181 22 142 171
    150 212 255 255 255 52 255 57 255 255 255 78 78 255 255 255 255 32
    255 255 125 255 212 255 74 127 189 255 69 255 255 255 255 255 255
    255 46 95 68 255 255 30 76 255 255 255 14 76 104 255 22 130 255 255
    90 255 255 255 255 237 255 95 30 255 87 255 226 255 173 255 255 223
    46 198 255 80 6 255 255 81 64 255 164 189 104 150 255 255 251 255
    255 113 255 255 61 251 255 24 255 251 67 88 233 255 153 16 42 255
    255 255 255 38 255 255 218 67 44 226 202 125 255 255 255 166 255 255
    255 158 255 178 255 255 255 255 255 255 26 159 255 255 255 80 255
    137 255 255 153 255 34 84 255 231 159 255 225 18 255 125 255 255 255
    255 255 214 255 24 255 255 156 255 255 76 218 255 255 255 8 255 255
    92 186 255 255 255 255 255 170 136 88 255 255 255 255 30 123 52 255
    255 255 109 0 142 255 155 255 255 255 58 51 98 255 255 245 255 168
    255 120 255 76 255 105 153 229 166 12 255 255 255 54 255 255 255 255
    255 255 225 135 84 255 255 4 255 251 255 148 255 255 255 157 229 255
    255 255 255 129 146 178 255 102 8 32 255 255 255 255 188 155 255 255
    48 142 117 255 255 255 84 255 255 255 132 255 255 255 210 215 255
    255 4 166 255 255 68 115 157 158 255 100 255 178 225 255 255 255 255
    255 62 42 85 127 146 69 64 255 178 255 60 18 159 255 174 255 255 245
    205 255 243 255 255 36 189 114 216 255 24 255 255 94 123 255 36 26
    74 255 255 131 255 103 44 255 255 183 160 28 255 162 8 115 255 174
    185 206 255 255 255 255 12 164 4 255 255 198 119 184 255 32 255 255
    255 10 255 181 88 255 255 255 255 255 138 255 145 190 255 68 255 255
    34 255 144 215 62 255 255 72 166 255 255 133 6 78 111 163 255 255
    255 255 255 255 255 231 251 255 51 48 245 255 255 255 255 255 255
    255 255 38 156 255 255 255 235 255 255 251 255 255 255 255 158 157
    255 69 171 92 192 255 255 255 171 255 255 96 255 214 255 255 255 255
    255 255 255 255 255 4 46 255 125 56 255 255 255 158 255 255 255 32 6
    255 255 255 61 139 142 255 100 146 255 255 255 51 255 255 255 255
    255 255 255 255 111 255 255 243 255 255 87 255 152 255 255 255 18
    255 6 200 113 255 255 255 253 202 255 134 8 253 255 255 255 255 2
    255 58 255 147 255 235 255 2 255 52 106 255 227 192 255 175 136 138
    143 255 190 68 255 131 255 72 239 255 82 202 255 198 134 255 247 121
    255 58 255 34 243 188 94 255 95 58 88 255 255 237 255 175 86 255 34
    255 255 255 255 255 229 255 190 255 255 255 221 255 198 255 255 255
    32 255 166 251 212 255 255 114 255 14 194 255 255 90 184 255 174 216
    255 255 45 163 255 38 135 255 85 255 255 255 60 255 255 255 255 255
    255 255 69 76 255 103 255 180 204 255 255 255 255 255 255 193 255
    131 109 158 65 229 168 255 255 202 186 0 255 105 255 164 127 255 168
    206 255 255 255 66 152 168 161 233 49 225 255 198 255 255 227 231 66
    255 255 202 255 231 255 255 255 229 69 40 66 26 14 255 30 255 0 255
    255 255 255 14 255 255 255 134 253 179 255 4 193 255 255 255 104 154
    255 106 53 255 255 188 255 142 255 2 122 241 2 255 202 129 255 255
    215 255 103 20 253 55 253 255 255 255 48 101 219 38 255 255 255 220
    187 255 255 255 255 2 255 4 255 225 255 216 213 178 255 76 92 255 62
    40 255 255 255 178 255 200 255 255 58 34 255 255 255 255 118 18 26
    60 255 255 255 117 66 44 255 255 255 93 255 255 255 255 255 255 249
    255 235 76 202 75 239 112 255 255 255 255 221 255 42 255 98 255 255
    194 172 100 253 255 251 255 255 255 190 220 137 142 6 255 255 97 217
    255 255 171 24 255 255 255 255 255 72 53 54 56 255 255 255 255 129
    52 8 62 142 81 255 255 107 255 8 255 104 204 255 255 6 255 255 144
    255 245 255 255 94 24 255 255 255 218 141 255 255 255 255 121 255
    255 109 30 2 255 28 196 101 255 255 154 255 255 115 88 255 192 16 2
    255 255 255 24 46 255 150 223 122 255 44 255 117 237 255 255 255 140
    255 109 255 255 113 255 255 255 255 190 187 180 0 211 50 255 255 255
    113 255 170 255 74 255 255 255 226 115 243 255 255 245 245 255 163
    216 83 66 255 255 145 255 255 255 255 255 255 255 255 213 22 255 139
    255 208 255 255 255 221 24 255 50 251 212 68 82 222 163 255 255 255
    10 255 255 255 101 98 26 255 22 116 255 0 255 79 149 62 255 133 255
    255 117 255 255 255 255 192 255 255 119 207 28 255 255 168 8 247 170
    87 255 255 40 133 8 255 255 126 227 255 172 255 129 40 255 255 255
    20 247 174 186 251 200 8 195 54 188 143 255 8 223 148 111 60 222 255
    255 255 255 48 255 225 255 218 255 255 255 229 209 245 225 143 255
    255 255 255 255 255 40 255 52 255 253 255 255 255 24 255 255 233 164
    255 209 255 125 255 255 255 255 100 255 255 255 255 255 4 218 203
    255 255 255 239 59 141 118 255 255 255 30 62 106 255 255 42 127 255
    255 186 255 255 51 255 241 255 255 255 10 255 14 220 255 255 255 229
    94 67 255 255 79 84 176 206 86 255 255 2 255 144 255 64 255 255 255
    255 106 237 255 255 255 40 115 46 255 255 84 255 249 204 174 255 134
    255 253 255 255 109 208 156 24 255 255 235 255 42 62 32 210 255 255
    119 64 114 255 163 255 109 175 255 222 255 255 194 255 0 255 153 255
    255 255 100 255 241 255 255 255 255 255 255 255 103 255 255 255 217
    255 67 255 255 89 104 241 255 106 118 255 255 255 255 255 255 231
    255 255 223 135 10 255 255 150 255 133 255 255 20 255 255 255 98 255
    195 142 255 255 255 75 255 255 255 255 255 12 227 255 255 6 255 255
    78 255 129 255 255 115 255 255 220 255 255 227 48 90 255 255 255 255
    161 255 85 227 184 170 205 164 255 241 255 255 58 255 136 255 247
    255 62 255 170 255 255 255 10 26 255 255 255 255 255 255 117 255 255
    255 76 50 28 255 28 47 16 54 245 143 255 227 255 142 255 189 255 69
    147 86 216 163 32 255 209 255 255 255 255 125 20 126 255 173 255 255
    203 255 255 129 156 49 255 255 231 48 255 255 185 184 255 104 255
    178 137 56 233 141 255 255 233 255 97 255 255 255 255 255 172 26 218
    182 34 255 119 255 92 255 255 255 158 28 164 255 167 255 255 50 36 2
    255 52 255 255 255 239 6 255 140 195 255 255 255 255 255 153 74 255
    255 98 255 255 227 216 78 231 16 255 40 38 255 255 53 171 255 235
    127 255 42 255 154 190 102 56 255 255 128 255 255 255 255 255 255
    255 255 186 255 125 204 127 255 255 176 143 168 255 255 239 65 255
    60 75 66 255 255 255 16 81 119 255 99 16 96 146 2 84 255 255 255 255
    255 255 255 255 255 255 255 190 255 255 172 49 255 172 255 131 208
    136 60 255 255 255 128 44 211 8 129 167 255 255 255 144 6 22 227 63
    255 42 255 133 166 121 255 255 255 255 255 97 255 184 255 163 255
    255 185 22 255 255 170 40 171 150 255 255 130 255 102 255 255 131
    255 255 247 34 255 209 192 255 255 255 121 255 255 255 189 176 59
    237 14 255 255 255 22 193 224 255 209 255 255 223 92 184 255 249 12
    255 255 255 255 255 91 255 255 255 255 255 49 92 70 14 255 255 255
    113 255 79 94 255 255 185 132 233 255 100 208 42 255 255 255 255 225
    255 255 255 255 116 170 255 142 255 255 188 255 16 255 255 78 255
    222 22 255 45 255 255 255 135 156 24 213 255 255 255 255 255 117 255
    32 201 255 119 255 255 8 255 255 255 223 255 180 90 255 49 149 255
    255 197 108 255 255 178 168 255 255 255 255 255 133 74 14 103 255
    255 208 255 255 255 255 255 198 155 255 87 115 22 243 191 224 255
    255 235 235 255 255 97 207 74 36 4 134 186 255 138 59 255 255 255
    211 82 115 255 255 255 199 255 235 80 148 255 163 255 121 255 66 57
    255 84 255 28 130 255 26 134 119 199 255 253 255 18 59 255 255 133
    255 255 168 255 255 140 90 255 255 255 255 255 68 222 125 30 2 160
    255 78 107 255 64 255 255 198 42 255 255 109 255 255 222 62 255 107
    20 40 255 219 255 55 42 104 255 50 120 255 113 255 255 98 220 255
    255 255 0 255 255 255 189 247 255 12 142 51 221 255 255 102 255 146
    131 226 158 255 116 255 109 68 24 255 255 79 4 255 255 255 12 255
    255 255 91 121 255 255 255 140 255 255 116 255 30 255 255 255 253
    255 163 220 245 255 150 255 255 8 38 123 200 255 255 102 255 255 214
    255 96 90 255 42 255 255 4 255 47 227 166 243 255 255 32 255 48 255
    255 255 255 233 88 255 10 255 38 255 224 255 28 255 32 241 152 79
    173 255 255 60 42 255 255 162 255 173 255 255 255 86 170 255 136 255
    185 160 255 255 172 255 10 255 255 227 255 105 255 255 255 255 255
    196 255 120 144 255 224 255 102 255 255 26 82 255 203 255 255 56 255
    103 255 255 255 255 156 190 255 255 255 173 255 55 205 255 121 197
    216 255 255 70 255 223 255 231 255 255 55 52 152 255 117 255 214 255
    255 255 44 24 235 255 190 255 255 116 12 203 198 194 255 110 255 90
    255 174 255 243 93 255 255 255 209 255 255 255 126 218 245 64 225 44
    210 158 255 255 168 255 104 255 219 255 255 255 255 51 179 126 32
    255 4 63 255 198 255 255 255 255 235 222 63 42 255 125 235 32 255
    255 164 28 179 255 123 255 140 44 78 146 83 255 255 255 70 255 255
    129 255 123 255 255 255 26 255 255 78 255 198 14 114 255 255 96 216
    255 28 255 213 243 184 80 42 144 255 188 16 255 255 255 123 22 255
    255 255 255 255 255 255 255 255 255 86 255 255 123 220 119 255 34
    255 177 224 255 24 255 255 255 174 28 255 222 255 199 152 0 255 210
    69 48 255 249 255 186 148 52 255 255 52 60 255 193 20 255 119 255
    156 34 68 117 255 200 136 255 146 121 209 16 103 171 255 184 159 255
    2 251 160 95 255 255 77 119 255 255 193 38 255 255 216 95 98 255 223
    119 255 255 255 122 6 255 138 6 255 174 255 205 190 255 8 255 210
    255 255 255 26 235 136 12 186 45 235 255 255 255 255 103 255 255 73
    255 162 255 64 255 255 147 255 255 255 255 61 255 114 166 255 224
    255 237 255 255 255 182 148 221 255 255 255 2 28 255 255 85 255 224
    255 255 255 40 255 120 255 50 96 255 68 255 255 255 255 255 157 200
    22 255 255 14 109 8 255 139 255 255 255 70 255 255 50 158 102 255
    180 255 255 255 255 255 255 175 136 255 251 255 216 255 255 255 245
    202 255 32 255 255 255 122 255 255 255 255 102 190 20 74 255 255 30
    62 255 255 255 255 98 48 223 255 255 255 100 176 255 106 0 255 255
    160 231 255 255 255 255 255 194 255 255 255 72 255 255 177 255 123
    44 255 255 255 8 180 24 255 196 255 148 101 165 8 255 255 255 51 255
    255 255 70 255 34 255 6 101 50 255 255 255 255 255 255 190 255 217
    255 255 179 255 176 201 255 99 54 255 214 255 255 255 173 255 255
    255 194 255 255 154 247 255 255 220 50 102 245 90 180 255 52 12 91
    255 255 83 255 255 89 255 210 229 255 214 20 86 96 255 181 156 255
    255 255 129 255 50 170 58 255 194 255 255 2 255 136 115 255 255 32
    255 6 255 46 140 121 255 26 255 255 255 146 255 70 255 137 255 216
    205 6 28 243 229 206 255 108 34 52 255 127 119 255 83 145 245 255 18
    148 99 255 255 255 159 68 255 241 255 255 133 84 107 233 255 255 223
    255 111 255 255 255 255 255 255 195 253 255 189 172 255 255 255 255
    78 48 125 74 255 255 255 255 255 155 140 99 163 255 131 255 202 119
    60 255 212 255 255 45 215 255 255 255 255 245 129 58 255 255 255 131
    255 180 158 255 255 255 255 152 255 117 142 138 14 255 255 82 72 255
    255 124 255 60 255 255 255 255 45 133 255 138 251 255 255 66 22 158
    143 255 81 255 58 182 44 255 85 255 80 255 12 255 255 233 255 186
    125 255 22 255 255 255 255 32 255 255 255 71 70 22 255 255 255 255
    255 255 79 255 178 172 255 172 12 255 120 255 169 255 255 36 14 18
    111 255 255 233 204 255 251 200 36 255 255 200 255 233 255 189 255
    253 12 108 154 127 166 77 175 160 160 38 218 83 255 204 255 187 255
    152 165 212 202 58 104 255 255 255 255 255 255 156 86 255 0 255 98
    129 255 136 71 52 255 255 255 255 42 255 40 243 255 255 255 255 166
    255 255 166 255 90 255 255 237 255 148 255 4 73 149 128 107 255 255
    255 40 255 255 255 255 255 6 255 36 191 255 14 253 255 255 123 255
    255 255 255 255 189 255 255 28 78 255 255 255 249 255 158 255 255
    210 101 125 8 103 64 255 255 255 255 255 255 255 255 255 112 61 255
    110 83 10 255 18 255 16 170 255 26 255 255 255 119 177 255 255 255
    86 255 231 48 83 145 174 237 255 182 184 255 255 89 255 68 255 255
    255 255 14 196 42 161 255 255 155 255 255 255 255 241 255 255 255
    255 206 28 255 255 255 255 255 255 115 255 255 255 110 255 255 198
    34 255 255 140 88 255 51 255 74 255 36 126 255 104 255 243 255 251
    101 255 182 255 2 36 200 255 255 255 72 255 255 255 255 138 255 255
    255 255 122 14 255 255 129 189 156 0 255 253 71 2 255 255 255 42 18
    255 255 255 255 255 255 40 255 255 197 255 255 255 255 218 255 253
    255 197 146 255 40 212 255 255 108 164 255 140 255 137 255 255 255
    255 255 217 255 255 88 255 63 68 255 121 249 255 24 255 44 255 109
    222 42 131 255 255 82 202 140 197 241 255 14 255 160 255 255 255 255
    255 255 255 255 69 255 247 138 207 2 154 163 34 101 149 255 255 137
    255 198 151 255 101 255 255 255 223 26 255 121 255 255 26 178 255
    209 255 225 60 255 150 255 224 255 129 255 164 64 54 255 237 255 178
    66 255 255 251 255 38 111 255 18 32 255 57 255 255 55 255 255 255
    157 90 255 225 184 249 255 28 168 255 255 255 255 255 51 149 255 255
    255 255 255 255 255 255 56 255 255 115 152 44 247 255 255 255 118
    255 173 24 180 143 245 231 58 24 255 12 24 103 227 255 158 123 34 49
    34 255 255 96 2 255 48 144 255 139 212 218 44 18 150 255 144 77 255
    34 196 255 194 12 255 154 255 8 4 6 255 255 186 255 28 182 8 188 192
    255 170 117 213 6 247 255 212 16 255 255 170 255 255 255 201 255 255
    255 255 255 255 255 255 255 255 73 195 166 255 203 255 117 185 188
    255 12 46 255 171 255 255 255 255 255 255 255 36 255 255 255 255 255
    188 125 78 44 167 24 255 163 255 40 251 40 255 215 255 235 251 46
    152 141 14 144 255 255 99 255 255 34 255 204 255 117 152 14 117 255
    255 255 255 255 0 42 255 183 247 158 255 226 255 255 98 255 227 255
    229 117 255 255 237 255 255 255 148 237 139 255 255 255 255 119 187
    62 255 255 166 255 100 255 255 225 255 164 255 154 255 255 255 255
    22 30 218 255 255 164 24 255 65 117 255 255 221 255 255 255 118 83
    104 255 45 255 192 255 255 32 255 255 74 255 189 186 255 22 255 255
    255 255 255 255 42 38 255 22 184 255 130 255 48 126 255 255 34 255
    159 212 255 255 255 136 255 10 255 86 255 255 255 84 57 255 255 255
    28 255 255 255 46 255 255 255 255 143 255 255 255 222 255 32 255 113
    123 255 30 34 78 255 255 255 255 189 218 255 255 255 253 10 32 40
    255 24 255 123 150 255 78 52 247 177 255 255 255 255 121 82 100 26
    58 44 255 255 255 255 255 66 200 203 253 22 219 162 255 255 144 255
    215 255 255 255 255 24 255 112 237 255 233 255 197 255 158 255 255
    255 141 194 255 255 124 51 54 28 38 111 255 107 151 126 216 255 64
    245 255 255 255 255 142 255 127 206 255 94 255 127 155 255 255 255
    176 255 255 255 89 147 112 255 255 50 216 181 136 22 245 255 255 255
    255 255 255 168 164 247 255 30 137 255 202 163 255 255 167 255 255
    213 6 6 255 38 255 8 154 65 159 229 255 215 255 255 255 255 255 70
    158 32 113 68 255 255 255 255 46 255 255 255 172 255 193 255 255 255
    255 231 255 96 6 255 206 212 149 255 255 6 148 255 143 255 255 88
    255 255 167 255 255 191 158 255 96 255 194 145 255 188 6 204 47 195
    84 255 255 255 16 34 255 109 16 255 255 255 255 184 255 255 71 255
    255 255 255 212 166 255 28 40 241 255 85 243 255 20 255 255 255 42
    184 168 111 58 255 255 255 255 255 8 255 255 255 255 54 32 255 54 40
    168 50 154 255 255 255 113 255 190 255 255 36 47 255 255 255 255 72
    255 255 255 243 255 255 255 255 255 255 255 255 253 54 204 218 141
    30 255 98 110 255 205 224 144 255 255 255 255 48 255 28 255 243 84
    255 45 2 116 176 221 255 255 36 76 172 255 255 255 84 255 99 179 235
    202 255 255 81 255 148 184 253 150 255 255 255 75 137 255 255 223
    255 93 78 124 255 255 94 61 66 255 255 0 134 255 255 106 253 94 74
    67 221 4 184 255 255 55 255 166 34 106 255 111 189 235 51 123 255
    129 255 12 0 113 12 4 255 194 255 149 255 136 255 144 255 131 210
    178 127 255 255 255 255 255 131 106 129 239 104 255 219 255 255 255
    16 255 255 36 243 133 255 69 6 255 241 255 212 255 255 255 255 255
    104 255 74 78 255 255 196 99 255 36 253 56 255 133 255 150 255 199
    237 255 76 98 255 255 255 107 255 214 105 46 255 214 36 255 57 249
    42 136 255 255 255 96 255 140 10 70 243 255 140 255 191 182 65 255
    243 111 255 255 16 66 108 255 255 255 255 255 78 47 255 194 255 255
    52 87 255 164 255 243 120 255 18 255 255 255 2 255 243 255 255 255
    255 255 4 255 129 255 132 249 255 255 255 189 224 255 255 255 255
    137 255 255 255 32 255 243 134 200 255 174 107 255 255 251 219 72 97
    90 8 255 251 255 10 92 204 255 255 255 113 255 255 79 4 150 255 213
    255 67 10 229 255 255 255 255 255 249 255 92 164 225 255 122 174 255
    128 235 255 146 255 255 255 255 255 24 255 139 255 255 255 255 154
    205 44 255 255 122 255 90 255 210 255 154 255 106 156 210 255 158
    255 253 255 255 235 255 255 217 255 255 255 68 73 255 255 255 131 60
    148 255 210 255 255 255 109 255 192 255 185 255 208 111 198 81 255
    50 255 151 255 255 255 72 235 255 162 101 255 255 255 109 196 168
    159 255 255 10 255 85 255 80 125 8 255 160 195 44 255 48 128 111 255
    255 255 255 255 206 255 122 103 94 186 22 175 94 255 255 231 255 255
    255 6 255 255 255 255 255 255 253 255 166 255 110 160 255 255 73 237
    10 255 115 249 255 255 255 255 127 116 255 121 255 255 255 176 105
    255 255 79 6 255 255 255 255 229 255 255 255 255 2 140 255 255 255
    219 226 63 62 255 144 255 255 166 253 136 247 243 231 255 255 218
    255 255 255 255 255 24 115 205 56 172 30 255 97 255 156 255 255 0
    255 94 170 255 255 255 255 255 255 255 255 255 196 201 255 255 191
    255 255 131 255 49 255 255 176 255 6 212 255 255 45 255 160 255 121
    255 4 106 255 255 255 247 77 183 227 164 14 255 249 86 2 255 175 255
    255 255 182 134 211 255 255 255 255 95 209 184 253 151 68 45 219 134
    255 48 255 255 255 74 210 255 253 255 151 255 164 100 255 127 22 255
    144 255 140 26 243 8 255 191 255 255 163 255 255 255 255 121 255 0
    255 255 176 255 191 104 67 255 255 255 255 255 136 255 255 63 255
    255 255 193 192 249 255 220 79 255 255 172 255 112 255 219 146 47
    255 255 71 74 255 156 135 196 16 255 255 121 255 229 22 74 247 210
    255 24 162 195 255 255 46 208 101 255 255 255 4 255 85 255 28 36 255
    255 255 255 255 249 197 255 127 90 32 255 255 198 160 255 218 255
    207 134 255 191 6 186 199 72 107 4 255 127 255 122 255 94 255 255
    255 255 255 255 255 255 255 255 117 255 10 255 197 78 156 255 6 255
    145 204 255 221 218 255 217 80 255 127 66 255 255 255 67 255 255 255
    255 40 129 255 114 239 255 255 134 14 255 255 139 2 255 155 74 184
    255 255 255 255 255 71 167 255 136 16 24 255 111 98 198 243 255 51
    70 255 255 177 255 134 255 255 255 167 218 255 255 255 255 255 255
    255 255 102 75 255 255 129 68 255 59 233 14 255 255 92 176 227 32 38
    213 255 255 201 188 255 255 42 138 255 0 255 255 184 61 137 128 158
    191 255 255 68 255 255 54 255 184 255 80 127 62 130 182 255 255 255
    255 255 255 255 255 206 255 255 255 217 168 208 255 222 255 40 255
    32 92 255 255 62 28 255 183 255 255 16 76 255 129 224 255 191 182
    255 243 255 160 16 255 245 119 255 156 62 170 138 104 200 36 209 255
    255 239 243 28 12 245 59 255 64 178 145 222 129 255 255 117 255 255
    255 255 218 51 62 212 255 94 200 115 117 255 255 255 255 69 191 255
    20 255 120 34 247 46 255 133 255 255 255 52 231 255 255 210 255 68
    105 255 255 255 255 188 146 223 255 255 255 255 231 255 8 235 255 16
    123 255 255 188 255 255 170 74 255 255 117 255 255 125 172 255 235
    94 255 36 245 255 36 255 166 255 255 255 70 18 49 4 255 142 255 255
    255 255 255 255 255 152 129 16 46 51 255 255 160 111 168 255 106 214
    138 255 255 255 255 74 255 255 255 255 255 42 255 161 255 152 255
    122 53 255 255 255 189 255 255 255 255 150 255 255 255 2 253 255 12
    255 255 255 239 255 255 160 255 251 255 255 223 224 103 255 253 255
    237 255 184 255 241 255 255 255 255 255 243 180 255 38 255 255 255
    12 255 196 146 74 220 91 255 140 255 255 162 204 255 118 255 255 255
    249 181 138 89 255 12 44 255 255 255 249 255 59 255 255 93 255 255
    255 245 255 20 255 243 255 153 255 255 255 255 109 255 255 158 147
    255 255 255 198 255 255 255 255 255 206 255 255 255 255 40 6 229 255
    255 255 151 52 138 16 255 255 20 38 255 255 255 255 42 50 255 219
    156 77 195 190 233 255 208 255 253 255 223 255 255 121 46 255 170
    255 190 255 255 255 255 255 128 255 255 255 255 56 255 255 119 162
    138 255 255 26 115 255 255 127 255 216 68 56 255 211 122 89 82 156
    129 255 255 255 255 255 255 255 239 140 121 88 178 10 255 255 255
    184 156 36 255 237 255 102 255 8 180 255 255 237 138 255 255 222 255
    249 255 255 255 111 181 16 253 78 255 59 207 255 227 255 255 61 255
    255 255 255 42 233 255 174 91 255 255 2 58 114 255 255 255 255 255
    255 245 249 80 255 239 0 255 82 120 255 121 102 168 2 206 192 255
    198 71 255 136 184 255 255 174 86 255 255 253 54 255 255 255 170 92
    255 255 219 142 223 4 255 146 113 255 44 133 0 28 255 235 176 255
    255 57 255 255 133 213 255 212 255 180 0 32 204 216 102 24 55 12 255
    79 231 255 212 255 34 123 52 255 255 233 70 204 86 148 111 143 130
    208 245 255 255 211 255 255 78 36 105 90 255 255 255 245 255 221 255
    162 24 176 75 255 128 71 255 255 255 177 166 255 255 114 255 179 62
    111 179 202 192 70 18 255 165 214 95 20 255 255 255 255 255 241 253
    255 255 150 140 255 255 89 139 120 255 255 255 73 80 114 200 68 255
    158 155 227 32 255 20 255 255 255 255 231 255 255 40 255 42 125 255
    255 255 255 255 255 26 255 76 255 255 255 255 255 255 255 61 255 206
    255 247 164 231 231 186 255 229 255 38 255 255 255 181 88 111 8 255
    255 255 255 255 96 255 255 255 208 231 255 245 255 255 60 255 255
    255 51 125 255 255 255 255 212 92 255 0 255 255 28 90 255 255 255
    255 91 255 152 255 255 255 255 215 255 51 255 186 255 211 52 210 255
    235 255 255 255 127 169 255 255 127 82 154 255 82 255 255 194 16 255
    255 216 16 255 255 94 30 131 102 18 255 255 162 75 255 66 178 181
    172 255 255 100 10 255 255 255 191 255 255 213 174 255 225 255 214
    235 255 170 255 255 146 201 255 255 255 255 255 255 148 255 255 144
    255 12 118 204 163 227 206 255 36 255 167 255 255 241 224 255 255
    255 158 255 255 255 24 104 117 42 255 255 255 255 255 255 255 255
    189 255 255 189 122 129 10 255 26 255 204 255 203 255 255 255 255
    255 255 255 255 86 255 255 255 255 67 141 255 255 255 222 40 255 206
    174 255 64 255 123 255 223 117 255 107 241 6 255 26 255 255 52 60 61
    145 156 89 255 130 255 255 4 255 255 255 255 86 255 255 255 255 255
    255 251 255 255 245 255 227 255 150 255 32 255 255 255 255 217 4 255
    255 255 255 72 255 164 255 162 77 255 255 255 255 255 255 255 255 38
    50 255 158 253 255 241 64 255 129 255 156 249 0 90 81 255 220 103
    253 210 255 255 144 81 255 255 235 161 8 14 255 255 136 255 255 255
    173 255 170 255 255 255 40 255 212 255 255 67 255 255 115 255 255 57
    255 255 192 255 255 255 181 255 255 255 255 255 255 212 255 255 98
    255 52 74 253 255 255 255 32 255 255 137 255 42 84 82 34 255 82 235
    10 132 136 255 122 196 10 255 255 217 70 255 255 255 255 165 0 178
    255 255 255 111 12 75 255 208 16 255 255 255 255 255 255 125 32 255
    28 255 51 255 222 79 255 46 255 255 14 198 249 255 255 219 255 255
    44 255 166 74 138 154 92 226 255 255 130 255 255 200 144 255 48 77
    255 255 45 255 194 166 50 68 255 82 255 255 255 255 255 209 162 172
    255 116 255 90 255 231 255 255 184 255 255 148 255 255 255 171 32 97
    255 214 32 115 255 229 16 255 255 255 106 255 92 255 208 231 20 255
    233 255 255 84 142 101 255 38 73 211 255 255 245 239 178 187 30 255
    235 132 255 255 255 218 155 255 204 68 140 144 255 74 26 255 255 255
    46 255 255 46 255 255 255 255 255 255 255 107 255 74 255 109 102 255
    255 255 255 255 255 182 255 184 255 143 220 255 255 255 255 119 255
    202 90 235 220 88 56 255 255 255 99 255 255 85 54 255 47 255 255 105
    187 38 255 32 212 255 255 56 255 251 255 255 44 255 2 84 255 174 255
    64 255 255 156 255 109 255 113 98 60 255 255 255 255 255 255 255 255
    38 255 231 255 255 229 255 255 255 210 255 255 255 255 255 255 255
    211 178 255 62 18 255 165 255 255 44 88 194 255 255 255 76 128 255
    102 255 51 255 54 233 145 110 255 255 255 255 169 138 255 255 255
    255 60 255 95 90 8 73 70 28 255 255 251 150 104 239 222 44 94 166
    255 255 255 255 208 255 255 255 36 255 227 4 62 239 255 64 255 255
    211 255 14 149 255 75 10 255 164 52 255 225 255 255 255 255 46 45
    255 255 204 255 243 30 129 255 168 255 255 255 255 94 105 189 255
    133 127 255 47 185 14 136 255 128 26 106 28 63 255 255 69 255 255
    255 18 255 255 195 255 47 255 255 255 255 241 255 255 30 204 255 255
    218 255 110 180 255 255 53 2 255 255 153 255 255 30 255 49 0 118 255
    243 255 255 255 220 255 229 152 6 2 229 255 40 231 255 195 36 255
    255 100 255 10 68 166 125 255 214 181 255 255 60 60 255 82 212 255
    183 255 172 255 32 255 30 204 255 255 16 220 215 86 95 255 188 8 255
    118 184 255 235 20 255 255 107 54 200 255 255 255 255 76 255 255 46
    114 75 181 66 223 46 194 255 255 104 4 255 34 61 90 255 255 121 218
    255 255 176 255 255 40 255 255 255 255 255 255 255 26 166 255 249
    255 255 22 138 255 72 255 91 255 255 67 255 226 18 4 174 255 82 82
    255 106 255 113 255 44 18 185 66 140 255 162 61 68 255 255 217 38
    255 247 255 255 255 255 255 255 72 140 255 200 255 225 255 57 80 50
    28 211 52 255 18 255 251 16 4 247 255 255 255 195 255 255 167 255 45
    88 255 255 34 255 255 237 255 133 255 247 255 255 20 214 183 255 81
    255 255 255 255 180 255 255 255 8 255 56 190 255 229 255 255 144 255
    255 255 255 187 180 42 255 108 53 255 66 255 255 12 91 255 255 255
    255 124 57 86 255 255 221 255 255 255 255 255 255 255 101 24 255 255
    34 156 255 64 255 255 235 106 255 255 255 255 119 134 166 255 255
    255 231 255 255 233 208 255 161 198 233 255 255 251 255 255 255 205
    174 255 40 255 255 60 92 255 255 255 85 88 188 255 241 255 255 68
    255 194 255 255 255 255 255 255 255 227 255 255 255 61 151 255 255
    255 255 255 109 255 255 151 255 131 197 98 255 255 255 231 255 130 2
    52 255 255 199 255 222 8 255 210 255 255 194 255 255 24 255 231 247
    255 255 255 113 152 61 94 255 255 255 255 97 201 255 109 123 255 176
    175 227 208 88 255 255 255 138 255 255 255 156 40 255 178 0 140 255
    255 255 255 255 2 255 64 255 255 177 255 255 255 32 255 60 62 218
    227 255 255 255 255 255 38 255 103 255 255 255 255 14 148 40 255 49
    115 255 196 255 255 208 245 255 255 255 80 255 115 166 255 88 190
    223 243 255 255 70 255 255 211 255 73 255 255 28 239 255 42 255 188
    75 255 208 255 255 255 222 62 184 255 255 94 83 255 235 255 253 255
    218 229 227 255 143 112 255 72 255 156 255 42 255 255 255 255 255
    255 190 195 178 253 255 255 26 245 68 255 255 255 8 100 142 255 255
    255 255 255 255 14 28 20 255 255 206 200 255 255 178 100 94 237 213
    255 16 88 16 255 255 120 255 247 255 156 255 226 85 217 255 255 255
    24 2 249 30 200 78 233 6 241 255 255 18 10 182 94 231 255 14 28 192
    255 180 255 255 194 4 62 255 255 255 255 255 255 74 255 243 212 255
    239 255 255 255 255 51 255 255 2 255 26 170 92 255 65 56 182 91 193
    58 158 255 182 6 34 255 255 255 255 237 255 14 255 255 255 255 255
    255 255 181 186 255 255 255 160 36 90 91 213 132 154 255 255 255 255
    255 32 255 148 255 44 255 255 70 214 77 255 247 255 255 14 255 127
    255 255 104 180 150 255 255 255 255 112 255 68 74 255 94 255 255 135
    48 97 255 255 105 255 10 75 98 255 255 247 255 255 255 255 255 131
    255 255 255 152 255 255 255 245 2 72 20 255 239 255 255 255 255 255
    255 255 255 255 34 255 255 65 255 166 174 213 245 131 255 255 255 30
    178 194 199 255 255 255 255 255 255 222 255 255 255 0 255 255 119
    115 227 20 255 255 85 205 255 255 255 255 255 255 255 156 199 255
    255 209 255 255 255 190 255 181 150 255 203 233 255 76 255 8 255 188
    255 223 164 255 255 78 255 255 255 206 255 243 255 60 130 255 102 76
    168 255 255 99 255 102 186 133 50 154 233 255 255 209 130 223 68 174
    222 94 255 255 141 54 255 165 255 235 133 255 255 231 255 140 253 12
    255 82 212 255 255 102 255 255 10 255 137 32 255 171 224 255 255 152
    255 219 255 204 36 138 85 221 70 111 255 255 255 255 122 75 255 192
    75 60 66 6 177 94 255 255 2 255 255 255 223 255 255 45 82 150 14 44
    255 255 145 255 255 113 255 166 255 255 255 207 255 255 139 255 255
    255 255 225 255 208 220 255 255 61 193 128 127 255 102 255 255 255
    89 22 255 255 16 233 255 255 142 255 255 255 255 251 96 255 173 255
    249 4 255 206 6 255 255 86 255 255 255 152 255 211 98 255 171 255 16
    209 255 255 255 255 255 255 152 172 135 255 255 102 166 255 255 124
    237 56 255 255 24 255 158 40 255 255 159 255 255 255 120 206 255 70
    255 199 94 255 255 241 0 6 255 81 255 255 255 255 86 255 100 255 255
    153 239 255 20 255 71 183 46 255 255 86 45 255 255 200 56 188 134 54
    255 6 221 88 196 255 150 247 255 255 255 233 255 255 80 255 255 255
    172 255 111 158 255 255 255 255 255 255 255 255 231 255 255 255 255
    255 233 190 255 18 255 255 224 107 255 86 255 100 44 55 255 255 255
    255 255 255 76 196 194 255 255 144 149 184 180 255 36 202 117 200
    255 255 255 255 255 255 44 179 255 255 255 231 255 255 186 227 100
    168 81 141 255 117 181 162 34 255 255 142 100 60 210 8 44 255 255
    180 255 86 255 51 255 255 255 255 8 255 229 50 255 255 198 101 28
    255 79 151 255 255 255 255 208 255 202 255 72 255 2 12 38 255 255
    255 255 255 94 255 255 126 255 189 118 229 72 255 225 92 255 87 255
    164 255 255 222 255 255 255 44 255 255 255 255 255 255 117 148 255
    187 108 255 8 255 255 113 182 255 255 255 255 255 132 174 80 142 208
    251 124 255 30 106 255 255 210 255 255 245 255 48 255 255 86 255 255
    80 4 20 255 255 14 255 255 255 209 110 26 255 98 255 241 30 235 72
    255 255 255 120 227 255 255 12 255 255 233 233 120 184 171 46 255
    255 46 220 255 255 24 255 206 45 255 255 164 255 36 255 255 10 255
    12 255 198 199 24 196 255 80 22 255 255 115 255 32 131 82 196 255
    255 164 87 147 162 134 255 22 202 24 160 172 255 249 186 141 255 65
    255 56 49 62 255 239 255 255 255 111 255 255 127 138 255 255 112 212
    193 206 225 255 255 235 22 34 255 255 255 255 117 8 255 255 86 91 34
    124 28 177 255 255 255 255 255 32 255 255 255 255 178 255 255 255
    179 198 36 231 255 75 255 255 129 255 255 89 255 255 255 209 68 255
    255 162 57 255 116 255 255 130 158 255 255 251 255 255 51 255 255
    255 147 255 255 255 255 8 60 34 6 255 202 255 255 255 216 215 104 14
    255 190 255 74 255 255 255 255 89 255 134 255 255 255 255 30 212 255
    255 64 255 255 255 216 161 78 24 237 255 107 255 255 12 66 206 160
    255 237 255 255 150 245 255 114 255 255 144 198 54 60 255 255 4 63
    24 80 255 76 255 255 255 22 255 46 76 255 153 255 239 185 68 255 255
    255 148 235 70 255 255 255 24 121 44 255 255 200 117 255 138 75 94
    10 8 255 62 255 255 255 255 167 255 194 86 144 140 96 255 216 4 124
    55 235 255 255 255 54 255 145 176 255 251 255 255 2 170 14 167 220
    255 255 255 255 255 255 255 111 255 255 255 255 65 255 202 255 64
    243 89 40 128 101 255 70 255 255 80 255 233 146 255 106 216 182 46
    255 28 255 130 20 255 255 81 92 255 255 255 64 16 255 255 255 40 227
    255 255 255 255 255 2 152 217 255 255 237 255 196 255 108 212 6 255
    218 255 196 97 255 255 79 121 8 255 153 255 255 54 18 142 183 255
    255 4 200 255 255 255 222 32 68 255 255 34 152 255 255 255 243 200
    117 255 255 40 255 255 255 255 0 71 255 255 150 100 132 83 219 255
    255 56 255 95 255 255 239 153 18 255 131 229 198 102 98 255 255 74
    87 237 229 113 255 255 255 255 156 255 255 255 152 98 128 180 255
    255 255 255 96 166 169 102 247 22 6 255 26 98 49 255 255 220 179 34
    255 92 255 85 255 32 174 255 148 129 255 237 255 255 255 255 56 255
    255 255 142 255 149 255 75 141 20 0 68 255 255 255 255 255 125 255
    107 255 255 184 255 255 91 255 90 202 90 255 255 72 255 180 137 255
    16 229 255 255 255 255 255 255 255 255 173 255 255 255 156 208 191
    255 255 255 255 255 219 255 178 213 255 255 255 235 176 255 255 255
    255 60 204 255 255 214 249 142 255 255 255 255 215 60 255 255 182
    121 255 178 255 255 239 255 255 16 255 255 255 95 255 255 40 58 255
    101 255 255 156 187 255 81 255 255 146 255 255 40 4 255 255 231 255
    87 255 255 255 255 255 231 255 86 255 249 134 255 255 255 255 157
    126 255 24 255 255 205 8 71 255 172 0 255 116 255 20 204 194 123 255
    158 255 72 255 209 255 255 92 255 255 255 255 204 255 255 255 12 255
    255 163 255 255 255 255 255 255 64 188 153 30 131 255 255 245 229
    255 255 237 255 247 183 226 255 255 28 57 189 255 146 255 78 67 255
    44 255 24 220 51 22 222 26 201 8 255 255 94 255 255 255 255 255 255
    18 255 255 103 255 78 255 255 255 255 255 255 255 255 8 255 255 255
    45 255 166 255 255 206 255 22 126 255 255 56 255 255 108 255 209 255
    192 255 255 255 229 255 36 255 255 255 255 255 255 255 218 65 255
    106 152 255 168 255 255 255 142 255 255 89 98 255 214 123 98 255 255
    54 87 227 255 156 255 255 16 255 255 255 255 255 235 20 106 255 82
    26 28 26 180 255 255 255 255 255 255 255 255 235 36 255 80 255 247
    204 0 171 255 227 255 253 164 255 136 255 115 255 255 255 255 255
    161 62 255 219 255 63 255 144 255 255 36 255 255 255 255 193 255 255
    48 178 255 102 186 255 255 255 255 255 255 111 255 100 255 253 14
    255 100 255 255 255 255 255 255 216 255 255 0 77 253 142 255 255 214
    255 80 216 93 255 2 255 255 255 65 113 10 83 109 255 4 76 14 255 255
    76 255 145 190 47 255 202 255 0 120 138 255 255 220 255 255 253 249
    34 61 231 255 255 161 218 220 159 255 75 54 96 255 255 255 40 195
    255 253 255 108 255 255 222 255 255 174 134 113 255 218 255 16 255
    255 152 229 255 255 204 96 138 36 137 38 89 255 255 255 255 255 255
    255 255 255 255 40 164 255 255 117 255 255 190 209 255 255 255 255
    93 169 96 255 54 174 34 18 255 61 255 255 255 255 227 111 255 255
    255 255 122 255 255 38 6 255 66 255 255 82 113 255 255 255 255 255
    255 231 192 38 255 255 255 255 16 176 255 255 255 255 255 14 255 255
    168 52 255 255 131 255 255 255 186 255 249 255 255 197 231 154 48
    255 227 181 233 255 106 255 255 255 255 32 233 206 255 255 86 255
    255 255 166 255 249 255 94 26 73 34 162 255 255 255 255 34 255 255
    255 255 255 255 255 81 94 78 255 167 224 255 255 255 107 247 200 255
    66 255 113 151 255 255 76 255 255 50 118 255 255 255 10 64 134 150
    70 206 216 247 210 239 255 255 255 255 255 255 26 216 133 255 14 123
    255 255 186 255 255 255 100 255 67 217 168 109 255 255 20 161 255
    255 169 255 255 137 166 223 175 255 255 149 237 40 68 255 255 255
    255 255 199 243 83 241 122 255 235 255 255 255 255 255 255 36 55 255
    255 176 84 88 255 203 112 10 137 92 154 145 124 16 255 172 229 255
    255 121 255 255 247 255 162 255 239 176 255 171 42 255 255 255 255
    173 255 255 255 255 255 255 42 255 213 255 182 255 255 255 177 255
    49 4 204 206 239 255 6 255 88 255 255 255 255 255 237 255 255 255 20
    255 40 255 255 108 144 255 255 89 211 255 218 211 30 255 255 255 166
    255 220 255 106 255 255 56 74 168 16 180 40 203 188 255 74 24 2 255
    255 87 104 210 255 193 255 115 185 56 158 20 110 196 255 255 164 157
    255 34 255 255 99 255 233 194 255 255 255 255 255 109 237 255 255
    255 255 255 255 255 255 255 227 148 0 255 255 14 237 184 255 42 255
    113 255 79 255 255 164 255 255 255 255 255 249 255 255 71 255 255
    174 12 245 255 255 255 133 145 255 103 239 255 255 0 249 115 127 66
    255 255 255 121 227 56 202 255 96 172 247 204 83 255 255 81 54 148
    255 255 255 255 255 255 166 171 226 220 143 247 119 82 226 255 255
    255 255 243 224 255 78 255 255 173 120 99 239 255 255 62 54 255 14
    255 196 137 30 255 10 255 255 255 255 61 133 212 255 225 255 255 255
    255 255 247 255 255 255 114 166 255 154 255 159 255 255 255 20 255
    78 202 255 157 124 255 155 255 192 88 255 255 255 184 24 255 38 59
    255 34 255 255 255 255 26 255 255 161 255 255 255 255 0 237 255 192
    255 255 255 255 255 255 227 255 255 143 200 255 42 255 255 255 8 255
    255 249 255 255 172 255 255 255 227 255 208 97 119 255 57 255 255
    255 197 194 255 255 255 255 197 255 255 195 255 220 58 184 255 255
    74 140 255 78 223 255 239 255 255 108 255 255 206 255 38 255 255 255
    255 117 42 194 59 255 255 172 0 255 204 209 255 93 255 255 222 255
    231 162 50 255 255 177 255 77 255 255 239 255 255 51 255 58 255 117
    24 131 255 255 136 125 255 131 115 255 162 255 82 255 255 62 255 201
    255 16 32 130 249 113 72 255 255 255 182 78 114 192 255 255 162 139
    255 255 255 134 255 255 247 255 255 255 245 237 255 255 255 255 255
    255 194 255 121 70 255 68 255 255 255 8 255 255 233 239 129 255 255
    104 243 255 247 255 255 54 98 103 113 255 166 54 152 81 143 255 255
    255 255 255 255 255 255 255 255 255 24 198 255 255 255 255 255 62
    210 255 178 255 20 84 255 161 118 255 255 255 255 255 184 229 255
    255 255 255 50 255 64 132 47 255 24 255 255 255 194 255 255 255 141
    255 247 199 30 12 221 255 255 209 255 255 151 148 218 255 134 237 68
    255 93 217 255 190 211 46 117 139 56 255 76 206 49 255 140 184 255
    255 255 191 245 255 255 138 255 255 255 99 62 40 255 68 255 255 0
    162 255 4 178 255 255 255 255 111 124 127 255 255 164 255 255 247
    207 200 16 255 10 255 225 255 162 255 70 53 111 255 255 255 247 255
    16 255 97 255 216 14 255 255 202 255 174 190 255 255 117 255 255 255
    255 66 61 157 255 178 255 255 255 255 106 255 58 255 144 18 255 40
    255 102 16 255 62 166 175 255 119 66 16 243 20 162 255 255 94 188 68
    80 174 255 255 255 255 255 255 80 255 255 125 255 255 255 255 115
    125 255 255 255 178 255 227 186 245 56 46 255 213 198 24 121 255 220
    255 122 109 255 255 127 255 34 14 255 192 255 169 255 245 227 255
    255 104 255 91 255 40 255 119 255 255 255 255 255 255 104 255 255
    255 255 255 255 198 207 0 40 255 74 255 96 128 255 239 255 249 255 8
    255 255 255 255 255 255 115 181 168 255 255 134 255 255 188 255 255
    188 237 255 112 255 255 255 255 255 200 255 161 88 255 255 255 233
    243 255 255 62 140 255 255 237 176 255 188 255 255 255 190 255 182
    144 8 255 123 185 255 93 255 255 255 175 255 255 255 255 255 113 255
    255 58 255 255 26 255 55 181 46 255 70 255 255 255 255 255 54 255
    255 161 255 255 72 255 51 255 255 156 255 255 255 223 255 28 255 40
    129 0 255 152 255 142 129 255 255 255 92 102 222 255 194 123 157 150
    152 255 182 144 255 255 237 255 210 255 68 255 65 243 116 105 255 46
    255 165 255 178 217 255 218 0 130 2 255 255 255 255 255 160 255 255
    235 207 249 150 247 110 255 255 249 79 8 255 255 159 110 255 255 4
    255 255 255 73 255 255 255 255 255 255 153 4 142 54 20 140 255 255
    255 78 96 255 255 156 245 255 24 255 221 255 202 141 154 255 255 206
    113 145 255 255 70 56 160 255 255 77 86 6 55 255 122 136 237 255 30
    255 255 0 117 255 255 199 144 255 255 48 255 255 108 18 255 114 105
    159 22 251 46 255 61 201 255 255 255 206 194 255 255 255 255 255 255
    255 200 156 255 255 255 255 255 166 237 255 216 255 255 239 255 28
    36 255 255 123 74 106 140 255 241 2 187 78 255 255 128 255 155 160
    87 255 38 255 239 255 255 255 255 255 255 138 16 151 255 251 74 255
    255 179 255 255 255 104 255 255 10 16 96 255 255 153 130 255 193 255
    255 255 255 95 255 255 38 255 255 255 205 255 255 66 255 81 151 36
    255 70 80 255 255 218 255 111 255 125 4 255 255 193 38 249 139 220
    255 18 255 255 255 255 61 255 184 81 255 84 243 183 46 255 255 94
    115 255 174 255 255 158 73 255 18 115 253 154 255 0 174 255 255 255
    255 40 255 103 209 255 188 255 255 127 255 126 255 78 255 255 74 56
    204 255 196 255 227 255 249 165 255 255 255 38 255 16 20 22 255 255
    180 199 255 40 255 170 255 131 220 44 239 255 255 72 200 57 255 86
    109 255 255 255 70 255 255 96 184 255 255 154 156 255 255 255 255
    102 255 201 255 255 255 255 113 255 255 34 191 255 73 131 56 255 255
    88 49 213 255 22 255 255 255 255 249 22 255 26 255 255 50 255 68 255
    69 255 255 255 135 255 85 173 86 59 255 255 233 255 255 255 255 4 57
    169 255 255 255 46 140 255 255 103 20 178 253 78 150 140 10 255 26
    255 255 79 255 56 255 255 204 255 255 255 32 82 86 32 255 84 154 255
    255 255 255 210 255 255 255 105 255 255 247 255 255 255 255 255 144
    255 82 255 8 243 255 255 255 255 139 68 150 56 255 255 102 255 59
    129 86 245 255 255 255 255 210 255 155 68 220 111 98 255 255 255 255
    255 255 38 255 80 255 64 200 255 125 78 255 255 235 0 237 239 255
    255 34 152 255 255 255 227 255 129 20 90 158 255 114 109 255 98 255
    255 255 34 26 255 154 255 255 255 255 18 255 127 255 182 255 26 150
    52 255 255 255 255 255 255 255 255 76 156 152 72 16 255 54 82 45 235
    233 22 231 220 198 62 134 208 24 255 239 44 62 255 255 255 170 147
    255 255 141 78 63 255 255 222 4 235 2 143 255 255 255 255 233 255
    255 251 255 158 255 42 170 255 175 255 255 90 114 253 255 255 91 255
    70 255 163 42 184 203 190 255 255 114 245 255 255 255 255 255 184
    255 54 255 201 210 176 245 255 255 255 255 255 255 226 255 38 108
    188 88 255 6 255 72 255 255 255 255 255 255 184 255 170 208 255 255
    117 167 255 255 171 255 255 12 46 69 255 118 93 255 255 247 255 255
    255 203 8 255 70 142 174 255 40 255 100 255 255 255 108 255 217 255
    255 255 190 255 255 208 255 255 118 73 255 118 255 20 255 204 207
    255 255 255 255 255 88 182 4 121 166 255 163 255 182 233 76 95 68
    208 184 205 74 198 255 255 255 26 255 190 255 90 255 255 241 255 255
    255 208 255 132 255 255 255 194 155 122 255 241 150 83 92 110 255
    247 255 255 64 12 81 233 255 255 185 216 218 159 2 148 115 138 255
    255 255 255 255 44 255 50 80 73 159 224 255 255 178 255 255 136 10
    255 116 123 255 202 134 255 166 182 255 255 140 255 255 255 215 20
    24 255 255 156 255 255 111 157 255 93 127 192 255 109 28 245 187 78
    255 255 255 47 255 255 255 16 160 53 255 74 4 147 52 243 255 68 115
    10 164 255 171 255 99 255 122 184 255 158 101 255 249 6 255 118 105
    98 255 101 255 255 255 255 235 136 255 255 168 169 255 255 255 0 91
    255 168 255 84 188 255 119 255 255 129 255 255 187 255 255 255 68
    255 197 90 255 4 255 255 255 82 192 92 255 47 255 255 255 255 110
    152 255 66 255 255 212 251 161 255 255 249 255 255 255 255 14 251
    108 255 255 48 255 215 90 255 255 255 255 131 255 255 24 255 255 255
    255 214 255 255 8 255 255 255 8 176 216 181 255 251 24 255 178 255
    112 255 78 210 255 54 255 255 255 255 255 255 34 204 40 220 255 255
    166 255 255 255 20 255 96 243 255 70 134 121 255 20 255 216 255 255
    60 51 255 100 79 205 94 255 119 255 243 255 255 83 255 255 133 143
    255 255 14 255 255 255 96 14 199 255 255 115 132 255 249 255 255 255
    152 144 203 255 255 255 226 255 255 255 229 14 120 36 191 255 255 16
    255 26 189 164 142 193 150 255 78 58 255 28 255 127 255 255 176 255
    214 255 54 229 255 255 104 255 28 255 255 247 255 200 94 102 255 255
    229 162 221 255 255 12 182 255 161 26 20 255 255 255 171 255 255 96
    28 180 145 10 255 255 255 172 159 122 255 255 255 255 104 247 255
    193 255 134 133 255 87 207 255 255 201 255 255 42 255 180 255 255
    255 18 255 255 72 255 154 255 255 255 255 255 12 106 255 255 169 208
    255 255 114 218 255 255 255 247 8 255 255 255 101 213 255 255 84 255
    225 255 255 71 123 255 255 255 255 255 243 104 233 68 86 255 209 255
    255 255 255 131 255 22 255 255 255 255 255 152 170 255 10 255 255 14
    255 255 255 255 255 255 255 70 255 255 255 255 231 64 108 255 255 6
    255 255 160 255 255 255 144 255 148 255 24 255 142 255 255 218 191
    120 172 225 255 255 255 220 182 255 255 255 191 198 255 255 80 180
    227 249 142 255 255 255 255 255 255 255 255 16 255 76 176 255 54 255
    255 255 251 231 138 115 255 154 255 213 84 245 255 255 255 255 255
    255 255 255 255 255 150 255 121 218 158 255 118 255 241 247 243 86
    255 18 121 10 255 255 255 115 10 255 192 255 36 81 24 255 255 255 34
    220 255 102 160 255 255 255 203 255 255 169 212 138 255 226 255 119
    255 255 255 255 176 255 255 255 255 255 255 255 44 255 255 255 247
    255 255 255 195 251 255 255 255 164 255 144 99 26 255 255 255 255
    113 32 255 255 255 255 255 8 154 255 72 124 255 255 255 255 117 255
    255 255 255 255 10 54 255 16 255 255 255 255 255 255 142 255 255 255
    255 255 255 255 125 255 255 187 255 178 255 72 255 255 255 85 255 64
    255 255 251 255 255 255 255 255 247 225 255 255 105 221 255 255 223
    255 227 175 255 255 102 58 218 70 255 113 221 249 214 177 255 255
    255 28 255 255 241 38 167 255 196 239 154 160 153 54 255 28 74 255
    255 255 49 64 255 204 143 146 255 255 162 249 221 255 255 255 255
    245 255 255 14 255 255 255 255 104 255 255 255 255 209 255 255 26
    154 255 255 52 255 4 4 255 60 58 255 255 220 255 141 22 176 255 255
    255 255 237 87 255 132 255 255 204 49 255 255 115 255 255 255 28 255
    115 255 255 255 123 166 255 84 255 20 255 216 206 255 2 202 255 255
    97 255 255 255 255 80 255 255 190 255 70 255 202 155 122 91 86 200
    255 111 255 190 133 255 16 255 100 107 255 255 255 111 255 255 255
    255 255 98 255 255 229 255 251 167 255 255 255 255 65 171 255 255 28
    68 255 255 255 235 255 255 255 106 255 255 165 255 255 255 192 255
    185 255 44 255 255 233 255 12 255 255 112 255 255 2 255 255 255 57
    78 184 255 255 255 255 187 233 255 72 54 134 183 102 107 129 255 178
    213 255 255 211 255 49 255 255 117 255 128 101 36 136 237 255 255
    138 78 198 245 237 4 28 227 92 255 80 114 186 92 116 255 149 255 255
    249 255 101 255 255 255 255 56 255 255 8 208 18 255 255 50 255 225
    255 180 237 159 255 99 111 42 174 255 255 255 255 255 140 255 32 176
    255 170 73 255 216 255 243 206 222 249 144 255 104 255 255 255 255
    255 98 255 255 153 255 249 255 255 255 255 255 53 255 200 85 255 255
    223 129 255 53 255 255 133 247 255 162 201 176 255 255 124 255 123
    194 131 255 255 255 255 34 255 255 249 255 255 4 152 231 253 227 255
    231 255 255 68 255 255 255 53 54 96 176 24 58 255 255 36 233 255 255
    231 167 255 81 255 255 245 255 255 255 8 28 216 22 138 255 255 255
    255 195 6 97 197 192 131 255 54 38 255 253 26 225 255 53 255 255 255
    44 255 255 255 255 255 255 255 220 80 96 44 191 0 239 255 162 255
    255 144 223 255 243 229 255 255 255 255 255 243 255 255 255 175 235
    57 255 255 255 255 24 255 255 132 255 185 255 59 195 0 255 44 255
    109 119 255 255 255 188 75 195 255 16 255 255 180 255 112 47 117 255
    255 255 255 131 255 58 255 143 255 222 255 4 255 88 255 87 255 255
    178 255 255 55 255 255 255 255 214 255 221 255 176 255 154 255 255
    255 255 169 255 32 125 226 255 18 255 255 255 78 255 255 255 69 255
    22 129 255 66 42 255 255 255 255 249 194 44 186 162 255 255 53 70
    150 67 147 255 138 255 255 85 255 255 255 255 168 255 255 255 26 102
    255 222 219 255 77 255 255 255 255 255 164 201 106 113 4 132 131 255
    255 121 42 40 222 14 255 255 255 76 255 44 255 178 255 140 16 82 255
    71 255 251 101 255 130 255 255 122 255 255 255 247 255 255 243 255
    255 255 255 102 241 203 255 53 16 255 227 255 80 255 255 255 255 185
    255 255 102 255 255 255 255 12 255 255 131 16 255 255 2 26 210 207
    100 255 255 255 255 251 243 255 255 255 255 255 140 255 255 239 255
    255 255 131 255 196 255 255 255 8 255 237 255 121 4 4 123 255 229
    255 255 172 255 10 14 255 182 45 255 128 255 255 34 255 163 255 160
    255 102 67 229 255 255 159 16 255 20 76 107 255 255 105 255 255 172
    255 255 220 255 255 174 255 10 235 151 255 255 26 255 174 255 255
    125 211 255 255 123 38 255 223 255 255 213 255 255 255 148 138 187
    255 176 70 255 255 255 110 255 255 255 190 255 142 255 74 255 255 32
    122 255 255 255 174 233 255 63 12 255 255 255 216 255 38 220 148 255
    255 184 255 214 4 255 255 255 255 255 255 255 255 164 255 214 208
    255 196 243 255 76 255 4 214 255 209 162 20 255 0 255 255 249 255 38
    255 255 255 6 65 255 22 69 255 66 67 52 255 220 235 255 255 129 255
    253 255 214 133 255 152 180 143 76 255 255 255 255 255 164 237 255
    255 140 255 82 168 96 255 255 255 94 142 255 90 255 255 255 255 255
    255 255 54 255 156 237 255 26 255 255 255 161 90 255 255 255 125 66
    226 255 255 255 198 255 255 85 255 255 255 229 22 255 24 206 255 127
    204 255 165 214 162 199 255 255 119 184 140 255 170 38 84 255 255
    119 255 255 255 255 255 255 100 178 255 168 180 255 255 255 255 255
    214 30 148 255 62 255 255 255 0 206 28 255 89 255 255 255 255 162 57
    255 255 150 255 255 255 255 255 245 255 64 255 26 243 255 48 184 152
    255 206 79 255 100 49 255 255 63 255 76 255 255 22 22 117 10 255 46
    255 255 255 255 255 255 180 255 255 255 186 163 255 255 0 255 255
    211 106 255 255 198 255 149 198 97 201 134 255 221 255 255 255 255
    186 187 46 255 255 255 99 137 70 255 255 255 152 14 255 255 169 255
    162 255 110 83 117 235 255 255 182 148 239 253 255 255 90 255 56 178
    255 179 144 180 8 255 123 255 74 255 24 255 255 255 255 255 74 72
    105 249 255 101 255 30 99 255 247 255 151 255 255 255 255 129 255 68
    255 255 102 129 115 255 255 111 255 111 115 255 255 255 255 166 255
    255 255 255 255 81 199 255 55 40 162 53 255 174 255 90 249 255 255
    218 162 111 130 255 255 188 255 137 255 255 48 162 255 219 255 87
    255 255 255 64 144 0 165 255 184 255 255 111 255 36 81 255 64 113
    255 255 255 255 255 255 255 202 162 255 247 190 255 255 255 0 255 20
    255 255 255 255 28 45 4 88 255 2 255 162 255 255 125 195 255 255 219
    255 255 78 255 255 74 54 255 169 255 255 255 255 136 129 255 255 24
    12 255 213 255 255 255 124 255 113 255 255 179 255 202 127 255 255
    48 224 255 255 255 119 109 255 255 255 192 180 255 255 71 52 255 255
    255 255 255 255 255 255 84 255 255 26 96 255 255 114 255 255 92 51
    255 104 255 36 255 186 217 255 178 255 78 8 255 251 255 88 46 148
    163 226 71 137 18 255 255 200 231 255 255 212 18 255 255 255 255 125
    209 255 255 40 138 255 36 255 255 255 142 255 255 4 255 54 255 34 2
    38 255 255 140 255 255 255 229 255 255 255 189 66 255 255 130 255
    255 226 255 255 255 2 255 255 255 70 2 73 96 156 255 255 255 255 239
    255 255 42 52 255 215 255 136 255 255 51 255 98 164 115 255 255 60
    216 212 255 255 206 241 60 255 46 166 168 255 255 255 255 182 255
    125 231 42 203 46 255 251 255 255 255 255 127 255 118 255 255 255
    255 127 255 255 255 32 255 163 176 255 171 196 227 255 194 255 233
    174 255 255 44 222 255 204 225 255 142 127 189 255 255 169 182 26
    255 255 255 127 255 186 241 255 255 82 255 255 255 255 34 16 186 214
    255 24 255 94 255 77 88 255 255 181 255 255 255 255 255 255 255 225
    225 229 154 255 255 36 255 237 255 255 192 225 2 255 255 255 255 255
    255 255 2 121 38 255 255 198 93 255 22 198 255 64 255 255 116 255
    255 64 150 255 255 28 34 220 154 255 255 255 255 255 255 255 255 255
    175 255 255 255 22 172 131 170 127 255 202 245 255 255 255 255 255
    162 255 130 255 42 82 133 255 162 255 119 255 255 255 206 99 173 92
    255 255 255 61 255 255 255 18 241 18 255 152 255 231 255 4 159 2 255
    255 255 255 255 255 255 255 68 121 62 90 235 255 202 200 8 241 255
    143 255 255 255 255 138 143 255 255 255 84 255 235 247 22 255 255 59
    58 140 42 88 122 255 255 210 255 255 142 22 255 255 178 42 255 44 12
    255 154 255 78 255 2 192 202 4 255 32 255 255 255 90 255 154 255 206
    255 255 255 4 86 255 160 86 182 255 123 231 255 96 255 24 255 160
    255 255 255 16 255 237 255 255 255 255 255 120 83 4 255 255 255 255
    91 239 255 255 18 166 6 255 255 51 231 229 255 255 255 89 253 0 255
    187 76 255 255 255 255 255 62 206 82 255 255 255 10 255 255 255 138
    135 50 200 54 72 255 255 255 180 255 255 255 115 102 255 0 172 113
    243 255 77 255 255 255 249 226 49 255 255 255 40 255 227 187 120 255
    255 255 152 255 110 255 211 237 255 255 255 255 82 202 129 8 26 255
    255 255 125 255 78 71 255 80 45 90 10 158 255 218 255 255 34 77 255
    255 75 169 18 194 255 186 180 255 140 172 8 26 40 211 98 71 223 136
    55 255 148 216 255 249 255 155 84 255 143 255 154 68 255 170 255 255
    12 255 136 186 255 136 164 249 106 255 255 255 156 20 255 255 219
    255 198 76 255 255 255 255 160 20 255 93 74 245 255 10 255 20 167
    255 255 223 224 255 255 152 136 52 84 253 255 98 255 255 255 255 255
    255 38 62 255 255 255 255 20 255 255 186 255 255 142 255 216 255 169
    220 255 68 255 255 255 22 255 255 255 28 255 255 255 147 28 249 255
    255 255 193 255 184 78 255 255 253 222 63 255 255 20 255 144 255 167
    255 200 181 94 255 131 255 174 175 255 38 30 50 6 74 255 123 255 212
    255 255 255 55 255 162 97 255 30 77 255 255 97 179 100 255 86 34 99
    255 255 255 113 255 255 241 212 93 255 255 30 255 255 198 239 184
    166 255 255 255 38 184 220 255 50 2 189 28 255 38 255 255 255 82 182
    255 255 57 255 255 227 86 255 210 104 118 138 237 255 255 0 66 255
    255 194 255 82 22 182 255 255 144 255 216 176 243 255 10 255 76 255
    255 255 243 189 255 81 255 255 255 255 255 255 217 192 255 189 255
    255 183 255 57 255 58 18 255 255 4 171 255 255 0 22 255 6 255 45 255
    255 255 255 237 34 80 255 172 255 255 142 255 255 168 26 255 255 255
    255 40 227 255 255 32 112 255 26 92 255 255 130 255 255 255 255 56
    255 49 127 126 255 255 180 131 46 255 14 4 218 255 255 132 255 205
    255 158 255 255 255 255 184 255 255 255 227 54 241 255 255 132 255
    255 196 144 249 235 170 127 32 174 255 239 95 36 90 255 80 255 255
    255 255 255 191 255 36 98 255 85 255 255 93 255 162 129 255 255 255
    255 255 192 255 255 95 255 142 255 255 255 144 255 56 255 255 255
    206 199 162 255 255 255 255 106 255 223 42 204 255 255 122 225 255
    255 174 185 20 220 255 6 67 255 54 89 54 110 127 70 160 255 104 50
    255 255 86 255 115 64 255 255 20 255 104 90 144 241 8 255 185 114
    249 88 46 115 195 237 255 235 34 4 255 255 255 165 126 255 255 255
    79 255 255 255 255 255 255 255 255 24 255 36 255 255 204 150 4 212
    255 48 70 107 255 128 255 255 255 255 255 144 255 58 255 30 2 156
    225 191 42 103 255 78 223 255 86 101 255 255 255 147 78 115 155 174
    57 255 255 255 127 255 142 40 255 255 255 255 129 155 227 152 255
    255 249 10 70 255 2 76 136 255 170 134 255 174 55 10 255 255 255 255
    105 173 255 255 255 24 231 92 82 16 92 253 255 48 202 255 255 216
    150 255 86 255 255 255 255 181 206 47 56 255 255 255 255 184 255 138
    107 255 226 255 255 14 255 213 136 255 191 56 160 8 198 216 137 186
    255 102 255 255 255 255 255 255 255 18 255 255 192 255 255 255 255
    20 119 255 112 12 255 216 255 255 255 42 255 36 255 76 34 51 255 70
    4 255 86 255 255 94 255 197 255 255 255 255 255 113 160 249 199 255
    255 98 247 107 255 255 255 255 255 119 255 8 53 127 255 255 253 255
    67 255 255 198 255 64 255 255 132 45 255 255 101 255 255 255 18 255
    255 247 255 255 255 255 170 255 255 212 255 58 101 56 255 198 12 255
    255 2 150 255 129 150 18 52 164 255 255 255 233 153 122 208 157 255
    241 255 255 220 255 192 36 255 245 164 205 255 113 229 255 218 109
    76 172 255 66 55 4 16 255 255 150 255 255 255 196 50 255 206 255 44
    255 255 170 204 255 255 255 10 156 255 12 96 255 255 198 166 233 255
    255 255 255 194 255 255 255 223 142 255 255 255 255 255 88 255 255
    255 99 0 243 255 255 54 255 235 52 42 255 255 255 211 164 162 72 255
    255 255 62 36 255 226 44 255 255 255 255 208 255 100 206 255 123 255
    255 255 255 255 199 255 127 255 208 255 255 255 255 255 255 255 255
    14 131 255 196 255 2 255 162 255 255 255 255 224 65 42 106 255 255
    124 255 255 78 16 255 255 255 255 233 255 255 174 28 255 98 255 255
    182 69 255 132 255 111 255 255 255 8 255 12 255 255 255 186 255 0
    136 255 70 255 134 199 112 255 255 255 255 177 255 180 149 255 255
    34 255 87 255 50 255 243 28 255 255 255 20 255 0 255 255 82 32 255
    255 255 255 156 198 255 166 255 255 255 91 106 255 243 255 130 210
    197 255 176 100 20 255 255 245 255 34 128 255 88 255 255 255 255 57
    88 247 111 60 126 247 255 162 174 235 54 255 255 255 255 94 80 255
    255 255 4 239 255 255 40 237 255 255 255 4 247 166 115 255 255 255
    151 255 198 213 226 255 255 255 255 205 255 198 82 255 172 255 132
    255 16 120 255 255 231 119 62 0 255 127 255 26 255 152 255 70 90 184
    189 245 75 94 172 255 255 253 255 255 255 255 255 255 255 255 255 73
    255 255 200 255 114 156 255 255 255 255 255 255 62 255 210 54 46 14
    255 255 206 94 255 134 255 42 26 255 255 255 18 222 144 255 255 255
    255 44 20 255 194 255 22 152 93 143 255 255 187 96 255 76 54 255 255
    226 255 147 255 241 76 146 255 247 255 255 255 255 255 255 74 255
    255 255 158 255 255 255 100 235 255 66 20 255 255 255 255 207 12 255
    201 162 255 255 198 247 133 156 28 255 62 20 255 208 255 129 255 196
    255 144 255 76 128 47 135 148 255 227 46 255 255 50 32 255 255 255
    52 84 255 147 20 255 255 192 255 213 190 214 40 255 162 255 255 255
    119 146 255 255 255 255 255 92 255 211 255 255 255 212 255 255 255
    168 255 136 255 255 30 140 223 255 220 255 233 73 26 92 208 255 255
    206 227 255 113 16 255 255 22 249 220 48 255 255 177 190 117 255 36
    255 66 239 133 255 255 255 179 148 216 255 255 255 239 255 214 58
    130 255 22 247 253 119 34 208 255 58 239 255 178 245 255 255 85 223
    255 36 255 255 255 255 255 255 255 156 79 54 30 138 195 142 233 159
    255 140 16 255 89 255 10 154 161 255 255 82 196 247 145 16 51 255 80
    156 255 70 69 255 100 255 255 255 233 255 255 158 161 255 255 205
    255 241 143 170 109 255 255 119 255 237 255 255 229 253 255 255 255
    199 255 255 217 104 136 113 255 218 255 98 255 255 142 235 117 170
    152 153 255 255 255 253 109 127 255 18 74 255 208 255 255 121 119
    186 125 255 255 51 255 255 170 255 255 146 106 255 255 151 255 117
    125 255 255 68 255 24 255 220 255 255 255 156 221 255 255 173 34 14
    219 255 255 255 243 109 255 255 67 30 255 134 223 216 255 255 34 255
    2 255 6 169 40 168 255 8 255 161 128 255 60 255 255 255 255 255 255
    224 255 28 251 255 245 255 255 255 255 255 255 38 255 255 210 255 68
    255 255 16 233 255 255 255 255 100 0 134 255 110 227 68 138 24 56
    124 109 159 116 134 255 255 255 115 68 20 92 122 255 171 6 255 149
    10 30 157 227 255 161 255 239 191 222 255 255 255 103 237 98 109 255
    164 222 227 253 255 255 239 255 255 243 125 255 216 134 54 255 229
    245 255 71 94 255 255 255 136 255 245 56 255 255 212 255 255 255 10
    90 104 255 255 144 109 215 255 255 106 96 237 4 64 255 255 245 245
    80 233 255 175 255 255 119 255 67 255 255 150 127 255 131 255 255
    178 12 88 69 26 4 113 255 52 235 167 10 255 6 255 255 86 243 131 177
    28 227 255 255 204 82 114 202 255 255 255 255 190 255 255 255 121
    175 255 154 185 255 255 191 255 200 255 56 255 255 255 51 255 255 65
    143 255 160 255 255 255 255 126 152 38 255 218 106 255 255 201 251
    255 255 4 255 249 247 255 135 255 255 239 44 255 255 255 255 255 198
    255 255 255 255 249 255 218 42 255 200 161 24 255 203 194 28 255 158
    255 145 2 255 203 255 255 253 255 182 255 28 255 255 255 255 139 255
    83 199 126 255 62 237 2 175 122 0 155 140 255 255 245 2 219 144 154
    30 255 24 169 150 255 255 255 93 255 104 241 12 140 223 147 158 107
    249 92 107 255 255 12 141 255 255 255 62 233 255 138 255 255 76 255
    151 255 180 191 255 255 255 255 255 255 255 255 255 102 255 203 36
    255 169 255 216 127 0 119 92 255 55 255 255 255 76 255 131 50 255 30
    255 126 255 255 164 18 255 255 237 106 255 255 255 64 247 255 255
    255 255 18 255 30 255 111 255 255 255 22 255 255 241 255 255 255 255
    255 255 74 0 255 56 255 255 241 255 255 233 180 255 255 176 255 251
    180 255 255 8 255 190 216 76 32 255 149 255 6 255 255 255 131 255 75
    229 128 216 255 32 255 255 255 255 123 255 10 189 202 255 255 255
    255 255 255 255 255 62 255 213 255 255 255 255 196 171 255 255 179
    255 255 255 76 255 255 255 255 193 56 6 106 251 255 125 255 255 255
    92 255 255 255 8 82 212 225 255 54 245 133 48 75 255 249 65 237 255
    47 66 255 255 189 0 255 255 255 51 255 176 255 255 44 170 235 98 255
    4 255 255 255 255 51 255 255 255 255 154 103 255 255 255 255 253 255
    183 255 255 255 206 255 255 255 247 233 255 101 141 239 255 141 144
    255 255 255 119 117 255 255 255 178 200 255 255 255 123 255 255 255
    255 40 255 90 255 255 8 255 111 48 255 213 255 255 255 224 255 255
    255 255 127 255 30 255 255 150 255 229 255 255 166 138 255 255 81
    255 255 255 10 255 190 177 190 225 255 102 202 255 18 255 255 36 129
    197 164 49 86 255 241 34 255 214 123 255 255 20 150 255 145 204 255
    18 255 160 255 255 255 255 124 210 60 160 156 38 82 255 251 255 103
    255 48 113 255 233 255 213 255 222 255 255 214 255 255 255 255 255
    255 255 255 255 80 202 255 255 255 168 175 212 255 255 34 255 255
    158 103 255 255 150 255 255 49 255 255 87 46 100 255 26 255 255 115
    255 255 255 255 255 173 249 255 255 220 255 255 255 206 255 255 255
    64 164 117 255 255 255 255 158 255 255 176 255 155 255 255 191 62
    208 195 255 255 255 90 255 255 28 255 255 255 77 4 214 172 239 255
    255 32 255 75 215 255 67 255 176 255 34 2 136 16 255 26 255 255 176
    72 76 42 32 214 245 167 208 255 255 154 255 255 255 180 255 255 255
    8 255 237 255 255 172 187 150 125 255 255 121 255 202 142 255 255
    255 123 200 36 233 255 255 195 12 103 215 255 255 179 255 53 255 255
    51 42 208 249 255 222 214 84 255 95 255 255 255 253 20 53 255 255 65
    50 255 4 0 132 99 255 255 194 141 255 65 255 255 255 255 212 227 255
    255 255 70 255 206 255 255 63 255 255 255 255 56 255 88 212 255 255
    36 176 98 255 158 255 255 158 127 255 186 44 255 255 155 255 249 255
    229 152 255 106 255 215 186 235 56 255 255 255 255 164 6 104 255 255
    255 255 78 20 255 255 196 127 193 255 255 255 122 255 22 255 14 255
    255 178 253 168 255 255 255 255 255 249 138 255 255 255 109 235 255
    241 255 255 255 42 89 255 255 255 255 124 127 125 255 255 255 132
    204 0 255 255 255 94 129 40 255 216 253 255 111 255 249 255 22 66 0
    255 40 245 255 76 255 255 50 36 191 194 218 173 255 40 255 62 16 131
    116 210 255 216 164 255 255 255 255 255 255 255 130 57 129 138 255
    255 255 255 255 112 36 255 255 75 111 255 245 52 255 255 255 198 174
    255 12 42 34 22 255 153 255 255 109 24 255 255 255 255 117 255 208
    40 30 184 239 2 255 255 68 255 255 32 255 36 184 255 66 255 255 36
    38 255 58 249 255 213 166 127 255 255 255 217 255 255 181 255 235 36
    255 255 255 237 140 255 182 65 141 255 184 193 255 129 255 184 220
    213 255 109 86 10 255 255 162 186 233 255 109 255 255 194 255 255
    255 255 14 255 255 206 12 255 255 186 104 218 255 169 32 255 255 255
    255 58 255 227 255 255 231 255 229 182 68 86 255 255 255 255 221 255
    61 104 255 255 255 164 168 255 251 2 177 255 255 169 255 231 255 255
    192 255 231 83 213 255 40 255 255 247 255 255 255 197 255 85 54 255
    255 34 255 243 251 255 255 247 255 255 255 134 255 255 255 255 255
    245 8 255 255 255 106 56 214 255 255 255 255 255 16 255 255 255 203
    124 166 129 233 40 155 80 255 255 48 2 255 255 10 223 255 127 255
    255 255 255 255 231 159 255 231 111 140 202 249 255 255 255 212 188
    117 102 255 205 255 218 0 172 255 255 255 53 255 255 255 255 128 249
    68 255 255 62 52 255 36 255 255 255 255 255 22 166 28 255 255 255
    255 212 214 255 255 255 255 255 20 151 255 28 255 220 255 255 170
    255 255 255 255 131 255 255 255 255 91 255 255 140 239 255 206 255
    255 8 104 152 133 255 140 255 255 255 255 255 178 255 82 66 233 40
    255 136 12 112 140 28 255 172 255 255 255 195 255 38 255 128 103 205
    190 255 195 255 255 50 255 154 72 82 202 255 192 255 151 255 190 255
    84 206 255 255 113 113 46 99 62 140 105 255 255 255 205 112 255 255
    255 255 205 255 255 104 253 255 255 8 255 255 255 255 255 160 255
    163 204 227 185 170 16 86 255 255 255 239 255 255 40 95 255 255 8
    255 255 255 255 100 127 255 102 103 255 255 255 68 255 63 255 255 6
    255 226 255 219 255 255 255 66 255 139 200 16 255 52 77 255 218 255
    255 249 208 255 255 255 241 176 255 149 94 255 255 102 196 255 255
    255 255 126 123 255 255 255 255 36 204 255 255 255 255 255 255 16
    218 255 255 42 87 255 218 164 205 46 255 255 206 172 185 255 255 255
    68 61 46 32 255 255 182 255 255 255 255 143 255 227 255 255 255 255
    106 255 255 255 255 255 255 255 255 6 142 209 255 255 113 104 255
    255 255 218 165 148 255 239 30 255 211 158 220 119 255 255 102 114
    255 195 255 255 255 255 255 255 255 99 219 136 255 255 235 53 255
    206 53 255 104 255 223 106 255 255 176 95 173 255 101 251 74 146 255
    222 186 211 86 255 12 28 255 255 255 71 255 253 109 255 255 255 255
    14 255 255 255 101 4 253 255 209 202 255 109 255 2 255 80 255 255
    255 255 183 255 255 255 138 172 255 255 255 251 72 255 171 70 255
    255 255 255 255 102 255 115 68 255 32 255 180 255 255 255 255 239
    121 217 255 255 143 98 255 16 255 255 189 255 184 255 255 174 255
    255 255 179 174 255 255 255 174 219 2 119 255 255 255 255 255 4 255
    255 255 209 116 2 255 255 255 64 255 255 32 138 255 50 86 255 255
    255 255 251 54 255 165 18 95 40 66 182 20 255 255 255 255 255 203
    255 176 255 106 255 255 38 89 117 86 166 255 255 255 255 255 16 255
    40 190 203 204 218 74 255 63 255 255 83 255 255 24 117 114 71 54 170
    184 115 198 87 169 255 239 255 226 158 26 255 166 46 255 255 255 255
    255 255 136 255 255 174 2 255 255 51 139 255 146 255 60 255 255 255
    152 90 255 255 255 90 255 255 255 255 255 84 255 255 255 255 255 144
    53 255 82 255 32 255 144 40 4 255 255 255 255 255 255 255 229 255
    255 255 46 255 255 255 89 255 255 243 94 134 164 255 30 255 255 255
    255 255 28 255 255 255 245 255 255 255 58 255 231 171 22 51 255 255
    255 255 10 255 54 255 156 119 70 121 255 255 255 255 255 255 255 255
    255 151 184 255 251 92 121 191 54 32 255 255 255 255 255 255 145 255
    142 237 255 150 211 255 255 82 255 255 255 255 255 255 48 89 255 255
    255 48 146 186 255 255 214 30 255 57 255 255 75 113 218 255 255 249
    65 32 0 255 255 255 121 255 255 255 44 144 255 255 126 255 255 255
    255 223 255 255 255 255 255 241 255 255 255 255 255 255 190 255 255
    255 255 255 255 255 78 255 255 185 128 255 179 12 4 255 94 67 24 255
    136 70 255 255 255 30 255 255 12 164 223 255 57 255 96 158 217 255
    133 255 255 53 255 124 115 231 255 255 26 184 255 255 136 255 255
    255 136 12 255 146 175 255 99 255 126 255 0 255 255 60 255 10 171
    255 245 255 102 255 255 140 255 255 146 255 161 220 184 179 255 127
    255 255 40 255 202 255 203 255 255 203 4 188 255 174 170 255 88 255
    255 255 168 255 255 255 255 255 255 255 212 255 227 158 117 167 122
    69 255 255 255 255 255 255 54 60 38 255 255 255 255 255 255 255 255
    255 86 40 255 255 2 69 2 255 255 139 255 255 255 255 156 151 255 255
    94 22 255 255 206 168 191 255 255 255 70 51 255 255 255 255 255 28
    255 237 225 255 255 103 209 80 188 96 255 255 163 255 255 38 170 255
    255 255 255 255 184 255 181 52 255 255 90 53 255 30 255 76 152 255
    32 220 255 255 255 255 241 251 255 255 14 212 255 255 255 255 255
    255 255 226 16 255 255 178 255 255 255 90 212 12 255 255 255 255 255
    255 211 255 255 255 255 255 183 255 158 255 255 255 255 255 105 255
    172 249 255 255 113 8 255 26 255 243 182 10 56 255 227 255 10 255
    255 255 217 216 255 70 255 55 169 106 255 255 237 255 239 204 178
    197 255 255 255 255 255 255 162 53 255 46 255 207 255 255 255 255 14
    155 12 255 255 255 180 121 218 255 155 128 255 231 235 190 255 255
    255 217 196 255 22 247 190 239 255 223 127 54 255 231 54 253 227 60
    180 231 255 101 189 96 255 255 40 255 60 229 255 70 255 255 255 12
    69 255 255 227 227 255 255 255 16 255 255 255 255 255 212 208 255
    255 255 104 8 208 195 255 255 255 255 241 179 176 255 42 255 144 255
    255 2 235 255 180 255 40 255 255 88 105 255 42 212 255 208 255 135
    148 174 255 4 255 255 94 89 255 255 255 255 4 255 255 122 255 255
    255 255 255 168 255 64 255 222 82 255 57 211 38 20 163 255 125 215
    255 255 255 170 255 90 255 255 255 255 231 229 255 255 255 255 8 255
    114 44 255 255 255 255 208 71 62 42 255 251 255 229 255 255 255 80
    255 255 235 255 134 205 245 255 30 255 2 173 124 61 8 255 200 147
    255 34 211 80 255 255 24 255 255 190 20 0 24 255 169 180 255 255 255
    22 255 60 255 243 72 87 247 255 204 255 255 255 117 172 255 255 128
    255 255 255 255 167 156 255 255 255 53 123 255 235 255 255 192 123
    255 57 80 255 255 255 245 255 255 255 6 0 22 188 255 255 16 191 142
    255 157 76 255 255 255 255 255 36 255 104 255 222 98 22 255 255 255
    192 30 255 255 255 96 255 255 255 154 255 36 255 255 220 237 135 255
    255 255 255 255 187 208 255 135 255 255 249 255 255 111 255 255 165
    255 255 255 202 8 255 255 255 255 255 255 255 255 255 255 134 255
    255 255 14 255 255 73 253 255 255 255 255 255 255 164 2 255 255 138
    26 184 12 201 255 255 243 255 255 70 255 247 255 255 89 8 255 65 179
    74 192 147 208 79 255 255 255 38 255 194 137 233 255 255 255 34 70
    255 85 115 255 227 193 255 36 2 176 152 34 255 255 255 144 247 16 58
    247 58 255 253 255 255 83 255 108 255 121 241 255 221 239 178 255
    144 186 32 255 210 255 6 170 255 255 231 22 255 255 255 255 255 78
    255 255 203 94 10 119 255 255 225 255 170 255 255 216 139 255 255
    255 255 255 255 255 255 113 255 40 255 255 119 179 88 255 255 251
    255 72 255 255 125 122 255 18 255 255 255 255 255 255 255 255 157
    134 255 255 88 73 88 255 44 255 239 18 255 190 255 255 202 93 255
    255 255 255 255 55 255 255 255 255 255 194 36 150 45 255 255 125 131
    36 255 86 204 255 255 68 255 255 192 162 255 255 14 255 255 140 239
    208 241 255 84 255 255 255 255 255 70 255 117 102 255 135 255 105 98
    142 255 255 12 255 26 255 255 255 255 111 255 36 255 255 247 255 255
    18 142 255 255 255 255 132 91 111 255 93 115 255 6 185 255 227 255
    255 255 42 255 255 255 255 162 255 255 255 104 255 255 255 116 150
    145 255 255 177 140 200 255 227 140 153 255 255 255 86 36 127 255
    178 255 255 0 237 255 255 255 156 255 199 255 255 68 255 255 171 255
    164 255 255 255 255 255 91 205 20 255 100 180 255 191 112 138 137
    255 255 183 174 237 255 255 109 255 64 204 199 255 255 255 255 255
    255 206 61 255 184 222 6 255 239 117 255 255 255 120 239 30 255 255
    145 255 198 209 108 255 255 255 255 255 255 184 94 104 2 255 255 194
    255 90 255 80 255 233 255 80 255 255 30 255 255 255 247 255 255 255
    255 255 255 169 255 255 86 255 255 255 255 255 255 106 32 195 164 75
    191 208 255 255 255 53 147 251 83 255 255 142 235 54 255 255 74 218
    255 92 255 255 12 227 20 255 255 255 255 133 243 255 45 255 74 45
    255 255 255 255 255 255 241 255 34 66 218 255 213 255 255 179 72 34
    255 255 255 255 98 202 127 114 239 255 255 20 255 255 148 227 82 255
    149 112 176 255 255 255 241 202 166 197 132 174 255 255 255 38 255
    206 12 255 255 255 255 150 251 255 174 255 255 255 219 255 255 56
    206 255 255 100 255 24 255 30 133 130 107 255 216 55 255 255 67 195
    255 194 255 255 47 36 210 47 255 255 255 255 116 150 54 44 255 209
    82 81 255 255 241 217 255 255 255 229 218 255 255 255 255 255 212
    255 255 255 195 255 49 109 172 71 147 8 255 255 255 255 94 255 216
    129 255 158 255 146 208 133 255 255 255 251 140 255 245 69 255 160
    188 104 255 255 243 110 103 141 255 174 255 162 107 153 12 255 213
    255 245 255 251 253 255 255 255 255 255 227 255 54 144 255 255 255
    185 20 255 94 255 255 24 202 241 255 255 36 255 255 51 48 255 249
    255 10 255 255 255 136 255 255 255 239 68 255 255 255 243 255 166 45
    255 255 24 223 255 255 255 255 255 255 82 111 115 84 255 255 80 6
    255 255 255 255 198 231 255 255 77 255 235 255 255 255 107 255 255
    255 255 255 245 255 86 241 255 255 81 255 226 255 255 64 255 255 160
    255 54 50 26 64 255 164 255 241 87 225 255 255 255 20 255 16 255 255
    255 255 164 255 0 119 255 52 255 6 154 164 255 255 255 255 231 34
    255 255 255 255 255 255 153 235 142 187 84 255 217 114 83 255 255
    255 255 104 146 255 255 255 255 255 125 205 255 28 191 255 255 255
    174 198 255 98 255 18 255 119 92 168 255 151 255 125 255 255 255 255
    112 255 28 210 182 199 8 93 255 255 55 255 255 255 48 82 255 255 174
    2 255 194 218 203 56 220 4 255 22 111 160 255 255 110 117 46 96 255
    255 120 255 255 100 255 255 255 255 255 255 255 255 255 255 54 255
    255 255 255 127 255 255 255 20 255 255 255 56 255 251 255 204 255
    255 255 14 255 255 255 174 255 255 188 255 48 74 8 255 20 255 255
    255 194 255 255 255 255 255 255 113 255 109 239 255 255 255 122 255
    217 255 101 141 18 255 203 255 255 225 20 255 255 255 73 241 174 229
    255 255 71 255 255 38 255 120 164 70 255 255 8 241 55 255 100 255 32
    20 115 48 255 12 213 116 237 109 204 255 34 255 117 255 188 24 255
    255 109 255 124 255 90 12 255 255 58 45 161 138 176 145 116 206 203
    255 186 255 255 133 8 255 255 153 255 2 74 255 210 145 218 255 115
    62 55 4 255 83 209 255 71 243 20 133 255 255 255 48 58 255 255 152
    10 255 255 255 255 255 255 215 255 233 255 152 186 235 64 255 255
    255 214 255 255 255 255 134 255 255 255 253 255 38 239 171 44 255 24
    136 255 255 255 148 255 255 255 255 255 255 255 22 255 84 255 255 48
    255 123 90 255 55 255 255 212 183 255 255 255 40 255 8 138 123 137
    255 255 235 164 47 215 110 255 255 82 227 251 22 255 70 255 255 30
    255 36 255 58 239 255 249 51 255 255 186 137 255 255 255 110 8 30
    255 51 255 204 51 20 255 176 255 255 255 255 110 255 255 255 255 255
    82 255 255 174 67 255 126 144 205 255 239 229 255 10 255 92 65 247
    106 91 255 255 186 255 158 253 165 76 255 195 206 210 255 50 166 157
    255 255 111 255 255 223 255 223 255 255 255 255 104 79 255 255 113
    14 20 255 104 255 75 255 20 150 255 222 117 189 255 255 44 124 182
    255 255 200 68 196 57 255 235 186 255 255 212 163 255 255 255 255
    255 106 202 89 255 172 255 193 233 235 239 134 241 255 255 255 255
    255 115 86 32 255 255 255 97 255 253 255 245 0 255 161 255 255 6 255
    255 255 88 16 255 94 125 255 255 212 255 255 253 255 255 113 255 255
    255 129 16 227 255 255 255 235 16 255 111 255 255 22 255 255 141 255
    255 68 255 255 62 255 255 28 28 255 129 255 255 213 255 255 98 138
    255 255 255 71 255 255 156 82 220 255 227 255 255 241 88 255 58 255
    101 255 255 190 255 255 156 255 255 26 72 255 36 38 42 255 197 231
    255 34 249 131 255 255 255 241 255 255 125 255 117 8 255 255 255 255
    255 255 255 255 255 100 59 58 38 186 113 255 204 249 251 255 2 255
    255 199 172 255 255 116 255 255 249 255 211 255 255 251 14 28 255 16
    255 115 231 162 219 255 255 255 255 235 247 152 243 157 255 223 255
    90 255 203 40 255 8 255 158 255 100 255 255 255 255 255 140 255 233
    16 154 96 255 20 255 152 255 137 32 255 10 255 255 22 255 255 249
    245 51 201 255 188 165 80 160 255 255 95 255 255 220 8 255 55 255
    255 255 255 255 255 255 86 83 255 255 255 255 255 142 68 255 85 255
    255 142 155 255 255 255 172 255 255 255 146 175 198 81 185 255 255
    40 255 243 255 255 255 255 255 255 137 239 212 255 90 255 255 108
    142 98 128 28 255 255 152 239 134 40 255 226 119 255 255 255 191 255
    208 119 255 91 207 255 45 52 186 255 255 255 103 255 136 255 227 255
    255 8 255 255 12 255 255 255 80 255 86 72 255 133 255 255 255 255
    220 223 62 255 255 255 255 78 136 255 6 208 210 255 50 255 38 106 89
    255 255 93 34 190 8 90 98 150 255 251 253 157 136 255 255 58 103 211
    158 255 255 255 251 255 88 67 171 255 255 213 251 32 173 94 255 113
    212 255 56 26 255 239 144 255 145 255 162 255 24 227 255 182 222 255
    255 255 255 255 235 139 255 127 255 255 245 255 255 255 235 255 255
    255 255 255 255 90 81 255 255 251 255 56 85 255 172 233 255 255 198
    253 174 255 255 255 255 255 255 255 22 198 140 50 255 255 255 255 36
    155 255 109 161 216 140 141 36 255 255 255 200 137 255 218 251 124
    255 255 255 255 167 108 255 255 82 255 167 255 255 255 255 255 255
    255 18 255 255 255 255 255 251 255 206 51 255 255 138 16 255 180 133
    112 255 42 241 255 26 64 255 255 255 210 106 48 142 237 58 241 255
    104 44 58 255 255 151 210 241 255 233 255 255 255 255 18 58 255 121
    138 255 219 255 107 6 174 206 173 255 176 255 128 91 106 255 8 255
    255 255 56 255 235 22 255 208 117 255 166 18 255 255 70 235 180 255
    255 154 127 255 192 255 255 255 14 255 255 255 255 0 90 162 243 117
    255 22 255 255 255 255 218 20 255 255 255 18 24 164 255 255 214 255
    255 142 255 255 255 139 58 16 28 255 188 30 255 44 201 126 220 255
    255 223 233 26 255 181 16 115 6 255 131 219 239 156 255 166 255 225
    255 255 171 152 255 225 255 255 255 255 255 48 255 253 86 88 158 255
    218 255 225 255 255 255 58 255 22 255 255 255 88 255 72 255 255 255
    120 113 52 255 105 68 255 154 255 255 255 255 251 255 255 255 255
    255 24 255 68 68 47 249 255 255 38 231 255 255 255 2 165 255 20 117
    150 255 255 255 255 255 255 202 92 222 16 255 194 188 211 255 255 50
    255 4 165 255 255 255 150 44 72 64 255 255 255 18 253 255 210 50 132
    255 239 255 18 229 255 18 117 255 148 135 168 255 36 255 255 255 108
    97 76 186 255 255 255 194 157 52 208 255 46 79 187 255 255 139 255
    36 255 38 255 255 116 255 4 208 20 255 255 255 255 54 255 255 255
    255 255 136 255 229 222 255 185 10 214 98 255 255 255 255 255 189
    255 255 135 56 255 149 192 255 131 98 36 255 152 255 249 82 245 255
    100 255 127 255 220 255 255 85 255 255 255 255 255 172 66 255 216
    255 220 255 255 255 148 141 255 93 239 255 255 82 168 255 255 172
    198 82 0 255 44 241 255 255 255 134 255 255 45 255 227 255 255 247
    150 229 78 4 64 255 255 255 255 249 255 8 255 88 18 255 255 255 255
    74 32 255 129 114 138 255 255 26 187 255 198 62 255 255 255 255 255
    255 182 255 4 136 255 165 6 14 255 44 255 247 255 255 227 255 61 255
    255 255 129 255 255 255 255 73 72 255 2 44 255 255 255 255 212 177
    255 255 255 134 255 56 255 160 255 226 162 50 86 131 255 255 255 179
    255 36 255 50 44 255 56 134 159 255 255 225 180 192 20 255 136 30
    222 255 247 146 180 157 255 255 255 106 255 255 130 255 96 255 20
    255 255 222 255 255 190 187 255 255 255 140 192 229 255 192 255 253
    255 255 255 255 147 255 190 255 255 255 255 255 140 255 255 255 161
    200 255 255 126 81 255 2 255 255 124 255 26 255 67 255 255 180 147
    255 225 78 204 97 255 144 255 173 229 255 255 255 194 255 255 255
    255 64 255 209 255 255 255 78 255 255 255 255 10 255 91 249 255 188
    255 255 170 255 202 81 82 255 255 255 253 253 117 255 255 44 255 255
    255 255 255 255 231 255 102 62 190 255 255 255 76 62 255 66 255 255
    255 80 255 10 255 239 48 28 97 255 255 255 249 255 255 32 208 255
    245 255 255 173 255 172 159 156 10 255 255 166 255 130 26 2 255 255
    255 78 59 255 255 255 231 255 255 241 255 255 255 255 26 255 255 241
    255 255 18 127 255 65 94 102 231 255 182 255 255 251 255 255 255 222
    255 88 255 76 78 186 255 148 136 255 96 255 241 198 49 255 255 255
    104 255 255 66 104 255 255 255 255 255 148 255 255 231 255 255 148
    255 26 255 255 70 222 214 233 255 47 255 120 255 255 20 255 255 255
    249 131 218 255 8 255 255 6 243 243 171 224 255 2 255 16 167 90 158
    255 255 249 199 204 218 46 255 255 0 98 0 255 44 255 76 200 255 92
    96 255 22 220 255 211 255 89 255 136 220 247 255 255 227 218 255 80
    166 255 211 126 109 187 255 93 26 92 61 38 255 184 249 255 103 92
    255 57 255 104 119 255 128 162 52 66 255 106 255 162 179 255 255 255
    255 251 255 255 255 255 138 255 255 255 253 255 255 204 255 210 192
    4 253 255 2 255 123 211 100 255 255 114 255 255 4 255 76 255 255 253
    214 255 255 116 214 60 255 255 22 255 30 36 255 255 86 255 28 255 68
    255 16 255 8 26 62 255 123 64 227 251 255 20 255 54 30 255 255 255
    255 237 178 255 255 255 255 172 146 159 202 255 255 255 255 88 255
    134 255 255 255 255 255 255 255 86 231 70 2 125 179 44 255 68 245
    255 92 255 210 84 112 255 255 255 115 94 255 255 109 255 168 6 60
    154 147 255 255 255 255 255 149 116 255 245 104 182 177 74 255 255
    255 79 0 162 255 255 144 255 189 64 255 26 255 194 2 255 144 255 4
    10 255 140 255 213 233 255 255 38 105 231 30 69 255 255 233 58 42
    243 90 229 97 133 58 255 255 56 247 255 255 93 167 231 255 255 120
    123 255 255 20 255 255 129 255 255 220 255 255 255 171 255 178 205
    255 255 36 156 255 251 255 255 255 255 136 16 255 97 177 108 148 157
    26 255 255 255 255 217 255 255 255 255 255 157 255 16 207 210 255 8
    214 255 255 114 140 255 102 87 255 218 97 191 216 255 249 4 255 181
    255 255 119 188 255 255 184 255 255 255 255 255 160 255 255 255 255
    88 255 255 159 96 255 189 136 255 38 255 235 42 255 255 253 168 255
    255 255 255 100 206 150 50 255 255 255 255 255 255 255 81 255 255
    255 131 255 255 255 255 255 56 255 117 167 76 38 255 255 190 38 38
    255 255 226 255 171 255 255 255 108 255 255 255 162 255 255 158 255
    255 255 255 84 255 109 255 196 255 255 69 255 255 255 255 70 255 94
    255 127 223 235 65 219 255 255 161 64 63 255 106 255 255 255 97 14
    255 101 255 190 176 255 220 255 183 46 255 255 196 255 255 255 255
    255 8 24 131 255 140 32 126 255 255 255 255 255 12 97 129 255 44 255
    255 255 153 237 105 255 255 255 115 255 255 28 255 255 255 218 156
    201 44 255 255 255 255 127 26 220 255 255 164 255 255 241 215 255
    194 121 156 176 191 118 255 171 6 255 255 255 255 193 255 255 30 14
    241 247 106 119 131 110 255 255 255 6 255 255 208 143 124 255 159
    255 255 255 150 255 255 8 233 255 255 255 157 26 0 255 158 255 213
    255 198 255 255 103 255 226 85 117 255 255 255 255 255 255 239 129
    151 255 243 255 112 32 119 128 255 255 239 255 255 210 255 255 255
    87 255 255 255 36 196 255 255 186 133 14 245 87 62 104 255 185 255
    111 255 178 255 255 6 255 221 247 255 155 255 24 255 150 255 6 255
    255 201 26 109 255 52 255 115 239 255 183 255 255 255 140 156 225
    170 255 102 104 255 255 229 255 157 206 255 255 70 101 131 255 200
    207 237 255 98 255 105 255 255 196 135 152 255 255 255 152 255 110
    239 255 255 255 40 255 255 102 54 255 90 255 241 209 255 255 255 255
    30 153 255 129 195 184 255 161 255 255 255 233 255 193 255 77 255
    114 255 255 88 160 32 255 97 255 255 235 255 255 255 255 255 255 2 8
    255 183 255 198 229 220 93 221 12 255 96 255 255 255 255 28 213 52
    190 177 162 111 199 255 255 255 146 255 68 74 255 255 255 245 255
    174 255 60 146 255 255 255 255 159 112 255 255 18 255 78 255 202 255
    247 255 66 255 152 113 255 227 255 255 69 255 186 255 129 255 14 255
    176 131 255 12 245 139 22 255 255 255 255 255 255 255 255 255 239
    253 180 255 255 108 255 255 255 255 149 231 214 255 255 255 255 255
    255 255 255 121 255 255 255 255 168 227 255 255 71 255 255 115 255
    96 63 255 166 255 255 253 14 0 255 125 255 156 255 255 255 129 255
    224 53 255 255 255 255 227 156 255 28 255 255 100 255 255 114 190
    255 255 146 22 255 206 217 255 229 255 255 255 255 216 119 255 255
    255 255 68 75 255 251 44 255 255 255 255 255 255 255 172 113 86 156
    142 255 255 255 121 174 255 255 62 208 255 108 255 255 132 89 255 34
    255 68 255 241 255 84 91 98 255 40 125 255 255 229 255 40 20 255 255
    255 253 127 167 104 34 255 84 255 255 112 251 211 255 255 207 24 255
    88 255 255 4 208 255 255 255 255 255 220 237 255 152 255 255 108 255
    255 6 255 255 255 255 90 255 30 14 255 255 255 16 255 72 172 255 255
    255 83 255 255 49 80 30 162 54 2 140 255 192 245 215 255 255 70 255
    8 127 255 255 255 50 255 54 94 255 165 12 255 255 134 172 255 70 239
    255 198 255 165 78 255 255 10 255 255 8 243 255 34 44 217 255 255 54
    255 255 255 255 255 255 255 249 255 202 73 255 255 255 0 68 184 255
    255 255 44 255 255 255 38 32 175 0 255 233 255 255 26 114 255 145
    255 255 255 255 53 255 255 36 255 255 231 255 255 255 255 170 138
    255 255 255 115 150 36 147 126 93 255 249 53 12 255 255 255 255 44
    255 6 255 135 132 26 255 52 255 98 188 255 189 56 198 98 255 142 255
    255 28 235 255 113 255 255 255 72 214 111 28 255 255 163 56 218 243
    255 255 143 255 255 173 46 71 255 255 184 255 255 61 255 255 255 18
    255 194 255 255 229 255 132 164 255 168 255 255 200 32 104 62 255
    104 220 40 104 255 77 255 126 255 135 255 255 50 162 255 255 82 119
    255 255 212 255 255 24 255 154 255 147 134 136 255 255 111 40 255 63
    189 186 0 8 74 231 52 235 255 117 164 255 255 255 255 255 255 255 4
    255 164 255 184 255 58 255 255 255 255 255 181 86 115 255 255 255
    255 148 255 22 140 255 255 255 255 255 255 255 125 243 158 215 54
    255 233 36 255 141 182 49 255 255 146 193 255 255 255 54 255 147 255
    255 135 160 136 255 186 105 255 255 255 211 18 255 255 116 158 255
    255 81 4 206 57 255 114 255 54 255 87 135 255 44 255 255 144 227 106
    26 191 128 255 255 255 148 251 235 255 255 255 255 18 6 4 255 32 63
    255 255 4 255 255 123 255 255 2 175 255 255 221 255 95 255 204 255
    255 255 255 255 255 89 255 106 255 46 38 184 255 235 255 255 255 99
    32 255 247 255 255 129 255 255 255 197 255 255 137 255 255 255 255
    255 255 180 255 255 255 255 195 172 140 169 255 133 119 255 251 215
    245 182 143 194 255 237 32 255 255 102 65 255 156 255 201 255 4 255
    174 109 56 118 34 235 24 255 44 60 133 64 233 255 58 255 255 191 255
    160 76 241 255 117 34 255 171 178 255 143 212 51 143 72 75 253 255
    188 255 247 255 2 255 73 255 50 255 173 241 255 2 255 255 255 218
    134 187 255 115 255 255 77 8 255 255 141 255 255 255 255 194 233 255
    255 36 255 2 255 255 44 219 255 255 255 255 255 193 64 202 255 255
    255 163 204 176 157 255 255 213 108 255 255 255 255 255 66 255 24
    255 255 255 255 24 18 255 129 227 140 227 255 255 18 207 255 255 255
    44 93 255 255 73 255 30 190 153 255 255 255 200 255 255 136 87 255
    243 57 255 172 166 255 128 87 255 194 255 255 255 255 255 255 214
    255 255 255 179 138 83 255 255 255 255 56 255 147 0 255 255 255 170
    251 112 255 2 255 200 227 255 168 255 30 255 255 255 91 255 255 255
    104 110 117 255 255 10 255 132 255 255 255 255 253 36 154 255 210 24
    241 255 133 255 255 255 68 138 216 195 255 95 40 255 206 255 255 144
    227 255 255 48 255 103 255 255 255 66 255 255 123 255 255 82 255 168
    255 255 67 255 58 255 18 255 206 247 180 91 255 255 36 255 255 255
    255 76 255 94 255 255 44 255 255 14 44 53 255 106 222 253 62 65 161
    60 2 151 90 255 255 227 210 197 255 255 58 229 34 255 255 59 255 32
    255 113 164 123 255 94 75 24 122 251 119 194 255 255 164 131 235 52
    227 243 255 255 255 184 235 255 255 243 177 255 65 189 255 255 251
    255 10 255 255 42 255 216 255 149 255 255 255 118 34 255 255 176 255
    210 243 255 255 36 219 255 255 109 255 26 255 188 117 255 255 188
    169 38 229 143 88 255 219 88 255 123 255 6 255 38 190 32 78 255 129
    255 255 255 190 44 20 40 83 215 200 255 255 82 67 145 114 36 14 255
    255 255 152 255 255 255 255 46 255 255 72 255 47 84 138 255 6 188
    255 255 224 146 255 255 255 50 255 208 255 255 255 255 255 255 255
    255 133 255 224 255 165 62 255 255 255 239 255 158 28 70 255 255 207
    255 255 32 255 255 255 255 194 189 255 255 139 222 255 179 64 255
    255 255 148 255 182 6 255 255 255 82 255 255 255 204 255 86 40 180
    255 190 255 255 172 208 255 255 57 245 255 255 255 255 255 255 255
    220 215 255 83 255 204 255 255 255 255 255 146 255 251 208 28 255
    210 255 255 142 206 24 255 255 44 255 255 255 231 255 255 70 227 255
    76 220 255 32 174 245 118 255 141 162 212 100 255 255 255 118 255
    255 231 255 145 178 34 255 255 40 255 255 140 191 255 18 14 16 255
    96 255 49 255 64 255 255 10 255 223 255 202 255 255 255 139 255 255
    255 208 255 44 255 255 255 36 255 255 4 255 70 138 158 74 26 255 255
    148 255 119 255 255 255 134 57 82 86 255 255 188 91 181 218 210 209
    255 255 255 255 255 42 255 255 243 235 172 78 255 255 98 210 255 52
    172 255 127 210 255 173 255 194 8 208 251 177 118 105 48 255 255 119
    255 255 16 255 255 255 255 129 255 255 123 46 255 144 221 255 255
    255 116 202 255 255 255 255 16 255 255 255 85 255 255 255 131 166
    255 163 168 63 255 255 253 255 255 44 161 96 231 44 198 206 117 255
    99 231 255 255 40 32 255 255 255 255 255 255 255 32 120 2 255 214
    255 16 98 160 133 146 255</data></your_img>
</opencv_storage>
