<?xml version="1.0"?>
<opencv_storage>
<L2_diff>6.0740403357238256e+03</L2_diff>
<test_img type_id="opencv-matrix">
  <rows>100</rows>
  <cols>100</cols>
  <dt>"3u"</dt>
  <data>
    179 172 147 31 192 143 224 136 92 190 59 175 17 115 82 112 146 85
    212 184 235 124 60 65 214 56 188 9 128 186 65 183 37 137 161 130 48
    183 40 220 6 141 235 107 228 200 180 168 62 238 130 57 203 48 26 54
    51 125 158 31 163 97 159 242 227 54 194 42 138 103 243 27 231 36 249
    140 10 126 244 210 253 13 117 7 196 120 207 228 230 193 69 203 141
    41 49 80 40 15 206 187 240 138 132 206 108 92 22 186 84 233 116 17
    80 86 236 100 176 227 57 37 178 229 125 193 44 27 166 89 19 243 116
    200 160 244 45 159 15 92 40 243 117 84 58 229 193 217 134 143 101
    104 66 46 156 79 0 145 119 57 12 173 241 119 152 117 10 147 116 50
    154 110 233 94 171 76 183 147 253 194 237 137 105 154 50 249 222 30
    72 139 30 200 9 239 181 197 55 245 209 97 250 12 74 100 213 205 74
    78 234 250 48 93 61 37 116 80 144 145 81 171 104 207 238 220 109 194
    66 108 109 204 220 82 236 157 124 239 166 217 94 89 202 183 245 115
    168 79 12 207 240 212 19 164 172 82 246 195 92 149 7 129 29 143 185
    152 156 25 218 134 124 231 233 157 127 171 240 57 222 129 27 43 116
    107 29 144 201 96 13 253 240 177 42 36 84 97 238 43 41 154 177 93
    140 175 62 42 196 63 165 18 125 121 80 92 137 201 247 201 143 171
    217 96 240 13 228 121 156 52 71 64 224 125 183 148 27 112 77 253 175
    102 60 38 126 108 196 156 14 242 182 253 162 248 55 98 255 104 60
    145 153 65 246 70 191 54 122 234 16 34 195 49 115 248 27 45 196 136
    186 80 173 103 39 254 98 165 125 148 73 118 112 253 111 86 24 200
    166 0 117 253 158 87 181 224 166 160 161 125 237 200 49 156 68 47
    204 222 251 11 116 195 9 129 252 117 34 86 131 120 30 87 56 20 143
    19 35 137 171 166 187 87 80 147 217 47 181 51 59 24 214 163 64 23
    101 130 11 161 144 135 71 195 20 2 211 194 66 118 85 214 228 203 60
    51 108 255 44 96 134 83 204 213 244 124 133 25 113 30 232 141 48 134
    101 93 99 206 71 248 250 210 140 132 109 245 95 175 148 251 4 116 0
    114 248 104 212 1 76 172 120 186 163 88 210 251 29 146 110 155 48 12
    40 214 196 163 208 240 43 4 99 20 215 137 149 174 177 127 211 237
    201 135 127 162 156 207 148 179 227 55 17 101 22 152 74 242 86 39 38
    111 201 12 210 1 90 182 101 150 76 221 103 71 214 206 46 156 237 34
    185 175 146 8 132 61 21 168 205 172 106 211 218 56 111 68 246 54 254
    169 136 248 21 12 226 169 72 134 173 79 223 34 42 168 83 110 70 199
    115 221 233 54 204 177 80 62 76 253 92 58 45 227 183 111 154 207 180
    50 145 119 148 154 228 117 228 137 19 225 133 53 133 154 169 46 228
    106 3 124 99 52 212 133 60 89 43 143 23 102 190 242 102 83 105 15
    167 65 220 150 51 255 8 17 41 107 226 236 161 249 228 247 118 2 208
    135 177 237 128 154 8 223 54 95 20 246 47 41 47 20 74 115 246 159 52
    206 254 176 64 133 156 45 113 159 7 198 170 217 254 143 150 169 255
    46 38 44 30 76 223 186 45 127 90 157 190 245 0 190 197 180 106 237
    128 56 206 150 59 221 161 113 34 147 162 52 113 214 206 128 82 154
    219 117 173 1 88 110 229 227 242 203 234 9 250 61 151 173 245 3 4
    191 252 101 80 253 144 159 211 238 53 135 13 229 31 236 115 179 35 8
    150 216 16 150 163 17 57 5 99 51 175 22 5 223 36 54 222 252 233 47
    190 218 16 219 129 143 120 38 216 15 98 61 3 120 107 157 88 11 223
    97 12 144 104 183 54 147 166 11 88 87 148 27 141 178 134 59 76 9 193
    13 30 251 143 83 1 210 116 219 17 195 13 183 193 179 247 198 183 80
    50 118 56 38 40 249 125 40 191 92 46 130 127 140 242 5 149 191 76 33
    235 139 133 126 139 240 114 205 201 217 104 206 165 116 2 180 21 12
    248 79 17 139 22 12 90 26 100 47 118 170 248 71 27 0 161 106 58 41
    196 225 61 105 71 106 240 161 109 157 4 162 7 77 235 15 153 77 208
    247 169 22 60 156 232 100 2 147 63 142 182 215 173 163 51 158 240
    142 17 215 217 151 111 119 121 28 10 57 128 149 0 209 35 66 166 101
    50 111 91 61 68 233 114 241 157 45 238 97 204 153 183 42 169 225 208
    131 77 156 112 87 4 224 157 133 29 177 22 197 244 52 29 197 84 145
    200 37 7 67 218 236 9 251 206 19 161 95 15 54 21 106 105 162 40 139
    187 195 26 61 122 200 179 150 155 17 212 42 208 27 96 190 240 145 58
    28 159 193 101 227 236 199 90 5 206 244 114 0 35 127 12 77 252 249
    179 9 228 102 111 234 31 242 168 120 255 105 50 141 198 75 184 149
    115 84 38 29 45 97 164 183 71 140 87 92 105 166 56 118 68 200 243
    139 139 69 88 89 147 73 67 237 102 91 229 35 156 242 123 77 248 225
    220 236 49 254 46 211 208 129 226 87 164 82 6 70 232 214 201 185 196
    147 253 54 101 26 114 39 198 91 216 54 165 117 235 91 208 148 123
    166 153 28 179 195 245 57 38 204 16 251 248 26 41 147 184 101 135
    123 93 99 156 6 73 153 53 192 39 91 191 179 145 40 182 246 153 138
    202 54 141 34 103 186 209 167 56 120 33 114 77 20 81 223 220 64 164
    25 156 115 49 116 69 80 229 85 208 126 167 18 141 206 16 137 203 121
    82 89 48 123 49 136 183 99 0 156 90 82 174 148 144 6 21 68 211 161
    249 119 29 37 71 182 191 51 156 80 113 240 223 2 44 95 181 168 222
    98 129 201 197 48 133 240 69 83 242 130 197 132 226 18 169 139 167
    89 70 237 116 116 242 216 125 79 36 43 76 10 76 52 154 166 125 197
    239 172 242 176 14 206 174 152 65 94 140 129 62 247 252 21 101 177
    96 21 57 126 142 207 36 240 34 147 12 188 92 4 161 67 250 125 248
    209 199 84 135 190 50 252 167 55 25 119 39 92 42 214 184 153 97 168
    189 57 56 54 118 150 81 205 91 103 253 29 211 26 93 137 85 142 4 126
    92 163 87 147 90 147 112 115 87 241 104 13 131 182 200 55 238 197
    169 171 20 6 215 215 183 241 34 27 117 245 45 40 213 103 211 49 246
    229 202 191 127 64 182 12 222 173 76 155 236 88 49 158 154 121 253
    91 129 71 58 84 207 2 225 189 72 121 126 249 93 147 176 248 197 4
    182 77 31 1 152 98 177 154 91 60 141 40 145 177 66 204 148 223 71 23
    60 39 196 223 161 32 45 119 35 247 253 243 48 106 172 235 46 39 55
    112 70 179 41 207 173 73 0 147 214 120 247 92 173 39 156 240 175 53
    43 127 201 159 214 84 177 81 245 213 88 144 0 31 185 76 250 2 50 195
    9 33 7 45 15 141 141 26 196 93 111 49 106 41 152 12 130 188 251 102
    132 41 240 191 144 9 201 218 51 62 29 223 95 20 232 144 123 27 174
    76 183 88 55 203 72 227 220 190 254 167 77 84 77 8 151 115 122 52
    207 224 177 41 128 115 183 120 176 167 195 61 157 56 221 76 160 194
    16 208 69 209 212 203 219 156 252 100 132 116 20 42 89 82 69 124 170
    222 66 78 141 93 16 223 242 86 104 244 103 17 144 147 124 27 182 119
    63 33 90 140 55 184 247 0 214 135 141 251 39 72 169 77 67 75 12 253
    56 18 98 92 5 239 10 58 185 38 173 130 236 4 141 8 230 141 53 51 196
    55 220 121 28 137 15 183 116 177 176 124 0 43 151 240 161 185 114
    233 57 135 49 12 155 68 162 2 246 158 214 240 5 49 243 216 45 101 59
    87 7 170 230 176 167 124 19 17 113 181 155 84 147 228 157 180 144
    145 200 23 202 13 182 127 119 216 55 144 55 118 5 68 99 178 80 176
    12 99 118 40 90 87 219 7 66 236 187 247 55 47 145 117 28 129 178 147
    12 161 204 36 157 109 115 99 190 87 56 187 125 89 84 34 46 198 54
    201 135 190 99 129 149 136 235 14 0 159 40 29 13 20 139 8 209 97 169
    193 30 126 41 164 137 145 146 74 64 130 233 191 104 74 142 34 244
    218 6 42 0 80 127 174 14 44 170 229 226 172 87 216 60 223 155 181 25
    109 249 64 219 229 49 192 195 99 189 197 236 59 87 38 249 9 105 90
    20 175 106 248 68 183 119 195 159 80 45 217 213 2 160 158 152 39 93
    240 109 157 45 2 136 15 146 248 227 237 74 198 5 31 212 28 206 212
    204 98 116 155 242 28 81 211 242 244 169 197 53 14 214 246 168 163
    147 2 128 216 194 39 224 158 85 49 209 110 119 73 59 80 203 251 120
    215 186 163 219 32 83 225 157 132 158 207 151 55 157 254 179 137 33
    126 10 243 131 39 215 20 234 139 154 145 110 140 240 166 51 203 247
    55 209 6 178 14 166 255 75 199 149 72 239 244 72 109 88 16 198 144
    243 103 176 239 19 193 71 30 150 33 147 3 161 125 246 186 145 247 4
    149 91 211 234 215 66 40 207 250 166 11 72 146 127 111 98 52 146 123
    17 35 53 158 50 45 166 75 53 192 176 96 4 184 162 15 67 231 67 16
    250 114 188 197 205 250 30 37 68 152 101 126 155 114 149 182 118 34
    223 195 12 247 34 109 139 243 203 242 149 41 48 92 224 240 18 185
    141 132 105 46 30 225 140 136 129 27 243 115 158 63 75 204 128 206
    220 60 47 12 23 92 197 160 50 69 204 151 238 9 242 255 83 230 16 46
    114 241 89 100 144 75 156 187 123 158 19 63 13 159 64 235 68 221 101
    39 167 202 104 38 48 239 195 211 215 238 53 141 65 184 187 59 210
    139 132 198 1 81 218 21 233 27 155 239 193 25 98 3 114 59 163 72 219
    71 179 10 106 157 31 221 2 120 146 84 230 214 12 65 2 44 56 134 150
    9 201 250 61 8 161 184 42 195 173 142 174 148 162 47 211 193 6 109
    183 118 86 40 194 242 11 236 119 65 52 172 20 153 138 56 175 249 133
    129 29 178 175 15 24 8 123 249 202 175 13 160 134 241 38 112 210 36
    27 76 39 37 188 100 81 172 29 232 109 67 106 204 74 1 35 37 114 57
    77 196 175 111 76 63 111 116 153 202 212 49 184 174 56 193 25 118 98
    231 239 8 10 33 126 115 10 199 212 35 30 109 189 202 55 221 185 57
    232 157 241 158 112 60 147 121 76 24 209 169 201 19 41 143 139 28
    101 181 23 28 5 105 156 219 159 245 49 220 102 251 6 59 106 47 31
    133 61 57 225 214 125 255 8 45 228 181 73 5 13 37 0 133 230 48 169
    251 93 237 23 156 0 116 167 207 57 92 196 1 38 72 186 180 213 44 62
    172 249 84 112 213 24 126 141 143 121 224 43 106 61 45 129 30 183 38
    130 198 144 249 171 2 245 171 41 71 177 185 2 145 72 177 123 39 121
    80 186 77 47 138 118 66 183 79 2 69 230 44 103 189 121 6 234 107 227
    228 22 63 123 40 235 245 148 242 73 231 1 105 151 162 183 100 13 151
    9 164 44 195 167 67 223 139 237 203 62 249 218 137 70 84 243 60 105
    160 0 142 52 176 0 55 133 194 170 176 87 81 246 219 53 253 205 208
    149 120 79 78 151 149 226 153 145 157 204 6 224 213 213 56 97 226
    199 146 151 148 86 237 45 46 87 40 213 216 124 37 30 73 68 154 116
    175 173 161 217 15 199 158 189 211 22 234 38 132 65 198 201 238 3 77
    178 157 54 195 10 224 154 72 31 221 115 74 116 163 18 112 15 236 174
    119 224 211 125 94 200 253 8 242 150 140 87 126 143 35 104 158 52
    201 134 56 100 19 123 210 220 255 186 173 24 107 127 253 8 163 196
    112 125 170 132 71 215 105 58 147 224 129 121 240 157 189 221 230
    226 95 209 111 103 30 192 190 178 137 10 111 123 143 112 117 192 223
    212 0 162 28 250 220 203 49 132 87 181 117 169 73 179 83 140 13 57
    229 84 20 22 75 32 78 173 183 109 104 171 180 166 153 4 85 186 251
    165 104 35 69 12 188 143 241 78 104 85 47 11 75 29 6 207 164 197 222
    91 97 83 63 9 159 83 173 175 37 100 52 137 18 161 60 198 177 250 34
    201 144 15 27 76 232 251 142 135 62 158 229 158 22 61 224 133 35 174
    225 228 133 183 151 123 250 230 147 95 180 71 121 109 42 91 114 143
    77 102 55 93 246 18 199 96 105 159 10 25 231 165 191 102 193 77 198
    212 43 198 242 125 31 41 8 9 169 247 251 34 241 43 247 129 224 171
    225 19 109 247 111 214 253 91 41 60 23 255 100 227 119 210 151 57
    152 98 29 230 120 248 135 21 117 142 19 177 17 221 134 246 252 255
    167 83 145 36 162 74 92 247 71 103 203 203 123 37 58 193 193 137 168
    47 234 48 186 163 129 121 253 77 150 139 103 143 30 83 145 154 91
    170 67 76 163 230 205 207 142 122 77 178 10 159 224 111 42 73 164
    188 69 103 137 4 252 147 54 73 117 119 198 134 175 233 188 8 139 112
    130 242 174 82 76 77 190 237 240 92 53 215 16 170 161 80 13 208 181
    213 60 187 242 193 80 144 228 116 71 190 127 180 12 65 102 128 17
    160 34 224 132 173 242 125 116 221 105 49 19 202 116 56 114 8 77 177
    203 136 19 114 169 95 141 0 16 67 186 98 77 230 174 228 1 169 148 54
    168 11 43 12 253 243 117 242 121 21 6 69 235 238 111 120 47 50 136
    180 109 100 21 15 60 183 143 218 187 209 221 99 188 217 187 71 136
    161 139 150 54 78 196 33 53 123 48 93 54 215 83 46 115 84 40 220 136
    118 117 143 56 206 98 200 108 6 129 148 213 89 107 169 191 164 91 37
    115 62 149 29 25 241 129 201 165 253 38 201 241 125 159 246 140 178
    77 137 35 176 176 232 147 174 198 48 225 114 23 253 172 12 3 97 177
    100 198 171 121 91 82 12 141 23 241 181 40 72 44 199 24 229 232 25
    203 113 189 117 52 251 124 158 112 153 255 41 205 159 146 88 205 135
    179 61 42 142 222 47 64 254 214 215 130 34 228 82 203 86 141 181 146
    108 108 20 206 147 52 146 207 135 182 14 198 125 94 171 233 243 82
    14 127 154 21 8 53 14 188 198 46 251 184 91 185 252 101 63 145 83 48
    173 29 214 93 186 251 70 140 2 108 227 107 173 125 44 54 25 215 136
    64 162 149 54 204 88 9 114 23 213 214 192 86 130 10 196 67 55 250
    214 79 202 188 104 94 20 133 59 164 248 197 66 234 202 246 116 144
    188 114 226 46 24 67 144 79 244 225 243 213 207 163 27 244 196 175
    215 224 150 225 88 63 51 112 168 134 233 228 242 167 87 144 238 13
    232 43 105 61 254 253 176 173 24 61 50 8 191 34 237 176 46 235 166
    58 67 130 91 243 55 57 80 20 2 105 200 25 28 159 160 93 29 147 178
    38 5 191 203 56 161 248 149 2 116 106 180 119 76 241 68 7 206 59 202
    103 149 150 197 145 173 29 68 230 167 145 17 201 30 70 103 37 99 37
    131 122 174 13 55 192 175 52 16 49 0 169 119 104 2 115 155 33 169 13
    88 16 70 205 230 229 245 111 121 160 43 162 69 255 27 87 161 18 13
    130 44 174 206 4 76 175 94 24 108 166 218 89 196 6 28 189 114 32 20
    27 17 84 197 250 134 15 169 93 64 174 194 158 97 134 144 185 236 170
    111 199 193 229 123 93 194 43 149 212 207 231 36 13 110 64 44 43 8
    16 118 68 82 71 165 48 70 210 154 16 82 113 195 67 110 59 189 157 99
    249 39 201 8 103 84 49 145 166 44 111 85 143 173 65 174 64 239 184
    197 54 222 121 199 227 172 183 170 76 253 84 232 179 125 134 140 44
    254 53 184 244 6 128 200 80 140 94 32 240 22 18 158 24 81 7 112 195
    28 214 2 82 92 28 82 219 112 189 87 188 231 143 237 60 0 150 106 40
    113 21 65 241 151 204 213 125 5 44 148 35 177 237 16 216 201 21 164
    21 223 122 210 50 146 90 154 187 49 124 68 240 55 200 174 156 68 237
    199 44 63 174 60 236 214 239 174 198 124 103 84 164 26 169 127 103
    157 29 34 214 104 43 201 84 253 251 226 89 62 143 203 183 43 184 196
    141 165 135 183 73 30 200 180 157 67 119 81 169 251 191 184 248 228
    104 107 52 148 212 14 55 28 146 10 198 250 136 50 29 135 78 131 84
    180 117 8 76 29 86 25 231 167 153 40 102 150 89 52 41 58 34 171 153
    224 174 38 243 120 74 71 19 176 254 230 209 5 217 133 199 249 40 238
    153 24 246 231 43 203 185 103 208 103 88 111 204 41 95 250 94 188 14
    234 113 228 87 53 19 218 141 165 80 56 71 153 87 140 201 131 199 18
    49 125 80 146 242 196 211 48 37 123 223 66 62 92 206 94 150 162 214
    133 174 190 27 234 230 205 109 222 26 213 136 133 142 211 216 154 83
    204 183 7 116 120 199 167 176 135 103 189 143 36 135 246 201 235 70
    35 231 230 122 123 139 202 38 23 34 77 202 223 11 121 140 251 131 95
    4 113 68 194 70 120 252 26 56 44 252 213 70 165 230 28 106 205 167
    158 49 156 26 112 149 228 89 45 13 22 73 142 157 51 143 3 135 195 42
    218 228 115 245 248 63 37 19 222 115 62 19 56 52 114 141 63 246 24
    221 223 163 222 116 241 144 89 220 43 123 48 211 97 196 200 204 190
    112 115 188 76 20 115 150 129 173 202 182 58 102 167 193 241 6 154
    86 144 150 204 219 194 57 162 149 209 229 142 144 238 1 254 127 6 87
    107 208 33 123 112 93 164 41 61 53 133 38 118 53 47 95 222 77 233
    150 231 49 41 180 65 169 24 154 184 67 30 220 214 216 20 205 145 12
    201 148 50 138 68 230 42 87 180 130 120 15 98 219 19 20 23 11 188
    114 20 137 195 73 48 170 212 10 84 230 118 83 173 46 228 86 112 147
    121 8 93 163 150 117 169 56 42 45 108 157 45 51 249 255 8 45 65 39
    63 165 38 138 80 173 251 47 42 90 130 224 9 117 211 60 162 235 113
    108 164 163 235 176 22 122 198 167 210 91 241 85 58 157 79 93 221
    170 134 163 163 94 53 246 75 174 94 18 255 121 79 208 55 166 217 254
    122 85 81 25 242 119 99 161 18 85 96 210 208 154 151 116 162 229 251
    147 184 90 146 21 227 93 149 147 29 147 236 158 240 51 98 141 152 95
    24 98 30 168 109 145 186 17 206 228 96 220 179 186 39 4 192 242 129
    182 192 63 59 35 64 209 50 171 120 11 210 247 34 121 47 161 1 185 97
    87 110 131 233 79 96 250 192 169 116 232 122 45 63 235 218 135 126
    225 33 16 64 64 70 205 134 19 252 14 46 119 110 118 139 90 65 75 227
    160 158 153 199 3 65 33 26 208 240 187 138 102 135 254 245 49 39 240
    178 227 246 35 232 41 98 67 81 111 2 203 252 115 107 253 209 155 237
    227 2 193 183 144 174 238 85 3 252 116 208 53 129 24 162 164 124 28
    189 81 42 220 144 21 102 72 102 10 67 242 1 172 242 8 86 9 43 105 44
    237 33 101 10 3 219 117 160 228 66 30 176 39 176 194 134 232 226 27
    90 194 141 156 103 30 227 14 193 28 202 68 165 119 242 242 166 79 13
    206 12 90 195 135 159 18 56 106 11 20 44 246 92 168 46 167 24 207 73
    16 51 247 254 6 21 234 230 44 191 254 126 7 109 161 5 76 50 87 189
    126 33 5 36 91 99 196 105 51 246 106 210 125 199 128 250 29 218 251
    145 254 131 61 209 173 130 132 15 183 104 48 101 91 18 120 200 14
    220 78 82 111 247 5 48 196 93 13 235 103 33 150 123 21 73 16 199 240
    3 233 222 49 8 185 10 80 50 157 77 191 206 174 190 233 112 12 65 45
    19 102 148 94 79 142 212 199 20 74 126 234 66 5 72 92 36 34 123 147
    237 223 91 1 177 51 134 215 250 206 27 131 63 35 166 208 137 36 195
    153 26 4 204 248 235 84 15 101 157 112 136 95 69 253 131 175 83 104
    184 110 251 126 44 98 22 22 251 221 205 200 246 227 18 83 0 49 40
    185 160 200 19 38 62 126 72 54 97 128 213 109 237 49 127 159 168 160
    27 183 239 244 55 186 156 24 73 106 48 155 87 78 211 192 80 8 115
    101 158 181 97 185 200 192 79 43 133 110 167 109 86 188 2 61 13 247
    111 132 60 111 70 24 119 206 245 47 34 84 69 29 99 111 30 199 193 11
    3 250 247 225 63 143 130 51 27 35 32 164 226 11 109 212 61 162 160
    243 233 41 5 118 14 174 255 143 20 112 48 88 7 117 203 173 227 9 114
    98 139 77 172 241 40 162 99 47 149 143 204 243 195 123 35 125 95 199
    166 229 192 226 87 9 136 137 17 6 57 107 102 166 31 185 96 188 169
    163 91 251 158 23 34 247 131 9 24 170 255 63 129 31 230 131 126 163
    250 27 26 180 237 208 231 210 118 179 210 147 166 111 48 136 97 70
    68 230 142 231 209 51 157 29 252 157 40 12 48 63 106 76 159 99 48 43
    34 58 165 60 116 253 46 172 248 214 52 224 101 117 50 255 240 88 164
    16 64 91 88 143 139 165 160 73 7 79 129 240 169 166 187 232 6 175
    151 77 232 145 197 116 247 146 122 234 202 145 164 115 36 157 229
    156 225 30 189 232 57 129 216 99 185 237 37 135 82 74 195 11 30 210
    154 56 200 232 23 230 92 111 16 124 0 16 121 154 236 67 57 66 70 114
    96 168 63 104 103 15 10 143 34 234 201 113 16 117 129 160 39 138 155
    18 226 161 190 67 36 2 182 54 90 116 125 46 140 55 25 92 11 91 0 210
    19 11 61 192 69 31 252 10 210 163 86 50 203 146 17 68 109 162 57 109
    31 96 229 96 0 159 173 150 13 105 59 134 143 162 66 60 232 112 211
    42 65 154 115 52 133 153 177 216 94 104 230 247 238 33 160 90 3 244
    86 81 117 66 97 26 211 55 43 166 195 135 200 114 158 185 117 250 114
    9 146 124 35 132 73 13 167 3 98 216 195 59 57 22 253 69 42 111 118
    133 135 23 210 82 190 231 242 142 245 143 45 237 38 20 93 50 234 88
    198 161 13 155 142 200 10 74 155 88 72 145 164 46 9 229 64 77 163
    102 141 95 26 10 62 223 53 23 99 191 125 199 94 178 203 131 51 136
    132 162 231 1 52 6 117 9 54 56 157 136 147 201 86 81 189 218 254 68
    124 217 238 123 40 108 219 29 250 195 107 219 23 75 121 198 40 142
    54 64 241 170 105 23 102 160 207 142 165 223 241 62 45 11 7 107 74
    189 181 124 219 85 76 212 230 19 254 102 21 177 179 1 146 13 139 222
    33 125 66 64 192 117 233 211 241 43 56 200 235 140 253 160 8 96 99
    111 130 85 26 198 168 118 26 83 133 42 94 46 207 78 112 217 99 213
    196 6 249 65 109 160 129 58 159 255 230 188 40 137 189 222 31 97 120
    55 230 139 226 126 40 195 87 4 238 249 200 93 162 229 72 120 48 137
    118 177 206 82 35 125 198 171 47 41 15 124 93 154 168 6 66 102 120 3
    48 128 242 210 232 16 57 20 136 136 107 145 143 55 20 177 146 166
    123 125 2 102 228 209 107 157 139 10 105 194 50 152 10 16 59 45 25
    90 143 209 140 154 116 47 26 240 252 101 202 36 38 65 49 215 83 108
    37 112 186 83 116 187 205 56 114 134 68 154 167 180 206 67 80 56 161
    104 60 44 132 12 13 5 127 2 187 93 64 26 108 165 51 38 4 21 6 230
    229 219 100 135 202 254 99 31 30 77 113 204 192 65 18 246 46 51 164
    160 47 103 37 221 249 12 181 162 114 202 208 158 134 172 71 210 45
    38 128 205 225 100 193 94 208 250 54 16 27 12 55 122 213 48 51 66
    224 221 208 52 68 70 72 176 110 117 242 51 90 202 229 235 10 116 192
    66 59 107 155 43 232 248 201 154 15 205 134 82 77 204 91 239 194 199
    145 8 176 5 204 182 149 161 202 248 65 215 84 225 48 114 207 126 117
    1 149 161 77 170 37 30 154 201 247 219 237 97 198 84 163 252 63 142
    218 19 133 179 9 74 119 22 201 189 150 160 159 68 136 19 74 246 182
    252 117 21 139 255 244 230 149 89 105 100 5 166 99 237 192 86 178
    227 177 243 246 27 239 28 63 229 1 183 150 30 74 112 53 90 26 149 98
    160 216 251 98 156 48 149 241 56 182 0 152 116 30 139 56 10 96 40
    116 1 100 2 176 243 42 167 209 13 140 158 122 93 90 219 244 195 114
    78 48 222 4 224 76 216 255 27 20 6 148 188 29 193 52 150 103 217 190
    153 50 159 136 169 2 130 75 167 130 46 30 79 84 169 98 199 95 237
    186 73 42 245 210 94 31 41 226 149 80 112 81 211 154 135 165 116 157
    17 185 237 92 164 202 185 43 37 164 24 167 100 136 242 117 161 62
    221 120 188 221 219 27 57 159 206 67 235 39 176 15 130 100 231 120
    43 188 28 240 195 19 183 233 222 120 159 155 74 204 61 113 111 158
    137 223 66 5 198 230 104 101 199 171 43 39 98 102 114 219 35 231 41
    24 154 185 111 196 151 97 120 213 48 20 23 239 160 211 134 138 252
    178 84 137 161 91 223 208 167 229 243 146 16 166 251 37 250 85 125
    185 67 58 128 52 131 136 230 149 109 54 242 180 58 185 177 74 154 28
    80 26 23 86 133 132 128 97 173 78 123 74 124 158 93 235 56 10 176
    206 208 6 217 206 79 107 186 247 30 52 206 125 216 145 209 123 88 35
    189 127 51 23 200 140 50 124 53 122 34 226 240 253 21 14 188 31 105
    231 53 188 77 174 53 252 67 104 246 207 65 111 1 239 163 174 189 6
    247 108 211 103 30 51 184 240 237 31 7 172 60 242 96 214 148 41 12
    65 62 219 220 169 220 109 191 78 13 98 210 232 130 205 178 121 233
    193 56 75 70 7 143 201 167 246 145 18 191 174 163 106 131 176 251
    145 240 134 189 200 201 13 54 101 224 147 145 186 144 211 36 92 226
    44 156 28 126 164 109 216 231 135 165 129 22 114 190 31 105 108 177
    196 197 49 122 208 121 181 60 60 171 224 125 127 186 161 75 213 54
    194 230 12 234 140 62 168 16 189 8 45 158 211 138 205 230 251 207 6
    172 42 117 71 145 90 3 65 123 207 33 221 132 4 223 44 6 187 96 210
    218 200 23 162 227 242 65 241 1 115 141 56 231 128 50 24 32 102 130
    49 234 71 237 149 81 226 172 48 58 39 152 125 227 126 150 197 230 60
    154 134 98 10 200 115 219 12 121 226 162 166 222 106 48 128 158 20
    113 185 53 141 148 152 157 121 71 52 132 39 107 72 201 198 165 16
    133 59 10 172 1 122 74 59 198 169 42 195 49 8 139 240 98 236 233 98
    10 97 237 88 57 195 45 55 14 166 139 115 71 229 159 39 181 78 110 6
    221 199 182 197 131 185 13 182 52 238 61 186 142 201 223 232 153 229
    59 130 102 151 154 218 136 161 250 226 152 202 181 30 234 177 245
    119 6 40 196 73 118 154 241 218 49 245 189 150 181 202 156 252 170
    66 60 77 84 201 238 94 147 217 192 67 69 45 232 136 36 13 66 96 238
    203 215 20 216 253 245 1 149 168 36 1 7 255 49 15 13 119 104 121 191
    223 13 23 120 221 205 209 198 52 147 165 28 3 86 253 128 141 3 173
    48 20 6 234 195 161 161 157 53 144 203 67 138 189 158 204 106 194 51
    248 251 7 183 4 232 249 176 6 170 245 56 248 224 112 141 228 200 172
    1 88 100 180 187 56 192 33 11 104 101 116 192 227 161 38 71 52 133
    154 49 229 90 87 30 52 21 5 94 82 19 158 88 94 171 255 35 147 31 83
    217 153 172 138 242 24 63 143 158 26 36 25 73 188 126 25 64 201 27
    40 244 178 98 239 216 50 0 22 179 103 246 154 207 233 28 90 34 66
    194 91 207 13 234 66 117 127 103 103 111 136 3 7 73 31 125 35 155
    156 192 55 226 14 165 126 130 96 226 150 28 77 247 154 171 128 175
    92 49 25 248 101 156 230 94 242 0 238 40 110 134 62 171 158 125 48
    171 9 251 105 16 53 166 112 197 177 184 162 149 8 174 204 112 43 148
    94 180 72 161 245 42 104 109 151 202 95 21 122 79 87 110 222 95 229
    230 214 127 170 203 1 33 170 137 162 70 39 8 110 78 54 89 139 171
    109 97 73 39 87 109 183 33 10 187 244 150 127 55 12 98 200 189 147
    208 131 222 117 27 5 31 39 28 99 33 98 207 111 117 104 71 15 237 233
    102 175 239 191 159 222 34 13 95 231 180 138 10 207 168 101 182 140
    160 106 141 149 14 148 149 77 128 57 145 112 65 220 164 0 136 76 197
    96 129 115 101 170 43 126 55 166 118 7 199 77 204 214 225 200 68 89
    131 246 8 78 47 7 124 108 10 118 220 203 215 125 235 93 223 27 118
    194 232 182 88 132 92 110 221 249 209 153 78 45 60 54 73 111 58 175
    136 77 224 192 74 158 34 197 209 217 207 117 75 174 243 204 171 86
    159 60 201 83 145 191 122 95 84 64 207 32 2 141 59 255 23 46 42 195
    229 148 162 134 123 143 138 91 37 2 186 34 245 73 248 1 220 109 68
    197 26 99 53 86 153 15 26 86 121 215 76 211 143 198 153 138 251 208
    226 19 160 132 217 153 54 181 113 215 163 198 255 224 63 75 215 78
    226 203 50 189 53 115 230 113 71 13 17 251 40 109 185 225 192 106
    195 22 53 241 13 150 98 221 240 10 251 52 166 143 199 46 92 31 147
    93 246 181 224 145 101 239 108 11 245 55 38 226 182 74 129 197 54 82
    8 69 183 63 238 52 140 105 236 108 77 44 213 122 147 128 8 37 164
    203 87 63 98 200 115 142 55 118 142 212 223 82 244 78 134 29 151 204
    48 54 220 206 208 186 195 217 215 72 172 116 202 133 250 54 254 33
    96 21 116 220 184 165 99 228 191 171 9 83 226 167 69 37 183 226 200
    245 88 85 179 128 151 212 1 144 128 75 63 107 28 225 208 202 77 126
    26 161 243 71 128 251 177 86 220 39 124 97 147 133 121 21 160 122 28
    123 221 180 187 20 16 154 11 120 13 46 19 171 13 202 42 123 6 220
    230 82 39 221 4 241 142 228 179 208 58 59 20 113 177 176 89 203 4
    243 11 2 18 71 159 38 220 209 30 10 149 35 244 58 159 95 199 218 145
    84 16 111 0 177 45 195 233 59 239 69 83 9 31 115 54 137 15 119 81
    208 151 44 249 253 224 162 37 83 134 66 221 216 115 119 249 136 73
    46 137 114 244 159 12 39 113 220 118 148 149 53 145 161 15 159 7 143
    188 176 44 210 164 103 14 167 237 205 207 69 214 3 19 254 255 128
    150 204 166 251 229 238 163 123 139 201 44 208 9 13 203 44 40 236 14
    253 125 125 48 177 59 91 148 155 91 58 107 186 162 182 4 219 94 209
    115 247 125 83 2 223 241 17 25 48 37 95 123 77 155 56 92 45 144 218
    197 208 180 203 172 32 57 238 69 101 187 213 145 247 120 124 147 52
    104 216 127 232 71 145 66 186 211 140 182 110 108 180 34 176 102 18
    17 191 115 101 175 18 112 72 170 167 12 175 88 204 105 244 178 157
    143 169 129 1 105 85 192 14 219 236 215 178 85 235 58 253 25 134 167
    156 108 175 29 21 246 177 124 177 6 18 181 87 252 196 161 94 204 70
    144 48 56 205 251 24 17 119 18 74 26 88 45 230 143 185 17 173 36 120
    217 174 124 163 164 6 101 78 185 242 104 66 218 77 131 109 44 117 72
    167 209 232 42 110 57 136 92 75 243 53 39 227 98 97 70 1 159 238 204
    7 94 78 166 80 73 223 127 215 229 7 132 215 23 26 138 20 107 46 16
    32 141 29 48 42 129 67 73 62 212 148 159 129 205 49 92 3 155 233 1
    32 74 54 209 165 12 132 106 141 178 135 249 118 204 86 41 131 220
    120 193 139 152 82 160 164 179 9 34 137 38 173 197 239 79 99 3 193
    59 76 125 186 4 222 15 99 253 198 77 57 49 131 80 193 254 155 129
    168 157 46 91 227 86 209 160 88 234 15 223 87 205 217 101 162 80 162
    221 65 3 40 152 87 98 189 6 68 236 98 143 35 169 128 230 16 122 23
    213 80 171 148 208 151 34 98 27 36 106 162 154 169 234 205 242 55 38
    85 43 22 93 23 58 154 92 88 176 106 48 126 65 209 37 190 160 117 195
    254 213 47 227 52 239 171 214 0 12 83 250 23 47 14 169 206 42 43 232
    143 239 222 127 127 246 173 146 94 95 95 46 6 236 249 199 8 106 123
    136 212 220 182 168 44 246 15 139 235 141 65 115 99 81 32 246 18 130
    221 123 184 74 14 225 160 84 217 108 56 192 212 249 195 167 250 255
    214 236 235 17 153 54 178 128 104 74 27 171 153 162 59 201 248 82
    201 205 187 190 30 83 215 192 136 2 229 10 110 9 101 23 83 117 58
    233 74 90 196 21 42 134 246 146 218 22 245 220 2 104 146 199 3 250
    178 200 29 44 241 61 6 4 61 101 73 115 123 150 238 232 138 23 148
    253 255 23 186 137 80 205 51 62 116 86 170 2 62 210 243 220 31 221
    171 187 93 137 29 20 191 74 38 209 149 96 233 122 145 70 243 244 54
    89 170 242 26 177 249 140 62 21 245 193 250 153 192 45 178 36 173 21
    56 46 32 114 187 143 238 155 38 93 151 78 194 12 127 238 120 157 217
    210 148 176 51 76 117 39 49 152 213 186 221 75 133 248 233 155 27
    186 139 220 180 249 67 50 8 85 98 233 99 182 111 2 187 116 147 248
    109 179 72 160 203 142 25 17 167 50 155 244 194 141 84 226 120 121
    16 74 99 26 160 67 64 157 164 60 160 188 145 251 142 186 209 213 119
    172 59 226 181 223 167 114 91 143 254 166 241 206 245 213 138 60 224
    113 34 214 156 143 55 240 186 83 191 37 255 128 145 42 195 88 237
    217 219 95 221 53 67 83 240 72 204 244 78 99 253 83 175 142 225 50
    228 131 128 45 83 110 121 0 62 44 245 180 93 117 103 213 213 221 202
    1 10 26 18 68 233 218 249 194 29 12 196 22 31 3 141 132 0 171 107
    152 1 27 223 44 41 124 53 57 7 243 180 92 217 45 64 103 78 245 137
    180 51 124 146 185 109 236 95 141 107 62 244 24 133 191 26 251 108
    180 9 57 123 230 58 245 11 24 3 115 19 249 237 48 75 141 210 19 183
    44 197 207 130 101 64 186 76 178 61 226 53 219 172 231 129 216 244
    10 145 41 178 61 230 154 87 12 247 221 192 134 10 29 32 205 3 53 158
    198 130 33 85 171 53 6 225 140 196 161 96 11 141 253 45 8 103 220
    148 35 34 5 84 2 62 94 35 235 248 160 87 32 168 173 184 231 148 166
    19 20 27 6 80 161 8 176 153 251 83 111 121 241 238 160 51 38 115 193
    251 137 225 128 253 231 135 25 235 77 67 58 62 231 89 59 2 163 177
    70 46 238 5 188 198 174 54 21 172 178 199 130 178 184 203 2 200 227
    1 71 244 73 23 82 33 169 105 14 108 65 66 83 164 63 113 167 76 181
    33 48 69 164 128 202 62 172 52 28 143 119 75 176 82 251 185 33 205
    73 151 49 75 174 154 83 215 166 253 209 167 53 105 243 207 101 150
    249 31 56 58 107 105 173 162 125 72 84 60 158 113 214 127 122 32 179
    44 16 216 139 174 118 57 77 189 220 145 137 95 128 117 125 171 30 4
    124 126 56 195 29 160 161 189 23 137 173 37 38 199 87 81 147 234 84
    22 189 47 22 39 42 191 126 8 120 225 29 58 91 26 33 152 208 142 60
    155 168 192 77 180 223 152 107 220 60 45 11 142 49 200 112 246 112
    196 159 131 104 67 191 179 154 55 197 210 236 132 104 13 41 179 243
    19 72 109 229 225 16 35 74 68 88 191 114 82 18 60 91 49 52 226 44
    190 197 140 227 3 115 64 57 91 94 100 59 252 124 82 186 237 69 42 73
    184 109 178 182 163 130 161 170 63 58 27 223 198 89 142 65 45 178 90
    92 31 127 23 95 222 174 67 119 100 253 28 74 27 171 98 202 85 143
    137 155 168 42 250 167 113 104 112 36 74 184 122 179 212 187 155 165
    114 165 239 248 206 107 253 45 155 171 174 213 166 136 237 116 97
    220 120 64 185 206 240 185 95 154 101 185 43 23 91 66 245 221 225
    224 26 23 76 89 159 114 96 163 221 201 208 65 157 60 9 180 136 164
    66 221 244 139 72 86 236 43 144 20 9 160 93 81 86 125 179 144 233
    255 139 135 172 207 23 174 134 208 2 65 161 35 140 106 36 122 234 86
    161 213 146 104 241 70 65 189 245 27 179 245 147 239 159 205 245 141
    84 45 146 36 228 134 146 6 241 26 118 33 177 211 182 26 6 107 3 112
    163 58 231 242 56 95 113 171 222 133 148 36 37 92 116 133 213 216
    193 222 217 155 65 224 106 243 62 140 6 150 36 67 203 227 235 8 63
    120 95 138 163 201 98 251 225 168 33 19 177 141 196 62 52 84 149 223
    242 89 15 209 69 31 192 133 125 138 78 218 51 252 21 149 240 182 162
    159 200 43 188 62 214 53 77 89 90 175 85 37 56 144 231 69 151 138
    205 41 164 113 146 197 107 84 144 89 190 118 52 126 95 28 148 215
    122 235 132 48 26 61 84 64 158 56 94 127 251 216 214 166 29 91 149
    163 192 55 254 75 207 158 94 158 14 88 190 173 242 186 129 58 209 77
    102 142 212 6 66 247 238 157 122 201 209 100 52 167 72 111 216 213
    15 89 89 210 98 230 253 6 121 137 27 228 25 220 203 162 45 108 110
    113 33 109 22 247 36 21 50 148 60 167 152 43 124 242 27 148 73 26
    168 142 239 0 82 84 92 162 183 78 77 61 94 125 240 142 171 81 116
    187 156 175 209 153 91 73 69 38 202 70 161 20 208 122 127 109 95 148
    170 96 107 36 154 179 74 252 44 156 150 68 178 243 193 239 216 61 34
    10 1 52 232 3 77 25 65 193 10 174 16 143 175 148 209 73 228 16 124
    152 20 36 18 63 171 22 115 79 127 52 129 21 251 83 165 14 199 214
    142 105 123 34 208 13 220 108 24 18 144 97 150 30 24 164 150 237 74
    242 232 72 216 215 102 37 177 174 88 224 202 41 217 168 189 53 232
    101 162 95 25 189 245 145 169 14 158 217 187 32 249 128 152 152 111
    106 218 4 216 154 251 244 44 95 146 62 107 34 234 5 156 3 119 35 88
    192 43 114 241 158 35 25 175 15 225 197 77 5 77 64 36 2 229 241 95
    138 252 167 185 227 82 57 106 174 186 48 83 76 106 236 255 253 88
    183 133 12 182 2 23 136 122 32 225 61 180 111 88 44 214 98 244 7 126
    69 111 159 227 40 241 115 64 167 179 92 80 157 224 177 57 19 49 96
    183 110 222 91 16 116 209 127 41 243 22 103 8 233 247 241 103 244
    188 207 100 116 226 7 139 180 233 47 247 34 205 93 153 38 200 15 159
    160 91 23 247 144 32 247 213 186 196 74 96 104 255 65 22 76 120 81
    92 63 137 253 108 195 129 1 118 34 20 235 113 15 157 196 178 3 224
    147 161 208 164 127 53 10 35 152 31 42 35 213 148 63 210 229 178 142
    231 28 51 254 228 25 102 33 212 163 156 255 105 144 8 97 63 72 228
    83 2 130 116 188 179 197 171 170 132 121 246 221 250 116 155 105 3
    251 18 15 142 182 245 1 56 42 194 164 67 211 151 43 10 14 227 239 71
    74 8 124 14 183 36 5 136 78 242 122 172 128 74 154 253 183 56 152
    143 103 63 214 172 251 83 123 136 209 177 170 128 172 9 55 200 195
    28 253 152 253 108 38 154 57 46 68 96 231 61 12 78 211 162 157 41
    107 36 188 91 207 208 30 30 40 47 218 91 21 159 207 110 187 113 222
    117 97 84 37 49 79 124 66 137 7 189 196 97 41 124 156 184 246 128 6
    95 210 121 175 249 127 204 202 99 193 234 97 160 41 250 223 63 42 50
    27 0 209 254 188 203 126 38 118 57 27 196 19 62 167 201 249 179 97
    250 8 69 61 214 146 111 219 191 138 56 102 15 180 168 221 117 235 9
    33 70 194 46 65 15 115 56 96 131 187 153 174 178 126 16 176 252 241
    193 136 193 122 231 175 153 45 160 21 234 191 30 229 25 132 249 214
    25 89 42 124 133 24 186 47 248 40 227 45 180 154 7 39 96 19 235 21
    151 233 37 174 255 172 58 80 244 55 210 22 154 64 178 162 200 96 249
    117 52 23 40 59 205 207 188 88 61 225 140 112 124 69 171 188 65 3 56
    65 254 229 101 177 23 159 172 62 105 191 243 78 243 211 40 104 115
    238 235 184 41 33 188 241 51 127 149 198 239 203 254 49 46 99 52 245
    103 224 51 255 219 15 239 246 113 193 214 30 36 253 117 67 150 125
    68 141 57 235 146 184 97 107 139 193 227 45 159 50 20 144 130 119
    254 25 212 46 221 80 188 195 32 177 108 164 167 48 109 201 121 125
    159 120 168 88 219 63 8 206 42 88 226 113 61 177 16 37 142 251 163
    11 178 22 147 122 129 118 157 188 164 91 150 219 237 62 147 221 253
    35 89 130 205 192 134 90 61 112 172 46 88 238 239 144 169 242 117
    135 157 39 150 227 164 16 46 80 200 226 73 199 74 174 142 56 222 88
    112 184 130 140 59 204 43 68 130 56 119 140 20 202 155 177 52 231 93
    210 216 9 27 122 233 248 3 178 136 65 41 237 74 20 12 197 71 25 130
    242 162 239 104 136 167 22 205 188 68 230 37 143 29 184 88 129 233
    144 157 78 86 189 246 223 238 194 65 95 21 35 180 136 178 200 36 87
    40 8 107 249 192 255 174 56 60 175 218 197 25 157 10 195 24 165 46
    90 50 78 181 45 66 232 19 236 161 141 41 48 133 136 241 170 66 242
    169 180 103 76 85 251 109 47 107 18 128 222 18 99 115 150 36 254 2
    41 252 225 38 191 165 85 178 101 227 38 14 149 17 63 18 40 124 167
    211 44 239 23 105 24 4 128 165 47 166 102 160 85 169 84 4 161 164 64
    136 215 199 2 210 128 79 109 65 135 76 42 48 129 74 234 25 56 179
    106 26 12 11 99 191 144 250 181 56 190 207 8 122 225 236 110 147 107
    4 166 97 254 131 126 81 214 99 47 6 228 101 38 194 173 151 2 104 6
    25 154 184 12 144 8 43 13 66 1 196 207 142 133 39 54 97 116 156 157
    217 192 128 121 178 10 217 207 119 17 62 149 213 108 4 51 65 180 102
    101 204 24 48 51 24 118 0 182 153 41 59 203 231 77 138 246 129 2 116
    214 236 2 82 194 41 221 94 118 203 14 194 48 82 74 11 178 39 174 164
    59 46 232 7 84 28 41 65 68 121 230 209 108 254 209 74 158 242 182 41
    69 137 104 110 228 154 153 133 83 212 18 8 200 70 211 194 66 89 172
    131 131 236 106 111 241 118 144 79 244 3 254 34 23 42 167 63 199 71
    102 231 79 118 115 71 80 141 24 247 203 0 149 177 118 128 178 88 192
    247 228 23 49 208 3 201 131 207 227 30 130 59 80 10 31 240 23 33 152
    165 108 182 63 162 199 68 49 31 242 137 212 151 70 109 115 160 105
    212 57 47 113 115 213 206 176 236 149 174 65 77 69 84 69 159 224 187
    49 232 16 144 43 36 179 124 131 23 69 64 124 255 243 100 125 199 43
    139 124 128 131 239 182 215 75 123 154 129 110 115 90 158 229 202
    235 159 74 81 150 206 87 208 152 127 16 142 71 106 109 94 103 196
    155 121 112 225 243 117 5 33 50 92 61 176 86 103 96 221 244 95 203
    86 2 80 197 221 169 104 78 236 118 128 46 222 183 30 175 123 255 7
    53 60 170 50 219 83 187 0 96 109 197 116 94 13 88 212 99 11 250 35
    163 155 114 157 218 64 170 208 103 217 14 188 121 236 88 41 191 250
    15 33 109 10 177 93 228 57 213 104 210 35 174 7 81 33 254 74 177 57
    49 231 189 117 131 4 212 158 94 245 112 168 170 167 115 79 78 109
    136 106 172 37 215 174 101 135 155 84 7 16 214 70 114 243 83 152 16
    130 43 8 14 80 166 58 106 182 210 230 79 193 187 77 244 97 93 159 20
    82 244 28 79 221 190 202 237 12 143 213 14 66 132 52 229 115 63 211
    205 54 148 90 159 49 72 188 209 111 249 219 215 191 255 192 53 191
    102 196 133 130 39 137 178 178 51 88 46 13 238 94 193 57 63 232 157
    2 91 16 126 146 106 115 46 170 174 229 150 65 224 101 144 165 195 6
    196 160 229 141 207 72 239 206 59 123 11 155 200 172 74 195 0 155 77
    93 80 192 89 138 122 187 10 75 174 180 26 238 22 83 129 240 148 148
    125 17 37 223 1 25 14 3 111 134 218 137 54 151 205 132 115 158 121
    189 243 181 27 86 57 208 251 250 159 87 227 248 254 255 70 47 11 23
    161 78 48 164 193 223 66 128 30 212 218 134 3 110 86 164 161 214 109
    85 182 16 70 57 29 152 212 20 185 54 206 197 246 201 241 60 229 196
    230 165 173 146 156 64 121 68 74 100 89 37 208 243 226 167 186 206
    142 247 66 111 25 152 195 130 82 8 129 209 69 229 61 16 144 131 56
    161 63 207 69 23 49 32 183 140 222 152 58 203 92 17 126 208 186 87
    90 16 197 27 104 36 62 214 36 108 7 55 218 100 185 81 101 15 65 26
    227 126 153 32 243 68 111 61 171 218 215 68 82 200 11 222 202 176
    221 57 193 106 15 7 192 229 126 178 113 232 230 156 68 232 206 197
    92 233 201 94 12 29 151 22 230 216 1 116 13 103 117 133 246 144 33 2
    247 146 83 142 42 78 243 85 164 127 21 233 65 100 232 7 168 151 222
    179 239 250 90 53 158 102 213 59 76 117 164 97 11 133 130 33 79 242
    240 140 14 193 13 249 26 69 80 167 198 190 196 182 41 54 111 158 138
    210 156 239 133 142 36 27 115 64 161 5 15 32 216 242 225 168 253 129
    251 27 20 159 31 20 110 134 207 164 248 103 173 105 191 208 212 165
    189 43 133 148 34 6 112 201 238 43 35 51 189 39 69 188 97 96 43 42
    36 227 103 210 195 65 166 83 160 183 242 114 60 210 251 219 110 2 95
    70 10 14 11 124 90 225 143 135 211 7 52 13 104 218 112 123 142 108
    68 3 168 11 77 85 212 132 7 194 136 238 140 223 231 60 95 107 69 151
    230 163 172 112 155 13 107 226 232 157 217 44 47 168 56 96 183 170
    79 194 62 38 121 14 149 194 52 160 72 43 3 242 70 80 239 175 18 51
    77 231 109 90 205 143 55 190 28 193 235 61 170 75 60 245 176 106 127
    112 227 92 91 90 26 180 113 13 113 248 27 89 18 226 3 245 188 243
    106 123 24 167 75 55 32 250 40 65 34 32 211 39 238 59 58 75 202 196
    163 235 97 216 40 240 228 245 165 73 125 207 145 90 109 116 29 92 47
    97 211 147 130 80 187 80 111 203 202 230 168 82 50 87 213 204 19 213
    131 182 245 15 219 186 10 70 2 250 12 22 213 70 154 155 61 43 56 153
    42 67 209 7 161 55 16 7 225 23 89 60 103 103 239 174 109 31 53 223 5
    158 176 64 17 214 175 103 61 13 145 113 37 31 88 70 231 41 184 195
    24 193 117 57 146 177 248 74 249 178 8 117 244 196 135 123 84 117 1
    158 72 46 228 115 246 47 192 129 111 192 249 241 74 192 79 106 99
    253 85 235 231 195 205 28 179 142 218 148 142 67 180 247 40 35 117
    35 51 206 55 6 153 8 219 27 223 26 144 38 184 95 233 251 153 11 207
    10 152 19 130 132 79 204 139 151 87 90 104 75 91 32 97 99 237 55 211
    216 243 136 146 226 136 160 190 114 179 235 180 80 208 130 137 246
    52 204 104 206 249 87 238 38 50 92 196 87 229 120 97 163 137 60 6 1
    170 57 205 175 55 74 37 29 135 130 43 197 159 165 169 138 165 237 0
    143 73 197 1 204 159 62 0 119 177 41 47 245 173 199 235 254 155 25
    195 204 35 121 222 222 103 248 181 59 89 61 163 117 0 226 231 67 29
    24 136 99 104 155 160 205 107 198 123 131 206 161 76 68 152 114 195
    46 248 103 150 30 228 226 117 95 121 80 30 37 120 198 166 142 119
    183 202 76 37 18 124 93 198 105 111 59 3 11 163 154 255 60 0 239 147
    59 78 14 91 149 8 201 14 91 92 35 31 16 54 212 212 215 67 84 77 85
    18 210 99 178 93 51 73 7 184 215 152 0 200 76 189 126 162 142 226
    205 83 252 198 44 211 104 109 251 249 139 40 129 120 1 206 87 60 185
    100 50 111 191 122 246 16 117 2 238 163 179 81 125 117 93 147 129 47
    19 55 222 196 196 201 184 195 219 177 98 97 54 29 83 163 95 191 68
    100 166 43 115 63 150 83 118 243 8 142 99 100 152 141 223 11 223 156
    62 100 125 223 128 207 10 140 110 106 227 143 39 216 233 217 66 118
    218 118 212 162 210 253 150 104 159 68 162 254 184 86 109 3 28 202 2
    249 86 126 123 174 44 141 80 235 0 94 196 94 159 248 53 170 67 229
    71 24 154 75 3 185 51 43 207 98 158 105 194 182 59 99 35 192 43 72
    128 117 218 77 210 87 117 182 233 140 184 217 164 118 249 245 143
    191 28 250 18 91 235 125 29 76 97 187 254 93 122 63 24 141 87 180
    170 13 114 29 164 190 116 253 26 166 50 243 123 101 100 28 69 208 68
    252 178 27 190 171 62 11 146 111 123 27 218 80 205 190 155 216 149
    10 185 139 201 139 9 201 178 11 99 49 127 81 37 79 198 121 30 204
    124 19 194 214 71 199 145 34 127 109 124 92 67 44 251 214 23 20 26
    174 194 59 235 236 208 186 222 134 144 71 224 197 151 165 168 21 249
    32 171 216 6 82 183 14 29 244 118 73 103 252 116 24 52 30 196 94 204
    172 218 113 39 24 119 133 200 14 255 108 39 87 82 201 199 143 54 89
    90 48 238 130 190 136 41 146 125 238 253 140 176 128 165 11 243 254
    67 41 101 37 88 25 160 155 198 71 249 158 228 0 34 173 73 15 241 155
    16 163 46 115 22 178 9 193 221 41 91 221 56 74 84 7 209 173 109 60
    165 21 11 12 51 222 1 40 89 31 59 107 171 91 33 35 21 137 209 228
    108 125 110 46 27 79 73 230 182 16 32 37 224 18 209 37 50 158 151 29
    82 107 19 77 55 28 35 123 182 68 143 231 184 145 93 35 152 249 213
    141 208 238 148 24 115 44 230 92 1 147 81 20 175 28 94 214 46 218
    137 111 173 143 244 187 50 173 217 74 10 143 12 224 179 220 217 199
    84 124 44 160 4 225 73 48 132 23 54 80 1 126 132 229 41 146 238 123
    17 191 127 168 234 214 61 241 220 92 130 141 87 88 20 213 47 108 151
    191 219 222 241 0 191 134 80 76 62 172 44 81 76 156 157 47 58 223 4
    53 227 159 246 65 212 224 189 103 98 4 128 111 126 179 105 69 207 92
    172 62 214 66 224 188 238 220 11 26 78 176 160 64 18 254 232 182 11
    142 116 116 169 205 143 237 241 34 171 169 241 177 223 198 5 243 99
    45 145 95 247 211 63 223 81 26 236 53 149 118 210 51 72 84 9 37 136
    218 237 189 149 86 47 18 137 115 45 99 234 218 205 171 158 161 117
    65 95 96 148 136 141 170 235 181 56 191 77 83 201 120 45 81 117 100
    187 131 45 82 174 252 39 196 103 153 201 46 137 33 195 16 173 44 173
    67 192 212 222 67 148 20 219 111 250 181 192 201 227 183 228 204 162
    156 141 96 6 18 169 203 45 30 174 243 157 203 9 165 125 174 15 92
    101 130 228 81 117 35 123 217 206 70 186 126 214 145 63 204 210 73
    111 62 37 64 163 218 128 21 213 137 230 159 39 232 147 190 164 19 54
    41 111 169 223 243 157 34 138 103 169 31 232 255 47 12 78 170 162
    226 123 85 58 71 127 154 96 100 175 75 216 153 28 18 31 49 41 42 75
    25 204 195 246 85 24 158 22 177 153 203 73 37 53 225 254 252 228 3
    64 91 173 225 114 28 150 83 210 3 195 155 10 122 212 49 88 31 0 109
    59 110 26 117 222 58 225 125 68 192 192 2 208 42 175 80 226 132 65
    240 159 66 206 170 3 13 238 197 127 198 179 139 185 124 249 155 207
    41 250 3 167 254 33 79 33 220 194 179 246 226 152 209 91 71 153 40
    35 252 57 95 236 236 192 64 150 69 148 109 232 167 104 77 91 12 96
    251 234 57 253 115 255 10 163 89 66 19 218 186 8 107 33 166 236 204
    219 53 103 199 2 202 120 227 203 5 178 0 91 17 188 208 63 128 32 80
    79 63 200 20 83 89 114 170 228 184 150 88 133 95 200 196 172 28 103
    220 177 120 68 233 85 160 162 152 86 57 122 137 193 213 31 163 89
    110 183 198 126 245 236 176 215 55 230 198 251 175 16 126 129 54 90
    152 102 101 152 178 237 133 1 65 22 189 92 91 32 119 50 134 152 125
    130 107 173 205 52 84 34 248 109 83 38 216 70 27 52 84 156 200 105
    200 234 125 193 140 12 131 46 194 133 14 241 250 183 35 16 45 159
    210 209 5 56 130 121 103 29 115 135 89 55 11 73 177 162 23 139 141
    193 58 91 190 108 185 9 174 59 133 65 137 168 136 94 77 219 195 251
    122 35 20 127 208 163 171 159 157 207 120 232 214 162 122 151 39 183
    219 155 14 140 230 123 88 83 192 157 201 78 140 196 243 46 99 164 98
    101 109 123 81 165 1 163 13 82 158 159 32 48 47 221 115 38 29 86 76
    116 203 87 181 126 33 174 196 199 252 156 3 42 56 149 149 141 105 99
    18 130 62 116 76 233 146 137 84 215 98 170 170 71 54 196 123 123 229
    159 127 142 65 71 235 148 249 214 236 216 68 125 18 192 30 87 65 45
    98 121 225 67 208 36 192 211 118 28 193 100 122 80 237 187 215 88 30
    125 119 11 176 122 150 216 236 114 193 99 229 40 27 111 122 66 247
    32 13 153 33 224 130 179 170 33 83 84 108 74 45 24 234 21 230 183
    188 53 126 85 87 59 78 49 151 101 81 99 182 91 112 211 250 104 244
    247 15 251 179 6 92 198 65 30 178 87 107 149 1 121 64 123 55 25 116
    15 236 58 87 116 50 221 65 118 130 73 60 103 82 59 115 210 48 254
    186 53 30 59 126 67 57 93 71 68 172 174 80 174 1 97 61 225 139 127
    49 9 166 247 225 101 200 24 93 40 191 113 60 208 254 124 126 175 140
    57 183 97 148 96 179 30 0 176 106 10 76 87 86 23 193 187 239 114 98
    100 25 118 45 133 98 130 241 113 242 1 30 96 71 214 248 180 58 178
    67 45 25 67 85 174 206 19 83 175 121 51 167 18 48 178 58 240 26 30
    26 129 4 147 3 166 177 142 43 105 113 151 109 42 14 218 163 44 164
    154 80 126 61 63 153 52 229 107 241 115 69 65 132 124 124 209 209 90
    203 22 120 214 163 36 136 109 249 231 146 169 25 93 240 39 117 155
    251 72 93 15 120 231 98 97 74 159 206 82 36 196 81 101 154 64 52 9
    89 96 44 9 123 20 210 123 156 160 74 79 137 198 124 19 252 169 65
    228 107 203 54 87 81 116 123 45 116 139 79 241 48 42 176 13 231 4 3
    117 139 146 34 199 48 96 178 79 99 30 21 5 200 1 57 13 106 33 16 197
    2 204 117 229 167 41 21 104 235 35 139 38 2 142 22 52 7 168 170 201
    139 4 225 51 57 48 80 149 19 194 29 32 245 148 174 126 84 88 220 149
    142 109 72 168 81 194 118 172 57 191 231 150 107 67 69 114 215 225
    113 17 247 91 129 3 53 193 81 36 90 58 90 240 218 70 117 247 59 254
    179 141 138 161 212 204 203 33 38 53 254 134 36 146 155 153 173 81
    91 131 11 214 174 184 216 154 176 167 68 174 6 231 255 181 255 0 206
    101 39 159 172 155 146 18 156 43 151 245 42 168 43 251 25 17 58 178
    205 209 152 203 208 218 97 243 190 112 15 120 163 240 248 99 214 30
    82 193 106 224 189 150 3 46 193 246 144 57 65 37 52 45 135 71 67 73
    175 181 88 111 7 23 214 44 48 29 247 105 55 52 59 142 59 240 203 251
    123 197 79 132 33 49 237 185 107 184 176 140 19 102 217 148 81 94 18
    242 34 120 119 205 222 146 59 165 241 50 0 122 71 208 62 121 95 254
    198 134 216 139 24 79 249 35 228 193 215 15 205 43 103 200 16 237
    199 40 250 3 194 129 102 156 47 107 200 162 69 100 130 93 212 15 180
    54 175 18 1 101 165 98 97 178 226 181 128 33 94 3 246 116 130 119
    136 185 33 58 245 207 108 44 24 239 85 142 92 8 206 12 110 101 242
    229 13 68 46 75 97 113 78 10 48 96 175 228 0 221 218 246 207 38 198
    136 139 182 17 253 180 181 31 213 34 135 53 163 156 234 98 19 82 194
    63 125 83 237 157 225 162 37 212 43 99 249 125 206 125 101 58 58 93
    120 135 181 217 167 48 106 165 168 62 45 27 211 62 191 90 151 156 11
    121 238 63 43 97 174 193 92 70 247 207 145 54 83 236 34 63 180 24 25
    190 253 9 14 211 136 156 3 242 24 145 206 235 24 95 197 247 143 126
    14 141 35 204 247 186 28 122 5 207 42 242 161 22 96 68 16 148 245 72
    166 252 23 4 149 8 62 179 15 53 97 118 130 89 210 123 51 64 158 152
    95 170 161 213 228 124 147 102 99 143 84 118 214 41 150 231 218 155
    116 44 152 52 12 64 209 206 84 149 229 149 213 60 241 139 121 69 185
    163 42 219 149 227 224 210 181 21 254 98 120 235 90 156 139 66 35
    215 103 37 240 169 101 184 208 78 6 251 27 169 185 214 18 80 183 232
    73 29 199 239 144 148 188 44 195 192 197 164 65 180 163 108 176 140
    225 128 208 11 225 202 200 79 134 217 32 181 13 151 191 108 100 153
    189 202 117 49 202 70 67 13 107 61 173 212 113 60 182 31 211 139 137
    220 233 115 31 190 185 124 64 171 207 245 164 66 9 135 130 17 220 15
    41 93 78 123 219 156 142 211 202 67 178 163 201 77 10 129 185 254
    175 129 10 109 10 133 163 187 203 61 9 104 165 201 43 54 213 101 46
    233 101 46 36 169 57 142 84 190 131 135 89 254 86 254 180 136 18 231
    60 51 134 44 188 95 229 62 59 121 108 3 212 84 161 79 190 58 153 195
    27 199 173 183 87 23 27 70 28 98 156 239 126 67 236 94 38 48 177 167
    188 245 240 23 120 121 82 90 78 130 241 167 245 131 155 237 53 114
    65 224 25 114 45 107 123 13 132 232 252 167 146 7 91 131 46 91 80 69
    90 15 25 72 112 105 71 188 78 143 10 177 154 143 154 138 239 58 38
    98 28 199 129 45 145 241 34 118 24 128 152 55 66 99 245 93 181 230
    31 36 247 253 30 57 249 73 61 34 123 89 171 173 203 233 196 90 248
    161 120 139 192 119 102 141 13 83 207 37 112 140 136 56 123 1 223 55
    84 231 95 40 54 100 14 46 110 179 193 125 188 228 175 182 124 101
    245 122 175 11 84 14 148 112 26 239 83 153 226 178 79 231 110 169
    151 101 177 163 210 192 173 235 154 32 197 232 191 129 191 109 156
    136 97 48 96 92 116 196 207 50 207 150 54 103 48 204 170 250 85 250
    136 251 34 45 39 178 220 227 68 27 226 10 181 148 18 80 87 138 84 75
    2 224 219 67 11 19 194 7 205 205 116 244 55 63 31 253 213 107 65 188
    45 135 33 126 39 172 54 119 134 132 158 108 149 122 5 108 60 222 157
    66 60 240 159 224 65 4 132 31 135 220 158 38 20 132 69 29 116 90 42
    13 234 251 144 163 72 159 111 48 208 4 74 160 163 192 232 192 65 244
    34 119 17 236 226 250 250 39 222 145 92 49 243 149 109 214 173 186
    239 63 242 114 16 141 7 37 166 214 63 4 83 16 67 161 137 161 122 172
    14 48 90 62 241 203 206 90 73 249 183 105 113 201 156 175 21 248 89
    239 125 46 234 51 244 147 253 7 73 219 130 91 173 109 160 228 203
    156 254 230 27 167 61 152 249 209 172 241 174 234 219 189 60 183 133
    177 67 106 245 148 182 141 80 116 19 140 47 114 217 167 126 42 13
    207 252 152 184 85 90 115 43 75 80 93 148 163 165 73 118 131 163 234
    84 119 174 87 166 165 42 134 241 99 154 164 73 163 23 181 88 238 166
    189 127 20 245 141 79 150 169 29 45 254 217 204 148 246 165 143 233
    196 232 159 100 36 225 251 207 46 139 87 49 90 187 63 98 251 37 240
    246 254 157 28 100 89 47 47 219 78 199 34 15 83 238 44 123 188 216 5
    77 238 49 193 50 127 185 29 214 130 21 94 187 237 236 157 190 188
    113 207 32 122 85 50 87 177 154 220 55 215 215 141 92 40 30 23 20 95
    249 40 63 99 217 229 201 246 27 168 106 224 225 179 34 121 182 237
    232 60 198 71 72 186 231 26 95 239 104 135 155 60 35 233 39 126 68
    81 26 223 34 95 134 62 216 153 192 153 219 49 206 213 120 74 83 25
    114 1 234 149 228 25 80 61 228 254 159 47 108 232 98 145 241 161 129
    238 40 87 251 81 158 130 166 128 45 253 101 239 10 116 184 45 95 122
    176 68 53 135 238 63 159 191 65 158 160 224 203 9 74 135 171 26 118
    213 186 100 51 190 191 33 187 22 70 16 206 79 70 158 156 181 21 163
    240 185 243 46 191 124 162 246 187 120 31 97 142 130 26 196 211 140
    166 248 27 86 14 237 169 183 159 23 66 29 187 128 242 61 198 157 165
    37 22 255 71 100 6 60 97 253 220 61 187 118 178 109 21 91 229 232 50
    186 185 247 187 118 104 164 58 55 61 34 154 126 115 105 212 71 146
    65 37 201 235 148 101 28 176 151 113 117 32 109 242 115 150 194 110
    148 23 43 237 68 22 161 134 219 162 159 206 218 112 169 140 129 133
    70 195 123 19 136 65 10 255 122 223 26 225 112 254 207 85 146 5 95
    193 147 107 2 111 85 251 98 226 19 133 160 188 41 125 240 116 255
    243 204 205 162 18 132 209 193 225 204 143 38 71 249 42 61 143 12
    242 71 80 145 209 68 177 233 213 67 226 162 5 157 26 201 155 151 241
    63 133 112 57 39 66 180 126 133 228 235 239 168 91 47 40 208 121 75
    25 31 6 54 206 147 155 162 148 190 81 168 41 168 255 19 118 74 84 99
    43 41 133 48 252 124 6 142 68 89 167 31 71 60 132 85 174 196 164 54
    209 63 62 36 99 119 136 222 7 58 2 228 154 70 11 172 253 236 190 129
    157 158 51 248 229 254 206 70 84 250 178 83 140 82 34 187 102 121
    225 214 203 197 82 252 39 221 13 3 32 98 88 164 22 101 60 194 63 197
    59 193 101 171 120 248 126 128 59 32 201 42 248 228 113 6 246 72 132
    14 242 233 43 4 78 120 209 53 26 112 242 74 238 174 104 169 141 74
    252 254 69 204 169 27 167 52 223 210 230 250 0 102 128 48 39 184 195
    153 179 171 125 250 10 155 119 160 143 176 254 79 76 204 6 53 163
    232 139 231 119 214 246 129 6 68 102 120 6 72 206 75 225 3 36 186
    167 196 201 104 40 62 136 0 68 78 209 38 155 120 177 152 102 7 92
    148 145 119 160 152 224 161 14 121 30 49 77 205 108 171 200 122 57
    19 203 252 45 152 117 210 39 171 167 178 78 204 107 132 59 207 168
    96 252 32 170 182 137 53 38 137 215 28 11 184 185 62 126 98 26 84 47
    5 244 6 72 195 168 195 147 150 146 189 37 170 221 75 187 230 100 30
    9 218 193 110 118 69 148 24 106 187 6 185 136 241 131 116 28 93 115
    119 160 34 100 194 13 144 130 74 230 202 130 46 126 205 109 108 169
    249 221 129 164 83 244 123 34 226 46 71 112 93 217 247 132 1 55 129
    13 12 144 129 129 199 201 208 73 78 107 190 141 117 229 181 108 56
    198 21 240 75 135 180 61 50 212 164 21 82 202 163 122 180 166 206
    112 200 40 195 47 206 15 1 141 15 43 42 141 181 108 185 123 198 11
    183 43 139 75 104 172 203 218 226 122 122 198 157 174 23 32 27 85
    142 58 117 167 60 141 178 43 180 191 190 69 179 227 65 53 161 44 80
    68 177 5 168 211 78 65 145 95 203 228 94 87 234 209 208 110 240 64
    165 194 253 20 23 105 195 241 7 7 74 60 179 37 198 104 88 86 213 161
    65 77 251 183 75 229 158 246 202 246 190 220 136 192 194 211 201 196
    151 141 56 132 215 43 244 231 162 97 158 14 160 111 189 169 119 73
    30 106 18 111 122 220 97 234 17 34 209 221 2 190 207 71 93 183 47
    174 156 40 76 191 219 68 251 179 165 134 215 6 158 12 160 70 76 20
    166 216 230 183 134 147 85 169 17 192 179 133 38 232 175 28 131 0
    167 152 102 49 199 175 162 244 3 114 53 178 20 202 36 133 84 135 81
    53 156 96 77 203 226 72 122 247 28 139 185 153 137 0 235 13 64 207
    43 219 60 243 26 143 176 105 106 211 129 187 28 118 103 165 100 163
    111 95 199 60 141 156 116 28 138 213 187 142 193 184 120 143 217 40
    18 68 172 252 8 127 24 213 102 128 18 196 132 244 30 8 244 17 99 20
    43 15 188 238 86 62 144 132 177 252 104 132 22 225 237 237 183 202
    38 126 202 11 171 255 159 100 72 51 163 108 203 194 128 27 205 28
    170 223 10 243 230 78 175 137 92 189 164 82 112 229 209 46 85 84 161
    70 91 24 60 108 71 235 166 226 7 170 239 126 246 43 160 31 106 116
    227 201 97 137 168 77 165 54 91 192 13 113 155 95 79 111 133 253 216
    39 105 202 47 32 132 150 159 107 116 49 35 245 64 10 105 35 232 240
    135 116 139 167 231 74 88 216 12 215 187 113 117 36 63 115 32 205
    165 170 177 23 111 179 115 63 138 234 51 0 61 83 56 187 114 47 153
    172 97 220 239 205 57 65 214 168 107 242 81 128 105 54 1 168 193 227
    92 160 139 78 30 215 247 131 69 183 107 76 35 157 8 22 252 241 210
    14 183 180 51 234 55 218 80 244 139 223 48 174 62 78 123 76 102 130
    63 166 183 237 44 63 107 190 238 64 247 251 142 158 253 184 198 5
    129 215 81 75 99 63 226 157 234 177 192 115 78 182 4 28 155 158 32
    200 169 163 236 185 179 230 48 135 180 131 120 19 220 153 8 170 95
    168 219 7 169 191 244 92 207 148 227 49 243 250 132 118 245 152 107
    104 65 228 147 31 152 36 77 246 171 76 49 212 102 215 127 207 123 40
    41 43 54 95 191 129 39 41 112 251 12 53 182 152 54 160 104 15 108
    119 107 97 34 154 230 111 39 102 115 201 225 44 31 215 21 112 75 60
    50 247 16 69 109 0 8 194 159 180 70 162 168 86 229 229 184 7 45 92
    132 141 245 8 97 5 48 92 199 209 131 127 119 127 164 182 164 69 168
    225 7 185 249 151 115 210 218 173 253 61 155 47 222 74 227 230 88
    244 160 149 57 239 84 88 111 92 244 243 40 176 67 164 159 122 45 158
    18 134 157 152 225 107 209 232 122 157 67 45 226 218 84 189 137 168
    120 47 134 165 51 109 144 237 9 247 238 9 151 221 115 54 222 1 3 201
    234 166 70 190 116 178 209 71 59 99 67 233 146 158 43 5 169 177 39
    106 244 212 219 244 121 106 237 194 218 138 171 198 128 253 17 50
    151 198 227 12 71 250 104 238 50 21 220 84 122 228 73 251 74 82 142
    32 161 162 69 51 161 140 205 11 207 232 192 184 120 49 244 175 43
    247 91 110 197 105 98 6 120 187 62 153 215 165 171 167 187 86 90 154
    18 129 174 25 172 188 214 69 163 75 149 236 1 79 235 194 148 174 104
    235 162 69 10 193 73 17 122 122 133 167 156 177 93 142 102 13 47 67
    46 252 44 120 89 219 191 247 86 82 194 134 234 173 215 236 220 230
    241 167 199 173 137 241 236 171 105 220 228 41 234 82 188 192 49 208
    161 155 37 62 202 22 42 7 245 211 110 22 199 146 137 68 15 156 220
    221 37 36 31 45 192 94 113 98 163 74 19 45 36 39 49 222 229 76 160
    93 235 49 209 65 196 250 102 57 34 143 104 168 110 182 119 100 215
    167 154 80 117 140 72 236 104 131 27 128 101 35 157 160 148 208 232
    20 225 96 237 41 60 131 98 83 213 171 5 239 244 41 243 121 220 172
    141 103 66 151 199 245 246 81 243 86 88 139 19 232 91 184 159 126 35
    202 249 29 66 131 84 230 119 14 95 8 182 124 242 204 193 105 155 208
    80 108 52 5 135 96 233 107 30 13 183 5 221 234 63 182 153 98 64 192
    188 16 7 149 21 85 113 134 109 48 3 237 149 31 12 131 54 161 48 210
    99 95 156 127 83 42 47 162 128 213 97 225 90 176 40 203 157 70 126
    28 150 49 226 47 94 84 142 247 229 160 192 183 121 5 41 12 23 29 175
    153 0 200 138 53 187 129 203 143 236 21 15 154 155 223 149 106 155
    111 221 227 202 225 79 143 168 223 28 155 102 147 239 142 196 148
    224 231 180 22 37 239 31 121 97 134 218 220 45 176 212 161 40 170
    173 91 47 58 92 250 225 98 146 164 181 53 27 74 142 167 246 153 241
    42 61 122 255 241 154 12 232 150 237 117 129 214 244 107 82 161 158
    26 6 238 114 238 217 225 211 63 152 30 63 34 145 10 153 196 21 29
    245 15 199 49 162 168 113 78 8 103 202 164 254 165 201 28 76 151 96
    164 137 198 230 189 72 2 232 220 103 132 208 97 203 117 233 168 90
    83 123 229 109 12 255 254 34 238 31 29 201 170 250 253 171 139 139
    183 18 78 213 31 92 164 240 19 9 133 120 136 130 188 180 120 105 46
    74 116 229 100 188 211 38 40 128 61 129 50 53 117 68 61 254 199 4 63
    4 135 114 210 116 14 200 217 237 122 6 154 191 46 77 49 187 26 117
    228 168 86 189 33 169 93 202 122 51 202 110 243 7 17 37 252 152 249
    208 19 27 223 153 55 242 129 38 208 246 125 58 166 127 229 97 54 177
    230 5 31 95 195 188 240 165 196 99 161 76 246 254 8 118 159 105 204
    111 21 142 107 227 178 96 186 53 12 30 3 69 204 171 203 31 139 181
    132 43 72 6 110 121 45 109 165 192 229 81 130 107 243 182 237 82 126
    252 22 1 189 104 247 113 16 184 188 0 17 70 1 61 180 80 11 151 210
    25 27 190 154 148 49 69 63 175 166 90 100 95 226 107 196 81 63 115
    131 0 242 100 127 142 165 255 16 29 183 125 80 1 60 88 251 129 114
    243 250 30 18 69 12 25 73 112 169 70 121 180 75 187 137 123 12 126
    70 133 153 148 63 148 254 66 215 171 224 36 149 17 27 38 217 22 73
    196 233 119 11 235 40 50 128 150 123 188 44 112 43 98 217 202 173
    147 208 58 213 124 137 169 119 222 24 20 1 225 176 18 115 62 168 140
    57 228 37 103 139 197 41 153 192 183 65 204 103 209 102 49 58 64 106
    199 138 198 42 15 232 109 201 111 203 52 44 30 56 97 128 88 226 191
    166 100 215 44 40 233 66 91 108 87 27 189 220 152 243 113 44 92 38
    29 214 208 120 182 94 75 105 170 78 132 86 173 230 135 253 254 129
    252 37 235 187 126 37 243 61 74 133 59 115 4 182 39 62 130 217 170
    227 57 161 13 170 15 57 174 171 234 86 119 76 182 44 87 221 66 172
    162 246 249 129 217 181 13 7 52 91 77 10 77 179 237 41 98 69 144 81
    62 67 62 38 178 143 201 125 54 60 85 206 148 164 225 160 233 82 247
    51 79 197 18 104 96 184 222 155 198 71 140 252 117 186 28 46 84 245
    235 24 211 80 122 37 157 130 32 40 8 151 194 132 94 108 227 129 59
    247 169 65 129 243 184 200 198 79 208 129 204 142 91 213 188 105 226
    255 192 91 229 129 165 135 211 81 7 118 73 183 100 127 149 180 59 50
    115 201 94 81 143 158 158 1 140 119 156 67 188 223 93 51 209 194 4
    192 225 23 197 242 249 25 130 70 73 90 210 152 79 64 120 133 112 174
    51 167 231 170 119 115 106 121 192 66 211 64 135 11 14 30 2 94 23
    120 84 126 231 233 143 202 5 148 109 99 146 73 46 76 136 27 155 203
    114 95 12 192 16 125 227 251 110 156 107 209 226 101 7 207 223 122
    98 192 83 119 0 167 240 203 37 52 178 148 89 249 254 43 96 156 123
    119 19 34 151 30 224 2 159 226 201 184 28 43 113 26 206 215 44 59
    228 69 139 108 229 254 245 101 235 79 203 24 24 142 141 77 252 237
    109 21 86 21 140 85 64 228 170 40 189 141 166 43 74 63 68 62 19 63
    174 64 240 87 65 19 98 16 88 104 140 155 93 72 150 50 118 121 193
    105 53 125 159 88 67 0 63 178 114 94 253 161 43 241 82 170 50 156 43
    89 228 245 147 222 115 26 115 163 56 244 220 167 95 44 91 249 157 21
    225 149 6 160 151 65 141 187 159 245 56 251 18 93 54 7 220 250 40
    153 237 83 191 183 157 141 198 254 155 23 87 96 172 75 188 95 75 178
    94 43 157 21 241 53 240 8 120 234 130 17 132 123 252 75 74 8 24 242
    19 89 10 196 88 13 74 231 30 30 208 242 205 200 113 81 87 219 1 29
    112 155 72 107 138 93 163 33 88 236 140 154 69 218 45 19 32 255 12
    160 103 130 164 34 75 37 104 115 37 104 138 191 217 215 178 234 135
    219 153 100 48 38 184 31 84 3 84 187 221 220 255 30 1 221 114 80 246
    143 66 9 25 243 210 37 103 240 97 34 18 242 209 77 255 206 149 94 61
    90 30 229 94 169 208 88 51 26 246 197 199 224 107 24 78 42 20 133
    204 94 6 16 102 20 41 140 150 97 34 65 244 81 233 178 186 254 3 2 75
    53 238 44 118 116 83 167 61 18 232 243 121 148 99 125 222 205 154 22
    134 104 226 242 130 119 41 170 4 106 91 243 247 253 143 119 255 64
    156 14 175 63 239 121 232 38 53 139 206 51 117 199 172 165 76 244
    233 233 206 85 249 251 199 147 114 212 189 169 240 181 238 81 145
    216 88 110 92 18 91 190 242 175 77 183 75 209 56 169 105 211 93 112
    78 206 91 15 106 240 134 220 136 31 57 181 188 38 190 131 15 109 104
    6 224 227 178 128 148 70 115 79 89 40 5 234 244 86 192 149 108 178
    30 228 185 36 254 225 225 50 222 58 87 40 224 146 37 13 218 218 130
    87 34 130 36 30 102 170 250 150 178 238 4 178 31 96 182 156 136 153
    141 2 241 17 87 252 251 180 31 108 60 247 177 34 78 89 45 142 198
    165 37 195 105 46 45 84 117 53 202 163 55 242 253 105 16 45 244 218
    197 51 175 248 37 247 170 225 236 67 131 137 5 107 78 84 128 83 7 82
    151 154 212 231 83 215 202 232 2 223 109 207 167 160 196 74 218 167
    13 16 119 219 152 175 211 203 177 82 102 30 249 55 48 89 199 33 73
    61 94 18 97 27 26 23 117 108 74 198 116 126 11 166 160 254 46 45 210
    17 178 58 235 158 87 38 249 31 161 94 19 235 29 61 250 12 132 146
    128 77 247 102 192 186 53 73 70 157 106 252 49 100 52 226 41 165 159
    45 18 18 141 189 164 158 43 4 246 54 57 170 164 145 18 161 149 175
    121 213 203 89 132 143 143 192 220 89 171 146 115 87 80 246 116 51
    124 44 80 176 38 189 191 40 133 104 246 196 98 90 74 180 235 231 248
    184 201 155 18 229 86 190 206 230 122 112 251 252 83 1 41 220 244 94
    220 37 21 78 222 70 176 7 195 112 164 68 160 124 121 245 130 10 225
    127 172 39 227 121 193 188 140 122 7 63 47 24 45 218 199 248 204 174
    180 97 193 236 26 70 36 29 218 192 130 128 161 49 152 87 2 176 96
    242 127 198 70 113 8 140 209 151 217 44 39 155 111 66 127 10 115 227
    110 23 59 61 197 55 0 111 160 196 110 56 70 64 97 217 78 220 154 241
    87 206 60 237 102 140 222 193 159 147 36 230 254 217 164 58 248 40
    108 159 32 186 247 155 59 230 31 77 235 105 11 193 231 3 7 248 31 87
    212 223 172 153 33 69 248 164 30 252 146 4 16 207 152 192 206 204
    106 23 193 98 213 232 73 193 186 249 27 38 202 36 224 174 113 23 166
    101 222 13 241 25 149 118 251 23 157 50 129 206 43 60 131 171 101 69
    58 178 226 94 73 17 89 175 1 3 36 160 138 52 218 141 30 245 23 38
    166 175 170 172 147 178 98 239 180 237 134 134 237 199 160 54 201
    123 95 157 59 217 9 118 154 196 132 161 140 0 148 171 22 198 18 79
    49 27 34 15 6 199 149 61 211 225 247 44 187 195 168 212 120 59 233
    16 27 224 219 139 155 83 76 221 95 215 20 108 26 227 19 39 154 224
    206 179 8 69 187 162 94 185 87 50 151 77 12 48 138 223 118 51 44 234
    164 220 111 16 188 215 34 246 250 144 254 93 142 10 55 234 1 54 83
    243 107 207 128 212 28 87 136 188 241 161 248 116 75 73 120 193 64
    177 237 53 244 26 49 97 154 7 175 255 207 124 236 25 113 203 98 174
    141 41 123 166 94 9 175 156 164 64 8 207 44 79 158 167 119 93 100
    169 39 137 228 88 77 156 211 6 130 73 213 6 51 252 204 206 12 135
    127 216 60 179 178 106 80 90 0 84 4 0 24 140 59 176 98 243 108 163
    96 186 99 4 145 106 18 57 117 239 222 15 107 146 114 82 40 255 209
    70 127 215 171 212 56 128 250 23 132 203 97 107 75 155 66 16 178 101
    62 172 19 92 86 98 64 10 175 244 254 40 233 36 151 251 189 175 69 60
    171 171 42 153 101 68 149 157 1 254 169 34 255 237 236 42 70 44 169
    8 53 244 148 161 241 16 179 99 40 43 139 100 157 79 166 126 22 138
    107 84 233 95 212 168 255 238 150 93 116 125 202 130 105 38 186 4 17
    167 203 214 131 154 84 191 45 43 150 239 72 108 44 96 73 223 168 61
    228 204 43 191 160 9 217 239 121 4 245 100 65 156 169 236 58 153 242
    163 239 82 128 3 232 70 226 82 87 171 191 244 214 16 136 113 51 178
    211 111 182 155 211 236 25 60 182 35 133 166 42 198 20 82 108 49 66
    83 15 37 223 242 246 252 121 191 98 82 165 35 252 179 28 67 33 119
    78 70 173 214 85 161 172 181 31 48 58 183 69 22 175 56 133 74 28 241
    201 254 158 193 72 202 3 98 172 182 217 142 136 151 133 185 30 203
    207 125 158 227 243 5 193 113 111 26 94 210 156 29 134 19 63 188 19
    214 180 121 1 109 18 125 3 247 35 68 163 160 243 188 223 5 212 74 98
    68 169 27 165 126 188 150 12 149 196 229 219 99 113 223 54 236 191
    45 50 72 207 75 183 104 175 127 109 111 229 40 68 12 178 210 226 42
    23 34 10 186 107 148 211 4 172 14 102 229 111 64 171 174 105 28 96
    78 62 221 245 153 235 33 108 230 147 129 120 103 91 183 111 207 196
    182 0 250 6 134 24 174 47 38 178 6 16 136 29 190 12 190 51 219 24
    191 211 175 149 37 164 220 19 193 29 91 232 137 118 210 173 125 105
    24 243 193 98 17 166 201 85 25 103 12 11 171 72 178 36 226 183 220
    245 75 97 239 73 128 128 217 253 196 185 98 238 223 156 23 11 50 8
    162 26 7 71 143 50 100 11 157 190 136 111 45 12 189 72 55 247 82 246
    155 19 234 25 66 18 188 114 52 106 199 189 99 220 234 121 63 17 204
    114 237 190 94 35 153 57 46 9 240 245 7 195 25 121 98 193 163 102
    244 100 187 82 225 90 240 78 182 149 33 174 214 158 139 62 6 157 102
    127 170 50 220 89 76 172 146 77 1 176 51 30 15 143 141 190 126 240
    212 9 17 112 28 179 217 171 42 20 85 135 54 122 26 125 240 149 209 6
    175 75 140 48 78 91 109 85 172 169 218 215 33 60 83 178 250 98 241
    188 125 85 39 243 68 78 148 142 57 170 149 250 180 170 246 80 182 79
    241 226 129 128 141 107 113 222 9 96 86 25 131 47 111 150 54 119 134
    145 178 127 133 231 212 30 133 21 105 215 205 40 14 79 13 2 171 3 27
    102 85 172 139 0 6 14 8 45 196 79 190 35 165 221 46 171 97 174 207
    85 68 28 107 50 229 214 15 140 49 51 248 131 45 249 94 188 124 65 30
    128 123 40 176 168 65 46 11 81 94 93 230 122 150 229 211 59 140 146
    39 143 44 244 175 207 206 85 242 105 61 229 189 81 34 138 209 137
    194 190 60 168 71 151 135 119 155 222 105 192 55 150 70 217 74 87
    248 194 215 52 93 165 129 16 13 135 36 197 254 251 219 183 2 69 185
    19 119 26 181 8 186 106 184 62 215 178 177 64 112 80 213 198 98 158
    188 204 43 247 139 155 189 179 43 118 115 55 144 110 22 60 248 150
    215 240 143 105 26 105 17 233 151 189 22 74 43 96 96 130 155 194 97
    247 95 48 166 2 0 150 119 62 201 130 63 156 194 39 25 206 90 202 157
    23 245 27 108 181 145 139 58 53 138 45 223 56 153 10 232 159 4 222
    246 5 100 154 140 209 11 85 151 115 170 171 181 106 253 171 104 203
    44 249 86 63 201 131 213 210 37 209 48 50 57 134 87 243 68 1 6 203
    93 99 110 92 226 238 127 157 3 142 160 179 243 163 168 142 18 100
    250 56 57 144 63 169 213 89 137 30 40 93 165 102 52 186 240 191 174
    254 190 45 174 247 229 156 56 81 242 191 107 117 205 9 193 60 230 29
    165 121 125 41 135 1 139 9 12 24 122 113 217 154 70 58 184 87 21 86
    30 105 140 172 180 178 254 75 44 86 173 120 235 239 157 221 0 13 206
    227 6 98 251 158 171 42 28 57 3 176 217 225 122 118 176 113 57 157
    190 225 105 72 133 223 167 242 164 98 13 59 255 85 108 217 168 143
    129 206 165 93 204 24 100 28 14 172 131 230 47 34 168 239 24 37 227
    50 38 243 133 29 2 215 245 203 3 63 223 255 207 71 156 131 15 123
    240 191 135 151 76 207 236 157 240 131 15 246 145 122 213 45 126 209
    7 233 237 16 198 234 71 150 148 104 190 85 14 51 8 170 227 24 168 67
    32 205 239 82 231 251 44 182 214 3 114 153 240 151 66 8 132 49 56
    140 238 137 214 76 87 149 67 1 139 86 80 130 57 235 9 30 64 83 191
    155 111 12 140 172 82 82 160 20 120 82 153 39 223 11 106 118 167 9 3
    189 238 2 199 41 133 229 195 151 44 137 167 43 253 185 150 115 227
    54 104 213 218 144 63 125 229 194 23 30 95 195 27 165 1 215 50 105 3
    144 124 70 157 21 79 171 145 174 111 244 86 236 172 208 133 52 89
    108 111 172 225 73 22 232 225 136 6 125 162 106 158 241 232 25 136
    90 211 5 187 53 220 22 70 155 12 116 210 31 239 132 159 102 220 95
    80 16 85 196 221 210 70 113 83 184 21 139 197 244 102 7 106 57 8 182
    118 206 201 34 173 188 72 54 228 98 29 104 150 240 35 217 43 167 81
    75 153 189 251 34 40 83 216 225 184 64 96 211 90 43 19 131 173 20
    163 48 47 188 11 37 209 141 246 2 176 231 212 248 20 178 25 149 227
    141 22 231 99 35 51 35 70 188 34 164 56 174 134 31 160 192 148 15 94
    173 63 168 233 21 198 251 207 78 180 47 119 93 156 120 211 39 204
    164 237 126 66 13 214 48 208 175 208 93 138 194 175 81 92 92 8 20
    233 173 229 45 98 245 253 52 149 89 112 199 136 67 22 212 230 115
    218 4 240 141 158 206 74 47 218 213 88 57 98 214 173 150 11 136 108
    6 48 72 172 237 220 28 176 50 223 243 167 54 159 236 230 82 240 247
    167 2 129 187 229 227 151 150 206 221 62 66 118 194 245 157 149 136
    20 161 203 37 119 201 157 193 109 131 2 150 41 21 128 128 147 66 190
    11 122 88 246 79 160 219 63 101 133 230 87 0 216 94 126 246 132 121
    26 23 127 63 138 218 34 246 156 190 104 205 154 123 224 126 234 182
    167 38 54 133 232 140 137 33 95 170 34 111 10 243 35 213 246 117 159
    37 92 87 18 73 171 200 159 182 23 212 200 61 69 48 158 62 124 107
    189 147 194 230 51 214 121 30 70 185 234 76 4 226 152 76 41 207 242
    230 207 4 247 232 223 164 103 55 74 169 152 187 141 90 94 236 166
    103 81 79 223 44 83 203 215 125 101 123 255 250 180 22 150 74 140 36
    86 222 65 111 71 230 40 252 105 207 2 138 205 195 174 49 6 210 211
    211 37 33 38 224 251 64 211 77 4 11 131 187 52 230 212 225 126 122
    248 227 177 172 19 15 237 90 45 7 59 255 224 216 83 128 248 121 197
    198 17 172 90 226 81 209 4 121 189 98 145 109 42 148 186 90 118 0 44
    67 41 221 234 104 221 192 237 82 69 128 255 34 32 141 251 229 237 17
    55 32 218 252 108 110 230 129 237 254 121 241 49 1 164 110 81 248 22
    108 124 76 38 26 223 244 103 48 89 97 254 123 1 234 108 147 234 168
    59 231 171 26 51 235 116 56 159 11 240 206 172 47 191 4 28 41 231 66
    42 210 107 68 60 244 178 7 242 34 142 254 18 56 22 250 3 224 211 143
    168 91 40 137 92 106 214 208 97 202 38 229 98 215 41 132 21 161 65
    39 231 171 47 102 105 88 65 169 229 138 172 190 39 50 240 214 78 103
    70 33 230 27 83 83 67 122 231 50 85 212 156 208 107 3 133 150 45 24
    37 155 9 121 213 132 236 142 206 213 101 138 58 136 243 129 254 171
    172 125 25 11 200 144 181 126 32 113 16 150 53 15 35 138 195 44 208
    155 107 83 98 9 14 227 134 42 48 220 158 76 123 93 104 70 217 21 204
    143 245 78 25 103 151 36 66 34 129 222 222 151 4 35 184 249 78 108
    253 7 229 155 34 122 83 33 190 100 8 43 45 136 92 232 16 130 20 33
    54 113 92 156 244 92 194 39 114 66 54 143 183 208 108 132 70 242 223
    112 240 188 20 243 219 22 101 240 187 220 102 47 84 100 131 4 197
    201 145 59 248 119 148 56 19 147 253 159 99 238 82 32 165 220 239
    130 76 197 165 35 103 226 114 44 190 23 245 203 55 180 157 210 94 62
    43 158 140 182 45 28 185 83 54 237 56 19 90 52 111 197 194 193 96
    220 10 53 232 100 42 61 191 79 155 120 114 226 247 197 151 92 67 55
    220 42 146 6 64 177 3 170 136 230 207 182 180 69 155 170 63 0 152
    238 51 9 250 214 241 104 62 170 7 192 203 228 40 210 7 106 63 182 73
    128 255 79 174 204 72 233 230 155 100 128 111 82 10 252 203 102 26
    36 214 236 37 135 104 134 190 173 29 172 17 206 113 135 222 253 56
    34 181 141 96 109 69 55 77 245 12 118 111 77 234 202 212 187 227 145
    117 139 121 34 4 111 241 144 129 42 199 90 19 83 132 139 13 3 0 209
    134 225 171 10 13 100 147 253 105 22 255 40 102 13 94 113 85 60 182
    16 78 105 77 191 206 244 37 243 30 150 91 181 188 112 204 109 121
    188 182 231 186 100 70 188 118 67 44 110 90 20 110 12 99 194 39 171
    123 152 36 218 29 107 163 0 64 221 122 128 187 220 186 251 148 198
    68 15 253 87 2 100 23 175 47 158 103 196 54 94 147 221 213 146 239
    226 147 187 108 212 189 115 6 198 9 139 131 156 172 49 38 171 85 164
    205 229 13 171 119 239 55 211 221 48 243 189 24 220 154 98 156 128
    68 223 145 201 107 92 125 151 89 54 111 143 119 126 42 199 40 54 241
    40 150 16 88 182 134 119 120 186 132 243 185 201 187 110 190 76 4
    187 229 207 251 85 179 38 241 115 160 247 208 10 241 222 186 156 233
    5 80 195 178 44 188 87 239 118 214 95 227 22 68 208 240 43 79 94 224
    14 27 103 73 65 99 130 207 133 18 167 51 183 217 164 208 48 234 193
    244 18 18 71 121 252 31 138 8 195 148 98 52 230 36 166 183 159 219
    40 132 228 125 190 188 217 100 100 101 85 33 90 137 243 136 166 38
    26 165 117 138 159 103 82 222 171 201 175 155 90 226 134 48 96 125
    236 137 255 180 103 225 249 238 139 1 203 231 188 14 121 128 121 85
    119 118 127 55 19 132 246 55 88 186 50 163 179 250 247 79 34 145 241
    189 40 217 121 203 23 0 198 250 249 81 190 112 143 102 151 88 116
    152 24 53 107 107 95 208 118 140 22 85 196 38 77 182 50 57 192 177 5
    115 182 123 173 167 52 54 242 212 112 206 209 85 224 190 22 153 146
    148 12 19 112 52 84 48 197 67 154 237 233 94 148 164 163 22 63 200
    127 103 237 81 227 218 187 68 64 155 75 106 94 209 100 219 204 23 29
    140 123 207 74 9 58 140 76 10 69 174 128 188 92 50 99 229 2 225 200
    141 5 117 203 102 118 54 236 223 207 79 2 51 155 113 9 232 172 63
    233 5 222 154 18 155 11 83 251 114 7 235 3 93 14 212 67 52 46 134 76
    95 35 174 225 24 14 17 47 94 104 222 1 188 154 210 1 232 170 36 186
    126 222 98 68 134 7 107 109 144 211 97 150 149 186 45 175 6 234 111
    91 3 35 57 235 190 149 45 39 103 235 139 246 118 227 214 153 120 28
    122 85 113 200 125 102 29 253 31 196 234 84 168 205 23 92 47 117 38
    124 141 157 176 112 134 173 234 137 236 152 134 21 110 187 54 172
    228 148 144 169 146 166 85 180 31 4 31 61 108 198 78 28 126 178 168
    65 123 5 19 230 162 118 205 24 84 173 224 109 94 112 135 77 98 154
    109 137 2 85 72 250 198 76 117 32 183 156 179 72 243 143 33 69 163
    152 71 201 210 160 249 71 143 176 206 31 169 216 86 109 208 236 156
    3 176 228 236 4 78 233 129 152 202 252 68 49 224 154 13 20 174 180
    83 88 240 125 104 236 45 177 127 120 239 21 212 45 5 210 110 49 94
    241 55 125 134 96 152 44 69 202 174 181 244 61 70 123 200 23 238 73
    207 215 65 8 82 112 169 180 170 237 61 177 10 231 90 187 112 197 59
    176 12 122 238 203 160 242 92 132 17 223 150 152 202 26 178 43 38 26
    255 112 44 19 205 122 139 223 211 223 250 142 3 208 14 240 0 185 104
    190 7 4 108 95 238 117 36 254 178 233 33 249 125 54 243 193 1 2 236
    19 183 25 81 62 225 86 119 123 196 102 15 143 244 253 77 45 57 159 7
    88 247 8 213 245 211 12 240 206 117 88 166 104 33 125 43 80 104 181
    176 27 0 73 100 29 240 228 255 255 36 47 24 233 51 12 72 231 202 87
    30 48 235 155 31 200 79 71 6 64 85 130 83 196 183 229 170 159 233 64
    237 225 119 187 138 223 82 31 73 167 111 174 235 205 100 255 50 71
    142 243 12 2 14 118 174 219 120 20 231 171 249 155 128 50 238 206 80
    246 149 55 185 140 118 16 65 20 123 140 104 82 149 94 28 207 41 155
    20 244 85 174 188 48 34 20 101 10 129 201 92 146 112 64 96 50 10 245
    43 26 254 39 202 51 63 218 63 52 253 140 158 171 60 36 165 1 87 181
    166 158 199 29 165 148 217 230 200 94 119 178 170 252 100 21 226 112
    141 110 186 239 138 208 50 176 28 122 15 115 202 115 148 82 130 31
    221 64 187 195 228 12 87 60 140 138 76 207 185 210 136 165 122 64 98
    61 158 59 81 19 144 207 162 34 216 69 204 247 250 142 187 62 144 130
    111 75 144 4 30 240 187 145 134 229 1 139 122 239 33 3 93 202 193
    228 48 133 192 200 26 36 171 111 22 173 183 96 39 182 207 35 210 20
    241 178 162 28 224 234 13 159 55 129 68 129 164 46 107 57 116 157
    239 136 78 15 122 90 134 203 171 149 26 107 33 134 92 185 66 70 119
    103 255 203 209 24 104 191 43 186 234 20 100 35 91 201 29 160 35 198
    190 157 180 198 244 53 244 61 171 163 35 68 4 113 216 156 215 91 56
    198 211 62 185 3 197 186 172 102 150 219 16 161 5 87 14 141 97 139
    161 236 48 198 221 132 51 100 149 31 248 96 250 146 189 60 240 204
    204 104 233 129 55 117 148 135 95 33 164 83 64 110 43 127 148 196 48
    54 121 121 170 53 33 51 246 86 174 49 141 92 143 68 224 85 68 173 54
    214 124 150 38 90 6 215 241 105 100 108 127 187 182 107 61 141 2 117
    169 204 46 209 82 203 7 204 233 200 245 63 236 5 125 123 21 112 70
    127 25 49 3 155 33 86 175 18 156 153 152 73 233 207 223 226 239 71
    218 147 153 58 42 72 149 134 86 89 230 167 18 176 55 114 228 143 130
    102 94 5 157 54 219 108 191 160 134 148 109 117 252 221 146 239 31
    91 120 90 22 37 227 112 193 243 91 8 10 40 210 68 100 148 66 136 9
    25 85 185 52 178 90 139 237 101 249 114 32 0 158 36 217 115 150 255
    165 146 150 8 148 146 11 119 57 244 226 154 32 69 199 150 157 73 150
    140 120 247 47 100 96 121 111 37 13 36 18 210 1 178 38 212 178 237
    77 210 254 34 127 22 187 40 241 131 50 164 1 174 205 10 208 198 203
    95 125 33 130 3 177 198 176 40 189 36 180 84 28 218 54 67 201 213
    132 245 165 220 129 139 57 231 22 190 232 107 159 238 60 48 98 255
    109 156 166 216 243 157 121 243 217 48 185 163 157 237 160 44 95 240
    147 42 197 19 100 58 111 208 82 218 180 121 199 153 203 165 221 76
    106 76 218 193 9 187 179 198 24 67 140 191 59 55 4 61 237 71 202 124
    104 167 53 160 204 157 112 109 84 179 251 227 51 175 250 41 220 217
    44 248 64 213 217 239 153 250 98 7 247 94 4 93 162 241 215 0 99 90
    242 75 107 56 154 215 195 42 210 227 162 221 206 107 157 80 148 141
    117 245 37 58 240 145 125 60 0 175 202 142 174 117 64 65 115 151 80
    138 154 253 74 126 19 200 6 14 188 20 200 74 67 142 179 147 223 207
    8 104 219 223 214 55 89 187 189 234 209 184 233 19 42 248 170 0 232
    72 75 250 205 91 224 149 254 196 109 192 13 97 80 19 206 205 120 11
    82 90 187 114 190 27 141 164 105 119 65 82 93 182 36 66 63 224 155
    16 192 16 116 101 134 5 94 8 70 152 42 62 118 44 228 55 168 6 110
    233 104 28 106 68 229 182 21 85 12 112 70 213 232 30 139 23 116 248
    75 226 209 42 109 211 24 32 179 86 20 164 86 155 127 35 213 167 84
    229 240 85 13 122 132 246 51 113 233 208 51 133 127 162 237 204 160
    163 139 109 110 55 212 82 142 26 6 236 131 11 198 253 167 118 77 34
    152 232 24 61 56 103 151 163 71 242 219 210 80 25 101 81 137 53 230
    205 62 42 87 69 152 159 169 167 35 160 253 238 148 160 8 94 202 97
    156 206 244 147 210 167 174 202 215 142 224 193 94 27 119 157 81 247
    95 190 232 91 5 122 235 105 116 237 189 107 170 122 129 222 24 52
    207 11 183 215 233 128 45 217 10 225 38 87 126 131 155 84 55 27 114
    50 137 239 143 101 80 94 227 124 227 52 135 230 128 9 180 175 177
    238 192 178 102 176 200 119 218 127 127 48 34 96 58 78 83 109 218
    104 0 74 24 44 58 116 62 185 253 106 107 88 131 99 119 30 104 128 32
    23 162 111 16 240 170 56 27 59 180 81 155 96 126 206 70 139 171 45
    79 17 7 254 228 183 178 158 176 25 138 103 102 126 136 223 233 205
    183 233 25 211 156 65 189 27 59 48 221 87 44 233 181 25 222 39 79
    177 69 0 19 130 100 71 196 2 43 19 5 243 54 53 224 214 241 12 73 109
    69 28 137 252 125 157 62 26 182 216 255 11 62 1 10 39 247 216 195
    206 106 90 50 163 131 114 133 145 60 82 253 254 106 185 147 214 203
    198 211 202 235 129 47 54 89 85 157 226 253 48 153 31 244 71 241 123
    234 101 240 89 44 231 147 183 103 51 56 57 100 147 112 24 172 10 126
    218 169 10 20 159 124 249 94 34 166 128 247 49 216 188 153 68 78 12
    165 11 93 144 236 33 173 96 63 121 243 63 85 194 166 227 111 41 153
    202 180 117 20 188 62 191 19 94 63 214 94 38 252 39 74 73 148 99 149
    166 30 28 214 111 217 170 40 200 172 179 130 59 172 125 3 120 247
    198 197 208 174 99 213 86 252 120 39 204 132 102 140 119 14 215 149
    215 169 109 100 78 55 45 250 107 109 188 207 171 102 155 131 107 29
    77 242 204 168 87 174 47 47 222 202 97 27 142 166 169 13 188 239 136
    203 186 204 146 20 243 250 12 234 232 20 78 103 233 15 49 3 138 242
    149 31 29 41 181 155 54 231 189 120 194 247 28 245 2 145 197 36 13
    49 250 99 213 112 153 118 22 232 254 117 207 149 33 16 77 15 156 118
    164 231 154 103 133 5 2 72 205 93 105 48 182 186 170 150 163 188 155
    90 140 26 64 170 151 123 22 241 65 122 237 115 18 99 86 85 110 151
    136 255 139 69 184 244 153 16 24 143 95 236 81 32 19 183 191 175 100
    221 77 150 110 143 177 1 21 202 57 41 31 114 55 10 38 163 231 28 163
    79 102 181 154 179 239 67 133 153 159 108 117 118 54 216 151 97 16
    106 180 128 52 152 163 196 248 178 218 67 120 17 120 67 35 193 198
    223 240 25 126 75 246 198 4 114 250 193 223 220 203 29 216 131 92 31
    27 141 166 207 173 87 33 133 198 22 37 13 98 185 20 199 26 83 93 102
    185 171 59 123 77 1 136 193 185 37 68 137 212 176 114 243 179 229 36
    70 180 148 101 221 197 135 202 42 103 182 150 22 243 192 68 255 5 27
    2 137 202 204 76 160 151 20 196 144 52 74 58 112 61 206 38 28 8 231
    28 97 140 174 189 174 246 0 137 32 252 48 182 118 20 37 160 101 255
    18 162 217 155 168 250 68 138 108 46 26 26 131 163 162 183 161 223
    34 80 194 5 138 80 206 223 17 46 192 14 11 168 136 140 15 165 85 103
    96 110 37 215 180 253 249 110 103 13 206 162 65 3 50 139 55 48 21 42
    118 17 253 130 208 66 124 192 254 163 230 2 178 171 151 116 180 177
    240 232 202 89 123 186 100 121 35 167 100 21 198 179 229 65 178 101
    247 137 33 166 178 198 16 20 34 57 102 60 181 153 233 246 240 251
    173 97 74 23 185 136 144 66 43 181 161 114 115 52 130 129 36 143 212
    40 93 183 26 99 104 39 111 147 156 45 71 145 169 75 199 27 130 60
    131 11 43 149 116 34 12 113 252 214 254 134 241 152 187 72 159 121
    176 1 174 251 149 140 179 127 165 255 26 81 58 90 91 217 241 48 98
    132 100 109 216 122 179 216 189 202 192 196 100 137 149 12 224 133
    96 192 132 213 222 213 6 135 79 173 168 107 49 96 253 32 248 196 141
    210 253 57 187 229 10 148 45 138 133 232 67 3 73 226 75 250 20 170
    154 138 128 221 115 103 115 77 23 226 155 91 123 179 73 19 162 69
    100 237 204 138 106 50 241 58 62 218 153 50 108 193 210 119 20 229
    173 153 97 133 127 116 245 59 117 61 60 120 7 71 14 176 38 156 87 29
    235 55 226 238 92 51 191 87 218 225 158 9 70 20 73 235 89 41 64 74
    32 22 143 255 210 199 5 11 184 232 255 62 116 147 246 252 83 33 75
    35 162 231 140 255 193 55 44 140 121 151 152 59 218 64 62 93 221 106
    243 22 218 8 164 198 210 36 188 165 254 189 228 123 3 243 161 190
    101 236 46 65 248 97 247 110 118 84 202 155 83 15 54 217 32 71 137
    40 111 78 96 255 180 3 184 52 131 72 143 121 99 207 255 27 103 74
    111 108 183 124 158 120 144 77 155 98 28 30 119 244 153 222 206 133
    9 202 224 38 172 232 225 100 205 254 212 85 8 15 34 103 198 69 88
    249 147 211 42 64 134 93 118 124 144 217 253 180 129 171 46 192 75
    81 103 106 233 249 74 128 114 77 24 161 163 130 92 172 178 145 118
    44 245 210 235 136 24 220 51 249 78 111 255 250 47 36 246 221 87 156
    146 62 230 40 214 188 186 16 118 79 165 206 248 199 114 238 74 7 60
    242 27 35 154 15 155 241 35 238 8 144 28 224 87 129 182 229 169 219
    225 130 175 157 29 26 218 10 31 78 170 226 97 3 4 3 18 192 34 84 34
    25 253 112 127 160 143 187 78 140 127 211 111 57 81 99 120 25 203
    193 189 173 159 1 3 157 220 101 90 98 166 216 81 150 117 149 52 6
    191 151 105 69 151 68 212 241 189 141 73 245 159 35 180 234 132 222
    204 142 204 92 34 84 50 87 232 147 219 220 175 215 108 5 154 128 229
    191 216 92 219 26 189 0 183 180 179 70 253 52 168 3 135 129 226 151
    106 31 181 50 31 65 152 4 214 140 238 78 177 228 230 82 151 5 143
    147 86 209 76 11 15 134 53 137 168 64 149 159 175 81 59 34 241 247
    184 131 99 211 156 74 138 88 248 252 161 57 65 174 11 188 195 35 186
    238 12 175 112 186 71 233 139 119 54 229 241 171 199 249 77 111 223
    159 89 103 239 148 35 126 64 168 5 67 86 6 91 176 172 148 41 55 124
    43 118 29 114 151 112 226 14 198 150 52 146 74 130 133 5 117 218 150
    38 200 123 133 248 126 223 184 175 212 77 167 92 69 161 52 131 28 0
    64 92 9 78 170 0 230 94 128 40 192 204 245 100 177 162 78 138 208
    235 114 179 151 18 253 129 12 226 63 123 12 210 234 67 219 63 223 62
    26 124 43 235 35 190 14 248 69 81 196 250 124 143 159 127 231 212
    104 19 171 210 8 245 60 184 183 142 101 158 205 3 218 143 137 7 9 15
    87 24 122 50 189 16 44 132 137 133 167 155 139 156 17 242 60 178 95
    9 251 41 43 71 166 187 199 254 78 246 59 116 141 92 218 222 215 2
    188 245 2 249 116 33 43 123 166 176 163 10 41 96 255 119 33 210 145
    222 182 19 113 56 170 134 168 240 102 133 58 157 4 129 88 83 158 53
    205 179 46 146 116 244 204 208 194 216 215 128 156 189 121 147 11
    189 105 29 33 23 244 198 211 97 31 240 175 36 233 191 57 247 53 32
    99 19 215 233 27 76 127 27 59 171 206 18 0 162 121 14 4 50 163 138
    160 234 188 195 127 118 237 247 120 56 42 115 214 10 112 233 2 153
    232 220 117 23 30 14 129 48 66 36 162 109 199 248 161 7 55 229 209
    90 247 5 199 111 125 147 239 108 226 148 140 183 207 70 82 134 236
    115 135 183 7 194 115 54 233 242 63 30 159 55 148 157 248 25 195 78
    2 134 128 195 184 131 182 141 69 55 238 133 10 190 20 86 95 57 163
    88 56 99 106 15 58 154 66 191 135 85 119 109 16 109 109 250 50 40
    138 218 107 235 22 62 171 134 48 181 103 247 67 224 133 94 97 101 91
    127 143 145 78 152 143 15 13 43 219 187 105 171 127 87 107 34 72 103
    129 17 79 99 23 6 194 31 188 81 229 109 71 184 160 85 231 4 149 11
    57 108 153 100 33 128 26 40 206 77 66 178 53 78 67 119 185 235 198
    243 177 123 27 33 137 88 220 192 192 66 170 96 27 18 188 198 4 6 187
    120 221 46 85 38 50 94 233 133 37 7 5 62 239 209 235 121 125 218 90
    99 117 131 8 87 7 255 78 195 99 119 212 12 237 213 57 177 42 3 193
    147 173 70 245 140 124 58 196 231 52 192 124 253 164 25 191 178 95
    10 141 7 188 135 59 25 6 130 103 144 35 81 69 147 170 187 186 250 70
    176 131 111 125 239 172 108 51 225 68 147 153 245 182 160 16 244 149
    63 192 193 6 165 112 212 25 251 147 4 193 51 11 57 251 37 99 72 196
    134 165 227 218 8 3 56 224 94 241 150 190 35 143 204 32 19 139 198
    61 112 17 5 243 220 160 104 122 192 113 24 224 112 92 229 169 72 23
    148 110 137 3 66 182 33 246 227 167 120 116 242 241 45 93 217 194
    219 211 55 28 178 200 243 184 216 190 77 111 104 242 88 84 35 144
    190 132 184 55 151 147 18 207 117 181 254 21 59 154 183 36 73 9 170
    161 166 140 205 54 222 112 10 171 182 244 212 195 48 104 154 47 28
    108 9 116 113 107 58 22 91 193 41 207 157 215 90 16 222 225 116 181
    59 186 103 255 19 64 141 195 125 147 164 103 95 91 219 210 48 103
    201 249 242 77 14 86 158 150 122 117 127 38 94 115 125 118 189 221
    250 189 219 158 246 139 153 246 47 207 181 94 157 19 236 117 58 15
    73 46 252 235 93 113 123 232 211 31 99 180 98 253 139 127 218 190
    100 25 101 90 93 81 115 121 21 119 131 204 1 143 32 240 223 247 35
    232 40 235 254 234 89 250 217 66 239 85 28 160 94 128 251 36 214 117
    220 246 234 40 181 89 13 201 222 64 111 151 164 25 7 186 54 178 102
    197 170 200 156 76 237 241 251 112 224 244 3 68 212 60 138 224 202 8
    13 213 180 249 91 16 46 190 13 215 169 94 68 36 107 157 104 175 189
    189 118 215 124 71 159 201 59 32 82 1 194 76 181 169 134 232 201 146
    221 142 90 126 94 253 131 195 61 67 204 146 244 125 150 27 187 129
    252 51 8 1 206 221 61 159 211 135 227 75 242 67 194 99 99 115 2 120
    23 176 209 80 182 220 82 81 145 38 192 39 85 253 246 32 89 193 20
    164 109 103 115 92 38 237 112 232 216 165 31 70 228 245 237 235 124
    204 126 228 226 225 84 77 135 162 220 60 232 238 174 197 90 220 85
    37 124 211 105 211 226 162 163 126 137 160 2 13 105 33 180 58 77 173
    105 241 105 149 5 195 99 151 240 45 111 229 107 188 249 85 206 64
    112 212 76 106 131 139 143 227 242 219 224 10 248 148 16 207 78 64
    214 115 140 2 58 141 78 122 8 164 109 27 198 225 73 13 60 101 133
    145 98 5 3 92 6 94 110 147 202 179 95 189 44 144 241 229 180 63 168
    56 27 12 124 51 24 239 28 85 28 138 108 204 195 83 19 101 53 114 94
    183 19 181 233 132 144 81 165 59 250 47 83 86 138 121 42 195 188 19
    85 249 10 242 121 92 232 121 155 247 83 131 252 229 100 39 47 76 63
    199 180 166 179 176 126 198 254 135 253 68 18 107 124 5 136 213 152
    96 199 210 85 50 157 42 130 44 235 251 2 217 182 214 135 115 216 100
    145 4 145 171 221 232 231 193 30 135 222 78 217 141 92 47 166 143 90
    17 0 50 222 10 41 251 215 184 236 155 49 80 49 91 143 3 51 109 176
    202 253 190 31 112 128 102 233 132 54 5 252 25 68 26 9 147 199 230
    113 179 87 50 64 48 107 98 101 15 106 92 36 222 99 161 44 58 72 209
    238 254 165 168 100 201 149 223 247 26 226 187 27 10 220 138 130 101
    87 223 189 200 80 247 161 229 223 61 81 186 254 106 168 210 239 61
    35 117 238 40 108 198 73 200 54 168 226 246 248 131 106 195 239 195
    162 124 255 166 113 77 12 173 162 147 45 173 83 46 140 80 122 240
    191 209 77 81 160 23 90 212 12 81 223 65 174 169 240 78 193 144 183
    184 174 250 49 24 170 165 214 57 38 159 191 208 43 44 120 116 197
    172 200 86 30 48 19 204 128 95 229 159 73 89 73 57 173 131 105 230
    119 73 43 5 81 40 210 44 253 28 191 110 255 168 102 161 235 198 130
    11 154 16 97 62 91 190 69 74 168 26 57 28 222 246 231 198 119 205
    135 101 214 2 238 20 27 145 131 65 121 221 49 98 5 31 231 22 2 196
    121 31 222 255 65 148 178 153 174 118 108 124 212 250 254 39 21 170
    201 189 8 174 154 192 33 63 90 163 118 195 212 131 44 36 88 118 111
    47 25 188 218 119 103 189 111 245 112 206 46 165 79 101 58 201 127
    192 20 136 83 7 164 129 122 46 160 56 98 255 247 69 46 18 122 163 76
    18 248 228 221 214 254 159 253 222 119 163 165 10 84 81 53 211 133
    194 135 76 208 250 17 1 150 179 24 130 172 180 93 37 26 183 3 71 143
    60 150 153 90 217 87 205 146 221 145 64 83 16 112 172 196 7 187 189
    194 91 194 45 136 197 205 47 189 236 68 250 223 131 28 247 213 32
    174 28 177 118 139 209 171 223 183 231 12 219 245 166 11 179 247 1
    187 194 134 55 121 94 127 94 4 200 33 160 148 37 74 198 207 19 34
    166 115 192 55 211 87 35 1 53 69 85 241 73 184 61 200 62 202 170 172
    155 63 81 98 207 161 90 185 188 108 101 3 28 165 4 241 180 95 55 251
    93 134 48 17 42 15 90 140 102 25 99 203 34 111 229 220 1 218 136 105
    159 220 26 128 233 207 213 29 0 248 81 56 147 52 10 11 244 64 133
    239 62 132 19 74 205 137 109 244 148 232 217 177 203 244 230 192 172
    51 28 108 84 9 121 51 27 240 215 229 202 209 216 236 141 105 49 73
    187 86 31 111 9 178 194 60 19 79 109 158 162 23 114 142 31 177 23 10
    75 180 46 183 64 127 202 71 133 82 129 31 20 154 79 170 188 213 42
    217 21 86 191 106 111 192 133 131 29 59 121 39 90 169 69 144 227 162
    163 150 180 190 229 122 41 210 242 139 19 15 6 70 60 210 115 185 135
    159 126 41 48 143 178 84 162 24 102 65 192 143 131 91 202 246 101 19
    238 221 223 244 248 73 243 99 130 76 153 94 71 178 125 31 55 90 15
    218 248 91 143 14 57 93 167 183 60 43 188 28 228 127 237 89 55 146
    181 208 71 83 96 249 216 72 212 14 76 112 113 203 132 25 241 33 145
    79 13 125 217 38 227 53 54 75 144 51 126 55 68 215 61 114 34 180 53
    112 72 97 232 217 241 115 58 126 37 205 188 92 252 51 56 113 235 88
    62 109 44 213 113 88 119 202 165 249 99 26 211 78 99 189 230 15 225
    180 13 170 49 139 70 124 77 197 139 128 74 152 56 177 39 204 247 117
    139 195 20 33 211 167 8 140 149 117 62 166 180 69 95 117 160 0 47
    150 161 65 69 164 144 139 87 227 204 231 31 52 171 11 140 231 64 102
    156 237 216 190 239 205 232 84 189 223 157 71 6 98 138 83 138 210 60
    252 185 85 196 48 189 68 242 25 157 12 217 229 97 84 39 54 88 252
    236 237 207 101 3 127 233 132 42 195 180 9 145 249 193 128 248 86 47
    247 0 25 95 26 136 10 21 229 35 169 239 134 95 63 135 89 191 203 4
    240 197 2 205 189 28 94 79 33 169 26 112 255 48 136 148 188 28 187
    251 201 137 184 243 31 181 16 119 101 46 170 163 149 137 231 234 246
    97 160 137 192 108 122 181 29 242 139 183 210 52 55 167 51 75 64 3
    113 139 75 137 88 60 214 95 58 145 127 54 134 95 90 192 102 160 75
    253 45 227 156 39 192 65 174 173 131 156 229 128 227 150 39 233 220
    7 193 241 181 119 208 8 184 135 105 174 222 151 111 78 152 51 218 80
    222 82 241 200 161 125 130 239 177 180 40 119 100 57 72 61 18 218 44
    198 200 158 240 107 198 16 50 216 135 13 215 39 124 196 128 166 73
    211 41 238 76 116 196 210 21 108 77 90 95 216 95 53 104 141 93 197
    232 206 176 163 109 76 103 47 138 243 37 210 48 176 151 175 113 62
    168 44 92 144 205 78 196 66 205 100 148 14 125 235 248 155 177 231
    176 116 164 66 81 12 138 75 118 159 182 22 189 76 23 90 151 160 31
    152 211 139 220 80 115 93 33 215 129 204 39 4 2 119 0 170 152 1 144
    15 28 99 128 149 25 15 83 16 108 166 53 66 154 197 220 249 13 164 36
    52 238 44 94 30 106 51 48 108 151 192 76 82 108 102 140 251 132 127
    122 67 63 83 131 55 63 254 66 186 230 66 70 254 212 147 214 21 193
    200 75 141 1 194 68 72 213 93 249 168 36 138 134 190 11 187 100 251
    18 18 187 46 243 126 129 1 30 186 68 246 154 177 128 17 129 12 107
    71 137 97 188 76 112 45 12 215 232 148 5 21 70 148 110 48 127 121 69
    9 141 249 234 87 228 223 95 88 127 81 177 213 163 14 101 87 160 75
    241 207 28 94 203 96 47 191 223 127 128 159 26 120 190 37 57 185 244
    122 13 36 209 98 188 244 138 171 247 85 41 42 76 247 253 183 187 136
    36 11 142 62 190 16 79 130 95 57 251 21 205 214 189 167 234 123 63
    129 215 197 165 106 17 96 58 187 96 83 8 103 157 74 192 120 208 52
    234 236 113 174 218 199 222 15 141 171 204 205 20 250 108 15 245 187
    116 113 159 122 127 59 234 116 140 66 82 73 251 153 198 30 226 236
    44 85 199 170 210 12 67 61 215 25 221 143 5 71 242 254 75 133 170
    132 252 10 228 140 67 236 209 5 227 240 173 253 168 255 116 98 222
    69 199 183 57 77 233 222 12 156 55 217 238 240 161 220 48 27 181 235
    124 34 90 69 241 27 241 17 214 199 200 140 180 148 47 180 127 200 46
    241 111 167 88 145 99 129 104 156 30 54 109 210 190 174 63 109 34 52
    224 193 140 237 57 117 39 159 149 204 65 113 170 62 176 41 215 249
    199 82 155 246 195 125 83 204 112 218 5 15 206 81 103 225 233 63 239
    130 250 128 250 239 54 233 39 172 139 22 191 197 199 236 84 122 36
    73 157 107 3 87 234 93 80 147 229 4 108 246 177 20 82 1 147 234 185
    73 128 218 110 234 132 101 210 19 206 114 75 226 214 224 66 232 176
    169 170 111 0 253 211 127 150 220 103 168 147 163 59 211 37 141 17
    157 78 230 53 77 222 13 173 177 234 185 160 161 230 100 14 149 44
    156 234 164 172 247 237 202 140 77 83 39 121 242 122 58 145 179 123
    222 112 172 170 104 216 248 168 222 251 152 96 223 156 6 249 124 191
    75 73 200 127 2 89 80 221 206 234 246 10 171 120 193 25 40 194 239
    55 9 219 68 136 21 39 218 200 172 23 242 175 248 129 181 180 68 19 0
    39 37 161 108 218 55 85 124 48 126 234 39 14 213 86 68 241 200 239
    100 158 22 167 217 228 68 9 33 36 159 44 135 53 76 46 179 131 43 103
    131 168 147 217 82 241 55 94 246 13 173 246 155 51 16 170 153 174
    240 178 192 202 124 229 25 163 13 204 226 192 75 120 33 171 10 44 84
    158 94 98 186 232 77 240 252 9 53 89 112 209 249 124 157 246 209 222
    218 77 102 40 76 235 210 84 50 177 28 144 158 150 52 23 165 118 238
    234 70 34 78 134 62 151 89 153 208 212 123 109 4 131 7 158 38 188 28
    156 100 115 122 236 164 171 102 116 208 77 16 67 180 194 202 3 95
    157 139 26 178 63 94 205 8 38 220 174 169 187 108 218 69 64 249 36
    193 156 97 82 114 96 200 166 51 208 16 125 66 68 116 169 203 113 117
    202 57 138 223 160 177 88 138 187 17 77 67 187 47 11 122 124 129 45
    64 13 17 183 142 249 170 45 103 130 167 146 134 221 154 141 133 15
    232 77 177 32 29 252 50 211 226 235 83 58 81 76 235 132 229 11 51
    168 52 225 215 149 48 1 109 197 35 216 213 57 185 117 255 204 156
    159 29 53 80 204 15 182 150 196 210 51 28 18 184 233 116 140 86 23
    203 136 226 52 83 120 86 20 248 88 158 115 102 47 88 249 222 82 254
    193 193 65 104 84 117 157 29 128 149 75 177 222 53 252 14 177 19 62
    28 247 65 33 123 237 57 251 74 251 158 240 101 193 55 92 153 52 40
    131 186 17 253 46 219 11 179 191 47 243 9 251 139 151 228 193 149
    120 45 224 229 201 24 24 174 0 202 231 206 75 87 254 22 181 48 202
    45 32 252 146 101 232 110 133 7 199 151 177 82 246 2 230 17 87 196
    219 0 204 145 71 176 150 178 54 18 233 246 13 203 157 63 8 226 81 1
    119 137 68 85 71 10 103 243 203 93 40 253 104 65 214 40 205 143 191
    65 230 144 36 201 222 117 210 183 219 174 124 102 166 235 163 26 54
    144 196 159 10 233 145 40 71 243 53 167 34 91 0 51 248 95 197 32 203
    160 79 171 38 27 7 214 31 80 64 64 16 255 171 240 237 92 153 109 201
    126 162 246 4 100 31 207 98 240 13 167 147 251 120 203 172 138 47
    175 236 131 31 192 8 218 52 114 50 182 167 8 93 238 15 231 193 227
    20 249 195 45 116 179 194 27 195 12 238 22 30 102 36 27 253 224 135
    106 68 156 229 69 68 105 112 66 150 38 157 28 52 221 102 243 39 19
    27 53 75 191 23 246 177 218 219 186 71 238 91 138 7 4 105 21 66 46
    141 190 155 93 104 113 84 140 51 180 133 38 237 79 138 126 162 214
    253 214 191 90 126 204 7 140 131 7 101 55 80 46 225 132 178 85 28 97
    164 58 232 199 247 52 71 74 242 14 231 130 6 139 99 221 55 0 17 170
    249 134 247 99 234 36 15 181 124 122 100 20 97 61 98 155 16 76 56 54
    96 205 58 178 68 28 236 114 9 127 184 77 77 161 253 204 139 13 154
    172 105 190 62 21 233 4 77 83 57 87 217 11 42 176 6 131 53 155 54
    202 16 123 65 13 167 246 44 100 252 238 23 213 155 38 131 229 230
    101 214 37 116 206 241 37 166 253 133 81 172 191 248 96 244 253 56
    22 242 67 132 37 24 244 139 219 210 60 38 41 12 135 151 161 184 37 0
    237 209 110 146 117 110 250 212 219 44 74 63 150 200 170 40 14 95
    135 140 160 164 237 242 3 62 152 111 16 243 60 82 87 204 135 133 174
    8 124 156 212 62 130 72 193 87 77 161 130 49 196 12 135 18 56 26 117
    39 245 24 118 153 13 239 209 76 30 197 168 48 35 178 178 7 175 9 171
    85 92 18 245 110 53 51 99 19 24 98 81 124 117 3 210 202 184 0 227
    205 175 218 26 6 13 27 86 192 84 156 241 21 22 161 19 222 64 75 193
    77 76 177 192 37 133 210 49 139 250 172 178 127 209 42 96 94 28 53
    148 93 192 110 188 133 160 82 47 180 166 194 220 45 226 65 122 143
    119 48 88 53 17 224 154 240 244 247 156 26 203 167 98 12 16 182 129
    175 62 240 107 94 157 121 146 71 246 104 243 209 40 218 10 191 94
    199 57 228 151 244 190 27 141 110 133 68 47 180 145 46 71 113 98 76
    51 144 72 227 129 162 56 31 241 61 127 232 124 229 39 117 16 192 70
    124 21 89 149 108 95 233 246 187 197 107 145 179 65 33 28 84 51 198
    21 255 171 138 156 226 186 204 46 35 204 175 133 230 109 206 134 185
    164 205 117 165 85 252 100 52 138 209 228 42 246 90 189 157 129 249
    180 63 200 32 68 113 180 183 85 212 95 212 133 116 234 165 163 103
    228 120 34 75 1 23 181 72 180 72 19 201 2 226 171 218 11 18 152 84
    70 157 172 9 94 122 210 247 64 191 14 74 183 123 154 153 180 57 186
    191 82 141 214 169 27 28 34 140 119 112 138 97 124 39 19 214 153 194
    30 251 194 84 179 159 209 79 10 86 49 54 145 16 16 92 31 239 68 143
    212 175 17 123 82 27 202 213 128 98 251 34 234 18 186 161 246 107 23
    192 74 167 8 14 143 103 132 122 53 52 5 15 96 35 62 65 107 68 76 87
    251 102 9 165 160 150 157 233 44 187 209 194 204 213 241 73 71 168
    63 99 3 158 189 247 50 147 126 44 137 30 105 73 80 207 198 235 249
    11 208 227 179 188 171 105 237 139 165 63 53 167 95 239 252 40 41 19
    249 252 152 200 249 202 169 139 12 25 237 11 235 175 85 121 104 100
    198 222 130 49 213 87 91 143 126 215 246 17 243 32 0 204 242 213 247
    153 83 148 203 183 15 27 11 102 123 149 209 42 59 110 55 13 66 194
    213 101 30 21 136 111 92 184 157 160 176 57 64 47 109 224 225 252 58
    214 65 59 25 59 234 163 163 109 158 248 172 208 166 124 26 180 161
    76 114 142 61 130 94 70 219 172 51 251 52 108 255 193 98 152 54 79
    144 83 77 97 84 116 150 17 232 7 228 61 150 34 29 93 148 150 113 246
    122 101 98 86 239 51 23 133 71 42 147 207 72 138 161 181 74 53 203
    33 224 41 227 100 117 124 246 56 18 39 98 230 247 95 156 57 200 101
    105 126 141 18 144 182 243 167 21 124 140 78 161 166 129 233 116 80
    75 136 50 107 9 130 40 59 75 14 9 26 194 115 180 234 185 195 205 121
    147 29 218 154 28 127 63 139 84 111 176 252 234 210 165 102 43 56
    170 175 134 225 125 142 127 6 116 57 139 152 121 72 129 86 169 68
    199 1 24 179 207 18 46 194 0 99 175 61 175 148 111 85 197 169 189
    215 62 16 100 184 6 196 167 198 238 145 164 99 86 115 18 195 199 220
    28 212 131 193 164 76 41 179 50 10 68 112 173 26 164 82 208 167 42
    70 83 110 227 88 116 26 4 63 196 57 34 69 172 161 4 68 217 26 18 31
    141 75 115 76 254 181 140 224 15 245 132 83 100 73 103 94 87 5 4 226
    111 73 45 86 240 166 167 86 0 139 188 32 129 76 38 186 194 161 146 0
    34 137 137 45 87 178 83 167 181 31 206 62 43 191 29 242 107 84 147
    230 92 113 132 84 214 210 62 106 120 57 156 246 127 209 226 215 124
    179 69 171 34 38 255 193 158 145 42 56 245 255 250 73 216 227 139
    128 201 231 120 184 187 33 122 53 248 111 184 121 28 214 100 22 11 1
    170 37 84 134 119 54 179 191 207 236 155 252 29 97 129 179 164 155
    180 254 197 72 172 166 117 14 88 218 242 250 114 29 154 193 210 162
    207 203 142 206 126 127 58 152 106 47 230 201 240 52 8 214 16 221
    163 211 187 196 96 89 170 37 28 73 158 22 44 9 223 90 63 80 5 197 99
    16 221 223 34 219 99 235 54 75 24 134 9 215 149 88 18 158 66 141 42
    58 16 244 208 6 114 88 227 218 242 166 191 178 195 139 220 114 170
    202 252 192 191 192 119 75 170 17 93 116 8 33 124 219 88 91 110 229
    229 49 33 51 91 57 110 211 215 63 118 89 226 196 62 4 99 203 245 42
    176 22 188 180 3 179 23 11 78 29 39 62 151 3 208 94 245 208 241 139
    235 229 124 27 66 197 84 36 175 7 126 201 216 23 49 43 217 113 175
    141 94 158 42 200 243 148 111 223 214 163 221 178 142 147 89 45 2
    174 244 246 156 147 81 51 107 70 35 240 27 221 180 51 219 181 20 113
    68 207 43 136 172 116 65 146 248 58 13 225 103 213 45 57 121 181 230
    27 221 112 106 103 1 72 63 45 148 235 216 81 157 241 223 154 101 143
    48 132 9 244 99 169 91 201 173 139 24 212 79 3 207 129 126 249 122
    70 75 40 44 67 40 41 28 138 115 124 255 106 185 207 85 137 14 167
    247 74 7 19 230 228 14 237 195 169 39 60 189 42 17 69 224 19 11 45
    25 34 56 50 98 226 53 115 45 154 60 223 76 135 139 159 39 169 243
    244 167 92 62 207 30 230 229 184 116 81 82 155 145 137 143 5 236 166
    27 163 246 54 26 202 56 116 252 124 18 162 145 32 198 205 254 98 46
    193 214 250 36 176 105 83 113 244 88 77 85 73 179 92 240 15 73 163
    102 18 249 103 147 95 73 87 22 157 211 26 70 86 18 47 94 21 82 19
    249 154 63 255 25 166 109 255 129 249 47 113 192 25 205 79 206 193
    250 50 87 175 210 133 148 9 226 83 67 216 185 237 249 25 185 153 239
    52 20 25 134 223 36 239 48 86 45 132 1 221 208 79 212 170 11 191 168
    193 22 177 213 35 98 217 9 170 213 70 81 5 30 200 223 14 218 120 171
    115 52 127 129 208 13 213 54 87 69 109 236 108 83 170 11 192 107 194
    95 191 89 211 124 188 108 211 22 151 154 158 2 25 231 69 217 199 253
    202 158 232 98 188 194 76 140 175 38 124 150 167 73 237 120 197 253
    198 246 57 233 167 88 130 7 21 242 162 46 176 181 110 200 136 143 31
    8 28 20 146 90 13 51 64 34 250 245 70 170 69 246 161 241 82 53 170
    42 30 134 195 246 56 75 66 123 178 27 192 37 211 168 139 124 244 164
    70 248 161 239 94 117 134 136 193 45 38 47 38 124 18 90 114 52 206
    53 30 88 188 135 138 32 254 22 158 180 24 98 33 9 254 251 74 87 179
    171 189 132 85 47 130 134 175 84 7 24 196 103 137 167 203 230 7 47
    21 29 251 250 138 142 212 151 117 88 196 216 180 53 231 21 232 150
    76 174 118 5 175 101 20 51 2 249 123 117 93 232 41 241 209 58 79 89
    225 110 34 252 209 53 51 194 152 182 190 14 207 155 201 63 157 138
    94 99 93 59 202 227 159 121 26 47 157 141 22 231 177 142 245 222 13
    23 108 33 110 4 139 55 41 179 159 181 151 71 121 223 6 223 180 55
    228 218 126 170 6 188 187 171 118 197 218 9 102 188 122 139 237 45
    79 32 239 225 110 78 208 244 217 50 161 214 110 81 195 97 67 6 82
    196 100 147 234 52 28 128 37 172 20 46 54 20 183 124 202 27 241 33
    198 112 208 144 31 244 100 245 199 78 104 72 12 152 121 67 120 142
    183 249 2 121 58 78 224 38 186 84 162 40 74 41 148 140 163 140 94
    202 54 222 131 132 233 67 157 239 22 81 63 28 13 91 154 195 146 234
    212 112 145 150 163 166 244 39 183 184 30 168 62 226 105 86 247 51
    234 178 79 133 211 244 71 241 192 96 176 105 186 122 135 15 74 194 3
    202 33 76 141 231 149 101 250 39 237 205 69 157 193 42 116 143 13
    223 19 157 3 204 87 217 219 69 98 38 226 73 130 172 137 253 127 99
    186 208 11 38 223 181 112 252 138 53 130 97 250 38 140 251 102 124
    160 44 141 92 104 47 200 169 215 191 126 208 69 155 176 75 101 41 27
    25 28 129 82 205 151 102 99 235 181 42 210 240 251 61 135 109 17 183
    140 230 93 220 175 91 205 249 138 201 60 26 100 8 131 195 66 98 106
    89 151 181 252 125 220 175 246 244 112 244 244 216 55 126 52 201 42
    56 200 82 172 27 253 238 109 14 49 247 207 22 18 173 196 171 44 214
    41 226 59 113 218 254 147 196 39 79 202 62 226 55 188 177 150 29 120
    168 19 130 102 76 36 129 89 174 51 48 98 94 147 123 24 150 29 42 114
    129 240 189 110 59 89 225 93 225 185 55 89 2 211 119 26 97 23 74 147
    238 14 121 58 41 222 230 228 122 73 185 213 90 97 165 35 251 5 130
    77 155 86 186 18 213 121 19 142 82 72 116 122 252 148 118 134 229 61
    2 93 122 37 197 21 67 216 104 218 220 187 83 73 101 16 219 109 233
    248 219 41 101 63 184 23 104 255 40 200 254 142 247 93 223 22 147
    106 131 56 151 15 180 191 88 78 6 116 4 254 24 58 126 78 180 194 160
    99 190 238 252 165 37 53 147 125 48 131 94 98 43 99 2 167 21 107 106
    225 22 248 175 73 254 26 209 37 18 255 145 83 241 219 113 19 198 234
    217 179 88 219 226 245 20 61 191 62 58 197 115 190 198 238 233 43
    248 52 227 121 143 120 249 19 248 75 193 234 153 126 84 241 245 126
    142 93 95 80 250 66 247 21 246 148 5 116 215 236 169 190 246 135 165
    42 161 68 121 44 61 220 64 167 234 174 215 19 42 146 215 140 216 206
    133 153 146 81 243 109 104 73 218 123 128 6 33 124 191 226 103 176
    232 114 30 94 137 134 200 37 147 9 216 52 131 102 99 234 223 29 112
    249 179 187 25 95 6 238 134 53 50 24 4 5 116 63 186 95 235 139 57
    198 132 121 4 115 141 159 223 192 211 146 171 78 117 185 112 177 119
    46 52 206 178 248 91 159 149 40 136 54 8 195 54 184 59 30 105 83 252
    168 243 51 69 138 196 72 118 254 129 234 19 253 21 164 247 58 207
    124 181 192 204 109 122 46 24 182 81 137 106 129 150 51 199 52 44 70
    36 152 34 205 143 16 24 249 216 64 117 107 197 13 93 177 241 234 164
    141 69 112 153 68 174 231 190 6 220 247 100 237 159 94 122 119 3 199
    180 52 31 16 159 77 226 203 47 190 158 172 153 81 6 61 17 225 216
    199 224 152 222 195 120 46 188 28 88 92 202 82 226 13 35 147 29 122
    163 248 33 96 109 162 2 115 173 53 246 112 64 7 122 221 202 132 220
    13 161 91 114 6 144 230 246 11 7 19 127 54 5 153 165 199 251 129 184
    139 8 0 216 181 177 110 232 235 115 12 200 127 49 138 177 183 164
    200 88 203 9 188 140 57 62 47 158 111 123 104 131 112 174 134 11 129
    225 181 117 161 5 60 113 11 211 73 111 118 174 2 235 71 133 135 226
    92 115 51 186 178 117 238 138 104 97 50 192 131 110 244 60 60 95 230
    188 35 207 179 66 102 146 235 188 180 222 153 146 234 75 161 32 120
    209 103 147 140 236 59 212 247 115 54 220 168 166 144 72 128 193 252
    94 31 40 146 89 157 238 246 72 159 205 106 127 93 205 146 48 104 0
    153 200 237 121 212 9 233 77 76 233 79 107 251 140 152 109 254 142
    79 136 112 187 48 194 54 117 34 147 207 192 69 247 9 101 232 43 247
    57 38 27 181 201 69 142 34 161 153 161 242 70 165 218 224 50 39 247
    189 220 90 41 239 225 23 27 138 131 57 149 159 89 89 59 134 167 251
    133 1 158 36 209 23 134 180 176 227 99 96 201 142 82 156 76 241 96
    65 22 128 100 164 196 156 69 94 18 252 253 173 44 150 63 216 186 2
    28 71 14 46 159 73 152 244 109 153 53 197 174 60 112 181 234 105 232
    187 189 72 145 168 225 155 136 121 57 149 115 139 223 77 26 140 170
    199 63 94 193 182 102 179 31 230 147 7 240 230 93 213 162 252 98 2
    180 80 86 74 14 63 49 135 186 230 214 175 197 31 126 116 32 38 53
    167 34 228 168 232 7 243 84 29 218 107 163 119 52 19 47 182 3 204 19
    224 201 215 18 54 13 210 240 17 28 224 69 82 201 81 175 148 251 252
    184 195 179 154 2 41 80 239 197 211 127 246 187 93 111 237 71 216
    166 127 215 148 223 105 93 50 253 253 205 189 235 185 94 221 90 177
    124 104 148 79 69 249 179 2 58 229 147 49 21 103 81 189 117 178 73
    198 180 243 68 57 195 158 132 0 213 150 25 128 245 221 63 93 139 236
    215 202 62 244 138 165 47 235 214 35 176 246 112 140 119 198 224 131
    194 250 0 187 45 57 163 212 68 227 230 204 122 242 214 230 5 15 227
    198 76 232 193 253 87 172 249 113 84 14 226 168 198 34 145 89 149
    188 156 162 224 195 146 14 236 96 75 37 187 214 162 35 45 246 149
    129 163 151 176 93 227 81 80 170 120 65 133 32 172 241 53 207 132 25
    110 45 183 155 150 74 138 194 48 238 40 86 109 1 44 12 105 49 165
    195 5 46 52 115 103 52 201 150 4 244 47 208 197 84 113 44 110 127
    146 14 129 79 43 80 45 133 80 120 115 105 118 130 222 98 96 179 112
    186 36 43 69 98 10 243 9 201 57 179 33 146 229 117 154 211 101 254
    175 104 8 6 78 102 146 190 221 204 83 210 126 122 175 218 96 197 48
    104 52 250 235 84 141 237 206 234 209 111 255 145 14 203 89 92 55
    243 13 107 175 159 176 15 77 239 135 38 61 29 4 158 144 245 215 50
    24 100 17 8 165 253 152 29 208 143 126 157 241 151 114 25 207 188 68
    196 83 189 81 87 255 173 40 195 68 55 78 137 186 47 105 211 44 144
    124 99 161 228 116 246 25 127 19 113 147 229 14 99 106 179 48 246
    135 245 109 170 79 239 51 81 240 158 72 83 103 112 27 66 22 50 166
    243 19 106 97 173 108 210 197 224 7 73 207 88 195 218 6 60 188 192
    249 18 46 188 195 27 80 201 35 185 85 75 220 55 198 82 48 245 137 11
    203 168 73 244 222 153 76 68 211 180 4 37 148 199 68 110 111 193 47
    137 67 106 234 96 213 74 197 3 114 97 11 146 245 243 214 137 69 118
    167 113 171 200 150 207 109 227 22 143 21 130 248 201 33 206 239 227
    153 144 14 26 221 144 44 81 97 175 106 63 127 162 147 43 166 131 91
    14 24 38 152 83 140 250 128 200 39 5 114 79 141 224 121 1 76 109 86
    88 17 24 199 102 253 28 238 187 244 74 112 10 235 125 168 93 119 42
    59 128 84 24 215 249 150 128 212 201 4 68 55 247 26 10 42 104 38 51
    173 239 234 53 232 34 10 187 236 6 70 197 227 170 221 210 32 37 232
    170 237 198 199 98 121 161 201 79 209 23 227 107 20 215 226 170 122
    216 147 28 15 179 57 102 189 24 231 2 152 67 60 13 230 3 183 183 106
    193 23 198 7 85 246 231 32 23 82 199 251 88 246 25 134 107 22 23 27
    25 156 241 170 219 214 57 217 93 120 2 136 12 124 45 206 76 142 151
    79 25 16 150 36 235 210 107 241 219 140 22 212 208 108 91 189 46 12
    129 213 247 183 177 133 206 149 232 79 185 200 91 0 129 124 57 109
    55 193 124 27 42 141 11 144 39 107 8 160 216 31 12 52 58 142 33 14</data></test_img>
<my_img type_id="opencv-matrix">
  <rows>100</rows>
  <cols>100</cols>
  <dt>"3u"</dt>
  <data>
    255 193 187 51 215 182 255 152 117 255 66 223 28 129 105 185 164 108
    255 206 255 205 67 83 255 63 240 15 143 237 108 205 47 227 180 166
    79 205 51 255 7 180 255 120 255 255 202 214 103 255 166 94 228 61 43
    61 65 207 177 40 255 109 203 255 254 69 255 47 176 170 255 34 255 40
    255 232 11 161 255 235 255 22 131 9 255 135 255 255 255 246 114 228
    180 68 55 102 66 17 255 255 255 176 218 231 138 152 25 237 139 255
    148 28 90 110 255 112 224 255 64 47 255 255 159 255 49 34 255 100 24
    255 130 255 255 255 57 255 17 117 66 255 149 139 65 255 255 243 171
    237 113 133 109 52 199 131 0 185 197 64 15 255 255 152 252 131 13
    243 130 64 255 123 255 156 192 97 255 165 255 255 255 175 174 173 64
    255 249 38 119 156 38 255 10 255 255 221 70 255 234 124 255 13 94
    165 239 255 122 87 255 255 54 119 101 41 148 132 161 185 134 192 133
    255 255 255 180 217 84 179 122 255 255 92 255 255 139 255 255 243
    120 147 226 233 255 129 214 131 13 255 255 238 24 255 193 105 255
    219 117 247 8 164 48 160 236 252 175 32 255 150 158 255 255 200 210
    192 255 94 249 164 45 48 148 177 33 184 255 108 17 255 255 226 70 40
    107 161 255 55 68 173 226 154 157 223 103 47 250 104 185 23 207 136
    102 152 154 255 255 225 182 255 243 122 255 15 255 200 175 66 117 72
    255 207 205 189 45 126 98 255 196 130 99 43 161 179 220 199 23 255
    232 255 182 255 91 110 255 172 67 185 253 73 255 116 214 69 202 255
    20 56 219 62 190 255 34 74 220 173 255 90 220 170 44 255 162 185 159
    245 82 150 185 255 141 142 27 255 255 0 149 255 177 111 255 251 212
    255 180 159 255 224 62 255 76 60 255 249 255 18 130 249 15 145 255
    194 38 110 217 135 38 144 63 25 237 21 45 227 192 212 255 98 102 243
    243 60 255 57 75 40 240 208 106 26 129 215 12 205 238 151 90 255 22
    3 255 217 84 195 95 255 255 228 76 84 121 255 73 108 171 137 229 255
    255 139 169 41 127 38 255 158 61 222 113 119 164 231 90 255 255 255
    232 148 139 255 106 223 245 255 5 192 0 145 255 117 255 2 85 219 199
    208 208 146 235 255 48 164 140 255 54 15 66 240 250 255 233 255 71 4
    126 33 241 175 247 195 226 210 237 255 255 151 162 255 175 255 245
    201 255 91 19 129 36 170 94 255 96 50 63 124 255 20 235 1 149 204
    129 248 85 255 170 80 255 255 52 199 255 38 236 255 164 10 218 68 27
    255 230 219 175 237 255 93 124 87 255 61 255 255 152 255 35 13 255
    255 81 171 255 89 255 56 47 214 137 123 89 255 129 255 255 61 255
    255 90 79 126 255 117 96 50 255 255 124 196 255 202 64 240 133 189
    255 255 149 255 154 24 255 149 68 220 173 215 76 255 135 5 139 126
    86 238 169 99 100 55 237 26 130 255 255 130 137 118 19 255 73 255
    248 57 255 13 19 52 177 253 255 255 255 255 255 132 3 255 151 226
    255 143 196 13 250 69 157 22 255 78 46 60 33 83 147 255 178 66 255
    255 224 106 149 199 74 127 203 12 222 217 255 255 182 248 189 255 76
    43 56 50 85 255 255 50 162 149 176 242 255 0 242 255 202 135 255 143
    71 255 168 75 255 180 144 56 165 206 86 127 255 255 143 105 255 245
    149 255 1 112 182 255 255 255 228 255 15 255 78 250 194 255 5 4 243
    255 113 102 255 161 203 255 255 68 223 15 255 51 255 147 255 39 10
    248 242 20 248 183 22 94 6 126 84 196 28 8 250 46 89 249 255 255 53
    242 255 18 255 213 160 153 63 242 19 162 68 4 199 120 200 146 12 255
    161 13 184 172 205 69 243 186 14 146 98 189 45 158 227 222 66 97 15
    216 17 50 255 182 137 1 255 192 245 22 255 15 233 255 201 255 255
    205 102 83 132 71 63 45 255 207 45 243 152 52 166 210 157 255 8 167
    243 126 37 255 230 149 161 230 255 145 255 225 255 172 231 210 192 2
    229 35 13 255 131 19 177 36 13 115 43 112 60 195 191 255 117 30 0
    255 119 74 68 220 255 101 118 90 175 255 205 180 176 5 255 8 98 255
    17 195 127 233 255 255 25 76 255 255 127 3 165 80 235 204 255 255
    183 65 255 255 181 28 241 255 250 124 152 200 31 13 94 143 190 0 234
    45 109 186 129 83 124 116 101 76 255 189 255 200 74 255 124 255 172
    233 70 189 255 255 147 98 255 126 111 7 251 200 220 33 226 36 221
    255 86 33 251 139 163 255 61 8 85 255 255 11 255 231 24 255 106 19
    89 24 135 174 182 51 230 210 249 43 68 155 255 201 191 255 19 255 70
    233 34 159 213 255 240 65 36 255 216 129 255 255 254 149 6 255 255
    128 0 58 142 15 127 255 255 255 10 255 169 124 255 51 255 214 199
    255 134 83 158 252 124 206 190 190 94 48 48 50 124 255 205 90 232 98
    117 174 186 71 195 76 255 255 156 177 114 99 113 243 82 85 255 114
    116 255 39 199 255 138 98 255 252 255 255 55 255 76 237 255 213 253
    111 255 92 8 116 255 255 255 207 250 243 255 69 167 29 145 65 222
    116 255 61 210 194 255 116 255 166 157 255 172 36 255 219 255 94 43
    255 26 255 255 43 46 187 255 113 172 204 104 126 255 7 93 253 59 245
    65 102 243 255 163 51 255 255 195 228 226 69 233 38 131 255 234 213
    93 135 42 189 86 25 134 250 255 106 184 32 255 129 62 192 77 102 255
    95 255 209 187 23 233 231 20 227 228 154 136 100 61 204 55 173 255
    111 0 255 101 105 255 166 184 10 24 87 255 180 255 197 33 47 117 204
    243 84 175 102 187 255 255 3 49 121 255 188 255 162 145 255 255 54
    169 255 77 106 255 146 251 218 253 23 255 156 213 147 78 255 192 130
    255 255 140 101 60 48 97 17 85 66 255 186 159 255 255 219 255 197 18
    255 195 194 108 105 178 213 69 255 255 24 129 255 108 27 94 141 181
    255 40 255 56 165 15 255 103 5 255 75 255 207 255 255 255 94 172 255
    56 255 255 62 32 197 44 117 70 240 234 253 109 214 255 64 71 89 132
    191 134 230 116 170 255 37 255 29 119 227 95 181 7 141 117 255 98
    187 149 165 143 190 98 255 172 15 167 255 224 70 255 221 215 255 22
    8 255 241 233 255 38 34 194 255 57 66 239 131 255 55 255 255 226 243
    210 72 232 20 249 220 126 174 255 146 55 201 255 136 255 151 145 90
    96 94 255 3 252 241 119 136 161 255 104 187 255 255 251 7 204 98 51
    1 194 162 198 196 151 67 180 66 163 226 109 229 189 255 80 29 99 44
    250 255 180 41 74 133 45 255 255 255 79 119 219 255 52 50 91 126 89
    255 46 255 255 82 0 243 240 153 255 103 220 65 175 255 255 59 55 210
    225 203 255 94 226 134 255 255 146 161 0 51 207 97 255 2 64 255 10
    42 12 50 19 233 158 33 255 104 141 81 119 52 252 13 166 255 255 130
    218 46 255 255 161 11 255 244 65 103 33 255 157 22 255 238 138 34
    255 85 233 146 62 255 119 254 255 255 255 213 127 94 98 13 169 147
    202 58 255 255 198 52 212 129 233 199 197 213 255 68 200 93 248 97
    255 217 20 255 77 255 255 228 255 255 255 127 218 130 25 70 100 105
    114 139 217 255 74 99 233 104 20 255 255 110 172 255 131 28 161 187
    205 30 232 197 71 42 149 157 70 255 255 0 255 151 180 255 44 92 255
    86 85 124 13 255 93 20 125 152 6 255 17 65 236 63 194 166 255 4 180
    13 255 180 88 57 250 91 247 154 46 154 19 255 130 226 255 139 0 71
    169 255 255 207 145 255 64 172 81 13 198 113 182 3 255 177 255 255 6
    62 255 242 57 167 66 111 12 191 255 255 187 158 31 19 144 255 174
    107 243 255 200 255 161 185 255 26 255 22 204 162 197 242 70 238 62
    150 8 76 126 255 90 224 20 111 150 66 101 111 255 8 84 255 210 255
    91 53 185 194 31 164 255 165 15 255 229 46 255 122 147 164 213 111
    93 210 159 147 94 43 76 222 69 255 151 242 164 145 190 225 255 18 0
    178 51 48 15 25 230 9 255 161 189 246 50 141 52 255 154 185 242 83
    82 215 255 243 172 83 181 56 255 255 10 47 0 132 142 222 23 49 217
    255 253 219 144 242 76 255 174 231 41 122 255 106 245 255 81 215 249
    164 212 251 255 66 111 63 255 11 174 101 25 255 119 255 113 205 152
    255 178 102 74 243 255 3 179 201 252 44 119 255 122 200 74 2 173 25
    164 255 255 255 94 255 6 40 255 31 255 255 229 125 192 174 255 46 91
    255 255 255 215 255 59 18 255 255 214 255 165 3 212 242 247 65 251
    201 141 55 255 182 133 93 98 90 255 255 135 255 255 183 255 53 93
    255 255 148 201 255 169 70 255 255 228 227 37 161 17 255 167 65 241
    25 255 156 196 240 123 178 255 186 65 255 255 70 255 7 227 23 186
    255 124 223 190 119 255 255 119 122 112 26 222 184 255 115 224 255
    21 246 117 34 191 55 165 4 255 140 255 255 163 255 7 167 116 255 255
    255 109 45 255 255 186 14 119 164 162 184 110 66 242 138 22 58 59
    201 83 50 212 124 59 245 255 108 5 255 182 19 111 255 85 26 255 145
    255 221 255 255 34 47 113 170 129 209 174 145 247 204 150 56 250 249
    20 255 43 180 156 255 255 255 190 68 54 117 255 255 23 255 158 168
    174 52 38 255 157 173 213 30 255 190 177 80 124 229 163 255 247 76
    78 13 29 152 221 204 83 77 255 250 255 11 255 255 106 255 18 59 189
    255 113 165 161 96 255 210 157 255 21 80 22 178 82 255 76 255 167 44
    213 255 117 48 79 255 249 255 241 255 88 158 83 255 210 75 255 156
    168 255 1 103 255 24 255 45 174 255 255 28 125 5 128 75 255 81 255
    117 201 13 175 176 40 255 2 153 242 94 255 255 13 83 3 49 71 222 168
    11 255 255 78 13 180 234 70 219 220 235 195 189 255 53 255 255 7 139
    255 132 110 66 217 255 18 255 152 108 58 219 33 172 176 93 196 255
    220 145 37 255 196 19 40 9 157 255 226 223 22 179 171 255 43 143 255
    40 34 126 44 47 255 112 103 255 33 255 180 75 135 255 83 1 58 41 145
    94 86 250 255 124 97 104 124 148 253 226 255 81 206 222 93 216 32
    195 110 255 255 9 13 55 141 147 17 223 255 58 34 139 255 226 70 255
    207 73 255 176 255 255 126 76 243 136 97 40 234 215 255 21 52 237
    156 36 167 203 29 46 6 134 255 245 203 255 55 255 169 255 8 98 119
    60 51 149 78 94 252 255 207 255 10 74 255 231 121 6 17 61 0 169 255
    54 215 255 104 255 38 175 0 192 187 255 94 103 250 2 43 92 255 202
    255 73 69 219 255 94 143 255 27 161 233 160 154 255 48 135 101 50
    164 50 205 48 215 222 184 255 192 3 255 192 52 117 198 236 3 163 92
    255 138 50 200 90 237 127 53 176 195 74 233 131 2 88 255 49 131 255
    136 8 255 120 255 255 25 80 204 45 255 255 166 255 121 255 1 174 169
    206 255 112 17 250 10 209 73 219 213 111 250 177 255 228 79 255 244
    175 116 94 255 99 118 204 0 159 66 255 0 70 220 217 217 255 98 103
    255 245 68 255 230 255 247 135 101 129 169 190 255 172 185 255 229 8
    255 239 255 93 109 255 255 164 192 245 96 255 74 52 111 66 239 255
    205 41 38 121 76 196 192 196 220 255 243 19 255 177 241 255 25 255
    63 148 83 255 225 255 5 86 227 255 61 249 17 251 196 119 35 255 190
    83 148 255 20 143 25 255 222 197 251 255 207 105 255 255 9 255 248
    157 111 209 160 45 172 177 66 255 150 71 165 21 157 255 247 255 255
    194 31 177 142 255 13 183 250 185 140 217 218 80 255 174 65 187 255
    145 154 255 176 241 255 255 255 157 234 141 170 34 245 255 200 175
    17 124 157 237 126 149 255 250 255 0 182 36 255 247 255 81 148 111
    255 131 215 121 201 106 232 15 73 255 94 25 36 84 41 129 194 233 180
    117 218 255 186 195 7 95 237 255 185 133 58 77 15 255 160 255 129
    117 108 78 12 96 48 7 255 255 221 255 151 109 106 104 10 203 137 194
    223 61 112 66 227 20 205 99 222 226 255 38 255 238 17 34 126 255 255
    235 151 79 255 255 201 36 68 255 220 39 222 255 255 169 255 169 157
    255 255 187 157 202 90 200 122 54 151 128 182 127 114 70 154 255 23
    255 108 134 255 11 32 255 185 243 169 216 98 255 238 55 255 255 159
    51 46 10 15 189 255 255 38 255 71 255 164 255 192 255 31 122 255 184
    240 255 151 46 76 38 255 127 255 133 255 250 64 194 162 33 255 199
    255 172 35 131 181 31 198 22 255 150 255 255 255 213 137 163 46 255
    83 117 255 80 131 255 228 157 61 65 246 255 154 214 78 255 61 255
    183 164 200 255 98 248 156 131 237 34 106 240 173 116 255 75 97 255
    255 255 255 159 155 127 200 13 255 251 141 70 82 209 255 77 131 227
    4 255 243 61 93 194 133 252 222 196 255 255 9 177 185 146 255 255 92
    97 127 213 255 255 103 68 255 18 217 255 90 17 255 203 255 99 210
    255 255 90 184 255 130 90 255 142 229 20 73 130 212 19 204 56 251
    168 255 255 159 192 248 134 81 21 255 192 63 145 13 86 226 255 152
    24 189 189 121 233 0 20 111 208 125 127 255 222 255 1 215 245 61 214
    18 48 15 255 255 149 255 136 27 10 77 255 255 124 153 78 56 173 255
    122 127 35 17 76 255 160 255 255 234 255 164 211 255 255 80 173 255
    156 191 89 87 250 55 59 157 79 104 69 255 93 59 190 94 51 255 152
    150 194 160 71 255 110 255 179 7 164 245 239 113 177 189 243 255 102
    47 190 69 190 48 28 255 213 225 210 255 43 255 255 140 203 255 157
    227 127 154 45 255 197 255 243 195 252 79 252 145 38 255 219 20 3
    124 255 112 252 255 136 116 136 13 180 38 255 231 66 81 56 255 27
    255 255 28 255 187 212 149 86 255 158 255 126 195 255 46 255 255 164
    112 255 151 228 101 47 181 255 53 82 255 240 255 215 38 255 136 228
    110 233 203 186 179 121 25 255 165 66 242 232 172 255 16 252 207 105
    218 255 255 105 23 142 196 35 9 68 23 211 252 76 255 234 151 207 255
    167 71 185 137 54 220 48 240 119 255 255 89 232 2 138 255 120 220
    207 49 69 41 241 173 106 182 190 89 229 112 15 128 29 255 240 245
    142 146 13 255 75 70 255 240 101 255 211 133 156 22 169 98 184 255
    255 74 255 255 255 148 238 211 145 255 52 31 111 161 101 255 252 255
    255 232 208 45 255 250 255 241 255 248 252 112 104 57 143 255 150
    255 255 255 213 144 161 255 22 255 55 174 68 255 255 197 220 40 68
    64 13 214 43 255 197 59 255 186 74 111 146 116 255 62 73 132 22 3
    174 224 32 46 178 204 154 33 187 255 43 6 255 228 71 255 255 190 3
    130 135 255 133 97 255 76 9 255 66 255 170 167 191 255 163 220 48 76
    255 255 163 22 255 34 89 170 41 126 61 147 155 255 15 70 255 196 66
    26 55 0 255 133 133 3 129 198 55 189 17 146 18 89 255 255 255 255
    124 154 255 48 206 114 255 34 144 180 23 22 146 56 255 231 5 126 196
    120 40 121 212 255 100 250 10 31 241 189 36 25 45 19 107 255 255 171
    25 189 119 106 195 247 255 109 171 238 207 255 255 124 254 255 255
    157 154 217 55 247 238 255 255 40 17 182 72 56 71 9 20 195 76 105
    117 185 61 116 235 196 26 92 144 255 75 140 98 212 200 164 255 50
    255 9 131 139 55 185 255 49 141 141 160 220 108 195 82 255 206 251
    89 249 154 255 254 219 255 191 97 255 94 255 255 140 171 232 49 255
    88 206 255 10 143 255 132 157 120 53 255 28 30 177 31 134 8 143 255
    31 255 3 92 117 46 92 255 185 212 111 255 255 182 255 67 0 248 119
    51 187 24 83 255 169 255 255 140 6 73 166 45 255 255 20 255 225 27
    255 24 255 202 235 64 242 101 196 255 55 158 113 255 70 255 195 199
    113 255 254 73 71 222 99 255 255 255 195 252 205 115 107 255 29 215
    210 115 200 48 38 255 172 48 255 139 255 255 255 100 79 237 228 233
    71 206 250 233 185 172 255 82 38 255 202 200 111 133 103 255 255 243
    255 255 255 172 120 66 245 238 18 91 31 186 17 222 255 225 56 37 223
    87 167 139 202 149 13 85 37 142 28 255 255 172 51 169 168 113 86 46
    74 56 192 195 255 195 48 255 135 94 117 21 224 255 255 255 8 243 169
    255 255 51 255 172 31 255 255 55 255 207 131 255 115 112 184 229 52
    157 255 120 255 16 255 187 255 111 88 21 255 233 185 102 93 80 195
    144 157 255 217 223 23 81 140 102 242 255 250 255 54 47 204 250 84
    103 103 255 156 168 206 255 149 222 255 30 255 255 230 139 255 29
    255 225 149 181 255 242 196 137 229 233 12 130 153 255 187 224 223
    115 241 237 40 172 255 225 255 116 39 255 255 137 157 230 226 48 38
    38 98 255 250 14 200 157 255 217 106 5 187 76 247 116 135 255 43 63
    56 255 239 89 255 255 36 175 230 213 255 55 199 43 126 190 255 100
    57 22 25 93 235 176 65 237 3 172 255 47 255 255 129 255 255 71 47 31
    249 147 103 21 71 86 128 180 104 255 31 255 250 208 255 130 255 238
    100 255 71 138 61 255 109 250 255 229 242 185 129 240 126 22 147 248
    145 220 255 204 74 169 187 246 255 7 196 142 161 191 255 245 247 94
    182 190 255 255 181 238 255 1 255 142 8 144 120 255 55 138 143 154
    184 52 101 59 169 63 132 68 78 106 255 127 255 191 255 55 52 255 73
    215 40 173 234 111 34 255 255 242 25 255 163 15 255 166 64 228 76
    255 70 98 229 215 135 19 162 245 24 33 26 14 255 128 25 227 219 93
    79 191 255 17 94 255 195 93 220 76 255 110 185 165 154 13 104 208
    248 131 215 93 47 57 179 176 57 84 255 255 13 50 83 65 71 210 63 155
    102 255 255 60 70 101 166 255 10 149 255 67 206 255 127 138 255 183
    255 255 25 155 255 187 255 151 255 108 96 176 101 154 248 217 222
    183 208 156 59 255 124 195 120 30 255 154 131 233 70 255 243 255 202
    95 103 41 255 152 164 180 23 141 108 255 255 173 192 192 182 255 255
    165 234 149 164 27 255 104 190 243 33 187 255 177 255 84 110 180 252
    106 31 162 34 214 180 163 237 28 231 255 159 247 228 255 44 5 255
    255 164 255 215 80 98 39 82 255 56 218 199 12 255 255 38 154 78 180
    1 255 109 111 182 147 255 131 108 255 255 189 148 255 137 57 104 255
    255 223 141 255 55 18 82 106 78 255 222 21 255 23 52 152 182 132 177
    149 73 96 255 179 201 253 223 4 108 37 33 255 255 238 228 114 172
    255 255 62 65 255 227 255 255 45 255 46 125 111 91 141 3 228 255 190
    120 255 255 174 255 255 2 246 255 161 222 255 95 4 255 130 255 88
    145 31 255 184 158 46 212 103 70 247 184 35 114 92 169 11 85 255 1
    219 255 9 110 15 48 134 73 255 42 167 11 4 255 131 204 255 74 38 255
    44 224 255 150 255 255 30 115 255 158 199 170 34 255 23 216 36 255
    76 210 197 255 255 255 89 17 255 13 115 255 151 203 30 63 135 18 22
    56 255 103 214 76 187 31 255 82 20 84 255 255 10 24 255 255 49 243
    255 141 9 180 180 6 126 56 111 255 141 42 8 40 116 164 220 134 84
    255 135 255 140 254 212 255 37 255 255 185 255 147 78 255 194 166
    218 17 233 172 54 129 151 20 153 255 16 255 129 92 141 255 6 61 255
    104 17 255 115 42 248 138 27 121 18 254 255 3 255 255 55 10 255 11
    102 83 176 98 255 231 222 255 255 143 20 73 57 31 114 189 156 89 181
    255 223 25 122 141 255 109 6 92 152 40 43 204 165 255 255 102 1 255
    57 171 255 255 255 45 147 80 58 186 255 227 40 249 253 29 5 255 255
    255 139 17 129 255 126 173 157 77 255 217 196 106 172 206 140 255
    141 56 162 25 28 255 248 255 255 255 255 30 93 0 81 45 236 255 224
    24 63 69 161 119 61 124 212 239 139 255 55 162 255 188 204 45 205
    255 255 62 237 255 27 93 175 54 198 144 87 255 255 90 10 190 113 201
    255 109 236 255 215 101 71 149 140 255 122 110 255 2 78 22 255 141
    218 67 141 116 27 152 255 255 60 56 94 88 48 111 141 50 223 246 18 3
    255 255 252 80 237 146 65 45 39 41 255 253 14 180 238 78 255 179 255
    255 46 6 195 16 222 255 160 25 185 54 112 12 131 255 255 254 11 189
    110 177 127 193 255 66 182 126 78 167 182 255 255 249 204 39 159 157
    223 212 255 215 255 144 10 173 227 19 8 94 120 130 255 35 236 159
    211 215 255 102 255 255 26 43 255 147 11 40 191 255 104 145 40 255
    147 161 255 255 34 43 202 255 255 255 255 195 201 255 243 186 141 79
    152 124 116 76 255 235 255 255 84 176 37 255 176 51 20 54 80 175 85
    203 164 54 55 56 65 210 99 130 255 76 193 255 255 58 255 167 131 64
    255 255 112 255 18 82 151 99 182 230 185 204 121 8 101 213 255 215
    255 210 255 10 196 192 127 255 185 255 130 255 242 137 255 255 163
    209 190 40 200 255 175 255 50 212 255 94 145 255 164 207 255 61 151
    105 122 219 14 50 235 196 93 224 255 38 255 117 184 18 158 0 18 154
    255 255 85 94 74 89 189 108 214 104 117 131 25 11 182 56 255 255 187
    18 149 213 179 50 228 174 23 255 180 242 111 40 3 255 61 115 192 140
    59 232 62 32 152 12 116 0 235 24 18 68 245 114 35 255 17 235 208 142
    56 255 242 19 87 180 182 73 180 35 122 255 108 0 255 194 191 22 118
    75 222 160 206 109 67 255 185 237 54 108 173 147 86 149 195 255 242
    120 172 255 255 255 37 204 149 3 255 142 91 149 109 109 33 255 62 55
    255 219 172 255 128 201 255 131 255 189 10 186 205 39 168 121 15 213
    5 110 255 255 66 73 36 255 88 70 124 150 220 151 29 255 92 242 255
    255 181 255 160 57 255 43 25 154 56 255 146 222 205 22 174 181 255
    11 94 255 99 92 240 184 59 15 255 82 127 183 130 233 106 33 17 69
    255 88 26 126 255 140 254 156 200 255 217 57 173 218 182 255 2 58 8
    194 10 69 93 176 173 243 225 110 134 212 255 255 76 158 255 255 157
    66 121 255 48 255 249 177 245 29 124 136 252 66 159 69 106 255 217
    174 26 130 255 232 181 255 250 255 103 50 14 12 120 94 255 203 158
    255 95 97 255 255 24 255 114 27 255 201 1 242 15 177 255 37 159 109
    72 245 194 255 255 255 48 71 255 255 178 255 179 10 159 111 141 215
    95 33 255 188 150 43 93 169 70 105 59 255 87 143 255 111 255 255 7
    255 108 122 204 213 65 203 255 255 240 66 154 241 255 35 124 199 62
    255 230 253 161 66 219 111 7 255 255 255 104 206 255 81 153 79 154
    150 255 231 105 58 140 252 255 53 52 25 139 119 255 188 8 109 114
    153 5 54 163 255 235 255 26 64 25 225 152 136 240 160 70 33 198 186
    255 138 159 3 114 255 255 120 200 230 11 134 255 56 194 17 18 75 74
    28 115 237 234 178 255 130 60 43 255 255 167 226 46 63 73 62 255 93
    138 61 126 237 137 130 238 255 63 145 222 76 196 255 202 255 111 90
    71 255 117 76 73 148 15 22 6 162 3 210 119 106 29 138 255 57 48 7 24
    8 255 255 255 165 151 255 255 111 40 50 86 144 255 215 83 30 255 59
    84 184 204 78 115 47 255 255 15 255 182 145 255 233 201 222 193 90
    255 50 48 212 230 255 165 216 120 255 255 69 26 30 15 91 137 255 79
    57 84 255 248 255 86 76 89 119 197 140 194 255 65 149 226 255 255 11
    148 255 74 75 177 174 55 255 255 255 255 17 255 222 92 98 255 102
    255 255 223 185 13 197 6 255 204 190 255 226 255 108 241 107 255 54
    145 255 141 149 2 167 205 127 191 47 50 173 255 255 245 255 161 222
    107 255 255 80 235 244 24 220 201 11 122 133 28 255 212 191 255 178
    87 225 21 94 255 204 255 194 24 177 255 255 255 247 100 134 165 6
    212 164 255 245 142 200 255 255 255 255 45 255 36 104 255 1 255 168
    38 122 126 68 149 29 190 162 179 255 255 110 199 79 167 255 93 204 0
    252 130 38 230 63 13 159 45 148 2 112 3 255 255 54 255 234 17 232
    177 155 154 101 255 255 219 145 129 54 255 7 251 97 255 255 34 33 7
    189 255 33 246 86 168 131 255 213 195 83 178 173 255 2 166 124 187
    166 76 34 101 139 189 125 255 106 255 255 82 54 255 235 120 51 46
    255 247 90 143 134 237 196 223 185 148 255 19 236 255 103 209 255
    207 55 61 184 31 255 112 173 255 131 205 103 248 153 255 248 255 45
    64 203 255 75 255 65 197 19 215 112 255 199 48 240 46 255 249 31 205
    255 255 135 203 255 83 255 101 127 141 255 154 255 109 6 252 255 117
    129 255 192 55 65 110 130 189 245 45 255 46 31 255 207 141 255 169
    124 199 239 61 33 26 255 255 237 171 228 255 227 139 154 205 151 250
    255 255 255 255 242 18 212 255 41 255 141 140 236 111 65 163 86 147
    173 255 167 139 89 255 229 96 207 226 122 173 36 132 29 29 142 149
    168 212 109 220 129 138 94 205 177 119 255 63 13 255 231 255 10 243
    255 131 120 237 255 34 66 255 140 255 240 234 157 146 39 241 210 57
    29 255 157 64 205 59 155 56 253 255 255 24 18 255 35 134 255 59 240
    127 195 68 255 75 133 255 232 83 184 1 255 255 195 241 10 255 138
    255 115 38 84 206 255 255 35 9 255 67 255 159 240 189 68 13 83 103
    245 255 255 247 139 255 87 17 162 235 255 215 230 227 200 255 246 93
    84 89 12 160 255 255 255 185 30 214 222 255 119 167 255 255 185 255
    150 241 255 225 17 89 113 255 243 163 237 238 237 46 152 253 56 255
    31 161 255 122 255 255 151 210 213 25 145 255 35 134 179 198 250 255
    55 155 255 136 231 99 67 218 255 140 162 255 180 96 255 61 247 255
    13 255 232 69 214 26 212 10 74 177 255 228 230 255 255 232 8 255 47
    149 117 163 115 5 73 157 255 37 255 218 4 255 73 7 238 159 235 255
    255 26 206 255 255 83 255 1 147 233 63 255 212 56 31 53 114 166 81
    255 90 255 167 103 255 193 61 96 44 194 207 254 161 248 221 255 99
    173 171 162 11 255 190 245 15 200 253 206 255 249 135 79 143 201 33
    127 236 88 158 189 252 176 154 117 58 168 65 120 92 255 222 210 26
    149 75 17 193 1 202 83 75 255 189 54 255 55 10 230 255 125 255 255
    125 17 109 255 146 64 249 74 62 18 255 156 147 117 255 203 65 203 99
    182 7 255 255 204 251 217 207 17 255 58 255 101 208 181 255 250 255
    253 255 75 215 114 192 255 244 173 255 255 255 252 226 231 50 255
    226 255 133 8 66 220 93 195 173 255 255 55 255 255 168 231 255 175
    255 255 74 76 127 94 255 255 105 187 255 215 85 114 50 255 225 40 17
    109 108 255 255 241 25 255 255 255 2 167 214 60 1 9 255 55 19 22 133
    133 200 214 255 22 26 153 255 230 255 255 58 187 255 31 4 142 255
    163 233 3 220 79 22 8 255 219 205 255 176 68 238 228 85 228 212 201
    255 119 247 84 255 255 12 205 5 255 255 224 10 191 255 93 255 255
    185 158 255 255 193 1 146 112 229 255 63 245 55 12 133 167 130 245
    255 180 48 117 58 169 255 55 255 149 98 38 86 24 6 156 92 24 255 99
    120 255 255 45 243 35 106 255 172 219 228 255 31 104 160 201 43 40
    32 121 211 161 41 72 255 45 45 255 255 110 255 255 56 0 36 201 131
    255 173 255 255 31 115 56 74 247 151 232 17 255 74 149 210 115 131
    184 152 4 12 82 40 207 39 198 255 215 70 255 16 210 209 146 122 255
    168 36 127 255 196 255 143 223 152 55 32 255 113 199 255 105 255 0
    255 51 182 150 79 255 177 159 79 192 11 255 118 20 88 186 143 255
    198 234 255 167 10 255 229 143 71 166 120 255 81 205 255 47 133 180
    169 255 157 24 155 131 98 140 255 106 255 255 240 162 255 228 1 55
    191 175 255 78 50 13 123 99 89 100 177 255 122 124 121 44 111 180
    205 42 17 210 255 248 142 70 20 110 255 255 165 255 217 249 149 45 6
    40 65 31 126 55 110 255 184 131 133 117 17 255 255 114 223 255 214
    203 255 38 17 157 255 229 228 11 255 255 113 232 232 179 135 233 167
    18 245 167 98 212 64 185 185 73 255 255 0 173 126 221 122 213 129
    129 255 48 161 91 186 150 12 223 98 255 240 255 255 76 113 217 255
    10 129 53 9 205 121 13 195 247 255 255 140 255 154 250 34 195 217
    255 255 99 168 152 123 255 255 234 195 129 50 76 89 82 141 96 196
    173 127 251 245 122 177 43 255 234 255 255 131 96 255 255 255 255 96
    203 99 225 106 240 214 155 157 94 82 255 36 3 233 66 255 38 52 54
    255 255 189 255 150 157 237 155 116 61 2 237 56 255 93 255 1 255 180
    76 251 43 111 68 142 172 19 43 96 154 255 85 255 237 222 195 228 255
    255 255 21 204 218 243 195 89 203 144 255 183 252 255 251 80 124 241
    99 255 228 64 255 59 147 255 127 90 22 19 255 66 122 236 255 215 135
    255 25 68 255 15 191 162 248 255 17 255 66 255 160 254 76 103 40 243
    104 255 255 251 185 167 255 138 18 255 70 63 253 232 122 145 251 89
    92 10 114 205 80 255 58 178 174 255 138 127 49 255 202 165 163 13 41
    209 255 98 80 162 224 147 235 62 150 235 238 255 136 255 99 222 33
    192 255 54 69 255 231 255 255 219 255 255 81 219 192 226 169 255 61
    255 55 108 27 192 247 234 255 111 255 255 192 11 137 253 213 114 41
    233 255 224 255 146 95 228 212 169 255 2 161 163 124 71 136 46 252
    255 255 86 161 43 180 255 117 143 255 255 96 255 65 139 124 243 149
    154 35 179 155 46 138 255 255 210 25 26 173 14 199 15 59 31 192 17
    255 47 157 10 247 255 136 44 255 7 255 181 255 201 255 96 66 25 187
    198 224 147 228 5 255 12 3 30 80 203 63 247 255 50 11 190 58 255 74
    255 106 254 255 163 107 26 124 0 255 50 249 255 66 255 114 93 11 51
    129 69 227 17 152 134 233 192 73 255 255 255 182 47 137 150 84 255
    242 147 197 255 173 121 52 175 189 255 203 20 44 144 255 132 189 247
    59 185 255 17 203 12 160 240 255 49 255 255 115 18 255 255 255 255
    77 255 5 21 255 255 143 191 255 186 255 255 255 208 204 156 255 73
    233 11 22 228 56 66 255 18 255 140 159 79 198 75 151 166 198 151 65
    136 255 182 232 7 245 120 255 129 255 207 93 3 255 255 22 41 54 47
    157 138 98 255 63 117 74 161 255 255 233 229 255 193 41 94 255 88
    167 210 255 240 255 153 205 165 66 172 242 162 255 80 185 109 208
    255 232 204 140 179 202 43 255 114 23 28 214 147 167 196 23 185 81
    217 255 13 223 146 229 134 255 200 200 237 189 164 2 118 108 255 16
    255 255 241 227 141 255 74 255 28 171 255 175 138 255 33 27 255 198
    158 255 7 23 255 98 255 255 180 120 255 78 184 79 63 255 255 27 22
    197 20 94 43 99 57 255 160 236 28 194 46 199 243 222 205 183 209 10
    113 99 255 255 133 109 244 98 217 122 56 194 81 213 255 255 54 182
    64 173 152 84 255 88 44 255 162 109 89 2 178 255 255 8 120 129 186
    102 121 250 162 255 255 9 218 241 29 43 155 25 177 52 20 53 158 37
    79 47 164 111 82 79 255 166 203 213 230 62 152 3 198 255 1 41 122 61
    255 255 13 168 175 158 227 223 255 150 255 96 52 217 247 153 255 156
    194 136 179 209 255 10 43 227 43 220 255 255 101 164 3 246 98 85 159
    255 4 255 25 111 255 255 86 73 81 147 102 255 255 198 213 188 200 76
    102 255 142 234 204 146 255 19 255 98 255 255 113 206 132 182 255
    108 3 51 252 98 125 255 7 87 255 110 182 58 189 163 255 18 155 38
    239 102 255 166 255 250 38 125 45 40 135 255 173 215 255 230 255 91
    43 108 71 25 119 38 65 196 152 99 224 175 54 161 108 234 47 255 179
    149 255 255 255 78 254 66 255 192 255 0 13 106 255 26 60 23 189 255
    70 48 255 237 255 255 210 142 255 255 164 120 157 106 59 10 255 255
    255 9 135 204 152 255 255 204 214 73 255 19 230 255 180 108 129 126
    134 36 255 30 146 255 204 206 94 23 252 204 139 243 138 93 215 255
    255 219 213 255 255 255 255 255 22 253 61 227 212 117 94 45 192 195
    255 66 255 255 92 255 255 210 242 50 93 255 255 152 3 255 11 140 15
    113 29 137 131 74 255 83 115 255 24 54 222 255 186 255 25 255 255 2
    133 242 223 4 255 200 255 48 49 255 101 7 5 101 113 93 190 138 191
    255 255 176 38 166 255 255 26 237 227 90 255 84 69 148 142 191 3 103
    235 255 255 35 255 255 210 119 227 33 25 255 83 48 255 167 122 255
    137 185 116 255 255 89 100 217 255 29 226 255 157 79 35 255 246 255
    172 245 74 200 46 255 24 71 76 36 145 255 160 255 255 43 119 250 87
    247 20 142 255 199 176 255 255 166 224 84 85 149 65 55 194 255 208
    255 124 149 255 255 174 34 255 156 255 255 255 85 83 9 108 162 255
    126 255 124 3 255 130 187 255 122 228 119 179 255 235 28 22 255 56
    198 255 217 180 139 253 153 200 18 94 164 29 204 111 72 200 255 67
    204 255 163 255 235 208 255 255 133 219 98 253 231 255 187 145 151
    160 255 255 255 255 255 239 176 99 251 144 56 240 199 237 62 255 255
    93 243 61 255 163 240 47 249 146 255 255 255 106 255 88 75 106 255
    81 255 255 87 126 255 93 223 235 252 64 255 147 163 74 93 140 200 0
    79 73 255 229 154 131 131 255 239 255 255 1 13 43 20 87 255 244 255
    255 33 15 255 25 40 5 158 168 0 192 136 252 1 34 255 49 52 205 59 73
    12 255 229 152 243 57 106 115 99 255 154 229 84 139 186 255 122 255
    157 158 136 103 255 31 220 214 33 255 121 229 15 64 157 255 65 255
    18 27 4 190 21 255 255 54 96 233 235 24 255 49 251 255 146 129 106
    208 97 255 68 255 88 245 219 255 145 255 255 11 185 68 200 78 255
    173 111 20 255 255 255 150 13 48 36 255 5 59 201 255 146 42 141 192
    68 10 252 178 255 180 122 18 158 255 74 9 131 255 166 45 56 6 107 3
    69 120 58 255 255 255 98 41 255 194 234 255 166 212 31 22 34 10 90
    205 13 197 195 255 93 141 200 255 255 255 57 48 190 216 255 227 252
    163 255 255 172 41 255 98 111 65 79 255 100 75 3 183 226 116 52 255
    8 211 252 255 61 27 255 200 254 215 200 234 255 2 255 255 1 90 255
    82 29 136 37 215 174 16 138 108 74 106 255 71 144 255 85 231 55 54
    88 255 143 255 103 193 66 46 160 152 124 197 105 255 207 42 255 82
    192 81 84 222 255 93 255 255 255 255 255 59 134 255 232 129 248 255
    40 93 65 136 174 194 206 207 81 107 99 177 144 255 142 155 53 201 56
    26 242 177 255 132 73 127 212 255 240 154 121 212 131 159 255 34 5
    205 141 71 255 33 204 255 212 29 227 194 47 63 223 111 134 165 255
    139 25 241 78 25 50 70 214 161 13 135 255 48 65 116 43 37 194 255
    159 76 255 188 245 127 202 255 252 120 255 99 50 14 235 55 255 185
    255 143 255 178 167 172 75 243 255 173 70 255 235 255 218 117 17 68
    201 255 31 81 139 255 252 20 58 83 87 146 214 145 136 20 76 151 55
    66 255 49 242 255 157 255 5 129 82 94 102 120 165 66 255 205 92 237
    255 77 54 121 206 139 255 204 208 215 180 217 104 65 34 255 222 113
    235 73 57 255 101 117 51 142 29 157 249 222 111 133 127 255 31 94 45
    192 125 255 95 182 227 174 214 70 255 213 187 117 143 60 83 234 202
    201 255 255 174 210 189 185 255 255 231 136 255 50 198 255 195 255
    255 152 255 192 109 255 199 72 236 255 255 236 157 173 129 255 48 29
    151 74 255 255 252 255 43 26 97 147 178 145 159 183 255 255 233 83
    255 67 11 255 152 209 109 248 255 230 81 110 255 48 184 33 10 204
    154 91 110 207 201 184 255 255 177 223 193 255 38 195 171 255 2 83
    255 39 178 175 40 155 255 96 205 255 164 133 255 78 83 255 255 34
    255 255 187 255 178 255 255 158 107 74 164 46 255 150 186 10 255 33
    195 37 226 255 204 33 10 120 4 185 183 74 255 255 71 157 127 218 255
    149 189 60 41 117 192 149 255 255 216 255 255 174 83 255 119 255 103
    157 8 248 40 85 255 254 255 13 71 153 157 155 208 255 110 255 255
    188 42 31 198 180 255 69 66 139 167 255 255 100 19 255 77 40 255 149
    159 228 87 255 84 255 27 247 255 232 255 178 255 71 211 79 255 59 98
    147 101 223 141 41 71 238 255 88 250 155 255 68 184 144 242 221 136
    139 161 113 255 132 66 209 106 36 245 241 155 255 148 61 43 68 107
    106 177 71 156 142 255 255 240 212 48 102 190 255 215 70 255 84 255
    255 105 201 23 99 242 255 255 237 213 65 255 127 114 181 255 7 84
    255 255 200 202 225 255 165 58 213 119 124 255 255 17 113 147 235
    125 255 255 8 200 154 34 255 28 255 255 182 57 179 123 144 55 122 28
    255 40 27 83 166 76 255 170 55 205 255 34 245 82 33 255 159 255 0 92
    107 152 182 233 129 86 78 156 140 255 235 192 103 192 210 199 255
    234 195 151 82 88 63 226 89 255 22 255 202 142 139 157 166 217 159
    120 46 255 201 94 255 49 199 248 76 227 255 216 255 255 68 43 17 1
    66 255 3 98 41 73 246 17 195 20 237 196 189 255 82 255 26 139 194 33
    40 23 104 192 28 190 89 162 86 145 27 255 93 210 23 223 255 235 118
    157 56 233 17 255 121 31 30 161 124 248 34 31 255 168 255 122 255
    255 119 242 255 169 41 226 255 99 255 255 46 255 255 212 68 255 113
    206 157 28 241 255 163 215 23 177 255 255 36 255 212 170 194 184 119
    255 7 242 196 255 255 56 157 164 79 177 38 255 8 175 4 197 39 112
    255 48 145 255 177 45 41 196 19 255 221 98 8 86 82 60 2 255 255 106
    176 255 187 236 255 92 73 175 195 237 79 93 97 175 255 255 255 99
    233 220 13 232 3 26 173 202 36 255 101 202 141 146 49 255 162 255 9
    209 77 141 255 254 51 255 129 82 255 201 117 132 176 255 255 64 24
    81 108 233 182 249 116 26 130 255 210 46 255 36 115 10 255 255 255
    170 255 240 255 112 148 255 8 177 255 255 60 255 38 255 154 172 48
    255 17 203 255 102 29 255 161 41 255 239 237 255 83 122 172 255 83
    36 85 153 134 103 80 227 255 138 255 145 1 195 38 25 255 127 19 255
    220 227 5 251 187 255 233 209 210 59 13 58 170 40 70 39 255 245 71
    255 255 200 181 255 31 65 255 255 32 169 37 255 255 175 255 174 161
    10 161 71 92 255 93 3 215 130 240 255 221 218 255 148 154 255 248
    255 192 174 134 5 255 23 25 159 232 255 1 71 70 217 209 111 237 192
    71 11 18 255 255 90 122 9 158 23 205 46 8 152 99 255 137 219 212 83
    196 255 205 71 252 160 131 104 240 219 255 93 157 225 234 226 255
    143 219 15 62 255 255 31 255 252 255 138 63 173 73 76 76 122 255 68
    15 129 237 206 255 46 136 60 211 116 255 233 38 50 45 60 255 102 27
    255 232 140 255 127 255 194 109 107 61 55 101 205 74 175 12 212 250
    161 46 158 255 206 255 212 7 121 255 136 223 255 142 255 255 111 246
    255 109 204 68 255 255 104 47 64 45 0 255 255 211 255 209 43 150 94
    30 250 31 69 213 255 255 228 161 255 10 114 68 255 242 124 255 255
    155 71 169 17 229 255 248 149 255 10 42 116 217 59 108 17 147 93 108
    167 255 172 222 255 141 20 255 255 255 255 152 246 202 255 223 253
    50 204 35 255 243 50 255 32 218 255 255 41 100 54 205 149 31 255 53
    255 66 254 57 255 173 9 65 108 24 255 24 192 255 41 222 255 193 74
    132 255 70 255 25 196 106 200 206 255 108 255 194 58 29 66 66 255
    255 211 112 101 252 178 185 139 88 255 211 83 5 63 83 255 255 129
    255 26 203 255 69 134 255 255 99 255 237 51 172 129 255 255 206 52
    55 211 255 84 142 190 255 255 255 255 55 59 164 58 255 170 251 65
    255 245 19 255 255 144 255 240 38 60 255 149 111 168 159 113 158 73
    255 164 234 161 120 177 255 254 57 255 56 25 238 146 152 255 28 255
    76 248 102 255 219 41 255 121 209 255 54 139 255 136 159 255 135 214
    146 245 80 13 231 54 146 253 144 101 198 20 61 159 255 255 12 227 36
    165 155 213 132 200 255 184 116 248 245 255 103 165 255 255 39 113
    215 230 245 222 101 78 185 193 59 146 255 255 238 189 255 194 151
    200 65 168 255 255 18 59 132 224 255 121 223 94 255 159 71 255 99
    143 255 146 178 98 229 55 113 146 71 197 157 25 255 174 226 86 255
    119 255 242 11 45 137 255 255 3 227 225 73 52 255 83 25 20 221 90 41
    146 255 255 255 133 225 187 28 255 211 87 255 41 182 48 206 112 213
    255 184 255 87 110 255 255 255 255 217 83 157 24 45 255 152 227 255
    40 111 66 9 136 255 215 255 255 63 76 255 244 251 41 176 13 255 27
    210 76 101 64 129 203 57 109 255 24 255 180 180 68 54 169 225 255
    217 109 255 215 255 115 97 141 255 139 78 120 23 212 249 23 164 129
    191 60 255 3 68 255 255 63 214 210 141 200 129 255 43 18 247 19 80
    30 45 158 255 237 56 255 26 134 40 4 163 255 53 212 169 179 108 255
    94 5 255 184 82 225 241 254 3 235 163 131 122 83 223 85 54 79 145 94
    255 28 71 255 119 33 20 12 126 255 161 255 255 63 242 255 9 155 255
    255 140 243 120 5 255 109 255 217 141 103 255 111 60 10 255 129 63
    217 220 250 2 133 10 28 196 255 13 184 13 48 17 109 1 250 255 159
    169 65 61 124 192 175 200 255 215 163 200 200 13 255 232 152 28 69
    190 255 121 5 84 73 229 169 113 255 40 54 65 40 132 0 255 172 52 98
    228 255 127 155 255 213 2 148 255 255 3 136 217 52 255 105 150 255
    16 247 79 92 94 18 200 50 255 184 75 76 255 9 139 31 52 108 76 154
    255 234 138 255 234 94 255 255 232 68 77 175 172 123 255 255 172 169
    137 238 23 13 224 89 255 217 84 147 193 167 217 255 135 184 255 150
    238 89 255 5 255 43 38 47 213 104 223 90 169 255 101 195 129 90 132
    158 31 255 228 0 247 198 150 212 200 112 255 255 255 38 55 255 5 225
    167 255 254 38 215 66 102 17 35 255 38 37 194 255 121 232 104 182
    254 113 55 40 255 154 255 250 78 139 190 179 134 255 64 60 187 129
    255 255 197 255 247 195 83 127 77 107 114 178 255 255 55 255 26 161
    55 60 201 158 217 26 88 106 139 255 255 112 159 255 48 177 205 143
    167 255 204 255 124 138 196 213 123 147 149 177 255 255 255 203 122
    91 191 255 98 255 252 142 20 235 80 135 180 105 131 255 174 154 185
    252 255 194 6 42 83 103 78 255 96 131 159 248 255 157 228 110 3 90
    251 255 189 133 129 255 150 212 52 255 255 34 223 204 255 9 88 67
    217 83 245 106 255 0 122 180 221 148 156 15 112 255 111 14 255 39
    208 255 128 200 255 72 217 255 115 255 23 211 154 255 99 52 255 255
    19 55 122 13 255 104 255 94 239 133 255 39 222 12 91 42 255 83 226
    94 55 255 255 131 167 7 238 201 156 255 143 255 191 213 190 89 99
    180 152 135 255 41 255 255 113 172 255 94 9 26 240 89 189 255 106
    252 18 166 71 9 18 132 186 74 175 204 255 255 89 246 255 86 255 161
    104 203 33 92 255 46 89 255 255 226 255 20 160 255 23 74 168 86 255
    147 104 237 255 89 166 115 255 55 92 255 234 141 255 245 255 255 255
    245 88 214 130 255 149 166 65 154 227 255 57 112 76 15 255 156 216
    73 104 255 200 3 102 20 209 164 135 190 52 217 255 255 191 108 251
    129 238 185 249 10 220 204 255 158 255 119 255 255 98 138 14 255 224
    219 122 219 0 255 86 119 132 215 113 228 137 238 17 84 222 255 29
    255 36 93 164 255 166 189 207 19 47 255 1 32 23 3 141 222 244 175 89
    169 255 218 129 201 200 212 255 255 30 110 94 233 255 255 178 111
    255 255 255 255 78 60 18 26 205 129 54 209 255 250 84 212 34 255 255
    150 4 182 96 209 255 240 139 141 204 20 116 64 37 252 238 25 255 61
    255 255 255 255 255 67 255 255 255 210 255 164 199 106 136 87 122
    112 113 61 233 255 255 187 237 255 159 255 109 124 32 252 219 166
    136 9 164 255 77 255 101 18 184 217 63 205 104 232 88 38 55 41 255
    157 255 252 65 255 152 19 161 255 208 111 149 18 251 45 117 46 103
    240 46 179 8 70 255 112 236 134 113 19 108 29 255 209 172 41 255 76
    141 101 192 255 255 76 105 255 12 255 255 197 255 94 216 135 25 8
    245 255 141 227 187 255 255 255 76 255 255 221 117 255 225 120 20 33
    192 36 255 255 2 130 17 170 131 169 255 161 42 3 255 186 137 159 54
    129 255 108 255 142 27 255 73 127 255 8 214 250 249 228 255 255 115
    88 177 130 255 66 97 194 184 124 18 149 166 55 89 255 255 157 18 255
    15 255 43 77 102 255 222 242 255 204 52 89 124 201 228 235 199 255
    149 181 60 30 147 106 180 6 25 36 255 255 252 214 255 145 255 45 22
    203 51 22 140 222 232 209 255 115 220 174 214 255 255 185 241 71 149
    189 56 7 143 255 255 55 58 57 241 65 77 240 161 108 55 70 40 255 170
    235 249 108 186 106 255 205 255 189 67 255 255 245 140 3 106 89 17
    16 14 205 101 255 237 151 255 12 58 17 172 244 143 204 159 138 113 3
    214 18 86 108 255 148 9 255 152 255 232 250 255 99 106 136 114 169
    255 255 193 143 255 15 136 255 255 200 255 49 60 255 63 122 255 191
    101 255 69 48 200 16 190 255 58 204 119 48 4 255 78 102 255 196 23
    84 86 255 180 101 255 237 62 242 46 216 255 101 191 96 99 255 224
    175 142 143 255 103 116 149 29 229 187 15 144 255 30 113 30 253 4
    255 211 255 175 138 31 255 84 70 53 255 51 108 38 41 255 44 255 98
    65 96 255 220 208 255 109 255 66 255 255 255 185 93 207 232 185 149
    122 148 48 103 60 161 237 187 215 90 238 132 124 255 255 255 214 136
    56 111 255 229 24 255 147 232 255 17 255 255 11 89 3 255 15 36 239
    89 255 174 78 71 63 195 70 75 255 12 180 70 26 8 255 38 100 76 170
    115 255 255 122 40 88 250 6 255 197 82 28 240 223 170 68 17 240 127
    47 51 99 89 255 46 234 255 27 246 194 64 186 255 255 94 255 200 10
    194 255 250 223 138 107 194 1 201 119 52 255 190 255 60 255 145 141
    255 255 255 122 215 101 175 111 255 141 255 255 255 230 36 255 159
    255 245 159 85 255 255 51 58 131 45 84 231 70 10 172 10 255 30 255
    43 161 48 255 106 255 255 172 14 255 11 194 31 146 168 131 229 177
    250 98 115 172 84 116 53 109 126 255 62 255 255 255 173 242 253 173
    255 213 145 255 255 229 132 233 166 227 255 66 255 117 255 255 98
    255 63 56 117 255 98 255 199 109 208 227 67 8 2 191 73 255 196 70
    122 41 37 223 146 55 255 178 210 255 155 210 255 0 182 121 221 1 255
    178 79 0 133 226 68 53 255 255 223 255 255 174 32 255 229 45 200 249
    255 170 255 231 98 100 78 255 131 0 255 255 85 48 27 173 164 117 198
    255 230 136 255 138 167 255 180 97 113 170 145 255 52 255 170 168 38
    255 253 149 157 136 102 50 41 153 255 186 181 197 205 255 126 41 23
    205 104 252 174 124 75 5 12 208 255 255 76 0 255 187 98 87 18 151
    167 10 255 16 116 152 39 40 26 61 255 255 241 85 139 86 108 30 235
    126 255 104 65 121 8 234 255 170 0 255 85 241 209 182 181 255 230
    106 255 222 56 255 117 139 255 255 177 66 145 153 2 231 111 99 207
    127 83 124 243 202 255 20 194 2 255 255 201 103 207 131 119 243 145
    60 31 62 255 255 220 255 255 219 255 255 110 124 89 33 106 255 106
    243 113 112 212 71 129 80 248 93 150 255 9 181 164 112 194 233 250
    14 255 175 79 165 140 255 212 232 13 232 123 135 255 160 50 255 255
    255 109 132 255 195 238 206 255 255 191 172 178 87 255 255 234 142
    122 4 46 226 3 255 96 161 204 195 56 233 90 255 0 105 250 156 178
    255 88 191 85 255 80 31 255 84 4 255 57 55 255 110 201 174 217 232
    98 111 45 255 48 92 212 131 255 127 235 111 194 204 255 232 206 255
    255 132 255 255 160 243 46 255 23 151 255 159 48 85 124 255 255 119
    202 71 31 233 98 229 255 15 145 48 184 242 192 255 33 255 56 255 204
    113 127 46 77 255 113 255 227 45 213 218 103 12 186 184 138 34 255
    90 255 255 174 255 247 11 236 230 225 177 15 225 227 18 111 62 210
    91 47 131 222 154 50 229 158 31 217 255 117 223 185 56 142 139 205
    103 85 73 255 255 38 22 33 255 217 75 255 255 255 255 249 171 238 80
    255 255 169 210 255 24 255 53 192 255 10 92 233 23 33 255 195 82 131
    255 130 31 86 34 250 156 229 219 255 127 50 40 133 169 255 16 255
    179 44 111 136 225 254 237 61 113 149 54 255 215 213 173 68 164 159
    255 255 178 255 143 210 18 255 255 111 46 129 61 99 32 255 174 252
    117 255 201 255 0 43 255 82 19 255 174 20 255 52 147 36 200 11 255
    248 52 151 248 71 122 94 9 255 194 139 99 185 27 18 13 65 255 1 51
    147 35 75 177 192 116 55 39 27 227 234 255 179 140 140 76 30 101 121
    255 232 26 36 47 255 20 255 61 56 201 250 33 105 177 21 98 91 31 45
    204 204 87 237 255 234 240 104 45 252 255 255 233 233 255 245 27 147
    73 255 117 2 165 103 33 196 36 156 240 59 255 154 141 255 160 255
    255 56 220 255 83 13 237 13 255 255 247 255 255 94 158 73 179 5 255
    82 61 218 26 69 132 1 161 218 255 52 242 255 157 28 214 162 255 255
    255 101 255 255 152 146 180 144 99 25 255 53 138 250 214 255 255 255
    0 255 150 102 126 69 219 73 91 97 255 176 60 96 250 5 88 254 203 255
    73 255 255 212 131 162 4 163 184 141 228 174 77 255 152 193 79 255
    74 255 255 255 255 18 29 99 255 179 82 30 255 255 255 12 181 192 130
    215 255 160 255 255 38 218 255 255 226 255 222 6 255 111 57 240 106
    255 255 71 255 134 29 255 88 167 150 255 57 92 139 10 47 225 244 255
    255 167 110 78 20 175 190 50 126 255 244 255 255 177 205 194 73 121
    159 166 173 233 191 255 255 63 243 127 93 255 199 50 103 194 112 238
    217 50 105 255 255 50 255 115 195 255 52 175 55 219 20 255 49 220
    111 215 255 255 75 189 33 245 141 255 203 245 255 254 233 255 229
    206 255 158 122 10 20 215 255 50 38 255 255 200 255 10 210 207 195
    19 152 113 166 255 91 149 58 138 255 255 78 237 209 240 185 104 229
    255 121 124 79 61 72 208 255 143 27 255 154 255 255 44 255 243 213
    209 31 61 52 184 189 255 255 176 43 228 115 215 51 255 255 78 13 99
    255 182 255 204 95 74 117 142 196 159 112 223 124 242 195 46 20 40
    81 46 54 124 28 255 255 255 108 40 177 28 255 172 255 121 41 68 255
    255 255 255 3 82 151 194 255 189 31 191 137 235 4 255 174 13 202 238
    62 146 35 0 180 66 140 43 131 255 96 252 159 113 215 245 3 233 54
    255 90 255 218 73 255 255 74 255 255 3 17 255 221 162 255 201 177
    255 139 255 255 232 52 255 3 213 255 37 101 55 247 247 255 255 255
    252 234 116 117 172 51 58 255 73 157 255 255 255 72 191 114 166 139
    255 187 133 127 102 15 159 255 255 94 255 147 255 11 208 147 74 24
    255 208 10 177 37 212 255 229 255 88 115 254 3 226 153 255 228 6 255
    0 116 28 211 255 104 143 41 132 89 80 255 22 106 147 128 217 255 206
    191 146 149 121 255 220 219 46 115 255 255 135 87 255 95 204 255 170
    110 94 137 175 255 239 40 255 100 140 255 222 161 255 255 224 255 62
    255 255 255 223 26 141 164 89 101 194 169 113 194 255 255 169 2 73
    28 255 103 116 53 133 64 222 170 159 215 120 220 255 58 107 56 255
    139 137 43 255 116 30 66 139 175 255 174 224 255 207 216 178 20 147
    59 255 149 18 255 255 233 58 18 57 255 235 255 8 63 166 200 115 37
    190 151 113 91 12 93 255 182 29 230 158 246 96 102 242 179 207 11
    255 66 169 108 154 214 225 105 98 255 219 255 202 39 25 210 233 208
    255 178 200 255 135 255 255 182 155 250 44 233 255 174 18 232 255
    157 146 93 245 255 225 99 232 220 255 76 111 209 162 113 139 204 91
    210 2 183 17 136 177 203 53 54 60 255 129 48 48 96 97 192 228 111
    255 141 42 255 220 254 255 175 4 70 63 190 247 158 134 164 20 166
    103 130 97 255 164 175 139 241 125 255 191 90 89 220 157 204 255 203
    210 159 83 117 255 189 255 240 255 255 76 159 30 215 38 144 73 57
    162 136 255 111 233 46 255 237 150 46 216 127 202 90 255 255 241 112
    50 140 152 18 197 155 248 242 255 189 216 126 255 45 34 184 137 84
    255 36 17 253 37 255 215 201 217 55 93 107 179 83 57 40 255 27 255
    205 240 88 141 108 144 66 99 81 169 129 134 111 232 151 126 255 255
    117 255 255 17 255 255 7 117 255 73 38 255 98 136 247 1 154 106 138
    70 41 130 19 255 65 111 192 56 255 108 132 166 121 67 131 136 66 147
    255 54 255 255 59 38 98 141 85 94 104 90 113 193 222 132 195 1 161
    68 255 230 142 62 15 186 255 255 113 255 40 104 51 255 127 76 255
    255 158 209 196 178 94 205 124 245 108 228 50 0 224 175 11 97 144 96
    29 255 210 255 189 110 127 41 132 57 220 110 166 255 127 255 2 34
    122 117 240 255 255 65 227 111 50 32 111 95 222 255 21 106 255 136
    65 255 20 61 255 65 255 43 34 33 213 4 187 5 186 226 235 48 134 187
    169 139 70 16 255 255 49 209 255 90 161 101 71 195 86 255 136 255
    129 88 108 148 158 205 234 255 149 228 28 199 240 208 60 152 139 255
    255 186 255 28 119 255 44 149 255 255 92 154 17 153 255 110 124 122
    178 255 136 40 250 134 113 196 106 58 11 147 108 56 15 138 25 255
    138 199 255 83 101 227 222 158 31 255 215 108 255 136 255 61 111 134
    130 157 74 130 177 131 255 61 70 197 17 255 4 4 194 156 186 56 223
    61 159 200 101 164 34 27 8 224 1 94 15 135 55 18 251 3 229 149 255
    187 52 35 117 255 58 156 48 3 159 28 86 8 214 255 225 177 7 252 65
    94 54 102 247 21 247 48 36 255 245 195 161 139 99 255 247 159 139
    119 188 103 255 132 219 94 214 255 248 120 85 114 128 255 255 127 22
    255 102 164 5 59 246 134 40 115 96 101 255 255 78 149 255 66 255 255
    158 176 255 238 255 255 37 48 88 255 171 60 164 198 253 194 103 151
    147 14 255 195 234 255 173 224 255 76 222 10 255 255 255 255 0 255
    113 50 255 193 198 242 20 199 71 169 255 70 188 55 255 28 22 96 200
    255 255 170 255 255 244 124 255 213 143 25 135 208 255 255 126 255
    34 105 255 119 255 255 168 4 76 216 255 238 64 83 61 58 57 223 80 85
    121 196 231 146 124 9 38 240 56 79 33 255 174 62 66 98 159 75 255
    228 255 204 221 101 218 37 62 255 207 136 255 197 178 31 114 255 245
    91 120 30 255 43 199 133 255 255 164 75 255 255 64 0 137 90 255 69
    154 157 255 252 222 242 177 40 89 255 58 255 246 255 17 255 71 115
    255 26 255 254 66 255 4 255 145 130 255 53 136 255 182 88 165 146
    119 255 17 229 89 196 23 2 113 210 162 109 227 255 203 163 55 105 4
    255 130 166 197 152 236 55 65 255 255 121 56 40 255 108 235 103 10
    255 13 140 167 255 255 22 76 59 124 109 144 129 11 61 159 196 255 0
    248 255 255 232 48 255 152 177 255 19 255 255 203 40 255 38 172 88
    183 199 255 110 24 136 217 80 207 93 255 255 252 206 61 238 55 164
    255 159 255 140 129 96 65 119 199 151 231 255 187 61 175 185 214 103
    50 34 255 69 243 149 169 199 18 136 255 104 48 124 255 216 117 116
    255 255 240 61 106 255 38 80 255 27 32 255 255 11 23 237 173 255 3
    255 40 163 255 255 27 121 255 255 182 209 16 180 58 229 255 255 31
    155 8 232 54 255 180 28 159 76 20 245 255 92 255 255 29 7 167 10 103
    201 19 88 109 150 215 100 255 204 57 82 255 170 121 255 180 255 255
    139 187 169 111 182 139 132 255 68 168 255 255 174 148 73 170 66 20
    72 255 255 94 190 255 167 255 99 255 177 200 77 236 255 47 255 247
    254 255 255 203 27 255 110 153 255 101 199 230 74 45 255 115 47 255
    189 129 255 233 99 10 255 34 255 207 255 30 90 233 255 82 37 255 255
    184 245 211 56 255 215 251 255 73 229 255 121 224 232 252 163 255 12
    255 255 224 101 222 243 41 255 15 192 255 121 127 253 212 255 194 55
    255 116 75 17 177 68 220 255 127 76 255 35 255 230 154 255 255 129
    40 255 207 158 106 192 255 255 184 84 15 151 166 28 247 19 68 104 99
    204 245 199 235 237 255 111 200 208 255 86 13 213 207 255 255 145 13
    180 11 169 255 210 255 101 10 133 255 225 55 89 239 129 76 255 129
    76 40 215 94 159 107 255 147 172 147 255 110 255 202 173 30 255 76
    84 150 56 255 106 255 103 66 154 179 3 255 139 180 101 255 65 195
    255 30 254 255 205 111 38 30 89 46 110 199 255 141 85 255 105 48 79
    198 213 255 255 255 38 135 154 136 101 99 215 255 213 255 147 198
    255 59 145 108 251 32 189 50 136 204 15 168 255 255 213 242 8 116
    217 52 116 132 77 115 25 28 92 185 118 90 255 87 182 17 198 196 237
    173 176 255 65 48 162 31 254 213 50 185 255 38 150 40 143 194 91 74
    126 255 104 231 255 35 46 255 255 38 94 255 93 101 38 157 147 192
    220 255 255 250 149 255 205 199 156 245 197 114 180 22 93 255 61 126
    178 225 63 157 2 250 70 139 255 121 66 61 127 23 52 140 255 216 159
    255 255 223 255 139 129 255 137 223 18 94 18 245 126 33 255 93 195
    255 200 101 255 123 215 250 113 226 255 235 245 255 255 196 53 221
    255 255 145 243 180 175 173 161 54 122 152 130 250 255 56 255 248 61
    131 79 229 217 255 95 255 225 255 43 74 44 227 255 254 87 45 253 13
    255 166 23 132 98 176 139 84 3 255 245 85 18 21 247 12 230 255 192
    255 70 104 35 255 255 120 83 255 50 172 55 141 50 255 61 152 222 148
    201 179 167 155 8 121 76 255 176 84 99 255 203 255 73 5 218 35 172
    255 177 48 33 148 88 48 130 115 70 15 255 255 161 208 119 178 141 79
    233 5 122 179 208 255 255 245 108 255 43 197 19 255 255 255 255 65
    249 185 152 55 255 247 122 255 255 208 255 104 255 145 26 158 9 61
    186 255 104 4 106 26 75 205 227 180 155 255 16 61 149 69 255 255 231
    115 121 255 233 174 127 255 255 196 27 255 100 255 207 52 255 84 255
    187 255 8 93 255 146 116 255 122 204 255 228 199 255 255 34 255 68
    194 255 234 219 255 195 255 255 212 76 255 149 226 111 119 255 245
    204 180 132 130 24 232 53 145 255 187 161 70 15 255 255 170 234 141
    101 147 71 84 102 154 166 208 255 82 150 217 183 255 139 133 222 144
    186 210 70 150 255 164 173 209 121 183 29 255 99 255 255 212 162 33
    255 180 131 168 215 48 50 255 255 229 189 255 185 182 255 220 255
    255 112 46 255 255 255 76 156 111 81 101 238 104 110 255 61 255 255
    255 176 36 165 100 60 78 245 99 255 38 19 137 255 56 204 211 255 8
    86 255 81 216 64 210 207 37 255 146 27 156 210 255 255 176 242 255
    127 255 53 137 108 83 98 226 255 247 70 255 241 180 152 45 38 38 22
    121 255 45 80 164 243 255 255 255 34 255 119 255 255 201 43 200 204
    255 255 67 252 117 81 237 255 29 121 255 117 172 255 67 45 255 44
    161 113 91 33 255 38 121 222 69 255 253 215 195 255 55 255 255 135
    94 137 28 145 2 255 190 255 28 102 101 255 255 255 53 138 255 110
    185 255 180 164 255 45 111 255 91 201 215 186 163 74 255 129 255 11
    148 255 50 121 202 197 87 88 151 255 104 178 243 108 177 204 255 228
    11 122 151 218 43 132 255 255 112 65 255 214 42 255 25 89 26 231 101
    116 177 199 255 24 208 255 207 255 76 214 158 255 255 238 199 35 124
    235 146 33 255 237 178 255 255 34 142 16 255 255 205 203 38 74 37
    255 143 255 101 222 200 255 41 28 255 80 127 10 67 124 255 247 78
    255 132 227 180 24 116 255 255 64 255 207 255 255 132 133 255 65 70
    101 38 196 209 129 134 255 80 186 108 41 255 255 166 129 46 197 192
    187 131 41 180 255 147 248 217 140 245 26 55 255 76 28 255 150 255
    255 178 255 255 126 215 232 145 169 116 219 157 31 152 83 17 255 155
    255 29 255 185 255 255 141 164 6 157 216 187 177 2 141 141 255 125
    255 21 169 255 211 52 207 255 148 255 255 255 255 182 23 218 234 246
    255 229 182 63 80 255 70 68 182 20 255 90 132 163 255 113 198 255
    255 75 255 255 6 200 43 225 198 250 255 80 220 126 73 65 74 229 209
    149 255 255 255 214 151 53 51 255 136 96 41 35 8 89 231 187 255 182
    189 255 91 214 68 188 255 31 132 94 139 111 55 68 149 61 255 139 8
    235 76 113 255 35 90 99 148 108 255 220 209 89 234 80 103 40 126 197
    152 255 12 65 3 255 173 89 18 193 255 255 213 164 255 177 65 255 255
    255 255 78 107 255 200 106 232 92 43 255 114 154 255 240 255 255 92
    255 65 248 17 5 36 125 146 184 28 167 67 247 104 221 75 255 113 218
    199 255 161 212 66 41 255 47 255 255 127 8 255 81 168 23 255 255 71
    4 99 199 234 68 43 126 255 122 255 222 172 189 180 122 255 255 114
    229 215 45 187 66 255 235 255 255 0 130 212 54 50 255 219 195 255
    192 159 255 11 198 197 179 182 255 255 101 126 229 8 88 183 255 230
    255 152 255 255 164 10 76 130 199 7 92 255 84 255 5 40 237 255 220
    255 172 45 79 225 0 87 129 234 48 255 135 226 252 114 9 152 166 185
    197 179 194 255 180 18 200 34 62 127 230 138 255 224 155 94 21 255
    255 50 194 194 235 50 255 187 227 129 229 136 218 66 255 255 108 255
    53 191 232 227 59 48 227 241 36 18 206 236 103 141 125 43 94 60 8
    255 8 119 219 214 255 165 191 242 212 47 255 248 96 255 255 127 50
    10 255 255 123 150 114 166 31 175 210 8 255 152 255 217 130 36 154
    129 152 255 38 127 255 15 184 215 83 255 255 146 59 209 230 139 179
    189 255 255 145 209 137 255 157 56 253 59 117 126 119 255 255 168 2
    62 164 22 13 184 213 145 254 255 233 93 129 120 242 233 131 255 255
    121 71 255 24 255 124 151 229 101 56 255 255 24 105 255 183 155 255
    186 255 185 224 51 255 53 255 25 1 180 25 48 54 233 203 138 255 138
    252 18 205 55 230 84 133 255 228 255 255 137 155 255 176 222 38 36
    34 141 159 74 194 187 76 233 200 55 255 214 242 114 201 255 108 59
    205 73 90 87 255 6 214 255 87 83 240 106 255 255 105 111 255 234 255
    182 255 82 255 217 255 33 26 134 255 255 9 12 83 76 255 41 252 172
    99 110 255 180 83 127 255 233 124 255 201 255 226 255 255 247 173
    255 217 255 255 220 192 233 63 168 255 48 255 255 182 124 255 16 204
    184 212 215 197 82 38 175 20 141 202 247 124 255 19 43 255 248 3 255
    232 90 154 205 60 255 175 51 126 214 255 113 255 228 255 150 255 10
    177 15 255 78 97 33 186 255 255 205 171 243 95 215 28 215 228 220 43
    255 255 31 167 0 187 194 169 55 254 255 182 255 5 128 68 255 22 255
    60 149 107 223 91 68 255 108 98 255 253 92 202 255 36 230 207 195
    227 0 255 22 72 255 71 245 76 255 29 182 255 118 135 255 145 238 46
    132 131 255 112 208 184 106 254 99 158 199 192 31 176 255 210 181
    255 206 153 237 243 51 30 76 219 255 9 162 40 239 130 212 20 250 218
    255 38 13 255 22 164 22 55 25 211 255 142 69 184 218 198 255 172 148
    28 255 255 255 255 226 48 209 226 14 255 255 203 165 81 65 255 121
    255 255 143 34 255 31 217 255 11 255 255 87 223 227 103 241 255 92
    143 255 234 59 141 94 205 116 102 31 99 121 90 255 186 255 12 191
    255 209 255 55 255 35 135 192 254 255 161 154 214 127 185 69 151 215
    17 187 174 121 131 124 169 255 242 50 174 226 60 53 148 191 255 120
    148 81 39 255 106 11 134 58 255 255 223 130 177 255 255 94 146 242
    15 255 210 144 194 40 80 190 36 255 255 191 226 38 124 228 190 71
    176 255 57 0 101 93 71 255 128 60 253 193 124 255 255 255 94 73 255
    255 120 255 134 143 134 89 1 214 255 254 117 255 156 99 50 241 255
    217 77 233 177 85 45 255 9 28 255 255 255 23 205 229 84 255 70 255
    90 255 230 250 61 255 69 99 204 85 130 215 71 212 255 255 56 104 120
    242 255 72 255 255 159 201 255 206 252 8 145 255 134 84 126 104 253
    200 255 198 245 190 87 232 7 31 198 255 36 255 255 183 255 255 201
    255 79 151 229 217 135 24 255 172 10 255 106 214 255 8 215 255 255
    117 255 166 255 81 255 255 218 132 255 252 120 133 108 255 187 51
    170 46 127 255 218 126 55 255 169 241 162 255 138 51 68 48 69 157
    214 164 65 46 143 255 13 68 255 170 69 255 117 19 179 133 136 161 38
    196 255 124 50 169 129 255 255 49 40 255 24 143 124 67 64 255 18 88
    180 0 10 255 178 229 116 182 214 142 255 255 255 8 57 152 148 180
    255 9 124 8 54 117 255 234 167 210 133 162 255 204 209 114 188 255
    12 207 255 250 129 255 255 194 255 101 174 60 255 83 255 255 99 255
    255 167 73 255 94 112 184 103 255 255 45 224 111 184 203 202 50 201
    30 150 200 252 252 136 255 255 155 255 75 57 255 244 107 255 154 214
    199 53 171 255 57 139 238 255 11 255 255 11 250 248 147 89 249 1 5
    225 255 255 78 242 192 200 255 117 66 126 111 255 186 255 48 6 255
    198 50 175 255 255 255 255 154 175 255 247 255 155 218 255 143 255
    28 56 192 255 254 15 117 255 133 255 56 27 255 94 155 255 82 255 122
    92 181 53 180 206 114 57 205 232 230 14 255 255 245 255 135 62 255
    196 55 255 102 140 255 118 125 10 135 238 103 172 255 255 192 213
    255 96 115 255 20 164 255 28 219 255 240 88 255 84 190 255 1 101 255
    217 189 255 117 255 255 77 13 255 82 22 202 137 169 255 175 226 154
    159 130 22 53 85 76 255 56 199 100 255 255 255 110 136 217 171 255
    194 255 255 247 255 255 187 254 255 154 255 255 192 134 255 255 52
    255 92 240 255 55 255 255 174 47 103 226 28 70 8 255 255 123 28 255
    164 175 113 17 199 255 248 47 60 35 57 255 105 144 162 183 94 31 50
    46 65 55 255 255 85 204 154 255 62 255 73 250 255 114 73 56 160 133
    255 123 232 197 112 255 255 173 102 194 157 92 255 117 167 45 143
    129 58 176 204 245 233 255 33 252 122 255 46 76 217 110 106 255 192
    6 255 255 52 255 136 255 255 158 131 109 169 254 255 255 103 255 96
    112 230 21 255 151 206 203 209 39 255 255 33 84 217 94 255 197 16
    121 13 204 158 255 229 246 174 174 255 132 121 66 8 151 122 255 120
    38 22 205 6 255 255 80 255 172 125 106 215 240 26 8 190 35 95 144
    222 122 61 5 255 190 51 13 167 89 180 61 255 111 121 255 142 106 70
    53 206 212 239 124 255 101 224 66 228 200 116 141 36 248 55 255 78
    105 107 235 255 255 255 215 233 200 6 52 20 26 37 255 172 0 255 155
    68 255 145 255 237 255 27 25 173 198 255 167 135 255 124 255 255 226
    255 131 160 214 255 31 198 169 165 255 235 220 189 255 255 229 36 41
    255 51 136 124 222 244 255 74 197 255 255 45 217 255 102 60 96 103
    255 255 110 186 255 203 68 45 83 181 255 255 195 255 47 78 202 255
    255 255 13 255 248 255 149 213 240 255 177 92 205 255 29 8 255 128
    255 255 252 255 104 170 38 104 38 185 17 172 250 35 33 255 25 223 62
    255 188 144 129 9 131 255 184 255 255 225 36 126 169 122 255 154 252
    255 212 92 3 255 255 170 148 255 161 228 149 255 188 115 137 138 255
    180 13 255 255 38 255 51 33 255 255 255 255 255 156 177 255 20 99
    255 35 117 255 255 24 15 149 153 225 146 240 255 135 134 76 83 148
    255 112 240 255 43 51 212 68 164 83 59 149 113 68 255 255 4 80 7 151
    145 255 130 18 255 243 255 202 7 196 255 52 98 81 210 33 194 255 214
    142 212 42 255 104 255 202 57 255 182 255 9 28 41 255 252 255 255 31
    30 255 253 62 255 213 43 255 255 140 74 255 142 255 161 61 226 255 6
    40 157 219 240 255 185 250 164 180 97 255 255 10 195 178 134 255 124
    27 235 120 255 255 108 237 88 13 38 5 77 255 255 228 40 230 203 168
    71 81 8 182 136 57 180 185 245 255 91 166 177 255 232 255 92 161 255
    25 1 255 117 255 187 18 234 255 0 22 116 1 78 255 90 14 250 235 32
    45 213 196 245 55 88 104 196 212 149 112 121 255 120 250 134 71 147
    217 0 255 165 142 181 255 255 20 48 205 159 132 1 76 146 255 164 189
    255 255 50 20 88 20 28 93 185 189 89 200 202 96 255 154 157 20 141
    89 220 172 189 104 166 255 109 241 218 255 40 190 28 30 48 255 25 93
    255 255 152 18 255 51 83 143 191 204 211 56 185 48 125 255 226 220
    243 233 74 255 139 175 255 133 255 40 22 1 255 197 23 190 69 214 232
    64 255 61 115 177 255 46 195 255 205 83 255 115 255 169 55 74 106
    119 254 228 222 54 25 255 139 255 124 255 86 49 38 93 109 163 146
    253 243 255 112 255 73 45 255 109 102 138 144 30 241 255 170 255 187
    49 117 63 33 255 255 135 232 156 84 134 255 87 168 142 194 255 223
    255 255 213 255 47 255 210 161 61 255 78 122 149 75 190 4 232 65 69
    166 255 191 255 94 180 17 255 17 73 255 192 255 142 133 97 255 49
    111 255 74 219 255 255 255 213 243 231 22 8 66 151 86 13 127 201 255
    68 110 88 238 91 79 111 69 48 255 160 255 207 61 76 141 231 189 255
    252 204 255 92 255 84 89 251 30 117 122 255 249 198 255 80 178 255
    131 237 46 52 107 255 255 31 255 90 155 61 176 166 53 45 10 250 217
    168 156 121 255 213 66 255 255 73 164 255 206 255 255 89 255 213 229
    181 151 239 240 174 253 255 255 102 255 213 185 172 255 91 9 195 82
    233 165 142 190 255 66 64 190 225 120 134 160 201 255 1 178 197 175
    85 255 250 119 84 234 247 7 215 255 38 221 255 255 28 166 116 82 115
    255 170 101 106 135 169 185 195 65 255 255 217 197 129 135 200 215
    84 255 72 172 18 16 38 3 105 29 199 94 161 255 255 182 255 6 189 180
    111 186 121 52 97 225 30 198 255 128 121 20 215 20 207 254 255 182
    175 136 255 253 129 12 232 255 202 110 245 137 133 0 255 255 255 61
    58 227 245 100 255 255 48 122 255 138 152 31 38 192 50 251 3 255 253
    255 255 31 55 187 29 255 255 49 75 255 77 177 179 255 255 255 113
    255 131 228 31 40 159 180 127 255 255 180 24 110 35 157 108 106 255
    217 66 212 180 255 48 94 104 76 79 31 71 222 106 255 111 108 21 125
    26 99 133 232 174 119 119 168 64 195 136 246 174 59 159 255 99 85 0
    71 227 189 105 255 255 48 255 136 191 64 255 48 113 255 255 187 255
    129 33 190 183 71 255 247 213 157 49 116 255 176 27 255 167 8 255
    169 83 233 210 203 255 63 255 30 104 69 12 247 255 66 172 255 137
    214 233 255 158 252 255 174 29 144 108 219 124 211 121 124 200 120
    71 176 27 255 59 255 13 135 255 215 19 168 204 255 96 122 9 31 255
    21 113 17 220 112 22 83 255 50 34 255 255 230 255 187 91 111 255 1
    37 185 174 92 177 155 119 255 37 112 255 157 196 114 244 57 31 36
    255 20 179 131 215 184 43 124 41 133 190 41 133 228 214 255 255 200
    255 223 245 195 165 54 48 255 35 107 5 94 238 255 247 255 50 1 255
    189 90 255 237 74 11 41 255 255 61 115 255 161 38 23 255 234 98 255
    231 190 156 68 115 50 255 120 255 233 112 84 29 255 255 223 255 177
    27 99 70 22 169 255 105 8 26 114 25 68 157 191 161 38 83 255 91 255
    255 208 255 5 2 96 88 255 56 195 130 106 255 68 23 255 255 154 245
    111 159 255 230 196 36 150 133 255 255 166 197 46 217 7 119 116 255
    255 255 237 133 255 106 175 18 255 71 255 200 255 48 88 156 255 84
    131 254 255 185 97 255 255 255 255 95 255 255 223 187 189 238 241
    255 255 231 255 91 185 255 99 140 152 20 116 255 255 223 127 205 96
    255 63 215 174 237 119 185 87 255 151 17 135 255 150 255 225 35 73
    255 211 48 255 147 19 180 117 8 255 254 227 212 166 89 190 89 113 66
    6 255 255 96 245 247 121 227 50 255 236 60 255 255 255 56 255 96 98
    51 255 164 47 22 244 255 215 98 43 215 40 38 169 191 255 248 200 255
    7 200 40 159 204 199 225 172 180 3 255 22 144 255 255 255 35 138 99
    255 226 56 87 113 74 159 252 255 41 249 174 52 57 139 131 68 255 183
    70 255 255 134 26 50 255 255 221 65 255 255 47 255 191 255 255 75
    167 227 6 136 129 94 163 137 8 105 250 173 255 255 93 255 255 255 3
    255 122 255 255 179 250 122 244 213 22 18 152 255 170 223 255 228
    226 136 114 38 255 62 61 147 223 42 121 68 120 30 109 34 43 26 149
    179 83 252 192 141 14 255 179 255 76 50 255 28 200 74 255 177 111 63
    255 40 255 105 24 255 33 78 255 13 168 242 143 98 255 114 245 255 59
    93 116 176 135 255 55 127 86 253 52 255 178 57 30 20 180 255 184 201
    71 4 255 89 64 217 255 163 23 255 167 223 200 239 255 147 148 182
    237 215 255 147 192 186 190 98 102 255 130 65 205 49 102 255 43 241
    255 45 169 172 255 250 162 101 94 255 255 255 255 206 255 255 20 255
    142 213 255 255 137 143 255 255 106 2 46 255 255 105 255 61 24 99
    255 78 224 12 219 143 255 76 204 205 136 255 215 11 255 210 193 50
    255 136 246 255 157 155 12 71 60 40 50 255 255 255 255 255 202 124
    255 255 33 116 40 37 255 215 166 212 180 62 252 98 3 255 108 255 210
    222 89 187 9 178 255 169 255 73 44 198 184 74 162 17 129 255 182 26
    75 101 221 70 0 124 204 255 123 71 116 72 124 255 87 255 255 255 111
    255 67 255 169 157 255 255 178 187 60 255 255 255 184 74 255 45 138
    255 36 237 255 174 75 255 35 98 255 118 14 255 255 4 12 255 40 144
    238 255 255 172 42 114 255 209 50 255 186 7 18 255 252 215 255 255
    119 29 255 110 255 255 82 246 255 255 34 63 226 46 255 195 144 38
    186 129 255 15 255 41 167 150 255 26 200 83 145 255 71 67 167 255
    113 88 96 200 255 156 82 22 147 196 1 5 40 204 228 58 255 233 34 255
    38 43 212 255 191 219 243 200 125 255 202 255 222 150 255 255 179 69
    255 138 121 255 66 255 15 132 196 255 148 205 232 0 189 255 25 252
    30 89 62 45 38 19 10 223 190 101 237 255 255 49 238 255 188 255 199
    66 255 26 30 255 255 156 198 137 85 255 157 241 25 179 29 255 31 44
    196 255 231 228 13 77 238 255 105 236 144 56 192 127 13 61 228 250
    150 84 49 255 255 247 141 26 211 255 56 255 255 238 255 119 235 11
    70 255 1 69 137 255 136 255 143 255 46 98 173 255 255 205 255 130 96
    121 135 246 106 198 255 88 255 33 81 109 196 12 196 255 255 139 255
    41 127 255 162 195 180 68 138 212 156 10 223 255 184 82 13 232 56
    131 177 213 197 104 127 255 44 175 255 99 98 255 237 8 215 82 255 10
    57 255 255 231 15 223 142 255 99 201 227 175 90 115 0 94 5 0 27 178
    98 197 125 255 121 208 159 208 126 7 163 135 30 64 149 255 249 19
    177 164 145 136 45 255 255 78 162 255 192 255 93 143 255 38 148 255
    161 120 96 255 74 20 255 113 79 255 21 117 142 110 82 17 196 255 255
    45 255 60 169 255 255 196 88 99 192 218 70 172 129 113 167 200 2 255
    215 56 255 255 255 47 89 73 189 10 88 255 189 255 255 20 255 111 51
    71 156 127 255 89 212 209 25 176 177 94 255 157 238 214 255 255 191
    154 130 159 255 146 134 63 208 5 28 187 255 255 147 196 139 214 57
    71 168 255 119 121 56 159 82 255 255 68 255 255 48 243 255 10 255
    255 136 5 255 112 83 255 189 255 96 172 255 255 255 105 212 3 255
    116 253 105 144 192 243 255 240 20 225 127 65 255 237 141 255 174
    255 255 28 76 255 39 169 255 47 252 33 92 138 81 74 106 25 41 255
    255 255 255 200 214 125 136 185 45 255 201 36 111 37 152 129 78 220
    255 95 205 255 203 40 79 65 233 114 25 223 93 149 94 46 255 255 255
    177 246 119 226 4 162 193 232 255 159 173 250 149 236 50 228 255 207
    177 255 255 6 246 187 124 33 156 235 199 48 150 24 104 211 24 255
    202 154 2 122 23 207 3 255 58 76 208 255 255 240 255 6 255 122 110
    87 255 30 210 209 211 191 20 167 250 255 245 126 187 250 69 255 214
    57 83 81 255 124 205 133 255 142 139 184 255 51 113 13 227 255 253
    54 38 38 13 255 120 189 255 4 219 23 114 255 184 72 218 255 118 36
    159 87 79 255 255 195 255 37 138 255 165 164 199 115 116 255 124 255
    255 204 0 255 7 171 40 195 60 63 200 8 26 152 37 255 13 242 84 245
    31 255 237 223 247 41 209 255 21 246 48 102 255 227 132 255 255 140
    134 40 255 246 162 19 212 255 95 32 170 13 14 255 81 227 60 253 233
    255 255 96 161 255 93 212 143 255 255 220 236 162 255 255 255 26 14
    83 9 206 43 8 90 237 56 127 18 176 242 225 124 57 20 212 92 91 255
    105 255 174 24 255 28 84 30 211 145 86 119 254 255 111 255 255 136
    80 28 229 145 255 213 120 58 172 73 76 10 255 255 8 249 41 136 125
    255 183 130 255 112 238 136 252 115 255 87 232 247 37 222 255 177
    177 103 7 200 169 142 217 83 247 113 126 193 186 127 1 224 84 34 19
    237 158 242 209 255 255 15 19 143 46 201 255 255 47 25 141 151 69
    202 29 159 255 167 255 10 196 96 232 54 99 151 122 108 255 189 255
    255 37 76 137 200 255 162 255 240 207 95 50 255 76 99 245 159 73 255
    167 255 255 191 255 132 204 101 255 253 164 212 158 136 187 249 11
    159 96 32 217 53 141 248 61 152 222 163 227 210 149 255 255 34 169
    35 118 255 255 45 18 131 15 3 255 3 34 169 95 219 230 0 8 23 9 57
    255 89 242 58 185 255 76 192 124 255 232 108 113 31 136 83 255 255
    25 157 62 84 255 167 74 255 120 255 139 83 50 143 157 66 197 214 108
    52 14 134 105 119 255 137 191 255 237 75 232 164 50 237 49 255 255
    232 255 141 255 134 101 255 241 134 38 176 255 154 247 255 67 214
    117 169 172 197 174 255 174 215 70 248 78 255 122 98 255 255 241 66
    154 185 164 26 15 172 60 221 255 255 245 233 3 77 236 31 133 33 255
    9 237 175 206 79 255 200 226 106 126 102 255 222 125 255 211 255 71
    255 177 255 212 228 71 132 147 91 161 140 36 67 255 248 241 255 237
    118 33 174 19 255 250 212 28 122 48 122 159 146 198 255 109 255 157
    54 212 3 0 191 197 69 255 215 71 199 255 44 32 255 101 255 255 26
    255 45 121 231 240 156 74 88 155 57 255 63 195 17 255 203 7 249 255
    8 112 196 232 234 14 141 169 147 255 192 231 175 255 218 172 228 56
    255 96 80 255 147 255 255 41 255 79 56 73 222 98 255 113 1 8 255 104
    126 182 103 255 255 142 200 5 159 204 255 255 208 255 159 23 165 255
    71 94 161 80 255 239 113 227 34 51 154 185 130 86 208 255 255 195
    255 255 50 222 255 255 199 93 91 255 255 120 149 255 10 246 99 255
    37 255 136 159 68 151 1 230 10 15 40 137 144 255 173 89 96 206 111
    35 96 38 174 157 219 255 200 255 124 49 110 255 135 255 255 176 255
    0 15 255 255 7 125 255 177 218 70 31 73 5 197 255 255 137 150 255
    127 73 255 213 255 174 81 169 255 187 255 255 110 17 98 255 108 179
    243 214 237 145 255 255 104 255 40 112 36 23 193 167 255 53 43 255
    255 31 61 254 64 63 255 169 48 2 255 255 228 4 104 250 255 255 80
    199 217 17 157 255 214 172 250 85 255 255 176 255 217 17 255 240 137
    255 74 141 255 12 255 255 26 222 255 117 168 189 172 213 108 23 57
    10 255 254 31 255 75 41 255 255 105 255 255 56 255 240 4 189 172 255
    250 74 10 218 55 71 232 255 175 255 85 111 247 75 1 230 96 102 215
    64 255 15 34 82 137 214 198 184 13 178 255 92 105 255 22 153 136 172
    50 255 12 135 195 187 11 5 212 255 3 223 52 220 255 249 250 49 175
    255 48 255 255 168 147 255 61 133 255 244 184 104 140 255 255 26 38
    157 219 34 255 1 255 83 118 4 238 139 89 255 24 101 255 163 222 184
    255 110 255 193 255 220 58 113 179 124 219 255 82 28 255 252 173 10
    140 206 175 177 255 255 28 173 149 237 6 255 59 255 36 78 198 20 130
    255 51 255 168 255 114 255 157 90 20 141 220 255 255 78 144 137 206
    27 230 221 255 169 8 135 94 9 232 195 231 255 56 194 240 119 61 255
    162 33 133 248 255 45 255 48 213 134 84 195 255 255 43 66 93 255 255
    206 82 159 237 115 71 21 167 255 22 208 79 53 240 18 41 255 233 255
    3 255 255 255 255 22 227 41 167 255 233 25 255 164 39 65 58 78 240
    56 184 71 255 150 40 255 215 189 25 105 220 104 188 255 35 222 255
    255 87 229 78 133 119 255 135 255 65 229 209 255 141 84 22 240 61
    255 196 255 154 155 247 255 91 117 152 9 25 255 194 255 74 110 255
    255 58 190 147 126 254 225 75 28 255 255 147 255 4 255 233 177 255
    122 53 255 255 99 73 162 240 220 248 12 173 179 7 61 119 193 255 255
    31 224 83 250 255 255 61 203 255 255 105 255 255 213 3 145 238 255
    254 192 248 231 255 103 74 150 255 255 200 247 152 25 255 228 47 197
    225 200 255 122 167 3 168 52 35 143 163 243 74 242 18 137 112 255 89
    204 255 71 129 220 255 111 0 242 120 209 255 168 200 29 29 210 71
    176 255 38 255 255 213 133 255 173 157 255 141 255 255 187 48 89 149
    255 232 154 42 157 191 43 184 11 255 58 239 255 194 178 47 152 98 23
    121 192 255 255 204 29 255 224 78 114 54 201 103 139 136 255 165 247
    255 57 255 200 34 89 255 255 97 7 253 194 126 46 255 255 255 255 7
    255 255 255 184 131 91 83 215 252 210 180 149 105 255 255 115 103
    131 250 56 137 228 255 207 113 157 255 255 229 36 168 94 232 40 110
    255 73 141 117 255 51 255 118 255 3 155 255 255 195 62 10 235 255
    255 41 42 63 251 255 106 237 98 7 12 167 255 58 255 255 252 161 202
    255 255 255 193 24 25 255 115 74 8 75 255 251 255 137 143 255 200
    221 252 28 193 115 255 91 255 7 136 241 162 163 139 70 166 237 149
    132 0 73 75 52 255 255 133 255 215 255 136 77 163 255 38 41 233 255
    255 255 19 70 53 244 255 179 123 255 213 255 255 200 255 62 2 184
    140 134 255 28 179 139 97 63 29 255 255 115 61 147 109 255 204 1 255
    179 165 255 255 66 255 255 29 65 255 130 71 255 12 255 255 193 60
    255 4 36 68 255 84 70 235 136 113 67 255 255 8 255 56 159 255 30 63
    28 255 3 255 255 160 214 151 45 175 152 119 255 255 109 255 63 255
    125 255 46 168 35 180 83 65 255 218 78 114 134 146 73 215 255 155
    219 255 44 64 255 240 99 170 78 42 255 30 106 137 75 155 255 56 108
    255 175 255 177 3 169 248 50 31 61 174 11 200 239 168 255 159 255
    255 113 176 96 152 255 213 255 218 255 140 32 18 224 184 255 141 41
    187 18 191 88 17 45 228 219 56 255 174 136 137 110 11 23 254 171 70
    54 255 255 85 157 154 117 89 255 24 255 237 255 99 41 115 192 60 74
    43 213 249 255 250 4 45 255 255 99 179 255 9 255 174 43 202 93 42
    255 112 10 71 50 173 152 255 20 215 22 42 89 127 117 255 255 117 255
    44 145 109 61 182 255 233 138 218 78 255 255 126 255 255 22 255 255
    25 129 255 210 255 169 53 107 165 147 5 255 225 185 98 255 152 245
    63 24 243 255 203 164 255 105 53 185 255 255 146 97 255 185 45 170
    253 145 73 213 29 255 228 70 255 176 255 156 69 55 255 157 232 74 31
    236 137 61 255 93 21 115 86 124 251 255 216 122 255 11 68 255 112 54
    101 214 101 255 135 145 255 255 251 250 103 85 91 247 54 242 7 82
    255 3 217 225 255 255 255 202 88 255 191 80 0 170 255 84 10 255 255
    255 133 103 191 9 255 228 255 66 235 9 175 71 232 121 143 255 131
    195 255 119 255 255 255 112 163 184 92 13 255 228 130 43 40 255 255
    41 172 172 150 242 255 33 219 28 231 144 223 249 255 93 38 231 233
    108 139 114 62 98 255 13 150 184 86 255 255 238 238 255 163 149 230
    136 43 7 124 255 238 145 54 255 101 24 137 148 177 22 3 0 255 150
    255 255 11 17 165 165 255 174 25 255 66 114 17 156 127 108 99 204 20
    129 118 98 255 231 255 61 255 38 248 102 231 255 126 255 180 136 240
    255 255 237 165 78 240 195 75 56 182 101 25 182 13 126 255 44 218
    204 170 46 255 33 136 255 0 82 255 137 163 255 247 237 255 166 252
    113 17 255 144 2 127 38 196 60 255 115 250 89 105 187 255 239 186
    255 253 187 255 121 255 255 129 8 255 10 177 217 175 219 81 43 218
    141 184 255 255 15 218 197 255 70 255 248 61 255 212 31 255 173 125
    255 143 87 255 163 255 177 103 159 250 100 69 184 160 152 209 47 254
    66 61 255 66 168 20 146 204 171 197 135 237 218 255 236 255 210 140
    255 85 5 255 255 255 255 95 228 63 255 147 255 255 255 17 255 255
    255 175 255 8 90 249 255 49 240 144 255 150 255 106 255 36 76 255
    255 48 101 156 251 18 45 115 93 108 111 166 255 149 23 255 57 233
    255 184 255 79 255 246 255 20 23 117 136 255 51 155 10 255 166 125
    86 255 46 255 205 203 255 45 168 255 140 242 255 243 127 165 113 108
    55 101 175 255 152 212 63 29 210 194 155 203 170 92 255 255 225 223
    255 101 255 222 54 122 207 255 175 255 202 131 255 255 255 230 1 255
    255 211 18 200 143 154 141 133 150 210 62 24 218 255 70 146 208 64
    255 201 255 255 89 43 240 255 241 66 243 154 255 26 0 255 255 255
    134 213 143 237 114 192 146 130 194 40 59 136 177 106 255 195 157 28
    141 220 48 127 204 64 94 215 226 8 129 232 204 194 213 86 61 255 255
    126 255 255 95 255 255 25 195 242 166 15 31 126 66 139 54 251 111
    173 255 255 105 189 255 183 28 104 224 162 170 255 103 255 244 238
    113 72 198 124 119 120 255 112 255 255 26 37 232 138 255 122 10 74
    232 85 13 114 195 163 255 103 64 164 255 3 255 224 180 8 131 255 169
    132 69 255 250 255 131 2 65 255 127 11 255 193 80 255 6 255 255 20
    198 18 93 255 189 8 255 5 104 18 255 75 66 76 150 97 157 39 222 255
    27 18 28 53 120 172 249 1 255 173 255 2 255 217 60 208 161 255 110
    87 222 8 136 180 161 255 161 168 190 255 50 223 10 255 141 151 3 45
    94 255 242 247 50 50 170 255 177 255 132 255 255 172 153 46 137 108
    187 224 159 169 33 255 51 220 255 139 188 255 38 103 60 194 43 158
    233 176 224 185 150 220 255 154 255 252 150 27 182 210 69 255 255
    189 238 189 186 255 95 229 51 4 40 101 121 252 129 31 161 255 188 83
    204 6 24 255 182 150 255 27 107 255 251 139 156 126 172 127 110 196
    180 154 3 141 81 255 255 85 149 53 205 199 255 81 255 237 37 88 255
    170 90 255 235 204 255 80 182 255 231 40 255 242 110 180 233 255 255
    3 224 255 255 5 129 255 164 252 226 255 113 55 255 255 15 25 255 202
    106 146 255 159 172 255 57 255 142 153 255 24 255 74 6 255 182 55
    120 255 62 159 222 108 194 73 77 255 255 203 255 101 78 157 255 26
    255 121 232 255 108 9 105 185 189 229 255 255 78 255 11 255 149 210
    143 255 66 224 20 137 255 255 179 255 152 148 22 255 168 194 255 29
    227 71 43 33 255 126 56 31 230 155 230 250 255 255 255 181 5 233 18
    255 0 236 172 213 9 7 121 121 255 131 46 255 200 255 55 255 159 89
    255 246 2 2 255 31 205 32 134 69 255 142 133 157 255 114 19 237 255
    255 127 50 73 255 8 112 255 9 255 255 237 15 255 231 149 146 186 133
    55 140 55 132 117 231 255 30 0 121 112 37 255 255 255 255 40 60 40
    255 65 20 81 255 255 98 38 79 255 198 51 224 101 117 7 82 141 146
    106 255 205 255 255 178 255 106 255 255 197 210 176 255 92 40 121
    187 141 255 255 255 165 255 64 117 159 255 20 2 18 195 195 255 199
    22 255 255 255 198 212 56 255 255 90 255 247 62 236 232 132 20 108
    22 157 232 117 105 247 105 36 255 46 198 33 255 108 255 211 61 56 22
    129 17 145 255 152 164 143 106 108 64 17 255 55 43 255 50 255 57 80
    255 71 66 255 157 201 255 67 46 255 1 111 255 186 201 255 33 210 245
    243 255 255 105 152 255 191 255 165 24 255 185 158 140 255 255 176
    255 56 224 46 137 19 190 226 147 245 92 166 51 248 82 255 219 255 20
    98 76 232 155 97 255 207 255 225 185 155 106 110 78 255 66 103 31
    161 255 255 38 255 114 229 255 255 159 238 103 161 166 184 84 184 7
    34 255 255 163 171 255 1 177 202 255 42 5 104 255 255 255 61 220 215
    255 43 40 218 184 25 220 255 108 50 255 232 45 255 22 255 255 182 36
    255 255 17 255 62 164 113 145 209 76 120 73 192 176 255 225 87 19
    202 101 171 255 192 190 43 120 42 222 103 236 109 78 152 170 255 255
    255 27 133 255 48 237 255 22 127 58 102 255 48 179 45 255 213 200
    255 222 255 88 255 78 255 183 45 113 4 144 255 175 255 151 63 252
    255 69 236 5 221 237 255 114 191 255 18 205 8 98 18 233 109 177 255
    255 61 255 248 168 84 112 190 51 255 122 255 164 241 99 255 255 255
    117 255 213 62 149 245 151 121 55 184 106 106 123 55 210 166 250 79
    61 154 200 191 68 55 57 255 142 195 62 233 103 182 113 251 108 113
    194 69 255 139 191 63 101 8 255 255 134 165 121 162 255 204 136 101
    158 3 194 189 255 76 234 105 255 8 255 255 224 255 104 255 6 207 138
    27 185 78 162 41 55 4 255 37 110 255 20 199 253 170 93 255 232 255
    255 255 90 255 165 195 96 47 92 247 150 110 147 255 213 30 197 70
    189 255 182 215 114 120 8 176 69 255 121 243 255 150 189 180 131 255
    255 164 255 51 102 153 149 25 47 255 126 246 255 102 10 17 45 255
    113 112 189 109 152 11 41 95 236 86 200 115 230 255 129 255 128 41 0
    177 46 255 129 191 255 185 186 248 9 189 242 12 152 94 255 255 255
    36 88 255 168 200 121 168 178 199 255 60 165 108 154 184 41 17 60 20
    255 2 200 48 255 200 255 127 235 255 56 142 28 255 45 255 217 56 209
    2 195 255 17 233 252 255 106 159 55 146 4 255 222 224 66 212 46 255
    94 36 255 61 85 255 239 168 255 185 255 213 156 73 255 25 242 255
    120 203 255 67 61 162 255 139 255 186 255 255 176 154 255 243 61 255
    183 200 255 179 56 157 255 187 70 221 24 165 65 141 255 92 255 255
    136 254 253 228 210 255 85 135 126 244 246 15 210 228 255 27 85 232
    214 75 91 4 78 255 80 255 205 117 213 88 179 255 255 126 139 139 201
    255 255 57 223 255 46 255 255 49 255 106 239 255 255 172 255 162 8
    255 156 4 119 255 255 255 0 111 115 255 84 136 93 173 255 255 47 255
    255 182 255 255 120 200 132 166 180 194 255 47 96 255 185 207 67 0
    255 226 181 255 131 82 108 129 192 132 155 196 255 83 161 31 224 8
    23 211 25 255 83 85 235 201 187 255 232 10 172 245 255 255 62 113
    255 212 255 255 206 255 31 47 255 255 0 255 119 84 255 255 102 255
    247 255 250 180 215 17 161 90 24 255 230 153 18 92 115 255 128 242
    45 158 209 174 133 83 136 104 232 60 74 80 255 174 20 255 18 148 167
    150 6 156 9 89 252 47 79 195 49 255 91 188 8 182 255 133 46 119 87
    255 204 27 141 13 143 116 239 255 50 156 29 192 255 96 255 234 54
    180 237 31 53 201 110 33 184 110 255 142 45 255 187 107 255 255 108
    22 137 168 255 57 144 255 233 65 220 142 206 255 229 204 255 156 139
    182 62 255 136 159 33 10 255 167 18 222 255 255 132 98 56 170 255 40
    68 71 170 169 208 117 255 255 255 90 32 167 91 175 88 255 255 103 47
    111 114 170 203 255 187 45 255 255 255 245 179 10 156 226 124 255
    231 255 243 235 213 255 226 255 235 251 246 156 30 152 255 91 255
    157 213 255 151 6 155 255 118 148 255 212 136 255 137 164 255 27 66
    255 12 233 255 255 163 74 243 13 255 43 111 209 147 198 139 62 34
    189 56 175 255 160 129 132 105 255 205 254 66 223 255 163 15 202 223
    255 255 245 255 114 224 255 133 255 210 142 61 56 108 74 129 93 139
    255 117 0 122 27 56 96 130 79 255 255 135 177 99 167 164 133 38 172
    143 41 38 182 141 26 255 217 93 30 75 255 91 198 159 141 255 116 156
    218 74 89 22 12 255 255 255 200 201 255 28 176 170 114 161 225 250
    255 255 205 255 41 237 199 108 212 34 98 54 255 144 49 255 255 28
    255 65 89 226 114 0 24 215 112 90 255 2 55 31 6 255 89 59 255 255
    255 15 121 122 88 46 154 255 207 176 79 43 204 255 255 12 79 2 11 50
    255 242 249 255 119 115 83 183 167 189 149 185 99 92 255 255 119 236
    243 240 255 255 237 255 255 145 60 89 100 108 255 253 255 79 172 40
    255 80 255 204 255 129 255 100 56 255 165 233 170 57 71 94 112 187
    185 27 219 17 141 255 255 11 25 255 139 255 156 38 212 212 255 62
    255 211 195 113 87 15 255 12 119 238 255 42 255 108 80 200 255 80
    141 217 212 255 124 52 253 226 229 194 22 240 103 214 24 156 71 255
    156 43 255 65 83 93 245 111 190 255 34 36 255 124 255 255 45 255 255
    201 166 98 193 159 5 135 255 255 221 255 255 111 255 142 255 153 65
    229 168 169 157 152 23 241 190 255 189 139 165 87 70 74 255 136 180
    211 255 255 114 198 217 120 37 127 255 255 255 98 222 78 53 255 255
    109 34 235 186 215 22 211 255 225 228 237 255 164 25 255 255 15 255
    255 25 129 115 255 25 55 4 228 255 190 51 33 52 255 174 69 255 212
    153 255 255 36 255 2 185 255 40 17 81 255 126 255 126 195 195 25 255
    255 131 255 247 37 20 127 17 199 195 184 255 255 115 169 8 2 92 255
    104 134 79 204 237 255 168 208 255 174 115 232 29 82 255 169 157 36
    255 83 202 255 147 30 111 110 141 123 192 225 255 177 114 206 255
    253 18 31 237 106 255 134 36 24 255 214 223 165 248 98 248 123 182
    255 1 27 255 64 52 51 128 70 17 43 208 255 31 208 131 114 231 255
    201 255 111 149 195 255 121 149 195 61 255 250 109 20 175 202 163 86
    170 208 255 255 227 255 75 153 28 135 85 58 216 252 255 255 32 209
    84 255 255 4 145 255 216 255 255 228 37 255 147 117 51 30 180 255
    232 220 144 37 169 255 25 47 22 110 236 33 223 33 137 104 130 255
    192 75 204 86 1 225 216 236 61 76 175 255 197 145 255 201 255 60 78
    229 245 113 255 255 151 255 70 115 232 248 25 255 255 76 255 8 30 3
    227 226 255 126 179 192 33 220 184 86 83 74 185 68 255 63 31 10 255
    31 124 232 195 241 255 255 0 227 36 255 79 204 150 33 41 204 167 255
    23 255 243 198 255 255 87 228 121 59 43 29 167 255 182 233 255 250
    43 132 217 6 228 90 255 255 19 59 255 16 14 255 152 178 25 185 108
    170 108 140 61 241 229 255 255 140 170 15 255 255 73 4 83 156 70 79
    24 54 195 19 255 215 233 84 205 215 255 255 255 3 255 192 192 192
    202 226 255 255 255 147 138 237 165 136 45 255 112 27 255 201 255
    108 200 129 255 154 42 255 200 252 26 22 43 94 114 76 255 172 255
    255 255 255 255 109 94 38 207 173 238 74 55 255 180 145 190 58 166
    213 40 182 255 45 119 255 29 126 172 44 141 243 175 57 117 163 215
    124 223 34 215 67 167 18 48 190 192 38 15 187 255 255 255 150 255
    252 210 92 255 136 224 2 195 255 247 157 228 210 185 255 43 91 74
    149 102 255 255 54 125 218 112 139 255 137 228 255 212 255 255 220
    127 227 167 15 255 149 122 255 148 255 255 239 8 223 89 220 255 120
    62 159 255 41 255 220 180 255 255 73 255 255 13 245 50 176 220 255
    85 5 82 255 124 255 25 255 173 176 212 248 147 170 129 98 38 253 198
    151 138 228 121 21 206 114 112 255 255 155 135 83 255 74 103 244 195
    83 121 246 255 133 25 255 194 195 161 149 162 192 255 75 194 68 76
    199 8 90 23 197 48 255 98 37 255 62 255 255 103 65 255 98 255 255
    177 11 116 22 93 255 100 52 106 83 41 36 160 255 255 223 6 18 206
    255 255 69 148 243 255 255 137 37 96 58 182 255 232 255 246 91 49
    178 200 169 194 98 244 82 103 104 255 175 255 28 255 9 209 255 235
    46 255 185 255 255 255 157 5 255 205 255 113 255 76 73 255 161 255
    140 195 94 255 255 93 19 89 243 41 117 154 51 184 87 122 255 202 4
    255 58 167 119 160 154 164 232 255 45 115 94 184 121 233 205 177 153
    238 86 198 162 31 38 197 255 195 255 231 169 15 226 255 63 193 255
    255 112 255 255 238 108 13 17 43 170 222 88 146 255 187 255 47 82
    222 104 150 205 161 255 255 202 164 255 52 245 124 91 131 175 255
    255 122 143 145 127 27 205 255 146 117 255 200 185 195 49 255 255
    255 173 40 247 65 255 87 141 255 255 60 60 255 255 144 175 186 103
    255 51 255 211 237 26 132 101 255 231 255 255 128 255 122 8 76 255
    30 45 255 17 198 255 39 255 13 161 36 255 98 164 255 255 215 255 252
    166 255 176 37 43 244 13 51 87 217 255 109 4 7 3 23 255 38 107 56 28
    255 185 142 204 237 210 99 232 142 255 184 64 103 164 135 32 255 216
    241 255 178 1 5 176 255 167 101 125 255 242 103 248 131 190 86 7 243
    250 118 88 250 76 255 255 212 180 121 255 203 58 202 255 218 249 255
    235 229 117 56 94 64 144 255 187 255 247 223 255 121 6 255 143 255
    255 242 117 255 29 241 0 205 229 255 78 255 86 188 4 223 145 255 250
    119 40 255 56 40 108 170 5 255 157 255 129 198 255 255 92 192 8 160
    187 142 234 97 18 17 171 88 154 214 106 167 203 255 91 75 56 255 255
    255 147 126 255 175 94 228 99 255 255 180 73 108 195 14 255 219 45
    255 255 15 255 126 237 117 255 177 197 61 255 255 192 254 255 86 141
    255 178 113 170 255 189 58 141 82 255 6 85 142 7 116 255 193 189 68
    62 158 71 132 37 189 169 143 255 16 252 248 58 186 122 146 169 8 131
    255 248 43 255 204 149 255 209 250 234 255 238 98 255 103 88 255 58
    167 46 0 82 152 10 99 255 0 255 156 143 51 255 229 255 165 198 206
    129 155 255 255 128 228 250 20 255 213 13 255 104 138 15 255 255 85
    255 71 255 103 29 158 71 255 45 255 16 255 114 91 250 255 139 182
    255 142 255 255 117 24 255 235 10 255 67 234 255 159 129 255 230 4
    255 160 175 12 10 19 144 27 155 83 212 20 73 148 175 220 187 198 230
    175 22 255 67 227 157 10 255 68 48 90 255 210 254 255 87 255 98 130
    180 152 244 255 255 2 240 255 2 255 192 37 55 204 186 224 255 11 52
    159 255 152 55 235 185 255 204 24 187 63 217 222 188 255 169 149 74
    255 4 164 146 93 201 88 230 228 76 164 148 255 229 255 255 242 255
    212 175 241 200 165 14 255 118 37 55 26 255 255 237 124 51 255 223
    60 255 243 94 255 68 53 111 24 255 255 34 126 142 34 98 192 255 30 0
    206 200 16 5 83 183 176 255 255 240 255 142 150 255 255 153 93 47
    147 255 11 143 255 2 195 255 247 149 38 34 18 213 54 84 60 182 139
    255 255 205 12 62 255 255 101 255 8 223 141 207 165 255 179 253 189
    232 205 255 116 92 171 255 129 172 255 8 247 190 61 255 255 71 38
    255 62 189 255 255 32 255 87 3 222 143 249 255 147 232 233 77 70 255
    149 13 255 22 110 157 64 208 146 63 126 175 17 74 255 74 243 223 95
    152 180 18 139 180 255 64 66 155 255 177 255 28 103 192 171 79 203
    131 255 75 255 220 105 124 167 102 162 237 163 99 252 160 19 22 48
    255 255 118 218 210 98 136 56 81 131 213 19 101 164 26 8 255 35 240
    134 255 139 117 206 204 141 255 5 247 12 73 179 172 127 55 143 33 66
    231 98 109 200 68 129 75 152 255 255 252 255 198 157 45 37 175 146
    247 245 255 74 217 159 30 23 255 222 5 10 210 153 255 52 108 63 56
    120 255 149 47 12 6 79 255 234 255 200 140 255 149 111 149 217 9 111
    12 255 99 255 111 152 255 13 255 255 64 226 70 3 246 243 194 89 255
    157 158 96 220 255 86 215 158 255 184 32 255 200 121 17 158 9 255
    151 75 41 7 166 170 161 45 134 77 187 255 210 237 255 78 224 217 124
    159 255 193 138 84 252 87 243 172 255 255 179 20 255 167 80 255 216
    8 255 126 255 41 255 187 7 216 65 18 64 255 61 111 92 255 150 210
    255 244 10 5 63 255 156 255 191 255 39 182 255 36 24 230 222 78 185
    19 6 255 247 204 172 137 245 187 27 255 185 103 255 255 81 29 245
    123 175 5 74 232 55 255 255 255 135 148 255 255 57 154 243 247 255
    237 70 46 200 255 255 206 255 255 86 141 172 255 112 139 39 184 255
    148 234 91 169 187 30 232 149 255 255 27 98 173 233 60 82 11 255 180
    212 232 230 69 255 126 13 255 204 255 255 219 61 172 173 60 46 121
    11 192 127 136 96 25 116 255 46 255 255 241 115 26 249 255 192 203
    75 255 115 255 31 72 180 255 140 187 255 115 121 151 245 255 79 115
    255 255 255 98 23 96 201 248 137 149 210 43 120 190 140 150 255 248
    255 255 245 201 255 156 195 255 53 255 255 105 200 31 255 149 96 17
    93 76 255 255 154 127 157 255 237 40 164 202 125 255 156 162 255 213
    127 41 113 115 154 91 147 200 24 152 217 229 1 237 36 255 255 255 45
    255 45 255 255 255 113 255 243 84 255 95 36 255 105 163 255 40 255
    194 247 255 255 45 231 147 15 255 255 72 141 250 184 32 12 208 69
    255 114 251 255 224 199 126 255 255 255 126 255 255 3 87 255 67 176
    255 226 10 22 239 229 255 102 20 76 213 17 255 189 120 113 40 136
    255 117 223 255 212 150 255 139 90 255 225 75 53 92 1 255 85 231 255
    150 255 255 164 255 235 101 161 156 255 167 255 68 85 255 164 255
    207 168 34 255 145 255 84 9 1 255 248 78 255 237 172 255 84 255 111
    217 126 164 129 3 199 26 224 255 90 232 255 92 103 240 43 245 65 95
    255 255 36 113 255 22 209 180 115 147 152 43 255 185 255 255 255 35
    89 255 255 255 255 139 255 209 255 255 255 94 98 223 182 255 99 255
    255 255 221 115 255 95 47 205 237 134 255 253 206 255 141 175 255 2
    17 174 37 229 96 86 220 174 255 134 247 6 249 164 169 255 74 124 255
    177 211 255 141 231 82 185 238 97 175 147 177 237 254 255 255 251 13
    255 166 20 255 87 82 255 129 178 3 65 180 129 137 10 255 122 34 255
    252 93 22 67 129 220 163 125 8 3 117 10 105 140 243 226 228 157 212
    56 238 255 255 255 71 214 93 30 15 205 57 31 255 31 108 46 155 138
    255 219 106 31 113 68 189 105 233 31 203 255 218 161 103 255 66 255
    78 93 110 228 136 54 255 211 24 141 255 13 255 136 117 255 136 198
    255 93 167 255 255 127 65 53 97 104 223 229 255 201 224 209 222 255
    223 255 87 30 120 158 8 152 255 252 108 254 255 95 64 255 47 166 73
    255 255 3 243 232 255 151 147 255 112 185 7 163 218 255 255 255 255
    34 172 255 87 255 233 103 60 255 160 115 28 0 64 255 11 52 255 241
    234 255 174 62 132 55 116 237 3 65 180 197 255 255 213 40 185 143
    130 255 148 69 8 255 32 113 29 11 243 223 255 187 201 111 83 72 61
    177 110 129 25 119 117 60 249 126 255 49 74 119 234 255 255 185 214
    165 225 190 255 255 33 255 210 34 17 247 176 215 113 111 255 212 255
    132 255 205 255 250 78 134 208 255 175 188 255 255 68 45 194 255 51
    179 222 93 255 61 214 255 255 255 217 119 249 255 219 206 205 255
    212 187 86 15 255 182 187 74 194 106 76 157 102 202 255 243 255 86
    103 255 26 115 255 13 103 255 73 222 255 255 99 255 161 233 255 195
    255 81 27 217 255 240 73 63 178 243 255 48 56 199 130 251 255 224
    110 50 54 24 255 143 121 255 178 93 147 82 73 255 147 134 255 133 93
    71 6 103 66 235 56 255 31 243 182 255 214 169 180 255 255 146 14 255
    18 124 103 102 242 114 83 214 43 64 36 255 255 255 255 133 255 223
    113 255 3 255 25 45 163 167 108 136 255 81 110 6 51 255 28 3 220 154
    51 249 255 108 166 227 253 195 150 179 139 255 255 255 50 35 191 255
    255 9 222 255 215 42 104 101 208 195 219 255 217 49 46 146 132 141
    78 28 240 255 133 131 255 124 255 185 231 59 255 89 129 96 225 162
    255 22 173 137 8 209 213 137 59 255 63 125 255 255 88 76 20 155 255
    85 23 255 255 255 255 255 203 255 249 152 255 185 13 139 91 68 255
    149 247 223 85 255 255 19 1 248 201 31 215 193 229 154 41 33 255 3
    90 237 67 191 253 101 255 144 230 186 255 163 82 137 18 143 255 220
    9 255 212 247 151 217 57 225 221 255 78 212 255 113 255 255 217 31
    255 255 36 222 46 198 150 230 234 218 255 205 255 20 245 255 255 12
    228 255 1 238 255 150 70 200 105 162 156 4 255 55 179 189 61 83 252
    255 21 43 255 129 245 91 237 111 58 1 68 114 95 255 121 206 78 255
    69 255 255 193 198 104 91 125 255 180 115 255 211 138 167 3 36 255 4
    255 255 106 70 255 104 171 79 19 54 25 101 178 169 28 126 255 38 141
    255 247 1 255 152 134 255 247 33 212 255 255 255 33 0 255 91 71 243
    58 13 18 255 82 220 255 79 218 21 94 255 154 139 255 166 255 255 198
    255 255 255 245 255 57 36 179 94 11 200 57 34 255 241 255 255 234
    255 255 158 134 81 82 238 142 35 141 15 200 247 99 21 101 180 177
    206 38 128 181 51 198 29 17 84 229 76 205 82 210 226 90 220 92 164
    51 22 196 131 191 240 255 47 255 35 96 243 175 124 245 220 147 37 98
    136 50 149 189 88 238 254 206 255 168 229 255 255 155 68 235 255 230
    21 19 10 78 76 255 129 236 223 178 161 68 54 182 255 94 206 40 114
    83 255 160 167 151 226 255 167 21 255 255 250 255 255 82 255 164 146
    97 253 105 90 255 140 40 91 101 19 255 255 116 237 16 73 154 187 233
    99 48 240 46 255 162 255 100 70 242 203 255 117 93 122 255 242 92
    255 16 97 185 127 255 218 28 255 55 163 101 22 140 255 63 254 68 89
    84 184 84 141 70 113 241 78 189 38 229 88 126 92 161 255 255 255 129
    74 209 41 255 255 103 255 84 63 144 255 99 79 180 49 255 187 99 152
    255 185 255 164 29 255 129 111 241 255 17 255 255 15 217 81 156 89
    205 86 251 230 143 94 252 63 226 65 229 255 194 156 249 33 37 255
    255 9 178 247 131 79 255 202 88 157 131 204 0 53 191 255 73 88 255
    161 177 144 254 255 255 35 66 255 12 178 255 72 130 255 255 255 255
    255 255 255 94 241 255 176 90 10 110 176 137 155 255 99 255 236 141
    220 61 255 76 255 41 176 15 255 255 124 139 44 69 146 255 255 255
    232 129 5 142 255 218 47 249 255 10 185 255 216 163 255 96 60 255 0
    32 157 29 173 17 24 255 58 189 255 222 106 80 223 100 243 255 4 255
    255 2 255 255 31 120 131 37 215 43 126 255 79 152 189 255 31 238 255
    225 175 255 255 40 255 18 152 167 52 217 255 167 175 255 255 255 161
    179 175 255 121 155 255 33 255 230 205 255 86 62 213 84 84 82 5 127
    177 124 154 112 99 240 121 96 163 162 89 150 121 149 215 130 255 84
    255 74 254 199 65 215 83 255 194 167 255 255 163 255 168 50 255 247
    9 255 255 231 197 233 10 255 151 134 255 249 192 184 87 194 84 244
    102 255 92 255 255 180 159 215 255 226 255 45 152 165 64 92 101 20
    255 73 222 255 255 255 136 255 18 64 255 151 17 255 44 158 255 143
    212 121 237 52 255 85 148 255 235 27 179 86 115 157 242 121 88 117
    180 154 221 255 255 197 208 180 85 131 78 155 255 61 235 61 255 169
    223 187 69 214 73 103 184 255 87 250 109 230 127 245 16 159 255 255
    198 255 255 224 192 184 84 134 13 176 124 132 203 255 25 241 126 26
    115 250 179 40 252 237 177 255 90 147 154 37 255 213 229 50 7 2 152
    0 191 194 2 161 19 46 111 163 247 28 19 137 18 138 255 59 84 255 221
    255 255 15 209 60 58 255 73 105 38 175 57 61 179 169 245 126 92 138
    169 157 255 218 142 155 111 71 106 217 62 80 255 74 237 255 74 89
    255 238 187 255 24 246 255 84 180 2 217 87 119 239 119 255 188 46
    228 150 242 18 210 127 255 20 23 255 52 255 209 145 1 50 208 87 255
    173 226 212 19 164 20 120 90 227 109 240 126 126 57 20 241 255 245 6
    27 116 166 140 79 142 154 114 10 180 255 255 111 255 250 121 146 142
    103 255 239 208 23 113 111 255 84 255 255 31 120 255 108 60 255 250
    162 212 178 33 199 213 47 94 207 255 202 15 46 255 110 240 255 155
    218 255 95 52 70 85 255 255 205 238 225 40 14 235 69 242 26 89 166
    157 64 255 35 230 255 255 187 255 204 71 164 255 221 210 175 19 122
    96 210 122 137 9 131 255 83 245 199 233 66 255 255 144 255 244 254
    255 17 180 255 229 255 33 255 138 25 255 238 192 127 203 202 142 75
    255 130 178 109 92 93 255 172 252 50 253 255 73 95 254 255 235 15
    111 68 255 41 248 182 8 80 255 255 84 169 255 148 255 17 255 178 111
    255 255 8 254 255 255 255 214 255 130 125 255 77 254 255 64 98 255
    249 15 255 62 255 255 255 205 255 54 34 255 255 158 56 101 88 255 30
    255 28 240 254 255 157 229 245 53 229 210 224 59 255 124 213 146 163
    126 213 117 199 50 61 139 255 213 222 104 122 43 86 251 246 232 255
    73 194 44 203 247 229 83 187 191 79 255 46 255 255 223 105 255 255
    249 207 93 255 185 244 6 25 231 103 170 252 255 104 255 166 255 143
    255 255 61 255 65 193 177 36 214 251 255 255 107 202 40 93 255 120 4
    144 255 119 132 165 255 7 121 255 255 22 105 2 165 255 255 82 163
    255 123 255 218 113 255 31 231 145 124 253 255 255 74 255 255 189
    217 184 0 255 255 142 191 255 115 214 243 183 75 255 41 180 28 176
    99 255 59 98 255 15 220 255 255 236 255 180 255 165 16 190 73 175
    255 255 193 255 255 226 178 127 93 50 200 255 155 96 163 228 204 249
    143 255 191 133 255 255 214 255 255 194 159 250 199 10 255 158 255
    84 93 255 142 3 147 90 255 255 255 255 17 192 153 255 28 51 255 255
    70 15 245 87 225 24 50 255 224 219 38 255 223 255 145 231 255 76 24
    0 44 47 255 121 255 91 95 158 79 141 255 65 16 255 142 76 255 255
    255 127 255 25 213 255 255 87 15 37 46 255 49 172 88 85 59 255 147
    55 170 147 214 243 243 105 255 62 120 255 15 220 255 174 65 26 191
    195 255 255 227 255 226 158 255 28 208 22 229 255 255 84 153 55 192
    13 73 94 201 156 110 237 255 86 255 255 10 68 147 126 255 255 139
    200 255 234 255 255 86 130 66 85 255 255 94 64 255 31 184 255 168 66
    38 185 150 255 255 89 56 87 171 103 169 113 253 233 255 204 122 5
    217 8 201 63 211 36 255 112 147 202 255 209 255 114 148 255 86 20
    111 202 247 255 3 121 255 156 33 255 71 120 255 9 48 255 195 215 255
    121 255 114 72 255 60 216 199 161 92 145 159 224 212 84 233 20 207
    74 87 192 189 255 187 131 255 94 155 255 255 198 112 228 210 22 127
    75 238 78 12 155 205 145 57 106 15 22 255 159 255 255 50 131 215 187
    186 222 248 196 233 149 19 255 86 226 53 33 255 83 237 255 255 93 74
    134 85 255 218 255 14 84 188 66 255 241 190 79 1 139 255 39 255 255
    64 236 194 255 255 255 178 37 88 90 255 25 204 191 255 235 65 46 20
    234 255 130 178 142 26 255 225 253 66 137 135 110 33 255 112 255 129
    130 78 99 255 255 92 255 255 216 83 172 94 149 255 33 163 247 84 226
    255 59 255 23 198 24 103 31 255 108 37 157 255 64 255 122 255 201
    255 113 246 91 103 195 86 45 167 255 19 255 76 245 14 255 214 60 255
    10 255 230 169 255 255 167 153 74 251 255 255 27 31 255 0 255 255
    231 96 144 255 28 255 54 255 74 36 255 242 113 255 182 149 9 255 169
    226 136 255 3 255 19 111 255 245 0 255 163 90 255 168 227 89 20 255
    255 15 255 255 71 10 255 91 1 197 154 87 141 80 13 170 255 255 154
    45 255 172 73 255 66 230 182 255 73 255 238 40 255 255 131 255 255
    245 222 205 114 212 255 183 33 89 161 250 255 11 255 240 45 90 255
    59 213 56 102 0 84 255 121 255 36 255 255 89 218 63 30 9 255 35 102
    106 72 20 255 192 255 255 103 195 180 225 161 255 255 5 165 35 255
    162 255 17 255 165 255 199 228 219 228 53 223 255 147 40 255 9 255
    86 128 64 255 187 10 154 255 19 255 216 255 33 255 249 74 130 228
    255 30 249 20 255 28 50 114 46 45 255 255 223 119 87 255 255 88 113
    118 143 109 168 48 255 31 66 255 114 255 65 21 34 88 84 243 38 255
    226 255 245 237 117 255 116 228 8 5 174 24 84 76 158 242 255 104 133
    187 94 178 84 202 169 63 255 101 228 141 206 255 255 255 255 101 161
    255 8 178 217 8 129 91 90 59 255 148 227 141 31 124 255 65 255 255
    255 66 117 83 255 23 255 166 10 156 126 255 62 0 28 191 255 222 255
    126 255 40 19 255 139 155 165 22 124 101 110 198 26 85 71 89 108 255
    96 200 87 46 255 145 15 142 234 127 86 205 255 229 177 22 173 219
    174 213 79 35 255 5 127 93 73 144 243 14 70 197 8 217 59 198 89 226
    20 204 73 17 255 255 56 165 255 255 38 239 198 63 147 255 255 113
    255 61 130 255 255 41 212 255 149 103 255 214 255 159 255 255 93 25
    255 111 148 47 40 255 177 255 235 76 63 46 15 223 169 205 255 41 0
    255 234 140 242 131 140 255 238 255 73 83 80 248 224 217 66 16 121
    223 157 204 255 255 255 5 69 194 184 18 255 99 92 111 255 151 169
    255 9 158 255 238 79 215 81 246 144 86 205 215 55 250 20 151 23 93
    29 149 65 255 31 195 172 17 255 234 97 50 221 214 79 39 227 255 8
    223 15 192 108 152 20 255 182 59 65 164 21 31 162 91 158 194 3 255
    255 206 0 255 230 223 255 29 8 22 30 110 255 94 199 255 24 28 255 21
    255 106 84 246 127 85 226 255 41 169 255 55 177 255 193 227 210 234
    54 159 105 36 88 166 119 255 123 240 220 179 105 78 202 212 255 247
    57 255 73 155 237 133 61 146 59 22 255 173 255 255 255 199 43 228
    213 162 13 20 255 145 223 103 255 136 156 176 154 242 80 255 172 255
    255 66 244 13 255 105 254 94 255 192 255 213 34 233 123 169 113 53
    229 240 52 90 187 110 97 84 161 92 255 145 206 93 35 255 101 142 255
    205 255 50 194 18 245 116 139 27 147 167 138 157 255 255 255 221 136
    240 201 83 55 31 107 84 222 27 255 192 176 255 253 237 255 52 45 255
    196 169 255 122 255 222 207 209 255 131 210 141 255 127 86 155 255
    255 47 255 149 212 200 213 255 229 104 224 41 113 127 229 255 95 255
    157 238 169 192 255 210 255 115 255 199 38 96 2 26 231 119 202 92 31
    225 3 255 192 255 18 20 194 139 78 200 255 10 120 202 235 255 106
    214 18 122 205 157 255 172 229 94 208 243 136 158 255 255 30 36 56
    157 152 185 155 124 205 44 24 255 172 247 50 255 247 139 201 203 255
    89 13 142 55 69 240 18 20 152 35 255 113 160 255 255 19 157 136 30
    255 255 143 125 255 38 255 30 208 205 255 120 29 255 83 213 13 16
    182 170 148 155 88 58 6 25 108 45 103 73 136 113 85 111 255 114 11
    255 179 191 255 255 56 255 234 247 255 239 255 121 80 214 104 111 4
    255 212 255 83 165 161 73 154 38 174 82 102 255 222 255 255 12 255
    255 201 240 255 118 255 230 185 80 88 187 121 255 255 51 68 21 255
    255 170 255 255 226 215 230 13 32 255 12 255 255 95 154 172 112 252
    255 146 62 255 98 116 237 141 255 255 19 255 53 0 255 255 239 255
    253 93 189 255 205 19 45 12 130 204 167 255 70 66 140 91 15 84 255
    239 129 50 24 173 184 103 234 255 179 224 94 72 60 180 251 255 255
    65 255 108 66 32 98 255 208 255 122 201 255 193 255 255 139 33 255
    180 97 189 159 78 215 105 89 255 193 65 255 58 138 255 216 125 252
    61 101 238 93 98 161 94 148 248 19 255 12 255 78 248 38 37 154 166
    191 187 255 155 167 110 110 255 57 29 220 80 54 243 232 92 228 180
    231 122 59 255 55 251 52 255 112 149 205 255 71 30 44 125 255 255
    121 255 64 255 167 118 161 233 20 184 255 255 213 35 139 178 129 180
    212 213 255 148 132 84 173 83 120 11 215 45 75 124 16 11 43 217 147
    255 255 236 255 230 154 243 33 255 255 31 162 104 156 107 184 197
    255 255 235 210 169 48 71 255 196 171 255 140 181 210 7 148 94 156
    194 200 81 164 142 189 87 255 1 31 255 232 23 76 217 0 164 196 78
    255 166 141 141 221 215 255 241 79 26 112 234 10 220 213 255 255 185
    255 111 110 190 20 249 255 247 36 255 147 246 255 85 52 255 56 13
    113 126 220 43 184 105 255 187 54 116 93 140 255 99 148 43 4 80 255
    64 43 114 193 205 7 76 255 43 20 40 233 84 147 126 255 231 232 251
    19 255 148 106 165 82 131 156 98 6 7 253 141 121 50 110 255 186 213
    142 0 177 255 36 164 126 43 237 255 180 186 0 38 175 227 50 111 255
    93 213 255 35 255 103 48 243 48 255 136 139 165 255 152 127 168 139
    240 255 103 119 153 94 175 255 210 234 255 255 139 228 114 192 43 63
    255 246 255 163 54 93 255 255 255 82 255 255 156 163 255 255 153 255
    210 42 202 59 255 184 206 154 46 240 127 36 12 1 255 41 107 222 133
    69 255 214 255 255 174 255 48 109 164 255 184 198 255 255 251 119
    193 212 194 16 112 255 255 255 189 33 196 255 235 206 255 228 181
    255 141 162 96 170 135 78 255 255 255 58 10 255 18 255 255 237 238
    255 108 113 255 41 36 121 177 28 73 10 255 149 71 102 8 221 126 26
    248 255 56 245 126 255 61 96 40 150 11 255 167 112 30 177 84 233 47
    74 26 255 255 10 128 112 255 244 255 255 214 227 255 156 255 189 191
    255 255 215 243 255 133 96 255 19 119 192 9 42 205 245 112 151 123
    255 255 55 42 84 102 73 182 237 255 104 132 113 255 220 79 7 111 255
    255 47 224 36 211 229 5 201 29 18 87 37 65 69 192 5 233 120 255 233
    255 230 255 255 205 30 84 255 94 46 255 8 161 255 242 29 81 48 255
    187 196 180 156 177 54 255 255 189 184 250 255 255 248 227 235 165
    113 74 2 222 255 255 199 243 91 65 177 78 45 255 30 255 255 57 255
    255 22 144 113 232 55 225 193 148 108 164 255 96 15 255 170 239 57
    94 136 231 255 30 255 185 119 131 2 81 80 74 166 255 255 91 200 255
    250 196 167 160 61 218 10 255 164 189 116 255 194 177 40 238 101 5
    232 164 209 255 155 116 84 51 73 75 51 68 31 176 190 139 255 175 207
    255 141 154 18 255 255 94 12 21 255 255 16 255 255 189 50 99 212 54
    28 77 255 31 12 57 41 38 71 83 110 255 88 129 57 255 67 255 126 151
    177 255 44 215 255 255 213 152 69 255 50 255 255 255 130 103 136 174
    185 227 160 6 255 186 34 255 255 69 43 226 71 192 255 158 30 182 185
    53 222 255 255 110 59 255 240 255 60 197 134 137 127 255 146 86 108
    121 201 117 255 17 93 255 114 23 255 115 187 157 82 111 36 176 255
    43 78 110 30 53 120 35 92 24 255 173 80 255 28 212 180 255 164 255
    53 144 255 28 255 131 231 246 255 56 111 255 235 169 245 10 255 137
    75 255 255 255 255 41 207 195 255 58 25 41 150 255 60 255 61 142 50
    168 2 248 255 131 238 217 18 214 214 255 25 226 255 39 125 255 10
    217 255 78 103 8 34 255 255 16 255 199 192 147 86 142 164 255 15 255
    89 98 88 180 255 138 137 191 14 255 120 247 157 214 113 255 139 240
    179 237 28 250 173 201 3 28 255 114 243 254 255 226 201 255 110 240
    255 85 178 255 43 158 248 187 93 255 135 251 255 222 255 94 255 213
    146 146 9 35 255 206 76 197 231 182 224 173 237 35 10 46 22 186 149
    15 65 106 38 255 255 78 217 114 255 205 255 92 68 255 47 38 222 219
    255 93 84 84 204 200 34 255 41 255 255 156 158 255 184 89 255 180
    255 156 131 171 225 216 57 63 53 48 205 20 115 189 58 255 88 34 112
    255 151 176 53 255 28 255 202 31 162 37 11 255 255 94 144 201 218
    255 148 108 78 146 171 255 94 9 40 220 131 227 187 255 255 8 60 35
    33 255 255 155 181 255 169 149 146 220 255 255 59 255 35 255 191 126
    195 150 8 196 129 33 57 3 255 138 149 154 255 52 255 234 74 131 100
    255 182 38 255 255 59 65 255 170 232 255 16 255 255 225 80 255 155
    120 164 104 75 255 254 203 200 29 60 255 158 28 255 198 181 255 249
    17 38 121 42 182 4 177 91 46 228 255 203 192 117 136 255 10 250 229
    91 255 255 209 191 8 255 210 218 195 221 255 15 114 240 202 156 255
    74 89 41 255 252 140 129 233 255 255 56 205 255 123 103 255 109 85
    10 92 250 165 165 255 86 31 163 61 193 25 76 61 25 255 139 255 45
    255 42 255 126 255 238 35 255 165 255 254 129 117 92 20 170 154 111
    135 181 255 255 3 200 65 99 255 43 237 139 182 51 122 46 189 232 183
    178 156 226 69 255 147 168 255 75 200 255 25 103 104 31 17 151 173
    249 242 255 255 185 163 191 255 186 255 65 205 234 50 188 79 255 118
    110 255 57 255 255 89 169 255 255 90 255 215 122 255 118 237 202 151
    19 122 217 4 255 37 97 233 255 190 167 255 50 255 230 88 255 216 54
    192 160 17 255 21 200 5 229 111 255 245 88 162 43 255 121 146 219
    227 255 162 164 208 255 18 43 255 255 126 255 228 59 166 161 255 48
    232 255 130 205 179 56 233 103 133 78 224 215 255 214 161 255 77 198
    255 84 129 68 30 32 46 145 105 255 169 130 164 255 231 70 235 255
    255 68 172 180 19 233 232 255 119 255 196 116 255 255 176 255 67 33
    165 9 167 255 74 125 175 100 192 255 255 159 255 196 255 255 126 255
    255 242 70 209 58 255 70 63 255 136 193 34 255 255 139 23 55 255 255
    25 23 255 220 218 73 240 52 255 66 144 255 255 187 255 44 101 255 69
    255 91 211 226 248 33 153 255 21 166 169 85 46 213 100 222 84 54 125
    156 165 157 40 168 37 70 128 164 255 212 140 98 100 255 154 252 236
    91 100 3 255 133 33 161 26 94 243 255 18 200 65 52 255 255 255 202
    82 236 255 101 124 255 39 255 8 146 98 255 96 237 30 239 154 31 159
    105 119 130 155 255 166 150 222 255 78 3 104 155 61 221 27 111 242
    133 255 247 238 137 82 129 26 245 139 255 255 255 68 113 80 255 26
    133 255 45 255 255 159 255 154 250 28 243 119 167 93 169 19 255 214
    112 129 7 148 7 255 31 96 141 99 255 217 204 164 213 255 255 185 47
    88 165 159 79 147 120 162 48 126 3 187 27 177 119 255 36 255 223 121
    255 33 255 41 23 255 163 106 255 245 144 31 222 255 255 201 112 255
    253 255 33 68 243 103 65 251 190 213 252 255 255 55 255 58 255 200
    160 153 255 21 255 124 216 255 253 141 107 255 255 161 235 104 121
    132 255 84 255 24 255 245 6 148 255 255 215 255 255 172 255 47 205
    113 136 56 101 247 82 255 255 222 255 21 54 242 241 178 255 231 169
    253 164 103 255 122 133 121 244 157 212 7 42 205 214 255 170 197 255
    189 34 120 227 150 255 61 165 11 255 58 167 169 111 255 255 33 143
    255 201 238 41 106 8 255 150 68 83 27 5 8 130 80 255 106 255 230 64
    252 218 136 5 190 158 203 255 215 255 242 192 99 194 207 143 255 133
    59 86 231 227 255 102 203 247 45 173 89 9 249 89 206 75 50 118 106
    255 188 255 84 77 176 255 81 150 255 145 255 31 255 27 255 255 74
    255 139 231 255 229 139 202 52 31 255 91 175 175 145 191 84 223 66
    73 78 46 252 38 255 237 18 31 255 242 82 194 120 251 22 104 226 255
    255 209 233 77 143 253 76 222 255 213 8 255 255 127 255 178 120 202
    133 4 255 202 66 51 18 203 127 253 255 78 213 201 255 172 103 10 68
    22 255 242 254 255 170 255 255 135 59 255 31 112 152 226 105 255 15
    45 243 33 155 255 255 42 159 122 206 3 129 220 88 255 143 106 8 155
    255 226 168 255 15 205 151 128 8 238 255 255 18 8 24 210 61 6 253
    185 254 255 145 234 230 9 0 255 203 226 182 255 255 190 13 255 210
    55 176 255 205 209 255 99 255 15 211 178 94 69 60 255 124 157 172
    147 143 255 150 14 213 252 231 194 180 6 99 127 14 255 82 141 195
    195 3 255 80 169 223 253 117 190 57 237 255 131 255 228 117 124 83
    215 167 182 255 76 99 106 255 255 39 255 255 74 130 242 255 240 255
    249 195 242 255 96 255 36 153 255 115 187 232 255 75 255 255 147 89
    247 214 255 161 92 212 216 255 156 35 51 242 100 200 255 255 92 255
    230 135 210 104 255 242 54 133 0 172 255 255 136 255 15 255 98 126
    255 101 177 255 178 252 122 255 235 89 173 185 210 61 255 61 149 56
    165 255 255 77 255 15 113 255 71 255 73 63 30 231 255 77 181 56 180
    195 255 255 89 255 244 255 83 44 255 255 247 115 68 255 255 38 30
    176 217 64 190 255 100 113 98 150 213 255 149 1 255 40 255 38 150
    229 255 254 126 159 225 181 136 175 97 255 108 83 36 143 127 255 220
    199 114 105 23 255 255 220 73 168 80 255 208 3 46 80 18 76 178 93
    252 255 139 253 59 251 255 67 143 255 255 134 255 210 241 119 163
    214 255 174 173 200 64 190 190 156 255 127 29 178 255 223 80 156 216
    232 169 201 40 255 165 9 255 255 119 255 182 255 162 2 229 132 96 94
    23 71 62 223 208 255 255 196 251 51 141 148 53 43 68 255 38 255 255
    255 9 255 94 37 255 120 208 197 58 24 78 204 4 255 21 255 255 241 23
    89 15 255 255 19 36 255 77 105 255 91 223 245 255 255 255 219 228
    255 2 52 132 255 251 255 142 255 255 104 141 255 80 255 255 142 255
    245 250 134 154 56 255 255 230 241 255 207 120 255 101 226 205 117
    189 131 77 255 255 2 74 255 165 62 35 115 103 255 131 227 121 222
    229 255 76 73 255 177 168 0 239 191 41 143 255 255 71 119 230 255
    255 255 69 255 228 185 60 255 240 45 255 255 143 232 133 252 255 147
    247 255 0 238 74 64 208 255 76 255 255 229 155 255 240 255 8 17 255
    255 85 255 255 255 111 255 255 144 139 16 255 255 222 43 240 100 190
    255 175 206 255 219 186 23 255 122 124 41 238 255 182 45 74 255 190
    213 183 192 255 104 255 134 90 217 199 73 169 53 193 255 88 232 168
    41 123 57 255 174 191 122 155 247 79 255 51 142 122 1 73 13 134 81
    185 249 8 52 66 190 115 66 255 168 5 255 53 255 255 94 144 73 123
    162 242 16 164 131 48 102 74 149 102 199 129 134 195 146 255 162 108
    228 185 208 46 71 77 125 17 255 11 255 64 228 55 164 255 194 173 255
    167 255 223 172 9 8 129 114 186 255 248 255 137 235 161 202 196 255
    159 221 61 172 58 255 255 94 180 255 231 255 255 124 255 240 16 255
    147 103 70 255 15 136 255 178 224 25 86 255 223 43 78 48 4 201 238
    255 255 83 27 127 28 9 210 255 170 37 255 160 161 255 255 192 189 28
    255 255 76 250 137 212 103 144 255 220 66 219 87 91 87 175 255 53
    134 255 49 184 205 111 205 255 130 255 41 142 24 187 165 255 23 111
    135 255 54 255 223 255 139 255 89 255 84 91 255 255 81 106 170 126
    34 109 25 64 255 255 24 175 109 220 179 235 251 255 8 93 255 99 249
    255 7 76 255 215 255 30 52 240 255 30 102 255 39 236 141 84 255 91
    222 105 79 255 175 18 228 214 121 255 255 253 85 87 255 202 5 61 166
    254 113 123 141 255 53 175 111 119 255 159 239 94 255 3 145 161 12
    186 255 255 255 227 77 150 255 127 218 255 168 255 180 254 28 237 24
    166 255 225 42 255 255 255 253 161 18 43 248 184 73 91 124 255 119
    80 210 182 187 71 186 167 151 16 31 63 170 106 232 255 163 255 44 6
    189 89 180 255 136 1 126 122 110 146 19 31 255 114 255 46 255 238
    255 83 143 17 255 159 255 104 152 70 66 163 139 27 255 255 168 163
    255 225 5 113 62 255 43 11 54 172 43 65 255 255 255 88 255 43 17 210
    255 10 78 251 255 191 255 255 36 47 255 191 255 255 223 125 200 180
    255 131 234 29 255 120 25 255 253 217 202 242 187 46 17 228 94 114
    241 40 255 3 252 75 76 22 255 4 255 205 135 255 26 252 12 95 255 255
    36 29 136 223 255 146 255 32 222 120 28 38 30 32 255 255 217 255 240
    73 255 104 153 3 152 15 205 50 255 126 159 192 131 28 20 248 40 255
    255 120 255 255 157 28 255 233 138 151 212 59 20 145 255 255 205 226
    220 231 190 255 89 236 255 102 0 213 139 73 180 62 246 205 30 54 233
    12 184 65 120 10 255 242 40 20 58 74 235 37 18</data></my_img>
<your_img type_id="opencv-matrix">
  <rows>100</rows>
  <cols>100</cols>
  <dt>"3u"</dt>
  <data>
    255 255 255 59 255 255 255 224 166 255 97 255 33 189 148 214 240 153
    255 255 255 237 99 117 255 92 255 17 211 255 124 255 67 255 255 234
    92 255 72 255 10 254 255 176 255 255 255 255 119 255 234 109 255 87
    50 89 92 239 255 56 255 160 255 255 255 97 255 69 249 197 255 49 255
    59 255 255 16 227 255 255 255 25 193 13 255 198 255 255 255 255 132
    255 254 78 81 144 77 25 255 255 255 249 253 255 195 176 36 255 161
    255 209 33 132 155 255 165 255 255 94 67 255 255 225 255 72 49 255
    147 34 255 191 255 255 255 81 255 25 166 77 255 211 161 96 255 255
    255 242 255 166 187 126 76 255 151 0 255 228 94 22 255 255 215 255
    193 18 255 191 90 255 181 255 180 255 137 255 242 255 255 255 247
    201 254 90 255 255 54 138 229 54 255 15 255 255 255 99 255 255 175
    255 20 133 191 255 255 142 128 255 255 79 168 117 61 209 153 237 255
    155 255 187 255 255 255 209 255 119 207 180 255 255 135 255 255 204
    255 255 255 169 170 255 255 255 189 255 151 20 255 255 255 34 255
    255 148 255 255 166 255 12 233 56 235 255 255 255 45 255 221 224 255
    255 255 243 255 255 109 255 233 52 71 209 205 48 255 255 158 23 255
    255 255 80 59 151 186 255 78 78 254 255 178 231 255 119 69 255 121
    255 32 239 199 144 176 226 255 255 255 255 255 255 173 255 21 255
    232 255 94 136 105 255 239 255 255 52 184 139 255 255 184 115 63 227
    207 255 255 27 255 255 255 255 255 105 161 255 199 99 255 255 107
    255 134 255 97 234 255 29 65 255 88 220 255 49 86 255 245 255 132
    255 197 64 255 188 255 225 255 120 213 214 255 200 165 40 255 255 0
    211 255 255 157 255 255 255 255 255 225 255 255 88 255 112 85 255
    255 255 21 191 255 17 212 255 224 56 155 251 198 54 167 92 36 255 31
    63 255 255 255 255 143 144 255 255 85 255 84 106 46 255 255 123 38
    182 249 18 255 255 222 128 255 33 4 255 255 119 226 140 255 255 255
    108 98 178 255 84 158 242 159 255 255 255 204 240 48 186 54 255 232
    87 255 166 168 190 255 128 255 255 255 255 217 197 255 156 255 255
    255 7 222 0 206 255 171 255 2 125 255 230 255 255 168 255 255 56 240
    198 255 79 22 77 255 255 255 255 255 82 7 178 38 255 247 255 255 255
    243 255 255 255 222 229 255 255 255 255 255 255 105 28 182 42 250
    133 255 142 70 73 183 255 23 255 2 172 255 182 255 125 255 197 117
    255 255 76 255 255 56 255 255 240 14 253 100 38 255 255 255 203 255
    255 107 183 123 255 89 255 255 224 255 40 20 255 255 119 242 255 130
    255 65 69 255 159 181 126 255 189 255 255 89 255 255 132 112 145 255
    166 111 74 255 255 183 255 255 255 90 255 196 255 255 255 211 255
    226 34 255 219 96 255 254 255 88 255 191 6 204 178 100 255 240 115
    147 78 255 38 184 255 255 184 159 173 27 255 107 255 255 84 255 15
    28 74 205 255 255 255 255 255 255 194 4 255 222 255 255 211 255 15
    255 97 182 33 255 90 68 85 38 122 207 255 255 94 255 255 255 123 219
    255 86 186 255 13 255 255 255 255 255 255 255 255 88 63 79 57 125
    255 255 74 229 172 255 255 255 0 255 255 255 191 255 211 101 255 247
    106 255 255 204 65 242 255 100 186 255 255 211 148 255 255 211 255 2
    159 211 255 255 255 255 255 17 255 110 255 255 255 6 7 255 255 166
    144 255 237 255 255 255 96 255 21 255 59 255 207 255 58 14 255 255
    29 255 255 31 109 8 178 98 255 40 10 255 65 103 255 255 255 77 255
    255 26 255 247 235 216 73 255 27 188 100 5 230 176 255 168 18 255
    186 20 255 199 255 97 255 255 20 168 143 255 52 232 255 255 97 137
    17 255 23 57 255 255 159 2 255 222 255 31 255 21 255 255 255 255 255
    255 144 96 194 101 73 66 255 239 66 255 176 76 234 243 231 255 10
    245 255 145 54 255 255 219 227 255 255 206 255 255 255 199 255 255
    222 3 255 40 20 255 151 28 251 42 20 162 50 165 85 226 255 255 136
    44 0 255 175 105 78 255 255 117 173 128 203 255 255 209 255 7 255 12
    139 255 25 255 147 255 255 255 36 108 255 255 180 4 242 114 255 255
    255 255 255 92 255 255 255 33 255 255 255 183 215 232 46 18 109 211
    255 0 255 63 126 255 182 96 183 164 117 112 255 218 255 255 86 255
    175 255 252 255 80 255 255 255 216 139 255 184 157 8 255 255 255 48
    255 42 255 255 100 48 255 161 239 255 71 12 121 255 255 16 255 255
    34 255 156 27 103 35 191 201 255 72 255 255 255 50 100 220 255 255
    255 255 28 255 80 255 49 184 255 255 255 96 50 255 255 182 255 255
    255 172 8 255 255 188 0 67 209 22 147 255 255 255 15 255 195 183 255
    59 255 255 230 255 189 96 232 255 144 255 255 220 138 69 56 74 175
    255 255 128 255 143 166 201 255 101 226 112 255 255 229 251 132 145
    160 255 120 121 255 168 164 255 58 255 255 203 139 255 255 255 255
    81 255 88 255 255 247 255 157 255 135 11 134 255 255 255 255 255 255
    255 97 193 43 206 75 255 164 255 89 255 224 255 164 255 244 222 255
    252 50 255 255 255 109 63 255 31 255 255 50 68 255 255 166 243 235
    153 178 255 10 132 255 87 255 75 150 255 255 239 72 255 255 255 255
    255 97 255 56 186 255 255 255 107 198 59 218 127 36 155 255 255 123
    255 45 255 189 88 222 114 144 255 140 255 241 255 32 255 255 29 255
    255 218 157 147 87 235 81 245 255 163 0 255 148 148 255 244 255 11
    35 123 255 255 255 228 48 67 136 255 255 98 255 144 216 255 255 4 72
    171 255 255 255 188 212 255 255 79 240 255 114 150 255 214 255 253
    255 32 255 229 255 170 115 255 222 191 255 255 206 142 69 71 137 19
    125 94 255 255 225 255 255 255 255 255 25 255 255 255 124 155 252
    247 102 255 255 35 182 255 158 38 109 208 255 255 59 255 65 242 22
    255 152 7 255 110 255 239 255 255 255 138 243 255 82 255 255 91 45
    228 64 166 80 255 255 255 160 255 255 94 101 103 194 255 155 255 164
    197 255 52 255 43 168 255 140 255 8 208 166 255 143 255 172 242 202
    220 143 255 199 21 236 255 255 99 255 255 255 255 33 11 255 255 255
    255 56 49 224 255 81 77 255 186 255 81 255 255 255 255 243 105 255
    23 255 255 145 255 255 168 81 255 255 199 255 174 212 128 111 138
    255 4 255 255 138 199 227 255 153 255 255 255 255 8 255 139 59 2 255
    188 255 255 174 99 254 77 239 255 126 255 255 255 117 41 115 64 255
    255 255 58 86 196 63 255 255 255 92 175 255 255 76 70 105 184 126
    255 68 255 255 120 0 255 255 216 255 152 255 75 255 255 255 87 78
    243 255 255 255 138 255 155 255 255 168 237 0 59 255 137 255 3 90
    255 15 59 13 74 27 255 232 47 255 153 200 94 175 74 255 20 234 255
    255 184 253 68 255 255 237 16 255 255 92 119 48 255 182 33 255 255
    203 49 255 125 255 168 91 255 138 255 255 255 255 255 147 138 139 15
    249 207 234 86 255 255 255 74 245 189 255 230 255 255 255 100 255
    107 255 137 255 255 29 255 114 255 255 255 255 255 255 180 253 191
    36 80 147 148 132 204 255 255 109 141 255 153 29 255 255 155 199 255
    186 33 237 255 237 44 255 228 104 59 172 231 99 255 255 0 255 222
    254 255 64 130 255 127 121 144 20 255 107 30 177 176 8 255 19 96 255
    73 255 234 255 7 254 15 255 254 101 84 255 105 255 218 54 226 27 255
    191 255 255 204 0 82 249 255 255 255 206 255 94 243 94 20 255 130
    255 4 255 255 255 255 8 88 255 255 81 193 97 157 13 255 255 255 255
    224 36 28 204 255 255 151 255 255 255 255 237 255 255 38 255 25 255
    229 228 255 99 255 91 213 10 112 178 255 132 255 23 163 213 77 148
    157 255 12 119 255 255 255 105 77 255 224 46 233 255 242 22 255 255
    65 255 180 207 190 255 157 107 255 225 170 138 61 88 255 97 255 222
    255 190 212 255 255 255 25 0 255 72 56 21 36 255 13 255 186 255 255
    57 208 74 255 226 255 255 122 115 249 255 255 199 122 255 65 255 255
    11 69 0 153 209 255 27 72 255 255 255 255 167 255 108 255 255 255 48
    180 255 123 255 255 94 255 255 190 255 255 255 97 157 73 255 16 201
    148 36 255 175 255 130 255 215 255 255 144 86 255 255 4 255 255 255
    64 168 255 180 255 86 3 245 29 240 255 255 255 133 255 8 56 255 46
    255 255 255 177 222 255 255 54 133 255 255 255 255 255 87 25 255 255
    255 255 242 4 245 255 255 75 255 255 163 81 255 211 196 132 113 132
    255 255 198 255 255 255 255 61 137 255 255 217 255 255 249 99 255
    255 255 255 54 227 19 255 236 75 255 36 255 229 255 255 181 252 255
    255 92 255 255 99 255 10 255 27 255 255 144 255 255 138 255 255 138
    180 159 31 255 255 255 170 255 255 31 255 136 49 255 63 242 5 255
    206 255 255 239 255 8 245 164 255 255 255 126 66 255 255 255 20 138
    240 229 212 161 94 255 203 31 67 87 255 96 74 255 144 87 255 255 158
    7 255 255 27 128 255 121 31 255 206 255 255 255 255 49 67 130 250
    182 241 255 206 255 255 213 65 255 255 23 255 61 209 229 255 255 255
    255 78 79 166 255 255 32 255 232 238 201 76 54 255 231 245 247 44
    255 220 255 114 144 255 231 255 255 108 90 20 41 176 255 255 96 114
    255 255 255 16 255 255 150 255 26 83 218 255 160 191 237 135 255 255
    222 255 31 114 25 255 115 255 112 255 193 64 255 255 171 69 92 255
    255 255 255 255 101 232 117 255 255 106 255 229 238 255 2 146 255 35
    255 52 255 255 255 41 177 6 188 106 255 119 255 136 255 18 203 255
    56 255 3 216 255 138 255 255 20 117 4 72 101 255 247 16 255 255 110
    15 255 255 80 255 255 255 255 255 255 77 255 255 10 197 255 194 155
    77 255 255 21 255 215 124 86 255 38 252 249 107 255 255 255 212 52
    255 255 27 46 13 222 255 255 255 25 255 242 255 63 202 255 59 49 145
    64 67 255 165 146 255 48 255 209 110 191 255 122 2 67 61 206 109 127
    255 255 183 137 121 183 209 255 255 255 94 255 255 107 255 45 226
    161 255 255 13 18 63 208 207 19 255 255 67 49 197 255 255 99 255 255
    103 255 255 255 255 184 108 255 199 137 46 255 255 255 31 74 255 229
    50 193 255 41 54 8 189 255 255 255 255 81 255 195 255 11 113 175 85
    59 219 110 109 255 255 239 255 14 86 255 255 140 8 23 71 0 240 255
    79 255 255 153 255 44 255 0 222 255 255 109 152 255 2 63 130 255 255
    255 84 102 255 255 138 202 255 40 227 255 235 218 255 71 191 117 74
    233 57 255 69 249 255 255 255 255 4 255 255 74 136 255 255 4 239 130
    255 203 70 232 132 255 147 77 249 226 109 255 151 3 124 255 72 186
    255 199 11 255 176 255 255 36 114 235 66 255 255 244 255 140 255 2
    201 249 255 255 165 23 255 15 255 84 255 255 128 255 251 255 255 112
    255 255 247 134 138 255 115 173 255 0 234 94 255 0 99 255 255 255
    255 143 146 255 255 96 255 255 255 255 198 142 149 249 255 255 252
    255 255 255 11 255 255 255 107 160 255 255 240 255 255 142 255 86 76
    157 77 255 255 237 61 54 140 112 255 222 255 255 255 255 27 255 255
    255 255 36 255 73 217 117 255 255 255 6 127 255 255 89 255 19 255
    255 138 51 255 220 122 209 255 30 202 29 255 255 228 255 255 239 155
    255 255 13 255 255 231 157 241 235 63 199 255 94 255 221 101 191 31
    222 255 255 255 255 255 43 205 209 255 15 255 255 214 206 255 253
    117 255 201 96 255 255 212 218 255 255 255 255 255 255 182 255 200
    197 49 255 255 255 247 19 183 222 255 184 211 255 255 255 0 255 50
    255 255 255 94 217 157 255 193 255 140 255 150 255 21 103 255 138 36
    42 124 58 149 255 255 209 171 255 255 255 255 8 140 255 255 255 187
    67 114 22 255 235 255 149 171 153 90 18 135 56 10 255 255 255 255
    174 160 150 121 15 255 159 255 255 71 165 94 255 30 255 115 255 255
    255 56 255 255 25 49 145 255 255 255 222 112 255 255 255 42 100 255
    255 58 255 255 255 240 255 249 222 255 255 255 182 255 128 232 180
    76 174 188 255 147 168 99 178 255 32 255 158 189 255 16 45 255 255
    255 195 255 139 255 255 78 255 255 225 59 68 14 17 255 255 255 56
    255 82 255 233 255 255 255 36 180 255 212 255 255 174 68 108 44 255
    180 255 196 255 255 94 255 188 48 255 230 255 243 40 193 255 36 255
    31 255 221 255 255 255 255 159 239 65 255 122 166 255 117 186 255
    255 222 71 96 255 255 226 255 90 255 87 255 255 233 232 255 139 255
    229 186 255 49 150 255 254 164 255 110 137 255 255 255 255 234 220
    147 255 18 255 255 200 80 120 255 255 114 186 255 7 255 255 89 132
    224 196 255 255 255 255 255 13 251 214 214 255 255 135 137 147 255
    255 255 152 96 255 26 255 255 132 23 255 255 255 115 255 255 255 132
    255 255 191 128 255 209 255 23 107 184 245 28 255 65 255 238 255 255
    225 222 255 189 94 31 255 222 92 206 15 127 255 255 224 34 218 255
    171 255 0 29 128 255 177 147 255 255 255 2 255 255 89 255 21 71 22
    255 255 211 255 199 38 11 114 255 255 183 216 90 82 245 255 180 180
    40 25 108 255 235 255 255 255 255 190 255 255 255 117 245 255 229
    255 103 128 255 63 87 222 92 153 97 255 137 83 220 138 72 255 224
    213 224 235 101 255 161 255 207 10 233 255 255 160 205 255 255 255
    150 67 220 102 255 56 41 255 247 255 255 255 63 255 255 206 255 255
    231 255 147 226 63 255 255 255 255 255 255 92 255 206 44 255 255 23
    5 175 255 165 255 255 199 164 157 20 254 44 255 255 77 119 79 255 40
    255 255 41 255 216 255 211 100 255 224 255 184 255 255 68 255 255
    240 159 255 222 255 117 69 255 255 77 115 255 255 255 249 56 255 157
    255 155 255 255 255 207 178 36 255 242 94 255 255 243 255 23 255 239
    155 255 255 255 148 27 209 255 40 13 96 27 255 255 88 255 255 174
    255 255 193 104 255 159 79 255 56 255 168 255 255 126 255 3 195 255
    176 255 239 72 97 48 255 245 123 255 255 103 255 159 17 188 41 255
    255 255 165 214 18 255 110 99 255 255 142 255 255 187 180 33 240 113
    255 255 255 109 255 255 255 209 255 255 206 255 76 43 128 237 142
    255 255 255 255 255 255 52 255 255 255 255 255 255 255 159 121 84
    202 255 221 255 255 255 255 167 237 255 25 255 78 201 100 255 255
    255 255 46 100 90 15 255 61 255 255 83 255 255 105 128 214 164 255
    91 103 153 33 4 201 255 45 54 255 255 178 48 255 255 63 9 255 255
    101 255 255 255 4 191 191 255 196 137 255 112 13 255 97 255 197 245
    255 255 239 255 56 112 255 255 239 31 255 49 126 197 61 178 71 216
    220 255 21 99 255 255 94 31 81 0 255 196 187 4 189 255 63 255 23 168
    26 126 255 255 255 255 183 218 255 71 255 132 255 49 167 255 32 25
    214 79 255 255 7 145 255 169 46 178 255 255 147 255 11 46 255 218 53
    36 52 28 151 255 255 242 29 255 168 123 255 255 255 160 242 255 255
    255 255 183 255 255 255 222 178 255 78 255 255 255 255 59 23 211 105
    79 82 13 29 226 112 148 136 255 87 134 255 255 31 135 204 255 110
    198 113 255 255 190 255 70 255 13 186 161 81 255 255 72 200 163 235
    255 124 255 115 255 255 255 103 255 218 255 255 255 255 255 137 255
    138 255 255 206 242 255 72 255 101 255 255 11 211 255 153 231 169 61
    255 40 34 255 43 155 12 202 255 46 255 4 135 166 54 135 255 214 255
    157 255 255 255 255 99 0 255 175 72 216 35 117 255 249 255 255 206 9
    84 244 63 255 255 29 255 255 38 255 35 255 234 255 90 255 148 255
    255 81 224 130 255 99 255 255 255 130 255 255 84 104 255 115 255 255
    255 255 255 237 170 151 255 43 255 243 170 255 56 56 255 199 71 255
    161 255 255 255 147 112 255 255 255 82 255 255 255 255 243 255 120
    54 255 255 255 128 196 146 255 255 255 255 255 255 199 176 94 255
    255 25 105 46 255 19 255 255 255 82 52 255 128 236 161 255 211 15
    125 52 165 41 255 255 252 72 195 247 160 100 68 105 65 255 255 255
    255 69 255 198 133 136 31 255 255 255 255 10 255 240 255 255 72 255
    252 43 255 255 78 255 255 186 255 170 159 212 255 74 182 255 169 255
    23 255 216 255 157 101 31 255 255 255 144 107 117 255 167 231 255
    251 255 32 94 206 144 255 255 255 255 79 67 235 255 119 119 152 255
    180 247 255 255 219 255 255 44 255 255 255 197 255 43 255 255 219
    255 255 255 255 159 255 255 13 191 216 255 255 255 255 170 255 255
    59 243 255 255 255 134 58 255 255 201 222 255 255 69 44 56 139 255
    255 20 232 231 255 251 156 7 216 112 255 134 198 255 50 92 79 255
    255 126 255 255 50 203 255 255 255 81 255 50 184 255 255 147 81 25
    36 132 255 255 92 255 5 243 255 69 255 255 189 255 255 104 67 36 255
    207 119 31 101 100 188 254 121 255 43 255 255 255 255 191 255 255
    147 255 82 203 87 255 160 255 255 255 255 214 189 255 145 33 207 255
    212 255 255 255 105 195 255 255 255 10 255 165 237 255 255 255 255
    109 255 255 255 255 255 255 255 2 255 209 11 167 176 255 63 203 202
    178 255 74 117 87 240 73 194 96 90 156 255 147 255 255 255 81 74 255
    107 255 46 254 255 128 49 255 255 255 36 255 239 22 255 244 90 255
    112 255 80 143 255 249 198 27 188 255 34 38 38 20 255 188 36 255 255
    132 92 255 255 19 138 255 226 137 255 88 255 155 214 242 218 15 153
    255 255 193 255 107 69 81 207 255 81 98 255 255 15 74 117 75 104 255
    73 227 144 255 255 85 80 148 234 255 15 211 255 99 255 255 186 195
    255 255 255 255 36 220 255 255 255 174 255 153 111 255 142 178 255
    255 255 255 255 180 87 255 144 255 169 34 255 218 151 255 99 255 255
    255 234 140 146 48 255 215 190 255 32 163 158 255 255 254 255 222
    255 255 255 242 255 172 240 38 255 153 255 255 48 255 255 255 255 98
    161 254 255 156 43 188 49 255 209 239 255 33 255 255 184 255 255 255
    64 7 255 255 233 255 255 114 113 58 115 255 82 255 230 18 255 255 56
    218 90 255 2 255 160 157 211 216 255 151 158 255 255 255 209 255 201
    81 121 255 255 255 208 255 63 26 115 123 115 255 255 31 255 27 76
    215 211 194 251 172 107 135 255 255 255 255 255 5 124 54 47 255 255
    255 255 168 243 255 255 88 75 255 255 255 255 63 255 68 177 128 133
    200 4 255 255 220 176 255 255 255 255 255 3 255 255 237 255 255 140
    5 255 191 255 101 212 43 255 255 224 54 255 146 80 255 255 40 168
    130 195 16 121 255 2 255 255 13 155 17 71 189 84 255 59 193 16 5 255
    193 255 255 109 54 255 64 255 255 221 255 255 44 162 255 232 255 197
    49 255 27 255 50 255 112 255 228 255 255 255 130 23 255 20 162 255
    222 255 34 92 191 21 33 79 255 152 255 88 255 43 255 120 29 98 255
    255 11 35 255 255 72 255 255 208 13 209 255 9 145 82 157 255 208 59
    10 59 164 190 255 189 98 255 191 255 206 255 245 255 52 255 255 255
    255 216 110 255 255 234 253 25 255 199 79 182 174 30 216 255 23 255
    149 135 200 255 8 87 255 153 23 255 170 59 255 203 38 140 26 255 255
    5 255 255 81 14 255 16 144 96 255 139 255 255 255 255 255 202 23 107
    81 36 168 255 180 130 255 255 255 36 142 208 255 126 8 130 176 59 61
    235 242 255 255 150 2 255 84 242 255 255 255 52 216 114 67 255 255
    255 59 255 255 43 7 255 255 255 161 25 182 255 184 245 182 114 255
    251 255 150 199 255 198 255 208 79 188 36 40 255 255 255 255 255 255
    34 137 0 94 66 255 255 255 34 73 102 227 138 89 175 245 255 197 255
    81 229 255 255 255 52 255 255 255 91 255 255 40 132 203 79 255 167
    128 255 255 132 14 220 166 255 255 160 255 255 255 142 82 219 198
    255 180 155 255 3 110 25 255 200 253 99 200 134 40 215 255 255 85 65
    138 124 56 163 200 57 255 255 21 5 255 255 255 114 255 214 92 52 58
    58 255 255 20 209 255 110 255 255 255 255 68 9 226 23 255 255 235 36
    214 79 159 13 193 255 255 255 16 218 161 251 147 255 255 77 255 178
    90 245 255 255 255 255 235 58 225 182 255 255 255 255 255 167 15 245
    255 28 11 109 176 184 255 51 255 184 255 255 255 150 255 255 38 61
    255 216 16 46 255 255 121 212 56 255 216 227 255 255 49 50 255 255
    255 255 255 226 255 255 255 255 200 92 224 175 134 112 255 255 255
    255 98 255 52 255 255 72 23 79 114 203 125 255 190 79 78 65 96 255
    115 191 255 88 255 255 255 86 255 193 193 90 255 255 159 255 26 115
    174 145 255 255 255 255 140 12 142 247 255 255 255 255 255 11 255
    255 147 255 255 255 191 255 255 201 255 255 239 255 220 59 255 255
    255 255 57 255 255 109 212 255 190 255 255 71 222 148 142 255 20 57
    255 255 107 255 255 44 255 166 212 26 224 0 26 218 255 255 121 109
    109 126 218 158 255 121 171 186 29 16 255 65 255 255 216 26 211 247
    255 70 255 255 32 255 255 255 128 59 4 255 89 162 222 206 83 255 91
    45 176 18 164 0 255 34 21 100 255 132 51 255 19 255 255 165 82 255
    255 28 123 209 255 103 209 51 173 255 158 0 255 255 255 25 173 106
    255 235 255 126 99 255 214 255 76 124 254 207 100 219 255 255 255
    169 199 255 255 255 54 255 172 5 255 165 133 211 126 160 47 255 91
    78 255 255 243 255 188 255 255 193 255 218 15 255 237 58 238 140 21
    255 6 161 255 255 97 103 42 255 124 80 183 213 255 222 41 255 135
    255 255 255 255 255 235 81 255 63 36 178 82 255 168 255 255 25 255
    255 255 16 133 255 145 130 255 255 83 17 255 115 147 255 184 255 156
    47 19 102 255 101 38 178 255 206 255 180 255 255 251 84 245 253 255
    255 2 86 11 224 15 97 107 255 245 255 255 155 155 255 255 255 112
    224 255 255 222 77 178 255 56 255 255 205 255 41 144 199 255 77 234
    97 123 255 255 201 38 184 255 255 255 255 255 255 119 74 20 13 176
    133 255 255 224 255 140 137 255 255 34 255 168 38 255 255 2 255 21
    251 255 54 225 126 105 255 224 255 255 255 71 101 255 255 252 255
    255 14 184 163 200 249 140 47 255 255 213 50 137 240 80 155 83 255
    128 202 255 163 255 255 10 255 124 180 255 247 96 255 255 255 255 77
    226 255 255 51 175 230 91 255 255 255 227 77 255 157 8 255 255 255
    153 255 255 119 216 92 226 213 255 255 148 67 206 255 255 77 74 29
    204 168 255 255 11 126 168 216 6 79 231 255 255 255 31 94 36 255 224
    193 255 235 99 38 255 255 255 203 225 4 168 255 255 176 255 255 16
    189 255 82 255 19 26 106 86 41 162 255 255 252 255 191 85 50 255 255
    193 255 65 73 107 88 255 137 195 71 184 255 159 191 255 255 92 206
    255 112 255 255 255 255 128 132 101 255 171 108 84 217 22 25 8 229 4
    255 168 123 43 195 255 84 69 8 35 11 255 255 255 191 222 255 255 163
    56 57 127 204 255 255 117 34 255 83 98 255 255 90 170 67 255 255 22
    255 255 206 255 255 255 255 255 128 255 74 69 245 255 255 191 255
    169 255 255 97 31 44 22 105 201 255 92 84 119 255 255 255 100 112
    126 138 255 198 224 255 92 172 255 255 255 16 209 255 109 106 205
    255 78 255 255 255 255 25 255 255 135 139 255 150 255 255 255 255 15
    255 9 255 255 255 255 255 255 124 255 151 255 79 206 255 208 211 2
    245 255 147 255 67 57 254 255 255 255 255 186 255 151 255 255 114
    255 255 34 255 255 16 142 196 40 255 255 255 255 255 123 255 31 133
    255 255 255 224 35 251 255 255 255 255 147 189 191 8 255 190 255 255
    165 255 255 255 255 255 52 255 50 121 255 2 255 247 54 142 184 96
    172 43 255 188 255 255 255 161 255 92 245 255 107 255 0 255 191 54
    255 92 18 184 66 209 2 165 4 255 255 76 255 255 23 255 255 220 178
    148 255 255 255 206 149 79 255 8 255 137 255 255 49 38 10 255 255 48
    255 100 247 186 255 255 255 96 255 245 255 3 234 144 255 234 88 49
    142 161 255 177 255 156 255 255 120 76 255 255 169 59 68 255 255 132
    202 155 255 255 255 255 209 255 28 255 255 152 255 255 255 78 71 255
    43 255 165 245 255 193 255 119 255 216 255 255 255 52 94 255 255 110
    255 75 255 27 249 165 255 230 71 255 54 255 255 36 255 255 255 198
    255 255 122 255 117 186 200 255 226 255 126 8 255 255 171 182 255
    255 78 75 161 184 218 255 63 255 68 43 255 255 200 255 249 175 230
    255 87 38 38 255 255 255 242 255 255 255 161 226 255 174 255 255 255
    255 255 255 26 255 255 61 255 163 206 255 128 96 231 100 216 245 255
    245 197 103 255 255 111 255 255 142 254 50 153 43 41 165 219 238 245
    160 255 149 203 133 237 255 168 255 92 18 255 255 255 11 255 255 151
    176 255 255 49 94 255 206 255 255 255 222 168 58 255 243 84 41 255
    231 90 237 87 220 65 255 255 255 35 25 255 51 189 255 87 255 147 255
    96 255 110 187 255 255 117 212 2 255 255 255 255 11 255 195 255 170
    54 98 255 255 255 51 13 255 99 255 184 255 255 78 20 117 119 255 255
    255 255 197 255 128 23 188 255 255 249 255 255 232 255 255 107 124
    126 13 235 255 255 255 255 34 255 255 255 175 236 255 255 255 255
    221 255 255 255 23 103 166 255 255 239 255 255 255 65 176 255 79 255
    46 227 255 180 255 255 222 255 247 36 206 255 51 189 207 255 255 255
    81 220 255 199 255 115 99 255 255 206 229 255 255 135 255 89 255 255
    20 255 255 102 255 31 255 14 86 255 255 255 255 255 255 255 11 255
    69 211 136 239 162 6 107 222 255 54 255 253 7 255 84 10 255 184 255
    255 255 38 255 255 255 117 255 2 207 255 92 255 245 82 43 61 168 234
    94 255 128 255 245 146 255 255 87 111 64 255 239 255 227 255 255 255
    115 254 242 188 16 255 220 255 22 232 255 255 255 255 191 92 211 255
    38 186 255 101 232 255 255 255 218 136 86 238 75 176 130 255 255 255
    31 219 106 19 255 2 234 122 106 255 255 76 255 81 14 255 255 177 255
    255 177 19 160 255 168 94 255 86 91 25 255 229 207 136 255 255 75
    255 141 211 10 255 255 255 255 251 255 23 255 86 255 117 255 255 255
    255 255 255 255 106 249 168 255 255 255 245 255 255 255 255 255 255
    57 255 255 255 196 11 77 255 132 226 254 255 255 81 255 255 247 255
    255 255 255 255 109 108 147 138 255 255 155 255 255 255 121 132 74
    255 255 59 23 126 158 255 255 255 36 255 255 255 2 245 255 69 2 13
    255 81 27 25 196 187 232 255 255 25 38 216 255 255 255 255 86 255
    255 46 5 165 255 231 255 5 255 92 33 11 255 255 255 255 255 96 255
    255 121 255 255 255 255 175 255 98 255 255 13 255 7 255 255 255 11
    255 255 107 255 255 214 232 255 255 255 2 168 165 255 255 92 255 63
    18 187 193 191 255 255 255 69 136 86 240 255 81 255 172 143 54 100
    35 9 180 135 34 255 145 169 255 255 63 255 51 150 255 252 255 255
    255 43 121 235 255 50 59 45 140 255 227 48 105 255 52 66 255 255 161
    255 255 82 0 42 255 186 255 254 255 255 46 162 65 109 255 174 255 23
    255 109 211 243 170 186 212 224 5 13 120 56 239 58 255 255 255 99
    255 23 255 241 214 173 255 247 50 147 255 255 255 211 255 176 81 45
    255 166 255 255 155 255 0 255 72 211 221 112 255 255 225 92 255 16
    255 173 29 101 255 202 255 255 255 255 245 14 255 255 202 82 244 169
    255 119 255 255 69 187 209 249 255 182 35 220 151 143 198 255 156
    255 255 255 229 255 255 2 63 255 247 255 115 70 15 181 141 103 147
    251 255 180 175 140 64 157 209 255 59 19 255 255 255 209 99 23 161
    255 255 242 255 251 255 211 52 8 56 75 46 178 63 161 255 212 193 187
    136 25 255 255 168 255 255 255 255 255 56 23 182 255 255 255 16 255
    255 166 255 255 255 191 255 245 25 255 245 139 245 94 255 214 107
    255 255 0 245 145 255 173 247 189 182 255 71 227 105 255 213 13 255
    139 255 255 255 255 112 160 251 255 14 149 77 13 237 178 18 226 255
    255 255 206 255 178 255 49 226 255 255 255 145 238 176 181 255 255
    255 255 149 74 108 103 120 200 111 255 245 147 255 255 142 255 61
    255 255 255 255 193 135 255 255 255 255 142 255 115 255 150 255 255
    220 182 138 115 255 53 4 255 97 255 44 76 76 255 255 255 255 221 222
    255 227 164 71 3 255 65 255 132 255 2 255 209 112 255 50 163 96 165
    252 27 50 142 218 255 125 255 255 255 255 255 255 255 255 31 255 253
    255 255 103 255 204 255 255 255 255 255 114 144 255 141 255 255 90
    255 87 207 255 186 128 25 28 255 77 180 255 255 255 191 255 36 96
    255 21 255 188 255 255 19 255 94 255 235 255 88 152 56 255 153 255
    255 255 255 193 255 195 21 255 99 73 255 255 142 212 255 103 135 14
    132 255 114 255 86 252 201 255 195 147 72 255 234 242 231 15 61 255
    255 143 114 188 255 207 255 91 213 255 255 255 157 255 141 255 48
    255 255 79 97 255 255 255 255 255 255 255 119 255 222 255 240 255 89
    255 63 158 38 222 255 255 255 163 255 255 255 16 159 255 255 132 61
    255 255 255 255 168 140 255 245 249 255 2 237 231 144 104 193 54 255
    255 255 127 227 50 255 255 136 211 255 255 142 255 75 204 175 255
    219 218 40 255 220 54 203 255 255 255 36 31 254 20 230 21 83 36 255
    23 255 69 222 11 255 255 157 64 255 8 255 255 255 255 255 111 97 36
    216 255 255 170 255 7 255 18 4 34 117 255 73 255 255 57 16 255 67
    255 105 255 156 255 255 239 151 31 183 0 255 74 255 255 97 255 132
    137 16 59 189 97 255 25 215 155 255 255 84 255 255 255 255 67 159
    221 119 255 255 207 228 255 245 140 76 247 218 255 255 23 64 204 255
    194 255 255 87 255 255 25 255 13 235 255 255 72 255 255 170 25 255
    255 255 255 114 255 6 31 255 255 211 255 255 255 255 255 255 255 235
    229 255 84 255 16 25 255 79 77 255 25 255 206 225 92 255 106 174 244
    255 174 96 193 255 255 255 8 255 169 255 189 255 239 137 4 255 255
    31 48 79 67 182 203 139 255 92 166 86 237 255 255 255 255 255 255 58
    109 255 124 193 255 255 255 255 216 237 242 94 199 255 229 255 117
    255 126 255 255 255 255 198 207 255 61 255 168 32 33 255 207 193 255
    32 214 119 255 255 20 255 168 255 189 255 255 255 255 255 233 2 173
    153 255 23 255 255 255 255 163 255 105 255 41 242 255 255 195 255 48
    38 255 255 224 255 10 32 255 143 255 255 255 169 255 115 255 92 92
    255 255 40 31 228 30 133 50 145 81 255 235 255 33 255 65 230 255 255
    237 255 255 11 166 141 255 255 187 126 255 139 251 180 79 224 119
    255 255 255 76 211 94 245 176 124 255 101 64 255 188 160 126 2 255
    255 255 12 169 149 255 144 140 255 229 255 255 13 253 255 41 50 227
    36 205 76 29 61 232 52 92 69 233 128 120 112 255 244 255 247 255 88
    176 5 255 255 2 58 142 89 255 255 20 238 203 232 255 255 255 213 255
    142 74 251 255 216 255 229 255 157 255 255 255 15 61 255 63 255 255
    255 142 190 5 255 113 125 225 255 7 255 29 163 255 255 127 103 94
    216 144 255 255 255 247 255 255 88 150 255 165 255 255 168 255 27
    255 143 255 255 166 255 153 255 255 124 5 72 255 143 177 255 10 123
    255 161 255 67 255 231 255 26 220 44 255 144 255 244 255 255 56 177
    52 59 191 255 254 255 255 255 255 105 63 153 82 36 168 44 96 255 176
    145 255 203 79 227 124 255 67 255 255 211 255 255 255 90 255 94 255
    255 255 0 20 150 255 38 85 27 255 255 80 71 255 255 255 255 243 209
    255 255 240 169 182 156 83 11 255 255 255 13 191 235 224 255 255 255
    255 84 255 27 255 255 254 124 189 178 155 53 255 34 214 255 235 255
    133 27 255 255 161 255 195 107 255 255 255 255 255 255 255 255 255
    255 31 255 89 255 245 171 133 52 255 255 255 97 255 255 135 255 255
    255 255 57 137 255 255 224 4 255 16 198 17 166 41 159 193 105 255
    122 162 255 35 76 255 255 255 255 36 255 255 3 187 255 255 5 255 255
    255 56 72 255 117 10 7 117 166 132 220 203 255 255 255 249 44 244
    255 255 38 255 255 132 255 98 102 209 165 255 4 119 255 255 255 51
    255 255 255 168 255 48 36 255 122 69 255 245 173 255 201 255 134 255
    255 103 147 255 255 43 255 255 231 112 40 255 255 255 252 255 86 255
    65 255 35 101 88 53 206 255 235 255 255 63 168 255 128 255 23 209
    255 230 255 255 255 244 255 98 125 211 75 81 255 255 255 255 144 219
    255 255 255 49 255 229 255 255 255 121 96 13 153 188 255 178 255 183
    4 255 191 255 255 180 255 138 255 255 255 41 31 255 82 255 255 255
    254 161 255 216 232 26 133 190 43 255 128 105 255 255 99 255 255 239
    255 255 255 255 255 196 255 113 255 255 255 255 206 174 235 255 255
    255 255 255 255 249 115 255 204 65 255 255 255 91 255 255 137 255 71
    255 231 255 69 255 168 255 255 255 156 255 101 110 150 255 119 255
    255 128 178 255 137 255 255 255 90 255 216 231 86 137 198 232 0 112
    84 255 255 178 193 186 255 255 255 255 2 18 50 30 123 255 255 255
    255 48 22 255 36 56 6 232 238 0 255 193 255 2 49 255 72 74 237 87
    103 13 255 255 176 255 81 123 170 141 255 226 255 98 204 255 255 180
    255 182 232 193 119 255 43 255 255 47 255 178 255 17 94 222 255 96
    255 21 40 5 220 31 255 255 79 135 255 255 34 255 72 255 255 214 182
    123 255 137 255 100 255 101 255 255 255 212 255 255 16 255 78 255
    110 255 254 157 23 255 255 255 221 18 56 53 255 6 87 255 255 214 59
    163 255 96 11 255 252 255 255 173 21 232 255 86 13 186 255 244 63 65
    8 151 4 102 169 67 255 255 255 143 58 255 255 255 255 244 255 36 33
    49 11 132 255 15 255 255 255 137 200 232 255 255 255 84 69 220 255
    255 255 255 231 255 255 243 48 255 139 128 96 112 255 147 106 4 255
    255 134 76 255 10 255 255 255 89 38 255 255 255 249 255 255 255 3
    255 255 2 128 255 120 41 157 54 255 201 23 195 124 109 150 255 104
    204 255 125 255 63 79 124 255 211 255 119 255 94 54 235 215 144 255
    148 255 255 59 255 120 255 94 124 255 255 137 255 255 255 255 255 87
    189 255 255 182 255 255 56 107 96 193 201 255 255 239 119 151 115
    255 204 255 209 220 61 255 79 31 255 251 255 194 103 147 255 255 255
    226 171 245 193 225 255 49 7 237 208 101 255 48 255 255 255 41 255
    255 67 73 255 157 155 242 255 161 36 255 90 36 70 80 255 227 15 198
    255 56 96 164 50 54 255 255 234 108 255 255 255 147 255 255 255 176
    255 115 74 20 255 81 255 214 255 202 255 255 236 199 110 255 255 254
    99 255 255 255 253 171 23 78 255 255 36 119 197 255 255 29 67 122
    123 168 255 206 157 30 108 174 81 94 255 72 255 255 231 255 6 189
    115 109 150 169 191 97 255 237 135 255 255 114 76 140 255 197 255
    255 255 249 255 255 121 96 49 255 255 160 255 107 81 255 148 166 59
    209 41 182 255 255 128 196 180 255 46 133 52 255 177 255 140 255 255
    255 255 80 255 255 216 171 202 69 122 255 234 255 255 255 255 255
    218 255 255 255 255 193 255 74 255 255 255 255 255 224 255 222 160
    255 230 105 255 255 255 255 182 254 182 255 71 41 174 109 255 255
    255 255 50 38 137 170 255 206 184 255 255 255 255 117 255 99 16 255
    224 255 126 255 255 255 119 155 255 71 255 38 15 255 178 133 155 239
    255 255 255 255 251 255 255 255 44 255 242 255 3 117 255 58 252 203
    59 220 255 142 255 255 240 187 255 115 117 255 255 49 255 255 255
    255 255 255 255 232 151 86 240 65 255 221 255 11 255 47 226 54 255
    255 255 47 11 176 5 214 255 105 255 255 101 182 186 255 255 219 255
    69 61 166 222 219 255 255 255 255 255 255 117 255 175 255 119 231 11
    255 59 121 255 255 255 15 104 216 182 227 255 255 161 255 255 255 59
    36 255 254 255 102 94 161 245 255 255 147 27 255 114 56 255 219 225
    255 128 255 98 255 38 255 255 255 255 255 255 82 255 112 255 87 139
    170 148 255 163 61 101 255 255 124 255 227 255 78 255 204 255 255
    193 161 237 160 255 194 94 241 156 50 255 255 220 255 217 87 50 100
    151 123 255 101 180 209 255 255 255 255 56 150 255 255 255 99 255
    124 255 255 155 255 27 145 255 255 255 255 247 96 255 147 168 255
    255 10 119 255 255 255 234 255 255 191 86 255 138 183 255 255 25 160
    170 255 177 255 255 11 232 226 49 255 41 255 255 255 81 207 181 204
    63 180 40 255 59 38 96 244 108 255 250 78 237 255 49 255 120 47 255
    234 255 0 135 151 176 255 255 149 127 110 180 206 255 255 255 146
    222 255 255 255 255 255 174 120 124 73 255 126 255 33 255 234 209
    197 182 244 255 184 176 65 255 255 133 255 72 255 255 112 255 255
    255 255 255 100 61 19 2 94 255 5 139 48 107 255 19 255 29 255 255
    255 255 120 255 31 204 255 38 59 32 121 255 40 220 130 229 100 212
    38 255 137 255 27 255 255 255 173 222 65 255 23 255 178 43 34 237
    175 255 49 43 255 247 255 142 255 255 138 255 255 195 61 255 255 145
    255 255 68 255 255 255 96 255 166 255 182 41 255 255 239 255 27 255
    255 255 53 255 245 250 255 212 175 255 8 255 255 255 255 79 182 240
    112 205 56 255 10 255 5 228 58 159 255 71 206 255 255 63 48 255 27
    255 255 139 10 127 115 69 3 255 255 156 249 255 255 255 255 135 103
    203 255 255 92 137 137 203 255 255 255 145 255 255 20 255 4 38 245
    234 53 255 117 255 200 168 72 255 188 255 13 241 114 200 255 255 72
    255 189 115 255 255 166 153 255 255 255 94 34 94 158 255 211 255 164
    31 191 255 243 68 255 42 170 14 255 255 255 197 255 255 255 165 209
    255 12 251 255 255 85 255 56 255 178 252 69 255 25 255 255 150 41
    255 237 58 255 255 255 255 122 173 199 255 117 42 125 216 155 152
    114 255 255 195 255 212 2 226 56 36 255 186 27 255 255 255 6 255 255
    255 255 255 243 87 18 67 250 56 80 58 255 255 104 255 255 255 255
    255 46 92 255 255 45 195 54 255 255 255 255 201 237 14 186 104 130
    255 137 4 249 191 255 255 255 255 255 217 218 255 255 255 222 255
    189 6 255 32 29 234 255 255 2 101 80 255 255 128 255 255 82 16 25
    255 255 128 142 13 224 27 255 65 10 224 141 255 201 255 245 122 255
    255 255 101 255 235 186 121 255 255 255 137 222 255 255 255 255 211
    255 17 91 255 255 46 255 255 255 195 73 254 103 88 112 173 255 100
    22 149 255 255 255 68 193 69 255 164 255 255 54 57 66 85 255 150 38
    255 255 198 255 186 255 224 160 151 71 81 142 237 109 247 13 255 255
    186 68 224 255 255 255 245 10 171 255 199 255 255 209 255 255 163
    255 255 160 255 78 255 255 121 69 90 52 0 255 255 255 255 241 63 213
    109 44 255 36 102 255 255 255 255 186 255 14 132 100 255 255 183 255
    255 227 101 195 25 255 255 255 211 255 15 59 134 255 83 124 25 207
    107 158 236 255 252 255 255 208 29 255 255 255 255 224 255 234 255
    255 255 74 255 40 255 255 57 255 45 253 255 255 48 147 76 237 219 43
    255 77 255 77 255 81 255 254 13 75 158 34 255 35 255 255 61 255 255
    255 105 153 255 99 255 36 255 123 255 255 255 158 255 224 86 41 77
    97 255 255 255 159 117 255 252 214 204 124 255 255 117 6 92 117 255
    255 182 255 38 255 255 102 189 255 255 141 255 255 72 199 189 255
    255 255 74 63 255 255 98 209 255 255 255 255 255 81 83 190 86 255
    197 255 92 255 255 27 255 255 204 255 255 54 69 255 211 128 247 225
    130 232 103 255 240 255 186 176 251 255 255 81 255 82 36 255 214 215
    255 41 255 88 255 144 255 255 58 255 178 255 255 79 197 255 199 225
    255 198 255 168 255 114 15 255 76 168 255 204 117 255 29 71 234 255
    255 18 255 42 242 220 247 194 255 255 255 164 255 255 255 119 242
    255 255 58 160 249 255 255 255 148 110 214 255 83 168 255 255 255
    255 255 224 222 255 75 247 255 255 26 83 153 255 255 140 255 133 255
    234 101 255 145 202 255 214 252 113 255 78 130 214 101 228 231 36
    255 255 255 100 255 168 255 255 16 52 201 255 255 5 255 255 107 74
    255 122 36 23 255 128 48 214 255 255 255 187 255 255 40 255 255 123
    255 61 255 56 255 159 247 255 255 255 128 155 255 255 255 255 255
    117 182 35 63 255 224 255 255 59 157 77 13 193 255 255 255 255 92
    108 255 255 255 48 255 18 255 40 255 88 148 90 149 255 81 126 255 34
    255 255 254 78 79 240 255 255 255 126 255 255 255 170 137 163 255
    197 90 176 32 245 255 32 190 189 255 69 255 4 78 255 255 73 255 255
    163 255 182 255 63 25 255 28 114 34 66 224 255 255 79 255 38 189 46
    7 231 255 77 255 195 255 153 255 138 7 255 255 115 255 255 255 4 255
    231 151 180 117 255 125 76 92 212 133 255 41 101 255 175 47 23 18
    178 255 237 255 255 92 255 255 13 220 255 255 198 255 176 7 255 160
    255 251 208 146 255 163 85 11 255 182 73 255 255 255 3 187 11 41 255
    255 20 255 15 71 23 126 2 255 255 234 240 75 89 175 222 255 255 255
    255 231 232 255 18 255 255 215 33 102 255 255 178 7 98 107 255 195
    166 255 46 79 92 46 194 0 255 252 74 113 255 255 147 227 255 247 3
    209 255 255 4 157 255 74 255 155 213 255 23 255 92 135 133 21 255 70
    255 255 106 88 255 13 161 46 74 124 112 218 255 255 195 255 255 133
    255 255 255 78 114 247 199 181 255 255 252 240 159 255 32 15 255 126
    255 255 119 170 255 236 251 255 191 212 255 213 255 130 255 6 255 61
    44 69 255 121 255 128 195 255 142 226 189 128 153 232 43 255 255 0
    255 255 213 245 255 159 255 255 255 44 81 255 6 255 236 255 255 54
    249 97 144 19 51 255 44 54 255 255 178 255 121 255 255 130 81 56 255
    226 255 255 115 197 220 255 189 255 94 85 216 189 255 255 255 255
    255 255 117 147 114 151 132 255 255 255 81 255 31 237 78 69 255 224
    251 38 124 123 204 255 255 165 225 255 71 251 237 211 236 255 255
    255 144 203 255 247 181 207 172 255 255 255 255 255 142 133 255 255
    143 255 255 209 29 255 117 191 209 155 186 255 255 218 214 255 255
    224 8 59 96 152 110 255 142 186 184 255 255 182 255 155 4 132 255
    255 255 187 149 255 213 245 76 255 255 49 255 235 255 13 101 99 255
    96 255 150 255 0 173 209 255 209 180 21 159 255 163 20 255 58 255
    255 188 255 255 105 255 255 170 255 27 255 218 255 145 74 255 255 27
    63 180 18 255 153 255 109 255 187 255 58 255 13 133 59 255 122 255
    109 81 255 255 193 236 8 255 255 180 255 202 255 255 255 220 130 141
    209 224 191 255 61 255 255 166 243 255 138 13 31 255 126 218 255 150
    255 26 234 82 13 25 153 255 105 203 255 255 255 130 255 255 127 255
    186 153 255 38 135 255 54 130 255 255 255 255 23 235 255 27 109 238
    100 255 207 121 255 255 103 244 162 255 81 130 255 255 200 255 255
    255 255 255 255 101 255 184 255 219 234 75 226 255 255 84 159 88 21
    255 180 255 103 121 255 255 4 150 29 241 240 191 220 76 255 255 255
    255 124 255 182 255 255 255 11 255 255 255 232 255 138 255 255 113
    203 20 255 255 255 142 255 0 255 127 168 153 255 160 255 201 255 19
    124 255 255 43 255 42 137 233 255 244 255 239 28 67 255 2 45 27 5
    200 255 255 247 103 249 255 253 189 255 232 255 255 255 44 155 109
    255 255 255 255 157 255 255 255 255 115 85 21 38 255 149 79 255 255
    255 119 245 49 255 255 221 5 211 142 255 255 255 197 163 255 29 134
    94 52 255 255 36 255 89 255 255 255 255 255 99 255 255 255 255 255
    240 255 123 199 123 142 165 160 71 255 255 255 255 255 255 234 255
    126 183 45 255 255 234 157 13 233 255 114 255 117 26 255 251 92 255
    121 255 124 44 81 58 255 231 255 255 96 255 176 28 227 255 255 157
    172 26 255 52 171 65 119 255 65 207 12 99 255 165 255 155 166 27 124
    43 255 241 252 58 255 112 200 117 255 255 255 112 148 255 18 255 255
    255 255 109 255 191 29 12 255 255 208 255 216 255 255 255 112 255
    255 255 166 255 255 169 23 48 255 42 255 255 2 191 23 197 193 240
    255 237 59 4 255 255 159 234 76 149 255 153 255 209 38 255 107 180
    255 12 255 255 255 255 255 255 162 101 255 184 255 97 137 224 255
    175 21 219 234 63 130 255 255 231 25 255 21 255 50 114 144 255 255
    255 255 255 74 103 183 255 255 255 255 255 219 255 69 44 207 123 255
    9 29 53 255 255 255 255 255 212 255 52 33 255 59 33 198 255 255 255
    255 170 255 201 255 255 255 255 255 82 219 255 65 10 202 255 255 78
    67 84 255 75 114 255 186 158 78 80 59 255 197 255 255 124 255 150
    255 255 255 218 99 255 255 255 198 4 156 126 19 23 20 237 148 255
    255 222 255 13 86 23 199 255 202 235 234 195 130 5 255 21 127 153
    255 217 13 255 224 255 255 255 255 115 156 193 132 249 255 255 255
    202 255 21 193 255 255 255 255 72 85 255 92 173 255 255 142 255 102
    69 232 23 255 255 86 255 138 71 5 255 115 144 255 255 32 98 127 255
    209 148 255 255 91 255 54 255 255 117 255 135 115 255 255 203 209
    202 255 152 164 172 43 255 216 21 204 255 44 160 34 255 5 255 255
    255 203 203 43 255 124 99 61 255 72 124 56 58 255 64 255 113 96 135
    255 255 255 255 160 255 77 255 255 255 255 132 239 255 255 172 180
    209 56 152 85 186 255 255 249 132 255 153 183 255 255 255 255 157 82
    157 255 255 34 255 216 255 255 25 255 255 16 126 4 255 22 42 255 126
    255 255 110 82 92 255 80 110 255 13 255 99 31 12 255 44 147 108 197
    170 255 255 180 56 101 255 9 255 255 115 33 255 255 197 100 23 255
    186 67 59 145 126 255 68 255 255 40 255 224 94 255 255 255 133 255
    255 14 224 255 255 255 203 151 224 2 255 138 76 255 220 255 85 255
    212 200 255 255 255 142 255 142 203 163 255 163 255 255 255 255 50
    255 234 255 255 234 121 255 255 72 67 193 63 98 255 99 11 252 14 255
    44 255 50 237 69 255 156 255 255 252 20 255 16 255 36 214 238 151
    255 251 255 143 162 199 124 164 61 160 178 255 91 255 255 255 245
    255 255 245 255 255 206 255 255 255 153 255 234 255 255 94 255 171
    255 255 143 255 73 82 166 255 143 255 230 160 255 255 99 11 2 255
    103 255 255 99 142 61 52 255 214 78 255 255 255 255 227 255 255 0
    255 140 255 2 255 255 112 0 196 255 78 77 255 255 255 255 255 255 45
    255 255 63 232 255 255 197 255 255 113 147 110 255 193 0 255 255 121
    56 40 245 190 171 255 255 255 193 255 203 236 255 255 137 130 250
    206 255 76 255 197 247 54 255 255 211 182 199 144 57 61 216 255 255
    255 228 255 255 145 61 32 237 153 255 201 183 106 6 18 255 255 255
    108 0 255 255 113 128 25 174 245 14 255 23 164 176 58 56 31 89 255
    255 255 121 161 127 153 34 255 178 255 153 92 140 12 255 255 250 0
    255 125 255 241 255 255 255 255 150 255 255 79 255 171 197 255 255
    251 77 212 216 2 255 157 115 255 180 96 183 255 234 255 29 224 3 255
    255 255 146 239 193 168 255 212 85 36 91 255 255 255 255 255 255 255
    255 161 175 103 48 150 255 156 255 130 165 255 82 189 114 255 137
    213 255 13 255 190 165 255 255 255 20 255 255 112 191 206 255 245
    255 18 255 181 191 255 235 70 255 255 255 126 194 255 226 255 255
    255 255 255 199 255 123 255 255 255 165 180 5 54 255 4 255 142 227
    235 255 79 255 132 255 0 155 255 180 255 255 101 255 121 255 117 43
    255 124 5 255 84 78 255 161 255 201 255 255 113 163 63 255 71 130
    245 193 255 147 255 157 224 255 255 255 255 255 255 194 255 255 235
    255 54 255 32 174 255 225 56 125 175 255 255 168 234 104 43 255 143
    255 255 21 206 56 255 255 222 255 47 255 82 255 235 166 180 54 114
    255 130 255 255 52 255 255 119 18 255 212 203 49 255 132 255 255 255
    255 255 16 255 255 255 251 17 255 255 21 163 88 243 133 67 151 255
    218 57 255 224 36 255 255 136 255 255 65 209 197 237 152 121 84 255
    255 44 33 47 255 255 106 255 255 255 255 255 242 255 117 255 255 249
    255 255 35 255 61 255 255 11 135 255 27 48 255 226 120 186 255 191
    43 100 49 255 180 255 255 255 186 70 46 196 240 255 23 255 207 64
    157 157 255 255 255 89 160 172 79 255 249 255 245 78 240 225 255 255
    252 255 211 255 21 255 255 128 68 182 71 145 45 255 255 255 136 255
    255 255 0 61 255 120 27 255 255 29 255 76 207 42 255 16 255 255 74
    174 255 101 142 138 13 255 255 197 115 255 38 21 20 92 255 2 72 170
    51 106 205 255 164 63 58 38 255 255 255 207 206 198 88 44 142 140
    255 255 31 53 67 255 30 255 71 82 255 255 48 148 205 31 139 105 46
    63 235 255 123 255 255 255 255 153 63 255 255 255 255 255 255 255 40
    207 84 255 166 2 242 146 38 255 50 180 255 83 255 226 200 255 235
    255 255 82 255 255 122 18 255 20 255 255 255 255 255 138 224 84 255
    7 255 120 87 253 38 97 153 2 227 253 255 74 255 255 222 33 255 229
    255 255 255 117 255 255 176 214 254 167 145 36 255 77 195 255 255
    255 255 255 0 255 221 144 145 102 255 84 133 137 255 255 85 111 255
    7 101 255 255 255 107 255 255 255 186 188 7 231 212 208 255 201 114
    255 176 255 112 255 109 255 255 255 255 21 43 141 255 255 115 34 255
    255 255 18 255 222 191 255 255 235 255 255 56 255 255 255 255 255
    255 9 255 163 81 255 156 255 255 104 255 155 43 255 101 245 213 255
    84 130 161 15 67 255 255 255 255 245 155 90 30 247 220 74 178 255
    255 255 255 255 255 224 107 171 184 244 245 255 255 255 255 92 255
    147 137 255 230 74 146 224 165 255 251 74 148 255 255 70 255 170 255
    255 76 247 63 255 29 255 72 255 128 255 255 255 110 255 38 255 200
    255 255 255 255 255 255 255 255 255 255 232 173 11 30 255 255 74 54
    255 255 255 255 15 255 239 255 27 176 166 234 255 133 211 67 203 255
    255 115 255 241 255 255 121 255 255 140 183 112 71 105 255 255 211
    38 255 226 255 255 64 255 255 255 255 36 89 74 212 255 255 255 255
    61 255 170 255 59 255 255 90 20 141 255 255 255 235 140 105 136 209
    255 184 165 255 144 255 255 54 30 56 94 68 76 144 41 255 255 255 153
    46 255 40 255 252 255 140 61 96 255 255 255 255 5 115 174 255 255
    218 46 255 159 255 5 255 255 18 234 255 88 168 51 0 209 97 198 50
    193 255 111 255 225 130 255 255 4 255 76 255 132 255 253 107 255 255
    109 255 255 5 23 255 255 229 255 255 251 255 204 255 255 255 74 255
    5 255 255 54 142 63 255 255 255 255 255 255 255 164 136 252 72 67
    255 103 182 255 255 255 105 255 132 244 197 255 255 187 147 150 22
    184 255 255 109 255 207 255 16 255 170 109 34 255 255 14 205 54 255
    255 255 255 101 170 255 4 255 216 255 255 9 255 0 164 33 255 255 121
    211 58 153 130 114 255 33 150 170 188 255 255 255 255 168 219 171
    255 255 255 54 170 255 255 198 123 255 140 255 255 250 155 109 201
    247 255 255 56 255 147 198 255 255 227 255 255 255 255 91 255 255
    255 255 31 208 233 103 148 255 195 166 255 255 255 240 2 107 40 255
    152 164 61 196 90 255 250 225 249 176 255 255 86 151 65 255 197 159
    63 255 134 44 94 161 255 255 201 255 255 239 255 252 23 216 83 255
    219 25 255 255 255 67 26 81 255 255 255 10 92 234 232 170 52 220 222
    160 105 18 132 255 255 41 255 232 255 111 150 255 207 255 16 255 97
    240 124 226 255 255 155 139 255 255 255 234 58 36 243 255 255 255
    255 255 255 198 255 255 255 220 255 64 255 255 255 25 255 255 222
    168 137 255 255 255 141 255 255 255 88 163 255 188 166 197 235 133
    255 2 255 23 157 255 255 61 79 85 255 189 69 56 142 137 222 255 157
    255 208 59 255 255 255 255 255 5 80 92 255 255 232 189 190 30 234
    119 191 137 255 240 247 161 255 177 255 255 128 103 255 222 235 255
    255 243 234 117 136 255 255 255 255 255 255 112 225 34 255 54 167
    107 81 188 199 255 128 255 65 255 255 213 54 255 180 234 132 255 255
    255 159 57 206 215 21 255 220 255 255 255 218 255 178 255 66 49 212
    201 119 255 53 23 255 54 255 249 255 255 63 137 151 207 122 81 46
    255 38 255 255 255 101 208 153 167 97 141 94 249 182 155 163 255 174
    184 255 255 171 255 255 25 255 255 10 166 255 107 54 255 143 193 255
    2 218 123 203 99 48 191 27 255 96 157 222 82 255 124 194 234 140 99
    186 157 97 207 255 79 255 255 87 54 113 208 121 109 153 128 130 255
    255 153 255 2 186 100 255 255 209 88 17 255 255 255 166 255 46 153
    72 255 186 108 255 255 224 241 255 252 109 255 175 255 158 255 57 0
    255 203 16 137 167 142 41 255 255 255 218 161 180 48 194 81 255 161
    234 255 186 255 2 49 173 136 255 255 255 96 255 128 74 45 128 140
    255 255 31 150 255 199 92 255 30 87 255 96 255 50 49 47 247 7 255 6
    255 255 255 71 189 216 249 197 80 23 255 255 72 255 255 132 227 117
    104 255 100 255 193 255 189 124 124 217 224 237 255 255 172 255 40
    230 255 255 69 224 197 255 255 255 255 41 168 255 64 211 255 255 130
    178 25 216 255 161 175 142 255 255 157 59 255 155 166 255 123 86 16
    170 158 79 17 203 36 255 203 255 255 122 142 255 255 224 36 255 255
    124 255 193 255 89 157 155 191 222 86 191 251 151 255 87 80 255 23
    255 7 5 224 229 255 65 255 87 184 255 142 190 49 38 10 255 2 109 21
    191 63 26 255 4 255 211 255 255 74 40 171 255 67 229 69 4 234 40 100
    12 255 255 255 251 8 255 92 109 79 144 255 31 255 56 53 255 255 255
    227 161 145 255 255 234 197 138 255 146 255 194 255 109 255 255 255
    176 121 132 188 255 255 186 31 255 150 233 6 87 255 155 59 162 111
    148 255 255 115 211 255 97 255 255 232 249 255 255 255 255 54 69 101
    255 242 69 240 255 255 255 146 174 216 20 255 255 255 255 254 255
    255 112 255 11 255 255 255 255 0 255 166 70 255 255 255 255 30 255
    82 249 255 80 255 78 255 41 31 111 255 255 255 250 255 255 255 175
    255 255 202 29 198 255 255 255 178 255 49 148 255 175 255 255 247 5
    88 255 255 255 94 117 71 86 81 255 117 121 140 255 255 168 183 13 44
    255 79 92 48 255 201 91 94 113 234 106 255 255 255 235 255 142 253
    54 88 255 255 193 255 255 252 36 168 255 255 133 169 34 255 61 230
    196 255 255 240 106 255 255 90 0 201 128 255 102 218 182 255 255 255
    255 251 46 130 255 67 255 255 255 25 255 82 170 255 31 255 255 77
    255 5 255 212 184 255 77 193 255 255 124 191 214 168 255 25 255 103
    255 32 2 166 255 188 160 255 255 255 231 63 155 5 255 191 234 228
    224 255 63 96 255 255 178 79 46 255 153 255 152 14 255 20 198 193
    255 255 25 112 83 144 160 204 149 16 87 184 255 255 0 255 255 255
    255 69 255 224 251 255 28 255 255 255 56 255 56 243 101 255 255 255
    161 34 157 255 114 239 137 255 255 255 255 71 255 78 190 255 225 255
    206 182 111 96 168 230 222 255 255 255 87 203 255 255 119 74 49 255
    102 255 172 249 255 21 199 255 121 71 175 255 255 166 134 255 255
    255 89 150 255 56 114 255 40 45 255 255 16 27 255 245 255 5 255 46
    239 255 255 40 171 255 255 255 241 23 254 67 255 255 255 46 220 10
    255 76 255 255 40 184 112 29 255 255 130 255 255 41 8 245 14 119 255
    27 101 160 213 249 147 255 235 84 115 255 250 171 255 255 255 255
    204 255 195 163 255 161 194 255 78 247 255 255 255 209 84 250 94 23
    105 255 255 138 255 255 245 255 115 255 251 232 114 255 255 69 255
    255 255 255 255 255 38 255 161 216 255 148 255 255 109 63 255 170 67
    255 255 182 255 255 141 11 255 49 255 255 255 34 132 255 255 120 52
    255 255 255 255 255 79 255 255 255 255 107 255 255 178 255 255 255
    231 255 18 255 255 255 142 255 255 58 255 21 255 255 178 180 255 255
    255 224 81 255 134 110 23 205 100 255 255 186 108 255 51 255 255 226
    255 255 189 56 255 255 224 123 255 255 255 255 119 17 222 234 33 255
    27 78 153 141 235 255 255 255 255 255 128 255 255 255 127 18 247 255
    255 255 212 18 209 16 240 255 255 255 117 15 187 255 255 78 103 255
    182 88 255 182 88 59 255 109 234 151 255 216 243 170 255 155 255 255
    245 34 255 108 98 221 79 255 156 255 119 97 218 207 5 255 161 255
    142 255 96 255 255 44 255 255 255 157 44 44 126 54 161 255 255 208
    121 255 155 69 92 255 255 255 255 255 44 198 218 157 148 141 249 255
    255 255 216 255 255 87 206 124 255 45 218 74 193 235 21 238 255 255
    255 255 12 164 251 76 164 153 114 162 29 41 130 214 173 128 255 128
    255 19 255 255 255 254 249 255 96 69 188 46 255 247 74 255 255 56
    213 46 211 255 105 109 178 255 153 255 255 51 65 255 255 54 109 255
    132 117 56 222 170 255 255 255 255 255 172 255 255 230 229 255 228
    168 254 25 137 255 71 184 252 255 92 222 2 255 99 161 255 171 77 89
    180 27 76 198 255 255 225 255 255 255 255 204 182 255 201 255 21 138
    25 255 184 47 255 137 255 255 255 142 255 181 255 255 166 255 255
    255 255 255 255 255 61 255 255 255 212 255 209 255 245 186 79 173
    176 191 255 255 82 255 255 89 186 92 255 255 255 140 255 255 255 61
    86 64 255 255 255 123 52 255 18 255 244 32 153 143 249 161 124 4 255
    255 121 21 31 255 13 255 255 222 255 99 121 51 255 255 176 117 255
    74 243 63 208 70 255 89 215 255 217 255 207 245 220 10 178 108 255
    255 119 115 255 255 255 107 7 253 51 243 255 255 69 38 217 124 56
    191 162 80 21 255 255 237 255 138 255 200 92 255 7 142 255 255 255
    255 255 124 255 61 228 28 255 255 255 255 75 255 255 176 81 255 255
    180 255 255 255 255 121 255 206 31 232 13 71 255 255 121 7 150 31
    110 255 255 255 220 255 23 87 172 102 255 255 255 162 140 255 255
    201 186 255 255 255 38 255 147 255 239 76 255 98 255 255 255 12 132
    255 214 164 255 180 255 255 255 255 255 255 49 255 100 255 255 255
    255 255 255 255 255 255 108 255 219 255 128 175 255 255 255 254 153
    191 34 255 77 206 255 255 227 80 21 255 255 250 255 163 148 207 82
    124 144 178 244 255 255 120 213 251 255 255 161 196 255 167 255 255
    80 221 255 190 254 255 140 255 41 255 145 255 255 255 229 38 255 254
    151 247 255 56 74 255 255 255 255 255 255 255 255 255 255 255 165 65
    255 255 255 88 229 157 94 148 255 121 161 255 71 255 255 255 255 50
    191 147 85 90 255 141 255 56 27 159 255 79 235 255 255 10 127 255 94
    255 90 243 255 52 255 214 38 180 255 255 255 255 255 255 186 255 61
    201 153 96 143 255 255 255 99 255 255 254 176 66 54 44 33 171 255 66
    114 190 255 255 255 255 49 255 175 255 255 255 61 232 255 255 255 99
    255 136 119 255 255 43 171 255 171 243 255 99 63 255 64 227 130 133
    47 255 56 171 255 102 255 255 255 255 255 81 255 255 198 133 159 41
    206 2 255 255 255 41 144 117 255 255 255 77 195 255 161 255 255 255
    233 255 66 157 255 133 255 249 255 231 86 255 182 255 16 209 255 74
    171 234 255 123 101 222 255 121 255 255 124 255 255 255 255 16 142
    222 255 50 194 255 255 165 92 255 255 59 255 36 126 31 255 142 134
    255 255 255 35 255 255 255 255 88 255 224 255 255 255 230 51 175 255
    214 47 255 255 252 255 255 49 165 23 255 255 255 255 44 109 52 255
    211 255 117 255 255 255 61 40 255 117 180 11 99 175 255 255 110 255
    194 255 209 35 164 255 255 90 255 255 255 255 194 187 255 96 99 117
    56 255 241 189 189 255 117 255 124 61 255 255 244 182 54 255 255 216
    193 58 209 255 207 255 255 198 255 38 78 255 112 40 255 221 255 255
    255 255 255 184 255 255 212 240 134 255 222 36 224 117 19 255 220
    255 43 255 214 255 255 163 240 9 182 255 255 205 3 200 163 255 177
    255 31 240 255 255 74 239 255 209 255 255 255 255 255 32 253 255 255
    255 255 255 73 117 255 80 100 255 23 255 128 153 239 255 130 255 255
    255 110 255 255 8 255 50 255 255 255 255 114 255 184 103 75 109 255
    241 219 255 255 255 255 174 77 72 255 199 135 48 51 11 103 255 255
    255 255 255 255 133 255 78 255 255 36 194 133 161 163 78 78 219 87
    255 204 11 255 112 160 255 51 128 115 217 153 255 255 255 103 255
    114 119 59 178 228 224 255 13 96 4 255 254 126 21 255 255 255 255
    233 255 255 92 255 255 255 255 115 151 255 255 150 255 135 61 255
    168 218 255 255 255 255 135 255 75 255 23 6 53 177 168 255 40 193 99
    255 121 255 106 255 166 255 230 255 227 245 97 58 255 69 255 255 186
    11 255 119 238 27 255 255 82 7 141 230 255 96 50 184 255 142 255 255
    199 255 254 142 255 255 132 255 255 52 255 94 255 255 255 255 0 184
    245 79 70 255 255 255 255 255 225 255 16 255 228 255 255 255 255 142
    145 255 11 101 255 255 255 255 215 255 255 233 11 112 184 230 10 130
    255 124 255 6 59 255 255 255 255 199 66 112 255 0 123 149 255 69 255
    198 255 255 168 13 176 244 255 228 255 255 255 255 25 232 49 88 147
    255 195 255 255 220 109 31 255 255 74 255 224 255 70 255 255 255 149
    255 193 253 97 255 255 158 255 61 255 255 255 87 69 255 255 50 21
    255 255 119 208 177 50 138 85 10 255 11 138 255 255 255 242 255 255
    255 67 255 255 135 255 255 180 57 15 255 255 181 213 132 244 43 203
    255 11 255 224 255 251 191 50 178 189 215 255 56 180 255 21 255 249
    122 255 255 214 83 241 255 197 207 255 255 255 212 255 159 255 222
    65 255 83 136 184 168 255 255 238 2 91 233 25 20 255 247 212 255 255
    255 132 149 176 255 255 193 255 255 178 101 255 35 255 144 222 255
    117 82 255 255 35 148 255 255 220 255 255 255 214 255 72 255 77 255
    29 2 254 29 71 76 255 255 195 255 203 255 21 255 78 255 124 187 255
    255 255 255 201 220 255 255 255 44 53 49 163 234 105 224 255 108 255
    255 78 255 255 255 132 255 255 124 87 255 84 132 123 255 8 255 255
    128 117 255 156 255 255 155 157 255 255 255 211 255 115 255 255 255
    38 38 189 255 255 13 13 122 108 255 61 255 199 145 155 255 255 117
    147 255 255 144 255 255 255 255 255 255 255 245 255 255 255 255 255
    255 255 92 238 255 71 255 255 255 175 255 23 255 212 255 255 228 120
    54 203 30 200 234 255 175 255 28 61 255 255 4 255 255 128 178 255 85
    255 255 72 145 255 255 130 255 255 255 221 255 11 255 22 255 115 137
    38 255 255 255 255 242 255 140 255 33 255 255 255 63 255 255 46 236
    0 255 255 195 81 255 255 255 255 6 188 96 255 33 255 69 219 151 255
    133 96 255 158 139 255 255 130 234 255 50 255 255 255 255 0 255 25
    105 255 82 255 108 255 43 255 255 173 191 255 212 255 54 194 186 255
    165 255 212 156 255 115 232 255 222 46 249 255 255 255 255 255 216
    255 255 72 34 112 255 255 13 229 46 255 184 245 30 255 253 255 54 15
    255 31 190 33 78 29 255 255 165 102 255 253 255 255 199 217 40 255
    255 255 255 255 69 241 255 20 255 255 255 191 119 92 255 178 255 255
    211 49 255 46 255 255 16 255 255 128 255 255 152 255 255 135 202 255
    255 83 163 138 255 134 150 43 115 178 128 255 255 255 13 255 255 241
    255 78 255 51 191 222 255 255 186 226 255 147 255 97 174 255 23 216
    255 171 151 183 240 255 255 70 201 255 85 61 217 255 255 176 209 94
    58 255 123 16 189 67 255 255 255 191 251 255 255 133 168 255 22 255
    255 204 224 59 114 220 53 255 255 255 255 44 183 255 220 104 249 255
    84 0 117 137 101 255 188 85 255 255 175 255 255 255 109 107 255 255
    176 255 155 211 189 103 2 255 255 255 166 255 229 141 57 255 255 251
    114 255 205 125 63 255 13 40 255 255 255 27 255 255 98 255 99 255
    132 255 255 255 87 255 102 141 235 125 184 249 104 255 255 255 79
    121 176 255 255 105 255 255 234 255 255 255 255 10 212 255 155 124
    178 121 255 255 255 255 255 220 128 255 8 46 255 255 53 255 255 255
    255 255 255 255 92 222 255 251 198 34 255 252 14 255 156 255 255 12
    255 255 255 166 255 244 255 94 255 255 253 194 255 255 176 187 124
    255 255 59 250 65 147 255 255 145 81 255 195 255 229 255 203 72 78
    71 97 182 255 233 75 68 202 255 20 96 255 250 97 255 171 27 207 196
    193 186 56 255 255 183 70 195 189 255 255 72 56 255 35 202 144 99 90
    255 26 124 209 0 14 255 255 255 134 255 255 165 255 255 255 12 81
    176 217 254 255 13 175 10 79 166 255 255 236 243 196 229 255 255 255
    132 255 255 13 255 255 255 189 255 255 255 255 117 255 85 255 122
    255 255 145 255 255 245 103 255 138 159 212 152 255 255 66 255 128
    255 255 234 74 255 34 221 255 255 255 193 255 255 220 255 110 81 255
    255 151 255 226 255 230 77 242 255 84 197 255 255 16 255 255 16 255
    255 207 103 255 2 6 255 255 255 115 255 222 255 255 136 97 178 128
    255 255 255 71 9 255 255 70 203 255 255 255 255 218 203 255 255 255
    227 255 255 211 255 33 82 255 255 255 22 136 255 187 255 82 38 255
    138 220 255 120 255 142 135 255 61 255 255 132 84 255 255 255 20 255
    255 255 255 198 88 255 255 78 255 150 198 255 173 177 11 198 255 119
    252 255 255 255 255 255 142 162 255 30 233 255 41 255 255 255 124
    255 124 255 255 2 142 255 255 255 255 171 255 255 114 18 255 120 31
    234 201 240 255 255 255 178 234 184 25 77 121 88 255 79 230 147 255
    255 255 155 157 255 242 255 255 255 255 255 255 255 255 255 255 226
    255 255 255 189 255 255 74 255 135 255 255 81 255 255 255 67 119 255
    40 80 12 255 255 181 40 255 240 247 130 25 255 255 255 67 69 51 81
    255 155 204 188 255 133 36 74 65 75 81 255 255 125 255 178 255 88
    255 107 255 255 168 103 65 235 187 255 181 255 228 165 255 255 254
    144 224 231 130 255 171 236 52 211 182 67 255 255 255 255 255 38 255
    173 255 68 108 251 161 150 255 255 9 255 255 74 255 199 255 255 232
    186 126 249 255 255 255 146 255 142 159 255 31 255 174 255 255 241
    58 255 255 48 119 251 138 255 228 23 171 15 255 224 255 255 255 201
    255 255 153 178 94 10 222 173 255 176 54 25 255 9 255 255 114 255
    252 177 123 255 255 31 12 255 40 140 204 255 180 87 6 255 255 59 20
    236 103 255 87 255 163 171 255 209 150 80 77 255 245 255 175 255 148
    255 77 255 255 134 208 50 255 81 255 90 155 151 255 255 255 255 255
    255 232 8 74 23 38 52 255 252 0 255 227 96 255 212 255 255 255 38 29
    254 255 255 245 191 255 183 255 255 255 255 151 235 255 255 46 255
    195 242 255 255 255 255 255 255 255 42 61 255 59 199 175 255 255 255
    86 255 255 255 66 255 255 150 85 111 152 255 255 161 255 255 255 96
    52 122 255 255 255 255 255 69 110 234 255 255 255 20 255 255 255 211
    247 255 255 205 135 255 255 43 11 255 188 255 255 255 255 121 250 54
    121 56 255 19 252 255 40 48 255 29 255 88 255 255 204 149 13 186 255
    255 255 255 255 50 145 249 173 255 226 255 255 255 130 4 255 255 197
    217 255 186 255 211 255 255 162 159 203 255 209 20 255 255 56 255 59
    48 255 255 255 255 255 229 251 255 30 141 255 51 166 255 255 34 17
    219 216 255 214 255 255 198 189 88 122 209 255 165 255 255 63 72 245
    100 233 96 87 211 130 100 255 255 7 114 8 222 206 255 191 25 255 255
    255 234 10 255 255 76 139 94 255 47 224 255 255 165 255 59 255 153
    255 234 84 255 211 255 13 33 61 255 255 255 255 36 44 255 255 91 255
    247 63 255 255 206 105 255 209 255 186 89 255 255 8 56 182 255 255
    255 255 255 190 255 137 255 255 14 226 255 189 255 183 38 255 176
    255 255 158 255 101 20 54 6 114 255 255 255 56 255 255 238 82 119 11
    211 199 81 209 255 255 255 133 234 205 255 255 255 135 227 255 36 2
    255 171 255 216 26 255 255 0 31 134 2 110 255 132 20 255 255 45 52
    255 255 255 81 124 121 255 255 172 165 171 255 176 255 155 104 207
    251 0 255 191 209 255 255 255 29 56 255 225 153 2 108 168 255 233
    218 255 255 57 30 124 23 41 132 214 255 126 232 255 135 255 226 222
    23 208 126 255 252 255 121 244 255 126 255 255 255 59 255 33 44 69
    255 36 132 255 255 215 21 255 72 96 211 255 235 255 79 214 71 177
    255 255 255 255 255 105 255 204 247 255 196 255 46 33 2 255 255 32
    220 102 255 255 94 255 71 170 251 255 68 255 255 255 117 255 170 255
    195 81 105 123 175 255 255 255 76 29 255 197 255 183 255 100 72 54
    107 160 231 168 255 255 255 165 255 84 66 255 126 150 195 167 44 255
    255 250 255 216 72 166 73 48 255 255 198 255 180 124 189 255 128 238
    165 255 255 255 255 255 247 255 67 255 255 227 71 255 110 142 219
    106 220 7 255 75 102 234 255 255 255 109 255 23 255 25 103 255 255
    255 165 196 137 255 72 157 255 109 255 255 255 255 247 255 255 25 12
    94 174 127 18 147 255 255 78 161 124 255 133 112 128 102 69 255 235
    255 239 89 108 163 255 255 255 255 255 255 135 255 98 130 255 34 171
    173 255 255 255 255 117 252 255 193 255 54 76 151 255 255 43 255 132
    220 71 255 234 61 66 14 255 255 238 180 178 255 247 97 255 255 107
    233 255 255 255 255 130 255 247 255 255 174 255 255 201 255 255 255
    150 255 247 255 243 255 133 13 226 120 255 191 209 255 255 97 90 220
    255 169 155 235 255 255 2 252 228 255 121 255 255 168 98 255 255 8
    255 255 44 255 255 255 41 234 134 120 162 255 250 142 123 198 240
    214 255 92 255 255 255 228 189 191 232 255 119 255 105 243 21 23 54
    4 155 41 230 138 227 255 255 255 255 8 255 209 163 255 140 76 137
    255 44 255 255 188 171 23 255 29 239 255 255 211 255 193 255 255 182
    13 255 255 234 161 255 159 196 0 255 255 255 71 86 255 255 147 255
    255 71 173 255 203 215 36 56 255 57 255 4 255 255 255 255 46 78 216
    43 255 255 72 106 255 114 251 207 255 255 255 166 255 151 255 43 46
    234 254 147 255 255 209 35 155 40 231 153 123 255 255 77 255 254 255
    71 133 121 112 112 36 104 255 123 255 157 124 31 177 31 145 187 255
    255 168 138 247 90 226 199 255 201 87 225 255 145 121 0 104 255 218
    155 255 255 71 255 157 255 90 255 71 160 255 255 255 255 189 47 220
    255 101 255 255 255 182 72 164 255 255 38 255 245 11 255 249 117 255
    255 255 255 92 255 34 153 97 13 255 255 77 252 255 159 255 255 255
    232 255 255 255 41 167 158 255 144 255 171 144 255 169 82 255 38 255
    87 255 15 198 255 249 28 238 235 255 135 142 13 43 255 31 160 19 255
    159 25 122 255 57 49 255 255 255 255 216 133 157 255 2 52 214 255
    130 205 227 168 255 54 159 255 231 255 132 255 81 36 53 255 23 255
    186 249 255 61 144 61 187 220 61 187 255 255 255 255 255 255 255 255
    255 191 79 69 255 51 151 6 138 255 255 255 255 57 2 255 218 132 255
    255 109 16 48 255 255 71 170 255 186 56 32 255 255 139 255 255 255
    180 100 162 57 255 169 255 255 159 98 43 255 255 255 255 205 40 141
    80 33 240 255 155 11 31 168 36 78 231 255 186 56 117 255 133 255 255
    255 255 6 3 135 101 255 79 226 191 150 255 100 32 255 255 218 255
    163 225 255 255 255 42 221 187 255 255 234 228 68 255 8 175 164 255
    255 255 255 196 255 123 255 25 255 104 255 232 255 69 101 229 255 98
    193 255 255 255 137 255 255 255 255 140 255 255 255 255 218 255 255
    255 255 255 255 133 255 255 145 198 176 30 164 255 255 255 147 255
    135 255 92 255 201 255 168 214 128 255 174 25 191 255 221 255 255 51
    103 255 255 69 255 216 27 209 171 11 255 255 255 245 244 126 220 130
    160 77 8 255 255 142 255 255 178 255 57 255 255 69 255 255 255 82
    255 111 143 72 255 240 67 25 255 255 249 143 61 249 59 54 195 255
    255 255 255 255 8 255 56 184 255 255 255 252 254 4 255 31 167 255
    255 255 51 195 115 255 255 65 128 160 86 234 255 255 61 255 201 76
    81 161 193 96 255 255 99 255 255 189 31 74 255 255 255 92 255 255 67
    255 255 255 255 110 236 255 8 193 149 138 231 159 12 148 255 254 255
    255 137 255 255 255 4 255 180 255 255 255 255 142 255 255 25 26 215
    255 250 255 255 255 255 157 168 54 255 91 87 170 255 59 140 100 169
    34 160 49 50 38 211 207 122 255 222 208 20 255 255 255 88 74 255 33
    255 105 255 255 157 73 255 56 255 155 34 255 48 110 255 20 238 255
    211 139 255 168 255 255 87 132 134 255 191 255 81 180 100 255 74 255
    255 81 34 30 254 255 255 255 82 7 255 103 94 255 255 239 32 255 245
    255 232 255 255 170 217 255 255 255 255 170 255 255 220 143 144 255
    191 92 237 72 144 255 63 255 255 66 240 199 255 255 188 148 133 255
    255 255 255 255 255 255 30 255 165 255 255 255 201 202 255 255 150 2
    68 255 255 155 255 71 35 141 255 115 255 13 255 202 255 112 255 237
    199 255 249 16 255 243 255 70 255 199 255 255 231 220 13 104 85 46
    74 255 255 255 255 255 255 175 255 255 47 134 59 52 255 255 234 245
    255 88 255 143 4 255 158 255 243 255 126 216 13 252 255 249 255 84
    64 255 212 109 229 19 189 255 211 38 106 117 255 99 0 183 255 255
    181 101 134 105 175 255 128 255 255 255 157 255 99 255 195 231 255
    255 255 255 69 255 255 255 255 105 255 66 195 255 53 255 255 255 106
    255 51 139 255 173 20 255 255 5 13 255 56 167 255 255 255 252 59 132
    255 255 57 255 255 8 26 255 255 255 255 255 175 41 255 161 255 255
    120 255 255 255 49 73 255 65 255 255 204 44 255 182 255 21 255 48
    245 213 255 38 255 96 212 255 82 99 236 255 166 124 111 255 255 180
    120 31 170 255 2 6 59 255 255 86 255 255 49 255 44 63 255 255 255
    255 255 255 177 255 255 255 255 221 255 255 255 97 255 203 171 255
    97 255 17 194 255 255 217 255 255 0 255 255 36 255 34 130 88 52 56
    27 11 255 255 117 255 255 255 72 255 255 255 255 230 97 255 31 44
    255 255 229 255 159 125 255 182 255 36 207 43 255 36 64 255 255 255
    255 15 114 255 255 155 255 167 82 255 147 20 87 255 255 213 98 72
    255 255 255 200 31 255 255 65 255 255 255 255 168 255 16 99 255 2 97
    159 255 193 255 211 255 54 143 245 255 255 255 255 191 135 140 198
    255 123 255 255 101 255 47 94 160 255 13 255 255 255 204 255 48 186
    255 188 255 254 78 203 255 180 15 255 255 255 115 15 255 79 151 255
    255 228 153 180 255 64 247 255 145 139 255 255 11 249 120 255 11 84
    255 255 255 22 255 209 255 115 255 255 203 132 162 0 138 7 0 40 252
    113 255 177 255 178 255 184 255 178 8 239 191 34 94 211 255 255 27
    205 240 206 157 66 255 255 115 229 255 255 255 107 211 255 44 217
    255 186 176 135 255 109 29 255 166 112 255 31 166 165 161 115 19 255
    255 255 66 255 69 249 255 255 255 124 115 255 255 80 252 182 130 245
    255 2 255 255 65 255 255 255 69 126 84 255 14 101 255 255 255 255 29
    255 163 72 82 229 180 255 130 255 241 36 249 205 138 255 182 255 255
    255 255 255 178 191 225 255 214 189 73 255 7 33 255 255 255 216 255
    161 255 81 82 247 255 138 178 79 184 120 255 255 100 255 255 71 255
    255 15 255 255 199 7 255 165 117 255 255 255 111 252 255 255 255 148
    245 5 255 134 255 148 167 255 255 255 255 29 255 186 92 255 255 200
    255 255 255 255 41 108 255 58 240 255 69 255 38 135 195 94 109 150
    29 61 255 255 255 255 232 255 177 157 255 63 255 255 50 128 54 215
    149 115 255 255 140 255 255 255 56 92 96 255 132 36 255 107 219 133
    54 255 255 255 255 255 138 255 5 188 255 255 255 234 245 255 219 255
    57 255 255 239 255 255 255 8 255 216 183 47 180 255 255 56 221 34
    121 255 34 255 255 218 2 180 32 239 5 255 67 112 255 255 255 255 255
    8 255 142 161 123 255 44 255 241 255 255 23 245 255 255 255 178 216
    255 97 255 255 81 96 119 255 144 255 187 255 209 197 212 255 72 130
    20 255 255 255 76 44 56 18 255 176 255 255 7 255 27 168 255 212 105
    255 255 173 50 184 128 112 255 255 255 255 54 195 255 242 233 230
    170 164 255 183 255 255 255 0 255 10 242 46 255 85 73 255 11 31 224
    52 255 20 255 98 255 43 255 255 255 255 61 255 255 31 255 56 150 255
    255 194 255 255 206 189 46 255 255 188 28 255 255 140 45 197 20 20
    255 119 255 69 255 255 255 255 135 186 255 132 245 211 255 255 255
    255 188 255 255 255 38 20 96 13 255 50 12 128 255 82 180 21 255 255
    255 183 81 23 255 130 105 255 148 255 255 34 255 41 119 34 255 206
    100 175 255 255 163 255 255 199 114 33 255 206 255 255 169 67 252
    103 88 15 255 255 12 255 48 199 177 255 255 184 255 165 255 157 255
    162 255 128 255 255 54 255 255 255 251 119 10 255 195 209 255 96 255
    160 145 255 255 147 2 255 98 49 27 255 232 255 241 255 255 17 28 202
    54 255 255 255 69 36 163 222 97 234 43 225 255 245 255 11 255 135
    255 79 141 174 180 153 255 255 255 255 54 108 159 255 255 188 255
    255 239 140 70 255 112 141 255 234 103 255 245 255 255 255 255 153
    255 142 255 255 233 245 232 193 216 255 16 184 142 45 251 77 200 255
    89 215 255 239 255 243 219 255 255 49 240 40 173 255 255 66 25 151
    21 4 255 5 49 195 140 255 255 0 11 27 13 81 255 130 255 67 255 255
    88 255 175 255 255 153 130 46 193 96 255 255 29 231 88 98 255 236 86
    255 169 255 204 117 57 211 222 77 255 255 124 76 20 155 155 168 255
    201 255 255 255 106 255 240 70 255 72 255 255 255 255 163 255 189
    117 255 255 155 56 249 255 226 255 255 99 255 136 249 243 228 255
    255 201 255 99 255 115 255 142 143 255 255 255 94 178 255 233 31 21
    243 69 255 255 255 255 255 4 114 255 36 196 47 255 13 255 203 255
    112 255 255 255 123 184 144 255 255 177 255 255 255 82 255 251 255
    255 255 82 194 207 105 237 198 42 99 255 255 255 255 255 173 47 201
    28 255 255 255 40 142 71 173 184 214 255 255 160 255 182 79 255 4 0
    255 228 102 255 249 104 255 255 64 45 255 148 255 255 38 255 52 178
    255 255 229 105 101 227 81 255 92 255 19 255 255 8 255 255 10 165
    255 255 255 20 163 249 207 255 255 255 203 255 255 199 255 79 255
    142 114 255 216 255 255 61 255 92 82 103 255 143 255 130 2 11 255
    153 178 211 152 255 255 209 255 6 234 255 255 255 255 255 234 32 191
    255 101 109 237 114 255 255 160 255 49 72 178 255 184 100 255 255
    255 255 255 255 74 255 255 255 255 107 133 255 255 176 211 255 15
    255 115 255 52 255 199 225 78 222 2 255 15 22 46 201 204 255 254 126
    111 255 157 40 142 54 201 231 255 255 255 255 144 72 155 255 198 255
    255 255 255 0 21 255 255 10 177 255 255 255 80 46 103 6 255 255 255
    201 213 255 186 103 255 255 255 201 119 240 255 255 255 255 161 23
    113 255 153 207 255 255 255 212 255 255 153 255 46 165 50 27 255 236
    255 77 61 255 255 43 71 255 90 73 255 240 56 3 255 255 255 5 121 255
    255 255 117 255 251 25 222 255 255 243 255 125 255 255 255 255 251
    25 255 255 201 255 86 208 255 13 255 255 31 255 255 136 247 255 199
    255 153 27 84 14 255 255 43 255 110 58 255 255 148 255 255 79 255
    255 5 218 252 255 255 109 14 253 81 101 255 255 247 255 125 157 255
    110 2 255 142 144 249 94 255 17 49 115 159 255 255 212 20 252 255
    135 148 255 33 216 157 252 70 255 18 191 226 255 16 6 255 255 4 255
    74 255 255 255 255 72 247 255 71 255 255 247 207 255 89 187 255 255
    255 121 206 255 255 38 54 182 255 49 255 2 255 96 173 5 255 204 126
    255 35 142 255 239 255 212 255 155 255 255 255 255 86 160 207 183
    255 255 120 40 255 255 245 11 206 255 203 255 255 255 41 245 172 255
    9 255 87 255 42 115 255 23 191 255 59 255 238 255 168 255 182 132 29
    163 255 255 255 115 204 159 255 38 255 255 255 195 12 191 109 13 255
    226 255 255 65 255 255 138 89 255 188 48 187 255 255 63 255 71 255
    155 124 255 255 255 61 77 137 255 255 255 115 184 255 162 82 31 236
    255 33 255 92 77 255 21 61 255 255 255 4 255 255 255 255 33 255 48
    245 255 255 36 255 190 58 92 67 115 255 65 255 101 255 221 56 255
    255 255 29 155 255 121 255 255 40 255 255 255 128 255 90 196 168 255
    198 255 75 255 255 255 208 119 25 255 87 255 255 255 178 227 255 255
    133 166 176 13 36 255 255 255 86 161 255 255 86 255 170 184 255 255
    110 40 255 255 207 255 7 255 255 255 255 142 77 255 255 145 103 188
    255 255 255 18 245 207 10 87 138 255 255 255 46 255 96 255 255 255
    89 255 255 255 148 255 255 255 4 212 255 255 255 255 255 255 255 119
    109 213 255 255 255 255 224 36 255 255 67 228 255 255 255 180 236 4
    247 74 40 211 231 255 109 255 21 201 159 255 130 255 255 104 182 255
    255 157 0 255 169 241 255 238 232 43 41 243 104 249 255 56 255 255
    255 187 255 254 222 255 208 255 255 255 69 103 219 255 255 226 59
    182 255 61 212 16 255 67 255 255 224 255 67 176 143 32 140 255 255
    255 255 41 255 255 110 132 79 255 119 204 193 255 242 255 255 84 255
    232 49 126 255 255 137 8 255 255 145 68 255 255 255 255 8 255 255
    255 255 186 105 122 255 255 255 254 172 155 255 255 170 146 151 255
    79 159 255 255 239 166 222 255 255 255 42 247 133 255 59 155 255 107
    200 136 255 72 255 173 255 4 227 255 255 255 88 11 255 255 255 61 59
    73 255 255 123 255 139 8 18 236 255 86 255 255 255 227 234 255 255
    255 255 34 29 255 162 86 12 106 255 255 255 159 211 255 232 255 255
    33 255 162 255 133 255 8 199 255 188 239 197 80 244 255 172 194 0 84
    110 74 255 255 187 255 255 255 157 114 231 255 56 58 255 255 255 255
    28 99 61 255 255 207 181 255 247 255 255 232 255 88 2 255 198 155
    255 40 207 204 137 73 43 255 255 170 87 170 160 255 235 2 255 207
    242 255 255 97 255 255 43 92 255 191 101 255 18 255 255 255 85 255 7
    50 78 255 119 80 255 193 130 99 255 255 12 255 65 234 255 34 92 40
    255 5 255 255 235 255 174 66 247 176 175 255 255 160 255 73 255 177
    255 68 238 40 255 117 75 255 255 90 168 189 168 107 255 255 227 255
    255 64 90 255 255 141 197 115 59 255 44 150 159 110 220 255 82 153
    255 255 255 205 5 240 255 74 43 71 255 16 232 255 238 255 234 255
    255 166 249 111 224 255 247 255 255 255 206 45 21 255 255 255 208 58
    216 26 255 101 25 63 255 255 79 255 255 193 159 161 16 27 255 242 80
    79 255 255 125 222 178 171 126 255 35 255 255 255 141 48 170 255 69
    109 61 247 255 255 255 7 63 255 255 141 207 255 13 255 255 61 234
    137 59 255 165 14 82 74 245 176 255 29 249 33 59 103 186 166 255 255
    166 255 64 206 126 89 255 255 255 195 253 115 255 255 184 255 255 33
    255 255 36 182 255 255 255 195 77 151 191 216 7 255 255 255 113 255
    215 255 92 34 255 255 255 190 255 148 61 255 255 255 214 137 255 255
    63 197 255 206 84 255 41 255 255 99 255 255 255 180 102 78 255 231
    255 86 46 255 159 89 255 107 31 162 100 183 255 255 255 173 255 16
    96 255 165 76 117 255 142 255 198 206 255 255 255 255 152 121 105
    255 76 255 10 115 255 5 255 255 255 255 255 255 124 255 255 114 0
    250 255 98 15 255 255 255 187 119 255 13 255 255 255 77 255 13 203
    104 255 140 211 255 151 255 255 138 255 255 255 165 231 212 135 18
    255 255 184 50 59 255 255 61 243 199 221 255 255 48 255 33 255 204
    255 255 255 107 56 255 255 158 197 132 91 139 255 20 213 212 127 255
    255 255 255 255 239 211 255 199 61 8 183 255 255 212 76 255 148 34
    159 217 251 25 5 0 255 221 255 255 16 23 191 242 255 201 36 255 77
    168 23 180 186 153 115 255 29 149 173 139 255 255 255 71 255 54 255
    150 255 255 184 255 209 199 255 255 255 255 191 115 255 226 110 79
    211 148 36 211 20 178 255 64 255 235 250 65 255 48 193 255 0 115 255
    201 231 255 255 255 255 244 255 130 25 255 167 3 180 44 255 85 255
    170 255 103 155 255 255 255 255 255 255 255 255 178 255 255 189 11
    255 15 251 251 255 255 94 63 255 163 255 255 255 21 255 228 255 99
    255 255 87 255 255 43 255 254 177 255 211 123 255 239 255 205 152
    225 255 147 97 212 235 215 241 69 255 77 89 255 77 247 29 168 255
    242 228 198 255 253 255 255 255 255 198 255 125 7 255 255 255 255
    140 255 73 255 207 255 255 255 19 255 255 255 255 255 10 132 255 255
    72 255 167 255 213 255 156 255 42 112 255 255 71 142 180 255 25 52
    170 132 124 163 234 255 219 32 255 84 255 255 255 255 92 255 255 255
    30 32 136 199 255 59 227 14 255 244 177 100 255 65 255 255 255 255
    66 238 255 206 255 255 255 180 191 166 153 63 148 247 255 224 255 73
    43 255 224 227 255 197 135 255 255 255 255 255 148 255 255 79 173
    239 255 247 255 255 186 255 255 255 255 2 255 255 255 25 232 211 218
    163 196 213 243 91 34 253 255 99 168 255 90 255 255 255 255 130 61
    255 255 255 77 255 218 255 38 0 255 255 255 155 255 202 255 168 255
    168 191 255 46 87 193 205 156 255 226 231 40 163 255 69 147 255 90
    109 255 255 10 189 255 235 255 255 100 89 255 255 184 255 255 140
    255 255 36 255 255 244 22 36 184 94 161 79 255 128 254 255 255 155
    255 255 255 40 121 255 229 197 255 146 255 255 255 130 105 255 144
    175 169 255 165 255 255 38 52 255 203 255 142 15 105 255 125 18 132
    255 231 255 152 90 190 255 4 255 255 254 10 193 255 195 194 97 255
    255 255 151 3 92 255 186 16 255 255 114 255 8 255 255 30 255 21 137
    255 218 12 255 6 153 25 255 110 94 88 221 137 182 58 255 255 40 25
    33 77 169 199 255 2 255 254 255 2 255 255 69 255 227 255 161 123 255
    12 193 209 237 255 186 247 255 255 74 255 11 255 200 174 5 63 109
    255 255 255 74 70 197 255 251 255 194 255 255 252 216 54 201 153 216
    255 225 195 48 255 59 255 255 161 255 255 44 152 85 224 63 224 255
    255 255 214 221 255 255 226 255 255 221 38 211 255 97 255 255 255
    255 255 255 255 140 255 59 7 56 117 178 255 149 46 227 255 255 117
    235 8 34 255 255 213 255 40 151 255 255 197 180 184 243 147 161 255
    209 226 4 163 119 255 255 125 211 61 255 255 255 119 255 255 54 124
    255 250 128 255 255 255 255 117 255 255 255 56 255 255 155 209 255
    255 255 5 255 255 255 7 149 255 233 255 255 255 130 81 255 255 21 36
    255 255 150 168 255 225 199 255 81 255 209 216 255 35 255 86 8 255
    211 81 169 255 91 225 255 158 255 84 114 255 255 255 255 117 115 222
    255 38 255 140 255 255 124 13 148 214 255 255 255 255 110 255 16 255
    172 255 202 255 97 255 23 201 255 255 255 255 176 217 31 255 247 255
    255 43 255 82 63 47 255 184 79 36 255 220 255 255 255 255 255 255 6
    255 25 255 0 255 199 255 13 8 178 171 255 193 65 255 255 255 63 255
    225 103 255 255 2 3 255 36 255 45 155 102 255 165 196 222 255 168 27
    255 255 255 147 74 103 255 12 159 255 13 255 255 255 22 255 255 211
    168 255 187 63 206 78 153 171 255 255 44 0 140 165 52 255 255 255
    255 59 85 46 255 92 23 119 255 255 143 54 92 255 255 59 255 142 136
    10 115 163 214 150 255 255 255 255 255 255 123 255 255 228 255 249
    255 135 56 140 255 200 255 255 255 191 255 90 136 234 255 23 3 25
    226 255 255 230 33 255 255 255 255 245 82 255 255 132 255 255 91 255
    255 194 29 124 33 222 255 171 148 255 155 50 255 68 255 38 255 153
    255 255 87 65 33 182 19 212 255 176 240 202 123 158 90 19 255 78 50
    255 70 255 84 114 255 104 94 255 231 255 255 99 65 255 2 157 255 255
    255 255 48 255 255 255 255 255 155 215 255 255 255 191 35 255 214
    232 198 255 255 249 255 82 255 54 201 27 220 255 207 255 135 234 59
    255 115 255 255 255 23 143 108 255 227 137 255 255 255 255 255 220
    123 161 110 255 97 146 36 237 255 255 56 255 132 255 255 255 234 255
    119 237 234 212 124 255 8 49 255 255 239 242 255 2 251 234 255 59 6
    153 255 255 255 87 255 255 255 50 59 255 212 36 255 255 158 70 255
    255 63 255 33 255 255 255 50 255 255 23 255 91 233 130 212 255 88
    176 103 222 255 255 255 128 27 234 148 242 255 255 255 50 176 59 255
    152 255 126 115 215 197 255 255 255 40 187 255 71 255 255 33 180 67
    150 255 56 255 63 255 255 255 255 255 255 101 255 110 255 255 63 130
    7 204 255 255 255 174 92 255 255 102 255 6 255 255 255 168 255 255
    26 255 10 143 25 255 160 251 255 255 87 255 255 238 98 165 255 59
    255 173 255 240 255 115 255 255 255 171 255 247 91 211 255 222 171
    63 255 150 123 181 78 243 244 255 92 89 218 232 255 96 63 84 255 165
    255 88 255 152 255 130 255 153 130 255 97 255 204 255 73 148 11 255
    255 189 191 178 229 255 255 193 117 232 4 224 255 255 88 255 148 255
    12 255 255 255 255 121 255 9 239 203 38 214 115 229 48 81 5 255 54
    155 255 30 255 255 250 132 255 255 255 255 255 128 255 242 255 111
    69 130 255 221 155 170 255 255 34 255 99 218 255 255 249 168 169 10
    255 97 255 178 255 255 221 255 209 193 255 255 240 255 59 150 216
    172 36 67 255 184 255 255 150 14 19 66 255 130 165 255 126 224 16 48
    140 255 100 255 162 255 255 182 255 188 58 0 255 65 255 189 255 255
    255 255 255 13 255 255 18 215 109 255 255 255 53 124 255 247 255 140
    247 252 230 255 85 191 158 218 212 61 23 69 30 255 2 255 69 255 255
    255 147 255 255 65 209 40 255 66 255 251 82 255 2 255 255 19 255 255
    255 156 225 63 214 5 255 255 255 77 255 65 255 138 50 255 89 121 255
    255 238 255 255 255 247 229 103 255 36 255 255 176 255 255 99 87 188
    255 197 255 255 255 255 255 218 255 255 87 255 255 255 255 255 79
    182 255 255 80 255 34 191 96 200 255 135 255 255 199 255 255 255 255
    255 125 191 145 255 255 17 255 255 255 40 121 255 255 106 105 7 110
    255 117 255 237 171 255 101 255 255 255 184 197 161 255 255 255 84
    255 255 68 255 255 72 255 123 255 255 255 252 255 188 12 255 180 7
    168 255 255 255 0 163 162 255 124 193 107 254 255 255 69 255 255 255
    255 255 176 255 153 244 254 224 255 67 111 255 255 239 99 0 255 255
    255 255 193 115 124 189 255 153 227 255 255 122 227 36 255 11 27 255
    36 255 122 121 255 255 255 255 255 14 199 255 255 255 91 160 255 255
    255 255 255 255 36 69 255 255 0 255 138 124 255 255 150 255 255 255
    255 209 255 23 186 132 34 255 255 216 21 135 162 255 188 255 52 232
    255 201 196 117 157 153 255 69 109 114 255 255 29 255 26 209 193 221
    9 180 13 126 255 69 112 226 72 255 105 255 11 211 255 187 54 175 123
    255 255 38 163 20 202 134 255 255 57 229 41 222 255 135 255 255 76
    209 255 43 61 255 155 38 255 155 255 209 63 255 255 151 255 255 153
    25 201 238 255 84 204 255 255 92 255 209 255 255 255 255 255 229 197
    211 91 255 157 234 47 11 255 236 21 255 255 255 194 139 65 250 255
    46 100 101 197 249 255 136 255 255 255 132 45 193 133 247 101 255
    255 119 69 157 132 250 255 255 255 63 255 255 255 255 255 14 180 255
    175 255 255 255 255 255 255 255 255 255 255 255 255 180 44 215 255
    133 255 182 255 255 174 8 220 255 173 209 255 255 193 255 201 233
    255 40 94 255 18 255 255 255 231 86 255 18 255 63 157 241 216 255
    161 91 49 218 82 247 255 235 182 153 155 255 237 255 94 255 255 231
    17 255 255 255 255 255 255 168 255 255 196 255 243 209 87 65 158 105
    149 137 197 255 171 0 142 40 79 111 191 112 255 255 191 205 145 236
    190 196 54 199 211 58 44 255 200 31 255 255 107 44 106 255 133 255
    184 208 255 134 229 255 86 130 31 13 255 255 255 255 255 255 41 249
    197 168 227 255 255 255 255 255 255 48 255 255 124 255 49 113 79 255
    167 72 255 255 41 255 75 130 255 132 0 34 249 165 128 255 3 78 36 8
    255 103 87 255 255 255 22 140 180 124 54 226 255 239 255 112 50 255
    255 255 18 112 2 16 70 255 255 255 255 175 162 96 255 236 218 219
    255 115 135 255 255 175 255 255 255 255 255 255 255 255 212 85 103
    147 153 255 255 255 92 252 56 255 117 255 235 255 182 255 147 79 255
    242 255 197 84 101 109 165 255 214 40 255 19 208 255 255 16 36 255
    204 255 180 56 255 245 255 88 255 255 255 130 128 22 255 18 168 255
    255 59 255 158 114 232 255 114 163 255 255 255 183 74 255 255 255
    224 33 255 119 255 34 180 104 255 180 63 255 75 122 132 255 163 255
    255 49 50 255 183 255 255 66 255 255 255 234 113 255 225 6 198 255
    255 255 255 255 163 255 165 255 216 75 255 238 195 231 215 27 255
    255 255 255 197 191 128 99 86 255 193 209 255 255 255 168 255 251
    176 52 147 255 255 255 143 255 90 77 255 255 160 49 255 255 255 25
    255 255 255 255 255 255 240 36 255 255 22 255 255 36 149 170 255 29
    81 5 255 255 255 59 48 74 255 255 97 255 255 216 255 255 50 255 3
    255 255 59 23 94 255 178 255 184 255 226 36 255 255 193 255 255 54
    29 147 25 255 226 255 255 255 170 240 10 3 130 255 153 189 92 255
    255 255 247 255 255 255 162 255 43 115 255 249 222 42 255 117 234
    255 207 34 163 155 163 181 255 255 255 251 132 255 255 255 26 43 255
    156 255 155 53 34 255 255 255 191 255 139 255 181 255 255 2 38 255
    94 74 59 188 99 19 63 255 255 46 255 151 168 255 255 255 255 128 219
    255 255 178 211 226 89 255 255 160 29 203 255 231 100 250 255 255
    255 255 255 110 216 33 198 121 67 255 255 255 255 45 241 124 255 255
    7 206 255 255 255 255 255 52 255 216 166 59 44 254 255 255 255 167
    54 240 255 36 67 25 161 255 38 255 47 159 153 184 255 255 106 235
    127 2 255 255 255 71 112 247 255 255 206 255 255 255 69 115 255 255
    166 255 255 222 255 80 170 255 255 36 255 255 112 255 10 44 4 255
    255 255 145 255 255 38 255 255 100 122 105 214 100 255 73 46 14 255
    46 175 255 255 255 255 255 0 255 53 255 92 255 213 38 61 255 193 255
    32 255 255 255 255 255 123 255 178 83 50 43 236 255 255 255 255 255
    61 153 255 9 255 132 255 255 28 83 255 23 20 255 224 252 29 255 153
    197 158 198 71 255 255 255 255 198 197 21 255 255 107 5 96 229 99 92
    35 76 226 28 255 249 255 119 237 255 255 255 255 4 255 255 255 222
    255 255 255 255 255 170 203 255 191 199 63 255 165 38 255 255 255
    124 255 182 255 226 59 255 255 255 31 33 61 109 168 108 255 252 255
    255 255 255 255 160 133 44 255 245 255 109 78 255 255 206 220 86 234
    247 59 255 255 66 168 255 43 178 199 64 200 255 255 81 136 239 255
    144 255 49 249 99 236 21 71 255 222 56 22 216 255 255 255 221 255
    255 255 130 255 199 255 2 255 255 255 231 255 243 255 255 50 133 105
    172 150 255 255 79 177 253 165 197 255 201 255 255 255 255 255 255
    180 255 245 22 255 219 173 255 217 255 255 255 11 255 130 255 255
    176 88 184 255 58 255 255 254 255 255 103 255 255 18 255 74 249 255
    255 121 6 120 255 144 255 36 255 254 249 245 255 207 197 189 139 44
    255 255 174 203 255 140 31 255 132 165 255 255 227 191 96 255 105
    119 255 255 96 178 255 255 196 36 255 255 255 186 219 229 222 255
    106 224 100 108 230 12 128 27 255 69 255 143 52 255 91 255 255 152
    92 255 143 255 255 255 16 134 33 132 255 147 74 123 122 58 42 235
    255 255 255 9 21 255 255 255 102 209 255 255 255 159 54 135 67 255
    255 255 255 255 105 72 252 232 249 255 113 255 115 119 153 255 203
    255 40 255 13 255 255 255 65 255 255 255 255 255 222 6 255 255 255
    166 255 88 107 255 186 255 198 226 138 255 255 137 27 103 255 58 136
    226 72 212 128 173 255 255 5 255 86 236 138 235 218 190 255 255 52
    170 133 212 178 255 237 255 216 255 127 255 188 46 54 228 255 255
    255 255 240 17 255 255 73 255 255 255 165 255 255 255 153 15 25 61
    197 255 124 168 255 255 255 69 115 255 153 213 237 237 255 255 255
    233 255 76 255 144 133 186 203 255 255 142 211 206 147 40 255 255
    214 166 255 255 255 226 72 255 255 255 245 46 255 92 255 128 200 255
    255 85 69 255 255 167 255 255 119 255 72 255 255 255 31 194 142 255
    255 255 255 188 255 142 12 108 255 44 63 255 25 255 255 58 255 15
    237 50 255 143 233 255 255 255 255 255 234 255 255 52 50 255 18 59
    128 255 255 160 5 8 5 32 255 56 151 65 41 255 214 209 255 255 255
    141 255 209 255 212 94 146 190 198 45 255 255 255 255 255 2 6 255
    255 193 148 177 255 255 146 255 193 255 100 10 255 255 173 124 255
    112 255 255 255 254 140 255 255 67 255 255 253 255 255 255 255 166
    65 138 90 167 255 255 255 255 255 255 178 9 255 211 255 255 255 166
    255 43 255 0 255 255 255 115 255 100 255 5 255 212 255 255 175 56
    255 82 56 124 250 7 255 231 255 149 255 255 255 135 255 10 235 255
    165 255 137 21 25 242 101 226 255 123 245 255 255 133 106 65 255 255
    255 216 178 255 255 133 255 145 255 255 255 103 124 255 20 255 255
    63 255 255 22 255 184 255 136 255 251 228 89 255 255 255 255 255 127
    200 255 255 160 197 255 255 67 208 115 255 8 121 165 10 164 255 255
    255 78 91 224 82 194 52 218 249 202 255 23 255 255 86 255 142 214
    240 10 193 255 255 63 255 235 219 255 241 255 255 255 255 139 255
    152 124 255 86 236 54 0 115 176 15 141 255 0 255 180 211 72 255 255
    255 191 255 255 149 227 255 255 188 255 255 30 255 247 20 255 121
    203 22 255 255 121 255 104 255 119 43 224 82 255 63 255 23 255 132
    133 255 255 204 255 255 209 255 255 171 34 255 255 14 255 99 255 255
    234 182 255 255 5 255 235 247 13 15 27 167 40 220 96 255 29 84 217
    247 255 255 255 255 255 31 255 99 255 182 15 255 78 71 128 255 255
    255 255 128 255 113 191 254 176 255 255 255 3 255 255 3 255 222 54
    78 235 255 255 255 16 74 184 255 215 63 255 255 255 255 34 216 92
    255 255 255 255 195 219 105 255 7 233 168 137 255 101 255 255 88 240
    209 255 255 255 255 255 255 245 255 255 232 242 20 255 173 52 63 38
    255 255 255 175 59 255 255 69 255 255 109 255 96 61 163 34 255 255
    49 145 209 49 113 255 255 34 0 255 232 23 7 96 255 249 255 255 255
    255 209 213 255 255 216 107 69 207 255 16 202 255 3 255 255 255 211
    44 49 25 247 79 119 69 255 197 255 255 255 13 91 255 255 148 255 10
    255 200 239 242 255 207 255 255 255 255 255 134 135 242 255 189 243
    255 12 255 220 89 255 255 104 54 255 91 255 255 255 45 255 128 4 255
    211 255 255 216 255 255 114 99 255 219 18 255 33 155 182 94 255 168
    92 178 203 25 105 255 109 255 255 140 215 209 26 197 209 255 90 77
    227 255 205 255 40 119 255 242 92 255 186 255 110 255 255 155 175
    193 150 229 255 239 141 255 235 27 25 71 255 255 173 255 243 143 193
    65 119 186 247 28 142 190 38 11 255 51 255 155 255 197 136 255 255
    163 255 7 255 18 103 207 252 180 63 211 47 77 255 139 126 255 96 149
    110 215 255 255 255 255 255 222 52 54 247 168 255 255 255 109 255
    184 44 32 255 255 7 11 255 216 255 76 153 73 82 169 255 219 67 13 8
    112 255 255 255 232 206 255 172 163 211 251 13 157 13 255 141 255
    163 215 255 20 255 255 94 255 80 5 255 255 255 126 255 231 224 111
    255 255 100 255 224 255 255 45 255 255 171 19 232 13 255 222 106 48
    10 234 197 237 63 155 114 255 255 255 255 255 115 255 251 183 225
    255 255 195 98 255 123 255 252 255 255 255 29 255 245 114 255 255 11
    255 184 255 48 255 255 8 255 92 21 94 255 71 163 130 255 221 255 255
    255 14 6 92 255 180 255 255 255 58 255 255 53 34 255 255 110 214 28
    9 255 255 255 199 201 255 216 40 255 214 152 255 255 119 41 255 181
    247 6 109 255 63 255 255 255 198 209 255 255 81 178 255 255 255 255
    99 54 255 255 255 255 255 255 127 200 199 255 159 161 58 255 255 217
    255 105 249 255 34 255 211 255 255 38 113 254 255 69 120 16 255 255
    255 255 255 97 255 184 18 255 255 255 255 255 87 199 254 85 54 178
    16 222 186 193 111 36 164 255 68 255 255 255 162 31 255 255 222 255
    106 255 170 255 36 105 254 255 206 255 255 170 171 174 255 255 92
    170 255 255 255 139 27 142 255 255 201 211 243 63 169 220 206 213
    255 255 255 255 255 255 255 229 255 255 77 255 255 155 255 36 255
    211 111 25 132 88 255 255 178 186 222 255 255 56 190 255 177 255 229
    229 255 255 180 48 166 162 178 133 207 232 35 215 251 255 2 255 53
    255 255 255 63 255 66 255 255 255 160 255 255 119 255 140 50 255 155
    231 255 59 255 224 255 255 255 66 255 170 21 255 255 105 200 255 255
    45 13 255 97 255 168 255 255 255 255 145 255 255 255 184 255 255 5
    123 255 99 249 255 255 14 25 255 255 255 150 29 88 255 23 255 255
    169 130 59 193 255 171 255 255 255 213 255 204 128 255 255 106 61
    135 2 255 125 255 255 221 255 255 240 255 255 148 227 180 255 236
    255 100 121 255 240 255 239 247 49 255 212 255 98 13 2 255 255 110
    255 255 243 255 124 255 128 255 178 190 189 4 230 38 255 255 132 255
    255 135 146 255 63 255 75 140 255 255 53 160 255 33 255 209 170 207
    176 63 255 214 255 255 255 51 126 255 255 255 255 204 255 241 255
    255 255 138 139 255 255 255 115 255 255 255 255 162 255 140 67 237
    255 189 255 255 255 255 208 247 255 3 23 201 54 255 111 127 255 201
    255 189 255 8 255 190 249 255 86 183 255 205 255 255 163 255 115 214
    255 137 203 216 251 255 255 255 255 255 18 255 244 29 255 128 115
    255 189 252 4 96 254 149 201 14 255 180 49 255 255 132 25 99 182 255
    239 177 10 5 166 11 155 198 255 255 255 182 255 79 255 255 255 255
    104 255 107 44 22 237 84 43 255 46 153 54 227 195 255 255 150 36 166
    96 218 155 255 36 255 255 253 237 146 255 97 255 90 137 155 255 199
    76 255 255 34 163 255 18 255 199 166 255 199 255 255 137 236 255 255
    180 75 77 137 121 255 255 255 255 255 241 255 255 255 255 123 34 176
    224 10 224 255 255 158 255 255 140 90 255 69 234 84 255 255 4 255
    255 255 222 207 255 165 255 8 239 255 255 255 255 255 49 243 255 128
    255 255 152 85 255 235 162 33 0 90 255 16 74 255 255 255 255 255 88
    153 81 164 255 5 92 209 255 255 255 255 56 214 211 184 255 217 97 10
    255 45 130 43 16 255 255 255 216 255 157 96 105 87 205 161 182 29
    175 166 69 255 178 255 72 105 138 255 255 255 255 255 191 255 255
    255 255 47 255 255 49 19 255 249 249 166 157 255 255 255 153 255 255
    255 255 110 155 255 255 203 255 255 255 100 63 224 255 72 207 255
    132 255 89 255 255 255 255 251 175 255 255 255 255 237 255 255 216
    127 22 255 255 255 86 255 150 88 231 144 234 255 255 255 127 146 255
    38 162 255 20 146 255 107 255 255 255 141 255 237 255 255 255 255 94
    40 255 255 255 103 73 255 255 255 71 79 230 191 255 255 255 155 57
    79 34 255 211 171 255 255 132 170 120 103 255 216 189 255 196 132 82
    8 146 77 255 79 255 46 255 211 255 255 195 255 255 255 214 20 255 26
    175 119 150 255 132 122 255 50 94 50 255 255 255 255 196 255 255 166
    255 4 255 36 52 239 236 124 199 255 94 161 9 59 255 40 4 255 218 59
    255 255 124 244 255 255 255 213 207 204 255 255 255 70 40 255 255
    255 13 255 255 255 59 121 148 255 226 255 255 251 72 65 168 194 200
    90 41 255 255 196 186 255 183 255 214 255 83 255 130 182 111 255 229
    255 33 245 159 12 255 247 201 83 255 92 177 255 255 124 88 30 220
    255 125 32 255 255 255 255 255 255 255 255 215 255 255 18 161 133 96
    255 219 255 255 125 255 255 28 2 255 255 43 249 255 255 178 61 47
    255 5 128 255 99 255 255 148 255 167 255 255 255 239 115 159 26 202
    255 255 13 255 255 255 174 255 81 255 255 255 90 255 255 130 255 255
    251 46 255 255 53 255 54 255 213 255 255 255 255 255 255 23 255 255
    255 18 255 255 2 255 255 221 99 232 155 229 180 7 255 63 255 255 71
    122 255 255 31 61 255 189 255 105 255 157 67 2 96 132 140 255 140
    255 110 255 102 255 255 255 255 121 133 177 255 255 162 255 255 195
    193 5 50 255 7 255 255 156 99 255 153 242 92 28 76 29 148 252 195 41
    178 255 56 200 255 255 2 255 224 189 255 255 47 245 255 255 255 48 0
    255 133 101 255 86 18 21 255 115 255 255 112 253 31 133 255 226 197
    255 244 255 255 255 255 255 255 255 255 84 50 207 138 16 232 84 49
    255 255 255 255 255 255 255 232 189 94 120 255 165 51 200 17 255 255
    115 31 142 209 255 255 44 188 255 59 255 41 19 124 255 88 255 115
    243 255 128 255 135 233 59 33 255 151 255 255 255 69 255 40 142 255
    203 183 255 255 216 52 113 199 70 172 255 124 255 255 255 255 247
    255 255 255 220 78 255 255 255 31 27 11 115 108 255 189 255 255 255
    227 78 79 255 255 138 255 46 168 117 255 235 236 174 255 255 193 31
    255 255 255 255 255 120 255 190 214 137 255 155 128 255 206 56 105
    148 27 255 255 164 255 23 103 178 255 255 115 71 255 54 255 229 255
    147 99 255 255 255 136 137 173 255 255 130 255 23 137 214 186 255
    253 41 255 63 239 142 25 206 255 73 255 96 103 124 255 98 208 99 130
    255 110 218 56 255 101 184 130 186 255 255 255 189 105 241 61 255
    255 152 255 98 92 204 255 145 112 209 72 255 216 145 215 255 255 255
    190 43 255 149 163 255 255 25 255 255 21 255 94 229 126 237 127 255
    255 211 133 255 92 255 75 255 255 224 229 255 38 54 255 255 13 252
    255 193 112 255 255 124 182 193 255 0 77 255 255 107 124 255 237 251
    167 255 255 255 51 94 255 18 252 255 105 184 255 255 255 255 255 255
    255 138 255 255 255 128 11 161 249 159 227 255 115 255 255 163 255
    87 255 112 255 48 255 22 255 255 175 161 64 97 168 255 255 255 255
    182 6 209 255 253 69 255 255 15 255 255 255 231 255 142 85 255 0 45
    182 43 245 19 35 255 67 255 255 255 156 114 255 147 255 255 7 255
    255 3 255 255 46 169 151 54 255 50 184 255 92 224 255 255 46 255 255
    255 247 255 255 56 255 26 215 193 76 255 255 245 247 255 255 255 186
    255 247 255 178 220 255 48 255 255 255 255 100 91 255 98 124 115 6
    186 251 144 226 159 115 255 171 111 239 229 103 221 171 172 255 184
    255 124 255 86 255 255 75 255 117 255 255 236 255 255 231 255 247 70
    255 255 13 255 255 255 228 255 14 255 222 189 255 255 255 212 128
    255 98 255 144 255 135 255 255 255 225 249 255 255 255 66 215 191 94
    130 117 30 255 84 255 255 255 255 193 255 26 90 255 222 23 255 64
    224 255 211 255 140 255 74 255 125 209 255 255 38 207 127 162 182
    255 171 101 171 254 178 255 255 255 255 255 209 125 186 90 227 255
    71 255 87 255 249 255 216 102 255 84 152 255 255 128 255 126 255 180
    255 23 225 255 255 255 255 255 255 222 255 119 155 20 249 144 194
    255 255 36 255 145 38 162 255 255 56 255 255 251 255 132 207 178 54
    255 247 255 70 8 3 215 0 255 255 2 237 27 54 163 231 255 41 27 159
    26 195 255 87 119 255 255 255 255 21 255 69 86 255 84 155 54 203 84
    87 207 249 255 145 135 195 195 231 255 253 209 220 128 104 150 251
    91 114 255 109 255 255 109 126 255 255 255 255 35 255 255 124 254 2
    255 123 138 255 168 255 255 65 255 221 255 21 255 180 255 30 32 255
    76 255 241 212 2 57 255 123 255 254 255 245 28 233 23 176 128 255
    160 255 145 184 81 23 255 255 255 8 38 134 244 198 92 209 218 132 15
    254 255 255 157 255 255 171 168 209 146 255 255 255 27 166 157 255
    124 255 255 46 169 255 158 85 255 255 229 245 255 47 230 255 67 109
    255 255 234 21 65 255 161 255 255 227 255 255 140 74 80 125 255 255
    255 255 255 59 20 255 102 255 31 130 234 182 94 255 40 255 255 255
    255 255 235 104 233 255 255 255 203 28 173 111 255 173 159 13 186
    255 122 255 230 255 94 255 255 204 255 255 255 255 25 254 255 255
    255 38 255 195 29 255 255 222 186 255 234 209 106 255 191 252 126
    135 132 255 252 255 57 255 255 84 140 255 255 255 22 128 100 255 48
    255 255 10 117 255 255 124 240 255 217 255 19 255 252 128 255 255 10
    255 255 255 255 255 255 191 177 255 114 255 255 94 139 255 255 22
    255 91 255 255 255 255 255 79 49 255 255 224 65 148 124 255 44 255
    33 255 255 255 231 255 255 77 255 243 255 83 255 183 255 168 239 178
    247 171 255 57 89 197 255 255 255 121 180 61 100 255 255 255 255 103
    224 64 255 255 255 117 216 255 112 255 68 255 255 255 148 255 255
    255 239 137 255 214 255 9 29 255 146 197 255 255 121 255 234 255 211
    255 255 89 255 75 255 251 42 255 255 255 255 151 234 59 132 255 176
    5 167 255 168 153 242 255 8 178 255 255 33 148 2 242 255 255 120 231
    255 181 255 253 166 255 36 255 206 144 255 255 255 109 255 255 255
    255 212 0 255 255 209 255 255 170 255 255 255 106 255 61 254 33 255
    141 255 87 139 255 21 255 255 255 255 255 255 255 191 23 255 84 255
    255 255 255 255 255 255 252 147 137 70 232 255 220 111 239 255 235
    255 202 255 255 187 255 255 255 255 255 255 184 255 255 11 255 224
    255 124 132 255 209 4 170 132 255 255 255 255 19 255 216 255 41 72
    255 255 99 17 255 123 255 35 70 255 255 255 44 255 255 255 212 255
    255 112 34 0 64 67 255 178 255 105 140 224 92 208 255 75 23 255 165
    112 255 255 255 180 255 36 255 255 255 123 17 54 65 255 72 243 101
    125 83 255 216 78 197 216 255 255 255 148 255 91 169 255 21 255 255
    255 92 31 255 255 255 255 255 255 255 224 255 41 255 25 255 255 255
    124 216 63 255 18 84 138 255 180 161 255 255 127 255 255 15 96 170
    184 255 255 204 255 255 255 255 255 127 184 77 125 255 255 138 90
    255 46 255 255 247 94 44 255 213 255 255 126 65 128 242 119 249 160
    255 255 255 235 180 7 251 12 255 73 255 50 255 165 207 234 255 255
    255 168 209 255 127 29 128 255 255 255 5 171 255 229 47 255 104 169
    255 13 69 255 255 255 255 178 255 132 105 255 69 255 255 186 135 206
    184 255 255 98 255 29 239 109 123 222 255 255 216 193 255 109 227
    255 255 255 159 255 255 31 147 110 255 90 18 220 237 212 81 123 21
    31 255 234 255 255 74 186 249 255 255 255 255 255 255 219 27 255 127
    255 61 48 255 96 255 255 255 137 105 155 125 255 253 255 20 98 255
    94 255 255 255 92 2 197 255 58 255 255 94 255 224 255 255 255 255 52
    101 132 255 29 255 255 255 255 92 54 30 255 255 191 252 165 38 255
    255 255 94 159 198 155 38 255 159 255 189 184 90 145 255 255 135 255
    255 255 117 199 138 211 255 48 231 255 124 255 255 87 255 27 255 34
    119 46 255 124 54 222 255 94 255 142 255 255 255 166 255 105 152 255
    100 66 236 255 28 255 88 255 20 255 255 85 255 15 255 255 249 255
    255 245 216 86 255 255 255 40 43 255 0 255 255 255 135 167 255 40
    255 79 255 86 53 255 255 166 255 211 219 13 255 249 255 157 255 4
    255 28 157 255 255 0 255 239 128 255 247 255 103 30 255 255 21 255
    255 104 14 255 133 2 228 226 123 163 117 18 197 255 255 178 66 255
    199 107 255 77 255 255 255 107 255 255 59 255 255 193 255 255 255
    255 237 168 255 255 255 47 103 237 255 255 16 255 255 66 128 255 87
    255 65 150 0 98 255 171 255 53 255 255 130 255 73 44 13 255 51 144
    123 105 29 255 255 255 255 152 255 209 255 227 255 255 7 191 51 255
    188 255 23 255 242 255 230 255 255 255 77 255 255 216 56 255 13 255
    100 188 90 255 255 14 178 255 27 255 255 255 38 255 255 86 191 255
    255 44 255 23 255 40 57 168 65 52 255 255 255 175 123 255 255 124
    130 173 202 126 247 69 255 46 94 255 168 255 75 31 49 101 124 255 44
    255 255 255 255 255 136 255 164 255 12 7 201 35 119 88 232 255 255
    153 187 216 138 252 98 255 240 73 255 142 255 208 255 255 255 255
    255 148 227 255 12 252 251 12 182 105 132 83 255 217 255 163 46 175
    255 96 255 255 255 94 136 122 255 27 255 234 11 229 178 255 91 0 33
    255 255 255 255 178 255 59 27 255 204 220 191 33 175 117 161 255 31
    125 101 103 158 255 111 255 123 54 255 206 17 209 255 147 127 255
    255 255 251 25 254 255 201 255 112 40 255 7 147 137 103 167 255 20
    80 255 11 251 87 255 103 255 29 235 107 23 255 255 79 191 255 255 44
    255 255 73 216 255 255 166 255 71 191 255 255 61 255 255 219 146 255
    255 255 184 255 255 107 36 255 128 217 67 46 255 251 255 255 108 73
    68 22 255 249 255 255 61 0 255 255 198 255 193 198 255 255 255 84
    122 114 255 255 255 77 23 171 255 231 255 255 255 255 6 102 255 212
    26 255 115 135 157 255 222 240 255 13 224 255 255 112 249 119 255
    167 127 255 249 81 255 23 222 32 107 43 211 75 255 43 226 252 23 255
    255 137 57 255 255 92 58 255 255 12 255 17 255 153 176 30 255 211 87
    92 190 31 43 188 133 224 224 5 255 255 255 0 255 255 255 255 43 11
    25 44 155 255 138 255 255 35 40 255 31 255 123 124 255 147 125 255
    255 61 240 255 81 251 255 255 255 243 255 76 184 155 50 101 244 168
    255 181 255 255 255 148 90 255 255 255 255 81 255 107 220 255 196 87
    168 87 31 255 254 255 255 255 255 50 255 255 188 20 29 255 212 255
    119 255 193 180 255 218 255 117 255 199 255 255 77 255 18 255 155
    255 109 255 255 255 255 49 255 181 240 130 77 255 255 76 128 216 161
    137 98 237 130 255 212 255 107 51 255 117 209 255 237 255 70 224 26
    255 134 204 38 170 245 195 182 255 255 255 255 193 255 255 117 63 46
    151 98 255 38 255 255 249 255 255 255 255 76 63 255 255 240 255 180
    255 255 255 255 255 193 255 163 255 180 100 227 255 255 69 255 172
    255 255 247 255 255 121 255 58 130 186 255 255 140 255 182 255 240
    222 255 255 255 170 255 230 56 135 2 38 255 138 255 130 36 255 4 255
    255 255 21 30 255 161 115 255 255 15 169 234 255 255 123 255 25 142
    255 222 255 252 255 109 255 255 157 232 255 255 44 50 65 231 215 214
    227 175 237 64 34 255 252 255 57 255 255 161 255 255 255 130 18 165
    81 97 255 26 29 176 51 255 130 235 255 255 28 222 157 44 255 255 211
    177 255 56 255 34 255 255 255 176 41 255 122 255 15 23 255 197 217
    220 101 86 9 29 158 63 119 107 193 130 125 157 255 168 16 255 255
    255 255 255 79 255 255 255 255 255 255 140 117 255 121 163 5 255 255
    255 96 242 227 84 226 54 201 120 144 255 255 255 255 18 255 255 255
    255 255 173 255 255 255 114 101 255 171 255 255 72 78 31 255 255 250
    255 255 255 255 255 20 45 255 18 255 255 140 218 199 165 255 255 214
    88 255 143 164 255 208 255 255 28 255 61 0 255 255 255 255 255 137
    255 255 255 27 52 18 184 235 245 255 80 97 198 105 21 119 255 255
    182 57 35 245 212 152 255 255 255 255 109 105 85 209 255 255 255 96
    255 124 97 45 113 255 255 255 180 255 255 255 255 255 204 47 255 255
    137 218 234 110 249 155 126 255 255 92 255 86 195 255 255 177 255 89
    142 255 137 139 186 138 209 255 28 255 13 255 110 255 56 52 178 244
    255 216 255 220 193 161 155 255 84 41 255 117 76 255 255 130 255 255
    255 142 87 255 63 255 74 255 165 211 237 255 101 34 64 177 255 255
    171 255 94 255 193 173 227 255 30 255 255 255 255 40 204 252 149 255
    255 247 255 209 153 124 245 96 176 16 249 66 106 144 23 16 50 255
    207 255 255 255 255 255 218 255 48 255 255 46 229 121 229 151 212
    255 255 255 255 255 195 71 101 255 255 242 255 206 255 243 10 209
    109 229 255 232 119 233 165 255 123 255 2 43 255 255 32 88 255 0 190
    255 110 255 244 200 163 255 255 255 255 112 31 165 255 11 255 255
    255 255 255 255 163 155 220 30 255 255 255 50 255 216 255 255 125 74
    255 82 18 130 184 255 50 255 148 255 255 76 134 137 198 255 145 209
    50 7 114 255 94 61 132 255 255 8 112 255 50 30 56 255 124 207 145
    255 255 255 255 27 255 217 150 191 120 186 180 143 9 8 255 200 140
    74 155 255 255 255 165 0 251 255 53 233 145 63 255 255 255 255 0 56
    247 255 74 157 255 137 255 255 51 255 119 71 255 56 255 193 161 242
    255 176 186 238 161 255 255 119 175 216 109 255 255 243 255 255 255
    204 255 132 255 61 73 255 255 255 239 76 107 255 255 255 120 255 255
    229 231 255 255 216 255 255 59 234 87 255 212 255 218 54 255 180 42
    18 2 255 61 151 255 196 97 255 255 255 255 255 255 56 160 233 255
    255 255 255 255 255 138 255 255 224 23 159 255 255 255 218 48 255
    255 255 255 255 255 255 255 208 229 111 250 191 90 255 255 255 86 14
    255 26 255 255 255 255 255 158 160 255 61 50 140 255 40 84 15 255
    172 104 144 10 255 178 31 255 255 65 255 178 255 89 135 46 221 16
    255 245 159 34 255 119 255 69 105 31 255 255 11 188 159 255 255 255
    255 255 255 255 229 255 218 255 255 255 255 255 255 196 135 255 28
    168 222 13 59 237 255 159 174 181 255 255 81 59 98 150 103 211 255
    255 121 194 160 255 255 112 8 163 255 255 69 255 42 255 255 6 255 41
    21 128 52 75 102 255 6 255 169 255 255 255 255 255 255 237 44 119
    255 138 65 255 12 227 255 255 41 94 71 255 216 255 254 180 255 76
    255 255 255 212 255 255 255 255 255 255 242 160 86 3 255 255 255 255
    255 133 92 205 115 63 255 44 255 255 84 255 255 33 204 130 255 78
    255 255 209 124 240 255 111 21 255 197 255 81 109 199 255 255 44 255
    214 175 186 2 119 114 86 244 255 255 133 255 255 255 255 193 235 87
    253 15 255 190 255 164 255 255 251 46 255 142 6 255 233 241 255 220
    134 124 72 84 110 72 78 46 249 220 204 255 203 255 255 163 226 25
    255 255 133 13 31 255 255 23 255 255 255 70 115 255 76 33 114 255 36
    18 81 48 56 101 96 161 255 101 189 81 255 99 255 145 222 251 255 64
    255 255 255 255 176 102 255 57 255 255 255 191 146 157 255 255 255
    235 9 255 255 49 255 255 97 50 255 101 222 255 224 34 255 255 61 255
    255 255 161 83 255 255 255 69 255 189 159 186 255 168 127 153 140
    255 166 255 25 132 255 168 32 255 170 255 182 120 157 42 255 255 50
    115 155 34 77 169 40 135 34 255 254 114 255 41 255 209 255 233 255
    77 204 255 41 255 151 255 255 255 82 157 255 255 240 255 15 255 159
    110 255 255 255 255 48 255 255 255 86 36 48 221 255 69 255 87 165 74
    238 2 255 255 151 255 255 21 255 255 255 36 255 255 58 177 255 15
    255 255 115 146 10 49 255 255 23 255 230 255 207 100 209 233 255 21
    255 103 143 124 209 255 195 159 255 20 255 176 255 182 255 160 255
    204 255 207 255 40 255 254 255 4 41 255 132 255 255 255 255 255 255
    161 255 255 125 252 255 63 224 255 255 132 255 198 255 255 255 255
    109 255 255 168 214 13 40 255 255 88 255 255 211 255 245 255 51 14
    54 33 255 172 21 92 123 56 255 255 115 255 132 255 255 255 135 96
    255 69 54 255 255 255 107 124 119 235 255 49 255 61 255 255 229 224
    255 255 126 255 255 255 180 193 242 255 255 81 73 77 69 237 30 162
    218 86 255 101 49 159 255 222 249 61 255 40 255 255 43 188 54 16 255
    255 133 167 255 255 255 217 153 90 214 242 255 138 13 46 255 186 255
    255 255 255 12 85 40 48 255 255 227 255 255 249 211 168 255 255 255
    87 255 40 255 255 145 255 213 10 255 182 38 84 4 255 203 211 178 255
    74 255 255 105 151 147 255 211 56 255 255 87 92 255 250 255 255 23
    255 255 255 114 255 227 169 190 153 106 255 255 255 232 43 85 255
    232 40 255 255 255 255 255 23 44 178 59 211 7 251 105 68 255 255 255
    255 136 199 255 11 255 255 105 255 255 241 255 11 255 255 255 226
    255 255 17 168 255 234 229 255 86 130 58 255 255 198 149 255 255 255
    82 255 255 181 146 255 160 121 11 135 255 191 242 255 100 46 231 71
    255 36 88 89 36 255 204 255 52 255 59 255 184 255 255 51 255 191 255
    255 149 171 130 23 250 218 128 198 255 255 255 4 232 96 141 255 63
    255 161 255 72 142 68 255 255 255 252 180 255 97 255 216 238 255 110
    255 255 36 146 121 46 23 174 254 255 255 255 255 214 239 255 255 255
    255 75 255 255 57 255 112 255 173 155 255 84 255 255 130 240 255 255
    128 255 255 173 255 173 255 234 222 27 142 255 5 255 54 137 255 255
    255 193 255 70 255 255 124 255 255 76 222 235 23 255 31 255 6 255
    157 255 255 124 188 63 255 140 214 255 255 255 229 190 255 255 21 63
    255 255 184 255 255 87 234 186 255 69 255 255 184 237 255 79 255 152
    187 90 255 255 255 255 227 255 114 255 255 124 182 78 44 45 54 212
    148 255 249 184 190 255 255 80 255 255 255 100 243 209 28 255 255
    255 168 255 255 164 255 255 249 255 99 47 191 13 236 255 109 177 203
    147 255 255 255 225 255 255 255 255 184 255 255 255 99 241 86 255 80
    92 255 157 255 49 255 255 197 27 81 255 255 36 32 255 255 255 84 255
    74 255 97 204 255 255 255 255 64 142 255 102 255 105 255 255 255 48
    216 255 31 234 195 125 65 247 147 255 98 79 177 180 242 222 46 247
    52 80 188 233 255 255 198 113 147 255 178 255 255 105 147 4 255 196
    47 186 38 133 255 255 25 232 96 74 255 255 255 234 120 255 255 148
    175 255 58 255 10 214 139 255 142 255 34 255 218 36 234 148 138 191
    220 255 244 213 255 255 110 4 153 220 71 255 38 128 255 187 255 255
    255 159 120 182 31 255 197 255 255 255 78 166 114 255 38 187 255 66
    255 255 234 255 178 255 40 255 175 236 107 249 27 255 255 159 149 10
    209 8 255 43 111 208 141 255 255 255 190 255 255 255 255 67 101 242
    225 92 216 169 188 71 178 4 255 38 205 175 255 42 255 255 140 255 47
    255 61 32 255 239 150 255 255 204 36 255 255 255 255 159 255 255 255
    38 100 255 119 96 255 220 255 255 255 255 78 255 86 255 232 235 216
    255 31 255 144 255 255 255 208 151 255 255 227 255 153 171 153 255
    119 255 35 255 255 8 209 255 255 255 255 255 243 255 69 255 130 199
    79 117 255 115 255 255 255 255 31 76 255 255 252 255 255 240 255 240
    146 255 180 187 140 255 222 245 10 59 237 255 255 197 255 255 218 49
    169 255 221 255 71 242 16 255 86 236 195 163 255 255 48 202 255 255
    255 48 156 11 255 221 96 96 40 7 10 191 114 255 156 255 255 94 255
    253 199 7 220 232 255 255 255 255 255 255 141 224 255 202 255 196 83
    100 255 255 255 150 255 255 66 245 103 13 255 103 255 106 57 173 150
    255 255 255 98 114 249 255 119 213 255 212 255 36 255 38 255 255 105
    255 204 255 255 255 197 234 76 43 255 133 247 203 212 255 98 255 94
    84 115 65 255 56 255 255 26 43 255 255 115 224 176 255 25 153 255
    255 255 255 255 114 202 255 112 255 255 255 11 255 255 180 255 255
    169 234 196 5 255 255 94 59 26 255 147 255 255 90 255 255 255 252
    146 11 100 31 255 255 255 255 250 255 255 198 83 255 46 159 176 255
    148 255 21 63 255 48 220 255 255 59 184 180 255 4 189 255 101 255
    202 123 12 220 255 255 238 255 21 255 174 188 11 255 255 255 21 12
    34 243 89 9 255 255 255 255 212 255 255 13 0 255 255 255 211 255 255
    220 20 255 243 81 249 255 255 255 255 145 255 17 255 252 109 102 85
    255 183 222 199 216 202 255 221 20 247 255 255 224 255 9 115 186 20
    255 120 200 226 255 4 255 117 240 255 255 166 220 84 255 255 193 255
    255 171 175 96 255 236 211 255 108 115 156 255 255 58 255 255 109
    184 255 255 255 255 255 255 255 255 135 255 53 216 255 170 255 255
    255 106 255 255 207 103 255 255 255 237 130 245 255 255 180 51 72
    255 147 255 255 255 130 255 255 191 243 153 255 255 79 187 0 252 255
    255 199 255 17 255 139 145 255 142 205 255 252 255 180 255 255 130
    245 214 255 87 255 89 211 65 242 255 255 114 255 17 166 255 82 255
    103 73 44 255 255 114 255 65 255 255 255 255 126 255 255 255 96 64
    255 255 255 162 78 255 255 44 44 249 251 94 255 255 147 160 113 221
    255 255 219 2 255 59 255 44 221 255 255 255 178 184 255 255 157 255
    137 255 158 117 42 211 180 255 255 255 132 155 32 255 255 255 84 247
    114 255 255 4 54 117 25 88 255 132 255 255 197 255 87 255 255 99 202
    255 255 189 255 255 255 138 239 255 255 255 245 232 94 255 220 229
    255 147 43 252 255 255 114 180 255 255 195 255 56 255 242 13 255 255
    168 255 255 255 188 3 255 153 142 133 27 104 88 255 255 255 255 255
    255 59 208 209 61 63 96 255 56 255 255 255 13 255 138 52 255 176 255
    228 86 34 90 255 5 255 31 255 255 255 32 103 21 255 255 28 50 255
    114 148 255 133 255 255 255 255 255 255 255 255 3 74 153 255 255 255
    209 255 255 153 200 255 117 255 255 209 255 255 255 189 178 82 255
    255 255 255 255 255 169 255 148 255 237 171 255 151 114 255 255 3
    105 255 242 88 40 170 146 255 193 255 140 255 255 255 112 103 255
    255 238 0 255 255 48 211 255 255 104 168 255 255 255 255 102 255 255
    255 85 255 255 63 255 255 202 255 196 255 255 216 255 255 0 255 86
    94 255 255 112 255 255 255 220 255 255 255 10 25 255 255 125 255 255
    255 157 255 255 204 161 23 255 255 255 61 255 147 255 255 255 255
    255 255 255 27 255 173 144 61 255 255 255 63 86 255 255 247 255 255
    255 153 255 155 132 255 230 107 240 61 255 255 101 255 238 48 181 81
    255 255 255 142 227 255 92 255 72 165 180 2 84 20 189 94 255 255 10
    76 94 220 170 94 255 247 7 255 77 255 255 138 204 84 181 229 255 23
    233 151 71 144 86 219 144 230 189 189 226 214 255 188 158 255 214
    255 65 82 114 177 19 255 16 255 94 255 63 240 255 224 254 255 193
    255 255 199 13 11 149 168 255 255 255 255 159 255 227 234 255 255
    184 255 87 199 86 255 255 138 254 255 255 255 255 183 255 255 23 255
    170 152 99 255 21 193 255 255 255 29 127 255 255 63 110 56 7 255 255
    255 255 96 40 180 33 13 255 255 250 52 255 235 227 255 255 255 218
    41 255 255 112 255 159 255 146 167 255 255 77 255 123 105 128 247
    255 77 189 255 72 255 237 163 255 255 191 255 48 209 34 216 242 255
    27 163 191 255 79 255 255 255 197 255 130 255 98 133 255 255 119 150
    197 184 49 126 36 90 255 255 34 203 160 255 207 255 255 255 12 132
    255 145 255 255 10 108 255 255 255 34 76 255 255 44 144 255 58 255
    163 124 255 105 255 148 92 255 247 21 255 255 140 255 255 255 125
    123 255 255 7 71 244 255 130 181 200 255 77 247 128 175 255 184 255
    133 255 5 206 186 18 255 255 255 255 255 114 213 255 186 255 255 247
    255 209 255 40 255 35 234 255 255 59 255 255 255 255 237 25 50 255
    255 84 133 175 255 175 114 243 255 255 82 255 236 174 23 43 73 250
    150 255 255 231 255 64 9 218 130 254 255 199 2 145 180 155 168 28 43
    255 168 255 54 255 255 255 122 202 19 255 225 255 153 215 80 97 231
    161 40 255 255 247 231 255 255 7 130 91 255 50 16 76 199 63 92 255
    255 255 101 255 61 19 255 255 11 115 255 255 255 255 255 53 67 255
    255 255 255 255 177 232 255 255 151 255 41 255 176 36 255 255 255
    234 255 255 54 25 255 109 168 255 46 255 4 255 110 108 25 255 5 255
    255 191 255 38 255 13 140 255 255 53 41 157 255 255 168 255 45 255
    176 40 44 44 45 255 255 255 255 255 103 255 153 216 4 224 22 237 74
    255 145 234 255 151 41 29 255 59 255 255 176 255 255 231 40 255 255
    195 174 255 83 23 212 255 255 255 255 255 255 255 255 130 255 255
    150 0 247 204 103 209 91 255 237 44 76 255 18 255 75 176 14 255 255
    56 23 86 105 255 54 25</data></your_img>
</opencv_storage>
