<?xml version="1.0"?>
<opencv_storage>
<L2_diff>4.7574709668057885e+03</L2_diff>
<test_img type_id="opencv-matrix">
  <rows>100</rows>
  <cols>100</cols>
  <dt>"3u"</dt>
  <data>
    95 251 24 234 133 141 15 106 109 32 19 183 55 191 245 133 24 153 156
    76 123 127 33 252 74 56 43 159 44 178 41 109 119 65 181 118 191 255
    137 137 105 214 104 40 7 185 57 32 107 128 183 12 25 75 105 215 117
    132 163 225 145 194 74 206 132 243 166 44 218 15 57 228 200 182 78
    61 129 69 74 110 51 9 250 85 69 87 211 35 103 154 91 198 111 120 96
    22 50 124 2 26 6 47 33 16 57 1 46 242 47 59 240 212 8 5 175 59 38
    189 61 207 133 105 201 142 205 173 94 16 10 138 210 40 101 8 241 187
    70 116 26 158 228 165 121 139 57 109 84 202 212 176 208 45 37 199
    232 38 213 153 163 144 148 132 7 68 6 183 62 29 215 152 172 129 115
    28 30 209 50 229 57 182 211 60 252 35 6 46 2 4 40 98 65 70 60 104 62
    243 179 2 164 173 110 3 97 51 116 141 145 150 155 22 194 140 40 28
    122 216 174 113 255 227 223 159 174 12 233 101 158 67 220 100 60 190
    117 53 19 253 188 241 176 136 196 106 18 87 68 58 203 48 78 249 163
    10 98 220 83 237 207 253 239 233 8 248 155 214 193 50 213 95 59 218
    143 118 4 155 118 124 214 80 137 51 223 161 251 202 192 88 72 77 196
    190 59 155 86 120 72 72 236 69 16 93 152 25 217 8 175 150 7 52 123
    17 55 157 198 123 162 23 11 174 100 160 119 79 221 198 20 95 50 204
    41 21 128 251 26 10 74 14 86 205 20 209 229 138 61 28 223 231 56 184
    86 232 39 103 66 19 55 166 98 122 223 219 87 48 91 178 4 120 225 61
    110 188 40 178 253 164 137 225 95 220 52 105 172 136 95 171 234 28
    239 75 90 154 74 227 191 70 99 48 72 45 166 149 128 196 164 47 168
    54 11 129 231 132 30 194 167 86 146 92 226 152 144 12 154 14 40 82
    145 80 75 135 115 94 115 4 107 159 135 243 202 120 152 221 234 132
    136 244 104 66 52 149 6 157 113 14 39 6 83 133 48 246 57 170 216 158
    145 167 13 9 88 216 13 241 161 243 163 75 137 224 254 49 251 78 218
    199 99 113 82 3 108 175 59 148 163 78 248 173 87 161 247 163 253 145
    45 208 142 8 128 101 186 240 32 239 84 127 148 228 26 148 153 248 87
    75 84 154 216 235 232 99 224 157 29 218 50 44 56 52 145 194 25 231
    129 5 146 137 69 71 174 10 48 253 192 183 240 237 158 168 59 144 121
    204 39 42 143 73 69 31 198 42 57 207 36 27 211 168 20 172 140 146 87
    196 172 124 106 224 50 214 24 255 193 109 186 145 216 37 152 187 5
    178 12 72 224 186 123 22 53 16 24 253 64 143 13 156 9 83 27 141 214
    127 184 210 29 41 36 227 230 186 201 221 150 132 5 88 94 135 121 90
    135 199 149 61 82 34 248 141 46 102 221 158 8 80 39 18 63 9 130 245
    176 77 195 64 208 219 14 155 129 66 147 164 160 69 148 76 150 0 175
    22 109 161 60 79 171 155 157 242 162 144 70 177 199 13 211 169 214
    191 115 24 89 194 13 226 67 50 79 74 187 44 58 169 60 47 166 141 118
    78 160 48 17 195 0 13 240 135 205 117 144 20 69 22 120 196 82 151 57
    132 86 154 119 219 71 209 189 158 160 214 163 184 29 115 181 253 205
    37 202 51 85 90 253 13 186 13 248 74 137 93 86 121 178 127 245 40
    195 136 112 220 149 184 253 216 72 110 185 50 4 172 7 103 64 118 254
    99 227 79 84 205 186 44 4 146 215 49 88 74 63 74 57 28 54 28 140 215
    13 121 10 247 180 219 112 230 115 129 58 6 66 235 27 1 203 238 89
    178 34 39 228 43 202 245 92 48 238 155 244 45 254 40 83 130 244 43
    44 147 32 232 37 132 163 172 214 128 177 56 104 241 212 135 125 164
    62 7 179 175 137 152 143 144 102 224 176 25 5 29 249 252 12 199 24
    77 193 97 53 41 75 140 37 146 181 102 35 145 194 145 93 136 240 242
    129 222 92 182 82 191 0 175 41 78 9 86 213 246 97 147 157 84 33 14
    97 106 148 234 109 116 130 194 150 143 107 46 1 40 67 203 145 164 90
    230 148 227 248 201 161 248 135 100 37 24 240 109 169 221 78 79 156
    211 255 71 235 161 31 63 253 220 128 121 242 190 247 75 65 247 229
    169 224 155 67 172 153 143 204 224 67 237 56 25 10 2 117 37 2 87 71
    255 86 204 63 13 247 142 57 193 109 48 43 82 172 165 156 39 13 44 50
    213 224 78 155 80 64 25 111 5 18 226 116 63 176 156 129 71 50 32 129
    55 78 220 35 188 124 154 157 52 224 79 219 219 140 115 154 65 224
    140 94 47 20 255 233 84 217 5 164 34 5 219 105 195 160 246 167 113
    19 113 206 211 247 158 174 197 239 41 121 116 201 44 118 1 91 178 88
    240 150 0 64 190 115 119 181 140 106 63 18 50 244 26 197 214 211 124
    185 207 242 152 181 200 99 175 58 238 95 193 28 212 57 33 76 237 177
    183 137 232 163 33 22 234 44 87 123 196 80 210 90 86 241 73 25 127
    234 115 161 188 42 253 247 127 164 62 216 154 50 203 31 115 194 25
    72 210 201 85 40 207 230 254 32 81 41 69 89 65 11 156 254 30 174 2
    94 250 156 184 149 121 175 154 106 39 144 221 243 210 245 95 222 184
    213 248 166 249 134 74 112 154 247 76 70 142 58 140 14 141 43 61 9
    95 173 9 98 135 14 195 77 137 108 135 50 131 111 98 17 35 184 52 73
    88 100 189 136 29 38 217 205 217 8 245 1 122 152 2 3 102 255 252 214
    127 174 171 233 207 64 235 78 200 193 201 108 6 91 145 2 179 67 217
    239 239 80 53 119 45 115 200 161 103 17 11 58 133 193 100 57 60 22
    202 228 208 227 233 230 232 193 72 230 166 12 216 121 84 49 126 27
    216 224 212 217 234 94 21 133 158 92 92 85 222 95 92 105 38 53 23
    209 217 88 251 110 145 164 86 105 135 121 84 2 198 248 170 216 39
    179 222 159 107 91 175 14 100 70 144 37 78 239 180 131 70 148 59 182
    10 193 156 245 49 63 243 24 133 22 44 254 237 34 91 117 65 169 221
    250 52 24 233 149 153 231 135 71 201 36 229 33 85 137 1 251 117 156
    244 170 24 255 65 18 216 138 233 232 221 104 173 230 183 121 146 218
    167 161 132 74 11 234 190 151 128 85 239 74 107 92 16 25 230 101 96
    253 60 251 19 41 206 35 104 62 62 151 113 61 225 56 179 216 7 125
    243 248 80 222 184 65 123 36 75 54 24 91 11 144 198 19 58 228 128 2
    83 153 190 94 6 146 151 142 83 32 190 74 43 128 160 88 179 83 229 2
    241 235 81 35 14 75 143 154 240 115 81 158 36 109 245 76 4 75 45 64
    15 74 100 166 59 118 123 72 26 202 106 117 250 127 3 21 66 52 3 77
    140 40 244 31 173 229 89 144 124 80 228 163 79 237 137 44 166 148
    135 161 141 165 210 77 94 85 150 114 255 4 124 250 252 208 165 112
    28 200 53 7 240 43 157 224 65 106 47 229 173 41 192 65 7 54 113 153
    96 65 204 25 80 88 174 170 180 165 170 107 133 61 142 255 94 207 123
    97 36 134 250 191 122 61 13 163 163 207 122 136 67 88 82 114 202 31
    47 116 227 111 180 180 53 147 216 183 198 201 169 48 196 199 170 185
    188 33 89 132 185 111 214 196 11 6 115 212 149 246 105 171 44 73 46
    129 253 247 39 58 35 90 254 86 241 44 205 17 252 229 15 230 194 155
    214 236 74 121 116 98 57 230 84 82 123 63 217 75 148 173 36 17 22 65
    136 59 172 211 135 105 85 133 56 151 161 202 5 82 222 95 217 217 32
    132 188 137 229 14 150 159 159 222 138 75 79 17 102 19 39 118 96 78
    234 96 222 75 169 33 193 203 144 226 184 239 150 21 220 227 149 80
    82 139 12 101 1 80 177 211 47 175 25 225 223 52 153 43 212 235 151
    216 18 105 149 201 87 222 238 196 241 251 51 212 199 52 189 155 187
    235 140 211 63 97 181 132 89 15 87 23 170 150 237 19 247 190 3 131
    200 19 27 235 106 47 249 196 236 73 36 78 174 82 23 166 146 5 123
    182 203 101 243 35 51 215 200 237 105 210 122 117 254 67 151 124 111
    244 161 154 161 220 252 211 195 15 197 234 151 121 89 247 125 45 86
    91 99 10 148 30 123 202 187 64 33 118 143 64 179 83 46 73 182 116
    213 5 232 240 57 22 234 91 45 85 96 183 116 66 232 81 178 46 36 113
    45 241 179 166 171 227 21 121 24 158 162 130 185 164 208 154 240 219
    14 252 48 220 210 205 28 248 159 57 236 192 173 19 61 10 90 72 166
    47 146 85 141 50 38 176 191 78 184 2 251 142 120 117 128 223 104 144
    160 27 241 164 113 78 131 7 83 45 56 120 116 238 110 2 198 92 172
    129 250 66 178 95 57 97 34 214 0 58 196 42 125 151 190 163 232 240
    66 163 17 79 168 235 173 239 166 214 241 169 77 105 186 180 54 64
    192 76 234 185 226 36 90 0 196 217 175 151 101 88 179 80 11 14 114
    40 76 134 217 26 74 36 91 255 232 104 215 240 111 86 179 62 39 157
    75 132 166 122 32 26 132 254 214 19 19 236 164 134 227 193 166 157
    61 119 236 198 61 212 60 64 12 54 93 28 230 149 201 82 65 31 243 255
    99 36 220 253 254 154 59 225 143 102 242 3 139 209 187 132 247 189
    103 14 55 193 3 55 72 226 94 124 50 241 71 50 161 120 254 12 27 30
    248 194 144 90 148 46 71 221 81 183 9 90 105 59 200 177 234 161 242
    14 192 207 19 159 217 29 220 14 39 170 205 222 91 165 215 242 50 14
    210 146 41 237 124 209 217 246 14 34 4 116 151 224 38 2 203 229 8 28
    231 172 65 192 171 165 118 88 184 211 55 126 26 69 31 53 176 22 189
    214 16 101 252 203 54 124 29 194 11 192 72 163 29 98 13 42 64 244
    240 172 28 171 101 52 234 193 188 64 50 136 194 33 78 139 89 191 235
    106 77 19 50 46 194 98 13 235 120 212 64 198 150 223 41 62 88 162 67
    181 100 84 92 172 242 94 160 196 156 106 173 39 156 137 16 184 102
    134 186 185 146 74 218 248 168 14 102 161 204 160 80 18 186 0 12 180
    247 153 72 28 246 189 193 8 147 227 254 110 213 151 161 89 115 181
    20 31 6 76 50 159 34 12 251 78 241 195 61 178 129 156 21 214 3 248
    244 224 223 202 209 69 74 45 172 170 16 233 39 89 230 88 33 107 20
    40 189 27 142 33 178 224 167 86 199 150 203 42 73 239 67 158 147 102
    167 56 127 218 218 50 114 216 60 163 167 37 115 205 84 106 115 56
    148 14 135 40 8 151 19 253 89 221 112 136 132 180 82 160 38 56 213
    15 189 180 220 79 96 160 97 26 13 249 230 141 26 221 29 217 5 149
    172 42 188 113 36 191 176 230 13 214 248 180 107 187 102 113 203 145
    80 159 165 204 115 88 37 77 194 11 106 103 77 195 61 44 129 190 43
    169 141 29 7 139 69 242 115 176 220 118 4 185 23 188 99 255 184 96
    181 208 191 201 108 80 138 33 169 174 184 250 134 121 223 10 226 142
    212 131 194 41 184 125 78 54 236 215 117 210 85 47 216 194 234 253
    192 0 148 21 67 147 140 57 30 98 218 214 176 221 169 69 202 122 6 72
    104 184 0 125 121 136 199 144 232 197 144 24 99 152 173 242 184 145
    229 28 107 27 238 239 5 0 66 247 44 2 123 240 163 66 62 15 200 88
    131 227 150 230 118 86 53 151 90 71 42 255 230 179 5 163 58 28 213
    159 4 108 153 104 200 202 189 122 173 202 123 61 101 18 208 53 138
    236 183 43 60 128 205 239 170 54 199 175 54 85 76 244 24 185 173 2
    201 242 43 3 244 43 171 152 197 111 206 92 118 44 208 98 152 85 92
    248 119 66 239 24 96 143 44 20 171 174 253 101 88 29 26 206 136 47
    237 1 231 199 249 6 48 100 199 217 178 45 28 204 84 180 194 96 115
    93 241 153 137 179 178 31 214 238 103 212 134 13 211 178 91 160 108
    140 199 48 15 202 45 221 153 21 236 201 142 34 181 142 176 247 48
    116 35 140 101 120 81 55 114 206 125 171 137 197 114 205 166 8 227
    99 147 150 74 107 163 102 46 224 25 222 168 69 142 205 7 192 54 200
    74 238 115 207 217 137 10 6 28 250 74 61 145 77 102 22 31 234 28 58
    50 201 4 47 91 152 166 219 212 107 106 213 217 248 6 60 177 147 220
    78 237 213 127 108 32 56 133 54 237 69 255 222 129 240 52 112 223
    202 16 219 35 59 204 110 200 90 228 152 58 44 176 202 142 59 133 178
    41 24 187 123 38 18 219 134 205 73 233 187 172 198 223 210 82 205 30
    1 82 186 69 184 31 27 11 117 40 57 62 69 218 112 224 6 253 34 52 73
    26 86 127 192 15 13 168 106 206 84 249 160 81 47 168 139 244 145 230
    55 202 145 236 43 167 4 138 250 247 208 225 64 12 108 94 132 148 175
    87 37 230 86 27 116 26 136 124 114 216 154 124 192 57 145 236 126 93
    22 22 33 164 112 122 233 78 105 201 48 160 179 49 40 181 22 23 46
    221 251 51 208 36 21 131 124 189 168 13 108 75 127 10 152 143 246
    223 99 78 191 185 75 168 84 72 207 229 247 86 240 242 162 159 167
    252 181 221 186 213 182 153 149 121 144 85 85 141 99 15 195 137 111
    140 252 10 139 124 20 181 224 254 210 87 127 67 135 111 198 229 205
    163 142 50 199 205 46 233 30 178 103 210 63 163 111 25 239 74 7 43
    204 0 188 4 119 19 9 23 41 185 194 127 154 149 163 170 188 171 8 106
    139 34 125 135 244 193 70 62 53 181 51 106 120 138 135 81 11 52 92
    84 120 199 126 185 110 104 109 238 126 93 155 150 65 103 112 240 156
    248 92 207 205 118 82 69 244 83 178 54 188 176 179 101 184 231 171
    73 247 118 58 4 239 240 131 156 155 133 62 250 122 187 7 149 101 8
    126 21 32 199 138 13 183 145 36 72 113 65 242 38 124 139 137 13 237
    186 152 81 120 141 180 229 236 23 107 43 145 252 66 126 254 111 19
    160 237 193 3 223 118 177 177 22 174 108 222 110 57 75 139 189 35
    232 17 108 217 121 227 229 147 200 52 144 179 248 186 174 20 199 94
    73 82 231 12 140 197 186 73 26 37 168 101 224 177 207 151 102 162
    154 104 37 149 40 61 75 214 205 6 16 213 172 125 130 153 174 180 162
    209 11 197 232 183 155 122 73 36 96 195 196 219 165 236 13 229 40 21
    199 62 219 127 235 67 85 23 106 149 105 189 242 52 158 198 117 214
    226 31 163 16 49 215 72 84 98 128 65 243 211 88 14 175 215 192 185
    146 180 235 126 247 82 24 176 175 134 229 118 82 26 225 191 41 136
    114 233 186 192 73 93 172 54 144 170 170 50 145 221 20 169 127 155
    80 220 38 68 127 183 49 255 81 205 62 164 227 177 64 170 196 61 116
    249 197 9 194 106 165 240 188 102 247 157 146 140 4 42 58 188 166 7
    210 151 82 114 138 143 9 60 5 75 180 124 212 253 128 32 146 111 76
    119 235 211 148 60 58 190 72 46 160 9 109 43 87 46 61 104 91 214 212
    148 212 164 175 108 229 117 25 172 229 58 86 214 0 35 99 181 50 249
    64 217 110 5 27 16 191 124 230 204 154 230 221 237 218 148 112 209
    139 251 69 112 93 128 80 205 249 146 139 66 82 219 169 189 173 247
    40 194 102 22 224 176 30 21 204 160 114 78 10 34 88 171 184 170 35
    35 36 161 217 19 42 120 192 153 251 173 146 197 15 99 224 254 169
    175 90 99 100 179 56 221 213 33 139 247 164 101 117 251 48 120 76 12
    132 63 31 21 43 167 49 118 18 169 166 177 151 238 239 225 109 39 18
    72 217 17 224 252 5 12 242 105 117 21 141 128 197 204 86 155 239 175
    183 91 42 217 169 8 196 97 228 127 47 77 93 72 58 26 20 235 254 193
    95 223 56 124 58 115 26 149 182 200 83 17 238 195 68 89 15 38 212
    236 217 1 67 135 45 38 100 196 94 76 234 230 71 251 66 58 192 108 47
    172 243 207 167 12 33 172 190 159 239 47 104 90 207 144 84 193 35 6
    234 195 65 145 154 77 223 7 48 67 125 127 13 118 82 124 190 141 179
    223 44 174 36 151 195 38 139 108 217 225 250 17 68 107 204 238 36
    251 162 184 2 228 233 210 233 72 217 111 36 194 140 219 200 177 229
    21 119 2 216 3 224 13 233 167 200 96 82 29 145 120 176 52 10 217 162
    141 0 89 217 206 32 78 65 146 251 50 57 250 36 137 139 38 173 165
    253 9 222 23 238 253 116 250 217 247 123 43 40 243 246 204 255 211
    176 66 150 224 102 247 140 152 116 72 17 5 233 5 44 170 129 85 66
    221 110 2 108 243 13 174 201 70 158 187 111 27 206 85 114 200 233 12
    243 211 232 0 52 237 97 176 1 39 60 131 42 115 184 159 0 130 86 24
    192 79 137 0 37 50 14 215 179 107 146 19 67 110 246 28 143 232 187
    139 64 73 141 255 23 63 25 45 127 129 219 76 190 203 163 245 159 28
    122 110 237 26 43 139 199 90 141 190 78 184 141 193 126 123 201 1 58
    196 83 44 45 185 41 156 157 194 76 145 52 103 84 240 170 122 231 89
    94 206 93 208 64 235 200 154 29 104 161 109 92 63 205 0 151 143 120
    137 25 9 45 157 238 218 188 136 0 35 7 105 119 45 105 254 241 182
    210 122 196 58 254 188 65 162 254 127 38 142 245 21 218 157 8 25 38
    202 82 109 53 35 9 241 145 36 7 95 69 9 215 218 164 126 29 49 248
    222 178 49 162 89 223 107 147 188 114 197 69 75 48 78 0 170 113 216
    13 201 0 139 231 149 222 159 195 93 78 133 118 73 86 25 77 109 22 65
    54 233 169 205 177 213 58 177 55 82 238 130 53 92 128 118 5 100 174
    204 244 135 162 87 135 74 116 226 225 68 145 69 55 110 71 172 138
    135 104 5 100 132 133 84 7 114 68 105 21 111 116 190 218 212 192 139
    118 146 46 82 85 195 4 27 118 118 34 102 60 253 14 249 115 20 83 91
    219 117 248 19 37 100 188 94 125 220 142 30 233 233 121 39 174 52 49
    22 172 57 101 146 114 238 26 196 222 181 71 191 41 154 238 195 111
    181 131 78 51 172 159 236 139 123 132 18 22 218 157 233 79 244 223
    56 149 219 53 94 157 60 215 26 142 149 215 166 158 233 58 91 167 98
    81 136 162 24 229 51 170 52 136 35 246 149 216 231 228 188 114 42 45
    198 118 68 104 206 131 33 195 75 244 21 250 90 84 2 198 84 74 95 135
    45 172 38 142 150 245 112 252 42 67 37 213 3 205 143 232 208 10 84
    220 23 192 43 38 76 94 79 204 151 232 72 166 210 244 19 252 204 147
    98 225 146 105 167 224 86 227 218 201 190 241 122 164 157 242 201 73
    54 5 217 102 99 254 85 209 28 237 212 84 174 58 230 236 183 219 196
    156 77 11 107 128 244 189 133 97 129 70 66 35 179 89 43 178 62 169
    159 86 234 178 183 131 230 153 243 58 121 135 92 177 146 171 242 125
    84 183 191 24 240 234 48 19 187 215 211 19 93 226 84 4 109 240 247
    222 28 217 175 94 72 181 239 25 12 185 1 111 28 130 187 67 186 16 45
    185 168 0 175 56 127 128 0 129 152 179 238 25 115 57 71 66 64 97 114
    198 82 245 24 43 86 60 118 229 212 118 232 2 154 251 183 127 119 77
    52 65 19 231 34 154 226 47 161 9 231 62 230 3 206 82 129 125 39 234
    140 222 30 150 91 17 201 20 211 241 136 144 148 249 242 153 170 111
    150 81 198 154 46 29 127 141 132 95 168 3 115 244 53 44 224 9 125 43
    241 57 179 166 147 92 227 182 120 93 130 227 19 153 30 63 100 243
    175 60 38 115 208 108 12 172 223 61 106 61 190 74 203 100 68 134 40
    62 22 112 251 101 243 136 219 89 104 39 59 231 133 174 71 178 98 207
    63 90 130 149 176 217 153 70 57 221 124 228 73 53 235 35 73 217 83
    15 65 120 25 90 153 219 91 253 152 186 136 5 76 202 151 56 134 30 59
    87 117 18 248 206 111 214 53 60 86 222 11 66 163 1 255 108 58 243
    192 110 198 244 144 102 177 121 114 136 100 6 141 103 193 154 231
    139 127 240 205 121 0 132 248 36 201 209 222 126 48 212 37 156 5 31
    96 237 120 116 102 131 58 217 194 144 37 180 79 38 215 242 66 11 90
    84 150 132 153 190 143 77 251 18 140 62 212 67 203 187 86 209 254 62
    190 216 45 139 76 101 116 206 16 57 99 40 70 75 21 70 15 34 85 118
    220 28 38 185 81 250 137 165 33 222 170 152 200 23 57 77 29 154 176
    70 25 170 132 94 21 230 169 87 209 7 112 115 200 108 215 142 157 180
    164 216 202 212 110 61 53 161 105 34 65 95 21 113 4 181 9 57 113 82
    6 213 58 114 63 189 25 195 127 8 119 156 27 176 97 1 29 96 74 235 79
    242 140 180 134 83 209 156 130 84 137 32 45 48 27 181 2 97 81 41 129
    190 206 148 7 101 143 197 69 200 177 96 73 86 243 103 6 197 154 123
    236 124 132 95 254 174 108 205 127 15 13 139 180 222 245 26 14 100
    221 215 58 47 238 85 48 50 43 24 125 138 60 211 123 148 30 238 149
    81 185 159 79 100 93 58 133 139 196 55 239 206 245 149 112 184 133
    149 89 198 135 2 232 186 231 51 155 45 225 101 58 16 233 162 70 110
    114 15 214 126 81 108 83 100 224 84 19 201 6 153 253 152 1 208 139
    71 225 16 129 153 97 212 81 77 74 217 13 123 175 133 194 157 89 200
    176 72 227 191 68 83 149 137 62 62 216 54 16 34 49 171 91 149 54 199
    223 2 75 115 231 141 25 1 223 22 134 16 229 40 7 42 126 37 121 97
    143 136 254 26 110 33 119 254 171 27 212 230 211 159 211 120 140 121
    214 43 32 209 0 166 189 43 74 110 101 177 76 122 61 38 103 90 108
    169 108 99 159 177 1 145 139 79 76 112 4 104 144 173 112 87 191 133
    211 152 40 229 199 11 79 44 120 124 213 216 177 208 248 19 235 26 64
    166 79 234 28 164 65 248 101 106 34 123 32 70 21 22 110 241 58 208 2
    12 39 253 6 231 149 171 106 218 40 76 56 58 137 220 75 93 130 140
    107 49 124 90 0 100 140 233 113 159 230 93 49 194 243 113 117 51 188
    84 196 156 139 135 154 56 123 15 174 147 10 227 241 66 91 236 234 70
    237 83 228 49 122 18 120 195 143 114 61 254 167 126 113 40 252 1 13
    98 30 126 130 160 52 132 194 221 183 154 216 165 59 41 95 112 167 83
    1 31 92 220 119 132 244 37 155 255 191 193 61 51 76 5 53 144 175 28
    131 66 206 221 30 112 213 207 44 183 42 39 68 102 223 137 197 94 253
    247 20 113 185 91 226 1 96 112 127 212 10 68 227 62 211 152 182 148
    106 77 36 173 168 186 166 26 122 76 240 219 238 72 212 160 155 34 88
    184 43 196 237 144 54 81 126 61 187 70 43 25 219 172 177 131 118 153
    22 165 188 91 249 195 112 14 146 105 109 247 227 102 8 115 201 15
    234 231 24 248 66 157 141 36 91 57 44 197 228 171 191 54 162 140 69
    47 51 97 15 127 162 153 148 106 110 2 76 219 238 250 84 134 50 198
    149 65 237 169 16 52 126 159 73 35 200 253 12 92 23 81 22 245 142
    112 39 202 105 157 173 86 14 4 135 191 76 57 87 149 56 217 254 3 240
    157 142 251 17 219 149 92 21 148 177 230 189 0 39 210 201 68 7 113
    120 60 35 171 215 203 229 222 219 157 171 170 207 169 202 225 69 50
    7 41 109 226 167 116 154 32 187 243 207 89 240 137 3 48 105 228 162
    7 45 216 23 103 18 138 2 18 224 250 228 125 25 88 141 70 17 27 211
    202 22 7 80 245 127 131 246 90 109 132 158 52 129 168 111 226 177 15
    76 169 59 76 45 55 185 101 240 58 146 15 195 186 53 140 185 56 105
    46 158 134 137 54 249 200 81 174 20 224 19 82 10 225 100 18 29 60 5
    28 21 216 108 19 47 146 39 122 119 35 123 167 66 252 67 162 8 35 220
    71 50 128 119 236 221 100 59 181 182 184 4 220 141 2 38 224 186 173
    134 130 207 9 148 248 6 57 23 102 86 130 124 193 208 31 110 123 226
    52 107 120 128 181 242 148 51 67 241 204 44 90 102 208 122 1 111 80
    239 253 4 105 52 204 53 92 227 236 180 110 154 252 244 215 218 26
    130 242 15 40 136 102 112 115 170 247 91 28 74 227 37 191 107 156 22
    217 163 133 16 25 115 233 243 251 183 205 105 30 205 122 11 247 25
    26 225 4 87 250 153 209 247 178 247 163 37 147 236 79 54 157 64 73
    204 254 28 39 130 147 231 88 46 207 2 106 20 60 195 28 49 13 149 47
    74 184 223 82 194 253 91 249 57 47 213 3 42 191 108 96 86 46 58 145
    157 74 220 64 134 243 236 186 210 204 77 236 190 10 49 222 104 198
    249 62 128 126 138 120 10 1 230 162 167 235 188 181 39 240 146 140
    157 122 113 226 83 168 205 135 142 172 35 134 195 130 194 147 116 74
    59 150 61 201 240 13 57 22 236 216 211 159 92 131 202 66 180 130 86
    251 246 111 253 16 193 139 118 125 242 209 165 43 141 177 226 104
    150 232 138 55 58 172 254 213 65 122 175 160 216 156 164 0 57 112 15
    36 238 13 167 55 195 119 115 231 192 179 199 72 122 112 1 47 52 14
    39 137 136 178 101 130 190 92 123 160 217 231 227 90 196 55 150 145
    130 67 206 184 100 123 85 22 144 17 224 222 214 182 163 67 189 38
    228 26 247 242 254 41 186 176 199 104 160 54 164 39 34 103 133 228
    254 18 231 251 17 201 122 205 98 167 2 106 83 67 53 19 16 140 87 185
    98 3 38 35 195 187 163 139 217 69 20 5 176 214 157 249 126 88 109 36
    80 229 142 126 219 215 69 70 212 227 210 130 196 241 168 95 224 238
    48 240 139 78 45 116 206 178 68 244 59 78 47 29 238 231 125 196 4 39
    123 29 215 177 108 255 232 177 132 43 233 53 196 131 241 136 13 45
    231 64 146 169 114 34 89 27 236 25 75 24 27 102 142 25 12 51 64 113
    80 233 251 136 48 73 147 29 227 96 180 36 117 147 14 13 5 214 250
    234 174 165 116 190 195 240 79 198 130 249 231 137 182 144 217 47 67
    232 250 115 220 152 130 206 54 213 210 192 57 220 59 161 66 162 131
    151 7 198 123 77 121 122 16 251 0 171 235 212 212 206 203 124 79 22
    151 197 227 194 252 163 26 176 181 196 117 102 158 23 252 246 90 123
    56 102 252 253 143 80 202 102 252 216 138 146 113 95 7 85 123 56 28
    175 249 247 170 33 34 173 168 86 167 223 142 73 72 46 52 70 24 70
    252 86 198 243 241 184 95 5 205 236 245 33 207 150 215 81 37 151 157
    87 66 84 19 183 173 44 139 161 247 179 209 105 173 95 57 105 165 253
    109 214 245 89 7 147 80 232 77 225 246 137 37 40 0 200 214 51 108 30
    170 116 225 219 65 167 66 74 27 134 163 162 148 150 224 216 206 105
    112 95 24 17 80 159 6 123 49 1 34 35 121 223 37 192 215 41 191 127
    139 11 227 56 110 6 107 1 93 211 230 205 191 64 4 108 174 252 223
    155 91 6 8 221 195 5 82 12 67 35 194 92 39 204 167 84 88 24 13 146
    65 127 172 84 217 244 146 218 246 141 240 41 136 41 202 189 67 163
    24 185 6 32 161 143 17 69 165 80 232 236 160 18 216 11 51 81 192 128
    203 37 243 213 186 42 236 212 124 31 254 40 187 176 23 142 52 141 10
    132 10 194 154 230 220 92 150 203 222 185 139 243 101 47 100 31 157
    146 68 102 217 68 116 206 242 91 189 147 162 238 181 216 40 254 133
    11 90 77 131 98 42 124 93 228 255 174 136 176 153 142 55 183 112 220
    39 159 18 28 9 19 163 20 250 54 43 97 82 234 123 77 176 201 220 106
    88 43 18 252 127 18 193 49 241 217 98 37 25 18 179 250 229 100 102
    219 136 12 123 202 34 154 224 40 22 130 24 23 68 75 81 220 164 178
    105 135 143 180 55 214 11 71 129 99 238 8 246 212 110 67 32 154 226
    63 235 117 184 79 248 210 150 93 40 149 208 115 67 148 109 255 63
    113 105 47 224 47 28 127 192 97 183 211 253 216 121 185 157 99 61
    169 21 146 106 169 231 51 240 195 79 140 150 189 72 62 150 109 34 16
    133 45 9 118 18 143 86 68 185 170 153 60 145 252 209 72 80 207 82
    231 165 125 181 218 38 55 154 94 123 210 201 139 200 155 73 210 118
    142 228 75 254 146 250 132 138 44 188 158 230 198 124 31 218 79 82
    216 22 25 71 61 41 202 169 49 28 205 82 77 239 158 154 212 83 254 76
    9 131 118 243 239 10 46 153 161 241 238 238 121 59 240 191 11 193
    219 40 108 11 18 120 30 55 82 66 33 247 87 119 147 123 112 183 247
    112 22 239 2 82 59 203 136 234 94 231 251 138 243 250 224 187 100 56
    105 8 17 88 183 123 113 7 143 232 181 60 62 42 115 130 247 225 246
    81 97 54 80 15 41 25 132 71 242 85 212 216 0 159 111 113 102 153 28
    140 95 168 138 134 143 182 198 223 222 17 5 142 0 118 189 208 128
    175 192 255 177 148 80 124 75 63 55 12 231 81 164 139 169 19 201 251
    103 226 117 174 246 207 170 218 113 167 207 191 130 219 183 76 153
    129 16 200 141 86 207 153 132 111 70 215 136 88 131 140 246 150 151
    162 15 16 25 248 9 138 140 123 15 149 171 205 177 92 216 17 28 55 76
    109 10 0 124 127 209 195 78 11 10 42 220 10 217 156 72 164 149 4 109
    91 49 210 1 211 141 104 18 125 54 159 119 32 80 231 208 126 92 229
    200 73 38 80 41 159 169 182 130 2 253 235 172 235 249 78 182 65 18
    64 122 157 127 88 180 225 9 254 58 247 200 255 160 143 19 179 42 129
    184 223 223 147 37 62 204 37 122 58 131 40 219 174 106 13 44 174 247
    30 142 125 222 135 53 109 56 237 4 241 59 210 156 92 145 122 170 17
    192 182 140 153 6 234 140 116 78 204 97 8 135 131 11 110 129 41 170
    238 220 232 39 186 2 29 48 10 129 169 27 201 236 163 65 70 9 67 13
    219 124 21 201 42 203 224 24 173 200 173 89 133 171 23 200 15 177
    242 92 251 48 173 88 4 26 156 0 137 76 34 1 53 88 62 221 23 115 176
    206 72 145 154 192 177 161 94 149 53 49 142 107 201 19 121 53 32 226
    36 232 230 189 157 46 238 146 80 63 30 34 190 135 213 170 102 135
    173 216 31 228 230 89 233 167 251 202 178 153 72 161 19 228 233 103
    230 133 105 167 177 124 69 129 93 255 213 181 138 67 91 73 201 86
    249 39 31 178 230 86 28 100 73 160 10 190 189 187 113 19 204 197 215
    193 90 156 250 99 57 240 95 56 12 246 159 4 155 38 5 110 145 142 194
    246 228 223 26 217 92 126 7 200 24 78 84 193 148 30 95 97 250 247
    111 56 120 159 55 22 78 20 26 22 209 87 156 151 205 253 238 139 53
    48 244 131 228 140 235 82 192 231 192 96 9 6 209 185 195 140 137 169
    202 104 252 16 178 112 127 100 40 247 213 113 250 118 60 37 229 202
    72 188 125 71 197 107 49 69 178 230 105 115 73 219 64 239 12 247 55
    140 108 92 175 114 145 79 36 50 185 117 21 124 164 187 131 134 188
    67 101 184 148 69 219 170 168 181 180 170 7 202 85 167 196 237 188
    219 56 160 212 170 7 89 33 105 231 118 28 87 38 80 227 217 72 255 18
    130 98 39 192 191 200 12 253 235 111 120 253 178 74 52 162 19 48 135
    86 186 11 215 130 149 198 157 172 184 25 129 119 44 191 168 211 163
    35 60 166 250 78 126 58 103 47 51 98 63 135 102 76 248 139 9 82 127
    157 158 225 164 211 232 64 77 54 22 99 114 133 194 169 219 89 88 130
    96 173 182 43 248 194 52 131 131 80 225 236 188 103 104 154 110 174
    42 245 56 186 236 39 133 251 200 28 77 121 144 189 67 88 106 212 4
    65 153 196 2 180 24 160 214 242 182 201 194 208 247 78 227 90 194
    254 163 245 45 175 205 253 241 239 13 23 237 171 194 196 13 148 197
    245 22 30 249 199 253 240 27 204 179 25 119 239 74 213 145 234 189
    158 154 164 165 165 103 69 245 210 84 6 102 148 125 146 172 251 136
    164 14 70 15 132 184 151 175 125 231 147 223 230 214 85 168 34 251
    221 80 195 203 100 97 209 111 36 36 11 244 138 219 179 8 143 41 138
    136 229 80 25 142 7 95 8 156 216 32 152 9 236 142 27 33 48 153 186
    200 235 112 114 83 40 194 158 184 102 148 12 116 145 192 2 110 107
    132 203 168 247 116 43 245 80 10 102 22 251 36 104 77 147 232 219
    163 36 253 196 96 57 107 88 192 95 6 201 173 193 68 55 219 106 24
    196 123 40 196 195 49 91 190 93 36 3 153 237 220 169 244 116 54 198
    201 2 31 154 60 172 246 42 77 34 118 42 48 184 125 138 154 182 32 4
    247 196 22 118 49 237 216 47 3 131 197 11 203 69 132 43 2 124 135
    186 19 136 240 76 97 25 147 159 146 145 10 160 57 41 97 52 196 132
    245 150 196 19 246 150 24 203 224 94 12 251 157 112 62 181 54 66 18
    252 176 213 92 51 8 131 3 243 10 221 149 10 53 19 115 95 46 12 59 87
    166 96 229 41 144 197 198 68 233 252 58 213 3 147 36 92 34 216 202
    162 101 214 57 71 57 63 227 94 182 45 108 162 253 206 180 25 160 240
    223 146 54 204 26 167 37 43 188 3 133 84 47 2 191 242 226 11 213 188
    220 1 238 139 151 75 69 206 104 144 202 68 37 16 96 23 206 52 207 35
    95 147 224 44 182 23 222 8 129 250 38 141 24 5 190 60 208 48 45 229
    82 119 187 43 70 229 225 223 97 118 31 129 26 104 251 40 101 146 176
    30 133 121 27 130 87 213 142 146 55 207 168 60 172 5 98 123 120 74
    44 250 9 211 180 241 45 147 124 248 53 44 62 156 112 110 135 79 243
    138 18 192 147 74 97 147 56 72 18 222 100 56 87 83 72 146 43 148 38
    176 206 179 61 121 58 173 116 19 139 253 99 40 124 129 7 95 178 224
    12 194 0 106 90 167 234 169 178 82 211 39 143 117 207 181 28 121 96
    241 94 141 204 90 31 25 220 106 161 156 253 216 33 15 185 120 98 196
    158 203 187 188 84 19 102 233 196 229 38 112 204 114 240 185 132 211
    190 140 121 72 11 237 11 86 186 53 31 61 32 227 53 49 160 157 21 227
    147 107 229 52 157 55 242 134 69 60 230 235 98 25 36 112 35 87 25
    107 58 173 11 194 89 67 147 81 60 104 222 169 99 34 222 186 75 37 16
    55 52 236 183 239 111 156 184 51 41 145 123 89 151 44 53 235 140 255
    64 88 191 223 230 252 41 108 33 151 3 92 119 31 152 141 137 130 159
    187 12 130 187 100 196 179 130 201 193 104 138 233 207 61 210 40 251
    95 134 134 55 152 184 38 62 179 15 38 74 100 188 224 30 43 67 37 162
    111 156 244 11 78 72 154 180 106 234 198 30 6 84 164 47 47 236 59 4
    27 100 113 44 62 115 228 100 127 84 216 224 218 180 55 166 152 156
    204 148 39 5 36 91 37 88 74 26 144 54 122 168 123 89 206 222 234 43
    79 81 206 70 184 33 136 66 31 224 76 15 30 24 210 195 32 206 192 243
    18 113 2 141 35 131 159 163 15 240 75 202 46 56 41 127 78 163 211 15
    208 245 236 177 136 251 217 163 151 7 203 5 155 110 234 130 157 97
    177 43 159 12 68 234 84 163 9 197 226 202 97 225 167 114 247 59 84
    154 168 226 114 19 23 163 35 77 69 96 251 72 77 17 213 227 93 11 188
    108 248 58 143 184 10 77 223 197 42 84 242 109 199 216 58 40 123 103
    184 223 218 147 128 211 177 29 203 103 157 137 18 46 10 143 58 82 23
    210 189 235 176 48 15 233 80 57 86 90 50 153 56 92 165 55 92 248 117
    165 39 64 65 138 42 215 103 212 85 23 248 212 185 33 100 104 147 252
    161 31 113 144 104 214 50 25 109 242 143 180 57 28 162 17 91 77 94
    58 157 159 23 2 220 193 226 207 215 13 255 166 109 212 208 161 10
    226 17 149 44 17 125 170 196 235 232 112 7 97 213 6 173 24 18 223
    232 68 115 103 184 44 143 43 85 47 124 183 186 52 80 89 170 185 57
    93 3 207 127 174 64 64 48 114 1 72 178 151 85 55 201 253 162 77 71
    67 162 114 198 52 29 220 48 53 112 32 88 111 54 21 33 29 76 167 193
    226 237 47 54 167 181 69 221 187 134 157 74 10 230 216 251 139 238
    63 76 23 141 44 4 57 56 231 174 124 110 217 81 224 145 87 66 245 57
    84 170 26 69 84 21 201 133 149 66 201 223 185 37 3 207 213 101 63
    167 186 167 4 61 57 79 0 72 119 193 216 224 83 180 99 197 253 203 23
    231 121 69 125 69 154 199 161 89 8 234 202 162 42 39 81 131 70 167
    131 116 115 188 101 240 3 57 35 245 183 119 71 11 227 67 214 191 203
    118 108 2 164 54 41 168 30 59 115 214 77 121 208 47 154 62 245 190
    84 204 13 19 40 84 103 118 70 215 230 29 127 229 79 173 226 27 31 74
    221 204 173 97 250 244 70 209 201 205 192 117 153 83 132 80 86 94 86
    142 15 18 25 203 75 107 174 36 43 197 181 182 188 97 128 191 196 217
    64 255 4 23 175 61 212 120 63 160 136 152 49 38 251 183 201 144 141
    193 213 61 101 90 77 218 249 249 203 195 201 11 155 23 246 69 242 61
    81 233 242 186 134 122 184 92 93 55 218 162 153 204 187 209 80 225 7
    1 176 153 130 212 124 244 216 33 21 164 156 81 39 22 144 157 153 230
    238 106 218 197 243 32 18 242 96 215 28 187 200 9 200 97 242 254 66
    11 253 138 149 229 180 245 197 35 76 236 173 169 141 64 145 204 221
    140 224 72 14 85 1 56 119 80 15 121 10 82 79 242 241 225 173 121 39
    221 114 252 69 76 154 242 222 113 78 183 99 216 252 127 102 30 173
    161 89 68 187 10 20 212 109 125 59 23 162 250 78 45 119 210 103 4
    106 248 170 145 72 93 26 165 228 46 20 231 162 108 34 223 30 169 77
    147 53 206 49 80 1 66 147 10 22 18 74 224 33 125 142 53 207 240 146
    206 23 193 189 227 66 239 15 220 112 21 60 112 55 19 153 58 32 4 200
    235 52 86 27 204 119 159 215 6 218 68 77 243 181 146 237 138 233 210
    125 171 112 228 137 129 1 151 150 192 99 241 35 97 184 72 223 187
    117 222 82 51 166 194 61 218 61 201 78 81 148 81 139 22 148 224 65
    132 209 141 180 94 26 238 148 100 121 183 33 170 243 35 149 111 89
    42 130 238 44 46 145 183 12 249 163 52 242 118 173 19 112 29 96 194
    231 96 200 148 100 91 163 170 167 50 156 196 70 16 66 250 78 180 193
    226 227 43 43 166 239 75 105 192 195 91 110 21 136 164 94 187 168 60
    147 61 187 106 63 187 31 94 123 126 167 118 108 141 255 11 223 237
    79 44 63 17 160 65 182 112 101 232 152 25 250 154 255 151 110 51 67
    53 35 205 250 220 85 214 99 54 66 236 253 168 211 239 68 21 252 203
    60 142 94 120 230 120 69 43 157 18 203 147 23 117 186 36 21 202 138
    50 89 189 90 220 243 199 174 180 128 63 162 24 158 9 155 4 38 193
    139 168 188 146 248 253 13 142 41 236 21 68 9 207 6 131 222 169 145
    173 154 134 18 121 146 230 252 220 127 100 97 18 15 193 55 251 5 62
    90 124 33 146 89 208 176 174 183 45 22 63 21 25 251 59 249 52 218 51
    6 119 115 228 79 50 76 224 47 240 103 1 26 233 3 189 209 50 15 116
    17 102 248 25 137 5 231 25 104 67 16 136 76 17 106 10 233 130 122
    210 253 140 217 146 71 37 99 116 181 6 42 102 156 31 164 173 117 146
    24 139 194 244 197 250 81 212 2 12 2 123 84 59 27 75 2 62 246 231 79
    44 236 196 126 67 189 86 39 234 117 255 10 14 222 79 19 230 73 26
    228 57 252 238 37 136 215 24 14 37 236 146 23 207 22 214 191 32 28
    252 132 63 95 160 86 51 62 143 96 62 246 51 53 73 69 38 51 197 114
    216 196 5 104 235 172 204 107 137 250 145 247 240 188 214 231 200
    232 150 8 99 222 243 155 214 74 56 17 37 139 8 195 117 138 242 18
    236 56 240 176 94 36 217 131 98 76 66 206 129 226 25 238 37 8 93 205
    91 168 199 191 202 189 111 45 28 103 65 92 52 219 178 145 180 223 3
    135 196 176 62 192 142 226 247 163 151 24 170 79 208 23 81 216 160
    223 208 120 246 186 199 88 100 178 204 124 134 28 175 37 181 34 222
    126 96 82 47 227 30 243 90 237 130 49 66 50 207 21 228 148 200 120 5
    28 172 226 133 63 234 155 99 197 64 3 95 135 107 63 33 148 21 107
    109 107 191 48 127 196 175 93 255 75 97 52 209 13 203 194 254 150
    128 51 163 16 209 178 54 2 168 7 219 198 27 206 1 29 78 234 64 118
    97 63 120 14 127 39 192 20 141 186 16 237 21 26 158 79 95 11 81 233
    176 14 38 150 25 235 186 148 169 229 248 188 228 58 90 111 192 97
    168 83 214 12 156 220 219 23 217 192 189 107 135 89 135 91 121 52
    156 35 45 160 237 70 207 204 212 207 44 208 60 157 230 193 62 77 115
    93 131 105 169 11 122 158 71 50 47 96 106 228 111 195 172 115 15 43
    36 210 46 125 237 194 181 191 200 158 50 209 139 24 129 76 164 140
    154 102 141 235 248 140 123 218 2 184 202 37 147 191 111 235 130 18
    70 27 64 140 49 140 58 221 94 65 144 200 122 102 147 155 47 151 230
    62 147 101 231 244 72 198 125 177 231 100 204 11 187 16 248 201 235
    229 158 35 146 46 206 215 82 8 137 50 140 53 5 69 206 126 94 180 231
    192 90 158 230 17 230 55 117 197 17 249 39 174 13 192 138 197 1 96
    197 227 168 118 164 145 66 53 135 26 89 253 89 235 155 221 29 169
    174 12 60 189 65 151 16 240 207 18 164 179 146 76 107 137 205 224
    238 210 193 7 249 13 181 148 196 134 70 131 71 71 79 1 121 17 111
    135 203 153 36 196 149 164 49 213 178 18 117 29 23 114 88 69 56 15
    205 97 78 26 236 96 23 15 110 127 251 52 200 230 206 78 166 29 237
    213 117 77 0 118 104 242 52 241 211 50 213 191 107 153 207 196 25
    104 203 27 213 147 52 84 250 19 152 115 126 62 216 191 107 29 183
    255 39 132 229 108 4 244 163 72 203 98 90 148 197 45 34 254 9 68 96
    208 107 44 185 202 101 247 206 231 249 77 50 150 1 60 47 155 16 167
    241 161 106 229 119 250 26 39 135 232 170 191 174 27 190 187 68 101
    208 243 227 231 23 159 148 24 231 90 219 190 58 242 103 135 37 166
    21 2 18 6 130 178 202 175 224 49 212 36 146 118 43 112 125 198 49
    242 214 248 60 19 152 170 34 204 114 70 99 175 56 247 32 202 183 233
    191 101 244 225 235 192 137 75 79 31 238 53 26 237 25 183 207 89 102
    235 254 2 58 26 47 200 51 38 41 176 111 105 13 92 159 134 112 237 67
    136 217 76 149 8 238 118 23 184 206 113 205 32 65 108 63 255 9 131
    37 59 148 61 223 191 214 159 79 148 46 198 165 245 156 99 65 153 233
    162 172 215 251 194 178 147 140 83 76 219 125 38 248 211 113 21 255
    163 198 106 157 153 186 117 50 150 223 15 60 31 73 238 2 244 23 117
    132 36 220 185 188 171 192 178 204 177 111 149 232 190 169 22 155 97
    118 211 137 206 125 77 217 22 143 6 128 223 248 185 226 120 3 137
    137 67 215 21 82 232 26 245 13 187 64 172 3 23 191 80 229 106 35 70
    129 216 96 228 113 5 69 227 86 71 18 62 139 46 218 56 13 166 235 240
    72 244 191 54 223 82 79 38 200 252 29 206 111 140 75 192 86 127 115
    153 100 8 100 9 14 226 144 146 237 121 161 251 154 15 233 109 56 230
    11 103 46 164 219 242 157 62 81 200 48 18 135 170 6 148 95 161 17 45
    209 38 4 226 68 148 79 160 184 18 90 65 109 172 126 217 215 83 211
    193 192 252 126 8 183 214 232 95 138 71 103 241 204 120 170 6 21 111
    171 115 96 65 73 133 76 101 239 15 229 80 122 66 40 148 222 181 191
    53 76 164 31 158 32 214 152 172 95 139 252 35 136 250 130 13 103 241
    93 184 47 126 121 197 35 195 228 250 231 191 129 241 108 144 108 145
    125 230 220 190 197 133 139 63 47 170 190 236 88 184 114 162 208 142
    0 57 202 95 247 179 110 131 177 43 152 224 88 241 217 86 26 124 75
    43 14 138 143 240 24 167 108 155 17 109 11 95 104 147 134 7 78 148 5
    185 224 48 16 121 95 192 19 184 225 233 240 168 57 220 186 252 113
    220 80 48 132 232 74 213 77 109 46 148 53 109 221 10 182 109 158 213
    153 221 240 246 227 49 232 90 90 55 176 118 40 106 151 239 60 20 196
    202 120 117 127 0 253 38 144 60 62 246 115 205 24 61 190 194 129 224
    49 61 98 43 92 162 68 16 214 212 45 108 212 150 137 179 152 15 199
    31 95 34 80 253 25 202 157 126 254 233 28 225 133 147 232 25 21 242
    40 244 253 76 130 99 239 247 227 61 124 250 24 128 19 232 95 170 26
    84 99 191 90 111 4 107 122 196 249 53 34 166 137 164 3 247 84 175
    150 229 34 6 229 178 21 54 82 223 85 101 197 216 87 196 95 238 1 55
    73 196 8 85 136 99 142 241 132 7 251 16 18 23 112 97 85 64 50 85 243
    24 63 78 36 185 135 83 96 167 162 123 210 211 180 60 53 171 140 85
    66 100 157 114 38 229 30 71 175 127 81 93 241 51 152 98 68 73 213 80
    147 4 2 235 122 169 104 204 156 241 138 62 29 197 120 136 149 0 187
    223 74 110 137 15 8 123 47 110 253 225 119 192 97 242 47 1 174 197
    29 239 220 192 148 17 238 168 104 180 138 24 9 185 151 98 192 39 127
    223 59 50 50 15 146 76 162 94 153 215 157 204 180 63 246 170 229 171
    248 187 102 40 84 77 109 119 74 8 6 126 231 101 118 111 75 92 22 122
    232 231 27 53 53 171 65 38 37 94 81 145 67 19 202 76 16 120 191 87
    185 166 79 207 154 68 52 123 85 186 128 225 78 74 122 65 122 155 97
    141 45 239 116 247 23 79 60 224 28 137 144 195 78 33 1 64 26 232 194
    111 82 16 214 73 65 214 58 139 152 41 192 42 215 224 2 255 133 171
    109 217 95 16 162 236 250 116 226 204 14 215 18 115 221 236 6 11 32
    118 216 237 174 109 180 28 132 41 237 89 235 144 163 109 141 142 119
    50 145 178 208 75 181 93 212 69 191 154 152 139 132 237 133 216 160
    185 239 26 18 123 125 66 242 171 11 243 71 83 251 2 63 50 46 129 36
    137 161 81 109 4 121 197 114 6 108 129 235 119 66 154 20 66 78 99
    253 230 30 93 147 67 24 231 36 123 142 204 62 117 36 37 235 59 98 61
    26 188 219 237 251 195 63 250 31 124 180 184 147 146 89 137 220 38
    120 46 197 96 13 125 227 221 124 228 72 96 208 50 228 36 169 224 30
    15 66 85 115 173 170 130 97 90 184 133 95 189 187 56 94 214 157 245
    70 165 54 170 68 63 116 50 17 218 204 3 21 51 113 177 244 129 7 163
    133 8 170 76 2 104 194 78 214 137 166 20 110 249 216 189 204 186 7
    89 114 99 215 199 194 128 66 89 60 49 236 149 250 166 150 198 150 34
    93 221 133 121 128 61 67 55 103 172 192 193 135 99 34 127 169 184
    240 69 171 92 176 119 222 67 161 154 38 253 61 159 189 24 158 227
    123 137 172 208 188 115 230 185 184 9 97 199 240 208 25 169 206 88
    54 67 59 3 36 179 182 59 90 33 104 245 30 226 4 122 12 19 254 74 238
    83 145 245 73 5 109 75 237 6 102 14 100 54 33 154 75 51 231 45 108
    88 201 16 145 143 38 20 94 228 252 143 9 158 221 194 133 75 157 120
    56 83 11 181 184 38 94 163 162 119 126 65 54 251 125 118 119 109 222
    186 218 173 53 252 151 215 47 74 26 68 249 176 88 110 105 137 56 163
    15 55 49 49 195 34 47 167 25 160 249 103 238 250 239 216 12 105 207
    252 138 240 11 98 1 74 154 73 239 30 248 23 121 83 216 79 7 91 192
    160 67 153 221 38 84 11 76 114 83 57 182 46 38 78 140 61 239 215 89
    226 97 5 132 125 167 205 154 27 201 150 99 207 218 107 111 139 84 88
    209 12 33 102 56 25 86 186 63 242 238 106 43 95 54 239 135 77 52 218
    100 35 55 132 77 192 11 230 3 113 252 242 76 235 97 180 148 76 38 93
    156 191 115 90 190 250 86 237 133 204 213 4 84 115 83 241 229 77 56
    121 145 50 178 111 225 155 191 165 215 98 115 83 175 170 94 29 69
    201 177 155 180 134 61 82 255 166 197 30 106 26 206 19 119 30 49 200
    158 198 48 171 56 3 186 63 213 107 76 29 223 143 230 209 80 37 239
    232 113 185 0 15 136 74 110 218 241 235 37 85 67 88 217 89 118 45
    174 130 92 53 141 77 14 193 131 99 254 243 115 52 222 8 229 95 222
    131 223 194 185 159 89 237 94 144 196 49 73 149 205 114 86 206 252
    161 252 230 40 158 157 125 5 148 39 104 204 130 212 30 102 33 22 152
    235 64 199 165 209 130 51 189 57 2 203 153 212 224 73 255 228 130 35
    212 167 16 172 18 35 41 116 228 67 145 249 59 41 84 184 95 242 194
    254 173 96 120 183 23 157 181 17 41 19 107 143 84 237 218 130 173
    254 19 25 44 86 188 121 15 246 211 131 130 1 45 170 156 79 43 220
    119 44 228 181 155 58 229 102 167 79 37 239 132 60 35 139 5 197 42
    188 82 55 4 191 99 229 52 219 101 160 94 25 253 215 37 187 94 58 222
    73 160 161 221 245 15 195 42 94 210 0 55 174 31 252 117 18 241 65
    173 21 214 164 122 157 67 104 56 138 104 201 184 95 108 244 187 9
    215 6 68 52 52 231 166 89 158 251 104 132 232 208 57 24 225 93 138
    247 196 175 146 87 107 255 250 54 111 36 213 14 208 29 12 182 156
    193 146 176 98 180 135 28 209 213 102 151 88 180 205 224 115 47 64
    137 203 67 39 30 203 80 205 56 239 41 118 69 27 7 187 121 161 99 14
    64 75 122 193 3 197 148 108 246 59 91 229 21 123 149 184 23 26 4 133
    85 109 231 46 17 13 58 21 174 228 252 35 244 182 183 31 57 104 223
    209 241 240 208 148 141 0 42 44 234 206 220 66 25 51 14 199 161 32
    78 80 75 148 81 26 214 93 221 7 71 248 30 107 50 141 82 18 137 96 2
    59 138 66 232 196 82 225 252 203 255 68 35 101 100 203 159 95 142
    211 148 215 230 167 76 246 244 14 148 54 86 48 116 96 102 23 82 29
    184 204 227 211 102 240 199 28 87 251 89 56 160 71 8 62 174 203 10
    119 56 160 41 191 54 217 205 177 133 6 180 10 17 33 180 40 109 234
    98 229 93 227 208 166 209 119 105 54 94 43 167 127 192 176 50 147 9
    181 94 85 0 27 170 201 182 240 222 160 37 130 36 208 188 50 220 186
    238 150 83 218 237 132 103 68 130 225 124 214 202 77 105 93 16 62
    230 3 10 193 131 81 175 107 10 88 205 179 41 207 243 49 252 100 21
    158 219 244 87 157 206 31 81 44 197 18 190 22 158 122 35 6 238 167
    189 72 48 125 223 24 95 49 126 251 155 84 133 230 59 196 242 126 67
    185 109 41 147 194 133 7 63 0 210 119 200 208 24 3 22 155 30 77 108
    95 150 86 211 60 35 239 47 22 202 171 242 99 239 193 35 204 36 214
    33 112 14 121 243 207 180 175 129 14 172 211 246 30 118 2 229 110 99
    130 246 237 130 176 243 9 30 229 134 231 252 22 232 177 145 91 124
    92 224 137 120 97 215 97 214 179 86 223 163 168 121 49 83 234 167 59
    177 91 148 134 81 120 169 227 144 17 150 4 247 234 219 229 94 54 176
    37 87 111 240 237 3 8 104 25 51 79 162 0 48 227 39 201 201 212 215
    177 147 125 63 66 204 223 172 31 224 138 190 10 90 93 253 102 25 179
    144 52 155 156 239 177 128 64 10 130 132 51 100 151 121 48 108 181
    220 61 142 165 93 57 140 130 157 254 22 42 184 211 151 200 201 31
    231 15 236 184 77 77 11 84 12 69 155 248 166 24 56 177 195 33 167
    111 221 243 108 225 170 139 56 120 232 143 167 121 202 226 222 43
    154 108 23 222 138 148 90 208 72 218 78 64 156 181 65 67 215 187 140
    25 134 202 68 47 185 100 194 50 163 210 232 87 107 38 227 103 138 49
    79 88 179 19 244 88 163 147 214 115 238 70 217 20 241 92 209 75 170
    122 165 88 136 32 66 158 41 31 152 216 157 81 140 70 141 230 182 4
    102 239 105 131 42 38 100 216 119 229 112 194 251 148 69 211 27 102
    167 183 61 38 139 254 139 185 83 244 49 212 16 52 202 215 179 39 189
    189 172 22 12 142 34 160 143 37 57 73 166 228 59 87 67 158 158 237
    155 182 122 206 85 146 250 131 77 151 133 49 126 27 169 236 135 122
    68 168 20 106 198 226 110 225 221 180 159 181 210 196 44 80 252 149
    170 1 141 136 109 95 110 135 102 74 116 145 252 206 190 73 207 53
    144 72 23 66 229 167 150 37 138 9 66 36 168 254 173 33 21 222 199 40
    94 177 132 2 199 255 115 71 58 30 220 98 61 173 217 225 20 19 96 26
    141 70 16 28 215 226 49 114 155 184 203 246 66 193 58 113 7 137 152
    147 194 3 121 175 246 123 12 19 235 167 31 14 182 63 122 216 8 9 230
    198 221 121 94 133 241 81 20 149 81 242 30 210 56 99 106 215 214 137
    16 5 0 139 129 164 143 180 185 191 195 148 203 228 104 152 99 232
    202 10 74 183 243 143 32 4 20 181 122 71 216 95 190 50 181 216 248
    181 102 115 70 53 143 20 241 57 84 139 56 73 155 103 194 45 28 139
    18 251 95 236 200 130 43 26 27 246 181 173 149 175 77 249 55 196 13
    254 207 235 180 194 216 128 143 24 187 10 102 38 241 213 248 217 198
    234 255 1 142 197 226 117 189 11 36 125 45 108 198 65 106 136 2 254
    54 212 184 104 39 133 228 16 27 68 145 250 209 169 9 242 211 57 118
    102 197 37 157 70 115 143 149 14 19 204 23 98 40 209 170 183 16 251
    133 211 86 243 93 14 98 238 13 228 61 200 199 243 248 95 102 4 38
    142 138 141 90 131 0 236 19 53 56 119 107 90 64 193 141 225 107 203
    179 135 137 127 190 102 41 189 17 77 200 58 145 135 62 232 91 247
    141 78 31 239 206 224 42 79 92 251 47 119 142 137 125 126 248 71 159
    90 198 166 190 147 182 211 139 178 191 237 100 5 11 209 6 117 172
    135 11 84 46 101 186 50 149 184 58 216 85 246 136 29 61 235 53 231
    38 198 186 250 22 235 123 121 200 181 77 200 12 146 91 210 47 57 63
    244 60 52 35 100 203 247 48 110 240 20 205 65 27 90 6 243 67 237 139
    135 125 129 95 159 155 131 2 162 168 16 175 114 90 43 186 164 26 125
    101 184 142 20 123 12 14 177 131 103 148 167 41 39 194 252 59 165 82
    242 206 240 191 51 52 34 77 253 145 51 56 182 198 135 115 248 4 112
    114 76 61 92 179 159 163 251 209 174 165 41 126 120 135 36 42 64 72
    176 214 7 101 113 127 180 149 104 73 29 221 219 2 76 88 107 236 98
    138 208 28 63 213 9 169 253 217 75 6 72 188 113 245 23 61 20 174 61
    60 22 223 228 166 251 227 10 120 207 3 51 203 16 121 208 150 123 166
    241 146 188 94 86 227 240 226 196 70 91 163 247 28 60 212 221 133
    190 144 152 122 103 44 129 250 55 184 114 233 221 160 44 12 164 175
    183 76 240 135 67 45 105 16 170 32 236 223 184 248 154 217 145 16
    169 188 239 186 181 30 251 56 39 186 128 242 29 188 222 15 247 79
    190 15 215 88 136 59 202 224 219 65 138 185 245 213 190 237 44 251
    104 201 238 144 155 205 96 69 1 47 251 114 226 45 131 109 169 254
    251 171 179 127 28 249 62 234 82 60 133 106 166 18 221 218 235 94
    254 216 82 241 181 176 180 73 8 233 243 127 123 125 22 179 20 112
    192 54 41 62 114 49 184 67 175 85 166 183 67 58 94 95 155 203 201 26
    149 202 62 181 22 168 112 169 174 199 146 140 232 45 21 153 2 131
    253 191 252 79 129 75 108 180 44 126 189 199 80 135 251 112 67 64
    136 61 80 16 57 62 183 205 228 62 17 126 221 20 151 185 147 51 155
    97 239 44 39 162 65 179 95 113 113 61 76 34 123 225 124 215 91 185
    154 124 22 196 20 74 181 232 226 246 204 139 60 73 194 76 10 61 62
    207 216 120 238 41 16 220 43 162 154 47 106 28 188 14 183 176 149 46
    171 141 130 136 187 53 36 132 124 176 150 15 238 164 202 240 97 82
    98 251 150 169 17 255 29 32 245 202 114 188 121 175 104 42 127 131
    119 65 31 42 230 83 86 159 100 238 67 58 18 17 247 176 231 220 46 81
    211 31 182 27 47 87 18 15 53 224 222 197 223 192 17 127 79 173 9 19
    118 251 15 38 64 139 94 239 194 24 52 83 89 217 120 85 121 250 91 24
    23 208 29 180 154 40 235 37 159 158 114 72 22 226 183 93 194 80 72
    255 27 133 173 26 217 231 114 6 115 173 107 16 222 40 214 101 141
    211 185 250 50 121 133 178 159 43 133 205 136 178 80 248 218 118 245
    94 101 155 254 2 59 111 250 5 169 141 56 159 76 250 96 177 183 96
    175 65 29 106 75 36 102 133 208 9 98 179 7 205 43 87 78 27 172 66 44
    63 2 198 81 184 255 6 133 186 54 190 100 46 201 93 167 153 220 121
    66 179 20 5 221 103 139 183 89 213 236 192 104 63 165 138 170 229
    166 103 95 32 158 82 95 89 150 196 242 222 237 40 22 159 178 162 54
    75 154 12 32 37 44 153 245 106 45 61 168 157 246 50 6 70 69 36 95
    149 174 113 160 169 34 226 229 198 144 105 73 230 54 194 0 158 136
    155 188 113 197 134 51 1 201 82 231 105 142 45 174 176 164 2 16 111
    193 1 86 185 1 183 59 82 155 190 18 3 218 152 84 190 247 49 11 247
    44 141 28 71 116 139 25 31 213 146 110 14 188 141 173 235 97 238 217
    97 251 78 28 160 57 128 78 42 166 30 241 99 99 234 37 170 143 197
    102 70 206 246 187 204 83 196 46 91 59 34 181 36 72 9 65 104 192 196
    113 101 212 192 224 197 32 217 228 219 234 148 170 69 223 115 18 219
    231 67 247 128 145 26 52 251 48 149 13 117 158 16 162 253 83 228 37
    45 89 209 39 249 117 123 50 10 145 85 30 151 162 216 216 50 38 234
    167 170 98 128 196 58 1 214 237 118 129 168 72 122 229 81 19 195 95
    108 92 141 69 253 16 180 29 29 171 79 85 101 177 57 117 82 74 112
    182 154 135 251 184 58 206 19 191 24 245 45 195 132 90 198 175 105
    110 129 118 155 152 11 61 183 161 135 7 117 111 17 14 134 219 224 23
    241 196 75 199 166 162 149 28 5 76 219 147 165 240 233 61 66 67 47
    131 58 28 35 32 206 204 197 118 119 162 201 55 174 100 42 222 99 94
    130 159 200 12 101 159 11 162 201 205 88 241 208 38 167 190 180 189
    195 13 135 39 47 4 140 200 178 245 251 176 12 187 34 3 247 218 68
    225 156 126 49 155 79 193 187 86 246 121 6 176 163 66 16 9 54 127 54
    157 44 217 102 222 47 56 72 32 147 18 200 99 111 135 122 94 43 190
    60 80 150 38 29 112 19 58 200 195 171 157 172 51 245 187 166 248 200
    26 154 252 31 123 183 190 206 161 92 177 66 244 211 218 189 183 248
    59 212 199 123 170 176 149 112 78 224 8 235 149 208 117 205 58 144
    217 38 208 17 201 28 107 132 154 233 13 119 125 59 48 53 171 158 25
    234 193 56 5 245 30 163 168 105 59 179 166 121 180 88 205 225 191
    175 150 229 72 145 209 96 249 87 185 50 128 184 108 228 117 209 72
    144 110 79 37 141 243 232 40 153 58 42 91 18 66 162 175 33 6 185 166
    44 173 8 53 177 77 207 76 84 5 33 245 70 137 129 82 219 29 20 215 86
    198 59 255 112 191 195 5 248 228 190 128 140 232 159 120 17 8 122
    228 246 170 10 7 217 153 160 166 114 1 0 185 122 251 49 167 189 208
    159 162 252 15 156 64 78 42 254 140 239 255 34 4 106 142 225 190 74
    124 251 110 53 62 51 150 77 8 185 193 253 238 9 84 104 100 237 195
    138 146 48 60 225 147 133 160 253 190 36 132 29 115 55 19 82 7 246
    29 205 120 65 160 60 193 198 3 123 219 168 75 96 158 103 112 50 160
    73 185 93 206 33 255 159 58 176 158 38 179 22 198 9 181 102 4 32 151
    83 233 155 221 217 165 75 89 157 78 100 157 246 45 140 183 87 18 106
    153 110 155 162 128 133 90 76 77 141 88 117 39 229 23 124 153 223
    240 180 219 198 221 238 113 155 235 223 11 195 193 124 160 143 215
    78 38 21 81 66 44 222 38 67 209 169 146 52 240 188 243 72 81 74 161
    77 103 105 183 112 190 107 141 88 70 70 64 39 44 190 200 212 204 109
    70 132 235 85 193 218 13 55 225 156 243 162 106 49 241 91 28 69 162
    84 228 242 28 138 136 208 61 143 43 251 116 23 83 202 47 42 109 34
    72 106 87 61 221 69 158 60 214 16 18 24 113 192 169 156 123 173 51
    175 157 148 75 69 177 246 244 67 75 118 185 211 124 194 88 4 254 163
    129 72 219 177 52 103 96 46 11 156 241 137 19 57 118 14 188 202 33
    66 83 187 2 185 138 134 26 10 28 20 111 38 222 207 205 145 91 24 84
    166 251 159 124 184 113 247 203 142 112 198 93 132 134 3 112 79 194
    147 18 154 74 250 163 205 53 138 208 79 115 170 12 230 148 234 27
    138 5 161 79 42 191 118 137 112 106 30 83 248 138 54 57 113 97 129
    23 153 130 6 158 78 109 52 35 77 222 192 181 107 247 150 30 80 227
    40 207 204 163 218 117 98 49 249 223 232 208 59 167 224 189 104 172
    140 101 208 153 227 67 13 222 8 104 202 255 63 253 110 117 3 172 209
    212 50 122 83 20 134 236 49 100 5 246 26 81 96 183 149 92 24 125 9
    243 62 33 111 140 247 164 33 160 136 100 19 173 90 195 98 91 163 19
    99 174 70 27 50 54 155 75 214 173 198 218 78 161 247 193 251 26 102
    109 13 10 73 74 25 108 6 161 109 10 62 224 218 166 109 133 163 114
    232 182 156 198 233 168 29 143 178 178 106 25 65 252 219 53 190 165
    201 81 196 101 245 58 124 94 124 110 161 248 21 3 44 208 196 48 46
    50 3 226 195 124 36 41 116 87 212 46 75 207 142 255 5 103 156 14 6
    149 255 55 46 70 66 145 185 253 89 89 184 159 5 128 178 178 233 17
    152 246 46 249 125 62 249 229 201 37 215 16 229 137 54 58 154 137 36
    53 139 45 253 121 72 22 62 189 110 47 14 25 96 101 122 106 226 7 232
    136 89 164 251 91 46 132 12 23 134 129 31 46 72 182 165 194 226 231
    104 120 127 47 36 3 0 105 204 74 34 239 162 210 73 8 190 78 25 141
    217 30 60 197 146 147 129 76 176 77 82 153 82 145 194 185 8 21 168
    71 215 101 205 109 220 177 205 85 71 49 111 53 228 228 19 82 174 15
    56 78 47 127 170 119 21 210 66 188 72 32 16 177 155 115 100 143 204
    235 121 185 40 235 51 151 192 176 171 78 149 227 238 137 188 80 76
    107 247 110 57 56 39 90 253 102 232 41 225 45 151 74 247 81 168 203
    39 165 99 200 35 5 217 142 104 226 101 111 182 171 166 194 156 95
    186 12 195 184 102 246 7 84 203 197 221 130 25 192 152 134 203 106
    79 81 176 250 224 85 85 236 228 219 195 80 136 242 248 199 199 205
    77 211 90 173 129 133 194 68 40 3 20 100 94 15 134 111 95 30 92 108
    188 104 222 200 91 221 136 42 118 8 33 251 47 21 217 35 81 47 195 11
    251 88 158 48 58 138 197 59 62 68 151 29 17 207 132 188 114 135 36
    67 170 182 171 59 210 227 74 161 128 59 146 253 135 79 161 181 0 195
    43 202 2 220 63 127 248 209 29 131 196 122 202 14 33 242 195 118 197
    8 193 6 109 193 148 93 223 97 252 102 231 86 85 24 202 184 167 130
    126 8 82 56 194 227 49 146 200 85 98 52 74 57 0 125 117 22 44 244
    123 74 106 238 223 164 0 212 66 174 219 9 122 114 203 246 116 232
    204 182 249 34 196 229 16 109 186 87 170 88 52 187 29 135 61 101 85
    142 83 205 133 26 102 22 20 65 21 130 68 188 163 198 65 115 20 199
    16 113 253 196 84 181 156 200 100 221 240 46 191 205 43 25 95 220
    204 195 139 3 3 59 20 213 144 189 201 150 52 115 64 221 167 97 22
    221 149 157 73 241 118 51 224 218 187 179 173 36 3 186 142 210 43
    200 208 61 118 217 83 222 209 176 90 44 122 2 243 160 137 29 124 58
    210 102 15 225 252 241 193 181 79 141 106 161 142 245 128 129 28 178
    120 136 208 199 16 116 43 245 115 54 72 51 121 102 236 169 22 115 94
    176 11 23 99 177 101 82 132 62 72 49 231 103 98 111 110 148 169 241
    66 63 27 136 152 28 29 70 149 254 149 204 207 32 248 65 198 75 182
    233 26 61 31 86 179 232 225 141 49 230 96 231 211 235 114 42 154 248
    251 106 45 27 11 38 253 12 195 119 169 134 203 138 132 57 192 112
    100 211 211 75 141 16 248 51 194 39 82 234 195 193 184 215 0 150 92
    90 162 65 208 16 99 71 2 160 52 252 92 171 166 201 31 179 252 148 63
    96 80 107 208 208 86 142 169 7 101 109 82 0 135 124 207 174 168 0
    204 126 227 71 21 107 195 157 115 125 236 179 90 191 9 92 218 237 0
    83 229 211 234 171 180 73 246 212 154 139 33 186 106 84 181 151 165
    223 78 55 138 197 73 30 219 47 222 56 203 134 115 49 248 23 190 166
    212 0 174 92 202 116 251 30 95 49 146 59 184 239 57 41 10 229 3 124
    211 37 42 143 15 142 117 19 253 160 12 65 246 211 225 53 215 192 104
    40 40 202 211 7 202 217 122 220 224 187 82 111 67 145 208 105 13 76
    195 221 126 63 217 229 115 79 24 133 99 242 220 109 79 66 203 203
    198 98 143 212 213 203 37 165 135 222 215 96 238 103 219 110 118 51
    62 175 44 164 222 75 173 19 243 192 241 35 64 67 241 219 209 121 9
    148 198 195 49 186 89 13 239 17 106 64 245 90 215 135 247 0 88 143
    80 209 82 170 44 220 222 59 196 4 216 249 244 179 146 146 247 132
    165 16 202 31 206 55 224 211 50 119 220 102 41 170 120 217 31 140 90
    36 226 51 61 198 235 36 83 65 50 178 151 50 116 4 125 45 16 132 54
    201 77 184 63 29 52 156 212 126 146 46 223 25 106 166 165 178 48 27
    0 199 247 84 145 174 0 55 75 247 156 41 125 241 142 12 45 35 22 115
    188 92 184 90 100 68 238 56 54 104 86 106 6 223 43 190 151 17 142
    126 82 171 236 54 43 94 102 191 35 46 66 26 213 229 164 154 118 246
    51 208 170 75 87 199 188 150 103 164 63 132 232 116 149 150 39 175
    98 179 208 254 53 160 125 104 202 6 1 102 111 244 179 34 161 185 201
    4 204 111 240 250 74 221 120 240 113 81 217 58 194 180 230 180 176
    41 135 84 19 250 34 4 24 252 183 244 103 9 152 3 49 7 59 245 212 103
    161 168 165 241 110 220 253 92 233 118 143 135 24 180 26 28 226 220
    12 130 189 218 202 116 215 75 35 109 104 138 223 76 113 215 174 172
    63 180 127 35 1 138 166 208 208 71 139 158 133 61 187 4 97 5 148 45
    76 72 82 85 61 229 18 190 173 97 35 144 4 22 12 170 64 95 190 39 151
    72 235 65 102 126 246 219 181 162 136 21 71 155 26 230 90 56 113 90
    130 193 127 62 134 232 132 191 80 36 178 38 47 136 104 144 211 166
    214 65 195 34 220 150 134 3 224 187 114 145 97 56 174 76 76 224 133
    195 32 234 7 134 32 160 83 167 220 123 9 202 7 92 171 204 194 131
    236 116 21 218 103 43 231 182 241 79 164 212 28 142 1 175 61 53 28
    87 36 130 104 43 160 230 189 87 214 223 18 201 116 49 12 226 206 220
    33 218 104 18 156 95 177 192 85 50 37 216 35 97 177 73 231 225 180
    26 74 61 188 165 148 218 41 36 153 42 77 100 4 85 53 153 55 117 53
    201 231 114 133 61 147 109 156 212 178 163 81 103 218 105 120 34 41
    28 122 138 29 36 45 105 9 53 38 18 35 83 53 167 43 74 114 150 7 150
    223 157 116 137 93 231 248 234 114 2 96 252 190 124 155 234 14 217
    205 2 108 156 237 148 60 252 17 214 247 29 110 20 63 30 67 217 126
    71 162 254 202 85 173 46 153 185 148 158 205 228 127 199 193 142 180
    192 216 129 54 53 184 59 94 23 250 119 168 128 217 112 41 250 239 98
    108 70 163 96 229 125 33 63 188 147 15 156 248 140 57 215 3 37 33 50
    28 166 13 155 128 214 69 135 67 126 137 170 239 253 220 82 119 196 5
    94 23 76 215 216 4 188 171 23 190 38 173 77 252 55 117 174 9 157 145
    87 237 93 206 193 25 17 160 106 187 61 244 57 131 49 212 119 114 141
    223 12 255 215 175 167 251 205 162 201 50 251 100 81 146 202 235 63
    100 90 104 71 231 115 160 129 229 161 46 176 220 106 124 23 17 13 44
    31 228 109 187 6 119 219 39 200 213 212 61 140 43 219 59 222 85 208
    171 243 88 5 179 106 208 4 2 227 163 120 152 188 89 233 218 200 212
    239 147 220 234 39 120 251 55 251 156 162 172 191 171 29 161 87 217
    252 183 105 197 146 88 14 210 84 55 45 188 225 141 135 159 81 243 2
    64 176 165 215 151 20 62 226 215 26 170 2 39 90 83 161 107 13 77 131
    112 152 248 126 34 108 140 155 77 163 203 104 127 180 228 54 209 98
    156 111 138 213 252 212 200 215 165 193 76 113 174 91 189 108 29 72
    138 7 158 101 223 5 251 229 55 184 126 235 149 150 189 176 146 146
    171 131 157 156 179 171 73 165 230 76 51 51 101 62 160 51 224 222
    228 96 154 89 81 86 188 195 175 111 143 135 135 244 170 133 54 71
    235 205 199 95 163 95 83 156 19 12 60 39 99 75 72 185 133 29 99 205
    178 127 176 41 103 178 63 134 75 27 65 184 94 4 189 65 107 55 225
    127 92 238 78 162 45 187 232 33 227 93 241 152 150 78 123 116 97 197
    110 119 84 132 123 124 245 136 124 5 82 147 213 228 166 119 208 62
    74 110 43 50 104 110 120 210 0 7 165 231 4 14 64 99 43 82 137 217
    107 119 247 218 187 239 32 31 155 161 89 239 113 222 83 14 160 123
    53 28 237 127 42 67 24 114 207 61 79 138 67 56 148 56 129 30 40 206
    232 172 249 65 62 98 160 54 229 5 126 165 184 175 135 179 239 20 4
    155 105 36 42 255 91 93 227 135 234 215 208 84 27 213 3 106 110 21
    116 139 179 86 178 147 69 152 198 1 183 247 216 190 56 70 7 156 99
    215 73 41 12 97 216 171 69 48 249 13 113 188 5 73 232 235 116 247 70
    146 179 246 198 82 197 211 18 217 172 178 97 8 124 123 189 134 56
    127 204 21 146 140 160 0 181 116 179 57 0 62 75 184 139 142 222 197
    78 216 188 58 117 53 25 222 80 210 104 37 10 145 124 24 103 87 177
    166 168 251 209 121 93 223 130 70 59 70 130 227 44 205 36 249 212
    144 58 241 124 251 16 8 227 61 91 207 203 166 46 141 142 192 91 11
    59 150 230 104 209 97 163 112 7 0 94 133 209 223 161 198 235 166 163
    105 175 101 100 230 174 87 192 199 36 5 168 50 246 233 28 218 137
    149 68 200 127 214 186 176 46 133 180 187 241 191 64 38 122 13 231
    74 242 251 60 192 123 34 10 209 65 151 106 116 79 159 92 192 226 219
    142 130 95 88 196 31 100 233 211 113 32 221 242 211 136 124 65 12 75
    54 183 0 110 153 126 241 65 50 11 183 193 137 12 187 203 47 194 183
    212 212 104 102 118 234 195 252 52 180 171 9 43 135 77 117 64 164 66
    133 231 80 159 215 24 12 149 58 240 122 127 248 111 130 100 251 240
    11 168 66 186 228 5 251 249 41 24 208 222 203 223 248 201 191 1 74
    181 165 9 109 237 124 196 100 88 224 11 172 204 23 152 39 201 236 46
    127 167 31 67 65 169 196 74 143 8 57 217 223 169 59 118 19 233 139
    89 187 134 237 208 43 74 60 171 123 92 56 180 189 251 72 102 145 37
    122 242 17 146 43 207 236 165 129 70 152 64 52 34 220 91 204 244 66
    193 208 115 144 168 132 173 6 46 29 128 78 152 173 21 97 26 28 130
    113 20 49 126 56 240 204 230 227 212 13 29 78 200 138 167 237 148 64
    46 70 102 232 168 203 20 181 160 139 70 221 183 79 185 248 96 3 173
    29 206 92 225 214 96 62 42 15 63 22 197 23 39 233 130 181 197 0 237
    246 255 249 12 5 144 29 99 180 245 169 163 43 99 17 86 217 172 81
    196 31 211 229 85 181 247 159 246 98 149 225 31 147 196 218 29 79
    244 167 171 231 106 110 108 112 183 245 172 15 75 63 213 172 152 233
    118 130 152 72 252 120 248 29 217 229 231 110 108 6 105 232 219 32
    182 81 137 67 22 191 157 73 240 184 246 120 202 20 155 109 144 228
    27 132 85 253 51 28 183 127 6 101 69 27 7 71 26 15 197 117 169 29
    208 250 73 147 100 190 213 178 17 63 106 238 228 97 36 17 99 244 148
    155 73 82 80 203 114 68 203 143 151 233 158 70 220 9 36 134 80 229
    215 254 112 5 225 226 62 198 148 175 215 226 189 25 253 154 80 53 83
    56 79 150 217 149 0 250 175 187 33 168 221 121 101 71 205 136 132
    192 168 154 195 77 47 18 123 56 226 161 208 25 149 238 35 174 249
    113 94 218 16 172 232 250 194 120 82 115 152 68 249 0 214 232 127 0
    136 146 165 25 139 90 22 216 12 10 247 30 72 49 8 169 82 193 31 196
    90 13 24 152 124 166 111 117 138 106 191 111 149 196 132 189 94 103
    61 228 26 239 72 225 144 100 10 230 92 13 50 27 146 32 214 179 124
    244 66 99 170 119 17 190 93 219 12 177 99 132 136 175 9 192 148 206
    27 178 129 60 158 166 233 73 10 60 30 138 229 220 136 212 251 172 15
    245 179 8 96 42 60 109 206 68 205 254 41 175 63 62 89 164 102 217
    235 241 212 21 194 151 133 55 202 165 209 50 67 194 218 193 122 45
    112 19 202 224 249 64 19 98 64 64 35 86 32 50 20 46 126 207 147 69
    71 206 180 45 19 239 198 131 192 40 57 126 10 48 7 144 196 94 184
    100 175 31 192 249 250 117 126 195 92 63 70 181 163 247 117 180 42
    165 69 52 99 168 236 253 59 70 106 251 231 177 16 82 123 124 25 45 2
    236 251 183 99 217 85 204 172 97 50 72 126 23 55 189 223 83 65 208
    58 188 89 201 41 162 132 221 237 249 59 85 177 192 32 118 196 46 2
    126 22 154 244 152 115 215 191 70 34 184 111 245 160 180 139 79 19
    238 175 131 225 174 192 121 170 225 57 198 147 93 110 207 73 168 229
    247 233 20 42 106 141 200 117 57 50 106 206 36 116 208 39 13 114 20
    104 185 71 182 200 2 236 79 152 17 70 132 162 228 114 37 202 53 10
    153 36 203 57 254 59 164 20 186 172 42 93 201 227 64 234 185 9 111
    95 125 201 200 42 141 104 17 92 170 183 76 208 211 147 35 10 162 68
    121 186 54 78 250 11 149 150 35 136 210 243 231 134 129 235 11 237
    131 49 27 78 231 213 80 142 230 94 119 137 39 51 248 60 4 194 96 65
    97 170 234 210 216 22 83 34 215 250 195 36 66 239 218 93 8 212 248
    73 72 181 178 102 18 75 137 195 7 114 105 8 111 148 141 176 1 245
    103 189 250 211 66 136 249 144 199 60 62 111 69 246 125 179 237 35 3
    152 69 134 101 68 21 156 71 101 87 129 166 169 104 37 37 131 248 252
    5 22 206 62 68 45 27 95 1 67 52 122 95 225 108 205 194 109 74 22 45
    167 76 97 7 142 85 67 187 154 87 209 255 233 146 139 103 116 252 172
    220 66 146 87 105 22 117 55 191 218 255 2 113 145 94 34 115 251 167
    47 245 106 110 46 171 239 170 52 37 100 11 87 17 219 89 126 40 184
    209 100 199 254 198 150 202 9 10 181 2 156 25 159 18 107 97 34 177
    88 236 103 234 204 109 226 109 48 229 208 99 122 19 41 0 209 5 244
    63 52 226 94 196 117 45 255 165 6 144 195 112 74 64 200 234 42 128
    62 140 8 96 3 196 28 30 60 224 201 206 245 72 145 145 122 93 181 243
    131 158 106 102 151 228 7 18 82 248 46 174 145 133 135 149 43 236
    137 63 70 42 77 41 12 17 52 233 99 73 161 56 106 85 47 111 214 152
    225 145 196 28 102 73 172 150 207 220 28 127 225 226 145 145 250 78
    18 99 198 34 241 31 20 50 170 62 43 51 233 21 82 5 63 134 163 65 242
    113 247 227 35 180 239 82 215 186 179 9 252 48 156 117 212 225 119
    54 172 60 60 226 16 130 246 228 191 163 63 163 180 193 215 46 123 63
    240 237 172 168 160 40 100 194 144 192 144 246 213 94 16 60 225 90
    212 74 237 74 14 155 129 211 107 230 32 99 28 78 211 193 194 75 122
    2 60 173 197 180 202 14 226 69 75 244 142 41 237 215 71 242 44 221
    238 34 79 62 162 181 165 8 192 213 0 75 149 69 84 227 28 184 153 56
    48 242 137 243 245 243 190 44 91 54 66 229 49 97 100 67 143 167 225
    180 132 198 39 90 253 48 54 81 221 155 191 158 216 40 230 14 0 14
    226 125 249 51 177 214 158 123 94 102 48 193 145 213 124 252 123 35
    125 229 25 103 184 51 238 190 195 202 144 241 52 93 52 245 139 212
    34 14 121 127 138 233 171 3 49 83 154 68 226 165 209 80 240 93 123
    64 239 150 148 38 165 204 132 227 39 77 88 152 121 20 131 186 35 219
    139 207 157 66 175 187 34 49 129 97 154 82 106 130 33 20 140 24 238
    214 215 139 196 54 236 122 22 168 63 8 154 87 26 21 181 175 205 201
    148 154 253 22 176 127 204 38 238 107 249 155 84 248 172 209 143 110
    182 40 215 25 102 172 38 247 94 3 87 242 208 36 128 241 142 44 110
    119 45 151 170 182 61 156 3 91 124 46 181 47 77 205 211 214 21 33
    225 152 240 201 19 85 249 165 45 192 35 3 191 139 188 118 165 187
    116 252 40 49 223 121 189 251 97 224 20 81 223 41 147 97 150 44 114
    93 99 121 60 117 79 197 72 25 235 222 69 169 3 88 73 62 192 50 201 0
    233 180 34 144 21 71 107 75 97 53 158 208 58 50 212 184 158 79 73
    158 142 138 196 227 244 137 178 41 62 139 61 220 34 179 241 227 145
    76 167 58 222 166 222 41 182 246 188 22 193 20 46 38 215 34 95 121
    157 153 31 136 64 238 248 228 192 95 156 91 38 214 108 123 43 59 65
    197 171 239 178 157 93 134 9 190 219 154 36 221 149 5 126 199 102 14
    50 21 150 124 19 76 84 157 104 143 51 88 95 112 161 5 115 234 171
    171 66 107 36 80 108 195 157 50 24 134 7 2 169 226 35 110 36 0 157
    175 108 246 217 230 238 247 174 61 248 8 37 134 203 7 195 64 161 230
    171 8 228 61 83 201 252 67 180 49 44 153 147 69 44 240 6 78 88 156
    114 185 255 45 66 150 94 91 245 131 166 60 194 39 110 237 218 231 59
    211 254 220 227 143 254 49 181 252 192 140 115 218 73 218 63 208 39
    201 181 23 69 92 110 76 121 67 247 77 215 67 165 199 198 162 52 251
    92 118 84 203 107 100 79 207 74 120 112 240 233 142 39 246 84 45 79
    182 177 134 254 51 216 141 96 196 172 132 51 93 221 219 19 149 229 9
    145 14 128 24 105 128 234 145 52 190 106 204 150 215 4 0 121 115 179
    3 199 255 117 45 59 181 21 38 183 118 137 207 202 221 62 232 3 86 48
    112 76 237 25 7 152 67 70 192 242 75 45 152 156 58 37 81 176 45 20
    177 53 1 117 197 205 239 203 69 93 226 160 242 33 167 100 194 9 57
    247 136 60 89 111 114 109 25 113 34 97 89 11 94 148 24 71 40 139 121
    230 216 81 89 69 82 138 202 131 77 208 212 54 214 193 157 203 188 17
    245 46 184 163 37 222 216 150 153 243 62 228 232 31 152 255 215 118
    181 71 161 113 207 120 209 63 52 37 8 49 78 74 99 214 15 25 91 206
    241 12 214 204 241 12 200 54 224 200 194 238 182 213 137 75 3 140 89
    16 76 220 161 234 247 202 18 169 170 88 137 253 76 70 113 42 192 247
    43 89 230 43 239 157 79 85 100 157 146 175 128 18 238 124 122 186 53
    42 156 75 74 58 176 92 26 5 40 160 182 236 208 134 220 13 204 59 123
    101 52 75 149 3 140 142 30 36 115 57 63 242 19 67 3 152 172 50 167 7
    80 75 221 160 82 191 224 236 218 100 240 75 207 158 190 213 83 240
    112 247 176 18 12 179 54 120 245 178 116 155 253 125 161 10 28 78 10
    142 0 245 206 235 39 185 145 19 7 49 143 91 19 163 64 223 229 26 13
    154 51 129 194 100 223 155 127 240 184 179 217 131 162 88 128 186 4
    168 3 43 194 159 244 5 227 116 202 63 35 206 191 122 26 131 174 216
    102 97 242 221 195 245 90 1 125 197 206 116 224 129 134 57 36 238
    223 170 148 197 123 248 177 49 93 55 233 209 95 215 152 75 242 13 49
    227 244 233 43 0 2 70 140 204 152 23 54 103 105 61 255 199 51 246
    164 189 171 31 37 244 38 33 174 15 193 103 185 216 146 66 17 186 175
    85 130 149 143 208 185 144 130 186 21 239 214 102 79 32 226 5 97 126
    126 140 3 247 99 127 7 35 104 220 115 117 222 195 82 132 36 211 129
    226 182 28 230 99 59 91 135 32 102 9 246 153 66 254 227 104 203 236
    197 91 238 151 249 115 231 111 17 90 127 54 68 5 129 111 85 94 168
    160 79 39 26 94 15 249 116 154 130 42 212 114 229 126 127 132 195
    123 194 252 46 144 238 242 86 105 128 191 186 161 125 75 0 16 237 62
    204 5 167 91 39 90 253 117 179 25 60 230 82 224 192 105 246 179 185
    59 77 50 240 37 39 110 179 145 10 120 254 28 160 116 28 82 97 32 180
    5 138 172 13 33 75 4 192 191 58 154 171 149 220 242 143 19 35 221
    209 227 161 119 76 117 76 166 202 108 15 2 173 156 165 34 190 121
    161 142 92 63 190 43 115 204 226 137 157 151 164 250 89 125 104 94
    211 210 130 28 234 110 29 90 154 158 70 254 145 147 96 205 15 54 25
    30 196 82 189 137 224 231 210 243 206 49 154 171 232 75 107 19 166
    140 11 85 240 112 134 73 95 120 117 122 166 226 208 36 97 43 105 69
    1 174 116 42 204 64 103 213 172 247 118 255 117 14 178 94 157 80 17
    109 152 205 80 63 125 151 213 250 110 54 22 3 168 176 57 158 244 38
    232 185 19 242 156 153 136 187 178 96 224 254 238 96 209 171 203 76
    100 16 213 225 47 162 189 106 132 213 175 205 60 134 110 219 8 183
    115 64 114 165 14 228 45 155 27 248 221 30 80 3 190 216 11 190 82 97
    64 107 156 11 159 49 182 180 24 213 177 205 193 217 127 46 81 89 42
    152 145 46 56 242 122 152 113 177 105 137 79 125 107 244 39 220 89 1
    238 84 67 176 53 190 90 100 27 204 17 213 121 43 150 248 67 125 18
    130 220 212 181 231 208 130 177 94 185 17 103 234 69 165 59 244 233
    6 135 2 96 161 31 169 167 220 183 143 17 184 156 112 69 119 218 80
    37 12 215 67 8 113 155 243 62 162 137 115 107 55 155 166 236 123 221
    67 143 185 54 14 102 234 229 43 182 34 131 45 191 86 231 130 247 142
    184 32 66 160 56 156 39 173 40 128 37 98 163 184 199 71 184 224 125
    193 249 47 181 15 66 5 138 112 184 36 230 15 201 41 154 85 54 64 16
    6 165 238 195 245 254 95 109 247 103 163 57 148 168 111 185 2 100
    222 128 155 195 172 73 134 238 128 120 191 190 178 91 225 13 155 34
    10 107 183 11 98 211 147 140 49 190 255 168 116 100 235 78 25 97 120
    217 192 9 239 117 82 24 62 69 26 110 95 150 165 167 217 82 196 9 194
    19 174 139 238 102 167 156 80 72 93 71 164 184 52 192 6 172 6 123
    112 180 165 66 67 73 29 14 251 204 151 16 114 240 167 1 206 164 176
    174 242 51 239 66 41 254 98 0 176 21 39 209 154 231 153 31 143 64 75
    186 13 190 189 234 163 122 194 157 253 194 196 88 149 235 85 60 123
    106 53 61 131 230 10 163 24 145 41 115 1 225 190 37 98 245 99 17 97
    190 132 205 212 22 139 63 227 91 186 10 204 217 75 63 255 150 203 17
    27 170 122 219 81 184 121 24 13 179 204 175 125 255 43 199 185 38
    194 109 157 254 57 223 227 235 204 80 40 116 142 52 197 135 174 200
    156 128 196 201 53 30 104 104 20 255 114 226 15 106 77 220 153 106
    82 8 1 224 185 123 207 9 52 215 178 34 191 241 132 227 95 38 85 244
    163 92 44 207 5 164 154 224 1 157 153 145 226 240 195 140 15 172 157
    10 159 49 228 203 205 204 211 96 203 125 240 167 204 233 186 138 252
    148 197 127 1 178 224 182 108 98 195 75 181 144 156 14 208 175 22 92
    126 152 59 49 115 118 155 232 238 5 236 242 74 120 165 170 179 28
    194 221 67 229 53 216 251 209 75 116 208 3 153 131 50 213 105 49 55
    123 127 66 216 215 20 176 230 236 236 142 85 253 55 252 106 173 171
    187 233 116 111 10 244 115 228 181 65 114 238 102 117 243 224 1 194
    60 139 182 131 200 127 223 220 147 201 22 193 251 236 51 52 100 53
    175 83 117 252 184 60 201 143 204 178 111 150 241 108 36 62 80 233
    189 92 171 185 151 55 81 82 190 139 224 73 28 255 100 124 79 157 33
    26 52 86 55 188 206 130 162 112 253 251 36 182 43 1 97 243 92 154
    115 167 193 215 219 71 79 132 230 133 0 124 75 189 180 79 191 155
    247 183 39 198 50 154 130 62 155 230 48 21 194 242 217 225 53 32 175
    221 64 208 89 130 144 109 195 233 230 63 216 169 167 164 113 175 90
    143 233 190 221 239 214 232 215 93 172 15 190 174 184 134 208 41 191
    206 249 86 119 77 67 18 15 149 54 106 66 88 45 138 128 37 36 254 29
    27 104 168 173 55 34 145 204 160 191 213 121 65 156 51 90 234 121
    149 93 28 150 10 126 48 171 26 112 169 182 71 204 95 21 189 206 87
    160 31 67 158 69 33 96 65 20 50 18 92 246 0 101 148 56 152 35 193 98
    49 240 148 197 33 227 134 68 17 215 210 115 103 157 10 183 16 233
    242 53 137 229 13 152 200 159 86 185 107 178 215 98 253 39 123 138
    12 213 98 88 23 143 125 64 206 28 156 231 131 100 120 80 11 43 104
    56 144 125 116 10 200 120 62 18 42 128 129 98 20 73 166 57 235 110
    51 74 51 147 163 245 206 171 209 195 238 168 134 129 23 62 12 3 205
    215 192 231 89 82 100 87 166 213 102 146 194 93 60 53 127 142 83 253
    61 87 63 130 254 170 224 26 106 132 182 145 122 119 124 166 84 189
    99 199 16 174 58 245 184 250 228 92 32 132 252 14 109 92 234 26 50
    25 65 20 148 5 177 180 11 136 34 87 77 204 226 147 2 201 79 175 5
    244 191 170 97 42 25 118 123 102 210 99 190 48 164 22 25 236 209 208
    92 142 156 190 194 52 78 240 194 241 9 70 231 186 166 236 197 155
    142 195 87 98 198 220 13 15 211 144 2 119 90 105 161 190 124 223 153
    110 96 64 207 171 232 22 222 30 230 237 59 33 198 7 224 242 205 40
    182 249 161 9 221 192 64 239 32 76 215 250 148 81 187 178 142 25 136
    210 210 161 118 98 231 129 12 200 19 182 13 198 14 28 157 2 238 212
    124 19 39 52 83 2 15 224 233 244 123 187 186 176 42 25 144 86 151
    225 18 168 58 60 20 254 121 176 86 101 89 51 203 23 250 126 247 191
    184 97 94 188 94 68 233 225 112 24 89 162 105 46 144 42 131 237 217
    44 7 39 224 139 88 116 16 180 133 91 238 206 157 136 11 79 130 50
    149 11 216 253 0 209 144 217 151 79 163 229 45 170 75 209 228 29 134
    199 91 118 221 174 181 36 76 131 225 68 72 157 226 249 38 130 48 29
    75 47 229 175 62 18 1 232 175 67 236 177 135 205 114 98 210 43 185
    70 166 131 83 247 221 59 155 111 103 242 111 39 102 81 176 176 158
    214 181 20 198 10 82 173 104 70 46 10 190 92 179 6 245 114 128 140
    37 167 67 210 198 15 162 226 166 201 13 4 84 47 36 201 151 177 81
    227 119 48 20 56 189 86 64 17 0 236 242 52 137 209 123 39 62 155 237
    232 39 196 220 102 128 153 243 83 38 213 31 166 157 203 110 98 185
    163 204 133 211 164 73 63 249 104 74 109 2 104 38 86 93 251 49 42 44
    82 150 65 218 23 101 179 124 25 108 104 59 77 142 245 254 104 52 46
    194 251 70 231 16 18 174 141 117 236 254 171 184 49 149 95 136 164
    31 145 44 56 5 130 10 204 123 24 101 22 73 57 140 236 28 243 79 94
    156 188 105 115 197 127 234 75 21 47 248 95 173 237 175 241 146 96
    108 236 191 129 224 67 39 118 54 84 186 254 60 119 181 125 83 112
    250 132 11 104 140 145 82 219 96 191 219 85 235 228 229 66 223 245
    152 213 238 29 207 73 195 70 93 183 35 24 146 213 207 61 119 97 12
    224 154 120 102 10 41 188 205 191 173 12 250 29 223 49 61 79 32 216
    159 45 71 184 137 21 34 205 91 103 18 233 42 10 1 151 119 45 82 95
    139 226 71 156 243 205 243 216 238 89 132 112 190 116 230 23 165 28
    4 70 128 25 5 79 217 208 116 153 1 149 91 21 122 94 65 120 234 224
    210 126 70 97 106 255 148 143 251 88 2 36 116 111 129 233 61 103 159
    29 139 212 152 47 34 208 24 9 65 30 251 73 203 155 83 115 168 45 54
    29 174 77 243 131 169 10 177 8 199 36 149 165 8 14 115 2 180 31 117
    107 227 233 129 173 249 253 150 227 102 7 165 168 58 92 27 231 74
    169 139 33 97 245 61 139 35 179 182 225 49 8 13 253 188 37 157 67 99
    117 98 200 65 217 43 244 2 159 10 176 204 235 44 250 186 250 218 118
    137 47 227 41 30 103 58 92 86 22 41 201 78 139 215 231 158 55 142 4
    221 124 196 205 70 62 196 220 167 204 130 110 142 89 110 225 191 124
    13 128 150 116 96 205 145 85 241 207 204 181 91 193 179 69 188 43
    124 170 220 206 158 212 121 169 169 101 118 231 31 80 223 52 97 32
    202 12 210 51 143 205 66 54 183 165 139 68 183 100 49 243 145 245 97
    237 120 187 77 250 134 103 66 31 208 36 84 35 218 241 5 153 141 3
    171 29 119 80 36 87 167 45 151 164 31 31 41 61 81 105 224 154 24 107
    188 115 27 54 222 147 242 189 122 158 194 226 49 102 27 7 16 160 138
    89 30 190 36 6 253 125 43 163 122 224 163 80 165 123 118 146 111 92
    63 30 240 148 144 132 55 128 163 91 76 42 14 37 222 31 122 78 120
    254 168 86 249 21 164 232 91 82 56 127 57 248 9 14 23 205 198 48 64
    10 90 151 249 208 135 112 94 40 42 35 19 93 131 25 212 135 230 61
    165 221 113 119 181 30 203 82 5 20 46 35 246 252 14 71 244 92 16 69
    196 26 138 139 115 203 243 148 100 194 208 25 159 82 97 4 228 87 234
    68 151 248 127 214 95 48 31 150 2 182 78 172 177 68 135 119 68 12
    127 1 188 105 89 137 18 72 25 24 70 103 122 105 25 144 80 198 243
    253 78 251 162 10 103 4 2 208 179 134 113 207 57 241 72 89 233 206
    82 16 72 245 43 163 243 175 30 140 13 213 69 170 184 197 49 54 164
    176 205 234 41 245 65 68 46 213 42 29 240 233 159 252 183 170 15 228
    220 231 163 55 16 200 92 155 26 144 226 228 195 8 162 203 133 232
    168 139 87 232 182 156 64 238 213 215 56 13 54 99 36 220 77 25 230
    114 61 134 50 32 249 48 81 92 169 31 156 101 189 26 116 52 201 137
    235 1 159 147 208 252 101 232 57 231 22 203 37 107 179 202 166 247
    124 72 219 222 16 175 67 104 7 163 99 172 220 117 196 143 189 227
    143 95 135 231 157 15 71 78 152 203 247 89 214 244 185 253 96 166
    218 186 219 151 140 194 212 180 78 52 66 107 213 23 93 233 199 254
    71 187 13 224 155 133 127 229 138 240 15 42 254 31 39 143 36 85 50
    209 104 152 145 1 221 186 20 106 183 50 251 62 80 25 84 196 112 222
    213 40 140 21 82 73 99 71 151 176 78 191 250 38 192 233 54 205 157
    241 150 236 123 41 248 241 139 254 109 174 76 4 149 144 28 78 85 158
    221 9 162 17 141 177 17 121 195 205 38 237 207 144 122 69 183 4 179
    45 122 228 57 184 17 216 244 43 133 182 243 189 197 163 117 152 249
    181 155 80 80 29 147 241 234 226 239 88 51 176 247 175 66 4 156 195
    77 53 159 160 52 111 119 75 253 116 57 124 51 204 237 61 134 30 69
    130 136 182 136 96 74 240 184 205 181 88 248 189 243 142 10 106 10
    46 182 135 127 38 54 44 230 180 219 175 181 106 3 85 107 140 121 233
    72 57 210 168 20 164 124 159 82 153 243 210 135 239 164 55 93 200
    219 123 203 89 234 113 9 152 241 76 21 167 233 255 83 190 133 27 156
    63 106 2 9 49 212 16 14 236 206 130 199 92 34 217 250 108 10 225 26
    253 161 166 55 195 212 122 172 20 237 7 183 217 177 43 150 232 220
    95 113 52 220 227 46 125 166 203 241 107 49 146 113 32 119 160 180
    10 198 87 219 41 199 161 158 233 249 32 82 57 222 25 200 55 1 158 9
    53 236 55 209 218 43 230 78 11 255 122 221 20 187 166 239 206 8 142
    23 7 222 10 124 223 206 217 142 118 143 172 56 226 155 200 26 51 176
    177 35 188 147 154 250 146 114 12 47 208 187 188 59 98 123 208 55 84
    88 231 84 181 184 253 26 107 89 55 75 255 88 63 27 78 85 149 199 100
    156 112 52 130 149 231 156 28 70 27 241 232 162 56 240 248 51 28 10
    97 72 45 64 253 41 111 214 248 60 19 9 174 18 77 220 27 231 218 154
    88 174 50 145 26 63 57 3 143 145 214 135 13 62 253 165 223 242 207
    203 92 39 227 206 230 7 96 130 14 137 7 197 69 20 43 101 140 143 144
    48 217 135 183 34 231 74 51 42 57 166 123 212 188 172 15 103 1 217
    185 134 27 145 93 229 34 130 15 133 169 170 183 6 247 253 202 130
    198 7 113 106 81 232 250 22 177 64 203 248 155 187 204 203 254 197
    243 102 229 193 57 218 146 199 109 207 45 62 3 239 91 138 100 69 14
    235 153 179 43 45 166 53 192 248 179 207 232 59 128 33 175 213 174
    45 100 139 4 164 156 204 253 131 179 85 123 103 187 30 1 188 182 158
    75 227 227 55 110 52 42 129 49 49 49 11 16 189 65 134 183 255 120
    188 107 175 215 223 152 29 92 177 141 78 131 238 118 191 49 177 75
    95 80 126 52 203 70 203 254 46 162 45 215 249 34 230 125 81 37 116
    142 99 230 252 155 182 18 122 9 226 187 14 22 170 87 10 197 207 230
    135 10 201 223 148 11 248 187 8 219 152 86 75 124 235 219 60 97 178
    58 201 148 152 41 168 225 225 47 87 229 196 169 29 72 57 173 112 207
    227 102 89 204 168 82 77 145 75 103 125 113 63 236 51 142 75 45 242
    59 150 72 84 86 135 75 104 94 187 46 56 183 169 141 213 229 148 174
    98 214 124 215 169 190 49 13 96 24 58 53 205 136 29 152 130 20 31
    211 184 89 165 211 97 11 42 87 71 139 38 60 222 53 93 164 90 48 111
    3 58 176 147 215 204 224 133 26 111 31 106 146 81 106 86 32 96 137
    103 222 133 54 39 168 204 238 3 214 125 215 195 232 251 142 71 195
    206 1 147 134 184 104 128 218 45 251 74 185 86 182 5 120 211 229 148
    200 184 211 1 214 18 86 188 45 13 21 153 12 239 159 171 163 70 23
    150 179 57 196 205 55 48 147 24 241 49 119 206 218 210 27 3 27 34
    125 189 94 127 188 90 208 119 128 144 1 49 135 167 160 136 154 102
    206 168 179 6 33 94 125 59 160 36 235 246 77 124 105 209 225 144 148
    23 47 182 69 202 223 13 156 80 156 101 124 181 31 111 182 161 120
    198 183 238 203 238 70 25 199 248 143 190 87 166 80 56 142 204 173
    83 83 250 114 152 140 246 221 190 62 231 76 43 187 75 198 31 0 127
    10 226 116 237 85 67 152 69 237 134 43 106 226 168 176 10 83 115 200
    162 117 99 56 180 152 159 79 72 227 67 255 210 11 122 53 216 164 141
    153 157 113 75 203 22 100 108 192 35 215 125 37 114 150 82 181 87 39
    209 159 157 21 160 198 139 191 57 175 155 127 37 185 157 65 224 244
    155 114 79 59 139 76 7 84 244 100 155 210 252 45 164 219 92 239 112
    79 133 92 155 163 154 31 157 98 44 206 232 50 39 179 71 193 61 55 12
    87 91 16 71 139 192 55 232 110 183 193 240 97 54 194 230 77 233 243
    97 194 43 120 8 131 70 88 225 91 237 42 59 196 198 97 85 13 204 75
    41 40 220 221 14 222 184 177 118 76 174 123 250 182 193 9 149 77 201
    250 134 186 254 29 244 54 64 88 133 179 228 74 96 129 170 185 234 70
    241 79 67 105 122 69 159 141 127 42 48 207 64 34 231 190 173 12 240
    13 173 147 249 207 129 171 242 160 250 219 57 24 230 53 237 64 179
    25 52 112 179 25 252 129 30 123 164 185 101 209 119 182 131 139 136
    138 12 93 119 37 210 218 239 171 54 171 0 231 162 128 65 97 185 132
    45 153 150 67 241 213 229 171 3 47 144 248 111 54 62 152 134 70 213
    223 45 138 54 247 40 213 177 49 124 215 242 218 84 243 133 206 127
    116 82 244 140 144 203 233 35 41 58 250 241 59 130 46 99 215 57 89
    251 96 4 241 54 251 247 119 97 157 215 161 151 152 125 219 8 78 4
    151 245 40 40 89 166 232 36 2 138 67 184 194 174 74 91 46 231 236 22
    203 197 128 79 14 104 181 82 155 233 221 218 127 72 91 83 141 29 24
    66 116 192 230 22 170 26 20 30 186 254 35 73 174 205 218 195 183 77
    213 184 4 68 88 219 113 155 248 3 227 150 85 217 43 128 104 164 254
    92 251 218 104 205 183 84 186 248 142 132 67 174 178 47 10 11 103 65
    162 52 2 253 174 184 186 223 53 73 225 234 124 163 27 129 19 190 149
    250 222 131 58 94 154 28 233 197 158 208 199 62 95 247 107 203 187
    49 35 216 54 56 227 55 145 176 126 4 169 237 27 77 145 123 242 8 154
    12 183 74 219 42 153 7 183 49 231 131 76 249 168 26 14 194 158 220
    243 73 139 110 231 72 199 159 181 124 5 115 141 124 236 64 43 48 164
    171 167 174 148 244 254 245 227 118 84 110 183 83 175 17 203 46 63
    203 4 143 171 156 170 170 21 78 5 102 155 181 17 62 121 111 255 129
    7 172 13 191 106 17 216 91 18 57 135 215 71 63 216 138 184 74 100 56
    108 241 187 38 26 81 247 113 33 226 251 98 207 102 236 82 110 150
    235 221 38 246 219 171 11 124 85 1 130 189 171 241 204 209 71 111 80
    76 126 74 24 12 11 116 196 140 64 80 252 186 184 13 37 41 93 107 91
    69 246 61 224 187 242 73 132 225 88 58 129 80 224 77 244 148 56 202
    217 195 96 27 239 115 4 172 120 121 95 155 164 14 11 201 175 244 30
    50 133 185 218 111 62 20 159 164 62 90 196 106 222 94 118 255 184 53
    122 145 13 46 142 97 232 60 162 69 104 253 149 145 238 134 249 16 5
    169 172 122 226 119 204 16 132 184 236 161 28 126 96 55 190 43 115
    64 195 95 223 23 69 174 62 8 172 203 248 97 40 60 206 209 255 24 43
    224 40 84 142 102 28 3 84 91 83 57 211 85 67 86 104 229 85 39 38 197
    80 73 20 89 228 147 2 157 98 168 200 188 121 217 83 241 67 107 56 78
    75 21 49 23 253 219 117 20 144 185 109 178 168 45 83 165 91 58 70 73
    55 252 5 42 80 76 92 149 48 31 142 247 76 45 67 95 238 34 231 104
    145 17 124 0 248 165 12 48 109 179 45 221 189 79 151 62 4 62 189 131
    219 12 14 180 43 36 42 73 64 60 209 100 55 11 44 245 2 94 91 8 162
    209 41 169 30 107 172 86 253 46 149 32 158 42 79 243 2 91 13 203 249
    67 38 90 188 41 246 8 125 185 112 72 92 70 150 50 13 119 247 205 56
    200 245 211 25 53 138 161 109 83 160 216 52 76 255 50 29 10 78 171
    131 142 140 165 100 62 245 114 154 67 218 47 73 61 11 137 145 234
    129 174 209 14 93 197 226 119 5 121 112 25 148 7 174 145 138 201 209
    83 235 230 92 61 122 226 10 32 18 56 137 157 45 161 139 147 202 162
    159 157 121 70 250 50 178 56 168 239 137 32 188 255 99 142 11 96 159
    106 222 34 39 161 47 2 10 122 151 19 19 81 177 18 211 27 244 187 166
    22 89 17 58 25 90 58 216 3 95 149 159 105 240 254 26 165 54 133 33
    135 153 30 56 246 141 75 183 148 55 207 214 207 251 192 69 7 209 41
    171 177 24 213 87 235 77 105 8 134 27 64 55 227 253 71 145 174 124
    111 28 172 223 69 5 241 75 33 1 85 41 23 25 133 5 231 116 164 76 56
    52 213 41 143 253 159 121 211 26 16 182 77 192 222 206 100 248 144
    212 12 99 239 38 3 149 188 230 11 135 124 170 117 89 139 148 255 150
    39 178 98 73 189 5 198 58 166 24 161 168 131 139 171 252 224 236 105
    22 223 159 226 22 237 165 74 254 193 87 153 80 7 88 3 250 52 167 13
    207 218 200 110 214 245 164 110 158 94 155 88 186 255 213 79 113 95
    243 84 179 129 164 177 53 23 3 52 237 192 102 244 159 15 98 141 242
    39 0 63 107 38 28 83 74 161 97 123 48 196 253 68 226 90 61 20 7 222
    15 21 63 212 212 116 154 61 82 54 52 17 58 183 246 230 100 109 115
    198 121 35 100 15 226 34 217 6 203 148 131 209 206 92 71 94 160 162
    138 121 49 180 26 189 152 98 165 252 58 83 95 14 57 116 45 13 224
    124 175 247 159 204 12 82 49 208 241 122 9 204 148 84 28 38 39 62 24
    104 45 100 137 169 52 147 31 101 122 239 91 103 67 41 73 24 57 45
    136 177 153 178 98 9 251 5 187 96 190 60 125 196 169 250 240 123 72
    31 122 46 229 51 198 245 72 102 60 10 242 179 246 155 93 169 180 65
    1 49 174 203 253 149 183 152 5 225 242 188 194 98 212 26 112 244 116
    35 178 64 173 94 64 113 249 48 112 116 25 155 107 162 19 62 63 201
    79 59 167 157 164 246 15 184 2 25 62 136 38 202 19 32 180 123 106
    251 36 142 102 240 182 225 162 219 13 19 143 86 57 242 35 211 97 138
    10 78 249 4 139 242 145 5 79 249 134 5 31 14 135 81 21 170 185 240
    70 201 64 182 82 102 7 110 164 152 197 119 235 3 62 221 52 33 25 138
    241 153 41 127 49 192 97 238 122 62 131 92 59 87 121 213 235 69 180
    60 34 4 236 193 233 250 12 8 54 144 237 136 125 21 37 13 6 57 77 193
    67 186 74 79 165 219 226 120 244 105 76 166 232 50 59 244 216 232 90
    87 207 114 150 11 211 59 237 191 248 140 144 105 70 193 78 177 182
    202 105 40 82 127 64 92 64 45 32 120 103 215 246 158 64 41 199 233
    106 217 161 231 142 78 47 183 156 32 202 56 181 201 136 58 96 191
    245 97 118 155 254 45 97 7 25 51 216 214 77 162 131 210 212 193 49
    122 89 51 54 227 196 225 94 39 164 97 148 134 179 230 23 177 41 77
    180 217 124 223 179 155 48 65 20 151 225 233 204 221 95 45 83 1 133
    240 65 65 34 188 154 22 206 136 114 52 32 129 254 167 65 92 156 245
    64 227 175 94 95 234 172 146 199 186 150 170 30 21 83 65 52 175 55
    150 53 157 18 36 158 198 59 53 1 211 1 70 193 183 137 137 123 234
    210 21 235 49 143 204 174 142 228 99 136 59 74 189 109 17 66 225 109
    157 179 242 139 20 40 33 9 167 17 109 242 10 167 9 207 30 20 133 136
    119 0 33 152 180 194 35 158 117 218 130 223 43 148 188 9 252 133 253
    69 143 200 44 233 217 16 95 148 255 177 190 206 20 102 234 55 33 166
    9 28 127 43 247 227 30 26 235 84 84 131 186 150 75 101 23 8 94 247
    180 132 176 174 181 34 99 14 167 155 60 114 28 67 156 10 254 114 185
    234 126 185 130 73 196 190 118 6 247 22 238 69 45 13 60 195 166 225
    83 243 142 134 182 6 237 173 17 114 32 238 200 182 56 12 109 224 8
    11 4 227 207 187 5 191 152 131 239 73 49 198 227 222 241 6 76 80 178
    80 26 143 116 133 231 93 139 255 247 245 4 70 199 105 231 110 93 59
    209 230 245 236 143 13 222 216 96 184 228 27 111 35 41 188 7 202 172
    157 132 10 16 49 101 227 19 46 16 161 37 123 162 39 96 172 66 36 94
    19 83 197 24 173 7 205 123 97 126 146 179 147 185 132 52 178 121 66
    34 182 43 100 161 157 248 211 61 145 109 144 70 152 2 167 70 236 68
    92 128 42 62 217 140 198 214 85 252 232 73 184 64 223 61 145 176 179
    53 61 145 251 189 109 162 20 191 93 62 172 186 252 179 6 17 222 144
    230 97 69 56 44 196 166 123 103 211 197 111 241 66 188 36 35 34 240
    154 194 87 209 92 175 113 26 180 71 230 17 31 23 170 223 68 104 146
    77 113 134 170 7 119 253 174 23 210 3 147 72 249 190 221 39 175 36
    43 205 213 203 152 104 217 237 42 117 2 33 125 83 99 169 195 39 240
    202 120 32 1 34 210 146 236 197 23 117 172 234 235 167 155 180 215
    156 106 30 64 200 221 250 113 98 89 246 9 131 163 213 5 48 42 122 7
    28 158 142 112 235 51 219 156 253 239 158 193 206 103 98 198 142 161
    112 165 19 173 50 23 249 46 4 33 215 246 25 198 180 3 102 238 47 245
    208 204 194 155 185 148 195 63 215 161 185 136 70 185 148 122 24 254
    68 58 114 162 187 51 33 178 181 55 217 76 69 113 78 187 217 144 94
    169 249 241 190 194 216 74 141 219 46 167 119 159 3 143 140 9 55 37
    44 111 250 64 233 227 176 130 145 180 101 144 139 217 55 95 63 136
    138 14 202 93 240 15 153 149 120 102 39 208 171 186 195 102 44 33
    196 22 123 94 248 233 3 229 149 174 72 165 10 240 25 189 89 148 148
    205 142 41 115 238 91 96 222 106 103 143 146 241 112 82 41 151 210
    83 80 150 183 241 208 146 69 63 111 223 19 236 41 184 218 169 70 193
    199 38 174 143 123 200 49 4 209 174 18 116 65 235 213 67 101 42 227
    173 188 190 231 44 151 70 179 24 20 198 1 30 215 66 139 18 85 231 75
    108 132 104 83 237 213 121 45 136 233 177 114 33 1 212 172 173 142
    15 107 227 165 243 142 85 216 89 241 73 192 181 75 232 137 119 50 92
    236 130 44 34 28 25 218 189 25 100 66 49 108 222 142 43 150 247 240
    127 87 222 79 151 11 114 148 71 4 140 86 127 220 139 236 11 204 233
    242 247 72 33 171 212 1 220 182 93 172 107 178 74 27 18 208 100 43
    125 53 76 109 12 214 128 41 83 228 191 40 93 26 119 141 207 250 63
    82 170 65 157 190 45 167 33 107 208 120 225 167 206 72 154 99 133
    128 172 171 58 148 193 67 163 214 161 210 208 185 161 199 211 32 120
    54 120 245 245 210 31 219 226 56 39 14 205 180 162 124 62 215 114
    238 212 221 215 58 79 241 157 165 223 170 253 175 107 237 119 174 57
    248 125 241 60 30 32 29 61 54 228 9 217 8 37 49 2 203 220 172 198
    191 71 56 156 193 81 155 78 85 8 171 208 39 32 12 252 105 177 218 4
    191 176 103 24 7 212 28 153 116 123 130 46 67 133 220 156 81 9 189
    72 55 40 8 77 214 250 240 157 32 136 199 177 167 63 120 52 71 98 206
    171 84 199 107 176 190 190 145 166 76 5 75 138 15 8 53 249 174 8 252
    71 17 181 174 235 242 160 213 17 9 122 175 63 190 157 142 42 119 102
    22 240 5 184 13 179 218 68 191 86 111 158 96 42 171 226 122 222 85
    19 162 207 55 194 119 187 23 71 170 127 11 27 152 82 152 224 231 215
    133 91 105 240 92 25 155 81 49 41 163 113 57 4 127 115 63 104 209 81
    126 20 255 76 25 166 60 17 100 84 107 131 104 253 38 89 18 162 141
    43 71 35 23 34 124 211 64 232 230 17 228 112 170 243 166 180 200 39
    15 179 214 92 96 20 231 102 247 229 142 191 16 215 21 2 174 115 183
    173 82 123 190 196 158 66 196 202 161 242 24 5 146 18 13 75 221 157
    144 3 224 224 220 74 166 99 44 178 166 153 183 190 223 80 56 192 134
    123 75 241 205 203 23 142 153 27 46 106 61 123 234 134 139 92 203
    197 183 237 196 79 94 9 118 205 72 62 184 87 108 127 61 136 213 242
    81 107 154 42 164 128 242 45 219 150 228 68 161 226 183 139 86 158
    64 146 54 45 104 130 251 117 170 95 177 226 130 87 43 32 27 167 90
    89 241 235 0 243 44 92 60 184 134 173 121 196 168 176 125 241 158
    100 24 2 171 150 236 64 248 41 159 197 252 208 111 24 32 189 214 127
    173 34 25 172 70 240 238 13 24 107 93 138 229 98 123 48 54 46 152 80
    9 57 30 222 191 22 155 108 21 7 64 176 10 136 185 36 50 217 58 4 156
    165 53 243 158 218 161 36 230 212 151 206 198 32 99 33 69 23 156 76
    194 227 115 13 44 26 163 158 21 163 93 99 175 198 185 43 79 192 131
    90 50 220 91 130 177 251 209 149 68 140 129 245 30 75 82 166 234 210
    183 204 130 162 157 78 215 99 131 188 9 56 227 82 86 161 144 84 161
    51 149 144 228 83 107 87 147 201 242 252 62 87 98 29 78 55 32 171 34
    222 85 109 9 104 145 186 249 204 38 65 121 91 250 234 12 22 28 249
    153 55 112 136 159 58 26 146 121 69 33 211 126 23 159 251 23 39 11
    255 39 216 54 33 207 122 166 114 213 51 37 189 157 15 24 79 173 50 8
    12 104 198 48 1 212 227 228 135 243 109 95 69 26 167 211 151 218 52
    143 90 56 0 233 175 170 209 200 159 63 53 88 218 207 140 124 97 217
    16 254 251 64 95 96 212 213 253 181 245 121 59 162 151 121 66 98 114
    238 24 93 158 32 134 196 81 148 3 253 204 182 0 251 106 37 70 166
    130 75 178 119 234 88 101 198 121 83 0 247 142 91 117 73 13 247 116
    72 129 142 138 187 47 180 135 56 138 224 104 69 54 153 181 109 75
    167 240 202 124 160 240 59 165 154 197 200 82 204 64 99 81 213 106
    106 114 1 217 207 144 252 72 60 215 61 131 5 91 49 105 178 228 159
    239 248 160 127 79 74 108 162 59 255 43 134 199 232 113 214 195 228
    140 0 30 203 232 133 172 41 143 78 149 209 227 209 208 242 203 132
    108 151 150 27 3 35 203 180 138 62 247 62 62 93 31 214 54 186 153
    189 254 142 241 205 127 174 25 110 155 238 113 252 3 103 162 54 248
    15 184 38 150 98 96 20 155 193 89 202 41 236 71 126 135 34 115 89
    156 127 135 198 123 255 197 5 148 247 81 147 61 37 247 198 99 237
    236 41 189 62 92 87 225 113 8 199 16 116 116 93 6 47 96 128 124 28
    11 243 187 7 116 105 169 143 57 248 113 123 167 109 200 190 203 214
    9 50 74 76 105 255 192 132 89 89 33 175 194 190 125 114 24 37 64 165
    249 228 199 18 97 75 225 58 17 193 8 4 233 242 72 191 217 18 10 50
    192 175 147 110 153 67 130 223 91 66 28 97 145 81 230 13 121 174 100
    133 205 43 169 90 105 141 89 215 61 118 240 231 185 72 245 14 174
    194 37 111 102 55 22 121 223 181 44 48 177 216 96 107 190 39 219 159
    183 111 208 62 109 5 101 112 20 215 199 159 97 212 247 82 48 254 135
    36 170 62 126 98 124 250 108 234 184 108 38 113 91 5 39 44 28 164
    182 183 247 248 77 124 166 170 66 65 243 44 253 155 118 120 91 183
    206 57 118 21 49 239 120 10 80 35 24 151 167 16 113 119 32 7 121 215
    106 194 46 109 48 47 11 178 246 188 95 206 244 110 1 147 253 137 34
    194 152 4 135 140 56 125 182 209 59 36 155 92 167 241 243 122 161 62
    225 189 253 120 222 94 114 201 222 83 29 247 167 205 142 117 151 54
    214 36 192 249 162 112 90 165 235 6 37 9 134 180 76 169 150 1 167
    140 29 76 57 108 47 205 51 190 138 126 226 229 126 150 47 30 47 241
    252 140 4 44 253 82 152 54 157 99 253 184 34 176 255 7 193 77 219 44
    48 90 227 177 133 164 17 188 85 39 139 44 205 16 240 73 151 196 132
    159 219 241 17 132 99 65 208 96 173 236 218 208 206 221 136 6 1 32
    89 31 32 216 112 143 80 235 66 140 194 246 101 79 69 56 42 186 141
    81 98 151 110 181 154 77 16 91 19 165 123 213 41 35 166 135 137 222
    49 186 199 52 67 142 169 110 144 5 79 2 251 143 252 239 136 208 141
    164 202 212 94 63 120 142 70 211 174 135 213 22 234 64 130 56 247
    137 235 83 115 21 35 208 147 68 88 179 173 12 250 53 76 80 40 51 171
    32 172 45 46 32 12 61 121 26 135 186 128 176 125 127 14 118 139 186
    201 90 45 81 181 145 61 122 150 185 3 24 117 43 94 211 144 127 144
    205 171 59 97 154 88 87 75 192 229 220 20 250 126 201 16 197 204 186
    23 201 137 62 119 95 243 51 143 182 90 40 15 16 182 79 96 76 37 40
    243 55 234 22 49 59 132 204 158 213 85 63 45 47 43 19 84 20 108 228
    6 220 87 43 229 44 128 126 124 40 193 144 209 6 99 235 235 13 79 47
    56 163 143 100 110 84 99 18 171 226 29 218 7 195 188 149 152 72 7
    115 65 142 247 253 40 59 57 17 140 123 59 19 135 172 65 217 9 85 40
    50 179 55 90 6 180 227 192 112 166 121 12 111 41 186 184 86 123 181
    251 198 40 21 97 66 76 104 198 216 9 243 39 189 20 219 248 47 60 212
    202 29 97 115 72 35 213 226 53 223 146 39 117 219 15 122 66 230 167
    102 77 26 54 1 27 224 199 108 81 232 74 219 137 246 47 150 174 121
    148 162 137 177 80 216 170 1 46 174 44 138 10 131 10 28 148 123 137
    158 41 48 198 64 124 45 49 88 85 195 214 6 155 250 93 17 200 121 92
    224 110 113 196 79 212 27 45 105 95 32 12 20 118 190 92 222 181 200
    193 207 109 189 91 162 194 184 32 209 121 80 233 215 171 106 206 121
    150 199 196 78 30 238 230 16 108 9 223 236 67 8 83 131 69 243 159 19
    241 35 167 212 9 106 196 84 146 49 27 227 142 169 92 88 31 29 93 111
    117 197 54 228 199 188 72 116 212 229 30 198 12 56 5 16 94 209 243
    207 115 141 40 15 197 175 61 71 146 22 144 203 184 189 94 239 67 142
    191 178 84 132 27 226 100 123 65 23 89 34 37 84 32 244 47 104 55 184
    192 2 193 183 85 165 125 49 147 206 243 63 250 227 147 54 160 155
    122 219 156 188 69 126 240 208 226 69 27 204 43 215 81 114 14 254
    233 126 92 237 176 246 100 244 105 19 212 178 122 175 159 107 242
    194 136 1 98 139 166 196 238 53 3 85 99 45 63 36 203 55 210 62 120
    220 228 69 198 56 166 250 172 205 243 30 152 163 114 174 40 5 42 198
    190 235 164 171 108 117 135 79 150 158 185 169 183 30 157 13 31 208
    162 198 230 178 172 5 132 215 38 153 41 44 217 239 48 33 42 133 228
    161 224 17 242 71 159 201 123 111 239 174 179 37 64 200 151 246 197
    249 173 192 112 9 254 12 179 237 250 76 174 210 95 255 153 170 175
    187 115 228 32 111 154 11 239 101 106 99 124 227 164 176 60 135 85
    38 163 245 178 165 65 250 68 46 165 78 38 170 193 40 98 213 250 119
    22 240 244 74 184 150 44 128 12 227 254 223 9 113 1 78 176 71 50 253
    233 146 164 197 224 62 28 50 9 115 51 26 154 190 77 35 65 84 13 163
    249 123 85 92 181 107 172 2 238 224 119 251 26 133 212 27 180 166 6
    43 11 228 2 194 52 66 187 162 183 136 217 44 83 207 52 107 146 9 40
    53 5 138 39 194 226 69 178 226 96 129 225 170 6 3 76 148 44 53 82
    100 186 114 104 251 209 227 128 3 119 108 50 206 12 12 87 3 22 4 247
    41 63 210 225 126 113 67 83 55 192 131 46 232 186 193 170 176 43 12
    131 173 185 68 185 198 100 36 153 50 245 198 94 200 22 103 0 250 112
    246 152 92 15 59 69 221 202 55 7 213 190 38 35 94 169 186 176 172 52
    2 247 25 41 41 194 27 146 46 197 29 25 63 143 107 34 134 4 117 81
    202 183 172 125 149 211 133 237 253 82 150 235 173 137 142 192 74 61
    214 2 215 197 1 118 152 30 61 70 175 233 14 155 176 103 33 33 234
    243 19 209 160 149 209 184 86 209 43 226 99 59 13 79 242 13 43 149
    211 133 73 165 14 120 51 203 58 65 42 147 217 38 50 25 0 207 23 183
    185 232 105 101 115 8 54 26 62 131 5 202 11 240 164 123 21 254 225
    27 202 113 39 211 111 101 75 76 247 97 63 110 252 70 33 127 255 236
    172 216 25 150 112 44 243 179 181 64 205 18 149 167 21 15 75 169 141
    158 112 84 22 90 148 26 215 8 238 53 118 201 102 183 157 115 66 2
    140 55 202 6 179 62 6 197 49 64 32 249 105 74 51 55 155 112 51 247
    30 178 58 160 141 153 69 202 126 15 45 206 14 215 231 30 105 132 153
    33 115 6 3 26 139 195 126 78 124 195 0 247 214 211 66 121 123 238
    183 245 97 165 68 8 37 255 200 119 192 210 164 18 122 219 88 201 180
    10 115 127 105 246 45 61 23 60 132 1 151 234 99 127 61 9 65 162 131
    73 168 86 216 181 148 19 152 30 82 154 69 227 110 163 62 83 217 159
    27 30 108 116 5 187 132 135 2 206 162 238 88 245 238 109 101 107 71
    60 246 246 199 169 139 228 78 71 145 111 79 214 17 132 20 73 52 192
    224 145 75 150 197 144 223 184 193 66 241 183 83 153 2 149 114 90 49
    169 70 8 117 244 244 24 17 76 236 60 107 6 8 11 151 160 52 0 92 44 4
    52 50 88 40 176 19 180 109 210 66 21 108 8 111 187 189 23 202 9 97
    253 87 46 79 156 201 50 33 95 180 31 250 92 52 144 147 229 68 18 125
    63 124 206 78 22 226 230 2 135 226 72 166 60 113 124 56 15 104 170
    243 194 103 93 197 150 125 205 57 184 68 229 176 200 56 221 243 61
    119 91 120 45 240 44 111 88 49 108 224 45 5 198 107 2 252 111 129
    133 34 213 185 246 80 236 130 101 200 72 113 47 60 39 58 181 21 58
    55 135 64 153 134 246 171 183 100 232 163 188 26 209 253 131 118 183
    26 172 180 93 6 4 235 195 172 180 20 178 63 193 253 202 122 16 214
    82 244 232 153 7 57 88 121 213 183 120 65 57 16 229 72 90 213 188
    227 205 23 184 227 68 135 175 102 30 78 185 234 34 31 104 129 106
    255 22 207 253 224 62 4 24 47 139 186 3 22 172 247 40 11 222 64 14
    240 0 214 24 245 55 155 131 192 101 20 96 210 45 4 46 247 140 187
    125 222 119 63 150 7 91 100 115 36 243 138 17 238 53 54 145 210 24
    142 137 247 166 164 107 225 193 44 197 179 190 122 25 28 218 203 139
    230 144 232 48 135 179 72 217 204 160 234 191 214 102 65 64 31 151
    23 38 202 40 77 19 213 254 111 118 74 218 14 17 36 247 14 68 33 48
    143 52 184 253 82 127 98 203 155 244 76 196 82 70 248 140 12 157 109
    1 59 50 171 64 249 81 4 65 137 90 219 216 250 204 87 139 89 225 130
    217 144 199 72 80 74 33 97 183 48 77 187 232 248 19 206 182 152 194
    124 225 184 72 205 226 163 176 20 63 20 246 41 179 101 2 229 101 249
    41 119 167 211 3 249 142 4 167 134 221 116 180 121 62 43 52 231 32
    158 9 95 109 86 154 56 148 96 111 30 99 137 2 158 156 21 27 252 240
    192 7 93 130 2 115 145 227 234 170 16 223 99 107 2 197 215 219 75
    207 62 219 238 143 66 91 100 203 111 30 7 178 32 178 152 127 92 79
    92 139 24 50 171 71 115 43 27 28 225 194 169 249 112 231 158 111 135
    160 95 54 197 13 71 208 198 210 78 13 35 53 73 121 26 68 237 20 110
    170 157 250 193 58 110 88 102 185 140 117 62 94 12 201 34 23 45 86
    115 208 8 50 87 162 210 100 220 233 239 208 179 58 184 255 106 170
    142 224 70 112 137 137 207 67 197 208 226 229 61 46 213 43 98 11 37
    127 11 183 120 50 195 197 128 214 44 147 112 241 249 159 37 159 105
    97 189 68 232 67 60 55 161 218 93 47 70 220 101 32 244 82 82 219 133
    170 212 193 128 192 138 245 141 41 83 91 34 93 31 122 97 246 42 26
    250 193 64 179 36 91 113 17 155 153 91 128 254 18 10 118 237 124 183
    186 205 132 68 9 108 115 139 215 81 242 165 105 175 64 36 56 75 31
    242 15 60 63 117 211 105 45 67 89 5 82 20 41 65 81 77 212 227 42 70
    80 190 237 15 137 75 157 41 99 48 132 210 217 219 151 80 83 176 126
    254 197 13 183 9 37 119 190 93 152 179 10 133 127 133 46 35 12 163
    181 192 218 201 55 167 184 221 194 178 39 68 202 201 109 200 51 85
    32 228 8 9 31 140 16 65 228 79 57 125 228 110 86 214 217 7 205 111
    24 7 75 158 64 221 254 157 19 69 196 199 236 16 68 181 184 134 255
    242 117 61 35 102 249 90 147 1 116 70 66 10 137 192 232 191 225 62
    54 165 212 118 231 153 118 21 96 196 58 207 85 1 173 58 49 42 37 167
    123 185 185 249 124 51 86 3 217 183 244 52 220 110 75 46 104 151 79
    150 238 171 37 214 181 19 74 96 191 72 184 105 9 79 181 177 19 69 97
    160 173 176 131 245 168 190 144 50 28 200 206 140 250 98 99 7 252
    186 57 205 11 222 190 130 44 171 10 255 96 250 57 85 222 99 8 85 119
    5 58 135 91 106 31 171 113 9 226 172 97 223 58 155 114 4 52 109 101
    186 85 128 77 197 46 75 83 79 134 168 249 30 65 188 210 87 56 4 17
    87 101 183 61 154 231 67 158 50 140 246 219 65 200 159 121 32 68 251
    159 159 240 249 164 239 233 20 244 197 138 20 89 229 76 163 87 230
    132 218 173 145 8 132 37 114 37 190 194 194 190 87 239 252 229 200
    230 212 179 229 85 206 197 123 176 4 47 82 83 132 252 131 38 42 40
    23 225 165 53 31 119 34 18 216 158 16 150 85 157 209 178 88 70 120
    173 158 30 246 134 7 196 141 180 183 53 241 104 202 232 80 144 227
    221 168 76 32 145 54 91 107 157 119 171 124 249 84 178 29 8 151 255
    185 1 27 40 35 53 25 159 51 180 9 25 57 147 229 21 223 100 53 46 77
    0 53 100 190 244 241 64 134 49 7 199 255 58 99 205 180 42 114 179 16
    67 112 210 131 214 68 81 32 230 242 73 113 44 42 195 187 13 90 158
    61 8 26 73 28 92 197 164 195 190 27 212 41 218 159 125 74 198 98 239
    44 83 146 130 187 57 216 175 103 167 104 88 49 97 177 145 11 5 78 2
    154 92 252 181 254 82 205 175 35 1 25 114 79 4 130 250 123 49 212 22
    228 122 157 59 229 47 236 110 208 191 233 134 143 51 15 202 31 42
    141 128 18 100 95 198 251 115 131 48 248 31 31 46 42 131 167 35 29
    240 83 80 55 179 216 234 125 121 51 170 174 41 125 111 1 237 223 56
    90 128 194 136 57 212 136 140 87 158 15 94 8 46 136 126 240 79 77 10
    111 48 178 243 201 67 255 234 230 86 247 55 99 208 191 236 146 228
    182 211 95 212 11 149 14 162 69 126 219 27 94 222 136 128 202 145
    124 215 183 58 153 164 103 24 176 59 75 251 70 215 255 48 74 149 39
    152 91 109 1 221 200 123 73 212 154 72 69 194 36 36 138 61 243 141
    158 84 79 148 144 49 91 229 127 50 252 123 38 56 11 179 111 231 187
    110 194 42 199 39 221 36 112 116 117 178 152 59 237 175 174 20 198
    52 249 121 39 251 236 3 42 131 66 217 200 233 118 48 76 180 243 251
    117 161 241 67 174 6 254 32 246 115 54 253 91 235 128 236 64 213 253
    32 186 135 121 211 21 77 0 249 6 58 15 245 80 136 248 126 228 176
    191 11 63 73 33 122 139 213 133 190 211 148 114 222 193 60 181 192
    248 22 200 96 179 23 154 202 237 242 21 28 133 149 151 186 204 125
    181 167 78 218 225 6 118 9 18 136 86 128 19 245 154 111 129 134 244
    124 196 227 137 239 121 132 223 20 251 219 5 251 56 92 79 113 217 22
    247 2 47 191 196 240 236 190 15 21 254 239 0 111 231 17 199 230 176
    108 48 155 125 76 6 233 33 170 19 11 23 53 166 193 214 194 108 58
    156 84 11 86 54 118 53 233 38 200 135 131 97 12 52 153 252 25 61 160
    234 210 3 253 87 153 175 143 140 252 235 126 210 177 171 137 9 50 59
    116 33 218 96 252 75 104 248 102 183 100 58 93 39 216 29 174 135 45
    194 171 96 2 66 114 23 219 173 57 166 176 249 29 212 204 217 59 116
    75 245 117 182 158 88 163 52 107 3 120 201 151 201 106 138 148 78 90
    170 225 186 116 208 10 250 100 227 205 84 62 241 14 183 47 218 94
    174 9 128 41 105 133 139 112 11 33 32 15 140 146 224 58 61 188 144
    228 100 19 142 138 78 60 77 222 102 118 228 122 106 239 97 241 155
    24 171 95 121 139 106 7 175 173 165 101 10 131 229 87 190 167 171
    130 218 33 145 41 208 69 31 195 183 13 183 141 246 233 179 184 197
    177 119 55 20 39 3 191 233 242 241 225 161 241 244 156 144 8 188 36
    181 44 76 90 218 254 109 120 129 105 16 125 150 98 248 158 125 185 4
    80 4 146 213 75 248 163 99 170 9 252 222 19 163 10 159 101 23 99 181
    18 168 255 155 237 110 78 114 88 71 143 71 108 26 176 113 71 81 17
    241 176 97 211 83 35 88 29 121 116 130 33 254 253 94 192 210 210 239
    241 14 26 31 62 102 170 88 88 234 156 179 184 54 100 244 79 199 135
    178 78 238 207 252 156 54 153 43 238 125 166 121 198 45 13 219 195
    196 232 48 243 25 151 21 80 151 42 65 205 146 205 213 72 104 113 209
    84 1 206 66 62 66 85 197 64 172 252 75 255 238 150 209 104 138 194
    176 209 188 245 189 129 109 117 14 236 65 227 156 203 45 120 234 105
    75 127 39 192 7 88 239 41 166 252 114 94 227 79 182 77 117 175 119
    118 228 244 173 186 42 4 125 39 233 37 219 78 46 121 218 6 246 88 47
    112 107 243 111 236 105 136 160 131 239 237 35 104 234 211 223 139
    197 92 68 65 47 70 170 48 200 77 166 204 136 98 252 97 195 56 226 51
    23 99 203 193 161 195 60 22 79 235 146 54 41 29 190 120 211 213 182
    86 253 4 216 147 145 160 183 246 218 56 81 49 180 128 13 115 45 136
    107 243 69 74 129 162 64 7 205 99 35 133 37 150 117 17 88 108 222
    115 149 127 44 133 87 196 26 151 119 101 134 91 230 83 77 95 195 20
    210 110 203 186 163 242 157 193 13 215 64 248 86 97 166 5 177 87 10
    197 87 116 90 196 31 255 1 79 36 51 198 106 157 106 254 147 194 82
    88 231 185 93 181 14 163 12 50 223 124 222 55 37 192 100 44 200 46
    134 9 236 195 153 177 62 68 22 71 197 147 189 234 201 32 247 245 120
    201 109 218 108 149 63 192 234 10 169 82 235 29 214 179 85 70 236 40
    146 146 188 77 209 53 169 159 162 218 60 174 223 164 158 175 229 197
    203 121 166 117 37 197 118 90 235 105 18 69 100 121 60 226 196 90
    229 59 169 241 173 26 38 208 235 185 184 240 237 151 202 9 245 36
    108 159 101 224 77 134 9 16 69 8 220 205 89 52 83 18 71 151 5 198 13
    130 246 249 10 142 37 113 191 28 64 136 20 98 88 166 30 105 109 180
    74 132 157 235 115 115 124 11 145 234 73 73 148 164 107 175 143 106
    87 162 96 45 236 144 76 199 210 198 29 219 138 127 254 49 25 115 180
    70 129 22 49 71 77 21 238 137 110 202 133 144 226 61 85 73 197 53 6
    139 254 4 161 47 83 220 138 242 33 124 61 251 187 47 185 6 227 243
    87 187 72 96 34 72 51 50 247 67 162 216 145 72 22 105 63 190 176 222
    230 102 226 75 239 82 47 127 24 200 82 127 33 111 218 245 194 210 24
    224 26 189 159 22 255 249 19 59 56 186 38 172 36 233 152 0 240 43
    238 14 24 207 239 0 228 203 214 11 232 174 65 149 5 145 199 17 139
    47 216 247 232 87 71 181 52 243 54 254 225 155 200 23 68 71 1 205 60
    79 104 1 2 76 71 203 13 36 9 41 84 214 158 95 85 223 141 111 8 37
    141 227 188 153 250 193 252 200 42 79 126 26 132 245 200 207 46 143
    248 57 123 130 228 248 27 207 222 147 251 134 203 1 123 204 79 182
    89 42 52 119 188 132 27 41 83 240 67 125 129 82 225 222 8 241 236
    150 234 249 144 111 87 41 64 47 88 84 23 137 142 46 1 144 8 71 239
    158 106 171 109 132 83 215 199 14 134 138 235 193 186 124 20 159 114
    255 218 192 222 76 168 32 164 194 242 17 237 38 200 122 128 202 153
    112 119 181 225 43 59 249 119 93 159 18 36 180 86 149 96 244 247 163
    95 164 161 255 231 246 66 153 239 220 213 100 76 224 58 32 164 76
    134 59 167 110 127 30 217 190 150 181 212 95 171 176 131 185 3 210
    121 171 113 223 155 25 47 230 150 98 144 130 79 123 228 97 163 145
    169 141 236 77 252 57 215 167 112 44 105 122 114 27 157 134 190 90
    130 171 192 140 126 174 42 51 135 222 130 37 98 234 1 208 30 31 53
    160 44 45 51 79 235 232 166 59 45 42 58 39 141 131 128 57 219 185
    161 15 222 175 216 67 145 67 68 217 155 109 69 61 93 38 238 49 155
    228 112 208 36 241 96 103 74 81 7 137 89 77 46 68 10 117 128 87 24
    45 219 215 200 38 194 222 241 161 30 229 241 195 36 246 121 66 179
    99 210 243 44 186 73 20 104 121 36 171 105 104 164 126 230 100 153
    150 150 131 107 83 158 9 10 26 97 73 227 164 166 140 96 118 75 179
    232 2 190 217 172 84 129 33 137 207 69 156 43 172 48 5 94 173 154
    164 114 143 64 254 37 74 171 66 169 179 5 230 96 209 240 95 48 200
    14 70 23 110 215 148 146 220 149 195 243 160 106 224 183 221 222 193
    33 75 26 116 237 153 51 229 109 226 115 210 190 188 44 56 182 56 147
    205 178 216 241 113 167 210 102 133 12 80 18 7 116 104 252 47 82 110
    168 151 18 108 244 211 178 230 213 104 204 28 233 211 167 48 27 137
    197 199 119 109 144 70 149</data></test_img>
<my_img type_id="opencv-matrix">
  <rows>100</rows>
  <cols>100</cols>
  <dt>"3u"</dt>
  <data>
    158 255 30 255 149 179 25 119 138 53 21 233 91 215 255 221 27 194
    255 85 156 211 37 255 123 63 55 255 49 226 68 122 151 108 203 150
    255 255 174 228 118 255 173 45 9 255 64 41 178 144 233 20 28 95 175
    242 149 220 183 255 241 218 94 255 148 255 255 49 255 25 64 255 255
    204 99 101 145 88 123 124 65 15 255 108 115 98 255 58 116 196 151
    222 141 200 108 28 83 139 3 43 7 60 55 18 72 2 52 255 78 66 255 255
    9 6 255 66 48 255 69 255 221 118 255 236 230 220 156 18 13 230 236
    51 168 9 255 255 79 147 43 177 255 255 136 177 95 122 107 255 238
    224 255 51 47 255 255 48 255 172 207 240 166 168 12 76 8 255 70 37
    255 171 219 215 129 36 50 235 64 255 64 231 255 67 255 58 7 58 3 4
    51 163 73 89 100 117 79 255 201 3 255 194 140 5 109 65 193 158 184
    250 174 28 255 157 51 47 137 255 255 127 255 255 250 202 255 13 255
    168 177 85 255 112 76 255 131 67 32 255 239 255 198 173 255 119 23
    145 76 74 255 54 99 255 183 13 163 247 105 255 233 255 255 255 10
    255 174 255 255 56 255 158 66 255 238 133 5 255 133 158 255 90 174
    85 250 205 255 227 244 146 81 98 255 213 75 255 97 152 120 81 255
    115 18 118 253 28 255 13 197 191 12 58 156 28 62 199 255 138 206 38
    12 221 166 180 151 131 248 252 33 107 64 255 46 27 213 255 33 17 83
    18 143 230 25 255 255 175 101 31 255 255 63 234 143 255 50 171 74 24
    91 186 125 203 250 255 145 54 116 255 4 152 255 69 140 255 45 226
    255 184 174 255 107 255 87 118 219 226 107 217 255 31 255 125 101
    196 123 255 243 116 111 61 120 51 211 248 144 249 255 53 213 90 12
    164 255 148 38 255 188 109 243 103 255 253 162 15 255 16 51 136 163
    102 125 152 146 156 129 5 178 179 172 255 227 152 253 248 255 220
    153 255 173 74 66 248 7 199 188 16 50 10 93 169 80 255 72 255 243
    201 241 188 17 15 99 255 22 255 205 255 183 95 228 252 255 82 255 99
    255 224 126 188 92 4 180 197 75 246 183 99 255 194 111 255 255 207
    255 163 57 255 160 10 213 113 236 255 36 255 140 143 188 255 29 188
    255 255 111 125 94 196 255 255 255 165 252 199 48 245 64 73 63 66
    241 218 32 255 145 6 243 154 88 118 195 13 80 255 244 255 255 255
    255 189 75 240 136 255 65 47 182 121 78 39 255 47 72 255 40 34 255
    189 25 255 157 185 145 220 219 206 119 255 83 240 30 255 217 138 255
    163 255 62 171 238 8 200 15 120 252 236 205 25 67 27 27 255 106 161
    17 255 10 105 45 158 255 211 207 255 48 46 46 255 255 236 255 248
    191 220 6 112 156 152 154 150 152 253 248 69 104 57 255 179 77 115
    255 255 9 102 65 20 80 15 146 255 255 86 248 106 234 255 23 174 164
    110 165 208 255 78 188 126 168 0 255 25 138 255 67 100 255 174 199
    255 182 183 116 199 253 22 237 215 255 215 146 40 100 246 22 254 85
    83 89 94 255 49 74 255 67 60 255 158 150 130 180 61 28 219 0 22 255
    172 255 131 183 33 78 28 200 220 104 251 64 168 143 173 151 255 80
    255 255 177 203 255 183 234 48 129 230 255 230 47 255 57 108 150 255
    17 255 15 255 123 154 118 143 136 226 211 255 51 255 153 142 255 167
    234 255 243 91 183 208 64 7 193 9 171 72 150 255 111 255 131 94 255
    255 49 5 243 242 62 146 83 80 123 64 36 90 31 178 255 15 154 17 255
    229 255 126 255 191 145 74 10 74 255 45 1 255 255 100 226 57 44 255
    72 227 255 153 54 255 255 255 57 255 45 105 216 255 55 73 165 41 255
    42 168 255 193 255 213 199 71 173 255 255 225 140 208 103 8 227 255
    154 193 238 162 130 255 198 32 8 33 255 255 13 253 40 86 245 161 60
    52 125 157 47 243 203 130 58 163 246 241 104 173 255 255 164 255 103
    231 136 215 0 255 46 99 15 97 255 255 109 187 255 94 42 23 109 135
    246 255 138 193 146 246 250 161 136 77 1 51 111 228 184 255 101 255
    246 255 255 255 181 255 225 112 47 40 255 138 255 248 99 131 175 255
    255 80 255 255 35 80 255 247 163 201 255 241 255 84 83 255 255 215
    255 174 85 255 172 182 255 252 85 255 63 32 17 2 149 62 2 111 118
    255 109 255 71 17 255 160 72 255 122 61 72 92 219 255 175 50 22 49
    64 255 252 99 255 90 81 42 125 6 30 254 147 105 198 198 215 80 64 53
    145 70 130 247 44 255 139 196 255 58 255 131 246 255 233 129 196 108
    252 178 156 53 25 255 255 107 255 6 208 57 6 255 175 219 203 255 188
    144 32 127 255 255 255 201 255 221 255 68 136 147 255 49 150 2 102
    226 146 255 191 0 72 241 191 134 230 233 119 80 30 56 255 43 221 255
    255 139 235 255 255 193 255 225 126 255 65 255 158 217 36 255 64 42
    126 255 225 255 154 255 255 37 28 255 49 111 205 220 102 255 101 109
    255 82 32 211 255 146 255 211 53 255 255 161 255 70 255 255 56 255
    52 129 246 42 81 255 255 95 51 255 255 255 53 91 52 115 100 83 18
    175 255 50 195 3 156 255 198 255 167 154 255 173 135 65 162 255 255
    236 255 158 249 234 255 255 211 255 151 94 186 173 255 126 79 180 96
    157 18 235 48 78 15 107 220 15 110 172 23 219 98 228 121 172 83 147
    141 163 19 44 255 58 93 146 112 240 226 33 48 255 230 255 13 255 1
    203 171 3 5 115 255 255 240 161 255 192 255 255 72 255 130 225 245
    255 121 8 151 163 3 255 75 255 255 255 102 88 134 57 191 225 205 171
    19 14 96 149 245 166 64 76 37 227 255 255 255 255 255 255 245 120
    255 211 20 243 154 140 55 160 45 243 255 255 244 255 156 24 169 255
    103 117 141 249 121 153 118 48 88 26 255 255 99 255 183 163 208 143
    118 172 201 94 3 255 255 216 255 44 227 255 179 136 151 197 18 166
    79 183 62 88 255 255 147 89 246 66 231 17 217 198 255 55 80 255 27
    169 37 49 255 255 38 116 195 73 215 255 255 66 40 255 189 255 255
    172 118 226 46 255 37 108 228 1 255 195 175 255 255 27 255 108 20
    255 230 255 255 255 117 220 255 206 154 243 245 212 255 148 94 18
    255 241 251 144 108 255 83 136 153 18 32 255 113 122 255 67 255 32
    46 255 58 117 79 103 170 144 101 253 71 255 243 9 208 255 255 133
    249 234 108 138 46 125 61 30 151 12 183 255 21 74 255 144 3 138 172
    241 156 7 185 251 160 105 53 213 94 72 144 203 146 201 105 255 2 255
    255 91 44 23 84 182 255 255 146 135 177 46 181 255 97 7 84 57 106 17
    94 166 186 75 196 138 91 43 227 135 195 255 161 5 24 84 87 3 98 233
    45 255 52 194 255 148 162 158 133 255 207 131 255 174 73 186 188 225
    181 179 255 236 98 156 95 191 190 255 5 206 255 255 255 185 142 47
    225 67 12 255 55 255 252 83 176 53 255 255 46 244 108 8 69 188 172
    122 108 229 32 133 99 221 255 202 210 255 120 169 101 160 255 156
    233 156 161 40 170 255 215 155 101 15 207 255 233 155 226 75 112 136
    128 255 52 53 147 255 125 229 255 60 187 255 206 252 255 190 61 255
    224 216 255 211 42 148 148 235 185 240 249 18 7 146 255 167 255 175
    192 56 121 52 164 255 255 50 96 39 114 255 97 255 73 230 22 255 255
    19 255 218 197 255 255 94 201 130 125 95 255 107 136 138 80 255 84
    188 255 40 22 37 73 173 98 193 255 225 118 108 221 63 192 255 227 6
    136 249 121 255 244 41 220 211 174 255 16 191 255 179 255 230 84 100
    28 115 24 65 133 122 130 255 122 255 84 215 55 217 255 240 254 234
    255 168 27 255 255 189 133 92 177 20 113 1 133 199 255 78 197 32 255
    250 66 255 48 255 255 170 255 30 118 189 255 98 255 255 220 255 255
    57 255 255 58 240 255 210 255 233 237 80 161 203 168 148 17 111 38
    191 191 255 21 255 255 3 166 255 21 34 255 119 60 255 220 255 121 40
    99 255 92 29 255 164 6 205 204 255 168 255 44 85 242 254 255 118 255
    203 131 255 111 170 158 185 255 205 255 181 255 255 237 248 25 221
    255 251 136 113 255 140 57 143 102 126 17 166 38 205 227 238 106 37
    150 238 72 227 138 52 93 255 130 255 8 255 255 95 25 255 151 51 108
    160 206 147 110 255 103 255 52 46 188 51 255 255 186 217 255 24 154
    40 177 206 216 208 208 255 173 255 255 16 255 80 247 255 255 31 255
    255 64 255 255 194 24 101 11 114 120 186 60 243 95 179 83 43 224 255
    88 234 3 255 180 200 131 163 255 117 183 255 30 255 255 127 99 218 8
    105 75 63 152 193 255 140 3 222 117 255 145 255 110 200 121 95 109
    43 255 0 74 255 47 159 251 213 207 255 255 84 255 19 100 255 255 220
    255 186 255 255 190 98 175 209 229 90 72 244 126 255 235 255 40 114
    0 220 255 255 170 128 146 201 102 18 16 145 67 85 170 255 29 94 60
    102 255 255 117 255 255 125 109 255 70 50 255 84 168 255 137 41 43
    148 255 255 21 24 255 184 170 255 217 211 255 69 151 255 222 78 255
    67 81 20 61 118 47 255 189 255 92 83 52 255 255 165 40 255 255 255
    196 98 253 182 170 255 4 231 235 238 220 255 240 171 16 70 255 3 70
    120 254 119 206 56 255 118 56 205 200 255 15 45 34 255 255 162 114
    246 52 90 255 91 233 15 101 133 98 225 225 255 181 255 23 216 255 32
    179 255 48 247 18 65 191 255 255 102 210 255 255 64 23 236 185 68
    255 158 255 244 255 23 38 5 193 170 255 63 2 255 255 9 36 255 193 83
    255 192 210 196 99 234 255 62 160 43 78 39 88 198 28 255 240 20 168
    255 255 90 139 37 255 12 244 120 183 37 163 15 53 106 255 255 255 31
    217 168 58 255 255 211 81 83 153 246 55 88 177 148 215 255 176 86 24
    83 52 246 163 15 255 200 238 81 255 168 255 68 70 112 255 75 230 166
    94 117 255 255 119 255 220 198 176 194 50 255 154 20 255 115 170 255
    208 185 123 245 255 255 16 130 255 229 203 133 20 236 0 13 229 255
    172 91 47 255 240 255 9 187 255 255 140 255 170 205 148 129 230 33
    35 8 126 56 202 57 13 255 130 255 248 101 200 164 255 24 255 5 255
    255 255 250 255 255 78 94 75 193 216 27 255 50 148 255 112 55 120 25
    67 212 34 236 37 226 255 188 109 255 168 255 70 82 255 111 177 187
    170 188 71 211 245 255 83 128 255 100 183 212 62 129 255 140 119 146
    93 166 18 225 45 10 251 21 255 148 248 142 226 148 229 136 180 48 93
    239 19 255 202 255 131 108 203 161 29 17 255 255 179 43 248 37 255 6
    189 255 47 239 188 40 243 255 255 17 255 255 229 178 210 130 188 228
    184 133 179 210 255 129 112 62 86 246 18 119 131 128 219 78 73 145
    241 72 190 179 48 8 177 115 255 146 255 247 150 7 208 29 255 111 255
    255 108 230 255 215 255 180 90 175 55 190 221 255 255 170 201 250 13
    255 160 255 218 218 52 255 140 99 90 255 255 195 236 108 78 243 246
    255 255 244 0 166 27 111 165 178 95 34 125 255 240 224 255 190 88
    255 137 8 120 117 234 0 140 154 226 224 183 255 221 183 40 111 193
    255 255 234 241 255 36 178 30 255 255 6 0 110 255 56 3 138 255 255
    74 79 25 225 112 218 255 191 255 133 109 88 170 114 118 47 255 255
    201 6 255 65 36 255 179 5 180 172 132 255 227 240 203 194 255 205 69
    128 30 234 67 230 255 233 72 67 163 255 255 216 90 224 222 90 95 97
    255 27 235 255 2 255 255 48 4 255 48 217 253 221 141 255 103 150 73
    234 125 253 95 117 255 134 84 255 27 122 238 49 25 255 195 255 168
    99 37 43 231 173 78 255 1 255 224 255 10 54 127 255 244 226 75 31
    255 140 202 246 160 129 118 255 172 174 255 200 39 255 255 131 255
    151 17 255 200 116 255 121 178 255 54 19 255 51 255 255 24 255 255
    160 43 255 160 224 255 54 147 58 157 128 200 91 70 190 231 159 255
    154 250 190 230 211 13 255 126 245 168 94 178 183 130 77 252 32 255
    189 88 236 230 9 255 61 254 123 255 146 255 244 174 17 7 36 255 83
    78 241 86 130 37 35 255 47 65 64 255 4 60 151 171 211 255 238 136
    176 239 255 255 7 76 255 165 255 130 255 255 211 121 41 93 149 69
    255 78 255 255 145 255 87 126 255 255 18 255 58 66 255 183 225 114
    255 171 74 73 198 255 236 66 169 255 46 30 255 138 48 30 246 170 255
    82 255 255 193 252 255 236 104 255 34 1 136 209 88 255 35 34 18 131
    51 95 70 88 255 126 255 10 255 43 87 82 33 143 143 244 25 15 213 176
    231 107 255 180 103 78 189 177 255 163 255 91 227 184 255 48 212 7
    155 255 255 234 255 106 13 137 156 148 188 255 98 47 255 97 34 193
    29 173 206 128 255 255 139 244 95 163 255 210 104 28 37 37 208 186
    137 255 130 118 255 80 180 227 82 45 230 37 26 58 255 255 65 255 40
    27 218 139 240 255 15 137 125 143 13 253 161 255 255 111 99 255 208
    95 255 94 91 255 255 255 143 255 255 255 179 212 255 203 255 255 239
    231 255 167 154 240 95 108 235 111 19 255 154 141 233 255 13 231 139
    25 255 252 255 255 98 161 111 152 141 255 255 255 255 160 64 255 230
    58 255 34 226 171 236 80 255 125 32 255 83 9 72 229 0 255 4 151 32
    10 29 68 208 246 211 173 189 255 191 239 255 9 135 231 38 159 225
    255 245 116 70 67 255 57 135 200 155 172 135 12 66 153 94 152 255
    142 235 183 117 138 255 142 118 255 168 83 171 126 255 255 255 117
    255 230 150 136 78 255 138 200 69 255 198 227 168 207 255 255 82 255
    196 65 5 255 255 166 255 174 169 103 255 155 255 8 189 168 9 160 35
    36 253 230 15 233 241 40 91 188 73 255 63 139 177 228 15 255 255 171
    103 200 158 229 255 255 29 178 48 184 255 74 160 255 125 24 255 255
    245 5 250 150 255 199 28 255 121 255 183 64 95 231 212 44 255 19 137
    255 136 255 255 165 254 87 162 227 255 209 221 33 224 119 121 92 255
    20 157 250 255 82 33 62 189 128 255 199 255 251 115 206 255 117 47
    248 45 78 125 240 255 10 18 255 255 140 165 255 195 229 255 235 14
    255 255 233 255 137 93 60 108 248 255 246 210 255 15 255 67 24 253
    103 246 161 255 75 108 38 119 189 175 212 255 87 177 252 195 240 255
    52 183 20 82 242 91 140 110 163 108 255 255 146 16 222 255 216 235
    243 202 255 210 255 104 40 198 222 223 255 150 136 29 255 255 46 173
    190 255 236 255 82 118 255 61 183 255 191 64 241 248 25 255 143 197
    133 247 48 113 143 233 82 255 103 255 70 208 255 199 81 255 220 78
    193 255 250 15 218 135 255 255 239 170 255 199 243 157 5 70 65 239
    255 8 255 251 92 145 230 161 11 100 6 95 255 139 255 255 144 41 243
    125 97 198 255 255 246 67 74 255 81 58 255 10 138 72 98 58 101 117
    116 255 238 188 255 184 222 180 255 149 42 193 255 96 97 255 0 39
    126 255 56 255 106 244 140 8 30 20 255 139 255 255 173 255 255 255
    255 246 126 255 231 255 88 186 104 163 133 230 255 243 156 84 136
    246 215 255 194 255 67 218 130 37 252 224 50 24 255 255 128 99 17 38
    112 255 207 216 58 39 46 255 244 24 70 135 244 255 255 220 243 221
    19 165 252 255 255 197 114 165 112 227 93 248 255 55 156 255 255 113
    149 255 54 152 126 13 168 105 35 27 72 188 62 196 20 215 255 199 192
    255 255 255 181 44 23 120 244 22 255 255 6 20 255 133 195 24 179 213
    221 255 143 174 255 255 206 116 70 244 215 13 220 123 255 143 60 128
    104 91 96 29 25 255 255 245 158 250 71 206 65 146 43 167 231 255 93
    22 255 219 86 148 17 48 255 255 255 2 75 172 75 43 127 255 106 97
    255 255 90 255 74 74 255 121 60 255 255 255 255 13 42 255 213 202
    255 53 132 150 233 183 140 217 44 10 255 248 108 163 196 128 250 9
    80 75 159 211 15 150 136 139 241 235 201 255 73 195 46 251 219 48
    231 121 255 255 255 22 113 120 255 255 40 255 255 207 3 255 255 255
    255 81 255 185 40 246 233 246 254 255 255 27 198 2 255 5 252 17 255
    188 254 160 92 37 241 135 224 87 11 255 255 158 0 148 244 255 53 88
    83 243 255 64 95 255 46 228 156 48 255 185 255 15 249 29 255 255 147
    255 244 255 205 48 51 255 255 255 255 237 224 110 168 255 170 255
    178 253 130 91 28 6 255 8 49 216 215 95 84 255 124 3 180 255 17 255
    226 89 255 210 141 45 231 108 190 225 255 20 255 255 255 0 66 255
    109 224 2 44 76 218 47 146 255 179 0 216 97 30 255 89 174 0 42 64 23
    242 227 178 164 24 111 124 255 47 161 255 255 156 81 121 158 255 38
    71 32 75 143 164 255 85 241 255 183 255 255 31 155 183 255 33 72 156
    253 150 158 241 130 207 179 255 142 156 255 1 74 255 93 56 75 208 52
    255 176 246 126 163 66 171 94 255 255 137 255 148 106 255 155 234 81
    255 225 196 48 117 205 181 103 80 255 0 192 238 135 174 42 10 57 255
    255 255 255 153 0 58 8 133 198 51 133 255 255 231 255 137 249 96 255
    239 108 182 255 211 43 180 255 24 255 255 9 32 63 227 104 181 60 44
    15 255 184 60 8 121 115 10 255 255 184 160 48 55 255 255 200 62 255
    100 255 178 165 239 190 221 88 125 54 99 0 191 144 255 15 255 0 156
    255 248 249 202 255 104 99 221 133 93 143 28 98 181 25 83 90 255 215
    255 199 255 96 199 70 136 255 165 88 103 163 196 6 127 255 229 255
    225 182 111 225 83 147 255 253 86 241 78 70 183 80 219 230 152 132 8
    112 168 221 94 9 190 76 133 35 125 147 255 245 255 255 156 150 243
    52 104 141 219 5 45 133 150 57 115 76 255 16 255 191 22 105 151 246
    149 255 21 47 166 211 119 208 247 180 50 255 255 201 44 221 87 55 28
    255 64 128 243 128 255 43 220 255 255 80 243 68 173 255 255 125 230
    218 88 65 255 179 255 231 138 168 30 25 255 255 255 100 255 250 71
    248 246 67 156 176 76 255 29 180 248 242 211 255 255 74 151 188 125
    135 153 206 40 255 65 255 58 173 58 255 189 255 255 255 255 128 53
    75 222 150 113 117 255 218 37 248 125 255 27 255 101 107 3 222 107
    123 107 172 75 193 48 236 168 255 186 255 53 111 42 255 5 230 182
    255 234 13 140 247 29 255 48 48 126 106 100 255 170 255 120 186 255
    255 21 255 255 165 125 255 164 133 255 252 109 255 245 255 255 255
    155 255 176 255 255 82 69 8 244 130 165 255 108 255 31 255 255 94
    221 96 255 255 255 246 249 255 86 14 178 144 255 255 149 123 215 79
    84 58 201 113 72 200 79 255 179 109 255 200 233 218 255 194 255 65
    154 225 103 225 243 192 255 208 94 233 255 27 255 255 54 24 255 242
    255 32 104 255 140 4 138 255 255 255 47 244 222 156 81 230 255 28 15
    255 1 141 47 146 238 111 209 20 75 208 213 0 197 71 211 144 0 215
    171 227 255 28 146 95 80 84 106 109 145 255 92 255 40 48 109 100 133
    255 255 133 255 3 173 255 255 143 151 128 58 83 32 255 43 255 254 60
    255 10 255 103 255 4 255 92 164 208 44 255 233 249 38 250 102 22 255
    22 255 255 153 183 246 255 255 255 191 141 250 91 252 255 52 37 211
    158 168 158 189 4 191 255 67 73 252 11 208 48 255 95 201 211 245 103
    255 255 135 118 216 255 24 255 34 80 166 255 222 100 43 146 255 121
    15 255 250 78 176 69 241 123 228 127 113 151 51 103 25 142 255 113
    255 226 246 113 173 44 75 255 149 221 118 200 125 255 71 114 216 167
    224 255 172 89 95 248 158 255 82 67 255 39 93 255 93 19 108 135 32
    150 172 255 151 255 193 255 153 6 126 227 192 93 151 38 98 98 149 30
    255 255 185 240 67 100 97 255 18 74 207 2 255 137 96 255 244 183 222
    255 240 115 225 201 128 173 166 7 179 171 217 196 255 156 161 255
    230 154 0 148 255 60 226 255 255 142 61 255 42 198 8 35 122 255 135
    147 170 147 74 255 218 183 62 202 100 63 242 255 110 12 114 140 168
    168 255 213 182 128 255 23 233 70 255 111 228 238 143 235 255 103
    213 255 75 156 97 168 130 255 27 64 126 67 79 95 35 79 19 57 95 150
    255 31 48 255 91 255 228 185 42 255 191 193 255 26 72 128 33 196 255
    79 32 255 148 119 35 255 215 145 235 9 186 129 254 180 242 180 255
    202 208 255 227 255 183 69 67 255 118 43 108 107 27 188 4 230 15 64
    144 136 7 255 96 128 80 255 28 248 211 9 151 255 30 224 161 1 37 160
    83 255 131 255 178 255 151 105 255 175 165 140 154 41 75 54 34 255 2
    123 135 46 164 255 231 188 12 113 182 255 78 254 255 108 93 143 255
    131 10 221 196 205 255 158 220 107 255 255 121 255 211 17 17 231 202
    255 255 29 18 166 248 255 96 53 255 141 54 64 72 27 159 230 67 255
    205 166 38 255 167 103 255 179 100 166 104 74 221 156 249 91 255 255
    255 167 142 255 149 189 148 222 172 3 255 236 255 57 197 75 253 128
    96 18 255 255 79 140 190 17 255 210 91 137 138 112 255 140 21 255 10
    172 255 253 1 255 231 80 255 27 145 194 161 238 103 128 83 255 22
    138 222 221 218 199 148 225 224 120 255 243 113 93 189 228 70 79 255
    61 20 57 55 217 151 167 69 255 250 3 125 129 255 235 28 1 255 25 170
    27 255 51 12 47 160 62 136 123 238 153 255 43 124 42 198 255 217 45
    238 255 255 179 255 200 157 154 255 48 41 255 0 211 255 48 94 183
    113 225 126 137 78 63 116 114 180 190 137 165 179 225 2 163 177 131
    85 142 7 117 183 255 126 111 255 149 255 253 45 255 255 12 100 73
    135 158 255 243 225 255 255 24 255 29 81 255 89 255 47 184 83 255
    113 135 57 138 41 116 24 28 183 255 74 255 2 15 65 255 8 255 167 217
    176 245 51 126 63 74 228 247 95 155 146 178 178 55 158 150 0 127 233
    255 144 255 255 118 82 218 255 188 131 65 255 94 249 255 156 172 255
    63 156 25 195 187 17 255 255 110 102 255 255 79 255 138 255 62 203
    20 152 255 161 145 101 255 212 210 127 51 255 1 17 163 34 160 216
    180 66 220 218 255 255 173 255 255 66 52 158 126 212 138 1 39 153
    247 151 220 255 47 255 255 243 255 69 65 126 6 67 240 197 36 218 74
    255 255 34 142 255 233 56 255 47 50 113 115 255 228 221 119 255 255
    25 188 208 116 255 1 122 186 143 255 17 76 255 103 237 193 255 166
    135 128 40 220 255 209 211 43 137 97 255 246 255 120 238 203 255 38
    112 255 48 249 255 162 69 135 142 78 255 79 55 42 246 219 255 147
    150 255 25 210 255 102 255 255 126 18 243 118 138 255 255 130 13 129
    255 25 255 255 40 255 84 255 158 46 151 64 56 255 255 217 255 61 206
    233 78 60 85 109 19 211 182 194 246 119 140 3 85 255 255 255 107 223
    56 252 248 73 255 255 18 66 210 179 93 58 225 255 20 103 29 135 25
    255 236 126 50 255 118 199 255 97 18 7 152 243 126 64 111 248 63 255
    255 3 255 255 160 255 28 246 189 153 24 188 255 255 240 0 44 255 255
    76 9 188 135 76 58 192 255 255 255 255 255 176 217 255 233 215 255
    253 88 83 8 52 181 254 212 193 173 41 255 255 255 148 255 174 5 54
    133 255 182 9 75 243 29 171 20 175 3 20 255 255 255 159 42 99 179
    116 19 34 255 227 28 12 90 255 211 147 255 150 122 168 255 58 164
    255 125 255 255 17 97 255 66 97 75 62 235 168 255 74 243 17 248 255
    60 178 255 63 133 77 177 170 228 61 255 255 91 221 33 252 24 136 11
    255 166 20 37 100 6 36 35 243 137 32 53 185 65 137 151 58 138 212
    110 255 85 255 9 44 255 80 64 213 134 255 255 112 75 255 204 234 7
    247 179 3 43 255 255 194 170 216 233 11 246 255 8 95 26 130 143 146
    158 255 234 39 183 138 255 87 120 152 213 203 255 246 57 85 255 229
    56 150 115 255 203 1 141 133 255 255 7 118 66 255 60 117 255 255 229
    183 173 255 255 242 255 43 146 255 25 45 173 170 126 146 255 255 116
    47 83 255 62 215 136 255 25 255 255 149 20 42 129 255 255 255 233
    255 118 38 255 137 14 255 28 33 255 4 111 255 172 255 255 200 255
    255 42 187 255 89 69 255 72 93 255 255 36 65 146 187 255 99 58 255 2
    135 33 67 248 47 55 17 248 53 94 255 250 104 255 255 116 255 64 60
    255 3 53 255 121 122 143 52 74 241 176 94 255 72 170 255 255 236 255
    229 98 255 213 13 82 249 132 255 255 79 213 142 175 200 11 1 255 182
    212 255 211 230 65 255 185 233 176 155 188 254 105 255 230 172 236
    193 44 223 219 165 255 165 147 123 66 191 101 226 255 22 64 28 255
    243 255 255 103 166 255 74 229 216 97 255 255 125 255 27 217 177 196
    140 255 255 185 55 235 199 255 173 168 255 230 62 74 255 255 255 108
    137 222 255 243 198 255 0 72 186 17 46 255 15 212 91 219 151 191 255
    244 255 224 91 203 126 1 78 58 18 65 154 173 255 113 165 255 103 156
    255 244 255 255 101 249 91 168 184 216 75 255 255 112 156 141 25 183
    28 252 255 255 204 207 111 212 48 255 29 255 255 255 52 255 198 253
    173 180 69 255 44 43 171 149 255 255 20 255 255 19 255 203 230 125
    255 2 135 138 75 67 32 18 178 145 208 125 5 43 44 255 210 207 231
    244 88 33 6 224 255 176 255 210 99 138 60 90 255 236 142 255 255 78
    89 255 255 255 216 220 255 255 107 255 255 54 255 231 88 57 193 231
    226 113 255 75 130 53 37 255 255 159 255 4 50 205 33 255 255 121 255
    255 199 168 72 255 67 255 147 255 226 15 57 255 72 185 255 128 43
    148 30 255 42 84 30 45 115 180 42 13 65 106 127 102 255 255 173 80
    82 187 48 255 122 255 40 149 245 16 17 8 240 255 255 195 210 193 213
    248 255 89 252 216 255 255 228 204 183 255 53 85 255 255 146 255 171
    165 255 61 255 255 216 72 255 66 205 110 182 166 251 8 252 205 86
    154 203 18 255 0 192 255 255 238 255 255 139 100 37 170 250 255 218
    255 255 29 224 255 220 149 170 177 29 255 255 114 205 63 130 255 255
    182 133 227 130 255 243 175 243 127 121 12 95 156 93 31 222 255 255
    216 55 38 220 255 97 212 255 160 93 120 52 66 116 27 89 255 97 252
    255 255 234 158 6 255 255 255 42 255 168 255 135 42 192 255 98 84
    140 21 233 255 49 177 255 255 227 255 118 220 158 64 133 255 255 138
    255 255 113 12 165 102 255 86 255 255 154 47 67 0 254 255 57 137 50
    191 147 255 246 83 255 74 94 45 151 207 255 166 191 255 243 255 175
    126 121 40 19 102 255 7 156 82 1 43 58 136 255 62 216 255 68 215 161
    231 12 255 93 124 8 178 1 118 255 255 255 255 72 5 180 195 255 255
    174 116 10 9 255 255 6 104 20 75 44 255 103 50 255 188 107 146 27 17
    243 73 161 255 94 255 255 164 255 255 158 255 68 153 52 255 212 85
    255 27 235 10 36 205 238 19 88 255 90 255 255 180 23 255 12 65 135
    216 163 255 42 255 255 209 53 255 238 158 52 255 51 255 198 29 236
    58 179 17 148 13 255 173 255 255 103 191 255 249 235 231 255 128 78
    112 39 255 164 86 170 244 86 193 231 255 151 212 187 255 255 230 255
    45 255 221 12 114 128 147 125 70 139 118 255 255 221 226 198 194 236
    62 233 186 247 50 255 20 36 15 21 207 33 255 69 72 109 104 255 138
    98 255 226 255 176 99 55 30 255 161 30 217 62 255 244 125 62 28 23
    255 255 255 166 115 255 226 13 156 255 38 196 255 45 28 216 27 29
    113 84 103 255 184 226 175 152 182 255 62 255 18 80 164 165 255 10
    255 238 140 111 36 196 255 71 255 195 207 100 255 236 191 155 45 189
    255 129 85 246 122 255 105 127 133 78 252 60 47 143 244 161 206 255
    255 243 154 255 176 126 101 190 27 243 119 215 255 57 255 255 89 178
    250 212 91 103 168 138 57 18 169 75 10 150 30 161 109 113 208 216
    255 67 184 255 235 91 133 233 104 255 185 159 255 245 48 91 173 119
    205 236 255 231 225 197 121 236 150 236 255 95 255 164 255 220 155
    56 255 177 255 255 139 39 255 89 104 255 25 32 118 69 52 255 190 62
    47 230 104 128 255 201 255 238 105 255 85 11 218 133 255 255 11 58
    255 181 255 255 255 154 98 255 243 18 217 255 67 121 14 30 135 38 91
    92 84 55 255 111 198 165 156 186 206 255 186 25 255 3 92 75 255 153
    255 156 255 255 230 255 255 255 210 127 93 118 10 28 99 233 205 127
    9 238 255 230 100 70 53 191 146 255 255 255 103 161 61 102 25 46 32
    220 80 255 141 238 255 0 179 141 188 115 194 47 157 121 255 155 170
    238 204 252 255 249 22 8 160 0 196 212 255 213 197 244 255 199 188
    133 139 95 105 62 15 255 91 208 231 190 24 255 255 131 255 131 221
    255 233 216 255 127 212 255 215 165 255 206 97 255 145 20 255 158
    109 255 172 168 185 79 255 226 99 166 233 255 191 251 182 19 27 28
    255 15 155 178 205 17 189 255 230 225 153 243 22 47 62 97 181 11 0
    206 143 255 255 88 14 17 47 255 17 244 198 120 184 189 7 122 116 82
    236 1 255 158 132 30 140 69 255 134 41 133 255 255 210 103 255 255
    82 48 133 46 202 255 204 165 3 255 255 255 255 255 130 204 83 30 72
    155 255 143 112 255 253 11 255 65 255 255 255 203 238 21 227 70 145
    234 255 250 187 62 70 255 62 137 74 218 45 255 255 119 17 73 195 255
    50 160 159 255 152 67 181 63 255 7 255 75 255 175 117 241 137 216 28
    216 231 233 172 8 255 157 147 130 229 123 13 152 166 18 124 164 68
    191 255 255 255 50 255 2 37 80 11 164 255 30 255 255 183 83 116 10
    85 22 246 158 35 226 53 255 252 30 255 225 220 148 149 217 38 225 19
    255 255 117 255 54 220 146 4 33 255 0 174 126 38 1 88 99 79 255 26
    146 255 231 91 241 173 244 255 181 119 248 60 62 236 120 255 32 136
    67 53 254 46 255 255 240 255 52 255 243 90 80 50 38 241 225 239 216
    170 152 220 255 35 255 255 100 255 255 255 255 255 172 91 255 21 255
    255 116 255 221 118 212 255 139 88 215 104 255 255 203 175 111 102
    93 255 97 255 65 35 226 255 97 36 166 82 203 17 213 240 255 127 24
    255 221 255 255 101 198 255 111 72 255 107 71 20 255 202 7 174 48 8
    124 184 236 218 255 255 250 33 255 103 160 12 225 30 130 94 245 246
    34 121 161 255 255 185 63 152 255 62 28 130 22 33 37 235 111 255 170
    255 255 255 177 88 54 255 218 255 178 255 92 244 255 216 122 15 7
    255 255 219 178 228 190 255 173 255 20 255 126 161 166 45 255 255
    127 255 196 67 47 255 227 91 255 140 90 255 120 62 115 200 255 175
    129 93 255 72 255 20 255 70 233 121 117 255 128 184 131 40 64 255
    131 27 206 184 238 218 151 239 111 113 234 246 78 255 255 189 230
    255 191 9 255 95 212 255 255 239 255 63 203 255 191 9 148 37 133 255
    133 36 145 43 102 255 244 91 255 20 165 163 44 244 255 225 15 255
    255 141 200 255 226 123 58 206 32 54 172 143 209 14 255 146 189 255
    176 219 255 28 164 198 49 243 255 237 207 58 67 211 255 88 160 96
    116 60 85 110 80 225 115 97 255 156 11 136 143 199 255 253 208 255
    255 81 128 61 28 165 128 169 255 190 255 148 99 165 160 194 231 72
    255 246 87 147 166 133 253 255 255 116 132 255 124 221 70 255 71 255
    255 50 221 255 254 47 86 154 240 212 85 146 119 255 7 73 194 255 2
    229 40 180 255 255 204 255 255 234 255 130 255 114 255 255 207 255
    51 222 255 255 255 255 15 29 255 192 246 255 15 188 255 255 28 50
    255 253 255 255 34 255 201 32 198 255 94 255 163 255 255 177 196 255
    185 210 171 78 255 255 94 8 170 166 159 243 193 255 226 184 18 116
    17 168 255 170 222 208 255 187 255 255 255 141 189 43 255 248 102
    255 228 127 161 235 141 60 40 14 255 155 255 255 9 182 68 155 173
    255 90 32 236 8 121 13 175 255 53 171 11 255 160 34 55 54 194 255
    225 255 186 128 105 67 218 201 255 115 188 20 130 184 255 2 140 178
    148 255 255 255 147 72 255 102 17 115 28 255 40 132 128 165 255 255
    183 46 255 220 122 95 120 112 255 107 8 255 194 245 113 62 255 176
    27 249 205 45 249 255 55 116 255 104 46 5 172 255 255 190 255 193 61
    252 255 2 39 255 67 219 255 47 98 57 133 53 80 207 159 230 173 231
    53 4 255 255 25 150 82 255 255 78 3 166 255 12 255 115 148 55 3 139
    172 255 21 173 255 85 123 42 165 202 243 163 13 255 64 52 161 58 249
    220 255 191 255 21 255 250 27 255 255 106 15 255 176 142 103 203 69
    110 20 255 255 239 117 85 9 166 5 255 13 255 167 13 88 21 146 158 52
    15 98 98 211 160 255 52 240 221 252 113 255 255 96 239 4 245 40 117
    57 243 255 255 113 255 95 80 72 105 255 119 255 51 137 255 255 255
    255 28 203 255 250 185 90 229 33 255 42 55 255 3 169 140 53 3 255
    255 255 18 239 239 255 1 255 231 170 95 115 231 132 240 227 86 62 18
    122 38 231 66 255 39 121 245 252 56 255 26 255 13 145 255 63 158 30
    8 213 76 255 54 57 255 92 151 255 48 89 255 253 255 161 133 39 215
    29 132 255 45 128 243 198 38 221 136 34 216 98 255 236 164 70 255
    189 76 255 6 125 205 135 94 73 255 11 255 202 255 75 165 158 255 60
    56 103 175 142 183 152 100 255 155 23 255 165 94 161 165 71 120 20
    255 166 63 111 138 81 185 72 166 48 255 231 227 101 136 74 255 130
    24 231 255 126 67 139 164 12 107 226 255 13 246 0 119 114 255 255
    215 255 92 255 65 161 149 255 203 36 201 108 255 156 158 255 150 35
    32 255 119 205 255 255 255 55 17 235 200 110 249 255 228 238 255 94
    24 170 255 249 255 43 142 255 128 255 255 148 255 255 157 154 120 12
    255 18 97 236 88 35 78 53 255 67 82 180 199 35 255 187 178 255 66
    255 62 255 223 78 76 255 255 125 42 40 142 58 98 32 178 65 220 18
    218 113 111 165 103 100 117 255 255 111 43 255 209 95 62 18 70 87
    255 233 255 125 198 255 57 52 241 138 113 251 49 67 255 157 255 106
    99 243 255 255 255 68 121 42 251 3 117 198 35 193 235 154 165 255
    210 15 216 210 127 255 201 165 255 217 132 230 255 255 101 236 51
    255 107 170 223 62 193 255 43 79 255 17 48 123 112 239 255 34 55 111
    42 206 185 175 255 18 88 91 255 202 135 255 222 38 10 94 208 78 53
    255 98 4 34 166 127 56 103 129 255 166 143 107 255 252 255 255 62
    211 253 175 255 246 44 6 60 102 47 146 83 33 240 61 155 255 138 113
    255 249 255 72 89 103 255 79 234 55 153 84 52 252 97 25 34 30 255
    219 41 255 216 255 30 127 3 235 39 166 255 183 19 255 84 255 77 63
    52 211 88 207 255 17 255 255 255 225 226 255 255 255 170 9 255 6 197
    183 255 165 255 109 225 72 179 15 113 255 107 255 10 250 255 227 123
    255 188 145 255 66 107 255 189 255 190 21 29 255 39 98 115 108 255
    120 86 22 255 255 118 18 211 137 255 65 182 255 11 98 255 221 53 140
    255 138 255 243 74 67 138 131 255 250 255 245 144 255 255 33 255 171
    176 174 30 52 13 238 65 104 38 236 240 255 198 61 25 255 102 95 97
    114 83 172 71 153 185 70 153 255 149 255 44 81 108 155 53 255 116
    255 141 26 255 255 208 42 166 117 187 255 181 39 188 162 132 255 56
    32 181 255 182 255 64 36 255 19 116 128 106 74 255 179 29 3 247 245
    255 233 255 22 255 211 181 238 255 255 11 255 28 167 56 28 140 216
    255 255 255 186 8 123 255 7 220 40 20 255 255 76 146 171 207 56 238
    48 108 78 139 233 255 58 102 148 191 235 95 104 4 255 143 221 106 72
    61 190 1 91 255 170 108 91 226 255 255 86 90 111 182 145 255 58 37
    255 54 67 186 36 112 185 61 27 55 33 97 255 217 255 255 53 69 255
    203 88 255 210 170 255 83 13 255 243 255 231 255 80 126 26 179 73 4
    72 93 255 221 206 124 255 135 252 184 145 74 255 95 94 216 43 78 107
    35 226 169 248 74 255 255 208 47 5 233 255 168 71 212 255 188 5 101
    64 100 0 81 151 255 243 255 138 202 126 255 255 255 38 255 154 115
    140 88 255 224 205 148 9 255 255 182 53 65 91 166 116 188 166 193
    129 239 168 255 4 95 39 255 255 134 90 18 255 85 255 215 255 196 121
    3 255 61 52 255 34 75 191 240 98 201 234 60 255 70 255 255 94 255 22
    21 51 140 116 150 116 242 255 48 143 255 131 194 255 45 35 94 255
    229 220 161 255 255 116 235 255 255 216 149 255 93 168 133 97 119
    143 160 19 30 28 255 125 120 221 60 48 250 255 204 239 161 144 243
    255 244 81 255 4 29 255 69 255 200 71 203 226 171 62 63 255 233 255
    162 179 255 239 78 168 101 98 255 255 255 255 219 255 18 174 29 255
    78 255 101 91 255 255 209 170 203 207 117 155 62 255 255 172 255 255
    235 102 255 8 1 255 172 165 255 139 255 255 37 27 255 175 103 65 25
    183 255 172 255 255 119 255 255 255 41 30 255 122 255 31 238 255 10
    254 161 255 255 110 12 255 230 167 255 255 255 250 58 85 255 255 190
    179 106 163 255 255 157 255 120 16 108 2 63 151 133 17 154 17 92 100
    255 255 255 255 136 50 255 128 255 115 85 196 255 249 144 130 206
    126 255 255 161 170 34 220 255 100 86 255 11 25 255 122 159 98 26
    206 255 88 57 198 236 131 7 119 255 255 163 91 155 29 210 255 52 25
    255 182 137 57 250 38 255 86 187 88 231 62 133 1 84 245 11 28 30 83
    255 55 140 180 88 233 255 243 231 29 255 212 255 110 255 19 255 126
    27 100 126 70 32 172 74 53 4 254 255 58 109 45 229 151 255 242 8 255
    76 98 255 203 185 255 155 255 255 140 217 186 255 174 215 1 192 250
    216 126 255 39 123 255 81 255 255 131 255 136 57 211 255 69 255 101
    226 99 135 166 103 231 25 188 255 73 168 255 158 229 156 29 255 246
    112 154 255 37 216 255 39 189 185 100 53 216 255 56 77 163 233 20
    255 207 87 255 150 255 21 142 48 108 246 255 108 254 246 112 116 255
    191 212 83 175 249 116 18 84 255 88 229 255 254 255 72 48 211 255 84
    133 255 219 116 183 24 173 255 106 238 255 67 187 101 210 135 105
    210 39 156 138 160 255 133 137 235 255 14 255 255 100 73 71 22 255
    73 231 186 113 255 253 28 255 255 255 192 183 57 85 88 39 255 255
    247 108 255 111 69 110 255 255 255 237 255 113 24 255 255 67 180 156
    135 255 200 78 55 255 20 255 245 26 149 255 40 27 255 155 64 148 212
    114 255 255 253 255 202 163 105 182 30 255 10 197 7 43 245 231 189
    239 243 255 255 22 160 52 255 24 86 15 233 8 218 249 215 241 194 196
    223 20 154 243 255 255 255 143 127 161 20 19 255 62 255 8 70 114 206
    37 185 148 234 224 255 206 57 37 71 27 42 255 75 255 58 255 85 7 151
    191 255 100 83 85 255 78 255 131 2 29 255 5 212 255 83 17 147 28 115
    255 42 154 6 255 28 132 111 18 173 126 19 135 17 255 165 203 236 255
    233 244 185 118 42 126 193 203 8 70 115 198 52 184 220 195 164 30
    231 218 255 255 255 103 255 2 15 3 138 107 98 30 95 3 70 255 255 89
    56 255 220 160 111 212 109 65 255 149 255 11 18 255 89 24 255 82 33
    255 64 255 255 42 173 255 27 18 62 255 185 38 233 28 255 215 41 47
    255 168 105 107 203 143 57 79 238 108 79 255 57 67 121 78 48 85 221
    145 255 220 6 173 255 219 255 120 174 255 163 255 255 211 255 255
    225 255 250 9 126 255 255 197 255 83 71 28 42 177 13 219 149 230 255
    23 255 63 255 255 106 46 255 147 125 126 74 255 215 254 32 255 42 10
    155 230 116 255 224 243 255 212 141 75 31 131 108 103 66 255 200 184
    255 250 4 225 220 224 103 216 180 255 255 207 251 27 216 131 234 29
    135 243 203 255 234 152 255 209 253 146 112 226 255 139 170 47 197
    47 255 38 255 210 108 104 78 255 38 255 101 255 216 55 84 83 233 27
    255 166 254 200 6 36 255 254 169 105 255 197 165 221 81 5 107 172
    178 71 42 246 24 136 181 120 243 80 143 249 255 104 255 125 109 66
    255 15 255 255 255 191 213 57 207 27 235 226 90 2 213 12 246 252 45
    231 1 48 88 255 106 133 123 105 135 18 211 44 244 33 158 236 27 255
    27 43 177 100 158 12 103 255 198 18 63 168 32 255 209 188 255 255
    255 255 255 74 150 125 244 161 189 105 255 13 198 255 246 29 255 216
    240 178 152 113 225 102 154 87 175 44 75 180 255 116 233 255 255 233
    56 255 67 199 255 217 79 128 129 118 218 118 215 18 137 201 118 56
    60 160 119 255 185 219 219 191 17 55 60 236 58 208 255 246 255 215
    254 255 56 255 231 27 164 126 184 178 255 115 179 255 255 178 205
    245 3 255 227 47 245 215 141 255 146 23 116 30 81 233 55 178 96 248
    119 108 162 254 203 115 187 255 53 192 255 70 187 168 255 255 120
    222 159 255 255 127 255 12 238 27 255 255 255 255 201 58 164 58 255
    242 104 13 154 64 233 60 6 115 231 160 156 202 255 255 101 201 255
    19 255 91 131 250 28 255 50 255 15 244 230 221 1 160 221 255 255 133
    208 241 74 67 225 29 113 255 100 255 255 248 37 255 195 15 100 212
    83 251 18 255 255 20 208 255 164 97 178 154 255 255 255 255 255 8
    255 22 203 188 255 151 89 218 80 90 131 1 154 28 125 172 255 172 46
    255 167 208 82 239 226 30 131 37 38 128 112 115 63 19 255 109 99 43
    255 122 38 17 140 211 255 66 255 255 255 130 186 37 255 239 149 128
    0 150 173 255 66 255 237 64 255 215 136 255 233 249 42 117 255 45
    239 187 87 94 255 32 171 146 210 70 255 255 120 37 255 255 50 220
    255 137 7 255 207 120 228 125 150 166 250 75 38 255 15 76 122 255
    120 56 255 227 128 255 231 255 255 86 64 250 1 76 78 174 20 255 255
    205 176 255 151 255 29 50 225 255 216 255 195 34 255 210 86 168 234
    255 255 255 29 255 166 30 255 101 255 255 65 255 171 152 47 255 24 3
    30 7 165 255 227 222 255 55 255 60 164 150 72 126 159 255 55 255 255
    255 76 32 171 216 57 229 145 116 111 222 93 255 41 255 206 255 255
    113 255 255 255 244 228 84 100 52 255 67 43 255 32 255 233 113 170
    255 255 3 65 33 78 225 65 63 46 224 185 118 17 153 179 170 186 255
    85 226 244 97 248 9 255 196 26 234 255 127 255 53 73 137 105 255 11
    218 42 75 246 69 255 255 240 202 131 166 58 255 185 255 255 111 83
    255 255 206 255 242 255 255 200 187 233 93 97 255 140 48 255 237 144
    35 255 207 255 119 199 255 209 149 83 168 255 25 67 39 121 255 3 255
    26 149 220 40 255 255 211 217 255 200 255 255 125 189 255 213 215 37
    174 123 196 237 174 255 140 98 255 25 182 10 144 255 255 208 255 200
    3 174 228 75 255 35 92 255 43 255 17 255 72 219 5 26 243 133 255 135
    58 79 164 255 108 255 188 6 88 255 97 90 30 70 177 77 245 71 22 186
    255 255 81 255 255 61 255 136 89 48 255 255 37 255 125 178 125 216
    109 211 129 194 166 9 127 15 16 255 240 164 255 201 181 255 255 17
    255 181 63 255 18 116 58 255 246 255 255 70 103 255 54 23 225 191 8
    246 107 205 28 51 255 63 4 255 113 166 100 255 207 23 150 73 138 255
    142 255 255 93 255 255 216 255 210 9 233 255 255 121 230 80 131 255
    229 152 255 7 27 185 192 146 160 73 93 221 85 128 255 17 255 133 137
    84 67 166 255 255 215 67 126 184 39 255 36 255 253 193 121 231 255
    44 226 255 165 22 116 255 155 207 60 210 136 250 58 219 255 255 255
    243 215 255 137 240 121 184 208 255 255 255 221 169 231 71 60 255
    213 255 146 207 145 255 234 180 0 64 255 158 255 227 183 147 225 72
    171 255 146 255 255 143 29 158 125 48 18 230 161 255 40 188 137 255
    19 138 18 107 132 245 151 9 130 166 6 255 252 61 27 136 121 255 21
    234 255 255 255 255 64 255 255 255 144 255 90 61 220 255 94 255 86
    138 77 166 67 181 248 13 255 122 201 255 172 255 255 255 255 82 255
    114 150 62 224 196 45 135 251 255 76 33 220 255 200 131 161 0 255 48
    240 67 79 255 129 255 40 69 241 255 145 255 82 69 125 72 103 206 113
    18 255 255 51 137 255 168 174 255 171 19 255 35 121 57 90 255 42 227
    199 210 255 255 47 253 169 245 255 32 35 255 51 255 255 97 216 111
    255 255 255 78 206 255 30 213 21 255 158 191 33 140 111 243 150 125
    5 178 137 249 255 60 43 255 154 208 5 255 107 255 168 255 57 7 255
    255 24 69 136 250 108 168 221 255 145 220 121 255 1 70 121 220 10
    141 153 126 236 255 168 12 255 20 30 26 142 161 95 81 83 95 255 40
    71 99 60 208 172 138 108 212 255 138 255 255 202 76 88 192 178 141
    74 127 255 128 48 255 34 90 255 143 103 155 255 65 253 110 86 121
    239 102 245 4 3 255 137 215 173 229 198 255 155 79 48 221 152 226
    167 0 255 250 94 183 154 19 13 138 60 183 255 255 198 216 123 255 53
    1 255 221 37 255 247 244 246 19 255 255 117 229 230 27 11 255 170
    125 255 44 161 255 66 64 83 17 185 126 182 119 255 242 199 255 202
    80 255 191 255 255 255 238 170 45 107 128 122 151 123 9 8 210 255
    128 196 125 95 153 25 155 255 255 34 88 60 217 108 43 47 156 91 184
    111 21 255 126 18 152 255 98 235 255 89 255 255 76 66 205 95 236 213
    253 99 123 137 83 203 174 123 235 51 255 193 255 29 131 67 255 47
    154 183 255 88 42 2 72 33 255 218 141 136 18 255 121 73 255 96 156
    193 68 216 53 255 252 3 255 149 217 181 244 121 27 182 255 255 130
    255 255 16 255 30 129 255 255 7 14 53 133 255 255 195 138 255 31 168
    68 255 113 255 162 207 181 158 180 198 56 184 255 234 95 255 104 255
    115 215 196 253 156 168 255 149 255 255 208 255 43 20 156 208 74 255
    255 12 255 118 93 255 3 71 64 77 145 46 228 181 103 181 4 154 255
    128 8 180 145 255 198 74 196 33 74 99 165 255 255 50 104 187 111 27
    255 60 138 180 255 70 149 60 42 255 98 110 78 43 211 255 255 255 248
    105 255 39 206 202 234 245 164 113 228 247 48 200 52 250 160 15 159
    255 248 158 255 81 122 255 56 255 60 190 255 50 17 84 141 129 220
    255 146 123 150 207 169 158 212 238 93 106 255 255 255 89 255 61 216
    113 71 147 83 19 255 255 3 27 85 127 225 255 145 9 255 149 10 255 85
    3 173 218 99 255 154 211 33 124 255 255 212 255 255 8 113 190 111
    255 255 218 163 110 100 76 82 255 189 255 186 191 255 168 43 155 248
    169 201 144 78 111 62 131 255 216 245 225 111 43 211 190 234 255 78
    217 153 198 151 255 75 205 255 43 255 101 179 240 40 177 255 205 154
    219 255 211 146 255 208 234 15 109 253 255 234 32 255 231 112 90 75
    75 5 40 227 255 66 114 55 117 255 50 254 5 203 13 24 255 83 255 138
    163 255 121 6 138 125 255 8 170 16 127 90 37 196 125 57 255 75 121
    112 255 18 184 238 43 25 156 255 255 238 10 201 255 218 169 125 176
    152 93 93 14 255 207 48 156 183 206 198 142 83 90 255 159 196 134
    138 255 209 255 255 60 255 251 242 60 123 29 86 255 198 112 183 118
    174 93 183 19 91 55 62 255 38 60 255 28 203 255 116 255 255 255 255
    20 118 255 255 155 255 18 110 1 123 173 93 255 34 255 38 136 105 255
    89 9 151 216 203 111 172 255 63 94 14 126 128 105 95 204 58 63 88
    178 101 255 255 148 254 123 8 148 159 255 230 196 45 226 191 165 233
    255 178 125 177 140 99 255 20 37 130 93 28 109 255 71 255 255 119 55
    158 61 255 225 86 66 255 112 44 91 148 98 255 12 255 5 127 255 255
    85 255 161 202 188 126 43 118 255 215 146 150 213 255 143 255 169
    255 239 5 140 129 105 255 255 98 93 136 184 83 200 141 255 174 243
    255 242 125 191 93 222 255 106 37 115 226 225 255 202 170 101 92 255
    255 221 38 176 29 255 32 134 38 82 225 201 255 54 217 93 3 236 105
    239 136 126 33 255 238 255 255 133 42 255 255 127 235 0 17 173 123
    124 255 255 255 47 141 75 112 255 100 150 75 195 165 153 60 179 128
    16 245 218 111 255 255 129 66 255 9 255 158 249 166 255 218 235 255
    100 255 156 162 249 82 82 189 255 128 109 255 255 205 255 255 51 255
    176 159 8 166 50 173 229 165 255 34 130 55 25 193 255 72 253 255 235
    165 85 212 72 3 228 194 255 252 93 255 255 165 58 238 212 27 193 23
    58 46 147 255 75 184 255 66 52 140 207 121 255 218 255 255 108 152
    255 26 199 255 19 52 32 120 182 140 255 255 216 194 255 32 28 56 143
    211 154 25 255 255 218 146 1 75 191 198 131 48 255 198 49 255 255
    174 74 255 115 212 131 42 255 220 67 44 231 6 250 70 211 104 91 4
    243 165 255 66 255 113 203 156 28 255 255 42 238 156 65 255 121 180
    205 255 255 19 255 47 119 255 0 70 255 35 255 195 20 255 108 194 27
    255 184 155 255 75 132 93 155 132 255 207 121 180 255 238 15 242 8
    113 58 66 255 186 113 255 255 132 220 255 255 95 27 255 155 155 255
    255 197 185 145 120 255 255 61 141 60 239 18 255 33 15 255 175 245
    243 198 125 255 152 36 255 239 130 251 99 229 255 252 146 78 72 174
    255 75 50 50 228 102 255 63 255 68 133 88 45 8 238 201 181 126 23 72
    95 203 217 4 255 166 137 255 66 116 255 24 156 248 207 29 43 4 169
    141 122 255 77 19 17 96 24 221 255 255 44 255 204 233 52 64 132 255
    235 255 255 234 188 235 0 53 73 255 255 255 74 32 85 16 253 255 36
    99 133 84 188 135 29 255 155 248 9 118 255 38 178 56 179 136 20 174
    160 2 75 230 74 255 255 92 255 255 228 255 113 39 128 166 228 202
    158 160 255 246 242 255 255 85 255 255 16 188 90 97 61 193 108 130
    38 92 37 255 229 255 255 115 255 255 31 111 255 100 71 255 80 10 103
    195 255 17 134 71 255 46 243 90 244 255 255 149 8 255 11 22 55 202
    51 181 255 125 255 104 255 255 186 255 198 118 69 156 48 212 211 216
    224 83 165 11 255 106 108 0 30 216 255 204 255 255 180 47 216 40 255
    255 56 255 255 255 191 138 245 255 220 116 86 216 253 158 255 227 98
    175 104 20 103 255 4 17 217 166 135 197 136 17 99 255 255 46 255 255
    55 255 166 24 201 255 255 111 255 231 39 135 49 250 30 213 28 255
    137 44 10 255 212 255 81 61 208 250 30 158 55 160 255 174 107 221
    255 75 255 255 160 111 208 138 68 165 246 221 8 80 0 236 151 255 234
    30 5 25 197 50 86 137 158 168 109 255 67 44 255 53 28 255 192 255
    165 255 245 58 229 46 255 37 142 23 136 255 255 202 222 215 16 219
    255 255 38 196 2 255 183 111 165 255 255 165 255 255 11 50 255 170
    255 255 28 255 199 184 151 139 117 255 154 152 161 242 123 255 201
    109 255 183 213 201 55 105 255 188 75 255 102 188 223 91 152 255 255
    183 28 168 5 255 255 255 255 106 69 255 42 111 185 255 255 5 9 132
    42 57 100 255 0 61 255 44 255 255 238 255 255 165 159 105 74 255 255
    193 39 255 155 241 17 101 118 255 115 32 255 162 66 255 175 255 255
    144 81 17 146 168 85 112 192 201 54 137 255 247 78 236 185 118 95
    157 165 255 255 28 70 207 255 251 225 255 52 255 19 255 207 98 128
    12 107 20 78 197 255 186 30 93 199 248 55 188 141 255 255 137 255
    191 177 93 135 255 238 188 154 255 254 255 72 173 137 38 249 175 246
    101 255 120 245 99 106 175 230 108 75 255 255 157 32 223 227 86 78
    208 127 255 56 207 255 255 111 178 43 255 171 155 62 131 99 227 32
    255 112 255 165 255 191 255 89 255 22 255 153 235 95 255 137 210 146
    153 41 110 177 52 52 171 255 255 91 178 116 158 255 255 4 130 255
    118 166 70 43 127 255 134 255 186 218 255 246 78 255 45 115 212 255
    69 48 231 255 177 255 93 255 82 238 20 87 227 255 255 44 240 255 193
    28 20 160 43 255 161 47 95 82 211 255 66 111 111 177 201 255 174 231
    203 231 108 243 255 166 128 170 169 82 142 34 255 255 172 203 76 213
    33 119 252 255 124 255 255 202 202 255 236 249 73 90 255 248 191 1
    235 153 138 158 124 172 170 83 147 241 255 255 255 82 255 88 162 91
    38 74 255 255 168 47 230 10 84 60 189 255 255 37 27 255 224 51 156
    199 168 3 224 255 191 80 74 50 247 125 101 194 255 255 22 24 160 29
    179 116 18 36 255 254 62 190 174 234 255 255 84 255 65 144 12 154
    193 245 218 4 201 197 255 205 13 24 255 188 39 23 204 80 203 243 10
    15 255 252 255 136 119 221 255 103 33 167 103 255 34 255 93 111 135
    255 240 174 27 6 0 231 145 208 238 202 235 255 219 188 255 255 132
    253 111 255 255 11 94 255 255 182 53 4 25 255 137 90 255 107 241 83
    203 255 255 203 130 191 79 67 238 22 255 95 94 177 93 82 197 171 218
    57 47 156 23 255 107 255 255 146 55 43 30 255 255 194 189 255 86 255
    91 220 17 255 233 255 255 218 255 213 161 30 255 11 130 63 255 255
    255 244 252 255 255 1 236 221 255 195 212 14 60 140 57 180 222 83
    176 153 3 255 61 255 255 117 50 221 255 20 45 76 184 255 235 215 15
    255 255 95 133 130 255 42 199 116 129 182 248 16 24 255 26 125 67
    235 216 255 18 255 221 237 109 255 104 18 163 255 17 255 69 254 255
    255 255 158 115 5 63 160 175 235 101 166 0 255 24 88 63 151 178 101
    81 255 158 255 178 228 227 225 154 161 255 115 52 255 19 98 255 65
    184 225 70 255 151 255 179 130 35 255 255 252 53 131 103 255 78 134
    180 228 140 160 255 80 202 150 222 211 255 165 231 255 156 226 255
    255 127 8 12 255 10 131 219 225 12 107 77 113 236 83 167 234 96 243
    108 255 153 37 101 255 67 255 43 252 255 255 28 255 138 154 255 203
    98 255 13 185 151 236 60 95 71 255 100 58 44 166 228 255 80 124 255
    33 230 83 45 101 8 255 75 255 231 152 159 215 107 202 255 147 3 255
    189 20 255 128 114 72 209 208 43 140 128 255 160 25 205 13 18 255
    147 131 246 188 52 65 218 255 98 185 104 255 231 255 255 57 66 57 86
    255 241 57 71 255 222 172 191 255 5 186 128 97 101 103 227 255 183
    255 255 195 210 68 142 152 225 40 53 106 81 224 255 8 128 188 143
    229 248 117 93 48 248 255 3 85 112 178 255 125 230 234 36 105 239 11
    255 255 255 125 7 91 255 127 255 38 69 25 255 69 76 37 250 255 255
    255 255 17 135 255 5 57 255 27 136 255 250 138 211 255 164 239 156
    97 255 255 254 249 116 102 207 255 31 76 255 248 169 255 162 193 203
    116 56 215 255 70 255 128 255 255 180 56 20 184 222 255 85 255 225
    75 57 175 18 216 53 255 255 255 255 196 255 163 20 255 211 255 255
    203 38 255 63 50 255 144 255 48 211 255 25 255 100 255 17 255 146
    153 75 255 252 255 108 155 235 255 239 241 255 49 255 173 226 255
    240 174 255 160 78 1 78 255 145 255 51 166 181 190 255 255 192 227
    211 31 255 103 255 104 100 149 135 255 20 255 255 255 119 255 243
    104 255 203 224 255 82 10 255 255 161 205 140 28 255 22 142 255 61
    52 103 128 62 255 75 222 141 186 233 111 65 119 158 174 255 255 29
    189 255 70 230 37 189 142 255 195 253 243 157 255 75 24 194 3 147
    255 255 255 100 215 84 137 255 49 160 255 224 102 225 255 142 111 72
    173 101 90 20 95 70 233 255 255 79 28 142 255 33 170 235 245 57 197
    161 255 56 65 182 83 255 107 144 188 69 97 57 138 255 206 242 116
    255 173 158 37 220 25 123 203 255 255 255 255 231 67 93 255 85 13
    101 70 255 255 135 255 68 18 255 72 182 196 78 119 36 255 16 233 255
    167 58 255 158 165 226 210 67 60 148 158 255 168 19 255 184 255 255
    109 104 163 255 191 255 19 255 48 36 255 255 128 239 201 197 132 70
    143 166 198 73 39 70 255 105 143 179 127 255 75 74 30 19 255 255 255
    255 77 91 255 52 204 34 78 98 23 25 60 255 255 221 255 255 19 161
    131 194 11 32 133 255 25 43 81 231 106 255 255 27 66 138 100 255 200
    95 154 255 102 30 38 234 37 255 173 51 255 42 202 255 128 91 37 254
    233 155 218 102 120 255 34 221 194 33 255 255 145 10 129 220 178 18
    255 67 240 128 235 237 235 255 56 154 221 200 202 72 149 255 226 200
    102 255 245 150 255 106 128 255 255 3 98 125 255 8 190 179 93 179 97
    255 108 225 255 108 222 108 33 135 125 40 130 221 234 11 163 201 9
    255 48 111 130 30 219 110 49 80 3 222 103 255 255 8 221 209 69 255
    112 58 255 104 212 255 247 154 110 201 25 8 248 131 231 206 113 255
    255 244 173 71 210 230 191 255 255 116 121 53 177 104 158 100 191
    255 255 255 255 45 28 255 200 206 90 84 196 20 36 47 73 172 255 176
    51 78 255 176 255 83 7 89 115 40 121 248 195 144 255 190 43 255 255
    252 240 118 93 255 61 246 0 177 173 255 211 144 255 151 65 2 226 104
    255 118 180 75 195 224 255 2 20 185 217 1 143 208 1 255 66 104 255
    213 23 5 245 193 140 213 255 82 12 255 73 158 36 118 130 177 42 35
    255 243 124 18 255 158 220 255 109 255 255 109 255 130 31 203 95 144
    99 70 186 38 255 111 126 255 42 216 238 221 130 116 231 255 255 229
    105 255 52 116 98 38 230 60 81 11 108 117 244 255 127 128 255 216
    255 255 36 255 255 246 255 246 191 88 255 129 23 255 255 85 255 144
    184 43 58 255 80 167 17 195 177 20 255 255 105 255 42 57 148 235 50
    255 131 156 83 11 184 141 34 192 255 243 255 83 43 255 255 191 125
    213 220 74 2 240 255 196 145 213 120 137 255 135 21 248 158 121 117
    235 78 255 27 202 37 48 192 100 141 113 225 95 131 104 123 126 231
    255 152 255 255 65 255 32 215 30 255 51 248 220 101 252 255 118 140
    215 133 197 253 12 78 255 181 172 12 131 141 28 16 170 255 252 29
    255 220 95 255 186 206 248 31 6 126 246 187 255 255 255 101 74 85 78
    147 74 47 39 41 255 229 250 196 134 206 255 62 221 166 47 255 165
    106 165 255 225 15 168 179 14 255 226 255 146 255 255 63 188 241 255
    212 248 22 152 50 78 4 178 255 200 255 255 198 15 255 38 4 255 245
    86 255 175 160 82 174 100 255 210 109 255 136 8 255 183 84 27 10 69
    211 61 199 73 244 130 255 53 71 120 36 187 30 225 126 185 152 155
    156 48 241 100 90 191 63 33 142 32 65 254 255 192 199 255 57 255 255
    186 255 255 29 196 255 35 156 255 213 255 255 103 225 110 255 255
    255 212 233 255 66 255 255 138 216 255 167 142 130 252 10 255 167
    255 195 230 74 240 244 48 255 19 255 47 120 168 255 255 17 198 140
    75 80 60 217 255 28 255 255 63 6 255 34 207 255 118 75 255 186 154
    255 99 255 255 215 222 250 255 91 241 235 122 255 98 235 83 144 234
    180 255 149 255 81 183 183 89 47 235 255 255 67 172 74 70 102 23 110
    182 222 55 7 235 255 49 220 13 60 225 128 233 97 140 6 42 255 79 174
    215 92 255 48 22 255 143 222 75 255 126 243 255 6 255 255 213 163
    233 255 202 200 19 10 203 255 255 255 11 9 255 172 203 255 128 1 0
    208 155 255 55 212 255 234 202 255 255 19 255 72 99 70 255 178 255
    255 43 7 119 180 255 213 94 206 255 140 88 70 65 250 86 10 255 217
    255 255 10 107 173 112 255 255 155 185 80 67 255 245 149 203 255 213
    46 220 33 146 91 21 104 12 255 37 255 135 83 255 67 245 255 3 156
    255 189 95 160 177 131 186 56 203 121 208 118 255 37 255 255 65 224
    255 43 227 37 222 11 255 115 5 53 170 105 255 174 255 255 185 95 148
    176 99 166 176 255 75 157 233 145 20 135 255 124 197 255 144 169 150
    85 98 235 99 149 65 255 29 206 172 255 255 202 255 255 248 255 188
    174 255 255 12 248 255 139 203 238 242 99 63 24 103 110 49 255 63 75
    255 255 164 66 255 211 255 120 91 94 255 86 131 175 206 142 255 120
    179 146 79 89 106 44 56 255 225 255 255 122 89 220 255 108 255 245
    17 91 253 198 255 182 135 82 255 116 47 78 206 140 255 255 47 155
    173 255 69 182 72 255 147 38 93 255 78 47 138 57 81 135 145 69 255
    115 177 76 255 18 23 40 127 244 255 175 156 255 57 222 255 166 95
    115 199 255 255 75 95 196 208 255 206 218 112 7 255 207 215 81 255
    255 58 131 160 52 14 255 255 174 32 64 150 23 211 255 55 74 105 255
    2 235 230 151 33 17 31 25 185 43 255 255 230 184 151 27 107 255 255
    202 206 207 144 255 228 180 186 222 118 220 151 4 186 89 246 245 20
    196 123 255 207 255 60 175 255 89 146 255 13 255 246 255 34 230 6
    205 131 47 243 196 154 142 176 34 105 255 155 69 95 127 123 215 26
    194 216 7 201 130 122 66 58 86 255 255 203 136 255 168 38 133 255 51
    255 229 207 255 131 125 82 255 255 255 234 75 255 252 240 173 193
    178 168 234 194 255 75 17 255 9 132 255 255 80 255 124 149 5 193 255
    255 56 155 138 22 170 255 55 127 8 255 33 135 108 233 248 103 30 208
    10 255 103 37 141 233 255 208 55 180 173 166 21 220 150 219 125 151
    183 24 165 195 89 45 56 69 255 84 255 255 222 255 130 181 255 255
    255 33 170 122 17 17 82 94 42 121 8 255 122 13 103 252 255 255 122
    169 255 128 255 255 175 252 255 189 37 238 200 226 176 28 83 255 246
    67 255 185 255 135 220 128 255 65 158 156 139 140 255 255 27 5 49
    255 255 54 58 83 3 255 255 139 46 68 130 111 255 52 95 255 160 255 8
    116 198 23 7 189 255 62 58 116 74 184 255 255 113 148 207 202 8 144
    226 255 255 22 253 255 58 255 140 79 255 255 255 62 242 20 255 154
    69 96 173 174 60 60 177 75 255 154 120 25 79 255 124 60 23 28 122
    168 137 135 255 8 255 226 100 208 255 102 58 220 13 29 223 145 39 77
    81 231 255 218 255 255 117 152 211 53 46 5 0 133 255 83 43 255 182
    255 121 9 241 130 28 179 255 34 76 255 164 187 215 85 224 128 92 194
    136 163 246 255 9 27 255 80 255 168 230 138 255 199 255 141 80 62
    185 60 255 255 21 104 255 17 71 130 53 161 255 134 27 255 74 239 120
    36 20 255 174 146 166 161 255 255 136 235 67 255 65 251 216 224 255
    88 189 255 255 174 255 90 97 178 255 140 95 63 50 150 255 130 255 46
    255 75 170 94 255 91 213 255 44 210 165 225 44 8 244 180 173 254 128
    185 204 217 255 218 198 158 209 15 255 207 130 255 8 107 255 221 255
    216 28 244 253 151 255 176 89 103 255 255 255 141 95 255 255 246 248
    133 153 255 255 224 253 255 86 255 150 194 164 221 218 86 67 3 25
    166 106 19 223 125 121 50 103 137 255 117 255 255 102 255 226 47 150
    13 37 255 78 24 255 58 91 60 255 12 255 146 177 61 96 155 250 98 70
    86 251 33 22 255 148 239 190 152 46 111 191 231 255 66 255 255 83
    205 213 66 185 255 152 100 255 203 0 255 48 255 3 247 80 211 255 255
    48 147 249 203 227 18 55 255 248 196 221 10 255 7 138 255 166 118
    255 109 255 170 255 109 141 27 255 255 188 165 210 9 104 93 218 255
    82 164 254 141 110 66 123 64 0 208 131 28 73 255 156 123 119 255 255
    184 0 255 74 221 255 10 155 190 228 255 193 255 255 255 255 43 255
    255 20 181 209 111 255 99 66 255 33 172 101 113 108 236 93 255 221
    29 130 37 22 83 35 146 86 255 183 252 108 129 25 255 18 144 255 220
    107 255 175 254 166 248 255 77 215 255 72 28 121 255 229 248 231 3 4
    98 22 255 240 212 255 250 58 146 106 248 212 161 25 255 248 176 93
    255 133 65 255 245 238 255 194 46 5 209 180 255 48 254 255 69 150
    255 93 255 255 198 114 73 137 3 255 180 174 48 139 74 255 115 19 255
    255 255 255 203 100 235 119 205 236 255 163 215 31 226 200 153 255
    255 18 147 72 255 146 90 81 65 201 115 255 255 25 146 156 198 14 38
    111 225 168 92 168 103 81 62 255 116 125 185 124 188 255 255 84 105
    30 173 253 31 37 116 167 255 248 229 255 53 255 83 255 84 231 255 29
    78 52 97 227 255 253 179 82 255 122 255 237 255 190 47 196 255 255
    135 75 30 14 63 255 15 255 134 215 223 228 175 220 64 244 186 112
    255 255 84 179 27 255 65 255 44 104 255 219 245 255 242 0 250 103
    114 255 73 255 27 111 90 3 180 66 255 103 217 255 226 39 255 255 188
    105 108 102 178 234 255 143 160 215 12 113 138 136 0 172 206 233 221
    255 0 255 210 255 90 35 120 248 255 129 159 255 201 114 255 10 117
    255 255 0 138 255 255 255 192 229 121 255 255 255 156 42 255 119 107
    255 170 210 255 88 70 230 221 93 50 246 60 255 63 255 223 129 62 255
    26 241 255 238 0 255 103 255 193 255 38 158 55 185 98 207 255 95 46
    13 255 3 158 255 42 53 238 17 180 195 21 255 255 13 83 255 237 255
    88 242 244 173 45 51 255 237 9 255 244 155 255 252 238 136 125 85
    241 234 133 22 85 248 255 142 80 255 255 146 131 27 169 165 255 255
    181 89 84 255 228 252 163 161 255 255 228 47 255 152 255 255 108 255
    171 246 140 196 57 79 255 49 208 255 84 220 32 255 244 255 39 81 111
    255 255 255 136 11 246 222 248 82 209 113 22 255 22 176 72 255 150
    242 172 255 0 112 238 90 255 136 191 56 255 249 75 255 4 255 255 255
    227 243 164 255 220 185 20 255 35 255 91 252 255 83 134 255 170 46
    216 200 244 39 233 101 46 255 57 78 255 255 46 138 73 64 255 170 64
    193 4 159 75 18 168 90 226 98 255 71 37 87 175 255 210 164 58 255 28
    135 255 185 226 80 30 0 255 255 107 241 195 0 91 84 255 255 46 159
    255 160 15 75 39 28 191 211 117 255 101 127 113 255 71 90 117 109
    176 7 255 72 213 192 28 160 160 136 192 255 90 48 119 170 215 44 77
    74 33 255 255 208 255 133 255 85 234 216 125 98 253 255 168 131 255
    71 168 255 130 189 250 44 222 163 201 255 255 60 203 208 117 255 10
    1 130 185 255 227 57 181 235 255 4 255 185 255 255 123 248 152 255
    127 103 255 65 246 255 255 229 255 46 172 140 21 255 57 4 30 255 206
    255 171 10 193 5 55 9 98 255 255 171 181 213 255 255 140 255 255 117
    255 133 182 225 27 229 43 31 255 255 13 165 255 245 255 193 242 95
    58 122 132 230 250 97 188 242 221 255 71 229 211 39 1 230 186 255
    255 80 177 255 149 78 255 4 123 8 166 57 126 81 104 141 69 255 30
    213 220 161 39 183 7 25 15 255 72 121 255 44 192 120 255 83 170 142
    255 255 203 206 226 24 90 255 29 255 150 63 144 150 146 245 211 70
    170 255 148 243 133 40 226 63 53 173 173 162 255 255 240 83 255 38
    255 250 151 4 255 210 145 241 109 71 255 85 97 255 149 248 53 255 9
    223 36 203 138 188 255 205 10 255 12 103 217 255 218 166 255 130 27
    255 116 55 255 204 255 131 184 255 47 160 1 255 69 67 47 98 46 216
    117 55 255 255 240 145 240 255 30 226 147 82 13 255 255 247 42 255
    117 23 255 107 225 255 95 64 62 243 44 161 199 93 255 253 229 43 83
    78 255 185 188 255 46 46 255 47 98 166 4 108 88 172 70 195 60 255
    255 128 169 101 165 138 255 238 226 255 91 131 255 118 152 57 46 36
    203 155 37 60 51 133 15 60 48 30 39 105 88 188 55 123 128 191 12 168
    255 255 130 174 155 255 255 255 128 3 160 255 241 206 174 255 23 244
    255 3 121 198 255 166 76 255 19 255 255 33 140 33 71 38 111 244 160
    118 182 255 255 95 220 77 172 235 246 177 255 255 143 253 255 160
    229 255 243 164 90 60 234 98 106 29 255 134 213 213 244 142 68 255
    255 163 121 89 255 108 255 208 37 80 255 165 19 255 255 178 95 242 4
    62 37 64 47 186 17 255 144 255 115 152 85 210 154 216 255 255 255
    136 134 249 8 106 29 126 242 255 7 211 217 38 213 48 255 86 255 91
    131 221 15 176 184 145 255 118 255 217 32 28 180 135 255 69 255 95
    147 62 255 134 145 235 250 15 255 242 222 255 255 255 255 226 64 255
    112 103 243 227 255 105 112 114 173 80 255 191 180 164 255 181 58
    255 247 135 206 26 22 22 49 39 255 122 238 10 134 255 65 225 255 255
    69 178 72 246 75 255 95 255 255 255 112 8 201 135 255 4 3 255 183
    152 253 211 113 255 245 254 255 255 187 255 255 50 200 255 70 255
    175 206 255 215 217 48 181 111 255 255 233 175 221 185 146 16 255
    140 62 57 255 253 179 225 179 103 255 2 81 255 185 255 251 22 79 255
    242 33 255 2 50 150 93 205 178 15 98 218 126 193 255 142 43 180 157
    197 128 183 255 173 143 229 255 61 255 163 175 141 230 239 255 255
    225 255 255 217 97 188 195 116 255 121 37 120 155 9 255 113 255 8
    255 255 91 207 160 255 167 191 255 198 185 243 192 166 255 175 227
    255 82 210 255 85 65 85 113 79 255 57 255 255 255 122 255 100 103
    143 211 248 255 125 182 225 152 255 255 149 69 118 255 255 255 107
    207 158 93 198 32 13 76 65 111 95 120 208 169 48 111 255 255 143 224
    68 116 226 105 151 95 45 73 234 156 4 240 108 120 70 255 143 117 255
    88 206 75 210 255 55 255 118 255 171 191 130 138 147 161 221 140 198
    94 168 205 139 255 226 139 6 136 165 255 255 186 151 255 70 94 183
    48 64 173 124 152 255 0 9 255 255 5 23 72 126 72 92 174 255 120 151
    255 245 238 255 36 39 255 181 113 255 127 255 138 16 203 205 60 36
    255 143 53 111 27 145 255 69 100 230 75 71 246 63 164 50 45 255 255
    193 255 108 70 125 255 61 255 8 142 210 255 197 172 255 255 25 7 174
    133 60 47 255 151 104 255 225 255 255 255 94 34 255 3 135 183 24 147
    231 201 109 255 165 88 253 222 1 255 255 255 255 63 89 12 175 126
    255 82 52 20 109 255 255 78 61 255 15 144 255 6 93 255 255 147 255
    79 185 255 255 252 136 221 255 30 244 219 255 109 10 206 138 240 223
    63 161 255 24 185 233 180 0 255 130 227 95 0 79 125 207 177 236 249
    250 130 243 239 96 131 67 42 249 102 255 117 47 17 163 158 40 116
    111 255 186 213 255 235 154 155 250 165 116 66 89 216 255 56 255 40
    255 255 162 74 255 139 255 27 9 255 101 102 255 255 186 58 235 160
    244 151 12 75 250 255 132 255 109 207 186 8 0 156 149 255 255 181
    252 255 186 207 175 197 128 166 255 221 145 216 253 60 6 213 83 255
    255 47 245 174 248 76 254 211 240 236 255 52 169 255 210 255 255 72
    48 203 15 255 123 255 255 100 216 156 57 11 255 108 170 135 193 89
    202 153 216 255 255 160 165 158 99 249 52 112 255 255 127 41 255 255
    255 226 139 83 20 84 69 255 0 140 255 142 255 108 56 14 255 217 174
    20 210 255 78 218 233 255 238 132 170 133 255 255 255 66 255 192 11
    72 152 98 195 72 208 110 149 255 133 179 255 40 13 189 96 255 155
    211 255 141 216 112 255 255 12 213 110 209 255 8 255 255 68 27 255
    255 228 255 255 226 243 2 83 230 255 10 138 255 139 249 166 99 255
    18 193 255 38 171 50 255 255 58 211 188 39 111 73 215 255 83 182 13
    64 255 255 190 75 196 21 255 231 100 238 223 255 255 72 83 76 255
    138 117 93 202 240 255 81 130 241 42 155 255 19 185 72 233 255 255
    145 89 253 72 66 57 247 116 255 255 84 255 234 146 240 189 168 255 7
    58 48 144 99 253 194 27 161 29 36 216 127 25 82 142 71 255 229 255
    255 238 17 48 88 254 230 188 255 246 72 58 116 115 255 255 228 25
    255 180 177 116 248 233 131 208 255 160 3 220 48 231 117 255 240 122
    103 47 19 105 25 250 38 44 255 216 203 250 0 255 255 255 255 15 8
    162 37 165 202 255 255 183 55 165 19 109 255 193 103 255 35 255 255
    95 230 255 179 255 163 167 255 52 165 249 255 33 100 255 188 217 255
    119 140 180 126 233 255 193 19 125 71 255 255 171 255 196 146 193
    120 255 152 255 33 255 255 255 140 180 7 133 255 246 41 255 91 174
    111 25 243 255 82 255 255 255 152 255 22 197 181 162 255 45 148 108
    255 57 36 255 143 8 168 78 34 12 80 33 25 221 149 255 33 255 255 82
    187 166 213 255 255 19 80 176 255 255 161 40 22 165 255 188 255 82
    104 133 228 145 113 228 182 251 255 201 116 247 11 60 151 102 255
    242 255 186 6 255 255 70 252 246 197 255 255 212 32 255 173 102 88
    93 71 131 168 255 248 0 255 255 210 42 255 248 154 168 80 255 226
    148 244 255 173 248 128 53 23 205 63 255 255 234 32 248 255 44 255
    255 144 156 245 20 255 255 255 255 135 104 191 171 86 255 0 255 255
    143 0 226 164 210 42 156 114 37 243 15 17 255 38 120 55 10 255 92
    245 52 220 114 22 27 193 206 186 141 195 155 135 255 125 189 255 148
    240 156 116 78 255 29 255 120 253 183 166 11 255 153 15 64 45 164 41
    255 201 158 255 74 126 255 134 22 255 104 255 20 199 126 220 153 222
    15 216 188 255 30 226 215 67 201 255 255 93 17 67 38 230 255 255 226
    238 255 255 17 255 255 9 122 70 67 138 255 76 255 255 46 222 105 70
    113 255 115 255 255 255 255 35 218 192 221 62 255 255 235 64 111 218
    255 255 137 57 186 21 255 255 255 81 32 110 81 106 39 109 53 56 25
    77 142 255 245 78 90 255 202 57 32 255 252 218 216 51 95 142 13 80 8
    183 255 106 234 166 197 39 255 255 255 195 142 248 153 71 89 255 183
    255 195 202 53 255 78 66 165 189 255 255 66 89 176 255 255 255 18
    104 205 139 32 75 2 255 255 206 126 255 95 255 255 109 64 120 142 29
    91 212 255 138 73 255 96 211 113 255 46 206 220 248 255 255 66 108
    255 216 41 196 220 58 3 142 28 255 255 193 191 242 243 116 38 234
    185 255 203 255 156 100 32 255 222 218 253 221 255 136 216 255 64
    252 245 104 140 255 82 213 255 255 255 33 47 135 235 225 149 95 56
    135 255 40 147 255 44 17 190 22 132 255 80 231 255 2 255 131 171 22
    116 148 206 255 128 47 255 60 13 255 40 255 95 255 75 255 22 236 255
    47 118 255 255 81 255 208 11 185 107 159 255 225 53 235 117 22 153
    191 233 126 234 255 245 39 13 255 76 154 255 61 99 255 12 189 250 39
    173 255 255 255 223 145 255 18 255 166 82 30 99 255 239 102 236 255
    119 198 154 50 85 255 76 7 218 122 108 109 216 255 236 255 37 93 43
    255 255 248 60 74 255 255 104 10 255 255 93 120 203 226 170 20 95
    228 219 9 190 118 10 185 166 179 255 1 255 171 212 255 255 74 173
    255 162 253 100 70 141 115 255 159 255 255 44 5 171 88 223 113 86 35
    175 90 168 98 164 255 190 132 62 42 166 255 255 6 37 231 79 113 51
    34 158 1 85 87 137 121 255 121 255 255 122 94 37 51 212 126 109 9
    236 95 85 255 173 111 255 255 255 243 156 131 193 255 219 255 74 185
    145 118 28 195 62 243 255 255 3 188 163 119 57 129 255 255 53 255
    176 124 58 255 255 216 87 42 127 18 98 22 255 100 160 67 207 255 166
    224 255 255 168 255 15 11 230 3 175 32 255 20 136 161 38 225 146 255
    131 255 229 138 255 122 61 255 234 126 203 21 52 0 235 6 255 71 66
    255 106 249 195 51 255 255 7 183 255 126 94 106 225 255 70 144 79
    233 9 122 5 220 36 50 67 255 255 231 255 120 163 184 203 104 230 255
    147 201 176 115 192 255 8 23 136 255 58 255 163 169 225 167 55 255
    154 80 116 47 98 68 13 22 87 255 126 121 181 71 176 95 60 185 240
    193 255 163 249 47 115 93 255 168 255 255 31 161 255 254 184 241 255
    99 30 111 252 57 255 39 33 56 216 103 48 65 255 24 104 8 71 170 255
    73 255 188 255 255 58 202 255 136 242 236 255 10 255 80 175 149 255
    253 151 90 193 76 100 254 20 216 255 255 255 183 80 255 202 245 255
    52 156 105 255 255 255 189 203 67 112 246 240 216 183 255 239 119 27
    67 255 150 238 94 255 83 18 255 145 255 178 255 41 165 31 99 255 217
    246 125 137 3 100 194 250 255 227 18 255 78 95 255 160 52 255 242 90
    255 49 255 255 38 100 103 182 230 255 9 244 255 0 95 248 78 107 255
    31 234 255 63 61 255 154 255 255 255 241 73 102 69 110 255 62 161
    112 85 238 188 255 255 148 252 65 101 255 80 61 103 255 174 243 255
    243 51 255 16 0 23 254 159 255 57 225 255 177 156 156 115 61 255 163
    255 206 255 156 58 140 255 42 116 234 85 255 241 255 227 183 255 58
    118 87 255 177 255 38 18 201 143 175 255 192 4 82 93 196 113 254 210
    255 90 255 155 138 81 255 168 188 63 185 255 220 255 50 128 99 193
    201 22 166 255 39 255 231 233 199 110 197 238 57 55 164 161 173 104
    176 146 42 33 157 30 255 240 255 231 220 69 255 137 28 255 71 10 255
    98 33 35 203 222 255 226 188 255 255 28 255 143 255 63 255 136 255
    174 107 255 193 255 238 124 231 67 242 32 170 193 48 255 106 4 145
    255 255 60 144 255 236 49 140 198 51 192 255 204 78 255 3 116 206 52
    230 78 86 255 255 240 27 55 253 193 255 226 24 141 255 210 75 216 44
    5 215 177 255 133 210 255 130 255 67 55 255 201 212 255 161 252 25
    135 250 52 245 109 191 73 128 118 165 136 76 195 89 250 120 28 255
    255 78 215 5 99 93 103 216 64 255 0 255 255 38 183 35 80 136 125 109
    67 255 234 74 83 238 234 255 89 93 255 160 175 255 255 255 228 200
    52 103 156 78 255 38 227 255 255 184 126 188 74 255 186 255 68 204
    255 255 25 245 33 52 48 255 38 121 201 176 194 52 153 81 255 255 255
    255 107 198 151 43 255 180 138 55 98 73 250 255 255 226 255 104 170
    15 213 255 255 40 255 248 6 160 255 115 18 83 24 191 206 21 97 140
    176 132 238 57 112 158 126 205 8 129 255 255 192 84 178 40 102 180
    219 199 83 27 170 12 2 215 255 39 140 60 0 199 255 121 255 255 255
    255 255 195 78 255 9 47 223 228 9 255 72 205 255 192 10 255 69 105
    255 255 85 255 55 56 255 165 88 73 255 8 130 99 198 190 208 255 75
    74 191 156 102 255 218 186 76 255 44 140 255 245 255 98 237 255 255
    255 182 255 55 230 255 216 178 191 245 93 255 71 255 65 226 230 38
    78 117 183 85 154 111 255 98 255 75 210 255 222 206 87 255 117 196
    94 255 178 112 100 255 83 152 186 255 255 236 44 255 140 51 100 255
    199 170 255 57 255 235 108 249 255 148 65 155 248 255 32 167 255 15
    163 18 213 27 133 213 255 184 87 213 135 255 168 255 7 0 154 191 201
    4 255 255 149 75 66 230 35 43 233 196 154 255 255 248 79 255 3 109
    80 126 97 255 28 9 253 75 89 255 255 95 75 171 198 96 42 103 255 51
    25 255 60 1 195 221 255 255 228 88 155 254 203 255 37 212 166 218 11
    95 255 173 100 100 141 190 122 32 188 38 123 148 12 119 246 27 90 67
    156 154 255 243 103 148 78 104 230 227 166 128 234 255 90 240 245
    255 228 239 28 255 58 255 183 47 255 243 191 255 255 79 255 255 39
    253 255 255 196 203 90 255 127 255 200 235 80 87 42 10 82 88 94 165
    240 19 42 102 255 255 13 255 255 255 15 255 61 255 255 218 255 255
    239 174 125 3 178 148 18 97 255 181 255 255 227 23 255 191 112 228
    255 97 116 127 53 255 255 55 148 255 55 255 176 100 141 112 199 243
    197 163 30 255 158 203 209 67 70 175 95 123 65 224 153 29 6 67 180
    231 255 234 170 255 15 255 98 138 128 87 84 189 5 157 180 50 40 146
    95 71 255 32 75 4 253 193 64 255 8 102 125 248 203 136 215 255 255
    245 127 255 84 255 255 213 255 138 255 142 255 198 23 20 201 69 200
    255 226 193 174 255 208 181 13 47 88 13 236 0 255 255 255 50 255 163
    24 12 55 182 151 21 207 106 250 255 43 15 196 85 145 246 166 250 197
    211 255 234 255 244 166 255 99 163 255 4 213 5 48 246 255 255 6 255
    130 255 105 39 255 255 137 33 218 195 255 170 109 255 255 219 255
    150 1 159 255 231 147 255 145 170 95 40 255 255 191 188 255 138 255
    255 55 118 91 255 255 158 242 193 125 255 17 82 255 255 255 48 0 3
    79 178 255 171 29 90 116 133 101 255 253 85 255 208 255 192 39 62
    255 48 55 195 19 255 116 235 255 164 84 28 209 222 141 146 189 238
    234 235 240 146 236 35 255 255 170 89 41 255 6 123 210 142 178 5 255
    126 211 8 44 173 247 146 195 249 248 136 148 46 255 145 255 255 31
    255 165 66 116 225 36 130 15 255 194 110 255 255 173 228 255 255 102
    255 251 255 146 255 125 22 150 143 69 113 6 164 185 95 119 255 180
    100 65 29 119 25 255 147 255 146 53 255 128 255 210 143 168 255 138
    246 255 52 183 255 255 109 175 144 243 255 181 159 125 0 20 255 70
    255 8 188 116 65 101 255 195 201 32 100 255 104 255 216 133 255 201
    235 98 86 64 255 42 50 183 201 184 17 135 255 47 180 147 47 92 123
    53 202 6 230 193 17 55 84 5 255 215 74 255 192 189 255 255 182 32 39
    255 255 255 205 198 85 149 126 186 255 180 17 3 255 175 210 57 213
    154 255 160 117 105 213 55 191 229 255 228 176 192 255 255 113 208
    117 119 255 236 165 47 255 140 48 101 196 255 79 255 241 165 122 255
    17 69 42 34 249 136 212 174 255 255 255 255 231 62 255 192 255 125
    120 24 255 157 14 141 255 142 223 82 121 200 131 155 255 254 255 60
    109 55 175 78 1 255 130 53 255 72 131 255 193 255 196 255 149 23 200
    119 255 90 22 181 171 255 133 71 159 251 239 255 183 61 28 5 189 224
    95 177 255 63 255 235 32 255 198 255 153 238 255 108 255 255 255 122
    255 192 255 126 112 20 255 253 60 255 212 135 220 239 222 255 67 170
    183 246 10 255 129 81 190 185 18 255 51 197 45 255 255 50 90 4 255
    243 14 255 92 123 106 120 198 18 179 62 255 202 30 255 199 255 255
    244 161 77 91 113 70 171 184 77 63 255 203 171 144 255 118 174 131
    140 136 255 44 255 148 1 255 140 75 224 88 213 114 166 30 255 28 239
    154 72 168 255 111 140 23 216 247 255 255 255 255 216 199 119 255 19
    131 255 78 210 98 255 255 10 152 3 160 181 39 255 188 255 255 161 22
    255 175 142 115 134 255 133 42 15 255 75 10 188 174 255 103 182 174
    191 120 70 255 186 255 205 248 85 238 208 69 23 115 255 255 48 231
    57 147 57 255 97 255 216 255 180 255 36 84 255 63 198 65 194 51 213
    42 125 255 207 253 118 207 255 208 217 255 78 203 19 110 6 175 186
    207 46 255 17 255 68 173 108 90 72 20 10 185 255 255 255 255 158 122
    255 171 183 72 246 189 141 255 2 127 255 144 197 255 193 93 223 255
    163 200 215 241 255 102 255 22 174 43 17 120 233 18 110 255 245 157
    62 255 255 213 193 112 255 130 28 123 200 244 244 15 255 149 136 27
    79 115 29 140 158 168 210 255 244 104 255 10 246 32 195 177 255 115
    212 255 90 91 155 80 208 255 58 244 10 193 8 205 126 229 255 74 85
    121 33 18 255 229 192 27 128 255 255 1 255 255 198 221 255 57 255
    110 46 255 163 0 224 35 44 255 255 255 194 52 161 81 125 209 17 255
    212 255 255 137 246 255 255 246 255 99 189 255 95 76 205 119 67 101
    147 255 17 183 30 241 46 146 2 253 241 62 110 255 165 19 123 255 148
    255 255 25 177 105 255 116 255 11 255 255 84 80 255 168 255 28 30
    216 203 246 103 255 136 30 22 201 255 255 140 255 72 224 235 63 218
    138 255 255 72 255 255 255 255 90 51 193 160 66 255 152 221 255 175
    163 255 226 67 50 117 132 33 255 145 255 17 135 128 247 194 176 92
    10 2 252 235 205 233 11 87 242 226 57 215 255 220 255 121 63 95 255
    255 103 56 255 6 208 255 252 1 255 172 184 255 255 248 233 17 219
    255 11 202 82 255 255 255 229 255 160 228 159 255 188 255 255 209
    175 255 166 250 211 1 226 255 204 137 163 219 95 255 162 198 23 234
    222 37 103 160 253 66 62 191 133 197 255 255 6 255 255 94 200 185
    216 255 31 246 255 75 255 88 243 255 255 84 147 255 3 194 218 56 255
    175 55 70 205 143 84 255 242 25 255 255 255 255 160 108 255 62 255
    176 194 217 255 255 147 185 11 255 191 255 230 108 128 255 170 131
    255 255 1 246 100 156 231 218 225 161 255 247 187 255 25 245 255 255
    65 87 112 67 255 93 149 255 207 76 255 161 255 255 125 191 255 121
    46 103 90 255 255 103 217 255 170 70 135 92 241 231 252 93 47 255
    127 206 89 199 55 29 66 143 62 239 255 146 206 186 255 255 60 204 55
    2 109 255 153 173 146 255 217 255 255 80 100 220 255 169 0 139 95
    255 202 100 255 174 255 255 44 252 83 173 165 103 174 255 80 24 246
    255 244 255 88 36 222 255 72 255 148 146 183 181 219 255 255 71 255
    255 188 208 188 197 114 238 255 241 255 255 255 255 242 118 255 17
    241 255 207 170 255 46 243 255 255 109 198 86 85 30 17 189 90 119 84
    146 51 175 213 42 46 255 33 34 173 189 220 91 38 184 255 180 243 255
    136 83 255 57 114 255 136 189 155 31 191 17 142 61 255 29 142 255
    204 90 255 107 27 255 231 111 255 35 85 255 78 42 160 73 25 83 20
    117 255 0 128 246 63 193 58 217 125 82 255 188 255 37 255 223 76 22
    255 236 146 171 176 13 255 18 255 255 60 174 255 15 193 255 179 109
    255 120 226 255 110 255 65 138 175 20 239 125 146 26 182 208 72 255
    47 175 255 218 112 152 133 12 55 173 63 183 208 130 13 255 135 79 30
    47 163 215 110 25 121 186 72 255 124 65 123 57 187 255 255 255 255
    235 248 255 189 170 215 26 79 20 3 255 255 216 255 148 92 127 145
    186 255 170 164 246 155 67 67 211 160 105 255 69 111 105 146 255 255
    252 33 176 148 231 241 137 151 206 186 107 255 111 253 27 195 74 255
    207 255 255 103 41 220 255 18 181 103 255 43 56 32 108 22 188 8 199
    229 18 153 43 145 86 255 255 165 3 255 89 222 8 255 243 255 109 53
    42 133 156 170 236 126 255 54 208 37 28 255 255 234 117 236 175 241
    255 58 99 255 218 255 15 79 255 255 186 255 255 174 180 255 98 125
    255 247 17 25 237 183 3 134 114 175 181 241 206 250 194 183 108 81
    255 192 255 37 249 38 255 255 75 55 222 9 255 255 255 67 204 255 255
    10 255 255 72 255 53 85 255 255 166 103 255 200 180 42 153 255 255
    181 150 163 255 164 20 225 24 255 15 252 23 31 199 3 255 255 206 21
    50 87 93 3 25 252 255 255 138 238 255 198 53 42 162 109 251 253 23
    255 65 76 33 255 154 255 97 128 148 57 255 38 255 160 255 215 234
    161 106 239 156 76 255 255 126 30 148 182 133 77 162 53 218 255 255
    73 8 50 255 156 112 193 18 229 221 102 255 255 176 173 18 89 165 83
    167 14 255 255 0 255 162 255 251 89 207 255 51 216 125 235 255 48
    151 253 151 133 255 255 203 46 126 147 255 113 81 199 255 255 48 216
    54 37 125 53 255 255 70 23 2 255 222 111 255 225 225 230 145 163 236
    55 255 79 211 218 93 255 255 66 197 185 116 255 185 44 130 135 198
    224 255 240 230 33 222 13 136 194 132 116 52 13 255 103 227 10 255
    145 213 157 47 255 75 255 255 17 206 255 186 255 22 4 107 78 40 255
    251 199 103 255 134 61 33 63 240 143 72 22 0 255 255 87 154 255 205
    44 79 255 255 255 65 220 255 170 144 194 255 93 48 255 35 211 255
    228 140 163 208 207 255 149 255 255 82 80 255 117 94 181 2 132 63 97
    118 255 55 53 73 92 191 108 245 29 168 201 158 42 121 132 98 86 180
    255 255 132 87 52 246 255 79 255 27 20 221 235 131 255 255 192 234
    82 167 121 226 184 39 241 49 71 8 146 13 255 138 30 168 25 93 95 157
    255 47 255 100 156 175 239 175 129 250 211 255 95 35 53 255 158 194
    255 255 255 185 160 121 255 255 145 255 111 44 150 90 94 236 255 67
    151 255 140 105 186 255 168 18 117 178 241 92 255 160 215 255 141
    255 255 255 74 255 255 171 255 255 33 255 121 219 89 155 206 44 40
    164 255 255 69 151 161 13 255 255 135 130 17 46 239 255 215 220 20
    255 37 255 55 78 131 36 255 255 51 90 255 154 27 57 230 116 171 20
    255 70 11 1 251 134 57 136 107 177 255 80 198 255 230 255 255 255
    113 220 126 241 193 255 29 255 31 5 116 144 32 8 89 255 255 130 194
    2 167 116 35 137 119 108 135 255 255 236 160 116 109 135 255 166 182
    255 99 3 60 130 141 215 255 78 171 179 37 231 238 193 78 38 255 40
    10 83 50 255 93 255 174 105 191 189 57 90 33 221 128 255 166 255 11
    225 13 224 46 248 185 10 23 129 3 255 35 149 178 255 255 215 194 255
    255 168 255 170 8 210 255 65 117 45 255 94 255 156 42 161 255 78 231
    39 227 255 253 62 13 15 255 255 42 199 111 111 149 163 225 83 255 48
    255 3 179 13 255 229 255 73 255 236 255 245 150 228 53 255 68 34 131
    96 103 109 37 46 255 130 156 255 255 177 70 236 4 255 206 220 255
    116 70 249 255 188 255 216 124 180 148 124 255 255 139 17 213 168
    147 160 230 184 141 255 255 255 203 116 255 201 88 255 48 158 255
    247 255 255 238 154 255 190 128 196 255 39 133 250 66 161 36 255 20
    236 65 238 230 84 90 206 210 231 76 233 166 55 255 241 255 123 255
    135 238 128 255 170 171 74 39 255 40 107 58 245 255 8 172 179 5 192
    37 198 90 46 145 188 57 251 184 39 52 46 78 135 118 255 255 27 136
    255 129 34 90 249 187 255 212 155 255 218 255 82 115 34 12 18 203
    230 100 38 255 40 8 255 140 55 255 137 255 255 90 210 205 133 185
    185 103 80 50 255 188 240 148 70 213 183 116 126 47 18 62 249 39 203
    88 152 255 189 109 255 24 208 255 102 104 93 143 72 255 10 18 38 230
    252 80 72 13 150 170 255 255 152 142 156 45 53 58 21 118 218 28 255
    225 255 78 255 248 144 198 203 38 255 92 6 33 52 44 255 255 18 118
    255 117 27 78 249 43 155 177 191 228 255 246 112 246 255 28 202 136
    109 5 255 98 255 113 170 255 211 240 121 80 35 191 3 204 99 255 199
    86 225 134 86 20 143 1 255 118 113 228 20 91 42 27 89 171 137 133 42
    162 102 255 255 255 130 255 206 17 116 5 3 234 227 223 127 255 95
    255 91 148 255 255 136 18 91 255 48 207 255 197 38 233 15 255 115
    191 234 255 55 69 255 198 255 255 46 255 108 76 58 255 47 37 255 255
    202 255 206 216 25 255 255 255 183 70 27 225 117 255 29 183 255 255
    248 13 182 255 221 255 213 231 98 255 255 175 81 255 239 255 93 15
    69 165 40 255 128 28 255 190 69 170 83 36 255 80 91 117 255 35 198
    168 212 33 193 58 255 228 255 1 255 165 255 255 113 255 95 255 28
    255 42 136 255 227 211 255 139 91 255 249 20 255 75 132 12 183 126
    255 247 149 255 161 240 255 161 121 225 255 199 25 80 99 253 228 255
    148 240 255 255 255 122 255 245 236 255 170 178 255 238 229 130 58
    84 178 239 29 155 255 253 255 80 238 22 252 197 221 143 255 230 255
    19 70 255 39 65 161 46 141 56 255 173 171 184 2 248 236 33 119 233
    83 255 79 133 28 107 255 126 255 255 45 178 35 92 93 165 80 192 255
    88 243 255 43 244 255 61 255 255 255 191 255 138 52 255 255 177 255
    122 221 126 4 189 240 31 99 141 177 255 15 182 22 235 199 22 201 219
    255 63 255 255 240 137 88 255 4 227 75 137 255 95 207 22 255 255 55
    221 204 255 255 221 207 195 171 255 255 174 102 133 33 187 255 255
    255 255 99 65 255 255 222 110 4 198 255 86 67 255 180 66 185 134 95
    255 130 72 206 57 255 255 69 170 50 78 165 226 204 173 160 83 255
    255 230 230 146 255 240 255 160 13 176 11 58 255 152 161 63 61 56
    255 202 255 255 203 135 5 95 136 233 136 255 120 64 255 255 22 208
    206 179 104 255 255 255 225 255 208 91 104 254 255 138 255 148 255
    144 15 171 255 126 24 212 255 255 105 255 149 34 255 71 135 3 10 62
    255 18 18 255 231 165 255 103 43 255 255 137 17 253 33 255 181 211
    91 219 255 203 193 25 255 8 233 255 199 55 250 255 255 158 127 66
    255 255 58 208 186 255 255 120 62 243 127 41 198 180 229 17 222 111
    255 46 253 255 177 255 255 36 104 95 249 32 255 62 1 255 10 67 255
    62 255 255 48 255 130 12 255 203 248 25 255 186 255 255 9 180 38 8
    255 17 139 255 255 244 180 196 161 219 93 254 197 255 29 65 255 199
    44 255 165 196 255 164 145 20 53 255 255 211 75 163 138 255 91 94
    112 255 94 230 255 255 33 178 100 70 125 255 112 105 30 99 141 167
    253 166 175 142 87 146 189 255 175 36 116 30 255 255 182 71 255 255
    65 47 11 123 120 51 81 255 46 141 255 255 76 32 10 221 30 86 255 45
    255 255 255 99 221 83 163 33 105 64 4 238 163 255 225 15 79 255 185
    255 255 233 255 153 44 255 255 255 9 160 146 18 228 8 250 115 22 55
    168 157 182 240 54 255 225 206 43 255 83 65 70 64 211 205 238 239
    255 17 131 2 244 235 223 30 184 155 255 43 216 17 169 255 191 233 10
    255 255 255 146 252 12 127 135 135 255 255 37 199 81 255 255 197 255
    229 255 255 221 255 170 255 245 95 245 185 255 122 255 75 70 4 255
    102 175 166 78 18 255 172 227 72 51 211 88 216 255 255 233 255 98
    144 42 255 239 221 75 112 177 7 184 198 255 255 166 255 95 156 171
    210 38 2 211 231 255 84 255 255 62 140 87 47 164 82 55 62 18 18 240
    108 151 233 255 135 239 178 197 255 255 171 37 153 199 179 130 147
    255 196 215 62 255 84 121 133 142 66 255 79 255 255 52 206 75 242
    255 57 255 159 135 42 147 236 111 255 255 174 231 30 137 11 255 210
    18 37 191 111 17 221 255 255 152 13 255 250 188 18 255 238 13 246
    193 143 84 158 255 246 76 161 200 74 255 166 193 68 189 255 255 53
    111 255 220 215 48 81 72 255 126 255 255 115 113 255 189 104 128 163
    95 171 140 144 105 255 65 236 84 57 255 66 191 120 94 109 225 84 132
    156 210 58 93 206 215 235 239 255 246 195 125 255 139 255 255 213 62
    22 108 30 96 60 255 226 33 193 216 22 39 255 207 113 255 237 123 18
    47 111 118 156 48 100 249 67 155 184 114 80 125 4 96 198 187 255 229
    255 221 29 141 52 119 185 135 119 109 53 108 174 171 249 169 90 44
    213 255 255 4 255 140 255 255 255 255 236 80 248 255 1 187 223 207
    132 213 245 57 255 83 235 143 204 6 200 237 255 246 225 234 255 1
    255 30 97 239 75 15 27 255 13 255 255 192 207 116 26 191 255 64 249
    255 62 61 245 27 255 82 134 255 255 236 34 5 30 43 208 212 119 211
    211 114 255 134 163 240 1 62 225 188 203 226 173 130 255 189 227 10
    37 119 208 66 203 60 255 255 128 139 133 255 253 183 246 26 60 255
    78 255 255 15 198 133 175 128 206 203 39 185 204 205 200 222 233 255
    228 255 116 28 253 255 161 241 145 186 102 93 160 255 255 93 105 255
    128 193 233 255 255 255 70 255 126 48 238 125 222 39 0 143 13 255
    130 255 141 75 193 115 255 170 72 119 255 255 198 13 138 129 254 255
    131 126 93 202 193 255 89 91 255 75 255 255 12 155 88 243 208 235
    172 199 188 84 255 37 112 137 255 39 255 208 42 145 250 92 230 145
    44 255 255 176 27 255 222 177 255 64 222 255 143 47 255 176 83 255
    255 197 190 89 75 231 85 9 140 255 127 255 236 255 75 184 255 153
    255 142 131 149 117 255 183 196 52 176 125 73 231 255 83 44 227 118
    217 78 91 13 111 151 18 90 231 216 70 255 124 233 255 255 123 90 218
    255 128 255 255 161 218 55 200 9 166 116 99 255 151 255 53 98 220
    252 161 95 17 255 84 52 67 247 255 23 249 234 255 133 97 255 138 255
    255 217 11 248 86 255 255 151 236 255 33 255 90 72 112 221 201 255
    123 108 164 255 208 255 116 255 100 111 118 155 115 179 179 211 47
    61 255 72 43 255 213 220 20 255 17 255 165 255 255 145 217 255 180
    255 255 64 30 255 60 255 106 201 32 87 126 227 42 255 164 50 138 208
    255 113 255 198 204 166 231 153 175 20 104 151 62 236 255 255 192 69
    255 0 255 255 144 83 161 208 168 75 172 191 111 255 255 255 192 4 78
    162 255 185 61 79 253 151 89 255 250 57 230 61 255 67 239 225 82 139
    255 255 245 107 255 149 255 211 130 104 255 157 183 255 255 44 68 65
    255 255 66 165 77 111 255 95 100 255 160 4 255 90 255 255 198 109
    199 255 181 192 253 140 255 13 88 5 251 255 51 67 100 211 255 40 3
    230 75 234 255 195 94 151 52 255 255 25 255 255 144 100 23 117 230
    136 174 255 255 245 161 120 102 105 235 33 30 110 130 244 255 25 216
    43 22 38 255 255 44 121 195 255 255 219 233 128 239 234 7 76 112 255
    127 197 255 3 255 250 95 255 72 144 132 255 255 117 255 245 132 255
    206 107 255 255 180 220 75 221 255 53 13 18 116 83 255 58 3 255 195
    234 255 250 67 121 253 255 206 183 34 215 21 241 248 255 255 218 65
    119 255 31 255 255 177 255 255 70 121 255 120 255 255 55 44 255 61
    71 255 62 184 255 142 5 255 255 34 128 163 156 255 9 196 20 206 94
    255 47 194 12 206 62 255 147 97 255 189 33 23 218 201 255 255 93 231
    124 255 120 224 202 255 139 6 191 158 158 255 72 55 80 184 217 255
    195 188 255 255 255 255 133 107 183 206 105 255 19 255 77 71 255 7
    161 217 255 191 216 35 88 6 170 174 230 28 70 154 185 255 164 12 193
    17 255 119 22 255 102 23 95 152 255 118 71 255 230 207 94 166 63 137
    255 210 48 43 91 255 188 37 255 255 110 255 170 255 104 183 168 255
    255 43 255 255 192 14 206 95 1 216 212 217 255 229 255 118 125 102
    126 142 94 40 13 14 193 220 178 106 90 255 255 207 17 62 46 118 178
    102 88 255 69 255 255 255 93 220 253 112 96 145 102 255 86 255 246
    63 255 255 219 122 45 255 146 7 193 152 201 107 197 255 16 14 255
    197 255 50 56 169 255 245 141 103 22 202 255 70 114 255 119 255 156
    133 255 255 60 155 241 15 58 236 109 255 100 182 88 173 255 189 241
    255 170 255 18 6 255 193 155 255 134 255 27 148 234 255 181 36 210
    108 70 255 48 146 106 219 121 255 26 88 255 70 10 255 228 255 161 45
    76 255 235 255 40 48 255 67 94 180 170 31 4 140 102 105 95 237 108
    111 97 132 255 95 50 63 221 102 121 22 113 255 165 3 255 110 213 255
    211 154 255 93 255 111 120 71 130 84 27 82 26 255 255 131 25 240 208
    138 255 189 57 138 185 116 96 79 93 91 255 6 70 90 97 153 167 61 52
    160 255 126 51 85 158 255 43 255 117 184 28 139 0 255 185 15 80 122
    227 75 248 240 131 170 79 7 70 240 218 246 15 23 202 55 60 47 93 106
    67 255 166 62 14 73 255 3 156 102 10 255 235 52 255 34 136 255 97
    255 77 167 41 255 47 100 255 2 116 22 228 255 111 43 114 255 46 255
    13 140 235 186 81 117 116 168 64 22 134 255 255 63 254 255 237 32 88
    155 205 181 93 203 255 58 97 255 56 37 17 88 217 218 160 178 255 112
    79 255 128 196 111 245 60 121 69 14 228 163 255 215 195 255 23 104
    250 255 134 6 201 126 32 246 8 221 241 155 255 255 93 255 255 103 78
    203 254 13 53 20 71 228 176 57 255 156 187 255 182 202 255 136 89
    255 56 226 93 189 255 228 36 239 255 111 180 18 108 202 176 249 43
    65 181 60 3 11 155 251 21 24 135 199 23 255 30 255 255 186 28 148 19
    74 42 101 74 255 3 121 248 179 133 255 255 33 255 61 169 55 152 194
    50 63 255 235 84 233 246 62 255 255 233 255 255 78 9 255 46 217 255
    27 255 145 255 98 175 9 170 45 72 70 255 255 90 241 195 158 185 31
    219 255 78 6 255 84 42 2 95 52 38 28 169 8 255 147 255 85 71 87 239
    52 238 255 202 201 237 33 27 204 98 255 249 255 166 255 183 255 13
    126 255 43 4 248 211 255 18 152 158 255 131 113 231 166 255 250 44
    226 163 82 240 8 222 74 255 27 205 255 147 177 255 255 255 255 118
    28 255 179 255 37 255 210 123 255 245 145 172 102 12 99 4 255 58 212
    22 233 255 255 124 255 255 184 140 255 106 197 146 209 255 255 89
    144 158 255 107 255 145 208 255 60 29 5 58 255 255 115 255 255 17
    125 235 255 50 0 71 136 63 31 105 123 181 123 205 54 249 255 76 255
    150 69 25 12 249 19 35 71 255 255 130 196 101 92 69 87 19 74 255 255
    255 166 122 146 255 136 44 166 17 255 57 244 8 255 166 166 255 231
    117 118 106 203 255 155 154 82 202 33 255 171 125 255 255 74 138 107
    18 95 130 57 22 252 158 255 255 202 255 13 104 82 234 255 203 10 255
    246 94 36 63 44 79 40 117 57 166 154 215 87 165 39 168 137 255 151
    116 85 68 82 30 95 51 173 255 172 226 163 10 255 8 210 122 255 67
    159 255 190 255 255 138 91 52 137 58 255 57 252 255 81 130 100 11
    255 255 255 197 155 190 229 108 1 62 255 228 255 248 206 193 8 253
    255 255 218 125 255 29 142 255 130 44 255 72 220 156 72 144 255 54
    142 193 28 197 178 182 24 103 71 255 131 66 212 255 184 255 25 207 3
    42 70 173 63 227 24 53 202 156 176 255 46 236 115 255 255 253 206
    255 15 24 238 97 72 255 39 255 161 155 13 130 255 5 231 255 184 8 89
    255 223 6 39 23 152 103 35 191 235 255 79 255 106 204 104 170 8 140
    255 171 250 198 255 4 103 248 66 55 28 175 255 172 52 211 55 244 161
    255 155 103 147 117 98 98 154 255 255 88 255 67 43 7 255 245 255 255
    15 13 61 183 255 153 159 35 42 17 10 64 98 255 75 236 123 89 210 255
    254 152 255 118 97 255 255 64 98 255 255 255 101 111 255 128 191 18
    237 75 255 215 255 233 162 133 116 217 99 255 204 255 175 45 104 211
    72 117 106 51 41 200 116 255 255 177 81 68 224 255 176 244 205 255
    160 99 78 206 198 53 227 71 255 226 173 96 108 243 255 109 150 255
    255 57 161 8 32 85 243 255 128 182 166 255 238 245 82 137 113 85 61
    255 255 253 119 65 184 123 246 151 227 255 26 225 68 86 229 255 139
    255 255 174 61 108 22 192 255 255 255 255 107 57 138 1 169 255 73 83
    57 211 196 37 231 173 190 58 41 215 255 212 108 103 198 255 72 255
    255 106 121 255 193 185 255 209 191 255 34 27 138 73 66 255 62 191
    88 176 23 60 177 252 98 60 1 255 1 89 255 206 174 228 138 255 255 24
    255 82 161 255 255 160 255 165 153 75 123 212 138 28 74 255 181 176
    227 255 156 25 67 37 11 255 19 138 255 11 212 15 233 38 33 149 173
    198 0 42 253 202 246 58 177 149 255 146 255 72 166 239 15 255 169
    255 78 182 255 49 255 255 18 121 246 255 225 255 231 25 170 255 70
    55 186 11 47 143 55 255 255 38 43 255 107 140 147 236 250 84 128 38
    9 119 255 202 168 255 195 230 57 111 18 255 174 76 190 31 85 255 11
    255 190 208 255 210 208 165 121 220 241 196 7 255 37 255 88 75 15 76
    255 186 255 138 255 180 223 204 8 255 194 22 190 36 255 255 204 71
    20 122 255 13 12 5 255 233 238 8 215 193 218 255 93 82 222 255 255
    255 8 126 90 226 133 29 182 193 149 255 155 156 255 255 255 5 116
    224 133 255 124 118 98 235 255 255 255 182 22 249 255 160 207 255 45
    125 44 68 211 9 255 193 199 220 11 20 82 113 255 32 52 20 255 42 156
    255 44 122 255 74 46 156 21 105 255 27 220 12 230 156 161 142 185
    255 165 235 220 58 226 201 74 43 255 48 127 255 176 255 255 69 184
    181 162 89 253 2 212 116 255 86 153 144 53 103 244 178 255 240 108
    255 255 93 255 72 255 101 163 224 255 60 78 241 255 240 181 182 25
    255 104 79 255 209 255 255 7 22 255 162 255 161 78 71 73 220 211 205
    116 255 255 125 255 110 211 46 58 38 255 255 218 111 255 103 222 188
    29 229 118 255 22 52 26 216 255 76 132 243 86 144 223 191 9 198 255
    221 38 236 4 245 81 255 255 248 50 255 40 55 255 239 255 253 117 255
    255 47 149 3 37 159 138 111 215 255 44 255 255 135 41 2 38 255 243
    255 250 38 131 219 255 255 212 255 202 255 255 119 38 106 225 255
    255 127 125 148 255 11 218 183 255 8 54 53 203 8 36 255 160 142 255
    57 255 255 255 255 255 217 255 171 110 252 236 181 142 255 21 220 83
    26 255 77 4 42 255 255 32 255 202 4 170 255 60 255 234 255 255 174
    235 246 219 80 255 181 235 226 79 235 246 137 30 255 76 74 190 182
    238 85 37 226 255 62 255 126 78 144 130 210 255 240 106 215 255 255
    241 255 243 94 235 246 58 255 134 202 5 161 178 15 62 47 73 125 255
    106 255 255 255 146 184 255 113 183 231 244 70 158 71 173 230 16 255
    155 255 19 255 167 152 170 44 255 255 209 248 170 49 42 255 25 156
    156 255 255 5 255 189 255 81 210 17 255 32 255 100 188 246 230 180
    68 129 255 151 108 255 176 116 182 243 255 142 136 46 192 255 93 102
    250 206 255 255 164 88 105 125 255 32 255 52 255 245 215 116 217 253
    63 195 182 205 225 62 7 235 221 30 130 83 255 239 85 168 47 255 255
    211 241 255 49 192 116 201 30 33 222 1 50 242 84 231 20 108 255 84
    137 220 117 105 255 239 154 75 153 255 255 128 42 2 238 219 255 160
    19 178 255 210 255 160 108 255 100 255 121 216 230 125 255 174 198
    56 117 255 146 56 57 31 32 255 212 32 166 74 62 180 249 180 72 168
    255 255 143 111 255 89 192 18 128 188 118 4 178 143 143 255 231 255
    14 255 255 255 255 81 42 255 238 1 255 204 118 255 120 226 123 30 23
    255 112 55 208 60 97 181 13 255 213 46 105 255 215 51 155 29 151 235
    233 255 105 92 216 108 176 241 75 188 42 178 234 152 255 188 255 120
    173 126 221 144 219 255 65 188 255 75 207 255 181 255 255 208 205
    255 237 41 200 61 152 255 255 255 52 246 255 93 44 18 255 202 206
    206 70 255 190 255 255 255 242 74 131 255 199 255 250 216 255 197
    136 255 134 221 95 255 159 255 67 38 53 33 78 90 255 11 255 9 47 82
    2 255 255 193 252 255 80 71 255 217 103 255 88 108 13 192 255 65 36
    15 255 118 225 255 4 243 255 116 30 12 238 36 255 130 156 216 52 85
    221 247 198 135 10 240 120 62 51 13 86 255 255 255 199 53 153 253
    255 188 80 200 58 90 163 231 217 140 224 136 255 213 241 241 186 97
    8 84 175 25 9 67 255 195 10 255 80 22 255 195 255 255 180 255 28 10
    155 255 71 241 255 160 53 198 115 28 255 6 234 22 201 255 113 215
    109 185 177 122 70 192 255 203 249 108 32 182 255 91 218 151 255 26
    90 255 143 14 45 171 104 253 252 255 255 149 116 175 255 117 42 174
    103 82 46 207 188 64 5 211 129 80 173 235 103 210 22 255 126 28 211
    100 19 127 140 120 166 173 255 48 148 20 206 235 48 90 58 26 43 206
    237 81 255 255 22 255 126 216 255 186 229 255 44 19 255 240 117 160
    22 255 170 255 255 236 215 20 255 24 3 255 129 233 255 92 156 255
    220 201 110 220 255 255 255 30 8 164 23 22 84 255 255 162 4 255 252
    255 123 186 126 73 200 211 255 206 241 255 90 71 255 151 156 125 255
    255 255 26 180 255 30 58 176 69 156 255 151 177 153 228 250 255 255
    249 131 106 11 196 230 91 103 207 111 180 143 78 226 239 255 135 120
    196 70 184 163 255 51 255 250 255 86 255 254 233 231 97 201 106 164
    69 75 117 165 255 131 216 158 199 255 216 98 55 53 30 212 150 100
    255 255 0 255 73 103 76 255 151 220 201 220 213 255 140 255 255 112
    30 3 192 191 255 72 255 68 179 250 255 234 141 40 36 240 255 143 220
    57 28 219 116 255 255 22 27 136 155 155 255 163 138 61 90 52 193 133
    10 72 50 249 243 37 174 137 35 8 81 255 11 173 255 40 64 255 65 5
    255 185 67 255 177 255 255 40 255 255 170 255 255 36 126 55 78 29
    255 85 246 255 129 17 73 29 207 255 24 207 155 111 222 255 208 55
    131 216 166 150 56 255 151 146 225 255 235 189 113 157 164 255 34 95
    136 186 255 255 206 255 216 182 199 130 242 126 218 211 11 93 255
    104 143 181 183 140 181 65 248 162 255 138 120 111 245 226 255 255
    70 111 163 33 99 91 36 217 57 249 108 181 10 132 241 209 255 255 43
    83 201 102 255 255 13 28 47 255 194 91 126 173 255 65 33 243 136 88
    55 237 160 38 179 255 38 44 14 255 44 255 90 37 255 203 186 145 255
    57 47 255 176 19 40 89 220 83 9 15 173 222 61 2 238 255 255 152 255
    181 107 88 43 188 255 251 245 66 238 101 71 0 255 222 255 235 254
    255 71 67 146 245 255 233 139 123 255 18 255 255 72 121 160 238 255
    255 203 255 201 66 206 251 136 84 163 128 255 40 104 201 53 151 249
    135 166 4 255 229 231 0 255 135 62 79 211 216 84 226 198 255 112 168
    222 154 138 0 255 236 102 149 121 15 255 193 81 164 236 155 238 78
    202 172 93 155 255 173 78 69 255 203 138 125 188 255 255 139 203 255
    66 210 255 221 254 136 229 81 165 91 255 176 119 145 2 244 255 240
    255 91 100 242 78 218 6 116 82 118 226 255 179 255 255 180 161 131
    83 137 255 66 255 72 151 253 255 127 255 255 255 178 0 34 255 255
    149 219 68 161 99 248 235 255 255 234 255 255 148 137 251 168 34 5
    39 255 255 155 79 255 70 79 155 35 255 90 209 194 255 255 180 255
    230 161 255 28 140 255 255 144 255 3 131 255 61 255 25 207 48 250
    110 122 33 174 245 148 227 52 255 80 160 225 38 146 148 175 161 225
    222 156 255 221 6 246 255 103 245 69 47 255 222 126 255 255 52 255
    70 117 145 253 144 13 224 20 193 130 118 10 53 122 213 139 36 18 255
    238 12 130 133 255 161 72 255 127 156 255 122 254 255 228 255 15 56
    94 126 118 255 255 148 113 148 37 222 255 213 159 190 27 47 106 185
    255 255 224 23 161 84 255 96 19 245 13 4 255 255 81 243 255 20 13 83
    216 222 245 124 194 111 146 255 151 74 36 161 163 103 255 15 154 255
    112 169 255 48 215 150 118 179 148 242 78 196 255 255 255 81 255 23
    195 246 62 125 130 91 25 154 255 203 56 80 199 255 160 120 241 65
    246 202 255 125 255 103 122 6 168 126 25 255 224 202 161 238 255 136
    54 255 225 40 216 103 142 125 206 255 137 255 207 137 63 127 116 8
    44 56 47 184 231 255 255 255 128 139 211 255 74 83 255 49 255 255
    133 152 151 206 255 95 133 27 82 255 152 17 90 44 40 170 212 27 127
    151 53 8 154 255 119 246 77 122 61 78 12 226 255 211 121 255 255 140
    2 165 255 228 38 246 253 4 172 233 63 159 255 235 75 60 174 117 255
    255 255 203 181 79 255 212 255 200 249 119 190 226 255 138 33 255
    255 230 180 195 170 69 255 40 244 255 182 142 150 185 255 10 42 11
    223 202 97 255 168 1 255 157 37 126 64 137 78 230 65 255 155 160 255
    255 160 250 53 38 78 255 255 233 4 56 255 92 193 90 176 126 255 207
    43 255 255 9 255 86 255 73 54 114 255 199 169 255 19 239 141 44 177
    73 230 20 255 82 192 255 148 202 255 255 22 220 111 83 255 108 220
    255 245 255 255 248 173 10 1 41 148 35 41 255 126 182 133 255 84 233
    218 255 168 89 88 93 47 236 235 91 125 251 124 230 255 86 20 151 21
    210 205 239 52 58 186 172 228 249 62 255 224 66 111 160 215 183 162
    6 131 2 255 238 255 255 226 234 179 255 227 255 156 71 152 236 79
    255 255 152 255 37 255 81 216 63 255 228 255 105 191 24 44 255 165
    86 146 201 220 20 255 67 126 90 51 85 192 41 255 51 58 53 13 78 201
    29 172 255 144 224 208 143 18 196 156 236 255 101 57 135 203 184 101
    137 191 255 3 30 195 48 119 255 162 161 240 230 217 98 109 196 146
    98 95 255 255 255 33 255 160 255 18 250 255 209 29 255 154 79 198
    107 255 85 161 231 150 45 19 27 204 100 160 85 47 67 255 70 255 25
    62 98 148 255 255 239 108 105 51 60 72 21 107 33 121 255 10 247 111
    72 255 56 213 142 158 67 217 183 255 7 126 255 255 17 131 53 71 255
    161 127 183 94 126 30 192 255 48 245 9 255 211 189 253 81 9 191 73
    180 255 255 51 98 64 22 233 138 75 32 152 219 108 244 11 141 45 64
    255 62 114 10 202 255 255 126 211 201 13 141 68 209 234 143 138 230
    255 222 51 35 109 84 126 117 252 255 10 255 65 212 25 255 255 60 100
    238 255 48 109 146 120 39 255 255 60 255 243 44 149 255 17 155 110
    255 212 170 86 33 90 1 34 255 224 137 135 255 94 255 154 255 78 168
    221 201 166 206 228 199 102 255 191 1 77 195 56 230 11 166 17 31 188
    205 154 201 68 54 252 106 139 57 82 99 108 255 240 8 255 255 118 28
    225 154 153 252 140 188 220 100 255 30 57 175 107 41 20 22 150 255
    103 255 255 225 245 255 122 240 151 182 246 255 36 255 201 90 255
    255 192 135 255 136 191 255 220 99 50 255 255 27 121 11 255 255 85
    13 93 166 115 255 202 32 255 44 255 238 11 176 220 107 243 55 34 255
    160 215 153 99 39 48 104 141 195 221 69 255 224 239 120 130 255 255
    34 252 20 63 6 27 106 255 255 233 146 235 45 19 255 197 78 118 164
    28 240 228 234 255 106 255 111 160 243 255 94 168 45 254 127 205 73
    29 148 38 47 140 36 255 78 117 70 255 216 3 255 206 108 255 140 62
    245 231 255 105 255 255 245 61 203 255 137 255 255 211 88 210 255
    255 255 78 34 255 48 255 135 128 18 255 255 160 153 255 224 255 112
    255 175 21 255 255 137 222 255 120 255 255 153 1 163 156 211 255 255
    67 5 95 126 75 71 46 255 62 255 103 135 255 255 78 252 93 186 255
    255 230 255 50 171 207 190 195 51 8 47 252 255 255 208 255 121 149
    225 89 191 255 208 215 255 34 199 22 35 255 255 222 255 255 193 6
    220 242 48 255 46 56 255 255 61 55 47 169 255 181 255 28 255 90 255
    226 156 185 255 221 255 42 81 255 170 255 255 255 220 255 126 11 255
    13 227 255 255 97 255 236 121 255 172 216 255 210 146 255 36 141 255
    12 255 168 119 126 206 255 208 255 67 172 141 43 207 255 200 210 108
    255 86 77 185 99 63 191 245 67 110 255 255 134 28 255 255 94 255 168
    56 213 13 255 255 250 11 188 1 99 255 80 64 255 255 185 255 221 255
    103 31 64 15 129 65 43 173 241 128 39 83 140 15 207 255 138 108 153
    203 136 255 2 255 255 134 255 43 149 255 45 202 211 10 48 14 255 2
    246 87 74 238 255 206 173 255 49 105 255 58 136 243 10 51 88 6 175
    65 218 255 115 200 255 160 145 255 255 7 4 126 166 56 88 92 127 255
    128 132 255 235 255 213 3 151 180 56 255 20 13 111 5 25 5 255 46 80
    255 253 160 188 75 105 91 216 166 77 255 236 255 191 224 72 13 166
    255 208 86 255 222 127 60 172 64 255 222 119 255 25 131 0 255 142
    255 171 117 25 66 88 255 227 70 12 239 241 63 39 119 255 209 224 255
    58 3 255 28 52 68 218 34 243 52 250 48 28 80 238 120 43 223 4 149
    135 227 233 255 140 189 255 149 255 255 92 191 255 194 174 236 216
    94 101 240 3 255 221 1 196 171 38 101 79 222 255 16 197 255 116 42
    55 255 255 32 235 203 248 235 234 143 235 55 255 111 75 22 89 255 22
    48 189 255 149 93 255 16 152 85 228 74 108 47 187 255 43 64 42 0 255
    38 206 235 255 118 128 191 9 69 43 70 166 8 227 14 255 184 156 35
    255 255 45 227 144 65 237 141 168 84 97 255 109 80 183 255 89 55 143
    255 255 193 255 42 168 142 73 255 227 255 72 255 30 167 212 35 17 95
    255 158 201 186 94 28 150 166 33 255 9 255 88 133 255 170 206 199
    191 74 3 233 62 255 10 201 79 10 221 62 106 36 255 175 83 65 91 174
    142 85 255 38 255 65 203 235 172 88 255 142 19 75 231 18 255 255 38
    175 148 194 55 129 8 5 29 177 255 142 99 206 219 0 255 240 255 110
    136 156 255 206 255 161 185 86 13 42 255 255 134 244 255 184 23 203
    246 112 255 202 13 191 143 133 255 51 78 38 67 168 2 170 255 165 143
    78 15 73 206 218 82 213 143 243 230 246 21 193 50 92 196 115 255 140
    255 70 105 255 179 34 50 121 147 8 210 168 225 2 255 255 255 112 255
    255 138 168 120 90 100 255 255 255 190 177 255 88 90 241 125 100 255
    19 168 33 82 66 255 252 184 125 168 250 240 250 234 255 74 255 255
    93 194 3 167 145 150 55 215 116 9 149 255 255 30 28 85 255 100 120 8
    13 12 192 255 58 0 153 49 5 87 56 112 67 198 24 255 122 255 110 24
    137 13 125 238 255 26 255 15 109 255 145 52 100 255 226 64 55 107
    229 52 255 117 87 162 187 255 76 23 208 71 158 255 88 28 255 255 3
    225 254 91 255 67 144 206 63 19 173 191 255 255 116 118 255 168 159
    255 64 234 113 255 224 255 63 255 255 69 151 151 135 57 255 49 141
    146 55 137 255 51 6 255 120 3 255 125 164 221 38 255 255 255 102 255
    146 128 255 81 144 78 67 50 96 203 27 96 62 172 106 172 170 255 192
    233 166 255 207 255 29 255 255 147 150 255 29 219 255 104 8 7 255
    248 255 202 25 255 71 245 255 227 155 27 240 104 255 255 194 12 64
    112 201 239 233 200 73 72 27 255 91 150 239 239 255 230 29 255 255
    86 225 197 130 50 88 235 255 38 39 173 145 135 255 25 255 255 252 79
    7 27 60 231 209 4 37 193 255 67 12 255 106 16 255 0 240 30 255 62
    197 218 216 128 33 108 255 75 4 58 255 157 238 208 249 151 105 168 9
    151 112 146 60 255 175 28 255 67 90 163 255 40 160 174 255 186 208
    178 253 245 73 221 227 255 137 32 47 245 255 231 255 183 255 54 172
    255 81 255 255 180 255 255 240 130 108 72 39 251 26 48 255 45 98 32
    239 255 185 133 94 255 16 22 60 255 18 113 37 61 238 58 234 255 92
    161 163 228 197 255 85 249 136 79 255 233 13 199 181 1 75 83 192 81
    255 91 5 108 154 114 255 243 255 255 98 177 148 253 165 255 162 253
    120 90 94 55 109 233 80 86 238 255 255 24 255 204 193 255 139 255
    255 81 255 255 183 224 33 71 25 255 46 227 168 2 255 168 255 52 198
    188 255 5 255 180 7 188 170 255 130 229 201 70 55 87 255 41 255 10
    121 181 97 196 93 166 122 185 34 126 228 2 201 255 24 34 255 255 244
    12 104 165 3 129 184 255 255 216 27 250 126 178 2 250 255 246 95 255
    70 255 255 161 84 151 112 255 185 34 9 255 36 226 253 143 117 131
    103 177 40 56 217 118 129 55 45 31 255 255 190 255 186 255 201 185
    152 203 158 61 250 22 80 255 255 236 99 22 39 67 121 136 33 113 255
    25 183 191 199 255 217 74 183 99 130 255 157 149 103 106 15 255 38
    29 75 97 146 255 9 64 145 182 255 166 247 255 255 234 227 96 207 255
    176 191 180 255 79 142 228 154 255 111 221 255 255 255 78 77 239 55
    163 12 47 211 12 233 200 56 248 255 144 255 73 165 142 255 255 202
    62 179 133 161 212 86 255 75 76 91 181 255 155 53 89 255 113 41 255
    92 104 255 149 216 255 217 163 255 155 255 235 46 105 151 38 118 52
    137 123 255 47 33 255 217 81 255 40 116 188 19 197 255 102 163 255
    20 13 196 255 158 255 209 255 220 76 11 180 129 177 255 91 255 255
    118 222 106 40 71 125 35 255 25 67 80 195 237 133 75 75 113 8 92 25
    68 73 103 128 238 255 70 79 102 255 255 19 228 84 199 68 111 61 220
    236 255 255 170 102 138 198 160 255 221 17 255 10 47 198 213 118 253
    201 13 221 143 169 77 39 15 255 203 244 255 226 70 255 207 255 255
    200 50 113 227 255 181 225 65 141 36 255 13 10 39 233 18 83 255 89
    72 208 255 140 143 240 255 12 230 141 40 8 95 255 72 255 255 176 24
    115 220 253 255 18 86 255 207 170 255 255 149 101 39 130 255 101 187
    2 130 89 110 11 174 255 255 243 255 70 69 255 238 150 255 172 150 35
    108 249 96 233 108 2 194 74 82 47 47 255 138 235 255 255 158 85 97 4
    255 206 255 87 247 140 125 52 132 251 89 191 255 192 47 255 203 24
    123 108 243 120 207 133 15 89 230 255 21 88 161 180 220 255 147 255
    255 213 183 83 31 254 255 157 255 163 111 9 255 209 72 255 12 255
    255 146 56 255 11 255 160 255 72 141 249 126 13 95 151 8 65 172 151
    119 39 255 127 11 255 193 123 255 65 197 190 4 66 181 113 236 141
    144 98 255 52 95 138 89 170 255 255 38 108 211 255 145 63 5 28 98
    128 255 69 196 255 75 201 83 157 255 255 73 254 255 136 41 113 255
    202 255 255 255 255 255 255 33 255 250 230 22 113 255 85 207 145 255
    168 255 194 184 13 148 47 190 42 241 255 218 241 145 255 255 255 225
    255 255 201 255 141 231 250 205 198 5 78 92 105 220 255 166 63 47 51
    38 253 210 88 35 151 57 20 255 255 18 191 141 176 255 255 99 89 200
    194 201 50 255 170 12 220 179 255 206 67 255 117 255 255 90 183 255
    248 213 126 36 184 90 102 136 255 134 217 206 255 107 255 33 10 251
    255 235 2 30 51 58 60 32 255 57 229 15 28 72 245 255 27 255 112 67
    77 86 0 88 112 241 255 255 81 223 55 9 255 255 74 165 230 229 70 128
    227 27 75 142 255 147 255 113 91 41 255 255 93 188 49 53 255 210 17
    150 177 78 13 29 93 47 103 250 255 219 241 45 238 52 255 179 159 123
    222 125 255 49 105 243 146 238 95 243 222 171 188 132 146 55 123 255
    163 14 8 88 3 255 103 255 255 255 104 255 197 44 2 28 145 131 4 165
    255 138 62 255 25 255 203 176 75 255 53 255 183 234 243 255 151 182
    85 17 255 52 47 179 213 20 127 158 222 255 191 147 61 255 35 39 77
    47 166 255 39 37 255 93 102 91 201 255 255 140 154 85 191 221 68 140
    141 2 255 255 93 101 163 255 153 72 255 153 178 145 177 19 156 9 58
    226 142 255 131 86 13 185 54 226 255 226 85 255 255 255 143 255 70
    165 234 243 255 164 255 255 237 121 255 12 189 23 182 88 210 246 34
    156 249 173 213 227 184 206 242 233 96 172 208 171 27 224 98 84 255
    116 242 255 80 83 189 65 171 116 181 1 255 255 138 93 255 173 91 115
    218 46 60 155 78 255 158 201 140 89 188 240 55 116 255 143 64 255
    138 48 93 12 227 185 255 238 183 218 53 255 44 255 60 126 147 195
    200 193 98 255 222 255 22 252 87 255 154 65 255 255 5 47 166 110 244
    254 255 133 61 126 202 255 255 131 205 255 75 221 10 255 41 255 129
    69 255 102 255 213 255 81 255 255 41 255 152 154 255 24 98 0 255 8
    96 17 255 133 153 255 210 255 224 255 12 80 121 37 155 231 239 169
    255 237 188 190 249 245 100 203 244 255 25 254 160 201 29 255 227
    255 255 24 36 221 167 192 255 229 159 255 188 99 255 253 8 196 10 23
    226 97 163 32 255 196 185 145 170 255 139 249 255 154 255 201 148
    255 33 255 255 8 255 71 153 89 144 255 25 255 3 53 243 255 255 255
    255 17 27 255 255 0 185 255 22 255 255 224 180 54 197 208 85 8 255
    37 216 32 12 29 88 186 245 255 218 137 96 175 107 18 97 69 196 60
    255 63 225 172 218 109 15 87 172 255 42 69 203 255 236 4 255 98 194
    255 161 178 255 255 160 255 199 217 228 10 64 98 130 42 255 108 255
    125 117 255 170 206 127 96 104 50 255 33 221 225 51 246 255 108 3
    110 128 29 255 194 72 255 198 255 48 238 255 255 66 147 125 255 149
    255 177 112 255 58 136 5 135 255 251 226 135 230 166 99 150 191 255
    255 130 255 17 255 127 255 230 107 103 255 18 255 53 255 156 195 11
    213 46 133 221 156 142 18 37 41 25 157 185 255 65 78 255 162 255 166
    21 180 230 88 76 128 249 130 196 255 155 176 255 123 255 174 30 255
    107 154 231 119 9 255 194 210 168 11 166 255 98 241 255 192 165 255
    37 184 68 234 88 52 219 233 22 206 179 255 255 227 255 221 225 198
    62 25 65 3 243 255 255 255 255 181 255 255 175 183 13 211 46 255 49
    97 150 245 255 181 135 164 175 18 159 250 110 255 255 140 235 7 90 5
    243 239 95 255 183 126 255 10 255 255 21 207 17 179 128 38 111 230
    30 189 255 255 255 140 130 128 112 118 161 90 180 29 224 188 80 103
    28 255 224 161 237 105 58 99 37 201 130 165 55 255 255 156 216 255
    255 255 255 23 29 39 103 115 216 146 99 255 255 201 234 90 112 255
    131 224 172 255 88 255 255 255 198 90 172 55 255 140 211 201 222 57
    22 246 248 255 255 61 255 28 192 35 90 192 70 73 255 243 230 255 120
    117 144 255 94 1 255 74 79 110 95 250 106 193 255 125 255 255 250
    235 132 230 218 224 255 211 255 255 145 138 195 16 255 108 255 198
    255 51 152 255 118 95 211 44 244 12 99 255 68 186 255 190 106 255
    131 204 98 195 197 151 196 255 255 255 209 53 7 140 50 255 42 255
    130 52 154 255 7 255 146 53 142 178 255 141 255 118 173 255 147 255
    255 39 132 255 237 255 231 221 117 113 73 60 116 191 61 255 86 211
    255 153 125 255 109 248 93 254 65 38 111 255 255 181 248 100 25 100
    255 164 69 68 33 241 200 237 255 255 97 255 7 243 187 241 180 233
    255 245 71 135 55 229 213 15 146 75 153 136 255 78 94 215 182 81 12
    230 126 58 149 47 250 131 22 146 121 255 191 167 161 73 149 111 255
    29 192 198 113 170 151 255 105 128 107 248 33 236 140 255 209 207
    255 176 245 22 242 81 255 97 123 255 6 225 145 11 250 145 130 114
    255 35 255 2 89 46 85 222 135 255 119 255 245 218 104 146 255 235
    155 203 18 255 13 64 255 139 255 91 42 244 166 49 254 77 151 11 255
    219 194 255 70 86 37 80 250 245 212 255 255 36 255 255 135 255 181
    245 137 248 71 244 255 11 215 136 255 37 255 201 108 116 255 51 243
    164 239 128 235 67 255 179 206 255 67 221 255 184 201 255 255 250
    255 136 211 195 42 250 196 101 255 175 20 88 166 136 76 255 220 114
    255 66 215 255 194 33 63 234 255 255 207 255 255 170 255 15 255 46
    180 179 128 255 86 170 15 18 88 13 247 255 148 58 105 30 80 192 8
    222 17 216 255 255 17 160 47 188 215 36 106 153 25 163 99 211 50 118
    138 255 83 168 255 255 146 191 139 14 241 255 93 121 166 208 178 197
    182 176 98 206 160 51 255 240 85 253 255 222 37 255 155 161 255 55
    32 191 202 89 215 25 62 118 86 27 255 154 140 255 149 183 255 69 108
    121 221 67 10 156 255 7 181 60 138 247 175 255 37 158 101 255 238 78
    208 8 255 255 111 255 81 122 57 81 65 83 255 85 255 243 184 120 25
    133 105 213 224 255 255 130 255 84 255 136 53 161 40 225 104 211 37
    141 255 255 246 255 27 255 43 212 202 37 255 255 32 66 71 255 43 219
    60 255 193 0 255 55 255 16 30 255 255 0 255 228 255 18 255 221 108
    167 6 241 224 22 231 53 255 255 255 111 118 203 66 255 61 255 255
    174 254 38 76 90 2 230 76 131 117 1 3 85 90 255 15 46 15 46 107 255
    177 121 141 250 179 185 9 47 235 255 239 255 255 245 255 225 53 131
    142 33 220 255 254 255 52 182 255 64 156 216 255 255 45 233 255 245
    255 170 255 1 156 255 89 231 148 47 66 198 211 168 45 46 105 255 75
    159 215 92 255 255 9 255 255 168 255 255 162 141 145 46 81 78 99 107
    38 154 180 77 1 183 13 80 255 255 119 217 181 148 105 255 224 18 223
    155 255 255 209 158 33 179 145 255 245 244 255 85 213 53 184 246 255
    19 255 63 225 155 213 227 194 186 134 230 255 48 75 255 134 118 255
    20 46 255 97 189 160 255 255 255 107 208 255 255 255 255 74 194 255
    247 255 166 85 255 96 36 208 126 151 75 255 124 161 50 244 241 250
    203 255 158 192 224 218 208 4 255 136 217 188 250 197 42 53 255 250
    110 183 216 89 156 255 109 207 241 190 179 255 86 255 95 242 212 186
    49 133 203 128 34 255 151 241 150 146 217 255 157 160 255 47 65 225
    249 165 62 110 255 2 234 38 52 60 203 73 51 65 131 255 255 255 66 57
    70 65 50 235 147 163 95 246 235 255 17 255 255 243 85 241 75 86 255
    174 138 115 69 118 63 255 62 255 255 142 255 40 255 160 116 94 135 8
    174 148 86 58 113 11 149 213 98 30 75 246 255 255 43 246 255 255 205
    50 255 255 255 40 255 201 74 227 165 236 255 73 209 93 33 117 154 60
    192 133 173 184 160 255 112 194 250 168 166 178 93 201 15 11 33 161
    82 255 255 186 178 160 133 95 255 255 3 255 244 219 140 145 42 228
    233 88 255 48 219 80 6 119 255 173 208 190 161 81 255 42 94 255 74
    215 255 6 255 160 235 255 158 54 254 23 79 29 183 242 188 243 247
    189 255 255 203 176 252 233 255 249 245 55 84 33 193 255 194 85 255
    138 255 129 255 255 211 56 93 204 71 245 230 226 255 255 144 255 236
    130 221 13 102 30 8 147 173 255 60 136 124 213 251 20 137 255 237
    226 255 239 132 255 31 255 255 188 61 45 154 250 255 134 138 240 79
    189</data></my_img>
<your_img type_id="opencv-matrix">
  <rows>100</rows>
  <cols>100</cols>
  <dt>"3u"</dt>
  <data>
    180 255 42 255 189 247 28 151 191 60 27 255 104 255 255 251 34 255
    255 108 215 240 47 255 140 80 75 255 62 255 77 155 208 123 255 206
    255 255 240 255 149 255 197 57 12 255 81 56 202 182 255 23 35 131
    198 255 205 249 231 255 255 255 129 255 187 255 255 62 255 28 81 255
    255 255 136 115 183 121 140 156 89 17 255 149 130 124 255 66 146 255
    172 255 194 227 136 38 95 176 3 49 9 82 62 23 100 2 65 255 89 84 255
    255 11 9 255 84 66 255 87 255 251 149 255 255 255 255 178 23 17 255
    255 70 191 11 255 255 99 203 49 224 255 255 172 243 108 155 147 255
    255 255 255 64 65 255 255 66 255 217 255 255 210 231 13 97 10 255 88
    51 255 216 255 244 163 49 57 255 87 255 81 255 255 85 255 66 9 80 4
    6 70 185 92 122 113 148 108 255 254 3 255 246 192 6 138 89 219 200
    254 255 220 38 255 199 70 53 173 255 255 160 255 255 255 255 255 17
    255 191 224 117 255 142 105 255 166 93 36 255 255 255 250 238 255
    151 31 164 97 101 255 68 136 255 231 17 185 255 145 255 255 255 255
    255 14 255 220 255 255 71 255 180 84 255 255 168 7 255 168 217 255
    114 240 96 255 255 255 255 255 166 102 135 255 255 103 255 122 210
    136 102 255 130 23 163 255 35 255 15 248 255 13 74 215 32 78 255 255
    175 255 43 16 255 189 227 208 149 255 255 38 135 87 255 58 37 242
    255 45 19 105 24 163 255 35 255 255 241 115 40 255 255 80 255 163
    255 68 195 94 33 104 236 171 231 255 255 164 68 159 255 6 210 255 87
    192 255 57 255 255 233 240 255 135 255 98 149 255 255 135 255 255 40
    255 142 128 255 140 255 255 132 141 84 136 64 255 255 182 255 255 67
    255 102 16 226 255 187 52 255 237 150 255 131 255 255 204 21 255 20
    70 155 206 140 142 192 201 178 163 7 202 226 236 255 255 210 255 255
    255 249 193 255 197 94 91 255 9 255 214 20 68 11 118 233 91 255 100
    255 255 255 255 237 23 17 125 255 25 255 255 255 231 131 255 255 255
    93 255 136 255 255 173 214 116 5 204 248 103 255 231 136 255 246 152
    255 255 255 255 206 79 255 202 14 242 143 255 255 45 255 159 180 255
    255 37 255 255 255 152 142 119 255 255 255 255 187 255 255 55 255 87
    83 80 91 255 255 44 255 183 9 255 195 121 134 247 17 91 255 255 255
    255 255 255 239 103 255 172 255 74 60 250 138 98 54 255 60 100 255
    51 47 255 239 35 255 199 255 164 255 255 234 151 255 95 255 42 255
    255 191 255 206 255 70 216 255 9 253 21 136 255 255 232 31 93 30 34
    255 121 203 23 255 13 145 51 200 255 240 255 255 55 58 63 255 255
    255 255 255 255 249 7 154 178 192 212 170 192 255 255 87 143 64 255
    247 87 145 255 255 11 140 74 26 110 17 185 255 255 109 255 121 255
    255 26 220 226 125 209 255 255 98 255 144 213 0 255 31 191 255 85
    138 255 220 255 255 230 252 132 251 255 25 255 255 255 255 201 45
    126 255 25 255 117 95 112 129 255 62 101 255 85 82 255 200 206 147
    227 84 32 255 0 25 255 236 255 166 252 38 98 38 227 255 143 255 81
    231 163 219 208 255 101 255 255 224 255 255 231 255 55 163 255 255
    255 65 255 72 149 170 255 23 255 18 255 140 195 163 163 172 255 240
    255 70 255 193 196 255 212 255 255 255 126 208 255 87 8 244 12 195
    91 206 255 141 255 149 119 255 255 62 7 255 255 86 166 105 110 140
    81 49 102 40 245 255 18 212 19 255 255 255 159 255 217 183 101 11 94
    255 51 1 255 255 126 255 64 55 255 81 255 255 174 68 255 255 255 79
    255 57 145 246 255 75 83 209 56 255 53 231 255 244 255 242 251 98
    197 255 255 255 177 255 117 10 255 255 195 255 255 204 178 255 250
    44 9 41 255 255 17 255 45 109 255 183 75 72 142 199 65 255 255 178
    66 206 255 255 132 238 255 255 226 255 131 255 155 255 0 255 58 136
    17 122 255 255 138 255 255 119 58 26 138 185 255 255 191 219 185 255
    255 203 187 87 1 70 127 255 254 255 128 255 255 255 255 255 229 255
    255 142 65 45 255 191 255 255 136 149 221 255 255 101 255 255 44 110
    255 255 224 229 255 255 255 106 114 255 255 255 255 220 117 255 217
    250 255 255 117 255 80 44 19 3 205 70 3 152 134 255 150 255 89 23
    255 202 100 255 155 84 81 116 255 255 221 68 25 62 87 255 255 136
    255 114 112 47 158 9 34 255 203 119 250 255 244 101 87 60 183 96 147
    255 61 255 176 255 255 74 255 149 255 255 255 163 255 123 255 245
    178 67 35 255 255 147 255 7 255 64 7 255 198 255 255 255 237 198 36
    160 255 255 255 255 255 255 255 77 172 203 255 62 206 2 129 255 166
    255 255 0 91 255 217 169 255 255 151 110 34 71 255 49 255 255 255
    176 255 255 255 255 255 255 173 255 82 255 180 255 49 255 81 58 144
    255 255 255 195 255 255 47 38 255 62 152 232 255 140 255 128 150 255
    104 44 240 255 201 255 255 73 255 255 222 255 88 255 255 71 255 59
    163 255 47 102 255 255 121 70 255 255 255 60 115 72 130 126 114 21
    221 255 57 247 3 178 255 255 255 212 212 255 219 185 74 204 255 255
    255 255 180 255 255 255 255 255 255 190 129 212 219 255 144 99 248
    110 199 24 255 61 107 17 135 255 17 139 236 26 255 135 255 153 236
    95 186 194 185 24 61 255 74 128 166 142 255 255 41 66 255 255 255 15
    255 2 231 216 3 6 145 255 255 255 222 255 243 255 255 91 255 147 255
    255 255 153 10 172 206 3 255 95 255 255 255 140 100 169 79 217 255
    255 195 24 19 110 189 255 189 81 105 42 255 255 255 255 255 255 255
    255 136 255 255 23 255 212 159 70 220 51 255 255 255 255 255 178 30
    233 255 131 161 161 255 166 174 149 66 100 33 255 255 125 255 208
    206 255 163 149 236 229 119 3 255 255 255 255 55 255 255 226 187 172
    248 24 189 99 252 70 111 255 255 186 122 255 84 255 19 255 255 255
    70 110 255 34 233 42 62 255 255 48 159 221 92 255 255 255 91 45 255
    255 255 255 236 134 255 63 255 47 149 255 1 255 221 221 255 255 34
    255 123 26 255 255 255 255 255 148 255 255 255 212 255 255 255 255
    187 129 21 255 255 255 182 149 255 105 187 174 23 44 255 143 168 255
    85 255 36 58 255 66 148 108 117 214 198 115 255 98 255 255 12 236
    255 255 151 255 255 123 175 63 142 77 42 172 16 252 255 27 101 255
    182 3 157 217 255 178 9 255 255 202 145 60 255 129 81 182 255 166
    254 145 255 3 255 255 115 61 26 106 250 255 255 201 153 224 63 206
    255 133 8 106 79 121 21 129 189 236 103 223 175 126 49 255 185 221
    255 222 6 30 115 98 4 135 255 57 255 59 246 255 168 204 217 151 255
    255 149 255 240 83 236 255 255 229 247 255 255 135 178 121 255 215
    255 7 234 255 255 255 234 196 53 255 93 13 255 75 255 255 114 200 67
    255 255 58 255 123 10 94 214 217 168 123 255 44 151 125 255 255 255
    255 255 152 233 115 202 255 178 255 215 183 51 234 255 255 213 115
    18 255 255 255 213 255 95 154 155 162 255 59 67 203 255 158 255 255
    75 255 255 255 255 255 240 84 255 255 255 255 255 58 168 187 255 210
    255 255 21 9 201 255 212 255 198 243 77 138 65 226 255 255 68 110 50
    157 255 122 255 83 255 30 255 255 26 255 255 255 255 255 129 229 165
    171 108 255 147 155 175 110 255 106 255 255 51 30 42 92 238 112 244
    255 255 149 149 251 80 255 255 255 9 155 255 166 255 255 56 249 255
    240 255 20 255 255 226 255 255 106 138 32 145 33 74 168 168 147 255
    168 255 106 255 62 255 255 255 255 255 255 213 37 255 255 255 151
    116 243 23 143 2 151 251 255 89 248 44 255 255 91 255 61 255 255 214
    255 34 149 255 255 124 255 255 255 255 255 72 255 255 74 255 255 255
    255 255 255 110 183 255 231 168 21 152 43 241 255 255 27 255 255 4
    229 255 27 47 255 151 82 255 255 255 138 51 136 255 116 40 255 207 9
    232 255 255 191 255 61 96 255 255 255 149 255 231 166 255 127 214
    217 210 255 255 255 229 255 255 255 255 28 255 255 255 172 156 255
    177 79 163 129 173 19 210 52 232 255 255 121 47 206 255 91 255 157
    65 128 255 165 255 9 255 255 108 31 255 172 64 149 181 255 203 125
    255 142 255 65 63 214 64 255 255 236 255 255 30 212 45 224 255 246
    255 255 255 219 255 255 20 255 91 255 255 255 40 255 255 81 255 255
    246 33 115 14 157 136 236 82 255 121 247 95 54 255 255 111 255 4 255
    248 227 166 224 255 148 252 255 38 255 255 160 136 248 10 145 85 80
    210 219 255 192 4 255 161 255 183 255 125 253 166 108 138 59 255 0
    101 255 60 219 255 255 255 255 255 115 255 24 138 255 255 255 255
    236 255 255 240 135 198 255 255 102 91 255 144 255 255 255 51 157 0
    255 255 255 214 177 166 254 140 21 20 199 76 108 234 255 37 129 68
    129 255 255 148 255 255 158 150 255 88 68 255 106 231 255 173 56 49
    187 255 255 27 33 255 233 234 255 255 255 255 87 208 255 255 107 255
    85 112 23 77 163 53 255 255 255 116 114 59 255 255 187 51 255 255
    255 255 112 255 250 193 255 5 255 255 255 249 255 255 195 20 96 255
    4 96 136 255 164 234 71 255 134 71 255 227 255 21 51 43 255 255 204
    157 255 65 124 255 115 255 17 128 184 112 255 255 255 229 255 26 255
    255 36 226 255 55 255 24 74 241 255 255 129 255 255 255 87 26 255
    255 77 255 217 255 255 255 26 48 7 219 214 255 72 3 255 255 11 49
    255 244 114 255 243 255 223 125 255 255 78 220 49 98 54 100 250 38
    255 255 28 191 255 255 102 176 51 255 16 255 136 231 51 185 18 73
    121 255 255 255 40 255 191 74 255 255 255 112 95 193 255 62 111 243
    168 255 255 200 109 33 95 65 255 185 18 255 227 255 112 255 213 255
    77 88 154 255 95 255 189 119 161 255 255 164 255 255 255 200 246 68
    255 195 28 255 145 234 255 255 255 140 255 255 255 20 178 255 255
    255 151 26 255 0 17 255 255 217 126 53 255 255 255 11 255 255 255
    192 255 214 255 168 163 255 38 44 10 144 71 255 64 17 255 147 255
    255 115 253 226 255 30 255 6 255 255 255 255 255 255 98 129 85 244
    255 30 255 68 168 255 154 62 152 35 76 255 47 255 47 255 255 237 150
    255 213 255 79 104 255 127 224 255 193 237 98 240 255 255 95 162 255
    113 231 255 70 163 255 159 151 201 106 210 24 255 57 14 255 27 255
    168 255 196 255 187 255 155 227 66 106 255 26 255 255 255 149 136
    255 183 37 23 255 255 247 49 255 51 255 7 255 255 60 255 214 51 255
    255 255 23 255 255 255 202 255 178 214 255 254 151 226 255 255 163
    154 70 109 255 21 151 180 146 255 107 83 183 255 81 240 247 55 10
    243 130 255 201 255 255 206 8 255 40 255 141 255 255 136 255 255 255
    255 204 114 241 62 240 255 255 255 234 229 255 17 255 202 255 248
    255 72 255 177 136 102 255 255 221 255 149 89 255 255 255 255 255 0
    210 37 127 209 245 108 43 171 255 255 255 255 240 121 255 173 10 136
    148 255 0 177 212 255 255 252 255 255 252 45 141 255 255 255 255 255
    255 49 202 38 255 255 7 0 125 255 77 4 175 255 255 94 108 28 255 154
    248 255 255 255 168 150 100 214 157 134 60 255 255 254 9 255 82 49
    255 226 7 204 217 182 255 255 255 231 246 255 232 87 177 34 255 93
    255 255 255 81 85 224 255 255 255 102 255 255 102 121 133 255 34 255
    255 3 255 255 61 5 255 61 255 255 255 194 255 131 206 83 255 171 255
    121 161 255 169 115 255 34 168 255 62 35 255 247 255 191 125 51 49
    255 238 89 255 2 255 255 255 11 68 175 255 255 255 85 40 255 159 255
    255 181 163 163 255 217 240 255 253 54 255 255 180 255 190 23 255
    253 159 255 153 245 255 68 26 255 64 255 255 30 255 255 202 59 255
    202 255 255 68 203 66 199 177 227 115 96 215 255 219 255 195 255 215
    255 255 15 255 173 255 213 129 202 231 178 87 255 44 255 239 121 255
    255 12 255 77 255 140 255 201 255 255 240 19 9 49 255 105 107 255
    109 178 42 44 255 53 82 87 255 6 82 172 216 255 255 255 187 200 255
    255 255 9 105 255 209 255 147 255 255 240 153 56 106 189 94 255 98
    255 255 183 255 98 159 255 255 23 255 66 84 255 208 255 157 255 216
    101 83 250 255 255 84 233 255 58 42 255 175 66 34 255 234 255 104
    255 255 244 255 255 255 143 255 43 2 155 255 121 255 44 47 21 166 70
    108 88 121 255 159 255 11 255 59 98 104 45 163 180 255 28 18 255 200
    255 147 255 227 142 89 239 243 255 206 255 104 255 254 255 61 255 8
    196 255 255 255 255 121 17 189 178 187 255 255 124 65 255 122 47 219
    37 238 234 162 255 255 176 255 108 206 255 238 132 38 42 47 255 212
    173 255 147 149 255 91 227 255 93 57 255 42 33 80 255 255 89 255 51
    37 248 176 255 255 18 189 142 180 17 255 203 255 255 141 136 255 255
    131 255 119 126 255 255 255 163 255 255 255 226 255 255 255 255 255
    255 255 255 212 212 255 121 149 255 141 26 255 195 194 255 255 17
    255 176 35 255 255 255 255 124 222 127 192 194 255 255 255 255 202
    87 255 255 80 255 43 255 195 255 110 255 158 44 255 105 12 81 255 0
    255 6 208 36 13 40 77 255 255 240 219 255 255 241 255 255 11 185 255
    48 219 255 255 255 132 88 93 255 72 185 227 196 236 153 16 91 174
    119 210 255 179 255 208 148 191 255 179 163 255 213 114 195 159 255
    255 255 161 255 255 206 155 98 255 157 253 94 255 250 255 191 255
    255 255 104 255 223 82 7 255 255 229 255 220 233 117 255 213 255 10
    255 191 11 220 40 45 255 255 18 255 255 51 126 214 92 255 72 176 243
    255 18 255 255 216 142 227 200 255 255 255 40 202 61 254 255 94 220
    255 158 33 255 255 255 6 255 206 255 251 38 255 153 255 208 81 131
    255 255 61 255 24 189 255 172 255 255 209 255 98 204 255 255 255 255
    38 255 164 138 116 255 23 199 255 255 104 45 70 239 177 255 251 255
    255 145 255 255 148 65 255 57 107 142 255 255 11 23 255 255 177 227
    255 247 255 255 255 19 255 255 255 255 173 128 68 136 255 255 255
    255 255 18 255 76 30 255 117 255 222 255 95 149 43 151 255 198 255
    255 98 224 255 221 255 255 59 231 28 93 255 126 159 139 224 123 255
    255 166 20 255 255 255 255 255 255 255 238 255 143 45 250 255 253
    255 206 155 37 255 255 58 238 215 255 255 255 104 163 255 77 252 255
    241 87 255 255 35 255 180 255 151 255 66 129 180 255 93 255 142 255
    88 255 255 251 112 255 255 107 219 255 255 17 255 185 255 255 255
    193 255 255 255 199 7 79 82 255 255 10 255 255 116 199 255 203 16
    113 7 131 255 176 255 255 182 56 255 158 133 225 255 255 255 85 101
    255 102 80 255 13 191 81 124 80 115 148 159 255 255 255 255 233 255
    204 255 205 47 244 255 110 122 255 0 50 173 255 71 255 121 255 192 9
    38 28 255 176 255 255 219 255 255 255 255 255 159 255 255 255 121
    212 132 224 151 255 255 255 197 115 155 255 255 255 246 255 76 255
    178 42 255 255 57 30 255 255 162 136 19 48 154 255 255 255 66 50 63
    255 255 33 79 170 255 255 255 255 255 255 26 187 255 255 255 248 157
    187 142 255 106 255 255 62 197 255 255 143 205 255 68 210 144 17 231
    119 44 37 81 237 86 223 26 255 255 251 255 255 255 255 206 55 31 136
    255 30 255 255 9 23 255 184 221 30 247 242 255 255 163 220 255 255
    255 159 79 255 255 15 255 170 255 180 82 146 132 126 110 37 35 255
    255 255 180 255 98 234 82 201 49 212 255 255 118 30 255 255 119 168
    21 66 255 255 255 2 95 236 85 54 175 255 133 133 255 255 124 255 94
    101 255 153 82 255 255 255 255 17 58 255 255 255 255 67 182 170 255
    252 159 255 61 11 255 255 123 206 255 146 255 12 91 95 219 240 18
    206 155 176 255 255 254 255 83 247 63 255 255 66 255 153 255 255 255
    30 129 152 255 255 51 255 255 255 3 255 255 255 255 102 255 210 51
    255 255 255 255 255 255 37 225 3 255 6 255 23 255 237 255 181 116 51
    255 170 255 98 14 255 255 200 0 168 255 255 60 111 114 255 255 87
    108 255 63 255 197 66 255 234 255 17 255 40 255 255 203 255 255 255
    232 61 70 255 255 255 255 255 255 125 213 255 193 255 245 255 165
    126 32 7 255 9 62 255 244 121 115 255 156 3 204 255 23 255 255 122
    255 255 194 51 255 149 215 255 255 23 255 255 255 0 91 255 138 255 2
    55 105 248 60 201 255 226 0 246 122 42 255 112 240 0 53 87 26 255
    255 202 207 33 127 156 255 53 203 255 255 197 112 138 200 255 43 89
    44 85 180 226 255 108 255 255 231 255 255 40 213 208 255 45 81 197
    255 170 200 255 147 255 247 255 179 215 255 1 101 255 118 77 85 255
    72 255 223 255 144 206 91 195 119 255 255 173 255 168 133 255 176
    255 112 255 255 255 55 148 255 206 131 110 255 0 255 255 170 240 47
    13 79 255 255 255 255 193 0 66 10 184 225 64 184 255 255 255 255 173
    255 110 255 255 123 230 255 240 54 248 255 30 255 255 11 44 72 255
    143 206 75 61 17 255 254 68 10 166 130 13 255 255 233 220 55 70 255
    255 253 86 255 126 255 202 209 255 215 255 121 142 68 136 0 241 198
    255 18 255 0 197 255 255 255 255 255 132 136 251 168 128 163 35 135
    206 31 114 102 255 255 255 251 255 110 251 96 155 255 227 100 131
    224 223 7 175 255 255 255 255 230 152 255 105 203 255 255 119 255 98
    96 208 101 255 255 192 182 9 142 231 251 119 12 215 97 184 40 158
    203 255 255 255 255 197 206 255 65 143 161 255 7 51 168 206 64 145
    105 255 20 255 217 28 145 172 255 205 255 27 65 189 255 164 236 255
    248 57 255 255 229 55 255 98 70 38 255 81 177 255 162 255 49 255 255
    255 101 255 77 219 255 255 158 255 248 111 89 255 226 255 255 175
    231 34 31 255 255 255 138 255 255 98 255 255 93 178 223 105 255 37
    248 255 255 255 255 255 101 172 237 171 153 193 255 45 255 89 255 74
    238 66 255 255 255 255 255 255 162 73 85 255 206 129 148 255 248 47
    255 142 255 37 255 128 147 4 255 147 140 135 236 85 244 66 255 213
    255 212 255 73 127 53 255 6 255 250 255 255 17 159 255 40 255 61 66
    144 133 138 255 214 255 136 236 255 255 27 255 255 209 171 255 207
    184 255 255 150 255 255 255 255 255 213 255 223 255 255 104 94 9 255
    178 187 255 149 255 40 255 255 119 255 110 255 255 255 255 255 255
    109 19 202 182 255 255 189 170 244 99 115 66 254 156 81 253 108 255
    226 150 255 253 255 248 255 255 255 82 212 255 131 255 255 243 255
    236 119 255 255 34 255 255 68 33 255 255 255 36 132 255 159 6 191
    255 255 255 53 255 255 178 102 255 255 35 21 255 1 194 53 185 255
    127 255 28 85 255 255 0 248 98 240 182 0 244 216 255 255 35 201 108
    101 115 121 138 199 255 116 255 45 61 150 113 168 255 255 168 255 4
    219 255 255 180 208 146 74 114 36 255 59 255 255 82 255 13 255 117
    255 5 255 116 226 236 55 255 255 255 52 255 129 30 255 28 255 255
    193 252 255 255 255 255 241 194 255 115 255 255 65 51 240 200 231
    180 239 5 217 255 93 83 255 16 236 61 255 108 254 255 255 131 255
    255 170 163 246 255 33 255 43 110 189 255 255 113 54 201 255 153 21
    255 255 107 200 87 255 140 255 175 129 190 70 117 31 196 255 143 255
    255 255 156 197 55 103 255 189 255 134 253 171 255 89 157 246 212
    255 255 217 122 108 255 217 255 104 93 255 50 128 255 118 26 123 170
    44 170 217 255 172 255 255 255 193 9 144 255 255 106 190 52 112 124
    205 34 255 255 210 255 93 113 122 255 21 94 255 2 255 189 110 255
    255 208 255 255 255 145 255 229 162 238 189 9 247 195 255 255 255
    197 222 255 255 212 0 187 255 68 255 255 255 179 84 255 53 255 9 44
    168 255 170 203 193 186 101 255 255 252 70 255 138 72 255 255 125 16
    157 159 213 231 255 255 250 146 255 31 255 88 255 127 255 255 163
    255 255 117 255 255 85 197 133 191 165 255 30 81 173 76 99 131 40 99
    26 64 121 206 255 40 66 255 115 255 255 234 58 255 241 255 255 33
    100 146 41 255 255 99 44 255 187 164 40 255 255 164 255 12 212 163
    255 204 255 248 255 255 255 255 255 255 208 87 93 255 149 59 123 135
    37 214 6 255 17 81 198 155 9 255 110 162 110 255 35 255 240 11 208
    255 38 255 183 1 51 181 105 255 149 255 245 255 190 145 255 221 227
    159 195 56 85 68 47 255 3 170 153 58 226 255 255 255 13 143 250 255
    98 255 255 136 128 163 255 180 11 255 255 232 255 217 249 135 255
    255 153 255 240 21 23 255 255 255 255 37 24 189 255 255 110 67 255
    161 68 87 81 34 219 255 85 255 232 210 52 255 212 142 255 226 138
    189 132 101 251 197 255 104 255 255 255 212 196 255 189 255 168 255
    236 4 255 255 255 72 255 85 255 177 110 23 255 255 99 192 215 21 255
    238 115 189 157 142 255 159 27 255 11 217 255 255 1 255 255 101 255
    30 183 255 183 255 142 146 105 255 25 175 255 251 255 255 168 255
    255 136 255 255 129 118 255 255 88 108 255 77 28 64 70 255 172 212
    94 255 255 3 142 163 255 255 35 2 255 31 234 30 255 70 13 60 220 70
    172 170 255 193 255 49 156 58 225 255 255 51 255 255 255 226 255 227
    199 212 255 61 56 255 0 255 255 61 129 208 143 255 144 173 107 72
    146 157 204 240 189 187 226 255 2 206 243 149 108 196 8 148 252 255
    159 152 255 189 255 255 57 255 255 16 138 83 170 217 255 255 255 255
    255 33 255 37 112 255 112 255 53 233 114 255 143 185 64 175 56 132
    30 38 208 255 101 255 3 21 74 255 10 255 212 255 200 255 70 144 80
    101 255 255 131 176 185 245 202 70 217 170 0 175 255 255 198 255 255
    163 93 255 255 214 166 89 255 119 255 255 197 236 255 80 215 28 247
    255 19 255 255 125 129 255 255 99 255 157 255 86 231 26 210 255 203
    199 115 255 255 238 160 70 255 1 23 185 43 220 246 227 91 249 255
    255 255 219 255 255 84 72 180 159 255 157 1 54 174 255 208 249 255
    65 255 255 255 255 87 89 144 7 93 255 248 49 248 94 255 255 43 196
    255 255 77 255 60 68 129 145 255 255 255 164 255 255 35 214 255 159
    255 1 168 212 180 255 19 97 255 117 255 255 255 210 185 146 51 255
    255 255 255 49 173 133 255 255 255 136 255 255 255 48 154 255 61 255
    255 204 94 153 179 107 255 99 75 47 255 255 255 186 206 255 31 255
    255 129 255 255 159 24 255 149 191 255 255 178 15 163 255 28 255 255
    45 255 115 255 200 63 172 81 77 255 255 255 255 77 255 255 98 82 96
    138 26 240 230 255 255 151 192 4 108 255 255 255 147 253 71 255 255
    92 255 255 23 91 238 226 128 66 255 255 23 131 40 153 31 255 255 159
    68 255 149 255 255 122 24 8 192 255 144 81 152 255 80 255 255 4 255
    255 202 255 32 255 255 174 30 255 255 255 255 0 55 255 255 97 12 214
    170 105 66 243 255 255 255 255 255 223 255 255 255 255 255 255 121
    95 10 72 206 255 255 219 219 56 255 255 255 168 255 240 6 68 184 255
    230 12 85 255 40 195 26 241 4 26 255 255 255 219 47 125 247 132 24
    47 255 255 38 13 114 255 240 186 255 170 155 231 255 74 226 255 158
    255 255 21 133 255 84 133 85 78 255 191 255 101 255 21 255 255 75
    245 255 80 184 87 224 234 255 77 255 255 115 255 38 255 33 155 14
    255 189 26 51 113 7 49 40 255 189 36 67 255 74 173 208 66 175 255
    125 255 117 255 11 61 255 101 87 242 169 255 255 142 103 255 255 255
    8 255 247 4 54 255 255 246 234 246 255 16 255 255 10 108 33 178 163
    185 217 255 255 54 208 175 255 98 152 210 242 255 255 255 72 117 255
    255 77 170 145 255 231 1 194 151 255 255 8 149 91 255 75 161 255 255
    255 208 219 255 255 255 255 49 185 255 28 57 238 193 159 201 255 255
    159 53 105 255 70 255 187 255 31 255 255 189 28 47 163 255 255 255
    255 255 149 52 255 173 19 255 35 45 255 6 152 255 217 255 255 253
    255 255 53 255 255 112 94 255 91 128 255 255 49 74 185 255 255 125
    80 255 3 185 38 85 255 53 70 23 255 67 129 255 255 143 255 255 159
    255 81 82 255 4 73 255 153 168 163 65 101 255 223 129 255 91 234 255
    255 255 255 255 135 255 255 17 93 255 182 255 255 108 242 179 241
    227 14 2 255 230 255 255 255 255 74 255 255 255 223 213 214 255 145
    255 255 236 255 244 61 253 255 227 255 209 203 140 84 255 115 255
    255 25 81 38 255 255 255 255 131 229 255 94 255 246 122 255 255 158
    255 30 255 243 223 177 255 255 234 75 255 251 255 197 213 255 255 78
    101 255 255 255 123 173 255 255 255 255 255 0 100 212 21 63 255 18
    255 104 255 208 217 255 255 255 255 126 231 159 2 89 74 24 74 195
    238 255 143 227 255 131 215 255 255 255 255 128 255 104 213 254 246
    95 255 255 142 215 161 31 252 32 255 255 255 255 255 127 255 66 255
    37 255 255 255 72 255 250 255 197 227 94 255 55 59 195 189 255 255
    26 255 255 24 255 231 255 171 255 3 185 157 95 93 36 23 245 164 255
    171 6 54 61 255 255 255 255 255 121 38 7 255 255 223 255 238 125 191
    68 114 255 255 179 255 255 98 122 255 255 255 246 255 255 255 135
    255 255 68 255 255 111 79 219 255 255 129 255 103 147 67 51 255 255
    219 255 6 68 232 41 255 255 153 255 255 251 231 81 255 93 255 186
    255 255 18 79 255 91 255 255 162 59 168 38 255 47 106 42 51 145 248
    47 17 89 121 160 140 255 255 238 91 104 255 55 255 168 255 51 205
    255 20 23 9 255 255 255 247 255 219 255 255 255 112 255 246 255 255
    255 255 252 255 67 117 255 255 201 255 216 227 255 77 255 255 255
    100 255 84 255 125 230 229 255 10 255 232 109 212 231 23 255 0 243
    255 255 255 255 255 176 138 42 214 255 255 255 255 255 37 255 255
    255 205 193 224 40 255 255 157 232 80 178 255 255 250 151 255 178
    255 255 241 255 160 166 13 121 215 106 40 255 255 255 255 62 48 255
    255 122 255 255 202 128 136 65 91 132 34 122 255 122 255 255 255 255
    180 7 255 255 255 58 255 213 255 153 53 255 255 124 115 159 27 255
    255 62 243 255 255 255 255 149 255 180 81 184 255 255 191 255 255
    156 13 209 140 255 109 255 255 195 65 76 0 255 255 72 189 57 241 203
    255 255 114 255 94 129 51 190 255 255 210 255 255 255 255 198 159
    166 45 24 140 255 9 215 93 1 59 66 172 255 70 255 255 77 255 222 255
    16 255 106 156 10 202 1 163 255 255 255 255 91 7 204 247 255 255 220
    159 11 11 255 255 7 143 23 95 61 255 131 68 255 237 147 166 34 23
    255 92 222 255 119 255 255 207 255 255 200 255 77 193 72 255 255 117
    255 34 255 11 45 255 255 24 121 255 114 255 255 227 31 255 16 89 153
    255 224 255 53 255 255 255 73 255 255 217 59 255 70 255 250 40 255
    74 247 19 187 17 255 219 255 255 131 255 255 255 255 255 255 177 89
    142 54 255 207 119 193 255 119 219 255 255 172 255 255 255 255 255
    255 57 255 251 16 157 146 186 171 79 176 163 255 255 255 255 250 255
    255 78 255 212 255 68 255 26 49 17 27 255 38 255 94 81 138 143 255
    175 135 255 255 255 200 125 75 34 255 222 34 255 86 255 255 171 70
    35 31 255 255 255 189 145 255 255 17 215 255 48 255 255 57 38 246 34
    40 129 106 142 255 233 255 198 192 250 255 78 255 21 101 226 187 255
    14 255 255 192 127 45 255 255 89 255 221 255 138 255 255 255 176 57
    255 255 163 117 255 155 255 119 160 184 89 255 82 53 180 255 183 255
    255 255 255 212 255 223 173 115 240 37 255 151 255 255 72 255 255
    112 245 255 255 126 117 213 191 64 23 233 85 13 206 34 203 150 129
    255 255 255 85 254 255 255 126 151 255 143 255 234 219 255 255 66
    104 219 164 232 255 255 255 255 255 138 255 206 255 255 131 255 207
    255 249 196 77 255 224 255 255 176 54 255 112 143 255 31 44 134 87
    72 255 240 86 53 255 143 146 255 255 255 255 145 255 108 16 248 168
    255 255 14 80 255 229 255 255 255 212 112 255 255 21 255 255 76 153
    19 34 170 52 104 116 115 62 255 152 225 209 215 212 255 255 212 31
    255 4 116 103 255 193 255 178 255 255 255 255 255 255 255 175 106
    149 14 32 125 255 232 160 12 255 255 255 113 88 73 217 185 255 255
    255 142 183 77 140 28 58 44 249 101 255 161 255 255 0 226 194 214
    145 255 53 199 166 255 196 234 255 255 255 255 255 30 9 202 0 223
    255 255 242 248 255 255 251 255 151 176 131 119 78 21 255 115 255
    255 240 33 255 255 180 255 166 255 255 255 255 255 160 255 255 255
    227 255 255 133 255 183 28 255 200 150 255 217 231 210 99 255 255
    125 229 255 255 255 255 230 26 30 35 255 17 196 245 232 21 255 255
    255 255 174 255 30 53 78 133 206 14 0 234 180 255 255 111 19 19 60
    255 19 255 255 136 233 255 8 155 159 93 255 2 255 200 182 34 177 94
    255 169 56 151 255 255 238 131 255 255 104 66 151 58 255 255 255 227
    4 255 255 255 255 255 147 255 114 34 91 213 255 180 154 255 255 16
    255 82 255 255 255 255 255 27 255 79 183 255 255 255 255 70 88 255
    70 173 101 248 57 255 255 151 23 83 247 255 57 202 219 255 192 93
    206 80 255 8 255 103 255 221 161 255 173 255 32 255 255 255 217 10
    255 199 203 147 255 170 15 192 229 21 156 226 77 241 255 255 255 68
    255 3 51 91 14 226 255 38 255 255 231 114 132 13 117 25 255 217 40
    255 73 255 255 42 255 255 255 168 189 255 43 255 26 255 255 161 255
    68 255 166 6 45 255 0 240 144 48 2 100 125 108 255 33 201 255 255
    126 255 219 255 255 229 164 255 75 86 255 152 255 36 172 93 60 255
    63 255 255 255 255 65 255 255 114 110 57 48 255 255 255 255 193 192
    255 255 44 255 255 126 255 255 255 255 255 217 126 255 27 255 255
    146 255 251 149 255 255 176 121 244 132 255 255 255 241 127 129 128
    255 122 255 74 44 255 255 122 49 189 104 255 19 255 255 255 160 33
    255 255 255 255 128 255 255 141 100 255 135 98 23 255 255 8 220 66 9
    156 254 255 255 255 255 255 45 255 131 220 13 255 42 147 119 255 255
    43 166 183 255 255 210 80 210 255 78 38 147 28 45 42 255 152 255 214
    255 255 255 243 100 68 255 248 255 245 255 116 255 255 255 168 17 9
    255 255 255 245 255 240 255 197 255 28 255 159 222 189 57 255 255
    160 255 223 85 65 255 255 126 255 177 124 255 152 86 130 253 255 198
    163 128 255 91 255 23 255 96 255 153 161 255 162 254 149 51 87 255
    166 37 234 233 255 248 190 255 127 143 255 255 98 255 255 239 255
    255 241 12 255 121 255 255 255 255 255 80 255 255 241 12 168 47 184
    255 168 49 164 54 140 255 255 126 255 26 227 185 55 255 255 255 21
    255 255 194 227 255 255 140 74 255 36 68 236 163 255 19 255 185 255
    255 223 255 255 35 226 225 62 255 255 255 255 66 85 255 255 111 220
    110 146 82 96 139 110 255 145 133 255 197 16 155 180 255 255 255 255
    255 255 112 146 77 38 187 162 233 255 240 255 168 125 227 181 246
    255 81 255 255 98 186 229 151 255 255 255 146 182 255 156 255 79 255
    98 255 255 68 251 255 255 53 109 212 255 255 117 166 151 255 8 92
    255 255 3 255 45 227 255 255 255 255 255 255 255 147 255 157 255 255
    255 255 64 255 255 255 255 255 18 40 255 243 255 255 18 255 255 255
    38 57 255 255 255 255 47 255 254 44 225 255 129 255 206 255 255 224
    255 255 234 255 195 98 255 255 119 10 193 210 219 255 244 255 255
    233 24 132 21 231 255 214 255 236 255 255 255 255 255 161 239 59 255
    255 140 255 255 175 183 255 194 68 51 19 255 196 255 255 11 250 77
    196 238 255 114 44 255 10 166 15 221 255 60 216 16 255 202 47 62 68
    255 255 255 255 212 162 145 76 255 255 255 145 255 23 165 254 255 3
    192 202 187 255 255 255 203 81 255 140 19 145 38 255 51 182 146 209
    255 255 231 63 255 255 168 108 152 154 255 135 10 255 246 255 129 78
    255 200 34 255 232 57 255 255 70 159 255 132 63 6 217 255 255 240
    255 219 77 255 255 3 54 255 85 255 255 60 135 64 168 73 91 255 219
    255 219 255 60 6 255 255 31 206 93 255 255 89 4 229 255 16 255 130
    187 75 4 176 236 255 27 238 255 108 170 47 209 255 255 206 17 255 81
    72 183 74 255 249 255 255 255 27 255 255 34 255 255 133 21 255 223
    196 117 255 94 125 26 255 255 255 161 96 11 229 6 255 17 255 212 17
    100 27 201 180 65 21 112 124 255 181 255 72 255 255 255 129 255 255
    110 255 5 255 51 161 64 255 255 255 143 255 108 101 100 119 255 164
    255 64 189 255 255 255 255 35 255 255 255 255 102 255 45 255 53 75
    255 4 233 159 67 3 255 255 255 21 255 255 255 1 255 255 214 131 130
    255 182 255 255 119 70 23 168 43 255 91 255 50 166 255 255 77 255 33
    255 15 183 255 72 200 42 9 255 105 255 68 79 255 116 208 255 61 122
    255 255 255 183 168 54 244 37 182 255 57 177 255 250 52 251 172 47
    246 124 255 255 207 96 255 239 105 255 7 171 232 170 129 83 255 16
    255 255 255 85 209 217 255 75 77 117 221 196 208 192 138 255 196 31
    255 209 129 183 209 98 136 26 255 189 80 152 157 102 255 81 210 66
    255 255 255 115 172 101 255 165 33 255 255 173 76 176 226 13 135 255
    255 17 255 0 151 157 255 255 255 255 116 255 74 203 205 255 255 49
    229 136 255 178 200 255 170 44 44 255 151 255 255 255 255 62 21 255
    227 139 255 255 255 255 255 119 33 193 255 255 255 54 196 255 162
    255 255 187 255 255 199 212 136 16 255 21 122 255 100 44 107 60 255
    93 93 227 255 40 255 255 202 255 91 255 78 255 253 98 105 255 255
    171 47 51 196 66 124 44 202 82 255 21 255 156 127 209 142 113 148
    255 255 141 59 255 255 131 70 23 96 98 255 255 255 158 255 255 72 72
    255 175 156 255 62 93 255 199 255 121 125 255 255 255 255 77 153 58
    255 4 161 225 44 255 255 195 227 255 255 21 246 255 175 255 254 227
    255 255 182 255 255 255 115 255 70 255 135 234 253 78 255 255 54 108
    255 21 66 140 142 255 255 43 75 127 53 255 210 221 255 21 111 126
    255 255 185 255 255 52 11 119 255 89 67 255 112 6 47 189 160 77 117
    163 255 189 180 147 255 255 255 255 78 255 255 221 255 255 55 9 68
    129 65 166 105 45 255 77 213 255 175 156 255 255 255 81 112 142 255
    99 255 62 193 115 59 255 133 28 43 42 255 255 56 255 255 255 34 160
    3 255 50 229 255 231 26 255 106 255 87 80 72 240 111 255 255 21 255
    255 255 255 255 255 255 255 214 12 255 7 255 208 255 227 255 138 255
    81 226 21 129 255 147 255 13 255 255 255 170 255 237 199 255 84 147
    255 239 255 215 27 40 255 50 135 130 136 255 136 109 30 255 255 163
    21 255 189 255 82 250 255 14 135 255 255 73 159 255 191 255 255 101
    76 175 180 255 255 255 255 182 255 255 41 255 195 223 240 34 65 17
    255 82 143 43 255 255 255 250 84 28 255 140 108 122 157 95 217 98
    174 234 96 174 255 205 255 55 112 123 196 73 255 146 255 161 33 255
    255 255 58 189 148 255 255 229 54 214 204 182 255 71 44 206 255 250
    255 81 49 255 24 159 146 133 101 255 226 40 4 255 255 255 255 255 25
    255 255 206 255 255 255 14 255 32 212 77 32 177 255 255 255 255 212
    10 170 255 9 255 45 26 255 255 97 201 195 255 77 255 61 149 89 176
    255 255 74 140 168 241 255 108 132 5 255 180 255 121 91 84 215 1 126
    255 214 149 104 255 255 255 109 124 127 230 199 255 74 51 255 68 93
    212 45 154 210 77 37 62 41 133 255 255 255 255 67 94 255 255 121 255
    255 234 255 105 17 255 255 255 255 255 110 144 33 247 83 6 100 106
    255 255 234 156 255 153 255 254 164 94 255 108 119 255 49 98 147 40
    255 233 255 94 255 255 255 65 6 255 255 191 89 255 255 237 7 115 81
    138 0 102 208 255 255 255 157 255 173 255 255 255 43 255 212 130 177
    121 255 255 255 168 11 255 255 230 73 74 115 229 132 237 229 219 163
    255 191 255 5 108 50 255 255 169 124 21 255 117 255 255 255 223 153
    3 255 77 72 255 43 103 217 255 135 229 255 82 255 88 255 255 119 255
    25 27 70 159 146 206 132 255 255 55 180 255 149 246 255 51 44 129
    255 255 255 183 255 255 132 255 255 255 255 205 255 118 231 151 122
    164 163 202 26 34 35 255 142 152 255 68 61 255 255 255 255 183 182
    255 255 255 112 255 6 40 255 87 255 227 89 255 255 216 86 72 255 255
    255 204 247 255 255 107 191 128 135 255 255 255 255 255 255 21 220
    40 255 98 255 115 115 255 255 255 234 231 255 161 176 78 255 255 217
    255 255 255 140 255 10 2 255 217 227 255 176 255 255 47 37 255 221
    142 74 31 252 255 217 255 255 151 255 255 255 56 34 255 168 255 40
    255 255 13 255 183 255 255 125 16 255 255 212 255 255 255 255 66 108
    255 255 240 247 121 206 255 255 199 255 136 20 149 2 80 208 151 21
    212 19 116 138 255 255 255 255 172 68 255 162 255 130 108 255 255
    255 198 147 255 173 255 255 222 193 43 255 255 126 119 255 14 35 255
    155 219 112 33 255 255 111 79 225 255 180 8 151 255 255 206 126 176
    37 255 255 65 35 255 230 189 64 255 52 255 109 255 100 255 86 151 1
    115 255 14 38 34 105 255 62 177 248 100 255 255 255 255 40 255 255
    255 125 255 26 255 159 37 113 159 96 36 217 101 60 6 255 255 74 150
    51 255 208 255 255 10 255 97 135 255 255 255 255 196 255 255 177 255
    212 255 240 244 1 255 255 255 173 255 50 170 255 102 255 255 166 255
    155 72 255 255 87 255 115 255 136 153 210 142 255 31 255 255 92 231
    255 200 255 178 37 255 255 142 212 255 47 255 255 50 255 210 126 73
    246 255 77 87 206 255 23 255 255 98 255 206 255 27 196 55 136 255
    255 136 255 255 142 159 255 241 255 95 221 255 132 23 115 255 111
    255 255 255 255 81 61 255 255 106 184 255 255 159 208 30 238 255 133
    255 255 85 255 115 255 185 119 255 54 178 175 220 255 168 189 255
    255 19 255 255 138 83 89 30 255 92 255 212 143 255 255 35 255 255
    255 255 208 72 117 100 50 255 255 255 149 255 141 94 125 255 255 255
    255 255 129 30 255 255 85 248 178 170 255 227 98 75 255 26 255 255
    33 205 255 51 37 255 196 87 168 255 157 255 255 255 255 255 224 119
    230 42 255 13 255 8 54 255 255 239 255 255 255 255 25 202 72 255 30
    119 17 255 10 248 255 255 255 246 255 253 26 212 255 255 255 255 180
    175 183 26 26 255 78 255 9 88 157 234 47 255 168 255 255 255 255 79
    42 89 37 47 255 103 255 74 255 96 9 208 217 255 138 95 108 255 89
    255 180 2 37 255 6 255 255 95 21 203 32 145 255 47 195 9 255 35 182
    127 23 238 144 24 185 19 255 227 231 255 255 255 255 255 134 53 173
    219 255 10 79 145 255 59 233 255 221 207 42 255 255 255 255 255 142
    255 3 21 4 175 147 112 38 131 4 88 255 255 112 77 255 255 220 127
    255 150 74 255 205 255 14 24 255 112 33 255 104 45 255 81 255 255 53
    238 255 34 24 70 255 255 43 255 38 255 255 56 53 255 231 119 135 255
    163 72 108 255 136 108 255 72 93 138 98 66 96 255 199 255 255 9 197
    255 255 255 152 240 255 206 255 255 255 255 255 255 255 255 11 173
    255 255 255 255 105 98 32 53 243 15 255 205 255 255 31 255 80 255
    255 133 63 255 186 171 144 94 255 244 255 44 255 53 14 176 255 159
    255 255 255 255 255 194 85 40 180 123 131 91 255 253 254 255 255 5
    255 255 255 117 255 248 255 255 255 255 34 255 149 255 40 153 255
    255 255 255 210 255 255 255 166 142 255 255 176 234 53 248 65 255 48
    255 238 136 143 89 255 52 255 128 255 246 70 115 95 255 37 255 210
    255 227 7 49 255 255 233 119 255 255 187 255 112 6 135 236 202 89 58
    255 30 187 206 152 255 91 180 255 255 132 255 142 138 91 255 18 255
    255 255 255 242 72 255 30 255 255 102 3 255 13 255 255 51 255 2 55
    111 255 121 168 170 119 170 24 240 55 255 38 200 255 30 255 37 49
    224 138 180 16 142 255 250 24 72 213 44 255 255 255 255 255 255 255
    255 101 170 158 255 183 239 145 255 17 255 255 255 40 255 255 255
    202 192 156 255 129 212 98 221 61 85 227 255 132 255 255 255 255 77
    255 85 255 255 255 108 146 163 163 248 149 255 21 173 255 134 71 82
    181 151 255 210 255 255 217 21 75 68 255 80 236 255 255 255 255 255
    255 71 255 255 34 226 144 233 245 255 145 247 255 255 245 232 255 3
    255 255 65 255 255 194 255 185 31 132 38 112 255 70 245 110 255 164
    123 204 255 231 145 255 255 67 255 255 88 255 191 255 255 136 255
    219 255 255 175 255 16 255 30 255 255 255 255 255 66 207 80 255 255
    143 15 195 87 255 75 9 130 255 220 178 255 255 255 128 255 255 24
    255 104 166 255 32 255 68 255 18 255 255 255 2 181 255 255 255 168
    255 255 94 93 255 37 156 255 126 255 255 255 51 255 247 21 113 255
    114 255 23 255 255 26 255 255 207 133 202 195 255 255 255 255 255 10
    255 25 255 255 255 190 122 248 101 124 149 1 212 32 158 236 255 217
    63 255 212 255 93 255 255 34 166 51 43 162 154 130 80 26 255 138 136
    49 255 168 43 21 192 240 255 91 255 255 255 147 236 51 255 255 205
    146 0 206 197 255 91 255 255 87 255 255 187 255 255 255 47 148 255
    51 255 255 98 119 255 36 216 201 238 88 255 255 152 51 255 255 68
    249 255 189 8 255 255 136 255 171 170 210 255 85 48 255 17 97 168
    255 152 77 255 255 177 255 255 255 255 109 87 255 1 105 89 220 28
    255 255 255 200 255 208 255 37 68 255 255 255 255 247 47 255 255 119
    191 255 255 255 255 40 255 210 42 255 128 255 255 82 255 195 192 65
    255 30 3 34 9 227 255 255 255 255 70 255 68 207 206 81 159 219 255
    70 255 255 255 105 36 216 255 64 255 199 132 141 255 106 255 56 255
    255 255 255 143 255 255 255 255 255 106 138 59 255 93 49 255 44 255
    255 156 193 255 255 4 82 45 89 255 89 72 58 255 210 149 23 174 226
    234 212 255 117 255 255 133 255 11 255 223 33 255 255 160 255 60 92
    189 119 255 16 248 53 103 255 87 255 255 255 255 149 210 80 255 234
    255 255 141 114 255 255 255 255 255 255 255 253 255 255 118 133 255
    177 66 255 255 198 40 255 255 255 151 255 255 255 205 95 213 255 28
    85 54 138 255 3 255 33 205 249 51 255 255 255 255 255 253 255 255
    158 255 255 255 255 42 220 170 223 255 240 255 177 135 255 31 250 11
    182 255 255 255 255 227 4 240 255 95 255 40 116 255 49 255 23 255 91
    255 6 33 255 151 255 185 66 99 226 255 136 255 214 7 121 255 122 124
    34 88 243 87 255 98 25 236 255 255 102 255 255 77 255 155 112 66 255
    255 51 255 158 245 142 255 150 240 163 255 189 11 175 17 20 255 255
    207 255 229 229 255 255 21 255 206 80 255 21 146 80 255 255 255 255
    88 142 255 68 31 255 241 10 255 135 255 32 64 255 72 6 255 129 210
    138 255 255 31 170 92 191 255 179 255 255 118 255 255 255 255 238 11
    255 255 255 166 255 101 180 255 255 210 255 9 37 210 243 201 181 92
    128 251 108 177 255 21 255 151 173 115 76 210 255 255 255 93 144 233
    54 255 45 255 255 244 166 255 255 61 255 255 227 25 146 255 176 255
    82 238 172 255 66 255 255 255 255 255 244 255 189 255 153 254 236
    255 255 255 255 233 255 89 82 255 255 255 166 255 199 255 255 248 0
    81 255 180 255 255 208 186 255 81 216 255 166 255 255 163 37 217 142
    61 24 255 203 255 45 237 189 255 24 191 21 135 182 255 190 12 147
    210 9 255 255 84 30 172 166 255 27 255 255 255 255 255 81 255 255
    255 198 255 114 84 249 255 129 255 109 191 87 210 93 206 255 17 255
    155 255 255 217 255 255 255 255 93 255 157 170 78 255 223 57 185 255
    255 105 38 255 255 227 166 222 0 255 66 255 85 108 255 163 255 45 87
    255 255 183 255 93 87 171 81 131 255 129 23 255 255 64 189 255 213
    240 255 216 26 255 44 166 64 114 255 47 255 255 238 255 255 53 255
    233 255 255 44 40 255 70 255 255 133 246 141 255 255 255 107 234 255
    42 242 27 255 180 241 45 159 141 255 170 158 7 202 173 255 255 75 59
    255 195 255 6 255 147 255 213 255 64 9 255 255 30 94 155 255 149 191
    255 255 164 255 166 255 1 96 138 255 14 161 193 173 255 255 231 13
    255 28 34 33 196 183 121 112 95 121 255 45 89 136 68 255 236 157 136
    255 255 175 255 255 255 105 100 243 245 161 94 175 255 162 66 255 43
    124 255 180 142 176 255 89 255 139 119 138 255 140 255 6 3 255 173
    255 197 255 255 255 196 108 55 255 210 255 212 0 255 255 129 208 195
    26 15 175 82 208 255 255 225 255 170 255 67 2 255 255 51 255 255 255
    255 24 255 255 148 255 255 34 16 255 214 171 255 55 222 255 84 87 95
    21 255 144 230 164 255 255 255 255 255 110 255 241 255 255 255 255
    193 57 147 146 155 208 140 11 10 238 255 177 223 158 131 174 31 213
    255 255 47 100 75 255 123 54 65 178 115 254 127 27 255 144 23 210
    255 124 255 255 112 255 255 97 91 232 121 255 242 255 136 140 173
    114 231 220 170 255 64 255 219 255 40 149 85 255 53 195 252 255 111
    58 2 91 45 255 255 194 155 23 255 138 92 255 110 197 255 77 255 73
    255 255 3 255 189 255 206 255 166 30 230 255 255 165 255 255 20 255
    34 163 255 255 9 19 60 168 255 255 247 191 255 40 231 77 255 156 255
    204 255 206 200 248 225 71 254 255 255 131 255 132 255 130 255 255
    255 197 231 255 189 255 255 255 255 49 26 215 236 94 255 255 16 255
    134 118 255 4 89 87 87 183 63 255 229 142 206 6 212 255 162 10 204
    183 255 225 94 255 38 94 136 187 255 255 57 132 255 127 34 255 68
    175 248 255 88 205 68 53 255 112 139 107 49 255 255 255 255 255 119
    255 54 234 255 255 255 207 156 255 255 66 227 65 255 181 18 219 255
    255 217 255 102 168 255 71 255 68 240 255 57 21 115 161 163 255 255
    185 170 170 255 233 180 255 255 106 133 255 255 255 122 255 77 255
    129 89 203 95 24 255 255 4 37 96 160 255 255 183 12 255 189 14 255
    108 3 197 255 136 255 195 255 38 156 255 255 255 255 255 10 156 215
    141 255 255 255 224 125 126 105 93 255 255 255 236 255 255 213 59
    176 255 233 229 182 107 127 78 180 255 255 255 255 141 59 240 240
    255 255 98 255 174 250 208 255 95 255 255 54 255 115 226 255 45 224
    255 232 195 255 255 255 201 255 255 255 17 138 255 255 255 44 255
    255 154 102 95 103 6 51 255 255 84 157 62 148 255 57 255 7 231 17 33
    255 105 255 157 206 255 138 7 191 142 255 10 193 20 175 102 47 255
    142 72 255 85 153 154 255 23 254 255 54 35 178 255 255 255 13 255
    255 255 233 142 223 210 106 118 19 255 255 66 178 231 255 225 179
    114 102 255 219 223 169 191 255 255 255 255 75 255 255 255 82 140 37
    119 255 250 154 208 149 240 106 231 26 104 70 86 255 48 82 255 35
    255 255 146 255 255 255 255 23 149 255 255 196 255 21 139 2 140 219
    128 255 43 255 43 172 145 255 112 12 172 255 255 127 217 255 72 119
    19 144 162 145 108 255 80 72 111 245 115 255 255 168 255 170 9 187
    219 255 255 255 51 255 255 187 255 255 202 158 243 159 125 255 23 47
    178 106 35 150 255 89 255 255 151 75 180 77 255 255 109 91 255 142
    61 104 187 135 255 16 255 6 160 255 255 108 255 183 255 255 144 54
    163 255 255 201 170 255 255 163 255 233 255 255 7 159 163 145 255
    255 135 106 172 254 95 253 194 255 220 255 255 255 171 217 118 255
    255 133 51 130 255 255 255 255 234 115 116 255 255 255 52 200 37 255
    36 169 52 93 255 255 255 68 255 106 4 255 119 255 187 144 41 255 255
    255 255 151 53 255 255 160 255 0 21 238 140 156 255 255 255 65 161
    95 154 255 126 206 85 247 227 174 75 247 146 20 255 248 141 255 255
    163 91 255 11 255 180 255 229 255 255 255 255 126 255 178 204 255 93
    104 255 255 162 150 255 255 255 255 255 70 255 223 219 9 210 68 197
    255 227 255 43 178 62 31 255 255 91 255 255 255 227 96 255 100 4 255
    255 255 255 128 255 255 227 66 255 255 30 244 31 66 58 203 255 95
    254 255 84 72 159 255 166 255 255 255 255 136 210 255 33 255 255 24
    72 36 152 250 159 255 255 246 246 255 36 35 77 163 255 212 28 255
    255 248 185 2 85 241 255 149 61 255 225 62 255 255 220 101 255 145
    255 149 53 255 249 85 61 255 7 255 79 255 143 104 6 255 187 255 91
    255 143 255 178 35 255 255 53 255 178 82 255 138 227 255 255 255 26
    255 60 164 255 0 96 255 44 255 221 26 255 123 246 37 255 233 213 255
    95 182 106 196 182 255 255 166 204 255 255 17 255 10 129 74 91 255
    236 156 255 255 182 249 255 255 108 34 255 176 196 255 255 248 255
    164 152 255 255 77 194 68 255 24 255 41 21 255 221 255 255 250 171
    255 192 49 255 255 178 255 125 255 255 255 201 89 91 240 255 95 68
    57 255 140 255 80 255 77 168 121 51 10 255 229 229 173 26 91 131 231
    255 5 255 210 189 255 84 159 255 30 215 255 255 40 49 6 233 161 155
    255 87 24 23 110 30 255 255 255 61 255 255 255 59 81 182 255 255 255
    255 255 255 255 0 73 83 255 255 255 94 44 96 20 255 255 45 136 151
    106 255 153 37 255 176 255 12 134 255 52 202 71 247 155 26 240 181 3
    103 255 94 255 255 116 255 255 255 255 129 50 177 189 255 255 180
    202 255 255 255 255 255 108 255 255 20 255 102 122 84 219 136 178 43
    116 51 255 255 255 255 145 255 255 40 152 255 126 98 255 101 14 117
    247 255 19 169 98 255 58 255 102 255 255 255 189 10 255 14 30 62 255
    70 206 255 171 255 132 255 255 236 255 225 149 94 178 61 255 240 255
    255 95 209 16 255 133 149 0 38 255 255 255 255 255 227 65 246 51 255
    255 71 255 255 255 255 157 255 255 249 146 119 246 255 217 255 255
    135 198 132 28 117 255 5 19 255 229 153 248 187 19 125 255 255 58
    255 255 70 255 189 30 255 255 255 152 255 255 54 153 62 255 34 255
    38 255 173 61 11 255 255 255 102 84 236 255 42 180 70 220 255 220
    147 251 255 103 255 255 220 127 255 191 77 209 255 251 10 110 0 255
    208 255 255 42 6 31 255 57 109 189 180 213 150 255 85 61 255 67 38
    255 243 255 187 255 255 66 255 63 255 47 196 26 172 255 255 255 255
    244 20 255 255 255 52 223 3 255 208 141 227 255 255 227 255 255 16
    57 255 234 255 255 38 255 251 254 172 176 161 255 195 210 183 255
    170 255 254 150 255 231 255 229 70 145 255 237 103 255 129 255 253
    115 210 255 255 252 32 213 7 255 255 255 255 133 94 255 53 152 210
    255 255 6 11 182 47 72 138 255 0 84 255 55 255 255 255 255 255 209
    219 119 94 255 255 244 54 255 196 255 19 128 163 255 145 44 255 204
    91 255 221 255 255 182 112 19 185 231 96 142 255 229 68 189 255 255
    107 255 234 163 108 199 227 255 255 38 79 255 255 255 255 255 59 255
    26 255 255 135 146 16 147 23 98 255 255 236 42 106 251 255 62 237
    194 255 255 189 255 241 243 106 170 255 255 237 212 255 255 255 81
    219 189 43 255 241 255 128 255 136 255 136 121 221 255 123 95 255
    255 199 44 253 255 119 89 255 175 255 71 255 255 255 152 202 54 255
    195 196 86 149 125 255 36 255 154 255 209 255 217 255 122 255 28 255
    174 255 131 255 173 255 166 193 56 125 224 72 59 216 255 255 115 245
    132 200 255 255 6 178 255 149 229 79 54 175 255 169 255 212 255 255
    255 98 255 51 145 255 255 87 66 255 255 243 255 118 255 93 255 28 98
    255 255 255 55 255 255 244 38 23 202 59 255 203 65 108 104 255 255
    84 152 127 224 255 255 220 255 231 255 149 255 255 229 146 214 233
    93 179 47 255 255 236 231 97 255 38 151 255 255 156 255 255 255 255
    255 255 255 83 114 255 255 241 2 255 193 191 180 156 236 193 105 203
    255 255 255 255 104 255 100 204 126 43 94 255 255 213 65 255 13 115
    68 239 255 255 47 37 255 255 70 178 251 231 4 255 255 217 101 101 57
    255 171 115 246 255 255 28 33 181 37 247 132 23 49 255 255 86 215
    220 255 255 255 115 255 82 198 13 195 255 255 255 5 229 248 255 232
    17 33 255 237 54 26 255 110 231 255 14 17 255 255 255 172 164 251
    255 142 38 212 142 255 43 255 106 141 185 255 255 240 30 7 0 255 183
    255 255 255 255 255 255 255 255 255 182 255 141 255 255 14 129 255
    255 250 60 6 35 255 173 124 255 135 255 95 255 255 255 255 178 217
    99 93 255 28 255 108 119 243 106 104 255 195 255 79 53 197 31 255
    135 255 255 185 75 49 38 255 255 246 255 255 109 255 104 255 23 255
    255 255 255 255 255 242 203 42 255 14 178 72 255 255 255 255 255 255
    255 2 255 255 255 221 255 19 68 177 79 204 255 114 200 193 3 255 77
    255 255 148 68 251 255 28 51 97 254 255 255 255 17 255 255 108 168
    178 255 53 255 132 163 250 255 20 33 255 33 171 76 255 255 255 23
    255 251 255 150 255 132 24 185 255 23 255 87 255 255 255 255 180 145
    7 72 202 241 255 128 229 0 255 33 100 80 208 202 128 112 255 200 255
    202 255 255 255 195 222 255 145 72 255 24 135 255 82 254 255 88 255
    172 255 247 147 44 255 255 255 73 149 131 255 89 169 248 255 177 220
    255 101 255 170 255 255 255 209 255 255 197 255 255 255 175 9 16 255
    11 166 255 255 16 147 87 143 255 95 212 255 110 255 149 255 193 51
    115 255 93 255 54 255 255 255 38 255 175 212 255 255 135 255 17 255
    172 255 82 108 89 255 113 74 61 189 255 255 91 156 255 38 255 114 51
    128 10 255 95 255 255 192 219 244 135 255 255 186 3 255 239 28 255
    162 157 81 255 255 49 177 177 255 202 35 232 17 24 255 186 180 255
    237 72 74 255 255 112 234 143 255 255 255 255 72 91 64 109 255 255
    72 98 255 255 236 217 255 7 212 162 133 115 131 255 255 231 255 255
    247 255 77 179 210 255 51 73 121 102 255 255 10 177 214 180 255 255
    148 128 55 255 255 4 108 154 202 255 171 255 255 49 119 255 16 255
    255 255 142 9 126 255 160 255 43 87 35 255 87 105 42 255 255 255 255
    255 19 170 255 6 72 255 30 172 255 255 175 255 255 207 255 178 122
    255 255 255 255 132 129 255 255 40 105 255 255 233 255 204 255 231
    146 77 244 255 96 255 162 255 255 227 77 23 233 255 255 108 255 255
    95 79 198 23 255 60 255 255 255 255 255 255 206 28 255 255 255 255
    255 52 255 80 68 255 182 255 55 255 255 28 255 138 255 21 255 166
    193 103 255 255 255 123 196 255 255 255 255 255 62 255 197 255 255
    255 220 255 181 98 2 89 255 199 255 64 229 206 240 255 255 243 255
    240 40 255 117 255 143 113 189 185 255 26 255 255 255 164 255 255
    143 255 255 255 255 104 14 255 255 222 232 177 38 255 28 196 255 77
    72 117 162 86 255 95 255 161 236 255 127 82 164 180 220 255 255 37
    255 255 88 255 42 239 196 255 247 255 255 199 255 85 30 255 4 186
    255 255 255 138 244 106 189 255 62 220 255 255 140 255 255 196 127
    91 238 115 114 28 108 88 255 255 255 108 32 179 255 38 214 255 255
    72 255 183 255 77 74 230 114 255 135 198 214 87 133 64 175 255 234
    255 159 255 219 217 42 255 35 140 255 255 255 255 255 255 85 128 255
    108 17 115 88 255 255 170 255 77 23 255 81 230 255 89 151 49 255 20
    255 255 212 80 255 200 227 255 255 93 68 187 217 255 213 26 255 233
    255 255 138 143 185 255 255 255 24 255 55 45 255 255 162 255 229 248
    182 79 180 229 225 92 54 79 255 145 163 226 175 255 95 101 34 24 255
    255 255 255 87 115 255 59 255 47 89 124 31 28 75 255 255 255 255 255
    24 222 149 246 16 36 168 255 28 54 112 255 133 255 255 34 91 157 126
    255 227 121 212 255 129 42 43 255 51 255 219 70 255 53 255 255 162
    126 42 255 255 176 255 140 136 255 47 251 246 45 255 255 199 11 163
    255 202 23 255 76 255 177 255 255 255 255 71 212 251 253 255 81 189
    255 255 253 140 255 255 206 255 133 177 255 255 3 112 158 255 9 240
    247 106 226 133 255 136 255 255 136 255 123 41 185 142 51 178 251
    255 16 185 254 12 255 61 152 147 38 255 125 62 110 4 255 142 255 255
    10 251 255 94 255 142 80 255 132 255 255 255 212 125 254 35 9 255
    180 255 255 156 255 255 255 197 89 255 255 241 255 255 146 166 60
    224 143 180 126 255 255 255 255 255 57 38 255 253 255 102 106 255 23
    45 65 83 217 255 200 64 107 255 223 255 95 9 122 130 51 166 255 247
    198 255 240 59 255 255 255 255 149 128 255 77 255 0 224 238 255 255
    198 255 190 89 2 255 143 255 149 248 85 247 255 255 3 28 210 255 2
    163 255 2 255 84 143 255 255 31 6 255 255 159 255 255 93 16 255 83
    200 49 134 165 243 47 44 255 255 156 24 255 200 255 255 138 255 255
    138 255 147 40 255 108 182 136 79 236 52 255 141 173 255 53 255 255
    255 178 132 255 255 255 255 145 255 65 159 112 48 255 68 102 16 123
    148 255 255 160 177 255 255 255 255 45 255 255 255 255 255 241 121
    255 163 31 255 255 117 255 182 254 49 74 255 91 212 23 221 224 28
    255 255 145 255 53 79 168 255 68 255 166 215 95 14 254 161 43 255
    255 255 255 95 54 255 255 241 171 242 255 101 2 255 255 223 183 255
    136 173 255 153 27 255 180 153 161 255 98 255 30 255 51 55 243 138
    161 143 255 108 166 143 140 159 255 255 192 255 255 82 255 36 255 42
    255 64 255 249 128 255 255 149 192 244 168 255 255 16 107 255 229
    236 13 166 194 32 20 234 255 255 40 255 255 131 255 236 255 255 40 9
    144 255 255 255 255 255 115 94 117 89 186 101 53 50 56 255 255 255
    223 169 255 255 78 255 189 60 255 187 133 227 255 255 21 191 226 19
    255 255 255 166 255 255 72 237 255 255 255 255 25 192 68 89 6 245
    255 253 255 255 250 21 255 48 5 255 255 119 255 221 220 93 220 138
    255 255 150 255 172 10 255 231 115 30 13 94 240 77 255 83 255 178
    255 67 98 136 45 255 34 255 173 210 192 213 178 61 255 113 114 255
    72 41 196 36 82 255 255 243 255 255 72 255 255 236 255 255 37 255
    255 44 215 255 255 255 255 131 255 125 255 255 255 255 255 255 84
    255 255 175 255 255 212 196 147 255 14 255 212 255 221 255 101 255
    255 66 255 24 255 53 152 231 255 255 23 225 177 103 91 75 255 255 35
    255 255 80 9 255 43 255 255 149 103 255 236 212 255 125 255 255 255
    255 255 255 126 255 255 168 255 124 255 95 182 255 204 255 205 255
    102 252 208 112 65 255 255 255 76 217 101 79 129 31 125 230 255 62 9
    255 255 62 255 15 75 255 146 255 133 159 7 58 255 99 240 244 116 255
    55 28 255 163 255 103 255 159 255 255 7 255 255 255 224 255 255 255
    227 24 14 231 255 255 255 14 12 255 217 255 255 162 2 0 255 213 255
    70 255 255 255 255 255 255 26 255 91 136 79 255 245 255 255 59 8 151
    248 255 255 129 234 255 192 100 88 89 255 109 14 255 255 255 255 13
    147 197 142 255 255 196 255 91 85 255 255 189 255 255 255 63 249 41
    201 104 27 143 13 255 51 255 170 114 255 85 255 255 4 215 255 239
    131 181 224 180 212 71 255 138 255 163 255 47 255 255 82 255 255 54
    255 42 255 16 255 145 7 60 214 145 255 220 255 255 234 131 168 223
    136 189 223 255 85 199 255 164 26 185 255 156 255 255 182 233 170
    108 135 255 125 205 74 255 40 234 217 255 255 255 255 255 255 255
    214 220 255 255 16 255 255 176 255 255 255 136 72 30 142 125 62 255
    72 95 255 255 207 91 255 255 255 136 115 129 255 109 180 198 255 196
    255 152 247 166 99 122 121 55 77 255 255 255 255 155 122 249 255 149
    255 255 23 104 255 255 255 230 185 93 255 159 53 98 255 159 255 255
    53 196 238 255 87 250 81 255 203 43 118 255 89 60 191 64 102 185 164
    87 255 130 224 105 255 23 31 45 160 255 255 221 215 255 72 255 255
    210 131 130 251 255 255 95 131 223 255 255 234 255 154 8 255 255 244
    102 255 255 74 180 181 65 19 255 255 240 36 81 206 26 255 255 62 94
    145 255 3 255 255 190 45 19 40 35 210 54 255 255 255 254 172 34 147
    255 255 255 234 255 198 255 255 248 212 255 163 249 190 5 212 112
    255 255 26 255 140 255 255 255 75 241 255 112 201 255 17 255 255 255
    47 255 7 255 149 60 255 223 195 196 200 43 145 255 196 94 108 160
    170 244 33 255 246 9 255 147 155 91 66 109 255 255 255 187 255 213
    52 151 255 70 255 255 255 255 166 171 93 255 255 255 255 103 255 255
    255 197 244 245 191 255 255 255 95 23 255 11 182 255 255 110 255 156
    205 6 244 255 255 71 213 157 28 234 255 70 175 9 255 45 153 136 255
    255 131 42 236 13 255 117 47 194 255 255 255 62 227 238 189 27 255
    170 255 171 172 231 33 187 247 122 51 71 94 255 106 255 255 255 255
    147 229 255 255 255 45 193 155 23 19 104 129 47 153 10 255 155 17
    117 255 255 255 155 233 255 162 255 255 221 255 255 239 51 255 253
    255 200 35 114 255 255 93 255 234 255 153 255 177 255 82 217 178 176
    192 255 255 37 6 62 255 255 68 80 95 4 255 255 176 63 77 165 152 255
    65 131 255 202 255 9 146 255 26 9 255 255 78 80 132 94 254 255 255
    156 168 255 255 9 182 255 255 255 30 255 255 80 255 177 108 255 255
    255 70 255 28 255 195 94 110 219 240 68 75 243 85 255 212 136 31 108
    255 156 82 26 35 168 191 173 185 255 10 255 255 126 255 255 129 80
    249 17 40 253 183 54 87 102 255 255 255 255 255 148 210 240 67 63 6
    0 184 255 105 59 255 230 255 138 11 255 147 35 247 255 43 105 255
    207 255 244 108 255 146 116 255 155 206 255 255 11 37 255 101 255
    191 255 191 255 251 255 161 101 86 210 75 255 255 27 143 255 21 98
    147 67 222 255 169 37 255 94 255 136 45 28 255 220 201 189 203 255
    255 172 255 76 255 89 255 255 255 255 111 255 255 255 240 255 114
    133 202 255 192 108 80 68 170 255 178 255 58 255 85 214 129 255 115
    255 255 55 255 187 255 61 9 255 248 197 255 177 210 255 255 255 255
    255 180 255 21 255 255 178 255 10 147 255 255 255 246 35 255 255 190
    255 200 112 142 255 255 255 161 121 255 255 255 255 151 193 255 255
    255 255 255 109 255 170 246 226 251 255 119 76 4 35 189 133 26 253
    158 166 57 131 189 255 148 255 255 129 255 255 60 206 15 47 255 89
    30 255 66 115 82 255 16 255 166 224 84 110 196 255 112 88 119 255 41
    30 255 187 255 215 192 63 127 241 255 255 84 255 255 105 255 242 84
    255 255 192 138 255 255 0 255 61 255 4 255 110 240 255 255 55 186
    255 231 255 24 62 255 255 223 255 14 255 9 191 255 210 163 255 138
    255 193 255 150 161 34 255 255 237 227 238 11 143 106 255 255 93 207
    255 161 139 91 140 81 0 236 166 38 83 255 215 140 151 255 255 233 0
    255 94 255 255 13 213 215 255 255 219 255 255 255 255 59 255 255 28
    206 255 152 255 125 91 255 41 236 115 143 149 255 118 255 251 37 178
    42 28 114 40 185 119 255 231 255 123 163 35 255 23 198 255 255 147
    255 221 255 189 255 255 87 255 255 81 35 166 255 255 255 255 4 5 112
    28 255 255 255 255 255 74 201 121 255 255 183 31 255 255 223 128 255
    168 89 255 255 255 255 246 63 6 255 248 255 61 255 255 87 206 255
    118 255 255 250 157 83 173 3 255 227 240 55 176 101 255 145 26 255
    255 255 255 255 138 255 151 255 255 255 224 244 40 255 227 193 255
    255 23 203 81 255 201 102 102 89 229 145 255 255 31 201 178 250 19
    43 141 255 191 116 231 117 102 86 255 146 171 210 156 255 255 255
    115 119 38 238 255 40 51 132 212 255 255 255 255 60 255 114 255 106
    255 255 37 107 59 122 255 255 255 247 93 255 168 255 255 255 215 60
    255 255 255 185 85 38 19 72 255 21 255 169 255 253 255 241 249 81
    255 212 142 255 255 106 247 30 255 89 255 55 143 255 255 255 255 255
    0 255 131 157 255 92 255 30 141 124 4 227 91 255 131 255 255 255 54
    255 255 255 119 136 140 202 255 255 163 202 255 13 143 191 155 0 236
    234 255 255 255 0 255 238 255 124 40 152 255 255 163 219 255 254 157
    255 13 161 255 255 0 157 255 255 255 243 255 138 255 255 255 197 58
    255 151 147 255 214 255 255 111 96 255 255 128 57 255 82 255 80 255
    253 163 86 255 33 255 255 255 0 255 131 255 219 255 52 180 70 255
    112 255 255 108 58 17 255 4 217 255 53 73 255 21 248 221 27 255 255
    17 114 255 255 255 100 255 255 197 57 70 255 255 12 255 255 213 255
    255 255 155 158 117 255 255 184 25 108 255 255 179 110 255 255 201
    149 34 233 187 255 255 206 112 115 255 255 255 185 203 255 255 255
    65 255 192 255 255 136 255 195 255 192 223 72 108 255 62 255 255 106
    255 36 255 255 255 50 112 127 255 255 255 172 16 255 255 255 93 255
    156 25 255 30 200 91 255 170 255 236 255 0 154 255 114 255 155 241
    77 255 255 103 255 6 255 255 255 255 255 207 255 249 234 28 255 44
    255 104 255 255 95 169 255 193 58 255 227 255 54 255 128 63 255 72
    107 255 255 63 157 92 87 255 214 87 219 6 219 85 23 231 102 255 135
    255 89 51 98 221 255 238 207 80 255 35 185 255 234 255 91 38 0 255
    255 147 255 247 0 104 106 255 255 58 219 255 202 21 85 50 38 217 255
    161 255 128 175 129 255 98 102 148 150 200 9 255 81 255 255 32 202
    220 155 243 255 102 61 164 193 255 61 87 94 45 255 255 255 255 168
    255 96 255 255 142 124 255 255 213 180 255 89 231 255 165 255 255 55
    255 185 254 255 255 75 255 236 148 255 11 1 178 210 255 255 64 229
    255 255 6 255 210 255 255 140 255 210 255 160 142 255 82 255 255 255
    255 255 58 236 159 27 255 64 6 42 255 255 255 195 13 255 6 70 12 112
    255 255 195 229 255 255 255 192 255 255 161 255 168 250 255 34 255
    49 40 255 255 17 227 255 255 255 219 255 131 66 155 182 255 255 133
    214 255 255 255 89 255 240 50 2 255 236 255 255 101 243 255 189 107
    255 6 170 9 210 79 144 102 143 161 87 255 34 255 255 183 50 252 8 31
    21 255 91 166 255 55 255 136 255 114 193 179 255 255 255 255 255 30
    124 255 37 255 170 80 198 170 185 255 240 88 234 255 187 255 151 51
    255 72 67 238 197 204 255 255 255 114 255 48 255 255 190 5 255 255
    199 255 138 98 255 108 133 255 189 255 60 255 12 253 45 255 157 237
    255 232 13 255 13 131 255 255 255 229 255 165 37 255 146 75 255 255
    255 149 233 255 53 202 2 255 87 93 53 124 63 246 148 75 255 255 255
    164 255 255 34 255 203 93 17 255 255 255 58 255 148 31 255 135 255
    255 121 87 70 255 61 183 251 128 255 255 255 49 105 107 255 234 255
    255 58 63 255 60 135 189 6 149 100 217 96 221 75 255 255 162 233 115
    209 191 255 255 255 255 115 180 255 149 210 64 58 49 231 196 51 68
    64 184 17 75 66 34 50 145 100 237 75 140 162 255 13 213 255 255 165
    240 176 255 255 255 162 3 181 255 255 234 220 255 26 255 255 4 153
    255 255 210 105 255 24 255 255 41 192 38 89 52 127 255 220 134 230
    255 255 121 255 87 217 255 255 224 255 255 180 255 255 202 255 255
    255 226 102 75 255 112 133 40 255 169 255 242 255 196 77 255 255 185
    153 122 255 136 255 236 47 110 255 209 26 255 255 245 108 255 5 70
    47 87 53 236 23 255 182 255 130 192 117 238 195 255 255 255 255 155
    169 255 9 133 40 144 255 255 8 255 255 43 255 66 255 109 255 104 166
    255 17 223 254 164 255 163 255 255 44 32 227 185 255 87 255 108 186
    86 255 169 199 255 255 21 255 255 255 255 255 255 255 255 87 255 142
    142 255 255 255 119 142 157 197 101 255 217 227 226 255 229 80 255
    255 185 234 33 30 25 62 54 255 155 255 11 169 255 74 255 255 255 87
    245 81 255 103 255 121 255 255 255 154 9 254 185 255 6 3 255 231 210
    255 255 156 255 255 255 255 255 255 255 255 68 227 255 96 255 221
    255 255 255 255 55 229 152 255 255 255 198 255 255 166 20 255 159 78
    79 255 255 247 255 226 142 255 3 112 255 234 255 255 28 108 255 255
    45 255 3 68 170 118 255 202 18 135 248 159 255 255 179 59 204 199
    255 146 231 255 197 180 255 255 77 255 185 221 194 255 255 255 255
    255 255 255 255 133 214 247 159 255 153 51 136 196 12 255 143 255 9
    255 255 104 255 220 255 212 255 255 250 255 255 243 229 255 221 255
    255 104 255 255 108 89 96 143 108 255 72 255 255 255 168 255 126 142
    163 255 255 255 158 250 255 192 255 255 189 94 134 255 255 255 135
    255 180 118 255 36 17 105 74 141 131 136 255 233 55 141 255 255 180
    255 77 146 255 119 190 131 51 92 255 178 6 255 123 152 96 255 180
    161 255 111 255 85 255 255 62 255 163 255 216 255 147 175 203 183
    255 192 225 119 231 232 176 255 255 176 9 155 209 255 255 236 208
    255 88 129 208 61 87 197 156 210 255 0 12 255 255 7 26 91 173 81 116
    240 255 152 208 255 255 255 255 45 54 255 229 156 255 160 255 157 20
    255 232 75 49 255 180 73 127 34 199 255 87 138 255 95 98 255 80 226
    57 57 255 255 244 255 123 88 171 255 77 255 9 179 255 255 248 236
    255 255 35 8 220 184 68 60 255 172 132 255 255 255 255 255 119 47
    255 4 185 208 30 203 255 254 150 255 209 121 255 255 2 255 255 255
    255 80 122 13 221 173 255 104 72 23 138 255 255 98 84 255 18 198 255
    7 128 255 255 203 255 99 255 255 255 255 155 255 255 34 255 255 255
    138 14 234 175 255 253 80 222 255 30 255 255 227 0 255 165 255 108 0
    108 142 255 243 255 255 255 147 255 255 110 166 93 47 255 140 255
    148 65 19 206 217 45 146 152 255 236 255 255 255 212 176 255 227 132
    84 122 246 255 77 255 51 255 255 204 101 255 176 255 30 11 255 115
    129 255 255 236 80 255 202 255 172 16 103 255 255 182 255 138 255
    212 10 0 178 189 255 255 229 255 255 236 255 198 248 177 189 255 255
    164 255 255 68 7 255 95 255 255 53 255 240 255 97 255 240 255 255
    255 65 233 255 255 255 255 91 66 231 18 255 140 255 255 113 255 215
    64 14 255 123 214 185 219 112 255 174 255 255 255 202 227 180 125
    255 59 142 255 255 160 56 255 255 255 255 176 114 23 106 94 255 0
    192 255 179 255 123 71 19 255 255 240 23 255 255 89 255 255 255 255
    182 193 168 255 255 255 91 255 243 16 81 192 135 221 91 255 125 189
    255 151 226 255 45 17 255 110 255 213 240 255 194 246 142 255 255 16
    255 125 255 255 9 255 255 77 34 255 255 255 255 255 255 255 2 105
    255 255 13 191 255 176 255 189 125 255 21 244 255 43 216 68 255 255
    80 240 237 54 127 92 255 255 105 250 15 81 255 255 240 103 223 27
    255 255 126 255 253 255 255 81 105 105 255 175 161 106 255 255 255
    102 178 255 53 213 255 24 255 81 255 255 255 183 122 255 91 91 64
    255 159 255 255 115 255 255 201 255 239 231 255 9 80 55 182 136 255
    246 37 183 37 49 246 160 35 93 179 98 255 255 255 255 255 23 55 111
    255 255 237 255 255 91 80 132 145 255 255 255 35 255 227 243 132 255
    255 149 255 255 181 4 255 55 255 161 255 255 168 117 60 26 119 31
    255 43 55 255 246 255 255 0 255 255 255 255 21 9 204 51 187 255 255
    255 231 75 187 24 150 255 244 142 255 44 255 255 121 255 255 226 255
    185 212 255 59 209 255 255 41 138 255 237 255 255 151 192 204 159
    255 255 244 26 142 89 255 255 216 255 223 185 255 136 255 210 255 41
    255 255 255 192 204 9 184 255 255 56 255 115 240 127 31 255 255 104
    255 255 255 210 255 28 255 206 204 255 51 187 149 255 72 49 255 180
    10 191 98 47 13 101 45 28 255 205 255 41 255 255 104 255 189 255 255
    255 24 110 200 255 255 183 51 30 187 255 255 255 104 143 151 255 199
    129 255 250 255 255 255 132 255 16 68 190 140 255 255 255 212 7 255
    255 88 255 255 248 255 255 255 44 255 219 140 100 118 98 149 213 255
    255 0 255 255 255 58 255 255 212 191 101 255 255 187 255 255 219 255
    146 67 31 232 80 255 255 255 44 255 255 61 255 255 198 178 255 28
    255 255 255 255 170 143 217 216 119 255 0 255 255 180 0 255 207 255
    47 197 157 42 255 21 19 255 52 136 70 14 255 116 255 59 255 157 25
    34 255 234 236 194 221 196 185 255 158 255 255 187 255 178 146 107
    255 37 255 136 255 252 189 14 255 174 18 87 51 207 56 255 254 217
    255 94 173 255 169 30 255 132 255 23 251 173 249 193 255 17 255 255
    255 38 255 244 85 255 255 255 128 19 85 52 255 255 255 255 255 255
    255 21 255 255 11 168 79 85 191 255 97 255 255 58 255 119 88 156 255
    145 255 255 255 255 40 255 255 251 78 255 255 255 87 127 255 255 255
    173 79 212 27 255 255 255 112 36 139 112 121 50 150 60 71 35 87 179
    255 255 98 124 255 255 79 36 255 255 248 255 70 108 179 17 91 10 252
    255 133 255 189 248 54 255 255 255 221 179 255 174 89 122 255 231
    255 221 255 73 255 98 91 187 239 255 255 84 122 200 255 255 255 23
    143 232 176 44 85 3 255 255 255 173 255 121 255 255 138 87 136 179
    40 104 255 255 157 92 255 110 255 156 255 58 255 249 255 255 255 84
    149 255 255 56 223 255 80 4 179 38 255 255 255 217 255 255 132 48
    255 210 255 255 255 197 138 36 255 255 248 255 255 255 172 255 255
    81 255 255 132 192 255 104 255 255 255 255 38 60 185 255 255 205 108
    71 185 255 51 203 255 55 23 215 28 182 255 101 255 255 3 255 149 216
    30 132 187 255 255 162 65 255 75 17 255 51 255 108 255 103 255 28
    255 255 60 163 255 255 112 255 255 16 210 135 219 255 255 73 255 148
    30 174 241 255 144 255 255 255 50 17 255 97 212 255 77 136 255 16
    255 255 50 238 255 255 255 253 183 255 21 255 229 93 38 136 255 255
    140 255 255 164 225 195 68 96 255 105 8 255 168 123 138 255 255 255
    255 42 118 59 255 255 255 68 94 255 255 132 14 255 255 128 136 255
    255 193 26 131 255 255 12 215 149 14 210 210 247 255 1 255 195 255
    255 255 94 238 255 204 255 113 88 194 130 255 219 255 255 61 6 216
    121 253 143 119 40 221 124 191 124 226 255 240 182 70 53 229 255 255
    9 42 255 108 129 64 47 180 1 117 98 173 166 255 153 255 255 155 129
    42 64 255 144 138 12 255 121 117 255 219 152 255 255 255 255 197 180
    219 255 255 255 94 255 164 149 38 221 78 255 255 255 3 214 206 164
    64 163 255 255 67 255 200 156 80 255 255 255 98 53 175 21 124 30 255
    126 220 76 255 255 189 255 255 255 213 255 17 14 255 4 221 44 255 26
    187 183 48 255 166 255 180 255 255 191 255 155 84 255 255 173 231 27
    72 0 255 9 255 89 91 255 133 255 221 64 255 255 9 252 255 159 129
    121 255 255 79 182 108 255 11 168 6 255 49 57 85 255 255 255 255 136
    206 254 231 132 255 255 186 255 200 145 255 255 10 31 155 255 80 255
    206 233 255 212 75 255 195 110 132 60 135 77 17 30 98 255 173 138
    229 98 200 121 82 210 255 255 255 206 255 53 145 128 255 213 255 255
    40 222 255 255 254 255 255 136 34 141 255 64 255 54 38 71 255 117 61
    89 255 30 143 9 89 234 255 92 255 214 255 255 66 255 255 155 255 255
    255 13 255 91 221 205 255 255 208 102 244 105 113 255 28 246 255 255
    255 231 110 255 255 255 255 65 215 119 255 255 255 239 255 76 142
    255 255 255 252 255 255 164 30 85 255 170 255 129 255 105 24 255 183
    255 202 255 56 187 40 136 255 255 255 142 173 3 113 246 255 255 255
    24 255 98 131 255 202 72 255 255 124 255 62 255 255 48 138 117 230
    255 255 11 255 255 0 131 255 98 147 255 40 255 255 80 84 255 195 255
    255 255 255 83 129 94 125 255 86 183 142 117 255 237 255 255 187 255
    74 128 255 91 77 142 255 220 255 255 255 70 255 20 0 26 255 219 255
    72 255 255 224 215 178 145 84 255 206 255 234 255 215 66 177 255 47
    146 255 96 255 255 255 255 252 255 74 163 98 255 243 255 48 24 229
    180 241 255 243 5 93 118 255 129 255 255 255 114 255 176 175 112 255
    213 255 72 234 255 249 255 68 146 125 255 229 28 229 255 50 255 255
    255 255 125 248 255 64 70 226 183 219 143 200 185 58 38 199 42 255
    255 255 255 255 94 255 173 38 255 89 14 255 124 45 40 255 255 255
    255 255 255 255 38 255 180 255 72 255 187 255 220 147 255 244 255
    255 156 255 76 255 44 193 244 66 255 133 5 164 255 255 68 182 255
    255 62 192 225 64 255 255 255 107 255 4 159 234 65 255 89 109 255
    255 255 37 62 255 255 255 255 33 161 255 255 85 255 61 6 255 243 255
    168 255 255 165 255 76 70 255 229 255 255 183 255 35 153 255 72 255
    138 255 83 162 163 187 172 105 221 112 255 136 35 255 255 98 255 6
    125 128 117 255 87 255 0 255 255 48 252 40 101 187 142 138 93 255
    255 101 95 255 255 255 112 128 255 202 241 255 255 255 255 253 72
    117 197 107 255 48 255 255 255 254 144 237 101 255 236 255 77 255
    255 255 31 255 38 65 66 255 48 166 229 223 255 59 193 112 255 255
    255 255 135 255 172 54 255 204 175 75 112 92 255 255 255 255 255 132
    234 17 255 255 255 51 255 255 7 220 255 145 24 95 30 255 234 27 133
    159 223 182 255 72 154 180 159 255 9 163 255 255 243 115 202 51 140
    204 255 255 95 34 234 13 3 255 255 50 192 68 0 255 255 153 255 255
    255 255 255 247 107 255 11 65 253 255 12 255 91 255 255 243 14 255
    87 145 255 255 117 255 70 77 255 209 121 83 255 10 147 125 255 215
    255 255 85 94 255 178 129 255 248 236 105 255 55 192 255 255 255 112
    255 255 255 255 250 255 70 255 255 255 245 217 255 128 255 89 255 74
    255 255 43 98 161 208 108 212 127 255 135 255 95 255 255 255 255 98
    255 161 223 119 255 202 142 138 255 105 210 212 255 255 255 55 255
    159 64 138 255 251 234 255 72 255 255 136 255 255 187 89 176 255 255
    36 212 255 17 206 24 242 34 184 242 255 254 98 255 185 255 213 255 8
    0 212 217 254 5 255 255 205 85 84 255 40 54 255 223 195 255 255 255
    108 255 4 150 91 159 133 255 35 12 255 95 122 255 255 131 85 216 255
    110 53 142 255 64 35 255 75 2 221 255 255 255 255 121 176 255 255
    255 47 255 189 255 16 108 255 238 113 126 194 215 155 44 214 48 170
    168 16 164 255 34 124 76 197 212 255 255 142 168 98 143 255 255 229
    146 255 255 102 255 255 255 255 255 32 255 80 255 231 65 255 255 255
    255 255 108 255 255 54 255 255 255 223 255 124 255 160 255 227 255
    110 98 53 14 93 111 129 187 255 26 47 129 255 255 17 255 255 255 21
    255 77 255 255 255 255 255 255 240 142 4 245 168 23 133 255 229 255
    255 255 31 255 241 154 255 255 133 132 160 73 255 255 75 168 255 75
    255 223 138 161 142 255 255 248 224 34 255 217 231 255 93 79 221 131
    140 82 255 174 37 9 76 227 255 255 255 234 255 18 255 112 175 177 98
    106 255 6 199 248 57 51 201 108 89 255 36 95 5 255 244 87 255 10 140
    142 255 255 155 255 255 255 255 175 255 106 255 255 255 255 157 255
    196 255 250 31 23 254 94 227 255 255 219 220 255 236 229 17 53 111
    17 255 0 255 255 255 68 255 206 33 13 70 250 172 27 255 121 255 255
    49 18 255 96 183 255 189 255 255 240 255 255 255 255 229 255 125 224
    255 6 255 6 61 255 255 255 9 255 165 255 119 50 255 255 173 45 248
    247 255 193 138 255 255 255 255 170 1 219 255 255 203 255 183 234
    108 51 255 255 241 255 255 175 255 255 70 163 104 255 255 180 255
    255 142 255 23 93 255 255 255 61 0 4 99 245 255 216 40 102 146 184
    115 255 255 96 255 255 255 243 54 70 255 66 62 247 26 255 146 255
    255 207 115 32 255 255 161 185 255 255 255 255 255 185 255 40 255
    255 193 112 56 255 7 170 238 179 245 6 255 173 240 10 61 197 255 201
    221 255 255 155 187 63 255 183 255 255 40 255 187 84 159 255 45 178
    17 255 255 125 255 255 197 255 255 255 129 255 255 255 201 255 158
    30 170 180 94 129 7 226 210 121 164 255 227 138 74 37 164 28 255 203
    255 185 73 255 162 255 238 180 231 255 175 255 255 65 252 255 255
    150 198 182 255 255 229 219 142 0 28 255 88 255 9 237 159 74 128 255
    221 254 44 113 255 143 255 255 184 255 254 255 112 109 87 255 53 68
    208 254 254 19 170 255 53 227 203 53 116 170 60 255 9 255 244 23 62
    106 7 255 255 101 255 243 255 255 255 250 36 50 255 255 255 255 225
    108 205 144 236 255 204 21 3 255 221 255 64 255 212 255 202 161 119
    255 75 217 255 255 255 223 255 255 255 156 236 148 164 255 255 227
    53 255 192 55 128 255 255 99 255 255 209 168 255 21 94 47 43 255 155
    255 240 255 255 255 255 255 86 255 243 255 142 152 33 255 199 19 161
    255 196 253 104 166 227 166 213 255 255 255 68 138 75 198 98 2 255
    165 73 255 91 180 255 244 255 223 255 205 26 253 164 255 114 30 206
    216 255 151 89 219 255 255 255 208 77 38 6 239 255 108 224 255 72
    255 255 36 255 255 255 193 255 255 136 255 255 255 168 255 243 255
    144 142 28 255 255 82 255 255 185 249 255 255 255 85 234 208 255 14
    255 163 112 215 234 24 255 64 255 51 255 255 57 114 5 255 255 19 255
    116 170 121 152 255 21 226 86 255 255 42 255 251 255 255 255 222 87
    115 156 79 216 254 87 80 255 231 216 198 255 149 240 149 177 187 255
    55 255 168 1 255 159 95 255 100 255 157 189 38 255 32 255 212 81 213
    255 127 177 31 246 255 255 255 255 255 246 251 164 255 24 180 255 98
    255 112 255 255 11 192 3 181 229 54 255 237 255 255 203 30 255 221
    196 130 169 255 151 53 21 255 95 14 214 220 255 117 230 240 217 152
    96 255 236 255 232 255 117 255 255 94 26 145 255 255 61 255 64 186
    79 255 122 255 246 255 248 255 45 115 255 80 255 74 246 70 242 53
    171 255 255 255 134 255 255 236 255 255 89 255 26 125 7 241 212 255
    63 255 21 255 77 219 149 102 91 28 11 234 255 255 255 255 180 155
    255 195 231 100 255 239 194 255 3 175 255 182 255 255 244 128 253
    255 224 227 255 255 255 129 255 25 220 59 19 152 255 21 139 255 255
    199 86 255 255 255 219 142 255 147 35 170 227 255 255 17 255 205 155
    34 108 130 37 192 180 213 255 255 255 143 255 13 255 36 247 243 255
    145 255 255 114 126 176 101 255 255 74 255 11 244 10 232 159 255 255
    94 117 138 41 24 255 255 255 30 162 255 255 1 255 255 250 255 255 72
    255 125 58 255 185 0 255 40 55 255 255 255 255 59 203 112 142 255 23
    255 255 255 255 173 255 255 255 255 255 125 255 255 121 105 232 151
    93 115 186 255 19 231 42 255 58 201 2 255 255 70 139 255 187 24 170
    255 187 255 255 31 243 119 255 159 255 14 255 255 106 110 255 213
    255 32 38 255 231 255 142 255 172 42 25 254 255 255 177 255 81 255
    255 72 255 191 255 255 100 255 255 255 255 114 70 219 202 91 255 192
    255 255 221 224 255 255 93 57 148 182 38 255 199 255 21 185 146 255
    255 200 116 14 2 255 255 232 255 16 98 255 255 64 255 255 249 255
    166 72 121 255 255 131 77 255 7 255 255 255 2 255 217 254 255 255
    255 255 21 255 255 14 255 93 255 255 255 255 255 181 255 219 255 237
    255 255 255 241 255 210 255 240 1 255 255 255 189 185 255 131 255
    204 255 26 255 255 42 131 220 255 84 86 217 168 255 255 255 9 255
    255 129 227 234 255 255 40 255 255 95 255 100 255 255 255 106 203
    255 4 255 248 71 255 198 70 96 232 180 115 255 255 35 255 255 255
    255 202 149 255 78 255 200 246 255 255 255 203 210 14 255 217 255
    255 123 162 255 193 166 255 255 1 255 113 197 255 248 255 222 255
    255 255 255 31 255 255 255 89 98 142 93 255 118 205 255 255 105 255
    203 255 255 158 255 255 153 63 117 114 255 255 131 255 255 214 96
    153 116 255 255 255 128 53 255 175 234 112 255 62 37 91 163 78 255
    255 185 255 212 255 255 68 255 75 2 138 255 174 219 201 255 255 255
    255 101 138 249 255 233 0 176 131 255 255 138 255 220 255 255 55 255
    95 219 227 117 220 255 91 30 255 255 255 255 100 45 255 255 91 255
    168 185 252 206 255 255 255 89 255 255 237 255 214 248 157 255 255
    255 255 255 255 255 255 163 255 21 255 255 255 234 255 58 255 255
    255 150 225 109 117 34 21 255 102 151 115 166 64 241 242 53 63 255
    41 47 197 239 255 104 48 254 255 227 255 255 172 114 255 72 157 255
    172 255 176 40 255 19 179 84 255 37 196 255 255 124 255 135 37 255
    255 152 255 44 117 255 98 58 181 92 35 95 26 161 255 0 177 255 80
    255 66 255 171 93 255 255 255 47 255 253 97 30 255 255 201 195 223
    17 255 23 255 255 75 240 255 18 255 255 226 150 255 152 255 255 139
    255 74 175 241 23 255 171 166 33 250 236 91 255 53 221 255 248 142
    210 151 16 75 197 80 252 236 165 17 255 170 108 34 60 224 244 139 35
    138 236 100 255 156 89 140 72 255 255 255 255 255 255 255 255 239
    234 244 33 108 23 4 255 255 255 255 168 116 175 164 236 255 193 207
    255 176 85 93 240 202 145 255 87 152 119 185 255 255 255 45 200 187
    255 255 173 208 234 236 147 255 141 255 30 247 101 255 255 255 255
    131 56 249 255 24 206 131 255 49 71 44 123 28 255 9 251 255 21 193
    59 164 109 255 255 209 3 255 112 255 9 255 255 255 138 73 47 168 215
    193 255 173 255 68 255 42 35 255 255 255 161 255 221 255 255 74 136
    255 255 255 17 99 255 255 236 255 255 220 248 255 124 171 255 255 23
    28 255 252 4 169 157 198 229 255 234 255 255 208 136 112 255 243 255
    42 255 52 255 255 103 62 255 12 255 255 255 76 255 255 255 13 255
    255 91 255 60 108 255 255 210 142 255 253 248 47 193 255 255 229 206
    185 255 226 23 255 33 255 18 255 26 40 255 4 255 255 234 27 68 98
    118 3 28 255 255 255 175 255 255 250 73 47 204 150 255 255 31 255 82
    105 38 255 212 255 122 177 168 72 255 43 255 220 255 255 255 183 133
    255 178 97 255 255 159 42 168 230 184 87 204 73 248 255 255 83 10 68
    255 197 154 219 23 255 251 129 255 255 223 238 21 112 227 95 212 19
    255 255 0 255 204 255 255 112 255 255 64 255 142 255 255 55 190 255
    172 168 255 255 255 63 144 186 255 129 102 255 255 255 66 246 68 51
    142 67 255 255 88 31 2 255 255 127 255 255 255 255 199 185 255 75
    255 99 255 248 118 255 255 84 255 210 146 255 210 55 178 153 250 255
    255 255 255 38 255 17 155 246 182 132 65 17 255 131 255 11 255 199
    242 199 65 255 95 255 255 21 255 255 236 255 25 6 147 89 51 255 255
    251 142 255 169 84 38 80 255 163 91 30 0 255 255 98 195 255 232 55
    108 255 255 255 74 255 255 193 182 255 255 118 66 255 44 255 255 255
    192 185 255 255 255 189 255 255 104 110 255 148 129 206 3 182 72 122
    163 255 70 73 83 116 255 123 255 40 191 254 217 47 153 182 112 109
    248 255 255 182 98 65 255 255 99 255 30 26 255 255 166 255 255 243
    255 93 212 166 255 233 54 255 62 98 9 185 17 255 175 42 191 31 128
    108 199 255 53 255 138 178 221 255 198 163 255 240 255 131 40 67 255
    180 246 255 255 255 255 181 153 255 255 183 255 127 55 206 102 119
    255 255 85 208 255 177 145 212 255 231 21 148 245 255 116 255 181
    255 255 161 255 255 255 94 255 255 216 255 255 41 255 138 255 122
    176 255 61 45 207 255 255 87 208 183 17 255 255 170 178 19 58 255
    255 255 255 23 255 51 255 70 107 149 45 255 255 64 124 255 195 37 64
    255 159 195 26 255 79 14 2 255 169 79 155 135 243 255 101 255 255
    255 255 255 255 156 249 159 255 219 255 40 255 40 7 132 182 44 9 112
    255 255 165 255 2 212 159 40 173 164 123 170 255 255 255 220 132 138
    185 255 210 250 255 125 3 68 165 194 244 255 107 195 226 51 255 255
    255 89 48 255 45 13 114 57 255 128 255 220 145 217 239 79 102 41 255
    146 255 229 255 14 255 15 255 63 255 234 14 26 163 3 255 44 205 202
    255 255 244 246 255 255 213 255 193 10 255 255 82 161 51 255 129 255
    197 58 183 255 107 255 50 255 255 255 86 15 18 255 255 53 255 127
    141 205 185 255 114 255 61 255 4 226 17 255 255 255 83 255 255 255
    255 206 255 67 255 77 43 180 110 131 150 42 58 255 147 197 255 255
    224 96 255 6 255 234 255 255 132 88 255 255 237 255 246 156 248 168
    156 255 255 176 23 242 213 203 181 255 254 161 255 255 255 255 159
    255 254 121 255 61 217 255 255 255 255 255 212 255 240 177 223 255
    54 151 255 91 183 45 255 23 255 89 255 255 115 102 255 255 255 97
    255 189 70 255 255 255 170 255 170 255 146 255 234 195 94 54 255 51
    147 66 255 255 9 217 247 6 243 51 225 114 63 164 237 79 255 233 54
    59 58 107 153 149 255 255 34 187 255 163 47 102 255 255 255 255 213
    255 255 255 93 145 47 13 23 255 255 126 52 255 51 10 255 177 75 255
    173 255 255 114 255 232 168 255 210 131 110 57 255 255 255 187 96
    242 231 159 144 60 24 70 255 54 231 111 210 255 239 150 255 30 255
    255 129 143 106 180 100 255 13 24 43 255 255 91 91 17 170 214 255
    255 192 196 178 57 73 66 27 163 248 35 255 255 255 107 255 255 198
    225 255 52 255 116 9 38 65 61 255 255 24 134 255 161 30 98 255 49
    196 243 217 255 255 255 142 255 255 35 255 155 138 7 255 124 255 129
    214 255 240 255 166 91 44 255 4 255 136 255 251 119 255 169 119 23
    180 2 255 149 156 255 26 126 47 34 122 195 173 184 47 204 140 255
    255 255 147 255 255 19 146 7 4 255 255 253 160 255 108 255 126 168
    255 255 155 23 126 255 61 255 255 248 52 255 18 255 130 241 255 255
    70 94 255 250 255 255 58 255 123 97 80 255 60 51 255 255 255 255 255
    255 28 255 255 255 231 96 30 255 161 255 37 252 255 255 255 15 230
    255 251 255 255 255 124 255 255 221 112 255 255 255 106 18 94 187 51
    255 146 35 255 215 87 234 95 45 255 91 115 161 255 44 255 191 255 45
    219 74 255 255 255 2 255 209 255 255 143 255 108 255 38 255 53 187
    255 255 255 255 176 126 255 255 28 255 95 182 13 231 173 255 255 205
    255 203 255 255 203 166 255 255 255 28 101 136 255 255 255 168 255
    255 255 255 168 255 255 255 255 214 245 255 255 255 147 74 115 202
    255 40 176 255 255 255 101 255 25 255 255 251 180 255 255 255 26 79
    255 54 74 203 63 161 71 255 197 216 254 2 255 255 38 151 255 95 255
    108 151 35 147 255 159 255 255 57 245 40 116 128 187 101 255 255 111
    255 255 54 255 255 77 255 255 255 255 255 175 72 255 255 243 255 155
    255 144 6 255 255 40 136 161 224 255 17 230 30 255 251 30 229 255
    255 72 255 255 255 173 121 255 6 255 85 173 255 108 255 30 255 255
    75 251 255 255 255 255 255 221 216 255 255 220 140 151 41 255 255
    255 255 255 125 89 255 255 255 125 6 255 255 109 93 255 227 91 210
    169 131 255 165 100 234 72 255 255 87 234 57 98 227 255 255 238 181
    105 255 255 255 255 166 255 255 255 202 17 200 14 80 255 192 222 72
    77 77 255 255 255 255 255 185 6 121 187 255 172 255 136 81 255 255
    28 255 234 226 143 255 255 255 255 255 255 104 132 255 255 175 255
    168 255 198 17 216 255 144 30 255 255 255 145 255 189 47 255 89 185
    4 13 86 255 23 24 255 255 227 255 131 59 255 255 189 19 255 45 255
    229 255 104 255 255 231 244 35 255 10 255 255 251 75 255 255 255 180
    160 91 255 255 80 236 236 255 255 152 86 255 160 56 225 227 255 19
    255 152 255 58 255 255 224 255 255 45 143 108 255 44 255 78 2 255 13
    93 255 78 255 255 61 255 147 16 255 231 255 35 255 236 255 255 11
    248 43 10 255 19 176 255 255 255 248 223 203 255 106 255 255 255 37
    89 255 251 61 255 209 255 255 207 199 23 67 255 255 255 103 185 175
    255 104 119 154 255 119 255 255 255 45 202 126 96 142 255 154 119 38
    136 161 212 255 189 221 196 98 185 255 255 221 49 132 38 255 255 230
    98 255 255 89 53 14 170 136 64 112 255 58 194 255 255 105 36 13 255
    34 109 255 51 255 255 255 125 255 95 206 45 119 81 5 255 206 255 255
    18 108 255 234 255 255 255 255 174 55 255 255 255 12 181 185 24 255
    10 255 130 28 75 191 199 250 255 68 255 255 255 59 255 105 89 79 81
    255 232 255 255 255 21 180 2 255 255 253 38 254 176 255 59 246 21
    233 255 241 255 11 255 255 255 185 255 13 160 185 153 255 255 42 251
    112 255 255 255 255 255 255 255 255 255 193 255 255 108 255 255 255
    155 255 85 88 5 255 129 241 189 98 24 255 217 255 81 64 255 100 255
    255 255 255 255 112 182 58 255 255 255 85 142 243 8 233 255 255 255
    229 255 121 215 195 255 52 2 255 255 255 106 255 255 78 192 98 60
    226 93 70 86 21 23 255 123 190 255 255 170 255 202 248 255 255 216
    51 174 251 247 147 186 255 223 255 86 255 106 166 151 179 91 255 99
    255 255 65 255 85 255 255 64 255 219 153 53 203 255 141 255 255 220
    255 34 173 16 255 255 24 42 241 152 19 255 255 255 192 17 255 255
    255 21 255 255 15 255 255 163 106 217 255 255 105 183 253 101 255
    210 255 77 239 255 255 67 152 255 255 255 55 102 100 255 159 255 255
    145 156 255 239 143 146 206 131 195 177 198 119 255 89 255 106 79
    255 84 255 136 119 150 255 106 182 178 255 80 106 255 255 255 255
    255 255 247 171 255 176 255 255 255 86 25 136 42 110 75 255 255 41
    255 246 28 54 255 255 156 255 255 170 21 60 152 134 197 66 113 255
    93 176 233 157 91 158 5 110 250 255 255 255 255 251 37 194 59 151
    255 153 151 150 60 136 240 195 255 233 102 55 255 255 255 5 255 177
    255 255 255 255 255 101 255 255 1 255 253 255 182 242 255 79 255 105
    255 163 255 9 227 255 255 255 255 255 255 1 255 34 122 255 85 18 37
    255 17 255 255 243 255 132 33 255 255 81 255 255 78 84 255 34 255 93
    169 255 255 255 47 6 38 59 236 255 164 240 255 157 255 169 224 255 1
    86 255 237 255 255 219 178 255 239 255 11 47 164 236 84 255 68 255
    255 146 176 184 255 255 252 255 33 82 255 98 255 255 18 255 151 221
    177 234 255 54 210 255 255 227 255 255 255 255 255 132 35 255 255
    203 255 164 236 140 106 202 255 255 118 145 255 162 255 255 255 255
    255 88 255 144 61 255 142 255 54 0 180 17 255 165 255 161 95 255 130
    255 234 81 151 255 255 250 17 157 163 255 255 166 173 106 255 255
    255 112 126 255 95 255 255 16 213 100 255 255 255 217 255 214 106
    255 42 142 189 255 50 255 236 53 199 255 116 255 164 55 255 255 223
    37 255 255 243 255 81 255 255 180 65 255 223 114 255 255 255 215 112
    103 255 108 12 159 255 175 255 255 255 85 233 255 174 255 196 149
    189 161 255 231 255 59 223 171 83 255 255 95 55 255 134 255 107 104
    17 152 172 23 124 255 255 96 255 156 255 255 255 170 102 255 255 146
    255 255 183 255 75 227 11 229 132 125 255 172 255 73 112 255 255 183
    121 23 255 106 72 76 255 255 26 255 255 255 168 133 255 175 255 255
    255 16 255 109 255 255 190 255 255 41 255 102 91 154 251 254 255 140
    136 226 255 255 255 132 255 138 127 149 213 130 226 247 240 60 84
    255 91 59 255 255 255 23 255 23 255 209 255 255 183 255 255 227 255
    255 81 42 255 75 255 121 254 44 98 159 255 47 255 226 57 175 255 255
    143 255 225 255 229 255 193 241 23 132 208 70 255 255 255 243 94 255
    0 255 255 182 114 183 255 231 85 217 255 127 255 255 255 243 5 89
    204 255 210 77 108 255 190 122 255 255 79 255 77 255 76 255 255 93
    176 255 255 255 147 255 189 255 240 165 143 255 199 252 255 255 61
    77 82 255 255 84 227 87 141 255 108 126 255 181 6 255 102 255 255
    225 138 255 255 229 255 255 177 255 15 111 7 255 255 70 76 126 255
    255 51 3 255 95 255 255 247 129 172 65 255 255 31 255 255 182 138 26
    148 255 155 220 255 255 255 222 136 129 145 255 41 42 125 165 255
    255 31 255 49 28 52 255 255 61 138 247 255 255 255 255 146 255 255 8
    97 154 255 160 255 255 4 255 255 121 255 81 182 182 255 255 161 255
    255 182 255 255 147 255 255 248 249 95 255 255 67 17 21 146 114 255
    74 3 255 247 255 255 255 93 138 255 255 234 231 47 244 27 255 255
    255 255 248 82 164 255 40 255 255 224 255 255 88 166 255 152 255 255
    70 61 255 77 98 255 78 254 255 179 7 255 255 47 146 206 215 255 11
    255 23 255 129 255 60 255 13 255 86 255 186 133 255 239 45 26 255
    255 255 255 128 255 156 255 136 255 255 255 176 9 217 200 217 255 91
    75 91 233 255 255 247 255 255 255 255 255 168 147 208 255 145 255 24
    255 87 89 255 8 203 255 255 241 255 40 111 9 193 220 255 32 88 212
    210 255 226 13 244 23 255 151 30 255 129 31 108 192 255 134 89 255
    255 255 129 189 80 189 255 255 66 49 115 255 214 47 255 255 139 255
    193 255 143 208 213 255 255 54 255 255 243 19 234 121 2 246 255 255
    255 255 255 134 158 140 144 179 129 45 17 19 219 255 245 121 114 255
    255 255 23 70 58 163 202 129 121 255 87 255 255 255 128 249 255 154
    110 183 140 255 109 255 255 80 255 255 255 168 51 255 201 8 244 210
    229 135 255 255 20 19 255 248 255 57 71 233 255 255 194 117 28 255
    255 88 157 255 151 255 178 168 255 255 75 213 255 18 80 255 138 255
    113 230 121 197 255 255 255 255 234 255 23 9 255 244 213 255 169 255
    30 187 255 255 229 49 238 136 96 255 61 201 121 255 166 255 33 121
    255 88 14 255 255 255 183 57 105 255 255 255 45 61 255 76 119 248
    193 40 5 159 129 145 108 255 149 127 122 182 255 121 68 72 255 140
    138 28 156 255 209 3 255 139 255 255 255 212 255 118 255 127 152 98
    147 106 37 93 33 255 255 166 35 255 255 191 255 239 79 157 234 159
    110 99 128 104 255 9 79 114 133 174 212 84 59 202 255 144 64 117 180
    255 59 255 148 254 32 176 0 255 234 21 91 155 255 85 255 255 149 214
    108 8 88 255 248 255 21 26 255 75 68 60 128 121 85 255 189 78 19 83
    255 3 178 129 14 255 255 72 255 43 187 255 122 255 87 212 56 255 60
    138 255 3 159 25 255 255 127 54 157 255 58 255 15 177 255 212 102
    161 132 213 87 25 169 255 255 80 255 255 255 44 100 196 255 206 118
    255 255 74 133 255 71 51 19 111 255 248 202 245 255 142 108 255 162
    255 127 255 82 138 87 19 255 206 255 244 247 255 26 132 255 255 169
    9 229 159 44 255 10 255 255 196 255 255 118 255 255 131 107 231 255
    17 60 26 98 255 223 79 255 197 255 255 230 255 255 172 122 255 71
    255 106 239 255 255 45 255 255 141 248 21 136 255 200 255 59 74 229
    82 4 14 213 255 27 33 153 251 31 255 38 255 255 236 38 168 24 101 47
    128 101 255 4 166 255 226 184 255 255 45 255 77 233 62 192 255 57 80
    255 255 106 255 255 78 255 255 255 255 255 98 12 255 58 255 255 34
    255 164 255 135 198 11 234 51 91 96 255 255 124 255 247 217 210 40
    255 255 98 9 255 106 58 2 121 72 43 35 233 9 255 203 255 108 98 98
    255 72 255 255 255 229 255 45 30 255 135 255 255 255 189 255 252 255
    17 173 255 54 5 255 255 255 21 192 217 255 166 156 255 210 255 255
    55 255 185 104 255 9 255 101 255 34 255 255 186 243 255 255 255 255
    149 38 255 226 255 42 255 255 140 255 255 164 217 140 13 125 5 255
    74 255 25 255 255 255 156 255 255 233 192 255 133 255 166 255 255
    255 112 198 180 255 147 255 183 255 255 75 40 6 74 255 255 145 255
    255 21 171 255 255 68 0 89 187 72 40 145 140 229 170 232 68 255 255
    97 255 170 87 35 13 255 26 40 89 255 255 165 255 115 116 94 98 24
    101 255 255 255 189 155 201 255 172 61 189 21 255 64 255 10 255 210
    229 255 255 161 134 133 255 255 196 212 93 255 45 255 216 171 255
    255 101 157 135 24 108 165 79 25 255 217 255 255 255 255 17 143 93
    255 255 231 13 255 255 119 49 72 55 108 45 148 79 189 195 255 98 209
    54 191 173 255 172 146 117 77 104 42 108 64 238 255 217 255 185 13
    255 9 255 168 255 85 219 255 240 255 255 175 126 59 173 80 255 72
    255 255 102 178 113 14 255 255 255 255 176 240 255 123 1 86 255 255
    255 255 255 255 9 255 255 255 255 171 255 37 196 255 165 61 255 91
    255 178 91 198 255 68 196 219 35 255 202 230 33 117 89 255 149 84
    255 255 233 255 28 255 3 47 88 238 72 255 33 60 255 215 200 255 63
    255 145 255 255 255 255 255 18 33 255 122 100 255 50 255 183 196 17
    147 255 7 255 255 254 9 112 255 253 7 54 26 192 142 40 241 255 255
    99 255 121 255 143 193 10 192 255 216 255 225 255 5 117 255 91 62 35
    241 255 217 72 240 70 255 183 255 213 117 186 161 112 124 212 255
    255 121 255 85 59 8 255 255 255 255 21 15 77 252 255 193 219 40 53
    23 11 81 135 255 95 255 140 112 255 255 255 210 255 149 133 255 255
    87 112 255 255 255 128 152 255 162 255 21 255 103 255 255 255 255
    204 184 132 255 136 255 255 255 198 57 143 240 91 161 121 64 56 227
    146 255 255 224 112 77 255 255 200 255 255 255 202 136 89 255 255 60
    255 98 255 255 238 110 136 255 255 138 206 255 255 79 183 10 44 96
    255 255 146 230 229 255 255 255 93 173 156 96 77 255 255 255 164 74
    233 170 255 190 255 255 33 255 77 109 255 255 176 255 255 220 84 123
    28 255 255 255 255 255 135 79 157 1 233 255 92 114 64 255 255 42 255
    238 215 74 56 244 255 255 123 131 255 255 91 255 255 133 166 255 244
    255 255 255 255 255 43 37 157 92 91 255 78 255 100 223 31 68 224 255
    112 75 2 255 1 122 255 255 240 255 175 255 255 30 255 93 203 255 255
    202 255 187 193 103 140 255 191 32 94 255 206 223 255 255 197 35 76
    47 16 255 24 191 255 14 255 17 255 52 38 189 238 225 0 58 255 255
    255 66 224 205 255 185 255 81 210 255 17 255 233 255 98 250 255 62
    255 255 23 166 255 255 255 255 255 35 193 255 96 62 236 16 53 180 75
    255 255 52 49 255 147 159 186 255 255 106 177 43 11 164 255 255 231
    255 247 255 64 141 24 255 220 105 215 40 117 255 14 255 215 255 255
    238 255 227 138 255 255 223 9 255 42 255 121 85 18 105 255 236 255
    157 255 248 253 255 10 255 246 30 215 45 255 255 255 98 23 155 255
    15 16 7 255 255 255 9 255 255 248 255 128 93 255 255 255 255 10 144
    114 255 151 37 250 219 189 255 176 197 255 255 255 7 132 255 184 255
    156 163 112 255 255 255 255 250 25 255 255 181 255 255 51 158 61 77
    255 12 255 244 255 249 14 28 93 143 255 36 65 28 255 53 215 255 55
    168 255 94 63 178 27 145 255 34 255 13 255 215 183 179 255 255 209
    255 249 74 255 229 94 59 255 61 175 255 223 255 255 87 254 206 204
    122 255 3 255 132 255 119 174 182 73 117 255 245 255 255 149 255 255
    128 255 91 255 115 206 255 255 75 107 255 255 255 206 230 35 255 132
    108 255 255 255 255 9 30 255 204 255 183 98 98 83 255 255 232 146
    255 255 158 255 125 255 63 66 48 255 255 255 152 255 131 255 214 37
    255 134 255 30 59 33 255 255 97 182 255 109 198 253 241 12 225 255
    255 43 255 5 255 102 255 255 255 68 255 51 75 255 255 255 255 148
    255 255 60 205 4 47 219 157 141 255 255 55 255 255 170 56 2 48 255
    255 255 255 43 166 255 255 255 255 255 255 255 255 151 52 121 255
    255 255 160 171 168 255 16 248 231 255 9 68 73 231 10 49 255 202 196
    255 72 255 255 255 255 255 255 255 195 139 255 255 229 196 255 27
    255 95 33 255 87 6 58 255 255 44 255 255 5 193 255 82 255 255 255
    255 220 255 255 255 110 255 229 255 255 99 255 255 173 42 255 97 101
    215 230 255 96 47 255 255 78 255 144 98 198 147 255 255 255 133 255
    255 255 255 255 255 129 255 255 80 255 169 255 6 203 245 17 78 65 83
    158 255 121 255 255 255 185 254 255 143 252 255 255 96 180 89 238
    255 20 255 176 255 26 255 212 210 193 55 255 255 255 255 193 62 58
    255 31 215 178 255 255 6 255 255 255 102 255 19 255 44 255 126 255
    255 255 248 77 163 255 172 136 255 200 146 250 255 255 196 155 58
    255 255 118 140 255 255 255 255 207 121 119 158 255 36 255 72 255
    255 255 132 255 255 72 247 250 232 255 86 8 255 255 34 165 114 255
    255 117 191 60 255 255 255 255 255 62 255 132 254 42 38 255 2 57 255
    115 255 26 149 255 106 189 249 148 145 255 255 212 85 193 255 255
    162 58 2 255 255 255 202 26 202 255 255 255 202 149 255 126 255 138
    255 255 142 255 240 225 71 161 255 185 77 64 40 44 255 255 44 189 94
    86 204 255 248 81 213 255 255 180 152 255 112 255 21 162 255 134 6
    245 163 180 255 255 255 19 255 255 255 255 102 58 255 255 2 255 255
    163 255 152 255 140 38 31 255 142 75 236 75 133 206 17 255 242 58
    145 255 255 70 176 37 208 255 255 255 119 116 255 123 223 255 85 237
    58 202 255 210 255 237 255 136 219 173 251 182 255 255 82 255 255 95
    255 255 229 255 255 255 255 255 255 56 227 77 210 255 255 255 59 255
    255 106 55 24 255 255 255 234 88 255 215 255 255 255 255 101 149 255
    255 255 255 255 255 248 187 255 169 255 108 255 219 255 85 52 60 41
    107 102 255 16 255 11 65 93 3 255 255 244 255 255 101 98 255 255 142
    255 111 149 15 243 255 74 45 21 255 149 255 255 6 255 255 146 42 13
    255 49 255 165 215 246 65 117 251 255 255 153 13 255 136 78 70 15
    109 255 255 255 255 60 193 255 255 237 110 227 74 124 185 255 255
    159 255 187 255 255 255 255 236 133 9 106 241 28 11 93 255 247 14
    255 101 30 255 247 255 255 227 255 32 13 213 255 89 255 255 202 73
    225 145 38 255 7 255 25 254 255 129 255 150 210 224 168 79 243 255
    231 255 149 36 230 255 104 255 208 255 33 124 255 180 19 51 216 143
    255 255 255 255 189 159 198 255 161 47 220 142 93 58 255 214 81 7
    240 163 110 197 255 142 238 28 255 144 35 255 113 24 175 159 152 229
    197 255 66 168 26 255 255 61 124 66 33 59 234 255 112 255 255 30 255
    159 255 255 236 255 255 55 26 255 255 161 181 28 255 193 255 255 255
    255 28 255 30 3 255 163 255 255 116 215 255 255 255 125 255 255 255
    255 42 9 207 31 25 106 255 255 204 5 255 255 255 140 236 173 83 253
    255 255 255 255 255 114 98 255 190 215 142 255 255 255 33 248 255 38
    80 200 87 215 255 190 243 174 255 255 255 255 255 149 133 16 223 255
    126 117 255 152 204 180 107 255 255 255 153 152 255 79 233 224 255
    64 255 255 255 119 255 255 255 255 122 255 121 207 94 85 148 227 255
    166 255 180 251 255 246 124 75 60 38 255 170 126 255 255 0 255 83
    131 105 255 190 255 229 255 255 255 177 255 255 142 42 4 243 255 255
    91 255 77 226 255 255 255 194 45 45 255 255 180 255 64 35 255 132
    255 255 25 34 187 176 196 255 185 175 84 102 65 255 151 13 100 57
    255 255 42 220 189 40 10 112 255 14 238 255 51 87 255 82 7 255 234
    93 255 224 255 255 51 255 255 214 255 255 45 173 62 98 40 255 108
    255 255 163 23 83 37 255 255 30 255 176 141 255 255 255 75 149 255
    229 170 71 255 172 185 255 255 255 255 129 199 226 255 43 131 155
    236 255 255 255 255 246 230 255 147 255 173 248 255 16 106 255 143
    163 229 252 159 229 89 255 204 255 157 152 152 255 255 255 255 88
    152 185 41 136 104 45 255 64 255 149 206 13 182 255 255 255 255 54
    114 229 129 255 255 17 38 53 255 255 104 159 238 255 82 45 255 172
    121 62 255 220 43 226 255 43 55 19 255 55 255 102 47 255 231 236 199
    255 72 65 255 223 26 45 112 255 95 11 21 197 255 84 2 255 255 255
    192 255 206 135 121 49 237 255 255 255 91 255 128 98 0 255 255 255
    255 255 255 89 93 166 255 255 255 176 170 255 23 255 255 91 166 181
    255 255 255 255 255 229 84 255 255 172 115 185 162 255 45 132 255 60
    190 255 153 210 5 255 255 255 0 255 185 70 99 255 246 106 255 225
    255 154 191 255 212 157 0 255 255 129 205 138 18 255 219 102 226 255
    196 255 89 255 236 106 196 255 197 98 94 255 255 191 142 237 255 255
    176 255 255 84 255 255 255 255 155 255 112 187 115 255 200 151 199 2
    255 255 255 255 126 113 255 107 248 7 159 93 149 255 255 226 255 255
    227 222 149 105 189 255 84 255 81 190 255 255 160 255 255 255 245 0
    43 255 255 189 255 77 203 136 255 255 255 255 255 255 255 187 189
    255 213 47 6 50 255 255 196 108 255 88 108 176 44 255 102 255 255
    255 255 248 255 255 222 255 35 192 255 255 198 255 4 180 255 77 255
    28 255 66 255 139 168 38 220 255 168 255 72 255 101 220 255 48 201
    168 221 222 255 255 215 255 255 9 255 255 142 255 87 65 255 255 173
    255 255 72 255 88 161 164 255 198 15 255 28 219 165 163 11 67 168
    242 176 49 21 255 255 13 165 184 255 203 100 255 160 215 255 155 255
    255 255 255 17 71 129 144 149 255 255 187 156 168 47 255 255 255 219
    215 34 65 121 234 255 255 255 31 183 106 255 110 24 255 15 6 255 255
    102 255 255 26 17 95 255 255 255 156 255 127 185 255 172 94 49 183
    206 142 255 18 212 255 142 233 255 61 255 170 149 247 168 255 107
    223 255 255 255 102 255 26 247 255 70 158 178 104 31 212 255 255 77
    91 251 255 181 152 255 74 255 255 255 158 255 117 155 9 191 159 35
    255 255 255 183 255 255 155 68 255 255 51 255 117 179 171 234 255
    189 255 255 189 72 160 159 9 55 77 53 233 255 255 255 255 146 176
    255 255 94 114 255 62 255 255 168 210 172 255 255 108 168 37 93 255
    210 19 114 61 45 214 255 30 160 208 60 10 212 255 151 255 87 155 84
    89 16 255 255 255 166 255 255 192 2 209 255 255 48 255 255 6 236 255
    80 219 255 255 103 68 220 161 255 255 255 231 229 108 255 255 255
    227 255 164 215 255 255 157 41 255 255 255 248 221 214 94 255 51 255
    255 230 196 170 234 255 11 53 16 253 255 133 255 213 2 255 199 51
    144 81 189 89 255 89 255 196 220 255 255 220 255 67 52 89 255 255
    255 6 77 255 116 255 102 223 173 255 255 59 255 255 12 255 109 255
    83 68 157 255 251 233 255 24 255 161 55 243 83 255 28 255 104 255
    255 187 255 255 255 30 249 141 114 255 136 255 255 255 255 255 255
    238 11 1 56 168 44 56 255 159 250 151 255 115 255 255 255 191 112
    121 106 60 255 255 115 171 255 156 255 255 109 28 172 27 255 232 255
    72 66 236 236 255 255 86 255 255 91 127 202 255 208 204 9 149 3 255
    255 255 255 255 255 247 255 255 255 178 89 210 255 99 255 255 192
    255 42 255 112 246 80 255 255 255 145 217 30 61 255 209 119 166 254
    255 23 255 93 144 114 70 96 243 56 255 64 80 60 17 107 229 37 236
    255 182 255 236 180 24 223 197 255 255 128 79 153 255 254 115 173
    255 255 4 42 221 61 164 255 204 222 255 255 255 112 138 255 166 124
    131 255 255 255 38 255 220 255 23 255 255 255 40 255 195 108 225 135
    255 96 203 255 170 57 26 30 255 138 181 108 65 76 255 96 255 31 86
    112 187 255 255 255 149 119 64 82 81 27 147 38 153 255 11 255 152 81
    255 77 242 179 217 76 255 252 255 9 173 255 255 23 149 67 98 255 203
    175 208 119 173 34 243 255 55 255 12 255 255 255 255 102 12 217 92
    248 255 255 70 112 81 30 255 175 103 36 192 255 123 255 16 161 57 87
    255 78 157 11 255 255 255 159 255 229 17 194 77 255 255 163 175 255
    255 255 70 40 138 115 144 148 255 255 13 255 74 255 35 255 255 82
    113 255 255 55 138 201 136 50 255 255 75 255 255 55 205 255 21 213
    125 255 255 193 109 45 102 1 47 255 255 189 153 255 129 255 195 255
    89 213 255 229 210 255 255 251 140 255 241 2 87 247 77 255 14 229 19
    40 255 232 195 255 77 68 255 121 176 79 93 125 149 255 255 10 255
    255 163 32 255 212 174 255 192 214 255 138 255 38 79 198 135 56 23
    28 206 255 131 255 255 255 255 255 155 255 172 230 255 255 45 255
    229 114 255 255 243 185 255 172 255 255 255 136 57 255 255 30 153 16
    255 255 117 15 118 229 130 255 255 36 255 61 255 255 16 200 255 147
    255 70 47 255 202 255 174 125 54 55 132 194 221 255 94 255 255 255
    136 165 255 255 43 255 23 80 9 30 133 255 255 255 201 255 57 26 255
    248 107 134 207 38 255 255 255 255 133 255 127 202 255 255 119 231
    51 255 175 232 92 40 168 48 65 159 45 255 89 148 96 255 255 3 255
    255 149 255 177 86 255 255 255 119 255 255 255 77 255 255 173 255
    255 255 121 238 255 255 255 98 47 255 61 255 153 162 24 255 255 220
    174 255 255 255 142 255 198 27 255 255 173 255 255 152 255 255 193 2
    185 197 255 255 255 93 6 121 173 85 89 63 255 78 255 117 170 255 255
    98 255 106 236 255 255 255 255 57 216 255 215 247 70 9 60 255 255
    255 255 255 153 205 255 112 255 255 255 255 255 43 255 25 44 255 255
    255 255 255 244 9 249 255 66 255 58 77 255 255 84 62 60 233 255 229
    255 32 255 124 255 255 215 210 255 255 255 53 112 255 214 255 255
    255 255 255 159 16 255 17 255 255 255 133 255 255 166 255 217 255
    255 255 201 255 45 194 255 16 255 191 151 173 234 255 255 255 85 236
    161 54 255 255 253 255 123 255 119 87 234 136 72 241 255 76 139 255
    255 169 38 255 255 129 255 213 77 242 17 255 255 255 16 214 1 136
    255 101 87 255 255 255 255 255 255 117 40 87 17 163 89 49 219 255
    146 50 114 159 18 255 255 175 149 174 255 187 255 3 255 255 169 255
    49 189 255 51 255 255 11 61 19 255 3 255 98 94 255 255 255 238 255
    62 145 255 74 187 255 13 70 100 7 241 74 255 255 130 253 255 181 183
    255 255 9 5 144 210 77 100 116 175 255 162 182 255 255 255 242 4 208
    204 71 255 23 17 152 6 31 7 255 58 110 255 255 220 214 95 145 104
    255 229 87 255 255 255 241 255 81 17 229 255 255 119 255 255 175 68
    217 87 255 255 164 255 31 180 0 255 196 255 216 161 28 84 121 255
    255 96 13 255 255 72 50 164 255 255 255 255 74 3 255 35 72 77 255 47
    255 65 255 55 35 110 255 152 59 253 6 205 153 255 255 255 177 255
    255 189 255 255 116 255 255 246 240 255 255 129 115 255 3 255 255 2
    223 216 52 115 99 255 255 20 255 255 146 58 62 255 255 36 255 255
    255 255 255 163 255 75 255 141 103 25 112 255 25 61 255 255 189 128
    255 20 210 96 255 101 123 60 255 255 54 87 47 0 255 43 255 255 255
    149 177 217 11 94 49 88 229 9 255 19 255 233 215 40 255 255 51 255
    198 74 255 194 191 106 133 255 138 110 208 255 122 62 180 255 255
    244 255 47 213 196 83 255 255 255 91 255 34 212 255 40 21 131 255
    200 255 212 119 38 170 210 45 255 11 255 100 168 255 193 255 255 217
    94 3 255 78 255 11 254 108 11 255 86 121 45 255 198 105 89 104 220
    196 96 255 52 255 82 255 255 217 121 255 179 26 85 255 24 255 255 52
    198 187 255 62 163 10 6 37 243 255 179 136 234 255 0 255 255 255 125
    172 215 255 255 255 183 234 119 15 53 255 255 169 255 255 233 31 231
    255 154 255 255 17 217 180 184 255 64 107 43 85 231 2 214 255 187
    180 107 17 92 255 248 104 255 163 255 255 255 27 255 57 116 255 130
    255 192 255 88 145 255 226 47 57 153 203 9 255 231 255 3 255 255 255
    154 255 255 191 191 152 124 113 255 255 255 240 243 255 111 124 255
    158 138 255 24 231 38 104 91 255 255 254 142 213 255 255 255 255 255
    94 255 255 118 255 4 212 199 170 70 255 132 11 205 255 255 42 32 108
    255 113 152 10 15 16 255 255 74 0 174 62 7 98 71 154 76 250 33 255
    155 255 125 30 189 15 158 255 255 33 255 17 138 255 164 65 138 255
    255 87 62 135 255 59 255 161 98 204 255 255 97 31 236 89 217 255 111
    38 255 255 3 255 255 126 255 85 198 234 80 26 197 241 255 255 146
    163 255 213 219 255 81 255 129 255 255 255 80 255 255 87 208 172 170
    79 255 62 194 166 70 189 255 64 9 255 152 3 255 158 226 251 48 255
    255 255 140 255 185 177 255 102 198 89 85 68 110 255 37 110 78 236
    121 217 234 255 243 255 189 255 255 255 37 255 255 186 206 255 37
    255 255 132 10 8 255 255 255 255 35 255 89 255 255 255 213 30 255
    143 255 255 255 13 81 154 229 255 255 227 92 100 30 255 126 170 255
    255 255 255 40 255 255 119 255 248 178 57 111 255 255 48 54 197 183
    185 255 31 255 255 255 108 8 34 82 255 255 5 42 244 255 76 16 255
    121 20 255 0 255 42 255 78 255 248 255 177 38 136 255 85 6 80 255
    199 255 236 255 208 119 213 12 172 142 201 68 255 241 32 255 93 102
    206 255 45 202 240 255 236 255 202 255 255 83 255 255 255 173 44 53
    255 255 255 255 252 255 68 236 255 102 255 255 227 255 255 255 178
    123 91 54 255 33 66 255 57 135 36 255 255 210 168 129 255 20 30 68
    255 24 129 47 84 255 74 255 255 116 222 185 255 255 255 108 255 155
    99 255 255 17 255 206 1 103 95 243 112 255 115 7 123 195 157 255 255
    255 255 124 243 168 255 227 255 204 255 136 114 129 62 138 255 91
    109 255 255 255 33 255 255 255 255 176 255 255 102 255 255 231 255
    38 89 35 255 58 255 191 3 255 191 255 72 225 237 255 6 255 248 8 237
    234 255 165 255 229 88 75 98 255 56 255 13 166 206 122 255 106 210
    168 210 43 173 255 3 255 255 30 47 255 255 255 13 132 227 4 163 254
    255 255 255 30 255 173 202 3 255 255 255 131 255 88 255 255 203 115
    172 142 255 210 43 12 255 45 255 255 180 161 149 131 243 45 71 255
    134 163 75 51 40 255 255 240 255 212 255 255 210 192 255 180 77 255
    25 101 255 255 255 136 25 50 93 138 172 45 129 255 35 208 241 255
    255 255 101 208 125 178 255 199 205 117 133 21 255 48 40 85 122 201
    255 11 87 164 230 255 189 255 255 255 255 255 110 255 255 200 241
    248 255 99 196 255 195 255 127 255 255 255 255 107 87 255 75 185 16
    65 240 16 255 227 71 255 255 182 255 83 209 196 255 255 255 70 226
    184 183 255 119 255 95 105 104 229 255 176 67 122 255 143 56 255 116
    143 255 189 255 255 255 224 255 196 255 255 58 145 172 48 163 59 173
    170 255 60 45 255 255 112 255 51 159 214 24 255 255 129 224 255 26
    17 223 255 217 255 255 255 249 97 16 204 163 243 255 115 255 255 149
    255 121 51 98 142 44 255 28 85 110 221 255 184 85 95 156 9 116 35 77
    92 142 146 255 255 79 99 140 255 255 26 255 106 255 77 141 84 249
    255 255 255 214 140 157 250 220 255 255 23 255 13 65 225 255 163 255
    254 17 251 180 233 87 50 21 255 255 255 255 255 96 255 255 255 255
    253 68 129 255 255 206 255 89 161 45 255 15 13 54 255 23 114 255 112
    100 236 255 192 163 255 255 13 255 194 45 10 131 255 91 255 255 223
    33 130 255 255 255 23 119 255 255 234 255 255 205 115 50 178 255 128
    255 2 165 122 125 14 240 255 255 255 255 88 94 255 255 206 255 217
    206 40 136 255 110 255 149 2 246 101 93 60 65 255 175 255 255 255
    217 96 122 5 255 255 255 98 255 192 142 65 182 255 112 255 255 243
    65 255 255 33 140 136 255 136 255 184 17 112 255 255 27 121 183 227
    255 255 186 255 255 255 252 95 40 255 255 199 255 185 141 12 255 255
    100 255 16 255 255 185 77 255 14 255 181 255 100 161 255 173 15 121
    208 9 82 236 172 151 54 255 160 16 255 244 170 255 82 255 215 6 91
    206 143 255 161 182 135 255 65 131 157 112 234 255 255 52 123 255
    255 164 80 7 32 124 177 255 87 255 255 95 255 95 199 255 255 92 255
    255 172 56 129 255 255 255 255 255 255 255 255 38 255 255 255 28 156
    255 108 255 164 255 231 255 246 254 15 187 65 215 53 255 255 255 255
    164 255 255 255 255 255 255 254 255 161 255 255 232 250 7 89 116 145
    249 255 229 72 60 70 43 255 255 100 44 208 64 26 255 255 23 255 161
    223 255 255 125 122 227 246 255 57 255 234 13 255 247 255 255 93 255
    148 255 255 114 252 255 255 255 144 45 254 102 129 187 255 169 255
    234 255 147 255 41 14 255 255 255 2 38 70 66 75 44 255 72 255 17 35
    100 255 255 37 255 142 93 87 109 0 100 142 255 255 255 112 253 70 12
    255 255 101 187 255 255 79 162 255 30 95 196 255 186 255 129 115 56
    255 255 128 214 62 73 255 255 23 170 224 107 15 37 128 53 131 255
    255 255 255 51 255 72 255 226 219 140 255 171 255 62 145 255 185 255
    108 255 255 195 237 182 166 70 170 255 206 19 9 111 3 255 131 255
    255 255 143 255 248 61 2 35 199 149 6 227 255 175 86 255 31 255 231
    223 103 255 67 255 208 255 255 255 190 250 96 21 255 59 60 247 242
    26 175 180 255 255 217 186 84 255 44 54 87 60 229 255 50 51 255 118
    140 104 254 255 255 177 212 96 241 255 77 177 194 2 255 255 106 128
    224 255 193 100 255 193 245 164 224 26 178 11 80 255 179 255 149 109
    17 210 68 255 255 255 117 255 255 255 163 255 96 187 255 255 255 207
    255 255 255 166 255 16 255 26 230 121 238 255 47 178 255 238 242 255
    254 234 255 255 110 217 255 195 34 255 112 106 255 132 255 255 91
    105 255 74 216 159 206 1 255 255 175 128 255 219 126 130 255 63 68
    196 107 255 200 255 159 112 255 255 70 159 255 180 87 255 175 66 106
    16 255 210 255 255 208 255 73 255 55 255 68 159 203 221 253 255 112
    255 255 255 28 255 98 255 212 74 255 255 6 60 229 125 255 255 255
    168 84 144 255 255 255 166 255 255 95 255 11 255 56 255 163 94 255
    129 255 242 255 112 255 255 56 255 192 212 255 30 135 0 255 10 110
    21 255 151 193 255 238 255 255 255 16 110 138 47 213 255 255 233 255
    255 255 215 255 255 113 255 255 255 31 255 181 254 40 255 255 255
    255 30 49 251 212 255 255 255 219 255 237 136 255 255 10 223 13 31
    255 122 224 36 255 255 210 183 234 255 176 255 255 195 255 229 187
    255 38 255 255 9 255 98 174 112 198 255 31 255 4 67 255 255 255 255
    255 21 37 255 255 0 210 255 30 255 255 255 204 68 255 236 108 10 255
    47 255 36 16 40 100 236 255 255 255 189 110 221 147 21 122 94 223 75
    255 72 255 236 248 138 21 98 217 255 47 87 255 255 255 5 255 124 255
    255 203 245 255 255 220 255 251 255 255 13 87 112 165 58 255 136 255
    142 148 255 193 255 175 110 132 68 255 41 255 255 64 255 255 136 3
    125 162 40 255 246 100 255 250 255 55 255 255 255 84 203 142 255 205
    255 224 154 255 74 187 6 170 255 255 255 185 255 210 136 170 241 255
    255 165 255 19 255 175 255 255 147 117 255 24 255 67 255 178 247 16
    242 58 184 251 197 196 21 47 56 28 199 255 255 82 107 255 204 255
    189 27 248 255 111 105 146 255 178 223 255 213 200 255 170 255 220
    42 255 135 212 255 151 12 255 246 255 191 14 229 255 124 255 255 243
    227 255 47 254 77 255 121 59 255 255 25 255 247 255 255 255 255 255
    255 225 78 35 74 4 255 255 255 255 255 229 255 255 221 252 15 255 63
    255 62 133 170 255 255 206 170 226 198 23 219 255 139 255 255 177
    255 8 114 7 255 255 131 255 231 173 255 13 255 255 27 255 19 226 177
    43 141 255 34 239 255 255 255 192 147 162 154 134 203 124 204 37 255
    214 101 142 32 255 255 183 255 145 66 125 51 229 165 227 62 255 255
    178 255 255 255 255 255 26 37 54 117 145 255 166 125 255 255 254 255
    102 142 255 149 255 236 255 111 255 255 255 255 102 217 75 255 177
    255 229 255 79 25 255 255 255 255 84 255 35 255 40 114 255 79 92 255
    255 255 255 136 148 198 255 119 2 255 94 108 125 121 255 121 244 255
    142 255 255 255 255 182 255 255 255 255 255 255 255 183 191 221 20
    255 123 255 255 255 64 210 255 149 131 240 55 255 13 125 255 77 236
    255 215 133 255 149 255 135 221 248 208 223 255 255 255 255 73 8 177
    68 255 53 255 147 65 212 255 9 255 166 67 196 202 255 194 255 149
    238 255 186 255 255 50 182 255 255 255 255 255 161 129 92 82 132 241
    84 255 109 255 255 193 171 255 138 255 106 255 89 43 141 255 255 229
    255 113 31 138 255 207 94 77 41 255 227 255 255 255 122 255 8 255
    255 255 227 255 255 255 98 153 70 255 242 18 201 85 193 187 255 98
    129 244 230 112 13 255 173 66 189 65 255 166 30 166 153 255 217 212
    222 83 189 152 255 37 255 225 143 234 172 255 145 146 135 255 38 255
    192 255 255 255 255 223 255 25 255 112 255 122 170 255 7 255 164 14
    255 164 165 157 255 44 255 2 112 63 96 255 185 255 151 255 255 255
    143 166 255 255 176 255 24 255 17 87 255 176 255 104 53 255 189 62
    255 87 190 16 255 255 255 255 88 119 42 101 255 255 255 255 255 45
    255 255 170 255 206 255 189 255 89 255 255 14 255 155 255 51 255 254
    149 132 255 70 255 207 255 146 255 93 255 226 255 255 85 255 255 233
    255 255 255 255 255 172 255 221 53 255 223 128 255 198 26 121 189
    172 105 255 255 157 255 84 255 255 246 45 72 255 255 255 255 255 255
    214 255 17 255 63 204 226 177 255 109 234 17 23 121 15 255 255 168
    74 145 34 101 255 9 255 23 246 255 255 19 202 65 214 255 49 121 193
    35 185 125 255 57 149 191 255 105 231 255 255 201 217 176 19 255 255
    128 138 210 255 202 248 250 200 124 255 181 64 255 255 108 255 255
    255 51 255 196 222 255 70 44 217 255 122 244 31 86 134 109 37 255
    195 192 255 189 252 255 87 149 138 255 93 11 197 255 8 229 82 157
    255 241 255 47 217 115 255 255 89 255 10 255 255 152 255 102 168 64
    102 89 95 255 117 255 255 254 136 31 184 119 255 255 255 255 178 255
    106 255 155 67 222 45 255 143 240 47 194 255 255 255 255 34 255 49
    255 255 42 255 255 36 84 98 255 54 255 68 255 255 0 255 75 255 20 42
    255 255 0 255 255 255 21 255 255 123 212 9 255 255 30 255 67 255 255
    255 152 134 255 91 255 77 255 255 220 255 43 97 124 2 255 105 149
    148 2 4 108 124 255 18 63 17 58 147 255 224 166 161 255 247 210 11
    65 255 255 255 255 255 255 255 255 73 149 179 45 249 255 255 255 65
    250 255 81 215 246 255 255 51 255 255 255 255 234 255 1 215 255 112
    255 168 60 91 225 255 231 51 58 145 255 95 219 244 116 255 255 11
    255 255 213 255 255 204 194 164 58 112 89 125 147 43 195 248 87 1
    252 15 101 255 255 151 255 206 187 145 255 255 24 253 196 255 255
    255 217 38 226 199 255 255 255 255 108 255 60 233 255 255 24 255 72
    255 213 242 255 255 212 169 255 255 61 103 255 169 163 255 26 63 255
    122 255 181 255 255 255 135 255 255 255 255 255 94 255 255 255 255
    189 108 255 110 45 255 144 190 103 255 156 222 57 255 255 255 255
    255 180 243 255 248 255 5 255 172 255 214 255 255 47 67 255 255 139
    252 246 112 215 255 138 255 255 240 247 255 109 255 108 255 255 212
    62 184 231 162 47 255 190 255 170 185 255 255 199 220 255 60 89 255
    255 227 70 139 255 2 255 52 59 75 255 83 64 89 149 255 255 255 84 79
    79 82 68 255 186 224 108 255 255 255 21 255 255 255 117 255 95 119
    255 220 191 130 87 163 72 255 86 255 255 196 255 51 255 181 146 129
    153 10 240 168 109 80 129 14 205 242 124 42 85 255 255 255 54 255
    255 255 255 57 255 255 255 51 255 229 94 255 187 255 255 83 255 128
    38 148 212 68 243 184 197 233 220 255 142 255 255 213 229 202 118
    255 17 14 45 183 104 255 255 236 245 181 168 131 255 255 3 255 255
    255 159 183 58 255 255 121 255 61 255 91 7 164 255 219 255 215 203
    112 255 53 129 255 94 255 255 7 255 181 255 255 180 68 255 26 99 40
    208 255 255 255 255 255 255 255 255 200 255 255 255 255 255 62 106
    45 219 255 255 96 255 191 255 163 255 255 255 77 106 255 98 255 255
    255 255 255 198 255 255 178 251 17 140 34 10 203 197 255 82 155 156
    255 255 26 189 255 255 255 255 255 182 255 40 255 255 237 84 51 195
    255 255 169 191 255 99 255</data></your_img>
</opencv_storage>
