<?xml version="1.0"?>
<opencv_storage>
<L2_diff>4.3194997395531809e+03</L2_diff>
<test_img type_id="opencv-matrix">
  <rows>100</rows>
  <cols>100</cols>
  <dt>"3u"</dt>
  <data>
    111 108 158 60 107 249 71 181 170 154 97 46 28 101 64 254 227 208
    123 4 7 72 8 85 215 147 63 12 28 255 5 13 179 106 168 199 164 108
    133 164 117 65 50 100 77 203 155 108 141 54 209 126 208 121 73 74
    133 69 36 70 6 185 17 0 165 13 189 119 19 135 85 253 206 106 93 18
    245 106 79 166 34 248 144 241 211 244 66 33 193 105 120 195 15 222
    89 82 74 134 160 227 252 79 69 4 129 114 99 164 60 144 13 11 87 225
    123 235 189 82 28 226 68 163 247 33 66 25 207 0 212 209 9 103 7 2
    124 214 210 207 68 1 170 145 185 13 101 104 165 214 8 78 255 239 48
    135 67 223 37 152 117 131 103 243 9 190 54 207 87 115 224 171 34 125
    184 246 203 7 163 93 1 159 150 54 240 183 107 213 152 109 86 247 51
    66 31 29 31 71 56 220 77 66 146 2 244 105 218 103 192 210 11 251 17
    201 235 162 220 10 152 114 111 66 68 176 155 47 204 152 103 146 117
    120 129 48 186 143 103 129 150 250 111 216 164 41 174 58 116 30 38
    150 111 76 183 178 78 4 163 198 87 39 136 25 137 73 144 93 217 18
    140 93 107 153 228 8 26 59 78 132 86 5 239 47 13 3 221 110 11 145
    126 83 170 121 63 250 153 199 84 68 70 107 210 189 101 79 49 66 22 1
    143 193 132 181 155 177 72 153 117 110 176 166 209 239 10 217 19 98
    62 211 185 131 130 189 80 109 105 79 43 145 217 253 62 24 58 188 205
    139 16 207 156 159 175 50 181 220 196 21 134 77 188 212 233 242 107
    26 216 175 201 20 140 132 168 110 126 217 115 208 155 223 242 242
    231 132 62 99 103 246 70 118 142 152 165 219 120 231 26 44 52 65 23
    44 244 163 176 77 122 53 27 60 31 160 26 131 247 123 224 20 10 158
    160 233 205 173 24 230 4 131 45 200 158 139 142 104 189 53 143 99 43
    43 71 252 127 179 153 8 229 136 79 239 252 238 189 171 157 23 235 0
    214 40 126 129 114 83 70 54 40 160 164 199 180 74 215 212 238 112 49
    22 254 182 145 37 20 196 124 255 114 219 13 0 243 200 53 197 131 66
    170 92 81 49 217 123 89 34 89 201 157 212 195 121 61 57 194 170 167
    175 207 107 213 224 185 46 78 11 44 202 172 62 153 115 185 176 153
    151 96 134 248 128 108 204 78 202 115 113 198 203 47 85 27 203 105
    51 46 197 237 97 123 181 183 14 57 62 151 206 240 21 69 37 204 86
    148 218 164 111 180 7 143 155 138 65 32 21 60 1 106 180 242 186 222
    140 136 64 128 195 186 195 9 102 250 57 109 219 65 171 40 167 121
    248 151 51 79 73 230 200 39 105 209 171 239 5 66 29 54 17 78 81 109
    194 93 6 153 129 132 65 221 162 30 240 34 106 25 166 137 109 64 72
    175 1 169 10 194 11 98 254 236 216 116 185 38 181 53 103 34 227 87
    229 246 154 184 43 0 29 19 106 119 203 91 214 123 191 106 160 110 12
    91 163 32 40 254 209 229 151 186 251 154 179 4 3 121 169 164 70 11
    183 172 95 117 105 190 127 105 95 202 72 139 108 132 201 210 16 241
    185 231 12 4 212 148 104 78 130 77 189 133 83 7 101 189 167 226 228
    46 193 51 89 159 148 0 120 154 132 32 219 143 2 209 104 210 40 214
    233 171 60 121 213 100 221 8 178 26 160 148 140 140 250 194 58 136
    183 72 131 191 50 68 99 241 203 153 68 195 207 113 48 147 128 77 51
    195 30 231 52 24 101 169 29 21 58 235 254 234 213 148 172 234 215 82
    152 196 215 172 118 36 50 35 7 225 180 180 141 201 240 76 237 94 72
    0 137 172 120 62 59 230 108 73 80 46 99 8 94 108 172 219 48 190 232
    5 70 107 121 95 139 49 47 235 42 244 202 165 60 187 191 160 247 45
    111 65 104 219 200 192 68 178 189 50 56 147 7 209 50 189 54 196 77
    210 78 159 172 154 160 203 122 92 230 90 232 203 62 90 130 90 140 21
    251 252 252 171 92 64 97 12 119 194 27 181 184 228 147 254 120 211
    33 92 37 249 127 239 70 159 203 89 62 145 5 43 146 36 184 250 107
    239 251 154 235 50 227 1 20 78 176 181 192 89 213 223 208 137 122 6
    44 237 82 231 227 151 17 31 135 84 155 45 196 62 27 141 105 4 204
    138 51 28 89 168 43 213 135 232 14 247 146 93 113 58 55 187 30 134
    78 224 206 178 220 231 19 66 250 209 249 35 216 134 143 32 64 184
    203 88 12 13 137 183 87 219 132 14 186 7 150 0 221 135 179 47 68 66
    130 210 232 157 180 245 192 50 89 218 250 10 160 113 91 149 193 11
    137 51 230 169 58 112 9 27 146 227 203 39 53 48 30 242 25 192 116
    125 198 93 201 117 25 102 131 214 241 228 252 251 165 140 189 67 245
    175 193 91 173 4 152 99 97 112 76 197 66 212 228 68 150 183 150 26
    116 234 154 19 194 155 12 217 105 9 123 178 16 238 194 104 18 223
    176 60 212 115 49 128 99 225 191 61 215 188 84 121 218 177 32 127 63
    98 92 6 252 89 98 170 55 10 211 251 112 34 244 227 161 116 157 62
    236 195 236 222 45 245 207 88 17 139 47 170 183 116 241 15 105 134
    162 165 194 182 160 45 221 158 80 121 226 168 55 71 128 34 190 67
    219 102 84 239 249 172 168 182 186 18 215 14 3 75 139 61 238 29 148
    177 13 99 156 96 167 90 208 228 87 139 250 247 3 150 247 3 179 34
    228 169 200 104 58 210 75 130 196 250 36 187 97 78 1 177 56 188 181
    98 235 25 80 96 110 99 180 37 97 222 246 160 23 73 19 152 90 194 196
    70 231 187 118 114 26 206 198 173 140 120 221 2 73 120 60 181 62 48
    159 203 241 80 225 34 26 254 221 167 95 228 40 66 114 71 19 68 89
    223 151 98 197 172 56 6 149 120 29 229 139 198 123 99 34 202 255 34
    158 149 255 87 122 104 170 74 166 165 106 12 133 60 123 150 183 47
    253 81 82 71 77 181 116 18 73 68 200 85 89 135 23 100 25 244 88 220
    155 199 21 173 169 120 220 75 75 6 181 74 109 157 134 106 206 42 104
    214 228 30 158 40 245 96 37 6 32 197 162 13 193 206 108 3 214 197
    236 28 193 189 189 180 166 149 86 54 237 154 95 238 143 9 170 53 107
    80 175 163 12 136 81 215 215 81 122 170 143 163 34 51 237 101 28 210
    3 218 111 15 34 54 42 54 7 113 235 193 14 109 39 109 1 198 52 165
    158 87 186 248 227 141 63 7 213 110 105 160 56 16 109 175 143 37 222
    224 1 220 129 33 23 221 116 125 243 160 55 233 247 136 223 28 124
    129 163 113 182 181 249 196 191 3 3 185 38 176 148 23 111 78 176 72
    178 222 102 241 113 84 110 186 219 108 221 28 163 252 108 104 123
    142 15 106 196 145 61 198 139 210 219 179 124 181 115 65 125 135 161
    197 126 238 239 222 98 117 65 255 41 30 65 244 45 166 210 212 127
    116 108 48 31 109 235 86 126 78 251 129 50 98 119 248 31 207 252 247
    215 64 139 101 52 253 230 254 102 11 53 91 188 198 195 168 186 111
    54 174 66 189 194 45 156 201 249 68 17 48 125 52 33 131 140 5 248 39
    56 254 113 246 15 193 77 172 65 203 94 198 92 16 99 12 146 42 51 178
    185 40 103 181 255 210 27 229 250 180 88 90 167 110 37 109 161 53
    246 23 236 164 209 186 8 40 72 172 242 1 110 241 164 56 171 138 196
    251 17 92 80 214 196 232 17 135 137 205 197 43 130 205 231 3 206 194
    247 120 176 204 126 14 93 7 186 238 188 173 14 58 157 208 133 186
    131 117 214 175 77 17 239 85 167 191 125 83 93 241 116 41 139 226
    193 166 17 40 151 14 91 65 74 252 54 202 183 221 76 47 81 196 222 46
    43 43 108 240 208 185 243 173 147 3 181 47 7 43 80 207 189 142 193
    166 255 168 78 95 99 3 227 100 208 55 246 212 77 132 56 39 15 51 213
    88 214 65 204 41 168 220 62 121 199 207 169 65 233 253 135 155 148
    201 132 30 101 92 98 29 182 220 5 226 48 145 221 213 146 224 202 31
    159 212 22 54 254 51 19 107 113 196 208 171 238 124 195 169 114 180
    33 48 68 140 198 102 97 88 104 95 75 193 201 47 35 67 155 121 194
    112 251 102 223 242 23 104 170 206 153 132 22 202 180 153 55 60 54
    119 224 209 253 79 141 225 205 97 60 8 137 215 89 48 37 239 143 108
    15 168 24 200 173 174 235 166 11 40 94 0 58 119 188 145 95 100 25 27
    249 81 130 41 178 205 88 131 126 101 18 176 219 61 88 135 133 134 0
    117 50 175 4 60 170 168 178 38 188 186 61 6 173 167 106 87 67 204
    162 138 30 219 155 224 191 50 165 142 251 113 227 211 206 223 14 251
    105 53 76 0 180 67 237 75 165 39 9 194 203 1 236 1 168 124 7 45 32
    242 180 22 70 60 62 158 155 86 252 250 250 203 241 116 221 62 60 105
    252 29 116 106 72 11 50 247 158 33 68 240 12 26 38 234 137 138 212
    83 108 3 209 42 42 142 91 73 245 224 104 27 52 100 133 156 95 105 86
    214 41 213 72 88 222 246 54 154 64 233 219 109 215 74 22 82 251 78
    65 241 140 18 119 149 99 222 57 253 246 84 144 120 65 54 151 180 2
    238 203 78 183 69 159 34 100 143 160 174 8 36 232 52 75 72 79 30 111
    208 208 125 155 96 120 155 9 40 54 8 182 39 147 108 102 110 219 67
    172 50 167 230 235 222 65 5 166 171 71 17 175 3 33 119 113 135 137
    236 49 120 20 173 122 113 182 158 51 76 223 133 57 189 165 87 202
    230 126 207 229 100 233 254 6 208 179 172 8 170 35 65 231 176 150
    149 184 235 79 174 132 98 158 138 157 122 205 113 45 67 128 179 34
    67 107 43 106 120 149 80 95 91 152 111 82 15 207 25 99 137 104 182
    166 161 154 93 223 241 73 189 147 169 18 230 123 249 9 15 175 91 62
    222 203 164 138 242 18 97 157 36 77 30 80 137 241 124 77 137 155 177
    206 16 72 241 11 249 60 170 202 137 95 22 5 184 207 15 217 54 52 41
    251 51 252 147 186 225 173 106 240 181 92 181 28 200 125 157 83 93
    15 218 251 150 214 109 91 215 254 105 31 175 36 67 143 243 145 86 61
    250 48 140 189 48 165 107 23 39 194 180 105 26 191 115 174 122 205
    83 49 223 135 237 191 121 241 136 2 15 219 159 109 50 166 27 141 234
    212 245 244 137 136 92 65 225 29 172 149 30 1 8 250 96 113 68 196
    136 55 154 251 235 169 74 160 68 54 113 143 167 111 148 56 115 34 44
    106 19 160 54 80 13 165 171 117 14 65 132 125 52 95 224 16 41 7 24
    181 147 172 41 233 166 180 38 201 32 91 83 250 153 60 110 51 157 68
    35 184 221 235 107 1 5 112 96 160 204 53 178 249 67 32 125 36 49 163
    252 154 20 147 107 133 1 153 75 248 156 156 191 15 251 40 55 82 197
    48 11 216 198 225 128 236 80 185 146 69 15 151 108 117 34 17 209 140
    209 22 7 243 176 29 22 218 190 67 83 204 255 139 176 189 32 86 237
    240 180 188 101 27 21 142 224 35 68 3 116 167 112 216 81 56 223 157
    215 63 81 163 247 248 220 99 172 100 17 134 235 61 199 189 218 87
    145 221 243 189 84 99 22 14 109 164 40 191 113 192 168 75 168 235 48
    196 202 98 193 156 31 242 183 166 38 154 116 219 206 49 48 11 250
    231 165 185 52 51 144 186 104 204 65 187 84 23 32 133 240 128 136
    111 96 230 89 225 102 250 97 175 119 29 74 7 48 131 165 36 123 74 20
    64 205 227 102 249 241 178 179 109 231 157 96 58 10 191 16 179 184
    97 154 100 167 136 190 155 26 99 241 142 138 17 46 25 26 74 40 88 22
    208 11 139 170 126 213 218 236 143 254 126 32 229 226 70 116 96 126
    97 194 251 133 15 214 108 224 174 58 166 146 198 149 162 221 57 196
    52 194 19 23 229 86 244 115 223 206 225 85 225 187 36 15 254 93 190
    83 212 59 250 35 149 121 74 151 71 177 123 28 106 253 145 237 86 197
    104 229 176 55 242 64 149 137 197 71 129 185 145 164 179 68 198 172
    58 211 242 91 116 136 252 81 125 49 88 42 240 54 217 87 103 225 218
    156 175 208 64 91 190 180 103 28 215 235 49 26 1 219 155 193 237 201
    109 204 172 118 114 118 113 32 238 126 95 46 132 242 216 169 143 131
    182 67 159 169 230 198 197 176 101 0 187 202 176 112 187 216 181 209
    205 243 54 111 217 227 60 251 53 151 189 18 251 152 141 142 50 89
    162 51 38 74 96 186 210 166 219 197 213 39 129 222 135 180 187 136
    186 120 34 251 62 87 102 142 4 246 133 159 243 142 113 254 128 212
    53 11 222 207 132 131 30 229 19 194 27 199 76 56 254 139 215 199 123
    3 169 227 199 254 1 6 209 2 88 89 204 90 201 181 235 209 209 70 5 39
    125 233 150 65 226 59 202 159 136 44 71 95 233 207 107 143 158 196
    88 138 154 188 118 185 219 43 161 73 60 90 255 218 250 23 9 234 190
    54 132 147 110 95 10 80 240 223 109 190 87 109 146 215 12 130 19 245
    211 242 12 144 215 169 253 185 141 253 47 252 107 56 252 26 47 132
    141 22 1 92 97 197 164 168 127 14 219 50 247 14 244 239 70 232 107
    233 31 253 243 186 22 53 102 221 113 60 58 66 166 228 38 74 254 240
    3 69 175 173 195 222 247 93 205 232 61 233 41 195 4 75 153 52 237
    102 60 105 1 51 243 94 235 55 26 246 149 129 241 134 167 4 221 212
    178 34 99 57 52 2 131 92 62 113 106 105 150 56 235 143 138 111 53 57
    198 58 190 148 18 204 92 222 255 11 54 203 132 9 34 170 178 23 141
    203 94 220 117 109 25 11 88 235 207 97 7 155 141 111 69 103 14 108
    226 132 167 120 56 76 85 139 210 202 150 228 239 67 30 31 93 194 239
    8 239 148 151 28 22 185 255 243 128 169 180 100 161 68 183 111 234
    228 249 121 242 162 52 217 230 60 232 214 210 24 218 211 126 95 50
    250 153 49 87 158 173 218 219 70 134 30 70 204 152 138 59 176 202
    179 106 10 253 116 77 69 88 91 161 149 164 203 124 60 126 189 21 46
    80 0 203 33 224 107 109 147 21 221 226 191 73 67 125 137 23 37 244
    208 25 188 221 129 212 68 46 31 80 162 135 234 64 210 253 44 218 109
    102 139 17 160 194 114 56 146 221 34 140 83 68 183 34 175 61 230 250
    142 56 148 174 7 75 232 145 20 116 26 112 20 110 85 26 29 107 137
    244 251 173 118 63 254 136 209 69 58 67 54 198 141 84 24 185 171 121
    142 202 47 72 48 79 33 44 202 211 188 221 223 149 200 168 34 236 177
    234 45 123 78 169 24 176 92 194 20 28 206 169 96 191 78 92 94 80 95
    204 40 162 114 8 241 189 54 23 252 194 23 82 77 217 219 151 129 156
    45 85 103 148 79 6 209 231 113 165 244 136 166 13 36 5 243 163 88
    213 147 147 166 98 235 78 163 205 77 194 100 163 52 125 111 137 69
    17 4 74 152 100 23 20 78 250 254 29 7 148 111 3 28 237 105 155 72 8
    14 134 180 67 45 10 95 10 62 114 96 131 174 19 67 165 7 5 115 76 200
    205 106 28 145 188 26 24 75 241 52 67 130 76 54 58 220 48 223 74 152
    0 52 155 41 143 69 218 4 65 172 246 103 132 132 243 212 243 237 14
    95 46 231 231 65 195 209 245 17 36 148 158 138 14 75 194 35 182 74
    123 23 120 96 44 110 125 109 87 139 225 226 90 181 71 18 200 143 23
    31 56 244 119 135 77 184 15 38 134 185 51 7 95 184 166 229 243 212
    44 224 249 169 153 198 200 222 101 20 32 21 240 132 8 240 51 80 74
    247 187 138 59 115 245 244 203 194 51 135 187 139 217 209 14 101 169
    97 162 17 163 140 178 158 194 51 147 212 39 79 102 129 33 105 87 175
    53 5 172 251 66 203 206 164 82 108 249 81 195 20 161 96 166 37 205
    100 159 163 32 183 42 147 109 116 7 244 27 133 217 55 22 73 65 35
    242 233 98 34 246 178 19 189 227 117 220 124 59 74 106 196 17 52 117
    172 184 53 93 22 49 127 238 10 140 192 63 131 155 105 1 213 12 83 80
    130 135 254 194 5 233 58 163 139 228 187 21 209 42 55 7 55 230 56
    180 254 125 200 1 171 228 211 90 196 186 132 109 118 218 184 201 146
    221 241 218 222 35 173 208 139 197 148 211 132 222 196 219 254 63
    102 39 245 219 92 185 248 37 48 198 85 62 88 168 160 5 168 34 123 67
    92 90 3 142 147 26 39 118 11 76 177 56 130 92 157 152 79 174 227 187
    120 151 188 100 69 105 172 26 209 111 28 217 228 209 166 144 56 173
    84 131 137 216 88 77 206 252 70 226 154 194 60 92 238 243 243 8 117
    68 224 161 96 119 181 70 226 32 218 237 124 252 107 241 101 5 6 90
    132 168 73 238 177 192 211 122 122 85 107 122 17 17 97 250 62 136 73
    115 181 83 157 122 193 11 219 2 201 221 127 37 64 77 255 56 84 236
    245 27 255 38 241 241 61 76 94 113 27 23 203 170 250 195 114 123 52
    94 106 68 227 136 23 213 197 29 16 71 137 232 66 252 166 69 42 241
    207 49 15 173 67 169 168 86 144 23 90 211 161 116 26 185 13 109 181
    238 157 191 244 157 198 15 199 248 179 101 198 253 129 162 95 3 145
    68 106 9 239 59 159 209 141 11 88 21 218 35 225 28 162 72 1 73 163
    189 2 69 74 195 89 155 249 252 40 202 26 153 90 207 97 204 46 196
    159 154 207 207 158 112 70 58 115 18 180 20 121 220 250 156 236 249
    233 178 68 235 23 50 145 115 37 168 216 41 106 38 169 20 138 189 32
    133 57 192 146 69 103 59 49 127 69 139 181 171 144 79 69 131 166 46
    108 169 103 170 105 62 98 61 170 168 14 29 7 180 40 59 132 34 28 63
    118 121 76 240 98 66 50 103 71 19 198 166 96 115 188 7 177 207 83 52
    14 10 167 153 164 176 73 96 172 25 93 47 58 191 67 41 95 209 204 60
    153 195 92 75 187 71 224 102 198 164 153 216 55 192 53 161 97 64 2
    125 152 3 47 45 57 14 219 141 194 84 230 36 37 171 19 217 131 67 215
    47 188 25 66 117 59 23 49 200 221 202 32 31 171 131 63 172 81 191
    170 119 252 249 158 232 127 66 241 169 64 81 248 54 10 185 170 208
    122 67 254 154 195 222 101 247 133 206 105 95 199 113 162 63 203 134
    215 114 191 228 53 231 130 6 239 161 99 252 13 45 165 203 138 204
    209 119 120 203 187 155 210 67 190 123 199 88 91 33 44 98 222 185 27
    154 211 43 203 234 190 83 64 132 182 180 86 154 59 129 78 216 106 19
    58 90 86 92 158 68 94 119 141 76 164 106 92 101 121 150 113 27 254
    75 178 161 67 7 121 34 171 244 210 116 214 119 94 36 126 186 251 50
    85 136 58 111 168 174 93 17 18 9 104 15 173 94 215 145 27 51 138 239
    49 48 59 22 27 6 75 254 232 133 126 176 209 151 105 125 78 6 107 59
    160 193 109 76 175 212 40 78 253 59 6 1 53 23 127 154 29 178 249 61
    169 139 150 126 147 12 148 124 15 134 147 25 102 78 26 11 14 193 63
    207 67 48 92 221 129 223 185 221 30 188 24 90 55 234 27 72 85 176
    145 223 251 167 185 21 249 30 200 252 141 188 35 48 142 89 35 167
    160 243 163 251 93 5 18 210 88 79 175 138 87 154 229 200 15 216 140
    109 84 105 143 53 162 42 61 67 97 129 174 233 39 120 236 172 53 176
    231 111 144 70 236 84 163 153 120 250 185 244 150 117 164 243 242 92
    32 75 25 221 6 175 12 66 198 103 15 53 247 67 130 161 127 60 156 228
    87 169 94 225 229 55 72 59 123 63 86 178 169 175 172 82 81 237 51
    162 209 90 232 153 152 214 235 76 164 93 218 217 23 152 177 42 162
    81 171 225 227 115 135 65 106 39 206 56 24 250 236 147 212 211 246
    110 27 117 45 218 239 154 79 127 96 137 105 62 176 33 84 138 19 18
    38 247 152 206 74 193 110 237 226 129 160 36 49 142 91 77 105 16 36
    7 79 24 156 70 159 52 221 169 125 62 151 109 3 34 142 226 69 36 183
    129 69 227 218 132 22 25 53 26 75 110 5 140 112 61 188 119 186 164
    116 159 110 94 36 132 69 181 162 161 63 183 147 48 164 42 225 194 18
    55 192 61 209 126 54 121 181 70 124 184 58 144 72 120 184 34 200 35
    77 151 42 11 189 109 210 222 193 102 255 56 214 172 72 24 207 10 157
    29 205 227 205 43 149 164 77 25 30 90 211 6 130 154 6 86 8 191 158
    230 229 64 119 124 75 251 190 170 76 42 203 126 119 85 146 51 173
    145 1 102 132 31 251 58 33 14 102 111 112 49 196 124 70 177 94 213
    45 243 119 221 87 119 181 72 45 88 105 129 40 165 203 92 249 3 41 67
    189 180 102 8 79 131 139 223 179 65 209 143 3 75 104 246 230 106 72
    222 165 42 183 189 210 170 205 108 253 76 190 250 18 7 250 214 31
    173 20 55 195 49 218 152 186 5 43 182 77 96 228 237 158 82 195 151
    179 120 38 194 207 187 101 37 152 186 208 73 98 226 251 233 131 57
    21 122 239 218 52 236 129 196 238 137 133 64 30 242 174 105 158 102
    106 172 169 193 52 153 230 175 188 106 217 219 143 209 155 185 139
    139 130 113 152 28 66 158 41 120 30 119 204 199 54 83 245 180 30 174
    204 124 42 222 48 160 248 26 46 253 232 246 153 54 124 183 26 37 13
    203 118 68 48 7 88 81 77 224 107 191 26 245 200 75 233 135 168 231
    81 219 248 172 236 131 28 80 216 83 241 230 63 68 177 136 107 255
    196 151 205 237 90 36 164 252 34 70 56 97 174 116 173 182 51 111 254
    219 98 85 163 115 71 48 217 118 108 52 195 187 106 164 185 204 154 2
    255 165 46 48 100 180 75 208 213 214 12 221 73 173 252 153 166 43 52
    238 28 207 23 158 95 112 231 96 95 86 46 146 4 80 143 72 201 193 71
    96 181 25 146 49 181 90 142 120 27 89 64 157 153 173 133 145 248 56
    127 234 14 170 37 46 196 93 19 171 133 95 0 76 251 72 148 28 214 24
    124 221 155 116 212 44 87 142 80 154 253 30 19 169 76 76 162 77 27
    194 128 214 241 120 5 100 32 197 76 17 117 36 25 65 31 83 166 165
    230 181 101 134 134 49 141 201 121 144 248 251 108 31 206 128 212 45
    31 14 72 89 4 192 88 72 159 213 135 45 26 199 196 87 1 178 59 226 76
    179 134 7 160 61 175 253 1 163 89 223 1 85 201 110 107 216 145 235
    239 77 39 240 4 22 237 46 61 242 163 184 54 89 153 127 142 232 211
    64 19 38 228 193 66 44 45 211 158 71 36 72 221 242 198 85 218 245 8
    108 239 224 64 179 129 164 25 99 66 140 48 235 151 97 122 202 181
    120 191 108 16 103 12 28 193 160 187 42 73 224 48 221 73 86 12 158
    186 183 78 188 9 49 41 204 143 71 100 103 54 141 194 187 28 37 194 6
    105 61 230 79 114 193 34 4 132 120 179 242 181 114 28 111 225 110 93
    213 230 105 165 36 240 108 235 20 218 98 236 78 20 106 101 23 64 107
    112 233 69 250 77 19 146 42 46 58 208 113 234 28 60 3 199 133 123
    155 212 55 171 142 109 83 57 125 172 154 172 185 23 25 81 42 12 15
    149 44 27 69 161 223 143 148 230 110 188 180 129 112 233 152 196 147
    162 150 64 147 2 147 239 75 222 139 126 73 108 52 77 148 74 154 34
    116 12 40 10 35 98 123 116 55 174 59 92 165 113 49 71 150 230 236 15
    170 138 96 144 123 153 172 216 191 213 94 175 114 17 123 250 180 15
    171 197 31 119 242 15 255 76 217 123 51 117 123 233 248 121 203 148
    239 20 143 166 34 52 202 21 66 9 241 113 70 42 94 246 25 112 190 175
    106 69 217 63 152 180 214 243 90 32 140 125 163 112 150 42 196 68 75
    241 69 196 16 126 47 3 134 119 223 193 71 73 4 59 143 206 250 130
    118 34 25 178 27 97 92 247 134 174 130 29 189 96 113 99 8 198 247
    189 102 73 169 25 76 97 80 16 170 138 90 99 253 16 209 196 238 208
    87 48 89 119 167 146 49 31 122 67 123 182 26 144 46 181 80 71 230
    108 71 177 244 10 169 109 48 224 203 101 131 59 208 231 218 177 25
    133 24 96 57 248 12 226 96 73 182 131 220 134 83 141 126 140 71 162
    204 31 46 46 118 160 170 180 161 4 138 4 159 120 255 87 107 7 40 247
    241 241 24 243 17 160 132 22 60 47 0 243 194 26 224 101 100 106 124
    22 101 39 103 111 84 177 236 221 237 236 133 163 38 39 98 235 58 116
    229 55 105 86 112 153 202 26 217 161 155 251 87 36 13 42 212 33 247
    230 253 114 175 115 211 237 141 162 146 127 159 155 233 47 32 53 37
    6 9 159 85 226 89 66 5 213 44 255 62 194 179 210 137 45 216 147 71
    18 23 25 73 51 207 189 241 203 56 250 132 227 116 29 130 233 173 42
    166 236 166 111 1 124 70 32 145 149 57 109 160 48 18 239 145 154 206
    192 188 237 91 215 132 224 194 82 103 50 194 137 128 20 174 250 233
    137 208 173 200 51 232 10 251 108 221 95 85 248 35 100 121 208 81
    164 228 147 179 245 145 228 168 239 46 206 238 82 129 204 200 204
    161 192 24 67 11 4 170 87 23 1 250 19 146 88 219 87 3 15 31 145 227
    253 243 156 50 185 77 108 172 204 40 229 39 159 24 34 127 144 83 171
    100 13 118 186 187 145 137 193 119 138 144 124 142 158 39 218 114
    249 153 229 51 58 21 42 93 2 137 115 133 10 246 84 230 45 114 86 152
    32 51 246 241 17 214 252 209 99 90 122 11 181 190 185 181 47 209 173
    63 153 72 121 103 9 40 55 69 143 40 49 255 184 116 234 192 77 134 10
    37 106 235 94 228 42 142 192 99 104 75 74 230 195 102 99 105 11 107
    237 159 55 211 146 117 37 30 9 61 174 213 33 158 219 148 246 163 15
    112 111 38 232 166 96 83 234 181 175 154 223 223 166 195 6 129 249
    226 222 118 216 168 224 102 40 123 127 38 56 100 54 64 195 153 254
    153 238 1 170 118 124 227 73 0 118 234 113 36 72 113 112 125 20 166
    66 38 185 53 100 253 81 174 81 60 230 243 64 69 75 137 243 226 251
    111 56 192 138 143 91 232 32 62 114 57 187 8 175 151 212 141 240 34
    127 165 129 62 19 68 51 120 39 20 158 234 150 75 32 126 13 49 235 55
    122 117 169 71 204 116 76 164 51 92 217 159 132 18 5 5 207 234 217
    49 55 97 32 142 136 132 188 119 113 84 232 123 133 69 166 99 28 230
    67 157 233 144 41 136 146 123 129 94 254 68 208 32 15 194 247 56 95
    68 60 115 183 135 106 225 203 252 108 30 212 100 144 14 197 9 79 182
    138 13 120 253 213 154 172 9 11 123 212 136 165 170 248 124 222 49
    255 102 135 163 18 133 59 81 17 166 120 76 220 169 87 134 40 187 104
    93 169 247 149 119 210 157 205 175 75 68 181 28 111 100 109 89 54
    143 68 39 236 151 17 241 4 87 152 97 236 173 90 237 195 205 132 34
    63 16 234 37 213 50 103 40 84 126 223 123 141 101 111 226 207 172
    113 250 122 200 201 168 10 37 75 25 144 149 101 125 201 150 197 149
    64 20 24 144 36 10 194 125 178 82 23 222 46 46 165 245 145 45 255 61
    22 178 122 183 201 4 50 253 140 53 49 211 94 97 156 10 93 30 177 182
    140 69 214 60 38 173 224 171 32 25 21 65 198 145 22 137 114 209 23 4
    67 19 235 222 246 191 22 71 92 142 212 248 168 199 238 88 12 75 45
    164 14 233 251 91 233 11 158 140 116 98 81 156 93 161 40 183 131 208
    117 67 76 132 22 28 15 101 41 62 40 132 160 241 178 31 128 5 246 102
    96 234 249 162 116 27 222 20 35 100 225 116 178 199 96 91 165 236 38
    5 18 111 64 174 134 72 229 131 26 56 244 35 186 5 137 87 160 164 52
    36 98 184 250 157 69 16 83 148 34 82 182 92 234 140 21 215 113 147
    211 115 112 151 169 233 22 223 17 235 178 94 248 48 105 13 20 152
    232 220 75 230 210 109 245 5 249 3 15 123 210 174 45 213 90 14 103
    235 150 103 114 147 50 45 183 178 128 112 235 239 0 153 129 200 190
    118 226 130 27 79 245 187 116 83 189 83 64 77 123 28 86 233 164 31
    143 223 117 218 116 160 239 200 160 104 205 52 102 218 181 1 82 10
    222 38 49 181 128 94 151 192 216 171 169 0 191 145 255 232 242 22
    254 213 173 193 75 150 78 154 241 59 118 203 12 225 189 121 89 89
    179 246 81 255 131 169 76 32 14 231 95 127 32 180 221 155 246 218
    181 162 247 13 119 120 120 134 158 20 31 210 138 232 119 223 77 150
    84 207 62 36 20 61 14 172 28 241 62 197 84 164 111 40 168 183 218 80
    224 78 31 215 197 155 65 58 9 221 227 163 240 24 22 219 251 27 127
    92 41 208 1 164 198 6 91 103 73 51 241 86 205 1 114 103 175 137 232
    126 168 28 181 176 68 200 144 57 90 83 49 17 109 146 33 170 203 233
    110 82 220 72 174 242 68 200 15 63 4 12 33 165 114 235 18 77 28 47
    249 84 168 20 149 177 101 54 142 190 88 147 166 87 218 188 237 18 41
    193 246 171 97 101 200 119 42 24 169 190 130 250 112 237 220 19 43
    70 240 23 193 79 93 218 231 113 50 77 186 62 158 41 228 92 18 189
    183 103 27 97 205 108 143 233 203 30 75 83 252 122 73 108 99 167 55
    90 252 209 70 142 153 232 120 22 223 22 75 162 125 211 114 31 78 135
    105 99 90 121 35 172 5 100 221 222 20 212 123 110 97 172 227 156 117
    143 144 251 73 65 14 249 185 28 183 250 85 36 77 214 52 194 26 112
    31 125 193 180 77 142 72 34 196 136 24 178 161 234 83 27 184 74 86
    231 181 34 12 38 48 58 197 240 52 3 234 163 21 234 167 249 237 140
    51 66 239 163 238 189 40 41 187 212 148 73 64 73 3 24 173 2 143 131
    209 34 123 201 216 76 72 6 107 181 19 33 217 15 90 61 223 209 31 120
    246 223 198 232 57 115 103 226 47 215 90 78 130 219 224 136 53 64
    165 142 2 186 15 36 34 114 93 190 88 197 31 188 165 102 208 43 57 45
    222 30 231 139 174 163 115 172 179 56 77 212 187 41 57 43 95 82 67 6
    238 8 199 190 21 40 223 52 66 189 98 75 200 48 143 215 158 145 199
    213 15 225 5 62 121 219 66 108 50 107 104 140 231 24 210 23 227 57
    215 158 233 121 193 173 152 178 18 238 223 53 178 99 110 103 137 0
    234 231 28 141 92 203 235 115 247 118 85 107 135 75 138 61 20 135
    234 168 202 56 255 36 208 91 113 114 67 110 255 138 187 94 21 175
    193 225 70 25 78 130 89 150 248 45 152 54 29 164 140 29 61 145 9 59
    105 211 52 244 254 191 232 239 51 94 168 157 20 72 51 196 119 177
    174 52 0 54 255 79 75 99 240 78 255 236 209 112 217 74 39 62 96 36
    73 176 249 255 209 91 42 204 106 173 209 99 128 90 82 31 55 224 130
    184 52 144 186 101 212 54 198 174 63 12 196 187 248 34 97 219 112
    175 109 179 7 150 109 238 163 64 4 19 235 193 123 26 52 72 25 88 151
    96 99 118 38 121 211 112 80 3 68 67 46 222 8 172 196 2 209 164 161
    23 75 121 43 121 132 47 250 35 60 221 79 236 199 108 16 20 103 199
    213 148 53 128 68 106 110 116 160 25 120 194 105 171 225 201 183 204
    133 203 215 94 50 30 98 220 233 12 201 199 194 58 229 72 219 141 39
    166 23 89 252 32 86 213 23 182 135 56 149 68 65 151 125 196 142 149
    230 177 255 18 84 59 106 200 229 53 48 245 24 51 109 22 223 176 177
    219 194 124 247 240 164 110 178 151 101 41 201 241 186 23 211 215
    105 153 168 1 137 136 10 142 26 14 137 242 211 250 241 171 118 56
    145 88 171 212 72 122 97 12 14 69 11 212 201 155 152 62 142 60 75 82
    61 158 0 3 102 8 8 180 151 29 147 7 169 232 237 110 103 214 51 87
    224 37 219 106 242 233 228 146 106 123 150 173 240 241 34 151 31 6
    82 29 169 128 194 249 15 26 96 119 183 21 184 183 58 70 98 113 174
    254 108 153 225 131 132 207 176 189 83 91 135 58 44 235 249 58 37
    210 74 172 150 58 124 114 129 112 127 229 168 249 63 86 179 0 240 42
    246 148 85 101 246 21 32 48 46 253 140 99 150 173 103 118 86 5 161
    32 216 56 86 158 219 209 37 228 24 159 17 240 206 159 91 117 98 107
    223 208 151 233 44 94 183 172 203 154 237 87 27 244 149 185 128 237
    42 205 45 255 252 195 198 193 151 169 5 194 164 141 223 132 39 123 3
    28 41 92 53 8 154 195 250 117 154 235 75 240 219 229 97 92 113 183
    160 25 236 147 156 29 101 21 64 213 59 233 88 85 77 207 250 19 218
    35 173 180 202 159 166 25 33 211 55 34 4 199 210 242 169 223 92 250
    53 104 46 96 117 135 239 163 39 79 205 19 30 207 50 13 10 125 170 69
    165 61 70 41 124 160 190 13 209 124 12 8 221 197 132 97 188 72 229
    248 108 80 234 200 101 167 48 210 63 86 82 211 234 232 229 37 182
    173 143 50 253 70 84 190 21 82 9 200 246 24 215 174 207 170 146 57
    216 99 69 50 71 197 78 214 5 213 150 90 154 160 81 242 139 96 10 22
    217 153 237 52 22 112 141 29 217 42 156 242 76 237 186 190 196 4 9
    174 84 75 98 14 115 65 104 37 57 208 161 88 194 111 37 164 103 23 95
    170 1 168 73 151 6 65 78 90 165 172 98 45 162 184 203 154 107 176 60
    96 16 244 8 227 178 87 254 65 109 38 208 208 86 99 207 243 151 124
    43 70 126 137 119 108 120 153 228 160 67 15 254 29 203 204 85 177
    215 12 151 70 131 172 189 72 10 53 208 209 84 178 164 186 18 26 135
    9 51 190 199 45 47 100 37 72 245 236 41 163 188 22 135 132 86 155
    142 193 230 1 82 192 113 24 60 61 215 183 26 216 142 180 109 135 210
    91 157 135 130 155 169 178 56 94 67 74 178 225 25 17 138 77 28 240 4
    180 162 40 33 115 203 151 113 240 254 15 189 196 242 109 61 181 150
    191 64 19 155 224 72 240 9 53 133 18 213 165 239 234 165 122 222 19
    246 237 139 186 220 223 75 89 185 145 146 192 79 217 50 159 211 181
    52 159 221 96 173 91 87 187 0 42 95 159 201 167 160 18 158 239 43
    120 117 181 83 201 0 167 196 176 70 119 126 208 76 1 181 226 76 148
    116 150 122 170 114 240 83 7 84 114 162 0 181 20 86 98 12 85 135 146
    193 179 124 252 235 10 249 216 175 160 159 21 165 239 215 120 194 41
    175 32 160 195 234 175 116 76 228 236 223 212 158 101 155 95 31 181
    173 180 226 70 43 51 240 46 237 204 125 61 25 249 0 65 63 126 38 171
    41 85 221 234 150 217 162 23 177 19 44 166 236 212 208 240 109 109
    183 209 21 92 212 143 26 87 112 138 32 203 241 4 214 106 30 54 142
    100 246 127 119 181 239 203 51 124 233 22 173 73 118 238 102 164 231
    222 184 128 247 117 177 199 225 23 41 58 255 77 219 195 181 222 225
    231 94 164 106 76 183 255 184 157 48 253 64 52 37 185 53 148 238 111
    121 43 55 39 82 84 73 53 17 41 174 198 2 105 138 227 149 201 43 242
    163 235 251 52 30 159 234 77 241 251 117 50 113 159 231 92 10 184
    114 25 203 113 52 176 75 98 176 235 61 71 58 238 49 154 99 92 111
    106 151 113 247 114 251 16 247 209 55 232 120 132 161 172 170 39 65
    239 129 129 31 165 15 78 17 97 174 65 173 217 58 167 29 153 190 179
    47 157 245 34 156 118 63 62 86 142 163 107 246 181 245 7 100 86 226
    212 186 12 148 2 4 103 234 122 235 161 122 175 54 183 110 63 9 160
    29 40 235 212 135 48 121 89 96 161 49 228 51 252 187 40 210 39 181
    159 139 246 167 175 95 108 251 191 215 45 114 24 136 9 68 102 71 161
    132 126 80 253 48 23 243 164 63 43 235 157 144 99 94 105 125 127 195
    55 84 217 224 165 120 43 147 128 187 255 241 130 96 182 12 71 180 27
    161 17 83 153 51 116 140 134 212 178 167 39 120 89 90 75 138 45 29
    77 115 84 200 121 159 33 144 181 111 6 219 152 158 194 108 121 113
    187 158 86 177 114 62 211 18 38 89 108 231 63 123 80 195 4 113 185
    253 235 73 85 13 118 60 202 79 94 235 63 145 225 55 6 174 185 20 19
    121 55 119 10 22 195 99 116 252 53 231 124 105 6 202 36 159 196 84
    85 95 253 38 172 15 226 161 130 60 7 96 133 183 167 253 190 99 95 35
    157 167 7 215 235 109 14 214 160 212 107 118 25 41 99 118 79 14 193
    192 26 124 81 176 245 166 125 219 15 221 190 67 42 130 122 56 249
    255 38 143 210 244 142 25 40 0 194 130 205 74 68 4 125 131 215 18
    206 176 42 140 192 3 2 33 131 117 179 133 4 96 179 146 226 64 198 27
    190 6 182 54 208 172 104 91 158 18 41 73 181 221 83 187 132 143 128
    238 11 72 169 239 94 170 117 29 216 86 4 141 214 52 122 235 28 241
    157 78 116 240 165 128 100 185 64 11 116 133 149 116 105 143 232 162
    72 236 111 192 255 179 112 80 218 183 95 200 190 149 125 148 154 170
    224 9 111 165 164 0 184 122 77 250 55 156 99 49 239 103 143 31 75 54
    129 252 29 221 26 248 54 140 141 139 233 208 161 242 193 241 198 182
    156 234 10 117 247 121 201 88 229 214 81 31 8 30 193 239 191 77 127
    78 213 88 137 94 86 154 65 79 202 191 21 30 54 201 149 197 229 66 32
    150 43 51 22 101 129 13 209 89 46 243 40 7 19 12 15 221 43 67 224
    219 153 144 174 86 77 131 155 135 149 122 219 171 192 163 37 157 192
    209 178 164 49 209 188 204 213 33 11 151 166 77 121 166 111 105 22
    232 208 198 101 215 145 97 27 20 165 208 91 171 123 118 96 119 209
    145 6 238 221 134 215 164 152 8 199 248 102 185 90 173 137 25 150 60
    90 202 142 18 162 30 187 40 173 196 4 128 61 241 80 254 156 84 155
    46 26 4 203 204 61 59 28 226 139 72 157 50 62 236 170 42 253 26 96
    40 80 10 212 163 138 112 28 151 241 189 117 231 229 149 229 91 121
    201 189 251 253 211 55 96 40 79 138 144 228 119 41 186 139 161 65 60
    205 84 196 217 247 22 88 31 93 136 71 12 176 99 207 233 84 75 223
    105 88 58 65 73 83 215 110 24 40 214 15 126 227 66 249 151 255 243
    181 44 229 62 151 195 100 90 241 158 185 38 169 103 174 56 61 208 10
    9 167 182 237 22 106 110 201 150 116 68 227 187 102 1 30 5 235 47 3
    172 230 21 115 107 188 122 94 142 115 151 157 213 184 42 21 129 84
    98 198 204 208 202 158 199 108 63 101 100 0 128 162 16 51 241 51 95
    107 175 252 161 116 31 92 59 82 252 99 172 79 130 57 40 210 47 64 16
    40 192 175 208 248 45 199 55 211 161 244 142 95 175 38 161 252 248
    85 252 153 142 238 28 246 128 207 166 167 111 146 235 13 68 193 184
    216 223 128 48 103 63 234 196 90 42 13 217 195 36 254 236 219 87 156
    80 102 1 203 72 194 234 189 207 13 225 136 139 9 61 7 38 10 4 105
    141 3 116 0 246 148 112 191 198 115 251 252 206 142 246 38 245 121
    223 136 170 2 248 69 188 58 72 129 7 149 166 211 246 130 58 162 219
    7 182 78 150 217 91 44 184 86 249 104 189 129 146 72 93 178 51 233
    114 212 65 93 47 53 236 179 236 29 203 88 122 207 14 176 23 10 241
    47 166 58 180 132 32 221 15 79 194 119 177 36 73 165 167 197 188 177
    3 22 48 254 207 230 123 133 149 150 135 108 141 149 163 148 189 151
    42 224 5 75 254 57 102 161 141 194 173 116 73 31 60 214 57 172 142
    122 54 15 243 95 122 9 131 67 112 197 217 49 236 174 227 129 93 104
    245 251 94 197 201 3 165 47 171 195 196 18 100 109 163 208 36 53 127
    55 80 250 178 26 98 176 75 145 177 200 44 100 159 150 208 163 104
    143 170 138 175 115 145 9 98 194 243 37 101 196 22 143 236 68 127
    182 111 113 117 121 7 214 189 76 14 234 175 82 75 118 63 182 243 131
    221 189 54 187 53 230 71 214 128 221 217 77 19 132 117 157 14 215
    213 204 84 165 167 199 124 209 201 119 129 250 4 41 253 215 249 152
    167 65 83 255 109 15 21 176 32 161 52 97 128 171 253 119 166 64 254
    91 121 44 36 24 132 157 152 113 123 56 197 47 231 190 248 158 193
    172 182 88 49 184 152 49 140 19 72 33 173 33 236 203 78 72 24 74 172
    59 218 105 104 183 199 30 135 1 248 184 1 93 89 104 28 19 18 49 142
    251 44 33 126 102 145 88 133 133 126 25 136 111 49 246 168 212 64 7
    5 32 218 94 248 200 42 207 20 141 102 180 37 253 96 149 37 54 186 42
    87 94 44 106 53 77 15 247 116 200 116 80 172 175 52 242 198 110 87
    255 149 232 217 198 111 161 187 149 53 145 231 107 144 2 113 105 7
    214 122 92 92 167 137 247 240 2 107 144 37 146 107 47 128 113 222
    206 101 226 16 55 172 157 171 5 128 170 103 57 44 209 251 79 156 211
    56 211 164 88 1 187 26 60 132 80 145 2 38 248 148 54 61 204 159 161
    141 101 42 172 55 81 91 81 145 36 118 105 74 28 85 149 48 73 190 203
    255 216 91 159 131 224 212 242 150 221 232 145 176 3 46 132 75 236 6
    235 246 137 72 42 38 108 162 219 88 169 133 250 37 96 89 59 80 148
    182 85 57 2 186 45 255 57 69 207 148 101 58 88 48 150 250 47 201 216
    60 147 147 213 51 136 176 151 146 227 57 237 198 236 74 171 55 163
    66 165 59 164 92 82 193 180 231 61 77 214 80 201 21 241 2 177 51 178
    187 124 191 92 114 99 138 51 75 112 219 202 67 55 111 69 226 224 234
    254 152 29 23 85 55 152 243 194 109 173 109 225 21 46 57 59 8 253
    210 246 240 8 126 122 233 171 202 40 43 63 133 117 224 136 197 121
    51 39 188 70 80 196 36 10 197 100 162 177 216 63 161 107 190 83 102
    50 152 155 130 158 190 119 141 110 158 237 76 40 194 205 251 71 75
    144 58 234 18 102 89 60 132 173 135 95 99 95 104 1 79 26 247 40 185
    9 162 43 95 114 87 34 227 251 85 128 120 215 238 73 131 229 162 3 60
    79 13 206 45 1 116 213 129 92 223 220 78 187 59 140 20 141 37 18 48
    213 238 218 206 194 46 242 11 218 40 224 89 9 121 201 123 220 157 11
    152 81 18 174 223 197 240 65 155 208 154 18 130 170 206 86 118 132
    11 72 59 130 228 129 85 230 171 235 247 101 170 51 67 98 104 46 82
    157 170 118 9 120 175 241 166 213 143 1 116 94 117 253 129 70 44 234
    122 25 134 140 143 12 50 177 162 126 69 110 93 244 97 244 18 35 37
    19 21 188 108 26 88 47 183 200 159 194 190 174 206 63 123 72 35 57
    163 107 141 28 95 145 171 106 213 124 252 109 163 221 254 103 252
    133 111 125 130 86 8 133 217 191 104 31 205 109 176 171 202 209 66
    171 25 189 240 126 233 48 194 117 165 169 239 238 44 183 195 13 123
    129 2 213 190 161 201 92 225 246 189 69 255 245 61 67 219 132 239
    107 32 142 213 242 167 175 216 116 181 115 248 73 196 92 77 59 130
    108 220 55 237 35 18 74 59 108 24 142 58 245 39 17 25 218 117 50 3
    37 188 128 236 68 85 254 45 25 230 251 231 246 109 147 126 65 229
    199 53 81 65 52 69 65 215 98 168 114 77 53 1 115 142 95 203 26 249
    74 93 53 182 223 229 238 87 182 7 204 28 156 227 2 146 234 0 115 17
    214 122 5 159 76 73 77 240 213 239 69 138 80 28 236 184 43 8 242 133
    193 119 132 50 214 242 222 37 132 20 69 246 235 52 215 102 84 216
    131 218 75 225 52 134 123 162 139 158 254 94 179 215 6 119 254 212
    217 36 157 165 206 155 85 85 125 253 227 248 230 77 114 176 242 122
    139 5 80 207 166 132 179 135 192 58 50 247 174 13 134 13 181 176 14
    60 140 28 145 232 128 91 102 20 87 60 104 199 31 54 153 78 118 116
    233 108 39 17 106 206 238 224 252 126 223 175 152 115 249 134 255 90
    102 26 141 62 212 140 16 170 199 170 239 79 17 197 74 66 3 62 212
    197 18 110 75 57 139 218 199 174 202 140 22 197 103 128 134 106 54
    126 96 77 208 124 42 29 19 243 37 20 101 57 113 204 142 13 3 209 26
    192 142 4 195 68 242 162 156 131 118 230 93 131 237 246 116 248 114
    202 197 203 145 210 0 166 75 93 191 220 87 140 252 222 69 43 156 7
    18 62 12 7 0 143 74 192 222 48 12 144 40 129 143 171 198 24 247 125
    168 9 83 9 27 233 120 20 116 76 142 29 7 12 134 115 202 88 69 52 57
    12 200 213 135 164 65 35 13 93 184 215 176 251 146 89 216 232 146
    152 22 50 205 169 155 143 192 51 196 96 220 160 47 239 114 100 11
    215 138 95 73 222 178 97 78 18 144 197 51 89 164 222 156 177 11 92
    22 155 110 203 104 175 247 139 57 151 95 240 65 141 248 81 142 198
    108 246 68 192 119 109 28 51 186 181 44 240 20 57 92 198 191 190 127
    190 49 197 28 145 214 146 43 131 156 75 222 248 207 248 130 234 81
    189 155 131 40 170 163 80 53 147 169 144 98 195 202 26 34 160 224 6
    223 118 12 149 199 48 1 244 168 215 106 87 130 246 135 122 28 13 103
    76 195 100 206 166 60 24 27 83 72 101 243 113 28 160 251 144 49 22
    35 238 8 122 154 89 147 208 30 236 164 212 237 54 101 11 218 55 185
    128 11 92 136 161 234 38 116 214 91 27 208 43 206 225 15 228 182 239
    31 89 255 153 228 255 133 162 169 170 162 153 89 19 139 61 70 204
    204 191 131 4 231 1 156 185 255 39 14 217 0 68 195 135 52 29 104 95
    124 7 207 16 171 186 3 12 98 36 183 145 58 232 253 115 244 255 76
    156 220 12 132 175 247 223 214 205 129 166 253 50 133 132 166 206
    165 245 237 29 192 226 73 69 156 10 217 49 191 121 41 225 111 56 11
    4 152 15 236 196 239 66 148 21 184 123 115 237 221 245 143 182 196
    188 89 77 229 213 197 190 210 255 206 187 231 23 177 128 115 76 33
    227 4 226 245 116 72 223 62 3 135 185 240 148 78 42 133 92 163 229
    47 166 234 234 129 200 174 55 169 51 234 247 101 123 182 229 137 37
    28 177 171 26 22 161 125 74 1 187 122 140 211 214 151 56 244 170 40
    188 231 36 160 188 111 194 213 223 120 93 197 128 63 143 113 116 102
    10 53 60 192 177 28 173 235 123 126 212 104 97 144 5 114 43 246 147
    128 7 222 32 233 231 141 141 185 100 112 82 147 255 34 58 223 31 82
    107 103 200 201 11 161 202 204 255 165 146 105 17 26 68 126 104 204
    76 141 236 112 21 192 205 15 155 190 253 57 226 158 23 132 91 199 55
    141 99 145 194 205 90 247 32 128 216 230 158 151 190 53 226 234 208
    13 104 132 186 70 93 51 123 71 42 44 38 112 95 4 57 248 70 168 12 71
    8 87 128 213 238 88 137 104 202 180 92 116 73 30 158 248 210 8 177
    120 163 74 24 186 44 86 246 100 255 253 59 190 31 44 58 141 161 238
    111 159 252 231 57 190 62 109 153 164 0 113 246 109 68 205 240 7 81
    72 39 61 89 100 34 224 219 136 90 51 241 217 179 179 36 34 106 222
    81 251 119 176 103 7 125 115 73 12 56 34 121 109 229 48 169 214 65
    236 7 27 151 107 212 10 46 247 70 110 125 232 46 47 119 121 112 181
    171 227 103 239 56 232 32 230 237 165 6 5 90 254 232 16 215 108 124
    144 174 75 66 228 192 142 201 73 112 145 172 210 208 133 25 137 253
    0 58 116 214 140 219 211 142 58 105 151 249 88 36 98 237 50 238 147
    93 39 126 100 209 226 124 13 57 199 121 125 232 37 232 74 146 61 127
    65 137 78 89 163 166 135 22 54 189 116 151 163 67 222 5 253 68 210
    78 96 78 216 124 210 102 209 28 169 175 175 81 228 53 84 48 234 178
    115 230 196 6 41 165 155 52 237 186 154 162 233 194 171 251 43 224
    26 142 34 24 95 184 21 80 55 100 238 5 22 14 67 171 231 119 59 108
    109 97 157 41 236 93 154 119 110 179 200 67 139 180 71 111 222 4 143
    107 69 15 3 49 56 118 78 27 178 95 23 240 89 88 52 130 209 245 238
    50 2 96 23 219 185 160 236 90 191 182 97 169 146 191 169 192 80 139
    229 100 5 135 91 57 174 143 220 22 80 197 158 83 112 249 92 207 241
    145 190 65 41 80 70 111 81 225 150 59 44 203 221 3 46 223 216 197
    178 83 217 24 18 48 132 204 225 134 71 120 2 250 165 75 225 156 75
    15 25 169 89 179 122 79 225 145 7 141 122 65 39 155 130 253 162 19
    50 159 217 181 63 80 105 243 150 88 254 179 175 194 37 109 226 62 95
    253 242 117 127 142 213 50 216 71 20 30 180 206 6 36 66 199 170 101
    111 210 231 31 186 194 86 153 132 3 104 197 120 51 154 65 16 15 227
    219 208 102 63 218 169 220 166 173 61 111 20 41 101 148 56 162 161
    210 119 190 85 14 232 58 39 70 22 162 78 54 184 54 50 255 145 234 16
    79 194 17 134 202 145 174 132 93 54 235 195 40 14 195 150 232 100
    236 75 27 243 139 137 91 190 191 195 183 66 225 81 121 152 116 192
    120 62 178 168 139 115 71 223 19 182 68 21 164 246 73 118 238 226 64
    224 49 216 145 181 122 199 210 3 87 55 120 160 254 241 54 172 50 223
    216 50 136 236 22 223 147 132 36 187 212 120 52 79 26 107 108 52 160
    174 219 209 247 180 82 83 17 94 128 217 144 0 96 18 125 235 81 78 42
    23 217 218 58 230 184 47 204 234 191 10 248 255 198 57 137 124 55
    127 165 238 17 3 246 97 245 27 102 23 252 106 22 255 27 88 244 44
    230 194 159 13 221 101 206 66 7 150 13 164 151 14 14 158 12 191 111
    26 54 219 119 124 234 62 97 146 38 225 105 247 254 240 128 98 207
    120 169 4 100 18 205 90 115 184 64 69 231 210 53 224 109 106 170 132
    142 247 14 184 233 133 233 246 207 104 187 82 206 129 58 247 181 197
    103 26 221 156 203 24 235 168 155 129 215 221 71 148 124 178 48 243
    205 66 59 241 251 70 108 75 110 250 95 91 227 227 205 41 113 74 164
    150 5 106 141 93 5 136 213 216 229 103 228 183 38 42 185 190 124 36
    53 240 7 251 165 194 160 120 55 66 150 147 241 117 252 231 162 233
    229 190 118 201 40 174 96 127 168 48 85 188 89 17 2 130 112 65 82 20
    253 15 39 179 97 46 173 53 51 134 76 33 79 6 125 135 206 44 14 218
    87 20 246 25 167 41 87 74 213 6 201 189 225 123 0 118 77 150 85 248
    201 85 216 211 151 123 231 180 51 64 109 21 173 69 18 250 32 196 2
    168 253 167 83 216 143 174 106 223 154 185 163 74 207 120 184 240 14
    220 62 73 27 82 110 204 10 174 187 73 43 40 86 192 254 68 251 166
    114 2 132 118 186 241 20 90 249 153 255 189 231 230 40 184 151 2 252
    85 230 183 150 110 199 141 252 255 204 226 231 193 128 203 51 168
    203 25 65 106 228 85 149 247 5 231 49 214 239 237 154 76 73 25 151
    205 29 70 238 177 89 60 236 56 224 168 2 83 95 43 188 11 20 144 255
    62 165 142 0 43 73 142 225 20 208 249 127 240 140 223 10 241 2 102
    139 43 146 249 32 144 173 8 245 102 103 223 67 14 144 109 59 244 68
    64 246 9 232 217 10 60 199 64 114 244 196 221 181 174 24 171 36 136
    31 104 236 131 167 73 38 191 155 36 1 174 199 202 180 32 214 17 48
    137 242 177 39 198 162 18 244 214 36 229 194 14 175 138 135 6 126
    141 78 99 39 45 32 42 88 136 157 91 101 245 98 118 61 240 117 121 67
    39 83 4 93 197 179 90 206 76 109 190 146 70 159 131 173 64 26 67 62
    81 63 200 127 50 56 158 183 1 41 33 28 116 186 116 173 76 59 125 72
    109 188 186 34 145 199 71 207 151 94 87 145 21 243 39 207 47 62 172
    65 76 153 57 203 1 128 235 207 87 129 4 111 204 81 58 250 83 240 196
    128 164 240 180 175 129 125 91 107 170 148 61 24 70 195 214 112 73
    91 163 107 135 201 17 253 140 251 58 140 251 219 112 198 66 133 59
    56 59 50 136 178 205 92 203 95 65 12 104 126 140 87 177 133 217 167
    208 115 167 96 27 63 72 43 218 14 153 174 44 151 87 4 82 109 5 136
    227 232 224 196 186 209 156 102 100 192 235 50 95 131 185 196 206
    220 206 250 18 183 238 112 140 156 195 42 66 121 37 229 234 88 17 98
    123 1 219 249 38 182 126 88 122 214 7 11 165 56 22 196 106 88 19 20
    88 134 46 116 158 253 228 234 182 216 145 165 7 216 18 103 41 110
    142 226 100 239 52 38 83 25 243 155 246 211 195 226 76 135 98 167 58
    136 197 107 87 165 252 241 172 37 186 136 175 167 211 35 10 105 196
    144 200 225 126 72 233 71 223 194 25 200 43 166 250 9 55 159 172 160
    171 198 134 136 143 230 251 155 8 173 149 75 1 129 253 193 189 35 85
    157 202 25 198 177 85 143 253 46 213 101 164 46 193 158 201 250 176
    165 254 250 78 243 134 129 84 129 243 162 78 87 205 57 77 209 254 84
    123 48 229 46 40 92 100 223 18 181 224 36 26 146 219 46 255 147 60 6
    169 180 202 76 75 164 107 151 137 206 169 235 148 209 13 254 210 69
    137 28 236 58 103 200 174 157 145 251 207 18 210 67 0 36 95 0 41 181
    103 236 8 49 143 164 131 85 24 95 6 238 125 65 106 188 168 1 14 144
    12 159 61 234 64 23 143 74 93 90 122 219 55 147 233 128 181 228 107
    180 10 32 54 227 77 80 236 15 69 155 144 57 206 158 29 73 82 53 22
    44 159 151 145 37 99 215 51 72 29 11 29 236 122 191 149 142 6 66 226
    174 190 69 29 238 184 176 117 130 19 96 31 64 96 106 144 46 90 141
    149 22 31 194 206 221 175 10 173 130 149 79 12 6 80 184 164 107 151
    143 67 201 161 58 182 3 226 213 148 198 232 52 190 230 182 35 141 23
    113 44 222 121 219 254 130 44 110 13 191 187 165 252 227 64 27 63 70
    110 4 214 183 103 61 67 221 26 20 253 59 166 195 158 47 115 220 226
    113 133 173 151 4 165 46 50 208 165 180 14 225 134 7 238 144 236 21
    109 58 40 153 91 9 64 152 78 115 8 192 197 102 193 72 197 238 254
    126 255 225 83 109 35 218 147 214 61 99 195 143 26 212 25 129 219 55
    215 245 84 220 23 57 119 116 52 252 13 210 188 75 208 126 95 56 98
    16 103 32 253 1 37 78 167 200 229 17 202 158 114 4 191 90 243 84 55
    140 234 206 207 135 76 229 176 206 25 74 252 12 155 27 24 79 243 163
    90 105 196 80 113 56 140 216 14 45 111 89 130 161 51 245 175 109 49
    145 221 176 48 61 58 53 123 99 66 212 1 13 243 205 221 195 153 2 185
    144 217 163 209 204 131 97 75 41 173 69 130 113 192 223 166 181 248
    75 94 31 202 130 62 83 212 87 38 107 146 149 91 81 173 250 64 63 171
    143 242 48 252 89 116 247 166 17 211 29 6 223 225 225 208 227 119
    251 38 20 3 155 248 227 29 248 239 44 173 48 135 146 143 102 65 191
    178 141 127 22 101 21 12 61 79 8 107 64 103 178 8 183 85 112 37 113
    25 1 80 148 201 254 107 166 251 232 8 63 151 254 152 7 46 148 183
    162 5 172 41 104 223 200 43 250 232 62 71 144 55 137 204 93 113 95
    127 91 247 203 166 36 218 136 231 193 85 79 40 30 228 71 52 94 89
    127 50 148 110 93 121 59 109 205 166 95 165 121 116 157 129 213 243
    85 118 12 134 194 179 157 113 36 79 104 27 80 235 182 48 17 247 104
    39 124 125 17 150 68 76 241 199 148 96 45 86 102 69 110 208 13 116
    208 0 131 254 86 150 40 190 217 14 177 101 172 230 117 9 5 59 192
    189 85 204 188 39 54 15 81 233 228 54 223 170 218 156 78 67 187 250
    18 119 164 238 253 26 10 157 8 79 130 174 179 218 231 0 35 54 232
    149 164 123 127 227 253 82 133 14 12 233 43 129 75 127 223 14 121
    127 172 123 204 247 59 47 193 76 77 28 160 108 0 9 148 2 216 90 153
    249 149 32 199 171 32 66 22 6 71 101 228 196 170 123 118 190 33 149
    55 32 239 134 168 36 243 132 210 118 221 128 252 80 52 220 78 17 87
    96 145 11 211 22 33 186 210 47 67 34 119 56 74 59 196 203 62 83 143
    86 251 199 164 32 53 40 123 178 251 199 14 246 28 97 194 95 168 221
    164 221 133 164 92 19 63 116 231 192 33 114 70 193 125 52 18 148 142
    125 49 145 41 30 5 213 149 237 191 253 181 154 156 192 161 204 141
    118 56 168 18 134 47 243 134 140 66 242 228 143 189 131 36 63 21 168
    107 165 219 177 154 10 224 227 32 202 56 3 209 187 59 177 50 249 133
    185 42 210 197 125 203 44 62 134 222 8 172 113 77 171 245 184 233 69
    5 105 16 160 240 195 71 141 19 255 218 152 224 208 223 95 226 200
    222 71 89 206 249 178 182 24 39 222 185 169 109 222 187 13 223 236
    195 41 188 227 115 198 47 190 92 229 191 2 46 233 66 155 71 122 198
    229 50 127 18 49 38 121 8 174 62 127 30 227 50 63 107 179 151 149 44
    85 237 142 188 87 25 132 142 111 200 55 226 135 3 53 206 176 101 6
    16 30 115 217 103 117 67 239 153 199 63 238 224 142 89 55 251 251
    232 219 171 95 253 16 51 5 58 174 153 150 77 254 177 101 223 224 72
    141 54 162 77 117 140 205 14 95 25 108 69 23 133 196 216 239 0 32
    195 125 131 161 148 39 203 34 117 39 73 166 94 53 166 248 58 122 131
    208 16 201 203 50 15 10 218 143 43 48 91 35 188 90 68 179 32 87 79 6
    83 98 129 12 157 92 159 38 16 197 205 17 129 212 162 105 120 239 140
    109 125 168 20 93 239 147 245 152 167 67 225 59 114 0 99 118 152 39
    41 175 51 148 142 26 95 39 138 156 92 250 192 92 75 244 203 148 215
    117 215 207 208 43 48 73 183 86 143 142 195 241 35 230 12 3 33 213
    142 144 151 86 20 80 113 240 158 33 73 159 167 184 230 191 182 20
    251 139 3 56 178 179 32 62 26 41 228 241 45 185 115 56 78 143 197 9
    194 216 18 211 205 75 199 217 73 194 58 160 149 207 147 86 124 83 24
    148 207 215 180 48 62 183 18 10 214 98 21 249 96 62 125 172 31 244
    45 119 49 144 24 48 211 155 89 200 148 99 83 106 76 138 120 10 24
    231 255 21 161 172 108 251 165 91 245 97 177 235 112 15 250 153 27
    29 219 232 30 243 197 187 96 5 240 168 161 151 42 116 236 136 190
    238 136 163 30 197 53 173 107 114 75 192 97 211 125 40 152 120 0 245
    87 105 83 213 31 225 252 184 81 104 110 66 13 46 249 33 112 59 41
    222 115 112 26 225 42 209 64 240 43 195 10 119 53 136 116 104 216
    183 180 117 122 119 154 95 224 15 103 129 126 142 255 45 186 44 148
    62 254 162 118 29 237 161 219 112 192 51 24 230 19 252 165 130 217
    156 196 154 17 49 110 100 223 71 139 170 55 169 128 159 7 9 97 142
    146 49 173 177 105 167 238 23 124 235 50 209 3 70 199 7 181 5 118 75
    242 48 231 93 56 132 176 215 211 9 222 212 54 99 142 210 159 144 163
    210 210 53 160 230 12 236 2 114 66 43 254 43 20 70 117 6 66 151 67
    100 211 163 163 61 50 77 230 202 198 35 237 167 176 79 148 166 219
    123 195 155 178 115 246 242 78 76 56 76 198 13 130 2 0 133 11 226 81
    206 80 6 75 131 19 152 33 250 29 122 29 23 126 118 17 101 107 162
    237 2 94 170 110 5 161 240 45 2 171 54 189 14 240 78 186 221 153 216
    40 177 19 4 6 20 42 241 71 48 209 114 211 209 44 245 233 223 40 99
    64 250 70 110 214 172 116 183 235 146 255 140 77 18 136 217 199 253
    17 192 37 141 194 132 7 207 138 186 63 35 242 50 89 102 124 10 236
    153 190 29 10 99 55 106 234 190 196 189 206 231 25 146 212 77 95 13
    190 75 171 117 114 18 181 151 129 226 93 95 41 182 30 81 7 137 54
    244 174 229 129 112 113 143 136 163 105 255 182 100 239 93 87 229
    195 79 56 198 215 242 109 236 54 67 85 140 227 143 225 51 65 192 102
    26 131 1 171 62 221 203 26 245 108 155 10 112 33 124 199 71 208 160
    144 227 60 190 161 42 195 22 83 4 53 139 96 248 61 127 215 167 22
    150 125 61 23 177 30 218 253 178 248 123 96 146 181 252 79 119 138
    148 86 174 11 51 124 252 20 74 91 197 121 118 249 146 79 185 183 85
    28 217 205 22 253 131 3 96 176 14 142 197 191 208 165 33 20 141 199
    150 212 53 231 71 100 188 59 106 197 209 133 194 255 140 216 55 93
    236 94 100 31 207 39 26 97 227 156 204 90 111 75 176 142 205 146 108
    48 172 32 212 35 99 246 52 72 149 71 117 250 121 154 243 94 212 116
    231 24 157 12 120 247 231 152 90 98 134 224 125 57 181 181 24 93 204
    69 135 120 24 155 193 44 121 58 83 126 239 182 10 230 85 122 122 40
    44 253 21 68 8 148 216 62 83 9 179 165 66 213 247 165 198 82 19 95
    135 252 110 255 255 84 105 47 187 178 111 128 233 19 122 136 108 228
    90 165 89 190 206 246 25 217 239 71 189 138 207 36 142 172 7 53 68
    211 171 52 57 29 146 146 141 174 28 215 122 47 116 153 36 21 133 156
    92 76 10 61 97 61 90 224 233 255 82 247 144 18 27 78 166 14 130 134
    89 85 86 67 182 12 183 191 22 48 39 249 99 47 115 194 124 202 203
    166 83 152 87 4 21 197 127 145 159 192 149 244 221 208 143 115 182
    65 244 140 140 226 205 226 196 131 202 99 137 141 9 96 114 103 151
    95 18 41 26 139 40 232 7 117 154 82 210 9 36 107 139 173 252 73 67
    249 21 96 139 191 124 199 123 80 84 49 61 244 33 64 47 6 160 5 156
    48 102 102 164 164 162 160 66 52 174 243 62 230 6 75 49 17 222 62
    176 225 34 81 128 146 234 239 155 26 255 113 133 160 12 184 218 15
    216 217 84 186 177 217 22 3 235 73 83 180 227 170 170 28 188 203 122
    195 251 23 166 126 4 93 23 250 66 113 174 12 49 129 95 182 120 32 12
    94 230 89 105 75 207 125 174 250 70 178 137 12 137 36 163 95 203 231
    95 149 120 72 21 252 160 55 210 214 106 224 158 80 4 135 100 81 217
    177 77 118 128 103 36 246 45 26 171 156 53 163 145 65 38 107 197 251
    204 51 21 156 193 128 53 159 82 218 187 39 178 125 85 247 13 145 72
    62 0 193 248 184 121 66 192 39 121 43 93 46 209 149 198 232 36 106
    22 103 119 21 130 146 223 24 162 251 50 129 230 56 74 184 72 140 202
    52 127 219 150 92 33 250 56 52 223 153 220 242 63 96 164 228 196 246
    166 34 206 73 231 99 153 223 223 51 11 179 190 57 52 248 178 234 191
    215 196 13 192 199 183 172 70 39 7 7 74 104 46 44 107 92 43 13 185
    226 155 217 133 170 16 217 97 253 87 142 15 77 201 187 197 75 99 55
    137 166 194 195 158 100 110 213 35 18 240 151 148 8 249 243 54 194
    205 229 23 33 4 148 149 106 118 172 40 111 11 170 173 58 132 210 10
    96 83 9 56 215 255 185 90 36 12 116 237 31 12 17 92 101 173 62 26
    129 36 163 32 152 135 175 106 19 52 89 202 145 215 192 6 89 3 205 31
    97 9 193 151 201 91 224 249 38 229 225 103 73 221 25 145 159 110 73
    61 21 203 123 152 196 93 248 97 217 35 16 103 86 46 230 173 238 56 4
    234 27 79 98 1 200 144 1 149 45 148 156 207 11 154 252 72 212 92 120
    227 233 99 140 237 166 238 10 189 185 86 236 13 63 84 157 55 6 14
    187 212 20 13 35 31 179 32 163 43 86 42 67 92 16 191 121 121 220 143
    12 178 164 183 15 205 190 217 165 212 134 251 74 222 65 247 97 50
    168 121 0 131 177 25 68 46 145 89 48 110 54 0 19 176 103 3 247 1 6
    248 13 227 20 202 215 32 85 97 173 178 229 217 45 115 7 70 173 95 52
    97 67 50 135 116 204 173 119 122 3 129 22 231 80 118 68 217 11 148
    52 116 243 39 179 200 206 61 239 204 123 84 144 14 215 95 78 27 101
    80 40 76 164 226 255 75 172 47 218 220 166 21 252 165 205 23 60 242
    59 131 245 199 221 34 194 31 139 45 91 191 68 119 45 184 62 170 49
    186 103 70 162 34 52 204 119 235 145 221 7 73 16 22 3 200 117 192
    104 54 21 71 68 25 24 217 21 111 96 41 55 143 105 105 128 135 42 159
    127 39 200 104 69 68 177 217 192 49 234 24 123 210 188 155 70 213 51
    39 91 226 191 118 22 244 112 218 77 85 95 11 198 158 124 185 59 241
    5 94 139 228 232 49 246 183 220 68 162 74 179 209 127 111 130 23 131
    20 209 159 83 164 34 36 101 162 77 66 164 232 186 142 123 34 236 59
    100 82 60 215 154 123 239 28 242 28 197 41 83 225 129 135 243 49 36
    137 41 76 239 144 244 217 224 46 70 148 169 88 89 75 166 133 38 152
    131 160 27 212 238 235 238 243 166 137 211 89 54 109 228 236 68 81
    141 30 81 106 102 157 125 241 172 128 249 245 137 6 3 77 145 216 226
    111 137 136 249 38 67 198 194 195 95 10 144 208 113 77 217 44 153
    231 125 26 212 212 159 27 224 211 104 189 242 147 241 46 200 208 224
    209 191 38 67 114 61 34 34 203 166 69 99 22 164 71 165 252 248 238
    58 96 129 233 189 144 70 237 199 228 172 39 39 1 74 100 13 113 104
    192 162 247 63 179 252 35 182 88 212 53 222 143 73 128 177 130 87 33
    5 149 235 66 61 201 100 92 156 61 170 116 151 63 118 7 157 175 128
    100 185 249 207 7 231 216 174 201 37 55 34 175 159 200 87 64 207 213
    248 134 239 95 189 228 234 166 50 210 44 27 237 109 52 49 110 24 60
    242 185 119 148 118 101 106 134 165 87 103 61 236 149 225 72 80 112
    105 214 18 232 233 144 103 66 59 122 120 231 221 92 227 30 62 30 164
    244 73 16 81 165 46 110 169 117 123 142 219 107 194 102 11 201 93
    112 132 229 195 45 120 176 219 83 242 103 188 21 234 59 110 11 157
    187 35 151 185 169 171 7 62 54 110 62 14 75 250 127 94 146 201 15
    125 58 182 34 100 206 206 95 215 220 41 132 76 214 218 87 87 10 73
    236 215 204 116 162 205 104 209 25 11 191 177 253 122 249 144 106
    186 238 44 197 218 21 48 107 31 130 46 24 175 49 181 99 177 168 206
    208 53 66 142 111 33 252 175 204 152 11 173 125 175 102 35 181 70
    113 7 11 0 164 249 174 213 88 222 198 82 1 34 159 234 102 221 225 90
    219 88 15 21 200 120 252 31 209 36 54 112 173 195 205 248 40 200 24
    119 4 58 124 47 60 79 102 47 32 82 6 75 107 129 150 195 81 34 3 162
    62 229 253 49 30 21 239 58 19 196 93 53 214 53 80 58 7 233 93 15 186
    243 13 68 17 59 121 71 137 63 193 239 14 154 36 185 104 1 242 196
    240 146 32 20 125 194 35 202 8 122 227 193 185 141 16 23 112 116 255
    33 171 155 239 91 127 25 156 88 76 254 92 123 93 124 154 82 152 116
    164 34 100 114 5 53 187 8 167 85 249 15 86 114 109 240 223 56 37 58
    108 4 121 154 248 100 102 196 131 85 223 243 28 211 123 150 62 208
    218 195 160 83 67 38 155 156 68 218 112 193 125 230 105 97 240 144
    157 78 105 47 187 138 179 144 184 125 168 143 191 211 204 129 75 238
    50 247 174 224 119 36 208 156 26 147 101 185 59 68 81 129 136 201
    220 32 113 54 110 128 178 217 8 161 128 232 224 53 95 7 91 232 35 63
    8 84 205 183 171 203 182 64 185 129 56 177 141 183 167 41 165 81 22
    236 166 201 113 242 103 38 55 206 43 152 116 136 60 15 244 77 62 137
    131 209 102 18 16 47 93 119 3 48 159 217 209 220 69 60 11 140 150 1
    220 83 49 161 236 150 9 36 245 219 32 126 20 141 149 62 191 78 161
    217 37 80 114 135 159 151 154 227 98 176 37 136 207 231 130 25 232
    83 185 182 182 32 133 77 177 112 212 144 91 3 156 78 9 252 58 239
    104 237 54 50 74 222 136 72 211 241 54 88 84 152 237 226 50 129 103
    241 200 189 93 140 214 204 93 26 150 83 168 142 148 171 97 166 94 83
    237 104 75 108 252 21 177 31 242 45 115 170 151 199 141 16 178 249
    43 133 154 9 35 40 64 129 30 44 244 173 216 122 81 161 144 241 135
    243 23 0 153 164 149 228 211 210 61 134 244 101 136 78 235 120 250
    201 229 46 136 118 221 11 172 113 111 52 163 111 37 202 50 87 152
    243 132 15 0 23 92 140 180 137 138 208 70 244 17 132 232 116 158 209
    55 97 144 124 126 121 10 179 210 46 49 122 190 132 83 110 40 144 216
    204 100 83 9 101 26 114 221 185 47 144 38 140 198 90 17 27 32 45 106
    115 238 166 184 198 202 254 65 64 237 39 134 44 48 14 81 72 203 26
    164 84 153 250 218 74 16 228 49 209 61 196 171 95 135 98 120 87 170
    36 205 92 142 116 217 255 115 45 129 175 230 65 6 95 180 29 133 211
    44 92 33 201 21 242 227 221 34 178 186 127 201 222 183 205 199 235
    169 43 111 58 71 0 117 161 9 162 208 159 224 33 152 33 229 161 36 22
    51 148 248 215 104 123 11 135 91 83 50 167 45 2 141 44 148 163 142 8
    212 65 116 75 41 219 119 131 44 185 177 108 99 233 221 170 10 124
    176 62 51 255 3 143 215 46 48 148 239 65 151 197 230 94 236 135 134
    27 36 162 236 136 214 101 127 189 163 224 204 143 175 37 191 192 129
    58 141 204 39 18 204 179 23 65 242 246 67 166 165 79 212 59 185 237
    237 131 199 81 197 28 169 79 61 214 131 190 176 130 66 139 145 14 50
    139 131 142 80 96 102 47 122 107 33 47 154 74 219 148 151 131 4 88
    185 212 146 105 222 4 225 206 185 108 174 194 90 0 0 209 21 255 17
    45 5 214 47 161 44 227 145 122 46 36 175 88 49 225 2 32 96 95 65 150
    255 144 26 190 146 207 145 251 64 96 62 116 203 13 92 77 127 64 156
    28 232 246 80 189 16 209 123 83 251 169 52 207 26 83 132 195 206 159
    162 59 194 129 113 217 123 102 47 124 144 94 156 97 157 12 138 134
    252 219 143 53 22 24 44 127 24 19 100 118 82 59 133 193 33 74 33 145
    105 164 191 124 65 54 164 182 60 204 92 110 249 123 123 70 29 92 16
    167 227 227 190 225 194 230 115 66 168 219 106 255 87 72 231 91 77
    59 26 21 144 231 6 129 177 94 184 70 219 200 127 82 5 168 35 126 35
    183 153 56 182 118 194 27 64 242 45 7 25 121 37 197 189 175 104 61
    48 18 189 248 164 228 199 10 201 26 203 206 182 23 54 249 10 69 154
    149 22 172 217 31 150 184 137 166 117 249 143 159 181 164 97 70 229
    105 200 253 195 182 98 150 180 137 158 228 142 218 146 18 105 164
    229 186 39 228 102 91 157 188 21 255 214 99 15 58 29 224 59 17 26 65
    114 75 135 222 191 103 165 67 239 20 96 3 184 58 67 58 107 93 227
    252 37 149 214 171 187 2 101 51 20 217 167 140 43 203 67 101 178 254
    49 92 162 136 115 111 9 63 118 160 105 164 232 215 176 154 0 48 238
    239 134 126 223 225 44 234 76 28 173 153 108 245 125 108 176 26 110
    141 153 253 35 149 164 193 70 232 162 199 161 135 49 129 161 206 152
    77 218 77 199 110 80 151 201 10 115 90 128 137 220 247 192 182 255
    37 222 103 68 73 88 10 82 21 61 216 232 161 215 202 103 194 209 185
    105 139 107 196 240 67 37 254 226 72 67 77 35 70 225 223 108 150 117
    82 55 79 113 47 182 177 142 194 22 215 23 2 103 81 48 72 17 160 190
    83 87 130 136 31 198 35 91 178 203 4 179 242 3 37 194 56 182 31 252
    58 180 192 240 34 158 252 107 125 158 217 172 5 254 68 106 40 121
    198 215 188 89 128 38 9 232 56 42 196 106 129 159 199 140 133 150
    194 82 78 142 14 231 196 184 12 141 124 83 62 166 137 118 3 205 225
    38 230 221 201 165 51 252 0 28 198 46 227 146 33 73 216 5 86 18 74
    100 177 242 208 104 180 132 211 120 28 42 133 242 114 76 139 234 215
    31 60 51 122 104 3 66 59 49 62 253 228 98 0 119 224 252 240 247 175
    87 186 143 9 243 175 185 194 20 115 94 40 67 84 241 136 246 177 165
    120 155 199 160 106 232 32 156 19 64 41 81 101 99 119 227 145 255
    168 170 85 9 178 62 132 53 249 149 68 34 182 131 217 48 136 116 115
    225 85 245 105 17 216 31 142 58 235 187 232 102 168 102 96 37 178
    235 153 36 150 175 53 137 58 10 104 200 168 207 88 73 155 125 116
    210 116 11 101 157 76 68 1 55 211 234 202 170 255 157 0 140 117 166
    127 68 242 2 234 224 159 82 66 180 170 26 198 231 189 170 175 152
    162 15 40 227 8 62 138 186 50 146 162 159 60 40 21 58 189 202 243 20
    10 227 194 77 229 24 49 11 239 148 78 176 221 147 85 128 117 5 225
    65 134 35 36 196 98 130 2 113 4 145 214 38 206 159 8 124 92 98 126
    55 131 124 228 215 249 178 32 141 25 22 31 61 1 39 196 153 190 40 67
    169 247 41 63 65 33 33 158 57 187 102 97 197 154 200 108 8 222 158
    32 179 9 135 131 205 148 181 70 133 121 161 177 99 152 153 102 12
    166 139 124 150 83 29 191 68 101 40 41 201 251 204 191 209 227 192
    153 186 202 15 220 234 199 226 92 142 22 39 12 246 124 68 14 200 227
    82 39 62 31 97 115 178 59 68 247 193 210 112 156 210 49 47 131 169
    48 126 170 59 117 140 166 117 219 171 121 35 32 225 49 85 103 210 72
    39 89 119 44 148 108 90 227 184 26 16 29 149 23 182 12 234 86 21 44
    183 111 91 25 167 184 142 74 15 167 171 108 111 12 77 141 117 155
    131 81 62 242 18 55 242 29 185 118 24 191 197 61 111 121 168 156 5
    136 194 235 230 62 88 89 214 58 254 204 147 170 252 115 156 141 203
    102 100 89 148 37 244 206 167 25 45 118 19 88 119 239 105 189 254 8
    112 233 64 26 10 112 24 28 170 160 51 232 15 166 58 94 196 203 94
    163 106 231 28 107 18 81 33 158 112 166 243 218 73 62 201 213 193
    233 59 13 29 168 139 253 114 25 112 109 197 38 36 73 70 100 2 163
    124 30 6 15 163 210 157 50 56 233 77 207 169 48 25 16 232 15 107 217
    161 186 9 159 40 26 2 178 72 75 67 142 137 229 19 136 225 92 54 193
    177 155 94 233 4 9 211 55 141 85 4 197 198 33 22 59 230 222 179 188
    2 185 31 210 71 249 67 168 25 244 73 200 74 183 155 89 12 3 102 69 5
    204 2 224 25 233 136 37 249 242 222 215 193 181 88 206 76 43 149 225
    180 28 95 143 245 23 221 172 64 82 57 9 255 242 108 108 81 235 236
    59 83 232 84 192 177 134 178 39 72 150 32 239 150 125 154 211 249
    176 102 34 70 67 236 160 194 178 212 38 38 187 58 79 6 172 172 210
    163 141 147 115 3 2 242 34 91 204 11 203 148 69 197 18 53 168 238 73
    73 210 157 253 34 243 36 176 255 84 197 230 188 87 36 241 134 111
    101 16 119 23 232 9 255 66 83 66 164 133 133 88 117 185 146 27 36
    194 21 35 216 120 134 138 112 4 42 137 32 14 64 185 244 151 217 0
    166 55 243 166 145 95 178 22 4 195 128 124 106 149 112 156 234 100
    255 147 29 60 74 169 0 159 204 196 255 10 165 150 124 255 74 49 101
    30 84 127 249 26 178 3 34 93 35 92 184 61 89 37 194 163 251 193 199
    30 30 69 99 247 40 112 214 61 168 69 188 211 99 111 187 10 199 227
    58 6 246 22 196 228 43 159 30 193 174 115 43 20 62 74 134 90 252 246
    197 224 213 155 11 150 67 228 25 229 124 57 70 156 250 1 167 102 50
    123 90 220 174 90 6 190 168 11 209 151 125 161 73 28 91 192 78 253
    15 10 74 243 78 52 28 26 35 44 114 72 21 12 118 217 179 34 180 188
    224 199 97 205 179 169 58 189 36 110 33 6 115 232 65 221 202 116 182
    195 228 79 143 120 170 129 99 104 242 125 198 156 240 191 61 182 226
    106 186 83 120 132 244 74 128 231 128 167 128 250 190 165 202 162 67
    156 175 134 8 163 163 38 4 239 3 44 80 249 9 21 171 98 44 179 203
    218 95 46 193 105 15 15 7 28 247 183 87 118 209 123 136 52 192 240
    103 56 92 225 90 216 56 10 10 101 146 170 237 105 42 222 39 216 89
    99 135 159 34 113 56 19 156 57 5 246 4 4 131 1 110 174 57 133 4 166
    62 1 223 229 210 130 112 55 56 70 147 45 15 31 115 121 124 248 100
    156 63 65 83 228 136 115 165 203 87 75 5 252 210 74 59 124 254 169
    81 150 15 17 232 209 132 204 30 62 0 211 83 86 189 117 28 243 208 68
    222 229 61 228 58 74 173 190 123 206 19 200 32 184 203 42 143 75 14
    134 166 51 120 13 16 65 132 10 116 130 83 30 45 174 116 255 106 157
    101 172 106 109 166 108 87 100 19 223 98 177 84 153 27 217 87 45 15
    239 184 232 17 120 85 36 204 10 161 94 96 27 231 100 115 162 0 105
    236 175 254 28 95 192 225 240 7 41 181 49 97 166 64 202 89 209 240 0
    208 77 101 171 143 0 38 134 52 230 24 65 211 33 225 180 144 40 237
    26 198 39 202 238 207 137 29 53 191 101 242 216 200 154 83 124 246
    237 183 217 58 52 79 250 72 143 176 69 189 37 193 245 153 220 58 240
    36 191 146 149 137 228 118 106 128 26 200 169 215 18 206 240 255 196
    226 168 22 145 78 183 216 172 92 51 62 200 95 83 139 75 62 213 61 35
    180 251 100 29 118 17 193 166 171 107 214 229 158 168 204 174 41 81
    246 102 241 145 154 161 125 3 161 220 210 58 28 115 144 30 122 41 23
    187 166 77 155 198 190 253 94 114 179 3 48 118 110 181 67 239 107
    103 124 48 43 65 52 4 62 178 215 63 10 154 176 217 215 165 214 162
    77 155 134 73 125 26 44 91 231 250 6 130 207 110 143 166 43 86 124
    68 195 47 71 64 48 175 166 245 135 72 103 233 10 87 132 158 94 29
    160 92 227 243 117 109 142 91 155 42 48 220 144 64 73 55 240 99 201
    181 86 94 48 73 16 13 209 199 59 173 32 164 181 147 141 151 109 15
    90 252 210 110 69 166 240 68 245 2 38 240 137 15 198 105 122 223 85
    45 123 248 94 144 248 175 8 216 160 135 107 230 111 20 132 199 84
    242 209 77 197 77 15 255 57 224 157 40 2 200 61 1 221 149 163 64 19
    122 239 195 47 152 235 244 212 160 159 102 113 36 27 159 52 44 122
    137 145 134 243 120 189 185 140 1 120 53 32 190 218 52 248 75 203
    165 38 222 154 61 64 94 21 104 167 182 197 193 90 48 99 39 21 53 160
    183 79 9 38 175 249 148 151 17 222 83 167 217 25 84 169 250 154 241
    89 3 34 24 234 129 208 13 24 126 95 236 114 158 203 126 141 79 127 5
    43 73 100 25 52 46 32 117 106 90 139 220 33 179 18 227 126 93 253
    252 231 183 65 203 210 154 220 89 43 64 69 33 184 24 62 222 67 114
    135 39 211 142 122 202 143 45 71 2 113 241 239 31 243 165 194 238
    202 206 140 247 236 224 181 154 248 192 55 75 50 242 219 210 182 110
    127 158 112 253 13 212 78 232 208 41 12 76 211 244 26 88 42 198 102
    207 136 233 107 162 208 161 29 21 193 131 108 56 194 183 41 164 191
    75 38 235 64 226 251 73 71 233 28 222 144 230 142 83 168 178 145 155
    106 18 39 116 65 96 151 116 238 129 196 48 231 160 141 224 30 15 229
    26 198 254 237 67 40 21 161 77 57 172 48 138 101 10 207 29 58 213
    247 39 210 181 81 45 56 76 241 179 247 2 161 133 123 242 182 45 0 27
    197 222 156 154 120 190 240 120 234 24 134 136 177 161 188 119 222
    121 216 102 14 255 83 61 171 141 23 153 41 56 66 215 221 197 217 34
    157 164 38 46 228 189 153 123 189 115 77 16 254 38 39 162 105 209
    236 49 62 221 80 102 226 101 99 247 163 12 30 128 148 30 214 47 117
    147 146 178 249 70 238 120 187 70 50 59 124 218 154 198 163 217 117
    194 247 185 120 99 184 25 253 90 137 190 146 99 193 36 93 151 193
    226 231 82 160 52 6 66 15 25 93 62 163 35 11 99 174 14 206 22 97 45
    151 32 139 140 112 245 51 196 142 122 203 48 2 158 140 15 194 37 104
    254 68 146 125 128 73 229 231 105 41 166 74 114 195 55 246 87 44 52
    0 183 92 91 79 6 252 167 135 60 82 116 101 80 189 168 210 170 35 223
    244 15 195 159 30 201 55 210 112 251 66 242 67 58 68 138 104 15 156
    242 201 38 186 228 10 128 255 26 68 214 193 236 4 222 88 234 5 159
    230 237 206 66 252 87 228 151 20 229 190 68 249 127 66 213 56 62 7 5
    8 80 237 93 81 123 16 232 110 75 89 156 152 233 195 164 121 31 2 135
    250 155 206 174 2 66 213 207 167 201 220 110 91 131 62 232 33 169 35
    38 198 110 33 192 28 227 218 166 246 168 148 232 10 24 125 25 163
    104 46 219 77 158 27 67 151 48 202 174 3 170 236 130 145 243 57 11
    66 70 25 193 35 48 73 150 90 182 86 168 77 10 202 189 32 221 16 80
    96 187 22 201 23 155 157 15 207 195 202 196 40 63 186 224 72 23 96
    215 197 210 101 231 56 213 209 241 243 235 210 48 62 87 200 220 203
    205 42 209 41 74 79 220 107 2 179 7 197 213 229 156 18 219 151 125
    13 5 58 147 177 110 53 128 11 111 56 240 105 25 46 173 127 191 105
    121 236 33 96 115 186 24 176 29 108 151 24 248 254 159 226 51 165
    186 208 10 73 125 64 29 55 2 108 172 180 18 250 112 118 170 127 192
    250 133 128 148 202 64 6 100 195 236 3 133 158 123 178 67 246 170
    165 167 122 122 197 65 3 247 171 230 207 102 194 116 240 197 250 113
    252 199 160 21 104 108 41 203 187 144 27 119 29 103 19 219 52 112 69
    251 115 136 87 124 125 73 38 165 183 203 64 232 167 181 126 43 172
    244 131 16 181 151 71 173 245 215 5 50 49 113 17 92 234 106 5 219
    180 92 108 255 171 181 196 230 248 113 181 106 94 15 249 129 4 38 72
    164 158 125 138 10 80 148 45 145 250 128 11 86 211 209 161 73 79 62
    212 210 169 250 58 117 194 245 69 151 70 201 49 211 141 41 179 107
    115 172 144 28 129 112 20 81 193 129 192 213 236 148 209 0 253 127
    34 42 12 19 230 148 63 61 42 67 35 130 58 160 20 43 91 18 61 197 132
    142 167 40 70 157 104 20 195 153 142 236 157 208 207 53 179 148 210
    203 12 173 246 153 50 222 40 100 221 26 33 107 177 231 49 18 136 24
    254 230 21 103 134 36 123 127 71 253 223 202 199 53 202 35 191 71
    102 97 43 107 115 46 9 4 252 216 139 243 169 210 77 34 113 93 68 235
    234 59 225 56 129 80 178 165 132 79 0 109 33 236 236 114 145 70 100
    154 46 206 85 20 145 54 31 221 98 93 185 174 234 136 229 67 210 172
    238 117 152 34 173 33 184 140 232 122 86 183 112 189 117 34 167 226
    52 177 89 7 59 16 158 208 227 40 25 116 50 41 245 5 172 16 101 14 68
    36 128 101 63 47 185 95 101 122 111 101 82 240 93 102 115 53 38 74 6
    233 186 158 26 204 203 235 41 102 54 10 180 168 96 48 87 109 55 51
    85 136 197 206 178 146 5 142 161 31 67 6 184 15 50 126 197 88 99 110
    16 101 16 230 198 181 180 29 174 132 45 118 219 227 182 139 2 243
    192 220 223 8 125 130 3 42 67 128 247 60 37 185 127 185 49 103 208
    70 120 164 252 236 86 65 172 243 139 60 248 107 99 83 156 177 97 193
    106 58 193 123 14 204 191 90 145 55 219 246 166 132 188 231 195 221
    228 88 43 20 104 86 58 36 166 148 216 16 144 124 237 241 113 137 56
    130 31 9 197 40 167 91 33 143 159 34 97 251 148 152 27 122 122 137
    69 81 156 132 80 140 212 254 160 175 216 174 18 189 222 207 207 141
    204 226 123 214 88 46 68 67 157 246 58 118 213 13 138 117 122 78 207
    44 157 22 115 221 130 133 84 252 250 207 170 44 134 41 80 32 8 250
    122 118 196 132 204 150 249 115 117 250 3 74 242 136 68 217 178 29
    247 104 138 47 161 59 149 155 109 114 156 156 240 182 14 246 80 75
    64 106 41 15 238 250 125 10 73 183 59 128 0 8 90 247 220 233 245 238
    49 173 11 12 111 28 55 251 166 84 37 179 199 23 167 7 70 104 232 242
    160 199 79 126 145 19 171 212 141 102 107 58 215 235 199 115 199 221
    146 96 60 246 191 93 178 2 35 252 0 30 32 216 197 132 91 51 71 255
    250 187 201 205 204 52 165 119 85 86 161 245 105 233 160 7 120 214
    148 157 91 142 174 197 233 244 18 3 114 184 124 48 145 106 60 247
    203 16 70 230 174 231 239 208 101 59 22 99 66 133 77 184 236 204 227
    72 177 0 242 177 177 52 246 115 251 1 28 218 77 94 20 111 51 153 183
    215 85 241 174 244 94 146 67 195 45 33 166 196 185 129 190 108 84 61
    212 206 231 91 33 9 175 189 65 112 156 169 215 13 117 111 67 59 79
    243 243 55 149 14 136 40 53 95 225 87 92 14 248 131 73 58 26 19 221
    124 128 115 241 122 55 24 174 18 6 144 235 194 195 57 125 9 133 33
    60 168 164 103 62 244 194 96 4 177 212 187 45 72 148 100 64 198 235
    86 211 11 41 190 242 252 99 242 147 80 174 138 42 224 49 251 63 52
    116 122 19 235 213 143 84 108 175 16 77 144 229 17 148 124 230 164
    253 235 244 172 21 44 255 67 159 239 230 46 5 226 192 101 78 24 167
    53 214 41 203 164 200 140 206 208 23 118 136 13 229 77 36 111 42 38
    5 114 8 108 18 242 169 136 8 89 113 122 131 11 90 203 161 59 241 247
    69 44 76 99 192 127 130 3 141 158 10 107 189 2 213 233 0 253 176 174
    137 34 129 106 150 10 132 250 76 228 113 43 163 64 94 127 94 166 235
    102 194 177 47 163 142 188 38 228 158 227 158 121 162 2 91 35 253
    201 96 159 130 166 112 151 59 1 86 255 235 125 53 68 82 86 56 246
    189 202 231 87 32 141 187 253 180 51 5 129 16 37 139 28 233 158 209
    8 75 45 169 87 223 6 34 175 34 26 223 13 29 127 4 218 184 190 235
    174 199 241 168 2 57 23 178 97 14 70 139 161 170 221 182 87 71 82 90
    254 114 138 224 57 202 248 3 145 169 176 51 85 178 2 141 15 199 28
    250 143 26 137 243 68 37 91 140 88 223 221 178 69 206 204 136 220
    247 50 212 190 9 164 163 44 198 180 23 214 47 54 217 255 158 68 157
    171 25 142 169 112 140 16 37 207 112 240 140 140 170 230 235 114 160
    22 140 179 56 190 9 49 11 65 213 108 19 96 190 145 86 163 205 198
    170 38 177 89 100 176 125 247 168 98 181 229 30 221 147 21 65 213
    107 95 124 13 154 245 226 145 71 249 209 37 254 46 139 91 183 214
    202 43 87 168 195 158 67 144 158 189 68 102 109 188 202 217 110 109
    200 66 252 35 106 111 4 143 214 161 61 139 182 201 87 244 236 113 63
    249 194 66 142 219 251 206 208 230 109 84 224 176 116 226 15 232 244
    209 66 251 152 104 226 147 251 207 89 70 16 36 29 97 109 5 62 180
    239 163 132 82 150 138 45 19 61 89 78 23 68 241 45 86 103 100 110
    120 101 153 14 54 248 207 135 206 203 142 46 57 185 201 69 209 35
    175 182 61 236 204 105 219 183 134 77 198 150 218 237 253 41 192 8
    194 33 168 251 238 170 217 32 188 231 53 10 54 193 215 133 209 45 86
    144 54 196 78 55 139 197 53 196 74 120 85 240 102 253 85 121 135 166
    130 19 220 14 99 130 158 14 173 65 99 235 187 164 6 100 107 48 62 16
    25 121 123 162 120 170 142 45 63 233 150 196 86 246 198 164 130 192
    213 14 110 86 147 45 34 169 162 165 242 197 82 27 105 232 244 218
    205 162 199 71 34 27 136 126 241 96 200 118 37 43 83 239 159 133 57
    108 16 137 32 75 25 16 41 40 212 106 213 233 132 225 195 123 161 128
    25 216 216 176 96 101 237 166 224 240 151 241 245 87 21 27 199 49
    107 55 183 72 172 192 48 45 160 137 65 239 97 171 250 186 205 239
    242 74 15 199 253 48 173 122 67 219 0 172 40 161 70 97 186 46 184 44
    103 67 94 7 235 246 117 71 134 170 18 220 28 116 242 220 5 240 171
    236 210 228 5 124 153 80 231 196 20 188 31 171 246 235 213 92 211
    118 22 98 100 118 199 132 126 88 77 180 17 74 2 76 46 10 194 59 133
    57 139 186 237 115 92 90 105 62 169 28 30 251 53 253 94 118 101 188
    47 247 105 191 92 197 252 135 47 86 116 123 216 21 79 17 82 167 104
    90 134 37 194 174 14 14 190 75 73 80 197 35 139 60 43 119 154 31 255
    16 105 46 165 189 19 199 184 125 184 25 200 123 39 75 245 69 146 131
    70 86 240 140 103 69 12 65 212 162 183 248 253 159 100 108 9 146 63
    142 10 129 72 53 138 182 34 26 219 237 147 65 11 21 0 143 160 158
    112 179 250 142 201 35 146 203 177 101 169 136 77 102 232 28 21 183
    28 74 77 145 31 130 27 159 61 236 236 116 195 220 233 5 4 129 225 88
    220 154 107 83 117 151 107 113 88 15 118 248 132 241 47 209 50 95
    177 246 166 75 230 226 203 15 83 73 172 102 86 99 212 37 131 118 112
    194 64 104 37 77 53 234 19 223 29 252 51 176 57 151 252 247 108 240
    61 120 209 65 115 97 214 43 253 127 47 65 1 96 31 172 239 74 207 178
    166 93 205 197 68 241 123 174 113 165 176 190 37 111 227 154 246 253
    226 235 44 187 208 100 221 161 27 61 84 245 210 97 135 247 10 98 178
    118 60 35 96 95 36 199 63 38 25 115 217 102 99 107 63 204 171 153 26
    58 86 36 156 205 64 213 168 227 171 64 50 113 228 148 209 73 183 178
    164 224 133 15 42 2 196 54 55 221 225 55 171 90 3 117 47 80 119 12
    196 135 180 85 133 197 224 126 77 66 1 168 193 135 172 112 19 194
    166 34 78 247 128 111 128 243 120 200 115 142 132 243 180 216 247
    254 220 200 236 110 41 40 80 108 95 70 81 64 63 245 204 179 132 154
    184 233 188 39 206 25 226 245 83 133 10 27 2 57 213 69 74 227 22 65
    155 88 184 71 14 177 186 76 127 172 193 153 28 181 238 172 88 152 90
    88 137 12 206 225 105 28 74 164 79 60 176 164 104 97 246 148 146 135
    150 113 84 82 176 3 155 166 139 101 161 44 155 36 87 111 105 198 251
    97 21 88 95 41 230 186 248 224 200 218 182 240 29 141 32 143 52 120
    103 233 30 199 29 161 97 104 226 193 88 84 81 101 72 170 118 38 188
    94 116 110 99 226 190 230 2 54 122 222 162 239 232 13 204 124 96 96
    210 221 184 119 33 54 36 143 253 155 144 86 156 116 10 84 73 104 214
    121 231 61 42 96 243 159 149 145 15 244 192 174 174 84 201 150 82
    202 228 207 30 253 147 101 231 154 165 86 243 229 184 182 212 214
    248 246 60 189 40 208 62 207 7 132 77 20 144 7 199 211 117 26 211
    173 206 134 162 21 225 121 188 23 192 147 216 219 34 124 221 202 207
    61 54 229 84 66 175 112 47 96 112 190 209 157 108 134 172 1 97 72 87
    22 30 227 228 105 105 143 209 176 106 41 44 92 12 103 74 58 30 69 23
    98 220 207 139 31 58 7 27 243 61 247 182 8 22 160 131 244 197 42 234
    49 196 232 70 205 7 25 108 201 161 52 175 99 16 233 35 85 75 180 34
    114 124 234 24 58 51 254 216 42 194 44 171 197 207 151 73 8 11 192
    52 108 208 25 18 147 2 87 206 1 112 31 209 197 36 225 163 215 218 72
    39 212 96 77 119 105 18 188 239 25 211 254 203 215 119 55 151 136 50
    61 231 143 190 9 117 15 73 128 164 222 18 115 253 168 152 241 186 54
    42 151 2 199 221 204 247 222 179 64 70 205 178 3 8 92 86 221 154 209
    132 116 13 53 199 133 83 158 124 90 106 99 63 154 49 1 193 8 127 152
    162 83 0 54 17 189 25 85 168 165 171 122 250 113 162 2 242 201 230
    159 221 126 56 164 236 150 182 46 142 141 210 210 194 228 53 60 22
    34 192 57 7 245 124 124 235 180 92 124 118 210 34 92 205 116 98 164
    27 99 207 46 8 101 122 50 120 137 54 24 54 216 197 78 18 40 28 51 82
    177 105 123 185 145 113 246 194 46 254 23 10 228 187 156 134 244 64
    174 5 51 16 130 122 255 145 103 127 14 166 14 116 194 199 199 27 243
    192 86 225 235 236 190 88 160 248 108 29 22 133 214 207 234 142 203
    64 68 90 89 229 68 16 247 216 209 71 20 196 169 177 100 119 6 126 94
    201 80 90 174 175 94 221 177 198 9 103 12 192 113 2 57 32 149 92 54
    26 175 113 215 75 11 69 221 226 235 112 152 93 73 209 114 233 247 65
    37 25 247 32 33 202 115 32 54 50 199 225 248 12 245 164 178 73 143
    129 164 243 220 171 47 212 216 123 186 16 192 22 24 77 215 239 53
    253 48 240 134 88 116 228 130 53 172 108 218 163 242 207 198 112 223
    224 160 133 183 139 124 59 72 42 131 168 211 224 224 175 172 43 16
    53 231 158 102 93 215 87 195 107 185 29 21 1 22 160 88 38 69 124 213
    123 108 227 143 247 12 32 59 96 248 148 184 18 132 212 42 99 35 204
    126 174 37 142 230 29 246 174 69 58 242 203 243 180 163 124 116 50
    241 226 85 72 88 103 90 140 104 46 76 102 185 92 158 40 130 75 197
    64 151 177 73 128 168 127 134 189 94 28 94 17 195 174 144 213 250
    180 16 70 75 202 66 187 120 112 61 217 138 222 3 226 130 94 213 153
    14 173 11 147 32 247 255 253 168 191 8 72 57 80 28 19 235 124 2 238
    65 235 196 186 62 171 119 54 11 173 68 81 216 109 32 46 106 121 181
    238 96 146 219 62 97 192 73 75 242 76 26 3 25 174 88 243 48 183 243
    223 127 225 38 128 11 121 37 106 7 97 64 145 210 20 177 161 60 91
    128 232 165 89 219 232 93 57 77 181 139 91 228 9 38 8 87 145 49 175
    126 48 116 23 178 4 48 130 153 98 61 86 181 197 108 21 15 138 224 57
    44 223 160 174 28 150 138 204 112 198 177 79 8 247 151 248 33 178
    183 82 44 125 63 4 126 87 237 117 115 179 59 0 72 155 98 28 112 205
    216 52 13 228 0 18 83 12 172 246 89 230 94 173 47 42 228 79 106 175
    233 236 16 169 133 200 184 213 70 134 112 163 37 62 204 144 114 54
    155 101 240 236 149 96 160 150 19 242 11 234 12 119 210 79 119 208
    43 81 167 208 4 0 169 70 176 76 237 200 209 69 194 65 150 47 221 27
    191 89 185 229 197 138 248 223 31 11 159 186 117 167 84 105 175 17
    212 28 165 116 84 107 235 241 247 130 124 184 38 153 227 200 95 250
    93 16 206 190 173 99 14 54 36 170 181 133 108 228 43 109 122 200 73
    149 22 144 76 77 252 147 228 246 44 139 33 224 216 4 96 137 58 182
    31 202 188 148 50 182 224 71 195 43 198 139 58 155 90 11 129 20 98
    102 27 70 132 252 169 139 52 208 194 121 133 127 91 60 241 73 177
    109 209 171 91 189 220 113 212 3 220 55 24 43 169 3 103 239 88 161
    209 248 243 103 100 166 165 184 52 66 59 125 108 227 196 44 99 16
    168 244 244 190 173 168 106 53 237 18 37 41 148 241 227 101 40 198
    165 28 27 66 193 32 230 181 137 140 65 97 22 114 3 36 195 139 250
    126 235 31 191 73 91 72 198 200 10 110 162 195 244 246 13 252 202
    204 205 34 20 14 94 252 72 69 202 51 59 39 35 0 61 31 73 155 23 230
    20 32 59 43 10 212 194 177 190 33 254 81 141 140 28 133 117 130 173
    187 64 245 25 98 48 227 153 239 205 223 207 166 169 108 118 123 26
    72 255 181 48 42 250 58 245 147 98 158 210 121 141 73 18 175 231 153
    253 16 130 104 10 14 40 61 74 75 204 106 2 129 156 159 155 42 15 217
    75 189 253 150 233 213 14 22 87 168 15 136 207 13 131 41 168 114 87
    191 64 175 90 106 30 176 156 19 105 170 190 42 221 232 52 34 45 218
    244 91 153 166 46 178 42 165 18 145 114 1 185 226 43 32 133 190 82
    63 20 91 214 82 53 33 236 40 26 246 111 190 32 141 160 164 227 128
    100 248 200 29 70 209 128 95 88 79 18 249 209 145 170 242 228 237 3
    189 6 202 147 61 201 209 170 205 193 87 250 171 95 120 166 223 221
    138 51 107 188 136 250 59 7 133 226 104 152 117 45 113 33 201 93 150
    46 174 80 9 229 173 164 143 36 209 17 248 246 48 186 119 146 186 77
    251 70 196 55 174 211 66 0 112 130 94 184 252 53 243 89 202 196 45
    173 215 175 211 235 76 59 29 73 165 43 118 69 95 239 255 69 242 195
    77 233 104 130 63 28 72 106 190 99 180 131 166 139 112 234 116 3 248
    91 54 18 233 157 18 161 158 113 203 35 11 117 246 180 105 198 78 249
    37 235 32 111 126 137 21 186 208 128 200 234 156 104 72 157 14 201
    88 231 142 91 47 2 172 200 138 94 234 197 120 97 69 20 133 67 219
    155 137 77 16 107 4 3 121 224 179 247 178 150 137 181 129 79 168 194
    30 59 27 234 235 40 18 6 185 210 97 223 175 222 185 167 119 115 15
    156 1 31 48 103 19 53 115 212 138 150 195 181 89 117 213 70 196 123
    225 25 70 245 151 207 34 127 28 37 165 185 243 122 250 218 231 185
    39 201 125 119 163 148 147 76 107 72 59 0 30 35 233 179 1 118 75 228
    8 101 74 202 133 171 83 38 164 74 126 172 252 225 82 247 246 85 234
    26 157 5 197 19 126 156 154 138 126 153 188 218 49 210 35 215 165 6
    219 71 30 10 91 205 79 248 135 13 189 74 234 134 161 20 176 105 139
    113 78 199 162 239 170 30 188 107 117 21 47 50 80 15 223 222 233 146
    252 108 13 30 36 166 38 222 234 219 194 127 139 135 170 254 218 115
    45 100 80 22 46 39 77 165 66 185 31 149 120 110 107 63 168 96 14 6
    142 133 200 146 16 143 76 187 35 96 151 47 67 213 84 172 106 171 108
    27 73 138 187 158 67 178 92 148 36 219 248 4 79 4 50 204 139 7 226
    237 232 15 247 252 6 53 147 253 79 94 9 167 200 160 44 217 26 15 30
    177 198 166 2 69 73 15 20 63 196 123 148 246 205 174 16 160 215 0
    208 63 197 248 147 6 99 52 88 201 210 78 114 204 141 151 223 201 23
    206 75 4 215 136 20 63 94 253 203 96 177 194 64 82 3 163 62 1 124
    161 252 154 168 63 10 159 33 145 167 45 2 189 3 223 146 202 0 200 0
    55 143 64 208 111 207 50 161 135 34 119 80 24 177 139 26 214 136 224
    49 145 0 24 222 198 246 52 193 28 116 152 105 240 130 26 131 58 195
    33 127 91 51 57 192 44 98 197 231 233 219 231 229 114 76 49 92 127
    156 124 201 209 207 10 244 98 140 155 22 58 72 34 114 74 137 119 195
    115 115 166 196 135 46 255 155 40 247 224 192 201 244 123 178 68 252
    1 153 89 109 114 96 139 127 8 186 213 119 99 246 240 88 11 161 67
    167 211 255 223 79 155 133 206 189 233 239 85 158 201 138 136 229
    171 155 2 62 136 81 247 67 192 168 202 88 164 66 85 160 27 86 144
    216 159 25 15 59 238 239 161 77 175 169 243 124 39 103 124 177 53 25
    132 174 71 241 15 31 56 16 162 50 222 108 129 2 219 163 227 49 215
    23 149 120 116 244 84 180 247 178 84 227 34 118 44 164 126 26 60 122
    210 123 205 56 243 137 31 14 253 124 118 81 191 197 235 232 55 139
    174 71 217 200 14 185 7 154 41 221 19 222 93 29 194 21 176 87 45 20
    131 236 23 124 7 210 51 73 74 208 77 214 109 20 201 175 24 101 100
    15 56 141 98 56 201 61 43 96 185 147 185 157 237 3 41 221 13 163 100
    168 247 227 165 13 133 156 183 180 36 162 170 122 34 224 120 61 218
    147 183 180 44 102 155 219 10 152 167 32 147 185 194 5 233 137 54
    186 6 143 99 11 76 217 63 169 110 37 70 114 254 194 104 1 168 23 210
    12 202 186 16 83 120 29 8 107 228 84 203 34 220 217 171 41 85 46 216
    244 200 122 176 17 159 48 6 213 110 187 83 199 85 154 101 169 157 94
    220 252 46 200 25 30 131 179 241 237 8 26 74 246 191 44 171 85 51 97
    211 132 156 142 120 149 169 143 13 47 64 196 158 184 54 52 121 21
    185 112 62 146 241 173 97 230 142 177 52 154 56 133 18 136 210 22
    143 24 118 188 11 221 110 177 49 245 69 146 250 219 171 63 26 67 38
    211 11 238 149 252 137 230 95 226 146 197 140 86 55 34 90 188 172
    104 55 62 234 142 158 244 63 40 97 247 144 27 19 25 59 35 187 150
    105 233 196 45 153 85 246 170 66 154 194 101 67 132 72 199 80 203 37
    171 50 121 9 151 109 15 130 121 110 84 85 1 66 235 225 217 226 180
    86 183 159 69 61 248 181 153 59 64 162 210 8 171 192 132 244 27 228
    84 254 247 127 73 251 233 186 197 249 95 212 5 228 18 110 241 102 23
    94 139 198 197 241 80 122 244 204 171 44 253 16 161 117 254 254 112
    83 134 88 153 55 89 103 29 99 123 198 238 26 129 88 119 196 127 83
    192 173 19 163 146 124 46 14 245 196 14 62 45 252 201 0 52 237 169 7
    87 62 238 195 248 151 65 112 130 39 92 36 223 39 186 36 187 18 212
    103 243 122 41 249 254 237 166 212 161 102 174 111 50 163 85 214 128
    80 15 131 23 173 18 170 91 241 106 61 161 210 212 243 46 76 242 220
    140 79 177 144 96 174 101 66 109 136 87 96 229 108 99 8 236 118 198
    200 108 78 244 131 240 205 36 81 133 51 25 21 38 49 83 102 194 64 17
    40 64 123 175 127 251 50 31 85 201 171 133 147 217 189 169 197 220
    90 129 220 192 1 2 223 169 58 213 192 17 207 219 253 145 249 214 19
    145 158 195 193 3 112 226 200 212 4 204 158 60 70 207 108 170 232 2
    107 201 145 112 169 92 189 2 39 20 251 72 243 253 218 178 9 50 85
    218 115 222 84 47 102 193 92 165 174 239 105 234 243 115 0 76 113 43
    249 248 65 167 10 136 67 179 134 129 230 234 254 175 231 174 0 145
    103 177 45 107 186 83 89 216 213 0 130 251 81 125 207 52 45 55 48
    144 167 163 129 166 159 98 69 61 18 40 113 40 6 234 194 222 139 24
    207 162 73 177 205 252 148 23 112 98 243 3 17 84 1 23 115 157 147
    149 40 155 67 43 73 145 136 85 137 28 112 202 203 146 18 84 123 248
    193 3 28 21 119 200 255 125 89 55 69 136 94 145 49 104 11 211 109
    151 195 80 166 95 173 115 143 104 238 56 170 251 28 31 161 160 127
    66 66 81 229 145 82 205 27 145 204 1 37 240 218 210 14 79 69 218 163
    206 49 37 116 75 161 76 92 68 24 116 7 122 85 40 98 186 212 225 174
    248 157 11 19 0 39 41 6 67 126 40 211 232 59 223 232 8 146 190 183
    96 183 180 113 52 102 199 38 36 83 95 149 125 240 86 46 172 16 2 70
    4 221 202 111 230 131 68 89 68 77 177 173 212 202 26 148 246 172 22
    24 254 131 238 37 97 80 58 91 7 27 4 2 201 215 204 113 211 162 222
    125 184 147 241 235 104 197 230 183 229 96 191 166 31 112 162 232
    175 13 8 41 110 44 67 127 105 60 170 153 232 140 66 231 237 47 50
    199 155 65 19 116 230 113 110 9 48 202 133 92 11 202 95 165 4 170 77
    59 112 238 33 177 34 140 154 113 49 90 93 76 167 81 191 45 106 29 51
    240 5 207 209 63 50 3 105 84 212 131 135 95 224 195 76 70 196 53 130
    255 127 171 72 181 240 55 47 99 136 72 85 22 127 186 7 212 218 139
    85 72 29 193 174 80 167 138 201 159 210 68 212 99 240 180 136 247
    231 59 46 241 182 101 219 194 211 220 145 182 39 3 250 6 250 182 159
    52 12 193 73 16 100 239 132 125 95 129 44 41 229 166 221 41 40 99
    123 108 252 110 155 67 60 46 52 153 68 83 62 236 142 8 239 70 242 30
    174 197 2 236 27 97 98 158 139 91 231 45 253 217 59 12 67 217 105
    137 65 104 129 184 56 198 158 101 105 114 142 25 132 12 49 88 239
    219 5 119 166 94 158 231 8 10 15 217 149 65 10 100 55 127 234 45 233
    241 230 113 208 23 112 47 96 76 58 254 193 113 112 115 58 129 104
    235 204 253 69 9 243 84 93 103 44 100 74 122 248 239 180 54 89 160
    124 224 163 130 212 217 56 116 159 152 80 0 48 77 0 54 175 187 250
    184 147 171 206 28 212 63 250 96 128 210 144 193 239 41 154 188 200
    73 194 145 87 69 59 115 20 169 226 81 31 74 231 69 119 188 187 193
    106 192 73 24 222 88 62 62 159 200 252 144 185 34 242 14 225 174 2
    137 204 28 153 115 12 138 46 245 196 251 64 156 178 108 228 254 75
    185 72 18 14 164 32 15 6 205 228 55 12 178 94 253 3 22 181 43 237
    125 5 5 15 210 158 17 223 145 255 89 27 40 92 88 20 224 6 117 127
    164 135 21 1 45 166 64 27 225 4 234 142 57 148 211 90 213 236 50 155
    30 20 18 186 45 38 94 220 174 122 243 181 52 218 119 218 48 142 77
    165 70 81 174 196 132 78 195 136 225 174 51 208 211 232 163 164 236
    79 67 79 205 240 68 11 170 132 32 65 62 128 86 127 35 157 98 75 39 0
    183 35 47 73 232 68 214 40 147 50 20 113 6 130 31 60 242 246 164 197
    109 164 204 243 139 82 16 120 102 151 46 229 106 230 229 126 240 223
    105 31 67 178 218 66 196 55 110 20 8 100 239 69 93 213 208 192 129
    134 95 40 185 48 120 81 168 251 54 6 220 103 208 126 82 240 120 65
    42 100 208 98 139 134 179 8 250 90 18 232 166 77 220 197 234 120 135
    185 32 160 129 212 128 206 197 137 60 194 39 128 95 135 8 212 61 70
    86 105 167 24 40 169 141 52 88 92 179 78 128 226 85 156 11 151 195
    91 120 16 92 164 165 63 123 172 164 45 106 135 31 79 106 28 242 119
    177 60 66 75 109 16 238 105 120 152 116 31 43 55 197 125 63 134 31
    136 24 205 156 13 105 137 88 104 164 62 163 230 173 121 37 211 215
    231 190 38 47 201 198 121 103 145 180 209 243 60 184 11 235 51 236
    231 25 74 128 225 31 207 183 192 206 49 148 119 125 100 160 135 221
    111 216 153 236 203 158 216 94 255 83 67 27 204 58 215 41 117 41 201
    16 175 186 65 39 255 255 26 125 44 2 224 129 194 59 188 85 14 134 37
    71 238 58 228 42 236 78 68 69 17 17 220 84 186 144 140 89 201 200
    133 251 74 235 44 8 162 176 220 59 124 22 185 30 109 114 125 169 121
    136 196 0 5 158 150 247 210 189 16 20 220 221 109 26 94 238 175 81
    220 163 208 12 105 35 223 241 36 72 173 56 50 203 18 197 105 44 148
    159 208 87 232 237 89 236 247 219 195 163 176 192 177 114 134 224
    147 194 4 48 205 73 85 219 64 169 226 124 214 74 191 3 107 46 46 83
    52 111 184 51 139 201 170 102 142 26 249 129 138 210 128 229 179 23
    115 198 113 197 67 94 121 11 64 179 37 60 32 43 171 21 114 121 144
    225 188 3 173 22 208 168 51 177 24 65 122 7 190 190 176 130 118 54
    173 124 114 87 153 16 19 44 195 96 157 186 112 146 75 9 10 179 27
    213 114 95 203 209 40 106 144 147 61 148 250 71 218 209 56 217 162
    18 210 143 164 52 236 51 204 152 104 191 46 138 186 89 156 232 167
    239 147 87 234 0 31 69 152 134 19 239 49 48 63 134 153 241 255 233
    38 15 67 77 12 44 190 96 138 116 86 20 74 26 56 246 238 110 74 140
    211 175 35 15 77 79 91 153 250 49 221 119 99 15 52 74 23 217 148 45
    83 46 98 84 208 99 96 62 207 87 97 24 162 77 48 249 199 4 107 140 69
    163 164 197 252 128 183 241 253 235 184 5 131 173 36 210 116 255 81
    5 242 102 81 244 41 92 180 208 225 206 177 57 51 126 180 175 124 48
    90 88 126 52 44 13 69 6 182 236 133 3 74 19 164 132 134 251 126 20
    157 111 212 30 250 41 249 254 24 192 98 243 143 75 77 47 36 46 114
    201 237 80 8 111 253 77 74 211 72 111 254 177 100 125 149 72 48 32
    139 13 56 156 20 7 217 227 33 254 159 137 180 89 152 158 214 46 101
    21 28 114 133 103 165 154 250 239 224 193 149 148 19 100 169 86 230
    31 20 125 37 191 194 168 176 61 236 66 67 235 11 75 104 135 212 152
    240 162 8 132 250 231 156 172 209 204 101 50 73 145 0 221 209 0 11
    132 140 32 125 235 13 196 248 184 239 53 23 41 11 83 243 21 74 40 44
    52 182 88 205 204 48 139 181 192 148 163 84 67 218 53 220 184 220 18
    94 19 121 234 94 154 164 225 240 186 161 104 185 113 123 253 154 145
    202 61 161 151 236 186 25 185 107 80 104 97 52 71 0 75 75 16 205 77
    254 122 127 74 69 243 126 213 9 33 66 109 219 157 154 127 26 249 237
    49 91 42 196 243 192 190 218 38 29 24 242 249 201 175 152 143 124 3
    201 148 68 143 246 18 16 119 12 201 109 99 219 139 114 228 205 32
    223 43 16 23 97 136 73 27 49 55 217 30 175 24 89 92 177 180 1 201
    122 175 13 204 254 116 86 101 58 148 0 5 22 17 227 119 136 249 189 7
    32 255 164 97 187 75 125 111 214 74 227 248 176 170 152 197 152 139
    162 52 79 14 90 68 175 155 136 191 77 236 227 105 139 197 247 191
    103 125 246 252 162 74 160 146 86 252 74 250 213 179 220 189 14 3 76
    80 135 89 181 144 1 57 203 230 97 32 142 38 80 203 191 71 99 28 49
    167 200 245 213 175 20 235 192 122 144 186 224 74 83 66 102 181 63
    239 173 164 14 176 185 74 213 144 121 61 123 106 163 174 207 182 113
    156 4 190 109 68 195 221 117 87 45 84 181 188 110 135 133 34 121 55
    167 151 36 221 60 151 247 25 209 80 94 241 166 67 141 91 93 248 150
    148 90 47 156 191 193 178 166 73 250 93 241 6 116 19 183 52 168 41
    244 11 219 0 28 23 159 55 233 36 223 130 40 112 68 107 221 108 204
    128 160 147 125 96 217 145 68 38 185 40 13 125 50 9 230 91 5 104 28
    185 68 153 174 1 8 163 84 225 104 5 244 104 0 55 185 102 229 135 71
    146 140 186 80 13 80 241 152 211 220 221 228 88 221 76 17 129 70 49
    253 19 99 182 84 31 165 163 150 217 25 6 40 253 193 182 18 233 60 59
    100 62 42 91 154 200 212 89 31 227 48 178 169 60 123 33 152 52 168
    73 252 130 200 62 175 193 237 161 92 8 35 180 97 83 68 97 51 79 119
    100 54 23 41 84 16 63 75 149 200 75 224 68 46 42 15 101 14 199 3 4
    61 231 145 140 179 70 7 238 74 34 253 114 66 241 45 105 148 164 215
    158 127 54 124 223 234 121 54 207 246 235 147 178 73 110 129 88 238
    13 215 11 59 226 46 244 77 235 81 139 44 217 238 139 186 90 62 110
    145 129 253 118 141 214 152 116 114 244 6 129 5 145 236 195 161 72
    172 40 203 200 109 204 108 81 86 170 215 234 172 120 107 29 169 77
    236 235 85 201 97 96 107 87 177 199 166 99 142 234 17 85 152 81 252
    233 123 99 79 94 119 210 189 232 11 128 139 238 18 198 93 80 93 231
    2 125 175 190 103 87 12 228 21 119 138 177 193 49 197 254 169 173
    154 24 229 64 216 50 196 7 194 133 105 47 31 61 31 139 25 87 118 196
    178 199 93 158 117 236 52 199 95 139 223 97 223 198 46 91 155 204
    133 254 127 211 234 137 145 3 8 62 179 217 29 100 107 217 142 171 39
    148 19 124 172 187 4 79 16 137 104 50 43 177 166 236 175 76 125 39
    11 192 25 76 213 234 69 255 35 85 194 110 211 204 171 77 101 72 64
    180 178 140 174 218 163 60 211 201 57 165 223 58 9 27 95 110 58 197
    121 175 143 152 84 22 129 172 167 83 74 27 169 157 161 212 125 70 86
    109 166 78 149 225 77 235 31 34 55 119 241 7 40 76 41 112 140 84 156
    223 204 56 5 12 219 235 53 240 131 240 221 122 205 196 218 161 40
    100 63 106 171 99 1 173 105 189 181 225 237 47 244 21 204 120 69 136
    252 153 235 159 174 130 233 228 209 58 142 146 201 3 183 137 136 243
    49 92 76 128 36 31 218 158 37 225 213 148 191 189 145 96 201 82 103
    108 229 15 41 166 130 29 58 137 221 88 205 169 156 54 216 134 104
    111 157 22 88 106 150 113 219 76 150 28 137 136 162 189 218 254 149
    176 37 171 244 134 144 6 22 133 216 97 180 87 180 164 24 4 36 129 0
    238 156 218 202 41 102 73 166 231 218 44 130 99 41 129 182 84 150
    165 169 196 171 64 185 171 236 177 8 170 228 50 191 16 49 175 36 163
    191 41 123 52 82 109 41 154 66 74 247 148 81 186 28 63 151 12 144
    117 225 87 219 234 234 25 237 9 29 37 157 8 110 208 64 95 65 12 143
    172 65 253 176 103 95 85 46 113 185 52 193 197 30 131 55 16 77 219 5
    46 247 34 182 175 87 244 12 92 18 36 204 174 53 182 157 111 224 167
    43 50 66 154 252 147 92 67 106 142 114 143 88 235 244 228 22 184 86
    94 179 167 3 180 42 36 135 122 164 196 41 81 26 92 218 13 49 54 64
    37 60 8 245 36 14 244 164 126 31 121 27 128 58 224 89 242 236 133
    185 19 81 146 32 4 49 166 234 78 69 4 127 53 248 180 30 103 199 68
    23 228 137 236 121 1 243 60 34 0 55 213 35 168 171 204 132 45 25 120
    119 203 138 71 103 24 218 70 247 244 173 42 95 233 4 198 87 241 52
    66 75 220 212 123 95 74 42 70 105 131 223 229 179 20 110 189 59 122
    68 87 188 34 40 216 94 1 228 247 210 206 45 19 139 140 213 188 123
    94 127 70 144 227 229 33 198 107 200 254 223 224 26 236 1 68 245 243
    215 138 20 250 4 147 249 21 119 28 24 96 254 88 139 114 155 218 140
    176 223 213 66 193 115 194 102 186 229 170 235 2 185 239 103 219 232
    238 31 253 192 16 126 156 186 131 28 242 15 243 148 174 225 221 72
    175 115 51 81 66 47 121 88 185 81 254 49 15 10 220 247 174 241 167
    248 148 67 50 163 112 35 165 194 89 204 248 77 192 146 101 129 219
    79 148 190 198 63 12 25 83 237 172 241 186 111 63 56 58 168 208 83
    224 97 6 196 126 86 128 135 37 211 142 3 62 111 188 176 126 144 22
    58 111 173 38 73 87 241 57 63 59 167 240 211 210 34 231 228 108 46
    178 34 100 43 118 45 39 146 166 40 58 134 181 236 145 26 177 209 241
    146 106 149 220 109 163 121 250 155 230 173 120 54 206 1 210 254 72
    33 107 97 211 174 224 35 138 84 199 22 237 54 59 154 5 138 247 30
    165 224 213 84 13 14 221 68 150 198 136 140 131 246 212 211 134 150
    42 188 103 117 68 122 31 68 228 162 24 62 116 229 31 44 107 16 190
    34 98 216 228 184 242 19 109 10 236 214 210 162 107 233 137 115 67
    16 225 143 97 193 155 0 152 184 66 92 215 7 253 21 86 238 74 69 187
    34 149 187 112 107 120 247 74 110 183 226 88 219 0 143 34 111 93 1
    91 186 170 3 189 82 116 48 89 159 155 88 0 84 151 66 242 250 81 33
    213 121 96 115 125 204 156 68 73 91 217 43 21 175 74 54 181 97 80
    153 16 155 29 171 95 19 187 95 106 139 28 136 251 94 242 182 139 33
    245 235 221 40 41 158 189 244 155 35 74 175 158 159 35 93 186 143
    251 107 178 29 128 105 223 110 1 210 210 205 29 121 53 163 21 36 167
    187 115 190 234 206 45 75 23 217 93 170 233 225 142 235 4 186 123
    106 77 142 45 141 219 143 4 38 61 102 155 87 147 106 124 234 235 62
    52 61 194 236 150 159 17 10 140 8 232 176 77 10 150 104 212 195 87
    232 165 225 191 250 163 44 171 64 49 192 55 144 77 75 69 52 181 111
    160 130 75 110 178 45 42 20 192 20 20 51 243 233 156 241 75 54 239
    74 168 245 23 94 5 219 241 109 121 255 158 236 244 74 102 60 177 231
    123 162 17 141 145 250 119 89 252 223 16 143 184 149 13 179 172 198
    113 226 95 197 59 10 200 188 160 249 175 39 109 40 217 191 190 8 109
    42 63 177 111 195 45 107 141 163 143 46 144 201 125 157 109 61 115
    19 104 103 205 161 116 182 119 6 218 8 175 111 59 57 46 113 41 69
    194 245 52 92 45 229 234 194 138 125 74 203 158 22 111 17 197 123 26
    10 177 243 72 1 62 32 114 189 242 57 110 137 16 81 250 104 14 42 85
    223 74 139 213 247 253 219 252 18 65 171 138 178 58 124 13 201 93
    211 249 128 20 17 89 133 235 90 19 184 59 187 14 54 92 117 0 189 131
    209 118 197 10 22 46 216 253 185 68 32 54 71 129 133 175 59 43 43 73
    77 76 33 3 210 177 181 165 134 48 148 242 81 195 56 42 125 147 234
    13 103 139 231 206 3 248 203 195 48 99 65 64 21 131 151 114 220 126
    22 234 50 47 51 159 242 238 141 243 92 236 225 62 58 157 12 10 43 1
    140 99 252 97 63 3 241 142 234 64 49 253 229 230 57 36 232 251 110
    110 2 159 249 28 38 216 210 38 42 34 70 43 241 113 239 13 131 78 176
    208 208 35 0 157 78 78 105 74 132 59 214 14 184 207 6 59 78 123 67
    93 201 49 193 222 253 35 180 188 213 142 57 212 133 47 228 193 213
    152 209 40 134 103 186 86 170 4 224 234 90 250 125 248 7 194 165 28
    241 218 50 177 65 108 190 11 181 129 33 97 89 113 102 15 244 90 237
    178 129 247 108 152 200 203 57 166 94 155 23 82 158 145 84 67 65 252
    26 139 119 150 228 43 122 123 75 243 195 80 73 111 239 237 2 103 172
    76 220 169 202 218 121 182 24 35 204 108 121 225 102 197 13 76 126
    157 159 138 247 12 230 63 33 250 53 117 47 55 236 55 199 164 203 22
    0 19 225 47 144 170 62 172 241 62 70 158 180 3 108 245 134 254 109
    62 90 43 177 90 79 131 95 38 197 196 229 159 64 230 194 131 134 236
    117 201 58 126 210 253 91 123 171 84 214 197 238 24 210 146 154 161
    67 110 172 192 104 249 146 220 218 181 159 79 162 103 27 166 155 33
    58 212 116 238 124 211 127 9 113 111 135 224 108 60 104 19 95 236
    190 105 104 193 16 61 241 233 149 156 134 176 217 92 86 183 150 168
    220 75 253 166 131 202 218 232 139 76 8 21 139 90 239 103 195 137
    247 163 113 102 184 85 57 26 161 245 2 238 149 228 39 245 148 89 109
    128 226 20 17 167 52 242 229 177 25 124 115 124 6 83 42 244 5 65 235
    158 128 238 85 244 93 17 50 18 91 99 126 93 189 20 102 52 232 124 46
    19 140 118 6 106 85 142 38 131 197 241 71 206 206 115 247 183 197
    245 45 185 243 13 183 7 137 228 234 161 230 38 192 38 211 27 42 210
    52 109 232 228 167 52 232 222 18 123 129 28 24 233 60 193 14 225 17
    211 26 15 144 214 24 58 139 203 7 60 224 38 144 83 19 143 0 206 52
    70 15 50 120 102 78 75 211 153 195 234 239 51 20 92 80 18 88 156 8 6
    128 133 54 92 233 140 27 144 133 66 84 7 60 103 125 161 91 173 177
    92 230 110 249 194 130 90 30 136 83 185 63 1 14 114 148 56 63 233
    143 64 95 74 49 210 15 11 172 217 20 7 132 21 12 147 229 214 36 157
    166 17 126 171 134 123 252 51 180 60 232 135 241 113 65 161 243 71
    184 161 93 28 50 78 64 163 162 30 144 8 16 144 166 41 21 141 117 6
    124 77 181 238 241 116 211 167 113 130 69 123 171 50 182 230 215 247
    84 16 148 116 204 164 27 37 84 161 15 195 22 193 167 225 116 125 202
    65 43 37 203 250 127 136 176 104 252 86 34 238 5 202 131 130 10 14
    109 134 6 103 182 15 174 70 204 211 145 164 94 73 88 214 103 60 138
    65 192 202 245 121 100 80 208 245 253 30 26 72 32 184 162 145 152
    185 90 51 178 185 242 144 241 177 229 219 29 46 167 57 29 251 188 45
    65 65 137 250 1 22 242 16 245 62 41 174 189 19 42 168 31 71 189 208
    190 42 153 133 168 49 176 210 89 94 251 215 115 245 131 225 79 13
    209 119 150 190 112 47 142 163 53 31 71 69 75 244 125 218 119 153 7
    72 213 33 206 160 186 227 102 240 250 84 203 4 180 50 115 212 63 193
    13 184 30 29 202 230 248 162 4 26 236 54 9 10 78 88 232 49 103 6 39
    34 14 134 190 248 144 233 216 19 156 248 113 148 107 22 59 65 127
    107 66 34 117 180 172 193 78 31 140 60 75 166 149 141 42 60 83 54 87
    159 38 87 47 244 55 10 107 181 177 253 116 51 87 249 40 215 220 117
    85 22 119 166 179 221 127 215 85 119 52 118 238 194 22 111 139 191
    119 31 217 202 174 192 173 163 48 97 211 85 158 53 96 34 140 56 154
    33 99 16 174 159 153 165 21 158 118 204 97 31 133 187 57 70 122 69
    239 45 205 53 86 224 247 139 42 28 198 12 30 33 178 66 39 250 136
    192 62 238 92 22 244 166 185 59 218 113 140 172 11 100 20 124 10 241
    131 169 84 194 38 31 215 221 183 11 63 18 23 142 38 25 211 9 207 53
    28 143 51 22 97 79 109 90 180 14 94 100 208 119 88 161 88 22 78 225
    178 142 206 91 251 215 137 223 100 86 180 177 138 238 212 169 54 99
    217 10 77 22 214 220 208 237 116 138 217 205 222 124 51 132 249 112
    140 165 130 81 166 76 33 128 139 239 213 221 114 24 115 125 251 55
    31 180 88 208 73 132 9 3 199 234 135 220 113 25 5 191 158 247 178
    255 249 2 222 235 146 24 14 253 120 229 180 182 220 174 186 197 24
    100 58 196 197 255 162 224 242 83 11 87 64 100 75 186 73 49 223 110
    152 81 101 50 129 163 110 230 131 231 42 47 227 240 229 47 244 111
    189 40 2 89 48 245 233 218 78 69 21 52 215 184 28 181 236 221 4 38
    107 154 183 74 19 138 22 185 108 27 104 157 33 128 187 123 95 152
    162 112 217 247 163 70 173 0 225 206 138 67 32 31 116 51 244 200 241
    212 42 113 25 216 50 158 150 159 114 171 235 170 131 53 81 12 84 96
    217 155 223 247 91 71 209 23 117 249 135 132 106 160 171 149 137 204
    87 226 228 74 97 106 57 50 92 241 224 152 53 16 120 172 99 229 63 20
    215 66 208 130 45 171 135 116 94 59 108 59 248 243 81 74 211 255 51
    28 130 98 245 218 157 122 5 188 168 111 152 143 111 49 206 127 146
    21 188 248 199 178 141 174 47 188 216 85 110 4 19 172 38 238 197 13
    7 7 11 39 5 35 58 90 210 166 231 157 87 99 188 149 26 9 79 7 139 252
    52 216 134 254 6 197 145 160 86 171 46 232 56 236 243 51 123 149 207
    158 197 145 144 158 7 76 128 107 105 253 229 231 234 104 17 125 242
    207 182 0 195 138 100 207 84 27 69 10 175 77 13 3 75 51 150 243 163
    166 30 228 65 93 246 153 196 244 228 17 49 37 34 239 76 162 32 60
    234 4 162 112 169 47 31 46 207 15 118 188 198 76 100 157 3 155 22 91
    17 90 49 243 162 139 69 144 207 32 105 192 73 109 163 82 242 251 49
    197 131 53 19 201 199 255 231 26 34 88 239 65 158 0 228 220 245 80
    247 67 188 122 118 102 238 233 67 104 254 82 12 219 151 19 49 52 19
    86 17 243 253 44 64 252 145 147 223 193 161 119 24 198 69 135 215 87
    63 184 206 169 135 26 3 72 84 140 68 247 154 205 114 89 125 55 172
    156 235 222 175 206 237 54 214 49 116 89 92 174 189 54 19 26 57 221
    130 172 18 193 249 26 245 253 34 62 130 75 7 231 191 129 187 153 200
    51 137 90 32 20 174 171 52 126 64 82 201 47 154 60 206 112 186 200
    186 113 94 126 21 176 23 101 32 200 186 67 197 43 152 130 188 155 7
    210 183 137 109 23 37 134 61 62 225 118 26 43 246 170 187 96 246 30
    200 230 213 24 34 180 216 89 37 141 147 172 9 0 148 184 41 39 92 211
    119 118 210 242 8 65 71 28 208 164 94 85 154 231 10 26 255 108 172
    189 21 226 228 10 57 244 119 163 201 2 185 34 52 133 73 237 177 35
    218 252 216 209 251 98 133 168 86 25 192 121 69 49 226 58 158 217
    238 51 89 78 120 60 42 185 66 149 138 254 47 30 239 231 2 162 105
    116 229 44 46 21 237 119 104 4 79 80 82 194 173 251 252 187 253 150
    56 113 174 92 40 69 204 195 7 28 113 195 73 43 217 203 115 227 181
    14 188 54 10 17 36 176 24 68 137 104 117 237 50 160 14 22 227 85 24
    71 49 197 106 80 156 212 109 178 130 250 225 49 26 163 184 153 155
    177 14 236 247 206 119 89 165 73 105 239 10 231 244 95 68 43 137 232
    222 254 223 3 78 68 112 112 147 201 192 49 10 82 177 239 91 39 92 0
    102 219 165 102 238 96 198 244 93 234 87 21 13 232 80 135 113 139
    203 90 121 7 231 142 7 192 188 83 167 102 238 215 101 45 79 253 152
    63 229 88 102 176 151 252 102 110 114 22 236 63 53 17 4 45 165 180
    215 38 136 243 138 103 108 176 189 155 100 231 158 223 191 8 83 152
    61 131 122 23 57 223 66 67 153 66 187 186 179 52 242 146 213 236 247
    124 212 164 47 241 18 139 245 65 106 68 175 27 208 221 89 162 62 191
    82 73 58 180 225 154 67 201 227 38 173 197 104 161 213 235 210 53 12
    12 97 169 169 196 152 240 174 253 219 59 253 195 211 80 239 110 95
    154 149 235 210 18 127 127 181 52 95 21 231 185 71 115 200 29 68 218
    39 137 47 98 148 120 38 148 85 78 196 21 234 225 138 242 193 224 123
    140 103 3 115 151 151 193 98 139 23 224 190 33 171 212 240 22 204
    179 116 38 34 230 137 151 26 183 10 247 132 81 147 157 191 199 82
    255 165 101 73 197 25 49 95 234 213 137 43 4 252 0 178 38 179 179
    100 187 184 67 0 10 141 193 50 30 12 210 58 18 37 126 195 227 116
    187 51 116 245 245 236 233 218 61 89 22 154 50 229 173 139 132 23 39
    33 6 3 142 154 118 132 87 163 71 166 142 184 211 45 190 177 212 70
    11 223 61 255 92 141 16 182 163 60 119 100 210 132 197 141 40 201 46
    109 176 198 240 37 128 46 110 103 105 246 147 60 71 148 53 86 85 150
    166 150 128 254 40 249 233 31 156 201 33 194 100 196 159 130 162 36
    13 212 111 50 55 208 24 34 155 57 239 163 15 172 212 96 175 220 129
    133 81 76 97 164 143 42 182 205 14 236 42 28 49 11 228 33 14 241 155
    215 158 35 159 189 123 242 243 151 213 39 115 210 11 224 171 121 198
    171 35 207 37 233 136 110 196 66 123 68 249 103 14 17 60 184 116 77
    54 148 28 177 70 236 212 12 222 214 169 120 237 176 205 97 227 248
    201 244 184 252 215 49 180 76 211 215 74 47 140 149 177 153 67 50 21
    73 167 246 202 232 180 216 71 87 252 85 166 199 57 6 103 189 178 219
    15 191 156 30 13 209 190 49 4 159 46 228 224 237 137 35 140 148 198
    33 155 92 30 110 229 75 229 29 187 51 114 199 210 222 121 244 148
    238 3 181 54 38 233 154 59 1 181 157 161 21 73 52 10 129 197 49 143
    167 199 246 115 128 13 206 107 2 207 56 168 146 42 78 212 77 207 146
    18 159 42 186 233 89 249 228 182 0 97 236 40 170 228 25 147 157 204
    245 223 238 54 3 207 166 193 29 66 148 33 165 87 72 190 248 43 227
    242 2 210 109 33 140 48 135 80 224 179 236 31 52 142 5 91 227 223
    246 49 53 115 90 197 11 135 148 146 165 4 28 205 135 43 163 99 5 214
    83 67 17 9 228 240 172 208 226 140 208 56 123 27 154 68 151 189 2
    105 252 19 28 92 207 227 171 229 253 244 18 99 186 203 117 116 152
    200 59 205 87 145 63 49 214 13 30 85 219 18 242 217 72 158 46 63 248
    127 24 6 241 181 190 177 197 140 7 246 165 113 147 176 219 122 228
    168 63 12 143 3 12 0 155 36 234 25 122 5 126 185 223 162 49 157 202
    156 173 38 180 63 143 132 156 220 8 198 87 138 152 20 233 170 231
    222 160 167 116 39 17 11 233 191 6 201 211 245 140 115 150 131 111
    176 101 80 53 38 31 234 30 104 255 61 109 208 167 195 246 17 26 169
    131 217 59 41 91 72 172 212 243 52 23 13 67 153 106 186 176 158 157
    45 179 175 155 254 40 19 80 248 149 20 71 24 39 123 50 201 89 195
    188 143 10 197 236 170 178 4 75 246 58 182 76 223 143 52 147 90 99
    245 205 198 13 231 34 13 211 204 178 55 191 169 219 46 111 127 61
    203 246 77 112 202 210 19 41 155 175 231 65 7 45 240 178 231 58 109
    251 249 155 105 4 241 116 136 145 54 43 36 184 71 204 137 173 198 17
    107 209 173 185 16 110 88 187 27 217 2 206 235 249 98 113 231 104 30
    165 91 99 142 60 139 106 127 169 38 217 27 0 161 148 199 170 140 18
    0 102 163 126 60 217 208 78 92 86 188 232 237 201 210 153 78 158 163
    220 54 86 32 163 255 243 183 61 140 220 123 62 253 61 110 121 49 185
    33 246 18 12 191 40 161 11 61 208 195 225 3 186 119 237 96 5 71 29
    73 30 193 212 221 118 156 70 206 222 198 106 5 109 25 189 73 73 237
    75 225 139 242 50 142 37 145 119 116 246 138 204 227 179 58 53 243
    19 18 187 204 204 214 208 29 185 50 245 47 62 56 162 130 116 149 217
    235 121 49 133 1 77 232 209 218 77 66 117 125 92 229 92 252 55 50
    160 211 213 181 238 207 67 16 71 84 245 71 48 120 107 68 187 188 68
    149 167 189 9 70 5 138 145 133 106 26 53 147 86 22 230 250 247 5 138
    37 250 197 200 138 9 107 84 29 62 134 124 96 60 67 122 34 93 90 27
    170 49 121 85 175 254 76 56 215 49 115 129 218 158 71 93 58 40 104
    28 222 122 90 212 67 150 58 177 16 3 207 68 45 242 17 171 74 113 39
    19 25 201 115 55 216 121 4 185 50 48 57 103 171 93 151 37 97 191 80
    26 83 238 124 118 177 37 253 24 96 73 236 16 48</data></test_img>
<my_img type_id="opencv-matrix">
  <rows>100</rows>
  <cols>100</cols>
  <dt>"3u"</dt>
  <data>
    207 147 255 112 146 255 133 247 255 255 132 78 52 138 109 255 255
    255 230 5 12 134 11 145 255 201 107 22 38 255 9 18 255 198 229 255
    255 147 227 255 160 111 93 136 131 255 211 184 255 74 255 235 255
    206 136 101 227 129 49 119 11 252 29 0 225 22 255 162 32 252 116 255
    255 145 158 34 255 181 148 226 58 255 196 255 255 255 112 62 255 179
    224 255 26 255 121 140 138 183 255 255 255 135 129 5 220 213 135 255
    112 196 22 21 119 255 230 255 255 153 38 255 127 222 255 62 90 43
    255 0 255 255 12 176 13 3 211 255 255 255 127 1 255 255 252 22 189
    142 255 255 11 133 255 255 82 252 91 255 69 207 199 245 141 255 17
    255 92 255 119 196 255 233 58 233 251 255 255 10 255 174 1 255 255
    74 255 255 146 255 255 149 147 255 70 112 58 40 53 133 76 255 144 90
    249 4 255 179 255 141 255 255 15 255 32 255 255 255 255 17 255 156
    189 123 93 255 255 64 255 255 141 249 219 164 220 90 254 244 192 176
    255 255 151 255 255 56 255 108 158 51 71 205 189 142 250 255 146 5
    255 255 119 66 254 34 233 136 196 158 255 25 239 174 146 255 255 11
    44 110 106 225 161 7 255 88 18 5 255 150 19 255 172 141 255 165 107
    255 209 255 157 93 119 200 255 255 189 108 83 123 30 2 255 255 225
    255 211 255 134 209 199 205 240 255 255 255 17 255 26 167 116 255
    255 245 177 255 149 149 179 148 59 247 255 255 106 45 79 255 255 190
    27 255 213 255 255 68 255 255 255 36 250 105 255 255 255 255 200 35
    255 255 255 34 255 180 255 205 172 255 215 255 255 255 255 255 255
    180 106 185 141 255 131 161 242 255 225 255 224 255 44 82 71 111 43
    60 255 255 240 131 228 72 46 112 42 255 49 179 255 230 255 34 19 216
    255 255 255 255 45 255 7 245 61 255 255 190 242 194 255 90 255 135
    73 80 97 255 237 244 255 15 255 232 148 255 255 255 255 255 255 31
    255 0 255 68 235 176 194 155 95 92 75 218 255 255 246 126 255 255
    255 209 67 37 255 248 247 69 27 255 232 255 194 255 18 0 255 255 90
    255 179 112 255 125 138 92 255 210 166 46 152 255 214 255 255 165
    104 106 255 255 255 239 255 200 255 255 255 63 133 21 60 255 255 85
    255 215 252 255 255 206 164 250 255 218 202 255 133 255 157 193 255
    255 80 159 37 255 196 70 78 255 255 165 230 247 255 26 78 106 255
    255 255 39 94 63 255 117 252 255 224 189 255 10 244 255 188 111 60
    29 102 2 145 255 255 254 255 255 186 109 239 255 255 255 12 174 255
    78 186 255 89 255 75 228 206 255 206 87 148 100 255 255 53 179 255
    233 255 9 90 49 101 23 133 151 149 255 174 8 255 241 180 111 255 221
    51 255 46 181 47 226 233 204 87 123 255 1 255 19 255 19 183 255 255
    255 158 255 71 247 90 192 46 255 163 255 255 255 251 73 0 40 32 198
    162 255 170 255 210 255 145 255 205 16 155 255 44 68 255 255 255 255
    254 255 255 244 7 6 165 255 255 95 19 255 235 162 219 143 255 237
    143 162 255 98 237 202 180 255 255 22 255 255 255 20 7 255 252 194
    106 222 144 255 227 155 10 172 255 228 255 255 63 255 95 121 255 255
    0 204 255 180 55 255 195 3 255 142 255 75 255 255 255 82 206 255 136
    255 15 243 44 255 202 239 255 255 255 108 186 255 134 179 255 93 93
    169 255 255 255 127 255 255 211 65 250 239 105 87 255 41 255 97 33
    172 255 40 36 108 255 255 255 255 252 255 255 255 153 207 255 255
    235 201 67 68 60 13 255 255 255 192 255 255 104 255 176 98 0 255 235
    204 116 80 255 202 100 136 86 135 14 176 147 255 255 65 255 255 7
    119 200 165 162 255 67 80 255 57 255 255 225 102 255 255 255 255 61
    189 121 142 255 255 255 116 255 255 85 105 201 12 255 68 255 101 255
    131 255 106 255 255 210 255 255 166 157 255 123 255 255 85 153 243
    123 239 39 255 255 255 233 157 120 132 20 222 255 46 255 251 255 255
    255 204 255 45 157 69 255 216 255 95 255 255 121 106 255 7 73 255 49
    255 255 146 255 255 210 255 93 255 2 37 106 255 255 255 152 255 255
    255 255 166 10 82 255 140 255 255 255 32 42 230 157 211 77 255 85 46
    255 143 7 255 188 87 52 121 255 80 255 230 255 19 255 255 127 193
    108 75 255 56 183 133 255 255 255 255 255 32 123 255 255 255 48 255
    250 195 55 120 251 255 164 16 22 255 250 148 255 180 24 255 10 255 0
    255 230 255 64 116 123 177 255 255 214 255 255 255 85 166 255 255 19
    218 193 170 203 255 21 187 87 255 231 99 209 12 46 255 255 255 73 72
    82 56 255 43 255 158 213 255 127 255 219 34 174 245 255 255 255 255
    255 255 191 255 125 255 255 255 124 255 7 207 169 181 153 130 255 90
    255 255 93 255 255 205 44 217 255 255 35 255 255 22 255 179 17 168
    255 30 255 255 194 25 255 255 82 255 215 67 218 185 255 255 114 255
    255 157 165 255 255 44 216 118 134 157 11 255 152 183 232 94 19 255
    255 209 46 255 255 220 198 255 85 255 255 255 255 84 255 255 164 23
    237 88 232 255 217 255 26 196 183 255 255 255 255 255 61 255 255 109
    206 255 229 94 133 175 58 255 91 255 191 115 255 255 235 255 255 254
    31 255 19 5 140 190 104 255 40 252 255 18 169 255 131 255 168 255
    255 163 190 255 255 4 255 255 4 255 64 255 255 255 142 99 255 102
    222 255 255 61 255 132 133 2 241 95 255 247 167 255 34 136 179 150
    169 255 50 165 255 255 255 43 100 32 255 123 255 255 95 255 255 161
    194 49 255 255 255 191 204 255 3 124 224 82 255 116 65 255 255 255
    136 255 46 44 255 255 255 177 255 68 123 156 121 35 93 152 255 206
    167 255 235 95 11 203 204 54 255 237 255 168 169 64 255 255 64 216
    254 255 119 208 194 232 126 255 225 181 22 181 102 230 205 255 88
    255 138 153 97 131 255 158 31 136 93 255 159 121 230 43 136 43 255
    120 255 255 255 36 255 231 204 255 102 128 11 247 126 204 214 228
    198 255 72 194 255 255 56 216 68 255 131 63 11 44 255 255 18 255 255
    147 5 255 255 255 52 255 255 255 246 255 255 117 92 255 210 162 255
    195 15 255 72 182 149 239 255 22 186 138 255 255 138 228 232 244 255
    46 87 255 138 48 255 4 255 207 20 58 101 57 92 13 154 255 255 19 186
    73 149 2 255 71 255 255 119 255 255 255 240 118 10 255 205 143 255
    105 22 186 255 195 63 255 255 2 255 176 56 43 255 198 233 255 255
    103 255 255 254 255 48 232 176 255 211 248 255 255 255 255 6 4 255
    71 240 252 43 151 133 255 98 255 255 139 255 211 115 187 255 255 184
    255 38 255 255 147 177 230 194 26 198 255 247 114 255 237 255 255
    255 232 247 196 121 171 230 255 255 215 255 255 255 183 160 111 255
    56 51 121 255 77 255 255 255 237 158 184 90 42 186 255 117 215 146
    255 220 93 134 203 255 42 255 255 255 255 120 190 172 97 255 255 255
    139 19 99 124 255 255 255 255 255 151 92 255 90 255 255 61 255 255
    255 116 32 65 213 97 45 223 255 7 255 73 76 255 211 255 26 255 105
    255 121 255 160 255 125 27 185 16 249 78 70 255 255 55 176 255 255
    255 50 255 255 255 120 153 255 150 63 204 220 90 255 31 255 255 255
    255 15 55 123 255 255 2 205 255 255 105 233 235 255 255 29 172 109
    255 255 255 29 252 187 255 255 59 222 255 255 5 255 255 255 224 240
    255 235 19 158 13 254 255 255 236 24 108 214 255 248 254 223 219 255
    255 144 23 255 159 228 255 233 113 158 255 158 70 255 255 255 255 23
    68 255 19 155 121 101 255 101 255 255 255 104 80 151 255 255 86 59
    73 202 255 255 255 255 255 255 4 255 88 10 73 149 255 255 255 255
    255 255 229 133 177 135 5 255 136 255 103 255 255 144 180 95 73 20
    87 255 120 255 121 255 70 255 255 106 226 255 255 255 89 255 255 184
    255 255 255 225 56 138 157 183 40 255 255 7 255 90 198 255 255 199
    255 255 42 255 255 30 92 255 70 32 200 154 255 255 233 255 232 255
    255 213 246 56 90 93 239 255 139 165 164 142 162 140 255 255 88 48
    114 255 165 255 209 255 174 255 255 39 194 232 255 255 180 37 255
    246 255 103 82 92 222 255 255 255 108 240 255 255 165 112 11 233 255
    121 82 69 255 244 202 20 255 45 255 255 255 255 255 21 55 160 0 79
    203 255 198 162 187 34 46 255 110 222 77 243 255 164 179 215 189 25
    255 255 83 150 252 181 228 0 160 85 255 5 102 255 229 255 71 255 255
    114 8 255 255 145 148 125 255 255 255 41 255 255 255 255 93 225 242
    255 154 255 255 255 255 26 255 179 99 104 0 255 91 255 140 225 66 17
    255 255 2 255 2 255 169 12 84 44 255 255 30 119 112 85 255 255 117
    255 255 255 255 255 158 255 116 82 179 255 40 198 198 98 19 93 255
    255 62 93 255 22 35 65 255 187 235 255 113 184 6 255 72 78 194 155
    136 255 255 194 37 89 187 181 255 177 143 147 255 56 255 134 120 255
    255 74 255 120 255 255 204 255 126 41 112 255 146 89 255 255 25 203
    255 135 255 106 255 255 157 196 204 121 74 255 255 3 255 255 106 255
    129 217 58 187 195 255 255 11 61 255 71 128 134 108 51 207 255 255
    233 211 164 224 211 15 75 74 14 255 53 250 202 139 187 255 91 255 93
    228 255 255 255 111 9 226 255 133 23 255 6 45 203 211 184 233 255 67
    204 37 236 208 211 248 255 95 104 255 248 78 255 255 119 255 255 172
    255 255 136 255 255 8 255 255 235 14 255 48 111 255 240 255 255 251
    255 148 237 225 183 216 235 255 166 255 211 61 114 239 244 58 125
    146 73 198 164 254 149 130 155 255 151 140 28 255 43 185 187 177 255
    226 255 255 127 255 255 100 255 255 231 31 255 168 255 17 20 255 170
    85 255 255 224 235 255 25 165 255 49 131 56 109 233 255 169 131 255
    211 255 255 22 123 255 15 255 112 232 255 255 130 37 9 251 255 28
    255 92 97 56 255 95 255 250 255 255 255 198 255 255 172 247 48 255
    171 255 155 127 26 255 255 255 255 149 155 255 255 179 58 239 61 125
    195 255 255 117 104 255 65 239 255 65 255 200 31 66 255 246 179 49
    255 196 255 166 255 155 67 255 252 255 255 226 255 232 4 20 255 255
    149 85 255 37 240 255 255 255 255 187 232 172 89 255 54 235 254 56 1
    14 255 131 193 127 255 232 103 210 255 255 231 126 255 93 92 211 195
    255 207 202 95 215 46 75 198 26 255 101 109 22 255 233 199 26 89 225
    233 71 162 255 22 70 13 33 255 255 235 70 255 226 255 71 255 55 170
    113 255 255 82 187 95 214 116 65 251 255 255 146 2 9 153 164 255 255
    90 255 255 114 60 171 61 92 222 255 255 27 250 200 181 2 255 102 255
    255 213 255 28 255 68 103 112 255 90 15 255 255 255 218 255 109 255
    255 94 26 255 147 199 64 23 255 255 255 37 13 255 255 54 30 255 255
    91 141 255 255 237 255 255 55 161 255 255 255 255 172 50 29 242 255
    48 116 6 158 255 209 255 138 105 255 255 255 86 138 255 255 255 255
    135 255 187 23 228 255 83 255 255 255 148 255 255 255 255 115 169 41
    19 186 255 55 255 211 255 255 140 229 255 90 255 255 183 255 255 58
    255 255 255 52 255 217 255 255 92 65 19 255 255 255 255 71 87 255
    254 177 255 89 255 157 31 55 248 255 218 254 151 164 255 121 255 191
    255 165 255 162 49 138 10 82 245 225 61 230 101 34 120 255 255 191
    255 255 255 244 186 255 214 164 108 14 255 30 244 255 181 210 170
    255 186 255 255 35 169 255 194 235 32 63 43 49 101 68 164 30 255 21
    190 255 235 255 255 255 195 255 235 44 255 255 95 198 179 172 165
    255 255 227 28 255 184 255 237 99 255 199 255 255 221 255 106 255 89
    255 26 39 255 117 255 215 255 255 255 116 255 255 49 26 255 127 255
    155 255 101 255 48 254 226 101 255 133 241 210 52 145 255 255 255
    147 255 142 255 255 75 255 120 203 233 255 97 220 255 198 255 255 93
    255 255 79 255 255 124 198 254 255 138 233 67 150 78 255 92 255 119
    176 255 255 255 255 255 109 170 255 255 192 38 255 255 67 44 2 255
    255 255 255 255 204 255 255 220 156 201 211 44 255 235 130 78 247
    255 255 255 195 223 255 91 255 255 255 255 255 240 172 0 255 255 255
    153 255 255 247 255 255 255 92 207 255 255 112 255 90 255 255 31 255
    207 240 255 68 152 255 70 65 138 131 255 255 226 255 255 255 66 241
    255 230 255 255 232 255 164 58 255 85 148 191 194 7 255 181 255 255
    194 193 255 175 255 99 15 255 255 180 223 56 255 32 255 37 255 142
    76 255 255 255 255 230 4 255 255 255 255 2 8 255 4 120 152 255 123
    255 255 255 255 255 95 9 73 171 255 255 89 255 110 255 255 254 60
    121 177 255 255 200 195 255 255 120 235 255 255 201 255 255 73 255
    100 102 168 255 255 255 31 15 255 255 92 247 201 187 177 14 136 255
    255 186 255 119 186 255 255 20 243 26 255 255 255 20 255 255 255 255
    252 240 255 64 255 200 76 255 49 64 225 255 30 2 172 132 255 255 229
    216 26 255 85 255 19 255 255 95 255 200 255 53 255 255 255 41 72 174
    255 154 102 108 90 255 255 52 126 255 255 5 129 239 255 255 255 255
    174 255 255 114 255 70 255 5 128 255 71 255 191 82 179 2 70 255 176
    255 94 49 255 254 241 255 228 255 5 255 255 243 58 185 78 89 4 179
    157 116 154 181 196 205 95 255 195 235 207 72 97 255 79 255 255 25
    255 172 255 255 21 74 255 247 12 58 255 243 39 255 255 160 255 160
    186 47 15 150 255 255 165 13 211 240 207 94 176 26 147 255 247 228
    204 105 104 145 255 255 255 255 255 255 125 41 53 174 255 255 15 255
    252 255 38 37 255 255 255 239 231 255 187 220 116 255 151 255 255
    255 206 255 221 89 255 255 102 255 255 255 45 255 255 235 130 85 255
    209 83 163 216 255 255 255 119 250 41 119 255 207 235 110 240 255
    255 145 17 255 158 131 129 120 155 255 203 255 255 169 102 235 255
    36 86 109 0 255 45 255 200 149 250 39 255 255 255 100 114 233 187 39
    69 255 255 47 255 255 241 255 116 86 42 136 255 184 255 120 255 255
    82 255 186 191 190 29 255 255 194 105 199 255 64 191 141 127 250 58
    255 83 255 255 194 95 255 237 12 140 255 247 37 158 44 209 27 187
    159 35 49 200 187 255 255 236 201 118 255 232 255 94 99 125 74 255
    255 115 41 255 233 206 255 255 80 134 65 135 62 60 255 255 255 255
    255 203 255 255 46 255 255 255 77 230 106 255 45 240 157 255 27 48
    255 231 164 255 106 157 176 109 162 255 55 255 213 11 255 255 74 39
    255 255 39 153 105 255 255 206 220 255 61 145 192 202 135 11 255 255
    211 225 255 254 226 22 67 7 255 255 120 255 255 201 255 183 255 133
    255 255 131 255 136 255 97 171 189 255 94 29 7 101 255 187 31 34 146
    255 255 54 10 252 207 4 48 255 143 255 134 11 24 250 246 114 84 14
    162 19 85 194 179 179 255 35 91 255 13 7 196 142 255 255 198 38 247
    255 35 41 140 255 89 125 177 130 101 79 255 90 255 126 255 0 89 255
    56 244 129 255 7 121 235 255 192 180 225 255 255 255 255 19 162 86
    255 255 121 255 255 255 23 61 255 216 235 26 102 255 65 248 126 230
    31 204 179 60 187 233 149 148 255 255 255 168 247 121 34 255 244 43
    42 95 255 162 230 144 251 26 71 183 255 95 10 162 255 226 255 255
    255 75 255 255 255 255 255 255 255 138 34 60 29 255 247 11 255 95
    109 126 255 255 235 110 157 255 255 255 255 95 184 255 255 255 255
    26 138 255 181 221 29 255 191 255 255 255 87 255 255 66 148 139 220
    62 143 148 255 72 9 255 255 112 255 255 255 153 147 255 151 255 34
    255 131 255 69 255 170 255 222 55 255 57 250 204 158 12 255 37 227
    255 75 37 136 89 60 255 255 167 64 255 255 35 255 255 219 255 211
    110 101 181 255 23 89 219 235 255 99 127 37 92 173 255 19 191 255
    118 179 255 196 1 255 22 113 136 243 184 255 255 7 255 108 222 237
    255 255 36 255 57 94 13 75 255 105 246 255 233 255 2 255 255 255 168
    255 255 247 149 201 255 251 255 255 255 255 255 255 60 255 255 237
    255 202 255 247 255 255 255 255 107 191 53 255 255 125 255 255 50 82
    255 116 106 164 229 255 9 229 58 230 91 157 168 4 242 255 35 66 220
    15 130 255 76 222 172 214 255 148 237 255 255 164 255 255 136 118
    196 235 44 255 151 48 255 255 255 255 196 95 255 115 223 255 255 150
    144 255 255 131 255 255 255 82 157 255 255 255 15 160 116 255 220
    164 222 247 119 255 44 255 255 169 255 200 255 172 9 8 153 247 229
    124 255 241 255 255 166 208 159 146 208 32 23 165 255 85 232 136 157
    255 155 214 208 255 15 255 4 255 255 237 50 109 144 255 95 157 255
    255 50 255 65 255 255 104 142 128 193 50 31 255 255 255 255 213 168
    89 176 145 116 255 186 39 255 255 49 30 97 233 255 90 255 255 94 72
    255 255 83 28 236 114 255 229 147 255 31 153 255 220 198 49 252 22
    204 247 255 255 255 255 255 255 26 255 255 255 189 255 255 241 221
    162 6 198 116 198 12 255 110 217 255 255 15 150 39 255 60 255 38 255
    134 1 124 255 255 3 129 101 255 166 211 255 255 55 255 49 209 153
    255 132 255 86 255 255 255 255 255 255 153 119 108 157 31 255 27 206
    255 255 255 255 255 255 255 93 255 43 68 247 215 50 255 255 56 181
    71 231 34 255 255 55 248 78 255 255 94 176 110 67 216 129 190 255
    255 196 135 129 179 255 86 147 255 192 232 179 116 134 104 255 229
    24 54 10 255 75 80 225 64 38 107 220 165 130 255 134 112 93 141 121
    35 255 255 179 157 255 13 241 255 155 71 24 19 228 255 255 240 124
    179 235 43 174 64 99 255 91 70 177 255 255 112 209 255 172 102 255
    133 255 174 255 224 255 255 75 255 99 220 165 120 3 213 255 4 80 84
    78 24 255 192 255 157 255 61 69 233 32 255 179 114 255 64 255 47 90
    199 110 31 83 255 255 255 60 42 255 245 86 255 151 255 255 222 255
    255 255 255 216 123 255 255 120 110 255 101 14 255 255 255 208 125
    255 255 255 255 172 255 181 255 196 130 255 211 221 107 255 183 255
    213 255 255 99 255 222 11 255 255 185 255 22 84 225 255 255 255 255
    222 164 255 255 211 255 125 255 210 255 120 155 62 60 167 255 252 46
    255 255 73 255 255 255 155 87 225 255 246 147 255 80 220 146 255 181
    35 79 153 161 125 255 127 128 203 255 104 255 198 125 172 226 205
    193 50 255 128 255 220 114 13 165 58 255 255 255 217 255 203 176 49
    215 255 255 85 159 186 99 207 229 255 174 23 31 17 142 26 255 128
    255 255 37 87 255 255 83 90 80 37 50 8 128 255 255 227 235 240 255
    255 143 213 146 8 182 110 218 255 204 104 255 255 55 133 255 80 10 2
    72 39 237 210 49 255 255 104 255 190 255 235 201 20 255 169 26 250
    201 43 191 106 44 21 19 255 118 255 114 90 125 255 241 255 255 255
    41 255 45 123 94 255 37 123 159 240 247 255 255 255 255 29 255 56
    255 255 255 255 60 90 194 152 65 228 255 255 222 255 174 7 31 255
    120 135 255 188 148 255 255 255 28 255 239 204 115 179 255 72 255 78
    83 114 181 176 255 255 53 204 255 235 90 255 255 189 255 95 255 157
    222 255 224 255 255 255 205 199 255 255 255 172 44 128 47 255 10 255
    16 112 255 141 26 99 255 114 243 220 216 112 213 255 163 231 160 255
    255 94 134 80 210 118 117 255 255 239 255 153 110 255 95 221 255 168
    255 255 255 255 255 142 224 158 255 255 39 255 241 72 255 110 255
    255 255 196 252 89 181 73 255 95 45 255 255 255 255 255 255 150 46
    219 61 255 255 210 135 237 131 233 196 85 255 62 115 235 35 25 65
    255 207 255 138 255 187 255 255 220 255 49 83 255 124 131 196 22 61
    13 108 41 255 95 255 97 255 255 233 85 255 204 4 58 255 255 118 67
    250 220 129 255 255 247 30 43 99 35 128 205 7 239 209 83 255 222 254
    255 217 217 187 176 49 225 129 247 255 255 86 255 255 65 255 78 255
    255 34 75 255 114 255 215 101 165 255 131 169 255 108 196 123 224
    251 58 255 48 131 255 57 19 255 149 255 255 255 174 255 76 255 255
    98 41 255 14 255 54 255 255 255 59 254 255 105 43 56 123 255 11 177
    255 11 117 14 255 216 255 255 87 203 232 102 255 255 232 130 78 255
    215 222 116 249 95 236 247 2 139 225 58 255 99 62 19 174 207 153 83
    255 169 119 255 128 255 84 255 203 255 119 203 255 98 77 164 143 220
    75 225 255 172 255 5 77 91 255 255 139 14 148 179 237 255 244 111
    255 195 5 140 142 255 255 145 123 255 225 72 255 255 255 255 255 184
    255 104 255 255 25 12 255 255 53 255 27 94 255 67 255 255 254 9 80
    248 131 179 255 255 255 112 255 255 244 204 71 255 255 255 138 63
    255 254 255 136 134 255 255 255 223 106 29 208 255 255 89 255 176
    255 255 187 227 120 41 255 255 143 255 191 145 255 255 255 89 255
    255 255 255 145 255 255 195 255 255 252 237 255 177 193 255 38 112
    255 56 204 56 162 255 255 74 141 255 246 51 255 255 211 78 255 82
    255 255 44 86 255 255 255 209 92 232 250 44 69 18 255 220 93 82 13
    120 138 144 255 182 255 35 255 255 102 255 252 229 255 151 255 255
    255 255 223 52 109 255 155 255 255 118 93 255 254 146 255 255 206
    255 255 123 61 255 255 58 131 76 165 255 158 255 255 70 189 255 255
    167 159 222 196 133 65 255 220 147 89 255 255 181 255 252 255 255 3
    255 255 63 82 187 246 128 255 255 255 22 255 124 255 255 255 255 59
    89 255 38 255 43 216 162 209 255 164 177 117 78 255 5 136 255 98 255
    255 97 164 255 34 249 92 247 153 255 164 46 166 87 255 255 236 227
    255 255 95 237 255 24 255 50 78 255 127 32 255 181 162 0 104 255 134
    202 48 255 33 211 255 211 198 255 60 148 255 109 255 255 41 32 255
    104 130 255 105 46 255 175 255 255 164 9 187 44 255 142 23 199 67 34
    111 58 113 255 255 255 255 189 183 228 92 192 255 226 196 255 255
    147 53 255 175 255 84 42 24 134 121 7 255 120 123 255 255 230 84 35
    255 255 119 2 255 80 255 142 244 228 13 218 104 255 255 2 255 121
    255 2 116 255 205 146 255 255 255 255 144 53 255 7 30 255 86 83 255
    255 251 92 166 209 216 255 255 255 120 26 65 255 255 112 82 61 255
    255 97 61 134 255 255 255 116 255 255 11 184 255 255 109 255 176 255
    47 135 112 255 65 255 255 132 208 255 247 204 255 147 27 192 16 48
    255 218 255 78 100 255 90 255 124 161 16 255 255 250 133 255 12 83
    77 255 244 133 136 176 101 192 255 255 38 63 255 8 179 114 255 135
    213 255 58 7 180 204 255 255 255 213 38 189 255 150 158 255 255 179
    255 49 255 202 255 34 255 134 255 146 27 181 189 31 109 200 153 255
    129 255 131 35 199 72 86 79 255 211 255 48 112 4 255 248 168 255 255
    75 255 255 149 141 106 171 255 255 235 255 43 34 138 78 16 26 255 60
    46 129 220 255 255 202 255 205 255 255 241 153 255 255 255 250 255
    205 109 255 3 250 255 102 255 255 172 124 202 71 131 255 101 255 64
    158 20 75 14 60 183 168 198 103 237 101 172 225 193 92 97 255 255
    255 26 255 188 164 255 168 255 255 255 255 255 128 255 213 23 210
    255 246 26 255 255 53 222 255 26 255 104 255 230 70 199 230 255 255
    226 255 252 255 27 244 255 46 89 255 29 112 17 255 193 131 57 160
    255 34 191 255 239 181 129 255 107 255 246 255 255 123 55 255 171
    255 209 205 72 255 93 128 255 94 255 30 172 80 6 183 203 255 255 121
    136 5 101 255 255 255 243 161 58 47 243 46 181 125 255 250 237 222
    54 255 164 211 135 14 255 255 255 191 100 255 47 104 165 149 22 255
    255 123 169 255 22 255 255 255 255 163 65 152 222 228 249 92 42 208
    125 168 255 49 196 78 255 109 121 255 147 121 255 255 17 255 149 82
    255 255 172 245 80 255 255 255 255 47 181 41 179 78 255 22 255 164
    136 248 223 255 183 141 255 172 239 133 221 255 58 63 78 220 218 255
    255 220 7 255 5 255 224 255 148 200 10 68 255 255 255 45 255 29 255
    180 37 112 64 0 255 255 44 255 138 170 198 169 37 189 53 176 207 115
    255 255 255 255 255 181 255 71 53 167 255 79 198 255 75 179 161 153
    255 255 35 255 255 211 255 163 49 22 78 255 56 255 255 255 213 239
    196 255 255 240 255 199 216 255 211 255 88 44 90 69 8 15 255 116 255
    166 90 9 255 60 255 116 255 255 255 187 77 255 201 121 34 31 43 136
    70 255 255 255 255 105 255 225 255 158 49 243 255 255 78 226 255 255
    151 2 232 95 55 255 203 97 204 218 82 34 255 247 255 255 255 255 255
    155 255 180 255 255 112 176 93 255 233 239 27 255 255 255 233 255
    236 255 95 255 17 255 147 255 177 116 255 65 136 206 255 110 255 255
    201 255 255 198 255 255 255 78 255 255 140 241 255 255 255 220 255
    45 91 19 7 232 148 43 1 255 35 199 150 255 119 5 28 42 247 255 255
    255 255 68 255 144 147 255 255 55 255 73 217 41 64 173 245 155 233
    170 24 161 255 255 198 233 255 162 235 255 169 242 255 53 255 213
    255 255 255 70 99 39 57 158 4 187 196 248 14 255 157 255 77 213 117
    255 60 70 255 255 23 255 255 255 169 168 166 19 255 255 255 255 64
    255 255 86 255 134 165 176 17 55 94 129 195 68 92 255 255 217 255
    255 144 183 17 69 145 255 176 255 72 255 255 169 194 102 126 255 255
    174 185 143 19 200 255 255 103 255 249 219 50 51 17 83 255 255 45
    255 255 202 255 255 20 191 207 52 255 255 131 141 255 247 255 255
    255 255 255 255 10 241 255 255 255 161 255 255 255 174 75 168 216 71
    76 170 101 87 255 255 255 255 255 1 255 220 169 255 136 0 201 255
    154 61 134 154 191 233 27 255 123 52 255 99 136 255 151 237 138 112
    255 255 120 94 128 255 255 255 255 151 95 255 188 244 170 255 55 116
    156 97 255 11 255 255 255 240 255 46 216 255 176 106 35 93 87 224 53
    34 255 255 255 140 44 215 24 67 255 103 166 199 255 97 255 217 104
    255 95 125 255 255 180 31 9 7 255 255 255 83 103 132 55 255 186 225
    255 162 193 157 255 210 248 94 255 185 38 255 125 214 255 255 56 232
    255 168 220 176 255 116 255 44 26 255 255 95 177 93 102 215 250 230
    198 255 255 255 147 51 255 136 245 26 255 15 148 248 235 24 164 255
    255 210 255 17 15 210 255 186 255 255 255 211 255 67 255 191 184 255
    34 181 101 151 23 255 224 104 255 255 119 228 75 255 177 174 231 255
    255 162 255 255 255 255 140 93 255 52 151 170 204 121 92 255 93 66
    255 206 29 255 5 148 255 132 255 255 123 255 255 255 225 64 86 27
    255 50 255 93 141 68 157 172 255 230 192 172 207 255 255 255 154 255
    228 255 255 255 14 63 140 34 245 255 138 213 255 205 255 255 87 34
    45 196 61 19 255 213 255 112 39 255 63 78 255 255 247 84 255 104 41
    243 208 255 255 7 93 255 239 99 67 255 176 132 255 19 127 51 255 248
    239 129 255 102 71 236 255 255 44 43 39 89 255 255 30 233 213 255 39
    7 91 32 255 255 255 255 30 121 172 194 255 255 229 255 255 120 20
    140 61 255 26 255 255 170 255 19 255 191 198 183 110 255 174 220 68
    255 179 255 219 91 130 247 30 48 28 138 70 116 55 225 255 255 255 58
    175 9 255 139 164 255 255 255 217 37 255 37 48 170 255 158 255 255
    131 155 255 255 65 9 25 189 120 237 228 134 255 223 49 76 255 65 254
    9 255 119 255 255 71 61 183 251 255 255 94 27 155 202 58 153 248 157
    255 191 36 255 154 250 255 157 191 255 231 255 41 255 29 255 243 160
    255 65 179 24 27 255 255 255 128 255 255 186 255 7 255 6 20 210 255
    237 77 255 123 24 192 255 255 192 156 250 93 61 255 255 175 191 255
    255 0 255 176 255 255 161 255 243 37 135 255 255 198 155 255 141 120
    105 210 52 117 255 255 42 244 255 160 255 217 218 255 255 218 177
    255 71 174 255 247 2 153 14 255 71 67 255 239 128 255 255 255 255
    255 0 255 255 255 255 255 30 255 255 236 255 140 205 133 255 255 101
    220 255 20 255 255 206 166 121 255 255 110 255 245 231 130 60 19 255
    177 173 55 255 255 255 255 255 255 255 255 22 222 164 204 250 216 34
    58 255 235 255 162 255 144 205 143 255 85 61 37 83 24 255 38 255 116
    255 143 255 151 68 255 250 255 149 255 133 58 255 255 255 89 99 17
    255 255 255 255 41 41 255 255 50 173 157 77 255 2 255 255 10 170 141
    124 95 255 147 255 1 194 192 239 233 255 172 255 52 247 255 127 255
    245 106 123 141 92 23 186 255 45 255 255 255 187 153 255 123 255 255
    116 255 20 107 7 16 56 255 156 255 34 105 48 88 255 143 255 27 254
    255 138 92 255 255 150 255 226 148 255 255 255 34 56 255 255 233 165
    189 255 203 78 33 255 255 177 255 209 255 255 35 59 119 255 31 255
    148 127 255 255 154 85 144 254 106 255 56 255 172 25 255 255 141 46
    181 255 184 255 255 255 56 102 141 255 166 124 202 135 255 103 123
    255 255 95 242 255 255 204 41 255 37 140 221 213 255 156 53 146 184
    179 185 123 206 65 235 9 187 255 255 37 255 210 205 132 255 255 213
    199 255 196 255 136 89 24 255 252 48 255 255 145 67 105 255 97 255
    44 209 42 213 255 246 131 255 98 58 255 186 41 255 220 255 155 37
    255 138 117 255 255 46 20 71 65 99 255 255 89 6 255 255 39 255 255
    255 255 239 95 90 255 255 255 255 75 56 255 255 202 124 120 100 5 45
    236 3 255 179 255 64 168 255 255 104 123 11 146 255 35 45 255 28 123
    104 255 255 53 224 255 255 255 255 97 215 141 255 88 255 153 146 177
    255 255 186 90 120 225 242 4 254 26 67 46 194 174 255 150 255 42 255
    255 139 255 80 78 77 255 41 255 255 237 255 215 235 255 105 105 255
    255 56 97 80 130 140 125 8 255 15 255 255 39 55 255 97 90 255 183
    102 255 90 195 255 255 198 255 255 20 255 9 85 206 255 90 184 93 146
    177 255 255 41 255 31 255 106 255 255 255 165 255 255 207 255 34 255
    255 99 243 169 205 141 233 0 255 255 52 192 157 255 255 196 255 161
    145 200 184 128 255 83 34 252 255 255 255 76 255 67 255 155 211 156
    114 205 255 235 255 128 36 255 255 255 131 34 133 243 121 255 255 61
    255 101 40 255 255 40 104 255 12 101 196 255 89 255 255 255 255 255
    87 176 229 255 37 98 87 255 162 255 255 71 0 101 255 135 140 135 255
    146 255 255 255 153 255 138 53 106 179 49 124 255 255 255 255 124 72
    255 145 255 255 135 218 168 112 53 103 255 222 255 71 245 255 138
    255 101 255 255 118 16 255 255 255 58 181 255 191 255 149 255 13 205
    186 255 222 109 7 26 255 255 168 44 97 98 43 164 206 164 185 161 65
    226 255 191 149 4 116 125 63 255 15 235 255 4 255 255 255 31 128 226
    59 206 247 64 255 65 82 255 148 255 255 202 22 34 192 255 255 255 72
    218 127 145 187 217 218 43 224 255 179 255 255 255 255 255 227 255
    255 160 93 41 167 255 255 20 255 255 255 108 255 123 255 192 66 255
    31 152 255 44 147 255 31 255 252 76 254 127 89 255 233 255 242 255
    255 255 255 25 143 110 145 255 255 72 82 255 33 87 204 30 255 255
    241 255 255 169 255 255 224 187 255 206 172 77 255 255 255 31 255
    255 143 255 255 1 233 254 14 242 49 19 233 255 255 255 255 233 201
    105 198 150 255 255 123 228 132 20 26 94 19 255 255 255 255 85 242
    112 102 140 114 216 0 6 139 14 15 246 255 54 201 12 255 255 255 205
    141 255 95 119 255 69 255 181 255 255 255 255 145 210 255 236 255
    255 46 255 58 8 140 54 231 218 255 255 26 49 131 203 255 29 255 255
    79 119 183 154 255 255 147 255 255 179 225 255 240 255 155 124 230
    108 60 255 255 79 63 255 101 255 255 79 211 213 176 191 237 255 255
    255 86 147 255 0 255 78 255 252 159 138 255 39 44 82 86 255 239 185
    205 255 192 161 147 9 220 55 255 76 147 255 255 255 69 255 41 255 23
    255 255 217 155 219 134 182 255 255 255 255 60 160 255 235 255 255
    255 148 50 255 254 255 175 255 78 255 77 255 255 255 255 255 255 255
    7 255 255 192 255 247 53 210 6 38 70 172 72 14 255 255 255 219 210
    255 140 255 255 255 132 157 211 250 255 47 255 250 255 40 172 39 87
    255 110 255 150 159 105 255 255 26 255 65 236 255 255 217 255 47 45
    255 103 46 7 255 255 255 255 255 157 255 72 177 86 131 199 252 255
    255 73 108 255 35 41 255 93 18 17 233 232 118 255 83 119 77 169 255
    255 18 255 232 16 14 255 255 225 181 255 123 255 255 184 149 255 255
    189 228 82 255 86 147 153 255 255 255 255 63 255 236 244 93 255 119
    157 255 36 153 12 255 255 33 255 255 255 255 255 78 255 185 94 85
    133 255 133 255 7 255 255 123 255 255 110 255 255 131 17 41 255 255
    255 71 37 209 192 49 255 57 255 255 104 255 255 255 255 7 12 255 157
    102 167 26 157 111 194 50 97 255 220 150 255 151 63 255 141 39 177
    232 2 255 100 255 11 89 133 168 225 255 183 61 255 255 255 255 200
    240 102 179 22 255 15 255 255 163 255 111 204 52 255 255 117 169 255
    255 255 232 59 119 235 187 203 202 164 255 255 218 114 28 255 49 255
    255 145 255 255 20 255 95 223 255 255 123 19 72 255 255 115 255 255
    254 31 49 184 15 95 255 255 84 64 170 69 98 255 255 56 255 255 30
    230 247 117 255 255 255 255 2 112 255 211 33 102 114 255 255 49 255
    242 255 149 230 255 124 255 252 177 255 255 243 95 176 91 126 255
    255 43 32 188 131 52 255 7 255 221 68 62 157 255 255 154 255 255 20
    255 255 255 186 114 247 255 255 87 32 255 255 123 255 12 90 248 25
    255 255 255 255 255 166 255 35 255 255 255 254 255 255 102 152 255
    198 249 255 108 255 93 217 255 255 71 255 255 131 255 170 119 255 0
    57 162 255 255 255 255 25 255 255 59 204 219 247 141 255 0 255 255
    240 119 222 172 255 142 1 255 255 104 252 217 205 208 255 156 255
    155 10 143 213 221 0 255 27 147 183 16 145 252 199 255 255 169 255
    255 14 255 255 239 255 255 29 255 255 255 204 255 56 255 60 218 255
    255 239 198 142 255 255 255 255 255 189 211 162 58 247 255 255 255
    119 80 70 255 86 255 255 233 83 43 255 0 111 118 172 65 255 56 145
    255 255 255 255 221 39 255 26 75 255 255 255 255 255 186 204 250 255
    39 125 255 255 35 148 209 188 55 255 255 7 255 145 51 101 194 170
    255 173 203 255 255 255 95 169 255 41 236 124 220 255 174 255 255
    255 255 175 255 219 241 255 255 31 70 108 255 131 255 255 255 255
    255 255 176 224 181 142 250 255 255 214 82 255 87 89 69 252 90 255
    255 189 226 59 94 73 112 143 136 72 29 77 237 255 4 143 235 255 203
    255 80 255 255 255 255 89 56 217 255 144 255 255 219 68 193 255 255
    157 19 251 194 47 255 193 97 240 128 183 240 255 114 97 99 255 67
    255 185 125 189 198 206 193 255 156 255 30 255 255 103 255 204 247
    220 255 255 53 111 255 176 220 58 225 26 146 23 165 255 89 255 255
    79 255 54 209 255 255 64 255 255 46 255 220 86 106 161 194 255 200
    255 255 255 10 170 161 255 255 255 16 252 4 5 176 255 166 255 255
    166 255 101 250 187 118 12 255 54 55 255 255 184 82 226 121 164 255
    67 255 95 255 255 75 255 66 255 217 237 255 228 255 177 147 255 255
    255 77 213 33 232 17 93 174 133 220 225 235 109 255 90 31 255 255 86
    73 255 214 245 185 128 179 233 173 255 103 115 255 255 225 204 80
    201 218 255 255 255 243 131 255 22 97 255 50 220 29 155 209 87 217
    191 228 255 243 255 73 164 152 168 102 235 84 40 131 215 115 255 226
    217 56 255 247 189 11 255 255 255 255 184 226 154 255 255 117 255
    213 85 255 34 52 152 202 255 107 230 109 255 7 154 255 255 255 124
    159 18 201 112 255 135 176 255 107 255 255 94 11 237 255 37 26 206
    103 162 17 41 255 169 217 255 90 255 169 179 11 255 61 255 255 143
    159 130 255 71 235 26 255 220 222 112 10 164 248 250 255 255 255 169
    177 48 255 255 10 255 255 149 24 255 218 255 200 161 43 77 135 201
    148 19 255 255 35 211 151 240 255 255 171 255 28 255 255 125 57 222
    228 76 255 255 52 244 255 255 242 47 55 0 255 177 255 138 93 7 233
    179 255 34 255 255 78 191 255 6 3 56 245 160 255 248 5 164 255 199
    255 120 255 46 255 8 255 101 255 255 194 124 255 34 56 124 255 255
    141 255 180 244 239 255 19 134 231 255 176 232 199 54 255 147 7 192
    255 97 166 255 52 255 255 146 158 255 255 175 170 255 87 19 217 181
    254 217 143 244 255 221 123 255 151 255 255 244 191 149 255 255 177
    255 255 255 171 252 255 232 255 17 151 255 255 0 255 228 105 255 103
    213 169 92 255 176 255 42 128 101 176 255 54 255 44 255 74 239 255
    190 255 255 220 255 255 255 255 255 213 255 19 160 255 226 255 150
    255 255 138 58 11 51 255 255 255 144 173 133 255 120 233 176 117 255
    121 108 255 255 29 51 101 255 254 255 255 112 60 205 73 95 30 172
    241 18 255 166 63 255 75 10 32 22 20 255 80 91 255 255 209 245 255
    117 131 245 211 230 255 166 255 255 255 255 69 214 255 255 243 255
    92 255 255 255 255 56 21 206 255 144 165 255 207 143 37 255 255 255
    189 255 247 181 37 34 255 255 155 255 168 201 179 162 255 255 8 255
    255 183 255 255 207 14 255 255 174 255 123 255 255 34 255 112 123
    255 255 25 255 56 255 68 255 255 7 239 83 255 149 255 255 157 211 78
    49 5 255 255 83 101 52 255 237 134 214 85 116 255 255 78 255 44 179
    55 136 19 255 255 255 153 48 255 255 255 219 255 255 255 255 155 226
    255 255 255 255 255 103 131 68 148 188 245 255 162 70 255 190 255
    121 82 255 157 255 255 255 30 150 58 127 232 133 16 255 185 255 255
    157 102 255 196 120 99 121 100 141 255 150 41 75 255 26 235 255 112
    255 206 255 255 247 75 255 85 255 255 136 153 255 216 255 71 231 176
    255 76 104 255 14 15 255 248 255 41 145 187 255 205 198 127 255 255
    191 1 51 9 255 80 6 235 255 39 157 182 255 166 160 255 157 255 255
    255 255 78 29 220 157 134 255 255 255 255 255 255 184 118 138 170 0
    175 255 30 70 255 95 130 182 255 255 255 217 42 157 110 112 255 185
    235 135 243 78 68 255 64 109 30 55 255 255 255 255 84 255 94 255 220
    255 255 130 255 71 220 255 255 116 255 255 194 255 52 255 218 255
    226 255 207 199 255 24 93 255 255 255 255 239 65 176 118 255 255 168
    57 22 255 255 61 255 255 255 163 213 136 191 1 255 134 255 255 255
    255 22 255 186 237 17 83 12 71 14 7 196 192 5 217 0 255 255 153 255
    255 157 255 255 255 242 255 52 255 226 255 232 255 3 255 129 255 99
    134 176 12 255 226 255 255 177 99 255 255 12 255 106 255 255 124 75
    255 117 255 194 255 220 255 98 158 255 70 255 213 255 111 174 64 90
    255 244 255 54 255 150 228 255 24 255 31 17 255 64 255 108 246 225
    60 255 26 148 255 203 255 49 124 255 228 255 255 241 5 41 65 255 255
    255 210 248 203 255 252 147 240 255 222 252 255 206 72 255 7 128 255
    78 174 255 192 255 255 158 124 58 82 255 106 235 242 228 74 26 255
    130 208 17 179 114 209 255 255 92 255 255 255 176 158 194 255 255
    176 255 255 6 225 80 255 255 255 34 136 186 255 255 61 99 173 94 149
    255 255 49 134 255 140 198 255 255 60 170 255 205 255 255 142 244
    255 188 255 215 198 15 183 255 255 69 138 255 41 195 255 127 173 255
    207 154 199 226 10 255 255 104 24 255 239 140 140 161 107 255 255
    223 255 255 92 255 72 255 133 255 218 255 255 131 35 180 199 255 19
    255 255 255 143 255 228 255 232 255 255 222 176 255 7 56 255 255 255
    255 255 89 141 255 149 26 39 240 55 255 71 165 239 233 255 222 226
    109 255 124 206 82 49 41 247 214 255 211 168 95 255 64 255 255 255
    255 255 235 255 164 67 255 255 67 239 35 98 56 255 45 255 255 106
    123 45 101 255 110 255 179 194 250 255 56 184 2 255 251 2 174 121
    177 52 26 31 92 194 255 82 45 215 191 198 150 248 181 215 47 186 189
    92 255 255 255 87 12 9 44 255 176 255 255 78 255 34 255 139 255 69
    255 164 255 50 92 255 57 148 176 60 181 99 105 26 255 158 255 217
    109 255 255 71 255 255 150 148 255 203 255 255 255 189 255 255 254
    99 198 255 200 196 3 211 143 12 255 166 157 172 228 233 255 255 3
    200 196 63 255 146 80 239 154 255 255 138 255 30 75 255 255 233 9
    239 232 176 106 60 255 255 108 255 255 76 255 255 120 2 255 35 102
    247 109 247 4 52 255 255 74 104 255 217 255 255 138 72 255 75 138
    170 110 247 67 161 179 138 38 145 255 65 124 255 255 255 255 124 255
    245 255 255 255 205 255 255 198 255 6 63 225 140 255 10 255 255 233
    134 57 65 202 221 255 164 231 227 255 50 164 166 80 136 255 248 145
    106 3 255 84 255 97 129 255 252 189 79 150 90 205 255 88 255 255 112
    201 250 255 70 232 255 206 249 255 78 255 255 255 126 255 75 255 123
    225 101 255 125 140 255 246 255 114 105 255 149 255 36 255 3 255 95
    243 255 232 255 157 213 135 235 95 102 191 255 255 114 103 151 118
    255 255 255 255 207 49 43 116 94 255 255 255 204 236 186 255 29 78
    106 80 14 255 255 255 255 11 215 228 255 255 255 55 73 118 181 199
    255 186 255 226 70 66 255 95 136 255 49 17 255 136 255 255 255 107
    255 146 255 155 139 85 255 211 222 255 255 203 255 150 255 255 104
    68 255 255 255 133 102 245 108 255 31 191 121 102 247 236 230 177
    135 162 194 1 135 49 255 68 255 12 255 80 130 194 163 46 255 255 116
    218 224 255 255 136 179 255 255 4 102 148 18 255 84 1 198 255 176
    157 255 255 133 255 80 239 37 192 63 34 65 255 255 255 255 255 63
    255 21 255 68 255 121 15 226 255 210 255 214 19 255 110 31 255 255
    255 255 89 255 255 210 31 243 232 255 161 161 225 21 98 101 243 255
    220 159 255 255 255 255 172 255 70 114 183 142 78 153 214 255 220 12
    204 255 255 255 255 195 2 217 128 199 255 176 119 82 255 208 47 183
    239 255 16 85 255 221 215 129 150 158 255 132 255 34 48 63 35 29 255
    202 35 150 88 250 255 255 255 255 255 255 107 230 98 60 106 222 182
    255 38 162 255 233 181 255 169 255 204 222 255 255 141 255 248 151
    213 243 117 14 248 255 255 194 42 255 204 240 255 255 255 112 255 34
    255 255 172 255 90 255 199 255 231 255 255 60 255 255 18 210 241 3
    255 255 220 255 172 255 255 255 94 255 255 83 114 255 180 255 200 44
    242 255 255 255 255 255 198 255 157 255 136 255 157 144 80 222 202
    255 94 255 48 31 138 80 184 45 194 99 255 53 29 47 255 199 93 4 63
    255 175 255 127 116 255 84 34 255 255 255 255 204 201 215 121 255
    255 99 110 111 97 94 111 255 134 255 213 105 90 2 157 242 177 255 44
    255 101 158 99 248 255 255 255 148 255 10 255 52 213 255 4 199 255 0
    157 29 255 166 9 255 104 124 144 255 255 255 94 235 149 38 255 255
    59 14 255 181 255 222 180 85 255 255 255 69 180 34 129 255 255 97
    255 174 157 255 223 255 102 255 97 183 210 255 190 255 255 128 255
    255 8 203 255 255 255 67 214 255 255 211 145 159 171 255 255 255 255
    144 156 255 255 166 237 9 109 255 255 180 255 252 255 99 93 255 255
    24 183 22 255 240 24 112 191 48 255 255 218 170 139 34 163 82 177
    255 42 92 255 106 201 217 255 184 73 23 181 255 255 255 255 172 255
    255 207 196 255 183 255 168 139 44 255 85 255 255 22 255 255 232 255
    148 23 255 138 90 5 116 255 255 34 150 128 106 190 255 255 237 255
    255 30 255 192 175 228 198 74 215 179 105 255 232 57 49 35 255 63 37
    138 97 211 255 242 24 4 255 49 255 242 7 255 116 255 221 255 245 161
    255 174 179 255 255 158 255 213 255 255 255 198 255 0 226 128 174
    255 255 163 191 255 255 94 73 255 10 31 116 16 12 0 195 126 255 255
    82 22 196 68 241 195 255 255 33 255 233 229 15 155 12 46 255 164 34
    217 104 242 54 10 20 250 157 255 164 94 89 106 16 255 255 184 255
    121 48 22 174 251 255 255 255 249 166 255 255 255 207 37 93 255 255
    255 195 255 95 255 164 255 218 80 255 156 170 21 255 235 177 100 255
    255 132 133 34 196 255 95 121 255 255 213 255 21 125 37 255 150 255
    194 239 255 255 78 255 177 255 111 255 255 138 255 255 184 255 93
    255 222 149 48 95 254 255 82 255 34 106 125 255 255 255 216 255 67
    255 52 198 255 255 59 223 255 102 255 255 255 255 243 255 138 255
    211 223 75 232 255 149 72 250 255 196 167 255 255 44 64 218 255 11
    255 201 22 203 255 90 1 255 255 255 181 163 177 255 252 166 48 24
    141 130 255 136 255 255 82 41 50 113 123 189 255 193 52 218 255 255
    67 37 65 255 14 228 210 152 255 255 51 255 224 255 255 74 172 21 255
    94 255 175 19 172 186 255 255 52 198 255 124 46 255 59 255 255 20
    255 255 255 53 166 255 255 255 255 227 255 231 255 255 209 152 35
    190 104 131 255 255 255 179 7 255 1 255 255 255 66 26 255 0 127 255
    230 97 40 177 177 169 12 255 22 255 255 4 20 183 49 255 255 79 255
    255 157 255 255 104 255 255 16 225 255 255 255 255 255 220 255 255
    85 248 180 255 255 225 255 255 40 255 255 100 118 255 14 255 92 255
    206 77 255 189 105 15 7 255 20 255 255 255 112 255 29 255 230 157
    255 255 255 244 255 255 255 166 105 255 255 255 255 255 255 255 255
    255 39 255 175 196 142 45 255 7 255 255 217 98 255 116 4 230 255 255
    252 146 57 227 172 222 255 88 226 255 255 176 255 255 75 255 95 255
    255 189 168 255 255 187 63 52 241 255 49 30 255 233 101 2 255 166
    239 255 255 255 105 255 255 75 255 255 67 218 255 207 255 255 255
    164 158 255 175 107 255 154 198 191 14 90 112 255 255 52 236 255 230
    172 255 194 132 245 9 156 73 255 201 218 13 255 55 255 255 240 255
    252 170 209 112 250 255 46 99 255 42 140 200 141 255 255 15 255 255
    255 255 255 199 179 32 35 116 235 142 255 142 192 255 209 29 255 255
    20 255 255 255 97 255 216 39 247 124 255 103 192 169 255 255 255 168
    255 55 239 255 255 255 206 255 99 255 255 255 18 177 247 254 119 174
    70 210 133 57 75 71 153 162 7 78 255 131 229 20 133 11 148 239 255
    255 164 187 177 255 246 157 217 100 51 255 255 255 15 241 204 255
    101 41 255 60 147 255 136 255 255 80 255 58 60 99 255 220 255 207
    217 255 255 78 255 116 149 255 255 0 193 255 149 116 255 255 12 151
    98 66 114 121 170 64 255 255 254 123 87 255 255 255 255 49 58 198
    255 138 255 162 255 192 10 213 215 100 20 105 46 206 204 255 82 255
    255 111 255 10 46 255 146 255 19 63 255 131 150 213 255 63 80 222
    165 191 255 233 255 192 255 95 255 44 255 255 225 10 9 123 255 255
    22 255 202 169 245 255 102 112 255 255 242 255 100 191 255 235 255
    255 181 43 255 255 0 108 158 255 255 255 255 255 79 179 255 255 150
    67 134 255 93 255 250 174 53 215 187 255 255 232 18 97 255 165 213
    255 50 255 138 199 104 237 89 233 146 121 255 255 184 37 101 255 198
    255 222 114 255 7 255 127 255 133 179 106 255 232 255 174 255 38 255
    255 239 138 255 72 143 90 255 255 215 255 255 11 56 255 255 71 255
    255 210 255 255 255 255 255 59 255 49 194 58 45 130 255 39 109 94
    187 255 9 41 19 114 255 255 203 110 147 186 181 214 70 255 127 255
    222 150 255 255 91 237 255 97 189 255 5 244 200 94 26 6 67 95 220
    106 46 255 130 39 255 121 150 97 177 255 255 255 85 4 131 39 255 252
    255 255 123 255 255 132 255 255 255 255 255 109 237 255 136 9 252
    124 97 255 195 255 41 109 255 255 113 191 255 125 255 255 198 255
    121 56 136 131 151 138 255 205 101 82 255 255 6 63 255 255 255 255
    155 255 41 34 65 225 255 255 228 133 164 3 255 225 128 255 213 128
    28 34 255 166 244 208 148 255 247 13 192 208 121 53 255 243 255 255
    35 68 255 255 247 107 149 143 255 255 120 255 255 239 255 69 149 255
    116 130 255 255 160 216 255 255 85 255 97 34 56 246 255 11 49 112
    255 232 172 207 255 255 58 254 255 161 209 225 6 142 255 224 70 255
    121 22 26 255 255 255 191 86 255 255 255 255 255 83 189 37 56 172
    255 76 255 255 255 203 255 116 24 255 79 66 131 30 255 146 74 255
    101 68 255 255 255 27 148 255 29 250 255 247 255 180 158 101 255 255
    75 19 255 255 255 170 255 102 46 255 190 233 170 255 255 255 250 112
    255 110 206 255 158 255 224 85 255 255 190 196 133 255 32 255 93 36
    255 255 124 220 255 255 120 255 83 255 198 255 228 255 255 6 119 94
    224 218 255 255 74 255 93 255 255 93 186 255 41 255 250 247 49 255
    255 164 89 148 35 182 202 71 255 255 255 255 255 246 140 155 23 160
    239 255 245 0 131 31 233 255 138 146 57 39 255 255 99 255 251 80 255
    255 255 19 255 255 255 78 233 232 75 216 255 255 29 6 255 165 255 37
    174 43 255 181 41 255 46 164 255 75 255 255 255 24 255 172 255 90 12
    255 18 255 255 19 24 255 16 255 207 35 92 255 162 211 255 85 165 255
    52 255 196 255 255 255 175 167 255 164 255 7 136 31 255 123 196 255
    87 118 255 255 90 255 149 181 255 180 242 255 19 255 255 181 255 255
    255 177 255 112 255 241 79 255 255 255 176 49 255 255 255 33 255 255
    211 220 255 255 121 255 169 255 90 255 255 123 80 255 255 95 184 140
    150 255 177 124 255 255 255 70 211 101 255 255 7 181 255 127 9 254
    255 255 255 141 255 255 52 72 255 255 211 67 72 255 13 255 255 255
    218 204 103 90 255 255 255 199 255 255 255 255 255 255 220 255 68
    255 131 216 255 65 145 255 121 29 4 177 191 121 112 34 255 20 66 255
    132 78 255 72 87 250 104 56 148 8 213 252 255 75 26 255 148 37 255
    43 255 56 148 138 255 10 255 255 255 230 0 201 144 205 145 255 255
    145 255 255 255 230 255 255 95 87 186 39 236 118 34 255 55 255 3 255
    255 228 141 255 195 255 198 255 255 255 222 126 255 164 255 255 19
    255 116 100 46 153 150 255 19 237 255 136 59 68 161 255 255 127 255
    255 213 3 225 220 254 255 37 123 255 255 255 255 255 255 68 255 206
    3 255 116 255 255 205 187 255 192 255 255 255 255 255 255 218 255 70
    255 255 34 111 198 255 145 255 255 9 255 67 255 255 255 255 142 100
    43 255 255 49 131 255 255 166 82 255 105 255 255 4 113 162 80 255 19
    37 196 255 116 225 242 0 59 124 255 255 34 255 255 216 255 191 255
    19 255 3 191 190 73 255 255 55 255 236 14 255 139 176 255 91 24 255
    149 101 255 93 109 255 12 255 255 14 102 255 87 194 255 255 255 255
    237 41 255 49 232 58 142 255 245 228 124 71 255 255 67 1 255 255 255
    255 60 255 29 90 187 255 255 53 255 255 25 255 255 49 255 255 19 255
    255 184 10 235 192 133 185 53 77 60 57 150 254 214 155 189 255 167
    220 83 255 219 165 114 73 113 7 174 255 255 168 255 130 204 255 249
    131 217 223 255 87 44 125 85 138 118 255 216 93 76 255 255 1 70 62
    38 198 255 158 255 142 80 213 134 149 255 255 46 247 255 97 255 255
    128 148 255 29 255 73 255 80 116 235 111 142 209 97 255 1 218 255
    255 148 241 5 189 255 110 99 255 113 255 255 175 255 255 246 255 241
    171 155 200 232 252 114 33 119 255 255 191 136 124 255 200 184 255
    32 255 239 255 79 239 255 255 191 255 90 227 110 76 101 93 186 255
    255 125 255 177 89 20 194 172 239 163 241 227 255 228 255 215 228
    164 50 86 123 80 255 24 255 237 75 255 119 7 153 149 9 254 255 255
    255 255 255 255 213 174 187 255 255 93 130 223 255 255 255 255 255
    255 34 250 255 209 191 255 255 57 112 226 50 255 255 120 29 183 168
    2 255 255 65 255 172 150 228 255 12 21 225 95 41 255 181 164 26 34
    164 183 78 217 216 255 255 255 255 255 198 255 13 255 31 192 56 187
    255 255 170 255 71 65 155 34 255 255 255 255 255 255 130 252 134 255
    108 186 255 200 119 255 255 255 255 69 254 232 255 228 255 65 14 179
    255 196 255 255 172 123 255 97 255 255 34 255 80 226 255 17 75 255
    255 218 255 255 183 232 255 255 255 255 11 255 255 102 2 241 255 255
    255 48 145 255 255 43 255 241 145 255 255 78 255 138 255 86 255 255
    255 255 255 255 255 255 146 255 228 241 115 220 255 221 133 163 255
    97 144 255 255 157 168 82 255 63 68 172 136 255 34 247 255 67 35 249
    255 63 255 255 82 10 255 246 255 142 102 255 200 206 233 255 231 255
    255 255 22 255 255 118 255 38 255 108 141 255 255 214 247 255 255 31
    255 91 0 67 130 0 77 247 176 255 11 83 255 224 223 159 33 162 11 255
    213 121 145 255 255 1 24 255 16 255 114 255 109 43 195 126 174 123
    208 255 75 250 255 175 255 255 146 255 19 44 92 255 105 136 255 20
    118 255 196 97 255 216 49 136 112 90 41 60 255 255 198 63 185 255 87
    134 40 19 54 255 208 255 203 242 11 90 255 255 255 118 54 255 255
    255 160 222 35 131 53 120 131 181 255 63 153 255 203 37 58 255 255
    255 239 17 255 177 254 148 16 10 149 251 255 200 206 244 125 255 255
    108 248 5 255 255 252 255 255 89 255 255 255 65 192 39 211 60 255
    226 255 255 243 60 187 24 255 255 255 255 255 120 37 107 131 150 7
    255 250 176 114 91 255 49 27 255 110 226 255 255 64 196 255 255 193
    248 236 255 7 225 78 93 255 255 255 19 255 250 10 255 255 255 36 204
    79 68 255 124 15 120 207 133 215 11 255 255 139 255 134 255 255 255
    172 255 255 113 186 65 255 250 255 83 169 255 195 44 255 34 220 255
    75 255 255 115 255 43 78 203 217 71 255 24 255 255 140 255 215 177
    76 167 30 141 55 255 1 63 146 228 255 255 23 255 255 156 7 255 123
    255 157 75 239 255 255 255 252 104 255 255 255 43 138 255 20 255 37
    41 148 255 255 168 143 255 149 154 95 255 255 24 84 151 152 243 220
    87 255 239 186 92 198 255 255 65 104 108 72 210 185 90 255 2 18 255
    255 255 255 255 3 255 255 255 255 255 255 223 181 102 70 255 94 222
    211 255 255 255 247 255 140 128 53 255 177 106 155 255 148 71 146
    249 255 124 138 255 255 109 118 233 244 255 65 255 166 158 255 255
    23 255 54 8 255 255 255 255 255 162 255 71 27 5 255 255 255 54 255
    255 82 236 82 252 199 244 191 89 255 255 192 216 41 138 36 22 83 135
    15 146 109 192 243 14 255 116 191 69 154 43 2 109 252 255 255 182
    255 255 255 15 86 255 255 207 12 86 202 255 255 7 255 77 142 255 255
    59 255 255 85 121 255 75 233 255 127 193 177 173 155 255 255 255 67
    255 232 255 255 145 148 55 51 255 97 89 176 121 216 93 202 187 174
    165 101 204 255 255 177 225 206 217 214 220 255 255 145 220 16 228
    255 244 255 211 49 135 194 37 136 255 248 82 32 255 177 73 169 213
    32 205 116 142 255 255 255 131 77 161 139 118 205 255 22 217 255 0
    245 255 147 255 55 255 255 19 255 189 235 255 219 12 9 110 255 255
    159 255 255 73 74 26 151 255 255 101 255 255 255 213 133 125 255 255
    34 162 255 255 255 44 19 214 14 148 177 255 255 255 255 0 48 92 255
    203 255 230 173 255 255 112 227 26 16 255 80 176 128 237 255 24 226
    173 255 230 255 255 110 64 255 142 105 48 255 147 0 17 202 3 255 123
    255 255 203 55 255 233 55 123 30 10 133 138 255 255 232 210 220 255
    56 255 75 55 255 183 255 67 255 225 255 161 255 239 255 136 97 255
    133 32 119 164 255 15 255 41 45 255 255 64 114 64 162 95 138 80 255
    255 85 141 255 117 255 255 224 55 99 55 210 255 255 255 26 255 48
    181 255 162 255 255 255 255 181 255 172 26 107 217 255 255 62 156
    119 255 171 89 34 202 242 233 67 247 77 41 9 255 203 255 255 255 255
    255 213 255 255 255 240 220 76 255 34 183 80 255 183 239 123 255 255
    255 255 223 67 86 36 255 146 255 255 241 255 19 255 255 60 255 95 6
    255 255 110 241 85 255 181 255 78 255 255 233 255 75 116 183 255 15
    235 193 144 233 255 255 255 118 9 143 27 255 255 255 133 192 32 255
    255 255 255 255 255 177 255 255 255 97 152 255 255 255 255 33 66 255
    252 255 204 255 255 24 255 255 255 56 255 255 157 255 88 255 157 255
    255 3 86 255 112 255 97 208 255 255 85 237 25 83 71 165 14 255 85
    216 56 255 85 118 146 255 255 203 75 159 255 242 255 119 43 247 194
    189 255 75 255 252 4 90 255 240 172 11 22 51 215 255 176 219 91 255
    255 255 107 255 255 242 166 75 255 255 255 255 255 130 255 30 70 9
    108 237 255 255 105 255 255 138 255 255 98 240 101 221 131 219 191
    255 26 130 43 202 94 39 248 255 255 255 0 55 255 171 223 255 202 66
    255 46 199 73 100 255 176 72 255 255 79 208 245 255 27 255 255 85 28
    14 255 255 59 82 170 48 255 168 93 255 60 119 135 11 113 167 241 16
    255 172 217 65 30 255 255 32 176 255 255 143 204 255 191 186 233 229
    34 174 255 250 255 207 255 125 255 101 213 0 169 220 207 66 77 239
    87 255 194 44 177 53 235 255 125 255 255 125 128 255 255 252 255 160
    255 255 255 73 90 100 255 161 195 242 255 255 60 255 16 5 62 255 242
    255 206 147 37 109 193 255 216 56 136 217 255 255 255 255 255 27 255
    255 4 95 255 244 55 116 35 70 255 255 77 255 157 95 146 195 255 17
    255 255 34 255 255 140 255 255 136 255 99 255 203 255 255 117 211
    155 33 252 255 255 255 90 85 255 34 14 255 183 29 255 179 85 213 255
    42 255 84 162 83 255 33 82 255 211 152 255 202 169 155 145 130 255
    164 17 45 255 255 39 220 255 202 255 255 170 255 165 255 255 191 28
    255 255 50 40 255 255 41 255 255 255 164 9 255 255 255 206 72 217
    255 232 255 255 232 255 41 255 99 236 182 213 102 255 181 255 213 75
    207 204 0 255 148 196 113 255 58 255 255 255 110 177 205 90 22 86
    255 56 209 80 70 255 157 191 49 255 72 255 87 255 80 255 17 222 72
    232 217 142 255 255 246 199 228 162 255 177 255 26 192 176 215 255
    255 77 255 60 252 116 255 255 220 40 255 255 255 191 255 70 41 255
    26 255 255 177 255 255 255 255 32 67 187 187 255 121 255 232 94 255
    175 255 13 12 165 255 199 83 255 241 179 255 255 39 232 255 85 255 4
    119 255 10 255 9 161 128 255 65 255 174 76 225 255 255 255 17 255
    255 101 135 242 255 217 245 255 255 255 99 218 255 22 255 3 213 90
    73 255 59 34 131 160 10 123 206 114 187 255 255 255 83 85 144 255
    255 255 48 255 255 240 135 255 226 255 230 255 255 255 157 255 255
    106 130 105 104 255 24 177 3 0 181 19 255 110 255 149 8 128 245 26
    255 62 255 49 228 40 39 235 161 29 189 146 255 255 3 160 255 150 9
    255 255 77 4 233 92 255 19 255 146 254 255 255 255 68 255 26 7 11 27
    72 255 97 82 255 156 255 255 60 255 255 255 68 185 87 255 131 150
    255 255 158 255 255 199 255 255 105 31 254 255 255 255 23 255 69 192
    255 247 10 255 255 254 107 65 255 85 166 139 211 19 255 255 255 40
    17 185 75 181 255 255 255 255 255 255 47 199 255 144 130 22 255 102
    255 219 156 31 255 206 220 255 127 162 77 248 51 151 10 233 101 255
    255 255 176 191 211 195 232 255 143 255 255 136 255 174 119 255 255
    108 95 255 255 255 204 255 92 125 116 239 255 195 255 95 89 255 191
    35 223 2 233 106 255 255 44 255 147 255 19 153 56 232 255 121 255
    218 245 255 82 255 255 57 255 41 113 7 99 190 164 255 83 216 255 228
    37 255 171 104 43 241 51 255 255 255 255 168 164 255 247 255 148 162
    235 255 117 255 21 70 211 255 27 126 170 255 206 220 255 249 148 252
    255 159 38 255 255 30 255 245 4 164 255 19 242 255 255 255 255 45 34
    255 255 255 255 72 255 133 136 255 110 145 255 255 181 255 255 191
    255 103 127 255 176 136 53 255 53 44 181 255 255 255 123 189 140 240
    242 255 199 184 90 235 55 255 48 169 255 71 123 255 97 199 255 165
    255 255 128 255 217 255 41 255 16 204 255 255 255 168 134 228 255
    171 97 255 247 41 174 255 118 252 164 41 255 255 75 226 79 141 235
    255 255 19 255 145 228 166 68 82 255 36 127 11 252 255 85 141 17 244
    255 123 255 255 255 255 140 35 130 230 255 150 255 255 115 179 88
    255 255 207 175 255 35 166 232 202 255 153 255 121 255 255 255 43
    255 255 121 255 188 255 67 194 255 13 72 116 255 233 89 106 40 249
    255 192 255 52 255 208 88 158 255 67 29 227 255 125 130 19 83 165
    114 123 255 255 255 140 255 196 31 50 106 255 26 177 228 166 116 147
    125 248 20 255 255 37 90 53 255 185 64 196 255 169 255 255 226 141
    255 119 7 39 255 216 255 217 255 255 255 255 255 195 196 255 89 255
    255 191 255 255 255 255 245 255 169 255 192 15 179 156 176 255 130
    31 77 35 237 75 255 12 219 210 140 255 12 61 200 190 255 255 100 114
    255 29 164 255 255 211 255 168 136 157 67 104 255 45 109 88 8 255 9
    213 82 191 139 255 255 221 255 123 71 255 255 85 255 11 102 83 32
    255 106 255 255 58 151 175 249 255 255 255 49 255 193 248 218 20 255
    255 26 255 255 143 255 241 255 41 4 255 136 113 255 255 232 255 52
    255 255 228 255 255 43 226 215 7 127 39 255 90 193 255 16 83 241 130
    255 224 44 20 176 255 152 196 102 255 233 237 255 131 243 233 22 187
    61 255 130 255 255 130 254 224 98 36 255 218 94 255 255 181 255 216
    136 7 184 170 151 255 255 144 161 218 192 49 255 84 35 255 255 72
    255 255 89 65 200 255 255 255 70 36 255 255 218 99 217 140 255 255
    66 255 171 145 255 18 247 134 85 0 255 255 255 226 90 255 73 165 73
    174 63 255 255 255 255 67 145 37 192 162 36 243 199 255 45 221 255
    93 176 255 105 101 255 134 191 255 97 173 255 255 125 56 255 76 89
    255 209 255 255 86 164 255 255 255 255 226 58 255 100 255 185 209
    255 255 70 19 255 255 97 97 255 255 255 255 255 255 18 255 255 250
    255 131 53 12 13 101 177 86 60 182 172 59 22 255 255 255 255 181 255
    30 255 165 255 119 242 28 105 255 255 255 128 185 75 233 255 255 255
    255 136 187 255 48 31 255 206 252 15 255 255 101 255 255 255 31 56 7
    202 254 198 161 255 75 151 19 255 236 99 247 255 17 179 113 15 105
    255 255 255 123 61 22 158 255 58 16 29 172 138 255 116 35 220 67 222
    55 255 184 255 198 26 89 166 255 247 255 255 10 166 4 255 58 132 15
    255 206 255 170 255 255 71 255 255 192 100 255 47 198 255 205 100
    104 39 255 210 255 255 158 255 132 255 65 22 176 161 63 255 255 255
    95 7 255 46 148 134 2 255 196 2 255 61 252 255 255 19 255 255 123
    255 125 204 255 255 169 255 255 255 255 14 255 255 117 255 24 86 143
    255 75 10 26 255 255 37 18 60 58 244 55 255 59 147 78 91 157 30 255
    206 226 255 244 22 243 255 255 20 255 255 255 255 255 183 255 138
    255 111 255 132 85 255 165 0 245 241 43 127 63 247 166 65 187 101 0
    32 255 141 5 255 1 10 255 18 255 37 255 255 60 116 165 255 243 255
    255 61 196 13 95 255 177 71 165 125 68 230 217 255 255 222 166 5 241
    30 255 149 161 116 255 15 252 97 158 255 73 244 255 255 83 255 255
    168 143 255 19 255 177 106 46 189 109 68 142 224 255 255 102 255 88
    255 255 255 29 255 255 255 39 112 255 101 245 255 255 255 46 255 58
    190 77 170 255 116 222 61 255 116 232 83 255 141 119 255 46 89 255
    162 255 255 255 12 136 22 37 6 255 199 255 142 92 39 97 116 47 33
    255 39 151 164 77 75 244 196 143 218 252 57 255 237 53 255 194 94
    116 255 255 255 92 255 41 230 255 255 255 95 255 95 53 155 255 255
    201 41 255 191 255 105 145 177 15 255 255 169 255 110 255 9 176 190
    255 255 67 255 255 255 116 255 101 255 255 173 189 243 31 223 37 255
    255 155 224 58 67 138 255 144 90 255 255 254 242 230 46 255 110 136
    140 112 255 255 230 255 48 255 38 255 77 113 255 241 184 255 92 49
    233 77 104 255 255 255 255 255 63 119 255 231 150 166 102 255 248 52
    255 245 218 46 255 255 255 255 255 255 255 255 152 101 149 255 255
    93 138 255 41 138 198 139 255 233 255 255 239 255 255 255 8 5 144
    198 255 255 151 233 254 255 65 125 255 255 255 130 17 255 255 193
    144 255 75 255 255 213 49 255 255 255 37 255 255 142 255 255 201 255
    86 255 255 255 255 255 71 91 194 114 46 58 255 226 118 185 30 255
    133 225 255 255 255 99 179 176 255 255 196 119 255 255 255 255 53 66
    2 101 170 24 154 177 255 221 255 118 244 255 65 248 150 255 72 255
    255 100 218 255 177 148 62 7 254 255 90 104 255 136 157 255 83 255
    217 206 107 220 10 255 255 175 170 255 255 255 13 255 255 255 255 63
    103 46 255 255 255 148 120 255 255 255 183 255 177 255 255 255 226
    85 255 60 46 255 149 89 92 150 41 112 255 255 222 202 201 189 145
    228 255 119 176 114 255 254 255 98 136 209 143 255 34 255 255 255
    141 112 110 166 204 255 255 157 255 41 106 56 224 255 136 22 138 255
    63 187 255 160 210 255 255 182 255 139 19 255 127 191 247 255 255 84
    164 255 255 113 255 192 255 36 255 80 187 21 214 255 65 206 255 255
    233 12 116 74 187 116 19 128 255 173 160 255 255 26 233 79 255 64
    136 255 255 130 255 255 56 225 142 255 255 163 119 17 136 255 255
    255 158 255 255 142 255 47 15 255 255 255 208 255 196 181 255 255 75
    255 255 36 90 146 53 243 63 41 255 67 255 185 241 255 255 255 90 123
    194 189 62 255 255 255 207 19 255 171 255 191 48 255 131 154 12 21 0
    255 255 237 255 164 255 255 153 1 58 255 255 174 255 255 153 255 120
    26 39 255 204 255 42 255 67 74 191 255 255 255 255 55 255 45 162 7
    108 169 80 112 108 174 88 44 140 11 102 182 241 205 255 151 46 5 255
    85 255 255 67 51 39 255 99 35 255 158 99 255 90 149 79 12 255 127 26
    255 255 22 127 23 101 226 97 233 118 255 255 26 210 61 255 142 2 255
    255 255 255 44 34 233 255 60 255 11 208 255 255 255 255 22 39 209
    158 255 62 233 255 255 124 216 47 213 150 142 255 157 230 127 211
    255 112 255 217 224 58 187 156 9 99 255 14 255 116 255 28 117 194
    204 255 255 105 50 99 202 5 206 255 255 170 191 255 223 159 255 255
    52 255 210 255 85 255 255 255 255 155 91 65 255 213 116 255 153 255
    233 255 179 181 255 245 255 106 179 88 255 235 255 196 255 233 229
    244 255 255 255 241 102 255 93 255 255 255 162 61 255 213 44 255 138
    255 110 93 138 241 186 255 255 44 193 101 150 218 255 255 14 255 175
    255 255 72 162 13 124 255 65 86 14 157 255 255 255 255 255 120 252
    220 105 241 240 255 228 70 255 110 37 255 226 255 211 255 176 71 75
    255 80 207 198 254 82 26 255 105 106 255 179 255 191 25 27 88 127
    203 6 65 255 255 255 255 129 82 19 255 205 2 255 113 83 255 255 255
    17 49 255 255 44 215 37 192 254 116 255 133 255 255 63 149 156 230
    255 206 255 255 134 255 69 186 255 255 177 43 255 113 255 255 248 55
    248 105 255 209 255 245 170 4 255 146 12 255 108 255 177 255 74 85
    138 255 232 134 255 255 101 120 143 255 255 255 93 176 176 255 255
    255 174 191 255 255 127 44 255 113 255 255 202 255 181 226 160 155
    255 177 140 147 255 39 241 53 255 61 196 255 206 255 255 22 255 255
    59 227 255 12 60 75 87 220 56 60 255 255 255 208 151 220 245 255 184
    255 43 0 255 255 203 255 255 255 104 250 255 172 254 106 255 224 255
    255 255 63 232 220 255 19 255 154 189 97 222 189 69 255 85 163 207
    255 247 20 0 43 125 239 255 187 235 255 95 255 32 180 255 217 216
    255 103 132 245 232 172 206 19 244 255 86 67 208 255 180 141 205 55
    245 255 255 170 155 12 172 49 156 255 255 64 245 71 191 255 168 23
    46 60 61 181 215 255 255 255 255 255 255 89 109 255 53 228 82 65 24
    151 98 255 49 224 143 255 255 255 138 22 255 92 255 104 255 233 162
    252 134 204 163 232 61 255 125 242 217 255 255 215 61 220 255 255
    111 11 130 255 54 181 255 82 125 56 255 29 255 255 255 58 255 254
    216 255 255 255 255 255 255 255 59 189 108 97 0 219 220 15 255 255
    255 255 45 255 62 255 255 67 30 87 255 255 255 194 168 19 252 124
    141 93 228 77 4 192 75 255 222 242 15 255 111 217 102 70 255 162 223
    82 252 255 202 135 255 255 232 17 232 240 106 95 255 5 255 255 78 90
    202 255 121 206 255 255 128 255 252 183 46 67 221 255 254 255 172
    237 255 255 255 255 244 255 50 255 255 176 99 255 255 66 34 255 255
    43 89 255 255 91 255 255 108 255 110 252 255 255 179 255 151 255 48
    255 108 104 255 179 255 255 177 112 255 198 24 93 190 223 255 109
    164 191 64 208 200 45 80 255 101 255 255 206 223 7 120 255 255 199
    179 255 5 255 255 252 184 255 255 153 0 0 255 39 255 29 84 7 255 88
    220 75 255 198 208 86 49 255 164 67 255 4 44 164 177 89 255 255 196
    44 255 199 255 255 255 109 179 85 198 255 18 157 144 173 109 255 38
    255 255 109 255 30 255 210 155 255 255 97 255 44 155 180 255 255 217
    255 110 255 220 211 255 210 191 64 211 255 128 255 181 214 20 255
    183 255 255 195 90 41 33 75 237 33 32 187 161 140 110 181 255 62 101
    56 255 143 255 255 169 111 101 224 255 112 255 157 205 255 210 230
    95 49 172 22 255 255 255 255 255 255 255 215 90 255 255 145 255 163
    98 255 170 105 101 49 29 245 255 8 220 255 128 255 131 255 255 237
    112 9 255 48 215 65 250 255 105 248 201 255 37 109 255 61 12 47 165
    63 255 255 255 194 83 82 34 255 255 255 255 255 19 255 44 255 255
    255 43 74 255 19 94 255 255 30 255 255 42 255 255 187 255 219 255
    244 255 247 255 181 95 255 196 255 255 255 248 167 255 246 233 255
    255 242 255 199 31 196 224 255 255 53 255 191 124 255 255 29 255 255
    135 26 108 40 255 110 23 44 121 156 128 252 255 255 192 225 114 255
    27 164 6 251 99 125 79 182 174 255 255 69 203 255 255 255 3 189 70
    34 255 228 239 80 255 114 189 243 255 92 125 255 254 157 189 17 86
    201 255 143 255 255 255 255 255 0 82 255 255 228 235 255 255 82 255
    130 52 236 255 202 255 213 202 240 44 205 192 255 255 48 254 255 255
    119 255 221 255 255 184 83 241 220 255 255 105 255 144 255 187 149
    206 255 19 157 153 239 187 255 255 255 255 255 50 255 192 93 124 164
    14 140 39 83 255 255 220 255 255 141 255 255 252 179 255 146 255 255
    91 63 255 255 123 125 105 60 131 255 255 202 205 199 153 75 135 211
    64 255 255 194 255 41 255 39 4 141 138 90 98 29 255 255 141 163 177
    232 58 255 60 170 243 255 7 244 255 6 50 255 105 248 53 255 79 255
    255 255 58 255 255 182 233 216 255 255 7 255 127 145 68 226 255 255
    255 121 218 71 12 255 105 57 255 198 176 255 255 191 227 255 255 140
    146 194 24 255 255 255 22 192 211 155 85 255 255 161 5 255 255 65
    255 255 255 255 70 255 0 38 255 86 255 249 62 100 255 9 117 31 138
    136 255 255 255 177 255 180 255 224 38 72 248 255 194 142 190 255
    255 42 102 95 166 177 6 90 101 92 85 255 255 134 0 222 255 255 255
    255 255 163 254 244 17 255 255 255 255 34 215 128 68 125 115 255 254
    255 255 255 164 255 255 218 181 255 44 255 35 87 70 151 138 169 222
    255 247 255 229 255 159 12 255 116 180 90 255 203 116 64 248 223 255
    65 232 217 157 255 159 255 179 32 255 53 255 79 255 255 255 174 255
    139 164 69 243 255 255 49 255 255 72 233 108 14 177 255 229 255 164
    100 255 233 158 255 217 15 172 255 104 116 2 75 255 255 255 255 255
    214 0 255 160 255 237 93 255 4 255 255 255 112 112 255 232 44 255
    255 255 255 239 255 255 20 68 255 11 106 255 254 85 255 221 255 112
    55 36 108 255 255 255 27 17 255 255 131 255 33 83 21 255 252 146 240
    255 255 116 218 219 7 255 121 183 60 67 255 167 243 3 193 7 198 255
    71 255 255 15 169 157 183 172 94 245 169 255 255 255 255 60 192 43
    41 42 104 2 53 255 255 255 68 125 231 255 77 86 111 62 45 255 106
    255 174 181 255 255 255 147 14 255 216 55 255 12 230 245 255 252 255
    95 227 226 220 255 185 207 255 191 16 255 255 169 255 155 40 255 127
    138 68 77 255 255 255 255 255 255 255 255 255 255 26 255 255 255 255
    125 242 41 53 20 255 169 116 26 255 255 153 53 106 58 132 196 255 80
    116 255 255 255 209 213 255 92 64 223 255 65 215 255 80 199 255 226
    199 255 233 206 65 44 255 92 116 176 255 98 66 166 162 75 255 147
    153 255 251 44 30 40 254 43 248 20 255 117 36 82 250 189 170 34 255
    255 194 126 28 228 255 202 151 20 144 192 199 255 179 138 116 255 31
    103 255 49 255 161 41 255 255 104 207 165 255 255 7 232 255 255 255
    116 120 152 255 79 255 255 201 255 255 157 255 255 255 174 187 121
    252 69 255 255 255 34 77 220 26 150 222 255 179 255 255 14 209 255
    109 49 14 191 45 38 255 255 70 255 28 226 99 176 255 255 176 222 181
    255 38 182 34 110 56 255 153 255 255 255 124 116 255 255 255 255 101
    24 40 255 255 255 194 47 153 186 255 52 61 136 95 170 4 222 211 56 8
    26 255 255 255 93 76 255 144 255 255 90 34 27 255 20 182 255 220 255
    17 217 68 49 3 255 134 102 114 255 187 255 35 186 255 172 74 255 255
    211 160 255 5 15 255 75 240 159 5 255 255 45 37 110 255 255 255 255
    3 255 42 255 133 255 114 255 34 255 136 255 126 255 211 152 22 4 174
    129 7 255 4 255 43 255 186 63 255 255 255 255 255 255 164 255 130 80
    203 255 255 38 162 255 255 39 255 235 109 153 78 15 255 255 184 202
    110 255 255 80 141 255 115 255 255 183 255 73 98 255 60 255 255 233
    210 255 255 240 174 64 95 114 255 218 255 255 255 65 71 255 99 148 8
    255 255 255 255 255 201 196 6 3 255 64 124 255 21 255 252 129 255 31
    99 229 255 136 100 255 255 255 58 255 49 255 255 115 255 255 255 148
    67 255 228 207 138 27 222 31 255 17 255 112 155 90 255 248 181 150
    219 252 249 50 49 255 39 48 255 224 183 235 209 5 72 255 44 24 120
    252 255 255 255 0 255 75 255 255 198 162 255 30 7 255 175 211 198
    203 191 255 255 170 255 201 49 112 101 255 0 217 255 255 255 17 255
    205 211 255 101 83 189 41 143 237 255 44 255 4 58 174 48 157 255 83
    152 69 255 255 255 255 255 56 41 118 185 255 68 209 255 104 255 94
    255 255 135 189 255 14 255 255 79 10 255 30 255 255 59 255 56 255
    255 215 59 34 116 101 228 168 255 255 255 255 255 255 15 255 125 255
    43 255 169 97 131 213 255 2 228 174 93 168 153 255 237 153 11 255
    255 21 255 255 233 220 124 52 124 255 146 255 26 19 101 255 146 71
    48 49 48 75 213 98 36 22 161 255 255 46 255 255 255 255 181 255 255
    255 79 255 67 150 56 11 157 255 121 255 255 217 248 255 255 108 244
    224 232 220 185 142 255 233 255 255 255 255 104 255 255 181 255 113
    204 247 255 126 239 255 218 255 175 255 255 225 255 255 91 255 255
    183 14 255 222 65 7 255 5 82 109 255 17 29 255 183 60 255 255 255
    162 86 255 179 28 20 12 52 255 255 163 161 255 230 186 89 255 255
    176 105 125 255 168 255 95 19 14 172 255 232 255 196 57 255 73 255
    152 185 184 255 64 154 95 35 213 97 9 255 7 7 179 2 205 237 97 248 5
    255 116 1 255 255 255 222 209 75 95 131 201 77 28 42 196 226 169 255
    187 213 107 121 113 255 254 157 255 255 119 128 9 255 255 138 80 211
    255 231 138 255 20 29 255 255 225 255 41 106 0 255 141 161 255 199
    52 255 255 127 255 255 114 255 99 138 236 255 230 255 32 255 44 255
    255 57 244 140 19 228 255 70 204 24 22 111 247 14 198 243 113 51 84
    237 198 255 145 255 189 235 181 204 226 184 163 136 32 255 134 255
    157 209 46 255 119 77 28 255 255 255 23 204 159 49 255 19 220 160
    179 37 255 187 157 255 0 143 255 255 255 48 177 255 255 255 10 70
    255 67 165 255 87 255 166 255 255 0 255 131 189 233 244 0 52 228 97
    255 41 121 255 56 255 246 245 75 255 44 255 53 255 255 255 233 54 72
    255 189 255 255 255 210 141 232 255 255 255 255 99 97 108 255 134
    195 255 129 255 63 255 255 255 255 79 255 67 255 249 255 187 255 220
    145 218 49 255 255 255 25 255 255 255 255 255 229 37 255 106 255 255
    235 157 95 85 255 177 113 237 140 85 255 114 48 255 255 136 49 220
    23 255 255 233 182 255 255 255 255 255 255 77 110 255 191 255 247
    255 220 213 6 220 255 255 79 48 215 196 51 228 56 39 255 226 131 255
    255 255 255 128 194 255 4 82 220 150 255 125 255 182 192 169 82 80
    89 89 7 85 255 255 86 17 255 240 255 255 225 255 255 105 255 250 100
    213 49 60 155 255 255 10 243 255 187 255 226 73 161 169 116 255 64
    121 120 65 255 255 255 230 134 141 255 19 119 225 255 128 49 255 125
    255 255 160 186 255 124 255 78 65 255 255 87 124 103 255 169 255 247
    147 176 65 124 30 18 255 255 80 255 60 224 255 255 192 255 204 20
    153 255 255 187 129 226 255 127 255 3 71 255 233 28 255 179 228 255
    145 84 168 255 176 196 255 255 11 255 255 184 182 255 151 34 247 255
    143 255 255 131 255 105 26 255 78 255 255 55 3 255 83 2 255 203 255
    120 26 208 255 255 80 255 255 255 255 218 255 191 154 61 50 217 89
    82 166 233 255 183 255 224 255 255 255 1 204 99 44 255 255 71 255
    140 255 255 71 255 255 114 87 160 39 142 255 255 255 255 168 65 169
    73 29 90 255 250 135 17 52 255 255 202 255 32 255 141 255 255 43 157
    231 255 255 255 152 6 46 41 255 176 255 24 33 215 177 255 194 255
    255 215 255 108 216 9 59 124 187 34 89 86 44 199 198 123 237 255 45
    255 34 255 215 174 255 255 255 250 111 255 255 255 255 121 73 120 94
    56 255 33 106 255 91 194 252 53 255 255 166 255 255 61 121 4 154 255
    255 42 255 255 255 255 255 255 239 255 255 255 255 210 255 255 75
    128 93 255 255 255 248 187 237 216 191 255 18 255 146 255 255 77 16
    130 255 255 44 164 57 255 191 255 232 255 146 255 255 220 49 39 255
    223 202 76 255 255 56 255 255 102 65 255 87 255 255 100 121 255 38
    255 255 255 242 155 229 255 255 211 181 34 53 198 121 131 255 217
    255 220 255 65 255 255 192 255 56 20 255 49 255 255 255 91 68 39 220
    131 106 235 82 255 138 17 255 40 99 255 255 66 255 247 138 84 76 130
    255 244 255 4 220 227 230 255 255 84 0 46 255 255 255 255 164 255
    255 164 255 45 183 232 255 220 255 222 255 206 255 139 24 255 113
    104 255 192 39 255 56 95 123 255 255 255 255 58 255 224 65 86 255
    255 255 168 255 215 105 27 255 52 66 255 143 255 255 67 106 255 109
    174 255 138 169 255 222 20 56 175 252 56 255 80 219 201 249 255 255
    119 255 164 255 131 68 101 232 255 255 255 222 255 219 255 255 255
    164 169 255 34 255 168 187 255 255 135 255 67 127 255 255 255 255
    153 218 89 11 90 26 47 127 106 255 48 19 185 237 24 255 30 165 84
    206 55 255 191 191 255 70 255 255 166 255 90 3 255 255 20 255 69 142
    255 127 199 213 239 100 255 255 143 70 255 101 194 255 75 255 163 60
    89 0 250 157 170 108 10 255 228 230 112 112 198 189 109 255 255 255
    255 65 255 255 28 255 255 56 255 94 255 153 255 123 255 114 108 93
    235 194 20 255 255 255 65 255 255 17 239 255 44 127 255 255 255 5
    255 164 255 9 255 255 255 255 90 255 163 255 255 37 255 255 127 255
    216 123 255 95 116 10 9 15 109 255 174 110 210 30 255 187 140 121
    255 255 255 255 255 165 53 4 184 255 255 255 255 4 90 255 255 228
    255 255 150 155 245 85 255 62 231 60 71 255 187 62 255 48 255 255
    255 255 229 252 255 14 41 233 34 255 194 63 255 144 216 46 125 206
    82 255 237 5 255 255 222 255 255 97 21 90 119 47 255 60 90 100 255
    168 248 147 255 105 17 255 255 55 255 22 136 179 255 37 255 31 255
    255 20 255 255 255 255 75 86 255 255 98 39 179 255 255 255 138 255
    105 255 255 255 255 255 255 65 106 163 255 255 255 255 72 255 56 126
    148 255 182 4 244 12 255 255 255 255 25 255 255 171 22 9 79 250 255
    150 90 239 15 189 105 255 179 47 63 255 237 255 179 226 255 56 179
    157 255 45 240 49 202 206 41 255 255 255 255 70 255 255 255 17 136
    171 109 54 75 3 202 235 255 34 255 191 220 232 216 255 255 227 239
    202 255 120 8 170 255 255 5 248 216 210 255 91 255 255 225 255 228
    166 255 121 4 255 255 255 255 191 255 198 255 255 255 211 255 255
    255 29 177 202 56 255 255 196 46 222 40 176 35 255 89 209 94 255 215
    186 148 232 171 124 71 225 255 255 87 255 255 247 215 80 235 255 245
    22 255 255 97 255 255 255 9 93 67 193 32 125 255 198 7 255 255 125
    184 255 233 255 255 255 255 211 247 181 176 20 255 241 5 65 134 224
    255 233 188 17 149 202 77 255 255 218 21 117 255 255 220 124 148 85
    255 255 231 255 108 160 255 255 94 255 131 255 83 255 192 70 255 146
    196 255 196 48 241 153 34 151 255 220 255 255 255 255 255 0 255 173
    58 78 16 32 255 202 107 114 57 114 65 177 99 255 27 73 170 25 104
    255 180 242 255 55 119 255 142 34 255 209 242 255 214 255 255 72 255
    255 255 255 22 236 255 255 68 255 75 136 255 49 45 182 255 255 83 34
    186 41 255 255 36 192 183 61 230 173 121 255 255 255 255 72 255 65
    255 121 191 132 73 200 157 78 17 5 255 255 190 255 255 255 131 64
    154 158 127 255 255 110 255 95 241 109 255 255 180 135 0 149 56 255
    255 194 255 95 170 255 63 255 159 27 247 101 42 255 183 127 255 255
    255 232 255 91 255 255 255 199 255 46 255 62 251 239 255 166 147 255
    153 255 219 46 255 255 71 255 166 10 101 30 216 255 255 55 43 217 68
    70 255 7 255 30 138 24 127 49 218 189 86 80 255 130 172 228 151 172
    153 255 158 191 157 90 71 101 10 255 254 255 49 255 255 255 56 174
    101 14 255 255 131 82 163 149 94 95 116 232 255 255 255 255 7 242
    255 42 114 11 251 26 93 172 255 164 135 187 30 138 27 255 255 255
    255 40 255 247 61 201 255 255 255 255 3 255 255 255 255 15 171 222 6
    57 114 239 255 102 69 252 216 255 67 176 255 95 204 255 255 255 161
    89 255 255 190 102 255 146 169 155 213 255 181 255 181 108 255 210
    26 255 255 168 198 94 255 255 255 247 255 255 255 255 255 164 59 34
    194 117 99 67 226 252 255 22 245 232 255 255 211 187 95 243 42 15
    255 55 255 170 45 244 255 46 165 255 202 255 50 166 208 255 94 138
    255 180 136 255 255 255 255 239 255 255 25 255 255 255 255 255 255
    255 230 255 150 86 93 114 255 255 99 220 255 22 255 160 208 146 255
    75 255 30 196 255 177 227 157 255 255 255 232 75 250 56 136 60 11
    255 228 161 255 247 255 255 255 157 199 255 4 126 255 186 116 255
    243 49 255 142 235 88 220 101 255 211 186 213 213 255 255 248 24 255
    109 128 120 145 70 28 255 255 233 14 124 255 80 218 0 11 153 255 255
    255 255 255 83 255 15 20 207 38 94 255 226 143 69 244 255 43 228 12
    131 142 255 255 218 255 148 172 247 35 233 255 255 139 182 108 255
    255 255 157 255 255 199 164 112 255 255 174 243 3 65 255 0 56 44 255
    255 180 155 95 97 255 255 255 255 255 255 89 255 162 145 161 220 255
    196 255 255 13 164 255 255 214 155 255 237 255 255 255 31 6 156 255
    232 65 247 198 82 255 255 22 119 255 237 255 255 255 172 110 30 169
    123 181 131 255 255 255 255 98 255 0 255 255 255 71 255 215 255 2 52
    255 131 176 27 189 95 209 255 255 116 255 255 255 160 255 91 255 84
    45 255 255 252 220 255 147 143 114 255 255 255 124 56 17 239 255 121
    153 255 255 255 22 219 151 114 110 108 255 255 75 254 26 186 68 99
    130 255 163 125 24 255 179 124 108 35 32 255 169 218 215 255 208 103
    33 255 34 8 245 255 255 255 106 171 15 248 45 102 255 224 176 116
    255 255 179 5 255 255 255 77 134 202 170 120 255 255 161 255 19 77
    255 255 255 135 255 255 109 255 255 57 255 92 255 107 97 158 208 35
    255 255 255 115 184 255 22 131 255 255 29 255 169 255 255 255 255
    255 235 36 82 255 114 255 255 255 86 7 255 255 138 133 45 228 90 255
    56 255 255 255 239 255 255 39 220 186 22 255 105 61 207 57 65 9 156
    14 202 25 255 255 186 14 166 154 208 245 15 153 255 220 101 255 255
    118 82 104 169 255 173 222 6 192 255 19 146 255 4 255 255 0 255 255
    255 187 58 241 145 255 19 180 255 142 255 193 80 222 109 176 173 160
    255 255 174 255 241 80 255 194 255 71 255 255 255 216 206 255 3 155
    65 255 255 179 217 222 255 153 255 110 1 147 255 255 213 99 93 140
    161 76 255 255 255 255 163 44 240 255 255 255 95 7 220 30 50 237 52
    255 255 255 11 128 84 231 148 255 8 58 255 46 44 255 18 49 237 5 255
    255 255 255 255 255 255 255 3 97 43 243 165 26 95 237 255 232 255
    255 119 121 153 123 255 213 188 255 106 255 255 6 198 255 255 70 145
    255 3 240 28 255 48 255 195 44 255 255 116 69 124 239 164 255 255
    255 94 255 255 186 255 255 68 255 255 12 255 255 60 255 255 31 255
    88 74 255 255 216 116 255 233 43 255 231 191 255 22 63 255 153 255
    255 191 255 255 255 194 255 30 239 255 76 255 17 67 19 121 255 184
    35 131 255 255 117 255 255 255 255 71 241 152 187 240 213 255 229
    167 255 255 51 255 201 36 121 255 182 177 169 22 255 255 255 255 97
    255 255 50 255 86 190 155 255 255 255 80 119 255 255 216 114 255 216
    255 127 139 186 255 255 255 205 149 255 123 255 60 198 151 7 255 255
    255 114 190 255 255 119 255 255 154 107 255 255 112 255 255 255 255
    255 255 204 115 255 255 158 255 28 255 255 255 90 255 255 142 255
    255 255 255 166 95 27 67 40 165 204 7 106 255 255 255 247 112 255
    255 61 32 114 121 133 43 93 255 84 117 176 187 150 204 189 209 24
    101 255 255 252 255 255 255 63 97 255 255 118 255 48 255 255 83 255
    255 143 255 255 183 131 255 205 255 255 255 70 255 11 255 62 229 255
    255 232 255 60 255 255 99 14 92 255 255 227 255 61 147 255 74 255
    146 75 237 255 72 255 138 164 145 255 139 255 159 165 230 255 177 32
    255 19 169 243 216 24 255 89 169 255 255 255 11 136 182 90 85 27 47
    165 210 255 164 255 255 61 107 255 205 255 161 255 255 255 177 255
    255 19 187 161 201 77 64 231 255 255 255 255 153 37 179 255 255 255
    255 221 255 133 46 46 254 172 255 179 255 201 69 59 141 255 217 227
    106 147 27 255 44 128 47 22 70 75 255 181 255 255 225 255 255 210
    255 175 43 255 255 255 179 138 255 255 255 255 255 255 255 163 29 46
    255 67 182 103 250 123 255 255 82 84 218 233 121 255 165 255 255 255
    255 255 255 138 20 255 255 65 255 228 91 255 0 235 68 255 95 165 255
    63 255 82 141 114 176 10 255 255 160 121 250 232 31 255 38 198 255
    255 9 255 233 255 255 255 9 232 209 136 255 255 34 255 42 255 255
    255 255 172 255 201 41 134 170 220 255 225 235 120 131 255 23 126 4
    104 78 19 255 101 248 78 237 255 255 196 172 123 179 116 231 48 56
    255 90 255 128 201 189 255 80 255 143 255 172 255 255 252 64 147 217
    168 255 39 108 29 153 228 177 168 183 63 255 237 24 26 255 128 136
    109 255 65 190 102 80 162 255 58 255 27 196 63 255 255 26 255 255
    171 255 47 255 210 73 102 255 129 199 223 131 117 255 255 141 118 22
    89 255 255 250 255 255 217 170 202 12 249 118 194 17 241 98 90 255
    248 58 49 255 255 255 89 19 39 0 244 255 216 191 255 255 242 255 48
    249 255 241 172 255 186 131 191 255 48 39 250 48 138 105 247 58 177
    46 255 83 255 255 158 255 255 255 9 7 176 255 164 255 255 200 113
    199 255 146 193 164 20 201 255 180 255 88 255 85 177 241 255 255 102
    255 255 255 26 155 100 255 191 117 169 255 50 223 220 153 255 120
    142 63 144 72 255 35 255 49 255 70 255 106 206 255 255 147 255 114
    164 255 121 157 165 255 59 255 237 64 111 2 131 53 255 255 126 255
    243 255 174 255 255 127 255 210 255 154 255 255 255 63 207 255 255
    255 255 255 255 60 255 255 136 255 255 37 104 157 255 255 181 184
    255 19 134 255 220 82 60 179 130 61 255 86 65 47 157 255 191 135 182
    118 255 255 255 35 99 161 49 255 255 87 255 255 255 255 120 68 193
    255 202 255 136 250 255 255 255 227 28 57 3 255 74 94 255 255 94 255
    123 5 219 64 136 222 16 255 252 246 145 248 255 255 235 105 112 2
    229 255 252 235 191 35 255 255 64 106 255 239 151 218 255 164 255
    215 194 225 255 246 255 255 255 255 255 255 187 77 55 136 202 130
    119 151 87 107 255 255 255 247 210 255 255 255 66 255 34 255 255 113
    227 19 37 3 106 255 118 138 255 37 121 211 150 255 97 24 255 254 130
    237 235 255 255 38 255 255 235 150 255 123 150 255 16 255 255 143 48
    138 224 135 112 240 255 194 132 255 255 199 230 255 154 143 153 240
    5 255 226 237 189 220 75 255 49 148 207 143 255 255 132 36 164 130
    70 255 254 255 255 255 255 255 255 49 255 44 244 97 164 176 255 41
    255 54 220 165 194 255 255 164 115 138 189 98 255 220 52 255 176 158
    187 185 255 255 255 3 92 228 255 255 255 255 22 255 169 164 179 255
    255 255 162 56 101 49 244 255 211 245 161 213 198 19 115 124 194 255
    206 255 83 72 179 255 255 255 198 26 255 255 255 255 115 255 255 112
    255 255 255 51 255 201 172 255 210 255 161 255 255 255 248 255 255
    255 255 112 255 68 255 85 255 13 180 131 37 196 12 255 255 199 49
    255 255 255 183 255 39 255 206 255 31 255 255 255 255 64 169 255 255
    255 104 101 255 143 123 239 191 88 131 191 255 255 255 202 183 255 2
    132 123 163 30 51 255 255 179 196 195 255 255 145 70 82 125 20 192
    101 99 56 94 39 183 255 255 255 42 99 13 37 255 114 255 255 15 30
    255 245 255 255 78 255 83 255 255 119 255 10 43 202 255 255 97 239
    169 30 255 60 159 102 255 64 156 211 255 33 99 95 255 255 78 255 75
    255 255 255 255 100 14 21 255 89 202 255 43 34 201 3 163 255 2 209
    42 255 255 49 255 255 255 255 134 53 255 179 105 203 196 25 255 255
    34 255 255 255 255 222 75 255 254 68 104 255 195 255 17 160 26 136
    175 255 255 25 196 255 229 255 255 254 92 78 206 3 255 255 255 255
    255 255 120 95 255 255 4 14 172 117 255 255 255 225 217 18 90 255
    181 141 255 169 153 198 135 107 255 67 2 255 11 216 255 221 141 0 74
    29 255 34 145 255 225 255 228 255 193 255 3 255 255 255 255 255 172
    95 255 255 255 255 63 242 255 255 255 255 255 90 112 30 58 255 78 12
    255 169 211 255 246 157 232 161 255 64 125 255 217 134 255 50 135
    255 86 11 172 228 68 204 255 74 41 101 255 255 146 25 68 52 70 140
    255 143 210 255 198 193 255 255 78 255 31 17 255 255 255 250 255 109
    255 7 87 30 177 208 255 198 176 237 19 255 26 158 255 255 255 46 255
    255 147 255 255 255 255 120 255 255 147 49 41 181 255 255 255 242
    255 87 116 168 121 255 127 22 255 255 255 121 37 255 255 255 136 203
    11 172 160 255 109 153 255 239 160 255 241 255 17 141 20 255 154 3
    106 44 254 172 74 44 255 154 255 140 15 118 255 255 255 209 207 158
    136 255 194 255 255 111 69 34 255 60 45 255 215 44 92 93 255 255 255
    16 255 255 243 124 255 176 255 255 255 255 88 255 255 230 254 27 255
    30 41 144 255 255 99 255 82 255 183 150 217 255 222 99 235 184 255
    222 255 255 255 191 255 255 255 248 250 237 232 80 123 78 179 255
    255 255 255 255 235 73 30 72 255 255 139 158 255 119 255 200 252 49
    39 1 37 255 120 65 129 169 255 230 147 255 255 255 20 60 80 164 255
    202 255 34 180 255 78 135 60 255 172 255 69 194 255 54 255 255 129
    79 255 255 255 255 255 169 198 93 255 255 159 98 150 192 123 239 194
    63 130 191 252 157 255 55 222 140 255 109 255 241 124 239 229 216
    250 255 160 52 128 29 255 237 245 255 255 255 30 95 128 255 90 255
    224 153 104 255 188 255 6 255 222 176 255 255 26 236 19 255 44 255
    255 255 255 255 11 123 106 109 48 35 255 211 4 255 111 255 255 255
    116 233 203 101 15 255 127 110 255 204 44 78 198 165 255 255 131 249
    255 85 165 255 100 128 255 104 44 6 34 255 164 255 82 255 255 255
    237 255 65 239 15 206 69 145 12 181 87 247 255 27 255 255 82 155 239
    255 255 166 255 255 174 78 131 255 190 155 255 12 65 15 119 247 92
    239 215 90 158 39 255 5 82 243 209 167 114 117 255 255 147 36 28 188
    255 106 60 255 255 237 48 255 188 255 209 255 255 148 11 255 255 255
    56 255 250 140 82 171 107 7 172 148 255 160 196 255 80 0 134 211 167
    52 153 255 255 71 22 255 0 31 155 16 255 255 121 255 176 236 80 78
    255 135 198 239 255 255 22 255 248 255 255 255 95 228 209 222 63 116
    255 245 213 74 255 189 255 255 255 131 255 255 26 255 21 255 20 222
    255 135 222 255 73 151 228 255 7 0 255 131 240 130 255 255 255 129
    255 111 255 64 255 50 255 152 255 255 255 255 255 255 58 15 255 255
    160 255 157 143 255 32 255 48 255 158 143 200 255 255 255 177 211
    255 52 255 255 255 162 255 127 27 255 255 255 185 19 92 67 232 255
    248 147 255 80 149 208 255 100 254 41 196 130 144 255 250 255 255 75
    255 45 255 255 5 164 255 79 255 58 255 255 255 68 255 255 97 255 80
    255 237 108 211 153 21 176 34 183 139 46 131 180 255 255 190 89 255
    255 206 248 173 155 112 255 124 255 149 255 255 124 255 255 154 255
    6 255 94 45 59 255 6 141 255 164 220 255 255 255 176 187 226 255 255
    71 112 110 171 184 255 255 75 185 22 255 255 255 255 255 229 181 99
    255 31 69 56 252 255 255 172 75 255 255 52 37 112 255 44 255 255 187
    239 121 132 37 213 4 61 255 190 255 235 255 53 255 100 155 134 255
    255 19 150 255 255 255 255 24 255 255 255 255 58 37 19 160 255 98
    118 255 70 101 73 48 0 114 42 124 255 31 255 37 44 101 80 14 255 255
    241 255 62 255 138 255 191 48 248 160 222 255 255 109 255 34 167 90
    255 255 255 255 255 255 226 255 202 161 210 49 98 255 255 65 72 255
    79 255 255 134 255 255 165 240 136 25 255 255 209 255 30 177 177 19
    19 68 114 101 128 255 145 3 241 213 255 255 57 26 255 102 255 255
    205 255 255 19 37 163 229 26 254 255 22 245 56 255 213 119 255 120
    239 153 198 41 255 255 26 179 255 255 72 255 255 89 64 61 255 255
    124 255 255 63 255 78 225 31 255 156 2 255 255 73 60 181 255 153 86
    34 170 255 140 99 45 255 75 35 255 207 255 55 255 218 255 255 175
    170 255 255 49 131 255 218 177 120 135 34 255 255 255 232 255 255
    255 5 255 8 255 255 83 255 255 232 255 255 119 255 255 130 204 255
    255 255 255 70 182 255 186 255 110 10 227 255 142 255 219 61 193 62
    255 158 255 63 255 149 12 255 255 224 244 67 255 29 255 255 82 255
    162 249 255 105 255 131 255 94 255 255 112 0 153 222 176 251 255 99
    255 152 255 255 77 255 255 255 255 255 130 110 40 124 255 59 201 129
    130 255 255 94 255 255 105 255 194 177 107 52 98 181 255 135 255 245
    226 237 209 255 198 6 255 155 101 25 255 255 25 255 255 154 255 65
    15 199 255 246 179 255 106 255 69 255 55 207 172 233 39 254 255 239
    255 255 255 142 123 255 19 255 164 255 242 170 64 3 255 255 235 176
    255 255 224 132 118 37 181 114 255 211 233 144 22 182 7 4 206 255
    244 255 255 205 233 255 176 135 255 255 51 110 37 255 255 55 31 11
    252 255 181 255 255 255 252 255 222 157 26 255 1 53 90 141 32 99 157
    255 255 205 255 255 121 199 255 95 255 230 255 43 131 255 255 255 46
    216 52 50 255 255 255 208 255 255 255 255 53 255 233 162 255 255 201
    130 200 98 101 0 41 60 255 244 2 220 102 255 15 138 126 255 181 255
    155 52 255 138 172 255 255 255 140 255 255 145 255 35 255 9 255 32
    235 213 255 255 172 255 255 255 83 255 48 255 255 8 255 133 41 17
    170 255 135 255 184 22 255 101 255 250 220 34 255 143 237 211 106
    255 255 255 255 56 255 182 219 29 80 93 109 26 255 255 255 255 255
    184 24 41 61 255 52 255 255 255 255 237 190 230 255 255 255 215 61
    170 149 30 78 73 105 255 123 252 53 255 164 187 200 86 255 179 19 10
    255 181 255 255 22 244 142 255 60 179 206 80 125 255 143 255 145 255
    202 37 124 255 255 255 125 243 157 255 49 255 255 5 135 7 68 255 255
    10 255 255 255 26 255 255 10 99 201 255 148 128 15 255 255 255 82
    255 44 28 41 255 255 226 3 129 100 26 37 86 255 230 202 255 255 237
    27 255 255 0 255 86 255 255 201 10 185 71 150 255 255 133 213 255
    240 255 255 255 43 255 128 7 255 232 37 86 160 255 255 164 255 255
    109 153 4 255 116 1 211 255 255 255 255 86 17 255 45 247 255 61 3
    255 4 255 255 255 0 255 0 94 255 87 255 207 255 85 255 184 58 222
    109 41 255 190 44 255 186 255 92 198 0 45 255 255 255 71 255 52 158
    255 196 255 222 49 179 99 255 45 216 170 70 97 255 60 167 255 255
    255 255 255 255 213 104 83 172 173 255 232 255 255 255 14 255 183
    191 255 41 79 123 64 156 126 255 162 255 215 157 255 255 184 78 255
    211 68 255 255 255 255 255 210 255 93 255 2 209 152 204 156 164 255
    173 14 255 255 203 185 255 255 164 15 255 125 228 255 255 255 135
    255 181 255 255 255 255 159 216 255 255 186 255 255 211 3 116 186
    138 255 91 255 255 255 150 255 90 145 255 37 147 255 255 255 47 20
    101 255 255 255 144 239 255 255 169 66 192 169 255 99 34 225 255 97
    255 28 42 95 30 221 85 255 147 220 4 255 255 255 67 255 43 203 204
    217 255 143 255 255 255 157 255 58 220 60 255 235 35 102 228 255 210
    255 76 255 255 42 24 255 169 201 151 255 255 255 255 94 255 237 121
    255 255 24 255 10 255 77 255 32 255 127 49 255 29 255 163 61 34 245
    255 39 232 10 255 95 100 126 255 105 255 204 27 255 255 33 172 187
    20 95 255 134 95 255 83 73 179 252 250 255 214 255 6 56 255 24 222
    170 255 255 255 255 18 227 255 250 255 67 221 255 228 46 255 224 83
    255 255 250 255 82 139 255 255 14 255 255 44 250 255 255 9 255 187
    92 255 8 244 185 15 130 255 86 255 205 50 119 213 255 255 194 1 255
    43 255 20 255 254 27 155 164 49 15 146 255 157 255 58 255 255 255 77
    116 78 255 255 255 228 240 29 255 65 10 255 150 255 155 255 145 255
    138 255 255 128 255 255 63 255 47 41 223 255 255 255 15 35 126 255
    255 75 255 116 87 181 255 225 255 194 204 255 231 244 24 64 109 255
    216 255 101 71 206 39 252 191 116 199 255 255 132 255 255 241 89 255
    76 227 34 186 255 41 195 41 220 255 19 255 150 255 92 255 118 255
    255 255 255 86 44 125 52 255 21 255 254 255 187 255 177 255 249 255
    191 147 103 46 153 255 235 177 103 85 255 255 216 255 118 55 165 255
    196 46 35 34 101 65 255 255 196 255 255 84 209 145 255 232 112 255
    255 172 125 180 123 255 109 255 69 233 85 226 12 255 204 20 222 226
    150 143 159 1 112 255 255 255 255 246 147 255 217 118 114 255 255
    255 80 109 255 255 14 255 255 225 255 37 255 157 255 255 237 100 255
    255 254 255 255 130 255 9 255 31 205 255 174 43 128 237 255 255 255
    149 166 255 255 233 75 255 22 255 219 255 255 209 113 228 164 209 94
    166 141 49 185 168 255 255 35 220 164 162 255 237 113 255 255 26 255
    255 169 78 26 255 255 26 85 77 255 255 0 97 255 255 13 119 106 255
    255 255 255 89 191 243 53 157 67 255 66 255 49 255 34 255 176 255
    166 70 255 255 255 255 255 255 191 237 189 93 222 145 255 175 136 28
    179 39 255 25 255 170 255 181 114 220 255 255 255 78 142 255 255 255
    108 255 255 131 255 189 90 186 254 119 164 255 147 169 15 255 201
    255 255 184 146 255 223 255 255 61 151 181 87 47 29 65 92 113 174
    255 87 29 75 87 210 255 173 255 93 42 145 255 233 227 255 255 255
    255 255 255 168 176 255 255 1 3 255 231 99 255 255 29 255 255 255
    255 255 255 35 198 255 255 255 5 209 255 255 255 5 255 255 82 119
    255 147 255 255 3 182 255 198 191 255 125 255 4 53 34 255 98 255 255
    255 255 17 68 145 255 157 255 157 64 174 255 125 255 255 255 179 255
    255 196 0 104 193 80 255 255 121 228 17 254 91 255 250 176 255 255
    255 255 255 237 0 255 141 255 84 146 255 155 121 255 255 0 222 255
    110 213 255 71 77 103 65 245 255 222 220 255 217 167 129 83 31 75
    154 68 11 255 255 255 190 41 255 221 124 255 255 255 255 31 191 183
    255 5 32 115 2 43 157 255 255 203 68 255 91 73 136 198 232 159 187
    48 209 255 255 255 25 143 230 255 255 6 38 36 222 255 255 233 121 94
    129 186 160 255 67 177 21 255 186 255 255 136 255 130 255 215 195
    177 255 76 255 255 38 53 255 218 216 123 90 138 255 198 140 255 37
    247 255 1 63 255 255 255 26 108 118 255 222 255 92 50 198 140 220
    130 172 93 41 217 10 208 159 55 167 255 255 255 255 255 255 21 26 0
    73 56 10 125 172 68 255 255 101 255 255 14 255 255 255 179 250 255
    211 71 174 255 52 61 155 130 254 233 255 147 86 235 27 4 95 7 255
    255 189 255 179 116 166 93 131 255 236 255 255 35 252 255 235 37 45
    255 223 255 50 165 149 79 155 13 37 7 4 255 255 255 154 255 255 255
    213 255 201 255 255 142 255 255 250 255 179 255 255 58 153 255 255
    239 22 15 56 187 82 91 216 196 82 255 255 255 239 123 255 255 88 68
    255 255 89 32 217 255 193 205 12 82 255 181 157 21 255 162 255 5 255
    144 80 191 255 45 255 64 191 255 211 67 153 174 104 255 151 255 77
    198 40 87 255 7 255 255 86 85 6 143 143 255 179 230 177 255 255 142
    95 255 99 177 255 237 233 123 255 255 94 88 135 232 134 116 37 237
    254 12 255 255 237 159 98 49 255 237 136 255 188 255 255 255 116 255
    135 255 255 186 255 255 80 78 255 248 172 255 255 255 255 198 255 73
    4 255 11 255 255 255 71 20 255 100 27 187 255 225 233 130 220 82 56
    255 255 255 70 75 135 210 202 255 187 255 91 102 86 71 255 127 113
    106 255 194 14 255 95 255 56 237 255 4 255 46 181 134 255 255 124
    255 84 255 255 110 16 114 255 143 233 121 142 220 255 76 255 255 138
    179 213 194 43 247 16 83 164 255 255 9 162 255 176 216 255 15 14 26
    255 203 111 19 136 94 237 255 77 255 255 255 211 255 39 209 64 164
    142 79 255 255 154 191 215 79 220 194 255 255 255 94 15 255 115 158
    192 60 170 138 166 255 255 246 92 166 218 211 255 222 222 255 255 95
    217 217 255 149 0 82 144 0 92 255 255 255 255 201 255 255 38 255 118
    255 164 239 255 245 255 255 70 255 255 255 136 255 247 163 94 101
    215 27 255 255 110 53 138 255 118 222 255 255 255 145 255 136 33 255
    164 85 106 255 255 255 255 252 58 255 19 255 255 3 233 255 38 255
    215 16 235 86 255 255 255 87 255 255 147 255 255 102 255 134 25 24
    255 44 26 11 255 255 103 16 255 176 255 5 41 247 73 255 171 9 9 20
    255 255 23 255 255 255 152 50 55 157 164 27 255 11 160 216 255 184
    36 2 61 255 120 37 255 7 255 242 106 202 255 168 255 255 93 211 51
    37 25 255 84 52 160 255 237 208 255 247 89 255 162 255 90 194 131
    255 95 138 255 255 225 146 255 232 255 237 87 255 255 255 255 224
    255 148 91 135 255 255 116 21 232 225 60 89 106 239 117 216 65 214
    167 140 53 0 255 48 80 136 255 116 255 55 250 93 27 193 11 177 53
    112 255 255 255 255 186 255 255 255 255 112 27 224 139 255 86 255
    181 255 255 215 255 255 179 58 91 255 255 90 255 103 150 34 15 136
    255 129 127 255 255 255 220 250 130 68 255 65 204 151 229 255 101 8
    255 192 255 215 153 255 204 121 57 170 255 134 237 250 244 14 255
    123 31 255 226 131 255 255 255 224 184 255 60 218 220 255 175 255
    255 187 102 255 53 218 177 184 14 255 83 119 161 143 255 45 55 255
    255 71 150 172 244 133 239 255 145 255 15 255 255 124 204 30 125 255
    255 86 210 255 224 77 198 184 53 148 145 48 255 162 255 112 90 128
    204 22 255 196 164 255 217 42 73 103 255 213 118 183 53 254 33 255
    255 18 179 255 120 177 255 85 255 255 236 206 69 255 255 255 255 65
    88 255 255 226 141 247 255 255 255 112 251 19 255 70 255 255 34 126
    239 255 53 255 250 255 255 67 252 222 171 170 255 184 255 207 255
    255 255 255 255 255 128 255 155 91 46 255 79 255 77 160 70 255 22
    255 255 89 66 255 255 44 233 60 3 255 176 255 110 255 145 26 183 63
    133 255 99 255 57 255 146 93 118 32 23 255 157 254 245 255 121 255
    255 181 255 138 255 75 15 221 255 255 80 211 41 252 51 204 156 213
    255 165 232 255 0 9 255 205 255 255 255 27 37 255 255 204 35 160 255
    239 138 255 222 255 22 143 60 255 255 61 134 236 95 93 255 31 255
    143 75 255 217 255 163 255 255 166 255 255 255 255 255 255 255 255
    213 183 255 255 255 7 90 255 124 159 255 109 255 255 211 255 101 255
    6 146 78 86 113 89 207 251 87 255 255 255 191 194 44 255 176 235 255
    175 255 255 31 196 255 154 255 125 128 206 21 87 255 69 82 55 80 233
    36 213 165 245 255 255 5 255 30 255 255 70 255 45 89 208 13 255 255
    255 177 201 101 236 211 213 119 255 30 26 75 255 131 255 255 153 249
    140 12 17 255 37 255 213 130 255 255 55 181 255 201 104 255 255 121
    255 255 95 255 221 31 255 195 255 97 255 87 255 207 177 255 63 235
    255 121 255 255 228 255 255 119 255 0 42 118 255 183 32 255 67 82
    118 183 255 255 255 255 71 20 114 144 16 75 255 131 235 217 117 34
    138 35 95 255 255 187 138 191 255 255 48 26 144 108 155 255 255 83
    255 162 169 28 71 126 43 255 252 84 113 78 183 115 255 185 131 106
    255 119 165 45 221 131 90 255 255 7 146 239 129 222 255 255 255 218
    255 255 255 255 251 9 245 236 61 255 158 255 151 7 255 191 110 255
    77 125 255 255 255 255 255 78 87 235 246 255 232 65 153 164 172 89
    82 18 118 11 248 255 248 4 126 35 224 225 250 255 215 37 214 189 255
    41 255 77 255 255 45 255 167 255 195 128 144 64 61 86 156 255 255
    109 14 207 255 131 138 255 123 207 255 255 187 171 254 134 65 55 255
    18 95 255 27 12 255 255 56 255 217 233 255 121 255 255 255 78 189 29
    48 213 181 176 255 210 255 255 255 255 255 202 32 187 231 147 255 42
    34 233 50 255 255 229 255 114 255 112 125 255 19 140 142 230 255 207
    255 255 11 225 255 255 255 255 255 255 189 68 124 255 0 255 255 0 19
    247 191 55 233 255 22 255 255 255 255 72 39 77 15 141 255 29 126 75
    60 89 255 120 255 255 65 237 255 255 252 255 115 114 255 72 255 255
    255 31 176 26 206 255 128 255 255 255 255 255 220 177 255 154 210
    255 210 247 255 83 255 255 255 255 47 252 182 149 142 165 97 97 0
    140 102 27 255 105 255 228 173 126 129 255 215 255 12 56 123 149 255
    255 210 216 49 255 255 92 124 72 255 255 255 255 255 65 54 33 255
    255 255 255 255 195 211 6 255 252 127 195 255 34 22 203 22 255 186
    185 255 237 213 255 255 60 255 73 30 31 165 254 100 46 92 75 255 56
    239 41 166 125 255 255 1 255 228 239 22 255 255 198 161 138 99 255 0
    9 41 23 255 222 186 255 255 10 55 255 224 165 255 102 213 207 255
    126 255 255 255 255 207 255 255 190 255 97 108 24 168 93 255 255 186
    255 144 255 255 196 190 255 255 255 176 233 255 255 255 101 255 255
    117 255 138 255 255 255 255 255 26 4 130 149 184 152 255 196 2 106
    255 255 181 44 242 71 109 255 255 97 169 52 67 255 255 255 255 255
    27 255 255 166 245 255 255 126 155 90 174 255 86 255 255 224 24 255
    252 126 255 196 206 114 168 181 255 237 255 255 154 255 7 255 186
    127 255 255 219 119 77 157 247 255 205 184 227 64 165 94 255 206 61
    255 82 255 255 34 255 149 128 255 255 91 240 170 127 255 255 202 153
    88 213 255 255 243 255 136 255 158 255 8 198 35 250 89 255 56 255 21
    255 0 52 31 255 103 255 61 255 177 68 209 93 182 255 147 255 239 218
    250 233 131 255 255 93 65 255 55 22 233 68 15 255 124 9 194 38 255
    127 209 255 2 11 255 157 255 177 9 255 177 0 75 255 191 255 230 133
    199 239 255 109 22 149 255 255 255 255 255 255 120 255 142 23 220
    131 67 255 35 135 255 157 42 255 255 205 255 47 8 68 255 255 255 34
    255 102 110 136 106 78 124 255 255 255 152 58 255 82 255 231 102 230
    45 255 97 229 124 255 177 255 116 239 255 255 220 157 15 48 255 181
    113 116 181 70 135 222 136 92 43 56 143 30 86 128 255 255 128 255 93
    78 78 20 172 26 255 5 7 83 255 255 191 255 131 10 255 138 46 255 213
    90 255 84 143 252 255 255 255 237 74 211 255 255 206 101 255 255 255
    201 255 136 150 220 164 255 22 255 15 101 255 63 255 144 255 138 255
    60 255 255 190 255 168 85 187 255 176 255 220 192 255 255 158 194
    255 8 220 9 198 255 255 220 123 255 55 255 255 149 255 202 110 147
    255 255 255 255 164 182 54 231 131 255 255 145 255 132 164 200 119
    255 255 226 169 255 255 29 159 207 138 255 255 210 185 108 160 222
    255 255 255 15 218 255 255 31 255 127 136 174 255 3 233 239 255 192
    119 20 255 29 203 255 241 255 92 255 255 255 236 255 45 255 109 255
    68 255 13 255 227 196 64 53 114 42 237 47 119 201 255 243 255 174
    216 199 255 71 255 177 190 255 181 255 255 86 124 255 255 181 255
    237 255 255 255 198 5 15 85 255 255 40 170 200 255 242 255 53 252 35
    169 255 255 5 135 30 187 177 93 59 255 255 255 255 142 171 66 21 255
    43 142 255 255 129 255 60 159 255 187 255 255 255 144 138 123 120
    246 255 255 237 255 255 82 255 255 78 255 255 79 15 50 130 187 108
    255 206 255 195 255 157 30 220 255 228 141 138 37 255 255 220 255
    233 95 147 204 226 133 255 255 131 255 42 58 103 162 255 13 55 130
    77 153 239 157 213 255 255 76 9 22 255 255 99 255 223 255 255 208
    255 255 255 255 55 170 118 145 255 185 1 255 196 255 255 255 255 80
    255 29 255 224 94 232 255 209 255 255 237 222 255 255 255 108 194
    249 255 4 255 255 186 255 92 125 130 239 49 53 255 216 63 255 255
    252 255 255 247 179 255 140 192 147 255 28 56 255 243 40 99 255 255
    150 255 231 255 101 255 228 194 151 255 41 120 181 255 154 255 142
    205 48 255 186 255 255 255 255 255 240 63 255 255 228 255 8 37 248
    255 165 255 119 255 255 33 7 67 176 0 255 213 255 255 56 174 136 226
    255 255 60 222 185 56 220 255 115 255 255 231 255 255 87 255 255 255
    255 15 232 255 93 255 27 92 239 61 255 255 70 230 71 140 204 56 255
    123 101 255 255 110 255 52 86 255 22 196 199 255 119 255 255 255 43
    255 12 49 69 214 14 205 255 109 177 89 20 255 235 111 255 240 176
    177 116 78 211 252 89 255 255 51 245 75 27 144 255 9 86 255 58 255
    239 148 255 16 157 34 49 255 255 72 255 255 151 255 255 59 85 123
    210 255 255 125 114 198 194 194 255 120 255 255 255 37 255 117 160
    255 228 5 255 57 61 252 166 255 255 56 138 49 125 255 24 67 92 120
    50 102 15 255 61 26 255 255 235 42 206 50 175 99 255 121 255 255 181
    255 35 110 249 60 5 83 255 255 133 129 5 216 99 255 255 56 141 255
    127 31 255 255 255 206 2 255 102 64 0 94 255 48 255 255 255 225 84
    34 204 222 255 235 133 141 41 255 95 255 255 236 72 177 255 7 255
    119 255 97 90 128 255 255 210 177 101 72 131 143 223 255 255 255 37
    150 255 110 166 116 163 255 58 75 255 160 2 255 255 255 255 77 35
    190 239 255 255 210 176 173 119 255 255 255 62 255 182 255 255 255
    255 35 255 2 93 255 255 255 235 37 255 7 255 255 36 222 38 41 179
    255 150 255 156 255 255 191 255 255 255 112 255 157 255 191 254 255
    255 255 3 255 255 176 255 255 255 58 255 255 30 172 255 255 179 48
    255 20 255 255 237 255 255 98 255 215 70 138 123 64 206 164 252 138
    255 67 26 19 255 255 255 255 255 255 202 114 93 222 191 65 225 255
    166 255 255 144 255 249 189 176 255 148 202 255 255 86 20 47 113 255
    255 255 255 207 86 95 108 229 255 155 255 165 11 255 215 161 175 230
    69 255 242 6 85 189 255 240 215 255 30 99 207 236 65 136 119 255 106
    86 101 255 255 255 255 46 255 255 147 78 255 46 170 80 161 77 73 199
    255 75 79 228 255 255 247 49 241 255 255 199 181 255 255 186 255 165
    255 255 255 255 224 74 255 2 255 255 134 45 182 181 255 255 255 48
    235 157 255 37 255 74 101 255 7 235 255 41 255 255 255 143 24 19 255
    127 205 255 254 191 223 255 255 255 250 205 72 255 141 199 127 166
    53 127 255 255 45 85 198 255 42 75 200 22 255 64 134 255 255 251 255
    35 149 17 255 255 255 255 146 255 255 157 114 30 255 244 181 255 255
    0 207 255 123 125 255 13 255 36 161 255 126 129 255 58 255 255 191
    200 164 255 138 150 255 255 120 255 0 195 58 207 127 2 170 254 255 6
    255 140 217 65 152 255 211 150 0 115 255 123 255 255 151 45 255 226
    131 196 233 255 255 127 100 155 255 59 36 255 101 92 255 132 136 255
    22 255 54 233 162 35 255 162 198 190 48 254 255 160 255 248 237 62
    255 255 255 55 70 255 255 255 255 48 126 255 216 255 65 127 255 255
    255 182 255 40 218 196 255 187 2 255 255 255 40 206 99 222 36 67 228
    255 215 255 255 255 61 128 43 255 158 255 255 255 255 255 7 255 168
    181 144 194 77 255 255 244 7 52 104 191 211 148 255 145 211 255 255
    106 97 83 255 255 205 255 32 14 239 15 255 255 144 14 255 194 255
    255 163 255 255 255 255 255 255 60 255 120 67 255 103 196 131 140 94
    89 255 151 255 243 102 187 255 61 72 37 255 34 37 70 255 255 213 255
    140 74 255 138 229 255 43 128 9 255 255 186 226 255 255 255 255 126
    191 82 255 255 168 255 32 192 247 255 162 152 255 255 27 255 251 254
    24 244 255 255 154 255 177 255 101 19 255 255 255 255 255 73 149 68
    255 255 255 15 149 72 118 241 189 255 61 182 255 222 244 86 196 255
    233 214 186 114 157 32 194 141 255 255 158 255 222 8 255 15 239 189
    110 78 78 211 56 118 255 255 89 172 61 255 255 255 235 233 101 255
    255 30 189 32 255 210 49 14 255 255 98 2 116 44 194 255 255 97 205
    187 27 151 255 177 26 57 145 255 101 237 255 255 255 255 255 31 121
    233 235 255 79 211 24 255 158 255 255 218 37 23 152 248 255 153 35
    251 101 255 19 92 172 160 0 255 179 255 220 255 17 41 63 255 255 252
    116 60 74 121 241 181 255 110 59 73 136 105 130 62 4 255 255 247 255
    250 65 252 255 110 255 105 57 213 255 255 22 192 190 255 255 4 255
    255 255 82 185 89 109 39 179 255 213 255 215 41 255 85 88 70 255 255
    255 240 255 125 255 255 85 99 255 16 17 80 1 239 185 255 165 118 4
    255 255 255 109 92 255 255 255 78 61 255 255 187 205 3 255 255 38 65
    255 255 65 78 46 119 80 255 193 255 18 223 146 240 255 255 48 0 255
    106 133 196 101 225 110 255 24 255 255 10 110 106 210 125 127 255 92
    255 255 255 48 255 255 255 242 106 255 227 88 255 255 255 207 255 75
    183 176 255 117 255 7 255 255 168 255 213 255 10 255 255 38 255 255
    68 255 121 147 255 21 247 220 62 132 152 211 139 26 255 123 255 255
    176 255 202 207 255 255 78 255 176 211 39 153 216 247 157 91 111 255
    35 237 222 205 255 80 166 210 140 255 255 149 100 189 255 255 3 192
    235 130 255 231 255 255 165 255 45 48 255 202 165 255 191 255 22 142
    172 255 255 188 255 22 255 107 62 255 90 219 64 94 255 75 255 255
    255 37 0 26 255 88 196 255 116 235 255 116 95 255 255 4 184 255 183
    255 204 85 153 80 241 153 148 179 162 71 255 255 255 217 109 255 255
    223 250 255 199 255 79 215 255 255 155 230 233 143 255 255 255 45
    255 249 255 220 114 205 235 255 194 255 249 255 255 255 255 108 255
    192 37 255 255 45 99 255 158 255 232 255 216 17 154 189 252 255 184
    112 142 32 177 255 255 196 142 255 30 83 255 255 203 255 250 240 255
    172 117 255 255 229 255 140 255 255 245 255 255 255 190 130 15 29
    237 168 255 176 255 187 255 255 154 174 255 116 97 49 220 255 4 255
    254 255 53 255 255 121 186 239 255 34 32 228 89 255 255 255 47 169
    196 232 8 141 78 255 9 121 255 255 239 255 145 255 127 29 93 25 155
    185 172 158 255 27 174 97 255 211 86 26 239 220 8 181 159 194 65 245
    255 255 133 255 255 215 255 255 255 255 77 255 255 22 255 10 233 255
    255 255 255 52 255 71 255 46 78 255 89 204 255 255 255 71 255 255 25
    210 241 38 41 255 82 255 26 255 29 255 35 26 255 255 41 108 190 255
    13 82 255 71 196 141 35 195 0 255 71 119 28 68 204 191 106 128 255
    209 255 255 255 87 37 125 136 34 120 255 15 8 218 248 74 157 255 191
    46 255 181 112 157 10 102 192 171 255 170 236 255 172 255 187 255
    255 222 168 41 232 155 252 107 2 19 194 255 76 107 255 195 109 177
    101 83 255 20 19 255 255 34 13 180 36 22 201 255 255 49 255 255 23
    215 255 183 210 255 70 255 112 255 230 255 154 111 255 255 121 255
    220 158 52 68 133 120 222 255 56 196 14 30 196 255 77 29 240 219 8
    211 144 247 255 255 158 255 255 154 222 129 168 255 93 248 255 255
    255 143 30 202 198 255 224 46 69 115 255 28 255 37 255 228 255 217
    171 255 121 59 63 255 255 216 254 240 177 255 117 58 255 7 255 245
    177 17 26 149 228 11 141 255 28 237 119 255 255 247 255 128 124 164
    255 176 112 188 111 255 255 255 226 136 136 255 255 255 56 35 123 60
    251 255 255 207 255 168 70 255 255 255 245 255 241 255 255 40 78 255
    78 49 255 255 77 121 89 233 255 1 37 255 22 255 116 56 255 255 26 72
    255 42 121 255 255 255 78 209 227 255 67 255 255 121 160 255 255 196
    255 179 255 148 18 255 222 205 255 209 64 242 255 72 53 133 94 128
    255 171 255 222 209 12 134 255 56 255 218 255 255 139 255 255 115
    255 7 246 85 215 255 107 255 18 255 56 40 255 255 255 255 7 35 255
    101 12 17 146 120 255 92 141 10 73 46 24 250 255 255 255 255 255 35
    213 255 211 202 182 41 80 111 237 146 112 64 160 255 255 255 133 58
    191 102 140 226 254 255 57 102 155 74 148 255 52 148 88 255 94 19
    146 255 255 255 198 95 119 255 75 255 255 219 116 37 222 226 255 255
    173 255 159 162 89 220 255 255 41 151 237 255 162 53 255 255 255 255
    236 255 90 132 255 159 216 90 179 46 239 105 210 56 185 22 255 255
    209 255 39 216 201 255 132 53 248 255 97 131 166 118 255 61 255 99
    117 255 255 190 72 52 255 20 56 45 255 123 53 255 254 255 106 255
    125 37 255 226 255 110 255 193 255 235 19 187 27 211 19 255 223 255
    115 255 71 42 255 255 250 19 118 25 39 255 52 43 255 12 255 99 38
    244 95 30 165 148 149 153 255 19 160 187 255 203 164 220 150 41 106
    255 255 194 255 170 255 255 255 255 170 161 246 255 255 255 255 255
    74 169 255 14 131 41 255 255 255 255 198 255 255 255 255 169 87 247
    255 191 255 225 222 151 226 130 62 175 237 255 255 255 213 33 196
    233 255 94 58 246 150 255 100 225 17 4 255 255 184 255 211 34 9 255
    216 255 255 255 255 4 255 255 255 33 24 255 164 255 255 248 255 255
    254 255 45 136 99 255 255 255 255 255 255 155 15 148 120 136 128 255
    100 83 255 150 255 151 138 85 241 222 187 255 179 255 78 64 255 255
    255 80 255 151 255 75 3 152 90 255 255 255 106 118 39 71 255 255 38
    255 255 255 7 71 146 255 255 101 32 255 30 255 202 37 177 255 45 218
    255 168 162 255 221 191 255 255 255 131 236 0 255 255 235 125 44 53
    217 70 255 255 255 255 78 154 43 255 68 255 255 217 194 255 255 255
    245 72 138 22 115 164 255 211 255 255 124 121 255 31 199 255 184 225
    198 218 255 255 187 255 163 255 255 138 132 181 106 68 157 255 255
    255 99 22 204 255 135 255 118 27 255 123 255 222 84 233 230 217 128
    101 202 80 255 255 110 126 255 255 87 52 177 167 255 255 255 228 7
    255 255 151 255 255 151 83 255 173 249 39 255 255 255 243 240 255 64
    255 255 116 187 7 26 255 71 255 255 24 10 12 21 53 9 65 79 153 255
    226 255 255 119 169 255 203 44 17 108 12 255 255 89 255 183 255 11
    255 247 255 117 255 86 255 95 255 255 87 230 203 255 255 255 247 255
    216 12 142 175 182 196 255 255 255 255 177 32 171 255 255 248 0 255
    188 170 255 115 46 129 14 255 144 18 5 140 70 255 255 222 255 56 255
    111 174 255 255 255 255 255 32 67 63 64 255 130 255 44 102 255 5 255
    209 231 80 58 63 255 28 161 255 255 104 170 255 4 255 41 124 29 168
    67 255 255 190 118 255 255 55 196 255 124 204 222 140 255 255 83 255
    179 90 35 255 255 255 255 44 64 120 255 121 216 0 255 255 255 149
    255 114 255 166 201 191 255 255 125 142 255 153 16 255 255 26 83 97
    26 147 32 255 255 82 87 255 255 201 255 255 220 203 45 255 118 252
    255 148 118 251 255 255 184 44 6 98 143 255 93 255 255 255 194 166
    171 94 255 213 255 255 239 255 255 74 255 92 158 152 172 237 255 101
    26 44 106 255 222 255 25 255 255 35 255 255 46 106 243 102 12 255
    255 220 255 209 255 95 187 153 60 27 255 255 71 215 120 112 255 88
    210 102 255 153 255 255 254 193 176 172 36 255 31 172 60 255 255 125
    255 73 255 177 255 255 10 255 255 187 186 43 50 228 114 85 255 220
    35 73 255 232 255 179 255 51 255 255 255 45 46 255 255 121 63 255
    201 255 17 0 252 255 56 66 172 255 203 220 255 255 15 89 121 52 255
    255 176 116 255 255 14 44 255 147 255 255 29 255 255 14 97 255 162
    255 255 3 255 64 71 227 136 255 255 65 255 255 255 255 255 183 181
    255 161 34 255 226 94 83 255 79 255 255 255 87 166 106 204 112 57
    255 123 203 235 255 64 51 255 255 3 255 143 198 255 60 78 39 255 203
    194 5 135 149 112 255 255 255 255 255 255 255 105 154 255 172 55 118
    255 255 12 52 154 255 136 59 255 255 157 255 255 19 255 101 14 29 67
    240 41 127 187 177 219 255 85 255 19 37 255 116 41 133 67 255 198
    109 255 255 149 255 243 255 255 92 35 255 255 209 255 255 19 255 255
    255 203 166 225 124 196 255 17 255 255 162 127 59 233 255 255 255
    255 4 133 127 153 191 255 255 255 92 14 140 255 255 155 73 125 0 191
    255 255 191 255 164 255 255 158 255 119 36 24 255 136 252 154 237
    255 123 206 13 255 242 13 255 255 155 228 174 255 255 172 84 108 255
    255 86 255 164 139 255 255 255 174 205 156 37 255 86 90 32 5 77 255
    246 255 71 186 255 255 141 184 255 255 255 187 255 255 255 255 14
    155 207 104 245 166 39 106 255 112 125 209 112 255 254 255 97 255
    249 255 255 255 232 255 255 88 255 31 255 255 111 198 93 255 50 255
    255 166 221 106 255 112 124 108 246 255 255 91 255 255 52 255 255
    142 255 255 255 255 99 16 20 181 231 255 255 207 255 255 255 255 110
    255 255 255 109 255 205 130 255 255 255 255 34 173 216 255 71 162 39
    255 255 133 157 255 54 93 255 73 187 80 183 202 204 71 202 145 146
    255 36 255 255 235 255 255 255 230 191 176 6 157 255 255 255 167 255
    31 255 255 45 255 255 255 37 255 244 198 71 46 255 255 206 44 255 14
    255 247 110 250 255 255 255 153 255 255 189 100 255 47 67 162 255
    255 233 80 5 255 0 243 65 255 244 170 255 251 114 0 14 240 255 68 51
    22 255 99 34 50 215 255 255 198 255 70 198 255 255 255 255 255 104
    166 30 255 93 255 255 255 180 39 73 45 10 6 194 255 220 180 148 255
    97 255 255 251 255 84 255 255 255 95 19 255 83 255 172 192 27 255
    222 102 222 136 255 247 255 240 75 255 78 204 240 255 255 50 218 86
    150 176 196 255 250 112 97 252 99 117 145 255 226 255 239 255 68 255
    255 53 255 255 56 255 136 255 255 177 255 67 18 255 207 68 94 255 33
    58 255 78 255 255 20 255 255 131 255 255 176 227 151 104 165 255 195
    72 255 255 24 255 57 48 92 15 255 62 19 255 255 255 255 65 217 255
    230 255 255 255 255 66 215 255 19 255 233 206 255 233 60 255 50 255
    254 150 255 123 168 116 255 141 24 32 82 255 217 105 92 255 38 255
    131 255 255 22 255 255 255 164 255 255 255 165 255 255 255 255 251
    255 255 67 255 142 255 255 138 64 239 255 241 255 125 68 36 136 228
    255 255 255 255 255 97 148 255 116 255 255 78 10 192 255 255 255 20
    255 255 41 22 255 255 83 7 217 78 255 255 255 255 48 239 255 255 56
    255 125 51 205 255 128 255 40 255 95 156 255 255 255 206 255 202 255
    6 247 92 71 255 255 110 1 255 255 220 36 136 71 17 241 255 83 255
    228 255 255 157 218 24 255 182 4 255 95 255 199 72 146 255 131 255
    199 31 255 57 255 255 121 255 255 248 0 181 255 68 255 255 43 255
    214 255 255 255 255 101 4 255 255 255 49 123 202 56 255 119 123 255
    255 73 255 255 3 255 149 56 255 65 230 149 255 255 255 42 89 255 7
    155 255 255 255 92 72 196 168 255 19 252 202 249 255 5 48 255 184 73
    255 135 9 255 113 114 32 12 255 255 235 255 255 191 255 105 168 46
    255 93 255 255 3 179 255 26 48 172 255 255 255 255 255 255 25 169
    255 255 199 217 207 255 110 255 148 255 86 83 255 18 51 159 255 31
    255 255 123 255 63 107 255 173 41 11 255 255 255 241 255 255 10 255
    255 154 250 255 255 208 255 229 107 22 195 5 22 0 255 67 255 43 228
    7 215 255 255 255 92 214 255 255 236 65 255 86 244 247 213 255 15
    255 148 255 207 34 255 232 255 255 218 255 217 53 29 21 255 255 11
    255 255 255 191 196 255 179 189 255 138 136 99 52 53 255 41 177 255
    83 186 255 228 255 255 23 44 255 179 255 110 56 155 134 235 255 255
    71 39 24 91 255 198 254 255 255 214 77 255 239 255 255 55 32 149 255
    254 37 97 41 73 168 85 255 121 255 255 195 17 255 255 255 255 5 128
    255 79 255 142 255 244 97 201 153 185 255 255 255 18 255 64 18 255
    255 243 94 255 231 255 86 151 216 114 255 255 144 153 255 255 26 70
    255 239 255 121 10 77 255 243 255 108 149 255 255 211 179 7 255 198
    254 198 92 80 49 255 133 255 233 255 255 29 200 255 255 255 22 187
    164 255 46 255 3 255 255 255 167 211 255 177 56 225 155 185 194 102
    255 145 216 255 52 255 50 0 255 255 255 255 255 25 0 191 222 215 112
    255 255 146 125 147 255 255 255 255 255 255 146 216 255 255 74 147
    60 222 255 255 250 104 255 255 210 116 255 104 205 165 83 255 45 255
    34 16 255 75 220 19 114 255 255 255 4 255 222 255 164 9 97 49 136 41
    255 255 255 201 255 95 255 255 255 181 9 149 43 255 100 124 255 102
    255 255 255 85 255 50 247 222 158 255 255 255 255 255 79 90 255 26
    31 255 255 255 255 255 49 255 68 255 88 85 95 255 177 198 255 255
    255 226 67 227 2 105 255 255 255 131 123 160 213 172 255 157 255 75
    85 255 255 255 255 255 255 125 22 121 157 255 121 90 164 182 127 255
    255 127 203 255 255 12 119 9 188 247 248 145 44 99 201 147 41 255
    255 255 7 235 69 255 255 255 188 15 200 115 49 116 183 211 179 82
    114 228 46 158 168 37 255 92 165 145 255 255 130 105 255 83 215 176
    255 255 97 158 108 55 177 52 255 208 168 255 114 255 79 255 30 4 255
    127 61 255 32 233 126 211 53 32 47 255 196 103 255 206 7 252 85 90
    78 176 255 127 255 69 132 255 149 35 141 255 169 201 255 50 255 45
    131 124 255 22 82</data></my_img>
<your_img type_id="opencv-matrix">
  <rows>100</rows>
  <cols>100</cols>
  <dt>"3u"</dt>
  <data>
    222 215 255 120 213 255 142 255 255 255 193 92 56 201 128 255 255
    255 246 8 14 144 16 170 255 255 126 24 56 255 10 26 255 212 255 255
    255 215 255 255 233 130 100 199 154 255 255 215 255 108 255 252 255
    241 146 148 255 138 72 140 12 255 34 0 255 26 255 237 38 255 169 255
    255 211 186 36 255 211 158 255 68 255 255 255 255 255 132 66 255 209
    240 255 30 255 177 164 148 255 255 255 255 158 138 8 255 228 197 255
    120 255 26 22 173 255 246 255 255 164 56 255 136 255 255 66 132 50
    255 0 255 255 18 206 14 4 247 255 255 255 136 2 255 255 255 26 202
    207 255 255 16 156 255 255 96 255 134 255 74 255 233 255 205 255 18
    255 108 255 173 229 255 255 68 250 255 255 255 14 255 186 2 255 255
    108 255 255 213 255 255 217 172 255 102 132 62 58 62 142 112 255 154
    132 255 4 255 209 255 205 255 255 22 255 34 255 255 255 255 20 255
    227 221 132 136 255 255 94 255 255 205 255 234 239 255 96 255 255
    206 255 255 255 221 255 255 82 255 116 231 60 76 255 221 152 255 255
    156 8 255 255 173 78 255 50 255 146 255 186 255 36 255 186 213 255
    255 16 52 118 156 255 172 10 255 94 26 6 255 219 22 255 251 166 255
    241 126 255 255 255 168 136 140 214 255 255 202 158 98 132 44 2 255
    255 255 255 255 255 144 255 233 220 255 255 255 255 20 255 38 196
    124 255 255 255 255 255 160 217 209 158 86 255 255 255 124 48 116
    255 255 255 32 255 255 255 255 100 255 255 255 42 255 154 255 255
    255 255 214 52 255 255 255 40 255 255 255 220 251 255 230 255 255
    255 255 255 255 255 124 198 205 255 140 235 255 255 255 255 240 255
    52 88 104 130 46 88 255 255 255 154 244 106 54 120 62 255 52 255 255
    246 255 40 20 255 255 255 255 255 48 255 8 255 90 255 255 255 255
    208 255 106 255 197 86 86 142 255 254 255 255 16 255 255 158 255 255
    255 255 255 255 46 255 0 255 80 252 255 227 166 140 108 80 255 255
    255 255 148 255 255 255 224 98 44 255 255 255 74 40 255 248 255 227
    255 26 0 255 255 106 255 255 132 255 183 162 98 255 245 178 68 178
    255 255 255 255 241 122 114 255 255 255 255 255 214 255 255 255 92
    156 22 88 255 255 124 255 230 255 255 255 255 192 255 255 255 216
    255 156 255 229 225 255 255 94 170 54 255 210 102 92 255 255 194 246
    255 255 28 114 124 255 255 255 42 138 74 255 171 255 255 255 221 255
    14 255 255 255 130 64 42 120 2 211 255 255 255 255 255 255 128 255
    255 255 255 18 204 255 114 217 255 130 255 80 255 241 255 255 102
    158 146 255 255 78 209 255 255 255 10 132 58 108 34 156 162 217 255
    186 12 255 255 255 130 255 255 60 255 68 211 50 255 255 218 128 144
    255 2 255 20 255 22 196 255 255 255 231 255 76 255 106 206 68 255
    174 255 255 255 255 86 0 58 38 212 237 255 182 255 245 255 211 255
    220 24 182 255 64 80 255 255 255 255 255 255 255 255 8 6 241 255 255
    140 22 255 255 190 234 209 255 254 209 190 255 144 255 216 255 255
    255 32 255 255 255 24 8 255 255 208 156 255 154 255 255 166 14 202
    255 255 255 255 92 255 102 177 255 255 0 239 255 255 64 255 255 4
    255 207 255 80 255 255 255 120 241 255 199 255 16 255 52 255 255 255
    255 255 255 116 255 255 144 255 255 100 136 198 255 255 255 136 255
    255 226 96 255 255 154 102 255 60 255 104 48 202 255 58 42 116 255
    255 255 255 255 255 255 255 164 255 255 255 255 235 72 100 70 14 255
    255 255 255 255 255 152 255 188 144 0 255 255 239 124 118 255 216
    146 160 92 197 16 188 215 255 255 96 255 255 10 140 214 241 190 255
    98 94 255 84 255 255 255 120 255 255 255 255 90 221 130 207 255 255
    255 136 255 255 100 112 255 14 255 100 255 108 255 154 255 156 255
    255 255 255 255 243 184 255 179 255 255 124 180 255 179 255 42 255
    255 255 255 184 128 193 24 238 255 54 255 255 255 255 255 239 255 66
    184 74 255 253 255 140 255 255 177 124 255 10 86 255 72 255 255 213
    255 255 255 255 100 255 2 40 156 255 255 255 178 255 255 255 255 243
    12 88 255 164 255 255 255 34 62 255 168 255 90 255 124 54 255 209 8
    255 255 102 56 177 255 86 255 255 255 28 255 255 185 225 116 110 255
    60 255 156 255 255 255 255 255 38 132 255 255 255 70 255 255 255 64
    128 255 255 176 24 26 255 255 174 255 255 28 255 14 255 0 255 255
    255 94 136 132 255 255 255 255 255 255 255 100 178 255 255 20 255
    225 182 255 255 22 255 102 255 255 116 224 18 54 255 255 255 78 106
    96 60 255 50 255 231 249 255 185 255 234 50 204 255 255 255 255 255
    255 255 255 255 134 255 255 255 181 255 8 255 198 194 223 152 255
    132 255 255 136 255 255 255 52 232 255 255 38 255 255 24 255 209 18
    245 255 32 255 255 208 36 255 255 120 255 230 98 255 198 255 255 122
    255 255 168 241 255 255 64 253 126 195 184 12 255 178 196 255 110 20
    255 255 224 68 255 255 255 231 255 124 255 255 255 255 90 255 255
    176 34 255 94 255 255 232 255 30 210 255 255 255 255 255 255 90 255
    255 160 241 255 255 110 142 255 68 255 134 255 204 167 255 255 255
    255 255 255 36 255 28 6 150 255 122 255 58 255 255 26 198 255 191
    255 180 255 255 174 255 255 255 6 255 255 6 255 68 255 255 255 207
    116 255 150 255 255 255 72 255 193 156 2 255 112 255 255 196 255 50
    160 192 219 198 255 74 194 255 255 255 46 146 38 255 179 255 255 140
    255 255 235 227 52 255 255 255 255 239 255 4 146 240 120 255 124 96
    255 255 255 160 255 68 52 255 255 255 190 255 80 132 227 142 38 136
    178 255 255 196 255 255 112 12 255 239 58 255 255 255 245 198 68 255
    255 68 255 255 255 173 243 208 255 148 255 255 211 24 255 120 246
    255 255 94 255 162 164 142 154 255 231 36 146 136 255 170 177 255 46
    199 50 255 175 255 255 255 42 255 255 239 255 150 150 12 255 148 218
    255 255 212 255 84 208 255 255 60 255 80 255 191 74 12 64 255 255 26
    255 255 215 6 255 255 255 56 255 255 255 255 255 255 171 108 255 255
    190 255 255 18 255 106 213 160 255 255 24 255 162 255 255 162 244
    255 255 255 68 102 255 201 56 255 6 255 222 30 68 108 84 108 14 225
    255 255 28 217 78 217 2 255 104 255 255 173 255 255 255 255 126 14
    255 220 209 255 112 32 217 255 255 74 255 255 2 255 255 66 46 255
    231 250 255 255 110 255 255 255 255 56 248 255 255 226 255 255 255
    255 255 6 6 255 76 255 255 46 221 156 255 144 255 255 203 255 226
    167 219 255 255 215 255 56 255 255 215 207 246 255 30 212 255 255
    122 255 255 255 255 255 248 255 229 130 249 255 255 255 251 255 255
    255 196 233 130 255 82 60 130 255 90 255 255 255 254 231 215 96 62
    217 255 171 251 156 255 255 100 195 237 255 62 255 255 255 255 128
    255 202 104 255 255 255 203 22 106 181 255 255 255 255 255 221 108
    255 132 255 255 90 255 255 255 136 34 96 249 104 66 255 255 10 255
    78 112 255 226 255 30 255 154 255 130 255 188 255 183 32 198 24 255
    84 102 255 255 80 206 255 255 255 54 255 255 255 175 180 255 219 74
    218 255 106 255 46 255 255 255 255 16 80 144 255 255 2 220 255 255
    112 255 255 255 255 34 184 160 255 255 255 34 255 255 255 255 86 255
    255 255 6 255 255 255 240 255 255 252 28 186 14 255 255 255 255 28
    116 255 255 255 255 255 234 255 255 154 34 255 170 255 255 250 165
    186 255 231 82 255 255 255 255 34 80 255 28 182 130 148 255 108 255
    255 255 152 94 162 255 255 92 86 86 216 255 255 255 255 255 255 6
    255 94 14 86 160 255 255 255 255 255 255 255 156 190 197 6 255 199
    255 110 255 255 154 255 112 78 30 102 255 175 255 130 255 82 255 255
    124 242 255 255 255 130 255 255 255 255 255 255 255 60 201 184 196
    58 255 255 10 255 96 255 255 255 255 255 255 62 255 255 44 108 255
    102 38 214 225 255 255 255 255 248 255 255 228 255 66 96 136 255 255
    203 194 176 207 190 150 255 255 94 70 134 255 241 255 224 255 204
    255 255 46 208 255 255 255 255 44 255 255 255 110 120 108 238 255
    255 255 158 255 255 255 194 120 16 255 255 177 96 74 255 255 216 30
    255 48 255 255 255 255 255 22 80 188 0 116 237 255 255 190 200 50 54
    255 161 255 82 255 255 176 255 251 202 36 255 255 122 176 255 255
    255 0 233 100 255 8 120 255 255 255 76 255 255 122 12 255 255 211
    174 134 255 255 255 60 255 255 255 255 100 255 255 255 225 255 255
    255 255 28 255 209 106 152 0 255 134 255 150 255 78 18 255 255 2 255
    2 255 247 14 90 64 255 255 44 140 120 124 255 255 171 255 255 255
    255 255 231 255 124 120 209 255 58 231 212 144 22 100 255 255 66 136
    255 24 52 76 255 255 255 255 165 215 6 255 84 84 255 182 146 255 255
    208 54 104 200 255 255 190 209 172 255 82 255 144 175 255 255 108
    255 128 255 255 218 255 148 44 163 255 156 130 255 255 36 237 255
    197 255 114 255 255 168 255 239 130 108 255 255 4 255 255 156 255
    138 255 68 200 255 255 255 16 72 255 104 150 144 158 60 222 255 255
    250 255 192 240 255 18 80 108 16 255 78 255 216 203 219 255 134 255
    100 255 255 255 255 130 10 255 255 142 34 255 6 66 237 226 255 255
    255 98 239 40 255 243 226 255 255 102 152 255 255 114 255 255 173
    255 255 251 255 255 199 255 255 12 255 255 255 16 255 70 130 255 255
    255 255 255 255 158 255 255 196 255 255 255 243 255 226 90 134 255
    255 68 134 213 86 212 239 255 160 189 182 255 221 164 30 255 50 198
    255 207 255 255 255 255 185 255 255 146 255 255 255 36 255 245 255
    18 30 255 182 124 255 255 255 255 255 36 194 255 72 154 60 160 255
    255 247 154 255 255 255 255 32 144 255 22 255 120 255 255 255 189 44
    10 255 255 30 255 108 104 82 255 102 255 255 255 255 255 212 255 255
    184 255 56 255 249 255 166 185 30 255 255 255 255 217 182 255 255
    209 62 255 72 134 255 255 255 171 122 255 96 255 255 96 255 214 46
    78 255 255 209 52 255 229 255 243 255 166 98 255 255 255 255 242 255
    255 4 30 255 255 217 100 255 54 255 255 255 255 255 255 255 184 130
    255 58 255 255 60 2 16 255 191 225 136 255 255 110 255 255 255 255
    148 255 136 108 226 255 255 222 255 112 230 68 88 212 38 255 108 160
    26 255 255 233 28 130 255 250 104 190 255 32 82 14 48 255 255 255 82
    255 255 255 76 255 64 182 165 255 255 120 219 102 255 136 70 255 255
    255 213 2 10 223 192 255 255 106 255 255 134 64 249 72 98 255 255
    255 40 255 214 255 2 255 150 255 255 255 255 30 255 80 110 163 255
    96 22 255 255 255 255 255 160 255 255 138 30 255 215 233 68 34 255
    255 255 44 14 255 255 58 44 255 255 134 166 255 255 255 255 255 64
    172 255 255 255 255 202 54 42 255 255 70 136 6 231 255 224 255 162
    112 255 255 255 126 162 255 255 255 255 197 255 200 34 255 255 122
    255 255 255 174 255 255 255 255 167 198 44 28 217 255 80 255 226 255
    255 150 255 255 96 255 255 196 255 255 62 255 255 255 76 255 232 255
    255 98 96 22 255 255 255 255 104 102 255 255 207 255 130 255 168 46
    64 255 255 255 255 221 192 255 177 255 204 255 194 255 237 58 148 14
    96 255 255 72 246 148 40 128 255 255 204 255 255 255 255 217 255 255
    192 116 20 255 32 255 255 194 255 200 255 255 255 255 52 198 255 255
    255 34 92 50 52 148 80 176 44 255 22 255 255 252 255 255 255 255 255
    252 64 255 255 140 231 192 251 194 255 255 255 30 255 215 255 255
    116 255 255 255 255 255 255 114 255 104 255 38 46 255 171 255 230
    255 255 255 169 255 255 72 30 255 185 255 166 255 118 255 70 255 242
    148 255 142 255 245 56 211 255 255 255 172 255 207 255 255 110 255
    128 255 255 255 142 255 255 255 255 255 136 255 255 116 255 255 181
    231 255 255 162 250 98 176 84 255 108 255 173 206 255 255 255 255
    255 128 182 255 255 206 56 255 255 98 52 2 255 255 255 255 255 218
    255 255 236 227 235 226 64 255 252 189 92 255 255 255 255 255 255
    255 134 255 255 255 255 255 255 202 0 255 255 255 223 255 255 255
    255 255 255 108 222 255 255 120 255 106 255 255 36 255 255 255 255
    100 178 255 102 76 148 191 255 255 255 255 255 255 78 255 255 255
    255 255 255 255 239 68 255 124 174 204 255 8 255 255 255 255 255 225
    255 255 255 106 22 255 255 255 255 60 255 38 255 54 255 152 112 255
    255 255 255 246 6 255 255 255 255 2 12 255 4 175 178 255 179 255 255
    255 255 255 140 10 78 249 255 255 130 255 118 255 255 255 88 142 190
    255 255 214 255 255 255 175 255 255 255 235 255 255 86 255 146 120
    180 255 255 255 46 18 255 255 108 255 255 219 190 20 160 255 255 217
    255 173 217 255 255 24 255 38 255 255 255 24 255 255 255 255 255 255
    255 94 255 214 112 255 52 94 255 255 44 2 184 193 255 255 255 253 28
    255 100 255 28 255 255 140 255 214 255 62 255 255 255 44 106 204 255
    225 120 116 132 255 255 76 148 255 255 6 138 255 255 255 255 255 186
    255 255 122 255 82 255 8 150 255 104 255 204 120 209 2 102 255 188
    255 110 52 255 255 255 255 255 255 8 255 255 255 68 198 114 104 4
    255 184 124 225 211 210 255 112 255 255 255 222 106 114 255 116 255
    255 36 255 184 255 255 22 108 255 255 18 68 255 255 46 255 255 188
    255 233 217 50 22 176 255 255 194 14 255 255 222 138 206 28 215 255
    255 255 239 112 152 170 255 255 255 255 255 255 134 60 62 186 255
    255 16 255 255 255 56 44 255 255 255 255 255 255 200 255 136 255 221
    255 255 255 241 255 255 104 255 255 120 255 255 255 48 255 255 252
    189 100 255 255 98 174 255 255 255 255 140 255 60 140 255 255 255
    118 255 255 255 211 20 255 231 154 138 175 182 255 255 255 255 247
    120 252 255 42 92 160 0 255 66 255 214 217 255 42 255 255 255 146
    134 250 255 46 74 255 255 50 255 255 255 255 136 92 62 160 255 255
    255 128 255 255 88 255 217 204 255 34 255 255 227 112 255 255 68 255
    166 136 255 68 255 122 255 255 255 112 255 255 14 150 255 255 40 231
    52 224 40 219 170 52 58 214 255 255 255 255 235 126 255 255 255 138
    116 134 108 255 255 167 48 255 255 241 255 255 94 144 96 158 66 88
    255 255 255 255 255 255 255 255 68 255 255 255 90 246 156 255 48 255
    184 255 40 56 255 255 192 255 156 184 188 160 190 255 80 255 228 16
    255 255 108 46 255 255 46 164 154 255 255 255 255 255 90 170 206 255
    158 12 255 255 226 255 255 255 255 26 72 10 255 255 175 255 255 255
    255 196 255 156 255 255 154 255 199 255 104 249 221 255 138 34 8 148
    255 200 46 40 156 255 255 58 14 255 222 6 56 255 209 255 144 16 28
    255 255 134 90 20 190 20 124 227 192 255 255 38 134 255 14 10 229
    152 255 255 212 56 255 255 52 48 150 255 104 134 255 152 108 116 255
    96 255 148 255 0 104 255 82 255 138 255 8 130 255 255 206 255 255
    255 255 255 255 28 190 92 255 255 130 255 255 255 34 72 255 255 255
    28 150 255 70 255 148 246 46 239 192 88 219 250 217 174 255 255 255
    180 255 142 36 255 255 46 62 112 255 237 255 154 255 30 76 255 255
    102 14 190 255 255 255 255 255 88 255 255 255 255 255 255 255 201 40
    64 42 255 255 16 255 102 160 148 255 255 255 118 229 255 255 255 255
    102 255 255 255 255 255 28 201 255 194 255 34 255 255 255 255 255
    102 255 255 78 158 203 255 66 209 174 255 106 10 255 255 132 255 255
    255 164 215 255 162 255 40 255 191 255 74 255 200 255 255 64 255 84
    255 218 231 14 255 54 255 255 110 44 146 130 70 255 255 196 68 255
    255 38 255 255 234 255 247 118 148 211 255 34 104 234 255 255 106
    185 44 98 253 255 20 255 255 126 255 255 210 2 255 24 165 160 255
    255 255 255 10 255 116 255 255 255 255 42 255 84 110 14 110 255 112
    255 255 250 255 2 255 255 255 180 255 255 255 217 235 255 255 255
    255 255 255 255 255 70 255 255 255 255 255 255 255 255 255 255 255
    126 204 78 255 255 183 255 255 74 96 255 169 124 176 255 255 10 255
    68 246 134 184 180 6 255 255 52 78 236 22 152 255 112 255 184 255
    255 158 255 255 255 239 255 255 199 138 210 255 52 255 221 56 255
    255 255 255 255 112 255 167 255 255 255 176 154 255 255 140 255 255
    255 120 184 255 255 255 16 233 136 255 255 192 238 255 140 255 64
    255 255 247 255 214 255 202 10 12 180 255 255 146 255 255 255 255
    243 243 170 213 243 34 34 194 255 124 255 146 229 255 166 255 243
    255 22 255 4 255 255 254 74 128 154 255 112 168 255 255 54 255 76
    255 255 122 152 187 225 54 46 255 255 255 255 228 245 104 188 211
    136 255 255 46 255 255 58 32 142 255 255 132 255 255 138 84 255 255
    98 30 255 134 255 255 172 255 46 180 255 255 231 52 255 26 218 255
    255 255 255 255 255 255 30 255 255 255 202 255 255 255 255 190 6 255
    136 212 18 255 118 255 255 255 22 176 42 255 70 255 56 255 144 2 146
    255 255 4 138 148 255 178 255 255 255 80 255 52 255 180 255 193 255
    92 255 255 255 255 255 255 223 140 116 229 36 255 40 241 255 255 255
    255 255 255 255 136 255 46 100 255 230 74 255 255 82 211 76 255 40
    255 255 64 255 114 255 255 138 206 118 98 253 138 255 255 255 255
    158 138 255 255 92 215 255 206 255 209 124 195 122 255 255 28 58 14
    255 80 118 255 68 56 126 236 241 152 255 195 132 100 205 142 38 255
    255 192 229 255 14 255 255 166 104 28 20 255 255 255 255 146 192 255
    50 186 94 116 255 134 82 190 255 255 120 255 255 184 150 255 142 255
    204 255 255 255 255 110 255 106 255 194 128 4 249 255 6 94 90 114 28
    255 255 255 168 255 72 74 255 38 255 255 134 255 94 255 50 132 233
    118 46 98 255 255 255 64 62 255 255 126 255 162 255 255 238 255 255
    255 255 253 132 255 255 128 161 255 108 20 255 255 255 243 134 255
    255 255 255 202 255 255 255 210 189 255 226 255 126 255 255 255 228
    255 255 106 255 255 12 255 255 198 255 26 90 255 255 255 255 255 238
    239 255 255 255 255 134 255 245 255 175 182 66 88 196 255 255 54 255
    255 86 255 255 255 166 128 255 255 255 172 255 118 255 156 255 211
    38 116 180 172 183 255 136 187 237 255 152 255 212 183 202 242 255
    225 54 255 150 255 255 134 14 241 68 255 255 255 232 255 237 188 72
    251 255 255 100 170 255 116 222 255 255 186 34 36 18 207 30 255 187
    255 255 54 102 255 255 98 96 118 44 54 12 150 255 255 255 252 255
    255 255 209 249 156 12 213 118 255 255 218 152 255 255 80 156 255
    118 12 2 106 46 254 255 58 255 255 122 255 255 255 252 255 24 255
    247 30 255 255 50 204 156 52 22 28 255 126 255 134 96 183 255 255
    255 255 255 60 255 48 179 110 255 54 144 170 255 255 255 255 255 255
    42 255 60 255 255 255 255 70 96 255 178 70 255 255 255 255 255 186
    10 36 255 175 158 255 255 174 255 255 255 30 255 255 218 167 209 255
    106 255 84 122 134 194 255 255 255 78 239 255 255 106 255 255 221
    255 140 255 168 255 255 240 255 255 255 255 233 255 255 255 184 64
    150 50 255 12 255 24 132 255 205 30 106 255 134 255 255 253 120 255
    255 174 255 188 255 255 110 144 118 245 126 171 255 255 255 255 164
    161 255 102 255 255 180 255 255 255 255 255 152 255 186 255 255 46
    255 255 84 255 161 255 255 255 229 255 130 211 78 255 112 48 255 255
    255 255 255 255 219 54 234 90 255 255 255 158 254 191 255 210 124
    255 66 167 255 38 36 76 255 255 255 148 255 219 255 255 255 255 72
    98 255 181 154 210 32 72 14 158 48 255 140 255 104 255 255 250 124
    255 218 6 68 255 255 138 72 255 255 138 255 255 255 44 50 106 52 150
    220 10 255 224 122 255 238 255 255 232 255 219 188 72 255 138 255
    255 255 126 255 255 96 255 84 255 255 36 110 255 122 255 251 108 241
    255 140 247 255 116 255 144 240 255 68 255 70 154 255 84 22 255 217
    255 255 255 204 255 112 255 255 144 48 255 20 255 58 255 255 255 86
    255 255 154 50 60 179 255 12 255 255 12 171 16 255 255 255 255 128
    237 248 150 255 255 255 152 84 255 251 238 169 255 102 255 255 2 203
    255 62 255 116 66 28 204 222 223 98 255 247 140 255 187 255 90 255
    237 255 173 237 255 144 90 176 209 255 80 255 255 184 255 6 82 134
    255 255 203 16 158 255 255 255 255 130 255 255 6 150 207 255 255 211
    144 255 255 84 255 255 255 255 255 215 255 152 255 255 36 14 255 255
    62 255 40 110 255 98 255 255 255 10 86 255 154 192 255 255 255 163
    255 255 255 239 76 255 255 255 201 74 255 255 255 146 195 255 255
    255 255 114 42 243 255 255 104 255 255 255 255 255 255 128 60 255
    255 209 255 204 211 255 255 255 104 255 255 255 255 211 255 255 255
    255 255 255 255 255 255 225 255 56 132 255 82 239 60 237 255 255 108
    166 255 255 60 255 255 247 84 255 96 255 255 52 92 255 255 255 255
    108 248 255 52 74 26 255 236 136 96 14 175 162 154 255 213 255 52
    255 255 150 255 255 255 255 162 255 255 255 255 255 56 160 255 166
    255 255 126 136 255 255 213 255 255 255 255 255 179 72 255 255 68
    140 112 194 255 231 255 255 102 221 255 255 196 170 255 229 142 96
    255 236 215 104 255 255 211 255 255 255 255 4 255 255 92 96 200 255
    150 255 255 255 24 255 146 255 255 255 255 86 104 255 56 255 46 255
    190 224 255 192 190 171 92 255 8 160 255 144 255 255 142 192 255 50
    255 98 255 180 255 239 54 178 128 255 255 255 255 255 255 112 254
    255 28 255 74 92 255 185 38 255 255 190 0 152 255 144 255 56 255 48
    247 255 255 231 255 88 174 255 160 255 255 60 38 255 152 152 255 154
    54 255 255 255 255 239 10 200 64 255 152 34 233 72 50 130 62 165 255
    255 255 255 202 255 255 98 255 255 242 255 255 255 215 62 255 255
    255 90 62 28 144 177 8 255 175 144 255 255 255 90 52 255 255 173 2
    255 118 255 152 255 255 14 255 122 255 255 2 255 177 255 2 169 255
    220 213 255 255 255 255 154 78 255 8 44 255 92 122 255 255 255 108
    178 255 253 255 255 255 128 38 76 255 255 132 88 90 255 255 142 72
    144 255 255 255 169 255 255 16 215 255 255 128 255 255 255 50 197
    132 255 96 255 255 193 243 255 255 239 255 215 32 206 24 56 255 255
    255 84 146 255 96 255 146 172 24 255 255 255 156 255 18 98 82 255
    255 142 199 206 108 255 255 255 56 74 255 12 209 122 255 158 228 255
    68 8 255 239 255 255 255 228 56 221 255 219 186 255 255 209 255 72
    255 216 255 40 255 195 255 156 40 211 202 46 128 214 223 255 138 255
    154 38 255 84 92 116 255 226 255 56 120 6 255 255 245 255 255 110
    255 255 217 166 114 249 255 255 255 255 46 50 162 84 24 30 255 88 54
    138 255 255 255 255 255 220 255 255 255 223 255 255 255 255 255 255
    128 255 4 255 255 150 255 255 251 146 216 104 154 255 148 255 68 231
    24 80 20 70 196 245 231 110 255 118 184 255 225 98 142 255 255 255
    30 255 255 192 255 245 255 255 255 255 255 187 255 228 34 245 255
    255 30 255 255 62 238 255 30 255 152 255 246 102 233 246 255 255 242
    255 255 255 40 255 255 68 104 255 42 132 18 255 225 140 84 188 255
    50 223 255 255 211 138 255 126 255 255 255 255 179 64 255 249 255
    224 255 84 255 136 150 255 138 255 32 251 94 6 255 237 255 255 142
    146 8 118 255 255 255 255 235 68 50 255 54 194 183 255 255 255 255
    58 255 192 226 197 16 255 255 255 204 146 255 50 152 194 160 32 255
    255 179 198 255 32 255 255 255 255 174 96 178 238 255 255 98 62 243
    134 245 255 52 255 92 255 160 142 255 215 142 255 255 20 255 217 96
    255 255 202 255 118 255 255 255 255 50 255 48 192 114 255 24 255 192
    146 255 255 255 255 166 255 251 255 142 255 255 62 92 92 236 255 255
    255 255 8 255 8 255 240 255 174 214 14 80 255 255 255 48 255 34 255
    255 44 120 94 0 255 255 52 255 201 200 212 247 44 202 78 206 222 167
    255 255 255 255 255 255 255 76 78 196 255 116 231 255 110 209 172
    223 255 255 52 255 255 255 255 174 72 26 84 255 66 255 255 255 228
    255 229 255 255 255 255 255 253 255 255 255 94 64 106 74 12 18 255
    169 255 178 132 10 255 88 255 124 255 255 255 255 90 255 255 142 36
    46 50 146 102 255 255 255 255 112 255 255 255 231 58 255 255 255 84
    255 255 255 221 2 248 140 64 255 255 114 218 255 96 36 255 255 255
    255 255 255 255 182 255 255 255 255 163 206 100 255 255 255 40 255
    255 255 255 255 255 255 102 255 20 255 215 255 190 169 255 70 199
    241 255 161 255 255 255 255 255 255 255 255 255 92 255 255 164 255
    255 255 255 255 255 48 134 22 8 255 174 46 2 255 38 255 176 255 173
    6 30 62 255 255 255 255 255 100 255 154 215 255 255 80 255 78 255 48
    68 253 255 166 255 200 26 235 255 255 255 255 255 237 255 255 247
    255 255 78 255 228 255 255 255 102 116 42 84 186 4 255 229 255 20
    255 168 255 90 228 171 255 64 102 255 255 34 255 255 255 198 180 243
    22 255 255 255 255 94 255 255 126 255 144 241 206 18 80 110 138 255
    80 98 255 255 232 255 255 154 255 20 74 211 255 188 255 84 255 255
    198 208 150 148 255 255 204 198 209 22 214 255 255 110 255 255 234
    74 60 18 122 255 255 66 255 255 255 255 255 30 223 222 76 255 255
    191 166 255 255 255 255 255 255 255 255 12 255 255 255 255 235 255
    255 255 204 80 245 253 76 112 200 108 128 255 255 255 255 255 2 255
    236 247 255 146 0 235 255 225 72 144 225 223 250 40 255 132 76 255
    106 199 255 162 255 162 120 255 255 128 138 150 255 255 255 255 221
    112 255 255 255 182 255 64 124 227 114 255 16 255 255 255 255 255 68
    253 255 255 124 38 136 102 240 78 40 255 255 255 150 64 251 26 98
    255 110 243 233 255 142 255 232 152 255 102 183 255 255 255 36 10 10
    255 255 255 98 110 193 64 255 255 255 255 237 225 168 255 245 255
    138 255 198 56 255 134 255 255 255 82 255 255 245 255 188 255 136
    255 64 30 255 255 112 190 136 120 230 255 255 212 255 255 255 215 60
    255 199 255 28 255 18 158 255 255 26 239 255 255 255 255 18 22 245
    255 255 255 255 255 247 255 98 255 204 255 255 36 255 118 162 34 255
    240 152 255 255 173 255 80 255 207 186 255 255 255 237 255 255 255
    255 150 136 255 56 221 200 218 177 108 255 136 78 255 255 34 255 8
    174 255 193 255 255 179 255 255 255 255 68 126 32 255 74 255 100 205
    80 168 251 255 246 255 202 222 255 255 255 225 255 244 255 255 255
    20 74 150 50 255 255 201 249 255 255 255 255 128 40 48 255 72 20 255
    249 255 163 46 255 92 92 255 255 255 90 255 122 44 255 243 255 255 8
    100 255 255 106 98 255 188 193 255 20 185 60 255 255 255 138 255 120
    76 255 255 255 64 50 42 130 255 255 44 255 228 255 46 8 134 38 255
    255 255 255 44 142 184 255 255 255 255 255 255 175 24 150 90 255 28
    255 255 182 255 22 255 255 231 196 161 255 186 255 80 255 255 255
    234 134 152 255 44 56 30 201 82 124 80 255 255 255 255 62 255 10 255
    203 192 255 255 255 232 54 255 40 70 200 255 231 255 255 191 182 255
    255 76 10 36 221 128 255 255 144 255 255 52 112 255 70 255 10 255
    173 255 255 104 72 196 255 255 255 138 32 166 255 68 164 255 184 255
    255 42 255 225 255 255 229 223 255 255 255 44 255 34 255 255 188 255
    96 209 26 40 255 255 255 150 255 255 217 255 10 255 6 30 245 255 255
    90 255 179 28 206 255 255 206 227 255 100 90 255 255 255 223 255 255
    0 255 255 255 255 235 255 255 54 158 255 255 231 166 255 166 128 154
    245 56 171 255 255 62 255 255 233 255 232 255 255 255 255 207 255
    104 204 255 255 2 164 20 255 76 98 255 255 187 255 255 255 255 255 0
    255 255 255 255 255 44 255 255 255 255 150 255 156 255 255 118 236
    255 24 255 255 241 178 177 255 255 161 255 255 255 152 64 28 255 190
    253 64 255 255 255 255 255 255 255 255 26 238 239 239 255 255 40 62
    255 255 255 237 255 154 255 168 255 124 72 40 122 28 255 56 255 124
    255 168 255 221 80 255 255 255 160 255 156 62 255 255 255 130 116 18
    255 255 255 255 48 44 255 255 54 253 184 82 255 2 255 255 12 182 205
    146 102 255 172 255 2 227 206 255 255 255 251 255 56 255 255 136 255
    255 114 179 166 98 34 217 255 66 255 255 255 219 164 255 144 255 255
    136 255 30 126 8 24 66 255 227 255 36 154 56 94 255 168 255 40 255
    255 201 108 255 255 176 255 255 174 255 255 255 36 82 255 255 255
    194 202 255 237 84 48 255 255 255 255 224 255 255 38 86 140 255 46
    255 158 185 255 255 225 100 154 255 124 255 82 255 184 36 255 255
    205 54 194 255 215 255 255 255 60 150 166 255 243 146 216 197 255
    110 179 255 255 140 255 255 255 239 44 255 44 150 255 249 255 227 62
    156 255 209 198 179 241 70 255 10 200 255 255 40 255 245 220 193 255
    255 255 233 255 255 255 146 130 28 255 255 56 255 255 170 72 154 255
    104 255 52 224 62 249 255 255 154 255 144 68 255 255 48 255 255 255
    166 54 255 148 171 255 255 68 24 76 96 116 255 255 104 6 255 255 42
    255 255 255 255 255 102 132 255 255 255 255 80 82 255 255 255 146
    128 146 6 48 255 4 255 255 255 68 245 255 255 152 144 12 213 255 38
    66 255 30 179 122 255 255 62 240 255 255 255 255 114 230 205 255 94
    255 180 156 255 255 255 255 106 128 255 255 4 255 30 72 68 227 186
    255 176 255 62 255 255 203 255 86 114 90 255 60 255 255 255 255 230
    255 255 112 154 255 255 82 114 86 189 164 134 12 255 16 255 255 42
    80 255 104 132 255 196 150 255 96 255 255 255 255 255 255 30 255 10
    124 241 255 132 215 100 213 207 255 255 48 255 46 255 114 255 255
    255 241 255 255 255 255 36 255 255 106 255 198 220 205 255 0 255 255
    56 255 184 255 255 229 255 235 170 214 255 150 255 122 40 255 255
    255 255 112 255 72 255 182 226 227 134 220 255 255 255 187 42 255
    255 255 140 50 156 255 177 255 255 90 255 108 58 255 255 58 122 255
    18 118 210 255 104 255 255 255 255 255 102 188 255 255 40 144 102
    255 237 255 255 104 0 108 255 158 150 197 255 156 255 255 255 223
    255 148 78 124 192 72 146 255 255 255 255 181 84 255 211 255 255 197
    255 180 163 62 110 255 255 255 104 255 255 201 255 108 255 255 126
    24 255 255 255 68 194 255 223 255 217 255 14 255 217 255 255 128 8
    38 255 255 245 52 104 144 50 176 255 192 198 235 76 242 255 223 160
    6 136 134 92 255 16 255 255 4 255 255 255 46 150 242 86 241 255 94
    255 70 120 255 158 255 255 216 32 40 206 255 255 255 106 255 136 211
    219 232 255 50 240 255 209 255 255 255 255 255 255 255 255 188 100
    60 196 255 255 24 255 255 255 116 255 144 255 255 78 255 46 178 255
    64 172 255 46 255 255 112 255 136 130 255 250 255 255 255 255 255
    255 36 168 118 211 255 255 106 96 255 48 102 218 44 255 255 255 255
    255 247 255 255 255 219 255 255 202 82 255 255 255 46 255 255 209
    255 255 2 255 255 20 255 52 28 255 255 255 255 255 255 235 112 255
    176 255 255 144 244 193 24 28 138 22 255 255 255 255 124 255 120 150
    164 122 255 0 6 203 16 16 255 255 58 255 14 255 255 255 220 205 255
    102 173 255 74 255 211 255 255 255 255 211 245 255 255 255 255 68
    255 62 12 164 58 255 255 255 255 30 52 191 237 255 42 255 255 116
    140 196 225 255 255 215 255 255 255 255 255 255 255 166 181 255 116
    88 255 255 116 74 255 148 255 255 116 247 228 255 223 254 255 255
    255 126 172 255 0 255 84 255 255 170 201 255 42 64 96 92 255 255 198
    255 255 206 235 172 10 255 64 255 112 172 255 255 255 74 255 48 255
    34 255 255 255 182 234 195 213 255 255 255 255 88 188 255 255 255
    255 255 174 54 255 255 255 255 255 84 255 90 255 255 255 255 255 255
    255 10 255 255 255 255 255 78 245 6 56 82 184 106 16 255 255 255 234
    255 255 150 255 255 255 193 184 226 255 255 50 255 255 255 58 202 42
    128 255 118 255 176 170 154 255 255 38 255 70 255 255 255 255 255 50
    66 255 110 68 8 255 255 255 255 255 184 255 106 207 92 191 233 255
    255 255 78 158 255 38 60 255 100 26 20 250 255 138 255 122 140 82
    247 255 255 26 255 248 24 16 255 255 255 194 255 144 255 255 215 160
    255 255 202 255 96 255 126 172 164 255 255 255 255 74 255 255 255
    100 255 140 168 255 42 164 18 255 255 48 255 255 255 255 255 114 255
    198 138 100 142 255 156 255 10 255 255 179 255 255 161 255 255 191
    20 44 255 255 255 104 44 224 255 58 255 84 255 255 152 255 255 255
    255 8 18 255 168 150 196 28 229 130 208 74 114 255 255 176 255 221
    74 255 205 46 190 255 2 255 146 255 12 130 156 180 255 255 196 90
    255 255 255 255 214 255 120 192 32 255 16 255 255 174 255 130 218 76
    255 255 171 198 255 255 255 248 86 140 252 255 237 216 239 255 255
    255 134 30 255 58 255 255 170 255 255 24 255 140 255 255 255 144 20
    106 255 255 167 255 255 255 36 52 255 18 102 255 255 90 94 200 74
    144 255 255 82 255 255 44 255 255 171 255 255 255 255 2 163 255 226
    48 120 122 255 255 52 255 255 255 217 255 255 181 255 255 255 255
    255 255 112 188 134 148 255 255 50 34 255 154 56 255 8 255 255 80 66
    229 255 255 225 255 255 30 255 255 255 217 122 255 255 255 128 38
    255 255 144 255 18 106 255 36 255 255 255 255 255 243 255 38 255 255
    255 255 255 255 150 178 255 255 255 255 158 255 100 255 255 255 104
    255 255 191 255 182 173 255 0 84 190 255 255 255 255 36 255 255 86
    239 234 255 166 255 0 255 255 255 140 238 251 255 152 2 255 255 152
    255 232 255 243 255 227 255 166 14 168 228 255 0 255 40 172 196 24
    170 255 255 255 255 247 255 255 20 255 255 255 255 255 42 255 255
    255 239 255 82 255 64 255 255 255 255 231 152 255 255 255 255 255
    202 255 190 62 255 255 255 255 140 86 102 255 92 255 255 250 122 50
    255 0 130 126 251 76 255 82 170 255 255 255 255 255 46 255 38 88 255
    255 255 255 255 217 218 255 255 42 183 255 255 52 174 224 255 64 255
    255 8 255 211 60 108 255 200 255 253 237 255 255 255 102 247 255 44
    255 146 236 255 204 255 255 255 255 255 255 234 255 255 255 46 82
    116 255 154 255 255 255 255 255 255 188 255 211 152 255 255 255 255
    96 255 128 104 74 255 106 255 255 221 242 86 110 78 163 168 146 106
    34 82 255 255 4 209 255 255 255 255 86 255 255 255 255 104 60 255
    255 154 255 255 234 100 225 255 255 184 20 255 227 50 255 225 104
    255 150 196 255 255 122 142 116 255 98 255 198 183 221 212 255 225
    255 227 255 32 255 255 110 255 239 255 255 255 255 78 130 255 255
    255 62 255 30 156 34 194 255 130 255 255 116 255 58 255 255 255 94
    255 255 68 255 236 126 124 172 255 255 214 255 255 255 14 200 172
    255 255 255 24 255 4 8 206 255 243 255 255 243 255 108 255 219 126
    18 255 58 80 255 255 255 96 242 177 192 255 98 255 102 255 255 80
    255 78 255 255 255 255 255 255 190 215 255 255 255 90 228 48 255 18
    136 204 142 255 255 252 160 255 96 46 255 255 126 86 255 255 255 198
    187 209 250 253 255 110 167 255 255 255 239 86 255 255 255 255 255
    255 191 255 24 142 255 54 255 34 166 255 102 232 255 255 255 255 255
    78 239 178 180 150 255 90 58 154 230 167 255 242 255 66 255 255 221
    12 255 255 255 255 215 242 225 255 255 171 255 228 124 255 36 76 178
    216 255 126 246 160 255 8 225 255 255 255 146 170 26 235 120 255 158
    188 255 126 255 255 110 12 255 255 40 38 241 110 237 20 44 255 198
    232 255 106 255 247 209 12 255 72 255 255 168 170 189 255 76 255 30
    255 255 255 120 14 192 255 255 255 255 255 198 190 70 255 255 14 255
    255 217 28 255 255 255 214 235 50 82 197 235 158 28 255 255 52 247
    162 255 255 255 249 255 30 255 255 134 84 255 244 112 255 255 76 255
    255 255 255 50 80 0 255 255 255 148 136 8 250 255 255 36 255 255 84
    255 255 6 4 66 255 233 255 255 8 192 255 255 255 128 255 54 255 12
    255 108 255 255 208 181 255 36 82 146 255 255 166 255 255 255 255
    255 22 144 255 255 188 255 233 58 255 172 8 255 255 104 243 255 56
    255 255 156 231 255 255 255 200 255 128 22 232 255 255 232 209 255
    255 255 144 255 221 255 255 255 223 160 255 255 190 255 255 255 249
    255 255 255 255 18 221 255 255 0 255 244 154 255 110 255 198 98 255
    206 255 62 150 108 255 255 58 255 52 255 108 255 255 255 255 255 255
    255 255 255 255 255 255 255 20 233 255 242 255 176 255 255 162 62 16
    60 255 255 255 154 253 156 255 175 255 188 171 255 130 158 255 255
    42 60 108 255 255 255 255 132 64 255 86 102 44 202 255 26 255 178 92
    255 80 14 38 24 30 255 86 134 255 255 255 255 255 171 154 255 255
    255 255 243 255 255 255 255 74 255 255 255 255 255 98 255 255 255
    255 66 22 255 255 154 241 255 222 209 44 255 255 255 202 255 255 194
    54 40 255 255 182 255 245 235 192 237 255 255 12 255 255 255 255 255
    255 16 255 255 204 255 179 255 255 50 255 120 179 255 255 36 255 60
    255 80 255 255 8 255 122 255 160 255 255 168 255 92 52 8 255 255 122
    118 56 255 255 144 255 100 124 255 255 84 255 52 192 80 160 20 255
    255 255 223 56 255 255 255 234 255 255 255 255 182 242 255 255 255
    255 255 110 191 80 158 255 255 255 237 82 255 255 255 130 120 255
    168 255 255 255 44 176 62 185 255 142 24 255 198 255 255 168 150 255
    210 175 116 130 146 166 255 219 48 80 255 30 252 255 132 255 255 255
    255 255 88 255 124 255 255 199 180 255 255 255 76 255 206 255 112
    122 255 20 18 255 255 255 44 211 219 255 255 231 136 255 255 204 2
    60 10 255 94 6 255 255 42 229 213 255 243 188 255 229 255 255 255
    255 84 42 255 168 195 255 255 255 255 255 255 215 126 201 200 0 255
    255 32 102 255 102 189 213 255 255 255 232 62 184 118 163 255 198
    255 158 255 114 80 255 94 128 32 80 255 255 255 255 90 255 110 255
    255 255 255 189 255 76 255 255 255 169 255 255 255 255 56 255 255
    255 255 255 222 255 255 26 136 255 255 255 255 255 96 206 126 255
    255 180 84 26 255 255 72 255 255 255 174 255 160 204 2 255 144 255
    255 255 255 26 255 255 255 18 122 14 76 20 8 210 255 6 232 0 255 255
    223 255 255 229 255 255 255 255 255 76 255 242 255 255 255 4 255 138
    255 116 144 255 14 255 255 255 255 255 116 255 255 14 255 156 255
    255 181 88 255 171 255 208 255 255 255 144 186 255 102 255 228 255
    130 186 94 106 255 255 255 58 255 176 244 255 28 255 46 20 255 94
    255 116 255 255 64 255 30 158 255 237 255 72 146 255 255 255 255 255
    6 44 96 255 255 255 245 255 255 255 255 215 255 255 255 255 255 255
    84 255 10 150 255 114 204 255 255 255 255 231 146 62 120 255 114 255
    255 244 108 30 255 189 243 18 255 134 224 255 255 98 255 255 255 255
    186 208 255 255 188 255 255 6 255 94 255 255 255 36 199 217 255 255
    72 106 253 110 160 255 255 52 195 255 150 255 255 255 88 200 255 255
    255 255 207 255 255 255 255 230 255 18 196 255 255 74 201 255 44 255
    255 136 253 255 222 225 233 242 14 255 255 152 28 255 255 164 150
    235 126 255 255 255 255 255 108 255 106 255 142 255 255 255 255 154
    38 255 233 255 28 255 255 255 168 255 255 255 248 255 255 238 255
    255 8 82 255 255 255 255 255 130 166 255 217 30 42 255 64 255 104
    194 255 255 255 238 255 128 255 181 241 88 72 48 255 255 255 226 245
    112 255 94 255 255 255 255 255 255 255 176 98 255 255 98 255 38 144
    66 255 66 255 255 156 144 48 148 255 118 255 209 208 255 255 60 255
    2 255 255 2 186 177 207 56 38 36 98 255 255 88 66 251 204 255 176
    255 255 251 50 255 221 98 255 255 255 128 14 10 64 255 188 255 255
    84 255 40 255 203 255 74 255 192 255 74 108 255 84 174 188 88 211
    106 154 30 255 231 255 232 160 255 255 104 255 255 219 174 255 255
    255 255 255 221 255 255 255 106 255 255 214 255 4 226 209 14 255 243
    184 184 255 255 255 255 4 214 255 74 255 213 94 255 225 255 255 201
    255 32 110 255 255 255 10 255 255 206 114 88 255 255 158 255 255 112
    255 255 175 2 255 52 120 255 160 255 4 76 255 255 108 122 255 255
    255 255 201 84 255 110 162 182 161 255 72 235 209 148 56 170 255 96
    146 255 255 255 255 181 255 255 255 255 255 255 255 255 255 255 6 92
    255 150 255 12 255 255 255 144 84 76 216 255 255 176 255 255 255 74
    192 178 118 160 255 255 170 114 4 255 90 255 114 138 255 255 202 116
    176 96 255 255 94 255 255 120 255 255 255 102 255 255 255 255 255
    114 255 255 255 148 255 110 255 132 255 118 255 183 164 255 255 255
    122 154 255 160 255 42 255 4 255 102 255 255 248 255 184 228 197 255
    102 150 223 255 255 134 110 221 138 255 255 255 255 255 58 46 169
    110 255 255 255 218 255 217 255 42 92 114 118 16 255 255 255 255 16
    251 244 255 255 255 80 86 126 255 233 255 255 255 242 102 78 255 140
    160 255 72 20 255 199 255 255 255 126 255 213 255 166 203 100 255
    255 255 255 255 237 255 219 255 255 152 80 255 255 255 142 150 255
    116 255 36 204 177 120 255 255 255 190 197 190 208 2 158 52 255 80
    255 18 255 86 189 227 174 68 255 255 169 255 240 255 255 146 255 255
    255 6 120 158 26 255 90 2 231 255 255 184 255 255 156 255 118 255 40
    255 74 36 96 255 255 255 255 255 92 255 22 255 80 255 177 18 242 255
    245 255 255 22 255 161 36 255 255 255 255 130 255 255 255 36 255 255
    255 172 235 255 22 144 118 255 255 255 170 255 255 255 255 202 255
    102 134 196 207 92 164 255 255 236 18 239 255 255 255 255 255 2 232
    187 233 255 255 140 88 255 243 50 255 255 255 24 100 255 255 251 138
    219 186 255 193 255 36 70 74 38 42 255 216 52 176 94 255 255 255 255
    255 255 255 126 246 144 70 114 255 213 255 56 190 255 255 211 255
    247 255 218 255 255 255 205 255 255 221 249 255 171 16 255 255 255
    208 62 255 218 255 255 255 255 132 255 50 255 255 251 255 96 255 233
    255 255 255 255 88 255 255 26 245 255 4 255 255 255 255 184 255 255
    255 138 255 255 122 134 255 255 255 214 64 255 255 255 255 255 255
    231 255 229 255 146 255 184 154 118 255 216 255 110 255 70 36 148
    118 215 48 255 116 255 78 34 50 255 233 100 6 74 255 255 255 136 169
    255 90 50 255 255 255 255 218 255 251 130 255 255 106 161 130 104
    138 130 255 195 255 228 154 106 2 229 255 190 255 52 255 148 186 106
    255 255 255 255 174 255 14 255 56 255 255 4 255 255 0 229 34 255 243
    10 255 152 146 154 255 255 255 138 255 160 56 255 255 86 16 255 255
    255 238 255 100 255 255 255 74 255 40 138 255 255 104 255 204 168
    255 255 255 150 255 104 255 245 255 255 255 255 187 255 255 12 237
    255 255 255 72 255 255 255 255 170 170 249 255 255 255 255 154 227
    255 255 243 255 10 160 255 255 255 255 255 255 116 100 255 255 26
    255 26 255 255 28 120 255 56 255 255 255 182 203 40 174 120 207 255
    62 108 255 156 235 232 255 215 78 34 211 255 255 255 255 251 255 255
    255 229 255 255 255 180 203 52 255 124 255 255 32 255 255 255 255
    158 34 255 148 132 6 124 255 255 36 219 150 114 255 255 255 255 255
    255 44 255 206 255 255 212 108 251 192 154 255 248 84 58 38 255 74
    40 201 114 226 255 255 26 6 255 52 255 255 8 255 136 255 255 255 255
    235 255 186 255 255 255 231 255 228 255 255 255 255 255 0 255 150
    186 255 255 174 255 255 255 138 86 255 14 36 124 24 14 0 255 148 255
    255 96 24 255 80 255 255 255 255 48 255 250 255 18 166 18 54 255 239
    40 232 152 255 58 14 24 255 229 255 176 138 104 114 24 255 255 255
    255 130 70 26 186 255 255 255 255 255 178 255 255 255 255 44 100 255
    255 255 255 255 102 255 192 255 255 94 255 227 200 22 255 255 190
    146 255 255 193 156 36 255 255 102 177 255 255 255 255 22 183 44 255
    219 255 208 255 255 255 114 255 190 255 130 255 255 162 255 255 215
    255 136 255 238 217 56 102 255 255 88 255 40 114 183 255 255 255 253
    255 98 255 56 255 255 255 86 255 255 150 255 255 255 255 255 255 162
    255 255 255 80 255 255 160 106 255 255 255 196 255 255 52 68 255 255
    12 255 235 24 255 255 96 2 255 255 255 211 174 255 255 255 243 56 26
    205 152 255 199 255 255 120 48 54 165 144 202 255 225 56 255 255 255
    98 44 70 255 16 244 255 178 255 255 60 255 255 255 255 108 202 22
    255 110 255 255 22 184 255 255 255 76 231 255 181 54 255 86 255 255
    30 255 255 255 62 178 255 255 255 255 255 255 255 255 255 255 178 38
    255 122 140 255 255 255 255 8 255 2 255 255 255 78 28 255 0 136 255
    255 104 58 207 190 247 14 255 32 255 255 6 24 196 72 255 255 116 255
    255 229 255 255 152 255 255 24 255 255 255 255 255 255 255 255 255
    100 255 255 255 255 255 255 255 58 255 255 146 138 255 20 255 98 255
    241 82 255 221 112 22 8 255 30 255 255 255 132 255 42 255 246 229
    255 255 255 255 255 255 255 178 154 255 255 255 255 255 255 255 255
    255 46 255 255 229 152 66 255 8 255 255 232 144 255 124 6 255 255
    255 255 156 84 255 184 255 255 94 255 255 255 255 255 255 110 255
    102 255 255 202 245 255 255 255 74 56 255 255 52 44 255 250 148 2
    255 243 255 255 255 255 112 255 255 80 255 255 72 255 255 222 255
    255 255 239 186 255 255 126 255 225 231 204 20 106 120 255 255 56
    255 255 246 251 255 208 193 255 10 227 86 255 255 255 14 255 64 255
    255 255 255 255 200 224 163 255 255 68 116 255 62 164 214 205 255
    255 22 255 255 255 255 255 255 209 34 52 136 252 207 255 152 255 255
    224 42 255 255 30 255 255 255 114 255 255 46 255 181 255 110 255 198
    255 255 255 180 255 64 255 255 255 255 255 255 106 255 255 255 26
    207 255 255 140 186 102 245 142 84 88 76 223 190 8 114 255 140 255
    24 142 16 174 255 255 255 176 255 207 255 255 184 232 146 60 255 255
    255 16 255 239 255 148 48 255 88 172 255 199 255 255 118 255 62 88
    116 255 255 255 222 255 255 255 114 255 124 217 255 255 0 225 255
    217 136 255 255 14 162 144 78 122 177 200 68 255 255 255 179 102 255
    255 255 255 72 68 212 255 162 255 237 255 206 14 249 230 146 24 112
    68 241 218 255 96 255 255 130 255 14 54 255 213 255 20 92 255 140
    219 249 255 92 94 238 241 223 255 255 255 206 255 112 255 64 255 255
    255 12 10 179 255 255 32 255 216 247 255 255 150 132 255 255 255 255
    146 223 255 255 255 255 255 50 255 255 0 116 231 255 255 255 255 255
    116 209 255 255 176 72 195 255 100 255 255 186 78 251 200 255 255
    248 26 114 255 241 249 255 74 255 148 255 122 254 130 255 156 177
    255 255 255 44 108 255 231 255 255 134 255 10 255 136 255 156 192
    156 255 248 255 204 255 56 255 255 255 162 255 106 168 96 255 255
    230 255 255 12 82 255 255 104 255 255 255 255 255 255 255 255 86 255
    52 255 68 48 189 255 42 160 110 200 255 10 44 28 134 255 255 237 118
    215 217 194 255 82 255 185 255 238 219 255 255 134 255 255 142 221
    255 8 255 214 138 30 6 98 112 236 156 54 255 189 46 255 177 176 104
    255 255 255 255 100 4 191 46 255 255 255 255 179 255 255 193 255 255
    255 255 255 160 255 255 199 10 255 181 114 255 255 255 44 160 255
    255 165 223 255 183 255 255 255 255 130 82 160 140 221 162 255 255
    118 88 255 255 6 92 255 255 255 255 166 255 48 36 96 255 255 255 255
    142 239 4 255 255 150 255 255 150 30 50 255 178 255 243 158 255 255
    14 255 243 130 78 255 255 255 255 38 100 255 255 255 126 160 209 255
    255 175 255 255 255 255 74 217 255 124 189 255 255 233 253 255 255
    100 255 142 40 60 255 255 12 72 132 255 255 202 222 255 255 62 255
    255 172 255 255 6 207 255 240 102 255 130 32 30 255 255 255 204 126
    255 255 255 255 255 122 221 40 82 202 255 112 255 255 255 237 255
    169 28 255 116 78 140 44 255 156 108 255 108 100 255 255 255 32 158
    255 34 255 255 255 255 255 186 108 255 255 80 28 255 255 255 200 255
    150 54 255 255 255 182 255 255 255 255 132 255 161 241 255 231 255
    240 124 255 255 255 229 142 255 38 255 136 42 255 255 146 236 255
    255 128 255 98 255 255 255 244 255 255 6 173 110 240 255 255 255 108
    255 100 255 255 100 255 255 44 255 255 255 72 255 255 239 104 158 52
    213 216 104 255 255 255 255 255 255 164 166 34 188 255 255 255 0 191
    36 250 255 162 156 84 46 255 255 116 255 255 94 255 255 255 20 255
    255 255 114 255 248 110 253 255 255 34 6 255 194 255 54 204 46 255
    211 44 255 54 176 255 88 255 255 255 26 255 202 255 132 14 255 26
    255 255 28 28 255 24 255 222 52 108 255 237 247 255 124 194 255 76
    255 210 255 255 255 255 196 255 239 255 8 199 36 255 179 229 255 128
    138 255 255 106 255 217 211 255 255 255 255 28 255 255 255 255 255
    255 207 255 163 255 255 116 255 255 255 206 52 255 255 255 48 255
    255 255 255 255 255 142 255 247 255 96 255 255 132 118 255 255 140
    215 150 219 255 190 181 255 255 255 82 226 148 255 255 10 211 255
    185 10 255 255 255 255 205 255 255 76 84 255 255 247 72 106 255 14
    255 255 255 255 239 110 132 255 255 255 233 255 255 255 255 255 255
    236 255 80 255 191 253 255 96 170 255 177 34 4 255 223 130 163 40
    255 30 78 255 193 92 255 106 102 255 152 66 158 12 249 255 255 88 28
    255 174 40 255 50 255 82 174 148 255 12 255 255 255 246 0 235 154
    255 170 255 255 170 255 255 255 246 255 255 102 128 217 42 255 138
    36 255 64 255 4 255 255 255 166 255 255 255 212 255 255 255 255 148
    255 239 255 255 28 255 124 146 54 164 219 255 20 255 255 146 86 80
    172 255 255 136 255 255 228 4 255 236 255 255 40 179 255 255 255 255
    255 255 80 255 255 4 255 169 255 255 255 219 255 255 255 255 255 255
    255 255 255 255 102 255 255 50 130 212 255 170 255 255 10 255 98 255
    255 255 255 152 146 50 255 255 58 140 255 255 178 120 255 112 255
    255 4 165 190 86 255 22 40 255 255 124 255 255 0 86 146 255 255 40
    255 255 253 255 255 255 20 255 4 204 255 86 255 255 64 255 255 16
    255 203 206 255 134 28 255 217 118 255 136 128 255 18 255 255 20 120
    255 128 227 255 255 255 255 255 48 255 72 255 62 207 255 255 255 146
    76 255 255 72 2 255 255 255 255 64 255 34 96 255 255 255 78 255 255
    36 255 255 72 255 255 28 255 255 255 12 252 255 156 198 78 90 64 84
    176 255 255 182 202 255 196 236 122 255 234 241 134 78 165 8 186 255
    255 180 255 152 218 255 255 140 255 255 255 128 52 134 124 162 126
    255 253 100 112 255 255 2 82 66 56 231 255 231 255 152 118 249 144
    217 255 255 68 255 255 142 255 255 187 174 255 42 255 78 255 94 124
    255 130 152 255 114 255 2 255 255 255 174 255 8 221 255 161 116 255
    165 255 255 255 255 255 255 255 255 249 182 214 255 255 122 48 140
    255 255 223 146 181 255 214 255 255 34 255 255 255 116 255 255 255
    223 255 132 255 118 112 118 100 255 255 255 183 255 190 130 24 208
    251 255 174 255 255 255 255 255 230 255 192 54 126 144 86 255 28 255
    255 88 255 173 8 164 217 10 255 255 255 255 255 255 255 255 204 200
    255 255 100 189 255 255 255 255 255 255 255 36 255 255 224 255 255
    255 84 132 242 74 255 255 175 34 196 245 2 255 255 76 255 251 176
    244 255 14 22 255 112 44 255 211 176 38 40 176 255 92 232 255 255
    255 255 255 255 255 255 14 255 36 206 82 219 255 255 200 255 104 76
    166 50 255 255 255 255 255 255 152 255 195 255 116 255 255 214 173
    255 255 255 255 74 255 255 255 255 255 70 20 209 255 255 255 255 251
    144 255 142 255 255 50 255 86 255 255 18 110 255 255 255 255 255 255
    255 255 255 255 255 16 255 255 150 2 255 255 255 255 70 170 255 255
    50 255 255 170 255 255 92 255 201 255 92 255 255 255 255 255 255 255
    255 156 255 255 255 167 255 255 255 156 174 255 114 154 255 255 168
    245 96 255 92 80 184 199 255 36 255 255 72 52 255 255 92 255 255 120
    12 255 255 255 152 150 255 214 255 255 255 255 255 255 255 26 255
    255 138 255 56 255 116 205 255 255 255 255 255 255 36 255 134 0 72
    189 0 82 255 206 255 16 98 255 255 255 170 48 190 12 255 249 130 211
    255 255 2 28 255 24 255 122 255 128 46 255 148 186 179 243 255 110
    255 255 255 255 255 213 255 20 64 108 255 154 160 255 30 138 255 255
    114 255 255 58 146 163 106 44 88 255 255 255 74 198 255 102 144 58
    22 58 255 243 255 255 255 12 132 255 255 255 138 58 255 255 255 233
    255 38 191 62 128 191 211 255 92 180 255 255 44 62 255 255 255 255
    20 255 255 255 158 24 12 160 255 255 214 255 255 134 255 255 116 255
    6 255 255 255 255 255 104 255 255 255 70 255 46 226 88 255 242 255
    255 255 88 219 26 255 255 255 255 255 128 54 126 140 219 8 255 255
    206 122 134 255 52 40 255 118 255 255 255 94 229 255 255 225 255 255
    255 8 255 92 100 255 255 255 28 255 255 14 255 255 255 42 218 116 80
    255 181 18 128 255 156 230 16 255 255 203 255 144 255 255 255 251
    255 255 165 217 70 255 255 255 122 198 255 255 52 255 50 255 255 110
    255 255 167 255 46 114 237 232 104 255 26 255 255 150 255 251 190
    112 196 32 205 64 255 2 74 156 255 255 255 34 255 255 227 8 255 179
    255 168 110 255 255 255 255 255 152 255 255 255 50 148 255 24 255 54
    48 158 255 255 180 209 255 160 225 112 255 255 28 90 221 178 255 255
    102 255 255 217 98 255 255 255 96 122 116 106 245 198 132 255 2 26
    255 255 255 255 255 4 255 255 255 255 255 255 255 194 150 82 255 138
    255 226 255 255 255 255 255 150 187 62 255 255 124 166 255 174 76
    213 255 255 181 162 255 255 128 126 255 255 255 96 255 178 231 255
    255 34 255 58 12 255 255 255 255 255 237 255 76 40 6 255 255 255 58
    255 255 88 255 96 255 255 255 204 130 255 255 255 253 44 201 42 24
    122 158 16 213 128 206 255 16 255 169 223 74 225 50 2 160 255 255
    255 213 255 255 255 16 126 255 255 255 14 92 255 255 255 10 255 82
    207 255 255 86 255 255 124 142 255 110 255 255 185 225 190 253 182
    255 255 255 72 255 255 255 255 170 158 80 60 255 142 104 188 177 253
    100 255 219 186 241 118 218 255 255 190 255 241 232 255 255 255 255
    170 236 24 255 255 255 255 226 72 158 208 54 160 255 255 96 34 255
    207 78 247 249 34 255 136 152 255 255 255 191 90 172 203 138 220 255
    26 232 255 0 255 255 172 255 80 255 255 28 255 202 255 255 234 18 10
    118 255 255 170 255 255 78 108 30 162 255 255 108 255 255 255 255
    156 134 255 255 36 237 255 255 255 52 20 255 16 158 255 255 255 255
    255 0 70 108 255 255 255 246 253 255 255 163 255 28 24 255 86 255
    150 254 255 28 242 253 255 246 255 255 118 94 255 152 154 56 255 215
    0 18 255 4 255 179 255 255 255 64 255 255 64 132 44 12 142 201 255
    255 255 245 236 255 66 255 110 64 255 255 255 72 255 255 255 235 255
    255 255 160 104 255 156 34 173 192 255 22 255 44 66 255 255 94 134
    68 237 112 148 118 255 255 124 166 255 171 255 255 255 64 106 80 245
    255 255 255 28 255 56 194 255 190 255 255 255 255 255 255 184 38 126
    232 255 255 66 227 140 255 249 104 36 255 255 250 98 255 82 60 10
    255 255 255 255 255 255 255 255 255 255 255 255 236 112 255 36 255
    94 255 255 255 132 255 255 255 255 255 72 126 42 255 213 255 255 255
    255 20 255 255 64 255 112 6 255 255 118 255 100 255 255 255 84 255
    255 250 255 88 124 255 255 16 255 225 154 255 255 255 255 138 10 209
    32 255 255 255 142 255 38 255 255 255 255 255 255 190 255 255 255
    142 178 255 255 255 255 48 78 255 255 255 218 255 255 26 255 255 255
    82 255 255 229 255 94 255 184 255 255 4 92 255 132 255 142 243 255
    255 100 254 36 98 76 241 16 255 124 253 60 255 100 126 213 255 255
    255 88 170 255 255 255 173 50 255 255 221 255 110 255 255 6 106 255
    255 202 12 32 60 230 255 206 234 134 255 255 255 126 255 255 255 178
    110 255 255 255 255 255 189 255 32 102 10 116 255 255 255 154 255
    255 201 255 255 144 255 108 255 154 234 255 255 28 189 50 216 138 46
    255 255 255 255 0 64 255 249 255 255 255 78 255 68 233 78 146 255
    188 106 255 255 116 243 255 255 32 255 255 100 30 20 255 255 86 96
    182 70 255 180 136 255 64 173 158 12 165 196 255 24 255 184 255 76
    32 255 255 34 255 255 255 209 239 255 255 217 250 255 40 186 255 255
    255 255 255 134 255 118 228 0 198 236 255 78 82 255 102 255 255 52
    190 78 255 255 183 255 255 183 150 255 255 255 255 233 255 255 255
    86 96 146 255 172 255 255 255 255 70 255 24 6 66 255 255 255 255 172
    40 160 225 255 255 66 146 255 255 255 255 255 255 40 255 255 6 112
    255 255 64 124 52 82 255 255 90 255 229 112 156 255 255 18 255 255
    36 255 255 150 255 255 146 255 116 255 255 255 255 171 247 166 48
    255 255 255 255 96 124 255 36 20 255 196 42 255 192 124 249 255 62
    255 90 237 98 255 48 96 255 255 178 255 255 198 166 211 152 255 239
    20 48 255 255 42 255 255 216 255 255 182 255 194 255 255 223 30 255
    255 54 58 255 255 60 255 255 255 192 10 255 255 255 255 84 232 255
    255 255 255 255 255 60 255 106 255 213 228 150 255 194 255 249 80
    255 239 0 255 174 210 165 255 62 255 255 255 161 207 220 132 26 92
    255 66 224 118 82 255 229 223 52 255 84 255 128 255 86 255 20 238
    106 255 232 207 255 255 255 233 244 237 255 190 255 30 206 255 251
    255 255 90 255 88 255 124 255 255 236 58 255 255 255 223 255 102 48
    255 38 255 255 255 255 255 255 255 34 98 219 200 255 142 255 255 110
    255 255 255 14 18 194 255 255 98 255 255 209 255 255 46 248 255 100
    255 6 140 255 14 255 10 235 150 255 96 255 186 112 255 255 255 255
    18 255 255 108 197 255 255 255 255 255 255 255 106 255 255 24 255 4
    228 132 86 255 86 40 140 233 12 132 255 134 200 255 255 255 122 100
    154 255 255 255 70 255 255 255 158 255 255 255 246 255 255 255 229
    255 255 156 152 112 152 255 26 255 4 0 255 22 255 161 255 160 12 150
    255 38 255 66 255 58 244 58 46 252 235 34 202 213 255 255 4 188 255
    219 10 255 255 90 4 255 108 255 28 255 156 255 255 255 255 80 255 38
    8 12 40 84 255 142 96 255 227 255 255 88 255 255 255 80 198 128 255
    140 219 255 255 231 255 255 255 255 255 154 36 255 255 255 255 34
    255 74 255 255 255 14 255 255 255 126 70 255 100 178 203 247 20 255
    255 255 58 20 198 110 211 255 255 255 255 255 255 50 255 255 154 189
    26 255 150 255 234 227 36 255 255 255 255 185 190 82 255 60 162 14
    255 108 255 255 255 255 223 226 255 255 255 209 255 255 199 255 186
    173 255 255 158 112 255 255 255 218 255 108 134 169 255 255 255 255
    102 130 255 204 52 255 2 255 124 255 255 52 255 215 255 20 223 66
    248 255 142 255 255 255 255 120 255 255 84 255 44 165 8 106 255 192
    255 122 253 255 255 44 255 249 122 46 255 60 255 255 255 255 245 192
    255 255 255 158 237 255 255 171 255 22 102 247 255 40 148 182 255
    241 236 255 255 158 255 255 170 56 255 255 44 255 255 6 192 255 28
    255 255 255 255 255 66 40 255 255 255 255 106 255 142 199 255 118
    211 255 255 255 255 255 255 255 110 185 255 188 199 62 255 78 52 194
    255 255 255 179 221 150 255 255 255 255 215 96 255 64 255 70 198 255
    104 144 255 142 233 255 241 255 255 187 255 232 255 48 255 24 239
    255 255 255 180 195 255 255 249 114 255 255 48 186 255 138 255 239
    48 255 255 88 242 116 166 252 255 255 20 255 170 244 243 80 88 255
    42 136 16 255 255 124 166 18 255 255 132 255 255 255 255 164 38 189
    255 255 219 255 255 167 209 94 255 255 222 255 255 38 243 255 216
    255 180 255 177 255 255 255 50 255 255 142 255 255 255 72 255 255 14
    106 136 255 255 104 114 58 255 255 255 255 56 255 243 94 231 255 72
    42 255 255 183 152 20 122 194 122 179 255 255 255 164 255 255 36 54
    156 255 28 255 255 178 169 172 134 255 24 255 255 44 96 78 255 198
    94 229 255 247 255 255 255 166 255 173 8 42 255 253 255 255 255 255
    255 255 255 255 229 255 130 255 255 255 255 255 255 255 255 255 198
    255 255 18 192 227 206 255 189 36 82 52 255 80 255 14 234 255 164
    255 18 72 214 255 255 255 146 134 255 42 192 255 255 247 255 245 160
    168 98 122 255 66 128 94 12 255 10 255 96 204 203 255 255 255 255
    132 104 255 255 124 255 12 150 98 34 255 124 255 255 68 162 255 255
    255 255 255 52 255 225 255 255 24 255 255 30 255 255 168 255 255 255
    44 6 255 146 165 255 255 255 255 56 255 255 244 255 255 46 255 251 8
    185 46 255 132 225 255 24 98 255 189 255 240 64 24 188 255 178 210
    150 255 250 255 255 140 255 255 24 255 72 255 189 255 255 189 255
    240 144 42 255 255 110 255 255 211 255 255 160 8 255 200 162 255 255
    154 235 255 206 72 255 90 52 255 255 106 255 255 130 76 214 255 255
    255 102 42 255 255 255 106 255 164 255 255 78 255 249 170 255 26 255
    144 124 0 255 255 255 242 132 255 78 241 86 186 92 255 255 255 255
    72 211 44 206 237 42 255 255 255 48 255 255 100 255 255 112 148 255
    144 255 255 104 253 255 255 183 66 255 112 104 255 255 255 255 126
    192 255 255 255 255 255 68 255 146 255 198 255 255 255 102 22 255
    255 114 104 255 255 255 255 255 255 26 255 255 255 255 140 78 14 14
    148 207 92 88 213 184 86 26 255 255 255 255 255 255 32 255 194 255
    173 255 30 154 255 255 255 150 198 110 255 255 255 255 255 199 219
    255 70 36 255 255 255 16 255 255 108 255 255 255 46 66 8 255 255 212
    235 255 80 221 22 255 255 116 255 255 20 192 165 18 112 255 255 255
    179 72 24 231 255 62 24 34 184 201 255 124 52 255 72 255 64 255 255
    255 212 38 104 178 255 255 255 255 12 178 6 255 62 193 18 255 255
    255 182 255 255 76 255 255 206 146 255 50 255 255 220 146 122 42 255
    245 255 255 186 255 193 255 70 32 206 172 92 255 255 255 112 8 255
    54 158 195 2 255 255 2 255 90 255 255 255 22 255 255 144 255 183 239
    255 255 198 255 255 255 255 20 255 255 171 255 26 126 168 255 110 12
    28 255 255 40 26 70 62 255 64 255 86 172 84 134 184 32 255 241 242
    255 255 24 255 255 255 30 255 255 255 255 255 255 255 148 255 130
    255 193 100 255 241 0 255 255 50 136 92 255 178 96 219 108 0 38 255
    205 6 255 2 12 255 26 255 40 255 255 64 169 194 255 255 255 255 90
    229 14 140 255 190 104 194 134 100 255 232 255 255 238 243 6 255 44
    255 160 235 136 255 22 255 104 231 255 78 255 255 255 122 255 255
    245 168 255 28 255 190 156 54 202 160 80 152 255 255 255 150 255 94
    255 255 255 42 255 255 255 46 120 255 118 255 255 255 255 68 255 62
    255 90 182 255 136 238 90 255 124 255 98 255 205 140 255 68 104 255
    237 255 255 255 14 146 32 44 6 255 233 255 207 108 42 142 136 50 48
    255 42 221 192 82 110 255 210 209 255 255 84 255 254 78 255 208 138
    136 255 255 255 98 255 48 246 255 255 255 140 255 102 78 182 255 255
    235 44 255 223 255 154 170 190 22 255 255 247 255 118 255 10 188 255
    255 255 98 255 255 255 136 255 148 255 255 253 221 255 46 255 40 255
    255 166 255 68 72 201 255 154 132 255 255 255 255 246 68 255 118 199
    164 120 255 255 246 255 56 255 56 255 82 165 255 255 255 255 98 72
    255 82 152 255 255 255 255 255 92 140 255 255 176 178 150 255 255 76
    255 255 255 54 255 255 255 255 255 255 255 255 178 108 217 255 255
    136 162 255 60 162 212 203 255 250 255 255 255 255 255 255 12 6 154
    255 255 255 221 255 255 255 76 134 255 255 255 189 20 255 255 225
    154 255 88 255 255 249 52 255 255 255 54 255 255 207 255 255 255 255
    92 255 255 255 255 255 76 134 227 122 68 68 255 255 138 198 44 255
    142 255 255 255 255 116 192 255 255 255 255 140 255 255 255 255 78
    78 2 148 200 26 225 207 255 255 255 126 255 255 70 255 176 255 106
    255 255 146 255 255 255 174 66 10 255 255 132 122 255 199 184 255
    122 255 232 255 126 236 14 255 255 255 200 255 255 255 14 255 255
    255 255 74 110 68 255 255 255 174 128 255 255 255 255 255 190 255
    255 255 255 100 255 88 54 255 217 104 98 219 48 120 255 255 238 255
    235 202 211 255 255 173 206 122 255 255 255 144 160 224 209 255 36
    255 255 255 205 132 118 243 239 255 255 184 255 60 124 60 255 255
    146 32 162 255 92 219 255 233 245 255 255 213 255 203 22 255 185 223
    255 255 255 90 239 255 255 165 255 206 255 42 255 118 219 22 255 255
    70 255 255 255 255 14 124 108 219 124 28 150 255 253 188 255 255 30
    250 116 255 68 199 255 255 189 255 255 82 255 152 255 255 174 173 20
    146 255 255 255 231 255 255 207 255 50 22 255 255 255 243 255 255
    211 255 255 88 255 255 42 96 213 62 255 92 48 255 98 255 198 255 255
    255 255 106 132 255 221 66 255 255 255 255 22 255 249 255 204 70 255
    140 225 14 22 0 255 255 255 255 176 255 255 164 2 68 255 255 204 255
    255 180 255 175 30 42 255 239 255 62 255 72 108 223 255 255 255 255
    80 255 48 237 8 116 247 94 120 158 204 94 64 164 12 150 213 255 255
    255 162 68 6 255 124 255 255 98 60 42 255 116 38 255 186 106 255 106
    160 116 14 255 185 30 255 255 26 136 34 118 242 142 255 126 255 255
    28 255 72 255 207 2 255 255 255 255 64 40 250 255 70 255 16 243 255
    255 255 255 32 46 224 231 255 66 255 255 255 181 253 50 255 176 152
    255 184 246 185 247 255 163 255 232 255 68 200 227 10 106 255 16 255
    169 255 30 171 227 218 255 255 112 74 116 216 8 241 255 255 200 204
    255 255 170 255 255 56 255 245 255 124 255 255 255 255 166 134 76
    255 255 136 255 223 255 250 255 209 194 255 255 255 156 209 94 255
    255 255 255 255 250 255 255 255 255 255 255 150 255 100 255 255 255
    237 72 255 255 52 255 201 255 118 136 162 255 255 255 255 64 225 108
    219 255 255 255 16 255 255 255 255 106 190 14 181 255 70 126 16 168
    255 255 255 255 255 128 255 255 112 255 255 255 255 82 255 161 44
    255 255 255 226 255 206 76 110 255 86 255 231 255 120 30 255 154 124
    255 255 255 204 36 32 94 185 237 6 96 255 255 255 255 138 120 22 255
    255 2 255 165 98 255 255 255 18 72 255 255 64 251 40 255 255 124 255
    156 255 255 74 160 227 255 255 255 255 255 195 255 74 255 255 255
    255 50 255 165 255 255 255 64 255 154 255 224 255 255 182 6 255 156
    18 255 116 255 207 255 108 100 148 255 255 144 255 255 108 175 168
    255 255 255 100 255 206 255 255 255 186 255 255 255 185 52 255 165
    255 255 255 255 194 255 188 166 255 207 150 215 255 42 255 62 255 90
    229 255 255 255 255 32 255 255 86 255 255 18 70 80 128 255 60 88 255
    255 255 243 162 255 255 255 255 255 46 0 255 255 255 255 255 255 122
    255 255 202 255 156 255 240 255 255 255 92 255 236 255 22 255 225
    221 104 255 221 74 255 100 174 255 255 255 30 0 46 183 255 255 255
    255 255 140 255 34 255 255 232 255 255 110 193 255 248 251 241 20
    255 255 92 98 243 255 255 166 220 80 255 255 255 200 166 18 202 52
    227 255 255 94 255 76 255 255 180 34 54 64 90 211 230 255 255 255
    255 255 255 130 128 255 78 255 88 96 28 162 144 255 52 255 168 255
    255 255 148 32 255 98 255 122 255 255 190 255 195 239 174 255 72 255
    183 255 232 255 255 230 90 255 255 255 130 12 189 255 58 255 255 88
    183 66 255 42 255 255 255 68 255 255 253 255 255 255 255 255 255 255
    86 221 116 142 0 234 255 18 255 255 255 255 66 255 66 255 255 72 44
    102 255 255 255 208 245 22 255 181 166 100 255 90 4 255 88 255 255
    255 16 255 130 232 150 82 255 237 255 88 255 255 216 197 255 255 255
    20 248 255 124 102 255 6 255 255 92 96 255 255 130 255 255 255 187
    255 255 255 54 72 255 255 255 255 202 254 255 255 255 255 255 255 74
    255 255 255 116 255 255 78 36 255 255 46 130 255 255 134 255 255 158
    255 118 255 255 255 255 255 162 255 56 255 158 122 255 255 255 255
    255 132 255 255 28 100 255 255 255 160 192 204 94 243 214 66 94 255
    148 255 255 255 255 8 175 255 255 255 209 255 8 255 255 255 215 255
    255 180 0 0 255 42 255 34 90 10 255 94 255 88 255 255 243 92 72 255
    176 98 255 4 64 192 190 130 255 255 255 52 255 255 255 255 255 128
    192 124 231 255 26 184 154 253 128 255 56 255 255 160 255 32 255 245
    166 255 255 104 255 52 166 255 255 255 255 255 118 255 255 226 255
    245 204 94 247 255 187 255 194 255 24 255 255 255 255 255 106 44 48
    88 254 48 38 200 235 164 118 255 255 66 148 66 255 209 255 255 247
    130 108 255 255 120 255 184 220 255 245 246 140 58 184 32 255 255
    255 255 255 255 255 230 132 255 255 211 255 174 144 255 182 154 118
    52 42 255 255 12 255 255 187 255 140 255 255 254 163 10 255 70 251
    70 255 255 112 255 235 255 54 128 255 90 14 50 241 74 255 255 255
    208 122 96 36 255 255 255 255 255 20 255 52 255 255 255 46 108 255
    20 138 255 255 44 255 255 62 255 255 255 255 234 255 255 255 255 255
    194 140 255 210 255 255 255 255 196 255 255 255 255 255 255 255 255
    36 210 255 255 255 78 255 204 181 255 255 42 255 255 197 30 116 58
    255 118 34 52 130 227 150 255 255 255 206 255 134 255 40 192 6 255
    116 134 116 213 186 255 255 74 255 255 255 255 4 202 102 40 255 255
    255 86 255 134 202 255 255 98 183 255 255 229 221 18 126 235 255 209
    255 255 255 255 255 0 96 255 255 255 252 255 255 88 255 152 56 255
    255 216 255 249 216 255 52 220 255 255 255 70 255 255 255 140 255
    255 255 255 255 98 255 255 255 255 154 255 154 255 219 160 255 255
    20 229 180 255 255 255 255 255 255 255 74 255 206 136 146 176 20 164
    42 122 255 255 255 255 255 205 255 255 255 209 255 213 255 255 134
    74 255 255 144 134 154 70 140 255 255 216 255 233 164 110 158 226 94
    255 255 255 255 44 255 46 4 205 162 96 144 34 255 255 166 174 255
    255 62 255 70 182 255 255 8 255 255 6 74 255 112 255 62 255 116 255
    255 255 68 255 255 213 250 255 255 255 10 255 136 211 80 242 255 255
    255 177 255 76 18 255 112 84 255 212 255 255 255 255 255 255 255 164
    156 255 28 255 255 255 24 255 247 166 124 255 255 235 6 255 255 76
    255 255 255 255 102 255 0 56 255 92 255 255 66 146 255 10 171 36 148
    199 255 255 255 207 255 255 255 240 56 84 255 255 227 152 255 255
    255 62 120 102 243 207 6 132 118 98 124 255 255 195 0 238 255 255
    255 255 255 174 255 255 18 255 255 255 255 40 230 187 80 134 167 255
    255 255 255 255 239 255 255 255 211 255 64 255 38 128 82 162 201 198
    238 255 255 255 255 255 170 18 255 124 255 106 255 255 136 68 255
    255 255 96 255 232 229 255 170 255 209 34 255 62 255 116 255 255 255
    204 255 203 192 74 255 255 255 72 255 255 106 255 116 20 207 255 255
    255 176 146 255 250 231 255 232 22 202 255 152 136 2 110 255 255 255
    255 255 255 0 255 233 255 254 136 255 4 255 255 255 163 132 255 255
    52 255 255 255 255 255 255 255 30 80 255 16 124 255 255 100 255 255
    255 120 80 42 116 255 255 255 40 20 255 255 154 255 48 98 22 255 255
    156 255 255 255 169 255 234 10 255 130 255 70 72 255 196 255 4 225 8
    255 255 76 255 255 16 247 184 196 251 110 255 247 255 255 255 255 64
    255 50 44 62 122 2 78 255 255 255 80 134 255 255 82 126 130 66 66
    255 114 255 204 194 255 255 255 215 16 255 255 64 255 18 255 255 255
    255 255 140 255 242 255 255 198 255 255 204 24 255 255 247 255 166
    58 255 136 201 80 82 255 255 255 255 255 255 255 255 255 255 30 255
    255 255 255 183 255 44 78 24 255 247 136 28 255 255 164 78 124 62
    193 229 255 118 136 255 255 255 224 255 255 98 94 255 255 96 251 255
    118 233 255 255 233 255 255 241 70 64 255 98 169 206 255 144 78 178
    237 88 255 215 180 255 255 52 32 58 255 46 255 24 255 171 42 88 255
    221 182 50 255 255 255 148 30 255 255 216 221 24 154 255 233 255 255
    162 124 255 36 110 255 58 255 235 48 255 255 122 222 241 255 255 10
    255 255 255 255 124 175 178 255 116 255 255 255 255 255 229 255 255
    255 204 200 177 255 74 255 255 255 50 90 236 38 176 238 255 209 255
    255 16 224 255 128 52 20 223 48 56 255 255 102 255 30 255 116 188
    255 255 188 255 211 255 56 213 36 161 66 255 223 255 255 255 146 124
    255 255 255 255 118 26 58 255 255 255 227 50 223 217 255 76 72 146
    140 200 4 255 247 60 12 30 255 255 255 100 112 255 154 255 255 96 50
    32 255 30 213 255 255 255 18 255 80 52 4 255 144 150 134 255 255 255
    38 255 255 184 108 255 255 255 188 255 8 18 255 110 255 170 8 255
    255 66 44 118 255 255 255 255 4 255 62 255 142 255 134 255 50 255
    146 255 148 255 255 178 24 6 204 138 10 255 4 255 50 255 255 74 255
    255 255 255 255 255 176 255 152 86 255 255 255 56 190 255 255 46 255
    255 128 164 114 18 255 255 215 216 161 255 255 118 166 255 167 255
    255 255 255 78 144 255 64 255 255 250 255 255 255 255 204 68 140 134
    255 255 255 255 255 76 76 255 116 158 12 255 255 255 255 255 255 229
    6 4 255 68 181 255 22 255 255 138 255 36 106 255 255 146 146 255 255
    255 68 255 72 255 255 167 255 255 255 174 72 255 255 222 201 32 238
    46 255 18 255 132 166 132 255 255 255 176 234 255 255 54 72 255 42
    70 255 240 255 255 224 8 84 255 64 28 128 255 255 255 255 0 255 110
    255 255 255 190 255 44 8 255 255 247 212 255 223 255 255 200 255 255
    58 120 148 255 0 255 255 255 255 20 255 255 247 255 148 98 202 60
    168 254 255 52 255 6 68 186 70 184 255 122 178 74 255 255 255 255
    255 60 60 138 198 255 80 224 255 122 255 138 255 255 197 221 255 20
    255 255 116 12 255 44 255 255 86 255 60 255 255 230 86 40 124 148
    255 180 255 255 255 255 255 255 22 255 134 255 50 255 247 114 140
    255 255 2 255 204 100 245 180 255 255 180 12 255 255 22 255 255 250
    255 146 56 181 255 156 255 30 20 148 255 156 104 56 52 70 88 228 144
    42 24 235 255 255 68 255 255 255 255 194 255 255 255 116 255 72 219
    66 12 229 255 130 255 255 232 255 255 255 158 255 240 255 255 198
    207 255 250 255 255 255 255 122 255 255 211 255 165 239 255 255 148
    255 255 255 255 255 255 255 255 255 255 134 255 255 255 16 255 255
    76 8 255 6 88 160 255 18 42 255 196 88 255 255 255 190 92 255 209 30
    30 14 56 255 255 174 235 255 246 255 104 255 255 206 112 183 255 180
    255 112 20 20 202 255 255 255 210 84 255 78 255 178 198 255 255 68
    225 112 38 255 114 10 255 8 8 255 2 220 255 114 255 8 255 124 2 255
    255 255 255 224 110 112 140 255 90 30 62 229 242 247 255 200 255 126
    130 165 255 255 229 255 255 173 150 10 255 255 148 118 247 255 255
    162 255 30 34 255 255 255 255 60 124 0 255 166 172 255 233 56 255
    255 136 255 255 122 255 116 148 255 255 246 255 38 255 64 255 255 84
    255 150 28 255 255 102 239 26 32 130 255 20 231 255 165 60 90 255
    231 255 211 255 202 255 211 218 255 215 174 199 38 255 195 255 168
    255 54 255 173 90 30 255 255 255 34 239 170 72 255 20 255 188 192 54
    255 200 229 255 0 209 255 255 255 56 190 255 255 255 14 82 255 98
    194 255 128 255 178 255 255 0 255 154 202 255 255 0 76 255 104 255
    48 130 255 66 255 255 255 80 255 52 255 78 255 255 255 255 58 106
    255 202 255 255 255 255 166 248 255 255 255 255 116 104 158 255 144
    255 255 138 255 74 255 255 255 255 116 255 72 255 255 255 255 255
    236 211 255 52 255 255 255 36 255 255 255 255 255 255 44 255 156 255
    255 255 184 102 124 255 190 165 255 150 124 255 122 70 255 255 199
    58 236 34 255 255 255 213 255 255 255 255 255 255 82 161 255 204 255
    255 255 255 249 6 255 255 255 116 56 230 255 60 244 82 46 255 255
    154 255 255 255 255 187 227 255 6 96 236 219 255 134 255 213 206 247
    96 86 130 104 8 124 255 255 126 20 255 255 255 255 255 255 255 154
    255 255 146 249 52 88 182 255 255 12 255 255 219 255 255 86 172 247
    136 255 94 142 128 96 255 255 255 255 144 205 255 20 173 255 255 187
    58 255 183 255 255 233 217 255 181 255 84 96 255 255 128 146 110 255
    198 255 255 172 188 96 146 32 26 255 255 118 255 64 255 255 255 255
    255 218 30 180 255 255 219 138 255 255 136 255 4 76 255 255 30 255
    209 244 255 170 90 245 255 188 255 255 255 16 255 255 255 213 255
    221 40 255 255 168 255 255 154 255 154 30 255 114 255 255 80 4 255
    122 2 255 255 255 128 38 243 255 255 94 255 255 255 255 255 255 204
    225 72 54 255 104 88 243 255 255 255 255 240 255 255 255 2 239 106
    64 255 255 104 255 150 255 255 76 255 255 122 128 188 42 207 255 255
    255 255 180 96 198 78 42 106 255 255 158 18 76 255 255 255 255 34
    255 166 255 255 50 168 255 255 255 255 178 6 68 48 255 255 255 26 48
    251 190 255 227 255 255 251 255 158 253 10 86 146 200 50 104 92 64
    233 212 179 255 255 66 255 36 255 251 186 255 255 255 255 130 255
    255 255 255 177 86 128 138 66 255 48 124 255 134 227 255 78 255 255
    243 255 255 90 142 4 225 255 255 62 255 255 255 255 255 255 255 255
    255 255 255 255 255 255 110 150 100 255 255 255 255 219 254 255 223
    255 26 255 156 255 255 82 24 152 255 255 52 176 84 255 204 255 255
    255 213 255 255 255 58 42 255 255 216 112 255 255 82 255 255 150 76
    255 128 255 255 146 142 255 56 255 255 255 255 166 255 255 255 255
    211 36 78 231 130 191 255 232 255 255 255 96 255 255 255 255 60 30
    255 52 255 255 255 134 80 42 255 154 114 255 96 255 201 20 255 58
    116 255 255 78 255 255 162 90 112 152 255 255 255 4 255 255 246 255
    255 90 0 54 255 255 255 255 239 255 255 239 255 48 255 255 255 255
    255 238 255 241 255 203 28 255 165 122 255 255 46 255 82 112 132 255
    255 255 255 68 255 255 76 92 255 255 255 245 255 230 154 32 255 76
    78 255 209 255 255 98 124 255 160 204 255 201 198 255 255 24 60 255
    255 60 255 94 234 255 255 255 255 140 255 239 255 140 100 118 248
    255 255 255 255 255 234 255 255 255 239 198 255 50 255 180 255 255
    255 197 255 72 185 255 255 255 255 164 255 104 12 132 30 50 185 124
    255 70 22 198 255 28 255 44 194 90 255 64 255 255 223 255 102 255
    255 243 255 96 4 255 255 30 255 74 207 255 136 255 249 255 146 255
    255 209 82 255 148 227 255 110 255 174 88 104 0 255 184 182 158 12
    255 255 255 120 163 231 202 160 255 255 255 255 70 255 255 30 255
    255 60 255 110 255 223 255 132 255 134 116 136 255 208 30 255 255
    255 76 255 255 20 255 255 52 136 255 255 255 8 255 176 255 10 255
    255 255 255 132 255 174 255 255 40 255 255 136 255 253 132 255 112
    124 14 10 16 160 255 186 161 245 32 255 219 150 177 255 255 255 255
    255 241 62 4 255 255 255 255 255 4 132 255 255 255 255 255 219 182
    255 124 255 66 255 70 76 255 219 66 255 56 255 255 255 255 255 255
    255 20 48 250 50 255 208 92 255 154 255 54 134 255 96 255 255 6 255
    255 255 255 255 114 22 132 140 50 255 70 96 146 255 180 255 172 255
    154 20 255 255 64 255 32 160 192 255 44 255 46 255 255 30 255 255
    255 255 80 126 255 255 144 46 192 255 255 255 201 255 112 255 255
    255 255 255 255 96 124 174 255 255 255 255 84 255 82 148 158 255 213
    4 255 14 255 255 255 255 36 255 255 249 26 10 116 255 255 219 106
    255 22 221 112 255 209 50 92 255 254 255 209 242 255 66 192 229 255
    48 255 58 216 255 48 255 255 255 255 102 255 255 255 20 146 249 128
    58 110 4 216 255 255 36 255 223 236 255 253 255 255 255 255 255 255
    128 12 200 255 255 6 255 255 245 255 134 255 255 255 255 244 243 255
    130 6 255 255 255 255 204 255 231 255 255 255 226 255 255 255 42 207
    216 82 255 255 255 54 238 58 206 38 255 104 224 138 255 230 255 174
    248 249 146 76 255 255 255 128 255 255 255 251 86 255 255 255 32 255
    255 142 255 255 255 10 100 98 225 34 183 255 212 10 255 255 183 215
    255 255 255 255 255 255 226 255 211 188 30 255 255 8 76 144 255 255
    250 255 20 160 255 90 255 255 255 22 171 255 255 255 146 158 124 255
    255 255 255 116 233 255 255 138 255 140 255 98 255 255 82 255 213
    229 255 255 56 255 223 40 162 255 255 255 255 255 255 255 0 255 253
    68 84 24 38 255 255 126 122 84 134 70 255 116 255 40 86 182 36 122
    255 255 255 255 80 140 255 207 40 255 255 255 255 255 255 255 106
    255 255 255 255 24 255 255 255 100 255 80 199 255 52 66 213 255 255
    98 36 255 48 255 255 42 206 255 72 246 253 142 255 255 255 255 106
    255 70 255 142 204 193 86 214 229 92 18 8 255 255 255 255 255 255
    154 68 225 186 136 255 255 118 255 112 255 160 255 255 255 158 0 217
    66 255 255 227 255 140 200 255 92 255 170 40 255 108 62 255 196 185
    255 255 255 255 255 134 255 255 255 233 255 68 255 66 255 255 255
    243 172 255 223 255 234 68 255 255 104 255 178 14 118 32 255 255 255
    80 50 232 100 82 255 10 255 32 201 28 136 72 255 202 126 94 255 189
    202 244 221 202 164 255 186 204 229 106 76 148 12 255 255 255 52 255
    255 255 82 204 108 20 255 255 191 96 174 217 110 102 169 255 255 255
    255 255 10 255 255 62 134 12 255 30 100 251 255 176 197 219 32 201
    32 255 255 255 255 58 255 255 90 235 255 255 255 255 4 255 255 255
    255 16 249 255 6 84 134 255 255 120 74 255 253 255 98 206 255 140
    239 255 255 255 172 130 255 255 255 120 255 213 198 166 255 255 194
    255 211 116 255 245 28 255 255 180 255 110 255 255 255 255 255 255
    255 255 255 176 86 40 208 171 116 72 255 255 255 32 255 248 255 255
    226 255 112 255 62 18 255 80 255 182 66 255 255 68 194 255 255 255
    54 243 243 255 138 162 255 255 160 255 255 255 255 255 255 255 36
    255 255 255 255 255 255 255 246 255 176 92 136 134 255 255 116 236
    255 26 255 233 243 156 255 88 255 44 229 255 255 255 168 255 255 255
    255 88 255 82 160 64 16 255 244 235 255 255 255 255 255 229 233 255
    6 148 255 255 136 255 255 58 255 207 255 94 255 118 255 255 217 228
    255 255 255 255 28 255 160 150 128 211 82 30 255 255 250 20 146 255
    118 255 0 16 180 255 255 255 255 255 98 255 22 24 222 56 110 255 255
    168 74 255 255 46 255 14 140 207 255 255 255 255 158 251 255 38 255
    255 255 203 213 116 255 255 255 229 255 255 255 192 120 255 255 186
    255 4 70 255 0 60 64 255 255 255 182 102 142 255 255 255 255 255 255
    104 255 237 170 172 255 255 210 255 255 14 239 255 255 255 182 255
    255 255 255 255 36 6 227 255 248 96 255 212 120 255 255 32 140 255
    255 255 255 255 202 118 44 198 132 255 154 255 255 255 255 144 255 0
    255 255 255 104 255 230 255 2 56 255 154 188 40 221 102 255 255 255
    169 255 255 255 188 255 134 255 90 66 255 255 255 255 255 215 168
    122 255 255 255 181 66 18 255 255 130 223 255 255 255 26 234 221 134
    118 158 255 255 110 255 28 255 80 106 189 255 174 183 28 255 255 146
    116 52 38 255 247 255 230 255 243 110 48 255 36 12 255 255 255 255
    114 249 18 255 66 120 255 255 206 124 255 255 192 8 255 255 255 90
    144 255 200 128 255 255 172 255 22 82 255 255 255 197 255 255 160
    255 255 84 255 98 255 126 104 231 243 38 255 255 255 167 215 255 32
    154 255 255 34 255 247 255 255 255 255 255 255 42 88 255 134 255 255
    255 92 10 255 255 201 156 48 255 106 255 82 255 255 255 255 255 255
    46 236 255 26 255 154 72 222 84 76 10 227 16 216 36 255 255 255 16
    178 225 243 255 22 180 255 255 118 255 255 138 88 152 198 255 253
    255 6 255 255 20 213 255 4 255 255 0 255 255 255 255 68 255 211 255
    20 255 255 152 255 225 86 255 128 188 253 188 255 255 204 255 255 94
    255 255 255 76 255 255 255 255 241 255 4 182 70 255 255 192 255 255
    255 223 255 118 2 172 255 255 249 106 136 164 172 112 255 255 255
    255 174 64 255 255 255 255 102 10 255 32 74 255 56 255 255 255 16
    150 90 255 174 255 12 68 255 68 52 255 26 58 254 8 255 255 255 255
    255 255 255 255 4 114 46 255 194 28 140 255 255 255 255 255 173 142
    164 179 255 228 255 255 114 255 255 6 255 255 255 102 170 255 4 255
    30 255 56 255 255 52 255 255 136 74 181 255 176 255 255 255 138 255
    255 255 255 255 100 255 255 18 255 255 88 255 255 46 255 94 108 255
    255 255 136 255 255 50 255 255 223 255 32 74 255 223 255 255 255 255
    255 255 227 255 44 255 255 112 255 18 98 22 130 255 215 38 191 255
    255 171 255 255 255 255 76 255 178 200 255 249 255 255 196 255 255
    60 255 255 42 130 255 213 190 247 26 255 255 255 255 142 255 255 74
    255 92 255 182 255 255 255 86 173 255 255 255 134 255 255 255 136
    203 217 255 255 255 220 217 255 132 255 70 212 221 8 255 255 255 122
    255 255 255 173 255 255 225 126 255 255 132 255 255 255 255 255 255
    218 167 255 255 231 255 30 255 255 255 132 255 255 207 255 255 255
    255 178 140 32 72 58 194 218 10 124 255 255 255 255 163 255 255 90
    38 122 177 156 46 136 255 90 171 206 200 219 239 202 255 28 108 255
    255 255 255 255 255 92 114 255 255 138 255 70 255 255 122 255 255
    209 255 255 255 154 255 255 255 255 255 82 255 16 255 66 255 255 255
    255 255 64 255 255 106 20 108 255 255 255 255 90 172 255 108 255 156
    110 255 255 106 255 148 239 170 255 203 255 170 241 255 255 255 38
    255 28 198 255 255 28 255 130 198 255 255 255 12 199 213 96 124 32
    50 241 245 255 239 255 255 90 126 255 255 255 172 255 255 255 255
    255 255 28 219 172 255 90 68 255 255 255 255 255 164 54 209 255 255
    255 255 255 255 142 68 54 255 251 255 192 255 235 74 86 166 255 255
    255 114 215 32 255 64 150 50 32 82 80 255 211 255 255 255 255 255
    245 255 255 50 255 255 255 192 201 255 255 255 255 255 255 255 174
    42 54 255 98 213 110 255 144 255 255 96 90 255 255 130 255 194 255
    255 255 255 255 255 148 30 255 255 96 255 244 134 255 0 255 80 255
    140 194 255 92 255 88 205 134 188 14 255 255 233 142 255 255 36 255
    56 231 255 255 10 255 255 255 255 255 10 248 255 160 255 255 40 255
    62 255 255 255 255 184 255 235 44 195 200 236 255 255 252 175 154
    255 34 148 4 152 92 20 255 118 255 114 255 255 255 229 184 179 209
    124 255 56 60 255 106 255 187 235 202 255 94 255 209 255 184 255 255
    255 94 172 232 245 255 42 158 34 164 255 207 180 255 74 255 255 28
    28 255 150 146 160 255 70 255 120 86 237 255 62 255 32 210 92 255
    255 38 255 255 249 255 50 255 245 78 150 255 138 255 255 140 171 255
    255 205 138 24 130 255 255 255 255 255 255 200 216 18 255 126 255 20
    255 144 106 255 255 68 52 255 255 255 130 22 42 0 255 255 255 223
    255 255 255 255 70 255 255 255 202 255 255 154 204 255 56 42 255 56
    148 154 255 62 255 54 255 122 255 255 231 255 255 255 10 8 255 255
    176 255 255 214 165 233 255 213 225 176 30 235 255 255 255 94 255
    100 190 255 255 255 150 255 255 255 30 166 146 255 204 171 198 255
    74 255 236 223 255 128 207 74 154 106 255 38 255 58 255 102 255 114
    255 255 255 215 255 122 239 255 130 229 194 255 86 255 254 94 130 2
    191 62 255 255 148 255 255 255 186 255 255 136 255 245 255 225 255
    255 255 74 222 255 255 255 255 255 255 88 255 255 199 255 255 54 122
    168 255 255 194 255 255 20 195 255 236 120 70 192 189 72 255 126 76
    50 229 255 204 197 213 126 255 255 255 52 116 172 72 255 255 128 255
    255 255 255 128 100 225 255 255 255 146 255 255 255 255 255 30 84 4
    255 108 110 255 255 110 255 179 6 234 94 160 238 24 255 255 255 170
    255 255 255 252 154 132 2 255 255 255 255 223 38 255 255 68 156 255
    255 221 255 255 239 255 230 255 255 255 255 255 255 255 255 255 255
    219 82 80 160 216 189 140 162 128 126 255 255 255 255 255 255 255
    255 78 255 50 255 255 165 255 20 54 4 114 255 138 148 255 44 130 255
    176 255 142 28 255 255 152 254 255 255 255 56 255 255 255 176 255
    179 176 255 24 255 255 209 56 148 255 158 120 255 255 208 193 255
    255 255 255 255 225 168 164 255 6 255 255 255 202 255 88 255 72 174
    222 209 255 255 193 42 176 189 82 255 255 255 255 255 255 255 255 58
    255 64 255 104 239 206 255 60 255 58 255 194 208 255 255 176 167 162
    202 144 255 236 76 255 188 231 219 198 255 255 255 4 108 244 255 255
    255 255 26 255 247 192 192 255 255 255 237 66 108 72 255 255 255 255
    172 255 231 20 167 146 208 255 241 255 122 84 192 255 255 255 255 30
    255 255 255 255 167 255 255 163 255 255 255 60 255 255 202 255 255
    255 172 255 255 255 255 255 255 255 255 120 255 80 255 124 255 14
    255 154 40 255 14 255 255 233 52 255 255 255 255 255 42 255 241 255
    46 255 255 255 255 68 247 255 255 255 122 108 255 168 132 255 223 94
    191 223 255 255 255 216 255 255 2 193 144 174 44 60 255 255 209 210
    255 255 255 211 82 88 183 24 206 148 116 60 138 46 196 255 255 255
    62 116 14 54 255 122 255 255 16 44 255 255 255 255 84 255 98 255 255
    140 255 14 50 216 255 255 104 255 198 32 255 70 170 150 255 68 227
    247 255 48 116 102 255 255 84 255 88 255 255 255 255 146 16 22 255
    104 216 255 50 36 255 4 174 255 2 224 62 255 255 72 255 255 255 255
    144 78 255 192 154 237 210 36 255 255 50 255 255 255 255 238 110 255
    255 100 122 255 255 255 18 233 30 146 255 255 255 36 229 255 255 255
    255 255 108 84 255 4 255 255 255 255 255 255 128 140 255 255 6 16
    184 171 255 255 255 255 232 26 106 255 255 166 255 247 180 212 197
    126 255 98 2 255 16 253 255 255 166 0 108 34 255 50 170 255 255 255
    244 255 225 255 4 255 255 255 255 255 251 112 255 255 255 255 92 255
    255 255 255 255 255 106 120 44 68 255 114 14 255 247 247 255 255 184
    248 235 255 68 183 255 232 195 255 54 197 255 92 16 202 244 100 239
    255 108 48 108 255 255 156 36 80 56 102 164 255 209 245 255 255 225
    255 255 92 255 46 20 255 255 255 255 255 128 255 10 102 32 255 243
    255 255 206 254 28 255 28 231 255 255 255 54 255 255 172 255 255 255
    255 175 255 255 215 58 44 255 255 255 255 255 255 128 136 180 177
    255 136 32 255 255 255 142 40 255 255 255 199 237 12 251 188 255 160
    180 255 255 188 255 255 255 18 205 24 255 225 4 114 64 255 184 108
    52 255 225 255 150 22 138 255 255 255 224 255 186 146 255 227 255
    255 130 74 50 255 64 66 255 230 64 108 100 255 255 255 24 255 255
    255 146 255 255 255 255 255 255 94 255 255 246 255 32 255 44 48 154
    255 255 106 255 96 255 255 176 232 255 255 106 255 215 255 255 255
    255 255 223 255 255 255 255 255 255 248 118 144 84 255 255 255 255
    255 255 255 86 32 106 255 255 203 186 255 173 255 214 255 58 42 2 44
    255 175 76 138 247 255 246 215 255 255 255 24 64 118 192 255 255 255
    36 255 255 84 197 70 255 251 255 74 255 255 58 255 255 138 116 255
    255 255 255 255 247 231 100 255 255 170 144 176 206 179 255 208 92
    152 204 255 184 255 80 255 150 255 128 255 255 146 255 255 253 255
    255 188 56 187 34 255 255 255 255 255 255 32 140 150 255 132 255 240
    223 122 255 255 255 6 255 255 188 255 255 28 255 22 255 64 255 255
    255 255 255 16 144 114 160 56 38 255 247 4 255 130 255 255 255 124
    255 237 108 22 255 136 161 255 218 64 92 212 241 255 255 191 255 255
    124 194 255 146 150 255 152 52 6 50 255 176 255 96 255 255 255 254
    255 76 255 22 241 74 211 14 194 128 255 255 40 255 255 120 182 255
    255 255 178 255 255 186 114 154 255 255 182 255 18 76 16 173 255 98
    255 251 96 231 46 255 8 96 255 255 196 122 171 255 255 215 42 30 255
    255 114 88 255 255 255 56 255 255 255 224 255 255 158 16 255 255 255
    66 255 255 164 88 249 126 8 251 174 255 233 229 255 118 0 144 255
    196 56 223 255 255 104 26 255 0 36 166 24 255 255 177 255 188 255 94
    84 255 158 212 255 255 255 32 255 255 255 255 255 140 255 224 255 74
    124 255 255 228 108 255 202 255 255 255 191 255 255 38 255 22 255 24
    238 255 158 238 255 86 162 255 255 8 0 255 140 255 152 255 255 255
    138 255 130 255 94 255 54 255 178 255 255 255 255 255 255 62 22 255
    255 233 255 168 209 255 34 255 56 255 231 168 214 255 255 255 255
    247 255 76 255 255 255 190 255 185 32 255 255 255 198 28 108 72 255
    255 255 215 255 86 217 243 255 146 255 44 255 152 154 255 255 255
    255 88 255 66 255 255 8 192 255 116 255 62 255 255 255 100 255 255
    142 255 86 255 255 116 255 180 22 255 40 196 203 54 140 255 255 255
    255 104 255 255 241 255 253 182 120 255 146 255 217 255 255 181 255
    255 225 255 6 255 110 48 86 255 6 205 255 176 255 255 255 255 206
    200 255 255 255 104 132 118 249 215 255 255 88 198 32 255 255 255
    255 255 255 211 106 255 36 74 82 255 255 255 202 80 255 255 56 54
    132 255 64 255 255 255 255 130 193 44 228 6 72 255 255 255 252 255
    62 255 146 182 144 255 255 20 219 255 255 255 255 26 255 255 255 255
    68 40 28 188 255 144 138 255 102 118 78 70 0 122 62 146 255 46 255
    40 64 118 86 20 255 255 255 255 66 255 162 255 255 56 255 233 255
    255 255 128 255 50 196 96 255 255 255 255 255 255 255 255 216 235
    245 52 144 255 255 96 84 255 116 255 255 195 255 255 241 255 146 36
    255 255 255 255 32 255 207 20 28 80 122 148 150 255 211 4 255 255
    255 255 84 30 255 150 255 255 255 255 255 28 44 174 255 30 255 255
    26 255 82 255 228 173 255 128 255 180 212 60 255 255 38 209 255 255
    84 255 255 104 68 90 255 255 181 255 255 92 255 84 255 36 255 227 2
    255 255 86 64 255 255 164 126 40 182 255 164 106 66 255 80 52 255
    222 255 64 255 255 255 255 255 200 255 255 58 140 255 255 190 175
    158 36 255 255 255 255 255 255 255 6 255 12 255 255 122 255 255 255
    255 255 173 255 255 189 239 255 255 255 255 102 213 255 255 255 118
    14 255 255 207 255 234 90 225 66 255 186 255 92 255 160 18 255 255
    255 255 72 255 34 255 255 96 255 237 255 255 154 255 140 255 110 255
    255 132 0 223 255 188 255 255 106 255 178 255 255 90 255 255 255 255
    255 152 118 58 146 255 86 235 138 189 255 255 138 255 255 154 255
    208 255 126 56 144 211 255 197 255 255 255 255 224 255 231 6 255 182
    108 36 255 255 36 255 255 225 255 70 22 233 255 255 209 255 156 255
    74 255 64 222 251 255 42 255 255 255 255 255 255 207 144 255 28 255
    176 255 255 182 94 4 255 255 255 188 255 255 240 193 138 40 255 134
    255 255 255 154 32 213 8 6 241 255 255 255 255 255 255 255 255 158
    255 255 60 118 54 255 255 80 36 12 255 255 194 255 255 255 255 255
    238 229 30 255 2 62 96 205 38 106 229 255 255 255 255 255 177 233
    255 140 255 246 255 50 140 255 255 255 68 253 56 74 255 255 255 243
    255 255 255 255 78 255 250 237 255 255 255 152 214 144 118 0 60 70
    255 255 2 236 150 255 16 201 148 255 255 255 166 76 255 148 251 255
    255 255 164 255 255 170 255 52 255 10 255 38 252 255 255 255 251 255
    255 255 98 255 70 255 255 12 255 142 60 20 182 255 158 255 255 26
    255 148 255 255 255 40 255 209 255 226 156 255 255 255 255 60 255
    213 234 42 94 100 160 30 255 255 255 255 255 215 26 60 72 255 76 255
    255 255 255 254 255 255 255 255 255 230 90 200 160 44 92 78 154 255
    132 255 62 255 239 219 214 126 255 192 28 12 255 255 255 255 32 255
    152 255 70 192 255 94 134 255 168 255 211 255 216 54 146 255 255 255
    134 255 184 255 72 255 255 8 158 8 100 255 255 14 255 255 255 30 255
    255 12 106 255 255 158 187 18 255 255 255 88 255 52 30 60 255 255
    255 4 138 146 30 40 126 255 246 255 255 255 255 32 255 255 0 255 126
    255 255 255 12 198 104 176 255 255 156 228 255 255 255 255 255 46
    255 150 8 255 255 40 126 188 255 255 192 255 255 128 164 6 255 124 2
    247 255 255 255 255 126 20 255 66 255 255 90 4 255 6 255 255 255 0
    255 0 110 255 128 255 222 255 100 255 255 68 238 160 48 255 255 52
    255 255 255 98 255 0 48 255 255 255 104 255 56 231 255 210 255 255
    52 255 116 255 66 253 182 102 114 255 88 196 255 255 255 255 255 255
    228 152 98 184 253 255 248 255 255 255 20 255 196 255 255 44 116 144
    68 227 148 255 237 255 230 229 255 255 255 92 255 255 80 255 255 255
    255 255 245 255 136 255 2 255 178 218 227 192 255 253 16 255 255 237
    198 255 255 176 22 255 134 255 255 255 255 158 255 255 255 255 255
    255 170 255 255 255 255 255 255 255 4 124 255 162 255 134 255 255
    255 176 255 132 170 255 54 172 255 255 255 50 30 118 255 255 255 154
    255 255 255 247 78 206 247 255 106 50 255 255 142 255 30 62 112 32
    255 100 255 215 255 4 255 255 255 98 255 46 255 239 232 255 168 255
    255 255 168 255 68 236 88 255 252 52 120 244 255 245 255 112 255 255
    62 28 255 247 235 162 255 255 255 255 110 255 255 142 255 255 28 255
    14 255 82 255 38 255 185 58 255 42 255 174 90 40 255 255 46 248 14
    255 102 146 148 255 154 255 218 40 255 255 48 202 200 30 112 255 195
    112 255 122 86 192 255 255 255 255 255 6 82 255 26 255 200 255 255
    255 255 26 255 255 255 255 72 255 255 244 68 255 240 122 255 255 255
    255 88 203 255 255 20 255 255 64 255 255 255 10 255 255 108 255 12
    255 198 22 152 255 126 255 220 74 140 228 255 255 208 2 255 46 255
    24 255 255 32 166 239 58 16 213 255 168 255 68 255 255 255 82 169 92
    255 255 255 244 255 34 255 96 12 255 219 255 166 255 170 255 201 255
    255 187 255 255 92 255 50 60 255 255 255 255 16 52 148 255 255 88
    255 169 102 194 255 255 255 255 239 255 255 255 26 94 128 255 255
    255 108 104 241 42 255 223 124 255 255 255 193 255 255 255 104 255
    112 255 36 255 255 44 255 48 236 255 22 255 219 255 98 255 138 255
    255 255 255 126 52 134 76 255 22 255 255 255 255 255 190 255 255 255
    255 172 110 68 180 255 255 207 110 124 255 255 255 255 126 80 194
    255 255 54 38 50 118 70 255 255 210 255 255 90 255 170 255 255 132
    255 255 202 134 255 144 255 160 255 74 255 100 242 18 255 218 30 255
    242 219 168 170 2 132 255 255 255 255 255 172 255 255 138 122 255
    255 255 118 128 255 255 16 255 255 255 255 54 255 168 255 255 254
    146 255 255 255 255 255 189 255 10 255 36 220 255 204 46 187 255 255
    255 255 160 243 255 255 255 88 255 32 255 234 255 255 224 165 255
    176 255 110 178 205 58 198 245 255 255 52 255 176 237 255 254 165
    255 255 38 255 255 247 92 28 255 255 28 124 90 255 255 0 104 255 255
    14 173 124 255 255 255 255 130 223 255 78 184 72 255 78 255 72 255
    36 255 206 255 243 82 255 255 255 255 255 255 204 255 221 100 255
    170 255 255 160 30 255 46 255 36 255 182 255 211 122 255 255 255 255
    92 152 255 255 255 158 255 255 191 255 202 132 217 255 173 192 255
    215 198 16 255 235 255 255 215 156 255 255 255 255 72 162 255 102 50
    42 76 98 165 204 255 128 34 80 128 245 255 253 255 100 62 170 255
    255 255 255 255 255 255 255 255 180 255 255 255 2 4 255 255 116 255
    255 34 255 255 255 255 255 255 38 255 255 255 255 6 224 255 255 255
    8 255 255 120 140 255 215 255 255 4 213 255 255 223 255 183 255 4 78
    40 255 144 255 255 255 255 18 100 170 255 229 255 168 94 204 255 183
    255 255 255 209 255 255 229 0 152 225 86 255 255 130 255 20 255 134
    255 255 255 255 255 255 255 255 255 0 255 205 255 90 213 255 166 177
    255 255 0 255 255 161 249 255 104 90 110 96 255 255 255 255 255 255
    196 138 122 36 80 225 80 12 255 255 255 255 48 255 255 146 255 255
    255 255 46 223 196 255 6 34 167 2 46 229 255 255 255 80 255 134 86
    146 255 255 170 255 56 224 255 255 255 36 168 246 255 255 6 56 42
    238 255 255 250 177 110 138 255 188 255 98 207 22 255 217 255 255
    160 255 189 255 230 255 207 255 112 255 255 56 62 255 255 253 132
    132 162 255 255 164 255 54 255 255 2 74 255 255 255 28 158 138 255
    255 255 98 74 231 150 255 152 184 136 48 232 14 243 170 80 196 255
    255 255 255 255 255 22 38 0 78 82 12 134 251 80 255 255 118 255 255
    16 255 255 255 192 255 255 226 104 204 255 76 72 166 189 255 250 255
    172 92 255 32 4 140 8 255 255 221 255 255 136 178 136 154 255 255
    255 255 52 255 255 255 44 48 255 255 255 74 194 160 116 182 14 54 8
    4 255 255 255 225 255 255 255 249 255 255 255 255 207 255 255 255
    255 192 255 255 62 223 255 255 255 26 16 82 219 88 134 253 210 120
    255 255 255 255 132 255 255 94 100 255 255 130 38 232 255 225 220 18
    96 255 255 184 22 255 190 255 8 255 154 118 223 255 66 255 68 255
    255 226 98 180 186 152 255 162 255 90 212 58 102 255 10 255 255 126
    100 6 209 168 255 255 255 190 255 255 152 140 255 106 255 255 254
    255 144 255 255 110 94 197 255 144 169 44 254 255 14 255 255 255 170
    144 58 255 255 160 255 255 255 255 255 136 255 197 255 255 255 255
    255 118 92 255 255 202 255 255 255 255 255 255 78 6 255 12 255 255
    255 104 24 255 146 32 200 255 255 250 189 255 88 82 255 255 255 82
    80 197 245 216 255 219 255 134 120 92 104 255 136 165 124 255 255 16
    255 140 255 60 255 255 4 255 54 194 195 255 255 181 255 90 255 255
    118 24 134 255 209 255 130 207 255 255 112 255 255 201 209 228 255
    50 255 24 98 176 255 255 10 237 255 188 255 255 16 20 30 255 255 130
    20 199 110 254 255 90 255 255 255 226 255 46 224 94 192 152 116 255
    255 225 223 230 116 255 208 255 255 255 138 18 255 167 186 206 88
    200 148 243 255 255 255 108 178 255 247 255 255 255 255 255 112 232
    255 255 160 0 96 154 0 108 255 255 255 255 255 255 255 56 255 126
    255 192 255 255 255 255 255 82 255 255 255 146 255 255 174 138 118
    230 40 255 255 161 62 148 255 138 238 255 255 255 211 255 146 48 255
    176 124 124 255 255 255 255 255 68 255 28 255 255 4 255 255 56 255
    230 24 255 92 255 255 255 128 255 255 215 255 255 150 255 144 36 28
    255 64 30 12 255 255 110 24 255 188 255 6 44 255 86 255 249 10 10 30
    255 255 34 255 255 255 178 54 80 184 176 40 255 12 233 253 255 255
    42 2 90 255 128 54 255 8 255 255 114 255 255 180 255 255 100 255 60
    40 36 255 90 76 188 255 255 243 255 255 104 255 237 255 96 255 154
    255 140 162 255 255 255 156 255 255 255 255 102 255 255 255 255 255
    255 158 134 158 255 255 136 22 255 255 64 130 124 255 171 253 70 255
    196 150 78 0 255 70 94 146 255 136 255 80 255 100 40 225 12 255 62
    120 255 255 255 255 217 255 255 255 255 163 32 240 203 255 92 255
    211 255 255 251 255 255 209 62 134 255 255 132 255 110 219 40 16 199
    255 138 185 255 255 255 255 255 189 80 255 96 239 162 255 255 108 12
    255 206 255 251 164 255 239 130 84 200 255 195 255 255 255 16 255
    179 36 255 255 154 255 255 255 240 255 255 64 255 255 255 255 255
    255 255 120 255 78 255 190 255 16 255 122 140 172 209 255 48 80 255
    255 104 176 184 255 156 255 255 170 255 22 255 255 181 239 32 183
    255 255 126 245 255 255 90 212 255 62 158 211 56 255 237 255 120 132
    150 218 32 255 210 239 255 232 62 86 110 255 249 126 255 62 255 48
    255 255 26 209 255 175 207 255 124 255 255 255 241 74 255 255 255
    255 76 94 255 255 242 205 255 255 255 255 120 255 22 255 102 255 255
    50 148 255 255 62 255 255 255 255 98 255 238 249 200 255 255 255 222
    255 255 255 255 255 255 187 255 166 134 54 255 116 255 82 233 82 255
    32 255 255 130 78 255 255 52 250 88 4 255 255 255 118 255 170 28 255
    74 142 255 116 255 84 255 156 136 138 34 34 255 168 255 255 255 177
    255 255 255 255 148 255 88 16 255 255 255 118 247 44 255 60 218 227
    249 255 241 255 255 0 10 255 255 255 255 255 32 40 255 255 218 52
    188 255 255 162 255 255 255 24 209 70 255 255 72 144 255 112 100 255
    36 255 209 88 255 255 255 174 255 255 178 255 255 255 255 255 255
    255 255 228 255 255 255 255 8 96 255 146 170 255 128 255 255 247 255
    148 255 6 213 92 92 165 104 222 255 102 255 255 255 204 255 52 255
    255 255 255 255 255 255 46 229 255 225 255 134 187 241 22 128 255 74
    120 64 86 255 42 228 241 255 255 255 6 255 44 255 255 102 255 48 130
    243 14 255 255 255 255 235 108 255 247 228 173 255 32 38 88 255 191
    255 255 223 255 150 18 20 255 54 255 228 189 255 255 80 211 255 255
    122 255 255 142 255 255 112 255 255 36 255 255 255 104 255 102 255
    255 207 255 92 255 255 177 255 255 255 255 255 173 255 0 62 138 255
    255 38 255 98 96 126 255 255 255 255 255 76 30 134 154 24 88 255 191
    255 232 171 40 148 52 112 255 255 219 148 255 255 255 70 30 154 158
    182 255 255 98 255 237 198 30 104 148 46 255 255 90 165 92 196 167
    255 198 191 124 255 173 194 48 255 154 96 255 255 8 213 255 138 255
    255 255 255 255 255 255 255 255 255 10 255 255 72 255 231 255 162 10
    255 204 161 255 82 183 255 255 255 255 255 114 102 252 255 255 248
    96 180 176 251 104 88 26 138 12 255 255 255 6 148 38 255 255 255 255
    251 40 255 221 255 60 255 82 255 255 48 255 196 255 255 150 154 94
    72 92 227 255 255 160 16 222 255 154 148 255 144 222 255 255 200 249
    255 144 96 64 255 26 112 255 40 14 255 255 66 255 255 255 255 177
    255 255 255 92 202 42 56 228 255 206 255 255 255 255 255 255 255 255
    38 200 255 172 255 62 40 250 74 255 255 255 255 122 255 132 134 255
    22 150 207 255 255 255 255 255 16 255 255 255 255 255 255 255 202
    100 146 255 0 255 255 0 22 255 255 64 250 255 26 255 255 255 255 106
    46 82 22 166 255 42 148 80 88 104 255 175 255 255 96 255 255 255 255
    255 167 134 255 106 255 255 255 36 188 38 241 255 187 255 255 255
    255 255 255 207 255 225 245 255 255 255 255 122 255 255 255 255 50
    255 213 160 207 194 104 142 0 150 150 32 255 154 255 244 253 148 138
    255 251 255 18 66 132 217 255 255 255 253 52 255 255 98 181 84 255
    255 255 255 255 76 58 48 255 255 255 255 255 255 247 6 255 255 136
    255 255 36 32 237 24 255 217 198 255 255 228 255 255 64 255 86 32 46
    194 255 146 54 98 110 255 60 255 48 178 183 255 255 2 255 244 255 26
    255 255 231 172 201 116 255 0 10 44 34 255 238 255 255 255 14 64 255
    255 194 255 150 249 222 255 148 255 255 255 255 255 255 255 255 255
    104 158 28 180 136 255 255 255 255 154 255 255 210 255 255 255 255
    206 250 255 255 255 148 255 255 171 255 148 255 255 255 255 255 28 6
    152 160 255 178 255 255 2 114 255 255 194 64 255 76 160 255 255 142
    198 56 98 255 255 255 255 255 40 255 255 243 255 255 255 148 166 132
    204 255 126 255 255 255 28 255 255 148 255 255 241 122 245 211 255
    255 255 255 225 255 8 255 217 136 255 255 234 173 90 168 255 255 220
    255 255 68 241 110 255 255 72 255 120 255 255 50 255 160 187 255 255
    134 255 182 185 255 255 255 180 94 255 255 255 255 255 146 255 186
    255 12 231 38 255 104 255 82 255 22 255 0 56 46 255 110 255 72 255
    255 80 224 136 213 255 215 255 255 255 255 250 191 255 255 136 76
    255 80 26 250 100 18 255 181 10 208 56 255 136 255 255 2 16 255 168
    255 207 10 255 207 0 110 255 204 255 255 142 255 255 255 160 26 160
    255 255 255 255 255 255 175 255 152 34 255 140 98 255 38 197 255 168
    62 255 255 255 255 50 12 80 255 255 255 36 255 120 118 199 124 84
    181 255 255 255 178 62 255 96 255 255 120 246 66 255 104 255 146 255
    255 255 124 255 255 255 255 184 16 70 255 194 165 136 194 102 158
    238 199 108 46 82 168 32 126 150 255 255 150 255 136 92 84 30 202 28
    255 6 8 122 255 255 255 255 140 14 255 148 68 255 228 132 255 90 209
    255 255 255 255 254 108 247 255 255 241 108 255 255 255 255 255 146
    219 255 176 255 26 255 22 118 255 92 255 154 255 162 255 88 255 255
    255 255 180 124 219 255 255 255 236 255 255 255 231 227 255 12 255
    10 255 255 255 255 144 255 80 255 255 217 255 216 161 172 255 255
    255 255 239 213 58 255 154 255 255 170 255 193 192 214 173 255 255
    255 198 255 255 34 170 255 162 255 255 245 198 158 188 238 255 255
    255 22 255 255 255 36 255 185 160 186 255 4 250 255 255 206 173 24
    255 42 237 255 255 255 98 255 255 255 255 255 48 255 128 255 100 255
    14 255 255 210 94 62 122 62 255 50 173 235 255 255 255 186 255 233
    255 104 255 190 255 255 194 255 255 92 181 255 255 255 255 254 255
    255 255 255 6 16 124 255 255 58 200 214 255 255 255 78 255 38 247
    255 255 8 158 32 255 207 100 86 255 255 255 255 152 249 78 22 255 50
    152 255 255 138 255 70 170 255 219 255 255 255 154 201 144 128 255
    255 255 255 255 255 120 255 255 114 255 255 116 18 54 189 219 116
    255 241 255 255 255 168 44 255 255 255 166 148 54 255 255 255 255
    250 140 172 218 255 156 255 255 154 255 62 68 110 237 255 14 80 152
    82 223 255 168 255 255 255 112 10 24 255 255 106 255 255 255 255 243
    255 255 255 255 80 200 126 211 255 198 2 255 210 255 255 255 255 94
    255 42 255 240 138 255 255 255 255 255 255 255 255 255 255 116 255
    255 255 6 255 255 255 255 98 183 152 255 72 62 255 255 74 255 255
    255 255 255 255 192 255 164 206 215 255 30 82 255 255 58 116 255 255
    176 255 255 255 108 255 255 208 221 255 44 175 211 255 225 255 152
    255 56 255 255 255 255 255 255 255 255 74 255 255 255 255 12 44 255
    255 194 255 173 255 255 48 8 72 255 0 255 255 255 255 82 204 146 255
    255 255 88 255 198 82 255 255 167 255 255 255 255 255 128 255 255
    255 255 16 255 255 100 255 32 98 255 72 255 255 82 246 104 164 218
    82 255 132 148 255 255 161 255 56 126 255 24 255 233 255 173 255 255
    255 50 255 18 58 74 255 16 220 255 128 190 130 24 255 255 130 255
    255 206 190 169 92 226 255 104 255 255 60 255 110 32 154 255 10 92
    255 68 255 255 174 255 24 184 36 72 255 255 106 255 255 221 255 255
    86 100 132 255 255 255 183 134 212 255 227 255 175 255 255 255 44
    255 171 188 255 255 6 255 84 72 255 243 255 255 82 162 52 183 255 26
    98 108 128 74 120 16 255 72 28 255 255 252 62 241 54 255 116 255 177
    255 255 255 255 38 161 255 64 8 98 255 255 156 138 8 253 106 255 255
    60 205 255 136 46 255 255 255 241 2 255 120 68 0 110 255 70 255 255
    255 255 90 50 239 238 255 255 142 205 48 255 140 255 255 255 84 190
    255 8 255 173 255 104 132 150 255 255 245 190 148 84 140 209 255 255
    255 255 40 219 255 118 243 136 174 255 68 80 255 188 2 255 255 255
    255 90 38 255 255 255 255 245 188 253 140 255 255 255 66 255 213 255
    255 255 255 52 255 2 136 255 255 255 255 40 255 8 255 255 42 238 56
    48 192 255 176 255 227 255 255 255 255 255 255 132 255 229 255 204
    255 255 255 255 4 255 255 206 255 255 255 62 255 255 32 251 255 255
    255 56 255 30 255 255 255 255 255 144 255 230 102 162 132 94 241 176
    255 162 255 98 30 20 255 255 255 255 255 255 255 134 100 255 223 70
    255 255 178 255 255 154 255 255 202 255 255 158 255 255 255 126 24
    50 165 255 255 255 255 222 126 112 116 255 255 166 255 194 12 255
    251 172 255 255 74 255 255 6 124 221 255 255 251 255 44 116 222 255
    76 146 173 255 114 126 118 255 255 255 255 68 255 255 215 92 255 68
    200 86 235 90 78 255 255 80 116 255 255 255 255 52 255 255 255 255
    211 255 255 217 255 241 255 255 255 255 240 108 255 2 255 255 144 66
    213 194 255 255 255 70 255 168 255 44 255 108 118 255 10 255 255 60
    255 255 255 168 26 28 255 136 255 255 255 255 255 255 255 255 255
    255 84 255 205 233 136 243 62 136 255 255 48 124 231 255 62 88 214
    32 255 68 195 255 255 255 255 38 217 20 255 255 255 255 213 255 255
    229 134 32 255 255 194 255 255 0 255 255 132 183 255 14 255 42 172
    255 148 138 255 68 255 255 223 214 239 255 148 219 255 255 175 255 0
    255 68 222 185 2 182 255 255 6 255 164 232 96 178 255 255 176 0 167
    255 132 255 255 162 66 255 242 191 229 250 255 255 136 146 182 255
    86 42 255 148 108 255 193 160 255 32 255 58 255 190 38 255 190 212
    255 56 255 255 188 255 255 255 66 255 255 255 80 82 255 255 255 255
    70 148 255 255 255 70 185 255 255 255 213 255 58 255 210 255 219 2
    255 255 255 58 241 106 255 42 72 255 255 230 255 255 255 90 150 46
    255 186 255 255 255 255 255 8 255 245 211 154 255 90 255 255 255 8
    76 122 204 255 174 255 211 247 255 255 124 104 122 255 255 255 255
    34 20 255 16 255 255 154 20 255 208 255 255 174 255 255 255 255 255
    255 88 255 128 98 255 110 255 154 150 138 104 255 221 255 255 150
    219 255 90 84 40 255 40 40 102 255 255 255 255 150 108 255 148 255
    255 46 187 10 255 255 217 242 255 255 255 255 148 204 120 255 255
    245 255 34 255 255 255 237 178 255 255 32 255 255 255 26 255 255 255
    225 255 190 255 118 20 255 255 255 255 255 78 217 80 255 255 255 16
    217 84 126 255 221 255 90 213 255 255 255 92 255 255 250 255 217 122
    229 38 208 205 255 255 231 255 238 12 255 16 255 221 118 114 92 226
    82 138 255 255 104 184 90 255 255 255 255 250 148 255 255 44 221 34
    255 245 52 20 255 255 144 2 124 64 227 255 255 114 220 255 32 162
    255 207 28 84 170 255 148 255 255 255 255 255 255 36 130 255 255 255
    116 247 26 255 186 255 255 255 40 34 178 255 255 180 38 255 118 255
    28 108 184 233 0 255 255 255 236 255 20 44 92 255 255 255 136 64 108
    142 255 255 255 118 86 86 146 154 152 66 6 255 255 255 255 255 96
    255 255 161 255 112 84 249 255 255 26 206 255 255 255 6 255 255 255
    96 198 130 128 42 255 255 228 255 251 44 255 100 94 102 255 255 255
    255 255 183 255 255 124 116 255 24 20 86 2 255 198 255 194 126 6 255
    255 255 128 98 255 255 255 114 72 255 255 219 220 4 255 255 56 76
    255 255 76 84 68 140 86 255 225 255 26 255 156 255 255 255 70 0 255
    156 156 210 148 255 118 255 28 255 255 12 118 156 245 134 185 255 98
    255 255 255 70 255 255 255 255 114 255 255 94 255 255 255 255 255 80
    255 206 255 171 255 8 255 255 180 255 249 255 14 255 255 56 255 255
    100 255 130 215 255 22 255 255 66 193 178 226 203 30 255 179 255 255
    255 255 216 255 255 255 114 255 188 255 46 164 255 255 168 134 130
    255 52 255 238 255 255 86 243 245 150 255 255 160 146 221 255 255 4
    206 255 152 255 255 255 255 241 255 48 70 255 216 241 255 204 255 26
    152 251 255 255 255 255 24 255 126 66 255 106 234 94 110 255 110 255
    255 255 44 0 38 255 94 255 255 124 255 255 124 140 255 255 6 215 255
    255 255 218 124 180 86 255 180 158 255 190 76 255 255 255 255 128
    255 255 255 255 255 233 255 116 251 255 255 182 246 255 168 255 255
    255 48 255 255 255 255 134 220 255 255 208 255 255 255 255 255 255
    158 255 206 54 255 255 66 116 255 231 255 248 255 253 18 225 221 255
    255 215 120 207 38 190 255 255 210 207 255 32 122 255 255 255 255
    255 255 255 184 171 255 255 255 255 150 255 255 255 255 255 255 255
    152 16 42 255 180 255 206 255 255 255 255 225 204 255 169 114 52 255
    255 4 255 255 255 78 255 255 177 217 255 255 40 34 255 104 255 255
    255 50 247 229 248 12 166 84 255 10 130 255 255 255 255 170 255 185
    34 100 36 182 198 251 186 255 40 204 104 255 247 92 38 255 236 12
    211 170 255 76 255 255 255 142 255 255 230 255 255 255 255 90 255
    255 26 255 14 255 255 255 255 255 76 255 76 255 54 84 255 104 218
    255 255 255 104 255 255 36 245 255 56 48 255 120 255 28 255 34 255
    52 30 255 255 48 116 255 255 14 120 255 76 255 166 38 255 0 255 104
    140 30 100 239 204 156 150 255 255 255 255 255 102 40 183 160 36 175
    255 16 12 255 255 108 184 255 255 54 255 255 132 168 14 120 206 249
    255 182 255 255 184 255 219 255 255 255 180 60 255 166 255 126 2 28
    227 255 112 126 255 255 128 190 148 98 255 30 22 255 255 40 14 255
    42 24 255 255 255 72 255 255 34 251 255 255 245 255 102 255 120 255
    255 255 225 130 255 255 142 255 255 186 56 100 156 128 255 255 60
    255 16 32 255 255 82 42 255 234 12 247 154 255 255 255 231 255 255
    225 255 138 245 255 100 255 255 255 255 168 32 255 231 255 255 54 74
    167 255 30 255 44 255 255 255 232 249 255 130 86 74 255 255 253 255
    255 207 255 171 68 255 10 255 255 255 20 28 217 255 12 205 255 30
    255 140 255 255 255 255 187 146 176 255 206 120 255 130 255 255 255
    242 199 160 255 255 255 60 52 144 64 255 255 255 255 255 180 102 255
    255 255 255 255 255 255 255 58 92 255 114 58 255 255 90 130 130 255
    255 2 44 255 32 255 124 82 255 255 38 84 255 62 142 255 255 255 84
    255 255 255 98 255 255 177 188 255 255 229 255 255 255 158 26 255
    238 255 255 224 94 255 255 106 62 142 138 150 255 249 255 238 255 14
    144 255 66 255 255 255 255 203 255 255 167 255 8 255 100 230 255 126
    255 26 255 60 58 255 255 255 255 8 52 255 108 18 20 156 175 255 98
    205 12 78 68 28 255 255 255 255 255 255 38 255 255 226 255 213 44
    118 130 254 213 132 68 233 255 255 255 156 62 255 120 150 255 255
    255 84 120 166 108 174 255 76 174 94 255 110 20 213 255 255 255 231
    102 173 255 80 255 255 234 169 44 238 255 255 255 253 255 170 237
    104 236 255 255 44 221 255 255 237 62 255 255 255 255 255 255 96 193
    255 170 255 106 192 68 255 112 255 66 198 32 255 255 255 255 42 255
    235 255 193 62 255 255 114 140 243 138 255 90 255 106 171 255 255
    255 84 56 255 24 60 66 255 132 78 255 255 255 124 255 183 44 255 255
    255 118 255 225 255 255 22 200 40 247 20 255 255 255 167 255 76 62
    255 255 255 22 126 36 46 255 76 50 255 18 255 106 56 255 102 44 194
    158 217 180 255 28 188 200 255 237 176 255 176 44 156 255 255 255
    255 182 255 255 255 255 200 172 255 255 255 255 255 255 108 198 255
    20 154 44 255 255 255 255 231 255 255 255 255 247 102 255 255 223
    255 255 255 162 255 152 66 255 255 255 255 255 228 48 229 250 255
    110 62 255 176 255 146 255 18 6 255 255 255 255 226 50 10 255 255
    255 255 255 255 4 255 255 255 48 28 255 239 255 255 255 255 255 255
    255 48 199 116 255 255 255 255 255 255 166 22 174 128 199 150 255
    146 98 255 219 255 162 201 100 255 255 219 255 255 255 84 94 255 255
    255 94 255 221 255 80 4 178 96 255 255 255 156 138 42 104 255 255 56
    255 255 255 8 76 213 255 255 148 38 255 44 255 216 54 207 255 66 255
    255 245 190 255 255 223 255 255 255 140 255 0 255 255 255 134 64 62
    232 102 255 255 255 255 84 225 50 255 100 255 255 255 227 255 255
    255 255 106 162 24 167 192 255 255 255 255 181 142 255 46 233 255
    255 255 212 255 255 255 255 255 174 255 255 148 193 211 114 100 184
    255 255 255 106 32 239 255 197 255 126 40 255 132 255 255 90 255 255
    232 187 118 216 118 255 255 161 148 255 255 102 56 255 196 255 255
    255 244 10 255 255 221 255 255 221 98 255 253 255 42 255 255 255 255
    255 255 94 255 255 169 219 8 38 255 76 255 255 26 14 14 22 78 10 70
    116 180 255 255 255 255 173 198 255 255 52 18 158 14 255 255 104 255
    255 255 12 255 255 255 171 255 92 255 112 255 255 102 246 255 255
    255 255 255 255 255 14 152 255 213 210 255 255 255 255 207 34 249
    255 255 255 0 255 255 200 255 167 54 138 20 255 154 26 6 150 102 255
    255 255 255 60 255 130 186 255 255 255 255 255 34 98 74 68 255 152
    255 64 120 255 8 255 224 255 94 62 92 255 30 235 255 255 152 200 255
    6 255 44 181 34 180 98 255 255 255 138 255 255 64 210 255 146 218
    255 164 255 255 98 255 255 106 38 255 255 255 255 52 68 175 255 130
    255 0 255 255 255 160 255 134 255 243 235 204 255 255 134 207 255
    164 24 255 255 38 98 104 38 172 34 255 255 88 128 255 255 255 255
    255 255 237 48 255 138 255 255 174 126 255 255 255 255 52 6 144 168
    255 136 255 255 255 227 178 249 110 255 255 255 255 255 255 255 108
    255 98 231 178 184 255 255 108 38 52 114 255 255 255 36 255 255 52
    255 255 68 124 255 150 14 255 255 255 255 255 255 102 255 180 64 40
    255 255 104 251 128 163 255 94 255 120 255 223 255 255 255 225 188
    251 42 255 46 202 64 255 255 134 255 86 255 255 255 255 14 255 255
    255 217 46 74 255 122 124 255 236 52 86 255 255 255 192 255 60 255
    255 255 48 68 255 255 177 74 255 255 255 18 0 255 255 82 78 184 255
    237 236 255 255 16 130 142 56 255 255 188 169 255 255 20 52 255 215
    255 255 42 255 255 20 114 255 237 255 255 4 255 68 104 255 146 255
    255 70 255 255 255 255 255 196 255 255 172 50 255 242 138 98 255 116
    255 255 255 102 178 156 239 120 84 255 132 255 255 255 94 60 255 255
    4 255 209 231 255 88 92 42 255 237 208 8 158 160 163 255 255 255 255
    255 255 255 112 225 255 184 80 138 255 255 14 56 225 255 146 86 255
    255 229 255 255 28 255 108 20 34 72 255 48 136 255 207 234 255 100
    255 28 44 255 169 48 142 98 255 212 160 255 255 217 255 255 255 255
    98 52 255 255 255 255 255 28 255 255 255 237 178 255 146 210 255 20
    255 255 190 136 86 255 255 255 255 255 6 156 136 223 223 255 255 255
    98 20 164 255 255 182 78 183 0 204 255 255 204 255 192 255 255 186
    255 173 42 26 255 160 255 225 255 255 179 241 14 255 255 14 255 255
    166 255 204 255 255 202 90 158 255 255 126 255 176 203 255 255 255
    204 220 227 44 255 126 106 34 8 90 255 255 255 76 255 255 255 205
    215 255 255 255 200 255 255 255 255 16 166 255 122 255 243 46 114
    255 132 134 255 132 255 255 255 104 255 255 255 255 255 248 255 255
    94 255 36 255 255 130 212 136 255 54 255 255 178 255 124 255 163 146
    116 255 255 255 134 255 255 76 255 255 207 255 255 255 255 106 24 24
    194 255 255 255 255 255 255 255 255 118 255 255 255 160 255 220 189
    255 255 255 255 36 253 253 255 104 190 42 255 255 142 229 255 58 136
    255 78 255 94 196 255 239 76 255 170 156 255 42 255 255 255 255 255
    255 246 255 206 6 229 255 255 255 196 255 46 255 255 66 255 255 255
    44 255 255 231 76 68 255 255 255 52 255 20 255 255 161 255 255 255
    255 164 255 255 202 146 255 50 98 190 255 255 255 86 8 255 0 255 76
    255 255 200 255 255 134 0 20 255 255 100 60 24 255 116 36 74 251 255
    255 231 255 102 231 255 255 255 255 255 122 178 44 255 100 255 255
    255 255 46 78 66 12 6 255 255 236 255 174 255 142 255 255 255 255 90
    255 255 255 140 22 255 122 255 184 255 32 255 255 120 238 199 255
    255 255 255 80 255 92 218 255 255 255 74 255 92 219 206 210 255 255
    120 142 255 106 171 170 255 255 255 255 255 80 255 255 62 255 255 66
    255 199 255 255 255 255 72 26 255 222 100 110 255 48 68 255 114 255
    255 30 255 255 191 255 255 255 255 162 152 194 255 255 84 255 255 28
    255 84 56 98 22 255 66 28 255 255 255 255 70 255 255 246 255 255 255
    255 78 230 255 22 255 255 241 255 255 70 255 74 255 255 219 255 132
    245 136 255 205 28 34 120 255 232 154 108 255 56 255 140 255 255 24
    255 255 255 239 255 255 255 194 255 255 255 255 255 255 255 98 255
    152 255 255 148 94 255 255 255 255 134 100 42 146 255 255 255 255
    255 255 142 174 255 169 255 255 114 12 206 255 255 255 30 255 255 60
    26 255 255 98 8 255 92 255 255 255 255 70 255 255 255 66 255 183 60
    220 255 150 255 58 255 102 227 255 255 255 241 255 255 255 6 255 108
    76 255 255 118 2 255 255 255 42 146 104 20 255 255 98 255 255 255
    255 229 255 26 255 213 4 255 112 255 255 84 156 255 154 255 255 36
    255 84 255 255 177 255 255 255 0 194 255 80 255 255 50 255 255 255
    255 255 255 108 6 255 255 255 58 132 255 66 255 173 144 255 255 86
    255 255 4 255 217 66 255 96 255 160 255 255 255 62 104 255 10 182
    255 255 255 98 106 229 180 255 22 255 255 255 255 8 56 255 255 86
    255 197 10 255 165 134 34 18 255 255 255 255 255 255 255 112 245 54
    255 136 255 255 4 209 255 38 56 184 255 255 255 255 255 255 36 198
    255 255 233 232 255 255 118 255 174 255 126 98 255 26 60 170 255 36
    255 255 144 255 92 126 255 253 48 12 255 255 255 255 255 255 14 255
    255 225 255 255 255 243 255 255 126 24 255 6 24 0 255 72 255 50 244
    10 251 255 255 255 98 255 255 255 255 76 255 126 255 255 255 255 16
    255 174 255 255 40 255 255 255 255 255 255 232 78 34 22 255 255 12
    255 255 255 255 229 255 255 221 255 201 160 106 76 62 255 60 207 255
    122 217 255 255 255 255 34 52 255 255 255 118 82 182 144 255 255 255
    104 46 26 134 255 212 255 255 255 255 90 255 255 255 255 80 38 160
    255 255 40 142 48 78 245 100 255 177 255 255 255 20 255 255 255 255
    8 150 255 116 255 152 255 255 104 255 180 198 255 255 255 26 255 68
    26 255 255 255 110 255 255 255 92 221 253 122 255 255 154 223 255
    255 38 82 255 255 255 130 14 90 255 255 255 116 217 255 255 255 209
    8 255 231 255 255 108 86 72 255 142 255 255 255 255 34 214 255 255
    255 32 219 176 255 54 255 4 255 255 255 196 226 255 207 60 255 182
    198 255 120 255 211 253 255 76 255 54 0 255 255 255 255 255 36 0 204
    255 251 120 255 255 156 183 172 255 255 255 255 255 255 156 255 255
    255 108 172 64 255 255 255 255 122 255 255 245 124 255 122 220 241
    98 255 66 255 36 24 255 80 255 22 122 255 255 255 6 255 238 255 192
    10 142 58 146 60 255 255 255 235 255 140 255 255 255 211 10 217 50
    255 146 146 255 150 255 255 255 100 255 74 255 238 231 255 255 255
    255 255 116 106 255 38 36 255 255 255 255 255 58 255 100 255 94 124
    112 255 255 231 255 255 255 242 98 255 2 154 255 255 255 154 132 233
    249 184 255 184 255 110 100 255 255 255 255 255 255 134 32 142 168
    255 142 96 239 213 136 255 255 136 255 255 255 18 140 10 255 255 255
    211 52 106 255 172 44 255 255 255 10 255 74 255 255 255 255 18 214
    167 58 124 255 247 192 120 134 244 68 186 180 54 255 98 241 170 255
    255 152 112 255 98 230 255 255 255 142 186 116 80 207 56 255 243 180
    255 134 255 116 255 32 6 255 136 90 255 34 255 148 226 78 38 50 255
    229 110 255 241 8 255 100 96 114 206 255 185 255 74 193 255 160 52
    166 255 247 235 255 74 255 48 191 146 255 32 96</data></your_img>
</opencv_storage>
