<?xml version="1.0"?>
<opencv_storage>
<L2_diff>3.6654917814667106e+03</L2_diff>
<test_img type_id="opencv-matrix">
  <rows>100</rows>
  <cols>100</cols>
  <dt>"3u"</dt>
  <data>
    114 51 158 194 47 208 65 11 230 192 94 100 55 6 209 227 42 40 111
    236 60 182 32 168 20 140 202 21 107 134 10 170 40 62 219 135 39 50
    86 200 64 18 26 204 205 145 24 78 17 196 182 204 43 95 224 176 203
    22 170 135 197 140 239 2 31 12 213 192 171 64 124 242 115 202 239
    210 135 202 25 30 4 165 25 146 89 110 253 56 43 191 38 41 255 183 73
    130 156 134 177 16 227 66 185 12 107 130 39 146 125 24 166 201 125
    194 114 200 126 197 255 237 31 63 192 161 141 41 87 33 140 112 6 113
    18 59 143 90 11 126 120 84 240 90 249 233 207 1 226 196 16 158 91
    244 42 14 144 30 217 13 102 0 122 148 97 57 115 241 163 180 138 164
    184 127 134 87 249 65 124 188 106 214 132 51 141 105 248 140 216 23
    46 86 92 4 225 215 96 189 175 249 221 245 16 35 240 35 65 121 76 84
    130 103 185 207 249 69 2 139 253 17 220 136 2 42 157 127 156 126 151
    142 214 31 5 236 117 17 115 227 251 84 233 234 7 45 79 87 231 171 6
    200 232 93 64 207 158 96 228 154 42 140 36 254 93 79 43 212 187 101
    183 159 238 199 68 40 198 15 116 138 236 201 104 35 160 222 132 191
    89 218 254 200 239 21 4 22 87 240 93 33 44 113 95 36 147 179 173 238
    239 83 173 59 98 19 127 115 226 87 114 150 143 136 17 25 17 168 147
    119 248 84 65 178 25 224 101 215 84 217 166 218 199 255 27 189 246
    184 2 197 114 78 142 75 134 145 254 120 123 18 119 21 61 220 101 12
    229 219 249 63 42 229 44 33 231 21 192 251 232 228 253 105 242 19
    169 92 178 145 167 192 187 67 140 248 55 255 130 129 112 169 94 191
    245 230 95 197 11 219 237 179 33 150 26 82 162 153 178 21 19 188 223
    248 235 21 48 4 184 25 134 192 224 199 134 249 37 3 97 201 199 200
    20 242 154 164 181 114 74 15 102 86 110 149 88 186 166 163 25 51 35
    139 215 179 251 117 100 184 54 3 183 236 118 252 124 210 86 102 25
    229 31 116 216 16 60 219 38 215 159 160 102 146 100 173 227 199 103
    29 134 244 91 9 203 48 165 6 16 207 90 215 29 243 0 3 99 1 6 57 200
    0 12 207 177 79 73 227 185 116 4 24 103 102 62 119 125 24 173 220
    146 69 160 33 102 129 22 176 213 22 161 93 86 170 75 149 88 38 201
    173 212 203 29 212 41 215 174 0 117 165 209 28 77 65 161 67 9 143
    114 198 117 7 150 58 26 167 249 60 212 109 149 117 48 57 156 3 137
    171 13 147 152 234 21 250 93 153 149 200 10 28 141 120 97 141 83 160
    81 149 181 202 182 203 61 246 222 112 141 186 125 24 151 193 52 130
    9 210 213 128 63 8 14 159 101 185 44 48 236 70 137 63 119 74 149 212
    183 165 134 226 68 129 134 201 247 223 164 110 241 119 66 62 195 0
    149 138 65 63 122 93 143 68 158 252 28 141 136 212 48 54 195 234 103
    150 125 77 98 242 17 71 107 55 178 152 230 134 164 114 154 171 68
    177 138 7 29 85 28 20 233 195 120 207 78 47 82 208 209 95 227 232
    207 195 97 221 246 161 81 14 2 252 9 35 156 62 57 61 61 31 209 49
    207 108 161 212 21 57 162 58 55 97 197 56 14 189 178 249 66 17 151
    45 80 45 244 84 169 87 245 145 116 92 116 49 76 73 98 156 77 57 216
    247 179 243 51 150 153 147 169 70 245 115 2 115 160 12 193 150 174
    56 83 22 220 216 45 35 159 178 113 174 47 151 194 231 87 107 203 179
    104 187 155 67 171 30 128 106 182 238 129 42 141 49 116 94 46 220
    158 146 239 86 68 68 116 5 73 147 250 45 181 247 255 174 52 205 235
    76 177 108 16 187 126 44 211 42 161 177 220 14 238 96 118 197 111 77
    23 247 194 133 167 255 235 0 159 143 228 128 79 243 125 205 84 99
    113 161 123 66 200 192 100 251 90 26 45 58 83 175 225 86 97 11 117
    113 201 25 24 203 146 55 102 191 47 68 91 227 223 64 26 54 47 123
    118 31 19 209 75 25 104 21 0 73 12 196 103 255 119 116 156 64 234 84
    27 240 119 95 37 199 134 173 127 234 245 28 47 206 208 160 186 161
    138 105 155 88 173 84 173 213 134 180 3 37 150 177 35 237 249 178
    224 56 74 148 57 71 147 43 246 113 31 247 181 12 24 86 208 36 9 18
    170 125 68 32 136 249 152 109 99 174 59 184 165 109 105 131 88 134
    199 109 113 243 213 195 49 194 13 151 2 28 249 250 6 153 136 138 196
    195 92 168 28 19 231 6 181 32 146 24 31 214 151 227 92 255 48 109
    112 255 1 11 15 203 78 250 202 100 248 202 212 92 30 109 147 127 20
    254 91 67 32 17 124 151 22 215 169 93 150 155 31 40 66 207 36 191
    154 44 189 203 205 72 228 0 152 212 22 153 253 116 96 97 173 110 185
    145 128 199 11 154 58 3 108 56 7 28 31 138 207 104 125 81 84 123 79
    135 52 248 125 14 106 78 234 63 50 173 157 37 78 233 107 191 47 87
    28 84 118 132 3 245 149 22 247 40 204 147 165 251 128 44 141 3 72
    243 63 163 10 253 189 189 246 31 11 118 231 105 84 207 100 121 145 8
    124 134 73 32 143 65 180 242 115 21 229 249 65 7 230 244 95 56 29 57
    24 107 205 92 214 233 186 226 143 222 98 89 212 52 252 226 204 245
    33 29 7 5 178 62 5 4 223 107 33 18 75 135 204 57 171 39 89 95 112 32
    244 214 161 142 26 166 243 141 66 164 118 95 94 31 13 130 237 37 89
    76 48 12 150 224 23 78 108 150 132 233 223 27 168 85 103 151 171 33
    137 207 169 9 71 167 65 247 89 227 24 8 87 31 144 11 231 251 2 54 83
    167 151 20 231 229 110 61 104 83 14 185 214 30 251 70 71 169 217 124
    232 234 68 194 234 170 178 69 211 8 12 77 192 72 101 129 209 211 13
    107 160 65 93 157 68 87 53 196 15 3 42 61 41 45 200 169 145 118 175
    27 92 170 7 58 89 17 171 98 217 227 144 183 141 248 218 221 232 12
    97 205 144 72 3 82 120 100 201 155 133 209 199 64 91 74 161 204 195
    181 68 17 130 109 101 168 192 99 12 193 177 25 155 132 72 65 193 174
    44 123 26 225 32 80 245 161 45 229 186 195 104 26 14 135 203 196 40
    184 59 75 158 142 58 217 96 39 71 147 92 45 72 200 58 191 209 148
    116 105 162 238 249 4 252 4 45 233 115 0 135 227 155 214 220 126 189
    113 102 48 182 225 132 18 59 109 51 39 212 101 186 134 235 124 216
    237 209 176 62 235 120 88 231 80 107 215 230 137 30 241 27 162 4 203
    113 15 85 175 35 15 249 199 23 241 55 108 56 26 255 58 97 171 211 17
    203 241 159 235 240 106 255 72 33 71 226 85 252 12 65 156 169 110
    220 231 163 98 132 216 132 215 68 182 14 83 122 121 201 122 23 190
    105 27 170 230 94 125 107 250 83 39 126 35 7 197 101 52 38 103 79
    206 171 73 39 41 246 2 43 94 145 127 69 130 140 10 12 47 141 34 84
    53 228 48 248 228 182 202 108 8 34 110 119 119 189 237 202 236 174
    167 57 199 167 14 138 205 58 86 89 143 244 110 108 85 130 187 50 126
    76 203 82 244 236 185 238 177 15 59 58 147 73 110 89 2 91 103 224 23
    80 114 104 80 182 180 32 65 169 136 236 71 233 128 213 224 134 23 71
    16 164 61 224 148 253 186 189 163 96 61 90 113 239 221 170 12 219
    148 60 38 129 43 28 194 241 189 191 75 150 248 123 14 92 57 88 72
    134 128 80 61 128 56 250 61 10 224 148 82 174 93 4 219 107 158 76 44
    189 6 249 212 216 139 205 138 164 248 201 97 42 160 0 132 12 95 32
    223 217 164 250 191 215 246 79 15 13 34 168 70 61 157 200 207 20 27
    44 193 220 149 155 109 106 125 126 47 3 193 208 188 29 255 150 176
    136 41 202 225 238 55 171 163 162 249 214 201 247 202 131 2 121 174
    38 15 194 231 50 183 250 76 12 223 174 92 108 75 176 13 48 17 130 63
    159 104 208 143 112 77 80 59 167 215 26 121 64 124 15 48 223 151 215
    230 123 18 163 250 74 77 163 110 228 171 134 33 198 122 33 252 93 33
    6 243 89 33 134 31 84 213 179 114 203 143 195 4 57 188 110 74 127 6
    195 73 89 18 144 54 77 84 39 220 88 38 255 90 244 35 240 190 172 120
    146 228 131 36 223 157 126 147 185 55 73 191 98 230 246 70 213 48 89
    156 184 8 154 58 238 156 72 216 82 230 235 238 197 154 50 127 78 234
    254 95 165 213 27 9 77 223 102 231 89 184 39 103 163 146 35 218 163
    200 61 169 145 88 166 156 182 74 140 90 115 60 17 21 109 41 40 29 54
    175 215 137 103 218 190 85 42 112 238 52 92 190 44 228 104 27 85 99
    194 33 200 38 129 98 240 135 255 54 214 160 34 75 54 52 140 109 130
    18 209 241 138 241 139 52 83 55 84 55 1 215 16 243 195 21 230 178
    171 92 245 108 228 161 252 71 55 43 62 163 0 133 123 155 81 215 142
    48 143 228 141 46 29 161 53 167 122 126 174 48 187 121 229 83 155 42
    68 81 233 174 163 126 151 24 46 81 158 71 70 207 190 167 11 69 73
    111 20 85 239 246 192 151 22 239 89 44 70 91 139 60 164 189 249 178
    139 210 41 88 216 58 209 195 205 44 148 160 66 52 115 239 145 222
    170 79 71 169 160 86 66 83 119 65 158 221 26 117 133 144 30 208 205
    25 95 205 12 109 245 135 82 225 220 117 215 238 200 108 162 162 106
    117 61 151 106 50 154 223 133 242 67 8 125 166 0 249 190 182 47 19
    51 230 192 45 49 176 182 131 23 8 179 203 127 205 129 246 169 3 83
    51 253 71 74 169 183 199 197 87 169 114 40 252 180 42 160 194 157
    229 150 97 55 9 15 129 122 249 81 198 82 114 218 132 200 177 60 253
    183 205 43 94 72 78 222 123 80 167 254 45 151 128 116 107 114 128 10
    90 68 146 86 8 130 122 254 3 78 253 100 175 229 146 248 209 10 143
    244 252 25 64 241 35 152 184 168 166 79 154 60 146 232 74 24 73 10
    144 209 252 54 32 59 84 7 193 55 90 158 97 58 176 202 67 102 227 0
    245 207 119 208 241 97 65 0 2 182 228 167 38 73 15 188 10 176 11 181
    197 29 92 80 39 127 39 158 31 47 61 212 75 64 155 45 191 86 50 26
    153 241 189 10 137 219 231 165 76 57 22 238 226 81 156 63 234 19 68
    237 139 116 161 108 68 1 170 234 81 167 52 130 3 168 64 251 137 248
    127 144 58 137 120 247 110 138 44 201 163 253 81 166 67 231 123 74
    218 141 11 70 220 81 47 149 244 207 145 169 49 67 212 32 219 208 196
    3 150 155 47 240 20 175 152 104 36 42 129 128 14 97 161 156 223 38
    229 117 11 224 191 105 23 48 43 146 18 214 125 237 119 90 223 156
    224 66 75 242 11 116 12 159 121 176 6 41 190 33 132 112 230 110 192
    3 184 35 29 24 110 230 222 67 102 189 69 54 83 149 226 196 225 237
    166 172 96 142 206 141 18 38 45 28 83 169 109 231 34 109 131 161 225
    242 31 206 87 207 42 194 75 187 37 58 114 222 165 88 173 185 241 1
    94 202 200 45 201 232 30 79 5 173 23 57 236 57 202 27 191 153 189 98
    23 168 208 38 179 149 144 58 50 209 58 152 54 19 75 213 34 78 69 251
    238 189 31 151 65 208 235 110 208 112 74 81 209 192 72 165 56 153
    171 209 211 11 4 34 5 54 250 0 207 98 225 16 95 139 231 171 109 180
    176 166 194 18 51 126 87 54 162 221 246 125 35 133 234 18 143 19 105
    148 152 240 51 217 40 184 100 151 115 194 158 193 64 32 130 202 217
    191 15 231 22 157 149 80 251 28 18 218 250 22 212 29 170 30 41 218
    162 201 57 197 141 96 167 111 93 29 212 48 142 231 204 173 21 137
    216 194 205 2 45 22 122 102 60 75 35 71 132 201 156 116 63 185 133
    236 96 92 114 3 159 215 44 253 45 141 155 86 159 11 65 213 195 19 38
    180 98 255 233 86 10 94 182 90 1 191 59 58 29 250 104 178 102 72 110
    110 35 37 106 68 94 42 53 47 61 198 239 38 198 134 209 77 217 193
    201 49 181 188 181 47 198 37 230 29 186 234 150 117 16 117 111 5 166
    19 151 17 108 72 159 199 60 78 221 232 237 253 61 208 153 158 193 18
    202 250 123 165 112 32 186 226 219 168 217 241 127 188 142 48 172 55
    64 110 61 253 115 166 197 253 98 48 246 172 229 24 136 196 81 218 5
    239 206 91 43 138 116 26 173 57 152 27 134 154 122 213 62 40 72 178
    224 45 167 164 119 118 71 12 239 94 142 44 112 103 255 188 157 78
    191 70 79 1 201 230 177 114 103 222 238 203 191 66 232 73 152 94 165
    239 89 199 29 31 134 190 139 234 184 208 73 5 227 194 82 65 71 55
    151 113 53 247 25 140 199 196 206 31 217 124 1 241 75 250 149 13 123
    229 208 177 113 47 89 105 236 242 17 108 226 60 225 247 98 236 193
    29 35 181 122 52 154 215 79 25 254 215 72 79 58 71 109 148 27 105
    248 18 95 41 237 99 1 179 9 231 35 223 191 44 140 218 112 164 42 162
    197 164 191 158 58 21 241 81 119 56 215 113 62 16 253 41 33 75 209
    254 139 63 17 130 76 21 142 2 24 35 158 103 134 237 33 25 60 243 162
    194 132 203 144 178 48 12 150 170 191 133 139 221 48 175 152 51 131
    220 253 222 179 125 216 126 53 70 91 220 49 95 195 1 164 166 47 90
    99 162 95 215 234 30 90 155 79 172 233 7 81 13 218 50 168 44 70 22
    204 138 170 240 29 207 35 56 171 27 2 4 219 204 77 166 109 186 10 43
    50 251 154 238 216 50 61 172 59 188 150 15 66 26 57 8 14 111 190 220
    55 27 206 48 255 120 43 109 238 22 146 17 114 20 2 205 106 194 20 89
    197 92 225 208 155 249 138 82 50 187 167 87 229 183 74 27 123 239 99
    100 230 15 64 195 105 60 154 129 206 94 144 8 171 223 172 140 93 216
    162 20 71 184 85 167 111 133 24 229 175 156 36 111 196 70 63 117 116
    140 217 194 4 173 14 32 36 77 106 30 8 23 238 70 248 128 171 96 8 40
    99 91 219 188 16 226 23 193 51 72 110 160 146 125 6 210 218 236 80
    169 3 217 17 46 253 244 139 167 84 27 37 58 224 158 41 91 218 44 147
    249 239 242 36 60 143 73 57 230 74 220 50 2 81 185 163 134 240 96 32
    168 71 139 96 244 177 228 35 147 36 107 96 77 182 79 190 27 145 15
    21 231 115 234 109 147 39 64 88 62 188 146 209 176 84 93 167 108 105
    239 195 250 188 254 112 157 129 142 92 156 136 230 36 137 162 250
    175 179 203 36 168 53 142 233 255 130 84 54 75 83 50 245 166 148 81
    102 107 119 75 222 216 104 174 76 178 198 19 86 28 139 198 162 191
    187 233 210 14 215 149 122 139 119 253 4 17 239 53 193 199 177 148
    185 99 253 227 3 123 46 56 73 227 53 54 50 12 114 210 94 112 11 248
    247 84 27 160 72 86 62 244 202 85 199 60 79 85 133 47 196 9 148 44
    127 28 224 114 25 173 65 94 45 251 13 85 19 45 40 126 106 182 39 73
    128 70 132 69 202 214 222 126 162 220 227 240 83 142 30 62 64 11 65
    150 238 43 225 6 85 248 14 74 244 104 53 42 112 76 137 201 133 125
    106 112 0 63 221 17 76 117 4 48 92 186 143 40 230 16 227 85 149 226
    86 74 76 181 248 238 156 12 158 9 98 237 44 161 169 169 255 15 250
    105 123 147 59 116 215 208 101 110 230 203 92 205 16 225 33 81 112
    185 112 239 33 119 90 99 78 231 233 14 40 112 32 230 248 34 242 240
    89 173 43 199 40 107 75 118 76 72 94 169 26 145 14 241 199 254 81
    150 47 181 117 249 252 231 255 243 215 79 161 167 130 150 178 200
    249 237 185 131 32 74 48 151 129 1 42 82 57 41 148 93 207 176 110
    160 175 168 98 120 109 56 186 129 134 189 168 4 234 190 168 97 18
    146 134 194 245 81 224 100 115 122 98 240 30 139 82 101 7 245 130 22
    143 84 217 252 228 10 54 89 32 190 159 229 157 62 38 223 118 196 3
    225 2 156 141 192 97 59 142 119 68 177 28 252 111 156 87 229 168 65
    182 210 101 49 64 125 236 184 203 131 83 176 1 138 130 249 123 87
    179 211 38 57 15 65 69 21 86 27 250 94 168 174 33 141 86 153 77 161
    114 210 89 228 127 107 93 126 71 222 232 105 202 237 16 39 129 56 8
    174 173 42 205 255 216 159 218 22 60 222 144 254 214 85 135 222 200
    123 0 110 93 98 229 137 57 131 142 207 80 135 15 65 158 172 228 33
    64 255 168 139 28 164 237 192 252 136 17 122 242 201 194 29 179 175
    161 22 20 40 44 43 137 137 23 22 191 209 175 177 9 84 104 170 141 21
    24 19 133 161 56 154 99 205 235 150 240 90 141 30 195 42 26 79 82
    149 44 193 171 122 95 69 10 241 146 53 144 244 175 47 5 219 214 203
    221 192 144 249 138 156 74 14 103 129 107 145 144 180 114 239 178
    228 194 50 189 45 14 250 136 63 250 202 217 185 75 9 35 221 15 95
    164 213 195 53 80 172 207 164 21 178 146 219 157 17 150 25 179 225
    59 75 227 192 123 36 91 245 62 241 251 177 29 114 81 190 178 207 10
    200 44 249 25 68 250 192 47 104 228 61 14 121 233 165 161 188 101 91
    52 227 109 238 41 44 149 113 253 17 52 157 81 45 101 58 57 118 218
    159 158 34 232 66 78 171 89 146 152 77 211 93 147 234 149 71 54 241
    186 66 241 66 74 216 232 111 206 92 221 149 44 145 192 72 20 61 209
    58 244 174 67 229 242 116 98 200 74 125 242 252 239 129 115 239 62
    11 221 124 92 154 112 24 49 169 208 21 158 177 86 190 221 148 28 209
    171 100 165 171 211 134 64 227 223 150 8 17 31 233 237 1 19 162 151
    37 80 220 53 81 166 219 224 188 149 15 84 130 3 212 34 126 82 37 120
    248 245 35 159 68 107 16 92 91 186 45 210 32 44 134 66 89 112 254 35
    251 65 204 235 46 11 43 187 52 124 251 41 222 0 39 139 32 232 51 244
    133 174 155 67 81 0 28 144 179 228 181 66 241 246 87 46 138 146 238
    81 49 200 227 98 72 44 211 254 15 185 252 163 9 179 60 45 68 231 215
    163 137 85 120 218 232 11 96 117 15 218 77 60 43 109 225 25 106 62
    21 240 98 56 38 189 102 32 58 228 48 146 82 229 220 23 227 58 65 200
    157 252 82 137 180 91 194 121 77 150 132 97 200 20 83 32 198 190 16
    160 209 130 128 156 5 202 66 20 25 18 186 197 245 23 17 110 99 229
    246 229 221 14 115 60 148 42 161 122 226 83 205 50 46 43 254 110 62
    247 53 2 190 87 156 72 19 187 240 245 78 23 214 107 170 45 16 60 160
    160 178 239 180 177 182 50 84 242 151 165 3 126 127 110 84 72 7 42
    123 45 20 13 237 205 102 210 87 123 168 75 150 38 184 138 20 119 101
    186 37 33 116 185 226 12 54 220 67 82 140 80 152 2 83 101 83 195 194
    64 98 59 211 180 8 238 33 140 199 203 177 155 238 123 156 76 178 171
    150 40 41 27 97 213 182 237 190 113 222 146 23 230 242 182 166 189
    140 138 240 53 25 4 86 145 66 53 103 95 241 234 205 59 81 251 184
    157 147 110 87 61 191 107 76 108 212 245 35 144 93 111 169 209 100
    215 88 194 153 35 176 159 176 190 194 17 125 175 131 9 105 64 254
    164 49 12 232 95 182 149 213 147 33 198 7 228 19 4 103 51 208 127
    102 30 80 244 118 249 237 77 75 124 184 179 79 177 76 231 108 178 72
    138 88 77 182 236 172 183 200 141 22 232 189 225 10 32 19 57 75 252
    128 13 194 132 104 94 244 129 66 196 98 16 115 25 4 144 67 52 49 241
    254 148 70 195 248 110 197 144 241 247 4 78 131 254 197 0 184 187 13
    111 197 124 41 25 228 219 10 255 184 46 248 62 140 166 92 38 43 170
    138 45 170 135 1 21 60 166 133 168 69 97 164 97 210 174 111 205 169
    117 85 11 236 2 165 241 158 249 164 163 24 138 47 153 170 3 219 56
    98 222 90 22 70 213 204 228 45 247 97 136 74 36 92 128 55 181 24 200
    163 100 13 188 105 114 151 244 164 156 91 181 35 209 178 220 210 91
    87 213 49 172 157 252 230 32 176 126 84 134 43 237 130 185 43 2 173
    104 109 123 18 227 110 126 200 97 67 155 253 227 68 106 66 119 174
    148 130 59 58 247 16 109 117 82 64 19 113 232 244 172 146 219 238 53
    16 30 228 154 251 27 198 94 253 127 135 241 104 57 244 200 214 135
    140 22 210 105 141 186 26 17 254 137 128 232 214 190 122 224 158 77
    184 100 25 160 199 56 126 103 136 106 28 55 107 168 34 128 178 33 66
    184 53 116 172 252 69 185 101 51 119 140 159 189 12 199 173 38 43
    238 152 10 61 219 42 248 215 237 190 90 87 102 255 33 231 18 246 231
    43 232 188 200 73 132 174 144 234 26 153 44 55 110 70 207 39 240 39
    232 208 3 7 46 107 194 15 212 104 42 196 13 83 166 75 99 237 9 13
    134 106 233 245 176 211 238 242 165 87 248 95 71 191 198 30 237 69
    69 71 96 138 234 125 28 73 105 241 147 18 97 189 223 87 64 212 220
    153 4 140 171 249 164 10 9 2 219 215 239 3 225 98 182 48 114 50 141
    192 248 205 80 41 204 105 143 135 95 136 200 146 240 143 103 99 159
    11 28 105 152 225 28 56 195 201 179 134 250 41 115 143 148 215 224
    42 73 189 173 152 157 14 136 157 83 102 168 9 212 231 85 175 150 145
    139 136 106 84 177 28 90 78 17 173 8 194 242 7 110 74 80 88 21 150
    178 104 217 161 210 195 82 43 191 140 150 240 74 68 83 115 93 179 44
    28 230 48 212 14 165 34 31 151 197 100 153 94 98 179 252 58 204 237
    23 120 193 150 76 80 65 113 62 71 127 163 25 19 155 161 145 50 36
    210 217 74 93 187 171 240 196 212 162 76 137 16 66 28 49 88 1 187 31
    100 158 26 83 129 224 171 131 46 5 222 36 134 25 174 162 39 7 102
    234 7 77 26 197 254 151 214 126 69 114 205 39 210 112 49 115 220 127
    214 248 158 125 171 178 23 107 118 55 235 114 245 69 134 209 164 204
    7 27 72 95 251 25 112 208 152 134 151 103 85 63 128 206 19 201 146
    162 93 47 67 243 30 65 163 217 179 118 214 164 115 230 96 209 8 13
    13 101 105 81 142 190 8 115 223 157 236 163 247 91 185 57 60 236 140
    120 98 74 154 175 255 43 207 57 237 71 37 230 58 121 167 235 39 68
    223 220 88 85 49 106 219 87 197 80 117 53 142 166 126 130 88 78 36
    212 112 24 234 89 71 247 223 91 216 40 10 45 166 215 112 86 250 156
    84 17 227 135 91 139 119 90 203 64 186 186 89 62 4 68 82 133 64 145
    246 222 54 33 214 79 194 63 181 65 86 184 229 150 38 80 36 168 248
    186 23 184 81 5 80 68 90 26 162 22 202 68 234 128 17 114 105 85 212
    229 108 36 199 66 33 203 79 20 107 38 140 220 116 53 92 0 144 83 176
    9 62 94 253 161 131 223 254 153 111 243 182 26 42 121 239 208 211
    210 115 96 98 142 150 163 226 139 151 244 25 56 68 36 105 59 178 191
    68 254 241 227 59 91 104 169 93 64 235 113 60 133 62 0 170 131 51
    136 49 131 0 85 213 179 227 201 108 240 72 221 146 187 45 104 44 61
    214 48 253 128 224 212 194 131 69 40 36 94 215 159 188 233 186 185
    97 12 245 201 18 14 86 95 34 232 18 171 5 48 83 107 233 123 241 171
    157 27 196 184 30 78 182 152 170 97 226 115 67 250 136 95 198 175
    254 162 216 201 74 74 116 128 49 93 55 185 50 13 211 136 131 88 66
    89 198 115 189 89 87 119 116 105 229 14 34 38 4 20 181 145 184 195
    198 169 130 76 7 119 71 218 127 225 188 134 77 51 129 168 17 31 126
    70 89 172 134 71 226 200 43 198 154 107 95 81 16 62 104 127 212 50
    235 94 89 128 144 7 82 200 57 87 7 101 61 132 76 58 198 225 27 227
    57 243 168 63 171 201 234 193 130 112 249 229 62 34 74 206 197 230
    103 22 236 23 211 120 4 103 77 243 5 252 2 31 43 1 190 38 143 62 135
    13 119 103 60 231 196 109 198 47 54 219 170 93 195 128 16 44 67 38
    66 13 119 77 153 150 31 105 22 144 62 229 49 196 132 81 149 251 106
    37 24 64 48 102 118 176 220 208 27 146 254 160 29 168 160 163 155 66
    139 152 193 177 3 251 89 66 78 134 178 189 7 2 115 80 180 179 243
    157 108 246 82 81 99 150 72 32 120 170 55 142 186 96 239 103 32 217
    112 41 19 125 9 22 227 208 153 223 228 151 5 157 159 122 229 101 123
    147 199 134 125 221 232 71 3 180 53 249 207 149 46 251 25 162 91 43
    191 82 254 48 210 153 251 210 231 185 128 4 148 146 92 73 76 199 22
    33 33 5 206 12 196 56 61 135 71 196 254 217 38 235 120 162 169 169
    103 157 4 90 205 82 236 117 116 69 254 78 134 181 176 84 167 203 173
    109 160 177 196 182 189 85 27 85 146 61 248 199 106 107 247 184 61
    47 52 201 227 235 174 117 80 95 7 246 55 65 244 220 122 224 223 89
    137 71 215 90 174 232 240 118 56 108 77 250 229 182 254 12 172 174
    193 207 156 79 11 173 88 130 21 163 74 237 180 171 140 26 48 96 76
    247 26 43 189 119 170 245 67 144 70 62 155 131 66 15 69 220 6 25 118
    128 58 189 93 126 69 9 175 109 247 36 241 147 35 176 220 211 193 167
    207 110 114 112 237 175 240 20 69 57 205 53 117 69 115 123 94 23 84
    10 22 128 42 52 48 136 159 88 153 248 75 94 116 94 178 203 137 126
    123 233 141 39 0 130 207 132 105 89 188 147 124 1 144 213 247 13 250
    20 38 115 12 12 171 160 181 131 244 114 254 159 212 105 41 208 40 59
    221 43 207 112 56 93 207 162 78 237 82 43 95 161 21 87 197 26 164
    172 9 191 176 247 117 170 104 105 245 116 253 210 61 207 163 200 175
    118 39 20 137 174 17 140 214 4 114 14 251 193 208 176 35 173 242 149
    16 80 130 227 21 137 101 13 120 12 196 186 168 146 0 123 36 221 48
    147 53 146 144 104 69 253 246 223 93 133 248 212 106 230 89 48 228
    122 57 218 243 8 196 13 29 10 137 200 95 237 191 118 208 107 34 17
    65 251 96 118 21 138 144 254 226 198 1 157 166 56 116 170 85 1 141
    243 190 183 59 92 163 142 82 230 191 75 240 71 16 212 7 72 249 17 3
    205 244 105 50 28 3 60 203 210 19 83 58 156 113 171 125 78 176 148
    131 234 64 12 17 111 166 195 144 213 132 218 222 180 240 179 202 180
    225 131 245 234 238 75 71 59 96 6 144 6 202 30 51 191 12 120 49 138
    8 210 190 114 181 227 10 61 228 40 76 105 203 110 23 188 5 175 211
    186 15 11 148 201 130 143 235 21 54 53 42 248 149 150 197 129 195
    214 68 210 83 88 146 21 149 76 51 96 191 185 52 222 125 162 46 45
    196 200 229 184 6 1 170 137 206 190 207 226 34 229 23 61 11 131 218
    207 235 165 41 194 80 130 46 247 57 115 46 242 138 205 24 239 35 92
    67 30 23 93 187 183 113 71 83 240 200 125 219 86 126 112 123 227 100
    66 143 178 68 44 121 115 79 5 189 208 118 188 218 134 6 203 225 86
    207 138 148 255 241 184 172 114 81 155 106 57 51 28 93 152 231 80
    197 133 51 107 151 204 173 46 164 215 5 18 111 197 62 21 166 194 152
    74 106 222 177 200 40 35 98 84 113 216 227 104 69 30 61 67 6 144 201
    243 156 205 63 251 136 252 204 34 103 122 198 122 147 207 46 150 169
    161 85 236 79 52 22 107 51 17 183 17 144 107 50 136 49 159 46 219 54
    188 131 192 152 171 195 236 42 197 23 32 160 31 27 141 133 21 201
    231 24 125 189 125 241 91 115 26 225 125 77 55 123 59 186 44 55 167
    44 197 231 73 81 146 72 76 206 221 4 205 41 133 162 83 253 136 190
    97 60 87 200 159 193 100 28 174 42 55 131 38 152 3 162 43 146 146
    120 163 239 240 161 175 61 30 214 237 150 35 98 75 220 182 36 222 98
    245 99 73 243 13 85 176 51 134 175 229 167 5 76 243 149 182 251 241
    33 164 9 254 186 239 159 237 235 136 18 71 181 0 239 49 197 147 18
    42 132 218 197 57 40 255 131 148 74 105 178 155 3 96 234 60 66 76 1
    36 214 162 218 215 123 74 23 129 221 185 76 90 118 64 113 133 123
    214 244 134 191 178 45 102 180 114 200 49 248 168 145 115 101 4 87
    221 48 244 5 169 45 52 29 86 44 15 76 187 196 56 44 106 136 18 138
    205 67 114 252 34 17 6 218 203 4 8 249 94 141 139 125 162 77 190 170
    49 245 16 200 2 41 29 212 46 87 127 89 195 246 178 143 9 146 49 203
    9 35 249 78 162 46 137 138 34 96 215 44 220 25 76 41 19 214 152 179
    127 168 122 93 112 57 93 67 245 134 16 172 55 2 116 236 133 248 198
    147 94 18 231 157 144 105 144 171 95 194 5 160 227 181 35 254 125 23
    198 2 50 199 6 141 136 180 74 153 130 33 245 150 168 232 44 117 192
    231 116 133 69 210 16 230 154 49 94 150 220 192 219 144 0 24 31 204
    244 176 247 115 103 239 23 3 69 217 81 131 180 31 51 27 117 167 229
    129 99 12 230 138 220 104 26 214 241 108 106 8 84 13 55 147 68 48 35
    186 17 247 135 48 24 103 138 115 133 10 62 215 211 135 67 69 249 76
    208 119 185 222 88 168 104 179 80 109 211 0 96 4 50 224 255 81 18 46
    62 200 149 241 48 244 56 224 46 5 189 74 30 175 35 180 159 15 249 70
    84 69 149 165 42 11 35 230 152 72 151 154 105 140 142 135 119 236
    157 71 50 234 89 219 153 52 213 174 215 163 7 70 118 96 27 244 77 36
    82 112 161 40 233 154 32 60 92 156 235 243 242 40 158 121 70 212 25
    90 96 177 66 5 155 98 50 253 85 180 88 209 50 107 166 41 121 74 68
    152 164 59 162 15 68 156 106 122 104 111 125 102 10 41 73 36 214 92
    147 226 40 62 130 34 107 193 174 158 204 166 107 42 189 253 201 143
    223 202 169 109 219 113 102 114 76 199 68 173 188 190 101 120 95 175
    5 197 26 247 43 138 135 255 186 36 238 253 84 240 17 53 181 114 141
    125 214 254 227 96 221 211 222 116 25 154 250 85 69 125 221 218 233
    162 115 51 163 58 24 94 141 22 161 147 173 45 245 143 92 75 249 212
    223 174 30 241 117 78 58 40 208 188 58 175 11 66 130 173 150 31 66
    185 5 100 247 140 189 196 56 86 178 86 130 93 223 144 8 40 243 80
    234 233 110 88 20 59 224 231 228 98 72 5 7 172 8 74 239 219 181 97
    195 191 195 20 60 69 139 250 81 174 29 227 111 22 118 170 96 202 215
    60 126 162 157 70 158 47 1 0 179 39 210 129 106 236 157 132 138 245
    145 156 150 200 55 45 56 2 126 155 186 250 104 197 148 75 158 201
    225 195 67 208 246 238 71 71 158 174 183 130 242 65 181 113 99 120
    229 178 89 188 37 177 200 94 177 194 24 119 149 241 186 247 152 136
    226 55 209 142 78 151 220 177 236 29 209 151 228 43 75 118 23 174
    197 34 184 118 87 193 255 181 83 249 74 83 228 169 66 179 29 16 47
    200 120 207 9 194 83 171 68 112 182 86 134 62 106 23 112 120 100 135
    38 189 196 94 67 240 121 168 239 89 16 33 71 200 155 234 182 78 18
    154 58 118 114 171 161 238 222 211 81 235 221 212 42 241 14 81 146
    90 154 201 94 139 150 153 100 62 104 87 99 250 190 137 199 177 105
    23 160 4 109 215 138 62 32 205 10 195 78 96 69 131 224 174 72 245
    231 42 227 56 55 39 43 87 160 244 140 61 149 209 2 114 77 153 131
    178 215 185 238 157 91 23 54 46 112 121 176 57 49 230 58 15 78 47 82
    181 110 215 119 32 127 119 228 224 182 234 223 178 25 144 98 129 169
    129 47 135 130 240 13 197 173 41 163 185 106 211 38 242 124 71 96
    228 227 80 189 201 42 195 255 196 163 55 110 21 151 193 247 205 54 9
    124 220 77 65 109 240 193 20 71 36 180 209 113 228 170 164 4 15 46 0
    57 117 69 3 46 73 63 14 183 190 67 157 32 14 64 156 132 126 87 242
    13 187 88 231 91 25 1 229 25 108 149 164 104 168 220 230 58 77 240
    42 7 95 101 172 214 215 17 68 15 20 1 164 103 185 127 140 43 186 18
    233 19 108 141 89 223 107 2 19 220 160 135 152 11 106 20 49 166 141
    108 36 58 168 118 66 75 46 73 53 208 55 171 174 152 180 33 121 183
    243 240 30 66 239 40 27 242 243 94 211 208 126 240 140 150 182 151 4
    108 4 31 161 54 12 244 4 92 77 201 127 102 63 57 5 231 146 197 61
    141 210 112 197 86 114 110 252 122 232 39 197 94 194 69 125 251 107
    53 131 187 225 23 253 209 95 123 83 162 94 188 250 207 136 198 46 31
    246 190 192 179 131 160 39 252 21 41 43 67 159 140 66 185 158 108 62
    221 114 175 249 70 162 49 51 200 50 11 227 9 22 240 163 35 104 72 64
    57 199 175 170 204 226 69 34 66 76 40 115 191 176 138 234 205 81 113
    194 25 231 242 7 86 158 144 18 23 185 192 245 14 210 196 7 91 43 173
    154 125 122 117 221 86 46 182 231 155 181 243 14 108 229 150 142 233
    133 177 16 167 210 84 132 101 235 15 168 21 49 213 254 203 18 115
    117 136 221 213 85 71 206 98 197 56 243 86 202 178 191 164 97 64 168
    149 231 134 25 89 178 166 35 230 100 35 16 147 51 147 24 113 37 133
    11 28 217 81 183 150 37 56 105 63 40 105 20 102 97 53 204 191 44 165
    122 244 226 200 123 250 154 151 54 244 253 105 142 24 170 85 161 34
    222 33 20 155 194 10 25 95 86 88 67 146 188 131 44 43 20 78 200 255
    14 153 206 52 111 197 189 39 226 218 73 66 43 161 175 26 139 226 12
    136 27 90 50 206 82 33 99 95 168 216 227 122 36 21 135 87 232 230
    122 51 166 69 17 114 86 185 97 72 54 121 68 249 180 53 7 162 189 194
    16 167 222 204 152 163 21 117 213 151 46 58 109 65 126 113 82 64 122
    44 144 162 226 181 58 123 73 108 227 212 44 217 56 25 243 134 121
    216 160 143 49 42 163 208 197 250 6 165 112 180 12 126 223 251 221
    93 103 152 47 1 248 18 43 24 128 12 51 134 83 179 195 38 213 200 141
    61 51 102 54 38 65 79 227 81 183 100 148 184 139 47 48 249 236 17
    119 108 138 88 77 67 5 8 103 109 10 215 158 48 215 42 234 88 158 187
    197 9 179 75 98 107 48 39 164 71 241 231 130 212 125 5 151 190 1 253
    219 24 66 195 127 255 110 107 217 120 189 196 222 196 183 82 124 206
    185 141 201 134 214 164 112 22 103 211 131 211 28 197 2 34 41 155 85
    213 100 5 107 120 209 162 191 25 80 173 167 27 250 186 58 44 160 68
    241 190 242 102 58 209 45 157 206 64 206 236 209 127 59 30 81 66 210
    2 84 10 28 83 92 70 127 4 167 17 106 38 191 174 109 169 134 244 29
    55 15 148 1 94 42 64 117 117 212 141 227 195 188 49 207 95 134 151
    140 249 120 46 249 148 158 53 58 208 37 122 90 119 69 7 204 87 119
    43 128 106 222 27 61 9 134 121 18 81 216 13 167 16 19 11 167 55 181
    188 161 247 111 248 205 54 192 160 145 102 16 162 63 23 223 253 142
    73 93 142 47 196 55 67 33 118 170 138 18 11 165 161 188 220 159 211
    56 60 159 37 61 70 129 235 118 232 180 182 147 66 96 130 37 241 218
    204 17 67 87 90 104 4 46 6 118 75 179 54 152 176 234 69 126 200 222
    196 181 250 196 130 73 91 25 18 203 255 16 49 155 138 23 42 5 249 62
    51 140 227 206 163 7 185 57 57 255 234 96 126 141 225 232 126 231
    132 146 152 239 140 8 151 43 166 154 255 190 204 87 233 87 148 58
    124 160 69 87 45 111 26 45 32 206 186 68 232 51 159 210 78 187 8 148
    254 219 54 157 203 238 70 30 95 231 134 161 54 253 123 144 240 116
    176 212 21 69 73 95 208 108 254 52 242 66 155 25 251 203 229 39 198
    200 117 224 83 232 168 176 144 218 135 166 154 152 147 255 155 91 42
    111 22 201 15 100 9 236 151 59 192 196 117 67 154 221 185 210 178 0
    70 22 229 24 39 89 119 220 27 168 224 148 21 55 56 14 143 197 8 194
    72 255 184 44 108 91 211 152 90 160 142 255 55 169 237 93 117 83 19
    120 83 255 231 102 77 134 170 110 66 64 86 77 118 161 198 139 1 165
    59 157 105 221 237 79 117 247 57 233 133 34 67 18 106 175 221 229 43
    103 74 162 24 85 74 7 251 221 23 214 90 141 157 103 66 117 147 194
    95 99 211 207 222 165 191 22 93 146 203 171 72 249 127 162 41 84 182
    149 116 90 86 103 218 23 20 162 95 122 221 140 119 29 134 233 50 155
    132 13 217 36 244 82 176 42 76 254 190 200 60 181 230 17 92 3 136
    103 222 163 156 169 115 166 132 251 103 183 83 34 57 199 113 149 200
    108 205 54 160 209 58 171 99 163 225 58 169 11 104 82 49 250 66 68
    178 235 86 235 55 212 138 129 234 8 61 37 2 104 9 110 36 47 49 156
    12 31 183 3 171 44 147 209 66 49 181 195 37 234 152 145 120 113 104
    7 122 6 174 103 66 114 130 40 202 62 16 122 90 248 232 87 144 119
    168 75 143 208 128 92 36 98 62 146 239 114 243 54 87 143 150 169 233
    176 2 157 159 220 79 18 0 151 210 132 119 204 96 219 35 231 239 26
    35 168 26 114 190 45 204 38 2 87 18 58 166 147 122 219 192 27 13 88
    156 108 83 43 69 18 9 36 52 241 105 107 231 61 40 9 81 250 132 87
    148 90 207 242 219 67 107 171 68 86 200 243 27 6 38 192 61 30 228
    202 254 46 242 103 217 73 227 28 209 39 163 207 208 183 55 149 45 22
    204 229 68 49 82 132 68 212 213 210 205 249 124 138 212 98 98 155
    156 52 135 86 41 43 178 83 81 242 165 214 51 29 73 250 157 197 216
    116 62 60 59 17 106 66 45 233 190 60 63 181 27 110 213 109 149 225
    81 196 128 99 156 155 162 81 118 201 104 222 244 61 52 105 135 92
    184 198 217 122 57 2 93 133 219 132 166 104 49 1 26 215 21 57 4 158
    151 205 254 2 95 164 217 32 190 189 89 241 236 220 126 3 125 151 130
    26 122 5 214 236 233 119 53 167 179 195 118 85 1 17 132 119 234 67
    219 55 90 173 79 212 224 209 118 42 110 148 207 15 73 245 193 36 216
    209 186 149 2 186 63 32 68 24 28 47 3 247 124 172 195 176 211 239
    100 21 225 74 6 247 60 4 82 143 255 160 38 107 178 215 128 81 225 54
    40 239 251 38 51 173 99 195 193 51 58 91 114 153 65 132 53 13 108 20
    8 79 159 173 153 233 142 170 233 156 239 74 142 233 197 145 131 183
    169 141 121 166 49 201 19 201 119 200 17 30 55 206 125 109 92 255 90
    18 175 137 31 74 182 192 87 147 237 208 158 181 139 78 52 20 45 165
    190 176 137 135 253 242 168 185 108 71 67 254 4 50 221 218 69 162
    135 60 66 127 68 108 147 224 211 51 196 200 73 11 104 186 3 116 20
    198 197 163 41 207 191 112 133 23 130 230 180 21 62 95 2 143 164 81
    59 22 149 81 237 80 28 199 11 113 214 139 211 102 225 158 160 250 24
    157 204 92 87 19 176 156 215 152 193 154 21 124 133 102 102 213 111
    23 180 122 105 225 89 139 152 65 130 219 85 235 253 221 215 153 180
    244 191 26 186 97 156 116 233 83 157 94 95 192 3 89 82 23 171 168
    236 75 51 68 43 189 0 115 61 153 230 62 80 196 204 223 168 146 153
    250 182 122 20 222 237 255 13 14 24 122 50 97 192 23 185 170 205 36
    235 117 157 75 107 214 69 169 106 4 78 84 136 187 252 224 103 95 157
    190 238 25 144 106 49 180 17 142 185 248 196 156 27 150 44 67 33 240
    116 142 170 247 176 26 40 249 170 167 93 63 194 213 241 149 145 202
    76 41 68 100 108 50 197 212 202 151 2 252 148 195 214 177 246 187
    113 97 140 198 55 111 150 8 232 196 244 233 37 69 33 9 242 14 4 248
    40 169 88 104 253 106 58 174 241 190 26 55 215 99 37 157 70 153 106
    168 115 48 13 238 93 85 222 93 233 4 109 166 212 236 133 241 64 14
    96 131 83 217 56 179 131 43 22 95 250 206 185 148 41 201 7 38 96 138
    104 72 65 125 25 116 84 59 165 117 207 61 167 232 188 169 117 243 98
    244 27 202 103 182 205 180 215 20 233 12 173 2 103 188 77 0 39 127
    214 58 73 110 113 82 148 230 25 43 110 138 140 33 184 181 227 115
    219 181 251 174 119 21 111 134 118 7 156 111 192 210 97 91 78 69 205
    175 163 67 161 54 9 16 12 183 178 219 220 175 69 109 229 121 234 115
    188 226 157 117 250 104 133 3 198 218 98 50 160 58 155 220 1 104 248
    67 97 115 24 30 249 125 91 64 41 90 192 58 13 242 224 212 234 94 144
    176 87 211 92 148 47 122 251 166 208 155 130 239 250 124 120 87 131
    100 209 220 174 247 27 147 32 125 211 233 252 199 45 69 145 10 227
    161 110 247 184 116 9 60 247 39 186 233 70 27 187 118 175 88 187 103
    61 204 208 78 136 190 189 146 11 211 253 11 121 165 136 198 71 30
    188 149 130 44 13 149 162 83 235 95 90 149 240 213 142 92 81 179 52
    145 96 158 23 0 156 81 154 169 94 107 17 131 82 9 205 251 53 103 228
    90 249 128 13 147 21 26 210 68 250 161 15 66 93 149 130 239 243 76
    207 244 251 200 233 250 19 91 5 193 12 131 107 97 177 189 1 253 3 34
    116 19 49 210 197 231 248 122 239 210 168 188 177 61 59 144 202 30
    173 232 8 108 62 217 194 162 208 215 164 164 127 237 234 103 75 217
    238 2 6 207 150 1 167 132 69 39 206 64 167 217 218 67 95 215 168 223
    171 246 15 82 102 181 251 149 159 80 169 246 232 157 92 141 66 252
    247 225 8 26 144 71 35 76 202 136 188 211 90 125 206 209 87 197 3
    227 209 86 83 247 23 20 103 149 50 167 74 220 149 183 193 159 99 168
    217 130 49 21 231 59 58 8 43 226 214 113 57 234 106 228 63 140 44
    143 11 249 250 58 166 150 168 216 83 208 227 196 125 51 252 72 239
    203 115 228 132 200 250 178 152 159 91 15 38 71 67 60 149 9 99 192
    157 23 174 190 55 55 33 104 163 74 23 129 81 233 220 183 36 247 248
    252 237 27 116 141 208 144 248 217 122 153 17 80 141 241 110 183 127
    214 22 105 59 99 249 114 96 214 138 232 187 143 113 247 28 2 138 253
    2 49 12 219 44 41 200 58 241 171 251 73 77 96 162 56 34 170 70 148
    125 30 215 35 116 179 189 191 223 35 28 134 107 227 200 180 189 186
    44 225 18 194 200 211 186 160 173 245 156 33 21 73 147 172 115 90
    199 39 77 107 106 247 20 241 44 248 162 129 212 182 242 178 245 25
    17 182 165 50 135 34 61 111 6 161 19 117 195 96 98 6 188 49 200 116
    195 135 130 94 62 145 213 237 160 128 106 11 134 174 232 47 120 163
    160 168 141 16 123 94 163 139 109 150 61 26 3 222 207 251 38 254 40
    221 33 88 108 205 37 173 229 106 245 228 60 58 47 168 223 234 39 40
    209 206 91 121 14 132 240 194 113 143 151 37 243 145 60 150 75 206
    15 194 88 240 137 175 64 200 44 85 49 170 41 151 225 17 25 177 101
    128 217 141 243 53 189 195 71 232 155 9 84 75 51 90 99 215 31 79 92
    185 94 168 178 65 192 63 248 218 253 20 79 126 114 94 206 154 29 169
    31 3 78 18 228 169 224 82 54 234 85 223 10 50 150 54 212 89 64 16
    215 130 91 53 139 158 215 3 88 207 174 104 147 246 100 251 31 191
    252 88 47 130 49 60 157 36 35 103 184 2 138 243 52 216 188 49 217
    141 242 121 164 183 246 224 176 195 68 186 134 106 211 96 203 183 14
    70 157 119 128 174 232 253 216 74 16 76 250 187 244 230 181 163 137
    102 192 169 48 189 162 155 58 95 241 182 205 86 115 179 111 203 236
    66 60 10 65 118 150 145 41 171 135 251 130 89 194 174 150 122 28 231
    2 88 230 46 65 6 163 97 161 35 67 139 61 194 179 130 76 179 49 11
    241 229 185 230 171 25 89 0 114 89 58 81 98 251 66 48 67 91 183 229
    76 80 190 109 95 8 243 35 203 154 135 229 193 227 249 74 170 187 233
    115 200 183 62 18 250 166 36 98 76 122 56 91 183 249 95 127 208 210
    207 43 239 47 89 82 103 164 171 93 123 179 21 193 140 12 92 157 97
    118 35 48 122 69 161 74 204 42 223 191 213 69 215 60 238 204 228 225
    118 167 193 135 213 193 106 146 186 40 49 144 245 49 109 104 232 5
    180 125 187 150 172 32 246 185 242 190 190 174 158 134 45 185 178
    105 44 177 53 235 251 62 240 147 166 199 152 59 219 92 124 234 158
    20 116 124 114 113 198 198 36 201 92 85 11 61 6 88 37 169 85 218 43
    193 56 117 22 56 57 140 79 180 2 42 192 190 64 31 24 185 72 92 192
    248 161 165 104 68 67 172 250 207 74 244 59 159 235 126 180 255 49
    88 96 72 54 144 227 57 66 197 33 87 174 3 251 41 233 184 138 130 174
    228 249 32 146 238 154 66 126 7 56 202 238 153 174 185 147 102 3 252
    170 249 8 131 88 48 30 172 52 15 153 10 226 144 143 95 83 245 135
    226 229 107 70 145 179 146 128 41 13 37 174 102 82 78 147 57 173 229
    202 80 40 213 38 244 63 91 35 17 248 255 237 192 106 102 239 225 81
    83 33 7 180 112 140 254 180 15 72 100 64 77 6 253 62 104 29 182 178
    205 20 41 162 115 195 101 156 125 14 28 149 198 54 31 237 92 207 184
    48 19 161 253 108 244 188 30 146 39 110 2 226 170 87 252 53 99 123
    194 207 199 237 6 205 138 23 170 197 195 195 134 193 192 198 162 129
    46 124 34 168 140 109 102 132 77 117 220 0 144 94 80 64 217 41 251
    93 190 85 195 143 33 105 174 172 10 178 255 147 246 137 192 209 68
    223 237 121 214 121 196 93 92 37 177 102 64 151 239 48 4 178 46 45
    147 184 26 177 42 123 105 64 138 202 211 249 149 105 5 112 205 198
    248 189 246 5 173 145 234 103 210 25 219 60 65 48 254 74 4 88 153 77
    120 204 187 38 182 40 48 0 100 126 249 27 69 79 106 142 91 103 234
    33 155 122 159 26 253 52 173 43 52 255 85 236 226 175 51 213 166 24
    213 110 19 5 116 108 241 108 165 45 215 179 17 114 78 186 105 3 193
    213 252 220 92 65 88 254 97 200 168 28 58 208 152 162 2 43 143 252
    78 192 99 94 167 231 94 27 227 162 235 234 57 221 153 101 229 31 101
    5 110 4 42 101 43 3 168 223 114 129 120 135 101 72 180 8 106 43 67
    59 2 126 240 177 151 112 21 32 254 211 22 53 175 56 126 65 92 38 102
    13 232 145 249 214 139 177 66 158 92 176 239 34 59 67 172 46 168 74
    32 70 36 82 188 134 206 198 251 113 23 58 17 209 140 75 84 214 221
    139 178 250 123 168 73 42 58 48 104 180 248 35 0 142 215 233 227 98
    55 147 241 93 7 76 204 249 174 246 51 156 93 176 122 105 211 222 90
    167 24 70 238 81 232 124 155 122 77 182 235 183 181 226 140 66 214
    188 17 234 102 24 235 9 215 137 179 1 187 187 216 188 173 255 187
    141 4 156 235 119 241 219 246 154 238 186 75 145 17 219 22 29 154
    120 176 231 29 156 163 69 7 163 146 97 183 208 6 175 234 34 162 124
    185 203 37 131 43 110 165 144 19 5 211 227 35 159 37 181 90 150 140
    142 5 250 113 207 152 48 154 23 115 117 98 139 165 70 116 235 96 118
    161 235 228 176 8 171 122 215 89 87 112 93 183 4 6 160 144 235 179
    95 149 87 189 100 83 9 189 106 168 212 26 91 105 213 34 108 246 125
    19 71 194 146 223 8 230 60 39 33 156 27 74 77 146 160 28 185 150 169
    23 140 18 51 237 94 3 145 75 249 176 29 210 233 101 39 191 35 224 10
    76 190 201 20 247 166 184 83 176 160 185 32 116 243 227 108 138 76
    85 209 117 37 124 25 178 44 31 92 167 40 5 48 34 46 90 1 143 214 75
    102 254 96 112 169 3 208 154 101 73 27 137 147 197 109 102 154 242
    210 255 14 188 72 217 115 117 22 109 162 82 77 20 215 164 160 97 85
    132 158 220 79 214 244 50 165 28 210 199 6 187 77 37 255 165 155 28
    180 162 51 85 54 213 249 209 101 84 31 236 53 95 85 191 227 7 43 40
    34 44 34 200 25 129 184 251 144 94 91 238 122 114 172 94 19 47 43
    166 181 175 95 138 150 214 93 159 40 89 191 40 49 81 86 226 35 148
    87 211 211 251 205 87 17 155 76 68 72 235 73 65 79 40 211 11 119 230
    150 209 60 130 197 149 211 94 22 51 245 184 180 244 179 74 107 128
    80 206 108 57 148 187 64 20 164 47 45 148 227 1 48 240 118 82 40 225
    44 213 106 231 162 169 240 181 6 96 71 226 37 28 212 146 147 148 179
    99 3 125 7 222 208 178 14 158 248 166 55 52 174 205 11 128 114 42
    117 241 37 226 54 28 208 110 217 188 160 235 228 86 43 122 145 159
    229 174 197 138 212 212 114 91 12 42 136 65 73 43 54 137 114 14 94
    237 204 25 95 40 241 201 18 58 110 54 73 218 4 63 75 4 90 251 247
    121 190 148 51 185 33 184 145 79 186 199 156 113 73 153 75 181 223
    58 94 48 243 169 33 137 109 223 189 201 59 114 159 103 134 43 142
    189 57 164 216 76 182 30 208 33 63 123 80 247 130 42 25 70 245 34 61
    206 16 217 44 233 82 245 159 38 187 121 105 15 69 152 171 166 138
    160 131 62 156 35 207 43 50 182 223 240 95 247 251 92 116 195 118
    228 39 156 240 173 123 205 237 234 149 192 177 133 74 175 230 150
    236 195 167 111 46 194 186 166 20 139 251 129 91 95 54 150 122 200
    112 2 163 224 158 205 71 172 142 171 9 3 16 213 186 74 96 161 147 29
    11 237 67 62 137 218 181 205 202 188 181 24 239 152 76 44 131 147
    233 156 66 152 93 213 170 153 240 135 184 62 144 170 218 88 254 164
    194 190 87 129 20 186 239 125 54 8 172 72 23 159 78 45 78 194 185
    225 10 35 135 52 170 20 46 122 42 120 144 144 68 212 237 60 140 86
    76 3 52 1 253 205 239 236 87 146 116 200 160 86 81 26 66 210 111 143
    178 12 113 160 166 44 57 23 173 46 239 108 17 221 124 235 226 227 47
    197 209 145 248 33 0 189 191 141 147 152 133 83 220 166 218 106 151
    178 51 60 177 165 220 250 239 232 161 153 51 100 124 107 238 134 35
    243 143 109 94 105 27 51 6 12 50 1 212 255 163 93 181 193 171 106
    125 159 247 244 18 95 141 19 235 54 68 50 163 209 177 150 205 192
    223 86 39 98 225 136 249 47 154 197 59 102 150 227 43 27 140 29 199
    189 65 138 1 106 149 107 141 114 37 144 151 98 201 77 218 54 239 1
    174 204 162 144 141 128 53 140 207 18 194 241 7 85 194 47 201 229
    161 163 134 202 246 114 252 21 157 51 64 219 34 188 108 69 243 250
    250 211 93 77 249 195 131 156 26 0 60 207 215 117 142 26 112 47 1 50
    222 191 180 175 67 224 97 59 242 70 108 238 196 224 205 78 69 129
    102 201 151 176 100 118 69 118 175 16 90 41 97 231 185 135 29 10 182
    66 138 79 198 25 204 87 40 54 204 208 185 11 231 137 185 135 143 161
    203 208 88 245 60 181 214 148 99 18 40 128 220 218 94 127 217 45 194
    32 30 35 59 91 12 50 10 67 86 121 44 217 73 121 213 27 92 211 205 7
    101 135 104 37 95 172 221 19 18 255 248 23 237 150 15 131 232 178
    139 249 207 66 212 11 83 200 14 119 199 122 241 29 137 141 86 0 78
    219 221 37 151 169 255 206 152 81 115 29 58 229 49 220 21 100 109
    155 89 227 171 46 124 193 65 13 114 149 42 221 51 232 93 95 207 206
    123 109 9 183 59 241 133 173 127 177 136 202 191 196 128 36 104 30
    133 112 121 48 243 62 121 129 34 20 227 6 61 115 147 119 111 199 3
    44 133 42 139 62 91 167 74 188 48 8 174 205 55 211 93 144 123 10 85
    246 92 157 163 202 249 25 194 248 212 251 103 40 115 115 216 20 173
    184 149 125 238 246 13 237 161 210 99 119 166 182 217 247 73 152 195
    22 66 117 215 169 12 57 20 214 202 165 128 125 244 48 114 243 90 249
    35 145 57 114 14 14 203 74 130 3 148 230 153 163 168 84 1 10 26 224
    199 27 58 147 146 193 76 176 223 196 141 51 84 240 130 252 213 249
    183 54 13 128 21 17 251 205 158 75 193 43 50 71 107 233 180 52 117
    186 180 99 155 214 17 55 188 23 133 101 240 139 11 156 101 89 19 226
    184 95 128 191 3 158 138 201 134 28 246 254 100 31 15 187 190 114
    148 184 236 236 82 160 81 8 238 245 29 174 234 199 233 128 30 112
    223 252 62 96 122 109 218 205 120 78 57 1 35 11 188 140 246 201 115
    222 30 9 163 3 97 53 254 86 39 112 248 210 114 68 8 7 220 171 109
    141 168 138 180 97 193 165 41 11 24 52 248 171 20 109 146 208 219 5
    150 164 243 105 70 213 194 50 32 170 14 7 114 85 118 1 154 96 144 79
    122 83 80 232 168 1 153 43 19 95 61 233 222 20 30 208 28 223 13 216
    58 55 135 159 103 133 108 30 133 136 223 94 232 109 194 180 7 134 60
    102 239 32 70 225 26 215 110 241 84 44 93 69 88 95 147 240 37 49 140
    93 38 144 224 183 201 76 149 170 229 205 76 182 17 121 101 251 141
    216 190 3 6 137 174 201 111 123 234 235 13 196 200 144 15 65 161 7
    239 174 140 191 255 92 92 127 39 246 18 86 158 181 8 137 153 224 236
    205 19 79 165 168 72 230 102 41 88 189 84 120 221 92 86 121 119 250
    91 138 206 130 102 90 217 34 116 115 101 248 19 143 243 218 166 184
    100 76 188 145 131 4 145 226 215 85 248 127 28 21 131 76 224 233 68
    124 15 177 116 89 48 63 58 50 186 57 69 224 62 12 130 29 37 12 141
    94 186 18 237 46 82 182 246 170 215 29 212 145 224 164 133 255 70
    169 132 202 51 107 167 166 249 145 238 206 64 114 167 29 174 144 35
    208 40 127 234 41 255 108 3 39 18 107 175 220 58 31 133 100 137 58
    141 29 65 30 88 70 111 115 203 89 139 55 30 100 16 64 241 66 154 192
    56 142 88 93 131 87 2 223 204 250 176 105 153 44 92 194 97 135 253
    212 222 55 154 98 157 96 205 27 91 77 163 192 114 14 166 249 26 140
    238 176 117 53 252 197 115 60 228 111 241 46 149 170 110 215 202 204
    122 182 184 170 156 132 101 248 95 184 48 94 66 202 116 221 158 241
    91 226 134 131 169 194 128 19 247 49 113 173 117 9 113 51 238 55 14
    13 46 119 163 135 135 115 116 116 110 169 250 78 237 205 79 184 162
    20 170 161 195 102 56 205 1 56 179 162 221 6 233 48 240 162 234 108
    75 8 171 198 167 153 246 2 130 118 205 211 195 135 184 215 236 50 22
    232 155 110 211 159 163 59 60 67 98 195 131 27 112 135 5 78 185 15
    214 30 250 212 160 94 155 1 18 156 144 61 59 248 253 45 231 216 34
    125 202 57 176 178 0 30 74 131 123 34 198 217 230 56 168 68 102 8 91
    96 17 189 123 27 123 1 146 73 12 77 50 246 75 79 14 239 49 202 107
    249 188 230 70 143 61 229 33 222 201 180 236 213 52 161 7 242 46 175
    225 66 122 243 148 122 227 225 218 191 208 65 163 25 11 142 15 143
    72 78 27 80 151 100 201 62 114 156 155 172 192 215 132 24 33 42 65
    20 122 43 188 107 115 5 212 240 152 166 41 142 144 80 254 209 67 98
    98 106 125 28 247 21 114 26 152 237 92 242 133 33 144 57 255 198 88
    255 44 68 255 134 33 232 198 91 97 139 145 28 31 95 116 4 27 198 169
    185 144 4 53 213 37 78 80 40 102 131 54 131 12 91 35 130 240 126 200
    72 160 62 46 156 184 146 250 171 168 91 66 145 229 223 38 75 68 142
    81 118 50 31 208 84 158 219 59 92 108 76 101 46 99 147 135 196 199
    169 165 117 243 150 173 247 63 124 10 206 59 181 35 166 246 17 205
    213 61 144 154 4 247 210 39 90 51 162 99 35 11 246 151 147 197 37 28
    223 139 106 79 76 67 109 221 105 230 1 100 217 71 189 230 216 83 143
    125 227 77 238 22 241 195 12 154 98 99 209 186 98 74 29 64 233 231
    47 200 44 106 17 97 158 35 177 9 222 101 180 19 133 213 120 179 229
    105 33 52 246 48 166 138 150 82 132 62 212 143 120 198 9 69 32 98 35
    29 162 197 38 59 94 220 16 253 141 42 95 236 10 47 70 15 123 108 155
    229 142 147 26 252 182 24 179 222 32 132 207 78 108 45 8 176 198 21
    227 35 218 237 183 14 97 120 157 143 42 10 217 39 146 191 2 57 97 17
    195 5 27 248 126 31 32 136 35 145 8 126 114 7 20 96 236 225 238 62
    136 72 242 108 79 109 2 202 31 130 116 172 218 112 100 156 246 71
    114 144 40 248 124 115 72 163 195 52 166 225 126 22 57 153 60 125
    192 131 118 86 76 28 70 27 56 183 58 24 104 124 96 24 97 245 247 184
    123 154 22 144 24 156 66 62 230 243 152 102 174 106 69 58 104 8 71
    83 9 57 32 195 49 36 73 39 150 228 32 239 30 133 177 198 56 224 174
    35 180 149 255 51 22 180 198 56 230 3 62 227 78 166 150 216 255 0
    193 17 240 56 181 109 181 103 96 242 68 197 204 7 158 104 14 213 175
    125 119 187 39 76 241 204 54 59 67 141 141 178 140 45 17 156 58 66
    226 63 255 76 16 18 132 160 29 59 191 148 59 54 31 3 46 5 244 65 57
    0 226 202 207 198 229 216 104 253 137 142 30 107 79 221 195 193 33
    82 141 182 216 176 76 178 103 139 144 21 50 184 229 168 61 6 180 172
    182 148 103 161 69 90 209 236 177 132 149 225 128 20 92 167 157 0
    199 11 103 97 240 75 38 86 211 184 96 187 143 63 184 240 237 224 171
    137 77 136 115 180 119 178 172 98 239 151 8 134 230 23 152 218 35
    100 194 142 132 233 231 32 60 213 72 218 93 88 251 106 147 5 141 11
    151 11 149 43 121 82 170 132 126 49 150 186 14 130 169 29 164 49 76
    252 150 234 75 134 78 116 65 154 241 128 245 7 223 214 88 9 31 111
    41 169 216 180 72 11 186 158 248 243 183 91 207 247 123 156 47 165
    142 234 242 119 195 25 83 137 7 113 131 51 207 160 187 245 219 107
    105 117 148 131 3 252 162 146 76 103 40 46 242 159 108 7 83 103 105
    69 203 51 179 85 209 210 75 80 152 225 6 34 228 237 199 15 79 142
    233 122 217 178 230 187 93 152 196 64 92 238 178 219 162 96 157 206
    68 41 110 123 239 134 90 60 45 250 57 146 26 209 156 133 54 152 47
    16 246 211 147 80 10 135 250 217 71 77 155 159 147 37 205 234 146 72
    126 195 109 43 158 168 69 151 94 198 236 145 175 9 201 183 186 143
    43 100 57 206 70 3 240 25 174 219 216 58 18 206 101 226 166 169 41
    150 193 128 160 101 60 53 44 67 228 238 160 84 88 246 234 117 53 131
    42 170 40 112 202 42 247 42 35 244 172 231 68 39 114 21 91 190 9 102
    252 133 47 214 31 100 162 58 145 248 99 146 78 158 146 61 21 113 25
    46 21 210 153 11 119 99 31 40 130 202 57 130 174 134 120 92 148 199
    228 107 176 175 53 135 66 69 250 47 76 183 234 38 55 225 71 52 137
    21 45 177 113 102 128 146 234 62 64 186 168 156 125 216 96 113 113
    10 46 216 213 255 150 183 102 126 226 175 2 31 220 18 80 243 163 24
    162 90 121 208 234 29 141 104 117 215 211 126 186 65 198 163 48 31
    236 232 178 100 233 52 99 47 187 108 83 86 79 103 71 186 88 199 228
    43 40 29 82 51 246 26 228 217 234 112 164 221 176 212 247 140 122
    141 44 7 86 178 44 12 40 41 213 252 8 100 228 59 116 26 192 252 208
    249 91 70 207 224 123 64 243 90 242 139 181 127 248 56 246 106 88
    160 133 38 154 78 155 75 35 157 183 176 251 216 222 197 149 44 192
    33 106 61 75 179 174 234 128 7 44 189 121 36 178 38 4 182 72 80 77
    208 188 17 74 59 187 222 2 61 167 115 194 175 154 252 148 137 231 80
    215 1 160 227 245 140 83 207 202 158 204 77 55 152 40 184 110 180
    109 237 253 130 182 92 135 5 73 110 244 47 30 10 134 71 183 169 8 93
    155 245 92 77 151 246 248 235 162 60 68 193 197 160 206 176 255 107
    35 244 245 199 90 131 92 82 233 182 118 67 251 67 148 150 80 110 69
    92 185 41 20 172 224 71 237 90 180 146 14 167 59 184 197 251 163 126
    124 108 231 220 24 104 80 109 114 60 132 17 96 104 153 140 160 164
    247 145 130 187 13 132 249 164 150 26 216 188 3 157 157 109 29 103
    189 126 111 18 181 20 223 130 107 97 36 228 196 178 85 27 63 131 242
    240 78 71 61 161 22 139 208 4 102 58 180 252 232 241 100 197 192 85
    163 252 14 68 53 226 141 219 212 179 15 183 70 210 59 175 161 210
    101 59 130 212 250 41 42 236 145 25 122 218 18 101 90 104 11 74 232
    43 246 141 155 209 125 148 23 194 199 187 93 33 132 49 119 71 11 12
    165 18 97 227 28 114 73 230 2 160 97 119 202 49 127 154 28 50 179
    157 102 66 22 128 163 174 146 92 185 34 150 181 81 235 150 68 0 236
    234 27 164 103 244 70 165 246 14 198 113 199 96 85 168 6 199 15 159
    31 124 75 190 111 129 210 205 198 57 32 141 142 183 234 200 11 63
    243 226 189 216 107 221 30 101 158 165 87 218 99 130 105 160 89 89
    163 227 208 214 99 224 242 111 231 153 239 60 123 89 72 30 112 67
    202 145 148 136 232 31 74 156 178 181 197 227 145 112 89 25 117 102
    149 156 112 43 213 139 249 130 135 174 93 138 209 51 98 220 210 220
    123 84 212 137 159 208 94 71 161 117 42 89 86 97 250 22 66 69 13 84
    97 121 211 123 170 235 147 198 44 121 211 28 63 55 131 26 11 134 242
    131 127 43 186 175 139 109 76 24 94 229 245 200 0 94 0 139 117 164
    61 119 128 113 151 214 158 44 240 84 106 176 156 13 85 149 203 140
    12 222 209 95 180 101 141 180 219 157 17 182 190 110 208 235 18 171
    211 64 130 243 134 209 249 227 75 123 229 207 149 71 44 186 42 52
    174 36 233 69 217 7 179 173 110 100 57 111 40 232 150 121 2 173 95
    105 40 212 10 23 122 136 126 114 223 180 22 68 91 59 189 106 180 93
    196 94 101 4 182 122 181 236 143 119 152 244 178 99 236 93 237 254
    199 251 89 222 204 220 15 49 12 190 211 218 64 148 75 3 96 217 59
    171 62 166 56 87 250 216 206 239 127 161 23 70 214 46 45 143 190 213
    130 43 78 12 94 128 36 42 210 35 34 118 216 103 187 58 62 233 48 5
    221 45 82 205 161 236 93 51 96 244 230 78 249 96 246 186 211 90 234
    246 37 30 129 189 161 167 62 136 149 208 168 125 87 51 11 98 159 77
    142 141 162 165 199 16 79 6 253 24 43 92 9 249 185 136 210 199 41
    157 30 8 44 109 213 78 165 242 65 35 58 144 118 188 50 174 222 6 195
    169 31 103 212 118 137 251 108 213 126 254 121 141 252 22 39 52 36
    144 159 120 120 85 104 246 65 48 161 182 87 27 230 62 120 21 18 37
    35 188 136 54 245 148 168 90 147 135 93 241 154 231 43 182 191 248
    59 49 28 56 50 13 224 78 75 14 146 159 93 36 45 48 40 99 115 252 137
    0 106 209 120 74 222 250 79 219 21 34 253 147 96 60 232 59 81 89 141
    145 251 159 22 6 109 73 170 16 42 114 198 48 32 203 101 126 141 161
    179 121 60 191 194 12 35 211 87 117 125 154 17 118 110 130 251 249
    247 235 211 34 156 72 186 156 80 22 133 73 241 19 127 236 57 28 71 9
    80 207 13 236 142 56 101 29 26 243 172 170 22 227 171 172 244 46 116
    15 160 118 47 30 79 227 22 201 92 226 130 74 58 98 74 30 151 130 107
    151 20 14 60 6 84 237 139 225 28 122 246 185 178 255 116 156 217 164
    150 108 129 112 193 224 209 26 28 167 181 234 217 80 158 196 222 42
    116 232 5 148 105 92 62 207 2 151 141 59 32 102 99 247 108 70 0 118
    82 16 184 155 37 213 27 42 204 128 159 75 152 79 19 30 56 34 70 196
    174 37 235 146 35 77 232 64 148 185 252 208 201 152 0 48 173 69 59
    55 125 22 98 0 86 80 217 200 110 131 23 248 77 237 148 115 25 65 29
    10 59 26 141 98 123 175 251 16 17 132 135 181 43 194 4 136 50 113
    227 71 217 11 221 146 235 131 84 160 223 136 144 159 85 40 238 114
    55 249 140 118 75 45 222 49 234 177 156 30 253 5 222 115 164 115 239
    17 172 182 202 18 157 15 72 198 64 91 182 158 17 56 112 237 87 184
    39 138 48 89 127 77 174 187 63 63 133 45 10 41 42 157 16 211 30 103
    143 48 43 252 136 151 167 108 138 202 37 13 120 137 32 18 73 164 182
    107 11 168 53 14 51 108 61 185 124 114 146 19 113 203 35 102 239 92
    220 112 190 5 105 106 88 31 134 172 3 88 52 249 59 63 30 50 220 178
    207 80 175 198 5 207 123 167 125 13 203 246 178 70 82 54 120 105 173
    181 112 174 196 145 130 26 225 222 220 239 99 197 229 179 238 90 69
    70 169 185 228 47 242 49 119 255 32 249 247 251 204 212 161 3 209
    208 39 172 139 167 67 254 30 127 149 162 127 16 242 120 204 214 191
    10 80 186 11 141 148 184 158 111 185 186 198 18 72 60 189 45 223 93
    161 159 95 141 214 241 29 28 58 216 114 10 203 216 164 83 180 208 93
    16 250 42 200 248 93 75 213 243 197 107 156 151 135 101 183 179 211
    62 171 72 66 55 47 156 178 145 236 43 135 240 215 21 161 167 68 128
    228 104 79 221 208 137 40 135 230 139 172 53 194 37 130 147 85 241
    121 134 254 230 12 180 191 173 190 112 17 187 61 157 134 132 68 242
    122 187 97 251 188 221 69 219 68 73 131 58 125 34 212 202 206 91 32
    195 33 250 37 15 174 49 141 138 81 197 60 220 163 30 248 167 173 162
    56 203 123 54 148 26 245 224 49 176 27 178 2 250 107 88 124 118 27
    89 210 19 39 184 55 167 71 245 53 65 147 107 150 48 221 119 227 49
    169 229 189 176 255 9 51 196 141 186 0 144 168 214 32 39 45 183 71
    89 237 14 168 10 230 208 60 3 237 140 24 232 216 223 235 216 202 134
    0 232 181 152 53 242 136 234 170 253 36 166 183 99 207 203 68 163
    207 156 36 12 159 63 86 95 212 114 224 207 5 161 203 233 23 33 9 35
    115 87 135 53 90 104 97 125 63 63 55 163 7 72 157 132 170 177 254 58
    225 19 23 182 103 33 43 31 104 148 134 150 24 132 119 80 15 22 160
    176 24 94 129 18 9 198 159 211 128 31 252 147 9 233 190 213 42 120
    75 206 17 206 6 80 117 208 47 184 213 203 224 161 73 66 162 117 67
    172 233 252 69 244 77 253 236 55 190 244 9 176 196 119 6 59 78 181
    130 210 127 32 167 44 53 33 124 51 245 192 8 179 52 72 46 103 96 189
    35 192 1 232 79 82 160 165 104 232 131 34 85 158 59 238 71 99 242
    204 254 19 90 219 9 145 127 41 192 184 254 49 116 82 227 20 137 56
    203 148 64 148 197 28 216 64 22 148 207 151 0 181 171 52 70 192 234
    147 182 246 211 227 94 15 234 116 250 179 37 202 124 103 248 101 174
    146 67 103 161 232 16 54 247 96 97 66 22 19 132 153 112 6 83 85 194
    133 41 27 66 206 212 75 226 135 168 14 89 163 72 105 66 177 31 173
    109 226 31 250 192 144 131 18 119 185 234 43 107 77 33 123 154 170
    40 144 216 247 220 254 124 77 109 50 236 37 229 101 177 30 152 190
    118 221 45 174 131 215 75 19 85 163 114 175 58 128 69 204 148 239
    181 67 34 128 67 28 100 43 55 239 148 193 243 86 240 120 198 148 136
    52 231 39 223 192 21 54 240 161 2 44 127 154 60 75 131 152 11 152
    206 244 160 37 120 27 24 25 3 185 149 116 94 244 119 252 217 206 95
    228 102 183 245 12 77 248 20 87 41 185 91 66 254 246 184 173 138 41
    153 105 100 48 120 236 177 21 107 230 218 71 112 29 7 231 66 80 231
    202 57 193 88 241 102 234 249 73 98 87 140 242 6 188 32 120 66 173
    171 90 66 191 112 246 191 193 136 147 212 172 63 75 181 191 143 7 72
    205 67 177 212 253 21 113 105 121 22 111 41 167 84 14 186 169 195
    146 148 29 243 104 34 71 173 83 106 110 106 30 17 227 21 134 150 20
    88 42 23 55 87 154 230 219 110 193 134 61 163 240 96 131 184 54 159
    250 252 187 15 147 254 22 92 42 205 199 154 139 85 200 214 59 250 52
    40 146 216 162 155 181 50 8 241 40 69 101 255 243 202 70 210 55 62
    182 232 135 88 159 244 108 213 88 160 213 9 204 176 248 131 174 46
    211 127 83 181 24 54 227 105 119 46 137 64 239 41 75 176 19 240 140
    12 17 49 250 37 199 33 26 212 145 13 226 160 223 111 112 80 186 110
    139 203 110 24 11 157 159 247 84 197 93 203 126 33 197 20 215 58 222
    30 101 142 124 252 147 140 184 8 5 133 150 170 43 18 2 124 148 100
    28 107 222 223 173 194 136 159 221 103 74 120 154 130 41 187 123 133
    172 37 243 85 31 231 213 201 203 216 181 214 141 42 159 123 88 132
    148 66 168 0 132 82 20 91 81 111 211 153 86 233 143 251 189 73 48
    204 42 172 219 215 244 77 128 54 227 168 134 31 12 44 73 251 105 158
    106 178 254 229 240 218 165 172 223 12 61 34 107 41 169 204 235 157
    40 100 28 153 243 233 210 244 189 134 252 175 164 75 228 181 42 150
    47 140 120 78 166 53 27 72 80 128 193 166 176 41 202 177 79 111 9
    132 1 196 66 103 70 224 176 142 254 19 0 95 235 175 156 67 82 89 27
    139 87 187 90 175 121 230 75 217 97 28 234 112 206 243 180 184 214
    240 138 46 137 50 87 212 220 19 204 88 40 231 179 52 97 47 95 154 98
    177 4 171 223 66 152 171 222 189 134 184 79 66 184 192 145 92 56 85
    206 232 144 26 144 117 6 65 24 61 234 145 146 6 189 208 251 195 89
    220 113 134 123 127 156 120 77 35 14 69 174 160 28 231 48 92 10 119
    253 30 251 183 203 143 125 120 237 242 224 0 19 157 229 219 198 158
    61 115 122 168 197 12 84 253 165 5 20 6 130 45 58 44 212 243 193 98
    203 209 237 104 19 11 37 186 25 38 40 32 214 33 246 20 151 239 139
    195 91 98 155 19 191 3 32 245 145 100 183 251 0 182 112 230 240 24
    225 84 148 8 246 223 44 166 168 179 56 78 219 154 45 147 208 9 106
    242 77 113 216 242 100 243 74 149 226 252 38 130 209 217 180 229 23
    84 241 121 72 65 91 239 215 95 199 234 178 142 222 11 178 175 89 249
    141 61 195 36 64 142 237 159 102 140 176 66 31 169 96 217 120 35 122
    198 104 65 208 201 68 61 125 4 89 104 5 83 99 238 209 63 103 100 66
    144 80 237 167 10 138 62 233 205 188 32 151 92 253 235 128 5 156 99
    121 137 56 236 179 182 203 67 108 158 186 176 146 22 224 240 120 227
    201 186 227 4 247 130 45 206 136 117 243 46 38 83 93 112 108 107 174
    238 52 49 229 66 92 25 59 162 139 41 160 207 77 204 216 138 254 82
    195 235 232 222 223 193 189 5 170 165 108 49 96 118 182 108 24 61
    117 32 147 88 136 77 86 235 58 21 183 187 168 34 216 111 206 41 56
    241 20 95 131 106 108 149 188 166 221 61 4 62 77 219 41 3 250 206
    135 27 189 24 240 186 246 111 39 112 251 98 167 52 93 232 87 186 21
    60 61 192 165 196 126 6 24 105 5 62 38 205 14 167 158 78 104 200 46
    224 91 53 41 55 241 26 8 58 150 212 136 181 103 136 190 218 222 169
    147 67 84 58 54 112 83 139 224 86 129 219 227 88 225 127 199 231 229
    192 208 250 151 191 221 183 44 54 34 81 7 122 105 13 144 180 181 110
    252 61 94 148 79 80 6 10 186 184 158 176 127 190 33 247 77 12 131 72
    119 35 121 17 223 79 12 208 163 9 49 164 66 218 128 113 129 53 230
    136 25 232 126 240 108 165 158 83 86 183 245 220 1 208 191 102 153
    66 114 47 112 7 130 9 94 10 135 42 142 19 163 136 70 7 30 240 171 42
    182 28 3 87 139 162 100 36 172 169 95 83 7 165 248 196 112 120 26
    143 163 169 45 182 235 188 68 248 59 154 60 30 73 231 71 171 224 117
    137 63 196 75 44 76 66 167 224 221 88 212 144 238 151 229 150 172
    139 188 46 200 192 8 79 154 25 111 215 128 154 199 42 125 129 244
    178 58 91 223 170 28 43 208 93 139 50 100 140 183 158 163 174 21 204
    241 247 103 215 226 107 40 225 241 170 204 186 251 200 191 213 10
    113 32 215 251 255 183 67 134 194 143 196 178 111 124 54 210 34 120
    235 28 156 172 222 124 156 87 226 179 106 98 51 183 78 165 150 157
    232 194 168 89 62 74 224 19 117 144 172 47 97 23 172 144 164 102 221
    26 96 247 253 89 16 236 66 181 149 184 27 229 25 139 231 31 64 175
    40 27 148 205 12 11 19 103 194 115 82 131 216 131 174 212 172 18 78
    253 171 247 214 28 251 39 228 210 203 4 28 147 101 239 104 55 102
    250 47 15 41 154 138 202 219 29 217 57 93 71 84 126 94 104 223 102
    107 90 185 163 16 207 75 95 44 96 189 29 214 206 211 12 163 168 195
    188 211 252 104 126 201 193 216 224 132 78 116 126 55 197 109 247
    193 244 182 104 84 205 58 251 236 171 234 218 203 38 90 48 237 143
    196 200 187 148 140 13 199 65 183 105 178 17 181 4 172 59 60 102 62
    108 82 157 154 222 121 27 6 13 77 196 128 177 42 150 133 174 42 205
    192 202 129 225 113 81 174 172 3 116 202 133 184 81 246 160 40 154
    62 105 158 247 253 157 162 122 158 200 212 150 176 214 178 19 241
    237 149 213 6 159 72 108 68 169 237 17 122 18 123 140 42 147 92 226
    44 0 23 20 164 192 76 52 2 52 86 21 210 27 176 26 14 23 2 131 41 135
    82 67 34 153 159 5 159 191 26 209 2 250 186 184 48 58 64 199 141 181
    245 35 197 44 185 115 244 221 229 32 62 18 20 157 188 132 255 146
    185 57 230 240 144 186 99 108 102 167 21 32 50 111 202 11 221 153 83
    171 187 128 150 6 55 193 209 241 113 63 214 106 195 64 53 6 35 242
    182 21 157 30 107 29 32 132 183 72 166 151 170 111 198 231 172 189
    211 136 101 140 180 104 188 139 226 210 74 254 175 193 152 59 236
    176 134 143 128 234 140 21 17 174 222 150 218 56 24 101 79 154 225
    16 60 19 246 202 225 175 47 3 128 133 16 150 90 179 220 29 247 248
    165 104 67 113 129 239 33 8 211 150 134 199 194 96 101 101 0 151 154
    171 233 54 194 7 209 127 145 74 40 226 17 34 10 184 79 239 15 209
    200 72 19 115 114 99 217 103 58 37 152 120 71 49 81 74 239 161 164
    170 206 206 239 254 115 123 131 204 122 187 100 150 214 131 199 237
    243 186 71 197 76 110 122 194 13 9 114 117 186 35 190 62 137 224 231
    103 7 124 114 241 13 233 234 102 62 210 162 185 209 61 185 104 185
    239 150 28 55 74 174 24 150 119 196 4 50 162 196 255 254 45 85 103
    99 215 164 83 93 205 76 81 55 99 106 211 114 173 229 103 138 69 29
    205 34 79 191 134 64 98 88 111 95 72 221 55 184 193 251 4 94 236 51
    176 56 181 102 54 29 170 189 91 3 212 21 24 21 229 45 75 194 171 92
    114 200 71 216 203 64 61 83 115 32 35 92 138 176 240 227 29 27 251
    118 146 225 119 98 204 253 56 155 22 82 16 143 205 91 81 0 229 24
    220 51 6 109 227 28 148 163 207 234 138 24 206 53 204 157 51 107 71
    8 107 207 208 83 207 183 186 193 213 68 152 219 72 233 216 122 236
    214 89 172 30 54 212 116 42 108 187 169 125 249 198 219 116 173 155
    170 55 207 211 194 127 107 98 113 51 190 152 182 55 146 5 216 162 41
    93 140 235 40 22 131 190 123 162 242 58 60 19 83 255 67 154 156 46
    121 162 218 55 190 99 89 28 59 1 252 126 229 122 84 251 71 238 81 14
    218 213 137 157 13 147 158 83 139 78 7 248 66 37 244 208 107 120 180
    159 50 86 147 28 207 19 67 89 231 161 238 240 64 189 86 168 71 249
    245 154 149 231 184 240 202 82 183 212 222 20 82 45 73 238 46 132
    205 70 229 215 136 60 247 157 217 134 228 62 19 207 168 213 242 100
    86 59 66 247 39 209 150 145 246 162 36 51 171 166 43 34 90 203 213
    20 240 126 70 218 11 11 28 155 49 6 189 26 134 195 63 185 24 50 2
    237 181 224 0 99 213 149 78 191 134 150 111 116 188 50 15 72 172 157
    99 190 124 61 18 169 194 255 160 162 10 140 227 33 178 146 53 22 186
    100 125 64 39 67 41 18 233 37 183 55 86 14 196 30 182 9 101 18 38 79
    83 156 223 56 13 175 93 223 250 145 180 215 208 113 161 54 110 56
    174 228 107 171 172 246 48 121 31 30 221 165 28 155 111 228 219 41
    19 2 169 1 89 208 171 127 184 177 203 237 178 39 197 135 62 152 115
    167 236 136 78 73 239 14 122 48 171 61 114 148 240 200 102 254 168
    22 188 50 240 106 38 2 62 195 29 243 77 90 2 32 135 85 183 229 183
    192 127 210 253 199 79 52 116 136 215 0 37 110 118 137 0 158 36 31 7
    240 212 199 101 68 16 31 47 126 184 239 29 142 177 105 132 217 125
    196 106 184 2 38 217 195 12 90 129 157 127 3 191 179 246 142 205 96
    139 68 40 115 246 136 40 246 120 1 194 190 147 174 97 5 182 215 123
    19 90 197 67 18 128 79 2 192 237 199 11 7 32 62 75 90 142 245 171
    240 45 193 46 60 17 32 253 121 152 5 213 61 125 107 47 226 165 54 36
    244 191 226 124 176 195 64 81 242 74 159 89 102 95 141 74 118 173
    108 54 169 210 168 111 113 87 109 106 60 79 44 218 34 147 87 175 101
    215 64 176 222 185 183 121 123 145 154 70 43 95 153 243 247 144 215
    43 212 19 125 244 186 113 61 87 215 19 61 69 114 11 145 209 125 216
    73 203 189 50 150 169 237 241 33 15 252 152 168 125 107 15 112 240
    124 108 134 167 96 72 224 66 189 167 211 202 144 121 127 102 173 178
    28 124 140 192 47 230 163 49 34 240 179 58 220 152 101 25 55 230 37
    63 15 249 171 39 93 225 245 29 148 48 29 246 51 191 102 88 115 104
    42 148 52 250 18 162 249 166 249 45 124 84 196 67 211 124 112 169
    158 114 78 128 84 129 148 66 67 77 232 183 53 71 1 49 60 219 247 248
    153 35 192 214 172 80 90 157 146 249 76 93 245 169 9 221 97 14 223
    228 83 42 125 139 156 129 159 138 221 46 2 166 19 36 5 123 231 249
    206 180 212 136 222 217 66 155 28 77 47 29 172 11 30 31 90 5 81 113
    65 211 142 97 128 239 39 110 139 95 72 14 228 114 205 33 205 78 106
    249 241 192 218 247 103 122 84 44 169 230 84 62 31 46 24 235 171 120
    218 38 67 122 65 63 80 243 0 239 38 137 40 82 228 38 189 90 136 77
    53 115 164 84 134 73 52 228 14 246 135 92 237 46 52 44 226 27 61 102
    59 252 166 151 232 46 186 29 45 222 144 7 133 206 122 179 1 183 186
    50 195 241 90 223 122 75 58 125 195 136 20 11 136 59 29 105 36 142
    96 218 239 209 135 31 72 60 18 199 207 148 81 136 252 209 183 199
    209 112 151 52 23 194 165 155 206 52 49 109 20 216 248 112 74 225 22
    156 41 117 199 128 222 62 141 78 20 107 87 182 213 50 235 243 27 49
    21 7 140 154 254 162 255 117 8 131 100 58 198 19 254 151 255 43 236
    23 114 26 98 179 115 213 79 251 166 67 234 77 35 103 221 12 179 204
    179 180 94 227 181 107 33 40 101 63 252 51 10 217 35 45 254 148 52
    236 118 243 243 117 68 145 197 17 46 129 2 43 5 161 155 73 246 143
    155 124 48 236 91 163 212 87 147 6 233 233 77 216 253 155 55 227 86
    248 130 174 16 23 167 192 242 44 156 250 114 233 218 105 98 141 231
    160 206 179 124 246 62 216 33 70 168 66 58 10 131 185 103 89 252 224
    242 51 172 220 52 201 138 73 27 110 4 69 148 102 182 240 60 159 36
    210 186 185 50 152 214 177 91 64 166 135 155 160 58 66 203 219 21
    116 145 72 8 252 224 211 163 208 151 84 220 153 48 17 205 26 146 198
    171 169 48 131 107 118 39 27 71 161 226 157 181 181 6 98 41 188 45
    21 53 250 178 232 204 209 84 77 109 22 77 245 74 88 127 204 124 123
    51 148 212 198 149 252 233 81 160 167 75 241 54 97 150 62 119 183
    190 191 11 93 96 233 70 31 100 169 223 109 138 186 46 119 9 136 120
    188 171 146 26 159 10 74 154 244 145 229 103 187 253 18 183 99 89
    162 124 43 129 205 63 114 207 107 225 215 17 92 58 26 25 0 105 137
    173 179 185 80 218 169 143 76 130 211 57 215 152 170 73 12 85 193
    246 3 120 212 60 140 60 187 234 141 101 43 85 13 0 74 149 132 40 179
    96 44 72 235 120 120 86 179 118 73 167 59 250 172 227 23 46 68 40
    246 163 237 108 158 142 70 248 161 219 107 142 221 170 134 59 11 228
    212 21 32 92 239 46 1 158 5 39 89 15 21 186 5 31 128 142 60 159 173
    75 14 211 79 243 207 151 145 41 82 142 71 189 46 155 82 175 129 9 27
    67 135 177 125 12 25 243 219 209 184 5 222 88 1 107 171 200 153 167
    127 196 116 118 11 68 84 206 89 92 46 127 244 190 129 159 155 56 74
    65 174 86 156 241 40 190 194 9 123 44 72 39 185 96 193 149 70 247
    147 205 245 36 218 123 16 111 117 106 7 133 147 223 243 6 42 180 41
    131 239 64 97 77 224 214 234 163 134 100 110 100 154 213 29 201 107
    181 14 135 65 42 23 7 41 122 53 29 251 210 75 161 155 88 165 207 128
    203 71 160 220 10 92 228 105 189 92 235 158 182 39 65 139 90 74 204
    82 229 78 235 63 72 12 89 17 225 26 238 32 80 159 227 3 128 250 30 2
    219 193 90 185 171 204 118 53 133 240 156 193 99 39 184 125 101 204
    137 117 15 146 49 128 250 25 23 25 14 117 200 250 26 148 223 199 195
    32 152 218 112 197 107 24 31 134 25 140 115 173 44 121 231 169 250
    161 237 64 217 80 52 32 254 91 172 217 147 121 11 251 124 119 184
    100 145 229 94 192 199 174 214 142 241 88 126 31 211 3 39 253 174
    241 119 113 10 53 116 208 239 58 139 64 246 234 47 48 240 43 221 202
    109 225 107 243 187 114 239 16 105 148 202 146 186 143 145 97 174 35
    99 55 154 218 26 55 104 217 49 187 194 94 13 13 225 93 111 165 237
    220 174 166 156 33 4 185 162 79 47 218 123 146 236 13 1 37 188 15
    141 117 104 128 190 71 127 254 174 68 254 93 20 74 26 110 65 57 190
    109 94 26 86 83 104 213 28 133 9 154 15 239 174 99 121 128 88 125
    238 245 148 85 7 107 11 130 73 98 140 240 167 84 144 21 89 114 188
    46 89 11 101 36 181 253 142 175 2 206 136 18 247 207 190 237 14 195
    162 155 242 191 199 124 174 75 130 98 45 166 45 229 63 130 165 119
    87 107 147 161 152 204 179 120 182 151 59 117 65 96 213 186 135 167
    60 234 79 184 141 82 237 129 101 206 159 117 150 50 232 133 163 235
    155 59 82 86 46 7 233 227 44 27 232 172 49 65 105 176 64 41 13 195
    206 1 73 135 181 199 99 67 32 5 220 56 88 236 204 210 139 124 50 28
    95 85 194 186 178 246 83 152 187 249 150 70 227 32 53 85 66 206 27
    36 122 37 184 46 100 133 185 149 154 215 190 120 209 197 235 84 181
    83 59 26 149 178 148 59 169 144 249 56 63 207 14 72 15 85 122 202
    224 79 61 244 150 99 193 172 209 196 210 71 17 162 77 223 252 222
    137 94 87 169 44 219 235 58 81 37 3 183 83 219 159 61 248 6 245 76
    87 76 14 246 56 13 30 128 218 242 171 15 73 160 132 139 126 242 83
    246 207 57 91 90 245 159 186 127 251 189 15 54 27 232 182 151 227 36
    249 35 109 251 250 79 57 61 190 201 128 96 177 9 45 132 97 124 165
    204 101 186 155 17 86 83 120 102 17 188 42 108 166 219 242 227 9 245
    43 25 23 195 188 221 213 84 227 11 141 115 32 112 60 54 46 1 166 133
    70 208 218 235 12 176 163 73 191 219 202 87 199 64 81 68 138 190 84
    37 146 112 52 17 150 50 182 59 121 11 71 158 171 135 228 236 130 113
    245 69 101 192 49 107 96 171 10 226 216 142 67 137 136 106 59 191
    108 48 24 239 6 145 176 245 152 158 79 73 239 219 24 221 238 76 238
    46 3 223 7 82 114 88 204 54 43 122 201 173 217 237 213 161 164 107
    67 118 20 241 141 171 103 191 96 190 222 74 129 98 142 163 63 14 1
    242 51 90 168 4 174 48 175 206 105 111 1 98 85 217 103 77 133 4 15
    98 61 97 32 227 100 55 248 201 241 112 249 62 76 20 149 243 33 108
    113 6 224 183 146 157 232 71 54 43 66 173 210 184 80 147 96 110 81
    140 167 28 88 177 198 84 176 93 201 38 95 50 158 67 8 98 166 100 51
    235 242 103 216 3 153 171 72 191 107 119 148 9 77 206 205 142 240 8
    15 145 31 229 149 184 176 107 193 36 35 47 130 239 130 218 145 88
    112 58 114 123 55 210 130 54 161 180 165 51 56 140 206 185 238 114
    40 22 217 160 198 14 88 223 217 70 219 213 221 74 242 166 247 195 46
    140 99 59 73 179 115 158 32 96 104 255 180 114 199 152 166 113 30
    171 203 173 36 209 184 39 137 109 125 6 207 34 126 149 147 134 159
    189 86 80 106 48 89 227 67 206 50 71 108 169 179 244 21 59 40 160
    212 16 225 159 97 69 199 103 85 215 133 195 184 5 14 32 95 115 164
    18 27 196 128 222 128 7 151 249 190 160 16 216 106 221 153 111 139
    63 62 219 247 236 110 90 88 93 92 219 72 135 14 218 213 235 81 2 80
    166 69 250 165 94 249 37 134 242 163 0 252 69 254 16 98 43 162 88
    198 32 181 218 245 229 108 205 129 89 143 230 21 190 41 55 1 129 226
    74 204 133 121 113 167 21 79 67 242 63 153 192 238 92 138 55 120 209
    173 214 64 97 47 157 64 23 99 53 47 122 9 185 102 41 245 177 68 15
    31 118 241 116 107 238 139 26 70 144 102 236 104 214 196 80 134 124
    112 175 161 94 217 29 122 94 213 37 123 214 214 138 121 3 75 150 22
    110 175 122 212 176 148 155 144 55 85 239 181 108 31 17 118 14 229
    210 71 225 46 193 189 95 238 177 229 19 46 133 49 81 100 111 13 188
    133 25 242 34 42 2 106 211 118 131 51 155 149 207 230 114 229 15 118
    195 75 58 137 123 0 13 231 162 9 9 217 97 212 255 39 80 77 117 141
    77 178 244 144 127 103 162 76 253 24 48 217 194 30 30 158 165 152
    108 39 212 25 53 139 34 245 118 218 69 162 205 83 246 90 157 102 214
    164 32 224 230 10 49 165 105 125 18 195 163 234 63 250 224 105 131
    225 153 164 223 161 33 190 185 99 104 236 223 24 139 21 120 223 45
    174 89 56 162 222 162 47 239 44 248 200 133 193 20 152 140 44 67 50
    227 164 199 26 0 191 42 237 57 127 128 230 135 37 59 31 82 58 145
    251 50 5 177 229 131 132 45 25 148 50 255 248 24 138 93 85 17 141
    107 175 125 214 183 243 223 87 255 39 7 28 44 227 182 17 18 195 0 14
    163 35 19 90 242 161 56 166 136 193 189 6 113 44 233 166 52 238 163
    31 10 161 44 66 188 204 41 72 239 81 62 190 224 252 233 127 15 251
    137 111 161 244 53 132 156 26 126 159 129 95 208 43 142 69 123 94 76
    87 37 53 61 157 138 251 179 16 197 107 190 112 33 227 202 120 43 5
    54 120 95 73 211 248 132 179 147 248 126 90 247 210 88 229 182 43
    152 217 17 237 9 73 164 32 65 83 196 101 90 159 131 122 218 106 153
    121 173 82 196 6 18 221 33 150 186 117 206 211 215 129 243 215 50
    171 6 164 53 100 46 95 4 124 170 72 121 230 230 133 239 241 99 188
    59 183 32 150 40 113 87 122 51 193 153 194 118 69 232 121 229 122
    174 186 143 142 233 80 205 30 121 205 228 197 141 88 11 29 109 163
    73 168 18 184 16 249 63 40 117 145 64 205 42 222 152 71 217 74 66 13
    5 169 93 16 38 10 28 89 154 224 61 178 56 142 149 176 244 73 119 168
    109 218 138 244 110 245 20 60 173 48 240 86 236 251 10 21 30 81 60 5
    17 159 131 162 29 132 234 225 125 31 251 188 251 177 210 49 57 22 22
    25 198 91 204 101 103 195 134 127 154 164 228 89 208 28 38 28 161 81
    253 196 120 87 97 210 80 0 47 98 53 87 167 98 237 190 131 190 22 166
    248 87 242 203 25 128 147 54 176 114 79 242 120 149 232 68 39 53 100
    150 56 137 227 191 133 84 146 19 92 172 53 185 14 234 94 155 97 105
    68 163 255 11 246 82 12 200 83 254 188 90 9 129 38 98 88 19 156 138
    227 99 105 39 164 52 5 79 91 85 35 20 103 34 105 233 50 100 73 25
    116 228 66 89 113 36 7 12 185 6 189 1 241 179 44 22 30 199 83 233 17
    45 41 169 113 68 123 249 166 37 33 94 164 218 161 132 116 97 131 207
    123 77 251 197 211 63 71 237 189 143 96 175 139 122 246 142 74 130
    74 97 146 225 35 232 229 138 232 66 27 57 67 114 185 131 60 236 75
    26 162 178 210 37 10 176 173 244 236 56 0 225 40 85 94 111 207 184
    165 99 226 58 225 105 50 234 208 10 99 228 180 175 87 69 61 248 35
    25 1 103 168 86 25 123 9 236 186 18 41 186 42 74 130 216 233 5 161
    124 198 41 222 33 78 13 106 205 74 74 83 0 89 30 99 248 17 95 211
    184 140 207 17 196 22 199 163 242 40 22 239 220 154 18 11 54 203 153
    196 254 149 158 132 176 192 90 58 132 14 250 203 187 250 115 86 209
    219 79 220 12 44 101 97 77 70 148 58 66 166 95 228 213 41 20 252 69
    54 215 37 181 192 209 219 63 97 244 156 206 201 209 110 30 39 34 71
    44 205 78 24 138 186 58 207 242 2 247 125 201 231 75 100 58 68 55
    130 74 118 19 209 246 4 253 251 224 242 21 4 80 158 67 95 101 101
    131 88 206 28 148 109 218 254 115 139 67 224 254 159 0 146 102 112
    224 58 158 151 234 30 18 7 198 134 70 39 225 35 117 208 230 117 232
    99 55 165 107 106 57 168 131 26 241 62 108 248 9 196 150 159 18 131
    208 112 117 166 4 87 129 173 190 238 26 183 172 15 99 10 120 142 209
    227 68 130 226 73 97 205 224 70 80 66 185 126 212 218 76 174 35 97
    175 60 180 240 12 170 197 239 187 124 217 48 114 11 67 198 181 81
    120 28 92 58 25 216 95 119 205 202 14 89 31 155 54 39 197 109 28 49
    148 20 17 235 29 189 171 105 54 90 237 16 118 241 234 92 246 48 2 73
    74 167 169 105 27 90 84 222 190 121 63 9 124 255 233 197 251 182 108
    65 117 231 178 136 230 205 187 19 31 38 31 102 135 76 185 133 96 168
    21 226 56 82 66 38 25 212 103 123 192 172 84 136 67 35 8 13 141 18
    165 193 182 92 245 155 158 221 1 215 180 17 229 79 93 88 150 64 17
    28 104 206 64 79 188 241 41 207 232 140 61 58 182 38 225 73 75 241 7
    4 108 214 184 139 124 213 160 88 27 243 216 217 188 176 19 186 133
    183 161 83 62 192 117 132 92 219 76 102 13 4 236 83 129 248 47 135
    131 3 26 70 246 189 180 20 137 28 10 8 222 80 57 11 234 203 240 152
    237 194 187 1 58 104 89 210 250 210 192 162 29 158 159 212 239 124
    87 167 12 149 187 115 197 166 49 0 6 19 36 136 22 54 110 195 213 70
    167 100 114 75 219 34 46 1 103 141 86 232 153 87 142 33 37 247 99 3
    82 42 32 149 137 11 23 33 245 131 175 83 56 107 68 22 151 152 17 72
    56 38 115 137 56 10 242 211 185 163 121 42 176 228 30 3 218 89 37 2
    222 131 225 214 188 183 132 32 184 141 224 191 108 80 100 149 0 244
    169 197 100 179 221 14 148 67 82 22 225 83 47 191 34 130 77 119 50
    107 29 82 64 38 153 218 90 19 39 125 212 12 35 199 16 84 221 86 184
    187 50 237 178 104 23 169 14 206 56 194 38 2 82 119 56 230 185 115
    157 163 199 196 173 217 237 175 132 135 221 194 160 81 37 44 112 235
    92 251 182 151 12 92 77 144 179 16 177 103 7 140 91 150 36 98 0 233
    193 171 161 216 217 104 45 26 118 69 203 108 124 209 57 93 63 254 72
    23 178 99 20 23 58 53 188 216 202 249 150 159 158 221 96 153 13 136
    32 168 96 40 209 205 153 216 113 127 48 54 114 78 7 134 208 140 57 2
    197 51 220 0 34 130 66 200 0 196 31 130 232 171 59 92 25 109 22 58
    225 146 168 91 120 219 21 27 236 250 35 30 176 242 200 145 120 220
    61 190 164 200 147 105 207 74 52 63 172 71 75 8 131 159 70 240 72
    223 185 227 172 121 83 98 222 183 120 141 32 63 205 228 207 208 125
    97 68 177 122 63 159 62 158 203 176 130 21 213 65 226 36 19 224 146
    144 119 107 213 34 204 76 96 43 19 68 113 151 158 9 125 10 196 41 41
    186 65 14 174 30 25 170 212 176 125 134 253 87 105 101 38 87 210 244
    225 66 156 140 177 2 191 70 143 191 105 75 146 87 1 200 121 255 249
    154 68 152 73 148 160 205 198 47 61 235 116 233 253 50 225 127 220
    230 41 156 226 235 15 186 51 223 228 0 104 239 59 149 245 130 98 173
    250 223 127 1 244 202 68 121 143 137 172 170 10 88 185 59 36 182 64
    2 106 96 189 9 99 1 244 9 164 53 224 8 166 92 131 42 15 55 107 27 29
    188 101 198 118 55 114 149 162 122 86 184 251 22 151 83 52 98 80 52
    209 2 249 252 81 194 250 137 10 200 47 156 186 196 124 4 61 147 46
    158 103 82 31 137 81 86 212 32 192 253 147 160 19 254 254 18 27 102
    155 228 74 40 159 97 125 86 177 212 217 18 205 162 48 29 244 83 150
    173 129 251 176 15 133 82 64 147 119 254 94 214 98 187 49 146 167 82
    103 206 217 47 221 177 211 252 178 66 215 201 42 31 45 240 80 248
    224 243 86 209 103 11 161 194 170 88 12 67 158 104 87 163 11 192 197
    62 123 224 23 118 204 114 226 123 255 190 245 187 211 30 89 225 118
    104 152 248 149 216 233 133 179 71 160 63 42 184 229 6 41 118 58 91
    54 184 193 254 65 77 143 219 57 230 130 240 70 57 21 185 6 171 110
    65 140 99 106 244 178 112 142 15 33 210 246 201 137 207 27 20 202 51
    232 24 145 15 79 71 157 203 241 192 65 234 248 131 240 76 105 195
    159 161 231 73 66 50 44 2 191 45 18 195 221 0 131 242 227 104 0 46
    196 214 155 151 42 249 251 22 179 123 141 235 69 216 179 217 121 132
    15 3 185 24 185 195 144 76 73 138 216 115 180 212 37 78 26 96 94 215
    157 206 7 11 199 137 176 52 31 162 216 14 131 99 225 123 58 22 236
    115 15 81 56 244 16 97 166 60 126 1 204 5 93 251 93 199 134 217 98
    27 0 186 73 101 166 206 93 88 0 197 166 199 118 115 99 27 188 34 46
    3 69 47 15 190 237 2 240 200 80 137 34 179 195 144 253 103 113 224
    149 84 73 219 76 92 227 238 202 84 236 108 173 213 98 27 51 42 177
    225 232 229 88 57 219 53 85 205 87 29 169 153 250 45 122 174 65 90
    21 38 166 57 237 149 232 143 87 189 74 70 141 253 25 18 133 61 238 3
    57 127 97 86 249 199 216 158 98 241 215 203 90 170 239 105 92 32 15
    180 150 63 121 95 151 186 216 66 70 200 93 252 176 102 41 122 154
    105 93 130 242 8 217 218 45 181 232 156 128 235 114 33 125 252 55 76
    63 208 6 252 82 155 54 12 31 200 197 53 216 186 150 233 199 190 113
    217 61 68 181 24 81 73 87 198 112 232 167 27 157 15 88 119 84 213
    238 193 63 173 58 67 237 132 218 183 138 85 117 63 17 236 232 73 245
    44 28 196 44 114 115 62 19 84 169 140 235 238 92 79 183 19 66 6 45
    56 51 59 138 40 222 143 81 58 185 107 196 112 59 52 105 80 160 15 46
    67 217 79 49 150 240 74 90 15 248 178 54 7 114 43 68 201 20 143 131
    97 130 50 144 8 202 214 183 213 158 81 66 5 44 77 72 207 36 148 152
    177 38 19 29 15 65 58 28 8 24 82 72 152 116 215 87 102 197 10 248
    240 160 10 148 55 243 62 240 242 184 155 108 129 71 33 83 140 109 4
    24 23 62 154 140 103 142 252 202 134 161 160 244 222 13 142 1 82 147
    195 101 51 119 76 78 53 10 81 193 167 91 21 11 37 137 214 194 199 25
    69 54 206 9 148 180 5 109 229 123 252 80 118 235 217 140 25 122 36
    87 51 108 97 79 247 220 179 35 39 47 61 233 168 1 216 74 136 14 153
    127 8 243 164 200 107 116 33 171 213 102 58 176 138 43 106 196 143
    71 214 204 225 148 179 192 23 33 152 91 223 222 67 144 164 255 137
    27 212 224 129 198 140 69 229 201 7 212 204 10 46 22 128 91 201 193
    95 43 66 10 224 122 167 109 5 17 34 84 222 254 121 232 23 164 139 92
    195 12 2 41 192 25 191 202 59 101 112 80 183 25 170 113 255 146 160
    34 181 72 24 22 99 247 47 159 211 241 84 163 73 237 32 192 54 59 102
    248 105 170 125 217 184 205 134 176 87 200 1 186 40 197 34 53 11 244
    209 126 138 160 207 15 138 110 34 150 32 189 98 33 228 74 117 153 86
    4 7 201 36 13 237 134 27 2 36 208 82 147 180 61 161 226 10 185 81 83
    134 105 250 240 214 112 173 142 88 110 77 197 70 141 181 152 4 116
    71 128 198 196 185 165 86 61 121 9 209 166 83 74 22 35 102 207 205
    81 12 212 94 197 174 142 252 127 233 152 65 23 254 110 37 28 50 222
    113 10 148 63 249 170 24 157 223 32 3 54 48 81 13 9 99 35 27 48 76
    207 226 5 138 176 96 195 77 113 183 45 105 63 100 241 177 28 156 177
    102 116 213 192 233 51 175 53 255 169 64 19 35 70 20 212 105 175 50
    93 21 156 79 238 71 101 3 52 196 138 221 243 186 98 253 107 143 201
    84 157 93 97 43 122 160 220 204 50 131 196 42 247 234 95 42 167 168
    222 3 37 149 27 180 30 203 156 67 31 218 181 1 186 36 166 91 252 244
    31 16 196 170 224 191 22 107 175 86 207 216 190 157 136 235 76 46 87
    188 134 221 105 251 103 144 106 205 241 71 39 129 0 27 220 47 84 22
    72 31 31 111 136 38 175 232 67 195 247 121 17 212 80 107 252 19 160
    145 177 27 16 11 2 170 28 127 38 194 21 222 104 133 139 41 107 127
    254 255 211 205 213 150 88 145 29 154 205 45 73 11 182 222 119 48
    219 196 138 105 142 129 113 146 59 138 211 117 102 111 63 35 138 230
    234 148 142 141 120 54 77 224 205 181 225 207 141 183 20 151 153 211
    19 119 87 233 194 46 85 115 187 91 109 198 47 250 154 53 97 5 202
    224 8 33 211 102 52 192 248 100 197 155 141 52 44 63 42 96 205 173
    222 118 206 205 156 124 52 219 173 42 52 110 50 177 174 103 197 20
    133 17 117 230 64 127 56 130 112 49 165 31 239 55 105 71 32 122 62
    229 244 193 202 112 231 56 70 202 115 231 248 68 39 160 173 20 174
    138 50 104 172 6 122 98 208 137 183 178 183 106 37 191 246 253 17 40
    38 161 207 14 113 87 163 126 90 236 93 40 106 161 5 187 214 71 223
    11 120 83 134 130 210 232 145 225 157 192 252 118 218 112 188 189 88
    7 9 178 138 217 214 56 155 177 31 52 169 22 47 95 159 217 188 107
    147 44 247 47 184 54 139 62 193 158 100 45 1 48 120 245 39 250 133 5
    146 16 155 76 38 68 192 126 85 139 128 45 177 244 187 153 33 205 166
    140 16 236 10 8 207 210 11 170 146 219 185 167 158 152 255 138 130
    164 136 135 154 185 188 21 114 188 121 53 28 168 195 15 76 145 102
    250 18 131 47 227 146 113 202 227 67 45 16 111 150 50 132 128 168 39
    87 83 210 103 181 244 79 85 187 3 250 53 12 11 245 48 126 163 35 57
    222 158 25 127 238 186 122 63 173 161 231 252 155 212 179 19 134 66
    162 191 19 130 37 126 65 17 70 147 149 97 187 138 193 198 137 204
    219 70 69 173 34 147 88 237 13 233 191 83 170 180 250 84 10 115 181
    188 251 69 113 220 232 77 64 130 4 20 128 182 216 223 8 244 243 137
    10 254 239 97 52 71 218 92 21 162 212 78 112 230 49 228 55 210 17
    184 242 82 207 245 178 170 57 83 109 54 111 237 2 192 235 149 7 205
    50 29 77 56 96 151 109 107 203 174 10 11 27 25 37 164 73 129 130 34
    206 220 59 249 194 66 227 234 162 85 31 95 205 79 251 187 122 77 94
    31 165 53 245 168 216 6 89 151 29 46 31 234 57 188 243 55 38 146 94
    222 116 96 210 63 106 77 179 205 11 159 234 90 33 25 217 219 70 139
    123 10 143 66 26 27 248 45 31 42 29 218 78 94 162 94 105 27 132 21 8
    103 94 192 179 108 93 53 117 141 71 25 131 125 10 4 139 35 179 26 42
    78 222 188 124 114 35 95 87 140 82 112 214 5 42 125 21 196 123 80 61
    123 52 20 239 58 196 207 116 146 221 28 75 31 80 4 129 5 174 158 189
    201 218 213 237 215 242 77 69 253 176 127 203 33 109 230 61 230 28
    169 31 92 160 104 203 116 130 113 29 82 173 173 75 232 187 138 82
    252 11 145 39 244 193 91 6 37 63 1 253 96 61 189 197 27 96 24 248
    149 123 131 172 231 125 45 72 216 86 154 212 134 221 194 226 152 161
    107 89 57 4 255 253 218 157 85 35 161 104 87 124 243 9 195 130 119
    211 215 219 223 153 75 222 187 195 133 166 249 61 128 102 175 135
    187 178 22 151 66 208 153 85 195 14 77 150 86 48 183 136 197 2 195
    245 126 155 190 14 173 145 231 139 1 229 64 132 70 78 2 30 184 189
    213 163 49 59 25 28 176 227 206 130 76 91 177 193 15 197 200 189 156
    69 145 208 211 136 5 77 30 226 89 92 221 3 178 31 200 114 99 121 160
    32 58 81 225 139 249 35 32 230 250 155 22 5 142 227 225 98 47 247
    179 204 31 37 19 84 39 119 60 161 185 25 145 26 234 11 127 79 12 26
    235 244 7 107 76 210 29 73 153 208 251 43 84 79 15 238 88 107 153 72
    39 0 3 188 91 176 44 153 45 138 168 136 220 4 161 177 204 96 212 11
    6 164 46 182 217 101 51 96 85 48 118 155 218 94 131 97 145 255 54
    187 155 119 57 80 153 63 48 168 6 48 237 102 201 148 104 3 145 205
    229 76 219 66 118 241 255 246 239 16 63 157 203 48 89 42 177 112 203
    103 132 189 38 23 140 59 240 202 141 186 80 50 211 201 201 116 76 37
    166 220 83 63 222 29 160 40 144 240 216 40 174 65 86 88 8 33 51 176
    87 209 102 222 37 251 62 234 150 202 90 255 71 239 244 35 42 252 49
    194 161 70 172 203 0 135 250 169 157 152 127 132 84 118 120 208 201
    133 159 185 199 69 151 95 115 46 222 227 76 128 163 5 205 15 172 130
    183 174 191 37 90 162 205 95 140 47 146 140 106 237 115 182 143 176
    189 154 178 173 206 18 139 178 26 110 214 154 136 74 125 238 165 146
    85 114 191 246 236 100 209 181 141 196 143 121 38 19 163 255 77 209
    1 9 151 58 219 31 152 172 29 194 248 201 51 231 73 155 101 191 179
    182 47 148 122 46 43 85 212 232 97 54 226 255 159 251 131 181 142
    209 185 13 3 231 66 55 42 152 255 214 70 174 192 149 56 184 162 224
    94 151 152 218 21 133 118 182 148 68 61 226 118 232 69 121 166 21 14
    38 206 202 95 136 53 167 196 252 222 151 161 238 214 224 201 52 146
    43 231 173 158 205 255 140 140 35 7 193 41 64 53 53 121 18 42 233
    146 70 41 88 40 181 239 23 50 92 193 76 179 20 185 253 149 90 183 70
    148 71 230 67 4 42 172 246 111 21 205 175 214 159 209 234 155 52 36
    141 84 54 156 129 194 160 166 192 203 185 26 244 51 226 170 250 254
    227 105 223 21 190 227 203 46 114 56 1 222 91 101 79 166 108 77 249
    35 74 226 135 31 42 224 233 74 127 113 188 87 168 169 38 140 212 223
    138 66 95 226 15 75 119 151 17 17 229 232 85 79 156 236 83 139 139
    112 26 141 51 243 222 157 29 198 35 45 173 6 61 11 243 254 79 114 83
    213 106 151 34 59 242 144 219 113 135 102 135 176 197 27 146 179 162
    37 28 221 168 31 167 102 125 56 135 4 101 221 110 218 178 210 49 192
    55 141 12 228 224 163 2 134 222 166 190 114 236 27 144 216 46 118
    198 30 24 162 199 106 44 126 59 161 47 199 125 98 21 131 219 165 214
    121 241 87 136 60 12 190 202 169 162 34 17 169 4 115 148 85 85 128
    53 146 98 226 159 166 225 197 176 138 232 226 96 19 235 43 30 87 86
    64 201 155 8 146 98 99 111 85 92 71 131 92 86 109 54 100 150 156 72
    136 241 169 123 161 179 236 3 240 135 64 85 41 102 245 64 39 120 218
    158 3 151 150 73 188 8 16 200 42 38 161 145 114 205 100 216 108 72
    169 251 196 211 9 144 214 95 141 94 167 175 236 206 188 207 245 250
    206 87 220 228 223 92 158 69 138 253 232 182 68 236 158 151 95 134
    174 23 93 124 48 23 235 193 214 113 143 42 179 246 85 50 10 92 21
    125 2 52 179 172 227 119 230 65 42 213 178 195 254 38 169 50 37 115
    247 202 114 55 109 254 106 57 149 6 42 9 215 190 136 202 169 148 240
    18 124 200 224 216 100 137 49 239 88 127 252 1 68 56 183 55 238 151
    147 194 114 67 30 215 59 225 0 225 80 50 66 135 149 119 235 157 46
    233 69 131 175 27 93 181 184 252 180 238 21 34 244 113 136 227 92
    127 127 51 151 18 132 165 148 98 114 151 83 3 132 105 123 137 186
    248 85 243 10 62 163 171 164 211 203 181 21 84 155 136 87 224 10 33
    238 180 15 129 22 211 49 84 238 236 36 78 159 104 72 133 14 178 49
    72 72 132 125 236 118 7 201 90 35 19 27 85 49 130 27 193 10 86 2 3
    254 176 21 157 3 38 184 39 176 141 245 158 98 211 54 176 3 101 38
    165 143 217 45 187 200 226 67 189 69 247 20 234 81 248 244 169 109
    75 134 214 218 126 12 29 161 121 56 47 126 79 8 178 234 59 221 248
    17 247 9 98 110 42 114 229 6 32 2 125 51 251 112 68 231 139 84 16
    168 49 159 205 55 219 153 160 250 246 182 235 178 231 254 77 48 67
    106 140 60 112 148 232 231 75 33 196 66 175 9 225 46 48 150 88 6 198
    10 208 36 124 97 44 97 184 106 165 54 36 97 62 252 163 126 218 246
    104 222 57 42 4 178 61 114 49 4 47 42 191 42 76 195 105 134 106 203
    207 255 92 173 53 155 193 253 215 147 189 250 146 78 143 187 149 68
    15 120 196 145 170 134 77 2 177 108 75 115 87 94 197 229 219 241 103
    60 105 59 76 26 90 148 94 19 1 246 182 32 134 106 79 157 59 83 255 1
    231 243 57 13 67 179 94 189 70 84 86 23 246 253 210 144 134 118 159
    38 54 181 122 180 29 1 157 142 179 209 182 86 226 210 148 163 131 54
    18 27 82 119 168 10 248 183 39 120 220 238 15 158 18 163 166 178 43
    231 70 150 199 82 253 130 78 22 155 205 65 224 230 141 219 11 30 195
    132 243 65 218 133 250 112 146 197 38 172 187 216 103 52 216 247 211
    89 58 202 25 236 71 234 151 125 94 13 245 251 154 35 170 111 191 185
    163 15 6 151 131 23 133 179 47 216 250 190 209 0 13 225 53 38 116 54
    33 79 151 164 244 218 111 151 25 63 178 13 52 253 93 201 82 17 171
    243 134 76 212 34 98 221 38 7 175 213 5 220 161 113 221 254 217 212
    146 91 167 220 152 236 72 30 51 201 184 177 219 185 241 111 178 247
    140 107 204 102 167 136 57 25 202 103 224 8 49 39 19 116 30 18 146
    22 194 154 167 84 207 41 6 59 1 3 113 212 228 22 15 239 208 37 143
    124 128 185 56 239 12 67 61 103 174 113 64 193 196 163 105 102 104
    121 23 195 84 168 197 182 37 27 172 29 222 26 144 238 205 249 108
    213 202 180 165 115 70 152 15 150 101 46 222 157 90 34 254 234 54
    121 114 178 215 254 130 69 8 46 159 11 82 1 101 90 119 216 231 101
    193 180 181 136 184 135 80 114 230 85 123 198 129 158 125 213 100
    180 107 165 247 69 154 48 232 140 71 175 156 181 130 32 4 35 179 76
    214 150 12 227 9 46 221 117 105 177 212 11 187 252 12 138 23 42 188
    207 85 77 40 11 197 156 215 46 217 28 89 173 135 132 118 186 54 162
    51 43 205 51 218 151 146 4 230 209 84 159 239 73 133 130 48 239 30
    249 203 88 22 141 162 159 190 154 110 119 220 132 184 47 237 252 138
    126 214 25 215 181 138 190 196 111 180 54 170 183 70 4 124 66 172
    155 211 29 26 51 68 47 112 110 191 24 243 101 149 218 41 136 15 231
    177 6 81 22 9 248 95 50 105 48 134 236 125 240 166 244 78 75 165 73
    193 103 4 210 169 13 53 176 114 40 154 70 234 176 150 110 147 57 90
    22 255 117 52 194 150 41 28 7 54 138 107 115 20 83 213 114 202 188
    78 61 76 149 38 109 244 173 101 200 226 142 34 191 229 25 141 176
    208 95 58 103 61 150 185 90 129 145 118 197 90 210 159 175 11 199 56
    94 124 87 52 241 23 180 194 172 216 91 207 142 167 131 77 70 199 246
    133 113 150 24 208 4 208 218 162 116 4 197 213 230 84 227 160 124 13
    156 182 71 139 215 136 227 73 213 114 199 92 119 147 68 163 222 247
    245 209 145 100 107 0 140 69 95 143 124 255 121 47 33 186 28 147 46
    249 66 207 23 199 244 111 245 222 50 24 254 77 17 65 203 139 207 148
    234 214 56 97 54 203 56 235 232 244 94 215 230 139 156 11 238 185
    170 12 216 212 102 225 120 95 196 63 99 144 178 7 90 243 2 9 80 51
    214 152 21 8 163 247 94 201 222 161 109 120 216 8 201 194 209 230 53
    60 144 210 175 52 202 9 31 153 134 223 204 71 152 136 231 110 172 93
    230 1 238 238 24 66 120 2 201 151 219 5 111 197 34 59 175 209 180
    229 136 49 144 65 207 146 1 34 236 180 90 216 251 70 144 206 24 72
    168 78 31 3 171 236 229 155 202 121 157 234 14 55 35 80 13 54 159
    191 131 24 8 65 203 76 218 85 212 114 62 147 156 52 69 220 170 86 57
    255 218 181 48 254 82 38 95 172 179 85 53 92 56 109 109 96 2 108 181
    143 30 224 218 167 12 177 245 245 98 39 202 115 246 89 193 66 79 39
    42 69 165 236 5 118 168 3 108 62 238 18 109 78 146 223 174 179 57 71
    69 102 92 185 132 54 53 65 174 149 100 30 239 212 221 186 217 181 76
    34 164 48 238 174 184 32 188 235 153 126 234 236 43 187 93 52 176
    196 93 232 133 131 209 112 181 241 26 133 176 86 120 223 154 56 31
    32 228 242 37 102 253 219 171 111 10 125 26 113 0 228 35 139 104 146
    64 218 153 40 169 205 34 89 154 124 218 108 76 53 14 239 142 21 109
    252 40 182 91 209 242 194 166 45 124 226 121 122 102 167 33 244 196
    98 235 5 142 180 92 93 114 118 33 132 76 163 179 10 17 231 255 50 53
    70 234 83 159 197 204 176 87 240 236 19 163 46 14 129 55 83 6 252
    190 54 28 138 24 37 108 203 88 66 103 171 175 193 155 249 212 182 67
    212 207 209 145 202 252 102 156 69 90 229 98 112 180 131 53 135 8 99
    77 48 97 72 103 114 117 68 188 95 93 77 143 43 82 19 61 157 68 19 71
    30 60 38 112 225 54 12 75 211 246 210 141 114 167 100 142 89 29 69
    171 140 84 8 102 43 206 142 73 28 4 213 224 107 139 33 147 144 218
    148 137 221 38 115 200 57 64 84 138 195 188 136 196 21 167 119 112
    94 198 9 223 125 220 73 204 190 165 50 190 59 22 239 163 234 215 228
    53 240 33 254 11 182 44 96 205 42 74 119 147 19 41 213 155 255 6 227
    151 127 248 112 18 95 92 13 43 97 90 129 174 55 165 159 54 12 62 226
    120 241 62 193 80 247 194 107 77 108 86 179 67 144 180 20 47 172 60
    185 9 243 153 174 191 157 215 149 86 101 190 191 53 50 24 240 70 97
    87 41 55 194 20 17 226 189 138 237 176 39 8 170 221 213 83 246 222
    209 63 105 200 65 39 111 140 204 64 220 219 174 223 11 222 212 213
    252 180 204 209 15 175 91 213 117 229 106 50 68 219 153 237 193 230
    109 206 188 135 110 56 204 149 64 66 127 202 96 68 154 254 150 55
    117 50 144 170 225 65 216 101 36 130 177 111 217 184 225 75 114 193
    3 99 110 25 152 166 237 175 220 133 198 30 135 23 67 181 182 16 201
    182 137 233 224 1 189 36 16 239 178 223 43 185 0 104 217 151 36 106
    70 77 104 71 232 209 28 91 55 164 163 97 214 41 201 34 125 24 98 33
    96 201 203 125 135 73 213 103 44 165 249 227 155 204 36 29 179 57
    199 189 137 87 104 44 178 99 172 16 157 206 39 117 150 234 66 249 34
    190 218 25 124 30 39 70 223 115 231 151 2 8 194 64 14 235 120 12 28
    153 221 230 98 9 218 144 0 26 35 25 202 26 228 128 113 100 91 159 93
    131 53 62 20 23 79 38 71 225 66 95 106 92 90 243 176 250 186 61 201
    165 139 213 154 160 228 24 154 252 3 232 126 17 225 12 95 184 141
    201 7 42 180 33 188 139 118 224 111 10 158 64 183 192 48 151 38 102
    32 182 170 89 187 42 8 186 112 144 208 111 192 237 246 197 2 69 68
    40 193 178 208 164 197 185 210 65 252 108 96 63 34 38 194 245 39 190
    39 62 82 113 0 78 62 7 75 199 124 0 161 240 108 0 64 169 103 85 149
    0 170 19 85 54 90 82 84 141 133 228 249 201 102 10 234 36 0 242 31
    22 244 81 161 233 99 252 126 35 88 69 123 101 236 139 181 21 254 70
    176 127 140 63 230 197 5 2 216 132 251 16 91 208 80 225 182 49 152
    140 2 103 115 191 21 12 44 237 19 203 54 87 11 173 86 224 98 176 149
    218 149 77 184 158 24 201 213 188 219 250 239 99 8 90 101 80 13 214
    167 158 197 122 126 173 189 218 191 88 144 30 214 61 20 183 174 147
    1 160 130 255 134 117 111 102 60 56 141 206 65 189 92 8 174 122 26
    132 50 254 103 47 108 160 197 143 103 131 78 83 176 3 166 71 185 228
    1 185 95 11 136 188 83 211 126 129 173 211 236 58 202 24 66 16 8 26
    5 53 226 42 0 67 208 36 159 95 161 160 156 23 28 98 149 90 98 61 144
    170 173 112 84 212 180 68 216 234 28 171 54 229 186 43 238 55 41 90
    66 27 55 244 200 215 93 214 66 160 38 113 165 197 153 139 250 246
    196 212 21 220 25 250 221 53 157 20 246 139 226 229 116 0 129 108
    206 67 175 123 54 38 251 68 199 201 208 0 73 56 13 121 5 229 9 106
    206 168 145 161 94 25 126 37 142 116 139 37 169 232 210 200 91 214
    53 134 138 155 34 187 56 212 155 42 200 206 103 28 60 238 142 13 51
    27 6 170 51 155 116 39 159 204 255 224 133 54 131 63 107 20 32 86
    220 3 18 177 150 161 218 72 137 157 166 36 225 248 202 160 149 55 22
    33 20 60 244 131 229 203 199 227 76 204 247 174 200 82 69 109 102
    244 155 220 131 52 171 76 155 106 41 222 184 154 154 244 249 168 128
    249 85 52 216 58 52 85 140 19 180 116 74 153 171 244 74 243 92 197
    70 240 47 36 167 94 103 164 22 174 212 155 152 39 120 28 54 242 133
    41 13 203 203 114 45 0 243 3 7 66 244 50 198 171 160 126 133 133 215
    91 33 167 147 29 53 209 148 179 193 7 113 129 78 146 13 83 116 109
    211 140 188 216 171 227 227 219 90 88 51 57 57 120 141 218 149 164
    131 68 167 54 100 66 222 53 150 214 246 121 182 10 199 139 235 31
    250 215 157 142 125 52 42 18 33 157 1 149 141 72 144 38 197 209 226
    80 104 179 219 124 99 252 253 11 10 229 246 45 9 213 78 95 198 92 64
    135 98 41 138 45 222 90 172 215 97 133 170 172 171 23 65 76 168 255
    54 73 3 229 77 21 165 131 87 127 182 175 151 35 113 142 38 22 188 5
    234 110 100 195 26 116 246 121 197 67 102 146 1 200 243 63 127 132
    20 132 115 73 79 249 254 235 225 97 10 252 90 70 122 207 102 4 138
    216 127 113 99 131 246 221 2 95 221 171 229 64 31 123 244 25 85 92
    185 34 205 190 8 52 129 229 63 24 41 53 116 77 10 214 179 219 115
    251 93 200 24 233 66 74 45 11 246 37 196 11 5 66 184 2 203 113 94
    127 72 31 74 43 145 24 57 73 245 142 100 158 191 197 130 224 249 56
    46 163 85 203 211 86 5 255 15 76 227 145 172 22 72 208 199 183 97
    197 14 139 213 75 254 97 247 18 134 179 154 223 97 46 214 159 71 142
    1 77 64 20 141 2 130 29 196 238 102 186 137 96 52 213 25 159 217 195
    222 105 237 252 31 77 196 140 12 159 99 97 243 223 218 160 195 87
    101 208 169 179 222 113 47 38 218 74 190 154 70 165 14 99 241 47 197
    154 115 201 155 241 86 176 95 64 83 227 98 36 134 157 159 65 222 199
    105 1 241 136 177 117 157 95 146 109 4 148 117 244 49 66 18 188 208
    247 108 23 129 95 167 64 253 250 238 207 154 203 90 165 106 129 209
    166 178 242 169 178 107 148 16 127 60 13 161 59 93 62 100 121 40 47
    190 44 156 122 57 28 228 111 112 204 191 54 36 252 157 139 214 33
    161 174 131 178 110 77 28 248 239 84 58 238 76 152 137 60 197 213
    252 148 132 209 186 70 27 14 72 2 93 124 128 217 233 48 54 228 87 87
    73 115 104 15 90 129 83 106 221 219 95 134 160 70 67 236 209 196 158
    34 139 47 219 140 144 253 185 192 29 206 89 227 26 42 62 40 191 253
    146 5 30 246 229 176 81 254 242 125 158 213 80 157 17 8 201 131 92
    38 181 240 221 116 88 133 127 30 116 46 136 3 228 194 103 185 201
    149 244 55 234 1 188 13 22 93 238 156 75 173 10 149 122 139 17 217
    238 223 44 87 182 135 106 64 208 189 247 192 187 0 188 204 206 31
    197 196 58 186 58 21 183 99 101 77 57 208 36 34 184 143 10 83 44 227
    97 19 172 174 7 117 97 247 248 57 43 152 191 213 6 29 33 196 125 252
    68 59 7 216 73 247 199 166 159 98 228 60 129 90 235 161 87 191 252
    207 162 53 75 217 90 23 60 127 12 97 61 247 26 38 67 98 201 56 130
    78 78 84 204 125 122 12 233 137 99 194 240 62 169 202 172 212 131 23
    191 245 62 161 7 255 76 62 55 150 183 92 66 39 54 26 38 221 114 234
    251 72 199 233 2 62 32 52 68 35 110 150 212 208 56 56 191 21 6 129
    127 172 43 253 112 177 200 191 44 61 134 58 51 80 180 154 238 99 92
    35 55 237 215 217 95 203 254 205 237 204 57 124 172 126 150 2 135 55
    168 145 6 207 198 50 198 110 140 45 220 16 74 90 22 15 185 157 89 52
    8 24 167 202 105 207 141 101 231 193 26 86 36 110 91 152 37 119 133
    157 150 66 35 130 17 232 202 3 50 5 13 176 43 11 128 164 6 69 159 3
    53 202 232 39 137 149 216 179 247 55 180 115 99 13 222 242 50 11 106
    255 134 5 74 25 254 1 175 192 70 70 163 218 70 16 161 132 148 3 212
    28 127 62 179 223 193 20 97 147 188 122 61 57 92 9 12 230 196 172 60
    73 175 42 127 150 120 65 143 94 142 107 98 6 207 78 20 179 248 13
    103 204 79 119 29 52 15 168 241 24 149 208 168 131 191 12 29 50 1
    128 189 219 236 239 190 134 222 159 103 154 55 110 43 5 66 49 149
    252 9 205 33 164 128 143 194 157 114 125 193 86 98 135 27 31 137 28
    173 113 80 119 173 62 89 255 19 14 120 99 71 119 44 236 111 12 203
    238 50 247 19 86 90 210 61 66 52 173 97 198 166 42 212 197 15 155 1
    214 166 96 142 107 227 131 80 171 37 127 79 153 77 177 129 131 14
    173 63 25 26 96 97 66 26 191 217 46 194 73 45 129 107 114 119 211
    192 180 130 193 140 98 81 99 154 134 100 246 239 62 48 48 203 70 248
    125 106 240 194 49 142 23 212 168 172 0 152 41 12 207 61 214 158 71
    197 1 216 210 9 220 13 82 203 137 78 59 63 161 225 144 56 110 47 218
    248 105 192 201 139 4 27 114 126 73 169 113 30 6 177 124 0 251 225
    83 187 43 207 232 134 182 93 114 166 74 251 81 157 54 112 255 1 150
    163 55 98 51 89 73 238 39 109 39 103 44 103 107 210 18 200 243 40
    125 236 94 88 138 225 162 155 9 4 61 152 35 247 20 216 48 254 161
    217 11 78 250 4 189 30 181 173 131 1 77 129 171 48 71 196 30 165 17
    82 198 157 66 120 201 37 237 104 157 132 245 71 177 156 66 226 164
    59 137 230 32 78 49 124 253 115 145 4 192 226 58 137 109 37 171 243
    128 163 14 7 165 4 151 24 44 235 36 96 229 150 15 160 12 6 141 159
    104 156 3 125 90 115 240 31 74 195 96 72 43 23 124 29 174 49 147 197
    47 190 95 138 159 30 114 131 140 178 156 91 18 55 22 61 173 152 110
    80 53 131 44 79 79 173 132 62 199 11 108 59 129 109 95 5 7 140 113
    65 235 243 132 186 23 156 208 161 18 249 10 101 219 216 23 137 162
    207 171 123 80 206 208 211 101 15 142 195 36 99 194 2 240 213 108 75
    83 42 185 49 117 220 42 168 96 140 240 237 236 196 97 128 117 231
    200 207 17 202 164 153 183 138 65 182 229 222 58 119 247 226 150 207
    49 240 17 12 59 231 242 197 19 55 34 198 26 211 67 174 113 129 209
    236 7 156 9 65 217 101 21 85 40 79 177 32 105 91 227 101 17 10 198
    61 150 114 157 84 63 161 71 240 242 35 182 30 63 224 146 212 253 44
    190 111 129 132 57 225 167 246 151 10 45 180 210 131 51 71 65 155 99
    67 119 188 248 152 162 143 59 21 76 25 20 186 252 85 220 248 72 91
    81 235 156 122 133 207 149 50 54 234 187 73 149 175 65 177 123 199
    162 40 164 225 168 116 111 253 158 108 158 80 169 17 214 42 1 123
    245 211 102 45 241 156 142 130 158 47 153 131 208 113 226 167 221
    221 168 34 145 17 149 252 143 238 232 111 1 146 122 165 195 115 4 48
    62 165 101 158 61 162 177 103 193 157 74 93 138 142 248 174 171 81
    66 19 160 110 237 208 35 54 27 71 203 100 54 82 149 104 3 250 167
    193 247 121 102 90 27 246 190 48 103 182 240 208 74 5 143 26 170 191
    116 32 61 91 69 95 88 74 122 54 192 182 145 83 177 88 113 203 36 196
    82 100 237 194 57 215 115 73 63 176 206 150 226 167 246 128 198 134
    106 63 247 182 16 36 246 144 176 107 236 234 119 156 195 39 10 85 62
    224 125 136 87 161 91 148 106 175 189 187 98 88 50 27 19 152 81 238
    70 203 11 204 85 16 102 69 22 117 22 81 166 35 222 61 207 107 242 54
    57 199 24 49 149 70 82 244 232 137 201 66 53 78 56 41 27 84 64 58
    159 122 167 41 14 5 148 210 170 43 147 110 110 251 171 118 152 79 63
    0 191 225 188 199 62 19 236 110 222 41 156 46 83 166 124 255 67 107
    208 178 66 29 220 218 245 216 141 124 193 165 247 72 208 93 13 218
    223 19 191 140 61 244 121 35 28 22 182 71 112 158 244 234 88 167 237
    137 5 184 126 157 40 128 24 207 242 58 22 115 193 230 10 210 163 174
    194 156 218 108 239 22 65 248 27 14 201 116 85 132 176 225 165 186
    60 110 101 251 2 108 90 1 23 128 147 125 79 212 68 193 13 212 1 108
    228 215 176 111 145 30 62 42 138 61 61 22 162 104 29 139 158 145 11
    148 151 185 140 174 22 130 253 192 207 34 227 143 40 200 107 73 217
    243 252 25 79 9 200 87 158 101 14 181 96 151 221 10 200 208 100 14
    50 219 110 184 150 32 92 130 214 86 246 191 8 173 71 240 82 6 213 41
    109 227 242 234 253 194 211 211 222 237 197 34 162 188 195 77 237 94
    46 57 64 60 65 106 254 46 12 108 115 145 49 246 208 181 66 101 121
    132 215 237 115 170 158 214 224 205 13 255 243 131 102 199 1 167 41
    71 61 152 209 181 243 129 20 252 228 28 149 149 85 218 92 175 177
    124 21 102 30 177 171 29 192 156 147 151 208 11 104 177 241 109 206
    37 25 55 236 128 233 40 89 78 124 117 169 208 186 80 139 4 130 233
    198 229 83 123 120 81 76 129 164 102 156 84 34 97 139 105 252 103
    108 47 19 172 207 227 128 212 81 36 240 99 201 56 109 251 203 84 154
    33 23 225 150 120 6 132 47 220 18 128 83 188 122 131 188 111 62 214
    218 133 105 162 2 17 74 23 141 224 116 74 57 209 175 12 84 224 1 122
    36 182 204 30 99 16 155 135 156 221 159 81 151 199 213 47 129 69 217
    63 130 139 127 197 148 3 215 140 185 213 184 167 24 15 249 96 91 117
    29 180 252 15 247 212 118 54 130 154 73 213 179 233 110 246 76 119
    150 62 0 132 175 140 208 106 152 23 159 121 223 46 83 188 197 77 49
    141 110 111 26 71 101 157 28 133 232 107 202 28 20 157 207 54 69 24
    178 145 41 84 121 150 78 191 168 199 166 110 175 68 149 109 27 83
    194 219 184 108 163 193 137 17 208 153 206 237 101 61 191 154 203
    123 172 218 86 235 160 243 84 176 130 205 30 150 55 66 169 244 228
    221 83 40 92 99 114 106 203 176 163 31 132 148 241 26 243 65 9 5 62
    64 203 131 137 179 236 163 151 134 49 87 126 139 26 149 58 190 138
    207 157 126 216 83 218 116 80 9 228 91 73 189 130 2 139 73 97 78 242
    230 225 114 246 66 178 106 96 9 205 84 196 153 185 80 1 110 46 247
    231 120 225 244 164 60 27 59 194 217 86 145 229 140 169 3 128 47 103
    199 162 131 115 101 225 31 166 184 252 71 145 167 11 235 149 68 191
    170 243 201 150 191 15 110 93 140 116 157 176 244 114 70 115 131 29
    133 20 106 154 162 226 109 15 13 128 138 100 18 77 23 167 187 9 164
    82 88 164 56 217 52 211 143 101 55 4 188 194 112 233 254 4 17 202
    161 117 121 166 125 96 205 39 34 254 135 114 190 227 141 177 99 121
    111 89 26 114 214 13 165 165 160 19 28 115 91 141 176 207 2 106 148
    196 208 95 175 226 101 161 183 127 159 98 67 108 42 219 191 18 166
    227 145 245 68 151 196 234 24 87 11 58 175 66 176 57 117 163 6 148
    221 170 52 35 226 56 16 114 239 91 99 204 143 249 219 254 43 233 125
    190 44 241 207 34 73 148 240 120 33 22 119 26 239 161 155 245 81 171
    46 67 91 153 45 59 255 6 161 24 164 182 34 54 87 166 58 116 209 44
    134 164 180 43 183 64 30 9 229 29 160 109 156 74 3 112 222 127 173
    140 24 197 122 139 238 227 86 54 104 105 93 232 70 247 178 24 187
    193 43 184 115 95 153 10 48 49 204 81 48 176 22 206 107 130 39 254
    44 123 40 189 28 8 128 241 143 50 117 200 97 26 130 10 42 182 138
    241 71 255 99 162 211 156 83 136 250 205 79 70 2 123 126 0 118 76 47
    104 23 69 239 125 234 53 193 32 173 146 26 110 53 234 24 100 76 166
    91 241 182 206 168 204 35 1 95 95 87 201 57 109 199 40 3 206 76 147
    200 127 243 54 70 54 252 16 181 175 90 147 73 101 129 121 100 134 20
    253 224 91 53 59 231 194 39 132 17 76 48 130 99 201 163 115 207 44
    227 208 57 26 72 2 91 221 139 111 150 64 172 21 223 164 201 22 14
    234 135 142 180 138 93 96 92 252 205 252 67 234 185 32 150 52 126
    176 55 69 234 19 110 239 153 91 181 197 252 170 86 134 179 198 62
    183 239 52 157 63 43 174 31 136 66 122 220 83 195 177 34 20 194 180
    104 44 29 174 66 185 48 114 35 34 161 125 1 88 215 245 93 7 132 251
    253 188 73 184 208 102 32 69 167 132 235 186 215 68 161 17 46 70 23
    252 254 31 119 191 41 113 253 111 252 21 107 173 42 144 76 37 98 141
    62 227 194 211 103 240 217 40 13 116 45 159 214 205 119 26 141 62 77
    239 162 149 146 78 131 147 131 108 140 225 157 160 187 72 18 223 203
    223 156 114 48 49 242 183 159 213 111 226 160 0 124 100 82 78 10 228
    51 199 79 252 159 243 213 255 110 195 94 172 239 200 111 1 171 193 9
    235 102 87 192 70 238 129 85 91 172 246 195 112 247 153 241 220 118
    75 29 169 178 86 158 167 177 121 130 49 183 24 66 113 77 100 47 137
    8 197 106 100 55 171 93 248 37 65 200 184 114 23 247 121 85 192 245
    57 7 244 42 112 127 169 249 11 84 30 83 47 142 126 66 224 176 24 96
    92 153 72 45 2 203 204 152 98 186 108 60 1 104 157 202 187 189 53
    148 46 98 248 47 42 98 182 54 112 147 240 177 133 77 8 250 17 148
    149 146 137 79 191 108 80 73 23 20 84 15 103 190 206 157 27 132 235
    207 111 245 245 118 182 38 118 123 109 159 187 205 153 104 135 227
    47 244 228 253 131 58 148 241 61 156 220 6 2 27 80 10 98 62 184 253
    177 125 112 125 216 170 152 195 106 61 212 114 227 183 204 26 5 2 83
    207 21 248 61 164 105 143 146 143 57 232 74 235 196 164 251 17 22 15
    243 84 93 84 46 104 237 193 178 41 177 231 83 120 231 254 222 202
    172 93 209 32 5 111 117 177 41 56 147 162 180 192 164 126 144 2 232
    18 217 191 76 18 95 218 236 229 135 38 211 106 15 24 85 246 51 190
    232 98 138 148 17 4 49 33 1 147 182 72 226 212 105 183 76 150 150
    177 51 51 145 122 91 147 59 158 78 245 143 26 173 163 31 61 26 85
    221 152 2 42 58 237 32 174 62 157 9 67 180 33 76 193 169 214 79 234
    196 90 179</data></test_img>
<my_img type_id="opencv-matrix">
  <rows>100</rows>
  <cols>100</cols>
  <dt>"3u"</dt>
  <data>
    213 70 255 255 65 255 121 15 255 255 129 170 103 8 255 255 58 68 207
    255 102 255 44 255 37 193 255 39 147 228 19 234 68 116 255 230 73 69
    146 255 88 31 49 255 255 255 33 133 32 255 255 255 59 162 255 242
    255 41 234 230 255 193 255 4 43 20 255 255 255 119 171 255 215 255
    255 255 186 255 47 41 7 255 34 249 166 151 255 104 59 255 71 56 255
    255 100 221 255 184 255 30 255 112 255 17 182 243 54 249 233 33 255
    255 172 255 213 255 215 255 255 255 58 87 255 255 194 70 162 45 238
    209 8 192 34 81 244 168 15 215 224 116 255 168 255 255 255 1 255 255
    22 255 170 255 72 26 198 51 255 18 174 0 168 252 181 78 196 255 224
    255 255 226 255 237 184 148 255 89 211 255 146 255 246 70 240 196
    255 238 255 32 78 160 127 7 255 255 164 255 241 255 255 255 27 65
    255 60 121 166 129 157 179 175 255 255 255 129 3 237 255 23 255 254
    3 72 255 175 255 235 208 242 255 43 9 255 161 29 215 255 255 157 255
    255 13 62 135 162 255 255 11 255 255 173 88 255 255 132 255 255 58
    238 67 255 158 147 59 255 255 139 255 255 255 255 127 55 255 28 160
    235 255 255 177 65 220 255 246 255 152 255 255 255 255 29 7 41 120
    255 173 45 75 211 131 61 255 246 255 255 255 141 255 81 167 35 175
    196 255 120 194 255 197 232 32 34 29 255 202 203 255 116 111 255 34
    255 188 255 143 255 228 255 255 255 46 255 255 255 4 255 194 146 195
    128 250 199 255 224 169 31 222 29 104 255 139 20 255 255 255 118 58
    255 82 45 255 39 255 255 255 255 255 196 255 32 255 127 255 255 230
    255 255 92 238 255 76 255 243 177 191 255 129 255 255 255 162 255 15
    255 255 246 56 255 36 140 255 210 255 39 26 255 255 255 255 39 66 7
    255 34 228 255 255 255 250 255 63 6 133 255 255 255 34 255 212 255
    255 157 126 28 140 146 205 205 150 255 228 255 47 70 60 255 255 255
    255 161 170 255 74 5 255 255 201 255 171 255 160 140 43 255 43 198
    255 22 102 255 52 255 255 220 174 255 138 255 255 255 175 54 184 255
    170 12 255 90 227 10 30 255 153 255 40 255 0 4 169 2 8 97 255 0 20
    255 243 135 136 255 255 216 6 41 192 140 106 222 172 41 255 255 249
    129 220 56 190 177 37 255 255 37 255 128 146 255 103 254 164 52 255
    255 255 255 54 255 70 255 239 0 218 227 255 52 106 111 255 92 15 255
    157 255 218 10 255 108 36 255 255 83 255 203 205 199 90 78 255 6 188
    255 24 202 255 255 29 255 173 210 254 255 14 48 255 165 165 255 114
    255 151 205 255 255 250 255 114 255 255 209 194 255 233 33 255 255
    72 221 17 255 255 239 87 14 26 219 172 255 61 82 255 96 233 118 164
    126 255 255 255 255 184 255 127 177 228 255 255 255 255 151 255 222
    91 106 255 0 254 255 89 107 228 128 244 127 217 255 52 194 232 255
    66 92 255 255 175 255 172 131 183 255 29 132 147 94 255 209 255 250
    226 194 255 235 116 255 190 12 54 117 48 37 255 255 224 255 133 88
    113 255 255 131 255 255 255 255 181 255 255 255 111 24 4 255 15 65
    215 106 106 84 104 58 255 83 255 149 255 255 29 97 255 80 94 181 255
    95 26 255 255 255 91 29 255 62 136 84 255 143 255 120 255 255 160
    157 216 67 129 136 135 255 144 78 255 255 246 255 95 206 255 255 232
    119 255 158 3 215 220 20 255 206 255 104 114 37 255 255 77 65 219
    255 211 239 80 255 255 255 162 147 255 255 143 255 255 92 255 56 176
    181 255 255 220 78 194 83 216 129 78 255 217 249 255 118 116 127 160
    9 136 202 255 84 249 255 255 239 89 255 255 129 255 149 27 255 173
    75 255 58 255 255 255 24 255 132 201 255 153 131 43 255 255 248 230
    255 255 0 255 255 255 218 147 255 213 255 116 169 211 221 210 123
    255 255 187 255 153 49 62 99 155 241 255 160 133 19 218 155 255 47
    33 255 255 76 174 255 65 116 170 255 255 119 36 92 88 169 201 58 26
    255 140 34 177 39 0 124 22 255 175 255 164 198 255 88 255 157 37 255
    222 131 63 255 184 255 237 255 255 52 65 255 255 220 255 255 190 179
    255 121 255 157 238 255 250 248 5 69 206 255 65 255 255 255 255 95
    138 204 97 132 202 73 255 155 53 255 249 20 45 118 255 67 12 31 255
    172 116 60 187 255 255 150 169 255 81 255 255 150 179 244 121 228
    255 150 192 255 255 255 91 255 22 255 3 48 255 255 10 255 187 235
    255 255 157 255 39 32 255 8 255 60 201 41 58 255 255 255 127 255 90
    150 191 255 1 19 28 255 133 255 255 170 255 255 255 172 41 186 255
    175 34 255 125 114 60 23 211 255 30 255 255 128 255 255 43 68 123
    255 61 255 212 75 255 255 255 134 255 0 255 255 37 255 255 198 179
    133 255 205 254 247 239 255 19 255 80 5 201 77 12 52 43 235 255 143
    213 151 116 210 147 186 89 255 172 24 198 107 255 118 69 255 255 51
    133 255 147 255 88 120 48 157 162 225 6 255 254 41 255 68 255 202
    255 255 176 75 255 4 123 255 87 255 19 255 255 255 255 53 21 162 255
    196 116 255 187 166 247 15 171 228 136 44 244 121 248 255 215 29 255
    255 89 12 255 255 162 104 40 97 45 147 255 172 255 255 255 255 244
    255 135 152 255 72 255 255 255 255 62 40 12 9 245 106 9 6 255 200 45
    31 140 186 255 106 235 66 166 131 191 60 255 255 255 195 44 255 255
    240 123 226 201 177 129 53 24 179 255 69 122 129 90 17 255 255 32
    133 201 206 225 255 255 46 255 117 175 255 235 56 255 255 255 17 98
    255 121 255 152 255 33 14 162 43 245 21 255 255 4 74 141 255 208 34
    255 255 187 114 143 141 26 254 255 56 255 119 132 232 255 231 255
    255 127 255 255 255 245 118 255 11 20 144 255 123 188 177 255 255 18
    182 255 89 158 255 94 148 99 255 26 6 58 104 76 62 255 255 199 201
    255 37 157 255 10 99 166 23 255 183 255 255 255 252 240 255 255 255
    255 17 165 255 198 123 6 113 204 187 255 255 248 255 255 119 125 126
    255 255 255 255 94 29 243 150 172 255 255 169 22 255 255 47 213 225
    134 89 255 255 61 210 49 255 55 149 255 255 84 255 255 255 143 44 26
    186 255 255 55 255 110 103 255 255 80 255 179 54 121 255 127 77 134
    255 99 255 255 252 216 144 255 255 255 7 255 6 77 255 158 0 252 255
    255 255 255 215 255 155 174 90 250 255 246 25 101 203 70 66 255 139
    255 250 255 211 255 255 255 255 85 255 224 121 255 149 147 255 255
    188 51 255 37 255 7 255 192 28 117 255 65 21 255 255 32 255 103 149
    95 49 255 99 181 235 255 32 255 255 255 255 255 198 255 123 62 98
    255 159 255 20 121 215 255 205 255 255 255 135 225 255 182 255 127
    250 24 155 168 206 255 168 39 255 144 46 255 255 160 233 147 255 155
    54 215 65 10 255 188 72 65 192 109 255 255 100 66 76 255 3 80 129
    247 237 95 221 255 14 20 88 194 58 157 73 255 90 255 255 255 255 184
    15 47 187 222 164 255 255 255 255 255 230 97 255 230 24 255 255 99
    160 122 244 255 151 184 159 179 255 93 173 129 255 113 255 255 254
    255 255 21 101 108 202 124 205 122 3 170 142 255 43 110 194 194 110
    255 255 44 111 255 187 255 132 255 218 255 255 228 43 98 27 255 84
    255 255 255 255 255 224 164 114 124 192 255 255 255 22 255 252 112
    52 220 80 39 255 255 255 255 140 206 255 229 19 157 106 121 123 250
    176 136 114 176 95 255 84 17 255 204 140 255 128 7 255 147 255 142
    61 255 11 255 255 255 191 255 255 226 255 255 133 72 255 0 225 22
    131 55 255 255 255 255 255 255 255 109 26 24 47 255 131 84 255 255
    255 34 50 61 255 255 205 255 203 146 213 235 65 5 255 255 255 54 255
    255 255 187 70 255 255 255 103 235 255 255 255 255 255 255 255 244 3
    206 255 52 26 255 255 85 255 255 129 22 255 255 172 149 128 255 18
    82 32 179 107 255 143 255 255 154 131 149 81 255 255 36 206 119 171
    26 90 255 255 255 255 210 34 224 255 138 106 255 205 255 255 250 45
    255 228 45 255 173 45 10 255 122 56 250 43 143 255 246 194 255 197
    255 7 78 255 205 102 216 11 255 124 166 25 245 101 106 143 73 255
    150 71 255 153 255 48 255 255 237 204 255 255 223 67 255 255 235 202
    255 103 100 255 183 255 255 131 255 82 166 215 255 15 212 99 255 215
    123 255 113 255 255 255 255 255 69 216 146 255 255 177 227 255 50 12
    131 255 140 255 166 253 66 192 224 249 65 255 255 255 84 255 255 121
    255 255 250 126 255 124 196 112 23 36 203 56 68 54 74 255 255 188
    175 255 255 145 78 154 255 97 127 255 82 255 177 50 117 169 255 45
    255 71 177 167 255 186 255 101 255 255 63 103 92 97 193 186 243 25
    255 255 190 255 255 72 141 103 116 94 2 255 27 255 255 36 255 245
    255 172 255 184 255 221 255 132 76 73 116 224 0 248 169 255 151 255
    242 90 197 255 255 63 49 255 73 255 228 173 255 90 255 206 255 114
    255 78 94 138 255 239 255 235 208 41 86 111 255 132 96 255 255 230
    19 129 100 189 37 117 255 255 255 255 41 255 152 82 96 155 255 83
    255 255 255 255 255 255 70 164 255 99 255 255 255 82 204 255 123 72
    196 255 199 255 255 109 121 255 220 146 123 114 203 121 217 255 49
    161 227 255 41 255 255 34 162 255 17 186 255 186 140 255 255 199 255
    255 255 201 223 255 198 161 104 255 146 85 255 255 227 255 92 14 233
    228 0 255 255 255 88 26 87 255 255 77 91 242 255 244 32 14 255 255
    216 255 177 255 255 4 141 95 255 121 138 232 255 255 255 148 255 157
    68 255 248 72 255 255 255 255 206 165 103 12 26 241 168 255 151 255
    140 213 255 225 255 243 102 255 252 255 80 129 123 146 255 210 149
    230 255 84 208 218 216 147 194 239 14 153 127 201 146 15 179 208 255
    4 133 255 138 255 255 201 255 255 14 244 255 255 43 119 255 60 255
    253 255 255 109 255 112 201 255 138 33 124 19 198 255 255 74 55 110
    116 12 255 76 153 255 133 99 255 255 114 190 255 0 255 255 203 255
    255 165 121 0 3 255 255 255 71 100 26 255 14 255 21 249 255 54 127
    136 73 175 66 255 43 80 114 255 128 119 213 77 255 118 85 49 210 255
    255 14 233 255 255 255 142 78 37 255 255 138 255 87 255 35 94 255
    255 160 255 201 94 2 255 255 138 255 72 221 6 231 109 255 188 255
    237 198 99 255 165 255 205 190 75 255 224 255 151 228 114 255 169
    126 255 194 19 131 255 138 88 205 255 255 199 255 91 92 255 60 255
    255 255 4 255 255 65 255 37 241 255 194 50 72 241 176 24 181 221 255
    255 52 255 218 15 255 255 144 39 90 59 249 34 255 213 255 164 153
    255 215 255 123 103 255 21 160 20 255 166 255 11 56 255 62 182 191
    255 151 255 6 253 60 54 33 187 255 255 114 190 255 118 101 114 254
    255 255 255 255 228 255 179 195 255 255 25 65 84 39 141 255 150 255
    63 150 223 255 255 255 58 255 148 255 58 255 140 255 63 108 157 255
    255 121 255 255 255 2 175 255 255 84 255 255 56 109 9 255 32 97 255
    78 255 50 255 255 255 135 39 255 255 65 255 205 245 108 69 255 108
    209 92 35 103 255 63 107 118 255 255 255 58 208 111 255 255 187 255
    154 126 151 255 255 134 227 95 255 235 255 255 15 7 63 7 92 255 0
    255 183 255 27 177 191 255 255 150 255 255 228 255 34 70 215 162 74
    255 255 255 213 65 183 255 34 197 32 196 204 255 255 70 255 75 253
    170 255 158 255 255 255 109 60 179 255 255 255 26 255 30 255 255 110
    255 52 25 255 255 30 255 54 234 51 76 255 255 255 78 255 255 132 255
    207 128 49 255 66 242 255 255 255 39 188 255 255 255 3 84 30 208 190
    83 128 65 98 225 255 215 198 118 254 227 255 132 157 213 4 255 255
    61 255 84 194 255 160 219 19 121 255 255 35 52 255 183 255 255 160
    14 160 255 124 2 255 81 99 54 255 177 255 140 123 205 151 60 69 146
    116 175 58 90 88 84 255 255 52 255 250 255 131 255 255 255 91 249
    255 255 65 255 69 255 49 255 255 255 218 22 199 207 7 255 35 208 29
    201 99 255 255 83 133 255 255 255 255 84 255 255 217 255 34 255 255
    229 227 191 60 255 255 255 231 255 255 175 255 255 66 255 103 88 187
    114 255 196 255 255 255 183 66 255 255 255 41 254 255 138 255 7 255
    255 125 73 255 160 44 255 78 255 50 184 255 228 255 106 75 99 255
    255 62 255 255 164 201 132 17 255 175 195 75 209 142 255 255 216 133
    255 96 135 2 255 255 255 157 175 255 255 255 255 91 255 136 209 160
    255 255 152 255 40 53 250 255 237 255 253 255 136 7 255 255 113 111
    132 76 255 211 73 255 47 193 255 255 255 53 255 171 2 255 103 255
    255 18 210 255 255 255 211 65 152 196 255 255 32 149 255 112 255 255
    183 255 255 54 48 255 228 72 255 255 109 43 255 255 123 147 80 121
    203 204 46 196 255 31 177 56 255 185 1 255 17 255 60 255 255 75 255
    255 191 255 58 255 255 226 255 255 80 36 255 111 203 104 255 192 116
    22 255 76 45 128 255 255 237 118 23 221 142 29 242 4 33 60 255 142
    228 255 45 43 112 255 255 255 182 255 255 245 82 22 206 255 255 183
    237 255 66 255 255 70 223 255 255 255 255 172 255 235 73 119 170 255
    83 177 255 2 255 228 80 168 136 255 177 255 255 56 124 255 147 237
    255 13 111 22 255 69 255 82 96 37 255 190 255 255 40 255 65 77 255
    50 3 7 255 255 131 255 150 255 19 59 85 255 212 255 255 69 104 255
    81 255 255 21 112 49 78 14 26 153 255 255 76 46 255 66 255 224 59
    186 255 30 249 32 157 34 4 255 181 255 28 152 255 127 255 255 213
    255 255 113 85 255 230 148 255 252 126 50 169 255 185 138 255 28 88
    255 196 83 255 241 255 160 255 11 255 255 237 238 173 255 255 37 98
    255 159 230 189 248 33 255 255 215 61 207 255 119 118 161 198 255
    255 255 7 238 24 60 50 131 198 41 14 43 255 119 255 176 255 179 11
    68 185 125 255 255 22 255 43 255 87 134 151 255 255 172 10 255 255
    255 149 232 5 255 23 78 255 255 237 255 116 46 69 80 255 255 56 155
    255 61 250 255 255 255 67 83 244 136 78 255 138 255 85 4 111 255 255
    184 255 179 44 255 132 191 164 255 243 255 65 202 61 200 132 131 255
    109 255 50 199 26 39 255 196 255 150 250 73 88 150 116 255 249 255
    242 143 173 230 184 196 255 255 255 255 255 209 216 220 255 127 255
    254 255 61 255 223 255 255 246 255 67 231 90 255 255 255 243 116 92
    140 114 85 255 228 252 151 140 182 222 103 255 255 143 255 142 245
    255 35 118 48 255 255 255 255 255 255 255 19 255 255 168 237 222 255
    7 32 255 90 255 255 255 255 254 169 255 255 5 229 63 95 136 255 90
    101 69 20 213 255 160 209 15 255 255 116 46 255 99 146 116 255 255
    159 255 102 147 117 227 88 255 15 255 61 216 52 255 194 47 238 111
    175 62 255 24 117 32 84 55 215 198 250 66 136 176 119 246 95 255 255
    255 215 255 255 255 255 114 242 56 85 109 21 89 255 255 59 255 11
    117 255 26 102 255 194 73 72 209 105 233 255 183 213 198 154 0 118
    255 29 142 161 7 90 127 255 255 55 255 30 255 145 255 255 146 138
    105 255 255 255 255 22 217 15 183 255 75 255 232 255 255 21 255 196
    169 250 110 160 255 255 139 187 255 255 157 255 22 255 62 111 191
    255 154 255 62 164 153 185 107 255 255 19 68 209 44 255 255 47 255
    255 122 255 80 255 68 200 103 201 142 99 160 255 36 247 26 255 255
    255 111 255 88 249 199 255 255 255 255 255 255 147 221 255 243 206
    255 255 255 255 255 180 55 138 66 255 241 1 72 153 78 70 255 128 255
    255 151 255 255 231 167 224 150 95 255 177 228 255 231 7 255 255 255
    181 25 249 250 255 255 151 255 170 215 168 167 255 41 237 153 139 12
    255 179 37 255 116 255 255 255 17 101 122 55 255 219 255 255 85 65
    255 162 255 6 255 3 255 194 255 181 81 242 222 94 255 52 255 189 255
    120 255 255 89 255 255 139 83 119 172 255 255 255 223 155 242 2 255
    179 255 229 120 255 255 52 97 28 89 118 39 118 46 255 129 255 255 45
    240 160 210 131 255 157 255 166 255 216 200 128 215 132 255 255 196
    255 255 30 54 220 104 11 255 255 58 255 255 255 255 255 30 102 255
    198 255 255 117 230 255 255 210 0 151 158 183 255 233 106 180 242
    255 110 230 28 89 255 255 255 56 119 255 255 255 39 255 255 255 255
    254 23 208 255 255 255 54 246 255 255 30 34 75 61 73 255 188 39 41
    255 255 255 243 15 157 143 255 255 29 41 35 183 255 104 212 169 255
    255 255 255 124 240 56 255 72 49 109 140 255 61 255 255 168 162 129
    14 255 255 73 245 255 241 80 9 255 255 255 255 255 255 255 235 255
    102 24 192 177 182 255 198 255 213 255 255 255 255 85 255 62 24 255
    187 107 255 255 255 255 103 15 65 255 26 177 226 255 255 73 136 255
    255 255 39 245 249 255 216 29 255 34 255 255 81 128 255 255 210 67
    125 255 116 255 255 255 40 194 151 255 255 255 14 255 82 255 43 127
    255 255 88 143 255 114 19 206 255 227 255 255 139 155 97 255 186 255
    56 75 255 155 255 32 72 255 151 62 172 108 78 201 255 219 255 63 255
    112 146 235 152 255 209 131 255 128 250 255 205 121 101 255 255 123
    255 112 138 255 255 207 255 157 255 205 75 255 255 123 37 84 255 108
    255 255 125 255 255 216 135 255 138 172 255 255 255 220 215 255 106
    21 255 211 172 212 191 45 67 255 255 29 255 255 118 255 255 204 48
    255 235 170 255 235 255 250 88 255 255 206 14 32 43 255 255 1 32 255
    208 63 149 255 90 151 228 255 255 255 254 28 116 221 6 255 58 235
    113 63 224 255 255 65 219 116 200 22 157 170 255 77 255 44 75 250 91
    152 209 255 60 255 89 255 255 63 19 80 255 89 231 255 70 255 0 66
    255 44 255 95 255 227 255 213 114 151 0 48 255 246 255 255 91 255
    255 120 78 255 201 255 151 67 255 255 135 123 82 255 255 28 254 255
    255 12 255 112 62 116 255 255 255 255 117 204 255 255 19 179 161 26
    255 106 102 80 150 255 47 146 106 39 255 167 104 52 255 190 44 99
    255 66 249 153 255 255 43 255 99 121 255 255 255 113 233 255 125 255
    226 106 255 246 133 255 37 114 55 255 255 27 255 255 221 239 215 9
    255 91 34 47 25 255 255 255 39 32 151 169 255 255 255 255 19 196 112
    204 72 255 168 255 155 255 85 86 59 255 205 85 255 99 3 255 162 215
    123 35 255 255 255 107 39 255 147 255 84 22 102 255 220 255 255 248
    255 255 69 143 255 208 255 6 173 216 205 116 123 13 58 210 84 28 22
    255 255 174 255 120 210 255 103 255 71 253 235 37 164 172 255 51 56
    216 254 255 22 74 255 125 113 238 149 209 3 155 139 141 255 255 109
    183 81 255 255 11 255 62 193 255 255 243 255 255 169 255 142 245 255
    255 55 70 50 133 255 255 255 255 211 255 249 43 255 255 255 228 255
    255 190 255 99 34 7 160 199 112 99 142 162 255 255 255 110 111 255
    255 216 250 205 120 104 255 147 129 201 255 255 65 198 158 207 232
    255 187 255 150 255 210 60 255 219 255 255 255 29 233 241 223 17 144
    109 255 226 83 22 255 162 255 205 255 255 45 255 13 255 32 7 142 87
    255 175 174 56 110 255 220 255 255 144 103 211 255 246 135 255 105
    255 201 245 123 255 121 131 255 255 255 255 255 240 41 255 255 255
    14 55 35 78 128 255 176 22 255 182 177 175 255 220 123 255 167 30
    158 43 7 198 114 97 67 255 255 204 119 255 255 187 255 198 255 255 6
    133 244 255 255 0 253 255 24 153 255 231 56 43 255 255 17 255 253 78
    255 85 238 255 127 65 80 234 235 84 234 230 2 29 102 255 183 255 129
    133 255 181 255 255 207 255 255 218 117 19 255 3 255 255 217 255 255
    224 41 255 65 255 255 4 255 104 135 255 168 30 119 255 255 255 84
    255 165 254 102 61 172 176 94 255 33 255 255 138 22 255 144 194 255
    255 255 255 125 255 65 255 255 255 255 155 162 255 83 255 216 255
    255 44 255 235 116 228 80 255 221 255 59 3 255 143 186 229 25 255
    205 173 255 181 92 255 255 255 116 198 91 203 255 204 221 110 80 255
    30 150 199 153 88 32 211 255 255 255 201 255 255 73 27 56 255 255
    255 37 255 175 255 216 252 255 177 106 255 255 255 186 238 41 255
    179 255 255 44 32 255 233 239 255 255 255 168 255 255 106 255 187 34
    255 255 77 215 192 187 181 52 76 182 255 47 218 255 45 112 255 73
    198 255 255 118 255 139 87 222 193 255 255 17 255 255 52 73 255 209
    17 114 255 72 255 255 255 255 124 148 190 255 56 255 25 255 255 59
    255 255 255 124 246 239 245 255 36 255 82 76 187 131 255 66 255 54
    255 255 4 12 86 147 255 28 255 177 78 255 22 155 228 128 185 255 15
    24 184 181 255 255 255 255 255 255 255 120 255 177 98 255 255 41 255
    129 95 121 179 190 255 233 39 124 196 255 250 34 133 255 255 120 109
    255 255 255 7 193 255 255 226 17 17 3 255 255 255 5 255 135 255 90
    157 85 255 255 255 255 110 70 255 144 244 252 131 232 255 201 255
    255 142 169 255 15 48 196 209 255 52 77 255 255 246 228 255 56 196
    255 204 255 255 58 124 255 238 255 255 19 232 255 114 174 255 12 255
    255 117 255 255 199 237 254 146 143 255 39 153 146 23 255 15 255 255
    13 151 126 149 121 36 255 245 177 255 221 255 255 113 73 255 193 255
    255 102 116 155 158 158 255 61 48 255 66 255 26 227 58 58 208 255
    187 210 160 183 246 255 108 255 255 43 165 255 255 105 136 121 155
    106 132 175 255 47 26 255 255 199 85 67 255 255 138 128 255 255 255
    255 255 223 129 255 22 112 52 67 150 2 255 53 187 217 44 155 177 255
    255 180 78 9 255 61 250 34 255 255 54 12 190 255 12 144 36 255 255
    208 255 235 95 194 255 54 255 209 67 196 255 175 255 255 217 213 255
    245 39 200 162 94 255 157 255 129 184 255 255 255 12 50 99 162 255
    34 191 255 209 228 255 142 145 118 176 255 35 255 249 255 128 80 125
    255 51 121 224 255 255 162 255 255 158 255 179 255 14 24 18 172 196
    111 242 255 11 196 255 216 255 255 255 155 255 78 102 255 193 204
    183 102 255 255 255 73 255 78 255 132 51 255 108 166 255 255 54 116
    255 255 150 159 67 181 255 120 255 149 161 90 255 228 215 243 121
    133 67 255 191 45 255 152 132 255 255 170 255 68 19 62 255 255 154
    146 255 215 143 32 255 230 170 191 203 168 255 109 255 255 152 116 6
    116 153 183 109 255 255 255 101 45 255 147 255 107 255 89 146 255
    255 255 71 110 61 255 255 255 43 253 138 9 110 116 168 36 255 41 255
    116 255 176 29 213 144 145 255 255 184 67 255 112 62 255 135 37 147
    65 255 255 198 99 127 0 255 114 255 17 85 160 255 221 223 255 255
    255 207 255 255 49 58 206 255 255 255 255 158 164 183 195 255 255
    255 237 255 255 43 104 94 61 196 81 255 255 94 255 255 255 101 170
    143 255 173 88 255 211 83 227 116 0 255 244 70 232 91 180 0 159 255
    255 255 255 184 255 99 255 255 255 77 194 61 104 255 66 255 239 255
    255 255 180 118 75 50 160 255 219 255 255 255 255 181 17 255 255 25
    24 160 131 58 255 25 255 9 66 141 200 255 210 255 235 255 50 255 255
    56 107 255 255 234 165 255 158 114 255 187 162 255 241 255 255 255
    255 138 102 198 239 67 158 103 254 85 24 255 232 244 121 112 166 255
    196 255 122 148 222 160 179 255 19 58 71 6 34 255 199 255 255 255
    255 243 105 12 222 98 255 237 255 255 250 106 87 241 231 29 58 173
    119 166 237 228 132 255 255 80 255 255 200 131 138 30 85 177 237 255
    85 255 129 152 239 198 12 153 255 97 162 10 172 114 182 129 108 255
    255 50 255 97 255 231 107 255 255 255 255 179 191 255 255 106 63 102
    255 255 255 175 41 255 39 255 165 7 192 106 255 9 255 3 58 59 2 255
    52 244 116 186 22 222 142 102 255 255 186 255 65 92 255 234 158 255
    176 27 82 92 65 123 18 203 144 210 255 58 144 37 255 85 255 91 255
    225 151 205 255 198 51 41 119 66 174 220 242 255 255 37 249 255 220
    49 255 220 255 255 91 237 255 255 255 6 255 152 123 107 228 255 255
    12 4 158 136 255 246 255 255 149 255 153 111 169 255 99 55 224 234
    94 255 255 164 255 142 55 255 154 70 35 172 15 41 255 255 255 255
    255 255 7 255 255 168 255 188 169 250 255 184 213 255 255 121 6 248
    90 255 255 254 86 255 43 255 125 73 255 113 255 90 255 255 255 255
    255 255 176 7 255 201 157 136 105 255 41 45 56 9 255 20 255 77 104
    252 98 255 255 255 65 255 165 255 255 232 175 255 6 153 255 113 255
    218 160 118 255 107 228 255 242 143 255 255 255 203 220 255 255 250
    255 159 37 145 255 84 255 255 146 182 255 253 104 88 72 255 255 255
    255 218 110 162 13 255 94 121 255 255 228 255 255 166 188 121 255
    124 255 255 255 201 104 149 131 255 255 255 255 17 255 255 255 255
    255 109 19 255 121 221 39 224 126 255 248 255 255 36 82 179 105 255
    49 59 255 222 234 255 125 198 119 116 213 223 123 21 118 255 8 43
    220 176 99 255 128 215 129 12 255 203 255 61 255 202 60 255 255 255
    255 230 255 205 157 191 255 241 255 37 95 97 255 73 199 129 158 210
    175 32 143 19 30 218 78 72 82 254 219 150 255 255 128 175 160 160
    255 255 233 235 169 255 255 54 0 243 255 225 196 122 255 255 171 2
    255 255 255 24 255 34 71 158 20 22 235 255 255 180 255 213 255 255
    255 144 70 255 55 101 255 59 255 209 77 158 255 223 133 255 113 73
    177 221 36 162 255 44 255 237 15 255 242 255 218 234 177 196 255 198
    255 255 104 255 224 255 255 162 66 37 188 255 32 193 255 7 157 24
    255 255 255 255 48 255 255 205 27 149 179 255 39 188 172 24 165 20
    255 255 255 255 0 210 67 255 82 255 73 249 255 143 118 255 255 255
    173 183 255 255 146 255 166 66 255 228 78 255 255 11 255 24 40 17
    255 255 162 255 255 201 255 147 58 32 89 255 179 162 36 255 198 255
    255 255 2 255 228 95 216 234 145 2 194 255 255 252 101 172 224 242
    153 255 255 140 255 121 30 255 12 134 255 29 6 255 255 196 69 48 6
    83 255 255 26 141 108 215 192 255 172 133 255 204 223 255 88 20 32
    153 255 255 198 255 246 255 255 255 255 255 255 248 255 244 255 255
    255 103 121 110 132 10 255 8 255 56 70 255 22 165 83 255 11 255 255
    157 255 255 14 104 255 55 129 196 255 187 43 255 9 255 255 255 28 15
    252 255 179 244 255 29 92 99 58 255 255 206 255 241 255 255 127 255
    141 164 201 36 255 105 87 179 255 255 97 255 213 255 63 77 255 255
    255 255 8 2 255 188 255 255 255 255 63 255 39 114 15 223 255 255 255
    255 56 255 149 179 78 255 78 196 86 255 235 255 33 255 65 127 114 56
    32 158 255 252 192 132 114 255 255 172 255 160 173 191 229 255 170
    123 197 255 127 61 206 215 109 9 255 255 201 255 255 228 11 255 255
    160 255 235 255 255 255 255 237 194 151 213 181 106 70 48 173 209
    255 149 255 227 95 147 255 255 238 78 255 255 9 34 153 255 116 29
    255 255 209 126 198 255 255 255 55 60 183 116 192 255 255 177 129 41
    104 125 8 245 255 255 255 255 87 255 254 255 255 63 142 208 255 168
    250 255 63 255 255 221 145 255 109 89 41 147 87 32 252 29 255 147 85
    254 67 255 86 255 92 255 180 255 255 235 255 255 58 255 43 44 255 58
    37 240 248 29 255 255 33 213 255 172 255 170 158 44 255 172 131 103
    169 101 255 61 94 255 61 255 255 100 138 255 99 129 255 255 7 255 56
    227 255 114 255 254 255 165 112 120 255 255 255 170 52 239 72 103
    180 65 255 4 255 80 201 249 224 224 255 255 221 255 114 41 255 255
    206 60 183 103 255 255 50 255 183 255 169 136 255 22 159 242 87 250
    241 255 255 7 129 255 205 255 255 255 56 255 12 255 255 255 255 255
    255 232 34 98 255 0 255 83 255 202 31 78 182 255 255 78 68 255 180
    252 138 144 255 255 4 164 255 83 112 142 1 61 255 223 255 255 169
    126 43 177 255 255 105 153 220 88 192 248 169 255 255 184 255 255 62
    174 255 157 255 91 255 255 255 158 172 7 120 255 90 255 9 255 62 89
    54 118 75 28 105 255 255 77 75 198 187 31 255 255 114 213 255 58 32
    8 255 255 6 14 255 129 240 255 172 255 144 255 255 91 255 27 255 3
    70 54 255 78 162 175 152 255 255 255 255 12 249 91 255 15 65 255 133
    255 63 233 255 47 164 255 61 255 47 105 70 35 255 255 255 175 255
    228 128 191 106 128 114 255 184 27 255 76 3 216 255 227 255 255 250
    175 25 255 255 198 179 255 235 162 255 7 255 255 249 60 255 172 39
    255 3 85 255 8 240 254 248 126 255 179 56 255 206 255 255 61 199 255
    255 198 248 95 255 30 255 255 91 129 255 255 255 255 255 0 41 58 255
    255 255 255 196 192 255 39 6 95 255 151 180 255 58 70 46 218 230 255
    241 136 20 255 190 255 194 36 255 255 149 181 15 116 22 103 202 116
    90 48 255 32 255 230 90 33 175 255 158 227 19 85 255 255 186 114 129
    255 129 255 164 255 255 121 255 194 246 136 203 255 0 179 6 85 255
    255 138 34 63 106 255 205 255 90 255 95 255 63 9 255 102 51 255 48
    255 255 21 255 131 116 118 255 227 72 21 48 255 255 99 255 255 144
    238 255 186 203 255 216 121 93 255 152 255 210 89 255 239 255 255 10
    119 220 132 46 255 106 61 153 154 255 75 255 255 60 83 157 255 255
    255 255 55 255 226 96 255 47 124 164 255 91 9 255 135 85 255 117 255
    164 255 85 200 228 70 226 102 116 255 226 101 255 21 116 255 146 208
    194 153 213 190 14 70 136 50 255 172 202 255 75 85 221 63 147 255
    255 217 255 255 147 72 255 255 255 255 255 255 255 150 255 211 140
    194 142 255 116 255 255 255 188 165 162 255 7 255 49 255 73 255 186
    255 255 50 255 255 116 255 32 73 255 213 194 213 255 255 255 179 255
    255 255 160 43 255 255 145 129 172 255 255 255 255 215 70 255 108 33
    160 255 30 255 255 238 77 255 197 157 140 255 255 255 239 51 255 161
    133 108 55 255 255 80 255 21 91 221 255 206 53 123 254 9 187 255 238
    255 255 95 160 245 146 243 128 255 255 11 68 255 110 255 255 151 150
    37 81 255 255 255 167 134 7 12 255 11 126 255 255 255 181 255 255
    255 28 102 129 191 255 151 239 49 255 153 37 220 234 164 255 255 102
    235 223 255 131 217 80 2 0 255 73 255 220 198 255 255 246 190 255
    255 215 255 255 76 77 104 3 215 255 255 255 194 255 252 140 217 255
    255 255 114 255 255 255 132 98 255 255 252 221 255 89 255 211 136
    204 255 245 152 255 51 255 255 129 255 255 33 203 255 255 255 255
    209 232 255 76 255 255 107 255 255 243 255 54 255 255 255 59 128 220
    32 255 255 47 255 220 120 255 255 249 141 255 102 141 255 232 112
    255 40 27 88 255 204 255 12 255 155 235 116 209 250 146 250 85 181
    43 154 204 187 186 65 255 255 160 125 255 206 255 255 152 30 45 121
    255 213 255 255 107 31 255 80 201 213 235 255 255 255 255 151 255
    255 255 58 255 26 111 249 168 212 255 175 191 255 255 138 106 194
    120 169 255 255 233 255 243 179 43 220 7 203 255 235 116 44 255 19
    255 133 179 95 223 255 239 123 255 255 72 255 77 94 73 59 148 255
    255 238 114 205 255 4 157 131 255 180 255 255 254 255 255 125 39 101
    63 191 226 242 97 91 255 99 28 107 80 153 249 187 255 164 55 237 164
    255 255 250 255 255 245 43 255 135 220 255 177 80 252 179 255 24 255
    255 76 224 255 198 255 65 255 171 121 179 255 255 149 255 255 78 255
    255 255 224 94 205 29 255 255 255 255 101 12 211 255 106 111 203 255
    255 37 98 61 255 255 192 255 234 255 7 21 78 0 78 199 129 4 78 136
    87 24 255 255 114 255 44 24 119 215 225 235 120 255 24 255 150 255
    125 43 2 255 43 201 205 255 194 231 255 255 80 131 255 58 12 177 139
    255 255 255 29 127 21 34 2 226 175 255 175 238 80 255 31 255 26 184
    255 122 255 200 3 32 255 220 230 255 15 181 37 67 255 255 149 61 108
    231 201 123 103 78 136 73 255 103 235 255 255 248 56 226 252 255 255
    41 112 255 55 46 255 255 160 255 255 215 255 193 255 255 208 7 201 6
    53 255 74 20 255 6 157 144 255 216 190 87 97 9 255 249 255 84 240
    255 154 255 160 157 187 255 168 255 73 255 160 255 95 213 255 147 90
    244 255 255 43 255 255 177 169 141 255 129 255 255 255 232 255 63 53
    255 255 255 255 180 255 73 255 36 76 59 114 255 193 112 255 217 184
    116 255 194 255 255 119 255 67 87 255 69 19 255 12 37 255 224 60 194
    99 109 106 255 255 255 255 255 129 47 112 142 55 196 255 242 235 255
    255 138 211 255 43 255 255 12 160 217 245 34 32 255 255 255 24 255
    255 12 170 59 255 255 172 208 218 255 146 86 250 255 255 249 255 26
    149 255 255 195 255 248 243 27 255 255 143 246 139 255 28 231 36 91
    255 255 255 25 196 218 187 255 255 117 121 255 135 255 104 255 146
    255 245 255 255 133 109 255 205 255 250 34 152 255 228 60 255 138 60
    30 202 87 255 33 192 69 183 19 52 255 138 255 206 63 104 144 107 75
    144 34 190 133 90 255 255 75 255 168 255 255 255 210 255 212 255 101
    255 255 196 195 41 255 117 255 63 255 56 37 213 255 19 34 162 160
    121 114 255 255 223 82 59 34 146 255 255 26 210 255 97 153 255 255
    54 255 255 100 112 80 221 255 49 191 255 22 187 46 168 69 255 153 45
    169 177 231 255 255 168 61 39 186 148 255 255 208 95 228 118 32 157
    146 255 133 123 101 166 116 255 248 90 13 223 255 255 22 255 255 255
    255 255 29 199 255 208 78 108 150 111 235 155 140 119 168 75 255 223
    255 255 80 210 136 149 255 255 61 255 104 34 255 250 166 255 255 197
    83 78 224 255 255 255 10 255 154 255 22 173 255 255 255 158 192 209
    80 2 255 31 80 33 218 22 70 228 155 246 255 71 255 255 255 84 87 190
    74 65 121 109 255 151 252 170 255 253 237 88 66 255 255 23 203 201
    190 150 144 92 9 15 142 186 19 255 255 90 255 72 255 121 255 255 255
    15 255 103 167 200 66 66 255 98 255 255 179 255 233 7 255 255 1 255
    255 33 112 255 175 255 205 147 255 224 255 255 255 255 255 153 171
    255 255 194 255 250 255 255 209 30 175 255 180 255 52 255 3 63 56
    255 159 255 170 9 147 204 255 223 255 47 110 255 255 37 255 255 80
    75 255 94 255 255 255 174 108 255 77 255 255 109 255 255 255 237 81
    51 151 91 255 4 116 17 52 114 157 131 175 7 255 23 181 71 255 255
    203 232 228 255 40 94 28 204 2 175 58 109 218 161 255 255 255 255
    255 67 255 177 184 255 255 255 204 86 255 252 255 73 99 255 51 208
    168 164 118 13 255 148 222 59 218 198 255 46 114 12 228 226 25 138
    255 18 255 30 26 19 255 76 255 255 221 255 207 255 255 101 255 255
    255 140 27 255 87 39 255 255 242 136 128 242 88 255 94 125 45 201
    255 190 31 21 227 255 255 255 255 255 77 102 255 51 104 131 177 255
    220 255 255 255 202 112 179 179 63 255 255 255 32 92 148 168 143 7
    86 8 201 140 246 92 255 242 255 129 173 255 255 255 255 255 255 221
    136 125 43 34 255 255 30 67 255 255 32 72 9 255 106 95 193 255 255
    224 12 255 78 97 255 255 164 235 194 255 255 173 255 246 201 255 255
    193 14 255 59 255 255 255 255 255 120 255 162 204 99 231 220 118 162
    62 189 49 62 55 255 255 116 255 70 255 255 107 255 15 204 255 255 74
    255 255 255 119 56 131 255 250 221 92 255 169 245 255 160 255 255 29
    118 136 131 255 201 255 89 255 91 255 47 255 255 255 54 255 255 161
    255 155 255 255 255 198 255 252 228 255 255 202 255 255 125 72 207
    30 255 28 138 15 255 208 101 255 255 199 125 212 255 255 255 255 0
    96 37 255 33 66 166 164 255 50 231 255 255 29 94 104 19 244 255 11
    255 134 255 255 82 149 155 255 209 153 255 195 255 103 232 255 173
    161 141 35 165 141 255 255 174 144 184 255 205 91 109 160 106 201
    255 255 237 2 227 101 255 144 255 255 109 199 255 78 255 248 47 114
    34 146 255 255 255 73 192 102 255 45 117 126 13 255 255 43 255 153
    255 216 175 123 161 250 255 131 169 255 255 255 255 255 37 173 201
    255 255 99 255 237 223 70 157 250 254 216 124 146 192 255 39 37 223
    162 228 255 238 222 40 228 255 69 255 246 18 255 67 255 140 255 58
    129 255 255 255 112 249 255 32 127 5 254 142 255 255 215 255 215 228
    225 255 142 255 155 47 97 255 155 254 255 149 255 101 220 255 108
    235 169 255 255 99 255 15 177 153 67 255 123 94 255 255 118 255 103
    255 235 241 255 14 114 51 3 194 12 187 67 65 83 255 17 53 255 4 255
    82 202 255 123 67 255 255 51 255 255 199 204 211 143 12 228 8 255
    192 91 194 243 55 255 116 22 208 168 255 255 162 198 203 255 103 244
    255 176 157 67 135 106 255 255 194 255 74 148 255 206 255 255 242 3
    255 219 255 147 25 0 255 255 225 222 255 164 255 48 255 255 36 60
    255 36 194 255 62 255 71 3 148 34 80 255 255 168 255 255 37 22 164
    215 184 155 59 118 34 12 61 97 255 179 200 255 104 75 12 138 255 182
    148 255 124 255 255 255 114 200 235 116 160 255 255 50 8 65 255 84
    51 255 255 255 86 255 175 255 100 255 52 255 66 255 255 255 255 76
    254 84 30 255 255 94 83 153 182 116 255 255 255 255 255 211 255 255
    167 183 213 255 97 186 146 76 59 255 155 111 255 255 255 87 54 100
    255 255 255 255 216 85 102 110 23 181 123 62 255 255 83 107 255 37
    187 255 150 254 255 111 255 239 136 255 255 223 138 220 255 177 255
    255 104 97 144 230 172 253 255 255 168 97 4 128 227 255 182 255 194
    67 2 49 255 36 106 6 255 255 255 255 4 131 255 255 44 255 255 122
    255 255 255 215 6 172 255 243 36 208 9 255 255 255 164 90 255 246
    255 220 117 2 32 182 203 255 92 255 103 124 255 147 255 255 255 162
    72 205 204 255 28 100 255 255 50 255 255 255 254 4 255 107 60 94 41
    52 65 5 255 171 255 255 242 255 255 138 36 255 102 10 255 83 7 153
    197 255 255 52 182 255 255 218 151 255 92 75 255 255 71 70 255 185
    255 255 95 80 155 213 210 111 246 73 22 201 28 14 147 219 255 255
    255 242 255 255 255 255 102 242 255 255 247 244 252 255 255 166 255
    91 255 32 255 164 255 32 41 94 255 172 186 172 255 153 34 241 233 58
    102 255 255 120 250 255 255 255 255 191 133 97 28 77 255 255 255 255
    186 255 255 231 255 201 98 114 255 6 85 255 255 118 255 186 102 123
    175 116 201 202 255 255 70 255 255 100 19 194 255 5 216 28 255 255
    224 70 255 255 191 248 32 221 255 248 36 116 131 3 255 226 138 110
    30 254 151 255 136 52 255 19 211 255 237 255 140 255 255 220 255 45
    216 255 172 120 32 255 215 255 255 255 255 39 171 227 190 140 255
    207 32 255 228 144 255 166 191 255 121 179 255 159 255 255 255 255
    255 255 255 255 49 255 165 255 160 255 155 216 160 177 255 5 166 113
    39 255 231 255 140 70 116 80 255 0 215 84 255 255 85 136 255 255 255
    255 201 255 255 250 208 37 255 255 255 18 24 45 168 85 181 255 39
    255 234 255 67 255 199 255 103 182 255 95 255 198 6 133 157 187 255
    255 255 175 177 216 255 255 34 245 198 67 255 32 195 255 255 255 255
    50 206 75 125 45 255 216 195 255 255 242 44 75 255 255 255 128 107
    255 255 255 255 199 255 142 56 116 187 149 85 255 255 255 255 3 255
    255 255 255 255 255 255 211 133 238 255 76 189 255 11 255 255 255
    255 69 95 56 17 255 24 7 255 68 255 121 177 255 146 99 255 255 255
    49 76 255 185 51 255 131 210 181 255 158 82 24 255 158 159 255 158
    255 6 186 255 255 255 248 255 109 26 132 223 155 255 95 255 180 73
    41 131 255 255 254 252 76 255 12 71 132 235 194 99 111 233 34 198
    157 81 255 218 255 104 255 255 255 255 161 255 183 255 46 255 142
    255 255 248 255 37 255 20 255 3 175 255 106 0 73 175 255 108 100 187
    211 113 252 255 34 73 205 190 238 62 253 255 255 158 255 255 255 255
    222 29 189 250 162 12 255 153 255 255 133 155 146 95 255 255 224 114
    255 74 15 30 17 255 255 255 255 255 95 186 255 166 255 215 255 255
    255 161 255 194 183 5 255 255 167 93 220 99 255 255 2 194 255 114
    181 158 41 56 255 213 170 88 70 168 255 99 24 255 255 255 255 160
    255 242 148 255 127 252 88 168 255 255 255 255 243 255 255 231 165
    148 244 138 255 255 239 255 50 202 55 233 255 255 255 255 77 129 199
    17 255 221 187 255 253 198 17 83 255 73 255 255 131 37 255 220 241
    150 255 142 104 255 255 133 254 255 255 255 15 255 255 15 206 255
    187 255 132 41 255 255 179 75 24 205 255 155 255 162 168 205 255 255
    195 157 151 246 89 255 132 255 43 0 255 151 212 255 175 147 29 244
    113 15 255 255 90 192 255 153 255 176 22 255 29 44 255 94 255 255 21
    112 173 205 221 255 255 129 255 255 255 255 255 255 35 125 9 255 17
    223 200 133 255 255 1 255 6 47 198 35 67 255 255 255 255 228 255 255
    255 255 255 114 81 245 255 41 255 255 11 184 116 255 255 255 255 255
    255 226 216 255 255 175 140 255 255 4 8 255 255 1 255 246 95 66 255
    88 255 255 255 114 177 255 255 255 235 255 28 113 174 255 255 254
    255 110 255 255 255 255 172 194 112 255 255 255 15 36 245 132 48 129
    255 187 255 255 124 213 255 255 148 255 4 255 255 118 141 255 32 34
    192 205 85 255 102 255 255 252 255 255 136 255 255 179 83 39 255 101
    108 11 73 255 255 192 106 255 181 255 87 238 82 197 19 255 255 99
    255 206 255 255 114 255 255 255 213 95 255 123 255 255 196 255 182
    255 255 245 255 255 125 26 71 98 114 112 205 15 185 255 255 43 239
    255 103 76 56 194 224 126 43 177 138 255 255 255 67 255 255 255 255
    46 216 194 255 255 255 255 228 210 29 149 194 255 205 252 216 255 30
    179 110 136 255 213 132 255 255 255 255 255 155 255 52 3 235 255 3
    83 22 255 75 76 255 99 255 235 255 136 106 164 255 77 58 255 96 252
    233 41 255 65 160 255 255 255 255 65 39 228 200 255 255 255 255 255
    82 255 31 255 255 255 255 220 255 255 215 56 39 100 250 255 158 153
    255 54 131 200 146 255 37 255 75 255 223 220 255 250 255 255 255 43
    32 250 255 93 186 58 114 153 10 255 26 199 255 132 167 11 255 83 255
    160 255 252 179 160 116 199 255 255 220 218 198 15 228 255 255 80
    224 224 255 255 194 27 229 129 255 255 150 255 114 36 5 255 255 255
    71 255 68 255 45 150 201 255 63 255 255 181 255 255 102 108 65 255
    255 255 66 75 255 255 170 166 24 246 255 255 211 197 255 69 255 247
    112 206 128 255 21 255 164 255 233 255 88 255 82 117 83 255 56 255
    255 23 43 255 139 218 255 194 255 99 255 255 132 255 255 17 116 128
    95 124 169 255 43 135 172 254 160 255 245 111 255 87 255 255 255 34
    147 173 194 175 255 255 54 232 53 6 107 31 255 232 255 153 74 255
    159 255 17 93 206 92 255 122 109 30 255 221 170 73 237 255 255 5 164
    255 255 194 202 255 187 255 53 255 255 150 88 179 83 112 216 61 65
    142 255 4 190 255 97 255 255 91 255 240 255 166 255 255 255 255 255
    255 116 255 184 181 255 132 255 255 19 119 255 164 218 255 255 255
    255 102 27 142 255 255 255 255 255 255 188 174 255 232 82 255 223
    255 108 131 255 255 255 146 215 246 189 255 255 112 112 14 111 220
    206 247 76 235 230 255 179 152 255 239 255 228 39 255 4 121 255 86
    89 10 255 133 255 65 92 237 114 255 255 243 105 255 91 15 255 255
    254 255 255 34 152 0 157 152 108 111 167 255 91 82 125 125 255 255
    105 136 255 150 162 15 255 60 255 212 230 255 255 255 255 102 255
    255 255 196 255 252 106 34 255 255 67 135 129 228 77 155 255 255 162
    237 255 255 255 59 255 88 122 140 192 226 255 173 169 255 39 255 238
    22 127 255 181 162 60 90 168 118 255 102 255 78 255 255 255 95 255
    112 255 255 255 255 201 255 255 230 255 255 181 255 255 68 91 198
    255 91 150 177 255 7 255 233 255 255 255 44 255 255 255 255 255 239
    255 250 62 255 255 144 75 255 73 255 255 85 255 255 228 255 255 81
    255 172 171 255 255 28 198 231 157 192 255 255 61 255 127 145 21 84
    10 164 51 255 159 255 73 255 77 199 41 77 97 255 109 255 4 58 255
    255 88 53 45 254 123 172 255 255 255 227 177 127 92 255 255 255 126
    255 81 255 255 173 255 255 67 150 179 99 92 255 255 97 123 255 56
    162 239 5 255 56 255 255 190 221 255 255 255 60 201 255 255 91 215
    13 77 255 255 210 255 255 202 174 6 255 255 255 11 223 164 66 51 255
    72 26 255 14 255 255 197 162 155 255 230 255 255 182 131 199 255 255
    176 70 24 51 255 190 113 133 255 78 255 255 255 136 75 255 65 255 87
    155 65 23 255 255 255 255 198 140 255 255 111 141 62 10 255 209 193
    255 255 21 123 187 88 131 11 255 106 194 40 255 255 255 34 76 223
    196 255 139 255 233 19 48 255 255 92 58 255 157 255 253 82 35 221
    255 201 255 255 56 201 66 205 3 255 255 120 255 99 136 210 255 255
    255 255 8 255 255 32 255 255 255 255 250 255 255 255 223 220 86 171
    58 255 193 186 190 182 131 218 255 0 255 129 136 119 255 70 255 128
    255 159 255 244 62 144 255 255 14 255 255 202 255 255 255 255 127
    255 255 226 255 206 255 128 157 69 243 174 119 208 255 90 6 255 86
    62 250 255 36 255 78 169 179 119 190 255 255 255 254 196 7 191 255
    255 255 255 255 9 255 199 255 192 255 43 255 83 111 90 255 126 7 121
    255 144 165 255 255 52 255 75 66 0 187 173 255 50 95 135 198 195 155
    192 255 56 255 168 255 49 255 89 255 59 89 255 117 255 255 241 87
    255 228 41 255 151 32 9 160 184 255 149 255 84 255 255 32 157 133
    255 144 5 255 255 255 255 127 111 164 255 165 255 231 48 108 255 255
    255 3 73 255 255 133 255 136 160 255 255 160 50 255 255 255 255 97
    255 210 172 255 43 172 9 151 7 78 139 73 6 231 255 213 177 204 252
    139 123 255 11 181 80 92 101 4 173 255 255 208 191 39 44 255 255 30
    90 255 77 215 121 127 65 190 18 255 255 255 255 255 243 112 255 127
    255 255 47 101 125 237 78 255 102 55 131 50 140 255 184 255 255 255
    192 43 80 29 255 193 128 157 255 255 255 245 255 229 231 124 78 80
    82 194 248 255 65 0 242 255 255 255 183 76 250 255 128 12 142 255
    255 255 255 87 255 128 255 228 144 255 255 124 255 45 96 255 151 255
    211 255 168 131 255 255 255 255 255 238 123 255 255 32 255 174 45
    255 15 255 188 255 2 255 255 255 255 255 255 255 240 7 215 255 222
    255 255 255 212 255 255 103 247 32 255 37 54 212 204 255 255 49 255
    224 118 13 224 249 181 252 255 11 241 255 63 223 211 255 255 63 244
    59 187 255 198 32 9 255 255 65 219 63 255 124 255 255 195 9 255 155
    255 255 66 255 43 158 199 183 191 255 131 160 255 179 162 255 255
    255 255 15 235 208 255 122 148 209 128 255 7 8 255 255 255 255 177
    205 148 255 138 141 17 255 181 255 255 44 170 144 255 63 149 255 233
    26 121 255 201 255 15 255 102 73 45 255 50 102 131 255 220 48 255
    206 255 43 193 31 95 255 160 6 199 128 255 242 49 255 255 172 73 255
    60 255 14 129 255 255 34 255 228 255 155 242 255 255 44 198 255 255
    184 255 105 145 255 161 63 231 34 255 82 43 157 255 55 9 90 47 78
    168 1 244 255 103 174 255 132 191 255 4 255 255 139 124 50 188 250
    255 150 174 255 255 255 255 19 255 134 255 196 218 30 186 255 113
    131 37 255 255 255 133 145 246 217 255 147 255 255 93 227 48 255 255
    10 255 106 63 255 227 255 52 248 255 95 117 92 255 255 255 188 116
    53 255 73 162 159 255 255 13 59 68 63 61 58 255 34 220 255 255 245
    175 125 255 228 157 255 175 26 80 80 228 255 255 131 235 255 255 158
    255 55 152 255 55 83 151 118 255 65 204 148 255 255 255 255 120 29
    255 105 116 134 255 124 121 109 68 255 15 203 255 206 255 112 179
    255 255 255 160 41 70 255 255 248 255 255 102 182 239 110 255 201 78
    252 255 88 34 255 65 77 255 255 2 90 255 201 153 55 255 82 255 181
    255 223 255 255 249 10 179 98 255 69 39 255 255 202 252 255 136 5
    233 10 255 255 245 24 255 255 255 103 72 255 255 15 218 213 58 199
    255 51 255 101 39 255 205 255 255 255 255 255 160 59 208 255 219 255
    255 255 235 255 255 194 170 17 72 254 89 124 80 74 233 213 19 160
    255 255 43 177 55 255 255 25 99 205 74 124 255 6 107 140 6 153 255
    255 206 255 204 87 255 45 255 255 109 255 255 215 192 136 210 128
    255 255 99 175 66 255 255 45 233 203 255 255 255 81 194 255 142 228
    80 195 255 106 226 255 142 250 51 255 45 107 229 110 255 243 58 43
    131 255 58 114 255 27 255 61 255 153 255 255 71 255 206 196 21 118
    255 235 255 255 220 223 116 215 60 255 59 85 255 255 255 177 255 255
    172 160 255 220 255 66 255 255 255 229 255 255 255 205 255 255 183
    126 255 255 255 255 255 255 207 63 255 255 228 34 255 255 220 170
    131 92 255 168 255 209 3 255 255 217 255 132 237 242 255 12 5 30 255
    255 138 132 255 255 40 19 255 92 106 255 255 255 255 255 255 255 33
    255 255 105 75 244 202 255 255 91 255 173 255 255 255 255 230 255 85
    245 255 255 150 255 226 255 255 120 220 37 255 255 233 74 14 255 99
    39 255 107 77 146 255 255 255 14 60 252 72 255 37 63 208 78 165 245
    255 94 255 255 83 238 160 105 5 97 1 255 255 255 255 162 201 198 255
    220 146 151 36 112 255 153 244 255 17 192 255 228 75 106 32 255 86
    255 184 32 255 211 255 255 255 88 255 255 255 255 56 0 255 255 255
    202 255 248 114 255 255 255 181 255 245 87 112 243 255 255 255 255
    255 221 255 95 138 211 200 255 228 65 255 244 203 129 179 50 70 10
    22 69 2 255 255 255 173 249 255 255 146 213 255 255 255 34 131 240
    35 255 92 127 69 255 255 243 255 255 255 255 160 54 167 255 187 255
    88 212 255 110 140 255 255 59 46 255 40 255 255 89 235 2 146 254 200
    194 194 69 198 255 183 255 131 255 74 255 2 239 255 255 198 240 239
    73 238 255 25 255 255 10 145 255 65 255 255 221 255 250 255 255 213
    255 36 255 70 109 255 47 255 201 95 255 255 255 255 173 106 255 255
    180 255 49 0 102 255 255 199 255 36 191 88 1 85 255 255 255 255 92
    255 181 81 255 131 149 255 255 255 255 146 95 220 190 255 255 255
    138 201 129 162 255 30 124 70 181 255 255 252 40 17 255 91 235 147
    255 43 255 120 68 101 255 255 255 15 255 255 254 230 255 221 255 255
    121 255 112 249 255 255 136 31 75 176 255 255 129 216 255 62 255 60
    41 60 110 125 20 93 14 114 160 166 75 255 100 206 255 37 157 255 255
    12 188 186 177 69 131 255 255 26 31 255 255 39 255 206 26 244 255
    255 255 255 255 123 255 19 155 255 24 222 255 208 255 40 233 255 118
    0 146 255 255 69 208 255 255 255 255 151 158 49 108 255 83 255 29
    170 203 213 152 255 235 78 231 255 111 24 157 254 78 255 87 255 128
    162 255 255 210 203 12 255 110 255 227 255 175 255 254 255 255 255
    176 61 194 41 227 209 166 82 255 85 206 241 47 34 255 8 104 215 202
    203 207 255 5 82 183 72 255 85 155 255 102 255 90 11 255 255 76 255
    173 198 210 19 117 255 172 216 255 255 255 43 255 255 255 255 142 68
    215 158 255 37 238 255 255 172 255 255 18 255 255 255 169 222 228
    255 255 255 124 255 255 37 123 161 255 255 17 97 37 255 255 255 176
    213 255 66 194 255 124 255 65 199 97 213 19 24 255 102 221 6 204 255
    255 224 255 157 1 17 49 255 255 50 80 250 255 255 129 255 255 255
    255 70 143 255 179 255 255 255 255 101 18 218 39 23 255 255 217 128
    255 59 85 132 147 255 255 72 199 255 248 169 255 255 29 103 255 39
    248 139 255 255 15 255 188 122 32 255 253 162 239 255 5 255 190 255
    250 39 255 255 138 53 28 255 255 213 204 255 255 255 140 255 111 14
    255 255 49 255 255 255 255 176 51 209 255 255 116 132 208 203 255
    255 224 107 97 2 48 19 255 193 255 255 158 255 56 12 255 6 133 90
    255 118 66 209 255 255 213 94 14 13 255 255 203 194 255 255 248 165
    255 227 70 21 33 89 255 235 34 203 201 255 255 7 255 255 255 179 131
    255 255 93 44 255 26 10 194 159 162 2 255 132 245 147 168 141 149
    255 255 2 210 73 35 131 104 255 255 34 56 255 48 255 18 255 108 76
    230 255 142 227 201 41 227 254 255 160 255 150 255 255 10 228 112
    140 255 60 96 255 49 255 187 255 116 75 173 95 150 177 202 255 69 67
    238 173 52 245 255 252 255 142 205 255 255 255 129 255 23 206 188
    255 240 255 255 5 11 188 255 255 153 210 255 255 22 255 255 245 28
    89 255 13 255 255 255 255 255 172 127 216 73 255 31 160 217 255 15
    188 255 255 255 255 35 109 255 255 99 255 190 56 150 255 116 204 255
    127 146 226 164 255 170 190 255 243 140 153 255 47 198 215 139 255
    35 197 255 255 228 255 187 105 255 255 180 7 255 255 255 159 255 216
    52 29 223 142 255 255 127 171 26 255 160 152 90 87 99 93 255 97 129
    255 106 22 179 49 69 17 240 175 255 31 255 63 140 255 255 255 255 40
    255 255 255 255 248 255 119 255 182 255 95 147 255 255 255 247 255
    255 109 213 230 49 255 198 60 255 55 216 255 56 255 201 4 66 34 147
    255 255 80 53 248 138 233 108 194 49 121 41 150 131 153 196 255 122
    237 103 41 170 30 88 255 123 212 255 104 195 150 173 180 148 4 255
    255 255 242 179 255 61 157 255 133 230 255 255 255 103 212 167 255
    132 255 50 125 131 255 255 194 26 228 255 49 193 255 255 161 90 255
    255 196 112 255 189 255 63 254 255 151 255 255 255 208 255 253 255
    255 182 172 255 131 255 90 129 112 255 160 255 255 255 155 255 184
    223 255 255 218 35 255 83 211 238 199 17 155 87 255 76 24 24 63 203
    255 186 230 215 160 198 205 232 255 146 255 255 147 253 255 37 234
    255 255 140 95 255 1 95 255 223 255 11 255 82 255 223 255 201 103 14
    255 255 255 255 255 3 243 162 255 255 255 230 255 255 255 93 30 255
    255 151 255 255 224 101 112 92 167 255 180 46 209 186 9 146 254 26
    255 41 255 255 220 160 255 1 31 255 198 104 110 255 255 84 255 255
    63 172 255 106 242 255 0 41 126 244 169 58 255 255 255 104 231 116
    190 11 155 179 23 255 229 37 210 2 201 124 22 106 85 255 103 135 26
    255 83 255 147 255 255 255 119 255 84 255 62 255 255 255 255 255 97
    221 12 255 63 255 255 91 208 255 204 208 255 255 255 255 255 111 255
    34 19 255 21 244 134 107 46 149 208 170 255 85 194 255 213 255 255
    255 225 45 45 72 121 28 208 80 255 182 215 7 255 255 209 255 76 195
    245 149 255 255 125 135 167 198 172 48 255 29 194 49 209 255 172 255
    227 62 198 97 255 255 150 255 61 116 255 184 56 255 255 155 181 191
    247 52 43 162 216 6 46 255 232 255 255 6 90 255 51 133 149 55 174
    244 74 223 22 125 60 243 255 215 255 99 255 116 63 255 255 201 255
    255 231 155 123 199 255 255 52 128 127 195 138 220 69 53 255 116 255
    255 81 157 201 105 172 86 136 250 252 255 255 255 227 199 255 206
    255 255 87 211 19 255 101 255 48 255 255 23 255 255 84 245 255 6 255
    255 54 153 95 223 169 65 15 255 255 202 255 69 39 255 255 146 135
    142 92 186 255 144 255 2 138 255 132 255 255 255 114 244 233 255 131
    255 30 255 255 17 255 183 136 255 255 135 126 54 88 255 255 65 255
    82 146 29 181 217 60 255 12 255 188 248 32 248 255 204 255 255 179
    62 72 255 90 228 235 255 113 225 116 255 244 224 255 15 129 44 167
    65 40 255 255 52 101 175 255 27 255 194 72 177 255 17 88 96 26 229
    149 255 255 195 250 49 255 255 45 246 255 60 182 255 146 149 77 15
    242 255 39 255 60 255 255 255 26 133 204 255 197 72 19 255 66 255
    255 3 106 133 29 255 7 46 255 173 53 60 187 60 255 11 215 213 10 34
    179 255 255 255 85 232 134 255 184 147 150 3 255 43 221 216 237 255
    209 138 255 255 98 194 255 55 255 231 158 123 255 255 89 255 255 215
    41 78 255 112 172 255 244 162 146 142 39 119 50 77 255 108 33 177
    231 132 41 181 255 255 255 169 255 41 198 41 255 91 106 255 255 255
    190 239 181 129 80 177 15 98 141 17 78 55 255 67 61 136 54 255 255
    44 255 56 183 255 255 77 255 255 48 255 255 255 87 41 248 255 104
    255 5 116 255 133 255 206 255 255 0 255 32 255 95 255 150 255 192
    132 255 127 255 255 13 217 177 26 255 255 233 164 255 73 105 255 255
    74 101 125 194 240 255 193 77 32 215 99 123 255 107 255 105 27 34
    182 255 54 81 255 255 81 92 58 4 78 9 255 111 106 0 255 255 255 255
    255 255 177 255 188 242 56 147 135 255 255 255 62 113 240 255 255
    255 142 245 175 255 198 36 93 253 255 255 84 10 255 237 255 255 142
    255 129 124 255 255 243 225 255 255 218 37 127 255 255 0 255 21 142
    165 255 103 65 160 255 255 179 255 244 118 253 255 255 255 255 255
    106 232 215 248 203 255 237 167 255 208 14 250 255 39 255 255 60 187
    255 242 246 255 255 60 83 255 134 255 158 164 255 181 255 7 240 21
    208 19 255 59 206 153 234 225 235 67 255 255 19 221 255 40 255 91
    105 255 255 255 128 250 107 198 121 212 255 239 255 12 255 255 150
    17 43 189 76 232 255 255 99 19 255 217 255 255 252 155 255 255 210
    255 65 255 255 255 255 222 255 43 155 188 12 211 180 87 255 220 255
    255 255 182 196 161 252 244 4 255 255 201 129 192 55 78 255 219 184
    13 114 175 196 95 255 95 246 145 255 255 128 149 209 255 11 47 255
    255 255 26 147 195 255 228 255 255 255 255 158 255 255 109 172 255
    255 255 223 164 255 255 116 76 151 210 255 184 153 112 62 255 106
    201 44 255 215 227 101 209 80 30 255 255 255 110 17 252 255 255 132
    106 255 255 202 63 255 255 249 134 173 255 203 59 255 255 95 255 175
    255 255 255 241 15 255 252 255 255 59 170 106 255 119 6 255 43 255
    255 255 108 25 255 188 255 255 255 56 255 255 176 255 188 83 90 82
    92 255 255 220 143 164 255 255 218 73 223 78 234 68 209 255 72 255
    58 60 255 237 255 127 54 194 39 125 255 17 140 255 248 65 255 58 138
    255 108 199 255 185 201 133 255 201 104 39 155 43 86 29 255 255 15
    203 185 43 68 243 255 97 243 239 228 224 127 252 255 255 182 255 241
    90 252 91 118 255 65 129 255 255 65 103 255 121 97 188 36 84 243 192
    190 176 249 255 85 109 255 231 255 233 255 164 211 155 17 86 255 255
    255 206 255 190 173 255 255 3 53 255 25 136 255 224 41 255 124 206
    255 255 49 255 143 199 255 255 215 255 89 255 255 66 53 255 255 255
    187 255 89 185 65 255 201 114 146 147 142 121 255 121 255 255 59 68
    54 113 87 255 36 255 255 255 191 255 255 255 255 255 238 228 194 75
    13 118 255 82 17 68 76 255 255 15 138 255 110 160 44 255 255 255 255
    125 119 255 255 210 119 255 153 255 191 255 237 255 95 255 146 150
    255 183 65 255 107 255 140 48 255 255 242 255 255 255 255 255 61 255
    62 146 104 140 246 255 255 176 12 82 255 206 67 245 65 7 250 123 149
    106 255 255 23 126 110 255 255 4 84 255 215 255 255 255 255 252 255
    255 136 255 1 255 255 255 238 155 255 255 255 255 131 103 209 68 255
    151 255 203 255 255 243 250 157 252 7 124 205 255 80 56 14 228 132
    252 255 15 128 255 255 127 131 255 255 255 255 223 102 127 255 255
    255 255 255 255 147 60 255 255 255 168 180 157 153 255 255 220 92
    255 125 204 255 149 151 118 172 254 70 37 237 255 132 255 153 255
    201 24 255 81 255 255 255 255 235 171 184 255 255 41 194 110 186 213
    83 225 32 132 177 255 193 255 255 255 247 243 255 22 246 255 255 255
    36 255 255 4 255 255 150 49 192 255 215 207 25 255 37 255 221 200
    133 61 255 255 255 159 37 107 244 255 255 146 98 104 255 30 237 255
    6 174 108 248 255 255 255 170 255 255 145 255 255 24 127 73 255 255
    255 255 255 21 255 131 255 101 255 221 255 188 81 221 255 255 70 78
    255 247 47 168 255 34 139 153 194 15 126 255 59 255 255 213 255 233
    204 39 255 255 255 173 45 225 91 164 121 21 17 255 34 133 255 52 157
    124 255 3 255 181 164 255 91 175 255 52 69 255 255 140 112 41 176
    255 255 201 157 255 47 255 255 111 255 255 94 0 255 255 46 255 142
    255 131 227 255 26 255 192 255 132 145 255 8 255 28 219 53 231 103
    255 207 177 255 255 255 97 60 194 242 255 255 255 21 87 255 255 255
    255 200 255 51 188 217 255 162 255 169 243 144 255 166 122 255 255
    255 255 185 255 255 207 255 255 255 83 210 166 99 51 209 92 255 255
    204 232 255 43 126 255 245 255 255 255 247 209 122 43 218 140 254
    255 154 73 255 191 255 243 186 255 173 190 255 95 135 255 255 255
    210 157 255 233 255 255 160 132 221 199 78 122 146 181 255 37 123 95
    22 157 133 206 255 169 255 255 202 255 82 166 255 52 87 94 244 36 19
    250 255 223 237 59 255 255 191 186 142 33 160 255 255 255 0 129 0
    255 161 255 114 164 218 211 208 255 255 61 255 157 146 255 255 18
    145 255 255 238 22 255 255 177 248 172 255 248 255 255 23 255 255
    151 255 255 25 255 255 88 221 255 184 255 255 255 128 229 255 255
    255 98 75 255 58 89 255 50 255 129 255 12 255 238 187 187 78 189 75
    255 255 226 3 255 177 144 68 255 14 39 228 187 215 213 255 255 41 94
    155 110 255 181 255 128 255 175 139 7 255 168 255 255 197 203 255
    255 255 185 255 158 255 255 255 255 122 255 255 255 26 91 17 255 255
    255 109 255 103 5 179 255 101 255 85 255 104 120 255 255 255 255 237
    221 39 131 255 78 84 197 255 255 179 73 146 17 160 239 50 72 255 48
    58 220 255 175 255 80 106 255 66 9 255 62 140 255 221 255 173 70 164
    255 255 133 255 132 255 255 255 153 255 255 63 56 177 255 255 230
    106 254 205 255 255 172 148 95 15 167 255 106 242 255 223 255 255 22
    135 11 255 41 80 127 15 255 254 232 255 255 70 255 41 14 82 150 255
    146 227 255 121 48 99 255 162 255 93 239 255 11 255 255 58 142 255
    220 188 255 201 255 215 255 166 240 255 30 66 97 50 245 255 165 204
    159 143 255 121 66 255 255 120 46 255 85 204 39 25 63 65 255 232 101
    255 252 255 124 250 252 128 255 255 255 73 255 255 255 110 67 48 104
    69 22 255 107 128 26 201 255 173 50 77 90 55 169 215 255 233 0 146
    255 224 102 255 255 109 255 39 47 255 255 132 102 255 81 138 166 194
    247 255 219 37 11 150 124 255 22 72 213 255 82 60 255 172 235 194
    255 255 166 102 255 255 20 65 255 148 218 172 255 32 162 187 243 255
    255 255 255 255 63 215 123 255 215 136 41 183 124 255 26 216 255 78
    48 132 12 136 255 18 255 255 77 172 54 36 255 255 234 37 255 235 255
    255 63 198 28 220 201 88 41 135 255 30 255 172 255 221 138 80 167
    138 41 255 243 147 255 37 19 102 11 116 255 255 255 48 228 255 255
    255 255 198 255 255 255 255 149 220 209 255 255 255 36 48 255 249
    255 255 110 255 255 255 72 216 255 9 255 144 157 116 255 3 255 194
    101 60 140 169 255 149 119 0 162 140 30 253 255 69 255 46 78 255 218
    255 103 255 147 26 51 104 47 119 255 239 63 255 201 60 144 255 109
    255 254 255 255 255 255 0 66 255 129 81 94 233 30 167 0 118 136 255
    255 187 244 32 255 144 255 252 215 34 111 54 14 101 49 194 167 229
    241 255 30 23 225 252 249 73 255 6 232 93 155 255 132 255 19 255 201
    255 244 116 255 255 187 245 255 117 68 255 157 94 255 193 201 140 62
    255 91 255 255 255 41 255 9 255 196 255 158 255 32 237 255 255 25
    255 28 99 255 119 125 255 255 23 95 209 255 148 255 54 235 90 122
    216 144 239 255 118 87 227 84 14 70 78 216 27 255 41 175 255 66 73
    255 187 255 255 149 235 255 51 22 224 188 55 34 100 255 255 147 19
    255 73 24 95 149 104 255 171 194 255 26 192 255 48 174 255 127 255
    209 255 9 196 146 150 58 184 255 6 121 89 255 81 107 56 69 255 255
    255 136 255 255 9 255 169 255 233 18 255 255 245 119 153 74 204 196
    238 255 209 239 255 255 179 44 255 255 255 255 136 255 255 246 255
    168 95 119 255 254 255 88 255 83 222 255 55 255 255 255 255 255 255
    6 255 255 73 237 237 255 92 255 56 175 254 255 175 27 255 165 255
    255 255 17 149 255 19 255 204 255 255 153 255 255 255 31 134 83 255
    84 255 158 255 219 162 255 255 255 54 39 99 255 157 17 255 255 255
    155 248 255 173 22 255 78 255 255 173 103 255 255 255 182 255 208
    230 188 252 255 255 85 255 134 91 94 88 215 255 255 255 73 252 255
    255 39 221 255 127 176 255 194 109 255 255 188 68 252 255 237 255 73
    255 69 179 250 159 255 206 250 255 255 22 248 255 255 255 191 32 255
    104 255 184 225 127 255 208 255 133 255 255 255 118 255 94 124 244
    80 213 63 255 255 255 125 55 255 45 255 69 21 255 91 194 235 151 255
    102 255 224 51 255 230 255 255 77 255 229 74 252 49 255 255 91 242
    46 255 3 255 200 121 211 220 37 152 255 26 66 255 76 255 132 255 90
    121 202 182 255 66 255 222 255 83 255 255 255 255 255 15 95 255 240
    255 0 245 255 255 55 73 62 255 132 122 255 26 231 17 255 255 102 6
    255 238 45 255 255 255 255 255 255 184 0 255 249 255 99 255 232 255
    234 255 67 228 255 185 255 255 127 224 255 255 50 20 255 87 146 177
    255 194 255 255 9 255 255 255 43 45 15 65 158 148 252 73 153 194 133
    213 118 87 94 255 10 123 255 182 255 255 255 99 255 26 39 255 142 56
    80 43 177 255 184 255 45 182 203 149 21 37 255 242 41 175 177 31 17
    255 255 255 176 53 255 202 15 255 255 255 78 165 128 255 23 255 11
    110 199 255 65 255 255 255 255 255 100 112 255 161 114 255 255 255
    129 255 131 255 255 94 255 255 15 255 255 203 11 81 133 255 179 255
    237 44 255 82 73 56 231 70 255 255 11 255 97 99 78 192 132 255 65
    255 2 255 109 140 255 227 177 255 180 58 159 217 101 255 98 169 255
    255 255 35 124 255 17 199 216 76 255 255 255 67 198 153 255 34 255
    77 255 255 88 252 255 39 255 119 30 252 255 208 0 255 235 89 131 255
    255 255 250 255 255 255 160 28 255 198 255 246 63 255 171 175 255
    139 255 255 92 175 255 255 27 101 255 164 181 91 37 35 182 255 209 8
    141 159 255 227 76 37 112 255 255 128 255 186 255 26 122 255 134 144
    112 255 43 255 203 255 53 255 255 245 244 25 203 255 255 73 200 106
    56 229 212 255 75 198 255 255 255 255 231 106 186 93 255 63 255 139
    255 56 209 255 220 255 77 255 180 255 140 26 145 255 157 255 108 176
    118 255 204 255 255 92 58 239 92 48 187 59 94 255 204 255 255 118
    255 224 255 252 254 72 255 73 255 255 39 74 255 255 3 75 237 212 102
    140 180 255 21 209 255 255 220 63 224 37 41 47 4 255 255 160 160 255
    164 255 255 255 162 255 140 255 255 17 131 255 28 148 76 254 155 123
    255 255 255 238 235 76 210 179 187 66 204 255 243 36 200 255 255 132
    154 49 13 255 112 149 255 255 106 255 150 255 140 255 255 100 167
    162 193 255 11 255 55 224 91 255 255 124 112 255 154 255 255 255 232
    255 255 255 118 103 255 255 197 12 134 255 114 255 255 255 39 155
    179 226 30 189 76 230 143 26 255 255 255 201 252 54 255 177 63 98
    255 155 146 187 198 41 29 255 29 228 255 28 150 78 32 94 162 212 255
    255 151 255 250 84 255 255 132 223 255 74 255 255 255 255 28 202 255
    41 127 72 255 255 255 255 117 255 255 81 255 97 55 249 255 223 255
    255 69 14 255 55 118 188 255 255 255 96 255 103 85 255 255 186 150
    255 255 184 255 121 255 255 12 255 255 255 223 255 63 255 237 114
    255 45 74 255 196 164 78 255 88 255 76 103 255 35 255 238 22 23 83
    255 51 255 62 36 255 255 18 255 255 255 189 209 110 255 205 191 255
    205 33 19 255 219 255 157 255 158 255 173 56 255 28 255 108 255 51
    188 195 211 255 202 238 255 11 9 248 206 255 80 25 3 231 204 170 52
    147 255 255 238 255 254 219 255 192 102 204 255 179 70 255 169 227
    255 51 255 159 43 255 255 255 255 255 249 255 255 58 255 229 121 225
    255 91 255 0 182 140 37 125 138 207 255 255 160 255 244 255 255 124
    90 255 72 255 255 255 255 106 218 101 255 255 250 43 20 82 100 255
    196 217 181 255 255 255 255 255 255 255 255 20 114 47 182 76 232 255
    255 216 68 187 39 255 255 255 255 255 255 228 255 241 255 140 255
    255 78 206 80 255 165 133 255 73 46 134 110 218 255 228 255 76 255
    255 147 153 15 246 1 255 123 142 119 255 242 242 255 26 0 177 255
    255 255 92 140 166 37 237 162 255 153 255 166 255 140 255 165 52 255
    191 255 255 255 255 255 255 255 63 233 93 120 255 255 26 255 164 55
    255 255 72 165 88 131 255 183 243 7 255 255 112 255 235 255 255 184
    255 147 91 255 255 199 157 104 117 255 255 198 44 255 161 10 121 33
    104 255 199 249 11 255 255 255 255 152 255 155 228 229 175 255 224
    106 60 26 95 255 255 39 255 90 127 17 222 255 51 255 252 255 255 172
    204 255 255 255 0 26 255 255 255 255 255 84 196 228 231 255 22 116
    255 255 7 34 11 179 77 108 61 255 255 255 167 255 255 255 194 26 19
    69 255 43 71 55 55 255 45 255 37 208 255 255 255 155 183 213 32 255
    4 55 255 199 170 255 255 0 255 154 255 255 33 255 157 204 14 255 255
    75 255 231 255 104 107 255 255 62 250 255 12 181 255 106 192 255 255
    170 255 102 254 255 255 65 243 255 255 255 255 39 157 255 206 134 89
    155 255 255 162 255 255 255 255 255 19 255 241 152 255 194 104 255
    50 109 255 255 255 190 193 255 123 43 255 179 255 204 65 168 255 194
    89 255 255 94 104 233 6 152 194 7 141 185 255 255 118 142 170 123
    198 136 255 230 17 255 85 255 255 255 55 255 127 255 255 176 9 255
    136 206 255 77 255 255 250 255 125 149 255 255 242 249 41 255 255
    224 255 255 255 255 7 255 179 77 255 187 199 255 63 65 155 128 191
    201 147 255 255 72 83 255 91 157 47 81 255 255 56 255 255 106 255
    255 190 255 153 255 255 255 255 255 255 255 9 255 227 184 91 132 201
    255 149 41 114 161 55 255 121 232 144 118 255 108 29 255 255 231 58
    255 153 255 76 77 255 37 131 223 198 149 254 255 228 255 114 6 106
    144 255 70 6 255 255 252 37 255 45 255 255 255 153 66 209 255 167
    255 72 158 255 120 255 39 83 104 255 227 255 235 8 41 196 7 106 71
    255 24 255 217 133 194 255 78 255 125 90 76 76 255 49 11 99 255 255
    232 255 142 232 255 255 255 255 202 114 157 80 92 209 114 237 255
    118 220 255 255 150 255 175 255 255 255 255 255 255 255 255 255 255
    82 74 58 151 10 208 196 18 245 255 249 187 255 84 160 255 109 136 11
    14 255 255 217 255 237 255 56 255 106 20 244 99 203 65 166 29 255
    109 20 255 224 15 91 226 112 255 176 192 241 73 255 254 34 255 235
    255 184 255 217 141 160 252 255 255 1 255 255 140 255 123 157 80 209
    10 221 17 129 17 252 58 242 35 224 232 131 10 51 255 235 72 255 39 5
    162 191 255 187 50 255 255 131 141 13 227 255 255 154 204 49 197 255
    255 62 255 255 255 116 255 81 255 112 41 124 255 98 255 255 161 233
    118 255 128 82 105 112 255 255 255 164 255 245 255 208 255 255 237
    237 255 63 255 255 11 135 255 34 189 255 176 255 255 58 213 241 255
    255 108 125 255 255 39 73 255 128 237 93 138 238 255 217 255 255 29
    255 255 255 175 255 255 182 75 255 255 255 255 255 255 255 255 255
    14 192 60 255 255 255 252 114 250 255 244 255 245 189 231 74 255 63
    165 255 52 215 255 255 171 255 162 255 255 198 135 87 255 107 255
    255 216 255 255 231 152 116 102 255 35 161 245 255 65 165 43 237 245
    255 140 255 49 132 255 255 122 27 255 91 255 255 253 46 255 34 237
    255 43 109 255 55 46 255 255 20 21 26 175 255 158 140 244 255 223
    255 255 255 34 107 255 255 255 255 52 255 66 255 255 255 7 39 250
    188 255 177 103 140 255 88 21 70 255 190 255 255 40 255 106 128 121
    157 173 160 194 255 174 200 124 255 255 22 255 140 131 75 179 255 49
    255 255 255 22 224 255 255 255 255 255 143 215 255 255 255 255 182
    133 216 173 94 255 150 255 255 255 255 194 116 255 108 255 255 255
    255 255 255 52 153 90 255 244 255 255 255 255 193 22 255 89 255 196
    245 29 255 6 255 110 83 174 116 149 140 255 212 255 226 37 10 24 106
    255 239 243 72 255 183 255 78 255 255 255 177 255 211 111 255 255 4
    198 255 183 255 151 255 255 75 212 106 196 217 255 255 216 255 228
    217 255 255 206 255 255 245 32 255 255 254 255 8 255 134 149 116 255
    255 29 228 25 210 255 58 250 172 255 75 0 32 34 255 255 129 97 3 89
    160 29 255 50 242 44 26 32 3 244 56 230 153 92 58 255 219 9 255 255
    44 255 3 255 255 253 82 108 88 255 255 249 255 65 255 75 255 158 255
    255 255 55 116 25 34 255 255 225 255 201 255 106 255 255 255 255 169
    201 140 255 39 44 85 207 255 19 255 210 141 255 255 218 255 8 94 255
    255 255 211 87 255 198 255 109 99 8 60 255 250 36 255 41 182 54 44
    225 255 99 255 255 234 189 255 255 255 255 255 232 188 193 255 194
    255 237 255 255 126 255 241 255 255 81 255 255 184 244 239 255 238
    39 23 255 255 206 255 104 33 172 147 212 255 30 83 32 255 255 255
    255 65 5 239 183 27 255 124 255 255 40 255 255 227 177 125 155 220
    255 45 14 255 206 228 255 255 164 188 139 0 255 212 255 255 74 255
    13 255 216 255 102 68 255 23 58 19 253 135 255 21 255 255 99 32 215
    157 169 255 142 99 69 209 204 132 67 138 138 255 255 255 234 255 255
    255 255 215 169 223 255 168 255 187 206 255 244 255 255 255 255 121
    255 105 187 228 255 22 17 157 199 255 48 255 116 188 255 255 142 12
    231 157 255 24 255 255 190 85 255 255 254 255 114 254 177 255 255
    255 52 76 126 255 33 255 222 255 7 93 223 255 255 255 77 159 142 169
    255 226 141 173 255 129 151 76 169 198 255 194 255 255 175 255 95 49
    255 47 135 255 184 109 183 121 189 177 99 255 103 253 255 255 6 160
    255 70 255 104 249 174 101 40 255 255 125 5 255 29 41 39 255 77 140
    255 255 172 157 255 132 255 255 119 84 141 215 44 60 172 190 255 255
    255 49 50 255 201 255 255 203 183 255 255 104 213 37 153 22 244 255
    125 138 0 255 41 255 70 10 203 255 48 255 224 255 255 190 41 255 73
    255 255 70 182 132 11 182 255 255 141 255 252 255 255 255 116 255
    255 123 255 255 208 255 255 152 255 41 92 255 160 72 201 255 255 233
    255 255 255 160 255 255 234 94 255 255 255 237 147 167 211 70 255
    255 250 94 255 7 255 255 56 158 255 255 68 41 180 255 229 223 255
    108 83 32 155 255 114 255 215 78 226 223 255 103 255 169 166 39 101
    2 255 215 255 168 143 255 98 255 151 19 255 255 188 255 24 202 255
    155 191 133 13 255 112 69 255 255 200 165 255 255 69 146 255 39 255
    35 92 152 255 221 255 255 88 255 160 231 121 255 255 255 255 255 255
    255 255 140 255 255 255 37 113 77 136 255 78 246 255 119 255 255 232
    112 255 255 255 184 255 116 26 255 255 255 255 187 118 101 123 255
    66 255 206 247 255 223 61 95 235 255 80 47 153 255 255 34 255 173
    119 255 15 19 52 213 83 11 255 44 250 255 107 255 33 85 4 255 255
    255 0 169 255 205 133 255 184 255 207 160 255 93 21 123 255 216 169
    255 171 104 34 232 255 255 220 255 19 193 255 62 245 249 99 30 255
    187 172 109 73 92 70 34 255 63 255 76 146 26 255 51 255 12 172 34 52
    135 155 215 255 104 18 255 173 255 255 255 248 255 255 155 255 101
    151 95 255 255 182 255 237 255 90 166 53 56 255 255 52 213 189 255
    255 70 35 3 255 2 122 255 255 175 255 255 255 255 255 54 255 252 85
    255 215 230 255 254 107 124 255 19 208 90 235 104 213 204 255 255
    140 255 255 30 255 93 255 181 71 3 106 255 40 255 144 124 3 60 186
    145 255 255 255 255 175 255 255 255 135 97 160 232 255 0 63 205 162
    233 0 217 61 58 10 255 255 255 172 127 22 53 88 173 255 255 40 242
    255 144 225 255 172 255 198 253 3 71 255 255 22 124 220 255 175 5
    255 246 255 255 255 164 255 94 68 215 255 232 75 255 204 2 255 255
    255 239 165 9 250 255 229 26 153 255 92 31 239 109 3 255 255 255 21
    10 55 116 103 153 255 255 255 255 62 255 86 83 29 60 255 206 255 7
    255 114 172 182 88 255 255 101 50 255 255 255 211 255 255 109 151
    255 126 255 122 174 177 194 126 220 238 184 101 232 255 255 153 192
    162 150 181 112 109 75 255 47 250 162 241 172 255 88 255 255 254 255
    226 169 247 255 96 73 177 210 255 255 198 255 80 255 32 233 255 255
    211 84 148 255 26 104 129 157 19 255 255 213 255 100 255 255 69 255
    255 255 255 62 21 255 255 231 213 200 21 191 255 171 184 250 230 164
    134 255 112 255 230 255 255 198 206 237 140 255 255 39 211 255 255
    80 255 224 83 63 255 255 108 255 255 188 34 94 255 51 107 28 255 255
    73 128 255 255 40 252 90 40 255 95 255 174 164 158 177 78 204 89 255
    25 255 255 228 255 84 171 143 255 92 255 231 154 255 255 157 133 239
    116 220 255 91 114 144 255 255 99 98 2 91 83 255 255 255 255 65 255
    255 255 110 153 255 201 255 142 128 255 255 12 255 181 19 255 255
    114 72 233 191 255 241 219 235 255 63 3 255 26 61 9 169 255 255 255
    255 255 187 255 255 91 255 52 106 80 54 237 19 56 43 153 9 111 192
    121 255 242 181 176 255 73 151 237 177 99 24 255 157 255 62 255 133
    198 255 255 255 255 255 192 168 143 82 232 255 157 85 53 86 33 255
    255 165 255 71 92 208 121 87 136 255 0 255 71 188 68 153 255 65 255
    124 232 144 73 196 255 116 228 136 72 255 26 255 230 172 255 78 97
    61 255 50 84 174 110 255 255 255 255 78 255 40 77 255 198 12 248 255
    208 255 1 255 255 69 255 255 124 255 228 103 99 233 255 232 37 15
    232 110 40 179 67 195 164 255 255 255 252 43 123 112 25 255 255 204
    138 254 255 255 255 255 255 209 208 89 43 255 255 255 255 89 91 150
    34 255 255 191 138 255 37 255 56 199 255 176 255 116 194 133 37 147
    148 255 255 85 255 255 46 91 29 12 255 212 255 255 255 199 15 180
    170 108 255 32 255 208 255 80 255 39 213 36 167 255 158 255 147 255
    255 125 255 131 65 142 255 22 246 255 255 248 160 255 249 182 62 55
    172 118 255 87 19 255 60 84 255 252 97 255 201 255 255 199 127 199
    255 32 63 220 4 59 9 255 213 124 255 197 255 231 66 255 170 224 255
    162 202 10 255 255 131 255 255 255 103 255 146 255 179 255 30 32 255
    255 255 75 255 255 194 255 255 179 183 194 255 255 255 255 231 255
    106 255 45 119 255 91 99 19 180 255 192 122 255 255 255 87 255 255
    89 255 190 124 50 151 7 129 204 174 255 255 102 255 50 255 255 254
    85 255 255 255 170 88 255 252 213 255 108 91 255 255 29 198 255 99
    14 255 255 255 255 255 255 157 255 255 90 23 255 49 201 255 255 232
    82 244 147 201 73 37 121 255 255 255 255 249 10 183 56 255 84 29 90
    255 245 255 255 255 143 144 150 37 144 255 126 164 175 255 231 169
    87 255 255 255 255 255 255 151 220 255 140 255 92 181 206 106 222
    252 255 255 15 158 179 255 119 58 138 255 255 150 235 255 63 203 17
    187 204 255 235 249 49 219 17 138 212 255 255 255 175 255 255 31 255
    136 152 255 171 73 241 255 107 213 255 182 255 255 29 172 80 44 47 0
    179 255 238 255 255 110 255 255 197 129 243 255 97 255 209 255 136
    17 145 255 255 5 224 255 102 255 83 255 255 194 172 80 117 22 0 102
    254 246 55 255 179 61 123 255 165 204 160 246 201 136 230 101 255
    237 255 43 63 116 75 255 255 255 149 255 255 96 255 255 255 182 255
    255 255 250 81 19 255 255 36 60 127 255 86 1 255 9 54 152 28 29 255
    9 43 218 255 83 255 255 103 24 255 109 255 255 208 247 76 113 242
    132 255 78 255 113 255 241 12 46 125 186 255 233 17 43 255 255 255
    255 7 255 164 1 182 255 255 255 255 175 255 216 162 19 127 116 255
    166 127 78 237 255 255 241 219 255 104 102 111 255 118 255 255 55
    255 255 12 210 82 99 66 255 132 255 255 96 255 255 255 255 67 255
    210 30 153 199 198 10 227 255 255 255 11 58 255 76 180 255 119 133
    131 255 255 255 255 184 170 205 138 255 255 40 255 200 249 24 252 89
    72 43 10 70 228 73 49 255 255 128 255 213 150 255 255 218 255 98 255
    255 14 157 255 144 255 172 255 255 255 54 111 255 124 126 255 113
    255 146 255 107 134 17 152 32 255 44 255 44 136 255 255 5 239 255 51
    4 255 255 168 254 255 255 162 90 248 255 255 255 136 66 255 172 172
    255 188 199 28 201 83 239 255 43 43 34 24 218 255 255 49 204 255 255
    255 55 255 255 191 255 147 41 58 184 43 255 158 255 82 166 255 255
    255 255 255 88 255 149 72 55 255 125 255 255 202 206 21 255 211 222
    253 170 255 255 160 255 255 255 255 195 255 164 173 53 255 4 66 255
    239 255 222 155 17 99 160 255 255 80 237 119 255 255 88 66 255 80
    255 255 203 255 182 255 255 194 255 22 179 255 255 249 255 197 247
    181 239 60 185 76 255 255 36 94 194 255 83 255 255 160 24 18 255 173
    153 255 255 255 255 255 215 56 7 254 255 147 65 255 229 201 255 24 1
    63 255 21 240 218 143 218 255 98 216 255 239 116 255 128 34 138 36
    187 121 78 255 203 129 44 160 114 177 255 39 227 17 212 26 255 239
    169 226 176 150 233 255 255 255 117 12 200 15 221 136 135 238 255
    230 143 255 29 152 213 255 78 166 15 172 67 249 255 255 241 3 255
    187 31 255 255 255 255 19 255 255 213 255 255 255 211 255 103 221
    183 62 255 84 255 107 243 227 203 162 147 250 255 209 255 255 165
    255 255 81 199 121 132 255 255 186 255 112 255 135 255 194 140 255
    177 172 255 219 199 255 69 255 248 224 255 255 81 140 160 63 12 255
    255 75 50 255 255 91 89 179 255 88 70 24 255 255 2 100 230 255 255
    169 125 44 9 255 77 150 255 255 255 255 171 85 52 131 145 255 255
    255 255 114 255 255 255 255 131 255 55 99 117 112 255 37 61 228 51
    255 86 138 227 255 205 255 255 255 204 255 255 255 157 249 141 110
    36 254 255 204 101 255 198 255 104 87 255 26 99 26 159 168 255 255
    109 104 255 206 169 255 237 255 255 255 121 32 223 131 255 255 255
    255 129 148 255 61 255 255 80 138 69 4 255 155 255 255 114 255 10
    255 105 148 142 19 255 104 18 51 239 255 255 255 21 124 255 182 237
    235 255 141 255 255 97 170 124 255 255 255 216 255 255 26 101 37 255
    255 208 255 67 255 60 203 255 255 147 78 104 255 255 218 179 243 15
    84 182 165 231 227 255 188 255 255 32 118 141 224 140 29 255 58 184
    255 255 255 255 12 255 80 34 39 255 255 255 255 116 255 21 194 196
    60 154 102 101 63 2 255 183 119 255 255 255 22 242 255 136 255 255
    255 120 255 119 111 116 255 255 143 69 201 191 97 23 255 93 250 101
    226 15 121 255 235 230 255 255 221 211 255 118 188 255 83 200 132
    255 19 255 255 255 92 233 254 146 101 255 149 82 45 255 10 255 242
    255 255 217 135 136 255 255 45 255 255 142 255 78 6 255 12 153 157
    150 255 74 73 228 255 255 255 255 255 255 226 182 125 162 34 255 194
    255 192 255 164 255 255 126 241 135 242 255 87 24 2 255 87 168 231 7
    255 66 255 255 144 189 2 135 145 255 142 131 248 6 26 183 84 165 60
    255 170 103 255 255 255 154 255 116 105 34 255 255 56 201 155 10 255
    252 249 255 255 121 101 59 112 255 255 255 149 202 164 205 111 238
    255 39 150 255 255 143 255 128 255 71 131 85 255 92 14 183 228 170
    95 255 255 192 255 5 255 235 123 255 147 203 255 12 131 255 255 242
    255 11 26 255 43 255 255 253 255 200 255 61 65 65 221 255 179 255
    255 121 191 108 157 210 103 255 221 101 221 255 255 70 95 255 255
    255 255 157 68 41 255 255 255 19 150 255 255 119 255 255 255 138 255
    255 255 255 78 255 136 101 136 246 196 255 44 164 194 255 255 213
    255 255 255 155 51 255 255 255 67 255 255 73 188 186 233 8 255 63
    173 254 255 184 255 255 118 136 198 66 152 255 92 255 93 98 184 255
    246 255 39 81 68 255 255 27 255 219 165 129 255 175 159 255 227 255
    253 9 26 44 162 215 226 31 50 255 218 255 176 12 255 255 255 255 22
    255 198 255 255 207 191 107 116 255 255 255 151 153 164 128 157 255
    99 230 26 255 255 255 111 3 149 228 118 255 227 160 255 51 228 255
    224 0 255 95 255 30 135 73 255 121 255 60 249 255 255 255 184 255
    177 152 255 255 36 255 56 94 2 177 255 138 255 227 226 155 255 39
    109 114 255 87 255 255 255 157 255 76 204 255 238 255 119 133 80 255
    88 39 185 73 80 228 12 255 190 56 255 255 94 26 58 162 255 216 147
    255 255 36 119 255 140 255 194 255 255 149 184 211 209 241 255 175
    255 49 228 129 255 69 169 255 255 190 206 6 103 255 41 151 255 228
    255 255 255 213 245 103 117 255 255 149 53 32 162 24 255 255 121 255
    63 255 255 131 255 255 255 32 86 183 83 151 138 189 24 255 227 47
    255 58 78 3 181 255 162 223 95 213 254 255 255 194 255 21 201 255
    103 99 255 169 0 24 255 255 17 12 255 181 255 255 73 110 131 218 194
    131 255 255 245 237 142 255 142 255 41 90 255 255 56 41 255 255 209
    184 73 255 43 99 191 58 255 162 255 129 223 255 155 255 153 255 140
    255 255 44 255 255 14 83 255 144 213 34 255 255 255 87 255 255 144
    223 255 210 255 255 221 56 255 254 169 194 255 255 45 191 36 224 255
    77 255 122 95 255 255 255 88 255 75 255 255 227 255 28 255 255 61
    114 93 255 255 255 36 0 255 58 255 106 175 218 255 186 63 110 43 140
    108 199 255 93 7 255 255 180 225 84 34 252 93 255 255 45 190 158 159
    23 240 200 241 213 255 252 255 255 120 255 73 10 48 82 255 255 32 25
    255 0 19 255 65 26 153 255 221 95 255 187 255 255 8 192 82 255 255
    97 255 255 58 14 255 82 91 255 255 56 123 255 111 106 255 255 255
    255 175 26 255 188 189 255 255 90 246 215 44 235 219 220 177 255 73
    255 95 210 175 105 148 69 73 104 255 190 255 255 22 255 200 255 191
    62 255 255 224 59 9 101 165 162 136 255 255 246 246 250 255 173 153
    255 255 150 255 250 73 255 255 29 255 12 124 255 44 111 155 255 172
    168 219 223 228 255 181 255 166 255 153 255 10 34 255 56 255 255 199
    255 255 255 241 255 255 93 235 10 255 73 170 86 131 7 231 234 123
    226 255 255 248 255 255 185 255 101 255 44 255 75 155 148 228 70 255
    255 255 201 129 255 206 255 168 255 255 197 242 255 110 255 56 166
    255 255 255 240 164 15 49 203 224 124 255 25 255 30 255 107 75 161
    247 119 255 72 255 209 121 255 102 112 24 7 255 173 22 65 19 39 152
    255 255 104 255 77 242 255 242 255 136 164 255 203 255 235 255 151
    255 37 83 255 90 255 146 255 255 17 39 41 138 112 7 29 255 180 255
    54 182 255 255 172 53 255 255 255 255 255 83 106 30 37 47 255 155
    255 139 175 255 184 216 255 226 255 166 255 48 71 39 255 151 255 255
    224 120 165 255 110 0 88 135 90 162 230 167 255 255 223 255 30 255
    255 120 255 255 34 218 255 74 255 213 109 255 224 205 255 127 54 90
    187 206 95 255 255 255 248 116 249 35 127 255 99 254 24 255 129 255
    181 144 116 255 255 19 255 113 20 255 114 255 255 124 15 241 52 167
    164 26 255 255 255 169 196 54 255 97 7 135 170 117 60 37 142 58 196
    255 85 187 100 43 216 255 112 166 155 61 13 17 255 11 255 2 255 246
    75 41 41 255 155 255 29 84 56 255 211 94 210 255 228 63 62 129 255
    255 221 225 216 133 223 255 169 131 255 255 255 118 98 255 255 197
    164 255 191 208 255 195 126 243 102 165 255 255 60 255 255 235 255
    91 46 106 92 194 255 180 102 255 103 44 255 245 255 69 14 255 255
    255 255 104 0 255 75 117 160 207 255 255 255 136 255 108 255 179 93
    255 255 19 136 255 255 241 148 129 84 255 65 34 2 192 231 146 47 169
    15 255 255 31 76 255 72 138 179 255 255 7 255 231 255 70 255 45 133
    24 146 255 138 102 141 0 122 51 185 255 29 177 255 255 255 255 29
    255 30 255 255 255 68 41 255 255 255 25 19 101 255 255 255 255 254
    255 182 255 255 124 99 246 19 255 255 255 255 215 118 255 255 109
    255 22 61 172 181 106 119 255 80 112 255 131 255 255 56 34 255 95 92
    255 51 255 255 255 255 118 133 255 255 255 255 255 151 51 73 47 121
    82 255 133 45 190 255 108 255 255 4 255 213 255 255 128 187 80 116
    103 179 126 220 26 255 255 6 255 255 255 255 39 6 136 255 92 162 188
    139 223 164 255 48 255 150 255 255 158 237 125 255 255 255 0 249 190
    154 255 108 217 255 255 41 31 13 255 228 131 54 255 65 161 255 255
    161 255 185 76 255 200 146 97 255 180 44 255 85 184 255 12 255 255
    219 31 244 255 191 218 228 7 162 177 255 255 255 44 255 237 26 185
    14 204 255 255 255 127 179 255 136 133 255 255 96 136 123 254 215
    255 255 129 255 48 165 255 83 255 255 17 255 255 255 255 231 255 82
    213 15 114 255 249 138 224 39 157 108 34 255 177 164 255 255 19 152
    58 213 92 73 255 186 52 67 252 37 23 255 54 255 255 196 74 153 255
    22 201 255 255 157 255 66 3 136 102 255 255 144 46 168 116 255 255
    166 107 17 171 255 255 255 255 255 149 111 218 255 255 254 255 255
    255 26 53 71 43 174 252 105 255 248 132 255 39 255 95 153 91 65 47
    255 175 229 255 255 157 187 114 65 11 22 255 25 255 255 250 157 255
    213 255 255 1 255 255 23 255 147 128 150 255 88 29 52 143 255 119
    109 255 255 56 255 255 193 104 108 250 65 255 100 128 255 10 7 201
    255 255 255 171 255 255 121 46 255 255 255 255 242 32 255 183 255
    255 114 106 255 161 225 172 255 129 190 18 7 255 114 220 255 65 230
    244 4 44 131 255 255 255 28 233 52 14 14 255 110 97 21 255 255 255
    209 255 255 255 2 108 143 152 255 255 255 255 223 49 255 219 255 255
    171 148 255 17 254 255 158 255 255 67 0 11 26 61 254 30 92 205 255
    255 131 230 170 213 103 255 63 63 2 192 194 146 255 210 148 255 45
    63 255 136 5 153 58 55 255 188 19 43 45 255 244 241 141 104 147 116
    41 208 255 32 99 95 71 158 233 104 14 255 255 254 255 226 58 255 255
    41 5 255 122 63 4 255 223 255 255 255 255 182 55 255 194 255 255 149
    136 187 205 0 255 232 255 187 246 255 26 204 114 153 30 255 155 65
    255 63 179 131 222 69 182 54 113 109 71 210 255 168 26 66 233 255 20
    65 255 27 157 255 146 255 255 85 255 245 177 43 232 24 255 77 255 71
    3 140 222 77 255 255 158 255 255 255 255 255 255 255 255 182 230 255
    255 255 151 51 75 209 255 157 255 250 255 22 127 131 255 246 27 255
    142 12 255 125 255 67 135 0 255 255 255 255 255 255 194 62 44 220 95
    255 201 171 255 106 128 107 255 99 39 255 136 34 43 80 90 255 255
    255 255 206 255 255 255 164 255 18 232 60 231 164 75 255 255 255 255
    192 237 66 92 213 107 12 250 255 238 106 3 255 95 255 0 63 179 112
    255 0 255 58 179 255 255 81 157 47 150 37 108 255 249 255 125 204
    255 29 46 255 255 60 56 242 255 255 199 204 255 84 255 255 255 250
    196 255 126 97 87 255 132 103 14 244 219 119 255 99 255 255 255 255
    226 114 167 255 252 204 255 44 107 255 255 255 255 172 165 127 243
    208 118 219 106 255 255 255 243 29 255 121 255 61 35 255 249 255 164
    182 255 47 255 142 132 73 35 94 192 255 217 15 233 14 255 76 56 255
    121 19 255 56 34 255 255 242 213 250 255 148 196 139 65 162 255 255
    255 91 255 255 243 3 255 96 244 255 144 128 255 120 2 255 166 255
    255 212 116 255 100 252 255 255 255 88 84 255 216 255 255 93 255 216
    255 255 70 255 255 255 28 255 87 255 255 0 194 255 101 255 255 221
    183 238 255 255 175 2 255 255 116 226 197 233 255 234 17 164 254 101
    67 250 109 4 146 164 255 12 169 2 255 15 255 73 255 15 228 157 244
    58 26 103 147 46 54 255 172 255 162 94 213 205 255 228 118 255 255
    30 255 155 72 167 149 72 255 4 255 255 151 255 255 255 14 255 88 215
    255 255 171 7 114 202 78 255 142 140 58 188 138 160 255 55 255 255
    250 255 26 255 255 25 46 190 213 255 138 55 255 181 172 146 255 255
    255 34 255 255 90 40 255 155 206 255 241 255 255 28 183 140 119 202
    203 255 129 255 183 255 83 255 230 140 192 255 255 88 255 255 255
    255 255 123 255 255 78 43 77 255 110 255 255 255 146 255 142 19 255
    255 255 164 17 114 255 143 148 255 15 255 255 85 210 255 32 201 255
    157 255 229 255 255 255 255 255 56 122 255 220 143 255 255 205 255
    255 183 255 132 220 107 78 253 255 11 56 201 108 125 92 255 255 255
    121 106 244 255 78 255 243 255 119 106 29 255 11 235 187 121 193 169
    198 255 255 209 195 26 62 255 255 255 188 255 50 28 255 95 255 41
    255 21 135 132 216 255 255 255 111 255 255 223 255 105 179 255 219
    255 255 100 112 93 61 3 255 62 31 255 255 0 244 255 255 194 0 78 255
    255 255 255 58 255 255 30 255 229 194 255 129 255 255 255 166 225 28
    4 255 45 254 255 255 105 124 255 255 196 255 255 63 146 36 164 175
    255 255 255 10 19 255 188 255 97 43 255 255 19 223 185 255 210 108
    30 255 215 21 138 104 255 27 181 228 102 235 1 255 9 128 255 173 255
    228 255 135 46 0 255 124 188 228 255 173 121 0 255 228 255 220 158
    169 50 255 58 86 4 118 88 21 255 255 3 255 255 110 233 63 246 255
    255 255 175 211 255 254 157 100 255 142 127 255 255 255 143 255 149
    255 255 135 46 95 58 255 255 255 255 164 78 255 99 117 255 162 40
    255 255 255 77 228 239 111 168 29 65 255 78 255 255 255 244 162 255
    126 131 194 255 47 25 227 114 255 5 106 175 165 160 255 255 255 217
    167 255 255 255 168 234 255 196 127 55 28 248 255 118 166 162 255
    255 255 123 96 255 173 255 255 190 56 208 255 144 158 243 255 14 255
    255 77 255 255 255 239 255 194 62 172 255 103 105 107 255 8 255 153
    213 92 22 43 255 255 73 255 255 206 255 255 255 192 255 84 116 255
    33 138 136 120 255 209 255 255 50 216 26 164 164 143 255 255 255 118
    238 99 125 255 225 255 252 235 159 161 107 32 255 255 136 255 75 52
    255 75 213 158 106 35 116 255 255 255 255 172 109 255 35 91 10 84 77
    87 110 190 68 255 197 138 108 254 182 255 154 101 97 144 136 255 21
    78 125 255 135 91 206 255 138 124 26 255 245 92 13 157 73 127 255 34
    255 180 165 243 69 245 15 255 255 255 255 255 151 91 9 82 106 123
    255 50 252 255 243 65 35 40 26 121 80 48 15 33 140 134 209 198 255
    120 174 255 14 255 255 220 17 255 76 255 116 255 255 255 213 184 241
    98 56 155 193 186 7 33 39 116 212 238 192 195 255 255 184 255 255
    255 255 24 195 2 153 202 255 188 70 203 142 107 90 19 111 255 255
    125 36 21 51 233 255 255 255 47 95 92 255 12 252 255 7 186 255 169
    255 149 162 255 255 193 43 228 50 148 95 149 165 147 255 255 255 48
    66 88 84 255 255 1 255 138 187 24 255 175 14 255 226 255 200 160 56
    255 255 174 108 242 235 80 146 255 255 98 255 255 255 252 255 255 39
    62 209 155 255 255 114 255 226 255 255 37 255 255 177 255 255 95 255
    255 10 255 255 14 78 41 176 155 255 255 162 80 91 17 255 168 255 203
    7 29 63 116 255 255 166 255 43 226 237 172 255 20 4 56 255 47 255
    255 110 139 191 149 252 43 255 155 255 255 220 58 255 99 41 41 136
    255 88 219 255 255 116 255 136 255 55 255 74 101 190 255 179 255 172
    255 255 255 228 255 120 255 2 255 68 255 47 90 21 255 255 235 190
    255 255 21 235 205 47 255 60 255 167 62 255 126 218 210 146 7 10 255
    67 18 255 250 37 3 67 255 140 255 248 104 255 255 17 255 111 141 250
    144 255 255 255 191 255 195 150 205 106 255 131 194 255 255 6 198
    132 176 255 255 254 255 160 84 206 17 255 255 155 102 37 65 140 255
    255 111 20 255 129 255 255 195 255 237 255 255 121 32 255 205 51 48
    93 255 192 19 204 107 255 234 41 255 255 55 6 74 82 151 18 15 185 48
    46 90 105 255 255 7 235 255 132 255 144 155 255 84 144 107 187 255
    255 52 215 255 190 160 255 255 255 87 255 73 255 255 88 32 65 96 34
    255 144 255 93 128 36 255 109 255 132 139 5 97 255 235 255 255 255
    183 255 182 255 255 143 255 128 165 80 168 255 255 255 85 244 255 72
    255 255 162 78 230 255 255 4 63 255 37 255 56 255 255 125 43 255 255
    1 255 67 228 155 255 255 53 30 255 255 255 255 37 200 241 146 255
    255 255 255 187 255 142 63 148 255 184 255 196 255 175 255 146 255
    255 98 66 241 0 46 255 65 143 41 99 53 58 153 232 71 241 255 125 255
    255 226 23 255 149 147 255 35 220 247 255 37 27 21 3 255 52 175 65
    255 29 255 194 183 237 76 147 216 255 255 255 255 255 255 164 199 49
    255 255 77 136 15 255 255 164 82 255 255 235 196 195 220 211 201 101
    255 255 199 190 153 107 65 190 255 255 204 242 255 165 92 144 255
    255 255 255 255 255 252 34 255 210 255 35 164 148 255 255 78 159 158
    255 170 150 255 88 255 255 99 133 9 255 255 14 62 255 174 97 255 255
    187 255 255 255 72 75 118 58 164 255 238 255 220 255 255 255 171 89
    255 238 72 97 151 85 255 239 175 255 28 227 32 161 255 119 175 95
    243 154 83 255 43 255 103 144 121 60 168 106 255 255 255 255 154 255
    104 96 255 215 255 255 127 54 255 255 28 255 255 69 177 255 8 208
    183 255 233 255 245 255 198 51 255 255 255 29 75 52 255 255 19 192
    162 224 215 168 255 158 75 146 255 9 255 255 132 255 19 224 114 228
    243 255 255 255 255 255 255 255 201 255 154 255 255 121 12 17 245
    235 255 255 95 255 243 53 97 232 37 88 131 255 255 255 182 255 61
    255 88 253 92 255 85 255 255 138 77 2 66 204 255 54 255 248 7 249 30
    213 129 71 94 255 235 117 237 239 62 255 255 255 255 62 255 255 255
    22 255 19 11 255 255 15 255 255 255 255 255 217 255 255 190 221 255
    187 230 255 254 255 39 157 255 226 73 48 255 255 26 142 199 174 255
    25 223 88 255 249 211 255 255 125 62 27 207 206 85 246 176 255 73
    120 141 255 142 255 255 109 145 255 4 255 99 17 19 255 66 215 255 48
    97 255 217 43 237 255 255 228 87 255 255 255 255 255 255 255 35 184
    112 255 255 32 243 51 215 121 23 119 255 205 165 255 190 255 255 188
    255 255 96 118 255 47 250 164 255 22 255 255 141 255 248 255 157 14
    196 255 255 255 129 155 255 255 106 109 243 6 34 239 250 255 255 11
    255 255 188 17 255 255 165 97 98 255 172 29 255 255 107 191 255 67
    255 103 255 29 255 255 140 255 255 255 255 78 141 203 74 189 255 3
    255 255 205 12 255 69 49 144 77 164 255 150 182 255 239 17 21 37 43
    69 226 124 241 179 58 255 255 101 255 255 112 255 255 255 159 43 162
    255 109 255 255 168 131 175 43 255 99 255 255 255 8 152 255 40 78 58
    255 97 255 255 94 71 201 160 255 160 164 255 87 181 144 246 255 21
    219 255 168 45 43 255 255 119 255 169 17 255 91 44 50 255 77 58 58
    49 255 107 160 255 129 179 50 182 36 15 142 160 255 246 184 173 73
    199 255 98 43 244 172 17 7 191 60 255 36 72 146 255 255 231 157 60
    177 120 238 153 154 255 9 58 213 39 255 210 149 84 210 97 28 255 108
    255 255 216 201 255 52 103 53 149 6 220 9 239 255 255 255 255 255
    255 255 255 106 118 255 242 216 255 45 186 255 84 255 52 232 53 172
    220 177 255 160 221 211 40 140 255 238 128 255 255 235 153 255 19
    255 54 255 255 125 10 69 87 2 255 132 104 255 255 46 179 33 255 255
    169 223 255 255 213 84 99 255 160 212 255 250 255 255 255 209 255
    200 122 97 7 255 255 255 216 145 65 221 177 162 171 255 17 255 221
    222 255 255 255 255 255 140 255 255 255 183 255 255 84 218 190 241
    230 255 245 37 255 91 255 255 117 255 26 106 255 160 66 255 254 255
    3 255 255 215 255 255 24 255 199 255 255 1 255 119 182 119 146 3 51
    255 255 255 255 67 101 47 39 255 255 255 221 142 125 255 255 21 255
    255 255 255 129 199 255 255 187 9 144 41 255 166 127 255 6 245 53
    255 157 169 226 220 55 108 111 255 255 255 60 60 255 255 255 30 9
    255 255 255 183 65 255 255 255 53 69 26 143 73 164 102 255 254 43
    255 36 255 21 175 135 22 36 255 255 10 182 142 255 49 136 210 255
    255 59 143 147 21 255 164 147 255 134 54 0 6 255 155 255 61 255 84
    190 255 254 255 7 255 243 255 179 255 19 11 226 78 255 255 172 95
    132 145 90 162 255 255 129 223 181 199 255 101 255 255 222 78 136
    255 87 82 255 8 82 255 140 255 255 143 5 255 255 255 142 255 112 220
    255 255 255 255 27 118 216 255 90 122 72 255 154 255 192 182 255 71
    32 238 110 255 255 255 255 136 93 255 255 255 160 129 69 228 255 155
    87 255 54 220 68 255 255 255 75 239 111 160 121 14 62 70 255 162 255
    174 255 51 255 116 255 255 255 124 255 132 255 255 65 58 255 91 255
    255 131 237 255 0 186 255 255 216 255 237 182 143 220 165 255 255
    183 255 255 255 118 255 131 196 86 255 255 142 176 255 9 255 26 255
    179 255 255 255 63 168 223 255 177 193 80 255 193 181 255 158 255
    255 242 255 255 245 255 255 25 237 255 36 187 255 212 232 138 172
    255 255 201 145 213 255 255 255 138 255 255 194 255 255 166 65 35
    224 255 144 255 2 17 208 99 255 43 255 255 40 255 255 255 87 255 100
    255 188 255 255 255 65 252 228 63 73 159 255 255 181 74 255 255 219
    255 244 249 242 255 254 22 6 255 112 103 58 255 255 255 119 255 255
    254 104 253 255 255 129 255 255 255 36 248 162 255 255 94 104 255
    162 255 129 166 255 39 19 65 255 255 162 254 73 255 255 255 255 255
    221 255 255 255 255 97 201 73 255 238 255 255 255 238 255 48 12 255
    56 109 99 73 206 34 58 255 255 96 70 164 55 255 255 32 85 172 255
    129 255 28 255 255 205 153 255 96 252 132 255 114 7 58 255 255 153
    36 255 241 255 255 255 255 255 72 61 255 116 92 255 177 255 255 228
    255 255 254 44 255 70 255 255 255 255 255 144 255 39 255 255 255 63
    194 104 1 255 170 139 135 255 149 131 255 48 126 255 186 53 78 255
    255 138 175 192 255 120 255 255 52 238 255 255 235 123 131 255 28
    103 203 255 23 29 255 255 145 147 215 255 155 191 237 209 36 240 95
    255 255 255 40 255 65 62 255 11 84 19 255 255 135 213 114 255 198
    208 58 110 255 245 255 155 230 190 186 255 255 37 249 255 223 63 52
    255 255 58 230 174 233 77 230 7 139 255 205 255 255 255 67 255 103
    194 20 255 255 255 4 184 255 255 255 194 255 37 245 255 63 201 255
    41 41 255 255 181 82 173 101 255 65 255 233 135 36 244 255 255 255
    166 255 162 187 102 22 255 255 255 223 58 32 232 7 215 204 145 159
    176 90 255 135 255 255 228 255 255 242 235 255 255 164 35 255 73 56
    120 146 119 255 255 15 201 167 185 153 145 172 98 223 172 118 186
    101 138 255 255 99 232 255 232 210 255 246 255 6 255 230 119 117 70
    190 255 109 73 165 255 255 4 255 255 100 255 15 22 255 78 52 255 255
    157 255 187 255 184 134 232 255 255 255 15 255 255 162 255 129 255
    255 255 255 255 255 255 255 255 148 255 255 255 172 217 118 255 255
    255 255 94 255 255 208 162 250 239 39 173 171 82 43 255 255 255 155
    244 78 246 255 159 69 17 172 29 213 4 72 255 255 255 203 255 89 72
    255 245 255 255 52 255 93 51 196 255 255 194 103 150 255 198 78 254
    11 58 15 255 255 232 255 232 252 255 25 211 255 255 255 187 188 83
    255 121 216 255 1 116 104 252 94 255 208 250 255 157 114 56 255 101
    255 0 255 149 69 112 252 205 203 255 216 78 255 95 223 255 37 158
    255 253 255 255 255 36 63 255 192 254 255 157 237 175 87 255 25 225
    255 204 167 213 208 141 6 182 179 229 188 255 255 117 255 19 85 255
    255 226 255 255 249 36 157 213 232 162 255 17 62 255 255 28 177 37
    255 67 143 255 255 61 146 219 177 134 183 24 255 67 123 134 182 213
    255 162 12 255 124 60 35 37 145 91 179 46 255 14 146 4 4 255 255 29
    255 6 52 255 73 242 240 255 217 167 255 74 255 6 139 65 255 197 255
    84 255 255 255 92 255 129 255 34 255 111 255 255 232 186 140 184 255
    255 173 20 54 221 206 104 65 215 147 11 255 255 81 255 255 23 255 17
    135 187 78 157 255 11 44 3 233 70 255 209 94 255 255 116 27 255 67
    255 255 76 255 255 220 255 255 250 255 255 255 255 144 66 114 198
    193 102 209 204 255 255 103 56 255 91 255 17 255 78 90 206 150 11
    255 17 255 50 211 181 61 165 255 146 255 101 50 165 116 255 255 235
    255 255 194 255 97 78 6 255 114 157 83 7 65 72 255 58 129 255 144
    228 198 255 255 255 127 255 99 213 255 255 255 250 255 255 249 146
    197 255 255 94 26 224 255 247 255 184 131 4 243 184 140 158 148 175
    255 255 255 255 175 112 144 101 142 36 153 255 129 32 2 255 255 60
    184 181 147 216 101 155 255 2 255 255 97 24 92 255 175 255 119 157
    118 39 255 255 255 255 184 201 255 52 92 255 168 255 54 1 255 255
    246 255 255 118 255 255 204 255 244 74 31 50 113 203 255 14 255 255
    54 204 255 255 26 255 25 255 255 245 73 255 96 255 255 113 255 243
    107 37 255 255 111 255 255 240 255 15 51 255 182 255 121 255 227 255
    154 249 255 52 255 255 255 175 97 255 255 255 122 99 255 34 255 132
    255 255 233 129 22 255 255 255 65 234 189 255 254 255 28 8 255 244
    32 227 255 65 255 255 255 255 0 18 255 99 52 198 101 45 135 255 226
    255 255 153 255 47 87 255 24 72 255 173 255 140 32 235 255 250 105
    255 63 135 255 71 10 255 255 7 255 255 155 255 255 255 255 255 125
    255 255 209 255 134 41 87 255 253 255 255 254 255 207 245 255 255
    147 255 190 230 232 106 34 255 192 255 14 91 54 32 216 41 31 255 30
    255 255 230 143 255 56 10 110 1 5 211 255 255 41 21 255 255 51 244
    231 176 255 104 255 20 125 84 175 255 155 109 255 255 255 196 140
    177 226 32 255 157 231 255 255 51 46 255 40 255 49 198 255 255 255
    184 255 255 255 255 158 119 255 21 255 188 63 255 255 124 58 255 255
    92 226 157 255 255 255 221 129 11 78 255 15 140 2 139 153 222 255
    255 188 255 255 255 187 255 252 110 194 255 117 210 255 177 255 233
    255 170 255 147 255 255 95 255 90 255 238 132 241 255 255 179 55 7
    48 255 142 255 255 22 255 15 86 255 199 196 243 255 21 255 255 22
    190 39 78 255 255 159 106 68 21 255 255 255 63 255 52 122 255 252
    182 201 255 74 255 95 59 255 95 255 255 255 6 255 255 116 255 255
    100 227 243 66 255 56 255 255 164 30 240 255 219 255 255 151 203 255
    182 255 88 255 255 255 173 255 47 255 255 255 255 255 207 248 92 255
    252 119 7 171 112 255 213 255 54 36 87 127 65 191 205 255 41 255 139
    254 255 56 232 28 255 255 11 111 37 17 255 162 93 144 82 250 255 213
    255 228 255 146 103 255 136 255 175 7 255 255 24 73 255 213 55 255
    131 255 255 255 151 250 106 124 37 255 161 89 255 206 70 52 10 92
    255 147 196 37 114 255 213 255 255 146 84 129 255 52 186 255 238 172
    255 255 242 63 255 255 47 194 255 255 131 99 192 84 255 255 124 220
    255 162 255 168 255 255 255 15 255 104 129 211 162 72 255 43 248 255
    255 255 155 255 195 255 244 106 119 255 255 227 211 206 41 255 6 255
    255 223 198 7 255 255 255 116 255 255 171 22 255 250 121 255 255 232
    255 100 255 213 255 157 222 202 116 255 255 255 255 255 247 187 147
    0 255 95 162 255 171 255 226 65 56 255 39 250 86 255 112 255 32 255
    255 153 255 255 69 41 255 106 29 121 255 237 255 204 255 255 77 165
    101 255 95 255 255 255 175 255 255 255 215 19 255 254 255 22 255 255
    190 255 204 177 255 107 185 198 255 13 124 255 4 12 136 95 255 255
    39 11 255 255 129 255 255 221 186 224 255 14 255 255 255 255 73 102
    255 255 255 97 255 15 58 210 228 255 255 121 255 187 255 205 237 158
    255 1 255 255 33 112 224 3 255 255 255 9 207 255 58 110 241 255 255
    255 232 91 198 111 255 201 2 63 255 255 168 255 255 131 198 255 45
    99 255 146 43 5 255 255 255 255 255 206 255 255 24 103 48 136 24 74
    255 255 180 41 15 89 255 142 255 145 255 157 106 255 215 89 129 255
    255 160 78 255 255 249 82 255 113 65 177 237 255 159 73 157 104 150
    186 179 3 184 255 197 51 255 255 255 22 243 255 255 135 66 255 158
    255 166 255 112 147 54 72 129 227 255 9 162 255 6 149 106 255 25 186
    146 201 255 255 246 97 132 95 174 172 254 225 101 73 111 255 205 170
    56 255 255 255 255 255 255 105 58 255 66 255 255 253 55 255 255 255
    235 255 255 80 255 158 97 242 255 173 255 227 244 255 191 255 255 44
    248 242 146 224 255 255 104 43 55 255 255 63 190 255 255 255 153 17
    233 36 192 0 255 60 255 143 249 119 255 255 75 232 255 63 122 255
    231 255 184 142 73 24 255 195 36 203 255 68 255 125 255 255 255 255
    84 171 255 226 168 174 255 45 255 255 135 255 9 195 255 172 128 194
    220 45 225 142 224 255 19 23 255 255 69 90 131 255 141 255 255 255
    255 120 255 255 26 255 86 19 220 103 114 10 255 255 92 52 190 41 69
    149 255 164 91 175 255 241 255 255 255 255 255 92 255 255 255 247
    255 255 174 255 95 153 255 135 191 255 180 90 252 11 169 144 66 165
    134 142 194 218 94 255 177 128 131 255 59 140 35 84 255 127 26 121
    56 83 65 209 255 92 22 103 255 255 255 240 213 230 170 255 122 49
    129 235 238 157 11 174 80 255 242 136 39 7 255 255 182 255 45 250
    255 255 252 255 255 65 215 255 97 119 116 235 255 255 232 255 29 255
    222 154 160 255 12 255 233 255 124 255 255 255 93 255 101 41 255 255
    255 255 255 99 255 56 255 15 255 82 132 255 78 102 203 255 26 70 255
    213 255 11 255 255 237 255 191 34 131 157 24 59 165 168 177 255 103
    227 255 101 17 106 255 165 255 116 255 136 255 255 182 144 149 146
    255 92 245 255 28 80 255 83 255 17 255 255 255 255 255 255 205 146
    188 255 255 99 69 41 255 96 165 162 56 94 255 28 29 255 255 235 255
    242 66 15 234 255 255 114 255 255 255 107 196 255 111 73 153 238 255
    88 255 255 239 255 21 255 255 255 255 255 255 255 26 255 125 255 218
    255 181 93 94 255 255 255 255 255 150 255 255 186 187 104 255 254
    119 91 216 255 132 116 255 255 255 103 161 85 255 234 255 121 255
    172 67 179 255 207 255 255 255 103 194 255 4 169 205 34 255 255 255
    255 255 183 255 56 186 39 125 249 255 30 255 255 255 255 255 2 255
    61 30 255 255 255 59 255 0 143 255 255 50 181 131 106 177 132 255
    255 52 125 94 255 224 165 255 56 255 63 172 41 183 45 164 255 255
    213 252 100 255 192 61 255 255 255 255 255 50 49 255 78 255 255 188
    148 194 61 255 185 237 27 255 255 66 218 206 255 123 255 58 255 255
    43 231 41 66 131 255 196 255 208 3 15 255 109 26 255 204 22 39 255
    255 255 167 17 255 245 0 36 60 47 255 44 255 176 192 187 125 255 173
    180 90 116 28 39 147 52 121 255 91 162 198 127 153 255 242 255 255
    84 255 255 191 255 255 220 255 45 212 255 6 255 215 32 255 20 177
    253 240 255 10 72 255 45 255 255 162 255 207 14 255 119 252 255 90
    208 65 190 44 255 255 122 255 78 11 255 209 198 255 207 255 255 255
    255 3 129 94 68 255 245 255 255 255 255 255 89 255 201 132 107 63 52
    255 255 54 255 73 85 140 211 0 133 116 10 128 255 171 0 255 255 184
    0 88 255 192 117 254 0 234 32 159 74 153 153 116 240 248 255 255 255
    140 17 255 50 0 255 43 37 255 111 255 255 136 255 235 48 150 129 169
    172 255 191 255 39 255 119 255 175 238 118 255 255 9 3 255 246 255
    27 170 255 136 255 250 83 255 193 3 192 158 255 39 17 75 255 26 255
    101 120 19 255 118 255 183 242 254 255 205 131 255 217 41 255 255
    255 255 255 255 185 11 153 188 110 22 255 230 255 255 168 215 255
    255 255 255 121 245 56 255 104 37 252 255 255 1 255 243 255 228 218
    153 174 112 77 240 255 89 255 172 11 255 228 36 225 93 255 175 88
    149 255 255 197 175 244 107 141 255 4 255 132 254 255 2 254 162 21
    187 255 155 255 215 241 238 255 255 80 255 45 91 27 15 36 9 99 255
    72 0 92 255 67 219 162 255 220 255 43 39 167 255 124 167 114 198 255
    255 154 143 255 248 116 255 255 48 255 74 255 255 59 255 103 56 153
    123 37 94 255 255 255 173 255 112 255 52 192 255 255 255 255 255 255
    255 255 36 255 34 255 255 73 255 37 255 237 255 255 198 0 177 184
    255 92 255 229 74 65 255 94 255 255 255 0 136 77 22 226 7 255 17 146
    255 255 199 255 175 34 215 69 195 198 255 51 255 255 255 255 170 255
    90 250 190 255 63 255 95 255 213 72 255 255 175 52 83 255 255 18 87
    50 8 255 95 213 198 73 219 255 255 255 227 101 180 107 200 28 55 160
    255 5 34 243 255 255 255 123 255 216 255 67 255 255 255 220 254 103
    30 56 37 83 255 244 255 255 255 255 129 255 255 255 255 113 118 203
    140 255 255 255 223 97 235 129 255 146 70 255 253 255 255 255 255
    255 176 255 159 72 255 108 72 145 255 26 255 216 102 255 255 255 126
    255 127 255 131 255 80 67 230 160 192 226 37 255 255 255 255 54 204
    52 74 255 248 56 22 255 255 194 84 0 255 6 10 112 255 69 255 255 220
    215 248 183 255 170 45 255 255 40 90 255 204 255 255 10 192 241 107
    249 24 114 198 203 255 238 255 255 255 255 255 255 168 121 87 106 78
    204 255 255 254 255 180 116 255 74 170 123 255 90 255 255 255 226
    250 17 255 191 255 58 255 255 255 195 213 97 58 31 62 216 2 255 194
    123 255 52 255 255 255 136 194 246 255 231 136 255 255 15 17 255 255
    77 17 255 133 177 255 157 119 186 167 76 190 77 255 124 255 255 133
    227 255 237 255 43 89 129 255 255 92 136 4 255 144 29 255 244 120
    216 255 241 255 65 155 242 71 30 255 9 255 187 187 255 44 216 255
    206 255 92 174 255 1 255 255 87 216 246 28 225 215 100 135 255 255
    255 255 133 17 255 124 119 228 255 174 7 190 255 237 155 169 244 255
    255 4 131 255 255 255 109 58 169 255 47 117 157 255 47 255 255 11 89
    241 255 107 45 56 90 216 106 17 255 246 255 215 255 158 255 33 255
    123 102 77 21 255 63 255 15 9 123 253 3 255 155 160 237 99 53 138 59
    247 45 78 124 255 195 170 255 255 255 243 255 255 104 63 255 159 255
    255 160 7 255 28 105 255 255 237 37 134 255 255 255 133 255 26 191
    255 140 255 165 255 25 228 255 212 255 181 63 255 255 98 242 2 106
    109 37 194 3 243 40 255 255 140 255 255 132 89 255 34 255 255 255
    255 196 255 255 58 106 255 255 17 255 185 133 255 255 255 255 255
    120 172 255 232 255 255 155 80 71 255 126 255 212 119 255 19 169 255
    65 255 255 158 255 255 255 146 255 131 109 155 255 167 67 184 255
    255 89 255 255 144 2 255 187 255 218 216 162 255 150 7 255 161 255
    91 91 31 255 255 255 201 32 220 177 230 109 255 255 255 255 212 255
    168 227 181 241 255 255 255 255 255 255 147 252 30 175 102 24 221
    101 173 85 170 226 55 80 255 61 255 228 78 48 255 153 191 255 255 92
    67 255 255 255 255 56 255 239 223 255 151 131 52 255 255 157 80 255
    142 209 233 112 255 255 255 204 225 255 255 119 50 19 123 4 128 211
    239 255 255 90 74 255 162 120 124 215 143 26 168 177 141 198 255 255
    177 184 255 131 92 255 255 255 255 63 191 80 255 193 245 255 254 255
    54 255 152 255 36 72 116 55 255 255 201 9 56 255 255 255 111 255 255
    172 255 255 110 255 32 11 255 244 127 65 255 255 255 216 121 227 237
    41 198 86 187 5 255 255 175 255 255 254 255 76 255 2 255 22 41 128
    255 255 103 255 19 205 208 255 23 255 255 255 75 162 250 230 198 88
    255 255 255 255 255 0 255 255 255 53 255 255 99 255 80 36 255 136
    172 144 78 255 67 47 255 255 14 141 82 255 165 35 237 255 13 161 165
    255 255 97 80 209 255 255 8 49 62 255 213 255 94 101 13 255 124 255
    255 255 255 135 255 112 177 153 255 221 148 255 255 255 255 73 128
    255 124 39 112 175 20 181 84 255 49 52 114 183 255 95 243 107 133
    157 255 213 228 17 255 255 136 255 255 85 255 255 237 255 244 32 255
    255 85 255 13 255 129 116 76 255 255 127 112 73 74 44 71 255 194 255
    255 123 255 255 3 116 44 89 127 48 187 255 255 255 104 77 255 39 8
    220 237 237 73 255 154 255 255 255 75 114 184 99 95 110 255 255 255
    169 172 48 94 255 255 255 177 255 255 255 255 255 106 171 255 235
    206 3 252 76 255 255 8 255 255 69 255 205 193 77 255 22 126 168 30
    26 255 216 152 97 11 41 255 255 179 255 194 172 255 255 44 160 50
    187 170 209 63 222 183 255 255 91 60 243 23 255 255 4 85 9 18 255 80
    15 218 255 8 118 255 4 90 255 255 66 255 205 255 255 255 94 255 158
    169 24 255 255 93 15 181 255 184 9 138 34 255 2 241 255 131 96 255
    255 96 27 255 182 252 6 255 48 237 85 255 255 255 34 181 202 255 228
    84 97 172 12 20 255 255 255 112 100 255 78 175 255 224 89 244 175
    195 182 183 8 255 146 28 255 255 18 175 255 109 203 54 72 26 255 255
    41 255 255 255 244 255 20 54 69 2 239 255 255 255 255 255 250 255
    255 192 212 94 205 59 9 123 67 254 255 12 255 62 226 218 255 255 255
    213 172 255 160 135 230 50 43 233 52 238 192 149 164 255 116 122 255
    35 19 204 185 98 203 82 255 189 22 255 255 93 255 32 160 124 255 114
    91 89 255 133 255 255 58 255 255 21 255 2 255 255 179 195 182 255
    180 136 255 51 216 147 210 131 255 177 223 26 238 107 47 36 164 181
    91 44 255 255 78 255 100 77 241 147 194 222 255 255 255 179 255 255
    135 138 185 212 228 187 255 255 116 66 82 255 96 255 233 146 255 255
    67 242 43 255 255 255 0 255 76 17 255 114 255 255 132 255 2 255 255
    15 255 18 140 255 188 133 110 87 255 255 198 95 205 65 255 255 144
    255 255 191 7 50 157 215 136 232 192 56 8 255 231 0 255 255 114 255
    80 255 255 250 250 158 213 228 126 255 111 255 101 154 255 2 206 255
    103 135 87 166 100 255 73 150 66 192 61 175 200 255 31 255 255 68
    233 255 160 164 190 255 255 213 15 7 84 255 65 255 34 255 66 255 255
    255 19 146 255 7 255 41 255 255 180 2 144 177 255 90 98 255 56 227
    29 153 255 255 123 165 255 69 255 177 255 182 255 132 243 255 123
    255 255 110 188 255 60 107 83 231 255 196 255 6 255 255 80 233 203
    51 255 255 176 255 26 10 255 7 208 41 82 255 61 179 255 255 28 220
    20 11 194 255 194 215 5 233 124 196 255 43 126 255 132 123 80 32 211
    54 239 83 255 255 80 255 131 235 255 41 194 244 193 255 255 125 31
    103 30 104 255 209 187 149 73 223 82 109 135 255 182 106 255 15 184
    110 177 186 177 7 12 255 155 111 255 255 225 255 32 255 255 221 31
    255 14 172 255 255 39 255 223 255 255 169 136 255 255 255 188 21 242
    255 50 169 255 3 255 255 149 128 155 58 255 91 161 255 78 231 164
    255 255 255 255 255 165 239 161 255 255 255 29 255 226 255 255 190
    111 255 255 255 108 164 255 255 206 255 91 255 29 22 81 255 255 255
    32 103 47 255 49 255 114 255 155 220 255 255 12 255 12 111 255 139
    36 159 55 135 255 44 179 170 255 172 32 14 255 114 206 194 255 116
    107 255 98 255 255 48 255 56 87 255 255 255 255 82 255 189 241 182
    97 255 230 255 255 14 77 255 255 223 95 98 111 255 136 114 222 255
    255 255 223 244 110 29 129 47 28 255 255 117 255 255 99 155 151 255
    255 228 183 255 255 69 92 255 255 124 255 241 111 255 169 255 255 55
    255 255 231 198 207 255 255 201 217 136 255 23 255 78 1 210 255 255
    174 84 255 255 255 179 255 88 210 223 255 155 255 255 255 255 255 47
    247 32 205 255 255 255 255 207 1 249 228 227 255 215 6 82 116 227
    172 255 84 255 255 142 255 255 102 158 255 195 255 255 235 138 123
    26 255 205 255 255 65 74 46 132 255 170 101 113 254 194 4 255 255
    255 255 226 140 153 50 255 255 90 142 255 255 255 126 9 197 44 255
    255 198 60 84 155 129 131 150 138 168 92 255 250 247 155 243 150 211
    255 61 255 113 170 255 255 97 255 158 124 118 242 255 255 255 255
    255 176 255 250 146 107 255 250 27 67 255 245 255 147 255 255 164
    255 255 54 17 159 85 255 233 187 148 255 125 252 198 241 255 255 135
    150 93 37 32 255 111 255 131 255 19 255 117 27 190 95 37 218 30 138
    255 48 255 114 255 182 255 74 97 255 33 83 255 96 140 255 255 233
    255 91 90 146 77 70 50 116 109 108 219 208 255 56 24 9 204 255 255
    59 250 205 151 255 255 162 255 147 87 0 255 255 255 255 85 32 255
    151 255 76 215 78 155 228 211 255 92 182 255 245 112 54 255 255 255
    255 240 231 255 255 255 99 255 173 18 255 255 26 255 255 84 255 226
    48 48 41 250 121 209 217 255 255 121 255 255 188 9 255 173 255 75
    176 41 255 255 99 41 158 255 255 14 255 255 239 255 255 255 184 255
    30 111 255 37 24 255 160 145 246 242 255 255 255 102 205 139 255 4
    149 153 2 32 218 255 172 135 255 94 255 24 255 2 201 255 255 255 153
    247 56 85 72 255 84 104 41 223 177 54 191 255 255 15 252 255 254 238
    255 30 221 255 255 255 63 255 244 75 255 182 136 255 255 255 34 135
    17 255 148 255 139 24 255 132 255 255 14 255 255 138 24 93 255 187
    255 206 55 172 179 255 160 255 255 15 238 121 255 113 10 255 56 186
    255 255 255 255 255 255 255 255 255 255 47 255 255 255 131 255 129
    78 106 88 102 121 146 255 86 17 184 215 199 83 255 255 255 123 139
    206 246 255 255 215 234 255 255 255 255 24 255 255 244 140 255 2 230
    70 132 84 255 255 249 255 241 28 255 255 39 254 255 117 255 172 241
    255 231 29 174 56 243 255 54 255 255 255 208 255 21 143 255 255 150
    255 69 34 94 255 176 255 75 122 133 231 161 255 255 255 136 255 6
    221 255 255 255 155 169 204 151 105 220 255 140 255 157 47 165 255
    144 255 192 149 80 35 237 255 255 176 255 151 50 255 185 255 95 203
    255 255 157 212 56 43 255 255 224 8 225 88 255 31 239 114 255 228
    180 255 207 85 255 255 183 179 255 3 29 138 32 240 255 160 126 106
    255 255 22 116 255 2 168 61 255 255 51 185 22 255 252 215 255 255
    111 255 255 255 80 241 95 255 118 179 237 237 255 252 6 255 238 255
    255 255 255 33 26 255 132 155 218 40 255 255 21 255 255 162 92 243
    212 124 255 246 255 205 255 129 222 206 106 0 182 255 255 255 181
    255 32 255 226 255 78 155 255 255 144 67 240 205 153 44 132 139 255
    52 183 255 200 255 48 37 216 255 101 95 41 255 199 70 157 166 255
    146 255 255 255 228 187 255 94 254 203 37 141 255 255 255 201 224
    255 255 23 255 255 255 255 188 84 255 255 255 210 255 255 146 255
    220 255 157 242 221 255 41 255 103 91 255 255 255 255 155 55 157 185
    157 181 255 242 255 58 182 252 255 36 255 121 12 9 116 88 255 244
    188 255 255 224 255 250 67 148 235 191 44 255 80 255 255 255 255 235
    255 141 255 160 136 17 255 155 136 255 221 4 191 124 181 107 255 255
    255 194 255 91 255 198 132 15 255 116 255 255 254 136 2 151 78 255
    255 204 255 255 255 112 37 101 255 255 146 255 255 238 255 4 218 88
    142 255 255 180 196 188 255 53 255 253 255 132 199 255 21 255 254
    127 255 255 255 255 255 255 21 187 173 193 198 255 242 255 213 96
    196 244 40 227 37 146 255 255 255 186 28 18 218 255 138 31 144 32
    255 255 12 255 153 121 255 104 255 89 255 197 172 103 6 255 255 154
    255 255 6 29 255 221 199 226 228 213 179 255 66 63 255 230 213 255
    255 255 243 169 226 153 152 49 157 255 24 227 255 255 26 48 215 125
    240 255 255 3 198 204 255 255 131 255 255 139 255 255 175 255 183 92
    184 78 255 255 34 228 255 255 255 116 255 255 255 45 120 19 108 241
    112 255 78 199 255 8 252 255 234 89 65 255 95 30 157 255 170 136 255
    255 255 255 255 59 255 233 255 75 255 255 58 136 204 255 224 45 37
    222 36 255 255 213 255 151 235 78 125 125 255 84 81 255 11 221 41
    255 250 58 101 120 255 108 160 255 82 184 255 255 59 255 119 41 15
    255 40 255 203 215 126 6 154 255 237 238 238 45 255 208 255 255 255
    160 74 177 196 128 255 131 255 255 45 255 255 80 253 196 177 210 17
    90 67 255 151 66 255 41 255 182 243 54 255 82 169 68 255 39 14 239
    255 244 93 161 255 181 36 221 19 58 255 255 255 121 255 136 255 255
    215 141 254 255 255 147 96 3 229 173 0 220 105 80 194 32 118 255 172
    255 99 255 55 255 201 44 205 73 255 45 138 129 255 125 255 255 255
    255 255 48 2 177 131 148 255 78 186 255 55 5 255 105 250 255 175 255
    101 96 92 255 22 255 255 124 250 136 139 220 226 138 228 37 255 255
    170 73 101 255 255 66 246 23 129 90 179 169 255 224 196 255 61 255
    255 78 44 134 3 155 255 191 189 255 88 255 39 255 255 255 30 24 255
    186 242 255 190 158 179 127 255 255 255 114 255 254 55 255 72 215
    255 76 118 255 26 187 255 210 155 255 255 255 255 118 228 255 255
    106 255 255 89 255 87 73 255 43 232 123 168 255 155 255 255 63 28
    255 255 143 75 54 239 112 255 66 194 65 47 255 233 1 150 255 255 158
    13 182 255 255 255 124 255 255 174 60 95 255 246 255 255 255 94 255
    32 63 119 43 255 255 58 164 255 76 155 255 207 255 36 200 238 72 255
    105 63 183 194 106 255 255 255 192 255 255 75 18 198 84 219 255 255
    164 44 255 85 131 255 223 254 255 107 223 255 180 184 255 255 255
    255 255 123 34 255 255 255 215 194 90 67 255 255 219 255 207 255 255
    0 171 170 153 107 17 255 70 255 147 255 255 255 255 255 205 255 160
    255 255 255 207 1 255 255 12 255 190 120 255 131 255 220 159 125 255
    255 255 191 255 210 255 255 162 128 54 232 255 160 217 255 255 166
    221 91 252 41 123 155 131 187 65 233 15 255 181 187 76 255 173 255
    63 121 255 255 213 32 255 226 117 255 255 78 12 255 58 191 237 232
    255 21 116 51 155 65 242 235 91 255 255 33 164 172 210 123 84 3 255
    255 209 167 255 149 102 2 143 255 255 255 255 99 204 78 183 255 80
    78 135 255 101 154 250 255 243 227 144 11 255 32 204 254 255 188 135
    255 149 136 136 32 34 157 21 175 255 255 255 50 182 255 255 153 255
    255 162 255 71 162 210 203 219 255 255 210 177 252 255 80 255 255
    255 244 80 252 255 84 255 255 8 3 50 110 17 183 85 255 255 243 213
    209 172 255 255 209 255 198 84 255 213 255 255 255 36 9 4 114 255 39
    255 104 255 144 244 255 197 97 255 102 255 255 226 255 32 30 26 255
    116 158 157 63 177 255 255 255 76 243 255 155 165 255 255 255 255
    255 128 255 60 7 189 218 243 70 104 202 255 255 255 255 235 198 3
    255 25 255 255 105 31 177 255 255 255 186 65 255 146 26 45 117 255
    95 255 255 183 190 252 32 6 83 62 1 250 255 99 255 255 144 255 142
    206 255 255 70 87 255 168 155 255 81 255 146 255 244 49 238 255 58
    84 44 159 255 255 4 58 99 255 44 255 116 216 15 125 248 56 142 255
    255 255 109 255 255 124 255</data></my_img>
<your_img type_id="opencv-matrix">
  <rows>100</rows>
  <cols>100</cols>
  <dt>"3u"</dt>
  <data>
    223 96 255 255 89 255 127 21 255 255 177 192 108 11 255 255 79 77
    217 255 115 255 60 255 39 255 255 41 202 255 20 255 77 121 255 255
    76 94 165 255 121 35 51 255 255 255 45 150 33 255 255 255 81 182 255
    255 255 43 255 255 255 255 255 4 58 23 255 255 255 125 234 255 225
    255 255 255 255 255 49 57 8 255 47 255 174 208 255 110 81 255 74 77
    255 255 138 249 255 253 255 31 255 127 255 23 205 254 74 255 245 45
    255 255 236 255 223 255 242 255 255 255 61 119 255 255 255 79 170 62
    255 219 11 217 35 111 255 176 21 242 235 158 255 176 255 255 255 2
    255 255 30 255 178 255 81 27 255 58 255 25 196 0 230 255 190 108 220
    255 255 255 255 255 255 249 253 167 255 123 238 255 200 255 255 96
    255 206 255 255 255 43 88 168 174 8 255 255 184 255 255 255 255 255
    31 69 255 67 127 228 146 164 245 197 255 255 255 135 4 255 255 32
    255 255 4 81 255 240 255 247 255 255 255 58 10 255 221 33 225 255
    255 164 255 255 14 85 151 170 255 255 12 255 255 182 121 255 255 181
    255 255 79 255 70 255 178 155 81 255 255 191 255 255 255 255 133 75
    255 29 219 255 255 255 199 69 255 255 255 255 171 255 255 255 255 40
    8 43 164 255 182 62 84 221 179 69 255 255 255 255 255 159 255 111
    188 37 240 220 255 164 219 255 255 255 33 47 33 255 255 228 255 158
    125 255 47 255 198 255 161 255 255 255 255 255 52 255 255 255 4 255
    219 153 255 144 255 255 255 235 232 35 233 40 117 255 191 23 255 255
    255 123 79 255 86 62 255 41 255 255 255 255 255 206 255 36 255 174
    255 255 255 255 255 126 255 255 104 255 254 243 215 255 177 255 255
    255 182 255 21 255 255 255 63 255 49 157 255 255 255 41 36 255 255
    255 255 41 91 8 255 47 255 255 255 255 255 255 71 6 183 255 255 255
    38 255 255 255 255 215 142 29 192 165 215 255 169 255 255 255 49 96
    67 255 255 255 255 221 192 255 102 6 255 255 226 255 234 255 168 192
    48 255 58 222 255 30 115 255 72 255 255 255 196 255 189 255 255 255
    197 57 253 255 178 17 255 94 255 12 31 255 173 255 55 255 0 6 190 2
    11 109 255 0 23 255 255 151 143 255 255 227 8 46 202 192 119 233 236
    46 255 255 255 135 255 63 200 243 42 255 255 42 255 175 165 255 141
    255 172 72 255 255 255 255 57 255 79 255 255 0 229 255 255 55 145
    125 255 126 17 255 215 255 229 13 255 114 49 255 255 113 255 213 255
    224 94 108 255 6 255 255 25 255 255 255 40 255 182 255 255 255 19 54
    255 226 186 255 157 255 159 255 255 255 255 255 119 255 255 219 255
    255 245 45 255 255 98 249 18 255 255 251 119 15 27 255 194 255 83 92
    255 132 255 123 224 142 255 255 255 255 253 255 133 243 255 255 255
    255 255 208 255 233 125 119 255 0 255 255 123 121 239 175 255 133
    255 255 55 255 255 255 91 104 255 255 197 255 236 148 192 255 33 139
    202 105 255 255 255 255 255 219 255 255 130 255 255 13 57 160 54 39
    255 255 235 255 150 92 155 255 255 179 255 255 255 255 190 255 255
    255 153 27 4 255 17 69 255 119 112 115 117 61 255 94 255 204 255 255
    40 109 255 109 105 190 255 107 27 255 255 255 125 33 255 85 153 88
    255 161 255 164 255 255 219 176 227 92 146 143 185 255 151 108 255
    255 255 255 100 255 255 255 255 134 255 217 4 225 255 23 255 255 255
    110 157 42 255 255 86 69 255 255 221 255 90 255 255 255 170 202 255
    255 196 255 255 126 255 59 241 203 255 255 247 82 255 94 227 177 88
    255 255 255 255 162 130 133 219 10 143 255 255 88 255 255 255 255
    100 255 255 146 255 204 31 255 238 84 255 79 255 255 255 27 255 181
    226 255 209 148 45 255 255 255 255 255 255 0 255 255 255 245 155 255
    240 255 158 190 221 255 236 129 255 255 196 255 173 51 85 111 162
    255 255 168 183 21 229 213 255 49 45 255 255 104 196 255 89 130 178
    255 255 125 49 104 92 232 226 61 36 255 147 47 199 41 0 140 23 255
    197 255 224 222 255 121 255 164 51 255 233 179 71 255 253 255 249
    255 255 55 89 255 255 255 255 255 255 201 255 166 255 164 255 255
    255 255 6 72 255 255 69 255 255 255 255 107 145 255 109 139 255 82
    255 213 59 255 255 23 47 162 255 70 17 35 255 236 130 63 255 255 255
    206 190 255 111 255 255 206 201 255 166 255 255 206 217 255 255 255
    96 255 25 255 4 54 255 255 12 255 255 255 255 255 176 255 53 36 255
    11 255 63 255 46 61 255 255 255 174 255 94 206 215 255 2 21 29 255
    150 255 255 192 255 255 255 180 57 209 255 240 38 255 172 128 63 32
    238 255 42 255 255 175 255 255 58 77 129 255 69 255 255 84 255 255
    255 141 255 0 255 255 42 255 255 222 188 183 255 215 255 255 251 255
    21 255 109 6 211 106 13 55 58 255 255 196 240 159 158 236 155 255
    100 255 236 27 207 147 255 123 94 255 255 70 150 255 202 255 92 164
    54 164 223 253 6 255 255 43 255 77 255 255 255 255 241 84 255 6 138
    255 119 255 20 255 255 255 255 59 22 223 255 206 158 255 196 228 255
    16 234 255 143 60 255 127 255 255 225 40 255 255 123 13 255 255 182
    110 55 109 47 202 255 180 255 255 255 255 255 255 185 171 255 98 255
    255 255 255 65 55 13 10 255 119 10 8 255 209 62 35 147 255 255 112
    255 75 174 179 215 63 255 255 255 255 50 255 255 255 129 255 226 186
    177 59 25 245 255 72 168 146 94 23 255 255 43 150 211 255 253 255
    255 52 255 160 197 255 255 63 255 255 255 18 134 255 127 255 171 255
    45 15 170 58 255 22 255 255 4 102 159 255 255 38 255 255 211 119 196
    159 27 255 255 59 255 134 139 255 255 243 255 255 133 255 255 255
    255 132 255 15 23 151 255 138 198 243 255 255 25 205 255 123 178 255
    128 167 104 255 29 6 79 117 80 85 255 255 255 226 255 51 176 255 13
    111 174 32 255 192 255 255 255 255 255 255 255 255 255 23 186 255
    255 138 6 155 230 196 255 255 255 255 255 125 172 142 255 255 255
    255 128 33 254 206 194 255 255 190 23 255 255 49 255 253 141 123 255
    255 83 236 51 255 61 157 255 255 88 255 255 255 196 50 27 255 255
    255 75 255 115 141 255 255 109 255 188 74 136 255 174 86 141 255 111
    255 255 255 227 198 255 255 255 8 255 8 86 255 217 0 255 255 255 255
    255 242 255 213 196 94 255 255 255 34 113 213 96 75 255 191 255 255
    255 238 255 255 255 255 117 255 235 166 255 157 202 255 255 255 58
    255 51 255 8 255 217 29 160 255 69 28 255 255 43 255 108 204 107 51
    255 111 190 255 255 33 255 255 255 255 255 207 255 138 65 134 255
    166 255 23 127 255 255 215 255 255 255 185 253 255 249 255 133 255
    27 162 230 232 255 230 44 255 198 52 255 255 180 245 202 255 162 74
    242 69 13 255 198 98 73 202 149 255 255 138 75 80 255 4 84 177 255
    249 130 249 255 19 23 92 255 65 164 100 255 94 255 255 255 255 207
    16 64 211 233 224 255 255 255 255 255 255 109 255 255 27 255 255 111
    168 168 255 255 208 207 166 245 255 98 238 146 255 155 255 255 255
    255 255 28 113 114 255 140 215 168 4 178 194 255 45 151 219 204 151
    255 255 60 125 255 255 255 139 255 245 255 255 255 45 134 31 255 115
    255 255 255 255 255 255 184 119 170 217 255 255 255 23 255 255 117
    72 247 84 53 255 255 255 255 147 255 255 241 26 176 112 166 138 255
    241 153 119 241 107 255 115 19 255 255 157 255 175 8 255 202 255 149
    83 255 12 255 255 255 255 255 255 255 255 255 183 81 255 0 253 23
    179 61 255 255 255 255 255 255 255 149 29 25 64 255 137 115 255 255
    255 38 53 83 255 255 255 255 213 200 240 247 89 6 255 255 255 57 255
    255 255 255 79 255 255 255 108 255 255 255 255 255 255 255 255 255 4
    232 255 72 29 255 255 96 255 255 146 23 255 255 180 204 144 255 25
    92 33 245 121 255 196 255 255 211 148 157 111 255 255 49 232 125 234
    29 94 255 255 255 255 236 35 255 255 145 145 255 215 255 255 255 62
    255 239 62 255 182 62 12 255 168 63 255 58 161 255 255 219 255 255
    255 8 108 255 215 140 243 12 255 140 174 34 255 106 145 161 76 255
    169 74 255 173 255 66 255 255 255 230 255 255 251 70 255 255 247 255
    255 108 138 255 192 255 255 137 255 92 174 255 255 16 255 111 255
    255 138 255 155 255 255 255 255 255 94 243 153 255 255 186 255 255
    53 17 148 255 192 255 174 255 75 202 255 255 69 255 255 255 115 255
    255 166 255 255 255 142 255 170 220 117 32 40 213 77 77 57 102 255
    255 255 197 255 255 163 82 211 255 102 174 255 86 255 199 53 160 190
    255 62 255 74 243 188 255 255 255 106 255 255 67 141 104 102 255 209
    254 34 255 255 255 255 255 98 159 108 158 105 2 255 31 255 255 40
    255 255 255 180 255 207 255 255 255 139 104 82 121 255 0 255 232 255
    159 255 255 94 255 255 255 87 56 255 100 255 239 238 255 94 255 232
    255 157 255 82 128 155 255 255 255 247 255 46 90 153 255 139 132 255
    255 255 21 135 138 213 39 160 255 255 255 255 43 255 171 86 132 174
    255 113 255 255 255 255 255 255 79 172 255 111 255 255 255 86 255
    255 129 98 220 255 255 255 255 149 136 255 255 165 129 157 228 127
    255 255 51 221 255 255 57 255 255 47 182 255 23 209 255 255 157 255
    255 224 255 255 255 211 255 255 207 221 117 255 200 96 255 255 255
    255 126 15 245 255 0 255 255 255 92 36 98 255 255 86 96 255 255 255
    43 15 255 255 243 255 243 255 255 6 159 100 255 136 145 255 255 255
    255 167 255 215 77 255 255 81 255 255 255 255 255 186 108 17 29 252
    230 255 159 255 157 223 255 253 255 255 115 255 255 255 84 177 138
    153 255 236 157 255 255 88 255 245 227 202 219 251 19 173 133 255
    165 16 245 234 255 6 150 255 189 255 255 255 255 255 19 255 255 255
    48 125 255 67 255 255 255 255 149 255 117 255 255 145 45 140 20 255
    255 255 102 61 115 158 13 255 104 173 255 183 111 255 255 128 200
    255 0 255 255 228 255 255 186 127 0 4 255 255 255 74 138 29 255 19
    255 22 255 255 57 174 153 76 240 75 255 58 90 119 255 144 125 255 86
    255 162 96 51 255 255 255 19 255 255 255 255 149 108 42 255 255 155
    255 119 255 37 128 255 255 219 255 211 128 2 255 255 155 255 98 249
    6 255 123 255 255 255 249 255 111 255 226 255 215 255 84 255 255 255
    159 255 128 255 232 142 255 255 21 137 255 155 92 255 255 255 255
    255 96 126 255 63 255 255 255 6 255 255 89 255 39 255 255 204 68 81
    252 241 27 190 255 255 255 72 255 229 21 255 255 198 44 94 81 255 35
    255 240 255 224 173 255 255 255 129 141 255 22 219 23 255 228 255 12
    77 255 65 249 215 255 208 255 6 255 67 57 45 211 255 255 128 200 255
    132 106 157 255 255 255 255 255 255 255 188 255 255 255 34 73 88 53
    159 255 206 255 67 206 251 255 255 255 61 255 167 255 79 255 147 255
    71 114 215 255 255 166 255 255 255 2 184 255 255 88 255 255 59 149
    10 255 43 109 255 108 255 53 255 255 255 185 44 255 255 73 255 255
    255 114 94 255 114 255 104 37 141 255 67 147 132 255 255 255 61 255
    125 255 255 211 255 211 142 159 255 255 141 255 107 255 255 255 255
    21 8 67 9 104 255 0 255 192 255 31 186 255 255 255 206 255 255 255
    255 35 96 242 170 102 255 255 255 240 69 251 255 35 255 36 206 255
    255 255 96 255 78 255 192 255 217 255 255 255 123 63 245 255 255 255
    29 255 42 255 255 151 255 55 34 255 255 42 255 57 255 58 80 255 255
    255 108 255 255 181 255 217 175 56 255 91 255 255 255 255 41 255 255
    255 255 4 88 42 234 200 113 144 69 134 253 255 255 222 123 255 255
    255 181 176 223 6 255 255 83 255 88 255 255 168 255 21 127 255 255
    37 72 255 192 255 255 168 19 180 255 170 2 255 111 111 57 255 199
    255 192 138 215 208 67 72 200 130 184 79 102 92 115 255 255 72 255
    255 255 148 255 255 255 96 255 255 255 89 255 72 255 56 255 255 255
    229 30 224 217 9 255 37 255 33 211 136 255 255 113 150 255 255 255
    255 115 255 255 255 255 35 255 255 241 255 215 63 255 255 255 255
    255 255 240 255 255 91 255 108 121 211 119 255 220 255 255 255 192
    91 255 255 255 46 255 255 155 255 9 255 255 172 82 255 219 50 255
    108 255 53 253 255 239 255 119 78 136 255 255 85 255 255 224 226 139
    23 255 184 255 84 219 194 255 255 255 150 255 132 151 2 255 255 255
    215 197 255 255 255 255 125 255 143 255 180 255 255 171 255 55 59
    255 255 255 255 255 255 143 9 255 255 155 125 139 104 255 221 100
    255 49 255 255 255 255 59 255 234 2 255 141 255 255 25 236 255 255
    255 221 89 171 206 255 255 33 204 255 117 255 255 192 255 255 57 66
    255 239 98 255 255 149 48 255 255 138 155 109 136 213 255 52 206 255
    35 186 77 255 194 2 255 18 255 67 255 255 84 255 255 215 255 79 255
    255 255 255 255 109 40 255 153 228 110 255 217 121 30 255 80 62 144
    255 255 255 123 32 249 149 40 255 4 45 67 255 194 255 255 62 48 117
    255 255 255 249 255 255 255 92 23 255 255 255 251 255 255 91 255 255
    96 251 255 255 255 255 236 255 247 100 134 178 255 94 186 255 2 255
    255 90 176 187 255 186 255 255 59 170 255 155 255 255 14 153 25 255
    94 255 86 132 42 255 255 255 255 55 255 69 106 255 53 4 8 255 255
    148 255 206 255 20 81 96 255 255 255 255 94 117 255 111 255 255 28
    127 51 108 15 27 209 255 255 104 52 255 91 255 235 81 209 255 42 255
    33 215 38 4 255 203 255 38 171 255 174 255 255 255 255 255 155 96
    255 255 167 255 255 142 53 232 255 194 189 255 29 121 255 206 113
    255 252 255 180 255 15 255 255 255 255 182 255 255 39 134 255 166
    255 213 255 45 255 255 255 69 217 255 134 123 221 222 255 255 255 8
    255 27 63 68 148 207 57 15 45 255 134 255 241 255 188 15 77 194 172
    255 255 30 255 45 255 98 141 208 255 255 236 12 255 255 255 157 255
    6 255 32 88 255 255 255 255 158 52 72 109 255 255 77 174 255 83 255
    255 255 255 70 113 255 143 108 255 145 255 96 4 153 255 255 253 255
    188 60 255 139 255 184 255 255 255 69 255 69 209 181 148 255 149 255
    53 255 29 41 255 220 255 206 255 76 121 169 121 255 255 255 255 161
    182 255 207 206 255 255 255 255 255 219 255 247 255 174 255 255 255
    69 255 255 255 255 255 255 70 255 102 255 255 255 254 158 104 147
    157 96 255 255 255 159 192 205 233 141 255 255 196 255 149 255 255
    37 162 54 255 255 255 255 255 255 255 26 255 255 230 255 233 255 8
    33 255 102 255 255 255 255 255 190 255 255 6 241 87 107 143 255 102
    106 94 23 223 255 180 219 21 255 255 158 52 255 136 165 121 255 255
    166 255 115 155 160 255 92 255 17 255 83 243 55 255 219 49 255 125
    184 85 255 25 160 36 88 75 242 207 255 75 143 241 134 255 130 255
    255 255 242 255 255 255 255 157 255 59 117 123 22 123 255 255 81 255
    12 160 255 27 140 255 204 100 81 219 143 255 255 251 240 207 211 0
    123 255 33 149 221 8 94 174 255 255 75 255 31 255 163 255 255 165
    145 143 255 255 255 255 23 255 17 192 255 84 255 255 255 255 28 255
    206 232 255 115 219 255 255 191 211 255 255 176 255 30 255 65 153
    215 255 211 255 65 224 173 194 147 255 255 26 77 219 60 255 255 64
    255 255 168 255 84 255 77 209 141 226 149 136 180 255 49 255 27 255
    255 255 153 255 92 255 224 255 255 255 255 255 255 155 255 255 254
    255 255 255 255 255 255 247 61 145 91 255 252 2 81 160 108 79 255
    175 255 255 208 255 255 255 188 235 206 107 255 243 255 255 255 8
    255 255 255 190 34 255 255 255 255 159 255 192 225 230 188 255 57
    255 160 191 13 255 245 42 255 158 255 255 255 19 106 168 61 255 255
    255 255 117 73 255 223 255 6 255 4 255 255 255 190 111 255 233 128
    255 55 255 213 255 164 255 255 123 255 255 191 94 125 236 255 255
    255 251 162 255 2 255 245 255 241 164 255 255 72 109 29 123 132 41
    162 52 255 177 255 255 62 255 168 255 148 255 215 255 174 255 243
    209 175 242 139 255 255 206 255 255 31 74 247 110 15 255 255 79 255
    255 255 255 255 42 115 255 255 255 255 160 255 255 255 236 0 208 178
    192 255 255 112 247 255 255 151 255 29 123 255 255 255 63 125 255
    255 255 53 255 255 255 255 255 32 234 255 255 255 57 255 255 255 42
    38 78 83 82 255 255 44 43 255 255 255 255 17 164 196 255 255 40 46
    37 251 255 110 255 190 255 255 255 255 170 255 59 255 81 51 149 157
    255 83 255 255 230 182 135 19 255 255 100 255 255 255 90 10 255 255
    255 255 255 255 255 255 255 140 27 202 243 205 255 255 255 223 255
    255 255 255 96 255 85 27 255 255 121 255 255 255 255 141 17 69 255
    29 186 255 255 255 100 153 255 255 255 41 255 255 255 255 33 255 47
    255 255 111 144 255 255 236 70 172 255 121 255 255 255 55 219 159
    255 255 255 19 255 86 255 48 133 255 255 92 196 255 119 26 232 255
    255 255 255 191 174 102 255 209 255 77 84 255 213 255 33 98 255 159
    85 194 114 108 226 255 255 255 67 255 127 153 255 171 255 255 148
    255 175 255 255 255 136 106 255 255 129 255 127 145 255 255 217 255
    176 255 255 84 255 255 138 39 115 255 114 255 255 131 255 255 227
    185 255 145 236 255 255 255 247 225 255 119 22 255 238 180 255 215
    47 92 255 255 40 255 255 162 255 255 255 54 255 255 192 255 255 255
    255 121 255 255 255 15 33 58 255 255 2 36 255 255 71 157 255 102 159
    255 255 255 255 255 29 158 249 6 255 65 247 155 71 235 255 255 69
    255 130 209 30 176 178 255 86 255 60 84 255 125 171 219 255 67 255
    123 255 255 87 21 84 255 100 243 255 79 255 0 75 255 60 255 100 255
    255 255 255 128 159 0 54 255 255 255 255 125 255 255 164 88 255 255
    255 159 92 255 255 185 138 86 255 255 29 255 255 255 17 255 117 85
    130 255 255 255 255 160 230 255 255 21 188 221 29 255 145 115 84 206
    255 49 200 119 41 255 188 110 72 255 200 60 111 255 91 255 160 255
    255 45 255 111 127 255 255 255 155 255 255 172 255 237 145 255 255
    183 255 39 157 61 255 255 31 255 255 249 251 255 10 255 125 38 49 34
    255 255 255 44 33 208 190 255 255 255 255 26 220 117 255 81 255 230
    255 162 255 96 90 81 255 215 117 255 104 4 255 170 255 138 37 255
    255 255 147 44 255 202 255 88 30 115 255 255 255 255 255 255 255 94
    161 255 255 255 6 238 243 215 158 138 14 79 236 88 38 25 255 255 196
    255 164 236 255 141 255 74 255 255 39 224 194 255 70 63 227 255 255
    23 102 255 131 155 255 157 255 4 162 191 159 255 255 123 192 111 255
    255 15 255 65 255 255 255 255 255 255 232 255 149 255 255 255 75 79
    53 183 255 255 255 255 221 255 255 45 255 255 255 255 255 255 255
    255 104 47 8 168 255 127 104 194 182 255 255 255 115 153 255 255 255
    255 215 164 117 255 202 146 211 255 255 69 255 178 217 255 255 196
    255 169 255 255 67 255 255 255 255 255 33 245 255 251 18 198 123 255
    255 94 23 255 182 255 255 255 255 62 255 14 255 36 8 194 98 255 240
    196 59 151 255 231 255 255 151 141 238 255 255 151 255 143 255 211
    255 138 255 166 148 255 255 255 255 255 255 43 255 255 255 19 61 37
    108 144 255 241 25 255 249 199 184 255 247 129 255 188 31 217 48 8
    255 128 102 92 255 255 255 134 255 255 211 255 255 255 255 8 150 255
    255 255 0 255 255 25 209 255 243 77 48 255 255 19 255 255 88 255 117
    255 255 174 73 84 255 255 88 255 255 2 40 115 255 251 255 135 183
    255 190 255 255 217 255 255 229 160 21 255 4 255 255 255 255 255 255
    46 255 89 255 255 6 255 110 185 255 176 42 134 255 255 255 88 255
    186 255 140 69 180 241 105 255 45 255 255 189 25 255 198 219 255 255
    255 255 172 255 69 255 255 255 255 174 170 255 94 255 255 255 255 60
    255 247 158 255 84 255 249 255 81 4 255 196 209 241 34 255 215 238
    255 190 126 255 255 255 130 207 125 228 255 255 249 115 109 255 31
    206 224 160 121 36 221 255 255 255 255 255 255 100 31 59 255 255 255
    51 255 184 255 243 255 255 199 112 255 255 255 255 255 43 255 201
    255 255 50 33 255 255 251 255 255 255 230 255 255 145 255 196 47 255
    255 106 242 202 255 203 55 104 205 255 64 245 255 62 127 255 100 222
    255 255 132 255 191 98 233 255 255 255 23 255 255 72 82 255 255 19
    119 255 81 255 255 255 255 170 167 200 255 63 255 34 255 255 81 255
    255 255 140 255 255 255 255 49 255 86 104 211 137 255 75 255 74 255
    255 6 13 90 202 255 29 255 199 82 255 25 162 255 144 194 255 17 25
    253 203 255 255 255 255 255 255 255 164 255 186 134 255 255 57 255
    135 130 136 188 255 255 245 53 140 206 255 255 35 183 255 255 164
    123 255 255 255 8 255 255 255 255 19 18 4 255 255 255 6 255 185 255
    94 215 96 255 255 255 255 151 79 255 198 255 255 179 255 255 255 255
    255 194 190 255 21 54 206 255 255 55 106 255 255 255 255 255 77 220
    255 255 255 255 79 140 255 255 255 255 26 255 255 157 196 255 17 255
    255 160 255 255 255 255 255 200 161 255 53 173 153 32 255 16 255 255
    14 208 142 157 166 40 255 255 199 255 255 255 255 155 82 255 255 255
    255 140 130 162 217 178 255 83 54 255 91 255 27 255 65 61 255 255
    196 255 180 192 255 255 114 255 255 45 226 255 255 143 153 127 213
    119 139 240 255 49 36 255 255 255 96 70 255 255 145 175 255 255 255
    255 255 255 146 255 30 127 55 92 169 2 255 59 196 255 50 162 243 255
    255 247 88 10 255 69 255 47 255 255 74 13 200 255 13 151 49 255 255
    255 255 247 130 219 255 74 255 219 92 220 255 240 255 255 255 240
    255 255 44 209 223 105 255 215 255 135 253 255 255 255 13 53 136 182
    255 47 215 255 255 255 255 194 163 123 241 255 37 255 255 255 175 90
    131 255 58 127 255 255 255 223 255 255 217 255 188 255 15 25 25 194
    206 153 255 255 15 220 255 255 255 255 255 174 255 108 115 255 255
    230 192 140 255 255 255 82 255 108 255 139 70 255 114 228 255 255 74
    130 255 255 169 166 92 203 255 164 255 157 221 102 255 255 242 254
    166 150 70 255 215 47 255 171 139 255 255 178 255 77 20 85 255 255
    211 165 255 255 161 33 255 255 178 255 228 176 255 123 255 255 171
    121 8 130 160 251 123 255 255 255 106 62 255 155 255 121 255 123 165
    255 255 255 74 151 69 255 255 255 45 255 155 10 151 130 176 49 255
    43 255 130 255 241 33 223 198 163 255 255 207 70 255 127 65 255 151
    39 202 73 255 255 222 104 174 0 255 157 255 18 117 180 255 255 251
    255 255 255 217 255 255 51 79 232 255 255 255 255 217 184 192 255
    255 255 255 255 255 255 48 110 128 69 206 111 255 255 128 255 255
    255 113 178 196 255 182 121 255 221 113 255 121 0 255 255 96 255 96
    247 0 166 255 255 255 255 207 255 136 255 255 255 86 204 83 117 255
    91 255 251 255 255 255 247 132 78 68 180 255 255 255 255 255 255 190
    23 255 255 34 27 168 179 65 255 34 255 10 91 159 209 255 236 255 255
    255 53 255 255 59 147 255 255 255 186 255 217 128 255 255 182 255
    255 255 255 255 255 145 140 222 251 92 178 108 255 96 25 255 255 255
    166 127 174 255 220 255 168 167 233 219 201 255 26 65 74 8 38 255
    255 255 255 255 255 254 143 13 233 134 255 249 255 255 255 145 98
    252 255 33 61 238 134 174 255 255 139 255 255 84 255 255 209 179 155
    31 117 199 249 255 96 255 177 171 251 255 13 160 255 109 170 13 194
    119 249 146 114 255 255 53 255 109 255 255 121 255 255 255 255 245
    215 255 255 119 67 140 255 255 255 197 43 255 44 255 226 8 202 145
    255 10 255 4 61 81 2 255 72 255 121 255 25 233 194 115 255 255 209
    255 89 104 255 255 178 255 241 31 86 126 73 129 25 228 151 255 255
    61 198 42 255 117 255 96 255 253 159 255 255 207 70 46 125 91 196
    231 255 255 255 51 255 255 255 56 255 255 255 255 125 255 255 255
    255 6 255 171 129 147 255 255 255 13 4 217 153 255 255 255 255 204
    255 160 153 190 255 136 61 235 255 105 255 255 184 255 194 61 255
    211 79 37 236 17 43 255 255 255 255 255 255 9 255 255 230 255 198
    232 255 255 253 240 255 255 136 6 255 102 255 255 255 90 255 48 255
    172 82 255 155 255 94 255 255 255 255 255 255 241 8 255 255 176 143
    143 255 43 62 63 10 255 23 255 106 117 255 134 255 255 255 73 255
    226 255 255 255 197 255 8 173 255 155 255 229 219 132 255 147 255
    255 255 161 255 255 255 213 255 255 255 255 255 166 51 163 255 115
    255 255 200 205 255 255 117 92 98 255 255 255 255 229 151 182 14 255
    105 127 255 255 239 255 255 174 255 136 255 170 255 255 255 226 110
    204 148 255 255 255 255 23 255 255 255 255 255 149 21 255 166 249 41
    255 142 255 255 255 255 49 92 188 143 255 51 81 255 233 255 255 131
    255 134 121 255 251 129 28 132 255 11 48 231 241 111 255 175 242 135
    17 255 213 255 69 255 255 67 255 255 255 255 255 255 215 215 215 255
    255 255 39 130 109 255 100 224 135 217 236 184 43 161 20 42 245 82
    98 92 255 255 169 255 255 144 184 219 180 255 255 255 247 232 255
    255 74 0 254 255 253 206 168 255 255 234 2 255 255 255 25 255 38 74
    217 23 23 255 255 255 247 255 223 255 255 255 198 79 255 75 113 255
    81 255 219 106 178 255 255 150 255 155 82 186 255 40 170 255 50 255
    255 17 255 255 255 229 255 199 206 255 222 255 255 117 255 255 255
    255 223 75 39 255 255 33 255 255 8 215 27 255 255 255 255 66 255 255
    255 31 157 245 255 41 255 194 25 226 23 255 255 255 255 0 236 70 255
    92 255 100 255 255 196 132 255 255 255 182 251 255 255 200 255 174
    91 255 239 108 255 255 15 255 25 55 19 255 255 182 255 255 226 255
    202 65 33 123 255 188 223 40 255 255 255 255 255 2 255 255 107 227
    255 163 2 255 255 255 255 113 180 255 255 160 255 255 147 255 136 31
    255 13 141 255 33 6 255 255 206 94 54 6 113 255 255 36 159 114 255
    217 255 236 150 255 255 251 255 121 23 33 209 255 255 255 255 255
    255 255 255 255 255 255 255 255 255 255 255 255 141 136 115 181 12
    255 11 255 59 96 255 23 226 94 255 15 255 255 215 255 255 19 117 255
    75 146 206 255 211 45 255 10 255 255 255 29 21 255 255 245 255 255
    40 104 104 79 255 255 255 255 252 255 255 133 255 159 172 255 40 255
    143 98 188 255 255 102 255 240 255 87 86 255 255 255 255 11 2 255
    255 255 255 255 255 67 255 44 119 21 251 255 255 255 255 77 255 157
    245 88 255 108 220 90 255 255 255 45 255 69 174 128 59 43 178 255
    255 217 139 157 255 255 236 255 168 238 215 241 255 192 129 255 255
    133 83 232 225 149 10 255 255 226 255 255 255 12 255 255 168 255 255
    255 255 255 255 255 219 159 255 203 112 96 54 182 255 255 157 255
    255 100 202 255 255 255 88 255 255 10 35 209 255 121 40 255 255 255
    142 207 255 255 255 75 67 192 158 217 255 255 199 135 57 117 131 11
    255 255 255 255 255 119 255 255 255 255 67 194 234 255 230 255 255
    87 255 255 255 163 255 149 100 43 202 98 33 255 33 255 202 96 255 92
    255 90 255 104 255 247 255 255 255 255 255 79 255 45 60 255 61 51
    255 255 40 255 255 45 240 255 236 255 178 217 50 255 236 148 108 232
    113 255 83 105 255 83 255 255 138 155 255 136 146 255 255 8 255 77
    255 255 157 255 255 255 186 117 164 255 255 255 192 55 255 81 108
    247 73 255 6 255 84 255 255 235 255 255 255 255 255 119 57 255 255
    255 67 192 141 255 255 68 255 192 255 190 143 255 25 166 255 98 255
    255 255 255 9 146 255 255 255 255 255 63 255 17 255 255 255 255 255
    255 255 35 134 255 0 255 94 255 255 35 82 249 255 255 108 77 255 247
    255 145 198 255 255 6 184 255 113 127 149 2 69 255 255 255 255 232
    142 45 243 255 255 143 173 231 121 217 255 232 255 255 253 255 255
    85 196 255 215 255 96 255 255 255 217 194 8 164 255 94 255 10 255 85
    100 57 162 84 29 143 255 255 106 84 207 255 35 255 255 128 223 255
    65 33 11 255 255 8 15 255 177 255 255 236 255 151 255 255 96 255 31
    255 4 79 57 255 88 170 240 171 255 255 255 255 17 255 96 255 17 69
    255 150 255 87 255 255 64 184 255 83 255 49 143 79 37 255 255 255
    240 255 239 175 215 112 175 128 255 253 31 255 104 4 227 255 255 255
    255 255 184 34 255 255 255 201 255 255 182 255 9 255 255 255 67 255
    236 44 255 4 96 255 11 255 255 255 142 255 245 63 255 255 255 255 83
    224 255 255 222 255 130 255 31 255 255 96 177 255 255 255 255 255 0
    46 61 255 255 255 255 220 202 255 44 6 130 255 159 247 255 61 96 52
    229 255 255 252 187 23 255 255 255 204 49 255 255 204 203 16 158 25
    108 255 130 94 66 255 33 255 255 94 45 197 255 217 255 20 117 255
    255 255 128 135 255 146 255 224 255 255 166 255 204 255 153 213 255
    0 188 8 96 255 255 155 35 87 119 255 255 255 94 255 107 255 87 10
    255 140 58 255 66 255 255 28 255 137 158 132 255 255 81 22 66 255
    255 136 255 255 198 255 255 255 228 255 255 136 98 255 171 255 255
    100 255 255 255 255 13 134 231 181 52 255 145 69 160 211 255 78 255
    255 63 113 176 255 255 255 255 75 255 237 132 255 49 170 184 255 125
    10 255 185 96 255 160 255 172 255 96 209 255 79 237 140 130 255 255
    113 255 28 130 255 200 234 204 209 240 200 19 79 143 68 255 180 255
    255 78 117 249 67 202 255 255 255 255 255 202 81 255 255 255 255 255
    255 255 206 255 221 192 219 149 255 130 255 255 255 198 226 182 255
    9 255 51 255 82 255 255 255 255 68 255 255 158 255 33 100 255 223
    255 240 255 255 255 188 255 255 255 219 48 255 255 163 135 236 255
    255 255 255 225 96 255 114 45 180 255 42 255 255 255 86 255 255 176
    147 255 255 255 255 58 255 221 150 114 75 255 255 109 255 22 125 249
    255 255 59 129 255 10 196 255 255 255 255 107 168 255 165 254 175
    255 255 15 77 255 151 255 255 208 169 39 111 255 255 255 188 141 9
    13 255 15 142 255 255 255 190 255 255 255 38 115 135 255 255 159 255
    56 255 209 42 231 255 184 255 255 115 247 255 255 137 255 90 2 0 255
    76 255 247 207 255 255 255 255 255 255 255 255 255 104 86 110 4 242
    255 255 255 204 255 255 147 255 255 255 255 128 255 255 255 139 134
    255 255 255 249 255 123 255 221 187 230 255 255 171 255 70 255 255
    177 255 255 45 228 255 255 255 255 255 255 255 104 255 255 147 255
    255 255 255 57 255 255 255 81 144 231 43 255 255 64 255 231 164 255
    255 255 159 255 140 159 255 255 127 255 55 31 92 255 230 255 17 255
    162 255 130 219 255 165 255 117 203 45 211 230 196 255 73 255 255
    180 131 255 232 255 255 171 31 62 136 255 255 255 255 147 35 255 109
    226 223 255 255 255 255 255 159 255 255 255 79 255 27 153 255 176
    255 255 184 255 255 255 189 119 204 164 190 255 255 255 255 255 201
    45 255 8 213 255 255 121 60 255 20 255 150 188 130 251 255 255 138
    255 255 81 255 106 105 76 81 167 255 255 255 119 255 255 4 215 148
    255 247 255 255 255 255 255 172 44 106 87 215 237 255 109 96 255 111
    29 147 90 160 255 211 255 224 61 249 224 255 255 255 255 255 255 48
    255 185 247 255 243 90 255 245 255 25 255 255 80 255 255 207 255 73
    255 234 136 188 255 255 157 255 255 82 255 255 255 255 105 215 40
    255 255 255 255 106 17 238 255 145 125 213 255 255 39 134 69 255 255
    217 255 255 255 8 28 88 0 108 224 135 6 88 143 119 27 255 255 128
    255 60 27 125 255 253 247 164 255 25 255 169 255 172 48 2 255 48 211
    255 255 204 255 255 255 109 148 255 79 13 186 191 255 255 255 33 133
    28 38 2 255 197 255 240 255 84 255 35 255 36 207 255 168 255 209 4
    36 255 255 255 255 21 203 39 92 255 255 204 69 114 255 226 129 141
    88 143 100 255 108 255 255 255 255 63 237 255 255 255 57 127 255 75
    52 255 255 180 255 255 242 255 255 255 255 255 8 211 8 59 255 102 23
    255 8 176 151 255 243 200 119 109 10 255 255 255 115 255 255 211 255
    168 215 211 255 230 255 76 255 180 255 130 240 255 202 102 255 255
    255 45 255 255 186 232 159 255 177 255 255 255 255 255 87 59 255 255
    255 255 247 255 76 255 40 80 81 128 255 255 127 255 255 207 121 255
    219 255 255 134 255 92 98 255 94 21 255 17 42 255 255 67 204 136 123
    112 255 255 255 255 255 135 64 127 149 75 220 255 255 255 255 255
    155 221 255 48 255 255 13 168 255 255 35 43 255 255 255 27 255 255
    13 178 81 255 255 236 234 229 255 165 90 255 255 255 255 255 27 204
    255 255 255 255 255 255 31 255 255 161 255 191 255 29 255 40 96 255
    255 255 34 220 229 255 255 255 160 136 255 185 255 110 255 165 255
    255 255 255 183 123 255 255 255 255 47 171 255 255 67 255 189 67 31
    255 98 255 45 217 72 251 21 55 255 155 255 255 71 110 198 121 78 198
    38 200 183 102 255 255 84 255 230 255 255 255 236 255 255 255 106
    255 255 206 255 46 255 160 255 67 255 63 39 255 255 20 47 182 168
    166 128 255 255 251 86 81 38 153 255 255 27 255 255 102 209 255 255
    74 255 255 138 127 84 255 255 51 255 255 23 255 52 176 94 255 160 62
    190 186 255 255 255 230 69 41 255 167 255 255 234 100 255 132 33 215
    165 255 183 138 106 228 130 255 255 102 14 255 255 255 30 255 255
    255 255 255 40 224 255 255 88 114 206 125 247 213 157 125 230 84 255
    255 255 255 109 236 143 204 255 255 83 255 110 47 255 255 228 255
    255 255 94 82 255 255 255 255 12 255 211 255 23 238 255 255 255 178
    202 255 90 2 255 35 84 45 245 23 96 255 162 255 255 74 255 255 255
    115 98 200 102 73 127 149 255 159 255 192 255 255 255 92 91 255 255
    32 228 211 255 169 151 126 10 16 194 209 20 255 255 94 255 81 255
    166 255 255 255 17 255 141 188 209 91 75 255 134 255 255 245 255 245
    9 255 255 2 255 255 45 127 255 240 255 215 202 255 235 255 255 255
    255 255 160 234 255 255 255 255 255 255 255 219 42 197 255 247 255
    55 255 4 67 77 255 166 255 192 10 202 230 255 255 255 49 151 255 255
    51 255 255 109 84 255 128 255 255 255 196 114 255 86 255 255 123 255
    255 255 249 111 58 159 125 255 4 158 19 55 157 176 137 240 8 255 32
    203 74 255 255 213 255 255 255 55 105 29 255 2 184 79 123 229 221
    255 255 255 255 255 92 255 186 253 255 255 255 230 90 255 255 255
    100 111 255 70 234 176 224 132 14 255 167 233 81 245 207 255 52 119
    17 255 237 34 155 255 25 255 31 36 21 255 104 255 255 255 255 217
    255 255 106 255 255 255 192 31 255 119 44 255 255 255 143 175 255 92
    255 105 131 62 226 255 255 35 22 255 255 255 255 255 255 106 115 255
    70 117 137 243 255 231 255 255 255 255 127 188 245 71 255 255 255 33
    126 167 176 196 8 90 11 226 147 255 104 255 255 255 135 238 255 255
    255 255 255 255 249 143 172 48 35 255 255 31 92 255 255 43 81 10 255
    119 100 255 255 255 255 13 255 108 109 255 255 184 247 255 255 255
    238 255 255 255 255 255 255 15 255 81 255 255 255 255 255 164 255
    170 255 111 243 255 132 170 85 213 51 85 61 255 255 130 255 96 255
    255 147 255 16 255 255 255 102 255 255 255 134 59 179 255 255 255
    104 255 232 255 255 219 255 255 40 132 143 179 255 211 255 100 255
    125 255 49 255 255 255 74 255 255 221 255 162 255 255 255 255 255
    255 255 255 255 255 255 255 172 81 217 42 255 29 189 17 255 255 113
    255 255 224 131 255 255 255 255 255 0 132 42 255 45 75 174 224 255
    53 255 255 255 40 105 110 26 255 255 15 255 141 255 255 86 204 174
    255 255 173 255 255 255 108 255 255 182 221 159 37 226 159 255 255
    196 151 253 255 215 125 123 168 145 226 255 255 255 2 255 113 255
    198 255 255 149 224 255 108 255 255 64 128 35 200 255 255 255 82 202
    140 255 47 160 142 14 255 255 45 255 173 255 255 197 129 221 255 255
    179 190 255 255 255 255 255 42 182 255 255 255 136 255 249 255 79
    164 255 255 227 170 165 202 255 44 39 255 182 239 255 255 233 55 255
    255 94 255 255 25 255 70 255 157 255 79 146 255 255 255 117 255 255
    33 174 6 255 194 255 255 255 255 225 255 253 255 194 255 162 64 109
    255 213 255 255 204 255 106 255 255 114 255 190 255 255 111 255 21
    199 160 92 255 129 128 255 255 162 255 108 255 255 252 255 15 119 70
    4 204 17 211 70 89 94 255 23 59 255 6 255 86 255 255 129 92 255 255
    70 255 255 255 230 221 196 13 239 11 255 202 125 219 254 75 255 121
    30 234 176 255 255 170 255 228 255 141 255 255 241 176 70 185 119
    255 255 219 255 102 167 255 255 255 255 255 4 255 255 255 155 34 0
    255 255 253 233 255 184 255 66 255 255 49 67 255 49 219 255 85 255
    74 4 167 35 109 255 255 230 255 255 51 25 172 255 207 162 81 132 35
    17 69 102 255 201 209 255 117 78 17 155 255 249 167 255 170 255 255
    255 128 209 255 130 168 255 255 53 11 73 255 115 58 255 255 255 90
    255 197 255 138 255 55 255 75 255 255 255 255 104 255 88 42 255 255
    128 94 160 249 130 255 255 255 255 255 238 255 255 188 192 255 255
    102 255 165 80 81 255 162 153 255 255 255 98 57 138 255 255 255 255
    227 117 115 115 32 203 129 85 255 255 113 121 255 51 211 255 206 255
    255 153 255 251 187 255 255 255 155 231 255 199 255 255 117 102 198
    255 180 255 255 255 230 109 4 175 255 255 249 255 204 92 2 51 255 40
    112 8 255 255 255 255 4 179 255 255 60 255 255 168 255 255 255 242 6
    236 255 254 49 234 10 255 255 255 224 102 255 255 255 231 160 2 33
    249 228 255 126 255 108 170 255 155 255 255 255 223 81 215 255 255
    29 138 255 255 68 255 255 255 255 4 255 121 63 128 46 55 89 6 255
    234 255 255 255 255 255 189 40 255 140 12 255 113 8 160 255 255 255
    72 205 255 255 245 159 255 104 78 255 255 74 96 255 194 255 255 100
    109 174 223 255 125 255 100 25 211 38 15 155 255 255 255 255 255 255
    255 255 255 140 255 255 255 255 255 255 255 255 228 255 96 255 36
    255 224 255 33 57 105 255 236 209 180 255 173 35 255 255 61 140 255
    255 164 255 255 255 255 255 255 150 102 38 86 255 255 255 255 255
    255 255 255 255 211 134 128 255 8 96 255 255 132 255 255 115 129 240
    130 211 255 255 255 96 255 255 138 21 204 255 6 227 38 255 255 255
    79 255 255 215 255 43 249 255 255 40 121 179 4 255 255 155 115 42
    255 159 255 153 55 255 21 221 255 255 255 192 255 255 255 255 47 255
    255 180 164 36 255 255 255 255 255 255 41 234 255 200 192 255 217 43
    255 239 198 255 174 255 255 127 245 255 166 255 255 255 255 255 255
    255 255 51 255 186 255 219 255 162 255 180 186 255 6 174 155 44 255
    255 255 147 96 130 84 255 0 225 115 255 255 117 153 255 255 255 255
    255 255 255 255 234 39 255 255 255 25 27 47 230 96 190 255 44 255
    255 255 70 255 224 255 141 205 255 130 255 207 8 150 164 255 255 255
    255 197 186 255 255 255 47 255 207 92 255 33 255 255 255 255 255 53
    255 84 131 62 255 227 255 255 255 255 50 78 255 255 255 175 121 255
    255 255 255 255 255 149 77 130 196 204 96 255 255 255 255 4 255 255
    255 255 255 255 255 221 183 255 255 104 213 255 15 255 255 255 255
    72 130 63 18 255 27 8 255 77 255 166 199 255 200 111 255 255 255 51
    104 255 194 70 255 137 255 203 255 217 92 25 255 178 166 255 178 255
    8 209 255 255 255 255 255 123 27 181 251 162 255 107 255 247 82 43
    179 255 255 255 255 80 255 13 74 181 255 204 136 125 245 47 222 164
    111 255 229 255 117 255 255 255 255 221 255 192 255 52 255 194 255
    255 255 255 39 255 23 255 4 197 255 145 0 76 240 255 114 138 211 221
    155 255 255 47 82 215 255 255 65 255 255 255 217 255 255 255 255 233
    40 213 255 223 13 255 209 255 255 183 174 153 130 255 255 255 128
    255 102 17 31 23 255 255 255 255 255 130 209 255 228 255 225 255 255
    255 221 255 204 251 6 255 255 188 98 255 111 255 255 2 204 255 128
    190 217 46 59 255 240 178 121 79 176 255 111 25 255 255 255 255 180
    255 255 167 255 174 255 92 230 255 255 255 255 254 255 255 243 226
    167 255 189 255 255 255 255 53 255 61 245 255 255 255 255 86 135 255
    19 255 255 211 255 255 222 18 113 255 76 255 255 137 51 255 231 255
    169 255 194 117 255 255 150 255 255 255 255 21 255 255 21 232 255
    255 255 139 57 255 255 245 84 25 255 255 162 255 182 176 255 255 255
    255 176 159 255 100 255 181 255 45 0 255 159 255 255 184 202 33 255
    155 17 255 255 102 202 255 173 255 241 25 255 40 50 255 128 255 255
    28 127 182 255 249 255 255 146 255 255 255 255 255 255 37 172 10 255
    23 251 209 183 255 255 2 255 6 64 222 37 92 255 255 255 255 239 255
    255 255 255 255 119 111 255 255 57 255 255 15 207 121 255 255 255
    255 255 255 255 243 255 255 197 147 255 255 4 11 255 255 2 255 255
    130 75 255 121 255 255 255 128 186 255 255 255 255 255 29 155 196
    255 255 255 255 151 255 255 255 255 180 255 127 255 255 255 16 49
    255 139 66 146 255 255 255 255 170 240 255 255 167 255 6 255 255 162
    159 255 43 38 202 255 96 255 140 255 255 255 255 255 187 255 255 245
    94 41 255 113 114 15 82 255 255 217 112 255 203 255 119 255 86 255
    21 255 255 111 255 255 255 255 157 255 255 255 240 100 255 138 255
    255 220 255 249 255 255 255 255 255 172 29 74 134 128 117 255 17 194
    255 255 45 255 255 108 104 63 204 255 142 45 243 155 255 255 255 70
    255 255 255 255 52 227 255 255 255 255 255 239 255 33 157 255 255
    215 255 243 255 42 201 115 187 255 223 181 255 255 255 255 255 213
    255 55 4 255 255 4 94 23 255 84 80 255 111 255 255 255 143 145 184
    255 106 65 255 132 255 245 57 255 69 219 255 255 255 255 69 53 255
    209 255 255 255 255 255 86 255 35 255 255 255 255 255 255 255 255 63
    41 138 255 255 217 173 255 74 148 209 200 255 39 255 84 255 255 247
    255 255 255 255 255 48 33 255 255 98 255 65 119 209 12 255 36 224
    255 181 188 12 255 94 255 219 255 255 245 180 121 255 255 255 255
    245 207 21 255 255 255 90 235 255 255 255 255 31 241 177 255 255 206
    255 119 49 6 255 255 255 74 255 77 255 62 169 211 255 71 255 255 203
    255 255 115 114 89 255 255 255 75 78 255 255 178 228 27 255 255 255
    221 255 255 72 255 255 117 255 144 255 28 255 172 255 255 255 121
    255 86 160 94 255 77 255 255 32 48 255 191 245 255 255 255 104 255
    255 139 255 255 18 158 144 100 170 190 255 58 151 180 255 180 255
    255 125 255 119 255 255 255 38 155 238 219 184 255 255 57 255 59 6
    147 35 255 255 255 160 102 255 166 255 19 98 255 104 255 168 123 31
    255 249 178 100 255 255 255 6 172 255 255 204 255 255 196 255 59 255
    255 169 92 245 94 117 255 69 69 194 255 4 255 255 102 255 255 96 255
    255 255 228 255 255 255 255 255 255 130 255 253 203 255 181 255 255
    26 134 255 224 245 255 255 255 255 140 31 149 255 255 255 255 255
    255 255 196 255 255 92 255 255 255 114 179 255 255 255 165 225 255
    213 255 255 127 117 19 125 231 255 255 80 255 255 255 245 171 255
    255 255 239 53 255 4 166 255 90 123 12 255 183 255 69 126 255 119
    255 255 254 143 255 96 21 255 255 255 255 255 47 171 0 215 171 114
    153 188 255 125 92 131 172 255 255 143 153 255 206 182 16 255 67 255
    255 255 255 255 255 255 140 255 255 255 220 255 255 119 35 255 255
    70 185 146 239 106 174 255 255 182 249 255 255 255 81 255 92 168 157
    202 255 255 182 232 255 41 255 255 23 174 255 190 223 67 94 230 132
    255 140 255 82 255 255 255 130 255 117 255 255 255 255 226 255 255
    255 255 255 203 255 255 77 96 255 255 96 206 199 255 9 255 245 255
    255 255 60 255 255 255 255 255 255 255 255 85 255 255 198 84 255 100
    255 255 117 255 255 255 255 255 111 255 180 234 255 255 38 222 243
    215 217 255 255 69 255 174 163 22 115 12 172 70 255 166 255 82 255
    106 224 43 106 109 255 149 255 4 79 255 255 121 59 47 255 138 180
    255 255 255 255 199 133 126 255 255 255 142 255 111 255 255 238 255
    255 92 169 188 136 104 255 255 109 129 255 63 170 255 6 255 77 255
    255 255 249 255 255 255 63 255 255 255 125 242 14 106 255 255 255
    255 255 255 196 6 255 255 255 15 251 172 91 58 255 98 29 255 19 255
    255 255 182 162 255 255 255 255 205 137 255 255 255 241 79 25 70 255
    200 155 150 255 108 255 255 255 153 78 255 73 255 119 174 69 32 255
    255 255 255 207 192 255 255 153 159 65 13 255 219 255 255 255 28 138
    196 121 148 12 255 119 204 55 255 255 255 38 80 255 220 255 191 255
    245 26 54 255 255 104 61 255 176 255 255 92 37 255 255 211 255 255
    59 255 75 215 4 255 255 164 255 104 187 236 255 255 255 255 11 255
    255 43 255 255 255 255 255 255 255 255 255 247 90 234 65 255 255 209
    200 249 148 229 255 0 255 177 153 125 255 79 255 175 255 166 255 255
    65 198 255 255 19 255 255 255 255 255 255 255 133 255 255 237 255
    232 255 175 176 72 255 196 125 255 255 94 8 255 90 85 255 255 49 255
    82 232 201 125 255 255 255 255 255 206 9 215 255 255 255 255 255 10
    255 255 255 202 255 48 255 113 125 94 255 142 8 166 255 151 226 255
    255 72 255 78 91 0 196 238 255 53 130 151 207 255 174 202 255 63 255
    230 255 51 255 100 255 81 100 255 160 255 255 255 98 255 255 46 255
    208 36 10 219 207 255 204 255 88 255 255 33 215 150 255 198 6 255
    255 255 255 174 125 172 255 186 255 255 54 114 255 255 255 4 82 255
    255 150 255 187 180 255 255 180 53 255 255 255 255 109 255 255 194
    255 58 194 10 208 8 82 191 82 6 255 255 223 243 230 255 191 138 255
    15 203 84 126 113 4 238 255 255 255 215 41 60 255 255 42 102 255 106
    242 127 174 73 200 25 255 255 255 255 255 255 127 255 174 255 255 64
    113 131 255 88 255 140 61 137 68 157 255 253 255 255 255 217 45 109
    33 255 255 144 164 255 255 255 255 255 241 255 140 82 109 92 204 255
    255 69 0 255 255 255 255 192 104 255 255 175 13 149 255 255 255 255
    98 255 175 255 239 198 255 255 170 255 47 132 255 159 255 238 255
    230 148 255 255 255 255 255 255 129 255 255 33 255 196 47 255 17 255
    255 255 2 255 255 255 255 255 255 255 255 8 255 255 233 255 255 255
    255 255 255 141 255 33 255 42 57 255 230 255 255 56 255 255 132 14
    255 255 190 255 255 12 255 255 67 255 238 255 255 71 255 81 211 255
    255 36 10 255 255 69 255 71 255 170 255 255 255 10 255 213 255 255
    91 255 45 217 224 192 255 255 137 219 255 188 223 255 255 255 255 16
    255 234 255 168 167 219 175 255 8 11 255 255 255 255 186 255 167 255
    189 159 18 255 203 255 255 50 178 198 255 67 204 255 245 36 136 255
    255 255 16 255 115 76 62 255 53 140 148 255 255 54 255 255 255 45
    255 35 100 255 180 6 255 144 255 255 56 255 255 194 76 255 67 255 19
    146 255 255 38 255 255 255 162 255 255 255 60 222 255 255 207 255
    143 163 255 221 71 243 47 255 86 58 176 255 75 10 94 64 88 176 2 255
    255 141 196 255 181 215 255 6 255 255 191 140 53 255 255 255 206 196
    255 255 255 255 26 255 141 255 220 229 42 209 255 155 148 39 255 255
    255 183 163 255 255 255 155 255 255 98 255 54 255 255 12 255 145 71
    255 255 255 55 255 255 100 160 104 255 255 255 198 158 59 255 100
    182 166 255 255 14 81 77 67 83 65 255 47 247 255 255 255 184 172 255
    239 215 255 184 36 90 84 255 255 255 179 255 255 255 178 255 75 171
    255 75 94 159 162 255 69 255 167 255 255 255 255 164 33 255 143 130
    141 255 140 127 149 77 255 21 228 255 255 255 117 245 255 255 255
    180 43 96 255 255 255 255 255 140 205 251 151 255 211 108 255 255
    121 38 255 89 86 255 255 2 94 255 226 160 75 255 86 255 203 255 255
    255 255 255 12 188 134 255 72 53 255 255 255 255 255 187 6 245 13
    255 255 255 27 255 255 255 108 98 255 255 21 245 223 79 224 255 70
    255 106 53 255 215 255 255 255 255 255 168 81 234 255 255 255 255
    255 255 255 255 219 178 23 81 255 123 140 84 102 255 223 26 180 255
    255 48 186 75 255 255 34 111 215 102 140 255 8 121 147 8 173 255 255
    232 255 255 98 255 62 255 255 149 255 255 255 217 143 255 144 255
    255 111 184 91 255 255 62 255 213 255 255 255 111 219 255 194 255 84
    255 255 112 255 255 149 255 58 255 62 121 241 151 255 254 79 48 137
    255 65 119 255 31 255 83 255 160 255 255 74 255 232 206 28 132 255
    255 255 255 255 251 121 255 67 255 81 96 255 255 255 186 255 255 180
    219 255 231 255 75 255 255 255 241 255 255 255 255 255 255 251 142
    255 255 255 255 255 255 217 87 255 255 255 38 255 255 247 178 179
    104 255 230 255 219 4 255 255 255 255 139 255 255 255 17 6 31 255
    255 145 181 255 255 55 21 255 126 119 255 255 255 255 255 255 255 45
    255 255 143 84 255 255 255 255 125 255 182 255 255 255 255 255 255
    117 255 255 255 169 255 255 255 255 164 247 39 255 255 245 102 15
    255 136 44 255 147 86 153 255 255 255 19 67 255 98 255 39 87 234 82
    226 255 255 128 255 255 113 255 168 143 6 102 2 255 255 255 255 170
    255 222 255 255 165 159 49 127 255 209 255 255 23 217 255 255 84 112
    43 255 90 255 207 33 255 238 255 255 255 92 255 255 255 255 63 0 255
    255 255 255 255 255 157 255 255 255 203 255 255 98 117 255 255 255
    255 255 255 255 255 100 189 238 209 255 255 69 255 255 213 177 201
    53 96 12 23 94 2 255 255 255 182 255 255 255 200 240 255 255 255 35
    179 255 37 255 104 133 94 255 255 255 255 255 255 255 168 74 188 255
    255 255 92 255 255 115 192 255 255 81 52 255 55 255 255 123 255 2
    200 255 209 255 219 72 255 255 192 255 148 255 102 255 2 255 255 255
    255 255 251 100 255 255 34 255 255 13 163 255 89 255 255 255 255 255
    255 255 223 255 40 255 96 123 255 64 255 211 130 255 255 255 255 182
    145 255 255 247 255 51 0 115 255 255 224 255 49 215 92 2 96 255 255
    255 255 126 255 190 111 255 137 204 255 255 255 255 153 130 247 200
    255 255 255 189 226 135 223 255 31 170 79 190 255 255 255 55 19 255
    125 255 155 255 48 255 164 77 106 255 255 255 21 255 255 255 255 255
    255 255 255 166 255 117 255 255 255 187 35 78 241 255 255 177 243
    255 85 255 63 57 67 115 172 23 98 19 128 168 228 84 255 138 232 255
    51 176 255 255 13 198 255 199 72 179 255 255 36 35 255 255 44 255
    255 29 255 255 255 255 255 255 129 255 21 162 255 27 233 255 234 255
    55 255 255 162 0 153 255 255 72 255 255 255 255 255 159 217 56 114
    255 94 255 40 192 213 255 171 255 255 88 243 255 125 25 215 255 82
    255 98 255 175 182 255 255 236 213 17 255 115 255 255 255 240 255
    255 255 255 255 241 69 204 57 255 219 228 92 255 117 232 252 64 38
    255 11 117 225 255 228 217 255 6 86 251 81 255 117 174 255 140 255
    94 15 255 255 104 255 182 255 236 20 160 255 180 255 255 255 255 48
    255 255 255 255 194 77 225 217 255 39 255 255 255 236 255 255 25 255
    255 255 190 233 255 255 255 255 140 255 255 42 129 221 255 255 23
    109 39 255 255 255 241 240 255 91 219 255 170 255 69 255 109 223 26
    27 255 140 249 6 255 255 255 255 255 164 2 19 51 255 255 53 109 255
    255 255 146 255 255 255 255 96 161 255 245 255 255 255 255 106 25
    245 41 32 255 255 255 144 255 81 96 139 202 255 255 98 224 255 255
    190 255 255 33 108 255 44 255 191 255 255 21 255 198 168 36 255 255
    182 251 255 6 255 255 255 255 53 255 255 189 59 29 255 255 223 255
    255 255 255 157 255 153 15 255 255 56 255 255 255 255 241 58 219 255
    255 121 181 234 213 255 255 235 147 109 2 66 21 255 255 255 255 217
    255 59 17 255 6 183 102 255 162 75 219 255 255 223 128 15 14 255 255
    213 255 255 255 255 186 255 255 79 22 45 100 255 255 38 213 255 255
    255 9 255 255 255 201 137 255 255 98 60 255 27 13 219 166 223 2 255
    181 255 155 230 159 157 255 255 2 255 82 37 179 117 255 255 38 59
    255 54 255 25 255 114 104 255 255 194 255 211 57 255 255 255 180 255
    206 255 255 13 255 117 192 255 63 132 255 51 255 211 255 158 84 182
    130 169 186 255 255 72 92 255 182 72 255 255 255 255 149 255 255 255
    255 146 255 32 232 198 255 255 255 255 6 12 255 255 255 209 236 255
    255 25 255 255 255 29 123 255 14 255 255 255 255 255 180 174 243 76
    255 35 168 255 255 16 255 255 255 255 255 37 149 255 255 136 255 200
    77 169 255 158 230 255 174 165 237 224 255 178 255 255 254 192 173
    255 64 222 225 191 255 37 255 255 255 255 255 196 143 255 255 247 8
    255 255 255 166 255 243 55 40 251 149 255 255 133 234 29 255 219 171
    94 119 111 98 255 109 135 255 119 23 245 56 72 23 255 184 255 35 255
    87 157 255 255 255 255 55 255 255 255 255 255 255 134 255 249 255
    100 202 255 255 255 255 255 255 123 223 255 56 255 255 67 255 75 243
    255 77 255 211 6 75 35 202 255 255 109 59 255 189 255 114 255 56 127
    57 169 137 209 220 255 168 255 108 57 192 31 121 255 129 255 255 110
    255 169 182 247 167 4 255 255 255 255 201 255 83 176 255 183 255 255
    255 255 108 255 188 255 181 255 53 172 148 255 255 219 27 255 255 51
    255 255 255 221 102 255 255 220 117 255 213 255 87 255 255 208 255
    255 255 234 255 255 255 255 249 194 255 179 255 94 177 127 255 219
    255 255 255 174 255 253 251 255 255 245 37 255 94 221 255 224 18 213
    98 255 104 27 25 87 228 255 255 255 225 219 222 215 255 255 153 255
    255 155 255 255 39 255 255 255 192 107 255 2 107 255 255 255 12 255
    92 255 255 255 211 141 15 255 255 255 255 255 4 254 223 255 255 255
    255 255 255 255 98 42 255 255 208 255 255 255 113 117 126 188 255
    247 52 219 255 10 153 255 29 255 57 255 255 255 180 255 2 35 255 255
    117 115 255 255 88 255 255 67 236 255 112 255 255 0 57 142 255 232
    65 255 255 255 110 255 130 200 15 174 188 32 255 241 51 236 2 255
    140 23 145 96 255 141 151 27 255 94 255 202 255 255 255 134 255 115
    255 65 255 255 255 255 255 102 255 13 255 87 255 255 125 234 255 255
    234 255 255 255 255 255 125 255 47 21 255 28 255 141 147 52 157 255
    192 255 117 219 255 255 255 255 255 253 47 62 81 127 38 234 84 255
    205 225 9 255 255 255 255 80 255 255 157 255 255 131 185 188 207 236
    54 255 40 219 51 255 255 180 255 255 65 255 109 255 255 169 255 83
    130 255 253 63 255 255 174 190 255 255 55 58 182 227 8 52 255 255
    255 255 8 102 255 70 150 157 75 196 255 102 251 23 172 67 254 255
    242 255 136 255 121 87 255 255 255 255 255 255 174 129 255 255 255
    72 144 133 255 155 231 94 59 255 158 255 255 111 176 211 143 194 90
    187 255 255 255 255 255 255 224 255 255 255 255 119 238 20 255 113
    255 66 255 255 32 255 255 115 255 255 8 255 255 74 173 100 255 190
    69 21 255 255 255 255 72 53 255 255 200 151 149 126 209 255 198 255
    2 189 255 139 255 255 255 157 255 245 255 148 255 42 255 255 23 255
    192 187 255 255 185 142 57 121 255 255 89 255 86 200 33 190 255 67
    255 17 255 198 255 36 255 255 230 255 255 201 65 98 255 94 255 255
    255 155 253 121 255 255 235 255 17 135 60 188 69 55 255 255 72 113
    184 255 31 255 255 81 186 255 19 92 132 29 241 204 255 255 255 255
    51 255 255 47 255 255 63 249 255 153 204 86 16 255 255 41 255 67 255
    255 255 27 183 230 255 255 81 20 255 75 255 255 4 112 183 33 255 9
    52 255 238 59 63 255 67 255 15 242 223 13 38 188 255 255 255 117 255
    141 255 207 155 206 4 255 58 249 227 255 255 219 189 255 255 134 219
    255 75 255 243 217 138 255 255 100 255 255 242 43 108 255 117 236
    255 255 223 165 149 53 134 53 106 255 114 45 199 243 181 46 190 255
    255 255 232 255 43 255 46 255 125 119 255 255 255 200 255 203 135
    109 199 16 134 159 18 108 61 255 92 69 143 74 255 255 60 255 59 251
    255 255 106 255 255 66 255 255 255 98 43 255 255 110 255 6 121 255
    150 255 255 255 255 0 255 33 255 107 255 206 255 202 181 255 133 255
    255 14 255 199 27 255 255 245 224 255 76 143 255 255 102 113 131 255
    255 255 255 86 33 255 111 129 255 121 255 143 31 35 249 255 57 111
    255 255 111 104 61 6 88 10 255 125 112 0 255 255 255 255 255 255 199
    255 255 255 59 202 151 255 255 255 65 155 255 255 255 255 149 255
    197 255 255 40 98 255 255 255 115 12 255 255 255 255 194 255 135 170
    255 255 255 253 255 255 245 39 174 255 255 0 255 22 194 186 255 141
    73 168 255 255 188 255 255 123 255 255 255 255 255 255 145 255 225
    255 228 255 255 188 255 255 15 255 255 44 255 255 67 196 255 255 255
    255 255 63 113 255 141 255 178 172 255 203 255 9 255 22 255 21 255
    81 232 160 255 253 247 92 255 255 26 249 255 55 255 96 143 255 255
    255 144 255 147 222 127 255 255 251 255 13 255 255 169 18 58 213 80
    255 255 255 136 21 255 255 255 255 255 174 255 255 236 255 89 255
    255 255 255 233 255 48 162 255 13 221 247 98 255 255 255 255 255 205
    206 221 255 255 6 255 255 255 146 202 75 88 255 255 207 14 157 197
    206 130 255 100 255 163 255 255 144 157 255 255 12 64 255 255 255 29
    155 255 255 239 255 255 255 255 178 255 255 123 180 255 255 255 255
    184 255 255 130 80 208 236 255 253 173 117 85 255 112 255 50 255 255
    255 106 255 90 31 255 255 255 151 19 255 255 255 139 145 255 255 255
    71 255 255 255 141 238 255 213 81 255 255 130 255 184 255 255 255
    255 17 255 255 255 255 81 192 112 255 134 6 255 48 255 255 255 114
    34 255 198 255 255 255 77 255 255 241 255 198 113 102 86 126 255 255
    255 161 172 255 255 229 100 251 82 255 77 219 255 81 255 79 67 255
    255 255 133 74 219 41 172 255 18 192 255 255 89 255 61 189 255 114
    255 255 194 255 150 255 255 117 41 213 48 90 40 255 255 21 228 194
    58 77 254 255 109 254 255 255 235 174 255 255 255 205 255 255 102
    255 125 132 255 89 146 255 255 73 108 255 136 102 255 40 88 255 217
    200 241 255 255 117 123 255 255 255 245 255 184 221 213 19 90 255
    255 255 255 255 200 238 255 255 4 59 255 34 153 255 255 46 255 170
    232 255 255 56 255 196 224 255 255 242 255 123 255 255 91 59 255 255
    255 196 255 100 194 89 255 211 157 165 155 194 136 255 166 255 255
    81 77 57 155 98 255 49 255 255 255 215 255 255 255 255 255 255 239
    255 84 14 162 255 86 23 77 80 255 255 16 189 255 115 219 50 255 255
    255 255 172 134 255 255 236 125 255 173 255 255 255 249 255 107 255
    200 169 255 251 73 255 147 255 147 66 255 255 255 255 255 255 255
    255 83 255 65 200 117 147 255 255 255 241 13 86 255 232 70 255 73 8
    255 138 157 145 255 255 32 142 115 255 255 4 115 255 225 255 255 255
    255 255 255 255 153 255 2 255 255 255 255 162 255 255 255 255 148
    108 255 77 255 208 255 213 255 255 254 255 176 255 9 140 215 255 90
    59 19 255 139 255 255 16 175 255 255 174 148 255 255 255 255 255 115
    133 255 255 255 255 255 255 202 67 255 255 255 176 247 176 160 255
    255 231 126 255 131 255 255 157 208 132 180 255 79 39 255 255 139
    255 173 255 255 27 255 111 255 255 255 255 247 234 207 255 255 46
    204 151 209 223 113 253 33 181 199 255 255 255 255 255 255 254 255
    25 255 255 255 255 49 255 255 6 255 255 206 56 202 255 242 217 34
    255 39 255 249 209 183 69 255 255 255 166 51 121 255 255 255 153 134
    117 255 42 255 255 8 196 114 255 255 255 255 192 255 255 163 255 255
    27 133 100 255 255 255 255 255 28 255 137 255 113 255 255 255 198
    111 249 255 255 79 82 255 255 49 230 255 35 191 173 204 21 142 255
    81 255 255 255 255 245 255 44 255 255 255 182 62 253 96 224 136 22
    23 255 35 183 255 55 215 140 255 4 255 190 224 255 96 240 255 55 94
    255 255 192 127 43 241 255 255 255 176 255 64 255 255 153 255 255
    128 0 255 255 52 255 194 255 137 255 255 27 255 217 255 181 163 255
    11 255 29 255 59 243 141 255 217 243 255 255 255 109 63 255 255 255
    255 255 22 119 255 255 255 255 209 255 58 198 255 255 170 255 190
    254 198 255 174 168 255 255 255 255 194 255 255 217 255 255 255 113
    236 174 136 58 219 126 255 255 255 255 255 58 142 255 255 255 255
    255 255 219 168 48 229 192 255 255 211 82 255 255 255 254 255 255
    182 255 255 100 185 255 255 255 236 164 255 255 255 255 180 139 255
    224 82 168 165 190 255 42 129 130 25 164 183 232 255 232 255 255 255
    255 86 228 255 55 119 105 255 49 21 255 255 251 249 81 255 255 255
    209 149 45 180 255 255 255 0 177 0 255 221 255 119 224 245 221 255
    255 255 83 255 164 200 255 255 25 163 255 255 255 23 255 255 186 255
    194 255 255 255 255 32 255 255 208 255 255 34 255 255 121 249 255
    253 255 255 255 144 241 255 255 255 134 84 255 79 100 255 68 255 135
    255 13 255 255 211 196 108 213 78 255 255 237 4 255 186 198 77 255
    19 44 239 255 242 223 255 255 43 128 174 115 255 203 255 175 255 184
    191 8 255 230 255 255 255 228 255 255 255 194 255 178 255 255 255
    255 168 255 255 255 29 96 23 255 255 255 123 255 141 6 188 255 113
    255 117 255 110 164 255 255 255 255 249 255 44 137 255 88 88 255 255
    255 245 82 153 23 180 251 68 81 255 66 65 231 255 197 255 109 119
    255 91 10 255 85 157 255 255 255 182 96 184 255 255 150 255 181 255
    255 255 173 255 255 71 59 243 255 255 255 119 255 255 255 255 236
    167 100 21 188 255 145 255 255 255 255 255 30 151 12 255 46 84 174
    17 255 255 255 255 255 79 255 57 15 86 206 255 153 255 255 127 66
    111 255 223 255 98 255 255 12 255 255 61 194 255 231 255 255 211 255
    242 255 228 255 255 42 75 102 68 255 255 226 230 166 196 255 127 91
    255 255 164 52 255 117 230 41 34 71 69 255 255 106 255 255 255 170
    255 255 175 255 255 255 82 255 255 255 115 92 54 110 94 25 255 147
    144 27 255 255 182 68 86 94 75 190 225 255 255 0 200 255 235 140 255
    255 149 255 41 64 255 255 181 115 255 111 155 174 255 255 255 255 42
    12 206 140 255 30 81 223 255 92 63 255 194 247 255 255 255 228 115
    255 255 23 69 255 167 229 236 255 33 223 211 254 255 255 255 255 255
    67 255 138 255 255 153 43 251 140 255 36 243 255 108 54 139 17 153
    255 25 255 255 106 194 57 49 255 255 255 42 255 255 255 255 87 222
    29 255 226 92 57 151 255 42 255 180 255 249 145 109 188 145 57 255
    254 202 255 39 26 115 12 158 255 255 255 54 239 255 255 255 255 222
    255 255 255 255 204 247 219 255 255 255 49 54 255 255 255 255 151
    255 255 255 81 227 255 10 255 198 176 121 255 4 255 255 113 63 192
    190 255 204 134 0 223 157 31 255 255 72 255 52 82 255 245 255 141
    255 155 36 58 110 64 134 255 255 71 255 255 67 151 255 123 255 255
    255 255 255 255 0 91 255 135 111 105 245 42 188 0 162 153 255 255
    211 255 43 255 151 255 255 225 47 125 57 19 113 51 255 188 241 255
    255 31 32 253 255 255 82 255 8 255 98 213 255 139 255 21 255 255 255
    255 158 255 255 255 255 255 160 77 255 215 105 255 255 226 147 85
    255 96 255 255 255 57 255 10 255 220 255 217 255 33 255 255 255 34
    255 29 136 255 125 172 255 255 32 107 219 255 167 255 74 255 94 168
    243 151 255 255 123 119 255 88 19 79 82 255 31 255 57 197 255 91 82
    255 255 255 255 204 255 255 70 25 235 255 61 35 138 255 255 202 21
    255 100 27 100 204 117 255 234 219 255 36 217 255 66 196 255 174 255
    219 255 10 206 200 169 61 253 255 6 166 100 255 111 121 59 94 255
    255 255 153 255 255 10 255 232 255 245 25 255 255 255 134 160 102
    230 206 255 255 219 255 255 255 245 50 255 255 255 255 187 255 255
    255 255 176 130 134 255 255 255 92 255 94 233 255 61 255 255 255 255
    255 255 6 255 255 76 255 255 255 126 255 59 240 255 255 240 31 255
    226 255 255 255 19 157 255 21 255 255 255 255 209 255 255 255 35 141
    113 255 88 255 178 255 255 182 255 255 255 57 53 111 255 215 19 255
    255 255 162 255 255 182 30 255 82 255 255 182 141 255 255 255 205
    255 255 255 198 255 255 255 117 255 141 125 105 92 255 255 255 255
    82 255 255 255 41 255 255 133 241 255 204 149 255 255 255 77 255 255
    255 255 100 255 72 245 255 166 255 232 255 255 255 23 255 255 255
    255 215 33 255 117 255 253 253 133 255 234 255 183 255 255 255 132
    255 128 140 255 109 240 67 255 255 255 172 61 255 62 255 72 28 255
    96 255 255 159 255 115 255 255 58 255 255 255 255 106 255 241 102
    255 51 255 255 96 255 52 255 4 255 209 166 238 231 51 171 255 36 75
    255 104 255 139 255 102 127 255 205 255 91 255 233 255 94 255 255
    255 255 255 17 100 255 255 255 0 255 255 255 61 76 85 255 139 168
    255 27 255 19 255 255 115 6 255 255 47 255 255 255 255 255 255 253 0
    255 255 255 104 255 255 255 255 255 70 255 255 194 255 255 133 255
    255 255 68 23 255 119 165 186 255 219 255 255 10 255 255 255 45 62
    17 69 217 167 255 100 173 204 183 240 123 119 105 255 13 138 255 249
    255 255 255 111 255 36 44 255 194 63 84 58 199 255 253 255 47 249
    228 157 28 42 255 255 46 184 243 35 18 255 255 255 241 59 255 255 17
    255 255 255 82 226 144 255 32 255 12 151 224 255 89 255 255 255 255
    255 138 127 255 221 128 255 255 255 135 255 148 255 255 105 255 255
    17 255 255 228 12 111 150 255 245 255 249 60 255 86 100 63 243 96
    255 255 15 255 102 136 88 202 181 255 69 255 2 255 149 157 255 255
    199 255 247 65 166 255 113 255 134 190 255 255 255 37 170 255 18 255
    243 80 255 255 255 92 222 160 255 38 255 106 255 255 121 255 255 53
    255 125 42 255 255 255 0 255 255 100 137 255 255 255 255 255 255 255
    180 29 255 222 255 255 71 255 234 197 255 191 255 255 126 197 255
    255 31 106 255 184 190 125 42 37 249 255 219 11 159 166 255 255 80
    51 127 255 255 144 255 255 255 27 168 255 141 198 127 255 58 255 213
    255 59 255 255 255 255 34 228 255 255 82 209 145 63 241 255 255 78
    255 255 255 255 255 243 145 209 98 255 71 255 191 255 59 255 255 231
    255 86 255 247 255 147 36 163 255 215 255 114 241 132 255 255 255
    255 126 65 251 126 54 196 81 105 255 255 255 255 162 255 235 255 255
    255 98 255 76 255 255 41 102 255 255 4 84 249 255 115 147 247 255 22
    255 255 255 255 71 235 51 46 49 6 255 255 219 180 255 224 255 255
    255 182 255 192 255 255 23 148 255 38 167 80 255 174 129 255 255 255
    255 255 80 255 201 196 91 230 255 255 40 209 255 255 139 211 56 14
    255 127 157 255 255 112 255 169 255 192 255 255 138 188 170 255 255
    12 255 61 235 125 255 255 170 127 255 211 255 255 255 255 255 255
    255 123 141 255 255 255 13 141 255 128 255 255 255 41 213 201 237 42
    213 80 255 161 27 255 255 255 255 255 57 255 199 67 134 255 162 200
    211 207 57 33 255 40 255 255 38 169 82 43 105 170 255 255 255 208
    255 255 115 255 255 181 251 255 102 255 255 255 255 29 255 255 43
    174 81 255 255 255 255 160 255 255 111 255 102 75 255 255 255 255
    255 94 15 255 75 132 198 255 255 255 132 255 108 117 255 255 255 169
    255 255 207 255 166 255 255 17 255 255 255 251 255 87 255 249 157
    255 47 102 255 206 224 88 255 121 255 80 141 255 37 255 255 23 32 94
    255 70 255 65 49 255 255 25 255 255 255 213 219 151 255 215 255 255
    215 45 21 255 255 255 164 255 178 255 238 63 255 38 255 114 255 58
    198 255 238 255 255 255 255 15 10 255 255 255 84 34 4 243 255 192 55
    202 255 255 255 255 255 255 255 202 140 230 255 245 79 255 232 255
    255 70 255 166 58 255 255 255 255 255 255 255 255 79 255 241 166 253
    255 125 255 0 249 157 39 172 155 217 255 255 168 255 255 255 255 140
    94 255 81 255 255 255 255 145 245 106 255 255 255 58 23 86 138 255
    206 255 203 255 255 255 255 255 255 255 255 23 119 64 205 80 255 255
    255 255 77 196 53 255 255 255 255 255 255 255 255 255 255 147 255
    255 82 255 90 255 226 150 255 100 52 141 151 245 255 255 255 80 255
    255 155 209 17 255 2 255 129 194 134 255 255 255 255 36 0 186 255
    255 255 126 157 174 51 255 170 255 173 255 228 255 147 255 186 55
    255 215 255 255 255 255 255 255 255 87 255 98 164 255 255 36 255 172
    75 255 255 98 186 92 179 255 192 255 8 255 255 127 255 255 255 255
    253 255 155 125 255 255 255 176 110 160 255 255 255 50 255 221 12
    127 45 117 255 255 255 12 255 255 255 255 171 255 213 255 241 240
    255 235 145 67 27 130 255 255 53 255 94 174 19 233 255 58 255 255
    255 255 236 230 255 255 255 0 36 255 255 255 255 255 115 220 239 255
    255 23 158 255 255 9 38 12 245 86 114 83 255 255 255 188 255 255 255
    204 36 21 72 255 48 74 75 61 255 62 255 39 255 255 255 255 174 192
    255 36 255 6 61 255 255 192 255 255 0 255 211 255 255 45 255 164 255
    15 255 255 84 255 255 255 110 147 255 255 85 255 255 17 203 255 145
    217 255 255 192 255 140 255 255 255 73 254 255 255 255 255 44 164
    255 232 141 123 174 255 255 182 255 255 255 255 255 21 255 255 171
    255 255 117 255 68 123 255 255 255 200 255 255 129 58 255 188 255
    230 69 230 255 204 123 255 255 128 117 245 8 171 204 9 159 194 255
    255 123 194 192 129 255 153 255 255 19 255 117 255 255 255 61 255
    174 255 255 241 10 255 187 232 255 106 255 255 255 255 131 204 255
    255 255 255 43 255 255 235 255 255 255 255 8 255 245 86 255 255 224
    255 87 73 162 175 215 211 202 255 255 98 94 255 125 176 49 111 255
    255 77 255 255 145 255 255 255 255 160 255 255 255 255 255 255 255
    10 255 255 207 96 181 226 255 204 46 119 221 61 255 166 255 151 162
    255 114 40 255 255 255 65 255 209 255 80 106 255 39 179 251 207 204
    255 255 255 255 119 8 119 151 255 79 6 255 255 255 51 255 47 255 255
    255 209 75 219 255 188 255 98 178 255 164 255 41 113 117 255 255 255
    247 11 46 206 9 119 74 255 27 255 255 150 204 255 88 255 172 102 80
    104 255 51 15 111 255 255 255 255 194 255 255 255 255 255 255 128
    164 109 104 219 157 255 255 162 247 255 255 169 255 240 255 255 255
    255 255 255 255 255 255 255 86 102 65 159 13 234 206 25 255 255 255
    211 255 115 180 255 149 153 12 19 255 255 255 255 249 255 63 255 145
    23 255 136 228 69 228 33 255 149 23 255 255 17 96 255 127 255 241
    217 252 100 255 255 47 255 247 255 207 255 255 159 168 255 255 255 2
    255 255 192 255 129 215 90 219 13 249 18 177 19 255 79 255 37 255
    255 137 13 58 255 255 81 255 53 6 170 255 255 196 68 255 255 179 159
    14 255 255 255 211 230 51 255 255 255 85 255 255 255 130 255 111 255
    117 57 140 255 134 255 255 221 255 123 255 144 86 143 127 255 255
    255 172 255 255 255 255 255 255 255 255 255 87 255 255 15 151 255 47
    213 255 241 255 255 79 240 252 255 255 114 172 255 255 53 82 255 175
    255 98 189 255 255 255 255 255 40 255 255 255 197 255 255 205 78 255
    255 255 255 255 255 255 255 255 19 217 63 255 255 255 255 128 255
    255 255 255 255 213 243 102 255 67 226 255 55 255 255 255 234 255
    170 255 255 207 185 98 255 147 255 255 255 255 255 255 171 121 140
    255 37 221 255 255 89 186 45 255 255 255 192 255 51 181 255 255 168
    31 255 125 255 255 255 52 255 47 255 255 58 123 255 75 52 255 255 23
    22 36 197 255 217 157 255 255 251 255 255 255 35 147 255 255 255 255
    55 255 75 255 255 255 8 53 255 198 255 199 108 192 255 92 28 79 255
    255 255 255 55 255 112 175 136 164 238 180 204 255 196 209 170 255
    255 30 255 147 179 84 188 255 56 255 255 255 23 255 255 255 255 255
    255 196 242 255 255 255 255 249 150 227 238 105 255 206 255 255 255
    255 204 158 255 114 255 255 255 255 255 255 72 173 94 255 255 255
    255 255 255 255 25 255 123 255 206 255 33 255 8 255 115 113 196 121
    204 157 255 255 255 237 51 12 25 145 255 251 255 81 255 251 255 82
    255 255 255 243 255 221 153 255 255 6 222 255 251 255 159 255 255 78
    255 119 206 255 255 255 255 255 239 255 255 255 255 255 255 255 36
    255 255 255 255 11 255 141 204 130 255 255 33 239 34 236 255 79 255
    180 255 84 0 43 38 255 255 146 102 4 100 168 40 255 53 255 50 27 43
    4 255 77 255 160 126 65 255 255 10 255 255 50 255 4 255 255 255 92
    114 121 255 255 255 255 69 255 84 255 217 255 255 255 61 121 34 38
    255 255 253 255 255 255 112 255 255 255 255 190 211 192 255 41 60 96
    217 255 21 255 255 159 255 255 245 255 11 105 255 255 255 221 119
    255 207 255 123 104 11 67 255 255 40 255 57 205 57 60 253 255 136
    255 255 255 213 255 255 255 255 255 255 198 255 255 204 255 255 255
    255 142 255 255 255 255 111 255 255 253 255 251 255 255 41 32 255
    255 255 255 110 45 194 155 255 255 31 113 36 255 255 255 255 89 6
    251 251 31 255 170 255 255 55 255 255 255 199 131 213 247 255 62 15
    255 255 255 255 255 184 198 191 0 255 255 255 255 102 255 14 255 243
    255 140 77 255 32 65 20 255 151 255 28 255 255 136 36 225 215 190
    255 194 111 72 255 230 139 92 155 145 255 255 255 255 255 255 255
    255 225 232 251 255 230 255 196 255 255 255 255 255 255 255 136 255
    143 211 239 255 25 18 215 224 255 66 255 121 255 255 255 194 13 243
    215 255 25 255 255 200 117 255 255 255 255 119 255 199 255 255 255
    55 104 142 255 45 255 233 255 8 98 255 255 255 255 86 166 194 190
    255 255 159 182 255 146 159 104 190 207 255 219 255 255 197 255 130
    56 255 64 151 255 253 123 192 166 213 186 136 255 108 255 255 255 8
    180 255 96 255 110 255 196 106 55 255 255 172 6 255 40 46 41 255 86
    147 255 255 180 215 255 139 255 255 125 115 159 225 60 67 180 255
    255 255 255 56 53 255 226 255 255 228 192 255 255 110 255 42 160 30
    255 255 172 155 0 255 46 255 96 12 213 255 54 255 255 255 255 255 46
    255 100 255 255 96 205 139 15 205 255 255 159 255 255 255 255 255
    130 255 255 138 255 255 234 255 255 171 255 57 104 255 219 81 211
    255 255 245 255 255 255 219 255 255 255 105 255 255 255 249 202 188
    221 96 255 255 255 105 255 9 255 255 77 178 255 255 77 43 247 255
    241 255 255 114 113 36 162 255 128 255 255 88 237 255 255 108 255
    190 174 53 113 2 255 242 255 230 161 255 134 255 159 26 255 255 255
    255 25 255 255 162 255 150 14 255 127 72 255 255 209 226 255 255 94
    165 255 53 255 37 126 171 255 255 255 255 121 255 168 255 136 255
    255 255 255 255 255 255 255 157 255 255 255 39 155 86 143 255 88 255
    255 134 255 255 255 117 255 255 255 253 255 121 36 255 255 255 255
    196 162 113 129 255 75 255 255 255 255 255 69 100 255 255 84 64 173
    255 255 38 255 238 134 255 21 21 55 255 94 12 255 50 255 255 121 255
    45 96 4 255 255 255 0 190 255 255 150 255 253 255 217 219 255 98 28
    138 255 255 190 255 234 117 35 255 255 255 255 255 20 255 255 65 255
    255 104 42 255 196 236 123 76 126 79 35 255 71 255 104 165 27 255 58
    255 17 194 35 72 151 162 255 255 110 25 255 182 255 255 255 255 255
    255 213 255 106 208 107 255 255 205 255 255 255 94 228 59 59 255 255
    55 255 213 255 255 79 37 4 255 2 168 255 255 240 255 255 255 255 255
    74 255 255 117 255 225 255 255 255 147 140 255 26 234 94 255 117 223
    255 255 255 192 255 255 42 255 98 255 203 74 4 119 255 55 255 151
    170 4 63 255 163 255 255 255 255 240 255 255 255 151 102 219 255 255
    0 71 215 223 255 0 255 69 61 13 255 255 255 194 133 30 59 92 238 255
    255 55 255 255 198 253 255 236 255 207 255 4 74 255 255 23 170 247
    255 240 6 255 255 255 255 255 184 255 128 77 225 255 255 78 255 230
    2 255 255 255 255 186 10 255 255 241 36 173 255 126 35 251 149 4 255
    255 255 22 13 61 121 141 173 255 255 255 255 85 255 90 113 33 63 255
    232 255 9 255 119 236 205 92 255 255 106 68 255 255 255 238 255 255
    123 159 255 142 255 168 196 186 255 142 231 255 207 106 255 255 255
    209 217 170 206 203 117 149 84 255 64 255 170 255 194 255 121 255
    255 255 255 237 232 255 255 132 82 186 255 255 255 255 255 84 255 36
    245 255 255 221 115 167 255 36 117 135 215 21 255 255 240 255 138
    255 255 94 255 255 255 255 65 28 255 255 255 240 209 28 215 255 234
    207 255 255 184 141 255 127 255 255 255 255 255 232 249 192 255 255
    53 238 255 255 90 255 255 94 67 255 255 114 255 255 198 47 105 255
    70 121 29 255 255 76 175 255 255 55 255 94 55 255 100 255 196 172
    217 199 82 255 100 255 34 255 255 255 255 88 234 161 255 126 255 243
    211 255 255 215 150 251 158 247 255 125 128 151 255 255 104 134 2 96
    113 255 255 255 255 69 255 255 255 151 173 255 255 255 149 175 255
    255 17 255 190 26 255 255 157 81 245 255 255 252 255 255 255 87 4
    255 36 69 10 232 255 255 255 255 255 255 255 255 125 255 55 145 90
    57 255 21 59 58 173 10 153 217 127 255 255 190 241 255 76 208 255
    186 136 27 255 215 255 65 255 150 207 255 255 255 255 255 202 230
    161 86 255 255 164 117 59 90 45 255 255 226 255 74 126 234 127 119
    153 255 0 255 74 255 77 160 255 73 255 170 255 151 100 220 255 158
    255 143 98 255 27 255 255 180 255 88 102 83 255 53 115 196 115 255
    255 255 255 88 255 55 86 255 255 13 255 255 234 255 2 255 255 94 255
    255 170 255 239 141 111 245 255 255 39 21 255 115 55 201 70 255 184
    255 255 255 255 58 138 117 34 255 255 255 155 255 255 255 255 255
    255 219 255 100 45 255 255 255 255 100 96 206 38 255 255 215 145 255
    42 255 77 224 255 241 255 121 255 150 39 202 167 255 255 96 255 255
    52 96 40 13 255 255 255 255 255 224 16 247 192 114 255 36 255 255
    255 84 255 44 223 49 188 255 217 255 155 255 255 131 255 148 69 194
    255 23 255 255 255 255 180 255 255 205 65 75 194 123 255 98 20 255
    67 88 255 255 102 255 226 255 255 224 133 255 255 33 87 247 4 81 10
    255 255 140 255 255 255 243 91 255 178 255 255 170 255 12 255 255
    148 255 255 255 108 255 165 255 245 255 31 43 255 255 255 84 255 255
    219 255 255 201 192 255 255 255 255 255 243 255 119 255 62 134 255
    125 111 20 247 255 202 168 255 255 255 98 255 255 100 255 255 140 53
    208 8 135 255 196 255 255 115 255 68 255 255 255 96 255 255 255 178
    121 255 255 255 255 114 125 255 255 40 222 255 136 15 255 255 255
    255 255 255 164 255 255 94 32 255 51 255 255 255 255 92 255 202 226
    76 51 136 255 255 255 255 255 12 192 77 255 88 40 102 255 255 255
    255 255 161 151 206 42 151 255 142 172 240 255 243 232 98 255 255
    255 255 255 255 159 255 255 147 255 104 190 255 119 233 255 255 255
    21 178 188 255 134 61 189 255 255 206 255 255 87 228 18 255 230 255
    255 255 51 255 19 145 255 255 255 255 197 255 255 35 255 187 171 255
    234 82 252 255 121 223 255 205 255 255 33 180 109 50 49 0 201 255
    255 255 255 151 255 255 255 146 254 255 109 255 255 255 143 23 163
    255 255 6 235 255 115 255 113 255 255 255 194 84 160 25 0 140 255
    255 75 255 188 83 138 255 226 230 168 255 226 143 255 113 255 255
    255 45 87 130 78 255 255 255 204 255 255 132 255 255 255 205 255 255
    255 255 111 21 255 255 40 63 174 255 90 2 255 10 74 171 29 40 255 10
    58 245 255 113 255 255 141 27 255 149 255 255 255 255 80 155 255 139
    255 88 255 155 255 252 17 52 131 255 255 245 23 48 255 255 255 255 9
    255 172 2 205 255 255 255 255 240 255 227 223 21 133 158 255 174 174
    88 249 255 255 252 255 255 110 140 125 255 162 255 255 75 255 255 17
    236 86 136 75 255 181 255 255 132 255 255 255 255 70 255 236 31 209
    224 207 13 255 255 255 255 12 79 255 80 247 255 125 183 148 255 255
    255 255 253 192 215 189 255 255 55 255 209 255 27 255 123 81 45 13
    79 239 100 56 255 255 144 255 255 169 255 255 245 255 134 255 255 19
    176 255 198 255 180 255 255 255 74 125 255 170 142 255 155 255 153
    255 121 141 23 171 33 255 50 255 60 153 255 255 6 251 255 58 4 255
    255 176 255 255 255 223 102 255 255 255 255 187 75 255 236 194 255
    255 224 29 255 94 251 255 48 45 47 27 229 255 255 51 255 255 255 255
    61 255 255 215 255 202 46 61 253 48 255 217 255 86 228 255 255 255
    255 255 121 255 157 98 61 255 172 255 255 255 232 22 255 238 233 255
    192 255 255 180 255 255 255 255 255 255 172 238 59 255 6 75 255 255
    255 233 213 19 104 219 255 255 109 255 125 255 255 92 91 255 84 255
    255 213 255 205 255 255 219 255 30 201 255 255 255 255 255 255 190
    255 67 194 104 255 255 49 105 204 255 94 255 255 180 25 25 255 182
    209 255 255 255 255 255 255 63 8 255 255 155 89 255 241 255 255 25 2
    71 255 28 255 229 196 245 255 134 243 255 255 130 255 175 38 145 49
    211 127 108 255 213 177 50 168 157 199 255 53 255 18 255 29 255 255
    190 237 241 169 245 255 255 255 160 13 209 21 249 143 185 255 255
    255 161 255 40 171 223 255 88 174 21 194 70 255 255 255 255 4 255
    255 35 255 255 255 255 26 255 255 255 255 255 255 238 255 141 249
    192 85 255 88 255 121 254 255 228 170 202 255 255 255 255 255 226
    255 255 111 224 127 181 255 255 255 255 117 255 151 255 255 157 255
    243 194 255 255 224 255 94 255 255 255 255 255 111 157 168 87 13 255
    255 84 53 255 255 96 123 201 255 121 79 25 255 255 2 138 255 255 255
    190 131 60 10 255 106 169 255 255 255 255 234 96 55 179 163 255 255
    255 255 157 255 255 255 255 137 255 61 104 160 127 255 51 69 239 70
    255 90 189 255 255 255 255 255 255 230 255 255 255 164 255 159 115
    49 255 255 255 113 255 255 255 110 119 255 27 136 29 166 230 255 255
    149 117 255 255 190 255 255 255 255 255 136 33 255 148 255 255 255
    255 177 167 255 83 255 255 109 155 72 6 255 162 255 255 119 255 12
    255 143 167 149 26 255 110 25 58 251 255 255 255 28 140 255 249 255
    247 255 159 255 255 109 178 170 255 255 255 243 255 255 29 106 51
    255 255 255 255 70 255 67 213 255 255 155 108 117 255 255 245 188
    255 17 88 249 186 243 255 255 198 255 255 33 162 159 235 192 33 255
    79 207 255 255 255 255 17 255 84 47 44 255 255 255 255 158 255 22
    255 220 63 211 115 106 87 2 255 251 134 255 255 255 23 255 255 143
    255 255 255 164 255 125 153 130 255 255 161 72 255 215 102 32 255 98
    255 113 237 21 136 255 255 255 255 255 249 221 255 132 198 255 94
    209 181 255 20 255 255 255 126 255 255 200 113 255 204 92 47 255 12
    255 255 255 255 255 151 143 255 255 47 255 255 149 255 88 6 255 13
    160 215 169 255 102 82 239 255 255 255 255 255 255 255 205 131 223
    38 255 255 255 202 255 184 255 255 142 252 185 255 255 119 27 2 255
    98 176 255 8 255 91 255 255 198 213 2 185 163 255 194 148 255 8 29
    192 115 186 63 255 192 108 255 255 255 211 255 121 143 38 255 255 63
    211 213 12 255 255 255 255 255 136 106 81 127 255 255 255 157 255
    184 215 153 255 255 53 169 255 255 161 255 175 255 74 179 96 255 126
    15 192 255 192 100 255 255 202 255 6 255 255 138 255 202 228 255 17
    148 255 255 255 255 15 29 255 58 255 255 255 255 209 255 69 69 89
    249 255 245 255 255 166 215 114 215 236 108 255 249 106 255 255 255
    96 107 255 255 255 255 215 77 43 255 255 255 26 169 255 255 134 255
    255 255 145 255 255 255 255 88 255 187 113 143 255 220 255 60 184
    204 255 255 223 255 255 255 213 58 255 255 255 70 255 255 76 255 209
    245 11 255 67 238 255 255 253 255 255 162 153 207 91 171 255 126 255
    98 134 207 255 255 255 41 111 77 255 255 31 255 255 186 135 255 197
    166 255 255 255 255 10 27 60 182 225 255 35 53 255 245 255 241 13
    255 255 255 255 30 255 207 255 255 217 255 121 121 255 255 255 208
    173 172 175 176 255 136 255 27 255 255 255 153 4 157 255 132 255 255
    180 255 70 255 255 255 0 255 130 255 31 185 82 255 166 255 63 255
    255 255 255 207 255 243 171 255 255 40 255 77 105 2 243 255 145 255
    255 237 213 255 41 149 128 255 119 255 255 255 176 255 104 230 255
    255 255 125 183 90 255 121 44 194 100 90 239 17 255 200 77 255 255
    128 29 61 223 255 227 202 255 255 49 134 255 192 255 204 255 255 157
    253 238 219 255 255 184 255 56 239 177 255 72 232 255 255 255 232 6
    141 255 43 208 255 239 255 255 255 255 255 108 160 255 255 204 59 33
    223 27 255 255 136 255 87 255 255 179 255 255 255 36 90 251 94 159
    189 213 25 255 255 49 255 65 82 4 203 255 223 251 100 255 255 255
    255 219 255 28 226 255 141 111 255 232 0 25 255 255 18 17 255 190
    255 255 76 151 148 229 255 148 255 255 255 249 194 255 149 255 46 94
    255 255 59 57 255 255 255 207 76 255 48 104 255 65 255 223 255 135
    255 255 162 255 173 255 192 255 255 60 255 255 19 94 255 198 240 35
    255 255 255 119 255 255 198 251 255 255 255 255 255 63 255 255 190
    204 255 255 47 255 40 235 255 86 255 168 107 255 255 255 92 255 84
    255 255 255 255 38 255 255 83 128 98 255 255 255 49 0 255 79 255 112
    240 245 255 255 71 115 58 157 114 255 255 98 9 255 255 247 253 88 47
    255 98 255 255 47 255 178 166 32 255 209 255 240 255 255 255 255 164
    255 76 13 54 86 255 255 33 34 255 0 26 255 69 36 173 255 255 107 255
    255 255 255 11 217 86 255 255 102 255 255 61 19 255 86 125 255 255
    77 138 255 153 119 255 255 255 255 240 29 255 255 213 255 255 102
    255 255 50 247 255 247 186 255 82 255 130 236 184 143 167 72 100 117
    255 255 255 255 30 255 209 255 215 65 255 255 235 81 10 106 226 182
    143 255 255 255 255 255 255 238 173 255 255 169 255 255 82 255 255
    33 255 17 140 255 60 125 162 255 194 176 255 251 239 255 203 255 228
    255 160 255 12 35 255 63 255 255 224 255 255 255 252 255 255 98 255
    12 255 100 192 90 179 8 243 255 138 237 255 255 255 255 255 194 255
    113 255 60 255 78 213 167 239 96 255 255 255 226 135 255 232 255 230
    255 255 255 255 255 151 255 59 228 255 255 255 255 172 21 56 213 255
    140 255 34 255 31 255 121 78 221 255 125 255 81 255 255 136 255 140
    127 25 9 255 182 30 73 20 53 171 255 255 117 255 106 255 255 255 255
    143 224 255 213 255 255 255 208 255 39 113 255 94 255 165 255 255 19
    41 57 155 117 9 33 255 247 255 57 249 255 255 236 59 255 255 255 255
    255 94 112 42 42 49 255 174 255 191 197 255 253 243 255 255 255 174
    255 54 74 53 255 159 255 255 235 164 186 255 151 0 92 185 102 170
    255 188 255 255 251 255 42 255 255 164 255 255 47 245 255 102 255
    223 149 255 235 255 255 133 74 102 196 255 107 255 255 255 255 158
    255 37 174 255 104 255 27 255 177 255 190 198 130 255 255 21 255 155
    23 255 157 255 255 170 17 252 72 188 172 36 255 255 255 190 206 74
    255 102 9 151 178 160 67 39 194 65 206 255 96 196 138 48 227 255 127
    174 213 69 14 23 255 12 255 2 255 255 84 43 57 255 162 255 33 88 77
    255 221 128 236 255 255 71 65 177 255 255 255 253 227 183 251 255
    232 148 255 255 255 123 134 255 255 255 184 255 255 234 255 255 142
    254 140 186 255 255 67 255 255 255 255 125 52 112 126 219 255 247
    115 255 141 50 255 255 255 72 19 255 255 255 255 110 0 255 78 160
    180 217 255 255 255 187 255 114 255 201 98 255 255 20 187 255 255
    255 167 135 115 255 69 47 2 202 255 165 49 232 17 255 255 35 80 255
    81 145 245 255 255 9 255 243 255 79 255 62 150 25 200 255 145 140
    159 0 168 58 194 255 33 186 255 255 255 255 33 255 42 255 255 255 77
    43 255 255 255 34 21 106 255 255 255 255 255 255 249 255 255 170 111
    255 26 255 255 255 255 225 162 255 255 149 255 23 83 194 190 145 134
    255 109 127 255 179 255 255 77 38 255 130 104 255 70 255 255 255 255
    123 183 255 255 255 255 255 208 58 76 64 136 86 255 150 47 255 255
    114 255 255 4 255 240 255 255 144 196 109 130 108 245 142 231 36 255
    255 8 255 255 255 255 41 8 153 255 126 182 198 191 251 172 255 54
    255 206 255 255 217 255 131 255 255 255 0 255 200 211 255 114 255
    255 255 57 35 14 255 255 137 74 255 69 221 255 255 221 255 194 104
    255 209 200 109 255 247 50 255 117 207 255 17 255 255 255 35 255 255
    215 229 255 8 170 243 255 255 255 50 255 255 29 194 19 230 255 255
    255 133 245 255 143 183 255 255 132 153 129 255 242 255 255 146 255
    66 186 255 113 255 255 23 255 255 255 255 243 255 92 223 21 128 255
    255 155 235 53 176 114 47 255 186 224 255 255 26 171 61 255 104 76
    255 209 55 92 255 39 32 255 57 255 255 206 102 173 255 30 226 255
    255 176 255 91 4 143 140 255 255 198 52 176 158 255 255 228 121 18
    234 255 255 255 255 255 204 125 229 255 255 255 255 255 255 36 59 74
    58 196 255 143 255 255 181 255 41 255 107 160 125 73 49 255 197 241
    255 255 164 255 128 69 15 25 255 34 255 255 255 176 255 255 255 255
    2 255 255 32 255 155 175 169 255 121 33 55 196 255 125 149 255 255
    77 255 255 255 117 114 255 73 255 138 144 255 13 8 211 255 255 255
    234 255 255 166 52 255 255 255 255 255 36 255 251 255 255 157 119
    255 221 253 180 255 146 200 25 8 255 157 247 255 89 255 255 6 50 137
    255 255 255 38 255 55 19 15 255 151 109 22 255 255 255 255 255 255
    255 2 114 196 171 255 255 255 255 255 56 255 255 255 255 234 167 255
    23 255 255 217 255 255 92 0 12 36 69 255 42 104 215 255 255 137 255
    192 223 141 255 67 87 2 202 255 165 255 255 167 255 62 71 255 187 6
    160 79 61 255 255 21 45 62 255 255 255 159 110 202 130 43 255 255 33
    136 107 74 217 255 110 19 255 255 255 255 237 79 255 255 57 6 255
    168 71 4 255 251 255 255 255 255 249 61 255 255 255 255 204 153 196
    255 0 255 255 255 196 255 255 27 255 128 160 42 255 162 89 255 67
    245 148 233 94 205 57 155 123 74 255 255 176 36 75 245 255 23 69 255
    31 164 255 165 255 255 96 255 255 199 45 255 27 255 106 255 74 4 157
    233 106 255 255 217 255 255 255 255 255 255 255 255 249 255 255 255
    255 159 70 84 219 255 176 255 255 255 23 174 148 255 255 31 255 194
    13 255 172 255 70 185 0 255 255 255 255 255 255 204 85 50 231 130
    255 211 234 255 112 175 121 255 136 44 255 187 38 45 109 102 255 255
    255 255 255 255 255 255 184 255 25 255 63 255 184 78 255 255 255 255
    217 249 91 104 223 147 13 255 255 255 112 4 255 100 255 0 67 245 127
    255 0 255 61 245 255 255 111 176 49 206 42 114 255 255 255 172 230
    255 40 52 255 255 67 59 255 255 255 255 230 255 115 255 255 255 255
    206 255 142 102 119 255 139 141 15 255 255 134 255 136 255 255 255
    255 237 157 188 255 255 230 255 60 121 255 255 255 255 236 186 133
    255 234 123 255 119 255 255 255 254 40 255 127 255 69 37 255 255 255
    224 205 255 64 255 149 181 82 37 128 217 255 255 17 245 19 255 80 77
    255 127 26 255 59 47 255 255 255 240 255 255 167 206 191 73 170 255
    255 255 125 255 255 255 4 255 132 255 255 198 144 255 164 2 255 228
    255 255 255 130 255 138 255 255 255 255 92 115 255 227 255 255 98
    255 243 255 255 79 255 255 255 29 255 98 255 255 0 204 255 113 255
    255 249 192 255 255 255 240 2 255 255 130 237 255 255 255 255 19 172
    255 113 70 255 123 4 200 184 255 17 190 2 255 17 255 100 255 16 255
    176 255 79 29 108 202 52 57 255 194 255 223 105 223 255 255 239 162
    255 255 42 255 162 98 188 157 98 255 4 255 255 159 255 255 255 19
    255 92 255 255 255 234 8 119 255 88 255 194 157 61 255 155 168 255
    61 255 255 255 255 36 255 255 34 52 200 255 255 145 75 255 190 236
    165 255 255 255 35 255 255 94 55 255 162 255 255 252 255 255 29 251
    157 125 255 228 255 177 255 192 255 94 255 255 157 202 255 255 92
    255 255 255 255 255 129 255 255 82 58 86 255 151 255 255 255 165 255
    194 21 255 255 255 172 23 128 255 196 167 255 21 255 255 117 236 255
    43 226 255 215 255 241 255 255 255 255 255 59 168 255 231 196 255
    255 255 255 255 251 255 139 255 121 82 255 255 12 77 226 114 172 104
    255 255 255 127 145 255 255 108 255 254 255 134 112 40 255 12 255
    211 127 255 190 207 255 255 219 255 29 65 255 255 255 255 255 53 38
    255 100 255 46 255 28 151 139 255 255 255 255 125 255 255 251 255
    143 201 255 255 255 255 138 127 98 83 4 255 85 35 255 255 0 255 255
    255 204 0 88 255 255 255 255 79 255 255 42 255 241 255 255 135 255
    255 255 228 253 29 6 255 47 255 255 255 143 140 255 255 220 255 255
    71 153 49 184 184 255 255 255 13 21 255 255 255 102 58 255 255 26
    251 194 255 236 114 42 255 225 28 155 110 255 31 190 255 115 247 2
    255 10 175 255 182 255 255 255 185 52 0 255 140 198 255 255 182 166
    0 255 255 255 231 217 190 53 255 65 90 6 132 92 28 255 255 4 255 255
    151 255 67 255 255 255 255 197 221 255 255 164 138 255 149 174 255
    255 255 161 255 204 255 255 185 52 100 79 255 255 255 255 172 108
    255 104 160 255 170 55 255 255 255 86 239 255 125 176 40 73 255 108
    255 255 255 255 170 255 142 137 255 255 49 34 255 119 255 6 112 240
    186 168 255 255 255 255 188 255 255 255 176 255 255 206 174 61 29
    255 255 123 228 182 255 255 255 129 132 255 182 255 255 200 77 234
    255 198 178 254 255 15 255 255 86 255 255 255 251 255 219 65 236 255
    108 143 121 255 11 255 160 255 104 23 58 255 255 100 255 255 255 255
    255 255 217 255 115 130 255 45 155 143 164 255 219 255 255 53 255 29
    172 224 161 255 255 255 123 255 111 131 255 253 255 255 255 166 221
    121 33 255 255 143 255 84 55 255 84 223 217 119 37 158 255 255 255
    255 180 149 255 37 125 12 88 106 98 115 255 77 255 255 155 114 255
    205 255 211 113 102 198 153 255 28 88 131 255 151 96 255 255 145 170
    29 255 255 104 14 215 82 133 255 38 255 247 186 254 94 255 16 255
    255 255 255 255 159 125 10 86 145 138 255 68 255 255 255 73 37 55 29
    127 109 54 16 45 157 141 255 222 255 164 196 255 19 255 255 255 19
    255 104 255 121 255 255 255 255 207 252 134 63 162 255 209 8 45 44
    121 255 255 202 255 255 255 253 255 255 255 255 25 255 2 160 255 255
    198 96 228 149 147 102 20 153 255 255 172 40 22 70 255 255 255 255
    49 130 104 255 17 255 255 9 209 255 232 255 157 223 255 255 255 48
    239 68 167 100 204 186 155 255 255 255 66 75 92 115 255 255 2 255
    145 255 27 255 240 15 255 255 255 209 219 63 255 255 196 114 255 255
    84 200 255 255 134 255 255 255 255 255 255 44 65 255 174 255 255 128
    255 255 255 255 51 255 255 243 255 255 130 255 255 13 255 255 19 88
    43 241 174 255 255 182 84 125 19 255 230 255 213 9 33 67 158 255 255
    228 255 45 255 255 180 255 23 4 77 255 49 255 255 115 191 215 157
    255 48 255 213 255 255 255 65 255 136 46 43 187 255 92 255 255 255
    158 255 143 255 61 255 102 113 200 255 201 255 236 255 255 255 255
    255 164 255 2 255 77 255 64 102 22 255 255 247 255 255 255 28 255
    215 64 255 63 255 188 65 255 142 229 255 165 8 13 255 70 25 255 255
    51 4 70 255 157 255 255 117 255 255 19 255 153 159 255 198 255 255
    255 215 255 255 169 215 145 255 137 255 255 255 8 222 139 241 255
    255 255 255 168 115 232 18 255 255 162 140 42 69 192 255 255 153 23
    255 177 255 255 255 255 249 255 255 127 43 255 215 70 54 98 255 217
    20 255 121 255 255 46 255 255 61 6 102 92 159 25 17 194 66 52 94 143
    255 255 9 255 255 181 255 151 213 255 88 198 121 196 255 255 55 255
    255 200 219 255 255 255 98 255 100 255 255 121 36 69 132 38 255 198
    255 98 175 40 255 149 255 139 191 6 102 255 255 255 255 255 192 255
    205 255 255 161 255 175 186 84 230 255 255 255 96 255 255 81 255 255
    182 82 255 255 255 6 71 255 51 255 59 255 255 131 58 255 255 2 255
    70 255 174 255 255 59 31 255 255 255 255 42 209 255 165 255 255 255
    255 255 255 149 87 167 255 253 255 206 255 197 255 200 255 255 134
    75 252 0 52 255 89 161 43 136 59 61 209 255 74 255 255 131 255 255
    237 32 255 157 202 255 37 255 255 255 51 31 22 4 255 55 240 73 255
    40 255 204 251 255 80 202 243 255 255 255 255 255 255 172 255 56 255
    255 86 143 21 255 255 224 92 255 255 255 206 255 247 221 255 113 255
    255 224 200 209 121 69 255 255 255 255 255 255 226 104 151 255 255
    255 255 255 255 255 38 255 255 255 37 224 167 255 255 88 166 217 255
    178 206 255 92 255 255 104 183 10 255 255 15 65 255 196 102 255 255
    196 255 255 255 98 84 123 79 184 255 255 255 231 255 255 255 234 100
    255 255 81 102 208 96 255 255 197 255 38 255 33 221 255 125 240 107
    254 211 94 255 58 255 108 198 136 63 230 119 255 255 255 255 211 255
    110 132 255 225 255 255 133 74 255 255 38 255 255 94 199 255 11 234
    192 255 255 255 255 255 207 70 255 255 255 33 78 72 255 255 26 217
    170 255 242 176 255 178 78 200 255 10 255 255 139 255 21 235 157 255
    254 255 255 255 255 255 255 255 226 255 211 255 255 166 13 18 255
    255 255 255 107 255 255 59 102 255 42 92 179 255 255 255 205 255 83
    255 92 255 104 255 117 255 255 189 86 2 91 230 255 74 255 255 9 255
    31 255 146 74 128 255 247 160 255 251 85 255 255 255 255 65 255 255
    255 30 255 20 15 255 255 21 255 255 255 255 255 255 255 255 255 249
    255 255 255 255 255 255 41 215 255 237 100 54 255 255 29 149 255 196
    255 34 251 92 255 255 221 255 255 131 85 31 217 255 96 255 241 255
    76 164 159 255 194 255 255 149 163 255 6 255 104 23 21 255 91 242
    255 66 109 255 255 48 249 255 255 239 119 255 255 255 255 255 255
    255 37 253 127 255 255 36 254 70 242 127 32 134 255 255 186 255 255
    255 255 255 255 255 132 132 255 64 255 172 255 25 255 255 159 255
    255 255 164 19 220 255 255 255 135 213 255 255 145 123 254 8 38 251
    255 255 255 15 255 255 255 19 255 255 186 102 134 255 180 40 255 255
    147 215 255 92 255 108 255 33 255 255 157 255 255 255 255 108 159
    213 102 213 255 4 255 255 255 13 255 94 56 151 106 184 255 206 205
    255 255 19 22 51 48 72 255 140 252 245 65 255 255 113 255 255 127
    255 255 255 166 58 182 255 149 255 255 230 148 184 58 255 104 255
    255 255 11 171 255 55 88 61 255 109 255 255 105 74 255 180 255 219
    184 255 119 203 151 255 255 22 255 255 176 62 48 255 255 134 255 232
    19 255 125 50 53 255 86 61 79 56 255 147 180 255 177 201 53 249 40
    16 194 180 255 255 207 182 100 224 255 134 48 255 236 19 8 255 67
    255 49 81 153 255 255 243 215 67 186 164 255 160 211 255 10 79 240
    41 255 236 157 115 236 102 38 255 114 255 255 227 255 255 55 141 59
    157 8 247 10 255 255 255 255 255 255 255 255 255 145 132 255 255 243
    255 62 209 255 115 255 55 255 59 180 255 199 255 219 249 221 55 157
    255 255 144 255 255 255 160 255 21 255 74 255 255 172 12 72 119 2
    255 181 117 255 255 52 188 45 255 255 232 251 255 255 240 88 136 255
    168 255 255 255 255 255 255 255 255 209 168 109 8 255 255 255 255
    163 69 255 199 170 234 255 18 255 249 233 255 255 255 255 255 147
    255 255 255 251 255 255 115 245 200 255 255 255 255 42 255 125 255
    255 160 255 27 145 255 168 91 255 255 255 4 255 255 242 255 255 27
    255 255 255 255 2 255 125 249 134 153 4 58 255 255 255 255 92 113 49
    53 255 255 255 249 149 172 255 255 28 255 255 255 255 135 255 255
    255 255 10 151 57 255 174 174 255 6 255 59 255 215 190 237 255 61
    114 153 255 255 255 67 63 255 255 255 42 10 255 255 255 192 89 255
    255 255 59 72 36 161 76 224 115 255 255 48 255 49 255 22 240 151 23
    49 255 255 13 205 149 255 56 143 255 255 255 81 161 155 28 255 172
    202 255 141 74 0 6 255 174 255 83 255 88 255 255 255 255 8 255 255
    255 188 255 21 12 255 88 255 255 194 100 181 163 94 223 255 255 177
    251 190 255 255 106 255 255 233 108 153 255 119 92 255 11 92 255 192
    255 255 196 6 255 255 255 149 255 127 231 255 255 255 255 31 123 255
    255 94 168 81 255 211 255 202 249 255 74 43 255 115 255 255 255 255
    153 98 255 255 255 219 146 72 255 255 162 119 255 57 255 77 255 255
    255 78 255 125 168 166 15 65 96 255 170 255 196 255 70 255 121 255
    255 255 170 255 139 255 255 69 79 255 96 255 255 137 255 255 0 255
    255 255 255 255 249 249 161 231 226 255 255 251 255 255 255 132 255
    179 220 90 255 255 149 241 255 10 255 29 255 245 255 255 255 71 176
    255 255 186 255 90 255 255 203 255 217 255 255 255 255 255 255 255
    255 34 255 255 49 211 255 255 255 145 236 255 255 255 163 223 255
    255 255 189 255 255 255 255 255 228 73 37 255 255 151 255 2 18 255
    111 255 58 255 255 55 255 255 255 98 255 138 255 198 255 255 255 89
    255 239 87 82 166 255 255 190 102 255 255 255 255 255 255 255 255
    255 25 6 255 127 108 79 255 255 255 134 255 255 255 110 255 255 255
    177 255 255 255 40 255 223 255 255 128 117 255 223 255 135 228 255
    41 26 73 255 255 182 255 100 255 255 255 255 255 255 255 255 255 255
    102 255 82 255 255 255 255 255 255 255 66 13 255 77 123 104 100 232
    35 79 255 255 132 79 172 75 255 255 43 96 180 255 146 255 38 255 255
    255 173 255 132 255 139 255 128 8 79 255 255 209 40 255 255 255 255
    255 255 255 98 69 255 158 104 255 243 255 255 255 255 255 255 50 255
    96 255 255 255 255 255 198 255 41 255 255 255 87 219 110 2 255 178
    191 151 255 204 148 255 66 142 255 255 59 82 255 255 145 240 217 255
    164 255 255 72 255 255 255 255 129 179 255 29 141 228 255 32 33 255
    255 163 155 255 255 162 255 255 219 49 255 100 255 255 255 55 255 69
    85 255 12 115 21 255 255 151 223 157 255 207 255 65 115 255 255 255
    213 255 200 255 255 255 51 255 255 255 71 55 255 255 61 255 196 245
    106 255 8 191 255 215 255 255 255 92 255 108 255 23 255 255 255 4
    253 255 255 255 219 255 51 255 255 87 226 255 57 46 255 255 203 86
    238 113 255 89 255 245 185 40 255 255 255 255 228 255 170 255 115 23
    255 255 255 255 65 33 255 8 225 255 163 166 241 102 255 185 255 255
    255 255 255 255 255 255 255 184 37 255 82 59 164 165 125 255 255 16
    255 188 194 209 163 180 134 251 180 162 209 106 189 255 255 136 255
    255 255 236 255 255 255 6 255 255 125 160 79 200 255 123 76 226 255
    255 6 255 255 138 255 16 30 255 82 72 255 255 215 255 196 255 207
    141 255 255 255 255 17 255 255 182 255 177 255 255 255 255 255 255
    255 255 255 167 255 255 255 180 255 132 255 255 255 255 128 255 255
    255 182 255 255 44 182 234 92 45 255 255 255 213 255 82 255 255 166
    94 19 180 40 240 4 98 255 255 255 228 255 123 81 255 255 255 255 72
    255 98 70 220 255 255 219 108 206 255 207 108 255 12 79 17 255 255
    255 255 255 255 255 34 238 255 255 255 196 255 94 255 166 243 255 2
    130 110 255 105 255 255 255 255 215 128 59 255 113 255 0 255 157 94
    127 255 255 228 255 255 88 255 130 251 255 51 178 255 255 255 255
    255 40 67 255 217 255 255 176 249 240 98 255 34 253 255 255 188 223
    255 159 6 249 201 241 255 255 255 160 255 20 117 255 255 255 255 255
    255 40 164 255 255 170 255 19 65 255 255 29 243 42 255 92 161 255
    255 69 153 255 199 141 251 27 255 92 138 141 249 240 255 223 13 255
    170 67 37 51 163 96 245 52 255 19 165 4 6 255 255 40 255 6 72 255 76
    255 255 255 255 188 255 102 255 6 191 73 255 255 255 88 255 255 255
    126 255 135 255 38 255 153 255 255 255 209 147 253 255 255 238 23 57
    255 232 110 89 242 155 15 255 255 111 255 255 32 255 18 185 211 82
    215 255 12 60 4 245 96 255 219 128 255 255 158 31 255 92 255 255 104
    255 255 255 255 255 255 255 255 255 255 151 91 128 207 255 115 219
    255 255 255 141 63 255 125 255 18 255 88 94 255 169 12 255 19 255 68
    238 190 83 186 255 200 255 106 68 186 121 255 255 247 255 255 204
    255 109 82 8 255 119 215 94 8 89 81 255 79 146 255 198 255 207 255
    255 255 174 255 104 255 255 255 255 255 255 255 255 153 255 255 255
    128 29 235 255 255 255 253 148 4 255 207 147 217 167 184 255 255 255
    255 197 117 198 113 149 49 173 255 177 36 2 255 255 63 253 203 155
    255 113 162 255 2 255 255 109 25 126 255 184 255 134 164 162 44 255
    255 255 255 253 226 255 72 104 255 230 255 57 2 255 255 255 255 255
    162 255 255 255 255 255 102 35 53 155 228 255 19 255 255 74 230 255
    255 29 255 34 255 255 255 82 255 132 255 255 155 255 254 147 42 255
    255 125 255 255 255 255 21 58 255 249 255 127 255 255 255 211 255
    255 72 255 255 255 197 102 255 255 255 168 111 255 47 255 139 255
    255 245 177 25 255 255 255 69 255 213 255 255 255 29 11 255 255 43
    255 255 89 255 255 255 255 0 25 255 104 72 222 106 62 151 255 255
    255 255 209 255 49 119 255 25 98 255 182 255 157 33 255 255 255 143
    255 67 185 255 74 13 255 255 9 255 255 213 255 255 255 255 255 172
    255 255 255 255 141 57 98 255 255 255 255 255 255 217 255 255 255
    202 255 200 255 255 112 47 255 202 255 15 96 74 36 227 57 35 255 42
    255 255 255 161 255 77 12 115 2 6 221 255 255 43 28 255 255 70 255
    243 241 255 110 255 23 131 115 197 255 213 123 255 255 255 206 192
    199 237 43 255 164 255 255 255 70 52 255 55 255 51 255 255 255 255
    207 255 255 255 255 217 134 255 28 255 198 87 255 255 170 65 255 255
    104 237 215 255 255 255 249 135 15 88 255 21 157 2 191 173 233 255
    255 198 255 255 255 255 255 255 151 219 255 160 236 255 243 255 245
    255 192 255 202 255 255 130 255 94 255 255 139 255 255 255 245 61 8
    66 255 149 255 255 23 255 17 90 255 224 206 255 255 22 255 255 23
    255 44 82 255 255 166 145 77 22 255 255 255 87 255 55 168 255 255
    249 226 255 102 255 100 81 255 100 255 255 255 8 255 255 158 255 255
    138 255 254 91 255 59 255 255 172 42 255 255 255 255 255 208 228 255
    249 255 92 255 255 255 238 255 49 255 255 255 255 255 217 255 104
    255 255 134 8 234 127 255 255 255 57 49 98 133 89 215 215 255 46 255
    191 255 255 77 255 29 255 255 12 153 42 18 255 182 98 198 92 255 255
    240 255 255 255 153 141 255 143 255 197 8 255 255 25 100 255 223 75
    255 137 255 255 255 208 255 112 170 42 255 221 100 255 255 79 55 13
    104 255 202 220 39 157 255 223 255 255 153 115 146 255 72 209 255
    255 194 255 255 255 67 255 255 49 255 255 255 179 111 202 115 255
    255 170 247 255 223 255 176 255 255 255 21 255 110 177 238 170 98
    255 45 255 255 255 255 174 255 255 255 255 145 134 255 255 255 221
    255 46 255 8 255 255 255 222 8 255 255 255 158 255 255 234 25 255
    255 136 255 255 255 255 138 255 223 255 176 233 255 130 255 255 255
    255 255 255 196 202 0 255 130 182 255 234 255 237 89 63 255 53 255
    90 255 127 255 43 255 255 209 255 255 94 46 255 145 33 127 255 255
    255 255 255 255 106 186 106 255 107 255 255 255 184 255 255 255 255
    21 255 255 255 23 255 255 200 255 230 186 255 121 194 255 255 14 170
    255 4 17 153 100 255 255 41 15 255 255 177 255 255 255 209 235 255
    15 255 255 255 255 100 115 255 255 255 102 255 17 61 255 255 255 255
    136 255 255 255 215 255 178 255 2 255 255 45 127 235 4 255 255 255
    10 217 255 65 115 255 255 255 255 255 96 255 125 255 255 2 67 255
    255 176 255 255 137 255 255 47 136 255 153 58 6 255 255 255 255 255
    232 255 255 27 108 66 153 25 102 255 255 247 46 16 123 255 149 255
    163 255 215 119 255 255 100 135 255 255 168 108 255 255 255 92 255
    155 73 186 255 255 166 100 176 110 206 209 188 4 207 255 255 58 255
    255 255 23 255 255 255 185 75 255 217 255 174 255 127 155 74 81 135
    255 255 10 223 255 6 204 119 255 34 209 153 255 255 255 255 109 139
    130 196 180 255 253 106 100 125 255 255 192 59 255 255 255 255 255
    255 143 65 255 91 255 255 255 61 255 255 255 247 255 255 84 255 178
    102 255 255 182 255 255 255 255 215 255 255 50 255 255 165 235 255
    255 110 58 61 255 255 71 200 255 255 255 209 19 245 49 217 0 255 67
    255 196 255 125 255 255 78 255 255 67 168 255 243 255 207 149 100 27
    255 255 40 213 255 77 255 172 255 255 255 255 88 234 255 237 230 196
    255 62 255 255 185 255 10 255 255 180 175 219 231 62 253 149 255 255
    20 32 255 255 94 102 137 255 159 255 255 255 255 164 255 255 36 255
    90 26 247 108 157 12 255 255 104 55 255 46 72 204 255 172 125 197
    255 255 255 255 255 255 255 126 255 255 255 255 255 255 196 255 130
    173 255 185 215 255 247 102 255 15 190 151 91 186 141 194 219 229
    128 255 186 175 148 255 81 157 37 115 255 133 36 136 59 113 73 219
    255 104 23 141 255 255 255 255 223 255 192 255 168 56 135 255 255
    164 15 196 84 255 255 143 53 8 255 255 205 255 62 255 255 255 255
    255 255 73 225 255 109 125 158 255 255 255 255 255 40 255 233 211
    180 255 17 255 245 255 140 255 255 255 98 255 113 43 255 255 255 255
    255 104 255 63 255 21 255 86 181 255 82 140 228 255 36 79 255 255
    255 12 255 255 249 255 215 35 179 176 25 81 186 176 243 255 108 255
    255 106 23 119 255 226 255 121 255 153 255 255 205 151 204 165 255
    126 255 255 38 90 255 113 255 18 255 255 255 255 255 255 255 165 198
    255 255 104 94 46 255 132 186 170 77 105 255 38 33 255 255 255 255
    255 75 16 255 255 255 157 255 255 255 121 206 255 125 76 209 255 255
    121 255 255 255 255 22 255 255 255 255 255 255 255 29 255 172 255
    229 255 203 98 128 255 255 255 255 255 206 255 255 255 211 110 255
    255 125 125 243 255 181 130 255 255 255 108 221 96 255 255 255 127
    255 194 70 245 255 217 255 255 255 141 219 255 6 190 215 47 255 255
    255 255 255 251 255 59 255 44 131 255 255 31 255 255 255 255 255 2
    255 69 31 255 255 255 81 255 0 196 255 255 68 203 137 145 199 139
    255 255 55 172 105 255 255 186 255 77 255 67 236 46 192 62 184 255
    255 240 255 138 255 202 83 255 255 255 255 255 68 56 255 108 255 255
    255 167 204 83 255 194 255 31 255 255 75 229 255 255 129 255 65 255
    255 48 243 57 75 137 255 220 255 255 4 16 255 123 27 255 230 23 53
    255 255 255 188 18 255 255 0 49 67 49 255 50 255 241 217 196 172 255
    182 247 102 121 38 44 155 72 136 255 125 182 207 174 173 255 255 255
    255 115 255 255 255 255 255 255 255 47 255 255 6 255 242 33 255 23
    186 255 255 255 13 81 255 62 255 255 223 255 217 19 255 125 255 255
    94 255 73 200 60 255 255 168 255 82 15 255 219 255 255 217 255 255
    255 255 4 135 128 77 255 255 255 255 255 255 255 123 255 211 181 121
    67 72 255 255 74 255 76 117 157 221 0 150 121 13 144 255 234 0 255
    255 207 0 121 255 202 160 255 0 255 36 166 102 173 160 158 255 255
    255 255 255 192 19 255 68 0 255 58 42 255 153 255 255 187 255 247 66
    169 135 232 194 255 255 255 41 255 134 255 240 255 123 255 255 10 4
    255 255 255 31 178 255 153 255 255 94 255 255 4 202 217 255 41 23 84
    255 36 255 106 164 21 255 162 255 192 255 255 255 255 148 255 255 46
    255 255 255 255 255 255 194 15 173 198 151 25 255 255 255 255 230
    242 255 255 255 255 166 255 59 255 117 39 255 255 255 2 255 254 255
    255 229 209 196 117 106 255 255 123 255 180 15 255 239 49 253 98 255
    197 92 204 255 255 255 197 255 147 159 255 6 255 139 255 255 2 255
    182 22 255 255 162 255 242 252 255 255 255 109 255 47 125 31 16 49
    10 104 255 81 0 126 255 70 255 182 255 255 255 45 53 188 255 170 188
    119 255 255 255 211 161 255 255 130 255 255 54 255 102 255 255 81
    255 108 77 173 129 51 105 255 255 255 182 255 127 255 72 217 255 255
    255 255 255 255 255 255 40 255 47 255 255 100 255 39 255 255 255 255
    222 0 243 207 255 126 255 241 102 73 255 128 255 255 255 0 143 106
    25 237 9 255 18 200 255 255 255 255 184 47 242 72 255 222 255 70 255
    255 255 255 178 255 102 255 255 255 67 255 107 255 255 81 255 255
    197 55 113 255 255 25 98 53 11 255 100 255 222 76 255 255 255 255
    255 106 247 121 209 38 61 168 255 6 35 255 255 255 255 138 255 255
    255 70 255 255 255 255 255 108 42 63 39 113 255 255 255 255 255 255
    146 255 255 255 255 155 132 213 192 255 255 255 251 102 255 146 255
    200 79 255 255 255 255 255 255 255 241 255 166 98 255 114 98 163 255
    36 255 227 140 255 255 255 142 255 174 255 137 255 90 70 255 180 202
    255 42 255 255 255 255 74 230 55 102 255 255 77 25 255 255 219 88 0
    255 6 13 127 255 94 255 255 255 242 255 251 255 178 62 255 255 55
    102 255 255 255 255 13 217 252 147 255 25 157 222 213 255 255 255
    255 255 255 255 255 176 166 98 112 108 230 255 255 255 255 247 130
    255 102 192 129 255 102 255 255 255 237 255 19 255 255 255 61 255
    255 255 255 240 102 79 35 65 255 2 255 255 138 255 72 255 255 255
    153 204 255 255 243 187 255 255 21 19 255 255 86 18 255 150 186 255
    176 125 255 188 80 255 86 255 170 255 255 183 255 255 255 255 45 123
    146 255 255 104 143 6 255 151 40 255 255 164 243 255 255 255 69 213
    255 74 42 255 10 255 211 196 255 50 227 255 232 255 126 196 255 2
    255 255 119 243 255 38 253 225 138 151 255 255 255 255 183 19 255
    170 134 239 255 196 8 255 255 249 213 190 255 255 255 4 179 255 255
    255 123 61 232 255 49 160 176 255 64 255 255 15 100 252 255 121 47
    77 102 227 145 19 255 255 255 225 255 178 255 45 255 129 140 86 22
    255 71 255 21 10 129 255 4 255 213 180 249 136 59 145 81 255 47 108
    140 255 255 192 255 255 255 254 255 255 110 87 255 166 255 255 168 9
    255 29 143 255 255 255 42 141 255 255 255 183 255 27 255 255 147 255
    186 255 34 255 255 255 255 190 87 255 255 134 255 2 145 123 39 255 4
    254 55 255 255 192 255 255 181 100 255 47 255 255 255 255 206 255
    255 61 145 255 255 23 255 194 183 255 255 255 255 255 164 194 255
    255 255 255 213 90 74 255 142 255 255 134 255 26 190 255 89 255 255
    217 255 255 255 165 255 179 123 162 255 188 70 253 255 255 123 255
    255 198 2 255 255 255 229 255 182 255 206 8 255 221 255 96 125 35
    255 255 255 211 43 247 186 255 123 255 255 255 255 255 255 176 255
    203 252 255 255 255 255 255 255 202 255 31 240 115 25 255 113 182
    117 192 237 75 90 255 83 255 239 108 54 255 209 215 255 255 104 70
    255 255 255 255 63 255 255 251 255 208 148 55 255 255 164 109 255
    149 255 255 117 255 255 255 255 253 255 255 134 53 26 138 4 175 238
    251 255 255 94 102 255 170 164 140 225 196 29 176 243 159 207 255
    255 186 253 255 137 126 255 255 255 255 67 255 90 255 255 255 255
    255 255 57 255 171 255 49 81 121 75 255 255 255 10 59 255 255 255
    153 255 255 236 255 255 151 255 33 15 255 255 174 73 255 255 255 227
    166 255 249 57 222 90 255 6 255 255 197 255 255 255 255 104 255 2
    255 25 43 175 255 255 141 255 20 255 234 255 32 255 255 255 84 170
    255 255 207 121 255 255 255 255 255 0 255 255 255 59 255 255 111 255
    109 40 255 187 194 151 108 255 70 64 255 255 19 159 86 255 186 37
    255 255 14 221 186 255 255 109 84 255 255 255 11 56 65 255 240 255
    128 113 14 255 140 255 255 255 255 185 255 117 243 173 255 255 167
    255 255 255 255 100 144 255 170 44 117 240 23 190 115 255 51 72 128
    192 255 107 254 147 150 164 255 240 239 23 255 255 187 255 255 117
    255 255 255 255 255 43 255 255 117 255 14 255 146 121 104 255 255
    174 127 76 102 50 74 255 219 255 255 138 255 255 4 121 60 100 133 66
    211 255 255 255 110 106 255 41 11 247 249 255 82 255 211 255 255 255
    84 119 253 111 100 151 255 255 255 190 180 66 105 255 255 255 186
    255 255 255 255 255 112 234 255 247 255 4 255 104 255 255 11 255 255
    94 255 215 255 86 255 30 142 176 42 29 255 255 171 102 15 46 255 255
    201 255 255 194 255 255 50 168 68 211 178 255 71 233 251 255 255 125
    67 254 32 255 255 6 96 10 25 255 84 21 245 255 11 132 255 6 102 255
    255 75 255 255 255 255 255 105 255 217 190 25 255 255 98 21 203 255
    253 10 145 47 255 2 255 255 137 132 255 255 132 31 255 249 255 6 255
    54 249 117 255 255 255 38 190 255 255 239 115 109 180 17 23 255 255
    255 117 138 255 82 240 255 235 123 255 184 255 205 192 11 255 153 38
    255 255 25 197 255 149 228 57 98 29 255 255 46 255 255 255 255 255
    23 57 94 2 251 255 255 255 255 255 255 255 255 202 255 105 215 81 10
    129 92 255 255 17 255 65 255 245 255 255 255 223 236 255 168 185 255
    53 58 255 55 255 217 157 224 255 121 168 255 37 26 230 194 134 228
    86 255 213 23 255 255 98 255 36 168 170 255 119 125 100 255 183 255
    255 79 255 255 28 255 2 255 255 188 255 205 255 247 153 255 70 243
    155 255 148 255 243 251 27 255 121 49 49 184 190 125 50 255 255 88
    255 138 86 252 202 219 233 255 255 255 245 255 255 185 155 194 255
    255 196 255 255 121 91 92 255 132 255 245 200 255 255 92 255 45 255
    255 255 0 255 80 23 255 119 255 255 139 255 2 255 255 17 255 25 157
    255 255 150 115 119 255 255 255 107 215 89 255 255 198 255 255 255 8
    53 215 242 143 255 217 59 11 255 243 0 255 255 157 255 84 255 255
    255 255 178 223 255 142 255 153 255 106 211 255 2 255 255 108 185 98
    174 138 255 76 206 75 202 83 197 209 255 35 255 255 77 245 255 180
    172 255 255 255 255 17 8 115 255 69 255 38 255 91 255 255 255 21 153
    255 8 255 57 255 255 247 2 151 243 255 94 134 255 59 255 33 160 255
    255 129 226 255 72 255 199 255 249 255 139 255 255 129 255 255 115
    255 255 63 147 94 243 255 220 255 8 255 255 109 255 213 70 255 255
    241 255 27 13 255 8 255 46 86 255 69 188 255 255 29 255 23 12 255
    255 204 255 6 245 170 220 255 58 142 255 181 138 84 43 238 57 255 94
    255 255 90 255 179 255 255 57 219 255 255 255 255 172 35 108 42 117
    255 255 211 157 100 251 86 149 151 255 249 119 255 21 207 115 243
    209 186 9 13 255 213 125 255 255 253 255 43 255 255 255 35 255 19
    194 255 255 44 255 255 255 255 232 153 255 255 255 198 28 255 255 68
    190 255 4 255 255 204 144 162 79 255 96 221 255 82 255 184 255 255
    255 255 255 186 251 221 255 255 255 33 255 255 255 255 255 125 255
    255 255 114 224 255 255 255 255 96 255 33 23 111 255 255 255 36 108
    64 255 51 255 128 255 213 247 255 255 13 255 17 125 255 191 40 166
    75 151 255 60 201 178 255 194 33 19 255 119 255 219 255 158 121 255
    134 255 255 66 255 59 119 255 255 255 255 86 255 213 252 249 109 255
    255 255 255 19 86 255 255 251 100 134 125 255 187 128 233 255 255
    255 255 255 115 40 146 49 38 255 255 160 255 255 136 174 159 255 255
    239 251 255 255 94 104 255 255 140 255 255 125 255 232 255 255 75
    255 255 255 222 217 255 255 211 255 153 255 32 255 82 2 236 255 255
    196 88 255 255 255 245 255 92 255 251 255 213 255 255 255 255 255 64
    255 33 255 255 255 255 255 217 2 255 239 255 255 225 8 92 121 255
    194 255 115 255 255 194 255 255 140 178 255 255 255 255 255 155 129
    36 255 215 255 255 69 102 52 139 255 192 106 155 255 204 6 255 255
    255 255 237 192 173 53 255 255 94 194 255 255 255 142 10 255 50 255
    255 222 63 115 174 135 179 169 145 230 104 255 255 255 162 255 169
    221 255 69 255 155 192 255 255 109 255 217 140 123 255 255 255 255
    255 255 241 255 255 200 121 255 255 31 70 255 255 255 202 255 255
    224 255 255 74 19 166 117 255 245 255 167 255 172 255 207 255 255
    255 185 169 98 51 36 255 153 255 137 255 21 255 160 31 200 130 42
    229 42 155 255 66 255 119 255 205 255 102 109 255 45 94 255 132 157
    255 255 255 255 125 102 153 106 79 53 158 123 114 255 234 255 77 27
    10 255 255 255 81 255 215 208 255 255 223 255 155 119 0 255 255 255
    255 117 36 255 208 255 80 255 88 162 255 238 255 126 205 255 255 127
    57 255 255 255 255 255 243 255 255 255 136 255 182 25 255 255 36 255
    255 115 255 237 66 54 43 255 136 219 255 255 255 166 255 255 255 10
    255 238 255 78 241 46 255 255 111 43 217 255 255 19 255 255 255 255
    255 255 207 255 42 125 255 51 27 255 219 163 255 255 255 255 255 115
    215 191 255 4 204 173 2 43 245 255 236 151 255 128 255 25 255 2 211
    255 255 255 209 255 59 117 81 255 115 117 43 255 199 57 255 255 255
    21 255 255 255 255 255 42 249 255 255 255 67 255 255 78 255 205 143
    255 255 255 47 151 18 255 167 255 191 27 255 181 255 255 19 255 255
    189 27 98 255 211 255 255 61 180 245 255 168 255 255 16 255 136 255
    155 12 255 77 209 255 255 255 255 255 255 255 255 255 255 64 255 255
    255 148 255 177 88 112 121 115 127 200 255 90 23 207 225 255 94 255
    255 255 129 191 232 255 255 255 225 255 255 255 255 255 25 255 255
    255 192 255 2 255 79 139 115 255 255 255 255 252 38 255 255 53 255
    255 160 255 180 255 255 243 40 196 59 255 255 57 255 255 255 255 255
    22 196 255 255 206 255 72 47 105 255 241 255 78 168 150 243 221 255
    255 255 153 255 8 249 255 255 255 162 232 230 159 143 247 255 192
    255 164 64 186 255 198 255 202 204 90 37 255 255 255 241 255 159 68
    255 194 255 107 213 255 255 164 255 63 45 255 255 235 11 253 92 255
    35 251 157 255 239 247 255 217 117 255 255 251 201 255 4 33 145 43
    255 255 219 142 112 255 255 23 158 255 2 230 69 255 255 58 194 30
    255 255 255 255 255 153 255 255 255 90 252 130 255 123 245 255 249
    255 255 6 255 255 255 255 255 255 45 29 255 181 174 229 55 255 255
    28 255 255 223 104 254 255 140 255 255 255 215 255 146 233 255 119 0
    249 255 255 255 203 255 43 255 237 255 88 162 255 255 151 92 255 215
    209 50 139 191 255 55 251 255 209 255 54 39 255 255 106 130 46 255
    255 79 164 228 255 153 255 255 255 255 211 255 128 255 213 51 159
    255 255 255 211 255 255 255 32 255 255 255 255 198 115 255 255 255
    236 255 255 165 255 255 255 164 255 249 255 57 255 108 125 255 255
    255 255 162 75 176 194 215 203 255 255 255 61 249 255 255 49 255 127
    17 10 121 121 255 255 255 255 255 255 255 255 92 167 247 255 50 255
    109 255 255 255 255 247 255 159 255 219 153 18 255 174 143 255 249 4
    255 140 190 147 255 255 255 219 255 125 255 207 181 17 255 158 255
    255 255 153 2 208 88 255 255 230 255 255 255 117 51 113 255 255 165
    255 255 255 255 6 245 92 194 255 255 247 220 198 255 59 255 255 255
    139 255 255 22 255 255 133 255 255 255 255 255 255 28 211 182 255
    222 255 255 255 223 132 220 255 55 255 39 200 255 255 255 209 29 25
    245 255 189 35 151 43 255 255 17 255 160 166 255 110 255 100 255 255
    194 108 8 255 255 211 255 255 8 33 255 255 224 237 255 240 188 255
    75 67 255 255 223 255 255 255 255 190 237 209 171 51 215 255 25 255
    255 255 36 54 225 172 255 255 255 4 207 255 255 255 179 255 255 191
    255 255 240 255 192 126 207 82 255 255 35 255 255 255 255 130 255
    255 255 47 164 21 114 255 127 255 108 224 255 11 255 255 255 100 69
    255 107 31 215 255 178 187 255 255 255 255 255 81 255 245 255 84 255
    255 65 143 255 255 235 62 42 233 49 255 255 255 255 159 255 88 131
    172 255 88 111 255 12 255 46 255 255 65 106 164 255 114 219 255 86
    253 255 255 81 255 125 57 17 255 55 255 213 255 142 6 211 255 249
    255 255 47 255 234 255 255 255 168 102 199 206 175 255 137 255 255
    47 255 255 84 255 220 186 255 19 94 92 255 159 91 255 43 255 205 254
    74 255 86 232 77 255 53 15 251 255 255 98 221 255 190 49 249 20 79
    255 255 255 136 255 187 255 255 255 159 255 255 255 155 132 4 241
    238 0 231 143 90 204 43 132 255 236 255 104 255 61 255 255 50 215
    100 255 47 189 146 255 172 255 255 255 255 255 66 2 186 179 167 255
    108 209 255 75 6 255 143 255 255 240 255 106 132 104 255 30 255 255
    170 255 143 191 247 237 189 255 39 255 255 178 100 113 255 255 75
    255 32 146 94 245 190 255 255 220 255 83 255 255 108 50 141 4 174
    255 255 213 255 121 255 41 255 255 255 42 27 255 255 255 255 255 178
    188 174 255 255 255 128 255 255 61 255 98 242 255 104 132 255 36 211
    255 255 174 255 255 255 255 162 255 255 255 119 255 255 100 255 119
    82 255 58 255 129 230 255 162 255 255 67 38 255 255 196 84 57 255
    127 255 91 219 69 64 255 245 2 169 255 255 178 14 249 255 255 255
    140 255 255 196 63 130 255 255 255 255 255 128 255 33 87 134 45 255
    255 61 224 255 80 213 255 217 255 40 209 255 81 255 143 71 192 255
    119 255 255 255 202 255 255 78 25 222 88 255 255 255 224 50 255 117
    148 255 255 255 255 147 251 255 247 207 255 255 255 255 255 138 35
    255 255 255 255 219 94 92 255 255 255 255 217 255 255 0 234 192 160
    147 19 255 96 255 155 255 255 255 255 255 215 255 180 255 255 255
    217 2 255 255 17 255 200 164 255 137 255 247 166 172 255 255 255 215
    255 255 255 255 223 144 57 255 255 168 255 255 255 228 249 96 255 46
    129 213 148 196 89 255 16 255 203 196 104 255 182 255 71 127 255 255
    223 43 255 237 160 255 255 108 13 255 79 215 249 255 255 22 158 58
    162 89 255 247 125 255 255 45 184 180 255 138 88 4 255 255 255 188
    255 204 115 2 196 255 255 255 255 104 255 88 192 255 90 82 185 255
    106 211 255 255 255 255 151 15 255 33 255 255 255 255 151 255 204
    153 143 43 38 164 28 197 255 255 255 53 249 255 255 209 255 255 223
    255 74 223 236 213 255 255 255 255 199 255 255 90 255 255 255 255
    109 255 255 115 255 255 11 4 53 151 19 192 117 255 255 255 240 219
    236 255 255 255 255 207 115 255 223 255 255 255 49 10 4 157 255 41
    255 117 255 198 255 255 255 109 255 140 255 255 255 255 33 42 29 255
    158 178 164 87 199 255 255 255 80 255 255 162 226 255 255 255 255
    255 175 255 63 9 213 229 255 79 110 255 255 255 255 255 247 255 4
    255 34 255 255 143 35 186 255 255 255 255 73 255 200 29 47 160 255
    100 255 255 192 255 255 33 8 94 65 2 255 255 136 255 255 198 255 149
    255 255 255 96 98 255 230 174 255 111 255 153 255 255 51 255 255 61
    115 50 166 255 255 4 79 111 255 60 255 121 255 17 131 255 63 149 255
    255 255 149 255 255 170 255</data></your_img>
</opencv_storage>
