<?xml version="1.0"?>
<opencv_storage>
<L2_diff>1.0289793632527331e+04</L2_diff>
<test_img type_id="opencv-matrix">
  <rows>100</rows>
  <cols>100</cols>
  <dt>"3u"</dt>
  <data>
    162 163 191 226 227 168 151 115 69 45 251 125 89 254 99 122 226 223
    85 189 47 81 60 26 27 107 235 147 178 141 179 110 223 14 14 161 254
    43 135 214 24 113 250 38 209 195 116 68 112 189 132 162 74 199 99 15
    243 59 198 136 16 201 166 56 102 242 214 53 186 131 44 232 208 162
    169 23 131 104 235 248 190 239 203 121 230 134 209 160 139 239 15
    200 228 232 105 49 73 62 80 213 165 127 26 153 14 89 219 74 245 120
    235 206 200 127 219 137 253 174 220 63 6 115 60 132 197 105 63 231
    40 158 23 238 24 86 44 251 19 122 208 75 59 66 152 251 51 35 153 115
    245 228 30 194 20 170 35 168 73 95 84 83 113 34 40 176 185 105 128
    169 158 43 64 47 197 44 160 25 6 204 222 251 239 205 237 29 65 171
    252 75 36 156 29 232 226 155 21 27 45 165 212 151 145 126 133 130
    191 156 19 234 107 160 244 211 105 154 233 230 181 25 55 225 122 122
    142 166 92 27 89 201 190 233 54 208 192 200 139 183 1 216 64 107 237
    175 76 22 247 229 91 210 147 80 238 182 132 27 162 86 162 72 217 105
    101 250 115 77 187 138 220 189 97 68 100 75 233 215 87 60 48 87 96
    119 0 2 207 26 91 247 158 11 207 7 66 15 84 59 207 160 255 139 129
    116 165 167 228 189 5 180 88 98 86 126 116 2 162 121 240 235 85 220
    173 23 156 219 181 158 125 50 98 201 200 200 6 246 204 45 106 40 84
    43 163 119 106 11 254 246 141 33 112 215 163 25 145 144 208 1 156
    202 153 222 43 189 130 41 236 30 180 59 182 103 83 97 125 181 12 30
    136 83 210 54 226 155 32 230 183 208 85 27 55 126 66 197 9 26 115
    221 76 193 16 9 49 71 218 221 205 52 232 25 133 186 18 61 132 21 183
    120 21 39 46 235 107 230 36 116 98 82 240 14 16 159 253 43 91 233
    215 127 20 229 186 61 112 128 200 235 43 171 236 22 170 238 169 23
    147 3 0 38 236 119 129 221 98 95 92 0 143 228 104 252 220 205 6 52
    121 59 200 103 245 150 12 138 156 80 205 37 215 218 115 92 164 243
    184 177 175 16 117 166 34 129 110 21 179 208 9 235 147 187 236 210
    67 225 225 62 49 69 246 242 13 11 106 118 35 49 56 222 251 128 163
    219 52 144 134 140 49 133 206 56 24 78 231 220 196 118 58 195 177 53
    169 44 227 133 63 154 205 254 109 157 4 246 219 145 248 177 96 198
    147 15 19 190 177 63 80 201 58 119 164 194 153 172 5 127 65 110 94
    150 72 100 127 249 8 121 74 2 86 2 160 94 211 15 138 120 125 167 50
    194 210 121 102 241 13 32 28 54 34 83 200 98 60 10 208 237 100 32
    164 194 5 92 40 210 68 184 35 11 10 161 46 68 0 133 92 14 220 63 42
    84 195 193 105 133 112 191 170 4 185 70 163 84 130 223 199 22 132 34
    79 114 174 169 3 134 238 225 109 103 108 152 48 52 37 199 183 91 65
    22 232 179 43 192 155 146 244 131 112 150 190 178 163 202 36 181 40
    215 62 193 0 94 41 60 169 101 92 54 31 76 218 209 118 238 78 150 66
    98 214 47 42 11 95 118 24 53 193 254 239 188 197 110 224 13 165 201
    76 39 91 138 10 192 255 182 107 238 225 133 244 194 208 159 229 254
    107 213 2 83 31 71 39 123 198 16 42 217 241 196 71 40 8 106 220 21
    89 188 164 22 229 182 95 62 181 229 199 99 239 34 171 79 169 37 197
    204 97 87 28 135 2 157 86 124 249 208 156 112 63 38 202 40 16 168
    100 163 52 175 106 82 211 235 41 150 28 145 174 212 245 73 113 56 99
    104 143 93 59 22 17 236 234 198 130 207 53 68 137 54 60 59 2 33 77
    255 164 15 182 21 34 247 22 242 175 140 227 44 142 92 30 210 51 21
    116 117 106 253 9 230 175 109 95 88 201 152 72 192 200 6 21 61 20
    140 31 170 40 179 142 236 215 38 172 232 151 121 12 102 232 134 75
    229 103 87 44 128 2 48 59 80 64 87 169 66 157 92 232 221 30 227 43
    170 236 132 29 106 224 27 167 138 214 149 85 77 33 212 103 212 108
    27 52 234 113 3 49 122 105 77 42 238 197 93 235 228 60 204 227 200
    171 223 161 49 80 73 181 255 215 231 63 211 245 34 7 69 159 83 241
    51 138 194 212 57 226 156 223 75 5 245 25 52 143 234 146 128 126 130
    41 74 12 252 197 156 202 15 19 159 111 89 150 192 221 69 8 207 199
    135 123 77 150 197 80 214 113 19 170 122 198 11 203 160 225 41 41
    250 94 41 25 147 39 201 178 170 179 188 3 166 229 14 179 107 229 221
    24 151 27 91 147 96 151 128 39 232 200 20 21 163 235 231 51 68 152
    189 176 21 197 91 196 92 64 91 172 17 157 129 186 38 201 31 47 178
    75 61 39 223 64 43 123 78 222 180 174 47 63 171 129 75 30 27 8 115
    48 249 103 166 164 161 201 247 197 169 28 240 196 127 137 6 18 2 219
    167 216 220 31 57 71 226 147 201 168 78 38 191 37 55 187 38 6 231 26
    13 183 76 109 186 164 18 174 194 190 49 38 23 163 65 69 183 233 84
    166 22 162 228 100 132 72 82 48 122 89 148 207 245 89 71 222 16 95
    41 139 83 15 221 43 91 59 239 231 197 133 58 129 204 151 104 82 245
    130 78 35 63 151 234 159 78 18 101 90 42 188 75 74 56 227 183 134
    218 75 225 210 1 196 107 186 140 131 191 245 253 213 148 93 134 147
    34 230 94 240 31 213 32 56 128 195 107 71 66 215 189 201 30 3 41 122
    120 149 210 57 16 57 5 49 158 188 71 178 179 170 41 95 87 135 146
    235 213 219 192 208 160 60 103 18 112 195 72 90 162 131 212 84 126
    162 159 43 143 243 87 207 41 67 30 191 104 5 79 51 131 17 26 94 167
    153 200 42 79 35 155 50 219 218 164 90 132 15 11 128 207 204 208 80
    96 120 119 82 207 28 54 90 1 85 42 98 42 119 64 111 98 54 33 169 44
    5 84 49 2 69 30 245 217 19 50 99 155 181 186 69 252 27 220 38 179
    175 13 234 77 240 54 58 34 96 253 34 42 138 228 42 169 194 159 224
    72 250 179 87 155 1 92 56 189 18 104 170 98 232 121 210 132 253 253
    34 181 41 140 166 181 87 20 115 102 113 194 235 122 19 37 143 174
    174 159 205 43 121 107 224 191 247 8 149 29 57 201 35 1 9 155 237
    187 136 124 142 26 174 43 110 63 199 154 196 126 189 111 4 24 192 77
    211 185 33 136 220 50 128 202 147 113 211 164 231 157 185 84 218 37
    255 90 241 147 105 12 20 175 226 136 226 236 132 132 45 37 40 85 56
    112 134 24 7 4 2 35 143 44 36 3 135 169 200 189 142 166 170 134 148
    205 14 134 58 237 22 112 237 58 232 81 20 235 224 134 180 43 11 201
    75 154 109 208 203 161 92 234 2 156 66 61 72 162 176 94 10 225 199
    236 179 55 30 249 202 168 97 109 170 170 95 53 130 25 164 46 154 41
    6 179 39 179 116 250 153 96 10 118 37 2 73 144 63 172 64 176 83 139
    142 220 53 213 201 25 115 134 65 181 175 162 220 2 85 99 93 176 83
    51 193 205 174 61 216 116 170 206 164 181 208 58 128 209 41 94 21
    111 47 161 126 73 74 173 144 117 162 65 37 39 74 122 181 120 201 45
    141 211 173 54 189 77 179 47 65 15 154 162 109 62 43 213 218 24 85
    159 26 243 75 62 173 112 226 107 14 78 103 87 42 138 72 139 126 91
    91 131 129 15 6 145 249 132 91 74 88 68 232 201 139 197 67 15 233
    120 10 215 14 67 79 251 114 108 0 89 37 85 181 183 10 21 108 111 146
    215 246 181 202 44 252 121 222 12 86 175 80 218 66 209 153 61 192
    234 224 38 232 174 141 128 222 16 248 192 182 152 129 43 39 113 8
    113 48 210 223 120 76 240 114 238 110 136 85 251 158 65 102 239 159
    193 249 14 144 99 233 193 116 60 148 227 111 84 193 51 109 45 53 245
    167 7 168 28 123 28 103 177 168 141 25 20 41 81 39 243 229 193 128
    120 80 109 40 251 68 199 100 77 171 110 72 220 118 62 194 204 221
    200 100 162 41 47 143 158 209 138 101 129 110 55 215 141 211 28 100
    118 199 85 135 96 35 155 60 114 29 154 148 89 136 59 81 107 214 14
    136 88 138 154 200 113 127 33 105 19 15 238 166 30 107 192 24 241
    188 50 111 29 29 92 6 173 9 211 140 23 23 186 28 176 27 107 149 39
    136 15 174 130 40 192 168 35 0 244 119 47 122 214 159 108 6 132 61
    52 94 55 69 139 235 10 232 23 187 215 43 138 60 116 87 176 147 109
    30 246 22 131 189 107 183 11 45 0 118 126 205 255 28 65 36 229 34
    200 138 22 250 210 98 155 133 242 212 122 3 30 132 67 252 9 158 124
    141 140 133 210 72 249 28 134 72 21 102 86 82 243 252 88 94 128 240
    240 16 114 118 104 97 73 81 94 218 252 184 138 24 72 30 186 20 167
    125 127 20 174 236 29 174 139 130 218 74 3 68 167 222 80 8 41 79 80
    110 106 89 231 152 68 153 172 140 93 67 5 106 2 162 142 97 166 115
    134 45 70 11 110 106 120 8 8 121 221 177 83 146 163 41 206 103 225
    248 41 125 5 40 235 186 12 38 68 104 108 55 150 31 48 196 252 251
    192 145 47 126 63 52 212 37 47 187 92 232 78 109 66 173 24 205 98
    204 52 139 23 146 26 222 190 55 47 182 105 99 137 255 52 87 81 252 1
    226 126 29 39 125 71 195 26 49 100 247 101 148 170 107 225 43 206
    120 46 162 204 159 199 195 45 79 17 105 110 91 56 158 232 228 131
    111 183 110 50 11 129 122 245 227 9 77 145 254 160 189 188 172 31 19
    240 93 48 89 232 230 210 224 120 173 29 65 66 41 202 207 31 2 61 162
    81 93 84 69 0 62 164 97 252 80 159 217 25 231 61 137 212 234 248 54
    125 27 203 23 230 41 162 138 205 59 54 87 35 9 33 55 99 6 2 106 45
    48 95 156 116 126 56 197 31 187 74 163 234 219 40 27 251 232 146 73
    105 121 241 71 107 226 145 17 14 247 90 192 150 189 147 30 255 41
    136 6 208 242 246 100 216 114 17 185 126 63 40 223 17 239 152 171
    105 40 2 254 184 211 243 17 35 105 255 78 108 75 168 180 124 179 236
    159 55 187 91 195 37 124 153 16 247 100 141 35 28 67 115 66 116 58
    210 241 157 65 205 193 12 208 134 26 134 152 155 186 56 242 194 232
    109 14 6 12 239 51 90 214 116 76 21 157 247 77 206 95 186 23 82 150
    161 111 15 2 162 94 41 15 17 207 19 211 98 126 188 99 245 73 10 161
    250 238 2 49 63 219 55 168 167 231 255 87 190 100 205 211 219 27 19
    228 162 50 205 28 65 156 161 189 59 40 170 111 207 230 156 240 34
    142 156 212 159 70 198 172 175 141 91 164 227 17 250 224 61 223 237
    108 74 69 204 32 214 187 157 109 113 26 69 241 154 173 7 138 250 4
    76 47 60 125 68 46 44 115 188 106 203 81 152 48 44 176 10 254 61 125
    127 56 246 188 197 98 43 2 32 91 156 186 115 128 83 48 113 42 50 231
    24 55 11 135 215 70 216 75 199 54 181 211 247 100 200 229 54 111 244
    102 34 65 171 25 13 251 20 150 174 23 255 114 58 179 122 25 121 6
    228 44 104 56 229 215 208 111 228 224 179 81 181 245 136 101 207 20
    36 13 26 175 219 128 35 26 112 81 233 71 14 92 132 173 173 215 242
    115 163 131 186 196 236 35 190 141 192 16 43 71 238 50 220 23 168 94
    225 115 82 228 227 208 49 166 191 90 255 238 96 209 59 20 247 218
    176 90 8 8 254 45 11 49 241 26 133 166 177 57 124 67 49 225 50 249
    123 204 146 141 227 139 187 184 219 131 146 156 177 68 191 20 72 214
    108 190 116 164 244 22 146 222 91 18 27 214 217 138 97 89 193 148
    135 105 162 18 254 119 160 217 84 221 63 56 53 120 203 143 246 252 5
    113 195 186 9 215 223 125 49 117 57 211 3 138 175 65 129 131 203 30
    90 87 63 124 232 254 67 38 87 205 207 189 224 2 11 188 62 11 187 7
    171 164 66 45 152 172 220 191 94 74 169 186 103 138 142 217 241 116
    114 43 189 184 248 7 166 241 204 55 190 142 9 191 138 104 113 143
    238 2 18 153 249 136 129 197 55 254 189 80 33 151 202 55 142 182 198
    253 100 30 104 117 214 50 133 42 217 173 96 112 244 69 164 240 54
    147 125 241 102 91 122 114 237 117 103 2 52 35 251 38 170 78 141 176
    160 193 147 188 136 11 59 211 52 224 25 99 116 94 88 58 112 39 160
    114 50 232 165 214 234 239 187 142 243 187 218 203 97 184 112 192
    143 22 66 57 101 7 28 155 55 140 85 199 55 78 131 62 39 142 53 129
    203 80 72 194 206 136 82 149 70 43 57 183 88 176 254 74 80 171 121
    195 166 237 105 161 2 191 114 78 209 209 93 254 202 154 79 158 165 8
    88 182 60 118 231 188 237 64 90 205 215 48 36 54 244 84 88 48 179 36
    218 136 187 50 165 83 124 130 204 79 1 204 19 194 165 59 75 182 7 95
    207 120 24 112 88 197 196 118 220 51 92 249 36 34 248 187 206 81 144
    133 232 199 62 111 128 104 95 19 38 242 131 202 177 96 239 105 80 49
    175 189 176 253 83 50 37 168 163 24 89 180 83 170 44 27 207 183 236
    86 152 58 159 206 226 233 147 165 182 242 52 242 36 39 72 155 68 183
    175 100 104 205 12 115 32 195 170 179 222 227 217 168 224 170 125
    173 113 48 218 16 255 73 77 21 27 12 187 6 0 16 74 208 92 126 155
    189 230 213 143 140 4 226 205 72 38 133 188 125 69 95 206 171 184 42
    208 72 188 73 137 194 32 70 192 60 186 71 38 185 5 10 235 26 187 64
    212 244 68 52 114 213 80 148 210 42 113 55 64 234 123 119 72 66 241
    113 118 15 164 67 70 43 235 162 65 113 189 6 93 184 45 251 147 91
    129 251 196 232 54 190 129 122 72 198 162 246 103 156 141 151 149
    178 135 227 209 78 254 58 150 178 124 96 159 243 13 122 59 178 115
    131 247 131 82 91 163 77 131 187 216 157 210 117 129 83 66 219 93 91
    226 45 173 19 174 188 185 80 122 76 31 13 125 22 26 238 191 201 51
    17 200 248 239 71 168 125 123 166 116 41 133 52 15 85 56 193 213 32
    183 254 85 17 163 236 188 5 254 224 208 125 224 116 61 37 202 177
    186 117 165 209 222 96 43 2 140 213 21 142 211 10 254 45 117 90 209
    165 94 69 141 55 249 237 69 144 47 51 232 171 101 164 85 47 46 253
    121 235 113 93 229 107 205 212 63 69 184 128 221 194 214 42 221 117
    244 66 213 185 14 106 144 7 201 42 78 130 15 45 102 152 174 140 119
    148 141 128 173 202 166 31 41 206 32 178 60 83 202 55 12 87 151 180
    122 219 160 214 51 20 78 121 59 124 138 31 5 88 154 249 211 86 226
    15 15 80 99 222 139 32 239 98 118 76 201 216 66 197 104 209 14 234
    214 255 112 231 107 15 252 229 94 193 146 201 157 8 170 37 143 33 20
    52 89 168 122 192 22 100 76 204 152 230 192 49 188 96 58 80 116 172
    51 212 165 3 14 100 82 141 86 223 228 148 60 202 131 34 161 176 129
    197 253 96 118 111 81 43 235 215 96 75 245 237 30 90 188 133 158 171
    87 52 145 98 92 192 190 208 42 42 16 194 176 93 178 175 199 110 178
    33 103 148 40 7 74 212 255 102 105 254 61 234 143 225 134 215 236 42
    214 129 78 249 10 230 144 134 240 162 214 136 242 221 242 116 15 17
    145 16 156 179 92 235 186 250 136 110 33 206 81 18 168 225 55 119
    120 145 142 158 42 190 246 211 253 10 69 201 212 200 192 41 201 140
    138 190 0 84 207 139 50 174 90 8 113 155 201 58 183 175 229 3 23 127
    247 184 39 85 65 130 27 248 113 202 4 173 90 176 224 214 191 44 231
    134 186 123 181 134 178 29 135 151 151 41 50 109 138 110 36 193 69
    81 5 240 119 249 232 1 140 88 156 192 54 196 167 104 225 178 127 75
    165 111 5 184 94 146 52 229 91 230 60 16 246 222 30 230 9 220 182 43
    248 245 153 41 195 123 142 28 226 177 193 188 213 114 170 25 86 60
    134 60 123 23 161 136 180 130 85 204 71 154 172 27 125 234 5 90 134
    143 130 181 173 114 224 13 38 206 179 215 46 158 141 142 51 144 49
    164 59 216 124 3 184 238 60 104 188 73 92 165 236 107 119 208 85 212
    212 34 233 120 127 13 167 161 218 109 63 186 61 116 93 163 119 177
    56 237 116 239 139 195 45 223 166 244 209 25 134 88 21 17 230 16 21
    158 154 131 134 91 186 62 87 196 68 90 49 97 218 244 246 182 181 190
    59 118 212 252 12 177 121 3 27 251 88 89 221 255 152 221 90 200 243
    56 196 183 9 213 198 61 232 100 145 37 70 147 179 130 205 249 159
    191 111 92 11 234 213 245 83 138 53 238 184 153 102 99 134 2 187 138
    219 236 165 140 177 117 128 161 157 156 122 243 61 68 154 44 121 82
    136 53 14 129 63 126 179 197 190 3 124 185 97 117 195 239 177 41 196
    130 124 203 216 154 25 80 123 149 92 40 26 11 94 160 57 44 129 180
    42 149 175 182 26 230 234 29 104 95 182 131 91 233 159 3 209 151 155
    16 252 144 188 169 161 245 141 107 208 142 192 40 160 43 60 28 193
    53 29 67 136 4 206 56 138 175 89 2 117 222 110 224 154 102 110 189
    161 137 134 97 36 126 203 100 147 84 41 235 3 62 61 197 50 217 38
    114 104 252 20 30 50 250 183 150 70 227 106 40 178 126 114 58 17 87
    119 84 48 93 49 145 68 186 175 131 64 88 109 93 35 10 217 38 234 253
    155 52 103 73 139 179 190 215 48 236 68 75 52 243 13 9 236 3 98 66
    194 44 52 31 46 41 118 153 17 171 30 129 1 185 89 13 67 75 129 52 22
    19 151 135 230 129 156 237 27 242 110 25 86 89 5 137 208 34 81 224
    208 216 17 30 15 12 65 200 166 1 14 151 165 219 57 75 238 91 73 200
    107 78 239 169 198 25 58 229 86 123 192 56 79 30 170 47 229 64 215
    218 156 178 20 201 152 4 124 196 218 204 4 199 128 25 151 249 160
    108 65 54 179 75 248 24 81 254 162 60 67 250 220 140 142 153 179 174
    221 220 240 41 45 86 158 228 56 125 65 31 21 139 117 122 86 188 218
    237 101 206 74 1 63 234 62 132 81 77 205 45 188 9 24 46 125 79 98
    202 15 37 10 193 20 153 172 225 220 86 14 87 172 141 33 77 19 127
    216 206 21 234 17 198 57 54 249 101 8 143 205 171 159 90 50 138 211
    179 189 218 227 158 227 22 98 237 80 193 159 88 70 74 225 54 156 173
    176 177 184 242 165 82 152 202 239 14 227 235 67 188 235 254 56 162
    62 64 52 123 41 222 115 129 92 168 0 185 104 116 78 135 229 53 19
    185 94 43 40 71 54 123 241 191 137 58 95 201 101 186 51 139 254 115
    59 235 19 86 172 80 191 140 205 70 120 73 177 58 3 239 134 115 160
    198 90 164 177 244 194 215 65 164 45 33 9 215 134 39 139 79 208 115
    56 70 111 118 80 224 150 160 90 210 44 197 19 242 248 152 213 11 56
    249 70 224 133 62 104 213 219 41 119 186 86 39 174 161 95 103 255 92
    58 133 29 124 61 21 33 151 186 191 223 124 115 227 53 89 154 8 117
    45 34 47 78 173 12 159 186 182 106 129 206 186 214 20 101 98 210 224
    209 20 85 71 60 29 210 33 12 110 115 42 149 220 208 33 66 146 75 225
    191 241 139 21 232 76 110 86 8 161 9 202 101 163 110 82 122 203 72
    211 44 184 125 250 125 11 217 38 38 154 150 82 15 153 132 92 238 31
    38 103 255 165 31 139 46 146 53 242 55 155 218 61 166 51 249 89 148
    77 138 164 243 244 18 184 86 67 211 212 136 212 244 151 223 64 154
    121 164 147 88 249 65 187 213 169 212 255 141 72 253 20 88 185 187
    47 45 214 4 103 249 113 96 96 65 240 4 184 248 208 142 142 215 106
    222 43 35 248 39 215 147 142 172 255 50 105 177 6 116 234 216 41 177
    138 45 158 156 93 141 140 218 68 128 235 93 190 148 119 2 249 174 6
    93 52 149 152 129 43 114 170 131 232 253 15 77 140 91 150 237 48 74
    117 223 122 242 121 190 243 154 63 78 24 83 234 233 248 132 18 192
    88 5 2 134 30 189 14 79 177 32 11 230 85 148 76 26 186 103 89 92 252
    173 225 254 14 186 170 133 61 107 58 143 90 68 98 45 49 136 79 83
    223 179 215 42 115 240 166 179 102 111 90 81 129 0 237 14 176 168 22
    163 118 241 231 51 178 101 160 19 8 91 187 116 229 228 133 61 102
    231 76 204 122 109 64 182 229 138 253 239 93 134 180 35 110 65 159
    70 180 209 55 37 238 144 14 74 149 253 70 229 116 249 81 112 92 37
    141 184 225 66 133 137 29 14 103 8 236 233 249 68 129 81 115 144 214
    64 168 134 148 197 98 36 24 74 68 32 186 222 130 74 85 198 78 164 30
    217 242 80 66 20 42 49 254 157 55 108 236 85 116 221 211 75 202 209
    200 23 230 84 55 49 215 177 168 29 77 225 255 160 71 88 213 100 74
    167 17 143 236 203 95 167 249 193 106 239 154 29 196 57 211 105 44
    122 136 5 154 157 6 22 25 75 120 105 205 118 64 108 42 145 47 99 121
    42 78 23 111 23 112 47 188 85 91 150 251 98 253 152 129 164 191 12
    121 169 52 164 47 57 188 192 127 21 68 139 62 4 32 210 225 148 50 57
    18 223 174 50 130 214 253 39 210 155 2 165 242 26 210 99 226 5 50
    216 65 226 164 141 48 247 148 195 111 5 148 29 32 224 219 1 99 217
    209 94 209 61 110 68 21 2 152 88 79 241 68 92 201 43 93 132 72 19
    131 11 94 161 166 34 16 124 53 156 92 9 155 242 95 111 203 115 202
    89 167 141 165 95 66 121 106 189 140 82 11 183 107 105 127 47 192
    201 147 107 91 82 26 47 253 54 151 217 93 38 28 200 75 212 210 15
    113 29 215 206 20 2 241 10 67 108 183 76 45 83 33 133 116 86 239 112
    208 123 109 31 120 24 220 246 187 52 17 38 173 183 119 53 206 43 50
    83 33 151 113 50 66 222 173 95 116 188 230 204 165 88 56 89 16 136
    200 181 226 45 232 248 80 119 181 109 2 39 73 68 196 65 210 232 221
    35 25 185 40 51 2 193 26 167 52 110 201 128 61 138 28 241 19 251 145
    33 72 23 72 223 244 123 23 53 53 83 107 225 120 164 229 84 234 157
    178 179 212 37 245 246 188 253 161 208 220 63 50 76 251 40 29 10 132
    54 165 51 242 237 211 60 231 183 238 133 56 226 70 209 231 233 232 3
    149 244 86 92 63 199 112 200 133 63 129 219 131 204 182 202 97 53 83
    173 82 224 86 210 114 255 101 28 133 78 203 166 191 87 147 105 22
    139 111 92 248 209 239 175 163 13 60 227 219 116 87 7 117 178 218
    225 35 194 119 175 113 231 97 180 215 51 74 255 124 173 198 99 23
    211 236 131 117 80 76 88 98 122 209 154 182 120 64 114 29 93 30 0 36
    153 31 48 33 89 110 169 9 197 144 96 102 7 94 155 217 227 70 110 228
    96 242 153 190 239 251 225 125 195 152 230 143 254 119 36 198 84 239
    224 250 39 57 39 207 201 86 131 14 4 105 9 56 43 122 9 154 104 100
    137 157 86 118 41 84 99 252 79 90 69 38 180 203 209 6 101 58 97 12
    141 68 217 82 203 117 179 196 219 24 220 10 238 55 217 142 190 33 55
    243 82 152 123 186 141 74 195 236 161 88 254 106 43 137 108 55 135
    224 158 244 78 216 0 62 75 24 23 120 172 31 225 125 101 220 210 217
    186 236 99 156 239 97 115 5 195 198 217 14 255 76 165 163 217 68 99
    90 14 67 152 179 164 148 249 77 81 51 191 178 191 106 220 80 97 132
    58 96 186 59 195 61 35 199 207 41 43 189 161 33 231 167 153 58 24
    231 100 240 19 172 10 193 114 87 192 84 118 163 148 97 114 85 62 39
    35 148 40 121 170 108 138 239 1 76 193 198 11 196 121 24 134 97 3
    179 150 166 142 52 108 29 128 52 10 31 237 168 187 48 163 210 20 194
    12 32 164 143 187 30 246 83 80 20 207 184 242 242 12 30 151 113 57
    27 17 209 120 160 95 33 39 3 15 209 108 27 196 167 216 36 146 142 43
    125 204 9 127 101 58 118 85 154 73 63 193 190 31 181 165 15 224 128
    31 5 12 16 94 40 13 14 205 139 209 177 201 246 82 8 165 101 147 136
    40 54 190 57 36 49 168 104 5 104 109 81 174 216 55 84 254 230 193 20
    40 52 20 6 22 125 238 182 181 120 255 125 181 10 152 117 159 25 206
    216 126 229 30 244 86 8 52 216 186 245 37 219 202 119 240 183 16 213
    240 44 3 2 28 133 45 172 48 154 24 56 163 80 93 205 126 232 86 18
    116 14 117 97 62 40 126 19 239 19 65 226 232 62 248 131 235 61 133
    62 69 118 244 92 168 220 228 90 66 109 193 117 211 1 49 146 62 53
    188 246 206 186 246 35 102 97 214 73 150 44 4 181 137 182 235 63 154
    249 11 250 149 122 224 64 78 236 80 205 36 236 166 70 172 96 204 19
    229 125 53 126 141 94 84 132 117 74 242 34 32 167 95 59 135 70 33
    146 175 83 95 240 225 92 219 238 79 129 243 229 116 64 149 104 176
    53 74 233 129 164 99 235 144 247 122 16 148 43 61 131 63 36 165 241
    128 136 60 192 61 165 250 108 227 72 30 172 201 109 233 176 128 249
    241 145 62 47 254 88 35 95 251 3 30 135 133 5 189 97 182 46 70 161
    201 133 95 158 196 224 82 97 10 84 248 163 46 137 9 45 194 80 191 99
    62 145 30 221 83 175 88 164 3 79 29 27 95 218 206 93 245 95 51 136
    80 28 96 128 107 137 119 42 237 163 161 216 58 95 54 17 168 96 75 36
    219 173 91 43 200 125 231 57 146 206 242 166 236 31 115 233 172 17
    208 192 74 137 171 218 207 73 250 20 230 64 79 34 51 36 35 218 163
    104 49 142 121 45 10 37 68 164 165 84 139 190 165 205 18 159 115 255
    163 168 225 13 192 225 219 46 198 28 154 120 171 78 80 97 35 92 151
    84 253 6 134 201 29 176 58 214 217 212 244 66 105 33 5 181 116 171
    227 63 49 89 72 203 193 206 84 148 100 34 228 53 117 230 168 58 225
    152 197 222 77 33 24 238 235 168 203 67 126 206 254 136 233 223 142
    6 217 157 91 217 22 30 98 2 105 65 168 147 81 205 4 169 15 231 180 3
    15 84 3 35 97 64 236 226 149 235 242 43 30 225 79 214 45 155 45 228
    104 233 175 36 228 3 255 131 129 210 38 191 161 214 170 192 184 149
    168 26 177 53 153 15 194 118 40 164 84 242 95 72 203 203 81 144 76
    85 37 90 91 178 24 31 64 165 191 39 100 212 75 115 136 119 64 31 85
    69 4 193 18 197 51 183 215 16 53 106 87 216 81 88 109 204 66 6 38 75
    34 80 98 228 210 184 17 226 97 56 80 120 168 219 7 108 120 13 68 133
    53 75 40 127 108 91 238 231 47 219 140 215 201 18 189 61 62 74 35
    176 9 84 55 24 26 144 173 104 105 71 99 243 232 115 215 150 213 175
    89 104 252 78 49 242 159 66 173 124 143 211 132 55 0 72 24 154 29 60
    161 86 121 61 28 53 40 215 168 171 156 97 37 230 124 53 15 62 164 61
    248 118 249 237 18 237 142 135 105 208 117 63 98 197 125 143 69 116
    230 254 95 152 23 20 173 14 104 103 243 78 204 143 82 119 150 218
    152 230 164 18 32 173 253 82 111 128 208 4 150 61 155 69 116 151 118
    61 83 102 63 44 237 50 19 17 27 4 173 98 184 109 140 254 234 123 226
    223 119 102 49 122 11 221 241 56 32 0 33 70 240 200 110 191 191 254
    25 137 113 137 43 219 163 50 156 53 5 117 84 178 110 24 197 120 111
    119 37 48 59 110 20 192 218 86 162 222 163 12 215 195 150 235 74 172
    202 7 219 187 53 169 90 76 50 206 47 189 185 31 244 88 239 239 201
    159 143 81 192 63 137 173 49 18 91 218 149 150 238 89 85 203 246 1
    181 54 102 61 139 179 152 189 85 253 36 136 46 164 47 7 253 190 177
    47 112 59 8 185 150 162 30 184 12 38 106 16 191 100 91 96 203 177
    115 254 75 216 171 116 20 137 143 220 190 115 173 172 222 168 44 52
    74 60 33 149 168 39 107 102 215 163 122 131 207 181 96 141 218 131
    134 177 35 38 253 31 226 74 102 28 115 123 151 39 50 108 127 5 36 29
    132 180 180 220 158 53 156 233 230 230 189 160 191 34 217 60 17 253
    203 137 77 224 5 63 173 69 139 12 225 235 18 84 106 64 126 170 212
    167 116 87 182 15 246 217 60 169 72 46 113 39 105 129 38 23 13 18
    163 130 78 196 255 73 52 39 200 42 198 188 136 96 133 111 142 20 17
    40 8 138 180 54 238 243 64 211 155 2 125 43 19 70 228 163 219 244
    220 126 5 250 36 112 219 41 98 136 63 234 169 43 238 96 251 155 238
    61 55 227 103 154 239 161 132 163 192 159 89 165 70 119 24 13 133
    126 166 195 212 81 220 14 131 234 37 9 92 239 209 177 165 236 70 50
    200 116 83 37 248 15 101 105 204 158 89 133 21 24 81 248 76 230 245
    213 82 110 42 177 152 54 251 185 203 226 33 197 151 198 85 250 53
    202 120 217 105 121 182 66 218 53 206 151 217 178 56 94 31 66 253
    105 224 211 117 189 34 125 113 130 224 23 234 110 94 204 254 58 82
    147 172 157 182 232 25 208 75 178 177 83 65 152 37 79 95 243 128 98
    20 67 72 240 99 170 52 150 151 112 81 251 8 1 138 222 167 65 119 4
    149 240 241 18 128 167 124 222 238 28 132 48 80 4 171 130 111 26 21
    252 38 252 18 138 207 103 13 142 114 175 128 85 70 25 174 65 114 228
    182 63 49 238 59 31 225 52 76 185 94 222 21 207 86 190 170 8 71 39
    65 78 137 139 156 187 181 236 172 56 90 89 196 100 79 217 84 66 243
    51 130 203 141 159 76 190 155 72 189 177 25 32 39 227 168 76 115 203
    42 28 196 2 253 105 45 86 128 165 180 29 49 76 32 19 49 72 151 145
    18 203 110 127 49 127 120 201 52 205 134 184 216 189 201 249 202 57
    100 113 22 169 50 11 97 72 189 97 100 48 29 215 106 33 62 216 108
    214 8 51 138 223 137 159 8 76 72 113 132 33 231 114 110 113 83 108
    25 84 158 105 78 156 231 173 87 205 27 202 24 25 139 30 229 60 8 45
    78 64 216 227 124 206 45 22 129 237 25 98 237 7 29 92 172 94 167 189
    45 37 205 103 8 244 95 217 248 15 191 203 205 78 118 217 82 229 30 1
    202 31 242 175 21 145 140 5 69 233 97 74 252 87 101 10 178 40 33 168
    38 45 235 225 28 54 9 85 28 181 64 46 174 225 234 216 16 62 31 149
    249 220 129 128 59 29 105 103 12 149 139 134 169 229 82 238 100 220
    28 29 254 152 18 80 203 94 161 36 178 12 145 31 171 186 230 6 227
    192 228 53 39 140 21 248 134 129 230 127 73 46 164 195 137 2 78 186
    72 146 117 135 139 66 139 54 123 202 188 135 164 227 214 128 136 208
    105 139 145 208 46 236 167 63 92 167 119 230 88 141 195 211 44 136
    113 205 178 53 70 222 74 201 136 67 46 136 240 153 150 87 222 92 136
    143 191 15 207 150 106 137 151 222 163 118 233 97 107 150 246 13 114
    170 20 243 65 21 81 236 200 44 26 181 200 39 184 220 179 24 106 16
    62 61 200 253 207 54 174 139 223 2 10 207 184 180 212 57 136 45 63 6
    27 192 159 217 32 178 59 188 219 249 31 25 161 227 76 180 237 89 4
    220 114 75 28 175 194 185 176 158 96 12 74 219 150 26 48 217 232 19
    185 197 174 223 161 196 31 71 97 163 207 68 156 71 34 110 22 80 38
    145 70 29 174 236 230 68 26 37 194 233 200 69 37 202 247 6 87 30 161
    243 230 153 49 153 71 93 78 198 86 21 41 94 186 27 82 225 121 32 3
    236 246 100 244 125 37 139 254 123 32 176 255 215 168 139 54 33 172
    154 240 83 73 159 191 35 96 82 114 188 11 212 156 250 68 242 146 253
    159 189 47 45 44 9 56 226 165 207 97 143 163 55 24 58 17 119 157 198
    255 17 183 164 229 9 119 113 40 20 143 94 87 171 65 42 184 91 238
    217 174 209 9 172 158 89 159 129 70 182 151 116 234 167 86 98 41 228
    247 205 163 16 94 38 22 212 243 167 248 106 41 129 32 225 225 69 10
    70 2 249 26 186 102 203 194 46 217 153 214 186 140 54 160 139 154
    109 252 42 78 157 138 252 249 125 32 232 237 6 40 207 24 224 169 191
    164 26 22 93 116 124 98 87 203 46 202 218 137 96 176 60 21 202 25
    226 57 232 44 28 208 20 215 176 11 187 245 207 239 180 31 130 118 9
    176 48 9 240 193 28 173 114 212 24 37 97 27 13 109 15 210 241 44 134
    180 30 233 160 67 146 99 224 251 76 250 199 207 23 233 142 160 249
    44 223 247 209 63 21 226 140 228 78 41 253 161 39 217 175 210 130
    236 134 17 59 8 8 205 104 47 3 93 85 158 223 14 4 44 20 184 83 148
    55 193 15 3 118 165 180 154 217 29 13 242 18 100 122 173 125 130 161
    22 16 245 193 52 138 211 58 246 239 150 57 80 0 71 53 3 110 109 85
    129 110 56 214 151 93 134 173 182 194 85 221 249 30 181 178 22 99
    246 179 147 22 167 175 253 249 241 30 212 246 184 16 251 179 219 106
    232 107 43 166 211 58 36 254 191 26 58 115 175 238 15 140 160 209
    186 86 149 45 143 192 108 219 253 199 27 184 19 86 119 19 140 53 40
    50 193 168 155 98 182 153 121 188 11 153 154 230 45 179 178 211 71
    68 247 239 58 168 210 97 25 245 65 200 162 137 95 60 121 129 4 223
    237 89 145 195 18 192 10 107 64 178 197 200 160 161 52 145 65 107
    160 143 62 68 140 143 94 156 103 64 214 226 217 171 65 240 89 90 100
    38 17 14 190 171 189 216 70 72 57 50 163 77 151 136 233 254 191 12
    100 117 223 182 8 105 25 95 198 243 233 212 135 65 91 244 95 32 152
    140 47 233 203 62 7 120 11 194 165 123 123 146 157 203 105 123 249
    143 142 125 194 246 50 39 182 219 233 96 221 10 231 192 133 111 151
    4 53 96 213 194 38 24 9 42 146 150 250 166 153 143 181 20 28 225 50
    54 230 162 3 101 140 4 76 117 64 218 34 27 254 245 65 177 109 81 135
    34 95 31 125 251 64 154 225 23 250 65 22 23 245 184 16 6 229 63 220
    166 149 193 140 72 121 221 213 225 247 195 33 134 51 70 226 168 9 99
    155 74 97 94 90 188 213 51 63 200 219 147 148 19 203 70 15 134 78 13
    235 75 64 173 133 53 155 5 151 181 126 233 28 60 197 28 134 189 67
    51 35 107 208 194 120 9 230 172 34 235 23 8 1 254 228 5 216 123 68
    75 35 170 112 44 80 41 204 93 221 178 187 115 47 117 216 146 19 62
    145 64 88 211 192 237 75 250 135 92 26 115 29 90 192 48 202 197 29
    255 98 65 163 6 118 118 43 99 178 14 252 43 198 17 128 159 4 86 65
    28 153 119 120 4 81 33 2 133 102 111 60 180 61 203 133 36 231 179
    156 245 247 3 245 98 131 75 16 206 138 120 9 55 70 226 196 241 33
    182 202 73 122 120 235 250 163 136 94 250 25 157 247 209 120 96 93
    201 11 10 24 195 196 246 203 206 199 7 209 75 7 14 174 70 149 134
    119 151 150 254 235 222 63 63 119 130 105 166 202 166 49 238 159 12
    134 222 40 15 58 146 222 4 194 124 55 126 228 183 224 11 64 92 101
    249 138 253 230 175 47 55 224 57 90 168 61 191 139 235 200 38 174 9
    152 143 110 233 28 127 164 127 183 178 213 227 38 182 69 73 89 62
    115 82 112 135 145 160 177 254 71 215 179 173 94 233 215 14 175 178
    65 58 202 126 32 62 178 35 129 26 208 23 230 110 189 8 22 198 250
    202 74 236 73 0 7 11 79 52 124 210 90 27 55 179 47 80 253 6 59 17 66
    45 7 158 138 189 187 22 35 218 213 107 251 142 94 150 120 133 83 49
    165 116 57 228 97 125 202 222 56 148 148 178 172 197 242 0 246 99
    109 222 55 117 99 232 244 228 112 130 119 49 89 90 178 157 99 248
    198 197 74 208 28 77 255 121 172 217 170 98 114 140 123 148 138 131
    223 243 75 245 139 149 182 127 69 233 9 252 232 75 108 105 253 176
    21 98 219 196 200 68 76 174 250 76 177 185 153 186 60 156 5 50 65
    110 90 103 160 67 172 76 76 182 122 165 137 96 88 178 43 154 247 62
    242 108 209 123 25 76 237 79 245 45 235 77 156 54 194 242 162 149
    167 114 241 190 175 247 248 100 50 136 188 110 59 216 64 146 123 82
    14 148 209 209 140 84 223 141 165 108 86 34 51 136 146 225 203 68 62
    136 51 255 187 215 171 191 179 218 161 39 109 178 208 23 74 187 104
    74 80 1 211 70 31 223 151 120 207 166 134 166 67 141 166 157 198 26
    27 222 143 255 3 40 31 137 142 95 64 32 7 200 97 192 41 222 43 117
    222 228 69 169 4 77 126 120 143 45 217 4 229 68 35 96 103 215 19 54
    163 55 166 240 215 209 143 123 77 243 9 71 125 51 63 143 131 148 7
    18 248 39 224 161 102 70 186 41 126 109 147 106 27 202 146 87 163
    139 226 123 41 96 226 12 142 192 64 230 101 237 110 8 127 18 70 93
    128 98 82 91 63 83 66 5 125 9 216 183 226 67 248 44 79 219 215 26 88
    194 74 50 102 97 195 13 28 32 43 17 219 195 86 109 234 94 172 62 135
    83 13 145 227 248 209 100 46 85 249 215 149 125 196 195 64 139 87
    179 64 3 220 222 83 23 131 68 193 83 173 92 231 221 23 125 171 219
    118 219 234 205 250 185 25 5 213 114 33 226 202 10 20 100 217 238
    242 219 148 113 78 234 10 121 178 165 95 154 115 218 254 176 69 227
    110 56 131 70 214 135 104 207 153 164 167 136 136 55 251 173 228 0
    70 225 213 166 230 159 144 123 101 178 222 140 62 186 93 214 139 222
    139 12 218 82 155 208 97 37 236 214 250 23 215 172 61 153 156 213
    105 190 254 92 187 163 145 136 111 133 52 117 160 10 103 198 200 48
    42 168 56 50 32 100 227 32 136 155 45 13 254 24 74 77 234 165 216
    239 124 228 40 246 173 36 14 177 102 230 3 240 126 252 11 17 240 203
    221 104 134 156 31 159 243 195 110 43 119 166 53 195 137 148 223 200
    86 23 48 82 253 127 219 159 31 199 7 8 16 253 243 245 139 152 30 197
    199 249 229 168 87 41 179 135 79 222 45 174 185 101 203 75 67 20 183
    135 138 130 249 71 148 109 203 160 125 12 138 144 78 182 232 206 9
    207 242 12 71 61 104 219 26 71 204 202 233 35 163 111 182 157 65 198
    60 58 153 170 249 33 134 32 218 76 22 94 5 77 199 133 136 215 9 116
    186 53 238 162 96 75 97 85 116 45 146 32 135 7 161 175 225 44 2 228
    167 63 31 109 191 161 9 168 8 121 191 137 98 194 51 153 125 22 227
    75 51 75 228 253 5 113 35 103 115 95 134 90 155 18 122 201 156 65
    228 39 27 9 14 221 56 204 101 156 251 246 23 210 51 14 225 0 111 131
    144 195 209 76 164 103 182 62 51 179 14 169 139 244 60 8 13 104 24
    95 153 46 97 98 146 45 175 120 210 190 203 123 38 64 118 123 96 59
    211 158 194 145 143 248 134 172 187 163 238 47 15 47 246 66 121 176
    252 28 206 193 211 192 103 52 6 202 123 195 215 178 65 60 51 116 51
    203 185 211 237 16 18 249 189 185 227 70 150 132 195 148 67 89 145
    161 186 163 241 244 3 35 52 27 245 67 215 172 216 164 92 43 29 78 33
    254 102 192 177 73 43 38 226 189 82 144 163 51 75 114 131 241 248
    180 221 62 49 29 224 228 28 111 16 128 18 243 113 177 238 21 17 189
    118 56 202 159 52 52 29 94 80 157 19 204 75 173 141 32 27 78 231 34
    101 205 115 80 9 205 167 114 243 151 19 218 197 218 130 84 22 181
    170 105 177 69 16 87 59 181 156 182 129 55 39 210 209 20 211 177 227
    169 132 246 198 239 46 82 85 126 86 29 243 159 216 86 131 70 145 11
    250 197 101 56 77 3 71 131 169 118 176 53 16 74 82 169 68 1 223 203
    182 10 154 8 23 81 165 160 131 107 209 121 129 201 198 183 219 203
    144 18 200 187 152 189 29 140 206 128 251 151 62 51 52 253 228 64
    126 83 90 248 171 227 192 124 223 4 126 23 0 46 169 90 210 177 45 96
    121 127 37 248 113 218 205 37 34 0 245 63 59 239 165 91 120 87 137 5
    188 67 152 115 5 197 198 54 1 194 71 198 2 22 49 106 99 62 50 60 90
    145 109 113 155 15 3 253 181 199 74 126 211 104 11 77 249 103 96 26
    228 123 246 104 143 239 57 226 222 109 225 31 134 72 77 97 123 238
    244 119 185 215 106 158 240 242 114 68 240 7 31 3 126 109 184 213
    116 214 148 176 171 209 138 106 96 58 210 196 63 68 186 193 228 107
    8 44 207 204 5 35 183 28 18 182 136 46 207 152 6 10 29 251 106 65
    171 229 37 219 148 239 208 163 97 145 190 92 173 40 100 175 95 17 39
    138 158 223 179 121 16 228 90 238 154 123 179 139 136 115 216 95 69
    146 18 41 247 208 54 253 206 215 144 243 238 228 90 40 60 155 215
    140 26 80 90 92 242 236 122 247 1 51 139 77 147 189 100 81 105 77
    158 125 8 96 227 51 220 77 205 208 167 60 150 8 65 138 230 238 151
    52 203 130 253 239 25 210 112 116 234 226 135 2 125 123 143 158 32
    110 147 44 136 239 250 116 134 207 32 122 74 252 242 200 64 127 178
    13 114 222 203 163 244 21 83 120 144 69 158 58 228 175 51 146 236
    225 253 20 229 92 35 199 104 85 4 61 204 30 230 148 97 102 69 62 220
    78 144 255 241 206 168 142 49 92 193 55 32 104 154 166 183 144 61 14
    121 65 246 227 148 132 134 133 0 107 1 26 51 142 234 102 15 23 236
    57 225 104 161 40 163 41 103 1 105 22 165 65 94 196 80 165 103 52
    226 83 22 14 194 14 191 246 200 183 146 37 150 180 75 30 139 127 36
    91 185 147 85 213 6 61 97 88 239 109 191 177 147 205 130 228 29 86
    38 46 225 223 134 199 128 82 248 48 68 201 150 0 163 216 241 236 173
    183 232 0 207 8 119 185 165 16 225 250 5 178 174 122 196 9 46 244
    145 202 198 21 236 11 146 248 205 179 130 212 169 84 33 161 42 230
    180 138 50 107 169 80 27 29 226 2 205 172 243 45 247 201 150 40 203
    216 86 14 101 25 140 78 226 187 13 101 75 232 250 186 106 103 21 138
    66 101 59 132 115 103 159 131 92 203 194 38 246 136 135 131 140 201
    98 183 99 225 204 22 96 50 92 48 86 55 209 6 143 181 161 73 81 194
    84 166 84 205 202 215 187 204 74 100 156 53 95 51 163 183 24 134 155
    41 233 22 234 182 96 247 176 47 81 218 147 222 207 24 98 63 19 93 52
    228 112 181 45 183 182 161 206 216 254 85 7 46 79 113 74 174 1 123
    205 47 142 118 218 58 197 112 174 179 19 204 249 75 110 204 151 224
    220 83 187 162 225 4 174 105 22 248 219 53 76 242 108 239 69 73 227
    240 219 94 94 22 170 57 219 199 105 244 99 140 59 3 17 195 253 136
    146 174 170 248 30 8 243 162 126 214 38 90 163 227 124 1 152 223 113
    159 197 222 195 139 2 174 229 121 41 237 73 223 218 205 229 218 215
    63 194 28 15 118 116 16 93 182 200 95 7 252 52 101 99 181 35 156 54
    194 11 214 5 185 67 155 10 141 253 112 93 109 120 115 96 215 115 132
    1 203 105 105 111 85 83 117 208 217 212 195 201 185 129 130 0 173 71
    114 101 190 65 64 100 58 223 16 100 141 56 121 239 159 219 86 31 121
    203 172 204 252 164 154 58 170 248 85 152 51 199 47 77 250 129 44
    127 92 39 96 165 169 184 240 239 95 170 197 64 171 0 169 214 110 174
    192 206 148 57 54 228 42 86 76 54 14 165 240 101 208 65 84 110 174
    95 200 249 248 247 162 197 82 141 130 246 253 10 149 20 73 199 96 44
    36 127 197 255 114 161 198 178 44 12 70 239 42 46 162 187 61 38 141
    0 156 167 67 210 22 192 98 192 57 157 115 21 11 124 231 47 126 105
    133 167 150 245 119 87 178 82 5 49 58 239 207 23 167 17 114 150 168
    154 120 52 240 195 192 17 46 75 63 40 235 220 20 46 40 202 27 11 138
    252 202 218 93 231 82 236 224 209 195 38 183 166 26 201 167 148 35
    158 99 0 253 15 208 236 190 16 243 189 186 83 94 127 202 179 8 247
    125 14 23 110 196 128 209 207 245 107 248 29 69 96 69 240 2 134 251
    34 171 65 176 136 212 216 225 187 39 12 101 238 215 221 111 223 68
    186 62 196 137 68 227 123 40 4 102 14 209 120 146 65 222 239 214 117
    32 90 96 16 27 75 195 134 105 197 50 125 14 224 216 85 184 89 248
    101 211 3 237 173 185 149 139 47 140 16 138 143 66 200 89 224 29 163
    98 63 6 29 160 180 12 180 107 43 222 129 241 246 101 3 101 58 185 75
    148 245 247 208 58 4 130 38 9 140 160 205 87 112 251 113 30 122 19
    101 250 44 230 6 247 84 236 235 136 135 144 211 13 64 78 39 57 237
    46 244 189 216 182 110 53 122 66 100 222 208 66 118 53 60 61 77 155
    219 101 78 85 247 242 241 117 158 20 235 145 183 127 105 49 109 159
    11 254 15 209 216 110 44 33 92 30 125 204 190 5 112 24 188 138 166
    134 238 177 30 6 198 170 38 248 6 126 54 130 48 37 250 236 191 11 60
    35 186 83 177 106 14 24 63 171 146 142 172 249 200 141 221 167 252
    221 208 210 169 81 205 101 156 21 159 253 29 72 174 65 86 241 197
    195 133 200 234 37 113 127 74 53 30 131 197 221 148 22 123 147 52 94
    4 34 65 140 105 34 9 69 88 198 130 242 186 184 105 94 106 225 129 35
    164 151 226 33 122 245 72 71 138 171 169 185 186 101 13 10 7 62 173
    127 2 153 57 17 50 49 185 5 5 82 68 115 164 245 42 249 68 190 206 27
    151 10 3 174 219 249 86 247 225 123 168 153 238 89 181 140 55 209
    111 231 85 247 65 149 13 41 146 109 23 126 133 16 7 139 227 254 170
    140 101 2 238 199 94 162 124 209 233 196 170 40 29 104 77 153 166
    200 219 202 179 250 176 176 240 40 161 54 39 156 135 179 250 212 65
    223 221 210 140 117 135 193 237 225 174 75 87 159 49 131 149 6 92 24
    38 111 7 0 239 55 63 34 218 209 241 20 130 57 117 75 252 247 30 115
    152 98 76 233 84 35 39 154 217 160 24 28 249 72 13 2 123 245 66 128
    143 136 206 122 126 66 114 74 141 207 69 252 215 193 225 205 61 207
    82 73 96 93 9 195 66 38 52 127 203 97 52 58 10 87 44 188 137 108 75
    211 97 196 27 144 61 145 203 118 54 216 223 190 221 242 215 253 4 16
    214 2 200 57 178 171 27 173 70 156 80 95 216 215 172 210 138 167 206
    204 135 132 30 162 171 74 69 78 76 192 223 127 163 104 181 196 48
    139 170 250 252 113 13 62 161 47 178 191 7 131 44 82 109 232 5 45
    240 178 159 37 105 172 40 239 77 93 150 92 144 10 210 57 214 176 130
    239 166 117 57 242 157 179 217 90 245 94 125 243 75 217 2 13 249 59
    183 169 247 157 62 132 127 56 229 45 144 185 75 223 133 91 169 88
    251 167 69 43 114 165 109 117 17 190 71 78 90 75 92 125 149 161 205
    157 7 98 192 68 118 208 43 150 132 43 9 175 251 95 75 137 239 9 145
    243 251 211 117 25 90 41 138 206 184 222 57 245 38 215 244 204 91
    225 234 96 135 238 119 2 227 15 34 83 105 51 187 62 9 50 166 135 126
    81 227 214 197 127 241 238 183 152 180 211 204 217 218 224 66 197 69
    113 107 234 75 189 68 44 203 134 170 112 90 82 172 87 166 29 251 241
    150 255 36 1 255 44 218 122 28 127 201 71 231 145 12 153 133 1 96
    204 215 144 123 232 144 105 239 144 74 20 14 155 37 58 39 187 141
    156 123 56 229 251 141 214 224 33 22 86 184 158 37 18 194 28 156 228
    157 21 143 98 218 101 69 118 204 76 82 21 121 103 206 161 160 215
    135 231 225 80 249 64 174 24 232 179 164 221 111 170 8 120 230 4 127
    90 170 64 219 32 168 185 41 4 224 193 161 220 123 166 116 230 200
    102 40 19 245 108 5 74 127 226 55 56 124 139 206 219 195 117 10 32
    156 134 22 4 38 167 101 62 3 15 237 181 50 172 79 158 55 194 108 127
    209 60 104 182 95 28 151 90 217 253 34 174 50 167 200 93 217 225 169
    128 28 88 82 224 119 179 242 230 13 88 178 44 113 196 43 218 229 53
    212 109 108 21 13 74 37 96 224 67 17 19 220 52 72 125 249 150 228 5
    44 41 20 122 130 135 64 88 39 83 76 38 210 177 80 151 91 148 188 117
    55 160 221 195 211 93 82 131 196 117 92 56 160 180 187 79 229 116 54
    94 247 180 1 167 189 171 49 91 185 205 208 194 26 71 172 140 16 89
    138 138 83 100 50 221 42 88 137 191 206 69 75 209 91 222 93 192 172
    158 71 68 192 191 6 91 125 0 42 157 132 111 220 240 196 1 160 145 30
    13 188 201 153 45 4 114 2 19 19 70 100 203 38 41 32 114 187 205 192
    154 60 196 199 210 246 246 133 125 107 126 172 152 244 44 174 233
    131 5 73 128 239 119 211 101 71 157 219 73 101 172 157 175 237 212
    77 98 2 51 1 153 137 129 151 77 65 22 25 204 84 253 210 105 249 55
    204 55 1 20 133 140 27 210 73 14 140 92 11 128 180 206 138 217 4 101
    210 231 184 211 56 250 130 165 45 251 248 190 108 20 111 199 179 12
    1 31 69 181 101 231 64 117 30 241 167 39 172 237 227 86 249 79 153
    205 173 188 115 140 128 179 110 12 154 104 112 0 246 245 203 118 198
    190 12 92 41 6 51 188 41 60 186 170 239 59 33 237 127 116 217 10 241
    146 191 29 252 72 35 235 216 65 119 7 203 129 75 193 244 243 86 96
    161 229 57 136 74 82 27 142 75 166 51 146 89 39 150 205 216 48 194
    141 11 206 253 174 97 134 196 226 141 246 52 143 200 176 3 52 25 4
    153 65 68 72 39 41 169 152 211 180 50 144 204 85 223 185 104 17 240
    233 12 71 242 182 234 231 190 213 94 142 34 161 3 199 207 144 225 78
    18 128 189 59 4 3 218 222 248 8 153 219 121 162 148 15 9 196 92 31
    91 252 193 30 109 174 249 152 93 129 219 42 60 198 212 17 68 52 76
    13 245 224 54 203 25 166 83 234 6 163 182 93 98 190 226 27 246 119
    121 235 161 97 183 28 126 13 226 236 189 3 231 41 186 224 176 226
    243 224 56 232 108 61 215 176 250 195 237 195 167 162 21 176 176 200
    214 203 228 117 16 148 10 82 2 207 238 173 219 107 110 86 39 81 149
    111 159 159 160 46 190 0 86 172 159 167 158 105 196 5 68 106 242 222
    138 38 228 128 62 234 248 71 197 15 142 68 184 193 235 156 242 81
    226 123 216 7 65 143 114 194 220 100 122 38 202 36 124 132 155 166
    25 18 128 132 12 73 183 1 200 94 217 12 89 7 7 165 194 118 122 61 69
    85 123 140 170 223 99 62 242 189 117 82 216 52 28 44 83 19 168 50
    113 25 61 78 24 15 40 155 227 110 45 208 95 87 250 123 218 181 209
    249 186 159 99 68 177 46 176 163 160 183 208 190 42 65 69 250 182 58
    71 1 27 188 247 77 245 27 78 77 237 34 195 190 120 211 106 101 88
    240 119 73 211 4 162 8 4 43 93 221 10 82 161 43 161 35 38 206 88 188
    50 180 23 97 97 10 143 116 192 235 159 194 217 227 177 231 130 238
    49 223 56 74 219 137 225 48 124 140 253 125 206 8 38 219 71 212 194
    121 114 219 175 243 38 140 220 109 160 222 120 206 204 109 185 2 67
    101 32 62 172 44 142 202 210 6 103 191 212 92 195 51 75 207 78 132
    246 44 229 130 1 255 45 158 162 197 150 47 225 23 147 86 195 201 127
    74 113 57 245 54 36 47 216 221 169 238 211 243 75 9 74 198 158 12 99
    62 28 106 234 168 212 95 148 185 28 164 211 57 61 237 148 81 210 51
    166 121 61 181 82 134 140 204 75 99 93 131 197 169 219 28 177 207 25
    50 154 129 222 160 243 6 75 154 9 161 106 196 61 168 70 215 157 23
    77 249 201 99 137 69 38 10 44 17 222 103 109 70 252 210 185 191 162
    30 41 170 159 85 61 192 214 204 164 249 197 198 187 238 68 105 196
    165 201 109 158 29 76 86 219 201 197 146 93 174 93 97 163 185 77 151
    1 38 91 237 137 161 57 106 109 92 154 206 6 229 154 129 176 245 112
    235 0 206 106 85 229 197 37 58 215 231 48 191 230 48 221 239 148 146
    141 122 98 161 60 228 20 178 188 122 87 240 123 212 213 56 55 31 219
    68 154 181 71 155 209 248 178 239 207 117 57 221 231 97 47 75 225
    152 21 249 97 128 62 245 145 31 128 65 75 148 182 69 98 34 116 186
    99 96 141 219 227 184 247 148 249 83 241 218 110 112 162 83 189 237
    52 37 162 114 158 214 14 157 119 242 158 47 249 192 143 223 39 154
    178 54 85 184 250 196 197 162 9 145 44 51 209 9 227 66 111 13 185
    125 152 244 153 144 33 188 236 26 18 15 88 106 161 141 206 116 179
    110 149 170 55 145 247 138 40 241 199 212 237 32 172 65 103 81 30
    162 176 5 178 30 234 203 172 142 86 132 245 97 159 38 73 49 187 24
    234 30 202 89 133 42 107 15 159 33 110 177 189 111 98 226 178 19 160
    44 2 5 52 202 209 23 55 21 177 97 78 24 223 229 161 218 10 43 171
    215 128 133 205 185 65 239 74 104 84 150 159 154 217 197 44 133 51
    136 154 2 51 100 102 74 249 251 210 147 198 191 27 224 241 13 82 13
    186 29 58 0 31 225 116 9 102 35 121 0 126 101 177 108 53 41 165 227
    24 223 212 168 146 92 63 238 135 25 236 170 183 147 89 242 27 149
    103 99 245 12 93 181 247 53 85 250 67 173 218 250 182 53 201 219 210
    111 173 224 200 235 211 162 190 51 141 240 251 28 46 106 190 140 11
    46 237 239 153 93 66 157 197 255 25 248 138 103 231 32 141 7 161 225
    125 36 209 169 29 161 214 112 166 41 128 203 9 175 98 0 248 220 24
    190 176 59 212 171 153 140 6 178 129 206 231 244 186 96 75 172 28
    233 156 204 1 158 62 209 163 58 54 4 204 203 208 67 192 109 65 48
    140 153 2 116 143 120 186 33 219 64 152 17 73 56 161 207 244 71 23
    24 15 195 31 208 87 240 185 9 178 85 112 128 78 184 195 5 102 253
    169 81 237 95 83 31 42 76 222 249 52 190 217 70 48 194 40 26 34 161
    52 87 153 103 26 115 195 202 79 192 1 105 34 156 128 103 175 241 152
    137 200 85 223 235 208 237 139 246 112 124 89 169 147 198 66 71 213
    57 204 133 177 246 220 12 246 14 86 163 242 245 40 180 80 1 168 117
    42 71 118 18 199 232 145 27 247 51 152 163 185 185 143 108 80 192
    154 93 106 144 96 189 189 185 121 82 80 200 188 208 236 26 129 68
    124 226 242 164 51 213 4 126 252 47 36 74 83 54 48 77 81 162 54 183
    132 123 176 253 185 41 207 31 118 244 194 205 81 191 9 6 145 155 212
    85 189 22 1 89 157 49 148 233 220 190 235 18 126 238 169 226 39 27
    57 101 18 227 32 92 57 55 175 4 240 222 144 25 206 107 122 103 143
    140 245 146 46 2 124 54 63 35 132 189 43 93 33 106 169 51 177 89 33
    249 103 221 164 93 128 121 254 159 73 37 60 234 19 211 225 232 72
    219 67 170 246 214 255 124 156 108 197 173 168 93 81 118 151 232 63
    139 109 153 86 31 46 137 146 151 221 204 123 7 58 244 109 64 23 193
    69 91 122 232 136 149 76 111 200 135 185 100 148 101 231 68 242 223
    106 238 117 143 38 116 14 107 249 255 242 181 56 205 146 178 90 33
    81 48 137 137 97 85 82 233 144 205 121 116 221 63 242 159 207 203
    126 46 115 75 208 36 32 196 179 35 216 239 112 81 124 227 240 67 126
    105 223 57 221 7 106 240 50 136 176 164 172 230 0 145 209 81 69 7
    243 203 100 62 160 228 168 10 197 230 227 58 221 115 246 27 15 90
    237 58 76 254 231 227 107 217 63 12 203 11 233 49 2 218 127 173 41
    105 49 255 97 199 238 84 141 90 196 168 71 105 191 185 27 147 81 155
    2 156 215 172 192 89 220 12 144 108 44 117 198 147 160 5 43 100 197
    240 135 126 124 17 9 253 126 168 84 76 252 190 216 52 112 211 91 76
    45 161 41 58 186 143 19 235 38 70 133 134 122 151 164 194 144 131
    122 58 45 120 217 70 252 66 192 65 49 73 34 204 142 87 118 246 220
    23 97 70 227 173 40 58 27 16 242 247 4 225 185 162 64 58 179 109 47
    99 19 140 208 214 14 83 44 75 172 224 154 228 43 216 40 6 227 182
    116 193 183 5 31 161 226 245 13 182 85 243 125 145 99 250 122 78 225
    26 21 179 250 160 177 9 72 193 95 141 57 223 154 231 185 135 126 160
    48 57 140 178 150 28 10 98 216 44 129 195 140 90 157 63 86 57 51 252
    105 175 6 83 210 134 127 171 230 130 79 242 82 16 162 227 82 95 203
    239 246 203 185 197 197 125 52 253 128 11 232 187 183 126 140 221 23
    10 190 41 241 63 211 185 27 34 196 80 224 110 177 65 78 245 64 198
    137 230 76 11 173 0 31 98 99 57 1 160 28 219 192 31 228 48 81 121
    234 197 250 41 107 234 143 120 221 221 80 222 200 102 65 27 167 190
    26 62 188 34 77 146 165 88 239 115 173 56 27 77 99 176 250 132 77
    163 35 191 5 240 113 136 28 41 218 6 113 152 159 100 148 177 163 168
    169 177 16 89 40 161 122 3 61 253 82 78 7 36 143 148 82 231 50 26
    206 50 175 162 205 114 151 69 71 196 132 191 46 18 12 44 181 137 138
    38 178 249 235 122 92 87 245 22 29 7 53 221 5 218 56 20 183 151 69
    28 44 199 8 182 193 54 156 64 18 90 75 17 169 49 39 80 24 140 235 2
    88 145 2 60 64 158 203 93 38 71 24 148 47 244 196 217 7 231 76 219
    139 115 62 196 1 17 253 188 67 36 2 37 124 71 220 209 209 251 166 61
    208 4 216 55 5 168 69 163 159 151 20 184 73 81 229 29 5 239 220 68
    241 210 72 232 249 132 129 224 220 140 2 174 36 164 107 108 208 227
    71 202 146 117 59 173 88 200 223 229 252 89 220 186 238 172 85 167
    253 134 254 126 59 139 172 86 216 69 64 3 80 223 185 191 220 186 117
    214 215 233 235 189 92 110 133 74 169 116 179 131 46 160 250 64 237
    128 196 240 63 146 222 246 220 13 59 166 141 92 51 205 199 130 177
    224 117 161 119 42 224 38 203 217 8 141 70 204 57 85 118 139 62 76
    178 44 15 31 242 12 158 206 128 123 218 238 94 152 39 255 124 25 57
    190 232 123 7 224 101 249 195 155 126 133 51 240 3 92 177 207 11 36
    45 41 145 231 207 96 159 11 73 203 40 82 91 114 113 198 79 133 184
    59 143 203 162 199 62 203 46 155 234 13 70 254 149 202 47 185 233 91
    115 224 194 216 247 106 215 209 230 39 195 237 205 37 36 47 172 174
    10 158 121 7 2 24 182 144 0 97 35 242 13 6 57 143 220 125 146 165
    230 178 107 194 4 216 140 181 47 117 142 84 0 38 128 115 75 109 178
    189 246 3 178 102 201 27 250 219 58 178 144 66 214 38 42 112 97 238
    224 205 45 110 156 21 177 149 111 211 129 48 195 204 79 59 41 48 84
    168 140 186 132 237 246 169 2 199 225 41 178 215 22 129 130 90 185
    141 152 230 105 234 15 113 38 165 185 217 58 143 27 46 44 199 222
    183 23 233 67 38 206 87 193 24 95 91 79 13 238 188 209 209 125 151
    187 105 178 100 35 216 199 173 168 191 166 140 91 21 126 141 172 99
    248 58 45 150 200 12 66 127 43 216 94 250 140 145 73 203 21 179 102
    200 146 184 144 186 254 199 74 223 132 110 175 160 176 24 155 9 71
    195 188 137 147 182 173 64 168 242 33 144 52 191 58 120 56 39 205 99
    99 222 140 151 245 108 165 104 78 254 217 202 203 67 136 196 105 143
    52 123 88 224 238 228 247 55 56 63 86 205 159 33 223 100 30 50 247
    79 174 177 60 127 30 128 114 8 118 232 200 174 43 186 249 18 240 206
    210 114 134 132 185 129 1 166 209 171 67 182 109 25 128 171 223 212
    103 199 55 29 144 2 17 95 212 14 109 136 186 148 90 227 63 43 31 55
    202 24 234 189 200 237 228 241 232 111 71 247 85 194 186 125 250 228
    39 61 161 173 141 212 150 213 154 5 41 59 173 198 201 140 43 13 168
    61 69 121 195 211 169 124 77 201 28 6 45 7 207 249 55 21 221 51 177
    130 158 248 240 145 149 214 44 161 110 148 236 86 144 174 1 150 68
    55 77 76 54 58 150 226 43 218 168 223 179 201 69 61 109 14 170 69
    137 126 118 220 32 234 212 142 72 230 132 94 71 119 120 12 34 68 246
    144 89 153 109 166 42 223 14 100 142 87 155 229 27 132 230 135 238
    240 99 253 148 105 110 234 206 234 71 44 50 216 163 198 64 106 64
    238 27 207 250 29 3 237 145 48 19 208 42 173 12 222 233 29 146 170
    225 136 240 22 183 36 27 55 210 230 137 13 197 42 196 78 122 204 207
    91 242 180 152 192 50 177 134 228 85 225 218 201 137 189 54 49 154
    103 228 55 36 209 155 97 154 50 6 160 186 165 92 168 184 7 169 251
    171 229 33 252 29 41 67 22 131 22 40 2 23 29 25 30 104 102 251 85 17
    0 52 165 0 105 158 95 198 97 254 117 110 134 50 56 68 112 115 211 15
    139 39 158 142 107 15 6 46 149 129 212 33 14 243 181 232 118 38 90
    245 223 4 25 27 20 131 169 228 36 205 130 56 145 196 9 4 115 117 225
    253 225 133 113 110 69 132 197 23 15 44 242 31 135 192 61 93 233 61
    17 206 225 110 95 6 187 17 206 48 172 9 27 36 125 155 115 14 224 139
    107 196 107 169 110 189 35 209 164 73 3 208 159 180 197 47 214 59
    106 151 121 115 71 55 106 181 13 0 250 251 97 216 231 208 216 138
    243 253 238 71 241 79 252 168 18 168 213 150 157 203 163 244 226 254
    10 172 8 155 216 143 127 102 55 240 26 146 139 155 224 232 74 26 208
    113 241 228 84 246 32 236 134 177 58 213 84 39 230 107 50 173 164 20
    112 199 88 245 171 190 44 147 166 84 123 143 37 74 31 128 79 53 35
    172 172 146 230 182 230 121 29 111 147 92 65 62 19 136 71 81 152 101
    118 247 206 43 35 3 87 88 250 0 181 241 100 226 162 51 232 181 232
    130 113 103 154 209 140 151 201 81 196 137 48 222 184 184 183 137
    141 104 90 250 242 176 53 150 215 17 218 143 36 12 253 48 2 69 239
    45 17 189 7 110 43 32 37 118 79 160 43 246 23 8 181 234 43 109 147
    97 223 97 40 60 128 10 237 115 6 237 39 2 151 234 28 27 45 197 25 67
    159 212 159 206 134 95 170 125 123 140 240 229 227 55 218 53 29 239
    249 5 208 73 151 7 150 236 111 125 136 176 35 191 147 249 196 239
    124 127 188 22 219 30 176 48 62 34 193 216 125 252 65 212 112 248 43
    220 84 127 47 12 245 145 69 99 83 122 69 23 42 218 181 169 62 213 95
    107 45 127 9 112 118 203 191 88 126 133 219 113 143 183 68 151 250
    82 69 158 5 242 1 44 223 187 96 121 172 91 252 148 123 220 86 14 91
    138 102 33 18 75 207 55 228 127 242 97 60 205 40 42 207 100 181 109
    66 244 228 238 81 244 7 86 142 209 98 239 120 27 69 6 160 123 253
    226 75 52 42 87 227 207 113 28 163 95 58 133 197 17 246 83 64 106 40
    41 193 17 214 179 86 172 162 77 208 229 141 88 37 58 227 174 65 248
    86 49 114 67 253 72 113 48 224 3 81 3 20 132 195 152 193 50 218 119
    180 217 200 25 68 43 142 21 246 241 5 113 217 165 62 167 16 36 150
    56 105 178 237 71 225 8 254 145 242 111 122 94 13 52 51 148 163 16
    242 89 186 251 182 175 192 136 125 26 95 93 110 230 84 142 124 202
    10 4 8 90 67 211 176 16 86 56 102 69 254 227 32 123 128 87 66 246
    152 68 84 70 77 180 6 102 104 222 34 207 217 169 230 113 166 158 245
    115 219 12 64 205 141 217 208 139 33 229 5 35 136 167 138 136 72 133
    162 16 14 46 4 145 24 198 140 61 175 249 162 100 50 11 173 42 224
    146 251 40 177 144 34 50 247 245 154 142 184 6 147 127 197 216 232
    72 190 171 29 145 237 206 8 191 19 105 105 239 70 73 173 26 23 84
    126 206 217 167 251 254 233 251 97 150 72 223 216 113 37 185 93 149
    42 211 195 234 217 68 125 30 15 113 147 175 232 30 189 88 204 59 177
    159 200 104 77 116 35 172 158 158 235 11 41 68 90 85 220 185 136 199
    219 234 31 219 114 185 116 156 153 129 209 39 226 11 172 71 87 174
    139 88 250 222 201 238 73 161 128 202 235 55 235 247 108 208 3 213
    48 41 189 166 34 156 177 27 74 200 95 194 145 91 67 183 118 145 54
    242 202 241 34 94 241 101 117 76 171 87 154 76 232 54 40 51 156 89
    46 26 249 115 118 81 18 53 36 217 183 244 92 74 122 43 222 45 123 87
    160 224 87 145 215 163 129 69 220 169 70 0 28 131 253 134 36 121 195
    179 7 171 62 208 71 67 161 235 113 91 186 177 111 214 241 223 138
    215 8 63 71 132 210 117 36 204 249 149 240 1 209 4 162 3 105 143 129
    117 11 16 226 183 179 124 176 167 78 159 123 151 40 225 61 32 235
    135 58 236 0 30 242 22 119 93 34 206 44 231 5 182 119 96 89 176 120
    147 151 41 92 106 125 115 217 222 0 120 14 183 155 133 18 31 176 128
    12 27 227 185 178 45 19 219 245 167 123 92 80 33 132 240 11 238 105
    138 68 27 34 133 225 64 213 127 26 141 228 230 205 206 218 204 69
    239 222 250 34 185 222 131 10 119 239 186 145 238 185 99 60 169 122
    175 203 160 181 112 243 15 102 136 144 116 64 142 246 226 76 47 109
    169 65 73 89 247 198 184 27 212 93 135 31 58 132 160 38 172 137 64
    110 66 245 139 234 123 236 119 255 148 118 217 152 56 76 129 151 182
    37 135 129 97 160 145 125 177 197 47 38 179 86 164 143 9 88 7 13 91
    176 214 70 176 107 157 101 245 201 204 29 242 75 238 201 6 82 33 72
    146 95 80 119 69 85 249 248 55 107 101 109 111 165 100 26 124 185 78
    156 22 60 234 107 100 210 95 125 130 134 92 3 251 101 51 109 46 132
    121 104 124 200 19 148 55 95 33 75 134 209 64 29 193 239 99 222 200
    9 124 106 180 154 128 32 59 46 104 218 101 65 252 121 221 157 202 20
    66 53 164 146 106 9 106 90 224 190 17 25 242 48 79 40 110 229 226
    198 203 50 191 176 248 137 238 192 83 72 25 168 62 199 120 71 190
    223 8 59 208 234 210 1 50 165 42 70 11 194 111 84 26 133 39 49 42
    109 75 119 83 246 41 145 181 83 1 96 47 220 187 193 101 213 38 76
    110 90 195 21 11 140 132 128 135 92 37 123 71 12 23 76 63 159 137 39
    119 192 63 70 21 166 139 49 35 195 248 107 203 181 214 136 245 83 89
    46 118 232 241 224 219 185 84 8 79 255 53 214 53 170 92 164 143 126
    53 76 222 181 155 246 236 165 242 244 32 167 220 203 119 158 167 89
    185 113 205 95 173 144 120 188 140 76 34 140 53 152 40 234 225 93 97
    45 210 251 139 98 171 155 137 144 52 56 56 51 158 102 227 126 69 65
    30 104 40 242 114 39 133 4 242 186 85 187 47 0 149 238 130 158 30 58
    58 226 215 245 215 81 141 43 203 89 122 180 215 178 177 72 81 88 6
    137 69 235 211 72 211 242 29 15 125 105 159 156 86 55 113 224 95 161
    221 18 3 75 22 10 74 119 233 115 242 94 62 229 79 42 28 81 26 99 52
    223 80 75 108 220 95 229 124 94 153 47 181 77 121 106 195 100 125
    183 240 56 26 196 213 241 9 2 205 198 125 134 133 46 56 107 196 101
    85 183 7 191 229 130 205 74 90 114 63 45 214 225 98 234 65 63 189
    116 84 111 35 43 76 18 80 154 58 29 189 72 101 89 154 240 240 195
    253 52 11 145 16 214 50 224 212 81 91 37 231 240 202 34 57 117 41 12
    1 214 183 180 129 235 250 212 130 236 221 246 94 83 167 105 233 184
    76 89 235 149 76 200 189 43 101 84 244 149 156 9 116 31 254 134 13
    41 245 178 189 60 142 1 184 69 24 201 162 14 179 167 163 134 134 24
    125 71 14 168 232 134 191 221 216 110 182 80 13 79 46 18 3 213 216
    248 32 216 54 248 60 125 232 8 62 175 249 35 104 64 107 47 49 134
    147 16 12 213 178 94 47 251 102 249 222 173 142 69 214 40 75 176 209
    203 215 147 108 63 163 133 248 230 216 36 1 42 106 234 108 70 94 168
    185 103 207 224 201 156 2 95 89 113 51 224 195 230 224 31 210 197
    108 195 111 180 87 240 88 188 6 251 204 220 209 235 51 50 54 72 197
    96 194 110 154 88 133 109 114 190 198 65 121 210 171 37 148 213 170
    46 137 91 56 247 89 155 145 223 169 75 102 109 108 185 164 4 4 50
    206 141 30 58 226 122 58 188 52 48 200 93 73 64 201 7 25 229 160 6
    203 129 149 27 7 21 107 132 121 49 201 164 173 63 45 35 243 24 195
    194 236 125 46 188 191 104 116 174 177 150 138 90 135 77 107 88 100
    233 49 39 160 161 142 122 203 62 117 222 4 122 170 154 231 249 140
    182 4 138 250 131 145 181 42 147 21 142 140 234 40 124 80 98 137 142
    114 40 121 220 165 12 166 101 189 67 199 249 210 195 15 247 126 190
    60 82 22 157 160 148 42 218 46 51 216 40 169 14 30 48 49 124 10 252
    32 213 39 29 166 67 66 242 8 165 223 168 224 183 114 93 255 70 121
    231 121 168 144 204 230 44 11 125 239 124 197 215 245 23 26 141 173
    108 208 168 250 92 146 17 166 5 230 254 95 142 15 46 103 63 57 217
    152 200 196 46 124 220 79 93 177 199 64 23 67 184 204 236 1 159 74
    194 136 141 71 113 225 132 103 105 85 145 166 63 77 238 214 104 106
    53 57 177 114 64 164 70 215 231 63 63 149 207 144 201 156 76 239 138
    206 131 211 181 231 8 168 108 27 155 44 227 17 48 188 220 201 233
    106 142 32 211 25 255 35 117 162 114 241 74 162 0 57 228 202 33 3 86
    211 42 54 112 6 154 2 154 118 152 244 41 11 62 230 164 141 4 97 144
    17 149 39 127 206 33 98 249 99 208 231 13 63 61 214 82 196 196 10 62
    194 137 19 51 217 50 241 159 127 122 4 115 116 41 230 1 205 75 26 24
    139 173 161 93 168 249 1 163 177 135 195 172 81 6 190 215 146 196 84
    151 13 165 119 82 88 16 115 70 174 254 112 213 51 38 10 138 24 135
    178 238 216 145 251 97 151 71 218 40 1 41 99 71 234 143 151 89 226
    217 98 124 52 235 157 251 141 219 138 160 145 99 6 140 163 59 30 133
    145 57 36 1 97 146 114 49 234 154 15 60 69 199 13 97 216 116 210 58
    107 121 173 14 236 144 26 107 54 157 100 205 121 71 224 86 63 233 89
    182 129 65 118 167 171 178 134 13 7 34 212 224 189 223 72 6 136 0
    231 110 109 196 202 145 134 17 64 118 211 8 162 18 188 73 86 106 250
    42 56 221 135 45 98 94 142 17 61 131 57 20 165 251 8 125 143 92 226
    52 243 147 19 99 83 34 16 117 183 239 103 10 169 191 80 81 110 27
    244 83 76 248 16 77 24 91 204 158 119 92 217 48 159 235 133 154 45
    91 217 6 193 245 170 240 1 127 218 252 74 142 70 130 133 115 48 9
    206 141 160 220 111 106 183 51 147 63 150 130 255 209 199 115 11 180
    102 0 213 135 158 34 43 69 135 110 172 122 47 112 198 183 205 249
    168 133 158 198 220 84 118 166 237 35 47 6 253 231 122 137 174 25
    198 27 248 101 206 24 16 173 117 60 204 9 132 13 249 61 199 218 240
    248 33 30 21 185 207 231 255 184 19 100 15 120 219 248 95 96 189 12
    78 187 93 108 241 23 165 47 219 196 25 122 207 28 59 132 94 95 203
    27 73 21 47 196 10 246 252 238 126 170 187 35 252 157 5 229 4 70 251
    65 48 110 246 184 17 160 8 100 156 90 200 205 251 253 66 82 128 8 40
    143 91 25 31 122 6 105 60 188 178 201 223 213 98 216 20 175 9 26 2
    230 214 10 37 150 21 43 88 10 134 221 222 3 172 114 97 180 169 218
    59 151 116 246 103 68 153 234 145 121 199 251 104 99 251 63 84 175 2
    226 51 181 159 161 240 92 7 238 190 45 5 33 91 85 120 131 235 183 31
    245 87 48 175 65 53 244 165 107 109 3 169 18 82 181 35 239 85 37 202
    71 71 34 38 106 118 102 213 97 68 220 238 70 72 219 29 152 107 94
    120 120 206 167 14 185 190 167 251 53 47 12 233 120 39 207 186 148
    116 224 64 69 185 108 27 248 108 201 204 136 71 162 16 172 57 14 137
    99 24 81 188 66 244 221 36 4 65 252 8 171 59 187 234 55 14 47 243
    214 83 126 93 203 212 214 94 104 88 77 41 196 69 197 99 80 173 248
    98 219 132 44 144 240 74 252 18 208 144 180 203 39 52 167 254 13 123
    213 254 178 221 16 90 73 103 80 0 158 231 98 149 35 30 159 37 225
    131 88 228 178 159 79 183 213 92 26 142 138 133 27 161 201 78 122 6
    82 92 240 68 34 104 141 211 149 34 3 198 87 87 79 154 71 31 77 60
    156 191 55 62 180 116 36 127 113 148 47 101 161 75 93 213 242 92 162
    96 57 109 190 174 156 134 105 238 94 84 5 9 72 232 40 36 89 80 228
    45 142 35 245 54 83 216 197 110 70 162 26 176 215 127 112 88 73 139
    131 94 153 141 186 228 216 136 89 128 2 60 96 110 86 162 235 183 224
    39 46 253 39 254 178 63 118 105 99 254 131 236 121 227 41 49 38 28
    188 54 46 140 66 207 136 12 53 25 172 222 94 30 171 216 150 100 125
    4 55 91 209 141 48 107 87 63 160 173 51 178 27 7 246 233 233 231 206
    220 11 111 251 80 112 180 151 55 40 253 203 12 52 22 159 165 109 194
    1 225 253 222 175 137 183 247 142 54 184 233 238 46 116 75 231 50
    230 223 69 142 177 92 71 175 13 253 39 67 173 113 151 158 185 181
    146 149 249 158 82 30 190 169 6 11 126 167 16 245 67 116 31 86 200
    67 82 249 128 201 40 79 93 204 201 101 128 15 144 179 4 205 211 236
    23 147 170 42 65 118 220 1 133 144 182 143 186 28 142 161 203 126
    203 17 60 33 154 220 35 11 229 151 214 231 201 253 71 79 128 239 60
    253 62 58 97 178 103 252 37 236 98 12 107 124 13 167 21 35 252 15 76
    235 147 189 48 204 249 50 144 198 94 15 161 14 92 207 234 115 199 83
    48 139 72 103 170 246 182 40 74 58 135 32 160 56 132 192 148 36 251
    181 167 107 16 86 43 36 215 172 78 66 110 213 229 247 191 130 226
    230 175 0 206 194 144 77 69 217 89 132 11 157 186 133 57 51 18 50 6
    240 57 83 181 185 29 186 12 252 57 32 177 93 43 10 211 66 188 208
    156 188 251 216 233 193 147 40 183 70 131 252 15 184 219 119 22 176
    81 111 156 234 237 9 217 48 92 173 37 196 133 179 133 52 75 131 149
    133 16 169 0 52 74 181 225 229 243 54 144 195 152 177 154 53 82 217
    196 156 14 85 228 94 43 64 71 24 251 211 50 79 229 97 70 42 115 59
    195 26 1 114 233 189 7 153 103 210 162 219 27 113 120 175 236 249 18
    65 81 39 160 172 31 91 127 17 127 112 61 11 89 55 32 251 236 225 118
    38 235 122 156 166 46 95 199 18 215 89 123 115 239 113 174 172 102
    247 172 54 24 220 251 95 83 250 224 196 146 161 24 17 189 119 74 77
    60 228 52 238 233 237 252 41 96 158 55 159 183 187 194 220 219 103
    161 2 188 14 112 18 178 74 228 208 239 223 124 85 177 13 220 15 168
    31 89 225 29 79 114 222 233 112 184 79 239 84 235 201 243 40 41 161
    205 139 12 118 40 132 72 18 193 3 66 122 124 143 65 68 6 200 30 235
    198 139 56 98 11 17 253 205 192 4 110 34 251 152 34 215 205 37 171
    183 243 137 95 18 74 163 252 182 38 25 11 202 162 186 244 224 150
    183 134 15 235 245 80 12 49 214 38 6 214 203 89 124 203 221 246 20
    154 242 244 254 189 95 157 167 81 64 235 6 125 203 136 45 195 230
    129 224 6 56 117 223 155 240 109 130 160 57 45 211 218 236 231 105
    43 168 21 26 46 25 41 214 33 54 245 29 166 183 78 25 220 85 255 140
    170 244 219 153 51 145 197 128 170 146 158 39 190 191 158 35 219 100
    135 46 39 61 186 73 140 39 164 232 16 92 167 52 86 105 172 208 26
    138 177 66 56 36 24 58 120 147 103 5 49 240 240 6 91 2 153 11 56 105
    3 99 156 221 217 95 43 206 157 8 16 121 108 30 133 236 88 118 240 73
    44 45 44 38 38 9 185 152 226 76 34 187 79 120 201 2 104 208 77 222
    69 57 238 210 189 88 1 37 24 144 108 178 141 96 193 205 215 165 156
    217 31 231 175 243 155 166 230 70 133 49 228 11 202 93 140 2 159 201
    254 49 153 249 133 36 87 31 228 17 76 179 219 12 100 209 248 71 164
    222 197 124 84 251 250 84 238 225 169 19 106 11 252 242 108 225 105
    136 78 231 131 75 66 140 20 246 84 123 131 76 106 35 33 126 147 177
    69 111 0 30 225 225 57 61 76 175 19 114 184 120 162 16 252 47 239
    222 53 215 11 52 170 208 233 194 44 64 34 69 207 74 254 25 110 69
    216 142 103 8 147 246 196 10 220 225 95 181 25 96 172 233 138 55 238
    87 79 98 87 204 136 239 35 213 27 51 168 177 103 6 170 134 168 3 190
    10 181 42 196 15 136 102 35 95 15 138 202 114 110 11 64 173 75 158
    78 88 202 32 191 30 192 108 125 52 50 68 5 111 122 128 200 202 19
    202 50 175 255 175 114 99 0 18 48 62 50 110 70 211 71 155 249 71 152
    16 38 34 163 14 27 169 5 240 241 180 116 100 124 46 152 246 183 179
    217 109 8 70 42 236 124 237 57 249 116 168 161 153 69 68 175 74 27
    255 52 236 55 176 202 240 180 250 166 84 199 96 69 221 124 117 50
    100 70 138 125 77 187 41 196 203 33 192 246 137 210 192 167 213 109
    241 149 161 254 254 58 29 56 116 29 98 10 150 56 47 47 142 214 181
    97 61 185 198 173 200 44 41 176 101 162 168 59 157 232 17 5 9 240 36
    176 16 118 102 249 100 50 104 150 251 166 3 100 116 197 86 35 227
    223 71 72 45 87 133 193 76 85 22 114 26 208 56 113 72 17 186 57 50
    151 118 164 209 201 98 38 114 80 210 117 32 111 154 80 133 161 34
    170 9 79 181 239 42 62 216 74 144 170 69 113 5 94 178 31 101 36 102
    160 47 31 168 175 72 15 188 176 90 205 79 206 249 196 15 80 30 97 33
    179 216 126 225 43 9 45 185 15 180 141 106 49 80 109 129 113 189 170
    239 18 11 63 248 246 35 149 37 228 19 0 63 253 187 63 103 139 219
    138 70 44 163 167 135 221 95 226 44 113 50 217 126 91 21 83 0 242
    215 231 8 183 150 111 150 216 117 80 111 26 124 192 72 11 105 218
    109 43 215 104 137 176 209 105 239 71 215 200 229 146 168 187 79 148
    129 70 122 29 213 154 155 81 30 44 245 235 7 70 40 66 162 96 48 17
    173 209 71 89 237 54 34 133 152 122 122 225 18 174 179 24 215 61 106
    148 206 189 237 121 132 191 77 137 181 7 210 229 218 156 223 245 148
    205 230 188 226 196 93 136 221 115 153 177 50 152 108 103 171 233
    159 153 219 16 252 100 181 77 59 79 128 57 214 224 134 208 239 19
    164 42 3 128 37 88 78 171 14 132 99 2 126 226 132 73 68 146 26 18 55
    242 160 33 99 244 11 131 33 19 243 234 173 137 23 90 1 239 145 252
    15 213 188 109 191 8 98 59 202 78 161 212 118 222 16 253 228 60 235
    69 121 141 63 133 168 132 197 20 206 181 146 24 52 65 224 19 196 221
    153 3 179 160 71 43 22 115 124 91 232 27 192 127 146 5 27 63 112 106
    5 53 214 69 33 25 81 220 98 140 186 98 93 127 86 81 188 26 174 55 55
    50 17 186 74 177 89 196 192 69 181 96 73 123 181 201 114 153 130 124
    149 213 24 85 200 79 249 77 193 150 84 42 89 90 182 186 182 95 3 109
    190 1 254 34 38 206 16 128 56 123 169 45 147 117 61 98 124 238 82 30
    224 33 63 113 236 203 24 74 98 110 185 184 37 148 230 78 122 120 136
    64 141 203 116 110 197 169 142 105 92 79 209 85 1 5 222 89 161 153
    18 229 138 152 231 65 107 16 34 59 114 178 235 109 158 178 156 4 146
    160 171 54 22 173 51 122 204 17 98 223 163 231 106 30 42 102 124 73
    30 84 51 236 47 152 45 30 86 84 63 176 175 49 132 142 78 155 90 29
    217 148 254 129 149 198 95 125 245 48 67 164 5 124 109 68 181 138
    193 255 161 107 25 147 60 73 63 0 199 28 52 48 100 115 96 230 65 153
    190 192 47 154 27 203 198 144 45 208 120 65 115 246 176 166 57 89 2
    64 3 60 68 55 229 160 174 118 65 161 253 208 75 254 89 89 106 99 249
    81 52 46 235 34 109 206 87 94 103 177 241 42 27 47 225 240 1 14 77
    103 71 185 65 41 69 235 220 203 81 194 153 75 81 104 198 121 127 18
    86 233 244 49 219 113 231 119 50 196 104 141 152 230 138 54 126 75
    34 97 152 189 110 231 22 118 62 36 81 180 241 209 244 217 64 167 234
    1 116 107 243 205 11 218 119 1 27 148 108 128 89 178 149 157 91 94
    65 164 34 234 63 171 94 74 176 149 120 147 215 8 7 3 35 210 155 218
    213 78 230 109 207 135 227 237 166 173 235 166 19 77 229 27 139 0 78
    197 81 209 131 196 55 235 91 97 100 208 166 66 15 247 31 164 77 142
    29 91 181 240 73 57 115 151 223 193 9 52 40 239 24 31 233 37 196 168
    243 112 209 156 199 48 81 246 103 150 19 102 141 89 34 74 134 70 168
    50 31 53 182 128 138 159 105 201 124 251 152 38 80 248 14 114 85 101
    186 255 174 146 253 200 196 232 110 138 234 77 124 55 124 65 208 159
    97 171 199 58 78 134 235 66 243 100 85 136 115 166 17 218 11 117 144
    58 99 235 19 112 118 236 245 34 231 234 197 101 36 103 82 60 12 226
    167 221 0 60 108 16 13 221 95 26 160 148 90 40 48 20 247 71 194 23
    103 251 199 32 190 190 107 91 221 198 132 93 76 63 33 97 121 165 42
    53 206 131 159 224 105 74 116 169 241 168 250 120 173 105 193 88 233
    207 79 82 105 146 237 76 0 6 143 240 15 110 129 121 169 55 149 83 21
    0 197 216 204 95 242 84 100 38 236 17 57 1 14 171 119 76 109 175 116
    237 255 221 95 116 124 30 157 46 133 212 74 166 109 124 10 193 226
    173 155 112 161 37 35 16 158 109 190 224 132 109 92 133 40 115 98
    161 255 134 139 248 46 56 232 135 17 177 34 113 209 26 206 100 1 126
    144 35 189 238 94 160 196 50 8 245 86 116 179 183 90 106 198 113 115
    74 42 59 94 196 18 211 23 164 45 29 104 191 148 64 140 34 184 2 124
    148 161 175 173 206 226 5 80 254 171 15 112 12 118 59 33 76 46 152
    100 209 7 199 236 97 118 199 253 241 146 12 12 93 1 184 236 189 46
    73 225 144 200 254 151 18 51 106 45 129 105 184 108 56 34 202 170
    214 143 86 236 83 123 73 16 82 74 43 180 15 213 103 145 240 171 218
    122 149 30 25 186 186 18 156 81 18 19 147 11 212 27 176 196 109 106
    9 14 166 157 20 184 85 243 59 211 84 237 221 91 124 34 245 253 233 9
    131 173 21 217 142 146 204 129 244 99 31 162 17 149 203 239 240 242
    254 220 167 229 128 107 28 65 63 46 226 219 201 210 92 183 97 133
    212 123 197 11 144 130 29 47 189 3 127 237 90 125 155 150 70 141 0
    243 179 130 237 218 255 7 132 228 185 56 77 208 223 62 19 11 65 20
    240 42 120 80 242 131 0 194 192 19 162 253 128 142 88 46 37 225 4 22
    56 94 78 44 4 132 161 142 219 151 79 144 95 104 10 124 61 167 22 34
    11 235 218 207 52 210 53 104 4 221 191 198 90 31 1 159 187 27 12 77
    120 219 103 70 87 201 44 119 206 141 75 18 57 25 13 216 69 192 8 0
    240 96 47 93 206 21 111 81 170 124 212 107 155 99 80 15 213 96 94
    195 133 210 102 92 207 117 156 195 20 36 55 5 23 38 183 133 112 23
    154 185 19 195 79 157 44 51 54 27 48 60 72 214 80 40 76 184 27 140
    11 226 38 83 254 160 129 118 42 197 59 190 76 59 199 201 70 182 227
    221 69 40 71 41 40 203 128 185 14 143 119 244 208 179 82 65 182 208
    4 54 238 211 8 229 145 91 65 72 192 233 190 247 62 150 43 78 178 34
    78 226 120 197 19 84 20 217 30 162 121 47 155 96 85 172 104 77 224
    219 84 159 103 200 136 113 141 81 178 8 60 85 76 100 152 110 36 146
    24 226 219 164 148 151 165 234 179 252 95 129 93 156 16 168 28 24
    118 13 174 121 205 227 108 199 244 234 202 3 42 103 56 146 168 201
    28 157 243 176 62 51 183 172 8 203 210 239 219 67 52 65 230 237 188
    133 207 3 54 228 200 86 54 199 21 145 51 196 85 193 119 104 119 245
    158 14 212 124 185 32 218 120 222 40 192 209 206 174 34 21 19 149 12
    157 204 0 80 44 61 255 237 21 253 8 252 247 50 46 217 138 159 179 32
    40 33 71 131 249 222 39 171 35 106 93 177 102 175 71 186 105 181 185
    165 186 66 227 91 211 121 41 182 92 68 195 227 74 136 89 12 73 128
    71 50 178 8 88 243 70 228 92 81 247 133 27 3 33 227 144 82 11 17 161
    33 15 185 167 195 190 99 107 180 170 76 65 237 126 113 253 193 12 42
    222 122 214 214 1 108 77 203 246 147 94 62 242 64 153 129 50 48 35
    252 184 197 253 62 21 102 40 118 47 140 78 241 97 11 109 71 71 204
    135 164 68 194 9 68 159 45 202 188 33 146 165 19 71 19 44 113 175
    120 179 16 36 28 126 183 242 4 221 204 188 97 9 211 200 91 22 211
    114 69 59 7 137 185 235 135 3 112 175 223 114 140 182 145 173 233
    104 34 29 244 86 145 163 231 77 154 122 78 172 157 8 236 187 224 189
    70 124 226 58 140 166 66 0 97 162 144 158 162 124 145 14 146 228 130
    10 226 239 143 197 136 44 51 100 141 176 68 41 2 207 210 152 251 158
    204 135 88 86 112 75 88 65 31 103 234 22 77 187 7 51 117 216 231 193
    169 211 10 10 94 60 230 30 69 175 53 51 202 56 210 218 180 5 139 179
    111 170 32 98 137 183 155 158 118 23 238 171 23 172 55 122 188 214
    27 150 10 73 233 15 87 219 97 17 185 37 124 215 132 30 210 254 157
    220 115 105 253 250 148 70 234 254 102 161 65 64 162 210 70 99 178
    93 102 72 215 175 78 73 94 27 49 31 190 204 184 72 22 197 102 223
    208 60 42 143 197 175 253 60 100 106 49 33 54 176 211 177 45 219 227
    156 90 17 45 115 157 16 194 250 151 138 84 118 195 229 56 167 118
    149 207 110 227 254 26 85 157 70 241 208 159 178 229 66 212 239 202
    56 187 111 183 88 141 86 119 69 54 148 220 23 51 123 149 72 22 33 44
    117 19 149 81 95 252 238 34 207 54 108 59 230 91 61 82 179 20 41 152
    239 213 104 164 93 65 50 184 73 201 142 110 205 98 0 125 234 213 225
    91 79 44 89 186 112 207 40 140 86 241 20 131 149 236 57 116 123 155
    136 0 55 136 112 181 152 15 32 105 200 84 162 71 123 190 73 150 153
    0 71 177 203 215 100 81 145 156 65 156 5 9 185 200 119 137 120 13
    148 87 204 2 212 194 85 28 126 62 148 154 186 67 113 234 22 118 73
    102 11 229 74 170 122 177 101 6 247 212 195 21 21 240 254 75 190 153
    19 17 36 69 172 110 198 214 226 229 236 63 247 201 10 111 97 187 76
    188 14 199 2 136 205 37 33 166 37 31 65 184 126 197 202 132 103 38
    250 246 158 165 189 30 124 14 214 75 218 217 73 140 144 245 81 32 30
    143 164 107 188 151 127 63 33 179 79 178 63 22 21 20 151 151 215 30
    105 183 173 61 241 66 118 143 180 95 160 131 124 111 176 161 242 66
    41 155 109 40 217 138 75 31 103 136 64 250 58 23 247 50 26 209 148
    101 11 54 127 91 235 174 20 28 61 154 2 37 202 154 253 155 68 217 93
    22 94 22 176 25 230 173 89 192 236 174 67 230 42 154 228 145 214 216
    44 154 104 207 190 151 206 240 194 23 163 125 149 182 208 172 148
    219 66 55 225 202 135 20 87 99 184 107 76 40 240 81 65 67 32 6 97
    180 184 139 64 84 200 68 192 145 165 107 7 11 200 92 220 47 48 227
    102 182 128 195 25 129 249 248 252 206 103 241 161 228 140 148 191
    135 162 111 23 112 230 54 151 93 67 140 111 225 56 13 216 184 187 13
    241 32 203 235 253 189 76 100 1 109 98 86 200 210 129 156 13 81 146
    68 51 182 6 101 12 144 196 11 238 35 142 41 57 172 147 28 5 194 177
    251 110 165 234 69 95 134 72 179 196 156 249 105 9 146 118 205 165
    60 22 240 149 234 42 134 237 197 224 209 250 45 192 238 4 49 85 241
    91 192 201 54 95 253 175 145 231 165 93 87 38 96 240 201 12 206 164
    166 228 141 229 86 139 161 139 151 255 245 101 168 114 3 211 38 1
    177 237 10 84 85 161 5 122 201 145 6 79 188 23 109 175 195 143 86 78
    83 37 20 124 31 207 156 134 84 81 44 95 153 230 99 193 125 172 5 132
    173 189 56 160 84 127 42 249 250 24 241 123 248 132 56 91 43 90 217
    220 177 125 102 223 49 154 84 153 84 147 160 247 203 41 155 251 248
    1 79 182 179 152 221 92 224 221 139 255 35 245 113 6 152 225 171 133
    244 149 156 123 22 211 198 42 124 13 174 73 208 174 2 203 134 31 88
    196 200 234 120 22 0 128 34 233 229 179 163 8 161 187 100 164 49 81
    126 141 17 105 206 114 37 21 22 43 113 133 121 180 0 249 240 131 255
    34 183 77 135 23 99 0 80 200 141 51 116 218 16 164 107 130 173 65
    109 108 164 9 182 188 221 124 87 109 199 106 22 164 145 244 43 141
    26 249 24 202 95 82 154 147 92 48 61 131 121 131 221 95 104 179 137
    122 7 142 80 77 94 254 158 94 255 119 175 34 29 193 196 33 251 84 35
    40 94 90 194 109 56 12 152 230 5 151 225 122 169 57 14 236 245 146
    154 24 65 183 17 36 119 33 106 107 125 107 89 228 249 242 251 115 52
    243 131 215 73 103 121 28 78 116 163 3 0 94 43 165 77 235 146 94 164
    224 217 162 25 241 115 34 56 122 214 89 157 71 213 232 17 136 199
    161 154 39 97 81 134 116 227 75 254 163 214 184 35 197 230 238 144
    239 26 178 209 193 204 187 198 150 24 92 138 81 27 188 34 45 222 3
    209 243 232 211 15 138 146 217 23 86 76 122 225 22 235 150 74 35 255
    222 75 27 44 82 45 115 250 123 216 249 20 242 156 156 209 197 242
    180 228 94 73 178 74 222 35 64 217 133 118 113 118 198 253 170 86 76
    186 102 57 108 198 205 196 46 63 3 240 203 84 185 124 202 99 187 249
    229 111 145 240 88 76 122 247 178 120 61 233 192 77 221 245 201 150
    35 52 193 226 149 142 139 225 153 128 37 18 181 59 144 238 230 38
    221 51 157 66 159 214 78 102 233 167 205 149 255 94 132 207 48 165
    237 69 195 161 53 146 46 67 115 110 68 146 149 137 213 4 63 129 13
    134 42 121 179 80 8 64 50 146 20 113 243 244 188 7 238 119 144 125
    22 177 24 225 43 120 159 181 100 250 143 216 212 232 47 82 16 46 22
    59 196 191 80 8 153 103 216 215 214 127 59 221 122 214 187 61 215
    249 213 219 72 40 192 85 141 35 251 39 255 76 105 89 172 207 105 88
    208 198 121 113 141 153 144 73 250 151 196 154 144 233 79 240 27 149
    246 218 244 46 249 171 95 73 69 215 13 149 57 241 235 69 215 199 17
    31 51 213 176 208 251 247 8 135 152 187 99 183 158 59 203 168 101
    116 182 157 4 72 173 216 212 41 138 171 132 34 220 158 11 183 198 90
    128 254 77 178 88 108 254 25 41 248 101 254 58 117 63 66 47 200 199
    32 166 223 6 150 66 150 101 126 248 50 205 180 38 155 83 176 78 79
    241 229 35 234 70 12 138 98 232 76 106 244 12 219 138 180 176 177 25
    53 25 57 27 236 250 239 201 56 31 227 43 115 91 140 62 156 239 180
    204 108 37 198 75 16 50 76 50 245 219 192 137 71 155 169 160 156 118
    186 97 106 12 87 217 189 79 14 68 234 88 170 187 61 174 158 8 11 227
    146 98 156 250 154 55 83 210 242 70 172 55 43 13 173 125 88 210 107
    240 102 2 21 148 77 133 253 56 203 0 0 58 129 62 135 85 63 177 113
    54 98 123 109 17 148 86 231 134 254 253 214 122 234 168 242 4 161
    199 129 193 142 92 176 220 188 42 70 229 201 221 137 145 56 35 243
    42 71 160 7 44 88 228 102 14 158 61 173 246 69 192 113 233 115 25
    252 51 16 119 93 19 111 238 10 230 43 148 186 126 89 247 62 24 246
    52 232 221 26 52 154 231 80 252 193 135 38 134 109 202 44 121 39 154
    241 248 134 127 39 85 86 126 61 189 144 138 255 229 91 135 131 31
    168 251 232 110 64 5 83 59 137 30 147 34 210 73 204 179 93 45 188
    194 250 40 34 81 92 203 138 99 22 180 97 10 136 165 102 50 213 112 2
    24 201 11 47 79 72 147 36 255 112 199 227 103 195 181 0 177 18 229
    12 56 112 108 41 168 37 235 119 252 190 66 203 149 103 196 84 230
    167 128 222 117 194 193 229 246 145 83 242 143 109 12 227 77 138 8
    22 11 112 240 166 9 92 203 208 165 85 162 204 109 219 137 123 88 167
    128 129 186 180 49 182 36 176 47 126 52 17 132 72 57 57 249 253 114
    44 54 224 121 36 164 11 220 54 183 249 211 29 205 70 21 21 160 199
    149 46 59 129 222 242 146 127 92 171 156 33 100 55 189 173 120 238 3
    152 32 11 98 13 12 66 107 192 141 131 169 236 83 55 201 126 245 18
    45 175 188 206 84 195 146 209 101 23 107 43 94 10 80 129 125 64 95
    200 166 106 209 29 235 63 148 247 145 161 65 128 217 77 207 142 196
    75 250 155 86 241 203 242 178 199 182 165 222 82 157 168 56 48 133
    130 106 178 35 92 32 78 11 126 133 210 224 222 108 209 38 199 182
    237 53 204 150 149 241 101 107 168 57 78 252 59 146 215 115 5 200 39
    253 185 67 120 199 185 104 231 36 154 135 126 173 177 42 17 104 137
    166 250 85 50 226 210 98 59 71 100 215 143 92 208 64 153 100 254 59
    255 254 87 241 58 223 250 119 81 39 111 189 146 153 211 251 110 11
    72 157 145 83 129 85 81 19 146 251 6 137 6 221 56 121 172 165 12 115
    186 22 113 61 98 142 139 89 114 58 54 173 95 188 155 229 175 132 70
    61 122 148 201 183 93 119 188 23 46 106 161 249 254 99 180 244 20 80
    75 239 182 52 32 123 204 166 122 116 152 23 229 30 197 92 110 76 226
    99 160 116 109 35 160 99 156 202 223 146 93 11 24 165 206 146 165 49
    216 145 7 73 156 235 254 27 127 242 71 15 198 120 253 59 69 197 38
    245 71 203 244 47 67 168 95 70 87 128 204 60 43 192 69 151 219 76
    148 15 104 184 25 154 10 242 4 40 251 100 176 79 251 181 132 124 222
    201 154 109 204 33 126 90 6 77 124 171 6 237 222 224 200 116 35 201
    73 139 211 232 134 210 35 169 77 160 144 246 52 159 155 62 78 124
    138 29 204 71 99 25 230 42 126 202 202 21 189 42 214 84 226 155 137
    212 193 247 138 35 164 63 214 223 94 85 206 68 165 169 67 102 139 91
    147 3 253 50 136 178 54 120 196 76 23 186 147 140 103 128 214 252 9
    196 179 189 88 138 58 217 250 141 102 35 60 185 21 254 209 141 147
    43 65 82 110 24 25 21 95 254 66 106 183 53 211 196 42 20 26 69 205
    95 4 46 178 100 173 235 163 102 36 167 195 95 196 169 171 204 197
    173 116 101 149 242 181 119 32 64 248 118 87 200 116 226 163 107 208
    10 204 113 122 70 184 235 122 198 211 110 149 208 161 38 23 94 31 46
    187 228 187 131 4 15 138 109 241 197 237 188 80 204 93 237 124 10
    146 10 176 0 116 126 16 47 92 130 194 182 92 77 74 190 115 72 175 5
    87 102 177 246 235 218 109 186 106 94 1 59 97 67 111 118 107 20 126
    109 167 73 0 42 177 181 196 18 150 57 60 37 139 119 188 76 113 252
    231 24 74 35 232 145 43 230 19 240 112 161 219 236 32 87 97 83 84 49
    14 61 230 90 40 180 226 92 137 14 132 186 154 42 145 0 193 84 233
    137 193 183 239 114 107 0 168 231 166 20 131 54 219 28 153 151 232
    76 229 152 88 150 204 229 133 229 13 236 23 126 223 202 253 186 14
    143 133 226 224 41 80 249 214 187 28 231 27 124 48 159 129 89 165
    138 201 196 47 245 227 237 224 184 29 16 104 149 119 133 182 214 171
    9 233 169 245 124 34 155 5 116 186 34 193 73 209 113 65 190 222 161
    134 127 164 174 251 169 175 62 100 78 184 7 15 110 233 250 222 142
    219 183 206 177 197 66 157 212 119 19 222 17 74 197 169 116 80 226
    118 132 41 33 251 200 88 30 45 89 30 67 12 105 44 3 75 195 101 7 218
    112 8 95 156 32 203 246 66 79 23 180 162 129 31 109 133 226 221 247
    191 210 208 125 102 107 5 129 54 23 218 218 102 252 229 102 207 196
    234 182 1 4 1 74 61 68 54 238 36 144 72 117 6 27 111 228 26 182 255
    203 233 92 83 185 93 247 88 213 218 69 188 104 149 11 231 21 88 101
    188 203 253 60 114 22 62 45 224 237 77 248 70 68 8 140 106 182 188
    56 126 204 202 77 7 148 7 17 97 54 179 25 165 49 106 185 43 185 223
    119 163 165 186 32 47 235 179 72 239 69 227 253 49 200 138 164 208
    205 24 203 223 169 78 76 197 48 151 1 36 48 62 170 121 169 114 109
    135 207 225 47 3 126 110 118 65 177 55 116 159 108 144 29 152 117
    121 53 37 155 75 92 241 69 233 17 6 7 248 240 83 3 64 240 78 43 226
    70 248 90 192 92 185 28 118 234 146 249 48 121 77 175 183 106 184 19
    112 101 128 75 197 207 237 35 197 96 85 161 101 61 20 29 30 29 214
    134 225 139 52 104 218 72 69 75 69 219 147 62 113 1 139 182 109 124
    122 242 123 223 189 190 75 254 62 243 242 26 57 210 104 228 21 73
    141 131 162 19 113 248 202 219 113 179 218 194 18 194 225 165 190
    167 64 184 41 206 2 44 76 42 153 244 103 168 184 252 81 90 224 110
    133 80 177 190 204 95 80 25 98 159 78 254 52 65 95 152 42 202 86 44
    51 37 170 79 90 59 148 163 62 173 36 207 174 216 79 151 202 146 154
    117 253 170 62 193 159 97 224 102 10 220 9 148 251 77 179 210 170 81
    124 122 211 205 151 113 86 102 58 170 14 113 44 41 234 141 249 210
    135 72 36 132 201 8 70 159 42 241 188 175 1 242 109 146 39 100 139
    109 172 194 196 42 109 71 134 181 208 36 42 90 151 231 24 17 209 151
    32 234 66 29 255 164 63 54 143 32 108 122 19 169 156 88 65 3 229 133
    42 248 32 230 243 241 110 1 12 88 220 199 183 233 255 80 253 215 56
    175 156 63 142 97 28 68 118 67 119 114 115 160 213 195 122 158 177
    150 137 207 38 129 227 119 158 106 111 11 168 88 185 73 177 50 245
    42 239 60 59 185 103 250 89 213 74 221 81 60 39 65 224 247 97 222 11
    115 253 209 179 183 190 6 14 236 43 109 13 16 253 237 58 60 40 30 42
    221 234 165 142 83 72 137 201 200 249 21 181 161 254 26 142 187 85
    191 78 153 0 115 220 148 11 189 191 242 173 14 168 95 254 83 54 218
    129 255 222 160 50 135 222 49 151 122 71 82 237 26 184 126 112 82
    183 173 202 66 124 242 18 85 217 78 204 179 245 106 95 250 202 93
    188 6 218 53 33 211 86 142 77 142 97 68 249 176 209 140 11 165 55
    159 244 180 66 139 181 193 6 191 169 170 194 157 210 221 110 226 120
    133 198 87 118 22 122 39 185 143 156 237 77 52 129 144 177 82 163
    249 72 160 11 71 177 34 60 105 137 168 55 164 120 224 28 136 47 193
    181 152 14 102 93 215 128 73 165 201 43 45 57 179 146 113 210 165
    222 169 221 236 162 105 200 119 19 41 61 3 189 194 26 191 122 191 1
    216 239 230 116 37 212 159 39 218 66 192 217 177 143 111 165 59 59
    164 66 247 42 68 121 58 204 175 52 148 120 182 242 69 75 69 75 79
    125 40 6 46 54 121 141 137 167 250 81 102 250 123 158 175 88 70 225
    59 124 203 245 174 152 246 223 80 61 217 45 94 173 16 61 69 237 73
    188 95 58 215 104 154 65 242 111 23 148 101 201 96 21 116 76 32 59
    185 230 26 18 29 124 35 85 69 155 19 193 153 52 90 128 234 5 191 202
    243 227 204 107 171 33 144 183 162 159 68 66 110 246 72 11 120 13
    123 29 189 104 125 88 30 176 128 239 187 225 83 220 62 26 215 168
    251 208 118 34 124 106 244 132 222 191 169 44 106 11 100 44 17 241
    183 22 132 230 163 251 190 222 15 231 107 67 137 254 66 153 212 37
    37 130 164 79 223 182 139 190 21 120 73 207 19 87 64 32 89 63 223
    194 36 53 101 224 26 133 85 152 55 220 207 208 18 112 137 151 249
    103 160 224 190 4 179 47 134 172 104 44 87 203 9 170 120 252 125 235
    221 219 249 241 82 105 136 43 77 202 226 185 115 155 65 130 50 70 60
    211 21 227 29 196 96 175 253 62 247 124 136 119 88 193 134 185 84
    103 154 164 133 0 146 165 249 201 64 134 55 158 120 217 177 116 158
    221 0 180 194 241 199 104 31 224 152 135 40 98 225 255 194 249 24
    147 32 122 111 198 66 195 25 121 23 71 47 111 63 157 110 220 250 213
    115 137 153 198 141 216 243 44 72 230 141 177 255 49 232 102 168 254
    85 210 243 85 249 71 186 183 190 150 188 120 17 81 149 128 209 84
    114 164 48 160 99 119 204 75 30 188 219 236 120 203 55 223 162 222
    20 132 135 170 60 205 47 202 158 185 93 169 250 184 99 94 44 163 48
    154 249 93 92 248 107 66 191 89 8 243 83 105 114 23 67 122 76 104
    225 83 126 187 102 51 226 46 122 153 161 234 235 162 112 191 199 227
    194 172 98 95 80 173 73 51 172 234 21 2 151 193 171 32 112 180 193
    160 210 214 150 55 221 14 137 106 94 239 100 32 4 219 243 171 106
    231 158 234 216 215 135 231 126 254 114 213 6 152 111 96 167 130 156
    244 145 171 64 97 98 246 194 108 147 64 82 149 123 43 212 89 95 235
    43 251 204 182 57 23 247 196 182 201 236 223 157 102 11 4 114 142
    232 194 59 178 37 14 239 83 236 226 191 185 57 127 184 63 36 229 142
    17 182 97 216 115 12 250 13 161 49 182 136 75 229 123 8 188 79 138
    216 62 241 186 185 121 1 214 204 74 240 207 11 59 10 228 120 212 148
    214 160 20 165 86 185 253 225 28 91 212 126 130 35 145 122 171 200
    97 18 55 235 91 9 185 188 233 37 85 71 183 145 85 122 109 156 230 71
    206 114 244 138 39 91 93 12 168 219 61 83 160 12 178 6 120 231 238
    137 83 151 222 3 162 153 101 102 51 62 0 13 113 238 232 179 194 119
    185 77 126 230 194 217 166 165 32 245 251 100 90 154 37 85 14 236 59
    108 69 37 164 96 254 252 194 173 207 13 173 225 97 130 138 83 16 33
    139 188 86 88 43 31 146 44 218 190 1 233 233 89 190 25 144 0 127 88
    136 124 148 78 89 103 62 57 15 194 129 81 53 2 81 222 135 119 25 53
    91 102 6 246 40 2 184 161 121 171 112 176 170 202 79 126 190 126 108
    5 66 0 127 230 40 251 143 35 61 98 28 128 226 182 152 98 139 194 137
    86 83 181 110 143 22 16 202 197 64 230 157 174 84 119 194 75 192 88
    190 144 68 221 120 100 121 45 98 138 177 136 160 41 170 41 226 86
    172 49 38 244 89 16 72 124 115 130 203 227 37 39 55 148 7 100 75 117
    28 190 19 178 237 84 236 241 45 48 21 3 201 33 33 174 238 86 208 168
    139 165 46 199 57 217 191 218 34 9 173 42 155 133 200 152 255 90 7
    182 216 64 99 245 210 66 160 221 97 187 188 113 180 245 158 89 1 52
    209 62 219 153 111 118 184 235 170 10 133 205 246 56 189 174 49 33
    65 28 68 210 226 150 197 153 78 86 149 72 85 6 133 248 194 194 242
    83 152 8 137 247 212 19 125 88 24 205 195 4 42 95 173 246 90 210 135
    206 205 13 2 123 29 136 36 95 153 250 123 230 162 231 170 50 198 222
    159 226 202 97 65 129 184 236 215 241 4 191 153 241 45 17 97 177 28
    214 202 51 63 37 159 243 213 35 89 116 209 67 0 26 212 162 126 183
    26 10 77 175 232 143 64 2 161 96 66 226 117 35 196 67 12 245 146 108
    78 0 44 66 155 108 81 166 199 49 126 30 94 246 110 167 191 198 79 66
    54 148 87 4 239 95 84 19 38 23 108 138 169 31 69 202 45 148 195 170
    177 60 41 33 168 145 59 75 86 209 39 178 58 197 160 120 200 209 149
    72 28 39 44 155 69 119 32 41 123 137 216 241 63 146 198 84 127 186
    86 10 78 193 248 48 15 75 177 72 3 215 33 151 149 79 179 21 233 238
    0 177 184 132 207 222 86 18 91 137 51 45 224 64 79 185 251 70 36 6
    217 127 85 152 139 147 35 184 65 16 96 126 119 212 152 192 237 171
    247 171 52 28 64 33 17 185 247 14 161 36 172 133 83 97 6 213 205 194
    239 166 70 208 184 148 9 207 222 250 34 110 51 50 200 105 61 215 149
    186 52 33 174 178 154 195 95 146 41 32 141 192 73 32 251 72 59 226
    250 91 158 0 148 184 168 241 24 2 254 124 194 165 250 202 121 132
    215 15 132 10 66 141 168 41 126 148 166 140 92 32 86 173 218 10 233
    178 30 21 9 160 64 124 101 179 27 7 244 111 205 115 227 83 66 236
    173 192 48 222 191 46 24 112 19 239 124 27 89 222 181 13 118 240 165
    232 17 155 206 204 115 253 210 104 203 59 41 62 240 48 87 36 127 15
    172 234 226 46 53 176 248 4 100 208 93 64 187 245 174 248 43 188 76
    63 255 11 128 13 160 23 199 68 155 47 97 139 139 179 11 41 99 109 65
    127 143 14 6 65 227 194 117 122 158 93 226 111 83 41 174 121 237 180
    180 26 58 145 88 129 87 198 202 84 236 55 118 79 17 226 139 135 172
    154 32 203 149 161 219 190 68 208 181 68 20 117 116 216 221 115 96
    240 115 103 220 29 120 120 3 45 179 5 54 28 247 243 3 249 96 94 164
    174 102 76 4 142 109 231 42 124 69 133 182 134 124 50 14 245 251 24
    58 31 3 178 67 235 200 11 4 3 19 3 18 57 82 34 126 94 177 161 184
    145 194 90 238 181 7 131 117 27 61 199 103 59 220 2 190 174 32 111
    70 92 98 14 13 218 131 138 171 100 159 181 243 22 143 176 129 64 99
    249 202 189 199 162 73 110 190 240 215 87 231 133 61 170 94 129 55
    130 100 40 106 24 69 67 166 80 101 50 42 240 58 16 51 64 98 104 111
    88 244 86 23 104 72 148 87 51 16 5 108 130 176 240 230 206 209 102
    226 157 53 203 172 70 121 218 122 136 115 56 153 23 44 124 118 253
    61 36 92 254 227 139 105 138 14 126 189 132 150 219 208 146 246 5
    182 91 136 12 83 79 93 32 126 101 230 82 64 25 164 127 151 117 80
    249 31 144 141 142 97 75 168 193 101 228 212 180 78 247 73 45 168
    214 19 123 221 56 12 58 20 97 52 140 85 189 204 55 127 185 23 211 89
    132 6 80 174 214 9 60 147 205 211 216 92 70 43 154 192 50 205 4 245
    83 100 157 23 0 86 248 207 15 174 219 105 120 171 65 62 83 33 15 173
    153 110 70 116 239 254 253 222 203 103 20 165 172 212 33 98 40 119
    249 128 225 49 212 244 130 144 4 91 86 26 120 191 176 62 77 16 5 69
    62 41 62 127 41 149 144 123 20 104 207 165 170 117 24 36 168 81 21
    36 137 202 193 162 169 122 153 255 118 46 217 219 23 107 89 74 105
    232 193 243 157 183 99 180 77 23 234 207 54 244 7 169 186 173 168
    224 50 70 117 150 173 28 227 202 212 226 111 249 113 24 1 250 48 206
    47 158 139 148 217 218 35 9 140 128 123 220 214 40 218 170 148 150
    200 60 33 195 42 6 11 193 49 255 94 191 72 101 167 54 114 54 0 69
    233 232 29 210 151 126 125 18 46 87 197 123 120 88 172 60 151 174
    127 130 125 50 128 243 236 80 215 25 226 232 232 188 53 123 213 203
    19 183 55 230 126 199 79 197 13 127 132 150 188 33 216 185 67 165
    182 214 98 194 191 76 241 151 253 189 155 231 101 164 40 179 237 179
    156 228 212 105 194 20 152 135 97 71 86 142 200 51 85 249 66 49 153
    184 43 185 14 117 132 249 197 48 115 10 57 48 205 190 221 26 211 237
    168 136 11 91 140 179 67 76 235 222 209 80 72 14 49 31 174 185 135
    194 197 201 44 118 59 183 229 43 131 159 242 62 35 76 248 156 244 34
    204 8 31 33 193 219 182 55 131 124 189 16 143 118 209 176 80 164 116
    174 238 13 64 135 172 198 161 180 77 209 161 165 42 102 95 213 77 1
    48 175 1 20 61 33 228 12 64 121 45 19 212 173 234 56 90 147 40 52
    175 255 232 100 191 226 159 178 136 108 202 5 109 243 143 164 116 49
    51 158 112 253 63 37 22 250 122 171 137 125 13 65 58 122 19 5 94 97
    98 62 214 71 141 134 7 81 117 30 176 13 30 202 6 202 80 128 21 95
    193 140 14 223 235 129 179 78 105 71 99 247 149 199 166 165 35 217
    66 93 216 153 212 118 82 100 100 82 136 2 33 158 20 89 162 160 136
    88 13 244 180 25 255 214 127 248 220 172 209 46 120 52 39 133 220 43
    193 179 149 189 196 37 100 171 250 60 152 79 78 132 64 211 96 133 16
    160 134 36 180 67 111 226 90 183 62 12 22 210 20 230 167 128 88 25
    46 191 107 135 4 69 10 170 68 39 101 252 211 225 194 40 210 231 158
    228 179 38 16 6 31 72 88 71 6 244 216 186 109 10 129 85 85 255 21 28
    66 6 111 27 54 8 60 151 27 141 105 143 74 142 253 223 11 240 53 13
    84 185 217 243 53 63 168 193 134 67 134 115 203 101 32 153 20 39 157
    167 155 143 169 228 110 75 215 162 155 93 99 156 28 124 34 88 187
    168 226 9 31 35 151 13 70 98 179 176 53 176 106 82 199 232 179 218
    157 207 240 126 133 67 105 25 178 201 12 164 25 251 241 133 251 123
    202 113 109 126 131 236 55 108 50 58 124 113 180 148 154 164 226 220
    227 155 155 136 142 32 108 158 181 193 58 24 130 137 95 72 145 144
    101 164 98 49 189 4 121 236 5 16 246 123 13 89 89 174 138 146 85 87
    25 209 10 234 200 91 32 85 149 91 238 15 162 159 241 0 223 188 124
    194 46 236 180 89 180 2 82 228 15 50 137 3 184 188 208 232 208 79
    216 133 98 106 68 231 41 191 184 29 248 220 126 62 215 222 66 62 220
    56 77 166 3 127 133 182 138 27 86 140 230 245 247 239 37 183 119 31
    133 23 79 89 65 30 13 206 93 238 126 199 246 127 85 106 241 125 209
    198 142 70 79 165 6 216 31 203 12 125 144 217 41 171 237 138 120 98
    138 0 189 228 188 139 10 56 223 228 134 165 91 69 0 51 130 144 189
    242 16 207 188 123 45 5 199 57 176 38 215 142 56 174 180 5 224 65
    186 194 50 165 104 222 240 112 27 252 52 171 123 152 186 205 78 62
    140 134 70 77 68 42 169 67 64 103 159 161 64 106 132 159 71 87 189
    50 1 164 78 17 209 199 241 155 23 25 239 76 77 182 236 131 235 146
    76 113 19 153 145 89 191 143 109 79 60 180 186 55 74 12 200 40 0 196
    209 224 233 140 137 74 147 124 55 90 240 107 204 83 157 30 70 187
    108 177 121 96 149 254 139 211 248 87 36 195 155 87 156 96 183 227
    92 176 222 10 105 127 92 238 245 0 68 50 250 104 118 190 224 26 125
    113 69 139 25 38 109 107 227 233 51 135 50 66 131 58 157 176 35 73
    51 66 18 112 42 254 201 105 159 155 49 232 17 113 213 251 117 138
    104 141 15 200 160 82 39 231 118 180 221 83 194 2 164 156 104 172
    138 122 178 159 148 47 130 193 50 137 196 151 242 185 175 221 113
    210 127 99 143 11 40 106 103 55 182 98 37 19 213 35 38 5 142 186 84
    47 163 108 100 27 65 20 242 185 23 255 216 239 7 106 25 12 150 115
    77 21 131 35 95 150 100 90 88 100 229 153 213 198 19 2 133 119 81
    150 124 198 37 164 212 216 131 143 93 177 89 243 167 39 38 122 144
    70 231 252 175 166 53 165 243 218 221 181 22 104 88 208 236 134 122
    241 105 196 19 111 98 196 187 243 240 56 28 210 31 73 137 142 154 53
    4 123 200 239 2 90 94 63 90 224 129 245 114 169 110 116 188 79 250
    104 198 217 200 22 49 143 150 93 32 194 104 172 57 252 202 95 196 17
    175 46 3 218 213 34 121 213 171 203 7 237 210 74 40 220 32 96 10 238
    210 172 241 204 248 243 200 85 223 77 247 32 179 49 215 113 11 231
    164 109 147 239 227 255 144 26 13 236 205 229 92 75 74 101 217 232
    135 58 244 16 251 191 49 45 43 92 101 120 99 157 2 105 173 111 20 53
    127 204 99 115 182 10 181 168 106 13 230 252 86 172 219 120 207 120
    161 90 219 128 42 180 99 151 69 175 219 251 85 154 37 88 157 20 77
    67 0 198 24 240 249 17 205 240 133 113 16 67 60 39 200 171 79 69 202
    37 207 176 185 239 160 67 55 92 249 194 38 134 132 71 157 199 121
    155 95 154 240 167 52 61 62 55 195 42 192 76 153 13 154 243 98 221
    90 242 39 26 129 242 28 35 197 136 5 80 84 67 163 230 24 74 175 100
    145 113 15 20 137 64 215 141 238 109 136 117 169 250 244 128 36 106
    17 160 105 82 163 120 35 84 79 122 17 233 59 134 3 208 66 179 147
    143 245 113 12 145 31 213 19 105 201 72 122 205 216 205 72 88 137
    233 219 73 214 125 58 116 74 0 60 184 39 18 96 153 216 136 6 23 1
    236 15 239 31 163 118 161 62 250 42 68 28 169 72 138 119 242 58 128
    218 30 115 71 133 93 108 147 14 77 106 203 216 231 90 35 241 238 158
    156 16 90 52 252 205 115 176 90 182 246 176 211 205 105 13 19 117 66
    43 93 189 141 168 35 116 154 65 231 29 2 107 236 94 28 99 27 133 169
    59 86 170 217 44 27 232 100 98 252 121 214 79 152 85 251 147 199 170
    190 151 203 191 246 7 0 71 234 41 155 200 84 189 180 28 174 221 122
    190 203 37 47 46 156 43 32 183 45 36 76 160 196 82 158 229 116 123
    222 11 130 233 164 32 5 221 62 127 158 104 208 163 251 151 223 72
    209 117 33 126 157 19 248 154 76 32 57 99 249 88 179 32 118 173 232
    31 151 63 235 89 139 47 226 137 182 197 159 141 44 93 50 207 92 128
    41 169 104 175 210 39 18 41 178 150 226 134 227 122 194 146 204 125
    200 153 167 139 255 173 57 87 54 90 184 23 156 225 245 15 8 155 62
    114 142 76 216 162 86 215 200 215 192 135 50 5 4 140 248 247 28 65
    225 39 213 140 84 193 66 246 218 102 156 235 128 247 85 30 72 5 12
    59 121 215 165 30 165 121 215 204 218 206 200 57 162 216 31 200 125
    243 235 153 1 65 52 8 137 157 175 19 92 201 115 51 10 114 31 138 219
    58 175 128 52 167 112 244 244 65 165 31 205 151 11 173 208 34 75 80
    251 223 99 234 21 124 38 92 15 194 242 63 234 122 148 238 74 119 163
    120 253 175 136 196 88 241 164 101 153 137 3 37 178 127 145 71 113
    106 195 16 157 135 1 41 211 120 101 185 219 243 96 199 76 108 196 38
    51 233 152 129 62 183 76 35 26 91 202 177 17 172 195 240 127 89 198
    143 243 199 21 74 161 136 101 121 3 11 68 225 109 2 96 48 210 240
    244 15 230 154 73 59 187 59 218 197 105 162 34 52 55 90 220 221 45
    65 150 143 54 89 74 48 199 122 238 114 45 188 152 228 217 60 67 85
    204 219 59 100 115 185 56 26 238 133 110 98 14 183 27 53 146 1 197
    198 103 133 187 249 236 27 3 163 55 218 42 3 8 43 172 75 123 18 104
    227 34 208 220 30 210 103 0 158 29 210 197 110 239 239 85 58 108 221
    96 130 95 28 143 227 125 247 94 189 159 253 216 251 153 72 82 234
    129 146 41 3 70 87 64 28 30 137 142 73 123 72 95 232 43 177 89 50 62
    100 239 201 155 63 51 99 51 86 144 68 154 76 184 125 145 89 53 123
    221 61 81 110 50 18 246 130 142 16 238 155 101 94 164 73 229 250 252
    26 85 211 172 192 18 226 144 208 128 236 90 250 89 188 194 238 209
    216 30 39 236 15 4 48 253 116 84 35 226 59 93 27 157 77 173 238 172
    215 244 163 228 236 190 177 134 54 43 146 121 235 28 83 187 11 182
    38 177 94 67 69 14 23 89 173 167 186 1 185 216 25 114 68 66 6 3 28
    45 64 39 0 103 198 150 173 233 164 28 178 144 151 144 254 86 117 106
    85 65 242 141 168 116 225 13 99 91 233 185 187 179 71 244 47 111 155
    92 26 119 132 139 206 54 111 134 0 173 134 214 120 200 134 139 107
    210 89 248 136 183 131 103 87 69 107 214 168 149 203 152 22 211 24
    23 14 207 46 87 21 69 190 28 167 192 219 96 100 140 14 17 23 6 101
    21 21 115 128 191 219 199 111 230 188 89 64 75 157 141 240 231 3 56
    197 80 60 208 4 254 99 100 206 117 13 196 146 253 32 204 252 242 100
    80 149 114 223 223 40 204 170 0 42 87 143 234 181 69 74 188 135 168
    219 118 237 92 144 142 143 129 40 79 74 131 31 182 254 149 249 152
    82 181 222 40 29 117 87 92 104 168 121 127 195 98 4 146 4 176 247 23
    103 211 82 119 196 248 147 150 255 75 237 166 159 54 110 151 207 213
    109 164 181 170 194 158 215 199 156 117 25 216 68 73 168 28 118 84
    50 236 22 14 117 229 113 76 122 231 163 229 167 124 18 204 241 23
    182 114 172 146 146 8 27 13 3 44 136 17 37 80 201 33 96 178 246 205
    0 123 1 121 49 202 89 89 64 62 25 230 9 74 116 104 227 204 132 220
    158 78 147 177 166 108 225 37 153 28 223 224 92 11 41 119 51 215 178
    76 51 101 79 249 38 235 41 11 131 134 175 69 142 73 240 166 2 21 90
    95 13 181 4 77 235 249 220 86 135 69 204 76 94 128 82 55 2 69 120 2
    36 23 134 188 207 242 112 204 111 29 17 170 114 29 158 207 249 236
    136 149 124 33 153 29 246 238 115 78 47 36 46 33 54 83 112 223 90 12
    8 21 54 109 233 1 50 39 9 157 239 120 172 195 79 230 153 58 99 20 68
    193 134 174 187 5 130 113 54 76 142 241 146 236 99 246 0 93 143 214
    23 113 126 164 72 82 101 63 32 71 2 72 108 1 242 111 138 219 104 53
    162 26 131 198 121 126 20 38 151 228 252 129 50 155 93 142 236 146 7
    226 173 239 62 20 102 145 231 143 126 27 2 216 111 195 68 160 14 22
    12 76 205 146 220 61 197 140 148 185 31 174 181 106 239 165 5 3 3 85
    175 18 109 179 100 95 253 163 67 125 99 107 211 220 214 5 159 49 218
    121 69 5 129 103 154 111 56 138 234 135 161 68 158 178 125 206 36
    142 107 244 66 95 68 199 78 245 196 135 63 82 252 39 25 255 210 236
    55 248 209 254 209 1 97 106 225 101 7 141 148 78 55 208 219 99 186
    196 215 185 179 72 29 174 145 26 134 32 169 151 9 204 236 62 39 216
    111 137 205 128 147 213 25 176 75 50 174 82 81 153 122 75 190 137 48
    223 81 80 29 188 228 190 145 195 180 154 10 145 124 68 47 244 111
    208 126 88 200 81 170 63 46 77 80 144 145 144 10 125 6 63 242 143 66
    250 144 25 240 157 69 34 98 194 166 185 56 107 9 165 91 92 164 109
    151 201 145 90 60 164 34 57 141 70 117 131 61 253 247 168 114 164 27
    106 45 150 148 97 235 81 217 57 124 192 97 229 228 52 146 128 252
    186 181 82 206 58 26 35 233 125 170 220 26 32 187 99 81 28 27 47 230
    102 167 35 80 228 156 113 204 218 174 238 181 142 209 215 102 15 95
    214 76 126 13 142 55 126 243 72 199 113 155 228 48 89 201 25 203 60
    218 47 220 81 255 250 180 138 44 254 68 132 18 157 82 140 21 175 169
    5 154 188 147 205 147 180 24 201 86 236 82 8 44 55 206 160 76 144 74
    67 96 157 90 53 236 42 71 28 158 239 49 4 53 104 235 156 28 251 154
    43 175 138 56 39 28 7 49 57 136 151 150 55 100 43 105 170 68 4 103
    23 128 138 168 82 138 128 86 148 4 33 52 225 90 93 162 132 116 182
    249 251 60 30 122 48 8 175 146 163 105 60 101 31 11 145 198 148 3
    196 255 17 13 4 205 81 77 106 58 35 8 203 169 7 76 86 71 207 103 37
    75 147 94 185 191 149 98 220 35 59 133 81 245 234 101 0 48 45 48 231
    185 40 142 72 76 12 4 237 121 141 249 191 84 237 18 240 4 11 90 52
    155 193 144 92 36 178 111 152 101 8 224 54 251 85 172 68 77 11 247
    217 71 44 144 175 215 122 151 29 178 20 148 233 174 183 73 8 167 192
    60 123 208 146 2 136 98 138 145 103 78 121 53 214 253 137 160 218
    109 18 158 124 6 135 33 244 50 149 216 3 117 23 51 252 228 237 150
    189 197 103 144 37 165 100 25 105 11 239 241 173 214 54 132 60 196
    87 182 245 186 74 251 208 56 85 194 217 69 43 251 171 82 141 176 42
    120 34 128 207 142 91 67 141 191 255 50 114 98 21 226 175 80 106 245
    238 133 168 241 145 7 238 15 96 118 63 235 210 72 84 236 129 200 65
    19 194 226 6 102 117 96 96 118 104 242 203 92 5 93 24 89 30 30 36
    253 191 112 214 170 117 239 116 86 169 163 160 132 205 111 254 159
    101 26 60 65 196 48 143 188 65 20 242 220 247 84 34 234 82 15 61 115
    139 138 136 53 226 217 221 20 91 112 116 94 76 170 160 154 2 59 110
    16 106 2 144 80 202 240 147 46 214 250 186 71 13 104 35 84 69 253 96
    115 194 181 77 129 112 166 243 52 154 28 213 61 179 209 161 65 17 45
    109 99 6 89 133 233 57 46 135 201 160 217 161 160 67 59 72 47 107
    202 254 224 168 247 105 248 102 46 112 59 22 108 81 224 105 31 8 99
    161 64 212 78 8 45 240 104 167 253 52 28 218 36 5 50 50 16 116 78 69
    86 155 143 76 234 124 13 84 149 114 169 55 171 249 26 144 234 208
    169 94 101 119 192 3 191 171 87 41 241 243 123 212 92 229 147 228
    158 58 42 127 49 67 219 166 74 248 235 203 126 10 64 164 106 57 80
    153 156 241 178 115 197 113 124 226 141 160 136 64 248 110 192 81
    208 147 10 106 156 223 9 107 234 144 20 142 154 56 58 66 110 222 214
    193 20 7 180 55 33 41 169 165 0 144 166 48 144 132 214 96 240 68 66
    12 13 76 55 240 87 59 168 31 157 2 223 22 69 161 14 254 244 175 24
    51 166 79 107 46 201 223 100 235 96 236 245 43 111 93 232 225 218
    178 39 96 156 84 110 42 84 230 169 162 208 222 134 70 255 1 92 220
    73 207 130 250 173 5 236 239 172 223 233 149 31 78 158 224 114 185
    101 209 253 77 143 113 148 71 19 239 136 249 249 54 228 54 145 225
    109 23 82 143 111 152 211 142 174 228 130 254 203 145 222 240 35 5
    214 250 144 253 136 165 80 8 22 75 133 245 72 160 184 245 86 6 0 31
    34 52 229 5 120 226 138 192 224 192 64 60 207 96 244 150 46 123 90
    252 30 184 223 75 102 238 8 207 194 69 56 79 210 169 174 190 71 249
    254 133 10 157 189 175 119 47 137 8 111 19 107 3 98 178 74 227 83
    113 85 157 93 42 255 87 80 89 206 58 1 104 158 232 23 233 173 33 161
    13 43 24 237 155 59 11 104 111 99 140 33 25 116 37 255 212 130 11 94
    173 141 162 169 183 223 232 77 7 252 36 20 115 112 46 48 138 174 34
    255 100 26 137 51 59 121 148 94 141 33 45 76 20 23 39 163 220 55 62
    213 176 134 98 225 204 101 8 92 228 30 117 95 50 77 224 216 161 114
    124 2 45 187 30 57 101 227 17 200 238 218 225 192 99 117 17 19 41
    109 123 5 255 192 157 153 52 20 222 141 63 194 63 90 146 55 175 141
    124 190 199 191 156 55 96 70 250 124 160 126 139 50 94 56 252 141 57
    52 204 53 213 250 2 31 209 134 218 28 155 9 45 102 153 40 153 9 229
    174 106 51 174 35 119 47 95 195 33 119 245 137 71 0 60 87 246 107
    180 251 100 19 238 208 69 137 125 212 230 105 146 67 17 79 84 240
    109 59 148 44 148 167 165 49 20 107 237 200 24 176 191 147 212 232
    85 63 53 92 215 237 68 1 136 217 254 221 44 46 199 131 13 172 188 0
    61 85 228 108 198 224 155 160 160 130 85 24 127 192 249 197 246 126
    12 208 36 15 27 68 247 33 133 131 83 236 41 133 202 221 253 121 170
    93 135 182 43 138 164 173 88 91 113 195 245 253 202 219 145 223 244
    170 172 224 215 177 179 215 108 254 146 208 44 49 225 11 15 251 229
    16 61 180 72 245 186 155 240 53 168 45 64 152 129 50 208 244 246 186
    12 13 124 190 188 174 37 245 52 222 6 255 107 254 183 154 203 29 54
    110 137 56 160 206 43 231 181 20 209 8 116 123 227 131 117 105 185
    233 43 101 182 160 228 17 122 64 250 91 164 156 21 126 9 191 248 13
    50 25 19 243 163 192 87 146 131 63 192 226 242 98 56 75 4 214 231 99
    253 39 191 98 234 186 18 24 32 109 91 62 63 190 253 188 204 205 116
    152 212 137 158 28 96 69 129 76 92 129 65 41 54 206 105 49 130 156
    44 16 0 31 45 134 218 110 111 97 143 145 251 223 23 16 203 193 120
    176 3 48 57 0 216 182 170 131 28 33 192 104 44 26 225 41 154 25 82
    38 248 253 157 228 132 217 147 236 131 52 18 176 191 132 171 164 238
    71 199 32 208 199 218 59 136 105 202 189 224 122 58 163 56 129 248
    242 195 197 190 66 244 8 136 224 226 11 140 53 216 61 106 246 33 224
    37 98 173 115 58 138 45 106 196 111 174 102 217 145 59 64 103 6 180
    11 211 177 36 173 70 215 121 42 4 230 34 57 31 21 125 94 187 196 22
    130 26 146 157 208 135 7 52 184 75 205 118 189 74 9 29 56 78 251 169
    28 231 0 111 121 101 34 84 200 29 1 51 33 169 93 210 37 20 165 56
    185 234 86 166 72 168 159 78 241 205 85 155 37 97 139 178 41 176 191
    54 22 248 214 3 223 115 215 218 110 247 211 109 59 28 64 139 168 116
    113 192 143 28 236 96 248 249 18 98 245 102 109 77 87 111 124 98 4
    38 105 241 189 246 75 178 123 93 255 17 130 244 74 75 114 170 237 26
    229 255 67 161 248 117 21 132 181 81 223 89 188 174 242 210 57 31
    120 142 213 151 90 184 63 242 211 123 42 60 60 37 98 147 8 182 87 58
    142 198 181 77 12 22 104 250 157 214 230 96 251 238 120 233 2 5 225
    56 173 238 158 75 254 75 61 246 129 226 158 95 1 22 84 210 143 215
    195 122 247 65 41 232 41 55 244 0 122 118 23 167 172 160 174 242 232
    228 80 207 147 235 27 98 156 191 103 203 34 39 174 183 44 140 140
    220 140 174 164 200 44 185 65 240 246 118 146 193 30 240 62 179 89
    204 104 58 237 192 214 254 155 44 246 75 100 211 33 68 23 56 87 237
    93 185 211 87 65 119 254 234 49 166 56 60 250 35 107 132 1 224 4 224
    124 183 120 59 183 79 108 34 158 141 195 90 94 21 171 54 26 26 24
    246 247 88 114 192 18 71 76 216 123 41 131 154 27 163 46 241 75 34
    96 86 185 61 90 143 134 120 174 59 178 113 105 209 188 18 196 153
    115 111 61 92 98 216 232 198 153 180 86 90 218 10 196 121 194 23 27
    197 113 4 17 108 90 236 83 28 209 71 159 82 190 241 229 18 40 174 88
    135 166 181 251 66 98 182 45 252 168 115 99 154 14 54 127 168 203 24
    8 58 202 109 65 203 90 158 255 42 156 179 120 117 10 159 66 193 137
    24 123 149 149 84 107 238 182 47 134 139 179 65 174 76 55 84 144 124
    88 91 25 250 186 66 195 198 192 6 187 212 23 227 232 12 196 158 221
    137 245 205 206 21 64 159 181 96 90 182 147 73 230 209 55 109 116
    117 77 153 220 144 231 162 191 187 221 68 206 220 61 74 35 37 72 252
    55 76 201 20 123 154 131 166 56 193 78 166 165 236 12 98 89 134 229
    137 215 118 231 204 97 72 161 144 38 78 220 147 63 205 109 144 150
    105 140 52 151 67 73 50 18 18 30 105 170 23 91 207 54 211 122 60 172
    184 215 239 244 176 209 23 79 163 63 218 84 247 45 242 148 213 192
    77 99 18 101 118 79 16 210 111 147 106 195 152 127 50 117 152 101 56
    127 80 176 139 121 164 245 177 43 220 135 132 27 39 172 90 200 102 2
    102 36 149 252 76 8 85 82 166 188 42 185 77 83 80 79 234 71 220 244
    74 193 233 111 127 49 137 243 8 53 71 52 62 95 107 77 140 159 250 62
    28 143 4 144 178 205 123 248 109 242 215 47 32 21 248 146 193 62 33
    15 234 206 148 106 248 134 22 96 253 185 117 85 90 184 246 23 186 54
    243 57 216 2 173 16 186 154 53 186 12 181 223 84 151 191 70 182 45
    156 81 59 74 44 106 152 56 24 2 211 47 50 7 215 114 105 223 220 7
    107 19 58 219 1 14 188 124 244 121 152 215 162 47 31 63 103 154 146
    0 68 180 254 187 136 128 243 20 91 232 252 19 26 89 114 0 21 125 180
    109 115 228 5 54 134 104 66 110 229 252 96 186 51 18 221 72 245 137
    245 237 203 86 228 209 15 174 49 107 16 198 122 143 241 151 70 187 2
    153 245 4 25 130 220 120 144 230 226 63 174 60 170 240 181 73 227
    248 218 97 77 3 37 240 220 67 144 120 206 11 228 59 239 187 20 116
    16 132 97 143 192</data></test_img>
<my_img type_id="opencv-matrix">
  <rows>100</rows>
  <cols>100</cols>
  <dt>"3u"</dt>
  <data>
    216 171 207 255 238 182 201 121 75 60 255 136 119 255 107 163 237
    242 113 198 51 108 63 28 36 112 255 196 187 153 239 115 242 19 15
    175 255 45 147 255 25 123 255 40 227 255 122 74 149 198 143 216 78
    216 132 16 255 79 208 148 21 211 180 75 107 255 255 56 202 175 46
    252 255 170 183 31 137 113 255 255 206 255 213 131 255 141 227 213
    146 255 20 210 247 255 110 53 97 65 87 255 173 138 35 161 15 119 230
    80 255 126 255 255 210 138 255 144 255 232 231 68 8 121 65 176 207
    114 84 242 43 211 24 255 32 90 48 255 20 132 255 79 64 88 159 255 68
    37 166 153 255 247 40 204 22 227 37 182 97 100 91 111 119 37 53 185
    201 140 134 183 211 45 69 63 207 48 213 26 7 255 233 255 255 215 255
    39 68 186 255 79 39 208 30 252 255 163 23 36 47 179 255 158 157 168
    140 141 255 164 21 255 112 174 255 221 114 205 244 250 241 26 60 255
    128 132 189 174 100 36 93 218 253 244 59 255 201 217 185 192 1 255
    67 116 255 184 82 29 255 249 121 220 160 107 250 198 176 28 176 115
    170 78 255 110 110 255 121 84 249 145 239 252 102 74 133 79 253 255
    91 65 64 91 104 159 0 2 255 27 99 255 166 12 255 7 72 20 88 64 255
    168 255 185 135 126 220 175 247 252 5 195 117 103 93 168 122 2 216
    127 255 255 89 239 231 24 169 255 190 171 167 52 106 255 210 217 8
    255 221 60 111 43 112 45 177 159 111 12 255 255 153 44 118 233 217
    26 157 192 218 1 208 212 166 255 45 205 173 43 255 40 189 64 243 108
    90 129 131 196 16 31 148 111 220 59 255 163 35 255 192 226 113 28 60
    168 69 214 12 27 125 255 80 209 21 9 53 95 229 240 255 55 252 33 140
    202 24 64 143 28 192 130 28 41 50 255 112 250 48 122 106 109 252 15
    21 167 255 57 95 253 255 133 22 255 195 66 149 134 217 255 45 186
    255 23 185 255 177 25 196 3 0 51 248 129 172 232 106 127 97 0 191
    239 113 255 231 223 8 55 131 79 210 112 255 157 13 184 164 87 255 39
    233 255 121 100 219 255 200 236 184 17 156 174 37 172 115 23 239 218
    10 255 154 203 255 220 73 255 236 67 65 72 255 255 14 12 141 124 38
    65 59 241 255 134 177 255 55 156 179 147 53 177 216 61 32 82 251 255
    206 128 77 205 192 71 177 48 255 140 68 205 215 255 145 165 4 255
    230 157 255 186 104 255 154 16 25 199 192 84 84 218 77 125 178 255
    161 187 7 133 71 147 99 163 96 105 138 255 8 131 99 2 93 3 168 102
    255 16 150 160 131 181 67 204 228 161 107 255 17 34 30 72 36 90 255
    103 65 13 218 255 133 34 178 255 5 100 53 220 74 245 37 12 13 169 50
    91 0 144 123 15 239 84 44 91 255 203 114 177 118 207 227 4 201 93
    171 91 173 234 216 29 139 37 105 120 189 225 3 145 255 236 118 137
    113 165 64 55 40 255 192 99 87 23 252 239 45 208 207 153 255 175 118
    163 253 187 177 255 38 196 53 226 67 255 0 102 55 63 183 135 97 59
    41 80 237 255 124 255 104 157 72 131 225 51 56 12 103 157 25 58 255
    255 255 251 207 119 255 14 179 255 80 42 121 145 11 255 255 198 143
    250 244 177 255 211 255 167 249 255 112 231 3 87 34 95 41 134 255 17
    46 255 253 213 95 42 9 141 231 23 119 197 178 29 240 198 127 65 196
    255 209 107 255 36 186 105 177 40 255 214 105 116 29 147 3 165 93
    165 255 226 208 118 68 51 212 43 21 176 109 217 55 190 141 86 229
    255 43 163 37 152 189 255 255 79 151 59 107 139 150 101 79 23 18 255
    246 215 173 217 58 91 144 59 80 62 2 44 81 255 219 16 198 28 36 255
    29 254 190 187 238 48 189 97 33 255 54 23 155 123 115 255 9 250 233
    114 103 117 211 165 96 201 217 8 22 66 27 147 34 227 42 194 189 248
    233 51 180 252 201 127 13 136 243 145 100 240 112 116 46 139 3 50 64
    107 67 94 225 69 170 123 243 240 40 238 47 227 248 143 39 111 243 36
    175 150 255 156 92 103 35 230 137 222 117 36 55 254 151 3 53 163 110
    84 56 250 214 124 247 247 80 214 246 255 179 242 215 51 87 97 190
    255 255 242 68 255 255 37 9 72 173 111 253 55 184 204 230 76 237 169
    255 79 5 255 26 56 191 246 158 171 132 141 55 78 13 255 207 169 255
    16 21 212 116 97 200 201 240 92 8 225 255 142 134 103 157 214 107
    225 123 25 178 132 255 12 220 213 236 45 55 255 102 55 26 160 52 211
    193 227 188 204 4 174 249 19 188 116 255 232 26 201 28 99 196 101
    164 171 41 252 255 21 23 217 247 251 68 71 165 252 185 23 255 95 213
    123 67 99 229 18 170 172 195 41 255 33 51 237 79 66 52 234 69 57 129
    85 255 189 189 63 66 186 172 79 33 36 8 125 64 255 112 221 172 175
    255 255 214 225 29 255 255 133 149 8 19 2 255 175 234 255 33 62 95
    237 160 255 176 85 51 200 40 73 196 41 8 242 28 17 192 82 145 195
    178 24 183 211 253 51 41 31 171 71 92 192 253 112 174 24 216 239 109
    176 76 89 64 128 97 197 217 255 119 74 241 21 100 45 185 87 16 255
    45 99 79 251 251 255 140 63 172 214 164 139 86 255 173 82 38 84 158
    254 212 82 20 135 94 46 251 79 80 75 238 199 179 229 81 255 220 1
    255 112 202 187 137 207 255 255 231 197 98 145 196 36 250 125 252 34
    255 34 61 171 205 116 95 69 233 252 211 33 4 43 132 160 156 228 76
    17 62 7 51 171 251 74 193 239 178 45 127 91 147 195 247 231 255 201
    226 213 63 112 24 118 212 96 94 176 175 222 91 168 170 173 57 150
    255 116 217 45 89 31 207 139 5 86 68 137 18 35 99 181 204 210 46 105
    37 168 67 230 237 219 94 143 20 12 139 255 214 226 107 101 130 159
    86 225 37 57 98 1 89 46 131 44 129 85 116 106 72 35 183 59 5 91 65 2
    75 40 255 236 25 52 107 207 190 202 92 255 29 255 40 194 233 14 254
    103 252 59 77 36 104 255 36 46 184 239 46 225 204 173 255 76 255 239
    91 168 1 97 61 252 19 113 227 103 252 161 220 143 255 255 37 241 43
    152 221 190 94 27 121 111 151 204 255 163 20 40 191 183 189 212 215
    47 161 112 243 255 255 9 199 30 62 255 37 1 12 163 255 249 143 135
    189 27 189 57 115 68 255 162 213 168 198 120 5 25 208 103 221 201 44
    143 239 67 134 219 196 119 229 219 242 170 247 88 237 49 255 98 255
    154 114 16 21 190 255 143 245 255 139 143 60 39 43 113 59 122 179 25
    8 5 2 38 191 46 39 4 142 183 255 198 154 221 178 145 197 215 15 179
    61 255 29 118 255 77 243 88 27 247 243 179 189 47 15 211 81 205 114
    226 255 169 100 255 2 169 88 64 78 216 185 102 13 236 216 255 188 60
    40 255 219 224 102 118 227 178 103 71 136 27 219 48 167 55 6 194 52
    188 126 255 161 104 13 124 40 3 77 156 84 180 69 235 87 151 189 231
    58 255 211 27 153 141 71 241 184 176 255 2 92 132 98 191 111 54 209
    255 183 66 255 122 185 255 172 196 255 61 139 255 43 102 28 116 51
    215 132 79 99 182 156 156 170 71 49 41 80 163 190 130 255 47 153 255
    182 59 252 81 194 63 68 16 205 170 118 83 45 231 255 25 92 212 27
    255 100 65 188 149 237 116 19 82 112 116 44 150 96 146 137 121 95
    142 172 16 7 193 255 143 121 78 96 91 243 218 185 207 73 20 244 130
    13 226 15 89 83 255 152 113 0 119 39 92 241 192 11 28 113 120 195
    226 255 241 212 48 255 127 241 16 90 190 107 229 72 255 161 66 255
    246 243 51 243 189 188 134 241 21 255 208 243 159 140 57 41 123 11
    119 52 255 234 130 101 252 124 255 115 148 113 255 171 87 107 255
    212 203 255 19 151 107 255 203 126 80 155 246 148 88 209 68 114 49
    71 255 181 9 176 30 164 29 112 236 176 153 33 21 45 108 41 255 255
    203 139 160 84 118 53 255 74 255 105 84 228 115 78 255 124 67 255
    214 240 255 105 176 55 49 155 211 219 150 135 135 119 73 226 153 255
    29 109 157 209 92 180 101 38 207 63 124 39 162 161 119 143 64 108
    112 232 19 143 96 184 162 217 151 133 36 140 20 16 255 174 33 143
    201 26 255 197 54 148 30 31 123 6 188 12 221 152 31 24 202 37 185 29
    143 156 42 181 16 189 173 42 208 224 37 0 255 125 51 163 225 173 144
    6 143 81 55 102 73 72 151 255 10 252 31 196 233 57 145 65 155 91 191
    196 114 33 255 23 142 252 112 199 15 47 0 157 132 223 255 29 71 48
    240 37 255 145 24 255 220 106 207 140 255 255 128 3 40 139 73 255 9
    171 165 148 152 177 220 78 255 29 145 96 22 111 115 86 255 255 92
    102 171 252 255 21 120 128 139 102 79 108 99 237 255 193 150 32 76
    33 248 21 181 167 133 22 232 248 31 232 146 141 255 78 3 91 175 241
    107 8 45 105 84 119 141 93 251 203 71 166 229 147 101 89 5 115 3 170
    154 129 174 125 179 47 76 15 115 115 160 8 9 161 232 192 111 153 177
    55 216 112 255 255 45 167 5 43 255 195 13 51 71 113 144 58 163 41 50
    213 255 255 208 193 49 137 84 55 230 49 49 203 123 243 85 145 69 188
    32 215 106 255 55 151 31 153 28 255 199 60 63 191 114 132 144 255 69
    91 88 255 1 245 168 30 42 167 74 212 35 51 109 255 106 161 227 112
    244 57 216 130 61 170 221 212 209 212 60 83 18 140 115 99 75 166 252
    255 137 120 244 115 54 15 135 132 255 238 10 103 152 255 213 198 204
    229 33 21 255 98 52 119 243 250 255 235 130 231 30 71 88 43 219 255
    33 2 81 170 88 124 88 75 0 65 178 129 255 87 212 228 27 255 64 149
    255 246 255 72 131 29 255 24 250 55 170 150 255 62 59 116 37 10 44
    58 107 8 2 115 60 50 103 208 122 137 75 207 34 249 78 177 255 230 43
    36 255 252 195 77 114 161 253 77 143 237 157 23 15 255 120 201 163
    252 154 33 255 43 148 8 218 255 255 105 234 152 18 201 168 66 43 255
    18 255 203 179 114 53 2 255 245 221 255 23 37 114 255 82 117 100 176
    195 165 188 255 212 58 203 121 205 40 165 161 17 255 105 153 47 29
    73 153 69 126 77 220 255 209 68 223 255 13 226 179 27 145 203 163
    202 75 254 211 255 114 15 8 13 255 68 94 232 155 80 23 209 255 84
    255 100 202 31 86 163 215 116 16 3 170 102 55 16 18 255 20 229 131
    132 204 132 255 79 13 169 255 255 2 53 84 230 60 224 175 251 255 91
    206 133 215 229 255 28 21 255 170 54 255 29 71 208 169 205 79 42 185
    148 217 250 208 252 37 189 164 230 212 73 215 229 184 153 121 172
    246 23 255 243 81 234 255 144 78 75 255 34 232 249 165 118 151 27 75
    255 162 188 9 145 255 5 80 51 80 131 74 61 46 125 251 111 220 108
    159 52 59 185 11 255 64 136 169 59 255 251 207 106 57 2 35 121 164
    202 153 134 90 64 119 46 67 242 26 73 12 147 255 73 234 100 209 59
    241 221 255 133 210 249 72 116 255 136 36 71 228 26 14 255 21 163
    232 24 255 152 61 194 163 26 131 8 239 48 139 59 249 255 218 120 255
    235 194 108 190 255 181 106 225 27 38 14 35 184 238 171 37 28 149 85
    253 95 15 100 176 182 188 255 254 125 217 137 202 255 248 38 253 148
    208 21 45 77 255 52 239 31 176 102 255 121 89 255 238 226 65 174 207
    120 255 255 128 219 64 27 255 237 235 94 9 11 255 49 15 51 255 35
    140 180 236 60 135 89 51 244 67 255 134 255 153 153 255 146 203 245
    230 142 195 164 192 91 200 22 96 225 117 253 122 178 255 23 158 255
    95 20 36 225 236 184 102 97 255 155 147 140 170 20 255 125 174 255
    88 240 84 59 58 160 213 155 255 255 5 151 205 202 12 226 242 167 51
    127 76 221 3 184 184 71 172 137 220 40 94 94 84 130 252 255 70 41
    116 215 225 252 235 2 15 197 67 15 196 8 228 172 72 60 159 187 255
    200 102 99 177 202 137 145 154 255 253 126 152 45 205 245 255 8 221
    253 221 73 199 154 12 200 150 139 119 155 255 2 20 204 255 148 172
    207 60 255 198 87 44 158 219 73 149 198 255 255 109 40 109 127 255
    52 144 56 228 188 128 118 255 92 172 255 72 154 136 255 107 99 163
    120 255 156 108 2 69 37 255 51 178 85 188 185 174 255 154 204 181 12
    64 255 55 243 33 104 126 125 92 63 149 41 174 152 52 252 220 225 254
    255 196 154 255 196 237 255 102 200 149 201 155 29 69 62 135 7 30
    207 58 152 113 209 60 104 137 67 52 149 58 172 213 87 96 204 224 181
    86 162 93 45 62 244 92 191 255 78 87 228 127 212 221 249 114 215 2
    207 152 82 227 255 98 255 255 162 86 211 173 9 117 191 65 157 242
    204 255 67 98 255 226 52 48 57 255 112 92 52 239 38 237 181 196 54
    220 87 135 173 214 86 1 214 21 255 173 64 100 191 8 127 217 130 32
    118 96 255 206 128 255 54 100 255 38 37 255 196 224 108 151 144 255
    209 67 148 134 113 127 20 41 255 137 219 236 101 255 140 84 53 233
    198 191 255 87 54 49 176 177 32 93 195 111 178 48 36 217 199 255 90
    165 77 167 224 255 244 160 220 191 255 69 254 39 52 76 168 91 192
    190 133 109 223 16 121 35 255 178 194 255 238 236 224 235 185 167
    182 123 64 229 17 255 77 84 28 28 13 249 6 0 21 78 226 123 132 168
    252 241 231 191 147 4 255 215 78 51 140 204 167 72 103 255 179 200
    56 218 78 251 77 149 255 34 76 255 63 202 95 40 201 7 10 255 35 196
    69 255 255 74 69 120 231 107 155 228 56 119 60 85 246 134 159 76 72
    255 119 128 20 172 73 93 45 255 216 68 123 252 6 101 245 47 255 196
    95 140 255 206 252 72 199 140 163 76 215 216 255 112 208 148 164 199
    187 147 255 219 85 255 61 163 237 130 104 212 255 14 163 62 193 153
    137 255 175 86 99 217 81 142 249 227 170 255 123 140 111 69 238 124
    95 245 60 182 21 232 197 201 107 128 82 41 14 136 29 27 255 255 211
    55 23 210 255 255 74 182 167 129 180 155 43 144 69 16 92 75 203 231
    43 192 255 113 18 177 255 197 5 255 235 226 167 235 126 81 39 219
    236 195 127 220 219 241 128 45 2 187 223 23 189 221 11 255 47 127
    120 219 179 125 72 153 73 255 255 92 151 51 68 243 186 135 172 92 63
    48 255 161 247 123 124 240 116 255 222 68 92 193 139 255 204 232 56
    232 127 255 69 231 247 15 115 192 7 218 56 82 141 20 47 111 203 183
    152 159 155 153 171 182 219 221 33 45 255 34 193 80 87 219 73 13 94
    201 189 132 255 168 232 68 21 85 161 62 135 184 33 5 117 162 255 255
    90 245 20 16 87 132 233 151 43 251 106 157 80 218 255 69 214 139 219
    15 255 225 255 149 242 116 20 255 249 125 203 158 255 165 9 227 39
    155 44 21 56 119 176 132 255 23 109 101 214 165 255 201 53 251 101
    63 107 122 187 68 222 179 4 15 109 109 148 93 255 239 161 80 212 142
    45 169 191 172 207 255 128 124 120 108 45 255 255 101 81 255 249 33
    120 197 144 211 179 94 69 152 106 123 201 206 255 44 46 21 204 191
    124 187 190 255 115 193 44 108 161 53 7 80 255 255 111 140 255 66
    255 150 244 179 226 255 56 225 140 104 255 11 255 151 145 255 170
    232 181 254 240 255 122 16 23 152 17 208 188 100 255 195 255 181 115
    36 255 85 20 224 236 60 159 126 157 189 166 46 253 255 229 255 10 75
    255 222 217 255 43 218 187 145 206 0 88 225 185 52 189 120 8 123 207
    211 63 244 184 249 4 24 138 255 193 42 113 68 141 36 255 123 255 4
    188 120 185 243 255 200 48 255 141 202 164 190 145 237 30 147 201
    158 45 67 114 150 147 38 209 92 85 5 255 125 255 255 1 152 117 164
    208 72 206 181 139 236 193 169 79 179 148 5 200 125 153 56 255 95
    250 80 17 255 255 31 250 12 231 198 57 255 255 204 43 212 164 149 30
    255 186 209 251 223 124 227 26 93 80 141 65 164 24 175 181 189 141
    113 214 77 205 180 29 167 246 5 120 141 155 173 190 188 152 235 14
    51 216 194 255 48 171 188 149 55 192 51 178 79 227 135 4 193 255 80
    109 204 97 97 179 255 112 129 255 89 230 255 36 253 160 133 14 223
    169 237 145 66 202 81 122 101 217 125 192 75 249 126 255 146 212 60
    234 180 255 219 27 179 92 23 23 241 17 28 166 167 175 141 99 248 65
    94 255 71 98 65 102 237 255 255 198 241 199 64 157 222 255 16 186
    131 4 28 255 117 93 240 255 159 240 120 210 255 75 206 199 12 223
    215 81 243 109 193 39 76 196 188 141 255 255 173 255 116 100 15 246
    231 255 87 150 71 250 200 204 107 107 179 2 203 184 230 255 220 147
    192 156 134 175 209 164 132 255 64 74 205 46 131 109 143 58 19 135
    68 168 188 214 253 3 135 247 102 127 255 251 192 55 206 141 165 213
    234 205 26 87 164 156 100 53 27 12 125 168 62 59 135 195 56 156 190
    243 27 250 255 30 113 127 191 142 121 244 173 4 219 164 207 17 255
    192 197 183 215 255 153 143 218 154 255 42 174 57 63 30 255 56 31 89
    143 4 255 59 150 233 93 2 156 233 119 255 162 111 147 198 175 183
    141 105 48 132 220 133 154 91 55 247 3 83 64 214 67 228 41 152 109
    255 27 31 54 255 192 163 93 238 115 53 187 137 152 61 18 116 125 91
    64 98 53 193 71 202 233 137 69 117 114 101 47 10 236 51 246 255 207
    55 112 97 146 194 253 226 52 255 71 81 69 255 14 12 248 3 131 69 211
    59 55 34 61 43 128 204 18 186 40 135 1 247 93 14 89 79 140 69 23 21
    201 142 250 172 164 255 36 254 119 33 90 97 7 144 226 45 85 243 255
    227 18 40 16 13 87 210 180 1 15 164 220 230 62 100 250 99 97 210 116
    104 251 183 255 26 63 255 90 134 255 59 86 40 178 51 255 67 233 255
    164 193 27 211 165 5 130 213 255 214 4 255 134 27 201 255 174 144 68
    59 239 79 255 32 85 255 216 63 73 255 231 152 189 161 194 232 232
    239 255 43 49 115 166 247 75 131 71 41 22 151 156 128 93 251 229 255
    135 216 80 1 66 254 83 139 88 103 215 49 251 9 26 61 131 86 131 212
    16 49 10 209 27 161 187 255 231 93 19 91 187 188 35 84 25 133 234
    255 22 254 23 208 62 72 255 110 11 150 223 228 167 98 67 145 229 239
    198 237 255 166 246 29 103 255 107 203 173 117 73 80 255 57 169 231
    185 192 245 254 179 109 159 219 255 15 246 255 70 204 255 255 61 216
    65 69 69 129 45 255 121 140 123 176 0 247 109 126 104 142 249 71 20
    201 125 45 43 95 57 134 255 200 149 77 100 218 135 195 55 185 255
    125 79 247 21 115 180 87 255 147 223 93 126 79 236 61 3 255 141 125
    213 208 98 219 186 255 255 226 71 219 47 36 12 226 145 52 146 86 255
    121 61 93 116 128 107 235 163 213 94 228 59 207 21 255 255 165 255
    12 61 255 73 243 177 65 113 255 230 45 159 195 93 52 183 175 127 108
    255 123 61 144 39 130 66 28 35 164 248 200 242 165 121 246 71 93 167
    11 123 49 45 49 85 231 13 173 248 191 115 172 216 202 255 21 110 131
    220 243 255 21 92 95 63 31 255 35 13 147 121 46 199 231 226 44 69
    158 100 236 207 255 146 23 255 80 119 115 8 175 12 212 110 217 115
    89 163 213 78 255 46 200 167 255 136 15 228 41 51 162 163 109 16 166
    176 97 255 41 40 112 255 173 34 185 48 158 71 254 60 207 229 66 221
    54 255 119 155 84 184 172 255 255 19 200 115 70 229 255 143 230 255
    158 242 85 162 131 219 154 96 255 68 203 255 177 230 255 148 78 255
    21 96 247 196 51 60 225 4 137 255 123 128 101 71 255 4 200 255 218
    154 189 226 115 255 45 38 255 41 233 196 149 187 255 52 114 236 6
    126 255 227 45 236 145 49 211 164 101 188 147 237 91 134 255 124 199
    161 159 2 255 232 6 101 69 156 165 172 45 124 227 137 252 255 16 84
    187 95 163 255 50 80 156 234 132 255 127 206 255 162 68 104 25 90
    255 244 255 176 19 208 117 5 2 179 31 205 19 83 192 43 12 250 113
    155 82 35 195 112 119 97 255 231 236 255 19 195 185 177 64 116 77
    150 98 91 103 49 65 143 86 111 234 194 255 44 125 255 174 194 136
    116 98 108 135 0 255 15 191 224 23 177 157 253 251 68 187 110 213 20
    9 121 196 126 255 239 144 81 107 251 101 214 132 145 67 198 255 145
    255 255 98 145 240 37 119 87 167 76 240 219 60 49 250 156 19 78 162
    255 73 249 155 255 88 149 97 40 188 193 244 88 140 149 39 15 112 11
    248 253 255 71 140 108 121 156 255 67 182 179 155 214 131 38 26 99
    71 35 248 233 141 99 89 215 104 172 33 255 254 87 88 21 46 65 255
    170 73 113 255 113 122 240 255 79 219 255 210 25 255 88 60 65 226
    192 224 30 84 255 255 174 95 92 231 133 78 181 23 150 255 255 100
    181 255 203 115 255 162 31 255 60 229 140 46 132 181 5 167 209 6 24
    33 79 130 140 215 128 85 113 46 193 49 107 161 44 85 31 116 25 149
    49 204 113 95 163 255 103 255 203 135 178 255 13 131 225 55 178 63
    60 204 255 133 23 91 146 67 5 34 228 255 155 54 76 19 242 232 52 141
    255 255 42 255 163 2 220 254 28 255 104 245 7 52 234 87 237 178 188
    50 255 197 205 120 7 155 31 43 235 238 1 104 236 255 99 227 81 115
    74 28 2 165 117 83 255 91 97 218 57 98 143 96 20 142 15 99 175 221
    36 17 165 56 169 123 9 168 255 100 120 255 121 219 119 175 153 220
    100 72 161 111 205 187 86 12 244 112 114 169 49 208 255 154 116 121
    86 28 63 255 59 201 228 101 51 29 217 100 222 228 20 119 31 255 216
    22 3 253 11 89 113 199 101 47 90 44 140 126 115 251 122 255 129 118
    41 126 26 255 255 203 69 18 41 231 192 129 71 216 47 67 87 36 201
    119 54 88 233 188 127 122 204 255 214 179 117 59 97 21 143 217 241
    237 49 255 255 87 159 190 118 3 41 79 91 206 71 255 243 240 47 26
    201 53 54 2 255 27 181 69 115 218 171 64 150 37 253 21 255 152 36 96
    24 78 255 255 134 31 56 58 111 112 244 160 172 249 112 246 170 237
    188 230 49 255 255 251 255 175 255 231 68 67 80 255 53 30 11 176 57
    179 68 254 255 255 63 251 244 250 144 75 237 76 255 242 253 255 3
    162 255 90 100 84 209 122 255 140 68 172 230 142 255 191 219 129 56
    90 231 86 243 115 220 124 255 106 30 177 82 220 221 200 94 196 110
    24 185 116 100 255 219 255 233 171 14 80 238 238 155 91 8 156 187
    237 255 37 211 159 184 123 255 102 195 255 54 80 255 130 188 255 104
    25 255 248 142 156 84 82 117 103 132 255 162 198 160 67 124 39 98 33
    0 38 166 41 50 36 119 115 183 12 207 156 128 107 8 125 163 236 255
    73 119 255 101 255 204 199 255 255 236 136 255 159 250 191 255 129
    48 208 91 255 235 255 52 60 42 255 211 93 175 15 4 140 9 61 57 128
    10 205 109 109 183 165 93 157 43 91 132 255 86 120 72 41 240 213 227
    8 106 63 129 13 153 91 228 89 255 123 194 255 230 26 255 10 255 73
    228 154 253 35 60 255 86 165 164 195 153 99 205 255 215 92 255 141
    45 149 144 58 147 255 166 255 104 227 0 83 79 26 31 126 187 41 236
    136 135 231 228 255 195 255 132 164 255 129 121 5 255 208 236 19 255
    82 220 171 236 91 104 98 19 70 165 239 172 161 255 81 88 68 200 193
    255 111 239 107 102 143 77 101 202 79 205 66 47 209 225 55 45 205
    215 35 251 223 161 63 32 242 109 255 20 187 13 203 124 116 201 91
    157 171 161 129 120 92 83 41 38 197 42 131 227 113 150 255 1 82 255
    208 12 255 127 26 179 102 3 239 157 180 189 55 117 39 134 56 13 33
    255 224 196 52 217 220 22 255 13 35 219 150 203 40 255 90 107 21 225
    245 254 255 16 31 164 151 60 29 23 219 130 213 100 36 52 3 16 255
    113 29 255 175 234 48 153 154 57 131 221 12 133 110 77 124 92 205 77
    68 255 199 34 241 173 16 255 134 34 7 13 17 125 42 14 19 215 151 255
    186 218 255 86 9 220 106 160 181 42 59 253 60 39 65 176 113 7 109
    118 108 183 234 73 88 255 255 203 22 53 55 22 8 23 136 255 191 196
    160 255 136 241 10 165 156 167 27 255 227 137 255 31 255 115 8 56
    255 195 255 49 230 219 159 252 199 21 223 255 59 3 2 37 140 49 229
    50 167 32 59 177 107 98 223 168 243 93 24 122 15 156 102 67 53 132
    21 255 20 71 255 243 67 255 137 255 81 140 67 92 124 255 123 176 239
    255 94 72 145 203 127 255 1 53 195 65 58 251 255 224 248 255 38 136
    102 232 97 157 48 5 190 149 243 247 68 205 255 12 255 156 132 255 67
    85 255 84 223 48 248 180 93 180 104 255 20 249 167 56 137 188 99 91
    176 123 80 255 36 35 223 100 64 180 73 36 195 184 90 127 252 244 123
    230 255 105 135 255 255 122 69 199 109 191 71 78 253 172 172 107 255
    151 255 163 17 161 57 64 142 84 38 179 255 134 148 80 201 66 220 255
    117 255 76 33 229 211 118 255 185 139 255 253 157 83 49 255 117 37
    103 255 3 33 180 140 5 252 102 198 61 73 175 255 140 103 211 206 243
    109 102 11 112 255 177 61 144 10 60 204 87 255 104 67 193 31 240 111
    184 96 219 3 86 39 28 103 255 216 101 255 100 55 181 84 30 128 134
    116 183 125 46 255 171 175 255 61 103 72 18 182 128 79 39 255 182 99
    57 210 136 255 60 158 255 254 180 255 33 125 255 180 18 255 201 80
    183 179 237 255 77 255 27 241 69 105 36 55 48 37 237 217 109 53 189
    127 49 13 39 74 219 173 91 185 199 179 255 19 173 153 255 177 224
    236 14 255 236 238 61 208 30 205 126 186 104 84 105 47 97 164 112
    255 7 179 211 31 235 61 232 255 222 255 88 110 36 7 190 126 228 238
    68 65 93 78 255 203 224 112 155 109 45 239 58 156 241 182 77 236 165
    255 233 84 44 25 255 255 176 220 89 132 224 255 143 253 255 149 7
    255 165 99 255 23 33 131 2 114 87 176 160 108 215 4 225 16 251 240 3
    16 112 3 38 129 67 255 255 156 255 255 45 33 255 83 232 60 163 49
    255 109 253 233 38 247 4 255 142 172 220 41 255 169 232 227 201 200
    199 176 28 236 56 166 20 204 128 53 172 91 255 100 78 255 213 88 192
    80 92 49 94 99 237 25 34 85 173 207 52 105 230 100 121 148 159 67 34
    113 72 4 255 19 214 68 192 233 21 56 115 116 227 88 117 114 221 88 6
    41 100 36 87 131 239 228 245 18 245 129 59 87 160 176 238 9 113 130
    17 71 144 71 79 43 169 113 99 255 242 51 255 147 233 255 19 205 81
    65 80 47 185 10 112 58 26 35 151 188 139 110 77 132 255 252 153 226
    163 255 184 97 139 255 85 65 254 173 88 182 135 191 221 143 73 0 78
    32 162 31 80 169 93 161 64 30 71 42 233 224 179 169 129 39 250 165
    56 16 83 172 66 255 124 255 255 19 255 189 142 114 255 123 68 131
    207 136 191 72 126 255 255 103 203 24 22 231 15 113 137 255 85 255
    150 89 159 157 237 203 241 178 24 34 188 255 86 120 171 218 4 200 64
    168 92 122 164 157 64 90 136 66 48 255 52 21 23 28 4 231 103 200 145
    147 255 255 129 245 255 125 111 65 128 12 255 253 61 43 0 36 93 252
    217 147 200 207 255 26 149 151 144 47 255 171 54 208 56 5 156 88 193
    147 25 214 160 116 129 49 50 64 147 21 208 255 90 176 255 171 13 255
    205 163 255 78 187 255 7 238 249 56 183 120 80 54 255 49 205 247 33
    255 117 251 255 255 167 155 108 201 68 183 182 53 24 95 237 199 157
    255 119 89 220 255 1 196 72 107 66 185 188 165 252 89 255 48 143 50
    219 49 8 255 199 192 63 118 64 11 194 163 216 31 200 16 40 115 21
    200 109 121 101 220 236 121 255 100 227 186 155 21 149 191 231 206
    153 182 187 255 176 48 69 78 65 44 156 182 52 112 111 255 171 132
    175 217 196 128 148 237 175 141 192 47 40 255 41 237 80 136 29 125
    164 158 42 67 113 138 7 38 31 176 189 195 255 166 58 208 244 250 255
    198 174 255 36 236 80 18 255 255 144 84 255 5 68 231 72 151 16 236
    255 24 88 115 85 132 185 255 175 126 116 191 16 255 228 65 225 76 50
    151 41 114 172 40 25 17 19 177 173 82 213 255 77 56 52 210 46 255
    197 148 128 140 120 189 21 18 53 8 150 240 57 255 255 67 229 207 2
    136 57 20 76 255 171 238 255 231 137 7 255 39 149 230 45 131 143 68
    255 177 47 255 101 255 207 250 66 73 238 112 205 251 175 176 171 208
    212 93 179 93 125 26 17 140 137 221 205 230 108 231 15 175 246 40 12
    97 255 255 186 179 255 73 54 255 122 90 49 255 16 135 110 221 211 93
    144 28 25 88 255 80 250 255 223 89 147 44 192 203 57 255 247 213 245
    44 207 164 255 89 255 71 212 130 255 110 131 243 69 237 71 216 164
    255 187 61 125 33 72 255 110 243 255 123 205 45 131 123 173 235 25
    255 115 102 255 255 63 109 154 187 209 191 252 33 218 81 237 186 90
    87 159 40 105 100 255 171 103 22 89 76 255 132 178 56 200 158 122
    108 255 9 1 145 241 223 68 129 5 156 255 255 19 139 223 130 241 255
    29 143 64 84 4 228 136 120 35 22 255 51 255 20 184 217 112 17 149
    124 233 134 92 93 26 189 87 120 247 243 66 53 255 62 34 255 55 82
    247 99 241 28 217 93 253 178 9 95 41 71 104 144 151 208 196 196 255
    180 61 120 93 213 133 83 236 112 69 255 68 136 220 188 167 82 253
    163 78 252 186 27 43 41 246 224 80 125 255 44 30 255 2 255 140 47 93
    171 173 195 39 51 82 43 20 53 96 158 157 24 213 119 169 51 138 160
    211 56 255 141 200 255 198 218 255 212 62 133 119 24 225 52 12 129
    76 205 129 105 52 39 226 115 44 65 234 144 225 9 68 145 242 183 167
    9 101 76 123 176 35 251 152 115 123 111 113 27 112 166 114 104 164
    251 231 91 223 36 212 26 33 146 33 255 63 9 60 82 69 255 238 135 255
    47 24 172 249 27 131 249 8 39 97 187 125 175 205 60 39 223 137 8 255
    127 228 255 20 200 220 255 82 128 255 86 249 40 1 219 41 254 190 28
    152 152 7 72 253 129 78 255 116 106 11 237 42 36 224 40 49 255 236
    30 72 9 92 37 190 69 61 183 244 255 227 17 83 33 162 255 231 140 171
    62 31 140 108 13 199 146 145 225 240 89 255 105 239 37 30 255 203 19
    87 255 99 175 48 187 13 193 33 186 248 241 7 255 201 247 71 41 152
    28 255 145 172 241 138 97 48 178 255 144 2 104 195 78 195 123 147
    185 69 151 72 129 219 251 142 178 255 225 139 181 218 114 185 152
    226 61 248 181 84 97 181 159 241 96 188 205 229 59 143 123 255 187
    58 93 233 80 255 143 73 61 143 255 204 157 94 255 97 148 191 200 16
    255 157 115 183 158 241 217 124 253 129 112 163 255 14 124 227 21
    255 87 22 88 255 210 48 35 190 217 52 193 239 239 25 115 21 65 66
    255 255 225 72 183 151 255 2 11 255 193 195 255 60 148 60 66 7 36
    201 173 255 34 193 79 197 238 255 33 27 215 238 82 240 249 97 5 231
    124 100 29 190 255 194 191 211 101 13 99 230 163 35 50 236 255 20
    201 255 183 242 215 206 34 95 102 177 255 71 169 95 36 119 29 84 41
    193 73 31 232 248 250 91 27 40 255 244 217 92 39 219 255 6 94 40 169
    255 255 161 53 204 74 101 104 208 93 28 43 102 248 28 89 255 127 35
    4 248 255 133 255 136 49 146 255 164 34 191 255 226 182 185 57 36
    229 162 255 111 77 173 255 37 104 109 120 204 15 222 169 255 71 255
    195 255 173 252 49 49 59 9 61 255 173 225 129 150 177 73 25 63 23
    125 170 255 255 18 244 172 249 12 125 123 53 21 155 125 91 186 87 44
    200 121 250 236 232 219 10 229 166 97 212 135 76 243 158 126 255 175
    93 131 43 247 255 215 177 21 99 41 29 222 255 223 255 115 55 135 35
    255 236 75 13 73 2 255 27 202 136 213 211 61 228 166 255 195 152 72
    168 151 205 114 255 56 82 170 184 255 255 167 34 252 255 6 43 255 25
    243 225 200 178 35 23 101 155 130 106 116 213 50 255 229 149 128 185
    65 28 212 27 255 60 252 59 29 226 27 226 191 15 196 255 255 251 195
    41 136 128 12 185 52 12 252 209 37 182 124 255 25 40 129 28 14 145
    16 228 255 46 145 240 31 253 213 70 158 132 235 255 101 255 216 255
    24 253 189 168 255 59 234 255 255 66 23 255 147 247 104 43 255 215
    41 236 233 220 141 255 141 18 79 8 9 255 109 51 4 98 92 211 234 15 5
    46 22 245 87 161 73 203 16 4 124 179 240 162 236 39 14 255 24 105
    132 231 131 141 215 23 17 255 203 56 184 221 63 255 251 163 76 84 0
    95 56 3 147 114 92 172 115 61 255 158 101 179 182 198 255 89 240 255
    31 196 237 23 107 255 188 160 29 175 190 255 255 255 40 222 255 245
    17 255 239 230 115 255 112 47 221 221 63 48 255 207 35 61 125 233
    250 16 187 168 227 248 90 162 60 150 208 144 230 255 255 28 200 25
    90 129 25 147 58 53 52 209 224 163 106 243 161 131 251 12 166 205
    241 49 239 187 229 95 71 255 255 61 182 255 102 27 255 68 217 216
    144 103 80 127 140 5 234 255 119 152 212 24 201 11 143 67 193 255
    210 174 215 55 157 87 112 174 191 65 74 187 150 102 208 108 69 255
    237 236 228 68 255 119 94 109 51 18 15 253 179 205 255 73 78 76 52
    177 103 158 148 255 255 207 16 105 127 255 191 9 140 26 103 255 255
    253 255 142 71 121 255 103 43 159 152 63 244 220 83 7 130 15 204 179
    164 129 158 209 213 114 164 255 155 189 131 211 255 52 42 243 230
    253 128 232 11 255 201 144 148 158 4 71 101 231 255 40 26 12 44 158
    200 255 180 204 150 196 27 29 244 67 57 250 216 3 110 187 4 82 156
    67 237 45 28 255 255 68 192 145 85 147 45 100 34 167 255 69 205 236
    25 255 68 24 31 255 200 21 6 249 84 231 180 199 203 152 96 127 240
    255 236 255 255 35 145 68 73 245 224 9 107 207 78 105 125 94 204 255
    54 68 255 230 160 197 20 220 93 16 145 104 14 255 100 67 188 177 56
    168 7 158 196 168 244 30 80 207 30 179 198 73 68 37 116 255 204 130
    12 241 187 45 247 25 11 1 255 255 5 234 164 71 81 47 178 122 59 84
    45 255 98 240 237 196 125 63 123 234 195 20 67 193 67 96 255 201 255
    100 255 147 123 27 125 39 94 208 64 212 214 39 255 106 87 171 7 157
    124 47 132 187 15 255 45 215 23 134 173 5 90 71 37 161 129 160 4 88
    44 2 144 136 116 65 240 64 220 177 38 251 239 164 255 255 3 255 131
    137 81 21 216 150 160 9 60 93 237 213 255 35 198 255 77 132 160 247
    255 217 143 102 255 26 170 255 219 130 128 98 218 15 10 26 255 206
    255 255 216 216 9 219 81 9 15 189 93 156 145 159 158 163 255 247 241
    84 66 129 173 110 180 255 174 53 255 167 13 179 233 43 20 61 158 255
    4 211 165 58 137 255 192 243 15 67 100 135 255 150 255 241 190 63 58
    243 76 94 182 81 200 151 255 210 41 232 9 165 191 115 253 37 133 178
    169 192 193 255 238 41 243 72 79 119 65 125 109 118 147 193 168 192
    255 74 233 239 182 102 255 226 15 233 187 71 77 212 137 43 65 193 47
    135 28 255 24 250 147 198 9 29 208 255 255 78 255 97 0 8 15 83 56
    165 220 98 36 58 194 63 84 255 8 62 18 88 47 8 211 145 205 249 23 38
    255 223 116 255 149 102 200 126 144 111 51 179 155 60 247 129 131
    219 255 59 161 197 187 187 255 254 0 255 104 118 255 58 127 132 243
    255 255 118 141 159 51 97 120 187 170 132 255 215 255 78 226 37 81
    255 161 180 236 227 103 124 187 129 161 184 137 242 255 79 255 185
    156 198 169 72 253 12 255 252 100 113 114 255 185 23 131 230 213 255
    71 82 232 255 82 236 194 166 248 63 169 7 52 71 147 94 112 213 70
    187 101 80 198 163 173 149 128 92 193 57 162 255 83 254 117 255 129
    27 101 249 86 255 47 255 103 164 59 255 254 176 199 175 124 255 199
    190 255 255 109 67 143 204 147 62 234 85 153 134 109 15 161 255 219
    152 112 234 153 220 113 93 45 54 148 195 236 220 91 65 148 68 255
    203 255 179 207 239 229 175 52 114 193 255 24 80 249 109 80 107 1
    229 93 33 242 201 126 225 221 141 180 89 148 180 209 208 28 36 233
    155 255 3 43 41 144 154 127 67 35 9 210 105 255 43 241 57 123 241
    255 72 183 5 81 137 160 150 49 255 4 249 91 37 104 137 226 21 72 171
    60 221 252 233 255 150 134 103 255 10 95 131 55 84 150 142 197 7 20
    255 41 243 215 107 76 248 43 137 145 154 115 36 212 158 116 171 151
    255 129 45 128 237 13 189 201 69 255 106 255 147 8 138 24 73 101 171
    103 89 121 66 90 88 5 136 12 227 199 255 70 255 59 83 238 255 27 96
    255 78 54 136 102 212 17 29 35 57 18 238 255 90 118 255 99 187 83
    142 90 17 152 246 255 219 109 61 89 255 255 156 136 255 205 69 185
    91 194 85 3 239 255 87 25 175 71 209 111 182 100 255 232 25 167 179
    238 157 230 254 255 255 201 33 5 231 152 35 245 255 10 22 133 228
    255 255 230 161 151 82 254 13 127 193 220 100 167 153 229 255 235 72
    246 147 59 142 93 225 147 139 217 166 219 175 148 181 58 255 231 239
    0 93 236 231 221 241 173 192 129 110 237 233 152 83 195 101 255 146
    241 185 13 237 109 163 226 129 39 255 255 255 25 255 180 66 204 164
    231 140 199 255 123 196 177 193 143 120 177 55 127 213 10 112 255
    210 52 56 176 61 67 34 109 255 34 148 207 47 14 255 25 80 103 246
    179 255 251 135 255 42 255 231 38 15 236 107 250 4 252 137 255 12 18
    255 213 240 139 141 169 41 167 255 255 115 47 159 174 58 255 144 161
    255 210 93 31 50 89 255 133 238 212 33 216 9 8 17 255 255 255 185
    159 33 255 209 255 255 176 94 55 188 147 105 233 49 232 194 110 255
    79 73 27 192 147 184 136 255 95 155 118 255 168 136 16 145 156 104
    191 252 255 9 225 255 13 77 81 109 238 35 74 221 255 244 38 217 116
    198 209 68 215 80 61 166 227 255 36 179 34 237 101 23 102 7 81 216
    177 143 233 12 122 202 71 250 176 128 79 105 113 122 49 195 34 147 9
    169 190 255 46 2 255 175 68 41 114 207 215 9 182 11 127 207 183 103
    211 68 161 136 29 238 81 68 79 247 255 5 123 47 108 125 127 141 98
    207 19 132 255 164 71 255 41 29 12 15 240 75 214 110 208 255 255 31
    220 55 19 236 0 148 137 156 255 219 82 219 108 198 83 54 194 19 177
    151 255 63 9 17 109 26 127 161 50 129 103 158 60 184 130 255 199 220
    164 40 69 157 129 104 79 221 171 255 152 155 255 141 187 249 171 255
    63 16 51 255 69 131 235 255 30 255 203 229 255 108 56 8 212 134 255
    226 193 87 63 55 155 54 220 247 221 255 21 19 255 252 194 246 93 157
    143 255 155 73 119 152 175 248 171 255 255 3 38 69 28 255 89 226 187
    255 172 100 57 30 85 44 255 111 255 186 79 57 40 245 252 86 156 217
    54 81 152 137 255 255 189 240 83 51 31 255 239 30 148 17 139 24 255
    123 236 250 23 23 198 128 75 212 173 69 55 31 125 84 170 25 214 81
    231 148 35 36 82 251 45 106 223 153 84 10 255 175 124 255 158 21 255
    207 237 173 88 24 241 178 114 236 72 17 116 62 196 208 191 140 73 41
    228 255 21 229 236 238 183 176 255 215 255 48 89 113 132 93 39 255
    173 255 90 142 93 152 12 255 207 110 75 81 3 95 137 183 157 185 58
    21 78 89 225 71 1 255 213 198 13 162 9 31 85 179 213 137 116 255 127
    140 255 208 199 255 213 156 24 210 203 203 198 31 187 216 139 255
    158 67 68 55 255 255 67 137 111 94 255 228 238 208 165 234 4 168 24
    0 61 177 98 255 186 49 128 127 138 49 255 123 255 215 40 45 0 255 84
    62 255 220 95 130 116 144 5 251 70 165 153 5 214 255 57 1 255 74 215
    3 23 53 141 104 67 67 63 98 193 114 123 207 16 3 255 190 216 99 132
    229 139 12 84 255 108 104 35 239 134 255 109 155 255 60 245 255 114
    244 41 141 78 103 102 134 255 255 129 247 226 115 211 252 255 152 71
    255 9 33 3 168 114 200 255 122 232 197 185 186 255 145 115 128 61
    228 255 66 74 248 203 247 143 8 48 255 214 5 47 192 30 24 191 148 61
    217 165 8 10 31 255 111 71 228 240 40 255 155 255 255 171 105 193
    199 100 231 42 109 233 100 18 52 145 171 255 188 131 21 239 98 255
    162 134 239 146 148 153 227 103 92 153 20 55 255 226 72 255 224 255
    151 255 255 239 98 53 63 168 255 147 28 107 94 100 255 248 132 255 1
    55 185 81 160 252 105 88 140 81 171 167 8 104 255 54 239 103 215 226
    223 63 163 11 68 150 255 250 164 69 213 141 255 251 27 255 118 126
    255 237 147 3 131 134 191 166 35 147 154 48 181 251 255 155 141 225
    43 128 80 255 254 217 85 133 193 17 120 241 255 171 255 28 87 130
    192 72 171 77 239 190 68 153 255 255 255 22 255 97 38 255 109 92 5
    64 221 40 241 161 129 107 75 83 231 85 192 255 255 255 176 154 65 97
    209 73 34 113 205 174 199 192 64 15 161 68 255 255 155 143 179 140 0
    143 1 28 68 149 254 136 16 25 255 60 244 139 169 43 217 43 112 1 110
    24 220 68 102 255 84 179 137 55 245 111 23 15 255 15 207 255 210 199
    195 39 163 240 79 33 185 133 39 121 194 160 113 223 7 81 102 96 255
    114 207 236 154 223 173 239 31 115 40 50 255 234 145 255 134 89 255
    50 74 255 157 0 217 227 255 255 182 199 255 0 225 11 125 201 220 17
    244 255 5 193 232 128 213 12 48 255 193 212 215 28 248 12 195 255
    223 239 136 230 225 88 36 215 44 250 240 145 54 143 177 87 36 30 245
    3 215 187 255 47 255 255 157 43 255 227 93 19 106 27 187 82 245 249
    14 110 100 243 255 248 111 112 28 145 72 135 62 143 153 108 173 175
    97 220 255 40 255 181 142 142 187 211 106 244 104 244 255 23 104 67
    97 52 115 58 227 8 150 196 215 77 88 255 88 180 112 215 219 255 196
    221 99 105 169 71 100 55 217 192 26 179 163 45 255 23 254 243 101
    255 235 49 88 255 154 241 255 25 106 84 20 101 69 239 122 241 47 199
    243 169 224 255 255 92 9 48 86 151 78 189 1 129 223 63 149 128 255
    61 214 149 183 194 25 214 255 100 115 221 201 235 239 111 196 176
    255 4 189 140 23 255 255 56 82 255 113 255 92 77 246 255 230 102 125
    23 185 76 230 216 140 255 107 187 62 3 23 205 255 181 153 189 227
    255 33 11 255 176 168 225 41 120 171 246 165 1 165 255 119 173 255
    233 212 185 2 189 255 127 45 255 77 242 255 215 249 255 226 68 255
    29 16 157 122 17 124 191 217 127 7 255 69 106 107 241 37 169 72 204
    12 255 5 201 89 163 11 188 255 122 124 114 130 153 101 233 153 139 1
    255 110 114 148 89 90 156 218 236 255 205 218 247 135 141 0 182 77
    152 106 206 87 67 109 77 234 17 133 148 61 161 251 173 255 90 34 161
    213 187 255 255 178 205 61 185 255 89 165 68 209 51 103 255 140 59
    133 100 52 101 179 225 193 255 255 100 185 255 67 186 0 177 232 147
    183 208 255 155 62 72 239 46 115 80 59 19 173 255 135 218 71 112 115
    189 127 210 255 255 255 176 255 86 153 173 255 255 13 156 22 97 209
    104 59 38 138 255 255 124 215 208 193 59 13 76 255 44 50 216 196 66
    51 148 0 208 175 73 255 23 208 131 201 62 209 121 23 15 130 251 63
    132 114 177 175 163 255 125 94 237 86 5 65 61 255 255 24 181 23 120
    163 224 162 130 69 252 212 255 18 50 100 66 43 255 231 22 61 42 219
    36 12 150 255 212 237 124 242 89 255 235 227 255 40 199 221 27 218
    223 155 38 211 104 0 255 16 226 255 199 17 255 198 202 111 99 138
    255 188 9 255 131 15 31 115 213 171 219 225 255 112 255 39 72 104 92
    252 2 179 255 37 228 68 191 181 222 234 255 196 42 16 106 255 255
    232 120 255 71 202 83 206 149 91 238 134 53 4 111 19 219 130 195 68
    241 255 225 127 43 94 104 21 28 81 255 141 114 255 52 136 19 235 234
    113 193 97 255 106 229 4 249 188 247 156 151 63 147 17 184 150 72
    255 93 243 39 171 106 84 6 31 213 189 13 240 112 47 255 135 255 255
    106 3 135 61 201 100 155 255 255 218 63 5 136 41 12 147 174 255 91
    122 255 119 33 163 20 110 255 46 250 8 255 91 255 247 148 180 151
    229 17 67 85 52 60 255 61 255 205 255 191 119 71 128 72 133 233 226
    88 124 58 80 64 84 207 230 110 104 89 255 255 253 127 211 21 255 193
    192 138 140 51 118 212 12 255 20 219 234 147 46 36 123 31 136 255
    199 5 149 25 204 184 174 145 255 186 33 8 208 185 51 255 7 168 57
    141 64 39 255 255 200 12 80 37 202 111 186 115 19 25 68 228 153 154
    229 255 217 188 232 181 255 232 226 255 177 88 255 106 169 28 167
    255 39 76 189 87 90 255 255 205 144 255 246 40 151 133 80 71 31 142
    255 232 161 29 129 160 69 99 4 45 68 152 140 36 10 92 92 215 173 254
    202 245 110 102 141 236 140 47 172 164 255 35 132 255 76 77 184 179
    183 247 195 110 17 10 8 83 182 138 3 161 62 23 52 53 247 5 5 109 71
    125 219 255 46 255 71 206 255 28 164 13 3 189 255 255 93 255 236 134
    224 161 255 119 190 152 73 219 120 255 89 255 87 156 14 55 153 118
    31 132 144 21 7 151 255 255 185 187 106 2 255 209 102 216 130 227
    255 206 185 53 30 113 103 161 180 255 230 219 239 255 191 235 252 43
    215 57 42 208 142 194 255 222 71 255 232 228 187 123 147 255 249 244
    232 79 94 212 51 142 199 6 100 32 40 120 9 0 255 73 66 37 255 219
    255 27 136 62 156 79 255 255 31 125 203 103 82 255 88 38 52 162 236
    213 25 30 255 76 14 3 129 255 88 134 155 181 216 132 168 69 124 99
    148 225 92 255 233 255 236 223 81 217 89 97 101 101 12 205 72 51 55
    138 255 102 56 77 10 94 59 197 149 144 79 229 129 206 29 192 64 157
    255 124 59 255 234 206 255 254 233 255 4 17 255 2 217 76 187 186 36
    182 76 208 84 103 255 226 187 255 145 181 255 214 147 176 31 176 228
    78 75 104 80 208 255 133 177 139 190 213 64 146 185 255 255 123 17
    65 175 63 187 207 9 137 48 109 114 252 7 47 255 237 167 40 140 180
    43 255 81 101 200 97 156 13 220 62 255 185 141 255 174 127 76 254
    170 239 228 98 255 99 136 255 79 236 3 14 255 79 192 183 255 165 67
    176 133 61 255 47 156 247 79 242 177 95 183 117 255 181 92 45 124
    220 114 127 23 199 77 104 94 81 123 131 162 215 215 170 9 103 208 91
    124 226 57 157 143 57 9 190 255 100 81 183 251 10 193 255 255 255
    123 27 120 43 150 255 193 241 76 255 41 255 255 221 121 236 254 128
    142 255 159 2 246 20 36 90 140 54 203 83 9 54 221 142 137 108 238
    232 255 133 255 255 192 165 240 221 221 255 229 243 88 207 75 151
    112 254 100 198 74 59 213 145 227 118 98 109 180 94 221 30 255 255
    157 255 48 1 255 59 229 132 37 133 218 95 242 157 16 161 144 1 101
    221 255 151 134 255 151 114 255 151 80 27 15 168 49 61 42 249 148
    169 164 59 249 255 148 232 255 35 24 115 193 171 49 19 211 37 164
    247 209 22 155 131 229 110 92 124 221 101 86 23 161 108 224 215 168
    233 180 242 244 107 255 69 232 25 252 239 172 240 148 178 9 160 241
    4 169 94 185 85 230 35 224 194 45 5 235 209 215 231 134 221 122 250
    255 107 43 25 255 117 7 78 138 255 58 61 165 146 224 255 205 127 13
    34 169 179 23 4 51 175 110 83 3 16 255 190 54 229 83 171 73 204 117
    169 219 65 139 191 103 37 158 98 255 255 37 232 52 181 255 98 236
    255 177 139 37 92 89 255 125 194 255 241 14 117 187 48 151 206 47
    255 240 58 255 114 117 28 14 80 49 101 243 89 18 21 255 55 78 167
    255 163 255 5 48 55 21 132 173 142 69 117 41 90 101 40 228 236 84
    164 121 155 204 156 58 174 255 205 229 124 86 142 255 123 100 75 168
    195 249 83 249 155 57 102 255 189 1 223 198 186 65 95 201 255 218
    211 35 74 187 187 17 97 184 145 90 133 52 240 56 92 149 255 216 75
    100 219 99 255 98 208 229 166 77 91 201 207 8 95 136 0 44 170 176
    116 239 255 206 1 213 152 33 17 197 218 204 47 4 152 2 21 25 73 109
    255 40 45 43 120 203 255 201 167 80 206 216 255 255 255 177 131 116
    168 180 165 255 46 189 255 137 5 97 134 255 159 221 110 95 165 238
    97 106 187 209 184 255 255 81 106 3 54 1 204 144 140 201 81 71 29 26
    221 112 255 228 140 255 60 255 58 1 27 140 152 36 220 79 19 147 100
    15 134 195 255 145 236 5 106 228 255 193 229 75 255 141 220 47 255
    255 199 117 27 116 216 239 13 1 41 72 196 135 242 69 156 31 255 223
    41 187 255 238 93 255 83 166 255 182 204 153 147 139 239 115 13 205
    109 122 0 255 255 255 124 215 253 13 100 55 6 55 251 43 65 248 178
    255 79 35 255 169 122 236 13 253 158 255 30 255 96 37 255 255 68 129
    9 213 140 100 203 255 255 90 104 215 240 62 181 78 89 36 149 81 221
    54 158 119 41 163 255 227 52 255 148 12 255 255 189 129 141 213 255
    148 255 69 150 217 235 3 56 33 4 166 87 71 78 52 43 183 203 221 195
    67 151 221 113 234 201 139 18 255 255 13 77 255 191 254 255 199 231
    125 149 37 215 3 216 255 151 244 104 19 139 252 62 4 4 229 241 255 8
    166 255 127 176 197 16 10 255 97 34 121 255 209 40 114 189 255 159
    101 172 230 46 80 208 230 23 71 56 101 14 255 255 57 220 33 174 90
    255 6 177 243 98 106 253 237 29 255 125 131 255 169 105 244 29 137
    17 237 255 252 3 251 55 195 243 235 237 255 255 59 252 144 64 233
    235 255 212 255 205 181 216 22 191 235 210 232 255 239 127 21 155 11
    109 2 225 255 182 238 143 115 93 52 85 162 148 167 173 213 48 206 0
    90 187 212 175 171 140 206 5 91 111 255 255 145 41 255 134 67 255
    255 77 255 16 154 91 193 209 255 164 255 108 237 134 255 7 71 191
    120 211 255 105 132 51 212 39 165 139 168 221 26 20 171 139 13 97
    192 1 255 99 236 16 93 8 9 173 211 157 128 66 92 89 134 187 178 242
    132 65 255 252 123 89 255 55 30 59 87 21 224 52 123 33 64 85 32 16
    43 207 238 119 60 218 103 116 255 134 255 190 227 255 195 173 132 71
    192 61 185 177 213 192 226 253 44 71 92 255 198 77 74 1 36 197 255
    103 255 29 104 81 255 45 205 206 160 221 115 135 92 255 159 77 229 5
    170 9 5 45 101 255 10 89 215 45 175 47 40 224 117 197 54 240 24 105
    129 10 155 155 201 255 212 204 236 255 186 251 173 250 53 255 59 80
    255 144 244 64 130 152 255 131 224 11 40 238 95 222 211 161 120 238
    233 255 41 187 231 118 213 233 130 255 214 118 247 2 73 135 34 67
    229 46 154 255 220 7 137 200 230 123 205 55 100 217 85 176 255 48
    255 136 1 255 47 171 216 207 163 63 236 25 196 90 212 255 133 80 151
    60 255 72 38 51 255 232 183 255 221 255 100 9 80 255 166 13 132 65
    30 141 246 182 255 100 161 247 29 178 255 60 66 255 155 88 255 54
    180 161 64 196 109 141 152 255 79 107 124 137 214 225 230 30 236 217
    27 67 162 140 255 168 255 8 79 167 12 169 115 255 64 182 93 226 170
    31 81 255 255 104 149 92 40 11 59 18 241 137 114 76 255 220 201 255
    170 33 55 178 173 113 64 208 255 214 178 255 207 215 249 250 74 140
    206 179 255 114 171 39 80 93 255 211 214 195 98 189 124 102 177 247
    81 164 1 40 99 255 144 175 76 111 118 123 162 224 8 240 167 172 185
    255 149 247 0 255 111 92 255 207 40 77 226 251 64 200 250 64 232 255
    197 153 153 163 103 175 80 239 22 237 197 132 116 252 134 255 223 61
    73 33 238 91 162 196 95 163 227 255 187 255 255 123 62 255 242 105
    63 79 244 203 22 255 129 134 67 255 152 34 171 68 81 197 191 75 131
    36 126 248 104 104 188 230 246 245 255 161 255 87 255 255 115 122
    216 87 205 255 55 40 216 120 171 255 15 170 159 254 171 63 255 208
    191 234 42 205 187 59 113 193 255 255 207 176 12 152 48 68 219 10
    255 69 120 17 194 136 203 255 166 192 35 204 255 27 20 20 92 115 215
    148 224 155 188 119 199 178 60 193 255 150 53 253 216 255 249 35 229
    68 112 108 31 176 235 5 193 40 246 220 229 149 93 176 255 105 212 40
    79 65 196 26 255 31 219 119 140 46 143 16 173 44 115 192 252 116 106
    255 187 21 213 46 2 7 55 219 255 24 60 28 186 105 104 25 242 255 169
    237 13 45 186 255 134 144 255 194 71 255 78 113 112 157 173 205 228
    214 59 140 55 181 162 2 68 105 111 99 255 255 255 154 215 255 28 243
    255 14 89 17 195 31 77 0 34 255 122 10 136 37 131 0 132 110 236 113
    58 55 173 246 32 234 230 224 153 100 84 250 147 33 248 185 244 154
    97 255 28 162 137 104 255 16 98 196 255 56 92 255 70 188 255 255 198
    71 211 238 255 116 188 255 210 255 255 170 206 68 148 255 255 29 50
    141 199 152 15 48 255 255 161 101 88 165 214 255 26 255 184 108 251
    43 148 8 215 236 136 48 219 183 39 169 232 149 174 45 171 213 10 233
    103 0 255 231 26 253 185 64 255 179 166 187 6 193 172 216 251 255
    195 104 100 180 30 255 164 221 1 166 67 255 171 63 72 4 221 255 218
    73 255 114 71 64 147 166 3 122 155 160 195 36 255 67 165 23 77 61
    215 217 255 95 24 26 20 205 34 255 91 255 247 9 193 113 118 139 104
    193 212 7 107 255 225 85 255 127 87 34 56 80 241 255 55 206 255 73
    52 255 42 28 45 169 56 116 161 112 35 121 212 255 83 208 1 110 37
    208 134 112 233 253 165 183 210 92 255 247 226 255 146 255 149 130
    97 225 154 215 88 74 231 76 214 144 236 255 239 16 255 15 115 171
    255 255 42 195 107 1 182 156 44 77 157 19 216 255 152 29 255 54 165
    217 194 201 191 113 87 255 162 101 141 151 104 252 198 201 161 86 87
    255 197 226 255 27 140 91 130 245 255 172 55 255 4 137 255 49 39 99
    87 59 64 81 88 216 57 199 176 129 191 255 194 45 255 33 128 255 204
    223 108 200 10 8 152 168 255 89 205 29 1 97 209 51 161 255 231 206
    255 19 137 255 177 245 52 28 62 135 19 246 43 97 62 73 184 4 255 233
    156 33 216 116 163 108 155 187 255 158 61 2 135 72 66 38 176 198 47
    124 35 115 225 54 192 119 35 255 137 232 178 124 134 131 255 167 79
    49 63 254 25 221 244 255 76 238 89 178 255 255 255 135 208 113 214
    231 176 101 108 124 164 255 66 151 145 161 93 41 48 149 195 158 240
    255 129 8 77 255 118 85 24 209 92 95 132 255 143 162 101 116 217 180
    194 109 197 106 251 91 254 242 141 250 127 191 40 126 19 112 255 255
    254 196 75 215 158 237 94 36 108 50 149 183 102 92 109 244 156 255
    127 126 255 66 255 212 217 220 168 48 125 100 218 39 43 206 194 47
    227 255 149 85 135 255 252 73 168 110 242 76 232 8 141 252 54 181
    185 178 229 241 0 193 219 88 92 7 255 255 105 67 213 239 182 13 207
    250 255 61 240 153 255 29 20 94 255 77 80 255 255 238 116 255 66 13
    255 12 253 65 2 237 169 182 45 140 51 255 129 209 255 112 148 98 255
    176 77 140 200 201 36 154 88 207 2 169 255 180 208 119 231 13 192
    113 48 156 208 160 213 5 47 133 207 255 180 132 135 23 9 255 168 176
    91 101 255 206 255 55 122 255 95 82 60 169 45 77 195 155 25 247 41
    93 140 145 163 158 178 255 151 142 163 61 49 160 228 76 255 69 208
    87 51 79 45 214 154 116 124 255 255 24 105 93 238 188 53 61 29 21
    254 255 5 236 201 216 67 63 239 114 51 132 20 152 255 225 15 111 46
    81 229 235 167 255 45 234 53 6 246 243 122 209 244 5 34 215 237 255
    17 191 92 255 131 157 132 255 132 104 236 28 28 188 255 213 186 10
    96 203 103 188 60 242 205 242 201 180 132 174 64 60 152 237 157 30
    13 103 234 59 135 212 187 94 170 84 90 62 68 255 114 233 6 90 255
    141 138 228 241 141 105 254 89 21 170 246 109 100 220 255 255 220
    247 207 214 167 55 255 171 12 252 249 192 137 187 232 25 13 199 45
    255 66 229 247 28 37 255 84 243 147 186 71 104 255 69 255 144 250
    101 12 188 0 33 106 132 60 1 213 29 238 255 33 247 64 85 131 255 207
    255 55 112 254 191 126 240 255 84 241 255 107 71 36 175 206 35 65
    204 45 81 158 220 92 255 153 182 61 36 81 107 235 255 143 103 171 38
    255 5 255 151 143 30 55 229 7 151 159 173 133 155 192 217 176 183
    236 17 97 53 169 132 4 64 255 109 82 8 48 150 161 109 242 54 35 216
    54 233 170 223 152 158 75 95 206 143 255 48 20 16 46 196 183 145 41
    237 255 255 163 97 94 255 23 31 9 56 240 7 229 61 27 192 164 92 29
    48 255 8 198 255 57 169 85 19 98 100 18 183 65 41 87 32 147 255 3 92
    157 3 63 69 211 213 101 51 74 26 197 49 255 255 228 8 255 80 238 185
    121 67 255 1 18 255 197 73 48 2 40 165 74 239 255 219 255 221 64 226
    5 227 60 7 176 75 217 167 164 27 193 79 108 240 31 7 251 239 91 253
    228 96 243 255 176 135 243 255 147 2 232 38 178 143 113 226 255 74
    219 195 123 64 231 92 217 255 240 255 119 231 202 255 180 92 223 255
    145 255 132 64 185 180 93 255 72 69 4 84 242 247 200 239 248 123 232
    255 244 255 252 97 119 177 78 183 155 188 142 61 168 255 85 249 139
    255 252 68 195 233 255 255 14 64 221 148 100 68 215 216 173 186 243
    156 169 129 56 235 41 255 228 9 188 73 221 76 89 128 185 65 82 237
    46 16 41 254 13 211 216 139 164 229 255 125 159 42 255 130 27 76 199
    252 164 7 243 135 255 212 207 132 144 68 252 3 123 186 225 15 38 49
    55 152 251 255 101 173 15 77 220 53 86 99 152 119 215 105 140 200 79
    150 220 216 209 67 255 48 168 255 14 76 255 156 219 63 194 253 121
    121 243 255 227 255 141 226 227 255 41 212 255 215 40 48 49 187 232
    10 171 161 7 2 32 191 156 0 102 38 255 14 7 76 150 239 167 153 179
    255 187 116 255 4 234 187 190 51 156 149 91 0 40 139 153 79 118 237
    198 255 4 187 111 255 28 255 255 61 193 192 69 232 51 44 122 129 250
    243 255 47 119 208 22 192 199 116 229 172 50 212 255 83 64 55 50 91
    224 147 202 176 249 255 225 2 216 255 43 193 255 23 140 173 94 201
    188 159 250 140 246 16 151 40 179 247 228 63 191 28 50 59 209 241
    244 24 253 89 40 224 116 203 26 127 95 86 17 250 204 255 219 136 201
    196 114 237 105 38 255 209 188 224 200 180 187 95 23 168 148 187 132
    255 63 60 157 217 16 69 138 57 227 102 255 147 157 97 213 23 239 107
    217 195 193 156 248 255 216 99 234 143 147 184 174 235 25 168 12 74
    212 251 144 160 243 182 69 224 254 36 192 55 207 77 126 61 52 215
    107 132 233 152 201 255 117 220 109 85 255 228 219 255 70 148 255
    110 155 69 129 96 255 250 247 255 58 61 84 90 223 212 35 242 133 31
    54 255 83 189 236 63 138 40 134 124 11 124 252 255 183 47 248 255 20
    255 216 228 152 141 143 247 135 1 221 219 186 89 191 118 33 134 186
    255 222 112 255 58 31 192 2 18 127 222 15 145 143 202 197 94 246 84
    45 34 73 212 26 255 198 217 255 239 255 255 116 77 255 89 211 248
    131 255 255 41 66 215 182 153 255 157 231 205 5 45 79 182 215 255
    147 47 17 176 66 92 127 212 255 177 135 103 211 30 8 47 8 255 255 60
    28 232 55 236 136 171 255 252 157 199 225 48 215 115 161 255 90 156
    232 1 163 91 58 84 101 57 63 200 237 47 255 176 242 239 211 75 81
    114 15 227 72 149 168 124 239 43 246 230 189 76 250 176 99 77 159
    126 13 45 71 255 192 93 166 145 174 46 255 15 109 189 91 168 255 28
    143 255 142 255 255 104 255 197 110 119 255 216 254 95 46 54 255 171
    215 85 111 69 255 28 225 255 30 3 255 152 52 25 218 46 231 13 241
    255 30 158 227 236 148 255 23 199 48 28 60 255 241 149 17 207 46 255
    82 132 255 217 99 255 189 165 255 52 192 179 239 92 255 229 218 183
    198 59 65 162 112 255 58 39 255 163 105 205 52 7 213 195 179 123 176
    200 9 177 255 228 240 36 255 30 45 89 23 142 29 42 2 31 30 27 40 109
    111 255 89 18 0 55 179 0 110 171 127 208 105 255 123 119 179 52 61
    91 118 125 255 16 151 52 166 154 143 16 7 61 156 140 255 35 15 255
    190 252 157 40 98 255 234 4 33 28 22 175 177 247 48 215 141 75 152
    213 12 4 125 156 236 255 255 140 123 147 72 143 255 24 16 59 254 34
    180 201 66 124 244 66 23 216 244 147 100 7 249 18 224 64 180 10 36
    38 136 207 121 15 255 146 116 255 112 183 147 198 38 255 172 79 4
    218 173 240 207 51 255 62 115 201 127 125 95 58 115 241 14 0 255 255
    105 255 242 226 255 145 255 255 250 77 255 83 255 224 19 182 255 157
    170 255 171 255 255 255 11 229 8 168 255 150 138 136 58 255 35 153
    151 207 235 252 99 27 226 151 253 247 112 255 35 255 141 192 77 223
    91 52 241 116 67 182 178 27 118 216 117 255 186 253 46 160 221 88
    134 191 39 80 41 134 86 71 37 187 229 153 250 243 241 131 39 116 160
    123 68 67 25 143 77 108 159 110 157 255 224 57 37 3 116 92 255 0 190
    255 133 237 176 68 243 196 255 136 123 137 162 227 187 158 218 108
    206 149 64 233 200 245 192 149 188 109 98 255 254 191 71 157 233 23
    229 155 48 13 255 64 2 75 255 47 18 252 7 119 57 34 40 157 83 174 57
    255 25 11 190 254 57 114 160 129 234 105 53 63 139 13 249 125 8 249
    42 3 158 254 37 28 49 255 26 73 212 222 173 255 141 103 227 131 134
    187 252 249 255 58 237 71 30 255 255 5 226 97 158 8 200 248 120 167
    143 191 47 200 160 255 206 255 165 133 204 29 230 33 235 50 67 45
    203 234 167 255 71 255 118 255 57 231 91 169 49 13 255 152 75 132 87
    132 92 24 46 255 190 183 83 223 103 143 47 138 12 118 128 255 200 96
    168 140 238 151 150 199 91 158 255 109 72 171 7 254 1 59 234 203 128
    127 187 121 255 161 164 231 93 19 95 150 136 35 20 100 217 60 255
    133 255 129 63 223 53 44 225 133 190 118 88 255 247 255 85 255 9 90
    154 255 103 255 160 28 75 8 168 134 255 237 81 69 44 94 255 217 123
    37 171 103 77 140 214 23 255 90 85 111 43 55 203 18 255 188 93 229
    170 84 255 240 153 117 39 63 255 183 71 255 90 53 152 70 255 96 119
    52 255 3 88 4 21 143 255 159 209 67 229 129 240 228 217 33 71 47 189
    22 255 255 5 123 255 173 67 223 17 39 200 59 114 237 249 77 255 8
    255 193 254 120 163 99 14 69 54 161 217 17 255 119 195 255 243 184
    208 181 131 28 127 98 119 255 88 154 165 212 11 5 8 98 89 221 191 21
    90 61 136 72 255 255 34 134 171 91 72 255 159 74 112 73 84 240 6 111
    139 233 37 255 228 183 255 119 180 211 255 125 255 13 69 255 148 236
    255 146 36 255 5 38 181 175 150 181 76 144 216 17 15 61 4 157 32 208
    152 81 184 255 216 105 54 15 182 46 255 153 255 53 186 156 45 52 255
    255 162 154 245 6 160 169 207 234 255 76 206 228 30 157 255 216 9
    255 20 114 140 251 76 97 182 28 31 88 137 255 228 181 255 255 253
    255 102 163 96 234 234 151 39 201 124 156 46 255 205 254 255 71 136
    40 16 123 196 184 252 40 198 96 255 62 192 212 210 113 103 122 38
    229 166 171 255 12 45 91 94 92 255 194 148 255 230 254 41 230 124
    247 122 169 204 135 227 52 237 12 229 74 94 232 146 96 255 233 218
    255 77 175 171 212 255 73 247 255 144 218 3 255 50 45 252 174 37 208
    186 29 99 210 103 255 152 99 89 192 128 193 57 255 255 253 37 125
    253 110 156 80 186 116 162 82 255 57 43 68 164 97 61 27 255 153 124
    88 24 56 39 255 192 255 123 78 132 57 233 49 164 91 174 255 91 157
    255 171 140 92 231 183 93 0 30 175 255 145 48 127 212 239 7 186 83
    218 77 89 169 255 151 95 202 236 116 232 255 234 150 255 8 68 95 139
    228 156 38 221 255 156 255 1 219 4 216 3 114 191 135 127 15 17 245
    244 188 135 235 175 85 212 129 164 53 236 66 43 247 147 77 248 0 40
    254 24 159 98 37 255 46 251 7 191 129 128 93 191 160 154 164 55 97
    115 167 121 236 255 0 130 19 192 168 177 19 34 235 134 13 36 238 201
    237 47 21 255 255 181 164 97 87 44 139 255 15 250 114 184 71 29 45
    140 244 85 223 138 35 148 247 255 215 224 255 214 75 255 233 255 45
    194 241 175 10 129 255 195 157 255 194 107 80 177 132 233 213 174
    241 118 255 20 107 148 192 122 69 189 255 245 101 49 118 225 68 79
    119 255 215 245 28 230 124 142 34 77 139 174 51 180 149 85 115 72
    255 146 254 164 248 129 255 155 128 255 159 61 101 135 164 243 39
    147 172 102 174 193 131 192 255 49 41 239 90 178 191 9 96 9 14 99
    235 225 76 235 112 170 135 255 218 255 30 255 100 250 218 8 86 36 96
    153 103 107 125 75 113 255 255 73 112 110 145 116 179 133 27 135 247
    82 169 29 63 254 143 105 228 127 131 141 179 97 3 255 106 55 145 48
    143 161 109 135 255 20 161 73 100 36 100 141 227 85 30 209 255 104
    241 255 9 135 141 189 167 171 34 64 61 109 237 135 68 255 161 232
    170 255 21 72 71 172 158 141 9 115 120 235 206 23 26 255 64 83 43
    147 240 245 255 213 54 255 185 255 183 250 208 111 76 27 224 65 216
    160 74 206 255 8 64 255 246 228 1 52 179 56 73 12 255 116 91 35 140
    42 65 44 118 100 125 90 255 43 157 241 87 1 128 49 239 249 203 110
    255 40 82 147 94 212 28 12 152 176 134 147 123 39 134 95 13 25 101
    66 173 183 41 129 255 66 76 28 174 151 65 37 212 255 112 220 241 225
    148 255 87 97 61 124 252 255 235 238 247 88 9 105 255 58 255 56 185
    123 172 155 168 56 82 255 190 168 255 248 179 255 255 35 223 231 220
    159 166 181 119 194 123 255 100 188 192 126 204 187 80 37 187 56 165
    53 246 244 124 102 49 255 255 151 131 179 168 183 151 56 75 59 55
    211 107 246 168 72 71 40 109 43 255 120 42 177 4 255 248 89 203 63 0
    162 255 136 171 40 61 63 255 226 255 255 85 153 57 213 97 163 189
    233 237 186 78 108 92 7 183 72 255 255 76 229 255 30 16 167 110 173
    208 90 60 151 235 103 215 232 20 4 79 24 13 78 129 255 121 255 125
    65 249 105 44 30 108 27 107 69 234 87 100 113 239 127 240 135 125
    161 51 241 81 131 141 205 109 167 192 255 75 27 213 255 253 10 3 215
    215 167 141 144 61 59 116 255 106 92 244 7 207 255 136 223 99 94 124
    84 47 232 255 103 254 87 66 205 155 88 120 47 45 82 24 84 167 77 30
    205 96 106 97 205 252 255 255 255 56 15 152 17 255 52 243 255 85 99
    49 242 255 255 36 62 156 43 13 1 225 199 240 135 255 255 222 141 255
    232 255 125 87 181 140 244 200 101 93 255 199 80 217 252 45 110 112
    255 162 208 9 126 41 255 145 17 43 255 237 198 65 189 1 200 92 25
    218 216 15 194 223 171 145 179 25 136 95 15 182 255 141 207 255 227
    119 243 84 14 105 48 20 4 223 234 255 34 234 72 255 65 167 243 9 83
    184 255 47 109 69 143 49 53 179 154 17 16 223 193 125 49 255 136 255
    241 231 149 75 255 42 81 235 219 220 255 154 117 84 171 144 255 241
    234 48 1 46 141 246 117 93 99 182 247 108 225 255 211 169 3 100 97
    151 54 243 255 241 243 41 220 214 144 205 120 240 91 255 117 197 7
    255 214 239 255 247 55 67 57 78 255 101 211 147 162 96 177 114 124
    253 208 71 161 220 186 49 155 231 227 48 149 121 59 255 119 163 157
    255 177 81 136 114 117 247 172 4 5 52 224 188 31 63 255 128 63 251
    55 52 255 98 79 85 211 8 33 240 174 8 213 140 199 28 8 28 112 143
    161 51 218 219 182 68 60 37 255 32 205 211 255 131 50 251 200 113
    155 183 192 200 145 98 180 81 116 117 105 253 65 41 174 215 149 132
    255 65 127 255 4 132 227 162 251 255 147 198 5 145 255 175 152 196
    56 154 23 189 147 254 53 130 87 131 144 154 152 42 131 255 173 13
    221 106 205 89 209 255 255 205 16 255 132 206 80 86 24 209 168 161
    56 229 50 68 227 43 225 15 33 64 51 135 13 255 35 255 41 31 221 70
    72 255 8 179 255 176 243 244 120 101 255 73 131 255 127 182 192 214
    250 59 12 136 255 130 214 255 255 25 35 148 188 144 218 182 255 97
    158 23 174 5 255 255 103 189 16 50 137 66 62 255 159 217 255 48 135
    255 83 101 236 209 69 31 70 200 255 248 1 212 78 211 181 148 77 151
    236 143 137 110 92 193 174 68 103 250 232 139 111 58 76 186 124 85
    172 76 255 242 68 84 156 225 192 211 169 101 251 150 255 137 229 241
    242 9 224 113 29 207 46 246 23 50 204 255 211 253 141 149 35 255 26
    255 47 123 176 152 253 80 216 0 62 255 212 36 4 90 229 56 57 122 8
    162 2 205 124 165 255 43 12 83 241 178 188 4 105 192 18 162 52 133
    224 44 103 255 132 218 251 17 66 66 255 86 213 255 10 67 255 144 21
    68 228 54 255 167 138 163 4 125 155 43 250 1 215 81 35 25 151 231
    169 101 224 255 1 217 186 147 255 180 88 8 199 233 195 206 91 201 14
    179 159 86 96 21 121 76 232 255 122 255 54 41 13 145 26 180 187 255
    255 152 255 129 158 77 255 42 1 55 104 77 255 150 164 119 237 236
    131 130 56 255 165 255 188 230 150 213 152 107 8 147 177 79 31 144
    193 60 39 1 102 158 152 51 254 205 16 65 92 209 14 129 227 126 255
    61 116 161 182 15 255 151 28 143 57 170 133 215 131 95 235 93 84 244
    97 243 135 71 157 175 186 237 141 14 9 36 230 255 198 242 96 6 148 0
    242 119 145 206 219 193 141 18 85 124 229 11 170 20 251 77 93 141
    255 46 75 232 147 60 103 102 189 18 66 175 60 22 220 255 9 167 150
    100 255 55 255 196 20 107 111 36 17 156 192 255 137 10 183 255 84 88
    147 28 255 111 80 255 21 81 26 121 214 171 159 97 236 64 167 255 177
    162 49 121 228 7 255 255 185 255 1 138 255 255 80 189 73 141 177 121
    52 12 216 153 213 231 120 141 192 55 196 66 163 173 255 227 255 121
    12 240 107 0 255 142 171 45 45 75 180 115 187 163 49 122 255 192 223
    255 176 144 211 208 239 112 124 180 255 37 51 8 255 251 163 144 189
    33 208 29 255 106 224 32 17 188 156 63 221 12 139 14 255 64 216 255
    252 255 44 31 23 247 217 251 255 193 21 133 16 130 255 255 103 128
    198 13 104 196 101 144 253 25 220 49 238 255 26 132 255 29 64 176 99
    103 255 28 79 28 49 213 13 255 255 255 132 185 249 37 255 209 5 249
    5 73 255 87 50 119 255 193 18 213 8 109 208 94 217 255 255 255 88 86
    139 11 42 155 121 26 34 163 6 114 80 197 193 255 234 231 131 227 22
    233 9 28 3 241 232 13 39 163 28 45 96 13 141 240 255 3 187 152 102
    195 225 229 64 201 122 255 137 71 166 255 152 131 255 255 113 132
    255 68 112 184 2 255 54 196 212 169 255 123 7 255 253 47 5 44 95 92
    160 137 255 244 33 255 116 50 190 87 56 255 220 112 118 4 177 20 109
    190 38 255 89 40 255 74 77 45 40 115 157 107 231 129 71 239 255 73
    78 255 30 165 143 99 130 160 216 181 19 194 206 223 255 58 63 13 253
    160 41 225 248 155 126 255 67 75 247 113 29 255 113 218 255 143 77
    216 17 187 76 15 149 132 25 88 251 69 255 255 38 4 87 255 9 228 62
    203 255 58 15 63 255 232 111 132 101 255 222 232 125 109 96 103 43
    213 92 207 107 107 182 255 131 230 143 59 151 255 99 255 20 255 151
    195 255 41 56 223 255 14 164 223 255 237 232 17 120 77 112 107 0 171
    255 103 162 47 31 173 49 236 142 117 239 193 212 83 199 255 97 28
    189 145 144 36 169 218 104 128 7 109 97 255 91 36 113 188 221 162 45
    3 215 116 91 86 205 74 34 103 63 169 255 58 67 240 122 39 169 119
    161 63 106 175 100 98 231 255 97 176 128 60 118 253 183 169 179 110
    255 125 88 5 12 76 252 53 38 97 107 239 49 189 37 255 72 87 234 255
    115 76 216 27 191 255 133 122 117 77 151 175 99 166 188 195 247 255
    143 97 171 2 65 128 115 93 216 247 199 255 41 50 255 41 255 237 66
    128 140 104 255 175 248 131 255 43 53 51 29 204 72 48 152 88 217 148
    16 56 27 229 233 102 40 179 234 200 105 136 5 58 99 255 148 52 143
    91 68 213 182 55 237 28 8 255 244 253 255 216 239 15 116 255 107 118
    195 201 58 43 255 213 13 69 23 173 220 114 211 1 236 255 255 184 149
    244 255 154 72 193 253 255 48 126 100 242 54 255 234 75 189 186 100
    95 184 14 255 41 73 231 119 164 211 194 196 195 156 255 211 86 33
    253 177 7 15 132 181 21 255 73 155 33 93 255 70 89 255 134 218 53 83
    101 255 211 110 171 16 156 239 4 223 255 248 25 196 178 46 87 124
    239 1 140 156 243 150 202 37 149 175 255 132 220 23 63 36 205 231 38
    15 240 164 255 242 218 255 74 86 171 251 65 255 65 63 129 187 112
    255 39 255 131 13 116 165 14 181 28 37 255 20 80 255 196 198 52 255
    255 54 192 208 102 20 169 15 123 217 254 153 209 90 64 146 78 137
    178 255 243 42 80 77 142 35 213 59 143 255 155 39 255 190 181 143 17
    93 57 38 233 229 82 72 147 223 249 255 200 141 255 241 190 0 216 211
    192 81 75 255 93 143 15 165 202 177 60 55 24 52 7 255 60 90 241 194
    31 248 13 255 76 34 192 124 45 11 255 69 204 255 164 204 255 227 253
    255 154 43 244 73 142 255 16 200 255 125 24 235 85 120 208 246 255
    12 228 52 123 182 40 255 140 194 177 55 81 175 156 144 21 177 0 69
    78 196 255 240 255 72 151 212 203 186 167 71 86 236 255 164 15 113
    239 102 57 67 77 32 255 229 67 83 249 129 73 46 153 62 212 35 1 124
    255 198 8 204 108 228 216 230 29 151 126 190 255 255 20 87 85 42 213
    180 34 121 133 18 169 118 66 15 93 60 43 255 255 255 124 41 255 128
    169 221 48 103 255 19 233 119 129 125 255 119 189 229 107 255 229 57
    26 255 255 103 111 255 243 255 153 175 32 18 205 159 78 84 80 239 56
    255 244 255 255 43 104 211 58 173 244 196 211 255 230 112 215 2 204
    19 118 20 237 78 247 255 251 242 165 89 192 17 231 16 224 33 97 255
    30 86 152 233 253 149 193 86 255 88 255 255 255 43 55 169 223 185 13
    128 53 139 78 24 203 3 88 128 135 191 68 74 8 210 33 255 208 151 75
    103 12 23 255 223 255 4 119 45 255 165 45 226 223 49 179 199 255 144
    103 24 78 177 255 191 41 33 12 219 216 195 255 255 157 199 179 16
    255 255 84 13 65 225 41 8 225 220 119 130 220 255 255 22 205 254 255
    255 198 103 209 175 88 85 247 7 167 213 148 60 205 250 172 235 7 75
    123 242 207 252 118 173 168 62 60 221 237 255 242 114 57 176 23 35
    48 27 55 225 36 72 255 31 221 192 85 33 231 92 255 147 185 255 230
    166 68 152 214 171 178 158 211 41 206 255 166 38 255 105 147 61 41
    66 248 77 152 52 172 252 21 97 181 69 90 114 229 218 28 184 186 72
    75 38 26 77 126 160 137 5 53 255 252 7 121 2 166 15 59 114 4 104 169
    255 228 103 57 216 170 11 17 131 144 31 144 255 92 128 255 77 48 60
    46 41 51 9 201 203 237 82 45 196 86 160 211 2 139 218 84 255 72 62
    255 220 205 117 1 40 32 151 117 237 148 104 255 215 233 220 164 236
    41 242 190 255 163 180 255 73 144 65 239 12 255 98 152 3 167 218 255
    51 166 255 140 39 116 33 247 23 80 194 255 13 109 255 255 77 219 233
    214 165 88 255 255 88 255 255 177 21 141 12 255 255 113 244 140 143
    85 255 137 81 88 147 22 255 88 134 175 80 115 47 35 137 196 186 75
    148 0 33 255 236 62 81 80 190 25 120 200 160 170 17 255 49 255 255
    56 233 15 55 185 255 244 211 59 67 37 92 217 80 255 26 119 92 227
    154 137 8 160 255 206 11 255 236 103 241 26 104 229 244 150 73 250
    94 105 103 94 255 143 255 47 223 29 68 176 192 137 6 185 179 176 3
    253 10 196 56 206 16 181 107 38 127 16 150 255 120 119 15 67 188 100
    166 85 117 212 35 255 31 208 144 131 56 67 71 5 148 128 139 255 212
    21 255 52 190 255 184 124 132 0 20 64 65 54 147 73 229 95 163 255 95
    159 17 51 36 177 19 28 183 7 252 255 240 122 109 165 48 165 255 192
    194 255 114 9 93 44 255 165 249 62 255 122 182 215 161 75 91 184 80
    36 255 56 255 58 191 255 252 195 255 174 91 255 101 75 255 130 127
    67 105 76 184 131 84 249 43 213 255 35 208 255 144 228 255 175 231
    145 253 162 215 255 255 77 30 61 155 30 106 13 157 61 63 49 154 255
    190 105 81 194 215 231 210 48 55 185 110 216 176 64 209 243 18 7 9
    255 48 185 17 157 107 255 133 52 113 200 255 180 4 105 126 255 90 38
    255 234 77 96 47 94 177 203 82 113 23 124 35 218 61 151 76 18 248 60
    54 201 124 178 255 211 106 51 120 87 255 123 35 148 162 87 177 169
    37 227 9 86 241 251 46 83 227 80 192 178 75 151 5 102 237 33 110 48
    107 174 63 33 182 233 76 16 251 185 98 255 83 224 255 206 16 107 31
    105 44 188 234 168 236 47 12 47 201 20 189 153 141 51 87 145 135 123
    252 178 255 24 12 68 255 255 38 199 39 247 25 0 68 255 196 68 137
    146 238 184 73 48 217 175 147 255 100 245 59 119 54 255 132 99 28 87
    0 255 226 251 11 192 163 148 157 234 156 84 120 35 130 208 96 12 114
    255 114 47 255 109 149 235 219 114 255 74 233 255 240 158 224 196 86
    197 135 76 163 30 231 205 163 88 40 46 255 255 7 76 53 69 176 128 50
    18 231 219 77 119 249 59 45 140 165 163 128 244 24 183 194 32 226 66
    141 155 224 252 249 131 176 200 84 183 190 8 255 240 237 208 234 255
    197 215 250 251 237 213 124 143 240 153 161 192 67 159 117 137 179
    253 212 161 238 21 255 109 241 81 64 105 134 62 255 235 145 255 251
    21 219 44 3 171 39 96 104 179 15 176 104 2 168 237 143 97 71 158 35
    19 60 255 168 36 132 255 12 175 35 21 255 246 188 183 24 98 1 251
    157 255 16 231 251 114 207 11 103 64 255 82 175 255 124 241 21 255
    247 80 247 75 161 148 68 177 176 143 255 21 224 241 153 26 69 68 243
    25 206 240 204 3 194 213 74 47 29 121 135 121 243 29 255 133 158 7
    28 68 149 111 5 71 225 75 44 26 88 255 103 152 248 103 101 169 90 88
    251 27 189 73 58 54 23 195 80 236 93 213 255 72 196 128 77 134 241
    211 124 204 136 135 199 223 26 113 210 86 255 81 209 200 88 46 119
    94 198 248 191 103 4 114 206 1 255 37 51 216 17 171 59 134 225 47
    160 156 64 106 165 250 89 40 235 36 84 119 255 255 25 80 131 115 201
    245 39 161 255 82 132 160 143 69 188 213 126 147 207 183 189 110 100
    105 219 92 1 5 241 119 169 166 24 240 150 203 242 71 143 17 37 79
    120 193 255 114 171 237 164 4 195 168 186 72 23 188 68 128 221 23
    103 242 217 242 115 40 44 111 165 77 33 112 54 255 63 159 49 40 90
    91 84 185 190 65 139 154 104 163 98 39 228 161 255 135 162 255 100
    136 255 50 73 219 5 135 145 71 196 184 203 255 215 112 27 196 63 79
    84 0 216 37 55 52 133 121 104 255 68 166 253 201 51 205 28 220 255
    151 49 255 126 71 153 255 191 221 60 97 3 67 3 80 71 60 255 168 189
    157 68 175 255 218 81 255 93 97 141 104 255 108 55 50 255 36 118 255
    91 102 137 186 255 56 28 51 255 252 1 19 81 112 95 194 71 55 72 255
    255 213 88 255 161 81 108 109 215 161 133 20 115 244 255 65 230 123
    255 125 54 255 109 153 203 241 150 72 132 81 45 102 165 252 115 251
    29 124 67 48 85 195 255 219 255 255 67 181 255 1 126 143 255 223 15
    229 129 1 28 161 144 134 97 237 156 170 121 99 71 219 36 254 84 179
    102 99 185 162 160 154 233 11 7 3 47 220 168 255 223 85 255 114 225
    180 238 255 221 182 255 221 20 84 255 28 151 0 82 214 108 219 142
    255 58 255 121 102 109 255 174 72 20 255 34 219 81 154 39 95 196 255
    77 62 153 158 242 255 9 56 53 251 26 41 244 40 255 176 255 149 219
    169 255 50 88 255 108 163 25 107 153 119 36 80 179 73 182 67 33 58
    243 134 150 212 110 218 165 255 165 51 84 255 19 120 92 135 195 255
    232 153 255 255 206 252 147 145 254 103 130 60 165 68 226 212 102
    186 255 61 85 179 247 72 255 105 92 181 121 180 23 229 12 156 151 63
    132 247 21 149 124 255 255 36 251 255 207 110 48 108 89 80 13 245
    223 232 0 80 113 17 17 232 103 35 168 161 120 42 52 27 255 77 255 24
    112 255 209 35 253 199 116 121 232 215 176 98 82 84 35 105 161 173
    46 71 216 142 212 235 114 99 122 183 255 176 255 160 182 114 255 92
    253 255 83 89 140 153 255 101 0 7 191 252 16 147 135 131 225 58 162
    111 22 0 255 227 221 127 254 91 133 40 255 23 60 1 19 179 129 101
    114 190 155 249 255 255 100 126 165 31 170 61 140 230 99 174 118 165
    10 209 255 182 168 149 169 40 47 17 171 145 199 243 176 114 100 177
    42 125 131 169 255 179 146 255 61 59 252 180 18 192 45 119 227 35
    216 109 1 132 156 47 198 255 125 168 213 67 8 255 115 122 194 244 94
    115 255 119 125 99 44 64 125 206 20 255 24 178 60 30 113 255 155 69
    187 36 200 3 130 161 215 184 188 255 237 5 107 255 186 20 118 13 157
    62 36 101 48 165 133 219 8 255 248 105 157 209 255 255 153 13 16 98
    1 245 248 205 61 77 244 192 210 255 201 19 55 141 47 140 140 193 117
    75 36 219 227 225 155 115 248 90 164 77 17 109 78 47 240 16 231 137
    152 255 228 229 132 199 31 27 248 195 20 208 85 20 25 154 12 255 28
    191 255 114 115 12 15 180 209 21 200 113 255 64 255 88 255 255 95
    135 45 255 255 255 9 142 231 22 236 189 153 221 172 255 107 41 170
    18 199 213 255 255 254 255 255 175 249 171 112 30 87 66 50 255 230
    218 255 97 199 129 140 230 164 207 12 192 136 31 63 198 3 169 249 98
    167 163 163 93 148 0 255 188 141 255 229 255 9 139 247 247 59 84 255
    234 67 25 12 71 27 252 46 160 84 255 175 0 211 255 20 176 255 134
    154 117 48 40 255 4 24 75 99 85 59 4 143 215 149 238 201 83 156 127
    109 11 165 64 181 29 36 12 255 229 225 69 220 58 139 4 240 255 208
    98 41 1 173 249 28 13 103 126 238 137 73 94 255 46 129 255 148 81 24
    60 27 17 227 75 255 8 0 255 101 51 124 216 23 148 85 185 165 222 116
    207 104 87 20 223 104 125 205 144 255 107 100 255 123 169 255 21 39
    73 5 25 51 192 144 149 24 167 247 20 212 105 165 48 68 57 29 64 63
    78 255 84 43 101 193 29 187 12 245 51 87 255 213 135 128 56 207 64
    253 80 64 255 211 76 243 238 240 92 42 77 55 42 220 171 194 15 191
    125 255 255 188 89 87 191 226 5 57 255 255 8 249 193 95 71 96 201
    253 253 255 67 200 45 85 237 36 85 255 126 214 25 88 22 255 31 176
    161 49 168 128 89 187 139 81 243 255 88 173 137 210 148 151 148 88
    237 8 65 113 80 109 203 115 39 195 25 245 255 172 161 201 173 254
    239 255 103 172 98 169 21 176 30 32 124 14 232 127 223 255 113 216
    255 246 219 4 44 112 75 153 182 255 29 170 255 185 67 68 192 187 11
    213 228 255 230 73 69 68 250 255 197 144 255 3 59 255 210 93 72 209
    23 193 54 213 113 203 129 139 125 255 211 15 230 165 194 35 255 126
    241 53 201 227 255 183 37 28 20 162 16 165 221 0 84 48 81 255 255 28
    255 9 255 255 54 61 228 150 212 188 35 53 35 77 175 255 241 52 179
    38 141 98 192 136 184 77 248 110 196 247 173 202 88 238 99 255 127
    45 243 97 74 255 238 80 181 93 13 97 134 77 67 187 9 117 255 76 255
    97 88 255 140 29 4 35 246 192 86 12 23 169 36 20 194 181 255 199 107
    143 189 185 101 68 255 168 119 255 255 13 46 255 128 232 255 1 117
    103 213 255 196 99 67 255 67 166 172 52 52 47 255 200 255 255 67 28
    107 43 157 49 152 104 253 105 15 114 77 95 214 147 219 71 211 12 71
    173 60 212 204 44 153 179 25 74 21 59 119 190 160 188 17 48 29 137
    244 254 4 255 214 204 129 9 229 255 95 24 255 120 75 79 7 149 247
    247 147 4 118 190 255 120 152 243 152 188 255 109 37 39 255 93 193
    171 251 103 162 132 104 180 170 11 248 203 255 198 76 165 237 63 187
    174 72 0 102 176 192 166 176 165 152 15 195 239 141 13 237 255 191
    207 148 59 54 109 188 185 74 55 2 225 255 159 255 211 214 147 117 90
    122 100 92 71 41 108 254 29 81 203 9 54 127 255 242 209 225 221 11
    13 99 65 255 31 75 233 56 55 255 59 228 255 189 5 185 188 120 227 34
    106 183 192 168 211 124 25 255 179 25 229 58 132 251 225 29 200 10
    79 255 16 94 255 102 18 247 39 135 255 139 33 255 255 170 255 121
    114 255 255 161 93 246 255 136 169 71 85 170 228 93 104 193 124 107
    78 255 184 85 97 99 29 65 33 206 255 193 78 29 207 111 255 218 65 56
    150 214 233 255 65 133 111 53 44 57 191 255 186 49 255 238 169 120
    18 49 153 165 17 255 255 164 184 88 128 255 240 61 223 124 162 255
    115 246 255 27 92 209 73 255 255 167 193 255 69 230 255 212 61 249
    116 199 117 148 93 159 72 59 197 231 25 68 129 162 96 23 36 59 123
    21 199 85 103 255 250 37 255 57 117 79 241 99 81 86 194 27 43 165
    255 223 113 219 98 71 67 193 79 255 149 119 255 103 0 167 246 231
    255 95 86 59 93 202 149 217 43 187 90 255 27 137 162 255 60 126 164
    163 148 0 58 148 149 190 165 20 34 114 255 88 176 95 129 206 97 157
    166 0 74 192 255 226 109 108 152 169 87 164 5 12 194 217 159 144 130
    17 155 94 255 2 230 255 89 30 168 65 161 205 195 73 151 246 24 157
    77 111 15 240 80 227 128 192 135 6 255 255 205 23 28 252 255 100 199
    166 25 18 39 92 180 119 255 225 245 255 248 68 255 211 11 148 102
    203 101 197 15 255 2 148 255 39 36 221 39 34 87 193 137 255 212 143
    137 40 255 255 166 179 252 31 135 19 225 81 255 228 79 187 151 255
    108 34 33 191 172 116 251 158 138 84 35 194 105 187 68 29 22 22 201
    158 233 40 110 199 231 64 255 88 124 155 240 100 174 175 130 120 235
    169 255 88 43 168 145 42 236 184 79 34 137 143 69 255 61 25 255 52
    28 255 155 110 15 57 138 121 247 189 27 29 66 205 2 40 255 162 255
    207 71 236 124 23 102 29 185 27 255 182 97 255 248 189 89 241 46 205
    239 157 255 227 48 205 109 225 253 158 224 255 204 25 217 131 162
    243 218 187 197 230 72 73 236 219 180 21 94 132 193 116 101 42 255
    108 68 73 43 6 105 240 193 151 85 88 217 91 201 157 220 112 8 15 210
    100 255 49 52 255 107 198 171 205 27 172 255 255 255 216 112 255 169
    247 187 155 207 180 170 120 31 118 250 72 158 101 89 147 120 255 59
    14 255 193 203 17 253 35 255 247 255 252 80 109 1 114 106 115 210
    228 172 164 14 108 153 74 68 191 7 135 13 156 255 12 255 47 149 45
    76 180 160 37 5 211 236 255 119 220 246 75 127 141 78 239 206 169
    255 110 10 195 124 223 220 63 24 255 156 254 56 141 255 255 235 227
    255 47 208 255 4 53 113 253 99 255 211 59 127 255 190 193 242 179
    124 91 41 128 252 218 16 216 178 221 239 153 255 90 151 215 146 164
    255 255 110 224 120 3 255 40 1 236 249 11 112 89 175 7 128 218 193 6
    86 251 24 118 233 205 155 115 82 90 49 21 135 41 217 169 179 88 88
    59 100 166 255 104 209 167 180 5 176 182 205 75 168 91 169 44 255
    255 25 255 164 255 143 75 95 47 120 228 239 236 131 111 255 51 167
    112 161 91 196 168 255 255 43 168 255 255 1 105 191 194 203 232 100
    255 232 151 255 37 255 151 6 165 255 179 144 255 156 169 164 23 229
    255 44 135 17 183 79 255 183 2 255 141 34 117 206 217 255 126 24 0
    134 37 255 240 194 217 8 175 249 105 178 65 85 137 188 18 114 255
    120 40 28 23 47 151 140 131 240 0 255 255 137 255 45 192 84 180 24
    107 0 84 217 188 54 126 255 17 178 143 136 188 87 114 117 219 9 198
    251 232 135 116 114 216 141 23 178 193 255 47 188 27 255 32 212 103
    109 162 160 123 50 66 175 127 142 255 100 113 239 144 132 9 149 87
    103 99 255 211 99 255 159 184 37 39 203 213 44 255 91 47 42 102 120
    204 118 75 13 165 255 5 164 255 128 183 76 15 255 255 153 167 32 68
    199 23 38 129 44 111 116 167 112 97 255 255 255 255 121 56 255 137
    233 97 108 131 37 82 126 217 3 0 125 45 179 103 247 158 125 172 243
    255 170 27 255 121 37 75 128 232 119 165 77 255 243 18 181 209 175
    205 41 105 108 141 126 255 79 255 217 225 200 47 207 250 255 151 255
    35 187 227 255 214 203 255 157 26 123 145 88 36 197 37 60 233 3 255
    255 252 255 16 150 195 228 25 115 80 132 255 23 255 200 78 38 255
    233 81 36 46 89 60 121 255 164 227 255 27 254 169 208 219 214 255
    189 247 125 77 193 99 233 38 85 228 144 157 119 128 255 255 185 115
    80 202 136 60 117 255 215 213 61 66 3 255 213 91 247 130 219 132 196
    255 255 116 157 255 92 82 163 255 193 160 64 253 255 81 240 255 211
    163 47 55 209 255 156 154 185 236 166 171 39 20 241 62 156 255 241
    41 255 54 170 88 167 232 104 107 253 223 215 162 255 99 143 255 50
    179 255 72 212 215 56 158 61 70 125 147 71 158 199 144 231 5 66 140
    17 141 46 161 188 87 11 67 54 195 21 123 255 255 204 9 250 129 192
    131 24 236 25 244 57 126 173 241 105 255 191 227 230 255 49 89 21 48
    24 79 206 207 107 8 166 137 227 233 255 133 64 255 128 232 249 64
    233 255 223 238 96 42 208 113 148 38 255 41 255 101 110 97 229 217
    114 117 218 215 161 119 153 204 151 79 255 158 213 205 151 253 105
    252 29 199 255 237 255 48 255 228 100 79 92 226 14 199 60 255 255 72
    233 255 18 34 68 223 191 255 255 255 11 142 165 249 104 199 211 62
    220 224 106 126 243 165 4 96 182 234 255 43 150 228 139 37 255 166
    12 244 208 98 171 255 84 237 92 117 255 26 45 255 106 255 77 123 68
    88 49 217 255 34 180 255 6 163 88 157 110 168 255 54 255 189 41 207
    87 191 104 83 255 255 37 254 93 13 150 131 243 82 141 255 13 255 145
    195 235 186 27 71 26 62 36 248 255 255 211 61 41 238 47 153 95 152
    83 164 255 240 214 117 49 208 81 21 52 82 67 255 238 255 144 77 207
    177 174 208 124 202 129 111 13 116 228 205 105 15 74 255 92 185 249
    64 189 211 8 12 255 153 106 208 255 167 73 87 228 255 73 187 73 45
    14 231 131 96 255 112 255 136 2 23 197 81 144 255 59 220 0 0 63 172
    65 147 113 66 192 151 57 106 164 114 18 197 90 251 179 255 255 255
    128 254 224 254 4 215 209 140 255 149 100 235 231 204 56 73 249 255
    232 149 193 59 38 255 44 77 213 7 48 117 239 111 19 166 66 231 255
    75 255 119 253 153 26 255 68 17 129 124 20 120 255 10 250 57 155 202
    168 93 255 83 25 255 69 243 240 35 55 167 255 84 255 255 142 41 179
    114 219 59 127 42 205 253 255 179 133 42 113 90 137 81 198 156 184
    255 249 121 142 142 41 176 255 255 115 69 7 87 64 183 31 160 45 220
    79 255 188 101 60 197 211 255 42 37 108 97 220 184 104 24 240 102 11
    181 173 111 67 223 122 3 25 218 15 49 86 96 154 39 255 118 216 255
    108 212 241 0 192 24 240 13 75 118 117 55 176 40 255 125 255 253 69
    220 199 108 213 112 241 181 171 233 127 255 203 249 255 152 90 255
    150 118 16 238 84 184 8 24 15 118 255 221 9 100 255 218 179 113 170
    221 145 230 149 164 92 181 171 135 202 240 51 198 48 185 51 168 55
    18 176 76 62 76 255 255 152 46 59 255 127 39 219 12 239 72 192 255
    255 30 223 93 22 23 213 209 162 61 62 140 255 254 158 169 97 186 208
    35 109 73 198 188 160 250 3 203 34 12 131 14 13 88 112 208 188 137
    183 255 87 60 255 132 255 24 47 190 251 216 91 255 153 227 135 24
    116 57 99 11 107 135 136 85 100 217 221 111 227 39 247 68 197 255
    157 215 68 139 255 81 225 189 206 81 255 163 93 255 213 255 237 209
    198 220 233 89 209 176 61 64 140 141 141 187 38 123 34 85 15 132 144
    255 235 241 144 219 41 255 191 255 71 214 163 199 253 110 143 176 62
    104 255 64 195 226 125 7 210 42 255 194 73 160 209 201 139 242 39
    205 142 137 231 186 46 23 109 149 221 255 92 67 237 228 131 62 77
    133 226 155 123 218 69 204 105 255 79 255 255 116 253 63 255 255 129
    108 41 120 252 153 166 255 255 119 15 76 170 193 87 140 113 85 21
    195 255 7 183 6 240 75 127 187 220 13 125 248 23 123 81 103 154 185
    93 124 77 57 188 127 197 168 255 184 143 93 64 132 197 211 199 124
    125 204 31 48 115 215 255 255 132 189 255 27 84 81 255 191 56 43 129
    221 221 128 126 203 24 249 40 207 100 147 80 245 132 168 126 145 37
    174 132 164 219 255 153 101 15 25 179 255 153 179 65 227 157 9 77
    169 255 255 29 169 254 77 20 208 130 255 62 75 255 40 255 95 213 255
    63 70 182 127 73 94 171 214 65 57 201 75 201 230 82 197 16 113 245
    26 167 13 254 4 53 255 109 235 83 255 241 139 135 255 211 167 145
    214 36 168 94 7 103 130 186 8 249 241 255 210 126 47 211 79 185 221
    252 179 220 38 225 81 174 192 255 56 212 163 67 104 130 150 39 214
    77 132 26 250 56 132 219 255 22 205 56 225 91 255 163 149 255 203
    255 184 37 178 84 225 242 125 89 224 91 173 183 89 107 151 121 154 3
    255 52 148 237 57 130 255 80 25 248 154 152 137 134 232 255 9 213
    239 198 96 184 61 236 255 148 111 47 63 201 28 255 227 188 154 47 87
    86 119 32 26 23 127 255 72 141 192 58 255 206 46 27 27 75 255 100 4
    61 187 109 231 247 177 136 38 181 255 100 213 225 179 221 255 182
    126 135 156 255 241 125 35 85 255 128 116 210 126 255 171 116 255 10
    221 151 128 76 245 247 132 255 221 119 199 218 175 51 24 102 41 48
    203 255 196 142 5 16 150 145 253 214 255 197 87 255 98 255 165 10
    158 13 185 0 155 132 17 63 97 141 255 191 100 103 78 206 153 76 190
    7 91 111 236 255 255 255 114 202 141 99 1 79 102 73 148 124 116 27
    132 118 223 77 0 56 186 196 255 19 163 76 63 40 185 125 204 101 119
    255 255 25 80 47 243 157 57 241 21 255 118 175 255 248 35 116 102 90
    112 51 15 81 241 98 53 189 245 123 144 15 176 195 167 56 152 0 255
    88 253 183 203 199 255 120 116 0 176 251 221 21 142 72 230 30 204
    158 252 101 240 165 117 157 221 255 140 249 17 248 25 168 234 219
    255 195 15 191 140 245 255 43 87 255 225 203 37 242 29 165 50 173
    172 93 179 184 211 213 63 255 246 255 235 200 39 17 113 199 125 144
    243 225 186 12 244 183 255 130 37 207 5 126 248 36 209 97 219 123 87
    199 241 215 141 138 219 183 255 225 184 67 133 82 200 9 16 119 255
    255 241 189 230 199 255 186 214 88 165 230 159 20 241 23 78 214 225
    122 87 255 124 143 55 35 255 255 92 33 60 93 33 89 13 114 59 3 81
    255 106 8 255 118 9 127 164 35 255 255 72 105 24 195 216 135 34 145
    140 245 255 255 207 255 218 136 136 112 5 172 57 25 255 229 111 255
    240 111 255 206 254 243 1 4 1 78 66 91 57 255 48 151 78 156 6 29 148
    239 28 243 255 220 255 97 90 247 98 255 117 223 237 92 197 113 199
    12 251 28 92 110 251 213 255 80 120 24 83 47 243 255 81 255 93 71 9
    187 111 198 251 59 137 255 212 84 9 155 8 23 102 59 239 26 179 65
    111 201 57 194 242 159 171 179 248 34 51 255 188 78 255 72 246 255
    51 217 184 172 226 255 25 220 255 177 85 101 207 52 201 1 39 64 65
    185 161 177 124 145 142 225 255 49 3 168 115 128 87 186 60 155 167
    117 192 30 165 156 127 58 49 163 81 123 253 75 255 18 7 9 255 255
    111 3 69 255 82 47 255 73 255 120 201 100 247 29 128 255 153 255 64
    127 84 233 192 115 245 20 122 135 134 81 255 217 255 47 207 104 113
    169 110 81 21 31 40 30 232 179 236 151 69 109 237 96 72 81 92 230
    160 83 119 1 185 191 118 165 128 255 164 234 205 253 79 255 83 255
    255 35 60 228 139 239 23 97 148 142 216 20 123 255 212 238 151 188
    237 255 19 211 255 173 206 223 67 200 55 216 2 59 80 46 204 255 112
    224 193 255 108 94 243 147 140 87 236 199 221 127 84 27 131 167 85
    255 55 71 127 159 46 255 90 48 68 39 185 105 94 64 197 171 67 231 38
    225 232 227 86 201 212 158 205 123 255 227 65 209 212 102 243 136 10
    239 12 155 255 103 188 228 227 85 135 163 221 223 201 119 93 136 61
    185 19 119 48 55 246 153 255 220 147 96 38 143 255 8 76 212 44 255
    251 184 1 255 114 158 52 105 151 145 180 211 255 44 118 95 141 196
    255 38 46 120 158 251 32 18 227 201 34 254 88 30 255 219 66 59 191
    34 117 163 20 183 208 92 71 4 240 144 56 255 35 255 255 255 147 1 13
    117 231 216 244 244 255 107 255 233 75 184 169 84 149 105 37 71 128
    89 125 124 153 168 231 255 128 171 236 157 149 255 40 140 255 125
    171 141 116 12 224 92 201 97 186 54 255 44 255 80 62 201 137 255 97
    255 78 240 108 63 42 87 235 255 129 233 12 153 255 227 239 192 206 8
    15 255 57 114 14 21 255 255 77 63 43 40 44 240 255 173 154 111 76
    149 255 210 255 28 190 175 255 27 154 249 89 207 104 161 0 153 231
    161 15 198 207 255 182 15 224 100 255 111 57 237 172 255 241 213 52
    147 255 51 164 163 74 89 255 27 200 168 118 89 244 182 219 88 130
    255 24 89 236 104 214 194 255 111 103 255 212 101 251 6 237 71 35
    229 115 149 84 189 102 74 255 185 227 187 12 179 73 167 255 240 69
    151 241 203 7 255 177 185 255 165 228 255 115 245 160 140 215 116
    124 24 163 41 201 191 164 255 103 55 140 192 186 89 217 255 78 213
    12 77 236 36 65 140 144 182 73 172 130 255 29 148 63 203 196 203 15
    111 124 226 139 97 173 218 57 47 62 239 153 123 255 173 241 225 232
    255 216 110 217 159 20 45 81 3 205 255 27 207 163 200 1 255 251 250
    155 39 230 212 41 237 88 201 236 236 150 120 220 62 64 219 69 255 56
    71 131 77 214 190 69 155 130 243 254 75 100 72 81 105 131 43 8 48 59
    161 148 149 223 255 88 136 255 134 211 184 96 93 236 64 165 213 255
    232 159 255 255 84 66 255 47 102 231 17 66 92 249 79 251 100 63 255
    109 167 87 254 120 31 155 110 255 101 23 155 80 35 79 194 250 35 19
    31 165 37 92 92 163 21 255 161 56 120 134 254 7 200 219 255 238 221
    143 179 36 192 192 176 212 71 72 147 255 78 15 126 14 164 30 205 139
    131 96 40 185 139 255 196 244 111 231 67 35 226 182 255 218 128 45
    130 115 255 139 241 255 177 48 141 12 109 59 18 255 244 23 143 255
    171 255 253 233 16 255 112 73 183 255 72 204 222 40 49 136 178 105
    234 198 185 199 23 160 77 225 25 91 69 43 93 68 255 204 39 71 106
    243 35 140 92 203 58 239 255 218 20 149 144 164 255 108 174 255 199
    4 239 49 145 229 109 48 116 213 10 227 126 255 167 247 240 255 255
    255 109 110 148 57 81 219 255 194 125 207 68 141 67 73 65 255 22 246
    39 206 104 233 255 67 255 130 148 159 92 209 179 194 91 137 162 178
    177 0 158 220 255 218 85 141 60 211 126 236 236 122 171 255 0 195
    255 253 216 139 33 243 203 142 43 131 236 255 255 255 26 196 34 132
    148 208 72 255 26 131 31 74 51 148 66 170 147 231 255 255 121 149
    204 208 153 255 255 48 96 241 153 236 255 53 255 107 182 255 89 228
    255 89 255 95 195 199 253 157 204 160 18 88 199 134 227 112 120 178
    64 168 107 159 214 81 40 197 238 255 126 220 73 234 176 255 21 143
    180 178 65 255 49 219 211 194 101 225 255 200 132 99 48 217 50 167
    255 98 100 255 112 72 255 93 9 255 87 114 152 24 73 163 80 113 255
    87 137 249 107 55 255 48 132 204 169 254 255 170 122 255 209 246 255
    180 106 127 84 188 97 54 187 255 22 2 201 203 186 43 118 195 255 168
    228 255 157 60 255 15 149 141 99 255 133 34 4 255 255 186 141 242
    171 255 227 233 180 242 137 255 120 231 8 159 120 128 175 141 208
    255 157 228 67 105 131 255 211 144 154 69 109 156 134 57 222 97 127
    247 47 255 214 198 76 24 255 255 191 218 255 234 170 136 12 4 152
    149 252 255 62 193 49 15 255 111 248 245 255 194 62 169 193 68 48
    240 154 23 191 105 255 121 13 255 14 175 65 191 148 100 240 134 11
    197 86 184 227 67 255 195 201 161 1 232 255 78 255 255 12 64 13 239
    130 255 155 232 213 21 179 115 194 255 255 29 99 255 132 141 47 152
    132 228 210 105 24 58 255 121 9 201 251 244 40 113 74 199 193 89 132
    145 164 250 95 216 124 255 145 42 121 98 13 224 230 66 111 168 13
    237 6 130 255 250 149 111 158 241 4 170 166 135 107 55 83 0 14 151
    250 252 239 204 129 247 81 137 255 204 236 221 173 35 255 255 109
    120 162 40 113 15 255 79 113 75 49 172 104 255 255 211 231 217 14
    231 236 105 173 145 90 21 35 151 251 90 96 57 33 158 59 229 206 1
    244 253 119 199 27 192 0 138 117 143 135 197 82 97 137 65 62 20 204
    140 108 56 2 108 233 147 159 26 58 121 107 7 255 42 2 245 169 131
    228 118 191 227 212 86 168 199 137 144 5 72 0 133 250 53 255 155 47
    64 106 37 134 245 243 159 106 185 204 149 115 87 196 147 150 24 21
    212 214 85 241 170 232 88 129 255 79 208 117 199 156 91 232 130 133
    127 49 131 145 192 181 168 45 227 43 245 115 180 53 51 255 97 21 76
    135 153 136 220 255 39 42 73 155 8 133 79 127 37 199 21 237 249 91
    255 253 49 64 22 3 255 35 36 232 250 93 255 176 151 220 48 216 76
    228 207 255 36 10 231 44 168 177 210 165 255 94 8 243 227 69 132 255
    228 88 168 240 129 196 204 151 189 255 211 93 1 69 219 67 255 161
    120 157 193 255 227 10 144 255 255 61 252 183 53 44 68 30 91 220 245
    200 207 166 104 90 162 96 89 7 177 255 211 255 254 90 203 8 149 255
    222 21 167 92 26 255 205 4 56 100 188 255 94 228 180 216 223 17 2
    134 39 143 39 127 161 255 164 241 176 255 178 54 255 233 173 255 212
    105 87 135 200 255 226 255 5 200 166 255 47 18 129 186 30 255 212 55
    84 39 173 255 223 38 119 122 227 89 0 28 255 170 137 244 27 11 103
    184 252 191 67 2 215 101 72 255 123 38 255 70 13 255 153 117 104 0
    48 88 163 117 108 174 216 65 132 33 125 255 119 223 200 215 105 69
    59 197 91 4 255 100 91 25 40 25 144 145 183 41 72 219 60 155 212 227
    186 65 55 35 182 193 62 81 115 219 42 237 61 214 213 126 217 255 156
    78 37 41 48 207 72 129 43 43 134 183 227 255 84 153 215 112 133 202
    115 10 85 255 255 52 20 79 192 96 3 233 44 158 162 105 188 23 255
    250 0 236 193 143 255 233 93 24 95 149 68 47 243 85 83 201 255 73 39
    8 228 138 113 159 151 196 37 200 87 17 104 168 125 230 203 201 255
    228 255 186 69 29 69 44 18 201 255 15 175 48 180 144 111 102 7 255
    215 211 255 174 76 255 193 161 12 217 241 255 36 119 68 52 217 140
    64 233 199 195 56 44 183 193 205 205 103 195 43 35 188 201 79 43 255
    78 79 237 255 121 166 0 197 193 182 255 25 2 255 130 211 220 255 219
    161 139 233 20 139 11 88 148 182 55 132 161 221 147 100 43 90 188
    255 10 253 237 31 23 12 168 69 165 106 194 36 7 255 148 215 125 255
    87 72 255 182 208 64 233 207 61 25 122 25 251 135 36 93 241 241 14
    128 255 173 252 23 163 224 255 121 255 255 109 220 79 43 67 255 50
    94 48 133 16 229 246 245 61 56 191 255 4 109 255 98 69 249 255 189
    255 45 204 101 66 255 15 134 14 213 24 216 91 163 51 129 146 151 239
    12 45 132 114 71 169 150 15 8 68 246 255 123 132 211 98 245 148 87
    45 232 127 255 240 189 28 77 152 96 172 91 215 255 88 255 73 124 86
    23 237 151 180 180 167 43 213 162 215 230 206 91 218 196 91 21 127
    155 227 240 153 101 255 153 108 239 39 126 130 4 47 194 7 57 30 255
    255 3 255 101 102 219 183 111 101 4 154 145 242 46 165 72 144 243
    141 135 67 15 255 255 25 63 41 3 193 89 247 217 15 4 3 25 3 20 76 86
    37 168 99 192 215 193 157 255 94 255 241 7 142 156 28 66 255 108 64
    255 2 206 232 34 120 93 97 106 19 14 237 175 145 186 133 167 196 255
    23 155 235 135 69 132 255 219 252 209 176 97 115 206 255 226 94 255
    140 66 227 99 140 73 136 109 53 111 26 92 70 180 107 106 54 56 252
    63 21 54 69 131 109 120 117 255 93 31 109 78 197 91 55 21 5 117 173
    185 255 255 216 227 136 237 170 71 213 187 93 127 237 163 143 125 75
    161 25 59 130 128 255 64 39 123 255 246 185 110 150 19 132 205 176
    157 238 255 153 255 7 191 99 181 13 90 105 98 35 168 106 250 109 67
    27 219 133 164 156 84 255 41 151 153 189 102 81 224 203 110 255 222
    195 104 255 79 60 176 232 25 129 240 75 13 63 27 102 56 187 89 205
    255 58 138 247 24 229 119 139 7 107 183 232 12 63 160 255 221 234
    123 73 47 205 201 54 255 4 255 111 105 170 31 0 93 255 217 16 232
    230 114 160 179 71 83 87 36 20 182 166 147 73 126 255 255 255 255
    213 112 27 173 187 255 35 106 53 125 255 171 236 53 255 255 141 192
    4 99 115 27 130 255 185 67 103 17 5 92 65 45 83 133 45 199 151 134
    27 109 225 220 178 127 32 38 182 108 22 39 183 212 209 216 177 132
    204 255 128 61 228 238 31 112 97 99 110 252 255 255 170 244 104 195
    103 24 254 255 57 255 9 177 202 231 176 243 67 73 127 200 182 30 255
    212 230 255 116 255 151 25 1 255 50 224 63 166 151 197 228 237 47 9
    152 171 129 239 255 42 237 227 155 163 255 63 36 255 44 7 15 203 53
    255 99 207 96 106 181 72 120 59 0 72 253 255 30 228 201 132 136 24
    48 94 255 129 130 117 180 65 201 183 138 173 131 54 171 255 255 107
    226 27 255 243 252 251 56 134 255 213 21 244 58 250 168 209 86 255
    14 138 176 157 204 44 227 201 89 173 198 255 103 211 255 80 255 201
    255 205 207 242 110 219 42 194 255 188 169 255 222 114 255 21 165
    180 102 77 115 149 217 68 89 255 88 51 166 245 45 201 19 123 143 255
    207 52 153 10 62 64 215 206 255 27 229 255 176 148 15 95 152 239 70
    82 255 233 227 107 76 15 65 33 189 247 142 211 255 211 48 157 62 199
    255 45 142 212 254 67 47 80 255 208 255 37 255 8 34 44 203 238 243
    58 142 165 198 17 191 124 227 235 84 178 155 183 255 17 67 147 229
    208 175 240 81 227 215 173 46 136 100 231 103 1 52 233 1 22 81 35
    247 16 67 131 60 20 230 231 246 61 120 154 43 69 184 255 255 105 207
    255 167 193 181 113 219 7 114 255 191 172 126 65 54 171 149 255 68
    49 23 255 163 179 149 167 14 71 77 128 21 7 99 105 131 65 232 95 148
    145 9 85 127 40 185 14 40 212 7 255 84 139 28 100 209 187 15 242 255
    135 194 104 110 77 132 255 162 255 174 179 47 228 72 124 227 166 255
    124 89 133 105 89 181 2 36 211 21 97 216 168 148 117 14 255 240 26
    255 255 133 255 255 180 227 61 126 56 52 140 239 57 203 194 199 198
    213 49 105 186 255 63 165 105 82 143 85 221 104 177 17 174 179 38
    195 89 116 245 120 192 67 16 23 228 27 241 181 171 92 27 61 200 116
    180 4 75 13 178 74 52 106 255 255 236 211 53 220 251 211 239 194 51
    17 7 41 76 96 95 6 255 255 195 118 13 135 92 113 255 23 37 69 7 148
    28 59 11 63 164 36 148 114 191 78 154 255 234 12 255 56 14 112 194
    236 255 56 68 224 203 145 89 141 125 255 106 35 204 21 42 209 175
    168 191 177 247 147 79 233 216 163 101 132 164 30 165 36 96 249 176
    245 12 33 38 201 14 76 131 188 191 71 185 115 109 209 252 239 229
    170 255 252 137 177 70 114 33 187 218 16 172 27 255 253 144 255 129
    219 151 114 137 175 248 60 144 52 63 165 119 195 197 162 178 255 231
    246 207 163 148 189 34 117 211 190 209 77 25 141 183 100 78 193 151
    110 219 103 53 252 4 131 255 5 17 255 129 14 119 93 189 184 153 92
    116 26 227 13 246 217 121 34 92 199 95 255 20 170 173 255 0 242 251
    130 211 61 248 195 119 189 2 109 239 16 67 144 3 245 197 226 255 218
    86 255 140 106 141 71 251 55 200 200 39 255 239 168 65 233 255 69 67
    255 59 84 221 3 138 177 191 150 36 90 152 255 255 255 255 39 199 159
    33 144 31 83 97 87 31 14 255 98 255 168 209 255 169 89 115 255 131
    227 255 149 76 105 173 7 255 33 220 16 131 156 255 43 186 255 145
    130 131 145 0 252 239 204 185 10 61 255 239 145 220 95 75 0 54 141
    192 198 255 21 217 204 164 47 5 255 60 191 51 226 154 75 183 195 7
    235 71 248 204 54 220 109 241 255 118 29 255 55 186 164 159 202 255
    82 67 187 141 76 103 71 46 225 70 69 137 167 175 85 111 143 212 74
    94 252 52 1 219 82 18 255 209 255 207 24 27 255 80 84 243 248 142
    255 153 82 151 20 166 193 93 207 191 114 86 80 189 202 73 78 13 255
    42 0 255 219 243 255 147 149 99 154 135 73 94 255 143 214 90 209 31
    76 249 113 192 161 101 162 255 146 229 255 91 39 255 163 94 208 101
    199 255 97 191 255 10 114 169 97 255 255 0 74 67 255 113 157 199 243
    35 131 123 92 146 27 51 114 116 255 244 55 180 52 72 175 61 170 235
    37 79 68 69 20 149 44 255 255 110 173 207 51 252 23 119 231 255 123
    150 139 148 16 255 168 89 52 242 128 240 232 90 255 2 178 208 109
    187 184 128 193 212 155 51 173 203 54 183 206 164 255 194 190 255
    119 228 169 104 155 15 42 115 137 58 198 131 39 21 255 37 41 7 149
    202 112 49 177 144 105 29 87 21 255 247 24 255 255 251 8 141 26 13
    200 121 84 28 137 38 127 157 109 120 92 109 255 161 231 255 20 2 177
    125 88 200 130 215 49 172 230 255 137 155 124 186 97 255 175 42 51
    128 156 93 242 255 233 174 58 220 255 237 255 190 24 139 92 226 255
    141 132 255 110 213 25 116 106 255 196 255 255 59 30 255 33 79 183
    149 167 71 4 134 255 251 2 120 99 68 120 235 140 255 120 183 147 122
    204 105 255 113 255 228 217 29 51 155 200 98 35 255 109 187 76 255
    219 127 206 18 233 48 3 255 223 37 161 223 186 255 7 255 255 78 43
    255 34 104 13 250 228 229 253 221 255 255 217 113 234 84 255 34 194
    65 226 123 15 242 178 145 154 255 255 255 156 35 14 255 255 240 100
    100 78 110 255 243 147 77 255 17 255 200 53 60 45 100 135 126 107
    209 2 114 231 116 22 71 133 221 132 121 198 13 190 182 141 14 250
    255 90 187 255 126 225 160 169 98 255 134 46 240 104 164 92 184 238
    255 89 167 49 92 170 27 81 73 0 208 26 255 255 18 255 252 144 151 17
    73 80 41 217 228 83 75 255 39 225 235 194 255 213 70 60 123 255 211
    51 141 143 95 165 216 161 163 103 205 252 181 69 64 67 73 205 46 255
    80 166 17 162 255 131 232 98 255 41 28 172 254 30 47 207 148 7 84 91
    89 171 250 32 78 190 133 152 123 20 21 149 85 226 153 255 114 148
    156 177 255 255 134 39 141 18 174 140 86 177 160 37 91 105 128 18
    255 62 145 4 218 72 239 154 155 255 119 13 193 33 231 25 110 218 96
    128 223 255 215 78 117 144 253 255 77 232 167 61 126 99 0 65 245 41
    20 128 161 234 181 6 25 1 248 16 255 33 177 157 169 67 255 44 74 37
    177 78 184 125 255 77 134 237 40 121 77 177 98 117 196 15 84 141 213
    234 255 94 38 255 250 171 208 17 98 69 255 223 153 185 98 243 255
    191 255 215 114 17 20 127 88 45 101 252 148 182 47 122 167 87 242 31
    3 112 255 125 29 107 36 140 183 79 90 185 255 46 29 255 105 106 255
    127 232 105 159 92 255 154 216 227 199 164 255 200 255 9 0 77 255 43
    168 255 88 205 240 29 189 255 128 206 255 39 51 61 164 47 43 192 49
    48 80 174 255 86 171 255 122 134 255 12 141 255 172 35 7 232 67 169
    166 113 255 171 255 201 234 78 255 123 36 168 165 21 255 162 82 43
    60 107 255 92 194 43 124 188 255 33 164 84 247 97 185 49 245 183 191
    214 212 148 48 124 52 225 123 134 45 225 109 190 255 41 20 55 187
    163 255 141 246 163 204 158 255 131 217 204 175 151 255 182 62 116
    57 98 245 24 169 255 255 16 11 163 67 152 149 82 255 170 93 255 210
    233 255 142 54 7 4 152 255 255 30 87 236 42 255 147 91 255 69 255
    255 107 169 255 134 255 113 31 78 7 13 64 161 226 179 40 173 131 255
    214 237 255 210 62 216 227 34 255 131 255 255 161 1 87 55 9 183 165
    190 25 97 218 153 54 11 152 33 150 255 61 190 171 55 181 149 255 255
    87 173 34 255 158 12 231 218 37 100 84 255 255 104 254 28 130 41 123
    16 211 255 66 254 163 155 255 99 125 177 160 255 190 181 206 96 255
    172 110 204 144 3 49 187 138 193 74 123 141 205 17 209 142 1 55 221
    130 135 194 238 255 101 216 101 113 213 51 54 253 203 135 67 244 80
    38 35 95 219 236 18 187 255 252 138 119 208 155 255 209 23 99 169
    148 135 127 3 15 71 244 145 2 104 64 220 255 255 16 250 205 77 64
    249 62 237 255 110 176 45 55 60 120 231 240 60 68 163 191 57 97 99
    50 216 163 250 124 60 197 165 255 228 65 89 89 221 255 62 109 153
    194 61 35 250 144 147 103 15 244 28 58 195 1 214 255 108 144 249 255
    255 36 3 177 73 229 46 4 8 47 229 79 134 24 109 246 45 218 239 40
    220 112 0 166 31 255 207 119 255 251 92 77 113 240 128 136 103 37
    150 246 167 255 102 252 167 255 255 255 166 96 86 254 172 153 45 4
    73 94 85 29 33 183 149 79 164 76 103 255 45 192 119 52 67 133 251
    218 207 66 55 132 54 93 192 71 167 101 193 136 193 93 58 164 232 66
    108 115 54 24 255 141 189 17 255 207 106 102 219 77 249 255 255 28
    113 221 187 255 19 245 192 218 139 255 94 255 119 197 211 255 219
    234 40 41 255 20 4 52 255 122 91 47 237 64 124 28 170 103 182 255
    229 226 255 217 239 255 253 186 145 72 45 158 161 247 30 111 196 12
    243 40 192 125 70 75 19 24 97 231 175 202 1 194 234 33 120 74 88 6 3
    37 47 69 52 0 112 255 157 188 255 172 30 237 151 164 192 255 93 156
    111 92 87 254 153 224 122 244 17 104 99 255 194 203 239 74 255 63
    116 168 123 27 129 176 146 224 72 116 145 0 182 145 255 126 217 179
    146 116 255 93 255 181 192 142 137 91 75 143 225 182 199 213 165 29
    221 26 31 15 225 61 91 23 92 199 30 223 201 238 128 105 152 19 18 25
    8 106 23 28 121 139 255 230 216 148 241 204 119 67 81 209 148 255
    255 3 61 255 84 65 255 4 255 132 105 224 156 14 213 195 255 35 255
    255 255 133 84 162 152 234 242 53 214 185 0 44 94 191 246 196 92 78
    204 180 176 238 157 249 100 192 149 155 172 42 86 99 137 34 243 255
    162 255 159 89 241 233 43 39 123 94 123 109 182 161 133 212 131 4
    158 5 185 255 31 108 229 109 125 213 255 154 163 255 79 255 221 167
    59 147 158 225 255 114 178 241 178 211 211 226 216 208 123 27 255 71
    79 224 29 128 112 52 255 29 15 127 255 119 82 163 242 177 255 175
    135 24 214 255 31 191 124 229 153 158 11 28 14 4 46 148 23 39 87 255
    35 104 237 255 223 0 129 1 161 51 219 119 93 69 83 26 250 12 78 126
    139 238 221 176 231 171 104 154 192 221 113 244 49 161 30 255 235
    100 15 43 129 68 226 193 101 54 110 105 255 41 255 43 12 175 141 190
    92 149 79 255 174 2 28 94 103 17 190 4 103 247 255 255 90 147 92 214
    82 125 134 89 73 2 75 160 2 39 31 141 204 255 254 122 255 116 31 23
    178 124 39 166 225 255 248 148 199 130 36 204 30 255 255 121 85 63
    38 50 44 57 90 149 234 98 16 8 23 72 114 253 1 52 42 12 165 255 160
    180 212 105 241 166 77 104 22 91 203 145 232 196 5 173 119 59 101
    149 255 195 248 107 255 0 101 191 225 25 151 132 178 96 86 110 84 34
    77 3 76 117 1 254 120 184 230 113 71 170 28 175 208 131 168 21 41
    201 239 255 172 52 168 124 149 255 195 7 245 231 251 67 27 107 157
    255 150 137 36 2 234 148 205 74 213 15 24 16 80 223 195 231 66 255
    147 161 247 33 189 241 111 255 220 5 3 4 89 190 24 114 194 133 100
    255 217 70 136 132 112 229 255 225 5 212 51 237 161 72 5 172 108 167
    148 59 150 255 142 175 91 166 193 167 216 39 189 112 255 88 100 74
    255 82 255 255 142 68 109 255 42 33 255 228 255 58 255 255 255 227 1
    102 115 255 106 8 188 155 85 73 218 238 132 195 213 255 194 194 96
    30 189 193 27 145 43 177 164 12 214 255 83 41 234 148 144 223 171
    154 231 33 185 81 67 183 89 108 161 132 100 199 149 64 234 88 107 30
    204 255 199 157 255 189 167 13 152 135 91 49 255 148 218 137 117 210
    88 227 66 50 103 84 156 193 151 11 167 6 68 255 150 72 255 151 27
    255 165 75 45 103 211 221 194 61 143 9 179 121 97 178 145 158 218
    193 94 65 219 36 62 188 73 127 175 64 255 255 176 124 219 28 115 60
    157 161 129 247 88 255 60 135 255 102 249 255 55 158 171 255 202 241
    86 224 77 27 38 255 131 185 255 27 35 249 104 88 37 28 51 255 107
    181 47 84 247 208 119 221 255 183 255 241 149 227 255 107 16 127 225
    82 168 14 154 73 132 255 96 209 123 207 239 52 119 211 27 255 63 237
    63 231 88 255 255 195 184 46 255 91 139 20 209 86 152 28 184 183 7
    162 204 196 215 160 240 25 218 115 248 89 11 46 60 255 168 82 192 78
    73 128 165 98 71 248 46 95 29 171 255 51 4 71 109 255 208 29 255 205
    45 190 184 59 42 37 7 53 76 143 164 200 58 109 57 110 185 91 4 112
    31 134 150 224 86 150 171 90 161 5 35 56 255 94 101 216 139 126 243
    255 255 80 31 132 64 8 190 195 171 114 80 106 34 15 152 215 197 3
    213 255 18 14 5 215 88 103 111 63 47 8 220 225 7 82 115 74 225 137
    39 81 196 99 201 255 156 106 255 37 64 177 85 255 255 106 0 64 47 52
    255 194 43 189 76 82 16 4 255 161 148 255 255 88 255 24 252 4 15 94
    56 207 203 156 123 38 193 148 159 110 11 235 59 255 89 187 91 81 12
    255 228 77 59 151 190 255 128 164 39 187 22 197 244 189 244 77 9 223
    201 65 164 218 158 3 143 106 184 152 112 104 127 58 255 255 149 213
    229 118 24 166 135 8 142 36 255 52 162 255 3 127 31 54 255 255 249
    163 252 207 112 192 39 179 133 26 114 15 251 255 231 225 59 176 63
    213 116 191 255 248 78 255 255 59 92 255 228 75 57 255 186 109 148
    191 56 126 37 171 217 154 121 70 153 255 255 54 152 103 23 255 184
    87 141 255 255 177 176 255 193 7 255 20 101 128 84 247 228 96 88 255
    172 210 71 25 204 245 8 107 127 128 101 128 139 254 220 123 5 101 32
    93 33 40 38 255 255 118 232 227 123 255 155 90 183 217 168 143 255
    116 255 212 106 28 80 68 213 64 150 204 87 21 255 255 255 91 45 246
    89 20 64 125 185 145 148 71 237 236 255 21 99 149 122 102 101 178
    174 205 2 64 147 17 115 3 151 87 255 252 160 61 225 255 248 74 14
    139 37 91 92 255 104 153 204 196 103 135 122 221 255 56 205 29 231
    81 188 227 215 68 18 60 114 107 8 93 144 255 60 50 180 211 174 255
    169 174 89 62 78 63 112 219 255 235 182 255 110 255 136 48 122 79 23
    117 108 235 114 41 8 107 215 67 230 104 8 49 255 109 181 255 55 30
    255 38 5 67 52 17 155 82 75 115 163 155 101 246 135 17 88 162 152
    177 60 228 255 28 192 246 226 225 99 110 159 201 3 255 179 94 55 253
    255 164 222 100 255 154 247 211 61 46 169 51 73 255 174 80 255 247
    220 168 10 69 219 111 62 107 161 169 255 187 125 255 119 135 255 148
    174 181 67 255 147 201 88 255 154 11 141 164 242 12 112 254 192 21
    154 205 59 63 88 115 241 255 203 22 9 189 60 44 43 183 220 0 156 221
    50 156 176 225 104 255 71 72 16 14 82 73 252 94 79 176 34 209 2 242
    29 72 175 19 255 255 233 25 55 221 83 116 61 211 242 133 247 104 255
    255 47 148 98 252 255 229 193 52 101 169 112 115 46 112 241 183 216
    218 241 179 73 255 1 97 239 97 217 141 255 182 5 255 251 187 255 244
    162 41 82 171 255 120 201 135 219 255 103 150 123 197 74 21 255 143
    255 255 57 247 72 152 244 145 24 89 191 116 165 255 149 189 255 136
    255 255 152 241 255 37 5 255 255 156 255 143 179 107 8 24 100 140
    255 96 168 200 255 90 7 0 33 37 69 240 5 160 237 150 255 235 208 85
    63 225 128 255 163 61 129 98 255 31 200 255 79 111 255 8 225 255 72
    61 105 220 183 232 199 77 255 255 144 13 165 205 233 125 51 183 8
    120 25 112 3 131 187 80 255 87 123 113 165 101 56 255 94 107 93 224
    77 1 113 211 243 25 255 182 36 215 14 47 32 249 168 79 12 113 148
    104 152 44 26 126 49 255 230 173 12 102 231 148 176 225 192 242 255
    81 8 255 38 22 153 118 50 64 145 189 45 255 109 35 144 55 79 127 161
    125 148 36 60 80 22 31 41 177 255 58 67 255 185 145 131 236 221 135
    8 100 255 31 127 127 52 84 255 227 175 152 130 2 60 196 33 76 106
    246 23 210 255 255 236 208 132 123 18 25 43 118 164 5 255 255 165
    166 69 21 241 188 66 211 84 94 158 73 184 153 165 199 216 255 164 60
    128 73 255 165 168 137 185 52 102 75 255 153 76 55 221 71 223 255 3
    33 227 179 229 30 207 9 49 136 161 43 204 9 249 232 111 55 232 37
    129 63 100 212 44 125 255 183 74 0 80 91 255 143 189 255 133 20 255
    255 72 149 167 222 250 140 153 73 23 83 91 255 114 64 197 46 161 223
    173 53 27 112 255 255 25 191 255 154 230 255 89 68 71 97 233 255 71
    1 181 228 255 255 46 50 255 137 14 229 197 0 81 89 247 144 208 243
    207 168 174 173 89 26 169 201 255 255 255 137 16 218 39 20 28 74 255
    35 144 175 87 255 55 140 219 255 255 131 227 98 147 243 45 150 219
    182 96 121 119 212 255 255 219 255 152 242 255 178 187 255 226 192
    239 226 117 255 153 226 59 51 244 15 16 255 255 17 66 240 76 255 248
    163 255 71 176 49 85 159 140 67 218 255 255 195 13 17 130 206 251
    183 40 255 55 241 8 255 116 255 192 167 255 30 59 147 144 61 213 216
    47 255 190 22 255 8 126 164 238 142 156 110 201 255 45 110 243 168
    247 23 128 69 255 95 178 208 22 137 12 200 255 17 52 27 25 255 177
    255 91 158 175 66 208 255 254 106 75 79 4 255 242 107 255 41 207 131
    246 202 24 25 35 145 95 67 84 199 255 251 214 223 155 159 230 183
    166 30 128 72 140 101 97 140 87 43 59 255 110 53 173 164 48 21 0 34
    60 141 237 147 116 105 191 152 255 255 24 17 255 203 130 235 3 52 76
    0 234 243 178 142 37 35 208 139 46 28 255 43 167 33 86 41 255 255
    170 255 139 236 196 248 142 69 19 191 255 139 186 219 250 77 255 34
    226 255 229 64 181 110 219 252 235 132 77 171 61 172 255 255 255 207
    206 88 255 9 181 235 245 15 147 58 255 64 115 255 35 243 49 103 188
    153 61 150 60 111 213 148 183 111 255 152 64 85 108 7 240 12 229 236
    38 188 93 226 131 56 4 250 45 60 34 28 131 102 249 206 24 173 27 158
    209 218 147 9 55 200 100 215 128 252 78 10 39 59 85 255 177 30 255 0
    120 161 106 37 112 210 31 1 54 36 225 98 228 49 21 179 75 194 254
    115 174 78 224 167 85 255 215 92 207 39 105 185 187 45 235 200 59 29
    255 232 4 234 125 255 229 119 255 221 118 79 29 69 185 176 126 151
    201 155 37 248 104 255 255 20 131 255 111 145 81 94 148 130 106 5 40
    114 255 198 255 100 187 134 124 255 18 173 255 80 100 120 185 255 27
    249 255 70 175 255 123 23 176 190 88 255 93 204 232 254 228 76 33
    130 189 223 164 120 193 68 255 221 134 56 63 65 49 103 160 11 191 94
    77 149 215 241 81 13 29 109 255 209 225 250 128 255 255 160 244 2 7
    236 61 231 250 171 100 255 81 81 255 140 255 166 103 1 23 91 255 150
    233 255 128 255 87 43 252 55 58 255 0 128 128 31 175 187 213 183 255
    255 239 87 255 154 255 36 103 169 255 108 220 45 41 189 244 46 152
    187 231 152 232 172 217 59 194 71 255 255 128 195 203 33 255 65 194
    119 214 113 77 249 208 255 255 168 59 255 81 133 221 36 91 24 61 116
    249 101 247 221 94 87 125 255 255 51 180 75 63 255 47 112 143 1 235
    4 255 130 199 160 62 199 105 113 37 211 148 212 120 99 23 228 57 28
    35 25 255 255 92 124 255 19 77 101 227 134 55 137 167 36 171 50 255
    79 37 128 90 201 81 94 155 179 126 189 79 187 123 140 219 204 24 206
    166 153 116 66 123 103 234 255 208 166 240 90 98 255 10 213 161 204
    25 36 207 123 5 18 117 120 248 90 37 219 77 212 86 206 255 240 20 53
    183 96 180 174 196 255 69 106 243 47 255 224 121 107 205 15 59 169
    176 220 32 8 63 255 114 71 255 94 171 255 44 169 239 126 127 13 167
    72 255 144 26 164 156 162 112 112 255 243 49 145 185 188 71 232 80
    60 112 151 135 117 95 27 255 195 72 255 208 208 8 196 230 31 238 252
    16 206 171 255 144 255 255 216 23 85 167 196 128 94 198 196 77 250
    255 58 118 155 123 84 204 231 156 255 170 207 249 232 74 255 231 66
    99 37 40 96 255 60 101 211 22 164 162 142 221 59 209 104 174 179 255
    13 106 119 141 249 183 226 128 255 214 105 96 169 156 51 82 239 196
    66 223 145 151 163 140 147 56 201 70 79 67 19 20 40 110 185 31 95
    225 72 221 132 80 180 200 255 251 255 235 219 25 105 171 68 255 88
    255 60 254 161 255 201 84 132 19 110 157 83 17 255 116 160 141 205
    165 169 52 127 203 106 61 169 84 191 185 127 178 255 186 47 255 142
    143 36 41 187 120 210 111 3 107 39 199 255 82 11 89 89 221 197 46
    247 81 90 107 83 254 95 231 255 99 203 253 148 133 53 183 255 9 71
    74 56 83 100 116 103 147 173 255 65 30 191 4 156 237 215 134 255 114
    255 255 49 35 28 255 158 255 65 36 20 246 224 197 111 255 179 23 104
    255 194 127 113 94 200 255 24 202 72 255 62 255 2 188 21 195 167 71
    195 13 241 234 91 201 200 76 243 47 169 108 62 80 59 111 165 75 25 2
    255 49 54 9 226 124 140 234 239 9 112 21 77 230 1 19 197 135 255 127
    165 255 170 51 41 66 112 205 153 0 91 189 255 249 143 139 255 21 99
    255 255 21 35 93 124 0 22 136 240 114 125 255 5 59 179 109 72 147
    240 255 128 195 55 24 232 78 255 144 255 255 213 93 255 219 16 232
    51 116 21 208 132 191 253 164 93 196 2 204 255 4 33 136 239 160 151
    250 255 66 189 80 178 255 241 77 246 255 229 105 103 3 40 255 231 73
    192 126 224 15 239 64 255 196 22 155 17 143 129 150 208</data></my_img>
<your_img type_id="opencv-matrix">
  <rows>100</rows>
  <cols>100</cols>
  <dt>"3u"</dt>
  <data>
    255 255 255 255 255 255 255 231 137 90 255 248 179 255 197 245 255
    255 171 255 93 163 120 52 54 215 255 255 255 255 255 221 255 28 28
    255 255 86 255 255 48 224 255 76 255 255 233 135 225 255 255 255 149
    255 199 30 255 118 255 255 32 255 255 112 205 255 255 106 255 255 88
    255 255 255 255 46 255 206 255 255 255 255 255 240 255 255 255 255
    255 255 30 255 255 255 211 97 147 124 159 255 255 252 52 255 28 179
    255 147 255 241 255 255 255 252 255 255 255 255 255 125 12 231 119
    255 255 208 126 255 79 255 46 255 48 173 87 255 38 242 255 151 117
    132 255 255 102 70 255 231 255 255 60 255 40 255 70 255 147 191 167
    167 227 67 80 255 255 211 255 255 255 86 127 94 255 87 255 50 12 255
    255 255 255 255 255 58 130 255 255 151 71 255 58 255 255 255 42 54
    90 255 255 255 255 253 255 255 255 255 38 255 215 255 255 255 208
    255 255 255 255 50 109 255 245 242 255 255 183 54 179 255 255 255
    107 255 255 255 255 255 2 255 128 212 255 255 151 44 255 255 183 255
    255 161 255 255 255 54 255 173 255 143 255 211 201 255 231 153 255
    255 255 255 195 135 201 151 255 255 175 119 96 175 191 239 0 4 255
    52 181 255 255 22 255 14 131 30 169 117 255 255 255 255 255 230 255
    255 255 255 10 255 177 197 171 253 233 4 255 243 255 255 171 255 255
    46 255 255 255 255 251 100 195 255 255 255 12 255 255 90 213 79 169
    86 255 239 213 22 255 255 255 66 225 255 255 50 255 255 255 2 255
    255 255 255 86 255 255 82 255 60 255 117 255 207 165 195 251 255 24
    60 255 167 255 107 255 255 64 255 255 255 171 54 109 253 132 255 18
    52 228 255 153 255 32 18 97 143 255 255 255 104 255 50 255 255 36
    122 255 42 255 238 42 78 91 255 215 255 72 233 195 165 255 28 32 255
    255 86 183 255 255 255 40 255 255 121 225 255 255 255 86 255 255 44
    255 255 255 46 255 6 0 76 255 236 255 255 195 191 185 0 255 255 206
    255 255 255 12 104 240 118 255 204 255 255 24 255 255 159 255 74 255
    255 231 183 255 255 255 255 255 32 235 255 67 255 221 42 255 255 18
    255 255 255 255 255 133 255 255 123 98 138 255 255 26 22 213 237 69
    98 112 255 255 255 255 255 104 255 255 255 97 255 255 111 48 157 255
    255 255 234 116 255 255 106 255 87 255 255 125 255 255 255 219 255 8
    255 255 255 255 255 191 255 255 30 38 255 255 126 161 255 116 239
    255 255 255 255 10 255 129 221 189 255 145 201 252 255 16 240 149 4
    171 4 255 187 255 30 255 241 251 255 100 255 255 243 205 255 26 64
    56 108 68 165 255 197 119 20 255 255 201 64 255 255 10 183 80 255
    135 255 70 22 20 255 91 137 0 255 185 28 255 126 84 167 255 255 208
    255 225 255 255 8 255 141 255 167 255 255 255 44 255 67 159 229 255
    255 6 255 255 255 216 207 217 255 96 104 73 255 255 181 130 44 255
    255 86 255 255 255 255 255 225 255 255 255 255 255 72 255 80 255 123
    255 0 187 82 120 255 203 185 107 62 153 255 255 237 255 157 255 131
    197 255 93 84 22 189 237 48 105 255 255 255 255 255 218 255 26 255
    255 153 77 183 255 20 255 255 255 215 255 255 255 255 255 255 255
    255 255 215 255 4 167 62 143 78 244 255 32 83 255 255 255 143 80 16
    213 255 42 179 255 255 44 255 255 191 124 255 255 255 197 255 68 255
    159 255 73 255 255 193 175 56 255 4 255 171 249 255 255 255 225 125
    76 255 79 32 255 199 255 104 255 213 165 255 255 82 255 56 255 255
    255 255 145 227 112 197 209 255 185 118 44 34 255 255 255 255 255
    105 137 255 107 120 118 4 66 155 255 255 30 255 42 68 255 44 255 255
    255 255 87 255 185 60 255 102 42 233 235 210 255 18 255 255 219 189
    177 255 255 145 255 255 12 42 121 40 255 62 255 80 255 255 255 255
    76 255 255 255 243 24 205 255 255 151 255 204 175 88 254 4 96 117
    161 128 173 255 132 255 185 255 255 60 255 85 255 255 255 58 213 255
    54 255 255 255 255 169 155 66 255 207 255 214 54 104 255 227 6 97
    245 211 153 84 255 255 187 255 255 120 255 255 255 255 255 255 98
    159 147 255 255 255 255 125 255 255 67 14 138 255 167 255 101 255
    255 255 114 255 255 255 151 10 255 50 103 255 255 255 255 253 255 82
    149 24 255 255 255 255 30 38 255 223 177 255 255 255 139 16 255 255
    255 244 155 255 255 161 255 224 38 255 242 255 22 255 255 255 81 82
    255 187 82 50 255 78 255 255 255 255 255 6 255 255 28 255 212 255
    255 48 255 54 181 255 193 255 255 78 255 255 40 42 255 255 255 102
    136 255 255 255 42 255 183 255 185 128 181 255 34 255 255 255 75 255
    62 93 255 151 121 78 255 127 86 247 155 255 255 255 94 126 255 255
    151 60 54 16 228 96 255 204 255 255 255 255 255 255 255 56 255 255
    255 255 12 36 4 255 255 255 255 62 113 143 255 255 255 255 155 76
    255 73 110 255 75 12 255 52 26 255 151 219 255 255 36 255 255 255 98
    75 46 255 129 139 255 255 169 255 44 255 255 199 255 145 163 96 245
    177 255 255 255 179 143 255 32 191 81 255 167 30 255 86 181 118 255
    255 255 255 115 255 255 255 209 165 255 255 157 69 126 255 255 255
    157 36 203 181 83 255 151 147 112 255 255 255 255 149 255 255 2 255
    215 255 255 255 255 255 255 255 255 187 255 255 68 255 189 255 62
    255 64 111 255 255 212 143 132 255 255 255 60 6 82 242 241 255 255
    114 32 113 10 98 255 255 143 255 255 255 81 191 175 255 255 255 255
    255 255 255 255 120 204 36 225 255 145 181 255 255 255 167 253 255
    255 86 255 255 175 255 81 134 60 255 209 10 157 102 255 34 52 189
    255 255 255 83 159 70 255 100 255 255 255 181 255 30 22 254 255 255
    255 161 193 238 239 165 255 56 108 179 2 171 83 197 84 236 128 223
    195 108 66 255 88 10 167 98 4 137 60 255 255 38 100 197 255 255 255
    139 255 54 255 76 255 255 26 255 155 255 107 116 68 191 255 68 83
    255 255 83 255 255 255 255 145 255 255 175 255 2 185 111 255 36 206
    255 197 255 243 255 255 255 255 67 255 82 255 255 255 173 40 231 202
    227 255 255 245 38 73 255 255 255 255 255 85 243 215 255 255 255 16
    255 58 113 255 70 2 18 255 255 255 255 246 255 52 255 86 221 125 255
    255 255 253 255 220 8 48 255 155 255 255 66 255 255 100 255 255 255
    227 255 255 255 255 255 169 255 74 255 179 255 255 208 24 40 255 255
    255 255 255 255 255 90 74 79 171 112 222 255 48 14 8 4 69 255 88 71
    6 255 255 255 255 255 255 255 255 255 255 28 255 116 255 44 225 255
    116 255 161 40 255 255 255 255 85 22 255 149 255 219 255 255 255 183
    255 4 255 132 122 143 255 255 187 20 255 255 255 255 109 60 255 255
    255 195 216 255 255 189 106 255 50 255 92 255 82 12 255 78 255 230
    255 255 191 20 237 73 4 147 255 126 255 127 255 167 255 255 255 105
    255 255 50 231 255 129 255 255 255 255 4 169 199 187 255 167 102 255
    255 255 121 255 233 255 255 255 255 255 116 254 255 82 187 42 223 93
    255 253 145 149 255 255 235 255 129 74 78 147 245 255 238 255 90 255
    255 255 107 255 155 255 94 130 30 255 255 216 124 86 255 255 48 169
    255 52 255 151 124 255 225 255 212 28 157 204 175 84 255 145 255 250
    183 183 255 255 30 12 255 255 255 183 149 175 137 255 255 255 255
    133 30 255 238 20 255 28 134 159 255 229 217 0 179 74 169 255 255 20
    42 217 220 255 255 255 255 255 87 255 243 255 24 173 255 161 255 131
    255 255 121 255 255 255 76 255 255 255 255 255 32 255 255 255 255
    255 86 78 224 16 227 95 255 255 238 153 255 226 255 221 255 171 255
    255 130 205 255 255 255 255 28 255 197 255 255 230 120 255 255 223
    169 255 102 219 89 106 255 255 14 255 56 247 56 204 255 255 255 50
    40 81 163 78 255 255 255 254 241 161 216 80 255 135 255 201 153 255
    221 143 255 237 123 255 255 255 255 201 255 82 94 255 255 255 255
    203 255 218 110 255 255 255 56 199 237 255 169 255 193 69 255 120
    226 58 255 255 179 255 117 163 215 255 28 255 175 255 255 255 227
    255 66 211 38 30 255 255 60 215 255 48 255 255 99 223 58 58 185 12
    255 18 255 255 46 46 255 56 255 54 215 255 77 255 30 255 255 80 255
    255 70 0 255 239 93 245 255 255 217 12 255 122 104 187 110 138 255
    255 20 255 46 255 255 86 255 119 233 175 255 255 219 60 255 44 255
    255 215 255 22 90 0 237 253 255 255 56 129 72 255 67 255 255 44 255
    255 195 255 255 255 255 245 6 60 255 133 255 18 255 249 255 255 255
    255 143 255 56 255 145 42 202 173 165 255 255 177 187 255 255 255 32
    229 234 209 195 145 163 189 255 255 255 255 48 145 60 255 40 255 251
    255 40 255 255 58 255 255 255 255 149 6 137 255 255 161 16 81 159
    161 218 213 179 255 255 136 255 255 255 185 134 10 210 4 255 255 195
    255 228 255 90 139 22 221 210 241 16 16 243 255 255 167 255 255 82
    255 204 255 255 81 251 10 79 255 255 24 76 136 206 217 110 255 62 96
    255 255 255 255 255 94 250 126 104 255 74 94 255 185 255 155 219 132
    255 48 255 195 255 104 255 46 255 52 255 255 109 94 255 208 199 255
    255 104 175 161 255 2 255 253 58 77 251 143 255 52 98 199 255 203
    255 255 215 255 86 255 238 92 255 255 255 255 255 90 159 34 211 221
    181 112 255 255 255 255 220 255 221 99 22 255 242 255 255 18 155 255
    255 255 255 255 255 62 38 255 187 95 179 255 255 255 255 238 255 58
    129 132 82 255 255 62 4 122 255 161 187 169 137 0 124 255 195 255
    159 255 255 50 255 122 255 255 255 255 108 251 54 255 46 255 82 255
    255 255 118 107 175 70 18 66 110 197 12 4 210 90 96 189 255 233 250
    112 255 62 255 149 255 255 255 79 54 255 255 255 147 208 243 255 141
    215 255 255 34 28 255 181 255 255 255 255 60 255 82 255 12 255 255
    255 201 255 229 34 255 253 126 79 255 34 255 255 255 208 80 4 255
    255 255 255 34 70 208 255 157 214 151 255 255 249 255 255 255 110
    255 183 255 73 249 255 32 255 201 255 70 56 133 231 132 230 116 255
    255 255 130 255 255 24 255 255 52 255 255 255 255 112 255 255 255
    219 28 12 24 255 102 181 255 233 153 42 255 255 153 255 191 255 46
    165 255 255 223 30 4 255 187 82 30 34 255 38 255 197 253 255 199 255
    145 20 255 255 255 4 97 126 255 109 255 255 255 255 175 255 201 255
    255 255 54 38 255 255 99 255 56 129 255 255 255 118 80 255 223 255
    255 255 255 67 255 255 255 255 140 255 255 255 255 183 255 255 34
    255 255 122 255 255 217 149 137 255 64 255 255 255 216 227 52 137
    255 255 255 14 255 255 8 153 93 120 251 135 92 88 228 255 213 255
    163 255 95 88 255 20 255 122 248 255 112 255 255 255 195 86 4 64 183
    255 255 231 255 165 96 227 83 100 255 48 110 22 255 255 140 255 151
    255 107 255 255 255 201 255 255 108 223 255 205 68 129 255 50 26 255
    40 255 255 46 255 229 116 255 245 50 240 12 255 87 209 112 255 255
    255 220 255 255 255 163 255 255 255 203 255 40 72 26 52 255 255 255
    70 52 225 163 255 143 28 183 255 255 255 255 255 228 255 255 255 255
    255 69 255 255 255 32 86 141 255 100 255 46 255 187 255 231 163 255
    255 255 98 255 255 181 255 255 193 255 117 40 255 255 255 181 16 16
    255 89 22 98 255 52 255 255 255 114 246 134 98 255 100 255 244 255
    255 255 255 255 255 255 255 255 255 255 255 137 255 40 145 255 214
    255 233 255 255 44 255 255 183 36 54 255 255 255 195 177 255 255 255
    211 255 36 255 239 255 255 169 255 126 112 105 241 255 255 255 255
    10 227 255 255 18 255 255 251 98 232 114 255 6 255 255 129 255 255
    255 60 181 173 126 249 255 255 134 75 175 255 255 255 255 4 22 255
    123 22 255 14 255 255 131 90 255 255 255 255 187 149 255 255 207 255
    255 255 255 230 229 86 255 255 255 14 255 255 255 110 255 255 18 255
    255 209 227 255 255 4 36 255 255 255 255 255 109 255 255 159 66 255
    255 110 255 255 255 255 199 60 209 232 255 100 255 84 255 255 193
    225 255 139 255 255 108 255 248 255 205 181 245 229 255 235 207 4
    104 70 255 76 255 155 255 255 255 255 255 255 255 22 117 255 104 255
    50 199 230 189 177 115 225 78 255 229 100 255 255 255 255 255 255
    255 255 255 255 255 195 255 225 255 255 44 132 113 203 14 56 255 110
    255 171 255 109 157 255 123 78 255 105 255 255 159 145 255 255 255
    165 255 141 86 113 255 177 255 255 149 159 255 243 255 255 255 208
    255 4 255 229 157 255 255 187 255 255 255 157 255 255 16 177 255 119
    237 255 255 255 128 179 255 255 95 72 108 255 169 177 95 255 72 255
    255 255 99 255 167 246 255 255 157 2 255 38 255 255 117 151 255 14
    191 255 238 48 225 175 255 255 234 255 102 183 255 72 67 255 255 255
    163 255 255 255 255 123 223 255 206 191 38 75 255 255 255 255 193
    255 211 161 97 255 255 255 255 167 99 74 255 255 48 179 255 167 255
    87 54 255 255 255 173 255 116 255 255 255 255 255 255 255 255 104
    255 71 78 145 255 137 255 255 201 209 255 24 231 64 255 255 255 255
    255 255 255 255 255 251 255 224 96 255 32 255 147 153 42 54 24 255
    12 0 32 149 255 185 253 255 255 255 255 255 255 8 255 255 143 76 255
    255 251 138 189 255 255 255 84 255 143 255 147 255 255 64 139 255
    120 255 143 76 255 10 20 255 52 255 127 255 255 135 104 229 255 161
    255 255 84 227 109 128 255 244 239 145 131 255 227 234 30 255 133
    141 86 255 255 130 224 255 12 185 255 90 255 255 183 255 255 255 255
    108 255 255 245 145 255 255 255 204 255 255 255 255 255 255 255 255
    155 255 116 255 255 249 191 255 255 26 245 118 255 231 255 255 255
    165 181 255 155 255 255 255 255 255 235 255 167 132 255 187 183 255
    90 255 38 255 255 255 161 245 151 62 26 248 44 52 255 255 255 101 34
    255 255 255 143 255 251 247 255 233 82 255 104 30 169 112 255 255 64
    255 255 171 34 255 255 255 10 255 255 255 251 255 230 122 74 255 255
    255 232 255 255 255 193 86 4 255 255 42 255 255 20 255 90 232 181
    255 255 189 138 255 110 255 255 139 255 93 102 255 255 203 255 169
    94 92 255 243 255 224 187 255 212 255 255 125 139 255 254 255 255
    255 84 255 232 255 132 255 255 28 210 255 14 255 84 157 255 30 90
    202 255 255 255 239 255 255 255 255 255 255 62 81 255 64 255 120 167
    255 110 24 173 255 255 242 255 255 255 102 40 155 243 118 246 255 62
    10 177 255 255 255 173 255 30 30 159 199 255 255 64 255 195 237 153
    255 255 132 255 209 255 28 255 255 255 225 255 212 30 255 255 189
    255 255 255 255 16 255 74 255 66 40 103 179 255 242 255 44 199 153
    255 255 255 255 97 255 193 115 161 233 255 102 255 255 6 28 199 165
    255 171 255 255 255 120 255 255 68 255 255 255 255 255 193 237 220
    163 86 255 255 193 149 255 255 60 181 255 255 255 255 173 104 255
    195 185 255 255 255 84 83 32 255 255 187 255 255 255 221 255 66 207
    255 80 14 147 255 255 202 211 255 121 255 255 255 255 255 255 84 255
    255 157 255 20 255 255 255 255 255 255 255 255 255 255 233 30 34 255
    32 255 255 183 255 255 255 255 221 66 255 163 36 255 255 109 239 241
    255 255 255 83 255 255 255 255 20 137 255 255 255 255 82 255 255 255
    255 0 169 255 255 100 255 181 16 224 255 255 115 255 255 255 6 46
    252 255 255 77 171 130 255 54 255 224 255 8 255 181 255 255 255 255
    87 255 255 255 247 255 255 255 58 255 255 255 81 100 219 255 221 72
    255 139 163 10 255 239 255 255 2 255 177 255 255 108 255 255 209 255
    255 255 151 255 223 10 255 189 255 103 255 183 255 120 32 255 255 60
    255 18 255 255 86 255 255 255 82 255 247 255 56 255 255 255 255 255
    226 255 50 171 120 255 119 247 46 255 255 255 255 171 255 141 255
    255 54 251 255 10 181 255 255 255 255 255 229 255 26 76 255 255 255
    92 255 255 255 101 255 98 255 118 255 246 6 255 255 120 209 255 147
    185 255 255 215 236 255 171 255 255 68 255 241 255 26 255 255 255
    219 126 255 122 233 185 255 239 255 112 255 230 255 255 255 90 255
    255 255 255 50 255 177 42 34 255 32 42 255 255 255 255 181 255 124
    173 255 136 179 98 195 255 255 255 255 255 255 117 237 255 255 24
    255 240 6 54 255 177 179 255 255 255 255 181 255 255 112 255 255 18
    255 255 122 255 199 255 74 139 255 255 255 255 255 255 255 223 183
    22 255 255 255 167 255 106 255 255 255 205 197 255 4 255 255 255 255
    255 255 255 235 255 255 255 255 242 255 122 135 255 88 240 165 255
    105 28 255 125 253 255 255 255 6 246 255 195 232 255 255 255 82 255
    255 249 255 255 255 50 159 247 255 183 80 52 22 189 255 113 88 255
    255 84 255 255 255 52 255 255 58 206 191 255 255 183 255 255 6 255
    255 255 32 255 255 255 255 255 255 255 215 255 255 255 80 255 86 120
    56 255 106 58 134 255 8 255 112 255 255 179 4 235 255 218 255 255
    202 221 255 255 255 255 193 72 253 255 201 255 167 82 255 6 124 122
    255 100 255 75 229 209 255 40 60 99 255 255 255 141 255 210 80 255
    250 229 116 34 175 239 167 96 187 97 255 136 255 255 255 127 177 219
    185 70 20 255 76 255 255 255 104 204 147 255 255 255 255 95 255 136
    149 104 255 26 18 255 6 197 132 255 88 104 62 92 82 234 255 34 255
    60 255 2 255 179 26 134 151 255 104 44 38 255 255 255 255 255 255 54
    255 218 50 173 177 10 255 255 68 163 255 255 255 34 60 30 24 130 255
    255 2 28 255 255 255 113 151 255 181 147 255 212 157 255 255 255 50
    115 255 173 244 255 112 157 60 255 93 255 128 255 255 255 255 40 255
    255 8 249 255 255 255 8 255 255 50 255 255 255 217 130 107 255 151
    255 48 163 255 255 120 133 255 255 255 255 255 255 255 255 255 255
    82 89 173 255 255 112 251 129 62 42 255 235 245 171 255 255 255 203
    255 147 2 126 255 124 255 161 155 255 89 255 18 48 92 251 157 197
    255 30 74 20 255 40 255 255 255 255 171 28 175 255 255 66 153 38 255
    255 255 42 255 34 255 113 108 255 201 16 255 255 255 255 179 100 255
    255 255 255 255 255 255 255 44 197 255 161 255 255 177 140 147 255
    108 255 255 255 255 255 255 255 165 255 255 255 28 255 255 134 255
    255 255 111 255 124 127 104 247 81 255 231 255 185 255 0 255 209 230
    157 255 255 106 38 255 189 86 79 143 108 244 255 255 255 116 191 255
    203 255 101 255 255 228 118 255 38 173 255 159 255 255 255 141 241
    145 255 116 6 255 255 228 255 255 179 255 255 255 255 255 129 255 90
    66 18 255 255 78 255 157 255 231 111 141 223 234 161 255 255 255 181
    255 88 255 38 255 255 255 255 22 111 255 140 255 255 124 206 255 255
    81 239 255 171 78 255 255 191 207 255 185 116 255 58 249 121 42 66
    255 255 255 255 249 231 255 106 179 255 16 235 89 68 94 155 255 24
    255 255 255 210 255 255 255 255 40 201 197 255 255 255 40 169 143
    120 58 255 66 24 221 231 83 255 255 255 66 132 255 151 255 255 255
    255 42 255 153 218 173 16 255 18 255 201 255 221 163 245 255 143 255
    88 255 251 255 248 22 255 75 76 255 255 165 30 255 255 185 255 62 76
    204 255 255 62 255 92 255 106 255 109 255 255 121 255 102 255 179
    255 153 255 255 255 255 36 255 173 134 255 255 255 255 255 255 255
    128 255 240 255 255 175 255 130 255 255 255 255 255 255 143 255 40
    175 255 255 93 90 255 8 207 255 224 193 193 129 255 8 255 255 255
    255 255 255 210 255 86 69 255 78 255 255 255 255 255 100 208 255 12
    230 255 255 81 255 255 89 255 255 185 255 255 255 137 255 255 187
    255 255 239 4 255 255 12 185 104 255 255 255 86 226 255 255 255 255
    30 153 255 183 255 255 96 147 235 255 242 255 243 255 255 255 125
    157 48 165 255 255 255 255 36 255 177 10 4 255 60 255 28 159 255 64
    22 255 171 255 151 52 255 204 179 185 255 255 255 255 28 255 255 255
    122 212 116 255 179 137 197 89 98 255 157 167 255 255 255 84 228 255
    255 255 205 223 179 163 255 0 255 28 255 255 44 255 237 255 255 102
    255 201 255 38 16 183 255 230 255 255 255 122 205 255 153 255 242
    219 128 255 255 255 255 255 187 255 255 70 218 130 255 139 255 255
    109 74 255 255 28 149 255 255 140 255 233 255 161 225 185 73 255 255
    255 132 255 255 58 28 204 16 255 255 255 136 255 163 231 255 255 128
    255 255 255 255 197 72 48 149 136 64 255 255 255 149 171 255 157 255
    60 255 255 159 132 40 83 98 255 255 110 217 255 171 233 255 255 151
    255 255 255 46 255 169 109 98 255 255 255 58 153 255 255 255 143 177
    255 201 149 255 34 255 255 255 191 255 255 255 210 255 255 58 255
    114 255 211 88 242 255 10 255 255 12 44 50 151 238 211 255 234 128
    217 83 255 94 197 243 84 155 46 223 46 225 94 255 171 183 255 255
    197 255 255 255 255 255 24 240 255 104 255 94 114 255 255 255 42 137
    255 123 8 64 255 255 255 99 114 36 255 255 100 255 255 255 77 255
    255 4 255 255 52 255 199 255 10 100 255 130 255 255 255 96 255 255
    255 220 10 255 58 64 255 255 2 199 255 255 189 255 122 221 135 42 4
    255 177 159 255 137 185 255 86 187 255 145 38 255 22 189 255 255 68
    32 249 106 255 185 18 255 255 191 220 255 231 255 179 255 255 255
    191 131 243 213 255 255 165 22 255 215 208 255 94 255 255 255 212
    183 165 52 94 255 107 255 255 185 76 56 255 151 255 255 30 227 58
    255 255 40 4 255 20 134 217 255 153 90 165 66 255 230 173 255 222
    255 247 216 62 241 48 255 255 255 104 34 75 255 255 236 106 255 85
    100 167 66 255 227 99 132 255 255 191 233 255 255 255 255 177 112
    177 32 255 255 255 255 89 255 255 159 239 255 216 4 78 145 137 255
    129 255 255 255 70 50 255 80 102 4 255 52 255 104 221 255 255 122
    255 56 255 38 255 255 66 145 46 143 255 255 244 46 106 105 167 215
    255 241 255 255 169 255 255 255 255 255 74 255 255 255 255 255 255
    255 125 100 153 255 80 58 20 255 108 255 102 255 255 255 120 255 255
    255 255 112 255 139 255 255 255 255 6 255 255 173 183 126 255 222
    255 255 125 255 255 255 255 255 255 195 106 165 255 165 255 173 255
    226 255 203 56 255 157 255 255 255 173 255 211 44 255 223 183 255
    255 255 255 255 26 120 255 255 233 175 14 235 255 255 255 70 255 239
    255 224 255 195 255 255 102 147 255 249 255 255 199 46 255 255 255
    235 161 151 177 197 242 255 255 255 241 128 226 58 187 60 0 72 255
    62 96 66 179 221 255 18 255 255 193 205 14 189 255 255 255 140 218
    255 193 255 255 255 255 255 255 248 255 255 255 255 255 236 72 255
    167 255 255 255 78 114 77 255 255 171 255 28 8 211 18 111 86 245 18
    255 209 199 255 255 171 237 82 167 199 255 157 181 138 75 255 255
    255 12 203 115 195 24 255 137 255 163 255 235 255 255 255 48 255 20
    255 110 255 255 255 66 109 255 165 255 247 255 255 149 255 255 255
    177 255 213 86 255 217 110 255 255 255 255 157 255 0 124 151 48 46
    241 255 62 255 248 203 255 255 255 255 255 199 255 255 195 231 10
    255 255 255 28 255 151 255 255 255 137 199 179 28 134 255 255 255
    255 255 155 161 102 255 255 255 213 255 161 195 255 116 193 255 118
    255 121 70 255 255 82 86 255 255 66 255 255 255 115 48 255 199 255
    38 255 20 255 226 175 255 167 237 255 255 195 229 169 124 78 69 255
    80 240 255 217 255 255 2 151 255 255 22 255 243 48 255 195 6 255 255
    255 255 104 214 58 255 103 20 62 255 255 255 95 255 255 40 255 24 64
    255 255 255 60 255 165 161 40 255 255 255 255 24 60 255 227 114 54
    34 255 238 255 191 66 78 6 30 255 217 54 255 255 255 72 255 255 86
    251 255 18 255 201 116 237 169 255 147 125 255 255 62 255 255 30 255
    255 62 10 24 32 189 80 26 28 255 255 255 255 255 255 165 16 255 203
    255 255 80 107 255 114 71 98 255 206 10 209 216 163 255 255 110 169
    255 255 255 40 80 104 40 12 44 248 255 255 255 241 255 248 255 20
    255 235 255 50 255 255 250 255 60 255 173 16 103 255 255 255 74 255
    255 239 255 255 32 255 255 88 6 4 56 255 89 255 96 255 48 112 255
    161 187 255 253 255 171 36 233 28 235 195 123 80 253 38 255 38 129
    255 255 123 255 255 255 122 255 123 139 237 255 185 255 255 255 181
    131 219 255 232 255 2 97 255 124 105 255 255 255 255 255 69 205 195
    255 147 255 87 8 255 255 255 255 125 255 255 22 255 255 242 255 128
    155 255 161 255 72 255 255 141 255 191 255 38 255 251 106 250 255
    189 167 255 235 147 255 68 64 255 191 117 255 140 66 255 255 165 191
    255 255 185 255 255 159 255 255 255 233 127 255 209 255 106 149 255
    255 255 197 255 255 255 245 32 255 86 122 255 126 72 255 255 255 255
    120 255 121 255 255 214 255 145 60 255 255 216 255 255 254 255 255
    255 124 94 255 177 70 189 255 6 60 255 255 10 255 195 255 92 140 255
    255 255 189 255 255 255 165 195 20 169 255 255 92 255 18 90 255 159
    255 199 123 255 60 255 167 255 175 255 6 157 58 54 189 255 255 185
    255 191 101 255 161 56 193 255 212 255 239 83 255 255 255 255 116
    189 108 34 255 193 151 71 255 255 181 86 255 248 255 114 255 255 255
    255 255 62 228 255 255 34 255 255 147 255 255 255 255 147 255 40 255
    127 159 68 101 72 70 255 255 209 97 255 243 89 20 74 135 255 255 167
    255 255 255 255 36 255 231 255 255 255 255 26 255 255 255 92 255 56
    255 241 255 157 161 193 70 185 255 169 255 12 255 255 58 255 116 255
    255 255 255 132 211 66 10 255 230 255 255 125 98 179 143 255 255 255
    169 255 199 68 255 105 235 255 255 116 255 255 255 255 153 66 48 255
    255 255 255 134 253 255 255 255 255 255 255 12 255 255 181 255 44 60
    197 4 208 130 255 255 163 255 8 255 30 255 255 6 30 169 6 69 195 128
    255 255 255 255 255 86 60 255 159 255 90 255 89 255 209 255 255 72
    255 6 255 255 255 255 75 255 255 255 255 255 255 255 255 52 255 106
    255 30 255 234 80 255 167 255 191 143 255 255 161 255 153 169 74 181
    181 255 48 62 128 255 255 78 201 255 151 231 255 239 128 62 171 138
    8 255 36 255 102 255 255 32 106 210 175 255 161 177 219 255 132 12
    75 151 68 159 197 255 255 255 34 255 195 112 159 241 255 255 14 217
    238 26 136 255 106 151 79 255 217 181 255 255 93 255 255 255 255 36
    255 122 124 147 70 255 18 169 110 48 52 255 255 209 211 141 199 255
    255 231 255 255 255 255 177 209 255 155 98 255 255 132 255 246 255
    255 255 110 0 143 48 255 58 120 255 171 243 122 56 106 80 255 255
    255 255 195 74 255 249 106 30 124 255 121 255 237 255 255 36 255 255
    255 208 255 235 125 197 255 248 255 138 230 255 255 189 255 46 40
    255 28 206 207 255 155 255 255 163 239 255 255 255 255 255 36 64 255
    255 165 220 255 255 8 255 122 255 139 233 255 237 122 165 205 126 87
    255 100 38 34 54 8 255 197 255 219 255 255 255 247 255 255 239 202
    98 245 22 255 255 111 64 0 66 141 255 255 221 255 255 255 50 255 227
    255 85 255 255 99 255 106 10 235 169 255 221 48 255 241 223 236 74
    96 117 221 40 255 255 173 255 255 255 24 255 255 255 255 149 255 255
    14 255 255 106 255 181 153 99 255 94 255 255 62 255 177 255 255 255
    255 255 163 255 125 255 255 97 36 183 255 255 255 255 179 171 255
    255 2 255 108 205 121 255 255 255 255 171 255 72 255 91 255 94 14
    255 255 255 94 225 117 16 255 255 255 60 255 24 76 210 32 255 199
    183 193 255 255 231 255 151 255 255 233 40 255 255 255 255 231 255
    255 255 255 87 104 149 119 66 255 255 78 215 202 255 255 242 255 255
    255 193 255 255 255 255 255 70 76 255 62 255 147 205 56 228 247 255
    77 100 217 252 10 72 58 255 255 255 255 255 105 255 255 255 255 255
    255 255 68 255 120 34 255 255 255 153 255 10 125 255 138 255 24 255
    255 36 169 210 128 253 255 255 255 230 175 255 30 255 255 119 255
    145 91 227 78 208 255 76 46 26 36 255 255 157 255 255 147 103 78 255
    83 255 255 255 193 255 220 255 40 34 80 16 255 255 108 255 255 128
    255 255 4 248 86 38 139 255 255 255 255 255 250 10 255 71 225 255 81
    197 255 125 255 255 85 255 193 255 255 255 121 110 255 204 255 255
    255 255 255 255 255 179 255 141 239 48 26 255 250 255 255 255 163
    255 28 255 255 73 18 185 255 255 255 255 255 140 99 255 233 165 74
    255 30 203 211 255 255 179 255 42 48 161 255 153 255 255 255 163 221
    84 255 255 108 255 255 255 255 66 255 255 255 171 255 106 255 238
    255 211 240 255 132 255 106 255 255 255 255 111 189 62 131 255 211
    255 255 235 255 68 251 224 255 255 46 255 221 187 255 255 115 165
    255 255 255 255 255 50 255 149 255 255 165 130 255 73 159 191 255
    255 197 40 134 145 255 199 255 103 255 255 222 163 255 16 2 255 255
    255 130 236 8 255 255 255 36 254 255 249 255 255 56 255 96 161 8 255
    255 220 52 42 255 76 255 36 255 255 204 26 255 226 255 255 169 141
    50 255 130 229 255 255 126 97 255 118 62 255 104 151 255 189 255 42
    255 171 255 255 16 143 78 129 157 255 255 255 255 255 255 255 111
    181 179 255 201 159 255 169 132 255 102 255 255 255 255 151 255 255
    143 255 255 50 64 78 255 255 153 228 255 84 56 255 4 255 211 90 171
    255 255 255 58 98 151 64 38 97 145 255 255 36 255 218 255 98 252 241
    255 103 255 255 255 255 255 255 255 255 113 201 227 44 255 100 22
    195 145 255 195 201 95 58 255 210 66 124 255 217 255 16 102 255 255
    255 255 16 153 145 224 255 66 255 229 221 224 167 217 50 169 255 208
    157 255 255 255 175 255 54 255 48 50 255 60 255 120 16 90 157 127
    255 255 246 255 90 44 255 255 50 197 255 14 58 185 255 189 255 255
    90 74 255 207 16 255 191 255 255 30 255 255 255 157 234 255 165 255
    60 2 255 62 255 255 42 255 255 10 138 255 195 149 255 175 203 20 255
    80 66 255 76 89 255 255 56 108 18 169 56 255 127 92 255 255 255 255
    32 124 62 255 255 255 255 255 118 58 211 207 24 255 255 255 255 255
    163 255 201 255 56 58 255 255 36 159 255 189 255 72 255 24 255 62
    255 255 255 12 255 255 255 106 78 255 42 255 255 255 255 252 147 92
    255 255 255 4 157 255 143 255 235 255 255 132 255 108 247 255 255
    255 255 255 255 254 255 255 208 255 255 255 92 255 255 126 185 255
    239 255 175 255 255 255 88 255 224 255 255 105 141 255 147 255 255
    133 92 255 255 255 255 173 255 185 255 255 255 30 255 255 210 255
    255 255 255 237 255 195 215 255 255 26 226 255 40 255 130 42 161 255
    255 87 52 255 255 78 255 255 255 48 210 32 124 121 255 255 255 108
    255 255 255 4 20 255 255 255 255 114 255 90 126 12 54 255 255 255 64
    255 118 255 255 255 62 50 255 255 151 255 255 177 8 255 226 151 56
    255 255 255 255 255 193 24 149 255 255 52 96 255 255 38 255 255 255
    255 255 255 62 143 195 255 255 136 255 143 68 218 44 161 75 255 140
    58 255 255 255 137 52 73 255 255 255 139 74 255 255 12 173 60 255
    255 255 255 97 255 143 185 157 255 171 42 82 187 255 54 163 255 243
    64 6 255 255 201 255 248 74 255 255 247 64 255 255 255 255 255 108
    66 255 255 255 167 147 255 255 70 191 165 229 255 22 255 255 255 136
    255 255 255 255 255 94 89 88 18 111 255 255 255 195 255 255 110 48
    115 34 239 255 255 255 34 255 255 255 18 239 224 80 40 255 189 175
    255 130 84 255 183 255 255 255 255 18 255 255 177 255 255 139 255
    255 230 255 255 171 197 82 255 255 255 255 32 189 75 44 255 255 255
    255 210 82 255 64 255 255 137 20 140 4 255 52 255 205 255 255 92 255
    255 255 255 255 108 255 255 255 219 255 84 157 255 255 255 255 251
    64 255 255 12 79 255 48 255 255 255 255 52 44 185 233 249 195 175
    255 91 255 255 255 193 255 119 42 255 50 255 114 255 88 56 255 40
    255 255 22 255 255 255 255 255 62 255 234 18 255 95 18 255 255 56
    255 226 255 48 73 195 54 26 219 30 255 255 88 255 255 60 255 255 134
    255 199 255 255 153 255 255 255 46 255 255 255 255 88 255 255 255
    126 42 255 255 255 157 82 255 255 78 255 255 255 255 255 255 34 118
    16 16 255 209 93 6 187 169 255 255 28 8 88 40 255 167 255 110 255 30
    6 237 255 255 255 255 58 26 255 36 201 242 255 251 255 255 44 32 255
    255 103 255 255 115 255 255 255 114 161 0 143 106 6 221 219 169 255
    221 111 255 255 185 255 255 255 255 171 255 255 60 255 255 44 197
    255 255 255 44 255 255 255 255 255 60 255 255 255 32 255 255 255 210
    255 215 85 255 255 115 72 255 255 52 116 228 255 255 30 255 255 255
    255 173 255 90 255 255 217 255 255 255 54 255 38 173 236 38 255 105
    80 100 255 255 255 195 255 255 240 255 22 255 255 255 89 255 255 255
    143 136 255 255 116 255 255 195 50 255 130 255 255 255 189 120 243
    255 8 255 255 179 255 255 36 255 20 215 128 255 255 255 255 255 104
    255 130 215 255 255 124 135 255 255 187 255 207 127 255 255 255 255
    130 255 179 181 199 76 34 28 255 255 255 255 140 143 114 100 255 155
    255 255 255 255 255 24 201 232 255 255 16 211 50 189 255 255 255 255
    255 129 183 255 189 64 255 255 94 255 255 124 14 238 22 255 255 247
    247 255 255 255 208 247 255 255 255 251 255 255 100 77 255 255 255
    193 255 20 255 255 255 223 255 8 106 193 255 255 76 48 18 84 255 255
    255 255 255 255 255 40 56 255 100 108 255 255 6 201 255 8 151 235
    128 255 68 54 255 255 130 255 219 163 255 68 191 62 251 255 127 255
    255 46 255 130 44 46 255 255 32 12 255 126 255 255 255 255 255 145
    243 255 255 255 255 255 66 255 102 140 255 255 18 197 255 149 193
    189 181 255 255 102 125 255 255 255 255 38 255 141 30 255 157 26 255
    151 128 255 255 106 255 10 255 255 253 255 56 120 255 56 255 255 133
    102 70 212 255 255 238 18 255 255 68 255 46 16 2 255 255 10 255 247
    136 149 70 255 222 88 161 81 255 187 255 255 255 228 94 235 255 255
    38 123 255 128 175 255 255 255 151 255 255 185 52 228 58 181 255 96
    255 255 58 255 195 130 255 12 237 237 85 199 255 28 255 86 255 34
    255 255 8 173 129 56 255 236 241 8 161 66 4 255 205 223 119 255 122
    255 255 72 255 255 255 255 255 6 255 197 255 149 32 255 255 241 18
    109 141 255 255 255 66 255 255 147 242 241 255 255 255 255 187 255
    50 255 255 255 238 193 187 255 22 20 48 255 255 255 255 255 255 14
    255 149 14 28 255 141 255 255 239 255 255 255 255 255 126 126 236
    255 211 255 255 255 97 255 255 24 255 255 79 30 116 255 255 8 255
    249 110 250 255 255 255 22 128 183 203 255 255 255 255 255 94 110
    255 114 181 255 122 255 255 255 255 75 255 18 255 255 221 255 56 255
    255 255 255 255 255 255 75 255 138 145 179 124 228 165 225 255 255
    255 255 255 143 255 255 255 187 255 255 28 255 255 129 116 255 250
    64 124 255 70 255 52 255 46 255 221 255 16 44 255 255 255 149 255
    147 0 14 22 159 103 249 255 179 54 110 255 94 161 255 12 118 34 132
    90 14 255 255 255 255 44 69 255 255 212 255 255 187 255 241 255 167
    98 255 233 114 255 195 251 255 255 112 255 255 255 255 255 255 0 255
    199 216 255 110 232 199 255 255 255 225 255 239 98 177 181 255 255
    199 255 255 255 149 255 56 155 255 243 255 255 255 197 226 255 247
    255 255 255 255 255 151 255 255 255 255 255 138 255 18 255 255 151
    217 208 255 255 42 197 255 255 255 136 151 255 255 151 255 255 255
    255 120 255 10 100 129 221 181 204 255 134 255 153 153 255 245 255
    255 193 177 255 86 255 255 124 255 214 255 247 50 153 255 157 255 90
    255 155 255 107 255 255 255 255 255 226 255 255 255 255 255 199 100
    255 255 221 118 255 128 255 244 165 28 255 255 255 255 169 255 255
    255 217 171 68 102 255 255 255 255 137 124 255 102 255 255 255 255
    255 255 255 255 78 219 255 255 46 147 255 209 147 161 2 255 141 62
    255 255 241 255 255 255 255 134 255 255 255 255 52 54 255 255 255 6
    79 62 255 255 191 128 64 14 255 193 255 82 255 86 235 255 255 138
    255 8 155 250 241 255 89 255 8 255 137 70 191 207 255 38 108 255 109
    255 255 255 255 255 244 155 255 18 143 251 101 126 255 255 255 14 36
    255 78 255 255 205 139 255 82 250 219 255 210 54 255 255 175 255 255
    255 247 81 193 255 24 255 255 127 255 203 255 221 16 252 36 140 185
    255 197 163 183 126 165 132 10 248 18 255 255 255 134 255 88 159 255
    255 52 175 255 149 99 205 195 255 26 56 64 86 34 255 255 173 216 255
    189 255 124 255 165 26 255 255 255 255 199 92 171 255 255 255 248
    255 255 127 255 175 255 128 6 255 255 167 46 255 136 255 167 255 183
    255 255 46 251 255 255 237 255 255 255 255 255 50 10 255 229 66 255
    255 20 40 201 255 255 255 255 255 227 157 255 20 243 255 255 191 255
    231 255 255 255 138 255 221 112 255 141 255 255 209 255 255 255 255
    255 255 110 255 255 255 0 141 255 255 255 255 255 255 247 201 255
    255 255 124 255 185 255 255 255 255 24 255 165 255 255 195 74 255
    255 255 46 255 255 121 255 255 255 211 255 255 185 255 255 255 255
    220 255 104 232 255 20 204 255 255 95 84 255 111 100 64 199 255 64
    255 255 90 26 255 48 147 155 255 255 255 255 246 255 80 255 255 72
    28 255 205 255 6 255 250 255 22 34 255 255 255 209 255 255 62 255
    255 255 221 85 239 255 105 255 255 255 255 255 171 46 96 163 255 255
    255 255 62 255 14 16 32 255 255 255 255 255 60 255 255 255 255 255
    173 82 255 255 159 255 89 255 255 201 255 151 133 40 255 255 255 255
    255 143 255 216 255 255 248 24 255 255 157 255 255 255 18 255 255 24
    141 122 209 255 52 143 255 255 255 69 255 223 255 255 130 255 120
    116 255 255 255 66 255 64 255 153 44 187 10 155 255 255 255 255 18
    233 255 106 255 255 193 151 193 171 233 89 255 64 255 14 255 255 255
    88 4 255 255 125 62 219 255 255 18 255 16 243 255 255 197 255 102
    255 248 44 255 149 102 151 255 255 10 224 70 207 228 191 255 179 255
    36 242 255 255 129 255 78 54 18 28 255 112 255 201 255 255 255 46
    255 101 28 255 0 223 255 255 255 255 151 255 207 255 124 102 255 28
    255 255 255 120 16 26 209 48 191 255 91 195 197 255 90 255 238 255
    255 255 247 76 127 237 247 191 118 255 255 255 255 255 255 255 255
    255 255 255 94 30 93 255 132 240 255 255 56 255 255 255 255 207 103
    12 255 244 255 255 255 130 120 101 233 102 255 255 255 255 32 36 255
    255 255 255 141 255 255 255 255 133 179 255 255 255 255 255 255 6 69
    104 54 255 134 255 255 255 255 183 86 58 155 66 255 202 255 255 145
    86 76 255 255 165 255 255 102 149 229 255 255 255 255 255 124 98 58
    255 255 56 223 32 254 36 255 224 255 255 42 34 255 234 112 255 255
    104 104 58 189 161 255 38 255 149 255 255 64 54 157 255 68 203 255
    231 161 18 255 255 226 255 255 38 255 255 255 255 169 44 255 255 208
    255 138 32 175 118 255 255 255 255 110 78 255 255 40 255 255 255 255
    255 255 255 255 92 163 171 253 171 58 255 255 255 173 255 141 255 22
    255 255 201 112 155 6 143 255 255 237 255 105 32 149 163 255 136 2
    255 255 255 20 255 16 46 163 255 255 255 212 255 243 255 255 255 255
    255 255 255 36 255 255 255 255 58 255 255 254 255 255 123 102 104
    255 255 128 250 167 181 255 255 255 255 249 255 8 253 46 0 92 255
    179 255 255 89 193 243 252 74 255 224 255 255 73 68 0 255 126 118
    255 255 183 238 175 255 10 255 134 255 231 10 255 255 108 2 255 143
    255 4 44 97 213 199 123 100 120 179 255 219 224 255 30 6 255 255 255
    149 253 255 209 22 153 255 207 191 52 255 244 255 209 255 255 114
    255 255 219 255 62 255 143 155 195 244 255 255 236 255 255 210 255
    255 255 229 136 255 14 62 6 253 219 255 255 233 255 255 255 255 255
    255 210 193 116 255 255 126 135 255 255 255 215 16 87 255 255 10 70
    255 56 36 255 255 92 255 255 12 20 58 255 213 129 255 255 73 255 255
    255 255 255 193 255 255 183 255 80 199 255 191 34 78 255 255 255 255
    240 32 255 179 255 255 244 255 255 255 231 255 189 139 255 36 82 255
    255 108 255 255 255 255 255 255 255 179 80 120 255 255 255 52 161
    181 183 255 255 242 255 2 101 255 155 255 255 201 161 211 155 255
    251 16 191 255 102 255 155 255 255 255 120 255 16 130 255 255 255
    255 104 255 255 255 255 50 255 225 230 255 255 255 4 251 244 255 255
    64 221 255 87 255 255 255 233 255 255 64 245 147 255 255 255 128 255
    255 26 229 255 255 255 255 42 167 238 255 138 255 116 255 255 102
    255 255 255 255 40 255 185 69 255 209 169 8 122 255 60 255 255 195
    205 137 124 255 155 255 255 255 255 255 255 98 185 255 110 64 206
    255 255 255 255 122 28 243 130 255 255 255 255 255 255 0 215 2 52
    102 255 255 205 30 46 255 114 255 209 255 79 255 82 204 2 211 44 255
    130 187 255 161 255 207 104 255 167 44 28 255 28 255 255 255 255 255
    74 255 255 151 60 255 255 71 183 255 255 171 255 12 122 195 175 255
    219 255 255 255 255 255 255 58 173 76 91 255 255 255 255 255 163 255
    96 135 255 255 0 255 255 255 255 255 255 255 0 255 16 239 255 255 32
    255 255 10 255 255 245 255 18 92 255 255 255 255 42 255 22 255 255
    255 255 255 255 255 169 66 255 84 255 255 255 99 215 255 159 54 58
    255 4 255 255 255 90 255 255 255 79 255 255 171 28 203 50 255 157
    255 255 26 201 151 255 255 255 213 204 42 255 131 203 118 255 231
    207 255 255 185 255 255 76 255 255 255 255 255 255 195 255 199 255
    255 44 191 100 185 95 173 110 255 12 255 255 255 147 161 255 169 255
    169 255 255 255 255 255 149 201 255 106 191 101 255 255 48 255 255
    81 255 44 255 255 193 255 255 94 161 255 255 255 255 48 195 126 38
    185 104 255 222 255 90 255 255 255 255 255 255 169 14 92 157 227 149
    255 2 247 255 94 255 234 255 116 255 225 255 255 38 255 255 151 221
    255 255 255 255 167 255 255 255 8 255 211 44 255 255 106 151 255 217
    255 139 147 255 255 255 187 189 44 255 114 255 255 211 255 197 255
    118 6 34 255 255 255 255 255 255 255 60 16 255 255 253 255 75 181
    255 255 249 2 255 255 227 255 255 255 255 255 4 255 255 243 81 255
    147 255 255 255 255 255 255 125 255 56 30 237 233 32 187 255 255 191
    14 255 104 203 197 255 70 255 108 255 22 255 10 255 134 255 20 255
    255 222 187 219 238 231 193 255 231 255 2 255 211 208 223 171 165
    235 255 255 255 255 255 255 255 255 0 255 141 229 203 255 130 128
    199 116 255 32 201 255 111 243 255 255 255 173 62 243 255 255 255
    255 255 255 116 255 255 171 255 102 255 93 155 255 255 88 255 183 78
    193 255 255 255 255 255 191 255 255 128 255 0 255 255 221 255 255
    255 255 113 108 255 83 173 153 107 28 255 255 203 255 129 169 221
    255 191 255 255 255 255 255 255 165 255 255 255 255 20 255 40 147
    255 191 88 72 252 255 255 226 255 255 255 88 24 139 255 84 91 255
    255 121 76 255 0 255 255 133 255 44 255 197 255 113 255 231 42 22
    249 255 94 253 208 255 255 255 255 239 173 255 165 10 98 116 255 255
    46 255 34 229 255 255 255 238 104 255 255 255 34 91 151 126 79 255
    255 40 92 80 255 54 22 255 255 255 255 187 255 163 255 255 255 255
    76 255 255 52 255 255 255 69 255 199 0 255 30 255 255 255 32 255 255
    255 167 189 252 255 255 16 255 251 28 46 221 255 255 255 255 255 215
    255 58 138 191 139 255 4 255 255 67 255 130 255 255 255 255 255 255
    77 24 203 255 255 255 220 255 136 255 124 255 255 137 255 244 80 8
    202 28 255 238 255 130 255 255 255 232 64 181 191 32 54 149 255 255
    208 255 100 248 28 255 255 171 255 177 255 203 255 6 255 255 255 255
    255 94 255 32 255 255 131 255 179 255 58 255 195 126 12 58 255 255
    24 255 215 85 255 255 255 255 203 6 203 116 255 151 255 255 255 255
    115 8 255 75 18 255 255 255 175 222 255 227 60 245 38 201 255 88 255
    12 255 167 255 255 255 255 255 255 26 128 155 78 114 255 92 255 255
    255 255 218 106 245 131 201 255 255 132 237 105 120 122 153 255 255
    201 157 171 255 255 255 232 255 40 255 255 255 252 211 98 216 255 22
    255 30 255 255 221 88 66 185 60 248 255 255 10 225 48 255 255 255
    255 255 255 60 12 255 255 76 255 12 253 108 255 96 74 255 255 255 22
    120 70 255 167 255 210 28 48 125 255 255 255 255 255 255 255 255 255
    255 255 255 255 255 161 255 203 255 42 255 255 58 145 255 130 173
    255 255 255 255 255 255 73 227 255 147 106 60 255 255 255 255 44 247
    255 104 189 8 68 130 255 211 68 18 139 177 255 255 255 255 255 211
    187 213 255 255 70 255 255 255 66 242 255 145 141 255 255 255 255
    255 201 26 20 14 124 255 252 4 255 113 34 100 97 255 10 10 165 136
    228 255 255 83 255 136 255 255 54 255 20 6 255 255 255 171 255 255
    244 255 255 255 179 255 255 110 255 220 255 171 255 130 255 26 82
    255 216 46 253 255 32 14 255 255 255 255 255 203 4 255 255 187 255
    249 255 255 255 255 80 58 206 155 255 255 255 255 255 255 255 255
    255 255 79 255 108 77 255 255 255 255 255 129 255 255 255 255 235
    255 255 255 255 255 151 173 255 98 255 255 12 183 48 76 220 14 0 255
    110 126 67 255 255 255 40 255 113 235 151 255 255 60 228 255 197 151
    255 169 69 78 255 255 255 48 56 255 145 26 4 247 255 132 255 255 255
    255 242 253 132 226 149 255 255 139 255 255 255 255 255 122 255 163
    147 193 185 18 255 131 76 104 252 255 195 103 116 20 173 88 255 255
    217 151 255 195 255 54 255 122 255 255 237 107 255 255 255 255 255
    255 255 8 32 255 4 255 114 255 255 54 255 139 255 161 189 255 255
    255 255 255 255 255 255 255 255 60 255 255 149 137 157 153 255 255
    255 255 209 255 255 96 255 255 255 255 224 26 124 255 94 255 255 14
    255 87 165 219 255 10 90 255 255 255 73 211 255 79 255 155 185 255
    185 255 20 255 113 255 255 255 255 255 232 114 255 255 255 255 179
    255 189 248 255 151 255 4 26 255 118 255 255 255 255 123 255 255 111
    255 90 255 255 151 255 255 183 255 177 255 255 139 86 226 255 219
    232 34 255 141 157 181 149 185 251 255 255 255 255 14 197 255 137
    237 255 86 255 255 86 18 255 255 191 149 255 255 18 255 255 255 255
    235 50 181 82 255 255 255 255 114 255 75 255 255 255 183 255 255 193
    255 255 239 4 255 30 68 165 211 102 255 124 18 99 255 255 250 163
    255 255 255 255 255 255 255 255 255 255 255 255 255 255 132 255 137
    227 215 255 151 255 135 88 255 255 255 225 179 165 255 173 255 58
    255 255 255 255 72 2 255 88 255 242 56 255 255 143 255 255 24 255
    255 2 193 255 255 255 244 255 255 208 255 255 147 40 28 255 74 116
    77 255 255 255 247 112 255 255 255 255 255 66 44 173 255 255 74 36
    255 56 255 255 255 42 255 197 255 201 139 237 255 153 165 42 243 207
    255 255 255 255 255 255 255 161 255 127 255 48 255 255 255 255 223
    255 16 241 255 8 255 181 255 128 255 64 255 255 81 8 255 255 255 255
    244 255 233 255 255 205 79 38 255 214 10 149 252 255 110 111 249 255
    255 255 255 232 20 64 255 255 44 8 76 255 201 124 6 30 255 255 99
    255 159 255 110 255 214 255 255 119 209 255 189 56 255 179 255 255
    67 255 100 255 255 187 255 255 255 254 56 177 163 255 239 255 255
    255 26 177 255 87 227 255 85 255 255 105 255 219 214 42 26 147 74
    193 255 134 34 38 255 104 143 251 255 255 255 10 87 82 40 242 255
    255 127 177 78 165 153 76 255 255 161 255 183 255 255 235 110 255
    255 255 255 187 165 255 255 235 183 112 255 255 255 159 255 233 108
    187 255 255 2 255 255 255 98 183 255 255 255 255 52 143 255 255 32
    177 255 255 165 201 100 255 84 177 255 255 255 137 151 255 181 255
    187 255 255 255 141 137 255 255 12 183 248 0 84 255 255 223 255 255
    255 2 255 255 60 26 255 255 255 90 8 229 4 38 38 140 199 255 76 81
    64 229 255 255 255 255 120 255 255 255 255 255 255 251 212 253 255
    255 255 88 255 255 255 10 147 255 255 239 255 201 143 255 255 147
    203 255 255 255 255 255 155 195 4 102 2 255 255 255 255 155 129 44
    50 255 169 255 255 211 255 109 255 110 2 40 255 255 54 255 145 28
    255 183 22 255 255 255 255 255 8 203 255 255 255 255 112 255 255 255
    90 255 255 255 214 40 223 255 255 24 2 62 138 255 203 255 127 235 60
    255 255 78 255 255 255 171 255 159 255 255 255 255 231 255 254 255
    221 24 255 209 222 0 255 255 255 237 255 255 24 183 82 12 101 255 82
    119 255 255 255 118 66 255 255 233 255 20 255 255 255 58 255 145 70
    255 255 130 236 14 255 255 151 255 255 255 173 191 255 255 113 255
    149 163 54 255 149 255 102 255 179 78 255 255 255 95 255 255 22 255
    255 255 195 255 255 255 255 255 104 255 255 255 6 103 50 8 255 130
    136 143 78 82 255 255 255 255 100 255 255 171 255 255 209 34 255 255
    24 141 255 255 255 255 255 255 189 255 67 255 6 255 255 255 255 157
    36 254 255 118 8 6 255 255 255 16 255 255 243 255 255 30 18 255 185
    62 183 255 255 60 219 255 255 255 185 255 255 83 120 255 255 34 136
    103 153 26 255 255 108 255 50 255 165 255 12 255 255 187 195 255 255
    54 255 239 240 255 255 193 255 56 250 26 255 255 255 6 255 82 255
    255 255 255 255 255 112 255 217 122 255 255 255 255 255 255 255 255
    42 255 255 255 255 255 255 232 32 255 20 165 4 255 255 255 255 215
    221 171 78 163 255 223 255 255 255 92 255 0 173 255 255 255 255 211
    255 10 137 213 255 255 255 75 255 255 123 255 255 141 255 30 255 137
    255 255 255 255 255 163 255 244 255 14 129 255 229 255 255 201 242
    76 255 71 249 255 255 255 50 36 255 255 24 147 255 2 255 189 255 24
    179 14 14 255 255 237 245 121 139 171 244 255 255 255 199 124 255
    255 235 163 255 104 56 88 167 38 255 100 224 50 122 155 48 30 79 255
    255 218 90 255 189 175 255 244 255 255 255 255 255 255 199 136 255
    92 255 255 255 255 255 255 84 129 139 255 255 116 143 2 54 255 255
    155 255 54 157 155 255 68 255 255 241 255 210 203 177 255 239 147
    255 8 255 16 8 86 185 255 20 163 255 86 255 70 76 255 177 255 99 255
    46 193 195 20 255 233 255 255 255 255 255 255 255 255 255 255 97 255
    112 147 255 255 255 96 249 255 255 251 255 16 76 255 143 255 255 243
    229 255 255 255 75 255 255 216 255 255 238 255 255 216 255 4 133 203
    64 123 255 88 255 255 255 12 207 255 255 185 255 101 151 255 155 255
    255 87 255 255 2 255 90 255 255 255 255 94 255 46 255 173 255 255
    255 147 227 114 255 108 72 93 255 255 255 255 255 255 151 18 147 255
    255 24 199 124 56 213 255 255 255 191 255 255 56 255 255 114 121 255
    255 161 255 102 255 243 122 255 165 255 255 255 151 197 187 255 255
    255 255 56 255 255 50 100 255 255 255 255 255 12 151 255 18 255 210
    255 122 255 141 255 255 46 155 255 255 199 255 139 76 20 88 34 255
    207 219 139 255 255 255 255 255 60 82 255 255 171 122 255 255 255
    255 255 255 255 255 255 135 211 255 255 255 219 255 58 153 171 255
    255 255 255 187 255 187 195 255 255 155 255 2 76 181 255 255 255 114
    213 216 185 255 255 12 255 255 255 255 255 225 255 0 255 213 169 255
    255 73 116 255 255 96 255 255 96 255 255 255 255 255 245 197 255 120
    255 40 255 255 242 175 255 244 255 255 111 110 62 255 137 255 255
    143 255 255 255 255 255 255 235 113 255 255 193 94 151 255 255 42
    255 195 255 123 255 255 62 255 130 149 255 255 137 197 68 230 255
    199 191 255 255 255 255 255 255 255 167 255 255 221 222 255 167 255
    255 104 73 255 229 255 255 28 255 239 255 255 94 255 255 255 255 77
    255 255 107 171 255 255 255 255 255 18 255 87 102 255 18 255 132 220
    26 255 248 255 255 255 255 66 255 255 52 36 30 177 210 255 255 255
    233 255 218 255 255 109 255 255 255 80 255 255 255 255 64 255 130
    204 163 60 255 255 10 255 60 255 255 255 255 171 255 255 193 255 76
    145 98 255 48 255 60 255 179 255 83 215 30 255 66 221 255 255 223
    195 255 255 38 255 88 4 10 104 255 255 46 109 42 255 193 157 48 255
    255 255 255 20 86 255 255 255 255 255 255 129 255 149 206 169 255
    255 255 255 255 88 255 101 255 255 4 102 201 202 149 255 255 255 255
    255 255 54 255 255 26 163 26 255 58 116 0 62 255 233 18 205 70 240 0
    253 201 255 217 105 82 255 255 48 255 255 255 255 183 126 255 255 50
    255 255 255 255 177 255 54 255 207 199 255 24 187 255 255 106 169
    255 134 255 255 255 255 106 255 255 255 223 255 255 255 255 255 255
    255 102 255 255 255 56 91 213 255 255 22 92 255 255 255 185 132 255
    255 255 50 255 255 207 255 64 255 14 255 255 248 72 255 255 58 255
    255 225 255 81 255 255 18 255 197 0 255 255 48 255 255 117 255 255
    255 255 12 255 255 255 255 255 255 191 151 255 56 255 255 255 2 255
    123 255 255 115 108 8 255 255 255 133 255 219 129 96 255 255 4 233
    255 241 255 66 255 128 255 34 147 111 255 255 255 143 46 48 30 255
    62 255 175 255 255 18 255 171 225 254 157 255 255 10 205 255 255 163
    255 191 167 62 84 153 255 255 104 255 255 140 95 255 80 52 68 255
    103 175 255 204 52 231 255 255 159 255 2 211 67 255 255 204 255 255
    255 255 255 169 255 255 255 255 255 255 225 249 177 255 255 255 132
    143 255 114 255 255 255 255 255 24 255 28 173 255 255 255 80 255 161
    2 255 235 84 141 237 36 255 255 255 54 255 102 255 255 255 255 255
    217 159 255 255 185 213 255 191 255 255 255 243 165 159 255 255 255
    255 52 255 137 249 255 255 255 101 255 8 250 255 94 71 149 167 107
    96 155 161 255 108 255 255 247 255 255 255 81 255 62 234 255 255 255
    163 255 18 12 255 255 255 171 255 44 2 177 255 98 255 255 255 255
    255 36 250 255 255 255 78 54 113 203 36 255 64 185 113 110 255 8 255
    255 255 50 255 212 245 207 255 255 255 255 92 4 246 108 126 69 255
    255 85 187 66 210 255 102 255 179 66 255 207 255 255 187 255 240 255
    255 145 74 120 255 38 255 255 255 145 255 134 255 255 255 255 246
    255 217 255 255 255 185 163 237 255 255 126 255 219 255 171 62 92
    255 255 255 255 255 247 14 116 255 216 128 46 255 139 183 242 255
    255 255 153 223 255 255 255 199 255 203 255 137 255 255 213 255 232
    255 76 230 28 215 255 255 255 255 112 255 255 255 181 66 163 96 255
    255 195 169 165 255 255 255 243 230 255 126 255 255 255 255 253 92
    228 151 255 71 64 255 255 70 255 255 225 163 246 255 255 133 253 211
    255 114 255 14 213 255 99 255 255 255 255 255 0 255 255 161 139 14
    255 255 201 123 255 255 255 20 255 255 255 116 255 231 255 54 30 181
    255 116 153 255 255 255 212 255 126 24 255 22 255 98 4 255 255 255
    81 211 98 255 195 255 255 169 255 179 255 255 141 211 255 255 54 255
    161 255 4 255 255 255 255 179 255 24 255 217 87 235 255 255 255 10
    85 201 255 255 255 253 246 34 18 255 253 255 167 153 255 255 255 104
    222 255 183 151 90 255 81 116 255 255 38 255 75 141 255 255 245 255
    255 255 255 255 245 116 89 241 255 139 255 132 255 130 98 145 68 255
    255 175 237 255 255 46 193 141 255 255 80 116 54 32 255 255 8 255
    255 255 128 115 255 219 93 199 38 255 255 255 28 167 88 149 255 255
    255 255 86 255 80 12 255 255 233 255 255 10 62 255 255 255 26 255
    169 255 251 255 199 255 242 157 255 52 42 255 255 255 255 18 145 255
    189 255 114 255 255 255 255 255 253 255 96 114 255 255 255 56 20 197
    255 88 255 255 255 181 255 126 173 113 102 255 208 255 12 165 255
    255 252 255 255 255 159 255 163 32 255 255 165 191 255 255 255 255
    255 255 255 251 104 255 255 22 255 255 255 250 255 255 46 20 255 81
    255 126 255 255 54 67 255 161 255 221 255 129 157 255 127 255 255
    255 153 22 255 0 62 195 199 114 2 255 56 255 255 62 255 96 163 240
    255 255 255 82 215 255 255 241 255 255 161 255 255 205 129 54 255
    255 52 124 255 68 155 255 255 177 255 231 255 111 54 155 197 255 255
    255 155 255 69 255 10 255 227 255 56 82 255 12 227 255 255 201 255
    255 255 255 255 255 32 177 80 255 242 6 122 255 165 157 14 72 255
    255 165 255 99 52 255 99 255 255 255 229 255 137 143 255 255 255 92
    36 24 88 255 255 255 75 255 255 255 245 185 173 255 44 58 14 106 255
    10 255 111 40 255 255 139 56 87 255 16 255 255 108 255 128 36 179
    151 34 255 98 78 159 48 255 255 4 177 255 4 120 127 255 255 185 76
    143 48 255 94 255 255 255 14 255 153 255 255 231 123 255 2 34 255
    255 133 72 4 73 249 143 255 255 255 255 255 122 255 8 255 109 10 255
    137 255 255 255 40 255 145 163 255 58 10 255 255 137 255 255 145 255
    255 255 255 255 255 255 4 255 72 255 215 217 255 255 143 255 255 235
    117 255 177 255 255 255 255 179 255 255 255 255 169 255 255 255 255
    253 117 255 255 171 255 138 127 6 161 255 255 255 255 255 235 255
    255 255 255 255 185 218 255 149 255 233 255 255 92 255 255 128 255
    254 255 255 125 255 255 255 255 26 117 255 255 183 102 255 255 255
    255 255 235 255 236 84 255 75 255 255 16 255 140 255 114 171 234 255
    124 151 255 88 30 62 255 24 255 255 254 247 255 255 189 255 77 255
    249 50 114 255 255 247 14 255 203 255 255 255 253 255 102 255 6 185
    255 255 22 72 89 82 255 255 255 193 255 22 147 255 80 165 181 229
    227 255 159 255 255 118 255 255 255 255 123 255 92 255 255 26 139
    255 255 255 94 255 255 183 231 255 255 255 255 213 255 255 255 78
    255 255 255 73 72 94 255 255 20 255 243 14 4 48 255 255 0 195 69 255
    26 12 114 255 255 251 255 255 255 255 212 255 8 255 255 255 93 235
    255 167 0 76 254 231 151 216 255 255 255 6 255 202 255 54 255 255
    116 255 255 132 255 76 84 222 195 255 255 255 90 218 255 42 255 255
    223 255 255 96 255 255 159 117 82 96 167 255 255 255 255 255 255 255
    4 255 255 82 255 255 44 255 255 181 255 255 255 255 211 255 30 227
    76 255 255 255 115 255 54 91 88 255 255 255 46 255 134 76 255 175
    255 48 191 183 157 26 255 255 255 255 248 255 255 208 255 201 69 255
    255 255 255 255 255 255 183 42 253 255 255 199 255 115 90 255 255 24
    132 252 86 255 187 255 255 255 147 255 42 255 205 255 255 255 255
    255 255 255 149 255 255 221 255 255 255 48 255 18 143 255 255 255
    255 255 255 127 255 255 66 255 104 255 116 241 111 78 255 197 199
    255 255 255 255 214 255 209 155 255 255 255 255 134 255 255 211 255
    104 247 175 255 255 255 255 110 111 126 173 255 255 66 255 201 60 99
    255 159 255 255 120 252 60 255 226 16 237 255 255 255 85 255 255 36
    255 255 255 229 255 255 255 255 2 255 255 255 134 255 216 50 255 255
    255 255 204 255 110 58 255 4 34 191 255 28 219 255 255 255 181 255
    126 86 62 110 255 48 255 255 255 255 255 255 255 223 141 255 171 255
    255 251 255 255 78 121 255 255 255 255 255 255 255 10 81 118 255 255
    255 255 85 26 255 121 139 243 255 255 255 246 155 255 56 12 90 14
    255 255 109 42 255 101 255 255 255 255 255 255 255 255 87 255 221
    255 255 173 255 255 2 255 137 110 153 153 108 115 255 255 85 255 255
    255 255 255 137 122 219 28 255 138 255 253 237 255 64 255 255 255
    145 255 255 189 141 239 241 24 68 136 255 255 179 255 219 255 83 255
    28 199 255 175 255 255 54 255 255 255 255 255 199 255 255 211 218
    255 255 255 143 88 99 255 255 255 128 213 127 255 54 255 255 58 6
    255 255 95 38 255 83 255 24 255 255 58 255 255 255 255 255 44 255 72
    54 109 255 255 255 26 255 83 255 157 242 255 255 181 255 255 255 255
    100 255 255 255 169 255 255 255 255 255 107 98 255 204 255 110 71
    255 255 193 255 100 12 255 255 255 185 255 255 14 255 255 255 255 66
    255 58 81 134 44 255 44 80 4 46 58 50 60 209 202 255 171 34 0 104
    255 0 211 255 191 255 193 255 235 218 255 100 111 137 225 228 255 30
    255 78 255 255 215 30 12 92 255 255 255 66 28 255 255 255 237 76 179
    255 255 8 50 54 40 255 255 255 72 255 255 112 255 255 18 8 228 235
    255 255 255 255 224 221 138 255 255 46 30 88 255 62 255 255 121 187
    255 121 34 255 255 221 191 12 255 34 255 96 255 18 54 72 248 255 231
    28 255 255 212 255 215 255 221 255 69 255 255 145 6 255 255 255 255
    93 255 118 210 255 243 228 143 110 210 255 26 0 255 255 193 255 255
    255 255 255 255 255 255 141 255 159 255 255 36 255 255 255 255 255
    255 255 255 255 20 255 16 255 255 255 252 205 110 255 52 255 255 255
    255 255 149 52 255 227 255 255 169 255 64 255 255 255 116 255 167 78
    255 212 100 255 255 40 225 255 177 255 255 255 88 255 255 169 244
    255 74 147 62 255 157 106 70 255 255 255 255 255 255 240 58 223 255
    185 130 123 38 255 141 163 255 201 237 255 255 86 70 6 175 177 255 0
    255 255 201 255 255 102 255 255 255 255 224 207 255 255 255 255 255
    163 255 255 96 255 255 255 255 255 255 209 179 255 255 255 106 255
    255 34 255 255 72 24 255 96 4 137 255 90 34 255 14 218 86 64 73 237
    159 255 86 255 46 16 255 255 86 219 255 195 255 193 80 120 254 20
    255 228 12 255 77 4 255 255 56 54 89 255 50 133 255 255 255 255 255
    189 255 251 244 255 255 255 255 110 255 106 58 255 255 10 255 147
    255 14 255 255 220 251 255 255 70 255 255 255 255 255 249 255 255 44
    255 60 255 96 123 68 255 255 251 255 129 255 225 255 86 255 167 255
    94 24 255 255 137 199 167 242 139 46 83 255 255 255 124 255 189 215
    90 252 18 225 234 255 255 175 253 255 255 227 255 255 137 255 255
    165 138 255 10 255 2 88 255 255 193 243 255 183 255 255 247 255 171
    28 183 255 205 66 36 151 255 109 255 255 255 195 120 255 80 84 255
    201 255 216 132 255 255 255 163 255 14 173 255 255 197 255 241 54
    137 12 255 244 255 255 149 104 84 173 255 255 224 56 255 189 116 255
    255 34 255 165 128 213 79 82 255 34 255 255 171 255 255 153 255 255
    255 177 74 115 255 255 129 255 173 97 229 134 255 145 227 95 255 6
    161 6 40 255 255 255 255 100 255 236 255 255 255 50 136 85 255 42
    255 255 10 224 255 255 123 255 32 71 255 112 208 255 255 141 255 16
    255 255 255 220 245 189 26 104 102 255 255 32 255 179 255 255 255
    255 255 255 251 52 191 187 218 255 169 255 249 255 20 8 16 179 134
    255 255 32 173 111 205 138 255 255 64 244 255 175 131 255 255 135
    169 140 153 255 12 202 209 255 67 255 255 255 255 227 255 255 255
    228 255 24 127 255 255 255 255 255 66 255 10 69 255 255 255 255 145
    255 255 32 28 92 8 255 48 255 255 122 255 255 255 201 99 22 255 83
    255 255 255 80 255 255 68 100 255 255 255 255 255 12 255 255 255 255
    255 145 255 255 58 255 255 255 16 255 38 208 211 255 139 147 255 52
    46 169 250 255 255 255 255 255 255 255 195 255 145 255 255 227 74
    255 187 255 83 255 255 255 255 136 248 60 30 224 255 255 255 60 255
    175 255 118 255 255 255 206 155 233 69 255 255 255 255 22 81 137 181
    169 255 255 255 255 255 255 62 255 226 255 233 255 255 255 255 78
    255 22 255 143 173 255 255 175 255 255 255 255 147 255 255 255 255
    110 255 255 217 255 6 255 96 81 255 255 67 255 255 54 149 255 189
    255 255 181 134 255 234 255 108 255 255 255 67 189 255 201 235 153
    255 175 255 151 255 108 79 102 255 177 92 52 255 231 237 161 36 106
    71 255 255 255 185 149 242 86 255 89 247 175 255 255 175 255 255 255
    255 139 255 255 141 0 56 255 255 255 72 243 255 255 14 255 124 255
    141 134 255 255 227 183 255 255 223 255 255 255 255 255 16 125 143
    255 255 235 72 255 255 255 255 2 255 8 255 6 208 255 255 232 22 32
    255 255 255 246 255 255 155 255 247 255 80 255 121 64 255 255 116
    255 0 60 255 44 239 187 67 255 88 255 10 255 236 193 179 255 241 255
    255 82 185 210 251 231 255 255 0 238 28 255 255 255 36 62 255 255 24
    54 255 255 255 90 38 255 255 255 247 185 159 66 255 255 22 255 208
    255 136 54 68 255 255 128 255 252 52 255 255 255 255 255 255 255 137
    255 255 255 68 255 255 255 20 236 255 255 255 255 255 197 120 255
    242 255 255 255 255 225 255 30 205 255 255 233 127 255 255 255 153
    94 216 255 130 145 179 255 255 255 54 255 187 255 62 116 255 255 76
    255 255 128 221 131 255 255 255 247 255 236 255 255 234 255 255 111
    153 255 255 255 74 255 255 195 255 255 251 255 255 94 75 255 173 255
    255 18 175 14 26 181 255 255 139 255 215 255 203 255 255 255 58 255
    151 255 255 12 165 66 145 255 189 161 239 137 171 255 255 110 215
    201 219 223 255 201 52 246 255 157 255 44 120 255 215 201 255 191
    251 255 255 185 6 255 203 101 219 92 255 243 209 246 255 38 255 110
    191 66 151 255 255 128 58 255 255 199 255 255 18 246 213 255 255 255
    64 117 92 209 255 203 130 255 243 255 255 255 40 131 106 255 255 213
    18 210 181 255 255 34 50 255 96 159 79 221 255 255 255 255 99 255
    255 255 255 255 255 167 145 50 255 124 255 241 143 255 255 16 117
    255 255 255 2 100 255 84 140 22 255 223 167 52 255 77 98 84 216 151
    239 165 255 82 255 255 167 2 193 94 255 255 255 201 255 76 151 221
    181 255 42 22 255 255 255 255 185 74 244 143 24 46 153 126 255 255
    78 236 255 126 139 42 255 255 98 70 255 255 215 255 255 255 255 255
    167 177 92 237 255 255 255 255 255 169 16 159 255 105 255 106 255
    185 255 255 253 106 151 255 255 255 255 255 255 255 255 64 255 255
    255 239 255 255 179 255 224 255 191 255 255 241 255 255 153 67 255
    106 255 80 255 255 187 195 89 255 255 255 197 255 255 255 255 103
    112 112 101 255 205 255 253 138 129 60 209 79 255 229 77 255 8 255
    255 171 255 94 0 255 255 255 255 60 116 115 255 255 255 255 163 255
    86 255 177 245 255 255 255 255 143 163 177 12 255 138 255 255 145
    255 255 58 30 251 211 255 255 173 109 227 255 189 255 255 36 6 151
    44 20 149 236 255 231 255 189 124 255 159 84 56 163 52 197 104 255
    159 151 217 255 191 255 246 189 255 93 255 155 240 213 255 199 251
    255 255 112 52 255 255 255 18 4 255 255 251 255 255 92 112 212 255
    203 169 255 14 255 255 255 255 149 181 226 126 90 255 255 197 255
    130 126 255 233 169 220 70 86 151 36 161 255 116 58 255 145 203 177
    255 255 255 255 255 103 22 255 32 255 100 255 255 163 181 74 255 255
    255 68 113 235 82 24 2 255 255 255 255 255 255 255 255 255 255 255
    189 167 255 211 255 255 153 179 255 255 153 255 255 86 201 169 255
    255 255 18 230 62 255 255 26 82 255 255 255 119 255 2 255 139 48 255
    255 28 255 255 255 255 255 48 248 143 28 255 255 255 255 255 255 218
    255 161 26 159 92 36 6 255 255 255 64 255 108 255 119 251 255 16 124
    255 255 70 209 127 215 94 97 255 255 32 24 255 255 189 94 255 205
    255 255 255 255 137 255 80 149 255 255 255 255 255 214 126 255 255
    255 255 255 72 2 83 213 255 214 141 189 255 255 207 255 255 255 255
    4 191 177 227 102 255 255 255 255 62 255 255 217 255 220 255 175 255
    177 255 12 255 255 255 255 255 101 100 108 143 255 193 255 221 255
    175 255 219 226 255 255 129 243 255 255 74 255 255 255 92 255 183
    112 255 179 255 255 255 255 149 205 219 214 255 255 8 8 100 255 255
    60 115 255 245 115 255 104 95 255 187 145 128 255 14 50 255 255 12
    255 255 255 54 14 42 215 255 243 98 255 255 255 125 90 70 255 48 255
    255 255 251 91 255 255 206 233 255 255 255 255 179 255 155 212 177
    201 255 98 78 255 255 255 242 255 124 232 255 8 242 255 255 255 255
    255 255 8 255 255 255 255 255 84 255 42 255 255 255 80 249 159 197
    255 255 229 80 240 255 255 24 255 203 255 134 255 255 255 255 30 255
    253 255 120 165 44 255 255 255 84 255 91 102 255 79 255 28 60 96 98
    246 20 255 64 255 78 58 255 134 131 255 16 255 255 255 255 255 229
    185 255 140 240 255 243 255 255 255 255 88 22 248 255 249 255 255
    255 46 52 255 255 217 255 255 255 185 255 34 255 10 255 255 189 255
    30 91 207 126 113 255 255 255 255 92 246 255 159 185 255 255 127 46
    134 255 255 255 2 255 149 255 255 255 141 227 255 255 207 211 169
    255 255 125 155 255 255 209 213 105 114 255 226 128 255 139 255 255
    125 126 255 255 255 255 255 153 255 255 255 255 255 255 255 16 255
    217 54 255 88 255 34 96 255 255 255 255 213 255 64 255 50 255 70 235
    255 229 255 147 255 0 113 255 255 66 6 173 255 84 108 222 12 255 4
    255 237 255 255 82 22 124 255 255 255 8 193 255 34 255 78 255 255 66
    197 255 199 255 255 26 126 121 255 165 255 255 20 123 255 255 38 102
    255 99 255 255 252 245 8 228 233 82 255 2 255 149 52 48 255 255 255
    185 255 255 2 255 255 255 255 255 161 12 255 255 255 255 167 255 26
    255 239 165 175 32 231 139 255 255 222 255 102 75 20 255 48 255 255
    255 255 255 255 195 255 141 255 80 2 82 199 141 255 255 255 179 255
    255 197 249 103 255 255 255 255 255 255 255 255 197 12 255 255 118
    60 255 255 114 71 2 195 255 229 98 255 255 30 119 139 255 26 195 255
    230 255 116 212 243 255 28 255 255 52 215 108 255 201 255 240 143
    255 171 126 255 177 255 255 129 237 255 255 255 255 26 14 68 255 255
    255 255 145 12 255 0 255 218 219 255 255 255 255 34 128 237 255 16
    255 36 255 147 171 213 255 83 112 255 255 90 197 187 255 34 121 255
    114 40 255 255 16 251 255 183 255 104 255 255 38 197 167 68 32 235
    255 255 207 20 255 255 161 161 221 54 255 167 153 255 32 155 48 183
    255 255 239 185 255 96 255 255 255 255 89 183 255 12 255 255 255 255
    2 252 255 255 147 255 140 255 255 231 95 18 255 255 255 255 220 213
    255 101 255 126 255 255 255 255 255 231 22 255 205 0 255 255 255 68
    86 137 255 221 255 245 94 222 255 255 255 255 255 255 255 255 255
    169 237 255 255 70 93 12 255 255 245 255 255 50 255 54 255 203 255
    48 32 255 235 120 255 18 255 26 255 122 255 255 255 255 66 60 42 255
    255 255 255 255 38 201 30 238 255 255 189 193 255 24 157 255 185 217
    255 46 255 94 255 255 50 242 255 56 117 255 189 189 255 54 145 42 94
    255 20 255 255 255 253 255 255 70 255 255 10 255 8 140 255 130 96
    218 255 255 34 255 16 199 255 181 255 255 255 255 132 165 254 16 80
    255 183 50 62 245 12 208 120 255 255 255 255 255 197 255 40 255 18
    52 4 255 255 20 74 255 42 86 175 20 255 255 255 6 255 229 195 255
    255 255 117 255 233 255 207 136 255 255 255 240 255 255 206 199 255
    125 169 255 4 255 102 255 255 255 255 185 14 255 255 90 10 66 183
    169 241 255 255 255 62 255 175 96 255 130 106 255 255 215 216 6 255
    36 165 255 69 255 171 73 255 143 141 68 76 210 237 205 255 195 136
    255 255 140 143 255 58 255 215 189 238 241 255 255 28 255 255 255
    255 105 94 24 255 241 78 255 255 255 230 255 128 137 255 217 54 255
    217 255 255 255 141 255 32 255 114 28 255 199 48 161 255 132 255 255
    72 8 130 255 16 255 118 255 255 110 28 94 255 255 167 253 185 255
    255 255 189 209 175 155 82 255 139 255 197 161 255 255 197 255 255
    88 255 255 149 255 36 255 255 255 255 78 103 255 255 26 247 255 255
    255 255 32 181 147 204 161 0 255 255 197 255 70 60 255 74 255 255
    177 255 255 255 159 255 255 185 52 255 255 255 54 255 255 157 245 12
    165 185 255 137 68 206 255 255 255 68 6 255 175 175 157 255 143 62
    155 120 255 255 110 123 255 233 71 255 227 255 94 203 255 151 187
    255 255 185 255 193 114 216 255 255 255 255 211 255 189 169 10 18
    145 255 80 72 177 161 255 89 255 70 255 108 167 255 255 221 139 255
    52 255 255 255 222 177 147 255 255 189 255 255 255 255 255 255 177
    255 4 119 193 221 171 255 255 255 255 78 91 255 78 255 255 126 234
    211 199 255 255 255 240 255 82 97 76 56 255 108 92 255 132 255 255
    24 106 50 255 255 187 60 255 255 255 201 248 8 110 181 255 255 95
    215 175 125 255 255 101 255 54 14 255 255 255 255 255 255 22 223 255
    161 225 255 255 110 79 255 255 24 104 44 255 255 219 255 2 255 255
    255 255 255 255 255 255 108 255 255 255 92 230 151 255 99 255 255
    137 255 255 183 143 255 26 255 78 133 255 227 255 255 255 255 255
    255 255 255 165 60 255 255 12 22 253 255 32 255 133 233 62 171 255
    134 163 255 255 255 80 159 185 255 255 201 255 30 255 255 8 255 255
    255 46 255 255 83 130 237 255 2 255 255 255 255 255 56 255 255 255
    253 255 34 120 66 255 255 69 22 255 255 255 255 255 255 143 157 255
    255 119 255 124 115 195 255 204 255 74 255 197 24 212 249 26 255 42
    70 255 30 153 255 255 255 95 255 255 99 255 255 187 30 255 28 185
    255 255 231 255 165 96 255 143 207 255 255 255 80 147 116 255 64 255
    112 255 255 255 71 255 255 255 215 32 171 86 72 255 255 157 131 221
    255 255 255 255 255 255 255 255 0 255 255 255 155 137 255 179 255 22
    255 255 255 114 101 36 100 12 255 114 165 255 255 58 255 24 255 114
    64 255 187 86 20 255 132 255 255 255 255 255 255 255 255 255 79 255
    140 255 255 30 255 255 239 44 255 163 220 255 255 255 18 255 95 185
    255 73 255 255 255 255 104 149 255 255 255 32 255 0 104 149 255 255
    255 255 108 255 255 255 255 255 106 165 255 255 255 28 171 255 187
    86 128 141 48 255 255 100 159 255 195 140 83 231 118 255 52 2 226
    255 255 14 255 207 255 255 255 54 227 241 255 255 255 36 130 163 77
    255 255 62 183 255 34 255 225 121 22 179 109 64 255 255 255 237 75
    255 245 255 255 92 189 255 36 255 179 247 228 255 227 255 255 205
    255 255 108 48 255 255 189 167 255 255 255 255 255 48 34 255 239 149
    153 120 255 103 255 255 255 255 82 191 255 110 255 255 255 255 255
    255 204 255 4 255 28 225 36 255 149 255 255 255 255 249 171 255 26
    255 30 255 62 177 255 58 157 229 255 255 225 255 157 255 169 255 255
    255 79 82 255 255 255 24 234 80 255 143 36 255 6 132 245 246 255 130
    135 12 255 60 255 255 255 112 197 22 34 255 255 255 8 218 68 255 255
    68 255 255 74 255 255 255 255 189 36 149 255 255 255 75 50 22 255
    255 255 255 255 255 255 255 30 255 255 161 24 98 255 75 12 255 255
    179 249 255 255 255 40 255 255 255 255 255 189 255 255 161 128 255
    12 251 255 255 90 255 255 255 255 12 112 235 255 255 255 216 255 255
    113 90 255 255 255 255 208 86 255 42 52 92 50 82 255 66 108 255 58
    255 255 155 50 255 169 255 255 255 255 255 255 102 255 255 255 255
    255 255 78 255 255 255 69 255 201 255 92 78 121 255 147 255 78 255
    255 32 185 255 104 173 208 255 255 52 255 255 131 112 72 48 116 241
    255 207 10 97 255 255 12 183 4 255 22 112 208 6 199 255 255 255 189
    86 255 255 16 32 240 217 60 255 255 177 234 255 147 87 90 88 75 76
    18 255 255 255 151 68 255 157 241 255 4 209 255 153 255 138 113 255
    255 255 177 2 73 48 255 214 255 255 191 255 255 255 255 255 255 62
    255 255 255 255 255 255 140 255 98 255 22 255 187 255 4 255 255 255
    98 255 255 255 71 175 62 255 34 153 255 255 24 199 255 255 141 255
    255 255 249 169 255 255 169 255 255 255 38 213 22 255 255 217 255
    211 255 155 255 255 149 132 255 40 255 169 244 255 153 210 70 66 250
    255 255 137 223 0 60 255 255 113 122 153 255 38 229 255 241 255 32
    255 94 255 255 106 255 22 104 255 255 255 255 88 128 67 139 255 147
    255 50 218 139 255 255 207 16 255 255 255 20 255 255 189 255 50 191
    255 255 255 110 255 173 159 197 173 255 255 255 70 255 54 102 255
    255 207 12 255 255 255 6 255 20 255 84 255 30 255 205 69 191 30 255
    255 229 218 22 128 255 151 255 155 177 255 64 255 60 255 217 251 103
    100 136 10 223 245 254 255 255 38 255 100 255 255 255 226 199 0 36
    96 124 99 221 140 255 143 255 255 143 255 32 76 68 255 28 54 255 10
    255 255 255 233 199 249 92 255 255 255 255 255 219 16 141 84 255 249
    255 113 255 233 255 255 255 137 137 255 147 54 255 103 255 110 255
    255 255 255 255 255 167 255 193 137 255 249 232 100 201 139 255 251
    153 255 82 255 255 66 255 255 255 255 255 255 255 219 255 255 255
    255 255 116 58 111 233 58 195 20 255 111 94 94 255 255 255 193 122
    255 255 255 255 87 82 255 201 255 255 117 255 255 34 10 18 255 72
    255 32 237 205 255 201 100 206 255 255 255 6 201 230 255 173 69 255
    255 141 145 90 173 255 255 151 171 44 226 52 255 111 227 145 34 255
    114 99 255 237 255 255 255 195 76 229 159 255 235 64 223 255 159 255
    255 67 255 18 157 255 255 83 124 255 147 255 255 137 227 10 187 255
    62 201 72 205 255 94 62 255 255 145 30 255 255 179 255 159 255 255
    255 30 161 60 193 66 255 255 253 255 85 18 90 255 30 255 255 213 98
    159 219 255 224 255 255 255 36 22 125 255 255 69 255 74 255 38 0 125
    255 255 125 207 255 255 255 140 87 255 255 255 255 191 255 88 227 99
    255 253 181 42 167 0 255 255 255 16 255 255 223 255 255 235 161 220
    52 249 255 145 22 208 255 219 85 255 209 255 255 255 208 255 143 255
    255 255 255 255 255 157 255 255 139 245 58 255 255 255 161 60 88 255
    255 14 139 80 132 255 193 96 34 255 255 141 179 255 107 68 255 255
    245 245 255 36 255 255 48 255 121 213 255 255 255 255 240 255 255
    153 255 255 14 255 255 255 255 255 255 255 255 255 255 255 255 187
    255 255 231 255 255 100 255 214 207 255 255 255 255 255 32 255 199
    255 155 117 159 255 113 255 255 255 255 255 38 255 84 6 255 74 175
    157 255 28 255 199 4 253 255 255 147 136 255 52 36 109 255 255 66
    199 255 22 255 66 38 255 255 255 255 46 179 2 255 255 255 30 255 255
    219 255 16 197 117 255 157 255 255 237 255 32 255 255 120 255 137
    243 255 125 255 255 255 255 40 255 255 255 48 104 130 255 38 255 255
    255 6 255 255 143 85 44 231 246 183 255 54 255 255 255 10 54 125 225
    213 10 106 255 137 66 50 161 255 197 255 255 197 185 255 173 161 255
    52 255 110 110 99 34 255 147 255 179 255 255 138 255 193 147 244 255
    255 226 255 255 246 255 255 48 171 255 157 255 155 255 255 169 83
    179 181 255 255 255 189 6 219 255 2 255 67 76 255 32 255 112 244 255
    90 255 235 122 195 249 255 163 60 255 66 126 227 255 255 48 147 197
    221 255 255 74 255 255 157 242 241 255 127 255 255 230 221 255 255
    255 211 183 159 255 169 2 10 255 179 255 255 36 255 255 255 255 129
    215 32 67 118 229 255 255 219 255 255 255 8 255 255 255 108 44 255
    102 245 255 34 197 255 255 255 210 60 84 202 249 147 60 169 102 255
    94 255 89 60 173 167 126 255 255 98 255 255 157 255 179 58 255 255
    255 255 255 255 191 248 255 96 133 255 10 246 219 136 255 255 255
    255 255 215 50 255 120 145 126 0 255 56 104 95 201 231 191 255 130
    255 255 255 93 255 54 255 255 255 89 255 241 129 231 255 255 255 114
    177 4 128 6 120 136 109 255 255 255 237 130 255 255 255 149 255 179
    177 213 199 255 163 104 91 255 68 216 255 175 187 207 255 255 84 54
    93 255 255 2 28 155 204 143 255 129 82 138 255 255 255 161 255 255
    149 163 209 255 243 255 36 173 255 255 98 255 224 255 239 99 255 209
    255 255 255 255 108 253 149 68 195 255 255 221 255 44 237 123 72 163
    255 255 255 255 255 128 255 255 2 230 215 255 255 22 255 236 2 54
    255 217 255 177 255 255 255 183 189 129 255 68 255 126 255 187 149
    255 255 241 255 255 16 14 6 70 255 255 255 255 155 255 219 255 255
    255 255 255 255 255 255 38 153 255 54 255 0 157 255 163 255 255 255
    110 255 183 195 199 255 255 131 30 255 62 255 155 255 58 183 255 255
    147 113 231 255 255 255 18 103 80 255 48 62 255 73 255 255 255 225
    255 255 255 96 161 255 207 255 38 205 255 179 68 147 255 140 255 100
    62 105 255 255 255 255 211 255 249 255 255 76 161 255 28 229 169 203
    255 255 255 255 255 255 255 255 221 255 255 155 249 109 249 130 255
    255 195 255 255 116 155 255 255 131 255 201 169 255 231 255 34 255
    22 235 255 115 199 255 38 225 237 255 255 68 255 255 255 201 72 207
    163 120 24 255 255 255 0 120 217 32 26 255 189 52 255 255 181 80 95
    40 255 141 255 46 204 255 255 64 255 255 212 183 255 255 255 187 151
    126 66 193 243 255 83 106 255 255 255 255 208 149 233 255 255 255
    255 241 255 208 255 177 255 255 159 163 211 255 255 153 0 12 255 255
    30 221 255 240 255 110 255 167 42 0 255 255 255 191 255 167 201 76
    255 34 114 2 28 255 236 153 219 255 233 255 255 255 191 230 249 60
    255 92 255 255 149 255 216 249 20 255 255 255 255 225 255 73 70 32
    255 219 255 255 255 219 183 255 80 228 197 255 255 255 255 255 92
    112 255 255 34 255 68 227 255 52 255 199 2 253 255 70 255 255 189
    255 255 100 16 255 173 233 255 255 181 210 255 227 228 149 84 117
    189 255 36 255 46 255 90 58 206 255 255 127 255 68 255 4 249 255 255
    255 255 255 255 10 161 255 255 30 225 24 237 118 66 153 92 255 201
    255 14 255 255 193 237 255 255 255 255 24 24 187 2 255 255 255 92
    147 255 255 255 255 255 36 101 213 90 255 211 255 214 112 68 255 255
    255 255 173 255 165 247 147 32 165 149 85 255 30 255 207 255 255 255
    255 242 255 60 50 255 255 36 255 163 36 38 255 22 255 54 255 255 219
    210 18 28 255 255 40 255 171 255 117 255 169 255 255 183 246 68 255
    255 255 18 255 255 42 255 255 255 255 255 255 197 62 255 34 255 255
    255 255 255 255 255 255 255 255 215 56 130 126 91 255 255 255 255
    185 255 195 255 255 247 255 22 255 255 58 94 255 6 255 255 179 251
    255 255 141 255 0 255 255 255 255 255 255 14 255 255 255 112 153 255
    255 123 38 22 129 40 255 83 241 161 255 255 0 255 255 38 255 255 255
    255 177 92 73 255 8 44 112 189 155 88 8 255 255 255 255 255 159 255
    191 209 20 249 122 255 44 68 22 255 255 255 104 255 105 209 8 255
    255 255 179 62 2 255 255 54 24 155 241 255 207 140 173 255 88 236
    255 255 149 36 114 50 26 255 137 255 16 0 255 193 93 187 255 42 223
    163 255 249 255 212 255 199 159 30 255 191 189 255 255 255 205 183
    255 235 255 255 40 71 110 10 46 76 255 255 225 46 255 255 38 255 159
    255 87 102 108 54 96 120 143 255 161 79 153 255 54 255 22 255 76 167
    255 255 255 234 84 255 117 255 153 117 255 255 139 255 255 255 139
    80 141 82 80 255 255 255 28 255 239 255 255 255 163 130 255 255 8
    108 255 255 16 255 255 183 129 145 255 255 255 255 123 255 86 155
    255 68 155 255 241 255 38 169 40 255 60 255 243 94 255 193 171 255
    209 155 255 255 169 255 207 255 255 227 255 161 255 16 119 171 153
    199 255 221 71 255 48 255 255 255 255 255 255 255 255 255 189 255
    187 255 32 255 56 48 237 26 255 243 255 255 217 255 255 255 255 6 84
    204 112 255 255 255 56 255 255 255 123 102 255 255 16 255 255 255
    255 133 104 130 255 255 255 255 255 6 107 255 255 171 108 255 42 255
    102 255 171 255 236 209 239 255 255 28 255 249 255 64 255 241 255 80
    255 255 255 255 67 42 38 255 24 255 255 0 161 87 122 255 255 42 255
    16 255 255 99 92 255 255 255 255 64 80 66 141 255 255 255 78 255 69
    213 187 255 205 255 141 255 211 255 255 255 255 132 255 181 255 243
    81 255 185 135 255 255 147 255 179 24 147 255 141 100 255 16 177 255
    139 255 185 161 255 255 54 6 66 255 255 165 22 34 255 66 30 255 255
    255 255 197 215 255 255 153 130 255 253 227 255 255 24 83 255 245
    255 255 2 214 155 255 255 255 189 123 255 128 255 255 100 95 70 255
    255 255 255 123 42 205 79 237 94 255 157 255 193 22 219 141 143 255
    255 255 136 255 18 136 255 90 255 255 66 255 255 38 143 38 88 227
    255 241 255 32 72 56 250 255 255 8 255 255 255 195 18 255 255 183 44
    255 229 137 118 14 255 255 255 255 6 225 255 255 229 255 255 255 255
    255 209 67 58 255 171 255 255 255 155 255 242 157 255 255 16 255 255
    255 255 139 249 255 115 255 255 131 0 195 255 255 255 255 249 255 28
    255 255 255 20 255 255 255 255 255 88 102 199 255 255 135 82 4 255
    255 255 255 255 255 255 177 173 222 151 177 129 62 207 255 44 155
    255 14 102 232 255 255 255 255 255 20 20 189 119 255 60 137 255 106
    101 255 112 255 255 255 10 255 255 220 255 64 195 255 255 255 255
    237 46 255 255 46 255 110 242 255 255 54 255 20 145 255 30 173 255
    195 34 255 74 246 255 255 60 255 255 255 255 231 208 255 255 255 141
    255 255 205 255 129 128 255 255 141 199 255 187 205 143 255 255 155
    147 189 54 98 62 255 255 255 143 44 255 202 255 255 119 84 255 255
    255 255 119 201 213 97 66 108 255 255 255 89 255 255 255 181 34 89
    231 255 32 255 255 255 255 169 234 255 255 111 255 237 255 255 221
    255 255 52 169 255 140 255 255 255 255 255 132 255 255 255 111 255
    223 255 177 255 171 239 138 107 255 255 46 102 247 255 145 44 66 88
    235 38 255 163 189 255 255 67 255 108 214 118 255 181 122 165 255 40
    82 255 255 255 206 255 187 129 100 255 145 255 255 218 255 197 0 251
    255 255 255 183 157 88 179 255 225 255 79 255 173 255 40 255 255 255
    114 230 247 255 255 0 110 255 225 255 255 30 64 208 255 169 255 143
    247 255 147 255 255 0 143 255 255 255 199 163 255 255 130 255 10 18
    255 255 239 255 238 26 255 173 255 4 255 255 171 56 253 124 255 255
    255 133 227 255 44 237 147 202 22 255 147 255 245 255 203 12 255 255
    255 42 42 255 255 151 255 255 38 34 71 139 255 218 255 255 255 255
    255 125 255 255 20 223 195 255 153 255 28 255 4 255 255 74 66 255 74
    62 130 255 250 255 255 255 207 76 255 255 255 255 255 60 246 28 255
    149 255 255 145 255 255 255 163 64 60 255 255 212 255 255 252 126 66
    255 159 255 125 44 42 40 255 255 255 60 211 255 255 122 255 132 237
    255 255 191 255 255 249 220 255 255 255 132 82 255 219 80 255 255
    151 62 207 255 127 255 116 46 255 100 52 255 255 201 22 108 252 183
    255 255 40 56 121 255 4 73 255 255 255 255 136 255 187 44 187 44 255
    50 255 255 177 255 255 255 134 255 83 255 255 255 255 255 87 255 209
    255 255 255 255 255 255 46 255 251 255 255 255 255 255 255 131 110
    255 255 255 40 173 199 255 212 153 80 255 163 130 133 64 12 193 255
    255 255 128 169 255 137 255 255 255 215 14 22 255 183 255 94 95 255
    205 255 255 255 50 255 255 255 255 255 204 255 255 255 255 255 255
    255 255 220 46 225 255 108 255 185 134 255 220 255 112 26 255 255
    255 26 255 64 255 255 255 255 153 199 2 219 195 173 255 255 255 255
    26 163 255 135 102 255 12 203 24 255 255 22 255 70 255 81 114 255
    255 56 10 255 255 255 218 255 255 137 191 255 143 255 255 255 255
    211 18 255 237 255 255 120 44 255 255 255 84 255 255 255 255 255 255
    90 255 255 8 97 171 255 181 255 255 107 191 255 255 255 255 255 187
    175 75 193 255 255 24 255 255 255 255 255 255 173 255 255 255 255
    255 255 201 255 229 6 255 76 2 255 255 20 169 171 255 10 245 255 255
    12 157 255 46 216 255 255 255 173 157 165 74 40 246 62 255 255 255
    169 161 88 191 255 255 199 255 251 255 10 255 255 255 112 255 167
    255 84 255 255 48 255 247 255 255 112 183 85 181 255 255 255 251 202
    255 98 255 169 255 167 255 255 255 255 82 255 255 255 2 159 255 255
    255 255 183 255 255 255 255 70 255 227 12 255 255 255 255 255 255
    255 247 44 255 255 84 246 26 255 145 255 255 4 255 255 62 177 255
    255 255 241 44 0 255 67 255 255 255 255 16 255 255 201 255 98 163
    250 255 34 208 255 229 73 42 44 85 227 255 240 255 0 255 255 255 255
    68 255 153 255 46 197 0 161 255 255 102 230 255 32 255 215 255 255
    130 219 214 255 18 255 255 255 246 175 219 255 213 44 255 255 255 85
    255 52 255 48 255 189 165 255 255 185 96 121 255 243 255 255 191 206
    255 255 242 14 255 159 155 189 255 255 189 255 239 255 67 58 255 255
    66 255 167 70 80 187 181 255 216 112 24 255 255 10 255 255 245 255
    114 28 255 255 255 255 48 130 255 34 72 236 66 213 212 251 215 177
    255 255 255 255 231 103 255 255 255 147 207 240 56 157 230 255 6 0
    189 86 255 155 255 255 189 255 255 255 255 50 255 231 67 112 245 255
    179 255 141 255 255 34 255 255 255 255 78 193 163 255 230 255 151
    255 255 255 255 70 255 255 255 255 255 52 255 255 255 255 255 255
    255 48 185 255 161 54 255 67 90 255 6 255 255 255 255 30 255 255 255
    46 173 153 242 255 44 255 255 149 69 255 255 149 54 88 163 90 231
    255 247 255 255 40 255 255 255 255 255 255 255 255 189 147 255 149
    255 69 128 255 255 237 227 234 255 255 255 173 153 255 205 114 214
    255 255 255 92 126 6 255 255 167 255 249 255 199 255 255 255 223 255
    255 177 151 245 255 255 241 122 255 255 155 255 255 255 255 70 104
    255 255 255 255 255 255 255 255 74 36 255 118 255 255 255 75 255 102
    255 132 255 255 157 205 255 255 255 255 255 189 255 255 96 255 255
    138 255 255 106 255 92 134 228 221 136 255 255 255 255 8 126 255 26
    255 83 243 255 159 16 128 99 255 40 224 255 255 255 14 255 236 255
    251 44 255 48 255 86 241 255 255 201 255 255 255 255 255 94 163 32
    92 44 118 255 255 161 16 255 207 255 255 255 255 117 255 245 255 255
    122 255 255 255 255 145 80 255 171 255 69 255 78 255 153 211 177 255
    255 208 177 255 255 243 227 255 255 255 145 255 255 255 255 255 255
    159 255 54 255 255 255 255 92 255 255 191 145 139 255 26 255 114 255
    255 138 255 255 34 62 102 255 255 255 255 255 16 255 255 255 199 255
    255 118 255 255 203 230 255 255 8 145 255 255 255 82 255 255 255 67
    255 255 22 255 255 179 255 255 153 255 177 214 255 50 81 255 203 255
    116 235 125 132 94 255 255 64 255 255 12 255 132 255 201 253 255 99
    255 255 75 255 167 255 157 159 255 255 70 255 141 24 255 197 255 151
    213 255 24 255 255 255 255 255 50 106 50 113 54 255 255 255 255 111
    62 255 85 231 183 255 124 255 255 255 255 214 74 255 149 32 100 151
    100 255 255 255 255 141 255 255 255 255 237 255 195 213 24 175 255
    255 159 28 135 255 177 255 255 122 255 255 16 22 255 255 195 255 255
    255 110 167 255 255 140 255 110 86 26 255 251 175 255 215 255 205 4
    42 255 155 255 255 112 255 0 0 115 255 124 255 171 126 255 227 108
    195 247 219 34 255 173 255 255 255 255 255 245 255 255 255 8 255 255
    255 255 255 183 255 255 255 84 140 255 255 255 255 255 112 69 255 84
    141 255 14 87 177 255 202 28 255 121 255 255 137 255 227 255 231 50
    255 102 32 236 187 38 220 255 20 255 86 255 255 253 179 255 124 48
    255 104 255 255 52 104 255 255 161 255 255 255 75 255 219 255 88 243
    77 255 255 255 255 255 77 171 173 250 122 255 255 255 255 255 183
    255 255 62 255 255 255 221 127 10 167 117 255 60 255 68 255 145 255
    255 185 90 255 255 255 80 67 163 185 255 255 199 44 255 195 20 255
    255 202 100 255 222 4 48 255 22 94 157 145 255 71 255 225 255 255
    207 255 255 0 255 36 255 24 112 225 214 82 255 73 255 239 255 255
    132 255 255 207 255 169 255 255 255 255 232 255 255 255 255 255 165
    255 255 216 24 255 153 255 16 44 22 225 255 255 18 183 255 255 255
    171 255 255 219 255 255 247 177 255 255 255 255 255 98 255 72 255 93
    253 104 34 255 145 113 114 255 255 229 88 107 255 243 71 255 22 255
    108 255 255 255 58 255 141 42 42 255 255 255 92 118 255 255 255 255
    255 185 255 255 66 199 110 255 255 241 255 6 255 64 22 197 26 24 132
    215 255 255 255 255 255 167 109 255 253 255 36 90 255 255 255 167
    255 255 255 203 46 212 86 189 20 161 255 248 128 191 255 255 213 255
    58 255 125 255 255 255 255 130 254 255 155 255 255 255 149 255 255
    171 255 255 255 255 255 255 255 255 163 255 255 111 96 255 255 213
    255 69 185 64 155 22 253 255 255 255 255 217 255 75 255 255 255 106
    255 255 255 255 201 215 255 113 157 255 117 255 255 228 10 255 77
    255 255 133 241 255 255 209 255 71 255 255 250 255 255 83 34 209 255
    255 255 169 100 255 255 197 118 141 201 255 255 185 255 127 255 201
    255 118 255 255 175 255 115 255 255 236 163 78 220 255 255 255 255
    255 218 22 145 255 255 167 255 171 163 38 255 255 12 255 12 255 112
    243 255 255 24 228 255 44 224 122 197 255 255 179 226 116 108 255
    191 255 255 255 255 255 141 122 242 255 255 255 187 239 255 46 92
    210 255 255 255 199 255 255 40 161 149 255 255 103 64 247 255 255
    245 230 255 46 255 60 255 183 221 153 255 199 255 230 219 70 255 199
    255 255 255 255 185 22 48 255 255 255 255 98 255 255 14 147 255 255
    255 54 255 255 141 30 255 238 255 118 137 255 76 255 143 255 255 94
    134 255 191 140 173 255 255 119 86 255 137 255 255 151 255 30 206
    255 50 255 20 255 8 80 255 199 255 159 255 255 255 246 255 255 255
    219 255 66 253 181 12 155 249 255 12 255 255 255 255 230 70 255 145
    255 255 255 255 255 69 255 155 255 255 255 103 255 255 123 157 249
    255 58 255 141 199 50 255 84 253 255 255 42 255 84 255 167 255 255
    255 255 255 255 255 70 255 126 255 255 189 171 255 137 255 255 134
    205 255 183 255 6 255 100 255 255 108 238 255 153 46 255 255 255 207
    255 255 255 18 255 255 255 175 255 116 255 255 255 202 70 120 255 42
    255 255 255 255 85 130 165 218 48 50 42 191 255 131 213 255 105 255
    255 83 40 52 137 255 191 8 92 255 199 255 255 255 205 72 255 255 191
    255 255 255 255 255 255 230 203 255 255 255 239 64 128 255 234 175
    255 230 255 255 212 255 20 255 227 245 139 255 255 242 255 255 218
    255 255 255 76 46 187 62 92 255 255 255 255 8 30 255 219 255 255 255
    255 159 255 187 255 249 20 255 20 255 0 233 253 32 94 185 255 255
    255 183 155 149 255 231 145 255 10 175 202 255 255 255 255 219 255
    213 189 2 118 195 133 223 237 212 40 253 216 255 147 0 84 255 255
    255 36 255 114 120 73 255 239 255 153 227 255 255 48 147 70 255 255
    86 255 38 255 225 255 255 255 64 175 195 165 169 98 28 122 255 179
    80 255 255 185 255 28 255 255 255 84 255 0 255 169 255 255 255 255
    255 229 212 0 255 255 255 40 255 108 255 56 255 255 255 153 255 255
    177 255 255 255 255 255 26 255 46 253 255 255 255 255 28 255 255 255
    255 82 159 255 255 255 56 255 54 249 96 255 255 179 255 255 255 255
    94 255 255 255 255 255 58 32 206 255 239 255 255 255 255 18 255 255
    255 249 67 255 10 230 255 68 255 147 255 224 130 255 255 255 255 252
    255 255 255 255 255 123 201 157 255 14 30 218 255 255 255 255 255
    255 255 255 255 132 255 255 239 38 255 34 149 255 255 233 159 255
    237 255 82 66 255 255 177 60 90 179 60 134 24 208 88 6 149 255 203
    14 255 225 16 191 255 64 255 255 131 159 46 255 255 255 62 219 255
    255 255 255 255 255 255 248 205 215 10 255 108 46 255 255 202 255
    255 202 255 255 255 255 2 8 2 149 121 137 108 255 72 255 143 235 12
    54 223 255 52 255 255 255 255 185 165 255 187 255 177 255 255 139
    255 206 255 22 255 42 177 201 255 255 255 120 229 44 124 90 255 255
    155 255 141 136 16 255 213 255 255 112 250 255 255 153 14 255 14 34
    195 107 255 50 255 98 213 255 86 255 255 239 255 255 255 64 93 255
    255 143 255 138 255 255 98 255 255 255 255 255 48 255 255 255 155
    153 255 95 255 2 71 96 124 255 243 255 226 219 255 255 255 94 6 253
    221 234 130 255 109 233 255 214 255 58 255 235 243 105 74 255 149
    185 255 137 255 34 12 14 255 255 167 6 127 255 157 85 255 140 255
    181 255 183 255 56 234 255 255 255 96 243 153 255 255 210 255 38 222
    203 255 149 255 255 255 70 255 191 171 255 201 122 40 58 60 58 255
    255 255 255 104 209 255 145 138 149 139 255 255 124 227 2 255 255
    216 249 245 255 247 255 255 255 151 255 124 255 255 52 114 255 209
    255 42 147 255 255 255 38 224 255 255 255 227 255 255 255 36 255 255
    255 255 255 128 255 82 255 4 88 153 83 255 255 204 255 255 255 163
    181 255 221 255 159 255 255 255 191 161 50 197 255 155 255 104 129
    191 255 83 255 173 87 102 74 255 159 181 117 255 255 123 255 72 255
    255 255 157 255 255 255 255 235 255 255 124 255 255 195 255 205 20
    255 18 255 255 155 255 255 255 163 246 245 255 255 255 227 171 205
    116 255 28 227 87 82 255 255 255 255 255 145 72 255 255 16 139 255
    84 255 255 255 2 255 219 255 78 201 255 219 255 255 255 84 216 143
    255 255 255 72 83 181 255 255 48 34 255 255 64 255 132 58 255 255
    126 107 255 64 214 245 38 255 255 177 129 6 255 255 84 255 64 255
    255 255 221 2 24 177 255 255 255 255 255 161 255 255 112 255 255 126
    255 193 56 136 234 134 239 226 231 255 255 255 245 255 255 255 255
    255 76 255 255 239 255 213 223 22 255 177 255 147 255 99 255 84 255
    120 118 255 207 255 177 255 149 255 163 120 77 130 255 255 195 255
    22 231 255 255 255 255 255 12 28 255 86 219 26 32 255 255 116 120 79
    60 84 255 255 255 255 167 145 255 255 255 255 42 255 255 255 52 255
    255 171 255 157 255 0 231 255 255 22 255 255 255 255 28 255 191 255
    167 108 255 255 255 255 255 100 255 255 98 255 245 143 163 255 52
    255 253 225 163 255 255 255 132 249 255 36 171 255 157 255 255 255
    213 189 255 255 185 255 12 255 106 66 255 173 255 153 255 195 135
    255 255 255 255 22 255 110 255 255 255 132 255 255 255 12 255 255
    255 255 255 255 255 221 255 241 255 255 175 237 44 245 78 255 255
    255 255 155 104 255 255 255 163 255 255 143 255 22 141 255 68 119
    211 255 255 110 255 238 255 56 255 94 255 255 255 28 202 187 255 254
    147 255 255 86 90 113 255 255 224 255 255 255 255 255 255 255 211
    255 239 38 81 122 6 255 255 52 255 245 255 2 255 255 255 233 74 255
    255 78 255 132 255 255 255 255 220 255 118 117 255 132 255 84 136
    240 116 255 255 104 255 238 255 255 137 151 138 149 159 251 79 12 92
    107 243 255 255 255 255 161 205 255 244 255 255 175 141 255 117 249
    255 255 255 255 255 255 161 121 255 90 187 255 32 121 139 255 145
    255 191 115 255 209 255 130 255 220 46 255 201 255 193 42 233 153 64
    118 255 255 52 36 58 249 70 169 139 255 38 255 255 103 181 255 255
    10 255 255 255 255 255 215 255 66 255 255 255 255 136 131 221 255
    143 22 241 26 247 58 255 209 251 175 60 255 254 255 255 255 167 255
    123 52 255 255 255 255 234 68 249 210 255 255 255 255 255 87 213 22
    199 88 34 255 255 44 255 255 255 255 255 255 30 255 215 133 255 255
    131 255 255 73 74 255 255 159 255 255 255 255 42 241 147 255 38 175
    127 64 179 125 255 255 71 106 203 255 52 255 169 255 110 255 255 255
    36 225 255 255 255 207 255 255 255 8 255 94 255 255 209 87 175 255
    18 255 241 255 251 255 255 255 255 255 165 211 255 86 155 255 255
    255 228 255 130 255 100 140 119 255 42 255 58 255 191 255 255 123
    255 249 255 239 177 255 255 255 167 207 255 255 255 0 255 255 255
    255 128 255 109 255 241 255 255 233 255 255 0 255 255 255 255 209 62
    255 255 255 79 197 255 255 255 255 48 255 64 242 223 255 131 255 50
    240 46 143 93 223 126 255 221 255 255 255 231 255 255 255 255 255
    255 87 145 255 255 255 255 97 255 205 255 255 171 255 255 171 255
    143 255 255 255 255 255 241 34 161 255 255 255 169 229 255 96 255
    197 239 255 149 60 255 255 255 241 255 110 255 255 255 40 255 255
    255 119 255 94 255 255 255 185 255 255 255 199 189 87 255 96 255 255
    187 183 255 215 131 255 179 16 255 167 208 229 46 133 245 153 206
    255 167 250 255 205 101 255 92 242 255 255 255 255 255 222 255 255
    255 255 255 195 191 161 255 147 102 255 255 42 4 255 255 255 64 225
    255 255 255 255 255 255 109 255 28 255 213 189 255 201 64 8 255 255
    255 213 255 255 255 255 255 255 255 250 255 229 255 12 255 220 193
    255 255 255 255 255 255 128 193 197 255 255 217 255 127 165 255 244
    86 255 177 191 255 85 255 255 255 114 46 255 255 255 255 255 255 255
    205 22 8 229 255 255 255 118 255 74 28 255 167 255 255 255 255 113
    255 255 125 72 255 255 34 255 193 255 231 24 255 26 255 98 255 255
    151 255 244 16 255 157 255 255 123 255 255 255 243 2 255 255 149 255
    255 22 117 20 255 238 255 255 255 255 40 255 173 255 255 255 56 181
    255 253 255 70 255 242 255 255 193 36 110 255 183 18 255 255 255 73
    171 143 255 255 171 242 219 255 255 143 255 226 255 255 77 183 187
    24 255 255 121 167 255 24 255 12 238 255 255 255 167 255 255 6 255
    255 203 205 101 124 0 26 227 255 255 255 255 236 255 155 250 255 255
    255 255 255 64 255 255 199 181 255 73 171 28 255 118 217 137 74 255
    191 255 255 255 255 255 26 255 255 193 255 255 165 32 66 255 255 173
    175 86 62 255 88 255 255 2 255 255 179 255 50 255 0 252 177 255 246
    255 157 177 207 124 113 30 255 255 163 106 4 163 255 255 239 50 105
    183 205 12 255 80 4 255 255 240 255 225 255 255 255 157 253 255 250
    217 10 131 0 255 255 80 255 255 70 122 195 56 255 255 255 255 195
    255 255 255 173 167 255 221 255 44 32 255 255 128 255 255 255 169
    236 255 151 255 177 255 255 137 255 238 201 243 89 197 255 255 255
    255 81 255 82 255 173 255 97 76 255 177 32 145 246 231 255 255 255
    74 77 110 255 14 201 151 232 56 255 38 255 255 167 255 255 89 96 42
    6 255 66 66 255 255 171 255 255 255 255 92 255 114 255 255 255 68 18
    255 84 255 255 255 255 255 181 14 255 255 127 199 255 255 132 255
    255 195 255 255 227 255 255 255 179 2 104 255 123 255 255 220 237
    255 255 255 20 255 255 255 111 255 255 97 66 130 56 137 255 255 255
    255 255 157 173 255 145 171 12 255 255 255 255 255 165 255 16 255
    255 255 38 251 177 48 255 255 8 84 191 255 255 181 255 255 255 255
    26 4 244 58 255 71 191 255 255 247 255 255 255 255 99 255 255 255
    255 255 193 130 255 255 255 255 255 8 255 255 255 90 34 195 255 56
    255 255 101 126 74 255 255 255 69 179 233 255 134 0 52 255 255 250
    255 52 20 155 255 255 255 128 4 255 193 131 255 235 69 255 134 24
    255 255 214 157 0 87 132 255 214 163 255 255 98 253 60 189 255 218
    255 255 255 159 132 107 255 175 8 255 191 167 38 76 46 217 255 255
    62 138 255 90 255 255 255 255 119 82 66 255 255 118 149 173 255 77
    255 116 255 255 241 255 255 255 143 56 78 87 255 138 236 64 82 244
    255 255 255 126 255 255 169 255 255 173 20 155 255 255 95 30 151 255
    145 6 255 66 255 255 159 255 42 255 255 0 255 255 255 255 255 171 36
    183 255 102 90 255 128 159 255 255 140 71 12 255 252 171 255 255 255
    70 255 130 32 191 253 239 255 255 255 255 255 255 255 104 56 127 66
    34 255 255 28 255 72 255 255 167 195 12 255 255 255 255 255 139 255
    255 255 18 255 255 255 68 218 102 100 255 211 122 255 255 255 103 66
    255 255 255 255 189 255 82 64 255 255 145 64 255 143 118 255 255 183
    255 0 255 255 255 255 48 4 255 249 255 255 255 255 243 255 255 30
    255 20 132 255 255 82 253 255 255 255 183 64 173 255 255 20 255 255
    60 42 18 255 127 249 203 255 54 14 255 223 255 228 255 167 131 255
    255 255 96 255 255 92 48 222 38 255 246 54 179 255 255 26 234 255
    255 255 34 255 255 255 231 255 255 209 255 118 82 123 255 96 173 72
    255 30 255 255 255 92 106 255 255 8 199 255 187 127 255 255 255 255
    86 255 153 126 255 22 255 26 255 46 255 137 255 93 195 255 255 255
    22 81 199 219 129 255 255 28 12 130 255 255 235 242 255 187 255 223
    167 81 255 243 255 255 255 52 116 255 175 255 175 255 255 169 255
    110 237 157 34 255 255 255 255 255 64 255 255 255 255 255 137 255
    255 137 40 232 233 255 255 231 193 255 231 207 255 58 241 238 6 90
    255 10 108 56 255 255 6 255 193 187 255 255 202 153 8 255 219 255 83
    249 138 255 255 255 246 100 28 255 255 48 115 62 6 255 134 255 255
    22 8 6 38 6 36 114 165 67 253 189 255 255 255 255 255 181 255 255 14
    255 235 54 121 255 207 117 255 4 255 255 64 220 141 185 195 28 26
    255 255 255 255 201 255 255 255 44 255 255 255 127 199 255 255 255
    255 255 147 221 255 255 255 173 255 255 121 255 189 255 110 255 199
    80 213 48 139 134 255 161 203 99 84 255 115 32 102 127 197 209 220
    177 255 171 46 209 143 255 175 101 32 10 214 255 255 255 255 255 255
    205 255 255 106 255 255 141 243 255 245 255 228 112 255 46 88 249
    234 255 122 71 185 255 255 255 211 255 28 253 255 255 255 255 255
    255 255 10 255 181 255 24 165 159 187 64 253 203 255 165 128 50 255
    255 255 235 161 255 62 255 255 255 195 149 255 255 201 255 255 255
    157 255 145 90 255 255 38 247 255 112 24 115 40 195 103 255 171 255
    255 110 252 255 46 255 179 255 12 161 255 255 18 120 255 255 255 255
    185 140 85 255 255 99 255 8 255 167 201 255 46 0 171 255 255 30 255
    255 208 241 255 129 124 167 66 30 255 255 221 140 230 255 255 255
    255 255 204 40 255 255 255 66 195 80 239 255 255 255 97 255 255 255
    255 8 181 173 52 238 255 255 123 155 32 10 139 124 81 124 255 81 255
    255 244 40 209 255 255 255 232 48 72 255 163 42 71 255 255 255 255
    255 242 255 255 234 92 255 255 46 215 177 149 211 255 255 255 255
    255 199 255 155 46 255 255 108 255 14 255 255 255 255 255 100 140
    232 255 255 56 255 255 255 255 223 255 227 48 2 255 96 255 94 255
    255 255 255 255 70 18 255 255 247 255 255 80 255 255 255 255 255 120
    66 255 84 12 22 255 97 255 189 255 145 203 255 108 229 107 0 138 255
    255 58 255 255 253 248 36 92 173 255 247 238 177 255 119 255 255 252
    255 251 99 255 255 255 161 255 50 255 255 255 255 106 244 255 255 38
    255 110 255 253 255 157 255 26 252 255 255 255 66 255 255 134 255
    255 255 197 255 255 153 255 255 255 255 255 255 201 255 80 255 255
    255 255 255 255 208 255 40 255 255 195 141 173 255 255 102 171 255
    132 98 255 255 86 255 28 235 255 255 255 95 231 20 113 96 255 255
    255 52 255 255 255 255 22 183 255 255 134 151 255 255 255 161 145 28
    98 62 255 255 255 255 255 255 87 237 118 255 255 86 255 255 255 123
    70 153 255 255 255 67 255 16 62 66 255 255 255 110 255 249 255 32
    255 237 255 255 161 255 233 255 255 26 128 255 255 255 255 255 155
    255 255 255 83 205 191 255 155 2 95 255 2 40 122 66 255 24 128 240
    90 38 255 255 255 111 181 255 79 104 255 255 255 201 255 255 255 255
    255 217 255 10 219 255 255 255 230 98 102 255 225 255 125 74 44 255
    245 255 255 251 26 129 116 245 38 10 189 193 197 124 255 143 255 255
    14 163 232 60 255 26 60 255 12 255 161 254 42 191 255 255 28 255 255
    255 255 157 211 141 199 255 255 255 255 255 70 255 131 187 255 255
    255 237 163 201 201 163 255 4 66 255 40 177 255 255 255 177 26 255
    255 50 255 255 255 255 255 255 255 92 241 103 78 255 255 86 255 255
    255 255 255 74 201 255 255 120 255 159 157 255 128 255 191 255 32
    255 255 72 255 134 223 255 181 255 123 24 44 255 40 255 255 255 177
    50 92 255 212 255 8 137 20 255 135 78 203 255 255 255 255 80 255 255
    255 255 255 76 32 12 62 145 175 143 12 255 255 255 216 20 255 169
    171 255 42 56 132 12 223 54 107 16 120 255 54 255 208 255 149 255
    255 255 22 255 106 26 169 255 255 255 106 125 255 255 255 134 255
    228 255 203 64 255 40 77 255 255 255 255 255 255 221 151 255 255 255
    185 199 255 56 249 68 175 255 255 255 18 62 69 255 26 139 197 255
    255 106 255 210 165 255 255 255 255 255 255 255 250 255 134 208 50
    255 255 24 255 50 255 255 255 255 247 255 227 219 250 255 255 109
    217 100 115 249 227 255 255 255 255 255 255 255 255 255 255 255 64
    214 255 255 255 116 48 255 255 191 143 255 255 201 255 197 97 255 8
    240 255 10 32 255 247 26 179 179 255 255 255 169 175 50 255 20 255
    255 183 64 169 255 183 255 30 255 255 255 0 255 255 249 255 92 255
    255 179 255 4 165 255 30 100 255 6 255 255 255 255 255 157 255 255
    195 213 136 255 82 255 255 58 255 255 253 124 255 255 132 123 255
    112 153 255 6 252 255 255 255 54 173 255 255 255 255 255 74 255 239
    62 255 46 159 177 130 60 26 255 187 255 253 255 255 255 171 210 255
    251 255 255 255 139 159 255 12 255 62 255 24 251 255 255 82 255 255
    255 238 197 255 0 255 255 255 255 20 111 255 255 255 255 183 137 0
    102 255 255 255 255 32 255 255 247 90 10 255 114 255 76 255 255 112
    255 255 10 255 129 255 255 99 255 209 255 255 225 54 255 104 255 247
    255 255 255 157 123 255 255 139 155 136 83 255 134 127 207 255 255
    128 213 255 255 143 173 255 100 2 255 157 34 255 255 255 255 46 50
    255 153 153 255 255 255 255 255 151 227 38 255 255 179 255 255 219
    157 120 255 255 110 149 24 255 80 0 255 255 255 255 255 255 149 255
    246 110 181 255 215 255 165 255 60 139 255 217 255 243 193 255 255
    255 255 255 175 71 255 255 173 255 193 255 255 185 255 255 20 208
    255 185 255 255 0 135 100 255 206 237 255 255 52 251 224 139 255 50
    76 219 212 255 255 101 255 100 131 255 116 255 255 70 145 102 132 36
    225 84 255 255 211 255 255 98 255 34 227 255 255 235 255 209 255 30
    255 255 163 78 255 234 255 255 165 255 4 255 255 209 255 255 245 255
    255 255 93 255 255 99 255 255 255 255 255 255 255 227 255 255 199
    255 22 80 210 207 110 255 197 74 38 255 70 75 10 255 255 169 94 255
    217 201 54 130 40 255 255 46 255 255 255 14 213 50 24 255 231 153 42
    255 69 191 255 199 181 177 199 255 255 255 255 38 4 255 239 161 255
    249 255 74 255 255 255 255 255 187 255 177 255 255 77 76 245 255 141
    255 255 255 255 105 255 255 255 255 255 44 209 177 255 255 255 242
    255 211 255 38 223 195 255 255 255 255 112 56 255 62 145 255 255 255
    106 8 244 255 255 4 181 189 125 181 255 255 255 229 255 221 233 255
    159 255 206 255 255 255 44 98 255 255 187 64 255 209 255 114 255 255
    191 255 34 255 92 6 255 255 67 243 255 255 255 14 255 255 149 79 255
    64 191 20 255 255 255 255 255 255 255 255 171 255 153 255 64 255 98
    255 224 22 255 255 219 255 255 255 255 255 52 26 255 255 255 183 151
    149 201 255 255 255 116 255 32 255 255 97 90 86 183 203 241 197 255
    4 208 255 223 40 106 255 255 199 231 255 20 255 255 213 26 255 255
    173 255 255 241 255 241 255 179 255 255 83 255 199 255 139 255 255
    255 171 255 74 177 255 40 155 133 0 255 48 255 255 34 255 255 255
    227 32 133 120 78 255 255 159 137 255 74 255 255 255 255 255 134 109
    185 255 255 76 255 255 143 255 255 243 255 189 255 255 255 104 122
    123 110 255 83 255 153 255 26 255 255 197 255 179 255 78 52 255 255
    56 70 255 255 10 161 167 134 255 255 48 149 255 201 255 224 30 40
    255 128 255 255 255 219 255 235 255 255 255 255 71 213 34 255 211
    165 255 241 70 167 159 245 34 255 118 255 6 255 131 255 255 255 255
    227 24 255 62 255 38 211 255 145 245 255 255 255 143 177 255 255 255
    147 255 251 116 230 149 0 119 255 78 36 193 255 255 255 12 46 2 255
    30 255 62 255 237 255 123 255 84 135 56 255 143 255 239 255 116 255
    255 60 231 141 255 187 214 255 28 153 213 255 255 255 181 69 255 255
    255 255 32 179 104 255 255 231 255 179 255 255 255 255 255 208 26 38
    232 132 86 185 255 255 255 70 233 255 130 255 58 4 215 255 189 56
    197 54 255 255 118 173 255 255 88 54 255 201 195 255 243 255 159 255
    169 255 255 255 255 255 255 255 255 255 14 0 141 255 82 255 255 169
    255 255 56 255 255 245 255 255 74 93 92 255 85 64 255 89 72 153 255
    255 165 255 255 233 244 255 22 255 255 255 64 10 255 123 255 255 206
    255 255 255 255 255 143 255 235 66 253 255 38 255 255 151 64 114 197
    255 177 255 64 237 255 255 62 255 126 255 177 255 94 255 255 255 255
    255 255 87 187 100 255 185 255 81 255 209 255 255 78 36 82 255 255
    255 255 255 245 255 255 255 251 255 255 255 255 255 255 113 175 108
    179 255 46 255 255 255 30 16 255 123 229 255 151 255 255 171 255 255
    255 255 255 99 10 8 255 255 255 56 130 255 77 255 255 167 255 132
    255 255 205 255 255 255 255 171 60 143 10 24 117 243 255 255 60 255
    240 255 255 255 255 255 113 255 255 62 255 251 255 255 255 2 130 104
    16 255 255 255 38 185 255 231 102 20 229 62 255 255 116 255 255 104
    255 225 255 255 130 255 62 255 255 22 255 255 67 151 161 255 255 199
    255 42 249 75 185 30 255 255 126 255 245 255 255 149 239 255 241 255
    255 255 255 175 255 255 201 255 255 6 74 255 252 255 143 224 213 255
    32 255 255 2 82 255 238 203 255 255 255 193 255 153 217 255 76 102
    255 255 255 123 255 153 69 52 183 255 255 34 255 255 255 252 179 255
    255 255 255 42 149 255 255 203 243 6 22 136 255 219 4 191 96 255 255
    255 30 255 255 147 117 255 118 255 255 211 255 68 104 109 181 255
    255 90 130 255 255 108 177 149 96 255 245 255 226 90 255 255 255 255
    119 134 171 255 255 118 199 231 255 111 52 255 255 221 197 28 255 54
    105 255 2 255 255 207 255 255 255 255 54 6 255 110 255 83 6 16 85
    255 151 244 36 209 255 68 255 255 60 255 204 0 255 58 255 255 218
    255 255 169 116 217 255 193 255 189 56 255 255 251 255 187 255 255
    255 255 255 255 145 165 255 255 255 81 6 140 173 128 56 60 255 255
    145 247 145 189 255 86 255 179 100 123 201 255 255 255 126 101 199
    102 171 255 136 255 153 255 248 255 179 105 247 255 121 163 221 99
    36 255 255 255 32 255 255 203 187 255 147 255 255 255 52 171 255 255
    255 36 255 255 255 254 255 181 255 179 255 255 255 255 255 60 78 255
    30 8 95 255 233 167 70 255 117 187 54 255 155 255 255 255 255 255
    255 255 255 255 255 255 108 86 255 243 255 56 167 255 22 255 76 255
    189 134 137 28 46 177 255 255 255 2 255 255 50 229 135 132 12 6 56
    90 127 78 0 204 255 255 255 255 255 56 255 255 255 255 255 171 235
    213 169 130 255 255 255 233 255 26 199 181 255 255 255 255 143 255
    94 223 255 185 52 236 255 255 255 108 223 255 0 255 255 255 241 255
    255 255 212 255 179 255 255 255 255 207 175 137 215 255 255 255 255
    255 44 255 48 46 28 255 92 175 42 139 255 56 255 255 255 193 201 255
    28 34 46 12 203 42 42 231 254 255 255 255 223 255 255 179 128 149
    255 255 255 255 6 111 255 161 119 255 8 255 199 201 255 235 26 255
    255 255 64 255 255 255 201 161 255 229 255 255 80 255 255 0 84 173
    255 255 255 139 149 255 255 255 255 237 255 183 255 255 255 255 80
    157 149 255 62 255 255 255 255 255 163 255 255 79 58 235 173 185 209
    255 243 255 255 197 8 255 8 255 255 46 207 255 165 239 255 255 255
    255 255 151 255 255 255 107 221 255 255 255 219 255 255 255 255 255
    255 255 255 235 50 255 136 145 255 56 234 169 100 255 44 28 232 255
    227 151 245 255 255 255 255 246 36 255 255 46 255 226 255 255 255 16
    54 26 6 88 255 34 74 159 255 66 191 255 255 255 0 247 2 243 98 255
    179 179 127 124 50 255 18 149 230 209 255 255 255 255 255 157 255
    255 255 217 255 74 255 56 255 255 183 22 82 236 102 255 255 153 102
    201 159 255 75 255 82 22 255 255 255 139 255 145 255 255 4 42 181
    189 26 255 8 155 255 255 255 173 255 139 255 151 189 255 163 110 4
    137 241 4 71 46 255 255 255 255 222 255 223 58 34 255 226 58 255 255
    255 255 255 255 249 66 255 58 255 255 231 155 94 72 91 66 108 165
    225 255 179 24 16 42 108 219 255 2 100 77 18 255 255 241 255 255 159
    255 255 116 199 40 137 255 255 255 255 10 255 227 107 153 255 255
    255 255 197 255 0 185 255 255 46 227 253 255 145 165 201 126 64 141
    4 145 214 2 255 220 255 255 206 106 255 52 255 255 240 253 40 75 255
    255 255 255 100 255 187 255 255 255 14 255 255 255 123 40 205 255
    255 255 250 54 4 255 223 255 135 255 28 44 24 153 255 255 255 121
    255 255 255 255 62 255 255 213 255 255 10 6 6 171 255 36 219 255 201
    191 255 255 134 248 199 215 255 255 255 10 255 98 255 243 138 10 255
    207 255 223 112 255 255 255 255 137 255 255 251 255 71 255 215 255
    132 191 135 255 157 255 255 255 125 165 255 77 50 255 255 255 110
    255 255 255 255 2 195 210 255 203 14 255 255 155 110 255 255 199 255
    255 255 255 255 145 58 255 255 52 255 64 255 255 18 255 255 124 78
    255 223 255 255 255 255 255 50 255 149 100 255 163 163 255 242 151
    255 255 96 255 161 161 58 255 255 255 255 255 255 255 20 255 246 137
    94 255 223 255 250 177 255 161 255 126 91 155 161 255 255 255 20 251
    12 125 255 255 131 255 255 50 255 255 137 68 197 255 255 255 111 215
    18 255 183 185 255 219 255 255 255 181 119 255 68 113 255 140 232
    255 122 255 255 255 226 255 54 210 90 255 255 195 255 161 255 114
    246 255 195 255 255 104 255 255 255 255 255 165 255 116 52 69 255
    251 255 255 52 64 255 199 161 56 54 93 255 205 255 70 161 255 255
    227 255 255 255 255 255 255 255 255 205 30 191 255 151 253 26 255
    110 253 255 145 255 224 255 255 95 179 255 50 255 120 255 94 255 161
    255 255 255 255 88 255 137 255 36 255 165 255 42 255 255 10 255 255
    255 255 255 255 48 255 173 255 163 16 88 109 255 255 151 255 149 133
    193 255 179 106 255 83 143 56 255 255 98 8 106 209 255 255 56 255
    255 86 255 255 112 77 56 14 97 114 255 255 255 110 199 86 211 255
    137 8 204 46 255 255 255 165 255 255 173 255 8 66 103 255 181 185
    255 255 230 255 255 255 120 60 242 96 16 255 255 255 208 120 203 62
    22 255 255 255 6 255 255 34 26 8 255 161 155 213 115 70 16 255 255
    14 151 173 143 255 207 74 149 255 189 255 255 255 195 255 70 117 255
    163 255 255 203 0 96 90 95 255 255 79 255 145 151 24 8 255 243 255
    255 255 169 255 36 255 8 22 181 103 255 255 255 185 72 255 223 255
    201 16 255 107 255 171 255 137 155 22 255 255 141 88 255 255 255 245
    255 58 255 40 255 255 255 255 147 16 255 255 119 247 255 255 4 255
    195 255 255 204 157 243 105 255 255 255 255 255 216 36 255 246 12
    255 66 255 100 255 255 6 232 46 102 255 255 255 255 255 255 204 255
    74 255 201 50 208 22 255 255 255 255 107 255 120 255 175 255 255 255
    149 255 255 112 169 255 255 137 86 255 255 165 255 255 84 241 67 255
    255 255 183 134 255 255 255 99 229 197 42 255 255 159 213 255 255
    255 255 255 255 14 255 30 193 234 126 255 255 145 169 255 255 255
    129 38 255 255 12 205 232 193 193 234 209 255 255 185 10 185 48 179
    60 60 72 255 255 225 255 255 235 255 233 173 255 255 255 255 255 223
    255 255 203 52 120 130 255 96 255 255 130 40 255 255 255 167 68 255
    163 30 122 228 255 255 255 106 255 255 255 40 181 225 233 187 153
    255 255 255 4 117 221 32 210 4 255 159 255 255 255 92 255 255 255
    143 26 209 70 167 139 255 191 231 255 255 155 255 222 255 255 103
    255 56 255 122 255 255 255 130 34 90 219 197 12 179 255 255 114 91
    255 255 255 255 255 255 134 118 143 94 215 255 255 255 255 255 211
    255 205 92 222 118 44 214 163 255 208 62 16 197 255 128 255 157 16
    89 255 209 255 255 104 56 255 72 10 100 100 32 233 157 137 173 255
    255 153 255 246 26 169 255 229 255 109 255 255 52 255 255 255 255
    189 201 239 255 6 255 255 173 82 255 255 247 255 183 255 255 255 255
    116 83 255 98 133 255 255 147 255 255 255 253 20 127 255 213 113 161
    255 255 255 255 228 255 227 246 255 255 255 255 128 255 221 255 161
    255 255 20 213 255 255 18 215 255 255 40 255 255 112 115 132 221 255
    255 255 40 14 255 109 66 82 255 255 0 255 255 96 255 255 255 191 255
    136 131 24 26 151 110 255 173 118 255 62 255 4 255 44 138 255 28 255
    255 255 48 101 255 159 212 92 255 255 201 255 191 255 255 85 223 187
    255 255 255 255 78 193 255 169 221 83 169 255 255 255 255 255 255
    140 255 2 185 255 147 255 255 255 255 10 255 255 255 255 255 255 62
    157 255 255 229 255 203 255 255 155 255 224 255 143 38 255 255 255
    255 108 255 108 255 255 219 46 163 255 223 255 255 255 255 255 255
    255 255 255 255 255 70 10 255 255 255 255 255 255 161 16 44 151 255
    255 145 255 255 255 173 12 0 62 67 104 255 10 241 255 255 255 255
    255 128 120 255 193 255 255 92 247 179 255 60 255 255 151 202 255 16
    255 255 138 111 159 255 255 255 255 141 255 255 255 20 255 255 255
    239 93 255 16 220 38 215 6 197 255 147 255 167 224 171 255 185 84
    255 173 161 179 255 116 2 206 255 255 46 255 255 66 255 26 85 48 255
    255 118 22 206 223 199 255 66 50 230 74 255 255 255 22 187 255 255
    255 255 255 255 255 155 14 255 72 40 231 225 91 96 255 255 68 255
    199 52 255 101 118 243 255 189 255 66 90 153 40 46 78 255 255 110
    123 255 255 255 197 255 255 203 16 183 255 60 232 191 100 153 255
    255 255 229 249 4 90 255 60 114 203 255 34 255 255 255 255 255 199
    235 34 38 82 216 247 10 255 255 255 255 104 40 255 255 126 255 126
    181 255 110 255 255 249 255 255 255 255 109 193 140 255 249 255 250
    255 100 187 112 255 255 114 104 255 106 255 255 4 62 255 255 255 56
    255 18 89 205 255 79 255 18 255 255 213 101 255 70 236 94 191 255 66
    239 255 255 143 0 120 175 255 215 255 255 201 38 255 255 138 255 251
    255 255 211 255 133 34 159 167 255 219 117 255 88 255 255 255 97 40
    215 255 255 48 255 255 255 255 255 171 125 106 185 255 255 136 2 255
    255 255 255 88 91 255 255 26 255 255 0 122 171 255 217 255 255 255
    255 255 255 171 48 255 255 255 255 255 250 24 255 71 30 54 135 255
    66 255 255 167 255 82 255 255 255 255 240 255 187 255 255 86 255 255
    255 175 183 227 255 255 255 255 255 255 255 255 255 255 255 255 255
    255 255 214 255 255 255 88 98 255 22 30 255 255 32 121 255 145 255
    255 255 255 106 255 89 128 255 255 100 255 255 255 255 24 26 249 255
    255 255 73 255 104 255 12 255 212 255 255 255 255 58 107 221 255 111
    255 255 85 255 255 40 255 16 230 247 255 255 235 211 255 255 86 201
    255 255 255 34 245 127 255 183 255 255 42 250 18 255 255 26 100 50
    38 255 255 255 175 255 255 126 255 255 255 195 112 151 8 255 255 197
    255 78 255 197 255 255 36 48 64 219 183 123 126 255 255 255 255 255
    233 255 255 255 255 56 193 138 255 153 185 255 130 82 107 255 211 97
    255 255 87 32 0 62 90 255 255 221 223 193 255 255 255 255 46 32 255
    255 238 255 6 95 114 0 255 255 255 255 56 66 255 209 88 52 255 82
    255 50 165 75 255 255 255 255 255 255 255 255 255 104 36 255 255 255
    255 255 255 141 255 64 255 255 255 117 255 211 255 255 255 242 116
    255 111 255 255 255 255 255 255 132 255 16 255 255 255 22 255 105
    255 122 210 255 66 255 74 197 255 231 116 255 90 213 255 223 255 202
    255 255 117 128 207 12 255 22 255 255 72 255 141 255 240 84 8 255 68
    114 62 42 251 187 255 255 44 255 52 255 255 255 255 14 104 255 151
    255 234 255 149 18 58 112 155 255 255 56 255 0 220 243 203 67 169
    255 58 2 102 66 255 187 255 74 40 255 112 255 255 173 255 143 255
    255 155 255 255 169 255 74 193 255 255 81 255 255 107 44 255 255 6
    255 228 255 255 218 255 255 216 118 56 127 255 255 230 227 255 255
    56 255 191 255 255 36 197 255 202 219 155 173 223 249 195 8 76 208
    255 255 255 151 255 244 187 255 34 255 255 147 151 229 255 255 52
    255 255 134 255 255 235 42 255 255 161 255 179 255 255 255 255 114
    62 238 255 255 255 181 255 125 255 255 244 84 120 119 74 197 255 16
    255 173 116 255 255 255 155 24 44 209 255 255 255 255 193 255 255
    241 255 4 10 255 111 255 255 255 151 255 149 122 255 255 255 255 189
    2 44 167 255 255 255 255 245 255 130 82 255 82 110 255 0 245 234 46
    255 255 255 255 255 255 255 159 255 255 255 54 197 255 255 207 255
    68 78 255 255 88 255 255 255 255 255 255 255 88 255 129 255 255 234
    255 255 60 255 124 255 179 255 206 116 255 255 255 255 255 88 255
    149 201 255 66 137 46 111 175 255 185 255 255 173 130 239 255 255 98
    255 112 120 255 70 215 255 2 255 8 255 249 255 241 118 255 159 217
    67 255 255 255 181 189 42 255 108 52 52 48 255 255 177 226 255 36
    141 153 255 244 82 255 255 54 255 91 255 151 67 193 173 255 122 181
    255 255 241 255 118 255 224 211 255 255 36 255 255 231 223 121 185
    197 255 255 255 255 255 173 179 255 20 255 243 255 46 54 255 224 8
    34 214 181 255 165 56 255 141 255 165 255 255 255 36 80 255 175 255
    255 255 255 132 195 255 90 255 255 231 197 255 28 107 255 255 255 48
    16 115 255 219 129 255 181 255 255 84 255 255 241 232 20 255 131 255
    255 48 247 255 255 169 215 255 255 94 255 255 255 129 255 153 109
    169 255 246 177 183 50 255 255 131 255 255 255 12 255 255 46 255 255
    24 255 255 255 255 255 255 255 42 128 255 255 193 181 255 255 147
    255 255 110 216 233 235 153 255 255 255 255 255 255 255 255 135 255
    255 121 149 70 73 145 255 109 153 255 40 247 255 255 255 112 255 157
    255 255 255 24 195 179 255 255 255 255 234 255 255 193 145 255 255
    76 157 255 255 126 255 219 255 255 211 255 103 255 134 145 100 36 36
    60 211 255 46 183 255 108 255 242 120 255 255 255 255 255 255 255 46
    159 255 125 255 169 255 90 255 255 255 255 153 199 36 201 237 159 32
    255 223 255 213 255 255 255 100 232 255 203 111 255 161 255 255 243
    255 255 255 85 255 255 255 54 78 255 181 255 202 4 205 71 255 255
    151 16 171 163 255 255 83 255 155 165 161 159 255 143 255 255 149
    255 255 223 255 97 255 255 16 106 143 103 124 191 212 155 255 255
    255 124 56 255 8 255 255 255 244 255 219 255 255 94 64 42 255 255
    255 124 66 30 255 255 255 213 255 255 44 191 255 255 232 171 181 255
    255 46 255 108 255 113 255 4 255 32 255 255 106 255 24 255 255 167
    255 255 139 255 90 255 163 118 147 88 213 255 112 48 4 255 94 99 14
    255 226 211 255 255 14 215 38 116 255 2 28 255 246 255 243 255 255
    255 93 62 126 204 255 255 0 137 255 255 255 255 254 255 40 181 255
    255 38 52 179 226 0 42 248 255 219 228 255 10 107 255 209 131 221
    255 255 193 255 101 36 255 143 255 255 255 255 255 171 255 255 30
    255 98 212 32 255 242 255 255 255 141 255 4 255 255 8 50 255 255 241
    255 255 255 126 255 120 255 255 255 147 255 255 255 193 155 6 73 255
    255 133 255 241 255 22 255 117 255 255 40 233 32 255 195 255 255</data></your_img>
</opencv_storage>
