<?xml version="1.0"?>
<opencv_storage>
<L2_diff>1.0439534376589791e+04</L2_diff>
<test_img type_id="opencv-matrix">
  <rows>100</rows>
  <cols>100</cols>
  <dt>"3u"</dt>
  <data>
    242 76 93 161 128 95 18 215 237 145 160 158 128 103 150 156 64 95 57
    90 92 242 171 190 228 246 146 13 198 153 57 184 84 79 155 45 178 255
    15 112 171 146 137 25 173 26 216 95 148 138 24 146 226 186 233 9 163
    165 176 65 196 98 174 149 0 12 241 182 128 119 52 226 184 250 41 58
    97 201 59 80 130 114 124 0 235 135 240 144 236 221 66 201 39 214 15
    130 212 14 51 115 245 27 6 195 17 211 13 164 179 6 119 231 85 127 96
    191 166 118 98 89 160 178 41 78 1 95 194 121 149 216 95 145 203 134
    61 217 146 157 117 168 120 2 31 26 116 39 14 130 169 232 175 188 158
    91 141 221 217 207 206 164 187 213 179 159 80 210 131 41 56 233 8
    118 110 191 147 219 21 224 84 213 147 95 17 122 62 160 175 56 131 74
    117 23 129 190 154 187 41 195 53 28 208 214 149 89 85 229 119 234
    243 42 41 165 223 218 98 60 89 144 138 27 51 198 177 161 149 132 217
    89 33 14 60 54 5 72 15 33 165 90 69 249 195 86 109 213 238 180 136
    210 211 223 215 252 156 231 18 165 222 27 226 214 143 32 81 97 92
    210 83 136 192 123 162 0 168 10 167 212 173 242 154 71 117 219 175
    214 127 167 247 3 229 44 227 253 176 53 112 173 126 25 168 215 165
    94 158 108 241 191 132 112 25 3 13 217 30 64 248 234 88 116 90 216
    140 63 9 52 36 210 48 177 96 249 125 150 227 8 207 162 172 110 82 22
    68 183 57 58 203 214 129 167 50 57 142 125 202 211 105 13 224 65 128
    187 39 10 158 47 113 39 133 247 144 33 112 132 92 71 210 59 241 200
    224 215 111 145 206 129 213 209 247 23 68 210 30 63 49 133 126 24
    157 163 183 94 198 188 213 42 18 76 237 244 191 152 167 167 78 91 33
    233 32 154 98 172 26 111 102 173 72 153 135 145 188 255 112 64 130
    22 179 211 143 147 46 63 93 249 92 32 125 120 56 235 218 32 242 228
    34 137 232 189 80 193 126 229 171 199 141 198 238 139 97 63 111 4 9
    243 107 74 216 215 183 50 60 247 249 185 78 132 82 23 5 137 237 165
    178 255 28 254 86 5 185 33 131 122 223 116 222 8 12 44 145 161 221
    15 66 243 136 185 198 168 12 18 223 197 103 166 79 179 244 108 176
    73 181 44 244 248 139 230 211 198 36 242 13 12 209 227 217 20 214 55
    188 167 190 46 212 120 185 43 199 249 120 184 98 55 177 103 240 238
    87 217 193 127 115 48 188 160 44 202 70 222 38 5 165 11 193 130 85
    49 165 125 177 47 62 197 247 115 69 111 118 33 157 197 23 198 4 116
    111 200 20 40 76 27 37 230 194 131 147 213 48 26 162 159 114 95 97
    173 121 96 145 245 58 210 228 109 129 71 164 162 134 143 97 221 218
    215 1 32 54 16 223 27 14 58 79 198 237 172 4 87 183 66 175 27 125
    115 16 227 90 125 233 217 73 220 238 179 13 252 203 39 78 210 31 190
    209 215 91 51 72 40 217 210 91 27 149 18 151 214 66 19 73 211 198
    194 162 0 30 73 75 131 41 74 55 77 193 49 63 221 220 66 21 150 240
    176 95 128 113 123 195 161 9 2 171 63 160 252 139 115 240 43 71 15
    66 192 225 222 145 195 57 81 178 152 179 243 12 223 162 75 223 173
    228 96 34 138 101 83 135 17 182 210 87 232 251 12 180 69 110 46 33
    149 38 9 234 232 82 31 165 59 197 83 154 54 192 47 190 127 193 35 24
    127 5 232 35 141 241 217 154 210 159 113 129 191 237 21 90 84 70 83
    7 217 199 122 131 239 53 150 11 5 8 10 216 228 161 245 45 185 180
    206 81 74 240 14 0 124 129 12 233 82 127 34 238 224 128 193 75 182
    10 114 104 227 3 217 106 183 70 32 91 168 56 65 33 68 3 43 143 117
    215 236 7 181 199 50 207 37 51 113 64 145 205 58 130 0 185 247 32
    255 111 129 27 230 33 23 217 249 120 73 175 62 46 114 18 131 92 148
    251 38 116 178 241 241 63 51 205 91 107 106 244 127 215 13 14 182 36
    37 228 183 180 16 173 29 77 207 214 68 67 225 72 123 239 217 51 154
    48 17 172 180 106 165 182 233 8 225 99 215 236 176 135 13 33 68 170
    251 79 57 61 118 89 12 10 226 206 124 186 107 238 61 112 117 198 202
    94 52 201 77 186 220 224 144 155 186 88 107 69 240 67 34 214 154 165
    253 24 27 61 127 209 146 188 122 173 66 246 204 224 147 255 180 61
    183 12 19 143 153 40 238 253 69 76 154 149 206 64 190 22 201 182 66
    138 64 207 207 252 122 181 22 196 124 46 63 63 26 82 28 54 17 33 150
    178 26 179 78 216 21 181 233 210 96 254 20 88 73 176 87 245 133 67
    250 237 119 196 135 119 183 15 86 180 33 129 98 237 117 212 199 203
    190 191 244 195 65 2 20 83 85 216 171 63 146 70 218 214 50 117 125
    217 39 145 223 26 19 36 94 213 198 253 92 32 101 131 103 76 50 74 24
    81 70 110 9 140 246 252 224 95 239 210 242 216 218 92 217 46 140 226
    108 191 9 41 191 35 172 246 45 221 88 48 46 225 71 54 163 164 23 20
    51 138 87 142 19 0 230 231 59 102 184 247 177 10 34 46 43 215 61 1
    68 111 241 190 204 219 101 22 11 165 87 180 23 236 172 75 31 173 152
    228 193 1 237 228 66 54 27 221 43 237 71 81 123 0 133 217 181 99 120
    131 107 152 188 101 67 131 33 146 11 238 54 67 95 51 157 168 214 153
    144 78 11 206 79 204 112 214 176 128 169 150 133 117 165 106 221 136
    189 124 117 129 34 89 15 205 42 128 249 78 25 228 126 147 23 214 230
    123 40 180 127 162 180 206 166 73 218 161 83 62 78 117 237 18 137 50
    70 60 192 173 90 186 12 247 110 85 51 71 137 96 174 39 75 28 231 186
    182 220 231 113 179 43 113 115 239 191 211 221 46 36 66 193 169 66 1
    111 178 226 210 173 201 101 90 253 155 10 235 71 236 168 27 110 41
    94 57 119 166 151 132 38 242 54 74 93 229 183 13 115 135 188 120 64
    79 89 106 210 96 247 166 25 216 233 218 62 25 196 3 2 180 246 21 64
    181 100 131 23 67 19 196 25 156 197 101 145 249 95 197 227 116 162
    24 157 50 207 52 225 43 49 213 61 134 120 79 120 65 94 166 35 102
    152 156 89 7 101 185 130 29 139 238 200 51 158 4 236 50 190 193 26
    168 173 75 27 217 16 103 235 227 165 105 133 159 101 106 176 135 214
    244 148 39 87 210 190 58 142 246 150 72 0 243 39 173 21 182 236 73
    12 207 189 60 183 88 31 162 239 38 120 204 182 116 199 45 128 247
    253 186 220 185 134 153 51 171 155 171 152 240 182 5 125 121 1 20 49
    185 87 93 181 144 128 176 44 190 10 236 211 177 242 119 111 101 17
    154 188 178 137 177 126 175 42 225 164 239 179 57 8 227 104 138 18
    144 209 206 255 119 140 137 29 134 51 10 42 151 101 241 48 150 167
    164 180 157 134 157 120 227 53 5 137 180 91 222 253 134 42 81 94 2
    192 197 79 189 65 238 34 235 250 152 19 3 36 183 118 108 158 210 77
    26 196 48 141 109 5 155 29 219 144 228 145 106 219 140 1 41 28 234
    196 108 203 160 225 74 67 122 109 209 225 205 168 203 49 247 170 169
    177 143 210 208 24 178 225 14 191 236 23 187 74 112 236 232 129 129
    76 144 30 171 175 241 72 33 89 24 81 42 112 70 195 89 74 26 119 4
    233 10 19 187 155 4 162 23 175 227 169 147 80 96 171 30 161 215 209
    59 162 76 242 162 0 189 249 22 232 116 219 154 129 232 39 134 53 233
    98 114 8 124 47 246 211 20 182 175 83 94 210 189 52 174 130 13 158
    181 87 7 82 35 165 3 146 224 104 41 248 28 104 228 17 228 116 184
    182 229 111 222 45 68 221 128 226 138 200 208 46 21 31 80 119 150 47
    183 208 216 6 44 120 93 240 234 113 151 194 140 1 164 204 96 24 40
    41 200 160 15 227 55 168 234 98 152 51 240 37 234 156 169 177 233
    181 174 250 149 131 203 131 6 21 152 134 199 237 89 142 163 230 244
    36 235 104 233 90 45 96 92 110 2 201 8 164 173 112 150 160 27 110 23
    101 92 62 221 222 34 190 109 30 104 22 76 51 9 241 188 206 160 78
    141 95 59 44 199 130 55 24 16 137 155 139 88 80 128 236 128 105 30
    105 232 123 211 185 107 12 53 175 38 192 103 198 90 249 156 162 243
    45 27 92 152 25 82 112 198 234 211 8 48 22 183 79 225 232 26 233 45
    54 200 23 42 78 228 41 153 35 139 240 22 26 122 87 165 224 135 71
    156 135 157 204 212 247 89 174 148 239 241 189 117 235 151 249 175
    217 249 129 226 38 11 191 123 36 33 198 32 25 238 105 102 133 5 38
    231 138 160 169 82 133 180 209 229 113 71 228 167 207 139 54 194 109
    58 242 64 66 93 54 235 234 231 104 88 220 116 117 172 72 41 167 96
    165 241 114 251 247 29 69 243 78 77 232 17 212 255 135 242 124 194
    233 28 250 89 11 111 227 206 204 42 201 91 141 29 60 82 252 73 123
    172 20 241 47 15 134 75 72 125 116 249 187 78 244 168 216 1 233 141
    50 28 207 254 251 76 233 245 170 205 190 228 196 172 73 244 88 6 190
    74 114 35 108 36 72 16 119 175 218 65 252 202 120 170 30 138 23 179
    125 57 6 204 195 187 231 75 198 74 127 119 6 199 56 101 58 255 137
    39 52 119 133 74 138 61 115 98 139 132 134 134 126 242 47 236 120
    210 27 4 199 142 11 220 26 129 159 255 77 199 239 117 57 96 69 241
    239 73 80 153 247 66 130 173 88 224 112 126 126 242 19 181 243 218
    44 1 95 175 209 93 80 85 135 242 233 161 241 168 225 149 147 134 119
    199 236 210 58 27 44 175 94 25 16 150 172 113 112 14 80 181 50 55
    129 134 201 240 132 238 40 158 52 54 209 125 91 10 77 34 58 108 106
    80 135 200 139 63 107 12 54 249 108 3 222 150 246 246 60 41 238 53
    185 216 127 106 166 20 161 91 25 57 103 43 18 162 30 59 54 9 100 164
    134 142 22 233 95 0 99 86 130 81 107 170 57 193 121 123 135 192 195
    82 49 64 15 144 158 149 188 26 216 99 206 102 34 190 193 192 157 248
    39 146 147 215 66 44 248 45 226 150 25 106 144 23 139 72 35 171 222
    82 125 237 214 164 135 216 91 104 1 177 100 73 199 29 212 186 107
    214 241 182 129 128 222 204 12 124 137 85 249 194 245 111 211 70 57
    240 234 42 31 203 200 34 89 37 164 48 31 2 125 235 154 33 128 71 240
    70 65 177 31 106 97 101 146 66 92 115 180 136 150 99 219 227 232 142
    143 20 174 64 236 25 134 250 255 238 15 229 254 227 188 231 253 72
    46 35 228 14 4 53 158 77 36 80 27 49 186 136 47 95 159 227 31 31 48
    255 179 244 69 33 182 149 223 241 64 61 175 49 33 161 212 178 249 30
    235 5 85 196 218 172 122 199 32 9 172 179 16 247 143 140 80 252 85
    37 71 16 237 213 206 162 59 246 234 165 110 30 204 182 216 109 180
    193 222 210 241 80 109 215 118 94 93 224 68 144 30 63 242 239 73 131
    39 50 113 114 245 44 186 221 73 127 237 127 0 118 122 185 63 92 120
    32 171 134 189 63 58 7 13 180 6 25 99 71 25 128 159 195 57 89 37 86
    65 123 176 185 126 118 23 33 152 76 208 74 78 178 64 179 115 113 57
    191 126 246 61 176 241 89 47 75 163 96 216 132 61 76 216 214 164 19
    196 101 156 236 243 82 191 183 26 79 204 225 139 252 38 46 178 115
    90 138 14 141 213 119 105 206 127 16 170 55 220 9 112 208 246 254 78
    59 95 61 89 182 23 89 28 254 219 249 11 201 37 213 102 23 57 4 130
    189 18 159 110 7 27 13 9 95 65 245 69 159 58 4 187 245 176 205 169
    192 15 29 199 61 44 35 137 211 197 147 177 207 90 47 177 203 184 27
    201 26 120 82 97 169 101 21 51 230 80 29 96 127 123 145 1 187 34 230
    27 90 255 245 203 150 161 143 59 173 33 204 184 175 27 84 68 48 68
    66 61 212 159 7 143 88 151 174 121 123 190 179 78 118 69 243 19 210
    245 184 143 20 108 80 38 10 185 58 29 181 125 119 56 22 8 43 206 227
    143 250 53 13 36 56 26 114 136 173 103 86 75 6 70 91 251 20 106 45
    114 82 137 118 116 81 87 162 13 108 103 250 181 8 115 147 18 135 57
    174 126 47 229 73 85 115 70 237 81 178 237 132 6 74 68 93 231 100
    172 149 159 133 11 123 74 198 100 190 198 253 37 92 73 64 250 70 178
    92 245 111 70 118 16 199 58 27 45 124 232 186 153 239 148 118 203 6
    96 30 146 105 83 25 171 33 120 199 70 133 90 73 21 11 187 60 150 104
    228 13 31 84 44 39 29 252 92 117 176 180 64 212 101 66 134 185 6 228
    153 39 95 58 147 176 205 231 26 97 25 174 94 129 185 147 87 25 60 17
    135 235 206 253 71 229 25 190 13 182 69 155 138 75 171 35 251 75 111
    128 240 206 22 12 15 132 134 52 89 12 189 37 213 55 255 9 104 9 147
    80 211 77 171 28 182 7 217 58 192 187 12 140 37 103 107 210 164 89
    255 130 42 18 12 153 0 194 220 76 199 42 15 178 198 132 164 107 203
    137 42 253 175 234 73 80 188 188 53 247 242 143 53 80 39 122 9 165
    47 154 252 65 90 62 25 93 147 73 60 46 96 58 67 252 191 65 169 100
    38 5 170 152 25 137 122 234 73 193 127 187 136 139 20 231 137 59 13
    197 250 108 86 15 239 139 32 198 28 106 19 90 80 143 207 3 140 165
    144 134 219 159 209 146 149 97 100 206 17 220 178 203 191 132 106
    136 121 193 7 254 80 81 47 69 189 134 81 121 145 82 228 199 48 81 45
    90 98 106 209 72 133 72 226 73 246 42 58 92 34 81 18 67 241 128 228
    244 119 150 35 99 137 229 86 223 58 248 2 233 106 155 245 94 125 162
    188 129 159 33 13 117 60 170 115 114 110 142 159 169 244 125 94 96
    102 217 238 81 138 86 244 62 121 107 108 62 12 72 159 69 106 241 145
    232 17 247 168 226 108 49 219 88 214 128 12 226 142 34 36 5 227 88
    236 24 58 137 116 44 46 236 15 219 156 234 98 145 143 40 105 159 116
    181 247 244 95 74 250 254 57 68 119 3 132 79 83 59 241 140 217 253
    229 25 215 108 58 45 239 156 101 134 166 90 85 222 131 115 145 82
    244 232 48 166 44 207 28 108 185 163 58 154 215 157 248 158 26 78 56
    16 156 80 245 106 227 9 224 17 181 77 40 21 179 126 128 242 95 116
    149 212 227 206 96 176 160 73 204 243 187 52 221 79 57 165 119 184
    165 144 10 168 80 10 214 201 220 46 253 84 88 60 224 166 5 180 42
    168 101 131 86 220 232 50 31 225 226 18 170 248 234 25 222 235 125
    213 106 28 230 61 56 243 22 229 74 103 194 41 201 155 230 200 233
    123 54 62 126 23 52 121 112 212 116 245 215 21 208 1 233 243 129 32
    44 170 127 70 144 154 37 192 43 219 10 218 0 50 23 9 89 117 174 116
    36 185 233 39 41 13 188 210 234 171 58 16 178 143 182 29 55 78 62
    159 198 137 7 245 113 189 184 206 136 18 229 136 70 120 11 7 6 148
    239 163 76 245 232 81 191 167 162 230 28 96 168 136 218 66 73 26 238
    221 225 131 66 48 181 198 45 223 222 36 249 216 198 229 10 206 180
    160 105 113 5 118 95 251 191 243 147 13 137 26 206 182 37 181 49 37
    152 79 94 202 11 65 240 90 9 68 124 228 171 102 144 201 144 24 254
    128 154 113 82 156 63 22 35 159 71 206 16 226 134 232 55 122 169 40
    77 73 231 93 216 227 194 229 177 189 240 4 125 140 31 80 206 68 29 4
    232 192 36 71 131 160 30 59 144 38 127 212 135 128 165 175 33 5 116
    20 124 200 246 143 71 62 133 153 107 155 93 45 178 138 246 116 26 43
    16 167 76 137 30 4 86 200 254 3 122 175 149 80 22 216 154 107 221
    232 43 225 179 53 128 149 127 156 45 229 95 114 135 179 52 35 35 112
    158 38 224 175 78 106 80 139 169 2 255 237 69 219 172 208 26 56 81
    180 180 94 159 60 33 163 0 93 181 136 4 57 61 251 197 81 254 233 49
    229 170 104 62 54 70 239 0 145 121 78 101 237 217 170 177 135 69 131
    158 43 109 134 133 170 79 195 82 35 36 193 143 160 165 99 107 103 11
    184 8 139 102 21 130 36 54 39 72 86 250 120 172 95 227 170 182 184
    133 59 220 45 40 116 120 38 42 182 240 151 177 146 125 175 103 253
    135 143 237 212 212 0 189 63 42 224 90 247 157 224 97 230 89 197 47
    40 74 253 125 179 96 189 13 232 145 4 116 169 71 5 2 245 78 3 234 18
    114 234 51 138 144 160 22 174 252 120 110 22 79 52 239 39 40 43 196
    141 141 197 235 235 111 98 199 35 2 151 242 38 89 175 15 146 136 235
    23 74 140 39 32 105 49 52 218 45 207 42 181 226 21 118 9 40 149 95
    11 124 8 111 230 66 178 41 50 69 27 67 195 13 144 202 82 251 2 43 90
    60 234 226 91 179 88 166 115 76 67 244 109 147 205 106 97 150 187
    120 133 251 235 163 191 224 74 220 156 214 204 133 120 203 1 55 196
    235 8 172 125 93 25 70 8 59 187 76 62 84 22 242 94 165 29 45 111 98
    255 230 73 169 27 182 108 113 131 16 122 21 43 180 97 113 6 60 230
    73 174 99 161 239 49 133 85 37 231 212 71 175 139 189 48 241 42 37
    98 60 145 161 109 15 47 106 0 117 77 89 155 115 61 163 2 155 217 21
    89 199 59 181 165 107 132 142 99 204 38 204 223 214 30 185 61 196 37
    215 191 247 227 24 25 102 89 242 182 169 67 122 198 159 18 240 24
    162 205 44 46 25 109 82 196 18 196 86 201 160 20 5 218 112 150 202
    81 244 23 18 227 196 205 84 114 41 150 80 162 10 47 45 156 124 246
    208 115 181 118 116 39 182 61 57 115 116 98 38 73 250 175 218 189
    227 217 13 194 156 40 197 46 168 97 249 236 132 92 52 168 207 236 26
    92 172 172 174 116 99 38 62 147 69 228 200 148 36 68 227 19 139 9 94
    223 16 55 219 43 109 190 101 98 132 208 247 207 188 30 56 133 201
    119 3 98 250 194 27 223 148 236 13 254 207 156 206 191 252 145 3 122
    206 205 155 236 141 95 176 42 195 199 251 224 26 165 120 98 137 31
    33 44 21 120 177 98 152 211 84 140 31 104 64 251 91 250 125 232 121
    147 198 132 53 41 4 95 44 90 229 78 108 24 204 243 137 112 128 98
    142 117 170 218 72 82 149 83 61 85 106 214 45 69 46 226 115 52 142
    40 102 89 120 191 123 189 179 252 25 247 60 228 136 3 36 122 254 77
    145 46 118 103 201 186 240 247 18 34 110 219 208 227 86 236 32 92
    119 58 195 170 88 2 220 47 47 136 191 108 196 122 31 139 202 16 101
    27 100 183 15 128 164 134 181 48 122 157 179 152 183 62 44 141 251 7
    24 235 16 50 177 33 57 162 49 141 94 97 95 250 169 50 110 57 67 186
    70 254 8 41 249 62 136 44 37 160 190 76 53 148 170 35 208 244 112
    119 122 20 220 58 239 250 92 22 27 1 145 86 174 24 108 248 10 41 136
    120 2 179 140 23 250 131 24 199 234 247 90 3 13 57 20 195 92 54 78
    22 79 152 227 91 160 202 220 179 91 6 119 159 196 221 234 168 204 63
    206 122 244 187 187 133 154 233 38 235 8 169 112 106 42 158 196 246
    75 234 101 176 1 187 86 141 86 25 2 184 139 67 26 21 174 252 201 244
    219 211 227 127 191 64 25 82 62 196 11 108 31 111 56 112 4 123 148
    254 27 207 45 240 65 104 101 47 94 14 46 154 246 226 114 156 130 202
    78 74 191 55 24 189 199 196 144 200 228 236 23 190 193 84 37 156 117
    49 17 21 70 1 2 148 7 254 57 195 66 56 192 232 119 61 210 242 127 67
    248 19 48 139 133 89 22 115 56 248 49 138 239 127 83 126 143 12 144
    195 241 245 44 114 176 198 208 148 94 166 5 97 26 243 255 138 28 12
    126 202 92 171 73 73 175 132 37 106 83 95 233 29 20 115 86 175 33
    183 206 22 225 19 11 136 228 176 155 139 133 127 133 149 226 206 163
    56 16 212 3 250 68 47 5 38 194 193 168 241 90 7 34 119 61 105 169
    185 248 41 218 53 40 162 210 192 190 123 0 217 241 26 157 232 92 115
    75 195 89 224 196 51 91 161 187 83 95 9 83 228 151 154 113 175 190
    104 202 249 3 16 77 137 9 184 42 245 242 81 50 160 25 224 243 63 185
    213 175 200 20 251 15 229 188 146 64 13 33 162 168 151 117 238 65 14
    206 121 166 167 203 210 32 133 193 133 84 15 84 159 158 172 150 98
    89 186 6 68 236 18 213 181 183 93 175 10 67 222 115 68 178 31 84 32
    68 69 186 74 146 128 37 255 141 111 148 212 255 99 14 184 204 243 32
    51 151 237 64 15 248 65 40 166 187 40 232 153 102 12 247 153 30 241
    202 255 139 120 219 116 234 101 113 186 35 5 191 88 34 193 219 54
    166 183 178 237 226 214 12 157 173 199 183 209 216 6 68 151 60 195
    211 241 60 47 57 21 38 18 197 155 135 14 166 167 157 65 97 182 238
    167 97 156 90 249 46 116 187 222 14 217 95 74 102 163 29 203 158 24
    146 179 86 17 19 103 162 237 190 168 177 236 44 60 100 112 123 20
    138 123 63 76 146 216 19 178 128 76 101 167 148 206 185 54 149 226
    228 214 215 5 77 56 93 80 144 132 7 169 50 18 237 239 157 46 131 155
    236 154 114 71 211 231 68 115 43 94 141 224 207 153 76 181 249 155
    42 240 184 123 17 38 176 187 179 218 194 193 212 225 61 220 15 140
    208 55 203 192 146 169 135 226 94 176 194 53 248 192 156 182 65 92
    233 177 179 207 222 142 159 116 153 240 134 68 196 3 15 187 116 162
    186 44 62 17 14 252 8 135 217 194 253 103 27 171 156 224 126 180 198
    4 34 42 97 92 238 120 22 130 195 195 203 113 160 9 205 209 16 211
    116 73 147 2 146 72 97 79 27 158 74 7 2 132 173 129 109 5 100 158 2
    145 148 73 58 141 247 140 197 22 233 117 247 202 22 186 175 114 129
    194 15 80 237 29 203 125 137 233 119 185 254 4 178 72 108 130 62 173
    253 80 243 239 162 116 21 38 127 84 126 85 247 160 203 41 171 91 228
    152 229 82 251 167 147 121 233 44 112 101 64 250 202 146 219 79 210
    50 186 202 86 174 11 44 216 164 160 56 62 49 228 81 142 139 32 215
    22 180 152 52 74 86 162 141 71 241 236 110 28 55 97 168 14 252 144
    71 0 33 221 23 140 118 204 214 22 230 108 89 30 193 240 90 119 200
    47 149 41 153 220 67 71 17 155 239 176 163 4 158 120 1 37 168 137 21
    199 22 239 77 223 136 1 249 195 127 113 84 236 138 75 123 151 141
    163 41 197 162 221 119 56 75 118 115 201 251 185 120 128 192 16 194
    100 21 171 227 151 201 192 237 205 96 108 152 185 176 171 46 165 45
    98 129 244 120 89 70 247 58 200 250 14 235 160 73 247 169 209 118
    114 71 26 28 172 104 238 186 69 5 95 253 21 34 0 126 85 61 13 170 30
    152 86 173 162 121 126 102 16 53 239 112 60 41 49 221 78 130 37 90
    170 165 139 126 251 222 197 190 157 100 113 123 165 145 248 63 148
    233 87 199 203 255 55 226 246 4 95 218 181 150 137 170 190 0 245 32
    66 5 253 236 87 60 30 118 113 203 188 85 2 47 102 87 203 187 205 194
    109 120 94 95 45 101 253 57 145 124 148 28 121 198 227 225 255 119
    36 20 173 227 161 78 198 28 122 96 142 254 223 46 204 10 177 6 212
    233 191 47 230 72 149 6 53 136 237 235 249 16 97 246 103 123 106 115
    172 176 37 197 31 38 11 209 232 205 251 162 156 82 69 245 150 216 23
    118 214 90 114 96 188 165 198 26 204 214 164 36 197 89 172 195 133
    115 118 94 70 92 199 130 87 208 76 21 114 75 204 149 109 184 221 240
    146 91 17 179 29 120 151 151 100 15 38 212 48 139 12 62 58 102 218
    212 50 240 129 90 20 255 172 35 119 252 22 201 33 78 105 74 81 223
    114 150 142 124 240 1 92 80 102 220 48 43 152 21 43 240 46 167 82
    197 59 134 24 73 241 252 187 70 196 239 89 116 82 202 15 121 159 140
    221 128 238 64 143 206 230 27 61 127 13 245 20 16 205 77 43 29 200
    153 210 175 31 134 51 4 9 200 1 203 150 63 183 148 158 123 133 103
    103 70 29 182 173 134 26 239 158 157 74 6 172 40 157 219 53 242 75 3
    28 149 163 71 179 10 36 228 105 217 16 41 153 128 206 52 161 174 69
    241 29 53 21 132 203 136 120 112 180 24 166 211 185 48 103 97 234
    193 163 184 107 38 109 81 196 60 128 51 61 18 180 189 187 72 10 211
    173 146 129 254 100 217 1 138 89 180 140 113 236 108 248 248 124 241
    3 168 209 177 124 149 19 49 255 236 133 19 149 254 57 24 236 35 81
    113 125 217 161 92 125 127 19 65 62 12 167 230 230 116 159 238 47
    115 180 112 164 59 142 247 0 120 69 167 141 197 45 222 145 245 22 57
    67 5 255 217 63 126 216 141 167 82 45 48 251 168 97 17 171 128 166
    94 35 17 51 121 155 240 4 247 28 210 233 98 246 251 208 13 247 250
    14 13 131 50 210 101 250 96 165 166 209 78 57 231 71 96 192 176 175
    252 112 166 212 172 152 148 68 103 95 98 37 7 126 150 5 94 47 151 90
    245 95 198 190 181 98 255 119 167 67 176 206 107 87 130 31 15 186
    168 150 138 35 202 146 113 131 178 232 96 0 245 126 10 177 253 173
    42 144 242 163 228 183 72 8 176 238 11 50 31 226 29 215 188 197 197
    211 249 163 15 91 226 185 168 250 193 91 101 17 28 189 1 96 168 182
    245 38 85 143 173 155 207 38 232 246 224 63 251 23 0 39 18 193 253
    219 11 64 211 210 5 13 14 46 202 74 65 20 200 13 216 78 43 38 161
    217 179 241 23 43 210 169 126 167 234 181 22 235 159 198 62 14 251
    116 92 162 46 250 110 24 176 84 217 157 0 238 62 165 151 235 144 245
    224 121 43 133 165 148 21 240 187 180 17 167 127 186 106 234 9 235
    141 253 249 24 248 59 112 136 128 156 211 213 127 31 152 55 95 73
    186 151 43 189 240 67 77 13 70 137 203 85 182 147 41 181 95 146 187
    36 32 151 252 181 107 21 206 30 38 249 35 132 222 178 250 80 2 104
    188 177 97 192 153 164 172 141 160 223 154 192 0 240 73 252 67 25
    121 61 235 253 162 79 61 85 1 133 73 137 64 21 54 209 141 203 53 214
    87 172 100 166 179 135 182 239 24 64 3 98 14 247 69 4 92 123 195 244
    204 59 32 168 69 52 240 76 154 148 156 61 136 27 23 2 164 156 195
    198 146 113 154 215 123 156 160 73 63 174 33 120 16 48 226 47 94 32
    141 135 156 133 152 20 159 211 118 78 38 156 148 52 23 86 161 15 21
    62 62 171 248 181 195 112 101 182 26 197 4 179 200 47 174 56 48 40
    25 195 245 232 76 244 43 134 147 178 204 221 33 160 86 175 119 60
    131 144 237 182 210 56 10 183 110 221 112 55 172 105 155 143 116 181
    6 141 180 15 61 173 6 164 130 39 127 198 0 230 75 53 92 80 101 201
    180 112 91 38 186 6 192 187 202 69 18 149 76 91 122 118 191 145 88
    154 218 108 183 160 55 147 148 197 234 129 30 75 194 107 157 35 1 99
    104 2 243 146 37 238 5 111 110 105 238 162 105 228 208 125 241 212
    83 62 197 8 240 51 186 43 176 23 237 7 238 50 35 126 168 172 83 170
    92 11 179 186 87 65 50 25 178 223 175 124 94 127 157 119 229 147 115
    117 94 135 14 250 211 175 241 52 178 116 216 39 63 163 186 158 49 76
    144 187 101 8 21 243 212 157 206 63 162 182 255 135 194 189 91 83 12
    213 150 226 31 122 17 141 97 251 67 54 249 48 137 198 249 127 50 73
    189 90 67 218 26 174 54 70 239 37 132 191 158 67 188 183 136 46 26
    105 59 73 168 32 125 16 85 238 223 24 33 123 210 160 231 169 20 11
    82 177 79 160 43 102 156 50 23 132 168 221 241 24 103 206 153 78 237
    96 93 56 120 230 172 14 95 211 17 158 52 32 12 44 86 198 1 79 149
    168 165 15 246 124 242 205 190 94 130 241 211 20 51 2 139 129 43 73
    7 216 34 58 200 104 148 247 39 150 233 209 85 5 223 51 122 87 63 185
    226 125 160 164 211 139 52 29 97 76 177 230 121 161 167 115 153 250
    121 44 103 252 122 60 4 223 227 252 85 96 199 252 71 0 49 252 244 51
    158 155 109 77 223 95 186 247 100 86 81 171 124 239 107 56 213 133
    121 167 182 33 162 7 117 228 143 61 21 32 42 165 93 3 235 54 250 204
    135 147 27 244 89 30 31 16 159 194 145 70 130 58 184 28 202 60 63
    248 4 19 138 232 165 4 118 249 207 83 130 64 36 108 89 5 161 95 186
    133 32 243 17 210 125 136 70 124 25 19 2 156 163 131 33 73 188 208
    156 181 104 110 7 130 32 106 177 143 87 234 239 212 117 63 191 151 2
    222 74 167 83 74 108 162 117 243 159 141 15 225 177 66 151 156 2 217
    128 88 126 142 75 56 25 7 227 225 99 20 91 204 0 242 217 251 57 73
    68 115 188 101 60 26 174 94 190 250 93 254 79 96 53 104 135 86 111
    232 6 25 22 155 97 181 105 116 120 103 136 158 115 173 194 24 161
    164 182 241 206 106 110 166 253 158 180 246 233 57 49 86 4 110 228
    78 184 223 8 178 128 184 165 253 201 98 247 18 128 239 75 102 235 52
    122 95 117 214 68 14 217 166 0 169 177 167 201 47 23 122 43 58 119
    217 233 151 32 9 237 98 61 227 249 89 212 150 148 138 185 59 142 181
    133 34 144 137 75 134 196 35 16 241 118 159 236 215 125 47 182 104
    33 227 160 36 164 13 200 232 51 226 247 211 126 255 112 24 16 84 198
    100 102 253 228 233 54 109 195 62 110 229 247 25 121 92 87 36 10 252
    33 71 136 87 127 197 91 140 69 133 24 240 231 139 149 8 13 0 158 73
    42 7 183 157 13 208 164 171 129 131 8 213 141 47 97 152 106 97 119
    163 19 173 47 202 187 59 252 243 236 229 8 178 140 2 240 134 70 241
    116 3 121 106 243 14 148 24 208 38 157 180 141 120 43 249 167 50 41
    125 103 94 235 2 168 107 107 159 17 233 0 6 17 55 241 3 255 23 185
    122 49 52 22 83 48 175 29 156 11 125 74 129 216 140 92 224 236 52
    157 244 60 139 64 217 239 128 86 195 39 200 186 42 74 17 184 173 73
    209 133 18 27 188 149 90 230 2 51 246 26 139 142 54 160 221 128 155
    49 33 5 168 124 150 227 197 67 103 136 137 247 106 165 48 118 228
    250 254 194 217 92 180 73 183 214 113 111 255 33 253 198 24 209 219
    123 38 241 80 78 15 187 224 252 106 233 192 165 125 110 27 42 155
    148 75 42 34 191 101 196 64 78 69 39 174 0 43 86 218 45 216 223 23
    23 98 36 30 165 124 42 194 21 99 178 165 36 58 189 235 101 8 106 50
    10 18 216 198 31 198 195 164 201 71 183 175 180 252 40 192 168 138 4
    150 204 171 123 55 115 37 242 118 210 122 11 31 23 10 248 195 183 24
    91 117 199 139 47 235 137 185 175 50 115 133 100 252 133 74 127 45
    27 124 100 184 44 222 174 238 2 178 98 242 174 58 164 72 78 53 249
    68 106 84 252 5 203 201 120 137 30 80 132 107 145 200 215 170 111
    181 239 90 213 90 131 20 66 167 219 163 213 98 101 133 204 151 126
    180 69 17 53 126 187 175 194 58 236 214 247 118 26 208 218 58 61 188
    201 196 153 125 194 87 28 59 166 131 149 71 88 110 236 12 118 232
    250 156 176 244 68 187 140 142 219 74 238 224 192 62 98 14 174 61
    121 217 84 111 91 45 1 34 47 186 240 133 56 2 242 205 156 28 250 239
    121 226 238 10 214 90 102 171 198 110 100 252 58 126 178 107 240 37
    207 112 64 224 66 194 223 29 122 16 145 74 148 252 7 94 74 24 184
    147 235 149 250 251 41 167 215 219 252 135 129 203 231 28 217 118 94
    85 217 68 21 113 226 65 164 32 130 147 43 96 244 61 100 248 91 206
    45 116 86 221 218 33 125 11 248 46 67 50 185 206 245 203 180 37 208
    78 177 181 202 255 39 180 42 221 97 212 250 60 99 240 68 116 238 195
    38 127 30 68 154 45 182 76 13 191 180 29 50 248 135 245 1 124 103
    205 237 190 86 117 82 56 187 124 232 255 14 4 244 247 152 40 180 148
    216 38 150 168 161 101 62 6 24 111 215 253 41 157 86 215 113 140 103
    67 74 105 251 133 129 187 28 80 190 240 77 220 33 141 150 91 235 83
    54 85 98 174 56 254 117 112 102 6 206 126 206 216 173 112 1 30 75 7
    114 223 12 29 212 99 10 145 38 140 90 188 220 37 188 57 132 233 199
    43 121 187 149 148 20 159 148 58 186 202 84 217 156 84 74 148 110
    150 195 78 237 35 175 219 151 8 112 11 203 202 227 255 63 202 94 177
    248 75 143 91 144 158 1 156 232 94 155 150 108 159 37 170 169 204
    190 159 32 237 46 193 69 7 81 167 178 66 74 60 171 93 191 142 228
    167 62 132 247 117 232 32 224 145 185 254 247 170 178 188 45 10 228
    200 90 155 230 216 54 135 10 213 69 69 82 205 177 86 146 136 179 95
    231 129 211 138 136 6 38 84 234 30 26 224 97 95 41 120 221 7 176 251
    179 154 211 99 77 29 53 41 146 161 40 85 26 110 245 100 123 205 36
    118 236 89 18 244 10 175 34 213 113 234 47 109 250 58 6 196 234 111
    116 46 165 111 128 208 125 120 216 78 79 24 0 84 150 186 77 33 238
    47 144 232 16 117 8 84 131 6 15 190 29 234 212 15 171 249 74 98 0 16
    234 253 87 152 165 190 187 54 4 56 101 20 57 42 173 206 74 204 229
    185 93 134 155 223 2 220 48 190 6 102 81 64 249 186 138 161 122 96
    95 111 136 87 181 198 85 252 102 154 158 154 54 13 179 35 137 84 84
    201 6 148 81 34 197 165 35 228 114 47 66 119 19 246 55 59 34 155 171
    94 101 21 125 102 22 148 209 215 4 216 64 159 175 115 86 38 172 113
    156 136 229 50 147 148 106 237 66 157 38 167 150 179 202 255 95 209
    94 133 135 158 24 103 9 71 210 216 222 161 223 96 30 145 56 252 126
    230 166 222 0 251 62 251 128 158 111 200 219 233 202 243 29 150 159
    117 239 3 213 68 138 77 184 2 65 204 228 104 16 85 143 210 97 33 38
    124 237 205 115 147 2 96 223 72 29 56 85 90 78 216 212 169 83 137
    193 20 223 180 199 127 103 238 192 215 210 63 253 248 26 7 121 159
    126 81 82 233 72 164 97 171 72 199 81 132 75 167 43 60 77 134 43 143
    24 54 239 75 36 2 1 148 14 139 92 220 32 120 91 189 252 71 151 42
    252 194 98 185 73 43 148 180 196 127 67 109 234 9 100 95 204 82 72
    244 24 168 140 223 115 101 74 171 111 12 56 174 49 229 106 184 39 86
    207 18 53 170 216 152 213 168 145 15 169 180 157 104 7 96 182 79 146
    35 110 115 115 67 73 152 182 98 46 185 101 235 114 90 161 10 243 114
    154 102 239 103 152 120 101 131 117 37 203 177 51 139 161 144 14 251
    25 117 27 135 204 131 246 225 111 23 209 186 25 154 170 79 105 128
    145 239 48 158 111 63 195 3 169 250 223 100 143 57 236 249 142 129
    127 49 33 179 97 162 83 137 53 93 163 80 22 41 163 32 142 86 223 25
    33 112 202 93 28 232 122 156 210 58 103 62 216 81 51 221 247 46 83
    29 36 215 178 253 184 43 123 0 196 238 3 159 130 144 48 94 222 25
    249 143 14 59 180 189 155 175 239 191 2 95 96 71 112 52 31 26 191 11
    229 194 165 215 119 88 63 21 173 115 22 50 69 12 202 199 168 80 48
    254 118 82 41 248 249 152 8 62 202 190 106 141 51 66 209 173 204 187
    117 242 215 251 250 127 26 18 57 60 68 151 187 140 137 103 245 94
    128 153 207 87 110 190 13 217 15 213 102 141 107 46 149 19 152 210
    58 18 50 96 34 156 126 151 134 146 249 154 65 181 75 3 220 92 84 145
    23 221 138 74 215 61 131 218 151 138 60 18 164 13 4 87 159 30 122 68
    22 40 31 204 17 85 137 117 34 159 98 224 1 130 188 114 71 144 121 49
    127 30 71 170 201 81 205 224 197 251 59 172 108 149 46 148 132 91 51
    218 179 112 147 87 180 103 252 103 96 45 47 230 142 41 218 203 42 60
    192 253 115 105 202 132 65 166 13 200 225 152 151 122 154 189 104
    195 218 44 49 115 145 232 103 123 200 81 98 36 109 193 90 201 193
    246 115 75 39 13 181 63 76 158 236 206 233 189 240 104 188 251 215
    111 42 189 208 93 238 142 25 13 55 17 209 124 248 241 15 75 26 204
    67 94 99 15 196 153 190 231 97 224 16 137 79 77 7 242 162 219 137 90
    167 58 227 192 63 215 115 247 210 168 80 50 247 75 19 20 131 21 181
    105 57 42 25 111 134 74 216 20 80 158 250 7 157 208 233 196 66 160
    46 147 100 12 253 230 146 196 2 93 88 121 12 100 136 123 67 50 164
    70 229 150 33 0 96 2 134 61 63 202 231 207 138 81 110 203 202 147
    105 38 188 33 66 40 92 207 36 184 31 182 78 188 99 91 179 87 133 187
    80 229 203 57 114 128 44 192 35 240 130 251 24 156 242 48 25 128 164
    89 214 209 148 11 158 130 141 75 142 61 39 237 34 29 140 111 93 5 20
    140 126 135 233 12 61 25 93 192 27 1 238 222 213 77 232 231 53 45
    197 60 92 186 28 249 108 235 194 14 51 121 205 117 189 240 194 89
    239 182 117 173 64 165 51 48 203 48 225 45 96 96 93 185 47 103 8 62
    228 143 140 76 239 74 102 222 239 121 5 130 36 90 217 147 46 241 74
    97 207 96 227 65 208 133 155 58 91 64 231 28 34 225 37 198 195 31
    240 214 177 104 204 186 238 96 117 100 74 25 200 112 139 48 57 20
    206 107 148 239 248 72 203 236 85 220 131 250 165 10 230 61 67 254
    162 202 125 5 53 169 180 160 116 83 220 37 21 237 67 52 137 50 56 36
    246 178 34 128 104 136 57 234 138 227 216 51 79 252 142 120 243 90
    224 210 190 228 164 62 83 248 37 94 167 12 176 29 219 43 42 126 159
    77 74 76 226 156 100 83 211 101 50 0 63 177 35 71 149 40 162 59 213
    101 174 163 156 52 112 119 252 219 215 191 161 81 87 175 189 16 162
    102 201 191 88 143 168 162 159 57 167 202 124 78 173 105 56 50 39 91
    193 172 53 186 25 237 202 219 148 8 87 85 113 147 70 79 41 231 86
    119 121 226 192 44 56 96 158 190 93 90 147 202 144 30 111 243 204
    201 9 69 26 178 175 176 160 150 21 32 97 182 205 86 111 126 140 234
    56 164 223 119 252 63 120 184 88 73 179 8 98 16 232 171 94 96 244
    117 40 126 165 138 177 87 122 168 126 134 178 119 41 55 94 131 34
    152 44 80 198 227 84 64 27 133 223 130 125 206 59 181 119 88 220 156
    132 73 217 19 197 55 131 93 17 198 107 10 41 149 171 166 8 171 148
    84 132 67 138 68 39 166 3 245 120 124 117 233 85 120 217 92 34 49 86
    145 87 187 197 99 111 114 132 76 21 167 126 71 224 230 237 133 112
    10 8 82 101 89 201 227 197 166 214 234 248 39 63 238 236 142 174 180
    167 5 51 67 215 164 124 54 110 166 176 110 189 71 43 93 232 109 72
    139 65 2 198 153 184 224 170 161 151 212 249 135 49 68 231 34 243 77
    82 144 248 178 1 48 74 93 66 95 66 203 110 54 35 87 140 74 153 191
    147 189 196 16 207 49 248 133 164 189 40 17 145 112 51 122 11 48 221
    230 105 56 109 127 100 63 203 176 187 129 161 118 33 14 240 215 155
    37 0 42 92 110 23 237 79 110 246 195 124 67 163 135 42 215 4 233 171
    100 67 32 118 114 155 162 51 97 169 17 10 95 112 34 18 10 187 241
    191 189 6 210 195 82 14 116 89 45 56 36 20 205 44 245 140 34 26 226
    3 153 149 254 125 112 2 55 108 177 59 213 19 174 221 232 205 197 109
    224 73 106 11 95 80 75 37 218 171 120 111 86 54 252 163 169 225 31
    12 173 107 253 160 49 83 106 104 196 143 127 191 207 68 17 118 214
    186 236 122 242 4 168 22 68 140 59 251 143 39 70 82 81 189 218 143
    149 13 121 148 180 172 37 216 107 99 136 115 97 71 181 50 93 8 151
    14 3 118 49 82 8 178 116 87 155 80 20 107 19 203 234 92 65 121 55 55
    255 85 40 197 112 98 33 180 226 12 31 107 24 216 124 251 128 83 58
    240 91 249 240 112 189 234 48 8 242 170 184 134 16 174 209 54 203 61
    21 19 93 158 215 7 27 116 14 212 144 204 182 161 178 47 82 167 172
    211 70 27 226 212 52 206 222 20 117 234 173 231 60 106 126 109 231
    50 115 79 105 229 53 96 128 214 180 19 186 233 207 218 48 32 100 187
    29 106 91 74 116 193 117 44 152 98 16 138 134 183 73 105 49 12 182
    30 148 232 251 119 70 72 252 212 116 163 97 239 7 97 27 132 66 91
    114 80 108 82 27 67 228 175 135 102 112 32 129 228 211 105 147 187
    216 102 49 166 205 204 192 221 23 73 87 216 137 110 95 80 86 108 250
    200 5 215 199 248 134 177 20 133 246 242 174 164 42 159 97 178 198
    183 101 51 246 124 191 14 143 71 47 227 120 64 3 91 137 250 228 201
    209 115 205 39 84 41 7 190 112 252 135 227 176 41 197 209 234 195
    198 15 52 22 136 45 216 111 255 77 13 2 138 198 228 223 4 133 170
    197 104 206 50 31 92 106 20 41 32 173 210 234 51 22 228 103 102 211
    193 5 209 98 43 105 226 224 236 177 235 64 210 59 42 242 175 243 106
    50 222 17 80 191 145 164 143 22 177 112 116 31 107 151 144 139 44
    226 9 104 251 122 4 179 151 52 100 138 101 29 2 15 24 140 129 1 190
    132 178 240 153 136 134 44 159 10 36 131 224 65 210 223 164 149 251
    194 142 95 25 117 220 165 247 51 182 33 130 47 214 121 77 252 107 88
    224 74 226 91 243 13 170 220 67 125 240 145 89 46 78 69 120 86 102
    30 164 174 44 142 30 233 30 205 90 50 156 239 79 129 161 30 1 63 28
    234 231 227 106 168 148 144 45 171 6 34 110 230 187 44 238 108 132
    207 18 102 63 219 25 158 156 108 72 140 4 196 136 240 119 25 42 238
    64 16 7 11 172 35 67 16 120 123 112 11 15 76 113 164 77 146 159 135
    48 247 56 58 88 98 37 38 114 121 155 158 174 125 21 202 17 22 17 76
    227 74 89 62 225 24 19 151 110 236 50 157 139 174 253 38 210 211 13
    213 206 228 241 97 19 192 58 12 210 111 58 62 119 133 16 8 110 64
    227 16 199 14 175 253 165 221 230 22 252 221 86 134 61 114 118 174
    199 119 22 86 22 148 89 248 186 95 169 108 217 240 60 110 239 79 75
    198 77 225 145 125 177 162 16 28 168 55 228 130 31 53 255 235 237
    142 17 131 211 230 33 146 187 19 157 134 203 28 126 145 199 32 142
    180 253 110 73 106 119 145 35 164 92 40 255 165 196 64 98 214 196
    156 22 208 132 47 162 35 24 85 251 119 171 139 47 53 98 197 76 242
    104 214 5 222 232 245 178 92 26 244 122 239 36 233 125 131 201 111
    42 252 144 161 220 252 234 139 16 106 199 77 139 158 108 73 88 99 47
    215 41 81 32 181 192 54 104 20 39 139 34 66 27 135 140 11 242 142
    131 115 99 42 44 12 105 253 126 84 190 77 154 137 218 116 201 143 9
    108 36 253 193 118 217 210 24 61 100 124 18 139 233 180 174 76 245
    131 252 82 125 34 140 0 247 219 11 28 194 0 216 24 112 124 171 187
    224 147 121 221 26 255 11 197 223 162 73 36 7 3 210 192 55 37 73 105
    92 234 195 145 97 169 5 168 110 3 242 244 199 194 200 51 107 170 170
    77 80 88 30 211 67 243 86 130 80 21 175 73 156 70 41 211 85 241 194
    253 146 145 160 213 164 212 146 169 151 44 124 107 162 93 177 29 171
    54 60 35 134 112 94 226 164 69 89 0 59 174 74 104 224 48 39 253 66
    180 176 119 130 54 87 68 127 56 139 51 171 186 207 11 157 13 94 149
    168 104 7 178 174 39 243 227 225 24 77 240 65 251 12 40 149 35 177
    75 234 128 47 182 124 223 177 47 231 207 142 118 192 147 19 252 234
    185 30 58 157 34 32 140 73 57 163 187 128 75 96 204 65 8 106 131 114
    89 132 233 98 214 63 64 100 78 246 198 40 124 217 110 23 49 74 126
    149 242 8 104 126 61 75 11 96 142 156 32 53 95 192 229 35 244 255 67
    211 81 209 126 12 150 174 243 62 85 57 168 130 24 69 180 217 108 76
    94 247 189 74 237 98 83 156 143 13 81 147 107 81 49 143 65 142 153
    234 242 236 220 16 208 175 79 187 143 128 164 246 250 229 248 32 54
    24 91 66 233 28 47 55 165 233 180 117 101 61 138 28 89 220 35 249 3
    3 49 39 202 180 105 19 9 93 194 246 3 83 156 125 138 202 59 161 224
    209 109 109 13 171 237 0 48 49 191 12 110 244 51 11 238 117 252 74
    53 192 230 47 116 36 26 9 13 175 29 254 198 113 225 28 238 176 243
    21 44 128 132 79 149 136 219 152 91 1 44 32 8 196 221 87 231 88 163
    78 127 101 208 59 181 202 230 59 210 155 243 11 140 181 138 175 254
    47 171 216 215 240 250 51 216 9 245 113 158 226 240 20 25 141 111 60
    229 184 97 133 119 207 71 147 106 209 169 93 198 52 134 28 162 85 52
    43 132 17 176 11 181 32 8 229 227 187 215 134 40 181 11 181 214 236
    29 113 199 45 252 69 86 190 55 187 215 81 208 73 239 178 62 147 113
    128 10 216 38 234 172 34 20 130 39 122 149 233 100 145 208 67 101
    254 125 216 91 214 234 226 194 57 102 104 209 246 29 159 170 88 74
    104 173 161 83 239 75 16 127 119 185 234 204 96 131 100 46 118 98 17
    202 144 86 200 85 118 241 175 100 245 97 121 8 189 242 141 26 110 66
    37 203 167 56 247 90 163 48 168 166 72 244 179 197 203 149 211 207
    89 163 221 53 16 59 67 5 65 139 163 113 86 2 87 241 120 235 169 100
    187 166 66 193 45 93 183 228 114 118 173 25 84 250 108 137 166 169
    162 150 249 107 19 223 97 99 221 149 120 113 69 189 108 106 115 253
    116 15 200 16 22 7 29 41 143 191 143 243 127 21 193 238 34 132 75 61
    10 122 240 244 177 247 124 132 20 188 191 218 190 242 158 218 111
    221 246 162 48 176 151 175 48 242 230 254 209 114 196 8 60 39 177 0
    80 55 92 89 255 226 89 68 207 240 179 169 141 117 96 68 186 116 125
    35 86 221 30 19 11 58 97 153 215 39 126 154 228 221 250 124 81 78
    136 246 53 91 189 142 220 37 199 134 198 86 250 66 144 65 194 26 53
    89 84 14 190 202 200 147 36 168 230 110 102 153 51 88 138 88 251 97
    209 166 140 214 178 23 116 170 44 36 142 162 48 25 169 125 201 126
    202 157 123 156 66 222 129 234 101 180 2 156 241 250 32 68 50 64 237
    58 135 169 118 139 165 65 143 15 213 219 211 136 48 151 203 198 232
    149 234 184 137 6 1 86 216 70 153 200 75 150 240 30 227 7 128 166
    164 210 234 250 247 231 114 244 145 49 76 77 59 218 223 19 251 74
    157 127 254 197 46 127 163 239 166 83 227 50 163 47 118 52 9 184 127
    147 225 38 63 92 145 199 231 30 143 227 93 197 233 96 212 170 2 183
    128 30 81 246 242 150 238 48 66 14 27 178 116 84 67 13 232 119 140
    99 148 233 207 132 5 22 104 211 5 24 154 70 238 12 139 231 205 77
    119 212 84 90 186 13 54 50 234 2 202 197 42 103 75 113 178 241 249
    104 72 96 230 26 20 187 191 251 39 225 215 126 85 243 57 149 163 234
    72 242 22 74 104 224 215 7 22 143 167 11 106 43 230 206 127 229 42
    130 180 72 80 247 69 60 198 119 144 12 219 243 34 224 255 71 191 124
    130 200 106 113 41 76 172 122 0 92 65 80 164 225 22 132 170 108 86
    183 246 219 82 131 19 216 159 79 7 147 211 0 189 3 15 30 52 103 88
    255 249 32 79 12 63 114 187 97 164 135 241 127 5 130 5 7 137 172 203
    186 97 203 51 68 82 4 175 107 92 241 210 165 130 55 164 251 245 217
    172 143 28 167 90 100 93 97 97 197 167 111 168 205 43 39 66 45 220
    64 190 108 84 231 138 20 1 193 1 60 69 147 223 144 80 254 218 110
    220 84 19 167 189 253 53 110 252 24 195 90 148 5 44 175 28 237 79
    245 25 28 147 161 64 239 165 67 111 157 111 77 30 147 40 184 28 166
    243 113 216 56 58 96 103 0 234 241 165 19 245 47 3 42 93 62 4 24 33
    228 232 45 10 187 186 14 119 39 155 173 126 26 228 212 127 13 131
    196 31 84 9 132 144 227 21 62 127 78 85 228 209 193 37 126 137 146
    71 143 53 132 129 136 18 121 43 215 118 245 81 247 214 156 209 227 0
    133 85 206 168 170 177 185 71 146 93 125 169 67 196 144 214 175 253
    101 54 154 244 56 87 235 97 119 5 230 86 227 194 197 80 193 229 192
    85 65 49 53 195 194 41 71 156 231 132 247 147 115 40 117 148 102 121
    1 7 112 113 17 24 14 232 231 32 11 86 149 186 8 108 185 254 153 46
    236 178 207 175 232 249 146 5 134 56 247 248 168 202 229 18 122 6 30
    43 244 184 6 38 224 88 165 35 74 6 212 89 120 222 125 223 181 188
    150 190 6 164 33 94 224 241 9 150 88 248 84 150 63 132 130 170 29 17
    134 71 85 138 86 151 144 220 38 9 123 156 1 189 148 151 184 180 227
    131 136 214 13 130 114 56 222 121 0 230 173 132 132 111 234 126 24
    184 109 112 195 1 117 219 116 155 67 150 239 158 29 122 180 85 38
    112 136 227 90 34 41 99 195 168 174 72 98 103 59 50 107 34 230 150
    98 181 87 53 47 74 4 38 198 63 38 34 93 161 191 198 9 199 227 205
    184 27 208 148 182 224 200 36 192 156 215 75 219 20 246 14 207 40 30
    83 163 189 104 138 122 61 36 205 204 81 110 222 206 252 18 226 125
    124 229 202 236 146 24 66 202 142 155 162 215 221 25 150 234 196 100
    91 124 104 58 65 195 72 212 81 114 252 171 89 215 219 191 226 248
    139 96 198 152 97 208 163 10 62 168 0 152 184 224 169 178 35 53 56
    205 253 106 156 105 150 72 192 208 219 133 232 22 244 225 43 180 74
    29 91 19 73 226 207 145 35 33 93 145 38 82 118 78 190 29 180 102 122
    176 97 88 163 253 173 60 144 118 179 80 161 229 35 118 136 17 21 72
    78 78 162 121 26 123 183 159 223 54 31 35 233 172 50 149 135 203 62
    212 248 48 16 2 108 52 107 114 113 2 10 118 216 250 24 252 238 64
    154 239 250 49 43 130 83 100 226 46 166 23 75 248 134 11 101 140 174
    126 39 38 37 227 126 8 166 227 230 73 11 29 37 11 96 92 13 223 84
    114 173 167 89 31 245 250 201 47 51 42 162 50 77 223 139 169 98 34
    222 115 42 185 128 120 113 91 84 46 23 207 81 220 42 45 222 169 160
    207 32 49 102 71 172 88 52 47 21 168 230 205 221 21 244 32 226 191
    10 239 211 130 50 199 64 79 75 210 187 25 129 152 248 88 240 42 99
    53 182 88 209 214 195 34 11 178 46 195 45 137 24 73 61 83 90 111 151
    181 156 34 216 143 124 88 79 136 54 104 82 116 23 146 253 226 34 60
    220 153 18 89 87 198 174 227 124 119 80 233 20 79 167 159 153 139 73
    168 134 59 84 49 173 15 122 153 60 84 61 214 241 189 144 133 254 19
    43 55 57 76 113 77 138 105 109 6 19 108 37 132 101 39 42 169 249 145
    225 242 181 183 148 128 245 212 235 1 226 248 139 131 233 14 50 118
    139 219 159 220 235 22 248 145 142 67 84 198 70 8 233 18 165 33 218
    116 32 142 121 29 187 44 230 147 78 30 228 16 62 243 62 117 116 166
    41 233 5 96 61 255 230 195 220 15 219 64 126 251 204 4 74 211 41 168
    211 162 53 114 71 29 15 81 229 214 34 110 99 170 108 207 58 246 76
    97 81 173 164 33 72 190 190 124 65 35 97 87 19 47 100 24 155 236 134
    4 192 70 145 212 170 215 172 233 42 137 30 137 129 230 43 126 123
    108 145 30 185 146 64 195 238 184 110 10 221 41 192 9 18 242 50 33
    82 253 124 11 23 46 56 176 129 159 209 70 176 44 128 184 97 106 70
    138 0 133 172 122 225 165 66 195 140 254 20 168 27 255 14 177 215 92
    224 73 185 35 70 115 246 148 184 234 18 113 35 245 61 79 39 111 123
    183 231 16 63 86 16 0 198 100 227 163 84 89 164 243 68 215 143 13
    230 62 221 237 43 27 184 49 21 235 240 97 175 247 179 96 192 253 218
    58 37 115 181 204 237 134 203 145 167 99 246 249 185 189 163 231 26
    137 175 57 185 99 230 240 143 197 7 124 22 219 127 233 36 78 104 67
    114 166 148 245 230 82 152 187 209 254 192 96 137 202 109 77 34 208
    38 105 130 207 116 145 240 3 197 65 107 36 85 199 236 241 132 148
    145 141 31 33 52 43 175 93 193 144 119 136 190 46 254 131 223 235 24
    137 156 95 16 146 196 38 243 53 209 86 93 27 110 32 248 51 245 0 215
    161 39 6 117 62 249 173 124 154 166 235 253 132 120 111 181 199 233
    172 176 38 0 19 197 220 244 121 144 168 216 179 239 173 89 65 135
    163 251 63 32 167 169 21 89 133 45 211 130 87 65 248 40 20 43 61 118
    6 15 179 103 195 112 240 64 91 244 139 145 22 84 116 248 182 22 154
    241 113 0 134 222 206 207 127 1 139 177 213 7 199 224 170 76 99 177
    43 52 85 188 3 201 25 121 124 47 28 202 197 197 105 16 211 65 21 211
    54 179 32 34 197 189 143 49 143 185 147 50 249 17 200 124 104 160 22
    20 252 50 131 59 148 86 86 207 123 115 252 100 35 14 217 238 111 167
    124 9 218 224 140 55 17 50 78 53 166 194 119 82 218 191 126 115 117
    60 195 61 77 254 203 146 132 35 39 8 129 102 25 160 59 211 72 77 203
    80 77 237 97 88 42 0 228 158 209 255 2 113 231 8 143 153 78 145 119
    182 71 109 247 68 142 188 86 190 251 12 33 52 115 186 167 227 94 174
    129 62 165 4 100 109 118 24 236 44 11 145 204 205 155 194 89 171 134
    172 121 59 36 241 155 75 126 240 224 179 39 233 29 140 114 163 92
    225 227 35 193 209 48 187 210 121 82 234 213 156 136 44 73 106 161
    101 162 192 142 111 85 181 125 74 57 222 33 234 165 242 133 110 163
    17 183 143 39 218 66 19 67 137 239 157 219 205 154 143 147 227 179
    227 209 66 119 106 253 20 189 13 39 142 1 82 180 53 244 158 217 132
    32 141 24 11 48 154 60 41 237 29 145 136 126 189 141 145 117 134 65
    182 85 217 126 113 54 247 167 1 199 134 130 153 60 89 204 109 107 37
    30 251 100 253 115 191 185 243 164 132 80 213 224 228 36 233 150 98
    238 129 220 83 111 184 8 118 234 130 77 56 159 71 179 134 228 80 109
    118 133 92 72 49 71 69 45 248 70 119 210 55 0 9 60 173 240 15 245
    104 227 124 201 242 56 14 207 112 175 132 205 37 54 96 204 144 217
    24 35 211 254 186 203 179 80 207 133 176 248 234 111 215 190 107 114
    112 240 114 206 8 106 253 157 100 179 17 204 28 75 225 111 47 112
    160 224 83 131 181 97 78 69 32 150 189 231 1 85 139 147 200 191 72
    105 136 88 77 192 188 152 210 91 138 54 9 120 180 63 116 181 146 190
    223 140 57 115 83 13 104 45 116 230 96 34 157 231 123 19 136 37 98
    230 183 234 181 3 202 15 81 105 122 226 148 12 193 161 140 99 114 77
    190 24 70 255 248 110 42 134 170 90 37 45 126 156 117 183 105 52 230
    100 159 3 1 71 172 159 105 120 242 80 14 189 182 226 46 188 48 235
    159 77 216 195 126 247 169 82 30 110 69 171 189 6 215 3 104 5 154
    180 254 175 108 182 238 6 242 54 29 197 154 179 170 251 176 173 42
    250 60 135 49 121 228 197 150 61 254 227 12 191 143 113 231 217 137
    135 105 55 159 112 142 223 235 214 250 197 210 157 135 33 187 101
    254 199 138 248 207 130 235 10 35 37 190 42 70 215 253 73 10 68 215
    1 8 193 238 7 234 160 186 230 246 8 204 128 175 104 183 83 143 80
    156 250 133 218 161 233 168 115 148 73 121 33 109 97 197 33 86 190
    171 88 97 68 58 41 191 131 147 70 254 169 177 105 40 63 160 255 218
    55 5 166 7 5 86 103 229 16 5 243 246 34 75 216 61 148 167 87 108 185
    160 159 250 13 144 250 179 115 89 186 235 85 67 179 95 8 101 140 222
    174 101 83 246 81 95 53 77 125 212 190 131 58 118 66 159 11 137 88
    180 238 108 153 68 158 183 146 16 255 227 36 229 91 193 111 107 39
    56 189 5 232 35 227 103 63 217 106 129 85 157 110 67 36 146 148 246
    33 124 145 46 210 151 235 135 70 156 192 100 95 15 253 52 123 224
    232 32 121 155 143 241 59 157 108 147 182 227 207 134 49 0 238 145
    211 186 40 196 116 151 70 89 110 205 23 45 238 13 4 108 156 206 215
    242 95 18 119 82 236 165 159 189 57 132 114 234 156 209 131 235 17
    129 242 197 71 161 243 162 17 178 79 205 230 228 44 191 135 237 247
    191 7 80 38 86 169 139 82 98 227 65 93 45 132 171 84 84 124 82 28 75
    118 20 76 161 139 119 194 90 96 16 114 111 135 160 108 214 82 146
    157 23 103 192 217 29 176 215 40 152 102 211 67 110 217 241 13 243
    158 95 102 10 237 134 141 130 27 172 29 171 25 152 245 41 53 185 127
    233 22 10 88 152 11 115 46 173 206 193 189 69 237 28 254 4 176 224
    16 113 93 63 180 193 49 201 18 99 152 98 111 217 203 92 245 116 249
    222 70 197 64 168 176 165 68 211 4 241 57 182 75 198 82 131 44 0 21
    73 254 185 15 36 136 238 234 153 80 19 220 115 144 100 2 120 81 128
    197 76 154 94 165 99 91 74 141 157 131 149 164 208 223 98 68 24 198
    51 28 140 188 217 97 6 165 56 40 84 237 100 69 166 150 101 172 20 9
    95 43 107 48 82 181 36 19 83 154 175 47 86 109 135 58 134 115 250 14
    32 5 49 231 151 232 75 78 94 54 67 207 247 101 181 211 10 239 73 148
    183 90 22 179 72 167 201 206 122 96 243 167 114 128 93 100 201 117
    62 195 31 195 199 221 56 118 56 180 44 181 196 14 221 105 86 138 68
    209 5 6 255 111 9 98 115 29 70 24 61 10 127 22 143 236 120 182 120
    46 54 185 52 140 144 144 9 239 67 32 173 164 126 159 134 34 126 114
    162 88 235 41 28 167 92 213 23 186 200 146 33 192 93 62 192 16 108
    127 211 42 109 32 92 130 80 233 125 116 164 147 62 167 123 2 221 97
    239 177 10 177 253 181 241 189 97 37 195 113 15 41 36 204 213 158 76
    6 249 38 203 20 228 153 100 53 179 34 183 208 124 65 102 31 70 154
    58 205 124 238 159 147 29 219 0 53 163 66 15 250 89 151 224 44 135 7
    177 4 135 47 145 114 242 184 210 29 140 211 103 10 8 237 60 91 211
    130 26 63 40 82 7 170 60 252 23 174 131 63 32 235 185 123 225 217
    167 213 47 68 42 80 223 88 197 152 46 129 177 125 143 215 90 124 10
    205 252 10 174 171 55 207 228 157 10 122 22 148 134 99 165 203 72 38
    135 199 182 251 71 0 166 139 109 220 39 116 104 39 11 82 89 34 232
    103 35 225 207 207 247 239 142 54 78 187 175 135 204 117 102 31 41
    84 86 250 20 45 117 182 103 28 176 219 30 162 36 38 5 240 138 114 5
    62 119 66 56 80 242 63 84 195 184 114 93 176 111 158 181 63 179 79
    180 233 209 13 178 30 41 232 91 207 174 3 58 156 138 207 150 202 172
    91 155 150 67 91 77 234 236 68 217 0 80 233 108 135 177 189 253 83
    33 230 38 18 254 91 21 172 116 255 132 192 122 35 103 216 114 19 118
    252 236 87 9 145 201 152 66 127 112 169 203 151 2 245 114 94 17 58
    238 243 216 151 136 197 175 164 193 20 249 87 222 128 243 117 28 247
    73 226 125 148 184 211 4 211 212 36 87 6 54 89 114 47 176 91 103 93
    203 42 209 220 82 110 64 14 144 83 125 229 222 229 119 140 63 16 192
    90 255 237 128 97 19 113 212 156 192 206 64 226 254 245 208 95 177
    163 51 2 183 255 202 43 73 84 253 110 121 5 236 237 168 230 189 141
    254 136 173 99 241 163 182 80 101 101 128 249 239 239 89 128 175 245
    15 81 16 46 42 209 235 132 1 160 26 185 31 255 14 96 97 148 95 17
    203 158 34 125 234 153 144 19 231 6 26 185 72 135 129 217 131 44 151
    84 50 188 70 115 1 21 224 237 91 70 232 133 19 235 88 109 222 179
    232 107 150 23 81 242 30 20 216 89 185 241 148 0 167 142 242 170 146
    150 77 94 185 165 245 211 171 135 168 162 173 225 171 95 151 65 75
    244 213 39 61 110 228 81 27 7 50 233 190 73 194 171 213 143 255 239
    5 188 148 152 70 71 123 128 131 184 144 159 53 27 214 255 41 68 169
    111 160 71 38 72 35 76 217 171 22 117 130 169 147 35 111 217 218 150
    166 70 115 179 87 81 246 91 162 237 128 211 82 82 250 226 246 49 228
    42 198 200 224 99 227 24 190 54 83 63 196 15 80 72 170 180 221 199
    151 67 124 247 204 76 247 100 198 140 141 10 14 164 154 253 214 143
    41 175 116 250 213 149 222 70 158 70 237 2 133 9 47 149 33 100 22 55
    205 45 98 252 212 101 106 230 115 144 114 137 119 61 19 128 244 111
    23 95 92 21 116 48 155 169 165 134 15 5 49 103 192 210 33 70 99 133
    35 19 125 160 87 123 63 194 206 93 55 97 78 236 127 151 40 26 217
    120 147 237 89 112 67 94 192 126 93 135 103 223 83 254 48 166 72 164
    84 71 139 223 182 83 1 37 248 237 252 183 109 166 210 243 54 60 212
    59 129 172 77 119 191 10 130 88 216 17 238 223 23 31 47 202 103 47
    172 230 245 100 119 207 27 156 175 86 129 146 14 168 5 50 8 141 185
    157 220 119 67 144 230 144 19 242 131 175 75 10 245 104 208 175 53
    183 1 173 13 21 115 132 88 89 154 27 101 205 172 129 41 113 205 98
    69 201 159 93 26 8 222 50 138 88 254 98 143 131 118 229 63 89 177 19
    217 121 117 55 51 92 53 224 101 220 17 179 34 224 51 213 130 139 183
    41 117 196 15 188 29 229 73 193 2 235 158 81 255 101 4 38 80 194 132
    160 185 51 226 18 61 235 5 197 118 150 134 10 45 7 138 139 182 171
    114 58 3 91 252 185 75 70 120 97 39 69 177 250 237 110 200 131 220
    201 38 128 93 195 130 78 79 231 208 74 230 179 47 118 107 223 149
    110 235 148 49 93 72 68 152 137 85 158 113 42 44 162 3 109 124 237
    215 91 4 190 128 18 228 227 142 126 211 95 195 58 35 26 87 81 3 96
    27 108 87 110 208 166 248 61 14 247 104 140 80 74 46 172 156 74 100
    242 22 184 32 100 152 223 238 24 16 1 77 1 170 207 136 175 31 198
    191 143 246 185 244 58 89 197 104 144 169 205 123 42 111 164 254 105
    121 205 12 198 177 191 133 223 188 96 247 216 111 101 23 235 221 65
    218 139 155 233 90 15 174 33 167 238 106 122 67 221 57 198 124 116 6
    241 30 164 9 116 218 241 243 159 197 210 58 187 231 87 101 97 30 28
    92 30 243 253 76 40 37 164 116 93 255 72 56 38 214 153 206 155 182
    193 73 76 66 172 171 19 231 151 138 198 193 113 20 151 156 128 208
    133 198 144 198 52 104 88 59 204 152 25 71 162 50 215 32 40 7 205 43
    71 90 119 162 27 115 133 170 188 201 234 93 170 21 207 225 47 75 96
    71 37 163 95 234 151 163 37 103 39 119 43 3 44 189 101 109 18 76 8
    207 82 148 65 222 8 206 220 195 31 180 203 85 235 108 44 58 255 182
    226 60 234 51 202 86 196 57 154 71 73 109 194 219 119 162 65 168 98
    33 200 12 119 114 1 175 47 136 0 229 200 58 245 219 119 219 152 130
    10 159 108 86 36 127 217 179 164 131 84 160 173 203 248 229 28 110
    136 133 154 23 207 17 236 180 154 72 240 92 91 225 205 74 250 199
    181 129 175 117 127 12 123 125 86 195 3 10 75 41 136 180 246 189 116
    144 246 40 160 136 64 152 183 54 116 174 73 31 96 20 243 58 253 11
    87 112 63 99 118 81 245 97 114 216 93 110 163 114 106 173 215 192
    160 121 189 188 237 79 208 78 187 15 101 157 125 63 122 142 226 177
    183 39 138 13 191 215 73 175 44 123 115 148 181 195 243 14 63 69 180
    235 211 234 210 12 224 196 138 39 27 209 29 181 57 213 4 95 52 26 78
    245 138 87 31 248 229 47 234 248 116 58 162 219 220 164 221 4 30 15
    137 110 79 29 77 31 57 215 249 52 181 231 94 253 139 50 58 42 70 103
    185 53 92 240 90 47 13 225 61 127 14 164 145 14 5 70 247 78 154 93
    24 215 63 79 159 88 89 82 244 106 189 232 58 123 169 89 136 94 61
    112 22 172 94 120 246 120 128 102 47 96 15 57 74 197 194 195 237 88
    114 108 12 72 3 173 182 20 27 203 165 53 161 120 192 109 154 222 207
    147 179 225 135 139 250 2 250 129 213 250 190 53 4 141 235 132 241
    95 214 16 106 12 174 36 91 82 3 140 154 25 241 80 200 112 253 106 67
    91 57 0 163 124 197 245 250 133 62 141 48 21 27 201 178 238 7 148
    242 48 112 202 233 213 105 86 114 69 129 110 40 185 193 41 103 75 44
    72 57 201 186 113 24 175 32 176 214 58 46 74 42 84 4 60 183 174 252
    178 247 165 171 54 85 27 61 81 126 194 227 20 222 162 229 32 56 7
    216 79 52 139 233 207 19 152 45 95 129 3 226 247 103 194 57 71 240
    192 40 174 121 240 85 208 10 202 3 110 25 153 196 245 50 143 184 240
    186 60 55 98 137 178 216 61 198 200 118 62 242 166 251 212 89 165
    132 101 136 102 143 250 105 60 42 156 167 236 210 247 219 104 74 220
    152 123 171 71 14 61 133 157 53 171 194 137 242 66 155 188 131 229
    24 216 37 188 220 43 132 72 10 10 183 147 118 65 208 252 134 21 187
    100 181 1 196 89 239 61 138 115 244 243 54 22 64 107 147 247 242 172
    134 40 105 116 198 153 119 167 232 69 192 227 64 199 8 215 166 48 0
    177 220 215 49 150 63 133 52 15 243 10 187 75 98 11 22 115 195 74
    209 11 152 46 173 35 113 71 166 32 249 23 135 195 124 101 124 31 245
    51 58 45 174 20 49 134 243 173 151 11 133 138 31 213 133 167 197 127
    153 77 231 77 86 80 153 74 152 194 195 148 90 96 165 239 193 11 33
    199 74 164 184 83 115 90 14 140 122 155 6 1 27 214 56 147 178 117
    168 148 79 242 169 233 18 5 241 146 169 166 100 132 173 188 118 98
    51 143 143 74 22 185 4 122 7 116 229 46 164 68 223 173 107 255 25 20
    227 178 186 2 123 239 211 79 26 118 206 45 13 191 139 47 115 215 245
    174 91 10 84 131 117 19 88 255 23 240 27 170 53 210 53 200 88 228
    100 90 199 169 12 192 200 181 199 77 179 67 141 123 85 152 44 209
    119 67 97 183 30 166 3 116 105 184 151 148 207 17 149 4 143 132 190
    77 76 6 87 226 88 115 237 246 132 226 5 247 220 16 195 122 12 154
    210 112 77 6 204 217 183 250 194 250 184 35 207 0 17 135 90 32 143
    183 188 251 57 46 236 163 225 255 61 73 28 101 180 101 146 249 15 5
    101 38 177 157 155 73 136 250 217 121 217 91 63 189 246 215 142 45
    101 206 38 50 240 199 93 198 69 162 173 232 52 253 223 195 250 209
    24 215 245 94 163 154 79 194 250 190 27 178 85 94 227 155 16 137 254
    63 70 103 13 193 233 135 190 49 34 51 140 133 32 10 219 36 244 167
    217 36 129 61 61 117 144 68 168 129 162 184 54 244 81 249 34 145 249
    138 136 241 2 138 24 53 193 62 10 97 209 1 167 93 5 217 194 134 73
    99 149 56 45 60 224 164 152 123 249 197 51 169 212 128 182 9 69 17
    51 173 43 144 18 165 251 157 3 107 230 23 20 61 82 225 102 65 238 25
    144 117 50 233 165 130 4 39 248 136 112 37 117 73 59 22 112 103 210
    91 186 74 87 254 197 105 31 158 247 218 63 41 5 168 74 18 254 145 31
    239 35 200 239 155 19 37 66 226 246 177 207 137 86 47 225 170 48 111
    231 61 66 93 142 109 50 178 229 116 183 86 109 25 135 158 50 87 6
    158 41 223 255 30 197 215 159 101 216 41 58 216 29 45 40 223 162 220
    212 68 65 113 231 21 75 208 148 117 19 198 15 36 163 92 233 26 22
    221 5 35 113 224 60 117 149 209 241 244 149 207 217 114 32 164 250
    18 98 58 130 126 217 175 47 174 6 69 242 55 182 87 139 85 62 92 103
    86 199 191 235 110 255 248 33 206 172 47 239 234 10 84 255 207 83 8
    193 31 246 69 226 33 119 186 57 122 55 229 129 101 71 105 198 89 16
    138 94 79 44 5 20 122 112 116 147 181 138 123 187 187 185 255 34 157
    172 163 213 136 219 184 88 118 160 193 137 25 243 176 101 94 217 168
    247 15 113 102 233 134 28 147 6 69 247 21 221 19 124 214 217 56 55
    109 59 114 136 164 56 209 238 223 20 192 145 118 222 9 12 125 125
    202 229 122 200 223 77 16 18 32 250 9 247 176 105 130 33 54 6 214 47
    142 194 139 154 189 177 7 181 10 177 105 119 129 15 154 122 193 114
    142 154 231 184 83 204 10 210 127 58 43 197 209 221 62 164 192 47
    222 135 102 175 170 154 124 46 90 138 154 106 255 109 196 86 67 4 87
    219 21 218 172 128 56 63 244 182 198 111 140 229 221 217 217 73 72
    220 190 181 13 199 249 37 48 179 44 88 222 239 173 120 95 91 177 103
    147 176 170 156 5 60 174 97 222 108 43 103 124 20 39 12 233 93 2 37
    68 164 136 60 136 43 124 165 125 167 218 44 162 37 140 63 191 11 100
    12 254 210 19 86 183 116 228 15 186 216 144 76 180 165 167 150 64 92
    44 41 145 16 64 9 225 227 132 214 46 68 168 218 63 78 72 196 131 145
    159 190 166 253 20 157 119 226 156 53 79 24 81 95 211 193 255 204
    159 84 77 97 58 81 170 86 235 155 177 203 79 108 27 255 164 70 236
    134 198 233 73 222 131 0 219 30 198 82 140 197 16 154 35 72 197 14
    121 191 157 28 224 11 79 132 33 254 141 196 110 6 63 153 120 3 159
    63 183 138 176 169 65 252 68 143 3 8 203 246 228 198 178 147 28 188
    83 169 232 239 33 249 104 34 101 73 53 32 112 35 176 230 12 75 97
    120 100 83 122 75 32 253 94 27 87 116 170 97 148 252 153 191 55 105
    210 239 218 254 61 163 1 122 47 42 87 161 148 158 152 98 132 209 41
    226 123 126 192 208 143 4 4 188 63 165 138 87 155 67 37 114 32 146
    162 254 18 114 108 53 200 244 179 127 173 48 183 197 148 193 99 159
    130 55 232 144 210 139 23 170 47 131 48 37 227 57 34 172 71 64 166
    64 222 190 190 17 222 94 150 188 97 188 102 254 167 60 156 181 184
    119 90 47 168 39 57 60 32 226 212 36 8 125 9 164 2 84 104 188 255
    220 31 240 232 246 41 213 228 175 17 250 228 121 135 147 102 252 8
    249 123 19 31 176 223 177 130 202 94 230 26 196 114 140 45 214 139
    25 247 185 142 232 109 147 12 108 129 194 215 214 193 107 43 19 46
    15 51 215 73 49 198 133 96 231 114 136 6 73 80 54 114 69 43 120 247
    5 69 41 16 109 81 130 91 136 80 19 170 170 164 26 7 53 255 122 111
    229 8 110 24 147 169 50 246 227 29 108 112 219 253 98 101 156 46 243
    75 154 38 59 253 101 115 201 189 221 145 233 132 108 79 245 57 109
    12 195 205 253 161 115 86 134 17 244 212 16 238 30 40 13 168 182 107
    68 125 58 242 19 207 233 48 51 19 200 156 15 22 57 208 19 78 124 195
    183 65 164 29 1 41 110 223 151 115 38 128 43 243 6 115 179 27 41 42
    198 132 233 51 255 4 20 251 34 226 206 1 59 139 95 157 252 30 217
    133 30 48 22 138 103 245 166 98 133 26 173 29 47 163 105 216 155 151
    147 27 220 200 101 112 116 187 136 105 165 157 95 238 132 142 164 83
    160 67 46 193 43 164 113 101 80 177 214 178 96 18 4 136 139 27 80 22
    219 115 226 204 149 88 46 84 12 48 106 33 66 66 80 35 47 65 103 201
    111 55 13 129 207 252 146 22 248 174 151 245 128 185 130 165 215 127
    127 153 78 194 211 171 167 70 117 144 88 7 160 208 161 178 212 163
    127 236 80 95 188 247 189 222 61 96 235 157 76 136 107 208 56 214
    191 125 82 205 57 219 150 181 199 91 205 96 134 165 147 64 34 50 160
    136 255 32 162 206 206 235 85 112 218 25 158 253 142 93 193 5 158
    134 157 140 158 27 173 159 191 153 174 146 151 26 31 185 142 229 229
    163 148 217 54 16 38 7 164 98 9 32 63 235 205 14 185 147 150 65 134
    118 228 107 197 143 86 203 122 214 21 13 3 195 255 177 84 44 213 206
    0 15 192 121 108 79 223 128 30 18 20 6 237 140 36 2 26 27 37 132 92
    13 104 96 26 196 3 235 220 98 222 114 106 199 244 212 20 169 39 45
    151 50 93 228 236 248 38 221 130 209 79 117 95 248 149 200 179 207
    11 110 28 73 88 37 201 95 83 34 218 62 250 3 27 7 4 183 16 33 104
    160 77 178 67 221 184 85 24 231 45 223 241 158 49 234 236 34 34 196
    2 176 4 248 48 72 239 126 125 85 149 178 207 233 190 86 190 17 254
    246 119 152 169 168 234 66 98 233 212 41 219 232 147 152 57 103 73
    199 59 36 197 94 119 175 123 196 237 81 223 83 177 82 67 35 176 201
    127 140 49 228 126 44 26 114 129 247 132 116 186 41 77 72 214 56 234
    143 190 161 231 197 204 84 233 183 57 153 5 169 242 154 215 99 168
    233 204 124 90 175 134 191 148 16 62 97 229 199 251 250 230 145 202
    147 177 179 81 199 72 77 142 161 27 93 114 221 113 239 199 142 109
    172 244 32 169 237 132 121 154 211 165 123 249 174 11 174 92 99 77
    16 79 223 220 204 177 71 60 247 218 241 75 219 115 93 228 147 81 254
    3 83 28 27 218 102 144 79 101 121 90 141 230 99 125 135 137 126 52
    183 103 241 21 212 102 122 55 167 75 255 67 185 217 31 254 165 51
    232 76 132 154 19 81 22 18 149 240 188 71 218 29 160 124 212 68 3
    152 209 164 196 252 116 17 67 134 97 160 7 207 37 254 98 251 200 226
    3 70 162 88 216 191 17 54 125 44 253 197 4 169 73 227 39 111 55 149
    81 15 39 67 55 146 20 136 148 114 0 202 34 85 181 38 150 236 65 74
    239 127 132 19 123 172 121 76 230 126 166 183 154 181 86 228 248 105
    154 6 75 149 119 42 37 15 68 83 238 66 205 77 238 51 55 196 191 45
    65 166 67 182 131 187 75 86 86 166 116 102 9 125 186 175 213 188 52
    220 83 235 232 121 88 231 16 253 228 228 255 16 22 38 6 201 38 26
    222 250 169 114 19 179 165 28 246 102 151 27 243 196 12 99 43 43 56
    201 239 53 133 60 211 196 0 114 176 81 194 210 215 57 11 106 228 213
    23 204 186 168 150 26 76 37 210 200 201 97 30 4 100 218 52 116 181
    167 31 157 153 133 82 111 5 245 231 243 254 2 255 202 186 113 37 69
    117 173 16 32 182 106 147 254 167 165 232 165 170 229 28 246 142 43
    170 159 92 140 24 66 112 114 181 88 246 237 255 139 113 43 149 166
    21 254 49 226 15 205 234 171 138 63 130 94 86 225 84 9 136 163 68 80
    27 133 112 181 107 2 90 209 2 103 186 236 144 212 158 105 223 46 103
    65 149 22 117 108 236 167 101 170 222 27 41 84 73 156 255 254 156
    187 19 198 225 116 232 160 6 189 186 169 235 188 231 200 234 47 136
    65 233 154 65 119 99 80 91 30 56 130 169 163 71 184 50 91 244 99 108
    237 208 250 94 130 123 6 32 242 151 28 115 22 187 124 129 160 4 67
    21 72 243 88 96 3 137 228 220 245 137 20 255 255 56 166 9 89 229 164
    174 85 203 100 73 165 204 215 227 159 158 88 214 182 39 224 146 130
    219 193 81 137 93 225 172 86 173 248 243 80 40 142 82 161 211 105
    139 68 175 166 187 166 46 55 83 228 244 3 152 223 204 169 236 187
    182 38 239 30 140 177 85 62 203 105 117 2 34 22 231 109 169 93 86 13
    110 23 194 26 114 108 165 123 68 249 102 7 66 231 13 204 66 37 101
    57 249 248 121 60 235 54 251 60 201 40 135 238 119 201 166 146 179
    226 3 254 241 246 20 45 66 129 242 17 104 11 107 102 231 8 151 5 10
    189 129 252 88 243 13 68 47 190 42 37 87 248 198 146 137 244 66 55
    174 160 58 129 140 28 214 8 141 12 44 73 70 160 215 155 10 31 150 1
    3 142 115 8 191 135 181 224 189 51 201 114 126 155 72 248 247 34 73
    138 52 179 237 130 103 51 123 9 199 135 0 241 142 245 177 217 114
    177 143 58 90 81 100 201 111 175 80 23 191 211 154 148 74 18 140 232
    156 29 220 0 64 194 241 114 176 201 37 202 4 155 63 20 12 67 113 45
    33 228 240 198 177 165 209 53 41 139 189 44 136 182 127 55 20 108
    110 101 130 107 217 216 49 143 107 84 118 220 234 107 117 88 85 237
    176 241 251 203 99 242 195 70 236 84 143 222 161 237 35 234 238 128
    189 84 237 218 225 197 148 196 251 220 0 181 42 127 227 175 244 220
    235 131 193 237 68 200 171 20 15 117 114 76 222 231 121 170 208 183
    49 55 179 236 134 195 166 76 97 174 162 79 230 218 253 49 194 207
    100 27 115 112 128 79 42 79 94 245 240 113 186 134 51 97 88 213 96
    127 61 89 51 139 43 108 12 213 158 16 226 237 112 137 188 172 35 149
    193 225 188 198 90 241 204 229 149 107 53 145 248 66 51 5 60 58 190
    78 217 108 194 29 43 243 114 167 124 216 247 154 123 58 75 239 120
    82 25 147 110 193 117 253 84 12 30 41 180 204 101 152 71 229 78 58
    23 196 0 146 252 107 16 194 122 144 255 46 127 200 16 37 0 41 5 125
    179 9 0 28 89 142 9 96 183 242 121 205 141 73 202 143 36 106 76 81
    18 163 83 68 201 124 152 227 215 139 239 139 220 174 12 169 39 158
    244 49 113 103 62 228 38 21 177 41 90 125 199 253 182 146 216 64 209
    52 20 170 173 191 135 43 178 19 238 154 227 227 238 145 121 175 143
    168 189 52 195 26 242 20 253 62 240 34 126 6 81 242 148 94 144 151
    193 107 157 81 84 59 74 32 252 130 168 64 20 122 144 44 40 194 121
    70 159 12 230 137 135 98 86 193 118 15 108 130 29 203 184 187 41 32
    96 94 120 156 81 52 3 2 191 183 5 65 182 164 60 2 173 116 232 161 28
    195 241 136 247 186 202 152 35 240 205 45 126 36 176 2 245 254 106
    112 79 2 173 221 229 32 27 23 133 85 25 44 174 198 50 127 240 130
    102 58 141 156 12 33 45 105 93 130 78 233 113 209 91 12 73 180 161
    226 32 72 252 132 95 245 99 93 30 166 33 57 155 12 128 138 93 45 108
    103 240 19 246 167 244 254 172 133 98 75 70 224 26 136 164 240 27 0
    241 142 126 107 116 224 162 201 188 216 242 225 223 225 24 247 217
    67 78 191 2 219 79 151 20 132 209 89 35 184 233 251 160 239 12 201
    155 6 213 199 40 131 251 186 178 112 43 90 63 48 103 51 54 168 161
    40 33 37 128 1 191 224 226 223 139 39 60 212 153 133 244 201 50 54
    173 89 175 86 222 6 169 16 60 116 243 24 10 157 97 234 142 6 51 85
    96 196 193 31 159 82 193 210 107 74 109 122 84 192 192 208 162 47 76
    221 215 236 177 142 232 254 11 201 126 95 131 131 152 219 6 68 168
    48 32 25 77 91 98 105 201 191 118 79 70 153 118 87 126 197 48 29 110
    253 25 255 233 233 101 14 179 149 39 57 63 93 115 215 85 129 126 57
    101 7 205 39 157 34 122 185 38 139 99 61 212 95 233 166 84 92 224
    245 30 128 255 24 244 213 86 78 50 108 107 195 229 20 79 137 204 211
    6 172 203 197 134 160 87 112 135 95 72 87 207 164 238 28 53 54 163
    214 166 246 22 187 192 190 162 12 196 88 93 21 99 13 118 179 24 135
    222 241 98 91 222 173 9 238 175 31 222 60 190 58 211 129 84 6 192
    129 101 129 131 192 135 67 218 141 119 232 139 19 169 170 52 229 203
    101 153 28 228 64 148 3 86 100 186 108 23 175 183 88 8 57 251 71 117
    59 222 21 126 195 68 11 172 16 128 73 98 146 180 42 238 224 13 189
    16 84 130 212 20 186 221 154 129 224 157 196 200 204 232 137 56 248
    42 78 55 6 47 135 109 126 147 146 38 30 145 251 246 12 209 187 218
    130 170 162 46 112 10 101 116 161 217 196 221 75 119 87 193 255 69
    15 59 218 243 231 51 239 63 72 38 187 122 178 229 212 148 147 127
    246 146 59 237 118 110 105 68 107 102 236 214 154 116 131 239 142 86
    138 227 132 242 20 40 21 224 188 21 108 23 18 136 48 9 108 200 168
    35 137 226 150 165 215 42 203 107 12 253 252 58 172 8 57 114 240 138
    28 128 0 198 171 42 47 27 131 78 110 53 148 38 69 19 168 212 218 144
    104 9 209 112 247 113 221 219 217 104 232 250 111 250 59 136 44 251
    208 160 203 169 59 13 230 103 229 163 70 20 147 140 63 174 190 202
    174 117 167 26 246 206 121 23 35 11 46 94 235 200 123 56 188 166 177
    136 76 30 117 105 24 133 140 2 233 12 33 216 154 94 24 33 69 200 4 1
    37 79 181 36 7 73 200 223 195 74 98 22 58 196 190 9 139 219 80 183
    61 140 183 38 226 201 45 203 213 174 5 105 196 221 70 112 14 248 154
    163 66 142 77 90 80 183 239 21 246 150 130 131 172 175 74 47 250 114
    181 21 160 59 239 173 175 91 212 16 195 20 124 136 53 28 47 101 133
    152 36 249 66 21 67 165 185 126 174 130 68 102 155 157 235 176 19
    202 119 91 218 76 16 180 36 0 180 200 135 77 142 10 91 78 99 16 196
    184 207 133 87 70 177 246 70 193 75 74 241 111 38 130 9 91 37 63 155
    127 22 135 222 191 154 198 22 151 223 100 166 127 42 167 230 194 177
    146 198 30 5 226 10 77 20 192 231 204 56 219 246 143 145 118 230 15
    123 126 36 240 136 180 6 214 185 117 106 10 146 161 193 147 250 123
    19 228 25 176 130 179 28 229 134 248 76 212 213 15 68 230 39 31 18
    92 178 63 165 236 54 173 44 156 8 84 127 54 135 83 226 99 25 80 54
    248 59 200 27 2 75 182 187 50 143 143 84 25 1 81 53 190 184 189 55
    12 94 80 70 177 232 131 206 0 206 225 19 199 247 190 147 153 78 136
    116 42 210 164 98 105 90 13 113 108 59 251 235 211 3 0 13 238 142 61
    193 9 219 218 35 185 132 219 99 38 159 50 207 182 75 181 6 231 174
    18 26 149 116 184 23 241 186 61 100 236 16 4 90 74 140 252 65 28 83
    158 203 173 17 52 2 2 99 229 239 222 160 224 99 216 192 63 84 51 103
    19 8 24 96 234 240 207 212 13 250 14 17 102 238 217 100 130 125 89
    195 172 68 210 113 231 66 136 6 85 211 106 160 49 191 38 244 253 159
    17 166 23 20 148 177 121 223 64 14 85 241 238 135 74 172 102 128 18
    123 170 82 141 6 50 94 171 103 89 139 199 246 1 139 29 182 156 58
    118 166 123 84 70 118 20 158 27 101 176 83 211 90 237 30 250 191 121
    18 33 198 130 90 96 5 196 231 226 110 33 134 240 2 141 69 234 134
    198 250 152 150 245 184 130 20 107 117 246 200 118 174 65 202 193
    246 242 78 246 251 138 128 253 228 246 98 231 64 28 71 231 140 4 213
    92 208 120 206 159 222 128 254 171 88 121 96 133 115 232 34 72 99 9
    229 110 141 84 228 100 222 42 218 15 206 179 145 251 101 246 74 11
    80 31 5 221 163 147 242 220 119 125 2 132 217 159 40 29 181 66 209
    231 51 45 202 217 203 155 185 25 187 95 166 154 220 59 124 49 27 226
    27 107 195 224 40 244 244 184 94 248 201 163 9 38 109 99 7 46 4 203
    114 220 25 8 157 3 47 198 48 234 185 239 157 83 210 36 128 113 167
    90 2 206 163 93 79 122 119 251 49 51 54 3 23 245 210 26 19 197 203
    60 119 13 220 46 59 0 11 193 161 154 122 47 231 193 103 5 93 111 237
    3 26 43 120 126 217 185 145 56 187 231 154 255 23 140 138 73 101 184
    28 45 53 176 153 94 57 95 239 1 89 18 240 167 97 129 64 36 157 183
    70 206 94 90 143 210 192 118 181 190 200 229 113 165 74 85 118 135
    135 109 226 7 70 91 0 100 231 23 47 89 56 95 231 188 111 20 32 224
    153 163 167 111 96 33 206 132 176 121 219 137 80 99 186 53 91 145 14
    164 107 188 70 44 12 121 12 187 137 219 47 182 12 244 221 19 104 165
    171 251 202 157 135 189 187 224 19 82 221 102 126 18 253 15 178 82
    203 126 85 48 59 110 133 31 224 233 58 76 145 211 111 111 56 73 202
    107 198 112 15 33 38 161 119 60 83 34 103 56 48 77 93 43 84 116 0
    124 203 38 186 47 181 41 122 134 237 198 185 72 192 16 234 189 16
    226 100 85 237 202 118 51 31 116 63 206 240 88 235 101 70 211 166 41
    62 141 71 85 67 107 16 251 11 136 78 200 130 163 216 71 177 85 237
    132 108 116 163 205 16 37 227 5 49 230 141 120 255 113 84 185 132 97
    10 112 18 141 81 247 18 69 209 198 29 230 36 17 119 41 93 106 73 161
    149 187 24 30 83 1 148 219 177 143 231 168 145 207 25 207 50 84 192
    66 130 232 52 237 204 51 180 34 0 231 75 80 244 47 243 119 14 165
    244 53 65 38 38 90 132 253 153 220 122 58 245 197 153 67 35 251 143
    99 34 13 233 136 145 203 24 5 181 177 35 223 89 56 154 157 189 114
    25 186 229 254 180 9 92 63 118 166 210 203 44 252 20 241 171 102 209
    252 103 41 191 176 211 231 252 193 198 154 217 129 154 166 49 220
    189 4 47 123 47 229 180 22 168 45 183 61 227 157 44 82 13 176 130
    117 59 121 18 92 122 64 19 45 96 100 254 155 99 219 22 88 15 236 93
    196 210 249 17 243 247 147 105 27 32 230 214 131 46 110 216 253 158
    235 58 202 96 211 117 177 190 136 19 72 216 230 124 193 153 81 51 49
    51 67 215 204 180 62 168 96 90 80 193 107 15 221 128 75 176 99 180
    31 243 124 32 81 185 116 34 2 167 169 174 168 231 29 153 172 157 120
    247 187 142 126 81 121 3 35 88 172 181 131 93 204 90 50 65 142 47
    247 87 31 178 54 138 36 48 243 191 228 2 1 202 166 102 103 152 175
    51 121 199 175 153 147 125 231 123 178 23 208 64 130 178 63 190 81
    226 92 45 95 250 145 147 93 187 228 8 50 61 97 144 49 131 100 198
    251 5 186 235 98 203 187 134 153 107 177 196 88 168 216 128 110 47
    245 61 140 46 239 245 185 210 224 106 83 96 73 32 15 31 47 39 115 23
    218 12 86 189 226 42 184 28 180 80 255 140 2 73 84 150 163 223 190
    231 254 164 212 96 51 246 88 143 159 80 34 93 17 80 167 82 62 1 255
    116 35 147 217 221 150 73 119 93 197 150 41 11 128 198 11 210 156 78
    140 166 140 208 244 7 150 114 43 144 55 158 163 249 158 60 234 201
    73 201 141 101 86 1 37 209 137 207 154 129 170 184 212 131 238 4 61
    9 139 242 178 59 204 160 243 233 16 79 203 198 220 55 82 59 33 112
    186 188 150 122 74 66 97 35 62 150 133 117 67 211 226 107 129 172 2
    70 66 19 46 153 111 51 97 190 151 127 139 203 76 174 144 76 166 188
    35 59 144 174 114 168 13 197 197 156 1 136 121 84 65 27 157 84 226
    217 150 14 161 14 210 200 33 149 161 179 216 205 215 238 42 149 97
    95 144 68 113 195 11 132 222 43 86 136 252 167 2 2 75 64 74 22 25
    150 43 18 40 251 131 206 185 0 191 187 232 143 135 96 103 220 25 18
    36 171 50 24 74 36 147 153 131 28 117 156 229 87 195 231 234 46 178
    169 6 243 110 165 47 114 89 161 146 20 164 38 193 221 193 18 204 209
    75 100 194 137 124 144 71 176 35 6 198 195 37 192 169 79 221 31 227
    160 94 225 212 90 173 4 158 1 157 205 162 66 45 58 20 67 202 227 250
    154 45 56 166 19 33 5 148 13 56 218 240 19 214 239 190 236 190 99 53
    127 87 246 253 30 97 124 243 206 235 17 137 240 167 178 204 64 172
    231 110 89 60 233 22 68 171 229 148 97 155 39 190 211 240 228 131 20
    117 101 20 115 192 15 184 197 83 30 32 55 74 140 35 49 128 220 78 22
    170 183 128 209 73 214 133 238 128 43 56 82 206 233 208 138 210 145
    0 160 209 169 180 81 120 160 81 236 68 236 1 217 159 29 87 34 134 61
    108 44 168 30 76 173 252 5 64 171 81 86 225 179 248 30 46 135 90 243
    61 171 42 118 195 59 226 69 185 86 134 71 213 101 20 146 16 51 244
    68 207 28 225 191 83 209 189 110 200 220 219 96 39 70 147 79 252 203
    203 242 44 245 203 56 128 149 181 248 173 252 123 241 125 67 79 25
    154 225 32 66 178 107 248 25 46 69 72 70 79 148 20 97 20 194 192 11
    20 74 165 129 199 69 108 162 94 232 231 168 192 136 142 36 6 19 126
    215 238 49 53 206 30 123 236 74 105 0 50 133 142 67 155 164 199 248
    75 42 28 216 196 168 40 87 43 47 167 90 230 112 223 201 228 194 229
    59 93 58 54 203 38 168 168 151 252 28 6 28 235 133 135 74 155 248 22
    10 249 100 116 229 30 253 167 20 103 15 86 254 144 73 178 221 30 232
    123 44 21 71 248 173 99 242 125 208 33 89 184 16 194 224 247 162 194
    135 142 137 92 207 215 116 103 208 166 178 55 248 194 255 52 205 97
    110 107 84 253 249 190 192 233 148 66 81 216 167 111 4 133 181 57 55
    253 201 123 1 76 79 195 240 174 198 111 20 211 222 125 100 33 165
    212 235 0 8 188 110 137 180 32 231 55 155 48 62 130 62 150 148 119
    51 87 118 169 94 174 218 179 212 195 111 53 153 3 173 142 221 207
    158 201 228 132 84 20 92 34 81 210 255 212 207 63 148 155 48 28 245
    114 93 205 39 78 188 230 85 131 82 160 163 141 173 181 237 50 34 149
    119 193 135 221 24 162 5 156 120 250 161 64 119 71 4 165 40 187 195
    54 176 200 226 67 138 19 227 114 225 162 55 14 12 205 240 142 115 17
    113 216 176 210 19 108 87 107 115 14 50 205 59 78 239 189 1 44 26 38
    51 246 119 32 206 32 101 204 162 50 209 217 17 52 211 148 119 51 202
    152 164 123 103 172 34 247 96 162 69 189 232 63 202 55 186 137 63
    150 136 13 158 187 127 224 146 25 141 115 190 201 7 169 159 168 33
    195 245 120 144 206 178 100 239 201 153 223 103 119 144 208 255 215
    254 6 224 164 124 205 107 173 137 212 18 200 9 168 207 198 72 211 82
    230 157 125 115 134 77 227 18 203 34 212 247 70 189 3 2 134 85 228
    218 75 72 236 183 167 57 232 213 220 69 209 211 89 189 194 84 154
    254 34 61 42 36 235 21 141 177 202 155 227 174 136 215 5 141 232 207
    163 56 219 106 165 2 49 149 154 189 41 174 91 97 134 91 226 141 46
    81 159 200 14 96 134 134 3 46 99 46 73 113 219 231 199 56 84 177 56
    43 14 33 134 215 1 84 97 38 115 248 135 152 172 247 232 59 224 173
    30 150 49 240 168 190 251 56 30 237 211 40 223 217 157 46 94 41 228
    170 157 109 63 84 120 87 56 137 20 33 65 62 120 149 82 167 216 192
    237 189 74 127 70 180 178 240 93 9 92 43 95 12 131 152 53 30 84 224
    78 100 231 165 204 29 143 15 69 75 50 138 205 30 36 70 196 107 200
    103 133 93 193 56 17 241 22 63 206 93 87 88 162 44 144 31 225 230
    108 62 184 131 132 117 205 65 238 188 175 81 41 192 78 117 122 213
    176 90 175 218 61 24 63 251 254 142 233 25 34 37 145 137 91 70 134
    173 119 156 63 178 251 44 140 1 255 148 125 43 162 156 199 247 101
    49 105 133 170 182 87 212 254 208 69 92 157 240 247 230 121 152 217
    143 49 33 55 98 211 168 138 86 246 234 222 83 195 16 8 242 138 200
    29 236 63 241 96 178 105 26 141 192 173 183 138 251 143 114 190 254
    249 112 219 70 33 71 145 157 38 171 3 20 26 34 122 186 118 229 195
    43 216 21 66 244 222 254 159 227 151 78 78 121 61 210 87 129 184 178
    96 78 130 61 153 45 85 194 196 105 66 52 249 143 45 93 192 49 105 27
    60 103 244 88 8 238 208 159 225 46 113 180 160 208 229 237 83 89 2
    49 241 31 193 28 125 219 186 82 122 31 211 181 98 233 170 254 158
    143 93 26 217 86 8 149 213 121 225 188 41 28 220 118 48 39 189 32 79
    193 157 5 68 115 27 116 235 3 212 105 132 95 56 47 18 95 63 109 96
    250 117 201 181 88 255 133 152 162 46 235 141 173 11 254 123 183 84
    162 23 243 226 95 76 167 242 58 105 134 220 76 177 133 152 77 33 86
    192 172 91 24 48 150 40 62 54 69 25 173 163 75 81 29 154 84 101 194
    163 223 0 230 119 17 36 0 127 127 124 103 208 17 143 152 79 93 4 144
    146 145 162 98 227 8 59 135 14 11 65 148 0 133 101 189 18 234 41 243
    205 88 63 119 39 143 16 134 70 145 61 26 91 251 208 231 151 38 53
    252 130 192 244 15 30 187 145 138 18 247 232 240 113 25 115 68 76 7
    194 211 108 32 109 213 92 12 184 99 20 61 23 12 161 27 38 62 219 216
    132 250 189 119 54 235 18 126 224 194 26 228 10 200 201 177 2 22 230
    193 78 33 101 148 1 95 13 102 154 207 104 17 211 226 60 224 226 77
    231 152 76 242 55 96 127 202 220 57 174 11 126 223 175 246 94 33 162
    193 229 28 150 120 21 178 41 115 104 91 153 63 101 178 155 120 215
    86 153 232 49 59 112 126 195 102 227 65 127 116 56 48 247 69 103 170
    13 226 162 70 160 24 57 158 166 30 160 150 154 225 99 194 98 199 27
    127 42 148 207 114 206 105 0 100 21 81 246 25 28 115 30 242 77 95
    197 200 174 242 76 34 94 175 93 36 250 60 223 255 198 210 22 168 187
    107 64 11 36 65 50 168 250 168 236 243 78 156 55 117 90 238 89 9 249
    2 129 110 97 216 136 49 43 78 13 126 35 132 93 38 34 204 153 144 49
    55 133 113 117 230 211 140 189 104 70 239 68 84 84 250 4 11 165 232
    99 167 112 114 41 80 24 4 194 116 3 113 205 38 0 112 176 31 13 1 213
    45 176 214 167 34 11 37 86 196 30 224 0 227 54 108 122 42 67 42 12
    206 2 173 127 56 186 85 49 224 37 244 163 85 94 38 84 134 171 226 77
    158 134 195 10 64 59 27 133 49 37 42 90 130 189 41 242 92 212 87 132
    35 69 6 112 232 22 238 56 236 108 226 27 7 68 64 76 77 158 148 117
    57 25 234 231 164 29 242 117 44 201 43 73 166 160 181 94 116 1 7 144
    127 81 57 109 208 190 172 16 112 118 164 83 48 106 245 147 113 190
    146 162 235 132 170 254 173 123 139 223 2 251 205 170 179 13 98 226
    237 151 207 47 62 161 182 252 47 56 28 108 192 221 116 115 179 4 104
    175 61 53 228 19 101 222 155 227 96 191 60 209 155 244 184 159 89 39
    221 232 191 173 164 32 24 141 112 161 105 104 133 237 240 176 250
    228 62 198 155 213 28 70 13 77 30 93 169 84 43 45 186 18 82 109 107
    210 5 250 207 44 241 222 22 89 36 123 223 211 121 242 153 55 252 56
    4 102 35 149 34 250 19 182 144 35 128 229 76 131 194 117 190 122 160
    160 11 221 175 12 249 31 210 42 13 13 39 17 194 178 75 189 119 21
    118 169 174 15 195 144 54 65 213 38 79 61 55 229 195 38 247 20 72 49
    232 181 76 99 45 219 57 63 70 221 98 192 194 106 248 64 178 154 74
    139 165 158 139 11 142 196 123 219 15 181 252 105 94 30 107 201 68
    151 214 58 92 217 238 37 181 133 21 176 23 255 223 151 216 78 207 71
    112 54 5 52 142 12 116 55 177 85 199 228 22 243 65 202 111 193 216
    103 78 115 184 199 244 92 177 118 228 32 152 59 134 170 222 147 151
    156 104 227 24 213 49 183 91 65 200 250 32 97 35 44 222 66 1 66 140
    170 87 192 23 94 214 66 26 31 240 172 199 124 158 181 230 68 30 135
    33 36 140 112 194 243 151 246 155 44 21 191 253 241 88 184 59 30 157
    247 240 206 28 186 31 106 84 198 198 31 113 62 11 178 193 145 53 66
    173 78 155 208 193 67 69 106 174 99 177 94 152 152 89 203 202 8 190
    192 111 155 185 163 47 209 148 175 110 177 10 10 127 28 94 107 93 18
    176 171 239 111 251 208 224 224 105 32 234 187 224 87 150 109 119
    101 52 194 44 195 214 131 10 124 4 152 82 104 115 98 72 197 113 41
    93 186 236 73 200 184 100 140 53 50 76 240 45 203 147 21 29 167 112
    128 174 66 22 226 25 212 6 230 132 127 174 229 76 153 172 148 77 75
    116 198 130 188 200 105 108 111 45 215 41 198 5 108 248 227 155 192
    222 38 8 146 101 20 194 54 26 233 238 155 184 187 249 61 32 139 215
    8 138 21 50 44 162 52 210 29 158 42 74 131 109 201 45 121 150 96 210
    25 36 36 254 231 188 135 205 53 166 165 192 253 95 24 156 49 195 37
    248 74 214 98 100 71 3 147 129 135 48 212 225 193 154 237 23 35 40
    157 186 4 53 122 240 232 17 57 72 136 89 113 245 165 66 142 122 7
    254 241 249 66 202 65 27 235 189 103 42 219 199 194 69 121 127 233
    140 66 189 215 167 11 2 129 8 205 227 75 4 7 66 193 51 75 222 248
    205 121 184 84 216 0 23 41 156 64 137 71 120 79 149 13 187 47 119 89
    74 48 78 138 18 30 178 140 59 32 34 189 179 118 192 52 201 191 224
    210 157 187 144 68 209 251 85 182 15 217 169 18 60 185 20 13 164 3
    152 19 18 27 57 15 192 77 33 218 170 96 97 151 139 202 139 223 154
    123 202 221 29 40 98 107 130 218 142 245 163 124 52 244 51 24 124 88
    33 251 144 187 129 178 180 127 144 192 184 121 109 225 245 146 92 19
    164 91 87 235 11 122 252 121 192 235 250 251 14 64 131 91 42 99 177
    156 102 236 90 40 83 82 5 82 62 99 154 20 55 81 52 78 65 27 247 161
    88 63 6 220 79 254 116 118 28 4 184 209 19 168 137 240 36 27 107 49
    42 229 202 208 105 48 206 227 207 191 21 15 220 177 223 152 153 212
    73 110 120 7 255 249 122 135 84 229 122 110 36 31 137 42 142 140 100
    165 234 197 121 168 8 149 67 177 48 153 157 31 118 232 26 13 7 55
    165 142 41 43 42 214 192 233 192 141 139 66 220 121 49 86 1 130 186
    221 156 188 99 19 183 70 61 181 233 243 147 136 205 222 49 251 139
    32 0 10 185 136 98 14 168 123 242 145 211 208 149 181 43 204 15 97
    25 179 61 125 52 0 242 105 43 230 198 159 107 74 25 220 234 135 9
    244 155 204 243 47 123 151 112 150 145 137 191 8 82 197 63 78 254 34
    118 191 10 191 136 34 111 46 88 168 107 195 52 196 253 30 54 116 22
    191 159 238 40 45 62 224 78 18 34 146 217 162 14 205 33 120 168 132
    251 103 1 164 246 45 173 50 35 230 29 50 30 215 235 64 221 96 98 238
    46 203 164 136 17 14 127 136 234 153 23 234 215 98 100 90 224 212 14
    216 45 146 174 231 55 250 239 241 89 134 86 253 135 12 217 141 186
    62 54 77 178 196 179 39 241 47 196 52 144 13 3 89 195 86 248 177 241
    203 142 149 110 207 85 101 222 1 171 81 241 36 77 58 231 134 205 250
    89 197 148 122 197 84 61 14 234 247 134 113 221 29 138 97 239 125
    107 24 254 75 77 106 210 95 152 230 247 39 197 90 47 202 141 199 48
    139 80 66 214 196 75 63 173 228 12 199 147 232 227 222 115 181 10 61
    30 137 7 110 52 114 229 63 73 29 159 31 172 120 119 239 122 51 83
    255 181 56 101 233 49 8 5 135 14 30 192 150 245 228 128 167 73 33 14
    166 45 223 209 126 185 236 154 66 36 129 26 120 160 138 108 217 87
    180 176 9 133 172 228 50 35 193 198 193 117 53 107 15 141 219 143 75
    165 199 44 68 197 173 213 61 127 59 35 234 206 191 153 173 239 66
    236 227 37 248 69 238 155 80 210 35 217 222 150 160 46 60 54 208 239
    14 112 22 137 26 224 52 20 33 125 16 24 56 224 191 39 198 88 82 70
    139 194 209 102 230 137 211 238 216 254 229 69 123 140 73 139 84 43
    64 224 91 234 0 36 20 9 133 112 248 227 138 150 192 140 186 94 196
    146 243 12 145 180 93 13 204 75 187 182 31 240 202 229 108 14 157 69
    174 210 31 128 90 231 10 252 2 101 73 171 100 176 212 210 22 19 59
    107 165 127 140 215 245 146 112 106 49 247 138 4 42 4 76 159 16 39
    82 89 254 203 185 249 137 229 68 53 78 197 85 224 249 205 128 64 195
    249 128 22 207 234 41 95 125 189 52 84 124 233 97 197 247 3 74 122
    75 102 157 103 76 251 191 53 227 87 220 51 90 130 148 249 241 49 166
    164 203 208 34 104 233 109 185 49 58 233 17 208 156 124 98 211 239
    16 50 236 17 214 77 22 197 235 12 4 220 81 202 26 190 203 160 146
    224 16 207 54 108 92 237 236 186 138 189 159 223 244 147 195 140 249
    65 193 195 165 48 215 94 166 101 166 122 66 29 161 83 115 59 201 44
    215 148 63 236 214 253 97 229 151 195 191 135 169 194 185 190 202 87
    195 108 248 185 61 206 226 86 212 90 247 167 129 195 54 70 226 188
    94 163 221 54 115 180 33 214 134 209 154 107 46 173 178 66 129 45
    158 74 149 69 51 129 178 12 240 159 246 253 96 33 220 51 162 58 103
    84 230 7 221 199 215 39 35 92 196 79 128 9 141 200 112 216 8 4 224
    13 22 26 42 188 67 250 153 106 11 16 192 234 1 113 201 115 170 252
    116 23 124 109 101 118 122 94 144 1 152 113 2 199 152 118 242 237
    146 14 185 63 81 213 136 250 121 181 144 232 249 120 142 223 29 202
    37 179 224 123 143 74 40 110 91 144 185 59 81 35 74 49 200 65 103
    251 86 240 124 224 193 236 198 126 246 128 131 246 247 68 124 3 80
    165 91 97 222 164 147 112 9 46 145 127 244 46 219 153 53 108 120 47
    5 39 202 250 5 223 63 42 166 236 209 250 112 195 67 104 83 106 3 211
    150 182 200 135 86 178 252 247 42 73 172 31 136 77 214 126 216 93
    137 199 90 53 207 189 109 94 94 158 94 146 22 59 164 179 48 184 157
    239 7 86 103 220 56 48 99 110 58 56 8 159 24 12 98 213 244 23 161 20
    238 28 134 46 33 86 0 113 81 145 142 226 102 78 71 164 126 183 230
    244 249 165 72 161 2 236 200 98 36 78 2 48 180 19 246 62 223 127 21
    7 183 53 57 84 14 115 233 240 62 47 187 226 136 160 116 216 220 86
    248 171 141 12 85 19 77 45 163 250 147 185 150 181 191 59 224 103
    149 44 245 49 18 79 55 121 142 238 156 53 167 211 223 130 252 38 174
    189 152 54 206 248 241 150 130 222 78 120 13 192 126 119 4 185 21
    255 160 38 66 57 132 150 65 74 2 48 199 101 194 146 216 9 123 235
    166 147 21 2 103 118 36 119 45 224 148 174 134 251 29 155 149 24 182
    6 224 8 181 169 249 9 35 217 135 20 18 89 144 183 109 32 108 109 21
    181 151 91 45 9 59 145 243 103 191 179 24 47 79 148 72 13 132 239 76
    203 212 0 255 143 229 226 152 150 54 28 181 59 205 97 79 50 2 85 69
    141 210 115 220 96 69 225 18 131 159 7 195 17 204 135 204 132 56 135
    238 100 115 245 42 55 60 32 198 245 9 189 119 124 107 167 83 86 238
    187 10 13 120 203 96 204 110 251 164 201 75 188 239 227 29 29 45 95
    185 8 49 73 91 39 28 140 99 90 176 122 32 200 18 172 173 105 249 178
    210 212 11 178 50 117 255 4 235 117 66 240 131 50 224 199 167 129
    131 193 245 83 50 220 102 86 97 205 228 24 216 146 4 75 86 21 67 46
    195 24 200 152 177 209 61 134 64 80 56 205 201 2 41 13 217 52 38 142
    92 248 23 154 47 125 119 18 243 112 18 218 80 182 27 236 114 235 189
    33 60 151 123 9 58 115 204 162 219 1 4 1 122 34 163 209 241 168 182
    243 15 190 16 255 124 133 45 170 195 138 65 49 249 16 60 248 86 165
    243 129 158 94 86 61 148 1 221 162 109 39 37 211 46 30 116 135 210
    61 71 252 107 167 184 145 51 102 237 233 255 173 167 13 228 79 111
    29 4 29 152 200 84 205 176 201 109 136 128 234 181 178 47 204 150
    142 234 161 183 87 56 53 165 131 43 89 224 181 210 192 124 246 40 29
    125 115 107 126 7 193 229 29 129 164 239 199 36 74 183 12 24 122 146
    65 202 194 44 141 149 220 95 178 39 142 157 51 208 170 178 98 148
    133 70 174 104 249 138 179 62 110 120 139 178 94 179 228 88 188 173
    145 203 199 13 88 129 175 6 37 12 229 67 134 117 59 22 162 28 150
    218 105 223 92 168 88 224 212 4 220 115 254 155 47 6 146 38 11 139
    238 158 71 178 50 122 169 220 131 162 15 88 146 211 172 56 14 173
    228 226 246 161 66 169 79 43 204 104 222 179 76 225 106 157 207 47
    109 59 140 111 88 112 165 252 171 227 187 42 248 216 117 248 3 251
    250 21 110 166 140 137 188 158 61 94 102 55 113 56 98 163 85 202 49
    239 96 97 139 90 141 99 173 78 44 220 197 143 68 17 255 60 67 63 203
    176 182 148 10 54 207 220 38 200 169 78 65 236 129 162 166 81 183
    255 50 124 44 103 24 24 11 52 30 221 180 228 96 223 108 141 242 176
    10 119 91 252 138 77 168 225 217 124 60 160 80 182 222 114 243 84 70
    150 91 124 202 208 75 100 30 202 1 199 229 198 223 165 45 86 254 143
    174 159 47 105 148 145 16 238 226 25 94 78 9 104 40 169 231 27 5 218
    49 115 223 199 140 97 192 220 96 232 130 104 255 58 171 186 185 156
    154 116 188 195 48 215 84 0 240 255 38 5 217 20 226 196 1 202 74 125
    10 11 53 62 246 197 76 210 108 167 106 43 63 192 107 144 178 241 40
    209 148 107 235 119 235 227 11 94 186 137 185 120 95 29 123 231 127
    132 157 94 68 223 29 32 98 10 254 251 228 49 51 179 248 157 195 231
    242 10 137 129 74 231 226 16 86 124 33 129 203 27 238 247 147 0 58
    192 46 237 21 109 255 214 77 102 84 67 184 115 75 218 28 28 69 176
    55 18 37 123 149 147 245 147 59 202 191 224 243 64 178 110 141 244
    210 127 31 44 219 196 124 185 52 210 174 67 51 30 201 14 214 4 184
    114 212 112 15 52 162 16 167 148 146 37 79 164 112 148 179 69 209
    119 80 210 31 187 128 141 115 83 122 50 86 91 96 123 143 207 232 15
    131 77 49 187 163 41 145 107 2 198 104 51 193 196 119 153 8 141 29
    229 195 160 123 106 39 12 42 78 226 175 50 125 48 91 105 2 44 58 153
    64 235 242 165 186 59 205 229 37 174 207 219 183 212 103 120 0 178
    129 81 52 90 169 153 235 116 85 96 176 141 100 210 112 60 115 214
    198 45 117 28 156 23 246 80 73 208 186 95 155 208 81 68 215 196 215
    41 13 2 182 14 124 126 173 55 80 219 120 147 228 92 54 46 41 101 41
    31 217 233 163 3 184 222 116 106 121 140 129 109 110 219 100 145 160
    185 14 169 228 212 185 135 194 156 162 18 15 199 84 164 172 184 13
    203 254 139 162 238 193 67 230 118 123 214 25 61 28 116 133 196 222
    133 65 55 6 6 136 63 108 182 179 150 27 101 192 36 78 205 101 114
    143 170 52 16 201 232 35 240 79 219 154 85 86 93 43 164 11 30 247
    201 8 22 45 32 94 91 25 161 143 144 168 196 169 102 230 149 53 91
    254 174 55 96 156 142 205 195 139 170 223 185 235 7 197 31 89 227
    213 190 237 9 252 116 247 126 16 204 140 155 248 81 121 185 51 5 79
    44 3 97 129 173 190 120 70 194 93 125 116 70 27 60 79 123 109 21 78
    172 176 71 188 66 130 43 122 54 174 228 77 69 22 16 32 224 95 193 23
    176 228 216 108 136 53 66 255 86 192 78 233 67 29 38 46 150 28 137
    136 113 121 19 225 171 19 239 49 50 126 73 193 41 60 102 167 183 66
    200 84 90 221 252 22 59 114 215 170 220 238 102 88 94 108 51 208 153
    48 198 21 41 111 21 118 225 149 7 15 111 222 34 210 54 175 69 5 120
    137 138 97 157 150 55 124 34 245 163 224 248 84 6 234 106 174 249
    153 141 226 57 17 125 97 226 252 67 125 2 147 154 185 64 101 218 157
    194 103 107 62 123 187 34 11 231 100 168 101 128 173 62 191 132 148
    159 202 165 235 154 198 251 198 69 69 12 24 9 145 52 84 200 252 172
    30 212 253 98 95 154 19 242 246 44 214 110 162 209 9 115 121 195 204
    60 187 108 236 81 149 251 66 198 7 197 4 55 46 98 92 3 33 222 63 202
    111 196 198 62 124 140 43 245 87 138 107 90 15 241 218 95 13 201 37
    156 255 182 96 37 112 7 184 132 234 140 223 210 250 34 131 142 223
    210 168 223 0 205 55 125 91 239 87 196 83 154 209 53 184 237 176 73
    24 210 79 65 71 34 187 166 54 75 95 88 223 99 199 193 54 86 252 158
    229 99 101 14 18 71 30 205 255 133 14 180 157 247 11 111 45 10 119
    173 138 227 87 84 167 134 153 159 54 222 244 215 20 207 141 187 219
    130 245 81 159 158 246 54 27 209 148 229 172 33 159 87 187 215 49
    190 252 152 92 72 174 206 58 33 201 251 54 189 102 195 52 118 162 49
    54 163 86 248 205 238 235 222 131 6 213 63 195 171 63 58 12 75 204
    80 17 173 112 121 230 63 221 174 90 170 183 99 132 23 197 177 246
    148 249 51 171 230 71 49 132 202 126 89 96 208 138 109 195 64 106
    148 5 138 104 37 128 1 156 66 232 23 115 113 173 70 109 211 33 64 48
    239 113 122 212 141 243 114 103 55 69 107 212 102 242 206 124 157
    109 233 44 44 97 44 145 186 16 177 138 124 133 239 190 71 10 252 149
    230 43 114 92 254 245 122 242 79 84 22 249 117 0 14 144 27 146 15
    113 173 97 114 24 223 203 115 63 241 15 243 141 245 181 127 44 191
    119 76 201 96 71 115 26 115 213 238 240 61 9 211 206 37 250 118 248
    88 187 12 231 43 33 139 62 177 119 229 240 123 100 117 79 108 111 80
    76 49 132 220 110 44 238 203 229 239 100 103 127 39 211 185 51 10 10
    15 28 176 21 23 68 40 109 207 135 152 244 47 100 69 232 144 106 53 5
    158 149 248 118 145 251 128 174 206 44 96 134 1 147 255 176 25 146
    98 103 194 201 35 0 94 254 106 211 252 253 208 75 98 95 106 54 164
    219 173 245 9 134 219 246 245 248 220 43 242 65 149 182 251 22 108
    175 14 196 238 39 71 56 179 94 233 216 245 201 92 165 168 107 92 53
    5 2 241 177 224 193 43 178 219 187 92 68 18 137 240 151 245 19 32 98
    85 42 154 17 131 229 118 112 224 84 181 211 219 247 22 181 78 117
    240 232 222 213 142 52 155 211 205 221 185 151 251 176 174 200 29
    155 42 174 54 50 100 78 62 62 131 35 13 226 120 209 215 202 198 73
    192 75 148 243 241 134 254 162 138 113 163 101 208 187 79 108 169 70
    126 43 18 45 225 12 15 210 212 70 165 85 186 87 183 220 176 172 233
    159 94 18 65 114 86 9 217 208 94 243 11 34 237 210 60 178 34 230 72
    29 150 49 13 149 18 209 0 141 166 208 217 70 198 12 200 177 224 158
    47 136 34 166 210 129 165 125 231 222 115 237 32 124 106 50 145 68
    76 152 159 100 17 250 82 3 104 221 180 155 5 19 129 70 110 113 158
    200 195 119 126 218 27 65 201 148 186 153 143 165 109 189 28 149 146
    168 191 198 248 206 51 94 12 223 210 166 42 222 203 239 38 130 252
    50 166 166 20 100 111 242 139 233 147 46 150 208 100 17 135 250 174
    124 225 246 206 9 201 9 214 157 190 9 31 26 163 73 203 20 141 114
    220 141 234 21 198 167 62 8 93 198 78 188 197 115 171 194 24 165 141
    244 152 6 15 242 87 207 176 16 34 60 58 64 41 234 20 212 8 82 190
    245 89 18 201 240 218 90 39 212 237 66 208 246 8 236 17 12 227 45 73
    44 155 237 43 70 166 20 177 134 159 238 204 230 230 180 6 136 223
    175 161 28 60 73 29 121 150 201 254 79 222 61 69 9 156 230 213 186
    167 181 234 237 216 39 177 64 56 95 50 254 105 3 78 86 21 122 180 15
    183 213 30 31 232 215 29 19 186 186 238 73 42 222 216 107 226 126
    106 184 36 38 109 245 224 61 180 193 130 140 22 109 81 85 12 59 9
    131 49 244 225 42 21 224 98 29 148 98 69 9 144 37 192 240 200 170
    117 125 160 196 81 24 49 156 68 111 237 72 185 224 127 132 169 100
    37 109 8 250 118 183 65 28 38 223 3 237 81 18 51 151 252 121 217 135
    167 33 78 32 198 54 230 13 16 102 58 252 183 162 42 27 249 38 55 212
    92 216 216 135 5 1 146 86 183 173 15 116 143 110 198 244 161 139 62
    122 236 141 108 56 44 171 190 50 192 213 47 174 224 223 252 24 251
    214 125 133 149 159 13 9 178 208 92 190 103 109 234 40 175 39 105
    174 87 117 50 238 49 72 227 162 40 161 214 100 115 70 129 247 113 29
    97 201 58 94 255 18 153 13 248 162 116 202 5 238 203 107 25 90 145
    66 115 111 52 156 76 30 0 119 69 12 230 93 29 190 27 242 245 191 203
    107 60 17 67 129 38 243 148 194 177 43 140 87 102 161 158 149 173 55
    156 13 9 204 75 206 255 39 71 90 21 175 12 179 1 63 234 171 10 120
    99 116 149 12 122 228 157 74 42 1 192 111 179 184 164 223 154 28 71
    184 0 159 155 197 128 186 67 186 199 120 228 28 45 104 58 177 42 245
    168 217 127 72 155 136 64 132 108 21 204 43 154 221 20 8 240 194 225
    69 80 164 26 138 144 93 9 230 201 88 232 167 202 58 242 217 10 19
    187 250 69 60 122 86 46 89 51 70 185 25 172 111 106 172 69 187 157
    25 198 204 193 148 225 182 83 15 104 187 157 130 194 110 23 7 122
    126 38 7 147 147 80 129 129 172 83 246 219 179 31 228 142 196 141
    133 215 201 181 214 94 111 147 37 2 249 42 196 201 161 231 163 139
    64 78 65 147 64 42 249 202 88 32 158 61 54 238 42 137 50 161 214 32
    90 47 10 233 50 181 179 1 125 251 96 121 77 173 116 60 118 141 58 47
    153 40 168 215 178 43 184 215 24 216 5 168 12 141 227 17 65 106 82
    171 25 40 167 191 120 126 82 221 208 187 130 165 145 125 139 148 208
    155 48 190 144 111 99 162 28 58 229 120 119 162 201 104 32 93 57 202
    204 74 190 101 137 116 169 92 1 18 16 239 123 49 177 77 176 66 38
    204 121 143 239 249 185 2 150 180 221 155 206 230 13 151 217 12 164
    58 238 73 66 175 205 94 157 117 190 151 53 10 126 250 149 249 15 245
    162 126 183 118 218 191 165 160 71 244 111 57 146 88 24 11 31 153
    212 76 76 77 232 248 88 99 44 127 200 149 45 198 45 175 62 118 191
    121 113 80 86 159 46 119 89 84 156 131 106 99 51 6 62 232 41 196 198
    93 184 27 236 102 106 3 41 193 234 86 208 82 69 114 165 156 52 123
    240 96 12 252 188 18 130 116 207 213 1 139 82 66 173 186 143 127 100
    148 177 89 120 74 161 13 216 141 155 210 139 178 77 151 153 145 132
    89 153 150 219 98 72 164 70 102 253 118 223 221 251 62 47 217 231
    241 31 64 176 83 64 254 227 39 95 37 34 157 142 241 216 184 241 85
    53 184 82 125 224 35 218 12 226 144 68 39 73 83 199 232 69 161 9 138
    124 183 115 135 217 160 217 215 27 215 116 232 240 29 181 44 114 186
    33 137 83 229 211 227 54 175 93 52 142 105 162 145 153 194 227 59
    139 42 7 20 43 227 3 232 103 103 1 52 207 21 97 174 185 35 153 115
    181 42 108 104 22 164 97 51 64 143 241 218 93 168 104 106 142 195
    101 252 146 73 187 77 214 105 115 246 203 146 122 233 52 17 128 60
    187 85 220 97 229 181 114 131 20 88 19 121 19 217 52 194 171 139 24
    79 28 222 96 88 10 222 68 255 150 67 184 68 170 145 201 218 12 244
    173 74 212 157 73 179 103 40 128 248 101 30 214 171 195 237 242 199
    60 172 14 211 208 198 214 47 62 173 32 39 99 167 235 10 224 42 62
    206 31 75 185 176 213 54 234 219 16 198 36 172 118 69 57 5 34 152 17
    105 188 221 243 77 179 108 109 113 248 3 244 50 205 38 23 3 158 204
    196 104 167 73 178 160 181 12 36 135 119 255 177 76 29 98 20 126 23
    121 63 86 189 150 58 121 173 210 186 232 26 232 230 60 31 187 219
    220 114 17 162 233 62 81 77 94 152 0 65 134 39 14 159 34 9 217 120
    162 153 157 112 87 211 159 140 149 117 150 4 75 221 97 45 164 138 78
    192 108 225 12 13 65 70 189 81 35 151 54 178 160 9 117 123 11 67 124
    32 82 210 52 242 76 89 20 53 107 5 231 117 59 114 236 34 5 70 67 132
    142 95 205 99 26 145 45 230 188 99 18 227 44 188 194 133 182 103 102
    83 19 52 155 51 174 60 192 146 103 202 214 195 227 77 81 220 145 101
    17 221 92 91 73 169 203 188 53 109 251 219 57 206 44 194 0 35 217
    182 237 217 79 118 87 202 7 107 240 50 177 183 183 217 120 36 43 107
    20 183 113 235 48 55 22 2 78 45 86 165 201 248 26 129 233 222 14 11
    179 232 81 63 224 116 246 220 212 55 90 241 163 161 142 68 7 130 60
    111 124 239 217 200 187 119 130 155 164 217 47 233 170 209 49 163
    120 6 253 206 50 84 43 101 145 254 70 166 8 11 2 115 185 120 142 96
    233 182 77 59 120 45 190 119 243 38 13 227 170 96 126 102 115 122 84
    54 228 15 88 184 86 21 97 63 190 11 248 71 129 173 114 237 76 199 28
    144 34 16 40 84 60 87 235 59 100 66 77 67 131 22 104 242 123 12 70
    108 2 233 229 118 76 139 147 62 70 255 161 219 50 120 244 24 22 89
    81 93 30 255 61 111 152 122 244 132 96 44 61 148 29 158 26 223 134
    91 18 147 69 108 111 6 199 28 210 98 146 157 140 0 133 161 47 253
    168 25 150 231 180 205 165 29 108 101 229 38 197 176 130 237 114 242
    169 79 191 248 196 213 249 240 36 18 224 115 52 83 78 110 148 30 102
    227 85 158 51 177 12 74 173 13 29 106 49 17 206 158 93 10 168 254
    111 81 116 45 64 243 75 75 154 48 221 88 124 172 89 113 189 248 228
    3 102 190 144 111 206 169 41 4 71 36 45 12 35 68 77 168 84 241 201
    44 106 111 23 63 244 16 133 205 163 88 251 69 12 75 129 110 68 100
    227 172 237 211 140 168 60 6 111 114 131 155 245 179 192 159 240 158
    55 251 239 65 157 138 47 22 17 240 9 181 58 128 236 139 80 228 167
    90 174 156 57 175 93 128 146 150 98 45 43 226 124 224 93 53 239 140
    80 157 142 22 55 182 194 199 94 33 123 79 100 190 142 192 72 18 227
    192 224 132 98 83 247 140 103 201 224 28 52 51 182 239 161 5 184 232
    119 87 112 132 108 84 43 78 214 175 88 182 12 245 237 76 46 71 214
    165 130 35 209 182 236 77 181 82 208 45 147 214 58 88 219 98 225 149
    9 102 124 213 145 235 223 215 183 165 140 70 250 157 243 6 54 146
    139 208 202 81 6 113 143 40 209 118 26 254 165 119 191 5 94 9 195
    132 236 159 242 255 166 83 36 79 35 225 208 129 246 29 149 117 86
    204 213 111 146 207 142 23 137 96 58 23 178 238 43 12 211 118 90 187
    255 207 54 255 208 195 2 24 217 96 129 169 36 83 49 204 164 121 79 7
    22 132 131 154 22 120 184 189 245 220 228 50 179 14 168 238 14 28
    167 135 121 104 64 75 131 89 61 74 74 47 57 216 108 71 185 42 193
    125 28 87 219 157 171 127 23 7 30 176 114 9 97 0 217 38 72 248 167
    136 156 97 247 74 210 178 81 66 165 104 184 233 112 118 150 74 141
    116 226 161 33 79 242 116 84 222 10 20 39 33 164 221 51 222 67 37 63
    72 15 161 214 40 45 39 107 9 103 247 2 50 253 161 69 205 161 108 31
    24 196 201 233 146 245 23 201 196 102 138 224 63 208 98 56 242 43
    163 139 83 253 153 5 254 163 208 11 101 50 130 150 186 18 227 132 90
    14 214 94 243 62 236 180 195 71 86 175 187 223 141 119 228 13 28 106
    208 193 130 189 137 117 36 145 154 42 93 33 1 122 194 141 37 171 96
    221 86 126 136 135 151 167 6 82 80 186 168 208 217 248 222 15 55 194
    175 24 60 202 229 17 75 123 227 140 81 220 96 138 23 48 138 21 180
    222 215 235 245 130 189 244 173 97 10 80 242 231 20 179 153 133 175
    230 25 251 212 169 215 161 70 226 196 215 241 231 92 173 139 106 222
    16 15 216 53 52 16 226 180 160 97 27 14 143 121 154 217 91 17 234
    188 131 101 67 38 159 39 82 41 241 204 195 79 0 6 72 229 148 170 123
    150 5 113 142 236 24 105 109 141 255 242 54 216 105 29 4 16 173 133
    10 254 117 19 54 139 240 25 199 113 100 174 221 217 12 137 10 118 64
    177 161 220 134 27 20 55 24 42 91 89 220 10 40 144 96 241 141 64 229
    9 78 92 175 111 212 78 86 126 16 153 84 130 27 15 242 115 147 65 83
    129 205 156 56 59 14 20 181 224 74 180 179 134 208 183 218 169 30 15
    112 118 199 33 81 99 209 40 14 204 70 155 20 86 180 96 244 32 212
    169 182 74 218 132 240 217 228 242 222 176 28 160 22 154 176 219 52
    247 41 183 193 62 18 109 53 24 24 108 141 31 29 65 181 221 219 146
    254 253 2 234 159 129 66 108 137 100 199 195 44 36 93 160 236 16 78
    141 57 221 45 27 128 76 101 254 28 166 101 10 141 112 202 174 119
    248 54 114 31 30 4 207 160 178 49 142 136 25 36 132 153 241 163 177
    183 75 160 131 68 136 214 183 96 127 115 13 173 114 170 59 200 153
    159 28 239 62 200 168 169 149 187 40 37 251 118 82 90 237 95 9 255
    193 166 95 33 113 97 8 68 105 110 46 121 225 225 82 214 14 210 120
    112 174 250 58 47 137 249 33 85 252 142 87 197 224 7 73 52 41 158 99
    248 110 186 216 16 32 212 127 218 181 201 60 60 142 207 205 171 55
    211 169 43 85 112 115 74 159 150 53 180 62 163 170 36 62 227 205 86
    190 60 188 34 208 203 198 125 187 90 116 148 84 150 158 193 62 213
    245 210 252 224 20 149 137 160 104 48 31 100 115 36 53 62 204 230
    143 188 108 202 102 172 42 196 185 163 187 43 162 217 101 134 8 193
    106 76 52 148 29 8 222 60 94 228 169 228 184 111 27 32 177 184 75
    121 81 49 19 16 165 163 96 29 42 198 64 178 81 224 252 147 9 249 105
    235 36 211 42 190 208 30 120 183 199 54 52 108 42 228 27 96 107 135
    150 201 66 124 199 110 204 29 146 192 75 188 219 103 65 151 152 193
    52 161 41 40 2 42 127 114 7 176 166 19 143 31 86 195 188 224 208 78
    174 71 193 6 104 244 132 130 174 173 218 111 199 48 24 188 29 103 63
    233 27 64 227 207 201 30 127 209 78 142 237 108 52 190 168 127 126
    164 146 214 24 59 36 30 100 199 63 203 187 5 112 169 202 166 180 70
    144 27 147 255 3 71 104 108 229 185 27 233 87 174 115 212 125 8 102
    26 112 87 12 122 236 27 117 168 45 136 205 211 204 225 30 128 105 67
    30 241 2 225 84 234 28 149 163 51 158 230 45 252 219 93 239 156 210
    67 21 232 191 154 235 2 47 249 26 56 220 223 208 124 85 216 70 20
    224 146 97 62 154 3 102 100 114 170 196 174 227 109 2 165 255 222
    237 254 217 136 75 123 171 210 123 227 138 15 243 188 244 64 15 192
    128 37 253 121 251 75 34 158 160 121 201 193 121 1 160 3 27 3 132 85
    67 119 132 83 50 161 181 17 102 163 185 90 177 42 183 108 253 106 51
    102 96 97 17 182 150 11 17 47 232 96 157 72 177 171 91 121 157 152
    243 47 248 135 218 47 8 19 166 69 83 99 56 143 126 27 148 131 109
    227 78 201 62 24 115 110 9 49 87 157 228 61 176 17 189 3 129 140 142
    89 38 118 70 47 83 148 163 82 84 219 4 147 50 251 208 72 128 65 45
    121 242 137 53 161 236 209 127 216 101 63 148 200 133 247 26 110 177
    97 2 63 239 166 51 79 240 218 125 235 113 3 115 140 150 16 254 43
    214 217 114 229 248 72 13 119 191 212 68 105 84 172 43 88 201 162
    192 243 167 58 113 33 238 215 146 59 236 113 61 241 149 184 77 18
    162 22 5 116 90 91 145 19 148 7 169 21 159 48 238 134 135 127 61 118
    49 88 201 19 86 63 176 65 0 175 186 178 36 215 170 125 6 110 12 121
    80 60 95 230 153 78 29 161 247 137 150 15 86 49 65 171 23 225 231
    105 253 62 213 33 250 39 166 200 90 51 72 63 194 116 102 250 147 50
    67 80 240 19 45 236 245 143 93 94 89 132 164 136 120 151 4 27 64 136
    202 223 209 53 141 178 147 138 198 36 181 68 170 102 103 31 109 63
    52 109 79 147 216 202 162 245 195 223 206 70 55 173 204 171 57 250
    45 10 221 162 47 160 74 227 25 228 91 78 116 38 92 207 110 200 0 223
    114 251 176 175 22 226 116 119 249 74 200 123 186 7 239 105 19 234
    33 34 9 72 63 220 169 153 164 166 42 50 5 136 122 235 136 252 67 23
    86 119 33 253 187 138 46 153 19 213 243 60 219 175 36 25 143 221 112
    213 179 184 169 34 250 159 21 168 223 237 216 157 9 25 86 67 62 177
    83 103 234 250 93 86 106 244 124 139 193 247 60 239 7 231 243 99 216
    7 150 196 240 221 249 65 243 127 72 17 131 93 23 219 152 211 18 148
    9 238 108 55 65 174 28 38 99 49 64 164 122 111 237 113 243 99 175
    131 254 25 200 103 219 193 18 101 33 207 59 117 206 12 146 8 199 33
    9 249 111 226 179 98 166 71 103 158 76 178 78 242 19 161 85 0 148
    223 71 23 7 1 4 26 143 35 218 175 161 2 177 155 115 58 20 209 213
    200 171 94 207 148 138 176 139 184 180 255 253 236 211 157 15 124 38
    129 98 7 56 150 114 114 102 199 130 7 252 147 77 47 26 201 142 107
    196 198 157 70 57 132 144 248 237 137 72 159 19 150 136 192 213 235
    129 72 206 146 101 47 137 54 191 24 231 62 60 59 124 39 134 247 133
    134 119 157 56 240 114 66 215 209 221 1 27 36 41 7 166 51 6 61 91
    215 2 85 185 184 246 205 112 143 9 117 185 236 33 217 208 7 228 132
    205 94 172 158 27 202 181 72 179 155 197 162 166 106 125 198 235 24
    214 237 38 127 79 160 83 245 66 2 1 99 94 94 13 174 105 135 39 161
    37 241 135 72 179 236 241 51 30 31 95 132 27 11 129 223 209 204 87 6
    38 45 206 235 246 21 4 228 79 28 219 24 149 18 15 17 201 195 139 129
    41 52 46 19 200 93 176 169 34 132 249 187 58 46 195 238 101 127 14
    21 34 60 56 135 117 193 60 216 249 194 26 104 191 78 105 111 52 164
    133 225 85 32 142 178 135 112 170 23 167 127 139 252 162 138 220 24
    6 188 253 68 110 120 53 255 147 33 162 27 77 38 249 105 32 46 74 157
    170 199 95 149 110 89 81 75 21 206 174 137 157 160 186 82 15 108 141
    139 29 77 58 148 155 200 143 239 115 245 19 12 229 170 78 232 79 143
    58 113 223 224 107 191 194 201 218 254 6 207 239 224 32 118 10 64
    216 255 22 120 57 132 24 10 50 57 146 22 252 209 236 250 247 229 91
    69 109 13 162 18 125 224 154 142 250 181 177 223 133 34 32 249 194
    83 65 88 79 28 68 52 115 203 161 54 230 87 251 95 7 165 99 153 105
    104 130 72 214 49 14 66 167 253 205 235 217 152 74 83 31 212 22 212
    221 41 82 169 203 186 115 150 54 82 232 229 192 117 13 240 66 214 65
    110 213 94 116 87 190 39 142 132 195 106 124 83 98 29 173 14 44 63
    51 1 119 210 125 23 236 46 193 167 40 206 140 133 117 52 190 201 154
    196 3 50 177 114 181 190 166 246 127 128 6 212 42 189 97 98 192 109
    233 174 222 148 54 124 27 28 243 81 194 43 118 194 86 137 191 79 16
    64 84 8 169 252 85 121 158 231 187 235 9 126 116 101 44 206 25 164
    188 10 243 34 233 192 10 190 213 189 64 232 94 66 165 227 91 43 121
    19 151 88 165 78 65 15 195 43 122 98 199 41 122 211 84 83 101 240
    161 114 237 65 244 107 87 125 133 237 35 229 199 111 136 157 92 221
    186 18 103 103 78 49 179 136 143 139 136 185 85 49 14 114 230 3 119
    33 101 22 92 137 245 131 144 117 17 31 43 209 139 229 226 103 15 73
    172 189 252 46 106 240 101 39 67 220 154 253 216 5 236 13 10 147 143
    119 134 180 110 30 68 144 13 177 142 182 144 167 35 6 227 170 168
    116 88 133 125 196 159 133 64 185 75 245 220 150 95 198 70 51 129
    138 41 211 119 142 167 143 189 28 177 140 53 26 217 178 237 238 22
    69 68 150 12 163 125 125 85 90 161 206 189 46 216 132 138 99 103 43
    68 147 80 93 82 244 235 21 204 106 94 5 52 18 115 182 205 157 137
    128 139 23 198 91 229 208 177 32 2 88 20 164 218 144 6 255 65 76 8
    245 36 159 28 123 30 217 33 216 3 75 13 126 101 101 218 63 167 27
    213 57 51 11 9 128 153 237 80 225 149 233 218 69 20 239 10 17 247
    112 139 94 138 190 113 195 183 77 197 142 86 99 82 6 112 160 62 104
    84 245 46 76 114 140 119 71 37 237 233 79 146 20 65 15 236 170 235
    144 16 196 44 139 68 8 10 12 116 114 72 201 170 7 80 119 55 16 29
    242 109 249 163 107 201 255 119 130 123 57 115 147 154 93 132 29 26
    88 64 31 176 8 155 21 38 121 8 142 105 247 123 136 127 165 23 106
    243 118 135 144 174 203 248 28 72 67 117 148 144 170 105 144 24 181
    124 138 11 122 217 255 33 31 177 79 5 2 46 22</data></test_img>
<my_img type_id="opencv-matrix">
  <rows>100</rows>
  <cols>100</cols>
  <dt>"3u"</dt>
  <data>
    255 80 101 209 134 103 23 225 255 188 168 172 166 108 163 203 67 103
    74 94 100 255 179 207 255 255 159 17 207 166 74 193 91 103 162 49
    231 255 16 146 179 159 178 26 188 34 226 103 192 145 26 190 237 202
    255 9 177 214 184 71 255 103 189 194 0 13 255 191 139 155 54 246 239
    255 45 75 102 219 77 84 141 148 130 0 255 141 255 187 247 240 86 210
    42 255 16 141 255 15 55 149 255 29 8 204 18 255 14 178 233 6 129 255
    89 138 125 200 181 153 103 97 208 186 45 101 1 103 252 127 162 255
    99 158 255 140 66 255 153 171 152 176 131 3 32 28 151 41 15 169 177
    252 227 197 172 118 148 240 255 217 224 213 196 232 233 167 87 255
    137 45 73 244 9 153 115 208 191 229 23 255 88 232 191 99 18 159 65
    174 227 59 143 96 123 25 168 199 168 243 43 212 69 29 226 255 156 97
    110 240 129 255 254 46 53 173 243 255 103 65 116 151 150 35 53 215
    230 169 162 172 227 97 43 15 65 70 5 78 19 35 180 117 72 255 253 90
    119 255 249 196 177 220 230 255 225 255 203 242 20 214 232 29 255
    224 156 42 85 106 120 220 90 177 201 134 211 0 183 13 175 231 225
    253 168 92 123 238 227 224 138 217 255 3 255 46 247 255 184 58 146
    181 137 32 176 234 214 98 172 140 252 208 172 117 27 4 14 236 39 67
    255 255 92 126 117 226 152 82 9 57 47 220 52 230 101 255 162 157 247
    10 217 176 224 115 89 29 71 199 74 61 221 255 135 182 65 60 155 162
    212 230 136 14 244 84 134 203 51 10 172 61 118 42 173 255 157 43 117
    144 120 74 228 77 252 218 255 225 121 188 216 140 255 219 255 30 71
    228 39 66 53 173 132 26 204 171 199 122 207 205 255 44 20 99 248 255
    248 159 182 217 82 99 43 244 35 200 103 187 34 116 111 225 75 166
    175 152 205 255 117 70 169 23 195 255 150 160 60 66 101 255 96 35
    162 126 61 255 228 35 255 239 37 178 243 206 104 202 137 255 179 217
    183 207 255 181 102 69 144 4 10 255 112 81 255 225 199 65 63 255 255
    194 85 172 86 25 6 143 255 214 186 255 36 255 94 6 194 36 170 128
    243 151 232 9 16 46 158 209 231 16 86 254 148 240 207 183 16 19 243
    255 108 181 103 187 255 140 184 79 235 46 255 255 146 250 255 207 39
    255 14 13 255 238 236 26 224 60 244 175 207 60 222 131 240 45 217
    255 126 200 127 58 193 134 251 255 113 227 210 165 120 52 244 168 48
    255 73 242 49 5 180 14 202 141 110 51 180 162 185 51 81 206 255 149
    72 121 153 35 171 255 24 215 5 121 121 255 21 44 99 28 40 255 203
    143 191 223 52 34 170 173 148 99 106 225 127 104 188 255 63 255 239
    119 168 74 178 211 140 156 126 231 237 255 1 35 70 17 243 35 15 63
    103 207 255 224 4 95 238 69 190 35 131 125 21 238 98 162 244 236 95
    230 255 233 14 255 255 41 85 255 32 207 255 225 99 66 75 44 255 220
    99 35 156 20 196 224 72 25 76 230 255 203 176 0 31 79 97 137 45 96
    58 84 251 51 69 255 230 72 27 157 255 229 99 139 147 129 212 209 9 2
    222 66 174 255 146 125 255 45 77 19 69 209 255 232 158 253 60 88 231
    159 195 255 13 243 211 79 243 225 239 104 44 145 110 108 141 18 237
    220 95 255 255 13 234 72 120 60 35 162 49 9 255 255 86 34 214 62 214
    108 161 59 250 49 207 165 202 38 31 133 5 255 37 153 255 227 168 255
    167 123 168 200 255 27 94 91 91 87 8 255 208 133 170 250 58 195 12 5
    10 10 235 255 169 255 58 194 196 255 85 81 255 15 0 161 135 13 255
    86 138 44 249 244 166 202 82 237 10 124 135 238 3 255 111 199 91 34
    99 218 59 71 43 71 3 56 150 127 255 247 8 235 208 54 255 39 55 147
    67 158 255 61 141 0 194 255 42 255 121 168 28 250 43 24 236 255 126
    79 227 65 50 148 19 143 120 155 255 49 121 194 255 252 69 66 215 99
    139 111 255 165 225 14 18 191 39 48 239 199 234 17 188 38 81 225 255
    71 73 255 75 134 255 227 55 200 50 18 224 188 115 214 191 254 10 236
    108 255 247 191 175 14 36 88 178 255 103 60 66 153 93 13 13 237 224
    161 195 116 255 64 122 152 207 220 122 54 219 100 195 239 255 151
    169 242 92 116 90 251 73 44 224 168 214 255 26 35 64 138 255 153 205
    159 181 72 255 214 244 191 255 196 79 192 13 25 150 166 52 249 255
    90 80 168 194 216 70 247 23 219 237 69 150 83 217 225 255 128 197 29
    205 135 60 66 69 34 86 30 70 18 36 195 186 28 233 82 235 27 190 254
    255 101 255 26 92 79 229 91 255 173 70 255 255 125 213 175 125 199
    19 90 196 43 135 107 255 123 231 255 213 207 248 255 212 84 2 22 108
    89 235 222 66 159 91 228 233 65 123 136 255 41 158 255 27 21 47 98
    232 255 255 100 42 106 143 134 80 54 96 25 88 91 115 10 182 255 255
    255 99 255 255 253 235 255 96 236 60 147 246 140 200 10 53 200 38
    224 255 49 255 92 52 60 236 77 70 171 178 30 21 55 179 91 155 25 0
    250 255 62 111 239 255 193 13 36 50 56 225 66 1 71 121 255 199 222
    255 106 24 14 173 95 234 24 255 224 79 34 225 159 248 251 1 255 255
    69 59 35 231 47 255 74 88 160 0 145 255 190 108 156 137 116 198 197
    110 87 137 36 190 12 255 70 70 103 66 164 183 255 160 157 101 12 224
    103 214 122 255 184 139 220 157 145 152 173 115 255 142 206 161 123
    140 44 93 16 255 44 139 255 82 27 255 132 160 30 224 250 160 42 196
    165 170 196 255 174 79 255 169 90 81 82 127 255 19 149 65 73 65 250
    181 98 242 13 255 143 89 55 92 143 104 226 41 82 36 242 202 237 230
    251 147 187 47 147 120 255 248 221 240 60 38 72 251 177 72 1 116 194
    255 220 188 255 106 98 255 162 11 255 74 255 218 28 120 53 98 62 155
    174 164 172 40 255 70 77 101 255 192 14 149 141 205 156 67 86 116
    111 228 125 255 181 32 226 254 255 65 27 255 3 2 234 255 23 83 190
    109 170 24 73 25 205 27 203 206 110 188 255 103 255 238 126 211 25
    171 65 217 57 255 45 53 255 64 146 156 83 131 84 98 181 45 107 165
    203 93 8 131 194 141 38 146 255 255 53 172 5 247 54 247 202 28 218
    181 82 35 227 17 134 246 247 214 110 145 207 106 115 229 141 233 255
    155 42 113 220 207 75 149 255 195 75 0 255 41 188 27 191 255 95 13
    225 246 63 199 114 32 176 255 40 131 255 191 126 255 47 139 255 255
    202 255 194 146 199 53 186 201 179 165 255 191 5 162 127 1 26 51 201
    113 97 197 187 134 191 57 199 11 255 221 193 255 125 121 131 18 168
    244 186 149 230 132 190 55 236 178 255 187 62 10 238 113 179 19 157
    255 216 255 155 147 149 38 140 55 13 44 164 131 252 52 195 175 178
    234 164 146 204 126 247 69 5 149 234 95 242 255 140 46 105 98 2 250
    206 86 246 68 255 44 246 255 198 20 3 47 192 128 140 165 228 100 27
    213 62 148 119 6 162 32 255 151 248 188 111 238 182 1 45 36 245 213
    140 213 174 255 77 73 159 114 227 255 215 183 255 51 255 221 177 193
    186 220 226 31 186 245 18 200 255 30 196 81 146 247 252 168 135 83
    187 31 186 227 252 78 43 93 26 105 44 122 91 204 97 96 27 129 5 244
    11 25 196 169 5 170 25 227 238 184 191 84 104 222 31 175 255 219 64
    211 80 255 211 0 206 255 23 252 151 229 168 168 243 42 174 56 254
    127 119 9 161 49 255 255 21 198 227 87 102 255 198 57 226 136 14 205
    190 95 9 86 38 214 3 159 255 109 45 255 29 113 255 18 248 151 193
    198 255 116 242 58 71 240 166 237 150 255 218 50 27 32 87 155 157 51
    238 218 235 8 46 131 121 251 255 147 158 211 182 1 178 255 101 26 52
    43 218 208 16 247 71 176 255 127 159 55 255 39 255 203 177 193 255
    190 189 255 156 143 255 137 7 27 159 146 255 248 97 185 171 250 255
    38 255 135 244 98 58 101 100 143 2 219 10 172 188 146 157 174 35 115
    25 131 96 67 255 232 37 247 114 33 135 23 83 66 9 255 244 216 174
    101 148 103 77 46 217 169 58 26 21 143 169 181 92 87 166 247 139 136
    31 114 255 129 230 240 112 13 69 183 41 250 108 215 117 255 170 211
    254 49 35 96 165 32 86 122 255 245 230 10 50 24 238 83 245 255 27
    254 58 57 218 30 44 85 255 43 166 45 146 255 29 27 133 113 173 244
    175 74 170 175 164 222 255 255 97 226 155 255 255 198 127 255 158
    255 227 227 255 168 237 41 14 200 134 47 35 215 42 26 255 136 107
    145 6 40 251 179 168 184 107 139 196 255 240 123 92 239 182 255 146
    59 252 114 63 255 67 72 121 57 255 255 242 113 114 230 126 152 180
    78 53 175 104 214 252 124 255 255 32 90 254 85 100 243 18 255 255
    147 255 130 211 255 29 255 116 12 121 255 216 222 55 210 99 183 30
    65 107 255 79 160 180 22 255 49 16 174 79 78 162 121 255 243 82 255
    218 226 1 255 148 54 36 217 255 255 80 254 255 178 223 247 239 213
    224 76 255 114 6 207 96 119 38 140 38 78 21 125 190 255 68 255 255
    126 185 39 145 25 233 131 62 8 214 212 243 242 82 255 77 138 155 6
    217 73 106 63 255 143 42 68 125 145 96 145 66 149 103 151 172 140
    146 164 253 51 255 126 228 35 4 217 185 12 239 34 135 173 255 81 217
    255 123 62 125 72 255 255 76 87 199 255 72 169 181 96 255 117 137
    164 253 21 235 254 237 57 1 103 227 219 101 104 89 147 255 244 175
    255 176 245 194 154 146 155 208 255 255 61 29 57 183 102 32 17 163
    224 118 122 18 84 197 65 58 140 174 210 255 172 249 44 205 54 59 255
    131 99 13 81 37 75 113 115 104 141 218 181 66 116 16 57 255 140 3
    242 195 255 255 78 43 255 69 194 235 165 111 181 26 169 99 32 60 112
    56 19 176 39 62 59 12 105 178 174 149 24 255 99 0 129 90 141 105 112
    185 74 202 132 160 141 209 253 86 53 83 16 157 205 156 205 34 226
    108 255 107 37 247 202 209 204 255 42 190 154 234 86 46 255 58 237
    163 32 111 157 30 146 78 45 179 242 107 131 255 255 172 147 255 95
    113 1 185 109 95 208 32 255 195 116 255 252 198 168 134 242 255 13
    135 178 89 255 252 255 121 255 73 62 255 245 46 40 213 218 44 93 40
    213 50 34 3 131 255 200 35 139 92 251 76 84 185 34 138 102 110 190
    69 100 149 188 148 195 104 238 255 243 155 186 21 189 83 247 27 174
    255 255 255 16 249 255 238 205 255 255 78 60 37 248 18 4 58 205 81
    39 104 28 53 242 142 51 123 167 247 40 32 52 255 187 255 90 35 198
    194 234 255 83 64 190 64 35 175 255 186 255 39 246 5 110 205 237 224
    128 217 42 9 187 233 17 255 186 147 87 255 89 40 92 17 255 255 216
    176 77 255 255 214 115 33 255 191 235 142 188 210 255 220 255 104
    114 234 153 98 101 255 71 157 39 66 255 255 76 143 51 52 123 148 255
    48 242 231 79 165 248 138 0 124 133 240 66 100 156 34 186 174 198 69
    75 7 14 234 6 27 129 74 27 166 167 212 74 93 40 112 68 134 229 194
    137 153 24 36 198 80 226 96 82 194 83 187 125 147 60 208 164 255 66
    229 252 97 61 79 177 125 226 144 79 80 235 255 172 21 255 106 170
    255 254 89 248 192 28 103 214 245 181 255 41 60 186 125 117 145 15
    183 223 129 136 216 138 21 178 60 255 9 122 255 255 255 101 62 103
    79 93 198 30 93 30 255 229 255 14 210 40 255 107 25 74 4 141 246 19
    173 143 7 29 17 9 103 84 255 75 207 61 4 243 255 191 255 177 209 19
    30 217 79 46 38 178 221 214 191 185 225 117 49 193 255 193 29 255 27
    131 107 102 184 131 22 55 255 84 32 125 133 134 188 1 203 44 241 29
    117 255 255 255 157 175 186 62 188 43 214 200 227 28 91 88 50 74 86
    64 231 207 7 156 114 158 189 157 129 207 233 82 128 90 254 21 255
    255 200 186 21 118 104 40 11 240 61 32 235 131 129 73 23 9 56 216
    247 186 255 58 17 38 61 34 119 148 225 108 94 97 6 76 118 255 22 138
    47 124 107 143 128 151 85 95 211 14 118 134 255 197 10 120 160 23
    141 62 226 132 51 255 76 92 149 73 255 105 186 255 172 6 81 88 97
    251 130 180 162 207 139 12 160 77 215 130 199 215 255 39 100 95 67
    255 91 186 100 255 116 76 153 17 217 75 28 49 161 243 202 199 250
    161 153 213 7 125 31 159 136 87 27 222 35 131 255 73 145 117 76 23
    14 196 65 195 109 248 17 32 91 57 41 32 255 96 127 229 188 70 255
    106 72 174 194 7 255 160 42 123 61 160 229 215 251 34 102 27 226 98
    140 240 154 95 32 63 18 175 246 224 255 74 249 32 199 14 237 72 169
    179 79 186 45 255 82 144 134 255 255 23 13 19 138 146 68 93 13 246
    39 232 71 255 10 135 9 160 104 221 84 222 29 198 9 227 63 250 196 13
    182 39 112 139 220 178 116 255 141 55 19 13 199 0 211 255 80 217 55
    16 194 255 138 178 139 213 149 55 255 190 255 76 87 244 197 58 255
    253 156 69 84 42 159 9 180 61 161 255 84 94 67 32 97 160 95 63 50
    125 61 73 255 200 71 220 105 41 6 178 165 32 143 133 255 76 210 165
    196 148 181 21 251 178 62 14 255 255 118 112 16 255 181 34 215 36
    111 21 117 84 156 255 3 152 214 151 146 255 167 227 190 156 106 130
    216 18 255 186 221 248 138 115 177 127 210 9 255 87 105 49 75 246
    140 88 157 152 89 255 208 52 105 47 98 127 111 227 94 139 78 255 76
    255 55 61 100 44 85 20 87 252 139 255 255 129 195 37 108 178 240 94
    255 61 255 3 244 115 201 255 102 162 170 205 168 167 36 17 123 65
    221 120 124 143 149 173 220 255 136 122 101 111 255 249 88 179 90
    255 81 127 116 140 65 13 94 167 75 138 252 158 255 18 255 218 237
    118 64 229 96 255 134 13 255 149 37 47 5 247 114 247 26 75 143 126
    57 48 255 19 229 170 255 103 158 186 42 114 207 121 197 255 255 103
    96 255 255 74 71 129 4 138 86 108 62 255 182 227 255 255 26 234 140
    61 49 255 163 110 174 174 98 110 232 143 149 152 89 255 243 52 216
    46 225 36 113 201 212 61 168 255 164 255 205 27 85 73 17 170 104 255
    115 255 9 244 22 190 84 52 22 195 164 134 255 123 121 162 255 238
    224 125 184 174 95 214 255 243 54 240 103 60 180 155 193 180 187 10
    183 104 10 233 255 230 50 255 88 96 78 235 181 6 188 46 218 106 143
    112 230 252 65 32 245 255 19 185 255 245 27 255 246 136 255 111 30
    255 64 61 255 23 249 96 108 211 53 210 169 255 209 254 160 57 67 164
    24 57 157 117 231 151 255 234 27 218 1 255 254 140 42 46 185 165 73
    157 200 39 209 56 229 11 255 0 54 30 9 97 152 182 126 47 194 254 51
    43 14 244 220 255 222 61 17 231 150 198 38 58 85 81 167 215 178 7
    255 147 198 200 255 142 20 255 142 76 156 12 8 8 155 255 212 80 255
    255 85 208 217 170 250 36 101 183 177 228 72 95 27 255 255 236 143
    86 50 197 255 47 243 255 38 255 255 207 249 13 216 196 208 110 123 6
    124 103 255 200 255 191 14 149 34 216 198 48 190 53 48 159 86 122
    212 12 84 251 98 12 71 135 255 179 111 187 210 157 31 255 139 200
    118 89 203 66 24 45 167 77 255 17 246 174 243 60 159 177 44 100 76
    251 121 226 247 252 240 193 246 251 4 162 147 34 104 216 74 38 4 252
    250 38 77 170 168 33 77 151 41 165 222 147 166 173 190 43 5 126 26
    130 218 255 150 77 81 139 166 139 162 101 58 186 150 255 121 28 56
    17 182 99 143 33 5 90 218 255 3 133 227 156 87 29 226 168 139 231
    252 56 236 195 69 134 162 165 163 49 255 99 124 175 187 57 45 37 122
    205 40 244 227 82 115 104 146 184 3 255 255 90 229 187 255 27 61 105
    188 196 122 167 65 43 171 0 121 190 148 5 60 66 255 206 88 255 244
    53 255 178 113 81 57 76 255 0 158 157 82 110 255 227 185 230 141 75
    170 165 47 142 140 145 221 83 212 107 37 39 251 150 174 214 104 116
    134 12 200 10 146 111 27 136 39 70 41 78 112 255 131 224 99 247 221
    191 200 173 62 239 58 42 126 156 40 46 237 251 164 230 153 136 227
    108 255 175 150 255 255 222 0 246 66 46 255 94 255 204 235 106 255
    93 214 61 42 81 255 131 195 125 198 14 255 152 4 151 177 77 6 2 255
    101 3 255 23 119 255 66 145 157 208 23 189 255 126 120 29 83 57 255
    41 44 56 205 153 183 206 255 255 116 107 255 37 2 196 253 41 116 183
    16 190 142 255 30 77 152 51 34 114 64 54 237 58 217 46 235 237 23
    153 9 44 194 99 12 161 8 121 255 69 194 53 52 75 35 70 212 17 151
    220 107 255 2 56 94 65 255 237 99 233 92 181 149 80 73 255 114 160
    255 111 106 195 196 131 173 255 255 212 200 244 96 230 170 255 214
    145 156 213 1 71 205 255 10 180 136 121 26 76 10 62 203 99 65 91 29
    253 102 214 30 49 144 103 255 255 76 184 35 191 118 147 137 17 159
    22 47 234 102 123 8 63 250 95 182 108 209 250 53 173 89 40 255 222
    77 227 146 206 62 252 46 48 103 65 188 169 119 19 49 115 0 123 84
    116 162 125 79 171 2 201 227 23 116 208 64 235 173 116 172 149 108
    255 40 222 255 224 33 240 64 213 48 225 208 255 238 26 32 107 97 255
    191 184 87 128 215 207 19 255 31 170 223 57 48 27 142 86 213 23 205
    94 255 168 22 6 228 122 195 212 88 255 24 20 255 205 223 109 119 45
    195 84 176 13 49 49 203 130 255 255 120 197 153 121 42 237 64 62 149
    121 107 49 76 255 227 228 206 255 227 14 252 163 44 255 48 183 126
    255 255 172 96 57 218 217 255 34 96 187 224 182 126 129 40 67 191 72
    248 255 155 39 88 238 21 181 9 102 255 17 60 255 45 119 247 106 107
    172 218 255 255 197 33 73 139 219 155 3 107 255 203 29 255 155 255
    17 255 225 203 216 208 255 152 3 159 216 223 201 247 153 123 184 46
    253 208 255 255 27 180 156 103 149 40 35 48 27 126 193 127 159 230
    109 147 34 135 67 255 118 255 136 255 127 160 255 138 58 53 4 103 57
    94 249 101 113 26 255 254 149 146 134 107 185 123 185 255 75 89 194
    87 66 110 111 233 58 72 50 255 120 57 185 42 111 116 126 208 160 198
    195 255 26 255 78 239 148 4 38 133 255 81 158 60 124 112 255 195 255
    255 19 37 143 229 226 255 90 255 42 96 129 75 204 185 114 2 239 61
    49 148 248 113 213 159 32 151 255 17 110 35 105 199 19 134 178 174
    190 52 159 164 195 198 192 67 57 148 255 9 25 255 21 52 193 43 60
    176 64 148 102 126 99 255 220 52 120 74 70 202 91 255 9 53 255 67
    177 46 40 208 199 83 69 155 185 45 218 255 146 125 133 26 230 63 255
    255 100 29 28 1 188 90 189 31 113 255 13 43 148 156 2 195 182 24 255
    170 25 217 255 255 98 4 14 62 26 204 100 70 82 24 103 159 247 118
    168 220 255 187 99 8 125 173 255 231 255 218 214 69 255 128 255 243
    196 145 200 244 41 255 8 184 146 111 46 205 205 255 97 245 110 229 1
    203 112 148 94 32 2 200 181 70 28 27 182 255 255 255 238 255 238 138
    248 67 27 107 65 213 14 113 34 144 59 122 5 129 161 255 28 225 58
    251 71 135 106 51 122 15 50 200 255 246 148 163 141 255 82 81 248 58
    26 246 208 213 187 209 248 255 24 207 251 88 40 203 123 53 22 22 76
    1 2 161 9 255 62 253 69 61 250 243 129 79 220 255 165 70 255 25 50
    151 173 93 24 149 59 255 64 145 255 165 87 137 186 13 157 253 252
    255 57 119 191 255 218 161 122 174 5 126 27 255 255 145 30 16 132
    220 120 179 79 95 183 144 48 111 90 123 244 32 26 120 94 227 35 199
    255 23 245 25 12 148 255 184 169 181 139 138 173 156 246 255 171 61
    21 222 3 255 71 51 6 40 211 251 176 255 117 7 37 155 64 114 220 194
    255 53 228 58 52 170 228 250 199 134 0 227 255 34 164 252 120 120 82
    253 93 244 255 53 99 209 196 90 123 9 90 255 158 168 147 183 207 135
    212 255 4 17 84 178 9 200 55 255 255 105 52 174 32 235 255 82 194
    232 227 209 22 255 16 249 244 153 70 17 35 176 218 158 127 255 68 15
    255 127 181 217 213 228 42 139 210 173 88 16 109 167 172 224 157 107
    116 195 7 88 247 20 255 190 199 121 183 11 87 232 125 88 186 34 109
    34 74 90 195 81 190 134 40 255 148 121 192 222 255 129 15 200 255
    254 35 66 158 255 83 16 255 84 42 181 243 42 252 199 107 13 255 160
    33 255 212 255 181 126 238 151 245 110 147 195 38 6 200 96 44 202
    238 70 174 199 231 248 246 255 13 171 225 208 199 255 226 7 88 158
    65 253 221 255 78 49 62 27 40 20 255 162 147 18 174 182 204 68 106
    237 249 182 126 163 98 255 48 126 243 232 15 255 99 81 133 171 32
    255 165 26 190 187 94 22 20 112 211 248 207 218 185 255 57 63 109
    146 129 22 179 129 69 99 153 235 25 186 139 99 106 182 192 216 201
    70 156 246 255 224 234 6 81 61 121 84 157 172 7 184 65 19 255 255
    164 50 170 162 255 200 119 77 255 242 74 149 45 102 183 235 225 199
    80 197 255 162 46 255 193 134 22 40 191 243 187 237 252 202 231 255
    64 239 19 147 226 71 213 209 190 177 147 255 98 191 252 56 255 250
    163 198 84 96 254 230 187 225 255 149 173 151 160 255 174 71 213 4
    16 203 151 170 202 57 65 18 18 255 9 175 227 211 255 108 29 222 163
    244 164 188 215 5 36 46 126 96 255 156 23 141 253 204 221 147 168 10
    255 219 17 255 121 79 191 2 159 94 102 86 35 165 81 9 2 144 225 135
    119 6 105 172 3 152 161 95 61 153 255 147 214 29 244 127 255 212 24
    242 183 124 168 203 16 104 248 32 255 131 149 255 125 201 255 4 194
    94 113 141 81 181 255 104 254 255 211 121 23 49 133 91 164 89 255
    208 213 45 222 95 248 198 240 89 255 175 160 157 244 48 146 106 70
    255 212 159 255 83 228 65 195 220 112 182 12 57 226 178 208 59 67 64
    239 88 185 146 35 255 23 196 198 54 81 112 170 153 92 252 255 143 29
    60 126 176 15 255 151 77 0 35 240 30 147 128 255 224 24 255 113 97
    39 202 255 117 125 218 61 156 45 199 230 73 92 18 169 255 184 177 5
    165 131 1 39 183 178 22 217 29 250 84 255 142 1 255 204 138 147 88
    255 179 79 134 196 148 177 53 206 176 255 125 61 97 124 125 255 255
    201 156 134 209 21 203 109 27 179 247 196 210 209 255 215 104 140
    159 201 229 179 50 214 47 107 168 255 131 116 73 255 75 209 255 18
    246 174 95 255 184 255 124 124 92 27 30 224 109 255 242 72 5 123 255
    23 44 0 137 110 64 14 221 31 165 112 181 176 157 132 111 21 56 255
    146 63 45 64 231 85 169 39 98 221 173 151 164 255 242 255 199 171
    130 118 134 214 152 255 82 155 254 113 208 221 255 58 246 255 4 103
    255 190 163 178 178 207 0 255 35 86 5 255 255 91 65 39 124 123 255
    197 92 3 49 111 113 213 203 255 203 119 156 98 103 58 106 255 74 152
    135 192 29 132 255 238 245 255 125 39 26 181 247 209 82 215 36 128
    104 185 255 243 60 214 11 230 6 231 255 200 51 255 75 162 8 56 148
    255 246 255 21 102 255 134 129 115 149 180 191 48 206 34 49 12 227
    255 215 255 211 163 89 90 255 163 255 24 128 255 94 124 125 197 180
    255 27 222 255 172 39 255 93 187 253 139 125 153 98 76 120 208 141
    113 218 83 27 119 82 255 156 119 239 231 255 190 95 18 233 30 131
    196 158 109 19 40 231 62 146 13 81 61 111 255 222 54 255 135 98 26
    255 187 45 125 255 29 210 36 101 110 81 105 234 124 195 149 135 255
    1 100 104 107 239 62 45 165 27 45 255 60 175 89 255 62 146 31 76 255
    255 196 76 255 250 97 151 86 220 19 127 173 182 231 139 255 67 156
    255 241 29 79 133 14 255 21 17 255 81 47 38 209 166 255 183 34 174
    53 4 12 209 1 255 157 69 238 155 172 160 139 112 134 73 32 237 181
    146 34 250 172 204 77 7 224 42 171 255 56 255 97 3 30 194 171 77 233
    10 39 255 110 236 21 43 166 166 216 57 209 182 75 255 30 58 27 138
    221 177 126 122 234 25 181 255 194 52 134 102 255 251 171 200 139 40
    119 105 205 65 166 53 66 23 188 206 243 75 11 255 181 159 168 255
    109 255 1 150 116 188 152 147 247 118 255 255 135 255 3 183 255 185
    135 194 20 53 255 247 145 25 156 255 74 25 255 45 85 123 162 227 175
    120 131 138 25 68 67 16 175 250 255 121 173 255 49 125 234 117 178
    77 149 255 0 126 75 217 148 214 58 232 158 255 23 62 87 5 255 255 66
    137 255 148 182 107 47 52 255 176 106 22 179 139 216 98 38 22 53 132
    201 251 4 255 29 228 255 103 255 255 218 14 255 255 15 17 137 54 255
    106 255 125 173 181 255 82 62 255 74 104 250 184 190 255 117 181 255
    180 165 192 71 112 123 103 40 9 132 163 6 98 51 196 94 255 123 207
    207 235 103 255 155 175 73 229 216 116 113 136 34 19 195 183 195 145
    38 255 153 123 170 186 252 125 0 255 164 10 193 255 181 46 187 253
    177 255 192 78 10 184 255 14 52 34 255 30 234 244 206 214 255 255
    177 19 95 246 240 176 255 251 95 110 22 29 206 1 101 183 237 255 41
    110 150 188 201 217 41 255 255 244 82 255 25 0 41 20 251 255 238 14
    67 230 255 5 14 18 48 220 96 68 22 255 14 235 101 45 41 209 227 195
    255 24 47 255 177 137 217 245 197 29 246 173 255 65 15 255 121 100
    211 48 255 143 25 191 109 227 171 0 249 67 214 158 255 187 255 244
    157 45 145 214 155 23 255 196 196 22 175 138 242 111 255 12 246 153
    255 255 26 255 62 122 177 134 170 255 223 138 40 159 60 123 76 202
    196 45 206 255 70 84 17 73 149 255 89 198 191 43 197 123 153 203 47
    34 164 255 190 116 27 216 33 49 255 38 172 232 194 255 84 2 135 197
    193 126 201 166 213 180 153 208 234 168 250 0 255 95 255 73 32 127
    66 255 255 176 103 64 92 1 139 79 178 67 23 70 219 153 255 56 233
    113 180 109 216 187 147 237 250 26 83 3 107 18 255 75 5 96 134 253
    255 222 77 34 183 90 54 255 99 161 161 203 64 148 35 24 2 213 163
    212 255 153 123 200 225 134 203 168 79 82 182 36 156 17 52 255 49
    102 42 148 147 203 139 165 26 167 230 153 82 41 203 155 57 30 90 175
    19 22 67 81 179 255 235 204 122 131 191 28 255 4 195 255 49 189 73
    50 44 32 204 255 255 80 255 56 140 160 231 214 240 43 168 94 227 125
    65 170 151 255 237 220 61 13 192 120 255 117 60 224 110 169 186 121
    197 8 148 196 19 64 188 8 172 141 51 133 215 0 241 82 69 96 87 131
    210 196 146 95 41 242 6 209 243 212 75 23 156 83 118 128 128 248 152
    96 200 228 118 238 168 60 191 155 214 255 135 33 97 203 116 204 37 1
    129 109 2 255 153 40 255 5 121 143 110 255 211 110 248 255 131 255
    255 87 67 255 8 255 66 195 47 229 24 255 9 249 54 45 132 183 224 87
    185 120 12 195 242 91 71 65 26 194 255 183 135 122 133 171 155 240
    160 149 123 102 175 15 255 255 183 255 68 186 126 255 41 69 212 195
    172 64 80 157 243 106 9 27 254 231 204 216 69 211 191 255 175 203
    206 118 87 13 255 157 246 40 128 18 183 102 255 87 57 255 62 143 215
    255 133 54 95 198 98 87 228 28 226 57 76 255 39 144 248 165 73 244
    192 148 60 27 114 77 76 183 42 131 17 110 249 243 31 35 134 255 168
    251 220 21 12 107 185 86 208 45 111 203 52 25 172 176 240 255 25 112
    255 160 85 255 101 101 73 126 250 224 15 103 255 18 172 68 34 13 57
    90 215 1 83 162 218 173 16 255 130 255 255 199 102 169 252 230 26 53
    2 181 135 47 95 7 235 44 61 218 135 155 255 51 157 254 255 89 5 255
    53 133 113 66 201 255 131 174 213 221 151 68 30 106 99 185 250 157
    169 182 149 160 255 157 46 112 255 128 65 5 234 247 255 89 104 255
    255 77 0 51 255 255 53 172 201 114 84 255 99 202 255 105 94 105 179
    135 255 112 61 255 139 132 217 191 36 211 7 127 255 150 66 27 34 46
    214 97 3 255 57 255 255 141 160 35 255 97 39 32 17 207 203 158 91
    136 63 239 29 220 78 66 255 5 20 150 255 173 4 153 255 225 108 136
    70 47 113 97 6 169 103 242 139 35 255 18 228 162 142 76 161 26 21 3
    163 177 170 35 79 244 218 170 235 109 120 9 136 35 138 185 156 113
    245 255 255 123 69 248 158 2 255 77 182 108 77 118 211 123 255 207
    148 16 255 185 72 196 163 2 255 134 96 164 149 82 73 26 8 255 236
    108 26 95 222 0 253 236 255 60 79 88 120 205 131 63 28 226 98 207
    255 97 255 103 101 58 135 141 94 144 243 7 32 23 169 126 190 114 151
    126 112 177 165 125 225 203 26 209 172 198 255 216 115 143 174 255
    205 188 255 255 60 53 112 4 120 255 82 200 255 8 194 166 193 180 255
    210 107 255 19 139 255 79 111 255 54 133 123 123 233 88 15 236 216 0
    184 230 175 219 61 24 133 56 61 129 255 244 164 42 9 255 127 64 247
    255 93 231 195 155 150 240 62 155 235 139 37 187 143 82 174 205 38
    21 252 128 207 247 234 162 49 198 135 35 247 208 38 178 17 209 252
    66 237 255 255 132 255 146 25 17 109 207 109 133 255 248 255 57 119
    253 65 120 255 255 27 157 96 95 47 10 255 43 74 148 113 133 214 118
    147 75 173 25 255 255 146 162 10 14 0 205 76 46 9 192 171 17 218 178
    222 135 143 10 223 153 61 102 165 138 102 129 212 20 188 61 212 203
    77 255 255 255 240 9 231 147 2 255 140 76 255 121 3 157 111 255 18
    155 26 255 40 171 234 148 131 56 255 182 65 43 136 134 98 255 3 176
    116 139 167 18 255 0 7 22 58 255 4 255 25 240 128 53 68 23 90 62 183
    32 203 12 136 96 135 235 182 96 244 255 54 171 255 63 151 83 227 255
    166 90 212 51 209 202 55 77 18 239 181 79 255 139 20 35 197 162 117
    241 2 66 255 28 181 149 59 208 231 139 201 51 36 6 176 135 195 238
    214 87 108 148 178 255 115 214 50 128 255 255 255 252 227 100 234 76
    199 255 118 121 255 35 255 255 25 227 255 129 41 255 84 85 19 196
    244 255 111 254 250 173 136 143 28 46 201 155 82 55 36 208 131 205
    70 101 72 42 226 0 47 112 228 49 255 234 25 30 103 39 39 173 135 55
    203 23 129 186 180 47 61 206 255 106 9 138 52 11 23 226 215 40 207
    212 213 210 77 238 183 196 255 42 209 218 145 4 195 214 186 160 58
    125 48 253 128 255 128 12 40 24 11 255 204 199 31 95 127 255 146 51
    255 143 201 227 52 125 173 105 255 173 77 138 58 28 135 130 193 48
    255 182 255 3 186 107 255 182 63 213 75 85 69 255 74 138 88 255 6
    213 219 156 143 33 104 138 116 188 209 234 221 116 197 255 94 232
    117 137 22 86 175 238 212 223 107 131 139 222 196 132 196 90 18 58
    164 196 190 252 61 255 255 255 128 34 218 237 75 64 205 255 205 166
    162 203 95 36 62 181 170 156 77 114 115 255 16 124 252 255 163 191
    255 71 203 182 149 238 96 249 244 250 65 107 18 182 66 157 227 91
    144 95 49 1 36 51 242 251 145 73 2 255 255 163 30 255 250 132 255
    249 11 255 94 111 222 207 120 130 255 63 164 186 116 255 39 225 146
    67 244 86 203 243 38 128 17 188 77 161 255 7 102 96 25 200 191 246
    162 255 255 45 217 225 238 255 141 140 255 242 30 255 124 102 110
    227 74 27 118 246 84 172 35 169 154 47 125 255 66 130 255 99 255 47
    126 112 231 237 43 131 12 255 48 73 65 194 224 255 213 196 48 218 85
    230 190 220 255 41 196 55 231 106 255 255 65 129 251 74 151 249 212
    49 133 33 88 161 49 237 80 14 248 188 32 65 255 147 255 1 135 134
    215 255 247 90 127 107 59 203 161 243 255 18 4 255 255 159 44 234
    155 235 49 157 183 209 106 67 8 25 121 255 255 45 204 90 234 147 147
    112 87 77 114 255 139 140 243 29 87 247 251 84 255 35 153 195 95 255
    108 57 92 127 182 61 255 123 122 133 6 224 164 216 235 225 117 1 39
    79 8 148 234 13 38 222 108 13 152 41 182 94 205 255 39 205 74 138
    254 255 45 132 243 156 161 26 167 161 75 195 220 109 227 170 109 77
    161 143 157 212 101 248 38 227 229 164 10 117 12 255 212 247 255 66
    220 122 185 255 97 150 99 187 165 1 203 243 102 201 157 118 207 39
    185 220 214 207 207 34 255 60 202 75 9 85 182 231 69 81 78 179 101
    248 149 248 217 65 144 255 123 252 42 235 158 240 255 255 221 186
    205 58 10 248 255 94 169 255 226 59 175 10 232 90 72 89 255 185 94
    190 142 195 123 242 140 255 145 148 8 40 91 255 31 28 255 102 103 53
    126 240 9 184 255 233 161 230 129 81 32 69 43 159 209 42 92 34 115
    255 130 129 223 47 124 255 116 19 255 13 183 37 255 118 255 61 114
    255 75 6 213 255 116 126 60 173 121 166 218 136 156 226 85 103 25 0
    109 157 202 100 35 255 61 151 252 21 123 9 109 137 7 19 199 32 255
    222 16 222 255 81 127 0 17 255 255 95 198 173 207 243 57 4 73 106 22
    74 44 188 255 77 222 255 194 101 174 162 243 3 230 52 247 6 111 105
    67 255 242 145 175 159 101 103 144 142 95 235 207 92 255 107 168 205
    161 59 17 187 38 178 88 91 255 6 161 105 36 214 214 37 248 148 49 72
    155 20 255 71 62 37 201 179 102 131 22 136 133 23 161 255 225 4 255
    67 173 227 120 94 49 180 123 203 142 249 65 154 161 138 248 72 204
    40 182 195 187 220 255 99 227 122 139 147 205 25 112 12 74 228 255
    232 175 255 101 33 188 59 255 164 241 181 255 0 255 81 255 139 205
    116 218 255 244 220 255 30 163 207 123 255 4 223 74 179 81 200 3 68
    222 255 109 17 110 150 228 126 35 41 161 248 223 149 154 2 125 234
    78 38 59 92 117 82 235 255 177 90 178 202 22 255 188 217 165 108 255
    250 225 228 82 255 255 34 7 132 207 132 88 107 244 78 213 102 186 94
    208 88 172 79 182 56 63 84 174 45 156 31 57 255 97 38 2 1 155 15 181
    96 239 42 126 99 246 255 77 196 44 255 252 103 201 95 45 161 234 205
    138 87 114 255 12 105 103 255 86 78 255 25 183 182 234 125 131 77
    186 144 13 61 226 51 249 138 193 42 112 217 20 69 178 235 198 223
    183 188 16 184 234 164 113 9 101 198 103 153 38 143 120 125 87 76
    165 237 103 50 240 106 255 148 94 175 13 254 124 200 107 255 134 159
    131 131 137 127 48 213 193 66 146 175 187 15 255 32 123 29 175 214
    143 255 236 121 30 219 202 32 161 185 103 110 139 188 250 52 205 116
    69 253 3 184 255 234 109 186 60 255 255 149 140 165 51 36 233 102
    176 108 143 58 121 171 87 29 43 177 42 149 94 255 26 36 146 212 101
    36 243 133 203 220 63 134 65 235 105 53 240 255 48 90 38 38 234 231
    255 200 56 129 0 255 249 3 207 136 157 62 98 242 32 255 156 18 62
    196 246 162 190 255 200 2 123 101 77 146 54 34 34 200 12 255 203 180
    255 125 96 82 22 188 149 23 54 90 13 220 255 176 87 62 255 128 107
    43 255 255 159 9 81 212 207 138 148 55 86 219 188 255 196 127 255
    225 255 255 133 28 23 60 65 88 158 203 182 143 112 255 98 139 199
    217 95 143 199 14 255 16 232 133 148 116 60 156 21 198 220 63 23 52
    104 44 163 137 196 140 159 255 161 71 235 79 3 255 96 91 188 24 240
    179 77 234 79 137 237 196 145 65 23 172 14 5 91 173 39 128 74 29 42
    34 255 18 92 178 123 37 207 103 244 1 136 205 148 74 157 157 51 138
    39 74 185 255 85 223 255 206 255 77 180 118 194 48 161 172 95 55 255
    187 122 191 91 196 134 255 112 125 47 51 255 149 45 255 213 46 78
    201 255 149 110 220 172 68 181 17 209 245 198 158 133 200 198 113
    253 228 48 64 120 158 255 108 134 255 85 107 47 114 210 117 210 210
    255 120 82 51 14 197 82 80 172 255 216 254 246 251 113 244 255 234
    144 44 206 255 97 255 185 26 14 71 18 227 161 255 255 19 79 28 255
    70 102 129 16 213 199 199 251 126 235 17 178 83 84 9 253 176 255 143
    98 217 61 247 250 66 234 149 255 228 218 84 54 255 79 21 26 137 23
    235 110 62 55 26 121 174 77 235 26 84 172 255 7 171 255 244 213 86
    168 50 191 105 13 255 241 159 255 2 101 114 127 13 130 142 134 87 52
    178 91 240 163 43 0 104 3 140 66 82 212 251 255 145 88 143 213 220
    191 110 41 244 35 72 52 96 225 47 193 34 237 82 205 129 95 195 113
    139 203 104 240 221 74 119 139 57 201 38 255 136 255 31 163 255 62
    26 139 213 93 233 255 155 12 205 136 153 97 149 66 51 248 37 38 147
    121 121 5 22 182 132 147 255 13 66 32 97 209 35 1 255 255 223 84 255
    242 58 58 206 65 120 195 30 255 113 255 252 15 55 157 215 127 246
    251 211 116 250 198 152 181 70 214 53 52 255 50 245 58 101 104 121
    194 51 134 8 67 255 150 152 99 250 81 133 232 255 157 5 141 47 94
    236 191 48 255 96 102 225 125 238 71 255 139 169 75 95 70 255 29 37
    255 39 215 253 32 255 255 185 113 255 195 255 125 123 109 96 26 218
    146 146 52 74 21 224 139 155 255 255 75 221 255 89 239 170 255 180
    13 241 66 87 255 176 255 131 5 69 177 196 208 121 90 255 39 23 255
    70 57 178 52 61 47 255 194 44 134 113 177 60 255 179 238 235 66 83
    255 185 126 255 117 235 228 247 239 178 81 87 255 48 98 182 16 184
    32 255 45 46 164 167 84 96 80 246 203 105 90 255 106 54 0 66 193 45
    74 162 52 170 64 255 106 189 212 163 57 146 125 255 255 225 208 209
    85 95 227 198 17 211 107 219 248 92 156 218 170 173 74 175 220 161
    82 188 136 59 54 51 95 210 224 56 202 32 248 220 255 155 9 113 89
    123 191 73 86 53 242 94 155 127 246 250 46 61 125 165 207 121 94 160
    255 151 33 144 254 222 255 9 75 34 186 190 229 168 163 27 34 106 237
    215 94 144 132 152 255 59 178 255 125 255 82 126 200 114 76 195 10
    103 17 255 179 102 125 255 127 52 132 180 179 185 95 159 176 137 174
    186 129 53 58 102 170 36 165 57 84 215 255 88 70 35 139 243 169 131
    224 77 190 129 114 230 170 172 76 236 25 206 60 170 97 18 255 112 11
    53 156 186 216 8 186 192 88 144 87 145 74 51 174 3 255 126 135 152
    244 92 156 227 100 44 51 94 188 91 203 255 104 121 148 138 83 27 175
    137 92 235 250 255 139 122 13 8 89 131 93 219 255 206 181 255 245
    255 51 66 255 255 149 189 234 175 5 66 70 234 213 130 59 143 174 191
    143 198 77 56 97 252 142 75 151 84 2 215 199 193 244 221 169 164 255
    255 147 64 71 251 44 254 84 107 151 255 231 1 52 96 97 72 123 69 221
    143 57 38 113 147 81 199 200 160 246 205 17 255 51 255 173 172 206
    52 18 158 146 53 133 14 50 240 255 110 61 142 133 109 82 213 191 243
    135 175 153 35 15 255 225 169 48 0 46 120 115 25 255 83 120 255 204
    135 87 171 147 55 225 4 255 179 109 87 34 128 148 162 176 66 102 184
    22 10 103 146 36 20 13 196 255 248 198 7 255 204 89 18 121 97 58 59
    39 26 215 48 255 147 37 34 237 3 199 156 255 162 117 2 71 113 193 77
    223 21 226 231 252 255 206 119 255 76 115 14 99 87 97 39 237 222 126
    121 112 57 255 212 177 245 40 13 188 139 255 174 64 87 115 135 205
    156 165 200 225 88 18 128 255 195 255 159 253 4 218 23 74 182 62 255
    186 41 76 107 85 206 255 150 162 17 127 161 234 180 40 255 112 108
    177 120 106 92 190 54 121 8 164 18 3 128 64 86 9 231 121 95 201 84
    22 139 20 221 255 96 71 157 58 60 255 89 44 255 117 107 43 188 246
    16 32 116 31 226 135 255 134 90 75 251 99 255 251 122 246 245 52 10
    253 185 239 140 17 226 219 59 255 64 23 25 97 172 255 7 29 151 15
    231 187 214 198 209 186 51 107 175 187 255 73 29 255 222 57 255 232
    22 152 245 188 255 63 115 164 114 251 65 120 86 136 240 58 125 134
    233 234 20 202 255 217 237 62 34 109 243 30 115 118 77 126 251 123
    48 198 103 17 179 140 199 95 110 53 16 191 33 192 243 255 155 73 78
    255 222 126 212 102 255 9 102 29 172 69 99 148 84 118 107 28 73 255
    183 147 133 117 35 168 239 230 136 154 203 255 107 53 216 215 222
    250 231 25 95 91 235 178 115 103 104 90 118 255 209 5 255 208 255
    174 185 22 173 255 255 226 172 46 207 102 194 255 192 110 66 255 135
    248 15 156 92 49 247 156 67 3 118 143 255 255 210 227 149 215 42 109
    43 8 247 117 255 175 238 191 53 206 227 255 204 215 19 54 24 177 47
    235 144 255 84 17 2 150 255 239 243 5 139 185 255 109 224 65 32 100
    138 21 45 42 181 228 255 53 24 255 108 111 255 202 5 255 103 47 136
    237 244 255 185 255 83 220 64 55 253 190 255 111 54 255 18 87 248
    152 178 186 23 193 146 121 34 139 158 157 181 46 246 12 109 255 159
    4 195 196 54 109 179 106 32 3 16 26 182 135 1 247 138 194 255 160
    148 174 46 173 13 38 143 255 68 228 255 172 162 255 203 155 123 26
    127 255 173 255 66 191 36 169 49 233 157 81 255 139 92 244 96 237 99
    255 14 185 255 70 136 255 152 97 60 82 75 156 90 111 39 172 189 57
    149 33 255 31 223 117 52 170 255 83 140 209 31 1 82 29 255 255 238
    115 218 155 157 58 179 7 44 115 250 243 46 255 140 138 225 23 107 69
    255 26 172 203 113 78 182 4 213 177 251 129 32 44 255 83 17 8 14 180
    38 87 17 131 160 117 12 19 80 123 213 81 159 207 141 52 255 59 63
    114 103 40 49 119 132 201 165 189 162 22 220 22 23 18 99 238 81 116
    65 245 31 20 164 143 247 54 204 146 189 255 40 228 255 14 232 255
    239 255 126 20 209 75 13 228 144 61 67 155 139 17 10 115 70 255 17
    217 18 183 255 214 231 250 29 255 240 112 140 66 148 124 189 255 125
    24 112 23 161 116 255 202 123 177 118 255 251 65 143 250 86 97 207
    84 255 152 136 230 170 17 36 176 60 255 136 34 69 255 255 255 149 18
    170 221 250 43 153 203 25 164 146 255 29 137 188 208 35 185 188 255
    143 76 115 155 152 38 213 96 44 255 173 213 83 103 233 255 163 24
    255 138 51 211 37 26 110 255 129 222 146 51 69 103 214 99 253 113
    255 5 242 255 255 194 120 27 255 159 250 39 255 131 143 255 116 46
    255 151 175 255 255 255 181 17 115 255 81 151 205 113 79 114 104 51
    255 43 88 42 190 209 70 109 22 51 146 37 86 28 147 182 12 255 185
    137 125 129 44 48 16 110 255 164 88 207 100 161 149 255 121 219 186
    9 118 47 255 210 153 227 228 31 64 109 161 19 151 255 188 189 99 255
    143 255 86 136 44 147 0 255 229 12 36 203 0 255 25 122 161 179 203
    255 154 132 255 27 255 14 206 243 211 76 39 9 3 228 250 58 40 95 110
    100 255 204 158 126 177 5 218 115 3 255 255 217 252 209 55 139 178
    185 100 84 96 39 221 73 255 90 141 104 22 190 95 163 76 53 221 92
    255 203 255 190 152 174 255 172 231 190 177 164 57 130 116 211 97
    193 38 179 59 78 37 146 146 98 246 213 72 97 0 62 189 96 109 244 62
    41 255 86 188 191 155 136 59 113 71 138 73 146 55 222 195 225 14 164
    14 122 156 183 135 7 194 226 41 255 255 236 26 100 251 71 255 13 44
    194 37 193 97 245 139 61 191 135 255 185 51 255 217 155 153 201 160
    25 255 255 240 31 63 204 36 35 182 76 62 212 196 139 97 101 222 84 8
    115 170 119 97 172 244 107 255 66 70 130 82 255 255 42 135 255 115
    25 64 77 137 194 253 9 135 132 66 97 12 104 185 163 35 69 99 209 255
    37 255 255 70 230 105 219 137 16 157 189 255 65 92 74 176 141 31 72
    196 255 113 83 122 255 206 96 248 107 108 163 156 17 85 160 139 85
    53 186 68 155 199 245 255 255 230 17 255 183 86 243 150 139 213 255
    255 255 255 35 70 25 99 86 244 30 61 58 180 255 188 127 131 64 150
    36 93 239 45 255 3 4 51 42 255 188 114 25 9 101 252 255 3 108 163
    136 179 212 64 209 235 227 142 114 14 222 248 0 62 51 208 16 115 255
    66 12 255 152 255 81 69 201 250 61 121 39 34 9 14 227 30 255 255 118
    245 36 249 191 255 22 48 166 138 86 194 142 238 198 95 1 57 34 9 255
    231 95 255 92 177 101 133 110 255 62 197 255 241 64 255 162 255 14
    147 197 179 183 255 61 179 235 255 251 255 66 226 10 255 118 172 255
    251 22 32 148 121 78 240 200 126 139 129 255 74 160 138 219 184 121
    207 57 174 29 176 110 54 47 172 18 191 14 190 35 10 240 247 243 225
    146 52 190 12 235 224 255 38 118 217 58 255 75 112 199 60 243 225 88
    255 76 255 231 65 160 147 134 11 255 40 255 224 36 22 169 41 133 194
    244 109 188 218 73 131 255 136 255 95 233 255 237 211 74 107 113 255
    255 32 207 178 96 96 109 188 209 87 255 97 17 138 155 194 255 255
    101 143 130 48 128 127 18 220 187 90 218 110 124 255 227 105 255 126
    127 9 246 253 153 34 115 72 48 213 182 73 255 98 212 50 183 216 75
    255 233 206 221 194 221 225 116 171 240 69 17 64 87 5 71 181 171 123
    112 2 95 255 126 255 220 105 203 216 69 210 58 97 199 255 119 128
    225 26 91 255 113 149 216 177 176 195 255 116 25 234 106 129 231 162
    156 118 75 246 113 115 149 255 126 19 209 17 29 7 32 53 150 208 186
    254 138 27 202 255 44 138 82 79 10 133 255 255 193 255 130 144 26
    197 208 255 199 255 205 228 121 255 255 176 62 184 164 227 50 255
    255 255 227 148 205 9 78 41 193 0 84 60 120 93 255 255 93 74 255 251
    195 220 148 127 125 71 202 151 131 38 112 231 33 25 12 63 126 160
    234 51 132 168 255 231 255 161 85 85 177 255 58 118 198 155 255 39
    217 174 207 94 255 69 157 84 203 28 69 93 91 18 199 220 255 154 39
    218 241 120 133 160 55 114 145 96 255 102 227 216 147 233 231 24 126
    221 46 39 185 170 52 32 177 136 255 132 220 204 129 170 86 232 140
    255 106 196 3 163 255 255 34 74 65 67 255 75 141 184 153 146 180 84
    150 16 255 229 230 177 50 164 255 207 252 194 245 200 178 6 1 112
    226 76 199 209 82 195 251 33 255 7 139 216 172 228 255 255 255 255
    119 255 188 51 83 100 62 237 255 20 255 96 164 138 255 206 50 165
    171 255 216 87 247 65 171 51 153 54 10 239 133 160 255 40 69 120 152
    217 255 31 156 255 97 214 255 101 231 221 2 199 166 31 88 255 253
    163 255 50 72 18 28 194 151 88 73 17 243 129 182 104 161 255 217 144
    6 23 113 255 5 26 200 73 255 16 146 251 255 81 129 255 88 98 242 14
    59 65 245 2 255 206 46 134 79 123 231 252 255 135 75 104 255 27 22
    243 200 255 51 236 234 164 89 255 74 156 177 255 75 255 29 77 113
    255 225 8 29 150 182 14 111 47 255 216 138 255 44 141 234 75 87 255
    72 65 255 125 157 16 229 255 44 235 255 92 200 135 169 209 115 147
    43 83 224 128 0 120 68 87 213 236 24 172 178 118 112 192 255 255 86
    143 25 226 173 103 7 160 255 0 206 4 16 33 68 108 96 255 255 35 103
    13 69 148 196 106 213 141 255 165 5 141 6 7 149 224 213 202 126 213
    55 88 86 4 227 112 100 255 220 180 169 58 178 255 255 236 224 150 30
    217 94 109 121 102 106 255 175 121 218 215 47 51 69 49 255 67 207
    140 88 251 179 21 1 251 1 65 90 154 243 187 84 255 255 115 239 109
    20 182 246 255 58 143 255 26 253 94 161 6 46 190 36 248 86 255 26 30
    191 169 70 255 173 73 144 164 121 100 31 160 52 193 30 216 254 123
    255 59 63 125 108 0 255 252 180 25 255 51 4 44 101 81 4 26 43 239
    252 58 10 203 242 15 129 51 162 188 164 27 248 255 133 14 170 205 34
    109 9 144 187 238 23 81 133 85 110 239 227 251 39 137 178 153 77 186
    56 144 168 142 20 157 45 234 153 255 88 255 224 170 255 238 0 173 89
    224 218 178 193 240 74 159 121 131 184 87 205 157 255 183 255 131 57
    168 255 59 95 255 102 129 6 241 94 255 203 214 104 202 249 250 89 71
    64 56 212 252 43 77 203 242 144 255 154 125 52 123 161 133 127 1 9
    117 123 22 25 15 255 242 35 14 90 162 242 8 118 240 255 166 60 247
    194 255 183 252 255 153 5 174 59 255 255 176 220 255 19 133 8 31 47
    255 193 7 49 235 96 214 37 81 8 222 97 156 232 136 255 190 205 195
    199 7 213 35 102 255 252 10 195 92 255 109 157 69 172 136 185 38 18
    146 92 89 150 112 158 157 255 40 10 160 163 1 246 155 164 239 188
    247 170 142 233 17 136 124 73 232 132 0 241 188 172 138 121 255 132
    26 239 114 122 253 1 127 255 121 169 87 157 255 205 30 133 234 89 41
    146 142 247 117 36 45 129 204 183 226 75 107 134 62 54 139 36 250
    195 103 197 113 56 51 96 4 41 255 66 41 44 97 175 248 207 10 255 238
    223 239 28 226 192 191 244 255 38 209 203 225 82 255 21 255 18 217
    44 39 87 177 246 109 150 159 64 39 255 214 88 143 232 224 255 19 246
    162 130 249 255 247 159 31 69 220 185 162 176 255 231 27 195 245 213
    130 95 135 135 61 71 253 75 231 105 119 255 222 93 234 255 200 246
    255 146 104 255 159 106 255 171 11 81 176 0 198 193 244 220 186 38
    69 59 223 255 111 170 136 157 78 250 218 238 173 243 24 255 236 47
    234 77 32 118 20 79 255 217 158 45 35 101 188 40 89 153 82 207 38
    188 111 159 184 106 114 171 255 225 63 157 153 187 87 209 240 38 153
    142 18 27 75 85 101 170 132 34 129 199 207 234 59 40 37 254 224 52
    162 175 213 67 255 255 52 21 2 118 68 112 124 147 2 11 153 226 255
    31 255 255 83 161 255 255 51 47 169 87 109 255 48 181 30 79 255 174
    12 110 182 182 137 51 40 40 255 132 9 216 238 250 95 12 32 48 12 104
    120 14 243 109 119 188 217 93 34 255 255 219 61 53 46 211 52 84 255
    146 184 127 36 242 149 44 201 166 126 123 118 88 50 30 217 88 255 44
    49 255 177 174 255 34 53 133 74 187 114 54 51 27 176 250 255 231 23
    255 34 246 248 10 255 255 136 54 255 67 86 97 220 203 32 135 165 255
    92 255 55 104 58 237 92 227 255 204 37 14 186 50 253 47 149 31 76 66
    108 94 121 196 190 170 44 226 156 161 92 86 177 57 113 107 121 25
    190 255 246 44 63 239 199 19 97 113 207 189 255 130 129 104 244 22
    103 175 173 199 146 79 218 140 64 109 51 188 19 128 166 78 88 66 255
    252 206 187 139 255 25 45 60 74 80 123 100 145 114 142 6 21 140 39
    144 131 41 46 220 255 158 255 253 197 238 155 139 255 222 255 1 237
    255 181 137 254 18 52 128 181 229 173 255 246 24 255 152 155 87 88
    215 91 8 254 23 173 36 255 121 35 185 127 32 243 46 250 191 82 33
    255 17 67 255 65 127 151 174 45 255 5 104 79 255 250 253 230 16 255
    67 137 255 214 4 96 221 45 218 221 176 69 119 77 38 16 88 255 224 37
    143 104 185 140 217 63 255 80 106 105 181 178 43 75 207 247 130 71
    45 102 95 25 49 109 31 162 255 174 4 209 91 152 231 221 225 187 255
    44 149 39 143 140 255 45 137 160 113 158 39 194 159 83 204 255 239
    115 11 255 43 209 12 19 255 65 35 89 255 130 12 30 48 61 229 135 173
    255 73 191 57 134 200 126 111 76 179 0 145 224 128 245 214 69 212
    182 255 22 218 28 255 18 185 234 120 235 79 240 37 76 149 255 161
    239 245 20 147 37 255 79 83 42 144 129 199 255 17 69 112 17 0 255
    105 247 212 88 97 213 254 74 255 150 14 255 65 240 255 45 29 239 51
    23 255 251 106 227 255 195 125 201 255 255 61 40 149 190 222 255 140
    221 188 175 108 255 255 201 246 171 251 34 143 190 74 194 108 255
    251 156 255 7 135 29 229 138 255 38 85 135 70 124 216 155 255 255 86
    165 243 219 255 250 101 149 255 114 84 44 218 41 136 136 225 151 152
    255 4 206 71 139 38 92 255 247 255 172 155 158 183 32 36 68 45 190
    121 202 157 155 142 207 60 255 143 255 246 26 178 163 103 21 153 213
    49 254 58 255 90 101 35 115 35 255 53 255 0 225 175 51 6 127 81 255
    188 161 161 181 255 255 144 156 116 197 255 244 187 229 40 0 25 206
    239 255 127 157 218 226 195 255 181 97 84 141 177 255 66 35 217 177
    23 116 139 49 255 136 95 84 255 44 26 45 66 153 6 16 233 108 212 146
    251 70 118 255 151 188 23 91 151 255 198 29 161 255 147 0 146 255
    216 225 165 1 151 230 223 8 255 235 185 99 104 193 56 54 92 244 3
    219 32 127 135 61 29 220 255 206 114 21 221 71 27 221 59 233 34 37
    255 198 156 64 150 201 191 52 255 22 209 135 135 168 24 26 255 54
    170 62 161 112 90 225 160 120 255 130 37 15 255 249 121 217 130 10
    255 235 152 71 18 54 101 56 181 252 125 89 255 200 137 149 123 65
    253 64 84 255 213 159 172 37 42 10 135 111 32 168 64 255 75 84 255
    84 84 255 102 96 55 0 248 205 219 255 3 118 251 10 150 166 101 152
    129 237 74 119 255 71 155 244 90 207 255 13 36 68 120 202 217 238
    102 226 135 67 214 4 109 142 124 26 255 46 12 188 214 223 201 203 97
    222 140 187 157 62 39 255 162 82 164 251 244 233 41 254 38 147 124
    212 96 245 255 37 210 255 50 203 255 127 89 255 223 170 177 46 79
    138 169 110 211 201 155 144 89 197 162 77 62 255 35 255 214 253 145
    143 171 18 238 150 42 255 69 21 87 143 255 204 229 223 200 150 160
    255 187 247 255 69 129 138 255 22 246 14 42 185 1 89 234 56 255 205
    227 144 42 148 26 14 50 168 78 43 255 38 152 148 164 198 153 188 123
    146 84 191 92 255 132 123 70 255 182 1 208 146 169 160 65 116 214
    119 139 39 33 255 105 255 149 200 201 255 172 144 104 223 244 255 38
    254 195 103 255 168 230 90 144 193 9 153 245 141 100 59 173 92 187
    146 255 84 119 153 139 100 94 51 77 90 47 255 91 125 228 71 0 10 78
    181 255 19 255 113 255 130 219 255 59 15 255 117 190 172 215 40 70
    101 222 187 227 26 45 221 255 242 213 195 104 217 145 229 255 255
    144 225 207 139 119 122 255 119 224 10 111 255 204 105 195 22 214 30
    97 236 121 61 117 174 255 87 143 235 102 85 90 34 163 246 242 1 110
    146 160 255 200 78 136 142 96 100 201 205 198 220 99 179 57 10 156
    188 69 151 190 159 247 234 152 74 120 90 17 109 49 151 241 104 44
    164 251 160 20 148 48 103 250 238 245 197 4 212 16 105 110 133 255
    155 13 251 169 152 129 119 84 247 25 76 255 255 120 55 140 185 117
    39 49 164 163 127 238 110 57 255 105 173 4 1 77 224 167 114 156 253
    87 18 198 198 255 48 205 62 246 173 100 226 212 164 255 184 107 31
    120 90 179 206 8 225 3 135 5 168 234 255 190 140 191 255 8 253 59 38
    206 168 233 178 255 229 181 46 255 63 147 64 127 248 255 157 66 255
    238 13 248 150 123 255 227 149 175 110 60 207 117 155 255 246 233
    255 206 228 204 141 36 243 106 255 255 145 255 255 136 255 13 37 40
    247 44 76 255 255 79 13 71 234 1 8 210 255 7 255 208 195 250 255 8
    222 166 183 113 238 87 156 104 163 255 173 228 175 255 176 125 192
    76 132 43 114 106 255 35 94 247 179 96 126 71 63 53 200 143 191 73
    255 220 185 114 52 66 174 255 228 60 6 174 8 6 90 112 255 17 5 255
    255 37 97 226 66 192 175 95 140 194 174 207 255 14 187 255 195 149
    93 202 255 89 73 233 99 9 131 147 242 226 106 90 255 85 103 69 81
    136 255 199 143 75 124 72 207 12 149 114 188 255 140 160 74 205 192
    159 21 255 247 47 240 99 251 116 116 51 59 206 6 243 38 255 108 69
    255 111 140 110 164 120 87 38 159 192 255 36 161 152 50 255 158 255
    175 73 170 250 105 103 19 255 57 160 235 252 42 127 169 186 252 64
    204 113 160 237 238 225 174 51 0 255 152 230 242 42 213 151 158 76
    116 115 223 30 47 255 17 4 118 203 216 234 255 99 20 155 86 255 214
    167 206 74 138 124 255 163 227 170 246 18 168 253 214 92 169 255 211
    18 194 103 215 250 255 46 208 175 248 255 248 7 87 49 90 184 181 86
    107 255 68 101 58 138 186 109 88 135 107 29 82 153 21 83 209 146 129
    252 94 104 21 119 121 175 168 118 255 86 159 204 24 112 250 227 32
    229 225 44 198 107 230 87 115 236 255 14 255 205 99 111 13 248 146
    183 136 29 224 30 186 32 159 255 53 56 201 165 244 24 13 92 165 14
    120 50 225 216 210 246 72 255 36 255 4 229 235 17 147 97 69 234 202
    53 255 19 108 198 103 121 255 213 100 255 121 255 255 73 214 83 176
    191 214 71 230 5 252 62 237 79 215 107 137 48 0 22 79 255 194 16 47
    142 255 255 160 87 25 230 125 187 105 2 156 85 139 255 80 168 122
    173 108 118 77 153 204 137 162 213 218 243 127 71 26 255 53 30 182
    197 236 126 6 180 73 42 91 255 105 75 216 157 110 224 21 10 123 45
    116 62 86 197 47 20 90 200 183 51 112 114 147 75 140 125 255 15 35 6
    51 251 196 243 82 101 98 59 87 217 255 131 190 230 13 250 79 192 192
    98 29 187 78 217 210 224 159 101 255 217 119 139 121 105 219 152 65
    212 40 204 217 255 59 128 73 188 48 235 205 15 255 110 94 179 71 227
    6 6 255 144 9 107 149 30 76 31 64 11 165 23 156 255 126 198 156 48
    59 240 54 152 187 151 10 255 70 35 225 172 137 207 140 37 164 119
    176 114 246 45 36 175 100 255 24 202 255 153 36 250 97 67 250 17 118
    165 221 46 142 34 100 169 84 254 162 121 178 191 65 182 160 2 240
    126 250 193 13 185 255 235 252 206 126 39 212 147 16 45 47 214 232
    205 80 7 255 40 221 26 239 166 130 56 195 44 192 226 161 68 111 40
    73 168 75 215 135 255 167 160 38 229 0 69 171 72 19 255 97 196 235
    48 175 7 193 5 141 51 188 119 255 239 220 32 182 221 112 13 8 255 78
    95 230 169 27 69 52 86 8 221 63 255 30 182 143 82 34 255 240 129 245
    255 175 232 61 71 46 104 234 96 255 159 50 168 185 136 186 225 98
    161 10 223 255 10 189 222 58 225 255 164 11 159 23 161 174 104 180
    255 75 41 175 208 198 255 74 0 216 146 119 255 41 126 135 41 12 107
    93 37 255 108 38 255 217 225 255 250 155 70 82 203 227 141 222 152
    107 34 53 88 94 255 21 49 152 191 112 36 184 238 39 170 39 49 5 255
    179 119 5 81 125 72 73 84 255 82 88 212 239 119 101 229 116 172 235
    66 195 103 188 254 255 14 194 39 43 252 118 217 189 4 61 170 179 217
    163 255 180 99 201 157 73 118 81 255 255 71 236 0 84 254 140 141 193
    246 255 90 43 241 41 23 255 99 27 180 126 255 138 209 159 37 112 255
    119 21 153 255 255 113 9 158 255 159 72 165 117 184 255 158 2 255
    119 102 22 61 255 255 226 164 177 206 190 213 202 22 255 91 242 166
    254 127 36 255 79 255 131 161 239 221 4 255 222 39 113 6 59 116 119
    51 229 95 112 121 213 46 255 230 89 143 67 15 187 87 136 255 232 249
    155 147 69 21 201 98 255 248 139 126 20 123 255 163 209 255 67 246
    255 255 226 123 185 177 66 2 199 255 212 47 95 88 255 143 127 5 255
    248 183 255 198 153 255 142 188 129 252 177 237 84 110 131 134 255
    255 250 97 166 183 255 19 85 17 60 44 227 255 138 1 208 27 201 40
    255 15 125 102 161 123 18 221 205 36 136 255 160 157 25 242 7 34 194
    78 175 135 236 170 46 164 109 52 205 91 120 1 27 235 255 118 73 252
    173 20 255 114 114 242 233 243 116 195 24 88 255 31 22 255 93 201
    255 155 0 217 149 255 221 153 163 100 98 201 214 255 230 222 141 183
    211 181 245 222 99 164 84 79 255 255 41 66 143 239 88 35 7 54 255
    199 79 252 179 232 186 255 255 6 197 161 198 73 77 160 134 143 239
    151 173 69 28 233 255 43 74 220 116 174 92 40 78 45 80 236 222 23
    127 169 177 160 45 116 236 255 157 181 91 120 195 113 85 255 118 170
    255 166 221 89 107 255 246 255 51 248 55 207 218 255 104 247 31 199
    59 108 66 213 19 84 78 221 188 240 255 158 73 161 255 222 99 255 109
    255 147 153 13 15 178 200 255 233 186 43 190 151 255 232 194 232 76
    205 73 255 3 139 10 61 156 36 130 23 60 255 47 107 255 222 110 138
    241 125 187 119 149 155 64 21 166 255 121 30 99 100 27 121 52 201
    177 180 174 16 5 64 108 209 255 35 76 129 139 38 25 131 174 113 129
    69 252 216 101 71 102 85 255 133 164 52 27 236 156 154 255 116 117
    73 122 201 137 121 141 112 255 87 255 62 174 78 213 88 77 181 234
    198 108 1 40 255 248 255 238 114 181 255 254 59 78 222 64 168 180 84
    155 200 11 169 92 235 22 249 243 30 32 51 255 108 51 224 241 255 130
    125 225 35 163 190 112 135 159 18 176 5 65 8 153 240 164 239 155 70
    157 255 151 21 255 137 190 97 10 255 135 218 190 69 192 1 225 14 23
    149 138 96 116 161 29 131 215 187 168 43 123 255 103 75 255 167 101
    34 8 242 65 145 96 255 103 156 170 124 249 82 93 193 25 227 132 152
    58 55 120 56 244 131 230 18 233 36 244 66 223 141 181 192 45 152 205
    16 244 30 249 95 202 2 255 165 88 255 106 4 49 84 211 172 168 201 66
    237 20 79 246 5 255 124 163 174 10 49 9 145 151 237 179 124 75 3 99
    255 194 82 91 126 106 51 72 193 255 248 120 255 137 239 255 40 139
    121 204 141 101 83 251 255 77 250 233 49 128 139 234 162 143 246 161
    64 97 78 88 159 149 110 165 123 55 46 176 4 114 135 255 225 99 5 199
    139 23 239 247 185 132 230 123 204 63 45 27 95 105 3 104 35 113 95
    143 218 181 255 64 15 255 109 152 104 77 50 224 163 81 130 253 24
    239 34 109 198 234 255 31 17 1 100 1 185 255 142 190 40 207 208 186
    255 201 255 61 97 255 109 157 220 215 134 55 116 178 255 110 132 255
    13 215 230 200 145 255 197 104 255 226 121 131 24 255 255 68 237 181
    162 254 117 16 189 43 175 255 138 128 73 255 60 215 161 121 7 255 31
    178 12 121 237 255 254 173 255 220 63 243 242 95 131 102 33 36 96 33
    255 255 83 52 39 178 151 97 255 94 59 41 255 160 224 201 191 210 95
    80 72 224 179 21 255 158 150 255 202 123 26 158 170 166 218 145 255
    151 215 68 109 96 77 214 165 32 74 176 65 225 35 52 7 223 56 74 98
    155 170 29 149 139 185 244 210 255 121 178 23 255 236 51 97 101 77
    48 171 103 255 158 177 48 108 42 155 45 3 57 198 110 142 19 83 10
    217 89 192 68 242 10 216 239 253 32 196 255 89 255 140 46 63 255 191
    246 78 245 55 255 90 213 74 161 77 95 114 211 255 125 176 84 176 107
    43 209 13 155 119 1 227 49 148 0 240 218 75 255 238 155 229 165 169
    10 173 140 90 39 165 227 195 213 137 91 208 181 221 255 240 30 143
    142 145 200 24 225 22 247 196 200 75 255 120 95 245 255 77 255 255
    190 140 227 123 138 16 129 136 112 204 3 13 79 45 177 188 255 246
    121 157 255 42 174 177 67 165 238 57 126 226 76 34 125 21 255 75 255
    12 113 117 69 129 124 88 255 102 124 255 97 120 212 119 115 225 225
    209 208 127 206 244 248 86 255 82 203 19 106 171 162 66 133 185 237
    193 238 41 150 17 200 234 95 183 48 160 120 161 235 204 255 18 66 75
    234 246 230 255 220 13 255 205 150 51 28 227 38 190 62 255 4 103 68
    27 85 255 145 95 40 255 249 61 245 255 151 61 176 255 230 178 255 4
    33 19 143 120 103 30 84 40 60 234 255 54 197 255 98 255 181 52 63 55
    73 112 240 56 100 255 94 51 17 236 66 165 15 178 188 15 5 91 255 85
    200 97 26 255 66 86 207 92 97 107 255 115 246 243 63 160 177 97 177
    98 66 146 23 187 122 126 255 156 134 111 61 101 16 74 77 214 252 204
    255 114 119 118 16 75 3 225 191 22 35 213 180 69 169 131 250 114 168
    255 217 160 233 236 147 181 255 2 255 135 232 255 199 58 5 148 255
    172 252 103 255 17 115 16 182 39 118 86 3 182 161 27 255 84 218 146
    255 115 87 95 62 0 171 135 255 255 255 173 65 153 62 22 29 255 186
    255 9 155 255 62 117 220 255 223 114 112 119 75 168 115 44 240 202
    45 134 79 48 94 60 219 242 118 26 227 34 191 255 61 50 96 44 91 5 63
    199 226 255 194 255 173 186 70 89 29 79 85 137 252 238 22 255 170
    249 42 59 8 255 83 57 181 244 225 25 159 49 123 135 3 255 255 112
    252 60 77 255 201 44 226 127 255 110 218 11 255 3 120 32 160 213 255
    52 156 239 251 202 78 58 107 178 186 235 79 207 218 153 65 255 216
    255 231 116 173 144 131 142 111 186 255 114 78 44 170 217 247 228
    255 229 113 96 230 165 160 179 77 18 64 145 204 56 186 252 143 255
    86 162 205 170 240 26 255 39 205 255 45 144 94 10 11 238 154 128 84
    218 255 174 22 203 130 190 1 255 93 255 79 145 125 255 254 59 29 67
    116 191 255 255 224 140 44 136 121 215 199 125 182 255 72 209 255 67
    217 10 225 181 62 0 193 255 225 53 195 66 145 68 16 255 13 196 82
    127 12 24 149 204 81 255 12 165 60 181 38 147 74 181 42 255 25 175
    204 135 131 130 34 255 53 63 58 182 22 64 140 255 225 158 12 173 145
    34 255 139 182 255 133 166 100 242 84 112 84 166 96 159 211 253 155
    98 125 173 255 251 12 36 255 77 178 239 87 125 117 15 152 159 162 7
    1 28 233 73 154 194 152 176 161 103 253 184 255 19 5 255 153 184 216
    105 144 225 197 128 127 53 156 186 77 24 240 4 133 9 121 249 60 172
    74 255 181 116 255 26 22 255 186 202 3 129 255 255 83 28 153 216 49
    17 200 151 61 120 234 255 182 99 13 88 143 152 20 96 255 24 255 35
    178 58 255 56 218 114 239 109 117 208 184 16 201 218 235 208 84 233
    70 153 160 89 165 57 219 129 87 102 199 39 174 3 151 110 200 196 155
    225 22 156 4 186 138 207 100 80 7 113 237 96 149 248 255 172 237 5
    255 230 17 253 128 13 200 220 122 100 6 222 255 192 255 252 255 200
    45 217 0 22 141 98 42 150 199 244 255 62 60 247 177 255 255 66 95 29
    110 234 106 159 255 16 5 131 40 193 204 162 79 177 255 236 157 227
    99 82 198 255 255 149 49 131 216 41 65 251 217 121 207 75 211 181
    252 68 255 243 253 255 227 31 225 255 122 171 168 103 203 255 247 28
    194 110 98 247 201 17 149 255 66 76 134 14 210 255 141 207 64 36 55
    182 139 35 13 229 39 255 175 236 47 135 66 79 123 157 88 176 140 211
    193 59 255 85 255 44 152 255 179 142 255 3 145 26 69 202 67 13 102
    227 1 175 101 6 227 211 174 76 108 194 59 49 78 235 178 198 129 255
    255 53 184 255 134 198 12 72 18 66 181 47 187 19 180 255 164 3 139
    241 25 26 64 89 255 107 71 255 26 157 152 52 254 214 136 4 51 255
    148 146 39 127 95 62 24 146 108 228 118 195 81 113 255 214 136 32
    172 255 228 69 53 5 183 96 19 255 188 32 255 45 209 255 201 20 40 86
    237 255 230 217 149 112 49 245 221 50 121 255 64 72 121 149 119 65
    186 249 151 192 94 142 26 147 205 52 95 8 165 45 255 255 33 255 225
    173 131 226 45 75 226 32 58 42 243 211 230 231 88 68 123 255 22 82
    255 155 127 25 207 16 47 171 100 255 27 24 255 5 38 147 235 65 152
    156 227 255 255 162 255 227 124 42 172 255 23 103 63 169 132 236 227
    49 189 8 72 255 71 191 95 181 89 67 120 108 94 255 200 255 143 255
    255 43 216 187 61 250 255 13 88 255 255 87 9 251 32 255 90 237 36
    155 195 62 159 58 249 168 106 77 136 207 97 21 145 102 103 46 5 26
    128 122 151 154 197 179 129 203 243 194 255 44 164 187 212 223 148
    255 193 96 153 168 210 178 26 255 229 106 102 255 176 255 19 118 111
    255 140 30 191 6 75 255 22 240 25 130 233 255 59 60 142 62 124 177
    172 61 255 249 243 26 201 158 153 232 10 16 131 136 255 240 133 255
    234 84 21 19 35 255 9 255 229 110 141 43 57 7 255 49 155 252 146 168
    246 185 8 235 10 193 136 125 140 19 161 133 251 119 155 200 242 200
    108 214 11 255 133 63 56 206 227 255 65 178 250 49 242 175 107 190
    221 161 135 60 94 150 200 111 255 142 205 94 87 4 95 255 22 237 224
    134 61 82 255 198 255 116 152 255 231 236 255 76 78 255 199 197 17
    208 255 48 50 195 57 92 242 255 181 131 123 95 193 134 154 191 221
    163 5 78 182 106 255 113 47 134 130 22 51 13 254 121 2 40 88 172 148
    78 142 47 161 173 136 217 228 48 211 39 152 82 200 12 130 13 255 255
    20 94 238 121 248 19 195 235 187 80 196 214 175 163 83 96 48 53 152
    17 83 9 245 255 138 233 60 71 183 255 66 85 94 205 143 188 167 207
    216 255 22 204 125 246 203 56 86 31 85 103 255 202 255 255 167 91
    100 102 63 105 178 94 255 162 193 255 83 118 35 255 178 91 247 146
    255 244 79 255 137 0 255 31 215 107 147 214 21 161 38 94 206 15 157
    200 171 36 235 12 103 138 36 255 148 213 143 6 69 199 126 3 207 66
    199 179 184 184 84 255 74 186 3 9 255 255 248 255 186 160 36 197 90
    220 243 255 43 255 113 44 106 79 69 34 122 45 184 250 16 79 106 156
    105 90 159 79 35 255 98 29 113 121 185 126 155 255 199 200 60 136
    220 255 255 255 66 212 1 133 61 44 95 209 155 172 198 103 144 255 43
    246 160 132 209 255 150 4 5 197 69 214 145 95 201 70 40 148 34 159
    211 255 20 148 113 58 255 255 195 165 181 52 238 206 161 251 104 173
    169 58 252 187 220 151 30 178 51 170 50 40 255 60 37 224 74 70 216
    67 242 247 199 18 255 98 163 244 102 205 133 255 182 78 163 197 239
    125 98 61 176 42 74 63 35 255 222 39 10 131 10 213 2 91 135 197 255
    255 32 255 255 255 45 255 239 190 22 255 248 157 141 160 133 255 9
    255 129 21 40 184 243 230 136 220 122 241 28 255 119 152 58 224 151
    32 255 201 185 243 119 191 13 118 168 203 234 255 202 116 56 20 50
    19 53 234 95 51 215 173 101 251 148 142 7 95 84 59 148 72 47 156 255
    5 90 43 17 142 85 141 118 142 87 25 178 185 213 27 8 69 255 133 144
    240 9 143 25 160 220 52 255 255 30 118 146 229 255 127 106 170 60
    254 82 200 40 64 255 106 125 255 198 240 188 244 144 140 83 255 74
    114 13 253 215 255 209 120 94 174 18 255 255 17 255 39 42 14 218 191
    116 88 131 63 255 20 225 255 50 55 25 209 170 19 23 62 255 20 85 161
    204 199 84 172 32 1 43 120 255 158 125 49 134 47 255 6 125 233 28 45
    55 207 144 255 53 255 5 21 255 44 237 224 1 62 151 123 164 255 39
    227 145 39 50 24 179 108 255 216 103 145 34 181 32 61 171 114 255
    162 164 191 28 239 255 106 122 151 196 148 136 173 171 123 249 144
    185 172 90 208 70 50 251 45 178 147 106 87 230 224 194 125 19 4 177
    146 29 104 23 238 149 237 222 194 92 50 109 13 52 138 35 72 86 84 38
    61 68 112 255 116 60 17 135 225 255 153 24 255 182 164 255 134 201
    169 173 234 165 133 166 101 203 230 222 175 76 152 151 96 9 168 226
    209 186 231 212 133 255 104 99 205 255 198 242 79 101 255 204 80 148
    139 218 61 255 200 136 107 215 62 255 157 197 255 95 223 125 140 180
    191 67 37 65 168 148 255 34 176 255 216 255 110 117 237 32 165 255
    185 97 210 6 165 146 204 147 172 35 181 173 248 160 189 190 158 28
    40 194 155 255 240 177 192 227 59 21 40 8 213 103 10 42 66 255 255
    15 201 191 157 71 174 124 248 139 206 156 112 213 133 255 22 14 4
    204 255 230 88 48 255 216 0 19 201 132 140 83 243 166 31 20 26 6 255
    182 38 2 34 28 40 172 96 14 135 101 28 255 3 255 255 103 242 148 111
    217 255 222 22 220 41 49 196 52 101 255 247 255 49 231 141 255 83
    127 123 255 162 255 187 225 14 115 30 95 92 40 255 99 90 44 228 67
    255 3 29 9 4 199 21 35 113 208 81 194 87 231 200 110 25 251 58 234
    255 205 51 255 255 36 37 255 2 191 5 255 52 94 250 137 162 89 162
    231 217 254 247 90 207 22 255 255 155 159 184 218 245 72 127 244 231
    53 229 252 191 159 62 134 76 217 77 38 214 122 125 190 160 205 255
    105 234 90 230 86 73 45 184 219 165 147 53 255 132 48 34 119 140 255
    138 126 242 43 84 94 224 61 255 150 207 209 242 214 255 88 254 238
    60 166 6 177 255 200 225 108 218 244 222 161 94 190 174 200 161 21
    65 106 255 208 255 255 241 158 255 154 193 233 85 217 94 81 155 209
    28 101 148 231 123 255 208 155 142 180 255 42 177 255 172 127 168
    255 173 134 255 182 12 226 96 108 100 17 86 255 230 222 230 74 65
    255 228 255 97 229 125 121 239 160 105 255 3 108 29 29 255 107 157
    103 106 132 117 148 250 129 131 147 178 132 57 238 108 255 27 222
    111 159 58 182 97 255 73 240 227 34 255 173 55 255 80 144 200 20 88
    29 19 162 255 197 77 255 30 174 161 222 74 4 159 227 213 205 255 151
    18 73 174 102 174 9 217 40 255 103 255 255 237 3 91 170 96 255 200
    18 70 131 48 255 206 4 220 76 247 51 116 60 194 85 16 51 70 60 190
    21 148 192 119 0 255 36 92 235 40 163 255 68 81 255 133 144 25 129
    187 157 80 250 164 174 199 200 190 94 255 255 114 200 6 82 194 125
    46 48 16 74 108 249 72 255 81 255 66 58 213 248 47 71 216 70 198 170
    196 82 112 90 181 151 107 10 162 195 190 255 197 57 255 87 255 255
    127 96 255 17 255 255 239 255 21 23 41 8 210 41 34 232 255 220 119
    21 233 173 30 255 107 164 35 254 213 16 104 47 56 59 219 255 56 145
    78 221 213 0 119 191 105 203 228 255 60 12 138 239 232 30 214 202
    218 157 28 99 39 228 255 210 106 39 4 109 255 54 126 235 175 34 204
    160 145 107 116 5 255 242 255 255 2 255 255 195 123 48 72 127 225 17
    35 237 111 160 255 175 180 255 173 185 255 29 255 185 45 185 207 96
    152 31 69 122 148 190 96 255 248 255 181 118 47 194 174 23 255 51
    246 19 215 255 222 145 69 169 98 94 255 88 10 177 171 74 104 28 145
    146 190 116 3 94 227 3 108 202 255 151 231 205 110 243 60 108 71 194
    23 127 140 247 182 131 178 242 35 43 91 95 163 255 255 163 203 25
    207 245 151 243 174 8 198 202 220 246 205 255 209 255 61 142 71 255
    161 71 155 104 87 118 31 61 169 177 177 92 193 54 118 255 108 140
    248 226 255 98 141 160 6 35 255 158 30 149 23 203 161 135 174 5 70
    23 94 254 96 125 3 149 255 230 255 178 21 255 255 59 181 12 93 249
    213 182 92 255 105 79 214 214 234 255 167 172 114 224 198 51 235 159
    169 229 210 105 143 101 255 180 94 225 255 255 104 42 155 107 169
    230 136 146 74 227 174 203 216 48 60 108 239 255 4 159 243 255 177
    255 243 191 41 255 31 152 230 89 67 255 110 127 3 36 24 255 114 184
    121 90 14 143 24 211 34 119 118 214 129 74 255 107 8 86 242 14 255
    69 40 131 60 255 255 127 65 255 57 255 78 210 44 175 249 129 255 174
    159 233 237 3 255 252 255 26 47 72 168 253 18 135 12 116 133 242 9
    196 5 11 246 135 255 114 254 14 88 49 207 55 39 95 255 207 159 178
    255 72 71 182 174 75 135 152 36 224 9 183 13 48 95 73 174 255 162 11
    40 157 1 4 149 125 10 200 147 235 235 206 66 210 124 164 162 78 255
    255 37 95 145 57 233 248 141 134 53 134 12 208 147 0 252 155 255 185
    236 148 185 156 75 94 88 130 210 121 227 84 25 248 221 168 192 77 20
    182 243 170 38 230 0 83 203 255 148 184 219 48 212 4 201 66 22 16 70
    123 58 35 248 255 207 193 214 219 58 53 146 206 57 142 198 165 58 22
    140 115 110 169 112 236 255 51 156 139 88 128 255 245 116 152 92 92
    255 184 255 255 213 108 255 204 76 255 88 156 255 169 255 45 245 255
    166 198 91 255 228 245 255 155 213 255 230 0 235 44 138 255 183 255
    255 246 143 251 248 74 255 179 22 19 123 124 99 232 251 157 178 226
    238 51 60 233 247 146 253 174 83 126 182 176 103 241 237 255 51 211
    255 105 29 149 117 139 103 44 86 122 255 255 147 195 146 66 102 96
    255 101 138 79 93 55 181 45 118 16 223 172 21 237 255 146 143 205
    224 37 162 251 236 205 255 94 255 255 240 162 139 56 158 255 69 55 6
    63 63 247 82 236 140 203 32 56 254 124 217 130 235 255 161 134 75 79
    255 156 86 27 191 115 210 152 255 91 16 31 45 234 214 110 198 74 249
    101 61 25 255 0 159 255 112 17 252 128 157 255 48 138 255 17 40 0 43
    5 162 187 10 0 29 97 185 9 104 238 253 132 255 148 79 255 150 39 138
    80 88 23 171 90 88 210 135 198 238 234 181 250 151 255 182 13 220 41
    172 255 51 123 134 65 248 49 22 193 53 94 136 255 255 198 190 226 70
    255 54 22 221 181 208 175 45 194 25 249 168 255 238 255 188 127 190
    186 176 206 68 204 28 255 21 255 81 251 37 164 6 88 255 155 102 187
    158 210 139 164 88 109 62 81 42 255 141 218 67 22 159 151 48 52 203
    132 91 167 13 255 143 147 127 90 210 153 16 118 169 30 221 239 196
    45 42 101 102 156 163 88 68 3 2 248 192 5 84 191 178 78 2 188 151
    243 175 36 204 255 177 255 202 255 159 38 255 215 49 164 38 191 3
    255 255 138 117 86 3 181 240 255 34 29 30 139 92 32 46 189 255 52
    138 255 136 111 75 148 170 16 35 49 136 97 141 101 244 123 255 95 13
    95 188 175 255 34 78 255 138 103 255 104 101 39 174 36 74 162 13 166
    145 101 58 113 112 255 20 255 217 255 255 224 139 107 97 73 244 34
    142 178 255 28 0 255 149 137 139 121 244 211 210 205 255 253 245 255
    236 26 255 227 73 101 200 2 255 83 164 26 138 227 116 37 200 255 255
    174 255 13 219 201 6 232 255 42 143 255 195 194 146 45 98 82 50 112
    66 57 183 209 42 36 48 134 1 248 235 246 255 146 42 78 222 166 173
    255 219 65 57 188 116 183 94 255 6 184 21 63 126 255 25 11 204 102
    255 185 6 55 110 101 213 251 32 173 107 202 228 139 77 119 159 88
    209 250 218 176 61 80 240 255 247 193 185 243 255 14 210 137 123 137
    143 198 229 7 88 176 52 42 26 84 118 103 114 255 200 128 103 73 166
    153 91 137 255 50 32 143 255 27 255 244 254 131 15 195 194 41 62 82
    97 125 255 89 140 164 60 110 9 215 42 204 36 133 240 40 151 129 64
    231 123 244 181 109 96 244 255 31 139 255 25 255 255 90 85 65 113
    116 253 240 22 103 143 222 255 6 187 255 206 146 208 91 122 175 99
    78 113 217 178 255 29 58 70 171 233 216 255 24 243 201 207 211 13
    213 114 97 23 129 14 128 233 25 147 255 252 107 118 232 188 12 249
    190 40 232 65 247 61 230 168 88 7 250 135 110 168 137 209 175 70 237
    183 125 252 181 20 184 221 54 249 255 106 166 36 239 70 192 3 94 130
    195 118 30 183 199 114 8 62 255 74 127 77 232 23 164 204 74 14 180
    17 166 76 107 190 188 46 255 235 14 246 17 91 169 222 22 242 231 168
    168 235 171 255 209 222 255 143 61 255 44 85 71 6 51 175 114 137 191
    153 41 39 152 255 255 13 227 243 228 141 221 170 50 146 10 110 151
    169 236 255 231 82 155 91 210 255 72 16 77 228 255 255 53 255 82 75
    41 243 128 194 255 222 161 191 133 255 190 62 255 153 115 114 88 112
    111 255 224 168 151 137 255 185 90 150 255 138 255 26 42 23 255 197
    23 140 24 20 177 50 10 140 209 183 45 143 246 195 173 234 55 213 116
    16 255 255 75 180 9 74 119 255 179 29 139 0 207 186 55 49 29 170 82
    120 69 155 41 90 20 183 255 228 157 135 9 227 146 255 123 255 229
    236 135 243 255 144 255 64 177 46 255 255 168 221 220 62 14 255 108
    249 212 73 22 191 147 69 226 199 220 226 123 182 34 255 224 157 24
    38 14 48 102 255 209 134 73 197 181 230 142 83 39 123 114 31 139 152
    3 244 13 43 226 168 122 25 36 90 209 4 1 39 86 235 38 8 95 209 243
    253 77 107 29 61 213 247 9 151 255 84 199 79 147 199 49 237 219 58
    213 232 226 5 114 255 231 76 146 15 255 200 171 72 185 81 98 104 192
    255 27 255 163 169 137 187 227 77 51 255 119 197 27 168 64 255 181
    190 118 222 17 253 21 135 177 56 30 61 106 145 198 38 255 86 22 73
    214 194 137 226 136 74 133 162 171 255 184 21 255 125 99 255 80 17
    234 38 0 234 209 147 100 149 11 118 82 108 21 205 200 255 139 95 91
    185 255 91 202 82 96 252 121 49 136 10 118 39 69 201 133 24 175 232
    208 200 207 24 196 234 109 216 133 46 217 241 211 230 153 215 39 5
    246 13 81 22 250 242 222 73 229 255 186 152 128 255 16 134 164 38
    255 177 188 7 255 194 127 138 10 159 209 202 160 255 129 21 255 26
    191 169 187 30 255 140 255 99 222 232 19 71 250 51 32 20 120 186 69
    214 247 59 225 46 170 10 88 138 70 141 90 255 104 27 104 57 255 77
    209 29 3 79 198 243 52 156 186 88 27 1 85 58 247 193 206 71 13 102
    104 73 193 255 137 224 0 216 245 25 208 255 247 154 166 101 142 126
    55 220 178 127 110 98 17 118 118 77 255 255 255 3 0 17 249 155 79
    202 10 255 228 38 240 138 238 129 40 173 65 217 198 97 190 7 255 182
    20 34 156 126 239 24 255 242 64 109 255 17 4 117 77 152 255 68 30
    108 165 221 225 18 57 3 2 108 255 250 242 208 235 108 255 201 69 109
    53 112 25 8 26 125 245 255 255 222 14 255 15 18 133 249 236 130 136
    136 116 204 187 88 220 123 255 69 148 8 89 230 138 168 53 248 40 255
    255 167 18 216 24 22 192 185 132 255 67 15 110 252 255 175 77 187
    133 134 20 160 178 89 183 6 54 122 179 112 116 146 217 255 1 151 38
    191 170 75 124 181 160 88 76 153 21 172 35 106 191 108 221 98 255 31
    255 248 127 20 43 207 141 117 101 5 255 242 246 143 35 146 255 2 153
    90 245 146 255 255 165 195 255 200 169 21 116 152 255 218 153 182 71
    255 202 255 255 82 255 255 145 139 255 239 255 127 242 70 36 74 251
    182 4 232 120 218 131 255 167 242 166 255 186 114 127 104 173 120
    252 44 75 108 12 240 120 183 88 248 130 232 46 255 16 224 233 152
    255 131 255 81 14 84 34 6 231 177 191 253 239 155 131 2 172 227 173
    52 30 197 86 219 251 66 47 220 255 213 169 240 26 203 123 174 168
    255 62 135 64 28 246 35 112 212 255 42 255 255 193 102 255 210 177
    12 40 119 129 7 50 5 213 124 255 26 9 204 3 51 255 50 255 240 250
    171 108 220 39 166 118 182 117 2 224 212 97 86 159 125 255 64 53 59
    4 24 255 255 27 21 255 213 65 155 14 239 60 62 0 14 202 175 200 128
    51 255 202 112 6 97 121 255 3 28 56 126 137 255 194 158 73 196 251
    200 255 25 182 145 79 131 193 30 58 56 191 199 98 62 123 250 1 116
    19 255 217 102 140 83 38 171 238 73 224 122 94 156 255 201 128 235
    199 218 255 118 180 96 89 128 175 141 119 255 7 76 118 0 109 255 24
    51 116 59 103 255 197 121 26 34 244 199 171 182 144 101 36 255 138
    191 157 229 149 104 104 202 69 95 158 18 172 116 244 73 48 16 127 13
    243 143 238 61 191 13 255 231 21 135 173 186 255 212 171 175 198 203
    255 20 89 255 107 137 23 255 16 231 86 221 164 89 52 77 115 145 40
    235 254 75 80 158 255 116 121 73 76 220 139 207 122 19 35 41 209 125
    65 108 36 112 73 50 84 121 45 91 151 0 135 255 40 202 61 190 45 159
    140 255 255 194 78 250 17 255 246 17 246 130 89 255 255 124 55 40
    121 69 255 251 96 255 106 76 255 174 45 81 148 77 110 70 116 21 255
    12 177 82 218 169 171 235 92 185 92 255 138 118 151 171 223 21 39
    247 6 51 250 183 126 255 147 88 201 172 102 11 146 19 153 105 255 20
    90 219 215 38 241 39 22 125 45 121 111 79 209 156 203 31 31 90 1 155
    238 230 150 251 218 152 225 32 217 54 109 201 72 169 243 57 255 214
    55 234 36 0 255 79 87 255 49 255 155 15 180 255 56 71 49 40 98 172
    255 166 255 128 63 255 206 166 87 37 255 186 104 37 17 244 148 188
    213 26 6 190 193 45 234 97 73 161 171 246 119 27 242 240 255 234 9
    100 82 124 181 255 213 48 255 21 255 222 107 227 255 108 45 248 184
    230 255 255 210 255 161 236 168 161 181 64 230 206 5 49 134 61 240
    196 29 176 49 238 64 247 204 46 89 17 184 141 152 62 132 23 96 133
    83 20 49 125 105 255 201 104 238 29 92 16 255 97 213 255 255 18 255
    255 160 136 28 35 255 224 143 60 115 235 255 165 255 75 212 104 255
    123 193 247 142 21 94 226 250 161 202 166 105 53 53 66 70 234 255
    188 67 218 101 98 104 202 116 19 231 139 97 184 108 234 32 255 161
    34 88 240 121 37 3 175 184 226 176 251 38 160 187 204 126 255 243
    149 137 105 127 3 45 92 187 235 137 101 255 94 54 84 149 51 255 91
    34 231 57 150 47 50 255 248 239 2 1 212 181 133 108 165 227 53 132
    255 183 166 191 131 251 160 186 25 255 67 141 231 66 207 105 237 100
    58 99 255 188 154 101 243 239 9 65 64 106 187 51 143 130 207 255 6
    195 255 127 213 203 174 160 116 230 205 96 218 226 139 143 49 255 79
    147 50 255 255 201 255 235 115 108 101 79 42 16 34 61 41 125 30 228
    13 112 198 246 55 193 30 234 84 255 182 2 79 109 157 177 255 199 251
    255 172 231 125 53 255 114 150 173 104 36 101 22 84 182 107 65 1 255
    121 38 191 227 240 195 76 129 121 206 163 53 12 139 255 12 228 203
    82 152 216 147 226 255 7 163 148 45 157 71 165 177 255 165 65 255
    210 79 255 148 110 112 1 40 255 143 225 200 135 185 239 222 143 255
    4 66 12 146 255 231 62 222 208 254 254 21 83 221 255 230 60 107 62
    36 146 195 205 195 128 81 86 102 38 81 157 145 152 70 230 255 112
    140 224 2 76 86 20 50 199 116 55 126 199 164 165 146 221 99 182 157
    99 174 205 45 62 157 226 119 183 17 206 214 203 1 148 157 88 71 35
    164 91 255 227 163 18 169 15 255 209 36 194 169 195 255 215 234 255
    44 162 126 99 157 88 118 212 14 138 242 56 90 148 255 175 2 3 79 70
    96 23 27 195 45 20 52 255 143 255 194 0 248 196 252 186 141 104 134
    230 27 23 38 186 65 25 81 47 154 166 170 29 127 203 240 95 253 242
    255 60 186 184 8 254 120 214 49 124 116 169 159 26 172 41 251 231
    210 23 214 227 97 105 211 178 130 157 92 184 38 8 207 212 48 201 184
    103 231 34 255 168 102 255 222 98 225 4 172 1 164 223 211 69 49 75
    21 73 255 238 255 200 47 61 216 20 36 6 155 14 73 228 255 25 224 255
    247 247 207 129 56 138 113 255 255 39 102 135 255 216 255 22 143 255
    217 186 222 83 180 251 143 93 65 255 23 74 222 240 161 126 162 42
    247 221 255 255 137 22 152 106 22 149 201 16 239 206 90 39 34 60 96
    147 38 64 134 239 101 23 185 238 134 227 95 224 145 255 134 47 73 86
    224 255 218 150 255 152 0 208 219 184 234 85 131 208 85 255 88 247 1
    255 167 32 113 36 146 79 113 48 218 31 83 225 255 5 83 179 88 112
    236 195 255 31 50 175 94 255 79 179 46 153 204 64 255 72 201 112 140
    77 255 106 22 190 17 55 255 71 225 36 236 208 108 219 206 143 209
    239 255 101 42 91 154 86 255 213 221 255 46 255 255 59 139 194 190
    255 225 255 134 255 131 73 103 26 168 255 34 72 231 112 255 32 48 75
    94 73 86 192 21 106 26 203 209 14 21 81 214 135 217 90 113 176 122
    243 251 218 201 148 185 38 7 25 132 234 255 51 58 255 31 134 255 77
    114 0 52 145 185 70 169 213 208 255 97 44 30 255 205 183 52 91 47 61
    175 98 255 117 243 255 239 211 255 62 101 75 57 221 49 176 183 196
    255 30 8 29 255 173 141 81 201 255 24 13 255 109 151 240 33 255 175
    22 134 16 94 255 151 79 231 231 33 255 129 48 27 74 255 225 104 255
    162 218 36 116 193 17 252 235 255 211 203 147 185 143 100 255 225
    126 134 218 181 231 58 255 252 255 57 255 102 120 139 88 255 255 199
    209 255 155 72 105 226 182 144 4 145 235 60 60 255 210 134 1 80 86
    253 251 189 255 116 22 255 232 136 130 35 180 255 246 0 10 197 120
    178 188 35 255 58 169 62 65 141 81 157 161 155 53 95 153 177 102 226
    228 195 255 204 121 69 160 3 225 149 240 255 165 219 255 138 91 26
    96 37 105 220 255 255 217 69 192 162 52 36 255 124 121 215 42 101
    197 250 110 137 89 208 171 153 225 190 255 65 36 162 155 202 147 255
    25 176 6 163 131 255 169 70 155 74 4 214 42 203 253 57 191 255 237
    73 179 20 247 148 236 176 71 15 13 255 251 155 149 18 123 255 184
    228 25 113 95 139 120 15 65 215 64 101 250 206 1 46 28 49 53 255 155
    34 224 42 106 222 211 52 227 255 18 57 255 155 129 66 212 165 213
    129 112 224 36 255 125 170 75 246 243 69 255 58 202 178 66 163 177
    14 172 243 133 244 190 26 153 149 199 219 9 177 173 218 35 212 255
    126 157 255 186 109 255 210 166 255 108 129 187 218 255 255 255 7
    255 172 135 255 112 188 178 222 20 255 9 183 255 207 78 255 86 250
    204 131 125 174 81 247 23 213 37 255 255 76 246 3 2 174 89 248 255
    79 78 255 192 182 74 243 232 255 72 227 255 93 206 252 88 168 255 36
    66 55 38 255 27 148 193 255 162 247 226 142 234 6 148 252 255 171 61
    255 111 180 3 51 162 200 198 45 226 95 106 174 95 246 183 48 88 207
    209 15 125 140 146 4 48 108 60 76 123 255 242 217 73 88 193 73 45 15
    43 140 234 1 88 106 49 120 255 175 159 187 255 243 64 255 181 33 195
    51 255 218 199 255 73 31 255 255 42 243 255 164 50 122 43 248 221
    164 119 82 88 131 113 59 149 26 35 71 81 126 162 107 175 235 250 248
    206 96 133 76 234 186 255 121 9 100 56 99 13 170 159 58 39 88 244
    101 105 251 214 214 32 186 16 75 97 52 150 255 31 39 91 205 116 255
    108 145 121 202 61 22 252 24 82 216 101 113 92 176 57 151 34 255 241
    118 81 193 143 172 123 223 84 249 205 227 85 45 250 82 127 159 223
    191 117 183 237 79 25 69 255 255 155 255 26 37 48 152 149 118 73 146
    225 125 170 82 186 255 57 147 1 255 155 136 56 170 170 255 255 110
    64 110 145 221 191 95 255 255 226 90 96 171 255 255 250 157 159 236
    186 51 36 71 103 230 218 145 94 255 245 242 108 204 17 10 253 150
    255 30 255 82 252 104 231 110 28 183 201 188 238 145 255 186 119 207
    255 255 122 255 73 36 92 152 171 49 179 3 26 27 37 159 195 128 255
    204 47 255 22 72 255 232 255 207 238 164 101 82 132 79 220 95 168
    193 194 125 82 141 79 160 49 110 203 213 136 69 57 255 150 49 121
    201 53 136 28 65 134 255 96 10 249 226 207 236 50 147 188 174 255
    240 255 108 93 2 64 252 34 251 29 136 255 195 89 159 32 230 235 103
    254 221 255 172 186 97 28 255 90 9 194 223 132 255 197 45 36 230 128
    62 41 206 42 83 210 204 5 74 149 28 126 255 3 231 136 138 103 73 49
    20 123 66 119 125 255 127 255 190 96 255 139 165 211 48 255 183 181
    12 255 129 199 109 170 25 255 237 103 99 175 255 75 110 146 255 80
    193 173 159 84 43 90 209 224 95 26 62 157 44 81 57 75 32 181 177 97
    85 32 200 88 110 252 171 243 0 241 129 22 38 0 165 133 135 134 218
    18 186 159 86 121 4 157 190 152 176 127 238 9 77 141 15 14 68 161 0
    139 110 246 19 255 53 254 223 114 66 129 51 150 17 174 73 158 79 27
    99 255 218 251 196 40 58 255 136 209 255 16 33 243 152 150 23 255
    252 255 118 27 149 71 83 9 203 230 140 34 119 255 96 13 239 104 22
    79 24 13 209 28 41 81 229 235 172 255 206 155 57 255 23 132 244 252
    27 248 13 209 219 230 2 24 255 202 85 43 106 161 1 99 14 133 161 225
    135 18 230 255 63 244 255 81 251 198 80 255 71 101 138 255 230 62
    226 12 137 255 183 255 122 35 176 251 240 30 195 126 23 231 43 125
    135 95 166 82 106 194 201 126 234 112 160 252 64 62 122 164 204 111
    255 68 138 151 59 52 255 72 112 221 14 246 211 73 174 31 60 172 216
    31 174 195 161 245 129 203 107 255 28 138 55 155 225 148 216 114 0
    105 23 105 255 27 36 120 33 255 81 103 255 209 189 255 80 37 122 183
    101 47 255 65 255 255 215 255 23 183 243 112 70 14 38 71 65 176 255
    218 247 255 101 163 60 152 94 255 116 9 255 3 135 120 126 226 148 64
    45 85 17 132 38 172 97 41 44 214 166 187 51 60 173 118 127 255 221
    152 246 109 76 255 71 91 109 255 4 14 173 252 129 175 122 148 43 87
    31 4 211 151 3 123 255 40 0 146 184 34 17 1 232 58 184 233 217 36 12
    48 90 213 39 235 0 255 57 118 159 44 73 55 13 224 3 181 138 73 195
    92 64 235 40 255 171 92 122 40 91 174 179 246 100 165 146 253 10 70
    77 28 145 64 39 46 117 136 206 53 253 100 255 91 144 45 72 7 146 243
    24 255 59 255 140 237 29 9 71 70 99 81 172 192 123 62 32 245 251 213
    30 255 152 46 219 56 76 181 208 190 102 151 1 8 187 133 88 74 114
    226 247 180 17 146 124 178 108 50 115 255 154 123 247 153 176 255
    138 185 255 181 134 181 234 2 255 215 185 233 14 107 255 248 164 255
    49 67 209 191 255 61 59 30 140 201 240 151 120 195 5 109 190 79 56
    248 25 106 242 201 238 104 248 63 227 201 255 200 207 93 42 255 243
    208 225 172 35 31 148 122 209 110 113 173 248 255 229 255 248 81 207
    169 255 29 76 17 81 33 121 177 91 56 47 202 23 86 119 139 220 5 255
    217 48 255 232 24 116 38 134 255 221 132 255 160 60 255 59 4 133 37
    162 44 255 21 237 151 38 166 240 83 170 203 127 247 128 174 208 12
    240 227 13 255 40 220 46 17 14 42 22 203 194 97 198 129 27 124 184
    226 16 212 187 57 71 255 40 86 79 58 249 253 40 255 26 75 53 255 190
    83 129 47 238 74 66 76 255 103 209 252 111 255 83 186 168 96 146 180
    205 146 12 185 205 134 255 16 197 255 110 102 39 112 219 88 158 233
    75 96 236 255 39 197 173 22 191 30 255 243 196 226 85 255 74 122 70
    5 57 185 13 126 71 185 92 255 239 24 255 68 220 144 202 235 134 82
    125 239 208 255 120 185 128 255 34 165 77 140 185 255 154 164 203
    109 247 31 223 53 238 95 71 255 255 35 126 37 48 255 69 1 86 147 185
    113 201 25 122 224 72 34 32 255 224 208 135 205 190 250 88 31 147 43
    38 152 146 203 255 196 255 169 57 22 208 255 252 96 239 62 33 204
    255 255 255 29 202 40 111 91 255 207 34 147 65 12 231 202 158 69 69
    188 101 162 226 251 70 75 138 182 108 230 98 165 198 93 221 255 8
    207 250 116 169 240 171 51 255 155 190 143 185 11 13 133 30 122 112
    101 23 184 186 255 116 255 255 235 244 136 34 255 243 235 95 195 114
    129 131 54 211 57 204 233 170 10 135 5 159 89 135 120 107 94 206 123
    53 97 202 255 76 218 239 105 152 69 52 83 255 47 221 191 22 32 217
    117 139 226 69 24 255 26 231 8 241 144 165 182 249 99 160 187 192 81
    82 151 207 141 244 209 114 140 116 49 255 43 215 6 113 255 255 162
    209 255 40 9 190 106 22 252 57 28 255 249 169 239 196 255 79 34 151
    255 8 150 27 52 48 211 54 228 38 165 46 96 137 119 255 47 132 195
    101 228 32 38 39 255 242 205 175 215 58 216 173 209 255 99 26 203 51
    212 48 255 81 255 103 109 92 3 160 168 141 52 255 236 210 200 248 25
    45 42 171 242 4 58 159 251 252 22 60 78 177 93 123 255 173 72 185
    128 8 255 252 255 86 212 71 35 246 206 134 44 238 255 203 75 157 133
    254 182 69 206 255 175 12 3 135 9 255 238 82 5 7 72 251 53 82 255
    255 223 157 193 91 255 0 25 53 163 70 178 74 131 103 156 14 243 49
    129 116 77 52 101 145 20 39 186 152 77 34 37 246 187 128 250 54 219
    248 235 228 204 196 157 88 219 255 110 191 16 255 177 20 78 194 22
    17 172 3 198 20 20 35 60 16 250 81 36 255 178 104 126 158 151 255
    146 243 200 129 220 255 30 44 127 112 141 255 149 255 212 130 57 255
    53 26 161 92 36 255 151 203 168 186 196 165 151 209 239 127 119 255
    255 159 120 20 178 118 91 255 14 128 255 157 201 255 255 255 15 83
    137 99 55 104 193 203 107 255 117 42 90 107 5 89 81 104 168 26 58 88
    68 82 71 35 255 175 114 66 7 255 83 255 151 124 30 5 193 227 25 176
    149 255 38 29 139 51 46 255 212 226 136 50 224 255 217 208 27 16 239
    230 234 165 199 222 79 143 126 8 255 255 133 175 88 249 159 115 39
    40 143 46 185 147 109 214 245 214 157 176 9 194 70 193 62 160 171 40
    124 252 34 14 8 71 173 155 53 45 46 255 201 254 250 148 151 86 230
    132 64 90 1 169 195 240 203 197 108 25 192 76 79 190 254 255 154 148
    255 232 53 255 146 35 0 10 201 177 103 15 218 129 255 188 221 226
    194 190 47 255 16 106 32 187 66 162 54 0 255 110 47 255 207 173 139
    77 27 255 245 147 12 255 169 255 254 51 160 158 122 195 152 149 248
    8 89 255 66 85 255 36 128 248 10 208 177 36 121 60 92 183 139 204 57
    255 255 33 70 121 24 248 167 255 52 47 67 255 82 20 44 153 236 211
    15 223 43 126 183 172 255 112 1 172 255 58 181 54 45 241 32 65 31
    234 255 67 240 125 103 255 60 213 178 177 18 15 165 142 255 199 24
    255 255 103 109 117 235 231 18 226 49 190 182 251 71 255 255 255 93
    146 112 255 147 16 227 153 242 65 59 100 186 213 233 41 255 61 205
    57 187 14 3 116 204 94 255 185 255 255 149 162 143 217 92 131 232 1
    222 85 255 47 81 63 255 140 223 255 93 214 192 128 214 109 64 15 255
    255 146 147 231 32 179 102 255 162 112 26 255 79 84 138 220 103 198
    241 255 51 206 98 61 212 153 255 50 151 104 69 233 255 79 69 225 239
    13 255 154 252 255 232 125 235 10 66 39 143 8 143 54 124 255 66 79
    38 167 34 224 126 129 255 128 55 108 255 197 73 106 254 64 8 5 175
    15 33 250 157 255 255 134 182 95 35 15 216 47 243 255 132 201 255
    161 72 47 135 28 156 168 150 140 227 95 234 184 10 173 180 248 65 37
    210 255 202 127 69 112 16 183 229 156 97 173 217 57 71 214 225 223
    66 165 62 38 255 216 208 199 181 255 86 247 247 48 255 75 255 162 87
    255 37 236 255 157 174 60 63 59 255 250 15 146 23 149 34 235 57 26
    35 136 21 25 61 255 200 42 255 92 89 91 146 211 255 107 250 178 221
    255 255 255 249 90 129 152 95 146 91 56 67 244 118 245 0 47 21 10
    173 117 255 255 145 163 250 147 202 122 205 159 255 13 158 234 97 14
    255 79 203 237 32 255 255 240 118 18 164 75 226 220 34 166 94 251 13
    255 2 131 76 186 130 184 231 255 23 21 77 112 180 165 147 234 255
    153 122 138 51 255 179 4 46 5 80 173 21 41 89 116 255 221 240 255
    149 255 71 58 101 206 92 255 255 223 166 67 212 255 134 24 255 245
    45 123 131 206 68 88 135 255 102 214 255 3 81 159 79 111 204 108 83
    255 200 58 255 91 239 66 94 141 192 255 255 64 174 178 255 218 37
    135 244 119 240 51 63 255 18 226 203 130 107 255 250 17 65 247 18
    255 81 24 255 246 13 5 230 88 255 27 207 255 168 159 255 17 225 70
    113 100 255 247 202 179 198 173 255 255 160 253 147 255 84 202 212
    214 50 234 122 174 110 216 128 72 38 169 90 149 62 219 57 225 161 82
    247 233 255 102 249 196 204 208 175 177 211 240 199 220 113 204 118
    255 194 66 255 237 94 255 94 255 217 135 212 70 73 246 244 98 177
    255 57 125 234 35 233 174 219 168 139 48 188 231 69 140 58 165 81
    194 72 55 168 186 13 255 167 255 255 101 36 255 53 176 75 108 91 255
    7 240 255 225 42 45 96 213 103 134 10 183 209 122 255 8 4 255 14 24
    34 44 205 87 255 166 138 12 17 250 245 1 147 210 125 221 255 126 30
    130 119 131 124 133 122 151 1 198 118 2 255 159 128 255 248 159 18
    194 69 105 223 148 255 127 197 187 243 255 156 149 243 38 212 40 233
    235 134 186 77 44 143 95 157 240 62 88 45 77 53 255 68 112 255 90
    255 161 235 210 255 207 137 255 134 143 255 255 74 161 3 87 214 95
    106 255 172 160 146 9 50 188 133 255 60 229 166 69 113 131 61 5 42
    255 255 5 255 66 46 216 247 227 255 117 212 87 109 90 138 3 230 195
    191 218 175 90 194 255 255 46 95 180 34 177 81 233 164 226 101 178
    208 98 69 217 206 142 98 102 205 98 159 29 62 178 233 50 200 204 250
    8 112 108 239 73 50 108 143 61 61 10 167 26 16 103 232 255 24 175 26
    249 30 174 48 36 112 0 123 105 152 155 255 107 85 92 172 137 238 241
    255 255 173 78 209 2 255 255 103 39 101 2 52 234 20 255 81 234 138
    27 7 199 69 60 91 18 120 254 255 65 51 243 237 148 208 121 235 255
    90 255 222 148 13 110 20 84 58 171 255 191 194 163 235 200 64 255
    108 162 57 255 53 23 83 60 157 149 255 203 56 182 255 234 141 255 40
    189 246 159 59 255 255 255 195 136 242 101 126 14 250 132 129 5 194
    23 255 168 41 86 60 144 195 68 81 3 50 217 131 203 159 255 9 134 255
    174 160 27 2 112 153 38 129 58 235 161 226 140 255 38 162 162 31 191
    7 255 8 197 220 255 10 45 227 147 26 19 97 187 192 119 42 113 119 27
    190 164 118 47 10 77 152 255 134 200 195 31 49 86 192 75 14 172 250
    83 255 222 0 255 150 249 255 159 163 70 29 197 77 215 106 103 52 2
    110 72 153 255 120 239 125 72 245 23 137 173 9 204 18 255 141 222
    172 59 147 255 105 125 255 44 60 78 34 215 255 9 206 155 130 116 217
    87 94 255 196 11 17 126 221 125 214 120 255 172 219 97 197 255 255
    30 32 58 99 201 10 51 79 118 41 30 182 104 98 229 128 35 255 19 187
    225 110 255 231 220 231 14 186 54 152 255 4 255 123 72 255 137 54
    255 208 182 168 137 210 255 87 54 255 107 94 126 215 248 31 226 159
    5 79 94 27 70 50 253 25 218 198 185 227 79 140 70 104 59 223 255 2
    45 17 227 57 49 149 100 255 24 168 61 131 129 23 254 122 23 228 87
    237 28 255 148 246 206 43 63 164 160 9 63 149 214 176 255 1 4 1 128
    37 212 219 255 218 191 255 19 199 17 255 130 145 58 178 212 179 68
    53 255 17 65 255 90 180 255 135 172 122 90 66 192 1 240 211 114 42
    48 221 50 39 121 147 255 64 77 255 112 182 239 152 55 133 248 254
    255 181 182 17 239 86 144 30 4 38 159 218 109 215 191 255 114 148
    166 245 197 231 49 222 195 149 255 209 192 95 73 56 180 170 45 97
    255 190 228 250 130 255 52 30 136 149 112 137 9 202 249 38 135 178
    255 208 39 96 192 13 31 128 159 84 212 211 57 148 162 255 99 194 51
    149 171 66 218 185 231 103 161 173 73 189 135 255 150 233 65 120 156
    146 194 122 187 248 114 197 188 188 213 217 17 92 140 227 6 40 16
    240 73 174 123 64 29 170 30 195 228 114 255 96 183 114 235 231 5 230
    125 255 162 51 8 153 41 14 146 255 205 74 194 65 128 184 255 137 176
    19 92 159 255 180 61 18 181 248 255 255 175 86 177 86 56 214 113 255
    187 83 255 111 171 255 49 119 77 147 121 114 117 180 255 179 247 243
    44 255 255 123 255 4 255 255 27 115 181 182 143 205 205 64 102 133
    58 123 73 103 177 110 212 53 255 101 106 181 94 153 129 181 85 57
    230 214 186 71 18 255 63 73 82 213 191 237 155 11 70 217 239 49 209
    184 101 68 255 168 170 181 105 192 255 65 130 48 134 25 26 14 54 33
    255 188 248 125 234 118 183 253 191 13 125 99 255 145 84 218 236 236
    161 63 174 104 191 242 148 254 91 91 157 99 161 212 226 97 105 33
    255 1 217 255 207 243 214 47 94 255 150 189 207 49 114 192 152 17
    255 237 27 122 82 10 135 42 184 255 28 5 255 51 125 255 208 152 126
    201 239 125 243 141 135 255 63 222 195 201 203 161 126 244 204 52
    255 88 0 255 255 41 6 227 22 255 205 1 255 77 136 13 12 58 81 255
    214 99 220 118 217 111 47 82 201 116 187 186 255 52 219 161 139 246
    129 255 238 12 122 195 149 240 126 103 38 129 251 165 138 171 122 71
    243 38 34 107 13 255 255 255 51 55 233 255 171 253 242 255 13 143
    140 96 242 246 21 90 135 43 135 221 35 249 255 191 0 63 250 48 255
    27 114 255 255 81 111 109 70 200 149 79 237 36 29 75 229 58 20 48
    129 162 191 255 160 77 212 208 255 254 70 231 115 153 255 220 138 40
    46 238 255 130 201 68 220 189 87 53 33 255 15 233 5 193 124 255 117
    16 68 170 17 217 155 159 48 83 178 146 155 195 90 219 129 104 220 34
    243 134 153 149 87 133 65 90 99 125 129 156 255 243 16 170 81 53 243
    171 45 188 112 2 255 109 55 251 205 129 199 8 153 38 240 212 208 129
    115 51 13 46 101 237 190 65 131 52 118 110 2 57 61 166 83 246 255
    214 195 64 255 240 40 226 217 238 238 222 112 156 0 194 168 85 57
    117 177 166 255 121 92 125 184 153 130 220 122 78 120 233 255 47 127
    36 163 25 255 84 79 255 195 103 201 218 88 88 225 213 255 43 14 3
    191 15 161 132 188 71 84 238 156 154 248 120 57 50 53 106 45 40 227
    254 212 3 200 255 121 115 157 147 140 142 115 238 130 152 174 240 15
    184 255 222 201 175 203 170 211 19 16 255 88 178 224 193 14 255 255
    151 211 249 210 87 241 128 160 224 27 79 29 126 173 205 242 173 68
    60 8 6 148 82 113 198 233 157 29 131 201 39 101 215 110 148 150 185
    68 17 219 255 37 255 103 229 168 110 90 101 56 172 12 39 255 219 10
    23 49 42 98 99 32 169 156 187 176 213 220 107 250 194 56 99 255 182
    60 125 163 155 255 204 151 221 234 201 255 7 214 40 93 247 255 199
    255 12 255 126 255 132 17 255 147 169 255 85 132 240 53 5 103 46 3
    126 135 188 247 126 76 252 97 136 151 73 29 78 83 134 142 22 85 224
    184 77 244 69 141 56 128 59 226 239 84 90 23 17 42 235 103 251 24
    191 255 226 118 177 56 72 255 90 209 101 244 73 38 40 50 195 29 149
    177 118 132 25 236 186 25 250 53 65 132 79 251 43 65 133 175 199 86
    209 91 117 231 255 29 62 124 255 178 239 255 107 96 122 113 55 255
    160 52 255 22 45 144 22 128 255 156 8 19 116 242 44 220 59 227 72 5
    156 143 150 126 164 163 71 130 37 255 171 244 255 88 7 255 111 189
    255 160 153 255 60 18 162 102 246 255 70 136 3 154 168 240 67 110
    255 164 211 134 112 67 160 196 37 14 242 109 218 106 139 225 65 208
    172 155 173 255 173 255 200 207 255 255 72 75 16 25 10 188 54 91 255
    255 187 39 222 255 127 99 168 25 253 255 57 224 120 211 219 10 149
    127 212 255 63 203 140 247 88 194 255 72 255 7 214 5 58 50 127 96 3
    43 232 69 255 116 213 255 65 135 182 45 255 113 145 116 117 16 255
    255 99 14 255 39 170 255 191 104 48 117 8 239 138 255 182 234 228
    255 36 143 185 234 228 218 234 0 255 58 136 118 250 95 255 87 168
    255 56 200 255 184 79 31 220 86 84 74 37 243 174 59 97 99 96 255 104
    217 251 57 94 255 165 249 129 106 15 23 74 33 255 255 145 18 188 171
    255 12 121 58 10 129 225 145 247 113 88 182 174 160 173 70 232 255
    255 21 225 183 196 238 169 255 88 207 165 255 70 28 227 192 240 187
    43 167 95 243 225 53 247 255 165 120 75 189 255 61 36 255 255 59 246
    107 212 68 124 176 64 57 177 112 255 223 255 246 242 170 6 232 82
    204 186 82 61 13 97 214 87 22 181 122 157 241 69 255 182 98 221 192
    108 172 24 214 230 255 161 255 53 186 255 74 53 172 212 137 116 101
    226 179 114 212 83 111 161 6 145 113 48 134 1 203 69 252 30 120 123
    225 73 119 255 35 70 62 250 123 159 222 153 255 119 112 71 72 116
    255 107 255 255 130 171 142 244 48 57 102 48 188 195 17 230 145 135
    173 250 207 92 10 255 194 241 47 148 96 255 255 128 255 103 88 24
    255 123 0 18 151 29 190 16 123 225 102 124 31 234 221 149 66 255 19
    254 153 255 190 138 57 200 129 99 210 104 92 120 28 149 223 255 255
    64 10 255 216 40 255 124 255 114 196 13 255 45 36 181 65 193 155 240
    255 160 105 127 103 113 121 104 80 53 172 230 120 57 249 221 255 250
    109 134 133 42 255 194 55 13 10 16 36 184 23 30 71 44 142 217 147
    198 255 51 130 72 252 187 111 58 6 165 162 255 124 158 255 134 189
    255 46 104 174 1 160 255 184 27 190 103 112 252 210 38 0 98 255 138
    221 255 255 218 82 127 99 115 70 172 238 225 255 10 174 229 255 255
    255 239 56 253 71 194 191 255 29 113 190 18 205 255 51 74 61 233 98
    254 255 255 219 120 173 183 139 96 58 6 2 255 230 235 210 56 186 238
    243 96 74 23 143 255 196 255 21 42 103 92 55 161 18 170 240 128 146
    235 91 235 221 238 255 23 197 101 123 255 255 232 232 185 54 169 255
    215 240 240 158 255 229 182 218 38 162 46 226 57 54 130 82 67 81 137
    38 17 237 131 255 225 220 255 76 209 97 155 255 255 140 255 211 145
    123 212 106 226 243 83 118 220 73 137 56 19 49 255 13 16 255 222 76
    214 89 202 113 192 239 229 180 254 207 98 20 84 119 94 12 227 226
    122 254 12 44 248 228 78 186 37 255 75 32 195 51 14 194 19 227 0 148
    181 255 227 76 255 13 218 230 235 172 61 142 37 216 220 140 214 131
    251 255 120 255 42 130 115 65 152 74 99 159 173 130 18 255 107 3 113
    255 188 169 6 20 140 91 115 123 205 209 212 155 132 237 35 68 219
    192 195 166 186 173 119 246 29 162 190 176 208 255 255 224 66 98 13
    255 220 181 55 232 221 255 40 141 255 52 181 216 21 109 144 253 151
    255 154 50 195 218 109 22 141 255 226 130 245 255 216 10 255 9 233
    204 199 10 40 27 177 95 213 22 183 119 239 183 245 23 255 175 67 10
    97 215 101 197 214 149 179 211 31 173 153 255 159 7 19 253 95 255
    184 17 44 63 63 83 43 255 26 222 9 107 199 255 116 19 219 255 228 98
    51 222 255 86 218 255 10 247 18 16 238 49 95 46 169 255 45 76 216 21
    193 174 167 255 255 241 250 234 6 148 255 183 175 36 63 79 38 127
    163 255 255 86 255 64 75 12 163 250 255 195 182 235 245 255 255 41
    193 83 59 103 65 255 114 4 82 94 27 128 196 19 192 232 39 32 252 255
    30 21 242 195 255 95 44 242 255 112 246 164 111 200 47 40 119 255
    235 66 234 202 141 182 23 119 105 89 13 77 9 143 64 255 245 55 22
    244 127 30 161 127 72 10 187 39 209 255 209 185 152 131 174 255 85
    26 64 163 74 144 248 78 240 235 138 172 177 109 48 114 9 255 124 199
    84 29 41 255 3 255 105 19 55 196 255 132 255 141 182 43 82 35 255 57
    250 17 17 111 75 255 199 211 44 29 255 40 60 255 96 235 255 141 5 1
    153 94 238 181 16 151 150 120 255 255 175 181 65 133 255 148 118 73
    46 186 247 52 209 255 49 189 255 234 255 31 255 233 162 139 162 207
    14 10 231 218 100 247 108 119 255 42 190 51 110 189 113 123 54 255
    51 78 255 170 44 209 224 109 149 73 140 255 118 32 126 210 63 122
    255 20 199 14 255 211 121 220 6 249 221 139 26 98 188 69 125 144 54
    170 99 31 0 155 72 13 255 97 32 247 28 255 255 200 221 139 63 18 87
    135 41 255 155 211 230 45 152 113 107 175 205 156 188 71 163 14 12
    214 82 255 255 42 92 94 23 227 13 195 1 66 255 222 10 131 129 121
    162 16 128 248 204 77 46 1 201 121 233 193 178 255 161 30 92 193 0
    207 162 214 166 195 73 242 208 131 255 29 49 135 61 193 55 255 183
    255 133 78 201 142 70 172 113 23 255 45 168 255 21 9 255 203 245 90
    84 178 34 145 157 121 9 250 255 92 252 217 212 63 255 227 11 25 196
    255 90 63 133 112 48 97 66 73 201 32 180 121 138 180 75 243 164 27
    255 214 210 192 236 198 108 16 113 243 164 141 252 115 25 9 128 137
    49 7 160 191 84 140 168 180 90 255 229 195 40 239 155 255 148 145
    255 210 197 255 98 121 191 39 2 255 44 213 255 169 251 212 146 70
    101 68 160 83 44 255 255 92 35 205 64 59 255 44 149 65 169 233 42 94
    51 13 244 54 235 187 1 162 255 104 157 81 188 151 63 128 183 61 51
    199 42 183 255 186 47 239 225 26 255 5 183 16 148 247 22 68 115 107
    179 27 52 175 208 156 132 89 255 218 203 169 173 158 162 146 161 255
    162 52 247 151 121 129 170 30 75 240 131 155 170 219 135 34 101 74
    212 222 96 199 110 178 121 184 120 1 20 21 250 134 64 185 84 229 69
    41 255 127 156 255 255 201 3 157 196 255 162 224 255 14 164 255 13
    178 75 249 79 86 183 223 122 164 127 247 158 58 13 132 255 194 255
    16 255 170 137 238 124 237 248 173 174 92 255 121 74 153 96 31 12 34
    199 222 83 99 81 252 255 92 108 57 133 218 194 47 215 58 183 67 153
    200 132 147 84 94 207 48 129 116 88 170 170 111 108 66 6 67 255 43
    213 255 97 200 35 247 111 138 3 45 251 245 94 255 86 75 148 173 170
    68 129 255 125 13 255 244 19 141 151 217 232 1 146 89 86 181 202 186
    133 109 192 185 97 156 77 175 17 226 153 201 220 151 231 81 164 199
    152 144 116 160 163 255 103 78 213 73 111 255 124 243 255 255 67 61
    227 251 255 32 70 229 87 70 255 238 42 123 39 37 204 149 255 255 193
    255 110 56 200 107 131 244 45 228 13 255 151 74 51 76 90 255 243 75
    209 9 150 161 192 125 175 227 174 255 225 29 255 121 252 255 30 197
    57 119 202 43 143 90 255 221 247 70 183 101 68 149 114 211 152 166
    252 238 64 181 44 8 26 45 247 4 243 112 134 1 57 255 22 106 226 194
    38 199 120 197 55 113 113 29 172 106 66 67 156 255 228 101 218 109
    115 185 204 110 255 153 79 243 81 233 136 120 255 255 153 133 255 54
    18 166 63 203 110 230 106 255 190 124 170 21 96 25 127 21 255 54 211
    222 146 26 103 29 242 125 92 11 255 71 255 195 70 200 88 178 158 255
    228 13 255 181 81 255 164 79 233 108 44 166 255 110 39 224 186 253
    248 255 255 63 187 18 221 226 255 224 51 81 181 35 51 104 182 255 10
    244 55 65 224 40 79 201 229 223 59 255 229 17 255 38 187 153 72 62 6
    36 165 22 110 205 255 254 84 233 113 119 147 255 3 255 52 223 49 24
    3 205 214 213 135 175 79 231 168 197 16 38 147 155 255 193 99 30 107
    26 132 25 157 66 94 246 157 63 157 181 228 242 243 28 255 241 65 40
    196 238 255 119 18 211 244 67 105 81 102 198 0 71 174 41 15 207 36
    10 255 126 176 199 164 122 113 221 173 182 156 127 195 4 82 255 102
    49 213 145 85 250 113 245 16 14 71 91 198 88 45 158 59 231 168 10
    152 129 12 87 130 35 107 220 57 255 80 97 26 56 116 6 242 127 77 119
    255 44 5 76 87 138 155 123 215 108 34 152 49 255 197 108 23 238 48
    244 203 145 237 108 111 108 20 57 201 53 189 78 201 159 134 212 233
    253 238 84 105 230 158 131 18 240 120 95 79 220 213 205 69 114 255
    255 60 224 57 203 0 45 227 198 255 227 86 153 91 220 9 112 255 65
    185 199 238 227 131 47 45 116 26 192 123 255 50 60 29 2 85 58 90 180
    255 255 28 168 244 242 18 12 195 255 85 69 255 121 255 255 222 60
    117 252 177 209 149 74 9 136 65 144 130 255 255 209 203 155 136 169
    213 227 51 255 178 227 64 171 131 8 255 224 65 88 47 131 152 255 91
    174 9 14 2 125 240 126 155 125 244 198 100 62 131 58 199 129 255 40
    14 255 178 104 164 107 125 159 88 59 255 16 96 239 90 23 126 66 207
    14 255 77 168 181 124 255 80 217 36 151 37 21 42 91 78 91 255 77 105
    72 100 70 143 29 109 255 160 13 76 140 2 254 255 124 83 181 154 67
    91 255 175 255 52 131 255 25 24 116 85 101 39 255 66 144 159 133 255
    138 104 57 64 161 38 165 28 255 140 99 23 154 75 140 116 7 255 29
    228 127 153 171 182 0 145 209 49 255 218 26 163 255 188 223 214 30
    118 131 240 41 255 184 141 255 119 255 220 83 208 255 205 232 255
    251 39 23 235 125 68 87 85 143 155 33 133 238 92 205 53 193 16 77
    188 17 30 115 64 18 224 205 97 11 218 255 121 105 121 49 83 254 82
    97 161 52 255 92 135 224 93 123 246 255 248 4 107 207 187 116 224
    220 43 4 92 38 49 16 37 74 100 176 91 255 210 48 138 116 25 82 255
    17 173 215 177 114 255 75 16 79 140 143 71 109 255 180 255 255 147
    183 78 6 121 148 137 169 255 187 209 207 251 172 71 255 255 84 164
    150 61 23 18 255 9 197 75 134 255 181 84 248 217 94 189 203 60 190
    121 134 159 195 103 49 56 237 135 255 97 58 255 147 87 204 149 24 71
    191 211 255 98 36 160 83 109 247 149 209 94 19 247 250 235 144 127
    87 255 182 108 219 255 29 57 66 191 255 209 5 200 255 125 95 146 138
    118 109 45 85 255 183 96 237 13 255 255 80 50 92 224 180 169 37 227
    237 247 84 235 86 226 58 154 233 75 92 238 127 236 162 12 107 135
    255 152 255 255 225 199 214 147 76 255 164 255 8 57 159 181 218 220
    105 6 123 186 42 227 153 27 255 214 125 208 6 98 10 253 138 255 207
    253 255 216 87 39 103 37 245 255 135 255 38 156 127 112 214 232 144
    153 225 185 24 149 125 61 25 231 249 47 16 221 128 117 196 255 255
    57 255 255 204 2 31 227 104 168 177 39 108 51 222 213 127 86 9 23
    144 170 161 24 156 193 206 255 230 248 65 187 15 218 249 15 36 175
    147 157 109 70 97 137 97 79 77 81 61 60 235 140 74 201 55 202 136 36
    91 238 204 179 138 30 7 33 229 119 10 126 0 236 49 75 255 217 142
    170 126 255 81 255 186 88 86 173 113 239 244 122 153 157 81 183 121
    246 209 35 86 255 121 91 255 10 22 51 35 178 255 53 242 87 39 69 94
    16 175 255 42 49 51 112 10 134 255 2 65 255 175 90 215 175 140 32 26
    255 210 254 190 255 25 255 205 111 179 235 69 255 103 61 255 45 177
    181 87 255 199 5 255 212 218 12 131 52 141 195 195 20 255 138 98 18
    224 102 255 65 255 234 204 77 112 183 203 255 148 129 255 14 30 138
    218 210 169 198 149 152 38 158 200 44 101 43 1 133 252 148 40 222
    101 240 112 132 148 175 158 182 8 86 87 242 176 226 255 255 242 19
    58 211 227 25 65 255 240 18 97 129 247 182 85 239 125 145 25 62 145
    23 234 232 234 255 255 141 246 255 188 126 10 87 255 242 22 233 160
    145 227 241 27 255 222 184 255 169 76 255 205 234 255 242 100 225
    146 115 255 17 16 255 56 57 21 237 196 208 102 29 18 150 132 200 227
    99 22 245 205 170 106 73 49 167 42 107 43 255 255 204 86 0 6 78 255
    155 185 160 157 5 147 149 255 31 110 119 183 255 255 70 226 114 38 4
    17 225 139 11 255 123 21 70 146 255 32 208 123 130 182 240 255 13
    149 13 124 70 230 169 239 174 28 22 71 25 46 118 93 239 13 42 157
    125 252 153 83 240 10 101 96 190 144 222 85 112 132 17 199 88 141 35
    16 255 149 154 71 108 135 223 203 59 64 18 21 197 255 77 196 233 140
    226 238 228 184 39 16 122 153 208 36 105 104 227 52 15 222 91 162 22
    112 188 104 255 34 231 220 191 81 255 138 255 255 239 255 255 184 30
    208 23 168 229 229 57 255 43 199 251 65 20 142 56 26 31 113 153 40
    30 71 235 231 238 190 255 255 3 245 173 168 69 118 178 105 217 253
    46 39 121 168 255 21 82 153 74 231 49 35 134 83 131 255 30 216 106
    11 183 117 220 226 125 255 70 119 34 39 4 225 208 186 53 185 142 27
    47 138 166 255 171 193 238 79 174 170 71 148 255 192 104 165 120 14
    225 119 185 77 209 166 207 29 255 81 209 183 220 156 203 52 39 255
    153 86 98 255 99 10 255 202 181 123 35 123 126 8 74 136 115 50 157
    236 245 107 224 15 255 126 122 226 255 63 61 143 255 43 89 255 185
    91 214 255 7 79 68 43 172 129 255 120 242 226 17 42 222 138 255 190
    219 78 63 155 255 215 186 71 221 184 56 89 122 149 77 173 195 56 196
    81 171 185 47 65 247 255 90 207 78 197 37 255 213 215 162 196 98 151
    155 91 195 165 210 81 223 255 255 255 244 26 156 149 208 109 52 40
    105 125 47 56 67 255 241 156 244 113 220 133 180 46 255 194 177 243
    45 176 255 106 146 10 202 115 99 54 161 38 8 242 78 98 248 220 239
    200 144 28 35 230 193 82 157 85 53 25 17 180 212 101 32 55 207 70
    231 85 244 255 154 10 255 110 255 47 221 46 247 218 33 156 192 217
    70 54 118 55 239 29 125 112 147 195 210 72 161 208 120 255 30 159
    250 79 205 255 108 71 196 159 210 68 169 45 52 2 46 165 119 8 229
    174 21 186 32 94 253 197 244 255 82 189 92 202 7 135 255 144 169 182
    188 255 116 217 62 25 205 38 108 69 255 28 70 255 217 219 39 133 227
    101 149 255 140 54 207 218 133 137 213 153 233 31 62 39 39 105 217
    82 213 203 6 117 184 255 174 196 91 151 29 191 255 3 92 109 118 255
    194 29 255 91 189 149 222 136 10 107 28 146 91 13 159 247 29 152 176
    49 177 215 230 255 236 33 166 110 73 39 252 2 255 88 255 36 156 177
    66 165 250 58 255 238 121 250 170 255 70 23 255 200 168 255 2 51 255
    27 61 255 234 226 161 89 235 91 21 244 190 102 67 200 3 111 130 119
    185 255 182 247 142 2 180 255 232 255 255 227 148 97 129 186 255 129
    247 179 16 255 244 255 70 19 201 139 48 255 132 255 79 37 205 168
    132 255 202 132 1 168 3 35 3 144 110 70 129 172 87 54 209 190 18 133
    171 201 117 185 46 238 113 255 138 53 111 125 102 18 237 157 12 22
    49 252 125 164 78 230 179 99 157 164 165 255 49 255 175 228 51 10 20
    181 90 87 108 73 150 137 35 155 143 142 238 85 255 65 26 149 115 10
    64 91 171 255 64 191 22 198 3 168 147 155 116 40 128 91 49 90 192
    171 89 109 229 4 191 52 255 255 75 139 84 47 132 255 143 58 209 247
    227 165 226 110 82 155 218 173 255 28 143 185 106 3 66 255 216 53 86
    255 228 136 255 118 3 149 147 163 21 255 47 255 227 124 255 255 78
    17 125 208 255 71 114 109 180 47 114 210 176 250 254 182 75 118 36
    255 225 159 77 247 123 79 252 162 239 81 20 211 23 5 151 94 99 188
    20 161 9 177 23 207 50 255 174 141 138 79 124 53 114 210 21 112 66
    191 84 0 190 242 186 39 255 178 136 8 115 13 157 84 65 123 241 166
    101 30 175 255 143 163 19 90 53 84 179 25 255 242 114 255 65 232 43
    255 42 216 209 98 66 75 69 252 121 111 255 154 54 87 84 255 25 47
    255 255 150 101 122 93 144 213 142 131 196 4 29 83 142 220 255 219
    58 183 186 160 179 207 39 235 71 185 133 108 34 142 66 57 142 83 160
    255 212 176 255 204 243 255 73 60 225 214 186 74 255 49 13 231 176
    61 168 81 255 26 248 118 82 126 49 96 225 143 209 0 255 119 255 229
    183 24 255 121 129 255 77 218 160 195 8 255 110 21 255 35 37 12 75
    69 255 177 166 213 174 46 65 5 148 159 246 148 255 70 25 112 125 36
    255 196 150 60 160 21 255 254 65 255 183 39 32 150 240 146 223 195
    239 177 37 255 167 23 218 234 255 255 164 10 32 90 73 81 185 90 134
    245 255 121 90 115 255 130 151 251 255 65 255 7 251 255 104 235 9
    157 213 255 231 255 84 254 138 94 18 143 121 24 238 198 221 20 192 9
    255 140 58 71 226 29 41 129 51 70 213 128 121 255 118 255 129 183
    143 255 26 218 134 229 210 23 106 36 255 62 127 255 13 159 10 208 36
    12 255 121 255 187 107 216 74 112 205 80 194 101 253 21 209 89 0 192
    234 77 30 7 1 5 27 156 45 228 190 209 2 193 201 120 63 26 219 232
    255 179 102 255 155 150 229 146 200 234 255 255 255 221 171 19 130
    41 168 103 8 73 157 124 148 107 217 169 7 255 191 81 51 34 210 155
    139 205 215 204 73 62 172 151 255 255 143 78 207 20 163 177 201 232
    255 135 78 255 153 110 61 143 59 248 25 251 81 63 64 161 41 146 255
    139 146 155 164 61 255 119 72 255 219 240 1 28 39 53 7 181 66 6 66
    118 225 2 110 194 200 255 215 122 186 9 127 240 247 36 255 218 8 255
    138 223 122 180 172 35 212 197 94 187 169 255 170 181 138 131 215
    255 25 233 255 40 138 103 168 90 255 69 2 1 104 102 122 14 189 136
    141 42 209 39 255 175 75 195 255 252 55 39 32 103 172 28 12 168 234
    227 255 91 7 49 47 224 255 255 23 5 239 86 36 229 26 194 19 16 22
    210 212 181 135 45 68 48 21 255 97 191 220 36 144 255 196 63 60 204
    255 131 133 15 27 36 65 73 141 127 251 63 235 255 203 28 135 200 85
    136 116 57 213 139 245 110 34 155 231 141 122 221 24 182 165 146 255
    211 145 239 31 6 205 255 71 120 156 56 255 191 35 176 35 81 41 255
    110 35 60 77 171 221 208 103 194 115 97 105 79 23 255 182 149 204
    168 202 107 16 118 183 146 32 100 61 161 201 209 156 255 120 255 25
    13 249 221 82 252 103 150 63 147 234 244 139 200 211 255 228 255 8
    217 255 255 34 128 13 67 235 255 23 131 74 138 26 13 52 62 190 23
    255 255 247 255 255 240 99 90 114 14 211 19 136 255 161 155 255 190
    193 255 139 37 42 255 211 108 68 96 103 29 74 68 120 221 209 57 250
    113 255 103 9 173 108 199 110 113 169 75 233 64 15 72 217 255 223
    255 227 165 96 87 34 255 23 231 255 43 89 220 213 202 149 157 59 107
    243 249 250 123 14 255 69 233 84 115 232 122 121 95 247 41 155 172
    204 115 161 87 107 38 181 15 57 66 55 1 125 228 162 24 255 60 202
    182 52 216 152 173 123 57 247 210 168 255 3 54 230 119 197 247 174
    255 165 134 7 255 44 206 126 103 209 142 244 189 255 155 59 161 28
    30 255 85 211 56 124 211 112 143 208 103 17 70 109 8 184 255 89 132
    205 242 203 255 9 137 151 106 48 255 26 178 244 10 255 44 244 209 13
    199 232 246 67 252 122 69 180 255 95 47 157 20 164 114 173 85 84 16
    212 56 128 107 255 43 133 255 88 90 131 251 175 148 248 71 255 112
    95 162 139 255 45 240 217 144 142 171 120 231 202 23 108 112 101 51
    195 177 150 151 177 194 92 64 15 124 255 3 129 43 106 24 120 143 255
    170 151 127 22 32 47 255 146 249 255 108 16 95 180 206 255 48 115
    255 106 42 87 230 168 255 226 5 255 14 11 191 150 129 174 188 120 39
    71 157 17 185 155 237 151 182 45 6 247 221 176 126 114 139 136 255
    167 145 83 194 82 255 230 163 123 207 76 66 135 150 53 221 129 185
    175 156 246 29 193 182 56 28 255 186 255 255 23 75 88 157 13 212 131
    136 110 94 175 255 198 50 255 138 150 129 108 47 88 154 87 121 86
    255 255 22 222 138 98 5 68 19 125 237 215 171 178 134 151 30 207 99
    255 218 193 42 2 96 26 172 237 187 6 255 84 80 9 255 38 173 36 129
    33 255 35 235 4 79 14 164 106 110 255 66 182 35 223 62 66 12 10 166
    160 255 104 236 162 255 228 75 26 250 11 22 255 122 181 98 150 247
    118 212 238 81 214 185 90 108 107 6 122 208 65 113 109 255 50 99 119
    152 155 74 40 255 244 86 190 21 71 19 247 185 255 151 17 255 46 151
    88 8 11 16 121 124 94 210 185 9 84 129 71 17 32 255 114 255 212 112
    219 255 125 141 160 60 125 191 161 101 172 30 28 114 67 34 229 8 169
    27 40 132 10 149 114 255 129 148 165 173 25 138 254 128 175 151 189
    255 255 30 94 70 127 192 151 185 136 151 26 235 130 150 14 128 236
    255 35 34 230 83 5 3 48 24</data></my_img>
<your_img type_id="opencv-matrix">
  <rows>100</rows>
  <cols>100</cols>
  <dt>"3u"</dt>
  <data>
    255 152 187 255 255 191 36 255 255 255 255 255 254 206 255 255 128
    191 113 180 185 255 255 255 255 255 255 26 255 255 113 255 169 157
    255 91 255 255 30 223 255 255 255 50 255 52 255 191 255 255 48 255
    255 255 255 18 255 255 255 131 255 196 255 255 0 24 255 255 255 236
    104 255 255 255 83 115 194 255 117 160 255 227 247 0 255 255 255 255
    255 255 131 255 79 255 30 255 255 28 103 229 255 54 12 255 34 255 26
    255 255 12 240 255 170 255 191 255 255 235 196 179 255 255 83 155 2
    191 255 241 255 255 190 255 255 255 123 255 255 255 233 255 242 4 62
    52 231 78 28 255 255 255 255 255 255 181 255 255 255 255 255 255 255
    255 255 255 161 255 255 83 111 255 16 235 220 255 255 255 42 255 168
    255 255 190 34 242 124 255 255 112 255 147 233 46 255 255 255 255 82
    255 105 56 255 255 255 179 169 255 240 255 255 85 81 255 255 255 196
    121 177 255 255 54 102 255 255 255 255 255 255 179 66 28 121 107 10
    145 30 66 255 179 138 255 255 172 220 255 255 255 255 255 255 255
    255 255 255 255 36 255 255 54 255 255 255 64 162 195 183 255 167 255
    255 248 255 0 255 20 255 255 255 255 255 141 233 255 255 255 255 255
    255 6 255 88 255 255 255 107 223 255 254 50 255 255 255 188 255 215
    255 255 255 223 50 6 26 255 60 128 255 255 176 234 179 255 255 125
    18 105 72 255 97 255 192 255 248 255 255 16 255 255 255 220 165 44
    136 255 113 116 255 255 255 255 99 114 255 248 255 255 209 26 255
    129 255 255 78 20 255 93 225 79 255 255 255 66 223 255 183 142 255
    117 255 255 255 255 224 255 255 255 255 255 255 46 136 255 60 126 99
    255 251 48 255 255 255 187 255 255 255 84 36 151 255 255 255 255 255
    255 156 183 66 255 64 255 196 255 52 222 205 255 144 255 255 255 255
    255 223 129 255 44 255 255 255 255 91 126 187 255 184 64 248 239 113
    255 255 64 255 255 68 255 255 255 159 255 254 255 255 255 255 255
    255 255 194 127 221 8 18 255 214 149 255 255 255 99 120 255 255 255
    157 255 164 46 10 255 255 255 255 255 56 255 173 10 255 66 255 243
    255 231 255 16 24 88 255 255 255 30 131 255 255 255 255 255 24 36
    255 255 206 255 157 255 255 215 255 147 255 88 255 255 255 255 255
    255 72 255 26 24 255 255 255 40 255 111 255 255 255 91 255 242 255
    86 255 255 239 255 195 110 255 205 255 255 173 255 255 252 229 97
    255 255 89 255 140 255 76 10 255 22 255 255 169 98 255 248 255 95
    123 255 255 229 138 224 235 66 255 255 46 255 8 231 224 255 40 81
    151 54 75 255 255 255 255 255 97 52 255 255 227 190 195 255 241 193
    255 255 117 255 255 220 255 142 255 255 255 255 193 255 255 255 2 64
    107 32 255 54 28 117 157 255 255 255 8 175 255 132 255 54 249 232 32
    255 181 248 255 255 145 255 255 255 26 255 255 78 157 255 62 255 255
    255 183 101 144 81 255 255 183 54 255 36 255 255 133 38 146 255 255
    255 255 0 60 147 149 255 83 147 110 155 255 98 127 255 255 133 42
    255 255 255 190 255 225 245 255 255 18 4 255 126 255 255 255 232 255
    86 143 30 132 255 255 255 255 255 114 163 255 255 255 255 24 255 255
    150 255 255 255 193 68 255 203 165 255 34 255 255 175 255 255 24 255
    138 222 91 66 255 76 18 255 255 164 62 255 118 255 165 255 109 255
    94 255 252 255 70 48 253 10 255 70 255 255 255 255 255 255 228 255
    255 255 42 180 169 139 166 14 255 255 246 255 255 107 255 22 10 16
    20 255 255 255 255 89 255 255 255 162 149 255 28 0 246 255 24 255
    164 255 68 255 255 254 255 151 255 20 230 207 255 6 255 212 255 139
    64 183 255 112 131 66 136 6 85 255 236 255 255 14 255 255 101 255 74
    103 225 128 255 255 116 255 0 255 255 64 255 224 255 54 255 66 46
    255 255 239 147 255 124 93 227 36 255 183 255 255 76 231 255 255 255
    127 101 255 183 213 212 255 252 255 26 28 255 72 74 255 255 255 32
    255 58 154 255 255 136 135 255 144 248 255 255 103 255 96 34 255 255
    213 255 255 255 16 255 199 255 255 255 255 26 66 135 255 255 157 114
    123 235 178 24 20 255 255 246 255 215 255 122 226 233 255 255 187
    104 255 153 255 255 255 255 255 255 176 215 137 255 135 68 255 255
    255 255 48 54 122 255 255 255 255 242 255 133 255 255 255 255 255
    255 121 255 24 38 255 255 79 255 255 137 152 255 255 255 129 255 44
    255 255 132 255 127 255 255 255 243 255 44 255 250 91 126 127 52 164
    56 107 34 66 255 255 52 255 156 255 42 255 255 255 192 255 40 176
    147 255 174 255 255 134 255 255 237 255 255 237 255 30 172 255 66
    255 197 255 233 255 255 255 255 255 255 255 129 4 40 165 170 255 255
    126 255 139 255 255 99 233 252 255 78 255 255 52 38 72 188 255 255
    255 185 64 202 255 205 152 101 147 48 163 139 220 18 255 255 255 255
    190 255 255 255 255 255 184 255 91 255 255 215 255 18 81 255 70 255
    255 91 255 176 97 91 255 143 107 255 255 46 40 103 255 174 255 38 0
    255 255 118 205 255 255 255 20 68 93 85 255 123 2 136 224 255 255
    255 255 202 44 22 255 175 255 46 255 255 150 62 255 255 255 255 2
    255 255 132 109 54 255 87 255 142 163 244 0 255 255 255 199 238 255
    215 255 255 203 133 255 66 255 22 255 107 134 191 101 255 255 255
    255 255 155 22 255 157 255 226 255 255 255 255 255 255 233 255 213
    255 255 255 246 233 255 68 178 30 255 84 255 255 156 50 255 251 255
    46 255 255 244 80 255 252 255 255 255 255 147 255 255 167 123 156
    236 255 36 255 99 140 121 255 255 181 255 24 255 219 170 103 141 255
    193 255 78 151 56 255 255 255 255 255 225 255 87 225 229 255 255 255
    255 91 72 133 255 255 133 2 222 255 255 255 255 255 202 181 255 255
    20 255 142 255 255 54 222 81 188 115 236 255 255 255 76 255 107 148
    187 255 255 26 229 255 255 238 128 159 177 212 255 191 255 255 50
    255 255 255 124 50 255 6 4 255 255 42 127 255 201 255 46 135 38 255
    50 255 255 203 255 255 191 255 255 234 255 48 255 99 255 105 255 86
    99 255 122 255 238 158 242 129 188 255 70 204 255 255 178 14 201 255
    255 58 255 255 255 102 255 8 255 101 255 255 52 255 255 151 54 255
    32 205 255 255 255 210 255 255 202 213 255 255 255 255 255 79 173
    255 255 115 255 255 255 144 0 255 78 255 42 255 255 145 24 255 255
    120 255 175 62 255 255 76 242 255 255 234 255 90 255 255 255 255 255
    255 255 255 102 255 255 255 255 255 255 10 248 241 2 40 98 255 173
    186 255 255 255 255 87 255 20 255 255 255 255 237 224 201 34 255 255
    255 255 255 251 255 83 255 255 255 255 115 16 255 209 255 36 255 255
    255 255 236 255 255 58 255 103 20 84 255 201 255 97 255 255 255 255
    255 255 255 239 255 105 10 255 255 182 255 255 255 85 161 188 4 255
    255 159 255 130 255 68 255 255 255 38 6 72 255 238 215 255 255 153
    52 255 95 255 220 10 255 58 255 255 255 255 212 255 255 2 83 56 255
    255 215 255 255 255 148 135 242 218 255 255 255 255 255 98 255 255
    255 255 255 255 255 48 255 255 28 255 255 46 255 149 223 255 255 255
    255 153 255 60 255 255 255 145 66 178 48 161 84 226 139 255 179 147
    52 240 8 255 20 38 255 255 8 255 46 255 255 255 255 160 193 255 60
    255 255 255 119 255 152 255 255 0 255 255 44 255 231 255 255 255 255
    79 255 106 255 195 227 16 246 94 255 255 40 255 255 166 189 255 255
    105 255 255 26 255 255 175 14 164 70 255 6 255 255 208 83 255 56 209
    255 34 255 231 255 255 255 222 255 89 136 255 254 255 255 255 255 93
    42 62 161 236 255 95 255 255 255 12 88 242 185 255 255 225 255 255
    255 2 255 255 192 48 79 82 255 255 30 255 109 255 255 195 255 103
    255 74 255 255 255 255 255 255 255 255 255 255 255 255 12 42 255 255
    255 255 179 255 255 255 255 72 255 207 255 181 89 192 185 219 4 255
    16 255 255 223 255 255 54 220 46 201 184 125 255 255 68 255 218 60
    207 44 153 101 18 255 255 255 255 155 255 191 117 88 255 255 110 48
    32 255 255 255 176 161 254 255 255 209 60 211 255 245 255 255 214 24
    105 255 77 255 206 255 179 255 255 255 255 91 54 184 255 50 164 226
    255 255 255 16 96 44 255 158 255 255 52 255 89 108 255 46 84 157 255
    82 255 70 255 255 44 52 246 173 255 255 255 142 255 255 255 255 255
    255 179 255 255 255 255 255 236 255 255 255 255 255 255 255 255 77
    22 255 248 72 66 255 64 50 255 209 204 255 10 76 255 255 255 255 163
    255 255 255 255 228 141 255 255 255 255 109 255 218 117 255 128 133
    185 108 255 255 255 209 175 255 234 233 255 145 81 255 193 255 255
    230 255 255 58 137 255 157 153 255 34 255 255 255 255 247 255 255 56
    255 177 22 224 255 255 255 83 255 183 255 58 121 163 255 147 244 255
    40 255 94 30 255 150 145 248 231 255 255 156 255 255 255 2 255 255
    101 56 255 255 255 152 255 255 255 255 255 255 255 255 146 255 175
    12 255 147 227 70 215 72 145 32 237 255 255 130 255 255 239 255 60
    255 46 255 249 115 12 255 255 255 255 151 255 148 255 236 12 255 111
    202 117 255 255 79 103 237 255 147 255 123 229 196 255 255 255 255
    250 255 95 255 239 255 54 8 255 255 22 255 52 255 255 255 154 255
    255 233 115 191 138 255 255 146 161 255 255 133 255 255 177 255 223
    254 250 255 38 255 255 255 87 2 191 255 255 187 159 170 255 255 255
    255 255 255 255 255 255 255 236 255 255 255 116 54 87 255 189 50 32
    255 255 225 226 28 160 255 99 110 255 255 255 255 255 255 81 255 104
    109 255 249 183 20 154 68 115 216 213 159 255 255 255 126 215 24 108
    255 215 6 255 255 255 255 119 82 255 105 255 255 252 212 255 40 255
    183 50 114 207 85 36 255 60 118 109 18 200 255 255 255 44 255 190 0
    197 172 255 161 214 255 113 255 244 244 255 255 255 164 99 127 30
    255 255 255 255 52 255 199 255 204 68 255 255 255 255 255 79 255 255
    255 131 88 255 89 255 255 50 212 255 46 255 145 70 255 255 163 249
    255 255 255 255 255 182 209 2 255 201 145 255 58 255 255 215 255 255
    255 255 255 255 255 24 250 255 170 255 255 255 224 255 140 115 255
    255 85 62 255 255 68 178 75 255 96 62 4 249 255 255 66 255 141 255
    141 129 255 62 211 194 203 255 132 185 229 255 255 255 198 255 255
    255 255 255 40 255 127 255 50 255 255 255 255 30 255 255 255 255 255
    255 145 91 70 255 28 8 107 255 154 72 159 54 99 255 255 95 189 255
    255 62 62 97 255 255 255 137 66 255 255 255 255 127 122 255 97 66
    255 255 255 255 60 255 10 169 255 255 255 243 255 64 18 255 255 32
    255 255 255 161 255 170 75 141 32 255 255 255 255 117 255 255 255
    220 60 255 255 255 217 255 255 255 255 255 159 218 255 235 188 187
    255 136 255 60 126 255 255 146 255 78 100 228 227 255 89 255 255 147
    252 255 255 0 235 246 255 126 185 238 64 255 255 255 127 115 14 26
    255 12 50 197 142 50 254 255 255 113 178 75 171 130 248 255 255 254
    235 46 66 255 152 255 147 156 255 127 255 232 225 114 255 250 255
    123 255 255 179 93 150 255 191 255 255 121 152 255 255 255 38 255
    202 255 255 255 165 255 255 52 157 255 255 255 255 77 91 255 232 179
    255 28 255 255 240 209 255 255 32 255 111 255 18 226 255 255 255 155
    118 191 121 178 255 46 178 56 255 255 255 22 255 75 255 204 46 113 8
    255 255 36 255 219 14 54 26 18 191 129 255 139 255 116 8 255 255 255
    255 255 255 30 58 255 121 88 70 255 255 255 255 255 255 179 94 255
    255 255 54 255 52 242 163 194 255 201 42 103 255 160 58 191 253 248
    255 2 255 68 255 54 179 255 255 255 255 255 255 118 255 66 255 255
    255 54 169 135 96 137 131 122 255 255 14 255 175 255 255 240 245 255
    255 156 238 137 255 38 255 255 255 255 40 217 159 76 20 255 116 58
    255 249 240 111 44 16 85 255 255 255 255 107 26 72 113 52 227 255
    255 206 173 149 12 141 181 255 40 211 90 230 163 255 238 231 162 175
    255 26 217 205 255 255 16 229 255 36 255 115 255 251 95 255 146 171
    229 140 255 161 255 255 255 12 149 135 186 255 199 255 255 255 255
    22 244 148 255 199 255 255 255 74 185 145 128 255 139 255 185 255
    222 141 235 32 255 115 54 91 246 255 255 255 255 255 235 255 12 191
    60 255 209 166 50 255 66 242 255 140 255 179 146 42 22 255 121 255
    208 255 26 62 169 87 78 58 255 184 236 255 255 129 255 202 133 255
    255 12 255 255 79 189 116 255 255 255 255 52 194 50 255 188 255 255
    255 175 50 120 34 255 255 255 255 142 255 50 255 26 255 138 255 255
    150 255 70 255 151 221 255 255 255 44 24 30 255 255 103 178 24 255
    74 255 109 255 18 207 18 255 159 255 155 255 56 255 14 255 117 255
    255 24 255 74 207 213 255 255 177 255 255 83 36 24 255 0 255 255 152
    255 83 30 255 255 255 255 213 255 255 83 255 255 255 146 161 255 255
    107 255 255 255 105 160 79 242 18 255 93 255 255 129 180 125 50 186
    255 145 120 93 191 116 135 255 255 131 255 200 77 10 255 255 50 255
    246 255 146 255 252 255 255 255 40 255 255 118 26 255 255 217 171 30
    255 255 64 255 56 212 38 179 160 255 255 6 255 255 255 255 255 255
    255 255 255 195 199 255 34 255 255 255 255 255 213 255 241 255 14
    255 161 161 94 139 255 255 163 240 255 165 255 255 97 161 90 181 195
    212 255 143 255 145 255 146 255 83 116 185 68 162 36 133 255 255 255
    255 240 255 70 199 255 255 173 255 116 255 4 255 213 255 255 189 248
    255 255 255 255 66 26 233 121 255 229 230 219 255 255 255 255 252
    187 192 205 255 255 163 255 172 255 123 241 215 215 124 24 143 255
    139 211 255 255 255 34 255 255 255 217 97 255 177 255 255 24 255 255
    68 72 10 255 175 255 48 115 255 234 87 92 255 30 255 255 255 196 255
    255 80 211 255 231 255 255 255 191 147 255 255 113 136 240 6 255 159
    165 118 255 255 255 255 255 50 255 215 116 91 255 255 203 255 255
    181 169 255 255 229 255 165 255 255 97 255 88 255 56 216 255 255 116
    255 255 255 255 255 52 157 111 32 255 159 255 213 255 18 255 34 255
    155 79 42 255 250 255 255 189 231 255 255 255 255 191 255 255 145
    255 255 255 104 255 157 114 255 236 255 255 255 20 255 159 20 255
    255 255 93 255 168 177 119 255 255 10 255 85 255 202 255 171 255 255
    99 62 255 255 36 255 255 255 50 255 255 252 255 212 56 255 122 113
    255 44 255 147 206 255 81 255 255 255 255 255 244 108 125 250 46 105
    240 223 255 231 255 255 42 255 2 255 255 255 64 88 255 252 140 255
    255 74 255 85 255 20 255 0 101 46 18 179 233 255 234 72 255 255 78
    82 26 255 255 255 255 116 32 255 255 255 58 110 157 123 255 255 255
    14 255 225 255 255 255 255 36 255 255 141 238 22 14 12 255 255 255
    152 255 255 162 255 255 255 255 56 192 255 255 255 133 145 52 255
    255 255 255 131 96 255 255 90 255 255 72 255 255 255 255 20 255 255
    255 210 228 10 235 191 255 255 255 255 26 255 52 255 255 74 255 99
    74 255 159 187 255 22 129 255 181 18 136 250 255 255 205 255 255 255
    48 255 255 255 225 165 255 126 44 70 255 143 255 32 255 255 255 111
    242 255 81 153 146 255 185 255 255 255 255 255 255 255 8 248 255 62
    159 255 137 58 8 255 255 72 143 255 255 60 117 255 77 252 255 255
    254 255 255 66 10 234 40 247 255 255 255 143 123 255 255 213 255 187
    89 255 255 255 231 52 85 32 255 151 255 60 8 172 255 255 6 246 255
    255 161 44 255 255 213 255 255 85 255 255 105 255 255 252 255 91 255
    190 230 255 255 105 70 70 226 255 76 255 255 156 213 159 255 255 4
    255 255 137 255 255 255 52 113 161 255 255 187 255 121 66 255 0 185
    255 255 8 114 123 255 255 163 255 255 99 255 255 209 123 108 141 255
    0 255 240 156 203 255 255 255 255 255 139 255 255 87 217 255 255 255
    158 255 163 70 72 255 255 255 255 198 215 205 22 255 16 255 205 42
    255 72 107 78 145 171 255 242 255 190 255 255 255 255 255 118 255 89
    80 234 238 76 85 255 255 255 255 255 252 255 206 255 255 255 255 255
    255 0 255 126 85 255 180 255 255 255 195 255 178 255 93 80 149 255
    249 255 191 255 26 255 255 8 231 255 143 10 4 255 155 6 255 36 227
    255 101 255 255 255 44 255 255 239 222 44 158 105 255 78 81 85 255
    255 255 255 255 255 222 197 255 70 4 255 255 77 177 255 30 255 255
    255 46 148 255 78 64 211 97 104 255 89 255 85 255 255 42 235 18 81
    255 190 22 246 16 224 255 132 255 81 100 139 54 134 255 26 255 255
    163 255 4 85 180 121 255 255 183 255 176 255 229 152 135 255 218 255
    255 212 195 255 255 242 255 255 255 255 255 255 147 255 255 255 255
    255 238 255 2 109 255 255 16 255 252 185 50 141 16 118 255 151 124
    169 44 255 189 255 58 91 221 196 255 255 146 255 54 255 217 225 255
    32 242 42 87 255 194 228 12 120 255 145 255 199 255 255 99 255 170
    75 255 255 143 255 255 255 95 255 85 74 196 121 255 255 220 30 94
    213 0 233 155 177 255 232 121 255 4 255 255 42 177 255 119 255 255
    215 255 255 199 255 76 255 255 255 60 255 122 255 74 255 255 255 255
    48 50 204 179 255 255 255 133 243 255 255 36 255 48 255 255 87 92 50
    217 164 255 36 255 173 255 255 40 10 255 226 255 255 163 255 46 36
    255 255 255 167 227 83 255 160 255 20 94 91 255 247 255 255 229 255
    235 231 79 255 122 115 229 231 197 76 146 255 255 255 255 255 255 26
    255 255 81 255 92 255 193 255 255 255 184 105 255 255 255 52 184 255
    255 255 234 197 76 125 255 138 255 255 255 72 135 255 38 255 18 189
    255 32 111 255 86 220 255 202 197 255 255 255 255 255 60 111 255 255
    236 6 197 255 255 54 255 255 255 26 255 255 255 255 255 255 255 6
    242 255 255 255 255 255 189 255 85 255 255 255 255 52 255 238 196
    255 62 66 89 42 239 255 195 255 255 167 255 62 207 128 255 181 255
    252 255 241 255 255 255 107 81 8 191 87 180 255 155 216 48 255 255
    255 223 255 197 255 233 255 255 144 165 255 166 123 169 212 255 89
    138 93 255 229 105 255 80 205 177 239 255 244 255 255 255 50 255 119
    255 255 6 72 246 255 154 255 91 235 207 255 255 255 255 36 68 219
    255 255 255 172 255 64 184 240 115 255 255 175 4 255 93 94 255 255
    216 255 242 62 255 255 32 203 54 200 255 30 255 255 255 255 97 242
    255 255 255 255 125 87 255 255 14 48 255 32 100 255 66 114 255 97
    255 189 193 190 255 255 100 222 113 134 255 139 255 16 81 255 125
    255 88 75 255 255 153 105 255 255 70 255 255 223 237 246 40 255 117
    255 255 185 44 54 2 255 172 255 48 216 255 20 82 255 238 4 255 255
    46 255 255 48 255 255 255 181 6 26 115 40 255 185 107 156 44 157 255
    255 181 255 255 255 255 183 12 237 255 255 255 255 255 255 127 255
    243 255 255 255 255 255 255 77 255 16 255 223 212 85 255 255 255 149
    255 203 255 2 255 171 255 173 50 4 255 255 134 52 42 255 255 255 255
    255 255 255 255 255 128 50 163 124 255 22 216 62 221 112 226 8 245
    255 255 54 255 89 255 131 207 202 95 187 28 93 255 255 255 227 255
    255 255 156 149 255 110 48 255 255 255 255 255 255 255 46 255 255
    168 75 255 233 99 34 42 141 2 4 255 14 255 115 255 132 113 255 255
    240 121 255 255 252 134 255 38 96 255 255 178 44 229 112 255 97 255
    255 252 166 254 255 24 255 255 255 255 87 227 255 255 255 255 187
    255 10 193 52 255 255 255 56 24 251 255 183 255 147 145 255 255 74
    212 167 189 255 58 40 229 173 255 66 255 255 44 255 38 22 255 255
    255 255 255 255 255 255 255 255 255 255 113 32 255 6 255 136 95 10
    76 255 255 255 255 179 14 68 236 122 211 255 255 255 81 255 107 79
    255 255 255 255 248 0 255 255 52 255 255 183 229 151 255 178 255 255
    102 183 255 255 167 189 18 167 255 255 255 225 255 255 207 255 255 6
    32 155 255 18 255 83 255 255 161 100 255 50 255 255 125 255 255 255
    255 40 255 30 255 255 255 129 26 66 255 255 255 236 255 130 28 255
    241 255 255 255 255 64 255 255 255 168 30 167 255 255 255 255 197
    177 255 12 135 255 36 255 255 255 185 255 20 133 255 232 135 255 62
    167 64 137 137 255 149 255 255 75 255 255 224 255 255 255 197 28 255
    255 255 64 101 255 255 127 30 255 129 80 255 255 80 255 255 204 24
    255 255 60 255 255 255 255 239 255 231 255 203 225 255 70 10 255 177
    68 255 255 107 255 255 255 255 255 255 24 255 255 255 255 255 255 12
    135 255 121 255 255 255 119 94 115 42 76 36 255 255 255 28 255 255
    255 130 195 255 255 255 193 255 181 255 92 234 255 255 28 255 190
    149 203 255 58 255 255 48 255 255 173 34 38 207 255 255 255 255 255
    255 87 120 201 223 245 40 255 245 127 151 255 255 38 255 255 151 202
    255 255 255 255 107 255 255 255 255 255 10 154 113 185 160 255 255
    14 255 99 36 255 255 255 93 255 255 255 255 227 143 255 255 137 229
    86 189 255 255 255 255 152 255 255 255 85 255 255 248 34 76 255 255
    255 255 255 255 255 255 122 255 30 255 255 109 255 255 255 255 255
    255 188 255 255 106 255 255 255 255 129 184 255 255 255 255 255 255
    255 231 255 255 255 136 255 6 30 255 231 255 255 87 124 34 28 255 16
    255 255 255 255 206 54 255 255 255 250 255 255 8 68 85 193 184 255
    238 44 255 255 255 255 225 255 18 255 255 32 255 231 147 255 4 255
    143 194 159 54 255 149 14 4 255 255 255 220 10 200 255 4 255 255 145
    116 255 255 255 255 44 255 236 255 255 44 255 255 230 255 255 30 159
    255 58 255 249 255 255 237 255 255 8 255 143 216 255 123 255 255 159
    255 255 255 231 42 76 253 169 250 170 255 255 255 83 255 182 255 255
    255 165 255 255 255 240 255 89 223 202 129 255 255 255 255 158 255
    99 255 255 171 255 22 87 255 255 255 112 125 97 255 163 255 255 64
    255 44 255 255 104 149 171 255 255 141 255 255 219 56 111 193 255 28
    255 255 143 0 66 255 46 255 238 255 255 44 255 216 179 60 255 255
    179 237 255 93 255 83 255 255 135 141 34 255 255 255 255 8 255 242 2
    74 255 255 42 255 44 255 155 255 255 2 255 255 255 225 168 255 255
    150 248 255 255 255 81 255 255 255 237 113 149 235 232 255 255 255
    238 255 255 32 255 201 42 255 255 255 255 255 255 255 193 215 255
    255 255 255 93 255 90 197 255 255 242 177 140 255 115 255 255 28 255
    255 145 255 255 255 235 230 141 52 56 255 208 255 255 138 10 189 255
    42 68 0 254 169 122 26 255 60 255 171 255 255 240 251 205 32 106 255
    223 120 83 97 255 157 255 74 181 255 255 255 250 255 255 255 255 255
    199 225 248 255 255 255 125 255 255 173 255 255 255 110 255 255 8
    191 255 255 255 255 255 255 0 255 64 131 10 255 255 174 121 60 235
    228 255 255 171 4 94 205 173 255 255 255 255 220 238 188 191 89 202
    255 113 255 250 255 56 244 255 255 255 255 237 72 40 255 255 255 156
    255 56 243 193 255 255 255 91 255 20 255 12 255 255 255 95 255 144
    255 12 106 255 255 255 255 32 194 255 205 245 213 229 255 255 74 255
    62 76 22 255 255 255 255 255 255 165 137 255 255 255 46 238 255 180
    230 191 255 255 255 52 255 255 255 72 255 178 255 255 255 232 235
    188 141 183 255 255 173 255 153 42 227 151 255 255 220 255 255 255
    255 182 34 255 58 242 255 255 201 30 76 255 95 255 24 123 116 205
    255 255 101 255 255 181 40 255 255 70 237 255 44 255 66 155 210 149
    161 255 230 255 255 250 255 2 185 159 204 255 95 86 255 42 86 255 91
    255 165 255 118 255 48 146 255 255 255 141 255 255 179 231 164 255
    30 241 255 255 255 255 255 128 255 255 255 54 121 253 26 255 40 32
    255 154 87 58 255 255 255 255 62 255 102 8 18 255 2 255 255 127 255
    255 255 244 255 207 205 140 58 255 255 255 52 255 255 255 148 12 255
    80 255 255 106 255 149 6 56 255 255 143 255 20 72 255 210 255 32 82
    255 254 255 105 255 255 139 255 58 107 42 255 255 255 239 226 255 48
    255 255 255 97 205 194 255 255 255 255 213 76 220 161 255 121 254
    102 123 36 255 255 255 144 20 255 255 255 255 255 201 255 2 255 177
    255 255 225 255 217 255 255 250 255 6 255 255 255 250 255 38 99 255
    255 255 38 255 255 113 48 255 70 162 228 248 255 255 183 249 255 38
    130 125 24 255 255 255 231 255 255 94 232 255 223 255 117 255 255 0
    239 139 255 255 255 89 255 255 255 44 115 133 10 255 255 126 254 255
    255 255 163 90 97 255 255 195 34 255 255 255 188 70 34 102 244 255
    255 8 255 56 255 255 196 255 255 255 26 255 255 28 26 255 101 255
    202 255 191 255 255 255 156 115 255 142 193 255 255 255 255 223 255
    255 255 255 255 136 207 189 196 75 14 251 255 10 188 95 255 180 255
    189 255 255 255 196 255 236 255 135 255 255 215 173 255 62 30 255
    255 255 255 70 255 255 228 255 255 255 191 0 255 250 20 255 255 255
    85 255 255 255 255 255 145 16 255 255 22 100 62 255 58 255 255 255
    255 255 255 255 30 182 255 255 255 255 255 182 203 34 56 255 2 192
    255 255 255 77 169 255 255 255 255 77 255 255 255 125 255 46 0 78 36
    255 255 255 22 128 255 255 10 26 28 92 255 147 130 40 255 26 255 155
    86 77 255 255 255 255 46 87 255 255 254 255 255 255 44 255 255 255
    124 28 255 231 185 255 92 255 219 48 255 167 255 255 0 255 125 255
    255 255 255 255 255 240 86 255 255 255 42 255 255 255 34 255 255 255
    212 255 18 255 255 255 255 48 255 118 226 255 255 255 255 255 255 62
    255 111 189 146 255 255 86 255 255 134 155 26 140 255 255 170 255
    255 82 255 189 255 255 72 64 255 255 255 215 42 255 60 76 255 70 255
    255 255 255 160 4 207 255 255 193 255 255 255 255 255 255 255 255
    255 0 255 145 255 135 50 241 123 255 255 255 157 122 171 2 255 147
    255 128 42 107 255 255 255 106 255 173 255 201 255 255 255 255 255
    48 127 6 197 28 255 139 8 184 248 255 255 255 117 64 255 137 104 255
    151 255 255 255 122 255 54 46 4 255 255 255 255 255 228 255 255 248
    255 255 147 125 255 66 238 32 97 255 94 189 64 255 255 255 255 255
    40 255 255 235 156 77 255 255 105 46 172 255 30 42 125 123 255 255
    255 255 226 201 255 52 255 8 255 255 94 255 111 96 81 50 255 255 255
    152 255 85 255 255 255 255 255 66 255 173 255 237 121 255 255 255
    255 255 113 20 255 222 255 223 111 255 210 255 255 231 255 12 255
    255 30 122 255 12 255 255 78 253 255 0 255 151 105 184 161 201 255
    255 223 182 77 255 12 255 255 255 139 36 255 153 181 243 238 255 255
    177 255 255 217 255 255 111 255 255 255 255 255 60 149 255 215 255
    70 2 197 208 4 255 255 75 255 10 224 219 210 255 255 210 255 255 249
    255 255 166 125 255 16 255 101 255 87 255 46 255 14 255 101 70 251
    255 255 166 255 183 22 255 255 174 131 99 50 255 255 255 250 187 253
    255 236 255 255 229 233 189 255 28 255 255 255 255 103 255 234 255
    78 127 255 255 255 97 152 255 255 202 16 42 255 255 255 255 127 255
    255 255 255 255 255 181 166 24 255 255 255 62 243 34 255 194 255 133
    108 255 95 255 255 255 253 101 145 255 181 133 255 52 255 108 141
    255 74 255 255 255 135 255 255 255 91 52 211 117 146 255 64 249 32
    169 255 255 48 66 248 255 255 255 255 40 22 163 255 159 255 86 205
    255 100 46 255 255 255 255 48 207 255 255 157 255 192 187 111 239
    255 255 28 191 255 34 255 103 64 24 87 172 255 2 158 255 255 255 30
    255 247 255 255 255 189 255 255 255 40 102 4 255 255 87 145 14 255
    68 116 255 207 255 255 78 255 255 255 170 10 255 102 246 173 126 255
    255 249 255 255 255 255 103 58 195 151 255 255 240 255 255 229 255
    255 240 88 207 255 243 121 8 255 255 255 170 193 255 255 143 0 98
    255 255 102 255 255 218 155 255 190 255 255 200 173 161 255 250 255
    214 113 255 255 244 255 255 66 255 14 236 255 255 123 42 64 85 255
    186 6 255 108 255 255 255 255 54 255 179 60 62 32 255 255 255 139
    255 117 255 56 255 119 126 255 8 38 255 255 255 8 235 255 255 165
    255 129 72 216 179 10 255 191 255 255 64 255 34 255 248 255 141 246
    50 38 4 255 255 255 66 147 255 255 255 255 208 222 14 255 64 211 255
    255 173 255 255 255 233 127 255 255 4 255 148 255 165 148 217 255
    233 255 255 255 30 255 255 133 255 255 4 255 255 177 250 255 151 111
    50 14 255 255 199 40 182 255 0 255 255 255 114 147 135 229 255 201
    120 52 255 188 255 255 186 255 157 192 107 207 255 173 221 255 12 50
    44 255 193 255 211 231 239 207 255 255 232 255 255 48 255 255 255
    255 255 213 219 255 255 255 255 255 255 114 99 171 8 222 255 156 255
    255 16 255 254 255 255 255 255 197 255 36 255 255 150 205 255 104
    246 189 233 255 135 28 255 255 0 255 255 255 255 93 46 246 85 116
    240 255 255 255 64 18 255 195 122 255 255 178 255 255 255 255 255
    118 255 255 255 68 255 255 151 255 255 70 32 255 238 255 255 255 248
    94 255 207 66 255 255 72 255 26 255 255 101 255 255 255 251 255 223
    48 32 167 255 201 203 255 255 255 108 220 255 124 222 255 255 50 240
    184 175 72 20 255 66 142 255 173 253 255 181 255 139 255 48 255 255
    255 255 16 26 0 255 146 85 14 255 255 26 255 255 255 255 255 16 255
    255 93 194 255 211 194 240 255 38 255 93 255 255 117 255 255 255 255
    16 255 255 4 255 255 141 255 231 6 240 212 255 28 255 48 255 76 255
    255 255 242 85 255 255 99 82 252 205 188 255 4 255 215 213 255 34
    255 0 12 34 110 255 6 255 46 255 243 99 103 44 167 95 255 58 255 22
    252 147 255 255 255 184 255 255 104 255 255 120 255 127 255 255 254
    172 255 78 255 255 83 148 34 255 255 147 255 255 36 54 255 255 179
    255 4 101 255 52 255 255 109 255 255 255 255 98 66 10 255 250 255
    255 255 133 206 255 255 255 213 255 96 238 255 255 255 255 255 185
    255 146 255 255 225 224 255 66 255 255 48 255 255 245 77 255 160 157
    30 255 255 255 212 255 255 255 252 219 54 85 255 255 151 83 68 255
    201 255 129 155 138 79 255 0 87 171 255 91 255 255 46 46 196 72 60
    255 250 83 255 42 197 255 255 72 116 255 255 202 16 211 100 20 36
    255 255 62 255 255 255 255 143 255 255 255 255 80 255 255 255 8 255
    255 255 244 110 232 74 255 238 255 243 22 62 46 20 255 255 255 48
    182 236 255 255 95 255 255 255 255 100 232 255 200 255 255 148 255
    89 54 250 199 255 89 255 255 255 4 255 197 255 255 117 255 144 157
    105 255 137 211 168 255 10 255 255 238 255 60 159 255 215 255 255
    255 255 222 255 255 180 255 179 255 40 131 255 255 255 255 197 201
    255 255 255 251 255 137 34 107 250 255 255 255 116 255 255 255 238
    52 255 255 115 122 255 255 255 255 248 255 175 56 118 255 255 255
    143 175 220 255 24 235 255 255 255 255 255 136 255 255 255 255 147
    255 255 255 124 197 28 255 123 240 255 169 221 182 91 2 68 95 255
    255 255 111 4 255 255 255 56 255 255 244 255 255 20 255 180 205 255
    255 222 199 255 117 250 255 215 255 74 255 223 128 255 131 255 255
    58 243 32 255 148 255 255 14 189 147 48 255 255 255 255 255 255 83
    255 255 255 255 255 255 255 255 56 255 235 189 169 255 137 42 225
    255 129 255 64 255 255 87 191 255 123 199 255 183 255 90 234 171 255
    255 66 249 22 255 92 135 99 255 255 255 255 255 74 255 157 255 255
    255 255 78 255 83 255 195 255 255 121 197 255 137 231 255 255 76 253
    60 135 255 91 255 152 26 255 255 58 99 255 255 255 2 250 205 255 255
    255 172 236 163 112 255 246 255 255 28 8 255 255 255 81 255 255 255
    76 255 255 255 202 125 12 48 224 255 255 83 255 172 255 225 255 207
    133 148 211 255 255 255 255 56 161 255 255 155 255 66 255 255 182
    255 165 108 171 195 255 113 255 233 226 203 12 255 250 255 255 255
    223 2 60 150 14 227 255 24 58 255 199 20 255 77 255 180 255 255 74
    255 113 255 255 255 86 244 255 255 255 40 255 255 115 255 255 167
    255 255 167 148 255 219 255 255 155 255 70 255 255 255 16 223 22 255
    255 255 255 126 255 187 255 255 149 255 183 255 255 2 255 255 189
    255 255 217 255 74 255 255 255 255 255 64 255 91 255 139 14 162 255
    255 132 149 119 255 187 255 255 255 255 124 255 255 233 255 64 255
    255 255 255 255 255 255 255 89 20 255 255 180 255 255 255 109 255 20
    255 137 138 165 255 255 173 255 255 255 189 255 255 255 255 255 12
    76 169 255 60 52 255 194 191 81 239 255 14 255 255 255 255 255 197
    154 58 105 82 255 255 80 171 52 220 255 199 245 255 72 235 255 177
    36 255 20 255 68 255 225 255 93 218 255 115 12 255 255 222 234 91
    255 224 254 255 252 238 255 157 157 48 0 167 255 255 153 66 255 93
    255 255 32 233 16 167 255 12 30 255 58 255 255 30 255 255 149 195 0
    32 255 255 175 255 255 255 255 108 8 111 202 40 113 84 255 255 148
    255 255 255 187 255 255 255 4 255 97 255 12 205 161 128 255 255 255
    255 242 192 191 221 255 175 255 255 171 255 204 255 255 255 109 26
    255 70 255 168 169 255 12 255 161 68 255 255 70 255 227 94 133 236
    38 255 109 118 68 255 255 189 201 42 252 203 44 255 255 255 8 255
    128 255 255 229 173 76 255 228 255 255 255 99 255 255 211 255 133
    255 76 255 255 255 255 255 190 255 187 255 255 255 48 207 18 142 255
    255 255 255 255 192 60 255 112 255 250 255 255 255 0 255 123 255 255
    255 222 255 255 255 255 255 58 255 255 233 255 6 255 137 255 154 255
    4 130 255 255 208 32 169 255 255 193 66 77 246 255 255 229 255 4 191
    255 145 58 112 171 179 156 255 255 255 167 255 255 40 255 255 255
    252 206 255 255 255 255 125 255 255 52 14 244 255 251 163 163 255
    145 255 194 255 143 255 163 255 150 255 85 120 155 255 86 255 48 108
    255 149 72 4 2 255 28 255 184 255 64 239 183 255 255 143 255 84 255
    255 196 255 145 86 255 255 255 255 133 218 255 18 200 191 255 164
    145 255 48 255 255 255 232 201 148 255 221 24 113 255 98 255 211 255
    79 171 255 36 105 255 255 255 255 255 255 30 255 255 255 209 14 192
    255 157 255 70 219 229 232 133 146 255 255 196 93 255 202 255 227
    180 255 20 255 230 255 204 255 205 255 242 201 255 236 74 255 255
    101 255 255 255 28 255 50 233 54 255 255 255 255 255 224 46 255 255
    50 255 255 157 210 255 255 255 97 255 222 127 255 6 255 255 255 201
    255 114 255 255 255 255 252 98 66 255 194 255 165 255 107 185 255
    161 44 82 255 64 255 173 255 50 66 223 255 187 56 255 246 255 255
    117 205 124 255 161 102 255 255 92 167 58 72 255 255 255 255 85 245
    0 255 255 6 255 255 255 95 188 255 50 255 255 28 118 255 255 255 255
    255 255 4 189 192 143 223 104 62 52 255 22 255 255 255 255 237 177
    125 42 255 229 44 101 137 24 255 255 255 161 95 255 238 163 82 255
    255 255 16 123 255 255 211 255 103 131 255 255 255 255 236 255 255
    255 255 253 52 36 114 121 135 255 255 255 255 207 255 188 255 255
    255 175 219 255 26 255 30 255 203 255 215 91 255 38 255 255 117 36
    100 193 68 255 254 255 255 255 255 255 131 255 150 6 255 184 169 255
    46 255 255 148 255 121 255 255 255 255 121 36 255 26 8 174 255 60
    243 137 44 80 62 255 34 171 255 233 68 255 196 255 2 255 255 227 142
    255 240 98 255 60 142 255 255 162 255 255 255 255 117 255 217 255 92
    255 255 182 103 255 255 226 255 174 255 205 255 207 191 90 95 255
    255 83 255 255 85 119 255 255 229 210 255 255 130 255 26 255 255 255
    255 246 255 255 209 255 255 89 97 229 255 255 206 248 255 162 197 72
    218 255 179 255 255 255 229 151 78 26 255 125 152 255 255 255 255
    255 255 209 255 255 255 221 84 255 255 186 255 255 50 26 109 34 255
    246 255 255 30 150 52 255 134 189 197 30 255 255 255 255 193 255 32
    255 158 155 14 255 255 255 255 181 255 116 255 255 126 255 229 255
    255 255 160 101 255 150 38 40 255 42 255 210 115 83 50 224 255 148
    255 40 160 255 255 14 255 255 255 255 131 255 93 255 200 24 255 255
    255 255 4 187 175 241 24 199 255 248 133 100 255 139 255 255 66 0
    193 4 255 123 125 255 255 255 255 163 219 255 255 255 210 77 255 66
    133 79 184 255 72 255 62 255 156 255 197 182 255 173 255 255 159 255
    255 113 227 255 87 255 70 255 255 255 48 255 255 95 50 255 255 178
    255 255 255 22 255 255 255 149 255 123 78 255 68 58 255 224 185 10
    40 255 251 255 255 24 123 50 186 255 54 2 255 255 255 155 255 255
    107 89 255 121 183 255 56 255 216 255 255 28 103 240 255 236 255 255
    255 177 255 255 233 255 129 255 102 97 255 96 255 89 192 193 185 255
    95 205 16 125 255 255 255 151 255 149 203 255 255 240 10 255 72 180
    255 255 92 255 147 194 255 191 255 131 255 255 255 115 182 129 255
    56 68 255 74 255 255 62 255 255 255 209 255 255 255 191 233 201 147
    50 255 223 255 97 113 40 255 213 255 255 255 144 255 255 170 255 255
    255 255 20 255 123 133 255 255 255 249 10 105 255 255 255 231 167
    255 74 42 255 134 105 255 100 113 72 255 255 68 255 209 255 114 255
    255 255 255 101 158 255 255 239 255 179 255 255 255 255 255 123 166
    255 74 188 255 24 255 58 255 86 85 250 255 155 147 152 255 255 200
    167 255 202 101 0 126 255 70 142 255 79 255 119 255 202 255 255 255
    105 223 237 255 255 255 255 255 162 175 255 255 32 255 204 255 255
    176 255 255 255 255 113 255 255 246 156 255 209 112 101 78 182 255
    255 106 255 50 255 255 255 255 16 173 170 228 255 140 159 81 255 173
    236 241 255 255 88 113 191 255 255 185 180 255 255 255 60 221 255
    255 255 18 139 52 255 255 255 255 255 42 64 195 255 255 173 221 251
    255 255 112 255 255 237 255 125 239 255 175 146 255 16 196 32 255
    255 189 191 255 236 79 251 255 255 255 175 242 255 254 255 255 240
    81 110 189 255 68 255 87 160 255 255 168 129 54 255 255 255 249 255
    117 255 240 175 255 255 255 146 255 38 255 111 255 186 34 255 214 20
    81 255 255 255 16 255 255 168 255 133 255 137 78 255 6 255 239 250
    233 255 171 238 255 185 68 98 173 255 174 255 255 198 224 227 255
    153 42 255 254 141 255 255 255 255 226 20 16 165 201 178 255 255 255
    255 255 255 255 78 126 255 255 255 255 255 255 10 101 134 255 255
    247 109 219 255 255 219 255 143 85 186 255 217 144 255 129 4 255 255
    255 255 255 255 255 255 255 255 97 136 255 68 255 155 163 255 255
    255 2 97 147 186 133 189 132 255 219 108 70 173 255 149 255 255 255
    255 255 32 255 98 255 255 255 255 79 34 255 223 102 246 22 96 255
    255 210 113 217 253 201 125 255 255 255 255 255 235 66 28 255 255
    255 74 0 85 183 220 46 255 158 222 255 255 250 133 255 255 83 255 8
    255 255 201 133 64 238 227 255 255 101 194 255 34 20 191 223 68 36
    20 255 255 255 255 12 255 255 165 28 231 179 89 112 72 40 255 89 255
    255 68 52 255 6 255 255 255 248 223 4 109 216 255 117 255 38 255 255
    255 255 255 220 255 146 213 22 190 161 149 74 255 255 239 224 171
    108 255 255 255 255 62 24 255 213 255 255 97 166 213 207 255 255 252
    255 255 135 34 238 255 255 255 242 255 8 255 44 137 255 118 255 255
    78 141 163 162 255 255 255 255 26 241 255 255 255 75 255 214 199 255
    229 195 141 255 101 185 16 255 28 6 238 97 164 16 255 231 175 255
    160 40 213 38 255 255 184 131 240 110 111 255 170 81 255 223 197 66
    255 255 24 62 215 48 255 250 255 255 167 115 255 183 255 255 226 255
    255 97 16 255 255 255 255 32 255 255 109 255 122 42 38 186 255 255
    14 54 231 28 255 255 255 255 255 255 95 163 255 255 255 140 54 255
    255 105 255 255 40 233 255 255 255 120 213 250 218 255 99 229 159
    209 255 107 191 255 255 255 38 255 255 255 255 95 64 201 255 58 213
    181 148 234 255 233 89 255 196 32 255 255 255 145 210 99 24 255 60
    255 255 255 236 140 145 255 255 234 255 194 255 14 194 54 255 132
    183 227 160 217 163 54 135 255 255 255 203 223 64 255 255 255 209
    255 255 255 204 99 255 255 255 255 255 46 145 174 255 255 220 191
    159 172 217 255 255 10 255 255 255 255 255 40 255 255 255 255 255 85
    255 194 255 255 255 203 101 255 250 255 28 255 141 94 255 238 128 6
    181 255 255 255 255 255 229 255 79 167 82 14 255 223 255 255 255 255
    81 255 255 255 255 255 30 104 44 255 90 255 221 255 155 26 4 255 255
    255 255 8 255 255 255 208 255 99 62 185 211 40 83 64 255 255 255 102
    44 255 206 205 255 255 10 255 196 87 209 255 255 255 255 255 127 255
    119 83 255 255 255 212 101 255 34 161 255 255 255 255 44 255 223 231
    62 213 255 255 255 88 255 18 208 255 242 8 255 255 104 201 255 202
    58 4 30 48 255 255 2 255 255 255 255 255 255 255 88 255 20 72 255
    255 130 255 255 255 255 255 255 255 189 50 236 255 255 255 101 255
    66 255 94 255 240 154 255 213 176 255 147 255 183 255 26 255 255 134
    252 255 255 179 91 156 139 238 172 205 60 255 255 87 255 60 255 60
    255 179 100 255 255 158 255 255 60 2 125 56 255 255 255 213 255 255
    255 89 255 12 68 220 255 255 88 255 215 255 255 36 204 127 255 50
    255 255 216 145 255 8 255 255 255 240 50 84 255 127 32 14 22 255 70
    133 32 242 244 223 22 30 152 228 255 154 255 255 255 97 255 112 117
    175 196 75 76 227 244 255 255 255 248 42 255 34 44 34 151 255 149
    177 124 255 48 38 255 219 255 101 255 255 255 255 76 255 255 26 255
    255 255 255 193 38 255 115 24 255 221 116 125 236 255 32 16 220 129
    255 32 255 28 255 255 255 255 255 44 255 255 171 255 123 227 235 255
    255 237 44 171 44 255 177 255 255 189 255 217 255 255 121 219 255
    159 149 255 155 255 255 252 255 255 32 56 255 111 255 255 62 105 255
    255 255 255 34 255 255 255 66 255 255 38 255 255 255 56 254 255 255
    64 255 255 255 219 146 213 236 255 70 255 184 81 255 255 255 127 196
    255 255 255 44 255 255 95 255 70 48 169 255 240 255 255 95 105 196
    255 151 255 209 255 10 255 255 255 255 183 52 255 242 255 72 255 249
    255 255 222 85 255 255 255 255 255 255 255 32 213 255 154 255 255
    216 147 175 198 95 255 82 163 64 255 255 107 208 40 78 255 68 131 54
    255 255 22 255 255 255 232 197 84 89 24 210 255 250 168 255 153 255
    255 255 231 255 255 18 217 72 255 255 235 255 255 48 122 201 246 36
    255 255 255 255 151 255 255 255 164 252 68 255 0 255 255 22 56 255 0
    255 48 226 246 255 255 255 255 244 255 52 255 22 255 255 255 146 72
    14 6 255 255 110 75 145 210 185 255 255 255 193 255 10 255 220 6 255
    255 255 255 255 103 213 255 255 153 160 177 60 255 135 255 172 255
    159 42 255 145 255 141 81 255 171 255 255 255 255 255 255 255 255
    255 255 255 255 87 247 215 255 186 255 58 255 109 119 70 255 223 188
    255 255 138 179 0 118 255 147 208 255 95 78 255 131 255 255 236 255
    109 173 136 255 111 255 103 255 255 255 22 255 26 187 255 255 207 14
    255 255 78 255 255 255 48 153 255 131 255 24 81 255 70 255 149 255
    255 93 255 250 255 255 95 255 255 255 235 255 255 38 255 255 255 60
    117 255 68 64 255 146 115 255 255 255 149 192 255 129 16 213 255 227
    179 255 255 197 255 126 129 199 156 255 255 80 250 255 220 46 97 148
    254 255 255 16 207 251 123 149 22 193 255 255 64 105 190 255 255 70
    255 255 134 255 161 255 254 24 255 255 255 124 171 113 255 255 48
    138 255 255 216 153 187 255 255 147 255 197 165 255 255 26 162 255
    213 162 99 255 130 255 255 255 255 255 255 32 255 255 159 255 255
    255 255 255 255 255 255 64 107 48 183 131 255 56 93 110 255 255 255
    236 201 122 255 56 178 255 70 255 6 6 98 79 255 255 211 38 18 187
    255 255 6 165 255 252 255 255 119 255 255 255 217 218 26 255 255 0
    95 98 255 24 220 255 101 22 255 233 255 149 105 255 255 93 231 72 52
    18 26 255 58 255 255 225 255 56 255 255 255 42 89 254 255 159 255
    255 255 255 182 2 87 64 16 255 255 175 255 176 255 155 253 203 255
    118 255 255 255 119 255 255 255 22 255 255 255 255 255 93 255 255
    255 255 255 101 255 18 255 225 255 255 255 40 50 255 224 119 255 255
    193 255 240 255 142 255 211 255 255 185 255 105 255 56 255 169 104
    87 255 34 255 22 255 64 16 255 255 255 255 255 79 255 22 255 255 255
    58 225 255 89 255 139 171 255 111 255 255 163 255 146 255 255 124
    255 225 255 20 255 76 255 255 68 40 255 78 246 255 255 201 255 255
    135 201 255 252 255 182 255 255 255 255 113 204 209 255 255 58 255
    255 177 147 208 255 255 166 255 149 32 255 236 255 255 255 192 255
    199 92 238 195 34 255 255 172 255 169 235 255 255 200 255 193 241 16
    255 255 255 52 220 133 74 255 255 111 255 181 255 96 255 255 144 255
    255 255 255 255 255 255 177 255 255 105 32 119 133 10 131 255 255
    228 171 4 175 255 239 255 255 200 255 255 132 255 89 186 255 255 227
    238 255 50 169 255 216 255 255 255 255 255 255 215 38 255 195 197
    255 255 238 225 139 255 216 213 229 255 234 30 255 32 44 14 58 81
    255 255 255 255 255 42 255 255 68 255 151 121 20 246 255 255 255 255
    247 255 40 255 255 255 255 255 255 255 224 255 255 255 95 255 255
    255 96 255 255 255 255 227 255 16 119 78 255 0 160 111 183 178 255
    255 178 137 255 255 255 255 255 236 191 136 255 231 249 70 171 255
    60 38 22 117 193 255 255 78 251 255 255 255 255 246 162 157 255 255
    107 181 255 255 255 74 255 255 255 173 255 132 255 129 255 52 105
    178 169 28 255 255 255 255 72 255 255 222 203 255 103 175 255 177
    255 194 255 255 255 255 255 46 234 255 88 72 255 255 97 50 255 252
    255 251 255 255 245 255 131 255 255 255 202 255 4 255 255 255 64 137
    99 128 255 115 255 255 235 255 255 129 255 30 255 255 255 255 96 255
    255 255 255 255 255 255 255 12 2 171 255 141 255 255 151 255 255 60
    255 14 255 255 255 255 255 255 255 255 227 255 255 98 153 153 118
    255 255 38 255 147 255 255 255 255 93 252 255 255 255 166 255 99 255
    95 235 104 18 255 253 255 255 76 127 183 255 255 255 60 255 255 186
    255 255 192 255 255 4 255 254 60 163 255 255 255 255 96 133 28 54
    255 231 168 135 26 255 240 255 198 255 255 255 255 10 44 209 255 10
    48 255 140 255 24 255 255 255 154 240 255 168 181 255 26 109 99 255
    4 255 255 85 205 150 228 255 255 255 207 144 193 255 52 40 255 255
    255 78 255 255 250 170 255 113 255 255 255 144 255 44 148 209 255
    255 14 44 255 255 22 212 87 255 255 255 255 84 255 255 144 161 255
    138 121 255 237 255 24 255 255 68 255 255 141 255 250 255 255 213
    225 82 153 255 243 0 183 130 161 255 255 44 255 255 217 171 255 255
    255 164 255 38 255 255 157 14 255 255 0 255 6 30 60 103 206 177 255
    255 64 157 24 127 227 255 195 255 255 255 252 10 255 10 14 255 255
    255 255 193 255 103 135 164 8 255 214 185 255 255 255 255 110 255
    255 255 255 255 255 56 255 180 201 185 194 195 255 255 224 255 255
    87 78 132 91 255 128 255 215 168 255 255 40 2 255 2 121 137 255 255
    255 160 255 255 220 255 167 38 255 255 255 107 219 255 48 255 180
    255 10 88 255 56 255 159 255 50 56 255 255 129 255 255 135 221 255
    224 153 60 255 79 255 56 255 255 228 255 112 117 191 206 0 255 255
    255 38 255 95 6 84 187 123 8 48 66 255 255 89 20 255 255 28 240 78
    255 255 250 52 255 255 253 26 255 255 62 167 18 255 255 255 42 123
    253 157 169 255 255 255 74 254 255 255 143 255 106 255 255 255 36
    240 86 255 235 255 163 255 255 255 255 255 0 255 170 255 255 255 255
    255 142 255 185 249 255 133 255 255 255 255 255 201 108 255 255 112
    175 255 194 240 10 255 173 255 255 255 159 255 255 255 170 131 97
    106 255 255 82 143 255 255 255 255 255 232 79 233 255 203 241 2 14
    223 228 34 48 28 255 255 64 22 172 255 255 16 217 255 255 255 91 255
    255 255 255 255 255 255 10 255 112 255 255 255 255 255 36 246 12 60
    87 255 255 12 76 255 177 255 70 149 12 255 179 238 255 252 255 255
    255 255 255 12 255 66 189 255 255 18 255 176 255 167 255 127 255 255
    255 58 34 255 141 170 255 171 255 255 255 76 18 244 255 2 255 255
    255 255 255 255 255 255 255 26 255 230 111 255 244 0 255 255 255 255
    224 255 251 48 255 218 226 255 2 236 255 231 255 133 255 255 255 58
    246 255 170 77 223 255 255 179 68 83 197 255 255 255 144 197 205 118
    101 213 68 255 255 196 255 173 106 95 147 8 77 255 126 77 68 186 255
    255 255 18 255 255 255 255 54 255 255 255 255 255 72 255 255 255 151
    255 40 255 28 255 81 60 166 255 255 208 255 242 122 72 255 255 163
    219 255 255 255 36 255 248 247 255 255 255 255 48 132 255 255 255
    255 255 255 50 255 255 255 199 182 250 207 116 131 255 144 255 161
    227 255 255 178 255 255 255 255 255 255 193 255 255 195 255 255 20
    123 255 0 255 255 255 255 255 70 105 112 255 255 212 255 209 255 145
    255 255 255 255 255 44 255 255 87 255 148 58 181 38 147 255 255 255
    70 66 187 255 76 165 235 156 255 58 255 205 242 255 195 175 255 255
    255 120 255 235 255 161 255 255 70 235 255 34 42 144 157 155 255 244
    52 245 255 255 255 109 62 70 255 255 100 255 255 255 125 255 255 97
    32 4 217 103 214 230 225 4 20 235 255 255 48 255 255 127 255 255 255
    98 87 255 166 201 255 92 255 46 150 255 255 22 203 255 255 254 78 76
    75 255 251 16 255 255 255 145 22 58 74 22 193 183 26 255 167 227 255
    255 178 62 255 255 255 93 102 85 255 100 155 255 255 255 195 68 255
    229 84 255 254 239 228 181 168 93 46 255 163 255 84 91 255 255 255
    255 64 99 203 142 255 175 104 95 42 255 255 255 255 42 255 64 255
    255 20 255 255 255 101 255 128 159 149 255 255 50 255 255 255 176
    255 83 198 107 255 176 255 255 255 68 22 255 93 255 90 255 48 146
    123 165 180 224 255 255 255 68 255 255 246 176 159 255 108 209 163
    231 46 255 255 255 68 120 255 255 36 179 173 255 255 255 247 240 159
    255 40 157 255 255 255 255 147 255 255 119 167 98 255 30 243 255 119
    168 123 255 255 255 255 255 255 38 86 111 113 152 228 153 255 211
    217 12 38 215 74 255 201 78 85 255 255 255 255 255 255 255 255 255
    255 255 255 2 255 255 255 255 255 28 100 238 255 255 255 255 255 44
    255 255 255 133 168 255 139 16 255 36 255 66 255 231 64 255 241 58
    255 88 255 255 156 60 255 32 125 255 124 236 231 255 83 255 10 193
    121 255 255 255 255 30 255 128 254 255 255 8 147 255 83 255 255 255
    105 227 143 58 30 163 255 255 68 219 198 255 215 255 117 255 152 195
    161 255 255 66 144 255 255 247 131 70 194 175 38 94 201 48 255 255
    255 8 255 139 255 255 255 255 255 255 84 255 60 255 255 255 86 254
    244 216 255 60 255 255 127 255 255 255 220 20 255 82 255 18 36 255
    99 66 165 255 247 22 46 92 113 255 255 255 255 140 255 87 255 255
    193 212 141 255 0 255 255 243 255 255 132 255 255 255 40 255 54 255
    28 255 255 183 255 147 255 70 141 229 255 255 255 255 36 225 70 255
    121 158 79 221 245 255 255 32 127 171 32 0 255 200 255 255 168 179
    255 255 137 255 255 26 255 124 255 255 86 54 255 98 42 255 255 195
    255 255 255 191 255 255 255 116 75 229 255 255 255 255 255 255 255
    199 255 255 255 255 255 255 52 255 255 113 255 199 255 255 255 255
    14 250 44 255 255 255 72 157 207 134 230 255 255 255 255 164 255 255
    255 255 255 192 255 255 218 155 68 255 77 209 255 255 231 255 255 6
    255 131 213 72 171 255 255 255 255 255 255 255 62 66 103 86 255 185
    255 255 236 255 255 91 255 255 255 255 48 255 255 191 32 255 255 76
    255 107 255 172 187 54 220 64 255 102 255 0 255 255 78 12 236 123
    255 255 246 255 255 255 255 255 238 222 255 255 255 255 255 76 0 38
    255 255 255 241 255 255 255 255 255 255 179 129 255 255 255 126 64
    255 255 42 177 255 91 255 255 175 129 255 81 40 86 123 235 12 30 255
    206 255 223 255 129 181 255 255 255 44 169 231 255 255 44 255 255
    225 0 255 255 255 255 252 2 255 255 255 14 255 255 255 151 198 255
    85 104 171 255 6 255 50 241 250 93 56 255 255 255 211 32 255 131 42
    255 109 255 64 68 255 255 255 97 255 255 255 100 255 34 255 250 207
    255 44 40 255 101 255 118 255 171 172 255 244 229 255 199 70 28 255
    255 224 255 247 18 255 255 255 109 34 101 155 106 255 255 237 165
    255 255 254 229 233 121 255 122 155 255 255 255 255 70 79 16 255 205
    50 255 119 255 144 155 255 160 155 255 194 177 83 0 255 255 255 255
    4 225 255 16 255 255 155 255 240 255 142 220 255 136 255 255 172 255
    255 24 66 103 229 255 255 255 189 255 255 125 255 8 201 217 235 48
    255 88 22 255 255 255 255 255 179 255 255 255 240 118 72 255 255 151
    250 255 255 255 78 255 58 255 230 255 184 255 255 70 255 255 96 255
    255 241 165 255 255 255 255 88 147 211 255 203 255 255 255 221 170
    255 248 148 115 255 66 255 255 255 255 219 255 34 255 255 79 255 132
    38 133 255 255 255 255 255 255 255 255 255 255 255 255 132 240 211
    255 40 255 26 79 255 2 165 255 106 255 255 255 255 64 255 48 22 96
    255 119 82 255 58 255 255 250 255 255 255 233 255 129 255 171 255
    251 228 107 255 255 2 255 255 255 255 121 177 255 220 213 74 60 255
    200 255 229 255 255 255 255 255 159 255 255 255 72 255 255 196 255
    255 255 167 221 255 16 235 255 255 153 112 255 141 255 255 255 160
    220 235 255 185 143 98 143 137 90 255 139 237 255 109 0 18 119 255
    255 30 255 209 255 247 255 255 112 28 255 223 255 255 255 75 107 192
    255 255 255 48 70 255 255 255 255 255 159 255 255 255 255 255 221
    255 255 213 227 226 255 227 255 16 212 255 255 200 255 34 255 56 149
    255 224 93 223 255 255 166 255 255 194 157 137 64 255 255 255 2 169
    255 255 255 255 145 209 255 177 153 255 255 255 255 183 255 108 18
    238 255 127 231 255 255 255 255 255 113 229 167 26 208 91 231 255
    193 68 255 255 244 38 255 74 196 255 255 255 255 6 255 30 161 210
    246 255 255 24 255 255 255 197 227 155 255 48 141 255 255 222 83 255
    255 179 74 91 250 255 236 255 210 105 255 200 255 6 2 143 255 255
    211 238 255 161 28 255 255 255 92 255 95 255 255 153 255 255 250 255
    255 163 60 222 137 255 255 12 255 6 207 10 255 255 255 255 215 255
    255 12 255 109 58 255 255 255 255 255 255 255 85 255 120 255 97 241
    255 255 255 123 255 255 24 255 255 228 255 255 255 255 210 111 255
    223 255 255 255 255 255 255 255 255 255 66 255 202 255 255 255 255
    255 255 255 20 70 75 255 84 141 255 255 147 20 136 255 2 16 255 255
    14 255 255 255 255 255 16 255 254 255 209 255 166 255 159 255 255
    255 255 255 255 255 232 255 146 244 66 218 195 255 66 173 255 255
    177 193 136 117 81 255 255 255 140 255 255 255 211 79 126 255 255
    255 111 10 255 14 10 172 207 255 32 10 255 255 68 149 255 123 255
    255 175 215 255 255 255 255 26 255 255 255 229 178 255 255 170 135
    255 190 16 201 255 255 255 202 167 255 162 191 105 154 252 255 255
    255 115 235 133 255 22 255 175 255 255 215 255 137 255 255 255 32
    255 255 72 255 183 255 222 215 78 112 255 10 255 70 255 206 127 255
    212 255 169 255 222 133 72 255 255 255 66 246 255 93 255 255 255 255
    140 255 255 200 191 30 255 105 244 255 255 64 241 255 255 255 119
    255 216 255 255 255 255 255 98 0 255 255 255 255 80 255 231 255 141
    177 220 255 46 90 255 26 8 217 255 255 255 255 190 36 236 164 255
    255 255 255 113 255 230 255 255 255 255 255 34 255 255 255 141 255
    255 255 34 255 157 255 255 255 88 255 255 255 255 255 14 161 76 172
    255 255 164 197 255 130 187 89 255 255 167 168 250 163 56 151 235 40
    153 255 255 240 255 180 193 32 227 224 255 255 217 255 164 255 255
    46 207 255 255 58 255 255 81 255 204 255 133 220 255 255 26 255 255
    190 205 20 255 255 255 255 54 255 58 255 50 255 255 81 106 255 252
    255 44 20 176 255 22 229 93 255 255 255 255 138 255 56 255 8 255 255
    32 225 186 127 255 255 99 255 36 199 255 196 224 255 255 185 255 231
    255 255 140 255 127 255 255 255 136 255 8 255 115 255 150 255 163
    255 89 0 42 147 255 255 30 72 255 255 255 255 161 38 255 232 255 200
    4 238 162 255 255 152 255 187 255 199 181 148 255 255 255 255 255
    255 255 195 136 48 255 102 56 255 255 255 193 12 255 111 80 169 255
    200 139 255 255 203 255 40 18 189 86 215 95 164 255 72 38 167 255
    255 95 171 218 255 115 255 232 255 28 64 10 98 255 255 255 151 155
    188 109 133 255 255 201 255 255 20 255 147 255 255 181 44 255 145
    255 255 255 242 192 255 255 227 255 185 200 255 233 124 255 62 255
    255 255 112 238 111 255 89 255 255 28 255 210 173 255 136 255 10 12
    255 221 18 197 229 58 141 48 122 20 252 44 255 255 239 255 238 92
    109 255 104 255 255 255 18 255 134 64 255 255 254 255 255 68 250 227
    255 175 255 83 56 255 185 255 46 255 255 255 66 255 186 125 255 32
    217 252 255 85 217 64 185 255 160 255 248 231 255 255 124 255 244 4
    255 193 255 255 20 255 255 255 255 255 193 74 255 225 30 83 72 255
    255 255 152 12 255 76 255 40 255 255 199 106 255 68 255 255 246 130
    205 62 140 255 115 255 250 255 255 255 58 255 0 105 255 133 30 255
    179 255 255 89 255 14 255 8 255 95 255 227 255 255 255 58 255 255
    207 20 16 255 119 182 255 255 52 127 79 164 14 255 120 255 46 255
    255 125 64 255 255 245 255 255 255 255 93 136 85 159 255 177 255 255
    93 255 255 252 255 255 181 246 20 255 255 20 255 255 110 255 255 255
    20 242 44 255 255 198 255 255 144 77 255 255 255 255 142 0 255 255
    220 255 78 234 207 78 22 163 178 68 255 206 70 255 255 255 255 255
    255 107 156 255 255 255 255 233 204 62 81 168 173 255 40 91 233 255
    207 56 255 255 60 255 72 76 10 255 255 227 10 123 237 133 111 160
    255 125 168 255 255 227 187 255 222 255 255 126 255 157 255 255 255
    26 255 60 82 255 181 255 255 6 116 255 255 255 255 255 255 183 255
    255 135 181 154 255 255 136 255 0 160 255 215 255 255 255 255 167 66
    255 77 36 255 183 42 255 234 255 255 255 242 70 207 255 227 38 235
    255 255 173 18 255 255 255 133 252 223 255 255 255 4 255 227 189 34
    116 255 255 255 255 255 255 255 255 255 40 255 174 255 254 255 236
    56 255 147 255 249 255 255 255 8 255 255 72 173 12 109 177 227 95
    255 182 207 185 255 85 255 255 165 219 128 28 255 166 252 255 255
    255 236 255 127 32 255 181 255 255 255 193 38 228 255 255 255 255
    128 255 255 255 255 189 255 255 101 4 255 255 255 87 145 168 255 219
    241 10 255 255 255 255 255 255 255 255 255 197 255 255 255 160 203
    201 255 255 255 255 179 254 255 255 30 162 32 91 84 255 255 255 2
    255 52 255 62 255 28 191 194 255 189 34 255 255 68 252 255 255 255
    38 255 12 52 255 145 255 255 255 255 88 255 167 100 255 139 229 2 42
    255 255 181 140 255 255 38 255 175 218 255 255 255 215 255 46 163
    255 60 40 255 178 255 255 255 0 255 255 255 255 255 255 153 188 255
    255 255 255 255 255 255 255 255 255 255 190 255 129 150 255 255 78
    123 219 255 163 54 14 101 255 255 147 255 255 255 255 255 255 10 255
    255 255 140 143 244 255 255 255 255 255 105 54 255 255 82 137 255
    222 255 141 76 145 70 152 255 255 44 236 255 255 255 70 222 255 255
    255 255 139 229 255 173 162 255 181 255 255 254 255 165 163 255 255
    255 98 255 83 255 255 255 198 255 48 255 109 165 126 255 30 160 145
    255 255 255 255 255 135 246 255 255 151 255 201 255 255 255 20 28
    255 255 255 255 255 82 255 231 255 255 255 255 141 255 140 255 4 255
    18 93 255 66 199 44 111 255 90 197 255 255 203 211 255 232 255 227
    255 236 122 38 254 255 224 46 190 185 42 231 97 255 255 255 255 30
    10 97 206 255 255 66 141 197 255 70 38 249 255 173 245 127 255 255
    187 109 194 157 255 253 255 79 52 255 238 255 255 177 223 135 187
    255 254 185 255 207 255 166 255 95 255 145 255 168 143 255 255 255
    165 2 75 255 255 255 255 218 255 255 255 109 119 255 119 255 255 155
    236 255 20 255 176 255 34 255 255 46 62 95 255 206 95 255 255 255
    199 237 255 54 255 255 171 255 255 28 255 10 99 16 255 255 255 255
    236 134 255 255 255 38 255 255 255 149 20 255 207 255 255 105 255 2
    255 26 42 229 255 177 177 255 54 201 255 255 255 82 228 255 196 139
    255 255 187 52 16 255 99 255 177 255 196 255 255 235 255 125 178 255
    38 255 244 233 110 103 183 106 255 201 255 34 255 68 255 101 255 255
    255 255 83 233 255 30 255 58 255 145 255 4 255 255 163 255 202 8 76
    160 255 255 255 255 101 255 36 121 255 10 255 235 255 255 20 91 14
    255 255 255 255 230 115 6 183 255 255 151 139 239 195 78 138 255 255
    255 222 255 255 255 255 76 255 185 255 255 155 158 255 255 148 255
    255 94 238 213 255 255 219 255 255 97 186 145 135 255 255 169 255
    228 83 88 255 6 218 250 255 255 183 8 255 255 36 255 255 255 251 255
    189 255 117 70 52 175 161 6 193 54 216 175 219 255 255 255 122 28
    255 208 255 159 148 93 255 255 149 199 255 44 255 64 201 255 255 255
    48 32 2 153 2 255 255 255 255 62 255 255 255 255 255 255 116 179 255
    208 255 255 255 248 83 222 255 255 210 244 255 24 255 255 255 255
    255 255 193 255 255 224 201 46 255 255 130 255 255 255 255 179 30
    255 66 255 255 211 243 135 255 114 255 246 231 12 255 60 255 18 231
    255 255 255 255 255 255 117 255 255 175 201 194 60 56 184 60 255 255
    153 79 74 255 231 186 255 143 112 77 255 255 255 255 255 255 145 152
    133 255 255 38 255 255 255 255 255 228 40 255 255 254 255 255 255
    255 255 103 208 177 117 255 255 50 142 255 99 255 64 79 14 255 85
    142 181 236 255 54 229 255 255 255 255 255 185 255 42 255 255 95 149
    192 143 74 255 191 255 255 255 74 206 79 236 86 6 87 255 203 217 36
    153 16 255 165 255 130 255 16 255 255 255 62 255 255 170 255 215 88
    117 255 255 255 119 255 103 255 172 255 113 255 143 145 218 255 255
    237 255 129 255 197 66 255 24 236 227 2 255 94 255 0 255 255 115 255
    255 236 255 255 255 20 255 215 172 72 252 255 255 255 255 169 255
    255 255 255 255 56 219 255 255 255 46 255 34 255 255 255 144 255 183
    182 255 255 148 255 255 255 255 255 233 255 24 245 252 171 255 6 20
    150 83 255 255 255 255 231 255 255 80 255 255 128 255 255 108 234
    255 146 62 191 40 255 115 255 22 173 223 127 197 235 163 255 194 230
    255 186 222 255 227 213 255 255 255 255 241 255 255 255 159 255 156
    255 30 202 255 248 126 246 255 255 255 255 78 255 26 255 255 145 255
    89 244 229 255 255 255 255 28 126 139 255 255 255 255 255 24 255 255
    255 78 54 255 58 255 115 255 8 191 103 52 157 255 255 175 62 255 255
    93 255 255 231 116 255 255 255 255 255 8 60 30 255 222 157 58 155 62
    114 255 255 104 255 255 188 255 255 100 117 83 140 207 255 106 185
    255 180 95 26 255 123 252 28 255 255 28 10 139 255 157 255 186 48
    255 126 159 255 176 179 163 255 213 255 255 117 244 255 179 255 188
    123 223 44 255 187 239 255 238 255 205 93 192 30 113 148 255 255 255
    255 175 227 217 24 144 6 255 255 40 54 255 255 105 255 242 255 218
    255 255 255 255 255 255 255 255 255 4 255 255 255 255 255 107 8 255
    255 255 255 191 255 32 213 24 255 72 181 164 6 255 255 50 255 160
    255 223 255 213 133 182 115 0 255 250 255 255 255 255 124 255 95 42
    54 255 255 255 14 255 255 95 223 255 255 255 211 171 227 139 255 220
    81 255 255 83 205 150 89 143 114 255 255 225 48 255 64 255 255 116
    93 147 84 169 8 120 255 255 255 255 255 255 255 107 170 54 121 162
    254 255 255 40 255 255 255 64 112 14 255 158 105 255 255 255 38 255
    91 189 255 6 255 255 207 255 114 143 255 255 81 255 241 255 169 255
    20 255 6 222 50 255 255 255 100 255 255 255 255 119 110 197 255 255
    255 121 255 255 235 124 255 255 255 255 177 255 255 201 255 205 255
    255 211 119 84 255 255 255 255 255 255 209 147 255 255 244 255 143
    28 122 255 255 106 255 255 255 255 131 255 255 255 255 48 255 74 255
    255 86 255 143 20 20 255 255 238 129 255 255 255 42 255 199 255 2
    255 178 255 121 255 232 255 255 109 44 128 215 255 255 255 255 255
    81 209 231 255 255 237 255 255 138 255 255 128 255 16 255 255 95 0
    255 255 255 99 255 126 255 103 30 255 20 255 151 195 22 44 229 255
    149 255 22 255 91 255 70 225 142 255 64 255 46 255 255 250 201 247
    62 255 102 117 89 255 40 97 255 255 255 255 22 255 255 62 255 255
    255 255 253 255 153 255 155 171 160 255 147 255 255 255 255 181 191
    255 255 255 22 66 255 148 255 255 166 232 179 28 255 242 255 12 2 54
    255 111 255 255 233 255 255 157 255 255 255 36 10 255 255 255 255
    200 255 255 255 238 195 102 255 255 148 44 255 8 246 14 231 255 91
    255 137 255 255 215 255 50 40 255 255 255 4 245 255 255 158 52 235
    255 91 26 255 255 93 229 255 255 255 183 20 168 255 233 38 177 255
    46 255 54 255 107 255 106 255 175 255 201 179 255 255 24 255 255 255
    255 155 255 134 255 244 170 255 87 255 240 133 194 255 60 255 6 231
    210 255 255 255 255 34 255 8 255 255 255 153 152 12 173 255 177 229
    255 255 255 255 10 255 255 32 255 243 24 255 255 226 153 12 255 255
    255 255 255 255 255 70 255 0 34 255 181 64 255 255 255 255 115 91
    255 255 255 255 123 145 56 203 255 202 255 255 30 10 201 76 255 255
    255 147 255 255 255 240 255 183 125 255 255 255 255 91 201 255 77 99
    255 255 185 255 139 255 255 255 103 255 255 255 255 255 48 255 255
    187 255 255 157 255 255 255 54 255 169 188 255 255 32 255 255 126
    141 205 26 255 255 255 255 97 68 103 255 255 64 20 255 72 255 255
    255 72 255 123 121 233 255 135 255 255 255 255 109 255 162 255 68
    255 255 255 255 255 4 255 48 105 255 125 20 194 255 2 255 187 10 255
    255 255 146 199 255 112 91 119 255 255 255 245 255 255 102 255 255
    255 255 18 138 34 101 255 87 255 36 255 255 255 6 213 255 46 40 122
    165 255 204 131 255 50 255 233 100 255 255 255 8 78 255 255 223 74
    236 145 118 44 223 206 255 181 255 149 173 255 255 209 62 255 255
    255 127 81 10 255 147 36 255 255 62 255 70 255 255 255 38 75 131 255
    255 255 255 255 171 94 255 255 96 224 255 122 133 185 255 220 99 255
    255 231 255 173 217 50 255 255 100 175 12 255 83 255 255 60 255 255
    255 201 255 83 115 255 58 89 80 255 255 255 255 135 130 228 255 42
    151 255 255 236 38 255 30 72 255 185 255 52 44 255 10 70 225 255 121
    233 255 255 255 255 255 255 255 230 64 255 255 36 196 117 255 251
    255 255 94 255 12 138 255 109 255 175 255 170 125 183 206 173 255
    255 255 219 255 255 66 255 255 93 255 255 20 168 255 255 166 16 255
    62 255 137 255 66 236 255 115 242 110 255 255 202 143 209 255 179 32
    255 189 157 88 10 40 243 226 231 255 255 255 245 255 255 255 255 68
    255 255 255 255 255 255 255 177 235 255 255 255 50 255 255 202 189
    255 255 255 30 225 205 255 255 56 255 12 139 255 42 255 38 247 255
    255 112 111 217 118 230 255 255 113 255 255 255 40 255 255 235 255
    18 24 249 252 255 255 246 255 255 155 32 36 64 255 18 255 255 210
    255 66 108 12 255 94 255 255 255 255 255 255 14 255 20 255 209 237
    255 30 255 246 255 227 255 255 255 255 165 255 20 255 253 117 85 255
    255 255 124 255 255 94 255 255 204 255 255 255 250 91 180 255 255
    212 255 217 255 173 133 8 175 255 42 255 255 255 113 125 255 255 255
    222 255 255 255 255 255 146 145 255 255 255 26 255 255 74 96 255 87
    176 255 255 255 242 189 182 255 205 255 255 255 255 10 119 255 195
    255 216 87 205 247 40 78 24 255 185 4 75 135 255 255 119 255 87 246
    255 252 255 255 89 255 74 255 125 255 22 199 24 255 255 38 173 255
    231 255 30 255 255 255 152 255 255 255 255 127 184 89 81 255 32 127
    18 255 255 255 255 91 136 255 255 126 157 143 255 255 255 255 255
    255 255 40 255 237 255 255 106 159 48 162 191 255 255 255 255 255
    169 153 194 117 161 255 173 255 255 255 255 158 217 54 255 255 139
    255 255 255 255 147 255 255 0 255 60 255 163 255 255 32 255 70 143
    255 28 240 255 255 56 255 22 157 255 66 255 255 255 219 12 127 255
    239 6 255 126 255 255 255 255 129 255 137 255 6 16 255 255 255 255
    255 255 56 255 167 255 255 255 66 255 209 68 202 147 105 64 226 70
    255 255 24 150 195 238 200 167 242 150 64 255 188 54 173 231 255 193
    255 255 255 255 111 209 255 255 255 255 123 255 2 246 93 84 175 255
    255 255 255 196 255 255 82 255 244 251 255 255 255 8 8 255 127 255
    255 175 255 134 75 227 64 255 255 255 36 227 216 107 255 255 255 252
    255 97 255 255 255 255 198 255 255 110 255 255 255 255 46 255 95 255
    96 75 255 114 68 255 142 129 255 128 255 255 255 34 255 188 255 255
    194 255 203 255 255 119 255 255 255 237 181 93 255 79 113 120 64 255
    255 72 16 249 18 255 4 169 207 255 255 255 62 255 255 255 83 255 255
    255 34 255 255 240 255 255 203 255 16 255 245 38 62 255 255 255 255
    255 187 255 52 255 227 255 89 255 255 50 255 255 255 255 220 255 24
    217 255 255 255 255 255 215 85 38 93 30 102 255 145 98 255 255 192
    255 227 255 12 145 160 109 227 138 87 238 255 10 137 82 32 217 162
    255 181 255 161 38 255 255 255 52 14 105 255 246 221 255 16 219 48
    255 255 100 255 255 58 217 223 255 255 195 202 255 91 255 151 255 76
    119 255 202 232 255 255 255 255 255 255 215 158 255 113 218 24 255
    255 255 255 229 173 255 34 255 255 32 255 60 80 26 255 255 215 135
    249 117 255 38 255 255 96 103 38 255 255 30 44 115 255 38 157 246
    255 255 129 255 58 2 82 222 255 255 232 76 255 87 255 12 232 255 54
    83 83 255 255 255 102 255 8 40 255 68 255 255 2 118 255 189 255 255
    60 255 255 60 96 44 255 206 255 255 196 255 52 255 58 93 255 211 255
    255 255 255 54 255 255 202 226 231 255 255 209 255 255 189 255 255
    255 255 167 255 134 93 255 86 255 225 202 161 255 255 255 191 36 8
    255 255 54 159 44 255 229 255 255 255 176 93 167 24 97 211 66 133
    131 160 70 93 130 207 255 222 111 26 255 255 255 255 44 255 255 255
    255 255 255 255 255 255 252 253 255 155 255 255 255 255 141 233 255
    177 14 255 255 255 255 255 255 253 255 159 190 255 255 255 255 121
    192 255 255 152 255 213 255 113 255 255 252 163 255 115 255 255 255
    255 182 255 191 255 255 255 128 68 99 255 255 255 64 255 255 255 255
    169 223 255 50 255 255 255 186 255 10 255 255 255 255 255 54 255 255
    255 255 255 255 255 52 62 255 255 255 255 255 255 255 109 32 76 14
    255 196 18 64 126 255 255 28 255 255 255 131 255 235 255 213 255 255
    171 255 246 255 42 26 6 255 255 255 168 89 255 255 0 30 255 244 215
    158 255 254 60 36 40 12 255 255 72 4 52 54 75 255 184 26 207 192 52
    255 6 255 255 196 255 227 212 255 255 255 40 255 78 91 255 100 187
    255 255 255 76 255 255 255 158 236 189 255 255 255 255 255 22 220 56
    145 176 75 255 190 167 68 255 125 255 6 54 14 8 255 32 66 209 255
    154 255 133 255 255 169 48 255 89 255 255 255 98 255 255 68 68 255 4
    255 8 255 97 143 255 254 248 170 255 255 255 255 255 172 255 34 255
    255 236 255 255 255 255 133 195 255 255 81 255 255 255 255 115 205
    146 255 117 72 255 187 237 255 244 255 255 161 255 167 255 164 135
    70 255 255 252 255 99 255 251 89 52 227 255 255 255 234 255 82 155
    143 255 113 255 255 255 255 255 255 255 168 255 255 114 255 10 255
    255 255 255 199 255 255 255 246 180 255 255 255 255 32 124 195 255
    255 255 255 255 255 255 255 255 255 162 255 143 154 255 255 54 187
    227 255 228 255 255 255 217 255 255 64 255 255 255 241 255 255 255
    248 255 255 22 255 184 199 153 32 159 255 255 255 255 142 121 255
    255 255 149 255 232 185 255 255 161 255 6 165 56 54 255 204 255 157
    202 244 179 255 255 197 249 255 255 251 105 255 206 255 42 255 205
    242 110 255 149 255 135 255 255 62 255 255 103 255 152 255 255 38
    163 44 36 255 255 255 143 255 58 255 246 255 137 6 255 255 255 255
    255 231 34 135 255 194 255 14 255 75 255 196 255 255 255 6 139 255
    177 255 255 34 107 249 89 255 255 8 255 146 255 78 222 111 255 162
    30 78 134 111 255 40 255 255 227 0 255 68 171 255 76 255 255 130 149
    255 253 255 38 245 255 240 152 255 250 255 255 255 255 173 255 255
    211 255 12 151 255 237 85 74 30 137 165 255 133 255 154 255 101 110
    255 255 90 131 255 134 255 255 255 151 171 172 255 231 204 18 248
    255 255 255 255 105 255 166 255 255 241 177 255 32 255 255 255 255
    32 44 77 12 255 77 52 255 255 255 227 38 255 255 56 255 204 255 54
    255 255 24 198 87 85 112 255 255 106 255 119 255 255 0 227 255 161
    255 255 255 114 22 211 255 255 46 255 255 255 255 52 151 74 255 255
    255 195 60 8 201 255 104 234 255 255 62 255 255 255 163 222 10 255
    255 255 255 4 255 255 255 228 74 138 236 255 32 64 255 212 255 255
    255 255 255 255 255 255 56 255 255 86 255 255 184 255 48 132 226 227
    255 177 255 255 255 255 225 87 255 255 42 255 98 255 30 255 255 255
    255 127 255 188 173 255 168 18 255 255 137 159 54 255 223 255 215 4
    180 255 4 206 255 255 255 255 255 210 255 91 206 131 255 44 236 215
    255 255 201 255 255 54 82 169 145 255 255 255 255 255 38 255 255 231
    255 255 12 255 255 255 255 255 255 255 255 93 255 131 255 255 131
    236 198 161 181 60 113 255 255 255 141 255 101 181 255 199 215 255
    255 255 188 255 244 12 64 255 255 56 229 44 255 246 255 255 8 134 42
    143 255 177 191 6 255 255 255 255 255 40 255 255 112 255 18 178 255
    255 255 171 255 200 147 255 255 255 255 255 255 175 255 255 78 255
    255 255 255 255 161 255 187 255 255 173 255 255 255 159 80 255 163
    255 255 209 255 137 255 255 255 255 92 111 165 255 255 6 255 255 255
    255 255 255 255 77 255 60 255 255 170 125 255 210 236 4 68 44 255
    218 255 185 172 26 219 46 255 52 227 217 255 245 137 255 204 14 131
    255 26 255 132 75 201 114 255 255 241 121 255 108 255 119 255 81 255
    255 240 255 255 255 255 255 6 255 255 255 40 90 133 255 255 34 207
    22 215 203 255 16 255 10 20 255 255 255 175 255 26 135 94 255 83 74
    175 255 255 255 255 255 133 109 255 255 115 255 255 56 255 16 255 24
    89 145 140 255 255 255 20 62 255 2 6 255 232 16 255 255 255 255 255
    101 255 230 250 255 145 255 255 68 145 255 105 255 255 255 205 102
    248 18 255 255 0 255 255 255 255 255 227 255 255 115 180 163 199 255
    224 255 160 46 255 255 255 255 148 36 255 255 255 58 255 0 127 255
    255 227 255 255 74 255 8 255 126 40 24 134 228 89 66 255 255 255 255
    255 255 107 81 255 255 87 255 255 252 110 40 215 220 203 255 214 255
    255 98 255 213 168 238 255 255 215 233 176 171 255 255 255 255 255
    199 255 255 141 255 168 255 255 255 255 70 255 255 254 255 169 255
    255 255 255 255 255 255 255 0 255 84 255 255 255 255 255 255 255 255
    255 137 255 255 40 30 233 230 151 255 255 240 255 255 255 98 111 255
    255 255 255 255 153 193 255 255 157 255 255 255 98 255 255 200 54
    229 223 255 157 84 159 187 255 255 225 255 255 101 194 177 255 192
    255 121 178 103 255 86 217 24 255 255 32 255 255 223 255 255 255 70
    255 255 255 255 255 180 255 255 255 255 213 106 255 255 132 103 10
    120 117 255 156 255 215 255 58 85 255 230 255 247 255 255 255 248
    115 150 255 238 164 50 255 220 255 233 255 169 24 60 83 255 255 203
    255 142 255 155 116 46 255 0 255 255 214 32 255 243 255 255 92 255
    255 32 75 0 82 10 248 255 18 0 56 179 255 18 193 255 255 244 255 255
    147 255 255 72 211 152 163 36 255 167 135 255 250 255 255 255 255
    255 255 255 255 24 255 78 255 255 98 228 205 124 255 76 42 255 81
    180 252 255 255 255 255 255 129 255 104 40 255 255 255 255 86 255 38
    255 255 255 255 255 255 241 255 255 255 255 103 255 52 255 40 255
    123 255 68 250 12 163 255 255 189 255 255 255 213 255 163 167 118
    149 64 255 255 255 128 40 242 255 89 79 255 244 139 255 24 255 255
    255 195 172 255 235 30 217 255 58 255 255 255 83 64 192 189 238 255
    163 103 6 4 255 255 10 129 255 255 119 4 255 231 255 255 56 255 255
    255 255 255 255 255 70 255 255 91 250 72 255 4 255 255 211 223 159 4
    255 255 255 64 54 46 255 171 50 88 255 255 100 255 255 255 205 115
    255 255 24 66 91 209 186 255 155 255 228 255 182 24 145 255 255 255
    64 145 255 255 191 255 198 187 60 255 66 113 255 24 254 255 187 89
    216 207 255 38 255 255 255 255 255 255 197 149 140 255 52 255 255
    255 54 0 255 255 254 213 231 255 255 255 255 255 255 255 255 255 48
    255 255 135 155 255 4 255 158 255 40 255 255 177 70 255 255 255 255
    255 24 255 255 12 255 255 80 255 255 255 255 223 86 181 125 96 207
    101 108 255 255 80 66 74 255 2 255 255 255 255 255 79 119 255 255
    255 255 255 99 108 255 177 255 173 255 12 255 32 120 234 255 48 20
    255 194 255 255 12 103 169 192 255 255 62 255 163 255 255 213 148
    220 242 168 255 255 255 255 93 152 255 255 255 255 255 255 255 22
    255 254 189 255 255 255 255 12 135 255 97 64 50 155 181 196 211 255
    255 238 157 140 255 235 174 254 255 96 58 219 255 50 255 255 255 201
    28 255 255 78 115 125 186 232 255 170 255 250 114 203 14 255 79 255
    68 246 255 76 255 197 122 255 189 255 255 167 184 255 255 60 255 255
    48 255 255 172 157 99 216 215 255 255 40 157 255 255 255 12 255 255
    255 255 255 174 226 255 190 145 173 255 255 255 56 107 107 255 255
    255 255 44 255 255 255 255 24 255 175 186 42 197 26 238 255 48 255
    255 255 197 181 255 255 18 255 255 62 255 121 255 116 255 255 168 12
    255 255 203 255 255 255 255 134 255 255 237 255 255 38 255 255 104
    255 255 202 255 56 255 129 255 6 173 199 255 217 46 255 255 175 16
    115 255 142 236 117 255 42 250 255 137 22 255 32 254 146 197 255 255
    85 255 255 26 255 32 169 255 255 40 255 255 255 255 255 255 255 255
    255 255 255 113 255 84 157 109 12 95 255 218 254 255 255 77 60 255
    255 255 24 255 255 255 255 255 255 93 223 20 203 231 255 255 255 255
    151 236 174 255 255 138 30 117 255 255 255 102 255 125 144 77 255
    243 255 255 255 255 255 253 255 255 118 255 235 220 211 135 214 205
    255 255 255 231 255 255 255 172 255 255 255 255 40 80 42 255 255 42
    215 46 36 255 96 18 215 255 255 70 255 255 255 255 255 83 255 215 24
    255 255 115 255 16 113 227 255 255 56 255 0 255 255 83 94 54 255 156
    222 105 255 77 137 38 255 255 255 255 207 18 255 223 255 228 255 255
    255 207 255 255 221 255 119 255 88 255 255 255 255 255 118 26 255
    206 255 255 140 40 255 255 127 255 255 255 255 233 255 52 255 255
    240 46 70 22 92 189 255 255 248 111 255 255 255 255 153 60 233 211
    48 255 255 4 255 24 66 255 255 187 48 66 137 255 8 2 74 159 255 72
    14 145 255 255 255 148 197 44 116 255 255 18 255 255 160 255 121 255
    255 76 255 255 89 255 255 255 10 211 255 255 141 223 28 255 255 255
    133 255 154 181 159 255 255 42 255 255 255 255 255 255 148 95 255
    227 255 42 255 119 255 255 255 181 255 32 255 40 250 255 106 56 93
    202 255 255 72 255 131 42 135 255 255 254 255 255 137 203 255 255
    255 255 38 255 237 183 255 152 32 255 72 0 255 255 255 153 255 20
    181 156 199 32 255 255 255 255 175 139 255 255 139 255 151 147 255
    224 76 255 18 181 74 127 255 253 44 255 255 255 255 255 44 255 255
    201 255 253 85 255 255 255 255 255 255 60 10 255 20 154 40 255 255
    255 111 255 255 255 255 238 255 30 248 250 72 255 255 255 12 255 255
    236 211 20 255 255 255 255 255 245 38 255 50 255 255 255 56 255 255
    255 151 255 255 30 136 255 78 62 36 183 255 127 255 255 109 255 88
    255 16 168 255 107 255 167 255 198 50 159 108 255 117 255 54 4 150
    255 255 100 255 255 168 50 2 162 107 255 255 255 109 24 189 159 140
    255 255 255 255 0 255 255 38 255 255 255 255 255 155 255 234 83 255
    255 195 210 181 26 225 217 117 255 255 255 6 0 26 255 255 121 255 18
    255 255 70 255 255 255 197 76 255 99 255 255 149 255 12 255 255 36
    52 255 234 255 46 255 255 122 201 255 32 8 179 148 255 255 130 56
    165 255 255 255 34 105 4 4 199 255 255 255 255 255 199 255 255 127
    167 102 207 38 16 48 191 255 255 255 255 26 255 28 34 203 255 255
    199 255 252 177 255 255 135 255 228 255 132 255 12 170 255 211 255
    99 255 76 255 255 255 34 255 46 40 255 255 244 255 128 28 169 255
    255 255 148 255 203 255 36 244 255 165 255 12 101 187 255 207 177
    255 255 255 2 255 58 255 255 115 235 255 244 168 141 235 40 255 54
    202 255 165 255 181 255 60 255 255 241 36 66 255 255 179 192 10 255
    255 255 219 66 255 255 4 255 137 255 255 255 255 255 255 255 255 255
    40 215 233 255 255 235 255 131 255 255 255 255 156 255 255 255 255
    255 255 255 195 255 129 56 142 255 255 8 255 183 255 242 255 255 255
    254 255 255 175 241 193 255 229 255 68 144 199 18 255 222 255 168
    255 199 255 85 255 30 255 255 255 255 201 255 149 22 160 62 10 255
    255 255 255 255 236 249 4 255 255 255 79 58 255 131 255 255 101 90
    255 255 255 255 255 50 255 189 255 255 255 118 250 97 54 255 54 214
    255 255 80 255 255 255 189 255 255 255 18 76 220 197 14 93 8 255 230
    255 50 16 255 6 95 255 96 255 255 255 255 165 255 72 254 225 255 179
    4 255 255 186 159 242 237 255 97 102 109 6 46 255 255 52 38 255 255
    121 236 26 255 91 118 0 22 255 255 255 243 95 255 255 207 10 186 224
    255 6 52 85 239 254 255 255 255 111 255 255 255 255 46 255 255 147
    201 255 56 89 106 255 255 188 115 189 255 2 177 36 255 255 194 255
    127 72 255 255 140 255 187 180 255 255 255 238 255 255 255 255 225
    255 147 170 238 255 255 220 255 14 141 181 0 201 255 46 95 177 112
    191 255 255 224 40 64 255 255 255 255 221 192 66 255 255 255 240 255
    255 159 198 255 105 182 255 28 255 215 255 140 89 24 241 24 255 255
    255 93 255 24 255 255 38 207 255 255 255 255 255 255 255 255 255 38
    165 255 204 254 36 255 30 255 164 255 250 170 97 117 220 255 62 255
    255 115 152 255 255 222 224 111 146 255 213 255 226 30 66 77 255 237
    121 165 68 207 111 96 155 185 86 169 231 0 250 255 76 255 93 255 83
    242 255 255 255 255 145 255 32 255 255 32 255 199 170 255 255 235
    103 62 231 127 255 255 177 255 202 141 255 255 83 123 255 143 169
    134 215 32 255 22 255 156 255 255 255 255 141 255 171 255 255 217
    231 255 255 32 74 255 10 98 255 255 239 255 225 168 255 255 194 20
    223 36 255 161 255 36 137 255 255 58 255 72 34 237 83 185 212 147
    255 255 255 48 60 167 2 255 255 255 255 255 255 255 255 50 255 101
    167 255 133 255 255 105 255 255 103 255 68 0 255 150 161 255 94 255
    236 28 255 255 106 131 76 76 181 255 255 255 255 243 117 255 255 255
    133 70 255 255 198 68 26 255 255 255 255 48 10 255 255 70 255 179
    111 255 255 255 227 50 255 255 255 255 18 185 125 235 255 255 255 89
    255 40 255 255 204 255 255 206 83 255 255 255 255 255 255 255 255
    255 255 255 255 97 255 255 8 94 248 93 255 255 44 255 91 255 122 255
    255 88 165 26 255 255 233 118 244 36 184 246 127 38 91 191 200 255
    255 198 255 44 176 30 255 186 255 255 255 34 255 255 255 209 54 64
    255 255 255 91 220 255 255 255 255 115 255 193 255 233 255 255 255
    38 143 255 255 246 255 255 161 102 99 101 134 255 255 255 125 255
    192 181 159 255 215 30 255 255 149 255 199 255 62 255 246 64 163 255
    231 68 4 255 255 255 255 255 58 255 255 255 239 255 255 255 254 161
    241 6 70 176 255 255 255 187 255 180 101 129 255 95 255 174 62 255
    108 255 72 96 255 255 255 4 2 255 255 203 206 255 255 102 244 255
    255 255 255 249 255 244 255 46 255 128 255 255 126 255 161 255 185
    89 190 255 255 255 187 255 255 16 99 122 195 255 98 255 199 255 255
    10 255 255 195 255 255 255 255 215 255 255 177 255 255 255 219 94
    255 121 255 93 255 255 255 255 255 213 165 192 147 64 30 62 93 78
    232 46 255 24 171 255 255 83 255 56 255 160 255 255 4 147 167 255
    255 255 255 255 255 255 255 191 102 255 175 255 255 159 68 187 34
    160 255 163 124 2 255 231 70 255 255 255 255 146 240 185 255 255 81
    22 255 255 22 255 255 156 255 255 255 255 255 14 255 227 86 255 109
    255 255 255 255 121 255 255 147 255 255 203 171 2 75 255 255 255 255
    255 255 255 255 255 255 8 123 18 255 255 255 118 255 255 255 255 32
    158 255 255 255 111 163 118 66 223 255 255 255 243 149 131 194 70
    123 255 255 233 134 255 255 214 255 255 4 141 131 38 93 255 222 103
    193 255 255 252 255 255 151 255 255 151 255 255 70 118 255 255 227
    255 26 255 255 255 2 255 240 168 131 54 255 169 255 255 255 28 255
    28 255 255 66 255 255 255 255 255 255 255 84 255 193 190 255 135 225
    255 22 255 255 85 172 255 255 255 4 4 150 129 147 44 50 255 86 36 79
    255 255 255 255 0 255 255 255 255 255 193 205 255 50 36 72 255 99 48
    149 72 255 255 255 56 236 255 255 175 255 255 255 91 255 255 12 255
    222 255 94 230 177 255 255 40 255 77 255 255 255 36 255 255 149 200
    255 255 247 255 141 255 70 12 255 255 74 255 255 157 255 62 255 255
    189 255 255 181 255 8 255 2 255 255 255 132 91 115 40 135 255 255
    255 255 90 113 255 38 66 10 255 26 111 255 255 38 255 255 255 255
    255 197 106 255 173 255 255 60 194 250 255 255 255 34 255 255 255
    255 255 127 255 255 219 178 121 255 44 137 255 255 255 193 255 79
    255 255 255 255 255 40 233 202 40 229 255 30 255 255 167 60 64 111
    147 255 70 97 255 255 155 44 255 255 255 255 145 255 255 255 255 87
    111 164 255 255 255 255 255 255 0 255 255 255 255 162 242 255 162
    255 135 255 2 255 255 58 173 68 255 121 216 89 255 60 153 255 255 10
    127 255 163 171 255 255 255 60 93 255 180 255 121 255 85 235 255 119
    255 138 255 171 255 143 255 202 40 255 32 103 255 136 255 56 255 255
    165 255 255 219 255 255 255 192 79 139 255 159 255 255 255 255 88
    255 255 112 255 255 255 255 255 255 248 255 249 135 157 50 255 255
    64 133 255 214 255 50 92 139 143 140 159 255 40 195 40 255 255 22 40
    149 255 255 255 137 216 255 187 255 255 255 255 255 255 72 12 38 251
    255 255 98 107 255 60 248 255 148 211 0 100 255 255 134 255 255 255
    255 149 84 56 255 255 255 79 174 87 93 255 181 255 223 255 255 255
    255 255 118 187 115 108 255 76 255 255 255 255 56 12 56 255 255 255
    149 255 255 44 20 255 201 231 255 60 255 255 40 205 30 173 255 255
    147 255 255 60 255 245 89 42 142 255 255 198 255 248 255 66 177 255
    32 255 255 255 255 255 255 255 255 185 255 255 234 205 255 255 255
    110 255 255 255 105 255 194 222 213 168 255 255 255 255 255 255 133
    161 255 255 221 8 255 255 114 111 255 255 248 2 152 159 255 255 255
    255 222 40 255 255 252 199 66 255 255 255 0 16 255 222 255 255 64
    255 110 255 95 124 255 123 255 255 236 102 175 235 255 189 255 255
    255 255 255 224 105 255 6 255 255 255 255 255 255 255 255 169 40 184
    68 161 255 255 255 255 127 255 255 97 56 255 230 185 255 79 155 255
    255 169 255 165 255 255 255 255 255 255 99 68 255 236 255 255 255 48
    255 10 255 242 255 255 129 236 142 8 255 80 255 255 108 255 255 255
    135 255 38 255 227 255 255 109 28 24 255 255 255 229 34 228 255 255
    255 38 216 175 213 229 28 99 255 119 155 255 255 2 88 52 76 102 255
    236 64 255 64 202 255 255 100 255 255 34 105 255 255 240 101 255 255
    255 245 207 255 68 255 191 255 139 255 255 127 255 110 255 255 126
    255 255 26 255 255 253 255 255 50 255 229 255 255 14 255 255 255 66
    255 255 239 255 255 255 201 255 255 255 255 206 240 255 255 255 255
    255 12 255 255 250 255 214 255 255 255 36 255 18 255 255 255 145 255
    164 255 255 249 232 255 154 255 36 255 68 255 255 141 255 6 4 255
    170 255 255 150 145 255 255 255 113 255 255 255 138 255 255 178 255
    255 168 255 255 68 123 83 72 255 42 255 255 255 255 255 255 255 255
    10 255 255 255 255 113 255 212 255 4 98 255 255 255 83 255 182 195
    255 182 255 255 92 163 255 255 28 191 255 255 6 92 199 91 146 228
    255 255 255 111 168 255 111 86 28 66 255 255 2 168 195 76 229 255
    255 255 255 255 255 119 255 255 60 255 98 255 255 255 255 111 60 255
    255 80 255 255 255 93 187 82 255 255 255 220 125 168 242 173 112 255
    40 66 131 123 239 255 163 255 255 255 255 255 147 253 141 255 255
    255 185 18 185 85 190 24 255 255 107 60 168 255 155 200 255 255 255
    58 255 30 139 149 100 255 255 60 72 139 255 215 255 206 255 185 255
    113 34 255 44 125 255 187 173 176 255 87 255 62 255 255 217 123 255
    255 255 233 255 129 255 255 255 162 83 255 156 236 242 255 255 179
    255 255 121 48 127 255 255 255 255 50 68 74 255 255 181 140 255 255
    237 255 125 255 255 87 255 2 255 255 252 85 255 255 255 255 203 97
    210 255 255 255 175 255 255 255 137 184 255 255 255 255 240 255 255
    255 98 66 109 196 255 255 255 173 255 255 255 165 255 32 16 255 255
    255 58 255 125 255 193 255 210 52 255 255 255 255 255 255 255 227
    255 255 255 226 255 140 66 141 255 255 76 255 6 40 52 68 242 255 238
    255 255 87 255 42 133 255 255 255 255 255 255 155 156 244 121 255
    175 255 255 255 191 156 255 121 255 91 169 255 255 209 132 105 255
    255 91 185 255 99 209 54 121 205 255 177 16 255 255 255 255 93 225
    255 255 255 255 255 165 178 4 97 255 62 255 56 252 255 255 165 242
    62 255 255 196 255 255 255 255 255 186 52 255 172 16 255 255 244 255
    255 83 56 255 238 95 78 255 64 158 255 255 10 137 229 54 234 255 6
    255 209 255 191 111 94 36 189 126 220 191 255 236 255 255 177 255
    255 255 255 92 255 255 255 22 255 245 255 167 255 46 255 255 191 151
    255 255 115 210 255 255 152 255 255 255 155 66 172 255 255 182 48 95
    255 81 123 108 139 50 255 255 149 162 58 255 168 203 255 255 255 0
    255 240 34 72 0 252 253 250 205 255 34 255 255 159 185 8 255 255 255
    255 195 255 16 117 255 28 22 130 255 0 255 203 255 36 255 81 255 255
    175 126 240 78 255 32 255 140 255 121 52 183 255 255 255 255 76 107
    255 255 255 255 30 60 255 255 255 36 255 255 255 225 50 229 136 153
    14 255 255 215 64 220 255 184 24 255 198 40 121 46 24 255 54 77 123
    255 255 255 255 255 236 108 255 36 251 255 255 52 255 20 255 255 255
    4 44 255 255 157 66 202 255 2 190 26 203 255 255 207 34 255 255 120
    255 255 154 255 255 152 255 109 192 255 255 255 115 255 22 254 255
    255 255 187 66 255 255 255 56 255 239 42 255 82 232 207 182 255 125
    202 255 255 239 255 171 255 255 97 118 226 250 255 205 255 130 255
    231 112 97 255 138 207 255 26 255 255 140 255 48 114 255 255 60 255
    255 255 255 197 255 197 255 54 255 83 255 255 227 255 211 0 200 42
    161 255 50 56 229 60 255 154 191 255 255 255 255 152 68 187 255 187
    72 255 121 255 255 255 255 44 255 255 214 129 22 72 131 99 255 255
    255 255 255 155 255 111 233 180 255 177 18 255 4 255 222 193 255 255
    97 86 157 26 251 70 255 186 77 68 255 255 255 98 111 255 225 236 255
    255 255 255 208 141 255 136 169 167 255 8 22 255 255 197 255 226 227
    82 161 48 8 255 231 6 228 255 76 0 223 255 62 26 2 255 89 255 255
    255 68 22 74 172 255 60 255 0 255 108 217 242 84 135 83 24 255 4 255
    255 111 255 171 97 255 75 255 255 171 187 76 169 255 255 255 153 255
    255 255 20 129 117 54 255 97 74 85 179 255 255 81 255 185 255 174
    255 70 138 12 223 255 44 255 112 255 215 255 54 14 136 129 151 154
    255 255 233 115 50 255 255 255 58 255 233 88 255 85 146 255 255 255
    189 231 2 14 255 253 163 113 218 255 255 255 32 223 235 255 165 96
    213 255 255 228 255 255 255 255 255 255 255 255 248 255 255 4 255
    255 255 255 26 197 255 255 255 255 94 125 255 255 255 93 112 56 215
    255 255 231 229 255 8 208 255 121 106 255 38 202 255 255 255 193 255
    120 255 255 255 255 255 178 79 255 255 255 255 255 64 48 255 226 255
    210 209 255 255 255 255 255 255 123 255 255 255 56 141 26 154 60 185
    255 169 85 90 255 36 164 220 213 255 10 255 255 89 255 255 44 177 72
    248 255 255 244 255 255 111 255 112 8 203 70 255 68 255 38 255 255
    70 254 255 153 255 255 236 255 243 255 255 22 255 255 24 255 62 255
    85 26 26 79 34 255 255 149 255 240 42 235 255 255 30 255 255 108 131
    255 76 159 121 110 255 255 76 255 40 144 99 255 255 153 197 90 255
    113 126 141 255 196 255 255 212 255 127 255 255 147 255 255 255 255
    22 255 255 248 255 30 255 255 210 189 60 214 255 135 255 255 115 184
    255 255 74 255 255 42 255 46 255 255 255 255 157 255 142 226 107 10
    105 255 24 234 109 255 171 255 255 44 255 130 255 221 255 255 205
    156 232 255 255 255 183 255 238 255 64 255 117 255 255 255 255 255
    255 208 255 48 255 99 255 182 131 255 255 64 193 70 89 255 132 2 131
    255 255 173 255 46 187 255 133 52 62 255 255 255 250 255 255 255 135
    60 255 66 72 255 223 255 255 255 255 255 87 42 255 255 255 177 255
    118 60 255 255 255 255 56 255 62 212 169 255 255 62 225 124 22 255
    255 255 105 132 255 155 255 255 255 134 139 211 255 199 255 188 255
    255 178 255 255 16 255 255 222 255 255 255 95 255 255 255 219 255 20
    20 253 56 187 214 187 36 255 255 255 222 255 255 255 255 209 64 255
    255 255 175 255 218 240 201 104 255 87 255 255 255 20 250 8 255 165
    207 229 197 143 255 228 81 186 255 255 146 255 255 200 255 105 100
    153 255 90 255 255 42 58 255 223 255 255 132 44 255 50 255 12 255
    255 252 255 255 151 255 255 255 154 151 231 255 255 255 255 211 215
    222 91 255 82 255 10 216 255 255 255 255 255 76 16 255 202 40 255
    108 52 255 255 255 255 255 255 121 64 255 255 16 255 42 100 89 255
    104 255 58 255 85 147 255 220 255 90 244 255 192 255 50 72 72 255
    255 255 255 255 107 255 255 255 255 190 48 255 98 255 74 255 149 255
    196 201 141 6 255 255 255 97 255 255 255 255 255 46 70 80 255 255 8
    107 242 255 255 34 114 145 255 178 228 255 255 133 255 243 14 255
    255 255 131 255 131 54 255 255 205 84 255 255 255 139 240 253 255
    255 132 255 255 255 22 4 255 16 255 255 151 8 14 133 255 102 151 255
    255 255 240 255 169 255 0 46 81 255 129 255 142 242 157 255 26 255
    94 240 177 148 97 155 255 36 60 255 255 117 64 68 255 255 238 255
    104 255 255 255 255 255 255 255 135 255 255 169 255 30 255 255 36
    119 255 40 26 255 6 255 38 36 54 114 30 255 154 66 255 255 193 193
    255 255 255 255 255 255 245 255 255 58 81 195 214 255 255 255 255
    255 247 105 255 102 48 246 176 66 255 255 255 255 255 255 252 255
    255 255 241 220 255 255 255 183 38 255 181 174 255 22 243 255 240
    255 255 255 255 28 127 255 183 83 198 255 255 204 255 179 80 167 163
    10 165 123 198 255 40 110 163 103 156 131 54 255 255 175 126 12 255
    158 255 231 235 56 8 255 255 38 255 255 255 72 54 213 98 85 255 255
    255 209 96 255 255 255 255 42 30 255 255 255 255 255 255 147 219 239
    14 255 255 246 255 168 255 242 220 72 62 255 85 255 255 201 255 255
    255 240 255 16 255 134 255 95 255 255 62 235 255 52 26 14 109 255
    255 81 86 85 255 255 255 255 255 255 131 255 244 97 172 2 255 255
    255 255 255 199 38 255 141 121 255 255 255 255 255 255 255 99 255
    255 64 0 20 255 255 196 28 255 245 255 255 255 255 255 255 87 255 30
    195 50 255 123 248 104 0 255 210 87 255 255 255 213 148 50 255 255
    255 18 255 255 255 255 95 244 255 226 255 255 255 255 16 165 255 126
    157 255 68 238 255 20 255 255 68 224 91 176 255 213 255 105 255 255
    60 107 231 44 255 255 255 79 90 125 255 156 36 68 255 255 255 28 255
    66 239 255 255 255 207 2 255 255 89 255 101 70 255 58 99 60 255 255
    128 255 191 196 255 91 255 255 255 34 28 252 255 255 255 46 255 255
    196 201 179 255 255 28 255 91 255 255 255 109 255 255 255 178 255
    171 255 255 24 255 255 255 124 109 153 255 255 255 78 255 93 255 105
    255 26 6 177 255 173 255 255 255 255 255 255 219 255 171 201 255 2
    255 162 255 72 154 117 255 255 255 255 178 255 255 243 255 167 122
    28 255 255 255 225 255 58 255 194 255 248 214 48 255 150 155 211 255
    191 255 255 255 78 255 181 93 255 255 255 96 255 159 132 255 255 150
    127 255 255 24 255 255 255 255 255 232 255 20 123 60 255 14 219 104
    230 255 126 147 58 255 62 255 239 240 255 243 103 165 255 255 111
    202 255 97 16 10 255 28 60 255 255 255 255 255 255 145 66 28 255 90
    255 255 251 255 255 255 133 72 255 52 238 255 255 215 255 175 255
    255 18 255 255 255 99 70 255 255 255 236 105 214 30 255 255 255 149
    255 255 87 136 255 255 255 123 252 118 70 255 255 255 255 255 255
    131 255 255 74 255 139 255 255 161 255 70 255 255 255 255 91 120 109
    255 255 28 223 44 255 52 255 105 40 66 252 32 48 113 255 255 79 255
    176 165 139 255 255 255 204 255 255 255 255 255 255 255 137 245 255
    145 255 169 85 128 255 181 255 0 72 40 18 255 223 255 255 255 255
    255 255 255 187 255 255 255 24 255 255 186 26 255 150 255 255 62 255
    255 255 217 28 255 139 255 255 62 254 180 255 20 255 4 201 146 255
    199 255 255 255 44 38 117 214 255 252 255 255 255 255 226 211 98 255
    255 8 85 8 152 255 32 78 165 177 255 255 255 255 255 255 136 107 155
    255 171 255 255 255 254 128 255 255 255 44 255 255 83 189 249 255
    103 168 250 255 194 255 255 6 149 242 150 205 255 206 153 255 255
    107 255 174 255 101 180 255 255 255 255 97 255 255 255 255 68 207
    255 220 255 98 117 255 34 255 255 247 197 255 255 32 99 255 34 255
    154 44 255 255 24 8 255 163 255 52 255 255 255 255 255 32 255 107
    216 185 255 255 255 255 255 255 255 255 255 255 255 255 129 255 255
    255 96 255 187 255 203 255 243 133 58 255 167 229 118 255 87 255 255
    125 255 255 255 194 255 255 255 255 255 255 255 255 255 255 173 255
    217 255 255 123 255 255 173 255 180 255 255 255 255 107 140 255 255
    188 255 255 108 232 255 66 255 255 255 255 213 92 255 255 132 255 89
    255 149 255 138 103 255 255 24 255 255 255 255 192 66 255 102 255
    115 206 169 255 14 255 255 255 79 70 184 255 157 255 18 255 255 226
    255 16 8 255 26 44 52 84 255 133 255 255 211 22 32 255 255 2 225 255
    232 255 255 234 46 247 220 201 235 246 187 255 2 255 225 4 255 255
    238 255 255 255 28 255 127 161 255 255 255 241 255 255 255 255 238
    255 255 58 255 75 255 255 248 255 148 81 219 182 255 255 118 163 70
    148 99 255 130 207 255 172 255 246 255 255 255 255 254 255 255 255
    255 255 137 246 6 161 255 182 195 255 255 255 223 18 93 255 253 255
    91 255 255 105 216 242 93 10 79 255 255 10 255 126 85 255 255 255
    255 223 255 133 208 167 211 6 255 255 255 255 255 172 255 255 255 85
    145 255 62 255 154 255 250 255 187 255 255 181 105 255 255 217 188
    189 255 188 255 44 118 255 255 96 255 255 255 14 171 206 255 111 96
    199 219 116 113 16 255 48 24 196 255 255 46 255 40 255 56 255 92 66
    171 0 228 161 255 255 255 204 157 141 255 254 255 255 255 255 255
    145 255 4 255 255 196 72 155 4 97 255 38 255 123 255 255 42 14 255
    105 114 169 28 229 255 255 124 95 255 255 255 255 231 255 255 172
    255 255 255 24 169 38 155 89 255 255 255 255 255 255 255 119 255 206
    255 87 255 99 36 158 111 240 255 255 255 106 255 255 255 255 255 76
    255 255 255 109 255 255 255 255 255 255 155 239 26 255 251 240 8 255
    42 255 255 77 131 114 255 255 130 149 4 96 255 201 255 255 255 18
    248 255 255 255 42 4 207 235 72 240 89 255 255 255 255 255 58 255
    255 48 255 12 255 16 255 255 255 18 70 255 255 40 36 179 255 255 220
    64 216 220 42 255 255 181 90 18 117 255 255 205 255 255 48 94 159
    255 144 26 255 255 153 255 255 0 255 255 255 255 255 255 107 56 255
    117 255 195 157 100 4 169 138 255 255 229 255 191 138 255 36 255 255
    14 255 34 255 255 255 255 112 255 255 200 232 255 84 111 119 64 255
    255 18 255 236 247 215 255 166 173 255 255 20 26 239 255 191 255 222
    255 255 255 149 255 255 255 58 58 89 190 255 16 98 147 181 78 56 255
    198 181 255 243 64 255 36 255 255 210 255 255 255 255 22 255 101 233
    255 8 255 233 133 255 255 101 255 255 255 255 255 255 255 166 101
    255 204 173 193 255 255 48 255 255 8 150 173 42 134 93 255 48 255
    255 255 255 121 255 129 159 112 255 255 4 83 26 255 105 76 255 185
    255 46 255 93 249 240 36 255 226 36 255 161 255 54 255 227 255 255
    66 120 255 244 18 117 229 255 255 255 2 8 2 243 68 255 255 255 255
    255 255 30 255 32 255 247 255 89 255 255 255 130 99 255 32 121 255
    172 255 255 255 255 187 172 123 255 2 255 255 218 79 74 255 93 60
    231 255 255 122 143 255 214 255 255 255 103 203 255 255 255 255 255
    26 255 159 221 58 8 58 255 255 167 255 255 255 218 255 254 255 255
    255 94 255 255 255 255 255 255 175 111 106 255 255 86 179 255 255
    255 255 247 255 79 58 252 229 214 254 14 255 255 58 255 255 255 255
    72 147 255 24 48 243 255 129 255 255 87 255 255 255 190 255 78 255
    255 101 255 255 255 196 255 255 140 255 207 255 255 255 124 222 238
    255 255 187 255 255 175 255 255 255 255 255 26 176 255 255 12 75 24
    255 135 255 233 119 44 255 56 255 255 211 255 184 255 175 255 255 8
    255 232 255 255 95 12 255 77 22 255 255 255 142 255 99 243 255 255
    255 255 30 176 255 255 255 113 28 255 255 255 255 255 131 255 159 85
    255 209 255 255 153 255 212 255 255 94 220 117 255 224 175 223 255
    255 255 255 255 84 255 255 233 255 6 255 255 42 220 255 255 255 255
    255 122 189 203 110 228 111 196 255 169 255 99 255 192 195 255 180
    255 197 255 157 87 255 255 255 136 34 255 120 135 125 255 255 255
    255 20 107 255 255 76 255 255 155 130 255 255 255 255 161 255 255 99
    247 89 205 48 48 22 104 60 255 255 255 191 255 217 255 255 255 20
    237 183 255 255 155 255 255 255 246 120 255 159 255 255 227 255 169
    139 255 183 246 255 255 149 200 60 255 2 255 255 255 255 255 90 173
    255 255 255 255 94 211 255 255 32 255 255 50 187 156 18 207 80 255
    255 54 10 255 98 232 255 255 255 193 255 255 191 255 255 207 255 117
    255 255 255 255 255 234 255 255 97 255 168 0 255 255 77 10 255 40
    255 255 2 255 148 252 20 22 107 123 255 255 151 255 217 255 212 87
    125 255 215 255 255 255 79 255 255 213 255 240 255 255 22 187 255
    255 255 239 191 58 245 255 252 255 255 187 136 255 58 64 197 20 255
    255 255 98 103 255 255 255 255 255 255 20 255 255 147 255 255 32 172
    250 66 255 255 54 255 255 255 0 117 255 92 255 42 218 255 255 154
    205 167 134 255 229 150 255 56 56 139 255 110 36 74 245 255 255 255
    255 117 255 255 255 255 129 255 220 255 255 255 255 62 88 255 255
    247 255 103 255 255 133 102 60 255 28 255 8 255 230 255 223 30 103
    255 32 255 255 255 74 158 255 223 255 255 137 255 240 159 255 62 255
    255 255 229 166 246 99 172 183 191 245 255 255 255 30 255 154 99 255
    255 83 255 214 4 255 208 103 255 255 240 255 16 255 58 255 255 255
    245 213 78 24 85 155 255 255 99 249 97 181 210 4 87 116 255 127 255
    255 255 255 119 255 255 75 255 255 255 255 255 207 238 0 255 255 162
    105 179 255 255 255 231 171 191 255 255 199 255 226 119 229 255 255
    90 236 56 255 46 255 160 147 255 255 191 255 255 163 135 255 255 255
    82 26 4 255 28 246 251 255 109 160 255 238 255 255 183 108 93 81 202
    83 62 255 255 255 6 255 255 231 213 240 255 255 217 220 255 199 255
    255 255 28 255 255 255 255 255 255 255 255 36 30 255 168 255 255 255
    26 255 255 255 255 255 255 133 255 238 244 255 50 121 56 234 255 255
    255 255 130 111 12 12 255 125 216 255 255 255 54 201 255 72 155 255
    203 227 255 255 103 32 255 255 70 255 157 255 255 169 172 187 85 255
    22 60 255 255 16 44 91 64 188 183 50 255 255 255 255 255 255 204 255
    255 106 183 255 255 111 191 255 255 255 255 255 255 255 255 255 14
    255 62 178 255 255 255 255 18 255 234 255 251 32 255 255 255 255 162
    244 255 102 10 157 88 6 193 255 255 255 239 141 255 186 252 231 140
    54 119 158 248 217 42 157 255 255 143 255 132 255 85 243 109 255 255
    155 137 44 32 64 255 191 255 46 255 255 255 217 255 106 133 255 172
    255 155 255 135 58 76 93 255 56 255 255 225 244 38 255 255 38 255 99
    99 251 147 255 82 121 203 255 255 131 255 169 179 255 255 44 118 230
    255 255 255 255 204 177 187 216 103 255 255 97 255 42 83 221 42 238
    255 255 14 30 222 255 68 255 109 255 138 10 238 255 255 193 255 255
    109 247 68 255 255 255 255 168 12 255 212 255 255 255 255 255 114 34
    248 194 255 255 134 252 4 255 255 255 128 203 255 255 255 205 214
    125 244 255 68 22 255 201 255 202 255 255 124 255 255 255 255 255
    255 255 255 255 255 255 138 139 24 48 18 255 104 169 255 255 255 60
    255 255 195 190 255 38 255 255 87 255 222 255 255 18 229 241 255 255
    120 255 215 255 163 255 255 133 255 14 255 8 110 93 195 184 6 66 255
    127 255 222 255 255 124 250 255 86 255 173 255 215 179 30 255 255
    190 26 255 74 255 255 255 193 74 223 14 255 255 255 255 255 255 255
    68 255 255 255 255 255 255 0 255 110 252 181 255 175 255 166 255 255
    106 255 255 255 147 48 255 159 129 142 68 255 255 109 149 190 177
    255 198 255 255 108 173 255 255 255 197 202 28 36 142 60 255 255 255
    28 255 255 255 22 224 89 20 240 255 255 255 173 168 255 255 255 255
    107 255 255 255 40 255 255 255 255 255 255 163 255 255 255 107 54
    255 255 255 255 66 255 175 255 255 99 255 255 255 183 144 255 255
    116 66 255 255 109 255 204 255 103 235 255 97 108 255 171 255 255
    255 255 255 255 12 255 125 255 255 125 116 24 149 255 161 34 255 226
    240 255 127 255 255 181 255 255 199 255 46 255 255 255 255 255 102
    255 255 142 99 255 255 254 177 192 255 255 218 255 127 212 255 10
    255 209 74 255 2 255 132 255 46 229 228 255 140 220 255 66 129 95
    255 228 242 255 255 255 227 207 109 138 215 255 204 255 255 247 255
    217 255 89 87 194 89 255 255 32 255 255 250 255 255 255 141 20 255
    255 255 87 227 184 255 255 243 255 157 168 44 255 233 0 28 255 54
    255 30 228 255 194 230 48 255 255 229 126 255 30 255 255 255 255 255
    87 255 240 151 255 193 141 229 52 229 255 255 255 122 18 255 255 75
    255 235 255 175 255 24 255 86 66 255 124 255 236 255 255 244 200 236
    157 216 224 159 152 99 255 255 222 87 255 255 255 255 201 205 253 79
    255 255 103 20 20 30 56 255 42 46 136 81 217 255 255 255 255 95 199
    138 255 255 212 107 10 255 255 255 235 255 255 255 255 255 88 193
    255 2 255 255 255 50 255 196 207 255 255 70 0 188 255 211 255 255
    255 255 151 195 190 213 107 255 255 255 255 18 255 255 255 255 255
    255 85 255 131 255 255 255 44 216 255 28 255 255 78 142 113 255 188
    255 255 255 255 183 255 255 213 184 107 10 4 255 255 255 255 85 255
    255 255 184 137 36 255 255 255 255 38 64 196 171 83 255 34 255 255
    238 223 255 169 255 255 255 255 44 255 155 233 255 255 255 255 255
    104 255 255 255 255 255 255 255 255 255 255 58 255 85 255 108 101
    199 156 125 123 255 70 26 255 242 255 255 255 255 146 255 149 255
    255 255 255 255 255 255 228 255 202 255 255 158 217 255 140 254 85
    36 91 255 24 30 255 255 141 255 170 255 173 255 255 255 255 255 255
    188 36 129 227 173 18 255 255 187 255 22 68 255 255 119 255 68 255
    144 58 255 98 26 255 36 255 0 255 255 255 255 141 255 24 255 255 255
    255 93 255 68 255 255 255 255 249 255 255 229 255 64 247 213 99 255
    137 151 255 255 199 34 255 163 6 209 255 255 255 10 38 255 139 220
    228 255 255 255 236 251 255 54 130 255 255 255 255 255 255 220 255
    56 255 255 255 255 255 255 255 101 188 24 255 255 255 83 255 255 255
    76 255 255 100 255 255 40 201 221 255 255 255 255 93 255 255 201 34
    255 255 255 247 255 255 255 18 255 18 255 255 255 18 62 52 255 145
    255 40 255 227 255 255 255 42 255 255 125 16 186 255 155 255 255 229
    255 255 48 255 255 255 255 12 30 255 175 255 255 32 68 120 117 127
    82 255 40 255 16 163 255 255 177 36 255 255 255 181 78 255 255 131
    255 255 16 255 34 24 255 91 145 88 255 255 86 141 255 40 255 255 255
    255 255 255 255 255 12 255 255 255 255 56 120 147 58 241 255 255 255
    159 255 122 139 18 255 255 255 255 255 255 255 255 255 78 255 127
    112 191 99 255 211 6 156 173 42 243 255 30 255 255 60 62 255 255 58
    38 255 255 255 145 84 255 255 214 255 250 212 255 72 76 220 255 255
    123 255 255 255 255 44 220 161 170 24 117 18 255 97 255 255 83 42
    255 195 58 255 195 138 18 255 74 255 255 255 255 233 249 255 255 162
    48 97 255 137 221 255 145 255 255 255 255 255 201 74 218 16 255 235
    255 129 56 77 255 6 255 161 36 103 255 255 244 255 255 255 66 156 64
    255 108 255 26 32 205 115 255 255 255 84 54 255 76 111 255 184 255
    255 255 10 2 255 173 255 255 30 231 255 222 255 255 255 255 124 246
    255 255 217 111 88 255 255 100 255 255 94 255 255 255 255 48 255 255
    248 255 255 255 26 18 255 255 185 255 206 220 255 80 255 78 210 255
    173 233 101 255 98 145 255 255 81 255 255 201 229 140 255 255 225 58
    193 255 117 187 255 36 255 26 255 255 231 255 10 255 255 213 50 181
    255 132 232 221 104 255 151 60 0 236 138 24 255 186 58 255 54 255
    255 255 255 213 120 34 133 255 77 255 255 255 255 86 255 173 204 255
    255 255 255 109 255 26 18 255 151 255 255 79 141 180 42 255 24 255 2
    126 255 255 20 242 197 231 255 24 243 255 255 148 85 2 255 224 255
    255 255 255 255 56 141 255 0 255 255 255 254 255 135 255 255 242 255
    56 91 207 116 255 83 255 255 255 253 145 255 255 129 255 216 42 255
    86 255 255 40 16 255 255 255 137 160 255 52 255 255 185 18 255 255
    176 255 255 255 117 255 255 20 38 255 255 137 120 246 171 92 179 101
    140 255 50 255 224 211 255 139 255 255 50 255 255 255 255 255 255
    165 30 209 255 255 255 255 220 46 14 243 254 76 14 255 255 160 255
    255 255 167 255 255 255 62 255 255 255 255 255 255 255 255 255 188
    224 255 74 4 255 84 255 255 255 255 255 255 129 155 130 255 127 84
    255 255 176 64 255 122 109 255 84 255 99 255 255 64 180 95 20 255
    101 255 255 2 248 255 193 240 154 255 231 120 238 255 116 95 255 80
    255 255 255 87 255 255 48 255 10 255 24 255 255 34 130 213 163 255
    50 79 255 255 238 251 165 255 255 255 255 255 255 248 255 255 255
    255 97 255 255 224 197 255 56 115 255 242 236 255 255 207 64 187 113
    255 255 147 255 203 255 231 255 183 2 36 32 255 248 97 255 155 255
    132 77 255 241 255 255 255 255 4 255 255 255 255 255 255 26 255 255
    24 255 115 255 147 131 255 255 187 255 236 255 255 107 20 251 255
    255 255 30 255 255 254 255 235 255 255 255 255 141 255 224 113 255
    177 48 22 62 255 255 153 151 154 255 255 176 199 87 253 255 255 90
    255 89 255 125 235 255 244 225 160 173 255 92 240 177 168 255 255
    212 199 101 12 125 255 82 255 255 186 255 54 255 205 211 6 83 255
    255 173 255 164 139 227 255 255 103 245 255 191 24 255 255 36 255
    231 255 255 2 255 165 131 255 255 255 253 201 255 255 179 238 148
    255 26 255 255 255 255 255 255 154 255 255 255 255 177 255 255 255
    196 145 255 140 205 255 235 255 255 255 125 93 255 255 255 62 129
    255 166 129 255 255 79 189 74 68 255 255 255 255 255 255 169 106 255
    163 249 255 70 255 24 255 255 137 78 146 167 255 255 139 255 18 255
    246 255 232 255 255 255 255 255 54 255 231 255 255 58 255 87 227 255
    66 255 167 255 255 255 107 255 187 103 255 211 255 255 255 255 255
    119 255 84 14 40 86 255 6 255 207 205 2 105 255 42 195 255 255 70
    255 229 255 83 216 209 44 255 195 101 128 255 255 255 187 255 208
    213 255 255 203 255 255 147 255 154 255 209 229 255 255 255 246 255
    104 34 254 120 255 169 255 195 255 255 230 255 40 177 38 241 38 255
    104 255 255 255 48 157 56 255 191 176 20 255 136 255 255 134 255 135
    255 255 255 255 24 255 255 149 255 255 147 255 206 81 254 255 203 60
    255 255 255 255 255 255 120 255 28 255 255 255 255 95 123 255 64 78
    198 255 255 20 255 83 124 255 62 150 255 255 255 109 255 255 32 255
    72 255 235 138 115 10 68 255 34 210 255 255 255 155 255 216 220 225
    255 6 255 100 255 76 46 6 255 255 255 207 255 147 255 255 255 24 72
    255 236 255 255 151 58 197 40 251 46 240 126 173 255 255 117 240 255
    255 255 255 52 255 255 121 62 255 255 255 227 34 255 255 125 161 154
    189 255 0 131 255 78 28 255 68 18 255 239 255 255 255 226 173 255
    255 255 255 236 255 8 151 255 194 91 255 255 157 255 216 255 24 26
    131 139 255 163 70 255 109 255 255 18 233 245 22 133 247 64 163 255
    105 255 152 179 40 106 215 10 255 236 117 227 255 68 10 141 133 255
    255 189 255 199 52 255 91 255 255 199 36 255 89 255 255 255 255 206
    205 165 38 105 255 102 255 119 255 255 205 255 255 255 255 155 161
    255 255 201 34 255 183 182 147 255 255 255 105 218 255 255 114 255
    87 255 0 70 255 255 255 255 159 235 174 255 14 214 255 99 255 255
    255 255 242 72 86 215 40 255 228 255 96 111 44 4 157 89 172 255 255
    255 52 255 255 255 28 22 255 255 162 127 255 231 255 255 255 111 179
    255 255 255 255 137 14 255 121 221 247 255 255 255 255 236 255 255
    255 255 95 255 255 255 97 255 242 12 255 255 99 168 87 201 255 255
    139 255 16 22 4 232 255 239 255 191 255 255 153 118 242 89 255 240
    255 76 26 255 255 193 250 204 232 242 168 109 255 30 177 255 172 42
    193 126 255 22 255 143 255 255 230 255 152 255 56 255 68 32 80 169
    119 174 255 117 200 133 153 134 255 44 208 255 244 24 141 215 4 255
    255 235 153 255 255 125 139 255 255 255 100 242 255 48 44 177 162
    187 60 255 123 221 255 246 255 255 193 87 122 255 58 255 52 255 255
    183 36 255 139 215 222 12 255 56 255 195 255 255 255 0 255 255 94
    255 255 50 255 255 255 255 255 58 217 201 255 77 255 255 255 255 227
    255 255 158 255 255 255 255 255 255 72 36 255 232 103 166 157 219
    255 60 203 255 171 255 102 255 24 148 255 26 58 213 97 34 255 255
    186 20 255 255 224 161 231 91 127 255 151 149 255 97 255 176 250 255
    178 228 255 255 255 6 204 255 255 222 255 255 82 8 141 72 91 24 70
    137 153 255 169 255 255 89 211 222 46 125 255 32 255 255 255 175 255
    139 24 150 255 219 136 201 255 255 255 255 255 255 119 12 224 227
    255 255 255 255 255 255 255 255 109 255 255 129 255 255 93 44 34 255
    18 255 115 255 255 255 160 255 255 180 255 255 114 255 185 255 255
    255 196 91 85 255 250 255 186 107 255 255 161 255 255 44 109 255 255
    255 188 66 244 158 201 255 255 255 143 36 255 255 255 255 195 166
    255 255 206 255 255 56 105 101 255 255 255 10 255 255 237 175 223
    255 217 167 86 157 255 255 177 255 24 255 255 152 93 141 255 255 255
    70 255 255 255 155 255 164 255 89 255 255 115 176 255 195 255 255 18
    204 250 255 255 255 255 255 255 255 255 141 255 255 255 12 108 255
    255 255 255 161 12 228 255 80 255 235 52 255 255 237 255 10 188 18
    255 255 255 255 255 255 255 166 72 157 70 255 255 255 255 58 255 236
    171 255 255 221 255 255 255 46 255 191 116 46 255 255 87 24 255 238
    179 255 255 255 108 255 255 255 4 48 255 193 255 255 72 165 98 255
    255 241 159 14 44 255 255 255 44 238 255 255 255 255 255 99 255 28
    255 255 28 56 255 255 240 208 129 149 255 179 121 148 149 93 114 255
    215 142 255 83 255 252 56 174 255 255 255 255 46 14 60 255 227 18
    193 0 255 76 144 255 255 255 255 193 255 149 255 255 163 131 255 209
    255 255 226 235 255 149 255 231 255 255 66 159 255 231 169 255 20 40
    78 66 255 255 102 255 133 74 127 143 30 255 255 80 91 78 214 18 205
    255 4 99 255 255 137 255 255 215 62 48 255 255 255 255 255 46 255
    255 205 255 255 127 255 196 113 255 86 255 255 166 255 255 10 255
    255 255 22 201 100 255 255 255 36 255 255 181 28 255 189 255 124 255
    255 255 143 171 255 255 255 255 240 255 26 56 211 255 255 255 255
    255 233 72 255 255 84 187 66 2 246 255 255 75 255 192 255 171 251
    255 255 255 255 12 164 161 255 255 255 255 255 255 30 110 255 255 48
    121 255 255 34 149 245 255 255 162 255 191 255 46 95 255 42 255 255
    255 255 255 255 255 255 255 193 20 161 255 255 40 255 255 255 255
    255 50 255 255 255 255 255 141 255 255 255 255 255 185 255 255 213
    255 32 30 255 106 105 32 255 255 255 194 54 28 255 244 255 255 183
    34 255 255 255 202 135 76 255 79 163 82 255 255 255 159 0 12 145 255
    255 255 244 255 10 225 255 255 48 210 220 255 255 255 107 255 211 58
    8 32 255 255 20 255 233 38 107 255 255 50 255 228 199 255 255 255 24
    255 20 235 129 255 255 255 255 54 40 109 48 85 181 178 255 20 80 255
    191 255 255 127 255 18 155 184 255 221 255 157 171 251 32 255 168
    255 54 30 255 229 255 131 165 255 255 255 112 119 28 40 255 255 148
    255 255 255 255 255 255 255 60 30 226 235 255 66 161 198 255 79 28
    255 139 255 40 171 255 193 255 64 255 255 255 149 255 255 255 255
    255 255 255 255 56 255 44 255 255 255 105 255 82 255 255 124 36 217
    106 48 48 216 255 62 58 131 255 255 255 255 255 255 4 255 255 255
    132 217 255 200 255 255 88 72 185 255 255 32 156 255 113 255 91 54
    255 153 201 255 56 255 202 20 255 223 255 255 237 255 107 227 62 60
    8 255 255 255 99 255 255 50 72 255 255 255 255 255 255 150 255 255
    136 255 255 255 193 252 229 26 255 227 255 117 255 255 255 56 255
    123 255 255 255 255 255 79 74 255 235 164 181 255 190 18 255 255 255
    189 66 228 193 16 137 209 220 93 240 255 255 163 255 28 255 239 226
    255 255 117 93 255 255 66 170 255 255 174 255 255 14 147 103 82 255
    197 255 222 255 255 32 64 255 255 255 255 255 119 120 255 255 255
    255 109 255 255 85 170 226 229 148 255 255 106 255 123 255 255 72
    124 255 255 172 255 119 255 68 255 255 255 248 255 181 231 255 169
    255 255 255 123 255 255 255 255 255 40 255 255 255 208 97 62 200 232
    72 106 125 255 255 255 255 216 255 203 255 85 255 255 255 255 86 255
    255 202 255 16 255 213 151 104 255 58 16 255 119 188 255 255 255 255
    221 54 64 255 255 151 240 162 99 38 32 255 255 192 58 83 255 129 255
    162 255 255 255 18 255 210 255 72 255 85 255 255 60 238 255 255 107
    104 217 83 255 54 191 214 255 255 255 133 246 255 222 255 58 255 255
    150 255 255 206 131 255 255 255 103 255 83 79 4 85 252 227 14 255
    255 38 255 62 173 255 255 255 255 156 255 141 255 12 207 255 255 255
    255 255 255 222 255 95 48 255 58 206 127 255 54 129 255 255 255 60
    253 255 155 255 255 215 104 255 255 253 254 255 255 255 48 118 72 60
    200 255 125 255 255 10 223 255 255 255 255 139 255 54 255 255 6 141
    208 217 255 255 54 255 174 255 229 255 252 16 204 52 223 174 24 242
    255 54 233 255 91 255 255 255 255 255 60 254 210 135 60 255 4 255
    168 255 56 255 255 101 255 255 89 255 255 185 255 255 255 134 42 255
    255 255 255 4 95 255 52 113 255 255 255 246 170 255 139 40 255 255
    194 125 255 6 205 199 227 255 255 255 255 217 4 255 255 255 255 255
    255 255 149 245 255 255 245 255 255 30 255 255 255 129 30 255 255 74
    255 244 255 150 68 255 255 244 255 255 244 2 255 6 54 6 255 169 134
    240 255 166 101 255 255 34 203 255 255 179 255 85 255 216 255 211
    102 205 191 194 34 255 255 22 34 94 255 191 255 145 255 255 183 240
    255 255 255 94 255 255 255 95 16 38 255 137 166 199 111 255 254 54
    255 255 217 255 157 255 124 48 229 220 18 97 174 255 255 122 255 34
    255 6 255 255 255 177 76 238 139 94 167 255 255 165 167 255 8 255
    100 255 255 144 255 129 90 244 255 255 107 255 255 255 252 255 203
    125 255 255 255 255 52 219 255 195 4 126 255 255 102 159 255 255 252
    255 225 6 229 255 255 32 255 87 255 255 230 255 255 145 26 237 255
    255 136 211 167 255 87 175 255 255 255 255 255 115 225 66 255 255
    255 117 255 228 121 255 255 255 154 36 255 44 10 231 180 183 255 38
    255 14 255 42 255 96 255 255 255 255 121 235 99 175 255 38 171 126
    255 129 0 255 255 255 72 255 255 252 12 220 24 240 160 121 189 255
    255 155 58 255 255 255 255 30 172 99 129 255 46 255 255 211 255 124
    255 66 255 79 255 255 181 101 144 127 255 231 205 255 255 101 133
    160 255 38 90 255 255 255 187 187 178 255 255 255 242 255 8 54 127
    255 255 255 255 107 255 255 255 255 255 72 255 136 255 203 206 62
    217 126 105 217 158 255 255 255 255 255 255 255 255 140 111 255 255
    255 113 255 91 20 255 255 93 255 149 255 50 255 181 156 234 76 184
    255 219 255 0 255 227 255 255 255 44 255 231 240 255 148 255 244 255
    14 255 210 38 255 66 68 18 144 127 255 255 255 255 255 85 99 10 255
    242 255 255 255 134 46 171 237 66 255 255 255 91 255 38 255 255 121
    255 255 72 50 255 255 223 255 255 255 255 68 255 255 42 255 255 255
    255 255 18 50 172 135 123 255 167 205 255 255 185 172 213 255 247
    255 255 255 121 255 14 255 255 198 255 14 255 255 255 255 255 129
    255 255 143 34 255 185 46 255 255 255 36 255 18 255 215 110 131 255
    56 77 197 98 129 255 243 224 255 225 255 197 255 255 255 50 255 205
    255 255 36 202 66 255 118 236 255 24 255 16 255 66 18 255 224 255
    255 197 255 142 207 255 152 255 155 255 38 255 170 0 255 255 143 46
    14 2 8 52 255 70 255 255 255 4 255 255 229 117 40 255 255 255 255
    189 255 255 255 255 255 255 255 255 255 255 255 255 30 247 77 255
    196 14 111 255 230 227 204 255 255 14 255 255 154 95 52 255 255 213
    255 255 255 140 115 255 255 255 255 255 145 255 38 255 255 255 255
    255 255 145 255 255 203 93 255 109 255 48 255 123 120 119 246 78 255
    255 255 255 236 255 113 255 227 133 255 255 255 2 54 72 81 14 255
    101 12 123 181 255 4 169 255 255 255 255 226 255 18 236 255 255 66
    255 255 14 255 255 255 187 255 255 54 255 255 143 255 255 255 255
    255 211 249 255 255 48 255 255 76 255 157 255 167 255 132 4 2 198
    189 187 26 255 209 255 79 255 74 255 255 144 255 255 255 103 60 62
    191 255 54 22 255 255 255 255 174 12 76 90 255 255 255 42 8 255 159
    56 255 48 255 36 30 34 255 255 255 255 83 103 92 38 255 186 255 255
    68 255 255 255 117 91 255 255 201 253 28 42 68 121 111 255 236 255
    120 255 255 255 52 207 255 157 209 222 105 255 255 255 169 64 255
    255 255 226 255 46 255 252 255 255 255 255 255 48 12 255 255 136 222
    238 106 255 255 66 255 54 154 77 255 210 64 91 148 255 255 255 191
    255 220 179 161 150 42 255 255 255 255 255 255 163 30 217 255 255 58
    153 116 255 255 255 255 255 229 255 38 24 255 255 156 255 157 255
    117 225 255 255 213 255 255 255 255 255 12 255 255 255 64 238 20 128
    255 255 44 242 113 255 48 20 100 115 255 44 255 255 255 255 255 255
    183 137 218 26 255 36 252 255 255 255 255 255 255 255 255 68 64 255
    255 165 130 177 157 56 137 103 229 255 255 108 255 173 255 191 14
    255 199 255 210 209 255 144 255 97 28 133 255 255 255 255 255 255
    147 166 62 255 44 255 255 82 165 255 255 255 229 255 109 163 255 255
    255 233 26 255 132 255 129 220 255 187 231 175 255 78 255 255 255
    213 246 166 197 58 255 28 87 126 103 2 237 255 248 46 255 91 255 255
    79 255 255 255 233 105 255 255 255 255 6 101 255 227 255 255 255 255
    252 255 12 255 84 255 193 196 255 217 255 255 255 255 109 246 54 56
    255 162 255 85 235 255 171 255 255 157 32 129 167 16 255 255 170 244
    255 255 255 255 18 254 231 202 89 255 50 255 255 20 255 68 255 255
    20 255 255 255 128 255 187 132 255 255 182 87 240 38 255 175 255 157
    129 30 255 85 243 197 255 82 246 255 168 167 201 255 255 227 255 131
    255 214 175 248 255 255 70 255 255 221 255 255 183 255 255 36 206
    207 155 98 255 255 255 255 255 255 171 97 28 230 255 6 240 66 202 44
    183 255 255 255 255 236 34 62 87 255 255 255 255 206 30 145 255 255
    255 92 213 255 202 79 133 255 255 255 255 10 255 26 20 255 255 240
    255 255 222 60 136 255 26 255 255 255 255 255 70 12 255 255 255 234
    175 255 252 255 255 255 127 255 151 255 255 255 189 255 141 101 255
    255 81 255 240 255 255 255 255 56 255 255 106 52 255 255 255 255 44
    139 135 255 24 255 249 252 169 180 255 255 255 93 255 255 255 197
    206 87 135 255 161 185 164 255 255 42 255 211 188 10 103 36 232 255
    255 255 255 255 255 46 255 183 255 255 255 64 4 177 40 255 255 255
    12 255 129 152 16 255 72 255 56 245 60 255 66 255 6 150 26 250 202
    203 255 126 255 54 255 115 101 22 18 254 255 255 159 255 255 255 255
    139 40 255 20 34 255 226 255 188 255 255 225 255 255 154 255 255 172
    199 163 12 226 255 124 209 167 255 93 151 227 255 236 142 75 255 255
    159 255 40 131 30 255 255 255 255 32 255 88 255 135 16 20 24 231 230
    143 255 255 14 160 240 109 32 58 255 218 255 255 214 255 255 237 255
    244 114 232 255 255 187 255 58 52 175 128 62 255 16 255 42 76 244 16
    255 211 255 245 255 252 255 46 211 255 238 255 255 255 255 255 56
    143 134 236 255 255 255 209 255 48 255 247 255 22 243 255 255 66 62
    255 158 10 4 92 44</data></your_img>
</opencv_storage>
