<?xml version="1.0"?>
<opencv_storage>
<L2_diff>3.6874561692310322e+03</L2_diff>
<test_img type_id="opencv-matrix">
  <rows>100</rows>
  <cols>100</cols>
  <dt>"3u"</dt>
  <data>
    248 130 143 208 164 222 78 112 73 201 200 87 101 78 142 193 80 94
    219 15 249 103 108 229 54 203 24 192 68 165 81 72 240 85 29 172 140
    43 146 253 134 224 231 108 126 250 192 243 160 27 6 69 181 65 171
    199 10 146 147 205 111 234 82 123 169 241 144 226 211 167 75 143 172
    170 124 107 91 244 39 148 40 31 175 239 110 19 103 16 78 75 9 193
    149 5 150 74 189 163 224 96 145 73 239 83 12 142 108 193 24 200 132
    111 23 39 10 238 143 170 80 140 11 189 33 21 204 134 50 149 149 18
    204 62 143 60 129 218 26 233 141 47 5 118 249 29 86 203 186 181 173
    73 41 205 3 188 231 100 6 77 114 130 112 206 147 114 150 103 170 110
    140 156 188 117 145 188 172 27 73 79 134 51 190 132 181 73 55 136 37
    0 238 175 39 154 140 78 76 58 78 211 75 83 121 198 103 92 80 160 91
    30 175 156 222 235 110 19 203 129 30 91 62 215 47 7 235 127 185 40
    64 0 132 125 211 139 126 42 135 3 168 227 79 117 91 173 236 67 36
    103 112 113 222 12 1 106 35 85 167 52 26 32 222 6 11 115 140 116 217
    161 87 220 147 40 111 252 87 226 224 18 185 172 131 164 36 210 197
    36 200 108 98 38 76 86 202 56 108 157 51 121 149 253 138 70 234 137
    177 182 75 254 66 176 231 41 147 184 12 131 185 225 175 6 221 33 197
    138 44 212 170 27 185 162 30 130 131 61 123 76 162 245 4 47 214 145
    55 110 186 230 211 44 220 16 40 21 154 29 178 195 100 195 209 19 32
    79 34 152 211 148 8 194 49 81 87 129 68 122 6 1 215 175 177 255 213
    138 216 66 80 61 132 212 197 168 98 72 218 128 174 41 76 214 124 72
    221 33 223 160 255 171 125 70 234 82 45 82 246 237 198 24 225 174 5
    21 219 176 63 30 128 79 41 146 180 203 48 93 194 198 182 145 250 33
    29 148 170 38 26 39 7 38 112 103 75 53 186 178 98 87 165 39 109 244
    174 155 240 176 160 162 114 194 187 32 83 158 73 203 123 71 69 231
    241 2 192 87 47 177 54 192 227 213 80 32 86 183 32 203 245 186 173
    35 208 9 91 179 204 244 34 67 68 14 41 176 97 87 245 101 221 80 18 0
    27 139 62 119 237 162 243 59 138 33 123 179 96 139 224 203 250 74 87
    199 235 157 161 244 106 248 132 84 138 213 145 120 119 115 50 170 12
    169 211 79 150 66 163 215 152 107 115 143 11 137 161 200 144 240 30
    59 194 63 59 188 28 32 11 30 67 22 70 55 22 255 247 194 14 14 89 209
    30 124 108 96 178 142 160 30 50 97 195 52 141 65 57 23 41 109 115
    249 45 86 85 13 107 90 161 68 211 225 135 9 24 185 29 41 213 129 227
    239 217 106 98 205 11 227 48 129 158 81 149 66 34 163 142 251 230
    168 151 82 113 2 200 52 80 42 168 202 33 107 205 15 17 9 24 40 29
    215 243 158 87 212 186 176 74 132 246 74 242 136 96 44 71 79 250 124
    93 15 241 35 98 255 111 249 240 76 27 250 214 19 196 180 95 232 134
    7 30 134 205 93 101 101 147 61 189 88 201 142 180 151 103 155 201
    241 120 97 110 2 100 99 0 239 111 22 107 212 45 91 240 170 6 77 181
    118 216 127 27 42 153 141 200 112 226 195 19 48 253 66 130 23 28 130
    224 13 36 236 197 152 17 19 94 140 60 226 96 154 69 238 39 212 109
    18 99 203 252 21 141 48 195 165 65 195 107 149 188 229 116 40 211 17
    146 3 56 142 193 146 200 153 205 216 254 49 8 33 95 9 102 165 240 56
    5 98 141 214 172 252 223 60 121 121 216 157 45 153 61 57 198 45 200
    241 109 52 193 38 103 253 26 164 90 126 250 34 33 133 238 35 223 73
    215 129 71 22 179 172 140 9 254 193 239 195 137 114 39 54 22 60 141
    4 122 122 174 25 126 233 157 210 113 59 96 234 243 37 203 67 111 182
    176 215 82 163 130 114 222 175 153 112 87 161 176 155 39 182 228 204
    133 219 242 165 53 78 204 10 179 232 48 166 54 232 107 30 222 123
    118 1 244 193 169 137 64 20 26 35 109 20 24 246 223 231 179 173 161
    142 55 98 100 32 100 12 192 19 74 108 80 22 204 200 97 98 76 43 80
    200 157 43 251 122 77 174 143 133 166 91 57 188 94 9 13 104 100 227
    201 47 114 242 84 43 233 247 120 211 163 207 244 238 28 178 10 208
    239 28 232 31 0 110 208 114 127 14 159 71 60 6 105 87 61 21 20 202
    179 113 81 105 189 77 41 195 81 26 81 56 36 176 135 63 166 80 227 99
    23 134 134 181 156 19 162 197 83 92 85 9 150 166 28 64 235 132 129
    237 105 179 118 249 159 228 43 107 189 45 42 102 32 239 197 14 119
    223 38 91 186 39 140 236 147 181 0 192 59 73 206 194 169 231 21 74
    173 122 240 212 59 66 64 97 181 23 34 233 171 64 89 214 58 104 166
    87 206 9 240 108 225 244 219 99 129 22 77 155 7 147 75 195 32 149 33
    104 214 196 60 126 96 195 34 148 58 226 243 201 102 159 239 159 74
    240 240 183 39 189 163 201 194 108 131 57 32 210 119 137 52 36 150
    162 66 163 247 55 128 155 182 174 192 84 10 236 171 184 217 187 164
    203 228 135 143 206 53 125 190 169 243 147 53 60 86 81 182 135 42 63
    32 93 206 238 159 218 51 74 153 18 70 176 60 128 137 15 205 189 169
    33 22 190 139 81 134 180 6 114 81 112 32 152 207 112 53 7 187 140 44
    209 135 94 44 55 126 217 89 38 195 221 32 10 67 156 56 187 116 92
    243 154 69 171 91 0 25 127 13 11 152 134 45 38 169 217 243 130 246
    105 79 216 35 237 154 11 63 74 33 115 206 56 197 183 180 163 2 109
    177 144 233 162 83 166 88 45 235 50 48 2 171 249 96 21 183 29 139
    113 38 43 177 232 110 67 16 119 184 107 109 250 147 153 171 78 232
    218 28 149 129 252 41 231 228 159 161 240 72 84 107 0 148 74 217 236
    1 58 40 3 100 204 236 209 56 104 246 245 173 26 71 151 132 141 46
    127 6 234 185 62 253 12 146 59 157 251 208 85 180 199 222 104 105 28
    114 24 246 127 250 48 172 186 131 174 70 155 40 130 129 245 22 121
    207 10 205 124 106 178 141 209 90 127 163 12 76 239 253 10 120 65
    107 49 64 175 178 207 111 188 108 135 111 208 215 7 9 240 172 26 107
    222 102 189 151 52 59 172 244 255 121 144 174 91 207 214 171 212 121
    64 161 128 99 112 61 70 198 188 245 141 231 218 112 28 75 23 146 241
    196 72 192 109 161 250 35 88 144 128 96 107 96 99 101 252 149 20 36
    238 175 35 202 158 201 252 176 150 153 190 29 220 183 97 166 203 68
    231 197 117 13 240 97 177 208 72 16 235 102 20 254 145 120 56 220
    174 117 230 138 177 30 226 231 94 76 244 12 195 205 17 183 187 81
    209 160 215 21 84 49 78 152 150 181 251 200 207 143 169 196 178 70
    19 240 20 142 154 105 228 102 181 36 112 16 100 46 229 198 108 49
    113 192 129 246 251 212 57 210 135 30 111 20 42 122 58 220 119 184
    173 11 150 103 247 37 213 60 246 1 62 210 96 194 181 55 63 216 196
    24 12 175 215 140 251 77 23 181 242 237 105 247 202 75 81 79 48 245
    29 208 253 136 183 218 75 190 56 29 108 100 91 102 214 228 81 202
    187 147 157 150 106 132 127 25 78 28 84 39 146 29 39 176 9 214 7 223
    197 89 28 205 65 129 148 193 213 111 174 139 249 136 50 131 8 55 172
    31 51 175 51 160 240 61 9 227 203 247 185 202 10 90 53 85 163 188
    243 146 176 47 54 166 115 110 95 61 84 111 235 132 130 122 111 62 74
    12 158 35 41 141 174 117 46 76 9 177 7 0 67 68 218 140 6 9 113 157
    145 254 247 109 34 129 125 233 131 170 216 201 110 183 15 109 228
    147 90 206 170 45 153 197 8 94 149 169 177 21 200 6 96 252 53 23 161
    126 232 234 10 65 46 78 40 205 54 134 51 166 34 248 37 137 83 232
    249 171 6 234 6 118 85 36 4 87 101 54 149 187 211 189 25 151 58 2 62
    176 243 221 20 44 24 90 90 124 36 238 5 99 7 139 197 28 190 102 58
    227 217 251 171 234 73 152 220 187 241 228 9 187 232 91 103 167 165
    52 12 150 174 113 198 3 218 180 9 255 240 139 160 108 161 212 195 59
    100 254 213 197 52 30 77 48 172 148 85 68 165 253 0 41 248 138 255
    129 131 114 132 129 236 224 193 219 218 109 58 7 36 212 131 238 0
    154 14 104 58 200 106 131 78 41 200 72 35 195 108 121 204 21 231 1
    192 43 104 227 56 75 21 241 46 209 56 70 45 72 55 171 141 166 61 176
    69 251 139 244 101 220 133 8 108 211 116 27 248 207 42 240 223 0 193
    120 161 54 166 130 89 68 86 64 217 116 101 104 207 251 240 135 163 5
    248 101 52 94 206 180 250 78 43 208 194 115 22 48 72 11 64 198 21
    241 54 56 53 171 83 80 48 25 106 19 91 241 170 202 147 53 60 166 7
    185 198 34 78 108 61 39 167 132 51 162 189 251 117 213 81 254 194
    159 167 104 229 130 176 32 116 248 90 253 107 167 225 183 69 199 146
    67 142 153 22 251 218 213 188 39 249 184 53 88 190 74 113 28 246 71
    160 182 230 188 53 63 203 208 216 61 155 94 119 138 155 253 93 62
    166 197 41 224 108 105 101 153 177 218 174 160 88 55 182 195 125 94
    254 150 14 3 6 91 25 87 72 196 161 110 237 163 103 67 4 41 12 17 139
    61 175 151 192 40 98 143 237 41 239 41 93 226 235 148 84 225 77 255
    59 172 67 123 135 52 87 126 119 86 121 213 223 40 250 76 236 60 119
    165 40 12 241 123 240 108 106 109 108 69 137 53 70 171 227 76 123
    255 68 54 128 35 83 31 121 42 26 81 178 191 153 19 234 192 150 36 68
    211 21 247 203 166 196 24 142 87 190 167 27 249 65 93 156 25 56 64
    187 84 235 251 195 223 64 25 19 129 88 0 64 125 137 129 116 119 228
    13 209 202 71 40 124 131 36 197 146 156 217 116 85 195 38 111 194 62
    72 48 89 140 158 160 187 215 48 135 108 27 28 6 136 160 96 254 40
    155 63 149 68 31 1 83 92 23 153 207 69 33 37 128 80 177 155 46 18
    144 154 166 210 244 96 89 67 194 179 77 58 142 78 154 193 93 177 227
    89 155 80 28 10 176 236 150 173 215 61 139 238 252 191 152 82 78 232
    139 146 148 170 151 223 243 183 107 75 145 114 247 31 142 147 202
    227 203 78 235 59 218 58 131 63 240 100 163 32 65 156 17 11 41 156
    194 201 150 193 208 84 22 14 149 194 149 74 238 87 109 28 130 5 44
    225 42 116 104 56 236 45 177 185 72 55 117 233 189 159 190 129 26
    176 30 19 223 185 131 161 66 246 113 24 139 190 140 45 127 166 24
    217 206 61 198 48 101 182 220 41 122 78 79 231 248 108 16 93 183 67
    30 238 194 94 166 77 191 0 203 135 62 74 133 81 163 40 219 147 161
    238 112 190 202 128 177 93 136 180 31 104 2 205 96 220 13 71 134 211
    48 37 160 26 150 120 145 108 153 115 12 150 152 125 31 193 9 231 181
    114 124 212 240 33 206 223 84 79 74 29 121 176 71 160 50 237 57 190
    143 188 184 63 56 226 202 149 248 59 251 120 183 225 74 117 224 236
    144 211 55 118 33 12 35 171 183 150 209 163 187 251 117 120 68 192
    213 14 41 238 63 227 51 231 18 252 91 244 16 82 180 118 254 1 173
    253 184 97 37 209 213 98 134 226 25 59 179 70 110 64 172 177 2 49 70
    61 159 140 122 53 171 38 183 89 193 153 12 181 199 72 114 23 222 213
    37 125 95 185 141 77 159 158 245 245 171 46 69 244 241 203 87 94 39
    171 122 56 51 46 16 231 213 88 209 69 115 186 3 196 20 217 64 167 39
    92 123 38 124 234 61 77 93 37 238 239 232 135 138 12 176 35 186 42
    123 195 139 251 182 26 194 76 49 27 161 230 65 14 77 195 192 222 41
    199 212 244 105 135 109 108 31 165 230 143 75 100 163 228 82 253 42
    0 7 129 137 70 83 111 39 119 93 30 107 249 71 219 91 47 11 141 185
    15 201 121 108 234 59 34 12 219 171 72 142 183 146 245 39 144 33 87
    116 166 202 145 38 115 83 187 2 156 132 74 163 23 168 59 247 223 20
    87 254 224 15 25 183 204 148 225 182 90 81 28 81 238 203 14 5 117
    133 170 249 185 11 248 230 16 3 219 254 97 202 166 199 64 176 201 9
    216 165 100 130 154 209 182 29 228 135 138 31 114 241 226 59 100 135
    224 19 211 163 207 6 89 110 170 92 234 144 214 237 212 51 222 247
    123 194 135 164 151 203 36 226 93 154 224 17 104 162 166 126 203 146
    62 44 68 6 252 47 97 29 232 235 113 176 212 91 67 221 28 159 106 85
    59 21 38 176 186 21 12 80 90 73 118 0 130 50 194 77 109 243 142 129
    15 11 243 34 181 203 24 25 30 14 46 45 83 99 250 52 187 199 109 235
    163 204 235 40 244 171 194 241 162 163 212 146 88 125 228 22 24 71
    112 232 115 19 252 84 235 141 17 224 239 169 207 113 211 140 237 243
    0 116 7 227 64 14 177 56 139 189 84 13 190 183 202 206 13 12 169 205
    101 21 254 191 201 148 124 165 98 57 12 180 165 205 66 114 179 67 86
    110 219 223 102 43 14 83 122 36 132 16 110 229 212 57 139 154 32 173
    116 90 83 71 63 216 170 79 50 56 195 145 37 143 9 133 131 17 59 132
    156 139 83 186 192 190 222 145 100 197 102 124 242 72 105 155 24 204
    130 165 163 186 165 28 78 4 67 172 184 249 65 96 126 124 121 161 80
    86 61 90 24 251 11 153 143 218 251 254 253 86 246 64 61 91 201 68
    105 225 39 89 167 129 69 91 50 91 104 120 248 212 39 73 76 34 181 96
    99 110 251 42 21 4 167 89 67 127 243 153 91 224 38 190 82 246 246
    105 174 19 122 107 49 138 244 54 154 56 70 153 84 69 210 119 177 43
    84 3 46 134 239 90 32 101 203 198 92 225 27 167 133 164 167 165 6 63
    243 67 245 51 253 171 198 62 43 6 235 229 120 224 5 72 115 200 133
    114 66 212 226 55 254 197 61 130 253 137 174 249 70 82 189 203 245
    48 143 45 176 130 99 81 43 42 235 126 66 212 255 61 103 14 101 2 152
    148 252 187 175 19 15 217 171 173 143 101 111 67 87 191 58 229 73
    187 23 76 90 55 155 211 58 204 103 99 243 42 129 69 87 209 217 4 175
    41 70 124 29 132 161 203 219 29 12 126 17 191 96 226 85 252 20 57
    206 128 215 164 190 40 71 65 2 167 36 200 80 101 207 70 93 245 12 41
    55 255 241 91 234 244 125 107 129 66 97 55 226 30 128 132 157 137 68
    120 215 3 5 170 27 120 55 67 201 22 33 111 220 255 191 183 205 164
    89 240 53 54 222 230 196 247 193 139 44 232 128 49 140 152 44 19 67
    60 49 89 202 54 79 85 228 9 124 121 123 107 129 88 233 1 178 146 80
    120 219 23 137 103 10 120 37 139 75 0 191 139 69 196 246 147 12 252
    8 226 147 45 66 132 146 76 147 60 79 79 140 28 243 87 85 167 229 102
    212 178 226 175 181 236 246 79 37 104 73 224 117 98 202 236 75 189
    68 240 185 22 247 26 122 131 245 83 5 92 155 222 118 40 77 149 27
    214 144 200 0 133 225 65 167 42 188 70 91 8 212 14 140 81 128 14 123
    103 97 240 253 129 39 188 24 204 44 159 97 29 10 187 28 120 251 4
    104 161 137 213 59 94 56 14 38 179 59 130 37 210 192 32 18 153 49
    230 103 216 82 103 146 84 126 251 180 154 195 81 88 78 164 60 20 212
    168 191 146 52 86 146 217 133 123 39 60 228 228 5 175 142 65 48 140
    114 133 231 126 18 194 165 76 13 64 4 198 245 21 118 6 70 192 106
    106 145 147 4 152 94 154 31 229 144 116 122 204 150 150 123 101 6 38
    67 231 202 168 54 142 184 5 97 203 44 139 48 169 209 204 195 6 100
    190 90 127 32 119 87 210 74 120 219 214 49 33 70 90 148 14 252 24 31
    24 114 193 7 76 164 189 142 26 33 43 0 18 104 77 143 115 217 220 148
    204 111 251 174 144 16 157 197 128 61 169 178 38 253 133 79 213 197
    187 181 76 151 95 11 35 52 45 245 220 253 145 214 19 126 196 93 156
    212 45 229 220 51 84 122 128 63 185 24 74 215 234 177 143 155 157
    135 197 238 8 188 165 197 172 234 178 189 32 45 187 185 2 111 151
    118 182 108 113 39 204 177 66 235 116 123 208 130 51 139 145 97 129
    132 235 64 116 55 205 143 248 65 246 62 139 228 155 184 76 213 187
    162 39 116 139 207 86 224 196 4 127 129 222 160 149 19 166 63 67 197
    185 123 21 67 192 93 128 87 153 85 146 98 61 136 82 14 116 20 130
    120 93 40 109 121 20 101 158 112 185 126 242 92 178 210 54 61 90 255
    142 59 205 11 216 226 156 3 53 34 116 238 212 181 79 0 64 162 213
    220 98 98 36 44 4 97 187 199 127 131 160 46 84 58 15 11 54 206 9 58
    164 109 36 41 10 147 118 197 124 22 218 152 220 151 54 183 46 33 57
    88 58 86 12 246 153 252 166 31 188 232 116 32 100 102 135 255 177
    246 247 137 72 134 111 109 50 119 203 184 210 32 120 22 61 91 67 140
    111 23 183 40 144 210 139 57 35 93 207 202 5 224 136 40 234 200 224
    65 135 249 94 201 182 6 80 8 30 131 200 255 149 78 251 228 35 69 233
    199 237 98 130 206 251 254 135 47 159 120 241 34 21 183 76 164 157
    217 217 157 239 54 160 174 212 178 99 109 124 106 143 223 240 199 95
    240 80 233 233 250 97 91 37 22 115 207 251 183 199 63 214 27 227 241
    106 29 38 174 147 11 131 98 254 87 165 112 127 1 134 110 121 61 77
    247 233 96 190 75 86 243 16 22 102 242 96 230 108 204 6 10 7 182 76
    211 220 226 213 136 142 146 184 123 72 204 153 55 117 234 103 35 212
    41 112 210 174 13 16 102 85 150 205 235 2 145 14 113 136 252 204 144
    29 144 196 64 61 71 246 166 108 212 252 161 110 252 129 162 248 111
    217 233 22 113 105 164 79 120 8 58 50 27 187 77 10 249 103 190 218
    25 53 234 5 47 92 244 234 51 33 127 234 83 235 49 202 105 130 198
    104 149 31 25 112 139 26 119 155 147 226 211 190 233 146 212 37 145
    91 129 71 239 242 212 246 137 239 107 148 151 191 235 35 239 48 99
    144 218 156 114 181 48 70 204 190 58 67 227 232 88 48 43 112 151 190
    223 28 194 115 96 67 114 114 70 119 101 173 102 194 75 156 149 68 98
    182 65 100 151 240 184 104 138 70 165 122 125 54 63 38 87 242 59 232
    137 209 142 81 183 189 134 148 214 186 192 47 196 92 121 64 143 243
    39 86 67 89 118 135 186 110 45 66 69 114 186 26 191 139 160 92 98
    143 60 58 141 246 192 68 216 62 14 204 94 241 175 116 0 27 57 213 68
    100 211 127 91 84 136 25 42 236 75 30 202 219 99 114 20 193 252 249
    135 86 99 213 59 87 251 197 33 75 255 92 62 52 34 145 2 92 250 42 65
    112 151 160 233 178 255 151 62 144 62 45 121 244 224 24 93 39 251
    132 115 150 11 50 225 148 227 94 192 113 93 131 113 168 231 158 109
    84 98 54 236 54 104 31 63 34 32 224 118 111 117 194 102 156 17 154
    24 120 215 221 99 46 43 97 15 195 28 168 190 79 121 151 128 20 91 39
    181 83 223 96 146 62 205 61 59 61 21 253 86 87 245 142 208 232 240
    57 107 154 66 195 107 35 214 66 180 161 189 136 230 235 12 25 52 185
    238 91 110 16 9 245 6 53 237 7 46 216 220 212 155 253 59 131 45 127
    250 178 249 250 76 64 209 20 230 240 29 34 211 56 30 22 46 69 42 18
    215 62 44 186 216 11 142 50 58 244 209 198 65 24 242 112 184 180 161
    185 245 181 2 240 64 120 198 63 75 128 191 190 240 18 101 250 148 76
    78 192 223 35 232 245 144 27 77 247 163 137 145 177 184 87 214 238 9
    138 196 186 122 167 224 228 28 93 173 237 43 197 157 59 127 32 121
    107 220 251 92 75 118 222 99 106 163 15 13 31 157 188 214 107 130
    108 19 226 92 61 73 100 244 196 117 82 204 213 15 253 166 191 118
    143 102 174 0 118 95 209 176 37 123 203 174 218 186 35 86 131 1 206
    3 64 169 102 107 34 223 230 143 26 233 210 40 170 114 83 65 40 166 6
    226 115 249 180 73 137 159 4 132 15 200 16 52 89 200 187 201 142 100
    52 56 228 180 128 135 245 232 151 171 231 20 183 162 120 204 122 187
    241 10 48 255 62 2 56 107 146 202 197 109 36 46 247 120 202 131 206
    245 55 172 11 11 189 235 243 137 93 87 234 221 102 213 153 104 36
    191 212 190 118 80 133 9 246 31 106 195 12 227 70 227 37 180 5 136
    197 74 99 142 61 79 45 184 86 33 128 217 134 14 169 66 53 94 28 49
    137 116 57 171 152 44 166 125 54 148 46 11 209 195 68 182 136 93 176
    105 114 254 70 202 90 12 183 207 188 37 58 229 183 239 141 163 178
    56 145 107 98 12 1 95 27 179 65 130 16 250 153 22 178 218 247 245
    214 35 250 204 95 43 208 205 73 130 13 6 185 241 116 5 28 146 113 42
    39 45 31 174 111 96 111 233 28 2 207 28 60 155 40 181 122 240 81 55
    58 196 228 230 203 43 189 44 166 0 47 54 198 142 82 111 228 24 181
    109 154 175 194 189 35 4 204 132 206 72 50 186 163 7 151 179 78 38
    134 233 23 112 102 171 93 13 118 15 190 41 224 73 103 76 166 247 52
    68 7 217 199 49 155 98 153 173 189 184 138 181 208 225 182 243 118
    152 179 0 169 25 89 60 197 131 172 217 211 150 178 183 143 130 79
    150 183 228 235 249 88 242 116 31 191 230 75 74 47 245 180 48 203
    173 127 8 212 167 98 81 90 85 43 10 221 220 196 167 234 150 89 43
    116 163 34 205 140 196 37 44 179 42 220 25 198 104 249 59 73 90 16
    125 238 56 173 95 43 18 161 197 121 214 173 127 108 36 39 246 42 53
    1 211 201 47 164 105 73 3 249 229 107 146 103 53 157 69 2 179 32 254
    110 76 128 211 18 32 18 54 37 223 162 64 229 248 49 121 52 17 61 102
    85 51 92 173 145 89 131 202 38 209 143 223 236 64 59 102 183 122 74
    91 45 71 137 60 73 240 124 232 1 152 236 70 215 238 108 220 180 188
    192 15 126 22 141 204 65 56 126 53 47 169 9 125 23 78 62 253 139 67
    139 245 98 116 87 175 135 39 166 45 97 227 7 54 162 168 96 66 114 65
    64 157 72 183 61 201 220 47 127 45 49 144 195 160 46 15 148 8 206
    163 222 127 130 158 14 0 6 207 219 21 105 149 45 158 52 203 152 96
    47 95 188 215 169 212 103 152 161 144 22 250 209 59 57 162 148 241
    80 155 147 72 81 207 199 141 7 99 74 146 34 63 105 43 42 230 192 108
    127 240 249 86 122 78 123 174 231 232 135 84 229 21 108 158 184 1 4
    138 73 40 186 54 230 219 166 72 255 108 58 128 40 129 163 187 35 221
    133 148 81 7 81 155 203 16 244 59 12 29 153 26 255 14 78 64 18 29
    101 133 81 163 250 37 209 175 60 147 192 230 159 25 184 130 130 46
    254 130 199 205 170 74 15 171 63 227 218 111 188 104 208 158 161 137
    96 31 123 219 158 255 7 110 199 180 225 48 241 2 102 225 255 17 213
    161 29 243 155 8 157 49 45 46 92 220 239 157 164 102 1 117 2 231 66
    216 31 32 231 140 33 154 202 163 204 146 70 46 130 115 143 120 143
    156 35 185 109 60 9 133 80 218 21 239 103 90 249 132 99 187 228 142
    65 23 182 143 164 2 171 67 88 130 107 216 66 139 225 156 8 179 197
    96 107 109 14 163 181 34 13 230 179 179 152 145 217 237 151 61 120
    48 129 118 82 187 12 0 204 133 8 233 150 118 83 243 185 152 2 41 201
    156 165 84 79 134 85 207 121 49 206 19 25 234 4 177 79 119 20 184
    143 205 9 171 107 188 146 73 230 149 201 74 23 43 202 219 167 97 190
    239 12 171 110 162 172 29 232 196 127 26 98 255 1 196 70 54 167 80
    117 168 209 185 128 200 86 113 173 114 158 8 51 132 4 219 105 132 53
    70 3 98 133 146 185 55 239 152 175 54 129 248 218 107 144 62 110 57
    250 246 134 46 185 88 255 49 179 70 238 237 31 187 46 111 99 10 139
    101 168 125 160 158 32 183 172 81 216 71 67 166 241 224 196 192 228
    84 55 31 217 241 7 29 105 178 130 15 148 117 23 226 199 71 217 69
    235 119 118 14 54 89 145 207 7 183 125 163 196 14 178 156 39 164 112
    27 69 201 109 103 14 118 182 249 142 253 133 82 108 104 98 242 192
    20 212 40 166 104 154 162 147 216 241 200 6 39 14 178 76 227 250 154
    36 17 17 80 77 3 113 104 202 67 72 126 78 27 7 165 91 129 125 244
    153 253 89 179 195 49 83 92 211 240 102 156 164 117 155 240 139 119
    151 239 188 153 172 235 30 196 203 209 193 210 184 54 215 54 169 61
    57 226 202 212 217 18 59 229 225 226 88 118 69 220 222 170 37 179
    161 91 200 130 101 176 154 201 157 109 239 113 20 197 224 223 248
    150 102 249 136 251 132 170 76 142 200 174 86 255 235 172 47 204 157
    212 43 151 96 195 146 11 254 165 129 220 201 192 252 180 222 116 184
    207 167 21 138 244 126 141 75 217 124 146 207 131 147 171 252 106
    186 69 55 5 13 235 164 84 173 11 153 138 203 20 38 99 134 229 226
    229 27 58 191 101 46 112 130 64 131 157 118 132 217 37 87 245 128 26
    229 81 7 181 155 63 3 0 58 87 106 192 176 252 43 75 252 151 86 92
    139 157 17 232 178 168 92 167 176 243 179 51 218 200 223 182 224 71
    51 127 37 129 66 46 232 134 254 161 111 222 16 226 85 76 21 61 106
    43 125 155 246 113 255 20 160 87 94 141 163 245 78 166 41 7 71 236
    85 206 231 206 37 62 227 189 108 135 167 55 207 54 161 161 9 68 103
    227 166 85 75 228 200 226 110 205 165 181 161 84 232 48 97 42 146 61
    223 88 101 131 142 141 233 117 106 40 58 210 93 5 84 200 109 145 26
    135 162 212 92 177 4 37 188 154 155 214 163 117 20 231 149 130 131
    155 55 194 98 73 46 195 77 185 163 65 0 47 70 208 50 178 145 23 85
    219 223 87 236 106 86 105 200 15 4 206 105 194 160 166 23 37 20 5 67
    86 95 7 121 13 127 79 155 128 25 205 32 187 246 250 117 44 196 11
    169 36 3 143 128 190 76 150 157 101 217 248 182 62 44 118 82 13 21
    106 144 90 191 114 192 226 205 171 183 228 64 145 242 177 158 252 47
    94 108 4 2 36 49 191 179 65 160 73 239 187 30 38 232 62 23 111 111
    99 75 180 249 213 112 158 91 83 68 98 232 252 240 135 165 30 154 221
    40 51 202 181 208 92 42 254 71 245 4 87 113 2 253 107 234 36 5 118
    140 198 199 199 39 26 124 254 81 26 74 232 126 150 200 163 133 232
    75 242 182 99 112 129 200 206 178 73 37 89 176 39 72 66 239 206 236
    24 47 210 93 66 57 247 174 57 155 5 211 57 237 240 125 158 253 206
    124 255 150 44 224 224 239 234 169 186 178 115 95 51 148 46 73 137
    58 62 28 178 130 191 145 230 55 55 118 28 190 181 23 146 4 37 145
    197 146 34 163 98 183 86 65 162 242 157 197 153 79 58 178 89 56 88
    17 228 60 248 141 234 78 44 120 36 53 129 121 64 173 253 30 201 197
    123 104 27 225 214 116 138 2 105 156 139 143 88 121 62 209 217 143
    56 253 90 222 37 45 193 251 42 70 187 85 80 117 234 173 90 43 89 40
    37 177 11 147 255 153 49 219 85 93 214 58 131 215 240 86 13 80 11
    179 48 255 231 253 121 210 46 157 67 161 55 57 217 124 114 239 134
    218 163 201 253 141 20 189 233 11 130 34 221 76 97 1 135 254 95 210
    54 192 189 195 177 121 9 112 139 125 205 50 255 147 109 109 206 10
    136 75 184 85 77 50 91 255 177 128 22 138 224 12 212 51 98 30 75 184
    137 87 15 220 145 205 224 124 96 116 91 180 135 94 76 134 75 39 168
    129 65 198 115 237 37 226 234 75 220 23 255 49 217 89 243 226 181
    237 34 126 204 56 233 34 165 45 152 162 94 43 14 105 62 186 32 239
    144 253 110 74 157 129 183 162 226 186 27 152 128 194 194 53 183 159
    211 219 76 254 50 55 209 195 52 234 107 138 191 107 120 228 116 227
    154 144 239 248 27 195 190 0 103 199 241 233 68 155 160 126 213 130
    233 6 64 108 237 151 98 231 150 106 230 142 209 249 130 27 105 46
    187 54 253 28 199 196 20 219 82 31 254 231 178 76 170 79 150 116 21
    41 228 67 23 53 6 200 28 207 68 209 111 117 163 162 222 252 11 202
    149 89 154 111 231 194 68 52 248 26 33 205 164 131 112 230 9 109 148
    143 184 203 163 110 228 115 177 151 95 197 37 93 86 234 71 108 229
    16 236 95 140 178 28 115 10 142 163 133 244 183 103 140 21 20 212
    190 222 37 95 73 37 8 11 196 238 247 213 12 191 243 233 144 68 216
    217 50 108 68 103 224 2 17 98 91 151 10 130 119 221 111 243 48 33
    103 11 33 129 189 234 59 137 132 62 217 225 101 131 57 157 88 145
    236 106 181 90 145 70 117 48 252 9 132 108 208 115 6 17 70 190 116
    146 26 248 224 145 187 26 39 127 116 107 88 96 62 108 219 65 141 183
    29 126 216 145 180 110 91 62 232 197 27 247 238 118 46 21 116 198 0
    144 96 222 220 55 231 55 228 221 106 80 141 172 77 41 224 180 113 3
    1 42 145 198 147 8 128 54 250 249 11 233 170 248 130 165 233 194 26
    225 66 148 66 116 18 250 118 144 177 3 134 18 87 159 79 121 31 72 26
    24 25 250 46 88 163 221 19 120 83 9 29 40 76 112 155 243 170 214 25
    10 237 6 23 211 123 116 178 124 216 176 251 128 112 49 76 157 136 1
    188 195 207 105 240 18 144 199 14 6 159 18 142 162 132 8 193 237 11
    67 243 133 42 190 176 92 71 127 172 246 89 153 80 204 168 151 142 10
    0 144 176 102 24 96 210 196 157 129 221 84 36 80 70 182 80 166 228
    58 149 174 176 215 253 134 49 72 239 173 142 26 58 19 169 210 38 250
    16 162 55 107 8 17 92 8 124 51 31 71 60 57 192 171 105 70 96 134 76
    25 97 45 220 234 149 174 141 141 211 227 118 132 0 205 240 40 54 251
    34 172 205 27 129 138 146 223 42 109 254 143 95 211 74 106 201 31
    173 174 39 199 151 183 127 211 237 81 69 222 93 242 206 11 13 159 60
    18 204 164 134 239 5 146 224 172 164 97 190 72 3 152 50 6 180 138 10
    102 36 147 91 152 216 37 74 214 117 114 110 47 98 155 43 227 61 181
    231 23 135 41 113 24 31 55 226 206 190 209 123 64 135 10 83 221 225
    136 17 96 12 155 156 6 142 120 48 247 216 248 222 167 200 105 205 53
    179 11 240 244 213 254 31 227 124 132 188 58 117 92 92 201 8 7 29
    231 130 179 21 127 114 161 95 88 220 225 117 21 184 108 201 119 77
    234 0 169 61 184 192 169 248 132 172 59 69 212 205 169 13 225 249
    137 125 66 167 164 198 43 206 23 2 21 96 222 110 55 116 10 83 216
    175 101 150 184 22 168 9 191 146 106 174 148 36 65 26 89 122 63 65
    26 206 39 134 103 193 237 201 97 42 133 183 199 125 70 212 153 80 84
    251 75 42 246 71 254 144 37 6 81 46 212 200 63 12 24 202 61 30 237
    255 89 27 241 254 34 144 18 30 202 121 13 186 185 77 127 64 129 179
    249 204 157 49 118 245 198 77 53 96 217 226 233 64 41 61 143 100 8
    229 72 86 183 179 230 13 88 197 55 152 176 172 161 97 170 134 4 233
    125 204 195 12 154 104 115 132 61 123 60 200 91 0 121 34 75 96 110
    36 100 133 111 151 114 212 224 225 180 234 215 15 142 130 136 27 47
    27 33 158 142 76 18 78 52 33 155 32 231 118 103 27 251 84 125 63 14
    103 26 31 71 147 229 150 35 125 142 209 234 47 230 143 129 73 81 233
    198 97 227 38 54 232 171 53 213 219 131 46 88 200 160 116 216 28 133
    118 53 75 155 229 159 187 31 83 29 28 148 151 220 162 102 134 235
    115 30 184 52 29 46 169 13 87 111 179 153 253 68 185 32 93 107 57
    148 184 189 97 162 171 228 51 164 88 244 0 7 66 129 106 165 59 59 46
    108 186 67 163 118 224 37 63 9 112 164 72 141 47 51 245 156 171 135
    241 157 84 212 47 54 65 222 207 214 247 145 156 165 55 200 167 8 40
    198 28 103 41 228 253 179 137 44 59 121 127 62 202 250 145 229 225
    224 0 16 123 14 253 36 17 242 69 22 71 86 101 25 27 26 101 71 102
    235 80 144 198 66 135 241 133 77 199 136 156 76 181 64 40 67 188 34
    110 191 234 174 31 255 243 106 25 173 112 3 141 72 53 238 65 94 44
    95 23 107 44 241 242 159 25 152 110 148 71 144 101 210 194 251 43 88
    189 87 216 36 54 245 100 31 154 42 202 16 142 203 182 160 16 223 21
    176 250 198 230 86 93 61 61 118 206 113 71 211 78 182 39 230 157 207
    32 147 142 72 100 126 171 246 151 177 139 53 249 138 126 8 221 78
    227 227 176 60 0 87 96 16 199 201 66 137 25 57 126 176 252 149 68
    127 128 74 216 50 106 93 44 114 54 195 63 124 177 193 252 75 201 140
    210 81 23 231 209 69 193 38 146 92 19 200 229 231 16 171 202 233 181
    227 225 251 28 29 35 118 185 41 198 111 198 112 246 238 41 159 90
    160 242 250 231 25 251 225 40 134 5 10 225 234 19 38 254 4 179 255
    23 37 91 167 182 20 133 41 56 237 72 33 17 32 161 73 75 183 39 172
    33 124 74 32 59 182 249 59 97 22 15 9 251 36 70 228 179 94 152 85
    100 101 252 215 66 111 174 49 121 219 134 136 168 166 24 231 46 237
    37 215 183 39 159 224 124 85 62 49 99 23 212 10 19 199 113 74 200 68
    155 88 119 175 18 119 197 58 203 172 87 16 157 25 50 242 108 178 88
    75 15 61 231 177 105 196 102 55 252 86 83 162 215 31 162 79 249 80
    247 137 71 59 121 122 116 133 235 142 44 215 30 88 65 248 213 124
    171 135 207 4 33 159 181 245 166 54 107 251 100 29 113 121 128 239
    50 140 75 129 223 146 184 28 36 45 68 42 57 154 212 27 22 148 245
    162 89 36 67 50 106 23 155 181 82 101 240 181 79 225 219 33 202 72
    151 5 95 90 154 115 158 53 199 127 109 89 128 185 168 68 84 247 139
    235 17 153 93 212 213 119 114 133 204 78 42 30 219 230 187 15 249 41
    195 92 178 219 99 180 135 115 158 132 119 31 4 90 222 149 55 163 254
    252 12 40 238 94 32 135 19 63 98 223 242 160 240 40 40 92 208 139
    137 80 82 159 254 151 167 31 214 90 84 30 24 128 200 151 109 131 175
    90 105 26 177 237 178 30 233 85 20 117 70 102 32 106 66 193 147 25
    176 188 169 9 90 231 182 12 209 170 33 99 55 213 34 114 67 194 122
    14 230 128 22 47 253 124 94 33 130 46 243 223 82 227 213 76 190 159
    156 241 0 242 40 172 196 1 123 7 199 40 171 210 166 144 174 67 156
    209 229 91 94 98 15 110 215 149 227 221 14 39 121 64 142 90 115 98
    36 200 253 139 155 221 163 28 142 28 255 181 162 221 185 118 46 130
    82 175 45 84 4 206 0 8 207 177 80 132 245 193 157 177 222 65 197 133
    27 59 12 116 41 247 178 120 196 23 50 232 212 251 108 159 118 215
    250 153 17 26 194 245 177 184 41 33 3 141 237 71 35 76 181 104 66
    114 227 29 118 139 217 147 213 209 115 166 40 236 117 213 188 27 48
    112 185 224 221 190 86 180 227 52 129 129 161 116 181 221 18 95 113
    56 103 91 158 184 220 52 157 240 136 67 192 6 76 26 108 229 81 88
    164 227 255 77 251 132 8 60 123 119 42 209 243 89 89 97 156 106 232
    176 226 39 25 133 190 233 146 89 190 238 244 102 171 77 131 229 17
    239 21 231 2 241 13 174 121 167 83 80 249 239 151 148 161 152 232 35
    164 52 211 113 102 178 201 22 254 51 89 9 51 75 50 206 237 99 169
    115 65 85 137 253 198 51 125 102 53 105 127 239 176 69 23 64 206 131
    106 15 21 58 250 8 175 100 90 208 39 61 61 112 233 160 174 175 214
    129 58 35 47 128 133 238 164 149 131 39 183 167 170 8 201 147 224 9
    173 248 202 90 3 159 63 222 24 123 194 170 158 192 159 67 88 79 51
    136 131 162 235 49 77 112 93 125 190 203 111 115 181 254 123 107 158
    212 211 156 4 36 156 214 238 254 22 25 164 101 42 252 188 225 166 58
    204 7 156 117 105 98 48 179 141 185 213 23 19 4 145 132 80 116 7 194
    11 202 130 22 2 105 26 146 180 38 246 200 199 225 142 126 151 254
    189 77 191 23 195 236 237 24 50 221 222 62 131 163 185 155 145 131
    176 65 255 155 119 67 69 248 115 143 90 245 241 165 16 65 151 41 14
    55 237 65 228 99 85 148 31 51 1 134 97 111 73 223 115 52 194 1 217
    242 177 84 195 249 248 28 111 134 110 27 198 139 183 137 199 228 140
    172 160 205 126 212 78 31 44 152 169 215 21 20 169 51 104 153 171
    129 29 204 183 31 36 136 254 33 165 37 53 66 31 70 52 96 95 155 253
    130 185 68 169 210 212 87 189 80 3 142 208 41 9 32 25 114 109 31 34
    239 157 248 243 75 125 177 51 127 39 109 18 5 102 235 224 114 57 191
    214 58 16 217 195 14 124 69 150 116 8 13 147 242 181 11 207 189 186
    248 98 160 254 55 227 167 72 1 145 224 236 148 174 140 6 41 65 34
    229 225 78 250 249 252 2 217 207 145 243 13 217 95 72 249 17 19 211
    149 196 39 137 149 9 237 65 28 123 162 118 55 151 198 35 75 244 207
    35 34 202 190 186 4 94 183 228 43 73 152 144 94 193 157 17 249 59 74
    228 176 210 115 171 143 187 176 179 134 72 227 179 241 90 38 67 51
    121 106 252 130 61 178 133 88 82 131 46 157 5 71 159 55 171 175 86
    175 50 16 87 120 76 92 255 116 164 34 17 30 237 31 225 164 170 241
    158 16 194 24 99 230 60 21 78 106 216 19 112 146 90 69 75 153 249 88
    233 231 189 164 115 254 184 0 160 44 174 55 142 2 35 132 46 136 75
    26 2 190 17 208 195 224 41 201 140 229 79 15 87 124 106 95 92 177
    128 216 42 74 200 91 227 106 201 204 131 183 17 115 117 168 123 48
    58 123 90 243 165 10 122 49 60 34 121 131 213 4 183 183 40 118 237
    251 91 223 246 49 236 85 182 127 174 38 225 117 80 15 107 61 156 214
    25 132 9 162 243 82 184 140 126 141 53 54 21 169 70 62 11 7 226 234
    181 102 166 53 99 33 136 244 18 19 158 133 38 33 27 104 142 53 205 8
    157 16 160 214 235 86 217 127 178 122 15 231 26 213 213 32 20 150 57
    123 141 224 12 132 189 152 136 117 44 58 247 152 197 183 244 247 17
    189 112 248 215 108 38 61 107 32 107 65 188 2 90 217 107 201 70 88
    17 67 194 222 92 160 79 34 141 48 199 144 186 14 135 91 84 81 35 42
    50 41 66 10 188 151 174 184 128 67 182 60 104 0 208 42 204 213 191
    48 29 88 228 125 81 145 103 47 108 97 65 156 210 163 198 42 31 163
    80 213 88 98 87 218 212 206 244 148 135 199 114 151 131 10 80 192 63
    195 74 136 190 37 107 11 178 31 180 191 77 179 43 109 52 190 228 155
    184 231 38 37 13 103 149 92 239 240 233 124 192 126 232 133 205 194
    122 206 209 69 110 148 248 153 247 223 226 127 46 52 145 182 18 71
    47 44 158 155 204 160 192 235 230 238 208 124 94 66 195 43 208 64
    118 22 103 246 78 57 154 147 128 71 82 1 147 62 127 6 197 83 160 69
    36 85 112 52 243 205 176 148 231 210 51 120 146 170 158 251 69 23
    167 14 84 154 129 182 157 2 160 168 35 143 224 228 131 227 65 141
    151 194 189 194 42 205 205 177 48 78 143 114 16 3 17 79 245 127 224
    90 80 205 55 128 125 241 99 245 29 148 99 62 155 148 67 107 47 169
    192 73 237 207 136 245 25 173 152 138 16 195 39 52 130 7 0 68 137 82
    163 178 248 178 143 109 242 88 21 210 148 101 7 52 122 230 182 15 31
    59 192 114 147 95 61 118 183 55 207 182 149 173 85 183 131 104 106
    12 74 35 152 244 32 39 215 206 128 217 152 214 223 163 40 205 13 217
    239 230 161 172 115 143 237 137 215 169 117 158 48 17 240 74 171 116
    127 24 103 206 216 229 227 110 100 125 24 15 142 205 150 54 227 103
    247 167 58 115 163 234 197 49 25 142 82 145 62 70 152 250 157 173 74
    147 154 15 179 102 145 250 193 215 147 193 191 246 175 191 191 167 3
    6 246 87 230 175 87 153 98 238 88 85 34 32 122 232 42 176 83 122 195
    254 42 16 51 185 207 82 161 156 246 155 219 29 33 74 81 97 249 203
    234 143 49 27 179 52 249 26 33 7 137 231 26 35 99 220 55 128 94 166
    208 226 133 182 244 9 118 218 209 164 128 178 95 180 10 148 24 155
    165 4 149 93 233 51 159 219 122 170 97 254 50 114 188 173 141 101
    129 42 186 17 128 241 238 127 217 171 106 230 185 200 21 63 25 198
    112 96 50 33 87 150 236 194 16 138 251 130 230 9 45 155 79 113 52 57
    203 7 201 132 188 198 75 184 188 23 216 9 209 171 153 157 37 80 109
    95 174 84 50 42 66 31 18 224 82 243 244 140 161 64 33 102 210 251
    153 65 130 140 29 232 77 45 25 66 50 165 137 240 155 139 169 247 4
    76 2 170 240 21 162 12 91 253 188 183 149 60 1 209 217 144 81 151 84
    134 71 28 56 55 38 197 220 26 13 109 195 246 55 207 13 191 89 200
    127 3 136 237 163 204 51 135 31 155 156 122 130 180 215 17 84 101 31
    240 34 211 98 230 28 68 186 5 21 69 234 3 220 174 150 29 175 211 113
    153 194 62 17 192 5 189 123 34 139 148 105 73 86 247 54 10 165 96 38
    29 136 92 98 165 168 154 92 33 100 63 37 141 109 30 238 132 112 95
    195 228 224 161 1 251 201 219 159 35 46 12 28 248 214 242 171 59 12
    217 226 214 30 120 157 98 101 66 93 47 55 158 205 120 190 133 174
    161 7 206 112 61 86 219 150 30 123 81 117 14 63 119 6 66 220 64 228
    130 63 57 42 184 26 33 56 35 29 218 250 28 164 212 111 11 166 234 15
    2 109 135 78 214 73 95 67 171 71 23 67 185 235 9 44 87 234 33 10 60
    80 16 161 160 179 65 130 77 147 151 79 149 110 37 16 157 124 19 247
    183 215 62 2 64 64 129 177 207 177 210 188 206 40 16 209 51 31 54
    188 97 92 118 40 38 39 187 196 194 231 9 169 171 23 135 38 8 129 110
    222 100 139 139 18 39 62 169 181 19 73 58 177 225 34 95 138 125 184
    111 107 158 248 166 107 244 164 187 109 30 54 143 58 154 170 80 119
    87 116 207 63 174 224 52 21 62 214 166 95 76 210 48 31 148 233 176
    214 150 96 232 198 187 82 136 135 3 234 56 72 63 236 226 214 27 156
    195 151 229 147 8 246 6 105 13 190 205 166 50 51 148 215 58 243 164
    102 188 224 211 168 70 177 252 89 231 13 94 80 194 243 40 14 73 143
    138 158 140 1 133 207 181 175 252 37 150 23 153 146 245 31 218 48
    207 153 84 6 160 118 25 136 133 8 98 97 8 34 213 43 94 129 227 160
    12 187 141 84 6 46 215 96 7 91 172 116 71 178 144 194 130 71 53 167
    170 106 102 104 183 236 58 65 19 21 30 68 204 103 65 34 36 244 243
    14 79 77 5 3 107 154 11 200 139 75 110 248 68 122 183 92 24 111 23
    123 104 82 177 207 18 158 192 46 134 87 124 112 219 105 4 2 118 34
    21 107 6 193 37 40 63 217 111 227 70 93 209 200 180 97 6 112 155 248
    16 6 158 146 148 143 136 197 68 59 117 202 198 208 200 115 83 108
    162 35 181 137 240 180 196 139 191 116 65 20 58 151 62 101 79 195
    215 163 40 226 147 209 64 228 245 102 16 210 218 19 23 24 144 251
    237 187 219 213 96 223 134 31 158 171 168 43 245 68 105 89 57 166
    104 174 134 167 25 191 125 237 227 21 107 201 209 66 207 120 165 11
    176 139 235 245 34 180 211 157 193 66 197 59 52 105 16 157 94 29 21
    249 99 73 159 199 224 71 129 78 70 43 140 129 141 112 144 6 11 202
    125 229 140 178 30 3 240 203 61 109 27 74 94 221 22 64 235 234 126
    42 13 19 201 115 194 62 161 185 79 239 150 109 97 17 228 198 41 139
    197 160 130 122 125 100 180 60 44 37 120 107 242 64 195 131 28 244
    152 196 198 176 40 97 234 83 82 151 254 62 120 116 4 233 77 48 213
    249 20 173 234 144 177 225 73 84 103 125 64 108 116 44 25 33 196 223
    177 192 184 30 208 97 72 98 38 216 161 132 19 152 145 37 71 234 201
    26 118 244 99 181 158 107 117 80 196 12 252 200 239 247 9 165 124 12
    252 155 85 246 58 99 202 73 190 59 109 176 231 36 175 45 9 71 11 12
    225 60 109 52 10 76 220 73 136 164 79 173 195 184 212 22 168 177 207
    47 188 162 76 190 14 26 142 108 173 202 155 227 247 91 78 5 99 100
    32 73 76 110 152 3 123 47 57 34 143 250 89 78 229 245 201 45 33 187
    80 139 234 14 11 219 47 199 225 183 191 231 210 223 31 43 45 16 54
    104 29 151 66 183 108 75 59 150 229 152 197 173 185 43 226 61 51 179
    199 132 243 37 169 39 155 202 215 53 202 137 98 184 25 225 14 28 11
    147 149 41 3 92 159 106 118 243 222 127 54 236 74 216 76 193 143 89
    234 19 208 26 109 181 67 113 33 116 161 243 134 239 43 238 184 232
    146 249 46 200 249 251 243 184 129 53 95 144 188 33 130 75 118 0 101
    63 135 105 98 63 26 223 89 134 252 204 166 85 17 202 21 238 109 67
    60 63 123 216 32 221 107 15 151 2 135 141 160 206 99 183 188 199 107
    37 6 154 141 29 187 3 220 197 203 244 182 255 59 50 163 99 103 85 74
    125 101 239 229 208 113 113 233 79 187 154 94 147 145 75 11 225 218
    41 65 200 144 154 155 92 174 111 122 22 167 82 152 159 138 252 206
    88 176 79 120 244 209 174 242 133 140 188 149 127 94 197 27 108 137
    181 67 20 54 190 101 199 121 236 120 85 44 247 78 69 161 250 97 5
    252 181 148 2 214 207 107 138 64 148 192 145 236 65 213 44 158 125
    61 159 220 179 86 37 6 26 128 250 65 147 192 174 47 3 97 116 125 32
    12 10 222 103 167 156 4 37 21 133 148 244 8 244 84 57 104 16 213 210
    142 90 219 162 112 15 251 213 22 189 67 93 98 23 175 126 194 134 112
    180 84 70 25 37 84 235 212 150 252 88 248 168 145 138 100 60 91 233
    12 115 230 168 180 76 188 137 138 172 25 23 83 160 64 128 165 243 89
    243 71 176 181 148 22 189 184 39 224 185 245 102 194 175 31 241 242
    109 202 64 205 71 205 56 103 58 16 29 19 11 166 199 142 178 160 64
    96 45 224 237 70 147 153 101 227 228 217 80 164 168 105 10 11 29 27
    243 212 82 24 211 35 174 229 84 67 43 161 178 174 31 215 45 122 227
    177 4 34 209 100 81 74 207 187 150 201 136 163 134 50 86 235 115 204
    118 100 178 59 55 122 30 33 120 164 224 169 101 142 6 92 71 78 233
    168 239 166 24 55 238 200 33 240 101 105 5 170 207 92 175 108 76 4
    142 19 21 90 78 199 127 15 7 172 157 248 202 12 112 220 134 235 30
    184 123 38 7 194 207 156 249 170 48 37 124 16 92 41 215 243 140 138
    6 25 210 93 190 38 183 104 170 192 223 222 193 159 160 187 120 210
    172 146 145 176 158 81 213 181 101 8 0 106 219 15 110 192 180 150 29
    138 236 195 85 7 238 199 32 209 10 192 71 163 11 232 82 221 75 65 4
    22 192 171 126 17 82 136 247 4 135 20 136 248 43 9 75 47 52 90 16
    184 173 8 46 68 96 168 55 228 220 45 7 34 178 75 118 97 80 44 178
    191 69 102 75 42 162 191 93 140 82 166 166 254 56 200 31 75 215 248
    99 182 63 65 229 150 176 235 142 84 225 184 93 165 255 159 134 125
    26 154 62 255 180 146 41 196 120 47 43 47 238 26 204 55 41 155 178
    122 129 117 45 250 197 225 241 179 128 252 214 235 219 61 10 44 80
    197 233 243 155 120 212 39 24 131 156 123 121 24 87 4 16 250 130 143
    114 103 247 79 116 139 227 60 145 199 232 94 80 97 255 137 117 190
    84 245 19 65 147 23 4 187 126 55 143 87 30 42 106 59 13 171 185 34
    108 68 55 18 13 231 222 173 112 26 236 131 83 85 157 31 255 209 126
    251 145 15 147 178 154 207 83 25 96 88 159 90 74 10 150 1 199 210
    237 165 71 239 79 28 175 71 8 80 67 236 144 155 15 250 31 121 80 123
    127 193 25 185 207 41 171 78 124 119 74 201 231 233 234 124 249 114
    172 212 117 73 156 251 170 213 137 126 155 202 214 119 235 182 151
    61 173 198 180 51 32 227 49 166 53 45 204 223 171 189 169 204 77 191
    92 182 177 162 234 206 37 24 110 4 217 201 100 81 173 141 177 16 151
    58 58 21 77 210 71 28 79 168 170 78 110 180 158 32 199 99 84 233 61
    173 124 53 20 226 35 234 251 150 158 60 59 179 102 229 12 118 160 43
    31 139 83 77 240 171 255 194 159 155 134 152 34 136 169 20 57 162
    138 98 210 186 54 174 152 53 159 193 201 7 74 59 220 53 32 80 75 148
    184 48 8 215 182 188 62 94 131 238 188 130 213 22 63 33 116 169 125
    39 10 212 57 87 192 169 3 202 227 127 159 105 94 89 114 243 173 130
    149 47 168 15 6 90 92 51 199 164 20 191 148 147 78 249 105 79 219
    138 219 142 223 112 45 28 134 179 213 5 170 212 18 248 102 132 120 4
    156 72 146 29 191 5 133 188 61 31 25 93 158 90 226 216 162 7 12 185
    185 237 154 132 44 77 244 131 113 243 205 191 88 140 244 3 41 133
    122 61 70 241 52 73 171 104 55 193 195 161 182 170 102 63 11 190 174
    29 154 213 129 102 155 135 91 20 151 101 144 27 171 18 212 70 75 145
    80 34 155 169 121 45 233 28 195 217 240 90 61 247 164 76 203 22 65
    18 177 46 163 112 19 217 176 136 181 204 193 251 195 40 212 4 5 21
    44 32 196 122 195 86 80 67 139 49 186 107 75 47 234 80 108 230 91
    109 248 170 189 114 213 176 154 145 3 110 28 206 210 93 150 147 131
    115 180 56 28 98 19 228 87 131 147 227 114 6 34 103 9 151 143 18 223
    224 61 136 139 184 65 177 53 164 65 237 152 119 255 19 245 201 180
    39 9 18 217 149 217 39 44 27 87 221 216 186 97 203 211 4 222 206 251
    209 175 77 38 146 113 164 58 247 163 106 106 211 191 57 64 127 191
    142 219 217 112 42 46 15 250 155 9 55 29 65 240 126 228 177 18 50 56
    76 186 81 126 36 23 111 57 221 70 164 64 156 18 231 205 45 52 76 90
    79 70 229 53 82 122 38 242 150 241 63 21 130 173 167 61 19 66 63 248
    241 161 124 15 8 70 136 16 220 102 100 99 94 52 223 53 122 69 124
    191 68 118 252 6 160 183 4 156 167 89 88 34 238 72 131 241 45 251 52
    216 38 50 122 65 127 131 45 201 242 214 96 25 223 226 139 137 151 50
    176 109 81 241 252 172 248 153 128 216 162 202 88 252 228 192 164
    209 175 52 216 51 90 63 46 237 209 144 186 31 173 2 185 100 61 153
    154 218 120 190 251 130 193 189 1 108 175 91 246 13 224 175 225 81
    153 156 126 207 146 49 143 34 215 109 231 37 8 182 240 107 86 201
    133 254 178 9 236 242 99 215 150 142 84 130 29 188 57 2 127 191 133
    75 68 19 177 214 76 81 86 196 68 68 180 126 157 50 145 20 166 178
    191 251 52 237 94 210 170 106 92 161 46 245 177 198 76 217 143 23 39
    121 8 103 140 0 161 252 199 225 221 71 169 76 238 233 187 23 60 38
    183 4 100 157 184 162 215 105 66 96 65 106 58 99 168 117 182 242 66
    185 49 31 92 157 48 229 94 158 164 184 190 97 14 199 201 124 43 39
    23 211 114 135 164 247 194 18 143 222 22 118 186 131 88 212 46 120
    175 147 87 207 144 145 36 76 118 141 56 57 21 112 202 132 234 115
    232 157 233 2 67 199 176 129 53 187 70 98 200 44 247 24 153 242 125
    180 216 70 153 197 70 0 145 92 136 126 156 81 19 237 70 242 103 107
    68 243 223 185 126 23 182 3 156 158 115 28 26 216 215 254 32 140 253
    230 78 12 24 134 142 118 227 0 68 11 182 62 212 79 16 128 65 252 125
    145 110 128 167 239 245 160 93 219 236 163 151 163 14 176 29 212 244
    178 83 70 116 161 54 85 179 169 80 212 207 223 117 250 120 129 251
    199 104 171 76 34 192 19 205 173 176 201 40 22 183 164 112 110 37 52
    159 198 117 208 149 107 27 204 221 136 125 47 145 233 36 243 132 145
    128 230 146 177 143 84 125 5 188 225 251 177 58 75 185 14 202 114 50
    155 16 192 89 144 72 253 54 179 206 108 203 228 71 143 129 159 193
    197 206 61 239 93 185 157 181 181 81 186 180 184 243 136 64 29 236
    34 101 232 22 100 230 132 124 239 121 28 235 103 196 212 52 29 78
    154 89 51 119 154 176 77 12 146 182 209 159 170 230 167 193 241 123
    147 141 28 165 202 68 59 53 242 88 189 61 70 168 247 41 98 92 216
    222 6 209 253 52 48 67 82 82 85 49 101 67 128 223 198 143 196 242 13
    200 188 137 21 95 90 33 132 135 77 163 48 36 39 157 20 132 177 76 69
    185 83 30 1 225 68 74 219 202 91 254 53 187 242 202 148 182 147 44
    100 195 153 240 96 112 103 253 244 11 112 119 227 198 198 69 59 172
    92 230 227 98 104 164 164 118 145 231 127 227 89 254 71 65 76 151
    175 16 88 53 96 169 172 89 57 67 153 40 126 35 248 244 119 163 203
    122 222 113 1 252 166 250 204 243 164 200 41 62 253 50 0 195 150 179
    68 146 190 127 36 135 228 60 108 114 236 94 239 178 28 41 24 250 46
    161 63 8 83 106 168 26 61 239 30 198 36 176 150 197 109 211 251 246
    107 80 7 104 134 161 56 70 48 249 135 153 116 139 149 171 202 11 51
    207 43 239 166 18 211 185 132 149 60 49 15 96 222 185 99 111 69 157
    142 21 100 4 99 246 178 86 20 244 228 38 13 27 84 212 89 131 169 55
    134 153 55 19 187 208 126 14 38 23 84 52 130 10 165 32 113 26 63 210
    214 178 39 183 215 238 64 160 70 72 107 31 23 122 196 235 120 95 4
    163 134 217 63 178 221 234 171 157 8 161 199 53 37 248 239 70 97 181
    151 175 173 161 186 102 188 169 169 59 164 145 38 58 172 62 11 33
    204 185 100 232 59 57 8 129 253 43 84 87 69 121 175 94 207 149 106
    147 97 86 219 187 45 164 203 241 23 208 175 231 154 43 121 114 129
    241 41 32 99 12 201 79 151 93 50 241 61 146 176 131 193 208 90 108
    156 115 121 49 152 166 234 226 246 49 249 10 136 150 163 67 73 153
    182 189 26 113 247 184 215 86 197 167 107 11 145 56 199 137 26 103
    106 219 36 49 8 205 91 63 244 249 127 94 66 190 37 79 198 84 238 205
    244 10 146 47 250 168 174 47 185 137 210 91 90 238 63 76 69 207 220
    228 212 151 179 120 244 125 213 197 130 37 36 30 44 139 192 18 157
    238 101 46 152 52 20 30 33 18 135 91 217 125 147 90 176 88 150 28 33
    214 80 237 67 218 206 77 194 129 26 141 7 191 104 237 22 201 132 27
    139 158 149 31 143 101 12 223 54 8 148 38 214 112 138 238 171 31 30
    21 88 139 210 211 179 226 62 81 190 125 149 125 242 108 2 8 164 193
    143 249 164 81 160 230 235 170 50 235 242 247 140 95 126 151 5 152
    199 221 119 206 184 173 214 90 105 47 16 90 94 235 228 129 109 134
    110 237 219 84 22 47 214 221 210 105 71 183 89 195 130 24 121 156 72
    131 162 166 228 6 146 1 140 34 17 188 176 87 1 27 81 167 165 93 228
    216 75 119 253 78 194 152 208 240 20 24 144 231 67 97 98 251 253 162
    126 149 146 193 2 248 153 183 220 100 32 107 198 162 115 90 220 213
    18 135 187 217 74 168 95 131 32 197 42 13 166 69 44 16 18 156 72 193
    83 243 77 137 20 205 255 134 206 65 94 143 229 119 188 81 91 13 28
    248 180 135 234 74 220 132 136 85 194 4 128 61 249 163 134 87 162
    241 149 74 44 49 11 162 142 169 155 170 160 128 187 195 209 240 225
    116 163 86 49 106 123 61 227 229 245 14 230 139 253 99 253 83 29 65
    125 128 217 6 168 228 22 87 54 77 78 77 242 163 168 241 109 252 129
    187 18 56 220 56 198 128 139 84 63 4 29 248 63 155 67 79 180 248 199
    106 187 113 38 98 194 235 12 64 48 199 152 211 57 184 235 27 166 162
    170 154 195 208 125 249 2 42 158 68 205 18 218 16 45 57 199 120 40
    17 79 125 180 10 176 230 150 166 211 146 204 44 78 196 61 8 246 26
    247 63 43 16 156 9 91 123 245 154 87 147 1 137 66 148 183 22 181 195
    154 210 169 27 77 171 193 130 134 213 149 219 109 39 51 96 239 54 1
    171 86 242 100 144 8 62 166 70 200 15 121 156 38 128 143 212 25 185
    63 189 171 139 88 156 228 44 18 24 125 106 202 123 40 17 49 129 109
    225 111 118 239 122 166 115 18 240 181 33 130 64 134 161 118 100 223
    42 161 155 63 182 44 94 221 37 165 112 159 147 205 8 29 34 123 161
    35 225 172 114 48 153 5 66 227 106 121 96 48 187 246 46 160 98 100
    46 122 96 250 20 246 174 25 192 205 182 139 226 35 221 225 47 124
    157 163 102 46 196 61 88 85 94 33 144 181 61 69 109 109 107 224 30
    90 123 24 112 194 172 191 129 119 62 189 17 96 69 167 5 179 142 48
    12 141 61 157 204 105 253 118 150 149 126 231 191 206 23 146 21 227
    94 179 124 58 92 123 147 146 172 174 210 118 57 66 24 17 100 71 53
    156 127 100 224 54 170 84 92 70 115 4 102 47 116 131 60 18 73 143
    181 4 37 247 38 114 193 3 197 53 182 203 86 157 8 131 25 92 227 64
    54 14 183 214 98 194 219 59 182 253 21 233 168 1 207 149 238 12 25
    242 205 44 210 116 92 61 192 96 234 129 41 202 82 193 68 249 123 135
    170 26 113 47 11 110 242 90 115 222 188 56 241 136 229 191 87 144 64
    165 201 40 214 243 128 201 217 185 140 54 98 254 43 69 155 171 27
    118 19 100 170 246 124 78 144 2 39 41 179 71 16 31 255 0 82 183 113
    29 119 68 123 174 157 37 33 186 75 205 172 25 137 56 23 182 176 242
    97 210 205 31 145 2 156 127 109 112 156 137 129 70 40 158 176 67 7
    152 70 226 35 129 233 150 142 254 24 189 127 110 180 212 222 118 103
    6 105 244 231 97 50 248 160 106 175 250 131 77 36 207 144 177 185 15
    202 20 58 104 176 182 68 101 161 69 183 97 91 159 232 45 234 39 221
    126 134 197 45 42 104 49 44 64 255 238 83 170 134 166 175 51 80 207
    103 98 171 254 8 180 33 2 88 54 221 34 247 84 97 138 56 197 64 94
    252 233 196 9 78 173 151 152 245 28 157 221 209 152 153 118 158 222
    110 242 229 245 79 164 174 152 169 157 65 102 211 128 46 119 175 131
    184 34 48 97 197 25 73 180 198 226 139 221 111 226 182 13 41 36 221
    90 70 213 2 189 86 33 237 30 202 26 155 36 130 138 30 207 92 1 63 16
    107 128 121 62 74 116 126 191 93 85 180 236 125 55 163 207 136 208
    33 224 144 68 200 175 172 158 30 137 110 63 88 137 152 161 3 47 61
    151 57 199 2 168 86 139 214 116 10 254 89 197 95 143 132 40 79 98 96
    232 70 215 131 58 151 99 247 240 135 126 20 24 219 120 159 178 125
    58 54 163 79 87 182 130 60 232 152 65 94 72 77 119 168 140 191 170
    215 222 232 143 219 176 194 113 106 211 113 245 100 6 155 192 174
    246 37 218 167 203 120 51 60 84 29 115 70 66 102 227 22 147 122 252
    51 159 152 162 83 51 233 233 238 54 14 249 230 3 50 49 13 137 147
    250 160 3 171 89 68 252 113 122 242 5 178 40 66 143 139 204 228 167
    142 78 42 147 245 51 201 163 4 51 244 228 94 2 20 110 196 179 217
    140 118 117 0 57 211 254 16 40 51 28 105 120 137 53 106 217 30 182
    84 234 72 112 243 157 190 80 226 148 54 146 253 221 159 179 28 151
    35 30 251 19 231 238 156 201 191 225 189 54 132 161 58 235 193 219
    81 177 112 67 200 133 2 39 106 112 115 109 116 124 229 106 47 167
    198 86 59 125 163 74 185 163 123 113 167 204 12 10 118 115 201 234
    231 7 78 215 72 238 160 51 248 13 240 116 26 35 224 72 221 238 31
    203 253 248 172 111 185 203 71 100 53 184 104 117 228 18 157 35 141
    109 103 26 62 202 163 183 55 156 120 114 108 131 188 136 133 21 197
    164 205 192 88 79 26 136 65 22 85 255 136 49 232 214 151 45 75 24 43
    83 32 86 191 184 144 20 78 184 158 151 151 167 156 76 41 62 30 172
    37 3 154 185 177 88 62 20 171 17 70 230 198 58 72 44 46 195 147 207
    164 89 131 3 40 119 114 167 22 61 205 228 61 62 110 73 150 127 66
    199 177 248 14 125 247 235 138 25 163 52 188 139 7 255 150 50 164
    151 191 112 50 38 139 225 159 89 216 226 182 162 243 119 239 126 52
    30 84 27 70 180 218 226 68 94 252 183 225 4 8 183 101 61 252 29 117
    139 240 92 185 121 50 110 122 86 178 89 189 189 74 91 191 121 201
    152 251 160 123 56 112 93 3 94 154 182 153 174 187 57 175 190 147
    182 128 60 144 241 183 50 148 203 181 74 175 240 110 227 177 176 236
    212 93 35 174 169 109 92 215 146 4 121 133 0 129 67 100 217 82 244
    69 217 95 54 52 237 171 109 35 177 248 185 229 41 46 90 178 41 179
    59 202 131 96 168 120 156 86 63 64 181 179 92 230 106 72 246 168 42
    170 24 57 197 79 243 248 179 84 51 130 117 225 56 33 161 4 118 157
    141 197 60 6 244 143 41 141 71 102 99 105 17 171 203 10 251 164 125
    38 211 124 242 227 224 184 254 242 136 50 157 91 27 127 201 121 35
    96 130 118 52 165 251 18 25 53 111 137 74 57 112 187 221 157 5 7 68
    194 106 25 176 16 215 252 44 110 208 191 160 68 194 202 123 247 129
    169 137 162 171 181 212 242 247 143 193 155 143 244 73 145 242 238
    177 148 199 137 204 104 145 135 111 113 4 119 23 202 209 83 237 143
    107 222 22 67 119 157 206 102 179 239 78 52 40 51 134 90 111 227 151
    248 240 58 252 74 65 207 197 106 184 37 150 236 243 177 69 62 131
    245 194 122 192 47 47 192 207 96 154 248 78 33 198 126 0 147 227 69
    18 18 172 100 39 111 233 159 82 11 83 9 50 227 222 78 247 247 233
    168 27 168 76 174 50 125 114 158 26 165 54 95 198 165 7 69 246 142
    118 159 202 55 101 213 64 162 223 127 3 251 41 55 206 69 115 141 227
    183 175 13 149 169 1 47 128 220 149 155 224 92 53 121 110 244 255
    208 75 203 33 82 145 166 16 193 178 167 100 192 26 82 206 224 172
    104 198 176 0 36 142 222 158 98 229 48 33 194 203 202 49 171 145 165
    147 61 155 42 125 93 155 226 56 238 76 50 168 148 167 114 187 193 39
    207 233 157 172 187 180 20 8 115 24 28 156 204 124 176 106 246 162
    189 88 55 227 108 159 4 212 181 222 190 201 172 171 184 165 125 20
    145 134 192 18 14 32 29 217 138 209 41 68 155 134 42 233 181 150 245
    23 36 208 133 57 29 230 207 46 244 19 7 43 186 33 111 225 251 193
    225 110 10 31 54 98 196 60 26 131 10 235 254 119 111 237 113 75 48
    221 242 107 29 64 255 90 240 184 148 139 129 215 161 82 204 240 194
    88 137 138 17 13 240 55 12 113 244 57 216 116 118 115 135 63 43 139
    73 8 114 3 225 232 147 132 54 110 140 171 102 77 245 241 173 252 247
    210 182 81 155 213 137 12 9 161 95 211 13 103 98 162 209 7 222 38 9
    170 152 99 154 214 159 163 214 125 182 148 228 7 32 72 65 23 159 149
    248 238 36 85 64 104 250 59 8 175 105 40 34 93 242 127 136 44 10 188
    173 205 40 121 38 90 13 111 166 190 57 245 16 19 134 15 102 151 88
    147 116 22 42 37 1 11 194 47 135 202 30 185 41 236 14 241 254 190
    131 185 162 212 69 44 140 132 184 179 197 237 217 201 9 185 56 51
    106 206 185 244 43 176 214 23 12 27 105 228 48 148 162 240 78 186
    246 26 182 133 58 202 190 76 238 217 151 61 217 97 51 157 203 24 250
    138 46 44 193 127 33 53 184 167 13 155 191 80 50 16 73 163 141 148
    185 92 89 138 188 40 238 143 175 30 123 101 151 58 80 52 47 21 92 39
    148 173 21 23 49 247 143 134 85 82 169 81 70 223 219 200 193 10 89
    241 166 202 232 60 48 33 90 0 12 117 59 196 239 156 225 22 70 190
    155 9 36 187 20 84 199 124 91 68 178 187 85 219 202 184 6 156 172
    178 32 176 192 163 0 182 198 238 100 82 240 148 127 131 103 207 138
    240 147 22 126 101 226 194 22 153 254 73 74 16 139 18 122 55 178 122
    241 167 107 159 123 201 112 31 171 51 47 48 201 49 101 160 41 85 101
    141 201 237 132 254 253 49 186 30 107 150 173 144 81 61 20 146 146
    180 187 163 153 74 191 105 113 118 191 77 171 210 162 24 158 22 78
    185 219 209 145 40 95 107 112 122 151 61 162 221 242 5 12 77 202 221
    62 102 107 129 166 221 16 167 8 241 185 229 209 54 115 148 76 250
    230 46 220 137 121 240 14 214 174 159 10 15 63 0 144 93 150 99 207
    125 187 144 65 74 125 7 141 129 244 136 44 209 156 104 96 246 166 89
    115 145 222 24 241 24 46 149 182 241 222 90 84 107 162 32 118 39 164
    55 46 153 91 205 242 146 23 234 213 232 112 163 10 68 223 147 247 95
    252 42 183 43 38 188 218 155 29 80 12 245 134 213 187 187 173 195
    131 66 119 254 112 3 95 19 155 252 92 207 67 166 63 116 111 212 90
    195 10 171 190 1 30 233 125 82 119 217 36 90 97 234 208 225 102 175
    21 154 208 152 193 60 254 144 67 238 27 123 34 105 82 179 165 203
    159 38 243 255 125 241 10 86 40 179 198 21 125 95 83 219 195 243 15
    124 125 1 144 189 243 145 68 6 182 29 190 205 204 133 200 52 34 60
    74 240 182 210 180 7 152 6 90 78 140 30 242 198 82 242 179 215 88
    253 214 214 235 168 50 242 161 241 119 23 25 191 156 166 167 35 239
    117 174 19 203 69 208 236 185 28 43 179 181 16 246 218 210 198 91
    216 167 145 123 35 108 192 14 158 117 198 249 253 193 108 145 75 133
    189 132 226 147 109 124 243 163 206 17 220 86 239 212 41 16 89 113 6
    18 78 95 151 9 168 177 37 250 78 191 244 218 51 23 79 202 66 241 239
    110 201 168 24 51 138 60 71 53 189 69 180 104 44 4 48 67 38 190 217
    61 86 70 139 123 20 66 200 138 253 211 25 248 222 123 212 119 96 36
    108 86 102 15 30 154 69 53 9 147 162 11 100 215 21 110 219 117 10
    172 45 182 161 87 16 64 172 9 207 11 107 150 71 198 17 191 191 37
    181 123 214 221 245 237 93 138 4 192 26 121 83 77 118 186 177 4 99
    237 18 104 14 229 116 186 111 119 131 208 34 0 115 157 13 36 28 98
    218 211 235 198 82 34 237 169 109 195 156 250 154 149 77 190 222 80
    206 99 81 74 129 94 228 206 129 211 71 231 212 155 248 156 84 235
    107 223 38 98 28 88 116 101 18 59 176 34 241 24 138 221 109 124 252
    203 28 166 162 169 175 107 74 77 105 115 29 121 163 88 146 136 70 4
    142 27 116 211 220 96 72 133 170 178 121 245 217 214 237 207 121 252
    209 30 214 139 63 140 139 70 28 229 202 203 151 110 211 50 159 186
    206 4 11 48 169 72 244 150 142 195 209 37 116 148 37 219 58 59 25 37
    28 105 172 204 8 144 63 205 191 107 160 145 10 120 248 12 151 5 206
    95 90 135 242 30 178 101 222 219 187 107 212 44 157 105 48 102 30
    185 215 247 238 8 126 28 154 188 72 141 181 18 78 91 86 44 213 61 5
    59 45 108 135 15 200 81 110 106 241 146 54 193 246 41 121 175 35 123
    220 20 185 43 1 244 216 1 182 10 123 39 152 110 135 20 222 18 192
    202 20 223 86 251 195 184 49 116 87 4 28 24 148 192 219 144 53 222
    219 127 192 237 8 153 86 49 135 108 21 186 236 141 223 58 158 163 36
    2 116 163 173 205 225 68 158 202 111 215 163 209 102 213 130 221 28
    105 7 95 184 134 161 104 154 32 215 80 193 54 95 245 86 50 200 39
    195 55 100 154 10 97 11 145 205 248 37 56 238 238 204 63 100 15 108
    81 124 153 166 223 216 202 85 94 166 57 212 224 153 234 233 53 8 152
    136 94 1 253 96 226 129 0 140 240 149 234 238 124 211 248 250 65 160
    179 26 191 150 91 221 62 96 197 75 162 69 215 223 115 86 174 90 134
    209 154 125 248 88 252 126 91 118 24 43 249 183 66 232 19 217 209
    135 61 248 11 42 221 52 47 248 83 137 114 54 22 165 172 143 37 101
    204 133 113 21 135 140 118 172 31 251 253 6 62 88 231 249 231 50 51
    8 31 80 222 95 76 191 63 127 98 247 34 176 16 211 139 179 6 235 210
    49 147 105 182 215 154 162 113 139 162 7 102 105 195 142 6 235 229
    236 168 39 201 91 121 232 66 200 40 120 76 121 182 144 126 99 66 38
    82 55 104 67 186 168 190 33 149 43 214 3 64 97 156 43 233 249 47 32
    171 40 38 50 10 42 131 128 148 228 120 247 128 12 41 136 237 96 234
    52 38 235 255 170 136 9 153 135 63 58 244 56 209 119 15 141 186 51
    154 169 183 220 150 181 210 196 191 172 102 2 96 120 174 22 76 227
    81 253 74 231 203 53 61 180 68 133 112 123 144 109 114 176 44 137
    250 18 72 234 195 173 178 102 96 7 90 170 201 239 148 172 14 126 52
    182 66 90 153 167 26 4 211 176 8 70 192 87 160 8 8 112 92 52 30 240
    68 37 181 126 181 119 17 245 197 135 99 156 197 22 133 200 56 55 35
    87 147 100 245 158 157 119 39 152 115 120 148 86 242 21 58 108 44
    182 68 219 36 51 233 0 160 198 95 130 137 197 207 3 199 194 165 82
    190 201 119 15 225 102 153 243 176 231 37 47 136 9 157 240 84 92 2
    103 63 204 203 241 86 34 87 241 235 229 81 205 65 7 250 215 220 152
    171 168 181 189 100 130 163 103 103 184 98 246 172 24 4 91 249 30
    244 196 217 1 13 73 193 63 157 77 203 208 33 199 106 54 73 48 197 46
    23 8 28 228 75 209 60 51 234 208 248 139 175 65 200 251 154 240 5
    129 86 75 85 176 210 230 190 54 101 132 100 223 182 184 17 59 135 73
    138 198 109 223 86 85 84 1 38 66 31 211 108 78 113 110 171 98 15 219
    67 24 240 220 188 0 173 47 105 7 142 232 213 75 124 187 107 129 28
    71 196 68 77 4 143 180 205 29 226 69 57 178 229 200 199 91 176 4 173
    205 42 131 226 241 84 231 90 202 171 216 61 71 112 194 131 113 14
    118 252 1 64 198 9 193 195 142 185 29 194 64 163 176 11 172 252 4
    173 220 101 146 137 214 134 202 188 144 74 151 5 158 138 65 74 205
    118 120 113 38 204 26 33 30 119 97 35 88 105 91 147 129 83 70 106
    152 48 174 108 65 31 15 56 135 3 16 28 246 223 146 38 211 87 25 215
    69 221 72 94 58 35 251 248 7 189 34 15 135 7 159 68 205 230 5 223
    251 87 122 165 32 113 215 109 156 73 129 18 51 28 108 96 71 167 159
    253 255 152 230 245 107 13 223 108 71 46 176 102 201 77 211 185 196
    222 96 57 231 53 93 26 222 124 249 86 7 142 59 197 72 123 80 204 92
    48 204 240 223 5 114 43 248 229 27 46 63 27 47 153 242 222 151 28
    180 219 63 187 114 101 123 143 114 70 175 111 155 231 71 118 164 112
    210 0 59 196 214 116 136 140 151 17 119 17 9 18 228 222 115 219 8 33
    82 45 167 248 193 61 69 20 200 145 52 173 133 34 78 204 93 152 23 49
    88 50 217 103 215 2 55 224 203 96 220 103 246 23 108 155 203 70 190
    121 223 119 123 1 56 101 29 204 69 150 130 129 243 145 32 40 79 63
    26 250 3 131 220 46 170 161 139 51 245 71 64 169 124 150 157 183 217
    2 254 233 19 40 123 252 137 236 227 164 41 11 237 119 161 235 143
    113 213 203 168 128 240 223 245 60 39 240 7 144 142 191 228 206 222
    191 160 202 147 44 189 36 145 124 75 188 157 76 110 207 58 117 42
    107 225 56 106 109 67 230 111 185 48 230 1 129 56 223 185 159 143 40
    119 202 93 127 107 27 148 129 172 216 58 57 220 138 18 110 30 174 15
    252 214 158 17 61 105 144 52 142 240 111 245 94 57 81 214 53 206 126
    228 140 77 145 221 214 150 177 107 246 69 202 39 26 146 237 182 246
    144 195 79 97 60 160 108 53 19 212 86 5 95 23 227 149 151 22 119 122
    105 98 229 62 172 35 157 144 214 178 64 15 137 199 149 124 108 58
    133 171 147 254 47 178 123 83 211 57 44 113 153 91 248 121 169 156
    133 255 164 69 171 98 232 216 195 17 218 138 78 239 182 218 163 37
    136 68 212 224 19 83 195 160 89 229 115 132 56 103 4 67 34 194 79
    121 85 151 139 140 242 21 136 132 200 120 165 44 214 181 232 181 92
    55 94 84 100 56 33 43 93 9 135 154 31 49 155 209 75 252 136 232 204
    25 162 152 13 46 1 129 113 167 16 0 58 83 79 155 153 212 158 105 53
    198 173 172 249 65 231 119 79 248 69 57 76 248 120 99 229 13 253 156
    188 235 18 162 208 237 102 97 218 47 87 63 233 0 3 134 107 73 59 148
    165 86 254 242 129 84 202 147 147 190 246 179 147 228 211 80 181 94
    92 112 235 250 39 17 33 252 98 246 215 150 32 252 83 239 112 201 238
    113 225 204 222 197 198 140 201 181 151 230 234 63 52 170 202 13 244
    36 132 106 160 140 223 200 198 193 199 78 177 112 65 150 69 223 22
    173 25 1 236 246 220 185 164 14 68 27 229 18 234 144 109 250 62 199
    58 147 167 232 114 134 247 16 84 72 83 202 1 77 89 89 224 43 182 181
    228 248 217 174 138 93 21 240 202 121 134 2 166 4 224 171 138 70 217
    79 132 178 101 215 218 70 236 217 207 236 38 83 46 39 93 239 244 157
    190 228 3 10 177 205 138 217 87 188 60 77 251 84 146 245 22 89 63
    139 51 141 121 26 194 21 239 184 133 46 43 19 168 167 189 112 172 24
    45 212 108 31 245 217 77 55 14 120 24 94 63 55 117 116 48 134 177
    220 75 49 146 60 254 140 61 134 22 91 44 9 135 238 139 191 250 195
    211 28 97 82 84 41 233 3 250 146 165 45 178 67 159 47 190 46 120 184
    158 97 181 109 101 4 154 54 152 27 245 8 57 149 153 98 190 137 107
    56 236 13 215 31 243 244 146 172 56 194 36 97 105 86 172 181 225 164
    48 24 50 99 52 253 2 83 43 23 6 118 210 251 70 163 206 43 73 175 162
    145 211 26 150 159 109 78 99 215 236 36 201 80 246 61 20 120 34 106
    161 98 202 162 40 201 150 68 229 177 98 220 117 144 132 168 116 17
    140 147 75 176 46 61 100 29 137 11 218 50 169 208 49 250 27 84 138
    76 63 239 48 73 152 170 40 251 16 249 240 11 16 128 56 102 212 150
    63 231 202 235 27 129 30 48 59 110 106 127 128 150 247 153 69 8 238
    71 253 250 199 82 77 12 227 179 100 124 217 195 74 6 166 236 175 11
    12 109 87 144 137 56 223 243 88 159 68 7 125 226 113 53 243 118 216
    252 154 45 21 120 86 164 237 190 245 180 204 163 209 77 248 40 55
    187 16 221 125 69 81 157 227 255 45 155 12 119 43 83 183 70 43 145
    89 59 185 103 203 154 220 14 35 173 4 9 93 176 41 187 255 157 118
    246 122 131 251 30 94 64 177 243 236 48 254 21 121 58 61 191 47 197
    27 215 136 139 90 236 99 53 143 38 195 155 204 211 127 198 155 200
    37 134 124 194 175 32 97 94 173 189 24 143 214 197 105 201 142 226
    16 80 39 26 136 188 33 73 171 132 14 38 234 25 223 174 245 253 57 81
    59 24 88 26 6 14 25 134 148 187 108 74 105 9 63 0 95 188 28 180 111
    57 150 137 146 154 13 209 138 24 168 108 91 68 189 196 187 155 150
    68 55 119 232 37 157 207 58 66 127 105 251 168 46 155 24 18 62 63 40
    157 207 195 213 101 14 154 105 245 61 187 229 72 142 248 95 202 172
    57 129 6 107 217 236 207 94 171 248 230 5 250 190 53 195 201 90 51
    158 155 173 224 214 216 164 119 194 10 213 242 126 195 62 233 183
    223 137 121 55 16 30 73 211 143 214 54 163 113 212 49 183 232 136 46
    203 0 179 128 17 176 97 71 70 186 227 217 244 167 96 128 82 123 16
    237 92 243 0 232 212 191 172 87 7 216 20 177 138 52 25 65 78 117 251
    147 85 72 130 179 23 240 122 25 123 238 97 149 129 73 7 166 245 157
    80 237 205 21 135 74 174 252 72 2 255 121 168 87 151 166 186 163 116
    209 224 47 49 102 25 90 172 150 255 35 211 80 243 74 8 69 152 116
    124 15 75 118 76 240 127 6 53 200 86 240 219 221 40 150 215 239 88
    85 121 72 191 153 250 233 9 91 135 49 124 189 153 73 130 190 211 69
    243 223 78 182 43 35 51 104 146 141 247 216 171 84 100 225 175 249
    35 235 191 110 152 237 42 67 206 103 92 93 196 239 148 190 19 204 78
    70 102 202 123 145 70 24 99 113 142 246 143 22 81 158 222 56 44 143
    187 211 223 89 171 224 122 223 165 253 234 136 202 22 150 85 105 142
    40 51 58 194 125 197 255 248 231 134 120 17 158 8 47 55 72 134 254
    151 21 81 26 95 88 126 241 195 65 2 44 191 43 176 152 192 167 122 14
    78 70 250 219 87 81 51 76 51 190 47 244 230 187 220 128 117 255 173
    95 198 247 86 185 11 128 185 5 145 101 50 212 146 41 123 67 151 114
    150 188 150 228 201 72 218 96 19 51 206 177 113 201 102 7 109 89 37
    193 144 13 11 158 43 57 105 4 175 179 14 48 210 184 103 84 123 146
    206 130 7 171 213 132 158 228 13 47 212 233 165 9 97 58 181 162 223
    232 225 207 207 47 138 112 179 61 106 235 218 93 49 76 130 46 40 62
    160 199 110 163 61 253 44 150 66 68 47 76 19 245 28 143 249 146 117
    203 162 133 124 88 91 37 181 52 228 48 185 203 16 158 92 174 96 53
    60 204 31 27 179 14 192 241 41 81 138 215 161 240 78 132 87 6 198
    178 31 32 230 231 63 88 102 170 237 41 129 220 219 160 210 30 68 179
    39 60 63 250 127 207 42 126 156 112 214 134 116 112 169 130 143 96
    104 48 198 145 80 11 177 93 48 120 86 246 166 247 133 126 127 161
    187 112 202 135 186 55 33 26 212 215 76 72 141 16 250 32 121 132 250
    238 14 98 197 40 252 26 209 133 47 209 39 3 53 13 200 9 189 93 6 90
    49 249 126 45 30 36 175 3 109 72 79 255 197 143 128 16 36 210 173
    141 181 194 234 103 59 18 102 164 231 174 83 238 103 192 44 30 66
    109 156 132 168 157 221 156 52 128 144 225 252 165 34 54 222 197 74
    87 241 140 145 73 69 193 37 165 131 115 137 188 135 163 108 122 241
    110 136 136 238 22 66 84 43 233 106 146 193 159 162 107 96 179 156
    238 44 83 125 120 93 38 70 43 170 180 77 207 207 120 179 117 109 96
    178 12 255 236 55 63 47 209 230 127 165 45 200 129 96 221 26 11 113
    212 34 203 199 197 23 50 188 184 94 95 44 90 251 33 227 233 255 180
    57 213 66 161 206 26 157 133 113 98 147 190 188 210 51 164 181 230
    150 41 128 222 226 184 185 172 188 222 33 217 250 22 56 44 225 38 40
    21 246 208 218 14 87 110 105 4 109 156 154 111 205 125 162 65 197
    154 171 96 242 228 174 81 4 181 170 248 150 69 221 117 110 171 154
    141 195 198 179 138 137 18 49 76 206 52 77 194 142 33 4 75 223 32
    128 21 66 25 87 203 69 245 66 220 67 253 160 120 234 52 79 30 98 123
    93 230 53 218 1 71 186 158 227 103 149 129 231 153 203 233 144 42
    250 3 70 122 98 194 18 46 55 152 151 74 230 203 255 115 155 60 199
    185 104 213 217 208 173 144 200 94 231 74 226 64 53 6 145 158 108 6
    7 101 68 197 25 120 177 210 254 117 210 97 116 237 171 27 122 61 243
    191 208 252 33 252 204 122 107 111 202 10 99 183 104 63 204 58 214
    12 237 84 204 174 231 174 152 99 52 100 244 107 147 152 172 35 185
    74 155 128 79 127 21 210 113 206 57 222 79 155 159 26 71 164 59 91
    207 21 38 240 51 69 85 90 102 200 132 217 244 62 98 81 127 79 41 221
    156 139 135 132 213 143 35 234 50 29 242 35 160 230 25 139 6 85 110
    87 215 44 142 88 190 109 150 22 28 108 242 117 42 95 18 44 169 2 59
    97 93 43 169 40 89 230 140 36 217 93 234 249 112 33 75 217 166 138
    198 55 111 50 240 182 23 11 74 48 164 80 61 57 14 66 196 217 230 144
    41 112 133 166 110 192 48 250 54 142 222 44 81 157 151 19 16 46 52
    192 234 182 201 152 246 198 149 103 143 37 126 210 67 131 23 44 123
    92 73 210 207 223 167 170 21 238 247 253 248 77 105 97 153 4 147 237
    28 123 162 218 163 226 57 178 51 109 8 219 190 49 240 196 5 209 198
    182 175 140 205 13 247 7 190 223 220 95 172 133 162 80 233 113 84
    226 201 246 225 141 139 55 52 60 1 245 79 104 253 114 127 124 67 158
    220 239 138 98 9 3 204 84 8 152 234 11 68 170 39 172 71 41 175 226
    20 31 56 47 147 195 243 109 238 139 30 71 73 224 127 1 113 49 169
    177 189 225 253 2 166 205 1 158 206 234 89 77 215 180 59 189 235 119
    47 143 69 66 144 213 241 181 23 211 188 239 176 119 26 78 150 5 28
    38 138 52 232 78 113 0 78 164 251 51 139 117 254 87 163 254 2 159
    230 70 8 70 235 252 137 204 254 29 241 131 6 184 222 157 172 194 73
    229 224 247 148 156 50 137 37 152 82 199 170 64 54 136 120 162 63
    168 97 9 239 237 238 46 253 165 66 90 86 104 145 107 123 63 184 195
    71 139 83 21 85 217 99 240 14 147 139 233 168 104 224 194 185 24 14
    201 59 40 157 88 130 211 46 14 3 185 139 252 6 67 127 99 141 211 67
    93 64 182 164 231 54 171 26 243 208 125 43 34 154 97 72 137 210 245
    154 176 173 236 235 70 91 254 146 131 85 61 70 1 206 62 248 37 62
    122 234 129 11 164 130 10 209 250 58 115 76 200 236 138 10 226 38 89
    114 122 28 92 125 156 248 132 37 217 79 74 171 142 36 145 112 116
    190 218 187 54 199 230 153 30 22 130 78 126 35 66 118 188 146 114 74
    193 201 41 230 175 241 87 13 157 150 40 105 18 25 104 3 72 76 42 101
    9 131 44 216 203 159 186 1 117 100 171 9 248 99 3 187 236 61 51 129
    63 70 96 111 11 189 183 99 67 123 254 140 140 105 203 137 13 180 240
    45 32 60 218 77 175 71 51 104 232 42 73 94 112 223 150 174 108 68 75
    2 89 211 71 82 44 40 170 58 248 137 204 234 44 169 67 178 140 232
    148 70 249 232 16 223 245 31 122 18 185 155 187 0 100 130 254 48 55
    177 175 77 13 225 112 14 122 65 249 124 38 170 21 161 154 192 47 212
    127 243 115 243 98 108 181 27 112 189 50 198 189 83 172 150 16 151
    210 250 114 86 177 123 168 147 163 18 206 40 200 138 142 86 94 128 6
    144 174 226 246 30 121 26 202 147 15 170 239 199 36 211 33 111 123
    217 182 3 171 88 72 244 204 165 204 2 45 240 50 154 210 186 168 110
    16 9 12 146 241 101 56 130 168 0 143 1 148 223 117 196 54 227 255
    168 182 151 169 135 147 11 247 43 239 46 219 5 91 120 41 61 58 173
    60 57 186 131 241 191 39 7 167 183 211 218 4 9 84 109 212 46 244 176
    254 74 214 167 214 133 121 157 173 35 236 7 62 3 77 153 41 211 51
    169 0 171 110 234 198 199 135 173 82 161 158 38 73 132 9 166 28 162
    241 149 210 125 7 243 184 85 8 92 241 239 108 21 29 111 153 212 172
    100 224 40 94 186 47 148 60 34 181 83 246 119 199 109 188 4 229 147
    29 78 127 12 76 191 187 152 206 72 34 82 168 52 76 134 78 147 84 188
    196 254 177 98 8 80 86 249 26 23 255 239 63 79 21 215 119 0 182 21
    224 239 36 113 100 175 98 209 37 82 2 207 165 246 242 169 61 47 237
    115 221 158 112 156 157 37 163 74 69 5 66 243 40 107 249 116 6 216
    234 16 174 88 159 229 104 114 190 10 5 233 241 215 13 49 54 55 82
    195 176 152 107 130 40 9 248 132 106 90 139 156 126 187 111 114 94
    207 174 121 19 7 32 226 185 25 169 211 113 144 91 17 214 144 126 231
    137 106 115 2 94 18 232 138 59 124 173 195 242 225 9 253 50 237 17
    125 42 212 27 150 57 221 192 255 174 207 172 205 131 144 228 128 104
    164 127 172 44 250 37 204 34 39 85 129 2 4 203 82 251 113 99 40 174
    176 4 142 80 135 126 142 97 238 172 213 35 174 253 100 133 197 17
    158 100 232 189 225 199 26 46 236 248 222 8 72 89 194 161 66 136 112
    59 122 44 49 236 116 166 200 153 24 123 203 213 16 140 149 42 169
    183 67 70 145 242 141 2 111 140 43 108 62 142 205 42 8 129 48 164 65
    221 68 214 254 107 119 10 27 54 183 10 29 214 223 199 199 183 18 50
    155 119 152 245 17 37 233 85 17 137 200 9 48 15 85 117 203 216 126
    192 247 108 135 6 91 82 225 115 248 55 96 28 192 16 206 199 96 36 75
    185 252 164 97 1 67 146 80 62 3 143 137 127 190 58 216 131 40 156
    152 197 176 175 11 106 39 177 82 37 160 148 43 55 168 7 191 185 156
    37 68 249 97 217 183 44 110 189 213 64 110 29 10 138 125 205 183 90
    73 88 68 207 63 51 191 80 254 228 199 133 220 99 44 64 97 192 56 225
    71 235 182 76 61 100 1 69 1 180 56 73 47 218 252 80 127 194 210 114
    226 182 60 49 137 37 15 200 130 116 145 208 144 8 187 195 250 146 78
    95 208 18 60 53 184 227 58 205 202 109 68 72 98 69 219 196 252 202
    151 197 45 139 86 62 51 208 226 126 60 33 96 140 241 164 106 113 147
    134 98 67 167 127 12 176 53 179 75 41 235 49 5 0 101 99 98 27 151
    250 39 108 254 70 47 189 92 130 176 157 49 80 103 87 165 30 5 43 95
    187 105 96 77 171 175 245 215 196 140 165 160 216 198 142 161 178
    115 105 81 57 172 84 123 193 21 226 120 238 12 86 241 198 126 39 232
    205 163 82 68 91 107 37 105 2 92 160 105 247 166 76 30 28 139 198
    152 109 5 211 56 252 135 80 85 4 67 218 71 183 77 40 231 148 9 87 75
    106 227 174 53 253 216 235 170 255 7 114 148 85 185 11 139 143 85
    255 122 206 109 22 169 90 195 78 84 211 7 189 167 125 20 23 78 224
    203 62 191 125 72 37 57 212 91 180 78 202 214 36 3 175 183 136 54 50
    81 125 191 163 116 123 145 242 103 187 194 28 68 38 166 63 65 143
    233 35 31 115 61 48 92 163 95 37 231 110 84 244 69 145 70 105 111
    166 216 235 41 219 58 226 100 177 216 36 58 162 13 160 178 207 69
    198 98 201 14 230 235 124 215 243 233 11 166 32 124 179 227 15 225
    231 122 24 217 150 64 148 211 239 255 51 160 62 110 254 174 34 83 46
    7 113 52 5 65 33 103 65 244 134 238 155 109 187 249 42 5 40 69 144
    217 16 21 60 20 75 164 103 136 243 162 169 146 237 131 183 90 154
    116 187 32 20 90 72 255 136 244 82 158 36 114 211 40 247 241 201 237
    13 235 213 93 154 184 10 187 171 59 179 108 131 40 137 155 21 202
    171 103 254 101 218 37 19 77 3 126 240 77 81 183 154 65 147 194 114
    69 201 146 133 161 116 213 202 17 23 151 165 166 123 178 207 19 101
    55 1 206 160 85 137 17 233 103 158 165 162 140 183 21 12 155 6 1 72
    227 58 117 9 96 232 9 96 78 28 12 206 192 165 190 159 157 121 154
    137 108 181 155 189 72 146 65 106 61 89 183 249 86 232 184 29 138
    200 99 26 121 176 59 197 195 226 241 136 145 237 99 89 217 150 65
    150 203 191 251 233 85 189 170 235 152 21 180 14 140 97 82 172 101
    12 167 70 98 4 71 232 71 100 25 210 91 175 124 93 59 169 208 249 8
    93 197 155 64 185 231 255 117 192 126 201 15 156 83 144 45 148 179
    171 90 236 88 194 174 132 134 251 213 188 216 203 68 87 209 139 202
    36 85 138 10 249 216 153 128 84 99 106 44 22 63 242 46 115 8 88 133
    98 26 136 234 67 58 241 186 103 27 223 184 39 225 240 187 127 201 89
    98 17 223 238 228 2 159 38 14 135 19 126 108 75 227 107 162 216 225
    198 17 4 22 196 12 196 121 101 176 45 172 170 5 239 27 97 219 140
    225 160 172 12 105 176 144 171 87 222 0 214 70 250 203 87 34 173 128
    134 242 64 124 228 224 20 244 231 163 98 76 116 101 198 43 36 75 154
    16 115 228 100 217 173 250 175 50 0 67 51 36 195 165 16 235 36 130
    216 116 6 86 151 21 204 90 246 202 230 99 224 63 23 194 208 111 156
    171 208 98 192 243 85 86 84 99 177 248 247 1 188 117 189 4 13 3 27
    143 5 220 7 102 41 33 101 142 39 7 206 239 159 150 126 31 158 86 221
    48 109 234 144 0 139 212 134 136 105 149 55 112 0 221 46 226 213 67
    29 197 115 108 32 233 170 221 166 124 223 136 36 133 189 25 29 132
    122 116 182 88 249 161 78 96 201 86 3 150 95 36 140 151 164 137 99
    170 194 21 111 120 85 125 185 153 84 51 107 97 209 62 199 217 245 63
    250 218 181 47 252 60 85 130 48 210 49 94 90 158 109 170 214 147 2
    144 172 236 51 246 72 234 135 28 30 66 96 3 159 234 96 204 65 189
    235 62 191 5 149 240 40 10 16 182 224 204 177 121 249 62 217 158 9
    33 32 101 70 143 72 211 196 212 135 196 12 183 180 61 12 10 97 182
    36 97 119 251 147 225 241 117 131 146 181 4 205 232 92 207 114 111
    172 238 16 202 248 167 92 57 62 231 141 108 35 249 217 77 77 157 189
    246 30 92 174 144 173 251 21 191 225 119 15 11 240 77 162 155 152
    148 68 145 151 90 120 154 237 86 195 179 101 227 92 34 198 175 189
    191 45 238 110 11 230 240 114 71 113 166 86 97 182 61 216 2 85 214
    125 154 107 110 122 204 140 217 160 191 172 223 38 160 48 134 43 175
    21 30 181 205 75 213 189 124 58 186 213 53 223 125 154 62 139 136
    203 102 155 64 171 56 48 23 128 226 135 102 188 205 226 97 223 195
    28 173 179 215 171 125 203 96 12 130 204 223 188 209 24 211 60 109
    93 110 77 200 92 63 133 111 14 169 149 92 221 182 207 20 14 132 255
    149 221 242 172 207 120 159 132 108 222 153 196 206 199 53 12 114 53
    182 192 249 75 174 160 229 125 87 83 154 28 70 134 192 16 132 230
    104 18 24 181 248 243 47 137 129 152 220 224 66 68 95 28 153 145 105
    137 134 43 152 89 108 208 0 100 126 129 23 122 184 85 250 42 167 129
    154 75 204 204 242 141 215 73 51 192 118 99 30 85 31 203 17 152 249
    111 106 41 182 142 51 33 205 82 39 211 202 173 51 141 120 72 178 193
    100 67 114 33 236 249 246 175 144 0 207 163 151 137 96 193 194 220
    252 165 112 12 131 68 174 219 115 139 154 201 188 34 75 50 119 177
    33 117 63 49 0 192 252 237 35 43 225 121 163 255 222 66 185 84 223
    32 160 112 220 248 0 196 106 207 161 211 74 145 175 80 133 114 122
    74 94 247 10 152 143 19 114 102 190 85 166 9 20 180 193 64 131 75
    124 42 74 75 23 118 17 125 111 255 4 68 107 201 146 116 45 238 234
    204 26 197 102 129 215 20 89 68 178 142 238 4 130 161 149 66 238 231
    19 43 87 138 155 69 165 255 193 91 171 181 139 160 147 225 197 2 58
    193 210 40 144 92 235 216 120 148 3 237 50 236 111 64 92 183 218 66
    226 30 148 175 37 10 45 238 189 171 12 186 112 103 98 109 216 177
    210 252 45 228 59 201 180 6 210 185 171 183 59 68 192 198 162 81 134
    194 162 78 106 82 185 1 16 91 115 0 189 179 84 139 41 249 195 134
    120 36 54 157 109 12 111 208 187 3 107 85 79 166 195 149 21 222 58
    75 5 106 148 68 238 186 250 74 15 25 40 183 98 61 168 164 212 125 9
    59 218 166 223 240 150 162 40 95 185 169 244 170 140 25 255 163 60
    124 19 158 81 202 153 7 120 62 120 160 120 182 193 107 224 192 69
    226 224 127 238 175 77 56 80 110 165 149 117 114 104 174 10 8 64 72
    115 140 50 233 253 224 166 230 153 86 236 227 60 83 10 180 147 215
    96 127 146 217 233 144 167 80 185 142 232 39 13 107 4 36 113 97 120
    52 36 180 30 48 186 145 154 40 243 71 212 151 105 147 74 74 200 154
    253 79 182 7 6 82 105 43 147 12 202 115 234 29 7 83 215 16 183 123
    64 65 22 94 186 70 210 206 90 140 147 88 203 51 191 7 122 101 89 251
    253 73 69 148 109 145 81 215 89 171 7 230 187 113 67 39 46 37 179
    161 195 76 197 116 71 254 46 69 222 111 224 172 85 224 191 102 206
    220 206 107 87 156 205 127 235 215 113 171 173 69 250 41 68 171 69
    126 38 62 101 14 101 225 201 76 163 129 221 111 27 175 92 33 110 144
    117 209 165 58 222 224 83 218 20 203 189 150 186 251 149 118 6 243
    39 87 226 120 3 236 206 102 4 148 80 123 125 61 17 171 207 85 203 10
    20 118 244 89 32 0 154 134 153 121 43 47 18 111 230 78 115 24 32 37
    83 50 133 149 48 89 23 72 64 26 53 220 137 62 226 222 10 100 70 36
    225 34 8 202 15 140 90 186 137 45 78 15 106 158 22 118 106 180 18 23
    219 48 25 171 220 110 37 177 80 45 100 115 68 213 231 145 217 62 41
    38 148 22 206 173 148 133 53 144 156 34 182 60 118 60 187 254 114
    120 155 199 166 63 185 246 166 183 67 130 47 235 196 55 207 55 135
    59 245 205 226 23 241 133 134 229 253 15 134 130 138 157 65 215 94
    182 4 188 182 86 148 236 173 227 112 248 202 19 114 225 89 196 188
    107 241 107 211 153 195 245 200 53 186 233 11 201 156 14 200 94 58
    56 208 140 82 230 15 104 100 73 107 221 51 181 23 120 39 143 67 178
    91 96 13 142 211 138 11 68 214 38 208 58 3 78 204 235 183 106 235
    139 57 62 40 241 172 45 88 11 51 255 73 82 84 236 33 21 141 198 47
    202 249 96 215 232 12 109 65 60 127 51 120 255 3 109 75 101 107 30
    147 211 137 183 17 175 224 14 141 96 164 183 39 165 226 38 142 62
    102 73 92 140 214 130 192 72 122 6 228 84 9 241 251 141 149 208 150
    85 65 254 231 224 212 92 97 93 177 10 248 94 238 78 239 21 112 237
    136 191 55 217 0 115 246 211 77 72 189 181 17 213 216 124 153 67 73
    82 12 199 184 223 209 195 240 29 4 223 130 200 176 233 95 80 179 158
    222 255 19 61 15 218 65 192 2 209 209 102 232 85 243 65 244 202 134
    245 38 89 192 73 65 141 110 242 197 64 117 59 136 214 50 94 235 72
    19 28 246 76 33 131 219 197 211 91 9 38 215 211 170 219 95 231 99 51
    244 167 197 113 36 109 141 200 196 213 234 176 199 207 141 247 24 96
    108 24 229 181 91 179 40 179 246 43 187 184 176 163 149 104 254 132
    152 111 200 71 80 135 91 136 84 43 51 203 164 155 167 71 150 98 36
    144 155 248 241 139 71 151 131 236 76 109 210 170 103 179 138 119
    199 252 202 226 243 203 147 204 16 189 94 154 184 103 34 120 97 53
    110 91 54 172 80 192 80 3 179 191 53 214 115 194 127 191 76 45 54
    245 222 87 9 7 193 123 195 128 175 67 208 19 165 147 61 253 238 60
    82 245 115 198 234 230 170 162 27 252 0 182 190 32 235 77 78 198 24
    200 198 251 104 14 90 243 58 177 213 148 136 217 35 45 44 245 81 121
    189 127 157 144 255 131 181 139 106 39 32 183 187 247 15 129 63 124
    6 8 80 164 245 234 48 160 155 35 103 246 174 98 72 9 0 18 192 34 1
    32 119 25 48 79 249 9 12 93 222 226 100 67 75 106 137 228 155 147 72
    35 66 106 173 202 21 184 82 51 216 125 32 104 251 73 220 11 255 54
    245 104 110 26 26 138 134 28 23 244 176 106 212 211 160 14 145 25
    213 172 28 127 20 250 42 7 114 193 146 76 17 13 140 208 205 54 246
    71 208 186 125 229 165 18 32 85 37 41 156 7 86 16 170 250 151 15 129
    235 140 209 77 45 114 170 230 242 33 89 233 62 37 216 63 133 142 98
    49 43 51 155 51 27 85 82 120 200 228 208 213 17 213 135 164 108 52
    58 171 181 35 172 88 108 44 30 208 122 55 236 176 189 27 133 227 180
    208 0 244 174 11 171 113 148 243 161 242 42 152 43 219 84 39 43 121
    54 133 25 78 181 228 76 121 157 253 185 101 139 37 155 221 62 150
    110 239 180 3 147 254 108 43 167 253 121 234 195 212 16 180 19 245
    76 178 169 207 17 32 240 42 126 163 86 175 177 93 65 208 115 116 95
    154 233 232 2 204 32 230 56 183 134 178 236 144 14 72 239 162 207
    105 49 190 207 84 202 185 84 83 19 160 28 192 208 79 129 176 144 218
    101 197 13 51 25 14 173 145 88 51 223 126 10 193 126 181 36 12 24
    200 210 32 126 170 75 85 85 181 185 188 26 96 2 123 101 113 170 70
    56 63 166 227 82 189 63 66 110 134 163 32 5 241 175 104 75 216 245
    104 55 209 56 116 202 151 113 173 131 221 140 47 56 77 152 104 215
    232 179 106 38 174 104 184 154 52 66 194 211 173 166 5 166 159 8 153
    21 77 96 18 172 57 125 151 150 0 116 59 39 218 146 54 164 179 89 157
    254 54 65 32 230 59 232 171 201 114 29 51 137 193 180 0 147 185 47
    120 252 96 125 58 220 59 247 55 8 92 170 223 203 13 124 58 138 117 7
    40 233 157 107 72 74 105 109 45 94 234 109 245 43 191 28 1 185 88
    161 202 237 33 56 94 78 116 33 25 46 106 216 117 108 145 52 21 238
    70 37 4 81 252 4 173 167 81 185 67 30 113 177 215 20 81 187 51 122
    52 193 154 108 128 7 15 121 68 154 77 204 116 219 208 73 29 50 176
    206 175 199 250 234 180 87 131 157 25 41 53 203 51 131 221 108 129
    169 254 96 197 13 208 93 25 113 253 184 207 221 194 164 150 10 184
    156 111 254 247 213 131 245 94 0 105 121 97 223 116 110 245 4 142
    233 118 130 222 6 184 35 170 158 253 206 102 15 189 8 47 254 41 215
    169 107 250 194 106 132 167 124 127 9 233 169 176 161 232 152 40 52
    177 222 154 186 54 100 78 166 37 8 15 126 40 191 28 55 236 181 33
    138 204 221 48 9 241 105 213 252 220 243 134 251 142 243 228 27 79
    113 252 20 43 174 43 247 176 46 254 36 249 102 251 170 210 182 202
    153 249 59 26 122 56 24 161 121 251 63 216 184 247 189 231 53 92 51
    140 116 130 110 64 189 108 68 67 226 88 183 47 8 208 97 213 255 166
    130 73 29 186 91 85 129 65 250 250 238 112 160 254 111 7 227 75 187
    176 249 21 189 241 180 90 138 220 95 47 50 187 243 57 133 62 40 52
    241 86 173 12 16 127 71 151 105 54 41 96 80 115 48 96 46 45 108 188
    164 78 75 61 177 241 109 117 88 5 194 72 16 211 44 226 178 103 221
    226 243 79 225 75 52 193 131 9 74 183 61 136 41 197 186 4 15 20 191
    42 97 176 127 12 200 23 133 103 240 16 188 41 55 10 88 107 252 48
    101 49 239 59 1 166 205 6 241 109 152 215 120 102 96 235 28 117 253
    193 37 18 84 110 82 150 133 221 39 88 132 41 185 201 171 29 66 233
    129 156 192 102 75 206 252 221 178 24 192 63 229 171 31 34 207 38
    227 247 154 178 233 188 105 246 121 213 184 102 22 148 128 45 228
    200 80 165 156 216 19 47 139 251 61 146 94 118 142 107 47 59 73 10
    45 33 157 57 24 48 4 208 8 165 137 12 105 26 226 222 179 21 11 105
    114 75 2 251 215 199 46 24 41 83 109 114 17 105 248 5 102 235 122 14
    54 196 185 221 0 54 119 39 147 248 140 197 169 208 20 246 134 252
    169 122 179 199 230 106 234 17 62 112 192 58 154 227 141 119 214 106
    110 246 4 253 57 98 42 106 16 86 6 227 72 229 106 102 147 38 182 95
    202 68 134 119 29 246 94 146 14 127 237 141 247 156 203 197 22 222
    17 234 140 104 205 196 145 125 227 92 162 178 248 183 228 1 189 156
    85 185 159 64 78 5 210 214 229 26 30 185 224 65 63 38 213 50 149 222
    128 27 254 99 18 57 231 200 144 29 127 32 138 149 167 246 226 101
    217 13 92 204 177 142 39 152 11 205 116 153 67 66 28 219 93 165 6 72
    140 13 146 0 43 241 61 188 247 173 209 80 89 238 202 12 224 221 95
    40 138 12 20 77 139 185 190 176 84 130 39 69 87 26 2 25 34 18 189
    208 9 22 4 196 51 48 80 43 46 25 103 182 251 45 22 235 34 231 75 236
    71 223 174 74 200 55 202 42 11 108 28 162 201 247 23 187 58 21 109
    227 150 205 43 48 65 6 171 150 30 190 206 182 155 3 22 131 213 160
    171 94 242 111 111 125 31 170 0 87 156 165 20 7 185 251 155 120 123
    33 213 57 181 216 127 136 84 64 108 170 124 165 36 62 188 123 52 24
    184 108 109 13 86 61 18 240 205 251 157 227 202 57 204 116 195 199
    194 79 12 250 27 243 199 217 22 199 241 194 212 232 8 63 17 146 153
    81 204 132 203 58 213 13 163 157 204 160 38 47 123 41 194 146 83 72
    158 92 252 90 228 150 177 70 239 17 161 202 144 171 152 106 7 153 61
    177 73 250 172 150 211 144 98 195 145 34 229 93 207 73 120 254 73 40
    60 130 103 87 168 242 61 197 3 93 92 117 190 164 149 216 169 114 30
    97 208 109 37 83 69 69 75 157 116 60 86 117 3 22 211 199 76 157 71
    52 140 128 26 212 179 123 229 253 25 63 136 80 131 79 21 139 238 177
    233 115 96 18 97 199 121 239 236 73 141 141 251 107 104 228 243 52
    223 145 41 193 192 115 5 98 133 36 99 244 205 105 199 22 85 247 35
    144 180 90 15 214 63 175 191 138 236 21 87 132 215 43 129 100 68 253
    61 115 204 53 143 14 41 148 90 64 152 251 10 199 167 74 137 110 246
    107 88 81 123 184 238 171 159 146 209 229 48 12 190 201 102 247 206
    190 156 43 126 243 131 198 54 226 157 238 67 179 112 28 238 241 154
    158 178 181 194 82 208 78 122 72 20 162 178 86 69 127 220 0 54 44
    226 203 255 109 14 160 83 127 144 180 70 174 132 71 127 145 230 124
    28 10 225 38 27 131 181 161 69 50 35 20 239 134 155 57 125 199 153
    53 41 16 199 247 111 187 23 143 214 112 0 93 35 150 19 109 196 218
    159 10 31 83 218 91 151 185 154 139 175 227 11 151 182 6 245 150 10
    144 109 48 152 61 212 247 44 81 122 89 127 40 82 86 81 88 228 122 2
    189 182 162 95 203 228 240 187 255 191 149 210 152 3 26 33 66 34 5
    73 69 66 202 84 101 83 81 245 184 63 129 184 229 43 220 12 221 42
    217 253 80 157 234 150 76 81 217 204 125 55 250 62 95 193 163 191
    104 72 160 171 212 34 177 251 68 29 253 237 92 92 2 54 79 81 59 199
    9 99 147 119 203 36 120 131 103 84 213 194 24 18 207 40 148 228 236
    28 15 222 164 133 130 32 14 68 121 89 182 144 6 211 126 170 197 11
    94 255 75 184 9 187 69 138 189 10 252 207 58 76 152 218 40 18 99 43
    117 215 181 13 84 97 74 99 15 215 130 5 151 215 64 165 145 238 104
    227 103 32 74 68 240 14 76 243 109 29 8 90 146 57 115 105 10 221 255
    159 80 60 49 174 31 199 22 203 37 152 112 111 133 154 71 243 104 35
    89 124 126 52 174 182 68 235 177 244 13 123 208 211 223 199 54 179
    43 117 182 52 31 166 206 201 3 73 15 233 249 43 68 167 98 134 242
    209 234 154 194 161 59 121 175 46 218 32 30 73 52 35 205 244 142 198
    83 53 215 2 100 213 255 157 160 49 225 129 14 198 147 248 73 119 193
    166 64 152 179 88 47 104 89 4 216 48 93 64 13 33 231 214 168 136 108
    191 153 108 211 164 33 243 136 222 74 227 83 20 56 68 46 179 226 158
    174 1 159 202 162 79 193 251 121 247 178 228 215 16 154 55 169 205
    54 11 88 104 46 44 127 249 177 164 142 193 136 219 194 170 216 71
    172 136 32 99 66 138 31 252 85 252 16 98 143 181 166 203 39 33 3 2
    57 77 6 0 229 150 22 171 80 144 157 101 13 210 142 144 102 8 140 140
    139 236 255 17 103 115 248 18 31 185 34 18 125 154 248 203 199 128
    205 73 134 83 152 153 29 112 203 141 244 48 98 122 16 118 80 182 143
    57 106 65 75 163 100 5 36 124 248 55 115 153 205 185 142 11 243 37
    174 139 21 149 124 151 122 60 35 168 116 189 175 214 214 6 185 251
    50 110 184 49 127 54 57 198 86 56 199 127 235 246 243 245 55 40 194
    219 138 20 45 199 38 172 196 201 136 104 192 222 138 41 17 89 47 138
    179 222 194 64 99 1 201 159 158 39 141 119 204 239 169 172 86 154
    129 141 72 170 88 152 247 21 65 110 94 254 141 189 159 163 246 100
    232 94 218 86 84 91 59 84 144 26 136 108 75 21 181 58 37 143 2 161
    89 220 125 146 17 95 42 115 198 124 168 77 208 1 61 37 130 245 147
    73 65 47 211 150 64 137 222 111 153 10 199 198 251 220 1 253 244 188
    14 229 242 48 10 123 191 125 0 25 253 28 247 155 126 163 94 250 39
    31 44 68 15 249 39 31 0 39 173 193 42 246 14 62 246 141 237 53 198
    137 229 116 149 111 68 65 0 74 217 66 48 89 101 25 230 24 22 227 38
    99 184 115 229 51 27 230 36 221 179 143 101 227 138 86 9 196 145 112
    77 29 164 14 87 1 218 68 214 78 164 169 241 19 86 36 218 39 227 185
    19 63 43 61 42 229 3 191 13 60 109 72 94 113 235 42 192 136 103 246
    222 77 204 122 244 51 171 246 192 182 231 119 100 81 44 51 92 3 23
    127 37 80 118 2 136 51 246 229 5 213 102 162 171 179 159 63 46 250
    72 187 196 6 158 232 110 33 163 114 188 135 241 59 58 108 91 181 99
    123 211 124 95 147 52 158 148 70 120 72 177 24 212 175 236 223 170
    181 91 4 218 146 208 224 194 246 207 200 36 98 76 200 82 241 134 38
    145 186 1 70 143 160 66 238 212 148 197 97 101 86 125 33 147 12 249
    64 61 13 62 143 8 196 226 93 28 131 122 40 33 224 107 180 28 57 67
    11 145 60 143 76 228 89 159 204 114 102 86 231 233 31 121 223 27 85
    190 4 60 112 178 188 119 37 189 35 74 17 37 194 143 96 0 255 144 13
    208 34 234 184 22 159 243 226 189 83 196 61 65 144 164 229 223 65 27
    80 204 23 27 200 123 15 37 20 241 246 191 215 83 188 214 250 44 215
    219 104 12 142 222 163 150 31 67 114 162 106 168 32 167 33 124 4 232
    34 161 93 242 113 60 84 37 82 198 127 75 238 77 16 191 18 143 142
    203 32 167 154 115 175 104 240 56 134 53 11 237 214 231 83 203 172
    93 118 167 159 205 88 195 223 166 129 61 86 39 232 96 184 159 22 202
    234 73 231 144 158 85 44 191 193 98 61 75 90 199 119 172 102 176 225
    150 78 19 97 12 217 233 195 232 219 40 126 171 91 182 86 148 135 254
    153 2 169 225 131 162 20 255 135 156 183 178 120 120 72 65 167 60 65
    38 82 82 104 173 208 152 47 245 161 103 76 191 229 32 113 107 38 58
    0 156 194 41 9 182 81 128 134 117 76 73 85 87 216 166 88 128 56 75
    212 239 73 65 159 182 191 210 255 105 141 151 150 168 162 133 250 28
    109 127 208 121 148 255 88 115 169 92 220 167 184 192 226 187 31 185
    113 87 102 104 219 177 35 88 215 161 78 145 148 222 9 135 33 21 202
    202 149 149 34 192 121 113 131 205 122 77 28 187 140 109 97 73 225
    42 17 214 71 61 200 204 90 124 147 27 98 89 148 173 66 24 56 48 212
    41 35 36 62 230 122 220 147 251 35 0 85 83 172 18 242 4 3 57 208 87
    177 30 183 232 91 27 188 66 98 71 253 30 113 112 84 234 226 32 164
    16 49 129 250 9 154 29 241 150 173 219 112 166 42 112 78 95 158 42
    45 250 1 90 140 38 58 154 34 217 233 246 165 38 7 9 222 254 67 104
    93 248 154 47 155 90 24 102 54 101 76 10 96 181 106 141 149 196 235
    118 127 176 8 20 110 218 42 15 43 115 164 142 178 101 64 57 45 112
    248 36 70 88 173 239 216 88 252 18 86 70 202 89 224 42 173 108 103
    124 138 26 56 91 64 102 13 243 78 174 69 47 110 34 4 44 152 23 99
    136 86 155 21 223 93 23 86 32 189 11 157 62 183 244 138 72 100 248
    208 79 60 243 44 53 71 232 251 190 10 62 180 5 74 157 177 154 142
    200 129 37 122 29 149 40 129 88 158 213 253 216 130 123 59 155 111
    186 127 56 174 68 239 153 178 178 131 56 236 184 83 34 155 16 170 16
    21 50 127 202 52 244 169 212 48 2 61 69 140 242 67 36 100 220 11 69
    160 21 120 136 98 78 98 90 32 21 155 74 88 208 191 109 238 224 16 69
    203 209 163 142 180 38 118 120 196 35 51 214 212 122 224 70 98 92 39
    254 123 133 28 23 80 215 117 230 101 179 247 37 176 73 99 35 80 77
    129 142 162 231 243 58 45 62 41 27 252 181 229 32 188 61 180 33 230
    202 20 118 47 211 143 134 49 206 91 211 243 166 222 122 154 195 4 50
    20 80 224 149 203 220 39 223 176 138 60 177 233 89 181 207 236 38 16
    195 78 230 45 219 49 27 53 74 29 191 48 109 65 128 232 133 235 103
    143 22 115 84 121 19 47 72 147 244 9 91 30 225 36 70 198 148 41 207
    7 122 231 220 198 12 216 189 96 2 82 194 189 133 215 155 11 224 21
    45 82 97 83 154 18 222 202 212 52 159 226 111 105 139 144 94 99 75
    229 10 20 172 44 234 116 72 199 47 210 242 110 6 236 148 63 136 62
    40 100 53 12 225 218 76 194 173 78 219 48 225 137 251 104 225 242
    228 117 224 43 11 72 254 82 218 96 12 33 254 248 16 106 148 32 130
    43 52 54 245 208 114 15 135 222 37 250 238 243 188 4 247 48 219 203
    74 167 224 19 34 248 92 72 94 101 59 219 236 74 211 208 217 3 230
    194 216 118 96 133 44 66 225 191 48 19 142 5 166 10 218 27 48 159
    223 220 159 231 29 227 231 219 13 78 162 32 171 42 248 172 220 27
    236 1 235 103 222 4 5 37 146 111 123 10 250 216 203 45 72 84 143 62
    228 243 81 137 7 10 75 48 214 125 177 172 57 83 23 217 158 255 149
    218 133 111 28 86 78 57 239 121 101 69 52 68 129 181 249 66 132 128
    212 19 90 142 110 181 251 34 191 34 27 117 179 185 108 200 162 194
    171 108 133 52 51 67 15 201 107 155 16 230 209 4 14 19 210 16 241 20
    112 76 245 98 6 102 30 124 239 112 20 230 171 4 166 175 32 21 124
    189 149 133 56 64 33 246 71 77 116 8 100 161 147 9 170 188 252 22 6
    128 244 201 23 218 211 216 56 71 29 29 124 91 186 14 79 25 104 100
    69 184 147 254 172 150 96 164 18 138 60 113 8 160 150 223 198 7 140
    139 85 39 5 45 77 157 166 77 204 15 242 240 101 36 17 212 8 163 63
    160 213 147 37 139 234 120 115 76 111 18 202 156 119 112 121 160 228
    253 143 200 211 119 136 123 58 110 21 65 185 134 135 156 118 174 8
    37 8 127 162 164 201 162 90 108 152 69 155 175 220 33 117 177 41 77
    25 90 226 71 0 175 169 6 204 233 2 56 214 13 49 128 60 253 62 232
    105 91 119 92 198 179 16 221 111 29 145 127 32 254 188 182 212 119
    60 63 172 255 19 105 38 189 77 159 189 121 110 11 98 153 98 211 95
    190 94 29 88 8 175 119 138 105 51 199 217 175 215 198 111 234 255
    108 178 67 203 51 54 99 159 35 192 126 27 244 157 109 226 126 32 19
    150 131 64 228 44 93 222 161 95 171 226 187 81 237 120 208 166 179
    160 125 204 250 194 221 39 121 161 226 66 156 205 187 92 43 120 25
    58 245 55 249 178 186 253 1 180 11 150 134 27 92 157 139 98 184 235
    163 203 28 4 103 250 145 53 250 134 223 246 253 161 102 177 40 214
    79 131 97 47 207 32 180 55 159 135 156 158 223 19 181 88 250 236 113
    3 230 81 163 8 237 92 254 121 33 163 146 160 26 193 59 142 65 105 30
    251 86 90 208 250 245 108 192 221 100 242 41 47 155 117 5 110 113
    217 146 175 64 185 82 11 54 184 224 175 79 5 73 118 226 0 230 92 180
    117 165 45 110 6 93 118 179 97 116 234 231 118 40 16 4 198 195 53
    142 123 224 121 90 181 161 190 154 136 200 66 63 191 106 175 251 162
    100 123 53 71 213 170 118 82 145 124 43 196 67 81 133 234 226 200 89
    93 23 119 58 161 183 163 133 217 71 185 233 91 106 4 48 45 181 87
    204 116 165 32 67 175 226 245 28 32 199 109 202 144 134 64 121 219
    105 75 18 180 91 91 139 55 199 17 201 97 15 104 144 241 30 221 101
    202 248 241 30 177 68 39 21 115 52 170 128 226 204 190 61 77 37 18
    11 85 92 245 116 52 204 241 143 27 189 160 51 18 182 163 106 110 146
    76 234 56 66 25 196 135 111 148 220 129 150 79 253 242 45 245 131
    215 51 138 172 76 92 81 185 243 153 227 177 159 176 238 245 46 236
    65 21 201 35 183 240 25 65 18 213 214 58 119 136 89 127 177 9 157
    175 106 24 239 236 29 143 41 20 74 24 221 17 144 209 202 240 121 123
    185 250 206 183 69 10 79 156 161 27 72 189 41 157 178 163 87 183 100
    148 239 94 252 195 36 114 73 181 77 100 235 48 203 187 186 231 243
    252 79 82 5 33 117 174 197 23 101 100 0 199 203 94 191 144 69 220 16
    102 159 132 47 27 60 70 63 126 8 182 194 233 195 194 100 116 80 134
    236 59 161 157 188 205 203 99 14 247 164 16 158 53 52 47 139 32 204
    90 123 74 138 84 177 180 133 156 206 104 163 19 141 10 100 232 217
    26 187 7 57 108 114 93 70 113 216 199 226 122 26 141 36 92 247 175
    142 28 252 157 194 58 121 236 103 171 102 29 68 133 244 181 88 62 85
    115 27 102 138 192 12 145 96 195 238 13 135 6 42 130 177 54 230 198
    239 134 236 55 236 246 28 37 200 228 237 64 129 135 249 185 85 183
    219 82 242 207 189 94 47 19 188 7 166 67 52 165 88 243 141 39 191 18
    130 51 112 231 176 27 121 29 236 36 46 45 64 84 189 110 26 238 137
    114 17 48 64 4 149 110 89 184 211 44 12 92 178 161 128 112 252 188
    158 183 170 77 101 158 210 4 227 219 166 193 2 155 23 33 19 108 37
    61 133 161 5 253 193 34 181 226 72 25 95 98 196 112 13 115 156 175
    194 176 39 178 121 248 240 104 167 15 10 84 34 158 78 52 123 225 21
    158 148 124 11 123 194 112 88 225 177 5 31 40 24 37 126 73 156 183
    21 47 129 230 130 211 120 150 168 193 7 119 105 215 115 160 170 1 24
    63 231 193 2 116 244 200 31 86 239 154 127 236 38 152 59 146 121 208
    218 232 92 224 191 202 124 249 179 87 218 199 162 80 109 45 87 205
    30 150 253 207 18 195 118 249 0 190 50 231 182 61 94 91 27 50 136 99
    97 81 241 99 90 70 73 34 211 89 120 223 117 195 197 75 169 205 206
    186 239 187 173 227 187 92 110 145 52 158 249 50 74 54 193 97 77 45
    47 199 247 236 26 35 52 204 160 34 205 220 22 76 204 63 79 224 238
    94 193 5 98 15 90 199 155 64 42 92 62 18 24 192 16 113 160 182 137
    124 52 59 5 126 5 171 169 92 151 226 50 164 45 142 161 124 80 232
    151 140 213 96 81 97 38 32 97 250 247 225 242 110 143 110 116 25 48
    98 21 46 123 126 77 212 3 162 229 183 217 32 60 145 21 49 200 236
    160 63 206 163 171 236 165 182 114 188 238 209 56 105 95 7 183 5 198
    31 106 63 33 137 179 43 184 160 168 23 31 46 102 26 143 1 102 4 160
    226 96 162 144 162 16 153 212 25 106 136 19 2 188 171 166 253 26 217
    51 194 135 205 89 54 124 140 136 242 19 229 225 46 69 161 70 227 87
    109 145 230 239 156 196 75 64 135 197 4 59 67 62 37 201 250 147 64
    182 16 88 83 117 97 80 251 172 0 113 139 35 163 180 227 198 231 249
    84 82 255 237 172 28 210 157 98 232 105 0 95 153 41 178 14 110 183
    210 73 32 240 124 33 93 42 52 255 244 241 199 201 35 137 230 22 8
    141 82 119 194 154 240 32 174 149 178 206 172 96 159 168 162 121 96
    107 112 140 48 3 126 216 228 93 39 1 195 132 228 17 182 4 96 167 225
    95 182 53 188 55 225 210 227 218 179 96 222 186 7 231 100 84 249 109
    55 169 4 60 207 165 204 124 97 231 65 148 15 180 241 168 79 99 136
    121 92 105 0 26 98 233 64 176 14 218 30 117 204 116 228 101 29 87
    222 35 236 41 81 77 52 45 62 124 135 165 174 176 110 171 137 109 252
    43 19 240 44 169 254 39 237 163 0 54 74 169 134 113 190 56 78 16 123
    65 216 87 85 240 217 100 245 129 142 10 11 236 233 58 123 36 93 140
    212 48 37 220 216 224 158 231 15 218 202 231 28 149 140 146 239 142
    209 201 20 124 99 47 230 143 127 255 0 173 47 183 163 152 134 34 145
    138 9 144 3 109 31 4 109 83 204 151 49 224 16 22 190 59 158 154 76
    159 112 20 154 47 164 195 245 147 138 29 199 5 164 61 164 190 66 39
    55 7 119 94 114 238 11 237 71 25 86 89 105 178 122 175 87 26 66 68
    81 252 87 168 91 30 35 108 196 75 192 17 139 141 232 252 4 247 61 94
    89 26 46 68 124 207 71 141 23 154 172 187 58 118 254 208 159 185 236
    143 56 255 210 171 242 150 73 233 24 110 108 206 135 162 240 56 121
    181 165 215 108 24 165 153 58 165 150 76 255 220 11 174 186 37 243
    23 156 253 162 24 191 182 14 159 201 255 35 0 11 92 7 50 35 194 185
    27 179 162 117 202 128 101 115 243 227 141 150 225 199 101 177 199
    141 163 4 22 5 55 198 64 76 7 154 166 27 188 90 189 123 65 125 144
    158 232 26 18 85 78 1 248 75 123 209 225 20 126 208 196 35 130 205
    146 245 83 210 226 2 118 85 194 236 76 107 122 193 45 119 145 211
    174 142 118 44 230 42 202 15 150 123 52 86 71 152 17 115 195 151 164
    225 251 223 176 39 160 34 27 21 30 103 80 253 142 36 222 129 58 244
    102 127 151 83 173 146 30 241 204 23 141 63 222 35 188 112 9 172 122
    74 3 96 219 212 199 48 169 247 30 22 219 177 224 176 167 29 231 207
    139 53 29 63 119 55 169 97 32 28 140 108 104 149 237 182 200 169 233
    243 201 109 100 29 50 198 94 165 101 165 39 111 63 71 186 216 114 19
    31 125 41 247 243 242 126 152 136 218 99 46 233 222 193 136 83 8 26
    17 206 24 71 181 34 22 166 78 252 197 51 95 150 142 222 226 58 78 17
    177 239 66 51 232 225 165 104 145 20 165 198 209 124 144 134 144 206
    249 17 41 12 145 38 36 200 227 96 205 205 141 37 111 248 135 233 33
    77 30 132 196 81 151 182 242 14 226 37 139 248 57 181 50 214 82 118
    27 188 28 126 184 85 64 239 70 145 60 12 43 79 199 94 14 109 217 246
    244 56 5 124 47 86 166 48 71 79 168 111 5 189 225 236 156 3 108 85
    103 206 182 4 39 175 36 199 73 47 86 222 153 236 186 31 3 244 13 208
    153 161 106 153 73 131 16 1 255 164 38 9 159 81 26 241 25 97 152 191
    204 167 116 112 168 128 113 38 85 217 148 59 195 213 14 221 214 181
    2 28 157 247 115 10 203 242 21 100 99 235 215 215 49 134 225 36 150
    206 17 67 134 159 90 198 184 87 77 5 196 124 146 180 184 232 88 77
    246 221 218 155 220 21 238 244 198 140 7 188 66 92 249 165 142 255
    254 68 128 143 174 99 4 56 184 249 177 133 129 8 32 247 121 188 238
    155 116 96 161 243 49 131 92 160 82 187 168 183 26 91 183 145 15 140
    227 230 86 250 11 145 93 164 86 23 54 231 124 130 176 160 54 179 20
    166 31 170 57 132 43 207 184 253 212 82 35 133 157 19 159 148 147
    170 138 191 99 106 173 13 87 51 5 105 110 8 187 20 241 232 121 44
    161 158 65 193 40 146 168 25 38 153 90 164 124 85 255 13 22 193 236
    18 237 222 231 45 229 102 241 252 185 145 23 147 43 185 21 230 142
    29 173 43 74 21 65 92 6 248 86 221 144 230 63 122 238 191 187 144
    173 181 172 132 227 183 237 210 178 33 235 212 50 171 143 198 213
    134 151 176 87 251 6 198 160 250 31 61 17 118 147 46 250 76 224 153
    115 18 56 15 203 149 215 206 125 113 16 7 18 214 222 112 109 0 197
    186 36 253 34 155 142 230 59 120 104 58 226 191 171 76 156 143 43
    203 232 77 250 137 129 68 4 225 125 53 52 202 89 71 176 50 95 217
    117 177 210 140 50 57 112 209 50 140 93 160 1 99 69 44 235 149 192
    128 75 234 66 57 94 154 135 234 67 98 167 222 67 47 116 103 36 10 55
    90 207 124 64 146 91 149 53 61 234 181 17 148 178 169 251 81 211 72
    216 72 73 138 9 32 207 49 116 247 202 43 207 130 120 169 178 160 179
    28 229 209 77 54 238 224 101 210 202 168 49 189 66 128 243 157 130
    124 209 141 92 35 126 186 161 3 196 109 188 198 134 168 144 136 211
    38 132 80 239 16 136 186 158 11 194 232 57 142 214 194 72 54 30 175
    197 14 212 94 119 99 74 218 212 208 156 105 101 65 188 92 179 173
    233 194 140 87 71 124 167 50 27 90 249 113 67 193 89 103 93 61 65
    165 237 230 98 69 177 202 189 1 207 91 164 19 211 237 141 117 58 249
    124 124 16 196 135 40 251 188 199 78 213 1 245 34 7 114 23 53 222 42
    162 29 114 98 7 175 90 94 38 120 106 251 220 153 120 187 116 123 39
    231 202 238 159 195 161 237 116 209 168 234 200 150 147 69 13 225
    216 137 209 5 44 127 226 72 19 106 127 97 224 244 89 222 149 195 225
    26 52 118 189 172 118 23 250 148 146 220 99 70 157 61 152 166 158 74
    171 231 198 191 250 88 205 92 86 84 236 216 254 117 0 73 180 125 130
    243 177 10 204 143 2 147 204 139 72 201 198 59 168 128 227 5 154 94
    243 216 234 25 179 20 156 252 251 244 72 211 254 98 81 222 241 21
    219 97 90 242 239 65 140 189 34 145 206 81 13 160 94 115 151 165 30
    100 222 24 69 59 93 77 9 153 168 153 164 238 0 224 152 30 176 75 3
    88 86 177 97 244 138 43 232 156 197 55 217 61 183 32 176 148 143 202
    138 124 37 167 33 123 3 33 212 69 245 137 49 66 197 236 74 77 36 208
    40 91 30 198 229 187 30 115 95 92 86 55 214 159 27 194 129 93 55 31
    198 92 76 88 5 143 219 189 5 92 189 178 58 60 82 107 41 123 26 174
    180 231 210 121 55 108 248 95 165 249 56 49 139 251 111 153 86 246
    150 11 246 90 29 89 226 204 25 147 165 231 69 107 47 70 144 161 242
    50 94 80 116 88 155 39 41 120 193 17 216 216 133 243 82 210 117 244
    107 227 67 59 128 238 252 29 243 65 21 231 98 0 55 255 88 185 127 37
    21 191 206 175 80 154 128 84 33 200 222 44 31 22 41 114 69 200 76
    254 102 147 33 48 70 141 3 234 105 8 172 70 94 81 189 246 127 175
    134 52 213 118 166 74 205 126 207 19 249 249 250 24 75 249 245 215
    132 15 178 168 189 105 220 245 127 124 153 152 193 96 207 234 244
    227 253 185 35 77 209 207 162 142 250 166 246 111 86 62 12 148 34 92
    82 152 1 68 199 248 125 139 9 15 12 109 82 164 196 222 236 207 38 9
    251 10 6 1 83 92 32 69 195 207 98 88 195 253 57 246 101 238 24 188
    78 132 202 110 230 14 172 122 219 37 133 58 202 57 177 182 248 217
    186 205 246 87 200 224 87 133 225 254 224 151 194 29 8 36 159 193
    216 97 250 213 105 118 136 63 74 197 117 236 195 64 183 66 52 148
    125 54 174 241 181 202 90 224 58 134 215 4 200 45 41 155 194 30 58 5
    23 137 94 198 5 217 111 88 2 28 227 244 251 6 57 216 25 71 179 253
    108 58 83 198 93 138 112 229 112 26 28 97 224 45 96 137 217 175 202
    55 188 249 137 147 41 160 85 234 144 78 113 245 130 186 123 32 7 25
    246 225 248 150 131 15 234 40 172 192 199 104 45 235 80 137 26 11
    202 133 225 224 189 204 6 167 125 62 6 124 132 185 35 93 54 13 228
    115 167 17 160 162 71 228 142 209 46 181 8 5 46 46 240 129 104 70
    113 231 44 209 63 106 87 58 165 206 216 13 117 2 144 77 120 205 203
    184 131 37 42 36 208 80 151 140 212 96 107 136 50 42 37 151 245 200
    92 157 17 6 51 102 14 169 30 72 133 192 31 58 106 131 91 11 242 70
    216 20 173 210 115 100 198 207 200 59 49 195 84 81 190 233 211 175
    214 219 75 182 248 43 37 137 217 63 67 126 71 97 182 99 6 171 167
    159 238 94 219 90 1 181 171 233 35 120 14 99 95 109 59 210 250 141
    13 132 173 217 210 82 185 59 11 112 8 165 96 243 71 42 55 171 150
    254 251 32 162 201 61 90 188 207 61 26 203 4 134 132 137 17 126 240
    62 79 238 174 121 191 107 119 209 114 170 85 95 66 76 112 7 170 24
    145 200 7 86 65 187 119 74 9 75 131 150 7 215 146 30 129 144 145 63
    80 90 246 107 135 56 225 115 40 205 146 185 148 91 73 178 114 249
    167 242 50 10 248 239 209 138 62 41 236 243 66 86 12 152 4 18 158
    204 148 217 145 1 76 135 174 40 64 91 93 2 66 118 34 206 221 42 157
    109 108 144 254 123 212 205 170 222 206 85 174 63 159 157 156 109
    224 76 244 232 100 125 176 232 159 234 228 244 35 62 114 190 188 92
    149 190 85 39 164 223 165 74 90 246 119 31 222 153 125 183 5 222 142
    201 38 183 154 76 180 40 173 120 43 12 22 92 105 187 43 59 241 21 82
    105 159 18 97 243 105 208 64 15 48 12 250 150 160 154 21 39 0 136
    107 129 59 235 177 65 150 56 240 231 240 215 226 113 10 100 88 177
    119 186 9 217 236 215 191 20 56 221 137 149 154 72 214 236 25 249 90
    189 171 160 179 254 163 107 218 83 194 81 66 26 12 147 67 12 39 34
    236 133 89 234 235 199 123 124 156 112 59 121 99 118 249 7 125 130
    115 72 12 20 120 188 85 67 167 161 52 126 64 160 246 25 225 62 189
    77 197 208 65 195 65 235 43 152 133 110 8 136 199 249 92 49 139 144
    28 166 97 177 22 243 27 62 111 133 133 10 188 151 92 166 137 149 195
    207 125 182 129 230 65 98 223 244 108 181 62 249 28 227 164 47 181
    41 219 149 24 40 111 101 64 68 18 162 240 54 56 147 176 200 170 31
    227 207 90 186 144 49 131 149 117 189 112 250 182 194 114 234 71 55
    109 183 88 215 118 172 212 169 114 162 221 114 145 130 56 65 4 83
    197 111 200 174 10 58 9 1 157 149 193 61 8 193 15 49 200 117 30 127
    171 90 136 170 116 167 189 215 229 183 20 0 78 227 124 238 83 34 14
    29 113 121 132 91 99 84 31 69 133 147 247 213 101 169 122 130 143
    126 164 223 90 97 22 133 31 86 138 216 132 252 100 175 103 138 16
    190 91 127 153 83 60 64 243 215 214 28 45 193 254 0 253 55 178 204
    25 17 215 202 67 171 169 75 149 43 11 100 194 108 84 149 64 221 28
    144 104 39 63 206 65 103 12 121 12 107 105 175 97 207 217 11 76 43
    173 92 14 5 180 233 245 80 77 231 46 43 63 22 189 165 200 92 94 68 4
    47 129 95 182 185 130 100 101 110 83 219 232 229 69 57 100 212 106
    109 253 220 116 242 65 14 100 142 46 240 135 166 81 91 151 72 184
    208 165 240 251 232 221 105 232 98 229 90 85 197 246 191 192 77 3 46
    169 224 152 239 137 185 15 169 78 167 107 248 15 203 10 182 67 136
    137 186 106 195 21 154 40 12 101 235 214 45 233 152 18 185 195 161
    166 241 236 145 133 75 108 57 15 14 172 26 157 122 136 201 105 201
    63 5 112 150 166 235 56 72 86 43 22 53 152 249 210 229 233 38 166
    112 186 233 189 209 110 233 208 196 153 145 228 71 171 248 189 254
    202 17 98 138 23 236 114 92 206 98 164 245 206 190 249 100 64 48 113
    249 222 147 191 197 197 10 48 53 152 40 72 230 197 19 128 87 222 224
    111 135 50 96 208 73 185 2 251 22 65 202 246 34 215 228 34 162 151
    209 172 142 230 135 48 225 192 255 103 92 55 3 150 158 64 6 63 161
    226 149 105 207 94 165 36 81 250 14 3 123 165 219 30 43 76 207 9 251
    6 15 17 103 150 145 99 21 125 189 12 223 178 126 71 114 242 90 227
    146 255 177 108 233 215 47 70 139 227 27 130 133 94 90 201 211 91
    251 104 242 149 130 18 226 240 113 245 98 229 43 240 45 3 141 172
    177 132 181 142 115 246 73 140 235 71 226 173 103 19 134 47 167 218
    180 235 179 198 205 234 129 140 127 242 2 220 193 59 102 249 76 77
    242 200 128 51 232 36 65 255 88 172 218 48 249 18 95 26 103 248 179
    222 0 43 3 79 22 43 182 188 221 210 207 8 54 231 11 106 240 108 182
    253 80 219 38 43 181 12 12 37 202 209 197 189 127 40 126 94 75 82
    222 49 196 212 152 48 98 212 215 108 91 72 206 26 134 13 251 49 119
    210 1 72 222 210 54 200 221 174 37 64 220 250 161 246 21 68 175 96
    30 196 129 150 170 253 12 193 202 160 99 63 131 200 252 253 236 179
    31 43 239 16 49 207 31 122 25 238 216 151 196 5 33 25 114 197 0 159
    227 2 207 161 216 199</data></test_img>
<my_img type_id="opencv-matrix">
  <rows>100</rows>
  <cols>100</cols>
  <dt>"3u"</dt>
  <data>
    255 179 242 255 225 255 146 154 123 255 255 147 190 107 240 255 110
    159 255 21 255 193 148 255 101 255 41 255 93 255 152 99 255 160 40
    255 255 59 247 255 184 255 255 148 213 255 255 255 255 37 10 129 249
    110 255 255 17 255 202 255 208 255 139 231 232 255 255 255 255 255
    103 242 255 234 210 201 125 255 73 203 68 58 241 255 206 26 174 30
    107 127 17 255 252 9 206 125 255 224 255 180 199 123 255 114 20 255
    148 255 45 255 223 208 32 66 19 255 242 255 110 237 21 255 56 39 255
    227 94 205 252 34 255 105 255 82 218 255 36 255 255 65 8 221 255 49
    161 255 255 255 238 123 77 255 5 255 255 169 11 106 193 244 154 255
    255 157 254 193 234 186 255 214 255 220 199 255 255 37 123 148 184
    86 255 181 255 137 76 230 69 0 255 255 54 255 255 107 129 109 107
    255 141 114 205 255 142 156 150 220 154 56 241 255 255 255 186 36
    255 218 56 125 105 255 65 12 255 175 255 75 88 0 248 172 255 255 173
    71 253 4 255 255 109 198 171 238 255 126 49 174 210 155 255 23 1 179
    66 117 255 98 36 54 255 8 19 216 192 196 255 221 147 255 202 68 208
    255 147 255 255 30 255 236 222 255 49 255 255 49 255 203 135 64 143
    118 255 105 148 255 96 166 252 255 190 118 255 188 255 255 103 255
    124 242 255 77 202 255 23 180 255 255 241 10 255 45 255 255 60 255
    255 37 255 255 41 220 246 84 208 143 223 255 8 65 255 255 76 186 255
    255 255 83 255 27 75 29 255 54 245 255 188 255 255 36 44 134 64 209
    255 255 11 255 92 111 147 242 93 206 11 1 255 255 243 255 255 190
    255 124 110 103 248 255 255 255 135 122 255 176 255 77 104 255 233
    99 255 62 255 255 255 235 211 131 255 139 84 113 255 255 255 41 255
    239 8 39 255 255 118 41 216 148 56 247 255 255 81 175 255 255 255
    199 255 62 40 250 255 52 44 73 10 64 210 142 127 99 255 255 184 120
    255 73 150 255 255 213 255 255 220 255 214 255 255 60 114 255 137
    255 208 133 95 255 255 3 255 163 65 255 101 255 255 255 110 54 161
    252 54 255 255 255 255 48 255 17 125 255 255 255 57 126 93 24 77 242
    164 163 255 171 255 110 30 0 37 235 116 164 255 255 255 100 255 45
    208 255 132 235 255 255 255 139 120 255 255 216 255 255 146 255 248
    115 233 255 199 203 223 158 85 255 16 255 255 109 254 124 224 255
    255 147 194 255 15 232 255 255 244 255 41 100 255 87 100 255 38 54
    21 41 113 41 96 93 41 255 255 255 19 24 167 255 51 233 148 162 255
    195 255 56 69 164 255 71 238 122 78 39 77 150 194 255 62 145 160 18
    181 169 221 115 255 255 228 17 33 255 54 56 255 242 255 255 255 146
    166 255 15 255 90 177 255 152 205 112 64 224 240 255 255 255 255 113
    191 4 255 88 150 58 255 255 45 181 255 21 29 17 33 68 54 255 255 255
    120 255 255 242 125 248 255 125 255 187 162 83 98 134 255 170 157 28
    255 59 184 255 188 255 255 129 51 255 255 36 255 255 178 255 227 13
    41 227 255 128 171 190 202 103 255 121 255 255 247 255 193 213 255
    255 165 164 206 3 169 186 0 255 208 30 181 255 62 154 255 234 10 145
    249 200 255 175 46 79 210 238 255 154 255 255 26 81 255 91 220 43 38
    220 255 18 61 255 255 255 32 26 159 255 82 255 180 212 117 255 54
    255 205 25 167 255 255 36 255 66 255 255 89 255 201 205 255 255 159
    68 255 23 247 6 77 240 255 201 255 255 255 255 255 67 14 62 131 15
    191 227 255 105 7 166 255 255 255 255 255 101 227 166 255 255 62 255
    114 78 255 84 255 255 205 71 255 71 142 255 49 225 152 236 255 57 62
    183 255 66 255 123 255 177 120 41 246 255 255 12 255 255 255 255 255
    157 66 101 30 101 255 5 206 229 239 42 236 255 255 255 155 100 180
    255 255 69 255 113 208 250 255 255 113 255 244 157 255 255 210 189
    163 221 255 255 54 255 255 255 225 255 255 255 99 107 255 19 246 255
    90 228 91 255 147 51 255 169 200 2 255 255 255 188 108 38 36 59 205
    27 41 255 255 255 255 238 255 255 76 166 188 44 169 23 255 32 139
    148 135 41 255 255 182 135 129 81 110 255 255 59 255 229 106 255 255
    183 255 171 78 255 176 12 22 195 137 255 255 65 193 255 115 73 255
    255 203 255 224 255 255 255 47 255 14 255 255 38 255 58 0 186 255
    157 215 26 219 120 113 8 178 163 84 36 38 255 255 212 111 178 255
    106 69 255 111 44 152 77 61 255 186 107 255 110 255 186 32 227 251
    249 255 36 223 255 156 126 144 17 206 255 53 88 255 248 177 255 197
    246 200 255 219 255 81 147 255 84 58 172 60 255 255 26 164 255 71
    125 255 73 192 255 255 249 0 255 81 123 255 255 255 255 29 125 255
    168 255 255 81 112 120 133 255 43 47 255 255 88 150 255 80 176 255
    120 255 17 255 183 255 255 255 186 177 37 145 213 12 255 103 255 60
    205 56 195 255 255 113 173 162 255 47 250 109 255 255 255 140 255
    255 219 125 255 255 255 73 255 255 255 255 183 246 78 54 255 164 232
    98 49 254 255 91 255 255 76 216 255 250 255 255 115 17 255 235 255
    255 255 255 255 255 228 255 255 90 235 255 255 255 202 90 113 118
    137 255 186 71 118 44 157 255 255 255 255 70 125 255 25 118 255 82
    216 255 21 255 255 232 56 41 255 235 152 184 255 11 157 137 210 44
    255 255 154 90 13 255 237 83 255 228 176 60 93 236 255 150 71 255
    255 60 14 113 255 77 255 218 126 255 255 95 255 171 0 42 238 18 19
    255 184 76 71 232 255 255 179 255 197 109 255 66 255 255 21 87 125
    62 158 255 105 255 255 255 224 3 205 243 244 255 223 140 255 121 76
    255 69 81 4 235 255 180 29 255 54 191 191 71 59 255 255 151 113 30
    164 255 201 150 255 255 210 255 146 255 255 53 205 218 255 56 255
    255 219 255 255 99 142 201 0 250 139 255 255 2 80 68 6 137 255 255
    255 95 195 255 255 255 36 120 255 181 238 86 175 10 255 254 105 255
    16 247 111 216 255 255 117 255 255 255 176 197 38 193 45 255 215 255
    66 255 255 180 255 131 213 68 244 177 255 41 166 255 19 255 210 199
    245 238 255 124 215 255 16 129 255 255 17 225 89 181 92 88 255 255
    255 188 255 148 228 208 255 255 13 12 255 255 36 181 255 140 255 255
    71 100 255 255 255 227 198 255 171 255 255 255 255 205 120 221 216
    186 154 103 131 255 255 255 194 255 255 154 47 141 32 247 255 255
    122 255 150 255 255 48 149 255 176 162 201 132 167 190 255 252 38 49
    255 255 48 255 255 255 255 255 206 255 255 40 255 255 133 255 255 93
    255 255 161 22 255 133 255 255 99 27 255 140 34 255 199 203 105 255
    255 220 255 233 255 41 255 255 129 129 255 16 255 255 23 255 255 111
    255 255 255 36 158 67 132 255 206 255 255 255 255 255 232 255 255 96
    32 255 27 240 255 144 255 191 249 61 210 22 169 86 255 255 203 67
    191 255 177 255 255 255 96 255 186 51 208 27 71 229 80 255 223 253
    255 21 206 174 255 51 255 113 255 2 116 255 162 255 249 93 118 255
    255 45 16 255 255 192 255 145 32 255 255 255 178 255 255 127 152 109
    81 255 40 255 255 187 255 255 103 255 105 40 183 188 125 172 255 255
    137 255 255 249 255 206 179 248 175 42 146 38 142 73 201 49 73 242
    15 255 10 255 255 122 47 255 89 218 255 255 255 208 239 235 255 187
    85 246 11 93 255 43 86 255 70 255 255 84 15 255 255 255 255 255 17
    169 73 144 255 255 255 255 242 79 101 228 194 206 131 103 158 153
    255 248 179 206 208 85 125 23 217 59 77 194 255 220 63 129 17 243 12
    0 92 115 255 192 10 17 155 255 255 255 255 205 47 218 235 255 222
    255 255 255 206 252 25 205 255 249 169 255 255 84 210 255 15 129 252
    255 243 36 255 8 162 255 73 39 255 173 255 255 14 110 86 107 68 255
    74 227 96 228 57 255 51 232 156 255 255 255 8 255 11 162 144 68 5
    147 190 74 252 255 255 255 47 208 98 4 85 255 255 255 34 83 33 152
    169 170 61 255 7 167 13 191 255 53 255 172 109 255 255 255 235 255
    137 209 255 255 255 255 17 255 255 171 142 255 255 71 20 255 239 191
    255 4 255 255 12 255 255 191 255 203 221 255 255 81 169 255 255 255
    98 41 130 90 236 250 160 93 255 255 0 69 255 190 255 242 180 193 248
    177 255 255 255 255 255 150 98 13 49 255 246 255 0 255 19 176 109
    255 179 246 107 69 255 99 59 255 148 205 255 29 255 2 255 73 195 255
    95 141 29 255 86 255 95 131 62 122 103 235 238 255 84 255 129 255
    235 255 139 255 250 11 183 255 159 46 255 255 71 255 255 0 255 165
    255 101 228 220 167 93 145 120 255 196 190 143 255 255 255 228 255 7
    255 190 71 159 255 247 255 146 59 255 255 158 37 90 99 19 120 255 36
    255 74 95 99 235 140 150 66 42 199 26 154 255 234 255 255 73 101 255
    10 255 255 47 132 203 84 66 255 181 86 255 255 255 220 255 137 255
    255 255 255 143 255 244 242 54 218 255 152 255 147 255 255 252 117
    255 201 113 255 210 37 255 255 255 255 54 255 255 73 149 255 102 191
    53 255 120 255 250 255 255 73 107 255 255 255 114 213 159 223 190
    255 255 128 105 255 255 69 255 148 178 190 210 255 255 239 255 165
    76 255 255 172 159 255 206 24 6 8 154 47 120 122 255 221 186 255 224
    174 126 5 69 23 23 235 114 241 255 255 55 166 255 255 69 255 56 157
    255 255 250 158 255 130 255 81 255 126 169 228 98 120 213 223 118
    205 255 255 68 255 104 255 113 164 255 75 16 255 231 255 183 199 150
    183 129 188 90 131 235 255 143 169 255 128 74 216 66 114 52 227 58
    44 152 245 255 255 26 255 255 206 61 128 255 36 255 255 255 255 33
    240 163 255 255 51 255 110 175 214 42 105 88 255 158 255 255 255 255
    108 47 26 218 165 0 108 235 188 218 218 164 255 24 255 255 133 55
    210 246 49 255 255 214 255 218 117 255 71 153 255 116 99 81 167 192
    255 255 255 255 90 186 183 51 38 10 255 220 162 255 55 255 118 205
    115 58 1 140 173 32 255 255 95 56 69 176 135 255 213 78 34 198 255
    255 255 255 180 122 113 255 246 130 109 195 132 255 255 157 255 255
    150 255 110 47 19 242 255 255 238 255 114 191 255 255 255 255 154
    107 255 255 201 250 255 208 255 255 252 181 141 199 193 255 43 240
    255 255 255 255 107 255 111 255 98 246 87 255 188 224 54 122 214 29
    21 56 255 255 255 254 255 255 142 41 19 252 255 205 125 255 120 184
    53 179 8 83 255 71 218 143 95 255 62 255 255 99 93 220 255 255 255
    255 218 49 242 51 36 255 255 246 221 112 255 155 41 255 255 237 84
    175 255 45 255 255 114 255 81 190 250 255 77 168 132 148 255 255 203
    22 157 255 92 51 255 255 159 255 106 255 0 255 228 116 102 225 152
    224 68 255 202 255 255 154 255 255 176 255 175 187 255 58 143 3 255
    132 255 24 98 227 255 66 63 255 36 254 225 199 183 255 158 20 255
    209 211 58 255 15 255 249 193 233 255 255 62 255 255 158 109 125 54
    166 255 133 220 85 255 78 255 255 255 255 118 77 255 255 205 255 111
    255 203 255 255 125 220 255 255 255 255 93 221 45 20 66 235 255 255
    255 255 255 255 198 225 93 255 255 19 69 255 87 255 96 255 30 255
    125 255 30 113 255 221 255 2 255 255 255 182 51 255 255 135 227 255
    34 100 255 96 186 120 236 255 4 67 118 114 219 237 229 73 255 71 252
    150 255 210 20 255 255 122 214 32 255 255 51 211 178 254 238 145 219
    255 255 255 255 86 95 255 255 255 147 176 54 255 229 77 86 86 22 255
    255 121 255 129 158 255 6 255 34 255 88 255 73 126 208 71 170 255
    114 106 157 69 255 255 255 186 233 23 242 59 255 58 208 255 191 255
    255 36 255 143 67 46 255 255 110 26 106 255 255 255 69 255 255 255
    197 186 184 203 43 255 255 197 127 188 224 255 154 255 71 0 10 218
    255 96 140 208 54 201 175 41 181 255 98 255 171 65 19 255 254 25 255
    166 183 255 81 57 23 255 255 135 195 255 255 255 66 255 45 147 218
    228 255 255 52 194 156 255 3 255 181 125 255 32 255 111 255 255 38
    120 255 255 21 42 255 255 250 255 250 152 152 38 137 255 255 24 9
    161 225 255 255 255 21 255 255 30 4 255 255 133 255 255 255 108 255
    255 15 255 227 169 244 212 255 255 40 255 253 190 52 214 255 255 111
    137 228 255 26 255 255 255 10 167 151 255 173 255 244 255 255 255 96
    255 255 231 255 228 255 208 255 68 255 157 255 255 29 195 223 255
    236 255 247 116 60 115 11 255 79 182 40 255 255 155 255 255 125 113
    255 38 255 199 117 100 39 52 255 255 29 20 150 124 123 221 0 220 94
    255 130 205 255 240 242 21 19 255 47 255 255 33 42 56 19 78 84 114
    167 255 71 255 255 150 255 255 255 255 75 255 255 255 255 255 255
    255 247 165 172 255 41 33 120 210 255 194 36 255 142 255 194 29 255
    255 255 255 155 255 255 255 255 0 159 12 255 88 24 255 77 235 255
    115 22 255 252 255 255 18 20 255 255 171 39 255 255 255 203 210 255
    135 96 23 247 255 255 91 193 255 92 145 206 255 255 191 59 24 156
    168 61 248 22 186 255 255 96 255 212 54 255 159 152 156 98 107 255
    234 134 94 77 255 255 51 242 17 183 222 32 81 223 255 191 140 255
    255 255 255 199 169 255 140 210 255 99 178 255 33 255 244 227 255
    255 227 47 146 5 113 255 253 255 122 132 213 233 166 255 150 118 103
    169 33 255 21 210 242 255 255 255 255 118 255 120 84 154 255 93 178
    255 54 150 255 177 117 171 69 154 195 165 255 255 54 123 143 47 255
    180 136 186 255 58 36 8 230 150 126 175 255 255 125 255 71 255 139
    255 255 178 255 26 206 201 67 233 255 74 255 105 96 255 158 95 255
    223 243 73 158 4 78 251 255 152 60 139 255 255 126 255 51 230 225
    255 230 255 11 87 255 126 255 86 255 235 255 116 59 10 255 255 203
    255 7 122 216 255 225 214 91 255 255 76 255 255 84 220 255 188 255
    255 96 139 255 255 255 90 197 76 255 179 167 152 59 71 255 173 112
    255 255 103 193 19 171 4 209 250 255 255 255 36 21 255 255 238 242
    190 153 113 163 255 98 255 100 255 43 104 152 103 213 255 109 255
    174 186 255 71 242 95 147 255 255 7 255 56 118 233 40 223 255 255
    255 54 16 213 32 255 162 255 117 255 38 78 255 240 255 255 255 55
    120 122 3 255 68 255 135 190 255 118 175 255 20 77 76 255 255 125
    255 255 172 181 242 91 164 103 255 51 240 181 255 255 93 203 255 4 8
    255 37 203 103 92 255 41 45 188 255 255 255 255 255 255 167 255 90
    101 255 255 255 255 255 255 60 255 240 67 237 255 60 32 126 82 83
    167 255 91 148 117 255 17 170 205 231 147 218 165 255 2 255 201 135
    225 255 39 255 142 17 225 51 235 141 0 255 255 95 255 255 202 20 255
    11 255 255 62 112 248 201 129 255 82 134 148 192 47 255 120 144 255
    255 172 255 245 255 255 249 255 255 109 63 195 100 255 220 135 255
    255 103 255 128 255 255 41 255 44 229 180 255 156 7 156 255 255 200
    75 106 252 51 255 244 255 0 225 255 89 255 79 255 118 171 11 255 26
    192 137 240 19 208 193 133 255 255 177 66 255 33 255 83 219 164 54
    14 255 53 165 255 8 143 255 255 255 100 176 77 24 71 246 100 244 51
    255 255 44 30 255 67 255 193 255 139 193 201 142 236 255 255 255 255
    137 165 107 255 113 27 255 255 255 247 98 118 247 255 183 208 73 82
    255 255 7 255 255 89 81 255 157 225 255 173 30 255 227 129 24 88 7
    255 255 36 221 8 118 255 146 179 255 202 7 255 129 255 58 255 244
    218 168 255 255 206 208 190 8 64 126 255 255 255 74 240 255 7 164
    255 60 235 90 232 255 255 255 10 188 255 152 238 44 201 163 255 125
    225 255 255 92 45 118 169 203 24 255 33 52 45 157 255 13 104 255 255
    195 44 62 59 0 34 143 130 255 158 255 255 203 255 208 255 255 255 22
    255 255 176 103 255 245 64 255 183 134 255 255 255 255 104 255 178
    15 59 98 62 255 255 255 245 255 26 213 255 128 255 255 62 255 255 70
    142 229 176 107 255 33 125 255 255 255 255 213 255 253 255 255 15
    255 255 255 236 255 255 255 54 84 255 255 4 153 255 221 250 183 212
    54 255 255 91 255 218 169 255 244 70 235 255 133 218 248 255 108 218
    76 255 255 255 110 255 85 235 255 213 255 143 255 255 255 54 196 255
    255 145 255 255 7 238 177 255 255 205 32 255 87 113 255 254 208 39
    92 255 175 176 147 255 117 247 184 84 230 154 19 196 38 179 203 175
    55 184 227 27 171 255 154 255 236 255 156 255 255 91 114 124 255 255
    81 255 21 255 255 255 4 90 64 159 255 255 249 134 0 88 255 255 255
    166 184 49 74 8 133 255 255 175 222 255 63 142 109 21 19 101 255 15
    109 225 184 68 56 17 255 162 255 233 30 255 255 255 255 101 252 78
    62 78 149 109 118 20 255 210 255 255 43 255 255 159 54 188 140 228
    255 243 255 255 188 122 251 153 184 94 164 255 255 255 54 225 30 103
    171 92 237 208 32 255 75 198 255 255 78 59 175 255 255 9 255 230 75
    255 255 255 89 228 255 129 255 255 8 135 15 41 222 255 255 252 146
    255 255 66 95 255 255 255 166 244 255 255 255 186 79 255 165 255 64
    29 255 143 225 255 255 255 255 255 74 255 255 255 255 186 150 210
    199 197 255 255 255 161 255 110 255 255 255 164 171 51 37 216 255
    255 255 255 107 255 37 255 255 146 49 71 239 249 21 180 166 255 120
    255 210 175 2 251 151 205 114 106 255 255 132 255 141 118 255 30 30
    172 255 132 255 203 255 10 19 10 255 143 255 255 255 255 230 255 201
    255 231 99 255 255 76 198 255 142 59 255 56 189 255 239 22 30 140
    144 255 255 255 4 199 24 212 187 255 255 198 49 255 255 108 114 98
    255 255 148 255 255 221 186 255 177 255 255 153 255 255 30 191 197
    225 134 225 11 98 94 37 255 145 14 255 193 255 255 47 73 255 9 65
    156 255 255 86 62 175 255 156 255 83 255 144 220 255 143 252 58 34
    189 255 36 201 255 202 255 255 255 255 255 255 63 255 125 218 133
    255 255 255 255 232 255 147 250 255 255 255 66 255 81 186 198 255
    255 157 255 90 96 255 255 80 113 255 255 149 90 59 189 255 255 255
    53 255 194 180 92 193 214 96 201 190 238 172 255 103 255 255 93 166
    255 89 169 255 255 255 195 190 118 255 168 211 101 87 64 163 255 100
    255 188 255 255 111 255 255 184 250 255 255 255 88 255 156 227 88
    242 255 54 145 126 122 200 253 255 186 84 91 117 214 255 44 255 191
    255 173 135 242 113 80 238 255 255 115 255 85 24 255 129 255 255 159
    0 51 78 255 128 137 255 238 125 142 255 34 71 255 103 51 255 255 167
    214 27 255 255 255 228 161 136 255 111 120 255 255 45 127 255 126
    105 98 47 245 4 126 255 79 89 189 255 220 255 255 255 255 116 198
    105 84 166 255 255 33 157 73 255 223 216 206 19 94 255 250 255 129
    255 212 128 222 212 231 255 255 150 142 184 74 255 101 143 52 118 47
    54 255 162 188 220 255 172 255 23 255 45 165 255 255 136 78 81 133
    25 255 38 255 255 109 205 255 176 34 171 54 255 156 255 162 255 85
    255 114 81 103 39 255 145 163 255 240 255 255 255 107 147 255 124
    255 181 66 255 112 255 221 255 255 255 255 23 34 88 255 255 154 206
    22 15 255 8 90 255 10 78 255 255 255 255 255 100 246 62 215 255 245
    255 255 104 108 255 27 255 255 40 57 255 77 51 41 63 117 79 25 255
    116 60 255 255 15 240 94 80 255 255 255 110 45 255 189 255 247 255
    255 255 255 4 255 108 225 255 107 141 176 255 255 255 30 190 255 250
    143 107 255 255 48 255 255 198 46 145 255 255 255 199 255 255 120
    255 255 12 233 255 255 206 255 255 255 53 128 255 255 59 255 255 81
    215 60 166 181 255 255 156 141 162 255 186 146 255 28 18 52 255 255
    255 201 179 183 36 255 156 114 100 169 255 255 198 154 255 255 28
    255 255 255 162 242 191 239 0 221 131 255 255 51 208 255 239 255 255
    48 145 246 1 255 6 88 255 191 147 57 255 255 242 49 255 255 75 234
    193 156 89 68 255 8 255 216 255 255 137 188 255 8 181 25 255 22 88
    167 255 255 255 195 169 98 77 255 255 176 228 255 255 255 255 255 34
    255 223 203 255 168 255 255 14 81 255 85 3 105 147 247 255 255 184
    68 63 255 225 255 222 255 255 93 255 15 19 255 255 255 255 128 147
    255 255 172 255 210 176 68 255 255 255 162 135 250 12 255 58 146 255
    23 255 118 255 51 255 9 187 255 139 136 240 114 109 76 255 118 56
    240 255 227 26 232 112 99 129 47 92 188 196 107 235 255 83 228 211
    101 203 78 21 255 255 128 250 230 175 242 178 214 255 118 255 124 20
    255 255 255 69 80 255 255 255 238 255 245 95 255 147 166 23 1 161 51
    246 110 244 22 255 255 30 255 255 255 255 255 48 255 255 131 73 255
    255 123 244 18 10 255 255 196 9 38 247 212 58 66 84 43 255 208 132
    188 255 38 3 255 38 101 255 55 255 229 255 137 103 80 255 255 255
    255 81 255 74 255 0 79 101 255 240 154 153 255 45 249 184 255 241
    255 255 48 7 255 181 255 135 69 255 255 10 255 255 107 64 251 255 39
    210 140 255 175 18 200 28 255 69 255 100 174 143 228 255 98 93 12
    255 255 83 255 135 255 255 255 255 255 249 255 255 250 255 221 209
    255 0 232 42 167 82 255 246 236 255 255 206 255 255 197 220 148 206
    255 255 255 255 165 255 196 58 255 255 141 102 79 255 247 81 255 238
    215 15 255 255 184 111 152 160 59 17 255 255 255 255 255 254 167 59
    196 255 47 255 255 255 63 83 246 71 255 34 255 195 255 100 137 124
    27 235 255 95 255 131 73 34 221 255 227 255 255 238 148 61 73 255 71
    99 1 255 255 65 255 197 100 5 255 255 181 255 142 90 255 95 3 255 44
    255 206 104 216 255 25 54 34 74 63 255 223 108 255 255 83 227 71 29
    114 140 144 96 126 255 255 122 222 255 52 255 255 255 255 120 81 172
    255 168 125 171 62 120 255 82 123 255 170 255 2 209 255 131 255 255
    203 255 255 255 255 25 236 30 238 255 89 95 236 73 79 255 12 211 43
    107 105 255 191 113 255 255 166 218 120 255 253 54 255 84 133 255 13
    74 255 255 132 112 214 89 108 255 99 255 114 255 255 88 175 76 92
    198 255 255 63 25 255 11 255 255 255 215 244 217 24 0 8 255 255 29
    178 255 62 255 98 255 255 180 65 161 255 255 255 255 142 255 255 198
    37 255 255 100 107 223 250 255 110 255 255 99 137 255 255 238 13 136
    125 255 47 107 197 59 71 255 255 183 238 255 255 161 168 132 231 239
    255 255 186 142 255 29 183 255 253 2 8 190 123 75 255 91 255 255 255
    135 255 183 109 176 68 242 224 255 66 255 225 255 111 12 152 213 255
    30 255 100 23 40 255 49 255 24 146 88 30 54 139 225 152 224 255 69
    255 255 113 202 255 255 219 42 255 179 220 86 255 220 255 255 255
    139 21 255 118 255 255 208 255 176 255 217 255 255 132 52 231 255
    255 255 10 186 255 247 255 90 255 3 191 255 255 32 255 255 54 255
    255 15 216 83 84 63 156 255 255 255 255 140 2 220 3 255 124 255 52
    60 255 237 62 212 255 255 255 247 131 63 220 216 197 203 255 214 59
    255 150 101 17 183 135 255 29 255 193 124 255 248 136 255 255 195
    110 43 250 242 255 3 255 126 121 220 201 255 112 255 255 255 15 246
    255 180 147 184 26 224 255 64 18 255 255 246 255 255 255 255 255 84
    203 90 177 200 154 255 20 0 255 225 15 255 254 221 114 255 255 209 3
    77 255 255 255 115 134 251 117 255 227 67 255 36 34 255 8 243 134
    223 27 255 255 255 15 255 147 255 255 100 255 255 255 125 43 59 255
    255 230 164 255 255 20 255 151 255 255 40 255 255 175 44 184 255 2
    255 96 91 255 110 198 255 255 255 240 255 145 212 238 193 255 11 86
    248 5 255 197 181 90 131 4 166 250 201 255 103 255 255 255 74 218
    255 255 181 255 85 186 107 255 255 251 63 255 165 255 83 255 96 255
    255 43 255 86 153 167 19 191 171 255 172 255 255 44 255 255 111 255
    133 92 255 255 255 255 255 255 142 103 43 255 255 10 49 197 245 220
    28 203 198 43 255 255 133 255 117 255 164 200 26 74 150 255 255 12
    255 172 255 255 19 255 255 54 255 210 37 117 255 150 174 26 162 255
    255 195 255 250 113 183 195 135 255 255 27 255 75 228 176 255 223
    249 255 255 255 11 54 24 255 104 255 255 212 61 32 23 135 145 4 191
    195 255 113 135 173 132 51 10 255 171 177 211 255 210 255 167 246
    255 92 114 156 255 255 172 255 225 198 255 255 235 223 208 255 255
    210 255 255 41 255 255 255 255 255 253 91 255 74 255 114 78 255 255
    255 255 34 81 255 255 255 149 221 95 255 255 234 63 255 221 154 255
    179 171 255 212 255 255 150 255 212 27 255 255 255 255 255 140 255
    255 255 223 255 104 240 255 239 145 255 255 255 88 255 255 255 59
    255 180 255 247 21 255 255 242 255 255 255 255 255 255 159 255 255
    230 36 255 255 213 255 103 255 233 201 255 246 202 255 255 146 255
    129 76 8 24 255 255 158 238 19 255 190 255 38 52 167 251 255 255 255
    37 98 255 139 78 210 179 108 246 216 200 248 255 63 163 255 216 49
    255 137 13 249 255 118 4 0 109 120 179 255 242 255 81 103 255 255
    118 156 255 216 29 255 245 255 173 230 255 255 246 86 255 255 255
    255 255 120 96 175 63 242 91 78 255 184 255 255 153 255 30 255 144
    143 29 103 199 59 211 255 255 191 255 27 255 163 129 238 255 255 132
    255 56 12 133 255 144 255 255 255 69 85 255 255 148 228 255 76 255
    101 221 255 17 93 174 255 228 144 141 255 255 255 151 255 255 249
    255 158 255 81 182 58 247 114 255 149 190 180 240 255 255 198 199 55
    98 255 128 8 158 255 184 255 36 228 255 255 156 255 5 63 255 212 255
    255 224 198 38 255 252 244 180 255 103 255 166 137 63 255 145 254
    255 122 0 79 131 255 85 255 199 39 160 255 255 163 255 179 161 144
    255 28 5 255 197 255 255 255 32 63 38 7 113 161 131 12 227 18 215
    148 213 216 47 255 54 255 255 255 220 60 255 21 232 61 6 197 216 255
    104 254 255 139 255 255 250 105 83 162 139 24 29 179 255 124 255 214
    255 255 255 235 255 255 88 245 255 243 255 255 65 159 203 5 3 68 67
    255 255 89 255 137 255 255 56 52 255 116 32 188 208 136 127 255 255
    255 210 217 154 156 93 166 255 255 255 253 227 51 255 255 68 96 255
    255 255 126 71 255 98 255 8 120 191 4 255 181 255 49 8 221 192 255
    255 255 66 49 170 255 152 36 125 255 173 254 255 224 225 255 103 255
    255 136 189 242 255 255 255 100 63 167 242 66 135 91 255 255 255 41
    88 255 157 124 78 255 255 78 255 9 255 96 255 255 211 255 255 255
    233 255 254 83 255 255 255 255 255 255 245 194 178 70 250 86 100 232
    109 85 47 255 179 255 255 255 93 103 162 47 255 249 39 255 5 63 255
    255 247 64 224 166 255 118 110 255 255 255 255 210 134 109 245 150
    105 121 29 255 82 255 255 255 132 83 165 61 99 177 205 120 238 255
    56 255 255 231 143 46 255 255 196 255 3 178 255 191 242 165 166 105
    255 255 242 105 255 152 255 51 76 255 255 71 131 255 144 150 161 255
    255 124 73 167 55 63 255 15 249 255 210 83 255 117 157 255 80 222
    255 255 145 24 110 19 255 66 255 255 255 205 255 63 255 126 221 93
    107 255 210 214 255 227 255 224 255 255 194 34 255 255 19 244 47 255
    143 133 2 253 255 161 255 74 255 255 255 255 227 12 189 255 172 255
    94 255 249 205 150 255 19 187 127 255 117 130 94 125 255 255 176 37
    255 255 20 255 70 166 56 103 255 255 120 25 255 199 255 255 170 162
    218 125 255 253 129 129 251 103 66 255 177 110 255 158 255 69 255
    255 141 255 39 255 67 255 167 255 255 255 255 57 236 255 95 255 47
    255 84 209 255 176 59 24 197 85 255 60 255 244 255 151 125 255 177
    255 255 255 255 51 209 216 255 255 90 255 219 255 255 104 255 94 76
    255 255 71 255 201 190 255 201 165 255 218 255 255 255 255 255 51
    255 255 0 142 255 255 255 115 255 220 213 255 179 255 11 88 183 255
    208 166 255 206 179 255 195 255 255 179 46 197 63 255 101 255 47 255
    255 34 255 113 52 255 255 255 143 234 134 255 159 36 77 255 113 43
    73 10 255 38 255 128 255 188 220 224 255 255 255 19 255 205 150 255
    153 255 255 93 88 255 36 56 255 225 222 210 255 15 205 203 242 255
    255 255 206 255 194 255 208 161 255 51 157 161 255 120 203 255 27
    255 131 237 255 38 194 19 195 255 250 255 255 193 192 36 38 255 255
    255 51 161 137 51 14 21 255 255 255 255 20 255 255 255 255 93 255
    255 69 183 128 142 255 4 23 166 171 208 17 244 164 255 208 255 81 62
    142 19 62 177 255 255 81 232 248 85 255 255 139 222 107 216 149 255
    255 179 255 124 245 131 161 81 255 12 223 203 255 194 11 23 118 255
    159 247 49 255 255 255 255 44 73 175 196 201 121 162 116 148 255 122
    194 255 54 173 255 255 247 186 171 85 255 255 37 255 255 162 78 39
    159 255 0 198 162 255 255 93 255 76 255 255 146 135 255 236 130 77
    255 255 212 4 2 79 199 255 255 11 216 101 255 255 21 255 255 255 179
    255 255 255 44 255 91 250 124 159 30 255 162 244 255 4 227 34 120
    255 148 166 52 135 36 41 47 255 78 165 224 255 36 165 140 17 40 68
    143 154 255 255 234 255 47 14 255 11 32 255 231 159 255 233 255 255
    255 176 189 92 104 255 255 1 255 255 255 178 255 25 244 255 19 10
    255 25 240 255 181 14 255 255 19 126 255 225 79 255 255 173 98 215
    255 255 150 255 110 255 255 208 240 19 0 244 255 140 41 180 255 255
    255 177 255 158 49 135 131 250 135 255 255 98 255 239 255 255 255
    227 92 99 255 255 195 44 109 26 255 255 52 255 30 223 93 201 11 29
    173 11 210 96 43 120 113 78 255 255 144 118 180 184 129 47 133 76
    255 255 252 255 194 238 255 255 200 248 0 255 255 55 91 255 47 255
    255 37 218 255 201 255 79 150 255 255 131 255 139 146 255 58 238 255
    73 255 255 255 175 255 255 111 117 255 128 255 255 15 22 255 82 30
    255 225 227 255 7 247 255 236 255 182 255 122 6 209 85 11 247 233 19
    140 61 255 125 255 255 51 125 255 161 193 206 65 166 255 59 255 114
    249 255 43 186 69 212 33 52 103 255 255 255 255 208 120 186 17 156
    255 255 255 23 162 23 213 255 11 195 203 90 255 255 255 255 255 255
    144 255 99 246 19 255 255 255 255 43 255 233 181 255 109 161 156 173
    255 14 13 40 255 244 246 36 238 157 255 178 121 255 255 161 36 255
    148 255 223 106 255 0 232 103 255 255 255 255 181 255 111 95 255 255
    232 22 255 255 232 235 91 255 255 255 73 255 32 3 39 132 255 206 76
    196 19 114 255 255 139 254 255 30 255 17 255 247 199 239 250 68 89
    44 167 168 107 122 36 255 73 184 174 255 255 255 182 58 225 255 255
    211 131 255 255 150 115 255 141 58 255 133 255 244 69 8 137 86 255
    255 118 16 41 255 84 51 255 255 150 51 255 255 64 198 30 56 255 205
    24 255 255 145 175 108 242 246 255 255 216 83 221 255 255 145 73 162
    255 255 255 120 56 103 255 137 14 255 99 145 255 246 255 24 121 255
    103 209 255 255 221 164 255 184 7 255 172 255 255 16 255 195 158 223
    114 169 101 255 125 0 227 47 127 180 151 61 188 183 188 255 157 255
    255 255 255 255 255 25 255 179 230 51 65 46 62 217 240 143 25 132 98
    45 255 60 255 200 193 37 255 158 172 107 26 142 44 58 98 249 255 206
    59 235 195 255 255 65 255 255 177 123 152 255 255 182 255 64 101 255
    255 99 255 255 246 63 149 255 220 196 255 38 225 221 73 127 255 255
    255 255 43 140 54 38 250 255 255 255 191 184 255 216 41 255 98 40 78
    255 18 147 208 246 255 255 93 255 60 128 181 107 203 255 255 133 255
    255 255 86 255 121 255 0 10 112 242 146 255 111 81 78 203 255 113
    255 162 255 69 87 15 210 225 122 255 65 86 255 214 255 253 255 255
    158 255 79 101 89 255 255 255 255 255 214 255 103 255 255 15 55 255
    53 142 69 255 255 255 255 60 100 227 175 105 255 255 245 255 255 255
    0 22 208 26 255 61 32 255 117 41 98 145 190 34 46 49 139 120 191 255
    135 255 255 112 253 255 225 145 255 230 255 104 255 120 55 113 255
    47 186 255 255 255 58 255 255 199 34 255 210 4 238 135 73 255 122
    129 74 178 32 181 83 255 255 255 34 255 206 203 120 255 139 255 255
    255 73 165 255 147 255 49 91 255 137 52 255 58 255 30 195 255 255
    220 27 255 29 255 255 255 255 161 128 103 114 162 255 212 98 255 146
    250 66 255 216 255 60 202 240 135 137 213 255 255 255 255 191 90 255
    190 213 15 255 132 255 255 255 113 0 147 180 22 255 255 91 232 47 78
    213 255 255 252 128 175 216 139 255 85 199 128 74 214 74 255 118 170
    255 255 255 127 255 192 255 152 32 255 255 95 255 71 201 156 36 255
    255 255 22 255 255 255 255 255 255 255 53 40 59 221 254 69 255 153
    255 210 255 255 77 219 152 255 255 255 255 34 255 255 55 227 9 14
    255 255 26 64 255 5 255 255 32 63 171 230 255 38 183 69 105 255 122
    62 23 54 255 100 127 255 54 255 62 170 125 60 81 255 255 81 164 41
    21 15 255 49 118 255 246 159 255 117 169 190 255 255 124 153 255 92
    166 255 251 187 255 255 33 255 86 255 63 255 252 66 255 255 210 160
    85 83 186 32 255 19 26 255 212 102 255 128 213 149 223 241 30 223
    255 98 255 236 147 30 216 42 94 255 183 255 121 127 28 84 255 255
    144 255 191 76 255 161 114 255 255 43 255 148 255 135 255 188 120
    111 166 206 218 183 255 255 60 255 56 121 110 255 255 210 255 186
    255 8 45 255 255 255 255 101 147 255 188 40 191 227 176 255 94 192
    127 242 255 247 255 38 61 84 93 71 107 212 255 51 30 250 255 223 150
    68 92 85 199 32 255 255 113 171 255 249 134 255 255 56 255 99 255 9
    131 152 255 158 255 99 255 215 205 122 216 255 231 115 158 255 235
    255 23 255 175 255 255 223 157 225 255 107 71 56 255 255 255 21 255
    77 255 156 255 255 167 255 186 194 255 181 201 58 5 152 255 205 93
    255 255 255 23 55 255 176 44 228 36 87 166 255 255 255 255 55 68 173
    255 235 255 110 139 255 255 255 255 43 255 169 115 51 45 176 255 255
    150 222 255 124 178 49 243 255 255 41 255 160 27 198 131 140 54 199
    91 255 255 34 255 255 232 15 169 255 255 23 255 255 62 136 93 255 47
    193 126 255 206 26 255 216 41 65 255 233 129 56 244 63 255 255 113
    255 255 104 255 255 214 255 0 255 68 255 255 2 231 10 255 75 235 255
    255 198 255 126 214 255 255 125 159 184 21 186 255 205 255 255 19 66
    227 88 240 169 158 166 68 255 255 255 213 255 255 38 240 53 255 255
    255 255 255 221 63 220 154 241 76 158 5 255 0 11 255 255 110 223 255
    255 255 255 255 110 255 183 46 111 16 196 77 255 255 225 255 39 94
    255 255 255 148 255 221 255 255 255 23 44 255 255 255 255 56 56 6
    194 255 133 48 129 255 143 112 214 255 49 221 191 255 255 255 255
    216 228 68 255 161 255 255 37 81 210 254 255 255 255 145 255 255 88
    242 177 255 218 249 255 34 131 191 105 142 154 255 253 255 98 216
    255 255 92 255 11 104 44 203 255 137 165 225 255 255 106 255 248 11
    101 231 164 71 255 255 150 167 133 255 199 255 255 255 54 42 250 255
    255 255 122 255 255 255 172 255 106 222 255 23 255 39 255 3 255 18
    255 227 230 140 150 255 255 255 203 255 255 255 59 255 71 255 212
    140 255 255 30 255 96 122 15 96 103 85 255 255 167 255 158 110 160
    188 255 255 70 211 191 73 178 238 255 255 129 32 108 255 180 179 28
    29 98 255 11 255 188 124 255 73 84 103 210 255 255 255 241 255 242
    80 59 88 176 225 255 225 252 246 54 255 255 234 14 255 202 255 17
    238 255 255 124 5 255 87 255 45 169 255 255 217 255 255 92 149 148
    70 230 246 223 255 92 106 189 175 172 255 255 153 194 255 255 208
    201 217 255 255 214 7 68 214 255 255 255 37 47 225 171 79 255 255
    255 228 98 255 10 255 220 144 166 90 246 238 255 255 39 36 5 245 248
    110 196 13 255 19 255 179 37 4 144 44 255 247 64 255 255 255 255 195
    213 255 255 255 145 255 39 255 255 255 45 69 255 255 85 222 255 254
    255 255 180 255 122 255 255 223 92 117 255 158 242 169 255 255 255
    22 110 255 56 24 103 255 110 255 136 144 255 43 86 2 184 164 208 100
    255 216 71 255 2 255 255 255 115 255 255 255 47 208 184 186 51 255
    235 255 188 255 255 192 255 255 255 213 255 107 52 83 209 255 255 29
    34 255 70 176 255 235 218 54 255 255 58 49 230 255 45 255 69 73 112
    58 96 88 180 131 255 255 179 255 128 232 255 255 120 255 150 4 240
    255 56 15 60 34 193 205 43 57 255 216 255 255 103 211 255 70 215 73
    150 30 9 140 255 255 157 96 255 255 98 30 255 255 26 170 117 255 159
    14 24 202 255 255 15 255 255 255 255 184 220 255 103 255 255 135 1
    245 255 255 250 255 192 10 77 89 57 255 255 132 255 255 255 4 255
    255 255 255 22 255 131 122 255 23 32 255 205 255 73 188 252 17 255
    110 53 169 255 221 76 255 255 48 127 255 255 59 64 255 255 255 5 159
    255 255 73 137 209 244 176 255 255 32 255 100 139 255 255 255 158
    255 255 255 255 255 184 122 255 246 255 169 52 113 96 166 179 255
    179 103 255 183 149 154 180 78 255 7 120 255 76 255 255 118 255 94
    22 147 225 104 156 255 159 255 64 23 51 255 43 255 255 234 255 255
    22 255 45 136 255 113 29 132 199 255 32 210 201 152 129 103 255 255
    121 255 255 255 255 216 255 255 0 220 74 255 76 240 4 48 223 86 187
    127 49 3 255 32 255 255 255 56 255 255 255 134 28 120 210 199 131
    156 255 176 255 79 102 255 171 255 179 255 255 222 255 23 194 220
    231 208 90 80 208 169 255 255 19 168 83 113 47 205 246 255 7 255 252
    68 221 255 255 171 255 255 92 255 144 255 175 255 71 255 198 150 21
    181 114 214 255 47 181 15 255 255 139 255 192 213 255 73 91 39 232
    118 116 15 12 255 255 255 191 228 90 186 45 230 255 25 32 255 183 64
    62 37 176 255 73 255 15 216 27 255 255 255 161 255 215 255 168 25
    255 36 255 255 44 34 255 78 208 255 255 20 248 255 255 255 161 74
    109 255 255 255 252 255 255 23 255 210 255 255 203 52 103 201 44 181
    122 255 3 169 255 181 255 96 149 32 92 255 255 126 255 148 47 238 90
    255 244 255 19 228 171 115 137 66 58 85 77 91 17 255 208 255 255 176
    113 255 82 176 0 255 71 255 255 255 90 40 149 255 172 137 255 142 79
    203 133 110 255 255 255 255 58 52 255 110 255 165 135 147 255 255
    255 255 203 228 255 157 255 246 14 135 255 87 255 139 187 255 69 147
    19 255 43 255 255 106 255 81 150 88 255 255 255 255 255 64 69 18 174
    255 126 255 255 255 210 255 173 255 250 255 255 229 255 255 129 151
    250 255 210 255 255 255 215 86 71 245 255 25 120 88 60 255 255 255
    255 255 255 255 255 255 210 176 91 255 81 255 108 221 30 174 255 107
    96 255 202 216 133 113 2 255 85 215 11 255 140 255 95 61 160 154 88
    255 255 255 255 255 255 96 165 247 255 217 255 129 32 255 26 115 255
    242 250 255 4 220 255 66 197 255 255 180 255 122 194 255 255 255 255
    79 255 255 255 66 132 255 157 27 6 23 134 255 175 255 169 110 255
    103 176 211 255 136 255 54 203 167 116 213 250 126 147 79 255 255
    123 255 255 230 255 34 255 255 190 27 255 54 88 244 10 0 128 188 139
    255 245 255 255 197 184 255 121 36 255 203 171 13 71 206 255 250 25
    58 81 255 214 202 161 114 162 255 103 255 255 255 238 144 255 180
    176 199 16 125 66 209 255 60 54 255 255 176 255 255 255 255 255 55
    255 24 255 255 255 221 255 216 197 255 255 255 255 220 217 81 32 255
    125 255 159 215 45 142 255 255 255 255 206 137 211 45 21 240 255 206
    91 255 142 255 255 80 194 255 255 255 92 34 240 154 199 105 131 209
    255 255 238 125 255 212 25 255 140 245 255 255 255 255 255 255 255
    241 255 255 230 5 11 255 147 255 241 147 255 135 255 165 117 57 60
    168 255 79 242 140 229 255 255 79 22 86 255 255 139 255 214 255 255
    255 49 62 102 137 182 255 255 255 197 83 51 246 88 255 36 56 13 188
    255 49 48 167 255 76 216 176 228 255 255 183 255 255 12 200 255 255
    255 240 245 161 255 14 250 45 213 255 8 205 157 255 70 255 255 168
    255 182 255 85 214 255 255 255 139 218 79 255 29 240 255 255 238 255
    255 199 255 255 255 29 107 47 255 189 180 69 56 163 206 255 255 22
    233 255 179 255 17 62 255 148 155 88 107 255 12 255 181 255 255 103
    255 255 32 255 17 255 255 255 216 63 150 150 161 255 115 85 79 91 52
    34 255 139 255 255 237 255 88 56 191 255 255 255 89 220 255 40 255
    145 62 42 124 69 255 255 255 255 255 232 255 8 104 3 255 255 36 255
    16 154 255 255 255 255 82 2 255 255 244 152 208 142 251 98 47 105 76
    64 255 255 44 24 150 255 255 76 255 24 255 150 255 175 5 255 255 255
    255 70 228 58 213 255 229 179 255 255 23 142 190 43 255 64 255 166
    255 38 115 255 7 36 129 255 5 255 239 254 54 241 255 212 210 255 116
    23 255 9 255 208 64 191 250 197 100 145 255 74 17 255 132 64 54 187
    156 184 227 255 255 126 56 188 87 63 255 150 51 255 181 189 178 255
    255 255 221 2 255 255 255 255 48 78 23 38 255 255 255 255 111 16 255
    255 255 51 225 216 166 190 91 157 88 76 255 255 165 255 250 239 255
    13 255 189 114 118 255 255 41 208 152 161 24 118 164 10 124 255 108
    255 179 107 107 58 255 49 45 95 66 40 255 255 38 255 255 153 19 255
    255 25 4 150 228 146 255 123 178 92 255 133 32 113 255 255 15 83 120
    255 62 14 101 150 22 255 255 246 110 244 106 249 255 109 252 206 51
    27 255 170 32 255 252 255 116 3 108 120 177 255 255 243 255 255 255
    68 30 255 86 58 74 255 182 126 200 75 52 66 255 255 255 255 12 255
    255 32 228 71 11 218 206 255 169 255 191 30 73 85 255 255 26 123 109
    243 255 64 131 233 235 253 188 201 217 255 255 147 255 255 255 184
    56 74 242 109 212 255 150 164 147 218 255 107 255 255 88 39 85 255
    255 131 129 255 66 52 255 255 255 255 206 162 255 255 255 154 187
    228 6 255 95 135 87 255 255 255 46 255 255 255 255 202 14 255 8 178
    24 255 255 255 69 86 255 255 98 255 225 172 255 255 255 255 96 255
    255 122 255 24 129 135 255 255 68 26 100 242 255 217 237 2 183 255
    255 241 255 69 206 39 255 201 255 58 255 81 255 210 142 11 220 200
    47 187 225 15 135 164 15 47 255 81 129 218 255 220 20 255 194 142 11
    63 255 180 10 154 255 159 120 255 198 255 244 98 90 255 234 179 191
    143 255 255 80 110 36 29 51 128 255 174 122 47 61 255 255 24 148 106
    8 6 147 255 21 255 235 141 151 255 128 168 255 173 33 188 43 169 176
    154 243 255 34 217 255 86 184 147 233 154 255 197 5 3 221 47 36 201
    8 255 69 55 107 255 153 255 131 128 255 255 247 164 11 154 255 255
    22 10 255 201 250 255 187 255 128 81 198 255 255 255 255 158 140 203
    223 59 255 188 255 255 255 235 255 159 110 38 80 255 116 139 134 255
    255 255 75 255 249 255 88 255 255 140 27 255 255 32 43 33 244 255
    255 255 255 255 162 255 184 52 255 235 255 81 255 115 197 122 96 255
    143 255 251 230 42 255 172 255 255 29 181 255 255 112 255 165 255 21
    242 235 255 255 57 255 255 255 255 91 255 111 71 178 30 216 159 54
    29 255 186 100 255 255 255 120 242 107 118 81 192 218 255 154 244 11
    15 255 235 255 237 255 41 5 255 255 103 205 37 125 176 255 37 120
    255 255 236 58 22 36 255 194 255 85 255 255 109 255 255 150 164 32
    255 255 77 191 255 255 179 206 235 137 255 113 60 63 225 147 255 120
    255 222 53 255 255 255 255 255 75 133 255 156 113 255 255 85 203 218
    5 255 145 66 255 255 27 255 255 198 255 255 100 142 193 172 108 203
    159 74 47 45 255 255 243 255 255 41 255 182 99 166 71 255 255 248 26
    255 255 51 120 255 255 44 221 255 167 255 217 181 220 110 255 23 255
    255 255 255 15 255 170 20 255 213 144 255 80 167 255 100 255 111 150
    255 255 49 255 84 12 120 21 16 255 113 150 88 19 104 255 137 187 255
    148 238 255 255 255 37 255 243 255 88 255 255 143 255 24 49 195 183
    255 255 255 255 255 154 146 7 167 188 44 123 143 151 255 6 169 79
    107 47 242 255 122 132 255 255 255 84 45 255 150 191 255 26 15 255
    88 255 255 255 255 255 255 255 52 81 62 27 101 143 49 255 91 255 203
    103 100 255 255 255 255 238 255 81 255 103 96 246 255 248 255 63 255
    54 255 255 255 90 255 188 166 255 34 255 26 38 19 255 205 69 6 126
    255 199 162 255 255 175 91 255 102 255 143 255 242 167 255 32 255 36
    184 255 92 191 62 159 255 255 184 255 81 255 255 255 201 255 86 255
    255 255 255 255 242 73 161 255 255 56 244 103 200 0 139 107 253 144
    166 118 36 255 167 184 255 255 228 144 32 255 36 255 150 113 113 87
    208 255 44 255 201 21 255 4 186 238 255 255 167 255 255 255 201 51
    10 255 194 49 255 4 255 255 255 255 255 255 100 94 224 167 193 117
    125 235 139 255 255 255 191 212 255 134 255 212 159 255 199 127 21
    255 255 77 89 255 255 212 255 173 239 188 229 30 255 154 209 255 255
    255 255 165 242 134 225 255 255 255 255 225 255 255 252 238 129 255
    51 148 232 255 92 34 101 255 171 255 166 255 225 117 74 255 107 117
    255 255 164 9 255 255 255 3 255 255 147 233 120 203 255 255 255 110
    255 60 255 235 84 255 255 246 145 69 8 44 240 255 110 255 255 255 88
    4 164 218 172 54 23 14 255 193 230 255 8 51 36 250 203 255 15 255
    142 107 143 27 255 255 240 169 255 255 210 21 255 255 30 255 126 128
    166 43 241 213 255 184 189 255 115 118 47 51 142 255 255 254 255 121
    255 255 199 233 188 82 154 255 16 194 255 231 255 143 255 232 255
    236 42 43 114 255 120 176 255 255 122 255 133 242 255 255 30 255 255
    54 255 255 255 172 255 241 52 255 255 184 255 88 255 133 255 95 193
    80 27 54 26 19 255 255 240 255 220 108 180 62 255 255 96 249 255 139
    255 255 255 135 255 231 178 19 15 49 51 255 255 154 33 255 66 239
    255 158 92 73 255 245 255 58 255 76 229 255 255 8 47 255 188 111 125
    255 255 254 255 187 255 251 69 145 255 158 255 221 137 255 111 76
    206 56 45 203 255 255 255 190 195 10 173 98 132 255 231 255 255 33
    93 255 255 56 255 139 178 9 234 255 173 241 183 143 5 240 36 29 152
    146 255 215 28 10 255 255 255 255 23 154 255 251 255 51 255 169 64
    13 255 255 255 255 255 90 51 210 30 126 69 255 255 237 255 8 42 255
    128 255 71 252 176 255 255 255 255 255 255 255 255 203 255 236 247
    255 242 255 152 255 255 190 11 0 199 255 25 206 255 255 255 40 233
    255 255 144 13 255 255 60 255 17 255 98 255 21 255 139 255 103 110 8
    30 255 255 173 29 154 187 255 8 186 34 255 255 73 17 103 79 98 124
    27 255 238 14 86 93 162 255 76 255 255 62 12 64 245 127 221 133 135
    83 245 255 129 140 127 79 223 255 175 192 139 255 228 255 105 255 52
    141 255 255 186 250 107 122 255 254 255 255 240 158 255 255 175 227
    255 255 184 211 49 212 105 255 247 247 77 255 203 88 59 79 255 36
    255 103 56 255 255 168 218 220 62 255 255 255 255 255 176 255 255
    255 255 114 14 74 150 255 255 255 213 203 255 54 41 246 214 208 227
    33 147 8 22 255 244 197 193 193 255 134 218 191 255 113 199 255 255
    129 135 182 255 232 220 255 142 255 26 110 255 32 7 255 173 93 255
    120 51 79 146 100 24 235 255 64 148 115 103 25 22 255 255 255 210 36
    255 246 114 144 255 43 255 255 173 255 255 21 249 255 212 255 156 34
    162 165 219 152 139 14 254 2 255 255 255 227 120 255 109 47 255 98
    14 150 92 255 255 213 25 255 43 205 150 169 215 255 34 255 255 56
    255 146 170 201 139 255 255 255 255 210 255 157 255 255 161 123 255
    255 255 255 188 213 255 255 255 223 255 255 255 84 255 255 247 86 60
    255 83 255 73 76 255 255 255 255 232 255 145 255 156 255 243 255 255
    255 63 45 151 7 255 255 169 152 238 238 255 22 255 109 80 36 145 255
    120 53 109 255 255 107 186 255 217 54 255 136 142 255 84 255 233 73
    34 255 48 255 255 206 255 113 81 255 191 255 20 221 220 73 58 191
    140 145 255 255 255 255 255 255 184 255 64 187 255 38 78 255 255 135
    255 255 74 255 255 73 255 255 255 12 139 81 255 99 44 135 141 203
    255 90 11 255 255 255 105 176 180 255 255 179 255 41 87 56 218 232
    211 73 14 255 107 120 255 255 4 255 255 175 255 197 129 150 214 255
    255 244 205 79 255 21 10 169 126 86 255 225 34 255 203 249 146 255
    178 148 255 233 255 195 255 210 62 47 251 246 255 9 234 255 34 255
    172 248 165 7 255 99 247 54 255 8 250 255 103 58 34 157 255 124 255
    255 223 12 23 254 255 255 212 223 83 106 255 246 155 255 255 255 149
    255 255 5 77 183 206 114 96 255 98 100 255 195 76 255 255 221 255
    255 140 107 21 255 255 54 212 255 242 140 255 253 125 34 255 139 244
    51 235 30 255 96 127 255 110 57 255 232 205 84 255 47 255 255 255
    169 84 255 255 104 255 41 89 30 255 63 255 210 26 255 255 187 255
    255 255 255 255 55 255 8 7 36 83 44 255 229 255 145 150 92 235 92
    255 181 141 65 255 150 148 255 171 150 255 255 255 193 255 242 255
    255 4 186 53 255 255 175 206 249 246 158 255 105 38 166 36 255 147
    246 202 255 214 8 57 193 12 255 255 25 255 255 84 230 255 253 110
    255 73 255 122 255 255 223 255 32 255 255 255 73 12 30 255 205 255
    73 60 46 163 255 255 255 133 255 255 5 255 255 255 255 255 106 64
    255 155 255 109 255 255 199 146 255 255 78 108 238 255 240 255 255
    189 79 63 25 255 213 15 103 40 110 255 173 255 255 25 85 105 104 255
    152 173 61 43 153 96 255 96 255 120 214 30 255 255 76 98 104 152 148
    96 255 99 113 206 71 255 254 255 87 36 244 238 255 114 26 112 118
    255 255 255 170 25 15 96 230 30 255 172 188 136 159 98 255 90 229 95
    210 255 93 200 255 8 255 255 5 255 255 122 149 64 255 122 246 255 76
    255 71 255 71 69 206 122 175 222 84 255 255 255 132 42 255 255 235
    255 208 85 255 150 137 255 255 255 255 210 216 255 223 255 165 255
    255 255 225 255 255 71 255 96 124 107 86 255 255 255 255 52 255 3
    255 188 84 255 255 255 203 255 255 220 255 255 2 203 241 154 255 18
    255 255 255 137 255 214 213 255 201 83 255 47 255 205 255 63 15 250
    255 201 118 255 250 255 255 17 255 255 186 255 254 255 115 220 54
    255 96 4 175 255 250 103 115 36 243 255 143 111 145 255 93 115 255
    173 255 94 199 34 255 245 255 255 71 255 176 255 255 199 126 255 86
    255 255 255 104 255 255 32 66 227 11 174 255 0 255 255 255 255 255
    98 255 143 255 255 255 32 101 71 252 7 188 216 255 255 255 178 124
    132 110 199 80 167 255 161 255 255 91 255 92 43 156 255 66 255 176
    217 255 255 255 164 26 255 255 233 59 66 43 255 193 253 225 255 255
    25 242 255 30 200 255 180 149 255 63 203 255 202 147 255 198 245 68
    104 200 255 77 96 39 154 255 248 255 194 255 216 255 4 92 255 255
    177 90 255 96 166 255 60 255 45 210 255 235 247 255 131 210 255 131
    0 245 173 187 213 255 111 32 255 96 255 193 147 115 255 255 255 236
    32 255 6 214 255 216 38 44 255 255 255 60 192 255 255 107 20 45 184
    240 221 255 0 128 15 255 116 255 134 30 176 110 255 172 245 206 176
    255 255 255 255 175 255 255 255 208 255 26 242 49 255 255 255 156 96
    196 255 74 144 255 232 135 255 255 255 220 255 203 242 255 255 195
    235 129 64 255 32 255 238 255 255 55 37 255 225 189 206 51 88 255
    255 198 255 205 181 51 255 255 255 172 79 255 255 61 255 181 245 240
    255 247 255 197 142 235 7 255 255 255 255 109 103 255 26 255 193 94
    213 27 255 122 244 135 255 91 255 255 183 255 255 120 255 177 255
    255 255 255 114 255 157 255 216 255 255 111 255 255 253 255 255 88
    49 255 47 171 255 30 169 255 181 210 255 166 47 255 142 255 255 71
    49 146 212 150 96 164 255 255 106 20 255 250 255 255 234 255 255 255
    255 231 202 238 53 227 255 128 81 90 255 121 255 114 96 255 255 56
    166 173 255 255 11 255 255 98 66 113 154 113 144 92 139 113 240 255
    255 255 255 255 24 255 255 255 29 161 169 45 223 253 106 255 90 49
    66 255 27 223 255 104 117 255 114 51 2 255 115 139 255 255 171 255
    90 255 255 255 255 250 249 83 137 255 255 255 162 210 142 255 255 15
    189 223 255 255 255 95 100 255 126 255 255 135 176 255 225 200 255
    255 215 255 122 255 133 89 129 255 241 27 165 73 162 255 236 150 107
    92 255 75 173 59 255 255 201 255 255 206 255 155 2 255 228 255 255
    255 255 255 56 105 255 69 0 255 206 255 128 201 255 238 49 228 255
    82 183 214 255 159 255 245 47 77 33 255 86 221 107 15 114 179 255 36
    103 255 41 255 68 242 254 255 150 255 255 255 181 150 10 176 251 221
    95 131 66 255 253 210 196 255 205 255 255 15 86 255 59 255 255 25
    255 255 181 252 113 67 25 180 255 255 186 153 117 255 195 36 188 5
    167 255 245 145 38 255 255 71 18 46 158 255 150 246 232 93 251 210
    93 36 255 255 236 19 64 43 115 88 244 14 255 60 155 44 118 255 255
    255 54 255 255 255 108 255 96 122 201 43 39 229 255 255 225 131 7
    255 184 255 118 245 255 255 235 255 15 221 255 99 51 255 255 96 164
    255 208 255 255 221 255 191 255 255 255 81 255 255 52 98 255 85 19
    62 255 255 188 255 100 107 11 218 255 59 142 163 95 205 255 129 255
    255 146 249 182 118 255 255 62 255 255 255 39 255 241 255 255 59 205
    214 177 255 77 44 167 23 255 134 255 128 85 255 84 247 255 180 255
    255 124 183 255 158 205 92 209 255 255 255 255 92 255 17 255 206 255
    126 100 255 255 255 44 212 255 255 255 118 255 255 147 19 255 77 255
    255 36 174 199 255 61 92 11 255 171 87 255 255 175 159 124 255 63
    148 255 142 255 255 255 19 201 79 255 231 255 88 254 232 255 125 152
    255 87 129 129 255 255 255 255 255 255 165 255 235 255 255 244 51 61
    56 60 235 255 25 255 255 139 78 255 71 34 56 45 30 253 125 255 235
    202 152 255 121 254 53 45 255 150 255 113 255 255 130 255 177 44 255
    10 255 195 255 37 255 181 46 255 217 252 58 197 171 23 255 91 15 203
    64 255 154 233 255 235 52 56 29 149 255 255 255 255 255 105 152 255
    211 255 172 255 203 3 14 255 255 242 255 225 137 255 255 255 255 69
    255 255 255 237 178 173 255 9 209 255 255 164 255 255 238 255 169
    144 79 30 124 159 255 255 218 205 184 186 255 255 142 41 65 255 255
    255 178 133 252 150 255 179 41 227 214 122 246 223 255 255 8 247 2
    192 57 32 255 255 163 1 46 152 230 255 175 255 255 141 164 255 146
    255 255 255 255 34 45 198 255 126 133 166 255 255 255 236 205 247
    255 3 255 255 252 255 188 44 181 255 223 194 169 255 255 34 186 255
    255 102 255 178 180 54 255 58 22 255 95 74 30 25 255 135 255 140 255
    106 232 38 255 255 251 255 110 176 197 255 223 255 137 171 18 47 255
    247 228 255 102 255 248 187 144 255 5 216 114 255 255 251 120 255
    255 205 125 83 67 19 255 195 255 255 234 255 240 255 255 255 255 255
    218 224 145 92 146 208 114 255 255 255 19 255 255 255 167 255 114 49
    122 172 216 255 8 255 255 30 147 101 106 132 145 255 255 255 255 184
    255 177 255 34 77 255 105 255 216 255 115 107 8 40 255 118 213 113
    148 247 255 255 146 255 212 52 166 255 255 20 120 66 255 255 255 96
    255 255 46 255 223 255 255 255 255 235 255 3 79 217 115 255 25 255
    30 62 96 255 165 68 32 109 211 255 14 255 255 206 255 255 201 255 83
    107 255 114 11 255 49 255 107 81 22 255 17 125 208 255 212 147 255 1
    232 124 203 255 41 249 255 255 255 255 51 106 255 255 179 227 255
    205 255 205 54 86 180 255 91 2 235 145 255 137 244 15 85 255 131 255
    25 227 214 64 240 197 255 47 254 107 255 235 235 165 214 255 83 25
    41 235 146 255 231 55 29 92 177 184 255 153 200 255 168 255 216 25
    255 255 45 220 120 184 255 221 137 255 79 221 255 118 250 74 176 255
    63 255 154 255 255 255 14 54 47 208 255 48 255 255 157 81 255 7 112
    255 146 205 180 66 255 255 63 255 184 137 78 229 132 255 38 255 255
    47 255 255 255 191 255 66 255 255 88 170 255 255 140 78 255 84 149
    160 129 56 255 249 103 129 150 184 201 255 51 169 169 41 210 255 255
    255 177 201 116 255 29 180 95 255 9 246 240 90 16 238 114 216 255
    197 255 200 255 205 213 255 255 255 43 201 36 255 129 255 233 80 156
    231 202 247 255 239 255 221 78 112 45 23 169 133 73 255 238 137 255
    101 234 142 173 96 194 8 140 79 218 180 101 34 100 242 255 5 63 255
    52 193 255 4 255 99 250 255 161 216 14 246 34 156 255 88 91 26 252
    255 184 255 255 111 250 255 39 255 255 2 255 252 255 16 42 255 255
    74 255 159 156 114 255 162 255 177 69 255 113 255 128 255 208 253
    234 44 212 65 19 206 255 152 216 255 255 105 255 230 255 255 147 255
    88 255 255 55 255 255 176 255 255 254 237 101 135 255 81 95 255 255
    37 200 36 137 255 255 170 132 255 3 66 77 246 120 30 43 255 0 113
    255 212 40 201 128 169 255 255 51 56 255 103 255 255 34 232 105 32
    255 255 255 164 255 255 52 255 3 255 238 150 189 255 188 218 131 55
    255 255 92 12 255 96 255 66 177 255 255 195 255 45 255 215 206 247
    255 255 162 174 11 144 255 255 133 85 255 220 179 255 255 222 145 49
    255 255 243 255 28 255 34 109 143 255 255 93 171 255 95 255 182 125
    255 255 62 255 73 255 213 251 255 76 79 143 83 83 88 255 255 114 255
    251 228 255 96 110 255 193 135 255 255 11 255 62 3 149 101 255 57
    255 115 164 255 77 255 120 129 255 255 255 15 146 238 255 255 255 47
    255 255 255 255 210 200 255 255 186 255 255 255 148 225 255 255 232
    255 122 140 255 240 63 201 255 180 255 64 66 164 255 34 123 255 255
    255 255 255 188 255 250 22 77 49 255 169 96 255 4 255 145 62 255 51
    255 36 255 68 179 233 56 255 156 2 87 27 201 176 205 116 102 196 236
    255 157 160 247 255 235 76 255 255 187 255 62 255 244 128 255 255
    255 217 51 255 151 107 165 188 255 255 4 79 114 208 96 255 3 255 161
    191 255 218 14 255 167 255 161 255 181 68 148 135 162 255 96 255 246
    80 255 186 255 255 253 173 34 45 255 203 255 245 211 109 74 255 148
    120 255 244 82 255 255 89 159 135 106 201 255 192 255 255 255 255
    255 197 255 255 255 191 199 255 191 255 137 10 255 255 255 255 51
    255 255 255 203 96 82 142 54 158 118 124 140 255 41 202 206 255 70
    255 255 223 140 96 255 255 255 74 24 255 255 5 94 67 22 255 202 255
    255 4 255 167 93 255 212 168 255 9 245 68 124 197 235 255 255 255
    255 107 71 255 255 86 255 224 7 96 255 255 176 3 34 206 255 255 255
    192 200 220 0 96 255 255 27 75 70 47 197 165 232 99 146 255 56 250
    142 255 99 189 255 216 255 150 255 250 101 201 255 255 219 255 53
    208 59 56 255 32 255 255 255 255 255 255 255 74 223 255 80 255 255
    255 137 255 154 113 255 183 3 73 146 189 216 150 196 233 255 179 88
    230 255 161 81 211 255 102 255 255 169 191 255 255 20 19 162 194 255
    255 255 13 107 255 135 255 255 96 255 22 255 159 44 66 255 122 255
    255 52 255 255 255 255 153 255 255 98 169 99 253 176 220 255 30 255
    48 238 205 142 44 116 255 255 255 76 255 225 157 183 246 255 230 250
    29 255 255 255 255 165 109 44 255 89 37 160 255 230 92 255 255 255
    62 127 45 59 140 60 118 255 255 198 34 146 253 255 255 208 255 255
    104 69 116 41 255 69 4 255 255 243 149 116 27 255 32 96 255 255 80
    122 83 63 255 255 255 255 167 180 5 75 164 193 255 30 103 255 255
    103 116 151 123 255 175 112 255 243 255 26 172 255 255 190 42 255 71
    255 255 10 255 255 69 255 255 255 189 94 52 235 255 219 150 255 255
    255 255 255 201 255 173 88 56 115 46 131 247 255 255 93 159 255 252
    255 8 11 255 190 84 255 54 161 235 255 126 255 227 69 186 229 118
    255 167 255 255 139 125 255 227 255 255 255 220 208 105 154 157 6
    129 255 255 210 255 255 78 255 255 202 255 240 82 244 255 252 85 255
    255 255 139 241 255 206 255 255 255 255 255 175 48 255 255 150 156
    255 201 7 227 183 0 242 92 169 255 113 255 129 255 161 101 71 255
    255 150 59 255 255 255 255 56 78 169 245 69 255 81 255 246 132 255
    225 214 145 118 88 255 255 126 255 199 99 255 255 58 255 45 78 255
    148 255 255 255 115 86 244 161 255 105 45 255 8 162 255 255 255 101
    11 255 242 77 194 120 191 136 178 32 235 255 19 255 255 235 52 255
    233 255 255 255 253 255 255 187 85 255 125 46 238 255 205 66 132 220
    221 71 255 255 25 42 99 153 232 139 78 189 255 255 255 9 10 115 255
    146 42 255 22 255 255 60 186 255 255 255 128 255 255 231 255 218 255
    188 255 255 249 255 255 255 242 255 213 242 255 100 245 255 255 255
    255 255 232 255 143 245 253 153 191 8 164 39 255 255 140 255 197 181
    255 30 113 223 216 255 191 246 255 146 71 68 96 184 152 208 255 255
    255 255 98 255 102 110 255 255 179 255 51 254 255 255 255 129 85 222
    255 255 206 255 65 79 255 255 162 255 255 132 62 255 213 0 202 255
    129 25 30 255 137 66 208 255 255 154 15 140 17 69 255 255 107 255
    255 255 255 51 231 129 255 69 211 214 217 44 255 74 161 255 227 12
    129 255 240 221 219 255 103 139 255 120 223 255 238 4 255 77 76 255
    129 158 238 255 252 255 24 205 255 2 65 216 255 205 255 255 126 90
    227 151 255 255 255 127 255 45 139 255 228 27 255 245 255 188 255 44
    154 255 255 255 143 255 255 0 61 255 255 255 184 255 81 62 255 255
    255 67 255 255 227 249 114 213 71 235 128 255 255 77 255 143 69 255
    255 230 193 255 255 66 255 255 255 255 255 255 38 11 194 45 38 255
    255 170 255 199 255 255 255 121 93 255 148 255 8 255 255 255 255 255
    255 235 255 255 172 34 255 184 255 34 19 54 54 255 233 255 56 115
    255 184 71 255 249 254 255 32 61 255 183 96 54 255 255 86 255 32 13
    59 255 62 153 255 255 255 255 206 14 52 101 135 255 113 36 222 19
    255 255 223 153 255 212 103 81 255 255 181 54 88 255 169 255 255 255
    191 218 255 221 139 255 255 255 165 188 233 32 18 255 103 16 191 255
    78 255 218 162 194 253 87 73 255 100 14 214 4 255 255 202 223 101
    151 237 255 140 130 255 255 255 255 255 255 255 111 255 255 188 20
    17 221 161 255 18 174 184 223 255 13 255 64 17 234 255 186 212 255
    255 224 255 235 250 250 255 10 54 135 89 39 255 205 255 255 49 144
    120 143 255 111 11 255 197 55 57 175 255 215 255 60 17 255 238 255
    75 166 64 169 18 188 255 255 96 255 22 32 251 21 172 255 121 249 218
    30 71 69 1 19 255 65 228 255 41 255 77 255 24 255 255 255 246 254
    255 255 95 74 255 181 255 255 255 255 255 255 15 255 77 86 199 255
    255 255 59 255 255 32 20 51 144 255 90 203 255 255 107 255 255 36
    255 250 80 255 255 104 255 255 208 103 255 133 86 255 255 41 255 190
    78 83 255 215 62 73 255 255 18 255 255 110 85 30 100 255 255 203 255
    173 122 233 255 55 255 255 241 51 231 139 255 109 110 88 88 29 156
    73 203 255 39 32 83 255 197 227 160 113 255 152 96 255 255 255 255
    19 122 255 255 255 255 113 66 56 169 0 20 220 81 255 255 214 255 41
    96 255 255 12 61 255 27 142 255 170 154 128 245 255 160 255 255 255
    8 255 255 245 54 255 255 255 0 250 255 255 137 139 255 203 215 246
    142 255 255 255 249 41 173 171 255 255 37 255 255 123 139 22 235 34
    168 93 255 168 255 255 147 255 231 255 189 58 235 86 88 66 255 92
    139 255 77 117 171 255 255 255 248 255 255 92 255 51 201 206 255 255
    111 103 38 201 247 255 255 255 255 102 255 197 155 200 255 106 255
    255 223 41 255 30 132 255 255 255 255 55 161 201 154 206 255 84 255
    255 255 8 23 106 255 255 85 172 201 177 255 255 22 255 15 255 255
    255 255 91 216 203 129 255 255 78 255 188 205 255 19 255 255 219 17
    28 87 0 255 128 254 186 255 211 255 198 110 139 172 12 255 177 255
    255 60 255 255 143 162 255 228 150 216 199 255 45 255 41 86 205 255
    255 255 152 158 147 255 60 162 66 255 76 78 255 125 255 255 201 39
    255 255 255 210 224 17 128 255 249 255 131 255 79 252 73 71 255 255
    255 40 135 23 255 227 255 255 255 255 255 222 124 164 255 210 4 161
    36 213 255 173 255 113 255 87 196 208 255 152 255 14 255 255 1 51
    255 172 139 223 255 61 169 133 255 255 255 172 255 29 255 255 209
    255 113 255 244 126 255 46 231 47 178 154 246 255 255 219 64 255 255
    211 255 14 145 75 246 255 39 172 161 156 255 255 255 21 210 235 1
    244 255 255 245 128 8 255 54 255 255 255 183 255 98 47 101 139 255
    255 255 247 12 255 8 152 146 192 51 255 255 139 255 246 255 165 255
    255 255 255 255 94 255 255 255 164 39 47 255 255 255 230 59 255 161
    255 36 255 117 255 255 255 53 59 255 255 22 255 255 255 255 171 255
    255 255 169 59 203 255 24 255 161 255 255 255 255 203 199 127 250
    255 223 255 202 184 233 255 255 255 23 255 161 255 255 77 22 150 212
    8 30 146 131 255 17 231 255 69 255 132 255 255 255 96 32 134 255 91
    255 255 151 255 255 33 86 255 82 120 99 255 117 255 143 74 8 66 113
    71 255 255 114 118 118 255 169 34 124 255 233 255 255 42 255 255 208
    255 164 162 68 148 145 191 21 51 255 95 90 17 202 255 21 137 255 39
    151 255 220 14 255 84 250 255 163 22 108 255 12 255 21 147 254 133
    255 29 255 255 63 255 169 255 255 255 255 175 190 7 255 36 205 156
    106 200 255 243 7 186 255 30 195 19 255 218 255 188 223 180 255 64 0
    194 255 18 61 53 135 255 255 255 255 154 47 255 255 150 255 255 255
    255 255 106 255 255 110 255 186 111 125 242 129 255 255 177 255 133
    255 255 255 255 255 158 255 181 255 52 166 53 121 196 190 25 100 255
    47 255 45 190 255 205 170 255 255 38 255 255 232 255 201 102 130 197
    158 49 227 224 149 255 187 118 8 195 46 218 255 255 180 99 225 255
    245 205 255 255 255 255 255 205 255 255 51 255 191 107 255 191 118
    53 255 255 255 208 186 255 69 255 255 255 7 21 66 255 135 255 254
    255 255 255 69 159 250 69 255 98 111 34 63 53 144 255 255 11 244 118
    255 255 201 220 245 19 165 255 23 208 8 255 131 152 253 255 51 255
    139 255 255 255 181 255 60 255 197 66 172 56 254 255 255 255 14 236
    38 255 255 99 238 255 25 132 171 118 74 255 84 8 111 62 183 253 21
    255 152 151 179 255 201 91 255 255 69 227 241 59 231 255 34 255 59 2
    255 255 2 255 14 208 73 209 186 253 27 255 34 255 255 38 255 145 255
    255 255 92 159 147 8 38 41 255 255 255 255 73 255 255 175 255 255 11
    255 161 67 228 203 29 255 255 194 255 109 217 255 68 3 196 255 238
    255 255 93 255 255 153 255 255 255 172 255 179 255 53 144 12 178 253
    227 255 143 255 60 255 135 255 74 161 255 118 85 255 54 255 103 137
    255 19 133 19 255 255 255 69 77 255 255 255 107 188 21 183 152 170
    255 255 255 255 255 117 159 255 78 255 255 210 255 255 73 14 255 187
    159 2 255 162 255 177 0 255 255 252 255 255 210 255 255 255 122 220
    255 49 255 254 171 255 105 180 255 127 255 95 255 255 158 145 255
    124 227 255 212 211 255 121 255 236 125 200 45 59 255 255 91 255 36
    255 255 253 84 255 21 58 255 98 65 255 156 188 193 101 30 255 255
    197 63 190 255 225 212 29 228 255 162 255 58 255 255 11 85 149 255
    255 255 94 70 14 58 110 255 178 104 255 118 175 166 255 47 255 30
    255 235 255 8 255 255 67 249 197 250 255 255 223 191 255 223 12 191
    144 255 255 8 255 255 255 255 73 255 154 227 255 112 255 55 203 143
    166 255 255 173 167 124 52 139 103 143 113 255 231 255 62 205 73 255
    4 108 182 214 73 255 255 79 60 235 68 71 69 17 79 180 216 255 255
    203 255 176 20 77 187 255 180 255 88 71 255 255 255 187 15 255 186
    107 109 255 95 255 164 25 255 255 86 255 232 255 255 206 255 255 255
    255 255 140 3 180 165 255 41 104 255 152 255 125 255 255 90 114 247
    115 250 154 208 255 150 193 255 60 232 255 25 122 255 255 255 255
    140 162 13 124 255 255 255 250 255 19 213 98 250 112 169 210 255 49
    5 255 255 11 118 255 120 255 15 11 189 173 71 51 255 93 63 255 173
    255 223 23 255 255 186 167 255 255 37 250 255 95 103 48 147 255 137
    255 255 216 201 73 209 194 225 203 145 255 29 98 203 60 255 128 255
    61 96 255 0 255 255 161 244 188 255 255 4 255 255 227 139 255 255
    201 28 255 172 255 255 255 255 51 79 255 12 255 255 115 156 4 142
    107 255 255 255 161 47 147 255 255 255 152 255 110 13 255 255 255
    209 255 255 249 255 188 179 255 193 142 255 184 255 255 45 5 154 255
    41 255 255 255 2 24 100 255 118 216 130 255 255 56 255 146 91 137 66
    255 86 32 14 53 255 127 255 82 86 255 255 255 255 241 110 255 255
    255 255 7 218 161 103 144 255 255 255 255 74 171 248 137 255 255 253
    29 111 186 123 255 255 184 255 118 144 158 1 64 124 43 255 203 107
    191 206 235 166 28 255 113 45 255 255 255 0 255 88 144 12 255 255
    255 141 170 255 201 177 47 133 255 115 145 5 242 255 255 49 255 95
    96 255 255 255 255 125 255 8 238 255 79 180 255 255 115 255 169 255
    255 255 84 120 210 255 222 212 19 200 255 1 108 255 12 255 255 195
    255 54 255 108 255 242 19 255 255 7 255 255 171 255 188 255 251 255
    255 255 102 255 9 217 233 122 102 255 221 165 191 71 255 44 62 41
    201 182 48 149 197 125 249 242 114 118 199 209 81 255 148 110 58 21
    95 253 4 27 53 255 255 255 52 255 163 34 255 129 255 122 176 80 59
    255 255 12 255 47 25 253 10 255 128 255 255 9 255 255 163 168 255 60
    155 255 205 214 123 242 25 86 53 148 162 133 230 255 255 255 255 255
    255 181 24 255 183 133 63 255 191 255 130 255 254 255 255 132 96 255
    73 157 49 255 210 255 118 12 255 81 255 135 169 135 255 126 81 255
    255 255 9 157 73 255 255 46 86 87 46 88 210 255 255 208 47 255 255
    107 255 157 171 231 197 193 131 241 188 255 255 120 221 225 189 255
    0 100 255 255 196 255 192 255 32 164 29 17 25 255 255 158 255 15 45
    139 84 230 255 255 84 117 38 255 245 98 238 225 64 107 255 175 209
    39 92 121 85 255 142 255 4 76 255 255 132 255 193 255 39 203 213 255
    131 255 205 255 164 208 2 77 171 54 255 117 255 179 218 255 199 54
    75 109 107 49 255 5 246 255 78 255 221 235 96 255 120 120 232 210
    255 216 255 255 3 255 255 26 68 231 255 232 255 255 255 77 15 255
    223 221 255 255 155 255 255 231 216 255 255 255 113 54 255 13 198
    240 255 255 255 255 255 255 255 202 74 255 49 245 233 103 255 255
    104 186 255 80 198 79 147 255 105 146 184 126 255 188 255 66 255 2
    177 95 255 254 255 255 55 201 255 128 215 201 37 250 242 236 255 109
    78 255 255 25 186 56 239 25 255 255 255 32 84 178 255 71 240 255 153
    255 176 78 137 255 73 255 236 255 237 145 199 255 255 206 255 201
    255 117 255 54 44 255 255 255 255 198 255 148 133 101 255 148 90 36
    255 145 9 131 39 255 205 255 41 164 206 197 135 255 116 236 59 255
    198 255 255 88 25 255 255 252 233 148 98 250 235 249 255 65 255 231
    114 255 107 60 191 255 125 255 227 232 255 250 255 255 129 235 166
    255 255 255 32 255 233 146 255 255 255 224 63 255 93 255 255 26 140
    255 220 150 255 158 223 105 142 7 126 47 255 148 166 144 255 191 237
    255 29 230 248 255 203 255 60 255 255 255 255 173 76 159 158 137 95
    62 59 157 17 186 255 58 67 255 255 103 255 255 255 255 47 223 255 24
    63 2 242 155 255 30 0 98 156 109 255 255 255 255 197 73 255 255 236
    255 122 255 201 148 255 117 107 104 255 225 136 255 24 255 255 255
    255 30 255 255 255 191 133 255 88 120 107 255 0 5 251 147 123 111
    203 255 161 255 255 242 115 255 255 202 255 255 246 249 255 255 135
    255 129 156 210 255 255 73 23 56 255 135 255 255 206 54 255 114 255
    210 255 255 212 255 255 255 255 255 255 255 255 255 255 255 118 71
    255 255 18 255 68 181 179 255 192 255 255 255 255 255 107 255 210 89
    254 129 255 37 255 34 2 255 255 255 255 225 24 128 37 255 34 255 244
    205 255 105 255 80 249 255 255 193 251 255 27 158 99 140 255 1 130
    167 122 255 81 250 255 255 255 255 255 190 157 39 255 255 227 184 3
    255 5 255 255 190 118 255 109 223 255 139 255 255 96 255 255 255 255
    71 114 78 73 128 255 255 216 255 255 4 17 255 255 233 255 120 255
    113 106 255 158 201 255 41 122 107 255 70 238 227 36 255 39 255 255
    250 63 73 36 231 255 255 154 255 45 62 255 203 43 255 255 106 93 26
    165 41 176 87 93 220 159 81 251 243 255 141 67 247 113 255 237 114
    184 37 171 60 15 253 255 235 255 255 255 255 38 164 154 115 69 255 4
    255 255 227 76 255 92 255 88 255 78 225 253 255 182 249 184 190 5
    255 101 209 46 255 11 96 255 210 166 255 188 181 105 255 22 255 43
    255 255 201 255 105 255 61 182 144 145 255 249 255 255 66 41 94 136
    88 255 3 140 81 32 10 221 255 255 131 224 255 81 100 255 255 199 255
    49 206 255 205 107 167 255 255 61 255 110 255 114 27 203 64 146 255
    184 255 255 75 255 254 128 255 255 184 255 198 255 181 255 218 23
    237 255 103 255 86 84 169 54 188 19 255 69 255 255 67 255 51 115 233
    143 87 255 90 100 255 255 55 255 30 255 255 21 22 216 105 140 255
    255 87 255 255 255 46 242 41 81 111 151 179 238 176 254 255 210 117
    15 255 120 255 255 255 154 106 20 255 246 169 233 255 255 139 8 255
    255 241 19 23 150 147 255 188 95 255 255 149 255 93 12 235 255 191
    99 255 200 255 255 255 84 29 203 161 225 255 255 255 255 255 224 255
    145 255 68 103 255 27 255 172 117 152 216 255 255 62 255 23 164 73
    156 252 118 81 199 150 111 254 174 255 212 255 26 48 255 8 12 157
    255 56 255 255 216 200 255 168 222 255 41 159 120 243 255 255 66 255
    39 166 98 114 255 79 255 37 255 255 191 152 255 136 90 255 52 255
    255 255 255 238 255 255 255 51 227 233 255 255 60 133 159 255 255 41
    255 255 255 197 255 240 255 22 135 73 36 230 255 45 123 255 181 24
    71 255 42 255 239 255 255 78 137 111 33 149 49 8 24 47 184 250 255
    148 125 197 12 107 0 131 255 53 247 188 107 206 232 255 212 22 255
    190 41 255 148 154 128 255 255 255 213 254 128 76 201 255 51 255 255
    80 112 238 144 255 255 63 255 45 25 105 118 55 255 255 255 255 190
    19 255 197 255 103 255 255 122 255 255 161 255 236 96 242 8 181 255
    255 255 176 235 255 255 7 255 255 73 255 255 124 86 255 213 255 255
    255 255 255 164 255 19 255 255 236 255 105 255 252 255 255 166 93 30
    41 123 255 197 255 101 224 191 255 67 255 255 187 78 255 0 255 240
    23 255 182 98 118 255 255 255 255 230 162 240 113 208 30 255 156 255
    0 255 255 255 255 163 10 255 38 243 233 98 34 110 146 161 255 255
    117 122 244 246 39 255 168 42 231 255 164 255 177 123 13 228 255 255
    110 255 255 29 228 139 239 255 135 3 255 227 231 147 255 228 255 255
    159 255 255 65 83 191 34 152 255 206 255 66 255 135 255 102 14 129
    209 196 233 21 127 221 104 255 238 8 90 255 118 255 255 255 68 255
    255 255 165 117 205 135 255 255 255 255 15 171 186 83 233 255 255
    137 179 255 255 95 255 255 107 255 81 48 86 195 201 238 255 255 255
    158 137 255 255 255 59 255 255 186 255 255 71 126 255 174 173 128
    255 255 203 255 36 255 132 131 140 255 231 199 118 45 136 191 255
    255 242 41 111 255 255 77 74 255 255 255 255 122 255 255 168 255 255
    255 255 255 255 37 255 117 178 255 55 86 109 255 211 255 255 255 255
    184 203 32 217 14 88 76 122 251 255 255 39 111 44 178 121 213 255
    255 110 4 60 255 81 242 255 255 230 206 26 107 118 255 255 147 152
    70 129 96 255 79 255 255 255 255 176 198 255 238 161 255 255 145 255
    15 216 255 7 245 190 69 255 255 56 208 126 208 193 255 255 254 255
    255 122 255 132 32 96 255 255 212 255 172 13 150 150 69 255 244 24
    15 255 81 78 178 8 241 255 26 66 255 255 142 142 231 201 255 244 10
    255 255 181 255 255 18 79 255 255 255 17 133 98 255 223 255 255 255
    255 255 65 233 210 246 103 199 255 255 175 67 129 244 63 68 116 220
    255 206 224 103 255 60 254 124 93 79 143 26 255 53 197 255 255 161
    255 255 183 210 165 125 63 255 71 255 90 254 255 30 217 156 255 132
    90 113 255 52 51 246 24 255 255 69 152 190 255 255 255 132 248 120
    10 255 245 52 60 255 255 118 121 172 255 255 69 242 255 255 255 255
    51 128 246 66 113 87 255 238 255 71 236 214 189 255 184 196 210 232
    220 255 132 176 90 255 245 150 15 255 175 66 203 161 255 255 255 183
    213 238 221 255 210 255 228 255 76 56 49 255 255 143 99 238 30 255
    54 227 181 255 255 19 166 255 55 255 49 255 225 88 255 66 6 73 22
    255 12 255 175 8 152 92 255 213 84 41 61 255 4 184 135 109 255 255
    197 216 30 49 255 255 194 255 255 255 174 111 25 172 255 255 255 156
    255 174 255 60 51 124 150 255 248 231 255 255 214 88 240 198 255 255
    227 57 101 255 255 139 120 255 255 199 123 129 255 63 255 180 194
    255 255 228 255 148 206 255 151 230 255 255 37 124 115 73 255 146
    247 255 219 255 201 132 255 255 255 74 156 172 203 175 52 118 81 234
    255 145 255 255 225 246 198 205 132 255 23 255 255 103 87 79 255 255
    215 255 62 255 242 132 255 49 15 191 255 47 255 255 255 39 94 255
    255 176 131 74 169 255 56 255 255 255 255 78 255 124 221 255 49 216
    225 212 135 249 255 255 255 96 225 255 255 206 69 240 255 255 255
    254 255 255 255 56 255 255 37 105 60 255 71 55 36 255 255 255 26 120
    186 197 5 184 255 212 188 255 172 255 122 255 255 255 132 255 255
    239 137 8 249 255 255 206 117 255 161 186 255 212 238 255 255 255
    255 188 30 92 104 255 98 106 255 255 45 7 141 255 54 240 29 112 47
    120 255 129 255 112 255 92 255 255 165 255 98 109 51 184 169 157 255
    73 255 2 98 255 255 255 174 255 177 255 255 255 255 255 58 255 6 96
    206 184 255 30 86 76 255 255 102 255 255 255 194 255 82 255 255 143
    255 255 255 255 255 255 159 255 102 255 120 73 10 255 217 183 11 10
    171 128 255 42 225 243 255 255 161 255 182 159 255 255 37 206 114
    255 255 255 255 56 255 255 206 201 153 255 19 136 255 195 87 255 109
    255 20 255 115 255 255 255 255 255 136 88 188 255 181 255 209 255 66
    254 125 255 176 134 238 29 255 212 255 96 255 109 255 255 36 120 255
    81 154 255 29 64 255 70 117 160 124 172 255 181 255 255 85 166 152
    175 134 77 255 255 255 186 223 255 197 59 255 69 49 255 48 255 255
    34 235 11 117 186 163 255 74 255 121 255 205 206 37 53 148 255 220
    58 161 34 60 255 4 81 164 175 59 255 75 122 255 255 49 255 175 255
    255 210 45 127 255 228 233 255 76 188 94 255 255 43 15 125 90 225
    135 114 78 24 124 255 255 255 198 69 210 183 255 206 255 81 255 74
    240 255 60 137 255 208 32 30 63 88 255 255 255 255 209 255 255 205
    174 255 51 213 255 92 222 43 60 208 173 100 255 255 255 255 255 29
    255 255 255 255 145 144 164 255 5 249 255 38 208 255 255 255 255 78
    255 96 150 14 255 255 83 255 255 8 255 255 255 255 192 255 24 255 12
    255 255 255 178 236 225 255 110 255 212 115 255 255 255 255 255 191
    93 98 82 2 255 109 176 255 157 215 233 92 255 255 255 233 184 12 5
    255 115 14 255 255 19 128 234 66 255 98 69 255 255 34 58 77 79 255
    255 255 205 255 235 56 98 123 255 175 2 212 67 255 255 255 255 255 3
    255 255 1 255 255 255 150 145 255 255 111 255 255 223 65 242 129 91
    244 255 255 255 43 255 255 255 242 201 49 107 254 9 38 64 255 71 255
    146 155 0 146 225 255 96 191 198 255 120 255 255 3 255 255 96 14 131
    255 255 255 255 255 54 255 222 11 253 255 255 236 255 137 255 255
    255 203 255 94 188 63 255 113 255 255 88 91 255 165 255 118 231 164
    17 255 255 255 63 255 255 91 152 161 143 245 201 169 107 255 255 120
    255 114 36 160 255 167 255 19 249 255 255 255 195 255 255 255 33 24
    255 81 68 255 121 220 255 63 24 6 254 235 255 8 113 238 136 238 255
    92 157 120 250 255 255 74 255 49 255 255 235 59 57 255 133 122 255
    255 255 255 242 255 255 255 118 171 255 247 246 117 103 131 1 255
    116 255 63 116 168 255 242 15 255 244 14 255 255 80 194 143 255 255
    255 14 255 71 122 193 229 38 156 235 214 255 248 51 255 148 102 255
    255 49 245 210 159 255 255 255 91 255 255 255 56 30 220 146 173 59
    124 162 255 255 157 125 255 255 69 255 241 255 163 18 255 255 55 178
    34 34 176 6 99 129 79 139 15 246 60 255 255 219 255 2 161 169 255 12
    255 186 4 255 255 84 86 242 87 118 180 153 19 255 252 167 126 169
    255 255 192 178 255 188 22 255 255 76 60 82 255 145 241 120 96 143
    255 79 100 159 210 255 254 255 148 115 141 3 150 255 98 139 83 55
    255 109 255 232 255 255 74 255 92 255 255 255 250 131 255 255 30 255
    255 58 168 30 255 213 255 0 137 220 255 66 93 255 241 130 24 255 189
    26 168 110 255 170 64 255 29 255 255 255 79 255 175 255 216 255 166
    203 249 46 210 255 85 255 255 140 255 206 27 255 255 255 214 118 255
    231 231 249 255 25 255 75 255 233 255 118 159 240 8 244 255 255 255
    56 166 44 255 202 25 255 255 255 68 255 56 208 169 255 255 4 255 165
    99 255 255 227 255 4 62 255 94 212 255 255 231 186 30 12 20 255 255
    171 105 179 255 0 197 2 255 255 198 255 74 255 255 231 255 255 232
    228 255 15 255 81 255 78 255 7 154 225 56 103 109 238 101 107 255
    222 255 255 66 13 230 255 255 255 7 17 115 184 255 63 255 255 255
    125 255 230 255 250 166 255 255 48 255 13 85 5 145 210 69 255 70 255
    0 235 186 255 255 255 253 238 139 255 217 64 137 181 15 255 38 255
    255 205 255 235 10 255 255 117 14 173 255 255 203 29 49 208 210 255
    255 137 255 75 129 255 88 203 101 64 249 140 255 164 255 205 255 7
    255 202 49 146 175 20 143 255 255 255 255 122 64 113 255 98 104 227
    146 202 142 255 255 255 255 135 14 150 118 255 49 32 255 255 87 134
    39 255 201 0 250 36 255 255 61 212 137 255 184 255 63 154 3 255 255
    255 255 255 84 79 255 158 255 255 154 255 255 51 255 139 95 8 124
    255 68 201 255 196 11 255 255 30 239 149 255 255 176 214 255 17 9
    255 255 255 18 83 101 76 139 255 242 255 201 179 68 17 255 223 199
    124 235 255 173 255 208 157 159 255 239 205 36 10 54 255 254 42 255
    255 191 255 125 29 255 198 213 255 188 179 216 3 159 34 255 233 111
    170 255 255 255 255 17 255 85 255 23 211 79 255 46 255 78 255 255
    255 255 255 236 255 246 198 255 240 143 255 238 236 74 255 51 255 64
    54 144 242 3 7 255 113 255 212 136 68 255 242 7 255 110 228 236 195
    164 255 236 255 66 239 255 188 183 255 32 217 169 255 255 255 255 36
    78 255 255 255 15 99 150 255 221 112 255 154 100 229 60 83 255 159
    255 255 210 41 231 255 255 30 192 252 79 232 255 126 96 245 255 194
    3 208 192 73 203 85 240 255 58 14 242 66 255 122 255 115 255 255 181
    223 14 46 101 252 17 54 255 255 255 255 255 34 69 255 223 209 255 32
    51 255 160 23 232 255 12 81 28 117 198 255 255 213 255 255 183 253 8
    154 154 255 194 255 76 162 53 255 27 255 255 162 68 103 255 255 225
    164 2 92 247 150 85 5 255 188 215 255 80 255 246 55 255 255 255 255
    255 15 179 73 243 139 69 220 250 81 76 255 13 255 255 255 51 115 255
    133 255 255 60 186 255 255 108 206 40 17 255 172 255 255 124 123 165
    93 255 118 70 255 150 255 255 255 183 255 186 60 108 182 255 95 255
    98 255 255 104 103 188 1 117 2 247 95 137 65 255 255 110 215 255 255
    193 255 250 101 92 188 63 28 255 220 218 199 255 255 11 255 255 255
    247 146 131 255 34 82 90 255 255 98 255 255 184 128 99 166 129 255
    255 255 255 255 255 62 235 161 85 86 255 255 213 113 45 162 255 255
    255 199 155 249 251 135 113 255 175 20 255 73 255 141 56 255 92 7 0
    190 136 166 51 208 255 73 148 255 131 65 255 173 179 255 255 67 135
    193 120 255 56 7 73 178 255 178 180 106 255 255 255 255 255 192 255
    255 255 255 255 221 255 216 144 137 107 236 142 231 255 36 255 165
    255 23 118 255 255 173 66 255 255 255 154 93 154 201 51 178 4 126
    255 197 255 255 143 41 47 255 255 255 205 7 255 105 255 228 150 117
    7 126 255 120 255 106 68 255 203 15 163 103 179 255 239 90 255 255
    255 255 255 12 214 203 144 255 15 235 255 117 255 229 255 184 41 232
    152 255 107 142 255 10 255 255 172 34 43 107 255 255 85 255 235 99
    63 107 255 154 255 107 255 255 49 5 255 252 230 101 69 137 235 255
    255 218 169 245 255 142 255 255 38 115 71 228 107 122 197 255 66 43
    194 114 66 156 255 131 63 255 151 142 255 95 245 131 144 188 255 255
    255 77 255 98 255 137 255 255 49 98 255 18 255 255 255 117 255 135
    255 26 255 255 233 255 255 255 15 255 60 170 255 255 21 255 255 168
    41 255 206 108 255 255 255 255 70 255 116 151 255 255 47 140 86 10
    191 98 7 110 62 142 110 255 184 255 255 150 255 255 58 8 75 95 244
    255 22 36 113 27 127 255 142 230 255 223 255 255 255 222 255 124 255
    218 255 54 38 124 122 255 187 255 154 217 61 214 255 68 255 255 255
    255 18 255 255 128 255 255 14 255 255 81 255 203 180 68 255 213 36
    255 235 174 255 139 255 69 26 130 6 173 255 145 111 255 255 89 249
    255 157 117 255 201 225 255 159 255 255 23 39 255 227 255 231 245
    255 36 139 93 2 255 255 160 188 29 255 142 255 255 223 237 255 29 20
    255 8 2 135 255 98 220 12 162 255 12 162 146 38 20 255 255 255 255
    219 255 227 212 232 203 249 255 255 99 247 122 146 103 167 252 255
    161 255 255 54 190 255 186 36 205 255 81 255 255 255 255 255 199 255
    186 122 255 255 89 254 255 255 255 255 117 255 255 255 255 39 247 24
    255 133 139 255 139 20 255 96 166 8 98 255 133 137 42 255 125 255
    233 128 100 255 255 255 15 128 255 255 88 255 255 255 198 255 173
    255 28 214 140 255 62 250 255 235 152 255 121 255 255 181 227 255
    255 255 255 255 115 163 255 235 255 49 144 255 14 255 255 210 216
    158 136 179 83 30 107 255 63 194 15 121 225 184 36 230 255 92 98 255
    255 174 51 255 255 73 255 255 255 175 255 167 135 29 255 255 255 4
    219 64 26 186 32 236 148 127 255 147 255 255 255 255 32 5 37 255 16
    255 227 139 255 84 236 255 9 255 46 182 255 237 255 220 255 23 144
    255 255 235 147 255 0 255 131 255 255 163 47 255 240 184 255 120 170
    255 255 27 255 255 224 166 143 159 171 255 59 61 141 212 27 216 255
    169 255 238 255 255 69 0 126 70 61 255 227 27 255 49 220 255 159 10
    161 208 36 255 124 255 255 255 167 255 87 39 255 255 188 255 235 255
    184 255 255 160 118 142 186 243 255 255 1 255 220 255 7 24 4 46 255
    7 255 13 140 69 62 139 240 73 10 255 255 219 254 236 43 255 161 255
    81 205 255 244 0 191 255 251 187 178 255 76 189 0 255 78 255 255 113
    54 255 194 203 44 255 255 255 255 233 255 230 68 183 255 47 40 223
    229 159 255 165 255 255 146 132 255 161 4 254 178 49 237 255 225 232
    186 234 255 39 153 203 160 172 255 255 115 86 201 133 255 116 255
    255 255 87 255 255 249 79 255 82 144 244 66 255 92 129 152 255 150
    255 255 202 3 255 236 255 96 255 122 255 186 47 56 91 162 6 219 255
    180 255 110 255 255 105 255 7 252 255 55 17 30 250 255 255 243 205
    255 85 255 255 12 56 60 139 118 255 99 255 255 255 228 255 16 255
    255 84 20 19 133 255 68 133 201 255 202 255 255 161 222 255 249 7
    255 255 156 255 157 188 255 255 27 255 255 255 173 78 105 255 194
    183 66 255 255 145 106 255 255 255 51 173 239 244 255 255 36 255 255
    201 28 15 255 145 223 255 255 203 115 255 208 152 225 212 255 161
    255 255 190 255 156 64 255 255 255 255 76 255 151 19 255 255 193 133
    155 255 161 133 255 114 255 3 160 255 211 255 147 186 229 255 237
    255 220 255 255 255 64 255 66 227 81 241 36 56 249 255 141 255 255
    233 80 255 255 73 255 235 212 105 255 187 255 191 213 108 255 77 81
    43 176 255 253 140 255 255 255 164 255 255 47 255 246 255 255 172
    255 180 16 220 255 255 255 255 33 255 113 150 157 206 106 255 173 87
    225 208 19 255 255 126 255 255 255 34 26 181 255 255 255 255 255 255
    203 255 181 183 255 210 255 255 255 90 23 157 90 255 255 255 141 239
    255 255 172 147 156 212 47 131 184 255 30 181 255 195 25 41 255 255
    255 88 188 218 255 255 255 124 93 161 53 210 245 197 188 227 81 209
    150 203 255 0 188 173 218 43 168 255 160 255 71 255 177 255 141 255
    255 255 194 255 137 70 255 221 136 51 160 43 255 32 209 255 208 146
    69 255 195 86 62 255 139 73 255 255 255 70 238 225 99 255 255 137
    113 214 45 255 255 255 255 255 0 255 255 208 232 180 255 255 255 255
    255 210 16 222 128 239 255 216 191 255 255 255 57 141 69 201 255 45
    198 118 67 0 255 255 255 66 59 255 227 224 255 255 91 255 158 255 54
    255 154 255 255 0 255 199 255 255 255 102 245 255 110 225 214 168
    125 176 255 17 255 197 32 214 140 255 160 228 15 38 247 255 120 180
    127 233 58 125 141 32 200 32 172 188 255 5 115 201 255 247 218 62
    255 255 255 44 255 140 218 255 27 150 128 245 240 255 5 220 255 205
    112 255 255 32 81 120 233 255 95 255 255 255 154 255 249 235 255 202
    255 255 3 98 255 255 68 255 126 255 255 165 250 6 255 85 255 153 108
    173 252 255 124 255 51 255 241 63 19 62 255 255 235 20 255 154 174
    184 150 255 255 255 255 84 255 100 255 247 10 255 254 255 255 81 115
    255 255 255 152 184 255 255 107 179 154 254 2 30 125 194 0 255 255
    158 191 69 255 255 227 225 49 91 255 150 20 208 255 255 6 147 144
    148 228 255 255 29 255 109 103 8 199 203 115 255 255 255 139 21 42
    75 252 166 114 231 255 255 172 15 111 255 255 255 255 254 255 55 161
    255 232 255 255 192 42 255 224 101 233 26 255 152 255 255 13 165 105
    225 220 203 255 255 181 255 255 117 255 255 215 255 241 130 105 110
    186 255 205 198 214 143 255 19 11 108 135 158 237 94 255 255 255 228
    255 255 118 255 255 82 140 19 247 249 255 132 215 255 255 255 255
    230 135 255 195 255 73 18 181 8 49 191 182 165 88 68 247 51 90 255
    245 255 55 255 133 255 255 197 202 125 139 255 255 255 109 255 13 8
    139 197 59 249 23 255 194 255 40 12 156 255 27 255 169 108 122 30
    159 255 96 255 255 124 237 255 121 255 96 255 12 229 139 150 255 255
    123 129 203 184 255 111 255 167 235 12 255 255 191 126 54 78 69 246
    255 255 104 255 218 98 255 86 95 255 208 255 255 160 255 255 191 255
    255 255 147 147 255 255 215 255 255 191 255 238 117 255 56 115 255
    95 213 71 85 171 26 139 255 255 104 255 242 255 188 51 241 156 62
    151 244 220 255 255 109 255 255 156 255 34 255 255 254 255 255 252
    221 8 255 73 120 255 225 4 255 255 140 7 255 110 208 235 84 29 255
    255 144 255 14 34 221 255 150 60 0 255 251 210 205 81 65 30 208 255
    132 216 33 54 69 114 85 250 205 81 167 32 122 120 36 90 255 188 105
    255 255 17 188 96 61 255 47 14 255 21 237 169 255 232 84 107 25 199
    217 37 221 146 255 34 32 255 90 34 255 255 151 63 255 110 76 188 158
    115 255 255 245 255 85 69 71 203 37 255 238 250 250 73 244 255 47
    255 113 162 101 255 255 193 225 213 255 255 87 255 255 228 255 126
    179 79 255 255 93 255 76 228 111 255 255 255 32 255 250 184 255 255
    21 227 244 190 255 122 255 159 255 5 255 255 118 250 255 238 255 210
    255 255 36 157 255 167 255 255 201 255 181 255 210 255 255 255 90
    255 255 19 255 214 24 255 129 98 105 255 237 154 255 25 195 137 123
    201 255 86 255 32 203 73 197 113 255 125 162 24 195 255 255 15 115
    255 52 255 109 4 132 255 255 255 199 255 235 107 85 68 255 236 76
    165 15 86 255 100 139 158 255 56 39 194 255 88 255 255 180 255 255
    23 150 110 113 175 86 225 255 5 205 103 171 201 41 249 255 188 255
    32 241 255 26 194 162 255 252 66 255 255 64 255 85 172 137 126 237
    255 179 255 135 168 10 255 115 15 255 255 238 255 255 254 160 89 255
    255 255 255 173 133 157 255 14 255 176 255 132 255 29 189 255 187
    255 103 255 0 216 255 255 145 99 255 255 23 255 255 170 255 126 100
    139 23 255 255 255 255 255 255 40 7 255 179 255 255 255 161 150 246
    255 255 255 32 114 21 255 122 255 3 255 255 172 255 117 255 122 255
    255 251 255 64 167 255 123 122 194 186 255 255 108 220 81 230 255 69
    159 255 99 32 53 255 129 62 180 255 255 255 154 17 52 255 255 234
    255 178 255 167 96 255 255 255 155 61 205 194 255 255 255 255 255
    255 255 255 255 41 180 148 41 255 249 154 255 55 255 255 59 255 255
    242 255 255 143 255 248 209 188 255 98 135 253 125 230 158 59 86 255
    225 255 255 98 254 184 49 244 255 255 255 255 98 255 246 255 129 205
    255 255 193 246 233 223 255 255 255 255 255 255 202 255 30 255 159
    255 253 174 64 165 164 99 151 154 101 236 135 255 110 5 255 255 90
    255 158 255 238 255 129 84 74 255 255 120 15 13 255 208 255 176 255
    126 255 32 255 202 103 255 255 101 154 255 194 255 255 255 255 223
    46 255 0 255 255 44 255 145 107 255 45 255 255 255 143 24 169 255 98
    255 255 250 255 255 59 84 60 255 152 166 255 238 216 244 255 180 255
    255 146 66 60 252 255 255 21 218 118 170 10 15 110 255 255 255 81
    255 213 59 193 255 255 184 99 15 0 25 255 64 1 54 223 34 81 148 255
    15 23 128 255 255 137 113 141 146 232 255 213 249 135 48 112 199 238
    255 39 253 139 96 255 211 60 143 255 137 255 19 255 74 255 195 151
    44 49 190 227 53 32 255 255 146 255 255 220 24 255 34 255 255 38 215
    38 255 71 13 157 255 255 104 29 24 192 255 255 74 255 133 255 255
    235 255 255 34 44 144 69 56 255 13 118 27 255 255 255 28 177 255 255
    255 130 84 157 255 255 255 56 167 255 105 69 255 107 250 195 166 92
    59 86 255 70 46 160 113 203 255 255 255 255 23 255 253 225 183 98 80
    255 255 48 255 165 148 74 56 255 206 103 255 255 255 37 225 255 247
    255 0 255 255 21 235 191 255 255 255 255 58 255 81 255 142 73 59 205
    101 183 42 146 249 255 143 166 255 255 254 171 255 51 255 255 85 254
    206 255 255 6 202 255 203 59 255 255 166 255 255 255 27 255 26 255
    143 245 255 255 23 54 255 58 213 255 118 255 255 128 110 255 158 196
    178 212 255 255 3 255 60 255 95 255 184 255 255 198 24 135 255 255
    255 144 83 255 255 142 255 254 142 156 26 255 53 255 255 148 177 255
    255 255 171 255 18 86 47 19 255 255 121 86 255 173 17 255 173 255 68
    16 41 255 255 54 236 234 127 160 117 255 255 255 44 180 3 208 190
    155 255 131 77 107 255 255 139 255 87 112 206 184 255 60 7 255 255
    143 127 255 255 176 103 255 95 218 255 255 212 238 222 255 192 79
    105 106 255 195 255 255 255 146 64 255 143 255 255 71 112 255 255
    255 255 7 255 255 11 255 39 106 162 34 236 96 235 208 254 0 159 100
    73 255 247 101 225 255 167 216 255 101 89 54 255 81 255 255 255 193
    54 70 232 255 247 0 255 254 79 225 255 162 235 80 255 111 255 93 15
    126 255 255 255 22 233 80 233 220 10 68 255 216 181 135 102 178 205
    62 159 255 150 255 81 255 47 2 254 149 255 255 255 62 77 159 146 159
    56 47 63 179 255 161 183 255 71 36 255 96 63 8 111 255 8 238 255 152
    254 113 56 155 255 255 27 137 255 70 206 98 255 255 203 176 12 28
    166 115 255 106 255 218 255 255 137 40 85 255 255 255 255 255 255
    255 120 222 255 34 69 99 255 86 246 255 183 242 232 255 180 255 22
    255 128 42 212 255 255 255 255 255 255 206 17 255 214 188 255 255
    255 246 255 159 0 144 205 182 255 196 206 255 7 255 255 200 244 255
    10 255 48 255 255 255 255 191 21 255 15 65 255 77 255 255 201 255
    255 199 181 255 233 175 15 255 232 255 255 255 255 75 71 255 255 212
    255 101 137 132 255 51 14 28 173 68 255 38 93 255 249 56 255 255 255
    90 12 255 197 255 255 255 255 227 255 195 255 255 37 134 212 255 34
    81 239 73 255 242 78 255 49 255 191 255 255 255 250 255 255 255 100
    49 168 95 45 221 205 255 87 255 255 255 255 255 73 156 96 192 196
    244 151 108 255 148 115 126 255 149 255 65 14 255 133 255 255 228
    220 137 40 255 171 117 218 122 255 255 255 154 255 255 153 12 255
    103 255 255 255 36 255 255 255 169 190 255 178 65 85 255 255 96 250
    85 68 98 255 145 255 16 27 238 98 255 197 74 69 180 110 194 90 132
    78 84 148 255 255 107 127 114 243 255 205 161 149 9 255 122 30 255
    74 255 245 174 255 255 255 148 255 127 98 255 222 17 102 255 114 187
    69 255 255 7 28 27 255 79 133 255 238 16 255 43 183 174 255 22 255
    77 76 17 165 147 255 90 139 83 255 81 2 255 255 10 255 150 255 255
    165 172 180 255 47 220 255 255 69 25 142 206 113 254 250 255 66 165
    181 69 255 255 255 54 91 255 242 214 255 191 103 255 255 255 255 45
    255 107 255 235 52 64 255 64 255 255 255 255 255 255 197 255 205 255
    253 172 41 203 216 84 255 255 150 227 255 255 26 79 255 255 103 255
    129 200 255 147 79 111 100 17 84 45 255 107 33 81 8 255 14 255 188
    20 197 36 255 255 246 36 21 144 193 141 3 255 255 255 78 45 56 140
    205 157 29 197 255 8 191 255 206 26 74 255 255 255 0 101 164 66 255
    255 237 255 232 255 38 255 227 255 232 206 255 255 255 199 255 29
    116 154 255 109 212 255 255 164 255 199 151 255 8 255 96 184 58 179
    30 118 10 255 99 255 199 140 249 71 250 161 255 93 227 223 40 255
    176 201 24 238 255 238 255 214 255 255 30 255 32 255 237 195 255 255
    255 172 255 173 223 255 255 252 255 2 255 255 160 254 255 120 107 8
    255 255 255 49 41 255 255 89 107 71 255 85 255 255 216 51 255 167 34
    78 255 255 198 49 238 44 233 255 230 255 255 139 255 24 126 255 255
    195 66 255 15 255 218 210 113 124 38 255 175 227 10 135 192 22 255 0
    73 255 84 255 255 238 255 150 122 255 255 16 255 255 131 68 255 16
    34 145 191 255 255 242 142 244 54 117 163 36 3 47 47 30 255 255 15
    41 5 255 96 66 135 81 63 42 193 250 255 84 30 255 64 255 127 255 98
    255 255 102 255 103 255 71 21 148 47 255 255 255 43 255 98 39 150
    255 255 255 73 90 89 10 255 206 51 255 255 255 255 4 37 246 255 255
    255 129 255 208 153 211 58 234 0 163 214 255 38 10 255 255 213 203
    231 45 255 107 249 255 238 187 142 120 148 255 233 227 61 116 255
    208 98 33 255 203 150 22 161 84 30 255 255 255 255 255 255 107 255
    196 255 255 255 148 16 255 51 255 255 255 30 255 255 255 255 255 11
    107 32 201 255 152 255 223 255 80 255 24 224 255 255 220 64 88 169
    69 255 201 140 135 217 156 255 124 255 255 243 118 255 23 255 255
    198 255 255 146 12 255 84 255 137 255 255 255 255 244 184 255 245 64
    255 157 255 100 203 255 100 68 113 179 174 163 231 255 114 255 5 175
    126 198 255 225 252 255 232 193 56 133 255 205 51 140 129 95 127 255
    159 101 161 161 5 41 255 255 143 216 120 98 192 216 49 255 255 231
    255 255 47 87 230 150 180 134 39 191 255 255 255 194 180 25 164 255
    166 255 255 100 238 255 255 181 195 255 255 98 255 245 77 255 255
    216 7 166 250 49 167 255 255 178 255 30 144 255 48 244 255 124 25
    255 87 255 255 190 255 39 120 223 255 59 218 188 93 255 114 158 255
    99 197 24 77 203 152 120 209 255 19 255 255 139 188 186 255 147 149
    152 169 255 255 235 255 255 255 255 90 16 255 255 140 255 255 255
    255 81 173 255 246 255 91 255 216 255 126 246 189 53 255 255 255 217
    255 255 255 139 255 107 206 135 27 255 255 118 117 238 255 0 101 60
    255 255 255 184 26 220 140 238 198 255 131 239 223 133 175 245 255
    170 47 19 255 64 51 180 255 255 95 85 66 27 255 251 213 96 235 255
    255 99 56 27 255 255 188 255 32 242 255 154 0 175 48 254 36 150 255
    255 219 17 58 114 255 171 208 255 255 191 255 255 15 255 255 8 255
    255 14 244 205 66 255 114 255 255 83 111 206 167 175 68 154 118 137
    165 255 206 4 255 255 255 131 255 255 255 255 255 255 252 255 209 5
    49 45 112 64 7 123 129 91 255 158 139 140 152 255 255 118 177 255
    255 59 255 23 255 71 255 255 135 255 255 254 143 111 255 255 172 93
    255 85 161 255 224 255 195 99 255 255 255 57 255 255 115 54 255 255
    173 126 3 101 109 137 111 255 15 186 202 201 255 49 203 246 142 142
    255 255 41 34 255 68 255 255 255 53 21 255 255 183 220 60 19 115 227
    122 255 255 8 255 236 234 255 21 129 255 141 253 15 255 95 233 255
    14 255 255 80 129 255 255 68 34 136 73 220 255 255 24 115 164 139
    136 25 255 179 8 255 255 108 255 199 255 195 255 174 60 102 115 255
    19 129 255 150 49 15 124 247 107 158 178 19 255 255 255 110 101 92
    239 52 255 30 255 69 209 189 208 183 255 133 255 176 66 122 210 236
    71 255 255 93 255 255 255 22 231 255 255 255 255 91 255 59 198 255
    71 52 255 255 255 6 100 25 255 255 73 128 230 166 251 255 255 255
    212 255 255 81 205 255 63 255 60 41 123 98 48 255 255 195 255 156 73
    255 4 137 255 255 216 255 92 255 218 26 255 249 255 100 201 255 228
    108 255 246 149 88 143 150 8 255 81 175 88 22 62 255 255 255 187 183
    255 210 183 255 225 56 255 187 255 139 255 140 38 77 115 86 246 255
    255 239 2 255 255 255 148 255 255 227 255 255 255 255 27 255 76 255
    255 74 19 165 143 78 83 175 255 255 225 240 255 187 255 255 234 255
    133 236 230 60 136 112 255 43 255 160 255 27 184 197 255 255 255 66
    62 4 3 107 106 10 0 255 254 41 235 135 255 216 171 24 255 240 255
    140 14 255 192 235 255 255 29 193 158 255 34 43 255 64 25 211 255
    255 255 255 176 255 137 184 140 255 210 49 210 255 238 255 66 166
    229 22 200 150 250 242 107 146 110 141 224 169 9 49 210 255 76 194
    255 255 255 255 15 255 69 239 235 39 205 210 255 168 101 66 231 196
    255 241 255 255 8 255 255 69 186 255 67 215 101 78 255 161 77 255
    238 255 255 255 255 93 75 255 255 255 27 76 255 52 255 255 255 230
    195 255 255 255 56 29 167 65 233 255 255 255 120 136 2 255 219 255
    73 194 201 255 255 255 255 118 255 242 194 122 255 121 255 255 29
    110 206 129 255 255 255 255 255 255 169 255 129 255 161 115 154 111
    115 244 49 187 183 141 29 255 109 51 242 4 221 150 255 172 247 32
    131 71 216 255 210 255 106 255 2 84 63 244 255 249 137 89 79 255 206
    108 255 255 188 255 14 255 255 255 255 2 255 255 255 19 255 255 66
    17 231 255 211 0 34 255 53 255 255 236 224 159 255 54 52 83 93 25
    255 54 52 0 54 255 255 58 255 26 85 255 255 255 90 255 188 255 218
    205 188 128 89 0 139 255 112 90 122 171 47 255 41 41 255 64 186 253
    194 255 70 46 255 49 255 255 197 171 255 190 145 17 255 245 210 106
    49 255 19 147 2 255 115 255 107 255 255 255 32 161 49 255 73 255 255
    36 87 73 114 58 255 6 255 22 113 150 122 176 155 255 79 255 230 193
    255 255 145 255 206 255 70 255 255 255 255 255 164 169 152 60 86 173
    4 39 238 51 135 221 3 230 96 255 255 9 255 172 255 235 255 255 87 78
    255 99 255 255 8 255 255 151 56 255 157 255 253 255 100 109 148 154
    255 136 208 255 170 161 255 71 255 255 96 203 135 243 41 255 241 255
    255 234 255 171 5 255 255 255 255 255 255 255 255 49 166 143 255 139
    255 184 64 255 255 2 131 197 255 124 255 255 255 255 164 190 118 211
    62 202 20 255 88 103 24 85 242 15 255 255 175 38 222 229 55 56 255
    147 255 53 78 113 21 199 101 255 104 255 167 219 255 214 140 145 255
    255 52 227 255 46 160 255 7 113 154 255 255 164 63 255 48 125 32 51
    255 255 132 0 255 198 22 255 47 255 255 30 255 255 255 255 156 255
    103 122 198 255 255 255 110 51 110 255 43 37 255 231 21 63 38 255
    255 255 255 140 255 255 255 83 255 255 195 16 240 255 224 254 58 92
    193 255 146 255 60 230 56 233 5 255 64 221 157 255 155 101 158 51
    139 255 175 127 255 106 27 255 25 242 255 255 54 255 212 194 255 143
    255 105 184 90 21 255 255 255 114 255 255 128 200 255 219 255 165
    255 255 255 177 103 161 54 255 180 253 255 41 255 255 137 255 244
    255 117 74 255 255 166 114 103 152 255 164 255 191 242 255 255 107
    32 182 16 255 255 255 255 255 55 213 255 125 255 161 203 228 255 210
    3 255 255 222 255 27 255 253 214 255 255 165 203 135 89 255 113 89
    64 154 113 176 255 255 255 88 255 255 193 104 255 255 44 191 201 52
    98 0 214 255 77 12 255 152 176 227 220 104 123 160 120 255 255 121
    216 105 103 255 255 100 110 255 250 255 255 255 178 255 208 254 255
    223 225 255 38 184 238 255 205 255 255 149 216 232 156 255 230 255
    255 255 255 58 254 191 163 140 176 255 243 59 165 255 255 146 199
    250 255 12 228 62 29 255 255 205 252 64 255 205 212 180 255 229 106
    47 255 192 184 182 100 255 79 23 255 133 84 255 255 124 210 255 37
    166 167 203 255 124 33 95 90 255 69 66 49 105 255 168 255 255 255 59
    0 117 140 255 25 255 8 4 96 255 120 255 56 252 255 171 37 255 124
    135 120 255 41 191 210 115 255 255 44 255 30 67 218 255 12 255 54
    255 254 255 255 189 255 58 189 146 131 255 79 62 255 2 124 237 71 80
    255 64 255 255 255 227 64 13 12 255 255 92 176 175 255 255 88 213
    152 45 140 91 190 104 17 180 249 179 255 205 255 255 162 215 255 11
    34 206 255 71 28 59 194 255 195 255 190 88 96 84 154 255 68 96 149
    255 255 255 165 255 30 161 96 255 167 255 71 255 148 174 233 190 44
    105 125 108 191 18 255 146 239 117 88 151 57 8 60 255 43 136 230 161
    213 36 255 128 39 161 44 255 21 216 105 255 255 233 135 137 255 255
    109 101 255 60 90 133 255 255 255 14 105 255 7 125 255 243 255 255
    255 218 69 168 49 255 55 218 165 217 255 255 255 220 231 81 255 208
    255 215 105 239 115 255 210 255 255 180 95 255 253 140 64 213 27 255
    22 36 94 175 255 98 255 255 255 66 3 114 95 237 255 92 61 188 255 19
    129 220 36 225 187 166 146 135 152 60 29 255 139 121 255 255 150 255
    255 22 117 255 255 255 255 247 64 221 165 255 66 70 255 255 168 255
    131 135 156 73 255 208 250 38 39 150 255 198 255 139 255 255 51 255
    137 136 59 150 106 218 255 223 255 255 80 76 116 56 46 255 249 255
    60 255 103 255 45 255 255 27 200 88 255 242 251 67 255 171 255 255
    255 255 206 255 255 7 94 27 135 255 205 255 255 54 255 255 190 101
    255 255 150 255 255 255 71 22 255 146 255 76 255 67 46 99 102 49 255
    66 184 122 176 255 250 255 174 255 30 194 158 166 32 88 99 249 255
    12 154 56 255 61 131 255 250 77 255 12 229 255 255 255 16 255 255
    132 3 154 255 255 250 255 255 21 255 36 84 113 164 156 212 30 255
    255 255 98 219 255 208 144 235 255 129 167 141 255 17 38 236 74 255
    159 122 255 65 255 255 151 10 255 203 107 255 85 68 188 73 20 255
    255 129 255 238 132 255 66 255 255 255 176 255 255 255 220 255 73 21
    99 255 154 255 162 23 45 255 255 22 179 255 44 220 81 71 91 255 255
    193 28 186 255 69 255 255 255 255 7 255 66 255 255 102 255 255 26 57
    255 126 122 176 139 100 255 255 125 255 255 255 6 255 255 255 162
    162 250 60 112 255 255 81 36 195 8 255 14 255 51 66 255 255 255 255
    255 40 255 255 255 22 146 223 54 255 58 255 255 255 46 255 1 255 193
    255 7 9 51 247 208 169 17 255 255 255 84 99 142 255 85 255 255 111
    232 13 14 127 90 255 211 255 236 96 156 32 255 255 255 252 255 183
    188 53 118 132 107 255 205 190 95 88 128 177 255 255 91 223 240 255
    32 169 195 186 255 255 57 255 47 46 220 246 255 203 255 255 255 235
    183 250 71 86 126 21 255 201 213 27 255 255 7 26 26 255 30 255 34
    210 104 255 184 8 172 56 170 255 210 27 255 255 5 255 255 44 36 233
    255 252 250 77 108 62 255 120 145 159 14 188 221 249 17 234 255 255
    30 10 240 255 255 43 255 255 255 77 120 54 40 210 171 255 24 148 34
    176 188 95 255 255 255 255 255 132 255 34 190 101 212 11 255 255 255
    255 13 192 235 160 54 8 84 106 255 255 106 255 28 255 255 190 49 29
    255 11 255 118 220 255 255 51 235 255 165 194 143 153 30 255 214 201
    210 166 255 255 255 242 255 255 201 255 169 98 206 29 110 255 184
    228 255 162 255 15 51 14 238 223 255 255 223 152 203 209 117 255 241
    255 62 161 255 77 106 42 169 255 120 0 241 255 11 255 255 4 77 255
    24 67 216 113 255 105 255 144 154 223 126 255 255 22 255 208 40 245
    238 44 255 255 250 255 223 82 107 255 255 32 197 52 255 145 219 255
    227 151 19 184 210 166 255 131 255 176 40 149 15 241 201 255 144 86
    255 255 255 255 255 188 255 255 183 255 92 255 96 74 167 255 48 255
    236 37 255 255 150 255 236 44 32 255 180 108 255 60 157 255 221 161
    255 255 255 152 255 203 255 228 255 255 172 255 255 255 255 73 166
    255 255 91 255 255 255 156 81 165 42 109 255 93 255 245 255 255 1
    255 21 206 227 51 126 255 255 135 255 255 224 255 53 5 174 255 199
    90 255 184 255 255 255 255 191 243 68 255 109 222 182 65 255 60 247
    93 255 186 255 255 255 32 255 121 255 255 155 5 255 111 255 15 255
    156 255 166 56 255 201 255 49 255 100 255 89 178 56 255 145 169 255
    255 255 148 255 255 137 255 77 65 255 220 7 186 212 255 247 255 88
    255 154 15 91 255 255 255 148 7 123 221 255 0 255 126 255 220 227 76
    206 8 157 221 246 164 218 255 255 221 55 27 8 255 255 99 195 208 255
    166 152 255 221 255 255 187 255 124 87 255 199 241 255 255 137 208
    99 98 255 255 162 139 255 170 73 255 92 137 250 255 255 255 122 157
    43 164 98 255 252 255 250 255 120 255 255 154 199 5 81 84 249 147
    255 159 255 60 92 255 255 255 47 60 255 184 255 198 227 120 166 255
    197 103 30 255 125 154 255 76 255 32 255 164 28 143 244 255 41 255
    190 255 255 255 41 255 128 54 36 216 71 255 240 255 255 255 84 130
    69 25 19 160 126 255 218 71 255 255 197 46 255 220 86 34 250 255 199
    151 247 143 255 95 124 34 255 253 153 250 255 177 254 148 255 255 84
    255 222 255 70 233 255 104 156 152 254 255 255 255 255 255 242 255
    255 63 255 122 29 255 66 252 255 47 89 30 255 255 98 223 187 150 238
    243 15 255 241 179 45 255 255 54 197 69 38 102 41 255 23 244 255 255
    255 227 169 255 255 255 255 129 14 134 255 221 46 135 255 69 255 245
    255 163 252 169 255 255 159 255 255 61 214 100 255 145 137 255 90
    255 255 255 255 255 255 109 139 9 45 198 255 255 39 190 137 0 255
    255 159 255 198 117 255 22 172 255 181 79 51 82 118 118 173 14 255
    255 255 255 255 169 218 110 227 255 81 255 255 255 255 255 136 24
    255 225 27 255 73 88 88 191 54 255 124 208 139 190 142 255 247 225
    255 255 176 255 26 238 19 137 255 255 36 255 13 78 183 214 128 118
    212 255 255 255 168 44 255 49 156 255 241 240 53 255 255 255 80 205
    255 142 255 191 40 115 250 255 255 165 85 144 216 37 172 255 255 20
    255 132 255 255 18 228 11 58 220 255 74 255 255 255 227 255 76 255
    255 38 63 255 255 255 120 177 228 255 254 144 255 255 139 255 255
    255 176 65 32 255 10 255 126 71 255 165 255 238 73 255 30 244 70 189
    255 242 46 227 40 255 68 63 76 120 115 255 206 36 255 255 157 29 90
    88 7 255 151 150 255 255 74 23 126 255 255 176 189 255 255 255 255
    234 130 190 217 255 8 255 255 255 255 3 255 32 56 36 148 63 114 183
    255 9 255 255 64 249 255 135 34 161 184 255 189 24 158 255 255 255
    255 73 245 205 255 255 176 255 21 17 158 47 255 146 71 208 255 29
    255 255 170 19 231 255 189 165 255 255 9 43 68 45 51 213 137 214 255
    39 65 218 255 179 255 225 206 255 255 10 201 197 255 194 255 234 2
    45 87 255 255 3 196 255 255 52 161 255 255 238 255 64 255 81 247 227
    255 255 255 126 255 255 255 210 255 246 147 255 255 255 150 150 76
    163 255 51 255 255 255 34 255 200 255 0 255 94 255 255 114 129 154
    51 69 230 186 133 137 255 136 152 131 100 57 255 122 203 255 161 255
    255 103 255 255 255 255 255 255 255 255 255 156 206 199 88 255 255
    85 139 74 255 182 106 76 88 255 255 255 36 59 98 255 255 64 255 255
    41 104 255 118 109 255 255 129 255 9 135 25 169 255 255 120 58 156
    116 25 41 255 22 191 255 250 232 233 71 100 9 173 8 255 232 156 255
    255 85 255 62 240 255 170 135 255 208 237 255 132 137 182 52 54 182
    255 255 255 255 186 255 151 196 47 66 166 39 63 208 236 106 255 6
    223 255 255 255 54 113 199 36 92 255 255 255 87 255 255 235 255 255
    250 193 255 255 255 105 144 161 13 252 8 255 43 179 118 45 232 255
    59 255 255 231 39 58 63 172 49 197 2 191 5 255 255 132 255 255 223
    27 255 255 42 199 187 32 4 255 255 255 255 44 255 70 255 253 255 150
    101 170 237 255 255 32 255 255 78 129 221 118 255 120 184 255 255
    255 255 255 127 120 186 255 8 81 113 116 51 255 255 202 108 255 22
    149 156 161 164 150 255 255 0 155 235 66 224 255 255 255 255 255 115
    139 255 255 255 53 255 255 184 255 178 0 131 255 77 245 24 206 252
    255 137 44 255 233 45 157 79 71 255 255 255 255 255 48 232 255 30 14
    255 113 201 255 212 255 60 239 252 255 255 255 180 219 255 255 166
    162 201 154 237 90 4 213 255 255 157 73 1 255 248 255 29 255 5 162
    255 255 161 255 73 255 103 255 255 255 255 255 180 255 255 13 255
    169 158 255 184 103 232 7 113 255 255 255 170 164 255 89 250 28 247
    255 255 109 167 255 166 156 197 0 44 184 255 108 255 19 255 56 161
    255 218 255 171 54 120 255 66 255 69 152 106 88 84 85 210 253 227
    255 255 151 255 255 150 255 81 26 255 83 232 255 73 255 255 0 74 125
    255 184 191 255 77 132 30 169 110 255 120 144 255 255 169 255 177
    240 19 15 255 255 80 208 68 128 237 255 66 63 255 255 255 255 255 25
    255 255 255 53 205 237 255 255 240 255 255 34 233 136 79 255 197 215
    255 0 255 88 252 255 255 184 57 255 190 15 255 4 184 58 5 184 156
    255 255 92 255 27 41 255 100 255 212 129 255 154 34 255 65 255 255
    255 249 255 40 255 9 225 103 255 255 112 73 76 12 223 129 193 255 15
    255 133 34 145 167 144 255 229 241 147 49 91 115 152 255 147 255 125
    51 66 148 255 141 255 29 255 194 255 255 5 255 114 129 150 49 63 115
    233 255 120 255 32 255 255 255 98 221 255 255 255 254 255 255 77 255
    255 235 255 255 100 255 45 151 183 255 186 255 255 77 205 255 227
    255 203 33 255 255 80 255 255 104 255 255 15 255 255 51 255 43 214
    255 255 33 255 255 19 255 255 255 59 0 15 156 13 69 59 255 254 46
    255 223 198 255 176 171 216 255 255 255 206 255 255 139 255 255 194
    255 8 30 8 103 255 108 143 10 255 255 37 255 169 255 208 122 172 244
    255 255 44 34 117 132 2 255 127 231 255 255 38 173 255 255 48 220
    255 201 255 156 255 255 4 162 144 255 255 129 201 168 255 84 164 245
    255 239 240 221 60 255 79 255 25 255 169 88 161 98 255 32 158 255
    255 225 255 255 255 255 73 220 57 51 29 51 193 110 255 255 49 255
    242 80 255 191 175 255 156 238 247 56 255 255 43 194 107 255 48 255
    210 12 255 229 102 5 180 255 255 255 66 255 255 41 37 255 243 255
    255 230 49 255 255 235 99 40 107 223 76 255 182 44 47 255 148 176
    255 255 255 255 232 255 255 255 184 188 40 85 255 129 255 190 227 66
    208 87 120 255 255 193 36 43 211 77 255 255 255 173 255 255 255 167
    86 255 255 255 187 140 15 36 29 255 33 120 255 47 37 255 107 255 255
    70 161 255 195 255 255 80 132 32 243 255 124 70 255 255 227 176 255
    27 255 255 255 210 255 184 244 255 255 29 77 16 245 71 49 255 255
    132 255 255 194 63 208 255 228 255 45 130 56 181 255 152 208 255 255
    19 255 69 191 255 107 249 85 255 113 200 51 255 47 236 253 144 120
    255 118 255 82 20 81 109 255 176 19 184 255 255 255 105 7 210 88 118
    255 90 98 134 255 153 8 255 255 255 255 4 183 160 142 255 255 5 66
    255 49 255 137 65 145 255 210 255 255 43 5 255 18 255 255 221 179
    255 100 222 30 1 255 255 52 15 255 111 44 255 34 164 255 255 255 255
    159 189 255 176 191 71 117 255 255 81 255 255 19 255 255 249 3 53
    216 255 216 14 255 255 29 169 186 255 255 255 67 227 255 49 254 255
    23 113 251 219 152 255 253 147 145 7 255 233 201 255 255 255 149 145
    255 255 255 213 255 39 255 255 255 192 12 255 91 156 255 227 240 255
    255 115 240 197 255 186 5 95 255 255 255 250 177 14 60 255 205 255
    255 255 218 132 255 255 67 222 173 220 139 255 231 255 49 125 255
    255 21 237 255 255 145 255 15 245 175 225 145 43 74 255 233 179 255
    255 74 255 38 228 52 255 78 223 81 255 255 255 255 139 66 183 255 36
    219 250 255 234 233 255 136 179 255 18 147 96 7 178 206 11 255 38
    255 255 227 60 255 255 89 255 75 201 255 47 52 255 169 225 210 160
    255 22 41 255 255 34 255 255 255 62 255 191 255 255 255 199 39 255
    59 255 39 255 240 54 238 73 139 29 110 173 8 255 161 255 244 255 87
    206 255 255 255 255 238 255 255 181 255 255 255 255 255 45 255 255
    69 255 255 255 255 251 208 255 163 255 10 255 220 255 58 84 29 221
    202 78 255 104 255 255 158 30 105 21 255 255 255 255 235 155 27 13
    25 255 255 154 184 0 255 255 68 255 57 255 195 255 111 165 176 109
    255 255 255 104 255 255 59 255 255 106 255 255 177 115 8 255 211 99
    71 255 167 98 255 94 131 255 220 243 255 255 69 96 210 255 85 255
    128 255 2 136 117 83 255 252 255 176 127 255 91 96 176 212 228 255
    92 166 255 255 113 88 159 174 68 14 93 169 255 210 120 201 154 255
    73 103 255 249 29 255 245 255 255 111 255 135 255 122 137 190 15 60
    255 83 218 255 255 81 255 220 225 232 255 255 246 47 255 255 130 101
    255 255 190 255 255 255 67 255 124 176 255 255 179 210 255 194 156
    66 173 255 255 4 255 205 255 255 251 231 244 255 255 64 248 110 255
    30 187 255 255 15 255 255 78 240 255 255 122 101 41 255 255 19 255
    176 164 167 139 255 255 255 214 178 190 89 255 173 246 255 255 255
    237 163 98 210 255 69 46 169 255 191 126 255 150 193 128 103 122 227
    255 255 135 117 255 255 255 2 255 154 255 26 255 255 194 198 109 255
    210 233 22 255 253 55 255 255 255 132 255 1 255 64 10 193 43 73 255
    79 223 49 214 135 12 255 124 159 71 165 179 255 255 255 225 255 196
    231 54 255 255 255 255 255 221 255 218 255 255 255 255 254 255 95 22
    255 255 232 255 7 74 238 255 122 36 146 215 182 255 255 167 255 252
    255 255 44 98 162 255 255 162 39 255 203 247 255 136 118 255 84 255
    255 217 125 255 255 255 255 255 149 255 126 145 158 255 255 255 161
    0 137 247 211 244 255 255 19 255 242 4 202 255 255 99 255 255 81 255
    240 255 8 255 129 255 255 255 42 255 27 255 255 255 255 135 255 255
    184 111 255 255 29 255 182 124 255 255 89 237 255 47 245 255 111 22
    255 129 194 255 227 51 188 255 41 129 81 157 145 12 255 255 210 255
    255 0 255 255 41 255 141 4 149 161 243 164 255 190 73 255 214 255
    103 255 103 255 44 255 255 197 255 255 170 63 255 45 208 6 45 255
    129 255 232 92 91 255 255 102 130 68 255 68 171 41 255 255 255 51
    216 131 156 161 76 255 255 37 255 242 128 93 58 255 156 143 121 8
    255 255 255 9 126 255 255 80 101 154 147 69 231 36 255 255 255 255
    227 76 183 255 131 255 255 77 83 255 255 188 255 118 255 255 15 255
    169 40 150 255 255 42 255 227 255 129 147 79 131 198 255 255 69 159
    150 159 149 255 54 69 225 255 29 255 255 225 255 113 255 220 255 181
    255 92 100 240 255 255 54 255 110 39 255 166 0 76 255 165 254 215 69
    29 255 255 241 135 255 176 142 62 255 255 83 43 37 77 157 117 255
    104 255 191 202 56 90 96 238 6 255 178 15 236 118 176 111 255 255
    175 255 251 71 255 221 228 125 255 173 255 36 255 255 255 33 127 255
    255 255 248 21 255 255 255 178 255 255 215 233 210 255 255 132 255
    255 255 255 255 254 59 145 255 255 255 195 255 255 255 188 161 85 20
    255 47 156 154 209 2 128 255 255 235 191 15 28 16 184 154 225 255
    255 255 255 71 12 255 19 8 2 156 126 54 129 255 255 184 121 255 255
    78 255 190 255 41 255 107 223 255 151 255 26 236 206 255 51 225 109
    255 96 255 250 255 255 255 255 255 120 255 255 120 225 255 255 255
    255 255 49 15 49 255 255 255 164 255 255 178 221 187 107 139 255 198
    255 255 108 255 91 88 255 172 91 255 255 255 255 124 255 109 184 255
    8 255 76 77 213 255 56 80 8 43 188 159 255 7 255 208 121 3 53 255
    255 255 8 96 255 34 120 255 255 183 109 114 255 175 190 189 255 154
    44 53 133 255 84 132 232 255 241 255 103 255 255 255 202 69 255 117
    255 255 107 191 255 179 255 231 44 12 47 255 255 255 206 222 28 255
    68 255 255 255 195 62 255 150 188 44 21 255 225 255 255 255 255 8
    255 235 85 10 233 181 255 66 128 91 24 255 194 255 23 255 255 98 255
    255 255 78 255 11 8 86 63 255 242 143 118 212 255 74 255 87 179 163
    80 255 255 255 22 220 3 244 145 165 255 255 253 222 69 58 61 255 110
    255 255 255 162 201 187 85 79 51 255 255 255 156 255 23 10 96 140 24
    255 41 122 250 255 52 109 146 222 171 15 255 131 255 34 255 255 194
    188 255 255 255 81 83 255 115 137 255 255 255 255 255 255 141 250
    255 81 51 232 255 87 113 236 98 164 255 136 10 255 230 255 255 129
    255 169 1 255 255 255 59 225 19 167 178 150 100 255 255 238 24 181
    255 255 255 139 255 81 19 210 11 255 180 255 120 79 76 255 255 255
    255 60 223 255 114 124 255 255 84 44 255 5 227 248 188 29 236 255
    105 148 255 255 227 255 181 223 255 193 255 117 161 124 104 189 13
    234 41 255 255 12 161 89 255 223 102 15 141 180 254 13 255 247 56
    177 244 255 87 135 169 255 181 253 77 255 216 55 255 255 254 250 171
    100 255 214 255 255 255 69 17 255 255 255 255 85 69 255 255 112 161
    16 255 8 25 255 255 203 255 255 1 129 253 239 68 120 125 157 4 91
    200 64 255 255 79 216 184 203 198 255 231 255 255 255 255 255 160
    239 107 255 216 255 205 255 129 255 255 169 235 242 255 255 255 255
    255 48 105 214 255 255 173 205 255 160 54 255 255 227 125 169 255
    201 58 255 255 235 252 8 255 195 255 71 252 255 143 247 68 255 165
    73 23 30 156 197 255 73 111 255 36 154 144 255 34 133 255 197 255
    108 28 66 20 255 206 255 255 29 66 0 187 181 242 81 255 255 89 254
    105 255 255 255 255 255 212 14 169 165 243 201 255 12 255 255 255
    255 38 77 255 255 205 255 135 255 255 47 255 152 255 235 255 255 255
    255 201 255 140 255 111 112 49 16 249 126 16 66 64 255 225 167 255
    255 255 169 210 255 154 100 227 136 200 255 10 211 244 158 122 23 27
    203 255 117 113 255 221 88 236 88 255 255 34 255 116 255 130 255 255
    110 255 89 255 81 209 225 206 11 230 255 255 156 92 191 244 53 228
    164 255 30 255 51 85 188 250 183 17 255 208 156 255 188 252 255 255
    211 255 177 255 122 135 255 255 148 255 116 255 47 255 225 79 255 56
    255 255 33 68 208 139 108 128 25 255 255 74 95 255 242 255 255 43
    255 255 124 255 255 67 222 255 161 255 210 255 255 255 157 255 133
    76 184 255 121 255 221 236 255 255 157 255 255 157 245 244 77 110 8
    114 255 208 255 255 19 80 15 2 216 252 255 84 14 255 21 83 255 161
    51 238 235 152 255 234 196 255 255 255 255 252 34 0 107 255 233 255
    140 64 19 49 212 166 223 171 136 142 58 95 225 255 255 255 190 232
    206 244 197 213 255 255 152 182 30 225 58 118 233 255 181 255 188
    241 174 255 22 255 171 175 255 156 82 108 255 255 255 53 62 255 255
    0 255 103 245 255 47 23 255 255 92 255 255 103 252 81 15 169 255 148
    142 255 88 255 53 198 176 73 87 255 122 142 20 227 16 181 197 241
    164 255 255 19 143 59 255 173 19 8 255 255 255 150 106 255 86 59 107
    41 255 255 255 126 159 128 5 79 242 131 255 255 179 169 190 151 140
    255 255 255 129 78 169 255 146 184 255 255 196 255 89 24 188 195 78
    255 186 255 152 125 255 135 253 255 255 255 255 255 255 178 255 135
    255 169 117 255 255 255 255 145 4 78 255 255 255 255 188 255 28 232
    132 255 147 255 28 255 17 255 92 230 255 255 179 255 29 255 75 16
    171 255 255 76 255 209 30 255 255 255 255 255 255 255 183 127 203 78
    25 26 236 44 255 168 230 255 144 255 118 7 189 255 228 255 105 99
    145 81 30 90 255 255 255 255 255 64 255 154 255 255 255 255 206 255
    255 255 210 245 255 98 255 255 255 255 255 23 166 255 32 255 214 126
    255 184 225 255 255 255 255 188 88 81 212 255 255 255 255 255 255 14
    81 99 209 68 135 255 255 36 176 147 255 255 188 253 69 162 255 100
    255 4 255 37 122 255 255 64 255 255 64 223 255 255 236 240 255 186
    81 255 255 255 193 126 93 6 206 255 120 8 107 255 255 252 197 255
    159 255 49 137 255 19 5 231 227 255 56 59 129 255 12 255 11 21 29
    193 206 245 186 29 211 255 16 255 255 173 120 214 255 152 255 201
    255 255 148 255 255 65 118 255 255 46 244 183 159 169 255 255 171
    255 176 255 205 220 34 255 255 212 255 166 255 59 255 84 4 238 255
    243 223 255 195 194 255 100 237 255 98 255 255 142 32 251 65 255 255
    247 255 255 255 255 255 177 237 238 255 3 255 255 100 191 255 129
    145 255 255 240 70 255 68 89 255 165 236 255 90 255 30 178 36 174
    255 246 255 0 59 5 148 30 73 255 255 255 255 255 14 101 255 19 199
    255 183 255 255 135 255 52 73 255 16 20 69 255 255 255 255 215 75
    173 159 141 113 255 92 255 255 255 66 166 255 255 183 171 99 255 49
    184 22 255 67 201 255 1 122 255 255 91 255 255 255 69 88 255 255 221
    255 39 93 255 180 41 255 242 206 255 255 16 255 255 220 167 118 180
    255 255 255 255 255 43 73 255 22 83 255 43 206 47 255 255 255 255 8
    62 34 193 255 0 255 255 3 255 255 255 255</data></my_img>
<your_img type_id="opencv-matrix">
  <rows>100</rows>
  <cols>100</cols>
  <dt>"3u"</dt>
  <data>
    255 247 255 255 255 255 153 213 138 255 255 164 198 148 255 255 152
    178 255 29 255 202 205 255 106 255 45 255 129 255 158 137 255 166 55
    255 255 82 255 255 255 255 255 205 238 255 255 255 255 51 11 135 255
    123 255 255 19 255 255 255 217 255 155 241 255 255 255 255 255 255
    143 255 255 255 234 209 173 255 76 255 76 61 255 255 215 36 195 31
    148 142 18 255 255 10 255 140 255 255 255 188 255 138 255 158 23 255
    205 255 47 255 250 217 44 74 20 255 255 255 152 255 22 255 62 41 255
    253 98 255 255 35 255 117 255 114 244 255 49 255 255 89 9 231 255 55
    168 255 255 255 255 138 80 255 6 255 255 189 12 146 216 254 213 255
    255 217 255 202 255 208 255 255 255 229 255 255 255 51 138 155 255
    96 255 251 255 143 105 255 72 0 255 255 74 255 255 148 144 113 148
    255 147 158 229 255 196 174 157 255 172 59 255 255 255 255 208 37
    255 244 59 173 117 255 89 13 255 241 255 78 122 0 255 238 255 255
    240 79 255 6 255 255 150 221 178 255 255 131 68 195 219 215 255 23 2
    200 68 162 255 102 49 61 255 11 21 225 255 219 255 255 164 255 255
    76 217 255 164 255 255 34 255 255 248 255 68 255 255 68 255 211 186
    72 149 164 255 110 205 255 100 230 255 255 255 132 255 255 255 255
    143 255 129 255 255 80 255 255 23 249 255 255 255 11 255 63 255 255
    84 255 255 51 255 255 57 246 255 116 233 149 255 255 8 89 255 255
    105 208 255 255 255 86 255 30 78 40 255 57 255 255 196 255 255 37 61
    149 67 255 255 255 15 255 96 154 164 252 129 231 12 2 255 255 255
    255 255 255 255 129 152 115 255 255 255 255 186 136 255 243 255 80
    145 255 243 137 255 65 255 255 255 255 236 137 255 155 88 156 255
    255 255 45 255 255 9 41 255 255 123 57 242 155 78 255 255 255 91 182
    255 255 255 255 255 65 55 255 255 72 49 76 13 72 219 196 142 104 255
    255 192 165 255 76 207 255 255 255 255 255 255 255 223 255 255 63
    158 255 143 255 233 139 131 255 255 4 255 170 89 255 106 255 255 255
    152 61 168 255 61 255 255 255 255 67 255 18 173 255 255 255 64 131
    129 26 80 255 183 170 255 191 255 152 34 0 51 255 121 226 255 255
    255 112 255 63 233 255 183 255 255 255 255 145 165 255 255 255 255
    255 202 255 255 160 255 255 255 227 233 219 95 255 23 255 255 150
    255 129 255 255 255 203 217 255 21 255 255 255 255 255 57 112 255
    120 112 255 53 61 22 57 127 43 133 104 43 255 255 255 27 26 174 255
    57 243 205 182 255 255 255 59 95 183 255 99 255 127 108 43 80 207
    217 255 86 163 166 25 202 176 255 129 255 255 255 18 46 255 57 78
    255 252 255 255 255 202 185 255 21 255 94 245 255 158 255 125 67 255
    255 255 255 255 255 156 214 4 255 98 157 80 255 255 63 202 255 29 32
    18 46 76 57 255 255 255 165 255 255 255 140 255 255 140 255 255 182
    86 135 149 255 236 176 29 255 66 192 255 210 255 255 144 53 255 255
    37 255 255 186 255 253 14 57 253 255 177 191 198 255 115 255 167 255
    255 255 255 202 255 255 255 228 183 215 4 189 194 0 255 217 42 202
    255 86 172 255 255 11 151 255 223 255 241 51 82 255 255 255 213 255
    255 36 91 255 126 246 45 53 246 255 25 68 255 255 255 33 36 178 255
    114 255 188 255 130 255 74 255 213 34 187 255 255 40 255 91 255 255
    124 255 209 255 255 255 221 76 255 32 255 6 106 255 255 255 255 255
    255 255 255 93 15 65 181 17 200 255 255 110 10 185 255 255 255 255
    255 113 237 230 255 255 86 255 119 108 255 88 255 255 213 99 255 74
    196 255 51 255 170 247 255 64 65 253 255 68 255 138 255 245 134 43
    255 255 255 17 255 255 255 255 255 217 74 106 42 113 255 8 231 239
    255 47 247 255 255 255 215 112 188 255 255 72 255 127 217 255 255
    255 156 255 254 217 255 255 255 212 170 255 255 255 74 255 255 255
    251 255 255 255 104 148 255 20 255 255 94 255 102 255 203 57 255 234
    223 2 255 255 255 255 121 39 49 66 213 38 45 255 255 255 255 255 255
    255 105 185 196 61 189 23 255 36 145 205 151 43 255 255 190 186 144
    84 152 255 255 82 255 239 146 255 255 253 255 178 108 255 184 17 25
    203 190 255 255 89 216 255 160 81 255 255 227 255 255 255 255 255 53
    255 19 255 255 53 255 61 0 208 255 217 240 27 255 134 117 11 199 170
    116 40 39 255 255 221 154 199 255 146 78 255 154 49 158 106 68 255
    255 119 255 152 255 194 44 253 255 255 255 37 255 255 162 175 161 18
    255 255 55 122 255 255 245 255 205 255 223 255 255 255 84 203 255 88
    80 193 63 255 255 27 226 255 74 173 255 76 255 255 255 255 0 255 112
    138 255 255 255 255 40 140 255 232 255 255 112 125 125 184 255 45 65
    255 255 122 168 255 110 197 255 165 255 18 255 204 255 255 255 194
    245 42 151 255 13 255 143 255 63 255 62 203 255 255 117 240 182 255
    65 255 113 255 255 255 194 255 255 255 140 255 255 255 76 255 255
    255 255 204 255 108 61 255 226 255 102 68 255 255 126 255 255 105
    242 255 255 255 255 160 19 255 255 255 255 255 255 255 255 255 255
    255 100 245 255 255 255 255 100 117 164 153 255 255 79 123 61 176
    255 255 255 255 97 140 255 34 132 255 114 242 255 29 255 255 255 62
    43 255 255 158 255 255 12 217 153 219 61 255 255 213 100 14 255 255
    86 255 255 184 84 104 247 255 168 74 255 255 63 19 127 255 106 255
    227 175 255 255 131 255 178 0 47 248 25 21 255 255 85 74 255 255 255
    247 255 205 150 255 68 255 255 22 120 140 65 219 255 110 255 255 255
    255 4 213 255 255 255 255 157 255 167 85 255 95 91 4 255 255 188 40
    255 57 255 214 74 82 255 255 209 127 31 226 255 209 207 255 255 255
    255 153 255 255 55 255 244 255 78 255 255 255 255 255 137 159 209 0
    255 145 255 255 2 110 76 6 190 255 255 255 106 203 255 255 255 49
    134 255 251 255 90 241 11 255 255 117 255 23 255 115 255 255 255 162
    255 255 255 197 205 53 216 47 255 240 255 91 255 255 249 255 137 255
    76 254 245 255 43 230 255 20 255 234 207 255 255 255 171 240 255 23
    144 255 255 19 235 124 202 96 122 255 255 255 210 255 205 255 217
    255 255 14 17 255 255 49 202 255 194 255 255 99 112 255 255 255 237
    255 255 178 255 255 255 255 229 125 255 242 194 213 115 137 255 255
    255 255 255 255 213 53 147 44 255 255 255 136 255 207 255 255 67 166
    255 243 182 209 183 187 198 255 255 39 68 255 255 67 255 255 255 255
    255 255 255 255 55 255 255 184 255 255 129 255 255 222 25 255 184
    255 255 137 30 255 194 38 255 255 227 110 255 255 229 255 255 255 57
    255 255 179 144 255 23 255 255 32 255 255 154 255 255 255 40 164 93
    147 255 255 255 255 255 255 255 255 255 255 133 36 255 38 255 255
    200 255 200 255 68 219 30 189 90 255 255 211 93 214 255 245 255 255
    255 108 255 255 57 217 38 79 239 110 255 233 255 255 22 255 195 255
    70 255 117 255 2 121 255 182 255 255 104 123 255 255 47 23 255 255
    255 255 151 44 255 255 255 199 255 255 142 158 150 91 255 55 255 255
    255 255 255 143 255 110 55 204 196 173 193 255 255 153 255 255 255
    255 255 200 255 241 47 153 53 159 76 255 55 76 255 17 255 13 255 255
    169 53 255 124 244 255 255 255 217 255 255 255 255 95 255 15 104 255
    59 96 255 97 255 255 116 17 255 255 255 255 255 19 176 101 161 255
    255 255 255 255 89 106 255 217 215 181 115 164 211 255 255 247 231
    217 118 140 23 255 66 80 255 255 229 87 144 18 255 13 0 127 129 255
    255 11 18 215 255 255 255 255 213 65 244 245 255 248 255 255 255 215
    255 28 213 255 255 176 255 255 88 255 255 16 179 255 255 255 40 255
    11 182 255 101 43 255 240 255 255 19 123 90 148 76 255 103 253 100
    255 64 255 70 255 162 255 255 255 11 255 12 224 161 70 8 164 198 103
    255 255 255 255 49 255 110 4 118 255 255 255 38 86 46 170 176 236 68
    255 10 187 14 255 255 55 255 193 113 255 255 255 255 255 143 255 255
    255 255 255 18 255 255 178 196 255 255 99 23 255 255 214 255 6 255
    255 17 255 255 255 255 211 255 255 255 112 189 255 255 255 102 57
    146 94 255 255 166 129 255 255 0 78 255 255 255 252 249 216 255 245
    255 255 255 255 255 207 110 14 68 255 255 255 0 255 27 197 113 255
    200 255 148 78 255 137 66 255 205 229 255 40 255 2 255 81 203 255
    106 147 40 255 90 255 106 137 86 136 108 255 255 255 116 255 135 255
    255 255 192 255 255 15 204 255 221 51 255 255 79 255 255 0 255 228
    255 106 255 246 174 129 163 125 255 219 198 198 255 255 255 255 255
    10 255 198 99 178 255 255 255 153 82 255 255 219 42 94 137 21 125
    255 40 255 103 106 104 255 157 157 91 47 207 36 172 255 255 255 255
    101 113 255 13 255 255 65 147 211 116 74 255 251 96 255 255 255 229
    255 153 255 255 255 255 198 255 254 255 61 227 255 170 255 203 255
    255 255 130 255 255 127 255 255 42 255 255 255 255 74 255 255 101
    166 255 141 214 55 255 134 255 255 255 255 101 119 255 255 255 119
    255 178 233 255 255 255 177 117 255 255 78 255 205 199 198 255 255
    255 255 255 172 105 255 255 238 178 255 255 26 6 11 172 49 165 136
    255 255 208 255 255 195 131 8 78 23 32 255 119 255 255 255 76 185
    255 255 78 255 78 176 255 255 255 164 255 146 255 112 255 131 234
    255 102 165 238 233 164 229 255 255 76 255 145 255 117 226 255 78 23
    255 241 255 204 207 207 204 135 255 100 137 255 255 149 234 255 133
    103 242 68 158 59 237 80 49 158 255 255 255 36 255 255 255 68 133
    255 40 255 255 255 255 46 255 170 255 255 53 255 123 182 255 47 110
    122 255 164 255 255 255 255 121 49 36 244 172 0 121 245 255 244 227
    226 255 25 255 255 139 76 234 255 68 255 255 255 255 227 162 255 74
    211 255 121 137 91 174 255 255 255 255 255 94 255 204 53 53 11 255
    255 182 255 76 255 123 255 129 61 2 157 180 44 255 255 131 62 72 243
    151 255 255 87 35 255 255 255 255 255 188 169 127 255 255 146 113
    255 147 255 255 176 255 255 168 255 152 53 20 255 255 255 255 255
    119 255 255 255 255 255 160 148 255 255 255 255 255 255 255 255 255
    202 147 255 216 255 59 255 255 255 255 255 148 255 115 255 110 255
    120 255 196 255 61 127 255 32 22 78 255 255 255 255 255 255 159 43
    27 255 255 255 140 255 165 206 55 247 9 86 255 79 227 198 106 255 86
    255 255 137 104 229 255 255 255 255 244 51 255 57 37 255 255 255 255
    125 255 215 45 255 255 255 88 241 255 47 255 255 119 255 91 198 255
    255 80 232 147 155 255 255 211 30 176 255 127 57 255 255 178 255 146
    255 0 255 255 121 141 251 158 255 76 255 255 255 255 213 255 255 243
    255 182 255 255 61 198 4 255 183 255 25 135 253 255 91 70 255 49 255
    235 255 204 255 219 23 255 255 236 61 255 17 255 255 216 243 255 255
    65 255 255 164 150 140 57 230 255 139 255 95 255 108 255 255 255 255
    123 106 255 255 255 255 115 255 227 255 255 140 229 255 255 255 255
    104 231 63 23 68 255 255 255 255 255 255 255 221 235 129 255 255 27
    78 255 120 255 100 255 34 255 173 255 31 156 255 231 255 2 255 255
    255 190 70 255 255 186 253 255 48 112 255 133 208 125 255 255 4 93
    132 119 255 255 239 101 255 74 255 168 255 255 23 255 255 136 223 44
    255 255 70 236 186 255 255 151 255 255 255 255 255 90 131 255 255
    255 164 184 74 255 239 106 96 90 30 255 255 167 255 135 219 255 6
    255 38 255 122 255 76 175 233 74 236 255 119 146 176 72 255 255 255
    255 255 23 255 66 255 80 233 255 255 255 255 49 255 149 93 51 255
    255 123 27 146 255 255 255 78 255 255 255 205 255 206 211 59 255 255
    255 142 196 255 255 160 255 79 0 13 244 255 133 157 217 74 225 182
    57 202 255 135 255 178 89 21 255 255 28 255 230 204 255 112 64 23
    255 255 141 255 255 255 255 74 255 63 164 227 255 255 255 72 217 162
    255 4 255 251 140 255 44 255 115 255 255 39 165 255 255 29 47 255
    255 255 255 255 170 158 53 153 255 255 26 10 222 251 255 255 255 22
    255 255 31 6 255 255 184 255 255 255 121 255 255 17 255 255 189 254
    255 255 255 55 255 255 255 59 223 255 255 115 190 255 255 36 255 255
    255 11 174 209 255 180 255 255 255 255 255 100 255 255 241 255 255
    255 255 255 70 255 176 255 255 32 203 255 255 247 255 255 121 84 129
    12 255 89 190 55 255 255 215 255 255 173 127 255 53 255 207 162 112
    41 72 255 255 40 23 157 171 138 231 0 246 98 255 146 213 255 255 252
    29 21 255 65 255 255 46 47 59 27 87 88 158 187 255 99 255 255 207
    255 255 255 255 78 255 255 255 255 255 255 255 255 172 238 255 43 46
    134 219 255 217 37 255 159 255 255 32 255 255 255 255 215 255 255
    255 255 0 221 13 255 122 26 255 106 255 255 160 25 255 255 255 255
    25 23 255 255 191 41 255 255 255 255 234 255 186 108 23 255 255 255
    126 216 255 127 163 215 255 255 200 82 26 162 232 68 255 30 208 255
    255 108 255 255 61 255 221 170 162 135 119 255 255 149 98 106 255
    255 70 255 18 253 248 33 112 250 255 255 157 255 255 255 255 255 189
    255 194 234 255 137 199 255 46 255 254 255 255 255 255 53 153 8 127
    255 255 255 127 183 238 243 230 255 157 164 115 176 46 255 22 255
    255 255 255 255 255 164 255 125 116 172 255 129 199 255 74 168 255
    245 130 178 95 172 203 228 255 255 74 138 149 65 255 188 188 208 255
    80 40 8 255 168 131 241 255 255 173 255 74 255 155 255 255 199 255
    36 231 209 93 255 255 103 255 110 133 255 164 131 255 233 255 81 164
    6 87 255 255 170 63 192 255 255 175 255 53 255 251 255 255 255 12
    120 255 131 255 96 255 255 255 121 82 11 255 255 227 255 10 136 225
    255 251 223 126 255 255 105 255 255 116 246 255 255 255 255 133 155
    255 255 255 94 255 85 255 247 187 158 82 79 255 240 125 255 255 115
    202 27 191 4 255 255 255 255 255 37 29 255 255 255 255 198 211 127
    170 255 110 255 139 255 45 145 170 108 255 255 113 255 195 194 255
    79 252 131 164 255 255 8 255 78 132 243 55 250 255 255 255 57 23 238
    33 255 182 255 162 255 39 108 255 250 255 255 255 76 134 127 4 255
    70 255 151 198 255 132 182 255 23 80 105 255 255 173 255 255 238 202
    252 126 183 108 255 57 250 251 255 255 129 227 255 6 9 255 51 227
    108 127 255 43 63 210 255 255 255 255 255 255 174 255 100 106 255
    255 255 255 255 255 84 255 250 93 255 255 84 36 131 114 93 174 255
    102 155 162 255 18 236 229 241 203 244 172 255 2 255 255 151 235 255
    43 255 196 19 235 70 255 147 0 255 255 131 255 255 255 23 255 15 255
    255 86 125 255 255 144 255 114 149 155 255 53 255 165 161 255 255
    193 255 255 255 255 255 255 255 150 70 203 139 255 229 186 255 255
    143 255 133 255 255 43 255 49 239 249 255 162 10 174 255 255 223 78
    146 255 53 255 255 255 0 251 255 124 255 82 255 132 178 15 255 27
    255 153 250 27 233 202 184 255 255 245 74 255 46 255 86 255 183 57
    19 255 55 228 255 8 198 255 255 255 112 184 106 26 74 255 112 254 70
    255 255 61 34 255 93 255 202 255 155 202 255 159 247 255 255 255 255
    153 172 148 255 117 38 255 255 255 255 102 164 255 255 253 233 76
    114 255 255 10 255 255 124 91 255 217 251 255 240 34 255 255 144 25
    122 8 255 255 40 231 11 132 255 202 200 255 255 8 255 179 255 61 255
    255 227 232 255 255 255 233 198 11 72 131 255 255 255 103 255 255 10
    183 255 84 255 94 255 255 255 255 11 196 255 170 248 61 225 170 255
    140 235 255 255 96 63 132 176 255 26 255 46 59 47 217 255 14 145 255
    255 255 49 65 82 0 35 198 146 255 219 255 255 255 255 217 255 255
    255 30 255 255 243 115 255 255 72 255 253 149 255 255 255 255 145
    255 186 21 66 102 86 255 255 255 255 255 36 238 255 177 255 255 86
    255 255 97 159 239 243 119 255 46 140 255 255 255 255 255 255 255
    255 255 16 255 255 255 255 255 255 255 61 88 255 255 4 211 255 231
    255 204 221 74 255 255 126 255 227 234 255 254 97 255 255 184 244
    255 255 121 227 105 255 255 255 123 255 118 255 255 255 255 149 255
    255 255 74 219 255 255 163 255 255 8 248 245 255 255 255 36 255 120
    127 255 255 233 41 127 255 182 243 164 255 162 255 192 116 255 160
    27 219 39 247 227 182 76 206 237 38 191 255 213 255 247 255 174 255
    255 102 119 171 255 255 112 255 22 255 255 255 6 100 67 221 255 255
    255 149 0 122 255 255 255 185 192 68 83 8 184 255 255 241 248 255 87
    159 113 29 21 106 255 17 113 255 206 70 78 19 255 224 255 243 42 255
    255 255 255 106 255 87 65 108 166 113 164 23 255 255 255 255 59 255
    255 221 61 196 194 255 255 255 255 255 255 136 255 211 206 98 226
    255 255 255 61 235 42 115 178 127 255 217 44 255 78 255 255 255 108
    66 182 255 255 10 255 255 78 255 255 255 124 255 255 179 255 255 11
    151 16 57 248 255 255 255 153 255 255 68 131 255 255 255 185 254 255
    255 255 255 89 255 228 255 67 40 255 149 255 255 255 255 255 255 103
    255 255 255 255 194 207 234 207 255 255 255 255 180 255 152 255 255
    255 183 178 70 42 225 255 255 255 255 119 255 51 255 255 202 55 74
    255 255 22 249 185 255 165 255 219 241 2 255 209 229 119 146 255 255
    183 255 147 164 255 31 42 193 255 183 255 211 255 11 20 13 255 149
    255 255 255 255 255 255 255 255 241 137 255 255 105 221 255 196 66
    255 78 212 255 255 25 31 194 161 255 255 255 4 255 26 221 255 255
    255 255 55 255 255 121 119 135 255 255 205 255 255 255 208 255 245
    255 255 211 255 255 42 214 205 255 149 235 15 110 98 51 255 151 19
    255 202 255 255 49 101 255 10 89 174 255 255 96 65 241 255 162 255
    93 255 200 246 255 198 255 61 48 212 255 49 225 255 255 255 255 255
    255 255 255 70 255 173 244 139 255 255 255 255 255 255 203 255 255
    255 255 68 255 91 194 255 255 255 217 255 94 133 255 255 110 127 255
    255 166 94 82 212 255 255 255 55 255 217 188 127 216 223 133 225 198
    255 193 255 143 255 255 129 185 255 124 189 255 255 255 203 255 132
    255 232 236 106 120 72 170 255 112 255 255 255 255 154 255 255 255
    255 255 255 255 92 255 174 237 122 255 255 74 163 131 169 223 255
    255 208 88 126 130 223 255 49 255 255 255 180 186 255 117 110 255
    255 255 129 255 118 26 255 179 255 255 221 0 53 108 255 133 190 255
    248 173 159 255 48 79 255 143 57 255 255 187 223 38 255 255 255 255
    168 188 255 115 165 255 255 63 142 255 175 117 102 65 255 4 175 255
    82 124 212 255 255 255 255 255 255 121 255 117 88 230 255 255 46 176
    76 255 250 225 255 21 98 255 255 255 179 255 221 177 248 221 255 255
    255 207 159 192 103 255 106 198 59 123 65 61 255 224 210 229 255 193
    255 32 255 47 228 255 255 188 87 84 184 28 255 53 255 255 150 229
    255 243 38 178 74 255 162 255 182 255 118 255 119 112 115 41 255 163
    170 255 255 255 255 255 112 203 255 129 255 202 68 255 125 255 255
    255 255 255 255 23 48 98 255 255 172 215 30 17 255 11 100 255 13 87
    255 255 255 255 255 112 255 86 240 255 255 255 255 145 121 255 38
    255 255 55 64 255 106 57 43 87 130 82 34 255 121 84 255 255 21 255
    98 110 255 255 255 123 47 255 212 255 255 255 255 255 255 4 255 121
    235 255 119 147 243 255 255 255 34 198 255 255 149 148 255 255 67
    255 255 255 51 151 255 255 255 255 255 255 165 255 255 17 255 255
    255 231 255 255 255 55 177 255 255 82 255 255 112 240 63 230 202 255
    255 174 147 224 255 194 202 255 29 25 59 255 255 255 209 247 204 37
    255 174 119 139 189 255 255 221 160 255 255 29 255 255 255 224 255
    200 255 0 231 181 255 255 70 233 255 255 255 255 67 163 255 2 255 6
    122 255 200 203 64 255 255 255 51 255 255 78 255 216 162 124 76 255
    11 255 225 255 255 143 255 255 8 251 28 255 30 98 174 255 255 255
    255 189 102 106 255 255 243 255 255 255 255 255 255 38 255 255 227
    255 232 255 255 19 91 255 118 4 110 203 255 255 255 206 70 87 255
    235 255 248 255 255 104 255 21 21 255 255 255 255 177 164 255 255
    193 255 255 197 70 255 255 255 224 151 255 17 255 61 202 255 23 255
    132 255 70 255 10 255 255 145 188 255 119 150 85 255 164 62 250 255
    253 27 255 125 104 179 53 96 255 219 112 255 255 86 255 236 106 255
    87 22 255 255 133 255 255 182 255 199 223 255 132 255 171 23 255 255
    255 72 110 255 255 255 255 255 255 106 255 203 185 23 2 180 53 255
    123 254 30 255 255 42 255 255 255 255 255 67 255 255 181 81 255 255
    138 254 25 11 255 255 219 10 53 255 221 80 74 88 59 255 217 183 210
    255 53 4 255 53 113 255 76 255 239 255 153 108 110 255 255 255 255
    84 255 83 255 0 89 106 255 255 160 211 255 47 255 206 255 255 255
    255 67 8 255 251 255 141 95 255 255 13 255 255 148 72 255 255 43 219
    194 255 182 25 223 29 255 78 255 139 195 149 255 255 102 129 13 255
    255 93 255 186 255 255 255 255 255 255 255 255 255 255 231 255 255 0
    255 47 174 114 255 255 255 255 255 255 255 255 255 246 155 255 255
    255 255 255 172 255 219 61 255 255 147 141 89 255 255 91 255 255 240
    16 255 255 192 154 170 166 82 19 255 255 255 255 255 255 174 82 219
    255 65 255 255 255 70 86 255 79 255 48 255 203 255 112 143 171 30
    245 255 106 255 181 81 35 255 255 237 255 255 248 205 68 76 255 79
    104 2 255 255 89 255 205 139 6 255 255 202 255 196 100 255 131 4 255
    61 255 215 145 242 255 34 61 35 103 70 255 255 121 255 255 93 237 99
    32 119 194 161 100 175 255 255 169 248 255 72 255 255 255 255 125
    112 193 255 232 140 178 86 134 255 114 138 255 236 255 2 255 255 137
    255 255 211 255 255 255 255 28 247 42 255 255 124 106 247 101 89 255
    17 236 45 148 117 255 255 127 255 255 185 227 165 255 255 74 255 88
    184 255 14 103 255 255 183 125 223 124 121 255 137 255 119 255 255
    92 241 85 96 255 255 255 87 28 255 15 255 255 255 240 254 255 26 0
    11 255 255 40 199 255 86 255 102 255 255 188 89 180 255 255 255 255
    196 255 255 255 42 255 255 112 112 255 255 255 152 255 255 137 153
    255 255 255 14 188 140 255 65 119 205 82 79 255 255 204 248 255 255
    168 232 147 241 255 255 255 255 159 255 40 204 255 255 2 8 255 138
    78 255 102 255 255 255 141 255 204 113 243 76 252 255 255 68 255 251
    255 154 13 158 255 255 31 255 112 23 55 255 51 255 26 153 122 34 57
    192 251 158 255 255 72 255 255 117 255 255 255 255 47 255 247 246 90
    255 246 255 255 255 145 29 255 123 255 255 217 255 197 255 255 255
    255 183 59 241 255 255 255 13 208 255 255 255 94 255 4 200 255 255
    33 255 255 57 255 255 16 255 93 88 87 174 255 255 255 255 194 2 229
    4 255 129 255 59 63 255 255 65 255 255 255 255 255 137 87 246 225
    255 227 255 255 66 255 207 113 18 253 151 255 40 255 202 171 255 255
    188 255 255 255 123 45 255 255 255 4 255 131 167 246 209 255 125 255
    255 255 16 255 255 188 203 206 27 255 255 67 25 255 255 255 255 255
    255 255 255 116 227 94 245 223 160 255 23 0 255 251 16 255 255 231
    158 255 255 255 4 80 255 255 255 160 149 255 162 255 237 93 255 37
    48 255 8 255 149 233 38 255 255 255 17 255 203 255 255 139 255 255
    255 140 45 82 255 255 255 183 255 255 23 255 209 255 255 55 255 255
    241 49 192 255 2 255 133 102 255 152 221 255 255 255 250 255 163 221
    255 216 255 15 96 255 8 255 205 251 100 137 6 185 255 255 255 108
    255 255 255 103 244 255 255 202 255 118 208 112 255 255 255 87 255
    172 255 93 255 133 255 255 59 255 90 211 187 20 255 191 255 238 255
    255 61 255 255 154 255 139 127 255 255 255 255 255 255 159 108 59
    255 255 13 55 205 255 246 29 255 221 45 255 255 139 255 130 255 226
    223 27 103 168 255 255 13 255 238 255 255 27 255 255 74 255 219 51
    130 255 207 195 27 224 255 255 255 255 255 156 204 203 186 255 255
    38 255 78 255 197 255 255 255 255 255 255 12 74 26 255 145 255 255
    255 68 33 32 151 151 6 214 203 255 127 141 240 147 53 13 255 178 245
    236 255 255 255 174 255 255 96 158 174 255 255 193 255 255 221 255
    255 255 233 255 255 255 255 255 255 57 255 255 255 255 255 255 102
    255 103 255 119 108 255 255 255 255 35 112 255 255 255 166 231 131
    255 255 255 70 255 255 172 255 247 191 255 255 255 255 207 255 221
    38 255 255 255 255 255 194 255 255 255 250 255 145 255 255 255 163
    255 255 255 92 255 255 255 82 255 188 255 255 22 255 255 252 255 255
    255 255 255 255 221 255 255 255 40 255 255 238 255 143 255 243 255
    255 255 255 255 255 202 255 135 105 9 25 255 255 164 255 21 255 255
    255 39 72 187 255 255 255 255 51 110 255 192 87 219 247 121 255 255
    223 255 255 70 170 255 242 51 255 153 14 255 255 123 6 0 113 165 200
    255 255 255 84 143 255 255 164 174 255 255 32 255 255 255 180 255
    255 255 255 96 255 255 255 255 255 134 100 241 70 252 126 87 255 255
    255 255 211 255 31 255 161 149 40 115 207 82 236 255 255 214 255 38
    255 170 179 255 255 255 147 255 78 13 139 255 161 255 255 255 72 118
    255 255 205 255 255 105 255 106 255 255 18 129 195 255 255 161 147
    255 255 255 209 255 255 255 255 164 255 91 190 80 255 119 255 166
    198 249 255 255 255 221 207 76 110 255 177 9 164 255 206 255 49 255
    255 255 174 255 8 70 255 255 255 255 255 221 39 255 255 254 249 255
    108 255 185 143 87 255 151 255 255 127 0 89 137 255 95 255 255 43
    166 255 255 170 255 200 168 200 255 29 8 255 205 255 255 255 44 70
    39 10 127 168 181 13 237 25 240 155 255 242 49 255 61 255 255 255
    229 84 255 22 255 68 6 255 242 255 145 255 255 192 255 255 255 117
    86 224 155 25 40 200 255 171 255 223 255 255 255 255 255 255 122 255
    255 255 255 255 89 178 211 8 4 70 93 255 255 124 255 143 255 255 59
    72 255 121 44 210 217 188 142 255 255 255 219 255 172 162 129 185
    255 255 255 255 255 57 255 255 76 100 255 255 255 175 79 255 135 255
    8 165 214 4 255 202 255 68 9 231 255 255 255 255 74 51 236 255 158
    49 140 255 240 255 255 255 251 255 143 255 255 188 212 252 255 255
    255 139 70 174 255 74 141 126 255 255 255 45 92 255 176 129 108 255
    255 108 255 10 255 108 255 255 236 255 255 255 243 255 255 86 255
    255 255 255 255 255 255 217 186 97 255 90 139 255 113 118 53 255 247
    255 255 255 104 108 224 53 255 255 43 255 8 70 255 255 255 67 255
    185 255 164 123 255 255 255 255 255 149 113 255 168 110 167 32 255
    114 255 255 255 147 86 228 68 104 245 229 125 255 255 59 255 255 241
    198 51 255 255 219 255 4 199 255 255 255 172 230 117 255 255 255 110
    255 170 255 70 85 255 255 79 137 255 161 157 222 255 255 171 81 174
    76 70 255 21 255 255 255 93 255 162 176 255 110 248 255 255 163 25
    152 21 255 91 255 255 255 229 255 87 255 131 255 104 112 255 234 223
    255 253 255 255 255 255 255 38 255 255 21 254 65 255 149 184 2 255
    255 180 255 103 255 255 255 255 237 17 212 255 238 255 98 255 255
    213 207 255 20 255 142 255 162 146 98 173 255 255 243 42 255 255 23
    255 97 185 59 143 255 255 165 28 255 255 255 255 236 182 227 173 255
    255 179 144 255 143 74 255 245 123 255 219 255 72 255 255 147 255 43
    255 93 255 174 255 255 255 255 64 247 255 106 255 65 255 88 255 255
    184 82 26 205 118 255 63 255 255 255 209 140 255 245 255 255 255 255
    53 255 242 255 255 100 255 255 255 255 145 255 98 105 255 255 99 255
    209 255 255 209 228 255 227 255 255 255 255 255 53 255 255 0 196 255
    255 255 129 255 255 238 255 247 255 12 122 204 255 255 185 255 255
    200 255 255 255 255 247 51 205 87 255 106 255 53 255 255 38 255 156
    59 255 255 255 149 255 149 255 221 40 80 255 127 45 101 11 255 53
    255 133 255 210 229 255 255 255 255 21 255 255 168 255 211 255 255
    129 98 255 49 62 255 255 248 219 255 17 213 255 255 255 255 255 215
    255 217 255 255 180 255 70 176 168 255 134 211 255 30 255 181 255
    255 53 217 20 255 255 255 255 255 202 255 40 39 255 255 255 70 180
    143 70 15 22 255 255 255 255 23 255 255 255 255 129 255 255 95 204
    133 196 255 4 32 185 178 255 19 254 226 255 217 255 91 65 196 21 65
    245 255 255 112 255 255 118 255 255 192 248 112 255 166 255 255 200
    255 171 255 137 222 91 255 17 250 211 255 217 12 32 132 255 221 255
    51 255 255 255 255 49 76 241 219 209 167 182 121 205 255 127 255 255
    57 240 255 255 255 208 178 118 255 255 51 255 255 224 87 41 221 255
    0 255 182 255 255 104 255 105 255 255 202 151 255 255 146 80 255 255
    221 6 2 82 255 255 255 15 242 106 255 255 22 255 255 255 247 255 255
    255 49 255 126 255 129 221 34 255 224 255 255 6 253 35 165 255 155
    230 59 141 49 45 49 255 87 172 255 255 37 228 157 18 55 76 149 213
    255 255 255 255 49 19 255 12 44 255 241 221 255 243 255 255 255 243
    212 96 145 255 255 2 255 255 255 199 255 34 255 255 27 11 255 34 255
    255 251 15 255 255 21 131 255 251 82 255 255 180 135 240 255 255 168
    255 152 255 255 255 255 20 0 255 255 194 45 188 255 255 255 245 255
    164 68 151 137 255 151 255 255 110 255 255 255 255 255 253 96 137
    255 255 255 49 113 36 255 255 72 255 31 255 104 209 15 32 180 15 234
    100 59 134 117 108 255 255 200 132 188 255 144 49 184 85 255 255 255
    255 255 255 255 255 223 255 0 255 255 76 102 255 65 255 255 51 244
    255 255 255 82 207 255 255 181 255 145 202 255 61 255 255 76 255 255
    255 241 255 255 154 130 255 177 255 255 21 25 255 114 34 255 255 253
    255 10 255 255 255 255 190 255 136 6 255 95 12 255 255 20 194 68 255
    173 255 255 70 140 255 222 216 215 89 185 255 82 255 119 255 255 45
    255 78 221 46 59 108 255 255 255 255 233 125 255 19 162 255 255 255
    32 182 23 255 255 12 255 227 94 255 255 255 255 255 255 200 255 104
    255 21 255 255 255 255 59 255 243 251 255 113 222 174 180 255 15 14
    55 255 254 255 40 248 217 255 186 167 255 255 222 40 255 205 255 233
    146 255 0 255 115 255 255 255 255 251 255 115 131 255 255 255 25 255
    255 255 245 126 255 255 255 81 255 44 4 41 183 255 215 105 219 20
    158 255 255 192 255 255 42 255 18 255 255 207 255 255 70 124 49 174
    232 119 127 49 255 76 255 195 255 255 255 190 80 251 255 255 236 137
    255 255 157 160 255 147 80 255 139 255 255 72 11 153 90 255 255 123
    23 45 255 116 57 255 255 168 53 255 255 67 255 34 59 255 229 25 255
    255 151 241 121 252 255 255 255 255 93 231 255 255 151 101 182 255
    255 255 125 78 115 255 190 15 255 137 163 255 255 255 25 167 255 108
    255 255 255 255 183 255 255 8 255 238 255 255 23 255 203 219 250 119
    234 113 255 173 0 237 65 142 188 209 68 196 253 210 255 217 255 255
    255 255 255 255 28 255 247 255 53 89 51 65 255 255 149 34 147 102 63
    255 63 255 223 202 51 255 164 238 119 27 196 49 61 135 255 255 255
    66 245 255 255 255 89 255 255 245 138 158 255 255 190 255 72 106 255
    255 104 255 255 255 87 166 255 255 219 255 53 251 231 101 142 255
    255 255 255 59 157 57 53 255 255 255 255 200 255 255 225 57 255 102
    55 87 255 25 164 217 255 255 255 129 255 63 177 202 112 255 255 255
    184 255 255 255 96 255 167 255 0 13 125 252 202 255 115 112 87 211
    255 127 255 224 255 72 120 17 219 255 136 255 89 96 255 255 255 255
    255 255 164 255 89 106 124 255 255 255 255 255 255 255 108 255 255
    16 76 255 55 196 78 255 255 255 255 84 112 237 241 117 255 255 255
    255 255 255 0 30 233 27 255 68 33 255 130 43 135 163 198 48 51 51
    192 134 200 255 151 255 255 125 255 255 251 151 255 255 255 145 255
    125 76 127 255 65 208 255 255 255 61 255 255 207 48 255 219 6 255
    141 101 255 127 179 83 186 44 202 86 255 255 255 48 255 215 255 134
    255 192 255 255 255 81 172 255 164 255 68 102 255 190 59 255 80 255
    31 255 255 255 255 30 255 40 255 255 255 255 168 177 115 119 224 255
    221 135 255 153 255 74 255 255 255 63 255 255 141 190 238 255 255
    255 255 255 100 255 255 238 16 255 147 255 255 255 117 0 164 188 30
    255 255 126 255 49 108 238 255 255 255 133 241 242 145 255 95 207
    177 83 223 103 255 123 236 255 255 255 142 255 255 255 158 44 255
    255 131 255 74 255 174 37 255 255 255 30 255 255 255 255 255 255 255
    55 55 66 231 255 78 255 211 255 219 255 255 80 255 170 255 255 255
    255 48 255 255 76 253 10 19 255 255 36 72 255 8 255 255 44 70 178
    255 255 39 253 78 110 255 136 65 32 61 255 139 142 255 74 255 65 236
    140 63 112 255 255 112 183 43 29 17 255 68 132 255 255 178 255 162
    189 198 255 255 129 211 255 96 230 255 255 255 255 255 46 255 90 255
    70 255 255 74 255 255 234 166 118 93 194 44 255 20 36 255 221 141
    255 133 255 166 233 255 34 233 255 110 255 255 164 31 255 47 98 255
    204 255 167 142 29 116 255 255 200 255 200 105 255 168 158 255 255
    59 255 155 255 151 255 255 134 115 230 231 227 253 255 255 84 255 59
    167 123 255 255 234 255 255 255 8 63 255 255 255 255 106 203 255 196
    55 214 237 243 255 98 255 142 252 255 255 255 53 68 88 129 79 112
    255 255 53 42 255 255 255 168 70 127 95 207 44 255 255 156 191 255
    255 149 255 255 62 255 137 255 10 181 170 255 219 255 104 255 240
    213 169 242 255 255 129 164 255 255 255 32 255 182 255 255 233 217
    251 255 148 79 59 255 255 255 29 255 80 255 174 255 255 187 255 255
    217 255 251 225 61 8 170 255 255 104 255 255 255 23 76 255 184 61
    255 37 120 185 255 255 255 255 76 76 180 255 255 255 152 155 255 255
    255 255 59 255 176 160 57 47 243 255 255 207 248 255 171 199 51 255
    255 255 57 255 166 38 221 137 194 61 207 126 255 255 48 255 255 255
    17 176 255 255 23 255 255 65 188 104 255 65 216 131 255 231 27 255
    242 43 89 255 243 179 62 254 87 255 255 156 255 255 145 255 255 255
    255 0 255 76 255 255 2 241 13 255 78 255 255 255 255 255 131 255 255
    255 173 178 192 29 208 255 255 255 255 27 74 237 122 255 176 219 185
    70 255 255 255 255 255 255 53 255 55 255 255 255 255 255 231 87 246
    160 255 85 164 8 255 0 15 255 255 152 250 255 255 255 255 255 123
    255 253 51 115 23 219 80 255 255 235 255 43 98 255 255 255 205 255
    231 255 255 255 32 49 255 255 255 255 78 62 6 255 255 139 67 144 255
    198 125 223 255 55 231 255 255 255 255 255 225 255 76 255 222 255
    255 51 91 219 255 255 255 255 163 255 255 98 252 245 255 227 255 255
    35 181 214 110 196 172 255 255 255 102 255 255 255 127 255 12 145 49
    211 255 153 172 255 255 255 146 255 255 15 113 241 226 79 255 255
    168 174 184 255 207 255 255 255 74 47 255 255 255 255 169 255 255
    255 193 255 146 248 255 32 255 41 255 4 255 25 255 237 255 157 157
    255 255 255 255 255 255 255 66 255 99 255 221 194 255 255 42 255 100
    169 17 100 143 95 255 255 187 255 219 123 166 255 255 255 97 236 200
    101 199 248 255 255 135 44 121 255 249 200 29 40 110 255 15 255 196
    171 255 76 116 115 219 255 255 255 255 255 252 110 66 92 243 251 255
    255 255 255 74 255 255 255 15 255 255 255 18 255 255 255 171 6 255
    120 255 47 234 255 255 255 255 255 127 166 155 97 255 255 255 255 96
    146 212 182 238 255 255 211 217 255 255 233 209 255 255 255 255 8 70
    255 255 255 255 42 49 255 191 82 255 255 255 255 110 255 13 255 229
    200 185 94 255 255 255 255 43 37 8 255 255 152 219 14 255 21 255 247
    42 4 200 49 255 255 72 255 255 255 255 255 238 255 255 255 151 255
    43 255 255 255 47 95 255 255 118 248 255 255 255 255 249 255 127 255
    255 233 127 130 255 219 255 176 255 255 255 30 123 255 78 26 108 255
    123 255 188 161 255 59 96 2 255 183 217 139 255 225 99 255 2 255 255
    255 160 255 255 255 53 217 255 208 53 255 255 255 255 255 255 255
    255 255 255 238 255 148 59 86 255 255 255 40 38 255 97 197 255 255
    244 57 255 255 61 68 255 255 63 255 72 101 125 61 133 98 188 181 255
    255 247 255 133 255 255 255 165 255 157 6 255 255 78 17 63 48 216
    213 59 64 255 255 255 255 143 236 255 97 240 76 207 34 10 194 255
    255 217 108 255 255 110 31 255 255 27 236 130 255 221 15 25 255 255
    255 21 255 255 255 255 192 255 255 108 255 255 141 2 255 255 255 255
    255 255 11 80 124 64 255 255 147 255 255 255 4 255 255 255 255 25
    255 181 136 255 32 36 255 255 255 76 255 255 18 255 123 55 234 255
    231 105 255 255 67 142 255 255 66 67 255 255 255 8 178 255 255 81
    143 255 255 184 255 255 33 255 112 145 255 255 255 219 255 255 255
    255 255 255 136 255 255 255 176 72 127 100 230 200 255 247 115 255
    253 166 160 249 87 255 10 134 255 105 255 255 164 255 98 30 164 235
    145 174 255 221 255 67 32 57 255 59 255 255 255 255 255 30 255 47
    188 255 117 40 147 207 255 36 219 255 170 135 143 255 255 167 255
    255 255 255 225 255 255 0 255 83 255 105 255 4 67 250 90 255 142 51
    4 255 33 255 255 255 78 255 255 255 149 29 165 234 207 181 174 255
    243 255 82 141 255 178 255 200 255 255 248 255 32 217 229 255 233 94
    110 233 176 255 255 20 232 93 117 65 229 255 255 8 255 255 76 231
    255 255 178 255 255 96 255 161 255 241 255 74 255 221 157 29 202 119
    255 255 49 251 17 255 255 155 255 255 238 255 101 102 41 255 132 121
    21 13 255 255 255 200 255 100 194 63 255 255 34 36 255 253 72 65 51
    197 255 101 255 16 255 30 255 255 255 168 255 240 255 232 28 255 49
    255 255 61 38 255 108 233 255 255 23 255 255 255 255 222 83 113 255
    255 255 255 255 255 32 255 219 255 255 211 72 115 209 61 202 127 255
    4 176 255 202 255 133 166 33 127 255 255 175 255 155 65 255 94 255
    255 255 27 255 178 160 153 68 80 95 80 126 19 255 255 255 255 243
    127 255 114 197 0 255 79 255 255 255 94 55 166 255 238 153 255 196
    89 211 184 123 255 255 255 255 80 59 255 152 255 172 186 164 255 255
    255 255 255 255 255 217 255 255 19 151 255 120 255 145 255 255 72
    203 21 255 59 255 255 146 255 84 207 98 255 255 255 255 255 72 72 25
    195 255 175 255 255 255 234 255 240 255 255 255 255 239 255 255 135
    209 255 255 255 255 255 255 240 90 99 255 255 34 134 92 84 255 255
    255 255 255 255 255 255 255 234 184 126 255 84 255 121 231 42 195
    255 148 108 255 255 242 139 156 2 255 118 240 12 255 157 255 131 68
    166 213 98 255 255 255 255 255 255 100 228 255 255 255 255 135 44
    255 27 160 255 252 255 255 4 255 255 68 255 255 255 249 255 127 255
    255 255 255 255 82 255 255 255 91 147 255 217 30 6 32 149 255 241
    255 176 152 255 108 243 236 255 188 255 57 255 187 121 255 255 131
    203 89 255 255 138 255 255 255 255 48 255 255 255 30 255 74 98 254
    13 0 133 255 155 255 255 255 255 255 206 255 167 40 255 255 191 14
    99 231 255 255 28 61 112 255 223 255 180 119 224 255 108 255 255 255
    255 161 255 249 197 207 23 140 68 255 255 63 74 255 255 243 255 255
    255 255 255 76 255 25 255 255 255 255 255 225 255 255 255 255 255
    229 255 91 33 255 140 255 221 240 47 196 255 255 255 255 215 190 236
    47 29 255 255 255 102 255 196 255 255 110 217 255 255 255 96 48 255
    160 255 117 137 255 255 255 255 140 255 255 28 255 194 255 255 255
    255 255 255 255 255 255 255 255 255 6 12 255 164 255 255 164 255 186
    255 172 162 64 63 232 255 82 255 157 239 255 255 82 30 96 255 255
    155 255 255 255 255 255 55 65 141 153 190 255 255 255 255 93 53 255
    98 255 49 62 14 255 255 51 67 187 255 105 242 184 255 255 255 253
    255 255 17 223 255 255 255 250 255 180 255 19 255 47 255 255 8 255
    176 255 97 255 255 232 255 190 255 95 223 255 255 255 192 244 82 255
    32 250 255 255 248 255 255 207 255 255 255 40 119 49 255 212 188 95
    62 170 255 255 255 30 255 255 247 255 18 86 255 155 215 98 112 255
    13 255 251 255 255 143 255 255 44 255 18 255 255 255 255 70 157 207
    180 255 160 95 82 126 59 35 255 155 255 255 255 255 122 62 200 255
    255 255 124 246 255 55 255 151 86 47 129 95 255 255 255 255 255 255
    255 8 145 4 255 255 40 255 23 172 255 255 255 255 114 2 255 255 255
    158 255 159 255 135 53 110 105 72 255 255 49 25 207 255 255 105 255
    25 255 168 255 241 6 255 255 255 255 97 255 61 255 255 239 247 255
    255 32 159 198 59 255 67 255 185 255 53 129 255 10 40 135 255 6 255
    255 255 57 255 255 221 255 255 121 32 255 10 255 233 67 255 255 205
    139 163 255 103 19 255 183 72 57 255 174 192 255 255 255 175 62 196
    120 70 255 207 57 255 251 212 186 255 255 255 255 2 255 255 255 255
    67 87 23 53 255 255 255 255 115 23 255 255 255 57 235 255 185 198
    126 176 92 105 255 255 228 255 255 255 255 14 255 212 119 164 255
    255 57 233 158 222 26 123 226 11 129 255 121 255 247 119 112 80 255
    51 63 106 68 55 255 255 53 255 255 211 21 255 255 28 4 207 255 153
    255 138 186 127 255 139 44 127 255 255 17 86 165 255 65 19 113 157
    30 255 255 255 123 254 146 255 255 150 255 215 70 30 255 236 36 255
    255 255 121 4 121 125 245 255 255 255 255 255 255 76 31 255 96 61
    103 255 190 175 223 78 72 74 255 255 255 255 17 255 255 44 255 74 15
    244 215 255 189 255 255 34 76 118 255 255 36 138 113 255 255 67 181
    255 245 255 210 209 255 255 255 203 255 255 255 206 59 103 255 113
    255 255 157 226 164 227 255 119 255 255 98 41 118 255 255 181 144
    255 91 59 255 255 255 255 255 182 255 255 255 160 255 255 6 255 106
    141 120 255 255 255 51 255 255 255 255 255 15 255 11 199 25 255 255
    255 95 96 255 255 110 255 255 193 255 255 255 255 133 255 255 169
    255 25 179 151 255 255 76 27 139 255 255 255 255 2 253 255 255 255
    255 72 255 43 255 255 255 61 255 91 255 255 159 12 255 223 49 255
    251 16 186 183 16 65 255 84 179 244 255 255 23 255 255 159 12 87 255
    188 13 172 255 221 134 255 255 255 254 135 100 255 255 200 200 198
    255 255 110 123 37 40 57 133 255 195 127 65 68 255 255 26 155 146 9
    6 203 255 22 255 255 147 209 255 133 232 255 180 46 210 45 234 197
    160 255 255 35 255 255 90 255 164 243 213 255 205 8 4 231 65 40 209
    11 255 72 76 119 255 211 255 137 177 255 255 255 183 12 213 255 255
    30 11 255 255 255 255 255 255 133 112 221 255 255 255 255 219 157
    211 255 66 255 255 255 255 255 255 255 221 123 39 110 255 121 192
    149 255 255 255 78 255 255 255 122 255 255 194 30 255 255 36 45 46
    255 255 255 255 255 255 182 255 255 59 255 255 255 84 255 129 205
    169 108 255 198 255 255 255 47 255 238 255 255 40 202 255 255 125
    255 228 255 22 255 255 255 255 64 255 255 255 255 126 255 115 99 199
    31 255 178 57 40 255 194 139 255 255 255 134 252 148 132 84 255 244
    255 213 255 12 21 255 245 255 255 255 57 6 255 255 115 213 51 140
    184 255 42 125 255 255 247 80 25 37 255 217 255 118 255 255 150 255
    255 207 183 33 255 255 80 255 255 255 247 231 245 190 255 117 84 70
    235 203 255 125 255 248 55 255 255 255 255 255 78 184 255 162 156
    255 255 118 227 227 8 255 151 91 255 255 38 255 255 255 255 255 139
    159 202 238 121 211 221 83 49 63 255 255 255 255 255 57 255 190 137
    185 74 255 255 255 36 255 255 70 134 255 255 49 231 255 187 255 255
    202 229 152 255 23 255 255 255 255 17 255 236 23 255 255 161 255 110
    187 255 139 255 115 207 255 255 68 255 88 17 134 22 23 255 117 207
    98 20 145 255 143 255 255 155 255 255 255 255 42 255 255 255 92 255
    255 149 255 26 51 255 204 255 255 255 255 255 172 153 10 187 196 61
    138 149 209 255 6 234 89 112 65 255 255 169 147 255 255 255 88 63
    255 157 255 255 27 21 255 92 255 255 255 255 255 255 255 59 84 86 30
    106 198 55 255 126 255 211 143 112 255 255 255 255 255 255 84 255
    115 100 255 255 255 255 70 255 74 255 255 255 100 255 255 185 255 48
    255 27 53 21 255 255 78 6 175 255 207 224 255 255 241 102 255 141
    255 149 255 255 174 255 36 255 49 206 255 127 214 65 221 255 255 255
    255 84 255 255 255 255 255 90 255 255 255 255 255 252 101 180 255
    255 62 254 143 223 0 192 119 255 200 185 123 49 255 174 255 255 255
    255 161 33 255 40 255 207 127 117 120 233 255 61 255 209 29 255 4
    255 255 255 255 187 255 255 255 209 70 11 255 255 55 255 6 255 255
    255 255 255 255 112 98 255 187 202 162 140 245 192 255 255 255 214
    221 255 149 255 255 178 255 255 142 22 255 255 80 124 255 255 255
    255 180 255 210 239 42 255 160 255 255 255 255 255 172 255 149 235
    255 255 255 255 251 255 255 255 248 179 255 53 205 255 255 127 38
    106 255 191 255 230 255 235 162 83 255 148 130 255 255 183 10 255
    255 255 4 255 255 203 255 125 255 255 255 255 123 255 84 255 245 116
    255 255 255 163 72 11 49 250 255 123 255 255 255 92 6 183 227 238 61
    23 19 255 202 255 255 8 70 40 255 255 255 16 255 159 112 198 30 255
    255 255 176 255 255 219 29 255 255 42 255 131 177 185 45 255 238 255
    255 212 255 160 132 49 70 159 255 255 255 255 167 255 255 255 255
    196 114 172 255 23 217 255 255 255 149 255 255 255 255 47 45 158 255
    125 243 255 255 169 255 139 255 255 255 42 255 255 74 255 255 255
    193 255 255 59 255 255 206 255 122 255 139 255 106 202 110 30 57 36
    21 255 255 255 255 255 121 188 86 255 255 133 255 255 192 255 255
    255 151 255 255 199 20 21 55 53 255 255 160 46 255 68 255 255 164
    127 81 255 255 255 61 255 85 239 255 255 8 65 255 196 154 140 255
    255 255 255 255 255 255 95 163 255 219 255 231 190 255 115 105 231
    59 63 227 255 255 255 198 255 11 180 135 147 255 255 255 255 46 104
    255 255 62 255 192 199 10 255 255 180 255 204 149 8 255 37 40 170
    153 255 240 29 13 255 255 255 255 23 213 255 255 255 57 255 234 72
    14 255 255 255 255 255 94 70 234 31 175 78 255 255 255 255 11 47 255
    177 255 74 255 197 255 255 255 255 255 255 255 255 227 255 255 255
    255 255 255 158 255 255 198 15 0 207 255 28 215 255 255 255 55 255
    255 255 161 14 255 255 63 255 19 255 135 255 22 255 155 255 143 123
    8 42 255 255 240 32 160 255 255 8 255 38 255 255 81 18 143 89 102
    171 30 255 255 15 90 129 182 255 105 255 255 86 13 67 255 142 231
    184 151 86 255 255 135 194 142 82 255 255 182 255 155 255 255 255
    110 255 59 147 255 255 194 255 119 127 255 255 255 255 255 164 255
    255 182 255 255 255 255 236 51 255 117 255 255 255 80 255 227 92 82
    89 255 49 255 108 78 255 255 232 244 229 86 255 255 255 255 255 243
    255 255 255 255 119 19 83 157 255 255 255 255 227 255 74 45 255 255
    233 237 46 164 8 30 255 254 255 216 202 255 149 227 255 255 117 255
    255 255 179 151 190 255 255 229 255 159 255 36 123 255 44 8 255 240
    104 255 165 57 82 202 112 25 255 255 67 205 129 108 34 25 255 255
    255 219 49 255 255 158 161 255 59 255 255 240 255 255 29 255 255 255
    255 162 48 182 172 255 170 145 19 255 2 255 255 255 255 134 255 150
    53 255 135 15 157 127 255 255 255 28 255 59 229 157 234 240 255 48
    255 255 78 255 153 236 225 145 255 255 255 255 234 255 217 255 255
    222 138 255 255 255 255 255 238 255 255 255 233 255 255 255 116 255
    255 255 96 63 255 93 255 101 85 255 255 255 255 255 255 151 255 174
    255 255 255 255 255 70 47 209 8 255 255 189 158 255 255 255 30 255
    113 110 40 151 255 134 55 150 255 255 148 208 255 255 61 255 188 159
    255 116 255 243 101 38 255 67 255 255 255 255 117 112 255 200 255 23
    231 255 81 61 255 157 151 255 255 255 255 255 255 255 255 67 255 255
    39 108 255 255 186 255 255 103 255 255 101 255 255 255 13 145 112
    255 104 61 151 147 255 255 94 15 255 255 255 117 184 249 255 255 247
    255 43 120 62 227 255 236 76 19 255 112 165 255 255 6 255 255 241
    255 205 179 168 223 255 255 254 255 89 255 29 11 176 175 96 255 255
    38 255 255 255 153 255 199 155 255 255 255 255 255 219 86 53 255 255
    255 10 255 255 35 255 193 255 228 8 255 137 255 57 255 9 255 255 115
    61 48 176 255 171 255 255 255 13 23 255 255 255 255 250 86 146 255
    255 215 255 255 255 166 255 255 6 80 253 231 119 133 255 102 139 255
    203 105 255 255 255 255 255 194 119 22 255 255 57 255 255 252 194
    255 255 173 38 255 192 255 53 255 34 255 133 142 255 152 64 255 255
    229 88 255 53 255 255 255 176 116 255 255 145 255 43 124 34 255 87
    255 219 36 255 255 255 255 255 255 255 255 76 255 8 10 40 86 61 255
    239 255 163 157 127 255 96 255 202 147 89 255 157 205 255 178 207
    255 255 255 216 255 255 255 255 6 208 55 255 255 182 255 255 255 219
    255 110 53 185 37 255 164 255 255 255 223 11 64 202 17 255 255 34
    255 255 116 255 255 255 123 255 101 255 127 255 255 233 255 36 255
    255 255 76 17 34 255 255 255 76 84 51 170 255 255 255 184 255 255 8
    255 255 255 255 255 146 72 255 215 255 113 255 255 207 202 255 255
    108 121 248 255 255 255 255 212 82 87 28 255 255 17 108 55 123 255
    240 255 255 34 95 110 145 255 158 240 68 45 211 108 255 133 255 125
    255 34 255 255 85 102 145 170 155 133 255 104 156 231 74 255 255 255
    120 40 254 255 255 119 36 125 123 255 255 255 236 28 16 133 255 31
    255 193 196 188 178 102 255 100 239 131 234 255 129 223 255 11 255
    255 8 255 255 169 166 67 255 136 255 255 85 255 99 255 74 95 231 127
    241 248 88 255 255 255 183 47 255 255 255 255 255 95 255 207 153 255
    255 255 255 255 242 255 255 255 172 255 255 255 255 255 255 99 255
    100 171 119 90 255 255 255 255 59 255 4 255 196 116 255 255 255 227
    255 255 246 255 255 2 211 255 172 255 25 255 255 255 153 255 255 238
    255 255 93 255 65 255 213 255 70 16 255 255 209 164 255 255 255 255
    18 255 255 194 255 255 255 160 246 57 255 108 4 241 255 255 143 129
    37 255 255 149 154 163 255 129 129 255 240 255 98 255 38 255 255 255
    255 99 255 184 255 255 207 175 255 90 255 255 255 145 255 255 44 74
    237 15 195 255 0 255 255 255 255 255 135 255 149 255 255 255 44 113
    74 255 8 196 255 255 255 255 199 129 183 123 207 110 187 255 222 255
    255 126 255 96 59 174 255 91 255 184 255 255 255 255 183 27 255 255
    243 82 74 45 255 216 255 255 255 255 34 255 255 42 223 255 249 166
    255 87 227 255 255 164 255 255 255 70 145 223 255 106 108 41 213 255
    255 255 217 255 255 255 4 127 255 255 245 100 255 133 185 255 84 255
    47 255 255 245 255 255 137 255 255 137 0 255 180 255 238 255 154 36
    255 133 255 202 203 129 255 255 255 247 44 255 6 255 255 225 53 49
    255 255 255 63 255 255 255 148 23 47 255 255 231 255 0 133 21 255
    121 255 149 31 243 123 255 238 255 215 243 255 255 255 255 182 255
    255 255 255 255 27 255 55 255 255 255 162 133 219 255 103 161 255
    255 151 255 255 255 229 255 227 252 255 255 203 255 144 67 255 36
    255 255 255 255 76 42 255 255 212 215 70 98 255 255 221 255 255 202
    53 255 255 255 238 89 255 255 68 255 251 255 250 255 255 255 255 159
    245 10 255 255 255 255 113 143 255 27 255 216 98 255 30 255 169 255
    141 255 102 255 255 204 255 255 134 255 245 255 255 255 255 119 255
    176 255 255 255 255 154 255 255 255 255 255 122 55 255 65 191 255 42
    189 255 251 234 255 230 53 255 196 255 255 99 55 153 255 168 100 226
    255 255 146 23 255 255 255 255 255 255 255 255 255 241 255 255 55
    255 255 133 112 100 255 167 255 119 133 255 255 78 185 180 255 255
    12 255 255 102 91 127 160 156 161 96 192 127 250 255 255 255 255 255
    25 255 255 255 40 180 176 63 250 255 146 255 94 68 74 255 38 250 255
    145 130 255 158 57 2 255 129 145 255 255 178 255 100 255 255 255 255
    255 255 86 190 255 255 255 182 219 196 255 255 21 212 233 255 255
    255 131 112 255 175 255 255 186 197 255 255 223 255 255 240 255 169
    255 139 124 144 255 255 30 172 101 182 255 255 168 112 127 255 78
    240 66 255 255 225 255 255 231 255 215 2 255 255 255 255 255 255 255
    78 117 255 95 0 255 255 255 133 255 255 248 68 255 255 114 204 223
    255 178 255 255 53 80 46 255 90 255 119 16 158 200 255 49 115 255 57
    255 70 255 255 255 207 255 255 255 202 157 13 197 255 255 106 137 91
    255 255 255 219 255 255 255 255 21 96 255 82 255 255 34 255 255 251
    255 117 93 28 188 255 255 194 211 130 255 255 40 196 8 187 255 255
    163 39 255 255 74 25 51 164 255 168 255 255 104 255 255 104 37 255
    255 247 27 72 45 160 98 254 19 255 63 215 49 123 255 255 255 74 255
    255 255 121 255 133 136 209 59 43 239 255 255 235 181 8 255 255 255
    123 255 255 255 255 255 16 255 255 104 70 255 255 133 183 255 255
    255 255 255 255 200 255 255 255 112 255 255 72 110 255 118 21 65 255
    255 196 255 112 112 15 244 255 82 159 170 131 229 255 179 255 255
    202 255 190 164 255 255 86 255 255 255 43 255 255 255 255 82 229 223
    245 255 80 61 187 23 255 149 255 177 95 255 116 255 255 249 255 255
    171 204 255 219 229 96 255 255 255 255 255 96 255 19 255 255 255 131
    139 255 255 255 49 221 255 255 255 164 255 255 203 21 255 106 255
    255 49 195 207 255 68 96 15 255 178 120 255 255 241 178 129 255 70
    155 255 159 255 255 255 20 255 89 255 255 255 92 255 255 255 173 170
    255 120 144 135 255 255 255 255 255 255 228 255 245 255 255 254 70
    68 59 84 255 255 34 255 255 192 87 255 99 38 59 63 34 255 173 255
    245 255 170 255 167 255 55 63 255 157 255 127 255 255 146 255 245 49
    255 13 255 203 255 42 255 251 51 255 255 255 61 255 191 23 255 102
    16 255 72 255 213 255 255 255 59 59 40 166 255 255 255 255 255 117
    158 255 236 255 238 255 211 4 15 255 255 255 255 255 153 255 255 255
    255 95 255 255 255 255 186 240 255 10 255 255 255 226 255 255 255
    255 176 200 89 31 171 178 255 255 244 213 255 208 255 255 159 43 89
    255 255 255 199 139 255 168 255 247 45 237 255 136 255 255 255 255
    11 255 2 255 64 33 255 255 170 2 51 158 255 255 182 255 255 147 226
    255 153 255 255 255 255 38 47 255 255 131 184 185 255 255 255 247
    255 255 255 4 255 255 255 255 196 61 202 255 255 217 176 255 255 35
    255 255 255 141 255 186 249 61 255 80 25 255 131 83 31 34 255 141
    255 157 255 146 255 39 255 255 255 255 123 184 255 255 233 255 153
    178 25 53 255 255 255 255 141 255 255 255 161 255 8 242 119 255 255
    255 165 255 255 255 140 86 93 21 255 255 255 255 255 255 250 255 255
    255 255 255 227 255 163 96 202 233 119 255 255 255 27 255 255 255
    187 255 158 55 127 238 242 255 11 255 255 42 164 106 146 147 151 255
    255 255 255 206 255 245 255 35 106 255 110 255 242 255 160 119 8 55
    255 123 255 127 155 255 255 255 202 255 221 72 185 255 255 23 125 91
    255 255 255 108 255 255 51 255 255 255 255 255 255 245 255 4 82 255
    129 255 34 255 31 86 108 255 228 76 33 150 236 255 19 255 255 255
    255 255 255 255 86 148 255 119 15 255 51 255 119 84 30 255 18 173
    233 255 255 164 255 2 255 129 255 255 43 255 255 255 255 255 53 146
    255 255 247 253 255 255 255 213 74 96 188 255 102 2 255 163 255 190
    255 16 118 255 137 255 28 237 255 72 250 255 255 49 255 119 255 255
    255 172 255 255 86 34 45 245 202 255 241 76 32 96 245 206 255 211
    223 255 232 255 225 34 255 255 63 246 125 255 255 231 190 255 82 255
    255 123 255 83 184 255 70 255 213 255 255 255 15 57 65 233 255 67
    255 255 217 91 255 10 125 255 202 229 188 91 255 255 87 255 192 190
    87 239 183 255 39 255 255 49 255 255 255 255 255 68 255 255 92 236
    255 255 194 87 255 116 166 166 179 62 255 255 115 135 207 206 209
    255 57 176 234 45 219 255 255 255 245 225 121 255 32 188 131 255 10
    255 255 94 23 255 119 255 255 205 255 223 255 255 238 255 255 255 45
    255 40 255 179 255 243 110 174 241 255 255 255 255 255 231 108 125
    47 32 189 139 101 255 248 190 255 106 255 159 180 133 217 8 194 89
    227 249 113 35 139 255 255 8 70 255 72 216 255 6 255 104 255 255 168
    255 15 255 48 174 255 122 102 27 255 255 192 255 255 115 255 255 41
    255 255 2 255 255 255 23 47 255 255 83 255 221 174 119 255 182 255
    245 78 255 156 255 133 255 233 255 255 49 221 89 21 215 255 170 225
    255 255 110 255 255 255 255 164 255 122 255 255 76 255 255 243 255
    255 255 255 106 186 255 84 131 255 255 51 223 37 190 255 255 236 147
    255 4 74 80 255 134 31 59 255 0 156 255 221 55 225 133 234 255 255
    70 62 255 143 255 255 48 255 110 44 255 255 255 183 255 255 59 255 4
    255 248 207 212 255 255 244 137 76 255 255 127 13 255 133 255 68 245
    255 255 255 255 47 255 240 215 255 255 255 224 195 12 200 255 255
    184 95 255 255 200 255 255 248 151 68 255 255 255 255 29 255 38 113
    198 255 255 129 191 255 131 255 190 173 255 255 86 255 76 255 238
    255 255 85 82 198 93 86 122 255 255 158 255 255 255 255 100 152 255
    202 186 255 255 15 255 65 4 166 106 255 64 255 160 183 255 106 255
    125 179 255 255 255 17 153 255 255 255 255 53 255 255 255 255 255
    223 255 255 208 255 255 255 155 255 255 255 255 255 127 194 255 250
    87 225 255 249 255 67 91 183 255 48 138 255 255 255 255 255 210 255
    255 25 80 68 255 176 133 255 4 255 163 65 255 57 255 49 255 70 247
    255 59 255 174 2 120 30 209 243 229 121 141 219 247 255 176 166 255
    255 245 105 255 255 255 255 65 255 255 133 255 255 255 255 57 255
    209 119 172 255 255 255 6 89 119 255 108 255 4 255 168 255 255 227
    19 255 174 255 180 255 251 76 155 186 182 255 133 255 255 110 255
    194 255 255 255 240 38 47 255 227 255 255 236 113 103 255 155 165
    255 254 114 255 255 124 178 141 146 225 255 255 255 255 255 255 255
    255 255 255 255 214 207 255 214 255 190 11 255 255 255 255 70 255
    255 255 227 100 114 159 57 219 132 129 194 255 43 255 231 255 97 255
    255 255 157 100 255 255 255 103 26 255 255 6 98 93 25 255 255 255
    255 6 255 174 129 255 221 232 255 10 255 76 129 255 255 255 255 255
    255 148 79 255 255 96 255 255 8 100 255 255 184 4 38 215 255 255 255
    255 223 229 0 108 255 255 30 78 97 53 205 228 255 104 202 255 59 255
    159 255 137 212 255 255 255 157 255 255 106 255 255 255 255 255 55
    255 66 59 255 36 255 255 255 255 255 255 255 103 250 255 110 255 255
    255 153 255 213 127 255 253 4 76 202 212 225 207 219 243 255 200 92
    255 255 168 112 236 255 141 255 255 234 214 255 255 23 20 224 217
    255 255 255 14 148 255 141 255 255 100 255 25 255 221 49 68 255 136
    255 255 59 255 255 255 255 211 255 255 135 189 104 255 197 229 255
    34 255 67 255 213 196 49 121 255 255 255 105 255 235 217 204 255 255
    255 255 40 255 255 255 255 172 150 49 255 124 42 166 255 255 96 255
    255 255 86 142 47 82 157 63 164 255 255 255 38 153 255 255 255 255
    255 255 145 78 121 57 255 72 6 255 255 255 166 121 38 255 33 133 255
    255 110 136 86 87 255 255 255 255 174 249 6 78 226 216 255 42 115
    255 255 115 121 209 138 255 241 125 255 255 255 27 238 255 255 255
    47 255 99 255 255 13 255 255 95 255 255 255 212 98 72 255 255 255
    168 255 255 255 255 255 225 255 240 98 59 160 51 137 255 255 255 129
    178 255 255 255 8 15 255 198 116 255 57 222 255 255 175 255 237 95
    208 239 164 255 174 255 255 145 173 255 237 255 255 255 255 233 110
    213 176 6 179 255 255 255 255 255 108 255 255 255 255 250 114 255
    255 255 95 255 255 255 145 255 255 215 255 255 255 255 255 182 67
    255 255 207 174 255 255 8 237 253 0 252 127 189 255 156 255 135 255
    180 106 99 255 255 207 66 255 255 255 255 78 87 176 255 78 255 112
    255 255 183 255 235 255 163 123 122 255 255 175 255 207 137 255 255
    80 255 47 108 255 155 255 255 255 160 96 254 222 255 110 63 255 8
    224 255 255 255 113 12 255 255 80 255 134 200 188 199 33 255 255 20
    255 255 245 72 255 243 255 255 255 255 255 255 255 95 255 173 51 248
    255 229 68 183 246 231 99 255 255 34 47 104 211 255 145 108 212 255
    255 255 10 13 129 255 202 47 255 30 255 255 84 208 255 255 255 133
    255 255 241 255 244 255 255 255 255 255 255 255 255 255 255 255 255
    255 139 255 255 255 255 255 255 255 255 198 255 255 211 214 8 226 43
    255 255 157 255 255 202 255 42 127 233 255 255 200 255 255 153 99 76
    100 255 170 217 255 255 255 255 110 255 141 123 255 255 200 255 70
    255 255 255 255 135 118 248 255 255 231 255 89 89 255 255 182 255
    255 147 65 255 238 0 255 255 135 34 34 255 190 74 217 255 255 160 21
    157 18 95 255 255 148 255 255 255 255 53 255 144 255 95 236 223 255
    49 255 103 180 255 255 13 135 255 255 231 255 255 108 192 255 125
    255 255 248 6 255 80 105 255 135 219 255 255 255 255 25 255 255 2 89
    242 255 255 255 255 175 100 237 209 255 255 255 142 255 63 155 255
    255 30 255 255 255 196 255 49 160 255 255 255 198 255 255 0 68 255
    255 255 192 255 91 65 255 255 255 93 255 255 255 255 119 255 79 245
    177 255 255 106 255 149 95 255 255 255 216 255 255 74 255 255 255
    255 255 255 39 15 217 47 53 255 255 236 255 207 255 255 255 167 104
    255 205 255 8 255 255 255 255 255 255 255 255 255 238 38 255 255 255
    35 27 61 57 255 255 255 78 129 255 255 79 255 255 255 255 44 68 255
    253 108 57 255 255 90 255 36 14 82 255 65 211 255 255 255 255 215 19
    59 106 186 255 117 49 248 20 255 255 233 211 255 221 143 91 255 255
    202 57 122 255 176 255 255 255 255 244 255 255 155 255 255 255 172
    255 255 33 25 255 108 23 214 255 108 255 227 224 217 255 120 81 255
    139 15 223 6 255 255 255 250 106 209 255 255 194 146 255 255 255 255
    255 255 255 154 255 255 255 23 18 255 180 255 25 195 192 255 255 14
    255 72 18 255 255 194 255 255 255 255 255 245 255 255 255 13 61 141
    124 43 255 255 255 255 68 161 125 198 255 115 15 255 205 76 64 182
    255 240 255 84 19 255 255 255 78 230 72 176 25 210 255 255 108 255
    30 36 255 29 193 255 167 255 227 42 79 72 2 21 255 89 255 255 57 255
    80 255 26 255 255 255 255 255 255 255 131 83 255 251 255 255 255 255
    255 255 17 255 106 96 207 255 255 255 82 255 255 44 23 53 200 255 94
    255 255 255 148 255 255 49 255 255 110 255 255 145 255 255 255 115
    255 184 96 255 255 45 255 255 87 86 255 240 65 101 255 255 25 255
    255 152 95 31 139 255 255 255 255 180 169 255 255 76 255 255 255 57
    241 192 255 113 152 98 92 40 174 76 255 255 41 44 93 255 255 253 166
    156 255 158 133 255 255 255 255 20 169 255 255 255 255 117 91 62 176
    0 23 229 112 255 255 255 255 43 133 255 255 17 68 255 38 159 255 236
    172 133 255 255 166 255 255 255 11 255 255 255 61 255 255 255 0 255
    255 255 190 155 255 255 240 255 196 255 255 255 255 43 240 191 255
    255 42 255 255 138 145 30 255 35 232 104 255 232 255 255 203 255 241
    255 212 61 255 96 92 91 255 96 192 255 80 162 191 255 255 255 255
    255 255 96 255 57 209 255 255 255 154 115 39 255 255 255 255 255 255
    141 255 205 215 223 255 146 255 255 255 45 255 42 147 255 255 255
    255 76 180 209 213 231 255 116 255 255 255 9 23 146 255 255 118 193
    209 245 255 255 30 255 16 255 255 255 255 102 225 255 144 255 255 87
    255 255 229 255 27 255 255 255 19 29 120 0 255 177 255 194 255 236
    255 255 123 145 238 13 255 245 255 255 84 255 255 198 182 255 255
    168 225 255 255 47 255 45 90 255 255 255 255 170 164 203 255 63 224
    74 255 105 87 255 173 255 255 255 43 255 255 255 219 255 19 133 255
    255 255 181 255 82 255 81 74 255 255 255 55 151 23 255 253 255 255
    255 255 255 248 129 226 255 219 6 180 37 255 255 180 255 127 255 120
    219 217 255 170 255 19 255 255 2 57 255 238 155 233 255 68 176 184
    255 255 255 193 255 40 255 255 255 255 117 255 255 131 255 51 241 65
    199 160 255 255 255 255 72 255 255 236 255 19 163 78 255 255 41 238
    180 162 255 255 255 29 234 245 2 255 255 255 255 133 11 255 57 255
    255 255 253 255 102 65 113 145 255 255 255 255 13 255 11 170 153 255
    57 255 255 155 255 255 255 172 255 255 255 255 255 98 255 255 255
    226 43 49 255 255 255 255 66 255 222 255 37 255 130 255 255 255 55
    82 255 255 30 255 255 255 255 178 255 255 255 234 66 211 255 26 255
    222 255 255 255 255 211 255 142 255 255 250 255 255 206 243 255 255
    255 32 255 168 255 255 80 30 168 221 11 34 153 181 255 18 255 255 72
    255 147 255 255 255 100 44 149 255 126 255 255 209 255 255 46 96 255
    114 134 104 255 130 255 198 83 8 91 127 74 255 255 119 164 132 255
    234 38 129 255 255 255 255 47 255 255 233 255 226 182 70 205 163 200
    29 57 255 131 100 18 255 255 22 190 255 41 209 255 229 19 255 88 255
    255 170 30 121 255 17 255 22 203 255 139 255 32 255 255 70 255 234
    255 255 255 255 182 255 8 255 49 229 162 146 223 255 255 8 194 255
    34 203 27 255 227 255 210 233 249 255 67 0 217 255 25 68 55 186 255
    255 255 255 160 65 255 255 207 255 255 255 255 255 146 255 255 152
    255 194 154 140 252 179 255 255 245 255 139 255 255 255 255 255 164
    255 202 255 72 185 55 167 219 198 34 112 255 65 255 47 255 255 213
    236 255 255 53 255 255 255 255 209 141 146 205 219 55 237 255 166
    255 255 132 8 255 51 227 255 255 188 137 251 255 255 229 255 255 255
    255 255 229 255 255 57 255 255 119 255 255 132 55 255 255 255 255
    208 255 95 255 255 255 8 22 91 255 141 255 255 255 255 255 72 221
    255 72 255 110 115 48 70 55 200 255 255 15 255 123 255 255 209 255
    255 20 228 255 23 255 9 255 181 170 255 255 57 255 192 255 255 255
    202 255 84 255 205 91 193 59 255 255 255 255 15 247 53 255 255 137
    255 255 34 147 178 164 83 255 116 9 115 86 204 255 29 255 158 209
    200 255 255 102 255 255 78 237 255 66 241 255 38 255 82 2 255 255 2
    255 19 233 76 255 208 255 38 255 35 255 255 39 255 163 255 255 255
    96 221 164 8 53 45 255 255 255 255 101 255 255 241 255 255 15 255
    168 93 255 211 40 255 255 255 255 113 255 255 70 4 219 255 255 255
    255 129 255 255 211 255 255 255 193 255 247 255 55 200 13 186 255
    253 255 198 255 63 255 151 255 103 180 255 164 95 255 74 255 108 190
    255 20 184 21 255 255 255 72 106 255 255 255 119 196 29 204 158 236
    255 255 255 255 255 162 178 255 108 255 255 255 255 255 101 15 255
    255 178 2 255 182 255 245 0 255 255 255 255 255 234 255 255 255 127
    255 255 51 255 255 178 255 117 188 255 142 255 131 255 255 219 163
    255 171 253 255 255 236 255 167 255 247 173 223 47 82 255 255 126
    255 37 255 255 255 116 255 22 80 255 102 89 255 162 255 216 106 42
    255 255 255 70 198 255 251 221 40 255 255 224 255 61 255 255 12 118
    166 255 255 255 98 97 15 61 152 255 186 145 255 123 241 185 255 65
    255 31 255 255 255 11 255 255 93 255 205 255 255 255 255 214 255 255
    13 200 200 255 255 11 255 255 255 255 76 255 172 237 255 125 255 76
    227 149 230 255 255 240 187 129 72 155 108 198 127 255 255 255 65
    255 81 255 6 121 190 255 81 255 255 89 63 255 76 74 95 19 82 249 242
    255 255 227 255 243 23 80 255 255 188 255 98 74 255 255 255 255 17
    255 255 119 113 255 106 255 226 28 255 255 96 255 255 255 255 255
    255 255 255 255 255 194 4 188 228 255 43 145 255 158 255 140 255 255
    100 119 255 129 255 213 233 255 207 216 255 84 255 255 34 136 255
    255 255 255 194 182 14 171 255 255 255 255 255 27 238 102 255 125
    176 255 255 51 8 255 255 15 132 255 165 255 16 15 212 180 99 57 255
    129 70 255 240 255 233 32 255 255 255 187 255 255 42 255 255 106 108
    67 164 255 190 255 255 255 225 76 255 217 235 255 163 255 40 110 211
    84 255 133 255 68 100 255 0 255 255 180 254 255 255 255 6 255 255
    255 155 255 255 225 29 255 193 255 255 255 255 70 89 255 17 255 255
    160 174 4 196 119 255 255 255 168 65 164 255 255 255 158 255 123 14
    255 255 255 255 255 255 255 255 196 247 255 202 196 255 192 255 255
    47 8 172 255 57 255 255 255 2 25 139 255 123 255 146 255 255 62 255
    202 102 143 91 255 90 44 15 55 255 142 255 114 96 255 255 255 255
    255 123 255 255 255 255 10 244 168 143 161 255 255 255 255 103 191
    255 190 255 255 255 32 115 255 138 255 255 206 255 164 161 164 2 72
    129 59 255 211 148 214 215 255 185 29 255 127 47 255 255 255 0 255
    92 200 13 255 255 255 147 236 255 209 245 53 139 255 129 151 8 255
    255 255 55 255 131 108 255 255 255 255 173 255 8 255 255 82 249 255
    255 160 255 176 255 255 255 116 134 219 255 248 221 27 223 255 2 121
    255 17 255 255 255 255 57 255 121 255 255 21 255 255 8 255 255 191
    255 255 255 255 255 255 255 141 255 10 255 255 127 141 255 231 228
    214 74 255 49 65 57 225 190 67 166 205 173 255 252 158 132 207 255
    91 255 205 123 61 29 106 255 6 30 55 255 255 255 72 255 170 48 255
    135 255 136 184 110 66 255 255 13 255 65 28 255 13 255 133 255 255
    10 255 255 170 232 255 63 215 255 213 255 138 252 34 96 55 205 182
    139 255 255 255 255 255 255 255 202 25 255 204 139 87 255 200 255
    146 255 255 255 255 183 108 255 101 176 51 255 234 255 164 13 255
    112 255 141 234 151 255 175 91 255 255 255 10 217 81 255 255 51 90
    120 51 92 255 255 255 255 53 255 255 119 255 217 191 241 255 216 137
    255 210 255 255 134 231 255 212 255 0 112 255 255 219 255 255 255 33
    226 32 18 34 255 255 219 255 16 63 155 88 255 255 255 116 130 39 255
    255 102 255 251 67 148 255 182 255 43 96 167 95 255 196 255 4 105
    255 255 183 255 202 255 43 211 255 255 137 255 229 255 226 233 2 106
    191 57 255 130 255 247 244 255 255 61 78 150 119 51 255 6 255 255 87
    255 255 255 100 255 134 125 255 234 255 255 255 255 4 255 255 36 76
    241 255 255 255 255 255 80 21 255 233 255 255 255 215 255 255 255
    242 255 255 255 117 74 255 14 255 255 255 255 255 255 255 255 255
    255 83 255 68 255 243 143 255 255 145 208 255 110 221 82 203 255 110
    202 206 131 255 210 255 91 255 2 245 106 255 255 255 255 76 225 255
    177 240 209 51 255 252 255 255 113 108 255 255 34 208 59 255 28 255
    255 255 33 116 199 255 99 255 255 211 255 184 108 153 255 101 255
    247 255 255 151 255 255 255 255 255 209 255 130 255 74 49 255 255
    255 255 255 255 155 184 113 255 205 100 37 255 163 10 181 43 255 255
    255 43 226 231 205 186 255 121 255 66 255 255 255 255 122 28 255 255
    255 243 205 110 255 255 255 255 89 255 241 158 255 112 84 214 255
    173 255 237 255 255 255 255 255 135 255 185 255 255 255 33 255 255
    153 255 255 255 255 70 255 129 255 255 36 157 255 255 168 255 219
    250 110 196 8 131 65 255 155 230 161 255 255 255 255 40 255 255 255
    227 255 84 255 255 255 255 180 105 178 164 190 106 65 82 176 18 255
    255 61 93 255 255 143 255 255 255 255 49 255 255 25 87 2 252 215 255
    31 0 110 162 150 255 255 255 255 205 101 255 255 255 255 127 255 225
    155 255 130 112 145 255 235 188 255 25 255 255 255 255 34 255 255
    255 200 184 255 92 165 119 255 0 6 255 203 138 115 255 255 168 255
    255 252 160 255 255 255 255 255 255 255 255 255 151 255 179 174 219
    255 255 76 32 62 255 186 255 255 255 61 255 158 255 219 255 255 221
    255 255 255 255 255 255 255 255 255 255 255 123 99 255 255 25 255 70
    251 200 255 255 255 255 255 255 255 148 255 219 124 255 135 255 42
    255 48 2 255 255 255 255 255 26 133 51 255 35 255 255 213 255 117
    255 110 255 255 255 216 255 255 30 164 137 157 255 2 146 174 169 255
    84 255 255 255 255 255 255 255 176 41 255 255 237 255 4 255 8 255
    255 255 132 255 150 250 255 192 255 255 133 255 255 255 255 74 158
    87 76 177 255 255 255 255 255 6 19 255 255 255 255 165 255 117 146
    255 164 255 255 43 169 119 255 97 255 237 49 255 41 255 255 255 87
    81 37 255 255 255 213 255 47 86 255 211 59 255 255 146 104 27 228 45
    184 120 104 229 221 91 255 255 255 147 93 255 117 255 255 119 255 42
    178 84 17 255 255 255 255 255 255 255 53 183 160 160 78 255 6 255
    255 255 85 255 127 255 92 255 87 235 255 255 190 255 206 198 8 255
    106 255 51 255 15 108 255 255 185 255 255 202 110 255 25 255 59 255
    255 255 255 110 255 68 190 200 163 255 255 255 255 91 45 98 188 98
    255 4 157 84 44 11 231 255 255 137 255 255 84 139 255 255 255 255 51
    255 255 213 148 187 255 255 68 255 152 255 119 38 227 67 202 255 192
    255 255 78 255 255 133 255 255 192 255 221 255 251 255 227 32 255
    255 143 255 90 116 189 57 255 21 255 95 255 255 93 255 53 160 255
    149 120 255 94 139 255 255 76 255 31 255 255 22 30 242 110 194 255
    255 120 255 255 255 51 252 57 91 115 209 200 248 243 255 255 255 130
    16 255 134 255 255 255 160 146 23 255 255 189 243 255 255 145 11 255
    255 255 21 23 207 164 255 255 106 255 255 166 255 129 13 245 255 214
    104 255 223 255 255 255 88 40 227 168 255 255 255 255 255 255 255
    255 151 255 76 108 255 30 255 238 130 158 255 255 255 86 255 23 226
    81 162 255 132 84 255 168 115 255 195 255 255 255 27 67 255 8 17 176
    255 78 255 255 255 223 255 232 248 255 57 178 125 255 255 255 91 255
    41 230 110 119 255 89 255 51 255 255 255 170 255 188 100 255 72 255
    255 255 255 248 255 255 255 70 253 243 255 255 63 184 178 255 255 45
    255 255 255 205 255 255 255 30 151 76 49 255 255 63 138 255 251 26
    74 255 47 255 255 255 255 108 153 115 46 166 51 11 26 49 255 255 255
    205 140 205 17 119 0 181 255 55 255 210 112 255 255 255 255 25 255
    255 45 255 205 172 133 255 255 255 255 255 133 105 225 255 70 255
    255 110 125 248 200 255 255 87 255 47 34 117 123 76 255 255 255 255
    198 27 255 205 255 115 255 255 136 255 255 180 255 255 108 252 11
    202 255 255 255 184 255 255 255 10 255 255 101 255 255 171 96 255
    255 255 255 255 255 255 226 255 20 255 255 247 255 117 255 255 255
    255 230 104 31 57 138 255 255 255 106 255 214 255 93 255 255 255 87
    255 0 255 250 32 255 190 135 132 255 255 255 255 255 182 250 156 233
    31 255 174 255 0 255 255 255 255 170 13 255 39 255 255 102 48 123
    153 222 255 255 162 136 254 255 43 255 232 47 241 255 183 255 245
    138 14 255 255 255 152 255 255 40 255 145 255 255 141 4 255 237 255
    164 255 255 255 255 221 255 255 89 93 200 48 170 255 255 255 68 255
    151 255 141 15 135 255 219 243 29 142 231 145 255 248 11 100 255 164
    255 255 255 76 255 255 255 172 162 229 141 255 255 255 255 17 178
    255 93 243 255 255 143 247 255 255 131 255 255 148 255 84 67 96 203
    255 255 255 255 255 164 190 255 255 255 66 255 255 208 255 255 79
    131 255 195 180 177 255 255 255 255 37 255 147 137 194 255 241 255
    132 47 188 214 255 255 255 43 154 255 255 106 83 255 255 255 255 169
    255 255 232 255 255 255 255 255 255 42 255 162 199 255 76 96 113 255
    236 255 255 255 255 255 227 33 255 15 92 105 136 255 255 255 41 154
    49 186 167 238 255 255 123 4 84 255 84 255 255 255 255 231 27 148
    132 255 255 164 158 97 144 100 255 89 255 255 255 255 243 221 255
    255 180 255 255 163 255 21 242 255 10 255 198 95 255 255 78 233 131
    255 216 255 255 255 255 255 136 255 183 36 100 255 255 221 255 193
    14 207 168 72 255 255 25 21 255 84 108 199 8 255 255 27 91 255 255
    196 159 241 255 255 254 13 255 255 251 255 255 25 89 255 255 255 18
    184 110 255 255 255 255 255 255 255 89 255 219 255 115 207 255 255
    182 93 144 254 87 76 121 255 255 215 255 115 255 84 255 129 129 89
    149 36 255 55 255 255 255 222 255 255 253 234 172 173 70 255 99 255
    94 255 255 31 255 174 255 183 100 117 255 59 53 255 26 255 255 78
    158 255 255 255 255 147 255 165 11 255 255 59 63 255 255 123 167 193
    255 255 78 252 255 255 255 255 57 133 255 74 117 120 255 248 255 79
    247 255 212 255 255 219 219 255 246 255 183 197 94 255 255 157 21
    255 182 91 227 168 255 255 255 253 238 248 255 255 219 255 255 255
    105 62 51 255 255 149 137 255 31 255 61 237 251 255 255 27 185 255
    76 255 51 255 251 92 255 74 6 101 25 255 17 255 182 11 170 96 255
    238 88 57 68 255 6 206 141 150 255 255 255 242 31 68 255 255 255 255
    255 255 195 115 34 193 255 255 255 162 255 195 255 84 57 129 207 255
    255 255 255 255 255 98 250 255 255 255 255 64 106 255 255 145 165
    255 255 255 138 135 255 70 255 249 217 255 255 255 255 205 231 255
    209 255 255 255 42 129 160 81 255 202 255 255 255 255 209 183 255
    255 255 83 162 238 227 182 72 132 84 255 255 151 255 255 235 255 221
    213 183 255 23 255 255 108 120 89 255 255 240 255 86 255 252 183 255
    51 21 214 255 65 255 255 255 43 98 255 255 184 181 83 176 255 62 255
    255 255 255 108 255 129 255 255 51 255 251 221 186 255 255 255 255
    100 255 255 255 255 78 250 255 255 255 255 255 255 255 62 255 255 42
    110 84 255 74 76 40 255 255 255 27 165 208 205 8 206 255 255 210 255
    238 255 127 255 255 255 183 255 255 255 153 8 255 255 255 255 130
    255 222 208 255 255 255 255 255 255 255 255 34 96 145 255 102 146
    255 255 63 8 147 255 61 250 40 125 49 165 255 135 255 125 255 127
    255 255 228 255 102 150 57 192 234 176 255 101 255 2 135 255 255 255
    195 255 245 255 255 255 255 255 80 255 6 133 231 192 255 34 90 105
    255 255 141 255 255 255 217 255 114 255 255 198 255 255 255 255 255
    255 178 255 141 255 125 101 11 255 255 204 12 13 191 133 255 47 235
    255 255 255 222 255 190 221 255 255 51 231 119 255 255 255 255 62
    255 255 231 209 211 255 20 188 255 203 120 255 113 255 23 255 160
    255 255 255 255 255 188 98 196 255 202 255 255 255 68 255 140 255
    243 149 248 40 255 221 255 108 255 150 255 255 49 134 255 112 172
    255 40 72 255 97 130 166 171 193 255 251 255 255 118 185 158 241 149
    80 255 255 255 255 250 255 255 66 255 95 55 255 67 255 255 48 255 12
    162 208 170 255 83 255 167 255 213 255 42 55 205 255 229 80 180 35
    84 255 4 112 183 182 82 255 78 169 255 255 68 255 182 255 255 219 63
    142 255 255 255 255 105 210 98 255 255 45 21 140 94 255 151 119 108
    26 129 255 255 255 255 78 219 253 255 215 255 91 255 103 255 255 84
    153 255 255 36 31 87 98 255 255 255 255 255 255 255 255 195 255 70
    238 255 127 248 45 84 233 180 139 255 255 255 255 255 40 255 255 255
    255 151 200 183 255 8 255 255 53 233 255 255 255 255 108 255 100 207
    15 255 255 93 255 255 9 255 255 255 255 255 255 25 255 13 255 255
    255 186 255 251 255 152 255 221 160 255 255 255 255 255 255 104 102
    114 2 255 150 197 255 217 240 243 127 255 255 255 255 192 17 6 255
    160 15 255 255 21 133 255 74 255 135 78 255 255 38 61 106 89 255 255
    255 213 255 255 59 135 138 255 241 2 221 93 255 255 255 255 255 4
    255 255 2 255 255 255 168 151 255 255 115 255 255 233 89 255 135 126
    255 255 255 255 45 255 255 255 255 225 51 148 255 10 53 72 255 99
    255 153 215 0 153 255 255 100 255 221 255 165 255 255 4 255 255 133
    15 137 255 255 255 255 255 57 255 248 12 255 255 255 255 255 143 255
    255 255 255 255 98 255 70 255 156 255 255 122 102 255 228 255 123
    255 183 18 255 255 255 87 255 255 126 170 168 198 255 209 234 119
    255 255 134 255 158 40 166 255 187 255 27 255 255 255 255 203 255
    255 255 46 26 255 112 76 255 167 246 255 87 26 6 255 255 255 11 127
    248 188 255 255 127 176 125 255 255 255 103 255 51 255 255 245 82 64
    255 184 136 255 255 255 255 255 255 255 255 132 178 255 255 255 162
    115 137 2 255 121 255 70 121 232 255 252 21 255 254 19 255 255 110
    217 149 255 255 255 19 255 74 169 216 239 53 174 245 255 255 255 70
    255 155 141 255 255 68 255 219 221 255 255 255 102 255 255 255 59 42
    246 153 240 66 129 224 255 255 217 140 255 255 78 255 255 255 170 25
    255 255 76 199 35 48 197 6 137 144 82 192 17 255 84 255 255 255 255
    2 222 189 255 17 255 194 6 255 255 116 96 252 120 132 188 211 21 255
    255 187 131 234 255 255 255 199 255 255 25 255 255 85 63 114 255 151
    255 134 100 198 255 82 139 178 219 255 255 255 205 129 147 4 168 255
    135 155 86 76 255 113 255 255 255 255 83 255 127 255 255 255 255 137
    255 255 31 255 255 61 232 34 255 255 255 0 190 246 255 91 104 255
    255 146 25 255 212 27 232 123 255 236 72 255 40 255 255 255 89 255
    241 255 225 255 185 211 255 51 219 255 95 255 255 157 255 255 30 255
    255 255 223 164 255 241 255 255 255 34 255 78 255 255 255 164 178
    250 11 255 255 255 255 59 230 49 255 255 28 255 255 255 70 255 62
    217 234 255 255 6 255 172 137 255 255 255 255 4 86 255 98 255 255
    255 255 208 31 17 23 255 255 191 110 247 255 0 255 2 255 255 221 255
    103 255 255 255 255 255 255 255 255 21 255 84 255 87 255 10 172 235
    78 115 113 255 113 112 255 248 255 255 74 14 255 255 255 255 8 18
    160 206 255 87 255 255 255 140 255 255 255 255 230 255 255 67 255 14
    118 6 151 255 78 255 97 255 0 255 208 255 255 255 255 255 155 255
    255 72 143 251 17 255 53 255 255 255 255 245 13 255 255 162 15 180
    255 255 211 40 55 217 255 255 255 190 255 78 179 255 92 255 113 67
    255 157 255 226 255 213 255 8 255 255 55 153 241 23 149 255 255 255
    255 136 67 156 255 102 145 253 153 255 159 255 255 255 255 186 15
    157 164 255 51 44 255 255 120 149 41 255 225 0 255 40 255 255 68 221
    190 255 192 255 70 160 4 255 255 255 255 255 116 89 255 219 255 255
    213 255 255 70 255 145 131 9 129 255 76 209 255 219 12 255 255 31
    255 166 255 255 197 223 255 19 10 255 255 255 25 93 106 105 155 255
    255 255 209 247 76 18 255 250 207 171 255 255 240 255 217 217 178
    255 255 229 37 13 61 255 255 47 255 255 214 255 173 32 255 255 238
    255 255 200 225 4 178 35 255 255 115 236 255 255 255 255 18 255 95
    255 32 236 82 255 51 255 108 255 255 255 255 255 255 255 255 255 255
    250 198 255 248 255 83 255 70 255 67 74 161 252 4 8 255 156 255 221
    188 76 255 255 8 255 152 255 247 255 183 255 255 255 68 255 255 196
    253 255 33 255 189 255 255 255 255 49 87 255 255 255 16 137 168 255
    255 125 255 213 112 239 84 93 255 221 255 255 255 45 241 255 255 31
    255 255 82 255 255 131 133 255 255 255 4 217 255 81 211 118 255 255
    80 15 252 91 255 127 255 129 255 255 202 233 19 51 106 255 19 57 255
    255 255 255 255 35 95 255 233 255 255 33 70 255 166 32 255 255 17 91
    29 162 221 255 255 238 255 255 204 255 11 172 160 255 217 255 105
    182 55 255 30 255 255 182 70 143 255 255 255 183 2 127 255 157 118 6
    255 255 240 255 110 255 255 76 255 255 255 255 255 21 200 76 255 155
    72 255 255 84 105 255 14 255 255 255 70 129 255 184 255 255 84 208
    255 255 121 215 55 19 255 238 255 255 171 138 172 129 255 123 97 255
    157 255 255 255 253 255 194 84 121 190 255 106 255 135 255 255 145
    115 196 2 130 2 255 106 143 89 255 255 152 240 255 255 216 255 255
    113 96 255 70 29 255 246 227 255 255 255 15 255 255 255 255 153 181
    255 35 114 100 255 255 110 255 255 206 133 137 185 135 255 255 255
    255 255 255 86 255 168 118 96 255 255 238 117 63 182 255 255 255 207
    215 255 255 186 127 255 241 23 255 101 255 147 78 255 96 10 0 198
    188 185 53 255 255 76 205 255 137 89 255 180 247 255 255 93 151 202
    165 255 59 10 81 186 255 199 188 146 255 255 255 255 255 255 255 255
    255 255 255 255 255 225 200 153 112 255 159 241 255 40 255 228 255
    23 164 255 255 240 74 255 255 255 160 129 172 209 70 199 4 175 255
    205 255 255 149 57 53 255 255 255 213 10 255 110 255 255 157 162 8
    131 255 134 255 146 76 255 255 17 170 143 200 255 255 100 255 255
    255 255 255 13 223 255 161 255 21 255 255 162 255 239 255 206 43 255
    170 255 148 159 255 13 255 255 238 38 45 148 255 255 118 255 245 137
    70 112 255 172 255 148 255 255 68 6 255 255 255 106 95 153 245 255
    255 227 234 255 255 196 255 255 53 129 74 255 119 127 255 255 68 59
    217 119 91 174 255 181 70 255 209 159 255 131 255 137 200 210 255
    255 255 80 255 110 255 190 255 255 68 110 255 25 255 255 255 130 255
    186 255 27 255 255 243 255 255 255 21 255 63 236 255 255 29 255 255
    232 45 255 255 121 255 255 255 255 97 255 121 209 255 255 65 157 90
    13 214 102 10 123 65 196 123 255 255 255 255 207 255 255 80 9 78 131
    255 255 30 40 117 38 142 255 196 255 255 255 255 255 255 248 255 171
    255 227 255 61 39 171 136 255 255 255 160 255 68 223 255 76 255 255
    255 255 25 255 255 177 255 255 19 255 255 112 255 211 249 76 255 255
    40 255 255 195 255 192 255 72 36 146 6 240 255 151 154 255 255 124
    255 255 217 130 255 255 251 255 221 255 255 32 43 255 255 255 241
    255 255 37 192 104 2 255 255 166 255 32 255 196 255 255 255 255 255
    40 23 255 11 2 141 255 110 229 17 182 255 17 182 153 53 23 255 255
    255 255 255 255 237 255 255 211 255 255 255 137 255 127 202 115 174
    255 255 168 255 255 57 255 255 194 49 229 255 112 255 255 255 255
    255 255 255 194 169 255 255 124 255 255 255 255 255 162 255 255 255
    255 41 255 26 255 184 155 255 192 23 255 133 185 8 135 255 139 190
    47 255 173 255 243 177 112 255 255 255 16 177 255 255 122 255 255
    255 221 255 240 255 29 255 157 255 86 255 255 255 170 255 167 255
    255 251 253 255 255 255 255 255 129 170 255 255 255 68 161 255 19
    255 255 255 242 164 188 200 86 42 119 255 87 217 16 167 251 192 49
    255 255 127 110 255 255 195 53 255 255 76 255 255 255 241 255 174
    186 32 255 255 255 4 255 72 27 255 36 247 205 142 255 203 255 255
    255 255 33 8 42 255 23 255 237 192 255 88 255 255 10 255 51 190 255
    255 255 255 255 23 200 255 255 255 164 255 0 255 137 255 255 170 65
    255 250 255 255 125 236 255 255 38 255 255 255 185 149 221 191 255
    82 68 147 255 30 225 255 189 255 255 255 255 95 0 131 97 68 255 255
    30 255 68 246 255 221 11 168 255 40 255 171 255 255 255 187 255 120
    43 255 255 210 255 255 255 192 255 255 166 164 159 194 255 255 255 2
    255 229 255 8 25 6 51 255 10 255 14 194 78 65 192 255 76 13 255 255
    255 255 247 59 255 168 255 91 213 255 255 0 255 255 255 255 199 255
    105 212 0 255 87 255 255 127 57 255 217 211 61 255 255 255 255 243
    255 255 70 253 255 49 55 250 239 221 255 172 255 255 153 183 255 168
    6 255 186 68 255 255 255 255 194 255 255 41 211 227 166 238 255 255
    160 96 209 184 255 121 255 255 255 120 255 255 255 89 255 114 161
    254 91 255 96 179 170 255 207 255 255 255 4 255 255 255 100 255 136
    255 255 53 59 126 182 6 255 255 188 255 123 255 255 117 255 10 255
    255 76 19 31 255 255 255 255 229 255 118 255 255 17 62 63 192 132
    255 137 255 255 255 255 255 23 255 255 116 23 20 184 255 70 184 225
    255 255 255 255 222 248 255 255 8 255 255 174 255 217 210 255 255 30
    255 255 255 180 108 117 255 255 204 68 255 255 151 146 255 255 255
    57 180 255 255 255 255 40 255 255 225 29 21 255 151 255 255 255 255
    129 255 255 170 235 255 255 168 255 255 198 255 174 67 255 255 255
    255 85 255 209 21 255 255 216 139 215 255 168 184 255 119 255 4 166
    255 236 255 203 208 239 255 255 255 255 255 255 255 72 255 91 253 84
    255 40 59 255 255 147 255 255 243 110 255 255 101 255 245 255 117
    255 255 255 200 255 121 255 106 91 45 243 255 255 194 255 255 255
    183 255 255 53 255 255 255 255 238 255 188 23 246 255 255 255 255 46
    255 117 207 176 215 146 255 180 120 251 217 27 255 255 175 255 255
    255 38 27 251 255 255 255 255 255 255 227 255 251 204 255 255 255
    255 255 100 23 217 100 255 255 255 147 255 255 255 238 164 162 255
    53 137 255 255 31 251 255 203 34 45 255 255 255 92 255 244 255 255
    255 129 129 180 55 255 255 205 255 253 84 255 168 211 255 0 196 240
    244 45 232 255 166 255 79 255 245 255 147 255 255 255 255 255 143 97
    255 231 188 57 166 59 255 33 255 255 217 202 78 255 255 96 65 255
    155 76 255 255 255 97 255 235 137 255 255 190 127 223 63 255 255 255
    255 255 0 255 255 255 255 188 255 255 255 255 255 219 23 248 133 255
    255 225 255 255 255 255 64 147 95 225 255 63 221 123 93 0 255 255
    255 68 82 255 237 255 255 255 126 255 164 255 61 255 213 255 255 0
    255 207 255 255 255 141 255 255 152 251 223 232 140 184 255 19 255
    255 36 223 194 255 166 255 17 39 255 255 125 249 142 243 80 140 147
    44 223 33 238 210 255 8 129 209 255 255 227 86 255 255 255 49 255
    194 244 255 38 168 133 255 255 255 8 246 255 255 125 255 255 36 84
    165 255 255 131 255 255 255 172 255 255 255 255 255 255 255 4 110
    255 255 76 255 175 255 255 228 255 6 255 95 255 211 121 180 255 255
    129 255 57 255 255 70 20 86 255 255 255 23 255 213 195 192 207 255
    255 255 255 88 255 112 255 255 11 255 255 255 255 112 129 255 255
    255 158 255 255 255 148 200 160 255 2 31 173 217 0 255 255 164 255
    78 255 255 253 235 68 102 255 207 23 217 255 255 6 203 161 155 255
    255 255 40 255 113 143 9 207 255 129 255 255 255 145 29 47 78 255
    185 119 255 255 255 238 17 115 255 255 255 255 255 255 76 180 255
    255 255 255 255 47 255 255 113 243 36 255 158 255 255 14 228 117 235
    255 227 255 255 202 255 255 130 255 255 240 255 255 146 110 152 208
    255 255 221 223 198 255 20 15 121 141 219 255 98 255 255 255 255 255
    255 164 255 255 114 157 20 255 255 255 183 240 255 255 255 255 255
    151 255 255 255 76 25 202 8 68 214 190 228 98 70 255 57 94 255 255
    255 76 255 139 255 255 205 255 140 145 255 255 255 150 255 14 11 155
    205 82 255 23 255 217 255 55 13 162 255 30 255 234 121 127 42 178
    255 133 255 255 171 255 255 167 255 100 255 13 239 192 168 255 255
    138 135 255 206 255 154 255 174 255 13 255 255 214 131 74 87 72 255
    255 255 145 255 227 135 255 90 131 255 217 255 255 166 255 255 200
    255 255 255 203 164 255 255 240 255 255 214 255 255 130 255 78 129
    255 131 238 74 118 191 27 192 255 255 145 255 252 255 210 53 255 174
    65 209 255 229 255 255 113 255 255 162 255 38 255 255 255 255 255
    255 231 11 255 76 165 255 235 6 255 255 194 8 255 152 233 245 116 32
    255 255 161 255 19 38 231 255 168 63 0 255 255 255 229 84 89 34 217
    255 147 225 46 61 72 158 95 255 255 91 174 44 136 125 49 100 255 255
    117 255 255 19 196 133 68 255 65 15 255 29 255 176 255 255 88 148 28
    207 255 42 231 202 255 35 44 255 94 48 255 255 209 70 255 152 85 196
    219 129 255 255 255 255 118 78 74 255 42 255 255 255 255 101 255 255
    65 255 117 224 113 255 255 216 235 255 255 255 120 255 255 255 255
    131 247 89 255 255 104 255 105 255 115 255 255 255 44 255 255 255
    255 255 29 253 254 255 255 127 255 178 255 8 255 255 164 255 255 255
    255 219 255 255 37 217 255 174 255 255 209 255 202 255 255 255 255
    255 100 255 255 21 255 255 26 255 179 110 110 255 255 160 255 28 203
    190 138 209 255 96 255 44 227 76 255 127 255 173 182 25 255 255 255
    21 129 255 72 255 113 6 147 255 255 255 207 255 255 112 118 76 255
    255 85 172 21 96 255 139 155 164 255 62 41 255 255 92 255 255 188
    255 255 23 207 123 117 241 96 235 255 6 213 143 191 209 57 255 255
    255 255 33 255 255 27 255 182 255 255 74 255 255 72 255 118 193 143
    175 255 255 247 255 141 232 11 255 160 17 255 255 255 255 255 255
    166 124 255 255 255 255 180 184 176 255 19 255 184 255 147 255 40
    212 255 255 255 108 255 0 225 255 255 151 137 255 255 32 255 255 236
    255 131 139 155 23 255 255 255 255 255 255 55 8 255 247 255 255 255
    180 157 255 255 255 255 36 119 29 255 127 255 4 255 255 193 255 162
    255 127 255 255 255 255 72 174 255 138 127 255 208 255 255 121 229
    112 255 255 95 178 255 137 36 55 255 144 65 249 255 255 255 172 18
    72 255 255 255 255 186 255 187 100 255 255 255 215 68 213 255 255
    255 255 255 255 255 255 255 255 45 188 205 45 255 255 172 255 76 255
    255 82 255 255 255 255 255 198 255 255 255 210 255 135 151 255 173
    255 164 82 96 255 255 255 255 135 255 192 68 255 255 255 255 255 135
    255 255 255 144 213 255 255 202 255 255 233 255 255 255 255 255 255
    255 255 31 255 178 255 255 195 67 228 183 104 209 172 106 255 151
    255 152 6 255 255 100 255 219 255 248 255 144 88 103 255 255 165 17
    14 255 233 255 243 255 131 255 36 255 255 115 255 255 113 160 255
    217 255 255 255 255 255 51 255 0 255 255 61 255 151 148 255 47 255
    255 255 198 26 176 255 110 255 255 255 255 255 66 88 84 255 158 230
    255 248 255 255 255 249 255 255 202 74 63 255 255 255 29 244 123 236
    11 16 152 255 255 255 91 255 255 66 202 255 255 192 137 17 0 34 255
    67 2 61 233 48 91 155 255 17 23 177 255 255 190 127 147 202 255 255
    255 255 141 67 125 207 255 255 41 255 155 100 255 236 63 198 255 143
    255 21 255 103 255 203 209 49 51 255 253 55 44 255 255 202 255 255
    255 26 255 48 255 255 53 240 39 255 79 14 217 255 255 145 32 25 255
    255 255 103 255 139 255 255 245 255 255 35 61 161 72 78 255 14 164
    30 255 255 255 29 245 255 255 255 146 88 217 255 255 255 62 174 255
    117 72 255 119 255 255 185 96 82 96 255 97 51 166 156 227 255 255
    255 255 32 255 255 255 204 102 110 255 255 67 255 172 205 83 59 255
    231 108 255 255 255 51 251 255 255 255 0 255 255 22 255 214 255 255
    255 255 80 255 84 255 159 76 82 229 106 253 47 153 255 255 149 230
    255 255 255 191 255 70 255 255 118 255 215 255 255 6 255 255 211 82
    255 255 230 255 255 255 30 255 36 255 149 255 255 255 32 61 255 80
    238 255 164 255 255 177 123 255 219 219 186 255 255 255 4 255 63 255
    106 255 255 255 255 255 26 141 255 255 255 200 93 255 255 159 255
    255 159 162 36 255 55 255 255 155 245 255 255 255 191 255 25 96 49
    27 255 255 167 96 255 240 19 255 240 255 70 23 45 255 255 61 247 255
    142 166 162 255 255 255 49 188 4 233 198 215 255 137 106 119 255 255
    155 255 120 125 215 255 255 63 10 255 255 198 142 255 255 197 108
    255 106 227 255 255 221 255 248 255 255 89 110 146 255 203 255 255
    255 202 72 255 198 255 255 99 125 255 255 255 255 10 255 255 15 255
    41 146 182 35 255 108 245 255 255 0 221 112 76 255 255 106 255 255
    174 255 255 106 124 61 255 112 255 255 255 216 57 97 255 255 255 0
    255 255 89 235 255 182 245 110 255 115 255 104 16 175 255 255 255 25
    243 110 255 229 13 76 255 255 202 141 141 199 213 86 178 255 207 255
    84 255 53 2 255 166 255 255 255 65 106 178 153 221 62 49 87 200 255
    222 204 255 99 40 255 133 70 8 154 255 8 255 255 158 255 127 59 215
    255 255 38 153 255 97 231 102 255 255 211 243 13 29 230 129 255 146
    255 227 255 255 143 55 95 255 255 255 255 255 255 255 165 248 255 48
    78 104 255 96 255 255 204 252 255 255 188 255 25 255 177 47 221 255
    255 255 255 255 255 255 19 255 255 210 255 255 255 255 255 178 0 200
    229 190 255 219 215 255 8 255 255 223 254 255 11 255 67 255 255 255
    255 200 29 255 16 89 255 80 255 255 209 255 255 207 251 255 243 241
    17 255 255 255 255 255 255 78 99 255 255 255 255 106 190 147 255 70
    15 29 240 76 255 53 104 255 255 62 255 255 255 94 17 255 205 255 255
    255 255 253 255 255 255 255 51 149 221 255 38 84 255 81 255 255 87
    255 68 255 200 255 255 255 255 255 255 255 112 51 232 106 47 255 229
    255 120 255 255 255 255 255 101 174 100 255 219 254 209 121 255 205
    129 131 255 166 255 89 15 255 184 255 255 255 246 143 55 255 178 162
    244 127 255 255 255 213 255 255 211 13 255 143 255 255 255 40 255
    255 255 176 255 255 186 89 95 255 255 108 255 118 76 102 255 163 255
    23 30 248 135 255 205 103 78 188 152 217 94 183 87 88 205 255 255
    148 142 119 255 255 213 222 166 10 255 136 31 255 83 255 255 195 255
    255 255 155 255 142 102 255 248 18 141 255 119 255 78 255 255 8 29
    38 255 82 184 255 248 23 255 45 253 195 255 30 255 80 105 19 172 203
    255 94 192 93 255 112 2 255 255 11 255 207 255 255 228 193 188 255
    53 229 255 255 72 34 159 215 156 255 255 255 74 172 251 78 255 255
    255 57 126 255 252 255 255 200 143 255 255 255 255 47 255 119 255
    255 59 67 255 72 255 255 255 255 255 255 205 255 229 255 255 193 43
    255 242 88 255 255 157 255 255 255 36 89 255 255 115 255 179 223 255
    203 89 115 139 19 88 63 255 112 46 91 8 255 15 255 255 23 205 49 255
    255 255 40 22 200 216 147 4 255 255 255 87 47 78 157 213 217 32 205
    255 9 200 255 231 27 103 255 255 255 0 106 226 74 255 255 255 255
    255 255 39 255 253 255 255 231 255 255 255 207 255 32 121 213 255
    113 255 255 255 226 255 207 209 255 8 255 108 192 80 200 31 164 11
    255 137 255 207 194 255 74 255 180 255 129 253 233 55 255 184 255 26
    248 255 255 255 255 255 255 42 255 33 255 255 203 255 255 255 238
    255 180 255 255 255 255 255 2 255 255 166 255 255 125 148 9 255 255
    255 51 57 255 255 124 119 74 255 95 255 255 242 53 255 187 35 108
    255 255 255 55 248 61 255 255 255 255 255 192 255 25 175 255 255 255
    74 255 21 255 227 255 127 129 53 255 182 255 11 141 255 25 255 0 81
    255 116 255 255 255 255 157 169 255 255 23 255 255 181 76 255 23 38
    151 255 255 255 255 159 254 74 130 170 49 4 49 65 34 255 255 17 43 8
    255 100 91 151 84 87 47 202 255 255 88 42 255 67 255 142 255 135 255
    255 141 255 108 255 79 22 205 53 255 255 255 45 255 110 41 207 255
    255 255 81 94 124 11 255 255 57 255 255 255 255 6 42 255 255 255 255
    179 255 217 211 236 61 255 0 170 255 255 39 13 255 255 255 227 241
    63 255 112 255 255 248 255 159 125 205 255 243 255 68 121 255 233
    102 46 255 211 207 25 168 116 34 255 255 255 255 255 255 112 255 219
    255 255 255 155 23 255 53 255 255 255 42 255 255 255 255 255 15 119
    33 255 255 158 255 250 255 110 255 25 255 255 255 255 72 92 234 78
    255 255 157 141 255 174 255 171 255 255 255 132 255 32 255 255 255
    255 255 202 13 255 116 255 143 255 255 255 255 255 192 255 255 67
    255 176 255 139 227 255 139 76 117 247 195 170 255 255 119 255 6 182
    175 221 255 255 255 255 255 216 59 184 255 213 70 157 135 131 142
    255 221 113 168 222 6 43 255 255 149 255 134 102 255 242 51 255 255
    241 255 255 49 120 255 157 249 149 41 255 255 255 255 217 188 34 183
    255 230 255 255 139 255 255 255 202 203 255 255 102 255 255 80 255
    255 225 10 185 255 68 187 255 255 199 255 42 161 255 67 255 255 171
    28 255 120 255 255 255 255 41 165 250 255 82 244 196 129 255 119 219
    255 104 255 26 80 255 170 125 255 255 20 255 255 145 255 208 255 203
    166 158 234 255 255 255 255 255 255 255 94 23 255 255 194 255 255
    255 255 84 240 255 255 255 102 255 255 255 131 255 212 55 255 255
    255 255 255 255 255 155 255 148 231 141 38 255 255 164 130 248 255 0
    106 84 255 255 255 206 27 255 157 248 255 255 137 255 250 139 241
    255 255 236 53 20 255 72 53 249 255 255 131 95 68 38 255 255 255 108
    245 255 255 104 78 30 255 255 210 255 44 255 255 213 0 182 67 255 37
    207 255 255 255 19 61 158 255 178 255 255 255 255 255 255 21 255 255
    11 255 255 19 255 213 91 255 119 255 255 86 154 231 174 241 76 160
    164 153 172 255 231 4 255 255 255 181 255 255 255 255 255 255 255
    255 255 6 51 63 125 67 10 138 135 126 255 164 192 157 158 255 255
    123 245 255 255 82 255 23 255 79 255 255 151 255 255 255 149 154 255
    255 238 104 255 118 180 255 255 255 203 137 255 255 255 64 255 255
    129 57 255 255 180 175 4 106 150 153 115 255 17 194 255 225 255 68
    227 255 196 159 255 255 45 35 255 76 255 255 255 55 29 255 255 253
    246 63 27 129 237 169 255 255 11 255 247 255 255 22 179 255 147 255
    17 255 131 255 255 19 255 255 110 144 255 255 76 35 188 81 229 255
    255 25 160 183 145 188 28 255 247 9 255 255 121 255 255 255 203 255
    195 63 141 129 255 27 144 255 207 55 16 171 255 112 219 199 20 255
    255 255 152 113 96 255 59 255 42 255 72 255 212 217 253 255 139 255
    197 68 169 234 247 99 255 255 129 255 255 255 25 241 255 255 255 255
    102 255 82 221 255 99 59 255 255 255 6 139 28 255 255 81 133 255 185
    255 255 255 255 255 255 255 112 229 255 87 255 63 57 138 102 67 255
    255 255 255 162 101 255 4 190 255 255 255 255 96 255 244 27 255 255
    255 139 225 255 255 121 255 255 166 92 198 168 8 255 91 182 122 25
    65 255 255 255 255 204 255 255 204 255 255 62 255 255 255 145 255
    157 39 106 129 90 255 255 255 255 2 255 255 255 155 255 255 237 255
    255 255 255 30 255 105 255 255 103 21 172 198 87 86 241 255 255 255
    255 255 255 255 255 255 255 139 255 255 63 188 125 255 59 255 166
    255 30 192 255 255 255 255 74 65 6 4 112 146 11 0 255 255 43 255 151
    255 255 191 25 255 255 255 194 15 255 255 255 255 255 32 202 219 255
    35 59 255 67 34 236 255 255 255 255 243 255 143 255 157 255 255 55
    219 255 255 255 91 185 239 30 223 157 255 255 112 202 123 147 255
    189 10 68 234 255 105 217 255 255 255 255 21 255 72 255 255 41 255
    234 255 232 113 68 255 219 255 255 255 255 11 255 255 95 208 255 93
    240 106 108 255 168 106 255 248 255 255 255 255 104 78 255 255 255
    38 85 255 72 255 255 255 255 203 255 255 255 78 32 174 89 255 255
    255 255 125 188 2 255 255 255 76 255 225 255 255 255 255 164 255 252
    255 136 255 167 255 255 40 123 215 179 255 255 255 255 255 255 189
    255 179 255 168 160 172 115 160 255 51 255 204 147 40 255 113 70 255
    4 255 168 255 238 255 33 181 79 225 255 234 255 146 255 2 116 70 254
    255 255 143 124 89 255 255 121 255 255 210 255 19 255 255 255 255 2
    255 255 255 27 255 255 91 19 241 255 236 0 48 255 55 255 255 247 255
    178 255 74 59 86 129 28 255 74 59 0 74 255 255 80 255 27 118 255 255
    255 100 255 255 255 227 255 210 133 124 0 145 255 125 94 169 191 49
    255 45 43 255 72 194 255 217 255 97 51 255 68 255 255 255 191 255
    255 163 18 255 255 219 146 55 255 27 164 2 255 129 255 148 255 255
    255 36 168 68 255 76 255 255 37 120 81 119 80 255 6 255 25 117 207
    136 184 215 255 82 255 255 202 255 255 151 255 231 255 97 255 255
    255 255 255 226 189 158 84 96 180 6 43 248 70 151 231 4 255 100 255
    255 10 255 193 255 255 255 255 120 87 255 137 255 255 11 255 255 209
    62 255 217 255 255 255 112 113 205 172 255 188 233 255 236 180 255
    99 255 255 133 227 141 255 45 255 255 255 255 255 255 178 8 255 255
    255 255 255 255 255 255 68 185 149 255 155 255 255 72 255 255 2 137
    255 255 129 255 255 255 255 183 198 164 236 65 255 23 255 122 115 25
    118 255 16 255 255 182 53 248 239 76 62 255 203 255 55 108 127 22
    255 113 255 145 255 174 255 255 223 194 163 255 255 59 237 255 51
    166 255 8 117 213 255 255 226 70 255 67 140 33 70 255 255 183 0 255
    255 25 255 65 255 255 42 255 255 255 255 162 255 115 127 255 255 255
    255 123 53 152 255 45 51 255 241 29 70 39 255 255 255 255 157 255
    255 255 86 255 255 203 23 255 255 255 255 61 127 216 255 202 255 63
    255 62 243 8 255 67 255 176 255 215 113 164 70 155 255 241 142 255
    146 30 255 34 255 255 255 61 255 255 217 255 198 255 110 255 100 22
    255 255 255 158 255 255 177 223 255 255 255 172 255 255 255 245 115
    168 74 255 188 255 255 43 255 255 143 255 255 255 162 83 255 255 185
    119 143 170 255 226 255 200 255 255 255 148 36 190 23 255 255 255
    255 255 76 238 255 173 255 168 255 255 255 255 4 255 255 248 255 38
    255 255 255 255 255 228 227 141 124 255 117 124 72 160 156 197 255
    255 255 92 255 255 202 145 255 255 61 214 209 72 110 0 255 255 80 17
    255 158 243 253 229 145 138 166 165 255 255 167 242 110 143 255 255
    139 123 255 255 255 255 255 199 255 255 255 255 255 251 255 53 206
    248 255 229 255 255 166 225 255 174 255 255 255 255 255 255 61 255
    214 170 194 197 255 255 66 172 255 255 153 255 255 255 17 255 65 40
    255 255 255 255 67 255 229 221 249 255 239 146 53 255 255 206 190
    139 255 82 32 255 139 116 255 255 171 234 255 51 185 174 255 255 129
    46 106 94 255 78 68 68 117 255 232 255 255 255 66 0 162 157 255 34
    255 8 6 108 255 165 255 59 255 255 178 51 255 129 186 134 255 57 214
    219 160 255 255 61 255 31 93 244 255 17 255 57 255 255 255 255 212
    255 80 212 153 181 255 82 86 255 2 171 255 74 110 255 67 255 255 255
    255 72 14 17 255 255 127 197 182 255 255 92 255 170 47 194 102 198
    145 19 188 255 200 255 255 255 255 224 240 255 15 38 215 255 79 29
    82 217 255 255 255 198 122 108 88 213 255 70 133 166 255 255 255 172
    255 34 168 133 255 174 255 79 255 205 195 243 255 49 110 173 121 200
    25 255 153 255 130 92 209 64 8 84 255 45 188 255 168 255 40 255 177
    43 168 61 255 22 255 117 255 255 255 141 190 255 255 150 113 255 84
    100 139 255 255 255 19 117 255 10 140 255 255 255 255 255 244 72 232
    55 255 76 244 172 255 255 255 255 246 241 112 255 217 255 240 110
    255 129 255 255 255 255 249 106 255 255 157 67 255 30 255 30 40 98
    241 255 102 255 255 255 91 4 119 131 255 255 127 68 196 255 21 135
    255 40 235 255 185 153 186 170 63 40 255 145 167 255 255 207 255 255
    30 130 255 255 255 255 255 72 231 228 255 68 97 255 255 232 255 137
    186 174 76 255 233 255 53 43 157 255 221 255 192 255 255 70 255 143
    188 66 157 146 244 255 255 255 255 110 85 121 78 51 255 255 255 63
    255 115 255 63 255 255 38 223 92 255 255 255 93 255 178 255 255 255
    255 231 255 255 8 98 38 151 255 255 255 255 74 255 255 255 113 255
    255 168 255 255 255 74 30 255 153 255 85 255 93 51 104 141 55 255 91
    206 127 243 255 255 255 195 255 42 217 164 230 36 92 137 255 255 17
    172 59 255 68 137 255 255 80 255 13 239 255 255 255 23 255 255 183 4
    160 255 255 255 255 255 22 255 40 88 156 183 162 255 34 255 255 255
    102 255 255 217 200 255 255 179 187 147 255 19 39 255 83 255 221 136
    255 89 255 255 209 11 255 255 119 255 118 76 196 101 23 255 255 144
    255 255 147 255 91 255 255 255 197 255 255 255 229 255 81 22 137 255
    160 255 182 23 63 255 255 30 200 255 61 246 84 99 102 255 255 216 29
    255 255 72 255 255 255 255 8 255 91 255 255 141 255 255 36 64 255
    175 136 184 192 112 255 255 140 255 255 255 6 255 255 255 224 182
    255 84 125 255 255 91 37 255 9 255 19 255 53 91 255 255 255 255 255
    55 255 255 255 25 153 255 61 255 80 255 255 255 51 255 2 255 202 255
    8 10 70 255 217 234 19 255 255 255 88 137 159 255 118 255 255 154
    255 14 19 142 94 255 236 255 255 108 162 44 255 255 255 255 255 253
    210 55 164 147 112 255 229 198 131 98 133 245 255 255 126 250 250
    255 36 176 255 208 255 255 64 255 65 51 229 255 255 211 255 255 255
    255 204 255 99 96 131 29 255 209 255 30 255 255 8 27 36 255 31 255
    38 219 145 255 192 11 193 59 236 255 219 38 255 255 8 255 255 61 40
    243 255 255 255 106 121 65 255 134 151 221 15 196 255 255 18 255 255
    255 42 11 250 255 255 45 255 255 255 106 134 57 55 234 178 255 26
    155 48 197 196 131 255 255 255 255 255 183 255 35 255 113 221 15 255
    255 255 255 14 255 255 166 74 9 88 146 255 255 146 255 29 255 255
    198 68 32 255 15 255 123 255 255 255 70 255 255 228 217 149 211 34
    255 255 225 219 230 255 255 255 255 255 255 225 255 234 110 215 40
    123 255 255 255 255 224 255 16 70 15 248 255 255 255 255 170 211 255
    130 255 255 255 65 222 255 80 146 47 176 255 134 0 255 255 12 255
    255 4 106 255 25 93 242 117 255 117 255 200 172 233 175 255 255 30
    255 217 55 255 248 61 255 255 255 255 233 114 119 255 255 36 205 72
    255 151 255 255 237 209 21 192 255 185 255 181 255 184 55 166 16 255
    225 255 200 96 255 255 255 255 255 210 255 255 204 255 127 255 100
    103 187 255 67 255 247 51 255 255 207 255 247 61 36 255 249 121 255
    84 176 255 255 180 255 255 255 158 255 227 255 255 255 255 238 255
    255 255 255 76 230 255 255 126 255 255 255 174 84 228 47 113 255 104
    255 255 255 255 2 255 22 255 253 53 175 255 255 186 255 255 255 255
    55 8 195 255 255 100 255 255 255 255 255 255 200 255 76 255 150 248
    190 89 255 63 255 104 255 255 255 255 255 36 255 167 255 255 215 6
    255 154 255 16 255 174 255 230 62 255 255 255 51 255 112 255 124 199
    59 255 163 176 255 255 255 205 255 255 190 255 80 89 255 229 10 208
    221 255 255 255 122 255 160 21 102 255 255 255 155 10 138 231 255 0
    255 175 255 229 255 85 215 11 176 231 255 183 227 255 255 231 76 30
    8 255 255 104 255 233 255 230 170 255 255 255 255 255 255 129 120
    255 207 255 255 255 190 233 104 135 255 255 224 155 255 236 81 255
    127 153 255 255 255 255 169 176 45 226 110 255 255 255 255 255 134
    255 255 172 207 8 91 88 255 164 255 221 255 63 127 255 255 255 53 63
    255 206 255 255 253 125 230 255 205 143 34 255 173 172 255 105 255
    33 255 183 29 198 255 255 57 255 198 255 255 255 57 255 133 74 40
    225 99 255 250 255 255 255 116 146 72 34 21 166 175 255 227 99 255
    255 255 51 255 255 96 35 255 255 207 209 255 149 255 106 129 48 255
    255 211 255 255 245 255 155 255 255 88 255 248 255 97 255 255 145
    174 158 255 255 255 255 255 255 255 255 255 87 255 127 40 255 68 255
    255 49 124 34 255 255 110 233 255 168 248 255 17 255 255 200 47 255
    255 57 255 78 39 141 45 255 32 255 255 255 255 237 234 255 255 255
    255 135 19 149 255 255 51 141 255 78 255 255 255 170 255 189 255 255
    178 255 255 68 223 139 255 151 190 255 94 255 255 255 255 255 255
    150 155 10 63 221 255 255 43 198 190 0 255 255 178 255 255 130 255
    30 193 255 251 89 53 114 132 123 240 15 255 255 255 255 255 189 227
    152 253 255 112 255 255 255 255 255 188 26 255 255 30 255 101 98 92
    255 61 255 171 233 145 255 159 255 255 251 255 255 197 255 36 255 20
    190 255 255 49 255 14 108 204 223 177 132 221 255 255 255 232 49 255
    68 174 255 255 255 55 255 255 255 110 229 255 196 255 200 55 129 255
    255 255 172 118 161 225 51 193 255 255 23 255 183 255 255 25 255 12
    80 246 255 103 255 255 255 253 255 105 255 255 53 70 255 255 255 125
    245 255 255 255 161 255 255 155 255 255 255 184 89 36 255 13 255 131
    99 255 172 255 255 76 255 34 254 97 212 255 255 51 237 55 255 70 87
    85 125 160 255 215 49 255 255 217 32 94 122 8 255 209 168 255 255 83
    23 175 255 255 243 212 255 255 255 255 255 146 198 255 255 8 255 255
    255 255 4 255 44 62 37 205 70 119 253 255 10 255 255 67 255 255 141
    48 180 192 255 212 25 219 255 255 255 255 76 255 229 255 255 197 255
    29 19 164 65 255 153 99 233 255 40 255 255 236 21 241 255 212 172
    255 255 10 59 76 47 70 238 143 255 255 41 89 244 255 247 255 235 255
    255 255 13 225 205 255 217 255 255 2 47 120 255 255 4 219 255 255 59
    168 255 255 248 255 72 255 112 255 237 255 255 255 175 255 255 255
    234 255 255 164 255 255 255 157 207 85 170 255 57 255 255 255 35 255
    223 255 0 255 98 255 255 119 179 172 53 95 255 194 184 153 255 188
    170 137 139 64 255 169 227 255 222 255 255 143 255 255 255 255 255
    255 255 255 255 174 215 255 98 255 255 95 145 103 255 190 146 85 92
    255 255 255 49 66 102 255 255 67 255 255 43 145 255 123 150 255 255
    179 255 10 186 28 176 255 255 125 80 174 121 34 45 255 30 214 255
    255 255 243 99 112 10 240 9 255 255 174 255 255 95 255 86 255 255
    236 151 255 255 255 255 183 153 190 72 61 190 255 255 255 255 208
    255 209 219 49 91 185 41 87 233 247 146 255 6 255 255 255 255 61 117
    255 40 96 255 255 255 120 255 255 255 255 255 255 216 255 255 255
    110 200 180 14 255 9 255 59 200 123 63 255 255 82 255 255 255 43 61
    87 193 51 255 2 200 8 255 255 183 255 255 255 30 255 255 47 207 255
    36 4 255 255 255 255 49 255 97 255 255 255 168 106 236 255 255 255
    36 255 255 87 135 255 132 255 165 206 255 255 255 255 255 142 125
    255 255 8 112 127 121 70 255 255 255 121 255 30 166 162 222 183 157
    255 255 0 215 255 68 255 255 255 255 255 255 160 155 255 255 255 55
    255 255 192 255 199 0 181 255 80 255 26 215 255 255 143 61 255 243
    63 176 82 99 255 255 255 255 255 67 255 255 42 15 255 156 225 255
    255 255 63 255 255 255 255 255 188 255 255 255 230 182 209 213 255
    94 6 238 255 255 176 76 2 255 255 255 32 255 8 182 255 255 180 255
    101 255 108 255 255 255 255 255 188 255 255 14 255 189 164 255 206
    108 255 8 117 255 255 255 236 183 255 124 255 29 255 255 255 150 187
    255 230 174 205 0 49 192 255 121 255 27 255 59 222 255 227 255 191
    57 165 255 68 255 78 158 146 98 88 118 234 255 255 255 255 209 255
    255 207 255 84 36 255 86 255 255 76 255 255 0 103 140 255 255 214
    255 106 147 31 234 123 255 165 161 255 255 189 255 245 255 20 21 255
    255 110 233 70 177 255 255 91 70 255 255 255 255 255 28 255 255 255
    55 255 255 255 255 255 255 255 38 243 188 89 255 255 240 255 0 255
    92 255 255 255 255 64 255 255 17 255 6 206 61 8 206 162 255 255 96
    255 30 43 255 112 255 255 144 255 213 38 255 89 255 255 255 255 255
    55 255 10 255 115 255 255 125 76 105 13 233 179 216 255 21 255 139
    48 163 174 200 255 239 255 164 51 126 129 158 255 164 255 173 57 68
    205 255 147 255 32 255 255 255 255 8 255 119 179 168 51 87 129 243
    255 134 255 44 255 255 255 110 231 255 255 255 255 255 255 106 255
    255 255 255 255 139 255 47 209 204 255 255 255 255 106 229 255 255
    255 211 46 255 255 110 255 255 145 255 255 21 255 255 70 255 45 255
    255 255 46 255 255 27 255 255 255 66 0 21 174 14 95 66 255 255 51
    255 255 221 255 243 191 225 255 255 255 255 255 255 192 255 255 255
    255 8 42 9 108 255 121 149 13 255 255 51 255 176 255 233 127 238 255
    255 255 49 35 162 147 2 255 142 241 255 255 39 240 255 255 67 246
    255 255 255 162 255 255 4 224 161 255 255 144 209 232 255 88 226 255
    255 255 255 231 84 255 82 255 28 255 234 98 168 135 255 33 219 255
    255 255 255 255 255 255 76 255 64 53 40 57 202 152 255 255 68 255
    252 110 255 200 241 255 162 255 255 59 255 255 45 255 119 255 67 255
    219 17 255 239 141 6 188 255 255 255 91 255 255 57 42 255 255 255
    255 255 55 255 255 255 104 55 119 233 105 255 190 61 53 255 205 197
    255 255 255 255 255 255 255 255 206 196 55 95 255 179 255 198 255 74
    217 120 134 255 255 216 37 59 236 80 255 255 255 240 255 255 255 187
    90 255 255 255 255 157 16 49 32 255 46 134 255 65 42 255 148 255 255
    97 180 255 255 255 255 110 147 33 255 255 129 97 255 255 255 197 255
    38 255 255 255 234 255 255 255 255 255 32 80 23 255 74 68 255 255
    183 255 255 255 70 217 255 255 255 63 146 59 251 255 158 255 255 255
    27 255 72 255 255 112 255 95 255 156 223 53 255 53 247 255 161 125
    255 132 255 114 23 84 150 255 184 27 206 255 255 255 110 10 234 92
    164 255 94 135 149 255 211 9 255 255 255 255 6 204 166 196 255 255 8
    74 255 68 255 143 89 163 255 255 255 255 59 6 255 25 255 255 255 200
    255 139 248 31 2 255 255 72 17 255 154 49 255 48 183 255 255 255 255
    221 212 255 243 214 74 162 255 255 112 255 255 27 255 255 255 4 55
    255 255 225 19 255 255 40 189 194 255 255 255 93 253 255 68 255 255
    32 127 255 255 170 255 255 164 151 10 255 243 255 255 255 255 166
    151 255 255 255 255 255 41 255 255 255 255 13 255 126 174 255 255
    255 255 255 129 250 255 255 194 8 106 255 255 255 255 245 15 63 255
    229 255 255 255 227 183 255 255 93 248 180 255 155 255 255 255 51
    173 255 255 29 255 255 255 163 255 21 255 182 255 163 45 103 255 243
    247 255 255 103 255 39 255 59 255 108 250 84 255 255 255 255 155 68
    253 255 37 255 255 255 255 255 255 188 200 255 25 164 100 10 199 215
    15 255 39 255 255 237 84 255 255 124 255 78 255 255 49 72 255 176
    255 234 166 255 25 43 255 255 35 255 255 255 86 255 200 255 255 255
    255 43 255 82 255 41 255 255 57 255 81 145 40 123 180 11 255 168 255
    255 255 120 231 255 255 255 255 255 255 255 251 255 255 255 255 255
    63 255 255 95 255 255 255 255 255 255 255 170 255 11 255 255 255 61
    116 32 231 255 87 255 145 255 255 219 34 110 29 255 255 255 255 245
    215 30 14 34 255 255 213 206 0 255 255 70 255 64 255 255 255 115 228
    197 113 255 255 255 145 255 255 82 255 255 146 255 255 245 129 8 255
    236 104 99 255 174 135 255 98 181 255 229 255 255 255 95 108 219 255
    95 255 177 255 2 188 130 86 255 255 255 243 142 255 126 108 184 255
    255 255 127 185 255 255 127 92 221 195 70 19 104 176 255 234 125 255
    172 255 101 115 255 255 32 255 255 255 255 154 255 141 255 136 143
    255 17 63 255 93 227 255 255 84 255 246 235 255 255 255 255 53 255
    255 146 106 255 255 198 255 255 255 93 255 129 243 255 255 247 234
    255 255 174 68 240 255 255 6 255 213 255 255 255 255 255 255 255 72
    255 152 255 31 255 255 255 21 255 255 108 255 255 255 136 106 57 255
    255 27 255 184 226 187 145 255 255 255 255 199 198 124 255 180 255
    255 255 255 255 170 135 234 255 95 51 176 255 214 131 255 168 202
    177 115 127 255 255 255 186 130 255 255 255 2 255 172 255 36 255 255
    255 221 113 255 234 243 30 255 255 76 255 255 255 147 255 2 255 67
    13 216 45 101 255 82 255 55 223 186 13 255 171 178 74 228 200 255
    255 255 235 255 219 241 74 255 255 255 255 255 255 255 227 255 255
    255 255 255 255 131 25 255 255 255 255 10 83 248 255 136 37 202 240
    190 255 255 174 255 255 255 255 49 102 224 255 255 224 43 255 255
    255 255 188 132 255 116 255 255 255 140 255 255 255 255 255 166 255
    175 163 164 255 255 255 222 0 143 255 236 254 255 255 20 255 255 4
    255 255 255 137 255 255 112 255 250 255 9 255 179 255 255 255 47 255
    38 255 255 255 255 141 255 255 192 154 255 255 40 255 190 171 255
    255 124 255 255 65 255 255 154 25 255 179 217 255 255 57 196 255 45
    135 112 176 151 17 255 255 255 255 255 0 255 255 57 255 147 6 166
    168 255 183 255 255 81 255 255 255 108 255 115 255 61 255 255 255
    255 255 236 70 255 63 233 6 63 255 135 255 255 96 126 255 255 141
    146 70 255 76 178 57 255 255 255 57 225 181 174 168 105 255 255 51
    255 252 177 104 61 255 174 149 167 9 255 255 255 10 175 255 255 110
    113 160 203 78 241 49 255 255 255 255 237 105 204 255 181 255 255
    106 93 255 255 210 255 164 255 255 21 255 176 55 168 255 255 47 255
    255 255 135 203 89 137 255 255 255 95 178 157 221 166 255 74 78 235
    255 32 255 255 251 255 156 255 229 255 202 255 127 112 250 255 255
    57 255 123 41 255 185 0 105 255 172 255 240 72 40 255 255 255 151
    255 243 159 65 255 255 86 59 42 80 217 130 255 145 255 200 255 62 94
    133 255 6 255 199 16 255 132 184 154 255 255 241 255 255 99 255 231
    255 140 255 240 255 37 255 255 255 46 142 255 255 255 255 29 255 255
    255 199 255 255 240 243 255 255 255 183 255 255 255 255 255 255 66
    151 255 255 255 255 255 255 255 210 168 118 23 255 65 174 160 255 2
    133 255 255 245 255 17 29 23 206 160 255 255 255 255 255 74 17 255
    20 11 2 162 175 61 135 255 255 192 167 255 255 108 255 198 255 45
    255 148 250 255 209 255 27 255 231 255 70 251 113 255 108 255 255
    255 255 255 255 255 165 255 255 165 251 255 255 255 255 255 55 16 68
    255 255 255 183 255 255 199 231 255 119 145 255 221 255 255 121 255
    126 98 255 238 102 255 255 255 255 171 255 113 255 255 8 255 85 80
    255 255 59 110 9 45 255 178 255 10 255 217 167 4 55 255 255 255 11
    108 255 48 134 255 255 204 113 158 255 182 255 212 255 213 49 55 184
    255 88 183 255 255 255 255 108 255 255 255 255 78 255 162 255 255
    148 214 255 247 255 241 61 13 49 255 255 255 255 248 29 255 76 255
    255 255 203 86 255 157 255 49 22 255 251 255 255 255 255 11 255 245
    118 11 243 251 255 68 177 102 25 255 217 255 32 255 255 135 255 255
    255 87 255 15 9 90 87 255 252 198 132 221 255 83 255 120 200 170 110
    255 255 255 25 229 4 255 151 228 255 255 255 248 72 80 68 255 152
    255 255 255 182 209 255 95 82 70 255 255 255 174 255 32 11 100 194
    26 255 57 136 255 255 59 113 202 248 178 21 255 137 255 38 255 255
    217 196 255 255 255 112 93 255 160 153 255 255 255 255 255 255 147
    255 255 84 70 255 255 120 127 247 135 183 255 188 11 255 255 255 255
    179 255 176 2 255 255 255 66 235 27 187 186 207 112 255 255 255 25
    251 255 255 255 155 255 112 21 219 15 255 188 255 134 82 105 255 255
    255 255 63 255 255 119 171 255 255 116 49 255 8 253 255 255 32 247
    255 117 155 255 255 237 255 202 233 255 216 255 162 180 129 145 212
    14 255 45 255 255 13 168 124 255 233 141 17 147 249 255 14 255 255
    59 245 255 255 120 151 176 255 202 255 106 255 225 76 255 255 255
    255 178 139 255 223 255 255 255 95 19 255 255 255 255 118 78 255 255
    125 168 23 255 8 34 255 255 255 255 255 2 144 255 255 76 125 173 176
    4 126 223 67 255 255 82 255 206 211 255 255 241 255 255 255 255 255
    166 255 119 255 255 255 213 255 144 255 255 189 245 255 255 255 255
    255 255 67 117 223 255 255 180 255 255 166 74 255 255 255 140 176
    255 225 61 255 255 245 255 9 255 255 255 74 255 255 149 255 76 255
    228 81 23 42 174 205 255 81 115 255 40 160 200 255 35 184 255 205
    255 121 29 91 23 255 255 255 255 40 74 0 255 202 252 112 255 255 124
    255 110 255 255 255 255 255 221 19 189 172 255 225 255 17 255 255
    255 255 39 106 255 255 255 255 141 255 255 49 255 170 255 255 255
    255 255 255 209 255 157 255 154 125 51 23 255 131 23 74 67 255 251
    174 255 255 255 234 234 255 213 112 237 188 223 255 13 236 254 219
    136 23 38 227 255 162 127 255 255 98 247 122 255 255 48 255 121 255
    146 255 255 123 255 124 255 84 255 251 215 15 255 255 255 174 96 255
    255 55 255 183 255 42 255 53 118 210 255 253 19 255 255 174 255 255
    255 255 255 236 255 245 255 127 186 255 255 205 255 121 255 53 255
    255 89 255 78 255 255 46 76 217 192 121 133 34 255 255 103 106 255
    255 255 255 59 255 255 171 255 255 93 248 255 222 255 219 255 255
    255 217 255 139 105 206 255 167 255 231 255 255 255 217 255 255 217
    255 254 106 123 8 158 255 217 255 255 20 110 17 2 255 255 255 116 15
    255 29 93 255 222 57 248 255 170 255 255 219 255 255 255 255 255 38
    0 148 255 243 255 157 67 27 55 221 230 250 178 188 159 61 131 251
    255 255 255 198 255 231 254 255 238 255 255 170 190 42 251 61 164
    255 255 251 255 196 255 195 255 30 255 178 241 255 162 114 121 255
    255 255 55 86 255 255 0 255 108 255 255 49 32 255 255 127 255 255
    143 255 84 21 189 255 205 159 255 122 255 55 255 197 76 120 255 127
    196 23 237 23 202 205 255 183 255 255 21 149 82 255 180 27 9 255 255
    255 157 146 255 90 82 119 43 255 255 255 175 178 133 8 89 252 181
    255 255 247 189 198 209 157 255 255 255 135 108 189 255 202 206 255
    255 219 255 124 26 196 255 87 255 255 255 158 173 255 141 255 255
    255 255 255 255 255 199 255 186 255 176 162 255 255 255 255 151 6 87
    255 255 255 255 255 255 29 255 147 255 203 255 29 255 19 255 127 255
    255 255 200 255 40 255 78 23 191 255 255 85 255 255 34 255 255 255
    255 255 255 255 253 142 211 108 28 27 255 49 255 232 255 255 200 255
    123 10 212 255 255 255 110 137 163 84 42 100 255 255 255 255 255 72
    255 213 255 255 255 255 215 255 255 255 255 255 255 135 255 255 255
    255 255 32 185 255 44 255 223 175 255 192 255 255 255 255 255 196
    122 91 221 255 255 255 255 255 255 19 91 104 255 76 141 255 255 37
    243 164 255 255 210 255 95 182 255 139 255 4 255 42 127 255 255 67
    255 255 67 255 255 255 255 255 255 255 91 255 255 255 202 175 104 6
    255 255 125 11 119 255 255 255 205 255 178 255 68 153 255 27 6 241
    255 255 59 82 144 255 17 255 12 29 32 202 255 255 194 40 236 255 23
    255 255 240 134 223 255 170 255 255 255 255 205 255 255 89 132 255
    255 51 254 253 178 176 255 255 178 255 197 255 255 246 35 255 255
    221 255 185 255 82 255 88 6 255 255 255 250 255 255 217 255 139 255
    255 135 255 255 196 36 255 89 255 255 255 255 255 255 255 255 245
    255 248 255 4 255 255 112 200 255 144 151 255 255 250 97 255 70 124
    255 172 255 255 94 255 34 186 49 195 255 255 255 0 82 6 155 42 81
    255 255 255 255 255 15 106 255 21 207 255 204 255 255 151 255 72 81
    255 23 23 72 255 255 255 255 240 78 240 178 147 156 255 96 255 255
    255 91 185 255 255 204 178 137 255 51 255 25 255 93 225 255 2 136
    255 255 102 255 255 255 72 122 255 255 255 255 41 129 255 188 57 255
    252 255 255 255 23 255 255 255 187 123 249 255 255 255 255 255 59 81
    255 30 93 255 59 231 49 255 255 255 255 9 65 48 216 255 0 255 255 4
    255 255 255 255</data></your_img>
</opencv_storage>
