<?xml version="1.0"?>
<opencv_storage>
<L2_diff>1.0394803317042608e+04</L2_diff>
<test_img type_id="opencv-matrix">
  <rows>100</rows>
  <cols>100</cols>
  <dt>"3u"</dt>
  <data>
    227 128 246 99 186 144 144 120 118 34 83 204 8 225 134 97 52 3 102
    223 244 11 152 181 42 247 61 14 229 39 111 184 37 172 239 231 204 97
    227 166 114 82 209 5 184 231 242 136 210 109 5 149 112 185 41 231
    192 182 105 221 215 11 55 97 29 215 88 30 195 3 17 241 156 34 137
    241 47 218 229 5 143 90 36 66 205 247 89 123 69 141 238 111 157 230
    139 179 255 136 211 98 66 243 26 23 150 107 51 128 22 10 239 196 85
    117 248 105 27 201 247 47 221 58 219 190 253 174 58 255 177 79 77
    139 158 155 229 98 75 145 29 139 115 153 179 167 87 142 143 179 33
    183 175 121 250 113 237 107 126 124 224 188 134 86 148 76 39 112 99
    45 122 32 29 230 113 4 188 154 17 17 4 48 26 178 253 179 32 215 190
    86 218 28 16 208 113 201 141 249 210 177 2 105 202 77 140 73 114 196
    26 92 203 227 99 2 117 35 68 201 192 253 123 74 123 1 101 17 245 46
    4 139 151 188 123 3 51 60 187 52 125 206 133 179 173 216 249 221 44
    113 54 227 252 111 249 62 200 211 101 119 12 218 41 38 226 93 177
    105 32 15 220 231 188 245 207 71 218 228 65 180 136 124 92 77 247
    236 9 222 250 134 212 102 171 139 86 115 134 238 48 100 117 137 249
    200 113 211 218 230 188 117 3 232 87 115 203 95 17 243 242 246 135
    225 144 63 18 133 145 186 110 64 55 253 50 57 16 98 238 202 154 147
    163 246 47 128 39 44 128 183 217 2 252 221 200 161 74 190 120 195
    245 178 102 117 64 27 16 109 143 95 195 163 36 164 137 105 106 38
    132 61 219 246 113 12 23 150 118 178 230 61 103 24 156 110 161 153
    232 180 34 222 96 54 99 243 123 223 239 24 15 172 20 208 195 18 56
    23 227 176 54 231 211 195 235 180 130 122 19 183 204 64 146 116 69
    159 129 96 143 115 173 96 29 72 61 48 43 0 43 202 72 242 26 104 197
    5 131 160 80 74 200 152 14 131 230 209 239 100 73 188 58 166 66 231
    243 164 190 157 101 62 75 195 175 61 228 133 90 85 55 242 61 102 39
    143 100 41 248 255 7 231 32 146 120 132 145 9 33 163 37 13 34 121
    244 55 181 152 130 134 58 166 245 228 96 190 150 139 208 57 41 119
    167 74 132 218 198 240 175 76 38 61 156 237 179 131 119 218 154 142
    16 120 136 255 138 51 252 87 37 219 137 78 123 249 142 124 105 78
    126 1 41 4 226 99 57 191 249 13 133 50 151 200 79 207 185 162 214
    201 98 133 223 239 95 3 40 86 188 204 218 155 202 203 136 137 94 161
    255 179 247 58 228 46 133 8 13 145 160 121 1 211 211 42 32 75 16 242
    91 30 24 104 253 24 207 239 127 244 244 23 233 170 235 197 130 3 223
    188 54 184 252 43 118 227 140 207 70 59 41 12 14 67 6 155 210 252
    105 150 173 137 235 26 244 50 224 46 73 49 157 140 133 244 158 78 6
    21 219 23 166 152 103 240 254 76 16 236 76 30 11 114 229 208 196 186
    39 186 106 23 149 67 222 124 123 115 49 229 71 80 242 31 124 63 60
    92 155 21 102 197 16 253 237 2 12 216 132 172 83 91 136 234 248 18
    93 109 115 208 110 18 22 220 74 177 50 5 83 107 44 245 122 175 180
    151 132 197 176 25 79 93 226 107 223 205 71 88 140 72 234 81 187 100
    68 157 238 126 20 217 141 49 246 204 127 17 252 210 216 11 159 213
    11 109 139 208 176 123 121 93 129 153 30 92 236 182 242 135 24 221
    160 41 120 181 133 2 145 163 76 223 87 158 96 23 26 93 244 94 59 20
    158 101 94 216 152 152 124 26 81 195 25 215 230 54 40 0 193 78 253
    177 174 181 255 66 73 217 170 115 180 6 163 8 82 5 108 216 40 253
    212 1 7 151 238 78 165 100 57 78 1 107 79 41 237 136 149 236 113 42
    45 132 99 204 103 112 60 192 161 60 96 25 109 199 61 211 126 116 247
    232 10 110 145 83 69 146 155 39 107 249 168 221 124 163 203 48 206
    234 163 218 106 49 56 118 136 218 104 6 192 214 182 198 124 205 167
    87 193 78 59 195 207 249 68 62 129 154 143 218 27 41 125 76 160 71
    95 125 119 220 247 168 252 249 204 118 201 43 140 49 110 109 19 22
    97 223 49 14 31 134 156 221 95 14 96 71 229 205 150 87 31 84 21 134
    171 13 238 140 75 134 176 23 71 194 242 109 122 235 14 219 63 198 73
    225 255 204 121 250 83 223 64 56 182 213 54 32 94 144 32 234 58 239
    179 153 182 74 218 136 155 171 65 11 25 0 200 189 188 19 235 10 20
    55 29 9 250 81 243 159 214 112 145 189 136 124 22 86 193 74 85 44 5
    168 55 104 193 25 95 244 82 93 59 6 25 254 142 135 103 165 11 94 208
    97 56 45 156 211 105 127 56 105 53 70 133 213 28 6 111 230 130 11
    165 95 120 85 88 52 117 80 200 217 91 236 125 80 12 103 231 252 145
    149 229 167 71 181 188 147 31 133 194 198 107 148 248 86 232 212 45
    118 170 97 142 208 228 55 196 96 62 237 160 20 75 74 32 218 87 233
    115 6 180 12 178 155 26 254 107 118 95 4 221 178 67 217 137 3 113
    203 86 127 46 16 78 22 129 8 28 22 142 93 194 217 60 51 40 87 13 106
    80 130 193 177 222 53 123 191 77 110 166 30 152 219 201 5 156 45 239
    177 189 23 252 208 67 199 21 67 129 167 13 199 99 35 28 128 129 46
    44 65 207 174 175 135 57 209 154 9 77 1 144 119 130 47 100 79 8 61
    56 237 180 48 193 21 197 186 182 209 214 4 241 190 100 228 79 246
    198 91 54 82 241 137 49 144 129 154 79 132 165 157 110 125 230 215
    49 209 115 152 172 221 215 130 219 30 82 88 11 106 234 115 179 209
    132 68 65 52 189 125 225 207 9 43 158 142 19 20 159 213 136 171 243
    191 141 75 121 128 232 15 203 214 206 167 194 17 135 30 123 164 156
    94 15 102 153 5 20 246 229 139 145 86 127 89 196 222 203 10 123 4 34
    76 245 233 204 109 188 176 153 189 229 77 23 224 84 111 63 127 44
    229 129 31 105 237 235 247 68 132 107 47 159 103 127 203 38 111 41
    238 242 216 73 67 119 43 73 234 5 235 51 174 242 1 86 115 77 23 152
    87 174 144 190 0 176 247 39 57 56 136 97 37 21 217 177 42 63 87 80
    90 11 162 200 66 169 198 201 18 203 3 15 160 78 198 58 184 86 22 100
    229 52 175 92 44 12 182 157 239 43 134 136 241 140 251 40 208 124 7
    141 108 38 125 198 136 112 21 196 31 96 77 37 93 16 248 206 57 204
    19 71 50 148 122 177 42 231 83 131 8 247 28 211 181 138 251 124 47
    191 186 111 119 69 254 162 10 79 109 127 81 163 90 1 239 37 51 63 97
    12 204 30 147 49 234 93 221 20 92 245 159 104 31 199 1 136 190 161
    40 110 96 49 200 101 14 177 92 246 5 120 60 253 214 106 232 150 123
    54 160 86 226 54 239 121 140 50 48 11 174 11 32 154 244 52 112 228
    91 162 93 78 216 203 91 63 21 155 144 175 101 203 58 135 176 143 14
    149 179 29 149 211 112 101 231 53 179 30 1 219 15 239 60 39 84 115
    228 73 12 188 62 35 0 152 199 209 62 112 193 235 242 168 165 126 0
    244 249 234 110 95 239 93 23 151 47 45 153 242 9 253 137 239 172 210
    181 160 122 187 47 248 198 111 59 22 30 161 241 28 175 250 175 94
    148 182 243 21 146 74 94 197 11 232 188 11 59 136 54 5 33 12 183 4
    179 90 4 242 156 66 222 225 168 18 133 53 44 240 200 191 63 144 116
    33 198 36 209 163 26 54 143 68 124 86 197 46 6 11 39 207 172 128 158
    228 37 168 40 77 141 8 106 211 65 90 248 64 181 186 156 143 194 247
    222 193 148 23 135 64 172 40 209 172 197 243 204 131 109 30 87 229
    214 133 205 58 0 43 216 228 251 86 24 87 49 138 69 62 221 125 172 33
    182 42 47 83 132 125 205 112 82 61 183 243 1 27 112 86 211 76 103 68
    111 154 125 66 165 247 70 247 175 159 159 36 223 227 215 236 219 215
    242 252 15 233 134 247 81 202 96 175 231 53 252 121 176 160 156 2 91
    223 220 45 199 75 238 86 63 62 15 39 37 43 120 25 156 110 92 19 81
    94 121 241 141 88 236 30 42 90 86 232 141 97 144 118 253 132 93 242
    201 66 81 231 118 242 125 136 204 25 9 229 167 180 228 244 92 42 254
    29 161 109 109 240 122 49 96 197 233 166 15 47 17 175 229 110 107 58
    126 226 51 160 100 29 70 88 17 192 16 71 139 219 182 82 28 39 42 230
    198 250 222 90 10 49 156 45 92 75 165 72 47 32 120 154 159 140 38 55
    182 153 206 72 41 99 200 22 133 230 221 199 98 52 163 71 19 102 144
    127 94 45 66 159 113 152 246 133 67 50 212 46 207 238 30 172 29 138
    233 41 174 49 148 175 72 217 118 29 86 94 166 255 127 95 183 246 49
    80 65 13 1 208 16 25 176 255 134 197 12 248 129 113 206 4 128 28 62
    221 159 203 155 177 178 100 128 42 68 172 253 51 63 238 121 143 226
    73 209 157 36 238 126 195 138 12 243 204 245 57 225 130 210 53 63
    152 105 232 224 145 178 157 35 42 227 254 163 55 180 173 179 98 214
    10 114 172 9 175 5 49 161 126 89 143 56 218 159 134 87 95 108 146 56
    143 15 226 221 125 195 229 169 109 233 127 136 233 235 215 122 133 8
    95 151 101 91 220 17 38 44 152 210 41 80 176 209 74 140 49 158 15
    210 188 88 227 44 180 79 41 110 79 20 67 112 21 164 189 69 111 79
    228 53 241 2 149 189 102 213 134 109 217 19 188 119 195 110 162 237
    115 149 70 183 179 129 74 138 12 12 216 59 244 135 39 0 134 200 50
    90 186 252 167 82 234 84 137 234 73 3 241 42 165 120 21 76 142 162
    189 248 35 231 254 231 189 220 41 94 200 23 123 41 99 36 137 46 63
    57 4 223 118 250 238 163 98 186 126 157 178 71 29 150 161 102 102
    221 6 206 224 10 131 99 160 182 60 5 137 152 222 0 61 13 122 100 68
    246 189 122 99 8 211 29 172 7 224 53 81 163 247 93 146 18 2 77 54 90
    80 44 103 123 253 155 85 119 241 111 152 183 195 13 70 151 154 20 21
    253 28 174 97 222 38 183 116 100 58 138 98 201 71 197 253 142 215
    124 246 208 72 68 122 7 65 9 137 235 171 203 45 120 125 40 9 19 244
    10 81 204 95 95 232 118 79 144 119 200 170 189 57 144 107 157 213 21
    237 44 105 103 198 192 250 113 37 152 89 17 0 100 248 10 39 255 50
    41 197 100 230 241 92 185 102 88 127 232 232 213 2 153 252 1 98 88
    246 41 253 139 216 153 92 88 140 116 4 231 122 71 98 99 36 125 134
    138 73 160 225 119 197 19 24 160 224 54 81 186 195 187 195 203 216
    141 235 120 85 36 206 190 123 108 71 234 140 191 9 89 198 210 23 230
    36 75 130 56 121 232 33 213 114 22 205 20 118 149 108 228 223 76 64
    22 152 253 159 140 215 124 77 27 216 212 148 145 2 172 193 249 55
    184 191 120 17 237 116 107 5 118 133 174 51 108 73 185 175 115 127
    83 104 51 117 64 205 94 5 143 150 122 211 212 89 105 69 30 157 25
    188 249 251 115 62 2 134 167 59 226 212 107 68 244 197 0 237 196 126
    250 231 77 46 222 230 52 177 124 206 225 110 18 37 7 68 52 157 145
    102 5 4 63 163 0 141 181 247 142 249 235 51 167 223 224 50 113 198
    184 247 25 229 26 161 134 244 4 59 31 81 245 209 37 146 208 73 161
    167 94 37 193 35 185 144 174 251 202 40 252 78 107 35 101 71 79 153
    146 146 232 49 176 242 92 250 104 52 49 35 230 76 144 255 122 84 26
    168 164 140 139 177 194 11 54 6 219 161 145 165 166 232 50 204 44 92
    93 91 160 126 34 193 221 226 73 100 130 144 74 37 214 83 10 44 33
    128 166 204 21 173 225 12 24 218 94 125 34 157 113 140 115 55 37 129
    2 122 99 5 235 145 203 33 241 71 112 161 241 149 73 7 50 205 183 184
    35 113 231 65 216 191 135 134 126 141 142 118 57 18 192 38 63 53 139
    241 95 27 28 141 255 120 74 16 253 129 74 199 186 24 61 190 160 107
    250 21 215 94 65 232 202 226 115 14 181 207 41 194 226 243 131 68
    115 129 94 101 188 82 126 7 57 150 126 3 93 36 85 78 170 225 169 10
    32 111 179 161 203 237 50 24 76 168 181 109 58 75 89 171 115 131 61
    87 162 137 178 153 143 55 170 47 81 124 94 121 81 225 235 133 205
    181 249 211 36 12 96 176 252 201 220 178 122 15 201 222 248 245 78
    33 90 116 70 118 30 23 50 208 251 10 249 179 18 146 162 252 65 125
    202 205 202 18 84 24 174 247 209 141 26 111 101 88 126 234 217 190
    182 9 236 212 188 31 214 5 55 83 96 198 216 101 35 200 128 241 74
    146 205 199 229 226 0 232 141 10 227 215 73 62 160 77 120 16 169 221
    126 129 199 162 60 115 211 71 221 71 112 173 23 230 54 63 63 153 248
    66 84 47 199 188 211 190 178 173 36 193 195 253 116 162 162 173 252
    172 205 253 107 193 82 206 144 6 123 71 48 51 219 67 42 113 124 201
    108 208 194 201 107 89 44 230 22 142 75 145 114 3 132 11 232 99 112
    86 88 92 73 56 82 235 13 223 125 232 78 168 145 34 13 62 108 138 198
    29 242 66 9 222 237 232 173 71 74 179 216 10 43 204 119 64 170 44
    114 201 217 128 21 242 198 111 106 118 129 181 220 5 84 104 99 170
    178 210 149 43 103 142 93 147 222 83 86 237 168 63 87 234 223 217
    132 53 131 75 145 0 149 143 3 231 242 31 226 20 204 123 194 111 165
    244 236 190 120 113 216 144 221 169 2 66 220 164 163 13 88 113 76
    195 177 93 179 98 21 133 46 124 233 132 41 79 132 28 200 11 194 251
    23 10 2 162 118 155 198 213 144 203 4 87 207 248 165 168 34 246 6
    221 115 78 93 121 40 2 158 95 122 254 137 148 187 221 139 87 65 112
    69 203 161 177 3 184 195 204 146 17 204 140 89 115 66 244 48 122 163
    96 120 48 80 125 173 152 30 115 237 147 84 248 58 147 119 215 116
    154 176 4 242 20 30 174 91 166 96 11 156 241 88 147 112 54 85 199 83
    22 212 49 17 224 163 158 195 31 142 94 98 175 168 250 39 216 56 123
    233 0 122 184 41 184 242 203 224 234 173 145 202 110 133 133 150 255
    8 82 174 80 149 102 89 120 103 122 17 43 246 4 18 205 38 236 236 172
    15 39 202 20 144 169 97 201 65 75 252 240 190 140 60 59 165 13 61 87
    156 170 181 113 22 189 15 35 214 9 107 187 249 17 166 148 26 24 117
    97 206 174 112 197 234 14 52 61 153 31 217 160 234 252 179 121 105
    137 102 229 125 120 0 156 251 45 212 227 255 241 29 4 221 6 112 48 8
    195 104 3 69 59 116 147 187 84 191 38 95 188 63 18 223 10 74 229 240
    236 171 93 213 145 192 210 103 208 43 74 57 181 5 181 152 238 65 96
    239 115 202 232 240 168 230 207 145 45 37 71 133 200 92 160 3 230
    227 154 62 188 24 77 65 117 56 141 208 196 78 119 62 201 81 151 160
    175 248 147 223 110 190 190 75 31 175 248 254 239 93 132 139 211 35
    144 64 203 197 179 3 22 218 19 62 37 25 30 25 158 228 51 227 167 104
    173 92 170 50 170 19 142 168 242 23 31 63 173 228 122 117 7 150 4 57
    127 181 215 37 125 195 40 207 110 80 166 51 218 118 142 121 88 218
    66 121 169 171 148 8 125 217 94 64 22 252 228 215 203 45 68 148 3
    148 175 230 158 179 156 205 3 84 42 197 59 40 68 110 99 54 239 119
    70 189 170 230 176 229 100 226 125 141 194 194 207 170 157 157 97
    107 4 111 10 121 105 9 116 93 11 13 99 4 66 80 62 178 73 179 247 195
    228 187 209 245 92 254 254 144 84 143 87 237 138 2 32 84 156 14 89
    224 250 188 24 62 161 226 31 137 121 116 185 169 43 47 9 192 208 39
    196 245 95 112 119 123 162 1 211 160 89 253 119 176 52 140 132 120
    67 133 81 131 175 92 19 208 204 200 1 116 5 3 179 12 10 129 226 191
    72 120 134 148 203 122 143 225 1 88 19 188 145 171 195 78 113 21 14
    38 63 152 7 250 107 96 148 88 68 105 223 43 217 20 17 58 104 6 173
    99 237 100 35 90 155 228 100 4 105 122 230 241 23 55 113 112 201 55
    246 237 149 109 177 98 132 88 187 174 41 211 188 78 14 220 144 113
    10 110 142 120 39 158 180 252 208 22 184 224 140 223 64 10 208 217
    89 250 158 84 223 170 36 112 25 224 114 246 234 181 12 216 217 231
    106 190 107 200 190 223 194 235 240 55 63 116 75 40 201 37 167 154
    159 71 174 217 199 128 154 36 67 184 229 121 142 216 54 253 189 24
    10 107 161 226 4 58 39 102 64 77 184 43 225 15 226 96 229 255 188 63
    113 138 165 195 123 251 158 112 89 51 116 170 203 82 130 224 54 131
    91 216 62 217 80 75 194 175 59 141 17 220 19 19 66 246 4 150 9 27 43
    100 44 125 212 133 69 119 171 53 6 84 148 27 189 255 206 33 244 153
    61 129 76 70 198 66 69 208 245 178 108 110 224 102 181 133 150 73 19
    28 228 184 200 123 205 7 173 240 103 174 66 76 70 220 200 96 154 39
    53 196 71 166 36 133 32 7 121 209 220 31 120 62 82 111 72 167 204
    229 162 157 90 117 166 246 52 58 229 171 26 182 112 254 80 203 233
    45 182 17 46 180 94 238 245 178 223 231 164 128 99 218 135 145 216
    107 223 91 188 98 182 84 88 191 169 156 190 42 110 108 43 97 130 3
    38 255 101 137 15 214 104 109 4 254 205 139 167 30 92 236 97 243 30
    182 152 200 102 215 201 177 153 119 206 148 25 101 95 251 55 122 70
    95 208 178 79 73 186 73 215 140 119 43 201 93 138 38 135 248 73 152
    157 119 203 155 90 179 98 112 188 126 112 121 220 24 167 252 8 25 11
    49 67 129 21 19 147 218 223 246 163 241 243 122 181 117 124 114 194
    91 39 97 135 134 200 247 111 165 74 123 222 255 124 221 1 176 5 125
    92 50 80 52 222 2 124 12 111 155 80 105 118 57 174 29 196 10 49 99
    174 88 24 122 171 210 64 242 208 44 123 126 226 247 62 5 125 185 150
    249 139 226 119 204 197 106 135 179 196 30 86 70 223 162 150 45 236
    113 244 105 181 238 227 128 148 92 129 171 252 146 67 95 183 250 206
    204 6 157 116 98 73 173 92 44 194 88 18 79 107 65 205 33 69 73 83
    192 168 193 88 185 113 214 51 179 145 243 126 253 125 45 156 21 39
    222 69 125 99 104 49 114 188 16 36 163 206 126 225 254 63 243 189
    139 103 108 39 198 122 174 81 249 36 64 215 51 253 73 215 222 12 23
    142 117 86 71 130 174 34 205 213 130 2 148 69 223 8 18 82 124 50 124
    168 160 183 121 120 231 20 134 154 121 228 254 68 193 222 238 75 75
    89 224 99 226 178 98 148 46 116 128 77 201 174 40 107 255 47 205 241
    192 110 62 11 10 57 255 192 101 92 100 1 173 179 168 45 129 125 255
    214 71 134 137 58 104 113 66 28 163 94 207 173 131 24 55 73 18 139
    106 195 85 229 94 198 221 109 207 247 229 205 86 199 75 232 172 206
    223 134 88 132 65 47 233 104 47 131 183 95 150 44 51 235 34 58 249
    159 27 59 169 195 152 204 61 101 138 41 173 49 248 236 246 50 195 54
    125 60 170 96 122 92 232 203 167 164 153 34 46 154 129 215 128 56
    143 44 161 158 236 216 130 60 107 39 231 146 239 168 72 183 61 84
    112 235 211 166 181 39 148 58 216 38 118 84 7 20 153 5 168 220 89
    114 205 68 157 74 31 85 22 177 110 36 198 208 195 113 159 250 112
    127 169 36 200 206 127 202 42 179 186 28 193 49 72 222 42 143 106
    236 153 207 105 52 91 11 83 43 252 29 219 244 10 205 46 248 22 198 5
    222 6 9 233 231 114 61 94 13 68 169 98 103 140 131 2 198 184 116 173
    24 217 45 53 196 200 218 35 211 56 253 125 114 164 143 95 143 3 111
    170 54 65 146 91 208 44 126 36 184 139 62 24 197 225 36 232 209 152
    189 211 195 0 13 140 60 138 30 101 119 224 57 111 51 105 104 161 183
    112 43 102 51 73 215 107 103 246 87 70 163 183 165 151 238 214 208
    95 165 133 230 136 31 17 53 151 95 223 19 49 219 79 42 45 211 54 5
    31 125 233 32 76 71 49 108 95 132 29 148 195 111 163 55 107 11 57 89
    50 238 237 56 146 254 59 161 8 255 236 204 17 25 52 199 84 226 161
    87 116 30 177 218 135 146 56 61 248 169 42 240 62 130 203 48 126 220
    119 161 14 146 70 43 29 55 67 25 188 114 10 205 12 142 138 129 131
    20 33 0 241 194 20 62 122 228 161 229 189 150 231 57 102 171 135 225
    104 212 213 124 190 201 201 113 28 106 182 169 54 161 100 215 115
    234 34 245 194 114 51 255 33 7 216 248 218 17 202 243 219 228 192 48
    229 191 86 230 251 253 58 204 41 15 168 82 45 42 144 113 200 82 43
    121 21 91 12 10 142 166 95 99 182 224 213 117 113 109 104 77 83 88
    122 65 233 224 108 78 27 160 16 124 18 151 66 33 229 175 194 34 141
    44 60 231 67 122 252 253 10 60 221 109 58 176 157 69 97 214 30 172
    63 226 124 163 81 177 200 10 83 182 225 193 148 79 53 45 246 1 74 19
    80 12 7 87 179 227 109 186 82 126 202 140 244 66 185 9 53 0 180 104
    73 98 149 33 219 94 87 98 134 109 142 65 172 22 66 199 59 156 63 203
    158 71 165 229 206 216 32 88 242 27 131 238 169 81 241 170 54 157
    226 183 189 32 180 119 151 110 134 46 65 218 65 193 193 105 22 223
    241 105 172 27 176 73 88 36 165 209 23 77 158 134 218 203 243 133 60
    244 139 96 165 22 148 161 215 45 197 92 74 103 6 13 183 163 93 113
    211 151 162 66 190 79 236 173 75 154 113 30 159 5 56 104 107 76 3 68
    187 112 19 202 117 193 83 145 189 171 213 200 161 235 50 98 241 47
    124 62 52 183 236 26 54 11 124 74 66 78 148 13 200 48 135 92 96 72
    136 179 18 212 169 224 207 184 43 194 61 107 250 90 76 54 142 157
    174 161 122 123 89 98 235 49 14 162 222 221 15 34 56 101 51 190 52
    106 246 151 81 36 21 70 189 230 35 203 18 230 121 246 167 6 39 152
    194 245 52 99 126 26 101 89 106 161 103 140 69 96 62 79 227 153 204
    72 35 216 53 11 246 53 229 161 148 45 59 153 24 38 90 19 240 9 192
    210 243 82 44 132 233 110 250 235 128 26 47 148 94 146 107 107 68
    100 162 112 123 5 5 40 122 252 206 111 203 208 141 226 181 220 169
    39 227 24 57 193 211 33 46 207 39 19 46 101 204 209 181 12 2 198 141
    114 251 202 237 3 213 179 163 167 255 186 42 120 80 3 77 231 72 55
    129 150 117 225 112 20 39 127 86 217 159 118 248 22 194 186 118 7
    135 180 224 48 77 32 13 11 26 211 89 60 208 192 66 70 21 238 225 188
    55 124 50 243 118 194 180 150 116 90 34 225 180 209 2 73 54 211 209
    198 51 241 246 121 40 164 69 199 46 78 81 83 14 166 247 64 135 75 33
    13 56 39 187 0 161 177 253 90 159 175 238 88 236 164 154 95 127 244
    34 22 198 37 225 241 193 99 152 181 29 137 148 117 135 41 15 143 37
    214 228 229 192 200 149 143 53 179 170 206 245 38 64 19 36 206 69 70
    98 227 248 106 228 205 234 150 209 207 162 165 202 198 129 157 92
    158 70 147 11 124 96 193 50 250 66 155 173 117 50 181 175 211 156
    187 90 177 195 73 195 28 79 26 32 96 187 226 194 72 225 18 135 134
    139 143 129 97 1 134 59 103 180 70 242 93 111 152 53 135 204 216 117
    104 35 194 194 36 206 37 152 212 68 234 231 37 248 122 139 127 95
    195 202 147 129 18 137 199 97 161 146 226 164 2 128 254 123 172 23
    212 83 84 176 1 55 215 151 55 227 233 84 36 59 200 137 238 213 228
    144 43 124 217 226 75 10 154 186 128 67 111 232 18 145 230 108 102
    247 238 111 101 111 182 228 185 159 154 42 133 37 31 218 118 61 197
    205 1 55 7 148 186 143 86 219 152 47 72 41 85 206 83 82 42 21 4 231
    255 163 131 207 215 44 86 71 243 205 216 54 189 41 23 88 120 84 190
    248 230 244 13 177 226 123 16 86 2 153 220 212 113 7 189 138 71 102
    124 160 45 237 107 218 138 234 162 214 55 42 213 158 125 227 82 31
    176 14 255 244 197 176 84 112 121 214 185 105 70 7 232 107 36 144
    160 242 76 12 131 83 252 125 219 130 81 1 75 112 218 104 68 174 177
    221 194 173 190 135 228 212 93 148 173 209 188 220 124 186 232 101
    213 207 198 213 173 45 97 28 186 55 86 85 105 70 54 175 81 2 241 51
    132 96 38 239 206 39 173 1 131 156 194 74 241 238 253 155 217 146 32
    217 202 70 187 6 43 51 244 157 243 183 111 225 67 214 120 72 135 83
    173 12 158 121 146 34 166 230 237 8 185 169 221 13 171 217 122 72 3
    205 128 157 65 32 86 152 198 43 145 194 28 111 12 231 127 250 4 10
    12 39 95 222 61 120 124 193 167 134 2 56 126 84 229 208 168 87 244
    233 170 71 91 190 51 45 252 241 134 12 121 57 179 133 52 222 38 241
    137 132 229 3 121 133 200 40 29 81 1 56 143 188 26 232 39 207 118
    141 144 139 108 28 70 67 212 119 165 227 24 62 54 0 208 94 202 96
    182 189 246 223 52 206 166 136 46 166 60 208 121 181 119 144 51 50
    144 154 37 108 176 27 92 126 179 89 125 71 94 62 43 58 19 236 67 173
    78 221 7 194 125 130 26 77 70 25 106 52 128 212 233 102 223 143 163
    240 237 220 179 122 251 80 35 57 144 218 115 112 223 149 228 178 117
    43 208 185 56 174 52 122 103 34 102 249 10 120 37 243 86 64 49 41
    240 69 192 184 194 116 144 112 31 152 177 161 107 190 140 227 206
    229 67 114 47 84 224 178 96 136 176 107 182 15 184 182 84 173 123
    231 124 206 183 151 191 37 5 211 108 247 236 32 177 170 37 61 169
    212 247 141 226 74 206 171 193 143 77 100 81 163 184 232 81 173 145
    136 217 149 82 172 16 182 2 72 200 248 141 209 182 132 205 85 32 253
    88 152 150 154 113 251 233 249 221 175 23 46 124 226 170 71 224 40
    121 235 239 130 41 98 217 55 106 136 131 158 86 189 34 135 52 83 116
    56 72 121 143 141 226 63 248 210 100 239 74 112 129 192 177 243 213
    205 6 7 213 242 152 211 29 48 29 139 224 167 18 117 93 231 172 160
    37 16 164 157 74 57 145 7 229 210 231 214 28 91 78 209 150 45 149
    214 97 133 86 101 174 94 234 5 130 229 219 28 196 191 18 155 69 117
    28 209 217 102 8 168 169 174 244 52 80 236 162 7 8 81 202 40 74 251
    156 141 245 134 19 236 108 40 146 221 24 183 216 164 201 226 9 101
    85 89 104 236 138 244 132 76 18 139 248 42 237 35 31 191 197 120 26
    27 26 100 141 149 3 82 234 113 190 93 161 184 155 87 199 45 2 103
    217 74 183 62 54 117 101 92 253 141 101 61 37 141 188 14 190 103 151
    77 66 214 20 59 91 199 39 83 26 203 85 18 26 29 238 96 250 215 187
    73 14 202 96 58 135 137 221 70 107 204 171 73 88 134 208 139 63 243
    49 177 3 126 26 169 155 88 85 112 18 240 185 254 0 213 118 204 223
    132 6 83 103 44 202 68 120 112 237 228 17 176 1 244 157 39 85 217
    131 80 230 47 136 28 31 123 133 175 42 203 31 234 170 242 89 202 219
    253 57 251 14 217 141 162 239 70 139 34 104 220 81 208 107 78 134
    234 111 83 234 215 22 93 40 1 227 155 93 177 109 67 237 102 237 98
    41 162 201 217 1 171 155 123 2 83 166 231 222 108 244 51 163 150 234
    72 22 146 233 189 186 134 189 72 189 124 112 50 175 147 174 137 223
    231 232 244 1 130 40 64 187 187 152 15 10 199 204 69 224 118 142 165
    247 237 88 20 235 209 211 167 119 68 4 221 15 115 172 12 120 39 63
    222 126 37 141 29 174 102 137 222 73 90 141 197 58 247 50 41 242 239
    112 24 112 136 181 69 18 26 30 24 133 25 73 179 48 144 215 124 242
    102 217 230 123 88 235 85 88 202 137 44 80 51 155 101 73 116 200 72
    16 72 75 21 196 54 83 116 59 35 80 40 215 155 19 213 216 216 8 177
    170 193 251 193 96 182 60 244 93 43 162 162 189 242 212 193 56 241
    104 94 188 93 32 158 96 103 84 62 178 171 60 29 252 189 3 136 106
    227 251 191 186 45 196 19 214 68 74 206 149 99 90 27 151 137 192 167
    50 27 106 65 134 116 163 90 0 92 219 124 44 98 10 177 33 69 70 48
    113 91 71 182 90 76 197 222 45 12 36 171 118 43 55 15 125 160 245
    149 115 210 44 126 109 198 218 6 250 144 117 198 123 250 211 27 246
    97 221 156 50 52 14 68 5 174 40 7 150 87 28 240 56 156 213 59 231
    170 96 140 20 194 188 238 112 184 121 253 51 125 38 196 175 74 69
    185 123 114 221 175 226 9 218 137 68 219 126 189 56 56 41 209 33 170
    227 233 208 32 162 206 115 46 4 59 31 131 205 138 18 198 151 107 0
    40 142 154 219 59 91 67 21 3 123 98 81 77 123 198 133 229 37 78 58
    254 112 201 44 108 200 156 189 148 212 163 39 225 94 230 79 97 62
    128 173 78 231 123 254 40 101 187 255 149 118 15 17 223 28 30 36 255
    145 195 65 80 110 224 75 33 253 226 166 189 218 116 217 6 218 127 61
    6 226 167 34 180 59 20 242 182 40 200 122 148 131 25 115 251 173 93
    149 20 20 83 120 42 65 198 181 22 16 246 242 25 52 132 155 28 60 17
    41 68 193 157 198 4 182 117 91 11 169 146 131 28 137 127 117 217 214
    123 70 37 244 67 46 83 68 134 71 97 13 245 28 177 208 249 109 98 42
    26 215 5 203 44 78 233 120 20 255 11 148 180 166 72 7 94 102 42 87
    221 136 112 21 245 119 60 118 37 194 213 242 70 191 48 56 93 191 148
    217 170 147 48 108 206 123 212 220 232 88 201 60 185 182 123 180 108
    201 247 78 128 43 43 201 168 203 149 142 39 142 7 33 216 13 34 132
    201 145 222 28 195 33 171 75 202 125 185 117 252 140 250 66 229 205
    123 198 24 232 195 101 167 109 201 218 242 216 13 152 228 93 39 243
    78 231 103 71 195 138 126 96 228 42 214 7 206 83 162 236 85 90 11 60
    0 63 195 52 137 83 55 76 216 115 88 217 118 134 81 190 175 99 252 47
    202 171 7 67 35 54 250 186 155 173 82 140 105 105 211 10 235 143 239
    94 131 252 87 119 56 27 99 24 162 129 232 173 133 194 186 163 70 85
    228 253 122 221 228 162 202 228 208 133 202 25 79 158 181 159 137 80
    196 15 50 157 102 173 98 143 100 163 114 215 164 38 81 96 65 85 101
    88 53 238 82 244 203 218 30 234 159 226 178 128 86 51 201 228 182
    108 173 45 222 48 118 200 86 19 113 204 86 37 115 139 3 225 89 64
    147 6 126 20 189 27 11 206 177 85 139 87 59 147 241 163 122 57 201
    139 69 11 23 59 250 171 202 93 55 90 63 198 233 90 217 20 201 29 59
    182 27 119 254 20 72 154 104 79 245 148 211 89 126 143 42 162 11 139
    68 130 166 17 105 21 115 138 26 30 187 247 163 255 154 40 107 161 65
    72 175 228 177 188 80 20 133 63 113 201 184 40 107 55 134 85 142 163
    126 177 89 128 19 11 193 15 107 115 246 226 130 204 222 74 88 53 223
    53 90 125 155 21 247 69 240 54 181 59 46 165 59 178 182 147 109 119
    194 16 7 97 216 102 79 9 243 106 30 255 67 96 96 125 104 78 223 186
    138 176 55 45 153 220 158 36 51 238 3 139 245 253 84 29 19 229 160
    97 7 229 253 236 141 177 225 244 139 26 254 7 183 16 221 177 125 144
    226 220 73 46 247 145 9 55 183 60 126 58 51 10 209 136 129 229 97 82
    75 60 255 10 58 152 161 240 189 91 30 149 182 204 132 37 37 182 190
    19 245 92 96 85 152 4 39 229 187 115 127 190 2 96 247 59 66 41 3 75
    170 160 120 120 104 167 107 221 255 113 92 175 74 46 42 134 235 102
    207 75 79 251 213 168 40 15 128 2 255 40 110 189 32 228 85 33 92 232
    36 96 160 29 68 118 160 151 185 157 119 17 242 177 58 140 113 189
    153 120 126 174 14 201 239 86 2 254 197 211 126 131 194 157 165 26
    209 155 187 88 15 243 219 238 7 3 83 18 70 11 195 63 48 119 249 146
    118 244 122 73 83 62 231 114 192 214 208 239 60 27 225 105 142 245
    164 236 74 203 5 110 235 244 135 38 28 77 140 109 185 22 142 200 213
    120 24 2 228 101 149 98 204 96 97 149 148 207 9 80 79 170 239 241
    142 134 71 225 28 64 98 13 52 103 250 69 127 162 119 100 162 93 160
    121 14 20 196 32 198 170 205 16 24 78 147 39 125 187 39 11 25 42 50
    47 179 144 53 221 96 40 222 140 176 93 109 48 41 209 106 70 3 247 27
    111 69 185 163 29 219 133 196 84 203 221 19 133 194 137 180 112 208
    153 29 144 156 63 30 219 35 44 236 148 52 209 99 191 134 242 2 128
    130 97 121 92 70 162 147 248 215 228 107 230 25 167 171 67 93 197
    235 60 239 183 10 122 31 25 113 240 63 146 27 206 166 44 76 165 175
    174 245 126 201 56 130 29 168 99 160 175 9 82 195 69 79 140 224 212
    157 133 31 122 172 44 248 189 41 9 185 121 114 171 19 1 245 44 41
    189 234 210 84 185 1 117 229 89 240 4 45 182 248 140 231 148 7 34 64
    254 109 56 200 115 94 112 4 101 103 95 9 209 13 223 144 110 27 148
    210 158 144 242 92 169 94 124 226 90 13 48 79 114 227 208 1 218 32
    246 143 246 101 186 21 179 50 218 225 11 40 64 43 158 30 182 221 124
    40 199 217 24 220 242 115 108 188 176 175 15 27 201 164 149 146 97
    16 71 248 245 105 32 188 250 51 75 62 44 177 253 52 174 54 169 163
    93 79 246 12 144 131 231 0 36 166 237 125 46 234 68 150 242 86 176
    48 105 243 200 127 144 255 8 130 81 251 136 111 67 14 146 35 241 200
    221 181 239 88 44 237 239 200 76 133 41 246 130 199 185 220 169 61
    28 111 253 99 148 253 141 157 120 105 254 56 61 23 10 106 55 18 169
    18 43 3 3 71 39 41 5 114 206 48 147 160 75 205 226 50 142 95 107 123
    237 245 111 157 255 213 123 7 170 106 4 121 82 186 131 102 112 59
    187 177 243 160 69 221 232 165 28 66 185 112 241 19 148 17 169 91 29
    193 41 189 58 61 85 128 205 27 183 242 242 182 204 54 89 55 170 175
    73 119 24 188 81 72 101 140 131 108 65 161 106 199 230 189 191 22
    151 9 232 86 218 38 254 218 135 32 224 234 45 233 234 118 75 202 47
    91 163 235 222 238 96 29 95 199 75 95 86 180 237 59 4 79 153 81 138
    191 164 5 60 146 152 16 160 233 191 200 225 233 79 157 1 197 155 85
    35 115 16 161 171 33 204 55 148 66 67 172 56 103 231 181 225 127 200
    229 26 56 13 164 35 96 111 98 112 183 57 26 0 191 53 92 14 222 100
    125 122 252 172 118 55 206 3 84 56 74 131 59 102 11 21 238 55 208 10
    72 122 189 89 107 2 229 169 252 63 60 202 69 223 220 182 191 216 15
    29 219 147 196 83 172 3 239 241 188 213 80 186 81 128 175 45 50 199
    21 104 32 114 125 30 217 179 215 46 180 4 242 214 118 90 254 178 225
    215 100 190 68 43 94 53 68 210 197 190 100 243 134 198 22 14 0 112
    169 242 96 237 151 158 211 159 171 72 242 73 58 140 162 186 32 163
    49 115 30 28 10 53 192 79 91 102 191 74 23 35 202 149 19 49 156 56
    110 44 2 170 45 154 59 49 27 160 226 38 33 160 39 231 52 48 77 224
    85 157 155 185 202 84 89 87 105 35 250 54 5 40 2 165 83 110 26 46 97
    90 34 52 2 16 223 180 65 150 243 102 234 225 2 218 121 200 229 77
    162 101 176 72 57 130 153 76 55 3 223 229 182 18 197 149 9 19 162
    217 235 56 36 38 180 255 76 252 215 33 45 20 171 135 107 206 96 37
    80 196 127 221 96 164 215 3 16 42 104 213 107 175 255 123 31 251 25
    91 11 50 0 232 87 239 104 116 174 160 10 48 133 11 66 136 14 19 90
    185 172 224 118 215 13 114 152 1 198 254 50 126 91 153 202 42 189
    212 253 100 92 67 49 183 56 29 140 74 112 225 50 59 1 80 5 64 219
    117 204 111 34 75 138 214 17 214 60 182 123 7 99 155 168 234 191 13
    76 139 68 215 215 39 149 223 125 103 228 80 175 60 132 229 152 87 36
    224 15 35 68 124 26 224 67 54 211 149 55 45 10 164 168 190 180 81 85
    228 52 97 28 30 132 24 234 79 245 243 78 172 216 215 54 242 220 28
    220 176 229 78 199 44 127 170 39 193 195 240 40 11 70 17 0 40 94 43
    187 177 229 3 1 54 199 9 64 250 176 177 159 238 235 0 240 64 239 179
    245 34 106 9 248 112 113 10 81 120 71 93 143 129 97 102 209 177 142
    121 71 148 13 140 45 149 56 116 237 15 201 65 169 221 9 71 246 20
    125 27 65 25 107 47 67 26 154 142 200 109 165 182 88 58 107 106 41
    203 133 236 174 4 20 25 10 166 197 84 142 244 181 99 213 237 212 83
    150 158 102 222 23 60 139 7 211 184 0 13 164 145 190 180 169 7 188
    133 131 5 43 58 141 36 188 173 240 8 151 90 76 113 228 77 216 143 73
    60 140 189 48 191 62 188 30 209 1 227 167 42 222 206 96 55 103 34
    199 187 172 171 33 205 178 160 31 158 232 133 26 43 178 189 63 62
    225 156 115 93 83 77 235 43 211 65 36 128 12 254 98 204 187 106 83
    229 216 253 191 105 21 10 52 247 228 176 165 1 30 180 180 123 243
    142 177 27 79 62 250 204 250 217 42 192 2 95 67 175 34 148 54 242
    192 152 189 159 36 16 155 17 216 198 15 27 12 224 189 104 115 96 65
    98 201 29 185 168 99 142 126 153 141 244 251 133 249 175 245 6 122
    108 218 80 101 38 65 137 16 45 167 39 244 11 254 78 171 152 11 204
    86 194 44 251 12 155 238 7 236 63 205 80 54 224 129 234 205 123 108
    46 230 254 247 182 147 125 225 196 125 77 249 228 49 143 98 67 235
    191 82 82 57 138 160 91 92 253 148 53 116 175 74 136 94 80 70 246
    191 150 31 43 230 216 89 246 122 178 206 184 77 48 2 50 70 169 236
    250 105 47 109 251 102 218 195 97 14 1 6 18 37 101 228 55 235 137
    158 79 254 92 143 58 89 40 71 250 127 96 18 170 98 201 252 121 161
    173 202 169 200 34 250 43 149 22 23 103 22 182 242 5 77 131 71 155
    111 129 73 166 52 181 209 228 215 145 80 162 18 167 88 137 156 186
    230 208 229 129 193 244 82 224 184 254 89 137 126 3 213 243 247 13
    223 87 201 203 88 85 69 136 243 223 251 40 244 160 99 10 83 204 236
    18 180 42 196 10 145 92 211 60 121 100 45 103 242 136 99 194 223 116
    116 157 19 92 32 183 137 191 59 84 92 39 179 241 111 218 138 218 15
    220 151 111 234 5 166 153 222 119 146 197 179 105 180 128 152 41 144
    246 134 12 238 90 101 4 55 112 215 90 225 237 155 198 168 128 139
    233 55 58 36 60 120 131 239 217 68 135 12 248 69 146 222 133 200 243
    198 20 20 161 20 0 242 231 42 19 155 166 1 220 185 194 57 118 37 57
    110 237 9 197 39 65 177 190 52 8 202 142 139 92 199 210 86 113 63 77
    158 1 222 141 119 192 22 38 188 187 44 120 33 130 140 118 168 239
    119 106 17 205 170 183 137 34 103 144 25 69 52 112 174 8 242 93 2 12
    112 100 101 249 156 128 2 55 212 83 17 214 197 77 156 70 252 2 63
    255 247 120 26 119 203 124 29 232 181 131 221 73 5 46 55 47 225 156
    207 161 55 73 239 92 209 81 27 20 239 214 66 78 25 68 11 104 235 116
    209 177 44 31 31 197 82 44 136 180 82 102 202 205 126 83 184 156 120
    4 14 203 144 243 199 75 246 14 88 126 22 47 239 7 66 77 22 111 8 109
    255 240 158 118 213 49 228 217 202 169 161 208 158 195 250 246 39 3
    164 157 74 73 185 19 76 102 168 190 50 196 247 113 65 88 189 181 171
    211 9 113 21 211 142 166 6 224 253 116 78 172 138 82 207 205 177 66
    17 222 132 219 153 2 237 83 186 86 201 159 148 179 143 243 41 220
    109 66 41 249 180 230 158 118 238 72 86 45 202 49 44 25 81 224 167
    47 3 34 166 140 44 235 151 50 247 247 24 194 110 231 182 187 191 211
    238 80 75 205 63 95 37 109 210 224 223 246 229 56 53 102 88 202 213
    90 50 205 94 168 186 243 113 132 132 250 191 11 141 4 76 186 252 151
    210 110 8 41 172 0 64 38 7 223 224 48 121 228 216 174 8 170 0 86 170
    36 77 223 203 28 109 151 210 166 228 178 136 236 246 121 102 162 15
    228 19 50 201 49 37 235 13 88 187 186 220 184 151 229 61 6 162 247
    160 169 100 212 248 198 9 232 244 200 81 221 117 34 247 250 254 158
    99 9 55 253 63 8 83 254 15 179 123 16 103 52 100 10 79 203 130 229
    135 35 64 38 53 33 7 177 18 102 65 85 29 176 31 217 23 143 39 126 78
    241 22 139 53 38 190 186 74 167 31 26 242 152 58 211 105 177 82 22
    104 154 130 7 235 226 13 162 206 31 105 58 252 123 63 240 31 153 21
    203 227 244 168 232 22 143 25 94 175 97 92 247 37 141 179 80 130 144
    146 26 57 215 219 133 145 3 157 135 12 84 0 223 7 156 249 168 12 86
    15 39 108 166 175 229 118 203 172 160 234 156 51 90 238 204 23 101
    232 96 56 125 142 151 205 172 190 116 3 151 176 253 155 174 62 182
    243 165 31 114 147 77 240 161 114 203 58 47 100 236 15 179 188 142
    114 97 138 10 148 9 143 226 80 70 239 239 64 89 236 144 83 113 42
    239 239 94 113 153 23 120 225 162 33 104 180 248 32 149 98 177 189
    140 145 177 188 2 163 159 51 199 225 190 132 242 52 205 138 129 112
    197 191 135 113 144 6 11 101 187 143 127 193 119 161 145 204 35 208
    13 15 197 101 4 213 141 68 155 247 150 53 215 252 69 211 38 138 99 6
    98 52 138 90 161 244 247 213 18 31 181 194 124 92 2 139 216 60 47
    247 100 157 84 172 26 201 122 255 251 140 19 203 173 199 203 79 182
    236 173 108 145 204 128 95 211 118 54 195 15 169 157 178 159 128 135
    210 227 120 94 252 67 231 116 216 156 243 54 112 164 176 165 135 87
    87 245 36 198 39 79 156 5 243 9 117 173 207 44 169 233 161 33 21 196
    186 81 9 246 231 36 227 65 173 184 147 53 230 121 167 130 248 19 61
    226 137 71 214 29 65 246 34 54 30 186 134 81 71 37 30 91 197 157 31
    123 122 28 22 13 5 104 75 185 73 168 23 228 220 187 166 228 175 207
    124 161 81 237 251 20 141 125 37 186 134 174 16 87 26 12 161 81 224
    62 204 246 175 78 147 104 125 184 146 225 209 36 63 113 67 64 225 57
    163 161 244 132 114 228 77 179 173 234 94 73 154 236 232 152 26 234
    164 189 179 180 166 143 187 255 87 172 245 94 167 101 164 96 173 15
    234 129 20 180 126 104 212 174 125 67 87 110 5 9 206 107 189 36 196
    94 136 208 235 24 214 55 56 152 12 142 158 213 72 87 176 209 21 191
    130 108 229 85 130 246 54 113 227 108 195 154 255 80 100 192 105 106
    18 220 175 148 70 90 152 208 186 198 69 168 233 238 160 112 228 178
    49 201 135 243 114 103 164 174 253 247 162 55 31 9 226 250 20 255
    239 178 77 202 57 230 103 123 245 101 75 164 233 239 85 122 253 50
    203 100 198 95 140 159 33 30 253 71 87 110 96 175 186 252 167 217
    188 164 34 131 184 196 99 2 9 223 106 213 102 111 245 71 234 43 185
    194 76 202 148 251 105 228 146 131 6 246 222 211 143 207 234 90 194
    220 21 197 156 161 33 195 148 158 81 69 28 83 40 105 159 78 211 138
    84 169 194 234 39 45 97 5 74 141 129 146 161 155 32 77 185 30 38 114
    219 109 176 69 220 44 246 146 101 0 175 94 215 241 90 223 122 145
    205 12 215 68 231 212 223 37 251 5 174 121 202 131 155 210 149 250
    190 242 61 54 67 37 12 211 1 207 248 56 198 126 172 39 139 169 188
    123 10 78 157 82 239 81 198 107 156 120 92 233 247 216 39 23 135 91
    138 223 57 30 122 161 108 155 65 9 6 31 213 55 135 97 198 20 96 77
    212 133 22 121 10 60 38 230 127 21 96 29 206 250 127 127 226 208 43
    222 157 27 191 114 57 64 57 30 103 25 95 199 5 197 49 182 86 31 179
    114 245 206 244 118 98 193 29 7 150 16 107 195 70 62 105 117 192 155
    235 41 39 92 138 134 155 78 74 97 109 92 233 139 85 214 6 107 106
    244 190 113 221 169 217 135 104 64 225 206 189 59 9 78 63 220 150 50
    204 59 62 216 7 230 208 11 45 134 136 116 148 240 192 1 114 190 255
    179 172 222 100 62 201 136 237 140 135 61 37 251 194 157 33 171 130
    114 154 101 99 175 65 118 29 234 71 121 244 69 40 180 242 201 71 169
    212 24 40 49 19 106 126 141 174 129 77 28 104 218 52 23 183 215 144
    243 182 36 158 251 244 112 90 65 92 70 66 167 143 31 208 217 195 38
    184 236 172 121 99 187 43 71 209 64 135 44 254 87 204 187 57 183 178
    62 105 168 249 148 214 214 132 196 148 228 101 203 159 130 93 184
    105 169 136 79 251 117 121 16 83 194 67 27 205 110 50 143 123 255
    180 15 244 219 255 45 166 46 85 78 83 69 211 119 179 184 114 37 128
    198 39 36 166 169 33 201 142 78 213 146 253 100 178 225 72 200 171
    78 221 94 190 101 94 16 204 84 200 154 24 180 177 18 68 182 150 155
    22 50 60 41 182 253 2 30 102 209 1 60 29 244 64 129 166 94 68 144
    245 209 118 171 230 230 6 53 245 134 111 6 120 213 66 35 93 97 239 7
    133 62 21 18 127 189 110 46 192 146 101 95 74 194 254 75 245 57 206
    89 226 159 116 39 120 169 22 68 138 198 54 135 123 239 231 68 238
    118 15 253 7 111 252 244 49 175 234 64 96 255 138 205 86 134 195 223
    122 13 18 129 151 134 237 95 85 25 166 126 69 183 57 31 28 28 236
    246 235 145 67 29 11 115 88 198 189 115 7 8 85 104 230 133 98 39 13
    98 103 204 180 13 89 214 137 232 73 85 120 104 98 171 36 52 123 8 34
    186 7 85 113 223 223 21 135 247 106 53 74 43 86 59 172 40 30 47 209
    69 198 92 55 111 222 32 120 169 50 78 226 165 235 185 184 81 205 114
    206 170 49 243 39 170 3 189 76 15 95 96 213 86 159 161 209 182 172 2
    6 88 155 247 224 188 45 59 11 205 15 107 142 57 1 162 125 250 17 239
    157 108 110 164 181 145 200 218 20 96 45 239 239 245 1 189 28 54 239
    25 243 163 113 173 208 136 202 146 4 209 50 226 83 67 37 91 190 246
    67 205 19 200 55 110 233 211 70 76 75 182 239 167 40 160 72 17 31
    135 119 143 236 230 79 45 9 154 159 170 64 31 245 46 2 213 221 246
    215 46 17 247 216 255 21 10 161 88 138 12 117 136 20 207 83 180 134
    0 154 78 59 174 15 64 31 70 187 229 163 199 46 237 66 35 235 66 64
    242 15 15 106 146 242 159 146 227 201 212 29 242 236 110 153 240 93
    114 192 146 238 164 241 77 57 64 25 51 160 241 110 20 115 109 179 91
    198 72 115 99 101 240 75 137 74 193 57 28 148 186 90 54 42 118 125
    155 190 53 164 144 236 157 188 7 167 83 199 71 236 124 188 72 20 4
    91 95 83 128 150 147 123 228 101 80 65 213 185 124 15 21 176 125 41
    136 169 48 246 223 63 42 16 42 213 246 166 43 128 22 47 133 24 239
    94 29 217 54 58 116 211 76 94 225 170 197 6 6 118 158 21 10 25 224 1
    22 181 220 170 253 35 226 232 185 92 179 37 215 230 56 193 243 64
    246 200 223 121 232 51 251 80 247 182 41 75 21 18 179 174 105 217 10
    39 70 212 191 154 32 138 171 109 247 235 13 51 26 18 238 36 201 227
    52 88 67 103 110 208 108 5 69 125 15 138 125 85 74 19 118 222 154 39
    47 28 211 145 199 28 30 244 113 179 175 152 37 83 202 118 151 146 57
    196 49 137 74 188 1 171 78 39 34 229 9 185 142 10 123 135 138 186 68
    188 79 101 41 10 140 180 205 148 187 207 41 117 102 141 72 150 215
    123 59 251 95 122 219 36 132 89 230 105 250 73 215 66 36 241 59 169
    233 115 69 67 238 154 252 94 180 7 150 87 8 36 63 18 149 135 77 20
    83 154 210 141 133 66 5 114 100 43 48 61 193 177 214 0 26 101 245 0
    96 50 229 1 116 14 253 27 120 237 219 228 202 194 24 201 153 114 239
    235 146 108 84 255 236 21 1 172 244 32 50 32 149 73 139 199 137 7
    201 59 28 158 251 103 255 141 214 160 71 169 225 159 91 190 183 57
    195 40 92 32 93 239 42 174 82 155 130 135 8 127 61 31 89 34 231 134
    194 17 130 113 236 7 130 141 88 175 74 209 219 226 154 254 196 185
    160 158 10 36 63 232 70 65 176 165 9 75 145 99 16 47 148 227 151 110
    122 167 0 158 101 63 15 63 122 74 47 103 84 121 210 18 253 149 223
    192 127 65 64 19 231 6 32 123 188 157 111 191 139 96 5 13 196 13 100
    186 139 196 23 73 127 130 227 198 125 85 124 44 60 83 139 180 248
    234 136 181 116 194 82 204 21 11 4 231 156 81 191 110 51 162 113 101
    251 209 27 166 37 120 110 118 249 20 246 98 31 116 216 219 95 107
    244 70 134 14 163 148 218 188 196 132 55 114 128 126 225 49 120 129
    252 182 6 67 213 24 151 220 43 113 235 193 66 11 116 247 44 16 45
    252 234 85 205 209 117 241 94 99 128 139 83 40 185 135 18 151 135
    195 215 214 194 51 195 77 54 67 184 3 96 221 226 140 165 50 180 186
    60 114 217 209 251 117 124 59 43 73 192 112 158 201 18 167 254 43
    236 229 127 131 194 213 166 248 169 213 112 69 239 227 190 150 244
    212 193 152 163 237 38 71 119 234 169 204 247 129 151 244 199 224
    109 47 151 18 96 94 11 79 24 224 151 199 189 158 38 58 17 215 244 30
    114 201 78 130 7 207 13 176 57 98 175 112 75 217 149 72 215 75 157
    87 220 62 197 120 171 155 29 236 214 49 141 24 204 217 106 8 127 66
    105 247 128 78 62 204 9 204 53 84 192 97 71 204 250 8 128 245 14 195
    22 70 187 218 212 8 252 67 227 232 137 127 191 223 60 202 89 200 149
    4 116 74 88 100 65 1 60 199 54 144 33 165 43 250 145 252 135 205 40
    42 67 48 56 190 19 195 58 26 234 127 222 225 186 232 45 34 82 126
    152 103 46 149 33 172 198 254 199 96 28 173 251 72 145 76 132 69 137
    242 59 119 250 212 66 130 154 152 30 252 45 131 108 234 168 151 134
    243 9 15 147 133 155 192 236 109 125 0 104 233 66 238 155 247 241 95
    207 109 101 80 159 128 104 72 167 173 233 58 219 135 152 117 20 246
    132 100 108 58 80 185 55 190 199 165 46 78 153 131 92 100 77 219 248
    152 22 209 204 39 187 161 156 27 169 231 70 194 129 250 184 215 17
    119 61 80 82 214 209 125 184 126 17 140 32 138 250 37 129 102 231
    228 50 1 65 196 193 58 71 103 159 127 79 192 157 12 189 21 187 214
    98 226 117 58 0 38 127 85 240 40 90 21 142 193 82 153 167 26 188 68
    182 193 110 89 208 49 174 145 163 210 250 38 218 21 163 208 96 203
    68 238 196 183 71 192 201 157 39 63 234 250 124 16 46 79 190 166 1
    10 93 56 22 109 113 62 65 219 175 172 73 11 53 234 86 202 219 207
    244 137 28 28 13 35 19 63 13 1 195 48 147 57 99 104 157 20 154 53
    182 125 218 61 188 212 234 92 211 253 175 39 17 3 16 213 56 3 123
    227 134 12 113 78 162 205 211 137 161 158 186 33 241 196 232 3 16 8
    69 59 53 247 138 130 204 179 139 62 39 220 199 213 71 129 49 214 239
    13 181 234 159 246 251 244 17 162 241 158 93 167 220 238 151 240 91
    139 190 177 107 100 9 254 214 230 228 152 59 198 55 147 105 42 159
    214 209 190 55 166 115 156 134 74 95 190 62 129 59 8 184 121 43 236
    56 152 8 70 43 50 0 170 90 65 231 251 238 163 78 47 249 215 79 30 49
    160 202 155 131 15 81 115 112 34 122 42 247 188 121 77 128 188 206
    12 254 250 153 33 93 122 1 189 172 59 217 73 190 19 44 235 66 250
    185 110 136 58 86 169 91 118 216 136 253 70 212 250 192 49 181 248
    140 241 204 250 121 176 11 16 49 83 175 190 245 126 163 64 20 196
    175 15 4 201 75 117 110 142 228 74 15 144 210 94 201 98 64 102 233
    12 34 72 52 77 209 68 211 248 198 70 42 30 168 156 9 179 51 131 141
    32 98 125 110 94 89 242 124 85 170 77 19 224 60 252 133 87 5 61 213
    71 98 201 7 118 53 32 245 99 189 133 135 106 148 135 116 244 231 49
    181 193 157 178 70 160 2 48 80 98 132 210 156 53 111 75 91 203 155
    17 11 140 69 108 149 2 168 79 125 231 56 121 140 221 191 26 160 239
    44 217 112 186 188 238 150 230 161 131 71 245 234 182 236 120 38 166
    107 229 184 113 18 192 100 176 115 189 235 252 152 38 211 189 84 73
    215 198 18 231 131 41 166 199 194 237 243 212 177 52 145 158 139 18
    28 151 142 104 61 148 225 155 79 103 138 75 131 182 245 4 124 146
    171 82 10 240 172 197 128 236 53 172 146 55 193 135 181 130 246 201
    249 228 92 62 38 13 77 177 74 164 235 1 47 148 225 253 185 183 139
    40 131 28 58 2 44 42 218 162 128 130 209 189 139 68 18 43 217 100
    127 253 9 56 37 94 120 217 40 138 142 68 133 81 185 95 163 173 249
    145 250 11 215 65 229 42 28 108 241 220 227 195 185 226 124 5 32 165
    10 68 191 42 120 110 94 177 53 152 100 11 242 214 212 209 17 65 10
    226 114 66 57 18 118 149 46 128 31 116 84 47 14 100 34 154 34 219 96
    175 89 48 92 193 114 143 68 252 200 223 181 214 62 247 125 127 9 253
    255 105 49 246 178 155 12 205 11 191 62 146 177 179 224 108 2 119
    164 100 147 15 133 43 113 179 253 198 21 99 80 173 18 9 151 86 134
    26 231 29 177 156 58 53 13 219 112 227 81 139 239 58 34 105 184 141
    11 232 96 226 124 14 168 157 16 115 52 178 2 134 93 168 101 241 198
    85 235 198 62 44 45 157 99 240 6 80 167 90 3 120 17 169 227 96 189
    36 214 90 173 15 10 221 48 117 29 82 13 158 160 198 13 18 57 172 253
    130 5 150 11 227 35 249 184 155 99 181 90 177 252 30 15 36 128 115
    146 173 176 150 218 249 244 204 112 136 247 252 255 181 190 117 235
    39 228 32 250 87 92 113 79 73 12 26 229 240 50 197 16 82 195 160 209
    145 135 65 237 138 3 243 59 163 187 228 198 203 160 190 136 240 157
    116 10 246 130 76 100 91 207 79 22 14 63 246 76 178 183 21 102 105
    158 82 82 229 27 82 65 150 17 46 83 92 105 219 243 37 235 157 190
    217 109 174 38 226 99 138 240 34 219 40 148 52 85 246 92 177 179 10
    204 10 31 157 38 10 248 118 94 17 84 121 146 198 127 9 40 179 93 140
    12 154 255 151 99 47 160 217 206 98 87 151 145 150 90 104 112 21 53
    52 231 190 30 189 13 36 128 60 45 12 138 25 160 254 215 51 230 224
    11 80 221 207 79 19 101 233 130 43 109 70 244 173 104 127 203 89 179
    232 127 247 60 175 28 37 0 62 168 186 45 102 137 192 111 152 245 25
    159 168 144 195 93 108 41 53 62 194 13 153 41 219 118 93 95 164 231
    216 110 113 160 227 115 20 138 60 237 15 86 16 121 7 141 169 167 128
    4 72 16 54 113 163 58 126 26 62 187 128 157 138 34 99 45 101 108 236
    228 92 145 5 16 89 249 15 139 221 132 125 64 235 143 133 96 187 16
    62 189 239 65 131 8 8 252 243 144 200 51 56 210 22 158 0 253 46 46
    109 34 250 213 200 115 177 84 128 42 108 252 153 9 74 120 108 212 8
    222 70 146 183 113 151 80 70 21 198 136 88 145 87 76 181 119 234 97
    245 103 6 151 30 49 178 172 226 30 202 96 19 253 235 34 217 0 159
    173 58 54 206 212 98 146 169 63 112 19 182 212 139 27 237 62 92 226
    99 100 249 178 25 158 110 231 215 193 42 159 80 46 247 156 2 148 153
    56 128 224 240 142 19 16 157 50 206 183 163 158 218 135 64 127 61
    126 138 37 26 139 163 170 234 242 251 120 40 170 214 69 178 37 90
    211 163 142 160 24 214 68 127 220 148 21 35 45 23 247 244 217 230
    181 141 129 245 83 214 67 200 98 195 7 35 161 213 45 38 8 205 254
    227 80 245 59 203 168 207 252 219 151 124 154 251 99 164 179 88 236
    169 239 63 255 228 42 245 73 144 252 202 24 32 95 193 102 119 223 65
    76 36 133 235 29 154 209 126 45 136 79 236 179 44 210 146 232 134
    179 80 228 242 166 21 0 143 209 92 195 173 123 240 160 48 6 62 14 34
    159 177 44 25 250 167 150 35 147 197 199 69 80 83 229 36 175 255 135
    100 65 245 8 29 152 91 173 77 247 57 193 249 23 245 18 82 58 127 95
    20 30 22 203 136 206 5 160 118 95 128 215 6 156 37 121 173 34 66 77
    8 176 11 46 18 43 107 174 236 93 236 119 203 240 196 125 123 149 15
    113 50 85 165 220 86 193 88 99 241 155 92 238 252 222 145 88 235 229
    22 198 92 26 135 42 153 214 51 69 55 246 231 240 145 61 235 63 120
    215 74 0 244 137 195 120 204 82 81 169 115 116 129 133 56 186 148
    251 129 101 17 237 94 57 164 227 0 37 159 122 15 231 69 77 9 92 175
    232 73 237 150 144 47 254 66 2 202 29 189 127 138 55 136 43 90 163
    110 55 175 236 218 128 193 211 230 174 141 229 90 170 29 106 160 141
    201 152 162 107 235 42 61 240 216 184 49 170 2 126 139 134 58 1 182
    202 183 236 83 77 141 134 109 199 101 59 255 36 102 220 46 93 166
    120 10 244 147 96 71 112 156 48 246 21 168 44 175 147 188 165 192 85
    217 113 24 82 158 57 138 56 61 92 44 55 23 25 62 81 132 130 74 218
    44 107 166 164 241 110 116 157 228 132 108 146 243 36 109 220 149
    204 87 223 192 236 246 51 180 218 7 161 65 58 146 184 163 228 99 172
    49 83 106 60 175 167 141 18 248 47 8 136 43 154 228 154 202 67 11
    145 108 147 145 250 198 89 237 137 80 37 178 7 222 122 211 101 163
    34 223 22 213 120 247 255 162 234 253 221 79 238 188 131 194 206 63
    58 231 190 240 68 143 6 144 198 112 217 52 220 253 126 67 205 185
    133 139 76 69 250 188 217 48 147 95 79 17 76 156 155 123 201 172 2
    41 97 213 64 88 179 151 176 39 205 206 49 234 199 65 219 11 249 195
    19 28 255 73 85 59 137 154 237 165 250 84 75 87 35 67 59 69 0 192
    138 97 104 13 206 250 241 78 106 230 35 255 50 245 37 138 181 221 5
    210 100 162 121 230 97 179 210 172 52 107 247 55 133 52 130 71 151 7
    102 32 124 136 108 36 215 37 244 58 107 200 102 115 186 82 5 117 92
    78 225 156 81 197 56 28 55 36 150 173 48 171 197 36 16 174 16 42 86
    149 143 145 92 170 80 111 233 94 211 36 14 133 62 173 193 126 13 100
    216 12 10 242 66 225 137 33 34 253 114 235 116 233 69 6 36 172 224
    255 50 237 73 36 255 155 12 201 250 78 195 73 197 194 167 203 206 66
    226 226 205 55 219 34 47 211 154 82 84 108 21 188 236 39 129 250 50
    38 243 228 83 249 125 194 168 19 200 241 87 238 92 36 56 165 171 53
    5 36 164 133 65 233 157 155 135 89 246 5 78 54 95 231 181 105 178
    206 158 166 193 77 115 160 81 198 164 151 240 127 167 134 182 251 33
    152 93 210 8 218 178 197 27 94 68 23 198 84 107 105 186 223 67 99
    150 191 43 197 179 210 248 116 163 167 115 204 248 151 227 80 165
    129 243 152 248 97 177 50 97 128 42 132 246 234 85 90 145 53 236 99
    96 196 57 62 110 93 184 121 211 142 190 215 54 235 162 34 213 23 211
    94 173 180 119 173 122 239 18 124 93 115 150 242 73 137 177 156 124
    104 59 51 39 210 48 104 47 135 116 164 190 140 110 174 174 148 250
    226 212 97 65 149 203 193 169 108 137 94 68 206 231 7 81 228 58 242
    22 195 49 236 62 40 178 181 9 61 210 218 121 113 57 71 64 19 25 248
    30 201 61 101 249 45 40 88 239 2 205 229 221 74 114 216 212 228 164
    10 172 60 255 176 24 67 21 55 0 253 81 206 138 30 117 60 123 18 107
    163 154 183 57 185 125 234 159 139 156 70 78 204 160 147 38 72 245
    14 23 215 253 144 241 157 66 25 88 45 151 162 156 151 151 81 32 246
    155 220 254 11 69 207 21 104 197 165 158 101 31 143 183 90 40 110
    176 42 123 14 78 25 116 158 80 14 143 238 130 51 119 67 113 240 230
    63 192 69 60 179 251 132 139 183 140 7 116 175 163 10 228 230 28 76
    70 101 216 226 247 222 166 145 197 7 129 59 28 53 196 135 101 162
    203 153 52 24 68 20 247 103 244 9 178 144 48 217 170 184 79 89 202
    199 249 69 245 67 86 133 168 179 204 230 53 146 29 165 199 168 140
    21 146 20 218 45 41 221 76 181 239 28 21 32 164 232 163 193 11 232
    214 50 13 13 157 150 219 80 174 157 29 73 6 50 93 251 143 17 93 66
    58 130 94 99 219 27 174 234 105 240 211 226 185 197 169 151 9 191
    148 80 90 246 248 249 92 122 72 41 57 111 49 211 146 210 0 29 82 222
    48 130 158 95 48 62 240 105 255 56 248 53 80 206 56 143 78 211 6 10
    77 233 15 35 69 252 131 145 47 162 177 200 255 102 85 135 111 105
    137 115 125 73 177 164 137 239 36 156 227 220 126 172 106 219 167
    167 20 44 196 204 130 148 53 184 70 209 20 45 14 195 153 210 216 92
    153 108 182 66 70 114 207 114 164 198 54 229 147 146 166 84 85 100
    163 17 15 30 48 59 209 160 76 234 5 96 3 14 125 238 178 54 40 101
    145 43 203 77 175 199 143 46 35 143 87 99 53 241 137 12 183 86 11
    234 157 228 43 183 4 176 105 227 132 85 110 119 169 20 100 29 206
    158 77 27 16 25 164 214 33 31 132 157 253 23 118 176 126 197 229 39
    126 137 121 191 57 145 157 135 104 221 4 234 253 22 234 197 26 101
    58 229 118 200 178 90 155 202 212 49 87 130 194 152 81 55 188 187
    101 189 207 199 123 70 67 78 181 10 234 84 47 247 183 25 168 149 175
    212 62 102 4 227 228 186 54 153 221 241 169 224 109 222 33 177 77 26
    6 51 89 121 32 23 51 180 147 188 124 242 110 83 183 52 125 173 163
    247 55 196 93 245 76 208 55 90 14 30 95 236 249 254 68 81 178 236
    201 183 97 11 9 67 226 19 217 148 3 137 202 216 98 169 249 250 69
    102 153 203 82 174 229 60 204 137 255 78 237 218 134 172 50 81 220
    168 248 221 156 222 228 209 190 223 170 116 154 231 126 142 244 5
    142 68 65 208 19 251 199 212 200 242 135 161 147 62 193 47 227 252
    143 3 133 177 151 36 254 188 194 162 97 159 175 96 196 176 50 128
    174 198 84 90 28 230 71 65 96 79 72 115 158 10 115 63 118 28 70 20
    193 230 79 118 53 151 131 90 12 26 99 109 90 140 171 249 116 96 51
    60 78 162 246 70 108 46 249 225 153 19 20 130 177 71 37 190 42 232
    224 114 212 129 74 1 252 96 176 159 115 189 169 113 161 71 12 183
    144 163 5 237 218 75 106 226 13 107 250 179 190 62 240 170 98 21 239
    196 221 203 124 255 95 205 17 64 194 234 62 237 179 77 29 141 174
    243 77 69 224 34 241 234 207 169 60 70 27 117 206 105 169 44 27 55
    202 77 134 197 41 32 122 177 109 32 215 138 33 172 222 220 91 68 5
    152 141 67 55 202 214 232 101 16 162 117 199 109 80 7 13 95 163 161
    122 119 110 129 149 34 73 250 210 8 105 103 136 96 230 54 183 184 19
    34 153 193 121 231 244 69 82 30 152 91 199 119 175 145 4 174 247 38
    188 102 58 142 243 77 16 178 105 207 128 99 132 151 192 34 72 99 23
    96 111 230 185 28 114 96 223 157 140 14 239 212 242 49 130 145 193
    216 112 145 66 66 212 46 153 113 49 181 132 211 236 140 120 18 61
    180 101 114 183 252 152 81 10 126 172 65 109 51 17 73 55 134 17 1
    120 68 250 103 111 82 210 242 122 86 61 8 83 110 84 110 77 222 96
    140 88 146 176 169 240 88 70 181 63 91 193 80 16 246 32 26 217 27
    177 32 18 104 109 240 233 177 166 223 219 146 204 156 116 74 142 97
    206 197 242 32 239 99 70 200 115 172 41 75 27 253 211 167 115 79 177
    67 201 126 178 206 164 54 28 71 31 167 7 203 153 116 131 81 78 104
    194 179 227 196 43 190 76 81 7 101 12 14 215 32 29 75 193 233 94 157
    148 149 112 161 120 253 68 160 193 88 204 45 18 159 55 59 177 121
    135 148 156 191 85 213 200 212 222 85 18 140 21 115 229 143 181 15
    119 140 177 132 206 72 198 192 38 93 69 49 100 39 5 55 71 155 210
    229 124 35 26 160 2 69 31 23 212 110 167 133 198 84 254 180 2 45 13
    155 208 186 236 217 244 227 8 31 19 142 223 242 196 49 114 109 68
    114 117 122 80 124 164 156 25 228 239 72 124 181 161 144 17 127 190
    63 58 1 4 114 231 205 183 187 78 124 55 76 95 143 119 76 70 246 102
    211 161 114 163 200 253 211 85 6 199 35 40 118 182 17 133 191 91 55
    106 15 142 175 171 46 71 124 125 10 38 48 177 122 209 188 16 4 225
    58 21 8 102 136 233 255 95 87 207 183 82 192 109 221 251 152 21 142
    202 48 127 139 96 32 84 222 72 37 180 182 228 216 196 145 10 102 216
    194 87 164 186 165 226 241 50 29 21 177 219 238 250 158 139 82 201
    219 20 111 40 3 82 134 150 77 252 232 16 191 6 150 3 194 4 223 233
    107 111 197 128 38 176 235 87 212 185 140 58 241 85 202 37 184 97 57
    144 219 87 245 67 35 108 79 219 37 67 111 14 152 44 22 202 243 225
    131 191 84 81 76 66 184 215 209 55 104 238 48 235 70 163 212 189 184
    21 190 135 33 0 48 32 160 133 173 85 164 144 10 117 180 98 202 115 8
    174 222 229 136 159 64 28 163 118 152 249 191 68 88 235 120 12 19 57
    15 173 80 206 111 37 29 152 168 160 255 188 217 36 247 25 36 203 148
    151 248 180 104 109 189 166 24 32 203 32 13 84 241 156 70 53 238 219
    67 204 82 58 239 27 252 77 40 43 6 43 214 177 101 187 227 216 142
    255 24 176 83 187 225 209 23 60 115 170 30 227 236 21 176 79 193 16
    173 22 241 154 2 53 2 134 81 195 83 168 231 69 176 2 249 226 254 228
    221 150 157 153 212 250 241 7 165 123 150 146 15 6 1 57 28 29 57 51
    69 18 168 151 196 104 72 116 99 66 164 198 42 209 54 247 57 185 253
    196 252 151 75 141 238 245 196 6 205 220 98 13 88 98 67 182 216 245
    76 174 205 138 250 2 139 105 239 106 180 83 67 103 144 73 254 114 59
    90 244 210 162 39 120 136 124 37 116 73 155 155 226 166 94 185 102
    225 190 112 169 215 122 52 141 156 30 198 246 163 83 229 114 63 85
    183 152 95 77 12 79 126 45 223 126 124 254 248 209 235 130 175 185
    56 50 238 203 11 159 145 100 152 182 167 207 193 226 23 137 9 98 124
    38 240 100 237 247 216 199 176 249 142 179 195 124 64 2 40 64 224 80
    43 1 153 109 78 241 111 179 59 243 41 169 9 49 57 134 192 235 115
    201 1 25 27 57 227 138 83 152 218 153 54 143 141 246 253 85 101 131
    215 97 143 130 121 171 195 103 78 184 86 162 117 156 122 48 67 144
    130 197 29 84 99 204 109 227 18 240 66 222 181 4 109 242 25 15 39
    249 39 229 153 176 39 144 213 135 182 134 240 209 221 42 0 50 140 33
    141 116 97 254 108 51 28 7 134 43 62 109 190 153 33 220 37 194 117
    231 208 242 63 9 187 79 9 57 217 171 47 164 18 198 7 147 110 136 139
    141 249 205 219 46 254 142 198 70 174 89 0 251 144 171 37 215 177
    224 167 164 159 253 163 238 229 203 72 207 82 122 118 44 214 85 30
    225 55 229 40 33 220 89 19 167 138 106 205 95 215 164 51 184 57 77
    147 96 227 178 68 168 74 98 96 111 49 172 40 35 241 159 61 94 214
    141 169 121 237 84 134 229 116 89 100 222 168 81 162 192 244 111 235
    251 27 173 86 139 233 168 67 172 9 44 108 181 71 102 132 32 62 42 32
    28 171 240 97 30 102 167 64 13 253 98 211 164 22 159 166 176 138 80
    71 108 218 170 49 252 250 223 168 179 17 253 74 150 181 138 50 76
    212 69 230 145 146 138 15 153 118 19 155 20 228 88 12 117 229 249
    242 44 97 67 253 128 15 168 104 179 22 167 218 219 212 215 139 65 3
    172 75 246 249 148 198 94 69 103 123 79 141 143 164 113 171 92 183
    76 53 78 72 204 165 45 129 210 8 56 102 7 195 139 194 39 235 185 207
    29 213 115 102 14 21 131 31 37 209 14 14 75 68 31 182 159 129 184
    184 133 239 17 48 163 68 47 77 106 254 29 70 32 213 125 237 56 30 52
    167 127 138 205 69 192 105 251 245 65 200 167 31 5 108 134 77 187
    135 243 142 5 9 51 157 235 153 85 123 75 65 35 13 210 4 175 86 55
    206 30 190 108 86 139 178 31 15 206 120 76 197 169 213 16 161 199
    162 50 217 54 129 22 132 74 195 193 203 180 192 99 35 187 75 77 135
    58 172 164 26 255 137 131 206 163 32 24 7 81 223 239 83 119 45 139
    126 125 244 178 141 34 13 3 123 9 28 249 176 106 253 18 85 18 9 113
    99 201 198 217 150 237 158 70 32 201 46 211 216 173 246 26 126 239
    206 71 121 186 218 238 112 83 17 76 65 155 32 156 16 210 18 44 116
    163 78 201 182 99 145 10 176 77 61 64 87 143 255 223 152 137 30 97
    89 49 6 144 220 249 103 192 164 127 125 226 123 198 51 101 247 249
    173 213 210 127 98 206 214 166 42 219 69 204 251 52 155 63 87 99 104
    121 135 161 149 20 43 180 67 169 242 183 220 221 34 69 115 94 173
    154 191 14 164 255 118 176 27 173 43 193 66 45 106 220 193 110 54
    122 201 101 49 226 210 178 68 43 121 14 220 142 155 159 237 159 127
    186 174 29 238 49 73 67 115 155 133 229 231 28 226 140 74 185 109
    181 10 201 196 86 21 240 211 86 147 158 110 27 18 219 4 156 40 121
    240 108 87 137 98 104 24 241 2 173 158 0 123 223 99 208 178 42 50
    235 165 218 90 82 37 47 200 228 122 142 4 28 54 82 39 249 24 114 201
    150 165 133 129 16 227 131 145 9 153 127 142 18 65 125 215 124 101
    171 216 18 157 107 169 5 201 123 37 99 252 23 74 146 87 64 84 197
    118 40 113 245 3 177 117 93 30 120 204 143 198 114 115 170 12 189 16
    232 2 18 1 85 30 39 137 251 196 54 76 224 157 21 79 138 184 237 150
    63 25 77 58 32 3 159 241 205 14 234 236 69 219 125 235 74 167 110
    146 99 98 150 66 208 148 72 110 53 108 36 192 194 87 65 251 179 79
    142 88 75 217 19 119 108 72 35 203 172 78 111 122 38 17 22 149 117
    130 146 218 74 162 137 53 227 1 77 197 171 114 132 15 202 15 237 114
    147 226 31 204 214 206 124 231 171 68 120 75 83 9 208 227 143 168 87
    86 243 211 182 37 195 140 162 17 135 92 88 61 118 168 142 47 185 0
    63 7 238 139 98 57 78 85 143 96 14 44 110 249 208 229 107 30 106 231
    38 234 24 23 153 241 71 217 224 117 74 18 144 185 81 87 56 153 32 64
    216 110 251 101 179 81 7 253 179 61 211 156 212 95 135 93 182 50 152
    142 113 170 10 147 41 27 106 210 58 168 83 54 24 228 163 219 131 175
    50 140 99 171 20 2 156 203 102 176 4 210 41 226 241 2 229 59 168 211
    180 243 241 235 86 131 61 239 69 51 40 169 159 131 95 133 55 117 203
    53 195 102 37 106 13 216 90 2 84 251 58 99 217 227 115 235 218 134
    68 174 218 35 204 146 112 61 122 89 35 210 114 241 149 81 33 203 14
    211 167 39 94 59 153 184 198 17 136 74 95 106 236 106 64 42 6 24 24
    231 3 32 174 58 185 248 3 74 203 120 197 19 126 101 40 205 47 227 1
    192 119 251 112 114 123 54 35 14 126 123 176 42 214 41 94 108 240
    237 234 106 0 41 87 126 174 169 240 34 216 162 90 59 143 175 141 211
    155 168 44 4 215 42 61 226 87 29 234 84 122 16 74 54 168 165 161 83
    193 161 93 128 39 66 206 80 237 39 183 119 93 8 71 59 179 93 252 99
    130 95 160 48 163 61 38 189 43 216 152 111 250 243 145 9 248 232 202
    119 169 196 84 196 145 68 30 5 255 123 196 253 208 11 88 118 198 19
    71 10 162 240 232 3 244 114 253 109 123 122 49 253 22 29 58 189 164
    68 117 75 24 65 251 199 124 28 17 136 26 252 31 211 118 43 22 92 98
    151 113 250 3 23 101 64 157 28 114 32 56 181 154 198 138 80 94 142
    218 143 97 75 212 138 37 205 207 149 108 91 46 17 13 189 4 74 33 147
    39 232 59 109 87 212 99 231 76 5 90 152 194 153 166 145 206 245 114
    120 89 185 123 196 125 217 54 207 230 87 139 170 87 210 249 198 210
    19 228 18 110 68 52 2 240 214 228 197 97 99 66 161 226 20 204 37 212
    116 10 22 92 156 105 44 223 69 155 67 91 70 8 21 156 25 124 191 108
    141 137 250 165 236 83 34 58 87 89 211 115 163 200 150 190 188 75
    233 121 141 236 123 119 116 245 60 220 105 21 183 104 23 7 215 182
    53 118 88 184 151 177 131 137 128 172 190 251 166 221 1 139 233 230
    194 118 16 90 12 21 59 236 105 182 188 56 108 117 212 178 82 55 78
    226 108 248 10 209 156 70 135 6 84 121 177 220 128 227 218 130 151
    245 9 149 200 111 106 227 214 66 33 222 210 201 86 41 19 81 133 31
    156 211 82 77 163 140 6 95 169 233 188 13 56 91 122 44 90 161 40 206
    51 167 67 212 14 169 196 201 74 29 87 231 30 60 153 98 124 159 243
    215 240 10 82 101 96 184 232 177 188 228 68 180 14 35 239 197 212 40
    39 21 171 64 110 36 14 212 232 181 107 134 223 7 72 57 114 44 22 146
    247 200 167 223 173 5 184 233 66 11 215 33 201 26 163 19 198 122 2
    72 107 60 88 223 149 248 248 164 120 28 27 23 153 142 147 68 43 185
    247 35 170 201 93 176 230 129 93 156 168 139 131 183 232 185 30 192
    185 218 36 149 54 108 218 217 196 189 75 124 133 191 213 139 194 16
    173 145 208 94 149 53 79 222 243 61 109 52 230 43 154 201 42 120 112
    79 26 53 178 158 214 192 237 171 13 57 106 7 88 38 34 167 183 68 2
    115 91 235 196 49 45 15 161 155 121 21 127 225 69 49 246 11 3 142 81
    127 16 43 113 105 134 102 121 118 152 144 157 4 248 94 93 101 83 102
    225 180 111 165 24 52 233 135 168 126 150 48 0 124 255 135 136 170
    12 208 236 109 202 65 7 88 62 81 8 138 255 249 92 255 28 157 234 1
    244 67 113 143 54 197 155 130 78 212 188 186 245 178 83 159 244 230
    217 174 34 234 95 233 85 174 54 109 7 98 199 138 222 140 83 216 100
    222 242 3 160 220 223 127 253 191 68 224 44 222 49 44 100 211 43 41
    130 46 237 158 147 189 42 120 166 95 69 226 36 23 20 121 173 14 3
    199 11 100 234 243 131 206 101 96 21 48 155 201 58 126 77 110 8 158
    157 74 87 166 51 237 37 79 28 189 16 43 214 141 109 30 87 45 142 239
    136 20 1 229 230 113 192 18 189 36 60 221 86 153 64 27 87 74 133 238
    98 224 202 138 236 216 28 240 54 164 174 17 63 178 116 220 92 227 35
    180 70 24 191 211 131 99 195 163 148 25 176 39 160 16 255 240 184
    242 64 75 76 103 97 243 51 250 109 129 48 30 157 124 101 84 34 12 17
    107 172 213 144 4 23 227 112 205 77 52 81 221 66 12 145 74 218 119
    67 204 239 246 240 8 18 2 205 155 174 176 232 88 135 94 81 23 24 85
    44 194 142 52 40 2 3 254 33 221 194 144 99 53 145 92 12 253 14 93
    188 29 41 174 44 109 156 127 5 60 11 161 210 105 160 187 106 26 9
    116 184 225 153 243 232 133 26 67 215 86 35 129 156 216 241 157 224
    255 212 157 54 4 143 26 120 120 142 74 61 60 112 1 254 107 253 168
    116 135 144 63 228 126 114 185 73 225 74 221 178 221 215 118 61 212
    143 244 64 109 243 242 29 232 169 112 222 65 33 62 239 234 167 252
    93 52 122 99 75 61 234 20 56 106 198 132 77 231 227 98 26 231 13 4
    111 89 53 248 52 228 234 225 210 41 234 34 124 85 19 129 126 200 47
    208 109 63 147 128 201 119 252 244 70 228 84 227 175 57 99 160 209
    116 178 57 132 57 28 23 144 117 199 16 59 88 26 79 197 164 240 53 65
    186 78 220 63 228 103 15 128 24 119 208 164 234 144 73 25 148 233 82
    105 14 227 130 33 250 174 127 195 230 155 172 99 140 34 54 144 137
    98 149 18 239 250 127 2 191 139 224 241 3 236 61 183 84 204 250 1 13
    211 45 107 240 184 134 114 146 247 198 253 82 0 128 167 46 79 101
    133 105 91 83 18 89 89 205 171 162 50 63 102 226 24 132 123 253 232
    140 91 72 126 164 247 157 243 193 117 193 230 144 150 212 178 149 30
    188 159 46 10 66 137 132 250 187 146 95 203 206 120 109 30 101 83
    231 149 176 230 165 203 149 73 94 243 233 162 73 49 190 17 55 34 111
    181 144 63 80 213 79 193 23 50 240 168 250 13 223 211 194 190 118
    205 250 4 155 161 70 200 190 115 58 21 215 2 3 189 31 35 182 155 211
    19 157 232 84 95 185 180 34 249 88 118 55 53 112 246 45 216 66 216
    67 145 66 6 40 227 249 117 23 97 133 235 23 250 209 102 229 48 247
    239 172 87 160 59 193 210 49 114 0 247 195 201 155 48 233 225 158
    163 180 226 11 85 72 229 24 180 66 95 212 40 127 244 4 201 77 130
    151 31 218 112 48 63 65 79 209 71 59 206 24 118 96 108 226 98 84 161
    230 138 63 158 245 16 62 92 253 37 187 184 69 74 182 97 5 160 245 33
    207 248 117 232 176 32 179 151 223 46 95 159 38 41 212 44 249 248 24
    87 37 166 1 184 122 142 225 226 79 231 93 9 101 69 146 254 194 14
    125 119 73 85 50 144 39 76 200 65 81 133 179 24 174 219 74 234 174
    229 166 209 172 202 91 180 103 6 152 214 186 169 168 54 231 247 23
    33 26 241 167 142 223 226 73 42 204 29 214 160 75 26 25 52 182 71
    146 122 234 102 193 131 7 146 204 106 138 100 243 127 132 234 233
    244 243 172 99 25 255 249 18 111 220 57 203 83 107 57 42 166 169 62
    113 236 230 217 96 204 7 181 238 196 68 53 62 28 246 98 187 227 114
    65 132 34 138 143 93 230 177 164 152 82 29 143 153 32 51 33 147 72 9
    218 191 110 204 127 103 43 64 41 16 55 145 95 108 183 231 24 69 69
    60 181 11 8 70 95 123 212 76 32 177 76 212 199 40 223 212 94 105 84
    60 115 92 154 204 174 203 149 18 128 113 216 29 95 166 222 222 121
    78 91 229 233 187 207 164 83 176 136 154 42 9 198 81 225 71 120 78
    10 234 41 140 251 245 178 67 18 252 205 18 59 240 154 30 119 103 181
    117 87 188 15 156 207 225 0 66 202 193 162 156 101 226 3 176 84 91
    115 135 167 101 46 107 202 215 145 112 64 8 203 254 252 58 8 237 95
    136 57 12 149 186 55 55 210 171 218 3 8 149 54 165 17 181 120 0 99
    110 33 90 42 166 208 133 172 111 37 214 206 35 189 116 74 90 151 227
    73 71 62 197 157 253 169 233 211 202 159 30 42 14 49 50 77 45 109 56
    56 127 103 91 197 92 189 93 197 179 99 233 110 220 203 28 71 134 153
    82 17 85 66 15 167 234 20 248 40 201 116 93 1 4 196 1 207 209 19 46
    227 146 144 162 210 33 255 124 248 214 93 236 152 105 10 38 186 86
    219 164 215 210 196 239 43 175 255 69 33 131 209 72 253 232 228 94
    165 239 234 239 50 108 122 103 190 143 148 91 102 79 126 219 57 36
    140 30 37 43 91 90 216 81 249 92 160 107 42 200 220 160 207 15 188 4
    144 97 100 241 13 219 173 198 28 153 200 104 243 108 153 57 185 128
    137 50 208 118 136 67 55 204 120 87 245 42 183 236 248 26 226 83 245
    3 215 127 203 181 144 199 34 142 225 162 66 77 170 66 203 96 184 7
    122 197 60 85 229 107 64 165 46 192 64 22 27 159 106 100 198 228 234
    140 244 168 191 213 122 103 133 244 76 209 134 154 164 88 6 59 32
    192 187 8 133 164 190 115 230 231 68 156 14 89 54 18 157 86 139 204
    211 65 60 90 146 204 21 53 54 43 101 160 48 213 109 137 175 156 21
    106 143 57 197 28 188 192 6 126 197 106 246 50 211 25 155 225 8 241
    99 191 199 159 219 11 234 103 239 56 144 63 159 28 60 49 115 15 47
    124 15 128 219 113 45 36 54 217 225 165 150 89 49 185 9 95 88 78 238
    218 0 11 108 153 61 127 198 79 252 54 191 221 209 165 27 145 70 114
    171 121 80 63 212 137 23 160 114 1 202 227 179 149 191 106 59 42 81
    94 198 126 137 6 28 129 149 203 69 176 255 176 82 207 141 201 93 85
    136 215 89 149 172 1 28 177 103 152 229 89 14 197 255 65 120 202 208
    226 15 111 252 237 219 144 114 163 86 210 42 101 30 238 172 52 157
    111 83 250 190 164 35 206 236 184 154 99 86 15 136 163 29 104 255
    119 189 148 244 202 133 9 243 169 254 254 182 148 180 181 17 9 160
    206 119 219 36 89 193 201 246 206 180 75 154 122 72 227 75 63 142
    141 119 247 227 161 188 137 40 51 207 2 26 79 73 25 167 144 147 0
    250 130 82 144 111 228 244 247 91 132 44 175 11 255 195 185 96 183
    220 34 237 39 77 140 181 169 149 222 3 28 18 54 119 90 31 194 41 124
    237 116 14 37 160 106 130 224 106 56 163 149 98 32 253 98 138 85 162
    58 90 111 95 46 4 239 203 135 116 209 89 10 205 57 189 146 6 28 59
    196 144 15 235 201 60 37 237 220 98 94 59 100 187 5 44 224 32 223 38
    186 92 62 16 16 85 195 231 21 242 54 22 245 48 173 233 52 99 136 148
    123 159 22 56 240 178 220 231 35 155 69 39 186 206 42 106 225 40 121
    233 169 93 221 103 88 50 220 80 213 41 114 88 144 87 119 140 118 154
    186 5 38 15 70 62 66 122 128 22 150 150 237 210 158 236 63 147 31
    188 108 144 34 185 106 147 52 122 46 19 173 197 210 186 0 102 218 30
    165 109 36 121 241 77 89 195 118 135 105 70 171 206 250 242 30 222
    20 68 27 105 183 95 181 158 121 242 14 147 124 68 8 4 80 133 237 227
    16 39 110 20 103 63 95 95 225 19 102 5 140 172 135 232 239 26 183
    168 214 124 223 112 201 202 70 130 116 26 27 132 205 186 42 5 106
    138 118 202 158 18 65 133 194 203 244 199 46 4 82 16 202 155 10 180
    112 178 50 57 143 35 35 239 13 247 199 109 30 238 113 234 47 205 95
    75 64 156 0 232 2 83 74 9 90 13 121 89 209 160 12 209 128 135 225
    110 198 201 109 175 102 99 145 50 87 31 86 35 9 60 238 222 147 1 1
    119 198 229 0 173 140 252 4 234 54 182 19 128 135 198 116 170 49 197
    193 240 235 251 45 251 9 12 132 40 228 176 153 71 189 8 207 202 68
    12 105 128 136 142 63 77 186 184 151 232 222 215 11 179 242 218 31
    164 194 241 23 186 4 247 82 149 63 120 53 73 242 103 229 185 108 146
    180 69 74 192 133 234 36 81 100 40 85 187 147 26 62 95 77 196 137
    100 226 48 154 119 203 169 9 166 128 31 250 29 26 52 118 71 175 209
    59 160 11 18 202 203 69 149 245 206 190 186 234 103 136 236 213 162
    48 245 16 113 168 178 50 110 1 95 14 14 57 127 104 223 60 106 240
    183 188 230 225 69 150 41 176 177 3 199 164 224 127 150 113 13 55 62
    187 94 25 17 242 192 249 46 21 239 129 103 95 10 65 166 87 165 77
    159 197 70 154 217 155 156 90 6 196 100 66 207 32 22 245 119 99 224
    252 177 6 46 87 83 179 41 71 200 70 241 197 83 32 6 122 196 27 29 63
    176 90 232 200 1 70 85 133 233 119 121 36 125 105 192 33 13 42 113
    235 27 109 156 7 186 160 66 176 103 161 233 107 80 83 208 187 186 61
    176 79 231 168 167 91 6 101 253 16 148 97 82 173 148 186 217 20 163
    62 39 246 195 145 22 49 47 18 240 90 151 231 147 149 198 134 174 168
    90 39 182 160 73 46 14 59 250 74 67 130 241 247 105 249 0 84 166 179
    195 177 215 244 109 247 93 79 69 101 155 217 56 82 45 169 184 73 93
    113 113 212 124 137 165 112 197 210 40 46 52 172 209 186 30 208 87
    79 222 27 117 11 152 167 236 244 47 157 146 159 47 56 150 18 237 233
    230 199 216 234 212 86 55 230 35 136 165 6 43 119 248 141 223 73 209
    163 57 250 74 21 172 32 148 62 208 178 101 121 112 106 254 207 151
    12 98 170 22 218 141 189 26 51 132 227 135 103 35 126 85 167 68 189
    32 240 160 241 120 32 143 124 101 105 253 94 208 171 76 246 86 41
    189 105 245 33 97 179 19 129 193 171 240 230 24 100 124 209 229 133
    107 11 146 41 122 157 75 19 218 26 48 24 37 98 159 106 167 187 189
    227 18 183 120 162 74 78 201 97 206 216 230 60 67 92 97 240 4 58 7
    226 125 166 205 175 79 207 92 81 255 102 183 72 28 177 165 115 35
    108 94 148 117 232 67 68 247 136 55 10 247 142 30 31 244 110 44 137
    150 0 222 86 89 10 213 56 73 101 118 179 74 164 222 167 147 42 120
    116 162 194 30 138 52 128 71 145 150 29 27 198 219 102 75 94 136 7
    185 15 254 71 12 33 214 45 19 225 232 160 47 237 66 80 112 226 240
    134 171 221 94 244 134 142 93 243 220 203 183 127 215 238 38 72 136
    38 165 106 47 174 201 137 16 96 56 45 78 111 231 58 122 82 33 237 85
    48 87 219 40 193 246 107 179 201 224 193 155 224 134 244 198 123 71
    224 29 157 129 154 102 34 114 196 220 155 176 172 1 96 207 68 77 252
    238 33 171 144 148 176 9 179 188 188 95 30 14 203 155 117 178 156
    130 125 128 0 141 219 127 32 233 179 21 87 212 10 71 233 153 254 148
    244 50 178 36 238 226 49 211 181 158 220 22 228 208 85 105 203 183
    105 171 41 230 78 221 251 179 102 42 207 83 253 168 31 81 93 226 30
    105 132 144 76 40 183 163 76 5 149 80 107 145 84 83 41 96 3 181 134
    43 55 19 64 156 126 75 173 14 193 111 125 210 255 131 216 65 134 103
    95 157 221 234 150 148 72 7 183 167 246 30 198 111 151 45 227 140
    228 199 13 72 124 241 145 190 193 147 121 181 30 250 46 40 112 21
    236 9 201 155 10 157 142 250 190 84 212 220 149 251 202 154 154 210
    7 163 147 191 192 254 194 70 226 168 40 151 251 106 34 101 229 15 17
    81 46 144 61 231 193 5 24 49 211 193 229 119 185 152 118 211 235 197
    124 97 32 220 77 57 104 252 147 227 163 177 141 51 89 175 7 75 97 76
    1 120 147 132 55 61 123 255 251 88 149 124 70 48 194 164 227 123 74
    178 41 138 115 201 236 141 236 241 110 158 141 62 152 202 119 173
    120 96 23 114 138 44 247 36 189 0 122 28 169 184 104 181 91 207 180
    218 101 168 143 86 238 242 171 12 70 33 44 170 74 21 27 195 209 85
    133 170 239 184 6 141 65 10 244 203 232 247 63 94 245 80 61 243 239
    54 100 214 244 50 217 25 91 132 34 187 94 44 254 123 200 219 175 211
    80 220 81 149 54 82 92 2 116 94 124 231 206 145 56 196 181 40 196
    220 39 249 57 150 164 129 75 56 41 216 30 191 141 98 122 133 113 148
    236 28 165 27 228 31 169 60 65 55 219 153 133 39 192 148 49 112 183
    69 9 80 219 77 39 147 86 136 38 145 98 24 23 254 138 30 52 88 255
    216 51 196 127 107 58 123 215 30 94 162 150 116 2 20 183 241 139 89
    112 139 97 117 158 128 33 118 171 175 193 186 57 178 34 136 82 225
    103 133 16 213 98 201 20 45 143 134 107 26 60 219 36 110 97 121 155
    187 218 58 177 181 241 171 65 4 86 152 142 8 189 225 197 75 92 42
    214 41 74 177 221 74 209 95 0 34 111 222 25 206 103 101 81 116 155
    226 153 137 82 114 149 63 213 82 169 94 114 32 185 37 253 210 160
    216 119 195 183 208 109 23 31 108 150 196 126 101 9 148 188 22 66 51
    64 89 49 215 158 243 229 165 7 181 192 60 13 159 33 219 206 247 238
    134 45 44 91 15 213 9 145 213 126 225 235 83 193 236 175 36 178 179
    122 3 204 93 170 98 151 72 129 117 220 179 245 26 49 113 61 231 12
    18 96 56 180 31 236 75 248 223 114 171 225 50 193 198 91 188 217 157
    72 236 121 161 239 22 237 243 181 106 136 0 1 62 173 77 49 24 130 66
    170 244 209 159 210 203 37 150 184 35 245 174 7 88 69 62 228 241 33
    91 87 55 93 83 87 65 211 140 51 36 197 223 194 168 207 211 187 0 28
    229 214 245 202 234 152 55 213 86 224 180 234 170 172 190 113 72 211
    167 63 3 250 71 144 185 68 246 36 245 173 162 91 13 68 195 200 131
    248 0 11 196 61 16 161 230 223 108 176 32 78 160 132 51 149 110 17
    112 175 45 18 223 155 24 30 241 21 191 38 29 89 113 100 103 103 153
    237 26 140 186 54 220 247 68 216 102 7 194 114 189 24 67 248 178 111
    251 66 122 171 144 183 195 10 241 193 90 110 146 10 75 165 156 30
    246 238 191 37 33 204 33 239 158 4 253 193 192 59 113 135 74 186 228
    132 10 32 135 176 143 154 255 57 44 243 32 89 202 125 101 233 13 5
    192 88 163 85 251 113 218 95 28 247 108 192 90 213 168 244 41 88 217
    68 125 111 236 20 106 75 224 10 109 42 77 125 184 201 202 207 192
    208 183 231 53 78 168 75 46 255 143 130 64 137 254 110 167 239 96 10
    17 2 50 18 179 33 0 17 87 125 187 123 167 224 176 135 244 159 222 60
    48 142 46 185 42 219 164 245 123 193 26 172 185 166 87 197 212 150
    81 129 182 166 13 216 85 244 49 140 196 34 222 21 227 66 78 184 172
    1 254 233 19 8 159 26 102 171 234 209 62 203 93 11 109 58 20 151 161
    28 59 189 80 98 129 214 157 229 66 211 51 35 14 137 160 54 148 176
    218 163 49 45 57 2 47 36 169 104 140 135 82 241 162 52 150 184 79
    104 26 26 116 215 206 33 46 82 66 206 127 191 121 158 176 233 19 54
    169 95 35 108 207 197 103 94 76 210 90 112 168 130 31 63 27 224 13
    251 205 89 16 184 166 99 68 40 183 128 140 13 24 5 89 249 114 242
    125 184 194 136 135 245 209 14 212 75 254 126 138 3 205 100 143 76
    124 66 119 219 102 107 32 120 165 131 184 77 241 25 54 22 108 52 210
    239 65 185 153 68 213 99 51 152 40 45 142 253 205 179 115 83 214 208
    96 206 77 170 33 134 252 81 64 139 0 123 77 31 32 152 160 251 149 32
    85 125 15 198 153 33 151 9 212 134 156 14 188 8 186 177 33 76 20 55
    74 246 178 96 242 137 219 125 127 73 63 145 80 211 49 190 23 119 51
    192 115 232 40 184 226 255 43 90 84 159 223 36 226 168 118 216 121
    194 81 251 70 240 21 85 123 227 181 179 227 197 218 209 134 55 52 22
    247 226 252 84 225 119 247 85 198 184 207 217 6 207 168 114 158 145
    88 88 161 182 215 8 85 18 88 3 192 191 5 20 58 227 222 52 47 213 68
    113 68 132 247 60 240 48 100 244 1 154 5 17 167 249 2 160 174 249 67
    175 72 139 50 191 57 136 131 180 144 171 64 98 204 129 91 64 25 240
    63 215 34 161 232 174 238 173 127 51 80 128 110 106 247 99 144 41 82
    211 74 191 168 34 33 2 179 44 138 230 139 152 204 218 236 166 191
    188 254 41 74 5 209 67 173 255 36 161 142 43 168 95 174 91 159 169
    98 120 66 189 123 250 192 77 1 155 51 46 68 164 154 43 100 37 26 251
    246 188 95 41 105 4 218 103 186 196 46 84 94 136 98 94 84 212 89 187
    38 154 209 10 196 32 212 239 193 206 174 97 68 152 216 44 195 198
    205 58 199 26 97 221 182 232 36 203 151 91 230 160 3 7 146 245 200
    110 46 78 140 240 1 244 118 224 93 102 132 178 32 199 79 79 16 158
    27 161 216 72 13 172 175 5 19 165 60 94 217 98 101 47 198 220 248
    245 199 37 201 43 13 108 246 129 140 243 17 185 16 142 93 57 148 243
    254 148 159 149 52 243 143 53 135 64 144 141 6 113 192 45 3 136 250
    94 171 58 125 37 215 163 195 88 142 36 68 222 192 216 209 237 171
    195 205 159 78 242 103 134 16 136 236 62 240 122 33 108 189 85 238
    41 141 165 213 104 113 67 186 53 237 66 211 151 55 3 143 229 181 165
    151 235 48 218 39 215 222 83 52 231 22 2 192 200 110 135 236 203 60
    139 90 22 165 69 229 12 67 199 43 60 127 254 194 69 12 93 163 5 253
    114 247 46 104 252 220 240 133 108 97 18 72 255 134 244 242 237 178
    218 148 52 175 168 239 198 172 124 166 177 18 208 244 97 46 92 186
    208 130 206 60 215 253 142 162 120 44 160 160 172 234 158 6 92 159
    12 179 154 100 46 62 197 11 62 254 160 251 192 230 71 195 195 135 77
    44 103 184 226 196 195 28 122 178 56 235 205 236 38 85 220 177 164
    35 133 209 237 76 209 253 155 131 108 44 72 176 104 52 51 218 14 213
    205 163 85 94 120 209 190 131 241 232 119 24 68 198 212 158 75 67
    114 63 207 21 247 123 241 77 141 136 78 77 46 25 40 226 80 254 150
    100 225 182 61 67 59 86 12 217 171 158 141 225 56 5 115 26 3 231 3
    231 182 40 224 99 60 244 78 203 150 160 38 21 140 27 173 93 186 223
    96 22 203 143 234 239 41 130 109 53 113 147 90 24 33 198 44 239 213
    70 27 122 206 187 206 255 158 168 206 46 243 76 57 70 207 196 47 108
    230 162 3 238 64 95 166 3 73 237 227 210 123 147 43 130 90 89 130 47
    121 189 5 239 190 59 88 149 219 141 23 160 236 175 126 254 95 152 77
    117 197 110 31 21 201 185 75 135 17 171 192 22 159 29 16 122 38 237
    70 104 94 203 50 35 53 211 225 133 51 171 172 3 248 83 84 246 115 94
    92 41 227 216 77 235 25 251 226 187 70 39 77 5 137 3 160 59 112 44
    121 209 62 211 76 180 84 123 20 152 149 94 1 69 44 208 197 107 97
    143 249 210 212 109 147 105 55 70 253 86 172 249 245 77 185 42 216
    144 202 205 23 72 131 110 174 230 57 227 178 215 116 4 149 157 32
    189 65 18 52 36 100 70 125 186 105 212 212 16 69 112 35 169 91 106
    26 217 120 142 146 170 54 81 225 120 47 68 231 204 185 11 48 53 119
    198 162 137 104 124 248 165 161 216 224 118 43 138 31 129 221 71 134
    89 51 204 162 177 74 243 176 228 126 208 118 152 161 234 10 36 126
    71 161 234 217 4 232 83 50 113 221 77 54 77 24 74 99 179 154 230 79
    46 161 42 39 83 68 204 139 7 195 206 210 208 210 200 127 127 43 251
    212 11 0 205 171 198 79 67 118 177 209 205 190 131 33 95 145 185 153
    240 87 88 179 87 20 151 228 182 109 23 82 110 160 204 113 27 212 181
    238 218 34 32 109 23 235 220 91 202 58 6 146 138 44 197 157 94 76
    125 157 97 105 141 15 137 1 222 202 65 226 15 239 36 70 214 229 252
    61 45 226 113 92 161 148 25 36 48 72 190 50 31 26 43 248 153 232 158
    3 230 116 118 254 210 89 242 87 11 123 163 169 28 157 245 29 39 87
    190 149 194 215 201 204 199 235 69 168 176 104 120 49 152 141 173
    101 32 53 234 94 119 193 42 189 120 247 207 44 208 84 203 10 97 80
    98 152 42 77 67 195 167 58 147 232 97 107 225 249 209 235 187 53 86
    72 72 56 216 111 17 120 19 220 170 107 213 144 227 76 56 53 185 102
    62 58 40 70 76 27 247 20 111 204 241 252 179 124 38 79 102 247 15 7
    226 253 38 114 40 136 43 251 68 211 228 85 113 233 239 169 159 194
    191 168 36 149 172 81 108 76 234 37 197 41 124 212 14 46 64 149 197
    27 208 89 217 101 20 59 87 189 173 209 240 109 181 122 172 85 254 77
    88 1 99 147 50 200 172 235 163 143 101 73 1 98 42 74 148 198 249 166
    216 105 228 163 224 250 237 169 231 71 94 7 94 194 30 222 97 26 165
    126 149 86 234 24 1 78 29 186 57 158 183 220 1 178 221 125 229 222
    198 66 164 50 96 176 28 151 116 174 15 152 234 225 40 226 212 40 1
    129 177 46 81 196 169 86 226 130 195 254 80 110 232 8 152 186 121
    216 115 113 245 187 245 109 174 103 152 90 229 158 127 248 240 214
    163 89 217 94 142 50 179 137 145 238 120 10 3 22 50 224 10 196 92
    125 198 142 77 141 250 13 137 239 212 88 78 133 56 137 221 165 24
    236 196 172 142 47 190 225 144 81 77 73 213 2 232 48 185 136 168 243
    252 192 104 190 8 151 4 125 182 158 50 76 235 251 95 101 222 159 228
    4 143 46 177 100 157 207 220 117 203 102 49 144 254 156 238 34 114
    235 93 226 198 22 166 172 130 126 136 63 207 220 170 253 207 162 157
    24 46 190 11 123 214 5 50 206 22 212 49 157 152 78 84 178 121 11 135
    193 154 17 107 128 60 252 141 172 109 147 98 85 79 47 4 252 50 9 179
    245 79 38 61 125 28 83 231 109 181 82 131 205 7 137 59 237 56 93 219
    238 133 5 160 14 184 185 189 143 147 13 178 254 244 195 196 24 9 145
    126 159 48 229 67 174 58 158 194 145 107 136 13 190 191 85 246 111
    121 97 21 125 187 245 224 200 98 153 33 242 244 142 138 229 16 114
    138 5 4 181 11 50 223 27 209 236 79 15 91 50 42 92 144 96 93 134 114
    40 205 248 245 100 1 245 126 10 168 61 219 38 55 247 237 67 221 239
    28 242 246 46 38 7 196 242 248 212 80 10 198 60 246 61 239 205 217
    115 199 90 12 51 177 47 231 84 165 235 136 30 99 255 105 76 168 118
    224 216 157 53 25 132 57 245 169 4 122 192 152 249 244 127 242 100
    37 35 10 136 34 153 251 27 128 162 85 135 23 131 210 127 192 123 208
    116 192 170 51 32 226 207 147 179 106 139 2 101 96 24 61 155 131 141
    99 18 211 207 99 137 242 181 6 150 127 103 104 48 234 205 214 85 211
    169 140 247 202 147 85 151 203 115 66 0 182 102 21 111 189 213 152
    52 32 173 219 69 69 56 105 124 127 253 151 129 127 192 221 185 19
    246 6 233 179 205 88 118 62 179 9 224 85 79 183 31 6 215 2 216 120
    39 127 98 66 47 59 205 54 240 87 216 218 106 162 169 143 60 27 189
    178 2 44 255 123 38 242 205 247 226 13 72 50 246 206 25 31 63 120 87
    161 86 195 148 222 202 146 248 55 216 19 7 248 119 248 97 197 145
    254 182 246 214 204 174 68 116 31 243 239 142 110 207 196 173 43 124
    149 12 74 42 242 43 214 50 58 130 236 56 54 149 43 29 126 236 228 61
    123 104 177 81 48 190 159 230 90 21 210 101 75 126 64 137 181 170
    141 108 99 32 48 230 25 171 8 228 63 248 223 116 145 235 97 42 125
    47 241 103 149 140 165 69 100 127 75 19 200 68 92 112 68 242 33 210
    118 247 180 65 244 54 147 142 55 22 196 165 197 13 11 152 154 185
    251 18 230 40 242 134 20 26 73 222 51 194 184 65 62 42 108 14 115
    226 140 25 157 172 92 171 15 68 201 51 232 170 11 201 143 49 220 94
    205 81 234 88 232 69 57 44 95 118 150 42 163 203 234 45 139 75 85
    198 63 136 71 39 93 108 80 130 108 56 6 26 103 37 2 109 72 195 33 44
    191 138 67 0 6 235 23 121 94 255 141 161 21 123 220 150 167 125 10
    103 98 111 100 91 0 237 8 38 250 46 160 155 69 148 212 234 212 47
    137 77 21 239 190 29 234 142 69 121 63 104 106 155 241 216 146 93
    183 60 166 227 166 145 191 193 72 75 106 43 3 87 221 207 0 72 34 51
    46 180 192 194 196 178 28 58 249 174 87 249 115 81 184 37 10 86 202
    37 64 32 55 186 67 97 5 172 119 56 227 88 191 7 207 43 120 75 72 12
    23 195 5 109 141 151 61 211 24 6 111 95 162 125 113 54 122 189 109
    59 119 1 97 200 51 26 69 53 206 85 177 106 11 38 118 160 120 243 126
    97 178 26 63 173 198 0 35 140 38 161 100 171 16 153 126 156 207 22
    71 227 16 85 75 27 37 167 43 126 243 146 234 227 247 61 36 170 232
    157 45 14 214 31 238 114 11 180 6 199 85 109 11 196 98 234 164 20
    103 170 78 241 167 92 86 164 80 40 77 80 183 221 166 4 66 15 42 220
    58 236 75 147 146 234 22 69 56 165 95 72 204 106 104 252 143 163 195
    107 100 87 217 154 49 75 101 227 247 198 64 157 100 185 196 76 111
    154 122 43 12 139 69 240 17 156 154 73 111 136 146 115 13 66 45 145
    115 45 149 117 200 9 124 108 11 91 222 206 102 213 204 138 239 104
    59 191 44 83 80 83 250 42 146 34 87 205 164 244 96 211 199 59 224
    155 104 142 211 24 118 154 21 43 60 194 176 116 246 98 144 0 107 32
    155 247 204 168 121 76 87 18 87 35 115 39 16 35 92 29 117 221 89 14
    146 108 106 68 232 79 253 9 230 224 59 6 153 153 153 152 254 183 24
    103 142 255 154 129 194 94 205 216 110 248 22 163 130 224 70 198 126
    173 187 245 144 66 180 175 243 241 130 98 80 142 221 25 218 189 231
    149 233 193 51 123 11 76 183 213 174 222 190 17 65 121 162 173 25 44
    113 125 153 199 0 101 20 169 131 15 105 26 101 227 76 6 12 66 104
    226 29 68 173 16 93 239 203 94 182 75 151 161 218 95 231 31 156 160
    115 28 60 165 244 152 101 183 207 122 101 24 55 174 61 165 136 108
    249 141 48 128 107 22 83 90 66 8 142 81 176 179 146 108 97 222 157
    82 140 100 152 114 0 9 220 187 62 91 51 20 248 54 184 224 136 206 18
    223 213 194 252 105 84 111 244 5 60 240 12 239 166 219 242 155 224
    127 23 200 162 128 184 246 102 251 217 86 116 23 22 78 82 115 179 17
    146 243 129 51 110 51 93 182 41 49 140 148 233 55 107 134 178 225 50
    193 129 205 107 182 242 10 199 22 164 157 117 175 206 10 1 24 150
    120 15 58 223 171 109 84 204 80 238 65 31 50 161 144 163 35 62 154
    139 101 146 71 235 27 196 163 68 131 177 8 82 244 60 201 106 95 121
    7 174 152 222 40 254 174 206 215 107 210 226 163 14 66 214 95 157 78
    72 10 238 19 204 42 58 105 56 25 90 214 171 11 24 18 54 241 100 88
    85 20 15 59 8 87 22 210 145 185 196 60 192 251 218 97 49 181 22 177
    139 101 232 32 15 145 71 121 225 191 126 196 216 221 33 87 136 163
    208 22 69 93 90 230 73 24 180 211 143 193 196 123 86 191 5 228 44
    252 102 255 180 228 124 89 122 140 73 107 174 208 255 186 125 65 141
    142 87 5 241 28 193 253 31 121 57 52 241 160 200 16 26 24 7 132 203
    130 69 21 26 45 72 14 15 108 73 214 144 122 50 241 70 169 154 106 52
    78 159 91 82 99 163 53 157 154 209 129 79 81 161 121 172 236 18 43
    62 39 138 84 5 130 153 156 234 199 124 164 117 201 160 40 149 185
    124 79 69 177 180 129 236 29 172 182 152 152 38 45 244 181 16 47 83
    9 217 159 212 77 38 14 145 219 197 127 246 66 11 16 112 15 199 65 57
    204 221 232 157 37 116 152 165 181 136 26 115 43 7 7 95 45 29 63 73
    50 225 248 102 22 105 36 103 26 54 84 172 174 250 160 48 154 84 41
    15 75 217 98 196 236 72 13 22 6 128 60 80 174 166 187 238 191 70 106
    199 120 134 4 60 135 253 21 49 224 90 83 210 193 161 31 0 117 200 61
    207 26 192 216 169 150 185 30 180 2 74 150 139 28 7 166 103 199 66
    124 168 158 17 41 62 160 226 174 88 121 231 31 26 158 54 137 224 94
    156 178 111 55 251 80 212 204 196 41 35 103 153 211 98 142 254 8 91
    118 80 146 157 164 7 38 50 82 122 153 4 94 191 27 67 184 165 174 134
    93 32 68 22 66 196 170 200 79 179 102 50 222 171 98 26 39 137 211
    188 130 143 124 208 13 143 118 72 216 231 82 68 59 98 82 79 189 226
    250 139 129 101 234 174 150 142 229 244 139 245 163 103 204 93 12
    119 73 13 118 136 209 52 40 108 225 9 194 193 177 32 167 106 50 173
    158 11 4 106 231 71 124 72 74 79 80 197 44 15 77 61 161 67 11 77 171
    187 168 53 198 114 245 122 210 204 187 251 92 111 117 196 158 48 103
    146 245 104 57 101 180 15 24 226 255 230 119 194 144 237 3 179 37 70
    10 54 207 45 58 222 121 44 85 48 101 234 204 212 176 177 95 68 179
    52 31 182 33 234 243 208 122 59 204 195 113 136 160 62 11 92 182 80
    88 223 39 56 181 102 218 33 249 137 63 157 17 164 241 3 204 120 142
    10 231 172 78 224 48 184 5 143 131 131 199 121 74 192 148 185 129
    143 121 62 185 139 243 111 85 59 168 101 236 215 254 101 109 216 28
    175 155 189 141 60 144 166 208 168 157 127 184 0 38 161 229 131 203
    230 86 109 148 161 129 212 12 206 255 251 28 227 178 231 37 232 18
    51 31 11 77 40 132 98 119 84 123 130 83 189 76 59 230 70 43 124 56
    189 54 18 143 183 128 42 105 2 222 53 11 235 168 110 61 216 111 89
    118 19 80 121 55 227 107 37 164 193 65 215 140 196 25 130 132 209 52
    219 60 104 187 234 29 184 246 63 11 20 153 51 65 226 118 11 151 11
    44 68 198 218 122 223 44 170 60 38 89 3 184 77 14 201 118 98 36 198
    51 30 129 29 253 53 106 172 84 86 230 76 108 112 63 90 73 86 26 164
    73 103 224 227 104 105 206 112 129 38 101 200 151 72 250 208 158 214
    85 219 239 176 225 110 58 205 191 131 28 138 167 110 20 167 154 185
    157 246 224 247 218 31 199 42 175 219 29 164 63 192 171 182 30 111
    180 132 89 142 138 15 222 161 12 241 174 63 203 65 248 178 34 81 218
    21 102 33 210 220 195 167 106 0 29 52 42 74 16 173 87 35 48 50 53
    168 199 53 146 32 143 61 152 119 68 105 135 89 6 129 180 24 44 181
    61 172 176 18 66 229 52 56 37 66 23 20 77 13 25 29 149 205 32 171 41
    249 152 19 29 207 147 155 188 89 2 96 140 235 236 116 31 100 230 36
    240 93 187 166 87 207 125 186 3 138 48 224 22 155 217 26 61 25 74
    135 144 7 180 88 166 67 150 245 110 52 230 127 210 246 124 106 33
    136 9 38 89 129 102 11 106 31 208 71 21 88 107 192 64 246 15 82 176
    0 50 181 27 223 27 101 32 118 184 121 92 6 207 138 131 169 56 162
    237 52 156 101 45 199 51 156 200 170 167 30 240 217 72 104 241 87
    234 126 208 7 153 22 23 48 66 247 222 157 193 116 52 92 4 73 201 47
    216 11 127 230 49 210 9 123 211 78 62 172 226 167 39 24 41 247 29 47
    88 232 67 16 122 205 217 128 218 4 196 19 5 101 33 114 200 170 196
    38 12 160 158 199 79 3 163 76 101 198 169 34 235 179 134 247 144 245
    72 211 212 15 72 86 222 152 254 78 31 255 92 141 132 39 134 153 225
    174 22 3 123 209 194 122 255 124 226 218 84 159 251 100 202 80 95
    170 59 9 154 119 240 178 81 80 127 163 110 184 124 136 176 143 207
    33 10 75 87 247 191 62 173 179 83 31 227 108 45 164 165 225 31 205
    159 71 81 86 2 246 233 60 220 126 120 169 14 196 249 202 168 195 91
    248 123 212 107 219 3 66 125 168 98 135 239 0 202 63 55 143 90 226
    113 89 80 161 2 248 8 182 232 61 46 41 244 229 92 42 209 85 137 179
    46 169 16 223 47 229 126 8 33 128 118 46 212 204 137 44 139 73 210
    252 255 37 13 31 196 105 32 163 183 90 131 237 177 26 111 76 2 141
    138 227 217 214 141 101 52 223 173 197 92 97 98 166 22 196 211 96
    194 171 220 223 28 219 173 167 101 151 127 173 221 233 252 218 209
    41 243 169 174 176 117 67 230 213 139 213 52 4 51 32 70 157 126 52
    210 155 55 167 7 244 3 5 154 131 102 49 85 196 168 42 38 21 87 199
    183 147 76 164 47 66 116 107 88 160 6 153 188 134 31 168 130 70 254
    158 103 50 57 120 106 127 64 154 142 37 118 119 135 14 170 190 242
    206 83 5 36 159 191 180 146 165 13 57 244 80 196 95 92 222 88 44 97
    40 248 78 58 41 47 32 1 255 162 32 9 1 112 39 32 129 163 243 18 176
    112 172 73 143 46 1 222 176 105 175 101 40 78 81 40 117 161 217 98
    228 76 212 64 30 123 254 205 252 32 205 16 111 70 138 1 70 142 63
    118 151 246 56 7 29 224 105 185 212 240 241 117 45 222 141 131 59
    170 232 183 88 121 2 181 193 179 4 214 186 223 184 17 92 55 13 62
    175 57 192 89 185 24 14 206 34 243 171 36 119 82 236 122 176 229 247
    231 121 104 5 107 252 117 85 20 202 204 194 104 22 241 59 150 183
    147 147 22 147 206 155 39 229 120 10 33 187 6 237 21 200 231 235 116
    37 114 84 171 69 64 237 185 86 108 62 82 240 92 203 7 130 71 179 161
    44 1 53 54 171 198 39 36 213 168 7 140 142 115 17 118 41 133 26 228
    132 50 29 26 238 48 91 123 134 179 96 201 204 183 204 184 150 156
    142 1 202 51 62 194 72 174 173 20 112 1 67 89 244 189 201 84 242 202
    241 201 235 241 179 24 106 145 62 130 87 28 184 217 13 157 220 115
    128 109 173 232 66 47 249 138 90 253 225 61 99 130 183 223 219 160
    246 238 147 36 173 76 183 93 207 67 219 37 187 121 155 216 153 219
    224 215 246 254 103 120 51 96 138 203 41 10 235 255 151 179 147 225
    151 120 140 96 127 11 7 232 180 140 153 3 171 97 181 102 43 150 109
    220 170 163 136 253 92 224 55 139 219 124 113 88 132 43 157 192 65
    150 55 57 228 244 13 104 72 193 215 209 189 173 203 87 231 216 36
    215 108 219 77 37 165 77 26 1 155 128 213 78 44 184 73 116 88 143 96
    76 252 214 160 74 5 78 128 111 234 69 200 76 111 32 146 195 14 56 6
    244 150 150 3 9 26 86 236 8 69 32 171 39 184 26 204 139 232 204 13
    94 66 16 112 183 221 208 28 204 237 154 42 78 167 40 213 5 86 204
    241 189 116 46 73 140 120 242 143 78 249 129 245 47 112 69 80 81 66
    188 14 253 14 198 120 40 115 21 38 140 189 84 84 10 193 254 122 126
    97 215 213 52 200 100 42 54 135 133 21 67 75 231 57 202 136 127 55
    31 221 189 14 149 234 95 168 117 93 109 204 144 129 123 66 42 80 154
    132 69 123 213 133 161 210 147 119 5 112 161 37 226 30 208 195 162
    80 230 173 219 208 190 74 120 176 18 236 228 168 252 104 202 83 55
    36 77 38 21 132 206 214 180 126 116 63 233 206 37 230 16 193 93 125
    105 87 112 9 181 226 153 132 12 5 97 220 66 191 71 127 154 140 182
    142 50 17 212 112 76 48 161 160 119 167 22 140 63 124 178 85 119 217
    94 130 23 164 48 229 88 120 112 235 9 154 214 108 179 191 121 194 34
    142 123 172 60 204 190 43 44 149 117 136 115 130 135 77 187 67 94
    117 5 111 19 40 106 166 188 176 250 61 172 166 199 157 154 58 175 63
    167 82 104 117 14 85 228 74 182 222 27 42 172 210 160 211 158 43 234
    22 182 0 30 13 220 239 116 176 189 194 47 81 202 171 204 83 181 50
    222 177 71 0 24 4 100 195 255 246 170 145 33 136 108 92 255 196 66
    154 77 85 43 181 245 252 55 1 246 118 252 250 233 81 150 7 147 6 70
    65 6 155 207 174 22 96 213 82 194 169 108 95 56 223 245 198 76 69 62
    102 177 140 222 129 237 149 206 157 144 66 79 9 194 125 77 126 43 6
    110 210 112 54 190 107 214 32 26 118 151 252 220 132 212 208 255 137
    195 30 195 150 67 154 83 88 195 73 155 56 206 38 59 168 158 161 231
    197 103 95 145 199 40 244 212 5 248 63 27 44 225 37 125 70 135 207
    173 155 9 1 159 106 101 114 202 55 84 246 100 222 129 10 250 239 141
    43 60 119 15 224 153 37 183 93 249 24 159 206 122 229 6 81 12 110
    102 70 210 174 21 96 65 179 102 221 103 239 128 207 154 126 169 128
    242 200 178 179 150 125 3 137 11 155 223 153 245 157 67 208 83 162
    59 21 122 130 124 8 233 77 239 219 108 222 11 15 172 188 84 95 239
    27 49 155 216 53 251 209 159 162 72 112 110 49 122 82 39 163 215 160
    99 64 24 235 54 134 46 236 103 212 251 114 221 173 90 211 219 175
    170 163 17 189 133 162 89 214 59 175 108 151 187 145 99 9 100 202 26
    119 56 92 7 187 236 179 58 140 185 187 80 202 57 119 66 18 57 1 235
    189 37 0 99 227 239 255 49 196 207 161 62 96 59 99 55 19 181 50 99
    28 68 100 169 93 44 87 167 210 197 181 230 95 210 141 15 87 44 255
    32 30 158 155 56 176 37 155 125 63 78 215 228 190 209 249 246 189
    232 137 205 153 88 102 170 230 30 58 9 237 125 15 230 16 41 147 152
    110 195 168 88 82 131 49 246 91 72 223 218 51 241 213 202 182 164
    109 64 229 75 118 136 107 177 205 215 155 178 78 207 9 158 142 117
    242 56 238 35 33 20 225 108 251 56 138 90 209 75 201 148 104 27 106
    32 156 34 158 91 76 127 98 127 219 61 159 93 101 17 144 25 71 47 255
    48 248 50 131 28 62 61 97 212 29 135 99 36 142 71 57 15 3 35 36 14
    108 201 115 27 128 36 181 24 62 228 79 26 235 125 154 63 33 181 19
    249 229 63 157 34 160 209 189 172 61 248 107 223 255 241 188 81 115
    251 95 177 12 147 141 164 77 73 90 169 246 136 100 201 91 225 167
    103 228 64 101 89 163 1 173 226 187 82 49 104 41 70 192 132 50 45
    197 235 152 60 55 134 117 138 160 168 202 101 194 152 196 94 48 133
    52 165 231 174 68 102 227 242 94 1 198 33 172 214 237 53 215 20 99
    170 193 183 34 150 7 253 35 32 234 101 145 202 141 75 216 7 99 125
    204 231 82 169 114 237 171 209 234 153 202 48 152 249 87 157 199 225
    173 6 23 246 167 113 255 155 221 66 170 143 243 41 43 152 191 31 6
    233 151 152 20 228 79 252 240 150 55 213 153 147 70 109 94 148 63
    233 77 147 245 175 159 224 176 145 107 187 136 17 173 31 110 228 192
    240 32 247 168 229 38 129 129 10 82 74 15 245 64 172 180 64 17 248
    14 183 7 80 114 179 23 169 166 98 251 171 146 224 202 169 171 88 121
    113 217 43 195 122 35 72 5 182 94 210 194 70 70 193 154 160 217 223
    161 195 237 88 8 40 162 97 191 2 5 118 235 59 240 159 187 75 213 255
    88 154 187 224 68 9 194 135 74 11 211 88 36 165 119 16 165 208 135
    195 61 241 144 105 147 255 146 96 244 97 31 82 168 128 205 48 243
    186 194 25 149 112 7 233 208 10 122 32 44 196 27 130 203 242 68 216
    35 26 182 2 54 230 141 175 75 245 124 181 200 132 111 25 104 133 234
    59 251 194 2 182 239 181 97 139 81 70 125 57 98 61 46 254 4 228 104
    18 86 47 190 59 48 71 192 201 132 185 101 92 129 24 177 47 138 68
    189 178 41 106 27 233 185 156 138 58 0 241 152 143 150 48 241 72 133
    159 95 239 214 96 227 180 8 114 30 12 16 156 170 190 70 199 180 96
    171 87 62 67 161 160 50 85 147 148 236 168 197 202 125 97 51 30 158
    214 25 231 241 188 44 3 23 213 57 68 45 88 103 195 208 195 94 38 147
    149 25 147 154 254 57 0 31 181 68 214 55 77 147 139 105 230 237 130
    39 221 149 16 239 154 240 77 224 195 54 208 52 169 151 207 208 83 16
    144 173 8 139 218 180 186 15 148 51 180 9 4 4 169 49 57 173 140 51
    236 214 170 115 151 180 218 75 229 150 180 179 15 27 82 31 187 76
    160 216 215 155 83 156 252 40 130 228 222 193 138 16 208 24 157 241
    123 236 245 219 249 208 159 246 111 40 162 234 133 100 113 74 12 140
    143 58 142 100 232 43 51 103 178 29 149 193 1 31 48 93 101 252 213
    148 224 155 47 224 127 221 151 23 106 101 61 10 56 234 148 224 128
    209 26 74 110 141 88 172 133 100 21 160 172 209 144 194 75 17 78 111
    246 37 222 47 163 205 212 218 84 32 94 137 133 21 14 237 210 120 207
    93 58 69 98 247 169 89 218 62 142 79 175 157 117 28 130 85 201 59
    202 153 133 72 103 248 96 66 241 234 133 71 153 192 195 30 52 34 35
    202 175 178 58 100 209 189 121 226 124 235 201 124 78 42 22 229 36
    83 110 247 120 93 120 136 27 51 81 17 6 213 234 83 109 151 210 100
    225 86 252 141 80 97 152 220 81 89 245 135 71 13 249 121 71 82 45
    164 29 36 87 110 130 46 182 156 50 212 23 96 120 234 66 56 75 113 0
    100 78 47 216 211 152 51 232 117 236 173 219 38 246 50 65 88 49 143
    121 169 120 142 195 171 226 177 155 73 108 82 13 115 86 10 90 213
    254 13 63 114 162 211 69 41 154 73 57 17 48 75 159 72 240 66 208 129
    130 185 129 219 101 106 174 210 128 60 172 137 128 254 236 171 66 98
    174 132 246 132 197 99 11 29 86 209 113 112 13 169 186 88 208 187
    231 69 40 146 233 102 148 250 70 84 170 198 228 43 118 33 83 21 89
    111 202 177 153 148 140 238 113 26 4 37 65 252 132 233 124 33 163
    188 72 233 72 180 96 178 180 28 111 93 125 148 182 187 46 234 235
    237 50 74 32 110 235 175 249 98 156 76 104 202 64 182 17 152 176 6
    51 104 159 34 91 134 143 18 31 112 136 148 222 0 81 66 84 214 42 193
    182 191 137 123 3 51 160 81 136 47 133 17 188 218 52 242 241 155 232
    235 5 119 146 238 198 85 190 252 96 225 173 77 119 229 169 178 211
    169 252 185 119 14 185 217 76 103 118 157 193 155 103 207 170 105
    120 16 68 152 134 175 6 249 216 80 197 229 118 211 156 94 97 239 192
    144 215 54 186 128 199 8 195 93 135 145 208 131 12 12 146 193 197
    204 35 33 50 152 198 27 245 42 14 231 160 176 100 134 189 181 171
    135 67 2 211 7 108 239 42 226 93 120 110 3 163 66 17 109 124 129 226
    64 215 188 51 136 174 3 225 83 41 71 28 71 254 98 13 67 84 24 69 125
    106 1 205 58 45 0 30 22 84 145 85 83 100 179 169 145 253 52 108 167
    200 95 59 18 140 93 238 160 236 211 158 46 195 78 75 161 10 229 152
    227 159 180 106 174 197 3 218 107 105 227 150 244 33 101 67 255 89
    114 11 209 201 96 26 235 81 92 163 182 95 178 255 98 1 47 116 94 16
    113 246 135 75 139 225 75 181 217 250 162 223 200 29 149 102 115 196
    108 153 186 0 255 49 179 80 203 131 203 201 174 58 33 251 159 179
    126 109 100 224 16 118 117 74 57 166 199 188 80 195 79 253 81 184
    101 5 1 132 211 85 184 107 202 159 82 133 18 155 48 148 105 18 149
    176 158 26 124 91 2 71 66 217 204 108 65 224 30 36 131 72 110 235
    239 88 157 187 205 7 168 124 120 119 246 18 211 183 61 45 248 60 208
    89 117 71 157 118 160 1 170 185 17 172 170 216 231 245 110 251 137
    236 97 217 38 248 212 61 212 19 111 122 2 98 35 58 253 133 128 121 7
    191 121 188 181 194 44 178 1 54 91 62 156 249 120 164 251 224 28 255
    3 198 100 71 223 9 163 92 245 236 75 102 24 226 185 93 192 254 204
    210 136 123 169 142 26 52 71 16 151 153 171 184 49 103 11 183 96 241
    124 31 87 236 89 164 41 182 218 193 68 199 115 82 242 244 76 61 159
    128 11 203 72 212 182 247 204 141 217 35 114 225 191 253 58 134 127
    43 14 99 58 50 203 151 54 165 176 110 127 196 70 46 78 82 88 251 184
    100 89 247 228 226 116 56 44 225 70 14 33 6 108 56 100 51 142 130 65
    76 192 211 211 50 153 221 91 77 231 157 57 126 59 166 45 37 73 97
    253 165 129 117 137 69 219 9 133 99 30 117 85 46 246 178 132 30 6 98
    220 9 17 66 150 169 172 23 42 127 78 254 147 86 137 92 162 61 160
    102 204 3 178 110 208 174 36 29 112 32 145 67 7 85 9 91 141 89 125
    32 101 155 129 184 29 155 132 137 242 131 56 158 142 64 36 119 125
    92 193 184 111 146 157 76 255 181 66 50 61 87 9 223 141 17 218 19
    155 124 73 221 103 250 115 245 109 152 76 174 86 60 200 118 78 249
    86 229 186 74 48 245 232 227 243 178 50 29 133 18 254 13 84 128 33
    80 41 24 45 24 42 24 230 89 127 219 28 56 198 217 112 189 46 237 195
    168 211 72 102 2 133 8 189 157 216 114 188 54 60 51 228 31 39 81 146
    111 167 55 159 208 79 32 8 159 228 181 142 160 187 134 61 179 191
    149 56 183 119 178 239 153 134 44 86 154 170 225 213 180 176 64 31
    149 21 144 232 3 223 242 147 116 9 253 94 149 36 142 211 255 178 122
    240 57 176 234 185 220 85 138 132 254 209 8 162 107 66 150 251 119
    163 3 141 77 67 156 96 209 216 210 228 49 152 51 171 94 207 210 109
    10 211 147 142 165 134 88 198 109 147 100 128 55 200 26 137 100 80
    131 192 127 180 199 122 162 10 138 52 213 237 110 116 235 101 172
    132 236 38 227 7 181 165 168 219 186 121 220 243 70 115 119 195 66
    138 242 238 68 10 187 212 185 210 184 242 128 164 134 214 134 18 191
    217 185 24 162 148 111 134 146 158 174 2 41 9 112 154 58 10 156 87
    117 154 21 14 198 34 83 151 33 88 20 124 250 53 189 241 38 56 28 142
    220 10 150 2 234 6 2 118 150 193 216 202 181 192 173 37 109 187 142
    51 72 32 107 18 116 36 98 9 75 159 86 188 6 160 138 191 186 30 105
    255 129 217 128 26 125 117 145 83 142 80 148 159 125 170 237 74 40
    49 185 125 51 46 191 168 211 15 205 198 84 52 177 1 253 103 156 153
    215 252 57 45 14 147 233 70 65 136 75 5 234 74 103 47 198 230 185
    240 16 99 51 20 17 193 176 115 24 230 86 238 57 37 120 58 185 177 60
    7 122 90 83 238 171 77 73 6 11 236 22 68 37 11 251 74 24 207 63 219
    133 34 50 189 87 226 165 242 95 230 226 83 173 132 161 170 57 170
    137 176 132 105 178 227 60 62 115 102 143 217 34 223 223 206 8 167
    95 84 154 183 232 236 2 72 207 240 221 176 43 31 145 205 1 165 208
    37 122 81 140 132 151 217 174 210 163 165 171 45 178 14 45 161 83 0
    137 242 235 170 50 141 10 84 25 191 16 50 223 41 52 255 83 126 168
    170 95 193 85 73 148 198 255 74 150 57 82 93 49 156 31 54 10 208 48
    153 107 4 78 243 254 196 163 255 135 190 5 200 80 153 6 172 127 4 51
    66 169 70 205 26 32 238 32 202 150 44 61 85 216 178 141 9 170 226
    130 193 118 59 222 173 67 170 93 105 45 230 151 205 131 56 50 105 5
    237 107 31 0 228 29 137 84 61 207 36 143 201 114 145 61 13 81 88 41
    82 87 178 138 115 234 1 120 161 189 137 14 80 61 181 236 89 94 147
    250 12 74 175 28 20 87 108 180 192 12 165 219 81 96 150 58 28 93 12
    114 19 166 49 127 27 13 111 224 93 139 100 147 124 143 88 225 158
    116 100 11 38 63 109 232 150 76 22 185 214 97 202 228 165 2 227 74
    139 158 91 19 213 103 183 36 242 249 129 84 97 29 229 166 154 127 33
    164 109 209 100 150 157 108 233 157 2 221 152 212 213 162 15 88 74
    117 40 181 141 38 139 155 44 21 183 167 124 40 0 199 75 108 208 142
    45 169 115 61 54 72 129 229 60 247 218 70 231 237 123 72 213 74 102
    90 84 76 164 31 236 241 68 70 214 182 2 176 223 22 158 127 152 87
    148 114 95 243 211 33 103 82 226 164 9 193 219 38 170 24 87 89 194
    54 117 19 120 168 33 215 27 91 221 51 197 223 35 5 127 52 182 46 142
    48 168 65 80 227 150 75 244 1 40 254 29 83 170 138 50 38 100 203 8
    42 116 9 166 29 254 39 115 58 105 250 56 213 203 106 149 219 149 212
    132 231 13 51 251 160 180 6 67 119 150 20 157 54 253 69 169 181 156
    68 230 20 213 248 19 144 138 86 177 2 26 197 17 55 137 55 237 185
    248 255 219 151 203 190 232 244 202 174 23 194 191 14 185 94 181 112
    38 169 139 32 124 233 131 37 171 109 133 47 216 125 21 62 230 120
    190 34 52 220 255 208 119 213 163 206 202 248 231 8 243 182 93 192
    10 12 217 55 27 193 34 127 189 19 214 75 49 2 203 46 15 51 96 161
    197 11 146 199 67 203 57 160 43 191 224 74 205 193 169 37 123 28 163
    176 229 116 45 73 3 224 159 183 219 16 147 79 243 177 56 251 204 24
    255 60 128 252 94 182 102 151 1 58 134 136 143 164 188 14 161 144
    150 18 213 78 185 145 172 233 42 43 17 62 174 246 75 66 218 236 94
    120 212 143 61 35 169 93 236 104 184 96 55 104 174 228 151 239 112
    172 63 85 251 132 18 204 129 13 150 86 95 226 184 121 56 98 27 82 19
    189 222 173 101 151 29 45 49 205 41 247 80 205 202 244 207 166 175
    243 152 164 176 244 9 182 67 140 240 76 137 27 167 36 50 35 128 215
    238 171 118 53 76 63 171 171 106 16 183 85 4 9 14 133 69 119 35 11
    92 226 131 217 44 137 33 95 156 254 28 228 9 81 60 68 100 55 29 132
    167 41 87 57 124 57 185 122 212 213 149 233 7 41 185 135 169 76 85
    171 108 84 46 199 194 30 46 191 210 108 150 144 80 122 7 195 128 61
    125 168 200 111 76 227 101 193 209 85 251 240 64 196 250 237 183 144
    31 123 12 71 1 208 16 123 223 49 61 188 246 241 228 201 206 121 151
    254 229 51 127 211 183 93 70 8 141 6 30 174 208 255 109 166 56 161
    65 39 119 185 20 120 43 144 226 198 231 17 161 249 98 194 236 250 98
    86 155 20 123 195 234 5 177 201 4 92 89 56 123 146 164 10 189 206
    252 121 231 58 168 138 181 190 125 54 45 192 169 142 136 55 221 79
    115 136 237 159 160 225 202 100 195 101 163 134 29 226 118 199 3 173
    200 3 151 121 232 253 90 124 238 9 191 189 197 93 118 196 188 229 93
    22 82 253 73 151 133 27 185 98 86 165 79 161 196 123 242 121 213 186
    254 122 18 197 223 24 248 225 166 232 74 171 14 148 223 148 161 45
    138 236 85 127 7 112 10 70 212 217 238 154 121 242 168 170 119 3 99
    122 37 20 252 217 132 81 108 67 10 104 159 72 26 143 77 7 33 13 49
    245 212 55 50 198 237 100 125 52 97 81 114 185 186 41 181 165 250 56
    209 176 225 111 107 167 225 216 75 66 98 4 142 229 62 246 165 39 109
    3 146 66 253 224 76 167 227 143 211 250 119 78 1 144 36 36 233 171
    116 65 150 48 109 214 110 35 113 30 49 203 31 9 220 6 102 61 202 103
    160 179 101 54 167 130 117 13 156 173 246 27 202 71 55 99 153 208
    191 182 130 111 6 63 16 179 148 5 158 5 28 135 100 193 143 148 131
    211 7 96 81 248 102 76 37 98 27 191 230 207 55 87 188 233 127 176 57
    127 58 86 107 161 170 47 47 180 9 142 164 80 217 90 76 36 197 216
    183 211 137 155 176 177 127 148 17 9 216 255 172 102 33 205 165 40
    111 202 125 139 149 132 238 152 217 50 134 182 199 213 155 86 172
    129 186 186 172 253 190 72 122 86 246 117 168 151 161 157 152 189
    177 42 155 194 134 232 251 76 17 104 115 50 179 188 150 248 185 226
    213 9 76 250 158 13 13 206 62 69 96 117 139 88 155 178 156 137 86
    241 50 107 47 143 237 28 164 169 43 44 197 88 184 87 222 226 215 146
    248 4 221 114 103 153 251 252 170 96 226 37 10 229 97 117 103 127
    152 163 104 181 102 241 77 139 102 41 106 125 234 15 88 123 228 2
    204 243 182 34 206 120 111 189 173 54 110 238 129 238 184 179 95 2
    106 26 206 123 183 82 167 188 90 81 157 46 207 201 177 148 165 224
    33 239 57 162 254 33 180 104 153 216 0 203 190 14 251 44 255 34 31
    78 110 84 31 232 21 88 179 209 31 99 84 114 206 133 155 81 18 243 97
    65 44 83 100 255 151 87 80 29 247 61 212 4 158 7 119 232 76 52 41 17
    147 77 246 250 47 11 112 157 176 91 161 182 49 43 190 49 26 44 74 70
    231 81 150 168 49 202 141 235 120 54 69 230 149 55 184 78 181 219
    167 53 181 135 102 184 250 49 15 204 205 157 66 8 28 176 244 72 142
    73 144 248 151 228 197 114 211 203 164 151 178 252 245 53 172 254 47
    111 238 31 4 104 214 79 230 127 140 160 102 106 248 49 147 118 163
    159 72 129 223 57 171 198 63 221 80 189 133 18 224 229 171 94 58 192
    178 208 226 231 101 33 199 75 166 129 105 232 40 238 151 226 9 135
    64 216 30 11 176 53 136 23 67 203 45 89 64 161 179 53 46 126 154 149
    253 7 58 104 4 220 176 35 128 42 12 52 121 84 5 85 7 196 31 150 79
    148 55 126 226 73 139 5 3 97 6 174 29 66 225 16 2 17 66 203 23 214 4
    173 68 150 190 93 47 177 17 224 147 240 174 21 110 221 83 245 203 7
    1 39 253 203 232 108 199 118 16 185 207 21 41 5 205 172 112 176 62
    27 174 154 207 225 176 206 42 214 43 42 227 35 77 198 113 24 166 121
    225 123 11 56 104 224 176 139 148 252 161 11 191 9 227 40 131 12 236
    222 63 55 242 33 234 99 128 119 103 114 40 185 164 68 13 67 210 33
    249 55 232 252 130 139 202 205 74 78 26 152 128 216 18 217 41 26 117
    159 244 225 71 221</data></test_img>
<my_img type_id="opencv-matrix">
  <rows>100</rows>
  <cols>100</cols>
  <dt>"3u"</dt>
  <data>
    255 134 255 126 194 158 184 125 129 43 87 224 10 235 147 124 54 3
    130 233 255 14 159 198 54 255 67 18 239 43 142 192 41 219 250 253
    255 101 249 212 119 90 255 5 202 255 253 149 255 114 5 190 117 203
    52 241 210 232 110 242 255 11 60 124 30 236 112 31 214 4 18 255 199
    36 150 255 49 239 255 5 157 115 38 72 255 255 98 157 72 155 255 116
    172 255 145 196 255 142 231 125 69 255 33 24 164 136 53 140 28 10
    255 250 89 128 255 110 30 255 255 52 255 61 240 242 255 191 74 255
    194 101 80 152 202 162 251 125 78 159 37 145 126 195 187 183 111 148
    157 228 34 201 223 126 255 144 248 117 161 130 246 240 140 94 189 79
    43 143 103 49 156 33 32 255 118 4 240 161 19 22 4 53 33 186 255 228
    33 236 242 90 239 36 17 228 144 210 155 255 219 194 3 110 221 98 146
    80 145 205 29 117 212 249 126 2 128 45 71 220 245 255 135 94 128 1
    129 18 255 59 4 152 193 196 135 4 53 66 239 54 137 255 139 196 221
    226 255 255 46 124 69 237 255 142 255 68 255 220 111 152 13 239 52
    40 248 119 185 115 41 16 241 255 196 255 255 74 239 255 68 197 173
    130 101 98 255 255 11 232 255 171 221 112 218 145 94 147 140 255 61
    104 128 175 255 219 144 220 239 255 196 128 4 242 95 147 212 104 22
    254 255 255 141 247 184 66 20 170 151 204 140 67 60 255 52 62 20 102
    255 255 161 161 208 255 52 163 41 48 163 191 238 3 255 242 255 168
    81 242 125 214 255 186 112 149 67 30 20 114 157 121 204 179 46 171
    150 134 111 42 168 64 240 255 118 13 29 157 129 227 240 67 131 25
    171 140 168 168 255 188 37 255 100 59 126 254 135 255 250 26 19 180
    22 255 204 20 71 24 249 225 56 253 255 204 255 230 136 134 24 191
    224 82 152 127 88 166 141 122 149 126 221 100 32 92 64 53 55 0 47
    255 75 255 33 109 216 6 137 175 102 77 219 194 15 144 255 218 255
    128 76 206 74 173 72 255 254 180 242 164 111 79 78 214 223 64 250
    170 94 93 70 253 67 130 41 157 128 43 255 255 7 253 41 152 132 168
    151 10 42 170 41 17 36 133 255 57 198 194 136 147 74 173 255 255 100
    208 191 145 228 73 43 130 213 77 145 255 207 255 223 79 42 78 163
    255 228 137 130 255 161 156 20 125 149 255 144 56 255 91 41 255 143
    86 157 255 156 158 110 86 161 1 45 5 236 109 73 199 255 17 139 55
    193 209 87 255 193 178 255 210 107 170 233 255 121 3 44 110 196 224
    255 162 221 255 142 150 120 168 255 228 255 64 255 48 146 10 14 159
    204 126 1 255 220 46 41 78 18 255 95 33 31 109 255 31 216 255 162
    255 255 29 243 186 255 206 143 4 233 206 69 192 255 55 123 249 179
    216 77 75 43 13 18 70 7 198 219 255 134 157 190 175 245 29 255 52
    246 59 76 54 200 146 146 255 165 86 8 22 240 29 173 167 131 251 255
    97 17 255 97 31 12 145 239 228 250 194 43 237 111 25 190 70 243 158
    128 126 63 239 78 102 253 34 158 66 66 117 162 23 130 206 18 255 248
    2 15 226 145 219 87 100 173 244 255 23 97 119 147 217 121 23 23 241
    94 185 55 6 87 117 56 255 134 223 188 166 168 206 193 32 83 102 255
    112 244 255 74 96 179 75 255 103 195 110 87 164 255 161 21 238 180
    51 255 255 133 19 255 219 237 14 166 234 14 114 152 255 184 135 154
    97 141 195 31 101 255 190 255 172 25 242 204 43 132 231 139 2 185
    170 83 255 91 173 122 24 29 119 255 103 75 21 173 129 98 237 194 159
    136 33 85 214 32 225 252 69 42 0 246 81 255 226 182 198 255 69 80
    255 178 126 230 6 179 10 86 5 138 226 44 255 221 1 9 158 255 99 172
    110 73 81 1 136 83 45 255 142 163 255 118 46 57 138 109 255 108 123
    77 201 177 77 100 27 139 208 67 255 132 127 255 242 11 140 151 91 88
    152 170 50 112 255 214 231 136 208 212 53 255 244 179 255 111 54 71
    123 149 255 109 7 245 224 200 253 130 225 213 91 212 99 62 214 255
    255 75 79 135 169 182 228 30 52 131 83 204 74 104 159 124 241 255
    175 255 255 213 129 255 45 153 63 115 119 24 23 106 255 51 15 40 140
    171 255 99 15 122 74 251 255 157 95 40 88 23 171 179 14 255 146 82
    171 184 25 91 203 255 139 127 255 18 229 69 253 76 247 255 213 133
    255 87 244 82 58 200 255 56 35 120 150 35 255 61 255 228 160 200 94
    228 149 198 179 71 14 26 0 255 197 206 24 245 11 26 57 32 11 255 89
    255 166 235 143 151 207 173 130 24 110 202 81 108 46 5 214 57 114
    246 26 104 255 86 102 75 6 27 255 148 148 131 172 12 120 217 106 71
    47 171 255 110 139 71 110 58 89 139 234 36 6 122 255 136 12 210 99
    132 108 92 57 149 84 219 255 95 255 159 84 13 131 241 255 185 156
    251 213 74 198 240 154 34 170 203 217 136 155 255 110 242 232 57 123
    186 124 148 228 255 57 215 122 65 255 204 21 82 94 33 239 111 243
    126 8 188 13 227 162 29 255 112 129 121 4 242 227 70 238 175 3 124
    255 90 139 59 17 86 28 135 9 36 23 156 119 203 238 77 53 44 111 14
    116 102 136 212 226 232 58 157 199 84 140 173 33 194 229 220 6 163
    49 255 185 207 29 255 228 85 208 23 85 135 183 17 208 109 45 29 140
    165 48 48 83 216 191 223 141 62 255 161 10 98 1 158 152 136 52 128
    83 9 78 58 255 230 50 212 27 206 204 232 218 235 5 252 208 128 238
    87 255 207 100 69 86 255 175 51 158 165 161 87 168 172 172 140 131
    252 255 51 229 147 159 189 255 225 143 255 31 90 112 11 116 255 120
    196 255 138 75 83 54 207 159 235 227 11 45 173 181 20 22 203 222 149
    218 254 209 180 78 133 163 242 16 255 224 226 213 203 19 172 31 135
    209 163 103 19 107 168 6 21 255 255 145 159 110 133 98 250 232 223
    13 128 4 43 79 255 255 213 119 240 184 168 241 239 84 29 234 92 142
    66 139 56 239 141 40 110 255 255 255 75 168 112 52 203 108 139 255
    40 122 52 249 255 255 76 73 152 45 80 255 5 255 65 182 255 1 90 126
    98 24 167 111 182 158 242 0 193 255 41 62 71 142 106 47 22 238 226
    44 69 111 84 99 14 169 219 84 177 217 255 19 223 4 16 175 99 207 64
    235 90 24 128 239 57 223 96 48 15 190 172 255 45 147 173 252 153 255
    42 228 158 7 155 138 40 137 253 142 123 27 205 34 122 80 41 119 17
    255 255 60 224 24 74 55 189 127 194 54 241 91 167 8 255 36 220 198
    176 255 136 60 199 204 142 124 76 255 169 11 101 114 139 103 170 99
    1 250 41 65 66 106 15 213 33 188 51 255 119 231 22 117 255 174 133
    32 218 1 142 208 205 42 121 122 51 219 129 15 194 117 255 5 153 63
    255 255 111 254 191 128 59 204 90 248 69 250 133 179 52 53 14 182 12
    41 161 255 66 117 250 116 169 102 99 226 223 116 66 23 198 150 192
    129 212 64 172 184 157 18 156 196 37 156 231 143 105 253 68 187 33 1
    229 16 255 63 43 107 120 250 93 13 206 79 37 0 194 208 229 79 117
    212 255 253 184 210 132 0 255 255 255 140 99 255 119 24 166 60 47
    168 255 9 255 175 250 189 255 189 175 156 195 52 255 207 122 75 23
    33 205 252 31 223 255 192 120 155 200 255 22 160 94 98 216 14 242
    206 14 62 149 69 5 36 15 191 4 228 94 4 255 163 72 255 235 184 23
    139 58 56 251 219 244 66 158 148 34 217 46 218 179 33 56 157 87 130
    94 251 48 7 14 41 227 219 134 173 255 39 184 51 80 155 10 111 231 83
    94 255 82 189 204 199 149 213 255 232 212 189 24 148 82 180 44 255
    180 216 255 213 144 139 31 95 255 224 146 255 61 0 55 226 250 255 90
    26 111 51 151 88 65 242 159 180 36 232 44 52 106 138 137 255 117 90
    78 191 255 1 28 123 110 220 83 131 71 122 196 131 72 210 255 77 255
    183 174 203 38 244 255 225 255 255 225 255 255 16 255 171 255 89 255
    100 192 255 55 255 154 184 175 199 2 100 255 230 49 254 78 255 110
    66 68 19 41 41 55 125 27 199 115 101 24 85 103 154 252 155 112 246
    33 54 94 94 255 147 106 184 123 255 168 97 255 255 69 89 255 123 255
    159 142 224 32 9 251 213 188 250 255 96 46 255 30 177 139 114 255
    156 51 105 251 243 182 19 49 19 223 239 121 136 61 138 255 53 175
    128 30 77 112 18 210 20 74 152 255 190 90 36 41 46 255 207 255 255
    94 11 63 163 49 117 78 181 92 49 35 153 161 174 179 40 60 232 160
    226 92 43 109 255 23 146 255 231 218 125 54 179 91 20 112 184 133
    103 57 69 174 144 159 255 170 70 55 255 48 227 255 31 189 37 144 255
    52 182 54 189 183 79 255 123 32 110 98 182 255 133 104 233 255 54
    102 68 14 1 217 18 32 184 255 171 206 13 255 135 124 255 4 140 36 65
    242 203 212 170 226 186 110 163 44 75 219 255 56 80 249 133 182 236
    80 255 164 39 255 132 214 176 13 255 255 255 62 255 136 230 68 66
    167 134 242 246 185 186 172 45 44 249 255 170 60 230 181 196 125 224
    11 145 180 10 223 5 54 205 132 98 182 58 239 203 140 95 121 113 160
    71 149 16 255 231 137 249 239 185 139 243 139 173 243 255 255 127
    146 10 99 166 129 95 241 22 40 48 194 219 45 102 184 229 94 146 54
    202 16 230 240 92 249 56 188 87 52 115 87 26 70 123 27 171 207 88
    116 87 255 55 255 3 156 207 130 222 147 139 227 21 240 124 214 140
    169 255 147 156 77 233 187 141 94 144 13 15 226 65 255 141 43 0 140
    219 64 94 204 255 174 90 255 88 150 255 76 3 255 44 181 153 22 83
    181 169 207 255 37 253 255 241 207 255 43 103 255 24 135 52 103 39
    175 48 69 73 4 244 151 255 255 208 102 204 161 164 195 91 30 164 205
    107 112 255 6 226 255 10 144 126 167 200 77 5 150 194 232 0 78 14
    134 128 71 255 241 127 109 10 220 32 219 7 246 68 85 179 255 97 160
    23 2 84 69 94 88 56 108 135 255 162 93 152 252 122 194 191 214 17 73
    166 196 21 23 255 29 191 124 232 42 233 121 110 74 144 107 255 74
    216 255 148 236 158 255 228 92 71 134 9 68 10 175 245 187 255 47 132
    159 42 10 24 255 11 103 213 104 121 242 129 101 150 130 255 178 207
    73 150 117 200 222 23 255 46 115 131 207 210 255 118 41 194 93 19 0
    104 255 13 41 255 64 43 216 128 240 255 117 193 112 112 133 254 255
    222 2 195 255 1 125 92 255 52 255 152 255 160 101 112 146 127 5 241
    134 91 102 109 46 131 147 176 76 175 255 124 216 24 25 175 255 56 89
    237 204 205 249 212 237 180 245 132 108 38 226 242 128 118 91 244
    153 244 9 98 253 219 25 255 38 82 166 58 133 255 34 234 145 23 225
    26 123 163 138 238 244 97 67 24 194 255 174 179 225 136 98 28 237
    255 155 159 3 180 212 255 57 202 244 125 19 255 121 117 6 123 146
    222 53 118 93 193 192 147 133 91 133 53 128 82 214 103 6 149 164 156
    220 232 114 110 76 38 164 27 240 255 255 147 65 2 171 174 65 255 221
    117 87 255 216 0 248 215 161 255 253 98 48 243 255 54 194 158 215
    247 140 19 41 9 71 57 200 151 112 6 4 69 208 0 155 231 255 156 255
    245 56 213 233 246 64 118 217 235 255 27 255 27 177 171 255 4 75 32
    89 255 218 41 186 217 80 205 174 103 47 202 38 236 150 191 255 211
    44 255 81 117 45 105 78 101 160 160 186 242 54 225 253 101 255 109
    57 63 37 252 97 150 255 156 88 29 214 171 153 177 185 213 14 56 7
    255 168 159 210 173 254 64 213 48 117 97 100 204 132 37 246 231 248
    93 104 143 184 77 41 255 87 11 56 34 140 212 213 23 221 235 13 31
    228 103 159 36 172 144 146 126 70 39 141 3 127 109 6 245 159 255 34
    255 91 117 177 255 156 80 9 52 225 233 192 38 144 241 71 255 199 148
    171 132 155 181 123 62 23 201 42 80 55 152 255 99 30 36 147 255 153
    77 18 255 135 81 254 194 26 78 198 175 136 255 23 255 98 71 255 211
    248 147 15 198 255 43 213 255 254 144 87 120 141 120 105 206 105 132
    8 73 157 138 4 97 39 108 81 186 255 177 11 41 116 196 205 212 255 64
    25 83 214 189 119 74 78 98 218 120 144 78 91 178 175 186 168 182 57
    186 60 85 136 120 126 89 255 245 146 255 189 255 255 38 13 122 184
    255 255 230 195 156 16 220 255 255 255 99 34 99 148 73 129 38 24 55
    255 255 11 255 187 20 186 169 255 83 131 221 255 211 20 107 25 191
    255 218 155 33 116 111 112 132 255 255 198 200 11 246 232 240 32 235
    6 57 91 122 207 237 129 37 219 163 252 81 186 214 218 255 236 0 255
    147 11 255 225 80 79 167 84 153 17 185 255 132 141 254 169 66 147
    220 78 255 74 123 221 24 252 69 66 69 195 255 72 107 49 218 240 220
    208 227 181 39 246 204 255 148 169 178 221 255 189 255 255 117 246
    86 226 184 6 135 91 50 56 255 70 46 144 130 220 138 217 213 255 112
    98 56 240 24 181 78 159 145 3 145 14 242 109 143 90 96 117 76 61 105
    245 14 255 131 254 99 175 159 43 14 68 138 144 217 37 253 72 11 232
    255 255 181 78 94 187 237 13 45 224 152 67 186 56 119 220 255 134 23
    255 207 122 135 123 141 231 230 5 107 109 109 217 186 230 190 45 113
    181 97 161 255 87 94 255 175 69 111 244 244 255 138 58 167 78 159 0
    156 157 4 241 255 40 236 22 255 128 213 142 172 255 255 198 132 144
    226 158 255 177 2 84 230 180 208 14 96 144 79 214 226 97 196 125 22
    146 59 130 255 168 43 87 168 29 219 14 203 255 29 10 2 207 123 170
    253 222 158 255 4 95 255 255 181 214 36 255 8 231 126 99 97 133 51 2
    173 121 127 255 175 155 205 255 145 95 83 117 76 255 168 194 4 192
    214 255 152 19 255 146 98 147 69 255 61 127 179 122 125 53 102 131
    190 194 31 126 255 154 92 255 61 161 152 225 127 196 184 4 255 21 33
    222 95 182 122 11 171 255 92 161 143 56 93 254 87 24 255 51 19 255
    170 173 249 32 156 120 102 192 214 255 43 255 58 135 255 0 134 235
    43 202 255 212 246 255 181 159 255 115 146 170 157 255 10 86 191 102
    156 112 114 125 113 156 18 47 255 4 20 255 40 255 255 180 16 50 211
    22 184 177 106 255 68 82 255 251 208 179 63 65 210 14 67 111 163 186
    231 118 24 241 16 38 255 9 117 239 255 19 212 155 29 31 122 106 255
    182 123 251 244 15 66 64 168 40 227 175 255 255 196 154 110 150 130
    239 137 153 0 171 255 47 232 255 255 255 37 4 242 8 117 53 10 204
    114 4 72 65 148 154 205 107 199 42 121 196 69 23 233 11 94 239 255
    255 179 102 255 151 210 255 108 228 55 77 62 231 5 198 194 249 71
    122 250 126 255 242 255 214 240 227 185 47 41 91 139 219 117 167 3
    255 237 169 79 196 26 98 68 128 71 147 228 250 81 130 79 210 89 193
    167 192 255 154 244 140 198 208 96 32 192 255 255 255 119 138 152
    255 37 158 82 212 216 228 3 24 255 20 68 47 26 33 32 165 250 65 237
    183 133 181 101 217 52 186 24 148 184 255 24 34 80 181 250 156 122 8
    191 4 62 162 189 236 47 131 214 51 216 121 102 173 56 255 123 156
    154 92 239 84 126 185 218 155 9 159 227 103 82 23 255 255 225 223 57
    71 162 4 155 192 255 165 196 199 214 3 107 44 216 75 42 75 140 103
    59 255 124 77 241 178 252 225 239 110 255 131 155 247 203 227 217
    164 172 124 112 4 142 10 133 134 9 127 119 11 14 126 4 72 102 65 195
    93 187 255 249 238 205 255 255 101 255 255 158 107 149 95 255 144 2
    41 88 171 18 93 246 255 196 26 79 168 248 40 143 133 148 193 185 55
    49 10 245 217 43 250 255 104 143 124 135 207 1 231 204 93 255 152
    184 57 179 138 132 85 139 89 167 183 101 24 217 224 255 1 127 6 3
    196 15 10 141 255 199 79 153 140 162 255 127 157 255 1 96 24 196 159
    218 204 86 144 22 15 48 66 167 9 255 117 122 155 96 87 110 244 55
    227 22 22 61 114 8 181 109 255 104 38 115 162 250 128 4 115 156 240
    255 29 57 124 143 210 60 255 248 163 139 185 107 168 92 205 222 43
    231 240 81 15 255 150 124 13 115 156 153 41 173 230 255 228 28 192
    246 179 233 70 13 217 238 114 255 173 107 233 186 46 117 27 255 119
    255 255 189 13 255 227 253 135 198 117 255 198 244 247 245 255 70 66
    127 96 42 220 47 174 169 203 74 191 255 208 140 196 38 73 235 239
    133 181 226 59 255 197 26 13 112 177 255 4 64 50 107 70 98 192 47
    255 16 248 122 239 255 240 66 124 176 172 214 157 255 173 143 93 56
    148 178 223 105 136 246 69 137 100 255 65 238 102 78 213 223 62 155
    22 230 21 24 69 255 5 157 10 34 45 110 56 131 232 170 72 130 218 55
    7 107 155 30 241 255 226 42 255 168 78 135 83 89 207 72 88 217 255
    227 113 121 255 107 198 170 157 80 24 29 250 235 209 135 255 7 190
    255 108 191 84 79 77 255 209 105 196 41 58 250 74 182 46 139 35 9
    126 229 255 32 132 79 86 122 92 174 224 255 169 172 115 122 182 255
    54 64 255 179 29 232 117 255 102 212 255 57 190 19 59 188 103 255
    255 195 255 241 180 163 103 239 172 151 237 136 233 100 240 102 200
    107 92 209 216 163 208 54 115 118 55 101 143 4 40 255 129 143 16 255
    109 119 5 255 225 177 174 33 117 246 106 255 31 200 194 209 112 255
    210 194 195 124 226 189 26 111 121 255 60 156 73 104 255 186 87 93
    194 80 255 146 130 55 210 102 176 40 148 255 76 167 200 124 223 198
    94 196 125 117 206 161 117 133 255 25 183 255 8 27 14 51 73 165 22
    21 188 228 244 255 170 255 255 127 198 149 130 125 247 95 43 124 141
    147 255 255 122 210 77 135 255 255 136 255 1 193 6 131 101 64 84 57
    255 2 136 15 116 170 102 110 129 73 182 32 250 10 54 126 182 96 31
    127 187 255 67 255 255 46 135 161 236 255 79 5 137 236 157 255 177
    236 130 255 206 116 172 187 215 38 90 77 255 169 164 57 246 124 255
    110 198 255 237 140 189 96 141 218 255 160 85 99 201 255 215 224 8
    164 127 125 76 190 117 46 213 112 19 87 136 68 225 42 72 80 106 201
    184 246 92 203 144 224 56 228 151 255 161 255 137 57 163 23 50 232
    76 159 103 114 63 119 206 20 38 179 255 132 247 255 66 255 241 145
    113 138 41 217 156 182 89 255 38 70 255 53 255 93 225 243 15 24 156
    149 90 78 166 182 37 255 222 143 3 155 76 255 8 20 105 130 55 158
    175 175 233 126 132 255 21 147 196 126 250 255 71 212 255 249 82 96
    93 246 126 236 195 125 155 50 148 134 84 255 182 44 136 255 52 255
    252 210 140 65 12 13 60 255 245 105 101 128 1 190 228 175 49 165 131
    255 255 74 147 175 61 114 144 69 31 208 98 227 221 137 26 70 76 20
    177 111 214 108 239 103 253 231 119 255 255 251 255 90 218 96 242
    189 255 233 147 112 138 71 60 243 114 60 137 201 121 157 48 65 245
    37 74 255 174 34 62 185 249 159 224 78 105 151 52 181 54 255 246 255
    64 204 59 159 63 186 122 127 101 255 212 183 209 160 37 59 161 141
    255 134 61 182 46 177 202 246 237 166 63 117 50 241 160 255 175 79
    233 64 92 143 245 231 212 189 43 189 61 237 48 123 92 9 21 168 6 175
    241 114 119 225 87 164 81 40 89 24 226 115 39 253 217 214 144 166
    255 143 133 185 46 209 226 162 211 46 228 194 31 246 51 79 255 44
    157 135 246 168 255 110 57 116 11 91 55 255 32 255 255 11 255 48 255
    28 207 5 255 6 10 255 241 125 78 98 14 87 177 107 131 146 144 3 207
    202 148 181 26 255 47 58 250 209 239 45 220 61 255 131 125 209 149
    104 182 3 122 217 56 71 186 95 228 56 132 39 235 145 68 31 206 247
    46 242 229 194 197 231 249 0 14 179 63 151 38 105 130 255 60 122 65
    110 114 205 191 123 55 107 56 93 225 117 131 255 95 89 170 201 210
    158 255 255 217 104 210 139 252 173 32 19 68 158 104 255 20 54 255
    83 46 57 220 59 6 32 137 255 33 83 91 51 118 121 138 32 189 204 122
    208 57 117 14 60 98 64 249 255 71 152 255 75 168 9 255 246 224 22 26
    57 254 88 248 205 91 127 38 185 239 172 152 61 78 255 185 54 251 68
    166 212 53 161 230 130 205 15 160 89 45 32 70 70 27 240 119 11 255
    13 156 176 135 144 26 34 0 255 203 22 79 127 250 205 239 207 191 241
    62 130 179 148 255 109 232 255 130 208 255 210 124 36 111 200 216 56
    177 128 225 126 255 36 255 247 119 56 255 34 8 255 255 239 22 211
    255 255 238 210 61 239 209 110 240 255 255 61 224 52 16 184 105 47
    46 184 118 219 105 45 133 27 95 13 13 148 182 121 103 200 255 222
    128 144 114 114 98 87 96 156 68 255 255 113 86 34 167 18 158 19 166
    84 34 251 223 203 37 180 46 66 255 70 134 255 255 11 77 231 119 74
    184 172 88 101 235 38 180 69 255 130 179 103 185 219 13 87 200 255
    202 162 101 55 49 255 1 81 24 84 13 9 91 196 255 114 204 105 132 221
    179 255 72 236 9 58 0 188 114 93 102 163 42 229 103 111 102 147 139
    148 71 219 23 72 254 62 171 80 212 173 91 172 251 255 226 35 112 253
    30 167 249 185 103 252 186 69 164 248 233 197 35 230 124 166 140 140
    50 83 228 71 246 202 115 28 233 255 134 180 30 225 76 96 46 172 229
    29 80 173 171 228 223 255 139 66 255 145 105 210 23 162 205 225 49
    251 96 81 131 6 14 233 170 102 144 220 166 207 69 208 101 246 190 96
    161 124 38 166 5 71 109 117 97 3 75 239 117 21 255 122 212 106 151
    207 218 222 219 205 245 55 125 252 52 158 65 57 233 246 29 69 11 136
    94 69 86 189 14 219 61 141 101 122 75 149 228 19 232 216 234 227 235
    45 213 78 112 255 115 79 59 181 164 191 205 127 135 114 102 255 63
    15 178 255 231 16 43 58 111 65 198 57 135 255 166 103 38 23 89 197
    252 45 212 20 255 126 255 213 6 43 194 203 255 66 103 138 33 105 98
    135 168 113 179 72 105 79 83 249 195 213 79 45 226 58 14 255 58 255
    168 162 57 62 168 31 40 99 24 251 10 245 219 255 105 46 145 255 115
    255 255 134 29 60 155 103 186 112 117 87 104 178 143 128 5 6 42 134
    255 215 122 255 217 155 255 189 241 216 41 249 31 60 212 255 34 50
    255 41 21 59 105 224 255 189 13 3 207 155 145 255 221 255 3 234 228
    170 183 255 194 46 153 84 3 98 241 79 70 135 164 149 235 123 26 41
    139 110 227 174 151 255 24 247 194 129 9 141 197 255 50 84 41 14 12
    33 220 98 77 217 210 84 73 23 255 235 206 70 130 55 255 123 213 230
    157 127 115 36 247 230 218 2 93 56 231 255 207 56 255 255 133 51 171
    76 254 48 86 103 87 15 212 255 70 172 78 36 17 58 43 239 0 177 226
    255 99 203 183 255 112 246 180 196 99 139 255 36 24 253 39 247 255
    202 109 194 189 32 175 155 128 172 43 16 182 39 235 255 239 210 255
    156 157 68 187 186 255 255 42 82 20 39 255 72 77 125 237 255 135 238
    225 255 157 229 255 169 181 255 207 141 200 96 173 89 154 12 158 100
    212 64 255 72 198 181 128 64 189 192 255 163 205 115 185 214 93 204
    31 101 27 35 122 195 248 247 75 247 23 141 147 177 149 141 124 1 147
    75 108 197 89 253 102 142 159 58 172 213 237 149 109 38 247 203 39
    255 39 167 255 71 255 255 39 255 156 145 139 121 204 221 188 135 20
    175 208 106 205 152 248 209 2 140 255 128 189 29 221 91 107 184 1 70
    225 166 70 237 255 107 38 65 255 143 255 255 238 158 55 130 238 255
    78 11 196 194 140 85 116 254 23 151 252 138 107 255 255 116 111 142
    190 250 236 166 169 54 139 41 40 228 129 78 206 225 1 57 8 189 194
    157 110 229 167 60 75 45 108 215 91 105 44 23 5 241 255 208 137 227
    255 46 94 91 254 225 255 56 207 52 24 96 153 88 208 255 240 255 17
    185 248 157 17 94 3 160 241 255 118 8 241 144 78 130 130 175 57 248
    117 255 144 255 207 224 60 54 222 173 159 237 90 40 184 15 255 255
    216 225 88 123 154 224 203 134 73 8 255 112 39 184 167 255 97 13 144
    106 255 137 255 136 89 1 78 123 255 109 75 222 185 242 247 181 208
    172 238 232 119 155 190 255 196 241 158 194 254 129 222 227 253 222
    190 57 101 31 237 57 94 108 110 77 69 183 89 3 252 56 168 100 42 255
    215 43 221 1 144 199 203 81 255 249 255 198 227 160 41 227 221 89
    195 7 55 53 255 200 254 201 142 235 73 255 125 79 172 87 190 15 165
    133 186 36 182 255 248 9 236 177 242 17 179 238 156 75 3 255 134 172
    83 33 94 194 207 47 185 203 31 142 13 253 162 255 4 13 13 43 121 232
    67 153 130 212 213 140 2 71 132 92 255 217 184 111 255 255 217 74
    100 242 53 49 255 252 147 15 126 62 228 139 57 255 40 255 175 138
    251 4 126 146 255 42 32 103 1 61 182 196 29 255 41 227 151 147 158
    177 113 31 89 70 232 152 172 249 31 65 59 0 217 103 255 100 200 241
    255 244 66 215 182 173 48 182 77 217 133 231 124 158 65 52 158 196
    39 118 225 28 101 161 187 98 159 74 103 79 45 64 24 246 73 221 81
    242 9 203 137 166 27 84 89 26 116 66 134 232 255 107 244 182 170 255
    255 230 196 156 255 88 45 60 158 255 120 123 255 156 250 227 122 47
    255 193 61 222 54 134 131 36 112 255 10 132 47 254 94 82 51 45 255
    72 210 235 203 127 184 117 34 194 185 177 136 198 153 255 215 251 85
    119 52 107 234 195 122 142 193 136 190 16 235 190 92 221 128 253 158
    215 201 193 199 41 6 220 118 255 246 35 226 178 41 78 177 232 255
    147 248 94 215 187 246 149 84 128 85 179 235 242 89 221 151 149 255
    156 90 219 17 200 3 75 219 255 147 229 232 138 225 108 33 255 112
    159 164 196 118 255 255 255 242 223 24 50 158 236 186 91 234 44 154
    245 255 166 43 107 255 57 116 173 137 173 110 197 37 172 54 91 148
    58 79 154 149 155 255 66 255 255 104 255 94 117 141 245 185 255 255
    214 7 9 222 255 194 220 32 61 30 152 255 174 20 149 97 253 219 167
    41 20 171 172 94 60 159 9 239 230 255 224 31 116 81 229 191 47 163
    255 101 146 110 105 191 120 244 5 166 239 240 36 205 209 23 162 76
    149 29 229 255 107 9 214 177 191 255 54 88 255 169 8 10 85 221 51 77
    255 199 147 255 171 20 255 138 42 160 255 25 201 255 171 220 255 9
    111 108 93 114 255 144 255 168 79 20 177 255 46 255 37 34 244 206
    132 33 28 29 128 147 163 4 86 255 144 198 102 205 192 170 111 208 49
    3 108 238 94 191 68 69 122 111 117 255 155 129 64 41 180 196 15 242
    108 166 98 69 235 26 62 100 254 41 91 33 212 93 23 27 32 255 100 255
    255 195 80 18 211 105 74 141 150 255 73 117 255 179 80 112 140 228
    177 66 255 63 185 3 161 27 185 198 92 93 143 19 255 236 255 0 255
    123 224 255 138 7 106 108 48 255 71 132 143 248 250 22 184 1 255 164
    43 108 227 144 102 240 52 173 29 34 157 139 192 54 212 34 255 178
    255 114 211 240 255 60 255 18 227 155 207 250 77 177 36 114 255 85
    228 136 81 147 255 116 91 255 225 24 119 42 1 255 162 102 226 114 73
    255 107 255 125 43 178 255 227 1 218 162 135 3 87 182 255 232 118
    255 53 179 191 244 79 28 152 255 241 194 147 241 75 207 158 117 55
    223 154 191 175 233 253 255 255 1 166 42 70 239 195 167 19 10 218
    255 72 246 151 148 181 255 248 96 26 245 229 255 174 130 87 4 242 19
    120 189 15 125 43 80 232 138 47 147 32 222 107 150 255 76 99 180 206
    64 255 52 45 255 250 123 31 117 149 231 72 20 33 31 26 170 26 80 228
    50 158 255 130 255 130 227 252 157 92 255 108 92 221 175 46 88 65
    162 111 93 121 219 92 17 79 96 22 215 69 87 127 75 37 88 51 225 170
    24 222 237 255 8 194 217 202 255 246 100 200 77 255 102 55 169 178
    241 253 232 246 58 255 133 98 206 119 33 173 122 108 92 79 186 187
    77 30 255 241 3 149 135 237 255 244 194 49 250 20 235 87 77 226 190
    103 99 34 158 150 245 174 55 34 111 71 171 121 179 115 0 101 255 130
    48 125 10 194 42 72 77 61 118 100 91 190 99 97 206 243 57 13 39 218
    123 47 70 16 137 204 255 163 147 219 48 161 114 217 255 6 255 184
    122 217 157 255 231 34 255 106 255 163 55 66 15 75 6 182 44 9 157 95
    36 251 61 199 222 65 255 178 105 179 21 213 240 249 123 235 126 255
    65 131 42 250 183 81 88 193 135 145 231 192 255 9 239 175 71 240 161
    197 61 71 43 229 42 178 249 255 217 35 207 215 126 59 4 65 40 137
    225 176 19 217 193 112 0 51 148 169 255 62 100 85 22 3 157 102 89 98
    128 217 170 239 41 99 61 255 143 210 48 138 209 171 241 155 232 208
    41 247 120 240 87 124 65 140 221 81 253 157 255 44 129 195 255 190
    123 16 22 233 31 38 38 255 185 204 71 102 115 246 96 34 255 255 173
    207 255 121 238 8 228 139 78 6 248 213 36 197 75 21 255 232 42 219
    156 155 144 32 120 255 221 97 163 26 21 91 153 44 71 253 189 24 20
    255 255 32 54 145 198 29 66 22 43 75 246 164 217 5 190 128 116 11
    185 186 137 31 175 133 128 255 224 135 89 39 255 85 48 91 87 140 78
    124 14 255 36 185 228 255 114 107 54 27 236 6 212 48 99 243 132 26
    255 12 189 188 182 92 7 103 130 44 95 255 142 123 27 255 130 77 123
    41 247 222 255 89 199 53 71 97 209 189 227 186 188 50 118 255 128
    232 255 242 96 255 63 203 232 128 197 138 210 255 99 134 47 55 210
    184 255 156 156 50 148 8 42 226 14 43 138 220 185 232 31 249 34 187
    96 211 137 236 122 255 179 255 72 255 214 135 253 25 254 249 105 183
    139 210 239 255 226 14 194 238 102 50 254 86 255 108 78 249 144 138
    122 238 46 255 7 226 106 169 255 108 94 12 77 0 69 249 54 150 106 57
    83 255 120 96 255 123 147 103 198 192 126 255 52 255 179 8 85 37 59
    255 194 170 221 86 153 134 110 231 13 245 157 255 98 144 255 91 130
    71 28 109 31 169 141 255 181 146 247 194 179 89 89 250 255 127 242
    255 169 221 255 217 146 255 26 87 202 189 174 175 84 215 19 52 172
    130 181 107 182 104 179 145 225 180 48 85 105 83 89 111 112 55 255
    105 255 223 255 31 255 203 236 195 163 90 56 255 238 200 138 181 49
    255 50 129 255 90 21 144 213 94 47 120 152 4 235 98 82 154 7 161 21
    207 34 11 226 226 89 152 111 62 161 255 170 134 73 210 152 88 11 25
    75 255 187 255 97 60 115 66 217 255 94 238 26 210 32 75 190 30 152
    255 22 92 161 114 101 255 162 255 93 138 182 44 178 14 145 75 166
    173 19 134 22 126 176 27 33 239 255 179 255 161 44 136 168 71 92 183
    250 226 196 88 26 139 69 144 210 202 51 112 60 171 89 156 208 132
    194 114 134 21 14 202 16 136 120 255 255 136 224 255 77 96 68 233 58
    115 131 170 27 255 76 255 56 198 75 48 181 75 186 200 188 114 130
    247 17 8 124 226 112 101 9 255 135 31 255 85 100 105 159 109 86 255
    194 151 225 57 49 195 230 173 46 53 255 4 145 255 255 88 32 24 239
    175 124 7 251 255 246 155 226 235 255 177 27 255 9 191 18 255 185
    137 184 236 241 93 48 255 185 9 60 233 63 138 74 53 11 255 142 141
    255 101 90 96 63 255 13 61 167 205 251 207 116 31 163 232 213 145 47
    39 200 242 20 255 117 100 93 194 4 43 255 195 126 162 198 2 122 255
    65 84 43 3 96 178 175 153 125 114 213 112 242 255 118 101 223 77 50
    54 140 255 130 216 82 101 255 234 214 42 16 163 2 255 51 115 207 41
    238 93 42 96 254 46 100 175 37 71 129 204 158 203 200 124 19 255 185
    64 179 118 207 195 125 138 222 15 220 255 90 2 255 206 231 161 137
    213 200 172 29 255 162 205 112 16 255 255 249 8 4 87 20 89 11 214 80
    50 130 255 152 129 255 127 80 106 65 253 145 201 235 255 250 66 34
    235 115 181 255 180 255 77 223 6 115 255 255 141 42 36 80 153 139
    193 24 181 209 234 153 25 2 255 105 163 125 213 105 124 156 162 255
    9 88 101 178 255 255 148 147 91 235 31 82 102 14 66 108 255 88 133
    178 152 104 178 119 167 133 18 21 215 41 207 186 255 17 26 99 154 43
    159 195 43 14 26 46 64 49 196 184 55 242 122 42 243 179 184 102 139
    50 45 255 111 77 4 255 30 142 72 203 208 30 240 170 205 92 255 231
    21 170 203 150 230 117 228 195 30 158 199 66 33 255 37 48 255 155 57
    255 103 209 171 253 2 163 136 106 154 96 77 207 154 255 255 238 117
    255 26 183 218 70 102 251 245 66 255 191 11 156 32 27 144 251 69 186
    28 226 212 46 83 210 183 191 255 132 220 71 136 32 214 103 175 223 9
    90 249 72 87 179 234 232 200 139 34 156 180 48 255 197 45 11 193 133
    145 179 21 1 255 48 52 197 255 255 88 203 1 122 251 114 251 4 57 190
    255 179 241 162 9 36 70 255 114 61 255 120 103 143 4 111 131 99 10
    255 14 244 184 115 30 189 219 173 184 253 101 216 98 136 255 94 14
    61 83 125 255 217 1 255 33 255 182 255 111 237 22 196 64 228 247 14
    42 70 55 165 33 232 231 136 51 208 238 31 230 255 147 113 206 225
    183 16 34 210 180 190 152 106 20 74 255 255 110 35 240 255 56 96 65
    48 226 255 57 222 56 185 208 97 87 255 13 158 167 241 0 46 173 255
    159 48 255 87 157 255 110 184 53 134 254 219 162 150 255 10 136 89
    255 142 122 85 15 160 45 252 219 255 189 255 112 46 255 255 209 83
    170 43 255 166 208 203 255 177 67 36 116 255 126 155 255 180 164 132
    134 255 61 78 24 11 135 57 20 216 19 47 4 3 78 50 43 5 145 215 53
    188 167 82 255 236 55 181 99 117 157 248 255 142 164 255 255 128 8
    217 111 4 154 86 204 167 107 123 75 195 194 255 167 76 255 242 181
    36 69 203 143 252 21 189 18 185 116 30 212 52 197 64 78 89 140 255
    28 201 255 253 200 255 56 98 70 178 192 93 124 26 240 85 79 129 146
    144 138 68 177 135 208 252 241 199 24 193 9 254 110 228 42 255 228
    148 41 234 255 57 243 255 151 78 221 60 95 179 255 232 255 122 30
    104 254 78 104 110 188 255 75 4 87 195 85 151 244 171 5 77 152 167
    20 167 255 244 209 247 255 83 172 1 206 170 108 37 126 20 168 187 42
    213 60 189 69 73 219 58 113 255 189 247 162 209 251 33 58 14 209 37
    105 142 102 123 233 60 29 0 199 58 117 15 243 128 131 134 255 180
    129 70 215 3 107 58 81 167 62 112 14 22 255 70 217 11 92 127 207 114
    112 2 255 177 255 80 63 221 88 233 241 232 199 237 19 30 240 188 205
    91 219 3 255 255 196 234 102 194 89 163 183 49 64 208 23 133 33 125
    159 31 238 228 225 50 230 4 255 255 123 99 255 186 247 255 104 208
    87 45 103 68 71 230 251 198 110 255 140 217 28 15 0 143 177 255 122
    248 166 202 220 174 218 75 255 93 61 153 207 194 35 208 51 126 38 29
    11 68 201 87 116 107 209 94 24 38 255 156 21 63 163 61 140 46 2 217
    47 169 75 51 30 204 236 42 42 167 43 255 54 53 98 234 93 200 162 203
    255 88 98 111 110 38 255 56 5 51 2 181 106 115 29 59 101 99 43 54 2
    20 233 197 83 157 255 130 244 247 3 228 133 255 239 84 207 105 193
    92 60 143 195 79 60 4 233 251 232 19 216 190 9 21 207 227 255 71 38
    42 230 255 83 255 225 36 57 21 187 172 112 226 122 39 88 250 133 242
    122 171 236 4 17 46 133 222 117 223 255 135 40 255 27 116 11 55 0
    242 95 255 109 127 222 167 11 61 139 12 84 142 15 24 94 203 219 234
    129 255 14 125 194 1 217 255 52 138 116 160 221 54 197 232 255 104
    101 85 51 201 71 30 153 94 117 247 64 62 1 102 5 70 255 122 224 142
    36 82 176 224 19 255 63 200 157 7 109 198 175 255 244 14 83 177 71
    236 255 41 163 255 131 113 255 84 192 77 138 251 194 91 39 255 16 38
    87 130 29 255 70 59 255 156 60 57 10 180 214 198 197 103 89 250 66
    101 31 38 138 26 255 83 255 255 81 189 255 225 59 255 230 31 255 184
    251 99 208 48 162 178 43 246 204 255 51 11 77 22 0 44 120 45 205 226
    239 3 1 56 218 11 67 255 225 185 174 255 245 0 255 67 255 228 255 37
    135 9 255 143 118 11 103 125 78 119 149 141 124 107 229 226 148 133
    91 155 14 179 47 163 71 121 255 19 210 71 216 231 10 91 255 22 159
    28 71 32 112 52 85 27 169 181 209 119 210 190 96 74 112 116 52 212
    146 255 182 4 26 26 11 212 206 92 181 255 198 126 222 255 255 87 164
    202 107 243 29 63 152 9 220 202 0 14 180 185 198 197 216 7 206 170
    137 5 55 61 155 46 196 190 255 8 166 115 79 124 255 80 237 182 76 66
    179 197 53 244 65 206 38 218 1 255 174 46 255 215 105 70 108 37 254
    195 189 218 34 225 227 167 34 202 242 146 33 45 195 241 66 68 255
    163 126 119 87 84 255 45 231 83 38 140 15 255 107 255 195 116 106
    239 237 255 199 115 27 10 57 255 238 193 210 1 33 230 188 135 255
    148 194 34 83 68 255 213 255 255 44 210 3 99 73 223 36 162 69 253
    210 194 197 174 46 17 170 22 226 217 19 28 13 255 197 114 147 100 71
    125 210 32 236 175 109 181 132 168 180 255 255 170 255 192 255 6 134
    138 228 88 129 40 71 175 17 49 213 41 255 14 255 86 218 159 12 255
    90 213 56 255 13 198 249 8 255 66 225 102 56 246 165 244 225 157 113
    50 255 255 255 232 154 137 255 205 137 98 255 250 63 149 107 85 245
    209 105 86 62 176 167 100 117 255 162 68 121 192 94 142 103 102 73
    255 244 157 34 55 240 237 114 255 134 227 215 202 98 50 2 64 73 185
    255 255 115 60 114 255 130 228 214 124 15 1 8 19 41 129 238 60 255
    143 173 101 255 101 182 61 98 51 74 255 162 100 20 217 102 220 255
    126 177 221 211 185 255 36 255 55 156 24 29 108 24 232 253 5 98 137
    78 198 116 141 93 173 57 231 218 250 255 151 88 207 19 183 112 143
    171 237 240 228 255 135 212 255 86 246 235 255 98 175 132 3 255 254
    255 17 233 95 255 212 96 108 72 149 255 233 255 51 255 175 126 10 91
    255 246 20 230 44 215 13 151 101 255 63 133 128 47 113 255 142 109
    247 233 127 148 164 21 117 33 201 175 199 65 107 96 43 228 252 122
    255 144 239 19 230 166 142 244 5 212 160 243 152 152 216 228 110 197
    163 159 45 184 255 147 15 249 99 129 4 60 143 225 99 255 248 170 253
    175 140 177 243 60 74 38 66 153 137 255 255 71 148 15 255 76 186 232
    146 255 254 217 26 21 177 26 0 255 255 44 21 198 173 1 255 193 213
    73 123 41 73 115 255 11 206 43 83 185 208 66 8 221 181 145 101 254
    219 94 144 66 84 202 1 243 180 124 210 28 40 206 239 46 132 42 136
    153 151 175 255 152 111 19 255 178 201 175 36 113 184 26 76 66 117
    191 10 253 102 3 13 123 128 105 255 199 134 2 70 221 91 22 224 216
    98 163 77 255 2 69 255 255 132 33 124 223 158 30 254 231 137 242 93
    5 50 70 49 247 199 216 177 70 76 255 117 218 89 34 21 255 255 69 86
    32 71 12 133 245 127 255 185 48 40 32 216 105 46 149 230 86 112 255
    214 138 106 192 171 153 4 15 255 150 255 254 78 255 18 92 138 28 49
    255 9 69 84 28 116 9 139 255 255 202 123 234 63 238 238 255 177 177
    255 165 214 255 255 43 4 171 172 94 76 203 24 79 112 214 198 55 250
    255 124 83 92 207 231 179 231 11 118 23 255 148 182 8 234 255 148 81
    189 176 86 227 255 185 72 22 232 145 255 160 2 255 87 204 110 210
    174 189 187 157 255 43 241 139 69 45 255 188 252 202 123 255 92 90
    49 255 51 48 32 85 246 213 49 3 43 173 153 56 245 166 64 255 255 31
    203 121 255 190 205 244 220 255 102 78 225 80 99 41 139 219 246 255
    255 251 71 55 112 112 211 234 115 52 225 120 175 204 255 118 145 168
    255 209 14 147 4 97 194 255 193 219 121 10 43 189 0 67 42 9 233 246
    61 126 250 255 182 9 217 0 94 217 38 84 255 212 31 139 158 230 212
    238 195 173 246 255 154 107 178 19 238 21 64 210 54 47 245 14 112
    195 204 255 192 166 255 64 7 207 255 175 216 104 232 255 207 10 255
    255 219 103 231 128 43 255 255 255 165 109 11 57 255 80 8 91 255 16
    196 157 17 113 66 104 11 101 212 143 255 141 38 82 40 58 42 7 194 23
    107 71 108 30 193 40 227 25 182 41 138 99 252 24 177 55 42 242 194
    81 213 32 29 255 159 64 255 110 194 105 23 114 196 136 8 255 236 14
    207 215 34 134 61 255 157 66 255 40 160 23 255 237 255 214 242 24
    182 26 103 223 101 101 255 39 155 228 84 143 184 152 29 73 225 240
    170 151 3 200 141 13 107 0 244 9 163 255 214 13 94 19 41 118 212 183
    251 151 212 189 204 244 171 65 94 255 255 24 111 255 100 61 159 148
    166 255 180 208 148 3 166 225 255 170 222 65 200 255 172 34 145 154
    84 255 168 125 255 61 52 128 246 16 228 196 156 145 101 151 13 155
    10 182 236 88 89 250 255 82 93 255 184 87 124 54 250 255 120 118 168
    29 125 247 207 34 114 230 255 35 190 102 194 241 146 159 226 196 2
    208 166 56 254 235 208 168 253 57 255 144 141 143 206 209 172 118
    158 8 11 111 239 149 139 246 124 177 185 213 38 255 14 16 251 105 4
    255 147 75 198 255 164 68 225 255 88 220 42 176 103 7 125 54 151 115
    168 255 255 222 20 40 189 213 158 96 2 177 226 66 60 255 110 200 88
    189 33 210 134 255 255 153 24 212 190 254 212 87 232 246 190 138 151
    224 163 99 231 151 56 214 19 177 172 227 166 140 172 219 249 153 98
    255 85 241 127 255 163 255 69 117 180 225 172 148 111 91 255 46 207
    43 101 163 5 255 9 128 221 216 48 216 243 177 42 22 215 237 85 10
    255 241 39 255 68 190 235 154 58 255 126 183 166 255 21 78 236 150
    91 224 32 83 255 37 69 31 204 171 85 78 47 31 100 251 164 34 157 127
    31 28 14 5 133 78 203 93 175 25 255 230 205 212 238 192 255 130 177
    103 248 255 26 147 137 47 194 147 222 17 95 33 13 177 103 234 68 255
    255 192 99 154 114 159 192 160 255 218 39 80 118 73 82 235 62 208
    168 255 168 119 250 98 187 190 255 98 80 196 246 254 194 27 255 209
    197 196 230 173 157 239 255 95 219 255 103 213 105 180 122 181 16
    255 135 22 230 132 114 255 182 137 85 91 121 6 9 226 136 197 39 250
    98 149 255 245 26 255 57 61 194 13 156 202 222 79 111 184 229 27 199
    143 138 239 93 166 255 59 144 237 118 249 161 255 102 104 210 134
    111 20 255 183 162 89 94 167 255 194 217 88 175 255 255 167 123 255
    186 54 255 141 255 145 108 180 222 255 255 207 57 34 11 236 255 26
    255 255 227 80 221 73 240 113 157 255 111 96 171 255 255 89 134 255
    52 223 128 207 104 179 166 36 38 255 78 111 115 105 223 194 255 213
    227 206 209 36 144 235 205 109 3 9 244 135 222 112 142 255 78 255 45
    203 247 79 221 189 255 115 255 152 144 8 255 243 255 149 227 255 94
    213 255 22 216 199 168 36 249 155 173 103 72 31 106 42 115 203 81
    231 176 88 185 247 244 43 57 101 5 94 147 141 186 168 170 41 80 203
    38 40 125 255 114 193 88 230 48 255 152 111 0 183 103 255 252 99 255
    127 159 255 13 236 87 241 232 255 39 255 6 182 133 255 137 170 255
    156 255 242 253 67 69 70 41 15 220 1 255 255 61 253 132 189 50 145
    185 240 128 11 99 164 90 255 85 217 136 163 132 117 243 255 255 41
    25 172 95 151 255 60 33 156 168 118 198 68 10 8 32 234 70 141 106
    253 21 105 98 221 146 28 126 11 77 40 252 162 22 105 37 215 255 162
    133 248 255 45 243 200 28 209 145 60 70 73 31 113 32 99 218 6 206 54
    232 90 34 228 119 255 255 255 129 125 202 32 9 157 18 136 204 77 79
    110 128 245 162 255 52 41 101 176 140 170 99 77 106 139 96 255 177
    89 235 8 112 116 255 198 124 255 177 238 172 109 70 255 215 207 75 9
    86 80 230 164 64 213 65 79 226 8 255 217 12 57 140 149 148 155 255
    245 1 125 242 255 196 219 232 110 79 210 149 255 146 148 78 39 255
    247 164 36 218 136 125 196 105 109 223 68 129 37 244 78 154 255 76
    51 188 255 255 74 185 255 25 44 63 20 116 161 147 191 165 80 31 133
    228 57 29 191 236 184 254 200 46 165 255 255 117 99 83 96 77 84 174
    157 40 217 238 249 40 202 255 180 133 126 195 47 91 218 70 172 46
    255 111 213 205 73 191 195 79 110 184 255 155 235 255 138 215 189
    238 111 255 166 143 119 192 115 216 142 87 255 122 133 20 87 213 85
    28 225 140 52 157 157 255 197 19 255 240 255 47 182 59 89 86 106 72
    231 152 187 202 145 39 140 253 41 39 212 177 36 255 148 86 255 152
    255 128 186 247 92 209 187 99 231 103 242 105 103 20 213 92 255 161
    26 230 185 20 87 190 164 198 23 55 77 43 200 255 2 33 130 218 1 77
    30 255 82 135 182 120 71 158 255 218 129 218 240 252 8 55 255 171
    116 7 153 222 72 45 97 106 255 7 146 79 22 20 162 197 121 59 201 160
    129 99 81 247 255 82 255 60 226 114 236 174 148 41 132 216 23 75 176
    207 59 172 128 255 255 71 255 151 16 255 9 116 255 255 51 192 255 67
    105 255 144 225 110 140 214 255 127 14 23 135 166 171 248 104 108 26
    182 161 72 201 73 32 31 36 246 255 255 151 73 37 11 126 112 207 207
    147 7 9 108 109 252 170 102 43 17 102 113 255 188 14 114 224 150 255
    76 93 153 109 107 218 38 57 157 8 37 237 7 93 144 233 244 27 141 255
    135 55 81 55 90 65 219 42 33 60 218 76 253 96 60 142 232 35 153 177
    55 99 236 181 255 193 202 103 214 125 255 178 54 255 41 186 4 197 83
    19 99 105 255 90 174 205 218 200 219 2 7 112 162 255 255 196 49 75
    11 225 19 112 156 73 1 178 159 255 19 255 164 118 140 171 198 185
    209 239 26 100 49 255 250 255 1 197 31 69 250 27 255 170 124 221 217
    149 255 152 4 255 52 248 106 70 41 116 198 255 85 214 21 255 57 121
    255 220 77 97 78 200 255 174 44 204 75 19 40 141 130 182 246 252 101
    47 10 196 166 186 82 32 255 59 2 234 255 255 236 59 18 255 255 255
    23 13 168 96 176 13 128 173 21 227 106 188 147 0 161 86 75 182 16 82
    32 77 239 239 179 254 48 255 84 37 255 84 67 255 19 16 116 186 253
    174 186 237 220 255 30 255 255 115 168 255 97 125 245 152 255 209
    252 84 73 67 27 65 167 255 140 21 126 139 187 100 253 75 126 126 105
    255 96 143 81 246 60 31 189 194 99 69 44 129 159 162 208 68 171 158
    255 164 206 9 174 91 254 74 255 158 196 79 26 4 100 121 87 140 191
    154 135 255 105 88 83 222 203 158 16 23 225 131 45 173 177 53 255
    233 69 54 17 46 255 255 182 55 134 24 60 139 26 255 98 32 255 56 64
    148 220 83 120 235 186 251 6 7 151 165 23 13 26 246 1 23 198 255 178
    255 45 236 254 236 96 196 47 225 252 71 202 255 82 255 219 255 126
    254 65 255 88 255 190 45 96 22 20 228 182 115 255 10 43 89 221 209
    196 33 151 218 114 255 255 14 56 33 19 255 46 210 249 66 92 73 131
    115 228 138 5 76 159 16 151 159 89 81 24 123 243 196 41 52 36 220
    159 254 29 33 255 118 196 223 159 41 106 211 129 193 152 62 250 51
    150 94 196 1 218 81 43 43 239 10 236 148 11 157 141 151 237 71 206
    101 105 45 13 146 197 255 155 205 255 43 128 130 147 79 191 225 135
    75 255 104 156 229 39 168 93 252 134 255 80 255 69 39 255 62 185 255
    120 76 85 249 169 255 98 197 9 157 95 10 38 69 23 156 148 98 21 91
    196 219 155 170 69 5 145 104 47 61 64 212 226 224 0 33 105 255 0 100
    55 255 1 127 18 255 30 153 248 240 255 211 213 31 210 168 145 250
    255 186 113 92 255 246 23 1 180 255 41 52 35 190 76 152 254 143 8
    255 62 31 202 255 113 255 147 235 204 74 185 255 166 100 242 191 62
    249 42 101 41 97 255 54 182 90 198 136 148 10 133 67 40 93 37 255
    140 213 22 136 124 255 7 143 180 92 192 94 218 240 255 161 255 250
    193 175 202 10 39 80 242 77 83 184 181 11 78 159 126 17 52 189 237
    166 140 127 183 0 165 111 80 16 69 156 77 52 131 88 133 255 19 255
    190 233 210 162 68 70 24 241 7 41 128 206 200 116 209 177 100 5 17
    205 14 128 194 152 250 24 80 162 136 249 253 131 93 158 46 66 106
    145 197 255 244 149 231 121 213 105 213 23 14 4 253 199 85 209 140
    53 178 144 105 255 255 28 182 47 125 121 151 255 22 255 102 34 148
    226 240 121 112 255 89 140 15 208 155 239 240 205 145 70 119 140 161
    235 54 153 135 255 232 6 73 255 25 166 255 45 124 255 202 72 14 121
    255 56 17 49 255 244 93 255 218 128 255 98 109 163 145 91 51 193 148
    23 158 148 249 225 235 247 53 214 98 56 73 235 3 105 255 236 153 210
    52 197 237 63 125 255 218 255 149 130 65 55 76 210 143 165 220 23
    174 255 55 246 251 162 137 213 255 173 255 216 222 123 88 250 249
    242 157 255 255 202 167 208 248 42 91 124 255 216 213 255 165 158
    255 254 234 119 60 158 20 122 98 12 101 25 246 193 208 207 202 40 64
    22 225 255 38 119 220 99 136 8 255 14 193 73 102 192 143 78 238 190
    75 236 96 164 95 255 65 216 153 179 170 37 246 235 63 147 26 255 227
    116 10 133 72 134 255 140 99 65 224 11 213 58 107 201 106 91 213 255
    10 134 255 18 204 24 89 195 239 255 8 255 85 237 254 175 133 209 255
    63 221 114 209 163 5 121 81 112 104 71 1 63 218 69 150 36 210 45 255
    185 255 148 255 42 46 85 50 61 242 20 214 74 27 255 162 232 247 237
    242 49 43 86 138 194 108 50 190 34 189 253 255 218 122 29 190 255 75
    159 97 138 76 175 253 65 152 255 232 84 136 169 194 31 255 57 137
    118 255 175 166 171 254 10 19 154 146 198 201 255 139 131 0 133 243
    72 255 162 255 255 99 227 139 105 88 203 134 114 92 174 190 255 61
    240 172 159 128 26 255 145 128 113 64 102 193 60 242 208 181 59 81
    168 167 96 110 98 229 255 194 23 229 255 41 205 205 163 30 216 241
    77 247 135 255 235 225 19 152 64 88 105 224 229 159 192 138 22 146
    35 176 255 41 165 107 253 255 52 1 83 205 212 74 74 113 203 133 87
    245 164 13 241 22 205 255 102 248 149 61 0 48 133 93 255 42 99 27
    148 212 105 160 183 33 196 75 232 202 121 114 217 54 222 151 179 255
    255 42 255 22 179 255 100 223 87 249 215 233 74 210 255 164 43 80
    244 255 158 17 50 101 198 182 1 10 102 71 23 119 144 65 71 255 183
    189 93 11 58 255 90 221 255 216 255 175 29 31 17 37 21 80 14 1 249
    50 161 73 103 114 200 21 169 68 190 137 255 64 206 255 244 101 255
    255 192 50 18 3 20 222 61 4 128 249 171 13 124 99 169 225 255 143
    177 202 194 36 255 205 254 4 17 9 88 62 58 255 144 143 255 187 152
    79 41 241 254 222 78 165 51 235 255 14 198 255 166 255 255 255 19
    207 252 173 119 174 241 255 158 255 116 145 208 226 112 110 11 255
    235 255 238 167 75 207 60 188 110 46 203 224 229 242 57 182 147 163
    147 94 99 208 79 135 65 10 192 133 55 246 61 194 8 77 55 52 0 217 94
    71 255 255 255 208 81 52 255 225 87 38 51 175 255 162 144 19 85 126
    143 36 134 54 255 206 154 80 140 240 215 13 255 255 168 42 97 134 1
    197 189 75 227 80 242 20 48 255 69 255 236 115 149 74 90 185 116 123
    237 173 255 77 255 255 210 63 189 255 179 252 224 255 126 193 14 17
    54 106 183 208 255 132 179 82 21 215 223 16 4 255 78 128 140 148 250
    94 16 158 255 98 220 125 67 112 255 13 37 92 54 84 255 71 231 255
    207 77 54 31 184 199 9 196 65 137 155 41 102 137 140 98 98 255 130
    93 217 80 21 255 63 255 170 91 5 78 222 78 125 210 8 151 55 35 255
    103 207 170 141 116 189 141 127 255 241 54 231 202 172 227 73 175 3
    50 88 125 138 230 199 55 122 96 95 223 198 18 12 179 72 118 190 2
    184 101 131 253 71 126 153 255 199 29 204 250 48 255 117 204 240 249
    164 255 168 144 91 255 255 232 246 132 48 173 117 255 192 124 23 201
    110 225 120 207 255 255 167 48 220 207 107 76 236 253 19 253 167 43
    182 254 203 255 255 221 194 66 151 173 177 19 31 193 148 114 78 155
    247 198 83 113 176 78 144 232 255 4 158 152 187 105 10 255 219 206
    140 255 55 189 186 57 212 172 189 143 255 210 255 255 96 68 48 14 84
    226 77 180 255 1 52 189 235 255 236 191 152 51 137 31 74 2 48 54 228
    178 163 136 229 241 145 75 23 45 238 128 133 255 11 58 41 120 125
    238 51 144 156 87 139 89 236 99 179 221 255 159 255 11 236 83 239 46
    36 113 255 255 237 214 236 236 136 6 33 181 13 71 209 54 125 121 120
    185 58 194 104 12 255 224 232 255 18 71 13 236 125 84 60 20 151 156
    50 163 32 127 107 49 15 128 36 169 43 229 105 223 93 53 117 202 125
    182 71 255 255 233 198 255 65 255 159 133 10 255 255 115 63 255 195
    198 13 225 14 199 68 186 185 196 255 113 2 152 171 110 188 16 146 55
    118 196 255 207 23 126 84 190 23 9 166 110 140 29 255 30 194 199 61
    58 17 229 123 255 85 152 255 61 37 134 192 155 14 242 105 255 130 15
    214 164 18 147 54 195 3 140 102 214 105 255 253 89 255 253 65 48 57
    164 109 255 6 88 213 94 3 153 18 185 255 100 207 46 224 99 221 16 11
    255 50 128 37 86 14 202 167 217 17 19 62 219 255 143 6 157 12 255 37
    255 235 162 109 231 94 194 255 31 16 46 134 126 186 181 193 191 228
    255 255 213 123 173 255 255 255 189 208 149 245 43 255 33 255 111 96
    124 101 76 13 33 239 255 64 206 18 105 204 175 255 151 148 83 248
    151 4 254 65 208 195 250 253 212 175 242 142 255 200 121 11 255 136
    83 128 95 227 101 23 15 80 255 83 227 191 23 130 110 173 105 86 251
    34 86 71 191 18 50 106 96 115 255 254 41 255 164 208 255 114 191 48
    236 109 176 251 37 255 42 162 66 89 255 117 185 196 13 213 11 40 164
    42 13 255 129 120 18 92 154 152 217 162 9 44 228 97 153 15 161 255
    193 103 52 204 227 226 125 91 166 185 157 99 133 117 23 68 54 253
    242 31 207 17 38 140 77 47 13 176 26 175 255 225 56 255 234 12 102
    231 227 101 20 111 255 136 47 139 73 255 221 109 139 255 93 196 255
    133 255 77 183 31 47 0 68 214 194 49 130 143 210 142 159 255 32 166
    184 184 204 102 138 43 58 79 203 14 195 43 240 151 97 104 209 241
    237 140 118 175 255 120 22 176 63 255 19 90 18 154 7 155 216 174 140
    5 75 18 69 118 179 74 132 29 79 195 140 200 144 37 126 47 111 138
    246 250 117 151 5 20 93 255 19 145 242 168 131 70 255 149 146 122
    195 18 79 197 255 83 137 9 10 255 255 184 209 56 71 219 24 202 0 255
    59 48 119 43 255 234 255 120 194 107 134 46 138 255 168 11 77 132
    138 221 9 255 73 160 233 118 166 102 73 23 253 142 96 185 91 83 231
    124 255 124 255 113 8 158 33 63 186 189 255 31 221 122 20 255 255 36
    238 0 166 190 74 56 226 255 102 160 216 66 123 24 190 232 177 28 255
    79 96 248 126 104 255 227 26 173 140 241 236 246 44 174 102 48 255
    199 2 162 195 58 140 255 251 156 24 17 172 64 215 201 208 165 239
    172 67 139 78 132 151 47 27 152 208 178 255 255 255 132 51 178 235
    88 186 41 115 220 179 181 167 26 255 71 139 255 155 23 45 47 25 255
    255 238 255 189 155 165 255 91 255 70 219 125 204 8 45 168 234 57 40
    9 255 255 249 102 255 65 255 175 227 255 229 166 158 161 255 126 171
    196 112 246 185 255 66 255 255 44 255 93 150 255 255 25 35 121 202
    112 152 233 71 97 38 146 255 30 169 255 132 49 173 83 255 228 46 230
    186 242 147 228 84 250 255 173 23 0 149 229 117 204 190 157 251 175
    61 6 68 18 36 174 226 46 27 255 174 164 45 154 216 254 72 88 106 239
    39 223 255 148 128 68 255 10 30 167 116 181 84 255 60 212 255 24 255
    23 86 64 162 99 22 38 23 223 173 215 5 204 123 104 163 225 7 199 39
    133 221 36 72 98 8 193 14 48 20 55 112 191 255 97 255 152 212 255
    250 131 135 190 16 124 64 89 181 255 90 212 112 103 255 198 96 255
    255 232 159 112 245 251 28 207 101 33 141 46 195 224 56 88 57 255
    255 251 159 78 245 69 153 225 81 0 255 150 249 125 224 105 85 185
    147 121 141 170 58 204 189 255 141 129 18 255 120 60 180 255 0 41
    203 127 16 255 72 84 11 96 192 255 76 255 191 150 52 255 69 2 255 30
    207 162 144 60 173 45 99 208 115 60 223 246 239 163 202 231 255 182
    155 255 94 186 37 111 175 180 210 167 207 112 255 54 64 255 255 192
    54 217 2 138 177 140 64 1 190 221 233 246 91 98 147 147 139 208 111
    75 255 39 130 230 50 119 173 132 13 255 161 122 74 123 199 50 255 27
    175 48 223 154 206 210 201 93 255 118 26 105 165 62 176 58 67 117 46
    60 29 26 68 103 138 143 94 228 48 136 173 180 255 115 127 200 238
    145 138 152 255 46 114 241 190 213 95 255 201 255 255 53 197 255 7
    177 83 61 160 235 170 250 126 180 54 106 111 66 223 174 155 23 255
    52 10 142 47 196 238 169 255 70 12 185 113 161 185 255 217 114 248
    150 102 39 195 9 232 134 255 105 179 43 233 24 255 125 255 255 169
    255 255 231 87 255 196 144 247 215 69 74 241 208 255 71 157 8 150
    217 143 227 57 255 255 138 85 214 203 170 145 83 88 255 206 255 50
    161 121 83 19 97 163 170 157 210 189 3 43 106 255 67 96 228 158 193
    50 214 226 63 244 218 83 229 12 255 204 21 36 255 80 108 62 150 196
    248 181 255 88 82 111 37 73 75 72 0 245 144 106 133 14 226 255 252
    86 135 240 38 255 52 255 47 144 198 255 5 230 128 169 133 255 101
    196 255 180 57 136 255 60 170 54 143 91 158 8 130 33 136 173 113 39
    255 39 255 74 112 219 130 120 204 105 5 128 117 81 247 199 85 216 71
    29 60 46 157 190 61 179 216 46 17 191 20 44 94 190 149 159 117 178
    88 142 243 103 255 38 15 170 65 190 246 132 14 128 226 13 13 253 72
    255 143 36 43 255 125 255 121 255 88 6 39 219 234 255 64 248 80 46
    255 170 15 210 255 99 204 80 251 203 183 255 215 72 255 236 225 70
    229 37 60 220 169 105 88 118 27 196 255 50 135 255 64 40 255 255 87
    255 159 203 184 24 209 255 111 249 101 46 58 181 218 55 5 46 171 146
    83 243 172 198 141 98 255 5 86 69 99 253 231 110 195 255 165 182 246
    80 126 204 85 217 209 158 255 162 174 147 232 255 36 194 97 230 10
    228 195 251 28 103 87 24 217 107 112 115 237 233 73 126 157 209 55
    206 196 255 255 127 208 174 126 255 255 166 255 84 181 165 254 167
    255 101 194 64 101 140 54 138 255 255 89 99 185 55 255 126 100 215
    73 65 121 119 192 133 255 148 208 255 56 255 207 36 234 29 220 103
    221 188 130 221 127 255 23 130 102 147 157 255 93 143 194 199 130
    114 75 53 43 255 50 114 60 141 127 209 198 153 140 182 191 189 255
    248 255 101 71 190 212 212 216 113 150 120 71 226 255 7 89 255 61
    255 28 204 54 255 65 44 227 189 10 78 219 239 154 118 62 91 67 21 32
    255 33 255 64 111 255 47 44 112 250 2 255 239 242 94 119 237 255 238
    180 13 180 66 255 184 26 85 22 60 0 255 89 255 144 33 149 63 135 23
    112 179 196 191 62 236 131 255 203 145 171 89 81 224 204 154 42 92
    255 15 29 225 255 184 252 172 84 26 96 57 158 178 199 158 166 103 33
    255 198 230 255 14 72 227 27 109 216 210 165 111 40 149 201 115 42
    121 225 44 135 18 81 27 148 165 88 18 149 255 166 53 130 85 118 255
    255 66 210 88 63 196 255 138 152 233 146 8 148 183 179 13 238 252 36
    79 77 129 226 248 255 232 182 185 206 8 165 62 31 68 205 148 129 169
    223 195 54 26 87 21 255 131 255 10 227 150 53 255 178 202 101 93 221
    254 255 76 255 70 94 170 175 196 255 240 58 186 30 181 254 175 153
    27 152 22 255 47 45 255 79 198 255 29 23 41 171 254 208 202 12 255
    224 55 17 14 172 191 229 88 222 164 32 93 6 55 119 255 157 22 97 72
    74 136 103 126 229 30 222 244 115 255 220 248 236 206 185 193 9 209
    189 84 99 255 255 255 117 127 79 52 60 122 63 220 160 255 0 32 105
    232 53 166 165 104 61 65 255 134 255 61 255 55 88 255 58 157 99 220
    7 13 80 255 19 37 76 255 137 159 60 169 194 255 255 112 108 141 122
    134 143 126 159 76 194 209 143 255 46 163 249 255 132 189 135 229
    183 213 21 48 250 213 143 189 55 202 89 218 22 57 15 214 195 219 237
    117 160 118 232 69 77 145 216 125 209 207 59 255 154 160 212 88 93
    128 170 19 19 31 53 75 218 175 97 244 5 122 3 15 159 249 195 69 42
    111 185 45 223 98 183 218 182 48 38 182 91 109 68 252 150 15 191 94
    14 244 172 255 45 201 5 184 115 255 138 93 140 124 185 26 104 32 255
    165 84 34 17 27 209 224 36 40 138 172 255 24 129 225 132 216 255 41
    138 175 126 209 73 151 172 172 109 242 5 244 255 28 244 216 33 105
    64 255 123 219 227 94 170 255 221 54 111 136 213 194 85 60 240 195
    111 241 216 218 157 73 73 99 189 11 255 88 52 255 191 27 214 156 192
    255 65 112 5 237 250 237 56 168 255 252 185 255 114 243 42 185 84 33
    6 56 114 126 35 29 53 197 188 196 136 255 115 91 233 54 137 221 170
    255 70 205 102 255 79 228 70 94 15 38 99 255 255 255 75 103 186 255
    255 191 106 14 9 73 255 20 238 189 3 150 255 226 107 216 255 255 88
    107 168 255 86 191 255 63 224 175 255 86 255 228 147 219 52 89 255
    175 255 255 163 243 255 218 208 255 178 127 196 241 138 181 255 5
    181 71 71 255 20 255 254 221 219 255 141 177 188 65 212 60 237 255
    182 3 146 226 158 39 255 196 213 207 101 174 223 100 215 225 52 140
    222 207 92 115 29 252 91 68 105 101 75 126 202 10 126 80 123 31 89
    21 212 255 83 129 68 158 144 115 13 29 126 114 99 179 179 255 148
    100 56 77 81 178 255 73 118 59 255 247 195 20 22 166 185 78 47 198
    46 255 234 125 255 135 81 1 255 105 225 166 126 241 177 124 205 74
    13 233 150 179 6 248 239 96 111 248 17 112 255 228 198 68 255 178
    107 27 250 215 255 212 136 255 99 225 22 67 213 255 65 255 228 80 32
    180 182 255 98 72 246 43 252 255 255 177 66 89 28 128 255 110 185 56
    28 60 255 80 147 251 43 35 156 185 119 41 225 151 42 180 243 255 95
    75 6 159 155 85 57 221 255 242 111 20 169 128 254 114 88 9 14 104
    208 168 134 152 115 141 190 36 80 255 219 9 134 108 149 122 240 59
    233 192 21 43 160 212 154 241 255 88 86 33 194 95 218 152 183 159 5
    182 255 48 196 112 74 148 255 98 17 195 134 216 140 126 138 166 245
    36 79 126 24 105 142 240 203 36 119 105 255 164 153 18 250 232 255
    51 143 185 202 237 143 151 72 84 221 50 195 118 54 231 138 231 255
    146 132 23 64 197 129 119 201 255 159 89 13 132 189 83 114 56 22 76
    60 171 18 1 153 71 255 131 116 90 255 253 134 110 64 9 106 115 92
    140 80 243 122 146 96 186 184 185 255 92 77 231 66 100 246 84 18 255
    33 29 255 28 194 41 19 114 139 251 255 226 173 244 255 152 224 199
    121 81 181 101 226 251 253 35 255 103 77 255 120 189 52 78 30 255
    220 183 147 83 194 85 210 138 227 215 180 69 29 78 40 174 8 255 160
    127 167 85 86 133 203 196 255 205 47 242 79 89 9 105 13 18 225 35 37
    78 212 255 98 172 189 156 123 205 125 255 87 167 212 112 213 49 23
    166 60 75 185 133 172 155 171 244 89 234 255 221 243 108 19 153 27
    120 251 182 189 16 152 146 194 168 215 79 253 201 42 119 72 54 128
    41 5 70 74 170 255 239 136 45 27 175 3 72 34 29 221 121 213 139 217
    107 255 197 3 47 14 198 217 204 255 227 255 255 8 34 24 148 244 255
    205 54 145 114 75 145 122 134 102 130 180 199 26 250 255 75 136 231
    168 158 22 133 208 80 61 1 5 119 253 255 191 205 99 130 60 97 99 157
    152 79 77 255 107 231 205 119 179 255 255 231 108 6 218 45 42 129
    232 18 146 244 95 60 135 16 156 223 179 50 91 130 137 13 40 53 226
    127 229 240 17 4 255 61 23 10 107 149 255 255 104 111 216 201 105
    201 119 255 255 167 27 148 221 61 133 152 122 33 92 255 75 41 230
    190 250 255 205 159 13 107 237 247 91 180 237 172 248 255 52 32 27
    185 240 255 255 173 177 86 220 255 21 122 51 3 90 171 157 84 255 242
    18 244 6 164 4 203 4 255 243 117 142 206 140 48 184 255 111 221 203
    179 61 255 108 211 41 235 101 62 184 229 95 255 70 38 138 83 240 47
    70 122 18 159 48 28 211 255 255 137 209 107 85 83 84 192 236 255 57
    114 255 50 255 89 170 232 241 192 23 242 141 36 0 50 35 204 139 190
    108 171 158 13 122 197 125 211 126 10 182 243 255 142 174 82 29 179
    151 159 255 244 71 96 255 125 13 24 60 16 221 84 226 142 39 32 194
    175 175 255 196 238 46 255 27 46 212 162 193 255 197 133 114 207 212
    25 35 255 33 14 107 252 171 89 55 255 255 70 224 105 61 255 34 255
    84 51 45 7 55 224 194 129 195 249 255 148 255 31 184 91 239 235 229
    29 63 126 217 31 249 255 22 193 101 202 18 221 23 255 196 2 58 3 140
    89 249 87 184 255 72 193 3 255 248 255 238 242 191 164 168 255 255
    255 9 172 135 191 152 16 8 1 62 36 30 62 65 72 20 214 158 215 133 75
    127 126 69 180 253 44 229 69 255 62 236 255 215 255 158 82 180 249
    255 250 6 225 255 102 14 112 102 73 232 226 255 97 182 225 176 255 2
    177 110 255 135 188 91 85 108 158 93 255 125 75 94 255 255 169 43
    153 142 136 47 121 80 198 162 248 212 98 203 130 235 208 143 177 236
    156 54 155 199 31 217 255 170 91 255 119 69 108 191 167 121 80 13
    101 132 49 255 132 136 255 255 229 255 136 192 236 58 55 255 212 12
    203 151 110 194 190 183 255 202 248 29 143 10 125 130 42 255 104 255
    255 226 218 225 255 156 228 204 136 82 2 44 82 234 88 55 1 168 139
    81 255 142 187 65 255 43 185 11 51 62 171 201 255 147 210 1 32 28 62
    255 144 91 194 228 168 69 149 155 255 255 93 129 137 236 124 149 143
    154 179 214 131 81 202 110 169 128 199 127 53 85 150 143 251 30 92
    126 213 119 255 19 255 84 232 198 5 114 255 32 16 43 255 41 251 195
    184 43 184 222 148 232 140 255 255 231 46 0 52 153 42 147 127 124
    255 118 65 29 8 171 45 68 139 198 168 42 230 41 247 122 253 255 253
    69 11 195 87 11 60 238 218 49 180 23 207 8 188 115 149 177 147 255
    255 229 50 255 148 217 89 182 98 0 255 158 218 39 236 226 234 183
    209 166 255 208 249 251 255 75 227 105 127 129 56 224 93 38 235 60
    255 42 36 255 93 21 213 144 116 255 99 236 209 53 202 73 80 161 122
    237 195 87 175 81 125 100 122 63 180 44 45 252 174 78 98 235 180 177
    133 255 88 147 255 121 98 128 232 184 103 169 210 255 116 255 255 28
    190 110 145 255 214 70 189 11 46 118 231 74 112 168 33 68 54 33 31
    218 251 106 38 107 183 82 14 255 125 220 180 28 166 182 225 144 88
    91 113 239 217 51 255 255 233 184 228 18 255 94 157 198 176 52 83
    255 72 252 185 152 151 19 160 129 24 162 22 255 92 13 149 239 255
    255 46 106 85 255 140 19 175 114 228 23 183 255 229 232 255 145 71 4
    180 82 255 255 162 253 98 76 131 128 87 180 149 180 144 179 101 233
    79 58 99 75 224 210 47 141 255 8 61 130 7 214 177 203 43 255 193 227
    37 222 126 130 15 23 167 32 41 255 15 15 96 71 34 232 166 141 235
    192 146 255 18 53 208 71 52 98 111 255 37 73 35 255 131 255 71 31 57
    213 133 151 255 72 210 134 255 255 83 209 183 40 5 118 171 80 205
    172 254 156 6 9 56 200 245 168 108 128 82 83 37 14 255 4 192 110 57
    226 38 198 118 110 145 195 40 16 226 153 79 216 216 222 18 205 208
    178 64 227 59 165 23 145 94 204 212 255 188 210 126 37 205 96 80 148
    74 180 180 33 255 150 167 215 179 41 25 8 103 233 255 106 124 49 177
    132 137 255 186 155 43 14 3 157 9 31 255 184 116 255 19 93 23 9 124
    126 210 217 255 157 255 202 73 35 255 48 231 255 181 255 33 132 255
    255 74 133 237 228 255 143 87 19 97 68 170 41 163 18 255 19 48 148
    170 86 255 190 109 185 10 193 98 64 70 111 149 255 255 159 150 38
    101 98 63 6 158 255 255 113 245 171 139 159 236 135 253 53 111 255
    255 190 255 219 139 125 215 235 212 44 240 88 213 255 66 162 69 111
    103 114 154 141 177 190 21 47 230 70 185 255 191 241 255 36 76 147
    98 190 196 199 15 209 255 129 225 28 190 55 202 72 57 111 241 246
    115 59 156 210 111 63 236 230 227 71 47 154 15 241 181 162 174 255
    166 139 237 182 32 255 51 80 85 120 170 170 239 253 36 236 153 94
    193 119 231 10 220 250 90 23 255 220 94 188 165 121 34 19 240 5 163
    44 154 251 118 111 143 107 133 25 255 3 181 173 0 128 244 126 217
    195 54 52 255 210 228 99 105 39 52 255 238 134 181 4 31 69 86 43 255
    25 125 255 157 181 170 135 18 255 137 159 11 160 139 181 19 71 159
    225 136 129 179 237 23 164 117 216 5 220 157 39 109 255 24 81 186 91
    70 107 206 129 51 118 255 4 185 128 119 31 132 255 149 217 145 120
    186 15 197 18 255 2 20 1 89 33 50 143 255 250 56 83 255 164 23 101
    144 202 255 157 69 32 80 64 41 3 174 255 214 15 255 246 76 255 131
    255 94 174 121 186 103 107 191 69 228 189 75 121 68 113 39 245 203
    95 83 255 196 101 148 96 96 227 21 152 113 79 45 212 189 99 116 134
    48 18 24 190 122 143 186 228 81 207 143 58 255 1 84 251 179 125 168
    16 221 19 248 125 188 236 34 255 224 226 158 241 187 87 125 82 106 9
    228 255 149 184 111 90 255 255 190 41 249 146 178 22 141 101 112 64
    129 214 148 52 236 0 69 9 249 152 125 60 86 108 149 105 18 46 121
    255 217 251 136 31 116 255 40 255 31 24 168 255 74 238 255 122 81 23
    150 203 103 91 61 195 33 70 255 115 255 129 187 89 9 255 196 78 220
    171 255 99 148 119 190 55 194 148 124 217 10 161 52 28 116 255 61
    184 106 56 26 255 170 240 167 183 55 179 103 187 26 2 171 255 107
    193 5 219 45 255 252 2 255 62 184 255 188 255 255 245 94 167 64 255
    88 53 44 216 166 144 121 139 60 149 212 58 249 107 41 135 14 237 115
    2 92 255 61 109 255 237 126 255 228 147 87 182 239 45 213 160 143 64
    134 114 37 230 145 252 163 103 34 223 18 220 183 50 98 65 195 192
    217 22 142 81 121 111 255 135 67 46 8 25 26 255 3 35 222 61 203 255
    3 81 255 125 216 24 132 111 51 214 52 255 1 210 152 255 123 145 128
    59 45 15 138 157 184 46 255 43 103 138 251 255 255 111 0 52 91 138
    222 177 255 43 226 178 115 62 157 223 147 231 198 175 48 5 225 46 78
    236 95 37 244 92 156 17 81 69 175 181 205 87 212 205 97 140 50 69
    226 102 248 43 233 124 102 10 74 65 228 97 255 126 136 104 204 50
    179 78 40 207 55 226 167 142 255 255 185 9 255 255 211 130 216 205
    92 250 151 75 38 5 255 157 205 255 255 11 96 151 207 21 91 10 178
    255 242 3 255 119 255 139 128 134 63 255 24 37 61 207 209 71 128 96
    25 71 255 208 136 36 18 149 33 255 34 255 123 47 28 96 107 193 118
    255 4 24 111 82 164 31 145 33 61 231 161 217 176 84 103 181 228 157
    124 78 232 176 39 225 255 156 118 116 48 19 17 197 4 94 34 161 50
    242 65 139 91 232 126 241 83 6 94 167 247 160 182 185 215 255 145
    125 98 236 128 215 159 227 59 255 240 95 177 178 95 255 255 217 255
    20 250 23 115 75 66 2 255 255 238 216 124 103 72 205 236 22 255 39
    232 148 10 24 117 163 115 56 233 76 198 70 100 89 8 23 199 26 136
    244 113 155 175 255 181 255 87 37 74 91 98 255 120 179 255 157 208
    240 78 255 154 147 255 157 124 127 255 63 241 134 22 201 133 24 8
    255 190 58 151 92 202 193 185 144 175 134 189 242 255 182 255 1 152
    255 240 213 151 17 99 15 22 65 255 110 200 240 58 118 149 221 195
    105 57 86 255 113 255 13 218 171 89 141 7 107 126 194 255 134 249
    255 136 166 255 9 163 255 116 116 255 224 72 42 232 230 255 90 45 24
    85 146 40 163 231 105 80 179 179 6 104 216 243 206 17 58 100 156 46
    99 205 42 226 65 174 73 255 15 185 250 210 81 37 91 253 38 63 168
    125 130 174 255 225 255 13 86 111 122 192 254 226 196 250 87 188 15
    45 250 216 255 42 43 27 179 70 140 38 15 255 242 198 136 140 244 9
    75 62 145 46 24 186 255 219 213 233 190 6 192 255 84 11 236 42 210
    29 208 20 217 156 2 79 136 63 96 255 156 255 255 171 132 36 28 25
    195 148 161 87 45 203 255 37 186 255 97 193 255 135 102 199 175 152
    167 191 254 236 31 210 236 228 39 190 56 118 255 227 215 241 78 136
    170 199 234 177 203 18 221 151 228 120 156 58 101 232 255 78 114 57
    255 45 169 255 44 132 143 83 29 68 186 173 255 201 255 218 14 62 135
    7 96 48 36 183 233 71 2 147 95 255 250 51 49 19 168 170 154 22 139
    255 72 54 255 11 3 181 85 139 20 45 124 134 140 112 154 123 167 184
    164 4 255 98 102 129 87 112 255 188 122 210 25 57 255 141 184 161
    157 53 0 130 255 172 142 186 15 217 255 139 211 71 9 92 68 103 8 151
    255 255 101 255 29 172 255 1 255 85 118 157 69 206 170 166 81 232
    240 194 255 227 87 174 255 240 238 222 36 255 121 243 93 222 56 119
    9 102 218 176 232 153 106 226 110 255 253 3 204 230 244 162 255 209
    87 234 48 255 51 48 128 220 47 52 136 50 255 165 161 241 44 132 212
    99 76 255 38 25 26 126 190 18 3 218 14 104 255 255 137 226 129 100
    23 61 162 220 74 132 84 140 8 173 200 77 95 212 53 255 47 83 31 241
    17 47 255 147 119 38 91 49 181 250 149 26 1 251 255 118 210 23 197
    39 77 231 94 195 67 30 111 77 146 255 102 246 255 144 255 255 29 255
    69 171 191 22 66 195 148 230 101 255 37 197 89 25 209 255 137 109
    249 170 162 32 184 43 204 17 255 255 192 255 82 78 83 131 101 255 65
    255 119 165 50 33 200 130 111 107 36 13 22 112 189 255 150 4 29 237
    123 255 80 57 103 231 72 15 151 81 255 124 73 255 250 255 255 8 20 3
    214 170 222 184 254 112 141 103 103 24 26 108 46 213 181 54 44 3 3
    255 42 231 213 184 103 58 185 96 13 255 15 102 240 30 45 222 46 119
    199 133 5 77 11 177 255 110 175 239 111 29 11 121 202 255 160 255
    255 139 29 85 225 94 45 135 171 255 252 172 255 255 232 200 56 4 182
    27 132 153 148 81 78 63 123 1 255 117 255 175 127 172 150 69 255 132
    125 236 76 247 94 231 195 255 225 129 78 221 157 255 67 119 255 253
    32 255 177 123 255 68 36 79 250 255 213 255 102 66 127 109 96 64 255
    26 58 116 253 138 84 255 237 107 33 241 14 5 116 98 68 255 57 255
    244 247 255 43 255 43 130 93 24 135 138 255 49 228 139 66 161 163
    210 130 255 255 77 255 88 249 223 60 109 204 218 127 227 60 145 73
    29 25 184 122 218 20 62 96 33 83 216 209 251 58 83 194 86 255 66 250
    131 16 140 31 124 228 209 244 158 93 26 162 255 86 115 18 237 143 42
    255 191 162 204 252 198 180 109 179 36 59 184 143 107 190 19 255 255
    133 2 244 145 246 255 3 255 78 191 92 255 255 1 17 220 49 136 251
    202 171 119 160 255 207 255 105 0 140 213 48 87 129 139 115 116 87
    20 114 93 225 218 169 55 80 107 248 31 138 135 255 242 153 116 75
    138 209 255 172 255 202 128 246 240 158 191 221 195 190 31 206 203
    48 11 84 143 145 255 195 160 121 212 226 153 114 33 129 87 253 190
    184 252 210 212 163 93 98 255 255 169 80 63 198 19 70 36 122 231 150
    69 102 222 87 246 24 55 255 175 255 17 233 231 247 198 129 255 255 4
    198 168 77 255 198 126 74 22 236 3 3 207 40 37 200 198 220 21 200
    242 92 121 193 197 43 255 96 151 57 58 143 255 49 255 69 237 85 151
    72 8 42 249 255 122 25 124 139 255 29 255 229 130 239 53 255 250 189
    111 167 65 246 219 54 145 0 255 249 210 170 61 243 247 202 170 197
    255 11 93 92 239 26 230 69 104 255 42 139 255 4 220 98 136 166 40
    228 123 61 66 71 101 218 78 75 215 26 151 100 118 255 102 92 205 240
    151 80 165 255 20 65 101 255 39 205 235 72 81 232 101 5 204 255 36
    255 255 128 255 184 35 228 158 244 59 99 174 48 43 232 56 255 255 31
    91 41 212 1 202 156 148 247 255 83 253 119 9 111 88 152 255 247 15
    137 152 76 93 64 150 43 97 209 71 103 139 196 31 182 240 94 244 191
    255 173 229 219 211 100 230 108 7 194 224 204 216 175 59 255 255 25
    42 27 255 213 148 244 255 76 46 255 30 235 204 78 29 32 54 200 91
    152 134 255 107 212 167 7 160 255 111 151 128 254 139 168 244 255
    255 254 189 126 26 255 255 19 122 255 60 223 106 112 62 54 173 185
    79 118 255 255 227 105 255 7 198 255 205 75 68 65 31 255 102 205 255
    119 71 168 36 151 182 97 252 226 171 167 105 30 157 195 33 56 42 154
    79 11 228 209 140 213 139 131 45 70 52 17 60 185 99 118 233 241 26
    88 72 66 231 11 9 89 99 135 255 79 35 226 79 232 254 42 244 255 98
    115 107 63 126 117 161 224 222 212 163 23 134 124 255 30 104 212 232
    243 154 81 100 255 243 205 255 171 91 225 142 169 54 9 217 103 235
    78 153 81 11 255 43 153 255 255 195 85 19 255 255 19 65 255 161 33
    152 108 198 149 91 206 19 163 227 255 0 72 255 202 178 199 105 248 4
    184 92 116 120 148 213 105 50 136 211 236 185 117 70 10 212 255 255
    61 9 255 99 149 73 13 163 237 57 60 255 179 239 4 8 163 69 172 19
    231 125 0 126 115 36 115 44 182 255 139 189 142 39 235 255 37 207
    148 77 99 193 237 80 91 65 216 200 255 185 255 220 221 203 31 46 18
    51 55 98 47 119 71 58 139 131 95 216 117 197 102 251 187 109 255 115
    241 255 29 78 171 160 90 22 89 72 19 174 255 26 255 44 255 121 102 1
    4 215 1 216 229 24 48 249 186 150 178 255 34 255 158 255 235 119 246
    167 134 10 42 237 90 240 209 225 230 250 250 47 223 255 76 42 137
    229 92 255 254 255 98 181 255 244 255 64 113 134 131 198 157 189 95
    112 101 132 240 73 38 153 38 39 47 116 94 237 103 255 101 204 112 46
    255 230 175 255 16 206 5 150 106 128 252 14 255 181 217 36 160 219
    133 254 118 195 60 203 163 143 55 255 123 149 85 57 224 153 91 255
    54 191 255 255 27 248 106 255 3 255 133 223 231 150 218 43 148 247
    207 69 84 217 69 223 122 192 8 156 206 66 108 239 117 82 172 50 245
    67 24 34 166 116 128 207 250 255 146 255 214 199 234 156 108 146 255
    79 229 171 161 180 112 6 65 41 201 205 10 139 180 242 120 252 255 71
    171 18 93 59 23 164 94 177 213 231 83 63 99 186 213 23 68 56 47 129
    167 53 255 114 150 223 163 23 135 149 62 251 29 206 245 6 138 251
    111 255 64 220 27 198 235 9 255 103 209 254 166 240 14 244 113 255
    58 158 80 166 31 77 51 126 19 49 136 19 134 240 144 47 39 69 227 247
    210 157 98 63 193 10 121 92 86 255 228 0 14 113 168 78 133 217 101
    255 59 244 231 229 210 28 159 89 119 187 154 84 69 255 143 25 204
    119 1 255 237 196 190 199 116 75 44 89 120 207 138 175 6 31 165 156
    223 88 184 255 225 86 227 180 210 102 108 142 236 114 156 189 1 29
    194 131 159 251 114 15 216 255 68 132 255 217 248 19 116 255 255 229
    158 145 170 94 255 44 111 38 249 189 66 164 122 106 255 208 209 37
    226 255 192 169 126 90 16 173 170 32 133 255 130 241 155 255 255 139
    10 255 177 255 255 190 162 230 189 19 11 167 226 152 229 39 114 202
    220 255 215 197 96 161 134 92 237 82 80 148 155 152 255 249 205 196
    150 51 53 227 3 27 87 93 26 183 184 154 0 255 136 90 184 116 250 255
    255 100 168 46 192 14 255 214 236 100 201 255 36 255 50 80 153 231
    177 163 255 3 31 23 56 130 115 32 213 52 130 255 148 15 41 204 111
    143 255 111 61 208 156 107 41 255 107 176 89 178 74 94 122 121 48 4
    255 212 148 148 218 98 13 214 62 241 152 7 36 62 215 184 16 255 255
    63 41 255 230 107 120 62 110 239 5 48 255 33 244 48 194 101 79 17 18
    108 204 253 27 253 59 28 255 53 221 243 57 126 142 162 157 166 24 71
    251 195 255 241 38 198 72 43 237 215 46 135 235 44 154 243 185 119
    231 113 112 52 241 102 222 45 145 92 158 111 124 153 151 161 204 6
    40 16 89 65 72 156 134 24 191 157 255 255 165 255 80 154 34 240 113
    158 43 193 116 188 54 134 59 20 190 251 219 204 0 107 239 38 172 119
    46 126 255 98 93 214 151 141 115 89 179 226 255 253 33 255 21 75 34
    110 201 121 189 173 154 253 15 188 130 75 10 4 88 170 248 249 20 41
    121 26 108 69 121 99 247 24 107 5 179 180 148 255 250 29 233 175 235
    158 233 123 255 211 77 166 121 29 34 138 225 237 44 5 135 144 129
    255 165 20 83 139 213 255 255 218 59 4 90 20 211 170 13 188 123 227
    52 62 182 37 38 255 14 255 254 114 33 255 118 255 60 214 104 96 67
    171 0 242 2 106 77 10 115 14 133 114 218 175 15 218 140 172 235 121
    253 210 119 223 107 109 185 52 95 40 90 38 11 63 255 255 154 1 1 124
    217 255 0 190 179 255 4 255 56 200 24 134 148 253 121 186 63 206 212
    255 245 255 57 255 10 15 138 44 255 184 168 91 197 9 255 211 75 15
    110 140 173 148 69 98 194 202 193 242 243 255 11 196 255 228 34 209
    203 255 29 194 4 255 86 163 80 125 58 93 253 113 255 193 118 186 188
    76 94 201 146 255 38 89 128 42 93 239 154 29 79 99 84 250 143 110
    255 50 169 152 212 185 11 173 140 40 255 32 33 54 129 91 183 229 75
    167 12 23 211 223 88 156 255 255 198 204 255 108 149 255 222 178 61
    255 18 144 175 195 64 115 1 121 15 15 73 133 114 255 63 116 255 191
    206 255 235 76 191 43 193 226 3 218 209 234 139 191 118 14 70 65 205
    120 26 19 255 201 255 59 22 255 165 108 104 13 68 182 111 172 84 203
    206 77 196 227 170 199 94 7 250 104 72 255 33 24 255 124 109 255 255
    194 8 48 95 106 187 45 91 209 77 255 206 91 41 6 134 250 28 32 80
    184 99 255 209 1 89 89 146 255 124 133 46 131 115 245 34 14 54 118
    255 34 114 171 9 194 175 84 184 113 205 243 117 102 87 228 239 194
    67 225 83 253 214 174 100 8 105 255 20 155 106 105 181 162 237 227
    22 208 65 43 255 204 159 28 51 52 23 251 99 193 241 161 190 207 147
    222 175 99 50 190 175 93 48 15 75 255 81 85 136 255 255 110 255 0 88
    182 228 204 194 255 255 119 255 97 87 88 105 170 255 58 90 57 177
    202 93 97 124 144 221 136 175 172 123 251 219 44 59 54 189 255 194
    33 255 91 87 255 28 128 14 159 183 255 255 52 200 152 174 60 58 164
    23 248 255 255 208 237 255 221 94 70 240 38 173 172 7 55 124 255 180
    233 80 255 170 62 255 77 23 219 33 162 79 217 195 129 126 123 135
    255 227 193 13 107 217 23 239 180 197 29 65 138 249 172 108 38 161
    89 183 87 197 35 255 167 255 153 33 157 158 105 115 255 98 228 218
    79 255 110 43 207 134 255 36 124 187 21 165 202 187 255 240 26 128
    130 229 255 139 117 14 152 45 156 164 82 24 228 29 61 25 41 125 166
    116 213 195 207 255 19 201 153 169 81 99 210 106 255 226 252 77 70
    101 124 251 4 74 7 248 159 173 225 223 83 227 117 85 255 130 191 79
    36 185 181 147 37 118 120 155 128 255 70 75 255 142 60 13 255 156 38
    32 255 140 46 150 191 0 243 110 93 11 255 58 80 129 123 196 94 171
    243 213 154 46 153 121 178 247 31 151 66 134 78 185 157 32 34 207
    240 130 78 103 173 7 203 19 255 78 15 34 235 57 20 247 255 167 52
    255 69 88 143 236 255 171 179 242 120 255 147 181 97 255 255 212 201
    162 225 255 48 75 149 48 172 116 60 182 220 175 17 105 71 47 86 142
    241 64 156 86 36 255 89 53 111 229 44 246 255 117 228 210 246 246
    162 246 171 255 217 157 74 246 37 164 141 196 107 37 145 205 241 198
    184 189 1 100 227 87 80 255 255 34 187 184 155 193 11 187 206 240 99
    33 18 212 170 149 186 171 166 131 140 0 147 240 162 33 255 228 22 95
    255 10 78 255 160 255 189 255 55 227 38 255 255 51 231 231 165 241
    28 238 228 108 110 223 233 110 187 52 240 86 255 255 196 130 44 227
    106 255 184 40 85 102 255 31 115 168 150 83 51 191 179 97 5 163 102
    112 159 107 87 45 122 3 198 171 45 60 24 67 171 161 78 190 18 202
    122 159 219 255 167 226 71 171 108 104 200 231 255 191 155 79 9 191
    183 255 31 217 142 158 49 255 146 250 254 14 79 158 252 159 242 202
    161 154 189 33 255 48 44 143 22 255 11 210 170 13 164 156 255 198 92
    255 230 163 255 211 169 196 219 8 208 154 209 245 255 213 89 236 184
    51 158 255 135 36 111 255 16 19 103 48 158 78 241 212 6 25 54 255
    202 251 152 193 167 151 220 255 251 130 106 41 230 84 73 109 255 188
    237 179 226 147 56 114 183 8 96 101 83 1 125 161 168 57 67 157 255
    255 112 156 136 89 50 213 209 237 135 94 186 45 176 120 220 255 147
    255 255 115 173 180 65 167 255 124 190 153 100 25 145 144 48 255 38
    207 0 127 31 216 192 114 231 95 227 230 228 111 214 149 94 255 253
    187 15 73 36 56 178 81 27 28 214 255 89 146 217 250 202 8 147 71 13
    255 223 255 255 69 120 255 88 78 254 255 69 104 235 255 52 238 32 95
    145 43 195 103 56 255 135 255 229 192 255 84 241 103 156 59 105 96 2
    148 98 136 255 215 159 71 205 198 51 205 241 50 255 62 191 171 141
    96 58 45 255 31 209 180 102 134 170 118 162 255 29 181 34 238 34 216
    63 71 70 229 168 170 41 210 189 51 123 233 72 10 102 229 84 50 154
    94 173 40 159 125 25 25 255 144 33 66 92 255 255 53 215 162 112 64
    157 225 33 120 169 164 148 2 22 233 252 152 114 117 152 124 122 173
    163 34 129 218 183 212 237 60 195 43 142 90 255 108 146 20 222 107
    255 21 49 182 140 117 33 63 240 46 115 106 154 162 205 255 61 194
    231 252 187 83 4 94 194 148 9 241 235 216 96 96 46 255 43 81 226 231
    81 255 99 0 43 116 243 32 215 113 129 85 127 198 236 168 175 86 125
    190 66 234 105 177 103 145 33 203 47 255 230 204 226 130 249 191 228
    139 24 34 138 157 215 161 105 10 189 196 24 84 53 70 114 51 236 202
    254 251 210 7 198 245 63 14 203 34 240 255 255 255 171 47 48 116 16
    234 11 151 234 161 235 255 106 202 255 223 38 195 228 127 3 255 97
    186 125 158 79 165 122 241 228 255 29 63 118 67 255 13 20 122 58 197
    40 246 82 255 233 125 218 235 55 246 207 100 240 227 172 92 246 133
    205 250 24 255 254 198 135 142 0 1 65 190 98 51 26 166 69 186 255
    218 174 255 212 41 191 192 38 255 182 8 112 72 68 255 252 36 116 91
    60 119 87 95 83 220 153 65 38 216 255 203 184 255 220 205 0 29 251
    255 255 221 255 159 60 255 90 246 230 244 186 219 198 124 92 220 183
    80 3 255 91 150 203 87 255 39 255 181 178 116 14 75 249 209 144 255
    0 12 250 64 18 205 240 244 138 184 35 99 167 145 65 156 121 22 117
    192 57 19 244 198 25 33 255 22 209 48 30 98 144 104 113 131 160 255
    33 146 204 69 230 255 87 226 112 9 203 125 241 25 73 255 186 122 255
    69 134 218 150 201 249 10 255 246 94 121 186 10 82 210 163 33 255
    249 209 47 34 224 42 250 173 5 255 212 245 62 124 172 77 204 255 138
    11 41 141 193 182 161 255 73 46 255 41 93 221 159 105 255 17 5 210
    112 170 93 255 118 239 121 29 255 138 201 99 255 175 255 52 92 238
    87 131 122 255 21 116 96 234 11 139 44 84 159 192 220 255 216 210
    255 191 253 68 81 184 96 48 255 182 136 70 175 255 121 213 250 105
    13 18 2 64 19 196 42 0 19 111 131 205 157 174 246 225 141 255 203
    232 66 61 148 50 236 44 240 209 255 135 246 27 189 236 173 95 251
    221 164 103 135 200 212 14 237 108 255 54 179 205 37 255 22 249 84
    81 202 219 1 255 255 20 9 203 27 112 218 244 229 79 212 102 14 114
    64 26 158 177 36 62 207 102 102 141 255 164 251 84 220 56 45 15 150
    204 56 162 225 228 179 63 47 62 3 49 39 216 109 153 172 86 255 207
    54 164 235 83 114 33 27 127 255 215 36 59 86 72 255 133 209 154 165
    193 255 20 59 216 99 38 138 216 216 131 98 83 255 94 123 214 136 34
    80 28 246 17 255 225 114 17 202 212 103 75 51 191 140 179 14 26 6 93
    255 145 253 137 235 203 149 172 255 229 18 221 82 255 132 151 4 214
    110 182 79 136 84 124 240 130 112 35 153 172 144 235 80 255 32 56 24
    138 54 230 255 68 203 195 71 234 126 53 167 51 47 156 255 214 196
    147 87 235 255 100 226 98 178 36 171 255 89 82 145 0 157 80 34 41
    159 175 255 156 35 108 131 16 253 160 36 193 9 232 171 163 15 240 8
    204 226 34 83 26 57 81 255 186 105 255 143 240 159 133 80 80 151 88
    255 51 208 29 124 56 245 120 254 51 192 248 255 45 99 107 166 244 46
    236 184 151 226 133 247 85 255 89 251 23 108 128 249 231 187 249 251
    228 229 171 57 57 28 255 248 255 88 247 152 255 93 253 192 227 255 6
    227 214 119 173 185 92 96 205 190 236 10 89 20 112 3 210 244 5 22 74
    237 243 66 49 234 87 118 75 168 255 66 255 50 110 255 1 169 6 18 183
    255 2 175 222 255 73 223 75 152 64 199 62 173 137 197 184 179 70 125
    213 141 116 67 27 255 66 236 43 168 254 222 249 190 162 53 88 163
    115 116 255 103 158 52 86 231 94 199 184 43 34 2 228 46 151 255 145
    167 255 228 255 212 199 206 255 43 81 6 218 73 221 255 39 205 148 47
    214 99 191 116 166 185 125 125 72 241 128 255 245 80 1 198 53 50 87
    171 169 55 104 41 33 255 255 240 99 45 134 4 239 131 194 215 59 88
    103 173 102 103 107 221 98 239 40 169 255 10 215 41 221 255 246 215
    191 124 71 167 255 46 214 253 214 64 254 27 106 255 190 254 46 212
    166 116 240 175 4 7 160 255 209 121 59 81 153 255 1 255 151 234 102
    130 138 195 41 208 87 101 17 173 34 168 237 92 14 189 223 5 21 210
    63 103 255 102 111 60 207 241 255 255 218 47 210 47 17 113 255 165
    146 255 22 193 18 181 97 62 189 254 255 189 166 163 66 254 157 68
    141 70 184 147 7 144 201 49 4 142 255 120 179 64 159 39 236 208 204
    96 181 38 75 255 201 237 255 248 187 249 214 174 99 253 113 171 17
    149 255 65 255 156 34 118 241 89 255 52 147 181 255 109 124 85 194
    58 255 69 231 193 57 3 182 239 198 210 158 255 61 228 43 255 232 91
    66 241 24 3 201 219 140 141 255 255 63 152 115 23 181 88 239 13 85
    208 47 77 133 255 247 72 13 119 170 5 255 119 255 59 109 255 255 251
    146 138 101 20 92 255 147 255 253 255 227 228 162 66 183 184 255 207
    189 158 173 194 23 217 255 124 48 101 237 217 143 255 63 236 255 148
    178 153 46 175 204 180 255 202 6 101 203 13 196 196 104 50 79 206 12
    79 255 175 255 201 252 91 204 214 172 80 48 131 192 248 250 204 31
    156 186 61 255 214 255 48 89 241 226 171 38 170 218 255 97 218 255
    198 137 118 56 75 193 133 54 56 255 15 234 255 170 93 120 125 229
    242 137 255 255 124 26 87 207 232 202 78 73 145 66 227 27 255 135
    255 80 155 173 81 84 59 26 44 255 84 255 191 104 247 232 64 73 75 90
    13 255 179 173 180 235 61 6 120 29 4 241 3 255 190 44 255 103 66 255
    81 223 191 167 42 27 146 30 221 97 204 255 100 24 255 149 255 255 43
    143 139 55 124 188 94 26 42 207 48 255 222 77 34 127 226 239 215 255
    202 175 226 59 254 83 73 73 227 250 49 118 255 169 3 255 67 104 212
    3 80 255 237 230 157 154 47 166 94 98 166 49 133 241 5 255 242 62 96
    190 229 155 29 167 255 223 132 255 121 159 84 149 206 121 40 22 220
    236 78 148 22 179 210 28 166 32 20 127 42 255 73 114 120 212 55 45
    55 231 255 139 56 218 180 3 255 87 92 255 120 103 117 43 249 255 80
    255 32 255 248 239 73 43 98 5 150 4 167 65 143 46 133 255 65 231 97
    188 92 157 21 167 190 98 1 88 46 228 251 112 106 182 255 230 255 114
    161 134 57 77 255 90 189 255 255 84 236 44 237 184 211 225 29 75 144
    140 182 252 73 237 195 255 121 4 190 164 35 241 68 20 66 38 110 89
    131 204 134 221 232 20 72 123 45 177 100 135 27 238 153 148 160 217
    56 89 255 125 52 87 241 224 236 11 53 68 124 217 207 143 114 158 255
    181 205 226 246 151 45 151 40 135 242 91 140 98 65 213 178 226 77
    255 225 238 138 255 123 167 205 244 11 46 132 78 205 244 238 5 242
    91 64 118 242 98 56 84 31 77 109 228 161 252 101 48 177 54 41 91 87
    213 152 9 204 226 255 217 230 255 133 139 55 255 232 14 0 225 218
    207 87 85 123 194 255 214 208 167 34 104 185 193 168 255 91 96 228
    91 22 193 238 200 139 24 90 140 167 224 144 28 232 231 249 239 43 33
    119 29 245 241 116 211 64 8 152 151 56 206 172 120 79 137 200 101
    115 180 16 150 1 232 221 83 236 16 255 38 77 255 239 255 78 47 248
    144 96 177 189 26 39 61 75 208 64 32 29 55 255 168 255 165 3 255 121
    129 255 219 98 255 91 12 157 170 185 36 164 255 37 41 95 242 156 213
    255 210 224 254 245 76 214 184 114 153 51 167 180 181 111 41 55 255
    120 124 212 54 197 132 255 216 48 255 88 223 13 101 88 125 159 46 98
    70 214 213 61 161 255 101 117 255 255 229 255 195 58 110 75 79 71
    226 122 22 125 21 255 178 117 255 150 249 97 58 58 236 107 68 74 42
    77 97 28 255 26 116 224 255 255 196 158 40 87 130 255 16 9 236 255
    48 119 44 173 45 255 87 220 250 108 118 255 255 177 174 247 199 184
    46 156 189 103 113 83 255 39 216 52 130 232 18 48 70 190 206 30 255
    93 238 129 21 65 111 197 190 255 251 119 231 127 189 108 255 84 112
    1 109 188 52 219 219 245 179 182 105 80 1 102 46 94 155 217 255 173
    237 134 238 179 255 255 255 216 241 78 120 7 103 247 31 243 124 27
    181 161 156 94 255 25 1 99 30 204 73 165 201 255 1 195 255 131 251
    255 207 72 209 52 105 225 29 166 148 182 16 194 244 247 51 236 232
    51 1 141 226 48 89 250 177 94 255 136 214 255 84 121 255 8 167 237
    126 237 147 118 255 239 255 119 222 108 167 115 239 173 162 255 255
    255 170 98 255 98 156 64 187 150 185 249 132 13 3 24 64 234 11 250
    96 137 253 148 84 180 255 14 175 250 232 112 81 146 71 143 242 210
    25 255 250 180 156 60 198 247 184 85 84 93 222 2 255 50 203 173 175
    255 255 201 114 242 8 166 5 131 200 202 52 83 255 255 104 129 232
    174 255 4 157 59 185 110 200 216 241 149 212 112 63 150 255 199 249
    37 145 245 102 255 207 24 212 180 143 161 142 69 255 230 186 255 216
    178 200 25 50 242 11 135 255 5 55 255 23 232 63 164 167 99 88 195
    154 11 148 246 161 19 136 134 66 255 147 189 139 154 107 108 83 52 5
    255 55 11 187 255 101 40 67 159 29 91 255 114 198 105 137 225 9 143
    65 255 58 102 255 249 146 6 167 15 235 193 207 182 154 14 227 255
    255 249 205 26 11 151 138 203 50 251 85 182 64 202 203 159 136 142
    14 242 199 93 255 116 133 124 22 137 239 255 246 255 102 168 42 253
    255 181 144 251 20 119 151 6 4 198 14 52 244 34 218 255 101 16 100
    64 44 101 184 100 102 171 119 44 255 255 255 128 1 255 161 10 184 78
    229 42 70 255 255 85 231 255 36 253 255 59 40 8 250 253 255 255 84
    11 253 63 255 78 250 225 255 120 218 115 13 56 226 49 253 107 172
    255 173 31 109 255 110 83 214 123 246 255 164 58 32 138 62 255 177 4
    156 201 167 255 255 139 255 104 41 45 10 149 43 160 255 34 134 178
    108 141 25 167 219 139 245 128 228 148 201 186 65 33 248 255 154 196
    135 145 2 129 100 26 78 162 144 180 103 20 255 216 109 175 253 198 8
    157 139 131 109 53 255 214 235 108 220 185 179 255 221 188 89 166
    255 120 72 0 190 112 27 116 207 255 159 57 41 181 240 88 72 61 134
    130 139 255 158 141 162 201 242 236 20 255 8 243 196 255 92 129 79
    187 10 255 89 87 233 32 7 255 2 237 153 41 139 125 69 52 75 214 59
    255 91 237 255 111 178 216 149 66 34 197 195 3 46 255 157 40 255 255
    255 248 17 75 55 255 215 27 40 66 132 111 168 94 249 155 243 255 152
    255 70 226 21 9 255 130 255 101 216 185 255 200 255 224 224 222 71
    127 40 254 255 181 115 227 250 181 47 158 156 13 94 44 255 55 224 55
    74 136 255 71 56 163 55 30 138 255 238 67 157 109 194 103 50 208 203
    240 99 27 219 111 96 132 70 175 189 186 180 113 109 41 50 252 32 179
    9 255 66 255 255 121 159 255 101 46 159 49 255 131 156 153 210 72
    110 162 78 21 255 71 101 143 71 255 42 219 129 255 188 71 255 56 161
    181 57 24 250 172 216 17 11 167 196 193 255 23 240 44 255 140 22 33
    76 243 65 203 202 83 65 46 138 15 126 255 146 27 200 180 101 218 16
    75 255 53 254 217 11 220 182 51 241 120 214 89 255 92 254 88 60 48
    121 123 164 54 170 223 255 47 152 96 89 217 80 142 78 50 97 118 102
    136 118 71 6 29 131 39 2 139 75 214 42 46 209 176 70 0 8 245 25 154
    98 255 180 168 23 157 230 164 213 131 11 131 102 122 128 95 0 255 8
    42 255 48 175 198 72 162 255 244 232 60 143 84 27 250 208 37 244 156
    88 126 69 133 111 170 255 226 160 119 191 66 212 237 182 185 199 212
    92 78 116 55 3 95 255 216 0 92 36 56 59 188 210 247 205 195 36 61
    255 222 91 255 147 85 202 47 10 94 255 39 70 41 57 204 85 101 5 219
    124 61 255 92 209 9 216 47 153 78 79 15 24 214 6 114 155 193 64 231
    31 6 122 121 169 137 144 56 134 241 114 65 152 1 106 255 53 29 88 55
    226 108 185 116 14 40 129 204 125 255 161 101 195 33 66 190 253 0 38
    179 40 177 128 179 18 195 132 171 255 23 78 255 17 93 96 28 41 213
    45 138 255 152 255 255 255 67 46 178 254 200 47 15 255 32 255 145 11
    197 8 208 93 139 11 215 125 244 180 26 108 186 99 252 183 117 90 180
    102 42 84 102 191 242 212 4 72 19 44 241 74 246 82 188 152 255 28 72
    61 210 99 79 255 111 114 255 149 179 249 112 110 111 227 169 63 78
    111 255 255 217 82 164 110 236 205 83 142 161 134 55 13 152 88 251
    19 199 161 80 142 142 160 147 14 72 57 151 126 57 156 128 255 9 136
    138 11 100 255 215 112 255 213 151 255 109 65 244 46 91 102 87 255
    54 152 37 111 214 180 255 100 231 254 62 246 198 109 156 255 25 129
    196 22 47 77 203 193 148 255 107 184 0 117 41 162 255 255 175 133 97
    91 20 111 37 126 50 17 38 117 30 128 255 93 15 186 113 116 87 242 87
    255 9 252 255 62 7 195 160 168 194 255 201 31 108 156 255 161 141
    247 98 225 255 115 255 28 170 143 255 73 217 161 181 205 255 150 72
    230 183 255 255 136 107 102 148 242 32 228 207 255 156 255 246 53
    135 14 79 201 255 182 243 242 18 71 154 169 190 32 46 124 159 160
    218 0 105 22 216 137 16 134 27 111 255 79 7 15 69 114 255 30 75 221
    17 102 255 212 103 232 78 166 205 228 104 255 32 171 204 120 31 77
    172 255 194 105 201 255 127 111 31 57 191 78 172 149 138 255 155 61
    134 117 28 87 99 84 8 156 103 184 196 186 113 106 255 164 90 179 104
    167 145 0 10 255 195 68 116 53 22 255 56 202 255 142 226 23 233 234
    247 255 115 107 116 255 6 63 255 15 250 182 255 253 170 255 133 25
    255 169 140 235 255 112 255 227 94 148 24 24 99 86 126 228 18 160
    255 135 56 140 53 102 232 43 54 179 155 255 70 112 147 227 235 55
    246 135 225 136 190 255 13 208 24 209 164 128 223 215 11 1 25 164
    153 16 64 255 179 119 107 213 88 255 68 34 64 168 158 208 37 68 196
    145 111 186 74 255 34 205 179 87 137 194 10 86 255 77 210 116 121
    126 8 222 159 243 51 255 191 255 225 117 255 236 179 18 69 235 121
    164 86 92 10 255 24 213 46 74 110 61 32 94 235 218 11 26 23 56 255
    128 92 93 26 16 65 10 91 24 255 151 203 250 63 210 255 228 106 63
    189 24 226 145 111 255 33 16 185 74 133 255 199 138 250 226 242 42
    91 149 208 217 24 88 97 99 255 76 26 230 220 157 246 205 135 110 199
    5 255 46 255 130 255 197 255 130 98 156 146 80 136 182 228 255 194
    137 83 147 156 111 5 255 36 202 255 40 126 62 66 252 175 255 17 29
    31 7 145 255 136 76 27 27 49 92 15 16 138 76 235 184 127 55 255 73
    185 196 111 57 99 166 100 105 103 179 68 164 169 255 135 87 103 168
    133 219 246 20 55 65 43 176 88 5 166 160 171 255 208 136 209 122 220
    204 42 163 236 130 87 88 185 197 165 246 32 219 190 167 194 40 49
    255 189 18 60 87 10 255 166 232 98 40 15 185 229 216 162 255 72 14
    17 123 19 208 71 73 213 242 255 164 41 148 159 181 231 142 29 147 45
    8 9 99 49 37 66 80 64 235 255 130 23 115 46 108 29 69 88 189 222 255
    175 61 161 92 52 16 82 255 102 215 255 75 14 28 6 140 77 84 191 212
    195 255 244 73 116 254 125 147 5 63 148 255 22 54 255 94 91 255 202
    177 40 0 128 255 64 227 33 201 237 216 157 203 38 188 2 94 157 152
    36 7 182 131 208 72 158 175 173 22 43 68 204 236 191 112 126 253 40
    27 173 69 143 246 120 163 195 142 57 255 102 221 224 250 43 38 131
    160 231 125 148 255 10 95 129 102 152 172 209 7 42 64 86 134 195 4
    103 244 28 73 235 172 191 171 97 35 87 23 72 250 178 219 101 187 112
    64 232 187 125 27 43 175 220 206 166 149 136 255 14 157 151 75 237
    255 86 75 75 102 90 101 197 248 255 145 141 129 244 191 191 148 251
    255 145 255 208 108 224 119 13 130 93 14 129 173 218 57 51 113 247
    11 203 212 226 33 183 135 52 190 202 11 4 135 241 78 158 75 81 101
    84 216 56 16 84 78 168 73 14 80 187 239 175 58 253 119 255 156 219
    224 239 255 101 142 122 215 202 50 113 186 255 114 73 105 197 19 25
    248 255 240 130 247 150 255 4 187 41 89 10 59 255 47 64 255 126 48
    108 50 111 255 213 232 225 185 104 87 187 57 40 190 36 255 254 228
    156 62 224 249 118 149 204 65 12 117 190 88 112 233 43 71 189 112
    255 34 255 175 66 172 22 171 255 4 213 132 181 10 253 219 81 246 61
    192 5 182 137 144 254 126 81 245 155 203 165 149 133 79 193 152 255
    116 93 75 175 111 255 225 255 129 114 237 36 183 170 241 147 66 184
    173 228 214 164 139 235 0 42 205 239 144 255 240 94 139 155 177 165
    221 13 255 255 255 36 237 195 255 39 254 23 53 34 14 80 44 168 102
    130 107 128 143 106 197 83 75 240 77 55 130 61 241 56 20 182 191 140
    54 110 2 255 55 12 255 175 121 78 226 122 114 123 21 102 126 60 255
    112 41 209 202 71 255 146 215 32 136 145 255 54 240 77 109 205 255
    30 202 255 66 12 26 160 56 83 236 129 14 158 12 56 71 217 255 127
    244 56 178 66 48 93 3 235 80 15 255 123 107 46 207 56 38 135 32 255
    55 116 219 88 94 255 79 118 143 66 99 93 90 29 209 76 113 255 237
    114 134 215 123 165 40 111 255 158 79 255 217 173 255 89 240 255 184
    247 140 61 225 244 137 31 176 174 121 26 174 169 236 164 255 255 255
    239 40 208 46 223 229 32 209 66 210 218 190 33 142 188 145 114 148
    151 19 232 177 15 252 191 80 212 71 255 186 37 103 228 23 130 34 230
    255 204 183 135 0 32 66 44 81 20 181 95 45 50 55 68 175 218 68 152
    35 182 64 167 152 71 115 172 93 7 165 188 26 56 189 67 219 184 20 84
    239 57 71 39 72 29 21 84 17 26 32 190 214 35 218 43 255 194 20 32
    255 154 170 240 93 2 122 146 255 255 121 34 128 240 39 255 97 205
    212 91 227 159 194 3 176 50 246 28 162 238 33 64 27 94 141 158 9 188
    96 212 70 164 255 115 57 255 133 230 255 130 116 42 142 10 48 93 141
    130 11 116 40 217 78 27 92 117 245 67 255 19 86 193 0 52 198 34 233
    30 129 33 129 235 126 101 8 216 151 167 177 61 207 248 57 199 105 49
    254 53 171 255 178 183 38 251 238 92 109 255 111 244 138 255 7 168
    28 24 53 84 255 243 200 202 127 66 96 4 93 210 52 255 11 139 255 51
    230 11 128 231 99 65 189 255 174 43 31 43 255 37 49 96 255 70 18 156
    214 238 163 228 4 250 20 5 129 34 125 255 178 215 48 13 175 202 208
    87 4 170 83 129 207 185 43 245 196 171 255 158 255 75 231 255 16 79
    110 232 167 255 81 34 255 96 155 168 41 147 195 235 191 28 3 135 255
    203 134 255 130 248 255 88 174 255 104 221 102 99 186 75 9 169 152
    251 195 103 84 139 208 115 202 158 142 193 182 216 36 13 78 95 255
    199 68 221 187 91 40 237 118 57 171 181 255 32 225 203 74 89 110 2
    255 255 63 241 161 125 185 18 205 255 255 175 214 116 255 135 255
    112 240 4 69 137 214 102 148 255 0 221 80 57 157 115 236 124 114 84
    177 3 255 9 232 242 67 59 43 255 255 96 46 255 89 150 228 48 185 20
    233 52 255 132 9 42 134 129 59 221 224 175 46 152 93 219 255 255 39
    14 40 205 115 41 170 201 115 137 255 226 27 122 97 2 155 176 237 238
    255 147 111 66 233 190 251 96 106 125 173 24 250 220 105 247 179 241
    255 29 240 221 174 111 193 133 190 255 243 255 255 218 45 255 177
    191 225 122 73 255 222 152 255 54 4 65 33 77 200 132 57 255 162 60
    213 7 255 4 5 169 167 107 54 108 205 184 54 40 23 111 208 201 188 79
    180 60 69 127 136 92 175 8 160 206 171 32 184 166 73 255 202 108 55
    73 125 116 162 67 169 181 39 129 152 141 15 217 198 255 255 87 5 46
    166 209 230 152 181 17 60 255 102 205 104 117 232 96 56 101 44 255
    81 64 52 49 35 1 255 178 41 9 1 143 41 35 165 170 255 23 184 123 219
    76 157 59 1 243 225 110 192 129 42 86 103 42 128 205 227 107 255 79
    232 82 31 135 255 214 255 41 214 18 142 73 151 1 73 156 80 123 166
    255 58 8 37 234 115 236 221 255 255 122 49 255 147 144 75 178 254
    233 92 133 3 189 212 228 4 235 237 233 202 22 96 60 17 65 192 73 201
    98 236 25 15 255 36 255 218 38 130 105 246 134 225 239 255 255 126
    114 6 112 255 149 89 22 255 213 213 133 23 255 75 157 201 188 154 24
    188 215 170 50 239 132 13 34 205 8 248 23 255 241 255 148 39 125 107
    179 76 82 248 203 110 113 68 105 251 101 255 7 143 91 187 177 56 1
    58 69 179 217 50 38 234 214 7 153 181 120 19 151 43 146 33 238 145
    64 30 29 255 50 100 157 140 196 122 210 224 233 213 202 191 163 156
    1 211 56 79 203 79 222 181 22 143 1 73 114 255 207 255 88 255 255
    252 220 255 252 196 31 111 159 79 136 95 36 192 238 17 164 241 147
    134 119 221 242 72 60 255 151 115 255 247 78 103 143 233 233 240 204
    255 255 188 38 190 97 191 102 255 70 240 47 195 133 198 226 168 255
    234 236 255 255 113 153 53 105 176 212 45 13 245 255 193 187 161 255
    158 132 179 100 139 14 7 254 230 146 168 4 179 106 231 107 47 191
    114 241 217 170 149 255 96 246 70 145 240 158 118 96 168 45 172 245
    68 164 70 60 250 255 14 114 92 202 236 255 197 190 255 91 253 255 38
    236 138 229 84 47 172 84 33 1 170 163 222 86 56 192 80 148 92 157
    122 79 255 255 167 81 6 81 140 142 244 76 255 79 122 41 152 214 18
    58 7 255 157 164 4 9 29 110 246 9 88 33 187 50 192 29 255 145 254
    255 14 103 84 17 123 233 231 228 36 213 255 196 44 86 213 42 234 6
    90 224 255 197 127 59 76 153 153 253 157 99 255 141 255 49 123 88 84
    89 84 196 15 255 15 217 153 42 126 27 40 153 241 88 92 13 202 255
    156 132 106 255 222 57 255 104 46 69 141 146 27 70 82 255 60 221 173
    133 60 40 231 207 18 156 255 121 175 128 119 114 224 184 135 135 84
    44 88 196 138 76 157 222 146 205 219 161 152 5 123 205 39 248 38 217
    214 207 84 252 221 229 228 242 77 132 225 19 255 255 175 255 133 211
    91 70 38 84 48 22 145 255 224 197 161 121 69 255 215 41 255 17 212
    119 131 115 111 117 10 231 236 168 168 13 5 124 230 72 244 74 139
    196 146 200 181 52 19 255 117 83 61 168 175 152 174 24 179 66 136
    227 89 130 255 98 143 29 171 53 255 92 132 143 245 10 196 224 118
    228 199 133 247 36 156 157 180 66 255 198 47 56 156 128 173 120 143
    172 80 205 85 98 128 6 116 21 51 111 182 240 184 255 78 180 182 254
    164 169 74 183 69 213 86 114 149 15 93 255 77 200 255 28 46 219 219
    175 255 165 47 255 23 200 0 31 14 255 250 127 225 197 213 60 85 221
    218 213 91 231 52 243 226 74 0 31 4 110 249 255 255 217 151 36 173
    113 101 255 205 72 196 80 93 55 189 255 255 57 1 255 123 255 255 243
    89 191 7 161 8 73 71 8 162 227 222 23 105 255 86 213 216 113 104 71
    233 255 253 79 76 79 107 194 179 232 141 255 156 226 200 150 72 101
    9 213 159 80 138 55 6 121 255 117 59 242 112 235 41 27 129 193 255
    241 168 221 228 255 143 214 38 204 164 85 161 91 112 204 80 198 58
    226 48 62 184 202 168 253 251 108 104 185 208 44 255 221 5 255 66 30
    56 235 41 159 73 148 255 181 170 11 1 174 135 105 125 255 57 92 255
    104 243 165 10 255 255 147 47 77 124 16 255 160 41 233 97 255 31 166
    226 156 239 7 103 13 121 130 73 230 222 22 105 83 187 112 255 108
    255 163 216 169 161 177 140 255 209 195 228 157 137 4 143 12 198 233
    168 255 164 73 255 87 178 75 22 134 166 130 9 255 80 255 255 113 243
    14 16 189 240 88 104 255 28 54 198 226 58 255 218 174 207 75 123 140
    51 134 105 41 179 255 167 109 82 25 255 69 140 50 255 108 232 255
    119 242 221 94 231 255 183 186 208 18 207 170 169 98 255 62 192 138
    158 205 185 103 10 128 211 29 152 58 101 9 195 255 228 61 153 236
    195 88 255 60 130 84 19 62 1 245 207 47 0 109 255 250 255 63 205 227
    205 65 105 75 103 60 24 189 55 126 29 75 128 177 102 56 91 183 255
    206 198 255 99 230 180 16 95 56 255 35 38 165 170 71 184 41 198 131
    69 99 225 250 242 218 255 255 197 254 175 214 168 112 107 186 255 31
    64 11 248 137 19 240 18 52 154 167 140 204 184 112 86 144 63 255 100
    92 233 239 65 252 234 255 190 180 139 67 251 96 123 149 136 185 225
    255 162 195 99 216 10 202 148 128 255 58 255 45 34 22 255 113 255 71
    144 99 255 78 220 189 109 30 135 33 171 43 165 100 97 133 107 162
    229 67 203 97 111 22 150 27 91 49 255 61 255 55 167 29 68 78 101 232
    37 141 109 46 148 78 73 16 3 45 38 15 138 210 126 34 134 39 231 25
    68 255 83 29 255 131 169 80 34 198 24 255 251 80 164 37 204 218 207
    219 64 255 136 233 255 255 196 89 147 255 104 226 13 161 180 171 84
    93 94 185 255 142 110 255 95 247 213 108 250 82 105 98 208 1 190 255
    195 90 63 109 45 89 201 145 64 47 216 255 159 66 70 140 128 176 167
    184 255 105 213 194 205 103 61 139 57 210 241 191 87 107 249 255 98
    1 253 34 189 255 248 58 255 21 109 217 202 201 43 157 8 255 37 35
    255 105 159 255 147 82 255 7 109 159 213 253 105 177 125 255 179 229
    255 160 221 61 159 255 111 164 218 255 181 7 29 255 183 144 255 170
    255 69 186 182 254 45 55 159 209 40 6 255 193 159 22 255 83 255 255
    157 60 255 160 161 89 114 103 189 66 255 98 154 255 223 166 246 225
    151 117 239 142 19 221 32 121 255 201 255 41 255 184 255 40 141 165
    10 90 94 16 255 82 180 197 82 18 255 18 191 8 102 119 196 29 177 182
    125 255 187 186 234 221 216 179 96 154 118 238 55 204 134 45 75 5
    232 98 230 247 73 77 246 161 175 255 233 177 249 248 96 10 42 178
    124 199 2 6 123 255 75 251 174 239 78 234 255 92 169 239 234 75 11
    203 148 94 11 231 112 38 181 152 17 181 255 141 214 78 252 158 134
    154 255 186 100 255 124 32 90 214 134 225 61 254 204 247 26 163 143
    7 255 255 10 134 41 46 215 34 136 223 255 71 237 45 27 200 3 56 252
    180 183 82 255 130 198 255 138 122 32 109 146 255 62 255 247 2 200
    255 189 106 177 85 77 159 60 107 78 48 255 5 238 114 23 90 52 242 62
    53 91 201 220 168 193 111 117 135 26 226 49 151 87 197 195 52 111 30
    255 193 171 176 61 0 255 159 157 191 50 255 92 139 174 121 250 235
    122 237 197 10 119 33 15 17 171 217 198 77 254 188 105 218 91 68 85
    168 175 64 89 161 189 246 184 251 211 137 124 53 33 202 224 27 255
    252 206 56 3 25 255 60 75 57 92 113 249 217 214 120 40 161 190 26
    161 196 255 62 0 32 198 87 224 60 98 154 152 134 240 255 166 41 242
    190 17 255 196 251 84 255 204 59 255 54 185 193 216 228 106 17 158
    221 8 152 255 188 204 19 155 56 230 9 4 5 177 54 73 181 153 65 246
    235 217 120 166 230 228 82 255 157 197 228 16 30 105 32 205 97 167
    237 255 162 91 199 255 44 166 238 243 246 144 18 255 25 172 255 128
    255 255 229 255 255 166 255 142 42 178 255 139 110 144 77 13 179 149
    64 181 104 254 55 53 113 227 30 163 246 1 34 61 97 111 255 222 162
    255 162 52 255 133 242 193 24 116 129 64 11 71 244 162 255 134 229
    33 77 121 180 92 189 170 104 23 204 180 229 184 203 82 22 81 122 255
    39 243 60 170 225 255 228 92 41 98 150 170 22 15 255 219 132 255 97
    64 88 102 255 216 93 239 79 148 87 223 164 128 36 136 93 255 62 221
    195 139 79 131 255 105 84 252 255 170 74 168 245 204 33 66 36 38 255
    183 195 74 104 229 241 126 248 158 245 220 158 81 46 28 239 39 106
    115 255 153 97 132 173 28 56 103 18 7 255 244 91 139 158 230 128 235
    94 255 147 88 124 159 241 103 93 255 172 74 14 255 126 78 105 47 180
    37 38 95 140 136 50 232 163 55 255 24 105 153 244 72 71 78 124 0 104
    86 60 226 231 194 53 254 149 246 190 255 40 255 64 68 96 63 149 133
    216 125 156 249 179 248 226 162 80 138 86 14 147 90 11 115 222 255
    17 66 125 207 220 76 52 161 80 73 18 53 96 166 79 255 69 228 165 136
    203 165 229 111 135 182 230 163 63 189 175 134 255 255 179 72 125
    182 145 255 138 216 126 11 32 110 218 124 143 14 185 237 92 228 239
    241 76 51 152 255 130 155 255 89 88 186 253 238 47 151 34 91 27 93
    122 255 185 168 189 146 255 144 27 4 47 68 255 168 243 136 42 170
    206 92 243 79 230 100 195 230 29 122 119 131 162 232 195 50 255 245
    255 64 77 35 140 245 192 255 102 171 97 109 221 82 190 19 194 184 7
    65 109 174 43 95 147 182 19 34 143 142 162 255 0 89 84 88 235 54 202
    200 244 143 135 4 53 175 103 142 52 170 18 206 255 54 255 255 162
    254 255 5 130 186 249 217 108 198 255 122 235 190 98 124 251 216 186
    231 216 255 203 152 15 203 255 79 113 151 164 212 198 108 227 217
    110 132 20 71 167 171 183 7 255 226 88 251 239 129 255 163 103 124
    250 210 184 225 59 237 134 218 10 204 102 172 151 228 167 13 13 186
    202 216 255 37 36 64 159 217 34 255 46 18 241 175 225 104 147 241
    189 187 172 70 2 255 7 118 255 44 248 119 125 121 4 170 72 22 114
    136 165 236 70 255 196 56 173 182 3 255 87 45 91 29 78 255 102 14 85
    88 26 88 131 116 1 214 64 57 0 33 28 88 159 108 87 110 228 177 159
    255 54 118 213 209 104 75 19 153 119 249 175 255 220 173 59 204 86
    96 168 11 255 159 249 203 188 116 222 206 3 255 112 115 255 157 255
    42 105 73 255 93 125 14 218 220 122 27 255 103 96 179 232 99 195 255
    102 1 60 121 103 20 118 255 172 78 152 255 78 198 255 255 178 255
    209 32 190 107 126 250 113 168 237 0 255 63 187 88 255 137 223 255
    182 64 42 255 174 228 132 119 128 234 18 151 122 81 73 173 218 240
    84 214 101 255 89 235 105 5 1 138 231 108 192 117 255 166 90 170 19
    170 61 155 115 23 156 193 202 27 136 116 2 78 84 227 224 138 68 246
    38 38 144 92 115 255 255 92 172 239 214 8 214 130 132 152 255 20 255
    191 67 57 255 66 255 93 128 91 164 129 204 1 186 236 18 189 217 226
    253 255 115 255 175 246 106 255 40 255 255 64 232 24 116 134 3 102
    38 74 255 146 163 126 8 244 126 206 231 203 48 227 1 59 116 65 171
    255 125 180 255 234 31 255 3 217 128 74 244 11 170 101 255 246 82
    130 25 248 236 97 210 255 213 230 173 128 185 181 27 57 91 17 166
    195 179 202 63 108 12 233 100 255 158 32 95 255 93 180 52 190 239
    246 71 218 147 86 255 255 79 67 203 134 12 255 75 232 232 255 224
    180 227 38 145 235 209 255 61 147 162 45 15 126 61 55 255 158 59 210
    184 121 162 205 77 59 81 90 112 255 202 128 93 255 255 236 127 71 46
    247 89 15 36 8 113 61 128 53 156 166 68 83 245 220 231 64 160 242
    116 80 253 200 60 138 75 173 49 47 76 106 255 172 141 149 143 76 255
    9 146 126 31 128 108 48 255 227 138 33 8 102 241 11 18 72 191 177
    189 29 44 139 99 255 161 110 143 101 207 64 175 130 213 3 227 115
    228 222 38 32 143 33 159 85 7 93 11 95 155 114 131 35 129 162 141
    235 30 170 168 143 255 167 58 173 181 67 39 152 131 101 246 192 122
    186 164 83 255 189 72 64 64 95 11 233 155 22 228 21 198 130 80 255
    108 255 147 255 119 194 79 191 110 63 219 151 81 255 110 239 204 94
    50 255 255 237 255 227 52 32 170 19 255 17 88 140 42 84 45 31 47 26
    54 25 252 114 133 240 36 58 217 255 117 207 59 248 214 214 220 79
    130 2 146 10 197 172 255 119 206 69 63 56 255 32 43 103 152 122 213
    57 174 255 83 35 10 166 250 231 148 175 239 140 67 228 199 163 71
    191 130 227 250 168 171 46 94 196 178 247 255 188 193 82 32 163 27
    150 254 4 233 255 188 121 10 255 98 163 46 148 231 255 186 134 255
    60 193 255 193 241 108 144 145 255 218 9 207 112 72 191 255 130 208
    3 155 98 70 171 122 218 237 255 238 54 194 53 187 120 216 230 139 10
    231 188 148 181 171 92 217 139 154 110 163 57 219 33 143 110 102 137
    210 162 188 218 156 169 11 176 54 234 255 115 127 255 105 189 168
    246 42 255 7 198 210 175 240 237 126 241 255 73 126 152 204 72 176
    253 255 87 10 205 255 193 230 235 253 140 209 140 235 171 19 209 255
    193 26 207 155 122 171 152 173 222 2 45 11 117 169 74 10 171 111 122
    169 27 15 217 43 87 166 42 92 22 158 255 58 241 252 42 71 29 156 255
    10 164 3 244 7 3 123 164 246 226 221 231 201 190 47 114 205 181 53
    79 41 112 20 148 38 107 11 78 174 110 196 7 204 144 209 237 31 115
    255 135 238 163 27 137 149 151 91 181 84 162 203 131 186 255 77 44
    63 193 137 65 48 209 214 220 16 255 207 92 66 185 1 255 108 171 195
    225 255 73 47 15 188 243 77 83 142 82 6 244 81 131 49 217 255 193
    255 20 103 56 26 18 212 225 120 26 255 90 255 73 39 132 74 193 194
    77 7 134 115 87 255 218 80 80 8 11 255 28 71 41 14 255 81 31 216 69
    255 139 37 64 197 95 255 172 255 121 240 248 106 181 145 205 178 62
    217 143 193 168 110 195 255 63 68 147 107 157 255 36 244 255 215 9
    213 99 92 196 191 254 255 2 79 255 251 242 225 45 34 185 214 1 210
    217 41 156 85 153 168 158 238 222 219 179 210 179 49 227 15 49 205
    87 0 175 253 255 217 52 155 13 88 27 244 17 55 255 43 57 255 87 138
    214 178 104 246 89 80 189 207 255 94 157 62 105 97 54 199 32 59 13
    217 53 195 112 4 99 254 255 250 170 255 172 198 5 255 84 168 8 180
    139 5 53 72 216 73 225 33 33 255 41 211 164 56 64 93 255 186 155 11
    178 248 166 202 129 75 232 190 85 178 102 134 47 252 193 214 144 71
    52 115 6 248 117 40 0 250 37 143 92 78 216 39 182 210 125 185 64 14
    103 92 45 105 91 195 176 120 255 1 125 177 241 143 15 102 64 198 255
    93 103 188 255 13 94 183 31 26 91 118 230 201 13 210 229 89 122 157
    64 36 97 13 145 20 182 63 133 30 17 116 246 119 145 110 188 130 157
    112 235 173 148 104 12 48 66 119 255 157 83 28 193 235 124 211 250
    210 2 249 94 145 173 116 20 234 131 191 39 255 255 141 107 101 32
    255 173 169 162 34 180 139 218 110 191 164 118 255 164 2 255 159 232
    255 169 16 112 77 128 51 189 155 48 145 170 56 22 201 213 130 44 0
    208 82 138 217 156 57 177 126 78 56 79 165 239 66 255 228 77 255 248
    135 92 222 81 130 94 92 97 171 34 255 252 75 89 224 200 3 184 244 28
    165 139 194 91 162 145 99 255 255 34 113 105 236 180 11 202 240 48
    178 26 111 93 213 69 122 21 153 175 36 255 28 100 255 53 216 255 37
    5 162 54 200 59 148 53 214 68 88 255 157 82 255 1 44 255 30 91 217
    144 55 48 104 223 10 44 127 11 173 32 255 41 126 74 110 255 71 222
    223 135 156 240 190 221 145 255 14 56 255 167 197 8 70 130 191 21
    172 69 255 76 216 189 171 87 240 22 255 255 21 184 144 94 226 2 29
    251 18 60 175 57 255 236 255 255 255 158 223 242 242 255 255 182 25
    247 199 15 236 98 198 143 40 185 177 33 136 255 137 41 218 114 146
    60 226 137 27 65 252 153 198 37 66 230 255 255 124 234 208 215 221
    255 241 9 255 190 102 245 10 13 255 57 30 246 36 139 241 20 235 96
    51 2 255 48 16 65 100 177 251 11 160 254 70 223 73 167 47 244 234 81
    255 202 185 47 128 31 208 184 251 148 47 80 4 234 174 233 229 18 188
    83 255 226 58 255 255 25 255 77 134 255 120 190 112 193 1 64 171 142
    157 209 196 15 205 150 164 23 222 86 236 151 189 255 44 47 22 65 191
    255 78 72 255 246 103 153 221 157 78 37 185 119 246 114 235 100 60
    133 182 250 193 250 123 219 66 93 255 138 20 255 135 14 191 90 104
    255 192 133 71 102 30 105 20 207 255 181 111 193 30 49 63 214 45 255
    84 225 255 255 227 212 183 255 194 171 193 255 9 200 85 146 255 97
    143 30 213 38 55 45 134 236 255 179 129 68 79 69 218 179 116 20 191
    93 5 9 15 170 72 130 45 11 101 255 137 238 56 143 36 121 163 255 36
    238 10 103 63 75 128 57 32 168 174 45 111 60 136 73 193 134 255 222
    163 255 7 45 236 141 185 97 89 187 138 88 50 254 203 33 59 199 230
    138 157 158 102 127 8 249 134 67 159 175 219 142 79 249 129 202 229
    108 255 255 82 205 255 255 191 158 40 128 13 91 1 228 20 128 244 63
    64 206 255 252 250 255 215 133 193 255 251 65 133 231 233 97 77 10
    147 7 38 182 228 255 114 182 71 168 71 50 124 203 26 125 47 184 236
    217 255 18 177 255 102 213 255 255 107 110 162 22 157 204 255 6 185
    220 5 96 98 71 128 160 209 10 207 255 255 133 255 61 184 176 189 208
    159 56 49 245 177 156 173 57 242 101 120 149 255 166 175 255 211 110
    249 105 179 171 30 248 151 208 3 221 209 3 193 126 254 255 94 136
    255 9 209 241 206 102 151 205 206 255 97 24 105 255 80 193 139 30
    236 102 94 210 83 177 250 128 255 154 222 204 255 127 20 251 233 26
    255 235 182 255 77 187 18 155 244 189 168 49 176 246 93 162 7 123 13
    73 232 255 249 169 154 253 184 217 124 3 126 127 41 26 255 238 168
    85 118 85 10 114 203 75 29 182 80 8 42 14 54 255 221 60 64 207 255
    128 131 57 124 85 125 236 194 45 231 172 255 71 218 193 255 116 117
    213 235 237 96 69 107 5 148 251 79 255 181 50 114 3 186 69 255 255
    79 183 255 149 231 255 124 86 1 150 39 46 243 187 148 68 164 61 114
    235 140 37 124 38 51 223 40 9 241 8 107 67 255 108 175 228 105 59
    213 136 128 17 163 190 255 28 221 91 57 109 195 217 209 232 136 122
    8 66 18 228 155 5 202 5 31 172 104 212 182 155 144 255 7 105 103 255
    112 97 39 107 34 199 252 255 57 95 240 243 139 225 60 139 74 90 117
    205 178 52 60 188 10 181 171 88 255 94 83 46 206 237 233 220 150 198
    184 194 162 155 19 11 226 255 219 107 36 255 172 44 142 211 137 177
    156 145 255 159 238 64 140 200 254 222 170 110 180 141 237 194 189
    255 198 79 156 90 255 149 175 166 205 164 167 241 185 46 198 203 147
    255 255 83 22 109 126 64 187 206 191 255 203 255 222 10 97 255 173
    17 14 226 79 72 105 149 145 96 198 186 171 175 90 255 64 112 52 182
    248 31 209 177 47 56 206 96 235 91 243 255 225 160 255 4 242 145 108
    168 255 255 186 122 236 41 13 239 106 149 108 139 194 170 114 231
    107 255 98 145 112 52 111 137 255 16 96 157 238 2 255 254 200 43 215
    132 142 197 190 69 115 255 165 249 202 228 99 2 135 27 226 157 191
    90 213 196 99 103 164 50 255 210 194 189 172 246 42 250 62 207 255
    36 230 109 168 255 0 223 242 15 255 56 255 37 40 81 121 107 32 254
    27 92 196 255 32 109 107 119 226 170 162 89 23 254 106 83 46 91 128
    255 166 111 84 32 255 64 232 5 165 8 152 242 83 66 43 19 188 80 255
    255 49 12 143 164 193 116 168 200 63 45 208 63 27 48 94 73 253 103
    157 184 63 211 155 255 125 59 88 240 163 70 192 86 231 229 183 68
    189 148 130 192 255 63 16 224 255 164 72 10 29 193 255 75 156 93 150
    255 193 238 216 145 220 223 209 158 195 255 255 58 219 255 52 142
    249 34 5 109 235 101 240 139 179 167 112 135 255 54 188 123 179 203
    75 141 255 60 187 253 66 242 102 197 146 23 234 251 218 98 64 245
    186 228 255 241 111 42 208 82 212 135 115 255 42 255 193 236 10 172
    67 237 38 11 193 68 142 25 85 212 49 114 67 177 228 55 50 161 161
    163 255 7 64 133 4 241 225 37 140 54 13 57 154 88 5 108 7 215 40 157
    87 189 57 138 255 76 152 6 3 106 8 182 32 84 235 18 3 18 72 255 24
    235 5 181 75 191 198 102 60 185 19 255 154 255 222 22 121 255 87 255
    255 7 1 50 255 223 255 113 218 151 17 203 255 22 45 6 214 189 143
    184 68 34 182 169 255 235 193 255 44 235 55 44 249 45 80 217 144 25
    182 154 235 135 14 58 114 255 184 152 189 255 177 14 199 10 255 42
    144 15 246 243 80 57 255 42 244 109 163 124 113 145 42 203 209 71 14
    85 219 36 255 57 254 255 136 152 255 214 81 99 27 167 163 226 20 255
    43 29 149 166 255 255 74 242</data></my_img>
<your_img type_id="opencv-matrix">
  <rows>100</rows>
  <cols>100</cols>
  <dt>"3u"</dt>
  <data>
    255 254 255 198 255 255 255 238 234 68 165 255 16 255 255 194 103 6
    204 255 255 22 255 255 84 255 121 28 255 77 222 255 73 255 255 255
    255 192 255 255 226 163 255 10 255 255 255 255 255 216 10 255 222
    255 82 255 255 255 208 255 255 22 109 194 58 255 176 60 255 6 34 255
    255 67 255 255 93 255 255 10 255 180 71 131 255 255 177 247 137 255
    255 220 255 255 255 255 255 255 255 196 131 255 52 46 255 214 101
    254 44 20 255 255 169 232 255 208 54 255 255 93 255 115 255 255 255
    255 116 255 255 158 153 255 255 255 255 196 149 255 58 255 228 255
    255 255 174 255 255 255 65 255 255 240 255 227 255 212 253 246 255
    255 255 171 255 151 77 225 196 89 245 63 58 255 224 8 255 255 34 34
    8 95 52 255 255 255 63 255 255 171 255 56 32 255 227 255 255 255 255
    255 4 208 255 154 255 145 229 255 52 184 255 255 198 4 232 70 135
    255 255 255 244 148 244 2 202 34 255 92 8 255 255 255 244 6 101 119
    255 103 248 255 255 255 255 255 255 255 87 224 108 255 255 222 255
    123 255 255 200 239 24 255 82 75 255 186 255 208 64 30 255 255 255
    255 255 141 255 255 129 255 255 246 183 154 255 255 18 255 255 255
    255 202 255 255 171 231 255 255 96 198 232 255 255 255 227 255 255
    255 255 232 6 255 173 231 255 188 34 255 255 255 255 255 255 125 36
    255 255 255 220 127 109 255 99 113 32 194 255 255 255 255 255 255 93
    255 77 87 255 255 255 4 255 255 255 255 147 255 238 255 255 255 202
    235 127 54 32 216 255 190 255 255 72 255 255 210 210 75 255 121 255
    255 224 24 46 255 234 255 255 121 206 48 255 220 255 255 255 255 67
    255 190 107 198 255 244 255 255 48 30 255 40 255 255 36 112 46 255
    255 107 255 255 255 255 255 255 242 38 255 255 128 255 230 138 255
    255 192 255 228 255 190 58 144 121 95 86 0 85 255 143 255 52 206 255
    10 255 255 160 147 255 255 28 255 255 255 255 200 145 255 116 255
    131 255 255 255 255 255 200 124 149 255 255 121 255 255 179 169 110
    255 121 204 77 255 200 81 255 255 14 255 64 255 238 255 255 18 66
    255 73 26 67 240 255 109 255 255 255 255 116 255 255 255 190 255 255
    255 255 114 81 236 255 147 255 255 255 255 255 151 75 122 255 255
    255 255 236 255 255 255 32 238 255 255 255 101 255 173 73 255 255
    155 247 255 255 249 208 155 253 2 81 8 255 196 114 255 255 26 255 99
    255 255 157 255 255 255 255 255 194 255 255 255 190 6 79 172 255 255
    255 255 255 255 255 255 188 255 255 255 255 115 255 91 255 16 26 255
    255 240 2 255 255 83 64 149 32 255 181 60 48 206 255 48 255 255 255
    255 255 46 255 255 255 255 255 6 255 255 108 255 255 86 234 255 255
    255 139 118 81 24 28 133 12 255 255 255 210 255 255 255 255 52 255
    99 255 92 145 97 255 255 255 255 255 155 12 42 255 46 255 255 206
    255 255 152 32 255 152 60 22 229 255 255 255 255 77 255 210 46 255
    133 255 249 244 228 98 255 141 160 255 62 249 125 119 184 255 42 204
    255 32 255 255 4 24 255 255 255 165 181 255 255 255 36 184 216 231
    255 218 36 44 255 148 255 99 10 165 212 88 255 242 255 255 255 255
    255 255 50 157 185 255 212 255 255 141 175 255 143 255 162 255 198
    136 255 255 253 40 255 255 97 255 255 252 34 255 255 255 22 255 255
    22 216 255 255 255 244 243 184 255 255 60 183 255 255 255 255 48 255
    255 81 238 255 255 4 255 255 151 255 173 255 192 46 52 186 255 187
    118 40 255 202 186 255 255 255 246 52 161 255 50 255 255 108 79 0
    255 155 255 255 255 255 255 131 145 255 255 228 255 12 255 16 163 10
    216 255 79 255 255 2 14 255 255 156 255 198 114 155 2 214 157 81 255
    255 255 255 224 83 90 255 196 255 204 222 120 255 255 120 190 50 218
    255 121 255 250 230 255 255 20 220 255 165 138 255 255 78 212 255
    255 255 246 255 255 95 255 255 255 255 210 97 112 234 255 255 206 12
    255 255 255 255 246 255 255 173 255 156 117 255 255 255 135 124 255
    255 255 255 54 82 248 151 255 141 188 251 236 255 255 255 255 255
    255 234 255 85 255 98 218 216 38 44 192 255 97 28 62 255 255 255 188
    28 192 141 255 255 255 173 62 167 42 255 255 26 255 255 149 255 255
    46 142 255 255 218 242 255 28 255 125 255 145 255 255 255 240 255
    165 255 128 111 255 255 107 63 188 255 63 255 115 255 255 255 255
    148 255 255 255 255 129 22 50 0 255 255 255 38 255 20 40 109 58 18
    255 161 255 255 255 225 255 255 255 246 44 172 255 147 170 87 10 255
    109 206 255 50 188 255 163 185 118 12 50 255 255 255 206 255 22 188
    255 192 112 89 255 255 208 252 112 208 105 140 255 255 56 12 220 255
    255 22 255 188 238 170 175 103 235 159 255 255 181 255 251 159 24
    206 255 255 255 255 255 255 141 255 255 255 62 255 255 255 214 255
    255 172 255 255 90 234 255 194 255 255 255 109 255 192 123 255 255
    40 149 148 63 255 174 255 228 12 255 24 255 255 52 255 212 234 190 8
    255 255 133 255 255 6 224 255 171 252 92 32 155 44 255 16 56 44 255
    186 255 255 120 101 79 174 26 210 160 255 255 255 255 105 247 255
    153 220 255 60 255 255 255 10 255 89 255 255 255 46 255 255 134 255
    42 134 255 255 26 255 196 70 56 254 255 91 87 130 255 255 255 255
    113 255 255 18 154 2 255 239 255 93 200 157 16 122 111 255 255 95
    255 42 255 255 255 255 255 8 255 255 200 255 157 255 255 181 108 163
    255 255 97 255 255 255 157 255 255 255 220 248 255 255 97 255 231
    255 255 255 255 255 255 60 163 176 22 210 255 228 255 255 255 135
    130 103 255 251 255 255 18 85 255 255 38 40 255 255 255 255 255 255
    255 149 240 255 255 30 255 255 255 255 255 34 255 60 244 255 255 187
    30 202 255 10 40 255 255 255 255 172 252 177 255 255 255 20 244 8 68
    151 255 255 255 216 255 255 255 255 255 153 46 255 167 222 125 252
    88 255 255 62 208 255 255 255 135 255 212 93 255 204 252 255 75 220
    82 255 255 255 145 133 239 85 145 255 10 255 102 255 255 2 171 228
    154 46 255 174 255 255 255 0 255 255 77 113 112 255 192 74 42 255
    255 83 125 174 159 179 22 255 255 132 255 255 255 36 255 6 30 255
    156 255 115 255 171 44 200 255 103 255 182 87 24 255 255 255 85 255
    255 255 255 255 79 255 249 14 255 216 75 248 255 255 222 42 255 62
    192 153 73 186 32 255 255 113 255 38 141 99 255 242 255 84 255 165
    255 16 255 56 255 255 255 255 246 94 255 255 222 236 137 255 255 20
    158 216 252 162 255 179 2 255 73 102 125 192 24 255 60 255 97 255
    186 255 40 184 255 255 208 61 255 2 255 255 255 79 218 192 97 255
    202 28 255 184 255 10 241 119 255 255 210 255 255 244 107 255 171
    255 108 255 240 255 99 95 22 255 22 64 255 255 104 222 255 182 255
    185 156 255 255 182 125 42 255 255 255 202 255 115 255 255 255 28
    255 255 58 255 255 225 200 255 106 255 60 2 255 30 255 119 77 168
    228 255 146 24 255 124 69 0 255 255 255 124 222 255 255 255 255 255
    250 0 255 255 255 220 188 255 186 46 255 94 89 255 255 18 255 255
    255 255 255 255 255 245 255 93 255 255 220 118 44 60 255 255 56 255
    255 255 188 255 255 255 42 255 148 186 255 22 255 255 22 117 255 108
    10 65 24 255 8 255 179 8 255 255 131 255 255 255 36 255 105 88 255
    255 255 125 255 233 65 255 72 255 255 52 107 255 136 246 171 255 91
    12 22 77 255 255 254 255 255 73 255 80 153 255 16 210 255 130 179
    255 128 255 255 255 255 255 255 255 255 255 46 255 128 255 79 255
    255 255 255 255 255 218 60 173 255 255 255 255 115 0 86 255 255 255
    171 48 174 97 255 138 123 255 251 255 65 255 83 93 166 255 248 255
    222 163 122 255 255 2 54 222 172 255 151 206 135 220 255 248 131 255
    255 139 255 255 255 255 71 255 255 255 255 255 255 255 255 30 255
    255 255 161 255 190 255 255 105 255 243 255 255 255 4 181 255 255 89
    255 149 255 172 125 123 30 77 73 86 238 50 255 218 183 38 161 187
    243 255 255 176 255 60 84 179 171 255 255 192 255 234 255 255 184
    255 255 131 161 255 234 255 251 255 255 50 18 255 255 255 255 255
    182 83 255 58 255 218 216 255 245 97 190 255 255 255 30 93 34 255
    255 218 214 115 250 255 101 255 200 58 139 176 34 255 32 141 255 255
    255 163 56 77 83 255 255 255 255 179 20 98 255 89 184 149 255 144 93
    63 241 255 255 255 75 109 255 255 255 144 81 196 255 44 255 255 255
    255 196 103 255 142 38 202 255 252 187 90 131 255 227 255 255 255
    133 99 255 91 255 255 60 255 58 255 255 82 255 97 255 255 143 255
    234 58 172 186 255 255 252 188 255 255 97 160 129 26 2 255 32 50 255
    255 255 255 24 255 255 224 255 8 254 56 123 255 255 255 255 255 255
    198 255 83 135 255 255 101 126 255 240 255 255 145 255 255 71 255
    250 255 255 24 255 255 255 113 255 255 255 106 125 255 210 255 255
    255 255 255 70 83 255 255 255 109 255 255 255 196 255 20 229 255 18
    255 10 97 255 250 177 255 111 255 255 255 173 190 214 255 112 255 30
    255 255 248 255 255 255 218 255 252 255 255 255 255 242 255 16 188
    255 202 181 255 34 75 87 255 255 81 160 255 255 148 255 97 255 30
    255 255 175 255 88 255 157 82 218 157 40 133 222 42 255 255 138 220
    157 255 105 255 4 255 255 204 255 255 218 255 38 255 236 255 220 255
    255 231 255 139 255 255 255 148 255 24 24 255 117 255 255 77 0 255
    255 100 179 255 255 255 163 255 167 255 255 145 6 255 83 255 241 42
    151 255 255 255 255 69 255 255 255 255 255 81 187 255 46 244 82 196
    71 255 91 125 114 8 255 237 255 255 255 194 255 253 255 255 142 58
    255 255 202 202 255 12 255 255 20 255 198 255 255 120 10 255 255 255
    0 122 26 242 200 135 255 255 242 196 16 255 58 255 14 255 106 161
    255 255 184 255 36 4 153 108 179 159 88 204 244 255 255 169 239 255
    220 255 255 255 26 139 255 255 40 42 255 56 255 194 255 75 255 230
    198 116 255 194 255 141 255 255 255 255 249 255 255 144 135 242 14
    129 18 255 255 255 255 89 238 251 79 18 38 255 20 162 255 188 190
    255 234 158 255 236 255 255 255 114 255 212 255 255 42 255 87 208
    206 255 255 255 224 73 255 177 34 0 198 255 20 77 255 100 81 255 200
    255 255 184 255 202 176 252 255 255 255 4 255 255 2 196 175 255 82
    255 255 255 255 183 176 255 230 8 255 242 142 194 196 72 248 255 255
    145 255 255 236 255 38 48 255 255 107 161 255 255 255 255 255 255
    255 255 238 170 71 255 255 244 214 142 255 255 255 18 177 255 255 46
    255 71 149 255 111 240 255 65 255 229 44 255 40 234 255 216 255 255
    152 127 44 255 255 255 255 255 246 154 54 255 255 255 255 4 255 255
    255 109 255 255 238 34 255 230 212 10 234 255 255 101 214 146 255
    255 231 252 165 208 101 232 128 255 187 10 255 255 245 255 255 178
    208 137 60 255 50 255 255 255 231 123 4 255 255 117 255 255 212 136
    255 255 0 255 255 253 255 255 154 91 255 255 103 255 249 255 255 220
    36 73 14 135 103 255 255 202 10 8 125 255 0 255 255 255 255 255 255
    101 255 255 255 100 224 255 255 255 50 255 52 255 255 255 8 118 61
    161 255 255 73 255 255 145 255 255 187 74 255 69 255 255 255 255 255
    79 255 155 212 70 200 141 158 255 255 255 255 97 255 255 183 255 206
    103 98 69 255 152 255 255 245 167 52 255 255 255 255 255 255 22 107
    12 255 255 255 255 255 255 100 255 87 184 184 181 255 250 67 255 255
    255 146 198 255 255 147 73 255 165 20 88 65 254 255 255 42 255 255
    24 48 255 187 251 67 255 227 255 228 110 73 255 4 242 196 10 255 255
    255 65 255 142 222 255 255 255 145 14 99 255 255 255 69 227 255 129
    255 255 255 255 250 255 255 234 113 36 255 75 126 105 255 255 188 54
    56 255 255 241 147 32 255 255 147 255 255 48 122 255 255 214 255 42
    255 186 129 255 255 255 231 28 255 255 81 255 255 255 255 136 228
    255 188 200 255 164 250 14 114 255 250 6 184 71 170 155 255 255 255
    20 64 220 255 255 255 255 100 48 151 255 255 216 116 149 177 255 228
    255 122 173 255 255 255 255 255 109 255 94 161 246 188 240 161 255
    255 255 255 255 255 255 71 24 192 255 255 255 255 255 245 30 255 255
    255 255 156 65 179 233 139 234 60 46 99 255 255 20 255 255 36 255
    255 255 130 248 255 255 255 36 168 48 255 255 255 255 52 220 200 176
    250 255 255 255 255 18 255 255 255 61 255 10 109 165 192 255 255 202
    69 255 255 255 147 255 255 255 255 255 0 255 255 20 255 255 145 124
    255 153 241 32 255 255 250 255 255 255 119 231 255 141 255 141 222
    255 46 255 108 125 125 255 255 131 168 93 255 255 255 255 255 255 71
    255 255 255 233 255 255 255 255 255 255 255 212 255 163 255 255 12
    244 142 95 101 255 133 83 227 246 255 216 255 255 255 212 177 88 255
    44 255 149 255 229 6 255 22 255 196 225 171 175 184 145 111 164 255
    26 255 248 255 156 255 255 68 26 123 216 255 255 58 255 131 18 255
    255 255 255 141 148 255 255 20 85 255 239 127 255 88 226 255 255 254
    42 255 255 220 212 234 255 255 255 10 168 206 196 255 255 255 255 85
    204 255 184 255 255 165 171 255 255 125 174 255 255 255 255 105 255
    149 255 0 255 255 6 255 255 62 255 40 255 244 255 222 255 255 255
    255 238 227 255 255 255 255 4 132 255 255 255 26 175 227 151 255 255
    184 255 196 42 255 92 246 255 255 81 157 255 56 255 22 255 255 46 20
    4 255 234 255 255 255 255 255 8 173 255 255 255 255 67 255 12 255
    228 156 184 240 80 4 255 190 242 255 255 255 255 255 255 173 130 222
    137 255 255 255 6 255 255 255 255 34 255 255 177 231 131 255 96 242
    255 192 238 95 160 248 255 255 60 228 255 255 167 255 115 255 239
    255 230 255 255 8 255 40 60 255 181 255 192 22 255 255 175 255 225
    107 169 255 165 44 255 97 34 255 255 255 255 61 255 188 194 255 255
    255 77 255 111 244 255 0 242 255 81 255 255 255 255 255 255 255 255
    218 255 255 255 255 16 163 255 160 255 202 178 238 204 245 34 85 255
    8 36 255 75 255 255 255 30 78 255 40 255 255 192 255 129 149 255 255
    255 255 119 117 255 26 121 174 255 255 255 224 44 255 30 69 255 18
    212 255 255 34 255 255 52 48 232 192 255 255 222 255 255 28 104 121
    255 62 255 255 255 255 255 243 208 255 204 255 248 241 0 255 255 89
    255 255 255 255 58 8 255 12 222 95 16 255 206 6 137 117 233 255 255
    168 255 75 190 255 125 36 255 20 148 255 255 255 255 185 255 255 255
    255 204 255 86 147 113 255 10 255 255 255 129 192 255 228 255 255
    255 255 255 255 255 89 73 142 255 255 184 255 6 255 255 255 124 255
    48 154 129 232 112 255 255 255 155 236 124 255 161 255 255 255 255
    255 255 220 255 255 150 61 255 255 255 255 186 255 255 255 69 255
    128 255 255 255 6 44 255 38 123 74 50 60 50 255 255 102 255 255 208
    255 183 255 99 255 38 255 255 255 46 62 126 255 255 245 232 14 255 8
    113 255 255 255 74 248 255 80 255 218 160 255 101 255 234 255 243
    175 255 132 240 255 255 255 16 251 255 187 128 44 255 255 255 255 90
    135 255 6 255 255 255 255 255 255 255 6 168 83 255 118 79 135 220
    196 107 255 236 139 255 255 255 255 255 198 255 248 255 255 255 255
    255 255 255 194 212 8 222 20 240 210 18 230 186 22 26 198 8 131 160
    123 255 146 255 255 255 255 255 255 255 183 255 255 255 168 255 173
    255 255 4 64 167 255 28 177 255 255 255 48 124 255 255 62 255 240
    233 255 255 86 93 18 255 255 77 255 255 188 225 236 244 255 2 255
    255 177 255 239 255 103 255 255 238 134 255 161 255 255 183 38 255
    255 255 2 230 10 6 255 24 20 255 255 255 143 241 255 255 255 242 255
    255 2 175 38 255 255 255 255 155 227 42 28 76 125 255 14 255 212 192
    255 175 136 208 255 86 255 40 34 115 206 12 255 196 255 198 69 180
    255 255 200 8 208 245 255 255 46 109 224 225 255 109 255 255 255 218
    255 194 255 175 255 255 81 255 255 155 28 255 255 224 20 218 255 241
    77 255 255 255 255 44 255 255 255 255 127 20 255 255 178 255 255 168
    255 255 72 222 50 255 226 255 255 255 24 255 255 255 212 255 212 255
    255 255 255 255 255 110 125 230 150 79 255 74 255 255 255 141 255
    255 255 254 255 71 133 255 255 240 255 255 107 255 255 48 20 212 255
    255 8 115 78 202 127 154 255 85 255 30 255 192 255 255 255 125 224
    255 255 255 247 255 255 225 177 101 233 255 255 164 255 255 108 255
    181 255 123 255 160 149 255 255 117 255 34 255 38 38 131 255 8 255
    18 54 85 198 88 248 255 255 137 236 255 105 12 168 255 54 255 255
    255 66 255 255 122 255 151 140 255 131 138 255 255 255 214 218 255
    202 255 255 255 145 38 56 255 255 255 244 255 14 255 255 204 255 132
    151 139 255 255 190 255 77 105 255 141 255 72 255 63 14 240 255 255
    61 238 124 163 220 144 255 255 255 255 255 180 232 255 255 103 115
    255 255 52 255 222 255 160 255 255 90 255 34 92 255 187 255 255 255
    255 255 255 255 196 255 255 255 255 214 255 181 255 194 255 168 175
    255 255 255 255 84 218 214 86 192 255 6 75 255 202 255 30 255 206
    216 8 255 255 255 255 60 184 255 192 255 60 255 255 255 202 255 255
    255 255 236 255 255 50 200 190 255 109 245 139 188 255 255 157 146
    255 145 255 255 236 86 255 185 255 75 255 255 145 255 255 236 255
    255 179 255 196 222 255 253 222 240 255 48 255 255 16 50 22 97 133
    255 42 38 255 255 255 255 255 255 255 242 255 235 246 226 255 181 77
    194 255 255 255 255 220 255 147 244 255 255 246 255 2 255 10 248 183
    100 159 103 255 4 246 24 220 255 160 208 234 114 255 58 255 20 97
    198 255 175 48 242 255 255 127 255 255 87 244 253 255 255 124 10 248
    255 255 255 255 255 236 255 255 210 255 255 255 60 171 139 255 255
    255 90 255 224 255 208 255 255 255 254 255 182 255 255 255 255 134
    188 255 255 255 255 12 255 230 196 145 255 184 87 255 176 36 157 214
    129 255 66 137 145 166 255 255 255 175 255 227 255 101 255 255 255
    253 255 248 90 255 42 78 255 137 251 196 206 98 226 255 32 71 255
    255 250 255 255 125 255 255 255 204 216 77 255 245 255 161 255 71
    127 255 101 255 146 255 255 24 46 255 235 171 141 255 255 67 255 255
    255 4 255 137 255 16 36 164 246 99 249 255 255 255 240 238 255 40
    255 255 240 255 255 135 255 255 255 149 150 177 255 198 255 255 196
    255 91 233 254 153 255 255 79 214 255 93 255 255 255 220 123 22 20
    113 255 255 200 183 200 2 255 255 255 89 255 248 255 255 141 255 255
    115 206 227 131 56 255 186 255 255 255 48 110 145 36 255 210 255 170
    255 187 255 255 216 255 255 255 255 171 255 150 255 255 255 255 255
    176 255 129 94 255 206 94 255 255 190 255 87 102 255 67 116 255 255
    54 117 255 255 255 255 122 200 255 82 255 97 255 255 255 100 255 107
    251 119 255 192 242 183 255 255 255 255 255 67 92 255 255 255 254
    111 255 87 255 255 255 255 255 119 212 78 255 255 255 255 143 255
    121 167 225 255 255 255 255 77 255 115 255 76 234 167 14 40 255 10
    255 255 178 226 255 136 255 147 62 169 44 255 218 71 255 255 255 227
    255 255 225 252 255 72 255 255 255 255 83 255 255 56 255 97 143 255
    83 255 212 255 255 255 208 103 182 22 165 86 255 58 255 255 20 255
    91 255 44 255 10 255 12 18 255 255 226 122 186 26 136 255 194 206
    255 255 4 255 255 233 255 48 255 89 105 255 255 255 70 255 111 255
    248 226 255 255 188 255 6 220 255 107 129 255 181 255 88 250 71 255
    255 123 48 255 255 72 255 255 255 255 255 255 0 26 255 119 255 60
    200 236 255 113 220 102 208 206 255 255 222 86 202 101 146 255 212
    206 255 173 140 255 255 255 255 255 255 255 188 255 255 255 255 61
    34 106 255 188 255 38 97 255 157 83 90 255 107 10 61 248 255 63 151
    142 97 214 190 255 58 255 255 220 255 109 212 22 113 177 100 255 255
    112 255 255 118 255 16 255 255 255 34 50 103 255 167 255 255 173 230
    60 255 255 255 255 111 122 255 255 84 255 123 255 255 95 253 255 236
    255 28 255 140 85 58 110 133 50 255 226 20 255 24 255 255 255 255 40
    65 0 255 255 40 124 242 255 255 255 255 255 255 113 204 255 255 255
    206 255 255 246 255 255 255 224 56 210 255 255 107 255 200 255 228
    255 67 255 255 226 101 255 65 14 255 255 255 34 255 255 255 255 255
    96 255 255 172 255 255 255 115 255 82 30 255 164 89 83 255 224 255
    164 85 240 42 181 24 20 255 255 190 196 255 255 255 232 227 216 206
    154 165 175 245 129 255 255 214 155 54 255 32 249 36 255 132 65 255
    255 255 67 255 87 119 255 133 242 255 255 20 120 255 216 116 255 255
    138 192 255 60 255 125 255 246 255 162 255 255 20 165 255 255 255
    255 158 105 89 255 2 147 38 159 24 14 173 255 255 216 255 164 250
    255 255 255 131 255 18 105 0 255 206 146 194 255 66 255 187 174 194
    255 218 255 129 255 44 131 255 117 255 126 255 255 142 255 255 255
    255 63 176 255 54 255 255 255 162 255 255 108 255 255 255 255 63 255
    236 255 220 255 91 130 255 129 255 255 208 44 255 255 210 255 54 255
    145 175 72 255 255 46 153 255 255 255 255 255 255 119 255 255 190
    255 44 255 255 255 89 255 182 147 206 12 26 255 255 185 227 255 255
    255 131 255 158 255 255 150 255 224 60 255 10 112 206 212 152 6 135
    255 222 38 255 232 255 166 255 255 255 255 255 255 255 99 196 255 93
    249 123 103 255 255 52 108 22 246 148 131 155 255 26 255 96 255 183
    192 143 255 255 36 255 255 255 255 255 85 255 122 212 255 180 151
    107 255 255 255 255 242 244 178 194 255 98 28 255 255 255 30 68 111
    200 102 255 103 212 255 255 162 71 42 140 255 255 70 255 36 255 240
    255 255 12 77 255 255 255 104 196 250 52 200 177 212 255 204 255 137
    190 124 157 255 255 255 143 70 255 105 22 255 105 255 255 255 90 117
    255 48 75 179 38 255 18 255 255 255 164 87 255 255 218 255 255 254
    52 94 255 187 255 212 212 136 198 255 225 244 10 10 79 242 255 255
    220 255 255 255 255 255 255 255 77 255 48 113 255 255 65 91 255 77
    38 92 200 255 255 255 24 4 255 255 229 255 255 255 6 255 255 255 255
    255 255 83 241 159 6 154 255 143 110 255 255 235 255 222 40 77 252
    172 255 255 237 255 44 255 255 234 14 255 255 255 95 153 64 26 22 52
    255 177 120 255 255 132 139 42 255 255 255 110 246 99 255 234 255
    255 255 230 180 67 255 255 255 4 146 107 255 255 255 101 255 255 240
    80 255 137 255 91 155 162 165 28 255 255 127 255 149 65 26 111 77
    255 0 255 255 255 179 255 255 255 176 255 255 255 188 252 255 67 44
    255 73 255 255 255 196 255 255 58 255 255 232 255 81 30 255 73 255
    255 255 255 255 255 255 106 255 255 255 255 75 128 38 71 255 137 139
    196 255 255 212 255 255 255 255 255 255 255 255 255 255 255 255 182
    255 140 255 22 249 190 255 100 255 131 255 255 232 100 255 255 255
    255 255 180 255 255 146 255 56 158 52 63 192 255 255 255 143 255 36
    255 255 255 255 255 194 2 255 118 204 255 140 255 185 222 255 105
    255 255 255 235 206 69 255 255 71 255 73 255 255 135 255 255 73 255
    245 255 252 190 255 255 255 255 36 255 255 192 255 255 255 255 4 254
    255 244 255 46 255 165 168 255 2 110 255 255 110 255 255 168 71 117
    255 255 255 255 255 255 86 246 255 255 149 20 255 255 254 134 220
    255 36 255 255 216 202 255 255 220 200 222 255 255 255 255 255 84
    255 73 62 255 234 122 255 255 2 109 14 255 255 255 172 255 255 94
    143 81 170 255 165 164 83 42 8 255 255 255 255 255 255 87 171 142
    255 255 255 107 255 82 46 175 241 167 255 255 255 255 26 255 255 247
    32 171 4 255 255 255 224 14 255 255 141 204 246 255 90 255 212 255
    255 255 255 255 109 84 255 255 251 255 163 62 255 28 255 255 255 255
    167 222 243 255 255 210 139 14 255 212 71 255 255 255 152 24 255 166
    255 248 255 255 161 2 149 222 255 206 135 255 255 255 255 255 255
    255 255 255 186 255 255 255 255 255 249 255 255 202 255 255 255 255
    255 90 192 56 255 109 171 170 208 139 108 255 161 4 255 101 255 190
    75 255 255 77 255 2 255 255 255 147 255 255 255 255 255 255 64 255
    255 140 255 12 86 101 255 255 255 255 222 255 133 255 238 143 255
    165 255 24 255 240 255 67 255 255 255 16 255 255 255 26 255 255 245
    143 6 255 254 255 130 63 171 255 255 85 255 255 56 222 24 255 255
    255 8 20 24 77 190 255 121 241 246 255 255 255 4 112 250 167 255 255
    255 174 255 255 255 141 181 255 101 89 255 255 255 24 240 113 255
    255 103 255 75 255 255 255 255 6 240 255 255 79 58 162 2 111 255 255
    52 255 77 255 237 255 255 255 214 56 140 133 255 239 255 255 48 123
    107 0 255 187 255 190 255 255 255 255 104 255 255 255 91 255 120 255
    240 255 236 255 102 99 255 255 73 214 255 54 183 253 255 177 251 141
    187 124 85 115 38 255 133 255 155 255 14 255 248 255 52 153 140 50
    210 104 254 255 255 202 255 255 255 255 255 255 255 245 255 159 70
    113 255 255 228 222 255 255 255 255 232 85 255 255 111 255 103 242
    206 67 202 255 20 238 74 255 171 128 97 81 255 137 255 255 255 230
    255 222 62 255 255 255 214 255 255 255 255 255 134 226 93 168 255
    255 192 255 255 214 255 30 255 255 167 255 244 255 249 255 255 255
    255 73 10 255 214 255 255 63 255 255 73 122 255 255 255 255 255 148
    255 255 255 255 153 200 161 255 255 255 161 255 255 255 255 255 163
    255 32 255 4 143 255 255 255 255 255 255 255 170 63 255 176 255 255
    255 224 255 255 255 255 255 46 91 249 255 255 142 255 79 243 255 255
    255 81 194 255 109 210 255 255 255 172 255 67 255 103 165 233 111
    143 243 255 255 255 125 255 255 198 255 148 222 255 255 255 255 255
    255 12 14 255 255 255 255 58 96 58 255 255 255 36 235 184 255 255
    255 73 32 255 255 148 113 255 14 255 255 255 255 56 182 155 255 255
    89 255 255 192 255 172 200 255 188 255 10 255 255 255 56 255 255 36
    255 137 235 56 255 255 202 16 255 255 255 255 103 159 255 255 14 16
    161 255 80 147 255 255 255 255 255 38 255 216 79 255 255 48 255 255
    255 255 255 18 200 170 177 206 255 255 255 255 151 36 255 255 83 255
    69 62 255 255 238 52 54 52 200 255 255 6 163 255 227 255 185 255 255
    255 174 255 89 4 204 255 148 255 123 108 232 200 184 255 255 202 121
    73 255 255 28 255 204 255 154 131 255 40 117 181 255 77 165 52 255
    169 36 52 58 255 190 255 255 255 145 28 255 190 116 255 255 255 139
    212 255 255 145 176 255 255 255 125 255 98 255 6 253 52 255 255 175
    169 225 36 255 255 255 0 255 234 255 255 255 12 166 204 87 255 135
    238 225 255 255 34 255 2 255 255 77 170 255 255 160 255 93 255 56 62
    247 255 255 84 255 62 255 255 255 178 255 255 255 113 255 28 255 255
    255 255 139 255 67 206 255 161 255 214 155 255 255 220 165 255 255
    44 186 79 2 255 255 185 255 216 133 255 202 255 196 81 255 255 255 2
    255 255 244 4 165 255 255 255 214 255 101 255 255 255 143 44 255 255
    255 255 255 255 143 255 249 222 99 255 255 255 255 255 255 255 255 2
    255 79 127 255 255 255 30 20 255 255 137 255 237 255 255 255 255 175
    40 255 255 255 255 236 136 8 255 30 228 255 24 238 77 126 255 250 74
    255 58 255 202 255 255 145 179 255 255 115 255 99 81 255 255 222 48
    222 255 255 137 36 52 60 48 255 50 145 255 95 255 255 246 255 204
    255 255 247 175 255 170 175 255 255 87 159 102 255 200 146 230 255
    144 32 143 150 42 255 108 165 230 118 69 159 80 255 255 38 255 255
    255 16 255 255 255 255 255 190 255 120 255 185 86 255 255 255 255
    255 255 111 255 208 186 255 186 63 255 192 204 167 124 255 255 120
    58 255 255 6 255 212 255 255 255 255 89 255 38 255 136 147 255 255
    196 179 54 255 255 255 255 99 54 210 129 255 230 255 180 0 183 255
    246 87 196 20 255 66 137 139 96 224 181 142 255 179 152 255 255 90
    24 71 255 234 85 110 30 248 255 255 255 231 255 87 253 216 255 255
    12 255 255 232 255 247 255 255 54 255 192 255 255 99 104 28 135 10
    255 79 14 255 173 56 255 111 255 255 117 255 255 190 255 40 255 255
    255 222 255 240 255 102 248 75 255 255 147 138 255 244 229 255 255
    255 18 255 255 135 255 253 255 111 112 81 255 66 255 255 255 255 63
    255 255 228 92 8 117 62 255 255 255 36 255 255 212 0 80 255 255 255
    117 181 134 42 6 247 194 161 154 244 255 255 255 73 156 115 255 225
    255 87 216 255 255 255 255 255 255 77 255 188 255 157 194 123 254
    255 155 255 247 255 79 202 255 255 255 234 30 34 255 56 60 71 255
    255 255 129 160 218 255 150 65 255 255 255 255 255 230 255 12 255
    252 122 12 255 255 67 255 118 40 255 255 79 255 245 255 255 50 228
    255 255 184 255 40 40 165 241 83 129 255 255 44 32 255 255 50 103
    255 255 56 119 34 81 135 255 255 255 8 255 232 182 22 255 255 255 56
    255 252 232 255 255 244 140 73 255 134 91 165 136 255 141 194 26 255
    56 255 255 255 216 194 84 52 255 10 255 87 156 255 238 40 255 22 255
    255 255 144 14 187 204 83 173 255 255 222 42 255 236 120 234 73 255
    255 255 140 255 95 112 184 255 255 255 255 255 95 214 255 244 255
    255 255 175 255 119 255 255 244 255 216 255 255 156 254 85 86 255
    255 255 255 255 78 255 14 66 255 26 68 255 255 255 255 56 255 65 255
    150 255 248 255 232 255 255 255 131 255 255 244 255 48 255 255 200
    255 218 255 255 255 255 26 255 255 185 78 255 155 255 204 141 255
    255 250 192 255 83 255 14 255 166 255 255 170 179 22 120 0 125 255
    103 255 166 109 151 255 228 175 255 234 255 162 255 255 198 255 93
    255 255 14 134 69 107 255 255 255 255 163 255 210 208 255 20 255 255
    255 186 255 255 173 236 112 54 196 48 255 255 255 255 255 255 255
    255 140 169 255 255 242 255 255 255 255 255 255 255 255 50 157 255
    255 255 255 159 255 30 99 255 204 255 194 255 198 255 229 255 255 76
    161 190 130 169 200 176 105 255 164 255 255 255 60 255 255 255 255
    255 171 101 255 255 255 216 255 89 255 95 234 255 171 38 227 255 171
    74 228 255 6 255 177 128 255 12 253 40 255 54 22 255 255 169 255 174
    117 255 255 255 242 114 255 255 138 22 46 118 255 255 255 184 109
    180 125 255 255 179 255 40 255 58 118 255 54 239 255 40 144 255 206
    158 255 255 255 177 250 255 83 255 22 255 135 255 255 34 210 42 228
    255 52 60 255 255 255 255 255 79 214 255 129 144 255 255 255 255 159
    40 255 125 227 255 255 80 212 109 255 169 255 255 250 255 178 254 38
    22 255 30 214 228 255 255 255 255 255 147 175 106 255 105 180 248
    255 42 255 137 255 107 255 118 91 255 118 255 255 255 216 236 255 32
    14 194 255 202 158 18 255 212 60 255 134 190 190 251 206 155 255 255
    255 255 109 89 255 255 255 72 101 255 6 255 255 255 167 58 38 255
    255 194 14 255 255 255 255 255 255 255 255 52 255 14 255 32 255 255
    248 255 255 255 146 91 255 255 18 109 255 119 250 116 101 20 255 255
    255 255 192 163 150 119 255 20 115 255 255 255 255 182 60 255 255
    255 255 74 73 255 255 38 255 184 190 169 255 8 77 255 255 228 255
    255 4 192 255 117 132 81 6 150 255 255 241 238 206 255 212 255 255
    224 183 255 147 91 84 255 255 204 255 149 158 255 255 255 79 30 255
    4 255 80 218 255 64 255 169 66 182 255 72 190 255 58 135 234 255 255
    255 255 236 34 255 255 115 255 224 255 255 238 250 255 28 255 255
    171 4 255 255 255 253 255 255 255 255 52 255 255 255 176 30 255 255
    255 14 6 165 36 140 22 255 126 95 236 255 255 234 255 242 145 166
    123 255 229 255 255 255 255 119 54 255 208 255 255 255 255 147 255
    10 218 255 255 255 75 56 153 255 218 255 44 255 255 255 241 48 4 255
    200 255 196 255 190 194 255 255 255 18 159 158 255 255 255 255 255
    142 255 56 128 194 26 104 204 255 138 252 255 239 198 255 186 255
    240 28 40 255 64 255 255 255 32 48 156 255 77 251 255 77 22 50 83
    100 93 255 255 105 255 192 79 255 255 255 185 218 95 81 255 210 139
    6 255 54 222 137 255 255 58 255 255 255 167 255 255 38 255 255 255
    255 222 255 255 58 255 255 125 60 255 69 87 255 255 103 255 196 255
    255 255 4 255 255 192 243 182 139 255 255 255 255 255 212 255 50 255
    255 133 185 255 255 119 255 255 20 245 61 50 227 255 125 255 54 255
    255 87 151 255 255 255 255 250 255 112 255 58 255 196 255 255 18 163
    255 137 157 255 255 255 255 255 62 245 255 87 255 255 81 18 255 240
    229 255 38 2 255 87 82 255 255 255 167 255 2 232 255 178 255 8 90
    255 255 255 255 255 14 67 127 255 216 111 255 228 187 225 8 200 206
    188 18 255 26 255 255 218 54 255 255 255 255 255 183 255 186 246 255
    179 26 96 157 226 255 255 2 255 63 255 255 255 200 255 42 255 100
    255 255 22 79 127 86 255 60 255 255 246 80 255 255 48 255 255 231
    214 255 255 255 30 54 255 255 255 255 192 32 141 255 255 208 63 255
    255 101 150 123 87 255 255 103 255 107 255 255 184 157 255 24 255
    255 255 0 72 255 255 251 91 255 136 255 255 172 255 95 210 255 255
    255 255 255 16 255 161 255 255 220 134 28 255 70 255 255 255 255 255
    176 87 255 255 255 151 255 81 255 255 255 255 255 255 121 56 220 255
    198 255 255 255 255 238 210 255 111 122 46 20 212 109 36 255 36 85 6
    6 141 78 81 10 229 255 95 255 255 149 255 255 99 255 188 212 247 255
    255 222 255 255 255 244 14 255 210 8 243 163 255 255 202 222 118 255
    255 255 255 137 255 255 255 56 131 255 225 255 38 255 34 255 182 58
    255 82 255 115 122 169 254 255 54 255 255 255 255 255 107 177 110
    255 255 146 236 48 255 161 143 202 255 255 216 129 255 212 255 255
    255 255 44 255 18 255 172 255 75 255 255 255 64 255 255 90 255 255
    237 149 255 94 181 255 255 255 255 192 58 188 255 149 188 172 255
    255 118 8 157 255 161 255 255 255 10 120 255 255 32 255 255 255 255
    255 255 157 255 2 255 255 170 69 228 32 255 255 66 255 109 255 131
    133 255 111 204 255 255 255 255 255 255 52 111 26 255 69 190 222 194
    222 255 113 52 0 255 105 184 28 255 200 248 242 255 255 234 110 255
    6 168 111 147 255 117 202 22 42 255 110 255 20 144 242 255 178 212 4
    255 255 255 126 119 255 138 255 255 255 255 255 30 58 255 255 255
    165 255 6 255 255 255 255 160 255 161 255 255 89 100 255 42 208 63
    226 251 60 255 255 255 91 255 8 255 255 234 179 255 255 255 255 198
    255 136 85 187 106 135 255 255 255 198 255 255 255 44 28 0 225 255
    255 192 255 255 255 255 255 255 143 255 146 115 255 255 255 63 255
    97 228 60 56 20 106 255 157 182 202 255 148 46 69 255 255 38 98 255
    111 220 87 4 255 89 255 118 97 54 255 255 75 66 255 77 255 103 95
    154 255 169 255 255 255 255 167 177 174 208 69 255 107 10 80 4 255
    166 218 52 92 192 179 68 103 4 32 255 255 130 255 255 204 255 255 4
    255 240 255 255 153 255 200 255 144 113 255 255 151 109 6 255 255
    255 36 255 255 18 38 255 255 255 112 71 75 255 255 151 255 255 65 90
    40 255 255 212 255 192 73 159 255 252 255 192 255 255 6 32 83 208
    255 212 255 255 244 62 255 50 182 22 99 0 255 173 255 206 230 255
    255 20 96 255 22 132 255 28 38 179 255 255 255 234 255 26 226 255 2
    255 255 99 250 182 255 255 84 255 255 255 198 183 134 97 255 112 58
    255 148 222 255 100 117 2 160 10 127 255 232 255 222 67 149 255 255
    34 255 119 255 247 14 196 255 255 255 255 26 151 255 135 255 255 77
    255 255 248 204 255 159 255 120 255 255 255 173 71 255 30 69 136 246
    52 255 133 107 255 255 109 90 20 255 255 255 255 162 169 255 104 192
    56 60 255 48 255 157 255 255 155 255 255 255 107 255 255 56 255 255
    255 156 255 87 255 255 77 255 255 255 80 22 139 34 0 79 188 85 255
    255 255 6 2 107 255 18 127 255 255 255 255 255 255 0 255 127 255 255
    255 67 212 18 255 225 224 20 162 238 141 186 255 255 194 202 255 255
    255 240 142 255 26 255 89 255 112 230 255 30 255 129 255 255 18 142
    255 40 251 54 129 50 212 93 134 52 255 255 255 216 255 255 175 116
    212 210 82 255 255 255 255 8 40 50 20 255 255 167 255 255 255 198
    255 255 255 165 255 255 202 255 46 119 255 14 255 255 0 26 255 255
    255 255 255 14 255 255 255 10 86 115 255 72 255 255 255 16 255 180
    151 224 255 153 255 255 145 119 255 255 95 255 123 255 60 255 2 255
    255 83 255 255 190 110 204 67 255 255 255 255 65 255 255 255 62 255
    255 255 52 85 255 255 125 123 255 255 228 186 165 153 255 85 255 130
    71 254 24 255 194 255 255 210 166 255 255 255 255 208 42 20 103 255
    255 255 255 2 60 255 255 244 255 255 255 54 157 123 255 255 255 255
    83 255 4 188 133 255 67 255 108 255 255 255 255 255 72 32 255 34 255
    255 30 54 24 255 255 206 231 190 129 196 255 58 255 255 196 255 250
    255 255 255 255 255 255 255 255 12 242 216 255 159 202 75 129 255 32
    89 255 77 255 22 255 155 255 255 22 255 171 255 88 255 24 255 255 14
    255 125 255 160 107 255 255 255 255 247 214 91 255 255 255 255 255
    248 255 255 248 154 255 255 98 255 194 134 255 255 164 163 113 255
    255 181 184 255 255 106 230 255 148 255 187 160 139 255 255 255 62
    86 255 255 178 255 242 255 255 255 154 95 4 100 139 255 255 255 208
    94 216 255 204 255 255 194 28 2 12 36 73 202 255 109 255 255 255 158
    255 183 255 115 177 80 141 255 255 190 36 255 194 255 255 240 255
    255 255 255 255 67 255 86 255 44 46 204 44 255 255 10 154 255 141
    255 220 255 146 255 103 255 255 255 255 255 159 255 36 255 176 255
    255 255 255 255 255 255 255 255 163 255 255 255 177 255 250 6 255
    255 255 26 255 173 255 255 175 170 137 255 255 255 255 80 255 255
    198 20 165 255 255 36 255 83 255 20 255 183 255 119 240 200 89 204
    255 255 196 255 255 230 233 255 38 184 63 255 255 255 117 168 182 77
    255 255 220 255 255 255 30 255 255 222 255 10 255 255 255 239 255
    255 255 208 255 255 255 81 255 255 255 24 255 179 202 8 109 225 255
    179 255 255 255 255 255 254 255 255 109 116 71 119 241 255 255 255
    135 255 24 255 137 255 255 255 255 255 255 40 40 255 40 0 255 255 83
    38 255 255 2 255 255 255 114 234 73 114 218 255 18 255 77 130 255
    255 104 16 255 255 255 183 255 255 171 227 125 153 255 2 255 255 236
    255 44 75 255 255 87 238 66 255 255 237 255 255 239 210 34 255 255
    255 255 67 204 255 50 137 104 222 255 16 255 185 4 24 222 200 200
    255 255 254 4 110 255 165 34 255 255 154 255 139 255 4 125 255 255
    238 52 236 255 249 58 255 255 255 255 146 10 91 110 93 255 255 255
    255 110 145 255 184 255 161 54 40 255 255 131 155 50 135 22 208 255
    230 255 255 87 62 61 255 164 87 255 255 163 202 255 255 250 166 255
    255 241 8 28 255 255 255 255 149 255 28 175 250 44 93 255 14 131 153
    44 220 16 218 255 255 255 234 255 98 255 255 255 255 255 255 255 255
    255 255 77 6 255 255 148 145 255 38 151 202 255 255 99 255 255 224
    130 175 255 255 255 255 18 224 42 255 255 255 12 255 255 233 155 255
    255 163 255 255 255 131 34 255 255 255 255 4 255 165 255 172 255 255
    255 255 255 255 81 255 218 131 81 255 255 255 255 234 255 144 171 89
    255 97 87 50 161 255 255 93 6 68 255 255 88 255 255 100 255 255 48
    255 218 255 255 255 255 255 255 160 149 255 126 188 73 218 255 255
    255 255 255 112 105 202 176 255 255 180 99 255 188 255 255 255 224
    255 255 255 255 22 255 8 152 255 255 255 255 218 16 81 255 0 127 75
    14 255 255 96 240 255 255 255 16 255 0 171 255 71 153 255 255 56 218
    255 255 255 255 255 255 255 255 243 202 255 30 255 38 100 255 97 74
    255 26 176 255 255 255 255 255 255 121 12 255 255 255 255 198 255
    255 255 18 255 255 255 162 255 232 68 255 255 255 255 196 18 109 255
    126 16 165 255 30 255 247 32 204 104 198 20 158 255 255 255 255 69
    128 75 105 66 14 255 36 202 129 170 58 255 62 255 46 255 77 250 156
    255 44 255 105 75 255 255 147 255 61 52 255 255 115 255 208 255 164
    44 206 255 255 14 255 255 26 255 255 62 210 115 255 247 125 255 62
    255 42 255 255 255 255 255 44 255 50 187 255 192 183 255 73 255 255
    159 255 255 255 52 114 255 255 255 255 6 255 255 24 168 0 255 14 255
    255 255 24 171 30 77 214 255 255 255 237 255 255 255 255 255 102 179
    255 255 46 200 255 190 111 251 255 255 255 255 255 233 6 255 255 255
    255 255 123 255 255 255 62 229 255 153 255 255 226 255 115 93 200
    255 30 255 255 255 229 192 255 20 255 18 255 255 159 140 255 255 128
    177 255 255 165 224 84 255 255 188 224 255 46 238 255 255 65 206 255
    255 63 255 194 255 255 255 255 255 255 4 255 255 101 255 255 255 255
    255 103 255 255 255 225 255 255 255 224 255 12 22 200 255 255 252
    255 236 255 255 255 69 255 26 30 255 200 8 255 255 135 255 255 255
    106 255 255 138 255 75 255 196 12 196 103 255 180 255 255 255 255 36
    62 255 255 249 182 4 255 255 119 94 255 198 255 167 255 52 255 242
    255 255 255 38 255 255 255 255 157 255 255 255 216 255 255 255 188
    255 237 107 255 30 255 255 255 255 254 255 255 255 241 186 255 134
    255 230 255 255 255 108 222 255 255 255 255 174 173 255 72 255 77
    158 255 10 255 18 232 255 255 87 255 255 255 66 42 255 255 161 18
    255 255 71 255 129 255 255 255 105 255 240 255 255 255 38 122 255
    255 142 255 58 130 255 67 108 60 255 255 161 141 74 60 181 255 255
    62 247 242 56 44 26 10 208 149 255 146 255 46 255 255 255 255 255
    255 255 246 255 162 255 255 40 255 248 74 255 255 255 32 173 52 24
    255 162 255 123 255 255 255 156 255 206 251 255 255 255 255 71 126
    224 133 128 255 113 255 255 255 255 226 255 154 255 255 255 186 145
    255 255 255 255 52 255 255 255 255 255 255 255 255 255 173 255 255
    187 255 200 255 192 255 30 255 255 40 255 250 206 255 255 248 134
    173 218 10 18 255 214 255 71 255 186 255 255 255 48 255 109 111 255
    24 255 255 255 143 174 255 255 42 255 255 216 255 169 255 255 107
    227 255 214 255 255 255 160 198 255 210 210 36 255 255 255 140 179
    255 255 255 255 138 255 255 255 255 222 255 255 97 255 255 255 229
    204 255 255 255 255 255 109 62 18 255 255 40 255 255 255 153 255 114
    255 204 247 255 200 150 255 255 255 169 242 255 99 255 200 255 188
    255 255 65 60 255 141 174 218 190 255 255 255 255 255 255 255 67 255
    255 255 196 4 18 255 212 255 202 222 255 141 255 85 255 255 151 255
    255 255 208 255 255 255 12 255 255 255 255 255 255 179 255 255 42
    255 255 255 65 255 255 255 162 137 56 166 79 208 255 155 255 255 167
    255 255 255 77 90 192 10 148 255 255 255 255 255 64 153 255 60 75
    226 255 216 255 138 255 87 255 255 200 0 255 187 255 255 179 255 242
    255 255 24 255 136 255 255 255 73 255 10 255 240 255 255 255 255 255
    255 255 255 121 108 133 73 24 255 2 255 255 111 255 250 255 78 255
    255 255 244 20 156 255 163 255 161 255 214 255 238 184 255 255 255
    77 46 255 181 255 255 113 60 245 255 214 255 129 18 12 61 255 110
    255 192 255 40 190 154 255 255 44 240 20 120 75 255 255 42 190 58
    255 255 255 252 255 255 85 255 255 54 255 229 113 127 114 60 204 50
    188 255 10 255 97 255 171 62 255 226 255 255 255 234 196 255 58 14
    255 32 214 255 139 124 208 232 255 255 255 82 77 183 255 255 255 156
    147 192 218 182 255 255 169 255 12 212 210 255 255 224 255 255 255
    255 206 127 255 255 255 118 18 155 126 255 255 100 255 117 124 255
    14 255 255 22 90 255 255 233 255 255 255 2 226 255 255 255 255 255
    198 124 255 255 255 255 255 122 73 255 255 255 65 255 255 226 255
    200 196 255 129 234 58 255 141 243 255 137 80 255 255 255 141 255
    255 48 79 98 38 210 253 255 255 255 153 56 208 255 103 46 255 255
    255 255 255 72 255 255 255 222 179 130 182 139 132 255 255 62 255
    255 255 75 255 255 255 240 198 255 85 142 255 127 255 87 255 174 255
    255 114 255 255 124 208 255 255 255 255 255 255 255 255 255 200 255
    255 255 186 255 208 255 255 157 255 232 240 32 165 255 134 54 255
    220 99 255 247 255 255 30 255 255 255 89 255 92 169 155 166 137 255
    239 255 255 229 73 254 255 77 71 255 255 65 255 255 155 255 255 255
    200 255 255 144 255 255 156 255 187 255 200 187 32 255 167 255 255
    48 255 255 36 136 255 255 255 44 99 120 81 255 255 4 60 204 255 2
    120 58 255 128 255 255 188 135 255 255 255 234 255 255 255 12 105
    255 255 220 12 241 255 131 70 184 192 255 14 255 124 42 36 255 255
    218 92 255 255 202 188 147 255 255 149 255 113 255 178 255 255 233
    77 238 255 44 135 255 255 107 255 244 255 255 135 255 237 30 255 14
    220 255 255 97 255 255 127 190 255 255 255 172 255 255 255 242 26 36
    255 255 255 255 188 170 50 255 253 137 255 114 61 56 56 255 255 255
    255 133 58 22 228 176 255 255 231 14 16 170 206 255 255 194 77 26
    194 204 255 255 26 178 255 255 255 145 169 241 206 194 255 71 103
    247 16 67 255 14 169 227 255 255 42 255 255 212 105 147 86 171 117
    255 79 60 94 255 137 255 182 109 222 255 63 241 255 99 156 255 255
    255 255 255 162 255 226 255 255 97 255 77 255 6 255 151 30 188 190
    255 171 255 255 255 255 255 4 12 176 255 255 255 255 89 118 22 255
    30 212 255 114 2 255 251 255 34 255 255 214 220 255 255 255 255 255
    40 190 89 255 255 255 2 255 56 108 255 50 255 255 224 255 255 255
    255 255 8 255 99 255 166 133 73 182 255 255 134 255 38 255 109 218
    255 255 139 152 149 255 255 255 79 255 143 34 62 255 236 255 255 255
    158 89 18 255 255 255 128 61 255 92 4 255 255 255 255 92 34 255 255
    255 42 20 255 175 255 24 232 255 40 255 166 255 255 0 255 155 118
    255 30 128 61 139 255 255 255 255 91 255 132 69 255 132 127 255 30
    30 210 255 255 255 255 255 255 255 58 255 255 218 255 255 184 226
    255 255 255 255 255 153 114 127 50 102 255 255 220 40 228 218 255
    181 255 143 228 198 200 255 150 255 147 255 113 56 255 255 179 108
    83 234 251 255 255 106 255 255 255 255 255 14 255 165 255 141 255
    249 255 143 40 8 181 190 165 254 255 255 244 255 200 159 130 255 255
    249 30 42 255 248 81 255 255 95 255 255 125 84 32 83 255 255 255 86
    254 44 94 255 48 255 186 58 255 107 115 233 255 151 188 255 255 255
    12 12 237 255 42 20 50 255 2 44 255 255 255 255 70 255 255 255 182
    255 74 255 255 112 255 255 128 255 255 255 240 255 102 255 159 255
    255 81 150 42 36 255 255 208 255 20 77 140 255 255 255 63 255 255
    216 255 255 26 101 52 36 255 72 255 255 104 175 133 206 218 255 216
    10 137 251 30 255 251 169 147 38 234 255 255 77 93 56 255 255 255 56
    60 255 224 255 255 255 73 166 255 234 255 255 113 255 97 255 148 255
    2 255 155 77 68 255 18 255 255 20 247 255 255 255 135 255 158 200 81
    20 255 255 255 255 255 255 81 232 204 255 143 255 255 244 118 255
    188 245 255 71 255 177 255 210 255 145 255 131 71 255 117 255 255
    228 137 134 255 255 255 186 255 14 255 173 16 71 125 36 255 255 154
    40 165 255 255 255 255 131 10 229 198 85 96 121 255 255 255 0 52 200
    255 0 190 99 255 2 230 28 255 54 241 255 255 255 255 255 48 255 255
    229 255 255 255 214 167 255 255 42 2 255 255 64 99 63 255 145 255
    255 255 14 255 117 56 255 255 204 255 255 255 255 141 255 255 255
    181 255 255 113 255 79 183 64 184 255 84 255 163 255 255 255 16 252
    121 62 177 67 255 255 255 34 255 224 255 14 255 255 175 255 148 255
    255 255 255 255 255 255 255 255 20 71 126 255 139 130 255 255 18 149
    255 198 32 93 255 255 255 220 242 255 0 255 200 126 30 125 245 147
    93 206 167 240 255 36 255 255 255 255 255 129 127 38 255 12 64 244
    255 255 220 255 255 190 10 26 255 26 200 255 255 255 46 145 255 255
    255 255 248 169 249 87 119 166 255 255 255 255 255 255 230 255 164
    255 42 22 8 255 255 161 255 220 101 255 227 200 255 255 54 255 74
    238 218 237 255 40 255 194 62 233 255 255 190 212 255 140 255 28 255
    255 255 255 255 255 110 226 254 253 255 97 241 255 255 255 12 133
    255 48 255 255 85 224 255 255 131 22 230 255 88 32 89 255 255 169
    255 255 232 255 186 196 255 255 165 80 255 255 36 255 255 255 255
    255 255 101 255 154 107 133 255 6 190 255 255 255 255 99 255 255 119
    226 255 255 255 235 246 117 86 145 255 225 255 255 36 255 255 86 255
    255 255 255 255 255 255 255 255 255 222 138 255 255 255 255 255 255
    255 255 255 255 75 142 236 255 255 255 255 255 255 255 255 255 216
    94 255 36 192 186 22 158 48 255 255 255 255 255 75 115 34 255 255 60
    226 255 156 255 14 255 26 255 114 194 255 225 149 255 255 143 255
    150 255 173 255 123 255 241 255 255 58 255 255 98 255 48 255 255 210
    16 252 131 210 255 254 156 123 255 18 255 105 168 255 192 142 255
    255 16 254 255 28 255 44 140 255 255 255 16 255 134 255 255 255 252
    255 255 119 255 178 255 255 8 230 147 176 198 129 2 119 255 108 255
    65 255 85 255 255 255 255 255 79 83 134 95 111 255 38 255 116 52 255
    255 255 255 255 255 89 68 163 250 255 204 91 255 65 255 255 255 255
    192 56 255 255 143 255 152 255 137 255 255 117 239 255 255 132 255
    255 255 60 255 90 255 214 255 255 255 255 255 18 30 255 255 255 255
    255 218 248 0 208 255 131 255 255 255 255 188 255 218 200 159 255
    254 206 144 255 255 255 115 255 255 255 232 40 255 255 200 214 115
    160 255 109 255 255 255 92 155 255 255 182 198 154 255 255 255 44
    255 255 77 255 255 255 54 255 255 139 255 255 255 255 255 34 239 121
    159 164 255 255 251 255 250 34 255 63 255 255 73 255 202 255 255 99
    2 130 255 255 116 141 204 255 252 157 255 255 24 255 42 255 255 194
    255 235 115 0 76 252 169 255 79 179 42 255 255 164 255 255 52 255
    135 255 255 218 178 255 97 255 255 255 255 255 75 255 42 255 255 190
    255 136 255 255 255 141 255 255 255 77 126 255 255 249 32 91 158 255
    255 2 20 185 112 44 216 227 123 129 255 255 255 146 22 105 255 171
    255 255 255 255 255 56 56 26 69 38 126 26 2 255 95 255 114 196 206
    255 40 255 106 255 248 255 121 255 255 255 183 255 255 255 78 34 6
    32 255 111 6 244 255 255 24 224 156 255 255 255 255 255 255 255 65
    255 255 255 6 32 16 138 117 105 255 255 255 255 255 255 124 77 255
    255 255 141 255 97 255 255 26 255 255 255 255 255 255 34 255 255 255
    186 255 255 255 255 255 182 255 255 255 212 198 18 255 255 255 255
    255 118 255 109 255 208 83 255 255 255 255 109 255 231 255 255 148
    188 255 124 255 117 16 255 240 86 255 111 255 16 139 86 99 0 255 179
    129 255 255 255 255 155 93 255 255 157 60 97 255 255 255 255 30 161
    228 225 67 242 84 255 255 243 153 254 255 255 24 255 255 255 66 184
    242 2 255 255 118 255 145 255 38 87 255 131 255 255 218 255 116 171
    255 182 234 255 255 255 139 255 255 255 98 255 255 255 255 255 255
    240 255 22 32 97 166 255 255 255 250 255 128 40 255 255 30 8 255 149
    232 220 255 255 148 30 255 255 186 255 196 127 202 255 24 67 144 103
    153 255 135 255 255 255 139 84 60 255 255 18 255 102 255 255 64 194
    248 220 186 177 255 246 169 255 153 38 255 119 255 255 173 10 122
    255 141 196 255 14 237 105 63 255 196 255 255 255 210 255 255 230
    255 255 97 255 255 255 255 139 255 4 95 159 196 255 255 255 105 220
    150 181 255 255 34 22 255 137 214 255 4 255 158 248 255 112 240 255
    255 255 52 255 255 87 255 222 255 255 255 255 255 255 255 142 255
    255 255 255 238 76 255 212 255 255 224 36 255 198 255 228 255 255
    255 255 76 255 255 168 145 255 255 36 255 255 81 255 255 255 255 255
    255 255 104 255 255 255 36 56 255 255 206 122 255 255 255 157 204
    255 149 255 255 255 8 249 255 255 164 20 255 255 255 254 255 105 255
    255 109 255 255 255 255 255 255 255 255 182 123 76 26 153 255 147
    255 255 2 93 255 255 255 255 255 255 80 255 56 116 4 87 84 255 255
    255 255 255 255 255 135 36 85 255 200 252 255 18 111 73 188 238 255
    80 255 255 136 255 161 255 188 255 255 255 255 255 22 255 130 255 83
    56 214 255 255 255 255 255 255 246 10 63 255 20 135 255 84 238 218
    188 255 105 255 198 22 255 255 255 255 34 129 20 255 226 132 113 36
    237 255 91 255 61 230 168 93 28 200 67 255 68 255 190 255 177 95 184
    255 226 255 135 255 255 255 255 255 123 255 251 252 18 255 255 208
    98 255 255 255 24 255 22 255 123 255 255 255 255 214 4 239 255 198
    255 30 255 86 224 255 255 255 42 198 159 255 36 18 255 172 255 52
    255 58 255 255 115 105 26 255 222 255 161 255 255 115 67 210 255 255
    22 255 190 255 246 28 255 255 32 231 103 255 4 255 185 255 200 255
    255 169 255 255 123 87 90 255 196 255 12 159 255 179 6 241 34 255
    255 190 255 72 255 179 255 30 20 255 95 232 58 163 26 255 255 255 26
    36 113 255 255 255 10 255 22 255 69 255 255 255 196 255 179 255 255
    60 30 72 254 228 255 255 255 255 255 255 255 255 222 255 255 255 255
    255 255 235 255 77 255 63 255 174 182 224 158 145 24 52 255 255 100
    255 32 164 255 255 255 255 255 130 255 255 6 255 117 255 255 255 255
    255 255 255 255 255 255 230 20 255 255 151 200 181 255 158 44 28 126
    255 151 255 255 42 204 208 255 164 163 255 54 163 129 255 34 91 166
    182 208 255 255 73 255 255 255 255 216 255 76 255 196 255 255 67 255
    79 255 104 169 255 184 255 255 20 255 20 62 255 75 20 255 234 188 34
    167 243 255 255 255 18 79 255 184 255 24 255 255 255 196 93 255 255
    255 196 173 255 255 255 179 208 222 42 106 103 255 255 60 255 26 71
    254 120 89 24 255 50 255 255 255 101 255 255 22 160 255 255 158 38
    200 255 255 85 218 139 255 255 206 252 255 177 255 255 252 255 120
    255 56 74 0 123 255 255 89 204 255 255 222 255 255 50 255 255 255
    255 185 216 81 105 124 255 26 255 81 255 237 184 188 255 255 255 220
    224 255 255 228 40 255 119 255 30 171 32 243 14 255 255 255 254 8
    143 32 108 224 255 116 250 52 124 255 254 255 255 67 198 89 200 216
    255 255 184 255 10 32 177 255 30 255 255 255 248 127 255 255 255 192
    255 32 124 255 255 130 255 16 16 255 255 255 255 101 112 255 44 255
    0 255 92 91 216 68 255 255 255 228 255 168 254 83 216 255 255 18 147
    238 216 255 16 255 139 255 255 224 255 160 139 42 255 255 175 255
    173 151 255 236 255 194 255 204 12 255 60 98 255 255 255 60 255 192
    38 255 255 67 255 0 255 255 116 107 255 255 194 255 255 125 222 38
    255 255 255 54 255 124 182 255 198 198 255 255 50 255 220 255 255
    255 83 255 160 91 255 255 4 255 255 111 254 255 255 255 38 32 255
    100 255 255 255 255 255 255 127 252 122 250 255 74 52 255 255 255
    255 255 255 238 80 255 255 138 255 73 180 255 255 255 255 48 255 135
    252 255 255 42 70 89 46 255 255 255 255 255 255 255 255 165 255 133
    255 196 255 14 70 255 255 90 75 16 255 255 255 160 255 117 255 255
    255 255 255 255 249 255 255 198 255 255 176 255 255 255 125 255 255
    83 255 146 255 255 255 48 63 190 255 202 239 255 129 152 71 255 255
    58 255 255 250 89 255 157 255 255 87 255 255 255 255 255 159 255 255
    255 42 0 255 255 184 255 255 247 255 255 96 12 123 28 67 255 255 87
    50 255 255 255 70 255 255 255 137 159 166 255 71 255 255 255 200 129
    255 16 58 255 182 255 153 255 113 255 255 46 255 36 163 115 255 188
    40 60 44 255 255 255 10 255 234 188 255 255 12 255 73 240 255 67 131
    154 16 255 22 91 36 86 212 255 255 184 255 239 255 255 255 248 244
    255 30 224 100 169 255 255 171 255 176 196 255 255 182 255 255 255
    255 176 255 255 44 255 183 52 255 83 255 255 101 138 109 255 255 255
    255 122 255 125 241 255 147 0 255 255 255 238 255 164 161 255 231
    230 255 255 111 255 255 255 255 202 34 255 188 113 255 255 0 73 255
    242 30 255 137 153 18 182 255 255 145 255 255 255 93 255 131 4 255
    58 255 255 255 109 255 85 179 255 218 109 255 255 255 255 255 255
    255 255 255 255 179 255 58 210 255 255 255 255 255 212 255 84 121
    255 255 255 97 255 4 250 255 255 115 2 255 255 255 255 165 154 255
    255 218 255 200 118 255 71 204 255 91 186 255 238 20 255 255 192 141
    222 255 95 255 42 255 87 255 255 255 255 255 169 255 224 48 164 255
    113 255 111 121 184 87 109 46 50 123 162 255 255 148 255 87 214 255
    255 255 218 230 255 255 255 216 255 255 72 216 255 255 255 173 255
    255 255 255 101 255 255 14 255 130 115 255 255 255 255 198 255 97
    166 210 119 255 255 255 36 255 93 16 255 85 255 255 255 255 133 22
    255 214 255 255 255 255 178 255 255 160 73 255 14 255 242 255 200
    255 68 255 44 255 238 255 255 255 255 255 255 157 255 255 255 255
    255 125 116 255 255 255 135 255 12 255 255 225 255 103 255 255 250
    134 255 255 255 255 151 138 255 255 255 95 255 190 157 34 152 255
    255 247 255 255 4 81 192 255 127 175 255 255 255 78 255 255 98 255
    255 130 255 22 255 255 38 56 255 145 170 117 255 255 255 255 255 167
    149 174 69 133 118 137 0 255 255 192 208 26 255 255 255 155 212 255
    69 255 99 255 74 255 255 255 10 255 200 255 240 255 192 255 255 255
    103 214 255 109 255 103 255 142 255 14 204 63 246 255 214 71 255 73
    255 116 212 255 204 228 255 164 10 232 184 155 255 255 161 255 112
    56 109 72 255 255 96 255 255 72 32 255 32 83 171 255 255 255 184 255
    159 222 255 187 255 71 28 255 123 255 255 250 26 200 255 24 20 255
    131 255 255 65 68 255 226 255 230 255 138 12 71 255 255 255 100 255
    145 72 255 255 24 255 255 156 255 145 255 255 255 255 255 131 255
    255 255 110 255 67 94 255 255 164 167 214 42 255 255 78 255 255 100
    75 255 255 165 255 251 255 255 38 255 255 174 255 183 72 111 255 255
    105 10 72 255 255 130 255 255 255 255 177 255 10 155 108 188 255 255
    208 255 255 255 255 255 153 228 255 161 255 255 255 255 255 255 255
    255 255 65 255 184 255 16 255 255 255 54 187 136 46 255 168 212 208
    255 255 133 198 255 255 86 255 255 255 255 230 255 255 228 255 255
    255 255 159 255 255 255 255 255 192 255 100 192 254 84 255 255 255
    169 179 255 105 255 198 190 255 114 123 218 186 255 240 255 255 255
    255 107 255 255 67 255 46 255 187 255 255 236 255 242 255 36 246 185
    231 255 255 146 255 255 255 246 206 118 101 77 255 95 206 94 255 230
    255 255 255 220 255 255 255 255 255 255 192 129 255 255 255 255 214
    255 188 135 255 255 14 161 255 115 255 44 255 97 255 123 79 255 255
    18 122 255 255 243 224 113 142 127 38 50 255 60 255 121 200 255 89
    79 176 255 4 255 255 255 148 226 255 255 255 255 20 255 119 255 255
    48 134 42 109 0 255 161 255 255 60 235 119 244 36 212 255 255 255
    113 255 248 255 255 255 255 140 155 255 255 255 75 144 255 28 46 255
    255 255 255 255 132 50 175 90 255 255 255 255 255 162 63 255 255 255
    255 22 137 255 42 206 255 255 255 200 62 255 255 180 79 218 255 83
    244 28 155 50 233 255 159 28 255 255 255 101 236 134 224 255 255 125
    255 138 119 255 255 255 255 255 255 14 233 255 255 20 255 255 56 151
    139 202 255 255 255 255 255 255 255 14 255 117 56 106 255 255 202
    255 255 255 103 48 136 40 255 206 255 18 255 255 95 255 255 255 158
    177 255 255 255 137 255 133 171 255 255 255 255 255 105 255 58 255
    255 255 255 42 255 40 255 89 81 255 151 255 255 56 42 64 255 255 255
    255 22 255 255 99 26 26 255 255 255 159 255 255 58 146 12 99 186 255
    255 34 184 131 116 255 187 198 255 54 255 255 208 255 255 255 255
    255 255 255 18 255 255 159 179 255 255 255 184 242 143 82 113 220 98
    255 255 255 0 58 164 255 95 255 255 188 96 123 255 210 255 111 255
    105 159 255 111 255 156 255 12 20 153 255 30 69 137 255 255 255 94
    255 255 255 255 202 170 255 220 210 255 228 251 145 255 255 255 255
    72 255 255 255 250 255 212 255 255 255 40 87 255 255 255 255 105 255
    140 255 40 90 28 255 255 255 255 184 255 214 255 131 139 229 255 226
    255 255 107 255 255 255 255 167 169 200 255 34 30 60 95 118 255 255
    152 255 10 192 6 28 251 255 255 108 79 200 255 85 255 154 255 255
    255 91 69 255 173 196 106 255 255 24 255 171 22 255 255 255 85 255 8
    255 208 255 255 169 220 236 255 40 198 58 255 255 153 54 32 50 255
    255 65 62 255 255 255 46 234 255 250 255 255 77 250 255 240 255 114
    255 255 255 206 255 8 255 255 44 255 255 52 200 115 255 234 255 255
    179 255 255 255 97 174 255 255 255 161 109 255 255 200 255 255 255
    247 139 133 156 255 20 255 167 93 255 255 50 255 255 255 255 123 202
    8 255 255 255 107 255 255 255 255 255 216 255 66 255 153 52 12 101
    178 240 63 46 101 255 255 255 246 255 218 165 255 103 248 255 255
    255 110 255 185 255 151 255 110 179 28 60 188 255 255 255 135 162
    255 255 255 255 192 22 18 133 255 38 255 255 6 255 255 255 194 255
    255 255 138 202 255 255 163 255 255 119 255 255 255 155 255 255 255
    255 99 161 255 255 255 255 255 255 255 255 255 255 255 230 255 255
    250 255 255 10 255 135 129 255 38 255 255 255 255 255 255 255 255
    123 255 94 255 255 255 6 255 255 255 71 255 255 255 255 192 255 255
    190 255 255 99 254 255 255 167 180 56 255 142 129 190 158 143 228
    255 20 228 126 234 56 140 40 255 255 157 234 106 255 255 180 24 52
    198 216 179 255 255 255 233 190 101 120 155 255 255 139 214 92 255
    255 255 38 40 255 255 141 74 255 83 255 255 226 255 255 147 2 255
    190 255 255 228 255 255 224 255 141 24 255 255 255 10 255 255 150
    210 255 26 212 255 255 255 123 255 255 194 42 255 255 255 255 246
    255 188 255 34 127 255 255 123 255 255 153 58 255 255 255 154 137
    255 68 255 255 255 255 119 140 54 232 255 208 255 88 54 109 255 153
    255 255 81 63 245 255 216 64 255 255 66 255 255 255 181 135 10 255
    255 134 109 255 255 255 200 32 255 232 255 216 159 14 26 188 255 255
    242 239 218 255 255 67 145 255 255 16 210 204 255 192 255 107 255
    255 38 68 255 255 243 255 255 138 163 60 255 181 255 239 255 255 8
    255 255 76 255 202 116 255 255 154 32 255 210 255 254 198 255 255
    255 67 143 198 46 190 222 255 255 56 226 190 255 255 255 28 255 255
    255 97 255 255 255 255 225 255 131 132 255 91 255 224 97 255 255 255
    255 255 238 36 121 255 202 226 255 255 255 161 20 250 255 130 216
    101 34 145 109 255 34 2 241 135 255 206 220 163 255 255 242 172 121
    16 166 218 167 220 153 255 192 255 175 255 255 255 255 175 139 255
    125 181 255 159 32 255 63 52 255 54 255 64 36 206 218 255 255 255
    255 255 255 255 255 255 230 147 255 192 255 255 255 63 255 196 139
    255 228 255 82 149 54 255 255 255 231 157 255 134 255 250 255 255
    255 108 56 141 62 255 14 255 255 230 255 161 155 208 255 255 255 255
    85 255 151 161 14 200 24 28 255 63 58 149 255 255 186 255 255 255
    222 255 238 255 136 255 255 176 255 89 36 255 109 118 255 240 255
    255 255 255 169 255 255 255 255 170 36 255 42 228 255 255 255 30 239
    255 255 255 255 143 255 255 75 186 137 97 200 77 10 110 141 255 255
    255 246 70 52 255 4 137 62 46 255 218 255 255 255 168 255 255 4 89
    26 255 255 255 255 255 255 255 16 62 38 255 255 255 255 97 229 216
    135 229 232 242 160 246 255 255 50 255 255 143 246 255 255 255 34
    252 255 126 115 2 8 226 255 255 255 255 156 246 109 152 188 255 239
    151 139 255 202 255 255 226 255 255 255 255 170 12 255 70 79 234 255
    34 255 255 181 109 212 30 255 255 255 91 142 246 248 20 75 95 255
    242 255 255 32 8 255 115 42 16 202 255 255 255 188 174 255 255 164
    255 216 255 255 255 42 255 255 96 252 255 192 63 167 255 143 73 255
    255 255 255 255 255 20 202 255 255 173 255 255 255 255 255 99 58 42
    255 255 255 255 255 255 163 255 255 40 220 80 6 163 255 255 153 255
    255 32 255 12 255 6 255 8 255 255 212 222 255 254 76 255 255 174 255
    255 255 115 255 170 255 73 255 192 113 255 255 173 255 133 69 216
    157 255 74 133 220 28 255 87 44 255 255 255 255 255 168 161 151 132
    255 255 255 109 206 255 95 255 140 255 255 255 255 42 255 255 65 0
    95 63 255 255 255 170 255 255 20 232 255 196 255 228 16 255 255 255
    255 255 128 56 255 237 255 255 255 135 175 255 238 24 38 113 30 255
    159 255 222 73 58 255 255 255 255 255 255 72 255 50 72 255 255 255
    255 255 208 216 255 255 48 63 255 63 26 168 255 255 140 105 255 255
    133 255 164 115 255 54 255 153 80 85 12 86 255 255 202 255 255 255
    255 255 48 255 165 255 255 255 46 119 228 255 60 255 255 42 255 158
    255 32 255 44 255 255 4 105 4 255 161 255 165 255 255 137 255 4 255
    255 255 255 255 255 255 255 255 255 255 14 255 244 255 255 30 12 2
    113 56 58 113 102 137 36 255 255 255 208 143 230 198 131 255 255 83
    255 108 255 113 255 255 255 255 255 149 255 255 255 255 12 255 255
    194 26 176 194 133 255 255 255 152 255 255 255 255 4 255 208 255 212
    255 165 134 204 255 146 255 226 118 179 255 255 255 77 241 255 246
    74 230 145 255 255 255 255 186 255 204 255 255 225 255 255 245 103
    255 255 60 255 255 255 165 255 226 125 170 255 255 190 153 24 158
    250 89 255 250 246 255 255 255 255 255 255 255 111 99 255 255 22 255
    255 198 255 255 255 255 255 255 46 255 18 196 246 75 255 198 255 255
    255 255 255 255 255 255 255 246 128 4 79 128 255 159 86 2 255 218
    155 255 222 255 117 255 81 255 18 97 113 255 255 255 231 255 2 50 54
    113 255 255 165 255 255 255 108 255 255 255 255 169 202 255 255 194
    255 255 243 255 255 206 155 255 172 255 232 255 242 95 134 255 255
    255 58 167 198 255 216 255 36 255 132 255 255 8 216 255 50 30 77 255
    77 255 255 255 77 255 255 255 255 255 255 255 255 83 0 99 255 66 255
    230 194 255 214 102 56 14 255 85 123 218 255 255 66 255 73 255 232
    255 255 255 125 18 255 157 18 113 255 255 93 255 36 255 14 255 218
    255 255 255 255 255 255 91 255 255 255 140 255 177 0 255 255 255 73
    255 255 255 255 255 255 255 255 255 255 255 143 255 164 242 234 88
    255 169 60 255 109 255 79 65 255 177 38 255 255 210 255 188 255 255
    101 255 114 153 255 192 255 255 136 255 147 196 190 220 98 255 79 70
    255 255 122 186 255 255 255 240 255 167 255 255 230 177 200 255 255
    162 255 255 255 220 255 255 54 255 172 255 255 255 133 255 18 87 214
    255 141 202 255 63 123 84 63 56 255 255 192 60 202 255 128 26 255
    196 255 255 44 255 255 255 255 159 142 214 255 255 97 255 255 255
    255 255 34 255 148 255 255 255 99 151 255 137 255 255 255 255 30 255
    234 38 255 40 255 175 24 235 255 255 255 87 192 134 255 254 30 255
    206 255 44 255 255 255 255 255 255 129 6 255 149 255 255 255 255 186
    137 206 244 157 255 255 255 227 255 183 255 151 105 156 143 255 255
    89 255 255 16 111 204 14 255 255 255 77 255 255 255 58 255 228 204
    28 42 255 61 73 255 28 28 150 135 62 255 255 255 255 255 255 255 34
    95 255 135 93 154 210 255 58 139 63 255 248 255 112 60 103 255 252
    255 255 137 255 210 255 255 130 255 255 62 10 214 255 153 255 255
    255 255 10 18 101 255 255 255 170 244 149 130 69 26 255 8 255 172
    109 255 60 255 214 172 255 255 62 30 255 241 151 255 255 255 32 255
    255 255 100 255 107 255 44 255 148 255 255 255 255 255 198 69 255
    150 153 255 116 255 255 52 255 255 255 255 255 64 48 14 162 255 255
    166 236 89 255 250 248 255 255 255 68 26 6 247 18 56 255 255 210 255
    36 169 36 18 224 198 255 255 255 255 255 255 139 63 255 91 255 255
    255 255 52 250 255 255 141 240 255 255 255 225 165 34 152 129 255 64
    255 32 255 36 87 233 255 155 255 255 196 255 20 255 154 121 127 174
    255 255 255 255 255 60 192 177 98 12 255 255 255 204 255 255 252 251
    255 244 255 101 200 255 255 255 255 255 252 196 255 255 255 83 255
    138 255 255 104 255 125 174 196 206 243 255 255 255 40 85 255 133
    255 255 255 255 255 67 137 231 186 255 255 255 28 255 255 234 255 54
    255 86 255 131 90 210 255 255 218 107 245 255 200 98 255 255 255 135
    85 243 28 255 255 255 255 255 255 252 255 255 58 255 97 145 134 228
    255 255 255 255 56 255 255 148 255 216 255 20 255 255 171 42 255 255
    171 255 255 218 54 36 255 8 255 79 243 255 214 174 255 194 208 48
    255 4 255 255 0 244 255 198 255 255 84 99 255 255 255 179 164 73 93
    255 255 242 255 8 56 108 163 77 255 48 226 255 255 255 255 255 32
    255 255 255 18 255 252 255 36 129 251 255 246 202 255 255 36 255 212
    255 10 255 247 73 196 255 46 147 255 173 127 168 255 234 80 224 255
    6 255 232 186 60 238 255 255 255 229 228 255 24 255 32 255 4 36 2
    169 60 78 255 255 255 107 151 255 255 42 158 255 255 255 255 125 50
    153 115 64 6 255 255 255 28 255 255 137 255 248 255 148 255 218 255
    196 194 255 131 255 255 143 218 106 214 71 255 255 173 130 255 255
    158 255 175 150 255 38 239 214 143 70 255 255 156 220 242 76 34 44
    255 232 255 255 255 147 255 255 105 255 2 153 255 255 226 255 30 255
    30 255 226 255 255 62 255 255 255 249 255 255 136 238 149 166 18 255
    255 255 255 174 171 255 255 255 73 255 255 255 34 255 183 176 121
    234 255 255 93 255 0 125 14 255 255 196 113 155 170 255 190 28 87
    218 255 255 255 214 60 210 255 75 255 48 46 255 255 141 255 255 232
    147 36 255 255 162 173 111 255 63 127 255 218 255 202 255 161 14 255
    255 122 255 255 255 188 255 186 255 99 255 255 224 255 20 255 82 54
    210 255 115 255 166 107 48 255 255 255 255 255 99 255 196 255 40 4
    255 255 202 255 8 255 81 255 255 4 255 117 255 255 255 255 255 255
    171 255 121 255 138 101 79 255 255 255 190 255 109 235 255 105 255
    202 73 212 26 255 180 4 167 255 115 196 255 255 228 255 255 255 136
    255 255 70 255 255 225 121 242 178 69 255 229 255 255 162 65 255 28
    255 255 78 186 117 255 255 255 34 255 147 190 210 255 212 127 83 12
    48 48 255 6 63 255 115 255 255 6 147 255 238 255 38 250 200 80 255
    93 255 2 255 239 255 222 229 244 107 70 28 250 247 255 83 255 81 187
    216 255 255 255 210 0 82 173 250 255 255 255 68 255 255 180 117 255
    255 255 255 255 255 87 8 255 83 122 255 173 58 255 167 245 32 147
    108 255 255 255 165 255 255 184 254 78 131 255 160 255 77 255 236
    185 16 141 117 255 184 255 198 255 188 255 95 255 122 75 255 86 255
    255 222 255 255 255 18 255 255 255 236 255 255 167 255 255 135 60 10
    255 247 255 255 255 22 175 237 255 38 142 20 255 255 255 6 255 226
    255 218 244 242 98 255 44 58 115 255 255 135 232 150 48 129 255 255
    246 56 34 255 52 255 62 255 234 85 44 182 194 255 224 255 6 46 200
    128 255 56 229 63 111 255 255 255 255 159 187 255 255 255 194 149
    255 255 73 255 255 255 214 182 91 34 26 255 8 148 65 255 78 255 117
    218 173 255 198 255 151 10 179 255 255 255 255 255 255 255 229 238
    177 255 244 255 251 255 107 255 255 173 255 255 173 255 255 255 255
    38 255 36 218 135 104 4 255 255 255 255 194 196 131 255 255 40 255
    73 255 233 20 44 184 255 208 88 255 137 255 133 181 140 16 42 255 50
    246 255 214 255 255 255 255 255 165 67 116 173 177 255 228 255 255
    255 255 255 149 255 243 255 255 247 236 230 255 119 255 210 42 255
    208 46 14 255 255 105 237 175 255 255 255 255 255 254 255 255 255
    255 255 2 255 255 255 255 237 32 179 24 42 117 255 208 255 255 111
    214 235 255 255 164 109 155 255 214 255 20 255 255 140 255 12 168
    240 255 255 254 255 255 255 255 255 18 255 255 220 210 255 255 131
    66 255 255 255 171 81 38 161 255 62 255 255 164 153 255 255 12 188
    255 255 255 26 111 181 245 87 179 255 79 255 102 255 133 255 28 255
    255 255 147 58 173 255 60 119 255 196 246 255 255 255 255 20 163 200
    192 255 255 255 255 255 136 255 28 70 255 255 255 79 77 42 255 127
    220 71 28 255 255 255 214 255 255 14 143 113 229 87 44 255 255 255
    255 255 255 10 255 255 132 22 255 66 255 52 255 38 255 245 4 143 214
    119 175 255 255 255 255 255 238 56 54 46 255 255 255 136 85 255 255
    69 255 255 184 255 255 255 185 255 255 255 255 255 255 255 60 255
    255 255 71 255 107 214 255 255 255 255 149 246 255 255 255 255 255
    32 255 255 255 188 255 105 158 255 255 122 216 103 255 85 255 255 83
    238 225 157 52 106 255 255 255 255 255 255 26 113 212 14 175 76 67
    255 255 135 4 231 181 255 255 97 89 30 255 255 243 42 252 255 137 97
    255 22 6 255 161 252 32 85 224 210 255 202 243 234 255 255 255 8 255
    186 185 202 165 202 255 255 220 255 48 103 255 255 255 253 255 95 0
    246 255 255 255 255 24 255 255 218 255 129 14 175 123 162 16 255 255
    255 183 255 56 255 255 2 255 134 224 255 108 255 255 255 155 255 255
    255 255 255 165 255 255 255 255 255 67 255 190 255 169 255 107 216
    14 194 255 255 255 255 166 255 198 255 255 6 255 255 255 255 255 255
    136 255 87 255 97 87 200 255 85 82 255 91 255 255 255 255 83 238 255
    188 137 255 71 46 40 240 255 28 6 255 22 198 255 255 255 255 202 190
    42 96 255 255 116 250 153 220 16 255 255 147 173 255 101 255 74 157
    56 255 32 85 255 255 216 60 173 89 255 255 255 40 2 255 255 224 255
    36 255 71 120 255 171 255 127 54 174 147 255 255 194 255 255 255 255
    255 56 255 108 255 255 34 125 255 233 255 183 255 69 255 140 48 255
    255 255 196 255 255 255 50 255 77 255 32 255 255 255 255 128 149 151
    206 192 255 102 255 216 255 95 60 255 246 200 168 67 24 34 212 255
    255 255 8 46 255 222 255 153 103 162 255 131 24 255 147 255 236 133
    255 255 255 255 16 36 4 255 255 255 255 255 176 255 187 162 46 48
    170 87 255 255 103 79 4 6 255 66 255 255 255 196 105 255 182 24 255
    28 185 255 58 81 255 87 216 255 252 10 120 22 255 255 208 255 255
    210 52 18 230 255 255 255 255 255 255 52 134 255 171 70 255 255 255
    255 255 255 255 255 255 107 8 255 52 238 241 255 147 122 119 222 2
    255 212 255 255 230 255 255 125 255 250 226 255 145 255 148 255 255
    255 255 234 122 255 255 255 127 216 255 255 58 255 255 222 255 129
    65 124 255 255 255 255 185 104 242 196 150 121 255 40 111 210 255
    255 153 255 255 194 52 255 26 8 220 177 106 255 103 255 255 255 255
    81 255 68 246 169 38 255 250 255 93 255 218 125 255 255 255 236 255
    255 139 255 167 255 255 113 196 255 255 230 255 113 255 114 56 46
    255 232 255 32 117 175 52 157 255 255 255 105 130 255 155 255 125
    255 206 30 254 48 236 255 255 255 255 146 50 255 255 163 208 28 255
    255 66 255 255 255 255 255 255 255 196 255 67 107 255 255 194 255 36
    255 255 252 4 255 255 255 255 6 255 122 255 167 255 255 2 26 255 89
    214 255 255 255 226 255 255 255 255 164 0 254 255 91 157 202 255 208
    182 165 36 178 177 255 255 255 99 126 202 255 48 255 244 255 255 255
    182 143 250 255 255 255 255 255 232 255 255 255 255 255 255 255 60
    255 255 91 20 132 255 255 255 255 255 190 255 255 241 216 60 202 165
    255 255 255 255 255 255 255 146 186 255 255 255 145 98 255 34 110 67
    220 255 255 125 160 255 157 255 46 99 255 255 255 26 255 255 255 255
    234 255 255 8 255 255 139 255 255 228 116 42 255 4 6 255 62 69 255
    255 255 38 255 255 167 190 255 255 68 255 175 237 109 105 225 255 89
    255 131 255 134 255 131 12 79 255 255 232 46 194 255 255 46 255 255
    204 255 95 255 255 255 174 255 117 255 255 97 229 0 255 255 255 255
    96 255 255 255 255 255 255 22 169 144 255 48 255 131 188 255 79 252
    255 8 255 154 255 255 62 255 222 96 125 129 158 255 141 118 255 48
    237 190 214 255 194 167 255 255 255 126 255 255 32 123 183 255 73
    255 255 137 147 255 192 10 255 255 65 255 255 232 255 255 63 255 255
    255 92 188 255 76 81 255 88 255 255 48 173 73 255 2 255 245 255 255
    255 157 255 186 18 200 138 255 255 255 28 248 239 145 169 100 255 77
    152 255 129 162 255 255 48 255 255 148 255 255 255 255 255 255 255
    181 255 204 12 255 255 255 255 255 107 255 255 46 66 52 255 255 255
    255 255 145 83 255 58 255 255 149 52 50 103 255 142 255 242 255 202
    255 255 14 255 255 210 255 200 255 252 255 255 255 255 255 255 198
    50 255 255 36 220 255 113 255 166 212 113 84 255 255 124 224 255 255
    255 190 255 14 255 255 255 135 106 123 56 255 194 255 255 226 129
    255 67 255 255 184 255 255 255 255 164 58 255 255 63 101 66 255 143
    18 255 255 220 255 252 206 85 127 82 32 109 255 188 214 255 255 48
    138 137 119 255 22 16 140 188 244 255 151 63 255 151 255 255 79 255
    255 186 208 168 119 228 184 255 255 255 255 255 36 254 224 255 58
    188 255 255 255 243 155 181 255 255 255 255 255 165 255 255 255 84
    18 255 162 255 141 241 155 20 255 81 255 255 255 255 134 36 255 255
    36 117 255 255 60 239 204 255 235 173 255 30 255 255 255 0 131 255
    255 255 255 200 255 6 255 167 182 228 255 255 200 91 214 255 255 255
    222 127 16 255 255 255 115 16 255 188 255 114 24 255 255 109 109 255
    255 255 6 16 255 108 255 34 255 238 0 198 218 65 180 83 255 255 255
    255 222 73 255 255 69 255 233 147 179 255 255 145 142 123 255 255
    255 255 255 255 255 255 60 83 28 97 99 154 89 216 112 111 252 206
    181 255 184 255 185 255 255 196 255 218 255 255 56 141 255 255 163
    34 169 131 30 255 255 40 255 79 255 230 185 2 8 255 2 255 255 38 91
    255 255 255 255 255 65 255 249 255 255 186 255 255 210 20 75 255 171
    255 255 255 255 255 255 85 255 255 137 66 255 255 144 255 255 255
    186 255 255 255 255 100 214 242 206 255 255 255 181 202 158 250 255
    114 71 255 60 73 85 182 179 255 162 255 183 255 212 83 255 255 255
    255 30 255 8 255 192 200 255 26 255 255 255 56 255 255 208 255 214
    255 113 255 255 255 99 255 234 255 134 109 255 241 173 255 84 255
    255 255 52 255 166 255 6 255 252 255 255 255 255 68 255 255 255 131
    153 255 131 255 192 255 14 245 255 119 170 255 212 128 255 91 255
    127 44 54 255 210 200 255 255 255 255 255 255 255 255 245 204 255
    255 151 255 255 255 255 176 12 117 64 255 255 16 255 255 255 228 255
    255 135 255 28 177 107 36 255 171 255 255 255 130 119 179 255 255 42
    106 107 85 202 255 95 255 216 255 255 255 42 212 255 113 255 56 255
    255 12 250 255 210 255 100 255 50 255 255 16 255 196 255 255 255 255
    22 255 204 255 111 255 126 255 56 120 97 228 30 93 246 30 254 255
    227 89 71 108 255 255 255 255 177 98 255 18 190 175 155 255 255 0 22
    214 255 122 252 255 158 255 107 255 255 255 255 54 255 140 226 255
    243 159 125 255 255 46 255 226 2 255 255 255 255 255 210 118 83 161
    188 255 250 255 12 56 255 255 255 138 255 255 255 163 255 255 255
    185 170 255 255 178 255 255 2 56 255 206 255 255 178 28 255 255 129
    238 255 255 255 30 220 255 255 255 255 229 255 171 255 83 200 60 255
    255 104 255 220 166 255 255 255 69 255 255 255 255 198 171 30 255
    255 58 208 255 236 255 255 255 255 255 18 255 255 255 255 255 255
    255 255 34 18 255 255 239 255 71 178 255 255 255 255 255 150 255 242
    144 255 149 126 255 255 239 255 255 255 255 255 80 101 255 4 52 157
    146 50 255 255 255 0 255 255 163 255 220 255 255 255 181 255 87 255
    22 255 255 255 190 255 255 67 255 78 153 255 255 255 255 255 6 56 36
    107 236 180 61 255 82 246 255 233 28 73 255 210 255 255 210 111 255
    255 194 64 255 194 255 169 255 116 179 220 190 91 8 255 255 255 233
    255 177 20 255 113 255 255 12 56 117 255 255 30 255 255 119 73 255
    255 194 188 117 198 255 10 87 255 63 255 76 255 183 124 32 32 170
    255 255 42 255 107 44 255 95 255 255 103 198 255 255 247 255 44 112
    255 255 255 255 69 255 137 77 255 255 83 212 255 79 243 255 255 186
    255 204 176 99 255 160 255 81 229 175 255 174 236 255 237 255 255 10
    75 30 140 123 131 245 254 44 255 255 255 255 255 255 126 255 62 255
    214 255 68 255 210 255 103 242 92 38 255 255 255 255 0 202 255 60
    255 216 72 240 255 154 177 255 237 255 208 140 255 255 255 255 60
    255 40 135 54 208 255 190 255 255 243 255 28 255 246 135 16 8 159
    255 255 255 32 77 218 40 204 125 190 188 255 38 202 10 255 255 255
    255 255 52 255 255 255 249 255 222 255 255 139 255 230 52 54 255 255
    255 83 10 212 255 234 255 255 36 130 255 255 255 255 255 92 8 163 32
    255 255 20 255 222 255 99 113 255 69 69 255 26 255 255 216 60 255
    224 255 94 255 188 150 127 255 0 255 4 166 147 18 180 26 240 178 255
    255 24 255 254 255 255 218 255 255 216 255 202 196 255 99 173 62 171
    69 18 119 255 255 255 2 2 236 255 255 0 255 255 255 8 255 107 255 38
    254 255 255 230 255 98 255 255 255 255 255 90 255 18 24 255 79 255
    255 255 142 255 16 255 255 135 24 208 254 255 255 125 154 255 255
    255 255 255 255 22 255 255 255 62 255 255 255 46 255 8 255 163 255
    126 238 105 146 255 204 255 255 214 255 255 137 148 255 255 255 71
    161 200 79 169 255 255 52 124 188 153 255 255 198 255 95 255 239 255
    255 18 255 254 62 255 58 52 103 234 142 255 255 118 255 22 36 255
    255 138 255 255 255 255 255 255 204 255 255 255 255 96 255 32 227
    255 255 100 218 2 190 28 28 114 252 206 255 119 210 255 255 255 255
    255 137 255 81 255 255 6 255 255 255 252 255 224 26 110 123 255 188
    50 34 255 255 255 92 42 255 255 204 188 20 129 255 174 255 153 255
    255 139 255 255 255 255 179 12 255 198 131 255 63 44 255 236 196 255
    255 255 12 91 173 166 255 81 142 255 139 255 255 165 64 12 242 255
    54 58 126 255 179 255 255 2 140 169 255 255 236 240 72 248 208 255
    65 26 84 224 255 54 216 255 14 255 255 132 255 204 255 255 212 160
    165 255 255 255 121 255 157 255 255 255 181 12 200 255 32 255 192
    164 255 255 255 255 40 255 123 77 255 255 255 44 97 93 36 255 179
    255 255 255 255 255 255 255 255 179 78 255 255 146 91 28 118 255 147
    134 255 255 255 208 255 0 167 255 255 255 255 255 255 216 255 184
    157 138 200 255 255 111 163 90 255 255 146 184 224 227 255 246 255
    255 222 255 255 79 92 103 255 255 255 60 255 173 157 255 54 232 22
    255 255 255 255 93 255 255 255 94 111 255 36 255 255 255 255 255 255
    255 171 110 255 69 255 255 12 86 236 255 255 255 145 255 255 113 255
    147 42 255 63 255 124 255 255 202 240 222 212 255 255 255 24 194 255
    44 255 255 255 52 102 255 255 255 204 69 253 169 255 136 255 63 255
    255 255 241 63 255 249 200 208 255 186 255 255 151 255 172 81 255
    210 255 65 194 255 38 255 255 255 255 255 48 200 246 255 255 255 212
    22 255 81 245 255 149 38 255 52 96 48 73 196 255 210 255 255 255 255
    36 255 241 255 147 156 255 192 255 255 255 120 133 183 194 255 8 116
    14 255 251 255 255 255 157 255 184 161 255 204 255 143 56 255 255
    231 69 214 188 255 232 255 133 135 255 255 109 20 255 255 60 61 255
    220 87 255 255 0 255 172 177 20 255 111 145 202 234 255 148 255 255
    255 255 83 241 230 255 255 60 255 104 254 141 255 255 58 54 255 255
    204 149 187 255 14 255 30 255 141 24 65 255 90 38 255 255 255 93 255
    131 159 225 255 255 255 255 255 188 255 255 255 184 255 255 255 255
    255 255 255 76 143 255 76 255 210 94 255 255 255 32 190 112 89 155
    222 255 115 245 163 65 255 169 95 174 255 79 255 255 212 255 255 255
    255 255 255 255 255 255 247 141 255 58 255 255 255 202 67 229 255
    255 255 255 255 2 190 255 136 153 255 255 65 255 255 255 255 18 255
    255 255 188 60 28 255 255 235 255 255 255 248 254 0 255 255 255 63
    255 255 42 173 255 20 141 255 255 255 255 255 99 255 71 255 255 97
    255 255 255 255 44 255 255 170 208 255 255 208 255 82 255 155 255
    255 255 204 83 255 166 255 255 62 161 185 255 60 208 255 255 151 80
    255 255 152 10 255 160 212 255 168 165 81 192 6 255 255 85 109 38
    127 255 253 149 255 28 255 220 251 255 255 255 255 129 255 204 188
    255 255 255 255 255 143 14 255 255 255 60 255 222 255 89 255 255 255
    255 26 143 249 255 255 255 255 255 243 255 60 255 91 79 225 42 255
    18 255 255 20 255 255 255 255 167 255 255 255 255 255 255 255 255 14
    255 255 255 255 255 255 140 255 255 80 255 255 212 67 200 255 30 34
    162 91 255 122 255 255 10 48 97 255 255 255 239 255 255 237 255 255
    255 246 192 64 255 153 114 206 255 255 255 255 255 255 101 178 255
    14 150 192 151 2 238 255 255 109 121 247 255 255 176 255 246 140 95
    255 255 255 244 148 255 81 255 228 255 255 255 255 255 218 255 255
    123 255 255 236 255 241 190 46 229 255 87 255 71 255 0 242 56 255
    255 206 255 181 255 255 255 200 255 255 171 255 255 255 24 139 65 88
    255 147 42 54 255 255 169 255 255 255 255 12 255 129 20 255 255 255
    255 125 188 255 159 122 255 255 108 198 255 255 99 255 50 181 255 68
    255 187 88 255 244 255 255 255 255 159 255 162 255 107 164 182 4 233
    186 246 255 255 255 112 255 255 80 255 255 78 255 113 255 255 255
    150 111 81 255 60 255 255 194 242 255 224 255 255 56 255 54 255 62
    255 119 129 110 255 255 255 77 255 255 97 222 255 137 18 160 255 153
    78 255 171 255 75 255 196 48 46 255 255 60 104 175 255 255 101 255
    255 212 115 247 255 60 188 255 255 233 4 40 255 255 255 178 222 255
    194 232 255 255 65 234 255 255 255 255 113 255 68 255 163 255 204
    255 32 255 194 255 40 89 255 255 212 52 119 255 72 218 192 243 255
    255 255 115 255 255 255 255 130 8 171 255 255 16 255 255 255 150 182
    83 255 81 147 255 255 147 255 188 0 68 220 255 50 255 204 202 161
    230 255 255 255 255 163 226 255 125 255 164 255 187 229 63 255 74
    255 255 255 255 236 255 255 255 218 46 62 216 255 255 253 200 18 255
    255 44 132 101 127 178 97 255 255 255 255 255 14 255 255 119 26 255
    65 255 255 255 255 255 89 87 182 30 255 18 255 255 253 255 255 166
    255 255 255 71 255 255 242 6 255 184 255 196 255 143 255 232 255 255
    255 52 98 224 121 255 24 36 192 111 255 62 255 149 255 255 226 255
    255 99 255 255 181 255 255 255 144 255 240 255 255 44 255 255 255
    212 255 0 2 123 255 154 97 48 255 131 255 255 255 255 255 255 73 255
    255 69 255 255 14 176 137 123 255 255 65 182 173 109 186 165 173 130
    255 255 102 71 255 255 255 255 255 255 255 0 56 255 255 255 255 255
    255 109 255 171 255 255 255 255 255 255 224 144 255 255 126 6 255
    142 255 255 136 255 71 255 255 255 182 26 135 255 255 255 255 0 22
    255 121 32 255 255 255 216 255 63 156 255 255 102 255 218 34 222 255
    90 36 255 255 48 60 255 42 255 76 58 177 227 198 204 206 255 255 52
    255 255 108 255 255 136 255 202 14 255 226 255 48 133 255 255 220
    255 131 242 255 255 255 255 20 255 255 179 218 255 20 149 255 255 60
    255 255 255 74 65 255 66 255 255 8 255 255 255 117 224 255 147 255
    255 255 20 64 255 255 255 255 255 114 87 255 64 177 255 251 200 255
    26 10 255 176 255 169 255 224 255 190 56 255 216 255 179 255 255 255
    82 175 255 136 248 220 255 40 210 150 255 20 218 83 153 251 255 255
    255 255 255 255 255 255 106 155 255 150 91 255 255 255 127 255 255
    218 255 255 190 20 34 4 100 36 255 66 0 34 174 248 255 247 255 255
    255 255 255 255 255 119 96 255 91 255 83 255 255 255 244 255 52 255
    255 255 173 255 255 255 162 255 255 255 26 255 170 255 97 255 255 67
    255 42 255 132 155 255 255 2 255 255 38 16 255 52 202 255 255 255
    124 255 185 22 216 115 40 255 255 56 117 255 160 194 255 255 255 255
    132 255 101 70 28 255 255 107 255 255 255 255 98 89 113 4 93 71 255
    206 255 255 163 255 255 103 255 255 157 206 52 52 230 255 255 65 92
    163 131 255 252 255 243 255 255 255 38 107 255 188 69 216 255 255
    206 186 151 255 179 222 255 255 62 126 54 255 26 255 255 178 32 255
    255 196 135 80 255 254 255 26 48 10 177 255 229 255 248 255 255 255
    255 255 255 28 255 149 255 250 255 6 255 198 255 151 246 132 236 255
    204 212 63 241 255 255 255 153 255 50 107 44 216 103 255 255 129 255
    255 135 255 198 101 255 80 89 255 255 255 255 231 165 255 255 190
    255 154 255 65 255 255 161 128 255 0 247 153 62 64 255 255 255 255
    63 170 248 30 255 255 65 255 18 255 255 255 28 255 16 255 255 65 151
    40 109 147 255 255 190 255 255 255 251 252 145 126 255 159 255 97
    255 46 236 101 255 228 255 80 255 255 255 85 179 168 255 255 72 255
    255 237 255 240 255 161 255 140 255 42 170 244 255 255 255 255 255
    255 255 255 109 103 44 255 255 255 167 255 239 255 169 255 255 255
    255 12 255 255 226 255 255 175 175 255 255 255 16 169 36 176 6 255
    255 10 40 116 255 255 104 93 255 136 224 135 255 255 119 255 95 198
    255 2 255 10 34 255 255 4 255 255 255 133 255 143 255 100 255 113
    255 255 255 255 255 127 196 255 255 182 127 50 255 125 255 68 255
    255 255 255 255 255 101 159 255 218 210 255 196 255 82 163 255 148
    255 255 68 65 4 255 87 255 255 255 255 255 255 255 255 255 255 255
    81 147 10 255 133 255 255 71 255 255 85 255 188 255 182 255 255 196
    238 131 255 244 255 255 153 2 255 101 91 136 255 255 86 198 73 52
    255 255 255 188 81 210 8 255 206 255 255 92 167 187 255 194 187 168
    255 177 255 75 255 255 20 255 64 255 255 255 255 255 194 135 255 255
    87 255 255 255 115 255 52 192 255 255 255 72 255 255 182 255 255 6
    14 255 255 255 218 92 155 255 255 2 255 237 255 185 204 255 255 64
    255 157 158 32 255 54 255 255 144 26 255 255 10 38 255 119 187 255
    194 200 94 255 255 255 255 255 74 255 85 26 214 255 255 255 255 34
    255 32 255 184 113 255 255 255 255 255 255 104 255 255 106 255 127
    255 255 12 227 255 89 6 255 255 188 255 115 251 73 255 255 255 175
    255 71 135 255 255 255 255 255 255 255 255 255 156 255 204 255 32
    255 255 123 255 245 65 214 255 169 255 82 255 255 255 206 224 134
    255 105 255 131 255 255 109 6 255 255 255 255 255 255 96 255 77 255
    255 165 104 255 44 4 255 255 220 255 255 255 119 255 180 44 255 138
    255 24 134 255 85 120 252 255 255 137 24 186 255 10 255 226 255 92
    206 255 255 255 255 216 192 36 144 255 255 255 255 255 255 255 255
    104 255 255 255 255 255 249 255 255 36 255 255 194 91 183 255 255
    255 255 119 255 255 255 255 241 87 255 255 255 255 255 12 183 255 24
    255 255 198 91 124 255 22 124 255 255 255 255 255 142 255 255 255
    153 87 206 255 255 255 255 56 245 255 111 255 255 255 76 169 255 255
    255 69 255 255 255 152 255 255 255 255 214 88 143 255 208 103 101
    255 28 255 255 255 169 188 238 255 255 255 255 255 236 48 136 255
    255 255 149 133 229 125 255 42 255 244 255 153 255 255 155 153 92 50
    79 255 159 255 255 198 255 255 121 133 118 171 24 255 255 255 255
    255 111 10 228 52 6 255 6 255 255 79 255 196 119 255 155 255 255 255
    75 42 255 54 255 184 255 255 190 44 255 255 255 255 81 255 218 105
    224 255 179 48 66 255 87 255 255 139 54 242 255 255 255 255 255 255
    255 92 255 151 114 139 255 255 93 214 255 255 6 255 127 188 255 6
    145 255 255 255 247 255 85 255 179 177 255 93 240 255 10 255 255 117
    175 255 255 255 46 255 255 255 250 255 190 255 153 235 255 218 62 42
    255 255 149 255 34 255 255 44 255 58 32 242 75 255 139 206 188 255
    99 70 105 255 255 255 101 255 255 6 255 165 167 255 228 187 184 81
    255 255 153 255 50 255 255 255 139 77 154 10 255 6 255 117 225 87
    240 255 123 255 152 255 167 247 40 255 255 186 2 138 87 255 255 212
    192 255 255 255 255 216 255 210 109 139 255 171 255 255 255 153 255
    83 255 255 255 255 46 143 255 220 255 255 114 255 255 255 230 8 255
    255 63 255 129 36 104 71 198 140 248 255 210 255 255 32 137 222 70
    255 181 212 52 255 241 255 255 255 107 161 255 238 93 136 255 255
    255 22 95 106 236 255 255 255 206 249 255 255 255 255 255 237 85 255
    62 255 255 142 255 177 102 255 255 255 147 255 255 255 250 255 234
    255 255 255 20 72 250 141 255 255 255 8 255 165 100 224 255 154 107
    153 48 147 196 255 255 255 158 91 255 84 77 165 136 255 255 14 255
    255 255 255 255 255 252 252 86 255 255 22 0 255 255 255 157 134 234
    255 255 255 255 255 65 188 255 255 255 255 173 175 255 173 40 255
    255 255 218 46 163 220 255 255 227 54 255 255 255 255 68 63 216 46
    255 255 182 255 115 12 255 255 88 255 255 188 151 248 255 192 208
    255 30 255 2 255 255 130 255 30 255 71 139 255 255 255 122 89 255
    227 182 255 255 50 71 96 143 255 100 61 52 86 255 255 255 255 6 255
    230 234 255 255 177 255 173 22 247 255 255 56 255 255 58 77 173 255
    255 255 255 255 255 255 255 137 255 255 206 241 97 255 255 255 200
    64 105 255 188 236 255 84 255 238 255 255 87 255 167 255 20 192 159
    196 255 83 154 133 255 255 115 255 255 192 212 255 255 255 255 255
    105 172 143 143 112 255 220 34 238 38 255 255 212 255 255 255 152
    111 105 255 202 123 116 79 139 152 54 255 40 220 255 255 255 255 249
    75 157 204 255 30 14 255 255 76 226 79 255 85 255 136 255 255 170
    224 255 255 255 255 255 255 255 72 255 255 162 214 151 255 73 255 82
    246 255 28 91 127 255 255 54 255 177 255 202 40 117 174 255 255 255
    255 216 255 242 255 170 255 153 176 2 196 255 99 255 255 255 255 255
    200 145 2 194 83 148 255 255 255 255 255 210 255 255 255 255 255 255
    255 141 188 14 187 255 60 255 194 52 255 253 255 171 255 48 2 156 58
    255 114 255 255 255 2 255 255 248 255 255 255 131 255 99 190 255 56
    255 233 255 30 255 255 255 80 255 255 80 2 255 255 91 161 255 255
    171 255 255 255 255 159 218 255 16 255 255 240 255 231 224 255 255
    255 216 255 204 255 180 255 255 255 255 255 255 255 177 255 186 255
    100 255 255 255 255 238 20 6 44 100 255 20 255 182 248 255 255 153
    255 255 26 255 255 255 176 155 255 112 255 255 255 48 255 255 255
    255 94 255 255 255 161 153 146 255 4 255 95 255 255 255 255 255 255
    206 255 16 255 8 248 255 255 99 151 255 255 188 202 255 255 255 8
    255 92 255 198 255 255 255 235 255 202 98 255 255 255 255 67 229 255
    185 255 255 44 255 255 255 253 255 125 255 255 255 255 255 255 255
    48 91 255 22 244 255 10 99 255 44 255 98 255 255 156 167 255 243 22
    255 255 255 34 214 254 119 255 255 255 218 255 194 170 157 93 8 255
    99 18 255 255 158 75 121 251 56 165 255 216 255 164 255 255 14 255
    117 255 111 185 255 255 255 10 255 28 255 255 255 255 255 26 255 255
    255 255 255 48 18 255 250 255 95 255 134 255 115 255 255 255 214 255
    26 255 255 169 255 220 240 194 42 248 255 255 255 255 194 255 66 255
    255 255 255 255 32 226 255 10 8 255 22 99 255 54 255 255 158 30 181
    100 83 183 255 190 185 255 226 79 255 255 255 200 2 255 253 20 255
    122 255 75 110 255 255 134 255 255 56 255 255 92 75 14 255 255 255
    255 159 20 255 119 255 122 255 255 255 228 255 180 24 101 255 93 255
    168 255 255 255 60 196 255 208 151 255 234 255 255 255 105 50 255
    113 255 255 8 245 255 255 255 255 252 255 198 73 70 20 255 68 255
    255 54 254 255 170 255 46 255 255 252 255 244 255 233 255 255 102 63
    255 255 255 255 212 255 4 202 190 48 122 255 255 255 196 36 255 255
    196 255 255 255 12 255 252 206 206 95 255 255 255 170 255 255 255
    255 255 255 169 255 255 228 131 0 255 202 42 220 255 255 255 103 64
    255 255 138 137 111 210 246 252 255 255 255 255 255 255 255 38 255
    12 255 255 255 175 234 124 255 18 255 169 157 255 61 12 255 4 255
    241 77 252 196 131 93 118 255 107 255 173 255 255 210 255 255 255
    119 54 255 255 4 87 255 247 75 255 255 255 255 26 143 99 255 255 50
    62 125 238 174 255 171 255 255 255 255 255 255 110 255 38 14 255 236
    255 192 255 255 255 255 255 255 255 255 135 230 62 255 255 255 218
    255 255 255 85 249 255 24 148 83 255 86 255 99 116 255 255 112 107
    255 86 58 250 255 255 121 247 206 255 162 95 255 255 255 179 42 255
    200 150 250 127 255 255 255 255 214 196 64 95 255 50 255 16 255 125
    255 255 230 255 255 192 83 251 93 255 206 255 255 255 137 198 255
    149 38 255 135 183 225 135 255 66 255 234 255 255 129 255 107 255
    255 109 44 255 255 255 26 22 255 255 255 255 36 255 79 255 255 40 52
    145 255 102 255 255 130 123 83 216 28 228 255 255 50 255 255 183 255
    30 135 255 101 255 255 22 255 255 97 255 188 255 161 255 175 255 138
    113 87 190 234 255 84 255 255 255 89 255 150 169 255 126 255 141 78
    184 214 160 255 214 112 12 52 206 73 4 218 143 255 66 87 255 255 133
    0 12 255 46 243 186 255 255 255 42 247 255 255 255 248 20 206 194
    220 200 181 0 255 16 75 255 91 255 255 137 255 255 255 255 94 255
    153 42 255 255 58 255 255 138 240 125 208 210 255 255 255 255 186
    255 119 255 255 255 255 255 255 144 149 210 86 6 173 255 255 0 144
    67 101 92 255 255 255 255 255 56 115 255 255 173 255 231 161 255 74
    20 171 255 73 127 64 109 255 134 192 10 255 236 111 255 175 255 14
    255 85 241 149 143 24 46 255 10 216 255 255 121 255 48 12 220 190
    255 248 227 107 242 255 216 117 239 2 192 255 101 52 138 105 255 170
    255 210 22 75 234 255 238 255 253 192 255 52 125 255 255 0 69 255 75
    255 200 255 32 255 250 255 255 44 141 255 32 169 150 54 73 255 85
    250 255 255 255 255 255 121 72 255 255 255 89 28 255 61 255 229 22
    255 12 255 169 218 22 255 196 255 255 40 204 255 156 255 255 184 171
    255 160 79 153 160 255 255 255 8 131 30 83 255 116 255 149 255 255
    255 44 137 111 255 188 143 255 210 206 255 255 255 255 212 198 174
    255 255 98 149 200 255 255 255 128 255 198 255 255 151 222 255 242
    86 24 255 138 255 34 255 255 145 222 255 255 231 26 131 90 255 228
    90 255 232 255 18 246 216 22 181 255 255 202 255 255 255 255 206 117
    255 87 165 160 165 255 84 255 67 174 255 255 255 190 255 255 117 255
    255 206 255 255 48 234 255 42 85 120 255 255 233 255 194 255 0 212
    64 255 255 255 255 240 152 173 36 174 69 228 78 32 69 184 58 232 255
    177 28 255 214 210 136 255 157 255 18 255 255 117 12 255 255 255 255
    255 255 48 204 255 255 255 255 255 186 255 255 218 255 44 255 255
    255 139 255 253 255 255 255 255 131 255 255 255 255 255 194 160 255
    255 50 255 255 255 255 255 255 101 244 22 151 255 255 255 255 255 34
    129 243 255 255 50 87 224 251 255 255 0 200 40 255 255 30 210 52 200
    255 151 12 24 131 206 255 58 135 255 32 185 255 255 187 255 149 255
    255 255 188 255 61 255 255 228 56 120 255 255 255 200 255 255 242
    200 48 109 255 122 255 255 216 255 255 96 254 212 44 165 179 132 16
    255 162 255 255 255 214 192 255 255 163 255 198 255 229 0 18 255 255
    123 182 101 40 255 107 255 255 255 255 36 255 255 255 255 208 168
    220 255 10 119 255 24 255 255 255 255 255 255 252 46 255 255 254 255
    255 202 255 255 171 233 46 44 156 163 228 255 34 255 255 255 101 220
    101 185 255 81 97 255 255 255 110 212 255 255 255 99 255 255 255 214
    255 255 20 255 44 255 255 232 255 255 20 2 48 255 241 30 115 255 255
    216 168 255 159 255 129 62 100 255 255 255 69 123 255 255 200 255
    141 255 54 255 255 136 255 255 16 163 255 120 255 210 190 240 14 255
    255 255 80 255 255 255 255 212 255 255 255 28 131 255 190 255 155
    144 20 255 38 255 83 116 208 111 50 179 255 255 22 48 36 107 255 200
    175 169 40 30 117 16 173 44 255 255 255 255 119 255 255 255 192 98
    255 44 255 255 200 255 63 30 255 141 240 255 255 250 255 255 255 66
    173 255 255 255 44 138 184 179 255 145 48 255 255 255 255 255 244
    172 255 10 255 87 255 204 255 255 255 246 177 245 255 145 214 255
    255 255 255 248 130 255 255 174 10 255 56 255 255 62 240 113 104 255
    255 255 32 52 48 14 255 255 255 137 42 52 89 144 28 30 216 145 255
    255 242 99 255 139 255 255 210 103 156 255 181 164 196 255 106 255
    255 255 255 157 162 255 240 255 255 36 86 123 77 255 167 10 255 255
    255 255 255 246 255 232 255 255 79 255 255 246 157 138 255 255 255
    255 58 255 255 255 255 75 89 255 255 32 94 165 18 255 255 255 154 75
    28 255 255 255 255 255 131 22 32 222 30 255 129 114 255 255 255 255
    73 233 255 255 255 255 52 231 85 14 14 188 89 58 125 145 100 255 255
    204 44 208 72 204 52 108 167 255 255 255 255 96 255 167 82 30 149
    255 194 255 255 143 26 44 12 254 120 159 255 255 255 255 255 139 210
    255 238 255 8 119 255 255 42 97 255 179 165 255 255 255 62 0 232 255
    121 255 52 255 255 255 255 255 60 255 4 148 255 255 56 14 255 206
    255 131 249 255 255 34 81 123 255 255 255 176 240 255 62 52 255 108
    255 255 188 255 255 222 109 255 160 255 255 255 81 69 206 255 255
    196 255 255 16 181 234 160 255 255 255 14 75 100 163 242 255 8 187
    255 54 133 255 255 255 255 184 63 136 44 131 255 255 255 158 255 202
    100 255 255 196 52 77 255 255 255 255 255 246 255 26 255 237 143 255
    255 163 135 118 194 163 158 255 255 255 255 255 202 255 255 255 255
    255 255 255 255 255 204 255 186 24 236 146 26 234 255 255 103 80 214
    255 18 255 255 255 63 255 212 99 255 255 22 8 212 255 141 249 143
    147 158 159 255 88 30 153 122 255 133 22 153 255 255 255 105 255 226
    255 245 255 255 255 255 183 222 232 255 255 95 204 255 255 206 114
    200 255 30 48 255 255 255 236 255 255 255 6 255 73 140 20 107 255 89
    115 255 240 87 170 95 200 255 255 255 255 255 188 136 255 103 62 255
    65 255 255 255 245 117 255 255 224 255 255 123 22 184 255 159 176
    255 77 112 255 202 255 65 255 255 125 255 34 255 255 6 255 238 255
    20 255 255 155 255 96 255 10 255 255 255 255 240 147 255 255 255 255
    255 240 124 255 255 255 220 169 118 255 200 255 255 255 202 216 255
    56 255 255 255 255 119 255 255 255 255 255 252 255 0 75 255 255 255
    255 255 171 218 255 255 255 255 24 255 255 255 56 255 255 255 73 255
    36 101 62 22 153 79 255 194 236 168 244 255 166 255 151 118 255 139
    86 246 111 255 107 36 255 255 254 84 208 4 255 105 22 255 255 218
    122 255 220 178 234 38 160 240 109 255 212 73 255 255 129 255 255
    255 50 255 255 255 103 255 120 206 255 255 58 255 255 125 22 40 255
    101 130 255 234 22 255 22 88 135 255 255 242 255 88 255 119 76 177 6
    255 153 28 255 234 194 72 255 101 60 255 58 255 105 210 255 167 171
    255 151 214 225 125 179 146 171 52 255 145 204 255 255 206 210 255
    222 255 75 200 255 255 143 255 255 255 255 169 255 255 255 255 220
    115 255 255 255 56 255 255 218 40 255 255 255 255 255 255 255 255 62
    255 83 255 255 58 255 125 255 255 255 60 222 255 255 178 255 255 30
    255 255 24 255 255 126 255 129 255 255 67 162 255 42 204 65 255 255
    255 255 212 0 58 104 83 147 32 255 173 70 95 99 106 255 255 106 255
    63 255 121 255 239 135 208 255 177 12 255 255 48 88 255 121 255 255
    36 132 255 103 112 73 131 46 40 153 26 50 58 255 255 63 255 81 255
    255 38 58 255 255 255 255 177 4 192 255 255 255 230 62 200 255 71
    255 184 255 255 173 255 251 255 6 255 95 255 44 255 255 52 121 50
    148 255 255 14 255 175 255 133 255 255 218 103 255 252 255 255 246
    210 66 255 18 76 177 255 204 22 210 62 255 141 42 175 212 255 127
    255 30 163 255 0 99 255 54 255 54 202 63 234 255 240 183 12 255 255
    255 255 111 255 255 103 255 200 89 255 101 255 255 255 255 60 255
    255 144 206 255 174 255 250 255 14 255 44 46 95 132 255 255 255 255
    230 104 182 8 146 255 93 255 22 252 255 97 255 18 244 255 156 123
    255 255 255 77 48 81 255 58 93 175 255 133 32 245 255 255 255 255 8
    255 38 10 202 65 226 255 255 255 76 24 255 255 255 157 6 255 151 202
    255 255 68 255 255 255 255 255 255 143 255 255 30 143 172 255 255
    255 155 62 255 182 255 255 77 255 255 255 255 44 6 244 255 255 242
    255 246 255 255 167 255 255 198 255 160 188 255 118 18 255 239 255
    255 162 159 252 255 218 255 249 255 255 255 255 65 20 149 173 255
    255 123 255 255 165 62 255 214 90 255 255 255 61 255 255 141 161 172
    4 255 255 119 255 253 238 255 28 255 255 255 255 255 182 255 244 255
    212 255 6 131 248 255 194 255 255 0 255 126 109 255 180 255 224 178
    159 255 4 255 16 255 255 121 92 81 255 255 182 83 255 169 255 255 91
    255 32 255 93 255 250 16 66 254 234 92 255 255 255 87 255 146 255
    255 255 73 26 62 255 208 64 255 255 180 255 255 255 52 220 152 4 255
    255 255 255 255 255 200 104 255 255 255 182 192 196 255 44 255 255
    190 255 255 255 255 56 255 255 255 200 255 252 255 255 255 255 255
    255 81 255 255 255 255 232 133 255 255 255 255 103 8 102 63 139 255
    250 103 255 255 109 255 14 255 6 10 255 255 202 97 170 255 255 84 75
    42 174 255 255 255 151 255 94 131 230 214 175 255 12 255 255 255 61
    255 255 139 255 255 204 99 114 238 210 255 127 255 255 73 234 239
    255 28 255 255 255 255 165 10 72 255 255 255 255 255 26 113 255 160
    255 188 184 255 175 88 192 79 255 155 115 82 93 63 2 255 255 64 18 2
    225 77 63 255 255 255 36 255 222 255 145 255 92 2 255 255 208 255
    202 79 155 162 79 232 255 255 194 255 151 255 128 60 244 255 255 255
    64 255 32 222 139 255 2 139 255 126 234 255 255 111 14 58 255 208
    255 255 255 255 232 89 255 255 255 118 255 255 255 175 240 4 255 255
    255 8 255 255 255 255 34 182 109 26 123 255 114 255 177 255 48 28
    255 67 255 255 71 236 164 255 242 255 255 255 255 240 206 10 212 255
    235 169 40 255 255 255 208 44 255 118 255 255 255 255 44 255 255 255
    78 255 238 20 65 255 12 255 42 255 255 255 233 73 226 168 255 137
    128 255 255 172 214 123 164 255 183 255 14 255 142 255 255 88 2 105
    108 255 255 78 71 255 255 14 255 255 228 34 237 81 255 52 255 255
    100 58 52 255 95 181 247 255 255 192 255 255 255 255 255 255 255 255
    2 255 101 124 255 143 255 255 40 225 2 133 178 255 255 255 167 255
    255 255 255 255 255 255 48 210 255 124 255 173 56 255 255 26 255 255
    231 254 216 255 255 131 94 255 255 180 255 255 122 196 255 255 255
    255 255 255 255 255 71 255 152 255 185 255 133 255 74 255 240 255
    255 255 255 255 255 255 255 204 241 101 190 255 255 81 20 255 255
    255 255 255 255 255 238 255 190 252 22 14 255 255 255 255 6 255 192
    255 202 85 255 216 255 255 255 255 255 182 255 110 255 255 249 224
    175 255 85 255 255 129 255 110 113 255 255 26 206 144 255 255 255
    255 255 255 173 255 255 71 255 216 255 153 74 255 153 52 2 255 255
    255 155 88 255 145 233 175 255 192 151 255 255 255 147 10 155 254
    222 255 137 255 151 220 64 255 255 28 111 12 255 255 255 6 18 52 172
    255 16 138 63 255 78 255 52 255 255 255 255 26 187 132 32 222 255
    255 255 56 255 255 255 83 155 255 79 255 10 171 255 255 255 230 92
    145 255 241 255 255 156 255 255 255 93 222 138 159 161 132 255 28
    255 28 255 241 79 228 42 75 255 255 167 167 20 255 255 245 250 192
    255 255 103 255 198 83 108 255 255 42 133 149 255 113 255 255 252
    109 62 255 255 28 255 255 190 255 232 186 216 255 255 255 244 132 83
    159 255 255 137 247 255 255 255 255 255 239 10 222 255 73 255 60 255
    255 255 159 255 255 255 255 255 147 238 255 36 255 255 255 255 208
    255 165 110 71 153 76 42 255 255 255 255 253 230 125 255 255 73 255
    32 255 186 248 208 174 222 18 255 255 255 255 24 10 194 255 131 255
    141 252 255 255 255 255 99 34 255 222 151 96 255 255 239 255 44 255
    125 246 255 169 236 255 186 255 46 255 95 255 175 238 225 255 18 255
    255 214 255 255 240 255 67 255 247 255 119 255 255 85 88 255 232 255
    228 255 255 153 255 134 186 232 10 220 38 80 210 255 255 255 255 122
    255 255 255 255 255 116 255 125 255 163 206 235 28 169 255 147 255
    255 54 83 255 255 255 255 255 85 255 44 255 0 60 26 255 255 230 255
    255 255 94 161 255 255 255 165 255 99 255 255 141 0 48 8 198 255 255
    255 255 255 65 255 214 183 255 255 131 255 153 169 86 255 255 255
    109 2 255 234 255 255 255 161 255 14 255 12 139 129 12 255 255 255
    44 190 255 163 255 255 214 188 112 255 255 255 151 137 124 202 255
    255 255 255 255 255 255 255 255 131 158 18 255 251 153 250 86 12 218
    255 222 107 255 212 255 64 52 234 255 255 255 255 255 255 255 255
    255 60 255 255 134 255 165 176 255 145 255 111 255 76 117 255 255
    255 255 255 204 188 255 255 79 255 255 10 255 125 54 88 255 73 251
    139 255 255 255 255 18 2 255 212 200 226 255 109 167 255 198 255 255
    20 255 255 255 85 120 236 30 255 255 73 255 184 255 48 255 255 245
    255 12 162 24 218 204 139 255 255 42 190 130 255 202 255 204 255 255
    255 255 253 255 254 255 255 255 255 255 248 6 255 22 255 255 255 255
    255 133 255 165 255 118 42 242 255 246 16 255 153 255 255 214 255 22
    30 255 255 167 188 255 54 97 255 255 105 255 255 255 255 143 222 220
    97 242 164 77 255 255 255 196 128 48 255 108 255 91 255 204 255 255
    226 255 255 179 255 255 255 255 255 34 255 255 255 177 255 117 255
    216 255 255 255 196 18 200 255 52 239 111 183 14 255 255 255 115 255
    255 255 159 255 113 236 132 36 113 2 255 255 74 0 196 255 255 255 98
    255 255 255 123 190 118 196 109 38 255 99 198 56 135 200 255 185 88
    173 255 255 255 255 255 188 255 255 30 173 88 255 63 60 255 255 112
    255 73 255 248 125 156 255 255 255 255 255 255 255 255 255 255 255
    176 202 255 255 60 115 18 255 248 30 255 32 82 255 255 220 255 255
    176 163 255 98 255 181 144 255 255 102 255 255 255 255 255 218 127
    255 150 234 255 214 255 255 255 255 255 156 255 18 255 255 232 255
    111 255 70 65 40 255 214 255 112 255 179 255 149 255 255 206 54 212
    63 255 68 255 181 152 252 194 255 255 121 255 184 200 34 255 50 142
    93 255 96 255 99 255 56 123 122 192 255 58 255 196 72 255 141 114 30
    6 70 71 28 216 255 228 54 254 71 255 48 123 255 157 52 255 248 255
    126 65 255 38 255 255 126 255 67 255 255 255 255 121 255 214 255 255
    255 255 161 231 255 188 255 24 255 255 255 153 146 179 255 255 255
    198 255 181 255 255 204 255 128 200 177 255 2 255 255 255 163 98 206
    81 140 255 255 100 89 255 255 255 119 110 255 232 255 255 255 255
    200 255 255 255 187 96 255 103 255 255 255 136 202 255 255 186 2 255
    65 255 255 255 105 255 40 196 255 255 255 68 255 14 255 69 63 255
    200 255 255 255 149 255 14 196 251 255 255 164 255 226 255 255 255
    255 255 255 96 255 255 174 255 255 255 255 12 46 255 255 227 255 255
    255 131 255 255 255 81 86 255 255 62 12 255 255 255 40 255 157 255
    255 255 109 255 255 255 140 216 187 255 125 255 154 255 255 255 255
    255 255 255 212 255 255 34 255 61 218 255 255 255 64 255 255 255 75
    255 255 20 163 148 30 255 128 255 255 128 34 255 28 255 14 160 226
    255 46 255 255 196 255 255 255 255 255 255 255 175 243 224 255 86
    255 242 70 143 10 255 186 255 255 139 139 255 255 255 255 255 255
    255 255 175 16 79 255 194 255 4 10 234 255 118 255 255 255 149 255
    255 175 255 255 255 135 18 255 255 148 22 255 176 71 255 239 32 255
    255 255 255 122 255 255 210 255 255 255 190 255 194 61 163 255 254
    255 96 255 255 255 50 255 225 14 255 255 20 242 64 87 255 54 255 255
    255 135 255 70 52 255 4 107 255 255 255 149 255 246 255 255 255 220
    50 206 255 255 117 255 255 4 255 255 255 192 255 161 139 251 113 194
    122 91 255 8 255 206 36 171 93 255 117 95 142 255 255 255 255 200
    184 255 48 255 93 255 136 255 255 82 210 54 255 255 255 255 115 0
    255 255 255 255 95 255 144 255 255 190 255 255 192 255 255 16 226 60
    24 32 255 255 255 139 255 255 190 255 173 123 134 255 255 100 169
    255 255 255 255 255 255 248 194 101 60 255 255 50 255 255 255 88 6
    46 255 113 135 90 175 204 255 255 255 188 75 255 255 50 255 255 255
    113 0 61 255 136 255 109 154 255 255 210 255 255 255 77 255 255 32
    255 255 255 153 255 255 107 255 103 255 255 255 255 166 32 255 255
    16 255 255 255 255 30 255 101 255 18 8 8 255 97 114 255 255 102 255
    255 255 228 255 255 255 149 255 255 255 255 30 54 164 61 255 152 255
    255 255 255 165 255 255 79 255 255 255 255 255 32 255 48 255 255 244
    255 255 255 255 255 255 255 222 79 255 255 255 198 227 147 24 255
    255 115 255 198 255 86 101 204 255 58 255 255 2 62 96 184 200 255
    255 255 255 255 93 255 252 255 255 46 210 202 121 20 112 255 255 255
    254 255 52 147 218 255 175 255 255 198 42 255 255 255 255 255 149 34
    155 220 255 73 255 94 255 255 255 255 167 64 186 255 255 42 28 255
    255 238 255 184 115 138 194 255 255 177 255 124 255 157 255 255 232
    56 255 169 255 117 255 255 255 143 206 255 190 132 255 255 255 141
    255 255 255 60 104 67 69 255 255 255 116 198 255 255 240 255 249 255
    255 249 155 83 44 255 71 166 218 255 241 184 238 255 54 101 162 34
    12 255 255 165 218 255 255 200 255 171 255 255 159 194 255 255 162
    177 255 255 141 26 255 240 141 164 89 255 58 71 173 220 255 91 255
    255 99 255 46 190 241 255 131 112 149 224 0 198 155 94 255 255 255
    101 255 235 255 255 255 75 255 100 129 175 98 255 240 255 238 255
    255 255 255 255 255 145 216 163 26 231 171 20 180 255 255 26 125 226
    255 255 137 82 255 145 114 34 95 150 255 143 255 131 255 255 255 255
    255 255 200 212 255 255 255 119 255 255 254 255 255 255 131 196 255
    255 255 255 255 198 22 58 172 255 224 225 26 255 255 175 255 255 255
    137 80 255 255 204 255 255 140 167 255 255 255 85 237 65 165 42 177
    220 255 255 255 255 255 255 227 52 8 74 129 255 255 255 246 66 255
    255 144 255 143 255 190 255 255 56 220 186 248 255 255 255 91 255
    255 255 100 147 63 220 255 255 255 194 255 152 206 255 128 255 34
    255 255 12 102 206 255 68 181 255 255 36 62 225 255 255 255 0 161
    132 167 255 84 255 255 255 255 244 6 101 255 162 255 93 255 34 255
    255 103 255 255 255 255 255 10 236 255 255 255 170 255 255 192 255
    255 154 236 255 255 255 255 255 255 255 239 28 255 255 151 204 237
    255 255 255 204 255 255 208 238 32 135 255 255 255 12 255 255 159
    255 255 234 255 255 187 194 255 255 255 255 107 255 254 255 16 255
    185 255 255 255 255 24 24 255 255 255 255 69 65 100 255 255 54 255
    83 28 255 255 255 198 255 255 255 255 255 133 4 255 14 214 255 83
    255 186 238 218 6 255 131 34 216 246 255 255 127 255 255 101 255 255
    6 255 165 81 142 56 141 255 194 26 134 167 48 138 248 210 2 255 115
    90 0 60 44 167 255 170 165 198 255 255 255 255 103 214 255 255 188
    118 36 255 186 255 255 255 255 255 92 255 155 150 255 20 255 255 255
    255 255 210 255 255 6 255 212 208 255 255 255 66 200 133 255 177 226
    22 255 255 192 52 255 162 182 255 255 188 255 255 194 2 94 230 187
    32 224 255 255 149 255 255 149 255 255 255 255 255 255 58 255 202
    228 255 214 255 255 0 255 98 255 159 255 255 255 255 255 115 66 255
    255 255 250 216 200 255 32 237 232 147 114 255 255 255 159 255 158
    255 161 255 200 10 2 255 255 170 255 212 255 255 163 255 36 255 96
    255 208 36 255 255 255 52 246 182 4 141 132 255 255 216 129 255 60
    71 255 144 218 255 255 175 255 255 255 14 255 246 238 239 255 36 255
    255 121 90 255 119 255 177 232 142 255 234 255 2 255 255 34 255 255
    255 255 255 218 255 255 255 192 255 75 255 255 121 255 38 220 242 4
    194 69 116 255 255 255 240 14 255 240 255 255 255 87 255 2 107 182
    123 255 255 238 255 255 255 56 255 6 255 200 141 255 18 255 183 255
    255 149 204 48 255 255 184 255 255 255 255 255 244 255 255 52 103
    142 32 255 255 255 255 98 204 22 255 190 255 249 61 173 255 177 255
    82 255 255 255 135 255 231 163 255 255 151 121 255 254 22 255 143
    255 255 255 255 255 255 69 229 255 255 255 115 255 255 85 28 198 115
    99 255 255 107 255 255 218 255 255 139 92 155 163 176 255 255 200
    177 255 255 255 230 112 87 255 140 28 65 12 214 111 200 101 255 255
    129 151 255 255 255 100 255 255 182 153 255 255 113 250 118 255 89
    74 145 192 255 255 255 235 255 137 255 18 255 198 60 232 170 91 255
    255 255 60 12 194 255 18 34 131 255 255 255 46 83 252 156 255 255
    172 255 183 255 121 255 204 255 6 255 218 255 255 71 58 225 63 255
    134 14 169 18 181 255 178 248 63 202 255 255 255 58 255 255 255 255
    255 111 255 255 127 71 239 248 183 255 255 220 255 255 151 255 255
    131 100 121 173 18 255 255 34 255 38 255 246 145 255 204 255 231 255
    216 255 151 255 172 119 255 237 155 255 172 255 255 148 95 255 255
    255 255 255 99 58 255 36 255 26 167 254 66 159 81 48 89 48 84 48 255
    178 252 255 56 111 255 255 222 255 92 255 255 255 255 143 204 4 255
    16 255 255 255 226 255 108 119 101 255 61 77 162 255 220 255 109 255
    255 157 63 16 255 255 255 255 255 255 255 121 255 255 255 112 255
    236 255 255 255 255 87 171 255 255 255 255 255 255 128 61 255 42 255
    255 6 255 255 255 230 18 255 186 255 72 255 255 255 255 242 255 113
    255 255 255 255 170 255 255 255 255 16 255 212 131 255 255 236 255 6
    255 154 133 255 192 255 255 255 255 97 255 101 255 188 255 255 218
    20 255 255 255 255 255 175 255 218 255 198 255 109 255 52 255 198
    160 255 255 255 255 255 245 255 20 255 103 255 255 218 230 255 200
    255 255 255 75 255 14 255 255 255 255 255 240 255 255 139 228 239
    255 131 255 255 255 136 20 255 255 255 255 255 255 254 255 255 255
    255 36 255 255 255 48 255 255 220 255 255 255 255 4 81 18 222 255
    116 20 255 174 232 255 42 28 255 68 165 255 66 175 40 249 255 105
    255 255 75 112 56 255 255 20 255 4 255 12 4 234 255 255 255 255 255
    255 255 74 216 255 255 101 143 64 212 36 233 71 194 18 149 255 172
    255 12 255 255 255 255 60 208 255 255 255 255 52 248 235 255 165 255
    159 255 255 248 255 255 147 79 98 255 248 102 91 255 255 255 30 255
    255 167 104 255 2 255 204 255 255 255 255 114 89 28 255 255 139 130
    255 149 10 255 147 206 93 255 255 255 255 32 196 101 40 34 255 255
    228 48 255 171 255 114 73 238 116 255 255 120 14 242 180 165 255 255
    153 145 12 22 255 44 135 73 22 255 147 48 255 125 255 255 67 100 255
    173 255 255 255 190 255 255 166 255 255 255 255 113 255 255 255 255
    208 255 255 119 123 231 202 255 255 67 255 255 255 16 255 188 167
    255 255 255 255 4 143 255 255 255 255 85 62 255 255 2 255 255 73 245
    161 255 255 255 255 255 255 255 255 255 89 255 28 89 255 165 0 255
    255 255 255 99 255 20 167 50 255 32 99 255 81 103 255 165 250 255
    255 188 255 169 145 255 255 255 148 255 113 164 184 97 255 61 107 20
    255 95 255 212 8 156 255 255 255 255 255 255 255 10 255 159 255 12
    255 252 8 101 131 255 139 255 52 63 255 64 255 255 88 121 169 255
    255 255 18 255 255 255 255 234 118 255 255 134 255 185 210 89 255
    255 255 255 112 99 208 10 255 212 62 0 255 58 255 167 122 255 71 255
    255 226 255 121 26 162 175 81 164 173 255 255 228 255 2 238 255 255
    255 28 160 121 255 255 177 187 255 255 24 148 255 56 40 173 214 255
    255 24 255 255 161 192 255 115 56 184 24 229 38 255 98 252 54 26 220
    255 186 255 198 255 246 255 176 255 255 233 198 22 76 125 216 255
    255 151 44 255 255 194 255 255 255 4 255 148 255 255 182 38 255 206
    255 71 255 255 255 168 192 58 255 255 255 255 65 255 218 255 198 255
    255 214 255 255 4 255 255 255 255 255 30 176 147 232 80 255 255 76
    255 255 88 42 255 255 246 79 0 255 149 216 255 255 90 255 228 122
    107 143 255 255 119 255 255 139 255 255 244 144 255 147 204 179 167
    152 255 62 255 255 135 140 255 255 4 255 255 44 255 252 255 173 255
    229 188 255 255 65 204 164 255 255 18 255 255 76 255 48 174 177 255
    108 232 38 241 255 65 255 54 181 255 101 255 255 69 10 255 103 255
    92 255 95 255 129 159 255 255 149 255 2 79 255 58 165 255 255 99 76
    198 255 16 83 230 18 255 58 255 77 228 116 208 255 112 255 255 212
    255 255 255 255 255 255 26 101 255 255 255 12 133 236 255 40 255 108
    255 137 255 255 255 136 255 40 255 255 38 255 255 171 255 4 52 255
    34 109 255 109 255 255 255 255 255 255 255 255 255 255 255 255 46
    255 255 28 255 186 255 225 75 255 255 63 246 255 255 73 255 216 255
    94 255 248 42 123 255 241 255 67 104 255 255 255 236 255 255 255 255
    255 255 16 255 255 185 255 20 24 255 109 54 255 67 252 255 38 255
    150 97 4 255 91 30 102 190 255 255 22 255 255 133 255 114 255 85 255
    255 147 255 255 255 74 244 56 255 255 255 233 89 145 6 255 255 255
    255 32 255 157 255 255 111 255 255 48 255 120 254 255 188 255 202
    255 2 115 255 255 255 255 255 28 255 255 255 36 255 155 255 255 255
    255 83 85 34 123 255 255 149 131 255 255 187 241 255 255 122 69 255
    186 255 206 255 190 109 208 255 255 255 255 222 255 125 169 255 255
    36 255 255 26 255 171 188 255 255 240 112 194 54 164 38 255 255 255
    200 255 58 89 98 255 81 255 159 255 255 255 255 255 255 255 255 255
    255 255 18 255 134 255 255 152 255 54 255 71 99 70 254 255 255 255
    234 106 151 125 255 255 210 32 255 169 8 18 28 255 137 236 70 22 183
    255 255 255 88 255 65 190 255 255 56 255 18 162 119 135 200 109 58
    255 255 81 174 113 246 114 255 242 255 255 255 255 14 81 255 255 255
    152 169 255 216 167 91 255 255 60 92 255 255 216 255 255 160 242 14
    255 254 121 251 255 255 222 151 255 202 255 255 170 255 255 128 255
    255 255 255 255 62 244 24 142 2 255 32 244 255 98 121 255 255 255
    255 255 255 240 255 255 255 102 252 255 255 184 139 16 255 12 60 255
    255 255 216 255 112 255 129 78 236 255 40 238 85 255 255 255 255 34
    255 255 194 255 255 255 194 172 255 40 247 255 255 10 255 255 8 182
    177 112 244 255 255 20 255 255 255 240 255 115 255 255 255 255 251
    107 89 255 255 255 255 109 255 158 228 255 255 255 255 255 255 198
    255 200 255 255 58 255 237 255 6 255 255 6 255 240 255 255 179 246
    255 18 255 255 255 185 237 255 255 255 184 44 164 255 145 255 255 54
    255 194 171 255 157 255 255 244 255 243 255 255 255 242 36 255 255
    48 255 255 255 255 147 255 28 255 255 255 255 89 255 255 169 255 14
    222 20 139 255 255 255 255 243 255 255 255 236 6 198 242 73 40 255
    255 255 161 214 134 20 206 255 143 52 255 153 14 66 26 97 255 255
    109 100 255 255 200 248 103 194 161 226 255 255 81 255 255 255 112
    255 255 255 220 212 255 255 255 150 131 194 8 255 255 124 255 255 78
    216 6 255 131 255 255 151 255 255 255 255 255 236 155 2 255 71 72
    255 255 233 129 255 96 216 255 220 69 224 60 97 255 62 18 255 12 202
    121 255 204 255 255 200 107 255 255 232 26 255 255 255 54 255 142
    109 196 255 255 255 255 255 220 12 125 32 255 255 10 255 10 56 255
    198 255 255 255 255 255 14 190 162 255 202 152 73 194 54 255 255 255
    109 173 255 255 252 255 113 252 116 171 212 255 255 93 94 255 18 255
    255 159 255 179 151 72 255 255 255 255 255 255 255 255 255 255 34 18
    255 255 255 202 65 255 255 79 222 255 248 255 255 255 255 255 255
    100 255 255 255 255 255 172 255 255 255 255 255 255 255 143 245 171
    255 235 255 255 255 255 255 255 255 83 255 255 255 255 255 151 34
    206 228 100 255 255 255 255 255 255 255 18 152 255 255 26 26 255 124
    137 190 235 255 175 255 255 255 255 171 255 100 212 93 255 255 56
    255 255 85 88 255 175 255 173 255 255 255 255 255 8 255 229 204 255
    255 255 255 192 255 73 20 255 192 235 204 252 255 255 206 255 202
    255 154 255 202 82 210 248 255 30 175 247 255 4 255 255 255 68 255
    238 222 255 255 108 218 255 255 255 255 255 188 4 212 52 255 247 255
    163 255 255 179 162 255 91 255 255 255 255 255 255 66 255 113 255
    255 65 255 206 255 255 0 255 255 28 255 88 255 67 62 155 218 168 61
    255 42 175 255 255 61 196 168 226 255 255 255 161 36 255 192 130 87
    165 200 255 255 174 159 58 255 121 255 8 255 14 239 255 151 104 81
    34 255 153 255 255 93 22 225 255 255 182 255 255 98 85 255 98 52 87
    148 139 255 162 255 255 98 255 255 255 238 107 138 255 255 110 255
    155 255 255 255 106 255 255 204 255 255 98 30 255 255 255 131 16 56
    255 255 143 255 146 255 255 255 255 255 229 255 255 255 255 255 255
    255 105 255 255 93 222 255 62 8 206 255 158 255 252 255 255 202 212
    255 97 255 234 255 255 143 255 255 113 255 255 125 255 160 255 255
    36 255 255 255 186 115 255 255 255 255 255 200 66 255 149 255 255
    208 255 79 255 255 255 18 255 127 255 60 22 255 106 255 46 134 255
    89 178 127 255 255 105 91 253 255 255 255 14 115 208 8 255 255 69
    254 84 24 103 243 167 10 170 14 255 62 255 157 255 109 250 255 145
    255 10 6 192 12 255 58 132 255 32 4 34 131 255 46 255 8 255 135 255
    255 185 94 255 34 255 255 255 255 42 218 255 165 255 255 14 2 78 255
    255 255 214 255 237 32 255 255 42 81 10 255 255 225 255 123 54 255
    255 255 255 255 255 83 255 86 83 255 70 153 255 227 48 255 243 255
    244 22 111 206 255 255 255 255 255 255 22 255 18 255 79 255 24 255
    255 126 109 255 66 255 196 255 236 204 229 79 255 255 135 26 134 255
    65 255 109 255 255 255 255 255 255 147 156 52 255 255 255 36 255 81
    52 235 255 255 255 141 255</data></your_img>
</opencv_storage>
