<?xml version="1.0"?>
<opencv_storage>
<L2_diff>4.3471234166975291e+03</L2_diff>
<test_img type_id="opencv-matrix">
  <rows>100</rows>
  <cols>100</cols>
  <dt>"3u"</dt>
  <data>
    62 210 171 36 156 193 217 64 61 108 84 167 158 211 13 41 138 149 133
    185 174 196 209 140 79 81 250 73 185 206 55 196 55 110 99 158 14 57
    81 201 16 47 70 122 197 142 25 195 221 6 67 242 181 204 217 231 240
    232 35 236 251 79 96 208 168 114 115 30 93 88 66 151 230 203 45 133
    110 162 235 121 158 57 60 237 174 207 190 66 55 124 163 247 30 127
    174 255 138 66 127 192 101 81 154 195 50 47 7 236 116 27 132 202 85
    85 52 6 199 83 88 151 184 118 214 125 162 213 84 228 204 233 210 182
    35 190 69 187 126 141 39 173 187 47 223 166 25 95 27 99 179 233 208
    181 50 104 177 47 26 207 214 60 17 209 32 200 177 230 79 168 242 205
    245 120 183 181 3 138 242 240 191 72 204 195 16 83 196 126 31 208
    152 142 9 178 2 101 190 199 114 15 163 230 111 151 23 16 168 233 115
    108 76 239 213 95 206 225 196 102 151 118 164 165 219 51 26 237 254
    13 153 240 85 221 209 253 159 92 5 204 120 66 74 212 170 182 250 99
    112 97 33 78 182 192 127 209 241 151 17 159 151 196 232 171 246 128
    135 254 216 58 104 11 48 31 206 114 242 147 252 105 206 120 246 24
    136 79 209 251 167 166 155 50 128 54 209 234 84 242 210 174 104 196
    84 78 94 136 99 150 27 49 183 72 214 4 160 126 37 107 76 155 127 221
    80 79 165 63 170 127 155 69 200 161 255 50 175 137 68 173 51 83 113
    225 69 69 44 43 103 254 28 141 186 88 186 70 114 108 52 98 161 91
    160 128 61 241 140 237 95 53 138 187 255 45 198 214 59 188 36 23 186
    85 4 103 156 152 137 18 16 255 173 1 128 9 89 177 143 216 71 180 79
    237 184 82 78 15 66 92 116 100 233 202 78 159 249 160 76 186 81 91 1
    89 10 65 245 165 159 194 128 91 199 197 90 236 102 19 188 34 92 169
    37 146 28 254 73 53 248 108 197 232 174 9 143 181 255 142 223 59 200
    184 216 179 133 245 51 73 29 129 27 230 22 184 32 197 186 81 5 215
    234 160 190 128 207 43 197 217 177 79 110 142 32 126 220 32 180 110
    97 33 49 172 199 185 12 84 209 113 74 91 201 104 220 38 192 139 31
    155 73 218 53 204 2 186 232 211 204 197 138 195 107 138 155 104 153
    163 142 178 209 35 238 2 213 157 188 42 194 245 169 206 109 237 220
    96 29 63 173 6 252 175 61 64 52 208 244 210 140 232 43 197 6 159 170
    85 154 227 214 5 52 242 97 218 169 48 243 104 211 54 173 170 213 80
    170 242 22 151 214 57 246 124 138 168 41 56 92 108 241 240 216 18
    112 199 9 206 119 238 88 123 248 210 198 244 78 215 254 21 13 203
    198 226 79 72 209 97 114 27 125 240 217 30 105 86 228 221 164 191 23
    18 39 13 146 196 5 21 239 62 237 233 80 173 206 251 249 117 160 204
    231 119 89 64 247 32 36 45 184 105 88 95 122 118 100 90 211 16 57 22
    182 245 80 211 12 196 133 109 45 13 233 173 248 158 122 43 22 242
    240 37 220 132 155 182 22 20 99 61 124 42 33 169 111 203 196 62 22
    225 174 202 166 124 40 125 252 169 46 205 251 77 241 125 87 31 82 92
    13 209 221 213 203 155 59 134 198 109 236 25 67 215 148 199 44 199
    175 85 24 103 65 184 75 207 107 111 46 21 130 105 64 165 163 159 217
    88 92 150 152 114 44 70 232 242 67 243 41 164 187 146 192 83 205 85
    122 161 242 235 159 164 38 76 162 99 26 91 199 212 69 130 8 100 84
    149 6 232 70 84 174 28 200 48 160 247 115 59 39 124 248 74 243 254
    247 148 235 54 200 39 211 39 89 183 27 246 98 255 129 210 122 169
    156 54 154 219 208 104 225 107 240 76 122 130 31 229 52 60 82 185
    211 183 121 25 128 84 122 105 228 5 169 81 173 6 70 71 167 31 20 105
    204 77 61 186 60 113 148 38 217 32 244 155 161 142 13 243 133 242
    137 101 188 56 153 194 132 178 167 83 28 163 198 169 170 94 217 7 56
    232 145 254 108 63 229 203 146 159 235 208 113 67 144 194 207 82 30
    63 50 55 210 214 14 127 17 242 219 54 148 221 152 184 162 139 71 112
    4 230 170 13 121 164 125 135 230 40 139 160 167 206 61 122 128 55 28
    236 178 207 154 65 2 191 33 224 195 115 75 255 171 30 12 101 41 162
    250 205 99 243 147 250 83 152 1 150 96 107 98 81 190 1 117 59 38 10
    236 94 248 41 39 134 84 182 214 168 138 23 241 105 115 229 54 44 157
    57 233 58 7 24 231 238 69 43 43 158 68 102 17 69 100 70 87 17 251 96
    55 227 46 178 64 97 71 168 22 23 239 200 189 57 221 240 82 183 84 6
    196 210 243 120 140 170 103 200 113 244 190 248 172 75 34 242 191 12
    37 233 226 137 46 133 126 103 215 243 121 212 151 220 84 36 85 195
    210 155 245 180 235 36 243 146 149 15 22 50 70 41 14 57 163 116 79
    221 232 111 166 50 58 220 122 120 59 207 90 203 126 195 9 172 178
    175 47 112 76 193 112 38 80 234 165 185 0 215 14 185 164 24 192 148
    239 148 216 188 7 43 30 225 233 245 170 139 77 173 106 168 87 191
    146 154 177 41 116 203 48 131 28 47 144 152 243 107 245 238 162 164
    19 203 191 255 5 227 89 42 17 237 137 24 25 102 81 68 18 89 156 149
    18 54 59 236 88 148 187 111 200 173 109 142 233 131 14 235 139 198 8
    132 186 197 68 245 216 216 245 133 204 90 117 217 93 197 205 90 154
    52 31 156 251 110 131 164 215 73 55 80 231 22 40 151 50 166 14 33
    124 23 186 221 61 63 236 167 181 60 181 106 112 207 239 44 18 105
    160 114 15 130 231 249 49 169 47 67 144 181 175 27 65 150 170 119 97
    20 157 177 159 49 238 30 83 147 219 60 230 66 248 17 73 87 47 55 181
    151 254 186 160 114 171 165 54 74 187 176 112 228 244 136 187 110
    217 112 219 202 36 107 254 49 54 235 241 89 219 234 45 116 191 126
    187 150 57 16 1 15 120 162 130 199 120 127 3 154 105 86 110 190 8
    129 234 172 217 44 177 170 21 169 88 24 232 160 138 214 25 236 87
    110 248 78 239 113 188 124 235 24 209 157 47 75 152 73 125 192 160
    102 171 157 216 234 106 109 9 202 11 67 128 10 233 7 144 238 173 68
    53 185 40 47 141 59 219 197 49 251 5 240 25 34 76 185 166 57 17 51
    241 20 129 91 66 89 248 78 8 183 49 96 115 98 69 19 65 76 93 149 113
    26 209 184 7 25 11 160 217 3 14 47 95 114 162 7 24 111 149 121 170
    225 27 40 19 109 24 8 188 140 180 41 39 222 151 61 109 254 225 190
    171 118 197 74 158 245 201 221 167 128 67 142 248 43 143 241 248 61
    149 105 248 213 17 65 76 252 219 190 208 162 246 124 131 42 221 140
    226 48 127 223 239 112 22 107 117 100 24 8 238 108 112 56 192 237
    239 20 135 108 75 83 189 15 113 253 77 101 201 231 32 4 194 107 159
    7 209 33 165 107 188 120 90 226 98 11 224 18 160 8 197 249 183 237
    181 37 159 198 70 142 220 211 69 251 119 37 196 158 72 88 25 130 205
    158 206 245 25 63 23 172 194 40 211 99 1 191 161 45 28 32 59 175 150
    18 222 232 78 102 179 134 203 243 148 66 77 44 173 93 153 74 105 96
    192 9 116 106 250 128 11 204 243 124 20 192 53 133 201 90 120 27 177
    84 115 46 28 39 116 212 125 149 152 36 140 78 141 31 255 21 214 248
    8 45 56 19 147 220 224 63 161 164 229 54 5 88 51 173 110 110 130 85
    53 122 211 44 59 204 123 70 20 195 205 54 93 188 191 92 116 57 93
    109 19 208 88 48 167 221 169 66 168 63 85 206 225 132 239 177 66 224
    50 7 23 96 128 193 116 183 208 40 18 77 73 144 148 69 173 138 77 176
    3 120 180 219 191 158 41 123 34 75 18 214 1 230 145 84 37 25 123 27
    227 145 165 7 39 138 101 61 142 196 103 121 31 41 140 9 33 46 188 47
    80 181 145 254 150 35 201 151 217 149 100 191 44 53 120 11 175 236
    174 94 94 54 141 42 163 96 125 18 64 37 165 14 32 62 137 172 164 105
    118 40 29 57 38 230 68 45 244 18 110 20 245 13 147 147 236 251 62
    125 5 27 17 110 51 4 205 225 245 181 234 245 114 95 202 89 160 20 87
    160 65 246 210 90 251 208 243 78 107 22 47 77 45 0 103 178 236 34 3
    187 193 149 180 105 126 212 207 126 85 36 206 20 97 6 254 75 196 156
    111 210 191 210 232 31 53 83 169 249 223 49 199 44 147 9 12 8 103 71
    197 230 95 70 120 176 181 189 18 161 29 158 195 60 215 109 30 163 56
    252 127 174 48 96 127 63 56 131 51 146 72 230 28 106 43 241 172 75
    238 81 128 62 196 131 166 19 201 186 77 179 20 52 202 210 57 119 213
    76 253 198 224 232 163 110 128 96 140 197 189 115 151 43 215 131 192
    152 168 206 175 78 193 92 65 57 53 180 238 89 200 133 5 33 237 20 97
    112 254 254 58 205 143 15 102 18 135 224 53 83 149 103 255 48 200
    118 100 213 247 137 151 90 255 17 253 46 245 140 114 129 118 12 216
    144 110 36 211 19 147 31 221 128 170 136 63 204 127 51 33 91 2 63
    135 224 100 246 130 220 23 233 188 158 33 120 3 188 255 195 164 209
    237 46 78 226 200 2 210 2 17 58 243 157 34 253 223 255 138 197 44
    114 186 109 58 11 211 219 52 168 67 145 227 142 167 112 170 224 135
    209 225 187 68 34 239 220 229 234 132 32 119 25 161 40 127 212 245
    142 254 137 110 33 149 41 210 157 163 155 96 36 109 201 29 150 225
    157 40 175 83 52 149 240 242 219 87 11 240 73 87 229 117 159 16 116
    103 210 128 106 126 228 75 250 167 209 156 210 98 68 4 50 1 163 246
    42 176 69 107 84 26 90 29 152 149 101 64 249 45 176 249 142 113 98
    169 9 217 212 35 30 68 183 123 171 84 161 170 161 155 24 4 7 225 58
    151 174 89 4 218 201 70 82 103 37 177 119 209 61 132 122 76 124 146
    15 204 176 76 239 116 143 171 50 65 2 199 232 85 248 198 196 136 255
    115 248 250 12 163 241 250 19 215 208 242 62 248 89 136 28 28 60 49
    121 216 84 186 204 171 140 196 164 238 210 175 126 175 123 201 9 117
    52 158 191 194 231 191 244 117 200 173 120 0 150 112 133 166 23 110
    31 33 58 178 240 115 119 10 184 200 100 79 243 78 253 194 116 89 55
    182 201 6 99 166 160 187 167 223 144 85 213 103 49 230 189 245 121
    81 47 140 135 201 110 249 20 161 108 126 198 28 86 232 108 59 208
    191 43 9 254 37 179 52 14 93 23 201 211 165 114 141 239 127 136 214
    234 130 201 183 170 245 30 211 40 15 69 15 217 83 33 149 16 224 239
    159 191 38 146 55 110 91 202 220 76 116 56 39 194 162 252 113 79 200
    149 74 7 87 74 24 10 173 155 45 100 168 3 89 126 90 25 97 99 216 79
    68 86 87 82 18 16 239 101 159 149 212 34 12 42 36 207 52 217 102 46
    205 234 173 50 176 146 10 202 190 210 152 197 74 250 37 130 26 94 25
    205 46 191 252 168 140 157 3 187 64 252 99 189 93 105 142 217 224
    213 217 79 9 207 79 209 11 94 212 2 157 17 88 212 152 213 161 202
    210 4 62 30 88 89 118 142 18 23 40 175 126 201 16 0 231 205 111 206
    96 167 231 192 152 22 150 23 185 215 17 129 45 53 133 86 16 185 0 16
    101 226 110 70 152 144 65 64 203 73 47 247 255 207 166 0 183 192 103
    176 243 14 63 185 246 190 27 96 71 140 27 126 199 156 254 62 60 254
    213 195 64 99 135 85 55 108 83 221 180 212 148 36 5 137 253 138 8
    134 152 45 55 91 138 6 43 225 109 169 159 19 75 52 238 166 242 147 3
    61 80 117 200 62 239 23 13 147 154 25 119 119 80 166 12 197 116 100
    88 120 254 211 237 185 140 239 122 236 75 238 48 15 188 245 214 181
    28 119 108 227 101 191 133 244 2 236 161 20 2 27 52 94 139 204 250
    125 220 139 116 66 52 178 241 175 233 109 152 210 72 27 106 155 70
    184 161 93 103 138 131 242 143 22 206 137 219 168 34 21 113 14 46
    118 179 18 176 135 9 213 194 216 74 248 201 120 19 187 80 111 181 56
    78 120 59 251 120 171 8 50 16 236 205 180 58 50 202 122 147 165 236
    56 170 152 133 91 77 13 75 182 47 97 198 91 183 208 171 112 159 211
    116 214 70 25 202 23 118 85 219 237 8 165 185 139 25 234 177 131 152
    64 32 78 116 68 90 43 69 31 78 30 255 21 42 25 52 168 74 209 110 174
    41 233 149 127 27 130 67 183 46 87 81 236 89 248 236 101 96 110 92
    218 22 61 194 210 2 129 95 133 152 42 125 160 4 253 25 233 79 108
    121 231 197 172 28 17 14 224 224 254 152 46 120 175 239 142 71 3 240
    225 10 44 185 197 10 11 210 182 30 164 171 133 73 194 214 189 203 49
    28 129 112 128 103 147 128 156 121 97 236 96 182 232 119 255 52 119
    116 76 208 46 45 180 216 5 50 210 156 36 23 237 98 67 72 36 183 167
    232 199 63 79 42 121 135 87 168 98 85 157 36 188 181 134 220 241 72
    80 178 239 38 128 68 190 223 202 5 46 83 162 16 183 1 114 122 28 53
    72 163 46 170 252 245 47 209 86 97 11 6 100 81 26 178 87 95 249 15
    160 246 186 122 41 11 139 217 2 205 88 183 200 92 83 35 176 69 94
    229 240 73 51 51 210 209 20 102 67 197 72 78 127 15 155 9 65 153 55
    123 109 183 191 8 19 176 187 174 0 30 149 45 92 66 222 125 253 233
    47 127 143 117 173 166 66 205 195 136 162 217 229 36 69 178 161 87
    94 115 4 207 16 51 230 151 146 192 108 206 150 153 242 133 9 121 245
    240 169 100 128 90 124 192 49 151 248 66 168 251 228 39 30 52 141 11
    192 87 189 24 53 84 200 211 62 86 108 231 58 218 53 6 2 53 47 214 36
    141 219 160 60 51 183 155 86 185 184 69 82 135 13 172 46 54 166 244
    199 156 155 97 208 172 235 71 16 27 224 88 220 92 230 145 88 208 59
    25 136 117 11 49 161 96 214 29 241 71 236 0 83 19 75 178 112 250 185
    41 140 248 145 91 254 88 188 249 12 201 19 231 165 202 165 185 122
    27 135 244 179 212 243 115 118 246 243 127 135 46 82 191 146 11 129
    248 4 230 248 158 67 19 163 226 51 37 119 42 119 69 93 39 112 171
    248 36 218 28 191 114 24 124 31 209 79 174 101 145 244 163 156 56
    171 68 144 15 246 146 43 43 168 124 42 19 91 189 18 197 47 126 240
    197 32 14 221 16 65 234 234 94 38 156 29 60 243 222 239 101 78 64
    175 62 127 74 194 254 162 81 112 176 222 34 222 81 168 181 227 105
    174 135 224 245 199 102 190 201 151 93 150 132 95 116 220 103 173
    199 144 123 237 251 41 241 32 88 54 183 239 51 240 197 246 118 242
    160 156 124 245 99 70 239 61 61 137 251 27 107 21 248 119 219 209
    112 168 196 236 202 118 226 11 16 229 23 220 8 119 250 192 62 99 54
    70 8 70 229 253 0 231 23 213 125 255 120 96 253 60 238 85 125 83 180
    244 214 171 107 66 73 192 157 194 131 126 229 229 129 156 217 129 4
    63 180 148 143 248 79 99 133 113 163 17 23 238 81 13 235 229 9 37 37
    135 12 144 241 88 198 182 37 122 35 191 33 124 247 199 75 78 36 194
    114 83 16 78 88 150 57 18 127 12 191 134 212 230 56 82 136 113 83
    232 189 130 93 88 200 142 3 195 170 99 67 55 72 94 30 44 84 126 244
    160 40 195 219 119 97 204 250 13 77 17 239 64 33 224 136 228 0 49 28
    59 57 25 170 34 129 249 190 200 190 255 78 50 202 45 105 70 140 228
    79 146 243 100 60 191 41 138 20 161 62 28 196 173 163 220 10 64 55
    169 93 144 87 66 188 6 58 183 105 56 120 161 202 99 7 24 152 117 43
    167 185 123 225 157 131 222 73 170 139 225 69 123 12 74 74 165 218
    192 7 128 122 187 208 69 8 183 212 65 79 189 194 227 54 80 24 147
    138 16 31 16 253 252 53 245 201 206 214 222 21 211 155 79 56 163 249
    128 210 178 217 75 167 247 103 21 173 238 123 14 138 62 121 231 181
    116 237 15 11 83 106 100 23 122 107 49 92 135 114 51 112 56 98 236
    151 52 29 205 49 33 221 108 103 83 111 46 183 67 132 149 78 194 106
    28 10 232 126 87 228 99 181 100 198 173 171 222 26 4 75 12 193 169
    215 135 187 251 124 127 97 181 250 238 187 61 111 96 43 198 250 9 43
    3 135 40 59 41 194 68 71 65 89 58 25 32 225 230 192 213 240 106 81
    219 52 202 224 173 131 47 115 176 151 85 185 177 137 3 155 160 162
    170 122 123 9 64 99 204 156 99 152 79 160 249 15 116 11 246 183 113
    22 20 151 58 123 169 91 102 28 13 53 136 111 123 74 147 201 221 10
    251 189 4 125 221 8 246 170 53 92 168 146 88 198 15 133 239 48 49
    234 215 144 177 63 131 113 245 247 197 225 124 175 253 43 30 126 57
    253 159 45 15 100 128 170 235 254 164 163 171 110 50 60 140 207 137
    93 97 2 121 224 243 68 57 121 107 121 96 27 248 157 155 95 165 80
    191 36 195 98 250 120 10 180 152 231 124 106 93 141 111 99 237 218
    44 79 32 228 41 73 1 88 130 127 166 133 81 74 37 66 94 157 187 68
    111 0 118 71 140 182 190 82 147 71 203 205 135 226 8 252 64 240 187
    150 164 37 103 165 183 71 29 15 253 114 78 120 105 112 115 124 88
    200 123 87 228 128 166 79 76 200 74 109 159 60 82 104 239 92 196 61
    169 141 150 37 218 104 38 129 87 142 37 8 100 100 41 164 49 254 242
    7 221 159 10 237 193 19 85 213 185 100 82 246 213 183 145 76 120 92
    16 220 66 36 46 56 82 71 119 187 107 27 230 166 38 107 31 54 212 255
    108 148 74 228 58 125 248 224 185 24 201 192 186 239 25 116 74 215
    112 122 109 230 117 135 245 200 69 166 55 90 23 203 83 145 146 19
    245 174 74 98 255 105 217 49 219 112 141 131 7 16 103 244 77 237 131
    160 115 103 223 52 242 15 176 238 26 185 222 248 33 242 35 127 179
    154 126 93 151 145 28 146 23 225 61 56 127 138 207 90 1 101 117 34
    106 223 243 233 53 250 108 63 7 115 237 108 5 122 252 104 52 179 232
    5 253 176 254 23 10 165 98 26 207 252 103 146 115 5 91 199 161 172
    239 73 24 139 15 200 194 52 0 150 140 173 39 158 169 66 147 108 173
    142 124 233 148 4 231 103 251 227 161 200 74 127 3 25 53 25 33 26
    236 15 87 118 228 107 249 238 137 7 85 170 180 18 176 3 40 227 148
    219 112 211 20 210 5 45 19 160 109 226 27 99 133 53 180 147 192 19
    147 217 214 43 221 203 220 210 61 107 92 13 202 226 145 139 177 208
    17 107 131 124 77 109 24 75 62 48 234 87 95 30 226 55 23 144 53 119
    150 105 170 82 191 137 0 225 170 204 116 61 67 248 187 121 104 249
    110 174 235 50 109 81 150 144 240 65 144 154 47 207 103 25 3 74 160
    61 52 232 65 156 4 184 237 87 198 69 245 29 133 91 142 86 189 8 188
    233 143 197 43 107 192 12 245 37 31 176 173 202 141 168 84 154 71
    142 186 155 153 61 112 155 247 219 222 113 20 85 73 162 197 37 28
    113 242 225 142 14 187 175 50 75 252 51 19 255 165 52 202 151 54 160
    54 228 152 156 146 90 224 82 254 226 146 81 240 244 100 58 251 223
    212 104 134 19 84 234 40 195 119 174 210 143 57 203 59 12 187 176
    107 96 160 44 111 27 67 209 121 105 210 147 198 188 181 28 226 97 44
    59 137 99 11 156 253 131 8 240 122 170 244 213 150 133 69 6 255 56
    196 32 233 189 138 62 72 186 249 172 32 3 41 41 22 64 108 228 231
    238 86 6 30 23 35 78 117 74 215 101 212 126 196 50 203 183 166 241
    202 155 198 253 116 139 12 169 130 139 14 28 170 187 112 161 57 28 5
    225 57 84 177 138 225 255 186 202 173 34 31 179 23 156 202 238 115
    129 162 13 243 238 68 139 42 28 31 92 247 154 126 198 58 133 253 122
    86 110 46 146 101 158 233 152 208 107 253 177 56 212 15 145 219 132
    17 240 40 34 160 141 116 55 27 134 210 56 100 82 129 0 157 231 159
    101 248 42 241 230 186 167 157 126 150 75 190 64 33 10 92 131 100
    137 106 110 48 186 72 178 232 97 186 211 77 36 31 222 162 45 133 12
    24 153 28 0 196 96 94 9 12 79 115 141 15 122 28 59 67 76 44 109 189
    28 8 75 102 40 207 165 217 117 147 160 189 66 134 37 246 78 71 131
    210 146 63 151 8 136 62 143 180 113 175 147 158 24 7 132 162 151 228
    148 0 35 119 248 192 174 146 244 217 2 128 57 124 175 171 152 90 14
    216 226 212 124 47 182 29 85 70 111 59 167 119 70 30 9 197 193 226
    81 240 86 29 116 146 39 60 22 17 46 46 191 103 39 93 55 250 113 157
    99 72 21 112 57 131 221 236 243 137 29 218 195 153 254 49 233 9 232
    251 14 132 183 235 180 187 245 48 81 22 16 103 107 95 171 100 161 53
    222 187 216 76 169 209 193 80 170 136 194 182 176 214 152 254 216 39
    136 19 135 48 197 111 240 214 161 107 39 233 227 155 54 159 9 203 95
    125 103 188 221 58 203 8 114 171 201 58 229 214 194 242 103 224 19
    200 17 117 80 109 90 241 157 107 4 62 168 71 120 159 229 103 228 92
    168 159 24 249 91 121 32 165 166 118 37 249 236 44 83 219 196 0 77
    91 127 181 56 61 250 103 49 93 59 214 7 193 62 31 11 205 144 149 245
    202 244 18 180 251 96 67 57 71 206 134 255 117 247 9 224 110 198 170
    208 38 107 187 111 120 252 116 208 214 126 21 48 96 168 178 129 132
    110 88 198 105 141 114 130 169 232 86 170 64 183 116 187 45 71 91 51
    135 170 241 31 143 2 105 165 157 108 66 90 114 164 162 169 240 52
    135 197 85 113 80 44 76 48 111 210 179 45 178 229 141 211 190 83 126
    70 180 151 57 20 133 94 146 9 40 237 156 40 218 229 247 107 151 92
    154 253 87 229 177 19 50 239 248 62 135 228 160 26 158 225 242 132
    116 95 113 206 77 204 207 70 63 180 67 199 233 61 133 159 119 115
    183 119 33 27 203 235 155 46 231 161 119 113 195 82 237 67 51 161 75
    34 218 190 182 235 142 132 217 41 153 125 71 212 28 40 153 57 124 54
    60 71 173 182 202 209 234 1 55 104 40 228 233 75 70 121 69 181 176
    47 116 228 149 28 19 199 254 219 0 105 85 160 169 99 70 247 94 176
    91 187 52 168 180 45 240 228 149 32 119 21 198 64 237 34 236 209 219
    242 221 243 182 233 11 19 88 232 29 26 38 93 37 22 8 198 40 38 80
    130 158 211 195 249 70 71 188 30 143 103 88 79 220 89 127 107 94 224
    206 252 166 26 57 144 142 62 138 11 55 99 100 106 60 237 3 184 82 16
    213 157 46 183 65 182 26 110 199 197 39 37 129 210 199 179 204 214
    252 53 159 95 123 13 104 135 71 1 70 93 211 213 1 83 203 220 34 85
    163 117 50 29 199 123 34 213 114 231 127 3 78 78 60 205 23 255 57 47
    255 24 152 27 160 119 40 66 146 185 249 198 36 75 154 179 156 11 229
    205 87 185 253 71 171 192 167 154 133 70 244 65 245 253 131 211 132
    163 157 101 125 172 252 216 101 243 223 29 44 18 37 86 46 19 70 233
    217 199 2 210 140 94 1 144 1 135 184 215 174 164 78 134 115 229 195
    144 87 224 236 202 228 6 205 145 9 41 144 82 228 205 25 88 20 80 205
    70 172 172 87 148 54 176 47 22 90 110 37 140 138 206 204 96 185 101
    188 7 42 228 23 199 138 148 1 226 83 156 135 111 247 177 86 136 156
    117 37 90 148 170 139 151 207 129 66 160 85 242 177 7 113 114 253
    179 241 117 109 180 72 230 187 141 207 141 19 78 63 182 252 147 219
    193 144 175 140 184 5 67 208 13 75 137 62 29 116 138 99 210 60 23 86
    69 92 162 33 164 29 125 250 194 49 83 119 253 49 35 247 185 238 173
    28 237 39 75 73 108 207 130 116 191 210 249 21 171 170 62 206 210 64
    215 7 192 132 39 184 77 231 187 44 148 177 80 160 103 71 160 182 238
    124 174 19 145 104 203 62 63 17 39 100 28 163 151 136 41 216 2 159
    198 4 64 190 91 226 68 199 137 40 28 1 174 162 185 97 109 50 15 53
    88 39 175 82 142 109 42 25 193 88 38 58 217 111 184 1 100 213 63 91
    80 27 75 165 219 111 171 17 114 191 34 76 215 4 149 7 222 216 110
    175 247 143 46 46 227 246 101 47 169 248 26 31 52 149 196 188 151
    196 86 155 216 64 160 255 85 149 32 193 120 62 211 52 23 59 56 28
    215 236 238 222 101 219 50 199 109 73 222 32 97 156 17 170 87 25 232
    7 5 206 49 58 236 200 131 27 146 197 91 84 108 168 153 242 213 34
    132 74 38 168 77 216 147 184 171 244 109 216 3 157 251 138 238 102
    41 25 24 57 196 105 147 217 12 105 66 160 97 108 40 62 230 194 196
    78 249 27 239 45 110 128 209 169 2 145 118 254 191 112 224 14 144 34
    33 30 215 37 134 13 177 46 0 29 209 147 188 54 169 244 21 5 98 38 36
    211 54 237 77 161 223 114 208 236 23 40 221 197 24 8 114 76 192 213
    92 19 251 254 170 140 54 193 212 153 159 233 185 173 65 207 232 201
    210 89 180 140 99 63 65 140 179 80 222 191 183 79 243 67 68 194 108
    95 12 107 0 186 88 207 230 193 51 151 57 208 172 60 77 193 236 59
    186 195 201 74 249 196 116 135 236 246 136 108 45 146 69 28 169 171
    145 252 68 117 20 69 131 136 205 76 123 234 11 63 88 218 227 56 234
    182 33 143 190 116 206 139 74 35 196 162 225 157 23 28 55 125 47 171
    198 254 13 65 243 233 204 28 235 198 92 152 99 74 79 140 88 203 249
    238 75 135 28 194 216 114 161 120 159 183 27 101 222 238 50 88 126
    17 11 95 251 150 187 177 62 56 166 40 156 232 217 113 54 129 70 61
    31 56 106 51 113 167 230 40 208 222 109 170 235 182 78 162 0 169 233
    24 94 11 224 137 136 82 112 251 204 255 120 215 214 243 172 188 77
    218 169 99 200 145 247 155 166 66 233 213 249 63 251 93 116 186 67
    155 178 207 110 223 80 1 4 184 10 169 4 104 215 233 116 217 139 140
    198 237 220 88 47 35 153 196 237 147 83 109 22 118 112 85 7 40 125
    157 102 95 241 129 125 105 36 78 249 118 252 173 28 144 236 56 202
    28 148 244 188 129 212 209 77 208 232 90 42 188 18 60 230 163 253
    237 30 95 37 194 112 245 104 104 212 44 216 77 70 68 51 113 122 110
    30 40 81 48 181 35 51 160 153 249 51 142 153 132 150 100 116 225 172
    109 241 98 7 97 204 178 54 225 44 14 147 241 132 82 114 69 137 139
    30 5 75 96 54 85 154 159 200 186 165 144 22 171 177 15 141 142 200
    72 11 25 225 34 10 139 195 129 138 255 176 185 104 233 135 196 3 200
    59 33 182 76 0 74 113 133 177 82 110 134 27 120 63 61 82 75 238 40
    223 77 2 245 39 67 198 207 80 154 230 5 91 122 218 171 20 212 247
    125 144 56 68 250 204 43 33 14 96 168 31 187 207 85 173 10 98 103 90
    206 190 127 251 112 167 35 22 244 224 150 79 20 43 103 70 160 73 202
    236 155 32 5 221 196 207 146 177 3 155 164 141 56 104 79 234 169 66
    138 75 193 230 251 109 94 75 211 192 193 142 47 69 38 166 139 236 63
    99 38 53 76 24 196 69 32 176 76 93 9 127 162 232 240 213 41 67 110
    48 5 213 212 150 33 16 227 165 97 235 125 204 120 191 173 52 208 128
    169 100 192 212 180 225 241 176 51 124 86 45 160 181 139 219 100 250
    8 121 44 40 176 134 82 64 157 90 148 57 206 32 217 65 157 235 178
    100 210 144 152 115 113 33 75 249 249 108 197 237 14 15 224 157 176
    33 151 251 173 134 86 169 235 221 1 196 116 76 239 73 206 47 136 92
    155 168 50 227 173 94 14 119 117 238 16 246 226 245 30 163 50 85 135
    185 225 11 184 154 103 132 16 208 174 155 58 119 159 227 19 252 147
    173 140 9 171 79 61 218 37 227 139 136 36 157 10 0 181 98 116 43 238
    36 77 87 95 253 0 15 63 252 14 175 246 227 47 204 98 230 82 146 114
    217 115 46 166 30 144 30 158 31 97 117 39 133 138 26 119 111 83 153
    255 34 99 17 203 197 215 61 245 146 188 65 53 212 117 60 70 190 116
    190 178 158 255 115 177 73 217 152 111 174 7 11 85 21 75 112 118 224
    203 14 50 241 178 101 76 237 234 5 2 49 68 125 16 189 216 72 88 166
    253 41 29 136 136 49 242 166 211 123 19 163 106 101 118 106 251 52
    17 53 96 49 43 83 215 220 221 77 9 53 161 200 3 195 135 62 201 159 2
    154 95 249 254 78 187 39 31 172 49 111 52 1 169 23 4 207 176 95 17
    55 228 5 190 179 47 222 53 10 216 113 228 30 227 176 1 219 82 166 74
    195 180 18 202 177 20 3 205 206 105 162 134 42 139 194 113 50 90 79
    31 168 125 153 249 148 128 75 230 216 192 34 40 173 58 105 150 168
    204 75 193 125 37 78 140 148 24 193 192 156 163 134 40 255 129 214
    196 69 40 180 209 145 204 119 92 36 132 211 139 214 8 228 0 133 161
    148 60 56 223 220 112 172 92 122 60 251 12 100 138 23 22 88 173 162
    242 215 19 120 97 58 151 143 83 191 203 225 144 160 157 165 119 63
    165 75 15 53 226 98 0 176 102 55 83 127 246 143 114 68 4 230 39 51
    75 118 222 42 94 241 127 170 153 231 10 195 63 96 250 177 246 250
    163 59 82 142 149 125 192 228 228 109 195 41 111 148 16 254 11 99
    221 141 152 23 7 38 65 76 96 210 218 102 31 86 121 179 167 205 105
    140 63 153 204 120 12 157 235 29 3 228 7 4 209 185 60 87 141 185 146
    26 54 52 200 93 64 164 17 89 161 85 230 19 53 192 26 59 104 17 183
    95 182 114 202 202 13 233 223 29 233 118 184 120 136 15 128 37 155
    202 138 4 32 51 72 2 112 243 222 155 141 84 160 185 129 104 207 62
    56 64 68 13 197 164 48 52 214 5 247 74 36 8 46 103 218 26 128 254
    165 126 23 171 113 223 74 190 19 141 13 126 63 130 74 2 59 202 4 119
    180 118 34 111 42 91 246 180 28 181 251 225 11 94 62 140 64 185 166
    64 54 33 230 30 157 179 208 238 228 81 54 115 168 174 123 112 214
    240 112 100 131 213 73 155 20 72 23 115 222 134 74 51 193 43 78 131
    96 62 53 74 44 205 39 86 245 251 175 39 117 122 38 72 81 87 35 84 45
    224 11 47 152 58 210 130 59 57 230 65 106 26 129 87 188 94 63 200
    142 35 59 25 99 70 48 237 160 146 239 65 20 25 113 52 75 32 250 148
    88 208 145 89 233 93 99 249 120 53 101 86 153 129 255 221 27 171 135
    235 93 157 99 197 230 219 7 242 79 233 91 43 175 52 245 25 64 130 16
    128 236 206 239 137 1 13 167 40 224 92 143 225 47 38 16 67 90 102
    177 165 109 13 177 180 43 143 155 13 42 123 62 67 226 30 154 214 136
    200 201 198 182 112 29 114 201 223 133 59 201 62 229 81 158 156 107
    63 24 148 17 2 174 4 93 208 99 3 69 213 230 30 108 140 194 208 149
    133 114 176 126 255 60 48 199 86 76 20 245 97 74 162 70 141 195 161
    184 212 223 34 193 245 38 34 48 181 223 250 191 214 188 135 24 22
    180 40 246 176 28 111 20 149 144 115 66 221 247 232 73 216 141 199
    82 123 15 122 215 89 252 75 230 223 223 104 132 248 157 223 185 153
    117 65 93 243 105 238 209 154 157 132 59 139 167 153 96 197 129 183
    78 48 6 130 47 52 17 158 117 103 129 177 130 23 35 97 210 128 149
    194 49 74 136 236 199 219 195 104 178 35 252 152 152 232 12 26 193 1
    54 20 31 169 139 44 5 235 21 122 162 112 43 24 161 130 130 220 113
    110 172 74 99 11 22 21 47 67 10 87 115 96 101 131 198 187 246 206
    243 165 101 5 48 185 164 140 190 154 24 74 197 235 241 21 83 147 245
    142 171 165 69 76 36 230 127 225 139 68 209 17 24 43 143 0 188 26
    113 79 138 148 144 140 219 104 22 242 105 167 160 157 218 203 156 30
    55 238 117 200 15 13 243 116 238 48 160 16 2 93 40 165 85 181 40 243
    63 243 201 213 55 130 65 67 52 238 195 24 82 135 201 252 194 239 101
    164 15 54 147 189 138 94 196 202 84 156 6 136 163 7 3 124 16 107 23
    81 191 2 131 138 80 188 209 22 157 129 5 94 1 156 26 225 84 24 202
    204 11 243 66 94 246 59 230 208 0 172 32 159 144 123 93 248 218 144
    46 93 79 5 84 108 236 240 34 234 242 228 168 251 6 90 188 207 243
    195 175 223 108 135 227 31 215 182 191 8 236 153 7 225 232 42 98 68
    26 122 188 203 50 219 74 87 113 238 143 130 244 36 74 61 116 144 215
    7 74 129 67 211 233 111 115 228 177 46 254 159 30 171 19 95 219 35
    121 25 243 175 176 46 229 129 114 244 240 91 86 209 245 219 8 160
    224 212 178 241 237 37 159 151 255 56 150 79 135 142 177 213 63 2
    116 43 231 94 32 244 143 46 243 90 239 236 109 130 121 200 238 201
    196 104 28 71 192 53 173 47 127 122 194 87 26 128 116 254 126 48 151
    9 34 124 106 205 57 214 212 185 39 110 97 72 83 149 52 25 239 60 106
    191 175 252 248 46 16 220 32 144 220 158 223 43 160 205 18 245 38
    103 44 157 31 159 160 111 223 34 218 66 147 215 33 1 18 36 177 215
    78 111 101 63 7 134 92 121 151 231 164 134 117 31 217 195 152 144 1
    54 157 66 77 74 125 52 201 120 44 162 248 209 207 44 98 88 156 167
    183 197 219 221 22 116 157 58 80 225 152 230 2 201 161 76 47 211 40
    214 6 33 36 242 183 47 85 46 182 150 159 177 57 68 60 59 56 74 2 77
    7 155 3 162 135 12 126 242 5 78 25 178 42 34 138 180 90 48 166 61
    116 54 105 114 31 63 127 42 30 181 244 221 19 120 49 25 74 14 71 233
    34 86 241 227 231 27 81 64 11 168 216 99 78 81 134 240 200 242 180
    73 175 128 106 67 20 63 119 76 188 16 89 65 97 207 93 135 51 19 26
    209 88 222 66 229 89 192 5 147 6 122 212 99 222 15 137 119 203 6 238
    4 71 37 204 5 215 184 164 37 254 144 114 246 21 201 142 209 209 251
    125 42 45 223 242 156 38 176 18 187 44 184 101 74 86 162 110 230 151
    143 104 84 137 60 58 57 216 137 64 177 141 128 122 69 128 245 20 253
    143 247 161 171 123 240 171 192 227 92 107 1 176 175 208 17 213 72
    200 35 196 202 174 47 88 154 44 94 84 50 83 87 54 250 180 179 31 224
    204 57 170 143 145 90 138 35 33 23 109 49 211 126 202 233 157 120
    207 62 70 123 24 89 240 108 195 85 74 216 56 146 178 158 61 239 10
    79 96 56 217 226 200 125 143 9 165 219 113 109 79 195 67 61 58 148
    191 155 217 8 125 17 121 107 189 5 214 114 178 53 79 42 156 179 5 95
    249 141 25 103 227 227 82 109 148 248 52 180 61 80 162 124 242 168
    33 41 89 73 16 28 87 19 202 209 81 32 255 124 202 74 213 194 87 36
    45 169 183 238 40 7 234 182 0 199 61 16 75 199 190 48 51 168 186 113
    221 45 40 156 130 61 250 114 207 67 251 237 188 150 121 30 240 237
    20 85 29 113 114 150 179 249 218 98 240 23 15 248 103 91 197 74 229
    113 243 116 253 181 106 222 95 190 55 71 82 159 219 15 230 145 110
    119 130 84 66 91 77 15 85 192 128 13 250 28 42 13 255 225 119 43 125
    127 153 193 34 56 54 142 129 250 237 1 200 104 210 66 205 116 212
    133 37 56 183 250 167 116 192 208 255 181 217 4 24 218 17 254 179
    232 165 196 244 131 229 121 222 237 187 28 37 171 42 220 62 42 210
    43 229 121 77 71 139 196 3 193 42 36 129 74 164 24 137 43 12 240 125
    240 235 155 235 245 193 132 138 168 181 245 183 184 248 131 47 206
    115 2 12 219 204 166 168 253 10 71 181 161 157 212 253 140 32 172
    149 178 59 232 1 192 249 25 148 56 116 178 76 210 7 80 107 97 98 52
    203 147 116 6 200 141 118 143 44 106 240 29 191 136 101 112 16 133
    226 115 145 147 60 204 37 249 125 160 82 75 109 234 167 109 53 1 21
    202 234 92 170 18 169 129 34 238 194 20 46 88 206 57 126 54 157 101
    125 16 71 117 172 113 115 153 141 214 133 174 103 189 179 140 83 25
    218 14 101 12 46 24 230 128 217 179 173 147 100 195 187 232 3 37 182
    56 166 32 218 140 27 247 253 234 218 71 182 228 79 83 110 47 9 5 193
    106 143 76 178 243 67 182 72 63 241 24 33 70 92 72 157 98 8 213 197
    223 68 51 181 203 73 91 162 94 235 197 37 112 46 83 157 181 54 102
    98 100 171 64 198 32 192 213 45 230 157 197 123 113 136 212 25 229
    29 230 182 107 3 244 110 135 185 139 227 143 80 5 200 187 37 53 22
    10 119 166 158 157 128 136 163 203 72 141 133 98 19 53 11 201 151 49
    45 7 218 247 14 1 117 139 10 10 197 116 41 35 70 114 254 5 169 102
    116 179 61 88 166 7 232 59 167 29 113 25 54 90 19 11 132 73 154 134
    152 104 174 238 50 169 49 69 138 0 33 227 74 161 142 183 103 32 104
    145 99 184 241 101 35 93 29 75 235 148 162 128 177 189 156 124 244
    53 199 30 20 42 136 93 251 251 91 40 67 250 129 171 249 201 123 156
    129 144 136 142 180 50 181 128 197 45 51 126 51 96 253 80 192 78 7
    181 97 214 134 149 233 201 150 101 208 163 79 65 35 17 41 140 237
    134 45 186 48 105 50 53 209 223 255 169 13 147 145 87 17 190 154 36
    211 180 165 216 156 161 210 150 220 207 51 16 87 151 205 132 200 194
    173 71 101 0 29 47 34 39 166 68 19 112 173 174 25 175 92 36 207 198
    223 59 151 155 211 120 186 20 168 89 208 166 133 63 65 251 219 14
    155 39 90 177 87 70 100 192 144 164 130 142 224 228 190 208 116 105
    73 215 253 151 158 234 101 51 0 207 251 203 64 139 186 123 234 162
    177 3 209 52 130 22 34 227 134 182 62 187 76 54 68 40 170 160 240
    165 155 17 106 234 28 211 2 75 241 222 244 252 164 55 212 49 129 114
    118 138 114 72 249 140 24 242 19 179 1 35 3 18 194 106 143 45 59 177
    24 133 165 244 51 177 180 61 79 145 95 58 23 141 52 195 196 112 225
    43 202 113 241 66 151 210 178 215 114 24 128 240 234 174 173 51 100
    247 58 212 23 99 178 11 45 112 192 233 45 126 80 203 55 162 175 153
    217 236 72 229 77 94 224 62 27 225 133 228 243 40 230 125 235 217 58
    70 51 136 125 67 193 113 58 95 124 102 55 138 68 39 168 135 11 185
    132 99 85 248 255 235 190 201 116 10 74 195 48 45 30 249 198 104 215
    194 80 148 59 116 4 167 79 81 119 145 101 101 129 255 90 160 46 94
    111 175 191 83 151 68 250 117 108 129 172 222 229 122 197 84 236 155
    134 156 171 167 214 124 105 214 23 102 167 214 190 41 153 86 144 108
    9 195 66 191 195 206 133 106 251 132 164 107 63 67 235 28 107 5 21
    25 105 169 74 53 58 204 151 117 95 238 219 241 103 56 47 163 163 250
    137 54 195 249 171 177 122 86 46 6 200 38 145 77 98 71 225 122 32
    130 189 183 97 31 194 243 145 209 195 250 35 172 192 124 151 12 225
    153 86 109 203 228 120 165 156 104 47 151 129 128 40 188 137 68 161
    45 154 123 250 113 192 232 186 24 250 55 22 245 206 14 5 57 143 115
    72 81 60 213 0 97 145 216 20 5 248 91 80 100 149 243 169 229 127 210
    199 92 155 215 43 154 11 234 52 139 187 10 201 188 233 118 3 114 2
    65 135 125 60 230 121 147 43 78 74 41 198 73 185 204 184 168 136 198
    116 239 99 38 107 194 146 51 153 74 122 106 99 6 74 57 108 94 250
    190 201 89 109 92 210 17 167 111 218 185 185 36 155 218 31 194 125
    44 46 141 146 0 4 38 201 43 54 37 25 187 96 10 31 171 94 55 72 243
    144 244 77 196 39 112 249 107 147 150 18 206 140 27 214 27 163 63 77
    18 132 212 187 66 229 182 192 124 220 47 83 129 118 135 223 152 122
    136 144 141 37 232 176 198 254 113 17 175 55 65 242 115 154 16 252
    52 171 152 153 66 75 102 128 109 100 73 157 3 247 9 82 81 218 44 89
    166 209 170 85 132 234 18 38 111 230 252 182 232 173 58 85 83 209 21
    67 33 57 224 76 101 189 6 255 53 181 232 79 222 63 131 4 103 145 242
    3 241 198 109 138 126 239 91 77 55 180 115 25 182 134 195 169 3 9 52
    206 105 246 224 241 105 178 224 149 192 101 42 74 158 2 152 230 222
    163 192 199 211 155 35 144 173 195 71 233 61 187 210 40 219 47 222
    36 153 208 170 115 71 176 190 68 163 117 65 7 169 97 211 182 122 97
    166 170 31 8 130 224 155 189 84 187 199 231 124 193 200 124 36 100
    241 32 135 54 5 161 111 87 117 161 188 66 219 87 99 246 52 98 119 18
    233 48 93 93 195 61 205 130 13 56 109 240 115 110 251 130 175 31 251
    216 98 235 36 106 68 24 255 27 214 74 3 254 121 188 225 7 78 61 205
    42 60 49 144 184 204 140 241 95 141 198 15 34 120 10 35 64 24 136
    250 2 132 108 132 252 205 185 130 170 105 88 71 125 60 235 41 155 4
    135 219 194 98 217 60 50 9 78 132 170 90 234 70 240 163 89 230 80
    206 186 198 29 223 36 38 219 26 146 128 135 231 249 110 252 159 50
    57 146 70 122 186 70 108 118 151 85 237 141 224 243 93 30 251 53 188
    18 238 181 113 18 40 29 137 25 237 84 92 4 32 31 137 119 238 29 127
    95 112 164 6 69 153 134 4 152 157 243 208 74 115 65 108 89 220 249
    99 39 60 218 98 39 61 85 56 191 92 111 94 121 2 217 210 131 39 201
    87 125 163 214 165 160 84 127 36 156 44 228 30 136 117 242 175 161
    224 88 109 226 123 148 142 157 105 92 212 216 252 89 168 166 131 97
    167 180 50 211 24 82 128 119 33 231 119 139 161 176 17 30 169 217
    220 250 178 112 140 154 54 77 35 120 163 55 101 62 85 39 21 162 68
    233 117 197 171 8 185 52 17 150 36 39 255 189 197 70 124 43 233 43
    242 188 17 251 242 184 229 196 253 40 132 110 194 188 53 90 145 202
    1 29 166 97 145 124 98 237 107 10 101 218 237 248 128 185 181 85 104
    205 185 55 166 130 102 167 193 23 107 91 24 82 50 111 172 222 68 154
    166 126 245 128 212 14 4 138 71 81 30 121 136 188 236 194 94 81 19
    197 251 33 96 254 160 231 197 96 61 9 90 71 234 161 241 86 218 180
    212 164 120 250 52 184 0 16 77 50 242 142 211 102 97 71 224 162 28
    181 242 4 115 128 90 93 150 214 78 174 174 45 129 197 131 155 143 34
    146 199 130 207 17 239 186 92 118 252 41 0 22 140 59 9 212 177 18 45
    55 231 159 41 117 146 231 208 3 46 215 65 206 4 132 206 12 156 142
    29 130 195 33 29 200 97 148 91 202 21 20 226 143 99 186 254 25 160
    52 235 215 142 34 31 113 241 148 231 87 81 48 166 138 115 82 90 96
    214 4 42 234 188 77 156 67 246 108 129 58 138 140 75 184 110 185 254
    232 85 154 113 128 200 90 250 39 249 190 168 244 191 46 125 46 165
    189 56 176 134 255 61 132 23 103 25 129 219 185 193 4 159 134 134
    124 198 152 14 17 110 177 33 49 125 213 138 61 17 124 99 233 116 39
    186 210 126 144 101 48 123 226 50 150 128 201 197 158 8 219 204 216
    157 145 163 241 155 137 146 113 219 154 103 10 221 209 245 42 44 155
    60 133 35 218 220 157 38 194 204 170 58 81 131 11 209 64 113 14 160
    107 22 211 127 94 224 116 103 202 65 107 0 9 135 170 195 164 195 128
    138 226 181 201 247 160 137 36 232 243 2 79 1 159 246 35 158 5 253
    44 208 35 208 47 61 23 203 215 203 248 75 246 231 101 101 179 6 229
    13 3 80 234 140 88 152 78 196 32 221 73 86 31 194 162 24 253 125 187
    8 134 136 50 10 206 242 54 98 175 160 160 112 146 128 184 246 119
    250 18 126 14 161 34 30 162 78 86 62 136 186 222 54 216 236 192 42
    46 35 126 5 66 165 79 96 211 136 150 48 50 242 28 142 88 168 54 248
    42 214 179 12 52 4 225 95 173 162 135 56 76 251 193 166 207 200 111
    213 184 224 245 87 157 28 195 225 94 206 158 189 191 83 17 134 210
    237 241 75 119 123 27 255 244 3 192 139 152 77 117 7 23 110 131 135
    210 173 153 133 159 224 79 96 27 56 171 119 147 220 108 55 135 246
    197 103 48 5 10 69 144 60 215 189 211 218 54 81 83 169 200 92 38 246
    127 155 203 172 131 76 9 184 182 173 192 44 184 190 244 4 52 88 254
    49 240 224 165 105 193 95 2 82 36 59 17 14 123 214 237 243 199 30 37
    127 115 246 221 153 162 138 146 98 58 48 105 40 196 174 158 175 229
    135 52 67 62 19 67 228 255 65 125 232 106 176 132 168 216 202 240
    224 48 185 107 182 169 194 195 181 22 124 105 30 239 0 200 132 69 46
    123 104 48 31 114 115 111 251 165 54 76 227 251 42 137 152 111 219
    41 153 190 37 186 71 142 108 38 184 171 62 251 153 138 101 180 243
    128 218 151 138 11 35 65 213 23 12 51 83 97 69 32 14 65 70 164 99 40
    164 71 187 152 177 191 139 12 126 46 65 193 222 7 179 78 132 39 18
    10 73 131 202 79 127 112 105 127 217 114 64 197 178 24 227 151 98 19
    129 4 103 67 241 95 79 159 52 111 223 64 36 203 3 73 56 95 121 110
    41 33 38 54 116 21 136 40 253 10 171 17 214 34 127 201 238 48 60 253
    72 1 61 137 255 231 41 250 79 193 48 159 237 163 176 31 29 180 252
    21 171 55 100 31 220 141 216 107 84 122 230 28 185 192 143 37 162
    128 178 208 239 59 2 235 157 93 117 29 170 185 80 143 156 252 90 78
    68 226 155 20 20 174 78 241 79 166 76 37 113 4 192 120 210 92 50 173
    121 192 162 250 11 252 132 248 231 210 106 196 16 239 146 155 55 165
    152 249 22 150 64 79 10 12 4 68 88 135 32 44 105 20 57 30 75 215 192
    41 113 49 142 245 150 200 248 95 191 100 82 144 34 146 63 176 9 105
    80 234 191 206 226 123 167 218 8 89 142 132 34 246 253 182 228 123 3
    95 164 88 155 29 11 201 215 71 252 237 151 127 128 148 166 179 76 19
    42 119 83 0 5 251 100 96 77 173 144 111 83 61 24 234 228 69 70 112
    216 88 227 133 224 224 68 176 144 205 156 94 158 22 253 22 129 80 67
    194 32 231 204 124 245 182 163 186 46 75 118 113 136 137 0 243 38
    168 179 185 220 243 9 216 139 160 233 32 179 40 234 157 191 73 218
    68 155 175 46 226 218 80 165 133 160 177 180 23 247 13 185 5 93 251
    102 152 234 120 170 192 243 182 202 120 30 248 76 69 6 149 121 13 90
    221 14 75 4 146 101 100 73 60 52 75 36 215 172 18 194 140 188 172
    193 149 166 79 32 234 107 2 35 159 222 190 171 228 50 160 120 252
    150 151 182 60 105 76 126 142 96 130 50 41 251 217 49 196 121 182
    246 229 16 203 59 66 20 16 205 13 215 175 96 108 199 21 18 59 215 78
    50 218 204 94 165 226 35 91 233 149 149 106 193 74 137 247 207 219
    31 136 14 238 58 51 254 71 207 115 220 207 31 168 38 173 17 150 184
    231 8 194 85 125 195 221 14 112 46 47 222 20 164 199 232 85 221 160
    228 117 142 134 213 6 66 216 164 246 30 132 240 144 168 134 11 47
    209 29 107 187 166 205 196 186 60 103 207 136 65 34 231 201 132 69
    240 47 85 170 138 137 87 40 177 112 190 155 78 164 178 21 86 162 189
    132 227 7 100 221 38 171 138 174 100 26 164 54 92 65 123 160 175 162
    183 89 146 43 198 177 52 70 133 20 201 216 138 170 153 99 159 128 34
    203 197 9 205 86 96 73 64 179 65 29 175 63 202 240 248 13 247 238 78
    0 149 121 212 173 220 233 72 57 234 22 254 196 204 52 236 127 232
    224 223 180 212 0 221 57 59 175 133 253 225 21 158 25 134 37 218 114
    63 198 217 253 237 223 12 99 28 57 150 130 131 14 229 191 238 22 110
    12 247 88 210 253 195 184 117 123 195 63 44 175 87 131 24 5 212 3 7
    242 133 36 222 128 67 149 58 176 133 217 118 170 99 81 98 169 201
    206 250 55 108 254 123 109 236 136 24 173 143 215 39 252 59 89 246
    125 124 85 43 66 165 33 106 251 133 124 237 60 44 93 246 168 93 206
    144 168 227 134 49 26 162 18 108 234 82 215 177 146 138 220 183 209
    128 150 174 207 7 108 227 117 98 123 198 180 14 57 231 144 219 174
    215 93 202 101 116 207 170 69 159 53 39 151 43 78 244 142 192 23 238
    134 167 62 92 187 179 123 27 6 30 183 210 38 76 228 89 39 61 13 38
    65 228 238 198 194 76 127 112 115 180 78 52 180 178 63 184 114 201
    157 97 135 72 202 138 5 17 213 165 238 236 184 110 96 195 58 86 159
    81 216 151 77 244 194 7 15 122 73 252 59 90 74 222 59 253 246 192 3
    199 167 94 223 251 95 49 106 12 210 107 221 175 248 94 16 132 170
    169 239 198 195 237 223 100 236 32 152 181 175 117 146 8 108 156 100
    39 150 225 79 153 100 10 121 219 105 108 6 101 221 112 215 168 82 28
    106 41 225 84 1 179 92 96 104 133 102 244 144 23 162 35 165 112 225
    76 243 14 135 226 214 252 104 116 183 143 53 138 245 233 150 51 114
    254 175 209 50 255 90 128 225 183 226 60 16 33 206 194 27 48 209 48
    45 62 83 137 186 145 181 162 28 68 99 36 230 171 227 79 121 213 65
    107 48 120 95 180 95 151 7 115 107 204 31 101 49 51 44 165 228 202
    164 254 70 208 45 27 91 230 125 207 28 77 192 189 129 46 110 170 121
    250 9 102 212 131 76 89 220 16 23 72 174 248 39 89 178 50 117 249 48
    157 113 81 86 1 241 62 27 138 18 156 2 229 207 165 207 82 133 194 63
    189 246 177 191 19 245 181 93 186 201 114 120 183 72 36 72 107 162
    95 123 118 188 213 179 55 48 232 214 228 188 163 3 230 177 243 162
    173 106 114 54 28 127 80 214 168 29 253 28 108 44 134 224 116 226 27
    83 114 71 239 251 216 119 159 181 0 101 9 118 156 102 140 201 234
    169 4 254 17 12 236 253 176 117 101 154 228 51 5 177 158 183 25 40
    53 37 142 110 203 202 222 240 185 128 74 140 178 10 203 25 68 42 234
    32 247 7 61 55 244 211 42 32 163 112 64 144 174 227 97 77 148 83 147
    4 96 125 137 99 190 224 234 237 56 24 94 223 192 12 137 57 137 53 35
    59 177 21 150 9 82 12 40 114 220 245 205 115 140 190 246 59 34 200
    19 184 215 216 174 65 92 91 25 134 25 203 167 230 153 94 73 155 65
    134 197 207 80 232 54 25 45 207 38 173 20 238 40 114 5 129 127 232
    18 228 206 106 4 245 42 160 86 253 252 113 65 109 85 141 81 182 30
    216 180 50 177 48 210 218 102 25 197 121 137 61 209 222 146 121 196
    241 2 21 176 159 188 202 240 90 207 189 236 74 237 63 199 16 98 11
    124 81 72 133 162 244 227 100 160 67 159 189 94 84 149 5 189 226 120
    130 6 254 84 194 28 168 141 71 71 217 225 206 44 228 180 241 210 241
    191 244 69 190 20 167 226 169 181 36 230 127 110 16 120 4 250 204 35
    178 245 26 134 115 222 150 179 6 124 67 4 87 201 57 71 206 240 169
    249 222 175 134 144 92 43 2 5 7 137 164 96 192 102 255 236 31 150
    173 173 74 244 72 201 59 83 243 137 201 148 102 227 187 107 200 104
    169 52 6 33 212 131 206 195 153 82 62 116 66 240 231 237 231 16 240
    125 228 150 118 153 21 208 55 87 141 33 162 31 145 128 149 29 78 254
    234 50 213 64 104 31 53 41 240 8 175 224 208 211 80 82 200 232 34
    243 190 30 109 88 149 178 174 51 171 51 77 52 171 46 50 119 247 176
    206 102 82 143 225 58 71 255 27 160 231 132 98 232 39 74 90 69 108
    245 37 137 27 254 56 82 53 25 34 118 18 13 219 168 55 193 152 104 11
    213 246 160 170 116 42 57 11 70 179 168 3 70 59 7 91 86 184 250 195
    198 0 132 162 212 2 58 36 100 54 32 137 240 246 7 54 11 158 215 250
    131 133 164 239 83 221 138 178 200 117 211 116 120 173 41 192 6 246
    135 1 226 226 69 185 55 90 146 10 209 94 205 49 171 236 95 53 87 168
    165 68 237 92 189 167 169 194 57 129 30 240 200 164 245 238 102 201
    98 138 132 114 145 227 28 124 165 183 221 236 6 179 163 128 87 192
    203 24 226 151 126 221 228 218 87 4 227 51 250 185 56 255 233 182
    249 14 247 101 82 218 23 31 245 210 106 253 247 202 50 150 87 174 0
    179 161 217 129 2 154 190 111 132 197 105 103 125 19 92 217 67 44 45
    97 63 168 37 227 13 194 69 61 164 84 60 148 68 122 221 14 217 56 106
    193 45 96 243 229 203 243 84 24 245 187 138 83 17 105 254 154 53 195
    195 20 109 245 122 124 147 134 172 123 234 10 171 139 208 172 106
    113 211 119 159 61 201 179 121 102 4 127 128 67 235 199 126 217 246
    225 141 162 159 161 95 246 234 127 255 242 12 119 34 144 111 138 64
    40 232 104 36 173 160 78 30 144 210 22 221 90 150 37 229 165 135 39
    131 0 66 208 128 224 88 215 78 198 189 209 183 84 31 195 26 219 104
    169 72 71 112 3 106 39 243 124 40 39 41 80 236 125 194 231 74 230 26
    47 103 105 15 123 246 171 99 170 30 64 68 76 53 218 18 220 124 5 31
    56 3 236 65 127 199 83 1 170 221 153 211 8 228 218 2 199 115 229 109
    167 60 122 79 170 113 229 127 58 71 211 175 82 39 24 198 56 117 212
    219 220 174 129 152 123 40 0 25 30 138 209 187 25 87 57 132 1 145 52
    180 174 86 152 133 236 55 10 181 93 27 167 234 92 194 141 77 2 40
    227 177 65 222 10 223 4 236 222 64 110 133 64 139 229 196 24 9 245
    59 128 194 237 85 79 82 37 101 67 95 14 127 171 212 248 64 168 209
    64 61 245 76 245 12 83 182 8 226 44 16 215 133 239 13 172 219 181
    115 182 149 229 149 111 14 220 59 220 3 218 22 228 58 50 129 35 85 1
    237 194 130 223 30 19 27 222 167 93 147 194 162 118 115 66 153 56
    240 29 7 176 92 119 205 181 114 184 133 185 251 89 231 121 43 15 130
    59 242 134 189 120 45 150 217 225 214 196 187 249 195 39 33 250 32
    179 212 58 179 108 2 149 160 22 59 35 204 0 238 91 15 227 248 149
    126 255 93 221 39 243 233 128 206 115 110 247 12 191 205 237 143 94
    207 110 76 49 118 57 122 164 214 32 215 84 188 43 67 134 235 210 18
    110 5 111 84 166 189 194 51 187 15 173 34 250 102 14 129 2 241 136
    69 79 24 49 105 42 97 48 223 247 164 206 108 7 24 21 227 8 198 89 34
    162 125 67 103 142 7 102 30 208 40 253 116 80 102 86 33 57 38 19 214
    128 125 226 132 143 245 120 121 80 53 189 252 197 70 125 31 175 210
    211 228 104 16 90 90 209 184 90 3 46 170 16 130 118 39 9 251 227 133
    200 220 119 10 232 249 29 90 126 48 15 103 66 249 189 60 42 126 254
    129 92 63 248 117 188 199 229 209 116 52 225 200 198 122 43 4 176 69
    179 195 32 240 78 163 150 225 151 189 22 186 114 150 31 219 181 17
    236 240 92 139 25 60 13 94 40 143 13 84 109 43 240 220 203 203 129
    27 148 213 21 234 202 32 139 160 186 130 210 183 97 145 59 142 90
    163 172 8 10 28 253 6 123 90 154 198 245 7 17 230 10 195 159 160 76
    243 57 157 95 111 208 168 126 40 14 60 107 7 236 124 32 65 168 221
    217 128 197 57 186 212 227 102 11 224 245 225 97 49 186 23 194 148
    91 232 106 21 219 32 174 20 63 216 43 120 36 158 229 249 44 84 132
    206 26 159 224 134 5 153 246 65 201 232 212 243 75 12 197 29 43 29
    91 248 153 7 74 226 188 57 81 127 120 180 51 147 221 170 205 227 34
    173 61 34 153 142 162 152 32 247 89 68 114 76 248 218 112 38 153 21
    64 146 191 219 200 44 188 189 166 22 251 200 148 90 104 14 69 199
    107 88 179 32 57 18 196 205 171 151 113 176 48 242 180 148 5 193 163
    141 224 149 121 196 213 47 47 29 114 172 72 63 178 194 225 143 96
    131 72 132 149 150 201 21 29 129 13 182 12 241 184 72 77 55 239 254
    43 27 51 242 191 141 76 136 15 225 172 194 121 128 166 228 156 125
    190 228 252 37 34 129 231 28 219 150 47 132 206 2 31 245 9 155 44 82
    136 69 156 66 70 222 37 53 82 162 65 124 105 229 13 210 146 234 151
    57 161 24 69 245 50 167 177 140 180 136 190 181 39 227 9 85 40 137
    17 132 243 117 8 196 197 68 208 220 225 154 78 173 23 127 118 22 85
    235 126 234 74 107 170 149 210 210 192 186 251 152 223 191 189 20
    195 121 215 4 55 31 155 119 1 110 92 164 185 146 97 168 32 131 118
    66 139 182 126 85 86 38 51 44 117 173 228 147 101 132 170 104 121 97
    33 4 113 180 69 172 167 27 81 147 32 216 3 92 254 221 117 211 214
    103 48 226 58 91 196 56 71 228 143 165 111 166 107 73 241 208 110
    157 139 211 162 43 5 90 10 252 20 254 194 2 11 24 52 95 160 198 183
    114 49 172 175 202 240 28 193 33 213 79 88 99 240 236 120 38 225 55
    192 115 247 221 203 184 221 15 213 102 83 86 11 28 212 85 248 132
    140 67 66 213 43 71 27 181 237 103 248 153 251 250 214 238 46 163
    136 248 61 144 94 44 62 33 126 213 151 222 16 135 170 208 238 202
    166 124 153 215 147 169 214 8 174 139 53 80 82 227 127 207 185 82
    221 62 49 11 97 104 215 91 35 17 129 150 6 159 87 67 211 212 87 8
    234 119 246 83 40 84 173 210 221 79 148 9 82 169 92 70 199 95 145
    185 211 226 235 21 152 60 206 1 53 23 39 18 57 164 75 227 89 210 23
    213 29 49 151 97 54 249 172 68 167 63 14 150 21 164 221 19 11 125
    202 199 157 197 60 157 100 16 44 32 34 30 37 205 127 250 170 215 166
    166 188 255 170 189 205 149 114 58 54 191 199 197 10 212 182 143 76
    160 100 239 249 89 252 225 100 144 18 175 153 187 80 72 40 212 31 24
    37 223 65 124 35 213 93 45 210 112 50 227 82 192 69 193 206 87 152
    38 76 133 5 83 116 188 228 243 35 32 222 12 148 196 57 36 143 72 45
    142 64 17 38 151 240 126 199 104 238 18 132 141 230 251 167 56 147
    197 206 131 7 84 153 90 141 239 5 203 177 218 108 29 252 2 66 77 224
    78 72 132 198 200 94 213 29 55 89 182 129 5 216 22 239 173 35 114
    171 37 160 173 29 109 150 18 53 156 147 128 252 236 61 246 60 139
    195 127 109 154 8 239 177 64 198 190 27 127 29 106 82 179 242 181
    166 144 232 238 81 3 80 94 244 231 3 209 236 72 91 125 191 166 135
    143 17 217 88 155 28 1 200 219 87 104 198 234 184 228 162 176 236
    109 194 81 55 25 120 186 29 218 66 134 65 64 235 146 59 167 58 1 73
    160 243 152 196 157 168 91 15 216 38 17 97 72 165 189 74 55 243 43
    13 218 254 200 237 10 25 212 248 187 111 3 126 6 195 167 216 18 120
    165 159 188 208 107 8 38 175 2 31 125 17 91 50 55 77 39 179 251 249
    194 171 150 67 201 118 118 15 121 17 146 159 239 16 60 76 241 25 115
    130 24 71 195 191 220 220 134 63 182 92 198 214 213 97 254 119 10
    137 117 75 49 93 104 68 202 34 89 184 81 132 251 45 31 125 177 202
    20 235 137 141 22 12 198 219 74 162 19 255 92 59 219 3 84 19 131 161
    59 147 1 37 197 137 35 14 8 65 8 47 254 143 38 214 37 126 78 244 70
    158 158 152 197 200 137 253 26 122 128 4 130 20 127 14 186 166 64
    182 3 36 213 100 13 83 185 210 219 183 85 80 36 149 175 124 177 173
    75 167 215 51 152 124 2 232 33 102 245 33 92 155 47 53 16 201 130
    249 107 84 96 129 172 39 178 174 66 107 22 153 112 142 0 165 6 128
    30 203 49 183 46 172 6 242 177 28 208 169 253 245 122 143 151 26 221
    109 248 19 55 42 93 21 113 135 221 155 128 136 142 163 6 8 0 177 210
    53 47 85 118 43 250 239 82 40 57 115 182 14 183 223 208 219 92 230
    249 192 194 89 165 211 229 102 11 248 120 42 212 16 35 135 198 88 60
    132 242 119 117 172 118 121 194 158 111 224 215 67 72 102 126 127
    155 196 255 9 146 163 204 82 250 25 224 25 158 112 157 145 127 1 173
    114 35 191 203 85 194 254 176 133 19 153 95 160 209 228 63 209 6 21
    239 68 148 217 219 237 167 105 255 125 109 149 150 96 54 158 172 217
    74 219 224 222 217 77 225 35 122 249 111 192 130 18 171 137 195 30
    113 193 232 108 205 76 138 116 209 185 41 241 175 234 238 49 106 250
    3 139 155 150 128 120 103 25 55 46 48 59 45 154 236 177 72 193 85 53
    59 168 89 60 73 171 204 201 60 184 184 33 183 163 234 250 33 118 54
    61 180 207 63 113 142 163 120 210 70 41 186 29 75 170 142 235 58 92
    182 12 122 144 124 203 232 161 22 233 102 25 234 56 148 19 25 179 4
    224 41 26 149 239 236 229 67 6 242 2 249 157 83 7 127 167 125 186
    104 121 10 40 101 221 203 242 160 196 67 205 211 42 129 136 208 190
    148 1 54 210 40 143 45 149 181 109 212 56 174 90 237 70 87 177 68
    167 24 18 116 74 90 243 163 33 106 48 220 18 64 10 8 158 226 32 81
    224 223 153 191 195 80 98 100 125 18 220 114 39 41 218 157 7 83 106
    224 229 96 14 178 93 233 1 14 237 24 223 123 56 242 66 229 40 234 47
    44 98 60 150 127 142 157 47 12 96 51 117 181 208 70 227 25 240 171
    105 132 236 28 201 242 3 141 133 128 142 156 235 49 190 58 82 164 97
    97 24 237 128 169 211 62 16 114 59 235 57 63 75 252 91 88 134 159
    237 1 119 10 162 95 105 26 136 67 29 75 27 218 86 184 231 35 32 217
    218 135 64 44 146 129 65 32 80 254 129 21 63 81 100 81 35 203 178 20
    64 206 20 40 76 35 101 114 102 217 43 11 83 61 209 35 246 188 37 219
    93 21 210 26 194 158 221 120 90 98 205 136 156 68 105 158 215 216
    177 108 14 209 83 68 110 200 247 128 225 123 132 1 212 210 131 60
    123 240 82 155 229 165 48 181 105 216 7 38 226 12 138 46 31 235 222
    116 171 110 100 215 134 87 34 150 125 221 8 80 53 111 89 185 200 62
    39 215 66 84 196 123 75 27 34 63 193 232 92 127 204 102 91 100 150
    114 8 172 195 224 223 224 65 248 121 59 95 101 212 103 60 149 141
    101 252 127 177 246 139 193 235 72 137 89 124 61 20 236 232 132 232
    164 240 248 128 182 38 159 72 100 253 10 182 171 186 115 222 72 36
    82 186 48 116 172 144 82 207 40 36 44 178 61 51 152 118 52 120 140
    222 1 157 197 107 39 180 125 20 243 61 175 239 224 61 121 220 157 39
    55 162 53 78 232 87 199 37 170 121 183 62 121 246 175 44 1 177 200
    231 102 212 222 92 132 141 181 194 175 111 92 222 239 32 174 47 78
    81 251 173 64 213 176 188 107 159 214 228 72 162 87 138 153 194 206
    216 70 235 34 15 3 62 209 160 125 40 146 108 170 113 19 110 214 167
    213 227 215 103 168 142 182 151 148 101 87 198 153 158 60 126 159 35
    176 95 156 220 50 33 248 69 123 190 195 33 25 181 109 80 189 186 54
    123 239 147 219 84 96 187 21 162 237 43 57 43 213 141 184 208 170
    255 99 239 52 50 3 107 238 55 122 13 31 209 190 133 175 228 5 144 31
    148 109 56 235 36 218 155 120 114 89 103 110 203 108 163 47 186 53
    121 232 78 36 123 139 220 144 122 114 8 145 52 44 25 215 30 238 131
    240 103 140 52 228 55 173 237 122 98 114 25 125 174 13 141 71 68 115
    238 190 77 41 2 47 56 170 39 39 235 9 190 47 253 98 15 154 186 160
    112 154 140 66 185 233 163 22 48 92 217 66 100 143 232 240 144 100
    248 194 247 142 164 213 160 2 145 47 230 74 58 100 158 32 248 225
    217 169 97 64 143 224 6 40 18 160 187 66 108 201 121 37 71 235 240 1
    95 232 53 17 173 175 58 190 202 63 126 4 29 144 199 26 189 66 5 204
    118 167 126 159 124 201 150 129 242 2 253 175 226 220 61 95 8 181 28
    155 93 173 116 210 20 244 230 175 220 104 106 108 239 118 108 251 12
    0 46 250 165 248 147 38 154 7 37 182 59 192 177 163 63 76 110 73 194
    17 9 240 254 191 43 120 56 242 58 213 112 65 73 112 6 197 128 32 25
    201 149 202 27 81 74 171 26 224 92 80 37 55 203 10 126 85 76 186 135
    154 132 240 243 81 209 48 224 47 231 86 138 92 2 196 72 118 28 92
    223 72 165 52 240 118 214 73 3 157 124 202 174 86 237 236 231 135
    247 178 16 58 211 214 111 144 48 139 173 98 99 27 123 68 151 232 115
    77 56 178 10 161 255 20 58 212 139 171 78 143 43 69 107 178 170 6
    125 172 18 25 80 23 169 196 132 37 159 103 111 3 234 113 239 227 68
    183 82 60 30 219 222 46 104 58 82 58 79 255 215 96 119 159 42 229
    153 121 135 83 155 243 49 170 130 97 77 99 53 157 195 97 254 47 198
    223 45 207 156 160 152 229 80 87 94 109 26 14 200 156 33 20 185 143
    214 43 43 180 2 90 172 96 223 184 190 50 185 92 145 161 227 125 69
    193 248 134 239 235 131 90 0 11 24 168 11 164 247 233 8 147 210 145
    176 171 239 242 140 222 121 122 194 42 219 57 140 20 155 240 53 150
    143 69 57 44 15 119 253 23 45 226 132 244 192 184 254 72 232 189 194
    191 247 248 236 143 187 97 70 138 125 86 33 95 96 35 153 130 139 91
    137 99 233 4 158 175 24 2 239 69 134 237 89 151 35 244 40 56 39 170
    100 151 214 78 202 181 137 215 220 159 215 101 250 24 101 165 24 194
    227 70 0 193 63 125 129 187 222 79 39 252 105 215 225 122 179 137
    123 210 202 207 73 193 30 7 15 183 105 62 40 130 132 237 15 107 224
    137 44 41 47 243 0 43 75 4 147 148 98 189 143 136 165 129 11 7 30
    239 157 253 82 213 218 234 212 214 40 178 166 133 150 226 147 23 46
    112 235 176 209 69 195 55 57 112 159 3 126 103 186 216 70 31 211 24
    182 136 187 241 247 100 14 4 194 253 205 196 128 226 218 191 168 161
    124 160 19 213 37 138 113 182 98 71 81 253 16 218 208 133 200 42 18
    30 59 121 60 252 218 152 236 87 108 80 153 176 137 225 237 239 79 10
    122 65 240 206 219 186 186 85 43 250 30 124 209 133 171 95 40 203 62
    240 107 65 162 198 98 64 240 43 251 199 4 41 77 128 230 252 200 147
    88 87 171 8 18 190 111 231 214 132 180 127 134 128 131 173 192 86
    167 142 127 254 151 74 95 124 241 228 132 79 62 64 164 199 173 234
    160 125 166 158 53 61 8 99 31 117 225 15 217 16 195 9 145 235 239 61
    196 169 158 173 221 47 37 7 79 7 182 48 95 161 78 167 110 113 23 223
    179 145 23 228 244 220 166 33 185 76 50 117 92 133 203 65 163 136
    207 169 25 211 220 171 28 2 21 236 109 99 47 164 206 215 14 178 140
    167 241 252 17 39 90 221 77 213 24 141 173 64 14 10 24 108 247 242
    253 204 31 16 124 178 98 99 126 185 7 41 145 49 107 173 34 167 211
    12 209 117 111 19 32 164 201 95 85 147 17 47 255 174 119 153 57 33
    191 141 148 72 41 109 215 82 142 0 26 103 92 36 130 24 107 183 195
    191 233 175 172 16 36 15 18 43 197 238 150 84 120 171 122 112 221 67
    169 153 114 205 80 174 76 34 171 162 81 43 176 66 112 20 79 122 126
    73 57 36 128 125 69 46 79 222 223 179 170 2 7 4 175 65 145 228 179 7
    12 208 203 213 36 242 214 5 210 194 55 160 239 126 220 57 198 18 226
    231 89 60 237 34 2 51 94 14 112 60 196 156 135 124 136 112 195 253
    186 50 97 104 141 19 68 76 244 75 35 27 187 40 193 16 18 210 161 162
    45 112 60 33 1 209 133 124 113 84 135 36 254 118 128 123 41 5 247
    252 68 22 127 221 79 26 157 28 160 137 138 183 120 135 193 184 28 90
    118 87 111 147 133 47 152 254 92 168 5 229 147 159 218 167 214 68
    131 165 176 204 46 30 230 52 204 198 120 210 77 174 24 173 189 179
    106 151 71 225 10 41 188 29 217 154 35 145 11 156 130 224 89 199 229
    226 164 82 174 217 218 109 39 253 176 94 194 46 240 163 2 193 7 23
    232 148 104 244 219 191 24 121 25 4 16 153 199 201 202 219 230 64 90
    6 101 90 92 196 124 152 148 127 27 255 179 215 179 242 11 116 223
    123 139 26 170 98 195 238 60 75 93 244 96 138 9 43 34 106 121 89 97
    49 227 170 25 55 155 254 213 57 60 101 101 9 8 201 245 213 248 127
    108 170 178 252 60 43 143 3 44 139 31 58 55 7 85 91 56 128 2 186 111
    166 7 98 32 232 90 251 74 32 65 120 96 46 252 119 149 205 5 20 58
    169 191 106 153 158 158 50 97 119 178 248 12 95 24 69 64 210 211 20
    79 174 85 187 243 183 100 245 233 139 136 235 6 231 189 21 128 241
    162 216 243 72 87 253 90 80 127 212 173 58 221 116 36 37 248 244 231
    159 61 253 215 159 164 200 113 202 185 19 102 196 235 170 116 252 99
    18 240 112 211 136 169 163 212 121 250 117 222 128 198 114 250 190
    160 120 220 219 244 126 212 65 180 86 165 50 200 38 31 225 22 146
    139 83 48 34 170 90 17 203 177 144 186 197 147 49 184 183 82 122 72
    195 162 106 120 228 54 97 45 105 111 231 52 194 94 248 223 237 6 100
    65 211 252 24 98 222 144 21 94 178 1 160 25 0 23 242 22 239 63 51 70
    18 33 203 233 104 72 58 135 137 183 149 70 40 24 172 13 132 237 90
    12 51 109 37 6 62 34 57 10 204 23 177 1 40 179 60 18 218 113 35 8 17
    18 191 76 212 161 134 213 126 104 111 229 110 26 212 161 180 78 16
    72 113 58 76 122 141 159 68 97 50 227 172 168 9 198 61 42 64 119 199
    161 228 181 158 246 26 145 135 66 177 137 245 218 149 161 233 28 88
    3 156 106 167 166 20 174 102 160 187 251 219 209 68 86 129 251 216
    188 166 189 35 122 150 144 183 202 161 133 112 67 245 128 69 197 206
    124 70 235 101 183 2 121 56 195 8 165 86 224 246 149 123 95 153 121
    231 150 155 72 79 234 50 98 167 104 115 254 7 79 77 122 127 153 12
    222 220 72 180 208 76 28 175 196 169 210 222 199 51 236 124 72 59 76
    151 110 233 194 51 5 248 171 250 82 66 14 95 197 246 118 239 58 44
    188 74 62 178 240 170 125 188 15 248 235 51 8 231 158 146 199 145
    222 250 105 228 56 21 39 66 170 181 2 9 105 20 88 11 62 66 233 71 66
    179 252 107 68 250 18 168 207 13 185 194 103 151 126 188 70 59 171
    24 124 177 159 75 243 223 79 155 252 37 220 194 137 197 233 206 182
    54 50 142 13 56 142 136 225 17 82 66 235 75 233 54 91 197 157 244
    193 128 32 128 48 19 196 39 45 134 35 22 252 111 233 93 34 185 232
    181 151 198 30 245 228 164 143 81 178 30 47 30 153 98 155 179 252 35
    31 180 21 220 80 189 7 124 26 218 158 194 77 200 56 93 174 173 90 57
    225 41 237 246 139 177 114 218 228 148 203 43 164 47 121 200 176 88
    252 117 104 144 222 71 186 136 139 156 188 172 202 46 179 98 201 110
    79 1 118 20 31 32 253 180 111 160 199 248 195 56 170 157 105 157 213
    205 250 177 242 179 117 137 110 166 84 72 196 25 9 154 179 183 177 6
    201 90 103 47 35 25 26 232 22 97 82 110 109 13 64 64 68 204 127 152
    72 60 6 196 36 195 39 59 45 31 247 83 121 201 37 86 58 218 150 24 18
    228 24 132 191 24 114 113 162 166 32 45 69 199 151 195 157 69 187 99
    50 230 138 72 16 113 118 3 224 31 162 137 196 119 36 238 173 156 112
    70 227 80 126 90 157 122 98 118 150 71 167 81 173 132 238 65 221 90
    97 94 94 103 67 10 43 18 67 83 96 45 46 91 17 125 183 230 66 197 34
    144 38 28 157 110 230 42 37 93 182 53 232 204 217 140 244 175 237 27
    32 26 246 55 1 146 172 228 143 91 183 199 246 172 130 163 178 247 50
    142 237 150 36 71 197 33 3 52 111 144 166 170 241 122 29 90 88 157
    124 74 168 12 194 105 121 160 12 82 168 59 226 50 223 216 208 55 221
    120 63 138 183 83 187 254 86 194 201 204 27 101 55 32 51 141 126 126
    9 225 86 40 56 48 76 192 45 177 133 62 157 190 73 17 221 39 220 110
    32 190 42 112 239 134 146 30 111 224 125 5 241 53 172 197 239 155 56
    21 114 74 4 96 168 22 151 63 226 200 29 154 143 91 33 39 37 228 89
    19 126 57 202 167 139 216 231 10 206 169 182 170 25 153 18 179 120
    223 160 186 219 125 226 108 213 169 99 173 27 97 147 221 47 183 23
    92 230 247 50 56 233 103 195 18 138 116 167 205 102 221 195 58 167
    60 204 29 241 62 132 19 246 227 181 249 173 251 185 148 246 196 80
    53 187 210 21 170 157 254 16 77 115 234 178 250 37 45 176 96 150 120
    141 207 91 84 213 43 124 237 157 233 5 191 7 239 128 59 242 17 111
    131 195 236 136 42 47 205 89 72 90 94 171 189 96 102 125 92 180 25
    10 5 218 254 81 39 218 74 75 43 203 101 170 144 184 35 246 106 179
    113 254 243 140 152 174 184 160 1 223 210 114 206 205 147 125 102
    106 103 181 80 225 15 141 212 214 89 73 9 176 140 98 244 140 234 146
    208 142 72 225 59 157 183 15 171 7 245 82 68 50 220 153 122 44 56
    185 44 84 158 172 73 149 44 3 36 47 212 121 58 189 116 77 72 138 38
    99 210 131 207 217 1 63 233 2 19 207 239 156 78 29 242 62 97 123 43
    117 29 119 82 246 175 0 11 93 209 148 159 133 136 85 113 96 114 157
    140 230 131 232 244 238 112 12 74 11 87 56 252 138 10 96 255 39 207
    94 90 43 114 13 236 167 79 228 131 193 42 185 184 234 35 41 208 151
    3 54 68 89 238 131 129 163 241 95 54 215 89 230 22 34 16 97 146 232
    153 154 63 53 1 153 115 210 15 42 145 191 172 137 180 76 77 244 98
    11 124 53 172 183 68 185 247 25 232 214 42 250 140 134 14 19 252 214
    164 11 35 164 18 78 180 132 27 154 212 46 102 253 58 161 182 229 207
    117 123 108 23 116 20 96 97 228 140 236 116 9 221 66 246 73 57 176 8
    181 55 206 60 76 10 145 53 53 159 80 146 118 124 180 158 73 211 26
    126 61 160 158 157 116 15 118 129 199 40 251 124 226 249 23 81 126
    106 98 88 69 49 172 22 70 213 119 199 156 211 94 132 92 18 91 204 35
    239 168 88 160 179 219 82 202 127 101 189 6 118 113 25 72 39 54 114
    234 151 178 234 180 42 16 189 242 102 8 105 242 20 8 215 226 140 210
    131 76 249 215 254 67 189 96 243 221 160 149 93 242 185 114 31 82
    249 177 37 189 96 11 54 75 157 235 141 90 141 229 58 200 183 102 149
    6 124 106 194 89 170 121 172 11 94 15 170 31 127 237 9 228 242 249
    48 88 49 110 66 50 57 137 201 146 196 51 180 217 249 102 162 92 114
    202 141 182 175 133 195 55 13 113 144 116 180 169 162 9 49 7 80 220
    18 50 79 212 152 254 134 131 18 4 4 13 115 118 180 255 117 54 199 97
    167 130 152 146 34 226 101 2 37 6 244 162 131 215 86 25 42 211 253
    33 152 228 123 60 30 5 156 232 130 204 27 249 107 0 187 160 131 1 93
    76 186 172 81 214 41 175 207 240 241 226 196 91 96 226 71 244 142
    108 247 101 11 71 121 222 238 247 203 29 9 76 39 118 66 108 12 91
    158 19 43 99 84 114 113 196 64 60 123 110 44 165 91 139 40 53 107
    147 10 213 185 147 77 140 15 79 70 220 16 200 16 80 188 167 144 47
    67 86 108 129 28 49 52 68 100 190 108 140 182 142 159 134 163 18 98
    237 247 170 178 51 173 251 18 94 90 158 198 189 100 172 94 188 155
    206 0 253 59 94 189 232 136 236 178 160 62 233 158 79 196 53 127 162
    133 142 52 243 115 120 121 91 149 79 119 132 202 13 207 150 152 9
    150 139 152 20 56 168 40 127 235 26 101 106 87 205 127 4 133 244 251
    208 79 232 126 162 209 115 228 234 79 134 184 27 97 69 94 234 9 216
    67 194 110 70 174 152 111 29 127 253 133 181 184 105 16 111 246 8
    213 163 8 226 6 185 205 221 132 226 64 108 214 27 180 199 165 129
    112 6 255 204 202 67 188 52 50 148 17 3 92 144 112 6 172 1 215 113
    194 56 158 167 38 183 67 18 65 161 93 107 178 142 185 31 191 178 89
    245 162 117 101 105 123 227 61 43 130 214 220 40 105 80 129 227 15
    205 156 142 82 106 187 16 158 19 233 69 196 145 204 209 16 152 99 81
    88 64 20 105 191 45 65 84 110 73 35 47 64 105 140 112 142 183 165
    198 154 249 138 1 120 7 124 43 74 182 194 193 120 168 122 148 40 151
    93 173 101 246 239 121 123 70 161 178 186 249 17 79 87 38 69 92 86
    34 157 92 55 111 14 127 233 196 234 139 140 61 222 233 33 159 157 97
    21 46 154 200 136 201 171 131 129 127 164 174 125 227 41 72 115 211
    185 193 25 46 79 37 127 116 238 95 138 155 204 205 10 51 33 126 10 8
    16 203 205 146 129 70 77 210 49 90 99 249 151 103 192 159 52 112 146
    93 138 112 210 224 83 203 112 230 7 146 121 234 39 189 103 195 158
    76 44 248 138 249 186 123 135 122 108 45 230 194 211 32 244 228 74
    31 39 147 88 7 220 33 79 167 201 6 115 159 218 20 211 187 21 8 148
    227 161 109 54 46 152 76 212 169 106 241 33 2 74 35 117 243 240 103
    128 48 147 161 91 141 204 143 69 79 187 70 155 139 101 24 79 93 176
    0 194 155 18 209 163 33 95 162 184 36 148 27 1 244 184 68 189 66 147
    84 221 226 182 7 63 237 70 69 58 182 128 148 90 105 243 222 44 97
    103 132 239 209 164 136 35 143 213 197 42 161 208 246 101 104 167
    107 231 91 27 106 1 193 217 135 218 179 72 98 162 234 198 234 121
    148 174 37 207 108 174 161 118 193 95 56 126 50 97 196 182 107 255
    245 234 95 218 242 131 150 193 40 187 56 129 82 134 41 135 119 233
    13 82 72 213 46 213 38 248 152 252 25 139 4 182 189 213 17 70 172
    232 94 4 71 59 246 5 57 204 64 215 141 8 81 247 145 238 231 130 146
    33 212 235 137 222 35 113 80 145 220 170 78 96 54 169 51 232 63 140
    34 94 238 97 66 118 21 164 81 79 199 30 125 215 129 227 173 117 3 87
    123 157 213 38 82 157 228 93 91 105 155 96 139 6 66 80 29 124 255 76
    197 229 240 191 151 185 105 86 7 138 48 241 131 234 202 68 22 144
    189 176 152 190 63 62 140 160 253 231 224 147 207 131 114 139 98 177
    201 66 166 74 209 185 204 9 169 161 173 8 201 108 100 6 140 85 223
    155 10 90 117 40 135 85 4 102 8 64 179 164 179 13 169 165 218 47 170
    63 123 246 113 228 172 211 198 12 236 191 122 248 38 138 123 20 191
    135 142 83 159 234 237 229 29 107 46 19 237 207 86 6 223 125 185 167
    244 210 242 80 1 211 193 253 121 232 233 17 2 121 227 139 200 136
    139 55 35 176 55 18 180 87 196 181 106 126 140 14 190 36 185 98 23
    158 78 157 63 223 153 27 209 49 100 38 251 170 96 20 147 80 229 142
    13 176 13 147 71 111 98 127 149 121 243 195 32 69 185 142 194 117
    220 249 90 113 75 121 131 171 57 241 107 122 112 76 217 193 252 45
    83 97 93 193 6 37 78 50 78 27 91 215 30 23 144 52 9 223 5 91 221 203
    170 161 91 167 41 249 159 55 131 203 251 180 97 91 183 164 236 209
    223 123 151 224 186 77 68 170 111 83 74 59 81 131 152 196 56 35 43
    171 253 116 186 7 215 148 197 240 155 128 174 192 3 253 44 186 49
    205 47 146 30 165 208 221 69 142 37 154 208 73 144 61 212 222 216
    115 29 182 131 214 47 27 12 170 169 242 145 91 180 170 7 25 116 86
    104 172 120 220 83 212 208 200 64 226 124 24 70 157 219 176 31 66 95
    114 9 29 108 71 25 55 147 229 87 61 120 242 209 127 115 55 252 85
    128 172 139 110 13 221 11 28 194 87 88 24 126 227 83 193 24 57 222
    33 194 165 35 75 174 41 20 148 55 14 151 175 198 5 135 157 156 155
    129 68 220 54 99 208 189 189 169 100 144 54 152 38 39 46 25 174 197
    229 218 210 244 168 182 239 144 57 253 192 253 61 11 10 161 91 209
    209 254 55 249 182 97 46 92 41 39 15 215 86 36 55 247 57 155 234 12
    164 188 242 149 131 67 81 19 156 147 237 68 248 153 124 23 209 35 72
    129 18 191 224 81 43 82 119 15 196 213 106 239 154 145 18 53 4 5 25
    46 80 223 93 201 249 79 106 204 16 55 160 194 88 241 182 98 129 219
    221 251 13 33 6 255 48 155 117 3 17 181 184 69 73 111 198 49 176 198
    92 13 198 97 10 252 54 147 230 200 227 24 162 130 242 222 162 148
    254 171 207 150 124 135 68 39 234 196 212 18 115 75 32 80 230 51 0
    170 5 25 97 155 74 51 141 67 35 40 60 36 240 157 253 183 20 59 47
    197 96 74 8 148 228 155 236 9 69 242 47 176 200 209 42 237 120 156
    222 221 52 185 184 104 59 239 200 81 178 10 111 83 204 40 150 148
    239 182 192 218 75 212 44 47 52 39 111 232 249 191 11 68 251 5 95
    139 255 135 199 19 15 125 74 246 22 225 36 207 159 113 187 253 122
    241 66 45 33 6 18 59 53 15 22 237 75 45 17 26 208 216 140 92 81 0
    208 9 171 178 237 183 248 9 250 196 108 27 3 202 157 213 80 54 158
    22 76 207 4 190 69 91 253 1 54 245 111 20 166 100 107 194 125 165
    201 200 7 251 42 97 229 146 47 188 76 254 62 28 201 1 254 97 162 209
    119 82 122 43 164 116 61 95 56 62 7 59 39 52 123 7 107 192 209 198
    234 25 49 235 20 238 82 254 245 213 76 220 2 106 168 71 125 229 177
    201 191 50 242 131 150 31 173 25 172 138 215 137 219 0 70 150 67 169
    160 212 207 139 241 144 219 204 161 208 131 148 253 214 26 221 227
    180 119 148 72 153 230 89 242 142 249 184 121 210 194 176 46 147 39
    246 5 10 49 95 191 156 184 236 16 16 36 155 124 69 28 91 77 4 239 77
    135 228 76 121 105 250 44 202 86 233 15 24 59 1 19 152 147 60 18 215
    113 71 200 87 202 104 209 190 89 247 137 62 89 49 252 155 62 124 123
    56 163 195 99 48 248 73 112 188 123 108 242 107 255 61 108 136 121
    156 162 226 51 139 238 250 69 206 120 146 84 246 204 254 128 103 249
    195 165 48 90 138 232 215 250 214 232 199 140 207 31 195 94 79 208
    97 13 149 45 182 128 222 120 99 23 117 237 18 173 48 173 10 243 134
    132 9 102 170 132 71 3 216 104 225 129 211 184 175 78 135 87 54 105
    2 87 127 190 242 221 35 111 199 200 131 253 155 16 138 122 17 7 204
    97 35 241 182 100 66 210 216 76 42 230 175 233 106 78 188 197 206 81
    96 106 218 61 215 216 159 94 33 133 253 99 76 62 68 9 3 46 108 22
    217 92 190 249 88 229 124 134 217 61 104 48 108 160 206 38 132 0 161
    181 109 216 154 129 165 140 178 124 91 102 166 221 252 8 102 211 179
    226 105 228 151 68 218 221 240 52 181 25 94 66 191 114 127 218 50
    240 182 87 2 73 56 140 185 144 251 122 13 113 75 116 50 153 31 153 7
    51 142 199 178 57 127 180 149 65 153 164 218 31 12 221 113 197 13
    249 197 227 13 243 181 22 158 180 44 133 49 11 128 22 105 171 135 31
    41 234 62 175 61 61 173 163 129 82 102 55 82 118 94 160 190 44 89
    143 85 113 14 196 17 46 81 5 220 232 73 38 66 34 60 135 41 241 247
    12 232 3 45 248 184 70 240 220 15 250 172 36 180 10 102 59 9 174 252
    237 207 214 252 200 239 38 171 236 105 166 117 78 128 130 74 33 133
    255 245 134 213 214 111 65 155 125 189 135 229 63 92 174 6 110 150
    207 154 39 251 212 238 58 83 42 222 97 36 182 158 200 241 125 102 72
    137 139 143 175 151 165 125 179 81 100 89 76 241 103 70 99 34 195 74
    113 193 142 4 172 205 176 189 2 249 48 10 56 191 165 69 105 23 22 42
    20 85 75 238 45 225 147 233 231 45 2 57 236 55 48 8 72 173 222 145 5
    90 94 60 75 73 46 101 182 55 38 198 165 115 241 236 122 105 232 174
    226 223 168 192 223 153 103 135 177 140 65 251 219 213 212 196 47
    194 142 187 137 174 27 153 41 137 43 17 187 240 77 143 137 37 207 51
    46 111 73 161 46 162 108 209 248 50 175 70 142 253 170 25 99 11 57
    91 130 187 226 109 112 114 210 102 85 163 152 122 192 148 192 190
    184 72 46 255 122 202 47 188 83 28 165 208 245 24 81 23 93 85 112
    140 202 162 229 29 144 18 210 64 104 70 208 243 209 134 208 99 243
    57 37 28 8 246 116 138 128 188 249 10 177 115 106 235 58 158 25 88
    157 6 192 93 206 154 32 250 250 242 190 100 134 176 127 181 150 164
    236 26 130 19 207 17 45 243 187 157 129 234 185 89 228 45 167 173
    140 73 101 241 63 247 62 251 6 234 169 244 115 171 64 159 172 90 98
    193 86 35 170 33 56 205 0 218 80 212 209 180 119 252 99 200 235 236
    42 151 227 156 115 57 110 237 163 10 246 9 1 5 20 246 191 102 159
    151 111 51 151 208 194 229 36 98 80 31 79 95 193 52 15 230 55 242
    233 45 0 109 111 6 252 66 7 87 89 155 113 215 210 17 207 32 1 79 148
    255 244 49 104 223 112 68 70 168 215 61 106 239 23 76 39 147 147 17
    201 219 14 10 134 161 21 3 179 3 10 22 252 21 221 15 107 120 134 188
    5 48 137 183 224 193 249 152 9 139 213 247 208 189 170 198 63 22 151
    240 56 212 168 21 0 226 191 133 132 190 229 32 15 126 213 101 106
    111 174 55 50 97 188 31 91 231 62 168 89 148 24 28 44 207 97 247 89
    224 2 52 243 47 170 130 169 130 109 82 124 174 26 240 66 68 247 18
    17 125 33 2 251 177 63 90 7 253 38 31 72 164 156 175 148 190 147 187
    106 232 47 103 177 164 187 38 199 215 163 119 123 193 96 16 114 120
    227 71 9 148 102 234 210 108 46 63 138 223 224 134 174 183 117 43
    223 180 62 127 111 26 107 237 54 54 29 54 237 138 159 246 230 198
    193 81 62 86 62 211 108 79 83 244 212 143 100 187 63 206 165 231 10
    61 117 170 157 59 71 149 16 211 196 201 168 102 1 1 135 156 193 91
    117 237 74 195 89 205 134 187 129 97 245 242 177 183 226 14 193 126
    13 218 11 232 121 244 230 97 167 71 92 102 18 92 89 120 109 76 201
    189 0 129 242 29 0 10 102 106 60 187 228 48 78 182 72 248 162 249
    242 109 226 80 169 145 254 41 33 109 76 245 74 9 8 31 81 193 252 56
    38 88 168 33 2 27 71 35 236 62 90 150 135 87 37 4 155 71 84 126 164
    240 37 82 99 191 103 116 27 219 22 252 6 84 38 52 165 41 236 77 116
    122 129 169 35 184 133 127 111 33 107 142 246 88 23 60 118 167 245
    30 201 171 170 245 130 21 150 181 137 71 102 75 96 33 118 130 100 46
    67 71 200 57 175 140 219 83 131 127 20 141 224 23 171 10 231 88 217
    253 98 49 16 171 165 60 2 255 115 56 7 62 115 252 178 122 244 175 17
    199 155 1 196 193 224 109 118 172 129 198 35 79 89 18 38 102 51 99
    58 191 167 197 63 65 249 54 118 91 36 96 109 72 35 216 0 2 113 222
    118 198 199 179 106 240 75 70 30 110 92 165 245 223 190 161 247 250
    181 55 40 72 203 52 6 96 182 100 150 18 238 26 186 88 16 99 71 178
    214 80 19 201 221 54 143 52 125 27 47 203 156 42 51 54 236 239 229
    72 15 160 102 164 204 218 73 78 226 143 31 182 64 243 104 246 28 236
    134 195 230 187 106 250 144 103 10 218 204 34 186 121 54 81 94 192
    184 131 107 191 126 77 246 114 10 78 56 153 141 252 81 22 62 224 37
    231 228 175 25 2 227 247 71 13 102 223 146 68 249 45 28 81 209 89
    167 219 3 183 91 45 74 209 24 4 78 223 25 31 125 241 136 192 155 137
    168 30 47 167 165 31 123 145 107 22 198 143 107 141 208 241 68 102
    150 25 136 51 166 30 76 164 179 255 165 103 250 161 189 50 109 123
    20 194 120 62 143 169 97 190 124 96 40 179 202 156 149 158 78 200
    228 95 147 212 95 173 48 135 29 234 118 155 94 253 105 71 225 240 2
    200 243 199 227 119 242 39 250 35 152 126 8 222 29 249 148 127 194
    38 154 213 237 113 120 234 96 83 56 45 120 30 112 244 208 91 139 211
    204 41 44 45 13 232 58 142 88 15 11 53 194 233 241 233 175 0 7 91 84
    251 118 217 226 159 200 19 183 192 41 119 16 141 96 149 177 166 208
    214 30 123 6 35 28 187 142 12 131 22 202 253 92 235 3 143 81 98 234
    27 119 95 203 239 95 184 55 229 2 85 99 208 20 212 133 71 51 216 61
    231 12 134 238 212 151 11 89 12 214 163 154 219 71 122 9 15 129 106
    21 245 165 243 89 23 181 193 0 110 70 124 32 177 33 229 57 75 51 10
    193 90 80 213 251 101 159 191 5 182 73 48 90 232 81 193 171 62 7 199
    183 202 16 99 164 252 21 73 63 22 252 199 228 160 211 20 221 46 134
    225 162 119 242 103 255 38 76 15 190 195 155 17 220 174 95 55 93 42
    147 99 255 5 183 135 189 17 200 246 188 176 202 251 60 135 214 197
    217 47 156 12 210 152 218 162 223 155 139 253 141 106 136 230 244
    182 25 137 131 189 90 146 185 235 4 223 196 228 204 101 129 184 248
    58 119 202 135 63 105 122 18 83 60 170 129 121 157 82 56 57 247 163
    156 230 173 167 204 110 93 76 10 52 77 164 67 82 167 14 152 152 41
    13 122 118 64 117 235 92 31 231 45 253 176 31 232 230 4 117 37 11 80
    41 157 119 4 153 156 40 33 100 68 33 198 110 229 130 111 99 201 9
    192 123 145 194 44 154 71 90 173 38 236 132 169 33 77 248 155 90 132
    8 181 174 34 233 182 37 184 227 21 46 164 149 197 178 57 226 162 68
    250 141 59 61 143 3 80 207 120 75 18 174 7 51 119 123 59 134 233 234
    214 26 71 36 191 50 158 184 254 181 252 11 112 77 201 190 130 30 255
    230 113 183 195 217 30 53 101 174 75 50 12 233 195 49 127 131 128
    223 48 92 98 2 91 0 10 42 254 20 60 195 253 36 189 63 137 212 70 146
    100 76 123 94 210 125 208 153 26 247 25 101 184 196 32 146 18 7 173
    108 223 41 160 227 47 103 182 147 224 185 83 24 191 41 132 161 139
    160 230 208 225 12 237 31 228 168 47 217 18 81 62 121 17 19 211 11
    114 181 95 181 113 148 109 59 233 31 96 98 221 56 16 208 66 42 104
    220 38 104 106 4 84 63 132 153 18 34 156 29 253 106 146 240 196 154
    17 142 103 64 15 59 64 148 157 95 126 240 129 97 79 115 206 170 195
    19 167 201 53 121 202 231 88 4 95 74 92 189 209 216 245 111 46 150
    130 253 167 138 17 89 57 70 60 32 83 213 232 103 147 205 70 32 230
    41 52 8 12 42 36 189 17 217 148 96 120 235 90 240 247 182 204 28 31
    66 157 130 251 4 69 84 23 242 12 220 79 20 129 199 237 94 185 18 226
    205 188 32 167 167 196 247 25 36 92 228 163 239 249 151 92 51 254 85
    12 87 206 0 13 151 16 51 237 4 11 46 109 143 45 15 142 212 183 70
    147 28 11 200 64 143 60 209 78 164 127 154 172 14 159 47 19 255 8 49
    134 48 217 192 133 146 198 118 66 79 40 16 87 101 165 28 90 167 186
    92 121 169 239 72 168 49 153 206 239 35 66 143 17 100 163 84 45 7 47
    33 167 236 194 41 227 153 104 40 64 248 244 246 243 200 129 160 207
    72 15 65 203 93 87 130 101 21 187 220 187 205 212 146 119 62 240 166
    32 248 53 163 120 35 210 240 123 124 185 68 12 161 46 30 76 163 178
    186 34 106 25 77 182 147 114 154 2 221 38 76 31 165 63 234 86 241
    208 183 155 87 207 146 98 74 95 84 133 4 248 241 88 208 251 163 118
    89 180 57 219 172 178 242 237 113 173 125 147 73 129 136 106 221 140
    81 11 176 149 90 36 201 182 182 212 55 160 138 206 122 51 46 49 255
    159 5 109 58 204 137 6 211 217 90 103 135 55 13 53 162 250 111 5 230
    96 156 85 114 142 116 127 237 86 182 222 62 133 168 174 170 247 85
    176 195 234 86 110 235 133 42 69 175 161 71 45 203 79 118 13 181 57
    88 190 177 50 92 38 43 7 88 209 81 185 253 200 194 172 131 214 77 85
    153 131 195 200 241 213 230 96 175 171 190 238 99 255 223 53 121 22
    100 99 26 2 159 138 222 180 205 252 119 71 9 134 74 175 110 166 67
    164 76 163 14 195 101 250 182 182 25 164 4 103 56 193 182 30 74 53
    138 16 238 88 0 3 85 127 3 195 183 236 52 169 206 176 192 89 218 188
    173 188 240 146 128 143 19 148 223 179 63 56 212 224 132 176 248 103
    218 50 123 102 241 243 242 189 164 115 131 67 0 85 105 134 127 97
    116 40 58 62 216 30 2 159 3 124 130 27 9 110 252 143 62 255 77 37
    216 35 163 10 85 186 144 183 78 211 241 96 48 19 93 144 152 149 224
    56 72 137 5 175 1 219 45 186 26 164 115 136 125 252 234 83 27 4 231
    229 242 5 162 205 57 138 31 118 106 81 30 211 129 249 76 36 12 71
    247 90 42 249 73 109 131 12 203 57 251 222 252 45 65 202 235 213 146
    100 4 117 108 199 111 68 0 201 137 11 45 21 122 117 217 144 56 166
    123 238 139 173 90 214 37 94 31 181 207 231 153 7 21 87 60 20 52 128
    146 237 17 149 184 239 210 36 107 204 199 209 144 211 229 143 251
    114 168 219 252 212 90 184 170 88 239 178 165 216 62 193 119 113 91
    176 192 46 33 48 39 84 164 226 153 110 59 19 159 204 133 7 108 209
    34 127 72 109 56 159 113 82 120 42 196 1 202 140 144 241 253 22 132
    173 76 149 143 134 224 37 79 206 198 132 89 127 184 131 161 220 28
    142 5 58 205 121 3 89 126 200 243 155 53 247 97 27 160 238 178 185
    111 225 50 71 97 13 143 43 63 244 172 141 122 69 244 184 192 133 209
    130 121 232 130 192 120 61 166 17 151 74 122 21 48 185 229 213 137
    149 58 89 9 84 64 120 39 156 192 79 73 70 30 68 97 80 170 175 174
    216 169 187 137 61 152 144 169 99 112 24 159 136 188 53 223 192 6
    193 63 184 214 217 164 229 82 166 3 87 165 196 84 12 34 146 87 212
    117 7 66 27 214 242 42 149 97 245 174 156 80 163 63 179 130 154 68
    229 75 87 62 32 49 164 249 95 76 189 146 73 152 99 181 49 229 10 90
    32 76 3 74 204 50 194 61 41 101 52 235 126 58 37 76 207 1 42 184 95
    10 31 180 12 112 48 82 215 175 215 210 169 73 9 131 152 98 229 90 71
    19 144 68 231 238 178 67 174 54 182 172 117 135 187 124 51 210 251
    185 159 124 161 65 196 91 251 106 132 18 47 23 77 195 57 242 127 191
    54 139 21 135 86 175 170 231 200 108 161 7 77 78 62 31 18 27 16 53
    250 28 211 132 123 141 110 89 55 127 26 185 3 123 125 103 125 119
    181 114 248 48 106 140 122 4 90 73 169 254 110 127 120 171 137 145 1
    47 203 218 85 160 125 53 129 36 255 76 249 65 179 212 170 26 117 96
    244 26 251 27 128 189 208 146 187 22 18 51 13 198 226 75 189 238 43
    48 105 228 35 1 212 3 73 9 212 47 156 235 140 226 197 200 99 162 68
    163 181 10 137 140 112 84 92 21 216 42 26 90 57 240 117 131 7 22 232
    107 223 94 201 170 233 126 18 85 163 109 193 18 199 76 144 190 215
    251 124 254 2 245 249 64 67 111 201 101 159 125 100 104 242 188 86
    69 68 42 62 149 222 36 191 104 167 119 20 182 205 92 190 166 102 208
    86 64 62 73 199 208 144 222 193 141 100 34 137 146 17 237 186 161
    107 247 66 248 104 44 118 192 70 76 32 214 75 47 158 42 156 40 145
    241 83 181 23 218 194 157 185 161 114 39 125 175 135 124 6 3 46 196
    206 183 51 124 50 254 8 100 203 30 102 217 24 48 220 152 1 235 235 7
    245 184 146 236 90 122 59 223 82 76 50 234 187 149 33 170 57 225 86
    134 93 128 127 34 44 104 199 216 203 36 91 249 200 202 245 132 91 77
    11 216 237 62 175 129 143 141 1 188 216 181 192 205 176 176 81 70 16
    153 90 25 26 183 219 117 102 64 96 234 7 254 13 124 5 232 200 112
    185 68 26 131 18 200 127 214 118 175 236 246 219 98 36 123 79 251
    253 76 115 27 246 17 61 167 48 84 125 252 0 108 112 46 21 38 0 211
    20 4 239 48 87 72 114 133 26 34 77 173 216 35 1 175 128 144 29 1 182
    148 61 179 205 27 201 186 145 102 222 46 90 39 42 65 190 101 118 229
    32 108 235 24 185 28 102 126 141 230 201 206 92 192 80 247 160 226
    181 34 39 49 242 102 66 204 185 176 159 157 81 89 46 101 165 138 34
    236 133 45 176 237 92 36 51 91 1 134 48 80 34 191 102 48 28 122 14
    231 67 30 157 251 220 83 99 209 235 220 113 78 223 147 194 233 24
    190 187 24 130 21 111 124 1 90 174 89 157 87 15 124 172 149 21 198
    93 241 90 3 147 89 221 138 62 71 183 124 100 147 160 222 70 220 209
    105 42 91 126 39 158 78 36 238 220 91 0 231 209 205 155 203 156 104
    30 51 152 195 121 101 138 137 95 161 24 211 72 43 31 9 223 169 96
    156 215 83 49 92 63 200 230 46 125 204 91 189 207 130 232 125 8 250
    59 70 247 71 25 178 204 210 181 253 206 182 135 102 40 196 183 255
    184 253 77 119 94 104 107 122 208 133 97 132 6 7 117 199 20 217 34
    23 141 248 165 238 84 185 188 90 60 153 34 106 110 123 93 180 81 40
    96 137 133 30 47 160 16 203 150 90 194 109 176 238 115 210 236 215
    148 181 101 30 121 54 0 102 108 250 83 206 128 2 157 44 22 10 174
    219 46 13 96 217 98 76 50 70 85 193 105 192 218 135 226 153 69 180
    158 246 149 71 30 204 236 57 175 147 252 102 66 47 55 203 165 141
    138 60 109 30 219 106 255 141 219 56 179 227 220 129 148 227 222 38
    247 67 17 150 1 185 111 177 47 127 173 51 51 79 151 157 228 175 51
    195 213 164 247 94 244 54 32 32 230 236 165 248 147 92 217 28 68 197
    149 80 254 182 216 152 14 107 226 45 73 98 232 214 8 198 139 87 219
    41 105 197 170 104 21 43 113 150 148 39 191 251 145 169 20 113 113
    54 48 143 132 215 102 136 40 160 178 141 108 32 7 75 38 41 205 211
    172 200 8 214 2 140 169 145 114 191 207 117 42 225 116 11 207 118 56
    49 105 193 51 146 34 12 99 58 254 245 179 15 164 62 73 7 19 24 172
    245 68 12 198 129 95 82 114 123 138 242 138 211 20 40 228 214 198 72
    120 170 216 165 243 181 125 190 29 10 230 221 7 143 193 238 135 22
    198 255 213 182 50 211 216 189 33 43 191 94 177 128 93 238 101 33
    219 247 215 246 121 99 145 112 123 4 75 65 128 117 23 63 16 238 43
    179 162 213 229 79 20 234 52 49 54 80 253 170 238 117 235 224 125 97
    47 19 23 241 107 2 109 246 182 133 80 242 157 57 155 193 58 248 244
    199 46 112 148 141 233 254 102 220 20 235 59 109 87 68 230 127 35
    104 194 142 184 87 129 198 36 67 177 38 3 255 61 54 193 108 76 231
    210 95 35 135 217 66 105 218 74 66 105 107 13 66 193 186 47 44 115
    73 162 92 64 133 228 6 110 27 9 201 73 178 183 182 112 203 8 136 252
    116 195 248 183 57 206 187 209 247 163 131 124 201 202 183 50 67 2
    207 38 235 154 161 57 84 20 176 172 108 26 76 111 13 34 58 143 228
    163 144 120 156 90 7 101 26 215 161 171 176 152 223 203 123 78 135
    40 159 184 154 38 56 208 222 245 12 60 113 104 34 183 5 52 198 219
    176 164 173 146 18 236 230 189 185 183 250 206 55 114 133 49 232 220
    160 182 181 226 211 164 80 232 150 52 169 22 66 181 35 116 238 33
    181 249 155 182 99 39 27 96 205 35 188 139 7 199 214 251 80 87 149
    47 56 197 127 141 239 208 46 231 147 102 168 158 27 115 154 216 63
    92 11 70 199 56 170 174 8 134 128 171 199 122 50 204 152 185 187 36
    77 126 134 186 54 170 170 28 185 1 168 6 54 10 142 251 178 175 61
    155 30 150 24 140 158 169 239 146 217 59 177 193 158 207 244 155 179
    221 143 167 180 168 163 188 8 15 107 47 0 239 227 106 65 202 79 81
    132 80 251 45 47 159 73 251 120 61 151 42 59 89 227 122 141 92 53
    255 112 208 189 112 230 86 16 146 61 35 44 166 24 246 0 225 57 204
    64 154 234 169 185 105 155 24 33 4 65 241 121 146 30 165 15 60 144
    115 227 165 171 58 65 155 200 214 46 3 196 93 169 110 124 159 50 200
    43 168 122 48 23 207 138 32 193 207 45 97 232 71 47 187 49 248 251
    104 160 203 101 204 79 235 230 219 121 247 170 26 150 156 102 28 254
    89 86 189 218 45 57 27 50 161 55 93 250 195 54 93 173 78 216 150 38
    28 215 217 74 177 234 1 96 222 46 250 255 164 79 161 181 104 71 175
    235 46 64 47 0 74 116 136 135 196 250 176 94 83 87 141 61 92 103 138
    81 201 199 180 128 150 205 219 33 175 9 208 183 48 95 197 172 144 84
    148 178 64 249 120 77 3 102 9 211 82 133 174 46 252 70 51 92 2 218
    188 51 34 203 149 253 3 216 241 244 222 127 160 30 55 200 224 184 94
    40 113 209 120 118 113 163 171 131 224 117 154 168 67 27 109 211 12
    134 46 15 97 92 211 84 235 149 146 207 128 126 202 170 156 215 157
    229 140 52 142 215 4 245 253 214 115 64 175 152 134 62 141 209 222
    215 187 149 18 0 168 120 251 2 56 180 229 206 28 12 87 134 64 14 155
    204 160 229 150 248 94 183 122 89 110 63 230 20 193 13 93 94 188 102
    183 26 19 58 170 187 188 230 176 245 24 23 99 160 12 100 245 114 71
    65 194 61 143 49 200 208 133 182 16 137 62 50 109 94 97 17 222 220
    221 90 213 27 145 212 9 227 246 244 66 142 201 112 12 232 172 57 133
    227 208 70 219 26 206 153 196 162 0 191 229 230 89 56 173 124 96 91
    93 209 51 95 130 61 124 184 123 114 243 175 86 19 243 11 63 107 194
    52 163 253 40 183 132 89 246 135 208 154 86 45 18 205 72 96 136 24
    139 253 35 235 193 216 115 63 252 48 221 122 226 77 33 194 63 36 46
    8 54 28 147 217 190 181 224 172 32 246 205 67 127 123 190 133 80 64
    52 145 97 24 75 182 32 9 10 174 223 157 145 157 90 56 99 2 64 22 157
    29 111 84 206 99 1 188 190 28 57 83 47 127 106 47 239 19 157 46 25
    29 164 46 250 131 4 216 98 94 247 6 93 114 193 234 163 203 108 62
    149 132 194 107 5 167 18 164 49 148 11 250 199 110 236 205 235 105
    133 119 89 12 177 195 40 189 126 210 205 211 181 70 225 114 148 151
    19 39 42 214 52 55 108 67 29 33 13 65 84 9 214 29 194 172 184 218
    212 129 178 134 180 29 115 114 216 12 230 46 210 227 23 164 103 149
    49 84 22 113 47 162 94 206 164 36 165 135 166 160 25 214 25 10 132
    34 190 230 212 236 13 243 198 143 14 105 159 219 150 217 184 47 212
    80 64 10 6 8 56 184 84 122 181 176 28 40 181 66 160 244 213 83 127
    113 5 120 7 147 167 18 255 112 131 243 217 251 172 64 127 98 177 138
    136 141 253 135 10 78 153 120 130 55 128 103 16 209 105 174 254 48
    73 19 248 213 113 214 159 241 236 96 120 77 198 184 145 248 57 150
    255 163 64 160 37 96 96 55 57 93 115 139 130 194 72 110 186 40 72
    199 68 80 73 81 247 173 226 232 229 118 189 40 91 118 145 216 31 114
    90 38 115 252 77 105 37 115 42 243 239 109 104 126 103 13 54 212 32
    210 56 192 162 125 35 255 60 50 61 70 126 184 254 220 210 155 106
    222 28 199 103 137 84 244 159 119 222 149 166 141 2 72 25 90 15 10
    176 125 108 254 211 85 233 92 33 12 243 90 205 72 103 217 193 23 213
    73 151 115 211 237 234 159 183 17 42 120 57 165 154 53 59 1 125 59
    41 243 219 83 146 46 103 30 214 30 74 78 161 114 247 188 176 237 136
    140 236 217 210 38 140 57 222 215 125 67 9 78 213 180 141 38 44 187
    142 114 176 38 44 129 164 53 22 147 185 69 59 230 143 51 112 217 201
    189 197 249 136 173 111 121 118 199 37 85 47 174 104 203 77 169 149
    37 52 42 132 95 106 12 186 190 128 41 199 128 153 148 71 252 3 204
    202 207 73 240 49 156 201 134 86 13 89 12 111 118 129 6 243 224 37
    11 154 201 148 223 145 226 123 29 20 108 243 33 42 69 209 139 97 42
    46 58 98 132 165 13 193 50 50 71 204 87 81 180 8 148 95 0 37 83 206
    214 132 61 174 124 148 131 97 20 126 10 5 188 69 166 6 4 215 157 221
    51 171 191 130 222 48 38 155 70 208 207 105 127 158 86 39 206 210
    137 120 32 141 191 152 4 64 210 58 27 111 19 208 145 6 105 93 148
    173 25 35 33 227 33 191 87 51 81 145 182 205 199 183 12 16 16 239 5
    85 0 210 46 2 242 0 125 49 66 133 235 243 102 20 247 134 103 204 44
    148 206 151 5 181 105 174 78 183 146 168 230 233 241 167 226 243 248
    31 237 220 131 29 40 95 234 58 116 60 107 55 47 219 62 28 59 88 134
    23 9 38 71 217 252 239 131 43 66 141 172 186 94 161 206 226 50 9 161
    63 224 6 23 82 232 166 98 11 38 223 24 187 219 204 168 178 59 29 36
    137 107 184 123 89 113 134 120 230 34 246 71 129 100 150 218 66 19
    69 172 132 23 91 242 117 137 48 2 136 222 220 241 68 217 70 98 40
    163 15 127 127 207 217 72 6 212 55 167 8 165 75 99 36 7 230 32 80 17
    229 63 97 153 59 247 166 59 121 169 98 122 102 238 3 22 202 163 32
    83 83 198 172 242 26 12 123 210 139 253 53 228 221 249 120 10 120
    157 106 232 206 17 103 141 191 48 252 52 200 160 211 40 153 13 11
    244 155 210 238 134 92 77 146 137 152 94 30 160 27 69 148 12 29 53
    110 153 111 10 46 211 68 22 239 187 203 14 120 244 11 59 156 252 226
    101 181 101 52 70 16 23 185 195 53 59 42 170 174 147 98 162 97 26
    203 3 240 62 121 196 97 247 208 144 155 71 57 15 40 8 129 18 235 11
    205 111 254 236 100 82 46 206 131 14 25 4 26 39 196 27 212 222 39
    196 44 150 211 101 72 19 98 32 194 200 191 18 236 228 69 93 39 164
    132 180 147 76 181 224 62 8 236 210 39 146 145 117 50 172 86 111 217
    49 74 32 178 101 139 220 254 173 227 27 17 172 141 218 10 196 77 62
    127 226 62 68 30 185 183 253 119 166 83 214 89 83 246 237 62 199 151
    24 217 78 254 166 92 31 173 149 42 131 119 69 136 35 223 118 170 245
    73 177 246 239 255 30 99 13 65 57 79 108 36 182 54 250 68 154 118 10
    95 71 169 15 101 3 189 181 205 14 189 238 30 246 202 92 102 122 255
    165 66 210 101 145 62 85 128 93 107 242 58 223 131 82 13 47 212 66
    35 12 179 38 5 28 27 230 252 15 167 91 174 80 220 29 219 249 128 33
    124 70 131 241 151 242 99 204 235 215 19 136 220 190 78 142 75 115
    251 158 66 7 221 4 168 195 217 253 222 239 58 12 3 9 220 82 186 162
    173 127 51 246 213 174 194 41 238 12 97 56 188 123 219 162 144 131
    92 7 131 198 218 142 47 220 176 248 63 22 39 94 128 36 203 61 153 26
    218 79 60 77 97 118 173 71 222 175 82 70 197 130 97 86 159 206 13 96
    79 105 86 76 207 210 175 53 231 229 91 202 72 239 103 1 111 82 139
    166 67 46 0 53 49 236 226 15 72 121 168 43 157 88 155 131 249 49 79
    72 183 82 81 119 6 160 81 5 138 229 64 107 143 185 107 123 106 249
    41 21 41 167 220 151 189 73 224 50 95 84 13 138 6 233 220 136 168
    132 23 117 158 11 72 149 197 84 188 14 111 64 97 173 129 137 82 211
    119 102 70 163 236 77 149 230 249 239 95 42 42 102 109 231 30 170 53
    86 153 135 175 236 86 204 139 10 124 227 41 248 71 225 89 10 119 72
    192 82 3 124 219 190 166 196 131 18 121 194 31 156 210 159 45 135
    208 224 169 72 122 227 216 222 120 160 237 5 165 246 247 181 172 28
    108 144 19 232 24 210 255 231 113 231 49 211 167 2 60 218 184 82 68
    247 244 142 144 131 36 91 193 136 94 25 61 235 116 132 241 163 38
    120 81 170 169 243 249 40 240 247 189 150 201 200 25 6 28 238 75 233
    79 158 218 56 178 14 111 35 29 70 245 153 104 80 49 89 232 22 233
    172 153 120 140 158 108 127 115 17 245 20 29 238 47 198 116 29 106
    12 172 131 68 229 43 136 246 134 203 22 50 165 186 163 154 153 149
    192 82 232 233 251 83 101 233 162 83 7 3 235 221 210 90 45 101 211
    95 197 30 136 84 206 230 158 184 14 122 33 88 171 212 251 175 65 176
    159 150 158 142 12 166 125 170 150 18 96 71 153 171 46 121 61 157 12
    128 252 242 210 32 208 222 100 68 33 160 31 35 108 171 154 60 183
    203 248 31 185 145 77 27 44 44 234 67 138 165 136 207 21 129 44 162
    26 237 18 113 194 149 23 227 172 52 58 54 117 166 47 19 231 143 156
    176 109 221 55 182 132 51 230 121 232 75 25 7 200 223 164 243 81 89
    21 32 201 220 146 225 11 251 177 199 185 47 124 235 123 69 123 241
    179 228 78 64 16 94 190 159 121 54 28 192 127 228 217 164 255 239
    107 177 183 227 163 99 217 40 140 67 245 243 75 125 196 199 26 231
    39 52 9 229 11 73 59 255 211 187 94 101 86 144 195 48 217 196 235
    191 75 34 6 133 229 67 17 100 36 23 72 164 36 84 169 62 31 185 81 34
    163 197 44 197 23 108 146 176 168 79 98 38 159 165 54 138 108 179
    136 119 149 239 84 214 133 1 141 249 28 216 170 78 208 168 33 101
    246 3 18 79 142 239 215 185 104 77 178 148 43 114 181 67 19 163 3 33
    49 66 138 125 143 59 18 65 77 166 172 65 94 12 27 25 172 89 168 203
    17 112 237 216 192 119 73 29 108 168 201 216 163 196 252 162 5 192
    64 60 243 168 17 28 194 55 65 35 116 66 18 93 60 93 37 143 56 148
    136 118 21 22 63 183 224 164 29 200 143 141 189 140 6 25 101 237 119
    198 125 184 77 254 87 4 183 234 156 18 215 65 37 120 152 86 224 167
    94 1 42 84 183 76 24 145 95 76 68 139 36 48 72 58 20 115 88 113 187
    151 101 140 103 254 147 178 84 243 167 32 62 147 128 40 29 132 227
    185 21 246 99 1 182 42 127 81 164 59 159 48 155 31 172 86 212 120 61
    17 202 232 88 226 189 7 237 67 88 145 65 44 140 38 75 92 135 31 54
    242 208 23 7 72 177 197 140 213 152 224 90 44 182 205 228 52 54 112
    74 167 41 4 226 114 88 141 192 68 137 243 61 158 67 13 252 12 2 160
    233 191 250 105 22 53 131 169 123 188 214 35 26 2 237 159 81 9 57
    190 101 227 216 218 153 75 186 242 78 107 98 45 9 238 233 184 21 92
    106 40 134 31 63 106 64 24 211 72 173 39 103 217 95 251 144 4 164 81
    18 246 94 49 19 174 119 244 151 93 139 67 144 133 220 197 184 163 51
    162 100 44 123 152 248 151 224 0 255 235 111 29 203 159 61 139 123
    117 180 92 163 84 198 0 116 29 125 208 161 85 147 39 69 111 170 90
    56 143 11 212 255 206 137 151 149 102 207 252 227 166 99 62 23 210
    114 232 59 22 228 179 3 121 111 189 97 99 85 224 189 73 86 237 117
    60 240 186 15 247 180 83 153 119 148 74 60 224 223 75 152 65 140 33
    157 2 212 58 44 255 117 38 47 239 41 199 243 89 255 136 146 108 177
    101 175 254 177 66 5 175 31 8 135 183 211 188 195 20 88 58 144 19
    145 18 253 57 63 93 184 62 41 135 255 241 145 68 41 125 27 55 123 27
    15 144 35 234 236 152 112 252 27 170 169 140 146 171 217 20 171 90
    47 47 134 179 54 52 250 99 75 93 87 129 195 201 229 212 136 243 105
    58 175 109 60 190 110 16 125 139 5 211 200 35 219 222 241 92 63 206
    57 77 213 190 166 130 57 242 157 47 173 99 144 67 180 152 239 199 67
    46 58 173 220 84 136 80 191 165 67 136 96 89 214 155 174 227 178 125
    107 107 249 69 102 255 129 193 127 95 205 194 59 177 218 75 185 237
    128 11 22 120 13 81 85 242 136 72 83 116 148 20 196 68 140 133 215
    100 67 86 51 9 11 9 164 186 48 158 136 164 53 221 79 101 151 57 66
    63 11 25 67 235 253 12 91 50 172 153 250 91 49 49 96 35 10 106 8 129
    103 244 25 54 189 122 0 145 119 108 117 90 196 159 109 119 160 48 5
    152 52 139 49 93 58 55 251 1 94 168 208 91 195 200 80 200 151 31 209
    185 195 124 203 241 146 225 95 115 48 69 97 115 161 183 63 22 228 59
    2 27 22 191 238 157 224 210 211 239 183 64 25 199 88 226 156 168 95
    162 98 246 210 207 135 101 24 227 70 0 248 219 243 241 60 61 228 35
    14 190 252 198 236 212 158 251 131 178 149 7 210 205 30 250 233 37
    213 204 213 91 223 108 191 41 73 89 131 212 148 127 27 242 208 20
    233 170 38 214 29 90 33 45 17 56 244 189 161 63 43 77 49 94 30 22 14
    162 128 140 211 163 150 194 62 102 105 28 123 21 156 212 200 139 57
    55 73 167 177 93 203 47 38 117 244 171 201 29 141 19 6 74 62 9 98
    194 126 141 113 31 52 91 168 194 54 118 34 166 51 203 28 245 67 46
    92 192 97 77 171 97 182 118 5 205 3 39 159 4 200 189 218 2 144 20
    163 44 105 26 135 97 108 172 157 113 200 135 253 214 154 134 206 9
    31 167 127 96 58 4 193 84 233 38 6 140 124 152 208 118 57 138 106
    125 63 240 219 200 26 3 159 135 150 249 149 128 119 97 206 68 23 244
    186 64 186 101 20 112 199 10 174 187 179 227 159 126 223 48 89 238
    161 100 13 87 203 156 48 55 100 40 232 134 29 2 209 18 150 154 240
    175 159 46 87 88 62 245 44 86 56 227 132 128 43 108 104 231 56 105
    30 47 51 57 15 159 163 21 245 194 15 3 76 58 73 158 229 177 19 124
    173 163 105 175 241 24 81 12 214 241 56 29 63 209 90 9 15 240 78 31
    67 121 174 100 182 222 142 69 120 8 33 120 130 93 140 16 227 171 32
    85 102 147 168 58 121 238 60 228 178 240 66 155 68 199 211 124 95 95
    160 70 41 136 146 192 200 5 245 174 71 52 196 125 92 47 3 25 46 164
    9 119 35 123 113 112 215 40 25 240 29 132 185 221 198 50 77 235 39
    44 99 49 190 218 184 209 181 82 118 194 154 59 133 216 125 168 185
    146 45 154 34 232 111 156 84 138 4 9 57 8 254 57 108 43 238 208 107
    217 160 203 175 84 76 28 211 57 66 196 3 207 80 5 92 255 67 13 21 39
    52 205 16 206 46 50 181 145 113 12 161 116 253 203 52 235 176 179 78
    87 122 119 245 116 252 180 122 106 62 71 55 184 36 255 56 146 75 13
    100 29 178 241 76 82 211 122 199 255 40 80 6 20 152 45 31 171 228
    162 172 73 243 27 201 63 72 140 232 211 14 241 231 184 167 148 55
    155 169 221 15 159 86 74 114 52 137 234 158 116 200 216 122 165 62
    163 240 130 174 85 65 9 209 44 123 197 211 40 141 225 94 106 186 153
    56 26 69 48 149 85 177 228 230 219 127 25 2 244 102 60 112 123 154
    65 118 211 231 104 150 202 124 89 89 122 220 81 16 63 155 32 20 130
    197 163 177 72 143 73 228 44 20 67 12 242 150 159 223 63 128 13 21
    122 88 122 123 121 237 110 45 81 42 175 204 23 176 50 202 47 37 57
    228 31 204 64 118 151 212 104 206 86 192 35 166 245 110 25 190 248
    217 77 138 251 32 181 30 161 4 183 10 178 131 86 107 159 238 128 137
    155 50 136 100 37 222 95 186 225 209 62 63 176 58 184 22 32 223 136
    80 59 48 138 18 76 60 170 126 223 52 166 80 5 149 165 242 132 188
    136 85 36 230 6 104 198 141 18 145 160 140 39 240 72 67 251 212 175
    63 111 180 63 79 146 20 87 232 213 153 34 141 144 68 144 249 196 212
    114 114 33 169 1 15 242 242 146 64 131 102 204 161 157 2 124 190 86
    228 99 191 26 122 21 85 216 251 12 151 237 61 144 120 221 12 98 229
    195 141 26 152 243 186 72 223 52 169 111 214 107 118 29 107 137 69
    56 48 195 194 172 225 123 120 208 164 77 131 216 183 202 171 1 113
    127 24 125 184 131 171 50 18 2 58 114 30 190 161 8 165 129 253 42
    196 178 3 127 68 2 51 108 226 106 197 221 111 199 149 168 66 224 88
    245 220 31 235 183 162 43 144 1 54 171 184 47 119 159 58 187 106 246
    132 176 123 196 33 90 136 193 190 193 213 46 42 14 180 247 13 120 67
    168 94 122 118 189 172 39 64 8 184 192 230 60 154 224 210 82 15 243
    12 122 27 23 130 111 236 27 4 248 193 253 42 50 141 240 207 240 82
    254 126 205 146 182 2 19 213 127 233 239 53 179 104 139 47 26 21 74
    37 37 180 142 170 139 88 129 42 12 176 228 197 133 88 47 71 148 110
    182 119 186 11 87 21 153 194 203 5 4 97 143 54 15 42 185 89 246 217
    24 51 162 61 206 229 92 200 78 8 246 25 12 24 80 134 27 90 142 220 5
    207 75 129 216 136 32 254 170 84 186 236 135 125 73 202 187 59 50
    228 65 238 61 246 12 156 214 8 201 179 119 76 66 216 60 70 201 221
    102 184 127 186 92 140 120 181 208 247 122 20 249 212 204 134 251
    206 127 47 174 245 133 226 35 118 31 219 248 2 49 144 166 193 148
    101 53 241 95 130 147 45 147 72 118 218 249 221 14 183 168 164 139
    146 20 33 253 176 90 151 181 223 83 194 102 17 26 255 133 126 74 224
    40 203 241 131 60 27 90 65 180 44 196 185 223 211 158 190 41 142 40
    190 175 120 127 137 26 195 29 158 126 53 88 104 108 204 119 3 30 10
    127 202 7 233 158 154 173 4 105 99 110 80 108 211 33 8 206 224 167
    91 85 58 19 107 223 121 27 170 96 35 234 178 98 62 104 226 239 116
    207 31 4 10 177 162 204 201 158 71 46 144 53 27 19 251 158 23 32 200
    93 179 189 13 214 156 185 227 30 15 228 162 226 99 247 51 158 144
    221 213 235 70 219 226 138 62 54 148 210 103 64 180 122 131 17 127
    237 86 88 246 24 122 156 64 49 160 30 68 179 202 219 163 17 173 20
    242 130 212 208 33 123 139 20 59 38 177 205 220 132 37 47 205 207
    114 243 48 106 3 210 158 54 22 20 34 139 134 172 122 19 232 5 104
    255 235 156 84 123 79 5 126 199 163 67 3 213 179 39 217 227 186 173
    114 220 80 128 98 195 238 160 237 162 110 32 142 42 182 89 40 201
    247 27 83 3 79 130 233 49 235 249 45 221 48 54 173 196 221 251 3 87
    216 204 169 194 19 240 98 66 72 107 38 20 107 81 21 12 92 196 48 124
    99 228 50 52 35 51 26 77 86 194 7 213 44 82 99 192 78 125 16 148 134
    233 219 73 247 147 116 197 145 160 46 197 21 44 19 119 33 214 44 1
    200 46 38 128 189 229 240 9 173 200 8 170 114 146 41 14 192 239 21
    186 124 194 209 70 52 224 94 147 117 155 225 67 33 184 161 14 172 81
    120 166 141 254 204 207 163 63 147 66 206 143 251 229 176 105 177
    120 17 214 33 180 103 176 83 186 106 26 131 132 182 59 27 197 58 136
    113 189 17 240 134 195 221 215 255 21 13 8 119 193 25 163 75 63 234
    64 201 207 62 249 237 216 56 32 111 176 33 42 241 221 27 191 236 239
    20 125 4 244 255 95 32 85 164 33 197 108 78 45 158 245 58 214 94 227
    26 217 0 101 218 180 223 191 30 51 69 21 168 210 234 245 87 128 155
    22 102 8 150 208 84 3 34 34 9 155 142 120 39 240 214 219 114 118 197
    11 12 94 193 61 93 133 74 1 56 202 65 4 57 17 206 160 246 128 221
    113 55 157 255 195 164 47 188 232 112 112 50 53 225 162 179 162 181
    104 246 19 3 101 111 204 234 193 130 231 127 153 237 202 143 26 101
    126 68 194 49 223 42 32 95 31 110 247 236 117 1 32 111 209 172 101
    81 114 24 255 234 97 177 103 151 41 192 101 134 136 77 50 46 129 120
    190 152 102 195 149 108 176 106 162 162 8 51 54 84 142 178 135 44
    231 62 245 9 159 69 239 168 90 65 14 85 51 251 203 190 183 103 36
    226 130 171 149 112 0 60 117 71 138 54 245 81 3 195 236 104 1 159
    224 221 208 240 65 7 71 98 12 99 25 249 255 166 140 235 135 104 98
    170 203 222 231 27 84 186 101 227 248 75 195 142 51 186 140 232 225
    137 126 70 197 78 36 120 174 76 184 58 133 52 45 116 141 144 191 2
    117 187 189 203 207 211 92 209 50 147 12 129 252 217 189 91 118 26
    223 66 255 76 243 15 95 79 225 241 88 124 87 52 90 12 183 164 193
    255 212 165 70 189 114 97 18 222 182 50 0 235 242 39 193 227 139 134
    110 192 198 133 105 227 184 131 47 39 187 213 153 110 195 101 174
    182 80 204 103 242 76 25 231 20 57 244 147 244 177 162 133 43 137
    177 221 207 175 38 60 109 204 107 242 93 130 107 73 252 130 148 137
    255 229 170 113 160 136 201 174 23 234 78 209 120 141 195 62 220 52
    217 238 12 32 238 178 136 115 67 126 47 24 75 224 52 186 74 195 182
    170 57 147 112 204 111 29 231 157 193 192 249 23 5 40 234 133 170 97
    26 145 215 141 126 25 164 43 106 172 210 9 27 129 79 35 186 1 52 23
    144 194 182 195 18 106 81 202 224 156 106 171 208 183 37 76 167 87
    248 241 85 102 137 33 246 92 128 227 136 44 6 216 248 3 139 101 236
    135 122 197 143 99 229 142 208 201 38 18 79 236 80 106 41 218 150 51
    146 24 114 41 33 85 234 107 52 225 98 233 234 162 101 143 238 110
    224 145 156 86 74 229 57 64 63 178 33 87 174 80 8 147 121 168 214
    180 208 213 228 79 31 132 44 107 145 157 239 63 19 228 231 207 22 55
    239 146 78 200 171 231 32 28 218 228 50 64 237 21 106 205 81 181 51
    72 251 9 68 175 29 109 77 11 90 201 80 254 165 121 33 245 197 202
    145 67 157 58 76 177 150 248 205 45 254 118 5 154 38 192 39 166 176
    161 145 139 21 7 167 176 74 9 198 27 51 135 215 79 121 186 47 64 161
    163 45 96 131 200 236 226 18 133 75 12 3 187 228 186 95 171 234 186
    120 74 13 247 196 238 26 19 166 43 49 187 207 184 45 244 227 64 184
    240 158 18 240 116 129 237 227 246 101 176 228 165 162 226 106 27
    172 30 142 190 46 12 84 174 52 32 25 152 245 243 71 158 203 70 240
    246 52 42 53 62 71 171 167 175 207 13 149 222 58 131 112 238 111 16
    66 38 102 154 120 133 247 242 158 206 137 228 97 30 199 12 72 201 3
    208 48 196 24 236 69 102 93 94 48 33 32 182 113 180 104 144 238 247
    73 178 188 233 95 177 180 162 74 87 176 204 34 92 162 249 121 66 212
    236 131 124 217 219 95 202 138 35 233 196 64 186 14 13 124 162 76
    201 243 204 1 169 162 15 85 231 179 217 31 91 145 104 207 187 167
    147 150 23 134 199 51 251 116 83 8 215 190 122 189 123 130 148 37 49
    125 69 226 103 3 161 33 241 78 95 14 89 151 43 113 247 55 18 204 198
    244 225 127 98 79 26 51 9 143 218 32 128 53 159 234 15 116 68 6 93
    169 195 178 86 114 26 114 189 136 195 207 204 77 173 232 238 203 135
    170 84 129 94 206 59 80 190 116 176 153 25 215 153 86 244 16 97 156
    69 127 95 133 129 104 146 229 110 97 169 89 154 148 6 72 12 107 145
    116 233 7 224 7 176 38 48 13 184 141 202 47 158 154 201 95 204 50
    229 255 108 229 175 30 213 31 81 70 188 156 167 105 89 211 156 232
    111 53 55 93 170 136 180 141 14 165 33 6 49 215 0 248 118 119 65 118
    58 133 73 150 219 85 87 185 218 122 62 222 226 153 83 247 50 247 231
    163 73 56 204 80 210 186 166 82 63 90 202 108 115 223 116 14 206 42
    198 145 222 34 2 123 77 72 143 211 230 32 202 134 34 107 95 36 23
    133 59 34 61 137 185 134 52 22 135 2 195 18 78 176 89 162 190 156 18
    12 25 175 136 235 18 135 233 105 22 248 47 4 40 167 238 122 82 129
    222 254 108 101 23 187 219 98 221 231 242 138 50 221 103 228 26 178
    164 124 57 47 50 113 132 76 30 36 12 174 6 67 6 188 139 203 106 187
    164 83 108 20 97 141 173 219 96 8 33 137 104 249 45 6 92 234 208 170
    233 204 108 73 162 202 121 188 4 37 48 139 88 165 242 192 254 151 12
    215 117 0 226 119 28 182 85 90 137 144 234 17 208 6 95 10 205 95 232
    101 1 165 161 13 117 45 49 1 121 253 130 165 83 161 18 185 15 71 10
    43 14 115 10 96 145 133 21 213 217 49 79 89 154 121 103 104 89 35
    146 139 34 228 133 71 136 48 42 46 240 231 61 21 162 44 241 133 120
    159 37 128 24 112 142 142 66 214 21 249 95 45 49 97 3 87 99 244 198
    67 132 166 5 247 22 18 211 241 32 218 49 197 69 63 173 147 144 70
    112 237 175 215 80 30 175 168 225 244 103 22 131 253 180 242 152 209
    18 218 246 101 141 139 167 87 246 92 22 138 241 198 92 144 101 211
    197 119 90 240 82 152 83 126 123 208 108 24 208 248 164 249 81 158
    137 95 97 35 158 83 253 221 95 117 108 105 240 178 69 209 142 249 54
    16 2 0 137 169 163 11 146 154 173 47 184 237 197 132 24 109 45 169
    77 41 159 198 82 73 49 181 57 241 16 95 124 19 174 136 122 170 9 240
    91 81 222 197 242 42 79 202 135 160 33 70 161 67 204 203 53 216 194
    212 178 72 228 251 170 28 39 65 178 97 182 93 142 172 227 234 83 138
    113 154 78 56 33 71 190 152 8 161 169 60 35 137 252 236 148 61 86
    205 118 246 105 204 237 165 155 180 45 102 203 114 173 229 171 144
    53 87 109 173 215 63 84 105 226 128 16 88 40 33 62 224 140 142 125 7
    162 107 239 102 56 87 27 16 51 125 101 78 114 22 141 150 11 177 68
    179 35 32 217 92 35 185 92 22 219 24 222 140 96 6 222 191 251 104 93
    117 217 194 18 109 146 20 76 33 71 114 160 162 78 222 56 110 39 140
    22 47 133 240 143 63 188 84 7 92 92 49 245 165 22 101 140 236 56 20
    236 89 46 6 53 238 69 255 250 59 227 0 127 249 34 211 84 54 247 52
    69 196 20 55 168 243 13 135 30 62 135 151 229 251 166 20 7 239 58
    202 97 236 124 95 22 233 68 242 137 70 215 37 215 122 85 185 89 220
    114 243 54 185 82 19 6 171 56 143 126 236 144 123 244 82 2 173 26
    151 10 234 225 11 4 68 82 175 19 0 6 82 180 116 243 156 80 74 122
    175 208 140 102 135 25 219 207 195 2 25 77 174 60 152 14 117 250 254
    58 119 31 195 241 217 221 72 38 130 120 123 103 189 12 139 135 139
    210 55 176 109 62 63 116 34 77 81 159 87 54 25 6 196 249 230 62 221
    124 194 36 197 172 68 181 189 113 159 35 200 241 128 210 4 18 77 121
    141 73 23 166 219 24 174 165 203 88 94 179 243 166 164 160 31 78 187
    30 157 82 239 127 204 0 188 22 100 113 234 229 189 219 169 130 223
    183 19 213 239 82 118 185 191 134 34 192 172 172 78 192 21 72 126
    200 219 196 117 122 7 92 11 176 86 182 129 41 106 249 116 162 194
    171 91 206 213 70 72 85 27 10 190 214 116 248 172 216 42 214 159 175
    185 210 131 226 250 25 121 145 250 123 244 243 3 220 21 83 196 0 62
    172 81 147 133 21 205 202 37 223 235 237 56 234 69 9 116 55 206 48
    58 13 10 182 157 205 27 160 216 142 195 99 105 176 75 136 52 165 194
    26 73 162 116 221 37 194 58 131 9 183 58 79 169 11 140 15 5 79 102
    167 248 137 220 115 45 219 84 166 131 76 128 72 173 9 34 208 128 133
    243 138 69 57 120 62 182 60 145 101 88 176 132 159 73 196 134 147 13
    240 210 129 230 124 80 108 203 34 44 106 97 78 181 216 110 158 56 61
    175 6 178 168 239 241 248 215 226 27 176 106 5 33 182 227 210 62 146
    179 27 124 128 84 96 109 202 93 74 202 197 46 243 215 29 36 59 153
    213 173 210 167 36 101 118 187 148 133 86 130 108 144 62 130 87 127
    67 241 23 122 151 163 53 202 191 53 234 164 94 254 5 10 46 3 168 254
    145 51 213 77 156 231 229 156 161 47 106 116 240 176 85 229 175 106
    185 148 14 164 244 42 17 69 170 200 106 231 50 80 149 170 39 55 143
    116 244 30 240 239 76 43 109 170 223 27 98 16 117 72 193 29 14 45 64
    37 209 200 58 9 4 16 131 31 188 103 63 196 77 134 106 245 6 10 90 43
    128 172 218 184 164 50 202 102 216 2 25 63 6 249 232 121 142 230 16
    49 73 204 251 54 88 187 97 179 147 228 61 93 174 222 239 233 136 8
    185 157 145 57 217 115 124 160 96 195 227 87 177 14 180 51 61 110
    128 17 238 32 204 196 119 19 64 92 235 65 39 51 127 94 80 104 69 128
    138 162 183</data></test_img>
<my_img type_id="opencv-matrix">
  <rows>100</rows>
  <cols>100</cols>
  <dt>"3u"</dt>
  <data>
    116 255 255 67 215 255 255 88 104 202 116 255 255 255 22 77 190 254
    249 255 255 255 255 238 148 111 255 137 255 255 103 255 94 206 136
    255 26 78 138 255 22 80 131 168 255 255 34 255 255 8 114 255 249 255
    255 255 255 255 48 255 255 109 163 255 231 194 215 41 158 165 91 255
    255 255 77 249 151 255 255 166 255 107 83 255 255 255 255 123 76 211
    255 255 51 237 239 255 255 91 216 255 139 138 255 255 85 88 10 255
    217 37 225 255 117 145 97 8 255 155 121 255 255 162 255 234 223 255
    157 255 255 255 255 255 65 255 117 255 173 240 73 238 255 88 255 255
    47 131 46 185 246 255 255 249 85 194 243 80 49 255 255 112 23 255 60
    255 255 255 109 255 255 255 255 224 252 255 6 190 255 255 255 123
    255 255 27 155 255 214 58 255 255 255 12 255 4 139 255 255 157 26
    255 255 189 255 32 27 255 255 196 202 105 255 255 131 255 255 255
    174 255 162 255 255 255 87 49 255 255 24 210 255 159 255 255 255 219
    157 9 255 204 123 102 255 255 250 255 185 154 165 62 107 255 255 175
    255 255 208 29 255 208 255 255 235 255 239 186 255 255 80 177 21 66
    53 255 157 255 255 255 179 255 165 255 45 187 134 255 255 255 255
    213 85 239 74 255 255 116 255 255 239 177 255 116 133 176 187 168
    255 37 83 255 99 255 7 220 214 69 147 129 255 175 255 150 109 255
    118 234 216 255 95 255 255 255 85 255 188 116 255 70 141 211 255 117
    129 61 73 193 255 48 255 255 150 255 96 194 202 72 167 255 125 255
    239 84 255 255 255 162 99 190 255 255 62 255 255 81 255 67 32 255
    159 6 175 255 209 233 34 22 255 255 1 218 17 122 255 255 255 121 255
    109 255 255 113 133 28 91 157 217 138 255 255 107 255 255 220 129
    255 111 155 2 122 17 122 255 255 255 255 218 170 255 255 168 255 174
    36 255 58 172 232 63 255 39 255 137 73 255 202 255 255 255 12 243
    255 255 242 255 81 255 255 255 255 249 255 87 137 40 220 50 255 37
    255 44 255 255 111 9 255 255 255 255 176 255 80 255 255 255 109 187
    255 44 214 255 44 255 206 133 56 92 237 255 255 17 143 255 155 126
    170 255 177 255 52 255 255 43 255 137 255 90 255 3 255 255 255 255
    255 190 255 200 190 255 194 210 255 255 245 255 65 255 3 255 216 255
    79 255 255 255 255 185 255 255 163 54 87 255 11 255 255 114 88 88
    255 255 255 255 255 73 255 8 255 255 117 255 255 255 9 97 255 165
    255 232 82 255 143 255 101 238 255 255 110 255 255 30 255 255 78 255
    232 190 255 77 77 157 202 255 255 255 25 191 255 12 255 223 255 150
    230 255 255 255 255 133 255 255 36 24 255 255 255 109 123 255 133
    194 50 172 255 255 41 179 161 255 255 255 255 39 34 54 22 255 255 9
    39 255 106 255 255 136 255 255 255 255 161 255 255 255 203 166 88
    255 60 50 77 255 144 150 178 168 201 187 124 255 30 78 37 255 255
    136 255 17 255 249 150 77 24 255 255 255 217 208 80 30 255 255 51
    255 247 213 255 41 28 168 114 171 71 62 232 189 255 255 106 41 255
    255 255 228 211 75 172 255 255 63 255 255 106 255 234 120 53 153 127
    22 255 255 255 255 213 100 251 255 185 255 34 114 255 204 255 82 255
    255 159 33 175 122 253 128 255 147 189 86 29 221 196 88 255 255 219
    255 165 127 255 255 157 75 131 255 255 125 255 70 255 255 248 255
    114 255 159 168 255 255 255 255 255 52 129 255 136 44 170 255 255
    129 179 14 187 116 254 11 255 119 157 239 48 255 66 255 255 158 100
    73 171 255 138 255 255 255 204 255 101 255 66 255 54 151 255 37 255
    183 255 220 255 168 255 255 74 255 255 255 177 255 147 255 142 168
    221 58 255 88 112 113 255 255 252 206 47 176 143 228 144 255 9 232
    138 255 8 119 133 230 53 37 144 255 144 84 255 112 155 252 71 255 54
    255 213 255 255 18 255 249 255 233 189 255 95 255 255 225 255 230
    141 52 224 255 255 234 160 255 10 95 255 199 255 202 87 255 255 201
    255 255 255 192 125 198 255 255 113 51 118 69 94 255 255 24 237 23
    255 255 74 252 255 209 255 255 191 121 209 6 255 255 18 206 255 172
    230 255 55 237 255 230 255 114 168 218 103 39 255 255 255 255 122 3
    255 62 255 255 215 103 255 255 41 20 189 56 255 255 255 168 255 202
    255 155 209 2 255 132 182 183 111 255 2 161 100 71 14 255 176 255 70
    73 184 143 255 255 255 255 32 255 196 158 255 101 61 255 107 255 99
    13 33 255 255 95 73 80 217 116 191 23 117 187 96 148 32 255 163 103
    255 78 255 88 165 133 231 37 43 255 255 255 78 255 255 113 255 157 8
    255 255 255 204 255 234 175 255 155 255 255 255 255 140 47 255 255
    17 63 255 255 233 86 183 214 193 255 255 226 255 255 255 116 61 159
    255 255 255 255 255 255 50 255 255 205 26 41 69 119 77 19 97 255 160
    134 255 255 189 255 69 99 255 168 204 110 255 153 255 173 255 17 237
    255 255 65 191 142 255 191 71 110 255 255 255 0 255 19 255 255 33
    255 255 255 252 255 255 12 80 41 255 255 255 255 255 106 255 198 231
    148 255 201 255 255 56 197 255 66 223 52 65 245 255 255 182 255 255
    255 255 26 255 255 255 9 255 122 71 32 255 233 45 34 174 151 94 31
    166 215 254 34 74 100 255 121 252 255 153 255 255 150 242 255 180 24
    255 191 255 15 182 255 255 94 255 255 255 255 249 255 153 219 255
    158 255 255 153 255 72 53 255 255 187 245 226 255 137 76 136 255 30
    68 255 69 255 26 45 211 43 255 255 114 87 255 255 249 102 255 146
    191 255 255 75 34 144 255 213 21 221 255 255 83 255 65 114 255 249
    255 50 89 255 255 164 165 37 216 255 255 67 255 56 114 250 255 83
    255 123 255 29 137 120 80 103 249 255 255 255 255 213 235 255 101
    102 255 255 154 255 255 187 255 206 255 191 255 255 61 200 255 83
    101 255 255 166 255 255 84 160 255 236 255 255 107 22 2 28 165 255
    243 255 204 237 4 255 196 118 187 255 11 220 255 237 255 82 243 255
    39 232 150 45 255 255 255 255 43 255 120 187 255 107 255 211 255 211
    255 33 255 255 65 128 255 100 213 255 220 174 255 216 255 255 146
    185 17 255 19 125 176 17 255 10 245 255 238 116 99 255 68 88 194 100
    255 255 83 255 7 255 47 47 129 255 228 97 32 70 255 37 177 155 123
    122 255 146 11 255 92 132 196 183 95 32 122 105 158 255 155 44 255
    253 12 47 15 255 255 4 24 88 131 194 255 10 41 208 205 206 255 255
    46 75 26 185 45 11 255 255 248 70 73 255 255 114 150 255 255 255 255
    221 255 126 255 255 255 255 230 218 125 195 255 80 197 255 255 84
    254 196 255 255 32 89 129 255 255 255 255 223 255 232 180 71 255 193
    255 90 175 255 255 154 37 200 161 170 45 11 255 202 154 95 255 255
    255 37 186 184 140 114 255 28 155 255 144 139 255 255 44 7 255 147
    255 13 255 56 255 147 255 224 124 255 183 15 255 34 220 14 255 255
    255 255 249 63 255 255 119 255 255 255 129 255 203 69 255 255 135
    121 43 243 255 255 255 255 43 118 32 255 255 55 255 185 1 255 255 62
    48 60 81 255 255 25 255 255 107 174 255 184 255 255 204 112 144 61
    255 174 210 126 196 132 255 17 160 180 255 176 19 255 255 211 37 255
    90 249 255 153 224 37 255 157 158 78 52 54 197 255 172 254 255 50
    238 146 194 53 255 29 255 255 11 77 105 26 250 255 255 107 255 226
    255 101 7 150 95 238 187 206 179 145 99 168 255 82 81 255 230 96 34
    255 255 92 174 255 255 172 160 97 174 150 32 255 121 82 255 255 255
    123 231 107 159 255 255 247 255 255 123 255 85 13 32 163 239 255 197
    255 255 68 34 106 124 255 204 117 255 190 131 255 4 204 255 255 255
    255 56 209 64 103 31 255 1 255 255 116 63 47 169 46 255 199 255 13
    54 235 189 84 242 255 142 206 58 56 238 17 45 78 255 65 136 255 199
    255 255 48 255 255 255 254 187 255 75 99 165 19 255 255 255 176 129
    92 255 58 255 180 172 31 120 51 255 26 44 106 255 237 255 196 162 68
    54 78 65 255 94 77 255 25 187 37 255 22 255 202 255 255 85 213 9 37
    29 206 70 7 255 255 255 255 255 255 213 131 255 166 220 34 163 220
    111 255 255 153 255 255 255 146 147 37 88 106 77 0 142 255 255 47 5
    255 255 254 255 144 214 255 255 214 159 50 255 37 133 10 255 103 255
    255 153 255 255 255 255 58 73 141 255 255 255 92 255 75 255 12 20 15
    142 121 255 255 162 131 165 255 255 255 31 255 40 255 255 83 255 204
    41 255 105 255 216 255 66 163 237 87 95 245 70 248 135 255 48 198 59
    255 255 103 255 151 176 106 255 180 255 36 255 255 144 246 34 97 255
    255 107 164 255 142 255 255 255 255 255 206 176 163 255 255 255 215
    208 73 255 180 255 255 231 255 255 107 255 172 89 97 99 248 255 166
    255 226 9 45 255 37 133 191 255 255 99 255 197 26 191 25 230 255 73
    141 255 142 255 90 255 201 187 255 255 255 208 153 255 23 255 86 255
    238 213 177 201 22 255 245 206 50 255 36 202 53 255 176 255 254 87
    255 237 70 56 170 3 107 252 255 170 255 179 255 43 255 255 255 45
    204 6 255 255 255 226 255 255 63 133 255 255 3 255 3 29 108 255 255
    64 255 255 255 190 255 82 157 255 204 80 19 255 255 88 255 92 247
    255 195 255 209 234 255 252 255 255 255 94 58 255 255 255 255 182 54
    223 34 255 75 175 255 255 195 255 255 151 56 255 56 255 255 224 255
    180 50 185 255 40 255 255 216 68 255 114 88 255 255 255 255 120 19
    255 100 148 255 161 255 30 160 175 255 176 180 236 255 128 255 230
    255 255 255 167 127 6 85 2 224 255 79 242 117 200 116 44 168 40 255
    255 139 109 255 62 255 255 195 192 183 232 15 255 255 60 56 94 255
    230 235 143 255 234 255 255 33 7 13 255 99 255 239 151 7 255 255 131
    113 175 69 243 203 255 84 225 228 105 211 255 21 255 255 105 255 217
    197 255 93 89 3 255 255 145 255 255 255 254 255 196 255 255 20 255
    255 255 36 255 255 255 85 255 166 187 48 52 83 83 226 255 143 255
    255 255 255 255 255 255 255 255 236 241 209 255 12 199 97 217 255
    255 255 255 255 161 255 255 165 0 255 154 226 255 32 187 58 45 99
    255 255 196 223 14 255 255 138 134 255 107 255 255 160 151 103 250
    255 11 136 255 255 255 255 255 198 145 255 142 83 255 255 255 226
    111 80 255 186 255 206 255 34 255 149 214 255 39 146 255 149 100 255
    255 73 17 255 63 255 72 24 174 32 255 255 227 194 255 255 216 254
    255 255 243 255 255 255 255 51 255 55 26 129 21 255 155 45 254 30
    255 255 255 255 65 255 76 187 170 255 255 142 160 95 73 255 255 255
    155 134 255 205 126 13 120 126 45 14 255 255 62 170 255 4 151 236
    124 43 181 136 255 148 94 146 163 113 31 30 255 172 255 205 255 64
    17 71 67 255 88 255 140 78 255 255 255 93 242 248 19 255 255 255 209
    255 138 255 63 243 36 160 47 255 78 255 255 255 255 216 5 255 88 255
    185 255 158 196 195 255 255 255 255 148 12 255 148 255 19 176 255 3
    255 23 150 255 209 255 255 255 255 7 85 51 165 122 201 255 25 39 75
    241 214 255 22 0 255 255 189 255 132 255 255 255 255 41 206 39 255
    255 29 241 62 90 249 118 27 255 0 27 189 255 187 131 209 245 122 88
    255 137 65 255 255 255 255 0 252 255 193 242 255 26 87 255 255 255
    46 180 98 238 50 173 255 255 255 106 112 255 255 255 88 168 252 117
    94 202 114 255 255 255 252 67 7 233 255 190 14 251 209 77 103 125
    235 11 59 255 204 232 255 36 103 88 255 228 255 255 4 104 150 161
    255 116 255 39 24 202 255 47 164 203 150 228 20 255 160 170 165 165
    255 255 255 255 255 255 208 255 103 255 90 21 255 255 255 255 52 164
    184 255 139 255 249 255 3 255 221 34 4 37 88 176 191 255 255 172 255
    255 160 112 97 245 255 255 255 185 255 255 123 50 146 255 131 253
    255 174 142 235 245 255 243 41 255 233 255 231 58 39 155 24 86 162
    255 34 242 230 17 255 255 255 102 255 255 165 32 255 110 189 255 77
    133 224 81 255 224 235 14 93 22 255 255 248 99 93 255 208 255 227
    255 105 234 255 249 125 131 24 103 255 88 133 255 170 252 255 255
    154 255 255 160 255 131 34 255 43 162 145 255 255 14 255 255 237 47
    255 255 245 209 109 60 107 197 127 124 73 129 43 133 56 255 36 79 34
    88 255 102 255 206 239 70 255 205 216 50 179 114 255 63 148 151 255
    151 255 255 172 180 151 157 255 30 104 255 255 3 241 131 226 255 58
    213 255 6 255 47 255 134 202 166 255 255 237 48 32 19 255 255 255
    255 86 165 255 255 195 121 6 255 255 19 61 255 255 14 19 255 250 51
    255 235 226 137 255 255 255 255 83 52 177 191 239 142 250 239 215
    206 181 255 163 255 255 203 255 72 203 217 105 255 86 62 255 255 7
    85 255 215 61 43 255 167 125 99 61 255 230 255 255 87 134 79 166 230
    163 231 167 159 216 61 255 249 228 255 255 123 150 245 255 71 176
    116 255 255 255 9 63 141 255 22 255 2 157 208 52 73 123 255 63 255
    255 255 80 255 118 165 21 8 170 151 36 255 163 131 255 28 220 255
    255 168 70 21 191 255 4 255 150 255 255 157 155 48 255 129 129 255
    255 100 87 95 255 255 37 140 114 255 99 133 237 21 255 17 89 255 103
    169 185 255 255 14 36 242 255 255 0 51 255 62 157 123 255 213 255
    255 80 237 197 199 255 228 112 255 255 231 255 255 255 67 95 255 255
    120 160 215 6 255 30 70 255 255 201 255 202 255 255 255 255 226 17
    166 255 255 232 170 239 124 211 255 67 255 255 91 255 255 255 66 56
    72 240 21 255 148 255 33 90 157 255 255 116 118 184 255 80 255 99 8
    3 99 65 255 67 194 255 255 83 87 255 213 146 255 253 117 153 186 22
    255 63 92 255 255 255 255 213 165 255 237 255 133 22 46 255 121 255
    172 255 247 165 255 100 47 187 199 21 67 255 180 255 49 255 98 255 0
    114 32 140 245 191 255 255 70 255 255 247 170 255 150 255 255 20 255
    26 255 255 255 255 255 168 46 252 255 255 255 255 196 221 255 255
    237 186 78 153 255 248 21 177 255 7 255 255 255 92 32 255 255 87 69
    164 71 223 95 158 73 154 255 255 50 255 52 255 194 45 171 53 255 109
    255 189 199 255 255 215 95 255 94 245 28 255 248 80 59 255 232 58 32
    170 255 31 255 65 214 255 255 54 26 255 27 122 255 255 176 52 255 54
    83 255 255 255 172 146 88 255 116 175 126 255 255 255 151 154 255
    255 47 255 151 231 255 255 144 255 252 255 255 255 140 255 255 208
    158 255 182 162 217 255 175 255 255 245 230 255 255 77 255 54 165 74
    255 255 70 255 255 255 201 255 220 255 232 255 168 131 255 104 114
    188 255 50 147 36 255 164 255 255 154 255 255 255 255 221 255 19 30
    255 39 255 11 203 255 255 106 185 74 119 15 96 255 255 0 255 43 255
    213 255 165 163 255 83 255 159 172 141 255 255 255 255 147 112 137
    255 255 255 180 214 255 255 220 255 255 220 7 87 255 255 197 255 148
    136 226 211 224 29 43 255 138 24 255 255 17 51 63 252 17 245 255 121
    255 255 51 208 65 255 56 232 255 255 140 107 61 255 157 141 30 107
    150 255 78 31 237 17 255 251 255 255 105 113 231 211 114 255 255 179
    158 165 255 242 6 255 255 185 92 94 135 129 51 82 116 214 255 220 68
    255 255 203 181 255 255 24 106 29 255 88 56 255 187 255 0 67 48 110
    78 43 255 47 220 255 255 255 255 255 133 93 255 77 196 96 238 255
    109 248 255 138 102 255 56 235 37 221 106 52 255 255 255 255 17 120
    76 255 174 198 148 123 255 10 108 252 179 105 165 255 255 136 12 45
    209 199 80 230 255 230 255 255 245 255 124 255 191 255 129 169 20
    138 102 255 255 255 12 239 168 255 255 95 14 255 255 111 148 255 255
    255 74 136 45 202 235 30 43 27 255 255 90 255 255 255 255 255 36 255
    213 134 105 224 255 239 255 255 255 103 255 255 142 36 255 255 209
    26 190 106 226 255 255 217 255 26 21 114 180 187 32 208 200 67 157
    252 157 87 209 77 167 255 208 88 54 255 83 62 255 184 193 114 189 86
    252 114 247 205 133 255 146 48 19 255 214 163 255 168 255 138 255
    255 235 255 49 6 128 22 255 255 255 186 255 255 171 216 181 249 255
    255 255 104 208 132 73 255 255 15 80 4 230 75 81 70 255 94 121 122
    122 99 47 44 255 255 255 255 255 146 138 255 72 255 255 238 223 88
    158 255 255 117 255 255 188 5 255 220 255 255 168 209 17 88 168 255
    215 168 255 109 255 255 21 197 21 255 255 211 30 34 255 80 209 255
    125 174 52 18 90 254 153 209 138 202 255 255 14 255 255 6 213 255 11
    255 255 73 157 255 201 150 255 21 226 255 66 83 255 255 245 255 87
    223 211 255 255 255 255 211 255 255 73 56 173 97 255 219 77 28 138
    218 255 255 255 255 224 255 206 69 102 255 255 233 174 133 3 226 255
    255 127 78 206 200 166 163 50 255 255 255 131 255 150 255 61 255 135
    255 224 14 255 255 255 211 198 128 240 208 136 255 255 61 134 60 255
    70 137 1 150 243 175 255 249 111 126 69 91 160 255 255 116 208 0 201
    133 193 255 255 113 250 133 255 255 252 255 14 255 88 255 255 206
    255 69 142 255 255 98 49 28 255 194 146 165 179 209 158 211 165 255
    209 163 255 218 255 109 129 255 102 185 255 83 140 194 255 157 255
    84 255 255 206 63 255 143 65 241 120 242 69 11 170 187 56 255 92 255
    255 13 255 255 19 255 255 36 117 255 255 138 140 255 255 255 255 105
    204 172 22 255 123 50 78 105 113 121 223 255 182 50 255 255 71 147
    53 101 255 255 202 204 126 255 80 213 255 255 255 45 255 255 255 255
    43 217 102 255 209 168 185 255 161 230 255 255 117 255 76 153 43 255
    141 255 201 32 255 239 126 183 255 179 255 67 255 209 194 223 13 22
    175 255 106 255 245 220 196 193 255 88 255 21 255 255 36 255 255 255
    56 255 48 216 255 212 214 174 208 247 52 201 39 255 84 95 237 190
    255 168 1 172 219 47 180 255 255 255 99 255 184 118 10 196 255 149 9
    228 255 177 97 246 255 9 255 255 255 32 17 255 135 44 255 255 175
    255 158 9 170 255 255 255 255 124 45 191 26 255 255 88 0 206 238 255
    54 255 255 91 250 202 238 242 232 255 252 7 255 175 255 255 255 255
    102 216 6 34 90 47 45 44 255 21 148 221 255 182 255 255 233 13 117
    255 255 25 255 6 55 255 255 255 191 255 28 255 9 62 32 255 150 255
    50 136 226 99 248 250 255 26 250 255 255 73 255 255 255 255 84 182
    172 18 255 255 199 237 255 255 29 200 180 211 144 150 41 140 85 82
    255 120 162 56 255 94 43 198 90 223 206 179 255 113 255 255 0 255
    255 255 197 114 92 255 255 166 177 255 151 255 255 69 185 151 206
    245 255 89 245 255 65 255 193 34 5 138 220 104 97 255 111 255 6 255
    255 120 255 129 255 49 249 125 242 161 255 14 255 255 243 255 59 182
    255 17 255 69 43 255 255 255 240 255 116 255 133 195 255 255 210 104
    209 213 255 255 255 192 37 117 124 255 255 63 52 155 255 255 195 24
    255 241 85 140 255 87 36 255 255 97 255 255 101 220 92 255 209 255
    255 124 255 153 255 255 255 111 255 255 138 99 255 255 255 194 184
    32 157 255 68 255 164 255 255 197 97 255 81 20 255 242 182 180 220
    75 208 37 114 255 166 179 255 202 255 255 249 48 255 133 75 110 188
    168 21 215 255 245 11 255 228 234 255 255 206 226 129 8 255 105 255
    54 255 255 235 116 99 255 255 237 54 6 56 70 41 88 184 255 255 255
    161 8 51 43 48 133 219 102 255 189 255 214 255 69 255 255 228 255
    255 213 255 255 160 237 22 232 221 255 19 48 255 255 191 255 78 48 9
    255 97 157 243 235 255 255 255 255 238 58 58 246 39 255 255 255 215
    177 255 24 255 255 127 191 71 52 43 157 255 212 214 255 80 226 255
    168 146 206 63 248 189 217 255 255 255 182 255 243 95 255 21 247 255
    182 29 255 55 58 255 194 197 103 37 228 255 77 170 153 177 0 255 255
    255 189 255 71 255 255 255 255 216 214 255 103 255 120 45 17 172 180
    170 255 146 187 90 255 123 255 255 165 255 255 131 67 43 255 255 62
    226 22 33 255 52 0 255 180 129 15 22 109 196 255 21 208 52 81 114
    142 61 185 255 39 14 140 140 68 255 227 255 219 202 255 255 91 228
    69 255 133 133 180 255 255 87 255 15 187 106 255 248 192 255 202 255
    45 10 225 255 208 255 255 0 60 223 255 255 255 201 255 255 3 218 107
    171 255 255 209 153 26 255 255 255 171 80 255 40 145 131 153 100 255
    164 119 56 12 255 255 255 138 255 118 49 217 201 66 112 30 29 86 63
    255 193 54 158 103 255 192 255 136 123 39 154 97 245 255 255 255 188
    49 255 255 255 255 67 255 17 255 255 26 182 255 255 248 255 255 66
    138 41 22 175 200 131 255 187 221 90 255 255 255 142 232 255 255 110
    255 254 255 255 255 255 255 255 255 66 254 26 230 90 255 189 255 255
    255 200 54 255 255 213 92 255 12 255 178 172 175 255 255 99 255 11
    194 255 255 99 255 255 255 255 142 255 36 255 29 219 110 185 168 255
    255 200 6 106 255 98 204 255 255 175 255 127 255 255 33 255 170 166
    54 255 228 201 69 255 255 82 114 255 255 0 131 170 175 255 105 84
    255 193 67 158 110 255 12 255 85 53 21 255 245 255 255 255 255 25
    255 255 132 114 107 98 255 251 255 199 255 12 255 206 255 255 255 52
    182 255 153 204 255 160 255 255 173 36 90 132 255 255 177 225 206
    121 255 196 194 194 243 232 255 161 234 109 255 160 255 84 98 155 95
    186 255 255 43 243 4 144 255 255 149 112 168 157 255 255 232 255 97
    186 255 159 155 136 82 105 82 208 255 255 84 245 255 255 255 255 155
    173 119 255 208 97 37 183 160 255 12 68 255 215 68 255 255 255 200
    208 157 255 255 148 255 243 32 93 255 255 116 186 255 255 36 255 255
    255 225 217 131 192 255 106 255 255 96 107 255 92 255 255 84 226 255
    164 196 255 164 56 50 255 255 255 63 255 255 164 192 255 113 255 125
    70 255 140 47 255 255 250 255 255 182 255 77 210 213 133 255 48 75
    210 97 232 74 102 133 238 255 255 255 255 2 76 177 75 255 255 140 96
    206 129 249 255 88 160 255 255 39 32 255 255 255 0 144 145 255 232
    168 131 255 160 255 125 255 97 231 255 84 255 255 255 44 203 39 255
    109 255 47 255 255 255 255 255 255 255 255 15 32 165 255 49 49 52
    158 69 30 14 255 55 65 150 179 255 255 255 255 131 98 255 56 197 175
    165 109 255 166 175 182 176 255 255 255 228 44 107 198 242 116 190
    19 103 136 170 198 83 255 6 253 140 30 255 255 86 252 111 255 36 187
    255 255 66 69 177 255 255 246 255 255 255 90 255 131 209 24 143 230
    133 1 119 174 255 255 2 114 255 255 47 145 255 161 85 54 255 209 64
    255 194 255 175 5 146 107 102 255 32 255 107 65 255 45 209 46 255
    164 68 123 201 255 255 255 61 140 212 255 255 15 255 255 120 255 255
    98 255 255 230 255 249 96 255 122 255 255 245 255 225 255 216 172
    234 237 255 255 139 255 255 40 75 34 51 146 86 26 119 255 255 255 4
    255 238 176 1 245 2 186 255 255 239 255 146 184 196 255 255 245 163
    255 255 255 255 10 255 199 15 77 198 140 255 255 43 165 28 136 255
    96 255 255 120 252 101 242 80 41 124 187 69 193 235 255 255 163 255
    139 255 13 58 255 43 255 235 255 1 255 155 215 230 208 255 255 161
    187 255 219 51 153 255 234 237 255 255 220 123 220 145 255 243 12
    211 157 255 255 255 199 204 248 123 255 255 240 255 194 32 146 87
    255 255 202 255 255 198 255 255 253 9 125 255 22 140 188 106 54 160
    235 185 255 102 43 118 117 172 223 56 255 40 213 255 255 83 155 164
    255 92 48 255 255 255 255 52 255 66 140 100 184 255 179 197 255 255
    255 39 235 255 116 255 255 120 255 12 255 182 66 255 106 255 255 61
    252 255 110 255 193 98 255 255 255 211 255 26 247 194 255 106 118 23
    66 187 39 255 255 187 70 255 3 255 255 6 109 255 125 255 127 255 233
    75 39 2 255 223 255 181 150 85 28 73 150 73 241 140 255 150 71 47
    255 150 71 80 255 208 253 2 187 255 107 170 110 46 140 227 255 208
    235 29 213 255 58 142 255 7 255 10 255 255 151 255 255 197 78 86 255
    255 189 65 255 255 36 53 97 205 255 255 208 255 161 213 255 120 220
    255 159 205 54 255 165 106 255 72 39 110 77 48 255 255 255 255 139
    255 93 255 185 137 255 54 181 215 29 255 120 43 255 10 9 255 67 99
    255 255 223 50 201 255 170 116 184 255 210 255 255 47 225 138 52 255
    144 255 250 255 235 255 204 255 5 255 255 235 255 140 70 47 33 97
    255 144 250 255 17 179 123 220 165 202 55 106 255 255 255 146 255 46
    255 62 187 239 255 255 4 199 201 255 255 191 255 19 245 64 45 51 255
    51 228 24 243 78 0 40 255 255 255 92 255 255 36 9 135 65 67 255 92
    255 106 255 255 157 255 255 32 68 255 255 41 15 157 129 255 255 157
    36 255 255 255 193 92 255 255 255 255 255 255 255 89 255 255 255 255
    166 248 238 185 87 111 255 246 136 255 255 255 148 255 114 127 255
    184 178 17 182 0 255 150 255 255 255 95 208 97 255 237 102 144 255
    255 110 255 255 255 102 255 255 160 230 255 255 231 202 62 248 129
    39 255 255 199 255 127 161 34 129 180 231 255 105 209 255 15 107 165
    255 255 105 255 255 62 197 255 217 255 237 138 48 255 255 255 255 43
    39 94 234 65 255 255 255 22 122 255 255 255 39 255 255 127 255 185
    102 134 255 121 255 255 255 128 252 39 255 255 157 255 224 219 255
    50 139 255 255 69 150 236 23 19 178 255 255 255 243 106 105 228 68
    255 255 255 211 74 220 131 84 53 105 146 87 211 230 255 75 255 255
    204 234 255 255 107 255 0 232 255 45 129 19 255 188 231 153 154 255
    255 255 204 255 255 255 255 255 131 255 232 168 255 199 255 255 228
    112 255 255 255 118 255 158 217 255 114 255 245 255 206 255 136 2 6
    255 19 232 7 194 255 255 217 255 237 255 255 255 255 121 80 65 210
    255 255 202 141 204 30 201 209 117 12 75 172 255 191 131 255 241 172
    179 67 107 255 221 255 255 52 198 255 105 255 48 255 255 255 241 255
    255 144 255 255 168 58 255 34 83 255 255 255 255 56 131 63 255 154
    255 194 143 255 82 255 131 131 94 87 211 168 187 56 55 138 90 249 60
    95 220 255 255 70 242 255 182 255 187 160 255 255 150 255 183 10 165
    255 245 92 255 61 24 255 255 225 153 157 117 255 191 51 9 103 163
    101 117 255 255 255 255 255 198 37 255 243 26 255 195 255 135 15 43
    255 47 17 255 255 220 255 255 255 255 143 255 252 255 5 255 81 56
    255 105 0 138 155 226 255 113 187 251 37 204 118 84 140 140 255 68
    255 106 3 255 54 114 255 255 136 255 255 9 170 168 255 255 28 255
    255 172 245 105 94 255 255 59 56 26 132 255 58 255 255 159 238 17
    183 142 153 255 255 216 255 154 255 65 30 255 255 206 134 37 59 175
    131 220 124 255 255 255 60 7 255 255 255 248 255 4 255 255 194 95
    194 109 255 255 91 235 140 255 255 255 150 160 140 255 255 255 195
    80 129 52 255 255 255 107 185 52 90 142 33 255 129 44 255 142 128 15
    237 223 255 255 255 70 125 151 82 9 255 255 255 45 27 255 227 165
    255 172 255 224 255 255 97 255 218 255 138 255 255 248 255 255 242
    87 232 118 77 255 249 237 255 138 255 15 166 75 75 242 228 153 88
    255 168 204 97 255 44 255 122 216 255 255 138 255 255 209 196 211 45
    128 255 255 184 255 255 24 28 255 255 255 45 255 255 238 228 161 232
    255 255 1 255 217 105 255 137 255 80 254 127 255 255 69 255 255 129
    24 223 161 255 30 255 255 255 41 255 93 117 230 255 255 19 255 212
    175 247 22 255 255 213 99 223 219 255 36 255 250 255 193 15 255 109
    104 255 51 255 255 187 61 255 14 0 255 135 197 80 255 61 144 120 162
    255 0 26 118 255 24 255 255 255 88 255 167 255 113 248 213 255 196
    86 228 51 255 41 255 58 133 199 73 183 235 49 164 189 155 210 255 64
    136 29 255 255 255 114 255 248 255 89 90 255 161 102 131 255 197 255
    245 255 255 158 255 137 255 255 208 239 12 21 117 36 140 154 201 255
    255 24 93 255 255 189 105 255 255 7 3 92 94 213 30 255 255 135 121
    255 255 56 49 254 187 83 255 228 255 230 26 255 198 139 201 198 255
    88 32 73 163 92 59 141 255 255 255 144 12 90 255 255 5 255 186 106
    255 219 3 255 131 255 255 107 255 73 43 255 92 153 88 2 232 39 7 255
    255 178 23 94 255 7 255 255 65 255 99 14 255 211 255 51 255 242 2
    255 113 255 138 255 255 34 255 255 37 4 255 255 144 255 251 58 237
    255 155 85 168 109 53 255 172 255 255 204 218 140 255 255 255 47 68
    255 80 179 255 231 255 140 255 213 69 107 238 255 33 255 255 215 255
    251 55 255 241 255 255 129 55 255 255 199 255 223 127 61 247 255 237
    255 11 255 0 183 255 255 83 95 255 255 191 255 127 208 112 255 20
    187 190 39 41 121 255 255 255 255 36 165 165 108 208 243 155 255 255
    255 198 255 255 227 203 118 227 128 28 73 255 183 0 255 191 76 141
    237 255 243 213 94 7 255 54 87 140 162 255 79 129 255 237 234 255
    255 14 255 118 132 255 255 255 255 255 81 140 255 205 213 255 255
    255 204 255 70 208 204 27 255 15 168 255 194 255 43 10 65 122 105
    163 255 255 174 58 118 206 255 230 255 196 193 107 255 255 204 22
    216 255 54 4 255 13 6 255 255 83 148 255 255 248 49 74 88 255 128
    109 255 23 151 255 117 255 36 73 255 49 81 177 32 252 162 255 157
    255 255 18 255 255 40 255 221 253 204 254 21 218 69 213 255 255 6 54
    95 99 3 209 255 255 255 194 143 255 255 220 194 255 106 105 88 116
    24 255 255 90 72 255 9 255 126 67 11 78 193 255 44 239 255 255 236
    32 255 211 255 126 255 26 240 24 173 107 243 102 3 110 255 7 223 248
    201 64 153 71 170 255 255 52 249 255 255 15 160 116 193 109 255 228
    109 101 45 255 56 216 255 255 255 255 151 74 196 255 239 209 209 255
    255 209 138 223 255 100 255 37 99 39 215 255 228 138 70 255 80 107
    223 180 85 90 138 61 255 73 118 255 255 241 66 219 168 65 135 111
    148 65 116 77 255 15 80 255 80 255 243 81 97 255 89 180 49 177 148
    255 129 107 255 195 60 110 34 168 131 66 255 255 201 255 122 28 43
    211 72 128 60 255 252 165 255 247 166 255 158 185 255 204 99 139 146
    255 177 255 255 37 255 252 255 158 255 136 255 255 255 12 255 109
    255 170 59 255 97 255 43 120 179 27 239 255 255 255 188 2 24 230 68
    255 127 243 255 65 65 30 92 153 191 243 255 204 18 255 255 59 243
    255 18 71 230 85 114 255 41 255 255 187 255 255 255 255 209 40 194
    255 255 226 110 255 106 255 111 255 255 147 107 45 204 29 4 239 7
    174 255 168 6 95 255 255 41 184 255 255 255 255 183 194 255 173 255
    112 66 255 161 105 34 255 133 126 255 96 240 255 221 255 255 255 58
    255 255 65 64 66 255 255 255 255 255 255 230 45 30 255 75 255 255 52
    153 34 255 198 196 123 255 255 255 100 255 255 255 140 230 21 208
    255 122 255 140 255 255 255 143 225 255 216 255 255 210 199 122 128
    255 196 255 255 255 216 225 110 191 255 255 132 255 241 252 133 90 8
    221 88 72 29 255 161 175 241 243 221 43 48 165 255 176 254 255 67
    126 254 255 255 255 255 177 255 48 255 255 209 255 22 36 255 2 74 34
    58 232 237 82 7 255 39 168 255 209 59 41 255 179 221 255 155 187 255
    102 168 21 30 36 88 92 17 163 158 163 189 180 255 255 255 255 255
    227 172 9 66 255 255 193 255 255 33 126 255 255 255 39 114 250 255
    195 255 255 95 129 67 255 216 255 191 116 255 23 41 80 197 0 255 36
    192 148 190 252 255 193 255 194 30 255 196 230 255 255 255 255 255
    41 94 255 161 255 28 18 255 217 255 82 255 22 3 174 55 255 159 249
    68 255 87 255 255 255 94 243 89 114 97 255 255 45 113 230 255 255
    255 255 139 255 28 74 250 255 190 160 255 255 143 255 8 231 255 10 5
    232 22 182 43 111 255 4 180 235 150 255 255 41 216 220 9 129 2 255
    36 255 157 33 255 255 15 255 123 129 255 110 255 255 0 237 54 255
    198 209 174 255 255 255 63 158 148 7 143 202 255 255 64 255 255 255
    231 255 11 124 255 255 255 255 255 255 184 252 255 53 255 250 255 15
    255 255 13 255 255 79 135 116 49 168 255 255 69 255 138 120 192 255
    197 221 255 50 126 114 160 245 255 10 126 241 92 255 255 153 196 255
    243 78 255 219 51 255 26 162 255 48 206 47 255 255 255 63 255 241
    157 255 255 125 146 255 255 255 15 220 255 255 245 255 255 51 255
    255 255 95 255 109 230 255 243 255 118 3 197 80 255 160 60 255 243
    86 255 153 255 255 185 243 166 255 255 255 255 194 39 121 255 73 255
    88 175 208 255 120 44 239 160 255 236 66 255 17 47 211 198 255 97
    255 255 255 73 151 165 135 114 254 97 34 255 112 146 255 255 255 255
    86 22 255 60 198 255 255 255 73 255 255 31 255 52 175 82 216 53 255
    220 189 255 47 255 123 202 255 62 1 31 67 243 255 146 153 172 118 10
    228 172 166 255 255 226 228 219 43 255 255 209 245 2 74 255 123 106
    126 234 72 255 224 61 255 255 255 255 82 135 150 255 230 255 255 255
    255 41 160 255 108 110 255 255 255 3 255 221 129 88 255 68 255 8 56
    67 255 255 88 117 78 255 206 255 255 78 116 112 81 95 138 3 131 13
    213 5 255 186 20 236 255 9 146 34 255 79 47 235 255 124 82 255 84
    197 101 144 194 58 87 216 79 41 255 255 255 32 224 67 43 138 19 121
    255 47 146 255 255 255 50 111 109 21 231 255 185 107 138 251 255 255
    255 248 124 255 176 180 125 28 107 223 105 255 30 122 111 181 255
    158 252 70 32 49 255 150 255 91 255 166 255 9 255 8 208 255 136 255
    28 188 203 255 8 255 7 98 63 255 7 255 255 226 63 255 198 194 255 29
    255 255 255 255 255 172 71 84 255 255 255 52 255 34 255 75 255 139
    126 161 223 187 255 208 243 194 116 233 112 80 97 255 188 109 255
    194 218 228 95 218 255 28 255 255 255 255 255 169 255 255 255 255
    172 147 2 255 241 255 32 255 123 255 48 255 255 239 80 165 212 75
    176 116 85 155 120 92 255 248 255 58 255 255 107 234 243 255 124 235
    65 45 39 204 67 255 236 255 255 255 165 255 116 96 209 45 122 255
    202 255 145 138 255 95 255 245 255 114 255 17 148 132 95 255 255 255
    234 197 15 255 255 192 204 109 255 125 84 99 255 255 255 255 11 213
    32 166 182 255 7 255 213 245 90 148 58 255 255 7 162 255 194 43 193
    255 255 153 150 252 255 72 255 114 110 255 232 255 255 62 56 151 137
    22 48 163 26 255 255 111 54 255 171 255 138 255 255 163 50 77 255
    252 255 75 10 255 255 0 255 114 22 128 255 255 82 95 231 255 211 255
    77 75 215 221 114 255 194 255 92 255 255 255 255 226 41 255 255 28
    145 54 155 194 255 246 255 255 135 255 43 21 255 193 125 255 138 255
    192 255 160 255 255 146 255 178 255 94 133 113 255 255 21 255 255
    151 203 243 116 112 170 106 26 159 255 218 24 255 48 79 18 255 255
    164 73 234 175 255 255 47 95 101 195 220 255 255 2 255 143 255 123
    255 197 255 183 63 105 252 255 255 160 255 255 255 255 255 6 41 255
    23 255 255 255 255 255 255 223 255 166 255 255 255 48 69 235 71 255
    85 71 255 59 255 226 106 121 255 255 5 255 58 61 241 102 255 45 188
    73 22 255 213 255 255 255 255 255 255 247 190 255 255 255 255 255
    255 223 88 255 196 4 17 255 255 228 255 255 14 121 255 221 255 255
    255 238 60 237 254 255 81 255 2 255 255 47 204 95 217 245 129 255 10
    136 200 133 167 97 255 250 217 8 255 255 162 243 82 146 255 54 255
    231 189 154 27 249 255 196 255 202 102 255 51 255 234 220 140 140
    150 255 255 150 90 2 29 255 255 127 255 34 232 220 64 255 255 37 63
    150 255 78 214 101 216 172 234 22 121 219 237 192 215 210 240 255
    183 255 193 255 255 255 114 43 255 19 172 22 63 41 255 176 255 255
    238 250 187 255 255 255 4 63 255 77 255 60 255 238 50 255 255 255
    255 121 255 255 134 155 151 80 17 7 255 198 197 129 255 255 114 255
    99 107 255 33 56 131 127 123 255 135 14 255 255 255 127 70 255 255
    100 155 255 129 255 255 51 191 86 114 255 255 74 174 183 138 255 120
    255 54 255 255 77 255 216 255 230 155 231 255 34 255 54 255 255 200
    4 255 206 186 255 255 255 243 150 7 255 255 51 90 41 14 203 255 217
    255 239 187 255 255 99 240 249 135 32 99 15 255 255 67 77 13 255 255
    26 1 199 255 14 17 255 160 70 65 96 194 255 7 255 191 160 255 114
    121 255 13 255 100 255 40 192 47 74 153 36 15 225 137 212 228 255
    143 255 255 69 255 92 95 235 0 45 255 138 221 242 255 142 54 194 199
    168 255 255 172 65 128 49 140 255 252 255 176 255 255 215 211 255 73
    255 56 28 71 254 128 255 255 125 68 125 255 220 255 255 255 230 215
    220 255 187 242 255 69 255 239 255 77 95 173 87 180 255 136 255 107
    12 255 133 255 251 205 255 255 206 172 255 224 134 122 48 29 77 193
    255 251 62 255 90 144 85 99 255 255 255 232 22 255 199 148 32 255
    255 67 255 255 255 255 255 255 255 255 255 255 87 30 120 255 255 182
    255 255 238 121 189 0 49 88 47 66 255 94 32 209 238 255 47 241 157
    67 255 255 255 81 255 255 255 204 255 28 255 166 255 255 249 87 111
    255 255 24 255 54 153 255 120 119 187 255 245 255 179 242 255 255
    255 255 160 179 137 255 255 255 217 255 189 70 0 255 255 255 120 191
    255 230 255 255 255 4 255 97 179 37 64 255 228 255 85 255 142 74 116
    75 234 255 255 227 255 32 146 255 52 255 3 140 255 255 255 255 255
    103 255 83 241 157 201 255 157 123 255 193 41 255 26 255 2 48 5 34
    255 180 255 62 100 255 33 226 255 255 87 255 248 104 148 199 162 108
    32 240 97 255 255 209 255 73 255 155 255 123 208 255 255 255 194 45
    176 255 255 239 255 95 138 255 108 255 39 185 245 19 84 154 255 255
    62 214 150 255 94 255 241 255 255 255 123 255 106 160 255 85 46 255
    183 255 255 55 255 234 255 255 108 96 87 254 172 114 255 155 99 178
    171 174 103 190 116 73 231 230 21 255 225 185 117 255 255 255 255
    255 160 17 138 255 82 84 41 255 255 143 255 255 110 252 110 160 7
    255 109 138 223 199 172 189 177 255 168 220 78 176 153 255 255 114
    255 127 255 199 202 177 255 255 255 208 255 116 255 255 184 255 255
    230 255 232 144 255 43 140 255 255 255 70 255 118 245 202 12 255 123
    255 255 255 183 180 255 182 255 200 87 114 255 39 182 9 29 43 196
    232 126 99 80 255 255 161 162 255 255 255 193 77 80 255 224 255 255
    74 255 255 235 255 228 118 78 11 255 65 255 106 167 133 255 208 60
    179 255 255 133 53 255 255 247 255 255 255 65 237 255 232 208 20 255
    210 146 204 255 255 224 227 255 194 65 255 241 176 68 255 188 116
    255 62 255 230 255 192 255 255 255 45 255 94 41 255 255 26 7 97 255
    158 123 151 83 255 0 133 247 255 28 9 255 125 136 187 205 255 255
    255 216 255 255 157 255 255 73 255 15 255 97 191 255 19 255 255 255
    162 5 213 3 111 252 172 102 255 166 250 80 107 126 77 255 124 255
    255 255 255 187 255 217 255 168 71 147 255 255 70 255 138 168 180
    185 8 126 107 149 160 255 255 255 166 150 157 255 23 255 208 255 255
    255 50 255 255 43 255 234 61 78 255 201 0 7 52 255 80 74 63 47 255
    163 19 43 255 176 76 123 255 198 255 144 255 66 209 255 182 255 206
    31 255 193 46 255 37 255 118 106 31 247 255 255 123 255 255 255 171
    255 88 114 220 221 186 255 255 168 231 255 194 63 255 242 255 255
    155 29 255 76 111 255 158 255 30 255 88 255 209 255 123 103 174 239
    150 170 137 216 5 255 12 140 151 255 75 166 228 255 255 117 225 255
    25 65 208 255 255 255 255 255 108 117 141 255 29 114 62 78 255 142
    139 255 11 255 90 255 255 134 255 87 223 7 142 247 255 4 255 255 150
    235 236 255 155 144 76 255 215 34 255 251 255 255 6 12 88 255 144
    255 255 255 179 255 255 254 255 139 71 138 217 3 255 255 255 255 255
    255 255 213 60 255 238 255 133 255 104 255 255 68 255 65 255 67 210
    255 255 158 121 255 255 116 255 161 111 13 232 165 255 250 208 181
    228 255 58 11 221 255 213 255 157 255 255 255 171 255 255 171 61 187
    255 54 252 74 9 255 153 148 219 221 255 123 255 148 185 255 88 183
    164 31 255 66 158 174 255 104 255 179 22 105 150 255 215 151 255 243
    241 53 255 255 167 255 50 180 127 33 255 50 255 126 6 255 206 255
    255 12 146 84 255 79 83 83 255 253 255 255 255 162 255 255 26 64 165
    17 65 88 41 254 255 3 247 149 225 255 255 255 243 234 179 165 98 213
    112 255 70 255 6 230 255 255 167 255 83 85 17 107 225 255 124 255
    131 255 255 166 255 136 255 255 255 54 255 61 71 255 44 255 176 230
    255 255 187 255 219 85 107 201 119 228 255 119 202 162 255 159 255
    240 255 255 158 56 255 90 255 25 255 255 155 31 75 40 233 47 255 143
    172 6 54 58 188 203 255 40 216 178 154 255 11 95 255 251 6 255 255
    255 255 138 158 111 202 122 255 255 136 66 112 255 167 73 84 145 105
    255 157 208 129 206 4 255 255 245 54 255 163 172 255 255 227 255 157
    175 61 255 61 255 56 187 199 255 241 255 255 121 185 255 169 252 255
    216 179 172 255 255 255 122 255 255 180 165 255 248 85 255 33 140
    239 164 56 255 164 237 255 242 29 56 232 255 255 255 255 209 193 255
    101 106 60 224 224 94 189 85 145 73 29 255 127 255 199 255 235 14
    255 72 29 255 50 66 255 255 255 131 171 73 255 59 255 255 23 255 255
    253 255 255 255 68 247 151 255 255 73 153 255 255 2 54 228 165 255
    171 167 255 147 17 189 255 255 255 176 255 255 117 177 255 255 94
    255 179 174 255 255 39 200 125 41 153 69 189 255 255 116 255 228 214
    255 176 255 26 6 235 133 111 51 226 187 255 255 255 160 151 26 255
    255 45 163 255 220 255 255 132 104 17 124 121 255 221 255 161 255
    255 255 226 204 255 72 255 0 22 131 93 255 242 255 140 165 133 255
    255 52 249 255 7 158 218 168 128 255 255 107 255 255 62 220 255 180
    255 255 47 248 255 179 255 32 255 255 172 162 255 77 0 37 255 81 15
    255 243 31 84 76 255 255 56 199 255 255 255 6 63 255 122 255 7 247
    255 20 255 195 49 243 255 56 54 255 165 255 125 255 39 28 255 255
    136 255 255 34 255 97 255 255 255 47 53 211 255 252 255 120 138 90
    228 235 215 113 153 180 255 7 79 255 255 144 215 114 255 149 220 108
    190 238 140 253 187 255 255 255 159 212 192 239 255 153 255 54 255
    255 231 255 255 63 213 86 227 255 105 242 228 255 84 225 43 142 43
    241 255 255 255 6 255 251 184 211 255 209 24 32 151 255 62 67 213
    255 190 104 32 171 168 255 160 66 255 255 214 255 139 82 230 255 85
    255 176 255 255 217 14 255 255 255 255 199 255 255 213 233 255 155
    255 255 142 17 255 255 255 79 61 255 112 183 60 255 255 255 71 255
    255 255 80 138 245 15 255 120 155 24 255 147 37 255 175 160 255 160
    175 255 89 182 0 12 230 255 255 255 255 176 235 255 249 255 255 220
    233 67 255 255 4 109 2 255 255 60 255 7 255 82 255 60 255 65 104 43
    255 255 255 255 128 255 255 172 189 246 10 255 18 5 150 255 238 165
    209 133 255 44 255 137 118 53 255 223 41 255 172 255 15 184 231 93
    14 255 255 74 167 255 220 255 209 201 218 255 255 203 255 25 214 26
    221 58 56 223 133 161 85 231 255 255 92 255 255 255 79 63 60 236 7
    112 255 109 163 255 187 255 90 69 255 52 195 150 255 74 255 79 255
    255 22 72 7 255 131 255 255 186 95 142 255 255 255 255 255 208 255
    255 255 255 148 255 39 255 255 129 255 255 255 255 155 23 228 255
    255 255 140 164 209 50 255 255 6 255 237 255 106 199 13 32 187 245
    186 255 255 210 226 255 255 134 180 37 95 255 164 250 255 149 94 252
    255 255 193 66 9 19 95 245 112 255 255 255 255 92 151 114 255 255
    127 65 255 175 255 255 237 223 142 12 255 255 238 255 82 253 255 255
    6 88 165 255 83 255 255 255 196 255 162 4 113 61 110 23 24 230 255
    255 255 255 51 69 175 196 255 255 255 255 190 248 183 80 82 196 55
    255 255 217 255 255 186 88 125 85 32 125 255 255 122 172 255 198 242
    225 255 255 255 255 255 82 255 147 255 255 255 255 255 30 211 196 41
    255 0 255 225 129 63 209 194 66 53 213 158 189 255 227 92 142 255
    255 79 188 255 208 255 70 255 255 63 255 98 242 202 52 255 255 85
    255 255 190 172 255 255 218 255 208 235 21 48 111 255 32 20 95 114
    165 129 44 24 122 96 255 185 55 255 133 255 255 255 255 237 22 173
    78 122 255 255 13 246 133 247 54 31 19 100 223 255 109 216 209 144
    216 255 157 109 255 245 41 255 208 167 36 177 7 193 92 255 178 109
    255 97 153 255 120 50 255 6 100 95 178 166 187 77 45 65 101 160 36
    254 55 255 19 235 29 255 47 216 255 255 82 112 255 123 2 84 233 255
    255 70 255 109 255 90 219 255 255 242 53 54 248 255 39 235 94 187 43
    255 255 255 182 157 168 255 52 255 255 255 51 255 239 245 255 255 81
    3 255 216 158 219 40 255 255 110 243 255 255 153 146 94 255 255 28
    34 255 107 255 148 228 129 69 155 7 255 165 255 172 69 255 226 255
    255 255 15 255 247 255 255 255 146 255 30 255 248 255 76 255 255 255
    37 255 88 134 19 17 7 127 121 230 60 61 179 37 78 51 140 255 255 77
    155 83 255 255 255 255 255 162 255 138 140 255 47 248 118 242 15 196
    110 255 255 255 255 230 230 255 15 122 242 247 47 255 255 250 255
    230 4 162 255 121 255 54 15 255 255 98 255 255 208 216 239 204 255
    255 105 32 79 164 141 0 7 255 187 132 131 255 198 189 155 84 41 255
    255 117 131 154 255 165 255 226 255 255 116 255 198 255 255 129 255
    41 255 37 241 110 114 255 44 255 255 171 255 255 224 255 86 103 201
    211 187 233 0 255 65 255 246 255 255 255 15 255 191 255 255 44 255
    75 255 255 255 100 255 127 213 255 86 255 255 150 227 226 255 243
    255 43 255 22 255 7 158 255 140 255 255 165 255 255 255 255 255 165
    51 255 105 117 11 205 206 24 124 255 26 103 7 255 139 170 137 83 88
    140 50 255 255 25 255 255 255 255 255 205 255 148 44 255 200 3 60
    255 255 255 255 255 85 255 165 255 255 208 255 112 144 129 236 195
    163 243 69 70 255 255 83 255 166 255 255 255 27 255 81 112 37 22 255
    24 255 255 180 149 255 39 25 100 255 107 85 255 255 160 255 255 60
    170 255 254 255 146 255 138 188 255 255 255 53 254 19 255 108 70 255
    133 255 196 255 255 53 255 52 255 32 206 255 255 11 255 159 172 255
    255 19 191 86 65 255 37 226 255 255 117 255 255 255 199 255 184 255
    11 91 255 255 255 51 247 255 245 255 184 19 88 255 49 200 255 255
    255 255 255 112 142 255 254 89 58 255 255 225 129 255 80 159 234 235
    255 120 68 255 154 255 255 107 255 255 29 146 255 255 225 255 10 170
    255 52 255 255 239 170 49 226 92 172 89 209 255 241 255 255 122 248
    80 255 255 97 96 226 37 255 255 255 234 255 185 219 218 64 255 255
    17 255 146 180 100 109 255 89 49 255 87 255 255 255 22 255 255 133 0
    205 206 255 238 255 255 99 97 255 30 255 255 255 88 255 175 255 255
    255 255 255 0 255 107 81 255 249 255 255 39 217 43 251 51 255 213 87
    255 255 255 255 255 17 168 52 78 255 243 180 24 255 255 255 41 151
    20 255 121 255 255 255 255 219 169 255 118 61 255 163 180 41 9 255 5
    13 255 226 67 255 218 125 205 99 255 183 255 221 234 168 151 135 255
    255 255 255 103 149 255 230 150 255 254 33 255 255 255 66 255 81 151
    255 172 211 159 59 112 255 45 180 255 183 211 255 83 75 174 255 255
    174 255 245 255 255 228 92 36 255 34 149 255 153 255 255 255 190 255
    255 255 218 255 239 255 13 149 255 219 135 209 255 248 24 107 255
    245 255 239 255 174 255 172 217 255 255 129 219 90 73 208 73 146 255
    242 255 32 255 251 230 106 172 255 255 230 37 10 56 252 255 71 105
    255 166 54 104 24 52 111 255 255 255 255 105 216 209 158 255 146 72
    255 255 87 255 213 255 255 181 186 123 255 190 9 32 255 255 255 255
    255 206 132 255 108 118 255 151 255 255 144 255 255 13 21 208 137
    255 100 168 102 255 110 255 255 255 4 255 255 129 255 255 131 83 198
    17 255 200 255 255 255 129 27 247 234 255 255 255 255 255 255 170
    255 44 255 255 241 199 255 11 184 255 138 66 255 255 134 255 138 17
    226 255 179 202 8 172 255 154 255 255 113 48 198 56 255 157 1 255
    172 132 177 249 140 255 255 32 255 65 227 191 255 105 255 26 186 255
    255 255 177 217 252 243 99 190 255 255 206 87 213 255 255 255 69 255
    168 176 255 255 255 102 30 45 255 255 37 82 255 66 77 116 114 233
    255 199 255 255 39 116 185 50 255 255 255 134 226 255 111 200 66 204
    178 248 162 255 10 196 200 255 53 189 67 87 82 227 255 255 226 255
    131 255 77 50 125 255 234 255 48 144 255 255 241 63 187 255 166 255
    17 140 255 245 105 151 255 22 39 135 239 255 73 122 255 93 161 255
    90 216 192 151 118 2 255 85 46 255 25 255 4 255 255 255 255 140 249
    255 107 255 255 255 255 26 255 255 128 255 255 157 204 255 99 61 135
    147 255 178 169 201 255 255 255 103 66 255 255 255 255 255 4 255 255
    255 255 255 146 194 101 39 216 150 255 255 54 255 48 202 61 228 255
    160 255 50 114 194 133 255 255 255 164 255 255 0 172 17 162 255 191
    193 255 255 232 7 255 23 20 255 255 255 219 139 255 255 70 9 255 217
    255 47 55 90 69 195 187 255 255 255 255 255 218 138 193 255 19 255
    43 127 58 255 60 255 12 114 76 255 255 58 54 255 154 109 255 239 255
    181 106 252 155 202 7 180 172 233 185 255 255 255 255 95 45 129 255
    255 17 233 107 188 90 65 81 255 39 206 15 153 17 68 213 255 255 255
    158 238 255 255 100 64 255 32 255 255 255 255 89 157 170 34 228 47
    255 255 255 210 160 137 213 111 251 255 255 150 255 92 47 62 255 71
    238 34 255 55 194 9 177 216 255 25 255 255 146 7 255 58 255 161 255
    255 211 89 185 159 194 138 255 41 255 255 69 255 90 255 255 191 34
    255 226 188 104 255 255 248 226 255 255 4 29 255 255 255 255 255 124
    255 255 255 126 255 87 255 30 135 19 232 111 123 249 223 255 255 138
    255 125 219 255 176 116 254 9 255 255 224 179 10 255 116 255 52 231
    240 133 98 255 255 255 75 255 248 255 255 255 255 255 95 255 37 230
    255 255 249 61 255 175 187 30 165 7 255 255 60 255 255 44 251 158
    255 255 246 10 232 92 7 163 255 97 133 255 255 255 255 255 255 184
    245 172 59 3 9 10 233 255 132 255 191 255 255 58 206 255 255 102 255
    135 255 100 155 255 233 255 204 174 255 255 182 255 143 255 97 8 56
    255 180 255 255 210 140 116 160 112 255 255 255 255 22 255 234 255
    255 221 210 36 255 76 148 255 45 255 58 199 218 255 40 133 255 255
    85 255 88 177 58 73 70 255 11 255 255 255 255 150 113 255 255 47 255
    255 41 185 165 205 255 255 70 255 95 106 88 255 63 85 223 255 255
    255 140 140 255 255 99 133 255 46 255 255 225 183 255 66 138 124 117
    202 255 63 255 37 255 105 113 90 47 47 201 34 18 255 255 76 255 255
    143 19 255 255 255 255 160 71 107 15 119 255 231 5 131 81 12 170 118
    255 255 255 255 0 182 255 255 3 99 67 138 92 60 188 255 255 10 92 21
    217 255 255 180 226 255 255 141 255 190 255 255 161 255 217 165 255
    77 255 10 255 186 2 255 255 117 255 76 153 255 14 255 176 255 83 255
    255 162 99 120 255 255 94 255 172 255 255 255 255 97 241 41 255 255
    226 255 255 140 255 183 190 225 213 199 255 52 171 255 255 255 255
    11 246 255 239 120 255 255 33 255 255 173 255 255 255 148 7 255 87
    255 255 95 255 255 255 255 19 255 189 113 255 43 43 255 255 146 255
    255 255 85 255 120 255 0 246 255 255 177 3 255 255 189 247 255 179
    193 172 32 172 255 114 82 62 165 118 231 63 255 18 255 129 84 255
    157 83 252 127 168 255 26 255 95 198 255 77 180 255 255 255 255 143
    45 255 255 255 114 29 196 255 255 99 255 255 37 150 255 228 171 250
    251 237 209 255 14 255 255 255 255 198 155 255 223 219 104 255 246
    206 191 6 216 239 92 255 255 173 255 255 255 240 255 219 255 178 255
    255 237 255 255 22 164 58 255 153 235 120 55 255 194 50 255 255 107
    51 255 255 37 255 124 255 69 255 255 252 54 223 0 91 255 239 255 150
    255 107 255 255 255 255 157 43 255 49 255 177 255 99 121 209 4 180
    73 255 211 75 54 70 150 255 213 255 255 126 255 36 80 193 144 26 230
    255 255 185 234 51 120 94 129 99 255 31 255 171 9 58 77 5 255 89 216
    255 114 2 255 255 255 255 11 255 255 3 255 215 255 185 255 83 208
    148 234 192 255 175 99 133 255 255 153 54 41 255 77 199 255 255 255
    255 177 255 230 55 0 47 41 235 255 255 43 163 78 225 2 199 88 255
    239 146 255 183 255 103 14 255 174 37 255 255 127 255 255 106 3 75
    255 255 122 255 17 255 6 255 255 88 187 249 88 237 255 255 41 17 255
    100 239 255 255 159 109 140 69 139 114 178 19 216 255 255 255 120
    231 255 120 84 255 142 255 20 155 250 14 255 61 27 255 183 255 24
    237 255 255 158 255 255 255 254 208 19 255 110 255 5 255 30 255 108
    69 220 65 117 2 255 255 221 255 41 32 50 255 255 174 202 255 255 162
    196 123 210 95 255 40 12 255 127 203 255 249 194 255 183 255 255 122
    255 226 59 26 243 81 255 251 255 204 84 206 255 255 255 255 255 255
    255 73 45 255 60 246 255 108 246 184 4 205 255 41 81 60 255 0 255
    170 21 255 255 205 214 255 128 255 73 255 255 239 255 196 206 255 20
    255 255 255 255 129 255 206 105 83 221 78 208 255 255 54 255 116 255
    80 92 228 255 255 31 206 7 189 157 228 255 255 70 255 28 238 58 255
    140 24 241 3 255 254 95 134 45 67 179 79 133 82 255 255 255 255 149
    12 45 29 255 15 255 151 64 223 213 125 142 242 13 140 51 255 55 255
    217 110 174 161 45 97 71 26 255 239 172 255 247 197 255 224 166 136
    99 255 255 255 96 213 58 241 255 255 255 177 30 124 153 255 253 153
    6 63 255 30 179 201 73 12 255 255 183 255 255 164 17 255 255 49 168
    173 82 28 142 112 255 255 102 79 173 255 241 127 107 255 161 255 255
    255 255 217 72 255 255 255 208 80 6 255 129 246 255 60 255 133 255
    206 255 255 255 37 255 157 255 58 255 255 32 255 255 172 191 43 112
    18 160 75 197 22 157 150 73 255 255 255 255 177 46 255 255 36 255
    255 54 255 220 255 243 255 255 181 199 100 255 124 255 255 11 17 52
    255 10 230 124 255 255 255 12 32 255 17 255 219 255 142 255 97 255
    131 189 255 231 214 75 19 102 200 10 255 232 44 111 255 255 255 239
    255 97 255 255 255 191 15 255 255 255 165 92 255 39 255 204 155 255
    146 36 255 44 255 37 87 255 80 165 61 255 255 255 82 116 225 255 36
    255 255 184 9 255 255 111 255 255 255 255 103 20 255 40 73 54 125
    255 255 10 126 255 255 97 151 175 204 255 70 250 255 234 255 255 47
    255 114 47 255 255 223 255 60 255 151 127 157 129 255 255 191 71 210
    36 120 201 255 255 255 75 255 255 255 41 255 255 255 124 177 26 95
    255 200 121 255 60 78 31 255 255 255 255 155 255 90 255 255 255 7
    255 255 194 255 255 166 255 255 65 80 54 157 255 135 87 255 255 255
    243 180 180 123 247 205 255 255 29 49 241 18 255 22 255 255 135 106
    94 255 255 73 50 70 255 255 194 129 254 21 255 255 255 206 239 228
    255 255 172 255 255 255 63 64 177 255 52 255 255 88 182 255 4 43 255
    17 213 75 153 187 117 255 91 119 255 51 90 153 223 111 232 144 255
    24 255 248 255 208 97 255 33 117 255 69 255 255 193 255 254 255 255
    73 255 15 159 55 233 32 182 255 219 11 255 255 94 255 255 255 255
    146 238 39 237 162 37 159 255 214 255 102 182 255 205 255 255 255
    255 255 209 255 255 255 34 255 166 255 7 76 53 255 164 2 206 127 255
    255 201 165 255 44 223 221 91 237 255 173 145 161 52 87 82 161 255
    255 202 172 247 234 177 226 133 56 7 155 255 129 237 255 50 111 250
    60 255 5 172 255 255 219 255 255 193 66 255 108 125 255 105 98 255
    255 227 189 255 147 124 255 255 187 255 191 255 255 59 9 168 14 255
    37 255 255 4 15 41 97 131 255 255 252 194 92 237 255 255 255 48 255
    45 255 148 121 168 255 255 204 71 255 94 255 158 255 255 255 255 255
    21 255 191 114 146 21 39 255 159 255 225 255 92 112 255 59 121 50
    249 255 193 255 255 255 255 255 255 63 255 254 255 104 255 129 75
    116 45 214 255 208 255 30 186 255 255 255 255 255 171 255 255 202
    255 255 11 255 255 73 136 153 255 216 255 255 140 255 85 83 21 133
    177 255 125 60 32 177 255 11 219 148 125 255 255 163 11 255 223 255
    141 75 116 255 255 255 134 255 12 140 255 127 119 255 131 247 255
    255 255 255 29 255 112 255 2 99 32 66 34 78 255 140 255 151 255 32
    255 54 67 255 181 74 255 255 94 255 118 19 255 39 226 255 36 15 213
    255 255 255 255 83 255 187 22 75 60 47 51 69 255 216 255 234 255 255
    228 255 255 234 255 255 205 194 108 74 255 255 255 17 255 250 243
    142 220 170 255 255 151 255 255 170 255 25 255 255 255 136 135 55
    255 58 33 63 255 89 211 65 255 158 84 255 191 93 255 140 255 95 255
    255 120 255 71 105 226 9 114 197 255 255 255 65 44 255 22 204 255
    107 50 243 135 62 242 120 23 65 255 255 214 255 143 255 34 182 240
    255 255 255 105 202 255 255 180 12 157 210 153 255 255 9 255 243 255
    202 40 255 4 91 131 255 107 123 247 255 255 176 255 49 103 122 255
    241 7 255 41 255 255 65 157 255 69 220 255 54 150 255 34 73 255 255
    176 255 255 84 255 112 191 255 237 150 255 15 255 255 120 255 255 50
    175 49 198 113 255 255 249 255 255 255 255 151 4 136 176 255 255 6
    255 255 135 125 213 255 228 230 255 23 255 165 213 48 2 255 255 163
    143 255 255 253 255 255 242 255 204 255 138 103 34 204 255 40 255
    123 184 111 120 255 248 110 230 99 2 100 255 255 209 255 255 231 155
    28 255 65 32 133 123 255 255 126 103 255 73 24 255 255 255 255 17 47
    255 255 255 153 5 236 8 255 255 255 31 224 227 255 255 255 182 15 52
    255 4 43 213 32 125 85 103 106 66 255 255 255 255 235 255 125 255
    201 221 21 206 32 201 255 255 22 102 142 255 43 215 179 41 133 255
    255 255 255 228 118 250 157 255 255 255 181 255 203 19 188 199 140
    67 158 194 94 255 64 122 255 151 182 255 84 43 213 255 255 34 255
    188 240 41 17 255 255 102 255 36 255 157 110 255 5 157 26 223 255 81
    250 2 51 255 255 48 24 15 89 14 88 255 243 71 255 63 236 107 255 131
    217 255 255 255 255 255 255 44 228 176 7 243 28 216 26 255 255 120
    250 5 67 255 170 24 114 255 255 255 255 159 110 61 255 241 211 255
    238 128 255 255 87 255 171 3 255 45 174 255 45 157 255 65 90 30 255
    221 255 147 143 180 177 255 73 245 255 123 147 37 255 154 242 0 227
    10 239 41 255 92 252 78 255 8 255 255 39 255 255 255 255 228 197 255
    49 255 185 255 26 94 79 128 36 211 186 255 255 176 231 255 224 10 15
    0 255 255 73 80 159 162 73 255 255 140 75 78 196 255 19 255 255 255
    255 172 255 255 255 255 151 255 255 255 191 15 255 224 58 255 30 48
    230 255 121 102 247 255 203 219 237 201 226 255 255 208 255 255 125
    99 174 236 175 255 255 255 15 255 224 255 153 255 43 255 34 255 209
    216 247 237 1 255 213 48 255 255 117 255 255 242 226 36 210 162 255
    255 255 118 255 10 39 255 116 255 255 255 255 230 179 255 172 185
    255 206 163 101 217 255 255 102 255 255 255 255 144 255 60 228 255
    189 255 179 31 255 188 255 56 155 255 255 149 255 142 190 197 255
    255 70 255 241 255 255 67 180 255 4 237 255 206 218 224 142 43 103
    63 82 110 62 255 255 243 123 255 117 90 110 231 151 112 100 255 255
    255 102 255 253 56 255 224 255 255 45 201 101 84 255 255 87 192 255
    224 204 255 96 70 255 40 128 255 195 255 108 127 255 22 168 245 232
    255 255 255 30 255 191 34 255 105 204 32 47 246 7 255 56 44 255 255
    255 255 92 10 255 3 255 255 114 12 237 230 213 255 143 206 19 55 172
    255 255 255 255 255 114 255 255 71 241 187 255 255 204 2 101 255 68
    255 62 254 255 150 255 105 239 153 255 96 148 255 94 255 45 25 197
    138 124 255 255 45 180 90 255 31 120 14 14 255 255 54 151 255 255
    255 255 255 150 135 170 234 25 255 213 54 70 255 216 12 155 146 255
    255 132 24 255 128 255 2 19 255 45 255 209 105 255 112 255 55 255 88
    61 167 112 206 216 255 216 80 22 132 87 219 249 255 131 255 43 255
    235 179 247 255 48 255 255 5 255 183 218 255 215 255 92 255 99 153
    226 165 181 33 255 239 232 255 116 22 194 110 255 97 118 103 255 170
    121 228 255 255 2 223 14 255 178 144 44 254 92 49 140 37 255 161 253
    255 65 44 255 255 186 109 82 201 220 122 44 136 255 177 36 118 111
    170 151 48 255 255 28 109 255 28 68 142 48 172 213 140 255 80 15 141
    114 255 60 255 255 63 255 128 36 255 36 255 255 255 204 168 135 255
    254 215 116 196 217 255 255 243 184 26 255 141 127 151 255 255 176
    255 230 182 2 255 255 223 112 169 255 153 213 255 255 66 255 196 255
    12 71 255 20 255 63 53 255 255 197 255 151 170 255 184 148 64 206
    213 255 11 136 99 153 151 255 255 106 73 255 112 157 255 209 140 37
    58 118 255 255 172 175 255 191 125 170 255 157 14 255 255 255 255
    255 111 255 166 100 178 139 255 193 83 254 255 139 255 237 243 255
    255 255 255 135 188 151 232 84 34 255 255 225 255 226 255 255 176
    255 71 219 123 187 255 17 255 235 255 215 255 123 67 113 255 90 160
    255 255 113 255 75 50 75 255 84 87 255 162 88 224 193 255 2 216 255
    200 54 255 234 28 255 114 241 255 255 84 206 255 216 66 103 223 90
    146 255 148 255 51 255 226 252 106 226 255 255 82 1 255 255 255 174
    255 255 157 247 194 255 255 241 189 172 255 255 60 239 80 146 111
    255 255 88 255 255 255 182 255 255 255 135 223 148 255 210 255 255
    255 119 255 47 26 6 85 255 255 172 68 255 149 255 211 26 187 255 230
    255 255 255 175 255 195 255 255 204 172 163 255 255 255 83 214 255
    48 255 178 215 255 93 45 255 129 169 255 255 45 43 255 150 136 255
    255 92 230 255 250 255 116 163 255 29 255 255 59 97 80 255 240 255
    255 255 255 136 255 97 69 5 200 255 94 228 18 53 255 255 226 255 255
    9 255 43 252 204 77 255 67 255 255 224 157 151 193 151 255 202 224
    80 255 73 206 255 107 61 230 191 255 255 168 194 15 199 88 82 34 255
    56 255 223 255 142 238 97 255 94 255 255 208 183 157 43 234 239 22
    255 98 116 215 255 255 144 56 3 88 77 255 73 54 255 17 255 80 255
    135 26 255 255 255 209 212 238 123 255 255 255 30 82 172 255 112 187
    197 255 255 198 170 255 255 255 255 226 255 255 3 247 88 255 126 108
    138 255 60 255 255 255 232 165 120 197 255 11 55 31 255 255 112 202
    255 206 69 98 255 255 1 162 255 73 29 255 241 99 255 255 107 236 6
    49 255 255 44 255 91 9 255 162 255 236 219 211 255 206 220 255 3 255
    255 255 255 114 131 14 255 39 255 174 238 197 255 28 255 255 241 255
    194 146 184 255 162 184 255 17 0 86 255 255 255 202 65 255 10 63 255
    81 255 255 224 107 142 151 124 255 23 15 255 255 255 80 165 95 255
    80 255 209 89 124 209 8 255 239 44 43 255 205 255 50 111 126 255 36
    255 172 110 63 103 255 17 236 117 129 255 186 255 247 255 255 151
    255 82 255 65 255 161 190 157 4 255 123 221 39 157 255 99 255 97 255
    201 255 100 5 255 171 255 255 118 255 255 255 230 255 245 27 108 255
    255 208 198 82 255 238 167 185 37 209 127 208 255 215 106 95 255 14
    255 255 28 99 255 191 255 146 197 73 129 147 255 255 8 213 255 25 43
    150 32 255 255 182 63 255 142 189 6 255 192 255 255 116 255 113 102
    56 255 255 86 143 99 153 80 134 255 255 163 223 219 71 255 210 206
    252 114 255 255 67 255 243 133 131 185 73 255 255 133 255 88 255 255
    84 255 255 255 209 255 150 120 160 204 36 24 255 215 56 37 255 243
    255 59 73 255 3 153 255 132 255 255 255 85 255 127 247 255 255 213
    129 255 255 251 255 255 245 124 0 21 33 255 21 226 255 255 11 250
    255 199 255 255 255 255 255 255 206 228 255 71 255 78 238 37 213 255
    99 206 243 129 78 75 28 164 255 43 62 255 247 255 255 255 255 123
    255 255 255 255 255 255 255 197 255 181 96 235 234 118 56 178 132 60
    255 179 237 170 188 168 255 6 255 255 33 3 255 95 228 255 122 255 65
    255 68 105 54 255 187 208 255 146 255 255 255 255 255 255 255 172
    255 33 172 255 33 255 255 96 0 255 87 213 241 255 255 148 54 255 196
    255 255 228 246 233 230 255 255 255 100 255 56 10 26 255 144 106 75
    179 225 255 21 182 255 188 75 77 65 255 0 59 128 7 202 252 183 255
    243 254 227 220 21 10 51 255 216 255 153 255 255 255 255 255 75 245
    255 249 206 255 255 32 78 209 255 255 255 95 255 103 78 191 255 4
    214 193 255 255 131 43 255 45 250 231 255 255 255 187 19 7 255 255
    255 255 176 255 255 255 255 255 171 255 36 255 63 255 155 255 183 98
    138 255 22 255 255 183 255 79 25 51 110 166 102 255 255 255 255 120
    184 150 210 255 255 255 255 255 109 17 228 89 255 255 255 255 255
    117 73 255 41 211 255 183 255 178 55 255 116 255 182 122 223 255 183
    88 255 80 255 255 7 56 131 239 255 255 255 202 150 163 235 14 34 255
    189 255 255 225 255 175 228 239 180 255 255 118 255 255 175 255 255
    102 162 232 255 255 247 109 106 120 226 255 255 255 255 234 228 255
    99 84 14 185 43 199 255 21 255 30 255 15 255 255 255 114 255 255 255
    238 255 88 51 12 148 10 255 90 131 255 146 230 187 211 32 255 255
    199 39 255 255 255 255 45 255 142 69 199 172 183 255 122 224 231 255
    232 43 255 255 255 52 3 36 255 150 168 88 226 255 255 19 255 255 230
    255 255 23 66 168 255 131 255 33 240 255 88 24 19 33 184 255 255 255
    255 43 27 232 245 167 185 173 255 13 56 247 92 147 255 64 230 255 22
    255 199 208 26 54 255 255 162 159 202 29 88 255 255 223 210 97 62
    255 240 255 99 70 204 255 140 255 0 44 193 127 61 243 33 182 255 255
    255 255 241 255 30 50 26 34 59 255 255 206 143 224 235 208 209 255
    114 255 210 194 255 110 255 142 47 255 255 111 73 255 91 191 37 109
    208 236 100 97 67 176 213 129 63 134 255 255 255 255 3 12 7 241 111
    255 255 255 13 17 255 255 255 61 255 255 9 255 255 94 255 255 214
    255 78 255 34 255 255 166 83 255 64 3 87 176 19 191 112 255 255 252
    171 231 209 255 255 255 69 165 194 194 32 127 105 255 140 48 46 255
    55 255 30 25 255 255 223 77 209 83 56 2 255 226 232 155 143 252 50
    255 221 176 209 77 7 255 255 94 37 237 255 134 49 216 48 255 188 235
    255 165 230 255 253 48 168 162 148 208 202 226 88 209 255 172 231 9
    255 202 255 255 230 255 127 180 255 255 255 78 56 255 88 255 255 204
    255 106 255 45 238 255 255 146 255 133 255 17 77 255 49 255 212 60
    255 15 255 243 255 151 255 255 255 255 113 255 255 255 185 73 255
    255 176 255 78 255 224 3 255 10 39 255 204 177 255 255 255 45 166 43
    7 22 255 255 255 255 255 255 109 168 8 172 168 127 255 232 209 252
    237 37 255 255 255 255 255 15 197 255 169 237 49 234 167 255 255 102
    140 128 255 180 190 15 80 47 180 226 122 165 92 255 255 47 76 255
    255 255 97 112 139 172 17 11 255 255 255 255 237 149 255 255 255 102
    80 197 5 82 191 53 108 76 12 159 125 95 239 3 255 208 228 12 183 44
    255 168 255 126 60 89 204 180 63 255 223 205 255 9 28 99 255 255 180
    255 217 255 93 133 203 255 255 20 178 33 117 120 255 255 37 109 255
    159 255 255 255 138 255 255 191 231 255 8 255 255 29 218 255 223 255
    255 99 148 255 124 136 237 255 255 108 255 197 67 51 255 255 255 255
    114 255 255 255 226 255 211 255 255 36 140 255 255 234 197 255 136
    31 255 154 255 254 232 255 255 166 255 219 255 218 255 157 255 255
    220 204 255 255 255 236 255 111 255 118 255 93 255 65 58 255 37 255
    191 141 90 47 255 168 23 255 255 198 255 255 202 83 255 252 140 228
    99 255 255 146 204 255 74 165 84 144 189 255 72 255 176 255 255 255
    8 170 122 255 255 45 135 255 255 29 160 255 1 255 47 0 39 255 30 255
    118 70 119 34 45 255 255 143 123 108 186 233 255 205 119 75 33 255
    24 182 255 168 17 87 204 51 10 116 47 97 19 255 39 255 1 68 255 83
    31 255 155 60 15 23 31 255 105 255 255 184 255 236 143 189 255 151
    44 255 221 255 146 22 123 211 80 129 228 194 255 127 133 85 255 237
    255 17 255 104 79 88 203 255 221 255 255 217 255 49 199 230 123 243
    233 255 255 254 255 255 48 165 4 255 198 230 255 37 239 174 255 255
    255 255 255 116 161 177 255 255 255 255 255 48 208 255 198 255 255
    221 226 209 92 255 239 95 255 255 171 119 255 139 255 4 166 95 255
    11 255 161 255 255 255 169 162 255 166 255 255 213 123 148 255 85
    183 230 177 215 255 12 148 106 208 237 210 20 255 255 123 255 255
    129 52 241 255 255 255 255 255 70 255 232 99 100 142 208 187 255 255
    87 9 255 255 255 113 112 26 131 255 255 162 255 108 61 255 138 85
    255 255 234 213 255 21 255 255 70 14 255 217 248 255 199 255 255 144
    255 105 29 66 123 234 255 4 12 179 37 121 19 116 91 255 133 91 255
    255 147 116 255 25 255 255 18 255 255 142 255 236 255 119 110 235 41
    232 243 255 140 255 255 148 213 255 69 255 255 255 255 255 255 250
    92 93 195 22 105 195 231 255 23 140 123 255 128 255 74 155 255 216
    255 255 176 54 239 66 32 255 54 77 251 48 37 255 153 255 174 47 255
    255 249 255 255 41 255 255 226 243 151 245 51 88 41 255 183 213 255
    255 48 53 255 29 255 150 255 12 232 36 255 255 255 131 255 77 158
    255 238 153 107 255 70 255 255 237 255 157 255 255 204 255 80 226 80
    226 255 255 165 255 199 194 198 255 133 255 231 255 215 255 255 255
    78 255 135 255 206 109 2 221 28 53 60 255 255 208 220 255 255 255 95
    255 216 179 255 255 255 255 243 255 255 161 233 206 228 143 135 255
    43 17 212 255 255 243 10 255 124 175 88 48 43 49 255 37 181 113 187
    204 18 109 120 94 255 237 209 123 112 8 255 67 255 66 110 62 53 255
    114 206 255 51 146 108 255 255 45 25 255 45 182 255 45 157 192 255
    228 54 84 95 255 255 255 255 129 255 168 93 255 235 135 22 192 221 4
    255 58 223 233 255 164 61 255 238 255 209 96 255 150 173 153 255 168
    167 221 206 121 255 111 255 247 255 111 255 124 165 176 129 175 125
    14 73 34 92 141 180 62 78 170 23 213 255 255 112 255 47 245 71 39
    255 206 255 71 69 128 255 99 255 255 255 193 255 255 255 46 60 36
    255 103 1 248 255 255 243 170 252 255 255 237 221 255 245 255 93 195
    255 255 50 121 255 45 5 97 153 245 255 234 255 228 40 153 165 216
    211 138 231 20 255 144 206 255 17 140 255 81 255 93 255 255 255 76
    255 224 87 235 255 114 255 255 118 255 255 255 46 189 76 54 95 194
    214 236 12 255 161 55 95 90 105 255 84 243 226 116 216 255 137 23
    255 73 255 187 60 255 71 209 255 228 255 41 189 255 172 9 255 73 255
    255 255 255 105 29 194 138 6 163 255 30 255 118 255 255 54 212 243
    170 45 66 69 255 151 36 173 97 255 230 237 255 255 17 255 232 255
    255 34 255 34 246 204 255 220 255 255 172 255 202 255 255 185 238 46
    181 202 255 88 252 39 172 255 255 93 77 255 193 255 31 255 160 255
    255 140 255 255 80 255 112 255 49 255 85 225 36 255 255 255 255 255
    255 255 252 255 255 136 99 255 255 39 234 255 255 22 131 215 255 255
    255 51 77 255 132 255 224 194 255 170 116 255 80 171 255 255 255 9
    255 10 255 239 81 255 32 153 223 255 255 231 79 65 255 166 99 153
    176 235 255 180 140 213 172 248 43 19 7 255 255 111 66 255 102 128
    80 255 172 255 198 255 65 255 180 255 155 255 255 193 255 255 253
    255 2 255 255 213 255 255 255 172 174 198 142 255 150 255 26 255 255
    255 166 100 15 255 193 167 255 193 255 255 255 242 135 255 100 255
    252 26 255 10 255 153 94 85 255 210 208 82 77 255 82 116 255 255 100
    254 82 4 61 88 255 206 108 255 197 144 99 235 71 136 255 245 255 255
    2 87 255 4 26 255 255 215 133 54 255 106 181 169 73 219 40 203 153
    255 255 0 15 158 255 204 255 249 187 145 211 132 194 255 193 255 245
    255 255 255 154 20 138 15 148 105 255 235 19 132 255 73 255 160 168
    59 194 24 255 255 148 255 223 255 58 255 255 255 60 77 255 255 6 74
    116 166 255 223 241 224 255 178 74 255 166 255 37 64 22 165 255 255
    255 255 87 90 2 210 196 255 21 71 255 255 255 255 248 129 144 255
    167 21 171 90 255 252 116 255 255 43 255 255 71 255 193 228 26 26
    255 255 226 19 65 226 31 146 248 225 50 212 255 86 140 255 108 221
    255 255 255 199 230 149 39 217 28 163 181 255 238 255 160 15 255 91
    255 137 78 255 15 249 94 255 83 129 19 199 90 99 219 136 255 162 211
    255 217 124 255 36 214 114 220 255 255 160 26 221 177 255 75 255 211
    255 255 39 151 173 180 183 121 117 92 237 37 131 255 203 255 215 255
    176 182 157 34 125 255 65 255 255 165 220 255 255 113 255 237 139
    255 11 162 192 47 99 66 101 157 255 255 245 255 255 58 27 255 255
    174 15 144 255 37 11 255 255 193 255 245 105 255 255 255 114 255 132
    255 255 220 254 174 255 255 213 43 140 255 243 63 255 132 19 101 103
    255 255 194 153 255 255 99 255 252 174 255 8 211 198 255 151 255 166
    255 21 129 26 255 43 216 255 12 255 255 255 82 165 67 187 123 69 97
    255 255 248 255 70 255 255 255 174 255 127 194 255 194 255 255 183
    255 103 18 192 255 160 255 255 223 15 92 10 136 255 25 85 148 255
    255 255 184 223 34 6 7 24 158 201 255 255 199 101 255 165 255 179
    255 255 47 255 189 3 63 11 255 255 245 255 146 47 58 255 255 45 255
    255 169 102 56 7 255 255 179 255 50 255 182 0 255 255 245 1 158 142
    255 255 151 255 70 255 255 255 255 255 255 170 132 255 133 255 242
    202 255 172 21 98 206 255 255 255 255 40 15 142 54 201 123 149 20
    170 217 32 80 136 143 213 155 255 120 83 209 206 61 255 170 191 68
    99 147 250 19 255 255 255 106 238 28 109 119 255 22 255 30 110 255
    255 198 80 125 118 184 241 39 83 97 94 170 255 149 238 255 195 255
    251 224 31 183 255 255 255 245 87 255 255 31 176 124 255 255 255 170
    255 129 255 255 255 0 255 81 160 255 255 231 255 245 255 116 255 255
    148 255 90 237 223 226 255 72 255 215 165 206 170 205 134 223 182
    255 24 255 255 255 12 255 255 209 34 105 231 68 237 255 44 189 146
    148 255 175 7 249 255 255 255 109 255 236 223 255 215 255 255 148
    184 255 50 133 117 176 255 15 255 92 255 206 96 255 255 153 49 237
    255 226 255 253 179 30 153 255 15 255 255 15 255 10 255 255 255 247
    255 109 202 255 46 255 255 255 241 154 10 255 255 255 125 255 88 93
    204 29 6 127 245 209 8 255 2 255 192 255 77 255 255 52 255 125 25
    111 255 128 182 255 195 255 58 255 255 166 255 255 219 139 179 230
    255 104 80 179 255 255 55 179 150 177 255 28 255 255 255 113 180 255
    22 255 36 255 117 255 199 255 255 22 255 185 111 150 120 28 179 255
    62 111 157 151 124 65 65 109 196 193 191 255 252 255 255 212 255 255
    1 204 13 171 73 138 250 255 255 165 255 228 204 68 255 128 255 189
    255 255 226 169 119 255 245 255 255 23 134 163 52 117 172 118 58 255
    127 94 208 19 216 255 255 255 255 193 104 255 255 56 255 216 165 39
    63 255 255 187 255 255 180 220 237 226 255 234 255 70 135 158 255
    255 255 43 86 109 63 237 160 255 178 190 255 255 255 17 95 45 214 19
    11 27 255 255 248 241 96 131 255 67 153 185 255 255 193 255 255 97
    154 248 174 190 191 255 255 141 255 154 255 13 201 206 255 54 255
    193 255 255 142 61 255 255 255 255 230 186 208 202 62 255 255 255 54
    255 255 126 58 54 250 165 10 255 62 109 255 255 8 196 255 255 34 255
    255 36 15 204 255 255 150 92 86 209 129 255 232 180 255 45 3 138 48
    199 255 255 175 239 66 250 255 125 240 255 197 117 148 255 119 255
    191 172 45 109 158 255 0 255 255 25 255 255 45 162 255 253 61 255 37
    2 255 253 116 255 91 250 157 255 255 255 10 107 255 96 117 108 250
    218 255 124 179 255 255 75 181 142 225 255 255 255 254 48 243 255
    255 71 255 255 255 189 143 255 200 255 155 50 146 2 255 255 230 255
    246 123 183 223 255 255 255 206 255 239 63 255 149 255 255 162 255
    178 77 214 93 133 255 255 147 255 255 255 162 255 255 223 255 255 68
    255 77 220 153 184 70 252 164 255 24 113 123 255 63 255 71 255 255
    255 34 237 7 250 255 255 23 119 255 255 160 7 98 100 255 7 97 255 88
    255 255 11 138 255 199 255 255 179 248 62 255 255 255 255 60 211 110
    247 255 234 133 180 74 255 95 255 107 255 47 160 255 133 112 221 29
    255 151 109 255 56 172 255 241 255 255 219 4 148 230 216 255 71 113
    255 255 128 155 196 213 163 255 8 112 150 40 211 255 105 255 255 255
    255 255 255 179 161 10 235 90 255 223 255 255 116 41 198 255 255 209
    255 118 85 238 255 255 255 255 202 255 245 157 237 183 243 255 123
    228 126 255 255 255 17 232 255 255 11 255 202 138 10 255 117 255 255
    14 153 219 55 230 159 6 174 15 88 255 255 246 22 255 227 255 88 234
    107 230 255 192 255 237 255 255 17 255 255 168 255 71 190 209 37 255
    230 255 114 255 255 255 255 54 147 78 36 255 255 161 8 255 234 255
    255 255 255 255 150 1 255 255 255 206 255 255 29 4 166 255 255 255
    231 255 76 60 255 76 31 255 120 255 255 146 214 255 19 255 67 255
    167 43 217 133 255 87 255 255 37 255 92 138 65 255 234 163 37 202
    136 255 195 22 255 18 250 133 153 167 237 205 206 255 255 54 129 255
    242 255 161 255 255 124 192 140 166 223 255 78 255 200 168 191 142
    255 255 255 62 141 181 128 255 11 51 133 93 107 46 170 255 51 43 198
    88 17 255 9 170 255 255 255 221 155 255 56 255 255 76 223 255 255
    255 181 125 255 255 255 255 255 169 255 255 255 131 127 234 189 155
    102 100 151 180 255 255 77 60 80 235 255 217 255 12 255 204 255 255
    213 218 255 255 5 255 61 255 92 255 80 255 41 255 255 255 117 255 51
    255 255 100 245 114 255 255 255 158 49 255 180 255 88 37 20 255 232
    255 255 125 255 255 10 43 217 118 177 255 165 255 155 255 255 255 88
    255 232 33 119 255 255 255 58 91 162 213 12 49 202 98 43 103 202 255
    163 84 204 255 255 216 215 76 255 159 176 255 255 151 22 255 15 48
    255 120 150 45 173 255 155 255 41 107 255 56 255 227 60 140 239 70
    37 204 94 26 208 255 255 7 230 255 215 255 241 94 255 101 136 255
    255 255 255 187 198 92 255 52 66 86 34 255 255 255 255 255 255 255
    255 255 245 107 255 255 255 84 19 19 221 155 255 255 255 103 255 255
    181 63 157 77 54 26 255 118 61 103 255 97 255 255 20 255 255 255 255
    180 114 151 26 255 255 255 116 255 210 211 43 255 60 135 177 31 255
    255 138 80 113 203 28 255 255 198 255 255 255 25 90 7 7 43 86 110
    255 174 255 255 148 146 255 30 76 255 255 121 255 255 135 220 255
    255 255 24 45 10 255 66 255 219 4 29 255 253 117 137 153 255 92 242
    255 172 18 255 181 14 255 101 202 255 255 255 41 255 179 255 255 223
    252 255 235 255 255 171 230 127 54 255 255 255 31 215 103 54 150 255
    87 0 234 9 47 133 255 138 70 240 125 48 68 112 50 255 255 255 255 37
    81 80 255 132 126 15 204 255 255 255 15 129 255 80 255 255 255 79
    255 204 255 255 255 97 255 255 194 81 255 255 111 255 19 153 141 255
    55 255 255 255 255 255 255 128 255 61 80 97 54 189 255 255 255 21 94
    255 9 131 237 255 186 255 36 21 213 138 255 37 255 50 255 255 155
    255 255 168 255 123 62 56 11 25 100 99 21 37 255 103 77 32 36 255
    255 193 157 151 0 255 17 235 255 255 252 255 17 255 255 202 37 5 255
    216 255 150 74 255 41 105 255 7 255 117 170 255 2 101 255 189 37 228
    170 200 255 213 255 255 255 13 255 71 181 255 248 88 255 129 255 85
    48 255 1 255 181 223 255 223 113 208 80 226 197 114 131 95 116 10
    100 73 72 209 13 147 255 255 255 255 47 67 255 37 255 140 255 255
    255 142 255 3 198 231 121 234 255 255 255 255 85 255 180 255 58 238
    43 255 190 255 255 255 0 131 206 114 255 220 255 255 191 255 255 255
    255 255 255 223 255 255 255 49 255 255 255 164 252 135 210 255 166
    255 242 255 253 206 255 255 255 86 202 66 255 7 17 92 131 255 255
    253 255 30 22 61 255 171 117 52 125 131 7 255 131 252 255 129 226
    144 255 82 255 146 255 21 41 110 1 32 255 202 102 34 255 192 133 255
    148 255 143 255 255 122 255 255 85 151 92 255 255 116 171 209 105
    224 255 185 66 255 137 154 255 230 149 255 200 255 104 202 187 206
    255 223 255 95 191 255 255 95 255 224 201 143 255 255 255 239 142
    255 255 227 82 168 190 255 255 255 255 255 255 238 255 43 255 176
    109 255 181 18 254 84 250 218 255 165 168 43 161 255 34 238 82 255
    14 255 251 182 15 191 234 225 133 4 255 194 255 220 255 253 255 146
    186 148 101 144 3 163 175 255 255 255 60 208 255 255 245 255 255 30
    190 208 32 10 255 181 48 255 255 138 112 255 255 129 79 255 255 255
    146 133 255 255 255 151 132 180 255 84 255 255 219 160 62 183 255
    185 105 106 127 12 5 86 149 37 255 127 255 255 121 255 232 184 255
    114 143 82 202 220 255 71 182 0 255 249 185 255 212 220 255 193 255
    232 125 174 255 255 255 15 140 255 255 255 179 255 208 116 255 255
    255 97 249 43 176 91 255 213 175 255 93 255 255 163 3 124 105 193
    255 255 255 208 24 155 128 217 69 255 58 210 12 95 195 255 255 78
    216 255 205 111 255 226 255 58 17 255 211 255 22 255 255 255 24 255
    255 41 217 255 82 183 83 21 176 37 196 235 230 58 56 255 116 241 104
    114 238 255 241 113 174 103 113 201 176 220 255 82 122 243 159 155
    24 255 23 78 151 7 255 255 100 65 123 47 102 252 56 255 255 17 255 6
    62 255 255 96 255 255 21 255 255 50 255 19 140 100 17 239 255 255
    255 255 255 255 255 71 235 255 196 228 199 146 176 221 138 45 226
    255 255 228 255 255 189 122 213 213 255 186 255 118 127 255 11 151
    255 255 212 66 255 255 255 108 114 71 255 133 61 255 217 255 255 172
    174 135 188 237 255 241 255 255 172 255 151 138 151 142 255 175 131
    136 58 255 102 192 255 195 7 255 255 255 255 3 255 90 14 95 255 227
    117 196 32 37 79 28 145 140 255 77 255 202 255 255 62 3 107 255 94
    90 11 123 255 255 247 9 124 160 112 103 124 86 139 255 103 52 255
    255 158 255 255 168 179 255 239 255 255 231 255 255 210 175 252 243
    238 122 255 255 255 255 255 88 255 242 255 188 255 50 210 70 255 59
    29 255 255 131 255 188 63 255 70 78 208 100 255 86 223 184 255 255
    85 255 96 242 255 234 43 185 15 97 170 179 255 255 150 191 213 255
    174 159 224 255 228 255 252 255 255 255 135 63 255 228 255 80 255
    114 48 255 255 255 45 111 39 174 117 191 255 255 255 255 40 245 34
    255 109 194 96 255 255 255 228 255 136 255 107 51 48 15 255 197 255
    176 255 255 14 255 215 146 255 108 217 43 165 216 10 255 128 255 255
    44 255 255 255 255 187 184 255 237 249 255 255 255 44 243 26 255 32
    62 255 255 216 220 255 255 151 255 62 255 255 193 124 189 255 107
    255 85 255 11 255 255 255 158 255 120 219 255 168 135 255 161 48 255
    62 77 255 0 255 136 255 255 255 223 255 168 255 255 255 79 208 255
    255 158 97 206 255 255 19 255 15 2 7 34 255 255 174 255 208 189 95
    208 255 255 255 61 183 110 53 148 131 255 97 21 255 103 255 255 84 0
    185 208 8 255 123 10 148 166 213 192 255 255 29 255 44 2 148 204 255
    255 67 177 255 154 116 131 231 255 114 146 255 43 105 66 255 202 29
    255 255 24 19 184 255 39 4 255 6 14 37 255 29 255 28 147 204 251 255
    9 90 188 255 255 255 255 255 12 237 255 255 255 255 234 255 118 30
    255 255 77 255 255 29 0 255 255 226 247 255 255 60 21 214 255 139
    180 208 239 94 93 133 255 58 125 255 116 231 151 255 33 48 82 255
    165 255 122 255 4 72 255 88 234 221 255 179 185 153 171 255 49 255
    112 127 255 31 32 172 56 4 255 255 118 124 12 255 52 53 135 226 255
    255 204 255 255 255 180 255 65 175 255 226 255 71 255 255 255 164
    209 255 132 27 213 165 255 133 12 252 191 255 255 202 63 107 255 255
    255 251 239 255 219 59 255 255 85 216 208 36 182 255 74 92 54 74 255
    255 219 255 255 255 255 151 85 146 116 255 184 148 114 255 255 197
    170 255 87 255 255 255 17 114 161 255 255 81 121 255 22 255 255 255
    255 191 1 2 252 215 255 170 161 255 138 255 151 255 184 255 241 133
    255 255 243 255 255 19 255 236 18 255 21 255 206 255 255 165 255 98
    157 191 25 157 166 165 185 142 255 255 0 177 255 54 0 17 191 146 102
    255 255 82 146 250 123 255 223 255 255 150 255 150 232 247 255 56 56
    204 105 255 138 12 14 58 111 255 255 77 65 165 231 56 4 37 121 65
    255 106 168 206 230 163 51 7 255 98 143 236 226 255 69 113 168 255
    142 197 50 255 37 255 8 143 71 72 255 77 255 131 217 168 220 255 48
    255 249 175 189 62 147 242 255 121 39 112 162 255 255 41 255 255 234
    255 243 29 255 255 188 121 191 103 163 62 162 221 187 63 114 133 255
    97 255 193 255 155 180 216 37 194 255 43 235 17 255 121 255 255 135
    83 30 235 255 112 3 255 215 77 12 116 158 255 255 168 255 255 23 255
    255 1 255 255 255 185 221 237 220 255 48 134 166 25 65 191 70 168
    108 255 255 255 87 111 255 74 201 170 50 163 204 99 60 255 0 3 211
    255 201 255 255 255 198 255 128 131 41 187 172 227 255 255 255 255
    255 255 255 103 55 123 255 72 10 180 250 170 255 25 255 49 255 150
    30 136 121 255 255 136 36 255 255 101 197 88 234 37 80 255 215 71 95
    74 255 255 255 123 28 220 174 255 255 255 137 107 255 255 43 255 120
    255 177 255 39 255 251 255 255 255 146 255 255 142 17 255 255 58 255
    166 92 151 129 255 255 180 182 255 173 131 255 157 17 146 77 255 255
    255 138 41 85 255 69 255 255 255 34 3 255 255 121 24 140 255 255 94
    255 84 39 138 255 122 255 255 4 255 170 62 126 255 33 7 146 255 43
    58 172 255 254 255 255 255 231 51 88 230 255 58 169 247 200 30 255
    255 147 240 255 255 116 191 206 43 254 70 255 56 105 255 255 255 255
    193 255 255 255 69 185 230 28 255 224 85 243 255 133 255 232 132 68
    255 255 255 255 217 133 255 255 162 255 255 162 255 66 230 54 255
    201 255 129 255 196 98 255 255 3 255 255 255 255 223 255 66 255 48
    255 236 11 255 54 255 252 237 255 65 255 255 255 211 165 255 180 114
    95 84 165 51 209 255 255 170 191 255 255 56 75 84 18 255 108 195 150
    28 15 90 255 255 255 255 241 0 13 125 143 255 162 255 255 219 255 36
    252 255 77 164 27 255 132 254 255 228 255 255 41 209 11 48 48 255
    195 20 245 30 255 255 127 255 6 197 138 183 255 46 223 131 255 255
    131 255 103 255 3 159 136 255 37 255 226 133 70 255 114 255 20 251
    255 255 255 15 151 22 255 255 255 255 121 228 12 26 241 146 36 255
    227 255 166 32 255 255 0 187 131 171 54 255 45 255 107 103 87 19 255
    153 150 255 255 189 219 255 9 250 124 90 124 255 151 255 255 116 10
    255 255 255 27 185 226 255 39 100 107 41 255 255 255 220 255 37 255
    78 251 255 255 223 255 175 255 52 129 28 255 255 255 23 255 255 131
    94 174 58 250 185 255 9 255 186 255 32 255 255 255 242 255 255 83
    230 255 255 255 88 215 20 255 209 255 255 255 255 255 255 240 198
    187 255 255 250 43 255 180 255 168 201 255 255 6 255 255 255 255 189
    177 255 255 80 203 255 186 107 196 168 31 155 83 255 241 166 255 153
    77 97 255 224 255 255 238 255 255 151 158 142 14 88 144 226 114 153
    230 24 255 209 70 24 168 201 120 161 255 172 43 255 84 255 255 58
    255 255 7 161 63 21 110 70 255 164 7 255 215 68 62 138 116 62 255
    187 255 179 189 185 255 15 255 169 247 255 61 255 133 124 255 71 255
    225 255 45 131 255 213 153 247 11 255 255 47 255 255 51 255 255 29
    78 255 205 255 255 78 255 255 94 255 255 81 104 255 4 136 255 165
    128 34 239 12 95 164 209 110 184 255 255 255 44 133 50 255 93 217
    255 255 249 255 21 154 131 255 255 221 56 255 255 211 252 255 255 41
    90 189 239 128 93 17 255 255 67 216 245 176 255 90 127 167 4 125 0
    19 58 255 37 83 255 255 50 255 118 188 255 131 201 170 142 169 160
    255 172 255 255 36 255 47 139 255 255 44 248 34 10 255 202 255 70
    255 255 80 193 250 250 255 255 141 45 255 70 247 221 237 255 255 255
    255 17 255 58 255 255 88 255 31 151 85 206 32 26 255 21 157 255 178
    249 192 255 150 100 255 43 163 183 255 95 30 255 112 79 143 255 71
    143 180 7 116 107 247 210 31 64 215 49 255 146 248 255 255 255 32
    195 175 120 21 100 120 204 255 178 173 255 241 133 134 215 255 255
    255 26 255 255 73 206 255 255 150 7 131 126 172 255 255 255 255 189
    86 206 221 255 230 235 32 122 97 131 83 54 155 255 255 193 202 255
    131 44 255 77 72 14 22 58 61 255 23 255 255 132 204 255 124 255 255
    250 255 52 43 112 255 179 255 7 95 143 43 255 20 255 109 34 241 255
    255 176 255 31 255 255 255 60 230 255 255 255 43 67 127 255 255 255
    255 255 127 87 255 117 20 163 255 0 24 208 27 95 255 7 21 63 185 255
    62 26 255 255 255 131 202 48 21 255 109 255 83 255 146 226 216 255
    237 24 255 65 32 255 11 83 251 66 255 255 183 248 255 162 112 148 55
    27 163 139 255 52 124 255 255 127 206 255 255 123 255 67 255 255 255
    60 123 197 29 187 224 143 84 10 80 62 230 255 255 56 255 255 143 68
    120 255 255 255 255 255 241 220 255 135 21 111 255 128 148 243 139
    36 255 255 255 255 255 248 223 85 255 255 44 255 99 224 204 65 255
    255 230 171 255 127 17 255 86 41 129 255 245 255 64 146 43 144 250
    250 213 212 3 255 52 129 58 227 107 255 118 255 255 252 255 163 255
    248 183 102 162 157 183 7 255 255 150 255 255 255 221 122 255 107
    255 255 255 255 255 211 238 213 255 100 220 254 146 255 255 111 19
    255 205 153 67 255 255 255 255 94 255 190 255 228 70 78 92 255 255 9
    150 99 255 188 10 255 255 153 193 186 94 24 73 255 255 153 9 255 132
    255 159 157 242 217 175 255 161 250 255 116 183 255 255 234 255 159
    242 255 255 118 187 255 183 71 129 241 255 133 62 255 148 162 22 255
    78 150 255 243 85 172 52 73 13 121 255 151 255 255 255 255 255 245
    255 131 159 210 223 255 255 255 255 255 163 255 235 255 255 136 255
    255 73 206 41 138 168 49 3 255 255 255 255 255 255 203 133 12 228
    138 241 187 255 92 255 142 224 24 255 139 255 255 250 43 255 6 175
    105 255 255 56 102 90 255 22 255 165 0 5 159 175 5 255 252 255 97
    232 255 255 255 151 255 255 255 255 255 248 239 197 32 255 255 255
    118 77 255 255 182 255 255 142 255 93 169 174 255 255 255 255 226
    196 245 92 0 159 144 228 237 133 197 75 80 106 255 41 3 255 4 211
    243 37 15 206 255 243 116 255 131 69 255 60 255 14 145 255 198 255
    146 255 255 180 66 32 174 198 255 255 255 95 135 188 9 255 1 255 84
    255 44 255 158 231 234 255 255 155 37 7 255 255 255 9 223 255 107
    190 53 221 146 138 56 255 220 255 105 61 22 98 255 168 58 255 137
    150 223 22 255 97 255 255 255 84 89 255 255 255 248 187 6 199 202
    255 189 127 0 255 255 15 77 39 168 199 255 198 95 255 169 255 255
    238 153 255 51 160 58 249 255 255 210 12 39 120 102 37 72 218 255
    255 29 255 253 255 255 50 182 255 255 255 255 255 255 255 255 194
    255 255 255 255 124 255 255 121 255 255 227 255 116 255 203 211 125
    255 255 63 56 90 54 143 255 255 255 206 81 32 255 255 226 13 149 255
    64 175 123 204 77 255 211 113 204 79 255 2 255 193 245 255 255 37
    247 238 129 255 197 228 255 51 134 255 255 225 166 175 255 245 221
    255 52 195 9 108 255 206 6 122 214 255 255 255 99 255 165 50 220 255
    255 255 189 255 69 121 181 18 243 80 87 255 255 194 208 129 255 255
    255 183 255 243 166 255 243 255 204 114 228 29 255 102 208 39 66 255
    255 255 233 255 80 151 17 116 109 224 54 255 255 109 124 131 41 116
    181 110 255 255 239 255 255 255 233 114 209 245 255 136 191 45 219
    231 255 73 255 255 8 255 118 253 255 255 226 255 153 228 5 163 227
    255 157 17 58 255 120 255 219 10 112 50 255 255 79 205 165 255 239
    255 150 224 107 255 179 255 127 255 128 163 85 54 92 226 255 178 105
    255 255 100 255 185 249 83 255 14 153 60 105 5 138 255 85 255 84 70
    189 72 255 236 80 63 142 255 2 79 253 162 19 43 255 22 154 82 153
    255 255 255 255 255 137 12 223 255 135 255 168 98 32 255 94 255 255
    245 114 255 74 255 255 161 230 255 171 87 255 255 255 255 171 255
    122 255 155 255 146 225 34 65 39 144 255 97 255 175 255 101 191 36
    252 118 255 255 255 255 202 221 12 144 107 106 58 25 46 30 73 255 52
    255 225 230 194 187 166 76 216 49 255 5 230 172 175 234 164 255 213
    255 82 198 193 208 7 124 124 255 255 187 237 165 255 255 199 2 88
    255 255 159 220 213 99 177 61 255 105 255 122 246 255 255 36 199 180
    255 44 255 37 218 255 255 248 255 30 31 95 18 255 255 103 255 255 59
    82 196 255 60 2 255 5 137 12 255 88 215 255 255 255 255 255 136 255
    127 224 255 19 188 238 209 116 157 39 255 71 49 124 97 255 161 223
    13 30 255 200 255 160 255 234 255 236 25 145 255 150 255 34 255 129
    255 255 255 255 171 255 4 255 255 120 92 189 255 139 255 234 138 177
    255 255 146 129 94 71 116 205 255 67 255 177 255 164 34 255 255 157
    255 228 174 255 118 109 116 100 255 255 198 255 255 194 170 64 188
    248 32 255 255 255 147 255 123 255 177 82 162 255 131 105 54 255 103
    80 255 58 255 75 199 255 155 249 39 255 255 255 255 221 194 73 172
    255 252 171 10 6 63 255 255 252 87 232 69 255 15 138 255 56 140 255
    45 66 255 255 1 255 255 10 255 255 201 255 168 168 100 255 113 129
    93 255 255 255 45 255 107 255 146 251 128 218 237 47 75 194 255 255
    255 50 155 255 255 255 255 182 155 144 15 255 255 85 255 241 197 240
    2 255 255 255 255 255 255 242 138 131 22 255 168 34 44 255 255 199
    191 88 163 255 10 255 24 171 9 255 255 191 255 94 44 245 25 255 237
    255 201 255 255 255 255 135 61 230 109 255 255 105 196 50 255 29 114
    230 82 157 172 255 0 149 191 86 29 65 0 255 34 7 255 82 163 99 194
    249 36 58 144 238 255 65 1 255 239 198 49 2 250 252 114 246 255 50
    255 255 255 140 255 86 124 66 79 89 255 189 162 255 60 149 255 45
    255 48 191 173 240 255 255 255 172 255 136 255 220 255 255 47 66 92
    255 174 123 255 255 255 219 255 151 122 78 189 227 235 64 255 226 84
    242 255 172 50 87 170 1 228 90 110 58 255 140 82 52 168 24 255 92 51
    255 255 255 155 136 255 255 255 192 146 255 250 255 255 41 255 255
    41 243 29 189 232 1 153 255 122 255 163 21 211 255 205 36 255 128
    255 168 4 250 166 255 235 116 98 255 232 138 250 255 255 119 255 255
    179 79 125 214 73 217 133 67 255 255 170 0 255 255 255 255 255 215
    177 56 70 255 255 166 172 255 188 162 255 33 255 135 59 53 17 255
    255 180 215 255 155 67 157 118 255 255 86 172 255 170 255 255 243
    255 213 15 255 100 131 255 121 47 245 255 255 249 255 255 250 230
    191 55 255 255 255 255 255 106 203 176 143 182 228 255 226 181 182
    10 13 161 255 37 255 58 43 194 255 255 255 143 255 255 153 112 210
    58 198 151 209 174 248 138 75 132 233 249 41 80 255 22 255 255 124
    255 204 242 255 215 255 255 255 204 255 189 41 206 101 0 174 202 255
    141 255 176 3 255 61 37 19 239 255 86 18 163 255 135 129 93 96 145
    255 144 255 255 186 255 255 95 255 255 255 254 133 41 255 255 78 255
    255 255 174 123 65 94 255 227 240 255 83 185 56 255 180 255 194 255
    105 246 255 255 177 252 255 255 65 255 92 29 255 1 255 208 243 80
    237 238 87 95 109 255 255 255 255 95 255 255 255 255 160 255 74 54
    60 255 255 255 255 250 172 255 48 127 255 254 150 255 255 255 209 24
    200 255 77 137 135 255 255 11 255 255 120 255 77 144 255 255 143 36
    80 155 255 255 54 255 255 199 255 37 155 192 101 66 243 247 255 174
    254 55 255 255 194 184 60 10 128 71 56 255 255 237 255 15 255 3 255
    232 247 213 255 255 219 58 255 217 15 255 221 77 83 196 255 87 255
    47 20 185 80 255 255 246 26 255 85 124 13 26 41 255 255 116 22 255
    220 178 113 194 230 190 255 255 255 34 75 255 255 255 99 204 255 255
    255 255 249 213 255 40 17 255 255 12 255 255 255 252 30 255 255 255
    255 93 255 255 255 45 73 255 129 255 239 128 255 189 45 255 255 255
    255 226 136 247 209 169 7 140 89 218 219 32 107 30 255 73 255 223
    255 255 109 34 255 72 83 101 110 255 255 255 199 255 255 213 181 65
    32 43 255 182 4 150 255 255 183 136 255 216 97 255 255 99 255 255
    255 86 154 252 255 255 255 191 255 34 255 81 185 163 94 255 237 48
    177 255 195 255 163 177 255 67 92 255 71 4 255 114 74 255 202 105
    255 255 131 60 252 255 112 196 255 126 123 144 182 24 91 255 255 65
    75 215 100 255 172 88 226 255 8 187 50 12 255 137 245 255 255 154
    255 15 187 255 217 255 255 255 78 255 255 255 255 255 180 211 255
    255 255 93 92 3 255 52 255 255 221 97 157 28 255 255 149 44 142 153
    22 64 80 243 255 224 245 224 215 153 13 139 44 255 221 255 255 209
    255 255 169 133 252 55 255 255 212 65 105 255 255 255 17 102 211 143
    58 255 7 88 255 255 255 255 238 248 34 255 255 255 255 255 255 255
    94 213 183 83 255 255 255 255 249 255 255 226 136 255 206 88 255 30
    112 255 48 197 255 45 255 255 213 255 185 54 46 180 255 60 255 191
    12 255 255 255 150 120 254 88 77 255 237 194 255 255 63 255 255 140
    255 255 37 196 255 255 107 172 15 119 255 77 255 255 11 228 239 235
    255 228 69 255 255 255 255 67 106 214 251 255 92 255 234 48 255 1
    255 11 74 17 255 255 255 255 84 255 56 206 41 255 217 255 255 201
    255 110 243 255 255 255 255 255 246 255 255 230 255 255 224 255 15
    21 182 88 0 255 255 146 111 255 109 138 247 110 255 84 65 255 137
    255 204 114 208 71 110 122 255 228 194 157 99 255 191 255 255 191
    255 118 27 255 84 60 82 228 41 255 0 255 107 255 109 255 255 255 255
    144 255 45 45 7 122 255 206 255 41 255 28 83 245 215 255 255 255 80
    111 255 255 255 86 4 255 174 232 187 232 219 85 255 59 255 228 66 39
    255 190 54 255 255 77 181 255 121 88 255 83 255 255 177 255 255 172
    255 109 255 255 255 206 255 234 44 255 215 174 52 255 151 161 255
    255 84 78 46 93 221 94 174 255 255 101 128 255 146 255 255 71 39 255
    255 102 255 255 1 163 255 63 255 255 226 134 255 249 177 133 241 255
    86 88 80 0 102 197 254 186 255 255 242 160 155 120 240 114 127 175
    255 111 255 255 248 218 255 255 255 62 241 15 255 252 82 178 255 255
    255 116 252 255 88 255 224 106 5 191 12 255 153 183 255 86 255 119
    95 127 3 255 255 87 64 255 254 255 4 255 255 255 255 237 220 51 103
    255 255 255 129 68 211 255 204 221 155 255 255 180 255 219 212 255
    125 37 185 255 17 228 86 21 165 172 255 143 255 205 248 255 176 214
    255 234 255 255 216 255 255 72 242 255 6 255 255 255 196 120 241 255
    251 85 240 255 255 255 255 205 31 0 231 204 255 3 95 255 255 255 52
    17 148 251 88 24 255 255 255 255 206 255 176 252 208 166 151 107 255
    28 255 24 128 160 255 140 255 49 26 99 255 255 255 255 242 255 45 32
    168 255 17 170 255 157 121 122 255 104 255 67 255 255 183 255 30 188
    106 93 150 160 181 23 255 255 255 153 255 37 247 255 12 255 255 255
    112 255 255 191 22 255 255 107 183 255 255 96 255 49 255 255 255 223
    0 255 255 255 166 77 255 232 132 155 174 255 87 178 179 104 232 253
    209 213 255 255 161 26 255 21 87 182 255 72 255 255 55 255 247 122
    255 252 255 255 161 62 31 255 99 163 254 33 237 255 48 255 255 255
    196 118 255 82 255 168 255 144 45 255 118 50 78 15 74 48 255 255 255
    255 255 255 60 255 255 125 175 209 255 183 136 120 72 247 181 33 128
    255 44 15 19 239 255 255 199 255 168 77 168 4 88 37 255 40 189 157
    255 168 2 255 255 52 78 141 88 175 180 88 255 32 255 63 43 54 226 78
    255 180 7 255 135 160 255 8 158 213 255 255 255 255 184 116 205 225
    255 147 9 255 25 255 92 204 19 255 255 187 255 255 255 196 183 203
    166 17 255 255 55 255 236 255 255 255 249 119 255 157 252 255 26 66
    79 255 88 103 149 114 54 45 22 122 116 15 255 40 255 255 253 255 255
    177 255 251 248 49 215 157 255 22 255 78 255 255 39 255 142 254 92
    116 37 211 65 255 176 255 255 67 227 230 255 220 43 255 34 17 247 47
    255 255 255 255 24 255 255 255 19 179 255 255 255 255 253 80 255 110
    109 19 8 14 105 253 143 228 249 255 52 55 255 123 220 255 255 114
    216 211 7 204 13 202 255 34 255 191 245 255 255 255 237 109 237 135
    255 255 187 240 255 186 17 146 210 204 243 76 218 193 22 255 196 239
    255 90 100 32 255 255 192 255 219 255 255 132 204 144 255 255 255
    255 97 255 255 255 120 220 63 180 132 94 107 128 196 255 179 255 135
    151 255 75 99 255 127 110 124 151 255 255 255 255 255 221 255 68 170
    162 247 255 43 194 168 52 196 255 106 179 69 158 71 255 255 185 194
    173 175 24 74 255 60 255 95 255 223 213 65 255 102 93 84 119 236 253
    255 255 255 255 198 255 48 255 142 233 157 255 255 223 255 254 255
    194 3 135 34 153 28 14 255 234 149 255 255 117 255 172 45 20 255 124
    255 135 142 255 255 32 255 137 208 196 255 255 255 255 252 29 79 165
    97 255 212 90 110 1 213 110 56 255 255 114 248 86 142 51 255 41 126
    146 221 194 255 255 255 255 187 238 255 255 255 71 193 97 255 255
    213 125 12 133 255 248 240 71 61 255 255 157 255 71 61 220 255 73 37
    255 255 117 110 255 243 95 154 255 255 255 255 255 187 255 208 166
    201 255 51 145 88 239 177 255 106 255 255 51 88 79 182 162 198 17
    255 255 176 70 255 176 255 255 98 255 6 255 255 255 100 255 92 215
    255 251 118 22 166 17 189 221 177 10 255 255 63 21 212 255 255 255
    247 255 169 49 37 149 255 62 58 117 255 191 165 79 63 99 183 182 255
    24 255 85 93 98 255 163 111 255 15 204 162 0 51 141 255 255 225 114
    239 211 255 180 165 37 173 17 9 255 117 255 8 7 255 216 255 95 235
    255 243 255 82 71 213 119 255 255 179 237 217 146 73 255 255 255 165
    54 255 255 255 7 88 255 108 37 189 36 255 247 11 144 158 255 238 43
    65 45 255 62 255 148 95 111 247 255 255 255 255 17 27 30 255 9 159 0
    255 86 3 255 0 172 83 123 183 255 255 140 34 255 184 175 255 61 252
    255 208 9 255 144 255 146 252 248 255 255 255 255 230 255 255 255 53
    255 255 223 54 55 162 255 80 197 112 147 94 88 255 106 52 81 150 251
    32 15 71 98 255 255 255 223 80 91 240 255 255 160 255 255 255 93 12
    255 118 255 10 43 113 255 255 135 19 71 255 41 255 255 255 255 245
    100 54 50 233 200 253 209 166 155 228 224 255 58 255 98 220 187 206
    255 123 26 117 255 182 39 170 255 199 255 66 3 254 255 255 255 94
    255 131 135 68 255 21 216 237 255 255 135 8 255 103 230 14 255 103
    168 67 10 255 60 110 29 255 87 165 255 81 255 255 81 206 255 135 208
    191 255 5 41 255 255 60 114 141 255 237 255 49 17 209 255 191 255 99
    255 255 255 165 17 224 216 180 255 255 29 193 194 255 90 255 88 255
    220 255 75 210 22 21 255 255 255 255 228 172 106 248 255 209 160 56
    220 46 129 204 20 54 73 187 255 153 17 86 255 116 41 255 255 255 19
    204 255 15 100 255 255 255 189 249 172 97 96 27 43 255 255 99 81 71
    255 239 250 183 223 165 49 255 5 255 85 206 255 133 255 255 198 255
    133 78 26 75 11 220 34 255 19 255 153 255 255 138 140 86 255 223 26
    34 7 49 54 255 50 255 255 73 255 75 255 255 172 135 26 167 60 255
    255 255 25 255 255 95 158 73 226 225 255 202 129 255 255 106 15 255
    255 73 201 247 219 69 255 161 153 255 92 102 54 255 139 237 255 255
    255 255 37 29 255 194 255 19 255 131 116 175 255 116 94 51 255 252
    255 223 228 141 255 122 141 255 255 106 255 208 41 255 107 255 255
    127 53 255 205 71 245 164 117 254 48 255 221 234 255 137 243 255 255
    255 51 185 18 111 107 109 184 67 250 92 255 94 255 221 14 162 133
    232 26 189 4 255 255 255 24 255 255 51 255 255 157 191 168 255 255
    91 255 189 199 106 159 176 158 200 255 99 255 180 140 24 65 255 123
    48 20 255 52 9 52 37 255 255 21 255 170 239 136 255 40 255 255 176
    56 232 96 223 255 208 255 185 255 255 255 26 231 255 255 133 255 103
    196 255 217 112 13 255 7 255 255 255 255 255 255 108 17 5 17 255 140
    255 223 255 237 70 255 255 239 255 77 255 20 181 77 255 230 255 255
    255 180 157 13 180 255 255 195 80 255 242 255 118 30 66 176 176 61
    255 84 255 49 255 134 112 106 165 221 238 121 255 241 140 131 255
    221 181 118 255 255 18 163 148 144 146 142 255 255 255 73 255 255
    125 255 135 255 175 2 153 140 255 228 114 86 0 90 92 255 255 28 99
    206 255 59 255 165 213 223 255 67 134 135 252 140 151 164 10 255 111
    9 255 255 109 200 197 255 200 169 180 255 56 36 77 230 255 255 255
    124 255 69 162 157 18 235 11 255 255 254 231 225 43 161 255 21 99
    254 255 116 255 26 153 109 181 238 220 255 113 255 223 140 119 255
    255 131 255 255 255 255 131 71 79 140 185 255 41 255 99 118 255 252
    241 255 161 255 237 19 171 255 77 255 121 255 122 17 223 99 255 153
    4 211 255 255 255 255 180 31 226 255 53 255 255 255 84 186 255 255
    232 123 228 255 255 255 165 255 255 7 255 255 255 255 255 39 184 255
    26 255 45 255 255 255 155 255 92 255 255 4 83 255 255 113 116 255
    255 242 255 180 61 170 255 231 176 34 104 255 160 225 255 224 65 224
    111 255 255 255 255 75 255 255 255 206 255 255 34 10 52 255 128 255
    109 255 255 77 255 26 153 60 54 96 255 255 143 136 92 122 255 41 255
    255 255 165 238 255 149 216 215 23 255 37 40 255 88 255 197 54 146
    20 255 180 116 255 59 231 255 184 255 41 69 255 255 224 255 255 205
    255 153 255 255 255 114 172 255 223 141 13 4 255 255 255 153 84 139
    255 178 255 51 254 116 255 255 217 255 26 168 56 165 235 255 255 241
    111 255 219 255 255 195 20 255 172 255 255 25 163 133 210 255 86 166
    104 255 17 218 255 255 255 60 255 255 187 94 56 255 43 60 202 235
    255 112 252 255 255 43 255 255 106 46 82 61 255 125 190 255 254 255
    36 241 61 255 49 255 31 211 255 254 43 255 255 97 80 92 219 228 80
    36 255 243 255 242 185 255 76 255 247 70 255 226 255 128 47 10 255
    255 226 255 151 122 36 60 255 255 255 255 19 255 243 255 255 65 211
    255 169 117 230 255 255 255 107 109 30 129 255 255 166 92 52 255 216
    255 255 255 255 255 182 255 252 255 255 136 255 75 193 114 255 255
    128 234 255 255 49 255 66 97 12 255 21 100 100 255 255 255 176 139
    146 255 255 82 255 255 255 255 103 58 11 183 255 125 23 170 67 32
    123 255 50 143 255 85 53 255 111 58 255 255 75 255 32 184 255 242
    255 148 135 65 255 227 92 255 149 255 254 164 254 255 116 255 249 1
    240 255 39 255 255 107 255 255 45 172 255 4 31 148 195 255 255 255
    177 144 245 252 80 157 255 125 26 255 6 45 83 123 190 213 255 81 31
    122 106 255 255 89 160 22 37 43 255 122 255 255 23 191 255 255 255
    223 100 49 202 231 255 255 224 255 255 223 9 255 88 102 255 231 29
    52 255 94 122 48 197 123 25 158 112 128 63 255 77 252 254 162 36 41
    87 255 255 226 49 255 197 240 255 193 10 47 139 255 223 255 213 255
    106 255 163 6 255 255 215 31 255 89 63 224 209 146 255 230 160 2 58
    143 255 105 41 255 131 129 127 191 61 90 99 99 37 158 150 211 255
    255 189 193 175 255 202 255 157 255 255 60 85 250 239 55 49 247 255
    255 39 255 168 2 250 71 237 111 255 110 219 82 255 43 255 161 255
    204 114 23 255 255 121 255 255 10 255 125 121 247 122 61 238 71 103
    157 252 43 92 255 255 39 13 99 255 255 193 255 255 255 153 82 250
    255 255 72 92 209 102 255 77 6 255 213 121 240 255 94 233 255 84 255
    125 18 255 22 3 255 255 255 255 196 30 90 245 232 209 255 255 60 49
    3 255 255 111 15 107 255 172 255 255 255 255 103 255 255 107 182 183
    62 15 255 255 255 39 127 180 75 184 53 118 146 109 45 255 123 255 54
    175 255 131 255 255 6 255 151 25 255 176 67 32 255 164 255 255 128
    237 125 198 226 255 255 255 255 70 255 187 61 209 255 255 255 255 0
    255 255 153 49 255 219 104 255 169 199 255 127 255 157 255 0 217 40
    213 255 221 145 255 54 117 208 234 153 105 197 19 255 255 255 255
    208 254 191 255 255 255 228 168 116 32 255 213 255 100 41 255 255 6
    166 189 255 133 168 159 255 255 137 118 255 219 83 255 255 21 255
    255 114 255 223 204 126 112 255 255 140 209 111 255 45 255 4 255 99
    82 255 199 71 65 255 77 255 255 166 255 231 255 149 255 189 241 255
    255 91 9 255 43 14 252 252 255 255 255 34 165 80 245 36 199 31 255
    78 107 174 253 106 77 186 255 255 199 116 77 172 46 103 169 46 28
    198 60 255 255 255 209 255 46 255 232 238 255 235 255 37 235 153 88
    65 228 255 74 88 255 136 128 174 120 220 255 255 255 255 187 255 196
    80 255 204 83 255 206 22 213 255 7 255 255 48 255 255 255 157 118
    255 97 144 255 255 255 179 97 255 216 80 255 136 245 125 248 255 255
    255 114 86 80 255 255 116 231 150 255 255 125 187 163 166 255 255
    255 255 255 234 147 182 255 95 174 255 177 255 237 131 255 255 81
    255 255 103 255 255 176 19 41 165 22 151 117 255 254 99 141 217 204
    34 255 94 238 249 255 170 125 118 87 17 15 15 255 255 82 255 187 255
    99 255 134 189 208 97 123 87 19 47 92 255 255 17 155 93 237 255 255
    125 83 92 132 60 19 146 14 241 142 255 47 74 255 228 0 247 223 149
    199 168 255 255 204 164 255 90 7 255 97 191 83 174 80 94 255 1 160
    255 255 155 255 255 136 255 208 53 255 255 255 232 255 255 255 255
    162 215 66 117 181 158 255 255 87 37 255 81 3 50 30 255 255 216 255
    255 255 255 255 88 43 255 121 255 255 231 162 255 135 255 255 255
    230 189 33 255 131 0 255 255 255 255 112 84 255 65 19 255 255 255
    255 255 217 255 245 245 254 13 255 255 56 255 255 69 255 255 255 125
    255 202 255 70 137 122 223 255 204 216 50 255 255 37 255 255 71 255
    49 168 45 77 32 77 255 255 221 107 80 106 83 176 41 37 26 223 218
    255 255 255 255 255 106 191 144 48 230 29 255 255 255 237 107 76 124
    255 243 158 255 65 65 219 255 255 255 40 240 36 8 126 116 12 167 255
    173 240 211 43 88 170 231 255 101 162 58 255 70 255 52 255 114 86
    127 255 181 106 255 181 250 201 9 255 5 73 219 7 255 255 255 4 198
    34 255 61 179 49 186 165 202 237 255 211 255 230 255 255 255 251 255
    15 58 230 216 180 80 7 255 116 255 71 8 238 232 209 255 221 78 235
    198 172 107 255 255 255 49 4 255 252 206 255 255 176 203 181 255 116
    43 255 255 120 255 172 37 154 255 19 239 255 255 255 255 236 255 82
    166 255 255 187 18 148 255 215 82 103 138 68 255 184 49 4 255 31 255
    212 255 255 219 78 163 121 106 255 61 146 105 255 225 239 59 184 194
    255 95 196 41 80 95 78 26 255 224 36 255 255 26 6 105 99 137 217 255
    255 26 211 255 224 179 255 255 41 151 17 255 255 77 49 118 255 153
    17 21 255 146 43 114 226 239 170 255 255 242 129 165 14 62 165 221
    174 193 27 255 235 54 159 140 250 255 80 206 255 83 255 255 255 112
    255 94 255 255 171 162 178 220 119 77 187 248 255 255 9 255 239 121
    97 255 213 172 65 5 47 63 255 17 164 60 230 155 191 255 55 43 255 40
    225 255 255 255 93 106 255 73 61 168 92 255 255 255 255 255 153 162
    255 255 81 226 255 172 255 255 201 77 255 47 255 208 215 143 255 6
    15 107 11 255 107 149 73 255 255 182 255 220 255 255 116 129 52 255
    97 123 255 5 255 110 9 172 255 114 24 29 66 97 255 27 255 63 85 255
    199 192 22 221 197 255 255 88 255 242 255 146 120 208 223 255 197
    255 248 208 198 85 121 103 253 61 255 77 248 140 18 170 54 245 255
    142 113 255 228 255 255 75 110 10 37 209 77 58 235 255 255 237 124
    255 37 255 118 99 238 255 255 24 255 255 255 255 204 94 255 232 255
    28 219 146 138 157 88 255 255 255 217 255 255 228 227 106 255 255
    221 255 117 111 17 255 75 230 255 255 75 194 255 176 146 255 255 77
    44 129 66 254 159 243 255 255 255 216 47 3 255 191 83 191 230 212
    111 221 255 255 194 206 255 232 122 151 228 255 138 30 87 255 60 28
    221 255 224 255 135 197 124 255 61 34 125 17 255 255 219 255 118 176
    22 39 168 150 228 169 206 255 151 77 151 58 255 255 32 255 93 255 80
    69 78 255 58 255 109 221 208 255 194 255 146 255 48 255 255 151 43
    255 255 255 144 190 255 60 249 51 255 6 255 19 245 223 161 147 255
    255 176 233 255 69 231 187 51 255 178 255 255 255 85 107 255 80 255
    41 44 255 254 110 100 90 190 31 142 83 255 236 255 88 255 110 9 255
    227 255 247 255 231 159 50 255 11 143 255 255 25 247 255 193 66 255
    99 114 255 255 255 118 153 255 118 109 248 37 120 255 255 210 58 255
    198 116 255 255 255 255 157 194 62 232 2 28 255 255 255 88 223 191
    255 255 255 3 211 255 118 255 185 255 44 228 29 145 255 255 20 255
    255 104 255 165 255 22 135 255 255 194 44 255 255 255 135 255 88 255
    153 255 200 162 49 200 188 117 105 66 255 255 237 255 230 165 255
    255 106 223 255 252 255 255 1 192 237 33 213 255 180 255 93 25 3 108
    157 51 255 221 14 255 177 255 79 255 255 6 175 116 4 70 184 255 146
    255 255 153 255 255 231 112 255 121 255 255 43 255 255 223 73 255 1
    92 255 253 80 223 219 99 255 146 255 247 242 209 255 45 153 254 255
    255 255 255 78 79 19 255 255 18 204 125 231 160 228 162 255 255 54
    109 15 253 255 255 83 255 255 255 140 28 255 20 228 37 39 243 153
    255 50 6 255 255 255 71 93 194 255 255 255 140 255 173 255 255 250 3
    36 255 216 255 255 90 255 143 237 88 36 36 138 51 63 255 195 255 255
    121 220 79 17 255 255 255 226 165 65 121 255 151 255 223 255 19 163
    29 255 255 255 9 7 133 243 101 21 71 255 122 255 255 33 87 255 84
    255 255 127 255 146 11 255 47 17 41 150 184 46 168 195 255 9 255 128
    241 255 231 60 255 255 157 255 255 252 172 124 255 255 100 93 255
    111 255 84 255 22 215 255 15 255 255 223 105 112 255 83 119 255 255
    174 255 175 255 172 193 204 255 255 255 228 28 255 255 255 228 255
    255 216 88 239 255 249 255 60 221 43 255 255 3 83 255 228 255 255
    139 90 255 131 221 255 62 250 135 162 255 255 255 24 255 231 255 255
    201 34 62 255 255 168 208 255 255 114 255 191 23 44 255 183 214 138
    255 68 255 255 223 112 37 153 122 248 75 255 255 255 255 217 255 77
    195 68 255 241 204 237 188 44 255 40 255 236 73 150 194 149 255 223
    4 51 19 175 255 13 255 255 255 238 7 196 136 187 150 149 255 62 11
    255 255 230 155 159 80 32 200 255 206 50 234 163 65 255 255 183 85
    177 255 255 197 255 43 7 19 243 255 255 255 255 133 63 245 99 37 32
    255 217 39 60 255 158 255 255 22 255 215 255 255 41 26 255 223 255
    185 255 87 255 198 255 255 255 119 255 255 235 116 74 252 255 142
    109 255 168 223 32 175 255 161 121 255 45 168 255 120 67 255 56 94
    255 255 255 255 32 238 34 255 179 255 255 45 209 255 28 100 71 243
    255 255 182 63 88 255 255 213 255 82 198 4 255 255 74 37 37 47 237
    251 237 208 36 255 9 194 255 255 255 116 209 148 7 214 255 224 114 6
    255 255 73 255 255 255 238 194 255 110 218 183 255 255 255 255 255
    206 44 242 79 250 151 75 255 255 50 114 5 148 179 255 92 255 255 84
    255 82 101 238 255 255 255 5 163 255 255 255 255 32 255 135 112 135
    147 65 37 147 138 39 17 157 255 66 211 185 255 85 97 48 87 49 106
    146 255 10 255 82 113 168 255 107 213 30 204 228 255 255 124 255 202
    197 255 199 255 86 255 36 82 26 203 62 255 75 2 255 78 71 176 255
    255 255 15 255 255 14 255 157 248 77 19 255 255 29 255 232 255 255
    131 72 255 176 202 199 255 255 114 62 253 255 26 237 138 224 228 240
    255 255 255 255 87 250 123 255 243 255 255 255 196 243 204 32 255 56
    255 142 255 155 255 180 49 180 225 255 81 46 255 80 231 211 255 29
    255 184 255 255 255 255 39 18 14 223 255 43 255 103 107 255 88 255
    255 85 255 255 255 95 60 153 255 62 58 255 255 37 255 255 255 34 234
    6 255 255 131 54 159 226 56 255 149 133 84 217 255 108 255 160 255
    36 255 0 139 255 255 255 255 56 70 117 39 231 255 255 255 148 239
    213 37 191 11 255 255 116 5 64 47 15 255 195 204 73 255 255 255 157
    201 255 15 20 176 255 104 174 183 126 2 77 255 122 6 97 32 255 255
    255 176 255 211 76 255 255 255 255 88 255 255 209 154 85 99 255 255
    255 223 255 194 255 32 6 139 189 255 255 255 243 255 216 255 255 255
    255 36 172 236 94 255 92 255 71 60 131 53 206 255 255 219 1 54 208
    255 255 189 111 194 45 255 255 181 243 175 255 56 255 189 184 231
    144 69 78 241 165 255 255 140 255 255 149 255 198 223 255 15 70 92
    157 195 255 252 61 255 116 255 15 255 95 255 255 124 111 26 117 87
    255 255 255 255 142 61 255 179 255 255 154 0 112 161 121 255 74 255
    151 4 255 255 143 2 255 255 255 255 255 111 13 98 167 22 136 43 255
    255 255 255 255 230 194 135 255 255 255 255 50 116 255 189 255 255
    140 255 242 95 255 238 255 255 233 236 96 255 146 50 204 255 105 255
    108 183 88 84 160 240 255 255 3 219 255 255 255 255 255 172 255 85
    255 17 220 255 255 255 170 162 44 255 91 255 142 255 26 178 109 255
    255 121 211 163 72 153 22 252 255 255 255 255 255 96 255 213 133 31
    255 250 85 0 255 255 73 255 255 255 184 187 255 255 226 196 255 255
    245 65 66 255 255 255 206 255 172 255 250 136 255 142 255 142 34 255
    37 78 255 255 255 255 255 183 73 255 243 255 255 241 65 112 150 255
    200 255 158 243 147 124 255 179 252 255 255 255 255 155 255 254 255
    255 43 255 133 255 165 240 255 85 255 97 255 255 22 44 255 255 187
    196 125 173 80 45 103 255 97 255 126 255 250 255 107 202 191 255 153
    49 255 216 255 255 255 39 9 55 255 249 234 165 49 199 255 255 173 43
    255 59 180 255 255 15 50 177 134 65 255 2 97 32 245 255 250 255 34
    146 138 255 255 255 198 235 255 255 51 129 255 120 255 255 117 174
    255 45 255 172 176 255 254 61 10 255 255 5 255 139 255 252 168 255
    255 136 255 255 255 255 71 25 134 255 110 180 77 255 255 95 201 41
    213 56 56 159 255 182 97 255 167 255 255 255 189 197 255 206 255 247
    255 118 126 255 78 109 118 245 56 163 239 136 15 202 206 255 255 255
    255 255 255 148 43 225 82 147 247 255 255 107 36 255 255 255 30 94
    255 201 133 255 235 255 60 39 255 255 69 109 255 29 180 255 111 255
    95 99 255 17 94 255 54 150 131 21 124 255 150 255 255 226 45 255 255
    255 247 125 216 99 142 243 255 255 255 77 255 162 9 255 52 255 73
    228 255 255 199 237 39 10 255 255 102 15 255 37 87 252 255 134 226
    255 80 120 221 255 84 132 223 255 255 255 34 183 128 22 4 255 255
    255 162 255 255 255 224 102 22 255 255 255 49 26 255 80 67 255 255
    253 77 255 255 109 255 255 255 34 255 197 241 255 255 255 139 255
    255 227 255 255 146 46 255 41 242 255 63 20 157 239 88 60 34 255 255
    255 121 255 255 119 255 255 88 79 73 106 133 235 255 255 255 22 255
    255 99 245 154 255 208 22 112 71 140 255 224 183 255 255 217 255 255
    255 165 56 255 20 135 255 5 255 66 255 45 255 117 191 128 160 90 45
    54 255 155 255 194 198 255 255 100 255 255 255 162 255 248 255 138
    120 255 255 47 157 255 255 206 123 255 255 245 171 255 255 131 255
    255 48 255 255 88 255 26 18 211 255 105 255 255 255 2 255 223 26 159
    255 255 255 43 155 255 143 255 255 230 250 255 32 228 255 70 255 217
    114 14 255 255 208 255 169 221 255 51 83 234 95 255 193 4 255 62 255
    133 178 19 151 255 59 192 255 76 31 255 255 255 255 175 167 148 36
    87 17 197 255 60 176 90 255 255 26 217 94 10 174 232 255 255 118 194
    49 157 255 254 255 255 255 106 255 255 255 255 252 234 143 241 129
    255 110 110 255 217 242 255 47 255 255 161 255 27 181 215 117 237
    131 226 241 143 248 255 151 165 255 122 255 255 8 123 22 147 247 217
    255 12 255 10 255 71 66 22 255 194 255 88 217 255 255 131 255 93 255
    255 202 255 255 56 255 53 151 96 255 255 230 179 166 255 255 255 153
    90 103 128 255 254 248 240 26 227 56 11 67 255 0 255 201 223 89 201
    108 183 124 255 255 145 163 255 255 228 85 255 255 210 141 255 69
    255 255 224 124 105 255 136 255 255 255 153 87 153 255 149 196 255
    160 24 255 58 255 255 255 58 4 169 131 135 197 255 255 44 255 251 47
    182 178 50 39 249 81 58 114 188 255 251 72 37 252 3 255 34 107 255
    166 223 255 255 25 20 47 241 231 255 25 230 255 144 37 255 65 7 75
    230 255 228 113 220 255 255 184 189 32 255 255 135 255 255 255 235
    93 255 175 255 36 255 255 171 97 88 69 192 247 105 51 67 17 255 11
    92 10 255 191 255 198 255 255 155 149 34 181 194 255 255 132 14 62
    188 177 255 62 10 172 255 255 255 255 255 202 100 255 255 166 255 7
    51 82 255 121 255 255 255 255 255 17 255 219 0 255 223 39 255 159
    124 233 255 255 29 255 8 162 19 255 162 255 139 2 255 221 22 219 62
    83 2 166 255 243 227 141 255 25 255 28 98 17 80 19 196 19 132 247
    249 29 255 255 67 134 166 212 206 193 143 151 65 201 237 64 255 226
    133 187 82 79 63 255 255 84 36 255 61 255 249 165 255 69 176 41 209
    195 242 123 255 36 255 131 77 92 133 5 163 136 255 255 92 225 255 7
    255 41 25 255 255 44 255 92 255 117 118 238 250 255 96 191 255 241
    255 150 41 255 255 255 255 193 30 223 255 248 255 255 255 31 255 255
    172 255 191 255 163 255 157 41 190 255 255 127 245 189 255 255 223
    124 255 153 209 141 236 169 255 202 33 255 255 226 255 151 217 233
    178 133 60 255 114 255 255 131 199 202 144 255 255 95 255 255 255 92
    30 3 0 255 232 255 21 201 255 255 65 255 255 255 225 45 150 77 255
    106 70 255 255 140 137 67 255 107 255 27 178 171 32 255 187 208 255
    12 255 170 111 255 255 255 71 148 255 230 255 45 119 255 92 255 255
    73 255 255 255 255 135 255 255 255 39 66 122 245 165 255 128 242 255
    255 255 155 190 192 255 107 95 62 98 255 255 11 255 255 83 60 255
    255 255 255 84 146 255 162 255 196 255 255 255 213 255 84 140 255
    213 238 255 255 198 90 163 150 255 255 87 143 196 255 218 30 121 68
    62 85 255 255 195 213 13 223 182 255 140 95 163 37 27 95 172 172 146
    157 37 255 206 19 255 94 255 65 44 255 172 48 255 172 30 255 45 255
    238 180 8 255 255 255 177 174 161 255 255 25 185 255 28 129 62 98
    194 255 223 133 255 77 187 73 193 37 88 183 255 255 87 255 157 10
    157 172 67 255 255 30 172 255 255 95 37 255 151 86 8 90 255 95 255
    255 81 255 0 175 255 64 255 143 101 255 88 129 255 34 103 231 255 24
    186 51 116 186 255 255 255 255 37 10 255 108 255 165 255 171 162 41
    255 116 255 188 119 255 51 255 228 117 255 166 255 194 255 74 255
    153 26 10 255 77 243 236 255 245 230 255 140 4 238 44 255 14 255 255
    15 7 127 113 255 36 0 10 153 248 197 255 215 136 138 168 255 255 193
    174 252 34 255 255 255 3 47 106 255 112 209 24 219 255 255 108 164
    53 255 255 255 255 99 65 243 165 209 193 255 20 255 186 237 255 76
    255 204 85 107 217 47 131 151 219 148 101 34 10 255 255 255 116 255
    211 255 50 255 255 94 255 255 155 255 65 255 255 239 255 7 34 106
    206 255 100 39 255 255 41 255 227 255 165 129 255 255 228 255 255 43
    133 255 41 255 153 255 216 255 0 255 41 138 192 255 255 255 255 232
    221 255 252 32 255 255 140 221 255 255 251 47 255 255 237 133 255 29
    123 236 255 255 255 161 208 13 127 19 255 118 255 241 56 180 255 160
    255 255 235 155 255 255 119 135 117 46 19 255 255 217 255 255 255 58
    255 255 241 255 255 180 255 255 34 206 255 255 209 255 255 5 255 29
    141 255 0 106 255 111 250 249 29 255 255 51 255 255 255 95 255 95 15
    217 76 255 90 80 22 19 250 255 255 37 255 255 195 255 185 144 255
    140 187 88 255 255 44 137 223 197 255 51 255 108 180 15 255 80 134
    255 15 238 28 7 134 191 230 255 255 255 196 84 255 143 255 180 129
    239 99 255 17 47 255 239 183 255 255 95 97 224 85 255 112 199 172
    165 242 225 255 100 255 251 202 22 255 255 220 255 171 136 202 255
    58 82 146 165 146 249 255 206 217 95 114 241 10 255 231 255 255 255
    255 255 37 255 198 7 56 255 255 255 116 201 255 50 171 218 157 132
    185 255 128 126 255 255 78 255 255 49 67 81 255 255 238 255 255 50
    172 221 255 252 249 118 221 202 198 106 243 120 216 125 255 39 228
    208 255 99 255 255 99 255 255 176 255 9 19 63 5 255 255 247 95 255
    131 255 255 255 255 221 80 198 160 255 255 117 255 255 146 255 255
    19 255 255 58 29 129 234 255 198 255 85 150 205 255 73 76 243 217
    255 51 255 255 129 80 150 255 255 37 167 30 161 123 255 40 24 84 88
    63 255 255 99 17 6 27 245 43 255 193 87 255 144 184 180 255 8 17 168
    59 218 255 255 255 255 69 255 191 255 3 47 87 10 255 255 206 255 255
    27 92 100 255 255 74 150 255 133 255 255 255 104 174 239 255 255 255
    231 15 255 255 255 78 255 215 171 255 180 255 255 163 243 24 255 70
    104 206 176 29 255 44 255 255 164 32 120 127 255 122 54 87 237 129
    136 194 95 218 255 223 255</data></my_img>
<your_img type_id="opencv-matrix">
  <rows>100</rows>
  <cols>100</cols>
  <dt>"3u"</dt>
  <data>
    126 255 255 73 255 255 255 128 121 220 169 255 255 255 26 83 255 255
    255 255 255 255 255 255 161 163 255 149 255 255 112 255 109 224 199
    255 29 114 161 255 32 93 143 245 255 255 50 255 255 12 133 255 255
    255 255 255 255 255 70 255 255 159 190 255 255 226 234 60 184 179
    132 255 255 255 89 255 221 255 255 243 255 116 120 255 255 255 255
    134 110 246 255 255 59 255 255 255 255 132 252 255 203 161 255 255
    99 96 14 255 236 54 255 255 171 168 106 12 255 169 177 255 255 237
    255 254 255 255 171 255 255 255 255 255 71 255 137 255 253 255 79
    255 255 96 255 255 51 191 54 202 255 255 255 255 99 212 255 93 53
    255 255 122 34 255 65 255 255 255 159 255 255 255 255 244 255 255 6
    255 255 255 255 143 255 255 32 169 255 250 63 255 255 255 18 255 4
    203 255 255 229 30 255 255 220 255 46 32 255 255 228 220 153 255 255
    191 255 255 255 202 255 237 255 255 255 101 53 255 255 26 255 255
    173 255 255 255 255 182 10 255 238 134 149 255 255 255 255 202 225
    192 67 157 255 255 255 255 255 255 34 255 255 255 255 255 255 255
    255 255 255 116 206 22 96 61 255 229 255 255 255 208 255 241 255 49
    255 157 255 255 255 255 255 99 255 108 255 255 169 255 255 255 206
    255 169 155 191 255 196 255 54 97 255 145 255 8 255 250 75 215 151
    255 255 255 163 159 255 128 255 252 255 138 255 255 255 99 255 255
    135 255 102 165 230 255 137 140 88 85 210 255 56 255 255 174 255 141
    226 220 104 194 255 183 255 255 122 255 255 255 188 108 255 255 255
    90 255 255 118 255 73 46 255 173 8 204 255 255 255 37 32 255 255 2
    254 18 179 255 255 255 141 255 159 255 255 165 155 31 132 182 236
    201 255 255 157 255 255 255 151 255 163 180 2 179 20 132 255 255 255
    255 254 185 255 255 183 255 202 39 255 67 187 255 73 255 56 255 149
    106 255 220 255 255 255 18 255 255 255 255 255 118 255 255 255 255
    255 255 101 149 58 255 55 255 44 255 64 255 255 163 10 255 255 255
    255 255 255 88 255 255 255 159 218 255 64 250 255 64 255 224 195 65
    100 255 255 255 24 167 255 227 147 185 255 206 255 76 255 255 62 255
    149 255 105 255 4 255 255 255 255 255 255 255 218 255 255 212 255
    255 255 255 255 71 255 4 255 255 255 86 255 255 255 255 216 255 255
    190 59 126 255 12 255 255 124 128 103 255 255 255 255 255 85 255 12
    255 255 171 255 255 255 10 106 255 192 255 255 95 255 209 255 110
    255 255 255 161 255 255 44 255 255 114 255 252 255 255 83 112 182
    220 255 255 255 36 222 255 18 255 242 255 174 250 255 255 255 255
    155 255 255 42 26 255 255 255 159 143 255 195 226 55 251 255 255 60
    208 175 255 255 255 255 46 37 78 26 255 255 10 43 255 123 255 255
    159 255 255 255 255 235 255 255 255 236 181 128 255 65 72 89 255 211
    174 193 245 234 204 181 255 33 114 44 255 255 159 255 24 255 255 219
    89 26 255 255 255 255 242 88 44 255 255 74 255 255 255 255 45 40 196
    124 249 83 67 255 220 255 255 123 45 255 255 255 255 246 81 251 255
    255 92 255 255 155 255 254 175 61 167 185 26 255 255 255 255 255 117
    255 255 216 255 50 133 255 255 255 90 255 255 173 48 204 132 255 149
    255 215 220 94 42 255 214 128 255 255 255 255 179 185 255 255 229 87
    143 255 255 136 255 81 255 255 255 255 167 255 173 245 255 255 255
    255 255 76 151 255 199 52 185 255 255 140 255 16 204 169 255 12 255
    139 171 255 56 255 96 255 255 231 117 79 249 255 151 255 255 255 255
    255 110 255 77 255 78 176 255 54 255 200 255 255 255 245 255 255 108
    255 255 255 206 255 215 255 155 245 255 63 255 103 122 165 255 255
    255 240 51 255 167 248 211 255 10 255 161 255 12 139 145 255 61 41
    211 255 157 122 255 122 227 255 77 255 63 255 255 255 255 26 255 255
    255 255 206 255 111 255 255 255 255 255 165 57 255 255 255 255 186
    255 14 111 255 255 255 220 126 255 255 255 255 255 255 224 136 255
    255 255 165 59 128 100 109 255 255 28 255 34 255 255 108 255 255 255
    255 255 255 141 228 8 255 255 26 240 255 251 255 255 80 255 255 255
    255 124 245 254 112 56 255 255 255 255 132 4 255 67 255 255 234 151
    255 255 60 24 206 82 255 255 255 196 255 255 255 169 255 2 255 193
    212 200 163 255 2 235 117 77 20 255 191 255 81 79 255 167 255 255
    255 255 46 255 214 231 255 110 88 255 116 255 115 14 48 255 255 138
    85 88 255 135 208 34 137 204 141 172 35 255 190 112 255 91 255 128
    192 145 255 44 47 255 255 255 114 255 255 165 255 171 12 255 255 255
    238 255 255 204 255 227 255 255 255 255 153 68 255 255 24 73 255 255
    255 94 255 250 210 255 255 246 255 255 255 169 71 173 255 255 255
    255 255 255 72 255 255 255 30 45 100 139 83 28 113 255 233 157 255
    255 220 255 100 115 255 245 238 120 255 178 255 253 255 18 255 255
    255 94 222 155 255 222 77 161 255 255 255 0 255 28 255 255 48 255
    255 255 255 255 255 14 88 60 255 255 255 255 255 155 255 216 255 172
    255 255 255 255 82 230 255 96 255 57 94 255 255 255 212 255 255 255
    255 38 255 255 255 10 255 179 83 35 255 255 49 50 202 165 136 36 181
    255 255 37 108 117 255 177 255 255 223 255 255 219 255 255 255 28
    255 255 255 16 255 255 255 136 255 255 255 255 255 255 178 238 255
    184 255 255 178 255 104 61 255 255 218 255 255 255 149 110 159 255
    44 79 255 100 255 29 66 246 47 255 255 124 126 255 255 255 119 255
    213 222 255 255 87 37 211 255 232 30 255 255 255 97 255 94 133 255
    255 255 55 130 255 255 239 192 41 255 255 255 98 255 61 167 255 255
    120 255 134 255 34 149 175 93 112 255 255 255 255 255 232 255 255
    110 149 255 255 225 255 255 255 255 224 255 222 255 255 71 218 255
    97 110 255 255 181 255 255 92 233 255 255 255 255 116 32 2 31 241
    255 255 255 238 255 6 255 214 173 218 255 16 255 255 255 255 90 255
    255 43 255 174 49 255 255 255 255 50 255 175 218 255 157 255 230 255
    246 255 48 255 255 94 149 255 147 248 255 255 202 255 255 255 255
    213 216 18 255 22 136 255 20 255 14 255 255 255 135 108 255 79 96
    255 117 255 255 97 255 10 255 51 68 151 255 255 113 35 102 255 41
    255 180 134 179 255 159 16 255 100 193 228 200 138 38 132 153 184
    255 227 52 255 255 14 51 22 255 255 6 28 96 191 226 255 14 48 226
    255 240 255 255 54 81 38 216 49 16 255 255 255 81 79 255 255 124 219
    255 255 255 255 240 255 147 255 255 255 255 255 254 136 255 255 88
    255 255 255 122 255 214 255 255 35 130 151 255 255 255 255 255 255
    252 255 83 255 255 255 98 255 255 255 225 44 218 235 198 49 16 255
    220 225 111 255 255 255 41 255 214 153 167 255 31 227 255 157 203
    255 255 64 8 255 215 255 14 255 65 255 215 255 244 181 255 200 22
    255 37 255 16 255 255 255 255 255 73 255 255 139 255 255 255 140 255
    236 75 255 255 147 177 50 255 255 255 255 255 50 128 46 255 255 80
    255 202 2 255 255 90 56 65 118 255 255 36 255 255 157 202 255 255
    255 255 255 131 157 88 255 189 255 147 214 193 255 18 233 210 255
    255 22 255 255 246 41 255 105 255 255 178 244 54 255 171 231 91 57
    78 230 255 251 255 255 72 255 159 255 61 255 42 255 255 16 89 114 38
    255 255 255 125 255 255 255 110 10 174 104 255 218 224 255 168 108
    245 255 90 118 255 250 141 40 255 255 107 189 255 255 187 233 113
    189 219 38 255 177 95 255 255 255 134 255 125 173 255 255 255 255
    255 134 255 99 14 46 190 255 255 230 255 255 79 37 155 145 255 255
    137 255 255 153 255 6 238 255 255 255 255 82 244 69 151 36 255 2 255
    255 169 73 51 247 54 255 255 255 14 78 255 206 122 255 255 207 240
    63 82 255 18 66 91 255 94 159 255 255 255 255 70 255 255 255 255 204
    255 87 108 241 22 255 255 255 191 189 107 255 84 255 195 251 36 130
    74 255 29 64 123 255 255 255 214 237 79 59 114 75 255 136 89 255 36
    218 41 255 26 255 255 255 255 124 248 10 54 34 224 102 8 255 255 255
    255 255 255 232 191 255 181 255 40 177 255 129 255 255 178 255 255
    255 159 215 44 96 155 89 0 207 255 255 68 6 255 255 255 255 211 250
    255 255 250 173 72 255 41 195 12 255 151 255 255 223 255 255 255 255
    63 106 165 255 255 255 100 255 87 255 18 24 16 207 141 255 255 188
    143 241 255 255 255 36 255 58 255 255 120 255 222 60 255 114 255 252
    255 96 190 255 126 111 255 102 255 147 255 56 216 86 255 255 151 255
    165 255 123 255 255 255 39 255 255 157 255 40 106 255 255 116 239
    255 155 255 255 255 255 255 224 255 190 255 255 255 234 255 85 255
    255 255 255 255 255 255 157 255 187 130 113 108 255 255 181 255 255
    10 66 255 41 195 222 255 255 115 255 255 30 208 36 255 255 106 165
    255 207 255 98 255 234 204 255 255 255 255 178 255 34 255 94 255 255
    232 255 234 24 255 255 224 72 255 39 255 61 255 255 255 255 126 255
    255 102 65 185 4 125 255 255 198 255 255 255 47 255 255 255 66 238 6
    255 255 255 255 255 255 92 155 255 255 4 255 4 34 118 255 255 69 255
    255 255 255 255 90 229 255 222 116 22 255 255 103 255 134 255 255
    255 255 228 255 255 255 255 255 255 136 67 255 255 255 255 255 63
    242 50 255 81 255 255 255 255 255 255 221 65 255 82 255 255 255 255
    195 72 216 255 58 255 255 255 79 255 167 103 255 255 255 255 175 22
    255 147 172 255 235 255 33 233 204 255 255 210 255 255 149 255 255
    255 255 255 194 138 8 99 2 255 255 86 255 137 218 169 52 183 58 255
    255 203 127 255 90 255 255 255 224 200 255 18 255 255 69 61 136 255
    250 255 167 255 255 255 255 48 8 14 255 115 255 255 176 8 255 255
    143 165 204 75 255 236 255 122 255 248 153 246 255 30 255 255 153
    255 236 255 255 102 130 4 255 255 168 255 255 255 255 255 228 255
    255 24 255 255 255 39 255 255 255 124 255 181 255 56 57 120 97 246
    255 167 255 255 255 255 255 255 255 255 255 255 255 244 255 18 232
    106 255 255 255 255 255 255 235 255 255 241 0 255 225 255 255 46 218
    63 66 115 255 255 228 242 20 255 255 201 157 255 157 255 255 233 176
    112 255 255 12 199 255 255 255 255 255 255 168 255 207 97 255 255
    255 246 163 93 255 255 255 224 255 40 255 217 250 255 56 170 255 217
    117 255 255 85 18 255 73 255 104 28 189 46 255 255 255 226 255 255
    252 255 255 255 255 255 255 255 255 59 255 80 30 140 30 255 169 66
    255 33 255 255 255 255 75 255 110 218 185 255 255 155 233 111 79 255
    255 255 227 157 255 255 147 14 175 147 49 20 255 255 90 198 255 6
    176 255 181 50 197 199 255 161 136 170 177 165 36 33 255 200 255 255
    255 69 24 83 73 255 103 255 205 91 255 255 255 102 255 255 20 255
    255 255 255 255 151 255 73 255 52 186 51 255 91 255 255 255 255 255
    6 255 128 255 202 255 184 214 255 255 255 255 255 161 18 255 161 255
    22 191 255 4 255 34 174 255 255 255 255 255 255 8 124 59 179 179 234
    255 36 46 81 255 250 255 32 0 255 255 220 255 193 255 255 255 255 45
    255 46 255 255 34 255 90 105 255 173 32 255 0 32 206 255 218 143 255
    255 132 128 255 149 94 255 255 255 255 0 255 255 210 255 255 29 126
    255 255 255 54 195 143 255 55 253 255 255 255 123 122 255 255 255
    128 196 255 171 109 220 167 255 255 255 255 73 10 255 255 255 16 255
    255 89 112 183 255 12 86 255 222 255 255 39 151 103 255 255 255 255
    6 121 163 235 255 126 255 46 26 255 255 51 239 236 163 255 24 255
    233 198 179 241 255 255 255 255 255 255 242 255 151 255 98 30 255
    255 255 255 57 239 214 255 203 255 255 255 4 255 255 40 4 54 103 191
    255 255 255 251 255 255 233 131 106 255 255 255 255 216 255 255 143
    55 213 255 143 255 255 189 207 255 255 255 255 45 255 255 255 255 67
    43 227 28 94 237 255 37 255 255 18 255 255 255 149 255 255 241 38
    255 161 220 255 112 155 244 118 255 244 255 16 102 32 255 255 255
    115 102 255 242 255 255 255 114 255 255 255 183 153 26 151 255 96
    195 255 185 255 255 255 225 255 255 233 255 143 50 255 47 237 168
    255 255 16 255 255 255 51 255 255 255 255 127 65 157 230 138 181 85
    140 62 155 61 255 42 86 50 103 255 149 255 224 255 81 255 255 252 55
    255 133 255 92 172 165 255 176 255 255 200 195 221 182 255 44 121
    255 255 4 255 191 255 255 84 248 255 8 255 51 255 157 220 243 255
    255 255 56 35 28 255 255 255 255 94 241 255 255 255 141 6 255 255 20
    88 255 255 20 22 255 255 59 255 255 255 149 255 255 255 255 97 57
    255 222 255 207 255 255 255 240 197 255 190 255 255 236 255 104 236
    236 153 255 94 90 255 255 10 99 255 255 71 47 255 194 136 145 71 255
    255 255 255 126 157 86 243 255 177 255 194 173 255 71 255 255 255
    255 255 143 163 255 255 77 255 135 255 255 255 10 92 165 255 32 255
    2 229 242 57 106 143 255 92 255 255 255 93 255 173 192 22 12 198 165
    52 255 177 191 255 31 255 255 255 245 81 22 255 255 4 255 174 255
    255 182 169 70 255 140 189 255 255 147 101 104 255 255 41 205 133
    255 145 155 255 30 255 18 130 255 112 247 216 255 255 16 39 255 255
    255 0 59 255 90 182 134 255 248 255 255 93 255 255 232 255 255 131
    255 255 255 255 255 255 73 138 255 255 175 186 234 8 255 33 102 255
    255 255 255 220 255 255 255 255 255 18 243 255 255 255 198 255 181
    246 255 98 255 255 132 255 255 255 77 61 104 255 22 255 172 255 48
    105 171 255 255 126 173 214 255 116 255 108 12 4 108 94 255 73 255
    255 255 120 101 255 255 170 255 255 137 167 255 26 255 92 107 255
    255 255 255 255 192 255 255 255 145 32 54 255 177 255 187 255 255
    179 255 117 51 255 232 22 98 255 195 255 57 255 143 255 0 167 38 153
    255 222 255 255 81 255 255 255 185 255 174 255 255 24 255 38 255 255
    255 255 255 245 54 255 255 255 255 255 228 240 255 255 255 255 91
    167 255 255 22 255 255 8 255 255 255 134 38 255 255 101 75 239 83
    242 138 184 79 225 255 255 72 255 57 255 226 49 249 61 255 159 255
    206 255 255 255 255 111 255 136 255 31 255 255 88 86 255 252 84 38
    185 255 36 255 94 250 255 255 63 29 255 32 132 255 255 191 76 255 59
    120 255 255 255 200 159 128 255 126 255 147 255 255 255 165 225 255
    255 68 255 165 255 255 255 211 255 255 255 255 255 205 255 255 255
    184 255 255 188 236 255 204 255 255 255 250 255 255 83 255 63 179
    108 255 255 102 255 255 255 234 255 255 255 252 255 196 143 255 121
    124 255 255 55 215 42 255 239 255 255 225 255 255 255 255 240 255 22
    33 255 46 255 16 236 255 255 123 202 108 139 16 141 255 255 0 255 47
    255 248 255 241 190 255 120 255 173 251 165 255 255 255 255 215 131
    149 255 255 255 255 250 255 255 255 255 255 255 8 126 255 255 255
    255 161 199 255 230 255 34 47 255 161 26 255 255 18 74 73 255 24 255
    255 177 255 255 74 242 71 255 65 252 255 255 153 157 71 255 229 165
    33 157 174 255 114 36 255 24 255 255 255 255 114 165 255 230 167 255
    255 255 184 179 255 255 6 255 255 202 134 109 147 189 59 90 169 250
    255 255 79 255 255 236 197 255 255 26 155 34 255 128 65 255 255 255
    0 98 56 120 114 50 255 68 255 255 255 255 255 255 155 102 255 89 214
    141 255 255 159 255 255 201 119 255 82 255 41 255 123 57 255 255 255
    255 20 130 110 255 189 255 172 134 255 12 118 255 208 114 241 255
    255 199 14 49 255 232 88 255 255 250 255 255 255 255 145 255 255 255
    140 247 24 151 149 255 255 255 14 255 245 255 255 138 16 255 255 129
    161 255 255 255 108 159 49 255 255 33 62 32 255 255 105 255 255 255
    255 255 42 255 255 157 114 255 255 255 255 255 255 151 255 255 207
    42 255 255 244 29 255 123 246 255 255 236 255 30 22 167 210 204 46
    242 218 98 182 255 229 101 228 112 194 255 255 103 59 255 97 67 255
    214 210 167 220 94 255 133 255 255 155 255 213 56 20 255 250 177 255
    196 255 201 255 255 255 255 53 8 149 24 255 255 255 255 255 255 249
    252 197 255 255 255 255 121 226 193 85 255 255 18 88 6 255 81 118 81
    255 136 141 132 179 115 51 64 255 255 255 255 255 213 161 255 104
    255 255 255 255 96 231 255 255 171 255 255 255 6 255 255 255 255 245
    244 18 128 196 255 255 196 255 159 255 255 30 230 22 255 255 230 44
    40 255 116 244 255 183 202 57 26 105 255 223 244 151 255 255 255 20
    255 255 8 248 255 16 255 255 106 182 255 255 174 255 30 255 255 96
    97 255 255 255 255 126 255 230 255 255 255 255 246 255 255 85 61 253
    113 255 255 89 31 201 254 255 255 255 255 255 255 224 100 119 255
    255 255 189 195 4 246 255 255 138 114 240 218 243 190 55 255 255 255
    191 255 163 255 71 255 197 255 244 20 255 255 255 246 216 187 255
    226 199 255 255 88 157 65 255 81 149 2 174 255 255 255 255 163 147
    75 132 186 255 255 135 226 0 234 145 255 255 255 165 255 145 255 255
    255 255 16 255 128 255 255 255 255 75 207 255 255 143 57 31 255 226
    159 241 208 228 231 246 179 255 244 177 255 254 255 159 151 255 149
    216 255 120 163 212 255 182 255 122 255 255 255 73 255 209 75 255
    175 255 75 16 198 204 82 255 100 255 255 14 255 255 20 255 255 39
    171 255 255 201 163 255 255 255 255 153 238 187 32 255 134 72 91 114
    165 141 242 255 212 55 255 255 77 215 61 110 255 255 220 255 147 255
    116 248 255 255 255 49 255 255 255 255 50 236 149 255 228 245 216
    255 235 255 255 255 137 255 110 178 47 255 165 255 255 38 255 255
    147 200 255 208 255 98 255 228 255 255 14 32 204 255 155 255 255 255
    228 210 255 103 255 30 255 255 52 255 255 255 65 255 70 252 255 255
    250 189 255 255 57 255 46 255 122 111 255 255 255 183 2 200 238 68
    210 255 255 255 108 255 214 128 14 228 255 217 10 248 255 206 106
    255 255 10 255 255 255 46 20 255 197 52 255 255 204 255 231 10 185
    255 255 255 255 145 49 255 30 255 255 103 0 255 255 255 78 255 255
    132 255 220 255 255 252 255 255 8 255 204 255 255 255 255 149 252 6
    50 105 51 66 52 255 30 172 240 255 212 255 255 255 14 171 255 255 36
    255 6 80 255 255 255 222 255 40 255 10 90 38 255 219 255 55 199 255
    108 255 255 255 38 255 255 255 85 255 255 255 255 122 212 187 26 255
    255 255 255 255 255 34 218 255 246 157 219 48 153 124 95 255 175 188
    61 255 109 47 255 105 242 255 208 255 165 255 255 0 255 255 255 230
    124 134 255 255 243 206 255 221 255 255 100 216 165 255 255 255 130
    255 255 94 255 210 50 6 151 255 121 106 255 129 255 8 255 255 175
    255 140 255 57 255 183 255 175 255 16 255 255 255 255 86 212 255 24
    255 75 62 255 255 255 255 255 169 255 145 255 255 255 255 121 228
    255 255 255 255 224 41 171 145 255 255 73 57 227 255 255 255 28 255
    255 99 153 255 101 39 255 255 106 255 255 110 255 107 255 255 255
    255 181 255 167 255 255 255 163 255 255 201 115 255 255 255 212 255
    38 171 255 79 255 239 255 255 255 113 255 118 24 255 255 212 195 255
    87 226 54 133 255 243 208 255 255 255 255 255 56 255 195 87 120 255
    196 22 255 255 255 16 255 248 255 255 255 255 255 140 12 255 114 255
    63 255 255 255 126 145 255 255 255 63 6 82 81 45 128 214 255 255 255
    175 12 59 47 70 155 238 149 255 206 255 250 255 100 255 255 255 255
    255 255 255 255 233 255 24 255 255 255 28 56 255 255 222 255 114 56
    10 255 113 171 255 255 255 255 255 255 255 67 63 255 46 255 255 255
    234 255 255 26 255 255 138 255 83 57 62 182 255 255 250 255 116 255
    255 245 170 224 92 255 206 255 255 255 255 212 255 255 111 255 30
    255 255 255 34 255 80 67 255 255 230 112 54 255 255 112 198 167 255
    0 255 255 255 206 255 83 255 255 255 255 255 250 255 151 255 130 66
    20 187 255 198 255 213 218 98 255 143 255 255 192 255 255 153 73 62
    255 255 90 255 24 48 255 57 0 255 195 189 18 24 159 228 255 30 242
    57 118 133 155 88 216 255 56 16 153 205 79 255 255 255 238 255 255
    255 132 255 75 255 155 145 255 255 255 126 255 16 255 123 255 255
    224 255 255 255 49 14 255 255 255 255 255 0 69 242 255 255 255 255
    255 255 4 254 116 249 255 255 255 178 29 255 255 255 249 93 255 58
    168 143 223 117 255 239 139 61 18 255 255 255 161 255 173 57 236 255
    77 122 44 34 94 92 255 210 78 184 112 255 224 255 199 143 43 225 113
    255 255 255 255 255 57 255 255 255 255 98 255 18 255 255 29 255 255
    255 255 255 255 96 161 45 32 204 218 191 255 204 255 105 255 255 255
    155 255 255 255 161 255 255 255 255 255 255 255 255 255 77 255 38
    255 98 255 220 255 255 255 218 78 255 255 255 107 255 18 255 193 251
    204 255 255 115 255 16 226 255 255 115 255 255 255 255 207 255 39
    255 34 238 161 216 183 255 255 218 8 123 255 143 238 255 255 204 255
    185 255 255 48 255 185 243 63 255 255 234 75 255 255 90 167 255 255
    0 153 185 255 255 114 122 255 210 98 184 120 255 14 255 124 61 22
    255 255 255 255 255 255 36 255 255 193 133 116 143 255 255 255 232
    255 18 255 224 255 255 255 76 212 255 223 238 255 233 255 255 253 42
    98 193 255 255 255 255 224 177 255 214 255 226 255 255 255 175 255
    127 255 233 255 92 143 180 104 255 255 255 62 255 4 211 255 255 217
    131 183 229 255 255 255 255 106 255 255 173 227 159 90 153 95 226
    255 255 92 255 255 255 255 255 169 253 139 255 255 113 41 255 186
    255 18 79 255 255 79 255 255 255 218 255 182 255 255 172 255 255 38
    102 255 255 126 255 255 255 52 255 255 255 255 236 191 224 255 155
    255 255 141 125 255 134 255 255 122 255 255 239 228 255 239 65 55
    255 255 255 92 255 255 239 224 255 165 255 136 102 255 153 68 255
    255 255 255 255 255 255 83 255 248 145 255 56 81 255 113 252 108 119
    145 255 255 255 255 255 2 110 206 81 255 255 153 141 240 140 255 255
    96 233 255 255 56 38 255 255 255 0 211 168 255 255 196 143 255 186
    255 183 255 106 255 255 92 255 255 255 64 236 43 255 127 255 68 255
    255 255 255 255 255 255 255 22 38 179 255 57 53 76 184 75 44 16 255
    80 75 163 255 255 255 255 255 143 143 255 61 255 204 179 159 255 181
    255 212 191 255 255 255 255 52 116 255 255 126 255 22 112 199 198
    216 120 255 6 255 163 33 255 255 94 255 129 255 52 218 255 255 77 75
    255 255 255 255 255 255 255 105 255 191 244 26 209 255 145 2 139 189
    255 255 2 167 255 255 68 168 255 235 99 59 255 244 69 255 226 255
    255 6 159 157 119 255 46 255 116 94 255 49 255 54 255 239 79 134 255
    255 255 255 71 153 255 255 255 22 255 255 175 255 255 143 255 255
    255 255 255 141 255 132 255 255 255 255 255 255 255 200 254 255 255
    255 203 255 255 58 87 37 74 170 94 38 139 255 255 255 4 255 255 191
    2 255 2 255 255 255 255 255 159 255 228 255 255 255 177 255 255 255
    255 12 255 255 18 83 255 163 255 255 50 179 40 159 255 141 255 255
    175 255 110 255 93 45 181 218 75 255 255 255 255 190 255 203 255 14
    84 255 47 255 255 255 2 255 169 255 255 226 255 255 175 255 255 238
    74 178 255 255 255 255 255 255 134 255 168 255 255 14 230 229 255
    255 255 232 222 255 143 255 255 255 255 255 38 159 126 255 255 255
    255 255 255 255 255 255 10 136 255 26 153 255 123 59 233 255 202 255
    119 47 173 137 187 255 65 255 58 248 255 255 97 169 239 255 100 70
    255 255 255 255 57 255 77 153 147 214 255 255 230 255 255 255 43 255
    255 126 255 255 130 255 14 255 255 77 255 155 255 255 88 255 255 161
    255 210 143 255 255 255 246 255 38 255 212 255 123 128 34 77 204 56
    255 255 255 81 255 4 255 255 8 127 255 183 255 138 255 255 81 56 2
    255 255 255 197 219 99 31 106 174 79 255 163 255 219 83 51 255 174
    77 116 255 226 255 2 204 255 125 185 161 54 153 255 255 226 255 34
    232 255 67 155 255 8 255 14 255 255 221 255 255 255 91 94 255 255
    206 94 255 255 52 61 106 255 255 255 255 255 175 255 255 130 255 255
    173 255 63 255 241 123 255 104 46 120 112 56 255 255 255 255 203 255
    102 255 216 149 255 63 197 255 34 255 175 50 255 14 10 255 98 115
    255 255 255 55 255 255 185 169 214 255 255 255 255 68 255 151 76 255
    157 255 255 255 255 255 222 255 6 255 255 255 255 205 81 51 48 113
    255 211 255 255 24 208 134 255 192 220 80 123 255 255 255 159 255 54
    255 90 218 255 255 255 4 255 234 255 255 222 255 28 255 69 66 59 255
    74 255 26 255 91 0 58 255 255 255 107 255 255 42 10 197 75 73 255
    107 255 155 255 255 229 255 255 46 79 255 255 48 16 229 151 255 255
    182 39 255 255 255 255 107 255 255 255 255 255 255 255 130 255 255
    255 255 181 255 255 202 126 129 255 255 159 255 255 255 161 255 133
    138 255 214 193 24 212 0 255 174 255 255 255 104 255 113 255 255 119
    157 255 255 120 255 255 255 149 255 255 233 255 255 255 255 220 90
    255 140 56 255 255 255 255 138 235 40 140 255 255 255 153 244 255 22
    125 179 255 255 114 255 255 67 255 255 236 255 255 151 70 255 255
    255 255 47 56 109 254 94 255 255 255 26 132 255 255 255 56 255 255
    185 255 202 149 157 255 177 255 255 255 149 255 56 255 255 229 255
    244 255 255 55 203 255 255 100 174 255 34 22 193 255 255 255 255 123
    114 255 79 255 255 255 230 108 255 143 122 61 114 213 101 230 255
    255 81 255 255 222 255 255 255 157 255 0 255 255 49 189 22 255 255
    255 167 225 255 255 255 238 255 255 255 255 255 153 255 255 196 255
    255 255 255 255 131 255 255 255 128 255 184 236 255 133 255 255 255
    224 255 159 2 8 255 20 255 8 212 255 255 236 255 255 255 255 255 255
    177 93 71 255 255 255 255 165 222 44 234 228 171 14 81 251 255 208
    191 255 255 251 208 73 157 255 240 255 255 57 255 255 114 255 56 255
    255 255 255 255 255 157 255 255 183 84 255 37 120 255 255 255 255 61
    191 73 255 225 255 212 209 255 90 255 153 143 136 101 230 245 218 61
    80 161 98 255 69 104 255 255 255 102 255 255 255 255 204 233 255 255
    219 255 200 14 192 255 255 107 255 88 28 255 255 255 167 229 137 255
    255 59 10 151 190 110 171 255 255 255 255 255 255 44 255 255 30 255
    255 255 147 22 50 255 68 20 255 255 255 255 255 255 255 209 255 255
    255 6 255 118 65 255 153 0 151 227 255 255 165 218 255 54 238 128
    122 163 153 255 79 255 155 4 255 78 133 255 255 159 255 255 10 185
    245 255 255 40 255 255 251 255 114 136 255 255 86 65 29 193 255 63
    255 255 173 255 20 200 207 178 255 255 252 255 225 255 71 44 255 255
    255 157 41 86 204 143 255 145 255 255 255 65 10 255 255 255 255 255
    6 255 255 255 111 212 159 255 255 132 255 153 255 255 255 219 186
    153 255 255 255 255 93 140 76 255 255 255 125 202 76 105 155 48 255
    140 64 255 155 187 18 255 255 255 255 255 81 136 221 95 10 255 255
    255 66 32 255 255 192 255 251 255 244 255 255 106 255 254 255 201
    255 255 255 255 255 255 101 252 173 89 255 255 255 255 201 255 16
    243 87 81 255 255 167 128 255 183 255 113 255 64 255 132 255 255 255
    201 255 255 255 228 230 66 149 255 255 214 255 255 28 31 255 255 255
    66 255 255 255 255 175 255 255 255 2 255 236 153 255 149 255 93 255
    185 255 255 100 255 255 189 28 242 235 255 33 255 255 255 60 255 102
    171 255 255 255 22 255 255 204 255 32 255 255 255 115 242 255 255 39
    255 255 255 255 18 255 159 121 255 74 255 255 255 71 255 20 0 255
    197 230 88 255 71 157 175 188 255 0 30 128 255 28 255 255 255 96 255
    194 255 165 255 232 255 228 94 255 59 255 60 255 63 195 232 79 255
    255 53 239 220 169 255 255 69 199 34 255 255 255 124 255 255 255 130
    105 255 235 119 143 255 230 255 255 255 255 231 255 149 255 255 226
    255 14 22 171 42 153 225 234 255 255 28 102 255 255 206 153 255 255
    10 4 100 136 248 33 255 255 147 177 255 255 82 57 255 255 97 255 255
    255 250 38 255 216 203 234 216 255 103 35 106 190 100 86 165 255 255
    255 157 18 105 255 255 6 255 255 123 255 255 4 255 191 255 255 157
    255 79 62 255 100 223 103 2 255 46 8 255 255 193 34 109 255 10 255
    255 94 255 108 20 255 230 255 59 255 255 2 255 165 255 151 255 255
    37 255 255 41 6 255 255 211 255 255 84 255 255 227 99 183 159 61 255
    251 255 255 255 254 153 255 255 255 68 79 255 116 208 255 255 255
    153 255 248 75 157 255 255 48 255 255 255 255 255 80 255 255 255 255
    140 80 255 255 255 255 242 185 71 255 255 255 255 16 255 0 255 255
    255 120 111 255 255 222 255 185 242 122 255 24 204 255 46 45 177 255
    255 255 255 39 241 192 118 255 255 169 255 255 255 255 255 255 255
    236 128 255 149 31 106 255 200 0 255 208 110 165 255 255 255 232 136
    8 255 78 101 153 237 255 86 189 255 255 255 255 255 20 255 128 193
    255 255 255 255 255 118 163 255 255 248 255 255 255 222 255 81 226
    255 32 255 22 196 255 255 255 47 14 75 132 153 190 255 255 202 63
    173 240 255 255 255 214 255 125 255 255 238 24 255 255 59 6 255 14 8
    255 255 120 172 255 255 255 53 108 103 255 187 127 255 34 176 255
    171 255 39 106 255 53 118 206 35 255 188 255 229 255 255 26 255 255
    58 255 240 255 238 255 30 254 75 255 255 255 8 63 104 145 4 228 255
    255 255 255 167 255 255 255 212 255 123 114 128 135 26 255 255 98
    104 255 10 255 147 73 16 91 210 255 52 255 255 255 255 46 255 230
    255 147 255 38 255 26 253 125 255 149 4 120 255 8 242 255 234 69 223
    83 185 255 255 57 255 255 255 22 186 126 255 127 255 255 127 110 66
    255 61 255 255 255 255 255 165 108 228 255 255 244 228 255 255 228
    201 255 255 147 255 41 145 46 234 255 255 151 102 255 88 157 255 195
    124 105 151 88 255 79 173 255 255 255 77 238 245 75 147 163 172 71
    169 89 255 22 93 255 116 255 255 118 113 255 130 210 53 255 172 255
    189 125 255 255 69 120 50 196 143 96 255 255 255 255 132 40 50 230
    104 149 65 255 255 179 255 255 181 255 184 202 255 238 108 203 170
    255 255 255 255 54 255 255 255 184 255 199 255 255 255 14 255 159
    255 185 86 255 106 255 50 130 255 32 255 255 255 255 255 2 26 255 79
    255 185 255 255 94 75 33 134 178 208 255 255 222 26 255 255 86 255
    255 26 83 250 124 133 255 60 255 255 255 255 255 255 255 228 58 226
    255 255 255 120 255 123 255 163 255 255 215 125 49 255 34 4 255 8
    189 255 196 6 138 255 255 60 214 255 255 255 255 255 226 255 253 255
    122 96 255 175 153 40 255 195 147 255 141 255 255 255 255 255 255 67
    255 255 75 69 96 255 255 255 255 255 255 255 49 44 255 81 255 255 57
    223 40 255 255 228 134 255 255 255 147 255 255 255 163 250 30 242
    255 179 255 153 255 255 255 209 255 255 255 255 255 255 232 132 187
    255 214 255 255 255 255 255 120 255 255 255 193 255 255 255 155 98
    12 255 96 104 34 255 235 204 255 255 255 47 70 192 255 255 255 255
    98 147 255 255 255 255 255 206 255 70 255 255 255 255 24 52 255 2
    108 40 63 255 255 90 10 255 43 245 255 228 86 48 255 255 255 255 227
    218 255 149 196 22 44 42 96 134 20 177 231 190 206 255 255 255 255
    255 255 255 200 10 96 255 255 255 255 255 48 147 255 255 255 43 167
    255 255 255 255 255 138 151 73 255 252 255 255 135 255 34 48 88 255
    0 255 52 224 161 255 255 255 255 255 212 44 255 214 255 255 255 255
    255 255 60 109 255 235 255 31 26 255 236 255 95 255 32 4 189 80 255
    173 255 79 255 126 255 255 255 109 255 130 133 106 255 255 49 165
    255 255 255 255 255 203 255 31 108 255 255 255 186 255 255 167 255
    12 255 255 14 6 252 32 212 47 163 255 4 255 255 163 255 255 45 255
    255 10 189 2 255 52 255 171 48 255 255 22 255 134 189 255 120 255
    255 0 255 63 255 255 244 189 255 255 255 92 184 161 10 167 220 255
    255 69 255 255 255 255 255 12 181 255 255 255 255 255 255 214 255
    255 61 255 255 255 16 255 255 14 255 255 86 197 135 53 245 255 255
    100 255 151 175 224 255 255 255 255 72 147 124 233 255 255 14 147
    255 134 255 255 223 228 255 255 91 255 255 59 255 38 188 255 70 240
    51 255 255 255 92 255 255 229 255 255 183 170 255 255 255 16 255 255
    255 255 255 255 74 255 255 255 111 255 159 255 255 255 255 128 4 230
    88 255 186 65 255 255 94 255 178 255 255 216 255 243 255 255 255 255
    212 56 141 255 106 255 96 255 242 255 175 52 255 233 255 255 96 255
    18 68 246 216 255 113 255 255 255 79 221 192 147 167 255 106 50 255
    122 213 255 255 255 255 94 32 255 65 255 255 255 255 85 255 255 36
    255 76 204 90 255 61 255 255 220 255 68 255 134 255 255 67 2 36 73
    255 255 159 223 200 128 14 255 187 243 255 255 255 255 238 62 255
    255 255 255 2 108 255 134 155 147 254 104 255 244 88 255 255 255 255
    90 197 174 255 255 255 255 255 255 45 233 255 118 161 255 255 255 4
    255 255 151 96 255 79 255 12 65 73 255 255 96 171 91 255 255 255 255
    114 135 122 118 111 151 4 153 14 255 6 255 255 24 255 255 10 159 50
    255 86 68 255 255 181 95 255 122 230 110 211 226 63 126 252 86 60
    255 255 255 38 244 98 50 151 28 141 255 68 170 255 255 255 55 163
    127 22 255 255 202 157 161 255 255 255 255 255 145 255 255 210 136
    40 125 242 153 255 33 179 129 197 255 184 255 102 38 53 255 174 255
    132 255 181 255 10 255 12 242 255 199 255 31 255 236 255 12 255 8
    143 73 255 10 255 255 255 73 255 255 226 255 42 255 255 255 255 255
    251 83 92 255 255 255 76 255 37 255 87 255 203 147 175 255 218 255
    255 255 212 169 255 122 116 113 255 255 127 255 255 254 248 138 254
    255 40 255 255 255 255 255 247 255 255 255 255 187 215 2 255 255 255
    35 255 143 255 70 255 255 255 93 179 255 87 191 169 99 169 175 107
    255 255 255 63 255 255 116 255 255 255 181 255 71 66 46 222 98 255
    255 255 255 255 241 255 126 141 244 49 179 255 220 255 168 151 255
    111 255 255 255 124 255 20 161 193 111 255 255 255 254 255 18 255
    255 224 222 159 255 136 122 115 255 255 255 255 16 248 35 243 212
    255 10 255 232 255 105 161 84 255 255 10 188 255 255 50 210 255 255
    167 219 255 255 104 255 124 161 255 252 255 255 67 82 176 149 32 56
    177 38 255 255 163 63 255 249 255 151 255 255 177 72 89 255 255 255
    81 14 255 255 0 255 124 32 149 255 255 95 104 255 255 230 255 89 81
    255 255 124 255 226 255 134 255 255 255 255 246 60 255 255 40 168 59
    227 226 255 255 255 255 197 255 47 30 255 210 183 255 151 255 224
    255 233 255 255 213 255 193 255 109 145 165 255 255 30 255 255 221
    236 255 169 131 185 155 30 173 255 254 26 255 56 86 26 255 255 239
    85 254 255 255 255 68 111 110 255 255 255 255 2 255 209 255 134 255
    230 255 255 73 114 255 255 255 233 255 255 255 255 255 8 48 255 34
    255 255 255 255 255 255 255 255 243 255 255 255 56 75 255 83 255 124
    83 255 86 255 246 155 141 255 255 6 255 84 71 255 149 255 49 255 85
    24 255 248 255 255 255 255 255 255 255 255 255 255 255 255 255 255
    255 96 255 228 4 24 255 255 255 255 255 20 141 255 255 255 255 255
    255 65 255 255 255 118 255 2 255 255 51 255 111 236 255 151 255 14
    159 218 195 194 106 255 255 236 12 255 255 237 255 90 213 255 59 255
    255 206 225 32 255 255 228 255 255 119 255 74 255 254 255 163 153
    219 255 255 219 105 2 42 255 255 185 255 37 255 255 69 255 255 41 92
    174 255 114 250 110 255 200 254 32 141 238 255 224 234 255 255 255
    255 255 210 255 255 255 167 50 255 28 200 24 92 48 255 255 255 255
    255 255 204 255 255 255 6 73 255 112 255 65 255 255 55 255 255 255
    255 141 255 255 157 169 221 93 18 10 255 216 255 151 255 255 133 255
    145 125 255 48 65 143 185 143 255 197 16 255 255 255 138 102 255 255
    147 180 255 189 255 255 74 222 94 167 255 255 108 202 200 201 255
    130 255 63 255 255 89 255 255 255 250 227 255 255 50 255 59 255 255
    218 6 255 224 255 255 255 255 255 163 10 255 255 74 105 45 20 236
    255 255 255 255 255 255 255 145 255 255 197 38 108 22 255 255 98 89
    14 255 255 29 2 232 255 20 20 255 233 81 71 141 226 255 10 255 208
    233 255 124 177 255 14 255 117 255 58 224 51 108 178 39 22 255 149
    255 255 255 209 255 255 100 255 100 138 255 0 66 255 151 255 255 255
    207 63 212 255 196 255 255 200 71 187 57 153 255 255 255 255 255 255
    255 246 255 106 255 61 40 83 255 187 255 255 183 79 136 255 255 255
    255 255 250 255 255 255 255 255 255 100 255 255 255 89 104 253 101
    195 255 159 255 157 14 255 195 255 255 255 255 255 255 200 255 255
    157 132 70 34 83 255 255 255 90 255 98 211 99 108 255 255 255 255 26
    255 255 172 35 255 255 73 255 255 255 255 255 255 255 255 255 255
    101 33 175 255 255 255 255 255 255 141 206 0 57 96 68 77 255 136 38
    228 255 255 51 255 182 73 255 255 255 118 255 255 255 238 255 40 255
    181 255 255 255 126 129 255 255 28 255 78 178 255 175 139 204 255
    255 255 255 255 255 255 255 255 233 208 149 255 255 255 255 255 206
    102 0 255 255 255 130 255 255 250 255 255 255 6 255 106 255 44 69
    255 255 255 124 255 155 108 135 81 255 255 255 255 255 35 213 255 57
    255 4 153 255 255 255 255 255 112 255 97 255 229 234 255 229 143 255
    255 48 255 38 255 2 70 6 37 255 210 255 90 117 255 48 255 255 255
    101 255 255 121 161 255 188 118 46 255 106 255 255 228 255 85 255
    227 255 134 255 255 255 255 226 49 255 255 255 255 255 104 201 255
    118 255 46 202 255 22 92 225 255 255 90 250 163 255 109 255 255 255
    255 255 143 255 155 186 255 124 54 255 255 255 255 80 255 254 255
    255 118 141 101 255 251 133 255 227 115 193 249 202 112 255 135 79
    255 255 22 255 255 202 171 255 255 255 255 255 233 20 151 255 95 92
    60 255 255 209 255 255 161 255 120 233 8 255 159 161 242 255 200 206
    255 255 183 255 91 191 223 255 255 167 255 138 255 232 220 255 255
    255 255 242 255 169 255 255 255 255 255 255 255 252 211 255 47 205
    255 255 255 81 255 173 255 220 18 255 134 255 255 255 255 210 255
    255 255 218 126 133 255 56 212 10 42 50 214 255 147 108 116 255 255
    235 188 255 255 255 210 112 93 255 255 255 255 108 255 255 255 255
    248 173 91 12 255 75 255 155 194 145 255 242 65 255 255 255 195 61
    255 255 255 255 255 255 71 255 255 252 255 24 255 255 170 222 255
    255 244 255 255 212 94 255 255 255 79 255 255 135 255 90 255 250 255
    224 255 255 255 49 255 109 45 255 255 29 10 113 255 231 143 165 120
    255 0 195 255 255 40 10 255 183 159 204 255 255 255 255 252 255 255
    182 255 255 85 255 22 255 106 255 255 20 255 255 255 237 6 232 4 129
    255 251 119 255 243 255 88 157 147 83 255 145 255 255 255 255 255
    255 236 255 196 77 215 255 255 102 255 151 245 210 202 12 147 116
    217 186 255 255 255 181 219 182 255 34 255 226 255 255 255 72 255
    255 62 255 254 88 91 255 255 0 8 76 255 88 108 73 51 255 190 20 62
    255 191 110 143 255 255 255 157 255 77 228 255 212 255 255 36 255
    255 54 255 54 255 128 155 36 255 255 255 134 255 255 255 249 255 96
    167 255 240 255 255 255 245 255 255 255 73 255 255 255 255 227 34
    255 110 129 255 231 255 33 255 103 255 255 255 134 151 202 255 219
    198 149 255 6 255 18 163 165 255 87 181 255 255 255 171 255 255 36
    75 226 255 255 255 255 255 118 171 165 255 42 133 67 114 255 155 203
    255 12 255 105 255 255 157 255 126 255 8 207 255 255 6 255 255 219
    255 255 255 180 157 110 255 234 50 255 255 255 255 6 18 103 255 211
    255 255 255 208 255 255 255 255 203 83 151 255 4 255 255 255 255 255
    255 255 255 69 255 255 255 145 255 121 255 255 79 255 94 255 73 255
    255 255 231 141 255 255 135 255 235 129 14 255 192 255 255 242 197
    255 255 63 16 255 255 255 255 171 255 255 255 249 255 255 249 71 204
    255 63 255 108 10 255 223 172 238 255 255 134 255 172 202 255 103
    200 239 36 255 96 184 189 255 121 255 255 26 114 219 255 234 221 255
    255 255 61 255 255 194 255 72 210 138 48 255 55 255 147 6 255 240
    255 255 14 159 122 255 86 120 97 255 255 255 255 255 188 255 255 30
    69 241 20 71 128 48 255 255 4 255 217 255 255 255 255 255 255 208
    179 143 248 122 255 81 255 8 255 255 255 194 255 120 99 18 157 255
    255 181 255 143 255 255 181 255 159 255 255 255 59 255 71 77 255 52
    255 255 255 255 255 218 255 255 99 116 255 139 248 255 139 220 237
    255 173 255 255 255 255 184 61 255 105 255 36 255 255 227 36 81 58
    255 51 255 167 187 8 63 63 255 236 255 58 252 193 225 255 12 138 255
    255 8 255 255 255 255 151 231 129 220 179 255 255 199 77 122 255 194
    79 122 168 114 255 182 226 189 240 4 255 255 255 78 255 177 251 255
    255 255 255 171 255 71 255 88 255 61 255 232 255 255 255 255 177 216
    255 247 255 255 255 208 187 255 255 255 179 255 255 255 192 255 255
    99 255 48 163 255 239 65 255 239 255 255 255 34 61 255 255 255 255
    255 228 255 255 110 155 69 244 255 109 206 124 168 79 42 255 138 255
    232 255 255 16 255 104 34 255 72 77 255 255 255 143 249 85 255 86
    255 255 34 255 255 255 255 255 255 79 255 221 255 255 106 178 255
    255 2 59 255 192 255 249 194 255 215 20 206 255 255 255 255 255 255
    171 206 255 255 109 255 255 202 255 255 46 218 183 48 167 100 220
    255 255 135 255 255 250 255 255 255 29 8 255 145 163 59 246 255 255
    255 255 186 165 38 255 255 66 190 255 255 255 255 193 121 18 181 141
    255 255 255 175 255 255 255 255 238 255 104 255 0 32 153 102 255 255
    255 205 192 145 255 255 57 255 255 8 231 254 183 187 255 255 157 255
    255 90 255 255 255 255 255 68 255 255 255 255 35 255 255 187 237 255
    83 0 44 255 118 18 255 255 36 92 110 255 255 82 232 255 255 255 6 92
    255 132 255 8 255 255 24 255 255 57 255 255 65 59 255 192 255 183
    255 43 40 255 255 199 255 255 50 255 106 255 255 255 68 61 230 255
    255 255 175 161 98 255 255 234 165 178 195 255 8 86 255 255 157 255
    133 255 217 255 118 255 255 153 255 218 255 255 255 173 255 224 255
    255 178 255 78 255 255 255 255 255 92 248 94 255 255 114 255 255 255
    122 255 47 207 50 255 255 255 255 8 255 255 255 246 255 255 28 35
    221 255 67 98 248 255 255 121 35 249 196 255 233 77 255 255 250 255
    203 95 250 255 99 255 255 255 255 255 16 255 255 255 255 255 255 255
    255 255 255 227 255 255 207 20 255 255 255 86 88 255 122 255 69 255
    255 255 77 255 255 255 116 161 255 22 255 130 227 28 255 215 44 255
    255 186 255 233 204 255 130 212 0 18 255 255 255 255 255 255 255 255
    255 255 255 255 255 73 255 255 4 159 2 255 255 69 255 10 255 90 255
    69 255 94 121 47 255 255 255 255 149 255 255 200 206 255 12 255 26 6
    163 255 255 179 255 155 255 64 255 149 173 61 255 255 48 255 251 255
    16 255 255 102 20 255 255 108 194 255 255 255 228 255 254 255 255
    236 255 36 250 29 255 67 61 255 155 175 124 255 255 255 107 255 255
    255 86 92 69 255 10 131 255 159 190 255 255 255 98 100 255 57 255
    174 255 108 255 86 255 255 24 104 8 255 191 255 255 255 111 155 255
    255 255 255 255 226 255 255 255 255 172 255 56 255 255 189 255 255
    255 255 169 34 255 255 255 255 153 239 244 55 255 255 6 255 255 255
    155 232 14 46 218 255 255 255 255 255 255 255 255 157 195 54 111 255
    239 255 255 217 109 255 255 255 210 96 10 20 138 255 122 255 255 255
    255 107 165 167 255 255 185 75 255 255 255 255 255 255 155 18 255
    255 255 255 90 255 255 255 8 103 179 255 97 255 255 255 214 255 188
    4 165 71 120 34 28 250 255 255 255 255 59 75 255 228 255 255 255 255
    255 255 200 116 95 214 80 255 255 255 255 255 255 103 136 124 38 136
    255 255 132 251 255 216 255 255 255 255 255 255 255 95 255 215 255
    255 255 255 255 44 246 214 60 255 0 255 255 140 92 244 212 96 61 232
    231 220 255 255 107 155 255 255 86 255 255 226 255 81 255 255 73 255
    143 255 220 76 255 255 124 255 255 255 200 255 255 254 255 255 255
    22 70 129 255 46 24 104 167 192 140 64 28 132 141 255 202 80 255 145
    255 255 255 255 255 24 253 91 132 255 255 14 255 155 255 78 36 20
    147 255 255 159 252 228 211 252 255 229 127 255 255 48 255 255 194
    39 255 8 210 134 255 193 159 255 106 223 255 130 72 255 6 147 111
    193 243 218 83 66 75 110 233 42 255 80 255 20 255 34 255 68 252 255
    255 95 122 255 143 2 122 255 255 255 81 255 159 255 98 255 255 255
    255 61 59 255 255 43 255 109 204 62 255 255 255 212 171 245 255 57
    255 255 255 74 255 255 255 255 255 118 4 255 255 184 238 58 255 255
    161 255 255 255 178 159 136 255 255 40 40 255 157 255 161 255 151 75
    227 8 255 241 255 187 100 255 246 255 255 255 22 255 255 255 255 255
    213 255 33 255 255 255 110 255 255 255 44 255 128 157 20 24 8 138
    177 255 65 88 208 41 114 59 153 255 255 83 227 97 255 255 255 255
    255 188 255 201 163 255 68 255 128 255 18 214 161 255 255 255 255
    250 255 255 16 179 255 255 68 255 255 255 255 250 6 188 255 177 255
    59 22 255 255 143 255 255 255 252 255 255 255 255 153 38 86 239 165
    0 10 255 204 193 153 255 255 220 169 122 48 255 255 137 143 225 255
    179 255 255 255 255 135 255 255 255 255 189 255 45 255 44 255 161
    133 255 64 255 255 249 255 255 255 255 94 151 234 230 255 255 0 255
    75 255 255 255 255 255 18 255 255 255 255 64 255 81 255 255 255 147
    255 138 255 255 94 255 255 163 255 255 255 255 255 47 255 26 255 10
    184 255 205 255 255 241 255 255 255 255 255 241 59 255 153 137 12
    255 240 26 181 255 29 151 8 255 203 198 149 120 103 153 72 255 255
    36 255 255 255 255 255 255 255 161 64 255 218 4 69 255 255 255 255
    255 99 255 241 255 255 255 255 122 211 151 255 255 190 255 100 81
    255 255 97 255 243 255 255 255 32 255 118 131 41 32 255 26 255 255
    195 217 255 43 36 117 255 157 99 255 255 186 255 255 69 185 255 255
    255 213 255 151 255 255 255 255 61 255 28 255 118 102 255 145 255
    228 255 255 61 255 76 255 35 255 255 255 16 255 173 251 255 255 28
    222 94 94 255 41 255 255 255 171 255 255 255 232 255 255 255 12 132
    255 255 255 59 255 255 255 255 255 22 96 255 57 218 255 255 255 255
    255 122 207 255 255 130 67 255 255 255 140 255 93 173 255 255 255
    175 79 255 225 255 255 157 255 255 42 170 255 255 255 255 14 198 255
    76 255 255 255 198 53 255 107 187 130 244 255 255 255 255 179 255 88
    255 255 106 141 255 41 255 255 255 255 255 202 255 254 69 255 255 18
    255 170 195 147 127 255 130 57 255 126 255 255 255 26 255 255 155 0
    255 240 255 255 255 255 145 113 255 44 255 255 255 103 255 255 255
    255 255 255 255 0 255 116 118 255 255 255 255 43 255 50 255 74 255
    232 126 255 255 255 255 255 24 196 57 114 255 255 255 28 255 255 255
    45 221 24 255 177 255 255 255 255 238 247 255 128 88 255 177 255 48
    10 255 6 14 255 255 73 255 254 136 255 115 255 255 255 240 255 196
    165 197 255 255 255 255 112 217 255 250 219 255 255 48 255 255 255
    77 255 118 176 255 251 246 173 86 131 255 66 210 255 255 246 255 120
    87 189 255 255 189 255 255 255 255 255 100 52 255 37 217 255 167 255
    255 255 255 255 255 255 254 255 255 255 14 217 255 238 197 244 255
    255 28 116 255 255 255 255 255 189 255 200 236 255 255 140 255 105
    79 255 85 159 255 255 255 46 255 255 255 123 187 255 255 250 54 12
    61 255 255 77 153 255 181 78 121 26 76 129 255 255 255 255 153 252
    228 231 255 159 104 255 255 126 255 232 255 255 197 255 143 255 255
    10 35 255 255 255 255 255 224 193 255 118 173 255 165 255 255 157
    255 255 14 30 242 149 255 117 183 149 255 120 255 255 255 6 255 255
    189 255 255 191 97 216 24 255 218 255 255 255 189 32 255 255 255 255
    255 255 255 255 198 255 64 255 255 255 232 255 16 214 255 201 77 255
    255 157 255 201 20 246 255 208 220 12 200 255 225 255 255 165 56 216
    82 255 171 2 255 187 193 206 255 205 255 255 46 255 71 255 222 255
    153 255 29 255 255 255 255 206 236 255 255 108 255 255 255 255 101
    232 255 255 255 100 255 183 255 255 255 255 119 33 66 255 255 54 95
    255 96 89 126 167 255 255 255 255 255 56 135 202 72 255 255 255 157
    246 255 129 218 96 238 193 255 188 255 14 228 218 255 61 206 98 101
    90 255 255 255 255 255 143 255 89 55 183 255 254 255 56 157 255 255
    255 92 218 255 243 255 18 205 255 255 153 176 255 32 46 147 255 255
    79 179 255 102 235 255 98 255 224 165 173 2 255 124 54 255 36 255 4
    255 255 255 255 163 255 255 125 255 255 255 255 38 255 255 187 255
    255 229 238 255 145 71 147 215 255 193 247 234 255 255 255 112 96
    255 255 255 255 255 6 255 255 255 255 255 213 226 110 56 252 163 255
    255 59 255 56 220 88 255 255 233 255 55 167 226 145 255 255 255 239
    255 255 0 200 18 237 255 208 255 255 255 255 8 255 34 24 255 255 255
    238 203 255 255 102 10 255 255 255 51 80 105 75 255 218 255 255 255
    255 255 254 151 255 255 20 255 50 138 84 255 65 255 14 124 110 255
    255 84 63 255 225 127 255 255 255 197 155 255 169 255 8 195 251 255
    202 255 255 255 255 111 49 189 255 255 24 255 116 255 105 71 118 255
    43 255 18 167 24 79 232 255 255 255 231 255 255 255 117 69 255 38
    255 255 255 255 130 182 185 50 255 51 255 255 255 255 186 149 255
    129 255 255 255 163 255 107 51 90 255 77 255 40 255 80 226 10 255
    252 255 36 255 255 213 8 255 84 255 175 255 255 230 130 216 173 255
    161 255 60 255 255 100 255 98 255 255 208 50 255 246 255 121 255 255
    255 246 255 255 4 42 255 255 255 255 255 181 255 255 255 147 255 126
    255 33 197 22 252 163 143 255 255 255 255 201 255 136 255 255 191
    169 255 10 255 255 244 255 12 255 169 255 57 255 255 145 143 255 255
    255 87 255 255 255 255 255 255 255 138 255 41 255 255 255 255 71 255
    255 218 33 241 8 255 255 69 255 255 52 255 231 255 255 255 12 252
    134 8 177 255 113 145 255 255 255 255 255 255 255 255 187 86 4 10 14
    255 255 193 255 208 255 255 63 255 255 255 149 255 147 255 117 169
    255 255 255 255 202 255 255 212 255 209 255 106 12 65 255 255 255
    255 255 163 126 233 131 255 255 255 255 32 255 254 255 255 240 255
    42 255 110 172 255 66 255 63 255 254 255 58 155 255 255 99 255 128
    206 63 106 81 255 16 255 255 255 255 163 165 255 255 68 255 255 60
    216 179 255 255 255 102 255 104 155 103 255 92 99 242 255 255 255
    205 163 255 255 115 145 255 54 255 255 255 200 255 77 151 181 137
    220 255 73 255 54 255 114 165 105 51 68 234 37 26 255 255 110 255
    255 209 22 255 255 255 255 233 83 116 22 139 255 255 6 143 118 14
    185 173 255 255 255 255 0 255 255 255 4 115 73 201 107 65 255 255
    255 14 107 22 255 255 255 255 255 255 255 165 255 255 255 255 235
    255 236 241 255 83 255 12 255 255 2 255 255 137 255 110 178 255 20
    255 191 255 97 255 255 188 108 175 255 255 136 255 187 255 255 255
    255 113 255 60 255 255 255 255 255 205 255 200 255 255 232 255 255
    57 249 255 255 255 255 12 255 255 255 175 255 255 48 255 255 253 255
    255 255 172 8 255 101 255 255 111 255 255 255 255 28 255 206 165 255
    47 62 255 255 213 255 255 255 99 255 175 255 0 255 255 255 255 4 255
    255 220 255 255 208 210 251 38 187 255 133 90 90 192 128 255 73 255
    26 255 140 122 255 171 120 255 138 245 255 29 255 111 216 255 89 195
    255 255 255 255 167 49 255 255 255 167 34 214 255 255 108 255 255 41
    219 255 248 249 255 255 255 244 255 20 255 255 255 255 216 227 255
    242 255 121 255 255 240 208 8 252 255 134 255 255 253 255 255 255
    255 255 255 255 193 255 255 255 255 255 24 239 67 255 223 255 130 80
    255 212 72 255 255 157 59 255 255 44 255 181 255 75 255 255 255 78
    255 0 132 255 255 255 174 255 157 255 255 255 255 171 62 255 53 255
    206 255 145 141 228 6 210 79 255 246 81 78 81 163 255 248 255 255
    147 255 52 93 210 211 30 250 255 255 202 255 59 130 136 151 108 255
    36 255 249 10 63 112 6 255 130 252 255 167 2 255 255 255 255 16 255
    255 4 255 234 255 216 255 120 242 161 255 224 255 255 115 145 255
    255 167 78 48 255 112 232 255 255 255 255 255 255 250 80 0 51 60 255
    255 255 50 177 114 255 2 255 103 255 255 170 255 255 255 112 20 255
    189 54 255 255 185 255 255 155 4 81 255 255 132 255 20 255 8 255 255
    128 218 255 128 255 255 255 48 18 255 117 255 255 255 173 159 163 75
    203 133 193 28 252 255 255 255 130 255 255 130 122 255 155 255 24
    169 255 16 255 88 32 255 255 255 26 255 255 255 231 255 255 255 255
    226 28 255 120 255 6 255 44 255 118 100 255 71 171 2 255 255 255 255
    60 38 55 255 255 189 255 255 255 237 228 134 255 111 255 58 14 255
    185 236 255 255 226 255 255 255 255 179 255 246 86 30 255 118 255
    255 255 238 92 255 255 255 255 255 255 255 255 79 66 255 65 255 255
    118 255 214 4 255 255 45 118 69 255 0 255 185 30 255 255 255 250 255
    187 255 79 255 255 255 255 228 224 255 24 255 255 255 255 189 255
    224 153 97 240 114 242 255 255 63 255 169 255 88 134 255 255 255 36
    224 10 220 171 255 255 255 102 255 31 255 67 255 205 28 255 4 255
    255 138 157 49 98 208 86 195 95 255 255 255 255 217 14 49 42 255 16
    255 176 69 255 248 136 207 255 14 205 59 255 80 255 236 161 202 175
    66 113 77 38 255 255 251 255 255 255 255 244 243 159 108 255 255 255
    141 248 63 255 255 255 255 206 33 181 178 255 255 178 6 92 255 33
    255 234 79 18 255 255 255 255 255 239 20 255 255 57 183 253 95 31
    207 131 255 255 119 86 253 255 255 185 125 255 235 255 255 255 255
    236 104 255 255 255 242 88 8 255 140 255 255 65 255 155 255 255 255
    255 255 44 255 229 255 63 255 255 35 255 255 187 255 50 122 26 186
    81 255 26 171 219 85 255 255 255 255 255 54 255 255 42 255 255 63
    255 255 255 255 255 255 197 255 117 255 181 255 255 16 20 57 255 12
    250 181 255 255 255 14 35 255 20 255 255 255 155 255 113 255 191 220
    255 255 250 81 28 119 218 14 255 252 64 129 255 255 255 255 255 113
    255 255 255 208 22 255 255 255 192 100 255 46 255 255 180 255 213 42
    255 64 255 41 126 255 88 241 71 255 255 255 90 169 255 255 52 255
    255 255 10 255 255 129 255 255 255 255 151 24 255 58 85 59 183 255
    255 14 147 255 255 113 165 255 238 255 102 255 255 255 255 255 68
    255 124 68 255 255 255 255 65 255 176 138 229 151 255 255 222 77 255
    42 130 255 255 255 255 87 255 255 255 45 255 255 255 181 206 29 138
    255 218 177 255 65 114 36 255 255 255 255 227 255 98 255 255 255 10
    255 255 255 255 255 243 255 255 94 93 59 229 255 147 126 255 255 255
    255 195 255 143 255 255 255 255 42 57 255 26 255 24 255 255 147 155
    109 255 255 85 55 102 255 255 255 151 255 30 255 255 255 240 255 255
    255 255 251 255 255 255 73 69 255 255 57 255 255 96 255 255 4 62 255
    18 255 87 167 255 137 255 132 139 255 74 105 167 255 129 252 211 255
    26 255 255 255 255 113 255 48 137 255 100 255 255 255 255 255 255
    255 79 255 18 173 80 255 35 255 255 238 16 255 255 136 255 255 255
    255 159 255 46 255 237 44 173 255 250 255 149 212 255 255 255 255
    255 255 255 255 255 255 255 40 255 243 255 8 110 61 255 239 2 224
    185 255 255 255 192 255 64 255 240 132 255 255 253 168 175 76 101 90
    235 255 255 255 200 255 255 206 246 195 65 8 227 255 140 255 255 55
    163 255 65 255 6 187 255 255 238 255 255 210 96 255 118 183 255 114
    143 255 255 255 220 255 215 145 255 255 218 255 255 255 255 86 10
    183 20 255 41 255 255 4 22 48 106 191 255 255 255 226 100 255 255
    255 255 56 255 66 255 161 177 196 255 255 238 77 255 109 255 231 255
    255 255 255 255 30 255 208 167 170 22 56 255 173 255 255 255 134 131
    255 86 141 55 255 255 210 255 255 255 255 255 255 92 255 255 255 121
    255 189 87 126 66 250 255 255 255 33 255 255 255 255 255 255 249 255
    255 255 255 255 16 255 255 106 159 167 255 252 255 255 163 255 124
    97 22 195 206 255 183 69 35 255 255 12 255 172 136 255 255 177 16
    255 242 255 165 81 169 255 255 255 157 255 18 163 255 185 139 255
    191 255 255 255 255 255 42 255 122 255 2 108 46 77 37 114 255 153
    255 176 255 46 255 59 98 255 197 108 255 255 136 255 128 28 255 43
    255 255 39 22 248 255 255 255 255 120 255 204 32 87 65 68 59 75 255
    252 255 255 255 255 255 255 255 255 255 255 255 226 118 108 255 255
    255 20 255 255 255 155 255 198 255 255 176 255 255 198 255 36 255
    255 255 159 147 80 255 63 48 73 255 130 246 71 255 184 92 255 222
    102 255 163 255 138 255 255 175 255 77 153 255 10 167 230 255 255
    255 71 64 255 24 255 255 116 72 255 147 90 255 130 34 75 255 255 250
    255 209 255 37 255 255 255 255 255 114 255 255 255 255 14 171 255
    178 255 255 10 255 255 255 220 58 255 4 132 153 255 157 143 255 255
    255 191 255 57 112 179 255 255 10 255 45 255 255 71 229 255 75 255
    255 59 219 255 37 106 255 255 255 255 255 122 255 122 255 255 255
    219 255 16 255 255 130 255 255 55 255 57 216 165 255 255 255 255 255
    255 255 165 6 159 191 255 255 6 255 255 147 183 248 255 255 255 255
    34 255 179 255 56 2 255 255 177 209 255 255 255 255 255 255 255 222
    255 161 112 50 238 255 58 255 134 255 129 130 255 255 120 255 115 2
    147 255 255 255 255 255 255 180 31 255 75 35 195 143 255 255 147 112
    255 85 26 255 255 255 255 20 51 255 255 255 223 6 255 12 255 255 255
    36 244 255 255 255 255 212 16 76 255 4 62 248 35 183 99 112 155 77
    255 255 255 255 255 255 136 255 234 240 30 240 35 255 255 255 32 119
    155 255 50 234 255 48 145 255 255 255 255 255 128 255 182 255 255
    255 197 255 236 20 255 232 153 98 184 212 136 255 69 179 255 165 255
    255 92 62 248 255 255 40 255 255 255 45 24 255 255 149 255 39 255
    182 120 255 6 171 38 255 255 118 255 2 74 255 255 70 28 16 130 16 96
    255 255 77 255 73 255 157 255 143 255 255 255 255 255 255 255 52 248
    255 8 255 40 252 29 255 255 130 255 6 73 255 198 26 167 255 255 255
    255 173 161 71 255 255 246 255 255 149 255 255 101 255 249 4 255 66
    202 255 66 182 255 94 105 33 255 255 255 215 167 195 255 255 79 255
    255 134 215 44 255 225 255 0 255 12 255 60 255 100 255 91 255 12 255
    255 56 255 255 255 255 248 255 255 53 255 216 255 38 109 86 187 42
    230 255 255 255 255 255 255 255 12 16 0 255 255 106 93 173 237 85
    255 255 163 81 114 228 255 28 255 255 255 255 187 255 255 255 255
    176 255 255 255 208 22 255 244 84 255 33 70 255 255 177 119 255 255
    236 238 255 234 246 255 255 226 255 255 136 145 202 255 255 255 255
    255 18 255 255 255 167 255 50 255 50 255 228 255 255 255 2 255 232
    70 255 255 171 255 255 255 255 39 255 188 255 255 255 128 255 12 43
    255 135 255 255 255 255 255 208 255 251 216 255 255 190 110 255 255
    255 149 255 255 255 255 157 255 69 248 255 220 255 255 36 255 255
    255 61 227 255 255 217 255 155 255 230 255 255 81 255 255 255 255 98
    210 255 6 255 255 255 254 244 207 50 112 92 95 120 90 255 255 255
    143 255 171 105 120 255 176 122 147 255 255 255 119 255 255 65 255
    255 255 255 66 234 110 122 255 255 126 224 255 255 238 255 141 81
    255 58 149 255 255 255 118 185 255 24 245 255 252 255 255 255 44 255
    208 50 255 114 255 38 51 255 8 255 82 52 255 255 255 255 134 12 255
    4 255 255 167 14 255 255 248 255 209 240 20 80 200 255 255 255 255
    255 133 255 255 83 255 255 255 255 255 2 110 255 79 255 90 255 255
    219 255 114 255 178 255 141 172 255 136 255 49 36 230 151 181 255
    255 66 210 98 255 36 130 20 16 255 255 63 165 255 255 255 255 255
    163 197 198 254 36 255 232 78 81 255 255 14 169 213 255 255 193 28
    255 187 255 2 28 255 49 255 244 114 255 131 255 80 255 96 88 194 122
    255 252 255 255 93 24 193 101 238 255 255 143 255 50 255 255 208 255
    255 56 255 255 6 255 255 254 255 255 255 100 255 115 167 255 192 197
    48 255 255 255 255 126 32 226 120 255 113 128 151 255 185 177 255
    255 255 2 242 20 255 193 211 52 255 134 57 153 54 255 175 255 255 71
    64 255 255 255 127 90 255 255 132 64 159 255 255 42 128 163 198 165
    70 255 255 40 127 255 40 79 155 70 200 232 205 255 88 22 165 124 255
    69 255 255 73 255 187 42 255 52 255 255 255 238 183 197 255 255 255
    135 214 255 255 255 255 214 29 255 165 138 221 255 255 255 255 250
    255 2 255 255 255 122 247 255 167 255 255 255 96 255 214 255 14 77
    255 24 255 92 61 255 255 230 255 221 198 255 255 172 69 255 248 255
    16 159 108 223 176 255 255 123 79 255 131 171 255 244 153 54 67 128
    255 255 187 255 255 208 183 198 255 229 16 255 255 255 255 255 129
    255 243 117 193 203 255 210 120 255 255 203 255 255 255 255 255 255
    255 147 255 176 252 122 40 255 255 255 255 255 255 255 255 255 77
    255 143 204 255 20 255 255 255 234 255 143 73 165 255 98 233 255 255
    165 255 81 72 87 255 122 101 255 237 103 244 255 255 2 255 255 218
    78 255 254 40 255 124 255 255 255 122 240 255 255 77 112 255 105 159
    255 172 255 74 255 246 255 123 246 255 255 90 2 255 255 255 202 255
    255 182 255 255 255 255 255 220 187 255 255 65 255 93 159 163 255
    255 128 255 255 255 212 255 255 255 147 255 172 255 255 255 255 255
    139 255 68 30 6 124 255 255 251 79 255 217 255 230 38 218 255 255
    255 255 255 204 255 255 255 255 255 200 177 255 255 255 120 250 255
    70 255 193 255 255 102 66 255 140 247 255 255 66 50 255 219 159 255
    255 107 250 255 255 255 169 190 255 42 255 255 86 113 88 255 255 255
    255 255 255 199 255 106 100 6 218 255 109 248 26 61 255 255 255 255
    255 10 255 62 255 222 112 255 73 255 255 244 229 176 210 221 255 220
    255 93 255 106 240 255 157 71 250 255 255 255 245 226 16 255 103 90
    50 255 61 255 255 255 207 255 106 255 109 255 255 242 200 229 50 254
    255 26 255 143 135 234 255 255 157 82 4 96 112 255 79 78 255 18 255
    93 255 197 30 255 255 255 228 255 255 134 255 255 255 44 95 187 255
    131 204 255 255 255 255 198 255 255 255 255 255 255 255 4 255 96 255
    147 118 201 255 65 255 255 255 255 192 130 255 255 12 80 36 255 255
    131 220 255 240 75 143 255 255 2 188 255 106 34 255 255 115 255 255
    125 255 8 57 255 255 52 255 132 10 255 237 255 255 255 246 255 255
    255 255 4 255 255 255 255 124 191 16 255 56 255 189 255 230 255 40
    255 255 255 255 212 213 214 255 237 214 255 24 0 94 255 255 255 255
    75 255 14 73 255 118 255 255 255 125 155 221 145 255 34 18 255 255
    255 88 241 111 255 116 255 228 130 145 228 12 255 255 64 50 255 255
    255 55 163 147 255 52 255 187 161 73 112 255 20 255 171 151 255 255
    255 255 255 255 165 255 95 255 94 255 175 255 182 4 255 143 240 56
    182 255 145 255 106 255 234 255 147 6 255 249 255 255 173 255 255
    255 255 255 255 32 118 255 255 226 255 95 255 255 194 202 54 244 138
    255 255 234 155 111 255 20 255 255 40 115 255 255 255 159 255 85 140
    215 255 255 12 248 255 36 50 163 46 255 255 255 73 255 207 220 6 255
    224 255 255 135 255 165 119 61 255 255 94 209 115 167 116 157 255
    255 190 242 255 83 255 255 240 255 167 255 255 98 255 255 195 153
    202 106 255 255 195 255 96 255 255 92 255 255 255 255 255 163 175
    186 222 52 28 255 255 65 41 255 255 255 86 85 255 4 178 255 193 255
    255 255 99 255 185 255 255 255 248 140 255 255 255 255 255 255 181 0
    22 48 255 22 255 255 255 16 255 255 255 255 255 255 255 255 255 240
    248 255 83 255 114 255 41 255 255 108 255 255 140 114 87 31 239 255
    47 90 255 255 255 255 255 255 143 255 255 255 255 255 255 255 255
    255 197 141 255 254 173 65 193 193 69 255 255 255 185 255 196 255 8
    255 255 48 4 255 138 255 255 179 255 71 255 79 114 78 255 204 255
    255 159 255 255 255 255 255 255 255 200 255 48 200 255 48 255 255
    141 0 255 126 248 255 255 255 161 78 255 214 255 255 248 255 255 250
    255 255 255 147 255 61 14 30 255 211 123 81 255 255 255 30 212 255
    255 87 83 94 255 0 86 149 8 255 255 200 255 255 255 255 255 22 14 59
    255 255 255 167 255 255 255 255 255 81 255 255 255 255 255 255 46 91
    228 255 255 255 138 255 112 114 222 255 6 250 210 255 255 143 62 255
    49 255 255 255 255 255 204 28 8 255 255 255 255 255 255 255 255 255
    255 249 255 39 255 73 255 227 255 200 143 161 255 32 255 255 255 255
    86 36 59 120 243 119 255 255 255 255 175 214 163 255 255 255 255 255
    255 159 20 248 130 255 255 255 255 255 171 85 255 60 246 255 255 255
    193 80 255 126 255 212 132 255 255 200 128 255 88 255 255 8 82 153
    255 255 255 255 255 174 177 255 16 37 255 220 255 255 255 255 255
    255 255 255 255 255 173 255 255 255 255 255 149 188 252 255 255 255
    159 123 130 255 255 255 255 255 254 255 255 108 122 16 202 62 232
    255 30 255 33 255 18 255 255 255 124 255 255 255 255 255 96 74 14
    161 14 255 98 191 255 159 255 218 230 46 255 255 255 46 255 255 255
    255 66 255 155 100 232 187 255 255 132 255 255 255 255 50 255 255
    255 57 4 42 255 219 196 96 255 255 255 28 255 255 255 255 255 34 77
    183 255 153 255 48 255 255 128 28 20 48 214 255 255 255 255 62 32
    252 255 194 202 253 255 14 82 255 100 215 255 69 255 255 24 255 232
    226 38 63 255 255 188 173 255 34 96 255 255 242 255 113 67 255 255
    255 145 81 222 255 163 255 0 52 210 185 71 255 48 212 255 255 255
    255 255 255 33 72 30 37 86 255 255 255 167 244 255 242 228 255 133
    255 255 226 255 161 255 155 68 255 255 163 85 255 132 222 41 159 242
    255 147 113 73 255 248 140 92 157 255 255 255 255 4 14 8 255 129 255
    255 255 14 24 255 255 255 71 255 255 10 255 255 109 255 255 250 255
    114 255 37 255 255 181 120 255 69 4 101 191 28 222 122 255 255 255
    249 255 228 255 255 255 100 192 212 255 38 138 153 255 153 70 54 255
    80 255 33 36 255 255 255 89 228 120 65 2 255 255 252 227 167 255 72
    255 240 255 244 83 10 255 255 136 44 255 255 157 53 255 56 255 255
    255 255 241 255 255 255 56 183 237 172 226 255 255 96 255 255 187
    255 10 255 255 255 255 255 255 138 255 255 255 255 91 61 255 103 255
    255 238 255 155 255 49 255 255 255 213 255 145 255 20 83 255 57 255
    255 69 255 22 255 255 255 176 255 255 255 255 165 255 255 255 216 79
    255 255 191 255 91 255 255 4 255 14 46 255 255 206 255 255 255 49
    243 50 8 32 255 255 255 255 255 255 127 183 12 200 183 185 255 252
    255 255 255 54 255 255 255 255 255 22 230 255 247 255 53 255 194 255
    255 119 153 187 255 195 255 18 88 68 210 246 179 192 100 255 255 51
    110 255 255 255 113 122 203 200 18 16 255 255 255 255 255 217 255
    255 255 119 88 255 6 90 255 61 118 110 14 173 183 111 255 4 255 226
    255 14 200 64 255 183 255 147 65 130 238 195 92 255 242 255 255 10
    40 115 255 255 210 255 255 255 102 195 236 255 255 24 193 48 137 130
    255 255 41 159 255 173 255 255 255 201 255 255 255 255 255 12 255
    255 42 254 255 255 255 255 145 172 255 181 159 255 255 255 118 255
    230 73 74 255 255 255 255 124 255 255 255 255 255 230 255 255 39 205
    255 255 255 230 255 199 36 255 225 255 255 255 255 255 243 255 238
    255 254 255 229 255 255 255 238 255 255 255 255 255 129 255 173 255
    102 255 75 63 255 44 255 255 165 98 68 255 183 34 255 255 255 255
    255 255 97 255 255 163 248 145 255 255 213 238 255 108 192 92 211
    220 255 104 255 191 255 255 255 12 198 132 255 255 49 197 255 255 42
    186 255 2 255 51 0 46 255 44 255 128 102 139 37 66 255 255 209 143
    118 255 255 255 255 139 81 48 255 26 255 255 183 24 101 222 74 12
    126 68 113 20 255 46 255 2 79 255 120 36 255 227 69 16 34 36 255 153
    255 255 255 255 255 209 220 255 221 52 255 255 255 159 32 143 230
    116 151 248 255 255 138 195 99 255 255 255 18 255 121 86 128 236 255
    255 255 255 255 255 53 255 255 134 255 255 255 255 255 255 255 56
    179 6 255 216 255 255 41 255 202 255 255 255 255 255 135 175 255 255
    255 255 255 255 70 242 255 255 255 255 255 255 228 134 255 255 138
    255 255 249 139 255 203 255 4 243 111 255 16 255 175 255 255 255 247
    188 255 243 255 255 255 143 161 255 99 200 255 206 234 255 14 161
    155 242 255 255 24 255 255 143 255 255 151 57 255 255 255 255 255
    255 102 255 252 145 117 155 255 218 255 255 101 10 255 255 255 165
    131 29 191 255 255 237 255 118 88 255 151 124 255 255 255 248 255 30
    255 255 102 16 255 255 255 255 255 255 255 211 255 114 42 77 134 255
    255 4 18 208 41 177 22 126 132 255 145 132 255 255 215 135 255 36
    255 255 26 255 255 207 255 255 255 139 120 255 48 252 255 255 153
    255 255 161 255 255 75 255 255 255 255 255 255 255 107 102 255 26
    114 255 255 255 34 163 134 255 149 255 108 180 255 255 255 255 255
    63 255 96 38 255 78 89 255 70 44 255 223 255 189 68 255 255 255 255
    255 60 255 255 255 255 165 255 59 96 60 255 200 255 255 255 70 61
    255 42 255 163 255 14 252 52 255 255 255 153 255 112 184 255 255 178
    116 255 81 255 255 255 255 229 255 255 255 255 88 255 93 246 255 255
    179 255 232 212 255 255 145 255 255 255 255 255 255 255 91 255 197
    255 224 159 2 240 40 61 65 255 255 226 255 255 255 255 111 255 255
    208 255 255 255 255 255 255 255 235 255 224 255 167 147 255 50 18
    255 255 255 255 12 255 181 204 96 70 50 53 255 44 197 165 218 222 26
    127 130 136 255 255 255 143 122 12 255 73 255 77 120 90 61 255 167
    240 255 74 170 118 255 255 49 36 255 49 255 255 49 229 224 255 255
    63 92 138 255 255 255 255 140 255 196 102 255 255 147 32 224 240 6
    255 63 255 255 255 239 71 255 255 255 228 141 255 163 253 178 255
    245 194 240 255 141 255 163 255 255 255 129 255 181 192 191 189 204
    136 20 85 37 134 165 195 90 91 185 34 248 255 255 131 255 68 255 77
    56 255 224 255 83 75 187 255 108 255 255 255 255 255 255 255 54 65
    52 255 112 2 255 255 255 255 185 255 255 255 255 255 255 255 255 102
    255 255 255 72 141 255 66 6 106 223 255 255 255 255 248 58 178 179
    255 246 151 255 24 255 211 240 255 24 163 255 118 255 102 255 255
    255 110 255 244 126 255 255 167 255 255 173 255 255 255 54 206 110
    63 104 255 250 255 18 255 175 80 111 98 153 255 92 255 255 126 255
    255 149 34 255 79 255 218 65 255 83 228 255 255 255 60 220 255 251
    10 255 106 255 255 255 255 114 42 226 151 8 190 255 44 255 128 255
    255 59 255 255 185 66 77 75 255 176 39 253 113 255 255 255 255 255
    20 255 255 255 255 50 255 37 255 238 255 255 255 255 251 255 220 255
    255 202 255 54 197 255 255 96 255 46 187 255 255 102 112 255 210 255
    36 255 233 255 255 205 255 255 116 255 122 255 57 255 124 255 39 255
    255 255 255 255 255 255 255 255 255 159 108 255 255 43 255 255 255
    32 153 234 255 255 255 74 89 255 193 255 244 255 255 185 169 255 88
    249 255 255 255 10 255 14 255 255 118 255 35 223 255 255 255 255 86
    94 255 181 145 178 191 255 255 195 205 248 187 255 50 20 10 255 255
    163 77 255 149 149 88 255 200 255 255 255 71 255 210 255 227 255 255
    255 255 255 255 255 2 255 255 232 255 255 255 251 202 216 207 255
    163 255 30 255 255 255 181 147 18 255 255 194 255 255 255 255 255
    255 147 255 117 255 255 30 255 14 255 167 136 99 255 255 242 90 112
    255 90 169 255 255 147 255 90 6 71 96 255 240 118 255 230 157 145
    255 77 199 255 255 255 255 2 126 255 4 38 255 255 255 155 59 255 123
    197 247 85 238 58 236 167 255 255 0 22 184 255 255 255 255 255 168
    230 193 226 255 255 255 255 255 255 255 225 24 151 22 172 114 255
    255 20 193 255 79 255 186 183 86 226 26 255 255 161 255 255 255 84
    255 255 255 69 83 255 255 6 108 135 181 255 255 255 255 255 193 108
    255 181 255 44 69 32 192 255 255 255 255 126 105 2 255 228 255 30 83
    255 255 255 255 255 151 157 255 194 22 249 105 255 255 135 255 255
    50 255 255 83 255 255 255 29 38 255 255 255 22 71 255 36 159 255 255
    55 255 255 94 205 255 118 255 255 255 255 232 250 217 46 236 40 190
    197 255 255 255 233 18 255 132 255 149 114 255 16 255 109 255 120
    151 20 255 105 108 255 159 255 237 246 255 255 145 255 52 250 124
    255 255 255 233 30 240 255 255 81 255 246 255 255 46 165 253 210 200
    177 137 100 255 44 143 255 236 255 255 255 191 255 182 37 183 255 71
    255 255 179 255 255 255 165 255 255 203 255 12 237 224 51 145 77 110
    229 255 255 255 255 255 84 32 255 255 202 16 211 255 41 16 255 255
    255 255 255 153 255 255 255 133 255 193 255 255 255 255 189 255 255
    232 62 163 255 255 73 255 193 22 110 151 255 255 255 178 255 255 115
    255 255 202 255 12 246 216 255 176 255 243 255 22 189 30 255 62 252
    255 18 255 255 255 95 179 98 218 134 100 113 255 255 255 255 102 255
    255 255 202 255 185 226 255 255 255 255 255 255 112 26 224 255 233
    255 255 255 18 100 14 159 255 36 99 161 255 255 255 255 255 37 8 8
    26 231 234 255 255 232 110 255 192 255 255 255 255 68 255 206 4 73
    12 255 255 255 255 170 51 84 255 255 66 255 255 247 119 61 10 255
    255 255 255 55 255 212 0 255 255 255 2 184 155 255 255 165 255 81
    255 255 255 255 255 255 185 193 255 145 255 255 220 255 200 22 143
    240 255 255 255 255 58 18 155 78 234 134 217 24 185 255 38 88 199
    167 232 227 255 130 120 244 224 88 255 185 255 79 108 215 255 20 255
    255 255 155 255 31 159 139 255 32 255 33 161 255 255 255 93 136 173
    214 255 56 97 106 136 198 255 217 255 255 255 255 255 255 36 200 255
    255 255 255 101 255 255 36 191 181 255 255 255 198 255 189 255 255
    255 0 255 118 186 255 255 255 255 255 255 126 255 255 161 255 105
    255 255 255 255 104 255 234 241 240 185 255 157 242 255 255 26 255
    255 255 18 255 255 255 40 114 255 79 255 255 52 206 213 172 255 255
    8 255 255 255 255 159 255 255 255 255 234 255 255 161 255 255 55 195
    137 191 255 18 255 134 255 224 141 255 255 223 57 255 255 255 255
    255 208 33 223 255 16 255 255 16 255 12 255 255 255 255 255 127 220
    255 54 255 255 255 255 225 12 255 255 255 136 255 103 102 255 34 6
    185 255 228 12 255 2 255 224 255 112 255 255 76 255 136 36 129 255
    187 212 255 255 255 63 255 255 181 255 255 238 203 208 250 255 121
    88 255 255 255 80 208 163 255 255 31 255 255 255 165 210 255 32 255
    39 255 137 255 255 255 255 32 255 202 163 174 130 40 208 255 90 129
    171 221 145 71 94 127 214 255 222 255 255 255 255 255 255 255 2 238
    14 249 85 151 255 255 255 241 255 248 255 79 255 187 255 206 255 255
    246 247 139 255 255 255 255 34 157 177 76 137 187 173 67 255 185 109
    226 28 252 255 255 255 255 255 121 255 255 65 255 255 192 43 92 255
    255 255 255 255 255 255 255 255 255 254 255 81 147 231 255 255 255
    50 94 159 73 255 233 255 193 255 255 255 255 20 104 66 250 20 16 32
    255 255 255 255 141 153 255 98 178 202 255 255 210 255 255 106 225
    255 189 255 222 255 255 165 255 225 255 14 255 240 255 78 255 210
    255 255 155 88 255 255 255 255 250 255 242 220 90 255 255 255 63 255
    255 147 63 78 255 179 14 255 67 159 255 255 12 228 255 255 40 255
    255 42 16 255 255 255 219 107 94 255 151 255 255 210 255 66 4 151 70
    232 255 255 204 255 96 255 255 183 255 255 255 137 161 255 139 255
    255 200 49 159 184 255 0 255 255 36 255 255 66 188 255 255 71 255 54
    2 255 255 135 255 132 255 171 255 255 255 14 125 255 141 137 118 255
    254 255 181 208 255 255 87 197 207 255 255 255 255 255 70 255 255
    255 83 255 255 255 206 209 255 218 255 180 55 213 2 255 255 255 255
    255 143 200 255 255 255 255 240 255 255 73 255 217 255 255 237 255
    193 112 250 102 195 255 255 215 255 255 255 188 255 255 255 255 255
    79 255 112 255 167 255 81 255 239 255 26 165 143 255 92 255 77 255
    255 255 50 255 8 255 255 255 34 139 255 255 186 8 143 117 255 10 113
    255 128 255 255 16 161 255 255 255 255 255 255 67 255 255 255 255 69
    230 161 255 255 255 155 195 108 255 104 255 125 255 68 186 255 195
    131 240 42 255 165 159 255 61 251 255 255 255 255 238 6 172 250 255
    255 77 165 255 255 187 180 214 255 190 255 12 131 163 58 246 255 153
    255 255 255 255 255 255 208 175 14 255 98 255 255 255 255 135 45 255
    255 255 255 255 128 124 255 255 255 255 255 255 255 255 229 255 200
    255 255 134 255 147 255 255 255 18 255 255 255 16 255 220 201 12 255
    171 255 255 20 178 238 80 255 173 8 202 16 128 255 255 255 26 255
    255 255 96 255 125 250 255 224 255 255 255 255 24 255 255 245 255 77
    255 244 41 255 255 255 167 255 255 255 255 59 215 91 39 255 255 175
    12 255 254 255 255 255 255 255 163 2 255 255 255 240 255 255 34 4
    243 255 255 255 255 255 110 69 255 110 36 255 175 255 255 213 250
    255 28 255 73 255 194 47 255 155 255 126 255 255 54 255 100 201 75
    255 255 190 41 255 159 255 255 26 255 26 255 145 223 194 255 255 240
    255 255 63 140 255 255 255 235 255 255 181 224 153 243 255 255 114
    255 218 245 222 155 255 255 255 90 165 197 187 255 12 74 155 102 157
    54 185 255 59 47 255 103 18 255 10 185 255 255 255 255 180 255 82
    255 255 110 255 255 255 255 197 183 255 255 255 255 255 247 255 255
    255 153 138 255 220 169 149 117 165 255 255 255 112 69 88 255 255
    236 255 14 255 255 255 255 255 254 255 255 6 255 88 255 100 255 93
    255 60 255 255 255 137 255 74 255 255 147 255 124 255 255 255 231 57
    255 255 255 96 54 24 255 255 255 255 183 255 255 14 50 236 173 206
    255 241 255 169 255 255 255 128 255 252 48 139 255 255 255 63 132
    188 232 18 57 220 143 50 112 255 255 177 122 238 255 255 252 234 110
    255 173 255 255 255 221 26 255 22 56 255 175 174 49 253 255 169 255
    48 116 255 65 255 255 69 153 255 81 41 255 109 29 255 255 255 10 255
    255 255 255 255 136 255 110 199 255 255 255 255 204 255 107 255 76
    77 94 50 255 255 255 255 255 255 255 255 255 255 116 255 255 255 122
    22 20 255 180 255 255 255 112 255 255 197 92 182 83 78 30 255 173 71
    112 255 113 255 255 24 255 255 255 255 255 133 165 38 255 255 255
    135 255 255 246 47 255 69 147 255 36 255 255 161 88 165 236 31 255
    255 216 255 255 255 36 105 8 10 50 94 161 255 189 255 255 161 213
    255 33 110 255 255 177 255 255 197 255 255 255 255 26 66 12 255 96
    255 238 6 34 255 255 137 149 223 255 100 255 255 187 26 255 197 20
    255 110 255 255 255 255 48 255 255 255 255 255 255 255 255 255 255
    249 255 138 78 255 255 255 36 234 151 63 163 255 101 0 255 10 51 195
    255 151 102 255 136 70 79 122 72 255 255 255 255 41 118 93 255 193
    147 16 255 255 255 255 18 140 255 93 255 255 255 86 255 238 255 255
    255 106 255 255 212 118 255 255 163 255 20 223 165 255 80 255 255
    255 255 255 255 149 255 88 93 106 78 220 255 255 255 22 136 255 10
    191 255 255 255 255 39 30 248 151 255 44 255 72 255 255 227 255 255
    245 255 134 90 65 12 36 117 108 30 44 255 151 89 35 52 255 255 255
    182 165 0 255 18 255 255 255 255 255 18 255 255 220 54 6 255 255 255
    163 108 255 45 153 255 8 255 137 185 255 2 110 255 220 41 255 198
    218 255 248 255 255 255 14 255 83 197 255 255 96 255 151 255 124 56
    255 2 255 197 255 255 242 165 242 88 255 230 124 191 111 126 14 117
    79 104 244 14 215 255 255 255 255 51 98 255 41 255 163 255 255 255
    155 255 4 216 255 141 254 255 255 255 255 99 255 255 255 63 255 50
    255 255 255 255 255 0 143 255 133 255 255 255 255 255 255 255 255
    255 255 255 255 255 255 255 53 255 255 255 239 255 147 255 255 181
    255 255 255 255 240 255 255 255 94 255 77 255 10 20 100 191 255 255
    255 255 33 32 71 255 249 137 57 183 153 8 255 153 255 255 151 246
    211 255 90 255 170 255 30 48 120 2 38 255 255 119 37 255 224 145 255
    172 255 209 255 255 179 255 255 124 176 100 255 255 126 249 244 114
    255 255 202 96 255 149 225 255 250 217 255 218 255 121 220 255 240
    255 255 255 104 255 255 255 138 255 244 255 167 255 255 255 255 207
    255 255 255 95 183 255 255 255 255 255 255 255 255 255 62 255 191
    159 255 197 26 255 92 255 254 255 241 196 47 235 255 37 255 95 255
    20 255 255 255 18 208 255 255 145 6 255 212 255 255 255 255 255 159
    255 172 110 211 4 177 255 255 255 255 69 226 255 255 255 255 255 33
    255 242 35 14 255 197 70 255 255 201 131 255 255 151 86 255 255 255
    213 155 255 255 255 165 193 210 255 122 255 255 255 186 67 255 255
    202 153 123 138 18 6 94 217 44 255 185 255 255 177 255 252 255 255
    124 209 95 220 255 255 77 255 0 255 255 216 255 255 255 255 255 255
    252 183 202 255 255 255 16 205 255 255 255 208 255 255 135 255 255
    255 106 255 50 191 132 255 232 255 255 102 255 255 177 4 145 114 255
    255 255 255 242 26 227 149 236 100 255 63 255 14 104 255 255 255 114
    252 255 255 129 255 255 255 63 24 255 230 255 26 255 255 255 26 255
    255 45 255 255 90 255 97 22 255 44 214 255 255 63 82 255 126 255 121
    124 255 255 255 165 202 112 165 234 191 255 255 90 179 255 173 227
    28 255 34 91 165 10 255 255 147 75 134 68 119 255 82 255 255 24 255
    6 90 255 255 141 255 255 30 255 255 72 255 20 205 117 18 255 255 255
    255 255 255 255 255 77 255 255 214 255 232 159 255 255 151 66 255
    255 255 255 255 255 220 132 255 248 255 255 255 128 185 255 12 221
    255 255 255 77 255 255 255 118 167 83 255 195 71 255 255 255 255 251
    202 147 255 255 255 255 255 255 251 255 165 201 176 155 255 204 143
    199 67 255 149 224 255 255 8 255 255 255 255 4 255 98 20 111 255 255
    137 214 46 44 86 40 168 153 255 89 255 255 255 255 90 4 116 255 109
    98 16 143 255 255 255 10 181 186 122 151 145 94 203 255 112 76 255
    255 231 255 255 245 208 255 255 255 255 255 255 255 255 204 255 255
    255 132 255 255 255 255 255 96 255 255 255 255 255 55 255 81 255 86
    34 255 255 153 255 255 73 255 102 91 226 147 255 94 255 214 255 255
    99 255 141 255 255 255 50 202 22 113 185 255 255 255 219 222 232 255
    202 173 255 255 248 255 255 255 255 255 147 92 255 248 255 93 255
    167 56 255 255 255 49 163 46 189 171 222 255 255 255 255 58 255 37
    255 127 212 141 255 255 255 255 255 199 255 116 74 56 16 255 230 255
    255 255 255 20 255 234 213 255 118 255 50 179 255 12 255 187 255 255
    64 255 255 255 255 204 255 255 255 255 255 255 255 52 255 38 255 35
    90 255 255 255 255 255 255 176 255 90 255 255 255 145 206 255 125
    255 124 255 12 255 255 255 231 255 130 255 255 183 197 255 175 70
    255 67 112 255 0 255 159 255 255 255 242 255 196 255 255 255 86 255
    255 255 231 113 224 255 255 20 255 18 2 10 40 255 255 202 255 255
    220 104 255 255 255 255 71 200 161 61 161 191 255 106 30 255 112 255
    255 92 0 216 226 12 255 134 14 172 181 255 224 255 255 34 255 64 2
    161 255 255 255 98 206 255 225 135 143 255 255 124 213 255 47 153 77
    255 255 34 255 255 28 20 255 255 43 6 255 6 20 44 255 42 255 31 215
    238 255 255 10 98 255 255 255 255 255 255 18 255 255 255 255 255 255
    255 128 44 255 255 112 255 255 42 0 255 255 255 255 255 255 65 30
    250 255 203 210 226 255 109 102 195 255 63 183 255 126 255 176 255
    48 56 90 255 192 255 179 255 4 104 255 96 255 255 255 255 216 167
    249 255 53 255 131 138 255 36 35 251 65 4 255 255 128 181 14 255 76
    61 147 255 255 255 255 255 255 255 210 255 94 204 255 255 255 77 255
    255 255 239 244 255 193 32 232 241 255 145 18 255 208 255 255 220 92
    125 255 255 255 255 255 255 238 86 255 255 124 252 226 52 212 255
    108 107 59 108 255 255 255 255 255 255 255 165 124 170 126 255 214
    161 167 255 255 255 198 255 126 255 255 255 20 124 235 255 255 118
    141 255 32 255 255 255 255 208 2 2 255 255 255 185 235 255 151 255
    176 255 255 255 255 195 255 255 255 255 255 28 255 255 26 255 22 255
    240 255 255 192 255 143 182 208 36 182 181 241 216 155 255 255 0 255
    255 59 0 20 208 213 119 255 255 95 159 255 143 255 255 255 255 219
    255 163 255 255 255 82 65 222 153 255 151 18 16 63 163 255 255 112
    75 179 255 65 4 54 141 71 255 123 183 255 255 177 74 8 255 143 167
    255 255 255 75 165 196 255 207 230 55 255 44 255 12 167 77 104 255
    83 255 153 236 245 255 255 70 255 255 255 220 67 215 255 255 177 46
    122 237 255 255 60 255 255 255 255 255 42 255 255 255 141 208 151
    190 67 237 255 204 92 133 145 255 113 255 255 255 169 255 252 41 255
    255 47 255 20 255 177 255 255 197 97 33 255 255 122 4 255 234 112 14
    126 231 255 255 245 255 255 34 255 255 2 255 255 255 216 240 255 255
    255 70 157 181 36 75 208 102 196 118 255 255 255 126 129 255 108 234
    185 72 190 222 145 69 255 0 4 230 255 234 255 255 255 216 255 149
    143 60 218 187 255 255 255 255 255 255 255 255 112 80 143 255 104 12
    195 255 198 255 36 255 53 255 174 33 199 141 255 255 159 39 255 255
    110 255 103 254 54 93 255 255 83 104 108 255 255 255 143 31 255 202
    255 255 255 149 157 255 255 62 255 130 255 206 255 56 255 255 255
    255 255 213 255 255 207 20 255 255 67 255 243 107 165 189 255 255
    255 212 255 253 153 255 229 20 159 112 255 255 255 161 45 124 255 75
    255 255 255 50 4 255 255 141 26 205 255 255 136 255 92 56 161 255
    179 255 255 6 255 185 90 147 255 48 8 159 255 50 63 251 255 255 255
    255 255 255 59 96 255 255 63 247 255 218 44 255 255 215 255 255 255
    135 208 255 50 255 102 255 61 153 255 255 255 255 210 255 255 255
    100 216 250 40 255 244 124 255 255 195 255 252 193 79 255 255 255
    255 255 155 255 255 188 255 255 188 255 96 255 59 255 234 255 189
    255 214 143 255 255 4 255 255 255 255 242 255 77 255 70 255 255 16
    255 59 255 255 255 255 75 255 255 255 230 241 255 195 167 111 92 241
    59 228 255 255 185 255 255 255 82 87 92 26 255 118 255 174 31 22 105
    255 255 255 255 255 0 14 183 167 255 237 255 255 255 255 39 255 255
    83 239 32 255 193 255 255 255 255 255 60 244 12 70 56 255 255 24 255
    44 255 255 185 255 6 255 161 200 255 54 242 191 255 255 191 255 112
    255 4 173 199 255 41 255 255 145 102 255 124 255 24 255 255 255 255
    22 176 24 255 255 255 255 141 248 18 30 255 213 42 255 255 255 181
    46 255 255 0 218 143 249 63 255 66 255 116 151 101 20 255 178 163
    255 255 206 255 255 10 255 145 98 181 255 165 255 255 126 14 255 255
    255 32 202 255 255 43 147 125 45 255 255 255 255 255 41 255 91 255
    255 255 242 255 204 255 76 151 31 255 255 255 34 255 255 191 109 189
    84 255 202 255 10 255 255 255 35 255 255 255 255 255 255 120 255 255
    255 255 96 255 24 255 255 255 255 255 255 255 255 255 216 255 255
    255 255 50 255 255 255 183 255 255 255 8 255 255 255 255 206 255 255
    255 116 236 255 255 125 214 245 36 169 120 255 255 243 255 167 112
    113 255 255 255 255 255 255 255 221 184 155 20 103 157 255 133 167
    255 28 255 255 81 26 245 234 130 235 255 187 62 255 92 255 255 63
    255 255 8 235 73 22 161 81 255 239 8 255 255 79 67 201 135 67 255
    218 255 255 220 202 255 18 255 247 255 255 88 255 145 181 255 77 255
    255 255 66 153 255 255 178 255 16 255 255 68 255 255 74 255 255 42
    91 255 255 255 255 114 255 255 136 255 255 118 121 255 6 159 255 241
    149 37 255 14 104 239 244 120 255 255 255 255 52 145 72 255 102 255
    255 255 255 255 22 225 153 255 255 255 61 255 255 230 255 255 255 60
    105 206 255 149 102 24 255 255 98 252 255 255 255 98 185 194 4 183 0
    20 84 255 41 120 255 255 72 255 128 255 255 143 255 198 155 247 186
    255 251 255 255 52 255 51 203 255 255 64 255 37 14 255 220 255 81
    255 255 93 210 255 255 255 255 165 49 255 81 255 255 255 255 255 255
    255 24 255 63 255 255 96 255 36 165 124 240 35 38 255 22 229 255 193
    255 224 255 219 117 255 62 190 200 255 111 33 255 131 86 209 255 77
    209 210 8 169 125 255 255 36 69 255 57 255 213 255 255 255 255 35
    255 204 130 30 117 130 255 255 193 253 255 255 195 157 234 255 255
    255 38 255 255 106 240 255 255 174 8 191 147 187 255 255 255 255 220
    94 255 255 255 255 255 35 179 113 143 120 63 169 255 255 210 255 255
    143 64 255 83 104 16 24 84 71 255 34 255 255 193 238 255 181 255 255
    255 255 57 62 131 255 255 255 8 138 167 47 255 24 255 159 40 255 255
    255 191 255 36 255 255 255 65 255 255 255 255 50 73 185 255 255 255
    255 255 185 101 255 171 24 177 255 0 26 255 32 104 255 8 22 92 216
    255 90 30 255 255 255 143 255 56 22 255 127 255 120 255 159 255 252
    255 255 28 255 94 38 255 16 97 255 96 255 255 255 255 255 237 131
    161 80 32 177 203 255 57 181 255 255 185 240 255 255 143 255 98 255
    255 255 69 134 255 34 204 255 167 92 14 93 67 255 255 255 82 255 255
    209 79 130 255 255 255 255 255 255 255 255 147 30 129 255 187 172
    255 203 42 255 255 255 255 255 255 242 124 255 255 64 255 108 255
    238 71 255 255 250 249 255 138 24 255 94 60 151 255 255 255 69 213
    50 157 255 255 232 255 4 255 76 151 63 255 125 255 173 255 255 255
    255 177 255 255 200 149 188 171 255 8 255 255 174 255 255 255 240
    179 255 116 255 255 255 255 255 230 255 248 255 147 255 255 213 255
    255 163 22 255 255 178 73 255 255 255 255 109 255 255 255 248 102 91
    100 255 255 10 219 115 255 255 12 255 255 178 210 255 109 26 106 255
    255 223 10 255 193 255 173 229 255 236 255 255 175 255 255 126 255
    255 255 255 255 173 255 255 255 173 218 255 255 83 140 255 255 145
    90 255 161 237 26 255 114 174 255 255 99 187 76 85 14 177 255 165
    255 255 255 255 255 255 255 153 173 255 255 255 255 255 255 255 190
    255 255 255 255 199 255 255 106 240 45 201 196 53 4 255 255 255 255
    255 255 236 145 18 255 151 255 218 255 134 255 155 255 28 255 203
    255 255 255 50 255 8 204 114 255 255 61 149 105 255 32 255 179 0 6
    173 255 6 255 255 255 106 255 255 255 255 176 255 255 255 255 255
    255 255 255 38 255 255 255 128 112 255 255 255 255 255 207 255 102
    247 202 255 255 255 255 255 228 255 134 0 173 211 255 255 195 230 81
    116 123 255 60 4 255 6 246 255 54 18 224 255 255 126 255 153 75 255
    69 255 20 168 255 255 255 159 255 255 195 96 38 189 255 255 255 255
    111 147 255 10 255 2 255 92 255 52 255 231 255 254 255 255 169 54 8
    255 255 255 10 255 255 116 255 61 240 213 161 61 255 255 255 153 71
    24 143 255 183 84 255 149 219 255 24 255 113 255 255 255 92 130 255
    255 255 255 204 8 232 220 255 220 138 0 255 255 22 89 43 245 232 255
    255 111 255 247 255 255 255 178 255 74 186 63 255 255 255 255 14 43
    175 119 41 104 254 255 255 34 255 255 255 255 72 212 255 255 255 255
    255 255 255 255 226 255 255 255 255 181 255 255 177 255 255 255 255
    126 255 236 230 183 255 255 92 65 98 78 167 255 255 255 224 118 38
    255 255 255 14 217 255 69 255 143 222 112 255 230 165 238 86 255 2
    255 255 255 255 255 44 255 255 151 255 255 255 255 74 157 255 255
    255 181 255 255 255 255 255 57 255 10 118 255 240 6 179 250 255 255
    255 108 255 192 55 255 255 255 255 220 255 100 141 197 26 255 88 126
    255 255 255 242 140 255 255 255 255 255 255 243 255 255 255 238 124
    255 34 255 149 242 43 96 255 255 255 255 255 116 176 18 169 127 244
    78 255 255 159 145 143 60 135 197 161 255 255 255 255 255 255 255
    124 255 255 255 199 222 49 255 255 255 106 255 255 12 255 128 255
    255 255 255 255 167 255 6 177 255 255 171 24 67 255 175 255 238 14
    131 55 255 255 86 255 192 255 255 255 163 255 125 255 255 255 138
    255 149 177 124 63 100 255 255 193 153 255 255 147 255 202 255 97
    255 20 178 65 153 6 151 255 99 255 122 81 206 104 255 255 116 73 155
    255 2 86 255 188 20 62 255 24 225 95 167 255 255 255 255 255 149 18
    255 255 197 255 183 143 38 255 136 255 255 255 133 255 108 255 255
    235 255 255 249 101 255 255 255 255 249 255 132 255 180 255 213 255
    37 94 46 157 255 113 255 255 255 110 255 42 255 173 255 255 255 255
    220 255 14 157 157 123 63 36 54 33 106 255 57 255 255 250 255 218
    181 110 252 53 255 6 250 251 204 254 239 255 232 255 95 216 255 242
    8 181 145 255 255 218 255 241 255 255 255 2 96 255 255 173 255 248
    108 255 71 255 153 255 132 255 255 255 52 232 195 255 52 255 54 254
    255 255 255 255 44 36 104 26 255 255 151 255 255 86 95 214 255 69 2
    255 6 149 18 255 96 255 255 255 255 255 255 199 255 138 255 255 20
    255 255 228 169 182 43 255 83 53 181 113 255 235 255 14 44 255 218
    255 186 255 255 255 255 36 168 255 219 255 37 255 151 255 255 255
    255 249 255 4 255 255 130 134 220 255 203 255 254 201 206 255 255
    170 140 136 83 126 255 255 73 255 206 255 239 40 255 255 182 255 255
    202 255 173 127 126 147 255 255 255 255 255 255 198 69 255 255 35
    255 255 255 215 255 134 255 206 90 237 255 143 153 63 255 151 93 255
    84 255 81 255 255 169 255 46 255 255 255 255 255 226 79 251 255 255
    249 12 6 92 255 255 255 101 252 100 255 16 201 255 61 205 255 49 96
    255 255 2 255 255 14 255 255 255 255 183 245 117 255 165 151 102 255
    255 255 66 255 116 255 170 255 187 254 255 68 87 212 255 255 255 72
    180 255 255 255 255 255 180 157 22 255 255 124 255 255 255 255 2 255
    255 255 255 255 255 255 161 143 32 255 183 50 52 255 255 232 208 128
    190 255 14 255 26 249 10 255 255 222 255 136 52 255 36 255 255 255
    234 255 255 255 255 197 71 250 159 255 255 153 228 55 255 34 124 255
    95 171 251 255 0 217 222 94 42 75 0 255 40 8 255 95 177 145 226 255
    52 67 157 255 255 71 2 255 255 255 57 2 255 255 124 255 255 55 255
    255 255 205 255 94 181 77 86 130 255 206 237 255 65 217 255 49 255
    56 208 253 255 255 255 255 187 255 159 255 255 255 255 68 77 100 255
    202 134 255 255 255 255 255 165 179 91 206 255 255 69 255 255 92 255
    255 187 72 101 185 2 255 98 161 67 255 205 95 57 245 28 255 134 59
    255 255 255 169 199 255 255 255 224 159 255 255 255 255 48 255 255
    48 255 42 220 252 2 178 255 179 255 177 30 246 255 255 42 255 187
    255 183 6 255 181 255 255 126 143 255 252 201 255 255 255 139 255
    255 208 86 183 250 79 255 155 73 255 255 185 0 255 255 255 255 255
    255 206 61 102 255 255 243 200 255 255 188 255 48 255 147 86 61 18
    255 255 195 255 255 169 98 182 128 255 255 94 251 255 185 255 255
    255 255 248 16 255 117 143 255 141 51 255 255 255 255 255 255 255
    255 208 80 255 255 255 255 255 155 236 191 209 212 248 255 255 197
    255 12 14 235 255 41 255 67 47 255 255 255 255 167 255 255 178 122
    255 67 216 221 244 189 255 161 81 193 255 255 60 93 255 32 255 255
    181 255 222 255 255 234 255 255 255 255 255 206 60 240 110 0 202 220
    255 165 255 255 4 255 88 44 20 255 255 94 26 190 255 197 151 102 141
    168 255 211 255 255 255 255 255 138 255 255 255 255 145 60 255 255
    114 255 255 255 202 134 94 109 255 255 255 255 120 216 61 255 210
    255 255 255 114 255 255 255 255 255 255 255 75 255 134 34 255 2 255
    226 255 93 255 255 101 104 159 255 255 255 255 104 255 255 255 255
    186 255 108 63 65 255 255 255 255 255 187 255 56 138 255 255 163 255
    255 255 255 28 218 255 89 149 197 255 255 16 255 255 175 255 83 211
    255 255 209 42 88 227 255 255 78 255 255 255 255 41 227 224 110 96
    255 255 255 202 255 80 255 255 255 214 65 14 149 77 82 255 255 255
    255 16 255 4 255 255 255 232 255 255 238 84 255 236 22 255 240 112
    97 214 255 101 255 68 24 202 116 255 255 255 30 255 124 145 14 38 48
    255 255 135 24 255 255 193 165 226 250 255 255 255 255 40 81 255 255
    255 145 238 255 255 255 255 255 248 255 58 20 255 255 14 255 255 255
    255 44 255 255 255 255 102 255 255 255 66 85 255 189 255 255 187 255
    206 66 255 255 255 255 246 199 255 228 247 8 153 130 254 238 46 125
    33 255 85 255 255 255 255 159 40 255 104 97 110 161 255 255 255 232
    255 255 248 197 94 38 47 255 212 4 219 255 255 255 159 255 255 113
    255 255 115 255 255 255 94 225 255 255 255 255 208 255 40 255 118
    216 177 136 255 255 70 206 255 255 255 177 255 255 73 134 255 77 6
    255 124 108 255 220 153 255 255 191 69 255 255 131 214 255 147 134
    211 212 26 132 255 255 94 87 234 147 255 187 128 255 255 12 218 55
    18 255 149 255 255 255 225 255 16 255 255 236 255 255 255 114 255
    255 255 255 255 255 246 255 255 255 102 134 4 255 76 255 255 255 113
    171 40 255 255 217 52 155 223 26 69 116 255 255 255 255 244 255 178
    14 203 52 255 255 255 255 255 255 255 247 155 255 80 255 255 255 75
    114 255 255 255 24 119 230 209 67 255 10 103 255 255 255 255 255 255
    37 255 255 255 255 255 255 255 109 232 255 97 255 255 255 255 255
    255 255 255 159 255 255 103 255 44 131 255 70 230 255 66 255 255 255
    255 202 78 54 195 255 69 255 255 14 255 255 255 163 175 255 96 112
    255 255 255 255 255 92 255 255 205 255 255 54 228 255 255 125 187 22
    139 255 112 255 255 16 255 255 255 255 248 100 255 255 255 255 73
    155 250 255 255 107 255 255 56 255 2 255 12 108 20 255 255 255 255
    122 255 61 255 48 255 255 255 255 255 255 120 255 255 255 255 255
    255 255 255 255 255 255 255 255 255 16 30 212 96 0 255 255 213 129
    255 159 161 255 161 255 92 94 255 149 255 238 124 255 83 120 179 255
    248 255 182 108 255 222 255 255 222 255 173 32 255 122 69 90 255 48
    255 0 255 116 255 127 255 255 255 255 211 255 49 66 8 132 255 240
    255 60 255 31 120 255 234 255 255 255 116 129 255 255 255 94 6 255
    189 255 218 252 255 99 255 86 255 248 96 46 255 255 63 255 255 89
    197 255 141 96 255 97 255 255 206 255 255 200 255 159 255 255 255
    240 255 255 52 255 255 202 57 255 176 175 255 255 92 114 54 102 255
    109 189 255 255 110 187 255 159 255 255 77 56 255 255 149 255 255 2
    190 255 92 255 255 255 157 255 255 206 145 255 255 94 128 93 0 149
    230 255 255 255 255 255 186 169 175 255 124 185 204 255 163 255 255
    255 254 255 255 255 67 255 18 255 255 95 193 255 255 255 169 255 255
    128 255 244 155 6 208 18 255 167 255 255 94 255 139 104 185 4 255
    255 101 69 255 255 255 6 255 255 255 255 255 255 59 112 255 255 255
    189 79 230 255 238 240 227 255 255 255 255 238 255 255 136 54 216
    255 24 255 94 30 192 187 255 167 255 255 255 255 255 250 255 255 255
    255 255 255 255 104 255 255 8 255 255 255 228 130 255 255 255 124
    255 255 255 255 255 255 36 0 255 238 255 4 111 255 255 255 57 24 172
    255 128 28 255 255 255 255 255 255 191 255 242 181 221 125 255 40
    255 26 187 186 255 205 255 53 38 115 255 255 255 255 255 255 49 46
    196 255 24 198 255 229 141 132 255 121 255 98 255 255 255 255 33 255
    123 102 219 186 197 34 255 255 255 178 255 54 255 255 18 255 255 255
    131 255 255 222 24 255 255 116 255 255 255 141 255 53 255 255 255
    255 0 255 255 255 181 112 255 252 193 180 189 255 101 193 255 121
    252 255 244 232 255 255 175 38 255 22 126 212 255 104 255 255 80 255
    255 179 255 255 255 255 175 90 36 255 145 190 255 48 255 255 70 255
    255 255 228 128 255 95 255 245 255 157 66 255 128 72 91 16 108 56
    255 255 255 255 255 255 65 255 255 136 255 244 255 255 159 130 104
    255 197 48 149 255 64 18 20 255 255 255 255 255 183 112 196 4 128 44
    255 58 220 171 255 196 2 255 255 57 114 165 96 255 210 96 255 38 255
    92 50 59 255 91 255 255 8 255 197 186 255 12 184 232 255 255 255 255
    214 126 255 255 255 215 10 255 36 255 100 255 22 255 255 218 255 255
    255 214 255 236 181 24 255 255 80 255 255 255 255 255 255 139 255
    229 255 255 38 77 86 255 103 112 217 133 59 66 26 132 169 18 255 58
    255 255 255 255 255 255 255 255 255 57 234 229 255 24 255 91 255 255
    46 255 207 255 100 169 44 230 94 255 191 255 255 73 255 255 255 255
    50 255 50 20 255 68 255 255 255 255 26 255 255 255 28 208 255 255
    255 255 255 93 255 161 127 20 12 16 114 255 167 248 255 255 57 80
    255 134 255 255 255 167 252 230 10 238 14 255 255 37 255 222 255 255
    255 255 255 127 255 197 255 255 255 255 255 255 20 159 255 238 255
    110 254 210 32 255 214 255 255 98 147 38 255 255 224 255 255 255 255
    193 238 157 255 255 255 255 113 255 255 255 130 255 73 195 193 109
    116 187 228 255 255 255 147 221 255 81 145 255 138 161 145 165 255
    255 255 255 255 240 255 79 185 237 255 255 62 226 183 76 228 255 155
    208 75 231 83 255 255 216 212 253 204 26 108 255 65 255 111 255 255
    248 71 255 119 102 122 139 255 255 255 255 255 255 216 255 56 255
    207 255 171 255 255 242 255 255 255 255 4 147 50 178 31 20 255 254
    217 255 255 171 255 187 66 24 255 181 255 147 207 255 255 46 255 149
    255 228 255 255 255 255 255 34 86 241 113 255 255 105 120 2 248 120
    82 255 255 167 255 94 207 59 255 60 147 159 255 226 255 255 255 255
    255 255 255 255 255 77 255 113 255 255 248 136 18 155 255 255 255 77
    88 255 255 229 255 77 88 255 255 106 44 255 255 137 120 255 255 104
    225 255 255 255 255 255 255 255 226 243 234 255 74 168 96 255 206
    255 155 255 255 74 103 86 255 188 216 24 255 255 255 81 255 255 255
    255 143 255 6 255 255 255 147 255 100 255 255 255 173 26 181 24 220
    240 255 12 255 255 73 22 255 255 255 255 255 255 247 57 41 217 255
    67 84 137 255 255 192 86 92 115 200 255 255 26 255 99 102 143 255
    177 163 255 16 255 188 0 74 165 255 255 255 124 255 246 255 255 192
    41 253 20 10 255 137 255 12 8 255 255 255 104 255 255 255 255 95 77
    255 139 255 255 208 255 255 170 79 255 255 255 241 63 255 255 255 8
    128 255 118 54 220 39 255 255 12 211 184 255 255 50 71 66 255 67 255
    172 104 163 255 255 255 255 255 24 32 33 255 10 173 0 255 94 4 255 0
    251 97 134 255 255 255 205 40 255 255 204 255 88 255 255 255 10 255
    211 255 159 255 255 255 255 255 255 255 255 255 255 61 255 255 255
    59 80 188 255 116 230 122 215 109 96 255 123 57 118 174 255 46 18 77
    143 255 255 255 255 88 132 255 255 255 186 255 255 255 102 18 255
    128 255 12 47 165 255 255 197 22 77 255 48 255 255 255 255 255 117
    59 72 255 218 255 244 181 227 255 244 255 67 255 143 255 204 255 255
    134 38 137 255 255 46 185 255 232 255 96 4 255 255 255 255 136 255
    143 197 79 255 30 252 255 255 255 147 12 255 112 255 16 255 151 196
    73 14 255 65 161 34 255 126 192 255 118 255 255 118 240 255 197 242
    208 255 6 45 255 255 65 167 165 255 255 255 53 24 244 255 255 255
    108 255 255 255 241 20 244 255 210 255 255 34 210 255 255 98 255 103
    255 255 255 81 255 26 22 255 255 255 255 255 187 155 255 255 255 186
    61 255 54 140 255 24 59 106 218 255 223 20 94 255 135 45 255 255 255
    28 238 255 22 117 255 255 255 206 255 200 106 141 32 47 255 255 108
    118 83 255 255 255 200 255 192 53 255 6 255 124 240 255 195 255 255
    255 255 145 114 30 81 16 255 37 255 22 255 223 255 255 201 163 94
    255 255 29 50 8 53 78 255 55 255 255 79 255 87 255 255 200 147 38
    194 65 255 255 255 36 255 255 138 184 79 255 255 255 255 151 255 255
    123 16 255 255 79 255 255 238 100 255 175 223 255 100 149 63 255 203
    255 255 255 255 255 54 34 255 255 255 20 255 153 126 255 255 126 136
    59 255 255 255 242 255 165 255 179 165 255 255 123 255 255 48 255
    157 255 255 185 61 255 255 83 255 239 137 255 70 255 240 255 255 149
    255 255 255 255 59 202 26 129 116 159 214 73 255 107 255 136 255 240
    20 188 145 255 30 206 6 255 255 255 28 255 255 59 255 255 182 208
    245 255 255 132 255 206 255 123 173 255 184 218 255 115 255 255 163
    26 94 255 134 70 24 255 76 10 57 54 255 255 30 255 185 255 159 255
    58 255 255 255 65 252 141 255 255 255 255 202 255 255 255 38 255 255
    255 155 255 151 228 255 255 131 14 255 8 255 255 255 255 255 255 118
    24 6 18 255 163 255 255 255 255 102 255 255 255 255 83 255 24 197
    112 255 250 255 255 255 255 182 14 255 255 255 255 93 255 255 255
    128 44 77 191 255 71 255 122 255 53 255 157 122 155 192 240 255 141
    255 255 163 143 255 255 197 173 255 255 26 190 161 211 170 155 255
    255 255 106 255 255 183 255 147 255 204 2 223 163 255 255 133 94 0
    105 100 255 255 31 145 240 255 86 255 179 255 255 255 98 157 147 255
    163 165 239 12 255 163 10 255 255 127 218 255 255 218 247 210 255 82
    42 83 255 255 255 255 145 255 100 188 171 26 255 12 255 255 255 255
    255 47 235 255 22 145 255 255 169 255 29 223 127 197 255 255 255 165
    255 242 205 139 255 255 153 255 255 255 255 191 83 86 205 216 255 60
    255 108 173 255 255 255 255 175 255 255 20 249 255 83 255 141 255
    179 20 242 145 255 167 6 246 255 255 255 255 255 36 246 255 61 255
    255 255 92 255 255 255 255 143 248 255 255 255 241 255 255 10 255
    255 255 255 255 56 214 255 38 255 49 255 255 255 227 255 100 255 255
    4 120 255 255 165 135 255 255 255 255 255 71 185 255 255 191 50 121
    255 233 255 255 255 75 244 163 255 255 255 255 81 255 255 255 255
    255 255 50 12 57 255 149 255 159 255 255 112 255 29 223 69 59 141
    255 255 209 159 100 179 255 45 255 255 255 241 255 255 217 252 234
    34 255 41 58 255 96 255 230 59 213 24 255 255 135 255 86 255 255 255
    255 45 100 255 255 255 255 255 255 255 167 255 255 255 167 200 255
    255 165 14 6 255 255 255 178 92 203 255 193 255 59 255 169 255 255
    255 255 29 245 65 179 255 255 255 255 129 255 255 255 255 255 24 255
    251 255 255 36 190 145 255 255 94 243 121 255 24 254 255 255 255 65
    255 255 204 136 65 255 62 69 220 255 255 122 255 255 255 62 255 255
    155 54 90 88 255 136 255 255 255 255 42 255 88 255 53 255 36 230 255
    255 47 255 255 106 116 107 238 255 93 39 255 255 255 255 216 255 110
    255 255 102 255 246 255 149 51 14 255 255 255 255 165 179 42 65 255
    255 255 255 22 255 255 255 255 94 246 255 247 137 250 255 255 255
    157 127 33 189 255 255 243 107 57 255 252 255 255 255 255 255 212
    255 255 255 255 199 255 81 255 133 255 255 149 254 255 255 53 255 77
    106 18 255 22 147 117 255 255 255 191 203 170 255 255 95 255 255 255
    255 151 67 12 255 255 136 34 198 73 46 143 255 72 167 255 124 61 255
    163 67 255 255 87 255 46 214 255 255 255 161 197 75 255 255 107 255
    217 255 255 239 255 255 169 255 255 2 255 255 56 255 255 157 255 255
    66 200 255 6 36 161 255 255 255 255 206 157 255 255 88 229 255 136
    38 255 6 66 97 134 255 248 255 118 36 132 155 255 255 130 186 24 54
    50 255 179 255 255 34 222 255 255 255 242 147 57 220 255 255 255 255
    255 255 255 10 255 128 119 255 255 34 57 255 109 132 70 230 134 36
    184 122 187 73 255 112 255 255 237 42 45 126 255 255 255 57 255 255
    255 255 255 12 51 203 255 242 255 248 255 155 255 177 8 255 255 255
    36 255 130 73 244 255 170 255 255 186 2 84 167 255 153 48 255 191
    151 138 255 71 98 145 115 41 231 174 230 255 255 206 255 204 255 255
    255 171 255 255 65 124 255 255 80 57 255 255 255 43 255 196 2 255 83
    255 163 255 120 255 95 255 62 255 175 255 238 124 34 255 255 177 255
    255 14 255 136 177 255 132 88 255 77 151 182 255 62 107 255 255 46
    14 145 255 255 255 255 255 255 178 90 255 255 255 104 107 228 149
    255 83 8 255 232 177 255 255 136 255 255 122 255 136 26 255 24 4 255
    255 255 255 214 44 105 255 255 244 255 255 69 53 4 255 255 163 18
    116 255 200 255 255 255 255 151 255 255 157 212 200 90 18 255 255
    255 43 185 210 81 255 61 128 213 127 49 255 143 255 78 204 255 191
    255 255 8 255 165 36 255 191 98 38 255 239 255 255 187 255 136 255
    255 255 255 255 255 102 255 204 88 244 255 255 255 255 0 255 255 223
    57 255 255 121 255 247 232 255 185 255 171 255 0 236 58 248 255 255
    168 255 78 137 226 255 178 114 255 22 255 255 255 255 255 255 208
    255 255 255 255 196 126 46 255 232 255 117 45 255 255 6 243 220 255
    195 196 173 255 255 149 173 255 238 120 255 255 30 255 255 167 255
    242 255 147 122 255 255 153 255 129 255 66 255 4 255 115 90 255 232
    77 94 255 83 255 255 181 255 255 255 217 255 206 255 255 255 132 10
    255 62 16 255 255 255 255 255 40 179 116 255 39 255 36 255 114 125
    189 255 123 83 255 255 255 255 135 83 251 54 112 247 54 31 255 69
    255 255 255 228 255 54 255 255 255 255 255 255 41 255 178 96 94 255
    255 108 103 255 199 149 189 175 255 255 255 255 255 255 255 214 116
    255 222 120 255 224 32 248 255 10 255 255 70 255 255 255 182 128 255
    113 157 255 255 255 255 113 255 255 93 255 199 255 136 255 255 255
    255 133 94 116 255 255 169 255 163 255 255 136 255 190 181 255 255
    255 255 255 254 215 212 255 138 202 255 255 255 255 191 255 255 118
    255 255 151 255 255 255 22 45 241 26 165 171 255 255 145 165 236 255
    40 255 136 255 255 255 198 136 173 101 18 22 18 255 255 95 255 255
    255 108 255 157 206 255 113 134 126 22 51 134 255 255 24 180 102 255
    255 255 183 97 100 193 69 20 213 16 255 207 255 51 108 255 248 0 255
    242 217 232 183 255 255 222 239 255 98 10 255 106 255 97 189 116 109
    255 2 186 255 255 180 255 255 159 255 255 61 255 255 255 252 255 255
    255 255 188 234 96 137 197 231 255 255 126 44 255 118 4 55 44 255
    255 255 255 255 255 255 255 128 50 255 177 255 255 255 188 255 197
    255 255 255 255 206 48 255 143 0 255 255 255 255 122 122 255 71 28
    255 255 255 255 255 255 255 255 255 255 14 255 255 61 255 255 75 255
    255 255 183 255 220 255 81 149 179 255 255 255 252 55 255 255 41 255
    255 77 255 57 183 66 89 35 112 255 255 255 125 88 155 97 191 60 44
    29 255 254 255 255 255 255 255 123 208 211 56 250 42 255 255 255 255
    116 110 145 255 255 184 255 94 75 238 255 255 255 58 255 39 12 147
    126 18 194 255 253 255 230 62 103 185 255 255 110 237 67 255 102 255
    57 255 133 94 185 255 197 155 255 197 255 234 10 255 6 79 255 8 255
    255 255 4 255 40 255 88 208 53 255 192 220 255 255 230 255 255 255
    255 255 255 255 18 63 255 252 195 116 8 255 169 255 77 12 255 252
    255 255 240 114 255 216 251 125 255 255 255 53 6 255 255 255 255 255
    255 236 197 255 135 47 255 255 130 255 200 41 225 255 20 255 255 255
    255 255 255 255 95 181 255 255 204 26 172 255 255 95 112 201 79 255
    255 57 4 255 36 255 255 255 255 255 91 177 177 123 255 88 170 114
    255 255 255 86 214 212 255 111 214 60 93 104 114 30 255 255 42 255
    255 30 6 153 115 149 255 255 255 38 246 255 255 208 255 255 48 165
    24 255 255 112 57 128 255 178 18 30 255 159 62 133 246 255 198 255
    255 255 140 241 16 67 241 255 189 255 32 255 255 63 173 205 255 255
    116 240 255 120 255 255 255 131 255 136 255 255 249 188 193 255 139
    83 255 255 255 255 10 255 255 141 106 255 248 187 94 6 51 92 255 18
    239 69 250 227 222 255 80 50 255 58 255 255 255 255 102 155 255 79
    88 196 100 255 255 255 255 255 167 237 255 255 118 255 255 251 255
    255 255 89 255 68 255 226 255 167 255 8 18 116 16 255 116 217 85 255
    255 212 255 255 255 255 169 151 57 255 113 134 255 6 255 161 10 187
    255 133 26 42 77 106 255 32 255 92 99 255 255 224 24 255 230 255 255
    103 255 255 255 159 175 242 242 255 230 255 255 242 216 124 141 112
    255 71 255 112 255 153 26 198 59 255 255 155 165 255 248 255 255 81
    161 12 41 255 89 63 255 255 255 255 145 255 54 255 128 145 255 255
    255 28 255 255 255 255 255 109 255 255 255 31 255 170 151 229 103
    255 255 255 236 255 255 248 255 123 255 255 255 255 171 129 18 255
    87 250 255 255 81 255 255 191 213 255 255 112 52 140 96 255 173 255
    255 255 255 252 51 4 255 208 120 222 250 255 129 240 255 255 212 255
    255 252 179 176 248 255 161 33 126 255 65 40 255 255 255 255 147 255
    145 255 88 40 136 24 255 255 255 255 128 255 26 43 245 174 248 247
    240 255 221 89 165 84 255 255 46 255 102 255 93 75 114 255 63 255
    127 240 255 255 212 255 170 255 70 255 255 221 50 255 255 255 157
    255 255 65 255 59 255 8 255 20 255 255 175 215 255 255 255 255 255
    100 255 204 74 255 193 255 255 255 124 125 255 116 255 45 64 255 255
    161 117 98 255 36 155 120 255 255 255 103 255 161 10 255 255 255 255
    255 255 173 72 255 12 209 255 255 36 255 255 255 77 255 145 133 255
    255 255 128 223 255 128 159 255 41 175 255 255 255 67 255 255 135
    255 255 255 255 229 226 67 255 2 31 255 255 255 128 255 208 255 255
    255 4 246 255 173 255 202 255 52 248 42 168 255 255 24 255 255 121
    255 241 255 24 197 255 255 255 52 255 255 255 147 255 103 255 223
    255 218 237 57 218 255 137 114 96 255 255 255 255 250 241 255 255
    155 255 255 255 255 255 2 224 255 48 248 255 255 255 102 36 4 118
    229 59 255 255 16 255 255 255 86 255 255 6 255 135 4 102 214 255 213
    255 255 223 255 255 255 131 255 177 255 255 62 255 255 255 85 255 2
    107 255 255 93 242 255 115 255 213 255 255 255 244 255 66 178 255
    255 255 255 255 91 86 28 255 255 26 238 136 255 186 248 237 255 255
    78 127 16 255 255 255 120 255 255 255 163 31 255 24 248 54 46 255
    223 255 55 8 255 255 255 83 102 255 255 255 255 163 255 253 255 255
    255 4 39 255 252 255 255 105 255 209 255 96 52 42 151 74 73 255 255
    255 255 177 255 86 24 255 255 255 255 179 94 141 255 221 255 242 255
    22 177 42 255 255 255 10 8 195 255 110 30 83 255 179 255 255 48 101
    255 122 255 255 185 255 159 16 255 51 24 48 163 255 54 183 255 255
    10 255 149 255 255 255 65 255 255 171 255 255 255 251 145 255 255
    117 102 255 129 255 122 255 24 255 255 16 255 255 242 153 131 255
    120 139 255 255 202 255 255 255 187 255 238 255 255 255 248 40 255
    255 255 255 255 255 252 96 255 255 255 255 69 240 62 255 255 4 97
    255 255 255 255 203 105 255 191 255 255 90 255 147 237 255 255 255
    28 255 255 255 255 255 40 67 255 255 183 255 255 255 167 255 208 34
    52 255 255 250 151 255 79 255 255 255 122 54 178 132 255 87 255 255
    255 255 255 255 83 255 79 255 255 238 255 255 52 255 58 255 255 106
    174 212 217 255 242 6 59 20 255 255 14 255 255 255 255 8 214 199 218
    163 217 255 67 16 255 255 255 180 173 116 38 218 255 240 55 255 190
    71 255 255 200 124 206 255 255 230 255 62 8 20 255 255 255 255 255
    145 92 255 108 54 38 255 255 46 65 255 184 255 255 26 255 255 255
    255 60 30 255 255 255 202 255 101 255 255 255 255 255 139 255 255
    255 126 108 255 255 207 127 255 245 255 35 255 255 175 177 255 49
    245 255 130 98 255 61 136 255 255 255 255 35 255 40 255 255 255 255
    66 244 255 40 117 77 255 255 255 255 73 96 255 255 232 255 95 216 6
    255 255 108 44 41 68 255 255 255 242 39 255 10 212 255 255 255 169
    244 161 10 250 255 255 133 6 255 255 79 255 255 255 255 226 255 161
    254 200 255 255 255 255 255 224 64 255 86 255 176 81 255 255 55 167
    6 161 255 255 100 255 255 92 255 95 110 255 255 255 255 6 177 255
    255 255 255 38 255 197 131 147 215 75 41 215 161 43 24 182 255 96
    246 202 255 99 106 70 101 53 155 170 255 14 255 90 165 196 255 157
    248 33 255 255 255 255 145 255 255 230 255 255 255 94 255 42 90 38
    236 67 255 87 2 255 91 77 255 255 255 255 18 255 255 16 255 229 255
    83 28 255 255 42 255 252 255 255 143 104 255 191 255 232 255 255 133
    67 255 255 29 255 161 244 255 255 255 255 255 255 126 255 134 255
    255 255 255 255 214 255 238 35 255 65 255 207 255 169 255 210 53 255
    255 255 118 54 255 116 255 230 255 34 255 255 255 255 255 255 43 26
    16 242 255 50 255 151 125 255 128 255 255 124 255 255 255 111 65 223
    255 67 84 255 255 54 255 255 255 40 254 8 255 255 191 63 173 255 65
    255 217 155 92 255 255 118 255 186 255 52 255 0 203 255 255 255 255
    61 102 137 43 255 255 255 255 172 255 255 44 208 16 255 255 169 6 69
    68 18 255 255 238 79 255 255 255 229 234 255 22 24 191 255 121 189
    255 147 2 112 255 132 8 113 35 255 255 255 255 255 230 110 255 255
    255 255 96 255 255 228 225 99 108 255 255 255 255 255 212 255 38 6
    203 220 255 255 255 255 255 252 255 255 255 255 52 200 255 136 255
    100 255 83 65 191 61 224 255 255 238 2 63 226 255 255 206 163 226 49
    255 255 197 255 204 255 82 255 206 255 255 157 100 91 255 241 255
    255 205 255 255 217 255 216 255 255 16 102 107 171 255 255 255 88
    255 126 255 18 255 138 255 255 181 129 29 171 101 255 255 255 255
    207 71 255 255 255 255 225 0 122 235 141 255 108 255 165 6 255 255
    209 2 255 255 255 255 255 129 14 143 194 24 199 50 255 255 255 255
    255 255 212 197 255 255 255 255 55 169 255 206 255 255 153 255 255
    104 255 255 255 255 255 255 141 255 159 72 238 255 153 255 118 255
    103 92 233 255 255 255 4 238 255 255 255 255 255 187 255 99 255 24
    255 255 255 255 185 237 52 255 132 255 155 255 30 193 159 255 255
    177 246 177 104 178 24 255 255 255 255 255 255 141 255 232 195 36
    255 255 99 0 255 255 79 255 255 255 255 218 255 255 255 214 255 255
    255 94 77 255 255 255 224 255 200 255 255 159 255 207 255 155 50 255
    41 114 255 255 255 255 255 255 85 255 255 255 255 255 75 122 219 255
    218 255 184 255 215 145 255 255 255 255 255 255 255 227 255 255 255
    255 47 255 155 255 241 255 255 124 255 106 255 255 24 64 255 255 255
    228 136 253 93 49 151 255 106 255 147 255 255 255 116 255 222 255
    223 57 255 255 255 255 255 46 10 80 255 255 255 192 53 255 255 255
    253 50 255 86 210 255 255 18 55 255 157 71 255 2 106 46 255 255 255
    255 37 213 161 255 255 255 216 255 255 255 74 151 255 175 255 255
    171 202 255 66 255 187 255 255 255 88 12 255 255 6 255 203 255 255
    245 255 255 199 255 255 255 255 77 36 157 255 161 210 83 255 255 104
    255 48 232 82 65 173 255 212 106 255 194 255 255 255 206 255 255 224
    255 255 255 173 147 255 114 127 128 255 65 177 255 159 16 255 240
    255 255 255 255 255 255 161 62 255 90 215 255 255 255 125 39 255 255
    255 44 109 255 255 155 255 255 255 65 56 255 255 100 127 255 42 210
    255 163 255 104 145 255 18 136 255 59 219 153 22 181 255 163 255 255
    246 66 255 255 255 255 136 255 115 155 255 255 255 255 89 255 237 10
    255 76 255 79 255 255 255 255 255 43 14 255 255 149 18 255 54 101
    255 255 157 246 255 93 130 255 255 92 193 255 255 255 255 37 255 149
    24 6 255 255 255 188 255 255 255 244 149 26 255 255 255 53 38 255 88
    98 255 255 255 89 255 255 127 255 255 255 37 255 230 255 255 255 255
    203 255 255 255 255 255 213 54 255 60 255 255 92 24 171 255 103 65
    50 255 255 255 141 255 255 139 255 255 103 86 106 123 145 255 255
    255 255 26 255 255 115 255 225 255 226 32 131 77 205 255 244 255 255
    255 255 255 255 255 192 61 255 24 147 255 6 255 96 255 49 255 137
    208 187 186 98 66 63 255 227 255 212 255 255 255 147 255 255 255 188
    255 255 255 151 175 255 255 68 182 255 255 240 134 255 255 255 249
    255 255 191 255 255 70 255 255 128 255 29 26 246 255 153 255 255 255
    2 255 255 30 173 255 255 255 62 180 255 209 255 255 255 255 255 46
    255 255 102 255 236 167 16 255 255 242 255 247 255 255 74 97 254 138
    255 210 6 255 67 255 155 193 28 176 255 86 224 255 110 36 255 255
    255 255 255 194 161 52 101 18 255 255 65 255 105 255 255 30 236 136
    12 189 255 255 255 173 226 53 229 255 255 255 255 255 155 255 255
    255 255 255 255 167 255 189 255 120 161 255 236 255 255 51 255 255
    175 255 32 197 255 137 255 191 255 255 209 255 255 221 192 255 179
    255 255 12 143 24 215 255 236 255 14 255 14 255 77 96 26 255 255 255
    96 255 255 255 191 255 102 255 255 220 255 255 61 255 61 165 141 255
    255 255 208 181 255 255 255 223 105 112 187 255 255 255 255 29 255
    65 12 98 255 0 255 234 242 130 234 118 255 145 255 255 168 177 255
    255 248 124 255 255 255 165 255 100 255 255 255 145 114 255 159 255
    255 255 167 126 178 255 217 228 255 233 28 255 84 255 255 255 67 4
    247 153 147 255 255 255 64 255 255 68 212 193 72 46 255 118 67 124
    255 255 255 104 44 255 4 255 37 157 255 181 255 255 255 36 24 51 255
    255 255 36 255 255 211 44 255 94 8 81 255 255 248 165 255 255 255
    214 206 46 255 255 197 255 255 255 255 102 255 204 255 52 255 255
    249 113 96 100 224 255 153 59 73 24 255 12 134 12 255 255 255 216
    255 255 169 217 40 197 255 255 255 193 16 67 255 206 255 90 12 187
    255 255 255 255 255 220 147 255 255 243 255 8 74 95 255 177 255 255
    255 255 255 24 255 238 0 255 242 56 255 173 181 255 255 255 34 255
    12 188 20 255 188 255 203 2 255 255 26 238 90 97 2 243 255 255 255
    165 255 36 255 31 143 20 88 28 228 20 193 255 255 42 255 255 98 157
    181 255 240 210 209 176 71 255 255 69 255 255 145 255 95 86 92 255
    255 122 42 255 88 255 255 241 255 75 255 48 228 255 255 134 255 42
    255 191 89 100 195 6 177 199 255 255 134 255 255 10 255 45 36 255
    255 64 255 100 255 137 128 255 255 255 141 222 255 255 255 163 60
    255 255 255 255 210 44 255 255 255 255 255 255 36 255 255 200 255
    255 255 177 255 182 45 255 255 255 185 255 206 255 255 242 181 255
    167 255 165 255 247 255 220 48 255 255 255 255 165 255 255 193 195
    69 255 167 255 255 191 232 220 211 255 255 138 255 255 255 107 33 4
    0 255 255 255 22 255 255 255 94 255 255 255 255 49 219 89 255 155 81
    255 255 163 149 98 255 116 255 32 193 249 38 255 255 242 255 18 255
    185 163 255 255 255 83 161 255 255 255 66 139 255 134 255 255 106
    255 255 255 255 147 255 255 255 56 77 132 255 192 255 187 255 255
    255 255 169 255 224 255 157 111 67 143 255 255 16 255 255 120 69 255
    255 255 255 122 170 255 237 255 214 255 255 255 255 255 92 205 255
    232 255 255 255 255 105 177 219 255 255 126 167 214 255 254 33 177
    79 67 124 255 255 255 248 14 255 212 255 205 111 177 54 32 104 251
    200 159 229 44 255 255 22 255 136 255 71 64 255 187 70 255 187 44
    255 49 255 255 195 12 255 255 255 206 189 235 255 255 36 216 255 40
    151 67 143 226 255 255 155 255 112 218 79 255 44 96 255 255 255 126
    255 171 14 182 187 98 255 255 44 200 255 255 111 41 255 176 94 12
    105 255 138 255 255 118 255 0 255 255 69 255 167 110 255 103 140 255
    40 112 255 255 26 255 59 126 255 255 255 255 255 41 14 255 118 255
    192 255 249 188 45 255 135 255 255 139 255 74 255 248 171 255 181
    255 226 255 108 255 167 38 12 255 112 255 255 255 255 250 255 163 4
    255 52 255 20 255 255 22 8 138 165 255 39 0 12 167 255 230 255 255
    159 151 245 255 255 255 202 255 50 255 255 255 4 51 155 255 122 255
    28 238 255 255 118 239 61 255 255 255 255 145 75 255 241 244 210 255
    24 255 255 255 255 110 255 222 124 125 236 68 153 165 255 172 110 50
    12 255 255 255 126 255 246 255 72 255 255 136 255 255 227 255 71 255
    255 255 255 8 37 155 240 255 147 46 255 255 48 255 255 255 179 189
    255 255 255 255 255 62 155 255 60 255 167 255 252 255 0 255 45 201
    224 255 255 255 255 255 255 255 255 38 255 255 163 240 255 255 255
    68 255 255 255 155 255 42 143 255 255 255 255 235 242 14 185 22 255
    173 255 255 82 210 255 233 255 255 255 180 255 255 139 147 171 54 20
    255 255 236 255 255 255 84 255 255 255 255 255 255 255 255 50 240
    255 255 244 255 255 6 255 42 165 255 0 123 255 163 255 255 42 255
    255 74 255 255 255 111 255 138 18 236 110 255 98 116 26 20 255 255
    255 54 255 255 255 255 202 211 255 153 255 103 255 255 52 149 255
    230 255 74 255 118 255 18 255 116 157 255 22 255 31 10 157 208 255
    255 255 255 228 92 255 167 255 255 151 255 145 255 18 68 255 255 255
    255 255 138 113 244 124 255 122 255 200 179 255 255 255 147 255 255
    255 26 255 255 255 255 249 159 220 255 67 90 213 192 159 255 255 224
    255 111 124 255 12 255 255 255 255 255 255 255 54 255 216 10 65 255
    255 255 126 255 255 55 249 254 171 193 216 255 187 147 255 255 91
    255 255 57 73 118 255 255 255 255 255 72 200 240 255 255 255 173 255
    220 255 123 255 175 252 136 255 46 248 255 255 108 255 255 108 255
    255 191 255 10 20 92 6 255 255 255 104 255 153 255 255 255 255 255
    93 216 233 255 255 171 255 255 213 255 255 28 255 255 84 34 140 255
    255 216 255 99 163 255 255 79 110 255 236 255 59 255 255 151 88 219
    255 255 54 194 33 235 143 255 58 28 92 128 73 255 255 115 18 8 32
    255 62 255 210 126 255 157 255 210 255 12 20 183 86 254 255 255 255
    255 100 255 208 255 4 51 126 12 255 255 240 255 255 32 100 147 255
    255 108 174 255 195 255 255 255 121 189 255 255 255 255 255 16 255
    255 255 114 255 234 249 255 195 255 255 177 255 28 255 102 121 224
    255 34 255 64 255 255 239 38 130 185 255 132 78 101 255 189 159 212
    138 254 255 255 255</data></your_img>
</opencv_storage>
