<?xml version="1.0"?>
<opencv_storage>
<L2_diff>4.3249541038027210e+03</L2_diff>
<test_img type_id="opencv-matrix">
  <rows>100</rows>
  <cols>100</cols>
  <dt>"3u"</dt>
  <data>
    148 138 103 230 13 19 217 118 96 32 121 190 155 27 32 179 234 133
    199 21 22 46 222 84 30 253 8 249 83 189 234 224 1 221 77 129 59 29
    220 94 151 103 207 170 21 42 79 3 76 251 43 23 128 183 207 100 59 3
    12 131 48 33 255 24 169 241 176 205 53 36 50 191 76 65 119 228 90
    219 4 118 130 120 182 133 110 232 42 212 172 126 75 38 135 144 1 75
    98 120 79 7 62 176 130 221 109 168 155 167 217 46 215 159 202 10 117
    215 17 147 116 160 70 13 139 211 248 63 99 185 155 125 200 106 44
    230 82 121 13 172 160 120 211 24 169 61 32 22 27 198 196 81 72 228
    101 72 201 161 69 120 21 175 244 110 55 50 16 216 230 189 46 195 52
    141 98 16 3 60 134 157 128 8 20 205 28 224 82 114 153 196 169 145
    181 112 44 96 168 237 29 147 228 29 174 235 106 194 33 84 32 158 33
    196 114 22 236 228 201 23 38 242 66 13 36 161 173 230 151 90 209 188
    249 64 16 201 14 101 35 16 71 228 225 130 160 168 57 125 158 179 193
    46 42 251 87 121 103 71 62 112 239 229 15 72 66 136 51 129 30 23 212
    183 214 106 229 112 17 233 51 110 76 225 209 161 41 196 228 248 28
    232 205 203 182 35 13 199 124 182 190 186 174 24 143 213 194 62 11 6
    83 250 138 198 37 68 133 136 245 195 49 60 51 78 103 174 92 228 50
    164 62 194 15 20 178 133 55 93 196 74 33 135 230 149 215 199 226 130
    7 100 105 215 80 183 113 16 77 136 232 11 241 85 176 150 73 197 250
    189 204 18 46 61 77 153 127 45 58 140 139 172 199 200 18 147 182 181
    171 218 34 24 99 136 55 148 158 90 174 211 77 35 119 158 152 121 134
    88 195 46 89 60 193 109 102 152 34 67 118 197 209 187 187 123 178
    158 225 222 248 137 249 234 44 13 68 186 177 115 112 89 124 3 81 160
    50 44 194 233 73 61 113 36 227 155 196 230 52 153 42 116 181 178 124
    246 233 1 44 157 69 3 210 71 47 92 220 67 121 2 120 91 131 42 58 17
    111 58 166 225 127 210 28 19 198 61 153 148 36 163 34 39 115 138 102
    130 51 32 204 95 204 154 109 129 117 103 62 134 147 131 191 171 66
    174 183 16 158 98 90 40 168 8 195 236 243 219 112 180 120 32 220 31
    89 175 169 75 110 103 60 17 50 178 204 85 175 20 237 221 7 7 135 76
    131 154 235 142 195 115 103 234 146 143 99 25 254 83 165 38 85 62 17
    70 83 9 44 60 250 131 178 88 234 100 226 100 61 85 119 89 227 55 119
    24 108 185 227 14 42 143 231 254 17 33 47 123 244 77 255 155 210 143
    158 217 230 199 195 61 134 62 149 244 246 55 225 179 135 117 39 34
    129 132 165 250 209 190 146 129 58 175 3 48 93 132 212 25 222 151
    239 10 49 14 197 157 58 81 217 94 139 144 42 133 75 105 190 63 243
    82 191 50 4 117 42 8 59 7 27 154 69 64 74 112 248 136 44 88 170 253
    160 12 103 160 185 50 68 47 224 17 90 135 245 23 100 178 106 115 184
    109 255 162 233 97 156 213 79 188 95 64 16 75 37 56 132 205 216 212
    197 26 224 209 124 245 252 25 32 156 217 43 95 246 243 98 121 7 181
    9 184 236 177 209 187 45 48 138 137 99 238 59 249 193 133 68 1 166
    161 149 96 106 52 112 60 237 232 101 180 7 106 253 153 202 61 143
    146 139 39 135 152 61 90 230 42 246 207 208 162 80 8 184 195 246 220
    249 249 171 129 138 210 239 36 11 77 126 45 179 188 64 96 79 54 171
    207 14 56 120 149 162 226 50 121 11 249 112 176 100 73 245 251 58
    171 171 77 52 32 134 179 52 231 206 121 176 134 96 185 229 235 73
    173 229 46 59 244 179 232 215 119 121 30 79 198 167 209 221 131 60
    133 36 15 13 242 150 32 109 156 98 221 127 143 197 254 105 16 37 137
    76 183 176 105 12 106 123 184 106 37 70 14 158 176 48 71 52 125 237
    48 167 203 134 53 48 184 144 77 11 152 153 6 124 152 184 5 125 86 24
    73 62 246 180 170 121 69 111 150 217 20 135 222 92 198 158 217 31 73
    87 175 163 138 88 116 133 108 55 121 77 65 175 40 172 8 152 124 217
    180 18 147 126 29 228 44 159 106 241 216 73 193 82 70 123 94 81 219
    159 214 45 181 156 0 152 123 98 158 65 146 164 240 199 120 146 154
    14 176 193 24 102 117 252 87 200 203 94 221 181 168 12 138 116 59
    242 252 21 126 55 20 103 74 219 228 88 129 74 233 4 48 131 223 12 93
    231 9 190 180 183 58 85 31 111 234 86 153 80 104 193 241 241 45 71
    253 151 55 74 28 233 59 42 186 42 89 151 44 24 188 65 155 208 73 116
    49 149 113 212 39 20 245 216 49 129 249 203 175 34 39 138 78 62 206
    94 186 183 80 225 14 97 233 198 144 48 150 82 9 236 248 130 79 165
    77 127 172 148 104 181 56 16 91 57 34 133 134 98 164 196 185 201 153
    208 51 92 59 58 246 244 206 29 17 160 210 3 111 178 55 147 182 226
    51 191 160 165 63 50 158 243 82 15 186 183 15 226 156 66 76 94 103
    33 88 140 205 92 38 236 89 7 238 5 46 87 10 52 202 64 48 18 6 141 29
    51 233 19 206 2 196 42 168 157 190 204 15 154 58 108 111 44 26 28
    224 58 121 24 28 61 225 110 110 183 13 177 210 91 16 88 198 236 132
    120 200 120 225 134 134 172 154 100 233 97 136 134 56 174 22 49 166
    228 127 82 213 64 223 242 54 58 54 111 209 145 111 223 237 150 6 166
    106 244 157 157 52 8 198 180 168 121 140 162 46 83 45 12 28 95 226
    166 138 119 82 163 204 167 61 2 65 198 224 119 34 42 158 95 20 58 22
    169 131 230 248 58 68 16 18 213 8 168 234 104 242 233 187 192 146 6
    27 155 37 123 108 75 120 180 95 162 220 56 51 77 203 55 150 142 124
    107 67 87 6 251 251 152 182 11 4 87 124 211 211 188 217 173 244 202
    136 171 76 68 118 148 155 12 19 158 194 195 186 92 162 67 7 143 206
    45 58 84 176 231 96 42 39 84 95 247 54 189 245 45 203 223 240 163
    124 175 122 117 88 191 37 247 20 114 12 9 13 244 47 141 150 219 57
    191 180 255 0 187 249 254 167 183 8 134 200 208 182 140 186 33 19
    213 243 48 4 190 78 45 132 77 3 11 36 147 134 212 146 152 178 120
    149 105 255 145 69 165 132 66 81 184 166 246 165 126 58 48 116 86 12
    115 70 216 58 25 8 245 185 54 18 235 116 50 3 215 248 173 34 81 137
    9 42 117 207 9 185 52 255 42 148 1 102 154 75 44 182 103 75 200 108
    164 203 252 187 212 88 121 129 127 229 142 238 247 176 35 148 110
    238 242 82 212 27 107 252 34 243 141 209 76 232 181 206 130 221 217
    1 219 84 157 142 121 133 166 117 210 187 49 153 0 255 87 82 117 18
    155 148 29 154 214 248 170 65 57 75 5 209 196 222 0 49 178 97 27 189
    238 160 44 164 214 172 237 141 194 100 253 236 105 89 60 133 193 64
    150 41 142 158 155 35 88 246 170 79 28 58 33 60 162 113 234 236 15
    42 71 12 5 57 122 199 52 36 246 250 132 81 217 7 229 209 219 59 111
    58 185 223 236 250 49 130 246 230 3 163 92 207 66 133 93 210 132 208
    130 230 166 224 57 148 219 197 132 36 198 48 85 46 54 36 84 181 63
    76 130 5 102 192 234 21 12 141 4 210 26 254 237 97 6 100 158 96 218
    7 79 211 197 249 118 77 128 210 160 37 55 41 78 194 52 254 3 98 93
    222 173 10 204 201 183 215 77 218 198 211 46 195 82 78 37 125 101
    118 50 196 106 207 247 161 40 143 59 162 36 59 152 246 130 25 255
    139 60 205 242 68 255 2 96 192 53 4 134 172 6 78 116 172 9 234 125
    97 71 254 222 119 51 130 14 165 147 131 181 245 76 233 52 52 41 47
    66 120 212 225 137 208 199 178 129 223 39 38 102 116 26 143 20 17 38
    108 106 118 200 16 229 69 149 106 124 164 125 255 133 96 99 147 77
    46 177 192 253 89 179 151 227 181 236 64 223 50 142 81 73 157 16 249
    173 82 134 227 146 229 80 183 224 227 128 61 250 72 12 5 9 159 221
    83 6 216 68 219 72 56 8 123 219 6 111 106 179 98 48 103 34 253 81
    215 197 117 134 189 101 134 19 11 115 126 96 158 199 17 182 17 74 88
    138 219 197 212 238 142 52 224 251 250 57 160 241 76 130 115 207 11
    135 233 96 87 203 56 197 47 208 61 91 25 41 189 250 42 191 233 159 2
    11 138 82 169 61 54 220 43 238 151 200 244 0 42 177 64 63 147 136 77
    199 194 131 91 6 18 161 137 193 83 123 66 226 5 42 100 9 144 0 205
    36 158 17 197 99 103 127 20 165 47 108 42 227 42 34 36 15 197 235 62
    133 139 37 204 117 221 42 233 242 208 18 77 191 1 51 7 84 62 105 194
    79 29 222 8 148 201 249 184 68 122 187 214 141 58 255 255 42 81 198
    91 124 13 183 232 200 82 224 171 244 135 169 119 109 138 234 183 250
    107 142 255 188 165 48 132 221 108 19 219 77 147 110 116 1 152 172
    251 254 69 173 100 4 122 101 46 142 25 195 86 172 180 112 221 13 15
    188 166 240 160 25 96 190 144 252 102 209 192 201 189 97 135 191 190
    167 61 191 133 154 195 97 219 140 147 14 53 228 238 209 121 245 194
    36 207 201 229 64 23 231 155 187 14 153 12 4 93 224 13 248 146 239
    30 97 111 174 83 23 156 193 56 25 178 187 25 203 60 101 218 155 20
    96 101 90 229 165 43 88 241 160 223 85 250 153 200 62 239 152 45 111
    40 71 159 97 243 242 100 23 100 239 92 132 40 156 128 252 140 95 156
    71 21 252 93 93 146 47 196 164 40 124 135 205 171 43 237 89 208 249
    137 105 150 56 99 204 166 3 4 254 202 16 158 245 175 142 179 128 6
    49 112 10 113 12 159 40 142 116 244 169 116 154 245 146 90 202 173
    191 112 6 179 60 84 98 235 105 15 201 192 247 190 232 175 164 125
    172 226 188 91 68 5 52 131 56 51 195 194 217 137 113 114 123 160 2
    66 144 41 105 173 70 51 161 107 247 226 130 161 161 50 10 120 219 6
    56 172 141 143 35 177 144 13 155 62 249 134 131 234 62 70 82 178 69
    52 12 5 251 148 151 76 102 245 50 115 62 215 67 179 66 70 219 180 36
    96 208 196 102 225 142 125 139 216 179 47 134 183 186 213 185 6 128
    182 166 155 98 82 28 125 222 40 5 164 218 220 245 254 212 138 182 50
    96 183 58 20 201 174 2 209 197 114 199 2 138 4 86 30 188 114 197 67
    165 6 196 122 103 32 141 86 50 101 112 45 143 111 194 232 219 202
    253 112 134 155 247 132 236 187 92 118 66 102 80 220 61 169 180 63
    119 163 40 238 180 49 221 196 134 227 26 189 251 187 234 85 255 71 3
    68 19 25 10 0 156 88 184 189 226 148 229 161 110 198 34 103 169 200
    40 124 74 107 203 28 90 15 12 90 167 152 122 65 51 134 61 168 96 241
    88 11 252 207 150 224 244 140 87 114 4 147 195 60 125 106 91 126 241
    1 112 209 244 30 247 235 0 239 195 145 23 41 230 44 11 103 228 180
    63 93 4 148 121 15 38 34 102 70 200 163 141 133 67 29 91 80 206 85
    223 252 231 45 134 58 240 23 14 54 130 57 159 44 166 142 222 156 164
    16 251 71 14 132 184 119 77 157 133 93 169 80 24 21 13 26 108 38 203
    210 243 99 162 249 65 223 52 90 232 251 120 211 64 29 182 33 31 117
    62 190 104 85 13 145 126 42 160 79 15 56 91 30 249 221 37 23 58 217
    8 130 147 84 18 60 170 235 177 37 83 148 44 48 233 149 20 44 102 19
    213 121 84 15 172 233 164 170 118 70 0 161 148 101 198 177 101 85
    148 166 243 155 16 103 43 2 75 221 183 82 75 59 82 117 142 235 207
    241 156 211 237 211 1 228 0 94 142 41 247 229 3 173 211 181 42 76
    234 80 175 76 67 227 149 174 208 156 151 232 182 254 12 120 81 204
    88 151 143 158 212 116 236 253 147 233 88 22 89 233 53 27 72 51 235
    163 169 207 31 213 147 231 23 18 50 123 85 39 45 201 212 106 91 207
    83 182 35 225 115 31 104 170 2 11 218 235 24 68 131 211 129 145 19
    237 35 27 227 103 220 64 224 93 247 87 185 222 252 113 19 169 214
    154 213 36 251 129 215 25 159 49 44 162 41 153 26 196 73 206 158 248
    163 156 27 90 121 142 219 151 32 107 212 117 13 219 219 175 37 138
    194 214 202 59 169 32 174 22 179 239 0 53 66 227 198 233 133 110 75
    28 189 78 29 52 246 62 139 242 66 227 220 83 172 89 244 122 174 196
    223 78 94 33 218 11 202 245 10 100 123 247 174 93 80 159 210 194 44
    219 94 31 66 219 54 53 98 191 152 78 82 177 178 96 154 18 243 64 46
    85 91 171 195 172 207 200 231 16 20 58 47 230 229 186 158 252 225
    154 11 246 163 97 176 35 116 3 91 120 85 179 11 66 160 216 111 9 105
    6 144 46 34 139 24 217 254 162 72 83 188 31 230 86 87 238 73 163 100
    103 188 59 42 195 75 33 71 44 178 138 93 211 215 31 8 43 141 87 129
    189 0 121 86 185 245 242 239 44 198 229 88 98 137 31 162 191 222 174
    156 8 66 48 53 192 223 83 85 236 232 161 8 161 190 56 56 30 178 237
    13 143 115 17 147 5 136 17 132 85 145 33 208 127 136 227 103 236 199
    82 231 94 244 93 68 54 94 159 20 106 130 62 49 155 148 245 244 211
    126 245 115 104 28 26 3 52 221 11 102 45 208 207 101 114 75 167 141
    167 143 126 158 149 85 245 205 114 208 10 237 106 228 206 244 112 21
    93 94 71 49 226 98 245 235 222 153 58 146 35 1 61 50 108 142 60 75
    197 221 188 56 173 35 148 245 6 79 45 120 66 185 242 103 199 104 231
    232 48 237 84 140 110 172 180 19 68 75 228 42 201 36 222 110 138 242
    245 43 150 126 223 159 90 25 58 78 255 227 64 142 21 44 81 22 178
    237 84 254 68 72 175 203 55 94 40 93 24 48 16 125 47 85 121 149 203
    38 134 186 35 146 37 239 31 99 120 114 140 120 145 91 104 209 193
    142 17 255 240 40 116 165 171 147 198 236 239 100 99 170 220 93 86
    92 193 56 10 224 113 98 98 253 149 235 249 124 109 223 62 207 85 239
    223 117 106 113 48 59 181 139 36 23 195 9 101 252 231 236 38 84 253
    245 187 96 133 254 85 106 45 106 82 65 160 47 120 140 169 191 212
    238 168 13 60 5 253 188 145 113 235 177 29 107 16 34 237 137 187 206
    62 97 5 68 43 164 139 131 134 24 124 116 135 160 222 226 162 137 244
    174 101 222 164 17 37 246 244 174 74 2 249 12 80 85 123 183 164 181
    19 104 99 109 76 245 242 107 147 91 33 148 237 132 146 9 125 214 24
    231 106 7 246 139 113 144 169 255 74 86 3 27 117 142 161 60 112 187
    99 89 152 39 189 234 164 19 202 166 32 142 122 66 137 252 92 153 234
    7 121 17 0 219 23 180 54 33 145 56 207 225 112 128 220 120 135 252
    208 244 184 155 62 196 247 79 89 96 213 226 127 1 11 156 144 11 58
    156 39 112 126 124 115 96 103 187 107 141 92 233 142 115 93 19 155
    222 147 199 125 246 200 253 33 162 119 35 183 157 151 122 96 155 87
    166 70 109 3 20 43 101 236 112 32 219 88 117 30 231 150 76 183 195
    114 187 207 144 121 112 114 76 118 72 43 176 78 65 226 13 13 68 31
    87 211 78 51 227 144 137 229 217 130 5 236 125 33 206 163 79 109 163
    87 161 17 241 172 78 248 214 158 91 56 82 169 116 249 109 9 222 45
    129 77 11 132 143 94 163 190 136 163 47 237 223 114 111 103 158 154
    168 86 230 183 144 23 202 235 103 72 198 91 206 209 189 193 125 171
    61 132 204 229 92 11 112 90 239 11 64 167 231 211 161 28 13 17 77 67
    177 141 145 84 111 78 77 47 35 239 172 229 172 122 183 200 203 180
    167 122 147 2 16 142 156 200 188 62 125 217 26 125 244 64 193 31 59
    226 7 207 18 187 27 22 230 42 158 216 150 245 206 20 37 118 7 107 87
    145 67 16 24 13 11 56 168 70 44 255 165 79 190 112 130 254 72 105
    176 126 152 86 32 203 91 110 2 123 252 31 36 212 240 131 20 184 82
    125 154 229 72 15 47 176 16 244 29 118 44 239 86 109 57 159 65 210
    158 141 49 104 233 67 121 241 204 143 96 39 5 198 190 206 127 246
    113 147 185 190 131 78 28 231 104 186 167 236 127 37 88 155 96 169
    175 79 222 152 160 80 208 185 75 61 238 60 48 54 167 244 116 143 98
    73 211 6 30 150 220 131 230 214 171 124 181 174 73 133 198 40 225
    130 174 139 138 137 87 70 42 98 5 170 163 75 184 213 144 77 111 200
    239 43 7 69 105 152 115 146 34 153 59 233 20 96 238 85 7 249 142 113
    66 163 240 29 241 133 229 197 95 246 26 9 131 182 156 49 243 41 197
    101 15 182 213 35 30 29 34 196 255 164 185 55 113 171 1 89 128 9 54
    254 237 134 152 128 27 55 249 196 13 50 100 70 109 46 122 39 163 117
    207 19 175 196 253 1 132 61 64 57 234 199 182 25 177 181 141 202 130
    251 74 254 83 136 154 135 185 6 198 249 200 21 92 185 176 224 114
    232 89 241 111 0 88 176 4 205 246 120 117 120 233 41 183 253 203 94
    131 59 195 119 199 18 206 22 206 121 107 112 198 179 28 148 172 139
    98 93 61 115 209 80 18 174 80 246 38 173 68 103 67 155 217 242 53 19
    44 37 252 46 176 124 174 48 29 213 232 189 178 160 218 46 45 177 165
    20 93 184 127 65 9 203 49 126 185 91 49 30 254 155 76 137 155 156 26
    142 36 69 227 14 165 150 70 230 29 140 14 68 135 22 49 187 235 7 217
    224 128 23 229 6 18 87 147 127 132 0 139 218 30 100 211 198 109 72
    255 188 75 150 114 63 91 47 150 37 230 193 25 153 92 81 10 157 0 158
    248 217 28 13 25 35 171 40 79 60 32 173 239 195 117 193 171 44 18
    129 81 220 170 115 216 126 248 196 170 165 20 178 224 182 182 36 55
    221 171 197 122 1 102 11 214 172 67 49 78 38 51 252 49 107 199 206
    45 34 221 255 172 31 114 76 60 84 38 130 176 250 247 12 67 54 39 23
    132 120 148 96 84 121 87 207 238 247 169 134 147 205 38 90 218 224
    198 8 24 0 203 29 26 31 98 249 150 77 38 164 157 215 62 147 58 227
    166 212 146 164 115 130 43 55 77 143 9 29 111 47 61 230 190 58 53
    248 128 13 210 171 8 13 158 52 143 162 204 200 118 202 18 183 33 128
    201 80 224 76 18 70 184 213 232 9 70 149 249 137 232 233 79 126 120
    205 119 172 209 31 40 92 107 212 140 17 136 93 88 109 138 5 28 71 12
    67 59 20 62 3 39 26 201 133 167 11 182 57 27 251 114 207 120 229 52
    189 127 31 129 90 122 111 244 247 17 8 114 45 189 20 52 68 216 158
    162 44 187 19 19 59 121 173 173 221 99 173 238 244 107 50 180 72 165
    54 98 132 195 130 19 184 240 112 177 82 17 180 43 215 187 250 182
    102 190 185 200 114 22 109 8 69 154 164 60 140 121 61 221 226 92 170
    46 76 92 187 86 238 150 247 91 95 234 182 95 111 132 87 136 109 255
    195 167 214 171 120 81 241 225 131 21 25 25 215 56 163 188 31 225
    154 218 107 156 169 148 244 167 110 96 81 10 123 212 104 205 61 65
    138 12 125 141 212 225 245 231 240 250 79 162 101 63 42 103 133 52
    107 109 235 244 68 228 197 100 88 237 61 113 66 246 148 105 142 44
    27 179 157 26 159 110 70 109 211 43 120 220 3 153 136 176 112 36 10
    30 133 198 60 59 157 115 1 161 82 198 216 158 217 186 120 227 102
    140 105 96 181 53 26 207 91 55 212 38 40 6 236 37 112 232 24 43 24
    110 50 41 234 97 62 158 36 95 214 62 213 64 122 62 142 34 51 65 156
    42 228 159 96 172 1 87 9 124 102 18 106 125 142 236 163 186 254 246
    113 239 161 227 118 250 62 216 124 167 24 157 163 12 242 212 118 79
    203 136 205 242 52 164 241 150 16 193 47 12 144 49 214 134 31 231
    201 215 25 231 165 237 11 184 65 89 19 1 230 191 189 39 161 115 68
    249 66 112 140 200 223 240 219 166 156 90 24 164 30 64 48 226 109 84
    48 245 192 50 179 126 10 195 163 170 172 116 37 41 251 247 97 19 248
    57 101 251 134 224 50 142 143 230 146 63 161 205 251 25 100 88 160
    52 33 126 64 202 188 13 115 12 166 203 50 64 236 176 169 32 215 71
    97 78 48 109 42 196 187 121 179 188 105 190 84 162 51 162 197 103 28
    89 105 107 2 118 24 98 226 8 62 173 30 187 153 64 17 231 190 189 194
    133 164 208 207 42 229 88 223 195 197 243 248 231 141 146 106 233
    171 220 123 222 46 201 154 111 32 186 233 33 106 58 53 240 22 24 164
    40 122 125 18 50 53 28 174 83 140 232 78 19 4 157 156 112 83 231 139
    141 117 188 140 100 219 47 110 156 168 203 53 9 143 102 229 159 174
    179 190 195 118 33 207 199 85 38 227 49 3 128 95 83 116 144 89 201
    76 169 193 189 216 159 253 90 132 94 227 240 159 247 38 209 235 17 1
    31 146 29 159 123 82 84 165 49 213 193 31 136 230 101 194 212 60 101
    154 228 53 41 67 123 148 71 72 35 235 156 116 201 245 195 72 95 56
    64 69 49 203 63 184 30 63 72 154 254 124 72 66 137 76 73 7 236 154
    115 111 56 33 146 214 213 138 105 189 121 124 77 137 121 204 157 229
    127 215 40 13 182 64 217 61 4 188 15 184 60 171 72 167 144 181 79
    153 28 153 251 160 233 252 152 248 159 148 58 113 11 14 246 159 161
    150 140 241 84 30 123 114 64 172 113 214 120 24 209 40 126 148 28
    138 224 49 33 53 17 117 163 181 180 117 92 201 239 135 144 166 4 42
    75 37 218 113 176 94 37 205 187 71 203 178 152 29 162 46 160 34 144
    185 219 210 157 175 91 129 139 164 154 158 42 8 82 163 117 164 127
    102 218 147 192 204 230 28 190 110 210 84 193 139 212 29 108 244 24
    11 116 154 0 249 191 208 15 99 145 65 207 84 27 124 50 113 99 17 218
    246 79 230 95 150 24 236 160 26 212 163 80 49 231 222 127 231 167 94
    221 80 125 121 214 183 87 143 136 119 161 216 38 29 224 248 138 228
    114 50 17 7 43 70 219 164 132 199 34 48 223 20 221 237 44 170 67 35
    94 187 240 242 210 243 48 228 241 24 119 52 242 24 227 147 57 237
    242 95 126 237 169 217 162 24 136 22 109 31 200 85 85 205 164 39 51
    0 242 122 205 50 134 254 81 36 143 102 223 196 98 187 204 253 82 98
    125 226 77 186 54 238 188 153 195 196 115 181 91 48 175 196 219 40
    229 44 155 179 95 84 102 18 224 212 43 196 201 160 0 18 193 11 230
    249 107 41 124 167 219 186 135 90 8 190 222 204 193 107 242 255 180
    90 77 2 25 95 151 171 198 227 18 223 126 152 241 136 135 55 188 54
    112 84 216 227 169 127 190 11 201 83 88 32 243 116 180 205 232 29
    113 33 89 163 141 240 57 169 8 183 99 109 19 70 191 68 234 196 82
    184 177 128 162 157 90 76 106 214 41 62 176 14 174 89 239 142 18 42
    24 213 199 221 63 0 235 202 223 223 215 188 73 226 168 192 233 244
    49 245 105 251 211 157 131 136 29 169 230 109 59 32 237 184 106 189
    209 109 67 229 218 102 55 62 49 105 232 56 66 34 38 177 177 25 42 64
    5 66 236 63 69 47 54 50 134 59 93 162 201 17 84 12 70 242 18 180 108
    7 157 215 63 255 51 72 182 215 83 151 28 15 128 1 62 28 123 255 39
    130 113 155 4 176 27 191 80 223 222 243 99 205 18 229 101 153 2 152
    42 252 105 103 177 63 102 88 74 55 119 135 244 183 248 5 215 147 67
    147 31 88 131 146 8 92 164 202 175 52 14 110 214 33 128 14 121 23
    122 44 166 109 175 0 122 196 60 213 108 248 10 95 1 35 219 133 43
    234 129 234 77 53 4 49 142 199 33 36 47 236 247 84 114 18 160 252 35
    5 214 17 93 91 239 150 46 72 221 26 154 219 61 133 202 38 74 117 102
    140 208 254 47 206 71 105 192 90 52 30 165 108 123 40 238 63 187 1
    149 32 221 237 128 184 149 44 1 210 91 242 222 171 71 203 120 134
    234 238 119 108 209 35 16 156 23 68 25 8 242 212 80 183 196 98 234
    74 194 89 89 113 236 35 151 74 3 75 202 65 248 249 250 114 151 238
    76 144 77 81 238 209 230 53 161 130 156 230 80 81 133 218 103 213
    247 121 37 109 117 187 91 220 44 230 181 248 36 111 161 41 95 15 83
    57 55 9 240 84 168 73 16 233 107 105 212 153 181 251 102 162 251 176
    19 10 210 244 118 85 102 88 198 16 126 76 233 63 220 3 248 170 213
    15 76 232 60 150 77 96 69 70 40 190 150 111 29 129 105 119 157 235
    101 193 95 177 135 127 221 73 208 222 49 97 193 1 238 177 67 21 185
    194 185 93 123 254 180 183 106 171 163 78 72 131 233 238 146 255 221
    253 198 208 28 1 43 165 196 86 116 69 55 190 127 142 180 153 111 82
    222 165 71 30 238 218 131 21 84 127 191 98 36 133 65 180 21 22 170
    100 169 22 38 43 204 239 116 23 253 214 88 240 9 84 158 213 119 86
    247 225 170 171 136 216 177 1 175 25 159 135 6 99 219 174 188 229
    218 93 233 128 56 164 214 111 105 16 174 134 71 223 111 193 156 38
    202 14 195 27 204 28 126 253 9 218 47 125 90 239 55 187 242 129 74
    130 133 52 68 7 211 236 12 236 183 184 15 239 18 244 251 12 1 235
    122 89 131 220 132 225 164 129 121 179 248 8 238 161 157 103 214 131
    12 116 27 69 157 133 191 255 11 164 205 74 241 133 46 113 225 42 118
    32 200 199 82 234 253 168 48 52 114 167 189 108 84 176 211 110 60 6
    148 95 34 246 109 14 198 211 135 245 209 240 235 25 188 155 223 234
    186 197 92 50 7 110 159 148 35 89 86 130 176 67 148 227 230 160 171
    224 22 54 55 107 227 131 90 3 85 248 94 231 168 22 234 59 4 37 157
    17 229 153 137 171 74 42 83 178 51 11 40 223 106 225 94 10 46 216 92
    26 136 183 154 188 200 59 13 55 166 66 191 113 244 63 123 212 43 78
    229 129 43 177 208 114 23 218 53 240 78 3 113 152 129 240 210 241 7
    130 209 192 186 2 177 63 99 189 184 135 182 238 148 127 140 71 136
    38 187 205 41 236 15 234 147 82 138 234 254 115 124 68 178 212 169
    76 114 170 26 182 244 63 90 25 170 199 228 177 157 63 146 87 174 224
    116 102 75 109 49 99 253 221 1 238 76 244 94 30 143 172 175 141 94
    140 60 149 226 25 45 99 114 4 27 48 255 129 0 60 190 16 71 76 38 20
    6 187 26 54 89 183 98 93 42 223 32 94 174 182 122 89 126 147 137 211
    181 133 48 42 166 223 70 118 71 98 5 10 162 61 98 227 188 192 65 4
    50 180 221 2 127 32 199 165 49 222 96 133 136 148 134 114 0 67 129
    83 81 89 4 44 48 182 158 42 128 202 38 139 10 183 167 110 241 12 188
    112 209 147 246 50 152 175 140 158 136 33 58 65 97 115 116 161 208
    123 74 243 4 16 139 227 141 145 136 103 71 69 249 33 113 25 102 242
    3 150 148 207 170 242 156 79 215 143 26 255 231 132 198 55 153 107
    96 103 41 127 29 60 143 211 169 40 74 6 239 21 93 115 105 174 8 117
    227 40 127 1 62 197 33 165 231 60 78 30 76 80 150 213 242 210 3 249
    220 83 102 93 58 183 10 237 210 215 30 9 12 183 53 187 170 237 174
    202 156 106 30 115 203 35 90 99 59 223 243 163 153 117 183 46 173
    155 72 141 231 70 234 173 92 108 108 40 56 212 109 245 123 253 86
    176 94 162 176 254 220 160 210 241 227 137 141 147 23 24 55 65 101
    124 54 159 18 112 84 254 54 139 117 53 218 23 88 20 253 87 39 31 138
    167 141 65 93 189 126 96 40 210 162 185 135 89 12 13 192 102 87 205
    81 117 13 40 167 107 243 226 251 189 19 109 204 126 22 170 18 250
    227 149 224 162 250 163 25 244 64 251 225 155 25 216 114 60 76 160
    94 195 246 223 1 135 196 236 172 42 80 74 120 49 143 237 129 102 81
    92 27 110 238 45 27 117 15 154 42 94 19 37 126 10 231 97 65 20 11
    245 111 253 50 46 124 59 240 89 200 28 180 90 90 118 153 94 208 94
    222 178 36 59 70 44 46 241 236 254 128 53 199 171 147 63 45 225 13
    217 26 255 88 24 139 53 2 40 226 22 156 87 184 86 92 129 169 114 97
    175 97 81 46 246 178 132 56 48 110 216 13 196 105 175 17 5 6 106 123
    170 122 217 54 79 205 113 150 168 213 120 38 170 207 147 33 62 112
    57 105 246 221 119 34 48 128 24 9 188 57 196 1 19 242 19 82 165 85
    200 231 157 204 36 194 18 44 247 35 23 103 100 2 86 70 83 181 220
    220 239 234 95 70 193 25 151 6 247 252 153 67 85 105 4 192 109 230
    96 186 171 248 235 199 219 220 50 159 222 106 40 39 188 183 234 31
    248 186 117 129 202 126 226 247 18 45 33 167 43 132 136 211 42 80 24
    223 28 0 106 85 12 160 105 83 181 186 204 112 97 68 161 47 175 113
    255 114 49 35 50 247 101 66 36 156 2 110 168 61 187 219 6 37 46 85
    13 144 172 237 175 114 63 98 205 44 95 7 188 209 195 21 5 236 43 88
    252 61 83 112 104 65 189 74 13 58 52 97 92 36 42 40 74 169 155 78 6
    0 181 196 243 148 200 203 40 215 252 85 15 165 137 155 130 122 72
    200 6 234 6 135 60 68 119 28 255 255 191 169 109 51 219 4 45 49 226
    217 102 224 162 178 148 72 135 211 92 22 0 126 8 226 105 98 190 52
    179 164 133 122 150 38 28 155 179 81 191 55 79 23 136 67 226 154 212
    190 6 2 78 251 108 156 91 4 154 171 87 171 200 21 233 7 234 140 230
    52 170 193 193 158 90 192 152 173 58 84 115 250 91 174 176 244 108
    189 150 229 69 233 255 109 30 172 210 97 176 121 215 32 78 32 166
    109 170 76 6 42 61 210 14 12 118 79 165 49 151 20 235 199 195 162
    114 65 194 0 70 155 201 79 60 130 226 27 63 90 89 41 40 57 239 131
    249 127 99 163 2 181 151 18 192 176 219 126 97 185 54 123 40 253 182
    11 73 225 95 189 169 51 49 174 180 37 33 251 147 224 22 241 148 233
    112 227 61 55 243 81 113 114 109 206 124 19 207 84 129 218 80 24 176
    6 165 71 219 171 236 218 92 3 19 204 4 49 250 26 11 105 155 132 236
    104 143 227 134 192 216 75 53 157 144 214 67 101 9 160 130 22 21 134
    103 225 181 121 228 67 164 217 28 40 206 17 125 106 129 61 93 159 67
    209 111 202 204 222 81 40 135 10 222 116 219 233 16 245 155 221 81
    67 147 169 175 232 157 114 229 105 168 250 143 12 8 66 151 1 110 67
    152 154 26 25 163 21 158 209 99 222 255 165 211 4 161 220 222 194 13
    28 84 20 122 69 77 142 129 104 159 205 105 15 97 231 30 140 252 220
    128 100 206 183 98 204 184 144 23 86 157 12 93 29 112 90 162 167 218
    65 90 51 239 169 50 240 53 22 105 84 83 97 229 1 222 45 225 116 35
    83 1 1 111 221 39 92 151 27 123 11 224 232 0 122 55 211 89 120 43
    156 8 41 246 139 4 122 228 25 162 111 209 204 198 193 83 128 168 190
    140 173 138 84 3 93 222 252 19 18 96 252 101 20 161 210 188 105 196
    86 59 8 20 74 164 229 159 38 248 35 63 3 114 198 220 202 23 207 145
    150 244 22 41 72 73 202 137 77 30 206 140 22 11 86 200 105 123 154
    172 133 98 222 84 139 172 228 14 111 241 41 116 134 146 195 194 98
    240 236 140 64 249 50 247 51 234 201 61 162 117 184 121 206 37 123
    53 125 249 40 10 129 160 180 239 190 93 185 184 24 121 178 240 213
    82 214 43 172 25 59 60 171 255 18 81 101 72 26 81 170 93 127 76 158
    241 173 73 217 221 75 245 218 85 155 3 0 228 200 116 203 71 132 95
    108 214 34 167 70 240 123 193 176 150 15 16 255 235 209 248 253 232
    202 17 109 233 146 137 201 62 22 75 92 145 5 58 241 101 226 153 12
    241 214 86 121 123 202 10 188 87 165 168 246 244 29 73 137 162 250
    172 81 116 67 173 56 128 74 154 128 233 74 76 61 255 87 255 137 5 35
    51 14 171 213 150 80 175 135 95 197 31 13 107 225 133 234 71 54 118
    29 211 87 128 228 80 215 120 176 48 66 65 250 120 232 21 120 175 171
    246 145 228 86 139 84 102 171 178 255 40 15 89 101 127 117 35 217
    197 18 91 134 64 8 220 192 19 145 210 41 127 236 5 231 128 177 127
    180 240 95 40 253 149 244 197 75 163 248 121 1 87 71 130 155 218 244
    132 76 217 148 84 112 0 123 120 60 120 142 51 166 227 168 71 248 222
    122 36 130 248 139 85 110 11 240 179 148 195 210 142 138 248 198 69
    251 157 88 16 138 68 253 52 145 240 53 161 227 241 52 7 143 103 205
    204 187 107 64 122 104 56 204 33 148 25 239 99 194 112 109 42 220
    204 135 11 45 155 207 170 24 224 95 200 111 114 243 242 138 227 98
    22 39 64 105 184 243 237 57 143 226 227 232 168 2 226 186 56 128 9
    253 174 226 245 17 62 0 118 24 123 162 96 199 138 72 153 100 181 46
    87 128 252 56 144 242 50 234 35 226 125 66 126 182 22 185 178 68 242
    60 240 89 81 29 32 29 31 120 189 148 200 0 186 200 89 192 5 71 170
    210 40 80 223 32 197 183 217 234 5 214 237 143 168 91 6 0 28 151 155
    79 118 229 109 151 21 9 68 127 189 110 46 111 41 214 143 32 82 187
    87 189 170 110 159 251 242 239 119 31 62 182 8 13 144 19 151 232 91
    30 139 223 170 82 29 10 197 23 185 156 232 5 182 110 69 16 119 131
    11 17 72 114 90 208 152 174 249 13 131 207 184 27 28 27 66 148 83
    201 214 65 33 182 112 37 167 64 205 22 47 145 108 25 205 84 16 83 53
    15 137 30 96 122 211 152 6 62 210 251 243 115 223 203 189 134 144 69
    147 77 246 161 192 28 65 86 236 20 248 60 119 132 128 107 142 158
    167 2 23 58 14 234 198 51 65 59 15 84 67 248 182 235 73 45 40 73 147
    157 159 38 206 9 74 178 235 60 213 183 223 32 156 247 82 157 244 221
    67 106 175 91 23 253 170 80 123 106 31 48 70 88 230 177 60 222 6 191
    94 20 125 155 142 25 35 62 55 149 250 112 149 124 72 142 191 54 60 5
    9 116 128 136 59 164 46 77 34 120 56 36 196 34 224 11 242 211 142
    181 226 239 156 247 137 22 147 5 40 52 74 77 192 96 81 82 48 13 203
    201 121 75 171 118 138 105 86 111 146 208 57 224 72 227 207 77 215
    63 43 247 215 75 190 170 130 52 91 36 112 243 110 50 193 45 75 108
    47 101 8 185 142 197 9 81 56 148 39 211 83 250 58 150 66 128 75 124
    183 221 120 31 17 89 7 73 95 239 110 51 14 74 25 32 163 130 242 3
    192 149 59 29 67 2 81 13 169 245 223 107 225 185 64 12 159 241 99
    161 243 169 90 126 152 100 145 214 197 211 131 23 240 110 152 171 17
    173 184 138 8 126 185 139 22 69 121 123 168 127 92 144 26 2 15 11 76
    125 201 124 250 143 192 75 2 101 187 132 64 5 85 188 209 91 208 7 9
    104 181 168 153 83 28 24 172 241 175 83 1 94 10 128 213 57 40 110
    121 96 132 235 68 206 19 197 206 232 168 226 252 189 110 198 161 160
    155 80 92 243 61 149 176 206 86 27 157 26 91 145 77 158 255 167 113
    53 27 132 171 65 107 128 229 115 15 230 216 112 79 208 132 223 253
    191 157 80 215 88 107 87 102 101 162 96 73 11 110 172 110 235 85 39
    5 9 174 234 161 66 169 174 165 145 146 136 56 183 6 93 48 158 85 22
    3 72 138 195 18 114 165 211 36 203 159 127 130 137 229 114 146 11
    229 131 218 185 196 114 30 28 27 252 7 178 155 191 183 88 31 62 15
    130 95 99 71 161 245 150 183 226 204 187 60 245 25 55 13 196 186 96
    201 121 190 13 41 94 205 64 198 117 218 228 143 42 165 118 250 66 6
    97 139 173 184 84 100 159 158 117 64 200 153 91 115 92 65 198 196
    189 110 134 0 158 50 103 25 189 112 255 107 164 193 184 239 67 47 48
    192 106 24 28 150 35 54 254 38 2 9 11 161 43 12 56 220 108 171 164
    137 255 72 218 179 205 17 252 244 5 248 149 180 64 121 145 219 138
    123 112 91 153 124 12 254 182 164 254 250 43 209 201 22 4 162 191 4
    70 7 57 32 175 44 223 238 97 165 79 73 105 81 147 60 71 24 43 94 84
    30 73 84 214 187 146 195 87 204 196 61 35 51 197 211 166 121 253 65
    123 107 39 39 144 168 93 161 152 39 64 167 181 3 180 242 235 179 49
    252 247 99 180 236 190 4 12 216 59 6 153 54 113 50 105 209 59 110 94
    243 18 226 231 25 226 135 233 173 236 193 104 148 155 34 207 80 29
    134 136 126 229 31 178 36 107 100 89 125 28 242 61 249 221 235 125
    223 216 102 54 130 98 223 198 135 57 145 138 157 25 254 67 54 182
    214 215 194 254 18 224 111 107 78 140 127 1 55 160 158 225 9 118 36
    223 225 159 18 112 112 212 79 189 51 103 131 120 173 246 43 11 178
    172 140 49 16 240 234 80 182 28 0 200 202 34 93 138 27 27 191 109 53
    252 195 138 209 167 167 9 104 153 113 129 161 4 184 134 239 138 31 6
    58 122 106 171 253 70 163 41 207 52 81 251 37 153 233 231 208 47 41
    225 177 6 45 222 122 92 63 15 73 108 181 226 238 157 182 112 141 24
    159 79 13 78 181 178 63 234 172 50 212 102 36 52 94 15 128 252 106
    32 164 109 58 214 226 95 122 241 76 202 55 26 101 162 71 236 203 240
    224 214 73 207 252 48 156 113 95 57 18 206 142 107 114 173 85 203
    214 213 198 154 34 117 77 165 75 171 199 194 106 169 203 66 147 68
    112 124 211 92 218 207 113 203 5 73 125 166 68 106 165 137 163 10
    189 0 70 199 22 46 217 43 229 118 245 27 1 116 113 73 113 162 166 93
    32 35 91 210 218 92 213 117 90 78 224 242 143 188 121 37 167 25 99
    101 166 203 58 133 242 65 56 65 192 27 115 121 118 251 184 85 206 9
    72 138 86 121 109 143 21 6 117 162 203 236 44 252 120 88 210 196 178
    210 127 2 146 146 35 144 61 162 108 231 227 19 197 157 77 26 171 13
    208 201 203 93 0 118 114 176 241 64 15 141 40 79 31 135 205 67 119
    38 172 182 91 106 162 182 218 88 2 247 44 86 52 77 239 208 185 5 145
    103 189 82 3 140 175 116 17 154 249 30 165 139 170 143 27 188 78 228
    226 147 199 91 194 250 254 245 118 226 172 53 115 102 234 237 48 63
    32 195 217 3 56 11 30 159 75 1 7 220 191 142 135 225 143 180 221 57
    124 132 96 209 181 59 162 115 43 172 1 22 47 38 92 248 140 188 69 89
    56 69 238 107 139 5 109 251 224 132 69 105 56 175 9 166 191 233 0 0
    211 124 113 137 233 91 162 97 32 171 129 117 4 133 203 55 78 116 82
    240 147 174 127 171 173 12 184 90 166 141 248 20 40 125 79 244 16 86
    175 233 242 11 251 137 98 197 150 188 144 249 35 181 231 48 59 158
    184 241 185 146 88 30 118 249 32 174 73 178 57 95 255 64 5 73 183
    159 111 69 168 45 248 189 158 20 7 165 248 93 89 10 64 76 228 246
    135 221 48 188 214 39 55 123 204 63 183 248 205 82 132 95 33 158 210
    208 5 199 31 218 0 115 239 107 2 73 88 241 43 81 215 225 128 21 107
    162 254 216 255 230 240 167 234 10 235 107 45 224 215 30 237 147 217
    219 124 50 240 215 190 35 157 180 251 7 30 128 250 83 44 108 116 198
    247 180 164 86 222 130 165 165 9 250 185 18 242 153 205 135 176 102
    71 53 37 224 128 250 27 109 124 212 210 147 157 95 186 34 13 75 61
    157 111 27 75 10 245 78 86 83 157 35 46 114 26 90 6 122 11 139 54 4
    125 13 240 151 162 64 104 133 21 201 61 137 215 254 181 150 127 239
    167 200 238 23 148 82 68 88 48 181 59 168 213 174 206 21 160 178 61
    201 235 121 2 195 66 61 57 255 189 153 69 219 141 189 45 96 103 166
    107 132 30 117 43 230 24 64 200 46 35 224 182 41 215 221 204 151 172
    76 39 48 197 143 183 37 70 203 241 221 198 44 219 39 6 131 211 252
    247 161 14 225 112 89 41 140 243 180 1 212 137 205 194 104 22 40 101
    135 113 186 116 251 133 128 195 211 209 203 232 76 181 156 178 117
    144 174 179 222 236 173 24 23 180 68 66 183 135 235 217 39 9 251 134
    68 145 67 54 134 149 113 98 149 141 219 149 181 143 117 81 60 104 7
    236 1 85 91 43 39 83 145 203 31 139 121 143 72 156 148 165 1 56 23
    177 17 138 96 70 37 79 19 51 47 89 182 12 5 3 181 175 98 217 203 127
    70 64 136 236 238 179 84 11 154 160 212 239 141 176 76 89 51 202 137
    24 115 6 185 191 198 72 209 32 176 32 246 169 147 53 100 125 187 117
    159 226 96 10 95 31 184 30 28 100 196 49 174 182 16 197 92 0 97 222
    234 147 170 40 101 77 24 124 243 101 43 74 117 57 66 165 181 229 133
    212 246 10 220 148 79 229 117 185 114 136 19 93 92 140 109 232 151 7
    117 118 192 93 14 234 123 157 239 55 182 150 127 165 71 63 76 107 51
    130 104 168 145 61 8 217 170 107 31 236 70 171 40 97 30 170 5 97 177
    179 155 70 165 250 54 7 40 235 38 86 178 179 76 16 171 227 213 72
    241 92 73 78 200 17 191 11 49 126 121 197 180 226 254 67 147 14 107
    35 101 44 238 8 29 70 172 91 53 229 163 149 218 9 251 82 201 131 95
    128 71 158 160 106 156 244 112 127 52 226 203 98 25 237 209 58 130
    231 216 107 47 63 8 58 54 121 231 241 204 249 122 83 241 200 47 213
    247 217 213 10 140 28 41 218 113 27 155 28 150 157 8 38 175 129 238
    4 85 129 106 4 142 50 224 140 193 40 137 57 48 77 57 210 94 178 177
    21 225 225 232 81 181 89 219 229 227 98 59 137 173 14 82 112 67 252
    135 216 123 17 70 117 107 153 189 244 186 73 202 188 59 21 132 220
    140 91 246 201 218 69 81 38 247 178 174 17 37 187 249 183 166 60 97
    186 105 11 130 81 228 101 17 181 127 80 59 15 0 242 72 15 121 175 52
    107 7 25 132 5 180 68 133 165 235 160 107 78 145 64 198 145 97 71
    113 4 134 115 66 17 251 43 142 161 191 110 17 86 142 235 44 0 108 80
    65 60 137 119 102 7 165 215 95 71 83 84 235 202 88 233 112 92 139 93
    20 184 8 174 209 23 41 51 247 74 3 225 160 236 131 252 187 5 60 247
    177 221 114 100 227 120 134 78 195 167 69 27 51 173 187 125 52 184
    78 159 165 63 8 217 229 255 5 199 152 72 2 188 79 181 144 24 182 101
    134 200 222 159 49 62 219 241 216 200 179 156 53 167 97 61 130 254
    121 63 215 3 180 117 136 49 251 173 222 15 147 82 200 228 57 185 82
    49 7 253 189 149 38 241 210 142 74 62 14 225 171 195 90 219 152 75
    137 84 177 249 182 20 164 35 62 206 86 51 168 207 247 134 149 226 28
    39 48 245 76 80 158 206 144 226 179 155 79 16 113 175 19 1 39 182 61
    92 190 136 126 20 193 112 7 204 19 178 67 164 188 7 9 153 16 66 230
    30 140 104 225 150 22 240 166 136 251 155 23 221 86 183 134 211 207
    8 185 160 174 70 178 85 12 25 249 218 247 138 120 255 237 122 147
    231 97 124 91 228 194 148 27 193 238 0 202 158 231 155 20 216 17 110
    236 40 93 87 133 103 71 141 144 91 69 200 35 107 142 54 158 127 208
    60 30 144 72 174 163 69 236 160 67 52 71 92 123 175 135 132 168 63
    234 86 57 183 160 230 42 166 113 204 233 135 173 99 35 34 238 240 76
    168 198 47 218 79 46 165 237 179 170 97 234 113 192 83 61 126 221
    200 127 176 178 250 120 80 69 31 162 186 118 7 113 212 0 49 82 221
    59 3 43 75 160 93 17 92 12 208 38 163 15 99 52 142 205 170 65 87 225
    232 246 247 43 84 176 199 249 129 121 76 234 161 237 239 138 118 164
    23 140 156 227 74 237 110 207 47 230 6 242 66 253 0 22 231 6 235 107
    32 2 9 171 134 220 178 24 174 130 25 221 0 200 77 81 105 69 201 79
    115 204 98 15 34 50 152 212 167 160 158 126 202 239 147 105 140 4
    181 1 232 221 56 43 144 189 201 11 80 226 137 202 248 33 6 121 55
    245 207 121 99 193 216 67 185 117 189 110 41 236 62 10 29 10 67 253
    92 26 154 112 222 66 114 144 178 161 37 198 187 155 224 17 222 234
    41 202 186 10 111 9 82 3 77 231 146 191 158 27 91 210 130 237 228 8
    163 229 196 15 60 251 59 54 92 170 142 83 184 196 175 176 168 188 63
    218 190 92 32 5 78 226 134 109 215 159 243 182 50 45 115 100 136 105
    177 183 77 42 158 226 247 199 157 183 57 170 8 138 207 1 64 140 134
    177 254 186 255 124 148 212 245 135 57 58 114 138 66 33 217 164 167
    194 214 13 244 88 158 230 78 79 13 144 104 195 4 186 229 105 9 126
    98 94 15 44 126 233 111 78 47 165 102 8 235 118 132 128 182 10 36 51
    161 242 246 94 82 81 176 20 195 161 154 205 202 168 165 159 49 107
    213 77 246 37 169 6 22 163 77 159 214 99 249 183 21 80 126 29 22 102
    121 191 239 41 60 249 46 20 15 148 166 146 102 22 7 49 37 1 64 137
    219 91 151 108 131 68 108 14 93 218 67 156 58 243 247 58 245 90 141
    211 7 26 44 225 4 11 168 214 86 116 41 207 110 190 237 224 88 110
    227 239 113 89 84 148 22 234 80 205 166 23 240 202 153 87 121 47 124
    109 15 83 239 136 126 117 84 73 66 17 136 5 142 44 87 76 228 214 241
    61 14 235 175 253 51 55 73 149 35 29 195 24 158 144 68 16 255 229
    127 229 57 12 120 30 76 63 254 181 36 180 168 191 179 82 152 159 43
    87 214 159 6 29 109 216 67 172 245 53 81 238 146 59 97 253 40 120
    221 127 58 24 171 235 163 149 81 1 30 251 178 57 185 197 195 85 221
    240 150 39 137 195 152 156 38 165 176 46 22 233 248 46 98 76 141 241
    14 165 185 253 195 141 195 204 92 157 125 96 69 222 246 248 97 242
    37 26 47 199 130 65 25 49 15 200 118 127 66 61 79 221 237 139 161
    200 184 173 90 45 30 30 143 153 83 218 153 253 11 75 198 30 232 5
    101 248 119 170 42 23 84 12 191 147 226 8 94 38 242 103 255 139 11
    62 239 102 36 196 205 254 53 214 144 15 76 74 160 164 38 117 202 98
    152 80 52 107 120 133 106 224 28 216 67 118 109 7 188 3 17 115 185
    186 147 37 140 207 22 52 64 170 11 179 83 101 142 153 79 176 203 21
    178 103 124 31 80 155 230 96 96 81 74 206 114 178 246 48 98 33 190
    114 90 80 239 88 9 139 214 106 126 196 154 105 190 177 164 204 183
    127 85 227 9 250 53 110 17 93 119 74 207 201 181 219 109 1 76 92 127
    183 102 198 193 195 186 2 86 234 226 57 4 4 76 1 104 220 163 135 41
    202 124 169 235 19 173 220 77 131 166 192 69 55 57 169 103 218 103
    233 29 177 246 114 145 136 154 116 110 219 3 212 188 175 38 199 227
    204 84 234 173 147 135 7 197 215 54 140 9 209 93 168 30 126 175 140
    230 25 71 25 199 204 209 51 36 24 223 109 118 240 40 148 103 90 44
    134 93 181 182 251 8 61 69 185 90 205 93 188 91 198 226 14 115 115
    159 246 55 91 156 43 164 93 18 213 31 89 148 130 224 4 130 61 29 220
    182 96 166 255 11 253 34 70 248 157 214 42 146 86 132 15 32 92 30
    176 175 4 188 89 176 224 1 145 102 51 75 134 54 45 136 86 93 192 81
    253 107 211 97 69 167 142 143 47 65 26 39 134 118 2 204 248 144 211
    12 10 120 48 4 220 175 54 47 110 240 88 105 98 153 78 107 99 34 169
    171 80 87 83 227 120 179 43 191 186 112 21 165 215 0 150 100 191 210
    45 13 27 81 213 130 151 67 31 197 148 20 100 51 55 34 113 229 152 72
    5 156 176 6 46 31 221 18 254 192 128 130 215 165 118 132 136 170 58
    165 106 254 40 92 180 172 76 96 61 227 114 163 208 150 194 49 197 24
    156 109 239 250 104 198 38 150 63 12 44 99 77 149 144 133 20 214 128
    215 171 59 67 206 37 161 194 54 152 206 10 176 33 245 210 90 49 101
    222 22 112 193 243 156 251 249 16 150 231 212 77 178 109 64 190 206
    164 55 19 198 159 23 28 133 121 18 112 168 5 176 96 48 214 21 106 20
    100 65 42 177 16 13 88 78 233 127 58 127 188 204 15 22 224 223 110
    246 130 35 109 174 148 22 245 160 133 8 223 168 167 12 210 101 255
    243 243 189 77 215 96 57 231 140 49 253 160 219 233 185 180 231 160
    152 123 37 97 1 48 179 144 148 160 3 25 93 236 250 209 195 231 89
    152 148 137 191 116 94 109 216 112 65 21 24 134 104 146 149 45 117
    120 22 233 216 34 117 244 213 95 60 142 122 30 228 193 125 19 166 4
    143 25 206 7 35 86 162 216 221 125 213 95 214 72 121 49 232 38 128
    111 156 251 30 109 117 233 6 182 40 102 41 254 216 57 123 132 235
    211 205 70 204 85 75 172 79 43 252 222 101 226 29 18 58 103 206 170
    243 229 210 38 94 51 153 183 91 71 161 68 12 218 83 118 214 99 26
    152 1 48 12 122 24 125 200 214 168 49 119 107 46 80 123 19 208 255
    90 38 175 182 143 55 227 118 133 97 180 104 238 203 198 35 171 172
    187 107 0 81 225 17 35 166 152 44 52 186 41 162 203 77 174 214 81 30
    26 53 122 133 219 234 27 216 181 77 62 178 16 150 151 87 50 138 188
    37 133 69 13 42 18 36 186 222 149 163 109 40 189 123 49 108 122 37
    128 15 172 94 112 251 142 49 92 66 48 247 136 244 62 246 26 26 50
    212 170 8 61 53 90 40 87 78 135 176 200 21 31 239 75 251 9 36 49 36
    232 171 193 244 17 0 60 166 140 204 229 27 157 106 187 140 162 103
    61 105 45 26 208 212 250 247 96 57 171 168 147 194 248 220 183 21
    179 194 89 81 181 82 233 74 63 83 135 41 252 49 160 193 219 200 223
    24 79 171 18 213 92 49 138 83 147 89 191 200 227 231 76 155 101 235
    53 138 152 53 151 156 183 84 16 142 220 85 72 150 164 109 238 162
    134 253 205 254 40 11 16 111 111 140 223 0 16 116 14 255 5 128 59
    158 220 22 101 129 121 202 94 127 207 171 65 43 214 32 118 97 178 94
    236 11 138 26 43 252 232 86 120 200 239 78 239 117 179 185 22 222
    250 129 29 4 45 195 77 150 135 161 148 149 162 16 63 108 65 82 208
    54 13 63 233 82 170 223 216 193 50 247 51 124 254 21 232 243 59 46
    133 57 22 217 30 53 173 63 89 245 51 109 50 144 143 50 171 87 146
    212 66 38 187 81 194 107 123 185 81 197 125 189 175 133 4 197 63 168
    177 151 77 25 143 207 103 110 108 215 12 42 141 21 115 170 160 56 78
    56 100 199 157 7 204 45 123 120 231 105 28 68 80 161 190 242 15 161
    144 168 174 222 4 154 161 213 149 230 203 117 113 19 247 89 139 39
    53 195 223 237 208 232 158 91 83 51 25 186 85 187 26 102 61 174 222
    121 241 146 26 60 40 214 89 183 180 117 116 149 137 162 41 233 219
    39 32 126 118 80 170 53 238 39 29 141 235 224 48 97 161 217 143 61
    207 45 166 237 33 112 216 149 128 248 99 4 221 251 207 141 171 60 43
    16 184 24 192 121 219 2 6 112 224 10 76 5 86 156 238 182 168 87 20
    58 129 215 109 38 111 100 178 51 1 198 99 102 60 189 216 121 83 154
    179 168 10 67 71 228 91 63 195 76 90 57 227 29 164 50 164 161 114
    236 86 67 116 105 162 123 8 220 248 55 69 163 171 202 191 0 26 135
    70 89 215 80 32 51 44 187 1 2 196 74 219 160 46 228 168 94 108 248
    36 86 116 133 226 199 157 55 138 243 125 210 95 128 254 194 17 227
    20 117 24 70 230 188 88 62 139 95 23 81 98 227 134 156 130 128 244
    122 27 185 6 131 73 250 184 228 132 246 9 71 161 129 0 9 10 145 168
    175 147 64 221 118 176 41 33 43 222 117 254 183 231 66 250 210 2 3
    235 246 25 146 108 1 65 46 85 38 88 121 151 203 9 200 171 201 241
    113 181 6 127 255 5 180 151 135 204 72 136 19 40 69 42 133 46 8 46
    100 182 7 106 203 30 21 15 138 110 130 100 65 225 109 80 155 45 221
    106 109 21 106 100 54 183 225 55 210 171 84 64 219 107 159 48 187
    219 54 126 213 96 73 143 131 140 31 160 106 182 193 123 249 83 120
    238 253 223 117 51 26 52 188 182 236 5 205 31 180 16 148 77 135 192
    96 229 231 95 175 212 21 154 55 97 43 178 43 94 62 134 118 114 53
    222 30 195 145 86 45 5 3 172 36 63 36 21 182 231 126 232 96 200 218
    146 101 117 29 137 183 243 207 9 44 199 94 148 202 173 17 32 144 117
    124 27 190 88 220 193 146 81 86 202 229 27 214 135 125 94 183 148 38
    21 48 149 174 251 158 0 214 163 7 146 138 83 236 74 123 48 27 30 225
    243 187 15 24 85 56 102 137 148 69 7 50 170 255 217 200 48 41 188
    220 119 134 94 177 54 0 33 205 65 97 168 207 57 178 25 232 55 138 82
    222 235 7 72 199 102 50 76 22 123 137 208 78 2 70 52 204 18 11 9 168
    99 152 21 255 211 154 21 92 222 185 0 109 154 215 213 176 108 171 84
    67 31 104 168 218 41 192 195 147 129 165 21 79 137 146 226 183 155
    65 236 225 232 134 15 48 42 205 243 175 191 50 206 131 72 152 78 19
    182 46 126 223 113 32 129 104 46 139 31 81 111 49 183 147 80 128 65
    158 62 254 27 38 18 140 34 139 162 252 230 216 89 111 130 111 249 61
    100 61 214 174 74 14 209 229 185 2 114 176 109 19 228 189 55 12 89
    169 143 182 224 14 218 160 201 148 109 246 39 157 67 242 246 100 250
    255 55 144 74 232 155 218 113 166 251 58 99 93 254 224 219 82 156 68
    170 13 57 136 236 179 225 177 50 75 146 166 157 247 151 178 108 90
    219 103 150 188 76 112 158 150 141 45 50 33 143 22 85 19 232 2 110
    222 85 12 67 197 66 0 0 219 87 84 161 77 96 42 178 73 49 74 64 128
    82 177 185 224 131 172 95 38 137 238 155 181 221 123 67 246 88 84 8
    251 79 173 103 247 246 139 241 227 187 75 3 2 134 182 121 2 49 164
    68 231 164 226 162 118 212 8 162 38 211 127 245 42 158 32 105 160 9
    215 66 44 225 112 137 210 173 33 80 74 98 126 227 145 236 220 240
    254 19 103 100 166 170 213 173 16 148 141 155 198 0 76 108 49 69 214
    54 68 24 52 233 161 101 84 79 214 112 92 153 70 145 214 30 32 69 129
    83 184 146 143 97 69 203 154 1 232 221 61 41 178 189 225 230 26 100
    249 151 168 209 189 19 181 98 53 25 135 160 241 86 201 111 47 56 118
    179 219 24 80 130 129 159 169 4 63 250 107 126 135 157 4 84 46 68
    234 23 11 186 79 48 98 99 245 63 94 250 251 248 20 176 209 22 169 93
    166 161 156 204 111 129 78 131 163 97 218 165 224 105 187 92 62 98
    56 200 252 84 96 55 90 248 204 54 250 137 229 235 255 51 253 84 96
    107 129 245 80 167 158 98 249 162 168 207 2 198 133 6 204 74 169 112
    60 5 17 237 12 78 180 174 113 224 16 72 252 100 173 180 78 151 185
    92 114 201 41 224 147 180 129 71 230 226 114 165 128 42 45 208 22
    108 35 175 175 7 120 61 5 168 143 231 245 254 108 6 71 53 178 93 19
    184 68 126 117 96 103 145 167 217 147 55 169 59 11 62 87 173 254 96
    246 168 142 115 187 119 130 241 204 206 121 242 127 40 33 2 21 188
    87 210 9 30 101 200 133 186 192 214 180 75 183 108 60 114 251 242
    217 38 48 97 6 48 238 29 82 232 152 71 236 240 4 167 155 136 222 158
    71 107 160 171 86 144 72 134 41 204 62 202 60 96 182 167 210 223 57
    167 50 40 33 17 184 96 78 116 234 75 91 248 30 47 75 209 67 97 96
    217 188 93 210 101 98 142 134 88 204 118 44 219 67 205 185 243 111
    69 169 159 51 251 31 61 175 12 197 149 180 73 241 239 192 118 117
    195 27 12 112 49 159 26 62 35 164 80 202 41 29 118 159 185 53 43 145
    60 140 159 108 47 124 0 33 250 123 241 250 244 41 231 2 37 18 165 40
    26 173 98 190 240 202 155 137 1 121 63 201 54 28 246 172 207 77 247
    242 229 85 106 118 46 166 85 166 253 156 194 134 76 33 223 225 20
    151 249 112 85 184 32 88 207 213 8 59 206 235 109 52 48 13 109 95
    165 139 3 216 249 136 72 97 115 144 141 152 172 120 7 7 131 36 56 16
    148 16 94 67 62 73 60 134 177 164 67 230 162 133 15 169 154 105 113
    77 179 147 27 179 42 9 88 181 205 169 0 192 181 24 254 210 2 37 54
    168 44 158 133 90 249 75 85 101 220 29 197 51 99 247 166 27 85 185
    193 161 195 180 248 74 105 49 119 28 109 8 78 94 120 255 187 162 137
    84 30 137 15 179 101 57 254 32 224 175 158 63 174 241 84 66 215 53
    75 184 23 246 253 16 221 255 117 106 27 177 107 234 37 8 148 242 53
    255 91 117 61 239 143 58 169 29 245 92 113 115 108 169 110 174 212
    201 93 93 32 67 9 159 249 248 187 170 143 94 31 116 23 94 140 29 38
    182 34 80 156 27 205 77 24 224 201 148 66 255 229 146 233 230 56 0
    209 78 79 29 243 20 58 174 179 224 151 240 251 103 212 126 240 212
    149 192 114 77 64 217 29 242 68 148 8 194 33 244 48 45 26 12 151 205
    163 235 0 167 141 24 164 141 158 186 140 66 35 110 230 139 136 165
    189 214 214 237 141 190 119 240 107 252 179 22 71 200 41 45 98 67
    146 19 154 48 175 4 220 253 131 39 154 222 2 52 182 230 105 66 149
    13 149 213 19 48 37 236 53 129 213 166 39 10 88 30 200 158 190 36 14
    89 126 23 126 167 115 101 96 124 20 15 184 36 231 128 141 43 34 196
    212 16 224 172 194 78 160 169 231 247 25 152 101 80 56 106 86 4 164
    33 50 72 64 134 136 96 91 111 2 225 141 179 41 168 8 157 245 83 147
    67 92 75 203 54 84 250 64 175 131 197 38 41 106 183 20 199 241 231
    186 196 54 159 91 68 233 224 53 87 85 147 181 145 51 106 142 215 198
    217 122 150 14 106 197 155 247 211 23 169 60 157 189 218 247 75 243
    84 66 86 200 53 233 158 205 15 198 180 250 41 101 189 192 243 1 185
    85 171 63 175 130 67 17 173 134 251 182 166 214 56 56 164 141 133
    129 22 240 222 166 12 86 145 158 121 74 185 212 50 194 148 28 255 23
    127 173 193 188 182 248 46 23 223 117 216 77 46 22 102 224 94 160 95
    143 24 19 125 245 75 42 53 115 46 155 241 13 109 225 124 42 113 119
    102 19 247 220 51 104 20 56 19 220 234 247 103 153 86 73 238 186 118
    211 151 100 157 4 4 180 68 226 31 50 194 153 11 135 3 84 67 186 43
    30 208 103 178 38 0 83 143 170 113 167 56 169 19 81 43 215 92 76 209
    39 10 205 255 57 71 126 91 124 203 142 31 81 227 129 0 164 89 132
    199 199 224 175 233 94 90 62 255 29 32 32 69 197 18 83 22 117 39 4
    185 213 202 220 248 36 33 229 16 132 186 243 61 48 124 132 131 130
    221 22 171 222 213 20 121 19 184 15 33 230 179 227 136 247 98 32 157
    235 221 16 209 207 211 173 141 26 110 96 52 204 212 33 40 160 150
    155 215 63 120 158 207 20 44 70 213 151 97 10 122 97 254 30 227 25
    185 204 227 230 40 249 178 207 69 13 22 68 119 2 98 21 70 86 23 226
    131 174 60 251 231 16 87 253 54 252 105 117 236 206 161 233 14 24 71
    177 53 244 20 201 116 205 53 18 15 249 23 55 232 40 154 80 141 46 92
    202 65 165 118 232 155 255 196 93 71 108 28 201 38 191 98 161 45 126
    38 27 172 243 222 51 238 11 153 240 73 85 118 71 39 102 225 43 234
    102 52 18 140 187 251 39 27 189 119 194 40 152 57 191 117 143 131
    172 32 254 215 252 87 119 224 152 142 39 132 98 139 195 166 212 98
    207 223 242 145 52 69 209 155 20 60 67 249 154 100 225 124 50 86 82
    238 49 249 243 69 225 116 15 199 76 63 2 192 2 32 77 83 60 190 19
    159 143 249 225 26 71 144 201 252 139 169 53 54 153 59 0 53 103 231
    70 64 82 56 0 220 176 131 76 56 154 228 144 135 51 140 142 252 141
    33 204 105 29 119 142 225 205 208 91 182 184 75 130 118 156 54 125
    151 92 7 82 90 235 172 151 194 112 118 54 207 127 14 49 138 68 191
    182 192 60 130 216 170 41 11 119 78 37 86 186 54 233 108 201 137 149
    108 101 1 52 28 60 221 184 207 103 53 228 71 51 112 88 197 179 251
    27 51 204 151 217 233 118 149 247 116 174 42 71 75 197 195 135 248
    173 105 125 132 248 22 88 55 47 26 213 161 45 61 175 234 44 78 130
    50 231 240 185 29 93 123 64 83 68 70 240 192 61 31 6 240 57 89 109
    65 219 227 142 237 54 185 9 4 234 92 168 181 133 138 2 198 234 236
    141 86 144 60 195 1 141 249 106 77 232 216 23 104 23 254 250 181 42
    178 170 96 246 104 95 2 157 135 152 127 54 7 87 114 98 133 53 177
    119 186 170 208 151 7 232 3 72 192 129 210 199 25 239 123 106 200
    105 58 231 34 231 170 206 162 4 167 219 64 144 151 7 18 146 116 61
    175 95 213 228 205 142 255 195 189 56 143 22 113 104 28 17 91 28 47
    233 87 14 203 134 172 148 2 124 187 104 162 144 241 156 30 219 203
    121 115 9 70 44 13 124 204 1 7 175 23 112 119 21 20 102 102 142 17
    190 54 189 215 116 233 87 51 151 178 119 165 142 63 176 45 7 83 221
    197 228 0 200 180 90 155 35 64 138 99 236 96 119 161 226 160 191 83
    145 79 229 132 20 143 159 60 181 95 91 41 102 81 233 19 48 98 204 1
    218 90 19 217 160 75 72 132 1 84 242 142 69 117 121 112 3 32 216 236
    172 143 101 215 93 33 135 145 36 253 240 15 73 192 73 138 142 37 170
    5 121 17 55 89 44 181 45 82 182 135 48 111 169 79 219 33 8 3 201 224
    141 13 211 35 224 113 41 204 173 102 133 41 66 157 120 216 240 45 8
    229 37 13 16 188 145 116 233 127 27 190 63 37 235 178 176 135 113
    215 11 118 184 227 42 49 123 192 125 62 252 206 75 200 110 213 158
    112 245 232 10 171 253 153 4 0 107 198 218 106 127 151 160 67 91 109
    187 118 0 200 149 113 255 199 84 7 132 166 141 192 154 127 133 46
    174 112 46 195 67 137 82 13 183 150 16 221 150 233 226 120 120 240
    122 27 150 141 141 128 179 112 216 5 185 149 191 142 238 131 148 192
    182 34 209 134 248 75 33 186 240 218 113 154 44 181 171 37 150 161
    93 171 51 253 150 31 222 191 138 253 86 112 226 245 118 214 80 23 74
    65 146 49 145 64 200 86 21 142 139 96 57 39 184 96 144 172 2 59 92
    198 16 172 64 135 58 95 91 227 49 74 211 89 156 168 121 206 183 215
    115 18 79 45 52 171 181 28 229 157 9 14 157 211 161 19 228 197 103
    146 83 136 186 127 32 52 103 162 162 189 236 144 13 63 239 110 139
    183 118 131 78 41 102 74 238 85 164 163 60 201 93 239 86 200 239 226
    253 52 31 29 196 99 9 51 240 34 108 41 20 233 73 186 67 218 28 192
    171 41 171 252 139 70 45 179 171 226 69 123 123 53 56 245 71 225 175
    25 73 109 65 43 80 62 177 179 212 118 167 143 200 210 234 171 183 96
    53 177 164 153 59 76 203 2 242 97 238 57 106 12 116 0 26 193 152 219
    198 33 123 92 89 62 139 47 71 9 34 158 213 123 126 149 220 85 151 43
    133 250 56 12 123 158 27 44 63 251 124 155 217 218 81 111 200 10 3
    171 8 160 116 174 170 162 62 178 221 69 92 144 150 1 219 72 25 52 18
    202 152 231 168 63 16 127 132 208 45 138 251 100 32 201 137 155 20
    234 245 60 180 222 224 12 230 161 81 224 12 77 227 8 46 70 39 175
    208 237 156 229 137 36 34 88 47 73 214 57 187 238 179 0 80 141 116
    188 242 240 145 182 240 145 46 4 87 25 92 71 219 200 220 239 95 109
    100 155 107 73 50 195 247 2 96 98 170 174 247 184 51 239 115 13 182
    206 242 84 146 25 66 115 146 182 198 29 85 42 16 208 155 102 203 64
    137 32 136 98 224 86 114 118 227 73 188 152 253 195 166 81 227 183
    173 149 92 189 240 126 100 83 107 89 180 147 37 224 210 125 152 89
    65 7 167 184 158 84 53 230 189 239 191 51 139 30 245 53 239 178 198
    68 31 60 25 76 15 219 142 209 122 165 199 40 53 236 6 129 73 58 52
    88 76 41 170 49 105 112 218 221 50 35 1 182 111 65 24 125 32 166 15
    151 1 86 9 79 68 79 91 103 217 1 153 7 185 9 82 136 156 7 220 176
    112 218 30 131 81 202 190 250 24 149 198 84 228 4 121 255 2 187 239
    45 111 146 233 109 69 66 157 92 142 194 85 0 71 202 87 248 123 133
    115 54 113 81 57 191 56 70 88 90 43 70 209 235 97 65 128 104 127 48
    215 161 74 33 192 230 112 116 135 206 45 31 165 122 203 250 218 177
    55 161 109 120 205 189 161 186 193 182 242 152 106 172 161 124 22
    186 100 22 228 65 43 104 161 222 254 248 16 168 175 112 89 79 63 34
    29 150 85 254 212 227 189 50 41 197 83 210 172 19 208 10 180 131 5
    39 123 1 238 123 216 160 250 140 99 17 83 187 231 170 10 41 200 220
    1 71 225 118 120 187 153 10 232 102 80 179 155 74 79 54 231 36 250
    250 210 8 142 155 155 6 4 144 188 79 179 141 115 96 194 43 175 8 154
    142 9 39 224 248 214 136 89 69 159 223 106 67 163 33 8 74 98 147 208
    121 14 221 12 232 199 68 143 118 220 143 48 159 89 216 163 249 96 84
    86 45 61 245 180 221 232 6 226 65 241 47 150 69 56 89 154 80 131 221
    202 78 183 203 252 64 37 195 24 3 38 235 142 207 210 162 223 17 121
    106 167 121 105 6 211 251 130 41 136 51 165 173 143 198 26 66 87 23
    105 253 234 220 164 208 166 172 49 235 201 79 226 124 82 52 59 164
    129 234 211 24 213 16 248 56 65 120 177 188 238 64 173 199 119 56
    109 14 112 129 4 188 137 191 200 126 151 97 243 38 231 18 90 107 135
    125 114 155 72 243 86 109 187 191 239 26 175 28 143 133 255 163 125
    90 129 136 104 134 171 108 94 148 164 235 33 56 81 214 175 188 129
    116 29 203 237 127 236 173 243 121 255 24 233 232 152 217 200 226
    159 195 65 54 44 219 67 149 103 184 217 214 202 186 232 80 59 135 97
    161 213 150 21 195 194 179 21 11 124 67 72 189 157 91 47 29 133 42
    119 207 228 50 33 155 175 248 68 21 83 246 92 210 91 205 240 69 113
    91 53 88 172 221 19 81 143 180 93 92 150 172 76 30 146 101 56 248
    124 53 203 13 38 35 215 89 165 87 185 56 50 228 219 164 106 216 37
    73 25 73 31 16 62 76 147 54 44 65 33 251 240 196 64 138 217 230 70
    93 176 233 130 157 11 249 63 36 248 205 65 178 183 230 103 124 214
    170 44 198 144 227 28 215 200 234 189 211 152 195 7 15 10 213 173
    198 153 110 54 40 0 21 54 207 24 130 58 84 193 15 112 247 141 201
    164 42 19 58 6 134 12 208 186 128 28 252 171 154 106 134 239 52 137
    38 105 12 254 161 14 141 238 125 194 36 102 15 167 188 16 144 58 183
    163 93 224 120 58 203 196 33 245 166 196 20 241 69 73 107 149 148 91
    73 29 249 189 152 253 211 7 28 14 250 169 246 174 180 247 146 75 22
    144 126 200 58 57 93 213 143 234 119 106 131 154 124 152 12 58 26
    122 207 95 75 102 3 111 87 183 14 216 71 150 137 243 151 20 122 77
    143 201 13 130 141 159 206 214 121 81 150 165 62 84 117 174 103 227
    253 155 0 147 97 174 32 82 237 79 34 73 1 197 54 179 52 110 125 232
    176 216 25 195 114 154 145 82 54 119 169 183 129 9 20 172 72 231 77
    121 134 229 17 47 100 74 17 132 223 145 178 52 32 99 85 139 229 72
    165 14 228 159 29 205 221 41 77 191 43 150 126 124 60 157 27 39 35
    205 95 127 157 251 155 143 182 227 140 109 206 241 156 168 178 184
    145 195 14 215 109 133 254 103 140 234 232 187 152 158 25 39 44 36
    245 108 202 237 78 187 105 221 104 117 89 24 50 14 51 7 33 149 102
    12 100 212 199 217 106 106 147 249 82 168 46 117 32 228 28 109 33
    128 219 4 156 197 13 253 29 228 14 252 218 31 83 203 174 98 163 17
    198 3 136 125 93 93 154 79 83 117 192 89 121 238 129 131 120 198 27
    161 143 151 228 159 4 5 246 21 24 200 149 182 214 221 110 161 178
    187 214 198 152 138 82 12 138 115 11 131 188 228 9 183 201 45 47 227
    175 108 130 204 177 224 126 144 107 54 185 63 250 49 187 181 183 213
    244 55 240 117 121 110 80 117 173 5 2 138 245 22 156 155 245 197 24
    245 108 56 182 205 232 167 48 241 38 189 104 22 110 240 121 167 251
    241 138 131 133 29 46 54 179 194 129 142 230 234 243 69 170 28 41 56
    74 122 92 25 129 32 147 191 19 6 168 113 141 140 92 11 183 238 225
    216 122 144 49 234 134 101 37 225 255 201 204 240 158 122 50 50 106
    231 199 161 197 92 16 116 169 133 224 37 103 42 153 91 106 95 117 43
    89 199 100 154 155 171 18 114 180 128 244 165 0 248 60 132 14 164 55
    103 246 160 75 252 41 225 212 106 192 98 34 149 88 201 96 212 66 34
    235 22 157 53 159 255 13 69 208 237 132 64 235 98 79 54 60 126 192
    16 184 124 196 125 84 167 110 231 28 130 169 220 245 104 64 49 179
    177 96 215 147 193 78 33 2 105 247 157 223 106 16 193 111 52 8 210
    153 174 33 139 12 241 40 113 186 34 176 185 162 247 208 135 39 238
    219 178 99 115 253 240 229 34 84 104 85 31 212 244 49 111 125 11 48
    104 95 183 232 253 248 61 106 119 212 163 93 54 169 223 251 122 99
    68 164 44 26 105 124 120 246 88 49 10 168 246 180 36 213 238 174 231
    0 25 53 245 12 207 104 36 159 225 229 117 171 217 170 50 111 133 66
    184 217 49 166 123 101 238 217 72 249 252 118 26 125 85 102 204 120
    128 123 202 195 43 63 79 205 229 186 247 155 18 119 102 130 16 56
    185 12 164 237 77 234 56 73 164 177 57 6 185 160 80 108 236 64 222
    52 170 186 230 6 175 110 77 82 30 58 150 244 74 67 137 83 201 86 198
    132 35 199 199 71 158 84 46 122 5 183 5 217 214 55 182 8 7 54 211
    174 148 127 80 158 187 29 111 191 244 168 96 133 189 0 204 68 114
    200 26 92 253 147 84 251 73 95 28 99 67 30 164 246 64 30 182 212 159
    253 187 29 161 125 210 28 193 165 66 134 49 41 38 172 117 110 157
    169 77 62 112 222 96 184 231 169 200 35 174 118 47 74 158 45 69 40
    134 59 42 229 7 34 178 229 252 176 16 226 130 206 217 213 25 124 148
    50 94 119 81 247 0 98 134 203 93 252 249 248 97 102 155 94 28 85 248
    229 30 31 63 114 180 84 227 118 233 90 184 53 25 82 252 238 50 197
    217 137 9 166 209 120 79 16 74 229 68 51 205 153 99 210 235 184 136
    95 20 175 179 144 135 173 73 246 20 226 134 37 77 236 114 146 188
    247 53 13 51 249 48 8 97 2 165 10 108 19 46 208 63 3 54 101 39 172
    190 117 30 49 196 221 107 99 56 33 215 59 8 17 113 85 150 251 255 58
    61 134 15 217 237 108 190 213 24 177 95 54 4 153 102 197 77 176 228
    31 220 238 123 105 1 217 71 19 190 10 67 79 201 69 58 205 107 7 151
    190 133 239 28 28 73 74 78 204 226 31 3 93 25 19 48 102 158 120 156
    218 9 176 187 46 72 17 157 70 158 233 218 173 226 222 64 69 71 57
    239 60 115 175 31 8 109 41 122 98 42 122 126 232 238 189 3 30 183
    140 158 205 173 82 192 94 164 163 115 203 124 150 10 44 138 59 106
    190 209 218 215 6 167 110 34 200 69 181 222 43 202 172 218 12 71 122
    157 113 243 65 96 66 168 60 61 226 209 5 143 114 133 100 168 138 89
    71 69 141 240 170 168 156 50 149 191 114 170 89 102 81 183 64 200
    242 176 154 209 112 198 54 192 243 209 178 209 146 212 94 37 58 235
    47 173 253 188 89 131 141 134 203 23 126 61 14 215 143 47 107 49 220
    51 80 110 42 45 64 102 75 4 72 8 9 169 21 70 112 230 117 118 146 166
    62 178 200 131 170 17 142 81 176 124 2 169 128 193 182 14 202 80 92
    130 3 246 211 106 136 122 145 21 33 43 33 105 35 184 2 153 251 227
    223 165 13 126 14 231 162 234 92 223 101 16 75 54 135 4 186 223 162
    139 227 198 11 180 180 233 164 247 65 186 181 4 85 125 68 52 77 251
    160 187 127 226 26 56 157 94 215 17 224 88 11 147 79 39 61 18 221
    124 159 31 210 25 151 205 165 141 59 96 46 160 18 69 231 144 79 63
    129 35 249 241 124 7 154 190 41 131 18 229 127 99 93 211 51 167 131
    193 34 15 81 211 145 49 10 255 6 220 42 95 110 240 141 55 208 3 225
    38 119 216 82 47 194 21 239 149 249 216 98 201 165 129 112 70 224
    126 108 197 72 3 188 40 205 245 198 154 55 26 199 57 28 92 138 146
    215 156 241 61 95 151 26 74 19 13 6 178 152 247 211 50 247 100 17
    208 85 100 204 44 232 40 120 157 228 105 12 155 6 180 62 99 219 196
    229 211 199 178 60 28 0 255 245 39 14 193 154 141 147 40 230 153 161
    105 44 242 198 117 113 46 175 40 139 103 210 173 69 148 235 114 7 88
    20 149 88 209 255 145 101 212 43 247 47 84 72 69 1 32 162 220 50 220
    35 108 54 160 207 141 22 168 56 251 5 83 37 240 41 68 104 10 31 35
    101 33 238 241 64 33 33 188 12 164 129 66 158 185 227 112 186 104 13
    120 204 148 68 67 43 107 215 216 186 232 171 15 253 101 195 95 181
    61 136 142 1 105 151 37 125 195 251 94 105 246 165 106 47 165 184 16
    166 207 19 165 106 82 36 22 10 71 116 129 188 79 242 70 220 131 25
    183 234 136 237 220 254 228 93 144 124 252 247 51 164 133 214 188 34
    191 208 75 164 48 142 96 69 81 62 228 41 131 121 57 248 220 227 24
    228 123 30 240 172 234 88 160 34 171 102 239 149 172 12 183 125 25
    14 198 2 240 172 63 221 216 30 30 86 60 52 207 176 244 190 145 87
    135 83 10 210 1 88 216 221 193 213 104 192 220 127 97 120 232 69 250
    185 126 181 163 117 47 81 239 85 117 17 99 220 91 11 191 226 27 45
    246 133 203 107 149 140 9 94 98 247 239 182 191 24 89 30 241 151 115
    116 14 246 2 58 61 215 163 247 235 58 231 80 209 55 202 172 114 10
    95 118 35 45 93 10 172 173 126 230 98 33 125 101 107 254 109 97 148
    170 110 254 2 148 48 117 254 194 90 176 153 235 25 123 112 246 201
    178 157 135 32 179 189 238 185 184 16 72 205 164 32 221 244 193 86
    175 195 79 223 87 178 252 149 253 44 204 152 221 136 20 169 147 112
    73 230 203 0 138 37 39 179 247 142 199 16 245 98 152 248 171 22 201
    102 56 49 197 244 102 213 48 146 227 106 228 217 44 119 230 146 173
    6 86 118 244 4 80 174 243 48 215 203 107 144 43 75 107 245 140 192
    227 199 163 94 204 210 71 220 135 56 77 61 97 137 181 200 69 221 136
    13 27 227 134 131 84 64 221 101 94 60 188 62 217 68 156 140 141 126
    247 82 15 172 168 56 48 211 69 161 252 61 39 253 1 115 232 13 175
    147 73 170 213 18 138 8 96 140 57 90 71 123 112 91 212 92 8 136 195
    55 17 29 59 95 35 240 206 105 234 194 232 133 162 198 168 76 61 13
    33 151 0 151 194 83 109 86 140 65 213 198 243 2 241 81 101 233 42 74
    209 241 63 21 133 52 94 209 105 177 83 117 41 163 190 30 117 91 104
    61 113 28 13 185 115 28 222 255 220 26 109 255 205 166 232 223 178
    187 187 83 108 253 217 88 165 67 75 20 248 160 221 185 151 33 158
    232 72 110 144 125 67 240 148 135 147 77 251 102 154 187 119 55 218
    212 252 54 46 88 160 179 125 199 1 127 66 241 41 132 104 30 87 44 60
    195 234 39 101 52 111 175 75 106 43 191 236 82 97 188 213 229 83 192
    123 70 64 147 130 55 138 214 36 43 166 252 49 160 19 111 88 189 197
    198 109 241 80 128 63 92 26 19 232 38 163 40 78 129 9 20 156 84 250
    254 114 205 81 202 170 192 244 127 18 156 24 132 21 216 211 1 45 28
    26 4 238 45 195 202 154 36 239 71 252 68 4 65 252 160 157 144 224
    249 121 152 113 229 193 42 125 148 248 41 106 144 91 145 102 214 53
    121 167 131 18 174 93 228 69 153 18 236 186 247 109 215 167 19 203
    252 234 56 137 215 244 9 24 35 211 12 216 78 97 19 91 83 226 22 97
    131 67 41 23 144 129 27 192 36 117 19 157 2 182 53 23 30 160 75 0
    177 162 195 207 192 35 103 71 161 156 147 66 238 249 50 120 29 73
    198 186 76 55 183 132 218 226 92 250 132 132 179 55 163 50 134 8 121
    182 243 206 26 9 33 125 211 191 228 223 153 19 98 75 184 248 44 195
    121 140 82 194 63 44 151 10 10 45 245 135 142 178 185 239 28 17 23
    50 131 191 223 30 192 227 156 245 8 140 100 110 147 93 57 86 218 61
    167 103 164 164 182 117 149 136 173 3 206 9 106 167 125 17 50 137 62
    51 211 192 195 115 93 102 213 70 100 67 17 4 254 146 8 144 7 179 161
    49 129 171 241 218 119 133 163 95 248 143 153 237 57 159 114 181 104
    219 123 183 183 193 59 127 42 193 53 186 59 46 132 196 179 205 33 8
    86 247 123 41 25 174 138 197 35 213 31 145 147 30 215 21 51 208 33
    134 0 169 144 10 232 145 19 116 120 44 135 204 193 215 145 229 2 168
    246 52 204 118 183 155 235 151 171 23 168 25 73 234 30 16 19 147 167
    14 141 8 187 9 229 211 133 118 5 111 246 104 65 67 185 3 88 124 6
    181 159 72 155 113 76 110 210 19 125 66 190 89 48 179 32 157 211 24
    105 184 170 38 0 245 229 185 158 135 57 161 6 51 216 175 37 247 254
    116 28 242 40 128 134 64 146 253 111 189 235 163 239 202 172 173 72
    80 0 179 30 96 49 71 70 251 15 69 139 88 15 204 128 203 4 157 127
    215 67 215 7 14 129 77 3 71 239 251 115 37 180 12 163 29 32 189 229
    218 37 14 186 12 226 158 28 154 62 255 132 44 1 213 154 161 66 146
    214 190 140 62 229 249 202 179 167 39 148 24 30 72 145 121 142 7 200
    213 49 13 145 150 42 45 34 128 94 206 36 152 104 63 161 130 230 5
    243 99 161 186 12 165 122 186 54 165 140 169 83 82 129 176 127 139
    186 54 211 139 165 78 118 83 137 29 59 189 241 104 97 142 200 107 50
    62 136 44 240 189 50 148 98 62 174 210 166 47 194 118 78 5 42 18 241
    228 12 71 236 88 246 163 170 210 252 114 215 55 45 106 47 184 198 23
    35 119 132 9 230 149 234 233 173 123 246 151 50 232 220 43 55 208 22
    76 108 68 123 123 250 96 163 62 40 117 38 38 243 211 100 46 54 244
    178 131 50 150 181 239 133 44 49 124 31 112 81 147 125 193 153 87
    137 68 115 38 134 76 171 254 222 254 139 251 123 207 158 182 122 147
    163 183 127 1 137 154 33 27 67 29 62 207 22 83 138 83 171 61 234 76
    136 57 23 189 116 206 53 145 34 62 218 96 192 167 187 245 222 52 95
    209 109 141 22 0 232 191 109 234 167 21 174 147 34 203 153 22 72 75
    35 216 48 94 32 116 27 243 23 141 49 12 52 50 231 17 185 4 79 14 253
    71 202 226 112 190 224 242 161 221 232 159 12 199 242 186 88 153 122
    103 86 128 8 38 30 169 120 15 78 220 96 23 143 125 45 53 227 211 49
    48 69 76 81 103 222 221 98 69 137 219 123 255 117 131 188 226 144
    160 189 107 22 185 206 105 193 29 139 88 166 66 10 243 204 125 227 2
    22 236 106 151 212 211 176 175 225 84 212 82 124 33 220 222 94 119
    98 131 128 114 64 126 179 228 179 135 158 217 242 8 127 121 30 101 1
    86 27 179 91 78 161 21 228 20 174 87 225 155 246 215 201 115 79 119
    25 161 196 106 219 120 212 134 80 85 119 188 167 124 22 132 115 184
    240 6 227 42 31 169 122 96 101 37 105 4 75 60 251 62 189 79 221 32
    252 46 17 211 68 210 185 179 14 107 251 76 129 28 243 210 103 159
    234 135 19 206 183 217 124 87 89 56 241 86 246 58 244 24 50 165 48
    147 212 144 73 191 58 54 201 126 173 45 153 5 220 0 43 197 180 227
    148 176 185 251 93 162 197 85 199 133 127 200 226 224 220 44 96 93
    163 53 82 219 158 107 157 209 54 64 84 113 51 203 173 234 198 86 209
    55 37 110 8 49 159 58 40 86 245 21 235 144 151 232 131 165 22 26 202
    139 173 75 230 249 216 65 100 145 26 20 222 217 185 246 213 19 164
    67 145 71 192 64 109 145 118 57 245 34 124 185 220 51 98 106 196 73
    230 184 56 39 235 181 218 15 111 165 194 197 134 48 69 77 232 62 55
    71 254 85 130 171 2 189 233 152 207 226 7 119 222 52 62 160 98 7 239
    214 88 32 179 49 145 18 150 60 79 162 235 160 113 70 42 29 229 144
    191 230 223 100 39 181 125 228 47 10 98 72 169 237 231 164 153 137
    191 156 21 14 66 230 229 8 50 241 236 232 8 173 118 142 100 16 100
    172 218 141 1 225 182 119 188 35 246 70 163 231 201 84 3 26 100 146
    1 196 237 14 130 67 74 74 63 241 121 58 224 31 154 31 23 123 45 231
    238 213 174 79 43 178 78 207 199 176 211 85 241 109 162 73 248 209
    101 138 167 177 156 251 135 109 32 115 71 149 214 185 102 53 57 50
    77 108 50 190 63 221 128 93 94 242 136 175 228 206 225 224 79 98 40
    144 21 211 27 211 196 46 173 215 169 217 204 148 247 7 233 33 125 31
    67 63 17 183 113 102 41 106 196 188 144 135 40 144 213 255 126 225
    100 82 27 197 60 193 52 69 36 6 177 135 92 103 66 104 154 180 201
    211 210 192 184 77 188 149 214 44 173 198 235 0 248 164 24 223 136
    252 174 24 128 146 77 96 65 218 30 232 206 167 253 10 224 148 150 66
    253 227 60 131 236 27 97 32 215 214 238 207 223 160 184 194 14 98
    240 105 41 81 148 135 188 32 0 191 235 59 103 52 209 162 64 24 228
    42 189 173 236 119 154 118 137 57 247 41 109 60 162 146 18 103 57 23
    229 117 185 118 232 133 182 77 216 2 35 198 36 180 251 133 110 239
    125 135 150 231 129 252 55 154 239 234 39 169 100 6 199 249 195 121
    227 207 107 209 44 232 139 102 169 97 40 170 159 24 96 103 150 179
    104 239 90 182 178 189 224 162 206 125 198 21 35 160 11 192 131 120
    28 101 104 46 47 64 239 165 110 78 188 129 140 118 170 97 251 80 195
    6 98 140 108 64 246 68 52 1 62 239 184 201 142 65 43 87 221 147 153
    151 130 186 24 32 196 223 23 58 215 112 211 144 133 16 36 178 146
    197 247 92 128 57 194 46 87 203 121 112 253 81 37 254 90 225 126 14
    115 176 179 61 163 222 156 200 100 21 44 110 205 37 36 64 52 189 80
    204 92 102 81 98 204 97 136 104 51 233 176 227 188 213 2 128 225 207
    211 174 17 147 43 90 207 204 74 178 42 151 129 42 111 193 191 86 29
    140 212 214 69 238 190 125 217 22 232 10 240 232 61 127 216 114 35
    199 142 127 87 123 145 139 204 92 124 212 64 2 74 98 53 237 143 209
    125 203 181 239 43 155 197 161 73 40 194 124 99 74 0 52 241 43 31
    212 170 18 242 209 241 48 53 230 74 154 230 222 116 44 31 106 252 46
    27 92 163 195 39 51 53 209 163 198 43 219 243 33 131 18 125 249 149
    6 53 180 13 209 55 116 167 46 249 216 189 64 146 138 215 188 169 209
    183 131 241 27 249 66 184 250 146 203 120 219 236 254 127 197 16 150
    124 103 125 242 90 102 244 32 113 84 108 24 119 235 166 56 143 53
    140 21 176 31 81 253 153 118 161 120 126 200 78 250 154 36 46 54 120
    72 149 26 119 90 237 14 224 192 81 4 147 202 97 78 97 7 134 39 108
    241 247 116 164 210 243 163 141 206 196 217 255 100 64 169 189 34
    128 57 141 188 19 21 241 66 37 171 21 39 23 30 13 31 38 189 181 30
    224 122 181 245 151 22 131 34 167 236 72 208 5 93 238 124 250 200
    125 149 223 96 78 154 50 228 93 198 200 98 218 60 186 70 79 164 63
    82 59 230 13 15 246 211 218 22 228 154 167 12 240 222 183 99 145 5
    187 105 118 27 215 171 238 15 151 94 81 152 68 63 94 9 62 79 150 213
    135 177 219 17 169 163 147 239 142 255 246 131 28 62 190 8 129 53 79
    210 104 112 2 4 192 106 25 79 140 198 105 52 189 26 18 189 8 149 98
    66 209 68 204 219 123 115 102 60 198 98 18 99 48 162 54 84 106 61
    189 52 73 43 228 92 82 78 194 111 57 207 34 146 39 11 230 206 95 108
    155 31 44 14 254 210 46 246 225 184 172 195 243 140 87 214 205 64
    122 16 6 178 34 70 121 201 167 215 219 163 65 96 116 8 243 112 169
    156 166 55 76 225 53 78 68 96 230 43 110 158 205 170 59 198 240 231
    118 11 55 194 161 194 137 226 19 71 154 185 213 171 221 170 242 126
    130 187 146 152 111 29 87 68 31 0 14 182 154 78 126 216 2 68 197 133
    16 101 111 1 207 91 23 3 246 231 191 72 126 150 188 118 1 135 30 241
    44 193 201 221 76 214 58 195 143 32 242 148 50 233 142 188 180 226
    128 5 15 153 217 239 13 0 184 188 31 55 254 10 142 30 225 12 195 25
    55 175 153 176 151 114 71 212 199 122 132 18 126 135 122 193 161 241
    37 107 141 78 42 6 97 226 161 238 174 221 183 160 66 220 34 103 194
    10 162 66 111 192 62 62 106 235 204 214 21 100 125 126 104 187 16 56
    208 84 97 2 124 215 39 81 225 63 182 189 189 50 228 226 130 153 3
    105 43 132 132 17 232 71 180 130 125 61 238 85 121 192 151 53 43 98
    119 176 55 190 45 20 230 11 1 61 82 184 207 154 150 7 187 103 110
    221 70 37 206 14 15 79 107 31 40 66 208 196 182 201 7 96 151 190 243
    117 96 41 130 106 0 19 23 32 82 53 136 65 180 23 61 234 142 182 101
    59 42 58 169 7 129 193 9 248 254 71 99 20 189 231 192 232 114 94 111
    228 119 72 162 141 237 76 42 69 49 240 17 31 155 111 183 253 44 95
    153 150 34 66 168 51 137 153 141 222 207 196 182 38 197 4 1 0 80 3
    232 142 255 13 9 159 141 78 25 187 210 190 72 159 233 129 191 117
    124 23 133 243 96 140 250 84 119 214 215 173 44 40 15 164 218 184
    136 112 162 212 144 145 150 68 225 98 206 8 101 184 46 184 238 96
    135 132 174 176 242 164 73 39 36 215 140 182 133 101 168 144 229 9
    151 74 179 229 91 38 155 251 204 64 8 75 166 5 146 165 81 253 127
    108 160 172 115 43 32 121 221 82 194 236 128 219 122 87 177 242 197
    215 162 155 249 128 160 234 10 159 88 200 154 169 242 207 103 163 62
    166 126 200 162 127 243 102 28 248 40 75 126 230 69 90 112 7 194 160
    202 171 142 252 9 153 155 156 151 52 98 160 8 246 50 15 122 141 161
    52 136 214 200 151 124 130 80 87 209 49 79 91 42 98 118 64 183 103
    119 125 81 119 81 32 144 185 236 18 196 219 200 146 255 100 107 112
    19 124 88 93 129 17 33 59 32 103 83 186 56 20 90 34 179 96 205 27 10
    197 199 215 93 104 108 247 39 255 185 46 7 85 119 67 78 200 147 170
    226 75 218 236 59 195 230 237 43 144 182 161 163 183 41 244 133 27
    147 97 210 96 227 61 209 169 159 251 219 13 91 17 180 53 208 104 148
    54 7 69 152 5 115 176 74 20 0 67 225 134 42 255 98 242 41 212 172
    190 237 15 239 33 23 234 184 2 74 8 81 162 57 192 56 106 254 61 251
    59 51 237 76 57 21 59 115 254 180 35 21 154 16 163 172 81 7 48 40 42
    83 12 17 25 248 242 188 43 133 30 174 234 253 127 191 5 23 160 207
    194 61 22 65 154 238 212 16 128 137 154 39 15 81 8 54 36 123 196 244
    225 42 141 237 32 162 210 81 111 72 40 115 227 16 63 190 128 251 134
    81 123 134 132 255 52 197 130 202 198 118 242 90 78 9 130 32 247 238
    16 193 61 224 97 77 189 142 197 225 163 164 119 187 155 192 99 222
    132 201 80 135 84 158 111 138 167 255 144 42 112 120 43 245 48 6 29
    176 24 159 21 14 54 56 14 251 0 131 61 129 20 14 132 6 212 223 217
    166 240 68 143 65 96 226 29 16 40 254 232 36 116 86 220 230 92 22 97
    4 226 16 243 55 20 50 227 74 153 3 107 178 95 242 215 189 142 13 143
    71 239 165 222 187 91 53 19 20 199 123 245 53 245 94 229 91 196 160
    76 53 165 8 131 128 170 147 192 221 250 68 21 166 255 214 16 183 69
    189 155 59 241 183 199 171 40 4 12 232 92 164 127 34 90 24 53 41 128
    243 23 116 153 166 143 224 172 159 68 251 86 132 132 31 36 31 45 79
    106 81 58 51 11 125 160 147 120 81 2 116 110 157 72 73 172 168 72
    176 115 152 117 101 249 118 203 7 155 251 158 222 101 206 54 72 240
    65 177 126 191 92 131 127 249 146 219 29 60 221 87 243 79 243 180 42
    44 109 147 249 122 38 56 106 92 76 29 119 200 65 81 77 20 202 86 213
    106 125 111 75 204 202 209 107 22 127 249 40 169 103 220 20 248 63 5
    111 107 22 52 112 100 212 177 30 218 53 127 137 232 71 53 31 187 206
    80 202 38 188 98 77 233 107 40 22 156 33 177 16 39 73 203 161 33 171
    3 200 198 112 86 237 204 13 172 5 80 239 104 173 7 94 213 196 4 249
    147 199 231 181 239 235 226 51 23 56 81 16 97 195 214 83 109 221 163
    112 209 156 39 44 147 149 218 135 125 255 95 56 34 182 13 207 68 56
    1 93 147 11 83 156 136 130 21 212 112 217 96 17 44 40 24 242 235 181
    40 96 179 84 137 215 114 199 106 36 176 72 93 13 117 92 97 31 29 137
    79 6 205 168 178 245 217 123 211 216 5 171 208 225 26 45 199 68 104
    224 152 218 97 247 10 229 95 102 241 220 171 18 129 19 189 107 152
    195 199 42 11 68 83 183 159 6 194 236 138 205 10 163 38 251 116 182
    86 87 38 154 9 44 94 88 8 131 103 2 86 82 96 116 179 88 25 97 123
    208 49 69 137 78 255 203 88 112 40 2 69 66 128 100 81 251 181 175
    206 70 176 239 69 59 90 47 102 29 219 20 238 186 242 198 196 197 144
    72 114 237 74 30 190 147 44 78 155 85 2 212 100 211 37 180 110 175
    108 93 22 164 217 24 179 86 247 46 32 154 86 82 71 162 103 208 63 20
    31 63 204 38 164 73 167 36 212 196 254 68 248 206 200 43 193 225 209
    207 101 212 116 249 177 34 21 211 238 191 179 94 197 70 129 206 128
    135 187 173 67 41 122 111 63 53 176 80 160 99 20 218 105 114 241 57
    0 211 253 85 172 125 179 169 219 155 83 235 31 174 254 173 208 13 29
    15 204 199 99 98 89 149 5 72 166 70 73 81 103 50 224 251 241 233 107
    8 220 228 61 14 11 165 58 248 224 47 162 179 25 197 175 117 196 246
    110 249 97 218 30 180 166 76 104 159 81 173 59 235 193 154 222 253
    33 189 37 242 52 168 234 134 56 50 211 179 20 89 72 209 249 85 147
    33 203 142 57 117 119 32 252 194 126 18 93 213 218 249 223 173 225
    14 236 227 56 159 244 122 223 253 237 178 185 147 149 255 244 43 2
    20 84 67 249 199 35 44 217 57 76 63 21 197 141 146 27 86 77 162 144
    110 20 38 221 28 97 182 128 208 68 5 107 225 172 209 35 39 94 50 103
    117 192 181 152 25 28 100 89 58 166 3 235 180 9 98 6 226 182 198 208
    211 24 75 248 20 196 233 11 95 159 167 111 205 95 28 123 216 12 225
    95 219 0 76 167 121 123 43 168 251 170 116 159 46 130 134 55 214 96
    139 99 14 152 102 36 43 6 201 116 80 69 30 157 192 77 236 215 225
    131 232 139 204 139 214 159 19 62 81 197 206 48 218 105 131 33 111
    213 11 141 47 222 208 68 20 62 108 52 12 138 227 209 134 223 15 253
    41 243 145 163 243 99 57 89 65 196 79 77 2 126 135 120 189 28 124 88
    109 80 90 19 224 111 66 103 96 71 192 84 109 215 222 159 130 210 5
    90 118 245 167 29 205 38 210 43 155 216 107 60 80 214 157 177 224
    190 82 114 236 246 104 28 185 96 135 134 65 10 197 188 153 254 28
    147 110 188 75 140 253 105 142 66 87 22 220 97 223 245 47 247 95 72
    187 28 85 59 98 83 163 187 143 76 71 44 38 249 137 98 84 118 7 128
    184 42 71 193 47 193 187 81 130 133 8 155 13 157 54 116 235 205 103
    125 185 154 54 208 197 50 26 5 147 158 11 117 89 175 230 57 229 110
    246 238 215 123 225 36 236 225 85 77 243 168 144 152 104 235 199 45
    91 84 98 92 132 126 64 185 208 30 132 137 58 253 231 63 213 92 157
    60 115 143 111 167 153 135 233 158 44 255 147 189 7 144 99 169 60
    165 37 16 232 12 101 158 165 176 176 64 24 210 106 197 146 172 14 56
    229 144 173 132 108 80 135 4 161 230 159 108 64 122 114 210 75 83
    213 252 242 67 19 83 117 128 194 207 70 127 160 154 107 232 46 7 204
    57 253 219 114 94 105 101 222 142 5 57 85 158 112 251 38 143 215 229
    219 164 244 84 51 221 21 134 197 101 84 219 60 138 40 154 142 171
    126 172 20 15 186 22 226 190 74 148 4 186 100 178 214 240 167 34 94
    234 89 142 184 199 226 51 110 79 106 170 168 46 65 19 154 249 47 214
    180 55 248 154 128 75 60 240 0 72 84 222 235 180 24 232 175 164 91
    164 249 130 102 204 103 226 79 179 53 152 59 43 110 58 29 55 36 66
    187 143 134 119 50 100 255 123 140 51 239 39 91 68 249 215 206 121
    74 246 41 96 36 199 54 190 135 41 67 220 66 254 91 76 141 14 193 230
    0 31 234 34 225 94 230 103 242 42 235 152 65 41 26 81 45 110 66 252
    137 33 236 142 6 27 135 211 32 132 204 131 131 203 20 142 111 94 143
    20 147 240 54 142 118 57 75 125 52 80 27 250 174 35 97 235 249 17
    242 12 67 97 239 166 156 107 1 252 206 195 240 161 35 22 50 35 245
    188 42 182 245 92 42 159 157 226 139 130 48 4 21 169 86 144 216 193
    0 31 103 203 29 1 254 47 60 133 187 61 128 91 39 6 26 5 73 54 185
    231 48 211 35 198 176 156 150 241 239 242 237 125 168 163 84 43 47
    14 14 237 248 115 158 225 152 191 241 198 144 161 186 131 177 115 32
    85 82 98 78 80 51 17 208 103 153 54 52 118 1 146 121 219 130 240 20
    239 88 200 165 100 20 87 115 128 154 168 179 206 115 174 173 183 1
    131 253 117 215 60 237 140 88 83 31 243 71 1 197 231 71 13 108 65 41
    54 148 68 94 216 67 74 37 93 245 180 122 15 186 0 100 73 193 169 248
    246 62 81 6 213 156 49 106 193 196 33 76 195 173 225 210 252 194 211
    119 76 233 47 123 85 81 254 212 198 246 194 126 131 81 81 178 51 26
    220 219 244 172 50 60 35 199 28 184 173 79 31 118 251 122 37 159 101
    115 86 148 224 71 47 18 52 233 156 62 85 134 190 245 18 161 6 235
    203 171 71 192 134 212 25 13 176 41 161 87 47 245 110 142 200 147
    177 172 190 223 108 19 25 1 0 164 9 254 105 248 220 3 161 140 225
    106 208 198 143 253 54 43 85 86 48 163 53 55 25 210 187 226 159 129
    70 159 174 164 224 70 87 118 187 85 163 112 58 132 79 68 23 183 189
    146 253 253 29 178 181 225 243 181 105 248 19 252 42 159 32 28 186
    56 155 134 94 182 12 138 230 44 175 194 48 50 173 187 204 109 198
    229 209 110 104 17 66 70 47 173 94 191 35 87 94 129 121 10 146 156
    104 160 251 224 184 186 72 234 139 235 127 84 218 107 123 71 223 92
    30 146 56 33 76 155 40 140 75 124 143 37 151 230 10 187 38 180 46
    177 233 154 56 214 169 69 70 197 122 244 1 142 221 166 241 102 228 9
    16 43 218 37 99 149 180 251 234 215 228 122 173 48 27 19 202 236 161
    76 33 112 34 165 44 251 35 159 180 19 128 49 199 163 61 74 136 175
    183 2 221 139 132 94 239 139 73 121 3 179 117 129 179 110 45 254 117
    159 44 163 83 108 174 45 212 245 92 235 209 222 42 48 62 220 130 167
    118 9 64 152 250 63 163 252 151 233 71 130 202 56 74 159 72 66 232
    20 184 198 227 76 165 24 77 82 193 119 181 58 58 97 180 56 166 143
    217 78 0 151 227 151 52 47 191 103 21 10 207 141 188 105 194 210 236
    131 67 25 8 241 27 252 128 43 197 208 232 176 127 16 127 84 241 25
    38 51 91 58 196 231 217 11 58 166 246 220 255 243 174 39 45 204 55
    31 138 176 177 201 254 11 114 216 179 197 47 86 106 5 67 184 195 210
    95 118 164 49 235 38 246 127 136 3 163 156 24 224 73 67 19 189 88 48
    12 246 130 101 45 48 26 248 157 73 42 167 59 100 88 8 179 22 214 246
    18 206 72 117 223 134 83 210 162 19 8 47 233 104 187 134 78 172 214
    115 236 206 221 4 201 254 23 244 198 195 166 64 229 230 166 238 167
    35 192 147 79 240 15 191 44 137 48 219 91 31 12 112 47 181 139 196
    139 189 190 63 95 42 141 76 239 244 23 72 189 179 180 45 115 43 253
    67 196 138 80 213 90 79 249 194 74 191 109 141 140 226 138 119 129
    83 162 74 239 74 77 169 13 22 48 194 158 175 199 215 126 160 231 170
    172 222 93 160 81 235 213 162 5 41 205 18 205 22 3 161 130 146 158
    194 55 219 250 134 101 163 213 63 68 225 71 173 55 221 142 30 26 115
    178 209 76 132 131 212 131 90 89 35 221 56 207 235 251 255 191 145
    29 51 238 252 192 76 139 56 125 161 164 236 100 152 121 245 105 180
    196 226 159 58 85 249 31 124 7 4 112 35 180 146 5 242 53 161 156 56
    49 30 50 183 136 225 150 166 196 80 58 205 184 93 74 243 45 32 113
    90 249 240 219 182 186 176 194 15 148 45 11 71 255 133 196 191 89 68
    36 196 214 243 181 115 97 251 68 242 140 63 252 104 178 111 208 212
    53 143 242 61 231 180 68 157 106 183 143 63 36 168 34 123 12 116 223
    180 133 60 247 32 149 13 48 82 12 211 195 154 63 201 234 165 250 63
    148 107 177 181 242 23 255 204 159 98 248 172 126 56 194 227 129 98
    44 160 173 71 111 126 19 92 246 207 122 13 131 240 11 220 4 94 201
    91 56 69 151 77 85 41 119 41 159 61 204 130 158 153 37 114 187 88
    152 92 137 120 249 244 159 51 221 198 37 214 73 249 211 51 165 150
    79 224 40 224 58 167 221 221 88 16 249 146 210 84 218 43 49 50 136 3
    200 70 80 203 81 236 38 43 37 170 255 33 167 88 188 19 108 35 181 85
    22 127 125 208 232 43 147 150 184 161 255 35 50 84 210 225 116 46
    253 115 56 88 98 26 95 23 55 118 149 116 39 206 192 208 237 202 231
    171 45 12 73 173 228 253 85 66 184 194 176 219 248 125 208 91 208
    117 237 75 253 191 14 163 211 45 182 179 241 12 226 197 42 176 105
    123 93 27 123 123 12 250 243 185 11 62 236 61 165 18 64 104 165 186
    93 132 155 251 137 150 36 88 49 209 88 79 218 99 230 186 185 228 52
    117 246 241 72 63 140 216 157 251 77 239 186 6 250 86 202 253 50 214
    150 199 48 143 34 61 183 178 20 63 5 94 61 246 210 70 40 146 166 101
    108 21 141 95 32 35 242 146 176 20 147 98 87 211 141 224 197 202 68
    72 53 25 86 5 101 4 60 83 158 245 18 104 102 114 82 56 219 12 124
    113 117 2 84 240 116 157 18 65 144 230 54 198 234 214 216 117 177 38
    97 201 17 52 152 223 246 149 139 163 2 205 206 110 250 127 113 79 33
    116 230 24 239 235 17 241 46 15 231 8 8 111 252 233 83 121 102 222
    114 81 63 119 63 155 176 119 20 75 19 169 241 99 198 94 78 168 169
    32 91 101 208 57 253 151 103 18 185 249 37 127 20 54 110 101 60 30
    112 191 24 68 50 201 225 244 215 7 247 22 156 208 14 145 94 121 233
    241 134 92 218 55 219 130 223 31 137 43 100 64 116 25 95 206 68 214
    139 184 142 228 45 172 237 0 21 251 147 199 119 103 242 40 131 213
    76 215 216 247 131 186 122 244 239 96 128 193 206 163 100 132 104 87
    157 178 188 232 236 149 215 113 186 140 42 56 154 118 64 230 139 80
    191 130 68 92 27 113 89 156 69 19 90 9 196 203 144 96 28 85 194 210
    123 85 9 210 157 89 17 206 127 67 165 179 196 148 163 89 55 48 92
    237 51 209 180 104 55 249 175 205 209 24 82 24 121 50 178 13 98 81
    215 45 224 24 72 19 80 137 3 238 108 235 159 7 49 82 172 154 73 248
    247 103 184 41 168 92 246 191 205 143 65 123 169 22 197 224 186 69
    147 194 173 60 116 192 211 30 67 187 21 15 24 254 165 25 136 254 71
    8 61 177 149 166 225 78 110 35 198 90 185 13 1 192 109 128 230 216
    23 187 174 137 243 52 43 24 1 103 122 156 81 64 76 219 155 40 134
    241 247 177 190 75 113 61 68 178 13 151 175 58 202 44 87 163 35 128
    88 6 103 111 4 136 100 125 193 63 138 139 142 144 37 12 81 10 161
    170 37 32 254 254 20 210 236 162 28 67 175 252 235 53 174 231 20 86
    133 77 133 58 21 7 100 21 93 6 144 211 98 105 183 179 72 236 48 159
    145 64 71 183 48 104 206 172 221 9 229 103 55 152 184 206 67 210 91
    152 122 34 217 228 255 51 149 40 85 168 155 250 28 9 115 232 108 7
    237 225 72 13 30 210 180 94 122 206 25 179 75 167 243 85 152 226 88
    22 56 244 218 149 56 214 114 246 161 61 109 146 107 240 180 8 107
    218 93 176 251 89 232 159 185 43 171 17 113 239 47 120 187 63 105
    177 142 0 83 237 210 210 112 189 251 157 192 63 24 113 23 187 12 21
    97 178 45 127 79 6 13 150 86 142 183 118 186 150 226 135 65 8 9 170
    227 156 79 166 222 195 135 113 151 206 244 212 250 24 181 138 136
    138 195 151 189 201 47 234 107 250 143 241 249 112 228 72 53 255 34
    32 239 208 201 54 157 114 169 65 102 68 181 153 30 135 78 255 129
    138 193 60 8 150 113 61 160 125 87 58 81 8 245 66 247 217 75 28 233
    252 247 156 222 120 69 25 111 173 77 65 77 66 237 229 102 201 46 228
    141 22 199 64 104 59 120 135 247 113 20 103 50 253 5 198 68 142 105
    48 6 176 230 88 195 112 129 255 77 78 220 7 243 126 154 85 155 76
    141 196 44 204 76 167 190 138 98 217 214 183 126 112 30 58 130 198
    248 123 8 232 213 14 205 218 69 159 43 184 45 187 115 238 9 147 146
    108 105 97 8 187 158 73 31 166 245 103 241 121 219 63 4 173 217 61 1
    188 81 74 37 235 30 251 112 19 81 194 238 51 195 45 66 185 181 90
    161 49 92 133 146 180 96 99 16 217 219 168 204 244 213 232 173 61
    249 87 163 59 242 121 125 153 242 90 114 49 217 178 8 142 218 237
    218 84 221 48 234 60 194 120 183 98 29 178 173 177 117 90 135 105
    154 10 92 190 200 56 237 57 97 220 9 114 150 69 167 176 229 131 241
    116 221 126 25 240 21 88 216 254 225 181 130 140 244 204 240 186 65
    200 247 196 171 133 101 121 219 40 190 76 255 177 215 52 7 201 110
    154 59 153 8 84 15 93 222 14 168 146 218 82 48 203 3 169 202 193 225
    226 12 54 94 47 137 161 139 17 57 73 146 85 221 131 18 56 172 132 21
    56 182 132 217 255 160 76 254 75 83 240 10 35 117 167 123 111 162 15
    93 220 28 167 167 205 100 18 193 243 157 185 176 93 196 91 177 178
    53 200 128 97 191 96 199 230 211 138 193 83 80 79 246 143 165 68 51
    54 151 191 193 57 252 246 96 209 120 24 83 205 209 35 71 56 193 143
    43 197 132 26 93 27 107 26 147 56 94 97 212 91 90 171 241 244 161
    250 230 186 133 209 23 51 37 168 237 81 12 154 245 133 138 44 145 14
    228 51 194 221 106 113 227 118 254 118 223 9 195 165 138 153 180 207
    20 90 34 14 83 163 131 42 110 65 111 56 92 37 242 13 49 202 69 184
    23 225 127 119 60 236 100 126 26 231 241 173 154 37 201 225 184 111
    249 180 119 73 45 33 71 87 245 218 236 243 250 208 218 174 137 177
    108 253 75 48 45 1 182 239 165 5 121 208 28 179 247 21 0 175 253 163
    248 59 227 168 23 156 31 26 65 241 7 148 163 166 239 74 78 228 118
    20 114 204 203 206 204 80 236 183 46 174 54 221 97 16 43 233 144 229
    102 153 76 27 87 169 7 31 107 57 171 59 30 186 80 115 4 133 95 208
    239 127 250 31 81 141 35 237 30 111 251 96 144 25 34 84 171 70 179
    161 98 193 255 2 247 41 178 41 23 170 225 37 135 117 175 11 61 202
    66 40 240 91 41 79 78 19 70 93 234 149 41 91 44 84 162 147 115 41 31
    58 25 231 181 124 73 70 253 134 189 18 249 180 6 155 99 155 178 121
    207 60 195 142 167 149 24 9 182 233 94 3 168 148 178 178 161 142 19
    99 97 20 212 45 27 201 28 42 184 24 251 152 98 111 124 146 192 96
    102 197 178 216 182 170 62 91 43 228 99 241 199 215 51 54 200 236
    133 246 147 60 148 165 116 254 114 10 193 102 1 128 98 163 107 214
    60 85 162 161 16 230 254 0 174 116 154 87 201 6 241 110 201 80 116
    67 169 217 212 162 149 61 125 54 14 139 70 173 27 170 208 9 41 84
    155 192 138 183 56 15 169 179 237 28 65 22 29 11 70 113 202 60 192
    108 183 100 146 170 107 220 40 193 195 10 147 228 238 61 52 20 87
    128 54 169 17 69 195 160 222 247 155 230 212 129 121 254 0 64 192 32
    32 56 7 87 60 235 158 32 41 239 85 19 55 58 145 175 118 148 120 179
    170 151 105 39 146 234 165 16 221 172 87 32 37 18 206 221 254 245
    136 201 5 99 19 71 45 98 182 63 244 157 22 11 44 253 203 170 151 143
    116 135 111 232 221 161 135 118 57 98 173 227 68 159 219 102 85 104
    125 28 51 27 72 4 243 83 131 66 62 42 140 119 204 81 145 149 162 120
    112 63 50 44 243 41 10 186 105 59 71 24 55 214 0 138 160 167 243 205
    93 103 138 11 169 9 251 72 67 171 82 18 253 220 183 3 58 24 172 203
    8 106 248 171 237 97 46 102 164 181 196 69 56 192 95 194 141 0 131
    112 123 111 132 133 27 176 168 114 76 173 207 182 113 247 4 41 33
    209 247 147 23 230 115 52 185 151 167 85 241 187 156 233 198 26 44
    200 192 75 87 41 188 127 16 198 52 127 101 213 117 26 5 4 86 113 40
    203 205 159 120 203 89 0 247 72 176 170 254 113 58 20 6 184 100 39
    224 34 49 170 12 80 187 97 48 130 67 57 84 78 145 64 43 31 43 149 76
    153 238 18 124 22 245 236 100 169 36 196 172 99 84 76 185 125 95 131
    21 27 229 129 240 54 252 45 63 17 31 216 138 193 250 231 90 137 45
    43 119 135 255 41 159 29 134 61 147 150 140 191 62 227 142 139 254
    121 119 107 56 248 174 3 89 180 209 140 108 224 104 54 4 141 4 18
    109 32 117 63 245 73 105 106 91 208 138 168 71 173 148 25 252 110
    186 142 49 39 6 53 135 109 220 26 69 147 155 58 112 160 14 164 0 206
    2 69 126 214 220 24 224 232 128 123 129 208 83 20 36 126 106 244 226
    19 131 185 202 219 112 177 46 158 2 14 36 60 169 184 181 70 80 99
    107 109 23 94 219 2 222 177 184 203 233 4 103 58 173 169 208 209 118
    202 249 117 129 162 141 35 74 110 134 145 237 239 150 162 123 73 31
    233 71 234 146 15 217 163 223 189 157 127 154 128 90 93 37 253 234
    246 106 252 180 3 187 162 53 224 206 235 163 183 161 89 181 1 29 8
    114 235 64 163 98 100 130 228 12 34 87 156 53 222 28 172 251 75 181
    129 194 157 34 175 251 238 225 122 232 76 216 205 183 5 114 212 132
    128 79 220 241 32 77 168 182 13 179 207 29 79 74 174 213 48 11 229
    173 107 192 75 110 169 214 84 69 82 111 223 122 219 105 48 77 235
    179 223 104 129 235 255 212 245 195 131 156 25 16 197 113 202 178
    217 108 255 44 174 142 217 55 131 114 33 41 124 184 252 214 235 190
    157 207 67 100 77 145 182 12 157 248 127 212 189 111 27 29 238 10
    220 36 143 64 158 229 149 29 21 186 35 240 152 237 54 114 230 33 77
    85 220 194 122 191 106 136 2 91 51 168 158 132 250 71 12 174 15 7
    113 243 171 17 157 37 132 151 30 35 123 112 191 129 179 74 77 18 68
    185 198 226 31 241 227 62 83 18 176 213 65 52 96 151 74 168 45 193
    192 222 221 224 128 3 99 34 99 64 199 88 238 59 100 103 13 99 192
    114 59 153 71 62 0 151 217 107 40 174 73 193 29 196 167 15 194 28
    247 147 232 139 178 106 250 53 168 244 132 44 111 123 126 81 74 146
    41 44 31 10 111 204 62 151 180 157 164 18 11 14 97 37 238 227 1 45
    63 56 9 73 37 137 66 118 117 174 144 56 142 204 150 226 10 18 203 72
    83 195 24 92 219 121 132 236 127 62 128 246 28 116 201 135 144 162
    178 215 55 209 244 134 10 231 43 136 135 121 100 90 148 51 49 151 53
    247 241 87 163 64 181 194 107 189 120 216 186 147 28 40 58 68 239
    250 237 181 230 117 80 174 6 36 194 112 176 213 6 210 44 103 143 92
    170 171 254 225 176 73 237 152 71 156 58 58 184 76 126 194 136 89 89
    202 245 153 47 250 147 107 233 45 101 28 129 227 93 169 102 210 237
    252 1 142 254 20 62 243 95 34 194 70 110 115 33 64 191 162 161 173
    83 129 113 157 218 185 62 239 164 129 165 31 114 125 245 236 4 40
    216 158 196 153 175 106 18 137 151 100 39 216 207 26 133 59 218 199
    29 191 69 203 208 147 145 203 18 28 39 229 122 125 55 49 61 181 237
    80 163 156 28 248 191 120 72 132 59 187 32 225 74 23 123 47 108 250
    85 186 113 140 210 245 65 157 9 195 130 29 144 239 61 8 42 7 30 215
    37 144 69 127 255 74 43 1 246 113 221 193 94 208 100 146 145 4 165
    199 247 41 219 194 235 115 44 187 39 248 89 108 44 47 149 149 45 216
    247 45 10 104 104 0 151 105 89 219 137 195 225 105 129 140 219 28
    253 76 85 250 48 174 89 234 75 252 109 38 105 195 146 170 114 77 104
    95 221 133 124 52 61 92 137 154 3 210 241 37 16 178 65 44 68 205 40
    153 113 234 159 61 30 160 54 28 167 37 53 45 255 244 23 121 1 221 69
    125 31 54 222 185 247 204 183 4 172 208 119 176 86 228 71 57 68 241
    101 54 182 140 144 3 248 26 154 47 244 223 239 90 255 46 47 252 32
    88 244 9 244 247 11 134 227 55 14 76 224 192 4 163 208 195 166 245
    53 14 130 100 215 109 212 253 13 80 38 194 100 203 203 167 255 205
    126 7 17 162 21 177 84 154 248 169 29 81 201 205 147 77 49 151 122
    219 167 63 139 243 17 44 252 163 209 126 62 41 91 172 239 19 191 173
    103 49 32 197 147 227 49 191 201 187 73 235 143 188 94 92 173 90 249
    17 122 23 244 99 237 27 17 85 189 244 183 200 142 73 213 159 143 177
    92 38 43 111 120 45 88 68 122 130 92 161 244 158 94 162 31 36 176 9
    77 68 238 7 25 123 16 228 216 66 23 211 249 147 18 206 223 223 236
    170 91 1 138 47 218 9 15 93 47 39 37 62 21 81 105 82 247 170 230 122
    255 160 211 171 229 202 117 171 119 11 11 173 134 8 107 200 1 179 65
    201 44 177 98 12 41 106 92 163 81 173 195 2 243 17 4 133 158 235 148
    154 5 47 206 45 231 79 94 134 9 137 217 86 243 119 1 120 97 230 118
    130 199 165 250 49 176 235 98 244 125 117 201 125 24 69 13 193 255
    73 31 103 217 40 204 25 194 91 44 159 95 198 249 252 24 223 51 237
    114 154 133 111 28 26 5 94 189 227 84 158 78 53 18 130 208 175 14
    103 145 38 226 246 119 83 94 115 45 126 167 189 118 70 73 67 111 154
    15 86 169 154 229 47 88 210 210 196 76 137 174 105 196 184 122 200
    128 67 246 8 193 169 161 244 0 14 38 218 223 186 31 156 9 107 237 54
    152 14 71 156 78 243 22 162 33 51 186 60 89 32 89 139 83 25 200 81
    108 238 41 190 162 44 185 64 48 25 196 199 185 245 249 148 43 147 8
    238 223 105 75 13 123 158 151 171 18 27 95 139 237 98 2 249 206 40
    211 29 206 57 49 95 21 222 228 167 194 13 77 108 255 216 225 252 38
    141 131 15 29 157 76 252 63 162 238 76 32 100 58 52 235 130 122 141
    192 125 228 249 53 224 255 154 204 122 17 121 27 242 173 235 39 207
    119 171 12 10 238 174 248 141 105 162 173 93 176 3 26 8 47 156 152
    35 242 123 200 103 21 21 214 168 97 220 82 79 55 81 14 252 184 90
    108 243 230 250 4 241 181 252 223 209 153 94 189 67 27 209 38 44 130
    213 182 155 72 38 132 111 226 3 175 56 148 46 24 54 139 162 88 132
    110 236 251 78 198 104 174 193 84 69 166 232 161 27 203 142 96 5 216
    197 190 115 156 33 85 65 123 28 244 78 151 83 44 230 27 177 199 72
    253 74 35 174 193 61 55 70 61 91 102 238 247 13 98 181 116 64 50 160
    93 71 83 157 106 25 21 157 162 157 76 213 233 35 37 73 47 139 132
    149 16 180 127 40 236 164 140 88 192 114 159 54 35 232 184 94 231
    151 147 114 14 217 53 19 90 62 152 252 120 41 214 88 71 14 225 179 5
    123 238 176 0 77 141 239 80 216 222 158 43 150 87 6 138 182 34 85
    224 234 14 98 16 130 24 185 196 255 71 150 75 92 114 59 144 145 88
    124 45 225 213 167 172 201 22 191 108 37 246 42 32 158 247 108 179
    164 91 23 69 132 253 179 214 105 175 141 132 13 252 104 171 150 243
    79 107 47 171 116 4 1 227 98 91 79 97 55 169 175 198 218 217 50 252
    137 46 141 17 123 129 201 104 108 189 59 27 200 81 199 205 141 39 10
    25 101 29 240 2 115 62 226 36 50 64 35 184 101 38 70 51 12 77 1 31
    196 77 133 126 156 197 148 159 46 131 79 0 149 140 231 53 151 55 97
    151 236 57 186 172 143 48 140 55 90 95 241 132 140 23 81 102 172 206
    164 71 18 123 232 103 49 42 148 245 140 138 236 34 208 228 105 125
    17 44 173 202 231 238 154 172 189 155 211 255 185 0 98 230 37 233
    182 67 101 102 209 120 4 5 76 255 159 131 13 240 139 124 31 254 34
    38 98 81 11 16 96 107 3 29 149 65 215 240 231 173 146 62 180 73 96
    168 206 19 61 144 72 104 4 84 213 204 22 242 238 113 254 87 255 132
    83 90 254 22 199 235 66 102 196 67 16 196 24 152 61 227 112 134 65
    30 202 127 120 247 245 19 45 132 194 136 191 201 36 195 72 11 20 12
    206 61 25 125 149 124 75 119 77 234 26 84 109 152 74 102 102 1 23 30
    76 225 190 17 226 159 38 178 236 243 41 63 136 82 205 4 96 25 168
    227 22 54 169 41 226 213 179 140 252 253 192 197 187 109 55 133 90
    135 98 140 255 197 133 150 164 142 174 230 94 219 77 16 15 36 180
    170 145 171 123 204 247 141 101 38 102 128 241 195 92 89 108 154 55
    138 112 202 31 222 32 79 31 208 30 67 24 141 12 22 27 67 12 241 91
    174 116 233 213 144 32 56 67 222 21 168 167 9 185 214 63 195 13 189
    107 105 196 153 218 163 25 71 119 13 32 201 50 253 176 29 178 19 43
    29 72 106 229 49 199 242 16 175 126 10 232 27 3 231 228 33 47 226 19
    181 18 39 174 21 196 149 239 238 192 185 136 204 251 195 31 123 135
    209 35 65 149 166 11 53 209 244 181 41 238 206 167 233 96 184 152
    170 231 190 120 251 56 250 209 236 32 171 154 59 242 28 190 38 91 79
    249 209 94 14 100 114 34 108 54 142 32 160 60 149 106 144 18 56 235
    80 96 41 88 232 66 165 137 168 62 234 213 76 152 51 162 18 59 13 52
    177 105 20 189 136 72 180 244 223 4 234 151 3 171 50 151 51 41 42 17
    160 218 191 23 46 130 15 253 253 156 76 146 182 167 92 7 166 96 34
    66 155 141 181 128 186 38 33 126 235 48 219 243 166 34 159 118 40 69
    240 111 47 180 0 130 68 177 210 165 173 23 149 242 124 254 90 46 82
    100 184 171 16 66 33 81 159 234 77 112 200 245 147 152 185 59 243
    214 196 253 20 244 135 144 161 202 180 159 29 171 50 137 181 149 40
    195 98 230 16 6 89 137 30 37 43 168 23 77 156 248 136 87 167 11 164
    252 239 102 229 73 188 235 146 107 27 113 211 111 50 211 245 136 210
    27 5 64 72 90 115 71 202 43 56 156 97 68 32 143 120 71 16 117 62 229
    152 63 244 175 102 136 215 24 198 244 228 93 134 20 107 90 7 172 37
    41 125 140 102 162 185 130 255 210 99 52 139 14 4 26 171 255 202 4
    213 124 28 93 207 22 116 188 12 152 150 192 10 180 97 132 65 121 168
    173 54 77 215 62 56 27 245 175 72 218 209 216 146 98 245 193 176 74
    227 252 202 184 40 100 4 36 254 199 241 51 247 53 56 242 252 182 56
    245 169 7 225 149 178 80 35 105 189 24 187 160 236 76 87 54 105 81
    25 12 33 208 1 57 17 106 105 41 202 150 153 43 155 97 46 13 204 86
    251 202 9 122 94 41 209 253 238 171 164 129 10 58 159 148 161 194
    215 215 50 234 111 76 26 242 140 39 2 219 166 27 154 169 14 151 240
    170 223 153 185 24 99 165 101 73 44 171 68 224 88 88 225 87 236 136
    25 107 66 173 62 182 240 139 140 86 38 31 101 92 31 127 70 133 4 203
    35 34 55 197 33 132 214 25 58 42 215 50 14 74 16 223 18 86 5 254 191
    85 59 115 110 71 207 138 140 87 136 40 97 187 61 1 214 242 12 40 142
    90 72 166 121 233 160 121 150 45 153 72 177 201 120 16 220 177 172
    187 20 30 164 18 48 173 244 174 157 238 107 165 206 98 201 173 195
    10 47 44 33 244 130 33 99 207 125 42 143 139 249 97 228 38 29 94 107
    178 75 196 112 228 140 220 201 43 194 143 38 138 218 8 78 202 183 54
    22 248 49 152 61 203 93 215 228 158 219 94 50 145 250 109 160 64 58
    185 30 94 74 21 198 146 77 132 115 158 41 46 244 145 127 204 33 207
    60 202 48 18 231 33 189 65 252 108 252 230 169 53 197 213 169 46 9
    106 210 39 74 180 176 234 204 91 115 181 231 196 202 205 138 180 222
    96 168 206 9 206 190 197 148 208 190 183 214 47 75 108 119 249 71 22
    100 106 149 201 232 17 50 204 226 19 116 66 127 61 218 22 128 107 0
    181 31 199 63 198 122 253 164 32 15 244 188 101 96 64 28 195 10 225
    71 198 48 86 127 89 72 168 100 51 69 239 131 111 95 68 128 76 29 213
    247 222 135 189 106 97 250 231 230 89 84 68 184 115 157 26 121 79
    113 234 223 4 191 218 72 63 145 136 43 135 252 167 144 110 38 168
    180 60 152 198 166 216 198 148 150 79 251 150 59 150 199 139 169 134
    210 87 85 147 111 59 143 81 106 103 196 74 133 251 214 81 163 9 230
    91 152 240 47 35 112 200 111 184 220 75 144 100 161 255 246 56 50
    239 164 0 107 16 125 83 189 245 48 83 93 132 106 17 237 41 232 218
    111 202 126 79 198 241 212 80 205 134 161 30 231 216 69 188 54 222
    40 99 246 169 3 50 80 157 52 182 6 4 20 222 17 144 128 232 103 148
    69 144 45 190 234 185 118 245 176 251 137 169 41 176 16 90 249 98 69
    175 85 160 153 152 21 192 226 213 252 59 73 60 121 107 123 95 47 221
    158 90 67 5 230 76 11 116 98 128 226 168 255 151 36 41 105 202 187
    213 69 38 89 168 174 5 134 31 241 142 128 168 24 108 45 16 61 196
    225 175 137 67 104 160 15 225 117 151 186 80 225 6 230 199 170 7 77
    187 63 96 167 111 78 31 228 131 172 45 124 15 54 243 188 253 231 131
    189 52 76 91 80 141 203 155 74 227 209 108 39 67 98 161 118 250 237
    5 72 145 176 210 78 135 140 9 192 170 81 96 219 107 187 102 84 222
    83 142 162 43 140 120 105 215 59 33 129 168 96 160 77 171 233 52 20
    209 215 201 180 94 132 95 198 91 210 93 2 10 15 198 12 46 238 78 125
    12 32 230 164 27 98 217 107 135 9 251 51 137 223 75 165 120 198 135
    185 219 150 224 120 3 14 235 142 75 53 142 75 164 46 54 66 67 183
    199 45 192 243 93 71 229 148 147 71 207 15 232 159 86 92 135 174 165
    68 57 206 186 213 161 153 164 209 185 38 184 109 171 107 253 10 246
    229 3 0 136 86 71 116 13 193 187 44 224 119 242 229 71 69 85 107 136
    253 147 222 239 173 96 121 121 178 177 78 250 121 112 100 214 18 102
    236 15 83 85 9 105 118 98 58 45 51 135 64 73 62 195 54 170 157 64
    239 54 154 111 7 79 190 74 158 210 240 42 123 50 56 252 183 119 160
    83 117 86 46 5 100 200 33 15 18 172 114 221 255 39 32 214 139 24 56
    131 238 225 135 83 165 178 126 120 18 27 164 211 143 151 39 73 19
    154 148 204 156 213 0 15 18 73 106 96 166 86 99 88 186 106 188 94
    217 55 30 90 227 21 12 135 69 58 48 149 30 27 91 44 53 82 25 68 236
    242 213 49 111 37 106 89 153 253 67 121 244 10 22 255 217 173 188 4
    51 57 93 30 173 233 231 188 219 219 113 71 21 184 140 204 119 77 34
    83 190 3 240 161 18 112 50 113 11 243 197 142 52 163 50 6 110 153 86
    231 66 31 204 222 5 235 162 37 232 5 136 255 100 24 48 238 245 170
    182 191 47 254 131 114 147 136 237 83 197 103 81 150 237 32 45 13
    249 4 150 59 212 119 214 213 17 192 171 97 65 202 135 199 168 154 58
    107 27 246 237 106 201 96 24 84 50 131 137 167 63 230 245 195 54 14
    157 19 125 44 242 13 228 20 114 80 255 11 43 84 101 132 21 57 185
    197 131 75 221 62 126 0 210 69 219 176 92 92 185 83 157 101 25 122
    157 251 28 2 15 97 121 196 73 49 4 10 194 99 182 154 59 118 40 26
    175 110 217 129 115 172 186 6 118 255 50 202 54 30 89 211 92 136 135
    59 143 145 157 56 18 6 93 185 100 220 79 92 100 75 181 77 199 214 92
    236 124 55 3 17 51 149 77 149 30 225 198 5 144 133 253 41 227 255
    151 18 228 198 121 139 101 203 207 110 140 130 225 28 132 250 51 130
    75 114 102 210 199 15 235 28 27 234 72 126 96 118 17 2 87 167 139
    113 44 156 149 233 31 133 44 120 176 245 91 150 73 139 115 218 169
    252 37 200 123 63 158 59 90 103 22 16 6 232 205 35 24 18 217 255 59
    83 26 199 59 180 213 144 113 168 163 144 163 42 202 104 199 14 194
    56 95 84 226 19 190 20 227 79 140 119 238 45 90 147 119 92 200 242
    87 122 194 143 53 163 191 33 17 222 12 123 253 64 74 7 200 79 158
    141 221 50 83 42 171 225 162 249 205 5 194 23 73 27 89 237 105 35 9
    65 73 20 13 104 145 250 98 20 202 75 89 153 223 2 71 240 110 211 119
    42 131 21 132 128 220 24 230 117 168 211 93 81 226 85 48 191 112 203
    158 138 111 108 214 28 32 81 12 202 56 104 177 186 249 175 241 143
    147 65 207 81 98 47 55 111 2 201 237 151 150 159 92 183 225 54 147
    36 31 73 39 135 193 131 232 162 84 78 151 47 42 33 217 163 43 230
    202 101 161 136 103 92 148 92 54 160 94 7 244 201 183 248 223 189
    120 228 205 72 53 81 13 169 60 39 145 91 177 126 138 33 18 176 193
    220 126 79 156 107 143 32 237 28 178 164 101 200 10 38 132 54 123
    112 169 10 69 122 64 252 123 62 31 195 181 237 67 49 199 220 85 198
    212 149 122 64 5 32 59 236 116 231 114 15 126 171 158 68 102 182 14
    238 237 4 140 75 131 180 139 206 147 15 195 181 230 239 27 142 101
    73 185 228 51 45 72 8 46 158 165 161 141 240 253 225 9 100 101 111
    79 89 2 193 11 216 23 97 50 194 89 145 173 15 16 252 52 117 54 15
    176 168 173 211 180 44 21 127 19 0 174 84 109 84 188 128 233 250 241
    140 10 58 169 9 138 115 49 83 0 54 241 135 72 157 250 49 20 82 40
    215 40 25 180 194 60 201 63 2 93 190 226 35 38 192 138 9 149 190 224
    67 205 215 102 216 51 60 190 46 20 73 28 111 0 116 157 208 189 113
    193 1 55 184 89 192 158 76 251 212 31 163 218 37 173 138 200 2 60
    127 190 134 29 35 28 97 102 126 122 235 126 175 239 218 157 141 149
    98 212 166 140 117 106 202 199 201 216 66 40 23 194 166 63 240 51 70
    44 16 38 157 102 88 165 186 208 174 34 101 169 168 35 151 157 149 71
    77 197 134 218 47 38 238 18 174 85 139 151 184 7 193 133 27 246 194
    152 200 43 35 151 78 191 168 155 150 33 84 141 239 85 34 57 65 71
    112 185 87 84 87 98 204 159 66 90 54 21 247 156 58 154 171 142 88
    174 212 171 69 104 188 167 104 86 74 145 85 165 145 18 136 81 111
    161 129 120 90 61 223 103 109 158 115 33 209 82 85 254 8 89 59 232
    238 51 89 165 255 15 86 45 49 152 164 165 33 126 78 55 80 39 151 38
    7 53 109 88 124 195 234 169 76 71 8 254 218 172 94 240 230 249 135
    176 186 240 164 179 29 197 126 230 109 46 133 79 149 216 126 128 86
    202 125 4 26 220 237 105 185 159 41 126 247 111 164 243 110 116 217
    107 125 182 218 113 234 212 117 112 204 224 238 121 188 170 133 131
    19 250 192 110 235 43 118 102 199 246 212 149 10 114 21 28 213 186
    177 181 240 101 216 65 102 245 32 136 119 248 35 132 39 92 200 3 51
    63 51 151 9 58 169 178 174 212 227 254 200 197 55 164 134 228 13 95
    24 112 35 194 131 167 208 123 137 154 109 100 225 206 210 134 82 35
    255 12 168 177 139 208 152 74 27 176 25 169 140 212 22 81 208 50 133
    145 5 158 172 129 127 44 50 26 177 46 43 230 128 93 180 191 231 249
    230 30 40 74 105 137 116 198 153 51 113 162 140 55 121 202 40 50 49
    178 137 253 128 216 252 169 152 32 246 168 169 22 119 178 29 131 217
    245 111 228 101 193 254 111 10 163 29 50 196 194 69 167 72 134 224
    129 95 22 160 84 76 71 58 62 199 54 157 117 66 246 163 227 213 144
    238 72 77 59 126 244 61 67 137 212 123 10 119 243 242 146 18 22 24
    238 50 145 103 10 96 75 98 135 236 249 179 227 205 197 10 35 129 188
    43 171 222 92 85 23 69 59 222 124 178 120 53 86 94 193 167 168 27 13
    16 112 233 57 227 154 26 170 71 81 245 44 45 134 112 13 67 109 244
    210 125 131 82 156 126 127 102 68 22 89 231 86 14 56 59 91 103 61
    181 38 50 48 164 214 3 97 228 82 64 39 81 38 193 12 123 218 91 61
    100 95 183 227 230 146 41 100 158 181 218 208 118 69 202 223 44 239
    84 41 94 184 166 202 67 17 6 251 166 69 234 18 209 242 91 61 156 241
    68 64 176 8 5 253 195 26 49 182 40 251 156 142 15 246 198 134 179
    204 233 212 119 85 10 6 220 145 52 90 69 72 117 229 212 196 251 73
    237 26 162 239 132 236 207 140 215 168 114 229 43 8 59 171 58 214
    139 13 244 97 160 41 184 1 84 46 167 230 151 32 201 113 39 188 73
    102 157 114 148 6 32 243 242 89 92 79 196 82 181 78 57 37 72 189 122
    164 144 248 206 92 212 6 37 245 234 187 65 77 181 102 139 76 46 209
    159 207 54 245 174 62 104 177 73 141 235 40 221 169 214 217 77 108
    36 147 170 230 126 231 114 120 174 32 179 11 239 179 65 202 154 225
    79 42 190 24 101 4 1 78 78 148 150 117 187 65 18 46 134 223 45 163
    58 165 226 27 57 186 66 52 219 200 176 255 152 30 39 35 241 139 182
    63 72 68 165 31 244 32 93 241 151 149 29 12 30 56 56 236 14 116 7
    227 33 230 174 196 98 47 26 200 230 225 48 73 191 174 233 236 165 42
    175 239 228 131 173 86 14 93 81 186 141 154 169 136 194 132 196 66
    233 89 72 187 231 134 174 100 98 16 114 29 107 138 138 156 131 147
    211 133 221 100 89 217 96 129 168 123 140 152 1 168 28 245 107 208
    67 140 208 248 68 148 186 114 2 255 108 212 80 19 128 147 43 225 38
    89 249 4 54 37 235 57 195 31 176 175 240 201 80 234 116 210 173 65
    177 92 241 214 250 184 133 67 29 242 182 223 92 239 99 107 182 140
    12 184 33 72 213 99 229 78 210 203 238 249 227 237 85 1 199 75 148
    173 228 125 93 144 246 186 196 78 109 192 132 6 68 193 206 214 66 16
    223 206 201 163 139 24 136 113 221 196 215 97 211 27 10 60 232 239
    245 224 187 191 178 233 68 194 75 114 204 233 112 84 7 183 220 142
    56 38 2 20 21 87 46 207 29 143 14 221 12 255 244 92 55 113 132 154
    123 12 162 191 218 157 67 247 159 231 41 145 110 67 29 216 39 182 14
    119 168 14 47 196 180 69 77 171 181 126 131 216 226 55 203 123 179
    147 31 239 8 131 114 198 173 2 255 239 166 19 2 255 174 109 66 82 0
    186 29 108 109 252 219 205 150 148 224 60 45 229 197 226 133 253 118
    156 164 50 83 56 210 105 235 77 135 227 106 198 221 113 242 39 30
    151 76 47 153 67 141 222 132 183 43</data></test_img>
<my_img type_id="opencv-matrix">
  <rows>100</rows>
  <cols>100</cols>
  <dt>"3u"</dt>
  <data>
    255 191 176 255 18 32 255 163 164 60 167 255 255 37 55 255 255 227
    255 29 38 86 255 143 56 255 14 255 115 255 255 255 2 255 107 220 110
    40 255 175 209 176 255 235 36 78 109 5 142 255 73 43 177 255 255 138
    101 6 17 223 90 46 255 45 234 255 255 255 90 67 69 255 142 90 203
    255 125 255 7 163 222 224 252 227 205 255 72 255 238 215 140 53 230
    255 1 128 183 166 135 13 86 255 243 255 186 255 215 255 255 64 255
    255 255 17 218 255 29 255 161 255 131 18 237 255 255 107 185 255 255
    233 255 181 82 255 140 226 18 255 255 166 255 45 234 104 60 30 46
    255 255 138 134 255 172 134 255 255 129 166 36 255 255 188 103 69 27
    255 255 255 86 255 89 255 136 27 6 83 229 255 177 14 37 255 48 255
    113 194 255 255 255 255 251 191 82 133 255 255 40 251 255 40 255 255
    147 255 62 116 55 255 46 255 213 30 255 255 255 39 71 255 113 24 50
    255 255 255 255 168 255 255 255 89 27 255 19 172 65 22 121 255 255
    222 255 233 97 233 219 255 255 64 72 255 120 206 192 98 106 209 255
    255 28 100 113 254 71 220 56 32 255 255 255 181 255 155 29 255 71
    188 142 255 255 255 57 255 255 255 48 255 255 255 255 48 22 255 172
    255 255 255 255 45 198 255 255 86 19 11 115 255 255 255 63 127 184
    232 255 255 84 112 71 133 192 241 157 255 69 255 116 255 26 37 246
    227 103 129 255 138 46 230 255 206 255 255 255 222 13 138 179 255
    111 255 211 22 131 254 255 19 255 118 255 255 101 255 255 255 255 34
    64 104 144 212 217 84 80 239 255 238 255 255 25 251 255 251 255 255
    47 41 185 188 94 255 219 153 255 255 131 65 165 255 255 167 229 164
    255 78 166 83 255 203 141 255 63 93 201 255 255 255 255 170 255 255
    255 255 255 190 255 255 61 22 127 255 255 215 155 152 231 4 138 255
    69 75 255 255 124 114 156 61 255 215 255 255 72 255 78 161 255 255
    172 255 255 1 75 255 95 5 255 98 80 172 255 114 226 3 205 170 181 72
    108 24 189 108 230 255 237 255 48 35 255 104 255 205 61 255 47 67
    215 191 174 243 71 55 255 131 255 255 151 220 218 143 106 250 203
    223 255 237 113 255 253 27 255 136 153 75 233 14 255 255 255 255 155
    255 224 44 255 58 123 255 255 104 188 192 83 29 93 246 255 159 242
    34 255 255 12 13 187 130 245 213 255 255 255 196 192 255 249 255 137
    43 255 115 255 71 118 106 32 97 142 17 61 102 255 181 255 164 255
    171 255 138 104 159 165 152 255 76 203 45 149 255 255 19 72 255 255
    255 32 46 80 230 255 131 255 215 255 255 219 255 255 255 255 114 185
    106 255 255 255 103 255 255 252 162 67 63 179 225 255 255 255 255
    202 220 108 242 5 90 129 225 255 35 255 255 255 17 91 19 255 255 80
    138 255 130 237 255 58 227 140 145 255 118 255 140 255 69 7 218 58
    14 110 10 46 255 95 109 138 155 255 254 61 150 255 255 255 22 143
    255 255 69 116 88 255 29 168 187 255 43 138 255 198 159 255 203 255
    255 255 134 255 255 109 255 177 89 27 140 51 95 246 255 255 255 255
    44 255 255 211 255 255 43 60 216 255 80 131 255 255 136 206 13 251
    15 255 255 255 255 255 77 90 191 234 185 255 101 255 255 227 127 1
    255 255 206 164 198 72 191 112 255 255 189 249 12 198 255 255 255 84
    244 255 192 67 252 210 104 168 255 72 255 255 255 255 111 14 255 255
    255 255 255 255 255 179 235 255 255 61 21 107 215 84 248 255 119 133
    135 101 237 255 26 78 205 255 224 255 93 167 19 255 155 255 187 101
    255 255 80 255 255 107 89 60 185 255 97 255 255 226 244 229 179 255
    255 255 101 255 255 64 101 255 248 255 255 165 206 56 109 255 255
    255 255 245 83 227 67 21 22 255 208 55 203 216 167 255 176 244 255
    255 179 30 51 234 142 253 255 196 17 181 230 255 181 69 97 24 255
    244 82 133 72 213 255 66 255 255 185 90 90 255 246 144 15 255 255 8
    211 255 255 9 233 119 41 136 86 255 255 235 206 129 154 255 255 28
    230 255 127 255 255 255 53 136 120 255 255 191 150 217 184 184 103
    167 131 121 242 68 255 11 255 231 255 255 34 203 215 54 255 75 255
    147 255 255 101 255 153 97 210 175 112 255 255 255 77 255 216 0 255
    170 167 255 90 249 255 255 255 224 202 255 26 244 255 45 141 200 255
    120 255 255 130 255 255 233 20 255 161 101 255 255 36 235 76 34 192
    102 255 255 122 220 138 255 7 90 181 255 22 129 255 17 255 255 255
    80 145 58 154 255 161 212 136 194 255 255 255 62 121 255 209 94 138
    39 255 110 58 255 78 123 255 82 33 255 121 215 255 136 161 84 255
    156 255 73 28 255 255 68 220 255 255 255 63 54 235 146 86 255 175
    255 255 149 255 24 181 255 255 255 66 255 153 12 255 255 180 135 255
    107 217 255 205 177 255 78 27 170 79 58 248 185 167 255 255 255 255
    212 255 95 127 101 108 255 255 255 40 29 255 255 5 207 246 94 255
    252 255 95 255 255 255 87 85 255 255 140 28 255 255 28 255 255 123
    105 160 192 46 150 255 255 157 71 255 152 13 255 9 86 120 17 97 255
    109 90 25 10 255 40 87 255 26 255 4 255 72 255 217 255 255 21 255
    108 149 189 82 36 48 255 80 206 45 39 104 255 152 188 255 18 255 255
    126 27 164 255 255 246 166 255 224 255 229 250 238 255 187 255 165
    254 185 95 255 30 84 255 255 217 153 255 109 255 255 92 108 75 189
    255 201 189 255 255 255 11 230 181 255 217 255 97 11 255 255 233 206
    255 224 78 155 62 20 52 131 255 255 191 203 153 226 255 255 84 3 121
    255 255 222 47 72 255 131 34 108 30 255 245 255 255 108 94 27 34 255
    14 255 255 177 255 255 255 255 202 10 50 215 63 230 149 128 224 249
    162 255 255 95 95 107 255 103 208 242 231 148 114 162 8 255 255 210
    255 21 6 148 231 255 255 255 255 255 255 255 232 255 105 116 220 205
    255 22 26 255 255 255 255 172 224 114 13 198 255 84 80 143 255 255
    164 78 54 143 177 255 92 255 255 77 255 255 255 255 172 255 228 162
    150 255 51 255 37 158 20 17 18 255 88 195 255 255 79 255 255 255 0
    255 255 255 255 253 14 250 255 255 255 194 255 62 26 255 255 66 7
    255 108 77 246 107 5 21 50 251 250 255 249 255 246 205 255 145 255
    255 95 255 246 91 138 255 230 255 255 174 99 90 161 147 22 159 119
    255 80 43 15 255 255 101 25 255 217 69 5 255 255 255 63 112 234 17
    58 200 255 12 255 97 255 72 255 1 174 255 104 75 255 143 128 255 149
    255 255 255 255 255 122 206 241 176 255 255 255 255 255 48 252 205
    255 255 153 255 46 200 255 58 255 195 255 142 255 255 255 180 255
    255 1 255 157 217 242 226 184 255 218 255 255 91 212 0 255 120 140
    218 25 255 255 40 255 255 255 255 121 79 128 9 255 255 255 0 84 255
    134 46 255 255 255 82 227 255 255 255 240 255 138 255 255 145 152
    112 184 255 119 208 70 255 219 255 65 122 255 255 109 48 108 46 102
    255 156 255 255 21 72 133 17 9 106 169 255 97 50 255 255 183 138 255
    10 255 255 255 101 207 80 255 255 255 255 91 180 255 255 4 255 172
    255 113 248 129 255 246 255 222 255 230 255 106 205 255 255 183 61
    255 66 145 86 75 61 157 251 107 142 180 9 190 255 255 39 17 240 7
    255 44 255 255 165 11 138 255 179 255 12 147 255 255 255 163 131 239
    255 255 69 76 70 146 255 89 255 4 167 174 255 255 19 255 255 255 255
    131 255 255 255 86 255 140 146 51 213 189 163 85 255 147 255 255 223
    68 255 82 255 67 82 255 255 180 43 255 192 102 255 255 116 255 3 164
    255 73 7 250 238 10 146 161 255 17 255 213 181 98 255 255 165 87 243
    19 255 255 181 255 255 105 255 97 72 70 88 91 205 255 255 234 255
    255 255 241 255 67 71 141 198 49 198 34 32 53 184 198 163 255 30 255
    118 255 147 211 255 173 255 248 133 169 255 107 78 255 255 255 166
    248 255 255 251 255 119 255 85 255 112 124 255 22 255 255 113 229
    255 202 255 149 253 255 255 177 104 255 100 20 9 12 255 255 115 10
    255 94 255 134 78 14 230 255 10 207 147 255 183 66 176 63 255 138
    255 255 200 250 255 172 250 26 19 215 174 164 255 255 29 255 24 126
    164 191 255 255 255 255 255 72 255 255 255 97 255 255 130 243 159
    255 21 187 255 179 120 255 105 255 80 255 84 155 47 57 255 255 58
    255 255 220 3 21 191 140 255 84 92 255 60 255 255 255 255 0 58 255
    119 87 251 254 107 255 255 181 155 11 25 255 255 255 142 230 91 255
    9 58 171 17 199 0 255 50 255 32 255 169 192 176 34 255 65 184 78 255
    72 63 50 26 255 255 106 248 192 63 255 162 255 78 255 255 255 25 131
    255 1 87 13 116 106 196 255 135 54 255 14 255 255 255 255 94 208 255
    255 240 108 255 255 78 112 255 170 172 22 255 255 255 153 255 255
    255 187 255 222 151 235 255 253 255 200 197 255 255 228 82 246 255
    184 35 255 131 255 152 198 2 210 255 255 255 118 255 138 7 228 140
    78 255 35 255 161 238 255 209 255 22 28 255 255 255 221 43 179 255
    246 255 141 255 255 255 255 181 187 255 255 231 104 255 184 255 255
    134 255 255 203 24 99 255 255 255 167 255 255 50 255 255 255 109 43
    255 255 255 19 255 22 6 159 255 18 255 255 255 51 181 154 255 155 32
    255 255 78 43 255 255 43 255 83 172 255 215 34 179 140 153 255 228
    73 164 255 255 255 118 255 255 255 106 255 210 77 207 55 121 255 134
    255 255 138 39 187 255 157 246 55 255 239 255 239 177 216 121 39 255
    159 174 202 80 255 227 68 231 187 255 255 60 255 166 255 255 255 145
    255 105 137 255 255 4 7 255 255 27 255 255 255 255 248 218 11 68 191
    19 156 20 255 55 242 217 255 255 217 213 255 255 125 255 255 255 191
    11 248 102 157 136 255 196 21 255 255 255 255 255 242 255 233 238
    255 255 126 116 9 72 223 105 71 255 255 255 234 211 158 210 255 3
    113 255 57 179 255 97 87 255 148 255 255 180 255 255 69 17 224 255
    10 105 238 240 255 48 255 255 18 255 116 255 229 245 255 106 131 113
    255 129 72 20 9 255 252 255 105 174 255 69 196 116 255 114 255 91
    119 255 249 61 179 255 255 190 255 242 233 192 255 255 65 229 255
    255 255 255 8 218 255 230 255 183 113 48 233 255 68 9 227 255 255
    255 255 255 191 255 93 133 255 108 28 255 255 3 255 255 158 255 4
    191 7 161 42 255 213 255 114 255 8 255 228 143 55 255 119 85 189 155
    77 255 154 255 255 255 255 255 155 229 255 255 225 255 255 157 220
    91 174 149 255 104 255 249 107 222 226 68 255 249 84 255 255 229 255
    36 255 255 255 255 159 255 121 6 94 32 47 14 0 255 122 255 255 255
    252 255 223 188 255 47 176 255 255 68 231 102 182 255 39 153 28 17
    153 255 210 208 121 71 229 114 233 164 255 122 19 255 255 255 255
    255 239 162 158 7 255 255 102 233 147 155 235 255 2 209 255 255 56
    255 255 0 255 255 255 32 70 255 61 19 192 255 255 118 129 7 255 167
    26 71 47 174 131 255 255 255 184 114 54 126 136 255 118 255 255 255
    77 250 80 255 43 19 92 243 79 255 82 230 242 255 216 255 30 255 121
    26 183 255 222 107 255 248 129 255 149 33 36 24 36 184 71 255 255
    255 137 255 255 90 255 97 125 255 255 166 255 119 40 255 62 43 200
    116 255 177 159 18 247 235 58 255 147 21 95 170 42 255 255 51 39 108
    255 14 243 203 143 34 83 255 255 245 63 155 205 75 90 255 254 37 61
    174 35 255 206 157 21 255 255 227 255 220 97 0 255 205 172 255 245
    172 159 205 255 255 215 27 192 60 3 140 255 255 153 104 101 153 162
    242 255 255 255 255 255 255 255 1 255 0 130 242 77 255 255 6 239 255
    255 58 130 255 111 255 142 93 255 255 241 255 255 209 255 255 255 20
    224 112 255 164 209 244 255 255 198 255 255 251 255 122 38 166 255
    90 50 100 87 255 226 255 255 43 255 255 255 39 34 69 210 159 54 77
    255 255 181 170 255 142 255 48 255 215 43 177 255 3 19 255 255 41
    127 181 255 241 201 32 255 48 46 255 143 255 119 255 159 255 120 255
    255 255 193 35 234 255 255 255 61 255 179 255 47 220 84 82 224 70
    255 36 255 136 255 255 255 226 255 50 125 206 255 255 255 60 148 255
    218 18 255 255 242 63 255 255 255 255 82 255 60 241 38 255 255 0 99
    91 255 255 255 227 205 104 48 255 108 49 97 255 106 255 255 113 255
    255 142 255 123 255 228 241 255 255 108 160 62 255 19 255 255 17 187
    170 255 255 129 136 255 255 255 82 255 160 58 91 255 101 73 167 255
    210 133 153 245 255 179 213 31 255 89 78 159 126 255 255 238 255 255
    255 27 37 80 80 255 255 255 255 255 255 255 15 255 255 134 255 65
    161 5 170 166 145 255 15 113 255 255 189 17 145 10 255 64 58 255 33
    255 255 224 123 155 255 53 255 119 148 255 101 255 187 143 255 110
    58 255 140 46 121 82 246 235 174 255 255 58 11 73 255 120 220 255 0
    206 161 255 255 255 255 75 255 255 150 183 190 53 255 255 255 255
    216 14 123 66 90 255 255 142 159 255 255 255 11 255 255 78 95 56 246
    255 24 198 196 32 203 9 254 24 225 159 201 56 255 176 232 255 143
    255 255 113 255 175 255 159 127 75 160 255 28 181 243 86 84 255 205
    255 255 255 215 255 159 177 52 36 5 97 255 19 190 62 255 255 140 194
    140 231 240 255 198 215 255 206 145 255 255 194 255 14 255 198 255
    255 255 155 36 174 130 121 91 255 167 255 255 255 255 80 249 65 1
    104 93 149 242 112 104 255 255 255 95 255 48 252 255 8 135 84 166
    113 255 255 176 255 144 255 255 66 255 157 194 188 255 249 32 127
    104 255 78 255 61 255 152 235 255 255 73 255 174 255 255 125 43 108
    108 255 255 89 242 39 61 138 41 246 255 157 255 116 134 242 255 103
    130 68 174 33 82 30 173 80 159 167 254 255 53 229 255 48 249 69 255
    53 185 166 194 255 166 247 170 144 255 255 197 29 255 255 68 217 228
    255 255 255 255 255 138 169 255 255 159 161 127 255 105 14 255 211
    136 167 255 206 255 255 172 186 255 86 255 159 255 255 218 147 193
    90 82 255 255 50 39 255 12 172 255 255 255 71 116 255 255 255 164
    248 255 145 198 62 181 153 90 255 88 166 239 255 255 255 255 233 22
    112 7 255 255 201 193 255 245 49 200 22 58 255 190 255 255 86 165 9
    94 73 255 192 223 250 33 211 217 187 255 255 255 255 255 255 255 189
    255 255 32 51 255 255 241 126 4 255 20 149 118 210 255 227 255 35
    144 169 203 105 255 255 148 251 170 46 252 255 183 249 17 173 255 45
    255 181 13 255 237 211 199 255 255 102 147 6 37 200 255 223 102 209
    255 169 166 210 67 255 255 255 35 255 255 60 197 208 123 190 255 172
    212 255 13 167 29 0 255 39 255 75 56 255 78 255 255 155 218 255 166
    230 255 255 255 255 215 106 255 255 135 166 133 255 255 176 2 21 216
    246 21 80 255 73 155 215 231 159 164 192 255 182 255 127 255 255 159
    159 35 215 255 255 255 213 255 255 255 62 224 203 65 253 255 255 169
    164 255 120 255 131 151 5 37 60 172 255 155 55 255 122 200 56 255
    255 142 253 255 213 255 255 255 167 191 213 105 201 134 60 255 146
    90 255 24 18 116 58 120 255 146 71 255 255 190 255 255 180 9 255 173
    56 255 226 135 203 226 148 255 24 255 255 108 255 255 219 155 105
    113 255 217 255 186 17 255 77 241 107 19 246 198 160 255 255 232 255
    65 255 255 158 189 192 219 255 255 119 255 255 199 39 255 255 176
    134 255 155 255 255 255 255 173 255 114 183 255 255 127 19 209 125
    255 21 89 255 255 255 255 52 18 29 144 93 255 255 201 143 207 108
    131 88 48 255 255 255 255 228 253 255 255 249 255 228 203 3 30 197
    255 255 255 106 233 255 44 233 255 109 255 43 101 255 10 255 34 255
    46 41 255 72 255 255 255 255 255 34 69 163 12 200 120 247 125 22 41
    24 15 95 255 97 75 255 228 135 255 155 222 255 100 179 255 174 255
    161 44 255 170 152 3 230 255 53 67 255 255 245 28 255 153 173 255
    255 100 26 88 244 27 255 40 201 82 255 147 203 79 255 121 255 255
    255 68 177 255 93 206 255 255 244 179 54 9 255 255 255 237 255 193
    255 255 255 245 108 48 255 144 255 255 255 217 69 122 255 179 234
    255 147 255 255 255 111 255 255 104 104 255 83 82 101 231 255 217
    198 167 136 255 10 56 208 255 245 255 255 255 172 255 255 101 227
    255 55 255 243 241 237 255 190 148 131 58 167 9 235 255 140 255 255
    255 107 189 255 255 73 13 95 179 255 159 249 63 212 101 255 28 164
    255 118 12 255 197 193 123 226 255 54 255 227 255 255 162 255 36 15
    245 252 255 91 255 70 255 140 26 255 255 60 56 40 58 255 255 255 255
    76 193 255 1 152 239 12 92 255 255 229 255 177 46 103 255 255 24 69
    171 131 151 78 228 54 255 218 255 32 255 255 255 2 183 104 119 79
    255 255 252 43 255 251 240 255 180 255 138 255 142 254 213 230 255 8
    255 255 255 36 172 255 255 255 158 255 166 255 189 0 122 255 7 255
    255 224 162 205 255 57 255 255 255 160 245 82 255 222 255 31 255 30
    255 226 148 191 255 248 48 255 238 237 183 129 104 215 255 136 34
    241 136 255 53 255 127 143 114 255 255 255 99 26 75 69 255 78 255
    172 255 90 40 255 255 255 255 255 255 78 84 245 255 37 129 255 237
    90 15 255 68 215 255 126 84 56 255 255 142 190 255 255 36 242 67 95
    255 26 228 255 131 255 49 255 19 116 252 30 84 255 255 12 255 255
    218 43 255 10 34 120 251 237 183 0 255 255 51 187 255 255 203 100
    255 255 104 255 213 87 155 88 208 63 255 255 43 255 127 138 19 217 0
    255 255 255 52 18 43 65 237 68 147 83 55 255 255 255 218 255 255 82
    25 220 151 255 255 215 255 215 255 255 255 255 28 255 255 252 255 67
    76 255 255 255 208 2 141 19 255 238 114 91 108 65 95 255 84 200 255
    255 84 47 255 255 238 53 213 105 102 157 53 222 255 255 255 22 93 92
    73 32 225 224 205 164 157 167 148 255 255 255 255 185 251 255 53 153
    255 255 255 15 33 0 255 40 44 58 136 255 255 107 65 255 217 255 116
    203 99 255 230 255 255 227 196 243 60 94 144 198 15 54 154 80 114
    255 255 108 73 255 239 18 255 255 11 22 255 72 244 255 255 255 220
    255 31 255 46 218 255 111 255 142 25 119 255 255 255 17 97 254 255
    190 255 255 109 215 224 255 203 255 255 53 75 127 182 255 194 29 254
    129 150 203 191 9 52 98 20 125 82 34 116 4 67 49 255 227 255 15 255
    106 37 255 213 255 205 255 72 255 237 43 220 168 169 189 255 255 29
    15 158 77 255 28 89 127 255 255 255 61 255 35 26 101 226 239 255 255
    137 255 255 255 182 93 249 123 255 75 167 246 255 222 35 255 255 209
    245 140 32 249 73 255 255 255 255 141 255 255 255 194 41 151 14 129
    213 255 112 194 206 114 255 255 172 235 78 142 127 255 161 255 255
    255 126 162 255 252 162 207 183 148 254 151 255 255 231 255 255 166
    138 255 255 223 39 35 43 255 78 255 255 43 255 255 255 182 255 234
    252 255 231 188 179 112 17 230 255 177 255 84 111 255 17 213 255 255
    255 255 255 255 255 109 255 189 87 72 192 184 89 200 151 255 255 94
    255 255 138 150 255 84 193 123 255 252 196 197 75 50 248 255 49 220
    188 131 151 255 80 166 255 6 212 232 255 155 61 19 42 227 255 83 101
    255 159 2 255 113 255 255 219 255 255 166 255 190 194 179 179 251 90
    49 255 155 103 255 65 75 8 255 69 155 255 45 60 41 205 69 70 255 134
    106 255 50 162 255 86 255 119 169 106 255 47 87 121 216 72 255 220
    164 255 1 148 17 172 174 34 147 213 255 255 255 255 255 255 211 255
    255 255 163 255 116 255 211 255 33 255 255 17 255 255 163 135 255
    188 255 255 72 255 255 208 27 255 65 20 255 68 255 250 43 255 255
    255 43 255 228 255 21 255 111 166 26 2 255 255 255 73 223 196 127
    255 113 209 194 255 255 255 255 255 216 153 45 227 51 119 66 255 203
    116 82 255 255 85 255 174 17 255 226 255 255 161 63 77 255 255 181
    26 255 106 140 255 250 255 85 255 198 255 255 87 255 255 255 43 187
    122 255 97 46 215 119 255 255 24 159 20 255 255 85 119 255 255 255
    44 255 133 134 133 90 151 72 255 255 206 255 255 179 255 116 255 95
    224 255 192 39 152 196 148 3 220 33 167 255 11 106 255 42 255 255 89
    29 255 255 255 255 184 255 255 255 72 255 122 255 255 255 255 255
    255 240 255 147 255 255 255 210 255 64 255 255 154 55 255 255 56 198
    80 90 255 30 41 255 55 208 233 25 85 99 39 255 155 194 255 146 26 7
    255 216 191 155 255 237 255 162 255 255 138 255 88 152 255 255 255
    90 17 198 174 255 220 255 255 255 255 220 46 255 255 118 65 255 68 5
    239 131 142 217 199 152 255 105 255 255 255 255 255 255 153 246 130
    255 255 220 255 71 255 255 32 1 53 255 40 255 230 113 143 255 68 255
    255 43 232 255 140 255 255 83 172 255 255 90 77 93 210 255 98 123 65
    255 255 217 255 255 255 100 162 105 89 118 91 255 107 255 42 107 134
    213 255 231 100 113 255 105 124 13 255 255 215 154 95 62 202 255 255
    191 179 255 167 211 144 190 206 255 217 255 237 255 68 24 252 109
    255 84 7 255 21 255 112 237 123 255 199 255 147 212 48 255 255 255
    255 255 255 255 220 252 108 156 19 26 255 255 255 208 239 255 116 51
    230 158 109 255 156 255 224 33 255 75 174 252 52 191 255 91 46 90 32
    162 255 255 249 200 172 255 255 252 199 255 7 58 128 69 255 193 255
    130 63 255 255 121 255 246 255 54 224 78 255 47 246 255 255 255 255
    242 155 241 192 255 255 219 72 15 113 255 218 227 217 190 255 251
    255 255 255 52 255 188 255 116 255 255 255 49 202 255 41 21 161 255
    0 255 255 255 21 169 255 90 255 157 37 211 93 156 169 32 255 255 147
    255 162 255 33 255 255 36 255 255 111 84 255 255 217 255 231 160 255
    111 213 226 255 255 162 198 232 222 223 255 71 40 255 255 191 255
    213 69 29 13 60 119 255 227 225 255 47 82 255 28 255 255 61 255 125
    48 160 255 255 255 255 255 82 255 255 41 222 72 255 45 255 251 106
    255 255 177 174 255 255 255 255 45 188 38 203 43 255 159 118 255 255
    54 87 0 255 208 255 69 229 255 112 61 255 141 255 255 136 255 255
    255 140 183 173 255 144 255 92 255 255 255 255 255 196 255 126 82
    255 255 255 75 255 75 255 248 162 157 141 31 255 255 73 255 255 255
    0 25 255 21 255 255 200 57 211 255 255 255 252 125 14 255 255 255
    255 148 255 255 249 153 144 3 43 177 209 255 255 255 31 255 174 255
    255 188 230 103 255 92 209 116 255 255 234 217 255 15 255 155 122 55
    255 161 255 255 255 49 211 46 152 255 195 255 106 234 14 255 137 186
    35 97 255 127 255 255 153 255 255 239 224 255 168 105 181 255 57 106
    255 19 255 166 255 242 34 58 41 255 255 255 118 0 255 255 255 255
    255 255 124 255 233 255 255 255 84 255 145 255 255 217 223 254 40
    255 255 151 101 60 255 255 198 255 255 203 93 255 255 141 94 116 68
    179 255 78 113 63 53 255 255 35 72 119 7 113 255 87 118 88 75 85 250
    82 159 255 255 29 157 17 119 255 25 255 202 10 255 255 87 255 95 100
    255 255 115 255 52 21 218 2 86 48 230 255 67 243 156 255 7 244 46
    255 111 255 255 255 169 255 25 255 189 212 3 255 58 255 196 143 255
    118 141 150 138 76 203 252 255 255 255 7 255 255 93 251 58 122 223
    255 11 157 255 255 255 97 19 188 255 46 218 26 167 39 228 61 255 203
    242 0 228 255 102 255 149 255 19 131 2 65 255 227 80 255 220 255 107
    90 7 68 242 255 46 61 88 255 255 157 158 31 255 255 60 9 255 29 174
    126 255 255 64 123 255 36 255 255 84 227 255 53 126 218 141 239 255
    255 80 255 98 179 255 125 89 56 228 184 230 55 255 118 255 2 255 44
    255 255 177 255 255 61 2 255 126 255 255 237 121 255 166 229 255 255
    203 202 255 60 30 216 39 127 35 14 255 255 136 255 255 167 255 102
    255 166 123 193 255 48 255 138 4 128 255 90 255 255 255 194 255 255
    130 255 107 138 255 255 255 99 223 222 255 255 136 151 184 255 192
    255 255 226 51 186 218 255 155 255 61 255 255 255 61 207 223 70 177
    21 142 106 76 15 255 116 255 136 22 255 200 145 255 255 251 255 190
    224 255 255 26 17 255 255 201 159 141 150 255 22 215 142 255 107 255
    4 255 255 255 26 142 255 102 255 107 164 129 97 68 255 208 189 54
    179 179 222 217 255 189 255 162 255 187 217 255 101 255 255 68 165
    255 1 255 255 93 36 255 255 255 174 170 255 255 253 181 255 226 133
    134 181 255 255 202 255 255 255 255 255 39 2 80 228 255 161 161 118
    103 255 217 255 249 255 207 113 255 255 98 51 255 255 223 39 116 217
    255 136 61 248 90 255 39 30 255 187 234 38 71 60 255 255 161 39 255
    255 150 255 12 143 255 255 203 161 255 255 255 237 232 255 245 2 255
    35 255 252 8 169 255 241 255 255 255 159 255 177 95 255 255 189 196
    22 255 250 98 255 207 255 255 71 255 24 255 37 255 52 174 255 17 255
    80 233 125 255 103 255 255 241 102 222 248 72 116 13 255 255 22 255
    255 255 21 255 34 255 255 22 1 255 228 123 223 255 183 255 255 179
    206 255 255 14 255 223 255 192 255 223 22 161 46 129 217 227 255 255
    19 255 255 126 255 184 78 211 255 72 220 44 255 255 113 255 255 233
    82 97 158 255 255 149 143 255 255 188 112 8 252 177 47 255 203 19
    255 255 187 255 255 255 255 47 255 255 255 255 255 255 127 85 13 152
    255 255 48 152 161 180 255 125 205 255 255 221 255 255 30 92 103 148
    255 245 125 5 159 255 160 255 233 38 255 82 7 69 217 29 255 212 234
    255 102 72 155 246 87 21 55 255 198 255 160 19 64 255 172 36 232 255
    213 255 255 82 22 103 230 113 255 156 255 118 170 255 80 108 255 241
    60 255 255 158 39 255 73 255 146 4 193 255 179 255 255 255 12 243
    255 255 255 3 255 118 137 255 255 187 255 255 205 217 255 98 232 71
    255 255 77 255 26 255 203 140 255 255 255 215 172 116 255 255 255
    142 158 255 49 252 255 118 125 43 255 255 255 255 217 107 255 120
    255 255 161 174 140 151 84 185 255 255 2 255 130 255 130 51 255 238
    255 255 130 239 112 206 255 47 62 169 213 6 46 90 255 220 0 83 255
    30 98 130 71 28 10 255 36 92 166 253 167 174 58 255 60 130 255 255
    169 152 235 203 234 255 251 227 90 58 255 255 97 201 133 136 9 19
    224 104 183 255 255 255 90 7 93 249 255 4 176 55 255 228 84 255 133
    227 254 205 229 213 0 114 241 115 138 166 6 75 90 252 255 78 177 255
    71 192 17 255 231 188 255 17 255 209 255 251 255 69 255 255 194 255
    254 46 99 121 134 196 217 223 255 230 102 255 7 22 237 255 195 247
    254 143 121 129 255 56 211 35 174 255 4 255 255 255 255 255 216 135
    255 198 44 255 255 225 255 76 255 200 133 176 77 176 49 112 198 255
    255 55 126 11 255 36 174 159 179 255 11 200 255 55 217 2 86 255 62
    228 255 112 108 51 142 111 255 255 255 255 6 255 255 155 141 159 108
    253 17 255 255 255 56 12 20 255 73 255 255 255 255 255 216 181 56
    159 255 65 125 169 110 255 255 255 212 200 255 64 255 255 100 240
    255 97 255 255 127 184 202 55 95 255 151 255 230 255 147 255 130 255
    255 255 255 255 255 255 255 190 240 255 32 41 103 90 172 231 75 255
    34 155 143 255 75 237 218 73 255 43 122 34 255 120 67 58 191 255 255
    90 159 255 174 164 75 255 255 255 187 152 22 18 255 190 120 255 151
    162 22 75 231 182 255 255 255 255 26 186 255 174 38 255 25 255 255
    206 255 255 255 255 47 255 109 255 255 255 47 255 194 112 105 255
    175 255 255 255 1 230 255 255 255 78 111 126 224 68 244 255 179 174
    151 127 46 205 255 77 50 162 26 255 58 160 35 51 215 19 255 165 121
    28 19 255 154 255 93 64 211 110 255 152 255 39 255 168 125 201 255
    130 255 175 255 255 67 82 119 82 64 255 255 255 218 99 255 255 255
    87 77 255 18 255 49 255 150 45 192 90 4 55 255 41 216 148 255 119
    157 241 234 194 181 242 165 151 64 255 255 183 95 90 152 255 24 255
    179 255 24 9 11 147 210 255 169 255 101 109 255 211 208 255 255 166
    65 255 255 251 62 86 191 106 145 255 255 165 58 90 177 41 17 255 97
    255 1 32 255 26 140 255 118 255 255 217 255 67 255 31 82 255 60 43
    143 171 4 119 119 155 251 255 255 255 255 177 97 255 47 209 10 255
    255 255 125 118 179 7 255 186 255 133 255 255 255 255 255 255 255 93
    220 255 198 55 67 255 253 255 58 255 255 218 179 255 235 255 255 34
    62 56 255 60 225 254 255 72 149 33 255 52 0 181 159 17 255 196 115
    255 255 255 191 181 94 255 88 242 193 255 158 84 65 69 255 189 91 61
    255 3 188 255 84 255 255 8 63 86 118 22 255 238 255 255 158 107 183
    255 75 177 10 255 255 255 36 9 255 73 164 255 104 155 155 177 121
    255 126 24 80 89 181 127 61 78 55 126 255 215 133 11 0 255 255 255
    252 255 255 68 255 255 145 28 228 234 255 180 208 134 255 10 255 8
    230 112 94 203 52 255 255 255 234 186 95 255 7 84 68 255 255 141 255
    255 246 252 134 187 255 172 30 0 235 11 255 196 136 255 97 248 255
    248 169 255 71 39 255 255 112 255 103 109 39 254 93 255 255 255 255
    11 3 133 255 149 255 170 6 255 255 120 255 255 29 255 13 255 239 255
    72 255 255 255 255 168 255 255 255 80 143 215 255 155 255 244 255
    202 255 255 255 95 255 255 151 51 255 255 165 255 167 255 60 108 55
    255 151 255 142 8 72 114 255 24 22 163 135 255 68 255 37 255 255 255
    224 194 121 255 0 131 215 255 147 83 222 255 37 107 168 123 70 75 79
    255 245 255 217 185 226 3 255 209 31 255 244 255 235 134 255 101 170
    68 255 252 19 136 255 162 255 234 87 91 241 255 69 46 255 255 255 38
    255 205 255 209 255 104 103 255 138 211 158 186 255 172 32 255 116
    220 255 111 41 255 8 255 133 255 255 255 255 157 6 26 255 7 68 255
    49 15 179 255 183 255 194 198 255 250 255 255 140 73 255 255 255 114
    189 12 255 243 30 36 250 143 255 255 167 255 125 227 255 52 55 255
    32 173 181 241 84 159 255 93 255 207 255 255 255 112 68 252 14 255
    217 255 255 30 255 255 255 112 114 255 234 255 255 217 194 255 145
    255 255 198 20 15 91 255 2 152 114 255 213 44 47 226 36 255 255 169
    255 255 255 255 6 255 255 255 255 24 39 143 37 169 118 144 197 220
    194 220 255 196 21 165 255 42 239 255 255 218 187 255 255 183 255
    255 255 32 147 255 17 159 54 155 153 255 231 255 121 125 87 255 234
    85 255 73 38 196 116 142 181 255 2 255 62 255 217 48 142 2 1 189 255
    54 157 255 37 210 21 255 255 0 169 94 255 123 205 80 216 14 77 255
    237 7 169 255 47 224 189 255 255 255 255 115 218 255 255 239 255 191
    143 6 129 255 255 26 31 179 255 172 37 223 255 255 145 255 161 82 14
    37 102 255 255 220 65 255 48 107 6 158 255 255 255 39 255 201 255
    255 30 70 134 101 255 255 107 51 255 194 38 21 119 255 196 170 255
    255 184 167 255 116 237 255 255 24 207 255 70 217 185 249 255 255
    167 255 255 239 119 255 85 255 71 255 255 84 255 218 255 206 255 51
    210 99 173 255 75 14 220 255 249 255 255 129 255 255 33 206 255 255
    255 153 255 73 255 35 101 112 237 255 34 112 172 134 36 138 255 129
    217 142 219 255 255 101 255 255 104 255 255 118 255 6 0 255 255 161
    255 133 183 162 202 255 58 255 97 255 230 255 255 255 21 27 255 255
    255 255 255 255 255 24 186 255 202 234 255 86 38 140 127 247 9 80
    255 189 255 255 22 255 255 161 167 210 255 14 255 162 228 255 255
    255 49 136 190 255 255 238 138 217 93 255 105 177 126 255 177 255
    138 105 104 255 120 255 255 7 60 95 19 255 255 208 136 255 187 162
    255 43 22 200 255 227 255 98 92 220 40 255 162 177 255 149 255 205
    255 66 113 121 255 205 255 29 205 255 237 255 255 255 147 255 116
    174 255 246 255 75 21 152 189 176 200 65 255 255 34 126 229 119 11
    255 255 26 247 255 57 217 255 7 255 239 245 217 255 255 162 75 255
    254 255 255 128 255 255 206 2 120 121 243 215 255 255 183 130 255
    205 143 209 0 210 224 83 205 255 71 255 255 233 121 255 255 208 67
    180 255 255 118 188 21 255 255 255 255 255 255 191 255 255 95 255
    255 122 27 255 94 255 97 201 255 99 223 255 255 72 12 255 143 255
    255 255 182 119 169 177 105 255 56 255 35 255 185 255 191 203 58 255
    255 187 19 84 215 255 255 33 255 177 255 189 213 255 255 255 255 167
    41 54 109 196 255 255 255 79 244 255 255 255 255 3 255 255 78 218 17
    255 255 255 255 29 116 0 201 45 170 255 179 255 235 134 212 171 255
    64 148 239 255 95 255 255 85 255 48 255 233 91 215 255 30 255 255 94
    255 112 255 152 151 40 55 54 43 205 255 205 255 0 255 255 166 255 9
    133 235 255 75 111 255 60 255 255 255 255 9 255 255 244 255 126 10 0
    39 255 255 109 201 255 151 255 39 12 116 237 255 188 86 154 70 255
    198 55 153 255 148 255 235 188 255 255 255 255 165 53 116 252 14 24
    199 32 255 255 155 56 192 255 255 113 49 19 255 39 255 216 255 9 252
    188 129 22 203 245 15 29 134 158 153 255 210 255 255 18 223 255 255
    46 52 37 113 255 115 255 255 90 56 255 155 63 255 89 255 41 65 247
    202 35 255 157 22 142 99 21 234 56 133 208 255 210 10 116 255 255
    255 159 255 255 255 229 255 95 251 144 255 255 255 39 111 161 255 34
    255 83 203 246 177 182 255 219 255 4 32 99 26 255 255 95 90 101 28
    116 114 255 252 255 136 62 68 136 203 255 255 53 255 17 102 255 255
    83 255 255 255 55 255 255 140 255 255 255 125 147 255 170 32 255 255
    111 210 198 43 82 131 122 255 255 83 255 11 255 160 37 173 255 255
    35 60 116 76 254 255 155 254 231 100 242 255 75 102 9 12 198 239 188
    101 255 64 131 63 166 95 67 255 58 255 15 255 255 197 255 255 255
    255 255 190 38 255 7 68 97 102 131 255 133 138 153 66 22 255 255 206
    140 237 201 255 145 147 207 202 255 106 255 123 255 255 131 255 87
    73 255 255 128 255 235 222 97 126 61 209 255 188 93 255 77 140 149
    80 189 11 255 255 255 15 151 78 252 73 255 142 255 80 255 123 177
    128 231 253 255 224 43 29 166 10 124 177 255 188 95 19 126 47 44 255
    243 255 5 255 206 101 54 93 3 151 18 255 255 255 182 255 255 109 22
    220 255 185 223 255 255 125 215 255 138 247 255 255 255 245 32 255
    205 210 255 32 239 255 255 11 215 255 192 38 129 167 210 255 176 157
    255 36 3 28 15 130 233 255 211 255 198 255 140 3 172 255 183 109 9
    118 255 255 126 255 13 12 177 255 233 255 155 39 41 255 255 255 155
    1 160 19 177 255 106 55 188 226 133 225 255 94 255 35 255 255 255
    233 255 255 255 188 255 223 255 255 111 157 255 84 254 255 255 147
    50 217 44 170 201 131 255 255 255 211 73 46 246 237 111 200 177 255
    215 21 255 255 155 135 255 183 255 255 255 255 149 255 150 200 120
    174 189 224 164 136 15 188 255 152 255 159 54 9 17 241 255 255 91
    255 255 228 247 255 188 95 255 8 159 90 219 145 41 4 123 255 255 31
    213 228 255 67 255 255 237 180 234 255 158 249 21 255 223 255 255
    255 213 42 48 50 255 12 255 215 255 255 122 53 116 21 222 177 137
    121 255 255 255 255 255 255 255 83 255 47 76 22 255 255 164 255 167
    255 24 57 160 255 89 255 218 255 255 255 58 255 220 255 113 11 134
    237 255 255 143 187 220 255 218 89 255 255 126 196 172 90 255 255
    255 188 250 0 255 93 143 43 255 155 255 200 227 255 255 255 114 88
    66 255 198 33 48 255 48 92 255 53 3 17 15 255 80 17 95 255 149 255
    255 190 255 134 255 255 255 24 255 255 7 255 255 249 109 226 201 255
    255 170 191 170 212 211 22 255 255 255 255 255 80 255 255 41 6 255
    255 6 119 13 79 55 255 61 255 255 134 255 147 101 179 151 203 102
    133 33 73 175 116 51 136 116 255 255 202 255 162 255 255 114 48 87
    255 255 255 226 255 111 230 148 67 73 199 255 174 223 255 73 89 255
    255 4 255 255 255 255 91 255 255 185 249 255 255 6 20 255 82 10 255
    75 193 93 145 255 110 152 160 255 25 255 255 35 255 252 255 255 255
    255 177 255 215 58 255 111 49 250 188 215 255 43 255 67 148 171 166
    173 48 255 84 255 255 255 213 255 255 174 101 180 167 255 255 230
    106 201 235 255 35 255 125 75 255 255 255 255 255 25 255 207 148 133
    255 176 2 103 221 255 255 12 201 67 255 255 255 25 191 209 255 135
    255 71 176 245 166 255 255 60 19 255 238 239 91 22 255 255 111 255
    52 0 255 255 47 159 255 37 46 255 151 90 255 255 235 255 231 255 17
    144 255 211 179 255 7 255 229 255 191 53 11 80 208 198 237 255 131
    226 70 255 72 138 255 51 255 255 255 255 88 57 255 255 8 77 255 169
    157 118 21 124 202 251 255 255 217 255 209 195 41 255 109 22 146 251
    255 118 255 255 93 255 174 67 72 160 28 177 255 198 44 255 203 80
    255 255 131 208 255 105 255 103 36 172 255 98 255 255 255 255 255
    101 255 255 66 255 211 131 97 34 255 242 200 158 255 159 255 255 255
    255 255 63 162 131 255 104 255 255 255 181 255 255 113 255 94 191
    231 255 157 255 255 193 255 7 124 233 230 116 198 228 234 255 14 255
    0 97 255 41 64 255 80 255 201 255 37 2 217 156 124 211 224 255 174
    44 60 170 255 255 172 255 200 168 108 255 255 198 255 226 51 255 47
    137 172 255 255 99 248 255 111 105 90 255 50 159 206 220 255 255 159
    255 15 134 191 147 226 151 244 39 8 200 255 255 255 82 255 205 164
    255 255 255 255 217 4 202 249 65 199 104 255 149 255 255 26 255 255
    107 44 255 18 255 255 255 159 0 163 194 255 255 109 28 195 68 147 43
    230 255 93 203 71 238 255 170 147 255 255 255 150 4 255 75 161 72
    131 255 255 255 9 201 176 255 113 5 255 242 198 32 213 255 56 228
    237 255 198 46 255 108 255 255 203 255 170 255 255 255 255 201 255
    238 90 215 141 255 255 66 107 60 255 255 6 78 19 56 220 128 2 10 255
    255 197 230 255 198 255 255 79 211 246 133 255 255 82 255 215 60 255
    2 30 80 71 127 255 255 255 118 166 78 118 255 148 237 9 151 255 255
    183 118 196 78 255 17 230 255 255 0 0 255 172 193 255 255 155 255
    134 55 255 179 200 7 184 255 103 108 198 153 255 251 255 176 255 255
    17 255 168 230 240 255 28 68 233 109 255 30 119 255 255 255 19 255
    190 167 255 208 255 255 255 60 255 255 82 110 219 255 255 255 249
    164 42 201 255 44 255 136 246 97 177 255 109 9 101 255 255 154 118
    255 62 255 255 219 34 13 228 255 174 123 17 119 105 255 255 187 255
    90 255 255 73 76 210 255 87 255 255 255 140 246 131 56 255 255 255 9
    255 53 255 0 196 255 148 3 136 122 255 80 112 255 255 177 36 200 224
    255 255 255 255 255 231 255 19 255 182 84 255 255 56 255 251 255 255
    211 93 255 255 255 48 255 255 255 12 56 177 255 155 61 184 217 255
    255 255 227 147 255 180 255 255 12 255 255 25 255 255 255 230 255
    141 121 99 51 255 239 255 46 203 172 255 255 203 255 177 255 58 24
    104 104 255 154 46 140 14 255 146 119 142 255 48 78 213 36 153 11
    169 19 255 75 7 233 18 255 255 224 109 194 184 36 255 84 234 255 255
    255 255 176 255 255 255 255 43 205 140 127 122 82 255 82 255 255 241
    255 39 221 255 114 255 255 226 3 255 123 84 97 255 255 255 129 255
    240 255 62 164 192 230 182 246 42 200 80 255 41 119 255 78 65 255
    255 77 255 255 255 209 255 142 54 82 255 198 255 69 97 255 255 255
    255 82 255 67 11 181 255 255 255 255 26 255 191 166 57 239 255 249 2
    255 190 255 255 144 38 75 140 230 211 255 198 255 184 218 255 255
    255 255 255 130 255 216 255 218 199 255 255 255 255 255 33 39 255 94
    113 255 187 255 255 54 15 255 185 116 255 93 92 250 206 193 183 206
    240 255 206 255 255 162 138 112 144 12 255 1 145 170 60 67 155 201
    255 58 192 206 255 100 255 255 228 2 105 32 255 32 191 164 131 51
    135 35 71 80 166 252 20 9 4 255 255 136 255 255 176 119 119 188 255
    255 248 143 21 213 255 255 255 240 255 105 152 95 255 234 45 159 10
    255 255 255 134 255 55 255 44 255 255 203 90 187 173 255 218 220 255
    179 14 162 58 255 51 52 138 255 91 241 255 30 255 157 0 134 255 255
    203 255 75 140 131 45 172 255 189 60 126 218 79 113 255 251 255 248
    255 255 19 255 252 147 255 200 255 158 232 35 129 157 255 151 255
    255 10 200 220 255 159 26 255 210 255 255 94 255 208 217 255 98 107
    142 148 87 243 144 255 255 84 14 255 235 182 58 255 119 255 55 165
    56 235 9 181 245 255 255 97 255 255 75 12 75 255 65 161 246 255 142
    22 255 255 255 123 255 127 124 146 255 29 255 15 84 235 167 255 255
    255 255 125 203 24 200 48 172 82 255 14 54 97 255 170 73 255 255 206
    255 17 255 140 255 181 162 239 98 255 255 147 255 255 155 217 97 255
    255 183 35 255 255 80 222 255 255 182 88 87 14 108 75 206 255 255
    255 255 169 142 255 255 80 255 255 255 255 14 239 52 57 255 211 37
    255 52 208 255 15 53 255 241 255 7 159 179 181 7 197 85 255 194 255
    75 190 97 90 107 97 255 130 255 255 29 255 255 255 138 255 123 255
    255 255 167 110 190 255 26 113 191 125 255 230 255 170 29 131 162
    182 255 255 255 255 101 255 255 82 36 246 255 239 170 255 255 255 95
    138 71 255 255 255 24 63 255 255 255 255 83 165 255 145 19 243 112
    255 189 24 255 237 111 101 28 0 255 134 21 206 255 72 182 13 35 225
    9 249 116 248 228 255 255 148 133 255 89 255 255 134 121 211 6 229
    215 91 29 255 60 242 255 255 188 32 119 242 255 61 0 202 111 111 112
    190 203 190 10 255 255 131 121 155 116 255 255 122 255 209 127 237
    174 28 255 15 241 255 43 57 87 255 102 5 255 221 255 245 255 255 9
    83 255 255 255 194 187 255 205 250 108 255 255 95 46 95 239 255 233
    72 255 146 220 255 118 11 255 255 255 9 255 210 123 4 255 135 255
    199 41 255 140 229 255 255 255 91 86 255 255 255 255 255 216 90 255
    134 104 243 255 206 118 255 5 255 162 232 91 255 255 255 21 251 153
    255 255 106 255 140 91 10 255 255 206 65 255 255 242 138 86 24 255
    237 255 168 255 255 140 190 143 255 255 255 37 227 60 116 255 147 95
    233 255 255 185 254 255 39 67 90 255 130 149 219 255 255 255 255 255
    109 27 211 242 32 2 54 255 114 127 255 254 174 34 255 155 12 255 26
    255 125 227 255 13 12 255 30 91 255 56 194 177 255 208 38 255 230
    232 255 215 39 255 119 255 250 255 255 15 255 255 255 97 255 159 17
    43 255 255 255 255 166 255 255 169 251 255 134 211 170 255 255 255
    37 255 255 0 255 255 255 255 37 255 29 205 255 68 174 120 227 192 98
    240 255 126 118 255 48 182 255 75 255 237 255 102 56 199 123 255 226
    118 255 221 114 97 98 157 230 242 230 246 233 107 255 119 97 255 221
    255 78 230 193 255 255 230 255 137 60 63 255 255 142 233 255 88 255
    135 86 228 255 255 235 165 255 156 255 155 84 215 255 255 217 255
    246 255 224 111 118 58 224 255 220 10 193 255 0 84 153 255 101 6 60
    128 255 129 29 172 17 255 71 226 26 185 72 242 255 235 111 162 255
    255 255 255 73 157 244 255 255 179 206 142 255 255 255 255 235 220
    227 39 255 216 255 138 255 188 255 65 255 11 255 113 255 0 38 255 8
    255 200 44 3 17 237 229 255 246 41 255 180 43 255 0 255 144 112 179
    129 255 135 215 255 167 28 47 85 255 255 255 255 219 215 255 255 251
    196 194 7 255 1 255 255 78 73 255 255 255 21 111 255 255 255 255 62
    8 206 103 255 255 226 137 255 255 93 255 218 255 188 77 255 106 19
    40 17 125 255 157 49 213 191 255 91 194 255 246 255 69 255 255 255
    255 29 255 255 70 255 255 17 207 12 140 6 107 255 255 255 255 50 126
    255 243 255 255 15 226 255 255 21 102 255 82 92 172 235 242 155 255
    255 255 244 255 255 87 255 255 127 55 9 108 255 250 151 255 255 255
    255 93 62 196 187 188 179 255 253 131 78 219 255 255 255 255 255 79
    255 15 191 255 2 89 239 250 245 255 255 255 211 255 255 255 252 79
    99 213 191 113 62 255 255 255 255 255 24 255 150 255 255 133 147 18
    246 194 255 7 255 255 179 17 174 167 175 21 75 235 255 189 146 65
    255 190 11 255 220 183 218 255 14 61 95 223 255 255 130 140 151 244
    34 255 223 255 255 255 255 255 220 84 200 255 131 255 51 255 11 30
    255 144 220 255 185 255 255 39 111 215 54 30 174 226 255 255 77 83
    255 86 28 26 255 230 249 190 30 12 91 51 2 119 190 255 170 209 184
    245 94 184 26 129 255 125 216 99 255 255 99 255 125 240 255 10 44 82
    255 7 21 233 255 161 161 70 255 152 255 255 255 150 205 255 255 211
    123 143 255 30 255 149 255 255 43 255 255 255 120 206 88 172 186 28
    115 255 254 174 200 157 101 113 32 188 9 255 61 148 142 255 255 255
    84 24 255 242 255 95 76 124 255 48 49 255 33 255 255 94 27 255 255
    217 255 79 20 224 42 130 118 255 255 67 249 255 255 248 140 255 220
    73 162 255 255 11 40 186 255 93 255 255 73 138 255 202 101 181 255
    68 224 255 217 108 33 255 255 226 254 151 1 51 255 246 97 255 255
    255 159 255 255 255 54 234 255 210 255 71 228 255 86 30 255 255 64
    167 142 195 255 26 228 255 255 255 240 255 255 157 255 173 164 129
    255 255 255 134 255 69 36 80 255 180 111 47 68 26 255 163 217 123 84
    135 255 255 237 255 255 255 255 125 77 56 42 244 255 115 255 255 255
    19 140 255 51 255 7 172 255 165 255 78 32 143 22 255 251 255 11 160
    71 255 176 255 192 19 116 255 174 67 255 255 255 73 255 255 21 130
    138 221 255 71 162 255 183 210 136 97 148 205 248 147 255 52 255 114
    220 151 12 255 4 29 215 255 255 255 51 239 255 30 89 119 235 19 255
    115 172 255 212 135 255 255 36 255 143 211 58 111 255 255 133 164
    151 102 255 213 246 255 90 136 56 255 158 153 149 255 150 17 192 255
    198 174 255 255 145 255 255 227 255 255 176 145 255 12 255 99 152 29
    174 165 126 255 255 255 255 151 2 142 127 217 255 141 255 255 255
    255 4 119 255 255 79 7 7 105 2 194 255 255 252 57 255 231 234 255 35
    239 255 144 181 255 255 95 94 106 234 176 255 143 255 54 245 255 213
    201 232 255 161 188 255 4 255 255 242 65 255 255 255 157 255 255 255
    187 12 255 255 92 255 12 255 174 233 51 235 242 239 255 35 121 47
    255 255 255 71 61 45 255 186 220 255 68 255 143 153 82 185 159 255
    252 255 15 84 118 255 125 255 174 255 155 255 255 24 215 159 255 255
    76 155 255 60 255 174 25 255 58 123 252 243 255 7 243 84 49 255 252
    164 255 255 19 255 47 119 255 217 255 78 202 147 246 21 55 172 42
    255 255 6 255 166 244 255 2 201 174 95 104 229 101 62 232 161 129
    255 151 255 182 255 134 118 255 197 244 88 90 44 73 185 201 4 255
    255 255 255 20 19 166 82 7 255 255 101 65 188 255 122 179 183 212
    133 200 137 58 255 237 136 162 115 255 224 248 73 255 255 191 39 228
    255 0 208 171 255 255 77 24 37 138 255 180 255 125 43 255 255 28 171
    95 76 58 211 255 255 134 7 255 255 8 78 58 255 31 255 255 218 243
    255 255 220 183 232 255 80 255 198 255 68 172 249 255 142 133 104
    255 158 255 255 208 255 91 255 41 255 151 255 255 144 255 71 208 107
    22 61 169 144 206 246 248 28 255 239 255 255 110 93 255 69 223 255
    101 210 255 19 244 56 255 255 153 91 140 255 41 155 255 255 216 255
    255 22 255 255 255 131 255 151 109 255 255 255 103 26 255 255 32 48
    248 167 31 209 233 9 255 133 82 255 29 181 37 138 111 78 245 27 24
    122 133 255 176 99 237 255 255 28 30 255 255 152 255 243 48 186 255
    205 38 255 221 227 15 255 255 255 17 255 189 255 255 255 255 131 255
    133 97 255 194 84 255 221 255 255 255 255 255 221 255 230 51 165 2
    66 255 255 205 255 6 35 159 255 255 255 255 255 152 255 205 234 255
    161 160 203 255 191 121 29 41 250 144 249 255 62 200 224 30 255 255
    47 200 255 255 162 112 197 208 56 255 255 233 26 255 7 198 43 255 10
    60 161 224 255 255 173 255 177 255 123 226 68 255 71 177 189 255 255
    51 203 162 255 11 252 68 190 57 255 255 79 210 246 255 255 255 97
    255 159 104 255 147 60 255 255 140 255 54 25 99 192 255 255 255 255
    255 71 130 87 255 253 155 133 223 116 22 255 142 220 255 169 49 210
    2 90 17 208 45 173 255 255 233 84 222 148 78 149 170 32 255 255 153
    71 242 255 255 76 255 220 184 165 255 144 255 255 255 60 255 238 255
    200 0 138 255 24 60 255 210 75 97 255 70 255 255 131 255 255 138 56
    36 90 228 184 255 255 37 255 255 107 106 255 22 255 255 120 85 255
    255 63 248 95 22 78 25 61 255 255 254 255 151 68 255 170 84 202 169
    63 239 21 255 175 155 255 255 68 157 123 66 255 254 255 106 255 36
    44 93 255 255 15 84 90 168 55 148 146 187 255 255 29 53 255 104 255
    17 50 84 67 255 255 255 255 29 0 83 255 255 255 255 50 217 181 255
    194 255 192 84 179 84 36 255 255 255 255 179 79 255 255 203 255 255
    255 255 39 248 255 166 112 255 153 255 126 118 115 230 77 255 84 255
    255 255 255 255 41 147 237 31 255 127 84 255 115 251 166 255 255 255
    255 130 255 140 255 99 191 255 99 209 255 255 116 27 255 255 145 134
    208 255 203 255 255 250 255 255 255 55 19 30 154 189 255 255 0 30
    161 24 255 7 218 110 219 255 41 140 220 226 255 160 237 255 255 121
    60 255 60 163 165 255 130 255 21 191 44 80 255 255 161 166 255 255
    108 255 218 248 255 41 255 255 241 40 7 84 255 131 255 187 255 255
    206 255 30 87 184 121 113 255 101 18 107 255 113 255 255 255 255 93
    255 87 231 255 36 255 255 101 86 184 97 41 255 51 99 239 107 166 255
    87 203 69 246 255 69 255 162 202 255 123 53 255 151 255 182 230 255
    138 255 173 255 255 184 7 255 87 255 255 209 131 47 198 255 192 152
    184 255 17 72 255 29 196 255 221 95 146 78 171 255 217 12 255 62 210
    224 255 179 52 94 136 255 255 255 28 223 246 255 241 255 7 213 255
    255 206 255 255 162 193 35 255 152 255 54 90 255 255 255 255 255 255
    170 115 87 47 255 145 255 36 174 114 241 255 226 255 249 49 83 68
    255 123 255 255 162 198 255 190 255 77 255 255 73 44 215 220 111 255
    99 255 67 54 195 255 255 66 165 255 255 244 114 255 77 255 255 56
    209 255 254 239 255 169 7 255 255 255 195 255 112 60 27 255 33 255
    226 255 3 11 155 255 19 105 9 161 216 255 255 233 148 37 80 220 255
    151 65 207 138 255 95 1 255 185 141 102 255 255 206 155 213 255 255
    14 114 133 255 155 118 255 130 168 79 255 54 227 85 255 223 194 255
    119 114 217 145 255 230 11 255 255 76 118 255 237 255 255 0 44 252
    97 152 255 111 55 95 61 255 2 3 255 138 255 255 86 255 255 175 149
    255 67 119 198 248 255 255 255 76 235 255 173 255 177 177 255 255 24
    255 37 162 41 131 255 255 164 86 237 177 32 138 183 255 229 255 180
    218 255 169 46 255 8 223 136 255 255 255 183 255 17 98 255 241 0 15
    19 201 255 255 203 109 255 163 255 77 46 73 255 162 255 255 255 113
    255 255 3 6 255 255 47 202 184 2 90 78 159 53 150 226 209 255 17 255
    255 255 255 193 255 8 217 255 7 255 255 187 255 134 188 32 75 95 72
    248 64 14 86 138 255 13 147 255 56 29 26 255 152 222 187 90 255 203
    111 255 84 255 181 203 29 181 187 75 255 255 76 255 255 116 109 255
    148 255 90 255 255 101 174 255 179 101 244 245 194 53 255 147 255
    255 170 255 155 166 255 255 255 200 95 36 89 255 252 255 9 255 53
    255 22 252 144 187 255 179 255 255 177 242 255 39 213 94 181 60 255
    80 130 106 250 163 194 99 255 51 255 201 147 84 7 5 255 50 107 67 29
    255 255 174 255 179 255 255 255 140 200 54 190 255 255 255 15 82 255
    160 255 255 255 32 44 246 218 172 46 255 122 255 255 202 138 161 255
    255 50 255 230 233 130 255 255 53 36 90 206 255 255 219 0 255 226 12
    255 191 142 255 102 210 90 37 51 255 255 255 28 33 145 105 141 234
    255 95 12 93 235 255 255 255 82 77 255 255 222 185 160 255 75 0 62
    255 111 181 233 255 106 246 43 255 76 235 153 255 255 13 100 255 190
    69 130 41 170 234 255 108 3 131 72 255 34 15 15 255 137 255 39 255
    255 255 29 157 255 255 0 203 213 255 255 244 184 255 116 114 58 144
    255 255 57 255 255 203 220 255 29 135 255 202 255 255 215 111 255
    255 255 250 21 82 78 255 255 255 255 85 255 181 123 255 108 32 255
    64 215 255 156 55 241 144 78 255 43 138 207 68 255 255 111 218 121
    219 106 255 37 65 34 194 58 255 224 255 255 255 152 207 180 189 255
    84 171 114 255 255 138 19 255 255 255 3 213 244 186 35 255 255 103
    17 152 255 198 255 255 19 255 255 255 252 203 255 67 255 93 255 255
    138 255 255 76 246 138 255 255 255 156 255 255 80 169 174 255 255
    255 113 255 127 235 22 106 188 255 255 255 255 93 104 249 255 217
    255 255 246 184 168 255 176 255 255 130 209 219 255 255 62 85 62 198
    38 159 26 255 4 152 255 159 17 114 255 91 0 0 255 148 157 223 131
    179 58 255 136 68 126 119 177 140 255 255 255 245 238 162 71 190 255
    255 251 255 230 93 255 164 116 14 255 109 255 192 255 255 255 255
    255 255 104 5 4 185 255 226 3 84 255 94 255 255 255 255 220 255 14
    255 53 255 237 255 72 255 44 179 255 12 255 123 61 255 209 190 255
    255 46 136 138 136 215 255 201 255 255 255 255 35 143 171 255 235
    255 255 22 252 255 215 255 0 105 184 91 95 255 101 94 41 97 255 255
    189 116 135 255 155 157 255 97 247 255 42 55 129 179 142 255 202 244
    181 95 255 255 1 255 255 84 70 255 255 255 255 36 171 255 209 255
    255 255 32 255 136 90 47 187 255 255 119 255 207 65 95 220 248 255
    45 111 222 241 220 255 7 87 255 200 174 230 255 6 143 86 94 255 43
    15 255 147 66 167 185 255 107 175 255 255 255 28 255 255 30 255 174
    230 255 255 255 189 241 108 223 255 134 255 255 255 179 255 127 106
    183 78 255 255 116 164 103 125 255 255 75 255 255 255 255 255 71 255
    157 133 182 241 255 136 255 219 167 255 224 255 255 3 255 248 8 255
    138 234 191 112 7 29 255 17 133 255 241 193 255 22 123 255 138 255
    255 108 255 255 127 194 255 57 255 255 249 220 133 255 255 213 228
    218 78 62 255 41 149 60 255 242 12 224 84 9 255 198 255 255 255 184
    11 98 90 255 129 32 255 94 215 218 133 176 255 231 255 255 76 255
    110 15 106 162 239 255 179 255 255 255 159 255 222 180 255 255 255
    206 255 176 68 62 3 36 255 120 255 17 42 172 255 184 255 255 255 255
    140 253 184 112 158 255 255 255 65 90 134 10 90 255 49 153 255 255
    133 255 255 7 231 255 254 255 255 133 148 255 255 119 246 134 185 70
    255 86 255 112 133 255 255 255 255 106 231 85 75 46 29 255 133 133
    217 255 128 170 255 51 88 104 255 125 134 164 255 255 159 255 140
    167 255 185 150 255 163 75 255 93 255 255 255 189 129 234 255 95 255
    53 114 242 20 255 206 255 136 255 255 255 163 200 255 37 20 209 68
    255 49 86 60 255 111 255 77 40 201 255 255 90 80 201 102 255 220 184
    88 172 0 62 255 210 255 255 255 77 255 3 69 25 255 75 36 255 183 255
    255 255 215 234 2 167 107 255 75 48 255 238 255 144 255 255 255 118
    181 220 64 255 159 230 255 255 255 229 142 46 255 255 28 255 255 155
    145 255 44 150 255 255 14 110 255 255 203 72 82 24 151 162 255 192 5
    255 255 232 134 134 196 255 195 255 255 166 12 13 181 61 105 22 252
    30 130 114 116 101 102 250 245 255 125 255 255 248 21 255 255 145
    193 144 248 251 50 248 72 17 122 255 255 234 0 255 251 41 255 255 3
    69 75 255 82 219 227 168 255 128 159 140 255 54 255 87 185 255 255
    50 118 255 255 223 255 255 255 126 196 68 203 52 151 14 146 130 205
    255 255 255 255 116 51 255 21 255 189 79 255 60 255 255 255 87 255
    255 116 113 255 73 128 255 32 255 255 22 255 255 162 181 50 245 182
    255 51 14 255 255 90 255 126 200 114 255 244 108 234 49 255 127 193
    215 149 255 205 241 255 255 129 159 60 93 15 255 255 255 255 235 244
    175 43 198 43 130 239 54 53 255 63 111 255 50 255 131 45 255 255 255
    91 255 255 202 255 255 78 0 255 108 135 54 255 34 108 241 255 255
    209 255 255 143 255 235 255 255 255 255 194 144 89 255 54 255 116
    255 11 255 62 255 82 84 36 20 255 255 255 255 0 255 255 33 255 255
    219 255 255 91 60 205 255 237 254 228 255 255 255 255 255 255 203
    255 148 255 255 30 121 255 57 77 183 93 249 35 213 82 255 6 255 255
    181 67 255 255 3 97 252 255 196 91 254 24 206 255 35 66 63 255 73
    220 255 230 67 19 122 51 255 219 255 67 19 152 235 32 215 255 159
    172 179 172 34 28 255 61 255 177 240 80 47 255 255 22 255 255 255
    133 255 234 255 255 35 255 189 111 95 198 119 7 255 46 85 134 89 229
    254 133 155 207 3 255 255 248 70 255 11 255 255 115 251 125 127 128
    255 75 143 255 89 255 245 255 65 77 147 255 37 255 255 255 255 255
    101 220 155 127 255 255 99 120 145 255 251 247 95 147 242 255 255
    255 228 208 24 198 255 255 255 255 39 255 83 255 255 255 255 140 255
    143 123 119 255 99 255 255 255 21 255 255 255 70 189 255 255 255 1
    255 159 237 107 255 180 114 32 239 229 255 252 255 255 78 95 255 195
    227 241 30 255 255 230 20 161 201 255 226 102 255 255 69 255 255 39
    255 43 176 255 255 255 255 255 64 39 255 162 255 144 64 38 190 255
    160 255 131 244 45 26 213 255 104 72 99 159 78 255 255 22 203 255
    211 78 156 203 190 26 255 255 71 177 37 78 32 255 255 255 192 212
    147 136 255 255 220 255 255 187 217 7 7 249 116 255 43 85 255 212 19
    252 4 143 125 255 73 56 255 176 255 53 0 155 198 255 211 231 95 255
    26 138 80 255 157 142 255 67 19 255 255 106 98 215 170 172 255 255
    43 138 255 179 0 255 123 225 255 255 255 255 255 160 168 86 255 54
    44 55 129 255 31 155 30 200 73 6 255 255 255 255 255 50 56 255 22
    225 255 255 104 90 172 225 245 180 255 41 237 255 255 28 206 35 255
    26 62 255 255 255 188 255 183 44 255 255 255 27 255 255 255 255 195
    44 205 133 89 255 255 56 75 221 255 255 255 107 224 219 255 37 61
    119 255 209 165 19 169 165 255 42 255 47 255 255 255 255 68 255 246
    255 129 18 38 127 165 3 183 29 119 161 32 255 245 241 102 255 255 27
    162 255 92 255 145 200 255 255 255 255 19 41 133 245 90 255 28 255
    217 255 90 34 21 255 43 76 255 75 213 136 255 64 157 255 90 255 220
    255 255 255 255 159 133 149 48 255 53 255 183 223 77 235 53 46 255
    255 255 95 255 19 255 255 124 159 163 121 73 141 255 80 255 174 97
    25 239 255 255 67 50 255 203 255 55 255 106 255 200 255 181 255 60
    255 255 255 120 203 255 210 242 73 183 167 255 255 255 255 136 255
    255 255 247 97 95 255 255 28 102 125 255 255 187 255 211 93 119 140
    255 68 255 255 95 255 217 21 255 142 87 3 255 3 55 144 115 102 255
    26 255 255 255 255 49 98 246 255 255 237 255 73 92 255 82 0 99 143
    255 131 89 140 105 0 255 255 181 130 105 213 255 255 187 87 255 197
    255 255 46 255 196 40 203 255 255 255 255 126 255 255 104 222 220
    216 92 233 209 157 13 113 153 255 238 255 255 155 201 101 255 217 26
    68 235 127 255 255 255 83 222 255 235 70 21 165 133 69 119 255 101
    255 184 255 190 254 202 140 2 97 39 102 255 255 255 192 73 255 133
    71 191 164 255 255 255 37 87 255 209 255 255 163 254 255 161 255 78
    98 128 255 255 230 255 239 179 233 183 255 41 122 94 88 36 255 255
    62 104 255 255 75 146 180 85 255 255 255 54 129 210 119 115 116 131
    255 255 114 43 10 255 79 152 203 90 255 255 197 255 101 255 15 7 255
    157 255 251 227 255 3 255 255 255 240 161 199 102 255 1 240 255 147
    131 255 255 39 194 32 255 255 251 72 255 235 164 255 144 162 4 217
    230 255 176 92 13 120 194 183 184 90 255 165 255 255 255 255 13 255
    5 134 255 220 255 255 43 255 170 181 255 145 99 255 47 255 255 255
    255 7 231 255 119 199 255 13 25 249 217 84 255 177 255 255 255 197
    255 255 255 95 255 30 193 194 39 29 170 39 80 255 120 24 255 185 255
    255 3 211 255 144 255 255 255 255 56 255 255 226 159 15 131 61 22
    231 255 2 13 242 39 209 165 36 37 141 174 255 24 255 101 255 255 217
    255 148 95 209 255 222 228 242 118 244 77 13 115 255 255 255 0 255
    249 153 255 48 109 255 137 255 179 165 255 255 221 255 155 201 135
    255 183 34 255 220 102 255 131 155 77 141 138 255 26 82 183 255 2
    255 125 32 255 221 128 134 183 2 157 255 242 129 162 206 209 4 55
    255 255 255 255 140 255 174 46 230 255 50 255 255 21 124 255 101 235
    255 51 255 9 167 29 103 123 75 255 62 140 255 187 82 207 234 135 255
    46 14 6 255 255 255 18 255 65 255 193 77 255 255 190 184 70 123 217
    205 255 255 77 15 255 63 24 22 255 255 161 255 237 37 255 118 51 255
    255 244 230 211 255 19 220 255 255 78 68 210 255 173 106 255 255 128
    255 152 255 255 155 255 255 14 255 255 212 7 0 148 255 255 147 217
    255 221 114 170 151 255 220 0 255 255 156 255 255 116 12 246 230 240
    255 213 217 248 64 255 209 64 255 125 190 140 24 253 255 30 255 255
    255 255 205 224 255 208 50 208 240 255 177 255 209 255 9 255 206 255
    255 255 223 255 255 255 63 255 229 255 104 56 255 255 255 211 213 75
    255 237 63 255 223 159 255 71 255 255 43 255 255 191 255 161 155 255
    255 163 255 149 32 126 121 202 84 255 89 255 161 29 242 255 133 97
    73 255 164 255 238 3 110 127 255 30 238 109 252 80 162 170 255 84
    138 255 152 255 233 206 255 253 255 215 25 135 84 72 255 255 39 255
    255 12 24 255 255 255 35 255 255 192 202 142 254 255 217 60 72 176
    255 224 255 255 199 22 118 255 188 255 253 201 245 108 70 190 102
    255 159 227 255 112 255 159 255 119 255 255 255 255 97 43 49 255 137
    15 95 255 58 202 57 34 255 101 255 125 255 48 255 237 70 255 255 237
    131 62 255 255 255 118 230 170 90 105 255 121 255 242 43 136 151 111
    80 111 106 255 248 255 220 231 244 255 255 255 255 253 164 99 245
    255 255 82 130 255 3 255 181 255 97 198 17 198 0 36 255 255 255 255
    62 170 157 166 86 237 88 98 15 63 219 255 230 174 254 255 118 255 80
    184 255 105 17 210 255 37 75 118 255 211 255 255 255 151 154 255 19
    4 255 15 221 198 255 235 255 116 246 255 129 127 246 255 1 255 134
    35 89 34 255 255 255 233 107 30 176 225 255 62 235 255 138 55 255
    190 255 37 255 255 112 249 255 255 17 255 255 112 255 22 107 255 15
    64 119 73 242 255 255 216 255 255 50 58 164 65 124 255 79 255 255
    248 0 149 195 198 255 255 255 255 252 255 255 64 7 162 35 157 133
    255 255 255 255 162 203 138 255 200 101 85 255 255 3 179 136 255 255
    255 255 95 255 196 24 252 255 255 116 249 47 91 196 255 252 255 54
    118 72 30 255 255 190 255 109 255 44 232 183 255 147 213 163 255 136
    255 255 255 255 255 151 255 255 255 206 157 255 255 215 187 115 182
    166 249 251 69 255 255 233 210 152 121 10 255 255 219 143 99 255 255
    255 255 87 255 42 255 99 255 255 255 94 53 112 35 130 28 255 242 255
    169 255 255 55 90 255 8 220 136 80 89 164 105 70 255 68 179 209 255
    255 93 48 2 255 154 111 45 173 55 255 21 255 2 119 15 147 94 135 170
    143 255 2 212 12 255 12 140 254 216 12 255 244 191 255 42 223 151
    255 255 255 33 254 255 116 255 7 167 255 4 255 255 84 154 249 255
    151 118 123 217 157 255 255 145 0 98 255 162 255 210 248 159 92 211
    112 97 255 78 119 164 125 73 131 255 255 181 90 218 194 176 82 255
    223 126 62 255 255 209 161 230 255 62 53 255 169 255 255 255 255 103
    223 186 224 255 255 255 255 255 255 255 255 198 238 255 231 30 255
    187 30 255 121 60 177 255 255 255 255 22 255 255 155 152 147 87 58
    54 208 145 255 255 255 255 69 70 255 115 255 255 26 255 19 249 223 9
    54 210 2 255 210 255 221 255 255 137 29 155 255 255 255 14 70 255
    255 2 133 255 201 224 255 255 19 255 174 149 248 255 138 109 92 255
    50 255 255 255 14 255 215 255 11 6 246 255 109 255 255 159 164 255
    60 255 15 213 242 17 54 255 255 255 232 166 95 255 255 147 114 255
    46 14 138 136 251 255 167 24 255 17 255 255 94 244 220 255 244 90
    220 152 255 226 255 179 116 147 84 84 255 255 255 255 11 255 111 255
    65 255 129 78 152 255 111 223 255 255 133 255 255 255 119 51 255 45
    4 65 255 197 255 255 224 255 32 167 181 255 167 179 11 255 255 243
    57 232 95 228 255 255 255 44 123 120 39 196 255 255 255 227 255 255
    238 84 255 255 135 255 172 140 97 82 255 241 255 255 45 255 27 255
    78 111 224 245 255 255 89 255 255 165 95 203 19 191 241 6 255 255
    255 255 235 209 165 255 53 255 34 125 182 252 173 194 255 100 255
    161 151 255 255 255 44 255 39 244 248 255 255 233 125 220 254 144
    229 255 149 160 255 227 255 62 78 138 255 242 255 241 161 49 255 255
    217 255 239 255 226 255 41 255 255 255 255 255 255 255 255 111 101
    61 255 125 206 176 255 255 255 255 255 255 149 82 230 181 223 255
    255 29 255 255 248 36 21 172 114 134 255 255 170 65 49 248 58 203
    255 255 85 62 215 255 255 94 36 155 255 157 255 126 255 255 95 193
    170 73 150 255 255 32 151 198 255 174 127 255 255 105 51 255 140 95
    255 172 90 255 18 65 65 255 152 255 120 255 105 69 255 255 227 181
    255 51 124 47 101 53 30 86 130 255 75 75 121 46 255 255 255 109 255
    255 255 131 129 255 255 180 255 21 255 107 67 255 255 121 246 255
    255 143 211 255 235 75 255 199 255 52 255 255 255 255 255 255 255 12
    28 14 255 255 255 255 205 75 68 0 29 92 255 33 222 108 116 255 28
    155 255 255 255 255 78 26 99 11 185 20 255 255 218 52 255 255 255
    147 229 255 72 234 71 145 20 255 223 24 255 255 213 255 50 174 28
    231 255 30 199 99 255 226 159 255 166 99 255 255 56 255 230 255 37
    255 118 136 148 254 255 126 124 54 255 255 255 255 255 13 39 24 255
    234 255 255 249 255 255 104 38 255 174 255 108 79 159 255 198 255
    222 147 223 255 172 255 22 80 44 228 255 162 140 141 5 207 120 255
    26 255 121 255 190 255 255 28 208 144 198 255 24 180 240 255 255 255
    226 112 255 255 86 143 218 241 176 255 255 255 0 203 165 255 44 140
    255 109 58 136 1 255 101 248 89 205 173 255 255 255 43 255 158 255
    255 113 92 222 234 255 241 12 34 255 100 255 144 167 229 255 24 80
    187 102 29 246 255 247 255 72 55 185 118 237 255 100 255 26 255 255
    54 255 255 77 107 255 80 208 215 231 83 255 50 54 60 255 131 217 255
    255 255 255 252 255 255 151 255 255 216 255 255 255 247 255 19 255
    203 184 255 192 194 255 255 255 255 255 35 67 82 50 255 202 255 255
    146 255 179 255 144 200 166 33 85 26 71 12 62 206 174 22 138 255 255
    255 181 198 203 255 153 233 78 218 44 255 52 151 56 239 255 7 255
    255 22 255 40 255 26 255 255 58 115 255 255 136 255 32 255 5 254 173
    159 174 213 135 155 162 255 166 167 255 241 181 205 255 37 255 255
    209 255 255 6 9 255 29 41 255 206 255 255 255 188 255 246 255 255
    255 255 255 113 20 255 159 19 245 255 255 17 253 255 84 65 255 255
    149 222 255 245 255 235 199 182 101 255 107 255 68 255 255 253 255
    255 76 255 218 167 188 149 162 255 9 3 235 255 30 255 255 255 255 45
    255 184 105 252 255 255 231 82 255 53 255 194 30 188 255 167 255 255
    255 235 245 184 49 86 75 255 255 179 242 255 255 255 129 235 48 77
    78 126 228 127 43 241 44 251 255 26 10 255 156 240 255 127 19 255
    255 255 255 169 246 91 255 229 189 51 255 255 255 255 255 219 208 93
    69 181 255 255 255 255 127 27 217 234 227 255 51 176 78 212 155 198
    131 200 80 123 255 187 213 255 255 25 194 255 177 255 255 0 255 112
    183 24 255 76 176 255 221 128 255 57 255 255 147 255 183 47 254 164
    255 164 255 91 58 255 30 255 99 220 255 24 95 255 255 183 109 255
    136 135 101 83 215 255 22 255 231 255 213 157 231 188 255 39 222 255
    255 255 194 89 84 255 245 164 255 203 255 146 46 3 196 255 255 255
    147 27 255 154 89 15 255 255 255 46 237 22 255 68 211 255 58 255 255
    255 255 255 230 73 255 255 255 137 196 255 255 255 63 116 177 159 43
    255 255 68 189 233 15 82 194 131 255 255 255 255 114 147 203 255 226
    159 101 234 255 255 169 169 127 227 75 49 145 211 224 255 150 91 14
    255 255 249 61 255 255 255 255 0 43 99 255 20 255 144 61 255 255 255
    218 237 255 255 69 189 248 91 255 255 68 255 230 140 255 255 100 255
    255 163 44 233 118 174 255 166 218 230 255 255 80 87 135 255 255 255
    255 215 31 222 141 222 30 78 255 22 227 255 144 255 95 136 227 255
    106 8 255 255 111 184 255 89 255 97 235 255 255 8 255 205 107 140 56
    80 255 255 102 114 255 115 255 161 255 225 65 255 255 133 219 143 86
    169 9 255 7 255 255 76 255 15 10 92 255 241 252 237 111 255 255 40
    189 255 255 255 179 184 255 0 255 116 213 255 44 172 255 251 157 255
    124 177 39 169 125 42 255 255 89 51 255 255 255 255 255 49 255 173
    255 52 255 255 123 185 84 77 53 255 218 152 255 255 107 106 209 255
    164 255 255 255 255 48 255 220 65 126 255 62 118 75 185 101 78 255
    12 63 246 255 255 244 27 255 180 255 255 255 43 231 205 85 175 165
    138 255 0 167 250 255 159 255 255 255 181 141 255 175 39 145 255 255
    51 58 87 194 255 116 255 220 255 153 255 73 43 153 255 255 93 255
    255 255 12 255 255 166 135 30 102 255 127 71 255 255 137 255 255 255
    232 177 28 255 255 199 230 255 101 255 37 255 229 69 107 255 213 202
    255 255 73 22 95 255 82 15 134 3 255 14 184 35 64 255 118 4 92 189
    54 255 255 162 51 91 255 255 200 137 95 62 255 101 15 24 193 159 208
    255 255 80 104 250 21 255 255 149 255 255 33 255 177 75 7 255 141
    255 144 244 255 58 255 255 230 145 2 255 98 32 255 14 114 147 255
    118 108 255 182 13 209 255 248 255 48 52 101 126 146 255 255 58 4
    159 47 26 82 190 219 205 255 255 15 255 255 78 134 24 255 131 219
    255 255 239 255 255 89 118 133 79 255 112 159 255 58 11 186 77 169
    167 78 169 215 255 255 255 6 42 255 255 219 255 255 113 255 175 227
    255 215 255 211 255 14 75 255 82 181 255 255 255 255 8 255 205 47
    255 129 251 255 80 255 255 255 17 121 228 217 193 255 90 164 123 233
    102 114 255 255 9 198 194 248 138 255 255 123 121 129 195 255 255
    233 255 93 206 255 213 235 152 190 112 255 119 255 255 255 213 255
    209 255 92 255 255 255 255 255 249 255 130 63 108 255 80 255 255 255
    166 181 240 250 255 39 235 84 24 255 198 80 200 68 255 95 111 188 78
    62 109 190 104 7 134 11 15 255 29 119 209 255 200 220 202 255 116
    246 255 245 235 29 255 112 255 231 3 255 239 255 255 26 255 136 172
    180 5 255 255 181 254 169 247 39 46 73 62 145 60 255 3 255 255 255
    255 255 18 215 26 255 255 255 127 255 189 22 128 101 187 7 255 255
    255 255 255 255 21 249 255 255 227 255 121 255 255 7 118 213 127 72
    131 255 221 255 237 255 44 105 217 160 255 24 255 164 15 251 147 54
    104 34 255 211 255 43 255 47 209 255 255 195 101 179 64 255 34 95
    255 255 109 107 241 48 255 255 172 12 255 255 70 245 25 255 237 137
    159 255 71 255 245 255 58 28 112 255 255 68 17 255 8 255 78 131 188
    255 195 94 255 4 255 71 165 255 153 65 255 39 255 254 255 255 167
    255 228 220 209 97 255 235 149 255 134 4 255 75 255 255 255 213 94
    49 255 97 52 127 235 255 255 255 255 84 162 255 36 126 35 18 10 255
    210 255 255 69 255 187 24 255 159 138 255 82 255 68 224 217 255 196
    17 255 11 249 106 185 255 255 255 255 255 255 83 48 0 255 255 73 19
    255 255 195 251 75 255 255 255 145 75 255 255 200 211 64 255 75 192
    176 255 239 118 255 255 194 13 122 34 255 122 255 255 201 172 255 60
    255 88 116 123 129 1 55 255 255 85 255 48 184 101 221 255 255 30 255
    105 255 9 155 51 255 77 94 177 19 43 60 189 46 255 255 89 56 62 255
    20 255 179 113 255 255 255 209 255 177 24 166 255 255 94 114 80 148
    255 255 255 255 255 21 255 189 255 162 255 84 232 255 1 179 255 51
    213 255 255 160 196 255 255 198 65 255 255 22 255 255 26 255 198 113
    61 41 14 121 217 179 255 147 255 119 255 181 43 255 255 232 255 255
    255 255 129 246 231 255 255 95 227 227 255 255 58 255 255 128 255 66
    242 179 95 138 116 255 70 245 167 97 255 255 255 45 255 210 56 255
    255 255 122 255 63 237 174 255 206 255 22 253 213 47 19 255 4 255
    255 118 255 255 56 42 147 112 72 255 255 255 255 255 120 230 155 14
    255 2 122 255 255 255 255 194 255 255 237 134 205 255 95 255 255 174
    255 255 162 80 151 255 145 218 24 169 255 126 19 255 255 46 84 255
    227 255 148 254 255 12 160 183 255 255 255 255 41 166 42 255 255 159
    198 26 255 3 108 84 255 255 255 255 108 255 136 255 76 255 255 158
    17 177 163 60 84 129 17 255 239 215 255 136 56 233 140 182 255 151
    165 255 235 188 255 3 252 90 162 255 255 125 255 255 255 43 230 155
    255 255 246 255 252 44 255 255 255 255 255 22 123 255 227 55 255 255
    255 161 242 255 147 255 148 255 255 254 255 61 255 255 255 232 37
    234 251 209 101 255 255 0 235 69 54 255 255 197 255 30 255 167 255
    255 255 41 255 174 105 68 255 255 141 255 90 202 255 198 255 255 82
    165 255 255 239 10 161 163 255 7 111 255 255 66 255 255 148 246 80
    104 182 255 194 255 255 255 255 175 255 255 133 255 230 105 107 104
    181 190 255 255 95 255 254 18 46 255 185 223 157 89 255 189 130 102
    255 86 255 127 216 239 255 174 255 153 21 255 255 78 82 255 95 255
    255 84 67 255 1 196 255 18 255 255 101 255 255 25 235 15 133 239 106
    125 121 230 155 155 255 127 14 254 255 94 32 40 101 177 48 255 255
    145 255 255 255 227 255 255 255 142 84 22 62 209 0 255 255 142 203
    119 239 121 255 255 255 3 255 151 140 255 78 102 255 255 87 36 248
    72 160 255 145 255 155 162 70 255 255 51 218 126 177 114 156 48 24
    255 196 52 255 255 255 36 186 255 255 255 255 255 255 255 255 142
    202 255 255 164 228 114 140 28 255 255 255 255 255 46 255 255 100
    188 255 173 114 255 205 230 255 107 255 190 213 255 222 76 255 255
    255 92 86 122 255 255 173 255 2 176 113 255 57 225 194 42 148 82 83
    255 255 54 172 97 154 255 140 147 73 255 255 140 181 255 255 255 115
    255 230 97 109 255 180 94 255 255 61 80 230 255 91 221 32 207 122
    255 255 255 186 255 111 218 118 127 44 35 255 65 255 55 133 241 12
    34 255 116 255 255 158 255 151 255 255 255 255 217 34 216 41 246 29
    255 255 1 77 52 36 7 255 62 255 255 213 61 255 98 255 127 6 111 255
    221 255 255 255 255 226 210 193 255 255 72 233 205 255 77 147 246
    170 201 174 255 73 206 255 181 31 255 129 255 129 212 31 255 255 255
    203 255 255 35 255 255 255 78 234 255 255 15 45 48 255 22 255 133
    181 26 155 155 255 38 181 181 114 77 32 246 241 37 255 67 162 32 255
    3 255 99 32 51 255 104 0 255 224 255 255 255 60 192 98 255 255 203
    113 255 255 85 224 40 124 255 255 130 103 253 225 255 255 157 255
    183 225 255 76 255 93 185 14 226 252 255 255 36 15 62 173 255 255
    255 255 255 26 167 140 255 255 82 255 206 255 113 255 118 61 255 19
    14 77 255 187 242 255 255 255 52 24 39 93 181 255 255 42 255 255 216
    255 15 194 171 205 203 159 106 119 255 114 231 176 255 227 255 218
    206 232 255 4 255 17 147 255 233 24 85 255 86 87 255 255 255 215 129
    174 255 97 171 125 24 7 255 202 14 255 10 255 255 68 220 255 255 255
    222 184 255 177 255 244 255 255 97 255 158 255 194 255 210 255 253
    255 110 176 72 255 73 255 110 64 225 255 248 255 62 11 147 255 170
    70 47 241 235 255 48 255 58 201 251 56 255 36 95 255 56 250 0 255
    255 14 255 255 26 198 224 61 230 255 255 255 255 255 3 255 255 89
    255 163 255 255 255 255 255 32 255 47 101 255 56 22 32 255 231 24
    255 11 255 17 255 255 248 163 9 207 255 177 121 93 255 6 122 211 11
    251 255 134 215 193 142 152 255 35 173 113 255 123 82 255 44 255 255
    33 179 255 235 65 0 255 255 255 219 230 106 223 10 95 255 255 69 255
    255 217 39 255 75 177 229 119 202 255 207 255 255 255 255 255 255
    239 123 149 0 255 56 133 84 133 97 255 28 95 237 164 21 255 239 255
    7 255 176 255 125 255 12 26 179 131 6 98 255 255 159 63 255 17 255
    54 44 255 255 255 63 26 255 20 255 219 48 255 86 255 246 61 2 255
    213 255 123 202 255 255 194 106 255 255 255 255 231 67 255 33 51 134
    201 206 255 10 255 255 68 22 255 208 72 84 47 218 175 255 61 255 144
    107 255 180 255 9 255 169 255 255 20 255 169 255 101 228 239 255 115
    140 241 244 217 255 255 92 255 192 255 146 163 142 255 40 101 255
    255 177 181 197 255 200 69 106 254 61 255 255 69 252 183 86 255 255
    230 80 255 163 133 9 58 31 255 255 20 133 255 150 255 226 255 255
    255 194 255 76 77 198 65 255 255 32 60 222 183 15 255 206 255 255
    239 210 255 209 85 255 255 73 103 255 38 142 149 116 230 170 255 179
    226 106 75 162 65 71 255 255 187 64 92 255 246 223 93 208 255 255
    184 75 91 172 53 209 112 251 233 255 255 162 190 116 215 53 229 142
    237 255 255 255 237 255 170 255 255 252 208 255 226 255 237 1 234
    255 46 46 125 40 106 255 30 142 255 115 255 114 255 130 254 79 39
    255 161 255 99 201 58 116 255 164 255 231 255 255 255 89 177 255 186
    255 30 0 255 255 186 255 231 36 255 203 58 255 212 38 134 104 60 255
    66 160 60 161 46 255 32 240 91 17 89 93 255 29 255 6 135 26 255 121
    255 255 191 255 255 255 255 255 255 255 17 255 255 255 150 255 169
    176 161 177 14 71 42 255 224 21 133 255 133 39 255 173 77 99 255 255
    91 66 118 142 112 176 255 255 167 129 190 255 230 255 200 245 255
    255 255 221 255 200 30 255 255 145 255 54 192 150 255 91 17 255 255
    213 255 3 38 255 147 255 255 255 255 255 255 143 255 113 211 62 255
    255 175 165 167 245 177 194 119 174 255 255 248 230 255 255 255 15
    176 206 56 140 2 161 37 255 170 108 255 39 255 34 255 120 255 255
    255 255 255 159 135 222 35 255 255 147 255 224 255 229 149 118 203
    255 231 211 41 183 196 255 255 10 255 58 53 255 169 164 189 51 179 7
    104 102 255 86 255 147 255 55 255 64 29 255 94 255 255 248 24 200
    255 130 241 39 255 255 143 255 255 187 32 255 253 255 231 120 152
    105 255 147 255 80 255 45 69 255 90 203 255 255 101 255 108 75 255
    235 239 77 255 7 255 0 60 255 255 255 252 255 255 255 174 224 255
    159 255 227 237 255 255 255 255 75 179 129 255 99 113 255 255 148
    255 255 75 109 157 156 87 255 239 255 255 119 255 103 51 188 15 68
    255 108 55 147 255 29 255 255 209 255 245 228 38 49 255 237 255 104
    255 255 255 111 187 201 44 37 255 255 255 255 255 35 227 114 255 98
    255 119 151 247 220 79 255 63 172 255 255 71 167 198 255 124 255 255
    95 73 255 255 255 21 189 255 255 255 250 66 118 144 255 106 103 98
    255 159 180 255 4 255 255 255 255 255 13 165 255 97 86 255 183 10
    255 255 122 55 255 68 247 34 208 102 147 224 255 255 156 119 78 40
    255 255 255 255 255 138 67 255 173 255 88 14 167 134 234 255 255 227
    255 255 255 255 39 19 113 255 255 14 93 255 255 255 11 255 220 197
    171 30 138 255 255 195 2 255 252 203 255 48 255 131 226 255 255 116
    5 49 138 249 2 255 255 26 180 114 138 102 107 255 167 99 255 43 255
    58 32 210 84 255 255 255 241 135 80 246 133 255 255 255 255 118 255
    203 224 124 255 255 172 255 231 255 255 255 230 203 44 196 133 206
    255 255 141 90 106 69 131 202 69 255 118 255 218 174 130 255 254 242
    255 255 255 255 147 136 68 255 29 255 50 255 255 86 239 255 255 255
    255 255 255 12 255 46 213 58 93 107 32 253 193 190 57 181 255 255
    246 252 55 246 255 255 215 255 138 140 50 255 102 255 72 118 67 8
    255 252 127 176 123 144 255 255 255 255 255 255 255 144 255 254 255
    61 255 255 255 0 255 227 41 255 188 255 255 33 218 255 107 164 121
    255 51 255 255 255 255 14 255 255 208 113 255 255 102 245 255 46 181
    44 255 255 255 255 255 221 255 255 19 167 255 145 70 151 205 230 255
    44 0 255 255 101 192 72 255 255 89 41 255 58 255 255 255 203 255 163
    234 106 255 70 203 83 255 255 25 176 106 32 255 218 255 201 255 184
    255 144 255 3 65 255 61 255 255 227 205 255 213 252 208 255 241 255
    94 255 255 255 73 234 171 11 255 255 255 167 255 255 148 255 82 255
    237 190 234 165 75 235 255 45 133 176 255 248 177 255 125 255 255
    255 255 255 255 213 255 29 60 255 15 255 245 166 48 189 144 78 88 89
    255 255 152 133 255 179 239 220 235 165 255 111 255 11 136 239 202
    89 255 127 72 2 116 255 255 255 197 111 80 120 255 255 212 255 243
    255 41 60 255 255 43 80 255 209 255 246 248 22 61 255 202 255 255
    127 218 106 255 78 162 255 206 209 255 138 69 255 153 255 174 24 215
    244 255 114 226 255 255 255 171 39 61 188 255 51 61 119 72 255 149
    255 157 190 112 167 255 134 232 194 71 255 255 255 255 255 3 218 255
    255 255 255 24 251 80 125 255 255 102 255 78 209 220 78 154 255 255
    119 49 255 255 255 129 255 255 233 255 38 255 14 255 255 84 217 255
    158 60 255 197 217 162 170 247 255 255 157 231 255 109 4 102 167 99
    255 244 255 173 255 255 255 73 255 255 255 136 55 255 231 137 126 0
    72 255 80 43 255 255 25 255 255 255 82 99 255 126 255 255 255 217 61
    53 198 255 78 50 127 255 255 54 87 99 255 255 255 60 255 255 46 223
    34 173 255 255 8 90 255 18 255 103 161 255 86 255 255 255 89 249 255
    255 255 255 255 255 245 255 46 255 91 255 255 202 255 224 255 255
    255 176 255 30 208 211 192 173 255 168 141 255 60 156 143 202 33 203
    255 230 95 255 73 239 39 244 53 151 255 255 220 223 205 235 255 133
    255 213 61 86 75 205 134 206 44 222 125 255 26 255 255 151 6 251 255
    134 133 181 10 229 73 149 255 255 161 255 255 255 255 255 255 255
    255 255 171 119 234 255 63 177 97 255 255 32 39 255 113 69 237 36 73
    32 51 24 43 65 255 251 51 255 169 255 255 209 38 245 47 255 255 100
    255 9 129 255 231 255 255 233 206 255 179 108 255 93 255 159 255 255
    167 255 83 255 131 109 255 118 113 101 255 18 26 255 255 255 41 255
    255 255 17 255 255 253 169 255 7 255 196 163 46 255 237 255 28 209
    160 151 210 116 118 130 15 116 109 255 255 187 255 255 24 255 255
    203 255 255 255 255 245 39 106 255 11 220 99 109 255 194 155 3 7 255
    181 47 109 239 255 145 89 255 36 31 255 11 254 183 91 255 127 255
    255 230 159 174 112 255 167 34 137 82 255 75 143 198 84 255 97 101
    73 255 127 140 146 255 189 106 255 58 255 54 19 255 255 162 202 215
    53 82 19 255 255 64 255 255 255 255 255 255 239 162 255 255 119 169
    27 11 246 58 131 167 255 255 255 255 255 90 164 217 11 255 209 234
    255 255 76 130 255 73 133 127 133 255 80 152 255 255 235 101 255 255
    255 220 15 94 255 223 255 255 255 32 133 213 255 255 237 255 255 255
    215 243 255 249 255 154 49 162 94 53 0 19 255 255 108 215 255 3 116
    255 184 27 189 154 2 255 126 39 6 255 255 255 100 215 255 255 201 2
    187 51 255 61 255 255 255 130 255 80 255 255 44 255 255 69 255 255
    255 255 255 177 9 28 212 255 255 18 0 255 255 53 103 255 17 255 42
    255 22 255 43 103 242 255 255 209 194 133 255 255 228 183 31 235 187
    208 255 223 255 69 148 240 146 58 10 181 255 255 255 241 255 255 221
    113 255 47 176 255 14 255 123 154 255 116 86 181 255 255 255 39 138
    213 235 144 255 30 78 255 157 134 3 231 255 67 151 255 107 255 255
    255 93 255 255 243 212 5 196 60 225 246 24 255 133 249 222 233 84
    255 159 167 255 255 73 73 183 165 255 103 255 77 37 255 19 2 84 140
    255 255 255 255 10 255 192 152 255 131 51 255 26 21 135 200 43 68
    123 255 255 255 255 12 179 209 255 255 162 164 77 180 181 0 26 39 60
    113 90 254 90 255 43 84 255 255 252 172 110 58 99 255 10 220 255 12
    255 255 98 169 37 255 255 255 255 194 175 154 255 222 100 255 255
    255 130 78 95 84 255 24 53 255 154 255 255 61 162 255 208 58 123 233
    87 255 212 240 255 255 255 255 53 255 7 1 0 149 4 255 255 255 22 17
    220 240 146 35 255 255 255 123 255 255 220 255 162 211 43 184 255
    179 194 255 157 165 255 255 239 75 75 21 255 255 255 232 209 224 255
    255 201 255 127 255 167 255 11 172 255 64 255 255 133 230 246 241
    255 255 227 124 73 50 255 255 252 227 189 233 246 255 12 255 138 248
    255 170 53 255 255 255 109 15 104 255 9 202 255 151 255 217 202 221
    255 215 60 55 226 255 140 255 255 218 255 169 148 255 255 255 255
    224 255 255 177 255 255 14 255 164 255 255 255 255 255 192 226 106
    255 174 255 255 176 255 190 39 255 75 104 215 255 95 153 209 10 255
    255 255 255 255 255 15 255 215 255 255 72 167 255 11 255 93 21 208
    255 223 89 254 255 255 255 172 222 149 120 255 91 109 155 78 136 201
    119 253 176 222 173 138 222 112 55 255 255 255 34 255 255 255 202
    255 187 148 191 35 172 150 174 179 29 62 82 55 192 115 255 105 28
    153 63 248 164 255 37 17 255 255 255 174 144 184 255 54 255 255 64
    12 159 165 114 146 255 251 255 255 128 255 255 101 255 255 255 80
    199 255 255 226 255 77 255 227 50 203 165 255 133 255 114 255 255
    255 255 255 24 126 29 255 73 255 194 205 92 13 95 255 9 159 255 138
    28 0 125 255 229 78 255 167 255 57 255 255 255 255 28 255 56 43 255
    255 4 102 14 151 224 97 255 78 181 255 84 255 110 71 255 142 79 36
    110 159 255 255 48 36 255 22 255 255 112 12 90 55 72 155 17 29 47
    255 255 255 60 227 56 241 255 255 176 255 9 32 255 255 255 104 41 90
    255 255 255 27 239 190 255 73 21 138 15 75 61 230 255 255 255 58 240
    255 44 255 255 112 189 134 55 196 255 22 107 255 177 255 250 112 210
    250 183 255 97 255 222 255 255 201 255 125 133 17 180 55 255 255 27
    255 84 255 181 107 255 255 255 255 255 227 203 255 215 255 185 255
    225 255 111 230 157 219 189 255 231 255 255 58 191 224 60 255 90 8
    49 255 33 255 39 19 92 105 19 255 0 181 104 241 28 24 246 8 255 255
    255 255 255 94 244 121 133 255 54 22 68 255 255 61 217 119 255 255
    127 38 181 6 255 30 255 94 37 69 255 138 212 5 200 246 162 255 255
    255 255 18 244 133 255 255 255 255 155 99 26 34 255 170 255 99 255
    160 255 126 255 255 105 90 255 11 223 239 235 251 255 255 255 127 29
    255 255 255 27 255 95 255 255 82 255 255 255 255 75 6 20 255 127 255
    237 47 153 45 73 70 239 255 39 217 212 255 255 255 255 255 94 255
    161 183 225 58 50 53 84 109 181 151 80 87 21 173 255 255 166 138 4
    161 188 255 100 124 255 233 123 255 159 255 218 140 255 220 255 12
    255 255 255 255 140 255 101 100 255 121 245 215 255 127 223 237 255
    249 255 40 102 255 120 255 147 255 255 78 61 186 255 255 208 71 78
    181 172 105 49 222 255 111 151 107 34 255 119 255 198 173 189 140
    255 255 255 148 38 237 255 68 255 143 255 37 255 107 9 154 182 41 72
    191 187 255 255 56 255 90 237 190 255 133 73 53 255 255 136 255 53
    255 183 107 255 200 55 38 255 46 255 30 54 124 255 223 56 255 4 255
    255 155 147 255 255 22 255 7 136 255 144 255 13 130 255 255 6 255
    255 255 255 255 255 255 255 71 39 105 112 27 181 255 255 155 151 255
    255 155 255 255 54 75 255 206 255 252 173 255 177 78 58 255 18 255
    127 78 2 174 203 19 155 216 232 243 29 255 209 255 164 32 61 68 45
    255 255 255 55 164 255 116 234 255 158 255 198 50 255 134 129 22 218
    127 165 58 40 234 147 8 255 255 246 255 255 170 255 255 7 255 255
    255 44 84 255 116 194 255 255 255 134 255 19 255 162 190 255 255 255
    25 220 35 255 182 255 255 255 78 15 116 155 253 255 11 255 255 255
    255 17 255 53 255 217 252 147 162 53 255 17 61 160 164 11 223 192 3
    147 153 133 198 255 122 43 181 170 255 91 95 234 146 255 255 164 155
    68 4 95 113 239 138 138 255 251 255 255 97 255 255 95 101 168 65 174
    54 255 34 255 255 255 255 255 255 255 100 194 255 102 51 255 203 75
    146 215 145 4 255 171 255 51 255 205 242 184 174 30 255 255 33 255
    161 255 78 60 213 147 153 98 255 192 255 107 37 43 107 255 53 255
    136 231 61 255 255 255 127 255 255 255 60 255 255 255 255 189 255
    198 255 245 58 39 255 255 255 248 160 255 97 220 255 177 230 255 239
    114 77 169 189 118 73 255 149 221 169 37 255 179 213 255 97 0 255
    255 159 238 213 255 234 255 255 115 255 58 241 255 255 255 22 54 21
    255 255 137 167 166 206 9 134 230 119 136 112 176 93 255 255 255 255
    182 15 255 255 114 19 19 255 80 255 255 65 255 255 35 255 255 162
    255 255 152 255 181 255 51 255 230 130 194 220 138 255 82 255 255
    213 255 255 46 255 69 255 89 255 255 229 105 69 255 255 28 152 134
    255 255 159 203 56 255 197 97 218 165 55 255 255 215 34 129 255 255
    255 255 255 255 24 255 255 95 255 255 208 255 255 255 255 255 251
    255 255 255 80 3 34 157 93 255 255 48 75 255 79 130 118 29 255 255
    202 46 161 107 255 255 152 34 71 255 48 181 252 218 255 94 9 200 255
    255 255 48 67 175 69 176 218 255 255 255 35 48 187 123 99 255 4 255
    255 12 167 11 255 255 255 255 255 45 104 255 37 255 255 21 131 255
    255 154 255 177 39 210 255 17 255 177 255 0 142 231 206 230 60 255
    255 235 198 255 64 222 250 76 255 179 192 169 26 210 174 67 60 10
    255 161 136 129 42 255 255 107 255 255 255 223 255 192 255 255 255
    255 35 86 138 255 255 82 255 145 223 62 154 255 21 195 80 255 255
    116 37 86 184 97 17 235 255 255 229 255 21 255 77 255 247 255 255
    169 106 123 111 255 109 131 4 174 230 224 255 48 231 122 186 149 125
    32 255 154 113 192 133 121 255 116 186 255 255 255 243 255 9 168 163
    255 255 40 255 71 255 73 255 255 182 112 111 255 255 245 255 255 113
    194 255 255 177 52 255 164 252 185 111 19 255 255 255 255 48 255 152
    255 140 194 255 196 197 113 162 30 255 181 255 255 88 255 162 134
    255 48 159 82 167 155 226 255 255 105 121 82 53 255 255 136 143 220
    10 218 255 58 121 255 65 255 255 112 222 248 11 255 24 217 92 217
    255 255 192 173 255 255 75 255 255 69 44 9 203 255 21 162 152 255
    255 97 255 152 255 255 255 210 255 50 255 255 118 131 255 233 246
    255 144 255 255 62 155 157 136 157 246 174 109 255 255 51 246 190 99
    255 255 107 255 127 255 112 159 244 207 231 255 252 255 255 82 255
    251 255 10 246 185 234 102 255 51 27 255 17 172 255 228 255 255 89
    41 255 147 255 255 238 24 105 255 246 255 183 184 149 187 7 255 255
    255 202 89 208 213 255 128 155 255 255 255 93 32 155 162 218 255 255
    119 237 221 255 200 255 78 13 255 97 255 255 194 175 145 172 255 197
    9 106 118 255 209 255 65 255 255 255 255 227 255 157 71 255 39 185
    255 189 116 255 112 191 68 255 197 255 235 238 34 28 255 38 255 255
    126 255 6 255 187 246 255 255 231 58 175 255 152 255 255 255 255 71
    188 147 147 255 255 64 111 35 213 255 88 255 255 103 255 255 239 104
    102 255 0 123 157 255 255 255 33 255 255 227 155 255 255 222 190 255
    176 255 109 255 99 210 101 80 152 99 54 76 61 123 255 244 250 165 85
    187 255 210 255 71 255 73 126 116 255 255 255 226 102 255 77 133 61
    255 75 255 252 57 114 255 91 255 170 105 240 26 255 255 0 43 255 63
    255 160 255 143 255 78 255 255 121 57 44 151 62 188 123 255 234 62
    255 242 11 37 230 255 44 225 255 181 223 255 28 242 207 130 244 37
    203 255 101 197 201 106 104 213 97 111 46 255 241 60 181 255 255 32
    255 20 125 134 255 255 216 182 2 255 255 255 255 255 65 30 85 65 255
    255 78 252 255 172 58 255 255 255 237 243 66 7 39 234 147 255 255
    255 0 43 176 255 40 2 255 65 102 248 255 104 239 126 67 11 36 9 136
    75 255 255 66 255 65 255 255 255 208 255 255 255 255 233 233 255 157
    60 80 26 19 255 255 159 255 255 210 255 255 255 246 255 255 223 255
    159 55 159 113 167 146 111 87 32 255 176 255 75 89 220 1 249 226 255
    222 255 28 255 164 255 255 187 28 148 215 177 255 255 248 255 215
    241 255 255 1 223 255 162 255 112 255 239 164 115 53 255 98 2 255
    255 121 24 149 111 77 75 252 127 130 255 125 102 63 174 255 255 228
    21 255 0 138 124 255 234 255 255 86 138 11 255 255 91 147 255 255 46
    130 255 239 255 255 255 255 255 165 130 255 65 210 159 112 255 255
    255 255 255 174 223 151 112 255 95 36 255 255 255 255 93 83 60 255
    39 255 255 109 53 220 255 208 69 220 172 215 119 252 255 98 80 34 72
    255 255 86 145 250 255 255 34 223 10 255 255 255 133 255 229 255 35
    22 255 57 255 162 65 255 205 197 255 255 245 255 255 255 184 35 35 2
    0 227 15 255 145 255 255 4 255 255 255 181 255 255 244 255 75 73 159
    119 82 255 73 94 47 255 255 255 220 220 131 220 255 255 255 119 162
    163 255 159 226 191 108 183 135 127 32 255 255 202 255 255 40 255
    255 255 255 255 145 255 35 255 72 255 44 48 255 78 255 250 130 255
    22 191 255 82 242 255 90 69 255 255 255 186 255 255 255 205 144 29
    123 97 80 255 130 255 65 120 160 241 167 17 255 216 177 255 255 255
    255 255 123 255 192 255 237 116 255 200 170 121 255 127 51 255 78 56
    142 215 68 255 104 211 255 51 255 255 14 255 71 249 78 255 255 255
    105 255 255 129 97 255 228 255 2 255 255 255 255 141 255 17 22 73
    255 51 169 255 249 255 255 255 255 228 239 82 50 26 255 255 223 130
    62 155 58 255 61 255 65 220 255 35 177 84 255 226 104 138 188 255
    255 3 255 255 183 160 255 192 124 226 4 255 218 179 255 205 62 255
    218 220 75 255 115 184 255 62 255 255 127 255 255 255 72 90 86 255
    243 231 201 17 89 255 255 87 255 255 209 255 133 180 255 105 102 255
    134 91 255 37 255 255 255 105 255 45 107 140 255 165 255 108 80 165
    255 78 255 255 255 133 0 209 255 255 72 80 255 143 36 19 255 240 255
    145 255 255 255 223 125 35 14 255 37 255 239 60 255 255 255 255 237
    22 217 157 255 43 71 71 155 108 255 255 255 15 99 255 255 255 255
    255 255 73 62 255 103 43 235 255 245 255 255 15 194 255 248 255 88
    119 181 9 93 255 255 255 162 220 227 84 255 53 255 237 188 5 255 216
    41 255 101 114 35 255 150 90 17 255 243 140 77 90 36 255 255 101 72
    255 82 171 164 11 255 41 255 255 34 255 123 218 255 229 155 255 255
    35 11 80 255 144 255 250 108 255 255 159 255 255 255 7 255 255 39
    255 255 255 255 89 255 255 230 255 255 48 255 255 109 255 28 255 75
    255 66 255 170 43 20 209 65 255 255 255 237 255 255 107 177 58 240
    142 255 255 43 100 255 255 249 77 215 60 255 125 255 235 149 255 153
    147 255 255 138 255 186 255 194 255 255 165 220 155 224 126 255 102
    131 255 18 38 90 255 255 255 255 255 235 221 255 255 238 255 174 221
    138 255 255 255 9 57 255 34 255 38 6 223 222 255 219 255 103 255 255
    250 140 255 255 87 116 255 98 255 103 255 242 56 36 196 255 255 130
    246 181 255 245 125 152 65 255 95 255 255 255 255 255 247 54 71 255
    255 255 130 255 78 213 255 227 255 187 210 206 255 145 255 255 255
    255 108 118 255 58 172 12 7 155 60 255 202 9 255 73 255 255 78 84 56
    69 255 254 255 255 255 255 136 108 255 255 174 102 255 84 44 193 168
    255 255 255 252 255 255 255 26 255 62 19 133 255 227 255 255 152 127
    50 255 255 255 255 215 134 255 127 255 239 118 255 177 255 154 255
    255 73 244 255 84 255 255 94 255 198 253 244 118 50 255 63 170 20
    217 255 255 248 83 255 60 206 22 90 113 20 255 255 255 118 255 255
    255 255 107 255 148 255 255 255 39 255 255 255 183 255 255 235 78
    255 255 179 167 82 221 255 133 154 215 35 127 255 255 169 22 245 255
    19 255 6 160 255 126 95 129 209 131 159 57 203 77 220 104 255 180
    255 255 51 194 255 122 255 172 190 205 255 255 255 95 255 255 69 255
    124 255 255 87 255 208 135 255 55 255 108 231 255 255 122 27 255 202
    255 157 255 73 91 69 232 6 255 119 149 255 138 255 53 73 69 235 255
    62 231 150 255 26 184 65 251 145 41 176 213 255 255 73 255 208 255
    255 255 60 93 116 255 255 161 78 255 159 95 164 136 44 177 32 94 220
    206 198 73 255 255 255 255 255 255 237 77 22 101 255 255 255 145 123
    255 255 255 255 255 233 255 155 255 162 255 140 255 255 26 226 255
    84 252 255 255 17 255 255 58 255 196 170 159 50 170 210 22 255 255
    255 15 106 255 84 255 34 89 177 255 255 159 246 215 255 255 208 61
    164 68 255 164 109 255 185 255 255 255 255 89 218 255 255 134 87 239
    255 217 255 144 255 255 11 255 147 255 255 85 255 208 255 90 198 58
    114 253 255 37 87 9 175 84 255 255 97 68 255 230 172 202 29 240 177
    44 60 255 202 255 37 203 167 162 255 240 255 255 255 127 100 90 47
    119 9 189 6 102 155 219 255 34 144 174 213 113 95 255 17 211 211 162
    3 157 255 198 255 25 111 255 255 92 255 255 255 255 162 255 71 134
    255 32 72 255 255 255 254 255 226 3 255 255 188 255 176 193 147 46
    198 255 33 255 255 24 255 86 21 255 15 11 189 255 255 142 226 141
    255 213 112 107 222 87 255 255 165 34 140 26 255 255 137 255 175 108
    255 255 44 155 189 255 97 255 209 176 34 255 255 69 176 34 101 152
    172 112 42 191 255 33 116 93 255 255 255 255 12 255 30 255 255 19
    247 175 167 255 255 185 157 255 76 255 243 255 53 255 60 171 119 161
    43 177 255 116 255 192 255 255 255 77 255 255 0 39 255 251 255 165
    176 255 55 223 255 105 255 255 255 223 255 169 255 255 133 218 255
    255 255 187 183 177 162 217 255 255 255 255 255 255 193 255 194 72
    105 213 201 119 255 237 149 255 222 127 127 46 211 123 255 129 26
    153 17 255 255 255 133 48 159 255 255 230 118 15 255 217 152 32 255
    217 125 228 255 255 205 255 166 76 82 172 255 87 255 249 177 103 255
    255 255 255 41 153 33 206 93 246 22 183 112 255 84 255 41 134 26 136
    255 4 255 202 255 255 13 68 140 255 213 124 255 255 176 255 57 255
    172 255 255 255 198 111 230 234 38 255 255 255 129 203 255 255 83
    198 255 255 51 125 255 36 28 33 255 255 35 232 255 98 14 114 245 254
    255 255 133 205 48 255 168 255 22 2 255 186 239 255 255 43 255 255
    255 255 89 80 33 2 192 169 255 151 89 130 255 215 68 250 255 255 255
    255 128 211 84 116 255 18 255 255 80 255 82 120 255 65 177 150 11
    143 189 7 188 171 233 255 107 255 192 242 255 51 20 151 14 255 255
    51 55 255 255 34 255 255 255 52 93 255 255 255 90 255 255 34 161 184
    131 248 80 36 13 138 36 174 8 246 255 136 179 255 248 123 255 66 255
    255 89 121 255 66 177 255 238 255 17 255 176 103 210 255 255 93 255
    170 210 208 63 255 255 255 71 254 75 118 255 255 255 48 17 159 255
    202 10 255 255 100 22 56 255 255 175 169 255 47 248 128 255 255 145
    255 255 150 41 78 255 255 206 95 255 158 255 255 84 186 255 148 255
    255 11 182 255 129 255 255 123 255 255 255 73 255 24 193 255 65 205
    255 87 179 255 197 0 155 255 255 255 155 255 255 217 255 118 33 193
    43 255 20 39 134 255 84 176 135 11 18 255 161 197 255 220 255 255
    255 187 111 15 12 255 255 216 135 255 255 255 252 156 255 255 255
    255 255 33 255 255 188 235 255 209 255 255 65 255 200 255 244 255
    255 191 255 100 90 255 47 55 255 255 255 101 217 194 255 90 174 127
    251 255 56 187 133 255 179 235 255 83 14 255 156 104 255 173 148 108
    112 14 255 91 255 255 104 48 255 255 255 255 255 205 129 35 189 255
    107 111 144 91 255 255 141 255 86 255 240 41 255 109 194 82 205 252
    255 193 37 143 85 255 7 255 127 197 179 90 8 255 255 122 255 209 179
    255 144 108 255 13 255 215 255 118 255 142 195 255 82 255 130 255
    255 235 183 255 255 255 174 191 56 80 222 255 255 210 15 255 255 26
    255 255 129 220 73 255 62 255 215 255 15 255 202 184 196 134 14 255
    219 124 58 230 255 192 255 206 255 87 7 255 255 104 2 255 138 138 51
    255 56 255 191 35 112 255 255 71 255 84 91 255 255 125 255 91 127
    227 255 249 164 185 22 255 255 233 255 255 255 255 255 84 255 162
    226 101 255 167 213 255 255 153 213 68 255 255 11 242 255 255 255
    157 255 82 255 83 255 224 253 167 54 246 255 255 162 153 252 145 255
    19 127 255 255 78 255 106 134 255 17 158 255 129 231 255 255 181 255
    217 255 215 47 255 36 164 255 255 255 251 222 255 255 255 255 255
    111 255 255 255 255 184 172 226 255 68 255 105 255 255 255 89 13 255
    188 255 82 255 15 116 26 174 255 24 255 202 255 153 66 255 6 234 255
    255 255 255 22 75 160 88 190 255 255 24 97 136 202 145 255 181 31
    105 238 225 39 78 255 246 255 255 255 105 255 140 115 255 19 48 200
    255 170 189 255 21 159 255 39 255 255 255 171 34 255 255 255 255 255
    174 255 155 255 246 90 255 177 165 255 133 255 255 255 235 255 115
    136 147 255 244 255 94 87 101 209 255 255 79 255 255 133 255 224 33
    142 255 255 60 133 78 255 255 60 255 246 36 159 50 148 44 255 78 160
    181 255 155 168 237 255 255 223 255 255 255 227 255 32 87 69 233 255
    151 17 255 255 184 235 82 201 24 255 71 255 255 147 193 255 163 255
    220 255 15 255 228 235 255 249 255 37 125 58 26 115 255 245 58 188
    121 154 95 172 51 255 24 68 255 129 255 39 255 176 203 112 255 171
    235 36 255 255 239 255 69 255 255 255 154 255 255 165 124 84 46 121
    162 255 255 255 255 255 255 255 255 255 245 184 255 104 82 84 1 255
    255 228 9 226 255 48 255 255 36 0 242 255 255 255 101 255 233 39 255
    43 44 121 255 12 255 226 255 255 102 133 255 163 34 213 255 255 255
    255 136 255 253 78 255 75 255 181 22 73 255 199 255 190 212 130 50
    120 255 13 43 182 106 237 101 56 255 136 215 6 227 177 255 255 237
    255 53 151 195 60 255 42 189 255 133 246 47 47 143 255 97 255 255
    136 255 255 3 255 77 246 70 43 235 255 69 187 200 255 15 104 255 91
    68 255 126 70 147 108 32 131 129 255 255 57 155 82 116 255 255 159
    70 58 80 43 255 251 211 136 97 255 250 255 31 255 249 10 255 137 255
    255 167 255 112 255 242 255 206 41 17 252 255 175 4 255 255 246 255
    255 197 32 185 134 34 255 62 46 255 39 72 255 33 255 255 136 189 231
    202 255 179 141 255 255 255 255 255 86 155 80 255 169 255 255 255 95
    75 255 255 184 255 255 83 252 255 161 255 213 14 255 190 1 218 183
    226 182 255 83 145 255 223 27 255 255 0 255 161 255 162 255 10 255
    152 255 149 161 114 255 255 255 255 206 104 233 75 24 255 97 255 50
    235 255 17 57 143 255 255 235 255 78 26 255 248 255 52 90 38 54 15
    119 211 255 102 255 149 255 187 202 255 200 255 68 255 255 17 255
    255 255 114 72 34 162 177 92 255 24 118 255 221 255 255 215 255 255
    179 206 255 0 109 255 44 55 105 10 148 112 255 255 60 57 255 159 26
    94 108 201 255 220 205 205 255 235 255 196 54 249 255 228 27 255 238
    148 60 51 31 255 255 255 255 188 255 9 137 32 133 62 167 255 87 255
    255 30 19 82 255 255 255 209 244 217 187 189 255 255 255 252 163 97
    183 239 255 127 220 255 190 118 177 233 39 87 50 100 7 255 115 223
    123 86 72 255 165 255 151 201 254 255 166 191 118 69 75 255 57 17
    255 145 101 133 33 94 255 0 235 255 231 255 255 129 176 255 15 255
    17 255 123 125 237 140 34 255 255 255 4 99 45 238 255 15 147 255 255
    255 165 86 141 255 255 255 118 105 255 162 255 195 0 245 155 210 207
    183 227 50 244 255 213 105 255 255 252 193 255 6 70 62 255 255 255
    32 255 215 72 255 255 231 145 255 255 255 255 255 44 82 255 255 140
    120 70 255 176 27 255 72 217 189 255 200 49 7 7 161 156 68 255 255
    255 224 255 152 0 255 123 255 235 255 211 80 34 11 255 171 73 255 58
    91 235 20 149 255 165 90 180 114 106 116 133 255 89 73 58 60 254 142
    212 255 34 172 38 255 255 171 255 50 255 255 137 143 142 255 213 177
    181 36 50 255 220 255 75 255 84 87 29 58 255 235 255 255 255 168 190
    77 80 165 230 255 57 255 54 185 104 255 208 239 255 86 255 255 192
    255 226 165 182 105 255 255 6 123 255 255 194 184 255 144 92 7 195 7
    34 151 55 218 87 255 136 145 181 170 255 235 255 98 255 255 35 255
    205 255 242 91 54 10 99 187 186 255 36 118 255 215 99 209 221 24 255
    0 255 4 95 215 255 255 41 255 255 218 230 179 255 155 28 61 235 147
    255 255 26 223 255 255 255 209 245 78 255 3 24 67 83 255 255 251 119
    149 137 182 203 32 160 255 3 255 255 255 255 255 6 176 108 239 255
    255 255 201 255 255 200 241 224 240 65 102 188 250 201 255 255 208
    255 230 101 53 255 98 255 255 21 255 255 255 255 255 176 255 239 125
    159 69 255 255 255 147 255 255 4 255 255 73 255 255 255 255 255 223
    152 255 1 49 15 158 255 119 226 167 187 180 255 22 47 148 255 73 255
    52 238 255 140 251 220 255 217 58 255 255 255 255 169 255 142 255
    255 255 7 194 255 183 218 147 255 255 60 107 255 255 18 255 255 40
    135 138 241 255 90 15 255 255 148 255 140 152 255 255 116 118 153
    154 255 228 255 179 90 107 255 255 255 177 241 255 255 255 255 255
    245 216 43 30 255 193 255 246 255 202 255 75 255 197 255 103 181 194
    62 57 211 255 255 255 255 255 255 255 93 171 144 201 255 22 217 255
    237 255 255 207 37 49 255 14 255 67 198 109 255 255 254 54 29 255 65
    255 255 255 75 194 255 46 131 159 255 255 228 255 181 254 3 155 95
    233 255 246 255 121 22 241 26 13 156 255 255 24 255 69 183 255 56 48
    210 209 255 220 255 102 131 34 94 255 255 255 53 255 255 106 155 25
    255 255 90 89 179 209 126 255 62 255 255 255 255 255 177 5 185 47
    169 119 255 150 255 82 171 192 18 169 255 158 101 255 98 106 0 209
    255 200 55 255 136 255 49 255 231 26 255 39 255 255 255 237 255 147
    255 99 233 255 246 61 189 230 174 138 138 202 70 82 43 17 207 255
    106 255 249 255 255 25 19 26 134 63 255 255 2 84 87 95 17 101 63 255
    91 201 218 241 246 105 197 255 255 255 17 34 255 123 155 255 41 172
    255 206 246 255 217 116 177 255 52 161 255 252 199 255 255 255 94
    255 255 229 19 255 73 254 187 206 187 125 252 95 68 255 99 255 255
    162 226 109 255 255 182 255 166 255 255 203 48 75 80 116 255 255 255
    255 255 200 149 241 10 67 255 191 255 255 10 255 61 176 255 127 255
    255 255 255 255 101 255 255 98 255 108 80 255 142 174 255 254 123
    152 255 255 255 88 255 251 200 255 77 189 39 220 255 129 255 190 255
    255 255 1 242 255 28 106 255 131 58 255 97 188 215 46 109 255 224
    255 255 115 220 211 217 255 255 86 255 255 179 255 58 158 213 255
    255 7 75 255 255 255 212 255 198 25 234 255 138 67 255 255 44 248 82
    255 255 40 255 129 255 255 255 201 255 34 39 67 255 169 213 103 68
    104 255 255 136 255 216 48 255 255 205 134 183 101 255 44 255 138 32
    210 88 149 255 159 255 193 255 255 255 121 217 15 255 180 49 255 255
    104 15 58 12 56 255 63 255 95 217 255 102 73 2 255 193 255 255 160
    255 138 249 255 6 255 255 255 70 255 255 255 215 61 255 73 255 152
    202 61 80 255 206 77 255 255 77 19 144 177 0 209 179 166 255 234 255
    255 179 241 194 255 52 255 130 159 255 82 255 123 255 140 255 186 71
    145 255 255 235 194 144 144 162 255 184 211 97 84 157 255 213 5 255
    255 63 30 246 111 82 94 255 75 212 193 255 220 104 56 221 92 52 231
    63 99 62 255 255 32 206 2 255 118 233 43 92 255 255 255 255 253 7
    255 255 203 255 119 255 133 79 116 255 140 92 255 194 246 6 255 44
    255 65 255 255 255 153 255 64 80 255 44 150 255 12 255 255 15 229
    255 76 24 142 255 255 7 226 255 255 230 255 99 19 222 187 255 186
    255 255 22 149 53 255 187 255 255 255 255 255 235 10 29 255 29 255
    157 213 255 255 40 138 255 255 251 144 68 255 228 255 255 118 192
    255 32 61 255 255 255 215 116 57 155 255 255 32 255 239 176 91 44
    255 255 255 84 255 255 255 136 255 244 255 130 157 255 125 255 32
    169 39 255 137 255 50 24 145 255 255 255 255 197 124 255 220 244 255
    127 65 80 154 205 84 122 116 228 180 157 255 255 255 175 224 53 67
    244 15 144 94 255 13 35 210 30 255 255 123 32 255 255 203 31 255 255
    255 255 235 155 2 191 80 255 12 26 174 65 67 69 86 36 151 145 140
    255 235 255 228 255 255 255 237 255 255 162 255 222 15 19 255 185 14
    200 255 2 255 90 255 82 245 167 22 57 181 172 226 138 255 255 3 255
    24 7 248 219 255 255 213 9 88 255 77 255 109 160 250 12 234 255 119
    255 222 1 205 181 255 201 243 255 255 255 68 255 255 136 255 233 162
    255 233 33 118 24 255 255 136 43 176 255 55 255 47 255 155 82 220
    162 255 255 255 45 255 87 255 158 255 248 154 48 49 7 160 255 255
    143 255 108 90 34 180 255 255 19 176 255 53 255 255 165 142 175 159
    77 235 231 255 220 97 124 125 154 255 28 119 255 255 255 80 164 255
    255 255 105 234 255 145 255 255 169 255 239 93 255 15 255 255 255
    255 0 26 53 255 255 255 53 255 12 182 255 75 255 26 98 255 146 255
    38 255 46 87 255 83 152 60 123 237 155 35 255 151 149 255 77 255 255
    82 255 109 90 35 255 255 255 255 255 205 73 255 11 255 255 145 128
    24 170 255 255 237 31 50 131 237 255 136 3 255 255 68 255 40 255 106
    68 162 39 255 255 255 255 22 144 149 255 255 255 255 71 195 223 28
    40 255 142 255 107 255 255 130 60 138 99 97 255 222 228 195 255 233
    255 255 99 255 255 255 255 208 32 167 46 255 239 255 73 255 203 255
    17 17 255 241 255 255 145 255 255 129 255 6 36 14 88 216 255 65 255
    210 255 143 36 39 255 255 181 255 140 147 76 138 26 255 255 168 149
    255 255 255 7 255 251 255 255 255 255 175 255 114 50 255 65 82 180
    255 255 215 123 71 183 189 255 4 255 105 205 78 45 75 237 255 122
    225 205 255 255 146 255 177 255 255 143 129 230 255 255 37 255 255
    133 9 255 255 255 215 216 56 159 90 210 52 255 133 255 115 75 255 37
    255 255 100 255 138 48 255 255 84 94 131 84 155 190 255 255 24 136
    255 217 89 85 255 129 121 155 217 181 47 29 255 255 217 130 255 255
    60 69 101 80 255 183 254 30 249 217 75 255 255 255 122 255 213 220
    92 65 255 255 175 255 255 255 158 24 255 73 32 168 86 255 255 166 70
    255 122 121 26 255 255 9 170 255 255 0 131 255 255 136 255 255 255
    80 208 148 11 191 255 63 118 255 255 19 167 30 180 41 255 255 255
    133 208 128 172 158 101 255 201 150 231 62 255 255 231 255 255 30
    255 202 51 255 78 44 255 255 149 255 255 126 39 129 183 255 255 255
    179 255 195 225 24 255 177 255 208 255 147 148 80 255 161 7 2 255
    167 170 109 165 103 234 255 255 255 255 93 255 234 86 195 29 230 179
    255 194 149 255 110 37 255 151 255 255 255 54 17 47 140 49 255 3 196
    116 255 61 93 89 60 255 140 65 131 71 20 144 1 53 255 107 227 235
    216 255 255 220 78 245 109 0 255 194 255 99 209 94 181 209 255 106
    255 255 255 66 239 103 125 162 255 183 239 43 112 174 255 255 255
    133 25 210 255 143 84 78 205 255 255 191 255 63 255 255 196 173 29
    82 239 255 255 255 255 255 255 255 255 255 255 0 136 255 69 255 255
    125 140 174 255 166 7 9 105 255 255 181 22 255 192 211 58 255 58 71
    136 138 21 22 164 200 4 49 255 90 255 255 255 255 255 86 255 136 133
    255 255 26 104 255 100 177 7 116 255 255 30 255 255 156 255 162 255
    225 155 125 255 41 255 255 123 141 255 125 22 255 45 210 104 255 155
    229 121 42 255 237 166 255 255 26 77 246 255 232 255 255 61 255 100
    19 37 17 255 114 35 213 255 172 128 222 107 255 49 116 186 255 102
    174 190 1 39 56 105 255 255 24 255 255 53 255 255 255 70 118 188 140
    255 6 164 47 233 255 41 75 255 77 255 255 255 194 255 255 255 255
    255 151 94 248 125 230 183 194 255 255 184 255 255 197 255 255 130
    255 144 22 26 67 249 255 255 237 210 255 255 240 189 53 174 239 255
    255 172 123 184 255 76 235 209 255 53 255 44 135 58 255 51 125 33
    240 22 30 46 125 17 255 170 241 198 255 255 246 60 78 114 255 29 255
    255 12 255 255 87 255 24 255 182 196 255 255 255 226 43 133 165 22
    60 255 85 255 244 49 255 26 73 54 100 181 255 68 255 255 22 255 235
    14 255 50 4 255 255 46 80 255 26 255 34 54 255 39 255 254 255 255
    255 255 188 255 255 255 53 230 187 255 65 90 254 255 15 90 255 255
    255 77 255 255 255 255 164 255 210 255 255 255 205 255 78 255 255
    255 55 255 213 101 255 39 255 71 126 135 255 255 160 26 138 194 63
    149 92 255 44 255 112 206 181 255 25 95 255 111 164 77 122 255 123
    228 234 255 86 255 255 105 255 95 224 31 110 18 89 255 145 34 255
    188 123 255 255 255 7 255 255 6 237 85 255 71 70 78 24 255 255 255
    39 86 180 26 255 255 255 142 202 255 255 127 12 255 133 58 123 215
    240 255 177 255 71 46 215 255 66 255 255 230 58 255 163 68 129 255
    189 88 249 0 243 94 255 255 228 255 43 206 255 231 255 153 86 113
    171 255 237 27 123 46 138 255 255 131 209 255 255 255 210 255 110
    255 255 255 255 34 255 187 246 255 255 255 255 40 255 93 190 255 255
    55 255 183 255 27 11 123 234 56 51 73 255 32 131 255 255 232 162 231
    19 255 255 255 190 255 124 255 255 249 200 37 193 255 154 85 255 255
    232 255 37 9 119 100 153 215 98 255 80 78 255 181 94 55 255 166 121
    30 162 106 255 210 107 255 242 174 254 255 41 255 255 255 174 185 34
    200 125 12 255 51 70 233 194 174 255 255 222 255 255 169 97 192 24 7
    36 255 255 255 7 255 172 48 174 255 38 217 255 20 255 208 255 19 249
    165 246 90 206 255 239 92 144 255 106 105 37 255 255 100 255 255 255
    249 183 255 255 255 102 255 255 255 255 75 138 7 67 255 255 255 71
    255 99 78 255 255 252 95 255 234 12 255 206 255 149 48 179 255 33
    255 255 255 130 162 75 179 151 35 20 62 255 2 106 24 181 196 57 255
    255 212 73 255 134 78 24 255 147 255 255 15 228 130 70 255 255 255
    255 227 220 19 80 255 255 223 255 255 255 85 255 154 130 49 255 239
    73 3 255 255 37 255 255 19 255 255 235 255 255 255 41 185 228 172
    136 61 255 127 255 150 164 255 148 255 188 43 200 91 255 116 252 255
    255 194 147 71 43 172 172 43 217 131 184 7 255 48 58 103 255 56 246
    255 43 108 58 255 93 19 126 30 255 31 161 7 255 255 118 101 215 152
    121 255 191 239 162 188 68 181 255 104 2 255 255 22 55 242 168 100
    255 226 255 255 226 208 77 255 100 255 255 166 27 255 245 255 255 28
    51 255 25 82 255 255 255 255 255 182 255 255 167 255 239 255 19 65
    75 62 255 222 62 137 255 233 58 244 255 255 165 255 53 49 175 148
    255 140 255 191 255 194 255 255 60 255 255 53 235 255 11 133 255 253
    92 41 255 84 255 84 255 174 255 255 255 255 160 93 201 255 203 221
    109 108 255 51 175 102 36 255 202 131 246 159 255 77 64 255 255 176
    255 62 255 102 255 66 31 255 46 255 121 255 184 255 255 255 99 255
    255 255 64 15 198 255 67 138 249 255 255 255 155 215 251 255 255 255
    255 255 249 255 179 233 255 17 255 255 255 205 255 255 253 255 88
    104 184 222 255 121 41 138 181 255 255 255 32 69 255 255 26 198 123
    176 104 255 30 218 200 0 255 58 255 107 255 169 255 255 44 26 255
    255 172 179 89 48 255 14 255 133 255 82 161 176 152 134 233 171 95
    95 255 245 154 162 127 177 130 54 255 255 255 187 255 198 134 255
    255 255 152 157 94 255 215 217 44 226 109 193 255 255 7 255 255 123
    118 201 232 80 187 255 255 199 188 71 233 255 112 210 255 255 255
    255 255 208 135 255 208 101 255 255 237 255 185 255 162 118 251 207
    82 244 151 147 176 255 102 227 255 255 138 255 12 255 170 210 255 88
    48 191 255 154 255 255 104 246 187 223 255 255 78 85 255 227 0 200
    22 213 155 255 255 90 115 159 246 147 29 255 57 255 255 154 255 235
    109 255 255 255 136 255 185 255 56 255 255 129 255 92 255 55 169 255
    234 5 93 111 255 97 252 10 7 28 255 32 199 218 255 143 252 129 199
    77 255 255 255 220 255 255 255 190 255 77 244 27 168 255 167 129 242
    145 255 212 255 39 255 255 255 255 101 136 83 206 200 170 162 88 255
    255 168 93 9 255 105 19 217 136 218 255 233 255 255 50 70 196 255
    255 255 95 65 166 233 255 9 185 53 255 197 218 255 33 184 84 22 104
    255 255 255 255 93 177 255 21 255 218 209 255 149 255 10 255 255 255
    13 107 255 118 133 255 207 108 53 255 181 255 84 172 26 101 255 255
    255 255 223 255 72 130 170 111 240 255 215 126 255 255 184 73 93 167
    255 163 255 255 7 123 255 244 255 146 187 239 17 255 255 151 133 255
    200 255 174 157 255 142 255 224 73 255 166 179 255 82 56 241 233 164
    255 107 255 255 72 34 255 255 255 255 130 225 177 255 155 255 129 3
    19 21 255 22 64 255 146 173 20 60 255 255 50 136 255 200 187 15 255
    71 234 255 104 255 224 255 230 255 255 255 255 166 5 26 255 242 140
    73 242 140 227 78 101 91 114 255 255 77 255 255 159 133 255 252 255
    98 255 28 255 255 161 127 230 255 228 116 106 255 255 255 223 255
    255 255 255 71 255 186 255 148 255 19 255 255 6 0 232 161 98 198 24
    255 255 82 255 203 255 255 121 129 118 182 254 255 251 255 255 255
    179 167 206 255 245 133 255 167 191 187 255 31 190 255 26 155 118 15
    196 163 167 108 62 87 252 89 124 116 255 92 255 217 109 255 75 255
    207 10 135 255 102 255 255 255 72 230 69 95 255 253 203 255 115 200
    161 64 9 187 255 56 28 25 255 213 255 255 73 44 255 255 33 95 245
    255 255 252 115 255 255 174 205 34 37 255 255 198 255 73 101 32 255
    205 255 255 255 0 28 25 124 198 133 255 161 137 150 255 147 255 175
    255 94 56 125 255 39 17 230 129 80 82 255 42 46 170 61 90 153 35 116
    255 255 255 91 154 63 198 123 255 255 93 206 255 14 38 255 255 255
    255 6 87 106 129 51 255 255 255 255 255 255 211 98 36 255 194 255
    222 107 58 155 255 5 255 223 31 209 69 193 21 255 255 255 72 255 93
    8 188 255 119 255 123 43 255 255 7 255 255 51 255 9 188 255 187 33
    82 255 255 255 255 255 80 255 181 194 255 188 255 155 255 176 151
    208 255 60 62 22 255 6 255 110 255 203 255 255 29 255 237 165 121
    255 230 255 233 255 108 148 46 255 255 181 255 133 41 157 69 223 255
    231 107 255 255 255 101 19 255 35 173 75 255 18 255 37 158 136 255
    15 73 157 140 225 39 79 255 255 181 128 255 86 215 0 255 118 255 244
    157 172 255 142 255 140 43 228 217 255 52 3 26 181 167 255 136 68 7
    19 255 169 255 213 101 220 55 44 255 152 255 241 159 255 255 8 201
    255 69 255 101 42 152 255 127 232 252 82 244 255 217 95 34 8 159 255
    138 255 147 127 171 140 251 131 255 255 157 255 172 94 6 24 87 255
    107 254 56 255 255 9 199 227 255 57 255 255 209 31 255 255 206 255
    140 255 255 152 239 243 255 48 246 255 87 243 104 194 190 255 255 28
    255 48 50 255 123 235 133 201 32 3 148 255 192 193 82 216 254 255 43
    227 82 166 255 255 126 255 136 192 196 255 234 255 69 255 210 118
    219 101 168 143 38 30 8 255 255 48 41 34 255 255 110 115 44 255 82
    255 255 199 193 255 226 246 255 58 255 194 255 24 255 78 162 157 255
    32 255 28 255 147 194 203 255 62 153 255 165 157 255 255 148 228 255
    244 99 226 255 62 24 255 22 170 255 119 102 12 255 109 255 255 255
    85 155 58 255 255 224 255 255 7 255 43 101 46 166 255 179 65 12 111
    136 28 22 194 201 255 183 28 255 140 123 255 255 3 121 255 152 255
    222 58 223 39 183 218 255 33 255 218 233 255 174 112 255 159 66 255
    209 255 255 255 154 184 255 39 55 151 17 255 105 144 255 255 255 255
    255 198 251 121 255 138 183 65 94 207 3 255 255 209 255 255 127 255
    255 75 251 67 43 124 73 187 255 245 255 255 157 108 255 88 58 56 255
    226 73 255 255 172 255 188 176 172 205 157 101 221 160 13 255 255
    255 255 255 255 166 255 255 100 90 151 18 255 112 54 247 170 245 215
    255 46 31 255 255 255 235 109 255 200 198 55 255 39 255 255 140 255
    19 53 225 101 170 191 255 14 118 228 89 255 230 86 53 255 251 255
    125 68 255 255 118 255 255 206 208 119 7 55 110 255 198 255 158 26
    235 237 255 127 141 255 26 255 255 7 194 128 245 249 237 255 203 26
    255 251 255 255 37 242 189 101 255 255 71 77 134 11 78 255 228 255
    255 255 255 255 12 171 189 154 135 166 3 255 21 255 39 181 69 255
    166 201 255 28 22 255 97 162 92 28 244 255 255 255 255 82 29 217 35
    0 255 157 151 143 255 177 255 255 255 239 19 80 255 17 191 196 91
    115 0 101 255 230 134 217 255 91 28 140 75 255 68 47 249 255 112 255
    107 4 129 255 255 48 65 255 191 15 255 255 255 125 255 255 190 255
    87 112 255 78 37 101 48 207 0 198 255 255 255 211 255 2 103 255 152
    255 219 130 255 255 53 255 255 63 255 191 255 4 83 217 255 185 49 65
    39 165 190 174 208 255 174 255 255 255 255 255 206 167 255 230 239
    218 147 255 255 255 255 123 55 39 255 230 107 255 71 119 82 22 65
    255 141 150 255 255 255 255 47 172 255 233 60 255 217 254 133 107
    255 250 255 80 71 255 31 255 118 237 255 255 12 255 184 46 255 255
    255 255 60 60 255 108 255 255 215 255 62 116 240 255 118 58 106 90
    121 209 255 148 157 120 167 255 220 113 168 75 36 255 216 99 255 237
    242 164 241 255 255 95 177 255 231 177 161 102 247 159 228 247 34
    188 138 207 223 220 224 125 104 255 143 186 255 159 56 255 113 145
    255 11 152 110 255 255 95 123 255 255 21 147 84 68 255 255 228 56
    235 108 94 149 54 255 71 10 90 203 122 211 255 255 255 142 98 14 255
    255 255 175 255 255 255 187 255 255 255 255 255 40 255 235 255 186
    86 184 135 255 255 215 239 119 255 233 6 44 255 255 179 255 220 70
    235 255 189 255 255 188 217 255 182 233 252 255 211 255 255 218 155
    255 255 255 206 255 235 227 245 26 255 255 152 255 80 163 174 255
    255 255 255 14 194 39 39 255 255 245 255 255 140 255 121 141 255 60
    188 203 255 48 225 73 127 255 6 71 107 95 209 15 108 234 255 255 255
    255 255 255 255 103 227 229 255 18 162 45 155 60 255 181 255 255 170
    234 255 151 171 255 255 255 250 113 60 255 17 255 255 192 255 255
    102 46 255 35 255 255 255 38 151 255 85 248 201 9 255 238 220 237 61
    85 49 245 78 80 255 218 174 249 255 255 255 255 56 55 126 196 190
    198 255 212 87 211 224 239 103 167 255 75 69 84 255 190 255 239 255
    255 255 210 55 255 233 255 41 165 255 54 181 255 255 154 255 189 255
    255 207 14 255 54 69 255 255 95 255 134 185 255 241 131 38 255 116
    130 133 80 106 255 75 255 218 91 255 255 255 255 255 255 123 144 82
    215 255 84 114 255 255 210 19 165 255 255 202 31 41 33 255 93 201
    176 19 133 128 183 187 255 255 248 255 255 255 17 65 179 255 80 237
    255 172 118 39 129 82 255 231 246 205 99 119 160 255 231 255 50 18
    27 209 255 97 255 213 44 255 98 138 255 61 77 250 155 22 125 151 255
    255 173 223 153 216 215 237 141 116 41 123 255 161 19 95 110 126 176
    114 251 65 93 66 255 255 4 165 255 113 109 73 112 65 255 17 210 255
    126 104 187 131 255 255 255 249 77 138 255 255 255 255 220 95 255
    255 61 255 157 57 160 255 230 255 125 24 10 255 230 118 255 25 255
    255 126 104 255 255 116 119 244 14 9 255 255 49 68 255 75 255 255
    255 21 255 255 185 255 255 255 255 222 118 17 11 255 247 97 125 118
    134 162 255 255 255 255 136 255 44 255 255 225 255 255 239 255 233
    194 255 60 14 110 237 99 255 192 22 255 134 255 77 255 2 157 64 255
    255 209 55 255 156 67 255 101 174 255 158 252 11 44 255 255 123 157
    147 255 140 255 108 97 69 100 255 228 227 246 255 255 157 255 8 63
    255 255 255 121 107 255 190 192 130 86 255 255 255 75 255 255 86 177
    255 101 240 255 55 255 255 255 255 144 149 61 255 235 255 235 255
    194 224 241 55 255 15 255 255 90 255 255 255 135 78 255 41 189 6 2
    146 108 252 255 162 255 121 25 78 250 255 77 255 80 255 255 37 97
    255 91 89 255 255 255 255 210 51 73 48 255 255 252 107 134 94 255 58
    255 55 174 255 255 255 40 20 56 78 95 255 19 198 13 255 56 255 241
    255 183 65 44 255 255 255 90 101 255 255 255 255 255 58 255 255 255
    223 255 119 24 174 112 255 255 213 255 254 255 225 255 91 255 166
    100 255 255 185 255 187 136 27 213 40 182 255 191 255 245 203 255
    248 255 171 166 255 164 241 233 210 255 210 2 255 39 255 200 255 114
    255 255 255 127 205 255 213 3 255 202 255 136 35 177 251 80 255 65
    166 255 7 101 51 255 106 255 53 255 242 255 255 111 255 217 255 255
    121 245 157 255 255 255 255 184 114 54 255 255 255 127 255 185 148
    255 255 17 255 62 100 255 185 255 133 255 255 255 255 255 255 159 1
    255 140 205 255 255 173 159 255 255 255 255 108 186 255 183 10 127
    255 255 255 91 27 255 255 255 255 192 41 254 156 255 255 255 165 255
    37 17 112 255 255 255 255 255 255 246 255 127 255 128 213 255 255
    209 116 12 255 255 242 105 53 3 37 29 148 86 255 49 255 19 255 22
    255 255 172 76 193 246 213 210 22 224 255 255 217 114 255 220 255 77
    201 188 125 40 255 73 252 24 222 233 24 88 255 255 129 107 255 255
    174 223 255 255 94 255 170 255 255 43 255 15 181 194 255 239 3 255
    255 255 35 3 255 255 151 113 153 0 255 54 149 186 255 255 255 255
    205 255 112 62 255 255 255 227 255 163 255 255 69 142 105 255 179
    255 107 230 255 147 255 255 156 255 73 42 255 142 65 255 125 195 255
    246 253 73</data></my_img>
<your_img type_id="opencv-matrix">
  <rows>100</rows>
  <cols>100</cols>
  <dt>"3u"</dt>
  <data>
    255 255 206 255 26 38 255 239 192 64 245 255 255 55 64 255 255 255
    255 42 44 92 255 168 60 255 16 255 168 255 255 255 2 255 156 255 118
    59 255 188 255 206 255 255 42 84 160 6 152 255 86 46 255 255 255 202
    118 6 24 255 96 67 255 48 255 255 255 255 106 72 101 255 152 131 238
    255 182 255 8 239 255 239 255 255 220 255 84 255 255 252 150 77 255
    255 2 150 196 243 158 14 125 255 255 255 218 255 255 255 255 93 255
    255 255 20 233 255 34 255 234 255 140 26 255 255 255 126 198 255 255
    249 255 212 88 255 164 241 26 255 255 243 255 48 255 122 64 44 54
    255 255 162 144 255 202 144 255 255 138 243 42 255 255 220 110 101
    32 255 255 255 92 255 104 255 198 32 6 121 255 255 255 16 40 255 56
    255 166 228 255 255 255 255 255 224 88 194 255 255 59 255 255 59 255
    255 214 255 66 170 64 255 67 255 227 44 255 255 255 46 76 255 132 26
    73 255 255 255 255 180 255 255 255 129 32 255 28 202 70 32 142 255
    255 255 255 255 114 249 255 255 255 93 84 255 176 242 206 144 124
    223 255 255 30 146 132 255 103 255 60 46 255 255 255 212 255 226 34
    255 103 220 152 255 255 255 83 255 255 255 56 255 255 255 255 71 26
    255 251 255 255 255 255 48 255 255 255 125 22 12 168 255 255 255 74
    136 255 255 255 255 98 120 103 156 206 255 184 255 101 255 124 255
    30 40 255 255 110 188 255 148 67 255 255 255 255 255 255 255 14 202
    210 255 162 255 225 32 154 255 255 22 255 172 255 255 148 255 255
    255 255 36 93 122 154 255 254 90 117 255 255 255 255 255 36 255 255
    255 255 255 69 48 198 255 110 255 255 180 255 255 154 70 241 255 255
    245 255 176 255 92 178 121 255 218 206 255 68 135 236 255 255 255
    255 249 255 255 255 255 255 255 255 255 89 26 136 255 255 229 226
    178 247 6 162 255 101 88 255 255 146 122 228 72 255 255 255 255 105
    255 84 234 255 255 251 255 255 2 88 255 139 6 255 144 94 184 255 134
    241 4 240 182 255 84 116 34 222 116 255 255 253 255 56 38 255 122
    255 255 72 255 69 78 229 255 204 255 103 64 255 192 255 255 220 255
    233 208 124 255 255 255 255 255 132 255 255 32 255 198 180 80 255 16
    255 255 255 255 226 255 239 65 255 62 180 255 255 152 220 206 121 34
    100 255 255 170 255 40 255 255 14 14 255 152 255 255 255 255 255 230
    206 255 255 255 200 50 255 168 255 76 172 124 34 141 166 18 89 120
    255 255 255 176 255 200 255 202 122 170 241 178 255 111 238 48 218
    255 255 28 84 255 255 255 34 67 94 245 255 154 255 255 255 255 255
    255 255 255 255 122 255 124 255 255 255 110 255 255 255 236 78 68
    255 255 255 255 255 255 255 255 116 255 6 96 188 255 255 51 255 255
    255 20 98 28 255 255 117 162 255 190 255 255 85 255 150 212 255 126
    255 164 255 101 8 233 85 16 118 14 54 255 139 128 148 226 255 255 89
    176 255 255 255 24 208 255 255 101 136 94 255 34 180 255 255 46 202
    255 212 232 255 218 255 255 255 196 255 255 160 255 190 129 32 150
    75 112 255 255 255 255 255 52 255 255 248 255 255 50 64 255 255 86
    192 255 255 198 242 14 255 18 255 255 255 255 255 90 96 255 255 198
    255 118 255 255 255 136 2 255 255 255 192 212 105 224 120 255 255
    202 255 14 212 255 255 255 123 255 255 255 78 255 255 122 180 255 84
    255 255 255 255 162 16 255 255 255 255 255 255 255 255 255 255 255
    72 22 156 252 90 255 255 128 194 158 108 255 255 28 113 240 255 255
    255 100 245 22 255 226 255 200 148 255 255 117 255 255 156 104 64
    255 255 104 255 255 241 255 255 192 255 255 255 148 255 255 93 118
    255 255 255 255 241 242 60 160 255 255 255 255 255 121 255 72 30 26
    255 255 64 218 255 196 255 255 255 255 255 210 32 75 255 152 255 255
    210 24 212 245 255 212 74 141 28 255 255 96 142 105 250 255 97 255
    255 255 106 96 255 255 154 22 255 255 12 248 255 255 10 249 174 48
    146 125 255 255 255 242 138 224 255 255 40 255 255 186 255 255 255
    62 146 176 255 255 255 176 231 255 216 110 245 154 130 255 80 255 16
    255 247 255 255 36 255 252 58 255 88 255 214 255 255 148 255 164 141
    246 188 164 255 255 255 90 255 255 0 255 249 196 255 131 255 255 255
    255 239 255 255 28 255 255 48 206 234 255 176 255 255 190 255 255
    255 24 255 234 118 255 255 42 251 111 40 206 150 255 255 178 255 148
    255 8 96 255 255 24 188 255 18 255 255 255 117 170 62 224 255 172
    255 160 208 255 255 255 91 142 255 255 110 148 57 255 118 85 255 84
    180 255 88 49 255 130 255 255 146 234 98 255 228 255 78 40 255 255
    99 255 255 255 255 68 79 255 156 125 255 188 255 255 160 255 28 194
    255 255 255 97 255 164 18 255 255 255 158 255 156 254 255 255 208
    255 113 32 182 115 68 255 255 196 255 255 255 255 255 255 102 186
    118 116 255 255 255 59 34 255 255 6 222 255 110 255 255 255 102 255
    255 255 127 100 255 255 164 30 255 255 30 255 255 132 154 188 206 67
    176 255 255 184 76 255 178 14 255 10 92 176 20 104 255 128 96 36 12
    255 59 102 255 38 255 4 255 84 255 255 255 255 30 255 116 218 222 88
    53 56 255 117 242 48 57 122 255 222 220 255 26 255 255 184 32 176
    255 255 255 243 255 239 255 255 255 255 255 200 255 194 255 255 112
    255 44 98 255 255 254 164 255 128 255 255 108 116 109 222 255 255
    222 255 255 255 12 255 212 255 255 255 104 16 255 255 255 242 255
    255 92 166 91 24 56 192 255 255 255 238 164 255 255 255 123 4 130
    255 255 237 69 84 255 192 40 116 44 255 255 255 255 116 137 32 36
    255 16 255 255 208 255 255 255 255 255 12 54 255 74 245 218 150 239
    255 190 255 255 112 102 156 255 110 255 255 247 216 134 174 12 255
    255 255 255 22 8 174 247 255 255 255 255 255 255 255 255 255 154 136
    235 255 255 24 38 255 255 255 255 184 255 134 14 255 255 90 117 168
    255 255 192 84 79 168 190 255 108 255 255 90 255 255 255 255 251 255
    243 236 176 255 75 255 40 230 24 18 26 255 94 255 255 255 115 255
    255 255 0 255 255 255 255 255 16 255 255 255 255 255 255 66 38 255
    255 97 8 255 158 90 255 156 6 22 73 255 255 255 255 255 255 240 255
    212 255 255 139 255 255 133 162 255 255 255 255 255 116 96 234 172
    24 232 140 255 117 50 16 255 255 108 36 255 231 101 6 255 255 255 68
    164 255 18 85 234 255 18 255 104 255 84 255 2 204 255 152 88 255 208
    150 255 218 255 255 255 255 255 178 242 255 255 255 255 255 255 255
    71 255 220 255 255 164 255 54 214 255 68 255 255 255 152 255 255 255
    255 255 255 2 255 168 255 255 241 255 255 233 255 255 98 255 0 255
    176 164 233 36 255 255 59 255 255 255 255 130 115 150 10 255 255 255
    0 98 255 196 54 255 255 255 88 255 255 255 255 255 255 202 255 255
    212 178 120 255 255 128 255 82 255 255 255 70 178 255 255 160 56 116
    67 120 255 228 255 255 30 84 142 24 10 114 247 255 104 73 255 255
    255 162 255 14 255 255 255 118 222 117 255 255 255 255 98 255 255
    255 6 255 184 255 132 255 188 255 255 255 255 255 255 255 114 255
    255 255 255 72 255 97 170 92 109 72 168 255 126 152 255 10 204 255
    255 42 24 255 8 255 52 255 255 194 12 202 255 192 255 14 158 255 255
    255 239 154 255 255 255 74 111 82 156 255 104 255 6 196 186 255 255
    20 255 255 255 255 154 255 255 255 92 255 164 156 75 250 202 239 100
    255 214 255 255 255 80 255 119 255 72 119 255 255 255 50 255 255 120
    255 255 136 255 4 192 255 107 8 255 255 12 156 234 255 18 255 250
    194 144 255 255 241 102 255 28 255 255 255 255 255 154 255 104 105
    82 94 133 240 255 255 255 255 255 255 255 255 78 76 206 232 52 255
    40 34 77 216 212 239 255 32 255 138 255 214 248 255 253 255 255 194
    198 255 156 92 255 255 255 178 255 255 255 255 255 128 255 100 255
    164 146 255 32 255 255 166 255 255 255 255 160 255 255 255 255 122
    255 146 24 10 18 255 255 168 12 255 137 255 144 113 16 245 255 12
    222 214 255 196 97 206 68 255 162 255 255 234 255 255 202 255 38 22
    229 255 192 255 255 34 255 34 148 176 255 255 255 255 255 255 105
    255 255 255 114 255 255 152 255 232 255 22 255 255 192 176 255 112
    255 94 255 123 182 50 83 255 255 85 255 255 255 4 22 255 164 255 123
    108 255 87 255 255 255 255 0 85 255 128 127 255 255 156 255 255 255
    182 12 36 255 255 255 166 245 133 255 10 85 200 18 255 0 255 73 255
    34 255 198 206 255 40 255 95 216 84 255 84 68 73 30 255 255 124 255
    255 74 255 236 255 84 255 255 255 36 154 255 2 102 14 170 124 210
    255 158 58 255 16 255 255 255 255 137 244 255 255 255 116 255 255 84
    164 255 182 251 26 255 255 255 164 255 255 255 255 255 237 220 255
    255 255 255 214 255 255 255 255 96 255 255 216 38 255 154 255 222
    232 2 255 255 255 255 138 255 202 8 243 204 92 255 51 255 172 255
    255 223 255 26 30 255 255 255 255 50 192 255 255 255 206 255 255 255
    255 194 255 255 255 255 122 255 255 255 255 196 255 255 255 28 106
    255 255 255 245 255 255 73 255 255 255 128 46 255 255 255 28 255 24
    8 186 255 26 255 255 255 60 194 224 255 166 46 255 255 113 50 255
    255 50 255 121 202 255 255 40 192 204 180 255 255 86 176 255 255 255
    172 255 255 255 124 255 255 90 222 81 142 255 196 255 255 202 46 200
    255 184 255 81 255 255 255 255 190 255 142 42 255 186 186 255 94 255
    255 80 247 255 255 255 87 255 178 255 255 255 212 255 112 200 255
    255 6 8 255 255 32 255 255 255 255 255 255 12 99 224 20 228 24 255
    81 255 231 255 255 231 255 255 255 182 255 255 255 224 12 255 120
    168 198 255 210 30 255 255 255 255 255 255 255 249 255 255 255 184
    136 10 105 255 112 103 255 255 255 255 225 230 246 255 4 132 255 83
    210 255 141 102 255 216 255 255 255 255 255 101 20 239 255 12 112
    255 255 255 71 255 255 26 255 124 255 255 255 255 124 140 166 255
    138 105 24 10 255 255 255 154 204 255 101 230 124 255 134 255 133
    140 255 255 72 192 255 255 204 255 255 249 255 255 255 95 255 255
    255 255 255 12 255 255 255 255 196 166 56 249 255 80 10 255 255 255
    255 255 255 255 255 100 194 255 116 40 255 255 4 255 255 230 255 4
    255 8 172 61 255 227 255 134 255 12 255 243 208 64 255 174 100 202
    226 90 255 224 255 255 255 255 255 226 255 255 255 255 255 255 184
    235 133 204 160 255 122 255 255 126 237 255 80 255 255 98 255 255
    255 255 53 255 255 255 255 170 255 142 6 137 38 50 20 0 255 178 255
    255 255 255 255 255 220 255 69 206 255 255 80 247 150 214 255 57 180
    30 24 180 255 255 244 130 103 255 122 255 192 255 178 22 255 255 255
    255 255 255 174 230 8 255 255 120 249 214 182 251 255 2 223 255 255
    60 255 255 0 255 255 255 46 82 255 89 22 206 255 255 126 188 8 255
    245 30 76 69 204 140 255 255 255 255 134 58 184 160 255 172 255 255
    255 90 255 117 255 46 28 108 255 115 255 88 255 255 255 255 255 32
    255 142 28 255 255 237 156 255 255 188 255 160 49 42 26 53 216 76
    255 255 255 200 255 255 131 255 104 182 255 255 243 255 128 59 255
    66 63 234 124 255 208 170 26 255 251 85 255 158 30 112 182 61 255
    255 75 46 116 255 16 255 255 168 36 121 255 255 255 74 166 255 88 96
    255 255 40 89 204 38 255 242 168 30 255 255 255 255 235 141 0 255
    255 202 255 255 202 170 255 255 255 255 32 206 87 4 150 255 255 164
    152 118 164 236 255 255 255 255 255 255 255 255 2 255 0 190 255 82
    255 255 6 255 255 255 85 152 255 162 255 152 135 255 255 255 255 255
    255 255 255 255 24 239 164 255 176 255 255 255 255 232 255 255 255
    255 178 44 178 255 106 54 146 102 255 255 255 255 63 255 255 255 46
    36 101 246 170 79 90 255 255 212 182 255 166 255 71 255 229 63 208
    255 4 22 255 255 48 136 255 255 255 255 38 255 71 54 255 208 255 128
    255 186 255 176 255 255 255 226 38 255 255 255 255 72 255 255 255 50
    255 98 88 255 82 255 53 255 146 255 255 255 255 255 54 182 242 255
    255 255 64 216 255 233 26 255 255 255 74 255 255 255 255 119 255 64
    255 44 255 255 0 106 133 255 255 255 255 220 152 56 255 158 58 104
    255 124 255 255 132 255 255 166 255 180 255 243 255 255 255 158 188
    66 255 22 255 255 20 200 249 255 255 188 160 255 255 255 88 255 188
    62 133 255 108 107 196 255 255 156 164 255 255 192 255 36 255 129 92
    170 184 255 255 255 255 255 255 32 40 117 94 255 255 255 255 255 255
    255 22 255 255 196 255 70 234 6 182 243 170 255 22 132 255 255 222
    18 212 12 255 93 68 255 49 255 255 255 144 166 255 62 255 174 174
    255 148 255 200 208 255 118 85 255 150 67 142 88 255 255 186 255 255
    62 16 86 255 176 255 255 0 242 172 255 255 255 255 88 255 255 176
    196 255 62 255 255 255 255 255 16 132 97 106 255 255 166 170 255 255
    255 16 255 255 113 112 60 255 255 26 255 230 34 255 10 255 34 255
    170 255 66 255 255 255 255 208 255 255 166 255 188 255 186 136 109
    188 255 40 212 255 125 98 255 255 255 255 255 252 255 232 208 56 53
    6 104 255 22 204 91 255 255 204 228 150 255 255 255 255 252 255 255
    170 255 255 228 255 20 255 212 255 255 255 226 42 186 190 142 98 255
    196 255 255 255 255 117 255 70 2 122 100 218 255 120 152 255 255 255
    112 255 71 255 255 12 158 90 243 132 255 255 206 255 210 255 255 97
    255 168 255 220 255 255 38 136 152 255 84 255 72 255 222 255 255 255
    86 255 255 255 255 182 50 116 158 255 255 129 255 42 89 162 44 255
    255 168 255 136 144 255 255 110 190 80 186 49 96 32 253 94 170 245
    255 255 77 255 255 71 255 74 255 62 198 243 228 255 243 255 182 210
    255 255 255 34 255 255 80 231 255 255 255 255 255 255 202 198 255
    255 186 172 186 255 112 20 255 225 198 196 255 255 255 255 251 218
    255 125 255 170 255 255 233 214 226 96 119 255 255 73 46 255 18 202
    255 255 255 76 170 255 255 255 192 255 255 170 212 91 212 164 131
    255 94 243 255 255 255 255 255 255 26 120 10 255 255 255 226 255 255
    58 214 32 68 255 255 255 255 125 194 10 137 86 255 255 255 255 49
    248 231 255 255 255 255 255 255 255 255 202 255 255 34 75 255 255
    255 148 4 255 24 160 172 246 255 255 255 38 210 198 218 154 255 255
    216 255 182 67 255 255 255 255 18 253 255 48 255 212 14 255 255 225
    255 255 255 150 172 6 55 234 255 255 120 223 255 198 178 255 78 255
    255 255 38 255 255 64 255 244 132 255 255 184 255 255 14 245 34 0
    255 46 255 109 66 255 113 255 255 226 255 255 243 255 255 255 255
    255 255 124 255 255 158 178 194 255 255 255 2 22 255 255 22 117 255
    78 226 252 247 232 192 206 255 214 255 186 255 255 232 186 38 255
    255 255 255 250 255 255 255 66 255 238 70 255 255 255 247 192 255
    176 255 140 220 6 40 87 202 255 226 64 255 178 234 60 255 255 152
    255 255 227 255 255 255 245 224 227 154 236 144 87 255 156 131 255
    26 26 136 62 176 255 156 103 255 255 255 255 255 255 10 255 253 66
    255 255 158 218 255 174 255 34 255 255 158 255 255 255 182 112 166
    255 231 255 218 18 255 90 255 156 22 255 255 188 255 255 255 255 95
    255 255 230 222 206 255 255 255 174 255 255 255 46 255 255 206 144
    255 182 255 255 255 255 253 255 122 255 255 255 186 22 223 182 255
    22 129 255 255 255 255 56 26 34 154 135 255 255 255 168 222 158 154
    94 71 255 255 255 255 243 255 255 255 255 255 243 255 4 32 255 255
    255 255 124 249 255 52 249 255 128 255 63 118 255 14 255 36 255 54
    44 255 84 255 255 255 255 255 40 74 239 14 214 176 255 134 32 48 26
    22 112 255 141 88 255 255 158 255 226 255 255 146 210 255 255 255
    172 65 255 182 222 4 245 255 62 72 255 255 255 40 255 164 253 255
    255 146 30 94 255 32 255 59 236 88 255 172 218 115 255 130 255 255
    255 99 208 255 135 242 255 255 255 192 79 10 255 255 255 253 255 226
    255 255 255 255 158 56 255 210 255 255 255 254 74 178 255 192 255
    255 158 255 255 255 162 255 255 152 122 255 121 96 108 255 255 231
    255 196 146 255 12 60 255 255 255 255 255 255 251 255 255 148 255
    255 81 255 255 255 255 255 255 174 140 85 196 10 255 255 150 255 255
    255 156 222 255 255 86 14 139 210 255 232 255 68 255 118 255 40 192
    255 172 14 255 255 226 132 255 255 58 255 255 255 255 190 255 53 18
    255 255 255 98 255 82 255 204 30 255 255 70 60 59 68 255 255 255 255
    111 226 255 2 178 255 18 108 255 255 255 255 255 54 110 255 255 26
    101 200 140 220 92 243 79 255 233 255 38 255 255 255 2 255 122 128
    115 255 255 255 50 255 255 255 255 255 255 148 255 166 255 255 255
    255 12 255 255 255 42 184 255 255 255 230 255 178 255 222 0 178 255
    8 255 255 239 236 240 255 83 255 255 255 188 255 119 255 237 255 36
    255 44 255 241 216 224 255 255 56 255 255 255 196 188 122 229 255
    160 36 255 160 255 77 255 136 208 134 255 255 255 106 38 88 74 255
    92 255 251 255 96 59 255 255 255 255 255 255 92 90 255 255 40 188
    255 253 131 18 255 99 252 255 184 98 60 255 255 152 255 255 255 53
    255 72 139 255 28 255 255 140 255 58 255 28 136 255 44 98 255 255 14
    255 255 255 46 255 12 36 176 255 253 255 0 255 255 60 200 255 255
    218 146 255 255 152 255 227 127 182 94 255 74 255 255 50 255 186 162
    20 255 0 255 255 255 56 26 50 70 255 80 158 121 64 255 255 255 233
    255 255 88 36 255 162 255 255 229 255 252 255 255 255 255 40 255 255
    255 255 72 111 255 255 255 244 2 206 22 255 255 134 98 158 76 102
    255 98 214 255 255 90 69 255 255 255 62 227 154 120 168 77 255 255
    255 255 24 135 108 78 46 255 239 255 192 168 245 174 255 255 255 255
    255 255 255 77 180 255 255 255 16 49 0 255 59 52 62 198 255 255 156
    76 255 255 255 124 255 116 255 255 255 255 255 230 255 87 110 154
    255 18 58 224 94 122 255 255 116 107 255 255 26 255 255 16 26 255
    105 255 255 255 255 235 255 36 255 67 255 255 162 255 152 36 140 255
    255 255 18 141 255 255 255 255 255 160 252 239 255 238 255 255 62 80
    186 214 255 255 34 255 188 176 218 255 10 56 144 24 134 119 40 124 6
    78 52 255 255 255 22 255 114 55 255 227 255 240 255 105 255 253 63
    255 180 247 222 255 255 34 16 230 90 255 40 104 136 255 255 255 89
    255 38 38 118 241 255 255 255 200 255 255 255 214 100 255 144 255
    109 196 255 255 255 38 255 255 223 255 164 34 255 86 255 255 255 255
    206 255 255 255 228 44 220 16 138 255 255 120 255 242 122 255 255
    184 255 92 152 186 255 172 255 255 255 184 190 255 255 190 222 255
    174 255 220 255 255 255 255 255 243 162 255 255 255 42 51 50 255 113
    255 255 63 255 255 255 214 255 255 255 255 255 220 192 164 20 245
    255 208 255 123 130 255 24 250 255 255 255 255 255 255 255 160 255
    202 127 84 206 255 104 214 220 255 255 137 255 255 202 176 255 123
    226 132 255 255 210 255 88 54 255 255 52 255 220 140 220 255 86 243
    255 6 255 255 255 226 72 20 61 255 255 121 118 255 232 2 255 166 255
    255 255 255 255 243 255 204 255 210 192 255 106 52 255 182 110 255
    76 80 12 255 74 226 255 48 87 48 220 101 82 255 196 124 255 73 190
    255 125 255 128 247 124 255 69 102 130 255 84 255 255 192 255 2 174
    18 251 204 36 214 250 255 255 255 255 255 255 225 255 255 255 239
    255 124 255 248 255 49 255 255 24 255 255 239 158 255 255 255 255
    105 255 255 255 32 255 95 24 255 99 255 255 63 255 255 255 50 255
    255 255 22 255 130 178 38 2 255 255 255 78 255 230 136 255 132 223
    255 255 255 255 255 255 255 180 48 255 60 128 97 255 218 170 96 255
    255 100 255 255 20 255 255 255 255 234 74 82 255 255 194 38 255 114
    204 255 255 255 100 255 255 255 255 127 255 255 255 50 200 178 255
    104 67 252 128 255 255 26 232 24 255 255 100 128 255 255 255 65 255
    142 196 156 96 220 84 255 255 242 255 255 210 255 170 255 102 255
    255 206 57 178 210 216 4 235 49 196 255 16 124 255 61 255 255 129 34
    255 255 255 255 255 255 255 255 84 255 178 255 255 255 255 255 255
    255 255 214 255 255 255 246 255 93 255 255 224 64 255 255 66 212 117
    106 255 44 48 255 81 244 249 36 100 106 57 255 166 255 255 156 38 8
    255 255 224 166 255 255 255 236 255 255 202 255 94 222 255 255 255
    106 18 255 204 255 255 255 255 255 255 235 67 255 255 172 76 255 99
    6 255 192 166 231 255 178 255 154 255 255 255 255 255 255 180 255
    190 255 255 255 255 76 255 255 34 2 62 255 59 255 245 166 168 255 99
    255 255 63 255 255 204 255 255 121 202 255 255 106 82 135 246 255
    144 144 70 255 255 231 255 255 255 146 190 112 129 138 98 255 126
    255 61 126 144 255 255 247 146 132 255 154 146 14 255 255 229 224
    112 66 255 255 255 255 210 255 245 248 154 255 242 255 255 255 253
    255 80 26 255 128 255 123 8 255 30 255 120 255 144 255 255 255 158
    255 56 255 255 255 255 255 255 255 255 255 116 228 22 28 255 255 255
    255 255 255 170 60 245 230 128 255 228 255 239 49 255 80 255 255 56
    255 255 98 67 106 34 236 255 255 255 234 184 255 255 255 255 255 8
    85 150 74 255 226 255 190 74 255 255 142 255 255 255 58 255 92 255
    69 255 255 255 255 255 255 182 255 255 255 255 255 84 16 166 255 233
    255 254 204 255 255 255 255 255 56 255 220 255 170 255 255 255 58
    216 255 48 22 234 255 0 255 255 255 30 198 255 131 255 168 55 248
    100 228 198 34 255 255 158 255 190 255 49 255 255 53 255 255 162 98
    255 255 254 255 255 188 255 162 250 241 255 255 174 255 255 237 255
    255 76 59 255 255 255 255 227 101 34 14 87 140 255 255 255 255 69 96
    255 40 255 255 89 255 134 71 188 255 255 255 255 255 96 255 255 48
    237 105 255 48 255 255 114 255 255 190 255 255 255 255 255 48 255 44
    218 63 255 170 172 255 255 79 102 0 255 244 255 101 255 255 164 72
    255 206 255 255 198 255 255 255 164 196 253 255 154 255 108 255 255
    255 255 255 230 255 184 96 255 255 255 80 255 88 255 255 190 168 206
    36 255 255 86 255 255 255 0 36 255 22 255 255 214 83 248 255 255 255
    255 182 16 255 255 255 255 216 255 255 255 180 154 4 50 190 255 255
    255 255 36 255 255 255 255 255 255 110 255 108 223 170 255 255 255
    254 255 22 255 166 178 64 255 234 255 255 255 58 225 67 178 255 255
    255 114 255 16 255 200 218 38 141 255 136 255 255 164 255 255 255
    255 255 180 154 212 255 83 124 255 28 255 178 255 255 36 85 48 255
    255 255 126 0 255 255 255 255 255 255 146 255 255 255 255 255 98 255
    212 255 255 255 255 255 59 255 255 220 118 64 255 255 212 255 255
    218 135 255 255 206 110 124 99 210 255 113 132 68 77 255 255 51 84
    128 10 132 255 127 138 94 109 100 255 119 186 255 255 34 168 24 140
    255 36 255 216 14 255 255 127 255 102 146 255 255 168 255 56 30 255
    2 125 56 245 255 78 255 228 255 8 255 54 255 162 255 255 255 198 255
    36 255 202 255 4 255 85 255 210 208 255 126 206 176 148 111 238 255
    255 255 255 10 255 255 135 255 62 178 255 255 16 184 255 255 255 104
    28 220 255 67 255 28 245 46 243 89 255 218 255 0 243 255 120 255 218
    255 20 192 2 70 255 255 86 255 255 255 156 106 8 99 255 255 67 72 94
    255 255 168 230 36 255 255 70 10 255 34 186 184 255 255 93 144 255
    53 255 255 123 255 255 77 148 233 206 255 255 255 94 255 144 210 255
    182 104 60 255 216 245 81 255 126 255 2 255 65 255 255 255 255 255
    89 2 255 184 255 255 255 142 255 243 255 255 255 238 216 255 70 32
    255 46 136 51 16 255 255 160 255 255 196 255 150 255 178 180 226 255
    71 255 148 6 150 255 131 255 255 255 228 255 255 152 255 156 162 255
    255 255 106 255 255 255 255 160 162 255 255 206 255 255 241 75 218
    233 255 182 255 89 255 255 255 72 222 255 82 190 30 166 114 111 18
    255 170 255 146 32 255 214 212 255 255 255 255 204 255 255 255 38 20
    255 255 236 170 206 176 255 32 252 152 255 126 255 6 255 255 255 30
    152 255 120 255 156 192 138 141 80 255 255 222 58 255 210 237 255
    255 202 255 190 255 255 254 255 148 255 255 99 194 255 2 255 255 135
    42 255 255 255 186 249 255 255 255 212 255 255 156 144 255 255 255
    255 255 255 255 255 255 57 2 86 255 255 172 234 138 110 255 254 255
    255 255 222 166 255 255 144 60 255 255 255 42 170 254 255 198 72 255
    131 255 42 44 255 200 255 44 76 87 255 255 234 46 255 255 176 255 18
    168 255 255 238 172 255 255 255 255 255 255 255 2 255 51 255 255 12
    198 255 255 255 255 255 186 255 255 112 255 255 222 210 32 255 255
    144 255 222 255 255 76 255 28 255 55 255 56 255 255 18 255 94 249
    182 255 110 255 255 255 150 255 255 105 136 14 255 255 24 255 255
    255 30 255 36 255 255 24 2 255 243 180 255 255 255 255 255 255 242
    255 255 16 255 255 255 206 255 255 24 234 54 138 255 255 255 255 22
    255 255 148 255 255 92 225 255 84 235 65 255 255 166 255 255 255 96
    104 230 255 255 218 168 255 255 220 120 12 255 190 69 255 218 28 255
    255 255 255 255 255 255 50 255 255 255 255 255 255 186 100 14 222
    255 255 71 178 172 255 255 134 255 255 255 255 255 255 44 108 110
    216 255 255 182 6 170 255 188 255 255 44 255 119 8 74 255 34 255 255
    255 255 150 84 166 255 102 22 81 255 212 255 188 20 93 255 184 53
    255 255 255 255 255 119 26 110 255 132 255 228 255 126 249 255 86
    158 255 255 87 255 255 230 46 255 107 255 156 6 226 255 255 255 255
    255 14 255 255 255 255 4 255 126 200 255 255 255 255 255 255 254 255
    144 255 76 255 255 82 255 30 255 255 164 255 255 255 229 251 136 255
    255 255 152 230 255 52 255 255 126 182 50 255 255 255 255 255 126
    255 176 255 255 234 204 150 220 98 198 255 255 2 255 152 255 190 60
    255 255 255 255 190 255 120 255 255 50 91 198 227 8 54 96 255 255 0
    121 255 32 144 152 76 40 12 255 53 108 178 255 196 186 85 255 64 190
    255 255 247 178 251 255 255 255 255 255 96 85 255 255 141 236 142
    198 10 20 255 122 196 255 255 255 131 8 100 255 255 4 255 64 255 255
    98 255 194 255 255 255 255 227 0 134 255 168 162 178 8 88 96 255 255
    84 255 255 76 255 20 255 255 220 255 24 255 223 255 255 255 101 255
    255 255 255 255 67 116 130 196 230 231 255 255 245 150 255 8 32 255
    255 255 255 255 208 142 138 255 66 225 51 204 255 6 255 255 255 255
    255 255 158 255 255 52 255 255 255 255 111 255 214 194 206 82 255 58
    120 255 255 255 81 148 12 255 42 186 232 210 255 16 234 255 81 254 2
    125 255 66 255 255 120 158 60 152 162 255 255 255 255 6 255 255 166
    206 186 116 255 20 255 255 255 60 18 24 255 107 255 255 255 255 255
    255 212 60 232 255 70 182 198 118 255 255 255 255 234 255 93 255 255
    146 255 255 141 255 255 186 216 216 81 112 255 220 255 245 255 172
    255 190 255 255 255 255 255 255 255 255 255 255 255 46 48 110 131
    202 247 109 255 36 226 168 255 109 255 233 107 255 46 178 40 255 176
    78 62 255 255 255 131 186 255 255 192 80 255 255 255 255 178 24 26
    255 204 176 255 162 236 26 80 255 214 255 255 255 255 38 218 255 255
    44 255 36 255 255 255 255 255 255 255 50 255 128 255 255 255 50 255
    228 120 154 255 188 255 255 255 2 255 255 255 255 84 162 148 239 99
    255 255 255 204 162 186 54 220 255 90 54 236 30 255 85 188 38 75 252
    20 255 194 130 40 22 255 224 255 100 93 248 118 255 178 255 57 255
    180 182 236 255 190 255 188 255 255 72 119 140 88 93 255 255 255 255
    106 255 255 255 127 90 255 26 255 52 255 176 48 255 106 4 81 255 44
    255 174 255 174 184 255 255 228 194 255 194 162 93 255 255 255 112
    96 222 255 26 255 210 255 34 10 12 214 246 255 247 255 108 160 255
    225 255 255 255 243 76 255 255 255 66 125 224 114 212 255 255 241 68
    96 255 48 18 255 114 255 2 38 255 38 164 255 172 255 255 255 255 72
    255 36 88 255 70 46 208 200 4 174 140 166 255 255 255 255 255 190
    141 255 50 255 12 255 255 255 134 172 210 8 255 218 255 194 255 255
    255 255 255 255 255 100 255 255 212 81 78 255 255 255 62 255 255 233
    255 255 251 255 255 36 91 66 255 87 255 255 255 84 160 49 255 56 0
    212 170 24 255 210 168 255 255 255 224 194 137 255 94 255 226 255
    230 98 70 101 255 202 133 72 255 4 220 255 123 255 255 12 74 92 172
    26 255 255 255 255 230 126 196 255 88 190 14 255 255 255 42 10 255
    86 176 255 122 166 226 208 130 255 148 26 117 104 194 186 72 84 81
    148 255 255 156 12 0 255 255 255 255 255 255 80 255 255 170 30 255
    255 255 255 244 144 255 12 255 12 255 120 137 238 56 255 255 255 255
    218 102 255 8 90 99 255 255 206 255 255 255 255 144 255 255 184 44 0
    251 16 255 210 198 255 104 255 255 255 247 255 76 57 255 255 164 255
    110 160 46 255 135 255 255 255 255 12 4 156 255 218 255 182 8 255
    255 176 255 255 42 255 14 255 255 255 105 255 255 255 255 180 255
    255 255 117 168 229 255 182 255 255 255 216 255 255 255 139 255 255
    220 60 255 255 194 255 245 255 64 158 64 255 220 255 152 12 84 122
    255 28 24 239 158 255 99 255 40 255 255 255 255 228 130 255 0 140
    255 255 158 121 255 255 55 126 180 180 82 80 115 255 255 255 254 198
    255 4 255 255 36 255 255 255 251 196 255 108 249 80 255 255 22 146
    255 190 255 255 102 98 255 255 74 67 255 255 255 44 255 255 255 223
    255 122 110 255 162 225 230 218 255 251 38 255 170 255 255 162 48
    255 12 255 142 255 255 255 255 184 6 38 255 8 99 255 52 22 210 255
    255 255 208 255 255 255 255 255 150 107 255 255 255 134 202 18 255
    255 44 42 255 208 255 255 245 255 134 255 255 56 81 255 34 253 212
    255 123 186 255 135 255 222 255 255 255 164 80 255 20 255 231 255
    255 32 255 255 255 164 134 255 255 255 255 255 228 255 212 255 255
    255 24 16 133 255 2 222 134 255 255 52 50 255 42 255 255 198 255 255
    255 255 8 255 255 255 255 26 57 168 40 247 138 154 255 255 208 255
    255 210 30 194 255 61 255 255 255 255 200 255 255 196 255 255 255 46
    172 255 24 186 58 226 180 255 255 255 130 182 102 255 255 100 255
    107 44 210 170 166 194 255 2 255 91 255 231 71 166 2 2 222 255 79
    184 255 55 246 22 255 255 0 247 110 255 180 240 86 255 16 82 255 255
    8 247 255 50 255 222 255 255 255 255 168 255 255 255 255 255 255 168
    6 188 255 255 38 36 192 255 202 40 255 255 255 212 255 172 119 16 40
    150 255 255 255 76 255 71 126 6 230 255 255 255 46 255 255 255 255
    44 82 144 148 255 255 156 60 255 255 44 22 174 255 210 249 255 255
    255 196 255 170 255 255 255 28 222 255 82 231 255 255 255 255 196
    255 255 255 128 255 100 255 103 255 255 123 255 233 255 242 255 75
    246 106 253 255 80 20 255 255 255 255 255 188 255 255 49 242 255 255
    255 164 255 86 255 51 118 120 255 255 36 164 202 144 53 162 255 188
    254 152 255 255 255 148 255 255 152 255 255 172 255 6 0 255 255 234
    255 142 255 190 216 255 68 255 141 255 245 255 255 255 30 32 255 255
    255 255 255 255 255 34 218 255 255 255 255 125 44 150 186 255 10 117
    255 202 255 255 24 255 255 172 245 246 255 20 255 174 255 255 255
    255 58 146 255 255 255 255 162 231 135 255 112 255 148 255 255 255
    148 154 122 255 176 255 255 10 70 102 28 255 255 255 160 255 255 190
    255 63 26 214 255 255 255 144 108 235 59 255 174 255 255 160 255 240
    255 97 132 130 255 240 255 42 240 255 255 255 255 255 172 255 170
    204 255 255 255 80 30 178 202 255 234 70 255 255 36 184 255 128 16
    255 255 38 255 255 83 254 255 10 255 255 255 254 255 255 190 80 255
    255 255 255 150 255 255 242 2 176 142 255 255 255 255 255 152 255
    255 168 223 0 246 239 121 240 255 103 255 255 255 142 255 255 244 72
    255 255 255 172 220 22 255 255 255 255 255 255 255 255 255 139 255
    255 178 32 255 137 255 104 255 255 106 255 255 255 105 14 255 208
    255 255 255 214 128 247 208 112 255 66 255 51 255 198 255 224 218 85
    255 255 255 22 90 255 255 255 49 255 190 255 222 227 255 255 255 255
    196 44 79 128 210 255 255 255 115 255 255 255 255 255 4 255 255 113
    255 18 255 255 255 255 34 124 0 236 48 249 255 192 255 255 144 255
    200 255 93 174 255 255 112 255 255 100 255 71 255 249 133 252 255 44
    255 255 137 255 120 255 178 162 59 64 58 63 240 255 255 255 0 255
    255 178 255 10 142 255 255 80 162 255 64 255 255 255 255 10 255 255
    255 255 184 12 0 57 255 255 160 236 255 220 255 42 18 136 253 255
    220 92 224 82 255 255 64 164 255 174 255 255 220 255 255 255 255 241
    62 124 255 16 26 255 38 255 255 182 60 255 255 255 166 58 20 255 46
    255 255 255 10 255 220 138 32 238 255 22 34 144 230 180 255 255 255
    255 26 255 255 255 54 56 55 132 255 168 255 255 131 66 255 226 74
    255 129 255 44 95 255 216 51 255 168 32 166 106 30 255 60 194 244
    255 255 12 124 255 255 255 232 255 255 255 255 255 139 255 154 255
    255 255 57 130 172 255 40 255 121 238 255 255 214 255 255 255 4 46
    116 28 255 255 102 131 118 30 170 134 255 255 255 146 91 80 146 255
    255 255 77 255 18 150 255 255 121 255 255 255 64 255 255 164 255 255
    255 134 214 255 182 46 255 255 162 246 212 63 96 140 178 255 255 121
    255 12 255 188 40 253 255 255 51 70 124 111 255 255 226 255 247 146
    255 255 109 120 10 18 232 255 255 118 255 93 154 68 243 112 72 255
    68 255 22 255 255 255 255 255 255 255 255 255 44 255 10 80 104 150
    154 255 194 162 164 97 26 255 255 242 150 255 236 255 212 172 222
    255 255 114 255 144 255 255 154 255 127 86 255 255 150 255 255 255
    104 184 72 223 255 220 100 255 90 150 218 94 202 16 255 255 255 18
    162 113 255 78 255 166 255 117 255 132 255 150 247 255 255 239 63 34
    178 14 146 190 255 220 102 28 148 50 65 255 255 255 6 255 255 118 58
    135 4 162 26 255 255 255 214 255 255 128 24 255 255 198 255 255 255
    182 252 255 202 255 255 255 255 255 46 255 220 255 255 34 255 255
    255 16 252 255 255 44 138 245 246 255 255 184 255 53 4 30 22 152 249
    255 248 255 255 255 150 4 202 255 255 128 10 172 255 255 184 255 14
    18 208 255 255 255 166 57 48 255 255 255 166 2 188 20 255 255 114 81
    220 241 194 255 255 137 255 38 255 255 255 255 255 255 255 220 255
    255 255 255 162 184 255 123 255 255 255 172 54 255 52 182 255 154
    255 255 255 225 107 54 255 255 130 214 255 255 229 30 255 255 226
    158 255 255 255 255 255 255 160 255 176 214 176 204 202 255 192 146
    22 220 255 222 255 170 79 10 18 255 255 255 133 255 255 255 255 255
    255 112 255 12 186 96 255 170 44 6 144 255 255 36 227 255 255 72 255
    255 253 255 255 255 230 255 22 255 255 255 255 255 227 61 56 54 255
    14 255 255 255 255 178 62 124 30 255 190 200 142 255 255 255 255 255
    255 255 121 255 50 111 26 255 255 192 255 245 255 26 83 188 255 129
    255 233 255 255 255 85 255 235 255 132 12 196 255 255 255 168 200
    255 255 233 129 255 255 184 230 184 131 255 255 255 220 255 0 255
    100 208 50 255 226 255 214 255 255 255 255 134 94 97 255 212 49 56
    255 71 108 255 77 4 18 22 255 86 24 112 255 218 255 255 255 255 144
    255 255 255 34 255 255 10 255 255 255 128 241 255 255 255 249 224
    182 255 248 24 255 255 255 255 255 86 255 255 44 8 255 255 8 140 14
    115 64 255 89 255 255 196 255 158 148 210 162 255 120 142 49 86 188
    170 60 146 170 255 255 255 255 174 255 255 122 71 102 255 255 255
    241 255 130 245 216 78 78 255 255 186 255 255 78 129 255 255 6 255
    255 255 255 98 255 255 198 255 255 255 8 24 255 119 12 255 109 226
    100 212 255 118 222 188 255 36 255 255 51 255 255 255 255 255 255
    208 255 255 68 255 162 58 255 255 252 255 63 255 72 216 200 178 253
    56 255 123 255 255 255 250 255 255 204 108 255 196 255 255 255 114
    255 255 255 51 255 134 109 255 255 255 255 255 36 255 222 216 156
    255 255 2 110 255 255 255 18 236 72 255 255 255 36 224 223 255 158
    255 103 206 255 243 255 255 87 22 255 255 255 98 32 255 255 162 255
    56 0 255 255 69 186 255 55 54 255 220 106 255 255 255 255 255 255 18
    210 255 225 255 255 8 255 255 255 255 62 12 117 244 212 255 255 140
    255 82 255 105 162 255 75 255 255 255 255 94 83 255 255 12 90 255
    247 184 126 30 146 216 255 255 255 255 255 223 255 48 255 160 26 156
    255 255 126 255 255 100 255 204 72 105 188 30 255 255 212 65 255 218
    117 255 255 192 244 255 154 255 110 53 202 255 144 255 255 255 255
    255 148 255 255 97 255 225 192 114 36 255 255 214 230 255 170 255
    255 255 255 255 68 236 154 255 152 255 255 255 212 255 255 132 255
    137 224 247 255 184 255 255 226 255 10 146 249 255 136 212 255 255
    255 20 255 0 141 255 44 93 255 86 255 236 255 55 2 231 228 146 225
    255 255 186 65 70 182 255 255 184 255 234 180 158 255 255 255 255
    241 75 255 50 200 202 255 255 116 255 255 130 112 131 255 54 232 242
    235 255 255 170 255 18 144 255 172 241 220 255 42 12 234 255 255 255
    88 255 240 176 255 255 255 255 254 4 255 255 70 255 122 255 218 255
    255 38 255 255 156 52 255 26 255 255 255 186 0 239 228 255 255 128
    30 255 80 158 63 255 255 135 238 76 255 255 182 214 255 255 255 176
    4 255 88 172 105 154 255 255 255 10 255 206 255 166 6 255 255 232 34
    255 255 60 255 255 255 255 54 255 158 255 255 255 255 182 255 255
    255 255 236 255 255 106 229 206 255 255 97 126 64 255 255 6 113 22
    60 255 150 2 14 255 255 255 255 255 255 255 255 115 248 255 194 255
    255 119 255 229 87 255 2 44 94 76 186 255 255 255 138 178 113 138
    255 216 255 10 220 255 255 255 138 210 113 255 18 255 255 255 0 0
    255 251 226 255 255 182 255 196 64 255 255 234 8 255 255 110 158 232
    164 255 255 255 255 255 255 24 255 180 255 255 255 40 80 249 160 255
    32 174 255 255 255 22 255 255 196 255 255 255 255 255 70 255 255 96
    118 255 255 255 255 255 176 61 236 255 65 255 146 255 114 190 255
    128 10 148 255 255 224 138 255 91 255 255 255 40 14 255 255 186 180
    20 128 154 255 255 255 255 96 255 255 78 111 246 255 127 255 255 255
    164 255 192 66 255 255 255 10 255 62 255 0 230 255 216 4 146 178 255
    86 164 255 255 255 42 214 255 255 255 255 255 255 255 255 20 255 214
    90 255 255 60 255 255 255 255 248 100 255 255 255 71 255 255 255 14
    60 255 255 166 89 216 231 255 255 255 255 172 255 255 255 255 18 255
    255 36 255 255 255 255 255 206 142 106 75 255 255 255 54 218 251 255
    255 255 255 190 255 68 26 152 122 255 224 54 150 20 255 156 174 166
    255 71 92 227 53 180 12 247 22 255 109 8 249 26 255 255 255 128 208
    255 42 255 123 255 255 255 255 255 255 255 255 255 255 46 255 164
    136 178 96 255 119 255 255 255 255 42 255 255 122 255 255 241 4 255
    132 123 114 255 255 255 138 255 255 255 91 192 206 255 214 255 61
    234 86 255 48 128 255 92 70 255 255 82 255 255 255 255 255 152 79 96
    255 255 255 74 141 255 255 255 255 88 255 78 12 255 255 255 255 255
    28 255 224 178 83 255 255 255 2 255 255 255 255 210 44 80 204 255
    225 255 232 255 255 255 255 255 255 255 255 152 255 255 255 233 255
    255 255 255 255 255 49 46 255 137 132 255 255 255 255 79 18 255 255
    136 255 135 108 255 255 226 196 255 255 255 255 255 255 236 162 120
    210 14 255 2 170 182 87 78 166 255 255 62 255 242 255 146 255 255
    255 2 112 46 255 34 255 192 140 75 158 38 103 94 178 255 24 10 6 255
    255 198 255 255 255 140 128 255 255 255 255 168 22 255 255 255 255
    255 255 154 178 102 255 255 48 232 12 255 255 255 144 255 64 255 65
    255 255 255 106 200 253 255 233 255 255 192 20 190 62 255 60 56 202
    255 98 255 255 32 255 184 0 196 255 255 255 255 80 204 154 48 251
    255 202 87 148 233 115 132 255 255 255 255 255 255 20 255 255 158
    255 234 255 230 255 38 188 184 255 220 255 255 14 234 235 255 186 28
    255 246 255 255 110 255 255 254 255 144 126 152 216 102 255 210 255
    255 123 16 255 255 214 62 255 140 255 81 194 60 255 10 194 255 255
    255 141 255 255 109 14 80 255 76 172 255 255 152 32 255 255 255 144
    255 186 146 156 255 34 255 22 98 251 245 255 255 255 255 134 255 28
    214 71 202 88 255 16 58 141 255 182 107 255 255 255 255 18 255 164
    255 255 190 255 144 255 255 214 255 255 226 254 104 255 255 196 51
    255 255 117 255 255 255 214 94 127 16 116 109 242 255 255 255 255
    247 166 255 255 94 255 255 255 255 20 255 56 83 255 225 55 255 56
    255 255 16 77 255 255 255 8 170 255 212 8 255 100 255 255 255 80 255
    114 96 156 114 255 190 255 255 42 255 255 255 162 255 180 255 255
    255 196 118 255 255 28 166 224 134 255 255 255 249 34 140 236 214
    255 255 255 255 148 255 255 119 42 255 255 255 182 255 255 255 139
    162 76 255 255 255 34 74 255 255 255 255 121 194 255 212 22 255 164
    255 202 34 255 253 162 118 30 0 255 144 30 242 255 105 214 14 51 255
    10 255 136 255 255 255 255 216 156 255 129 255 255 196 142 225 8 255
    229 133 34 255 87 255 255 255 220 34 174 255 255 89 0 216 162 130
    120 255 238 204 14 255 255 192 142 166 170 255 255 178 255 223 186
    255 186 40 255 16 255 255 46 83 102 255 150 6 255 255 255 255 255
    255 10 121 255 255 255 228 200 255 240 255 158 255 255 139 54 102
    255 255 249 105 255 156 255 255 126 16 255 255 255 10 255 255 144 4
    255 158 255 255 48 255 204 255 255 255 255 98 125 255 255 255 255
    255 255 106 255 196 122 255 255 242 126 255 6 255 236 255 98 255 255
    255 30 255 164 255 255 114 255 164 98 14 255 255 255 76 255 255 255
    148 125 28 255 255 255 180 255 255 150 255 168 255 255 255 40 255 70
    124 255 172 102 255 255 255 255 255 255 57 78 96 255 152 160 255 255
    255 255 255 255 160 32 225 255 38 2 79 255 122 186 255 255 255 40
    255 226 14 255 38 255 134 255 255 14 18 255 32 133 255 60 255 208
    255 255 44 255 255 255 255 255 46 255 174 255 255 255 255 16 255 255
    255 141 255 170 24 50 255 255 255 255 243 255 255 247 255 255 196
    248 182 255 255 255 55 255 255 0 255 255 255 255 40 255 34 220 255
    80 186 176 255 206 144 255 255 184 138 255 71 214 255 109 255 253
    255 120 60 255 144 255 255 138 255 255 134 104 144 184 245 255 255
    255 255 126 255 174 114 255 255 255 84 255 226 255 255 255 255 200
    70 68 255 255 152 255 255 94 255 158 92 255 255 255 255 194 255 228
    255 166 123 252 255 255 254 255 255 255 239 162 138 62 255 255 235
    14 226 255 0 98 164 255 118 6 87 150 255 188 34 184 24 255 76 255 30
    198 105 255 255 255 130 174 255 255 255 255 86 168 255 255 255 255
    242 152 255 255 255 255 255 235 255 46 255 255 255 148 255 220 255
    95 255 12 255 132 255 0 44 255 12 255 214 65 4 18 255 255 255 255 48
    255 255 50 255 0 255 154 164 210 138 255 158 229 255 196 30 69 100
    255 255 255 255 255 252 255 255 255 210 255 8 255 2 255 255 113 86
    255 255 255 22 162 255 255 255 255 66 12 242 110 255 255 241 200 255
    255 135 255 233 255 220 82 255 124 20 59 20 134 255 184 52 255 224
    255 133 228 255 255 255 74 255 255 255 255 34 255 255 82 255 255 20
    222 18 164 6 156 255 255 255 255 54 184 255 255 255 255 16 255 255
    255 30 120 255 119 108 184 255 255 166 255 255 255 255 255 255 127
    255 255 186 64 10 158 255 255 220 255 255 255 255 100 91 230 200 255
    210 255 255 154 84 255 255 255 255 255 255 115 255 16 255 255 2 129
    255 255 255 255 255 255 248 255 255 255 255 115 116 227 255 132 66
    255 255 255 255 255 26 255 176 255 255 156 158 26 255 208 255 8 255
    255 210 18 255 196 188 30 88 251 255 222 156 95 255 204 16 255 235
    255 255 255 20 72 102 255 255 255 190 164 162 255 40 255 255 255 255
    255 255 255 255 98 214 255 154 255 75 255 12 44 255 154 255 255 198
    255 255 42 162 252 58 44 204 241 255 255 82 121 255 92 40 30 255 255
    255 204 44 14 98 75 2 128 255 255 182 255 216 255 137 216 28 188 255
    134 255 116 255 255 116 255 182 255 255 14 52 88 255 8 22 255 255
    172 234 82 255 222 255 255 255 176 220 255 255 225 180 168 255 44
    255 160 255 255 46 255 255 255 176 242 94 251 218 30 168 255 255 255
    234 168 148 132 34 255 10 255 89 174 152 255 255 255 123 28 255 255
    255 102 111 146 255 71 58 255 49 255 255 137 32 255 255 254 255 115
    24 239 61 152 126 255 255 72 255 255 255 255 164 255 255 86 174 255
    255 12 59 218 255 135 255 255 107 162 255 255 118 194 255 80 239 255
    254 116 49 255 255 255 255 162 2 60 255 255 114 255 255 255 170 255
    255 255 79 255 255 255 255 76 255 255 92 44 255 255 93 196 152 255
    255 28 255 255 255 255 255 255 255 184 255 253 192 138 255 255 255
    196 255 74 53 94 255 255 130 50 99 30 255 239 254 132 123 158 255
    255 255 255 255 255 255 182 90 60 61 255 255 168 255 255 255 22 150
    255 60 255 10 202 255 241 255 84 46 168 24 255 255 255 16 188 76 255
    206 255 255 22 124 255 204 72 255 255 255 107 255 255 30 152 148 255
    255 76 236 255 196 255 160 104 216 240 255 214 255 56 255 134 235
    220 14 255 6 34 229 255 255 255 75 255 255 44 104 128 255 22 255 168
    202 255 255 158 255 255 42 255 208 248 62 162 255 255 194 192 162
    150 255 227 255 255 96 198 66 255 230 180 160 255 176 18 255 255 212
    255 255 255 212 255 255 255 255 255 255 170 255 18 255 106 222 34
    186 241 148 255 255 255 255 220 2 152 186 254 255 206 255 255 255
    255 4 174 255 255 115 8 8 154 2 208 255 255 255 83 255 247 255 255
    38 255 255 154 255 255 255 139 110 114 255 206 255 208 255 58 255
    255 227 255 255 255 234 220 255 6 255 255 255 76 255 255 255 168 255
    255 255 255 14 255 255 108 255 18 255 186 255 60 251 255 255 255 51
    142 50 255 255 255 103 72 48 255 218 235 255 80 255 208 180 88 255
    186 255 255 255 16 123 138 255 182 255 186 255 182 255 255 28 229
    232 255 255 111 182 255 87 255 186 36 255 62 180 255 255 255 8 255
    123 58 255 255 192 255 255 22 255 69 140 255 255 255 84 255 172 255
    30 64 184 61 255 255 8 255 178 255 255 2 255 204 102 152 255 108 91
    255 172 188 255 162 255 214 255 196 138 255 255 255 94 131 52 78 255
    236 4 255 255 255 255 24 20 243 96 8 255 255 108 95 220 255 178 210
    196 255 156 214 200 68 255 255 160 174 168 255 239 255 86 255 255
    224 42 255 255 0 255 200 255 255 90 26 55 162 255 255 255 134 63 255
    255 40 200 102 111 68 225 255 255 144 10 255 255 12 92 62 255 36 255
    255 255 255 255 255 235 255 255 255 117 255 212 255 80 184 255 255
    152 194 122 255 230 255 255 255 255 98 255 48 255 220 255 255 210
    255 76 255 126 24 89 198 154 255 255 255 40 255 255 255 255 118 135
    255 74 255 255 108 255 255 20 255 66 255 255 180 98 204 255 44 226
    255 255 255 255 255 32 255 255 255 154 255 220 128 255 255 255 110
    38 255 255 46 56 255 245 36 223 255 10 255 194 96 255 42 212 40 202
    130 84 255 32 26 178 156 255 255 116 253 255 255 30 44 255 255 222
    255 255 71 218 255 255 44 255 255 255 16 255 255 255 24 255 202 255
    255 255 255 154 255 194 114 255 255 98 255 255 255 255 255 255 255
    255 255 245 75 194 2 97 255 255 255 255 6 51 186 255 255 255 255 255
    178 255 255 255 255 234 188 218 255 224 130 42 48 255 210 255 255 91
    234 239 44 255 255 69 234 255 255 190 120 255 244 60 255 255 249 38
    255 8 255 50 255 14 70 172 255 255 255 253 255 190 255 144 241 99
    255 76 255 222 255 255 60 218 236 255 12 255 80 204 83 255 255 115
    246 255 255 255 255 141 255 170 152 255 158 87 255 255 204 255 58 36
    116 206 255 255 255 255 255 76 190 102 255 255 182 142 255 136 24
    255 166 235 255 198 52 255 2 96 24 244 48 253 255 255 255 98 237 216
    92 160 249 38 255 255 180 76 255 255 255 111 255 235 255 194 255 210
    255 255 255 70 255 255 255 214 0 162 255 34 70 255 255 88 104 255 82
    255 255 154 255 255 162 60 53 106 243 255 255 255 55 255 255 156 124
    255 32 255 255 176 100 255 255 74 255 139 26 84 36 72 255 255 255
    255 220 80 255 249 98 216 247 74 255 30 255 188 226 255 255 99 184
    132 97 255 255 255 124 255 53 52 100 255 255 16 123 106 180 81 174
    156 255 255 255 42 62 255 152 255 18 73 98 72 255 255 255 255 34 0
    121 255 255 255 255 54 255 212 255 255 255 206 123 210 90 53 255 255
    255 255 192 115 255 255 255 255 255 255 255 42 255 255 178 164 255
    164 255 148 126 168 255 82 255 98 255 255 255 255 255 48 158 255 36
    255 186 98 255 168 255 178 255 255 255 255 152 255 204 255 106 255
    255 106 255 255 255 170 32 255 255 170 144 255 255 218 255 255 255
    255 255 255 81 22 32 224 222 255 255 0 32 234 28 255 10 255 118 255
    255 44 204 255 241 255 188 253 255 255 130 87 255 64 239 194 255 190
    255 22 255 52 86 255 255 172 243 255 255 158 255 233 255 255 44 255
    255 255 59 8 90 255 154 255 255 255 255 255 255 32 127 216 130 166
    255 108 26 126 255 166 255 255 255 255 100 255 102 247 255 42 255
    255 118 92 255 114 44 255 60 106 255 126 178 255 102 218 101 255 255
    101 255 174 255 255 132 77 255 162 255 214 245 255 162 255 253 255
    255 255 8 255 127 255 255 255 154 50 255 255 206 222 216 255 24 84
    255 42 230 255 255 112 156 113 200 255 255 14 255 91 246 239 255 210
    56 137 160 255 255 255 30 255 255 255 255 255 8 255 255 255 255 255
    255 236 226 38 255 178 255 79 106 255 255 255 255 255 255 182 168
    102 50 255 170 255 53 204 122 255 255 241 255 255 52 121 80 255 180
    255 255 236 232 255 255 255 82 255 255 78 65 252 235 162 255 106 255
    78 58 255 255 255 97 194 255 255 255 122 255 90 255 255 66 223 255
    255 255 255 198 8 255 255 255 255 255 120 87 32 255 49 255 241 255 4
    12 226 255 20 154 10 172 255 255 255 255 174 40 117 255 255 220 76
    222 202 255 102 2 255 198 206 120 255 255 242 166 255 255 255 20 134
    142 255 182 126 255 152 180 115 255 58 255 100 255 255 228 255 174
    134 231 212 255 245 16 255 255 111 138 255 255 255 255 0 52 255 141
    178 255 162 64 102 89 255 2 4 255 148 255 255 92 255 255 188 218 255
    72 174 232 255 255 255 255 111 255 255 253 255 190 255 255 255 34
    255 40 236 48 140 255 255 176 125 255 190 46 162 196 255 255 255 255
    255 255 247 54 255 12 255 146 255 255 255 255 255 18 144 255 255 0
    18 20 255 255 255 255 128 255 239 255 82 67 86 255 236 255 255 255
    132 255 255 4 6 255 255 50 255 216 2 131 92 170 77 176 241 255 255
    18 255 255 255 255 226 255 12 254 255 10 255 255 255 255 144 255 38
    80 139 84 255 93 16 92 202 255 14 214 255 60 42 30 255 222 255 200
    131 255 218 162 255 90 255 212 218 42 212 200 109 255 255 111 255
    255 170 128 255 216 255 96 255 255 108 255 255 192 148 255 255 255
    62 255 214 255 255 249 255 166 243 255 255 255 234 102 53 104 255
    255 255 10 255 62 255 32 255 154 255 255 192 255 255 190 255 255 42
    255 110 194 87 255 86 190 124 255 239 228 106 255 60 255 255 172 90
    10 6 255 73 126 72 42 255 255 255 255 192 255 255 255 204 234 58 255
    255 255 255 18 88 255 188 255 255 255 34 65 255 233 251 54 255 178
    255 255 255 162 172 255 255 54 255 255 249 190 255 255 77 42 96 255
    255 255 255 0 255 255 14 255 255 166 255 150 246 96 55 60 255 255
    255 30 49 170 112 206 255 255 139 14 100 255 255 255 255 96 82 255
    255 237 255 188 255 109 0 66 255 130 194 255 255 114 255 50 255 111
    255 164 255 255 14 146 255 204 101 152 44 249 255 255 158 4 140 105
    255 36 22 18 255 200 255 42 255 255 255 42 184 255 255 0 218 255 255
    255 255 216 255 170 134 62 210 255 255 83 255 255 255 255 255 42 158
    255 255 255 255 255 130 255 255 255 255 30 96 84 255 255 255 255 100
    255 255 144 255 158 38 255 93 252 255 228 64 255 210 92 255 63 162
    222 99 255 255 162 255 130 255 124 255 55 76 36 255 68 255 255 255
    255 255 178 222 255 222 255 123 200 122 255 255 148 28 255 255 255 4
    227 255 218 38 255 255 110 24 178 255 255 255 255 28 255 255 255 255
    218 255 78 255 135 255 255 202 255 255 111 255 148 255 255 255 228
    255 255 117 198 186 255 255 255 166 255 136 255 26 114 255 255 255
    255 255 100 152 255 255 255 255 255 255 216 180 255 206 255 255 152
    223 255 255 255 91 100 66 255 44 170 38 255 4 222 255 170 24 134 255
    133 0 0 255 174 168 255 154 192 85 255 146 99 148 128 255 164 255
    255 255 255 255 190 76 255 255 255 255 255 245 135 255 176 170 16
    255 160 255 206 255 255 255 255 255 255 152 6 4 255 255 241 4 98 255
    137 255 255 255 255 235 255 16 255 77 255 253 255 84 255 65 210 255
    18 255 132 89 255 223 255 255 255 67 160 148 198 252 255 255 255 255
    255 255 38 208 200 255 255 255 255 32 255 255 255 255 0 154 216 98
    139 255 108 137 48 104 255 255 202 170 158 255 226 184 255 141 255
    255 61 64 138 255 166 255 255 255 194 139 255 255 2 255 255 123 82
    255 255 255 255 53 200 255 255 255 255 255 38 255 198 106 50 255 255
    255 174 255 222 95 112 235 255 255 48 162 255 255 255 255 8 127 255
    214 255 255 255 8 168 92 137 255 46 22 255 158 97 196 198 255 126
    188 255 255 255 40 255 255 44 255 186 255 255 255 255 222 255 158
    255 255 196 255 255 255 210 255 186 124 196 113 255 255 170 192 110
    182 255 255 109 255 255 255 255 255 103 255 168 194 214 255 255 160
    255 255 196 255 255 255 255 4 255 255 12 255 148 255 224 120 10 34
    255 24 156 255 255 226 255 32 144 255 202 255 255 158 255 255 186
    228 255 83 255 255 255 255 142 255 255 227 255 255 84 91 255 44 218
    70 255 255 14 239 123 10 255 255 255 255 255 216 12 144 106 255 188
    38 255 137 252 233 194 206 255 255 255 255 111 255 118 22 124 174
    255 255 192 255 255 255 232 255 237 255 255 255 255 242 255 255 80
    66 4 42 255 176 255 18 61 202 255 255 255 255 255 255 150 255 216
    120 230 255 255 255 76 96 196 12 96 255 58 164 255 255 142 255 255 8
    255 255 255 255 255 142 216 255 255 174 255 144 255 82 255 125 255
    120 194 255 255 255 255 114 255 100 80 67 34 255 194 156 231 255 150
    182 255 60 94 152 255 134 196 192 255 255 186 255 204 196 255 255
    176 255 239 88 255 135 255 255 255 222 138 255 255 102 255 62 122
    255 24 255 255 255 146 255 255 255 239 234 255 55 24 223 99 255 52
    125 70 255 162 255 82 59 236 255 255 106 86 255 120 255 255 216 94
    251 0 66 255 246 255 255 255 82 255 4 74 36 255 80 53 255 196 255
    255 255 255 255 2 245 126 255 109 56 255 255 255 154 255 255 255 172
    212 235 93 255 170 255 255 255 255 255 152 67 255 255 40 255 255 226
    170 255 65 176 255 255 16 118 255 255 218 105 96 26 220 190 255 255
    6 255 255 255 144 196 230 255 255 255 255 243 14 14 255 72 112 32
    255 32 190 134 124 148 120 255 255 255 134 255 255 255 30 255 255
    212 226 154 255 255 54 255 84 18 178 255 255 255 0 255 255 48 255
    255 4 74 109 255 88 255 255 180 255 150 170 204 255 58 255 102 198
    255 255 54 172 255 255 255 255 255 255 148 210 99 238 56 220 16 156
    190 240 255 255 255 255 170 60 255 30 255 202 115 255 64 255 255 255
    127 255 255 170 132 255 107 150 255 46 255 255 32 255 255 236 212 54
    255 214 255 75 16 255 255 106 255 184 234 122 255 255 116 255 58 255
    186 226 229 218 255 220 255 255 255 188 186 64 135 18 255 255 255
    255 255 255 188 63 232 46 190 255 58 77 255 68 162 255 54 255 154 48
    255 255 255 133 255 255 255 255 255 113 0 255 158 158 58 255 40 116
    255 255 255 255 255 255 208 255 251 255 255 255 255 228 154 129 255
    58 255 136 255 16 255 66 255 96 90 53 24 255 255 255 255 0 255 255
    49 255 255 255 255 255 133 70 220 255 255 255 255 255 255 255 255
    255 255 238 255 216 255 255 44 142 255 83 90 196 135 255 38 255 96
    255 8 255 255 255 78 255 255 4 104 255 255 210 133 255 26 255 255 38
    97 74 255 107 255 255 255 78 20 178 60 255 255 255 72 28 178 251 46
    252 255 232 202 192 251 40 30 255 72 255 255 255 86 69 255 255 32
    255 255 255 156 255 255 255 255 51 255 202 162 112 212 174 8 255 67
    100 144 129 255 255 194 182 222 4 255 255 255 82 255 16 255 255 168
    255 134 186 150 255 109 168 255 129 255 255 255 76 82 214 255 40 255
    255 255 255 255 108 255 182 136 255 255 106 176 170 255 255 255 102
    214 255 255 255 255 243 255 28 212 255 255 255 255 46 255 121 255
    255 255 255 150 255 168 132 174 255 106 255 255 255 30 255 255 255
    82 202 255 255 255 2 255 170 255 126 255 255 134 34 255 255 255 255
    255 255 113 112 255 255 255 255 44 255 255 255 24 172 255 255 241
    150 255 255 101 255 255 57 255 46 255 255 255 255 255 255 93 46 255
    236 255 154 93 44 204 255 188 255 192 255 48 38 250 255 152 84 106
    232 92 255 255 26 218 255 248 84 228 238 204 38 255 255 103 208 40
    113 38 255 255 255 206 255 172 146 255 255 235 255 255 200 255 8 8
    255 136 255 63 100 255 255 22 255 6 168 134 255 86 60 255 206 255 77
    0 166 255 255 225 255 112 255 38 162 86 255 184 152 255 78 20 255
    255 114 144 252 182 251 255 255 63 162 255 255 0 255 180 255 255 255
    255 255 255 188 180 125 255 58 65 64 138 255 36 166 44 234 78 8 255
    255 255 255 255 73 66 255 32 255 255 255 122 96 251 255 255 255 255
    44 255 255 255 40 242 38 255 30 66 255 255 255 255 255 196 65 255
    255 255 32 255 255 255 255 255 52 220 194 104 255 255 66 80 255 255
    255 255 126 239 255 255 40 89 140 255 255 194 20 247 194 255 61 255
    50 255 255 255 255 80 255 255 255 138 26 44 136 241 4 196 42 140 172
    46 255 255 255 120 255 255 32 174 255 108 255 212 234 255 255 255
    255 28 48 142 255 106 255 40 255 231 255 106 36 30 255 46 111 255 80
    255 160 255 93 184 255 131 255 235 255 255 255 255 186 142 218 56
    255 77 255 196 255 90 251 77 54 255 255 255 102 255 22 255 255 146
    170 239 142 78 206 255 86 255 204 104 36 255 255 255 78 54 255 238
    255 81 255 114 255 234 255 255 255 64 255 255 255 176 238 255 255
    255 78 255 196 255 255 255 255 198 255 255 255 255 104 139 255 255
    40 120 134 255 255 200 255 248 100 174 164 255 99 255 255 139 255
    231 30 255 152 127 4 255 4 64 154 168 120 255 38 255 255 255 255 52
    144 255 255 255 255 255 107 108 255 119 0 106 208 255 140 129 164
    112 0 255 255 255 152 112 255 255 255 255 102 255 255 255 255 67 255
    210 59 238 255 255 255 255 184 255 255 152 255 235 255 108 249 255
    184 14 166 180 255 255 255 255 226 236 108 255 254 28 99 255 136 255
    255 255 121 255 255 255 82 22 241 156 74 174 255 108 255 216 255 255
    255 216 204 2 104 57 120 255 255 255 206 107 255 142 103 224 176 255
    255 255 55 102 255 255 255 255 239 255 255 234 255 84 144 150 255
    255 255 255 255 210 249 255 255 44 178 110 94 53 255 255 91 122 255
    255 88 156 255 100 255 255 255 58 188 246 128 168 136 140 255 255
    122 63 12 255 115 178 218 131 255 255 255 255 108 255 18 8 255 184
    255 255 255 255 4 255 255 255 255 172 255 120 255 2 255 255 214 154
    255 255 46 208 46 255 255 255 84 255 255 192 255 210 190 4 255 255
    255 255 108 14 176 228 196 255 106 255 241 255 255 255 255 14 255 6
    144 255 255 255 255 50 255 249 212 255 212 116 255 69 255 255 255
    255 8 255 255 128 255 255 14 36 255 231 123 255 190 255 255 255 255
    255 255 255 112 255 44 226 208 57 34 182 57 94 255 176 28 255 255
    255 255 4 248 255 210 255 255 255 255 60 255 255 241 232 18 140 89
    26 247 255 2 14 255 46 223 241 42 40 206 204 255 34 255 108 255 255
    231 255 174 102 255 255 237 255 255 126 255 90 14 168 255 255 255 0
    255 255 180 255 71 128 255 200 255 192 241 255 255 255 255 166 255
    158 255 255 40 255 255 120 255 192 182 82 206 162 255 38 96 196 255
    2 255 182 38 255 255 150 144 255 2 168 255 255 138 236 242 223 6 64
    255 255 255 255 204 255 186 67 255 255 73 255 255 30 146 255 148 255
    255 75 255 10 245 34 110 180 88 255 91 164 255 255 96 222 255 158
    255 67 16 6 255 255 255 26 255 70 255 226 82 255 255 204 255 82 132
    255 240 255 255 90 16 255 74 26 32 255 255 234 255 253 55 255 126 75
    255 255 255 255 225 255 22 235 255 255 84 99 246 255 253 124 255 255
    150 255 222 255 255 226 255 255 20 255 255 255 8 0 216 255 255 214
    254 255 255 134 182 220 255 235 0 255 255 228 255 255 170 14 255 255
    255 255 255 254 255 93 255 223 93 255 134 255 164 26 255 255 32 255
    255 255 255 240 239 255 244 54 255 255 255 255 255 223 255 10 255
    255 255 255 255 255 255 255 255 68 255 255 255 152 66 255 255 255
    225 255 88 255 255 74 255 255 186 255 103 255 255 63 255 255 255 255
    172 226 255 255 239 255 160 46 148 130 255 98 255 129 255 172 42 255
    255 194 114 78 255 192 255 255 4 118 186 255 32 255 128 255 117 190
    182 255 98 148 255 178 255 255 242 255 255 255 229 36 158 90 105 255
    255 57 255 255 18 28 255 255 255 38 255 255 206 255 166 255 255 254
    64 105 206 255 255 255 255 255 26 126 255 220 255 255 236 255 158 82
    204 150 255 170 255 255 120 255 186 255 174 255 255 255 255 104 63
    58 255 200 18 102 255 68 216 83 40 255 148 255 134 255 56 255 255 82
    255 255 255 140 91 255 255 255 138 245 249 106 112 255 142 255 255
    50 146 220 130 86 162 124 255 255 255 235 255 255 255 255 255 255
    255 192 106 255 255 255 119 152 255 4 255 194 255 114 212 24 232 0
    53 255 255 255 255 66 249 184 178 125 255 94 144 18 68 255 255 245
    255 255 255 172 255 86 255 255 112 24 246 255 55 88 126 255 248 255
    255 255 162 224 255 20 6 255 16 255 232 255 255 255 124 255 255 138
    186 255 255 2 255 144 51 104 36 255 255 255 255 126 32 255 255 255
    91 255 255 202 64 255 255 255 40 255 255 120 255 255 255 24 255 255
    164 255 24 156 255 16 93 140 78 255 255 255 255 255 255 73 68 176 95
    146 255 115 255 255 255 0 160 255 232 255 255 255 255 255 255 255 93
    8 174 51 184 142 255 255 255 255 190 218 202 255 214 148 100 255 255
    4 192 198 255 255 255 255 102 255 230 26 255 255 255 170 255 50 133
    230 255 255 255 58 172 84 32 255 255 204 255 128 255 65 255 196 255
    172 227 239 255 146 255 255 255 255 255 162 255 255 255 255 184 255
    255 252 200 168 214 178 255 255 74 255 255 249 255 178 130 14 255
    255 255 168 106 255 255 255 255 102 255 61 255 106 255 255 255 137
    62 120 51 152 30 255 255 255 247 255 255 81 106 255 12 255 146 117
    104 176 154 82 255 99 210 223 255 255 100 71 2 255 224 130 48 253 64
    255 30 255 2 174 18 158 137 158 182 208 255 2 255 14 255 18 164 255
    255 14 255 255 224 255 61 255 162 255 255 255 49 255 255 170 255 8
    245 255 4 255 255 90 224 255 255 220 138 132 255 184 255 255 170 0
    144 255 174 255 246 255 232 108 225 164 114 255 113 140 176 182 86
    140 255 255 194 131 255 208 255 96 255 255 148 66 255 255 223 234
    255 255 91 62 255 247 255 255 255 255 110 255 218 239 255 255 255
    255 255 255 255 255 212 255 255 247 44 255 200 44 255 130 87 208 255
    255 255 255 32 255 255 226 178 158 127 68 58 255 170 255 255 255 255
    101 82 255 168 255 255 38 255 20 255 255 10 79 246 2 255 246 255 255
    255 255 200 34 166 255 255 255 20 82 255 255 2 142 255 236 239 255
    255 20 255 204 160 255 255 148 160 108 255 73 255 255 255 16 255 255
    255 12 8 255 255 160 255 255 232 192 255 87 255 16 255 255 18 79 255
    255 255 255 178 139 255 255 214 134 255 67 16 148 198 255 255 245 28
    255 24 255 255 137 255 235 255 255 96 255 178 255 255 255 192 170
    172 90 123 255 255 255 255 12 255 130 255 95 255 138 113 178 255 162
    255 255 255 156 255 255 255 128 75 255 48 6 76 255 255 255 255 255
    255 34 245 212 255 245 210 12 255 255 255 83 255 102 255 255 255 255
    52 132 176 46 210 255 255 255 255 255 255 255 98 255 255 158 255 251
    164 104 119 255 255 255 255 48 255 32 255 113 130 239 255 255 255
    129 255 255 241 112 218 28 224 255 8 255 255 255 255 251 255 194 255
    77 255 36 182 214 255 253 228 255 146 255 172 220 255 255 255 52 255
    57 255 255 255 255 249 182 255 255 210 255 255 218 188 255 255 255
    66 113 162 255 255 255 255 234 58 255 255 254 255 255 255 241 255 48
    255 255 255 255 255 255 255 255 130 108 89 255 134 255 206 255 255
    255 255 255 255 160 119 255 194 255 255 255 42 255 255 255 42 22 251
    134 144 255 255 182 95 58 255 85 238 255 255 100 66 255 255 255 137
    42 166 255 184 255 184 255 255 139 226 182 107 176 255 255 38 162
    255 255 186 186 255 255 154 60 255 204 112 255 251 106 255 26 76 70
    255 178 255 176 255 112 101 255 255 255 212 255 75 146 50 148 62 32
    125 152 255 109 88 130 67 255 255 255 128 255 255 255 140 188 255
    255 255 255 22 255 126 72 255 255 130 255 255 255 208 248 255 255 88
    255 255 255 56 255 255 255 255 255 255 255 14 30 20 255 255 255 255
    220 109 80 0 42 108 255 49 255 116 170 255 30 226 255 255 255 255 84
    38 116 12 255 24 255 255 255 56 255 255 255 214 255 255 105 255 76
    212 24 255 255 28 255 255 250 255 73 204 30 255 255 32 255 116 255
    255 186 255 243 116 255 255 66 255 255 255 40 255 138 146 216 255
    255 184 146 58 255 255 255 255 255 14 57 28 255 255 255 255 255 255
    255 152 44 255 255 255 116 115 186 255 255 255 237 214 255 255 251
    255 24 117 52 243 255 190 150 206 6 222 176 255 28 255 142 255 255
    255 255 40 244 154 255 255 26 255 255 255 255 255 241 164 255 255
    125 168 233 255 206 255 255 255 0 255 194 255 65 164 255 160 68 146
    2 255 108 255 104 220 253 255 255 255 50 255 230 255 255 166 108 237
    255 255 255 18 40 255 146 255 154 245 255 255 34 94 200 150 34 255
    255 255 255 105 64 198 172 255 255 146 255 28 255 255 58 255 255 82
    156 255 86 255 252 247 121 255 54 79 70 255 192 254 255 255 255 255
    255 255 255 220 255 255 255 255 255 255 255 255 28 255 218 255 255
    206 255 255 255 255 255 255 51 78 88 73 255 216 255 255 156 255 210
    255 210 234 178 49 100 28 103 14 66 255 204 24 202 255 255 255 212
    212 255 255 164 255 92 233 65 255 56 220 66 255 255 8 255 255 26 255
    59 255 28 255 255 62 168 255 255 198 255 34 255 6 255 253 186 186
    255 158 166 236 255 178 245 255 255 255 240 255 55 255 255 255 255
    255 8 10 255 42 48 255 255 255 255 255 220 255 255 255 255 255 255
    255 166 24 255 232 22 255 255 255 18 255 255 90 95 255 255 218 255
    255 255 255 251 255 214 108 255 126 255 99 255 255 255 255 255 111
    255 233 245 220 160 236 255 10 4 255 255 44 255 255 255 255 48 255
    216 112 255 255 255 255 96 255 77 255 208 44 220 255 245 255 255 255
    255 255 255 58 92 109 255 255 255 255 255 255 255 138 255 56 82 113
    148 243 186 50 255 65 255 255 38 12 255 228 255 255 186 22 255 255
    255 255 247 255 98 255 255 202 75 255 255 255 255 255 255 244 100
    101 212 255 255 255 255 186 32 231 255 255 255 75 206 84 255 182 212
    192 234 86 180 255 200 255 255 255 36 228 255 255 255 255 0 255 120
    255 28 255 111 206 255 255 150 255 83 255 255 214 255 196 69 255 176
    255 192 255 133 68 255 44 255 106 255 255 26 139 255 255 255 128 255
    198 158 108 121 252 255 32 255 247 255 250 168 255 220 255 57 255
    255 255 255 208 129 98 255 255 192 255 255 255 156 67 4 210 255 255
    255 214 32 255 224 104 16 255 255 255 67 255 24 255 80 225 255 68
    255 255 255 255 255 255 78 255 255 255 200 230 255 255 255 68 170
    208 170 63 255 255 99 222 249 22 96 208 192 255 255 255 255 122 214
    238 255 255 186 108 255 255 255 247 198 136 255 88 52 212 248 239
    255 176 98 20 255 255 255 72 255 255 255 255 0 50 106 255 24 255 210
    72 255 255 255 233 255 255 255 101 222 255 133 255 255 99 255 245
    204 255 255 146 255 255 239 52 249 172 204 255 243 255 245 255 255
    86 127 158 255 255 255 255 255 36 237 206 255 32 113 255 24 255 255
    154 255 112 146 255 255 114 12 255 255 162 216 255 129 255 104 255
    255 255 12 255 220 156 164 60 117 255 255 150 134 255 168 255 172
    255 255 70 255 255 142 255 168 92 247 10 255 10 255 255 111 255 16
    14 108 255 255 255 253 162 255 255 59 222 255 255 255 192 255 255 0
    255 136 227 255 52 184 255 255 168 255 146 190 57 198 134 61 255 255
    129 60 255 255 255 255 255 58 255 253 255 56 255 255 132 255 98 82
    77 255 233 222 255 255 156 124 223 255 192 255 255 255 255 71 255
    235 95 148 255 91 138 80 255 118 84 255 14 68 255 255 255 255 32 255
    255 255 255 255 50 247 255 100 188 241 162 255 0 196 255 255 186 255
    255 255 194 206 255 188 57 170 255 255 60 62 127 228 255 170 255 235
    255 180 255 107 50 164 255 255 100 255 255 255 18 255 255 243 158 32
    150 255 136 103 255 255 200 255 255 255 255 190 40 255 255 255 255
    255 148 255 40 255 255 74 156 255 227 255 255 255 107 26 102 255 96
    16 196 4 255 20 216 38 93 255 126 6 108 202 79 255 255 236 60 98 255
    255 214 200 112 66 255 118 16 34 226 170 255 255 255 117 122 255 30
    255 255 218 255 255 49 255 190 109 8 255 206 255 154 255 255 62 255
    255 245 212 2 255 144 38 255 20 134 158 255 138 116 255 214 14 255
    255 255 255 56 56 148 148 156 255 255 62 6 186 50 38 96 204 255 240
    255 255 18 255 255 92 144 34 255 140 255 255 255 255 255 255 129 138
    142 115 255 120 232 255 62 16 218 82 247 196 84 247 252 255 255 255
    6 61 255 255 255 255 255 166 255 188 255 255 229 255 248 255 20 88
    255 119 212 255 255 255 255 12 255 220 69 255 138 255 255 86 255 255
    255 24 142 243 255 226 255 131 192 132 255 120 122 255 255 10 255
    228 255 202 255 255 180 142 138 255 255 255 255 255 100 255 255 227
    255 178 204 164 255 128 255 255 255 255 255 223 255 108 255 255 255
    255 255 255 255 190 74 116 255 94 255 255 255 178 255 255 255 255 46
    251 123 28 255 255 94 214 99 255 102 162 220 84 91 128 204 152 8 144
    16 18 255 42 140 223 255 234 235 255 255 124 255 255 255 255 34 255
    164 255 247 4 255 255 255 255 28 255 160 184 255 6 255 255 212 255
    247 255 42 67 86 66 212 70 255 4 255 255 255 255 255 26 252 28 255
    255 255 186 255 202 32 150 108 255 8 255 255 255 255 255 255 22 255
    255 255 255 255 130 255 255 8 172 250 136 105 154 255 255 255 253
    255 52 112 255 188 255 34 255 176 22 255 158 79 122 36 255 248 255
    63 255 50 255 255 255 255 118 192 93 255 36 139 255 255 160 126 255
    71 255 255 251 14 255 255 82 255 36 255 253 200 186 255 103 255 255
    255 68 30 164 255 255 99 20 255 12 255 84 192 220 255 255 110 255 6
    255 76 241 255 164 95 255 42 255 255 255 255 196 255 255 255 223 141
    255 251 218 255 144 6 255 80 255 255 255 255 110 52 255 114 56 186
    255 255 255 255 255 123 190 255 53 148 38 26 12 255 255 255 255 101
    255 200 34 255 170 202 255 88 255 80 239 255 255 210 24 255 12 255
    124 198 255 255 255 255 255 255 121 56 0 255 255 78 28 255 255 255
    255 80 255 255 255 212 88 255 255 234 225 93 255 80 255 206 255 255
    138 255 255 228 14 178 40 255 178 255 255 255 202 255 87 255 94 170
    144 138 2 64 255 255 100 255 71 216 108 255 255 255 44 255 112 255
    10 166 75 255 82 137 208 20 63 70 202 67 255 255 129 66 66 255 24
    255 255 132 255 255 255 223 255 208 26 243 255 255 137 134 86 216
    255 255 255 255 255 30 255 202 255 190 255 123 255 255 2 210 255 75
    250 255 255 188 210 255 255 212 95 255 255 32 255 255 38 255 212 166
    72 44 20 142 231 255 255 158 255 140 255 255 50 255 255 255 255 255
    255 255 188 255 247 255 255 102 255 255 255 255 68 255 255 150 255
    97 255 192 139 162 124 255 82 255 245 114 255 255 255 48 255 246 60
    255 255 255 178 255 68 255 204 255 255 255 24 255 250 50 28 255 4
    255 255 126 255 255 60 61 172 120 105 255 255 255 255 255 176 255
    166 20 255 2 178 255 255 255 255 208 255 255 253 196 240 255 139 255
    255 255 255 255 236 94 162 255 170 233 34 198 255 184 22 255 255 54
    90 255 255 255 216 255 255 18 188 196 255 255 255 255 48 178 61 255
    255 232 232 28 255 4 116 123 255 255 255 255 116 255 160 255 111 255
    255 230 20 190 239 70 90 188 20 255 255 252 255 198 66 249 204 214
    255 220 194 255 255 220 255 4 255 96 236 255 255 182 255 255 255 50
    245 226 255 255 255 255 255 65 255 255 255 255 255 32 144 255 255 64
    255 255 255 172 255 255 158 255 174 255 255 255 255 89 255 255 255
    255 40 255 255 223 148 255 255 0 255 74 79 255 255 255 255 32 255
    196 255 255 255 44 255 204 112 99 255 255 206 255 96 255 255 212 255
    255 88 241 255 255 255 12 172 239 255 8 162 255 255 97 255 255 216
    255 86 152 214 255 255 255 255 255 255 188 255 255 142 255 255 112
    156 122 194 255 255 255 139 255 255 26 54 255 255 255 168 129 255
    202 190 120 255 125 255 136 255 255 255 255 255 164 30 255 255 113
    96 255 139 255 255 123 78 255 2 230 255 26 255 255 148 255 255 36
    255 16 194 255 114 182 142 245 226 182 255 186 16 255 255 110 34 59
    118 190 71 255 255 212 255 255 255 255 255 255 255 152 123 26 66 255
    0 255 255 166 218 174 255 130 255 255 255 4 255 162 204 255 84 150
    255 255 127 42 255 105 188 255 212 255 166 236 82 255 255 60 233 184
    208 122 228 56 26 255 230 56 255 255 255 53 218 255 255 255 255 255
    255 255 255 166 216 255 255 176 255 134 150 40 255 255 255 255 255
    67 255 255 146 220 255 253 134 255 255 255 255 156 255 204 255 255
    237 111 255 255 255 108 92 178 255 255 253 255 2 255 132 255 83 255
    208 61 174 88 121 255 255 79 202 104 224 255 150 214 86 255 255 164
    194 255 255 255 168 255 245 141 128 255 255 110 255 255 72 86 255
    255 98 255 38 222 178 255 255 255 218 255 162 255 126 186 52 38 255
    76 255 81 156 255 18 40 255 170 255 255 230 255 162 255 255 255 255
    254 36 255 48 255 42 255 255 2 90 56 53 8 255 91 255 255 255 72 255
    144 255 136 8 130 255 255 255 255 255 255 241 255 226 255 255 84 249
    255 255 82 214 255 182 255 204 255 107 242 255 255 36 255 188 255
    138 255 36 255 255 255 218 255 255 38 255 255 255 113 255 255 255 18
    48 71 255 24 255 156 194 38 182 166 255 44 194 255 134 82 46 255 255
    55 255 72 236 38 255 4 255 106 46 60 255 152 0 255 255 255 255 255
    70 206 144 255 255 255 132 255 255 100 239 59 146 255 255 152 110
    255 255 255 255 184 255 255 255 255 111 255 100 255 16 241 255 255
    255 53 18 66 253 255 255 255 255 255 38 196 150 255 255 88 255 242
    255 166 255 126 89 255 20 20 90 255 255 255 255 255 255 56 34 46 100
    255 255 255 61 255 255 255 255 16 255 200 220 255 186 114 174 255
    122 255 206 255 255 255 233 255 255 255 6 255 18 214 255 249 34 100
    255 125 102 255 255 255 229 188 204 255 141 200 134 34 8 255 255 16
    255 14 255 255 99 255 255 255 255 237 255 255 190 255 255 255 255
    114 255 230 255 208 255 246 255 255 255 118 255 84 255 107 255 118
    93 255 255 255 255 66 16 172 255 249 82 50 255 255 255 71 255 62 255
    255 60 255 42 102 255 66 255 0 255 255 20 255 255 38 232 239 89 255
    255 255 255 255 255 4 255 255 104 255 239 255 255 255 255 255 46 255
    50 148 255 60 32 38 255 255 28 255 16 255 18 255 255 255 239 10 222
    255 208 130 135 255 6 178 248 12 255 255 144 255 226 152 222 255 38
    253 132 255 180 96 255 65 255 255 49 210 255 255 76 0 255 255 255
    255 255 114 255 12 102 255 255 74 255 255 231 57 255 80 255 255 128
    255 255 222 255 255 255 255 255 255 255 144 160 0 255 60 194 98 142
    141 255 30 139 255 176 30 255 255 255 8 255 255 255 134 255 14 28
    255 154 6 144 255 255 232 74 255 24 255 58 65 255 255 255 74 28 255
    24 255 255 56 255 125 255 255 89 2 255 255 255 132 255 255 255 255
    124 255 255 255 255 255 78 255 49 60 144 255 242 255 14 255 255 99
    26 255 255 84 90 69 255 188 255 72 255 210 126 255 255 255 10 255
    198 255 255 24 255 247 255 108 255 255 255 168 164 255 255 254 255
    255 108 255 255 255 156 239 166 255 59 118 255 255 208 194 255 255
    214 101 124 255 89 255 255 101 255 196 125 255 255 255 94 255 239
    156 10 85 36 255 255 24 142 255 176 255 255 255 255 255 228 255 111
    90 212 95 255 255 46 70 237 255 18 255 255 255 255 255 246 255 255
    100 255 255 86 110 255 44 152 218 136 245 249 255 192 255 124 80 236
    76 76 255 255 200 93 108 255 255 255 100 255 255 255 255 88 98 251
    62 223 164 255 249 255 255 174 255 136 229 77 255 152 255 255 255
    255 255 255 249 255 255 255 244 255 255 255 253 2 255 255 67 54 134
    59 124 255 44 166 255 168 255 122 255 152 255 115 46 255 234 255 106
    255 68 124 255 192 255 255 255 255 255 104 190 255 218 255 44 0 255
    255 218 255 255 42 255 255 68 255 255 44 144 152 70 255 97 188 64
    234 54 255 46 255 98 24 104 100 255 34 255 8 158 28 255 142 255 255
    224 255 255 255 255 255 255 255 24 255 255 255 176 255 247 206 172
    255 16 76 61 255 239 30 156 255 194 46 255 253 90 106 255 255 98 97
    138 152 164 206 255 255 196 138 255 255 245 255 234 255 255 255 255
    255 255 214 44 255 255 212 255 58 255 176 255 133 20 255 255 250 255
    4 44 255 214 255 255 255 255 255 255 168 255 166 248 66 255 255 188
    241 196 255 255 228 128 255 255 255 255 255 255 255 255 16 255 242
    60 204 2 172 55 255 182 158 255 42 255 40 255 176 255 255 255 255
    255 232 158 237 51 255 255 214 255 239 255 255 160 172 238 255 255
    248 44 255 230 255 255 12 255 85 62 255 247 192 202 75 210 8 152 120
    255 125 255 158 255 64 255 93 34 255 137 255 255 255 28 214 255 152
    255 57 255 255 208 255 255 255 38 255 255 255 247 176 178 112 255
    172 255 117 255 48 101 255 96 255 255 255 148 255 116 109 255 251
    255 90 255 10 255 0 87 255 255 255 255 255 255 255 186 255 255 170
    255 255 253 255 255 255 255 88 192 188 255 106 166 255 255 216 255
    255 109 128 168 228 102 255 255 255 255 174 255 110 75 220 16 99 255
    116 81 172 255 42 255 255 255 255 255 255 44 52 255 255 255 152 255
    255 255 130 200 255 52 40 255 255 255 255 255 38 255 134 255 144 255
    128 220 255 235 115 255 68 251 255 255 103 196 212 255 146 255 255
    112 78 255 255 255 30 222 255 255 255 255 97 138 154 255 124 110 144
    255 170 255 255 4 255 255 255 255 255 14 241 255 104 125 255 196 14
    255 255 178 64 255 99 255 36 255 120 158 255 255 255 228 140 84 59
    255 255 255 255 255 202 78 255 253 255 94 20 196 144 255 255 255 255
    255 255 255 255 42 28 132 255 255 16 100 255 255 255 16 255 235 255
    200 32 202 255 255 255 2 255 255 238 255 71 255 140 255 255 255 170
    6 52 202 255 2 255 255 28 255 134 148 150 126 255 245 116 255 63 255
    62 46 246 90 255 255 255 255 158 86 255 156 255 255 255 255 172 255
    218 255 146 255 255 202 255 255 255 255 255 255 218 65 230 142 255
    255 255 206 106 114 101 154 216 101 255 126 255 255 186 190 255 255
    255 255 255 255 255 158 198 80 255 42 255 54 255 255 92 255 255 255
    255 255 255 255 14 255 67 250 62 135 126 34 255 226 204 83 212 255
    255 255 255 81 255 255 255 252 255 202 164 54 255 120 255 105 138 72
    12 255 255 186 206 132 210 255 255 255 255 255 255 255 154 255 255
    255 89 255 255 255 0 255 255 48 255 255 255 255 49 255 255 156 192
    130 255 60 255 255 255 255 20 255 255 255 132 255 255 120 255 255 54
    194 65 255 255 255 255 255 255 255 255 28 196 255 212 82 162 255 255
    255 65 0 255 255 118 206 105 255 255 129 48 255 85 255 255 255 238
    255 239 255 114 255 82 218 121 255 255 36 206 114 46 255 233 255 236
    255 255 255 154 255 4 70 255 72 255 255 255 220 255 250 255 255 255
    255 255 110 255 255 255 78 255 200 12 255 255 255 245 255 255 216
    255 88 255 255 204 255 194 80 255 255 48 194 206 255 255 208 255 182
    255 255 255 255 255 255 250 255 42 70 255 22 255 255 243 56 202 210
    92 94 129 255 255 222 156 255 255 255 235 255 194 255 162 255 12 198
    255 216 129 255 136 105 2 124 255 255 255 255 130 86 176 255 255 255
    255 255 255 48 64 255 255 46 117 255 223 255 255 255 32 72 255 255
    255 255 186 255 114 255 92 174 255 242 223 255 162 74 255 180 255
    255 28 229 255 255 122 255 255 255 255 200 42 89 220 255 75 72 128
    105 255 160 255 184 204 164 196 255 196 255 208 103 255 255 255 255
    255 4 255 255 255 255 255 34 255 86 182 255 255 150 255 84 255 255
    84 224 255 255 174 58 255 255 255 138 255 255 249 255 44 255 20 255
    255 123 254 255 230 70 255 255 254 174 249 255 255 255 184 247 255
    128 4 150 196 106 255 255 255 253 255 255 255 86 255 255 255 146 81
    255 247 200 148 0 105 255 86 63 255 255 36 255 255 255 96 106 255
    148 255 255 255 231 89 62 212 255 92 54 186 255 255 79 102 106 255
    255 255 87 255 255 67 255 36 253 255 255 12 106 255 26 255 110 234
    255 92 255 255 255 129 255 255 255 255 255 255 255 255 255 54 255
    133 255 255 255 255 239 255 255 255 255 255 32 255 248 206 253 255
    180 206 255 64 228 168 216 49 238 255 255 112 255 107 255 42 255 62
    162 255 255 235 255 240 251 255 156 255 255 72 92 109 240 144 255 52
    237 182 255 28 255 255 162 8 255 255 196 156 194 14 255 78 218 255
    255 234 255 255 255 255 255 255 255 255 255 200 128 255 255 68 255
    114 255 255 38 42 255 132 74 255 42 78 46 60 26 63 76 255 255 60 255
    247 255 255 255 44 255 69 255 255 146 255 10 188 255 247 255 255 249
    255 255 192 158 255 100 255 186 255 255 196 255 121 255 140 160 255
    126 166 118 255 26 30 255 255 255 44 255 255 255 24 255 255 255 198
    255 10 255 210 239 54 255 255 255 30 255 188 162 255 136 126 190 18
    124 160 255 255 255 255 255 34 255 255 255 255 255 255 255 255 57
    124 255 16 255 106 160 255 208 226 4 8 255 212 50 160 255 255 212
    104 255 53 36 255 16 255 196 133 255 136 255 255 245 232 204 120 255
    196 36 200 96 255 109 168 212 123 255 104 148 86 255 186 164 156 255
    222 114 255 68 255 79 22 255 255 190 216 255 62 88 28 255 255 93 255
    255 255 255 255 255 255 174 255 255 128 247 32 12 255 68 140 245 255
    255 255 255 255 131 192 231 16 255 223 255 255 255 111 152 255 107
    156 136 194 255 86 222 255 255 255 118 255 255 255 235 22 110 255
    255 255 255 255 38 142 255 255 255 255 255 255 255 252 255 255 255
    255 224 58 174 137 62 0 28 255 255 158 252 255 4 136 255 255 32 202
    224 2 255 184 46 6 255 255 255 146 252 255 255 236 2 255 60 255 89
    255 255 255 152 255 117 255 255 65 255 255 101 255 255 255 255 255
    255 10 30 255 255 255 26 0 255 255 62 110 255 20 255 61 255 24 255
    50 110 255 255 255 255 228 142 255 255 243 255 36 251 255 244 255
    255 255 74 216 255 156 85 12 194 255 255 255 255 255 255 255 132 255
    69 206 255 20 255 132 224 255 124 125 212 255 255 255 42 202 250 251
    210 255 32 113 255 168 196 4 247 255 78 162 255 126 255 255 255 100
    255 255 255 255 6 210 87 255 255 34 255 142 255 255 249 123 255 170
    245 255 255 107 86 196 241 255 110 255 90 40 255 22 2 123 164 255
    255 255 255 14 255 206 222 255 140 75 255 28 30 158 214 63 80 132
    255 255 255 255 14 192 255 255 255 236 192 82 255 212 0 38 46 64 166
    106 255 131 255 46 123 255 255 255 202 118 85 116 255 14 255 255 18
    255 255 144 198 40 255 255 255 255 228 188 224 255 237 146 255 255
    255 152 84 139 98 255 34 62 255 224 255 255 89 190 255 255 68 132
    255 102 255 255 255 255 255 255 255 77 255 8 2 0 160 6 255 255 255
    26 18 255 255 156 51 255 255 255 144 255 255 255 255 236 248 46 255
    255 192 255 255 168 241 255 255 255 88 80 30 255 255 255 255 223 255
    255 255 255 255 136 255 196 255 16 202 255 93 255 255 194 255 255
    255 255 255 255 146 78 73 255 255 255 255 202 255 255 255 18 255 148
    255 255 182 77 255 255 255 128 16 152 255 10 255 255 162 255 254 216
    255 255 229 87 64 241 255 164 255 255 255 255 247 174 255 255 255
    255 255 255 255 255 255 255 20 255 176 255 255 255 255 255 206 255
    124 255 255 255 255 255 255 204 57 255 80 152 252 255 139 180 223 14
    255 255 255 255 255 255 18 255 255 255 255 105 196 255 16 255 100 30
    244 255 255 104 255 255 255 255 251 255 160 176 255 98 160 182 84
    198 236 128 255 206 237 253 162 237 164 64 255 255 255 36 255 255
    255 255 255 200 216 224 38 251 176 186 255 34 66 119 64 206 168 255
    112 40 180 68 255 192 255 55 20 255 255 255 186 210 216 255 79 255
    255 93 14 170 241 134 156 255 255 255 255 150 255 255 118 255 255
    255 86 255 255 255 255 255 82 255 255 54 255 194 255 194 255 122 255
    255 255 255 255 26 184 34 255 107 255 208 255 108 14 139 255 10 232
    255 148 40 0 134 255 255 84 255 196 255 83 255 255 255 255 30 255 66
    46 255 255 4 150 16 162 255 114 255 113 212 255 123 255 118 103 255
    152 115 42 118 232 255 255 71 42 255 32 255 255 164 14 96 81 84 166
    24 34 50 255 255 255 87 255 60 255 255 255 255 255 10 46 255 255 255
    122 44 131 255 255 255 32 255 255 255 78 30 162 16 109 72 245 255
    255 255 85 255 255 65 255 255 164 222 144 81 230 255 32 126 255 255
    255 255 164 246 255 255 255 104 255 255 255 255 236 255 182 156 18
    255 64 255 255 32 255 123 255 194 156 255 255 255 255 255 255 238
    255 255 255 198 255 255 255 162 255 168 255 222 255 255 255 255 85
    224 239 87 255 96 12 58 255 49 255 42 28 108 112 28 255 0 255 122
    255 40 28 255 12 255 255 255 255 255 137 255 130 194 255 58 32 80
    255 255 72 231 174 255 255 186 44 194 8 255 32 255 110 40 101 255
    148 255 6 214 255 190 255 255 255 255 26 255 142 255 255 255 255 182
    106 38 40 255 249 255 106 255 188 255 184 255 255 154 106 255 16 255
    255 255 255 255 255 255 136 42 255 255 255 32 255 139 255 255 119
    255 255 255 255 80 8 24 255 186 255 253 69 180 48 107 82 255 255 46
    231 255 255 255 255 255 255 137 255 172 255 255 62 73 62 90 160 212
    162 117 102 22 253 255 255 243 162 4 234 220 255 146 146 255 255 144
    255 232 255 233 204 255 235 255 14 255 255 255 255 204 255 108 146
    255 130 255 252 255 186 255 253 255 255 255 59 120 255 176 255 158
    255 255 84 89 218 255 255 244 76 113 212 184 154 58 237 255 130 162
    156 40 255 174 255 212 253 222 150 255 255 255 216 44 253 255 80 255
    208 255 40 255 126 10 224 214 44 105 224 200 255 255 60 255 106 253
    255 255 142 107 62 255 255 160 255 77 255 196 156 255 214 81 44 255
    67 255 32 79 146 255 255 66 255 6 255 255 226 172 255 255 26 255 10
    160 255 210 255 14 190 255 255 8 255 255 255 255 255 255 255 255 103
    46 112 164 32 194 255 255 166 220 255 255 226 255 255 79 88 255 255
    255 255 253 255 190 113 68 255 26 255 136 113 2 186 255 22 166 255
    255 255 42 255 223 255 192 34 89 80 48 255 255 255 81 192 255 170
    255 255 230 255 212 73 255 144 188 26 233 186 194 62 59 255 158 12
    255 255 255 255 255 249 255 255 10 255 255 255 52 90 255 136 208 255
    255 255 196 255 20 255 190 204 255 255 255 36 255 38 255 214 255 255
    255 84 22 136 166 255 255 12 255 255 255 255 20 255 77 255 231 255
    172 174 77 255 18 89 188 176 16 255 206 4 172 164 194 232 255 178 50
    194 249 255 98 139 255 156 255 255 176 226 80 4 139 132 255 202 162
    255 255 255 255 141 255 255 139 118 180 95 204 58 255 40 255 255 255
    255 255 255 255 146 228 255 150 60 255 255 88 156 255 170 4 255 200
    255 75 255 220 255 216 186 44 255 255 49 255 172 255 92 64 255 172
    164 144 255 206 255 126 40 63 126 255 77 255 146 255 72 255 255 255
    136 255 255 255 87 255 255 255 255 202 255 232 255 255 68 42 255 255
    255 255 188 255 141 255 255 255 255 255 255 134 82 247 222 126 107
    255 160 255 198 40 255 210 227 255 114 0 255 255 170 255 250 255 255
    255 255 168 255 62 255 255 255 255 26 58 30 255 255 200 196 178 255
    10 144 255 140 146 164 206 100 255 255 255 255 214 16 255 255 122 28
    22 255 117 255 255 95 255 255 51 255 255 236 255 255 222 255 194 255
    60 255 255 152 208 255 162 255 119 255 255 255 255 255 67 255 74 255
    104 255 255 255 112 101 255 255 40 178 144 255 255 170 255 66 255
    255 114 233 241 64 255 255 252 36 188 255 255 255 255 255 255 28 255
    255 112 255 255 244 255 255 255 255 255 255 255 255 255 86 4 40 168
    135 255 255 71 88 255 115 152 126 42 255 255 255 54 172 156 255 255
    222 40 76 255 56 194 255 255 255 137 10 214 255 255 255 71 78 188
    101 206 233 255 255 255 51 56 200 180 116 255 6 255 255 18 196 12
    255 255 255 255 255 48 152 255 40 255 255 22 192 255 255 224 255 190
    57 246 255 24 255 190 255 0 152 255 242 245 87 255 255 255 232 255
    93 255 255 111 255 192 255 198 28 255 204 72 87 12 255 234 160 138
    61 255 255 156 255 255 255 255 255 255 255 255 255 255 38 125 162
    255 255 96 255 212 255 66 224 255 22 255 94 255 255 136 40 125 216
    104 24 255 255 255 255 255 30 255 82 255 255 255 255 198 114 180 130
    255 160 154 4 255 255 239 255 56 247 178 218 160 182 38 255 224 132
    206 194 142 255 170 218 255 255 255 255 255 10 180 239 255 255 59
    255 76 255 86 255 255 214 120 162 255 255 255 255 255 166 228 255
    255 208 56 255 192 255 255 130 20 255 255 255 255 56 255 222 255 150
    255 255 210 255 132 174 44 255 194 255 255 94 255 190 144 255 56 170
    119 196 166 255 255 255 154 142 88 77 255 255 198 168 235 14 255 255
    85 142 255 95 255 255 164 255 255 16 255 26 255 108 231 255 255 206
    253 255 255 109 255 255 101 52 10 255 255 22 236 178 255 255 114 255
    222 255 255 255 246 255 73 255 255 172 154 255 255 255 255 210 255
    255 91 182 168 198 184 255 255 128 255 255 60 255 255 116 255 255
    126 255 186 255 120 232 255 222 255 255 255 255 255 88 255 255 255
    14 255 198 255 120 255 75 32 255 24 202 255 255 255 255 129 48 255
    214 255 255 255 28 112 255 255 255 255 216 160 255 8 255 255 255 216
    129 244 227 255 150 166 255 255 255 135 38 166 236 255 255 255 140
    253 255 255 214 255 92 14 255 114 255 255 228 188 212 202 255 255 10
    114 172 255 223 255 76 255 255 255 255 255 255 168 103 255 42 255
    255 202 170 255 120 255 80 255 255 255 251 255 40 30 255 44 255 255
    148 255 8 255 200 255 255 255 255 68 188 255 178 255 255 255 255 103
    220 158 214 255 255 93 130 38 255 255 94 255 255 110 255 255 255 152
    120 255 0 144 168 255 255 255 49 255 255 255 182 255 255 255 204 255
    206 255 160 255 106 255 118 86 222 116 58 111 72 132 255 255 255 241
    100 200 255 246 255 103 255 78 184 136 255 255 255 241 150 255 82
    194 72 255 109 255 255 83 134 255 133 255 182 154 255 28 255 255 0
    63 255 68 255 188 255 208 255 84 255 255 130 83 52 162 91 220 132
    255 255 66 255 255 12 55 255 255 65 255 255 255 255 255 40 255 222
    190 255 40 255 255 108 255 236 114 152 250 104 162 54 255 255 70 194
    255 255 34 255 24 134 196 255 255 255 214 2 255 255 255 255 255 70
    44 100 70 255 255 84 255 255 184 85 255 255 255 255 255 97 8 42 255
    172 255 255 255 0 63 206 255 59 2 255 95 120 255 255 122 255 184 78
    12 53 10 146 109 255 255 97 255 70 255 255 255 255 255 255 255 255
    249 255 255 168 87 94 28 28 255 255 232 255 255 255 255 255 255 255
    255 255 255 255 232 64 170 166 196 156 162 102 34 255 206 255 109
    104 235 2 255 241 255 255 255 40 255 176 255 255 200 40 174 229 255
    255 255 255 255 229 255 255 255 2 255 255 236 255 120 255 255 176
    168 62 255 144 2 255 255 142 26 218 130 82 109 255 136 190 255 134
    150 74 186 255 255 243 30 255 0 202 146 255 255 255 255 125 162 12
    255 255 98 214 255 255 67 152 255 255 255 255 255 255 255 241 152
    255 95 246 170 164 255 255 255 255 255 255 255 162 164 255 102 53
    255 255 255 255 100 121 70 255 57 255 255 160 62 235 255 244 74 255
    202 229 174 255 255 144 94 36 105 255 255 125 170 255 255 255 36 255
    12 255 255 255 142 255 255 255 51 26 255 83 255 174 95 255 220 255
    255 255 255 255 255 255 216 38 51 2 0 255 18 255 212 255 255 6 255
    255 255 212 255 255 255 255 109 86 170 174 96 255 107 110 50 255 255
    255 255 255 140 255 255 255 255 140 174 239 255 170 255 224 116 255
    158 136 46 255 255 255 255 255 59 255 255 255 255 255 212 255 38 255
    84 255 65 56 255 113 255 255 190 255 24 255 255 88 255 255 96 101
    255 255 255 218 255 255 255 220 210 34 132 141 94 255 190 255 70 176
    188 255 245 20 255 255 208 255 255 255 255 255 144 255 255 255 253
    170 255 214 249 142 255 186 60 255 113 66 152 255 80 255 152 248 255
    75 255 255 20 255 76 255 92 255 255 255 112 255 255 138 141 255 243
    255 2 255 255 255 255 206 255 18 32 86 255 75 198 255 255 255 255
    255 255 243 255 96 54 38 255 255 255 152 66 226 68 255 89 255 70 255
    255 38 255 98 255 255 122 148 255 255 255 4 255 255 255 188 255 255
    146 241 6 255 233 255 255 220 91 255 233 255 88 255 168 216 255 91
    255 255 186 255 255 255 84 96 125 255 255 255 236 18 129 255 255 127
    255 255 255 255 142 255 255 112 150 255 144 133 255 40 255 255 255
    154 255 48 156 164 255 241 255 116 117 194 255 113 255 255 255 156 0
    255 255 255 105 94 255 208 42 20 255 255 255 212 255 255 255 255 134
    51 16 255 55 255 255 87 255 255 255 255 253 32 254 168 255 50 76 103
    182 116 255 255 255 22 116 255 255 255 255 255 255 78 91 255 110 63
    255 255 255 255 255 22 228 255 255 255 94 174 212 10 135 255 255 255
    190 235 255 98 255 77 255 253 255 6 255 255 48 255 148 134 38 255
    176 96 24 255 255 204 90 96 53 255 255 148 84 255 119 200 176 16 255
    44 255 255 36 255 144 233 255 255 166 255 255 38 16 94 255 210 255
    255 158 255 255 232 255 255 255 8 255 255 46 255 255 255 255 129 255
    255 255 255 255 71 255 255 160 255 30 255 88 255 97 255 182 63 24
    223 95 255 255 255 255 255 255 126 190 85 255 152 255 255 46 146 255
    255 255 90 229 87 255 134 255 255 160 255 180 158 255 255 148 255
    218 255 255 255 255 241 255 166 255 148 255 150 154 255 26 44 96 255
    255 255 255 255 251 255 255 255 255 255 186 255 162 255 255 255 10
    83 255 36 255 44 6 255 255 255 255 255 110 255 255 255 204 255 255
    127 136 255 144 255 110 255 255 60 53 230 255 255 152 255 255 255
    255 182 178 70 255 112 255 255 255 255 255 255 58 103 255 255 255
    152 255 113 250 255 255 255 200 255 242 255 212 255 255 255 255 116
    172 255 62 251 14 8 226 70 255 255 10 255 107 255 255 113 98 60 101
    255 255 255 255 255 255 160 116 255 255 186 150 255 90 65 226 180
    255 255 255 255 255 255 255 30 255 91 22 142 255 255 255 255 178 136
    73 255 255 255 255 229 196 255 136 255 255 126 255 208 255 224 255
    255 107 255 255 123 255 255 137 255 212 255 255 126 73 255 68 249 24
    231 255 255 255 121 255 64 255 26 96 166 24 255 255 255 126 255 255
    255 255 126 255 216 255 255 255 46 255 255 255 196 255 255 251 113
    255 255 255 196 88 255 255 142 224 252 38 186 255 255 247 26 255 255
    22 255 8 188 255 184 112 138 255 154 170 83 238 82 255 122 255 255
    255 255 75 228 255 178 255 184 255 240 255 255 255 102 255 255 74
    255 146 255 255 102 255 255 158 255 81 255 116 255 255 255 178 32
    255 255 255 168 255 86 98 101 255 6 255 140 160 255 162 255 77 86 74
    255 255 66 255 176 255 38 216 70 255 170 44 255 250 255 255 86 255
    255 255 255 255 70 100 170 255 255 234 92 255 232 112 176 198 52 190
    46 110 235 255 232 78 255 255 255 255 255 255 255 90 24 148 255 255
    255 170 132 255 255 255 255 255 249 255 182 255 236 255 150 255 255
    28 255 255 90 255 255 255 24 255 255 85 255 210 249 186 54 249 246
    24 255 255 255 22 124 255 123 255 36 129 208 255 255 186 255 255 255
    255 255 72 176 99 255 176 160 255 198 255 255 255 255 104 233 255
    255 144 127 255 255 255 255 154 255 255 12 255 172 255 255 100 255
    255 255 96 255 68 122 255 255 40 127 10 188 123 255 255 141 80 255
    255 202 216 42 255 190 65 70 255 255 255 40 255 196 174 255 255 255
    255 255 136 146 106 50 174 10 202 8 120 166 255 255 36 210 204 227
    166 112 255 24 248 225 236 4 168 255 232 255 36 130 255 255 108 255
    255 255 255 236 255 76 196 255 34 105 255 255 255 255 255 255 4 255
    255 220 255 255 226 158 67 232 255 49 255 255 34 255 92 30 255 16 16
    222 255 255 166 241 206 255 227 164 126 237 127 255 255 241 40 150
    38 255 255 200 255 188 158 255 255 65 182 202 255 114 255 255 206 36
    255 255 74 255 40 108 222 202 120 61 224 255 49 136 100 255 255 255
    255 14 255 44 255 255 28 255 188 245 255 255 255 184 255 111 255 255
    255 62 255 87 200 128 234 50 190 255 136 255 255 255 255 255 90 255
    255 0 42 255 255 255 241 206 255 81 255 255 154 255 255 255 255 255
    247 255 255 194 255 255 255 255 200 255 208 174 255 255 255 255 255
    255 255 226 255 255 84 112 255 236 128 255 255 160 255 255 136 186
    54 225 180 255 138 38 180 18 255 255 255 194 56 170 255 255 245 172
    18 255 255 178 34 255 254 134 255 255 255 255 255 178 111 96 184 255
    102 255 255 208 110 255 255 255 255 48 164 49 242 100 255 26 196 164
    255 90 255 48 144 38 160 255 6 255 216 255 255 14 99 164 255 255 146
    255 255 206 255 83 255 184 255 255 255 255 130 245 255 44 255 255
    255 138 255 255 255 121 232 255 255 60 134 255 42 30 49 255 255 51
    255 255 144 16 122 255 255 255 255 156 220 71 255 180 255 26 2 255
    218 255 255 255 46 255 255 255 255 104 86 49 2 206 247 255 162 129
    152 255 255 80 255 255 255 255 255 150 225 123 136 255 26 255 255
    117 255 88 176 255 70 255 176 12 208 222 8 255 200 249 255 126 255
    255 255 255 75 24 162 20 255 255 75 64 255 255 40 255 255 255 56 135
    255 255 255 106 255 255 40 172 255 154 255 117 42 14 202 42 186 12
    255 255 198 210 255 255 144 255 97 255 255 129 142 255 97 208 255
    255 255 18 255 206 110 255 255 255 135 255 182 255 244 68 255 255
    255 103 255 80 172 255 255 255 56 18 232 255 216 14 255 255 146 26
    60 255 255 188 247 255 50 255 150 255 255 170 255 255 176 44 113 255
    255 255 112 255 230 255 255 123 218 255 216 255 255 16 214 255 188
    255 255 180 255 255 255 86 255 34 226 255 95 240 255 127 210 255 255
    0 166 255 255 255 226 255 255 255 255 126 49 226 46 255 24 42 196
    255 90 255 158 12 26 255 172 255 255 235 255 255 255 255 130 16 18
    255 255 255 158 255 255 255 255 228 255 255 255 255 255 49 255 255
    255 255 255 255 255 255 95 255 214 255 255 255 255 224 255 146 106
    255 69 64 255 255 255 108 255 228 255 131 204 136 255 255 60 255 156
    255 255 255 255 121 16 255 228 122 255 253 174 116 164 16 255 133
    255 255 152 56 255 255 255 255 255 240 138 51 222 255 156 130 154
    133 255 255 206 255 92 255 255 44 255 128 208 119 240 255 255 226 40
    208 100 255 10 255 136 255 210 96 12 255 255 178 255 223 255 255 154
    158 255 14 255 252 255 172 255 152 255 255 88 255 152 255 255 255
    196 255 255 255 255 224 60 117 255 255 255 246 16 255 255 28 255 255
    138 255 86 255 91 255 229 255 18 255 255 216 210 196 16 255 255 146
    62 255 255 206 255 242 255 127 8 255 255 122 2 255 162 148 75 255 60
    255 224 38 164 255 255 103 255 90 133 255 255 182 255 98 186 255 255
    255 192 198 32 255 255 255 255 255 255 255 255 123 255 174 255 118
    255 245 250 255 255 180 227 99 255 255 16 255 255 255 255 168 255 96
    255 121 255 239 255 196 58 255 255 255 236 180 255 212 255 20 186
    255 255 113 255 114 196 255 18 230 255 138 255 255 255 255 255 231
    255 252 50 255 42 176 255 255 255 255 255 255 255 255 255 255 130
    255 255 255 255 255 202 241 255 80 255 154 255 255 255 104 14 255
    220 255 119 255 16 170 30 186 255 28 255 255 255 164 97 255 6 255
    255 255 255 255 24 109 188 94 255 255 255 34 114 146 255 170 255 255
    36 112 255 255 42 113 255 255 255 255 255 154 255 150 168 255 20 71
    234 255 249 222 255 30 186 255 57 255 255 255 200 36 255 255 255 255
    255 186 255 182 255 255 106 255 255 194 255 194 255 255 255 255 255
    168 160 158 255 255 255 137 102 108 255 255 255 115 255 255 194 255
    239 49 166 255 255 70 142 113 255 255 87 255 255 53 186 54 216 52
    255 113 188 194 255 182 180 255 255 255 255 255 255 255 255 255 46
    102 74 255 255 162 24 255 255 255 255 88 255 28 255 103 255 255 214
    226 255 239 255 235 255 18 255 255 255 255 255 255 40 182 68 28 168
    255 255 85 220 130 224 112 184 75 255 26 99 255 138 255 46 255 255
    238 120 255 200 251 53 255 255 255 255 74 255 255 255 224 255 255
    241 146 90 67 142 174 255 255 255 255 255 255 255 255 255 255 216
    255 152 96 90 2 255 255 255 10 241 255 56 255 255 42 0 255 255 255
    255 118 255 255 46 255 63 52 130 255 14 255 255 255 255 150 156 255
    239 40 227 255 255 255 255 160 255 255 92 255 109 255 194 32 86 255
    255 255 204 255 152 54 176 255 14 63 214 114 255 118 60 255 160 229
    8 255 190 255 255 253 255 62 162 255 70 255 61 222 255 194 255 50 69
    168 255 141 255 255 198 255 255 4 255 82 255 82 46 255 255 74 255
    234 255 22 122 255 133 80 255 184 82 158 158 38 140 188 255 255 83
    182 88 170 255 255 232 82 62 117 50 255 255 248 146 141 255 255 255
    36 255 255 12 255 200 255 255 245 255 120 255 255 255 255 48 18 255
    255 188 6 255 255 255 255 255 255 38 198 196 40 255 91 54 255 57 84
    255 49 255 255 198 222 247 255 255 192 206 255 255 255 255 255 125
    182 86 255 198 255 255 255 102 109 255 255 255 255 255 121 255 255
    234 255 227 20 255 204 2 255 196 255 214 255 121 170 255 255 32 255
    255 0 255 234 255 174 255 12 255 222 255 160 234 134 255 255 255 255
    255 122 249 109 28 255 141 255 54 255 255 18 83 168 255 255 255 255
    113 30 255 255 255 56 131 44 58 22 140 225 255 120 255 218 255 200
    255 255 214 255 80 255 255 20 255 255 255 122 105 40 174 255 108 255
    34 138 255 255 255 255 255 255 255 255 242 255 0 128 255 65 64 112
    14 174 120 255 255 64 83 255 170 38 110 116 255 255 235 255 240 255
    255 255 210 79 255 255 255 32 255 255 174 64 75 36 255 255 255 255
    255 255 10 200 38 142 91 196 255 127 255 255 44 22 88 255 255 255
    255 255 231 255 222 255 255 255 255 239 114 196 255 255 136 255 255
    204 172 208 249 57 102 54 146 8 255 168 255 132 125 84 255 241 255
    162 255 255 255 243 224 126 101 88 255 83 20 255 212 118 142 49 110
    255 0 255 255 255 255 255 188 206 255 22 255 18 255 144 134 255 164
    36 255 255 255 6 116 48 255 255 16 214 255 255 255 194 92 206 255
    255 255 138 112 255 190 255 255 0 255 226 246 222 255 255 54 255 255
    227 154 255 255 255 226 255 8 82 66 255 255 255 46 255 229 105 255
    255 255 170 255 255 255 255 255 52 88 255 255 150 176 82 255 255 32
    255 105 254 202 255 234 52 10 8 172 228 80 255 255 255 239 255 178 0
    255 144 255 255 255 225 117 40 12 255 200 78 255 68 98 255 24 160
    255 194 96 255 134 114 170 156 255 129 86 62 87 255 152 255 255 36
    251 44 255 255 200 255 73 255 255 200 168 152 255 250 190 255 42 54
    255 255 255 109 255 90 127 34 62 255 255 255 255 255 180 255 90 86
    241 255 255 83 255 58 255 122 255 255 255 255 125 255 255 255 255
    241 241 214 112 255 255 6 180 255 255 255 216 255 210 108 8 255 8 36
    220 64 233 127 255 146 212 212 182 255 255 255 144 255 255 51 255
    220 255 255 98 79 12 106 255 218 255 53 138 255 255 116 223 255 28
    255 0 255 4 139 252 255 255 48 255 255 255 245 255 255 166 40 72 251
    214 255 255 38 255 255 255 255 223 255 92 255 4 28 72 121 255 255
    255 140 160 200 214 218 46 188 255 4 255 255 255 255 255 8 206 116
    255 255 255 255 236 255 255 234 255 255 255 70 150 220 255 255 255
    255 255 255 245 148 62 255 144 255 255 30 255 255 255 255 255 255
    255 255 182 186 74 255 255 255 214 255 255 6 255 255 107 255 255 255
    255 255 255 178 255 2 58 16 230 255 128 255 196 200 255 255 24 69
    174 255 107 255 56 255 255 150 255 255 255 255 68 255 255 255 255
    247 255 152 255 255 255 10 228 255 255 255 158 255 255 64 156 255
    255 26 255 255 59 158 148 255 255 96 22 255 255 216 255 150 222 255
    255 170 138 164 224 255 243 255 210 96 156 255 255 255 208 255 255
    255 255 255 255 255 255 50 32 255 226 255 255 255 216 255 88 255 255
    255 110 255 228 66 83 248 255 255 255 255 255 255 255 135 200 154
    255 255 24 255 255 253 255 255 222 55 58 255 20 255 72 255 128 255
    255 255 58 42 255 70 255 255 255 109 228 255 67 154 170 255 255 243
    255 212 255 4 182 102 255 255 255 255 142 24 255 30 14 228 255 255
    34 255 74 255 255 60 71 246 223 255 255 255 150 154 36 137 255 255
    255 62 255 255 124 166 36 255 255 131 104 192 255 148 255 91 255 255
    255 255 255 255 6 198 69 198 128 255 176 255 119 200 206 26 198 255
    230 118 255 144 124 0 255 255 214 81 255 146 255 58 255 255 30 255
    57 255 255 255 255 255 214 255 106 255 255 255 89 222 245 255 162
    148 255 82 88 63 20 222 255 124 255 255 255 255 36 22 28 196 74 255
    255 2 90 127 112 18 148 74 255 133 236 233 255 255 112 255 255 255
    255 20 36 255 144 166 255 48 184 255 242 255 255 254 124 255 255 56
    234 255 255 255 255 255 255 110 255 255 255 20 255 86 255 255 242
    200 182 255 102 99 255 106 255 255 174 255 128 255 255 214 255 243
    255 255 255 56 80 117 136 255 255 255 255 255 234 160 255 12 72 255
    224 255 255 12 255 89 206 255 186 255 255 255 255 255 148 255 255
    144 255 116 117 255 152 255 255 255 180 178 255 255 255 94 255 255
    214 255 90 202 57 255 255 188 255 204 255 255 255 2 255 255 40 124
    255 192 68 255 141 220 229 67 128 255 255 255 255 168 255 225 255
    255 255 125 255 255 255 255 62 230 250 255 255 8 80 255 255 255 255
    255 212 36 255 255 202 78 255 255 52 255 119 255 255 59 255 138 255
    255 255 255 255 36 57 78 255 247 250 110 99 122 255 255 160 255 255
    56 255 255 240 144 255 118 255 65 255 148 46 246 94 218 255 170 255
    226 255 255 255 130 255 18 255 255 58 255 255 122 16 85 14 60 255 74
    255 139 254 255 150 86 2 255 226 255 255 188 255 202 255 255 8 255
    255 255 82 255 255 255 229 89 255 78 255 178 216 89 94 255 255 90
    255 255 90 20 210 208 0 255 210 178 255 255 255 255 210 255 255 255
    56 255 152 170 255 96 255 180 255 150 255 218 76 212 255 255 255 228
    154 210 190 255 255 248 104 123 184 255 255 6 255 255 74 32 255 130
    88 137 255 80 255 226 255 255 122 60 255 108 56 255 74 106 91 255
    255 46 242 2 255 138 249 63 108 255 255 255 255 255 8 255 255 238
    255 174 255 142 115 136 255 204 108 255 255 255 6 255 52 255 95 255
    255 255 180 255 93 94 255 65 176 255 18 255 255 22 255 255 111 28
    152 255 255 8 255 255 255 255 255 106 28 255 200 255 218 255 255 26
    160 77 255 200 255 255 255 255 255 251 14 34 255 42 255 168 255 255
    255 59 162 255 255 255 154 99 255 243 255 255 126 255 255 34 89 255
    255 255 252 124 83 182 255 255 38 255 255 206 98 65 255 255 255 98
    255 255 255 146 255 255 255 190 184 255 182 255 34 247 46 255 200
    255 54 34 170 255 255 255 255 255 146 255 255 255 255 186 76 86 224
    240 90 178 136 243 255 184 255 255 255 188 255 62 72 255 18 154 137
    255 14 51 246 32 255 255 132 46 255 255 255 36 255 255 255 255 255
    182 2 255 94 255 18 30 186 95 78 74 125 42 162 212 164 255 255 255
    243 255 255 255 255 255 255 236 255 237 22 22 255 255 16 214 255 2
    255 131 255 88 255 196 24 83 212 184 255 162 255 255 4 255 34 8 255
    255 255 255 255 10 94 255 90 255 160 188 255 18 255 255 174 255 237
    2 240 194 255 236 255 255 255 255 99 255 255 198 255 249 236 255 249
    49 138 26 255 255 146 63 206 255 81 255 50 255 182 88 255 190 255
    255 255 48 255 102 255 230 255 255 224 56 52 10 188 255 255 168 255
    158 106 36 255 255 255 28 206 255 77 255 255 241 166 188 232 90 251
    255 255 235 141 146 134 224 255 30 174 255 255 255 94 176 255 255
    255 154 255 255 212 255 255 247 255 255 135 255 16 255 255 255 255 0
    28 77 255 255 255 62 255 18 214 255 109 255 28 144 255 156 255 44
    255 67 102 255 121 178 64 180 255 166 51 255 162 218 255 82 255 255
    88 255 128 96 51 255 255 255 255 255 255 86 255 16 255 255 212 150
    26 249 255 255 255 36 54 192 255 255 198 4 255 255 80 255 59 255 114
    99 190 42 255 255 255 255 26 154 218 255 255 255 255 76 255 255 30
    59 255 152 255 126 255 255 152 64 202 116 104 255 255 243 255 255
    249 255 255 106 255 255 255 255 244 34 245 54 255 255 255 78 255 238
    255 24 20 255 255 255 255 212 255 255 188 255 6 53 16 94 255 255 70
    255 246 255 208 42 42 255 255 194 255 164 158 111 162 28 255 255 180
    218 255 255 255 8 255 255 255 255 255 255 188 255 134 54 255 76 88
    255 255 255 255 144 76 255 222 255 6 255 112 255 92 48 109 255 255
    178 255 220 255 255 156 255 208 255 255 168 138 255 255 255 55 255
    255 194 10 255 255 255 229 255 66 170 131 246 56 255 156 255 168 88
    255 55 255 255 146 255 148 71 255 255 123 110 140 123 182 204 255
    255 26 198 255 231 129 100 255 188 142 166 255 212 50 42 255 255 255
    152 255 255 70 74 148 94 255 255 255 32 255 254 80 255 255 255 178
    255 227 255 108 70 255 255 188 255 255 255 230 28 255 107 38 180 125
    255 255 243 82 255 178 142 28 255 255 10 249 255 255 0 154 255 255
    160 255 255 255 86 255 174 12 255 255 68 172 255 255 28 196 32 255
    48 255 255 255 142 255 150 184 230 118 255 255 176 247 91 255 255
    255 255 255 44 255 216 75 255 84 65 255 255 218 255 255 184 46 138
    255 255 255 255 210 255 255 255 26 255 208 255 255 255 158 216 94
    255 234 8 2 255 196 182 160 194 110 255 255 255 255 255 100 255 255
    92 255 34 245 255 255 208 218 255 118 55 255 162 255 255 255 79 20
    50 204 58 255 4 230 124 255 72 100 129 70 255 204 76 140 103 24 154
    2 62 255 156 255 251 255 255 255 255 92 255 160 0 255 255 255 106
    255 110 194 255 255 114 255 255 255 97 255 110 182 190 255 255 255
    46 164 204 255 255 255 142 36 246 255 208 98 84 255 255 255 255 255
    68 255 255 210 253 34 88 255 255 255 255 255 255 255 255 255 255 255
    0 198 255 74 255 255 134 204 204 255 243 8 10 154 255 255 255 26 255
    255 248 62 255 68 76 198 162 22 32 192 214 6 58 255 131 255 255 255
    255 255 125 255 146 194 255 255 38 122 255 146 208 8 170 255 255 44
    255 255 228 255 174 255 255 166 182 255 44 255 255 132 206 255 134
    32 255 48 255 122 255 226 255 130 61 255 253 243 255 255 38 90 255
    255 255 255 255 72 255 146 22 40 24 255 122 51 250 255 251 150 237
    156 255 52 170 218 255 150 204 204 2 46 60 154 255 255 34 255 255 77
    255 255 255 82 126 255 164 255 8 192 50 255 255 44 109 255 82 255
    255 255 255 255 255 255 255 255 220 110 255 182 255 196 255 255 255
    255 255 255 255 255 255 190 255 154 32 30 72 255 255 255 255 246 255
    255 255 202 77 204 255 255 255 184 180 216 255 111 255 223 255 62
    255 65 158 62 255 60 134 49 255 24 44 54 134 24 255 182 255 232 255
    255 255 64 113 134 255 42 255 255 18 255 255 127 255 26 255 214 210
    255 255 255 255 50 142 241 26 64 255 100 255 255 58 255 38 86 58 146
    212 255 99 255 255 32 255 251 20 255 54 6 255 255 67 94 255 38 255
    36 79 255 42 255 255 255 255 255 255 255 255 255 255 62 245 255 255
    70 131 255 255 22 106 255 255 255 82 255 255 255 255 192 255 255 255
    255 255 240 255 113 255 255 255 64 255 255 118 255 57 255 76 184 158
    255 255 188 28 202 228 68 218 108 255 65 255 120 255 212 255 36 112
    255 162 192 82 178 255 132 255 255 255 125 255 255 154 255 102 255
    36 118 26 104 255 212 40 255 255 144 255 255 255 8 255 255 6 255 100
    255 103 82 84 34 255 255 255 46 92 255 30 255 255 255 152 255 255
    255 186 14 255 194 68 132 255 255 255 255 255 76 67 252 255 97 255
    255 255 68 255 239 80 138 255 222 94 255 0 255 137 255 255 255 255
    46 255 255 247 255 180 92 166 200 255 255 32 132 67 162 255 255 154
    223 255 255 255 255 255 118 255 255 255 255 40 255 255 255 255 255
    255 255 59 255 100 255 255 255 81 255 196 255 32 12 180 255 60 75 86
    255 46 154 255 255 255 174 255 22 255 255 255 204 255 146 255 255
    255 214 55 226 255 224 100 255 255 255 255 55 10 128 146 180 229 144
    255 86 113 255 194 137 64 255 243 142 32 236 124 255 255 126 255 255
    204 255 255 48 255 255 255 186 255 40 214 182 14 255 75 82 249 255
    204 255 255 255 255 255 198 104 255 28 8 53 255 255 255 8 255 251 56
    186 255 44 231 255 24 255 255 255 20 255 194 255 131 242 255 255 108
    154 255 124 112 55 255 255 146 255 255 255 255 196 255 255 255 150
    255 255 255 255 80 202 8 72 255 255 255 103 255 106 113 255 255 255
    112 255 255 14 255 255 255 160 71 210 255 49 255 255 255 152 174 109
    210 162 51 24 66 255 2 114 34 212 210 83 255 255 255 86 255 196 92
    26 255 172 255 255 18 243 190 82 255 255 255 255 255 255 20 117 255
    255 255 255 255 255 100 255 224 152 52 255 255 78 4 255 255 55 255
    255 28 255 255 255 255 255 255 48 198 255 202 146 89 255 136 255 176
    176 255 174 255 255 50 214 133 255 124 255 255 255 255 172 76 63 202
    184 63 254 140 255 8 255 71 68 110 255 66 255 255 50 116 85 255 100
    28 148 32 255 36 172 10 255 255 172 118 229 222 142 255 255 255 174
    255 80 194 255 122 2 255 255 24 81 255 180 146 255 241 255 255 241
    255 90 255 146 255 255 243 32 255 255 255 255 40 60 255 36 96 255
    255 255 255 255 214 255 255 196 255 255 255 20 95 88 66 255 255 66
    200 255 249 85 255 255 255 194 255 77 58 188 216 255 150 255 224 255
    255 255 255 87 255 255 77 255 255 16 156 255 255 108 44 255 98 255
    123 255 186 255 255 255 255 188 100 255 255 218 255 128 116 255 60
    188 150 42 255 255 154 255 232 255 82 93 255 255 255 255 66 255 120
    255 97 36 255 67 255 130 255 216 255 255 255 106 255 255 255 93 18
    212 255 78 148 255 255 255 255 182 229 255 255 255 255 255 255 255
    255 192 255 255 18 255 255 255 255 255 255 255 255 94 152 216 237
    255 142 44 202 212 255 255 255 34 101 255 255 38 232 132 255 122 255
    44 255 214 0 255 62 255 126 255 247 255 255 65 30 255 255 202 192
    129 56 255 20 255 142 255 96 172 255 178 144 255 200 102 139 255 255
    224 190 136 255 152 58 255 255 255 255 255 212 196 255 255 255 178
    168 137 255 229 255 52 241 160 226 255 255 8 255 255 144 126 255 255
    86 255 255 255 255 220 76 255 255 120 255 255 255 255 255 255 255
    158 255 255 118 255 255 255 255 255 255 174 172 255 222 119 255 162
    214 206 255 150 255 255 255 162 255 18 255 182 255 255 94 71 224 255
    224 255 255 152 255 200 255 255 255 113 100 255 255 0 214 32 250 166
    255 255 96 168 186 255 214 34 255 83 255 255 224 255 251 160 255 255
    255 160 255 255 255 60 255 255 138 255 108 255 81 198 255 255 6 100
    162 255 104 255 12 8 40 255 34 255 255 255 208 255 138 255 90 255
    255 255 235 255 255 255 255 255 82 255 32 180 255 196 138 255 170
    255 255 255 42 255 255 255 255 118 146 121 242 214 249 190 94 255
    255 180 135 10 255 154 22 231 198 255 255 255 255 255 73 82 210 255
    255 255 139 76 178 255 255 10 255 62 255 255 255 255 49 216 90 32
    122 255 255 255 255 135 208 255 30 255 233 255 255 160 255 12 255
    255 255 14 156 255 126 194 255 222 158 62 255 255 255 90 251 30 108
    255 255 255 255 255 255 105 152 182 162 255 255 255 148 255 255 216
    78 135 196 255 239 255 255 10 144 255 255 255 156 255 255 18 255 255
    162 194 255 214 255 204 168 255 166 255 255 86 255 243 210 255 119
    66 255 255 192 255 156 255 255 105 40 255 255 255 255 190 255 190
    255 182 255 188 4 20 30 255 24 93 255 156 253 24 64 255 255 54 198
    255 214 255 18 255 103 255 255 152 255 239 255 255 255 255 255 255
    243 6 28 255 255 150 107 255 150 255 92 108 133 134 255 255 90 255
    255 186 142 255 255 255 144 255 30 255 255 172 186 255 255 255 136
    114 255 255 255 255 255 255 255 255 76 255 218 255 216 255 20 255
    255 6 0 255 172 144 232 26 255 255 88 255 238 255 255 142 138 172
    214 255 255 255 255 255 255 192 245 242 255 255 156 255 245 224 200
    255 36 204 255 30 166 172 18 210 239 196 116 91 102 255 129 146 124
    255 108 255 255 128 255 109 255 222 14 158 255 150 255 255 255 84
    245 101 112 255 255 238 255 168 234 172 93 10 200 255 66 30 36 255
    227 255 255 78 65 255 255 49 112 255 255 255 255 168 255 255 255 240
    36 55 255 255 255 255 78 148 38 255 255 255 255 255 0 30 36 146 212
    194 255 172 200 176 255 214 255 188 255 110 60 182 255 42 24 255 138
    117 96 255 61 54 182 89 106 164 51 136 255 255 255 98 224 74 212 180
    255 255 135 242 255 20 44 255 255 255 255 8 102 114 188 60 255 255
    255 255 255 255 225 144 42 255 255 255 237 156 68 166 255 6 255 255
    36 223 101 226 22 255 255 255 105 255 100 12 220 255 174 255 132 63
    255 255 10 255 255 75 255 10 255 255 200 49 96 255 255 255 255 255
    94 255 255 228 255 255 255 166 255 206 162 255 255 64 91 26 255 8
    255 118 255 238 255 255 34 255 255 194 130 255 255 255 255 255 116
    216 54 255 255 212 255 194 48 168 101 255 255 255 126 255 255 255
    108 28 255 38 253 88 255 26 255 40 230 160 255 22 86 168 204 255 42
    115 255 255 255 150 255 125 252 0 255 138 255 255 184 184 255 166
    255 204 50 243 255 255 56 4 30 194 245 255 146 99 8 20 255 198 255
    255 118 235 81 52 255 222 255 255 232 255 255 12 236 255 101 255 108
    61 178 255 186 255 255 119 255 255 255 112 36 12 186 255 202 255 158
    186 200 150 255 154 255 255 184 255 251 110 6 34 102 255 156 255 60
    255 255 10 255 255 255 83 255 255 255 36 255 255 242 255 204 255 255
    222 255 255 255 56 255 255 102 255 152 228 204 255 255 30 255 56 54
    255 144 251 194 236 34 4 174 255 255 226 88 255 255 255 63 255 88
    243 255 255 184 255 146 255 230 255 255 255 74 255 246 126 255 118
    180 208 44 32 12 255 255 71 48 36 255 255 118 168 52 255 119 255 255
    255 226 255 255 255 255 85 255 208 255 28 255 113 190 168 255 38 255
    40 255 158 255 238 255 91 180 255 241 184 255 255 174 243 255 255
    106 255 255 66 34 255 24 249 255 128 150 14 255 160 255 255 255 100
    166 85 255 255 255 255 255 10 255 46 148 54 178 255 210 70 18 130
    146 40 26 208 255 255 196 40 255 150 180 255 255 4 142 255 222 255
    237 85 255 42 255 255 255 49 255 233 255 255 186 164 255 170 97 255
    223 255 255 255 224 216 255 57 64 162 24 255 112 210 255 255 255 255
    255 255 255 130 255 162 196 95 110 222 4 255 255 255 255 255 186 255
    255 109 255 72 63 146 78 255 255 255 255 255 168 158 255 94 85 66
    255 255 86 255 255 202 255 255 206 184 255 184 108 255 188 14 255
    255 255 255 255 255 243 255 255 146 106 162 26 255 120 79 255 182
    255 252 255 67 36 255 255 255 251 160 255 214 255 64 255 57 255 255
    204 255 20 77 255 108 249 224 255 20 138 243 129 255 245 125 62 255
    255 255 134 99 255 255 172 255 255 255 244 128 10 64 118 255 232 255
    230 30 251 255 255 136 206 255 28 255 255 8 255 150 255 255 255 255
    255 30 255 255 255 255 55 255 202 148 255 255 103 90 144 16 92 255
    255 255 255 255 255 255 18 200 202 224 158 178 4 255 22 255 46 194
    101 255 178 255 255 30 32 255 104 236 108 30 255 255 255 255 255 88
    42 254 38 0 255 168 220 168 255 255 255 255 255 255 20 117 255 18
    255 230 98 168 0 108 255 255 144 255 255 98 40 164 80 255 80 50 255
    255 120 255 126 4 188 255 255 71 76 255 255 18 255 255 255 134 255
    255 204 255 102 120 255 92 40 148 56 222 0 232 255 255 255 225 255 2
    110 255 178 255 255 152 255 255 62 255 255 74 255 255 255 4 121 254
    255 255 58 70 57 194 204 255 244 255 255 255 255 255 255 255 255 196
    255 255 255 233 214 255 255 255 255 132 81 46 255 255 126 255 103
    140 88 32 76 255 206 176 255 255 255 255 69 202 255 255 70 255 255
    255 142 156 255 255 255 94 76 255 36 255 172 255 255 255 14 255 255
    54 255 255 255 255 87 70 255 158 255 255 255 255 66 170 255 255 172
    68 114 131 142 223 255 174 168 176 196 255 255 132 180 109 42 255
    255 116 255 255 255 176 255 255 255 139 208 255 255 208 172 150 255
    170 255 255 36 255 162 222 255 255 239 182 122 255 208 218 255 232
    66 255 166 170 255 16 178 118 255 255 102 180 255 255 30 172 90 99
    255 255 255 66 251 158 110 160 79 255 76 14 106 218 178 248 255 255
    255 152 144 16 255 255 255 188 255 255 255 255 255 255 255 255 255
    59 255 251 255 218 92 255 158 255 255 252 255 174 255 249 8 52 255
    255 210 255 255 82 251 255 222 255 255 220 231 255 214 249 255 255
    225 255 255 233 226 255 255 255 242 255 255 255 255 38 255 255 222
    255 86 239 204 255 255 255 255 20 228 42 57 255 255 255 255 255 204
    255 130 206 255 64 255 238 255 71 255 78 186 255 6 103 126 102 255
    18 116 255 255 255 255 255 255 255 255 110 255 255 255 26 190 48 226
    70 255 255 255 255 249 255 255 220 200 255 255 255 255 166 70 255 24
    255 255 255 255 255 150 54 255 51 255 255 255 44 162 255 100 255 255
    10 255 255 255 253 89 100 52 255 92 86 255 255 186 255 255 255 255
    255 60 81 148 210 255 232 255 255 102 225 255 255 110 245 255 80 101
    98 255 255 255 255 255 255 255 255 64 255 255 255 44 241 255 58 255
    255 255 224 255 202 255 255 222 20 255 58 101 255 255 139 255 144
    255 255 255 192 44 255 170 152 142 117 124 255 109 255 233 133 255
    255 255 255 255 255 144 154 119 252 255 123 134 255 255 246 20 241
    255 255 255 36 44 49 255 100 255 206 20 194 150 196 255 255 255 255
    255 255 255 20 70 255 255 86 255 255 184 172 46 138 119 255 247 255
    240 106 174 188 255 255 255 54 26 32 223 255 114 255 255 52 255 144
    162 255 89 90 255 226 26 134 220 255 255 253 255 164 255 252 253 206
    136 44 180 255 172 28 112 118 184 206 122 255 76 100 97 255 255 6
    194 255 166 128 78 164 76 255 24 246 255 184 122 200 192 255 255 255
    255 82 202 255 255 255 255 235 139 255 255 89 255 168 83 188 255 255
    255 134 34 12 255 255 138 255 36 255 255 184 122 255 255 136 128 255
    16 10 255 255 52 99 255 80 255 255 255 30 255 255 255 255 255 255
    255 237 172 20 12 255 255 104 182 138 144 236 255 255 255 255 146
    255 52 255 255 255 255 255 255 255 255 228 255 87 16 118 255 116 255
    255 26 255 196 255 82 255 2 168 93 255 255 255 64 255 228 78 255 148
    204 255 230 255 12 65 255 255 180 184 158 255 164 255 158 114 74 146
    255 243 255 255 255 255 184 255 12 74 255 255 255 130 156 255 204
    255 152 92 255 255 255 109 255 255 125 208 255 148 255 255 81 255
    255 255 255 154 218 72 255 255 255 251 255 228 239 255 64 255 22 255
    255 131 255 255 255 158 84 255 48 202 8 2 156 158 255 255 236 255
    130 36 92 255 255 90 255 117 255 255 55 114 255 133 104 255 255 255
    255 255 60 78 71 255 255 255 126 144 137 255 62 255 64 186 255 255
    255 59 24 60 113 112 255 28 232 14 255 66 255 255 255 196 95 52 255
    255 255 96 148 255 255 255 255 255 85 255 255 255 255 255 174 28 186
    164 255 255 255 255 255 255 255 255 133 255 178 146 255 255 255 255
    200 198 32 227 59 214 255 255 255 255 255 255 255 255 200 178 255
    192 255 255 246 255 255 2 255 57 255 214 255 134 255 255 255 136 255
    255 227 4 255 216 255 160 38 255 255 86 255 76 178 255 8 108 75 255
    114 255 62 255 255 255 255 162 255 231 255 255 130 255 184 255 255
    255 255 255 134 58 255 255 255 186 255 198 216 255 255 24 255 66 146
    255 198 255 156 255 255 255 255 255 255 170 2 255 150 255 255 255
    253 186 255 255 255 255 158 218 255 255 12 136 255 255 255 133 32
    255 255 255 255 255 48 255 228 255 255 255 194 255 55 20 120 255 255
    255 255 255 255 255 255 136 255 150 227 255 255 223 170 14 255 255
    255 112 77 4 40 42 174 92 255 58 255 28 255 24 255 255 184 111 226
    255 255 246 24 255 255 255 255 134 255 255 255 82 255 220 134 59 255
    78 255 28 237 255 28 94 255 255 138 156 255 255 255 255 255 255 110
    255 249 255 255 63 255 16 255 228 255 255 4 255 255 255 38 4 255 255
    220 132 164 0 255 58 218 218 255 255 255 255 255 255 120 91 255 255
    255 255 255 239 255 255 101 166 112 255 210 255 156 255 255 214 255
    255 228 255 78 61 255 152 95 255 134 255 255 255 255 86</data></your_img>
</opencv_storage>
