<?xml version="1.0"?>
<opencv_storage>
<L2_diff>1.0396499170393850e+04</L2_diff>
<test_img type_id="opencv-matrix">
  <rows>100</rows>
  <cols>100</cols>
  <dt>"3u"</dt>
  <data>
    16 78 77 64 162 91 181 131 218 9 190 2 223 253 153 181 21 239 186 41
    233 154 7 202 220 148 2 213 177 72 184 215 42 136 109 219 222 127
    117 241 109 73 116 59 118 162 232 222 92 90 155 48 119 170 207 46 57
    54 116 141 148 237 237 52 162 30 195 116 131 113 169 177 251 6 251
    191 51 122 142 31 206 54 138 137 179 164 227 253 78 155 2 105 216
    159 142 218 40 77 95 173 16 196 87 49 230 24 79 70 156 40 43 118 225
    242 245 176 119 145 126 54 237 199 21 211 104 145 85 171 195 67 220
    29 211 95 241 147 165 29 94 57 233 109 53 86 45 199 143 3 188 73 80
    173 14 192 94 26 201 155 123 39 109 34 28 128 222 4 134 25 130 4 251
    145 166 153 74 235 25 132 190 55 54 91 216 120 136 207 17 92 171 55
    155 195 186 90 244 94 17 70 22 118 109 138 58 76 77 96 39 185 1 32
    166 10 167 160 168 52 136 109 35 160 208 68 70 220 231 24 213 209 50
    235 103 89 179 234 203 202 0 51 122 72 1 192 38 104 143 54 75 140
    107 194 57 235 209 146 209 142 185 193 127 29 73 127 237 253 95 69
    18 235 179 101 40 80 163 25 233 19 216 4 221 112 87 119 248 101 37
    93 182 37 167 229 33 38 58 142 205 9 214 67 72 53 133 247 57 18 79
    77 98 22 48 61 218 131 158 185 180 48 42 107 149 8 199 144 216 92
    174 124 190 209 67 242 130 116 108 215 174 130 54 226 178 204 98 116
    123 166 47 108 114 153 95 56 80 7 10 200 28 203 146 52 9 2 39 176
    148 200 129 98 128 121 224 112 92 93 199 125 53 162 253 137 60 28
    166 54 73 46 252 247 57 125 181 134 16 163 4 108 183 186 206 38 12
    77 16 26 61 135 4 14 30 30 195 197 184 162 62 181 227 127 109 88 9
    86 90 221 102 208 195 206 50 232 253 188 5 76 133 239 188 171 26 44
    117 217 252 84 145 127 136 32 110 12 195 61 14 80 11 150 123 201 188
    187 48 140 15 166 38 105 175 53 93 251 229 63 111 1 35 151 41 153 51
    145 19 44 229 155 253 1 122 132 74 135 248 135 24 230 179 231 195
    178 196 2 111 10 125 243 253 145 235 249 245 246 8 206 168 123 127
    148 184 127 240 15 206 105 17 223 32 186 191 27 85 191 167 224 140
    243 94 46 4 201 50 241 102 221 171 148 135 3 84 123 145 166 9 133
    120 129 17 219 228 192 74 241 99 232 14 130 122 134 204 218 224 19
    35 106 1 182 90 110 253 193 24 141 55 158 66 86 193 94 37 226 147 59
    63 230 56 95 251 94 138 164 178 121 62 212 172 96 221 117 25 94 45
    111 181 252 155 181 103 88 44 95 123 93 96 23 46 190 121 179 29 92
    74 139 195 48 180 163 10 215 244 130 78 92 238 6 73 98 49 57 157 178
    159 67 160 177 104 170 190 67 187 28 48 189 132 235 179 122 5 179 12
    236 25 155 241 126 217 121 120 172 76 42 84 3 98 117 152 93 206 215
    177 115 125 246 219 81 120 230 221 115 70 196 180 157 111 100 140
    158 249 3 146 84 233 181 67 145 154 154 87 170 26 40 249 80 63 170
    210 55 244 110 23 226 229 152 0 201 170 54 192 104 171 57 102 83 119
    134 244 8 240 243 181 153 71 113 48 239 84 53 58 81 122 184 131 22
    46 227 70 182 162 215 198 22 95 224 199 122 90 197 10 109 144 139
    243 164 165 146 169 226 101 80 229 252 109 152 179 11 106 223 5 249
    135 153 15 182 125 141 175 166 227 14 226 0 160 180 22 168 165 36
    248 204 10 219 119 119 65 144 156 98 115 118 191 81 235 47 54 42 172
    120 192 92 206 44 114 137 50 214 108 118 161 87 172 98 100 113 20
    124 98 125 241 231 181 82 92 182 178 153 13 103 89 110 156 60 150
    107 158 160 180 194 123 142 97 116 46 83 253 58 220 92 61 190 86 184
    166 92 4 2 113 125 155 19 6 83 89 62 155 12 22 76 150 103 87 254 238
    64 43 212 141 57 2 133 35 54 201 157 32 189 99 181 65 193 234 203
    121 56 204 246 154 232 85 129 118 150 135 163 31 194 240 166 154 105
    174 12 232 63 111 192 49 81 115 16 166 138 145 106 226 101 27 113 48
    194 109 109 19 178 224 111 53 186 110 232 40 37 222 125 31 189 72
    153 146 190 169 42 30 83 230 57 17 218 228 2 68 142 153 247 88 69
    142 243 213 205 33 201 188 138 132 217 224 171 34 200 235 152 224 88
    165 254 208 95 62 87 110 56 137 83 63 63 53 219 162 73 12 17 130 98
    100 78 8 63 138 32 198 54 195 74 104 177 22 212 22 198 149 192 91
    190 136 78 209 103 26 174 155 203 196 83 123 149 102 76 227 202 80
    234 122 1 145 133 216 133 122 187 58 78 57 102 156 153 144 77 135 39
    146 67 173 9 111 246 40 153 45 204 153 9 211 251 143 69 154 205 62
    208 80 75 81 120 82 72 237 245 183 20 23 15 191 86 109 211 12 89 116
    250 52 100 245 29 211 191 0 13 76 59 48 134 3 167 32 41 88 162 185
    191 45 48 146 162 226 150 85 15 95 42 245 97 224 26 54 39 7 111 159
    112 203 42 233 78 75 131 211 221 75 141 3 186 253 89 88 232 153 218
    228 47 201 211 111 68 120 144 45 240 217 83 139 16 144 205 44 74 139
    201 185 95 74 101 85 31 228 65 139 57 43 59 106 79 11 24 106 158 157
    196 40 23 210 101 225 191 170 106 81 62 251 197 85 149 72 26 29 30
    125 240 212 54 40 98 72 225 38 42 205 231 138 62 32 111 100 245 47
    196 107 2 36 229 154 130 235 222 222 70 206 250 100 247 67 234 90 68
    37 36 137 82 53 184 185 65 196 251 145 96 61 210 8 79 145 34 78 178
    20 138 190 116 122 248 170 70 150 96 0 168 252 231 206 14 128 122
    185 113 98 100 122 95 36 169 255 33 182 188 215 14 9 216 41 228 255
    150 201 8 208 138 70 91 106 83 37 138 73 48 80 100 74 123 187 13 54
    244 124 114 255 113 237 65 149 118 34 235 49 154 205 73 61 148 187
    178 232 212 59 96 250 1 22 184 249 139 119 189 70 169 150 254 13 104
    77 101 16 21 87 14 171 20 184 77 16 217 43 5 4 61 245 94 58 176 44
    117 118 102 64 198 168 240 205 158 94 216 179 145 237 160 211 38 126
    61 29 27 236 193 148 181 121 225 44 18 114 171 206 117 245 194 13 57
    24 190 118 81 67 42 98 89 130 195 169 17 194 35 232 186 150 64 196
    224 239 177 205 150 40 38 159 155 230 144 13 86 82 80 19 171 52 76
    113 174 199 39 150 103 247 117 97 88 54 61 169 216 144 146 70 159
    100 2 249 230 224 145 182 98 180 189 165 59 120 83 219 219 83 255 55
    108 34 251 140 244 82 0 239 56 203 217 200 23 22 164 60 18 122 97 77
    242 179 63 109 162 52 171 234 151 119 217 173 206 6 119 125 173 165
    143 211 46 191 235 167 126 204 157 35 28 172 22 112 207 60 223 194
    194 36 223 220 208 248 164 164 25 4 9 204 79 105 191 78 54 235 127
    81 179 255 155 37 221 79 15 112 72 5 87 48 77 161 211 3 62 89 120
    118 62 109 46 53 83 42 51 109 18 229 92 19 139 131 137 231 177 173
    57 83 195 199 129 165 70 178 3 9 57 189 206 23 84 63 5 179 173 33
    116 18 168 160 187 48 232 80 178 209 185 181 154 254 156 78 49 130
    182 80 156 150 196 137 91 0 149 230 34 195 242 100 140 53 233 167 77
    103 41 238 59 79 87 247 180 253 132 251 246 87 116 0 108 174 0 236
    61 102 127 8 211 173 97 191 237 232 51 119 186 195 3 95 206 96 52
    249 87 158 80 188 122 70 115 185 218 168 100 17 232 125 182 12 36
    117 199 222 52 111 71 150 200 214 159 20 67 37 64 203 0 81 103 230
    131 161 116 168 38 27 174 53 211 115 1 143 40 20 212 66 115 18 153
    224 16 49 56 43 15 1 231 215 170 250 8 185 10 199 124 228 4 40 189
    140 20 144 106 60 140 116 71 239 164 226 230 131 119 190 14 255 14
    202 108 81 93 190 42 129 166 243 33 211 99 26 168 163 240 123 223
    153 159 6 108 14 206 88 31 149 160 90 63 107 175 180 128 142 182 169
    247 189 243 250 71 208 87 188 223 218 204 77 245 125 41 222 29 98 17
    92 80 64 49 102 18 22 195 182 169 214 174 214 178 251 168 60 253 50
    236 232 196 141 7 80 74 211 56 177 12 1 191 226 179 156 172 70 188
    133 69 87 248 164 59 153 29 79 201 58 232 6 48 74 253 143 165 36 24
    92 90 68 89 87 150 170 95 74 214 198 82 134 238 157 233 200 65 168 6
    33 193 197 38 0 244 252 130 194 180 214 33 225 144 13 69 212 11 190
    177 175 175 33 252 211 167 174 80 69 55 37 91 121 4 12 180 176 150
    92 88 210 43 204 133 39 127 73 189 251 247 98 101 77 210 22 34 210
    248 123 227 188 122 205 160 231 235 89 239 179 107 133 145 64 206 3
    25 248 22 198 232 91 174 20 210 59 43 104 108 147 142 6 28 51 44 177
    136 145 189 189 62 247 245 244 118 66 121 80 109 41 5 162 158 42 21
    107 65 226 77 136 118 254 95 127 177 197 94 140 83 180 58 188 98 181
    146 94 201 117 133 183 66 223 239 215 134 249 233 197 22 105 2 64
    188 71 17 91 129 176 192 66 4 18 215 223 99 114 21 122 216 134 127
    247 194 205 171 225 87 226 6 196 80 204 11 40 237 31 64 166 149 62 2
    229 216 89 44 48 55 235 180 66 189 89 71 235 147 96 176 54 66 255
    144 104 179 230 166 30 105 151 47 81 134 203 249 171 8 250 42 134
    123 110 27 203 129 188 43 101 101 29 79 254 118 160 107 253 240 130
    231 72 90 240 124 15 139 133 172 136 2 215 155 162 199 36 67 252 82
    160 128 68 243 122 211 67 246 87 9 91 0 60 177 98 187 239 103 129 58
    208 125 198 37 75 51 84 235 69 166 54 45 38 4 158 141 128 254 248
    164 177 149 249 230 143 91 44 121 97 218 79 211 72 4 242 77 197 176
    189 61 143 215 213 104 102 197 198 154 253 69 221 179 232 116 15 128
    231 45 83 46 160 206 7 138 28 255 129 111 149 136 121 14 23 128 93
    241 184 55 226 113 169 172 184 206 79 114 2 34 198 26 52 184 59 104
    24 224 83 249 103 178 235 247 54 202 82 118 219 127 34 167 153 47
    109 240 252 212 101 46 215 19 129 164 189 14 158 174 2 113 232 73
    207 138 154 47 92 243 83 152 131 149 49 156 118 139 181 141 20 202
    134 247 98 150 192 111 134 163 211 185 140 114 217 148 219 166 113
    108 159 183 51 248 198 156 81 83 94 64 58 38 222 142 24 61 39 84 233
    63 155 73 128 115 185 173 152 162 201 52 173 205 159 245 80 87 139
    205 185 249 20 213 159 45 61 227 186 89 202 153 110 247 187 99 132
    79 59 159 178 240 67 250 46 31 243 82 131 202 143 113 63 162 155 25
    247 29 115 147 8 205 179 7 183 33 68 153 0 45 52 241 184 181 16 65
    240 133 27 227 179 87 7 57 97 139 123 234 158 48 230 107 80 190 14
    38 158 21 126 238 227 166 18 154 26 128 102 28 227 70 89 11 46 226
    77 109 212 235 213 167 216 181 184 27 121 109 114 38 18 223 118 4
    202 11 159 159 248 214 207 88 0 231 17 154 194 91 39 32 95 25 43 148
    186 209 13 218 197 143 25 57 161 45 135 42 243 241 234 89 106 232
    200 122 34 240 1 183 108 143 95 101 32 143 61 135 237 163 238 177 97
    45 47 175 40 134 206 229 232 201 171 69 194 147 187 118 104 119 197
    189 76 255 158 92 168 165 170 70 216 102 227 158 64 92 86 249 143
    253 223 112 171 154 200 231 27 28 48 199 237 67 40 86 99 59 82 0 234
    241 22 169 8 175 88 179 186 6 23 196 9 131 48 22 102 117 239 85 115
    133 95 191 101 240 248 252 196 94 31 225 171 75 107 20 77 55 215 107
    158 239 138 184 109 167 140 96 249 250 4 169 227 66 39 224 156 18 42
    242 69 151 152 72 196 79 69 213 214 181 47 234 50 208 168 119 115
    172 129 132 5 96 23 159 110 29 197 58 158 185 108 238 237 219 230 82
    18 155 152 34 165 48 192 71 156 28 121 18 70 101 195 254 102 237 239
    81 189 22 84 47 28 178 11 94 32 247 30 85 14 165 217 120 128 239 81
    100 54 159 130 0 26 81 62 104 152 227 176 81 43 218 106 64 76 189 87
    126 137 63 205 81 52 190 209 102 189 160 222 158 9 4 19 87 81 165
    147 17 113 195 17 68 179 183 32 41 8 118 96 33 60 149 67 143 86 190
    123 181 252 162 135 163 229 161 84 195 123 197 216 169 9 162 133 245
    183 220 204 129 254 163 122 210 95 59 150 143 48 251 79 37 234 118
    80 63 153 219 229 174 120 95 243 56 167 29 143 191 239 155 97 31 100
    151 176 154 33 234 123 149 64 72 130 238 163 160 188 11 178 147 227
    190 136 62 49 75 63 196 174 215 63 90 35 159 6 153 239 241 237 242
    84 46 16 40 50 244 202 132 81 120 132 91 12 132 104 98 8 202 216 186
    6 154 254 249 150 157 44 166 113 181 5 201 88 39 87 207 98 223 53
    127 155 100 171 127 238 142 26 170 84 69 175 34 23 10 72 55 157 171
    2 234 5 229 182 181 162 104 221 234 128 232 48 44 183 57 19 191 132
    88 245 140 184 112 150 196 217 35 112 97 192 187 71 245 133 88 37
    229 159 29 70 243 206 143 135 206 29 113 130 64 71 169 37 221 160
    226 156 27 16 248 151 91 118 178 148 255 192 128 174 16 219 156 178
    201 174 255 180 197 188 63 91 247 16 125 50 130 133 183 35 211 37
    192 89 143 180 177 169 60 184 253 167 164 145 122 201 80 127 95 159
    83 137 7 192 188 111 95 56 134 234 106 117 198 100 131 172 170 39
    177 155 87 75 98 177 167 193 92 90 83 74 159 130 161 59 4 190 6 63
    131 50 142 238 60 197 113 226 143 186 208 104 67 223 19 29 68 202 62
    17 21 166 154 183 227 180 40 66 217 32 115 113 83 4 194 129 73 227
    176 255 252 48 153 137 122 9 228 195 39 6 7 225 155 188 53 139 205
    212 100 164 205 29 173 231 146 211 38 140 206 203 236 222 200 240
    170 135 196 87 47 65 120 106 149 215 148 145 192 230 24 12 76 128
    161 112 81 133 91 25 197 223 72 22 46 221 115 15 33 139 253 124 12
    68 208 50 0 222 155 94 213 2 55 204 87 231 103 166 175 137 246 170
    229 233 78 16 36 220 172 52 185 1 143 4 104 28 220 82 176 254 152 29
    158 194 33 208 0 63 42 65 93 179 215 44 70 8 222 165 236 116 149 92
    11 255 249 112 76 237 225 220 69 209 217 114 161 106 156 230 14 224
    86 36 142 203 28 151 10 6 7 213 33 106 155 200 72 117 207 212 123
    167 181 233 206 198 127 142 106 70 51 90 79 207 128 232 208 167 28
    201 154 88 170 157 113 146 214 201 42 123 182 247 101 229 209 1 1 34
    250 121 160 128 238 214 239 106 183 190 201 222 193 10 94 87 34 169
    94 61 177 125 49 229 204 65 156 185 148 39 1 93 201 28 195 229 117 0
    104 149 92 43 214 97 111 4 168 1 230 204 119 8 69 32 32 231 242 24
    237 68 9 233 150 213 136 86 17 8 214 13 187 223 147 23 37 211 187 95
    178 165 245 68 194 247 79 68 58 191 140 195 99 72 247 146 104 225
    164 212 230 247 183 216 48 2 220 59 37 135 104 71 222 138 127 138
    241 55 144 61 233 59 225 239 154 102 1 43 73 39 63 145 59 197 83 165
    24 170 233 24 149 3 34 18 190 74 138 46 71 214 165 210 55 82 242 12
    9 75 16 135 164 93 108 207 91 78 199 112 47 151 159 180 108 21 161
    239 212 237 78 60 98 168 153 176 251 222 183 236 15 92 111 13 110 34
    49 172 21 23 85 208 225 65 101 184 176 153 211 84 244 208 210 41 79
    131 88 71 146 67 60 5 75 131 153 216 62 207 77 208 47 107 123 28 87
    81 213 137 160 111 209 72 222 3 98 212 133 236 145 125 58 54 217 48
    227 0 127 234 192 86 137 149 85 188 142 48 3 77 85 90 122 119 240
    142 79 217 55 130 78 98 69 60 176 89 50 111 128 180 104 157 75 220
    56 123 116 4 131 68 155 160 224 71 30 26 119 157 216 6 214 248 247
    42 220 4 56 38 77 33 224 163 73 207 164 2 171 7 122 48 18 190 96 163
    234 154 184 48 73 183 34 185 52 74 114 170 193 122 124 49 126 90 29
    229 158 26 35 210 178 78 185 67 173 242 63 232 204 170 151 95 166 4
    101 236 64 249 74 158 81 225 77 105 81 243 155 191 88 89 60 138 168
    10 95 179 114 19 58 168 143 84 200 238 204 132 217 198 144 69 155 24
    188 92 59 97 119 214 78 203 181 250 150 219 227 128 139 198 217 115
    24 41 123 191 176 138 243 232 18 52 36 163 29 155 224 129 154 189 24
    209 205 180 33 19 171 20 115 169 135 83 31 240 43 233 16 121 52 138
    67 55 234 221 71 31 7 70 205 133 10 207 39 190 130 241 212 247 2 91
    26 31 83 251 10 174 237 37 53 107 195 221 214 83 234 26 26 65 73 116
    80 68 137 46 53 93 59 167 8 163 136 242 233 96 133 209 126 79 55 64
    176 235 21 81 87 192 149 99 124 120 69 185 141 99 100 65 0 151 199
    43 114 87 154 77 202 177 90 215 155 203 66 56 236 19 83 27 171 174
    149 239 254 50 249 252 167 139 74 197 30 22 84 164 34 136 137 48 6
    157 188 36 189 180 162 3 33 247 98 198 211 239 20 210 192 245 221
    122 66 38 173 232 206 118 242 221 188 167 189 29 249 24 196 191 102
    92 111 205 159 129 36 94 155 76 229 128 8 156 4 19 210 60 123 41 218
    194 116 193 207 146 201 1 109 204 47 106 199 218 122 138 167 25 89
    241 69 227 200 128 216 162 193 103 222 99 148 191 56 7 170 230 145
    32 254 131 189 44 226 201 137 180 164 244 116 32 188 41 171 205 51
    98 178 220 169 11 118 244 3 68 185 159 10 180 85 116 170 236 81 73
    39 209 94 234 81 197 72 90 201 234 90 149 215 192 92 213 0 188 240
    129 47 7 2 63 122 215 109 9 154 41 190 76 112 236 142 255 41 197 255
    58 177 74 37 108 175 192 28 184 53 27 147 171 9 0 217 83 74 121 21
    146 196 85 67 221 244 30 177 55 202 149 127 128 3 88 160 30 86 3 165
    65 238 77 153 160 136 49 90 140 170 206 225 232 30 241 173 127 11
    111 64 137 55 182 250 190 173 202 227 14 221 251 11 222 203 169 177
    112 198 185 225 99 139 215 170 38 151 147 23 168 181 60 167 110 225
    211 141 234 144 178 38 138 135 34 116 177 58 64 20 165 242 97 251
    241 133 231 84 213 143 235 59 231 76 147 127 131 95 114 225 56 173
    90 238 20 11 238 27 30 7 164 38 75 102 160 220 35 120 192 159 74 62
    137 250 113 15 147 123 117 74 121 234 135 55 40 51 247 238 163 226
    33 123 53 136 207 127 154 33 58 148 124 143 26 54 12 147 199 97 240
    130 20 4 197 121 81 47 43 210 181 46 0 124 216 177 106 140 180 91 88
    59 230 81 96 246 134 111 149 16 152 125 219 160 43 143 161 98 152
    174 62 212 140 136 4 31 37 192 64 255 215 226 4 66 57 239 88 138 185
    119 8 35 98 161 80 217 114 20 166 116 181 205 46 19 225 205 9 66 2
    37 249 19 124 17 147 108 188 240 99 158 122 118 141 157 217 215 245
    205 4 103 66 13 113 186 35 52 175 151 41 65 106 31 233 175 135 165
    135 176 33 17 30 137 82 140 26 214 62 69 114 30 185 105 30 75 53 233
    31 12 9 171 81 213 208 19 78 197 112 37 194 21 30 68 244 99 163 186
    93 70 35 181 224 53 118 213 172 192 58 255 149 105 33 138 172 219 77
    156 170 170 68 108 20 137 22 16 230 106 205 220 140 239 144 62 0 43
    222 231 239 147 250 202 94 215 168 165 45 197 216 152 9 176 111 139
    216 50 223 65 103 61 192 45 177 195 122 69 104 167 101 253 186 227
    173 107 125 11 91 164 242 231 45 245 146 138 108 120 141 13 131 37
    13 6 214 135 102 130 70 76 17 130 1 170 217 216 129 253 158 241 48
    88 70 25 16 219 247 78 38 38 216 112 63 217 31 127 68 47 48 52 34
    121 43 169 42 123 132 93 34 14 48 134 109 50 101 152 176 230 102 153
    150 215 82 162 2 25 71 83 29 50 89 116 19 171 193 199 64 63 57 165
    43 76 39 234 246 248 202 94 168 231 206 169 94 30 239 195 179 5 226
    77 15 155 21 0 221 25 6 88 50 109 181 65 144 78 250 94 122 200 80
    151 55 3 207 8 200 30 153 11 72 69 165 6 205 193 54 4 94 153 250 166
    133 110 81 65 10 221 146 183 196 143 4 76 243 35 6 175 76 158 168
    192 4 220 58 250 137 49 49 73 201 228 113 189 67 114 93 190 146 157
    8 81 10 71 205 110 130 13 136 48 72 25 250 48 40 166 83 201 140 94
    220 9 232 183 218 66 180 211 81 61 225 80 49 196 188 159 9 215 187
    75 170 76 156 215 123 117 7 181 243 244 18 215 44 151 208 26 227 137
    255 90 6 226 43 81 231 59 215 235 47 72 34 71 19 230 132 57 161 40
    210 239 33 214 81 211 37 25 175 121 199 228 150 76 77 166 86 227 102
    106 234 50 93 213 219 127 24 255 91 205 50 222 34 28 42 252 187 122
    92 214 122 87 159 115 90 67 242 169 52 109 199 134 165 37 158 71 117
    216 9 147 170 163 85 111 164 20 15 253 26 194 228 23 160 231 202 79
    212 114 11 173 120 202 102 31 177 64 166 181 128 84 133 229 219 213
    136 2 6 10 131 171 16 230 237 169 239 149 132 103 127 210 194 99 227
    104 166 118 83 81 170 21 181 220 149 148 38 250 193 127 168 111 192
    240 14 225 237 136 54 61 59 51 166 159 14 206 46 129 215 255 197 5
    131 119 218 134 236 145 150 23 238 254 40 50 215 179 161 51 219 77
    106 71 139 42 57 105 164 20 37 157 101 169 211 212 220 129 4 75 31
    229 234 143 37 225 39 41 228 74 74 211 192 235 225 113 19 191 34 162
    200 222 91 161 49 218 47 5 197 108 199 123 218 18 93 150 217 225 154
    41 209 34 154 227 42 135 67 177 90 50 244 217 167 20 14 51 184 235
    252 32 106 165 211 140 127 163 79 222 197 102 39 72 176 100 87 8 12
    8 162 172 190 174 123 10 225 3 146 245 144 147 189 10 72 9 121 250
    137 52 88 119 8 78 93 94 22 36 133 44 236 171 19 199 42 252 128 124
    12 113 240 61 170 214 203 81 74 100 224 197 167 65 20 47 116 133 41
    92 85 90 110 13 122 113 136 31 161 215 66 41 255 171 50 157 67 77 66
    64 134 240 100 170 66 91 63 240 88 16 62 237 97 136 95 115 174 180
    102 225 15 118 149 252 24 184 194 26 207 205 163 219 179 89 225 52
    167 203 135 134 86 240 111 222 28 130 239 241 133 109 67 15 200 163
    83 98 105 215 159 76 99 100 188 232 134 6 217 216 226 52 170 178 115
    102 255 146 187 153 38 206 70 35 134 134 234 226 3 103 94 156 240
    144 78 187 229 164 208 117 39 125 232 107 49 68 83 38 30 142 82 91
    141 78 187 172 212 46 243 115 76 9 72 32 10 12 141 120 157 29 238 6
    37 92 74 49 106 76 93 58 198 55 20 10 77 149 174 248 233 176 71 154
    232 183 180 242 198 141 225 245 67 70 184 115 152 10 75 233 31 93
    166 109 50 22 94 115 135 132 228 52 144 24 70 69 182 30 247 142 244
    163 126 72 104 143 8 18 27 116 175 84 16 188 226 244 10 121 164 89
    29 225 41 130 140 137 193 28 54 80 109 239 28 160 118 201 83 67 158
    45 124 135 1 185 169 219 52 117 205 57 1 127 40 195 129 178 254 185
    138 105 249 101 244 71 225 204 154 9 143 151 108 230 223 143 91 220
    102 28 138 83 37 209 41 79 68 245 160 228 46 253 162 181 117 55 77
    220 56 72 100 37 37 212 65 25 142 0 250 162 8 246 106 215 108 63 85
    177 57 51 84 241 64 137 22 124 53 111 186 64 150 101 169 206 131 156
    149 35 43 12 3 116 227 217 233 126 73 249 193 91 148 239 3 37 131 57
    52 166 127 226 105 227 211 180 38 59 179 139 228 11 148 210 92 219
    245 206 3 181 70 17 50 166 49 65 101 154 68 38 99 84 118 28 32 132
    186 176 33 55 219 167 142 92 97 137 215 116 80 254 43 11 117 154 14
    250 21 170 237 207 200 211 181 45 131 86 218 193 182 128 140 96 165
    236 8 212 16 18 24 46 26 10 122 219 69 46 197 157 108 15 104 122 155
    115 153 10 246 146 139 211 119 39 26 194 52 39 181 125 203 9 66 185
    31 129 57 81 159 224 116 235 223 20 83 3 43 148 133 81 162 185 82
    249 70 125 240 168 97 214 214 47 177 176 253 80 249 81 48 103 169 79
    103 106 211 211 126 210 0 77 250 52 218 253 172 156 52 209 242 224
    34 169 29 36 199 174 17 75 229 117 70 179 167 225 126 100 110 11 42
    252 0 201 149 221 249 4 28 0 9 117 43 31 28 57 71 139 57 224 251 71
    246 72 163 36 169 207 239 29 164 184 202 222 44 93 182 134 171 52 7
    47 240 52 93 192 93 129 199 67 70 241 62 117 96 140 183 93 85 157
    198 161 188 8 102 139 57 130 129 202 186 125 159 201 162 113 255 114
    97 132 78 241 57 158 165 197 37 9 175 214 242 11 36 235 113 198 195
    80 212 151 55 15 243 145 96 35 37 76 197 27 73 152 144 25 234 47 111
    55 36 197 63 189 161 15 88 167 45 130 159 31 80 59 236 46 185 155
    132 103 249 23 110 11 68 83 59 136 101 8 86 172 233 150 145 109 20 4
    129 23 50 16 202 154 191 197 64 179 194 169 27 85 111 201 75 106 134
    170 180 226 37 56 14 231 206 167 54 11 84 52 200 78 162 64 154 203
    196 160 72 191 255 235 173 196 148 141 77 198 75 243 236 178 227 188
    24 231 23 3 98 169 96 51 200 111 101 5 145 18 59 228 0 103 103 209
    209 194 48 97 104 116 189 219 100 17 66 157 79 75 0 174 8 111 18 146
    168 204 91 145 44 253 184 216 206 211 234 123 173 206 239 40 173 37
    8 67 212 210 40 202 183 181 76 50 165 120 87 101 210 73 116 130 207
    236 10 14 176 65 115 19 104 176 213 12 150 148 5 96 78 0 10 214 130
    91 209 58 164 136 29 135 85 35 100 108 59 81 132 130 28 214 53 211
    215 176 91 97 199 128 177 220 81 235 29 27 251 29 29 216 159 239 203
    86 7 145 84 19 45 109 71 66 139 96 212 190 105 33 28 64 184 230 232
    11 72 75 197 205 62 91 22 168 130 158 244 129 0 190 215 65 8 147 236
    64 241 35 235 52 48 220 89 143 8 15 202 60 49 58 175 129 184 4 91
    217 218 51 107 151 147 82 169 36 240 106 142 54 57 25 136 41 250 128
    0 227 194 216 177 37 120 6 44 224 14 16 36 255 98 158 114 70 247 49
    66 245 139 243 1 6 2 31 76 130 209 92 72 30 88 116 129 248 224 44 18
    196 116 81 43 172 85 50 223 163 127 110 14 25 12 58 117 103 194 23
    71 97 175 33 8 120 251 242 189 5 224 39 141 22 27 158 160 77 37 242
    237 75 43 150 81 182 48 206 120 146 246 203 16 95 192 101 27 69 0 9
    219 177 12 1 13 33 230 232 85 224 252 210 18 61 101 119 226 143 153
    20 25 168 9 253 31 25 131 72 83 250 214 179 229 212 241 113 237 169
    134 227 24 199 202 206 183 217 116 154 237 234 82 221 174 69 49 180
    105 35 80 164 113 86 102 134 2 101 146 48 0 35 154 208 171 54 168
    141 56 60 20 124 89 10 58 71 204 37 126 118 213 58 209 155 210 54 63
    69 248 159 114 171 36 138 133 231 233 207 192 52 92 235 200 98 222
    158 169 205 86 40 125 41 146 19 22 10 162 190 151 87 159 250 75 254
    29 248 244 90 0 122 64 103 214 153 230 85 92 203 73 24 155 47 119
    251 157 77 195 224 221 120 33 116 215 9 100 43 167 181 60 134 118 85
    203 94 117 5 52 48 19 233 219 11 123 200 36 116 77 95 188 76 53 228
    201 84 112 229 151 46 240 217 113 216 12 3 249 202 89 165 191 107 60
    93 40 0 96 46 226 23 17 20 140 208 125 98 147 208 121 134 214 67 26
    120 107 182 83 93 211 175 156 5 171 171 138 215 189 3 84 248 50 241
    64 5 83 162 236 13 235 166 137 109 13 22 67 76 118 92 145 91 252 29
    109 37 157 29 171 130 131 216 16 205 119 61 86 53 224 131 71 158 39
    135 163 126 28 213 188 211 66 237 123 88 106 38 41 130 183 116 90
    121 216 107 236 55 183 107 198 220 112 219 171 91 247 196 57 97 253
    101 27 61 134 220 13 139 107 27 14 27 5 79 84 113 178 98 81 108 24
    109 12 220 123 52 158 232 173 35 33 44 135 39 61 203 16 200 176 67
    152 145 75 131 113 124 77 176 217 70 71 113 78 103 140 79 12 76 122
    209 223 82 71 30 133 209 216 251 190 53 150 52 47 250 160 98 54 124
    153 103 63 26 246 167 164 186 186 157 96 182 180 208 136 50 42 132
    52 79 11 117 128 206 7 80 203 128 41 104 220 233 253 197 223 53 129
    255 88 88 193 252 69 235 35 154 165 194 119 156 214 95 7 193 237 66
    190 225 151 52 210 48 228 168 157 70 121 126 236 89 117 243 102 148
    20 32 42 53 97 119 225 50 205 37 102 186 211 197 101 223 28 111 40
    225 53 19 18 191 196 42 132 96 162 73 56 1 160 117 34 61 232 76 100
    170 36 62 9 90 131 180 123 231 108 245 47 141 22 130 213 245 9 2 249
    7 6 68 30 194 146 45 178 222 37 160 192 253 152 80 131 128 167 93
    197 216 162 69 165 27 125 61 117 227 181 177 237 141 124 213 30 103
    103 179 232 38 82 62 208 212 81 53 37 196 29 214 95 114 211 48 227
    14 128 170 151 75 248 239 203 158 109 236 25 169 89 69 65 2 81 28 64
    65 72 56 147 201 67 78 130 167 90 127 80 221 52 125 250 239 213 199
    156 68 25 66 136 189 177 30 146 215 205 147 237 170 25 251 237 85
    193 243 77 12 154 250 33 232 24 232 17 29 224 189 118 78 63 150 97
    210 250 176 129 66 185 56 10 74 82 221 90 70 80 151 29 18 28 75 149
    39 248 233 85 245 128 121 64 201 182 56 233 159 138 227 252 119 151
    200 230 197 251 236 25 20 124 229 85 9 148 2 28 66 216 219 144 117
    103 159 240 54 33 128 101 167 46 121 233 127 169 76 161 77 240 50
    147 122 94 72 202 10 170 32 226 251 179 166 195 13 187 41 106 149 69
    228 166 94 13 113 170 210 85 142 92 234 72 181 220 29 37 158 181 196
    238 176 80 203 75 153 229 254 216 128 221 229 14 26 208 143 206 237
    141 240 35 41 169 233 187 50 102 124 47 7 55 232 66 67 32 31 235 244
    177 15 82 104 174 122 85 17 142 104 195 225 34 25 210 190 11 85 56
    174 78 91 214 229 178 112 210 144 19 206 123 20 188 30 164 88 95 233
    108 178 42 203 214 226 140 221 80 73 231 10 66 36 234 63 189 178 251
    241 218 184 113 28 58 70 59 175 85 98 84 88 187 133 42 74 129 40 13
    190 191 6 216 186 118 238 88 64 152 124 234 155 186 187 37 237 253 6
    10 213 198 98 82 233 100 228 186 230 34 45 125 64 215 23 116 216 224
    78 51 135 50 76 155 23 135 24 197 177 112 116 76 18 106 208 246 27
    214 186 17 150 209 20 186 29 149 248 70 72 72 245 101 230 13 19 165
    208 89 151 111 36 71 232 29 213 243 167 204 248 81 70 104 104 124
    239 118 30 5 45 5 164 64 116 98 114 215 234 154 197 127 4 179 34 9
    75 155 120 48 109 242 20 113 33 118 101 244 10 171 108 64 89 90 216
    62 215 43 196 209 122 2 120 93 170 65 21 167 188 181 178 242 211 195
    140 18 44 119 128 173 62 161 235 122 155 175 16 83 205 128 231 136
    94 10 218 122 98 236 106 64 15 199 214 112 209 27 135 58 131 234 227
    70 245 50 150 191 68 21 156 184 26 18 215 103 115 173 209 145 33 79
    67 68 85 21 193 176 243 207 231 108 14 233 172 38 46 13 239 180 21
    99 66 119 106 95 136 190 154 143 245 204 184 115 201 55 7 80 167 150
    137 205 77 70 86 101 84 180 209 254 210 50 222 47 22 113 29 181 75 8
    183 200 203 177 113 1 169 117 202 49 97 115 102 235 219 122 198 93
    156 6 110 179 60 21 46 170 61 12 198 127 34 217 129 84 91 32 80 95
    141 43 252 37 114 115 209 172 101 74 183 189 47 169 94 25 105 82 169
    123 28 207 236 103 112 145 38 51 127 34 23 153 34 125 25 164 170 90
    53 148 159 155 28 11 131 243 37 99 55 163 170 108 191 245 118 14 156
    172 15 125 8 229 199 154 196 48 159 239 154 172 103 98 35 216 15 130
    41 199 61 173 51 48 165 225 39 89 163 158 42 118 68 241 148 97 138
    68 113 27 134 126 132 204 31 73 177 71 130 214 39 41 72 38 6 3 88 31
    172 210 52 246 110 196 65 162 162 88 90 155 148 255 3 95 251 52 16
    30 36 137 7 255 89 108 87 157 217 24 134 205 211 137 211 208 211 198
    201 16 156 255 50 208 219 240 130 242 69 14 12 84 18 35 35 56 3 210
    221 42 117 77 14 66 49 198 223 173 6 231 127 210 145 45 108 2 98 225
    167 104 136 25 47 108 116 35 171 222 181 168 217 99 173 130 54 199
    99 150 16 254 241 74 89 2 122 26 38 127 64 76 7 106 183 31 210 53
    213 84 83 217 147 145 171 35 130 18 235 203 32 9 236 127 235 242 93
    75 153 179 125 50 149 219 25 73 70 121 142 109 25 245 147 79 232 99
    244 70 179 168 113 235 94 34 137 87 40 25 24 221 120 249 101 58 134
    61 99 50 153 120 70 133 126 126 231 139 167 239 52 175 40 216 130
    154 137 147 114 62 187 193 19 92 150 87 68 78 5 94 190 179 36 49 236
    234 223 195 99 42 84 222 84 92 252 79 18 173 212 167 50 0 59 34 226
    237 110 70 200 82 35 66 207 122 233 161 143 113 176 158 167 2 2 134
    89 232 21 12 99 159 143 217 5 186 84 55 29 52 115 95 153 7 114 104
    189 179 154 160 54 112 88 210 111 230 224 243 46 175 48 137 186 227
    117 200 7 245 122 43 115 30 172 22 242 138 246 130 20 94 231 44 185
    172 86 64 173 139 64 237 77 65 128 112 253 153 71 142 59 245 179 169
    37 253 90 68 244 140 30 164 154 239 8 140 147 37 14 179 59 165 13
    166 117 79 149 66 61 175 96 222 220 144 31 140 46 118 9 76 28 174 69
    206 83 159 173 67 220 229 216 46 218 2 34 168 177 34 130 201 23 98
    25 215 125 176 253 102 95 21 130 120 246 213 152 177 242 88 28 119
    12 24 71 157 177 136 136 161 141 154 68 208 5 212 201 231 95 62 17
    234 114 22 241 17 173 159 33 200 198 34 9 199 30 14 154 111 28 73
    222 57 220 142 17 195 130 83 48 233 66 216 85 6 150 134 90 124 240
    254 163 82 36 66 165 91 181 214 7 244 68 43 192 23 254 0 157 176 81
    79 14 3 23 64 110 79 113 4 183 205 92 88 179 172 133 67 77 192 190
    146 84 129 62 172 73 169 109 168 40 11 190 4 181 215 232 207 123 179
    167 156 129 159 215 21 202 93 195 13 237 18 203 240 132 15 236 61
    159 0 53 80 75 135 124 12 155 126 107 230 152 157 105 238 46 32 235
    15 178 100 36 239 38 125 154 177 129 13 175 50 2 13 8 164 217 105
    252 217 132 119 66 4 38 55 175 251 69 75 167 253 155 174 175 236 70
    162 128 69 176 52 134 26 160 241 83 170 148 228 208 173 104 168 37
    216 38 51 190 219 132 177 41 91 135 165 217 19 198 162 35 206 84 176
    80 199 124 239 232 137 161 211 129 72 248 84 68 156 180 242 250 156
    238 179 56 11 90 99 64 205 30 101 247 152 171 191 47 95 179 39 103
    150 63 153 188 77 126 133 251 72 222 228 214 83 32 134 78 10 73 141
    28 24 25 95 182 130 51 3 111 88 145 226 224 18 76 93 215 67 26 145
    128 151 164 39 82 202 57 8 208 224 30 12 135 61 79 69 89 134 221 81
    101 151 184 104 72 216 255 226 106 11 231 45 114 126 166 127 33 55
    248 25 36 208 235 5 242 240 190 158 105 232 238 203 235 246 252 222
    4 118 245 186 225 109 114 253 218 98 161 222 44 198 243 148 84 57
    224 83 225 194 10 9 245 155 125 194 129 128 71 238 70 191 213 73 1
    207 155 84 129 210 251 191 166 255 8 250 167 171 60 179 33 234 79
    111 218 15 152 132 15 231 168 126 169 247 56 41 2 4 106 201 247 82
    40 242 138 85 194 131 95 187 116 244 96 241 42 85 145 42 179 66 4
    109 187 40 74 227 36 7 98 38 12 82 219 230 92 80 120 203 92 88 72 64
    197 246 241 32 248 210 178 172 9 181 140 49 140 140 48 70 165 53 192
    234 179 80 236 207 20 180 33 170 142 46 129 40 29 130 249 51 178 120
    122 201 130 33 170 145 22 29 249 109 139 134 165 167 117 145 88 190
    128 202 18 118 89 87 32 111 244 68 113 2 26 230 229 169 162 96 187
    93 139 52 79 124 107 137 131 109 170 65 40 23 129 217 255 187 132 29
    79 222 142 154 75 33 158 163 62 250 98 250 227 115 143 82 132 49 22
    19 171 100 143 179 126 73 31 248 50 248 197 158 215 198 160 55 252 1
    13 42 143 14 60 127 250 225 241 119 223 48 190 129 142 43 133 33 228
    252 205 148 215 91 117 181 165 32 79 235 127 180 72 91 24 21 20 6 1
    36 94 202 196 192 189 41 254 161 110 23 131 182 243 200 86 196 15 2
    227 199 146 145 191 96 229 141 138 225 138 163 117 133 52 211 130
    126 11 94 0 100 44 253 196 83 154 5 103 194 41 89 82 81 151 70 77
    107 0 16 86 9 234 13 154 253 110 184 9 161 204 198 177 245 84 242 47
    129 171 1 131 135 55 161 30 131 110 8 124 111 189 1 83 116 52 235
    136 150 37 131 231 134 59 88 215 124 132 241 222 136 236 1 167 88 1
    53 18 170 76 50 108 8 152 26 77 209 140 184 222 209 45 222 123 41
    139 206 88 150 50 23 199 219 15 128 216 74 20 23 203 134 19 231 91
    36 58 126 86 190 205 100 185 69 54 34 63 138 92 21 153 207 193 205
    240 54 56 96 200 168 7 76 24 56 24 149 190 183 69 136 103 8 30 33
    231 112 234 69 94 9 200 21 202 36 94 215 158 187 188 164 76 245 167
    120 231 152 223 71 171 227 182 36 163 109 247 29 34 149 199 225 5 23
    229 192 33 21 6 126 152 71 149 44 169 172 33 209 241 192 232 145 223
    35 208 115 90 63 95 109 75 151 172 82 14 68 196 70 146 189 153 73 79
    133 222 175 10 235 14 138 85 41 123 91 25 31 151 61 184 216 202 16
    85 69 189 234 174 62 104 213 90 55 195 134 116 203 31 96 85 74 38 1
    110 96 95 218 44 175 51 182 22 83 89 170 196 239 183 165 8 224 84 33
    247 16 159 162 118 168 225 114 26 147 178 35 49 218 169 70 45 78 176
    190 68 127 183 186 140 71 8 44 39 238 129 220 232 78 120 106 14 69
    35 176 201 5 198 122 146 188 61 47 138 15 82 7 138 122 252 181 120
    118 79 158 239 174 236 1 232 111 58 201 133 218 132 193 213 103 143
    81 147 11 213 69 45 107 16 174 106 68 225 97 89 171 34 31 15 147 111
    97 40 215 28 203 45 22 169 39 222 127 55 194 28 120 181 186 194 95
    195 227 211 202 117 169 52 47 212 90 17 6 171 60 192 218 73 208 239
    126 143 194 1 129 125 166 151 156 180 125 43 81 56 52 117 228 17 237
    67 168 122 241 13 132 61 20 31 205 213 149 27 155 238 30 89 184 62
    96 108 109 163 183 121 161 155 74 254 227 96 192 131 95 207 111 65
    227 211 179 91 151 148 72 108 229 28 98 126 165 207 93 62 122 66 32
    35 35 25 120 161 75 119 22 250 77 253 11 21 219 91 227 85 9 27 181
    30 132 14 8 239 203 169 48 4 115 32 80 84 148 235 10 176 141 239 181
    196 132 13 40 65 25 136 7 251 34 235 66 173 36 201 86 102 177 129 12
    151 184 237 112 130 87 245 24 23 242 236 192 180 52 189 30 129 250
    38 114 141 147 243 67 240 80 248 47 140 195 54 162 78 113 237 9 152
    107 182 69 250 118 196 8 220 78 207 12 152 167 60 60 78 84 2 90 162
    33 77 244 100 129 43 237 251 239 63 187 157 79 15 39 203 32 154 215
    239 73 137 230 113 2 216 163 3 224 190 224 7 189 180 63 53 166 210
    136 81 218 82 75 243 203 70 178 132 218 122 57 32 79 170 20 105 182
    221 91 169 213 20 4 106 59 29 221 212 129 41 68 147 31 107 224 25 43
    171 160 191 177 32 37 127 104 210 121 144 15 227 3 196 74 117 192 29
    165 127 42 226 241 154 122 163 6 108 85 65 193 202 29 154 124 124
    108 167 55 214 87 214 54 48 41 249 43 238 100 166 234 134 62 190 20
    189 142 33 120 204 25 35 248 250 38 11 178 100 165 167 252 74 5 197
    243 29 202 244 168 13 85 63 5 234 82 103 220 38 98 198 173 128 50
    201 78 34 175 102 248 62 104 129 191 115 7 129 46 106 139 237 173 26
    243 95 212 209 188 209 18 114 188 150 149 68 74 17 5 46 67 48 154
    245 106 25 205 45 219 42 23 250 94 101 201 154 164 173 183 226 13
    162 200 20 163 110 142 187 197 221 157 158 124 68 73 96 230 213 172
    172 156 30 113 102 165 182 23 15 146 228 128 240 80 25 254 251 80 87
    159 191 171 230 9 12 157 242 125 114 176 195 13 6 50 17 141 166 65
    215 85 192 88 113 25 72 128 61 254 134 245 102 33 0 241 124 81 29
    109 120 239 223 176 14 46 178 26 18 242 187 131 127 163 69 240 174
    48 242 20 71 37 26 238 163 184 56 114 7 136 159 164 74 64 82 208 157
    111 236 19 64 86 12 144 133 25 232 178 131 12 90 106 44 75 21 164 37
    133 220 43 253 195 82 57 27 252 209 188 118 169 237 254 143 109 245
    152 221 239 90 88 88 119 6 82 94 170 189 168 156 148 247 60 24 167
    41 118 107 191 69 83 4 119 170 111 249 97 107 195 44 232 164 233 168
    127 142 102 116 143 216 41 242 230 238 114 232 194 198 78 12 58 175
    23 173 246 162 229 70 39 77 97 165 85 28 252 31 253 47 24 176 191
    221 199 65 7 143 83 33 186 51 22 216 71 38 246 17 242 246 110 233 15
    35 206 78 110 119 170 214 122 105 85 143 118 151 80 150 67 200 192
    42 85 6 58 251 78 118 23 81 167 51 123 222 71 104 133 34 52 248 192
    57 61 151 203 119 169 188 116 241 143 157 70 45 126 84 6 76 116 165
    213 113 90 71 153 114 106 191 29 238 81 85 102 8 10 111 212 68 122
    107 216 226 61 55 201 115 133 146 53 226 5 193 195 228 213 97 225
    214 252 120 228 214 55 185 25 118 183 11 141 60 153 99 153 133 118
    176 224 126 135 51 156 23 154 77 73 69 130 192 170 109 25 246 75 228
    234 217 162 125 144 30 154 16 106 192 27 191 25 236 173 76 36 24 146
    76 152 86 66 152 230 166 188 115 26 110 41 240 230 196 211 31 193 60
    232 80 183 10 237 2 117 51 229 1 107 157 123 186 42 9 224 125 180
    134 119 52 190 18 31 70 161 253 24 161 56 162 173 155 93 23 132 2
    190 161 11 157 137 97 51 130 168 241 186 69 17 108 91 187 192 41 42
    0 44 214 185 75 155 68 18 40 144 102 210 244 21 80 45 210 171 177 80
    182 185 1 193 128 188 236 134 0 83 206 240 17 253 254 33 2 246 133
    152 36 210 211 94 179 171 77 201 97 156 112 235 29 181 243 245 108
    173 1 105 205 135 54 252 12 53 236 89 5 253 68 126 129 232 248 15
    251 16 212 139 122 208 27 222 127 98 83 116 178 230 251 230 229 109
    169 22 201 18 118 43 199 53 81 201 215 51 22 115 93 176 11 226 215
    219 37 72 148 6 155 178 251 7 252 49 109 200 229 54 90 131 199 28
    119 33 249 255 32 187 221 247 1 105 31 115 199 169 112 100 196 133
    170 125 182 8 6 7 71 8 65 138 106 93 6 101 166 223 134 155 161 28
    147 119 79 140 65 42 73 39 55 131 65 186 73 0 239 84 37 211 6 61 102
    30 99 38 210 90 232 90 229 72 26 87 71 2 186 177 142 147 21 140 73
    225 49 93 77 158 224 158 149 91 80 249 234 34 74 76 23 111 191 223
    123 241 19 174 24 218 103 241 32 57 28 44 123 252 41 156 40 177 82
    203 230 186 4 220 157 178 58 0 122 192 91 151 85 158 67 243 234 106
    144 136 71 104 120 26 185 63 238 142 30 59 37 184 212 26 77 190 244
    177 32 237 30 32 174 203 89 62 141 40 62 248 139 238 204 9 153 74
    149 239 9 9 214 180 11 200 101 175 209 48 103 200 220 194 109 225
    207 70 30 23 21 247 27 108 208 211 58 70 49 146 59 135 193 9 6 8 36
    54 164 135 114 223 253 7 202 122 234 109 236 212 26 232 101 243 13
    226 156 7 154 216 197 28 143 225 197 39 61 230 12 58 250 32 31 41
    113 214 200 42 238 105 117 188 3 85 156 143 138 227 120 155 199 66
    240 12 26 44 242 56 215 187 117 247 191 47 95 235 35 14 39 185 27
    148 217 156 254 231 246 146 160 231 247 248 156 128 37 39 207 39 5
    192 13 161 127 248 160 219 171 4 209 159 254 161 7 182 182 156 109
    152 87 248 48 233 40 70 44 5 105 99 213 56 247 168 162 241 115 233
    151 107 176 255 212 184 10 219 216 107 3 136 223 93 103 65 166 229
    28 45 42 127 54 131 173 95 99 90 31 236 177 152 82 220 138 64 206
    124 224 116 160 10 81 230 157 179 252 100 121 68 79 214 252 70 72
    122 152 20 28 34 205 225 11 249 16 191 79 157 164 211 113 114 252
    228 50 11 41 1 137 7 74 250 191 82 165 251 206 200 43 27 64 249 21
    237 81 161 88 51 193 157 175 88 126 95 39 93 70 139 121 195 248 183
    42 20 37 61 102 146 251 18 77 57 214 25 22 109 226 158 21 178 127 6
    176 196 24 104 85 15 165 146 58 61 61 18 121 8 140 52 43 247 53 148
    173 243 58 87 210 101 213 83 133 229 250 159 200 226 149 235 203 222
    232 84 167 189 169 191 131 155 104 231 195 160 82 101 138 83 201 65
    170 195 98 14 145 181 39 216 21 104 102 1 28 45 7 111 171 36 249 87
    25 1 169 226 216 217 124 8 200 226 18 85 220 64 227 55 217 248 152
    121 219 160 206 147 80 70 22 226 252 115 20 207 232 138 232 133 146
    59 180 224 77 56 220 20 1 55 57 71 217 9 251 125 101 93 21 234 0 24
    249 181 75 152 1 59 226 81 224 190 149 192 67 132 49 183 226 211 82
    125 4 1 112 179 73 219 71 236 209 186 147 97 177 60 147 71 0 24 103
    130 184 75 183 35 66 70 45 168 219 173 208 112 210 251 92 175 160 35
    24 165 237 195 37 55 149 145 169 49 65 140 17 229 131 46 20 104 237
    49 37 23 141 236 2 144 251 135 188 166 101 222 94 150 148 171 64 196
    191 18 30 216 132 214 188 117 84 18 100 28 30 74 215 35 138 120 252
    16 10 131 49 201 221 197 138 1 153 249 108 70 104 188 237 138 236
    149 8 191 253 211 28 212 35 189 157 107 227 94 155 117 140 242 251
    87 32 64 35 161 66 189 94 10 183 246 99 42 210 192 103 89 53 20 104
    170 252 238 158 143 245 206 227 167 195 91 127 121 31 65 65 31 116
    254 45 249 196 192 13 162 224 148 243 231 146 227 91 130 155 192 115
    242 143 194 143 72 117 17 40 194 128 41 121 254 226 2 143 190 76 229
    21 92 174 18 5 215 241 7 138 222 241 169 71 79 44 168 160 241 168
    163 4 225 126 211 31 134 169 50 62 130 53 96 172 213 215 193 71 133
    175 156 224 191 215 79 173 243 177 93 159 50 47 87 80 14 104 128 130
    206 212 155 58 240 174 160 250 141 30 211 179 123 112 204 186 237 1
    34 224 205 7 138 174 244 5 52 143 149 134 162 54 203 187 237 253 112
    208 216 238 10 162 224 238 19 96 131 171 106 220 154 117 230 86 177
    15 31 123 45 214 27 123 60 88 97 87 78 25 18 93 73 23 108 193 211
    183 113 40 59 98 5 239 4 213 239 230 28 68 131 248 209 1 77 59 152
    151 33 244 151 252 216 78 120 64 14 92 74 167 122 133 119 192 246
    217 136 104 202 22 208 175 41 119 5 8 232 160 223 34 243 72 213 56
    229 24 41 49 23 57 179 255 37 28 105 208 199 87 13 135 137 208 137
    155 235 125 180 235 73 209 103 61 113 158 133 169 119 170 216 252
    154 24 15 138 75 4 49 110 228 250 232 126 194 189 22 23 16 143 20
    208 251 133 116 223 244 188 233 180 115 243 239 45 14 54 65 151 54
    90 113 42 10 8 71 148 25 128 128 22 156 50 127 224 132 92 192 159 86
    120 121 31 33 221 91 188 239 221 190 99 8 186 192 145 223 245 41 34
    191 162 240 166 49 84 120 202 96 176 51 67 65 183 48 201 31 2 239 4
    144 20 226 239 104 64 1 97 108 37 43 200 115 117 205 180 205 107 218
    149 76 75 255 32 33 8 28 189 211 144 91 82 45 60 228 99 116 217 31
    192 188 212 106 50 14 99 140 70 110 66 32 45 25 154 110 106 186 28
    211 61 241 140 86 183 29 135 37 5 230 187 163 192 26 234 166 234 220
    131 65 62 61 7 61 59 85 193 144 6 69 54 200 97 38 169 39 120 40 120
    34 215 171 85 44 130 203 34 144 200 49 11 70 73 175 173 156 238 67
    117 104 118 190 90 77 176 137 136 177 164 128 231 105 19 173 78 222
    78 153 96 130 20 106 212 148 130 189 171 238 177 77 79 224 25 244 36
    236 137 145 130 167 70 239 22 119 169 97 23 218 29 224 192 195 222
    158 211 78 251 95 41 209 72 87 241 62 229 31 186 207 62 48 255 5 125
    154 81 164 189 18 130 28 178 143 46 190 37 132 214 87 175 170 2 121
    160 231 90 160 18 120 216 224 127 107 209 22 138 176 10 55 229 201
    198 128 228 109 146 164 59 237 51 118 119 175 224 219 249 113 138 99
    17 218 250 134 168 219 214 202 196 251 146 84 204 255 8 191 194 54
    125 214 128 46 15 240 215 185 17 129 14 141 66 210 224 13 193 182 30
    179 236 1 212 222 29 114 204 119 96 58 85 195 245 31 179 104 170 236
    16 79 48 112 140 245 229 234 90 79 47 149 219 214 119 186 201 218 84
    57 160 138 53 82 67 176 171 63 228 4 20 122 139 115 134 212 82 227
    133 217 113 118 104 117 188 227 160 108 55 222 120 19 99 181 135 225
    106 72 177 232 129 33 183 2 216 141 128 5 4 39 170 24 85 248 13 67
    136 131 106 146 67 222 132 72 229 7 157 95 4 138 221 133 112 188 186
    26 99 111 138 163 182 39 196 87 90 137 101 253 54 237 86 124 48 65
    36 31 44 27 3 64 215 232 167 33 64 25 150 18 104 187 3 29 167 140 60
    132 55 224 253 21 119 109 100 255 215 174 221 29 246 127 215 43 25
    72 103 247 238 26 149 187 69 103 184 29 13 156 5 113 110 31 150 177
    147 47 176 183 214 27 170 24 223 1 51 155 21 54 131 95 58 19 181 182
    230 240 102 113 219 2 245 6 34 155 137 79 21 73 123 118 189 249 95
    239 91 157 187 119 183 149 179 4 21 4 14 54 223 106 218 229 6 96 40
    251 112 147 20 189 128 95 239 19 12 251 34 145 155 70 188 173 3 134
    139 173 16 206 124 71 237 94 202 236 64 247 66 188 222 21 154 254
    130 49 171 176 174 132 183 48 61 15 158 193 237 7 82 183 210 5 89 41
    254 75 45 155 119 172 194 127 114 15 16 150 221 233 139 203 154 80
    207 69 192 164 140 177 156 206 38 34 255 155 250 251 224 193 252 78
    7 94 82 127 218 203 229 11 34 150 236 42 247 146 52 25 235 20 76 237
    61 222 85 151 44 187 107 205 177 251 43 242 56 130 207 167 135 80 21
    4 106 237 236 162 250 236 28 30 25 205 73 124 81 40 141 51 25 43 144
    118 183 220 112 103 63 105 197 187 18 108 57 0 227 234 140 245 199
    164 107 204 254 180 3 224 32 49 224 143 42 90 220 65 17 147 84 53
    184 23 58 179 26 56 112 193 160 230 70 160 13 126 233 42 98 82 125
    49 1 240 123 197 213 107 228 220 185 139 139 151 92 250 54 83 236 16
    144 210 122 202 241 10 19 202 244 190 161 47 255 76 42 139 46 27 95
    244 162 73 127 26 155 42 73 62 247 121 44 120 6 150 22 109 211 5 233
    46 87 183 16 51 137 41 116 9 213 112 213 108 205 166 142 240 241 130
    16 158 44 18 221 41 201 219 196 210 14 216 190 83 115 191 214 154 41
    145 239 238 209 230 187 1 47 21 188 232 90 118 201 147 92 66 121 224
    0 238 89 173 248 88 58 248 114 108 209 15 9 79 226 171 17 93 245 117
    107 1 112 132 91 86 164 240 186 220 162 220 118 86 217 4 225 105 235
    169 233 228 54 184 87 45 200 30 239 52 102 192 110 9 33 183 41 143
    148 138 183 203 214 129 2 245 150 19 133 147 11 222 70 73 58 95 101
    32 41 242 29 94 85 138 82 177 177 150 231 150 214 51 213 173 183 127
    95 225 21 87 185 26 61 215 161 88 178 41 124 54 149 49 186 45 217 84
    243 138 5 238 15 205 7 93 164 29 28 140 248 43 34 222 134 141 60 126
    45 116 122 212 153 219 50 81 220 251 154 231 66 74 85 101 79 233 225
    7 56 97 193 0 218 65 147 4 148 102 153 133 149 7 133 45 161 154 89
    240 251 113 15 60 163 213 133 111 211 54 51 210 72 1 70 86 217 141
    200 77 83 163 192 12 27 6 138 227 157 116 195 248 245 15 83 56 240
    221 198 123 180 228 70 18 220 215 137 65 171 182 185 46 18 7 136 128
    113 183 201 250 118 119 68 231 251 206 26 44 219 189 31 15 187 255
    82 233 227 204 210 91 76 247 150 81 219 255 70 102 215 34 187 225 76
    156 223 109 26 173 198 181 247 164 165 34 143 112 82 250 144 190 137
    5 204 249 64 212 158 117 182 137 68 50 82 192 199 29 237 16 26 94 63
    50 196 160 173 224 217 231 233 140 222 206 18 22 91 107 3 164 32 18
    115 99 139 1 109 119 200 233 127 59 86 165 110 134 85 93 31 68 186
    253 152 156 193 23 238 42 146 140 214 40 235 59 77 194 244 44 159 3
    193 11 17 223 169 49 56 46 123 10 77 82 160 219 38 235 51 119 162
    146 74 63 6 48 20 201 31 28 54 136 126 110 155 245 45 48 229 120 17
    172 211 187 130 65 58 119 134 101 189 244 40 190 64 13 53 249 60 7
    89 59 166 149 179 152 93 251 73 71 224 144 15 237 11 155 227 51 82
    22 112 193 125 236 129 7 237 14 223 143 60 245 22 45 91 126 3 169 56
    136 30 96 215 53 140 249 15 160 106 221 202 171 190 191 217 241 77 7
    1 142 233 227 86 64 94 42 147 117 188 28 168 60 23 129 245 5 147 208
    253 115 133 77 135 113 150 16 121 30 45 215 37 213 104 162 80 159 73
    255 61 238 169 195 153 109 86 12 74 132 38 214 27 145 214 140 137
    114 206 39 55 48 165 212 79 1 60 124 182 71 127 183 53 19 247 209
    218 251 15 132 40 124 70 77 146 128 172 20 57 230 82 227 58 68 88
    228 163 176 139 228 134 251 78 48 38 143 244 1 71 195 27 224 99 124
    248 85 147 135 126 209 167 38 234 53 12 138 87 190 101 55 10 23 220
    39 65 12 176 60 113 178 67 150 22 62 79 169 132 184 59 107 78 241 90
    53 251 254 12 155 151 86 159 48 24 194 57 178 216 66 95 127 161 57
    142 48 196 85 250 135 69 243 67 73 254 93 146 93 168 221 158 186 214
    150 1 97 98 194 6 139 223 12 159 47 120 182 226 23 185 103 33 241 6
    35 27 44 57 193 232 143 230 204 156 145 31 16 132 27 161 146 57 178
    13 189 65 98 172 80 180 13 14 174 217 29 96 73 140 203 123 66 109 95
    40 119 161 68 198 152 196 142 116 243 9 70 37 44 135 105 214 3 96 94
    55 252 58 121 1 129 228 64 202 149 158 19 52 102 194 227 193 150 240
    172 128 62 14 186 40 213 237 207 152 169 252 1 104 74 126 143 78 98
    58 131 184 224 163 0 143 252 214 114 220 20 225 79 152 152 92 219
    112 145 126 123 218 2 120 228 85 155 49 177 1 197 121 138 71 3 4 159
    41 214 45 224 72 123 230 129 74 146 201 36 76 198 159 145 134 132 77
    10 254 213 119 91 94 59 239 173 218 104 34 84 49 57 53 62 130 89 215
    223 165 187 87 57 192 46 169 9 15 68 139 134 63 191 209 109 183 15
    32 2 134 196 219 11 44 21 159 162 197 173 186 192 68 89 171 241 127
    89 215 70 26 113 160 4 31 162 25 132 13 229 207 4 250 131 255 11 175
    108 53 247 53 108 209 163 36 176 202 75 38 62 192 47 83 62 100 154
    59 151 191 184 20 16 52 68 233 181 83 212 224 136 24 105 184 163 233
    20 124 87 162 27 9 227 247 151 190 117 126 126 40 216 152 117 175
    189 17 32 89 69 38 197 1 65 80 232 232 208 178 210 169 37 37 108 128
    57 236 95 119 130 213 168 152 181 24 234 47 132 81 71 103 61 224 65
    187 219 2 116 117 113 252 29 5 44 7 128 213 161 156 144 66 87 69 224
    216 121 237 136 204 254 7 69 108 205 212 162 186 160 69 24 162 173
    140 59 143 228 11 125 115 65 202 124 54 131 197 19 145 215 193 58 8
    187 202 217 147 187 49 232 19 127 218 177 134 251 131 0 235 89 222
    113 134 96 202 56 29 48 161 122 106 53 28 70 220 151 194 241 103 178
    116 117 142 44 86 81 137 201 112 121 48 121 238 251 217 160 193 216
    7 154 120 26 155 248 48 46 49 10 222 45 172 57 119 207 250 57 196 51
    61 208 202 37 222 162 169 113 239 11 228 83 213 94 143 93 117 196 10
    25 235 249 233 47 214 69 231 155 149 3 43 53 180 104 234 134 168 136
    128 67 224 203 10 60 226 209 216 242 55 236 121 38 200 171 35 252
    137 177 90 208 22 231 106 147 198 251 255 17 241 119 11 7 72 83 152
    195 141 243 180 209 87 9 160 112 169 236 127 216 117 176 79 174 192
    171 22 55 126 81 150 216 50 131 208 234 174 181 54 90 13 134 235 215
    224 153 184 112 27 67 57 122 41 206 35 4 253 164 188 236 3 255 114
    233 245 124 106 38 59 213 39 169 109 209 201 201 17 206 186 179 71
    25 217 52 232 233 3 180 108 65 243 14 108 175 241 15 63 249 90 240
    11 46 232 255 66 178 168 174 83 198 236 213 4 132 189 203 80 12 227
    107 122 117 227 81 79 111 245 170 140 134 123 211 214 125 23 106 235
    179 82 79 233 238 132 106 112 50 216 97 190 111 206 190 87 130 234
    55 69 247 0 244 78 94 221 207 57 51 237 107 123 246 171 142 142 180
    246 75 215 225 193 232 105 197 123 55 165 197 185 54 157 43 25 172
    125 239 141 125 232 176 206 121 146 55 85 115 18 6 222 8 33 79 74
    147 61 34 57 247 78 98 80 212 235 144 22 18 86 251 163 142 77 106 78
    56 7 27 113 209 85 171 49 145 93 254 54 46 2 248 50 80 232 45 53 253
    227 190 177 206 98 116 42 167 117 208 55 79 112 232 176 244 179 19
    46 249 93 245 191 187 117 226 231 252 36 138 125 86 178 147 110 193
    34 163 28 110 116 137 37 49 55 60 242 13 143 39 241 129 237 246 110
    167 50 23 40 78 63 50 52 86 9 132 195 62 57 140 129 153 136 119 45
    15 108 197 83 236 19 72 234 228 9 213 222 148 100 113 73 0 184 212
    176 193 56 175 186 140 181 195 168 203 51 86 73 66 232 1 62 87 67 64
    136 219 121 23 67 81 113 15 92 242 26 107 45 165 100 110 156 122 190
    225 149 243 75 50 207 142 189 122 53 169 88 247 140 33 247 101 230
    149 239 94 192 116 206 114 103 106 134 106 89 107 19 139 216 51 121
    251 3 206 205 58 117 227 77 113 139 16 210 22 200 232 174 72 93 150
    51 154 77 71 136 88 6 184 96 226 24 115 69 174 151 134 166 24 233 20
    181 108 1 89 103 59 234 51 30 146 199 88 114 19 7 221 118 41 241 237
    178 213 211 232 133 185 116 241 107 139 207 243 10 176 127 170 218
    43 244 248 112 238 122 198 66 207 252 105 155 218 188 153 14 162 214
    100 70 195 148 247 142 151 86 115 28 64 5 202 216 198 187 66 254 103
    74 44 149 184 87 105 2 225 108 249 59 160 233 142 146 79 123 118 182
    71 26 224 96 250 112 83 99 218 45 106 129 236 133 216 246 213 102
    210 114 215 67 198 111 56 13 60 115 241 234 160 166 148 21 50 118
    114 57 78 77 105 29 241 74 233 172 152 107 236 254 215 204 236 196
    111 76 148 236 60 18 161 173 105 40 134 148 148 54 20 1 104 27 88 58
    84 35 174 217 21 170 182 34 29 92 42 5 73 93 19 122 130 48 206 243
    112 39 47 153 110 247 19 89 95 208 20 60 201 70 39 11 20 137 162 253
    85 230 24 234 60 32 235 194 44 140 108 124 56 136 74 178 212 240 6 8
    144 189 119 80 190 205 52 161 168 111 106 183 60 102 1 42 170 184 55
    41 71 182 40 115 83 195 133 9 101 174 219 2 197 207 28 221 206 210
    185 195 244 142 228 200 51 108 14 136 114 27 196 175 117 209 67 105
    107 237 226 228 129 106 22 46 111 142 195 131 220 157 186 135 173 80
    64 241 30 114 231 65 125 25 128 35 228 221 135 138 219 185 166 145
    138 223 157 149 209 173 208 37 116 153 227 252 230 95 115 45 125 203
    108 195 195 79 199 12 32 79 32 218 131 182 32 137 27 25 158 167 247
    16 129 138 185 215 237 105 2 76 141 242 146 97 32 41 242 53 34 127
    219 62 162 16 107 196 210 127 111 88 167 142 239 53 1 17 97 248 13
    122 234 152 245 83 106 56 172 9 51 232 11 222 196 6 49 221 110 147
    22 251 125 143 117 56 103 252 83 6 206 142 252 213 173 43 236 193 9
    66 50 15 207 221 195 187 78 42 27 65 196 13 178 187 131 197 165 178
    226 86 27 79 20 158 133 168 72 251 251 212 7 212 39 254 28 213 206
    24 160 170 215 124 51 13 215 92 168 19 30 235 48 14 38 193 71 120
    200 36 156 216 29 19 46 26 254 219 96 117 232 239 192 87 109 252 58
    70 25 166 215 153 51 176 233 195 124 155 0 96 215 235 165 29 81 183
    176 1 240 143 122 25 27 12 39 82 131 244 142 138 60 97 11 22 0 204
    44 215 134 115 4 4 33 2 124 239 218 38 175 209 190 64 191 148 73 154
    153 143 47 93 223 66 168 44 148 255 172 167 63 71 82 222 108 93 35
    100 152 121 137 182 226 149 231 216 18 161 162 139 207 78 104 62 43
    64 230 58 215 162 232 6 3 37 22 208 202 174 157 187 178 235 63 204
    171 64 98 217 194 38 254 212 129 139 117 231 136 72 212 154 238 155
    66 158 180 29 157 118 181 123 99 173 102 103 74 123 99 202 33 129 11
    204 129 74 196 238 231 118 23 80 225 64 72 38 189 27 243 172 211 165
    219 213 217 104 88 42 233 191 200 172 208 187 117 125 73 8 248 205
    78 172 132 50 204 44 190 6 22 173 241 165 170 43 84 224 253 168 237
    95 175 134 110 47 37 236 125 162 120 89 87 46 78 31 29 121 37 123 96
    111 203 81 241 68 15 190 4 57 226 18 59 160 44 217 132 231 137 102
    97 24 0 2 174 114 188 120 54 91 120 98 74 230 87 155 247 150 48 203
    120 8 180 191 128 30 224 54 173 144 242 11 177 65 54 173 98 245 170
    109 212 238 167 96 127 21 112 72 12 146 172 220 230 220 106 50 79
    100 49 78 227 121 13 144 114 193 89 9 148 93 15 170 227 39 71 6 24
    86 250 32 133 33 17 143 246 107 87 110 165 94 112 138 60 132 152 106
    62 129 27 86 76 43 174 69 65 12 192 174 77 152 206 87 191 10 96 15
    209 41 15 192 40 78 27 47 27 196 96 28 183 55 241 31 235 182 133 161
    223 156 196 207 78 229 218 101 200 8 230 104 58 246 94 90 247 221
    236 110 131 143 130 46 90 50 103 243 170 196 192 43 251 169 115 67
    177 72 115 132 36 10 149 94 112 203 10 52 120 15 96 33 143 90 187
    180 31 41 229 116 247 215 189 5 27 230 18 131 54 195 239 59 98 69 64
    233 33 184 148 52 143 248 82 187 231 25 139 77 180 26 243 175 91 155
    80 32 82 85 62 125 11 34 242 141 224 250 199 176 59 35 154 132 242
    177 151 72 209 176 225 58 247 168 5 214 66 86 114 162 116 94 155 137
    20 137 171 177 193 172 18 232 72 141 82 113 140 234 159 191 126 85
    75 26 161 110 213 252 210 18 61 181 182 79 133 185 125 137 146 106
    175 202 142 118 82 240 94 170 143 200 202 101 172 74 226 237 75 21
    193 48 253 244 233 94 228 135 107 192 136 160 230 198 220 173 38 241
    208 137 195 10 94 0 248 93 119 117 102 197 99 32 214 224 62 175 172
    54 122 237 204 244 46 72 226 165 253 190 117 61 172 149 148 168 126
    165 156 188 179 223 153 95 213 105 120 105 226 61 193 111 202 148 95
    169 161 205 90 78 122 211 238 99 161 206 29 202 151 112 153 158 153
    182 176 73 43 55 247 248 145 56 8 215 67 107 78 233 161 78 141 142
    194 17 202 106 173 231 188 41 1 38 26 178 28 53 112 140 63 85 133
    191 219 42 221 149 11 244 211 207 90 38 176 93 127 23 101 49 182 223
    35 49 220 72 154 88 39 216 254 93 90 237 15 137 254 58 181 119 205
    229 79 220 17 118 133 26 46 35 178 1 72 5 154 70 99 10 108 96 51 97
    16 71 242 14 72 205 35 162 15 69 255 128 253 83 153 229 130 90 210
    131 0 50 219 147 114 95 186 88 9 197 159 6 2 178 177 150 214 36 178
    95 213 166 255 147 222 40 184 104 118 193 37 253 8 134 224 206 244
    149 13 154 170 242 45 85 218 134 220 21 220 44 3 213 245 224 207 203
    55 90 248 220 21 164 195 237 210 213 138 129 74 246 90 181 80 207
    160 12 68 15 1 227 243 205 236 244 92 64 211 23 36 36 74 132 246 225
    213 178 11 138 143 30 39 32 30 2 103 245 215 138 103 32 189 30 158
    175 231 158 255 201 167 51 149 75 132 63 200 232 39 200 41 83 100
    135 93 83 67 7 68 239 11 113 203 169 197 208 99 176 246 118 196 90
    169 38 68 199 79 170 56 183 102 144 191 68 205 88 25 207 162 88 114
    153 182 241 111 191 122 151 111 37 137 241 153 206 10 202 111 231 48
    12 78 118 166 163 0 46 69 125 226 147 47 150 225 53 36 18 221 100 66
    130 194 249 147 191 5 90 108 154 174 60 13 168 105 220 140 195 40
    166 138 181 103 214 36 23 88 121 190 97 41 48 119 173 215 117 39 207
    126 41 60 74 239 221 72 57 15 194 121 216 173 39 11 12 119 1 70 246
    125 221 67 97 206 201 225 147 242 95 224 175 186 174 211 63 121 170
    41 53 200 82 57 154 199 26 6 132 189 184 30 121 231 232 45 171 104
    46 41 255 53 228 36 182 224 123 43 218 95 77 91 131 210 231 109 86
    114 61 0 163 81 142 114 164 65 209 47 102 56 1 65 146 52 84 226 201
    202 149 6 16 68 54 170 124 150 195 232 251 139 104 136 197 164 179
    62 206 172 126 212 34 248 69 157 29 44 30 2 148 169 226 75 195 156
    232 187 8 231 72 17 30 253 96 47 157 100 209 198 137 85 171 198 68
    102 72 138 139 118 195 49 209 194 199 226 91 28 213 181 45 248 152
    130 5 146 89 157 201 41 215 14 58 24 157 98 112 125 43 207 167 208
    101 167 228 40 169 211 219 217 219 65 175 123 251 41 120 203 149 28
    163 95 199 134 102 246 154 234 214 149 35 13 245 209 127 89 145 172
    56 253 35 205 107 21 116 38 181 223 19 25 68 182 30 53 247 224 188
    198 83 54 172 166 139 103 225 162 235 229 173 76 249 140 124 25 236
    63 4 93 76 187 173 186 236 218 30 140 163 87 248 156 64 11 149 44 62
    163 35 190 63 199 2 157 238 191 11 254 190 26 130 219 135 206 136
    126 31 170 75 73 232 126 19 128 216 31 2 205 185 95 192 102 233 25
    220 245 237 235 152 52 164 247 242 198 241 66 159 191 19 115 87 197
    235 146 105 250 134 50 35 43 108 18 184 125 132 67 185 106 240 33
    190 199 169 9 27 150 139 97 19 44 132 236 62 114 121 249 37 11 137
    200 133 42 176 92 77 130 132 208 105 122 101 102 156 98 88 224 68
    215 69 185 186 224 66 242 171 61 244 132 145 79 101 101 243 181 86
    177 187 84 224 6 132 137 132 179 27 113 130 2 87 180 143 54 11 173
    50 96 155 188 131 205 96 56 131 232 99 213 215 122 186 79 201 144
    160 140 151 199 10 61 20 143 34 124 103 225 203 7 41 218 218 222 38
    209 144 198 230 14 255 226 14 252 224 187 145 141 212 203 229 19 236
    45 65 183 237 153 173 93 174 46 86 246 224 123 20 91 123 242 180 229
    22 111 110 31 41 4 112 116 142 200 141 186 48 24 244 121 58 13 155
    81 243 155 180 13 9 122 76 121 45 155 175 29 186 149 145 79 75 63 38
    142 150 54 150 224 148 99 188 37 132 64 19 15 150 105 199 237 237
    131 39 194 155 220 118 211 178 233 95 104 186 120 252 234 164 103
    137 27 103 60 173 123 229 30 45 147 240 53 255 28 89 18 156 40 193
    140 54 201 110 98 112 183 235 12 165 44 41 173 40 26 2 145 239 64
    245 81 75 231 31 27 230 235 159 72 101 200 96 166 236 202 142 92 137
    37 120 7 226 177 173 15 166 150 111 134 158 58 172 89 149 199 164 26
    175 119 62 144 10 148 160 224 130 225 219 137 233 66 157 179 2 221
    10 138 22 58 143 153 10 123 85 132 81 114 74 198 151 93 96 163 173
    68 103 182 88 100 152 44 243 39 75 79 117 52 110 145 113 188 70 218
    157 212 120 70 138 151 62 185 92 202 88 176 119 252 255 217 194 143
    236 150 125 154 249 132 193 233 155 103 18 127 238 86 155 158 91 186
    122 180 91 58 15 33 29 13 146 97 52 170 248 188 108 103 242 44 104
    125 74 74 76 19 150 125 135 179 17 153 124 179 31 67 86 3 153 193 1
    184 133 31 211 189 92 237 153 91 134 96 133 92 127 99 87 27 22 30
    221 186 84 28 51 161 34 17 212 29 183 62 152 240 121 11 41 26 7 77
    32 217 156 244 35 207 169 239 240 35 142 214 140 15 235 153 69 146
    180 45 39 57 219 9 88 143 149 46 145 113 125 56 91 238 172 79 76 3
    27 4 66 198 75 88 2 116 218 126 242 146 130 65 172 92 126 34 141 217
    160 228 185 250 143 101 3 197 208 110 187 123 145 214 104 213 2 171
    189 158 77 219 250 96 195 99 125 246 81 86 130 241 6 51 110 123 93
    96 181 184 239 11 238 161 200 85 216 140 154 101 222 162 216 248 116
    23 155 6 229 65 252 82 100 3 25 225 236 185 94 125 190 126 245 194
    89 60 239 71 25 223 163 34 37 244 149 30 77 44 248 61 66 89 111 1
    139 197 51 65 219 177 3 216 227 239 11 10 165 56 146 196 169 18 247
    11 130 104 19 18 151 171 196 233 232 95 186 195 32 223 38 245 191 26
    123 66 6 68 226 190 41 178 22 195 7 70 250 174 237 187 194 95 98 197
    72 141 218 247 38 137 76 119 6 37 186 194 22 115 192 247 222 139 68
    121 95 24 166 170 254 30 227 98 109 152 216 7 111 157 31 140 86 216
    10 1 221 7 33 81 72 137 186 249 241 74 196 187 236 170 31 26 197 151
    126 170 45 66 115 232 229 214 127 45 89 42 221 210 148 68 48 64 129
    212 13 157 215 214 181 253 108 210 100 250 63 246 234 35 254 166 184
    216 49 67 33 43 249 29 128 95 177 93 178 8 109 222 93 52 72 201 240
    181 165 155 190 180 20 51 172 155 101 34 172 77 8 196 214 127 11 189
    124 85 165 88 167 61 90 71 82 27 109 249 189 221 50 94 50 53 31 245
    185 3 113 135 69 157 20 15 132 216 241 158 107 53 73 243 239 27 251
    55 57 173 88 159 190 238 195 147 179 41 66 246 168 63 13 111 131 134
    71 207 2 63 189 47 46 217 64 71 225 108 34 13 181 186 234 219 25 228
    166 180 177 108 35 200 216 25 40 107 225 105 203 15 39 135 44 182 67
    84 235 111 251 113 236 181 165 52 157 44 111 247 132 6 73 238 117 68
    204 246 10 170 80 186 117 128 177 240 58 138 19 181 130 97 229 190
    217 216 64 200 61 222 232 52 227 172 61 170 240 58 112 39 230 3 83
    151 245 149 152 239 81 126 252 47 174 102 252 250 222 200 235 108 91
    91 232 225 79 37 108 187 42 10 41 182 232 207 157 226 123 179 77 124
    185 145 119 22 80 73 23 171 105 50 188 80 11 127 152 180 208 133 21
    65 152 28 231 250 11 221 154 181 18 231 138 252 53 250 81 146 206 92
    230 74 56 239 120 247 194 181 165 214 210 141 123 18 27 110 127 167
    0 3 32 37 211 9 214 51 100 47 22 195 38 181 17 239 83 145 70 81 148
    31 54 138 96 244 143 200 33 83 199 42 12 32 139 240 154 148 67 223
    91 178 67 134 133 232 131 81 149 87 0 197 18 3 153 8 217 48 161 114
    111 47 237 21 172 80 21 56 134 222 158 254 83 12 159 43 106 135 80
    157 25 41 230 118 214 60 150 148 208 138 91 163 132 49 136 1 92 28
    93 104 172 0 187 49 123 149 24 114 183 224 66 24 38 157 48 211 5 161
    140 160 25 156 201 236 175 192 20 117 71 36 2 114 215 247 30 111 45
    33 133 5 119 54 220 224 175 123 77 166 200 131 249 71 10 187 49 29
    78 182 135 92 198 176 78 162 137 219 227 111 194 249 231 216 157 56
    228 1 23 92 200 45 164 12 239 56 163 89 251 211 119 54 206 169 89 33
    247 221 174 136 29 79 203 254 18 141 55 168 243 131 59 44 232 151 70
    66 166 66 125 48 168 152 201 204 182 72 70 118 213 57 61 200 208 0
    222 133 175 92 89 138 12 130 54 207 197 139 136 83 66 193 205 23 231
    8 5 80 22 230 145 34 174 47 176 2 249 12 170 170 80 37 139 217 144
    99 12 163 45 61 97 252 86 42 164 186 49 154 175 118 137 56 137 170
    219 176 7 207 17 194 245 98 251 221 151 234 146 81 130 13 225 218 13
    83 28 39 168 124 172 87 31 246 54 180 86 104 249 57 9 51 3 99 60 113
    75 154 224 61 132 145 180 84 215 162 208 14 147 103 44 240 145 173
    84 129 216 86 3 228 116 250 72 79 178 85 92 49 55 131 111 118 252 16
    128 130 56 120 111 96 165 186 44 52 166 246 11 122 125 20 76 26 252
    242 1 12 151 40 143 62 106 215 23 31 229 148 252 94 134 43 244 253
    97 186 116 58 74 54 197 56 202 74 152 192 250 36 162 185 52 88 235
    248 146 152 28 133 94 11 110 47 3 117 232 197 143 20 16 130 182 76
    175 163 77 41 109 222 201 189 233 71 199 247 173 119 249 224 82 251
    223 62 146 231 71 54 158 14 67 151 51 197 202 180 44 215 105 252 153
    158 125 13 32 101 169 79 7 92 174 142 190 32 95 187 174 254 126 196
    106 201 247 187 34 138 51 42 38 33 19 57 80 94 215 193 6 73 235 200
    151 206 224 90 70 37 171 94 90 207 115 54 94 36 169 124 28 114 155
    127 45 2 250 198 236 171 108 17 213 113 194 100 91 104 238 141 169
    149 197 245 70 77 209 24 109 90 157 171 58 151 1 127 251 67 60 161
    213 181 146 248 98 199 209 37 64 92 118 140 233 240 184 26 240 244
    239 25 156 40 18 176 118 203 244 29 137 196 5 227 73 56 254 75 126
    58 207 181 105 26 106 252 25 104 128 204 83 5 50 112 206 85 191 55
    236 64 38 70 255 245 188 88 104 166 74 96 52 191 233 170 220 188 62
    221 119 55 93 39 164 190 235 90 79 235 118 168 245 161 64 90 247 252
    207 91 94 92 65 229 111 46 112 95 152 210 247 239 115 80 19 166 84
    28 222 17 57 108 89 145 62 221 178 45 128 60 192 3 7 116 184 140 164
    101 111 45 164 236 121 70 221 212 88 56 160 213 156 189 169 101 77
    216 128 53 204 213 54 32 235 78 232 231 64 15 170 24 215 208 44 92
    145 39 87 179 170 219 197 67 205 40 108 150 184 83 44 152 134 115 65
    130 30 244 197 55 150 203 212 92 164 137 10 139 233 237 4 155 211 8
    94 193 231 25 86 21 134 81 189 4 198 178 150 90 34 33 88 164 165 220
    119 239 207 126 251 120 250 105 5 161 79 105 9 28 97 199 173 202 248
    91 243 66 3 8 165 96 1 206 52 186 205 60 177 185 155 233 115 14 106
    190 20 189 144 76 140 2 88 151 225 105 31 125 119 225 77 162 91 61
    218 178 238 56 9 65 163 247 97 91 243 190 197 140 218 246 251 182
    159 94 118 14 38 149 201 89 224 197 237 8 149 222 0 86 123 222 111
    217 234 100 19 253 81 165 56 187 155 59 125 84 148 128 163 67 8 127
    118 53 71 50 80 46 174 115 228 45 40 247 99 88 154 204 212 219 62 70
    12 193 11 77 19 120 47 244 116 128 173 36 1 83 202 112 94 202 208 46
    130 47 236 220 157 252 252 197 191 22 113 170 9 219 53 197 40 203 77
    204 77 104 175 142 0 205 64 113 105 67 44 121 117 14 118 150 165 177
    127 228 182 94 50 112 7 93 246 88 212 234 30 217 114 217 117 240 140
    74 75 189 38 194 102 100 119 22 2 248 220 77 106 175 209 140 230 47
    158 189 255 208 219 182 166 248 9 85 202 33 184 223 31 39 111 69 207
    73 11 52 52 206 65 91 114 252 147 84 182 74 244 112 206 154 61 231
    61 86 128 241 248 228 156 65 63 249 228 191 69 86 118 169 189 98 12
    47 164 139 130 169 79 134 21 134 17 60 153 201 242 248 107 228 88
    172 137 36 140 235 47 50 114 194 216 56 217 135 98 134 46 73 233 55
    163 95 12 123 77 156 204 62 78 86 181 26 29 77 141 53 179 130 96 232
    47 121 75 44 26 241 183 38 32 142 198 85 16 181 35 66 91 217 135 198
    85 166 228 47 31 33 177 82 37 165 204 23 29 212 38 222 175 164 194
    19 210 186 199 241 73 246 227 43 134 52 146 29 232 147 143 153 93
    116 147 200 168 159 142 43 45 183 40 168 96 130 189 38 71 76 131 133
    179 157 170 176 217 162 43 154 149 78 102 220 246 34 142 112 46 46
    86 29 49 40 177 211 53 69 248 63 128 60 201 175 228 54 202 209 11
    202 178 113 136 252 66 193 7 208 255 199 42 148 146 114 127 94 77 17
    229 43 236 80 57 130 85 52 45 245 50 175 51 198 160 173 211 53 95
    205 252 112 212 38 223 243 40 97 120 46 113 211 154 243 35 21 176 17
    140 170 228 208 31 195 125 64 132 218 144 254 20 98 47 219 153 236
    142 92 115 149 71 41 174 175 165 212 41 184 66 85 213 53 31 250 33
    56 34 193 226 30 182 129 88 147 245 195 91 85 3 160 138 242 142 113
    206 176 129 178 30 43 65 161 109 31 180 217 115 112 98 25 125 67 190
    246 221 159 232 3 75 31 145 123 143 140 4 82 107 249 140 141 50 214
    211 100 8 82 173 139 244 122 60 205 176 166 103 145 69 251 215 15
    240 233 150 95 19 27 202 57 125 69 188 216 52 39 7 176 135 177 104
    124 29 168 169 123 2 2 107 96 136 211 93 12 229 100 111 240 189 116
    183 48 142 24 250 148 162 168 115 83 76 103 16 253 20 34 55 151 202
    157 167 242 249 33 234 99 182 20 222 241 75 191 92 30 56 129 153 179
    19 18 49 139 46 59 190 242 59 26 157 179 92 59 49 77 40 144 177 119
    12 232 97 220 31 91 149 167 92 246 104 152 117 98 133 238 6 131 223
    12 184 182 44 230 26 2 44 140 19 114 34 18 215 36 16 10 103 113 95
    13 148 100 176 40 77 239 44 251 151 20 180 211 243 235 185 53 169 15
    154 69 184 97 195 18 51 116 50 218 255 46 167 27 92 90 12 40 247 233
    225 206 183 138 236 116 111 68 137 62 42 179 134 87 233 179 134 134
    173 75 13 172 61 169 207 150 135 174 105 151 172 137 22 22 97 195 70
    168 64 114 156 18 74 110 57 251 69 23 39 236 220 110 31 221 30 192
    61 24 218 78 132 1 53 53 209 232 154 31 67 113 29 27 130 58 22 88
    137 203 199 121 148 70 166 41 61 178 77 34 202 241 92 128 243 82 28
    71 66 9 118 9 107 238 99 128 219 97 156 6 201 28 89 117 177 252 124
    223 32 180 244 41 68 212 207 113 155 8 160 22 221 202 22 122 27 6
    171 175 107 253 19 31 161 168 255 146 245 222 87 198 221 133 126 127
    251 237 110 178 242 127 196 18 84 58 189 82 217 196 209 53 143 104
    244 50 186 236 92 249 106 144 92 80 207 101 92 27 220 152 217 176
    139 85 73 231 122 174 165 197 41 78 64 203 221 89 125 130 207 152 33
    141 121 195 226 34 161 235 21 234 244 199 109 181 192 93 168 2 106
    47 4 249 108 155 41 182 132 140 200 5 112 242 77 237 23 127 248 152
    191 32 162 135 234 191 86 170 60 162 183 161 130 193 219 6 0 197 58
    108 50 72 33 118 33 227 121 25 31 32 69 113 24 161 116 48 227 149
    153 81 96 159 208 142 81 87 137 201 38 51 142 123 215 164 30 251 190
    238 170 249 205 170 70 159 242 91 94 31 238 18 64 98 186 244 207 244
    97 227 207 196 193 119 82 239 29 112 225 108 7 190 95 6 125 123 136
    59 0 126 7 157 63 225 191 67 30 77 97 232 207 69 180 0 164 147 82 85
    172 0 93 122 19 170 245 219 158 98 179 81 124 103 83 186 34 1 5 111
    48 32 175 49 40 40 194 129 16 254 34 249 129 84 98 199 40 198 219
    133 195 213 103 125 116 207 131 18 175 154 135 153 104 254 34 27 174
    137 57 136 93 73 160 30 223 76 158 216 19 26 125 190 248 90 180 118
    110 209 249 189 187 212 237 148 42 173 204 4 223 71 183 52 177 131
    124 172 9 51 120 247 76 206 232 20 187 42 141 45 138 177 85 31 38 86
    35 234 175 213 110 241 145 58 20 76 90 131 62 151 170 94 41 226 200
    114 185 99 50 231 41 119 94 182 13 146 14 147 191 102 24 155 109 103
    75 94 205 59 42 122 61 2 170 197 248 214 251 146 42 241 173 8 188 6
    237 50 35 159 139 119 236 250 253 236 253 236 245 77 39 210 84 118
    202 213 199 55 33 240 240 52 40 139 124 132 246 107 220 136 82 206
    95 248 251 48 109 123 88 74 212 50 131 70 99 24 12 168 172 203 164
    106 85 204 124 71 113 231 57 22 187 86 229 244 92 77 18 215 203 104
    192 145 149 148 142 92 20 233 8 55 158 225 40 174 115 44 25 104 127
    239 91 206 125 161 104 250 90 206 104 220 149 58 222 14 202 3 189 29
    22 59 250 238 140 73 224 17 190 152 101 16 201 37 33 166 42 176 69
    99 172 94 72 127 239 77 8 66 26 24 181 251 26 100 211 59 79 185 115
    220 58 99 163 185 140 255 205 224 159 94 87 169 112 104 33 146 14
    246 119 120 122 146 253 195 66 241 100 104 180 31 138 42 251 123 47
    166 247 63 210 174 187 42 227 201 165 243 241 17 218 97 13 214 8 246
    105 223 53 171 210 207 236 38 33 233 82 84 244 234 66 216 102 188 74
    215 186 45 151 78 118 108 34 202 132 200 137 130 230 70 108 94 165
    131 213 80 78 57 107 83 101 66 238 177 30 46 187 150 246 69 18 92
    170 132 121 195 136 108 43 80 92 244 176 31 112 10 203 59 232 253 66
    11 70 35 226 206 140 34 159 17 84 201 165 35 187 223 23 126 238 124
    10 130 177 68 145 235 212 125 230 62 182 244 68 211 16 206 28 177
    100 89 159 17 36 236 38 219 9 225 201 170 121 61 164 171 124 13 149
    54 56 22 255 221 12 111 68 62 167 15 216 176 8 232 248 84 16 65 233
    24 137 229 155 2 108 20 186 176 244 59 70 134 122 185 89 52 20 182
    118 21 204 186 188 32 224 128 160 240 209 152 250 78 154 220 168 251
    72 126 100 232 111 172 132 184 79 142 137 92 43 83 199 15 50 12 68
    44 174 208 250 138 123 82 62 130 116 45 95 43 41 66 36 142 214 97 38
    189 93 230 213 40 9 251 191 208 244 156 100 12 186 40 26 47 223 14
    144 54 211 210 238 181 53 230 177 245 118 229 112 20 117 197 112 43
    142 99 97 82 100 206 95 27 48 122 13 25 252 236 34 221 56 248 81 175
    233 240 105 184 144 85 167 215 108 82 228 99 184 124 126 236 222 242
    81 121 29 110 22 40 132 241 61 228 219 34 45 85 17 147 119 97 126 34
    83 8 135 11 28 101 94 65 217 113 219 27 242 254 99 111 134 7 17 78
    234 144 145 184 210 250 3 38 209 185 207 226 213 89 69 136 50 70 207
    115 196 0 177 232 120 76 191 10 3 123 56 89 111 242 239 139 235 51
    246 201 57 1 58 16 63 155 156 89 51 163 100 92 152 255 125 111 140
    34 196 148 55 40 151 53 112 174 64 74 68 212 131 139 73 162 249 210
    230 210 195 246 64 65 101 225 119 26 243 240 176 6 59 75 130 102 92
    210 48 22 50 102 77 7 87 30 94 227 69 158 230 13 54 87 173 97 145 36
    68 173 152 156 52 245 41 208 9 94 29 171 192 87 150 176 6 127 253 71
    143 166 189 149 224 52 210 251 180 125 253 180 104 130 1 93 62 178
    151 190 27 110 77 99 203 227 17 204 17 0 11 251 176 111 135 81 197
    61 60 127 196 252 199 158 139 136 45 26 241 35 195 125 6 50 55 202
    186 116 238 215 138 7 82 84 177 33 121 96 7 28 22 177 11 9 250 130
    136 223 177 92 71 250 222 169 244 127 219 150 148 109 212 72 30 130
    98 232 199 129 44 136 248 254 62 33 12 179 36 44 214 228 221 186 235
    45 162 231 195 230 33 110 160 227 43 252 192 224 233 65 95 252 213
    72 127 124 64 252 72 79 140 188 224 222 120 215 7 241 223 184 74 145
    160 188 5 3 242 154 111 78 196 241 195 205 145 199 113 123 179 163
    214 46 21 104 114 254 88 183 78 81 220 6 96 243 9 188 99 195 200 28
    213 29 28 119 37 39 247 81 88 145 102 181 228 110 90 20 33 200 110
    158 216 57 148 83 222 86 243 171 133 136 199 147 193 19 16 7 18 76
    17 226 135 65 95 180 174 127 129 165 128 55 42 54 151 25 27 186 2
    180 163 136 137 35 248 149 226 201 166 204 86 205 161 174 39 135 88
    3 211 88 170 17 65 168 44 216 87 27 240 39 4 128 253 61 47 10 31 252
    55 128 212 31 49 198 231 53 188 110 159 25 60 232 150 60 196 17 81
    25 54 175 6 209 16 136 219 70 223 187 211 112 246 202 131 210 93 29
    150 224 32 233 62 241 134 131 69 249 227 162 126 182 211 53 134 9
    207 144 243 157 241 20 177 144 190 20 126 90 68 169 3 2 202 116 22
    94 140 185 180 203 136 112 129 125 88 129 148 44 221 141 46 186 186
    232 75 115 46 56 72 6 138 17 172 255 4 146 142 142 103 63 243 122
    183 184 155 203 255 18 199 96 255 159 81 62 204 173 169 197 41 47
    121 248 49 4 189 164 141 8 3 249 209 194 223 56 136 7 252 27 29 189
    96 96 71 175 47 234 17 226 147 222 204 149 122 223 121 29 194 119
    120 8 120 16 88 112 160 217 141 199 86 129 4 162 75 35 222 247 3 221
    228 138 222 92 130 42 214 148 83 132 218 98 181 151 118 230 71 22
    180 234 21 71 155 242 133 120 81 64 33 163 199 112 250 251 95 247
    142 216 20 104 249 155 99 235 233 89 106 182 199 101 134 253 158 32
    121 101 237 88 19 219 236 151 222 230 225 47 247 240 15 175 107 161
    6 196 67 121 198 67 118 155 57 228 37 194 33 5 133 53 209 189 145
    127 147 90 110 186 216 40 56 35 119 49 238 25 170 19 223 182 53 174
    76 9 196 175 189 236 227 63 162 196 104 168 122 243 244 169 48 226
    14 28 199 198 172 168 105 22 205 53 113 159 21 73 105 237 123 32 40
    236 92 157 158 202 76 18 178 255 213 238 55 191 202 132 234 47 1 214
    166 167 238 204 252 225 135 45 69 56 113 215 172 202 80 16 113 117
    199 50 243 151 214 140 254 180 47 123 107 14 240 101 234 168 189 124
    159 226 42 220 199 245 103 117 11 158 148 227 136 53 123 91 9 2 172
    1 237 145 110 38 53 102 178 197 131 30 206 90 132 160 204 107 146
    122 155 16 68 44 240 200 21 194 86 143 139 31 119 4 65 134 14 52 36
    227 207 172 45 193 76 29 209 32 91 157 135 183 24 11 94 158 192 136
    215 58 169 232 31 231 226 207 222 144 124 168 214 203 28 65 138 28 0
    203 34 128 36 238 137 134 50 168 152 143 165 214 198 251 129 162 160
    240 80 51 4 111 45 35 9 0 116 85 176 52 223 14 132 167 69 176 225
    128 104 250 103 43 58 140 120 196 58 98 77 39 201 177 205 144 66 95
    93 210 114 93 37 65 25 71 165 57 231 197 70 33 224 114 11 95 194 233
    67 137 115 199 245 114 195 10 36 140 203 100 9 103 113 14 51 166 59
    224 77 166 40 48 113 148 74 248 39 205 211 184 188 210 250 85 183
    225 201 10 74 220 149 165 104 119 183 92 104 15 130 85 194 130 138
    135 151 76 163 76 24 33 152 201 248 190 246 99 45 168 2 86 40 194 38
    191 105 236 216 79 174 183 25 161 24 97 73 78 136 224 138 48 184 213
    163 231 168 15 103 111 137 166 12 176 251 232 163 228 91 3 253 121
    12 185 74 117 46 46 186 26 212 5 49 106 45 49 66 4 141 27 200 116
    159 210 39 254 84 84 151 162 114 73 167 246 74 208 168 116 162 226
    137 184 201 236 5 175 186 63 55 209 210 126 76 18 122 125 151 188
    135 183 53 22 18 212 44 77 79 200 186 15 107 233 9 247 71 86 61 164
    232 152 202 21 72 199 103 51 59 74 248 3 201 250 197 202 102 10 8
    239 25 218 17 150 129 41 252 143 198 245 43 228 179 26 29 193 45 89
    198 163 127 229 146 95 134 199 142 171 175 149 100 49 162 81 62 216
    50 130 196 194 7 86 6 230 28 169 27 32 252 134 109 144 230 120 161
    118 148 136 183 48 137 94 114 80 173 136 251 137 155 244 67 50 190
    85 50 30 142 26 160 255 173 48 192 28 199 50 202 252 89 62 99 116 57
    83 6 114 20 65 82 10 19 163 223 8 6 245 123 104 174 188 173 41 23
    157 228 52 144 168 193 146 135 214 122 206 0 136 75 179 239 111 197
    118 10 93 174 191 93 45 109 243 212 28 146 182 69 38 21 7 55 238 165
    104 43 209 1 48 197 116 5 27 89 100 103 237 100 80 243 69 104 193
    106 98 226 205 99 189 137 58 146 248 161 216 183 25 38 238 158 82
    138 119 152 52 44 117 67 111 100 81 199 23 16 192 195 85 185 170 234
    231 163 20 226 93 58 153 209 245 55 173 193 232 68 243 117 212 43 14
    32 137 145 13 87 179 84 156 77 255 58 84 17 131 148 30 24 180 89 171
    73 194 181 17 175 37 92 41 162 156 105 31 131 70 172 181 255 128 178
    24 243 134 200 117 241 72 197 219 15 121 112 190 210 16 4 23 214 250
    3 197 143 49 36 93 200 223 209 27 196 53 71 108 219 25 201 250 13
    127 191 126 17 231 0 209 232 126 124 83 253 76 181 45 195 31 19 65
    128 154 87 213 166 44 198 122 64 161 189 10 6 110 146 230 68 251 40
    144 122 14 24 16 10 36 91 58 144 144 144 36 139 19 148 161 50 158 1
    46 214 248 58 103 207 111 207 143 152 27 99 70 240 107 103 169 186
    119 25 241 209 189 87 143 177 155 16 160 217 5 107 0 81 222 15 171
    84 202 238 255 187 29 32 40 23 45 244 109 33 180 139 64 153 145 220
    66 212 44 42 52 122 247 253 1 193 158 59 148 141 92 38 228 81 154
    187 173 135 1 46 165 38 6 21 15 49 103 186 171 225 20 223 182 16 237
    175 43 128 214 209 69 218 31 3 212 246 29 203 199 65 211 166 215 216
    160 243 166 147 210 254 98 27 109 117 69 15 19 108 129 13 128 163 85
    163 197 155 43 201 89 172 207 132 240 52 190 228 211 242 192 133 212
    251 46 223 191 219 24 190 83 57 97 254 200 124 187 196 175 99 121
    156 248 232 33 221 170 88 47 237 57 207 104 235 136 187 66 215 237
    189 224 1 162 4 75 34 91 3 105 111 197 124 12 19 228 95 65 139 56
    187 55 68 11 200 101 17 232 242 49 47 162 29 218 192 49 225 156 74
    232 203 72 51 177 34 37 94 52 6 40 61 51 163 13 32 131 3 128 83 249
    241 173 168 239 110 158 240 207 8 122 35 162 116 114 48 159 53 216
    237 27 117 74 80 57 92 123 206 15 168 94 253 42 255 155 44 196 164
    205 130 127 102 62 58 202 184 43 40 19 53 92 220 14 185 193 226 231
    135 67 182 178 116 238 81 190 241 253 66 218 53 157 175 29 1 148 89
    238 9 165 196 116 252 184 217 215 74 23 74 184 46 228 108 22 228 27
    134 102 110 77 225 176 251 221 59 11 177 203 121 11 10 47 251 47 33
    137 151 81 60 85 153 175 11 137 214 144 171 160 93 171 69 25 83 165
    174 205 44 78 176 194 109 47 102 109 178 1 243 202 94 251 9 44 162
    213 136 69 86 145 136 79 228 181 33 67 20 69 228 152 65 182 166 224
    200 63 64 165 79 246 61 153 158 84 92 184 81 96 208 95 47 46 25 50
    126 145 82 244 61 53 20 136 43 39 80 64 224 109 209 81 77 125 41 120
    164 208 93 122 125 132 59 188 110 178 251 135 29 198 111 213 137 116
    251 236 90 169 147 180 249 177 54 235 252 0 89 10 183 183 246 20 3
    187 192 194 234 169 234 37 21 15 81 120 216 109 239 62 139 35 169
    201 28 172 150 237 42 86 227 202 94 102 238 161 149 209 198 138 78
    218 130 215 178 168 77 213 3 141 15 34 45 183 184 194 94 14 40 215
    233 17 20 59 30 226 176 2 82 129 6 113 211 200 13 52 217 186 186 158
    142 117 110 207 234 179 164 233 116 227 190 145 191 38 136 191 43 99
    210 187 89 25 45 147 248 103 71 91 72 25 191 146 107 155 121 243 120
    233 124 255 94 158 204 233 109 206 30 68 124 84 147 218 193 246 255
    175 51 31 224 97 30 124 10 63 107 205 179 126 99 43 237 237 33 137
    69 19 188 201 150 66 194 183 219 193 224 195 245 243 213 32 118 130
    240 36 77 32 186 254 222 45 136 156 80 6 180 23 162 221 243 48 235
    146 22 202 214 251 255 158 108 128 5 66 178 34 164 137 66 222 167 19
    213 74 57 215 140 200 167 101 83 196 68 166 36 122 156 49 216 122
    112 3 119 51 42 77 170 216 43 75 188 49 42 49 28 188 10 227 173 57
    187 159 119 197 91 74 101 168 32 224 151 243 91 243 198 10 75 36 126
    83 208 210 222 171 160 139 97 148 205 190 216 135 174 247 150 60 136
    146 59 199 216 145 55 220 32 69 237 252 104 111 108 123 69 13 46 225
    14 207 152 46 218 222 216 72 188 148 124 235 200 164 74 97 169 198
    54 220 62 132 230 194 140 187 242 50 182 9 118 96 62 134 143 79 50
    116 81 19 26 157 146 150 25 226 156 128 128 208 186 31 102 120 37 72
    56 251 228 222 244 161 214 154 123 179 52 32 108 215 226 140 133 53
    250 252 54 41 210 48 103 133 192 151 142 185 204 44 222 61 219 184
    36 176 144 118 207 246 226 129 51 55 58 144 49 233 31 161 131 42 88
    9 54 33 94 112 155 231 222 79 221 255 97 230 193 44 157 66 167 93 89
    61 85 255 102 9 198 155 44 156 18 195 211 136 1 119 149 69 16 15 202
    74 157 204 33 136 98 248 155 30 8 13 70 23 41 71 109 18 120 66 114
    76 165 109 145 217 135 181 209 218 115 13 152 236 156 85 162 150 19
    142 68 192 231 116 94 246 233 234 48 110 233 201 0 175 87 170 78 247
    229 100 15 242 255 240 202 4 36 224 155 236 171 118 70 147 182 90 43
    194 99 167 96 139 136 230 40 168 45 190 95 101 53 23 109 4 22 65 149
    204 230 211 180 14 234 119 255 60 156 254 50 110 186 220 254 9 26 61
    243 223 110 208 56 19 253 196 15 109 56 85 178 0 24 68 118 160 166
    223 136 3 162 59 74 135 10 115 65 158 196 197 178 0 111 28 41 78 48
    101 152 123 198 177 176 117 20 192 58 245 3 141 159 99 134 77 78 33
    166 20 159 217 189 26 89 10 186 32 93 92 26 23 26 231 94 11 235 86
    225 74 208 6 70 40 192 138 43 29 234 122 169 70 142 178 6 89 170 145
    199 214 180 246 74 112 89 194 231 70 93 111 1 222 95 99 196 254 213
    250 194 57 123 128 22 178 33 198 216 166 48 101 231 191 181 211 198
    3 73 242 69 53 86 62 14 125 229 164 124 63 56 195 66 148 42 192 114
    36 140 34 231 86 248 173 47 11 168 33 113 68 40 62 160 127 124 112
    130 66 222 46 223 84 121 131 248 120 227 38 161 185 48 1 129 129 5
    176 81 113 50 217 18 171 106 3 236 73 95 190 132 85 179 29 222 213
    42 39 36 74 208 230 72 3 166 213 48 231 75 250 144 81 92 85 26 97 77
    142 198 106 191 227 229 239 124 140 153 193 219 139 121 140 86 215
    118 204 26 51 77 200 248 205 114 55 175 85 103 66 19 248 1 98 222
    149 20 76 101 225 110 63 161 164 32 245 119 208 18 236 255 122 87 2
    224 24 169 29 87 236 158 174 149 8 199 213 112 38 24 112 96 143 172
    124 76 224 130 79 144 48 116 3 226 14 220 209 205 100 81 233 196 91
    29 201 154 0 31 141 242 208 93 153 67 185 222 169 116 1 142 216 136
    189 97 192 114 47 148 134 139 66 191 103 237 58 234 142 237 236 221
    166 70 52 52 200 109 107 75 81 51 126 116 33 19 216 188 32 156 236
    13 4 142 158 46 5 194 153 3 212 167 121 94 120 98 81 109 194 127 103
    149 74 236 50 167 237 26 117 160 97 111 114 104 197 9 3 82 42 73 169
    5 149 89 197 176 140 132 130 162 52 69 58 188 109 125 108 232 117 27
    24 53 178 247 188 96 7 3 118 115 40 215 79 10 53 201 33 106 36 65 44
    28 179 121 178 133 227 210 103 180 104 6 31 130 180 183 57 23 55 15
    198 77 77 135 173 190 147 48 120 189 73 16 143 246 201 54 149 102 57
    131 146 216 181 30 249 4 9 193 41 65 85 150 81 239 206 83 110 124 88
    59 124 158 234 9 31 143 132 120 81 82 197 66 15 204 87 25 185 117
    200 241 81 120 117 64 20 22 131 240 47 91 22 36 136 28 218 224 255
    215 8 52 245 235 171 125 32 106 183 0 195 47 242 140 215 34 157 211
    203 5 51 108 56 90 101 215 55 102 141 120 210 199 117 164 169 216
    116 10 202 163 107 65 149 76 101 55 74 22 174 198 112 86 89 119 172
    135 36 188 157 233 244 240 87 208 253 107 52 180 141 214 26 197 189
    79 119 39 23 2 37 37 199 84 47 181 70 81 160 42 155 245 157 41 188
    101 161 120 63 1 69 114 103 162 168 241 107 81 140 213 127 194 163
    54 252 132 242 42 180 209 230 133 40 96 14 163 81 252 111 217 239
    122 0 251 114 141 58 153 197 57 113 211 105 26 213 175 187 173 106
    76 92 21 225 208 182 173 203 223 0 240 121 92 253 25 152 173 43 225
    237 112 114 193 73 33 209 12 65 75 152 4 54 216 121 156 68 0 30 197
    161 22 191 213 48 4 252 135 132 196 140 28 216 136 216 77 128 80 56
    208 248 175 81 4 22 228 47 26 27 159 173 0 238 136 89 148 107 192
    173 174 65 93 99 150 72 90 84 225 201 221 194 245 62 231 89 28 80
    163 131 198 60 110 122 117 191 47 174 240 212 107 49 253 131 136 49
    211 177 143 125 221 14 87 212 214 86 75 48 85 16 25 130 171 115 11
    82 0 36 107 63 157 208 170 20 233 91 123 137 58 74 190 125 217 223
    186 121 220 35 52 206 135 167 22 161 158 81 218 215 92 31 47 158 229
    190 236 15 31 213 209 152 144 154 175 167 216 214 66 147 66 143 117
    91 33 85 9 201 98 158 24 186 94 231 70 119 41 81 214 200 85 63 131
    222 98 177 74 35 145 17 104 178 138 219 195 35 10 239 131 135 27 204
    188 246 132 199 92 140 205 212 135 69 109 57 41 189 188 50 17 82 77
    117 253 46 36 87 203 159 152 127 17 96 55 81 99 198 58 46 251 201 34
    146 87 87 17 51 42 241 146 7 71 27 220 89 126 191 246 38 71 175 214
    120 20 253 108 206 41 132 58 83 116 182 168 231 41 72 103 226 126
    121 172 35 214 149 70 233 77 135 245 186 199 51 19 7 154 32 11 239
    163 46 205 224 42 211 247 106 73 236 171 133 202 6 201 250 208 7 208
    102 50 149 134 214 126 38 245 247 145 185 127 214 54 53 226 216 75
    206 180 43 14 231 156 223 204 106 79 0 237 109 114 122 98 245 154
    174 217 167 205 136 224 210 169 15 228 246 247 178 11 54 118 147 221
    228 197 27 33 111 158 150 114 176 55 147 94 193 133 183 67 78 229 25
    220 251 172 140 220 119 104 152 147 43 253 129 135 125 181 176 20
    142 232 64 106 219 78 122 31 236 245 51 126 227 38 188 73 183 227
    161 152 166 49 236 42 249 193 73 160 142 79 203 230 158 41 22 99 144
    212 165 158 187 254 51 131 105 50 103 173 109 110 152 77 147 95 162
    103 64 118 185 15 36 84 56 212 175 196 216 182 79 121 99 181 181 142
    140 161 62 217 29 209 194 160 23 217 71 255 157 232 79 18 226 156 67
    236 236 120 175 253 61 253 205 11 219 72 254 126 36 3 115 109 177
    211 182 225 154 60 179 127 104 236 54 66 73 181 254 60 1 234 58 119
    240 96 48 58 177 49 15 202 61 170 203 175 110 253 189 97 89 68 248
    226 142 87 208 72 170 10 10 98 231 4 246 76 193 134 108 129 155 73
    122 114 96 255 227 133 112 233 76 174 173 116 173 1 67 32 126 28 252
    158 132 189 40 231 78 12 137 230 24 89 119 120 198 155 147 232 5 26
    141 197 103 136 86 105 98 196 11 173 4 123 171 249 62 153 15 223 98
    231 60 119 107 71 72 239 115 177 102 251 9 172 248 131 202 238 62 84
    206 5 125 148 116 183 132 117 94 232 170 255 132 24 161 197 59 224
    46 229 40 146 181 42 253 85 179 120 174 171 239 123 237 156 158 203
    128 166 99 249 212 19 60 6 150 11 6 173 68 52 173 72 78 9 127 54 108
    80 59 98 148 119 215 101 74 176 86 122 40 116 135 194 1 71 176 199
    40 140 58 38 252 39 249 33 210 50 72 202 101 250 24 229 51 222 209
    214 87 83 214 129 105 102 83 143 208 97 155 67 79 138 17 216 60 56
    44 12 61 228 195 91 116 91 187 165 88 236 55 40 66 205 243 60 220
    172 36 68 4 27 135 189 0 1 202 110 190 217 16 105 247 26 14 176 97
    233 165 165 126 226 83 179 236 80 129 223 167 23 82 245 53 31 48 199
    24 252 225 87 19 17 97 222 146 178 74 42 42 136 140 195 96 101 126
    87 229 164 100 252 27 53 228 161 253 250 208 25 13 245 121 76 18 113
    195 37 178 117 243 155 50 30 115 201 55 251 180 216 170 123 26 82 98
    142 214 99 233 113 45 41 118 32 251 79 19 31 85 178 238 164 147 61
    87 25 13 84 85 233 110 25 156 124 253 247 68 240 36 154 177 166 146
    63 102 233 57 69 39 95 69 151 169 10 60 50 96 110 191 24 74 10 128
    89 128 152 48 83 26 168 41 233 228 75 180 22 54 57 154 11 201 102
    116 146 183 5 3 203 6 5 98 87 14 182 28 35 88 30 181 43 116 185 131
    153 104 98 203 29 135 174 117 93 47 110 52 1 7 160 218 82 98 12 81
    243 181 176 106 37 37 169 254 120 93 137 191 209 248 253 209 158 10
    80 216 244 139 191 223 51 237 105 115 70 243 99 25 62 196 32 195 131
    193 12 191 199 70 202 169 74 98 130 199 236 115 246 187 181 128 0
    143 189 80 155 130 132 35 121 171 31 60 154 167 196 37 47 171 178 47
    53 185 94 194 83 160 158 83 43 64 27 53 98 130 140 96 62 138 134 85
    169 102 153 209 184 224 55 209 122 112 158 32 40 130 151 52 35 30
    186 140 22 130 137 254 76 188 142 250 77 251 236 233 123 232 91 43
    19 37 155 125 90 145 30 153 52 225 90 60 154 110 235 224 229 219 100
    119 11 234 112 122 119 170 103 39 137 97 253 82 63 249 138 25 105 28
    204 108 164 171 145 253 63 204 237 195 175 62 171 222 5 1 254 158 53
    0 121 96 20 240 6 143 21 56 150 23 112 114 107 179 204 37 227 79 175
    225 173 145 66 82 154 78 92 65 89 123 171 23 160 215 174 15 26 72
    139 97 255 33 238 169 210 5 203 126 123 52 165 250 117 176 248 58 9
    62 205 49 80 108 104 134 255 83 242 249 149 85 10 176 134 155 139 57
    203 126 72 253 54 243 159 1 197 83 52 11 77 207 126 35 95 87 239 19
    121 201 239 0 251 117 99 164 90 51 48 20 226 221 76 224 63 194 0 27
    26 244 40 8 212 2 149 132 253 201 255 231 149 233 238 72 51 252 77
    242 73 20 218 94 26 145 75 171 8 121 113 43 191 112 80 195 113 243
    223 173 254 126 25 132 35 49 57 254 197 220 242 139 185 40 222 133 2
    15 170 233 253 184 192 7 172 170 234 85 91 205 3 195 225 209 69 27
    28 46 95 108 38 5 227 157 128 239 76 115 240 223 58 203 238 163 197
    192 89 204 194 162 128 152 120 237 222 119 4 15 245 40 113 198 154
    100 29 254 79 62 98 253 22 97 203 183 109 54 157 254 119 207 61 109
    145 119 213 120 31 172 49 148 82 109 78 216 128 203 57 174 227 251
    53 14 163 192 84 252 42 96 179 255 187 148 56 170 136 53 180 65 45
    165 70 211 98 179 108 16 247 167 156 143 136 115 201 222 35 109 71
    85 14 30 166 143 216 229 64 34 2 1 224 202 246 41 217 221 50 2 251
    13 224 186 22 111 15 141 214 43 49 214 88 89 83 4 223 48 43 115 115
    246 168 70 5 117 227 151 220 174 227 205 177 221 241 210 254 167 100
    148 209 83 246 236 22 90 94 44 90 84 185 153 44 125 8 202 131 129
    162 47 161 247 149 63 45 40 111 145 39 255 156 99 16 190 110 186 250
    93 92 194 68 203 66 85 159 215 108 203 140 186 113 116 214 60 77 213
    29 36 32 237 152 67 51 123 146 69 126 107 119 88 60 14 181 106 23 90
    33 38 135 59 71 62 130 72 0 142 94 136 111 172 235 28 237 6 114 192
    125 100 128 5 27 97 65 107 33 250 21 140 241 108 183 230 84 110 114
    193 55 157 137 53 8 42 76 3 50 78 29 225 176 253 226 209 237 25 149
    195 20 136 180 17 66 235 65 28 175 252 246 126 229 102 213 75 162 72
    154 34 221 254 132 29 90 115 178 135 144 117 90 255 200 192 5 231
    192 187 157 104 13 92 11 42 175 84 176 173 18 102 121 129 84 198 18
    56 33 229 167 31 188 200 169 187 224 7 57 162 152 224 96 10 93 248
    90 1 17 22 141 124 45 230 138 84 10 233 74 186 67 118 125 154 225 57
    198 68 0 17 79 36 118 185 90 112 149 118 131 144 71 246 156 111 233
    54 251 254 125 241 158 195 139 69 158 152 43 226 250 173 11 148 215
    181 148 40 23 56 154 175 90 50 186 188 189 166 45 159 255 181 201
    182 78 92 95 145 182 111 222 134 61 31 166 164 133 176 93 247 9 7 81
    205 28 196 249 189 72 210 149 44 194 14 29 230 104 199 209 246 136
    34 12 118 124 167 67 191 211 132 243 92 33 175 70 159 218 134 190
    249 47 124 177 105 251 111 180 205 173 140 157 237 57 33 155 51 53
    205 90 77 102 146 253 44 13 72 162 243 35 161 7 197 91 93 123 33 195
    3 97 228 94 91 179 101 139 115 239 190 109 51 221 136 252 103 129
    220 12 177 0 228 91 132 70 52 115 124 110 231 74 151 111 255 44 221
    127 237 144 1 14 191 60 108 229 169 56 78 218 215 58 8 79 255 69 174
    219 144 227 68 136 79 204 40 76 54 2 48 20 138 89 223 127 40 95 227
    42 189 55 134 65 29 39 230 111 130 253 202 87 230 215 119 173 125
    195 232 101 163 6 171 218 116 4 47 155 165 219 38 139 94 92 140 242
    217 14 70 19 86 135 21 163 113 47 8 99 233 201 158 203 99 113 168 36
    82 245 62 39 175 140 14 212 42 225 24 54 140 163 4 163 166 6 87 61
    33 80 231 29 225 98 160 138 232 92 223 218 243 11 45 17 36 4 109 68
    183 249 95 202 117 19 181 3 101 23 163 17 203 78 222 95 141 241 54
    212 162 15 57 240 243 7 238 9 158 10 31 182 75 145 212 212 79 216
    141 158 125 159 4 158 174 61 95 231 146 77 160 53 104 11 142 125 104
    60 142 152 164 69 67 14 243 180 218 41 8 190 38 52 159 192 142 177 3
    117 196 197 138 252 215 18 155 132 214 216 37 6 20 74 150 13 137 208
    102 71 91 21 141 163 127 78 103 161 164 89 62 57 81 247 249 228 126
    143 217 40 156 46 10 249 114 6 109 106 117 221 77 73 210 221 173 56
    67 117 86 193 56 245 44 247 219 220 217 94 205 18 129 102 70 141 189
    127 94 2 170 66 153 179 143 122 230 98 93 7 192 93 88 4 36 52 25 113
    167 163 56 227 253 100 69 67 68 234 93 69 152 84 59 207 212 61 180
    94 1 48 20 199 238 81 111 185 201 22 167 197 91 96 159 93 55 195 140
    232 239 120 80 50 15 24 60 66 3 40 34 120 214 86 198 231 0 252 124
    228 153 95 23 39 66 142 26 45 17 103 51 32 118 126 201 35 144 87 10
    224 144 42 104 239 171 215 56 117 43 190 220 50 243 37 107 64 184
    228 251 227 61 215 9 25 37 120 182 181 17 188 249 42 66 174 224 177
    218 230 20 210 111 6 59 246 100 113 212 90 237 63 136 106 135 113
    114 133 242 2 231 151 57 156 31 240 178 140 250 215 248 104 218 76
    52 52 152 93 52 195 116 7 69 91 155 54 107 53 147 139 244 124 177 99
    129 104 166 47 86 152 85 71 252 54 160 222 20 47 182 148 154 231 32
    17 254 233 244 35 3 124 44 212 250 42 77 13 239 252 231 237 27 91
    151 213 54 165 125 90 64 217 53 231 122 92 158 169 237 52 46 176 112
    33 20 3 46 1 32 77 86 25 3 65 55 89 223 147 155 218 205 161 167 118
    30 113 142 179 19 203 192 114 216 186 219 25 2 3 70 166 41 40 119 88
    18 107 131 196 40 123 193 158 167 63 151 211 221 207 145 205 96 127
    166 119 136 65 187 47 249 18 39 156 194 65 109 71 252 27 221 192 17
    19 189 82 205 69 247 61 5 168 85 33 164 98 164 218 38 130 64 99 21
    42 57 126 45 213 235 28 109 92 32 221 255 98 224 153 2 149 59 4 188
    17 169 101 255 41 213 219 19 54 231 197 238 100 203 176 37 248 116
    182 172 208 19 241 123 40 187 191 25 9 3 230 109 206 182 87 206 27
    215 98 242 143 232 200 144 17 39 5 8 106 148 228 239 91 196 47 2 100
    178 210 241 186 116 242 181 124 122 226 178 251 170 42 135 103 112 6
    177 116 6 36 92 126 46 29 42 176 65 122 200 99 83 84 239 37 158 79
    37 146 111 116 234 239 47 206 56 199 37 195 43 238 61 74 120 217 87
    219 96 71 14 151 230 83 124 209 21 117 98 75 189 1 111 248 51 52 159
    112 27 208 221 40 96 175 255 43 192 249 15 233 86 152 31 233 102 100
    80 2 135 178 33 149 55 162 210 148 21 45 28 9 97 200 4 65 236 227 97
    180 170 230 23 221 80 63 228 3 0 79 124 86 3 42 46 232 178 163 167
    126 214 112 206 96 50 237 46 45 133 143 189 22 2 176 115 135 143 234
    32 94 247 18 137 44 101 116 192 13 72 108 146 158 64 235 165 68 199
    12 250 86 16 48 64 72 48 214 95 77 47 0 115 145 217 46 41 6 58 43 44
    119 43 138 176 149 135 82 121 58 123 132 8 220 59 192 137 222 221 14
    156 66 218 151 7 66 52 53 31 107 76 196 108 191 161 208 189 224 70
    45 88 56 129 94 29 27 102 243 19 219 64 30 77 22 245 128 231 247 123
    3 213 95 156 90 85 18 247 243 177 130 134 70 220 79 238 83 151 247
    184 123 97 182 133 228 6 117 153 244 58 2 84 96 7 190 155 233 95 93
    180 67 129 26 17 74 19 106 81 65 72 102 179 211 224 225 158 208 226
    168 248 250 116 145 241 64 109 146 154 19 190 248 118 106 229 201
    155 132 97 15 194 91 4 222 253 226 79 239 188 230 116 9 124 92 32
    100 204 39 183 88 67 150 215 23 145 45 12 134 130 155 230 183 19 86
    32 20 74 165 142 147 5 98 56 94 130 124 109 2 93 22 201 94 34 129
    190 18 38 119 169 122 183 138 57 136 187 186 223 116 140 21 18 182
    163 168 211 121 33 57 39 181 224 51 226 187 212 128 176 68 228 171
    20 187 184 225 255 188 43 82 251 215 111 133 115 56 88 21 223 16 249
    192 93 165 212 30 237 124 69 245 182 42 63 232 30 25 158 64 242 71
    124 201 177 141 228 81 37 69 170 175 163 178 232 224 54 117 161 78
    113 147 5 133 30 87 75 103 215 87 2 45 76 35 35 244 13 47 95 155 204
    90 219 249 21 30 141 37 109 169 154 187 168 198 204 145 85 2 23 60
    146 112 26 183 223 6 196 190 27 117 192 172 193 38 112 223 46 94 98
    66 98 112 65 56 245 4 130 89 79 67 215 141 131 76 173 56 44 78 36
    129 106 252 111 41 196 255 77 56 198 136 95 86 124 106 243 0 69 12
    246 211 31 53 66 76 166 231 76 125 190 67 99 190 59 166 86 8 4 157
    207 158 190 175 230 9 16 202 187 130 122 2 4 254 77 145 233 195 170
    59 150 74 173 217 193 31 99 105 167 166 187 14 116 54 18 86 219 107
    154 60 22 220 25 28 203 180 77 205 95 147 40 83 103 155 10 4 243 204
    127 153 54 65 248 70 125 62 14 184 155 217 77 112 77 208 209 229 107
    35 154 101 132 236 232 209 181 195 146 189 185 66 131 118 71 68 74
    191 144 160 179 57 13 69 11 117 149 6 76 188 196 198 174 41 151 213
    133 184 151 95 104 247 34 120 35 136 85 54 32 121 25 16 52 107 102
    126 222 245 221 92 161 248 244 130 6 254 100 91 11 252 165 114 186
    144 73 178 162 196 202 166 156 189 183 238 2 119 162 204 85 135 89
    243 194 54 48 141 220 37 200 126 33 57 131 84 69 71 72 142 7 132 81
    54 38 29 240 116 118 64 173 157 45 183 33 199 215 111 33 22 48 123
    145 90 3 63 152 178 75 251 224 155 136 135 156 68 109 111 39 232 158
    33 253 151 162 25 229 10 254 128 29 216 89 231 27 179 78 140 7 194
    83 6 111 68 22 179 92 78 201 0 167 141 120 247 71 83 89 238 103 197
    36 17 229 23 65 39 221 91 195 126 252 212 155 89 244 105 100 200 224
    165 214 114 161 255 250 18 60 159 164 30 25 71 46 62 154 130 43 40
    86 226 102 245 32 50 170 137 197 195 224 117 102 203 118 17 142 81
    181 239 148 129 128 46 37 77 0 175 151 83 11 245 104 72 161 119 161
    177 132 138 104 16 129 220 98 180 77 214 202 146 188 149 171 48 168
    101 56 201 172 54 14 159 236 27 39 141 55 130 164 188 110 49 50 217
    232 139 19 86 84 150 148 236 237 154 20 102 251 57 117 146 116 145
    194 221 53 94 107 161 167 146 182 49 169 74 121 7 214 114 104 122
    109 152 102 198 144 153 122 254 74 51 1 101 71 102 221 174 213 159
    158 200 137 100 254 132 215 63 19 203 217 2 81 223 159 245 151 189
    77 219 154 126 179 127 168 28 136 147 201 151 147 175 47 12 254 144
    32 27 118 26 171 113 148 238 66 137 127 116 134 195 168 125 169 218
    38 139 41 128 133 119 211 244 205 20 126 21 141 145 212 60 1 173 33
    19 227 33 116 139 39 120 14 173 225 206 219 59 179 245 198 224 168
    148 226 209 129 44 167 1 3 24 4 110 3 117 201 179 242 239 138 12 241
    162 29 99 232 67 164 242 140 159 226 214 140 149 76 215 239 186 167
    68 90 58 112 229 114 146 172 43 93 86 235 201 222 84 212 104 94 37
    141 235 178 118 192 112 4 136 164 95 33 58 89 35 140 26 213 133 106
    94 82 238 19 67 152 151 173 197 170 158 219 169 177 13 119 12 98 204
    55 2 55 77 108 242 187 227 198 164 139 39 240 119 189 197 170 145 49
    41 245 240 218 15 210 96 249 21 165 4 61 24 213 229 219 168 34 0 2
    13 108 253 61 228 223 210 157 237 196 10 236 26 181 241 9 194 1 197
    130 90 181 194 179 74 30 178 161 9 239 50 5 22 104 113 14 249 51 35
    94 14 195 193 90 250 113 187 101 133 79 238 10 25 81 113 98 227 103
    138 226 102 254 231 55 84 142 57 45 116 161 44 163 18 31 149 233 56
    208 128 126 90 22 216 33 223 201 231 13 163 214 209 4 90 104 204 29
    243 90 41 25 106 236 123 224 40 133 192 167 238 77 139 95 146 31 210
    250 113 77 255 159 190 98 244 116 44 70 164 11 196 118 203 81 145
    117 102 6 111 6 120 149 235 4 179 100 198 90 171 152 131 121 44 195
    73 53 3 54 5 185 245 235 128 164 193 210 254 100 126 126 121 242 223
    136 155 7 245 81 4 20 99 129 136 254 17 123 36 142 18 165 6 97 229
    241 92 245 7 120 158 68 104 48 67 54 227 157 122 6 74 122 84 163 134
    200 21 219 173 238 193 194 34 147 230 195 158 253 33 180 61 226 65
    102 33 245 192 236 59 123 157 140 218 45 233 197 13 121 216 232 224
    166 98 241 95 129 78 135 9 33 141 109 89 83 182 55 152 132 125 212
    26 98 156 238 143 24 128 238 107 214 19 85 196 230 77 82 44 24 5 84
    73 206 47 35 7 7 21 170 125 1 98 107 170 225 24 51 191 22 53 63 247
    129 108 210 51 173 147 175 1 181 89 203 24 254 1 208 8 118 112 114
    110 35 183 139 151 52 230 254 87 117 249 187 156 90 182 239 225 18
    214 4 47 194 124 127 174 87 57 144 239 35 152 110 47 23 131 19 224
    217 229 28 5 246 71 181 1 94 52 104 54 168 111 28 97 252 191 100 57
    148 139 93 241 195 127 181 139 59 201 138 232 202 24 61 246 243 28
    47 234 206 66 158 212 73 230 205 101 198 47 62 204 225 27 90 251 99
    234 186 68 75 248 11 130 149 203 151 186 156 94 111 237 219 70 69
    117 121 35 63 221 201 83 174 115 89 243 56 28 77 114 105 171 175 102
    163 77 212 71 97 172 1 79 9 179 64 101 82 168 151 13 189 8 98 108 6
    183 230 112 193 70 94 229 76 220 5 58 115 30 140 61 204 180 208 181
    194 238 244 41 109 141 243 189 16 88 183 41 14 154 90 108 30 96 3
    231 160 244 193 116 145 230 145 164 140 226 196 128 103 20 87 43 195
    62 130 168 148 243 95 119 211 165 197 185 1 150 136 91 49 183 188
    251 65 22 9 182 214 39 18 6 149 48 77 16 59 156 91 207 171 187 82 49
    203 140 247 139 45 93 231 176 56 131 223 111 212 183 205 4 176 100
    200 199 113 121 188 152 143 10 222 246 180 29 15 56 105 255 195 167
    73 27 161 34 107 181 126 185 168 28 5 174 65 196 128 71 226 215 171
    131 77 71 39 239 95 163 189 43 249 98 224 47 150 179 187 98 123 64
    31 34 43 94 43 209 9 8 200 230 43 153 248 219 249 136 81 244 99 240
    189 213 37 40 170 202 193 205 139 64 182 177 13 245 207 189 163 40
    107 104 95 20 20 37 217 50 76 167 127 137 255 223 177 185 163 18 169
    183 250 14 255 192 123 135 96 190 191 187 149 254 29 217 17 206 90
    201 171 112 246 251 141 90 137 74 200 48 106 220 44 196 130 182 97
    32 138 111 159 165 197 102 185 98 15 169 18 81 247 116 136 228 97 61
    247 17 24 176 224 64 50 31 52 20 240 72 81 78 61 40 9 5 88 76 224 7
    159 33 211 26 106 10 4 8 12 147 72 58 167 72 109 47 98 40 251 254
    115 22 137 36 17 203 152 86 73 91 28 13 173 65 89 253 61 47 44 56
    252 161 174 245 54 126 243 84 14 210 217 200 154 137 144 168 208 172
    134 74 54 242 188 168 127 67 155 220 97 146 12 241 187 67 229 26 118
    211 234 114 13 167 17 193 155 126 237 129 236 202 154 246 148 111
    151 140 220 155 159 210 88 174 251 246 48 157 39 238 66 172 166 189
    189 152 79 24 166 122 152 33 114 29 208 93 202 68 38 245 236 164 199
    88 30 123 97 208 107 204 228 136 14 101 100 148 216 231 49 146 115
    150 169 224 238 228 223 87 178 229 180 196 211 118 233 239 96 48 191
    12 34 150 114 63 45 98 67 185 241 243 50 74 199 224 73 206 86 120
    188 1 26 155 26 169 165 31 26 66 171 176 216 244 86 180 247 190 142
    216 2 223 22 159 252 99 160 178 15 232 55 86 6 121 213 77 40 142 57
    132 115 24 139 115 134 236 104 58 218 106 150 124 59 25 223 219 151
    161 136 85 78 70 51 15 78 115 84 156 167 26 211 194 124 36 63 46 253
    31 4 17 169 181 163 102 48 169 188 206 218 45 36 143 211 12 69 214
    241 150 99 45 186 10 90 182 143 16 116 241 174 83 245 156 208 199
    231 18 74 196 183 163 208 128 161 134 215 7 18 137 4 62 51 12 56 96
    227 242 152 19 180 100 18 245 140 144 246 234 92 73 162 167 52 123
    50 96 228 164 248 155 230 85 223 16 65 203 202 145 62 156 225 43 162
    162 222 6 48 109 2 126 223 52 203 65 213 218 116 172 0 17 105 95 120
    145 233 49 237 126 110 175 248 60 32 154 181 196 252 103 178 18 242
    37 243 46 84 135 219 181 10 242 27 219 222 4 129 78 203 93 7 13 197
    151 164 100 105 121 60 211 145 183 191 157 226 33 0 191 222 129 178
    98 108 88 11 162 36 150 236 121 140 230 76 177 79 135 216 124 242 59
    40 29 31 154 95 92 119 52 61 166 55 142 138 180 89 71 38 139 49 34
    16 179 73 210 216 164 56 105 101 111 9 161 73 86 86 152 99 157 221
    230 163 202 155 239 176 205 111 65 56 89 147 209 71 167 126 159 139
    160 86 243 90 54 87 198 128 25 139 245 217 23 33 105 104 102 6 236
    251 78 100 11 230 202 27 185 151 221 50 196 232 206 87 217 38 168
    203 219 158 36 24 92 56 63 32 215 59 81 203 7 182 126 124 228 218 57
    54 152 76 190 180 52 63 11 245 252 174 242 136 164 219 201 80 161 2
    252 169 255 234 210 4 74 4 181 66 81 78 158 94 172 66 23 233 38 232
    197 125 249 2 228 69 252 69 76 85 224 96 213 112 81 107 163 22 45 42
    60 99 178 247 175 51 2 94 178 214 85 182 239 161 88 242 252 13 183
    208 73 222 148 109 50 237 34 16 83 243 168 92 221 110 197 77 199 104
    211 29 217 145 42 200 139 205 99 129 162 149 178 165 17 55 46 201
    172 193 246 96 69 170 243 66 142 99 95 245 92 110 24 202 112 13 55
    142 124 139 226 106 110 242 54 198 134 240 157 158 75 134 95 7 44
    135 239 136 45 169 155 229 160 245 93 233 70 30 176 196 23 15 29 240
    169 204 92 91 68 244 51 115 27 92 210 236 10 229 49 220 1 61 162 216
    99 160 179 4 180 91 122 216 110 94 25 188 254 92 128 199 106 2 227
    23 0 214 88 194 114 48 100 179 208 40 42 217 29 130 147 2 16 233 205
    20 249 211 155 78 58 51 131 203 95 218 111 199 91 194 139 150 201
    133 105 171 197 159 79 183 149 23 153 195 28 17 135 175 73 60 117 42
    147 228 17 55 108 220 112 227 91 88 161 155 218 74 107 60 7 17 180
    12 145 69 238 84 99 96 54 25 193 231 30 246 12 156 198 169 205 157
    185 101 189 225 91 211 73 233 10 210 234 175 144 90 21 241 242 67
    226 32 182 158 115 219 86 235 145 199 118 203 173 72 182 90 9 48 26
    73 182 103 199 221 94 231 146 227 3 122 104 138 115 150 175 154 243
    212 142 230 75 177 187 163 146 98 237 35 254 173 24 133 187 226 152
    194 108 9 189 46 198 108 79 156 119 133 55 148 10 225 164 250 176 36
    168 46 109 72 31 83 59 108 76 240 82 238 246 11 211 141 2 245 131 80
    121 233 236 241 179 174 101 12 17 117 46 31 186 184 74 130 43 223 93
    192 109 254 229 226 249 168 189 189 149 225 14 107 152 37 123 131
    141 44 146 170 25 31 35 63 25 185 244 144 44 142 132 79 86 137 141
    135 121 185 233 112 11 183 20 44 79 200 203 220 143 91 156 108 52
    246 208 155 58 23 126 69 123 89 71 248 56 107 12 187 123 112 125 175
    24 78 13 233 170 77 205 97 187 94 226 229 231 30 86 92 112 193 21 43
    59 41 194 140 184 43 212 12 94 207 248 23 52 43 124 76 108 196 153
    26 56 170 182 193 154 218 137 114 207 3 171 128 24 27 42 16 126 222
    204 81 201 53 186 76 116 141 220 69 37 198 68 127 200 1 42 112 237
    140 246 75 183 159 56 3 188 169 172 229 63 252 197 166 60 90 129 14
    244 209 111 141 100 118 172 221 136 164 72 230 52 251 228 42 100 80
    50 75 53 66 66 55 108 113 39 180 10 17 145 9 172 89 106 9 161 235
    111 57 249 210 62 132 193 45 4 209 138 7 152 130 155 118 128 58 76
    48 171 205 29 54 204 247 157 23 123 215 173 210 222 220 74 187 180
    13 69 123 225 10 234 249 191 218 65 98 72 4 132 29 242 34 38 160 241
    167 134 69 117 33 162 50 77 55 124 132 232 137 73 155 117 62 197 177
    87 96 60 134 56 129 105 65 79 110 11 234 137 67 250 124 146 164 144
    227 17 71 106 60 186 209 125 71 164 9 97 122 51 99 52 211 142 231
    161 202 63 1 160 223 4 110 187 183 65 56 180 116 83 102 245 194 61
    148 192 139 83 98 234 62 79 26 32 59 92 55 225 247 218 122 46 192
    119 168 88 215 115 54 66 42 211 206 196 224 162 72 147 90 20 204 171
    40 111 208 98 247 12 145 56 219 105 73 38 178 89 141 78 97 240 35 99
    219 72 104 49 159 230 71 184 145 193 8 250 16 235 148 244 7 195 30
    112 67 38 133 250 127 247 53 6 183 204 1 0 153 149 75 97 189 193 118
    16 140 248 107 181 191 248 192 177 255 24 170 128 49 139 111 169 196
    6 3 247 127 18 70 0 211 237 172 160 131 214 234 21 58 89 45 250 88
    215 205 137 210 81 147 45 202 239 180 216 10 124 180 78 13 167 159
    231 137 226 91 202 20 216 132 200 35 75 231 133 246 207 38 213 31
    122 83 85 176 34 208 129 188 105 153 235 99 155 7 43 51 79 55 169 11
    215 16 15 59 34 158 81 154 50 139 250 170 238 12 145 216 242 151 9
    242 117 169 178 208 196 22 3 53 135 112 137 136 153 184 131 40 162
    84 150 175 63 151 193 233 95 97 211 233 78 246 247 193 219 116 224
    135 58 127 242 193 70 124 181 93 178 221 114 249 66 131 229 131 30
    177 220 23 215 132 102 109 134 9 109 251 121 152 1 143 14 162 157
    229 249 178 242 233 87 216 161 32 4 35 66 69 49 200 192 229 231 252
    42 134 73 219 31 193 86 169 29 14 89 141 21 189 72 43 24 199 50 59
    194 61 219 91 217 72 152 187 203 229 152 182 141 116 181 45 100 105
    237 236 39 228 246 12 181 166 57 207 222 228 213 206 134 243 113 247
    155 193 44 66 190 41 183 161 152 217 57 188 3 195 161 34 248 108 255
    132 208 113 187 43 0 66 126 53 78 254 220 82 192 167 11 12 77 104
    238 146 11 32 71 62 252 215 91 9 124 54 133 101 77 95 221 12 217 175
    229 138 65 109 218 202 38 78 120 198 142 147 251 22 165 93 75 208 49
    223 12 66 195 64 220 189 142 195 175 175 240 238 139 61 11 235 75
    124 38 60 64 242 243 93 167 99 74 218 149 15 166 244 29 88 220 199
    190 26 15 185 84 119 127 120 128 153 64 113 150 208 59 163 70 199
    188 148 172 55 244 72 196 101 161 46 234 107 163 110 124 155 235 240
    103 188 34 85 214 22 48 209 92 97 238 5 123 195 116 75 21 154 45 99
    30 240 180 14 8 183 123 19 37 43 216 115 189 170 32 168 49 219 38
    192 102 201 96 148 58 136 25 84 152 64 214 110 186 220 78 166 114
    141 177 235 7 48 246 190 45 242 119 40 192 163 151 225 72 221 189
    231 9 63 120 137 25 65 3 251 209 188 194 210 35 129 120 109 191 106
    163 92 146 224 210 135 43 123 216 232 172 91 97 75 101 119 96 169
    224 179 228 110 174 10 222 174 60 184 40 79 252 204 44 247 247 129
    204 217 224 50 185 203 62 168 60 236 25 103 62 236 72 243 138 216
    113 75 81 181 16 223 36 96 221 140 119 24 255 125 195 79 79 104 215
    216 28 194 138 70 11 199 166 33 234 234 153 183 6 145 19 82 183 141
    93 248 53 149 21 89 119 115 110 212 248 126 163 11 233 118 132 251
    215 4 201 19 127 239 136 239 198 26 104 91 29 149 109 35 14 134 184
    229 172 148 217 4 222 245 21 106 31 112 70 57 215 232 156 128 130
    168 159 128 3 181 28 169 105 191 150 165 242 195 189 58 11 71 81 247
    173 104 81 116 67 247 15 81 15 60 135 137 105 175 206 73 197 132 28
    56 11 223 130 4 199 124 124 139 204 186 118 24 114 82 87 254 24 98
    18 134 177 174 50 179 86 71 27 145 100 131 150 195 221 40 3 155 160
    76 250 42 150 79 26 235 80 60 101 107 167 254 242 147 106 49 54 155
    223 244 199 109 247 187 229 126 140 192 231 192 48 163 5 166 17 54
    52 14 95 65 32 38 111 99 177 34 90 127 171 25 235 54 189 251 175 132
    90 70 254 125 7 228 244 65 191 35 166 167 37 212 70 224 209 13 124
    214 224 130 27 18 165 5 205 93 2 42 91 64 74 65 66 102 235 106 116
    157 75 143 227 134 18 94 114 201 180 123 20 50 62 29 72 117 173 92
    242 234 52 108 156 191 89 76 96 204 20 175 204 179 185 248 122 105
    196 16 223 200 173 178 183 130 155 182 162 120 237 101 224 57 223 33
    125 44 17 71 253 182 123 150 179 56 198 29 237 139 165 191 124 132
    198 165 71 244 88 179 27 92 43 238 249 158 223 146 196 122 114 117
    132 151 155 128 178 242 11 205 199 227 214 71 39 51 74 133 220 10
    241 138 249 98 2 242 81 18 97 122 66 70 125 54 143 155 250 67 143 58
    250 150 65 50 136 221 65 228 39 59 114 216 165 183 71 213 153 60 81
    236 11 210 20 150 141 171 232 39 45 143 170 234 165 70 206 26 232
    230 138 239 162 52 207 191 223 147 154 107 230 60 26 33 232 182 133
    165 82 122 38 16 86 2 127 173 147 159 176 215 97 20 7 16 74 209 47
    42 148 158 142 100 158 50 58 164 203 35 62 210 210 241 122 84 130
    233 223 150 72 106 246 52 127 68 192 214 13 158 156 212 66 162 175
    44 125 58 6 87 149 213 244 118 174 139 55 144 250 97 92 128 139 6
    223 149 189 73 236 218 150 34 151 188 35 120 124 119 252</data></test_img>
<my_img type_id="opencv-matrix">
  <rows>100</rows>
  <cols>100</cols>
  <dt>"3u"</dt>
  <data>
    21 81 85 83 169 100 234 136 240 12 198 2 255 255 168 234 22 255 240
    43 255 199 7 222 255 154 2 255 184 79 238 224 46 176 113 241 255 132
    129 255 113 80 150 61 130 209 242 244 119 94 171 62 124 187 255 48
    63 70 121 155 191 247 255 67 169 33 252 121 144 146 176 195 255 6
    255 247 53 134 183 32 227 70 144 151 231 171 250 255 81 171 3 109
    238 205 148 240 52 80 105 224 17 216 112 51 253 31 82 77 202 42 47
    152 234 255 255 183 131 187 131 59 255 207 23 255 108 160 110 178
    215 87 229 32 255 99 255 190 172 32 121 59 255 141 55 95 58 207 157
    4 196 80 103 180 15 248 98 29 255 161 135 50 113 37 36 133 244 5 140
    28 168 4 255 187 173 168 96 245 28 171 198 61 70 95 238 155 142 228
    22 96 188 71 161 215 240 94 255 121 18 77 28 123 120 178 60 84 99
    100 43 239 1 35 214 10 184 207 175 57 176 113 39 207 217 75 90 229
    254 31 222 230 65 245 113 115 186 255 255 210 0 66 127 79 1 200 42
    134 149 59 97 146 118 251 59 255 255 152 230 183 193 213 164 30 80
    164 247 255 123 72 20 255 186 111 52 83 179 32 243 21 255 4 243 145
    91 131 255 105 41 120 189 41 216 238 36 49 60 156 255 9 236 87 75 58
    172 255 63 23 82 85 127 23 53 79 227 144 204 193 198 62 44 118 193 8
    219 186 225 101 225 129 209 255 70 255 168 121 119 255 181 143 70
    235 196 255 102 128 159 173 52 140 119 168 123 58 88 9 10 220 36 211
    161 67 9 2 50 183 163 255 134 108 165 126 247 145 96 102 255 130 58
    209 255 151 78 29 183 70 76 51 255 255 63 162 188 148 21 170 4 140
    191 205 255 40 13 99 17 29 79 141 4 18 31 33 252 205 203 209 65 199
    255 132 120 114 9 95 116 230 112 255 203 227 65 242 255 243 5 84 172
    249 207 221 27 48 151 226 255 109 151 140 176 33 121 16 203 67 18 83
    12 194 128 221 243 195 53 181 16 183 49 109 193 68 97 255 255 66 122
    1 36 166 53 159 56 187 20 48 255 161 255 1 127 145 96 141 255 174 25
    253 231 240 215 230 204 2 143 10 138 255 255 160 255 255 255 255 8
    227 217 128 140 191 192 140 255 16 227 136 18 246 41 194 210 35 88
    210 216 233 154 255 98 51 5 209 55 255 106 243 221 154 149 4 87 135
    187 173 10 172 125 142 22 228 251 248 77 255 128 242 15 168 127 148
    255 227 247 25 36 117 1 189 99 142 255 213 31 147 61 204 69 95 249
    98 41 255 153 65 81 239 62 123 255 104 178 171 196 156 65 233 222
    100 243 151 26 104 58 116 199 255 161 199 133 92 48 123 128 102 124
    24 51 246 126 197 37 96 81 180 203 53 233 170 11 255 254 143 101 96
    255 8 76 108 63 59 173 230 166 74 207 184 115 220 198 74 242 29 53
    244 137 255 231 127 6 231 12 255 32 161 255 163 226 133 155 179 84
    54 87 3 127 122 167 120 214 237 229 120 138 255 228 89 155 239 243
    149 73 216 233 163 122 129 146 174 255 3 161 109 243 199 87 151 170
    199 91 187 34 42 255 103 66 187 255 57 255 142 24 249 255 158 0 255
    177 59 248 108 188 74 106 91 154 140 255 10 250 255 234 159 78 146
    50 255 109 55 64 105 127 203 169 23 51 255 73 200 209 224 218 28 99
    247 255 127 99 255 10 120 186 145 255 212 172 161 218 235 111 103
    238 255 141 158 197 14 110 246 6 255 149 198 16 200 162 147 193 214
    236 15 255 0 176 233 23 185 213 37 255 255 10 241 154 124 72 186 162
    108 149 123 210 105 245 52 70 44 189 155 200 101 255 46 126 177 52
    236 140 123 177 112 179 108 129 118 22 160 102 138 255 240 199 106
    96 200 230 159 14 133 93 121 202 62 165 138 164 176 233 202 135 183
    101 128 59 86 255 75 229 101 79 198 95 238 173 101 5 2 124 162 161
    21 8 86 98 80 161 13 28 79 165 133 91 255 255 67 47 255 147 63 3 138
    39 70 209 173 41 197 109 234 68 213 255 211 133 72 212 255 199 242
    94 167 123 165 174 170 34 251 250 183 199 109 192 16 242 69 143 200
    54 105 120 18 214 144 160 137 235 111 35 118 53 251 113 120 25 185
    247 143 55 205 142 242 44 48 231 138 40 197 79 198 152 209 218 44 33
    107 239 63 22 227 251 3 71 156 198 255 97 89 148 255 255 213 36 255
    196 152 171 226 247 221 35 220 255 158 247 114 172 255 255 99 68 112
    115 62 177 86 69 81 55 241 209 76 13 22 135 108 129 81 9 81 144 35
    255 56 215 96 108 195 28 221 24 255 155 211 118 198 150 101 218 113
    34 181 171 255 204 91 159 155 112 98 236 222 103 244 134 1 151 146
    255 138 134 242 60 86 74 106 172 198 150 85 174 41 161 87 180 10 143
    255 44 198 47 225 198 9 232 255 149 76 199 213 68 255 83 83 105 125
    90 93 247 255 236 21 25 19 199 95 141 220 13 115 121 255 67 104 255
    37 220 210 0 14 84 76 50 148 4 174 35 53 92 178 239 199 50 62 152
    178 255 156 94 19 99 46 255 101 247 34 56 43 9 116 175 145 211 46
    255 81 83 169 220 243 97 147 3 240 255 98 114 242 168 255 237 52 255
    220 122 88 125 159 58 250 239 107 145 18 186 213 48 96 145 221 239
    99 81 131 88 34 255 68 153 74 45 65 137 82 12 31 110 174 203 204 44
    30 219 111 255 199 187 137 84 68 255 205 94 193 75 29 37 31 138 255
    221 59 52 102 79 255 40 46 255 240 152 80 33 122 129 255 52 253 111
    2 47 238 170 168 245 244 255 73 227 255 104 255 87 244 99 88 39 40
    177 85 58 238 193 72 253 255 160 124 64 231 10 82 160 44 81 196 26
    144 209 150 127 255 220 73 165 124 0 185 255 240 227 18 133 134 239
    118 108 129 127 105 47 176 255 43 189 207 255 15 10 255 43 251 255
    156 221 10 217 152 90 95 117 107 39 152 94 50 88 129 77 135 242 14
    59 255 129 126 255 118 255 84 155 130 44 245 54 199 213 80 79 154
    206 230 242 233 76 100 255 1 23 203 255 145 131 244 73 186 194 255
    14 134 80 111 21 22 96 18 178 22 238 80 18 255 45 6 5 64 255 121 60
    194 57 122 130 132 67 218 217 250 226 204 98 238 231 151 255 207 220
    42 163 64 32 35 246 213 191 188 133 255 46 20 147 178 227 151 255
    214 17 59 26 246 123 89 87 44 108 115 135 215 218 18 214 45 242 205
    194 67 216 255 249 195 255 156 44 49 166 171 255 150 14 111 85 88 25
    178 57 98 118 192 255 41 165 133 255 129 125 92 59 79 176 238 186
    152 77 205 104 2 255 239 247 187 189 108 233 197 182 76 125 91 255
    228 91 255 57 119 44 255 154 255 85 0 255 58 224 255 208 25 28 171
    66 23 127 107 99 252 197 81 113 178 67 178 255 195 124 239 224 214 7
    154 130 190 213 149 232 59 199 255 216 131 225 203 36 31 222 23 123
    255 62 246 251 202 40 255 229 229 255 171 181 32 4 10 255 82 116 247
    81 59 255 132 89 231 255 171 48 230 87 19 117 79 6 91 53 99 168 232
    4 65 98 155 123 68 141 48 58 107 44 56 141 19 252 119 20 153 169 143
    254 229 180 63 107 203 219 167 172 77 230 3 10 74 197 227 30 87 69 6
    186 190 43 121 20 217 167 206 62 242 88 230 218 204 234 160 255 202
    81 54 168 189 88 202 156 216 177 95 0 193 239 37 252 252 110 181 55
    255 216 80 113 53 248 65 102 91 255 233 255 145 255 255 96 150 0 119
    225 0 255 79 106 140 10 220 190 125 199 255 255 53 131 240 203 3 123
    214 106 67 255 96 204 83 207 158 73 127 239 227 185 129 18 255 162
    189 13 47 122 219 255 54 122 92 156 220 255 166 22 87 39 70 255 0 89
    133 239 144 208 121 185 49 28 192 68 220 127 1 149 44 26 221 73 149
    19 168 255 17 54 72 45 17 1 240 237 220 255 9 239 10 219 160 237 4
    52 197 154 26 150 117 78 146 128 92 249 181 255 239 144 154 198 15
    255 15 222 140 84 102 246 44 142 214 253 36 255 103 29 217 170 255
    159 232 168 205 6 119 18 214 97 40 155 176 116 66 118 226 187 141
    183 189 186 255 197 255 255 74 229 112 196 246 255 212 85 255 130 45
    255 30 108 22 96 88 83 51 112 23 23 215 235 176 236 225 223 196 255
    175 66 255 52 255 255 204 155 9 83 81 255 58 195 16 1 210 255 186
    172 222 73 207 172 72 96 255 171 65 198 30 87 255 60 255 8 50 81 255
    149 182 47 25 101 116 71 98 112 156 187 123 77 236 255 85 148 255
    163 255 255 68 185 8 34 213 255 40 0 255 255 143 251 187 236 43 234
    159 17 72 233 14 198 195 226 182 36 255 220 184 225 83 76 71 39 100
    156 4 13 233 183 165 119 92 231 56 212 146 50 132 80 244 255 255 127
    105 85 255 23 37 255 255 135 255 196 134 255 167 254 255 93 255 231
    111 146 187 67 227 4 26 255 28 206 255 118 181 22 255 61 47 134 112
    162 183 6 31 66 46 195 176 151 208 244 65 255 255 254 130 85 126 88
    141 43 6 209 164 46 27 111 72 255 80 150 152 255 105 164 184 217 121
    146 91 233 60 207 127 188 161 121 209 129 172 191 73 255 249 237 173
    255 255 255 23 116 3 67 207 92 18 100 167 183 211 85 4 20 255 232
    109 147 22 134 255 140 140 255 202 226 221 234 96 255 6 216 103 212
    12 52 247 34 83 173 164 80 2 252 255 93 48 62 57 255 233 69 208 115
    74 255 190 100 194 70 69 255 186 108 197 255 173 33 136 157 52 105
    140 224 255 178 9 255 44 148 159 115 30 255 134 207 56 105 111 37 82
    255 152 167 118 255 250 143 255 75 99 255 129 17 180 138 189 176 2
    237 200 169 219 47 70 255 106 167 141 88 253 134 255 70 255 112 9
    100 0 62 195 127 195 255 133 134 64 255 130 218 48 78 56 109 245 76
    214 56 50 49 4 174 182 133 255 255 171 195 193 255 253 185 95 48 156
    101 240 102 220 79 5 252 85 255 183 208 79 149 237 255 108 112 255
    206 170 255 72 243 231 242 128 19 133 254 58 86 51 207 214 8 178 29
    255 167 116 164 176 126 15 30 133 102 255 192 61 255 118 186 222 192
    227 102 119 2 44 206 29 67 192 65 134 25 247 107 255 113 230 245 255
    70 210 90 152 228 140 44 174 168 61 113 255 255 221 111 59 224 21
    167 171 208 18 164 192 3 118 255 94 216 152 199 49 101 255 86 167
    169 155 54 202 123 153 234 147 22 255 140 255 127 156 211 143 140
    179 255 193 154 147 226 163 255 173 124 140 166 202 66 255 218 202
    84 91 121 67 64 49 231 156 31 64 43 109 243 69 200 76 141 149 193
    190 196 169 221 67 180 226 205 255 88 112 145 226 239 255 22 255 166
    50 79 236 205 115 210 168 142 255 206 128 137 87 76 166 196 255 70
    255 59 32 255 106 136 222 185 118 69 209 161 28 255 30 127 190 8 226
    231 7 202 43 71 168 0 47 57 255 192 199 21 68 255 172 28 250 231 91
    8 74 101 153 159 244 174 62 239 118 103 198 15 49 164 23 163 248 250
    214 19 170 34 133 112 36 236 77 115 11 51 255 80 120 255 245 235 216
    225 199 238 28 133 141 119 42 23 232 130 5 210 12 205 166 255 255
    216 97 0 240 19 199 202 100 50 33 105 32 45 163 240 218 14 255 205
    157 32 59 177 58 141 46 255 251 255 115 110 255 255 127 37 255 1 202
    140 149 105 131 33 157 79 141 255 211 248 195 125 47 52 226 42 148
    255 238 255 255 178 76 251 153 206 152 108 131 255 197 84 255 164
    101 217 172 187 90 225 112 255 164 70 119 90 255 185 255 246 145 178
    170 255 240 30 36 50 219 255 70 44 111 103 65 106 0 255 255 23 186
    10 182 97 231 194 7 30 204 10 169 50 24 132 122 255 110 120 146 123
    199 111 255 255 255 253 98 34 255 178 83 138 21 85 71 224 118 204
    249 152 238 113 184 181 100 255 255 4 186 255 69 43 255 162 20 54
    252 76 195 158 79 253 82 76 255 223 199 61 244 55 255 175 131 149
    179 142 171 5 106 30 166 121 37 205 64 204 193 119 255 247 241 255
    85 20 200 158 37 213 50 211 92 162 31 156 19 77 131 203 255 132 247
    255 105 197 24 109 49 31 230 11 104 41 255 33 110 15 182 255 125 141
    255 84 110 70 166 143 0 27 89 80 108 167 255 183 89 56 227 117 83 79
    208 112 131 151 81 213 89 67 198 230 132 197 176 255 164 10 5 20 96
    105 172 162 22 118 215 22 71 197 236 33 45 10 123 106 43 62 164 87
    149 95 246 128 199 255 169 149 211 238 177 109 203 135 255 225 186
    12 169 146 255 191 242 255 134 255 211 127 231 123 61 165 185 50 255
    102 39 255 152 83 69 198 228 252 225 125 105 255 58 184 37 149 210
    255 161 107 40 104 166 227 160 36 255 128 164 83 75 143 255 170 176
    243 11 196 190 236 209 176 65 54 97 66 216 225 224 69 116 36 175 8
    159 255 255 247 255 109 48 18 52 52 255 255 137 89 155 137 100 16
    137 115 127 8 222 255 194 7 199 255 255 194 163 48 214 118 199 6 209
    97 50 91 228 127 232 58 164 161 110 221 132 255 183 27 187 109 72
    193 44 24 11 93 57 173 221 2 255 6 238 200 234 169 115 255 244 141
    255 50 48 236 59 21 247 137 97 255 146 203 145 156 216 255 36 123
    125 200 206 92 255 146 114 39 252 205 30 77 255 214 157 174 214 32
    146 135 70 92 176 41 255 167 249 202 28 18 255 157 100 152 185 163
    255 200 141 225 17 241 202 185 221 225 255 198 255 196 69 118 255 18
    162 52 143 172 191 39 255 39 211 115 149 198 229 176 66 238 255 184
    212 151 134 255 83 140 123 166 91 177 7 211 243 116 105 72 140 255
    137 122 218 129 136 189 220 41 195 200 91 83 127 184 184 249 96 99
    107 77 175 168 168 65 5 198 7 81 136 55 183 248 66 255 118 249 185
    194 229 134 70 246 25 30 75 255 65 19 27 173 170 236 236 198 52 69
    239 41 120 124 107 4 214 167 76 250 227 255 255 62 159 151 158 9 251
    252 41 7 9 234 171 243 55 153 255 221 110 212 213 32 224 240 161 255
    40 154 255 211 255 255 208 255 220 141 216 112 49 72 155 110 164 255
    154 160 248 239 26 16 79 141 208 117 89 172 95 28 255 232 79 28 48
    243 149 16 36 180 255 137 16 71 229 65 0 244 200 98 235 3 57 225 112
    240 113 214 182 151 255 177 252 255 81 18 47 229 189 67 193 1 185 4
    115 36 229 90 227 255 167 37 164 214 43 217 0 81 44 72 120 186 237
    57 73 9 255 172 255 150 155 101 14 255 255 145 79 255 255 229 76 255
    226 126 208 110 172 255 15 247 111 37 156 255 29 166 13 6 8 255 34
    117 200 208 79 151 216 233 159 174 199 255 214 218 164 148 117 90 53
    99 102 216 141 255 217 184 36 209 170 114 177 173 146 152 236 255 44
    135 235 255 111 255 218 1 1 35 255 156 167 141 255 223 255 137 191
    209 255 231 213 13 98 96 44 176 104 79 184 138 63 238 225 84 162 204
    191 41 1 120 209 31 252 238 129 0 108 164 119 45 236 125 116 4 217 1
    253 255 124 9 89 33 35 255 252 26 255 71 10 255 156 235 176 90 19 10
    223 14 242 232 162 30 39 232 242 99 196 213 255 75 251 255 87 88 60
    210 181 203 109 93 255 161 134 234 181 255 239 255 236 225 53 3 229
    65 48 141 115 92 231 152 164 144 255 71 150 67 255 61 248 255 160
    112 1 45 80 50 66 160 76 205 91 213 25 187 255 25 164 4 35 20 246 77
    152 59 74 236 213 219 61 106 252 13 12 78 18 174 171 102 140 216 100
    101 207 123 61 157 175 233 112 23 208 249 233 255 81 66 127 175 168
    227 255 244 236 246 17 119 116 14 142 35 54 222 22 25 110 217 248 84
    105 203 227 159 232 109 254 229 255 43 87 169 92 78 189 70 66 6 78
    144 198 225 68 255 80 229 61 111 135 36 91 89 255 143 176 143 218 79
    255 3 108 255 138 255 187 130 64 70 226 53 255 0 140 255 200 95 177
    155 94 243 148 53 4 80 94 116 127 131 255 148 87 255 57 143 101 102
    76 78 183 98 65 116 141 233 108 173 97 229 62 159 121 4 169 71 171
    207 233 78 39 27 131 203 225 7 255 255 255 54 229 4 72 40 85 43 233
    179 94 216 181 3 178 8 158 50 20 246 100 179 255 160 203 62 76 202
    44 193 57 96 119 187 249 127 137 63 131 99 37 238 174 34 36 231 230
    81 204 87 180 255 81 242 225 220 157 105 214 4 111 255 67 255 96 164
    89 255 80 116 105 253 171 247 92 98 78 144 185 13 99 197 147 20 64
    217 149 92 255 248 225 171 226 218 186 72 171 31 196 101 76 101 131
    255 81 224 234 255 165 255 236 141 180 206 239 149 25 45 159 199 194
    178 253 255 23 54 40 211 30 171 255 134 170 244 25 230 255 187 36 25
    178 22 149 176 149 107 32 255 56 243 18 156 54 152 87 57 255 255 74
    34 9 73 226 172 10 228 50 198 143 255 221 255 3 95 29 40 86 255 13
    181 255 48 55 118 252 230 236 107 244 29 34 68 80 150 83 75 177 48
    58 120 61 184 10 170 150 255 243 106 172 218 139 102 57 70 227 245
    23 105 91 211 193 103 137 155 72 204 182 103 110 84 0 166 255 45 126
    112 160 85 255 184 99 255 161 224 85 58 255 25 86 30 221 181 164 255
    255 55 255 255 184 180 77 217 39 23 92 212 35 150 177 50 7 203 196
    40 244 187 178 4 34 255 127 206 232 255 21 231 248 255 243 158 69 42
    224 242 227 152 252 243 243 174 208 37 255 26 253 199 112 119 116
    226 205 134 40 121 161 84 255 133 9 202 4 21 255 62 135 53 227 214
    150 201 228 189 209 1 141 212 52 137 207 240 158 144 184 32 93 255
    89 236 220 165 225 178 249 107 244 128 154 210 72 7 187 255 151 35
    255 136 208 57 235 221 177 187 181 255 121 35 243 43 188 255 53 108
    230 229 186 14 123 255 4 71 204 205 10 198 110 121 187 255 84 80 50
    218 104 255 84 217 93 94 221 255 94 164 255 200 101 255 0 207 255
    134 52 9 2 69 158 224 120 12 160 45 246 79 123 255 148 255 53 205
    255 75 184 81 48 112 193 248 29 203 68 28 162 221 9 0 255 86 81 156
    22 161 253 88 74 255 254 33 229 57 222 193 132 141 4 92 176 39 90 3
    213 68 255 99 159 176 176 51 99 181 177 227 255 242 33 255 180 140
    14 116 70 177 57 200 255 198 190 255 236 15 255 255 12 255 211 186
    229 117 218 239 234 109 180 224 187 49 157 162 30 175 199 78 174 121
    255 220 155 255 150 196 49 144 149 44 121 195 75 67 22 213 252 107
    255 251 146 255 87 235 185 245 65 255 79 162 164 136 105 147 234 62
    224 94 255 26 11 255 35 31 8 212 40 83 132 167 242 45 125 211 205 77
    68 177 255 124 19 153 135 151 77 133 255 141 61 52 53 255 255 170
    249 43 128 58 176 216 140 199 34 64 191 129 157 34 56 13 190 207 107
    255 135 22 5 205 133 105 49 47 255 188 51 0 129 238 229 110 154 233
    95 97 76 239 89 124 255 148 143 155 18 196 130 241 207 45 157 208
    102 167 225 65 233 181 142 4 40 39 211 83 255 237 255 4 73 74 249 97
    178 193 131 10 36 108 208 83 239 147 21 183 150 188 226 59 20 248
    255 9 73 3 39 255 25 129 19 190 112 207 255 103 174 158 123 155 203
    226 237 255 213 4 133 69 14 146 194 39 67 182 166 53 68 117 40 243
    193 174 172 149 227 34 19 39 143 90 181 27 236 80 72 126 39 193 116
    39 78 58 255 32 13 12 178 89 255 217 21 101 205 123 48 202 23 39 71
    255 128 170 205 120 73 39 234 233 58 152 222 189 248 60 255 193 109
    36 178 179 241 99 162 187 220 71 119 26 143 24 21 239 117 255 229
    154 255 150 68 0 45 244 255 249 162 255 210 104 255 175 182 58 205
    238 196 9 194 143 145 238 65 232 72 133 64 211 58 184 215 158 72 115
    216 105 255 240 236 190 138 130 12 118 171 255 255 47 255 189 144
    119 155 147 14 169 39 14 8 223 149 132 135 77 98 18 143 1 177 239
    255 134 255 204 251 53 114 73 28 21 228 255 101 40 42 255 117 69 255
    32 140 88 49 53 67 35 133 56 176 46 159 137 102 44 15 53 173 113 55
    131 158 194 255 106 168 194 224 90 209 2 28 92 86 32 65 93 128 25
    178 213 255 67 69 74 172 47 98 41 255 255 255 222 121 175 254 255
    176 104 39 249 215 231 5 249 99 16 171 27 0 243 32 6 97 65 113 199
    84 150 86 255 98 134 255 83 166 71 3 228 10 208 33 198 11 79 89 172
    7 255 201 59 5 98 168 255 173 146 142 84 72 13 230 161 236 204 157 5
    79 255 45 6 193 98 164 185 248 4 242 75 255 151 63 51 80 255 237 124
    244 70 126 120 198 161 203 8 89 13 74 226 142 135 14 176 50 79 32
    255 53 52 173 91 255 146 104 255 9 255 236 227 73 233 220 89 79 234
    88 63 204 207 205 9 237 242 78 187 98 162 237 159 122 8 234 253 255
    23 224 48 195 217 29 255 143 255 116 6 249 56 84 254 76 224 255 61
    75 37 92 20 253 171 59 177 52 219 255 43 223 89 255 39 28 226 126
    219 255 156 84 99 173 95 255 106 117 255 52 102 255 228 140 31 255
    100 255 52 244 44 29 46 255 195 134 119 223 134 112 166 127 116 70
    255 218 54 120 255 140 182 48 164 78 151 225 10 190 177 179 110 116
    181 26 16 255 34 202 251 30 167 254 255 82 233 147 11 190 155 210
    112 40 184 70 214 188 141 109 138 252 255 222 150 3 6 11 169 178 18
    255 247 186 255 155 145 133 132 231 251 103 250 134 173 130 107 84
    187 27 188 242 193 154 42 255 201 140 217 116 211 255 15 248 255 142
    59 79 61 56 214 166 15 255 48 142 255 255 217 6 136 131 255 140 255
    187 156 25 255 255 44 65 224 197 208 53 241 99 110 78 180 44 63 136
    171 22 48 163 111 218 220 233 255 134 4 97 32 252 255 149 41 255 41
    45 255 77 81 255 200 255 255 118 21 247 35 178 255 231 100 208 51
    240 61 5 217 140 207 135 255 19 102 194 226 248 199 43 230 44 160
    250 54 141 74 229 94 55 255 226 184 26 15 56 238 245 255 41 110 182
    255 146 140 211 82 244 255 106 43 93 183 110 112 8 13 10 169 189 246
    181 135 13 234 3 189 255 159 190 197 11 93 9 133 255 143 57 114 124
    9 101 97 104 28 37 146 57 246 188 25 207 46 255 133 137 16 118 255
    79 177 236 255 84 81 129 233 217 216 68 22 61 121 146 53 96 94 116
    115 14 158 118 150 40 168 237 85 43 255 221 52 173 87 80 73 83 140
    255 129 177 73 118 66 255 114 17 68 255 101 150 123 120 192 233 106
    248 19 123 164 255 25 203 251 27 228 255 170 241 231 93 248 67 174
    224 174 140 95 255 116 244 36 135 255 255 138 120 87 16 220 211 86
    108 136 224 175 98 103 110 243 242 148 8 226 238 255 54 187 230 120
    112 255 152 206 198 40 227 90 36 148 173 244 249 4 107 104 202 250
    159 101 195 252 212 217 129 50 130 255 138 51 75 107 40 33 183 85
    100 182 81 206 222 221 51 255 120 84 12 75 35 13 12 155 155 163 32
    255 6 41 119 77 54 137 79 102 75 206 61 26 10 85 193 181 255 255 183
    78 199 242 202 233 252 218 182 234 255 87 73 203 149 158 11 97 243
    34 120 173 120 65 23 104 149 141 145 255 54 159 31 73 76 235 31 255
    183 254 179 163 75 115 185 8 20 35 121 193 109 17 207 255 254 11 156
    171 98 37 234 45 168 146 151 249 29 59 103 113 255 36 167 130 255 86
    74 204 47 137 174 1 204 218 228 57 151 213 63 1 132 44 252 134 196
    255 193 152 136 255 111 255 74 248 255 160 10 185 157 119 255 232
    157 118 229 112 36 144 91 48 218 45 102 71 255 207 237 51 255 169
    199 151 57 85 255 58 79 129 39 41 255 68 28 183 0 255 209 8 255 137
    224 119 81 88 195 74 53 92 255 67 151 28 129 58 143 194 70 194 105
    186 255 136 172 193 36 47 16 3 128 255 226 255 163 76 255 249 95 163
    255 3 41 169 59 57 214 132 249 136 236 232 233 40 65 231 145 251 14
    154 231 119 228 255 255 3 199 90 18 55 214 51 72 131 160 75 49 103
    92 152 29 35 171 194 194 43 57 241 216 148 101 125 143 237 150 83
    255 56 11 129 199 15 255 27 177 255 255 208 232 234 47 144 111 227
    213 235 133 154 124 172 255 10 221 18 23 25 51 34 10 134 255 72 51
    255 163 119 19 108 134 200 120 168 13 255 161 180 220 131 50 27 214
    67 41 199 162 211 10 85 193 34 167 59 89 205 233 128 255 232 22 107
    3 47 191 138 89 209 193 90 255 73 138 255 175 107 255 223 52 229 183
    255 103 255 89 62 107 186 102 107 117 255 220 139 255 0 85 255 54
    240 255 179 172 67 218 255 255 35 186 37 37 219 225 18 83 255 122 77
    231 174 248 163 104 121 14 44 255 0 209 164 255 255 4 36 0 10 151 45
    34 36 59 78 180 59 247 255 74 255 93 170 40 218 216 255 37 171 203
    255 231 48 120 189 148 221 54 8 61 250 57 120 200 102 167 207 74 90
    251 68 151 100 154 236 97 94 203 206 177 243 8 112 180 59 143 167
    210 205 162 166 221 209 118 255 147 101 145 101 251 63 204 172 217
    48 9 193 255 252 12 47 245 124 255 203 88 255 157 61 19 253 160 124
    36 41 98 205 30 94 158 159 32 244 52 143 57 40 255 66 208 208 16 97
    216 47 143 205 32 88 76 246 51 239 161 145 133 255 25 142 11 75 107
    61 150 131 8 95 222 243 165 187 113 22 5 134 25 65 17 222 199 199
    217 83 186 214 218 28 94 143 209 83 137 140 187 233 235 41 72 15 254
    255 174 59 14 87 57 255 81 178 83 160 224 253 167 79 247 255 255 224
    204 163 182 80 218 97 253 255 230 236 207 31 240 25 4 102 186 124 53
    220 143 105 6 187 19 65 255 0 113 133 218 230 251 50 107 134 121 208
    255 104 19 85 163 87 97 0 192 10 116 20 189 175 225 118 151 48 255
    192 238 255 220 255 159 180 227 255 42 190 48 8 74 255 219 44 255
    191 199 98 52 182 155 91 111 255 76 128 168 216 255 13 15 194 84 120
    21 134 183 235 16 156 163 6 100 86 0 10 236 168 95 230 75 171 150 37
    141 94 45 104 119 76 84 145 168 29 236 68 220 237 227 95 107 255 133
    195 255 84 255 37 28 255 37 30 238 205 249 224 111 7 160 109 20 50
    141 74 73 180 100 233 246 109 36 36 67 203 255 242 12 93 78 217 255
    65 100 28 175 143 204 254 142 0 198 237 84 8 162 255 67 255 45 245
    57 62 229 98 185 8 17 255 62 54 75 182 142 238 4 100 255 227 56 138
    157 162 106 176 40 255 110 156 70 59 28 176 43 255 165 0 250 251 225
    195 48 125 7 57 233 15 21 37 255 127 164 126 90 255 54 85 255 153
    255 1 7 3 32 84 168 218 101 93 31 97 150 134 255 255 46 20 253 121
    89 56 179 94 65 232 179 164 115 15 32 12 64 151 107 214 30 74 107
    226 34 9 155 255 255 244 5 247 50 147 24 35 164 176 99 39 255 255 78
    47 194 84 200 62 214 132 189 255 224 21 99 211 131 28 76 0 9 241 229
    12 1 17 34 253 255 88 247 255 219 20 79 105 131 255 149 168 26 26
    185 12 255 34 32 136 79 107 255 236 231 238 233 255 118 255 218 140
    250 31 207 222 255 191 239 150 160 255 255 85 243 225 72 54 233 109
    39 103 171 124 111 106 148 3 105 161 62 0 39 199 217 188 70 175 155
    72 62 22 160 93 11 75 74 225 48 131 130 255 60 230 200 219 59 81 72
    255 205 119 188 47 144 146 255 243 228 248 54 101 255 208 108 255
    164 186 255 90 44 162 43 161 25 23 11 209 198 166 112 166 255 97 255
    32 255 254 99 0 127 70 133 223 168 255 88 101 255 76 26 200 49 131
    255 163 85 252 233 243 155 34 128 255 9 110 56 174 199 78 140 130
    110 211 104 151 5 57 62 20 255 255 11 135 255 37 128 99 99 207 98 55
    251 255 87 123 255 157 51 255 226 124 255 12 3 255 210 98 213 199
    118 78 97 44 0 100 51 255 24 19 26 146 229 162 102 162 255 126 148
    255 70 29 155 111 200 107 97 232 226 162 6 221 178 152 255 197 3 109
    255 55 255 67 6 107 169 255 17 245 183 177 113 14 28 70 84 152 96
    160 118 255 32 141 39 173 37 178 143 169 225 18 255 124 67 111 55
    247 169 74 174 50 141 179 163 29 235 243 220 73 255 128 97 137 40 45
    168 191 128 116 126 238 138 246 61 236 111 218 255 117 241 221 95
    255 253 59 107 255 105 30 79 140 242 17 145 118 35 15 30 6 82 92 146
    185 108 105 112 26 141 12 242 159 54 174 255 180 39 43 46 149 50 64
    224 21 208 194 87 158 160 97 136 124 160 80 194 255 73 78 146 81 113
    181 82 13 98 127 230 255 85 78 39 138 230 255 255 209 68 156 57 61
    255 176 127 56 137 198 107 69 34 255 184 212 194 205 203 100 200 233
    217 150 65 44 145 67 82 12 151 133 227 9 83 224 165 43 115 255 243
    255 255 232 58 167 255 97 114 201 255 89 245 39 199 172 214 154 162
    236 123 7 213 255 69 209 255 157 57 255 50 251 217 163 77 156 131
    255 115 122 255 132 154 22 41 44 58 125 124 248 65 213 41 132 194
    232 255 105 246 36 116 44 255 55 21 23 199 216 54 137 106 209 76 62
    1 167 129 44 64 255 98 104 187 47 65 10 116 136 198 159 240 119 255
    49 155 28 135 235 255 9 2 255 7 7 88 31 214 189 47 196 255 39 176
    248 255 167 103 136 141 216 97 217 255 169 76 213 28 138 79 122 250
    234 184 255 182 129 235 39 107 113 231 242 42 106 65 229 255 84 58
    48 204 32 255 99 126 255 50 250 18 133 187 195 78 255 255 211 174
    141 246 28 218 93 76 84 2 89 36 67 72 93 58 162 255 70 86 168 174 99
    164 83 243 67 130 255 255 222 219 202 71 28 85 142 208 229 31 161
    255 213 162 255 177 28 255 247 94 249 253 85 16 160 255 43 242 26
    255 18 32 255 197 130 101 66 165 125 219 255 227 134 73 239 58 11 96
    85 243 116 73 88 195 30 20 36 78 164 50 255 255 110 255 141 156 67
    221 235 58 255 205 144 250 255 124 166 255 239 217 255 246 28 26 129
    252 110 9 163 3 29 73 255 228 159 151 107 175 255 56 36 165 105 184
    59 126 255 164 176 84 208 80 255 65 153 134 121 75 222 13 177 35 255
    255 197 214 203 14 242 43 117 193 72 251 214 98 14 146 177 231 110
    148 101 255 75 199 255 30 41 204 188 216 255 183 88 255 78 168 255
    255 238 165 230 252 18 27 229 185 214 255 182 250 39 53 176 255 242
    52 112 160 49 8 71 242 73 87 33 34 255 254 195 19 85 115 225 127 94
    22 148 115 252 234 37 32 219 209 14 88 62 225 81 100 255 238 196 145
    219 159 25 214 135 26 196 33 212 92 105 255 112 196 54 211 236 255
    146 243 103 76 254 13 69 40 255 66 208 230 255 255 255 192 124 36 60
    77 76 182 94 127 87 97 242 138 46 96 134 44 17 198 210 8 225 205 152
    248 97 83 158 137 255 161 205 242 39 255 255 6 11 255 206 108 106
    243 110 255 194 253 44 47 138 83 224 25 150 225 247 101 53 149 65 79
    171 30 141 26 255 184 123 150 79 20 137 217 255 35 223 205 22 156
    230 26 194 32 193 255 77 93 75 255 131 239 14 25 172 229 115 157 122
    47 74 255 37 222 255 216 212 255 105 73 115 134 129 255 152 31 6 58
    5 181 83 121 108 147 224 255 199 205 140 5 186 37 12 78 171 155 50
    120 255 21 124 43 123 111 255 10 188 140 67 98 116 225 68 255 45 216
    255 127 2 155 97 187 84 22 184 243 188 196 255 220 215 181 19 48 154
    133 190 80 168 255 158 161 193 21 86 226 165 240 150 121 10 240 158
    102 255 137 67 17 255 223 123 255 28 149 75 136 255 255 73 255 65
    156 210 88 22 172 238 27 20 255 107 127 224 218 160 43 82 74 88 88
    23 249 183 255 255 240 119 18 243 189 49 48 14 255 187 23 128 69 131
    137 99 150 246 160 157 255 212 203 149 209 61 9 83 184 194 143 226
    99 73 95 131 87 198 255 255 231 65 231 52 28 118 32 234 78 9 236 208
    224 229 118 1 218 122 222 63 101 127 132 245 241 158 206 102 202 6
    121 231 62 23 59 177 67 16 206 140 44 226 142 109 95 35 103 99 155
    56 255 41 147 120 230 222 105 81 236 197 52 218 98 28 136 85 186 159
    29 228 255 107 123 187 40 56 164 35 25 198 35 138 32 171 187 116 55
    163 205 161 31 14 136 255 48 103 61 211 177 119 247 255 130 18 162
    189 19 130 9 255 207 170 253 50 175 255 160 189 133 102 39 255 16
    143 53 207 67 224 53 53 213 234 43 115 170 174 54 123 75 255 154 107
    178 71 124 35 140 139 171 212 34 94 184 78 168 223 43 53 75 42 8 3
    97 40 179 231 67 255 121 253 68 178 209 92 99 200 154 255 4 99 255
    67 17 33 47 143 8 255 93 119 112 163 239 31 140 226 255 143 232 255
    220 218 255 17 172 255 52 229 255 250 143 255 72 15 16 87 20 45 36
    62 4 219 243 54 122 85 18 69 54 255 232 190 8 240 140 255 151 50 140
    2 108 255 174 115 176 26 52 140 121 39 221 231 199 217 226 109 224
    135 59 255 103 165 21 255 255 96 93 2 158 27 42 164 67 84 9 110 202
    40 219 58 255 87 91 255 153 160 221 36 143 23 245 224 41 9 255 164
    245 255 120 78 168 231 130 55 193 228 28 94 73 133 183 113 28 255
    153 87 255 103 255 90 186 185 146 245 104 44 143 96 52 26 26 255 125
    255 131 60 148 79 103 55 198 125 77 172 131 139 255 145 184 255 54
    193 52 225 143 199 143 162 147 65 206 249 20 101 194 91 75 101 5 104
    246 186 40 63 246 255 255 203 109 54 87 244 109 96 255 102 19 190
    255 174 55 0 61 37 255 247 121 90 208 90 45 69 228 158 243 177 185
    118 194 204 174 2 3 140 98 255 22 13 128 166 157 255 5 205 109 57 32
    67 120 105 198 7 126 134 197 197 199 167 59 145 92 231 143 239 247
    255 48 193 62 143 205 255 122 220 9 255 134 56 120 33 222 23 255 178
    255 143 26 98 254 57 193 189 111 67 190 180 67 255 99 68 141 145 255
    168 92 148 65 255 186 186 48 255 99 88 254 154 39 171 170 255 8 154
    190 39 15 231 61 182 17 173 129 102 155 73 79 182 106 255 229 159 40
    146 51 152 9 84 36 181 76 255 86 175 224 70 242 255 225 51 255 2 37
    217 184 37 168 209 25 127 26 237 162 183 255 132 99 23 168 125 255
    255 158 195 255 92 31 154 12 26 92 163 195 176 142 177 182 160 75
    255 5 233 255 240 105 80 18 255 147 23 255 22 180 175 43 208 218 44
    9 219 39 15 170 143 29 80 255 59 242 183 18 215 168 86 53 255 69 238
    110 6 165 173 94 137 255 255 179 106 37 73 213 95 199 255 7 255 88
    45 211 30 255 0 203 183 89 102 15 3 30 67 121 102 118 4 236 213 101
    114 186 189 172 70 85 248 198 161 109 134 68 222 76 186 141 175 44
    14 198 4 234 224 255 255 128 197 216 162 142 205 224 23 255 97 215
    17 247 20 255 250 145 19 246 67 205 0 58 103 78 149 160 12 171 163
    111 253 196 163 116 255 48 35 255 16 196 129 37 255 49 130 170 229
    134 14 226 52 2 17 8 181 255 109 255 255 137 131 85 4 42 71 182 255
    89 78 184 255 161 192 226 246 77 209 133 76 227 54 148 34 167 255
    107 177 163 255 217 190 134 175 41 255 40 56 246 228 145 229 43 100
    174 172 239 25 206 178 45 214 92 227 83 219 160 249 255 177 168 232
    167 75 255 109 71 172 233 252 255 202 248 197 72 11 99 128 67 226 39
    105 255 196 178 210 61 99 197 50 107 165 81 159 207 99 131 146 255
    75 244 255 223 91 41 140 86 13 76 155 36 25 28 123 189 143 66 3 122
    114 151 249 255 19 84 120 224 74 34 151 141 195 171 43 106 210 63 10
    217 247 39 12 149 79 82 76 115 140 243 105 105 166 238 108 79 255
    255 249 137 11 254 58 119 139 214 132 36 71 255 28 47 217 255 6 252
    255 246 164 116 255 248 224 255 255 255 255 4 130 255 194 248 141
    119 255 255 102 177 255 46 218 255 154 92 74 233 91 255 202 11 12
    255 171 162 202 142 165 74 255 90 199 235 94 1 228 200 87 142 255
    255 210 214 255 9 255 174 188 78 186 36 255 82 122 255 16 167 171 16
    254 217 131 186 255 58 45 3 4 117 255 255 90 52 252 152 110 202 144
    123 195 128 255 100 255 54 88 160 54 186 73 5 113 206 52 77 250 47 7
    108 49 12 90 255 239 101 103 125 224 119 92 79 83 205 255 255 33 255
    255 185 189 12 188 154 63 146 154 62 73 182 68 200 255 231 83 255
    255 21 198 43 177 156 59 134 44 37 135 255 66 185 132 158 209 143 43
    177 160 28 30 255 141 145 148 213 174 129 187 92 209 165 210 20 152
    93 96 41 116 255 88 118 2 34 239 252 218 169 106 242 97 153 67 82
    137 138 143 144 141 177 72 52 24 142 255 255 206 171 30 87 255 148
    170 97 34 174 211 65 255 127 255 250 149 149 90 171 51 24 25 178 110
    185 186 139 94 32 255 65 255 217 204 224 218 207 57 255 1 14 46 185
    15 66 164 255 248 255 124 246 62 198 142 183 45 146 43 237 255 255
    154 237 118 122 199 213 33 87 255 132 198 93 95 26 27 21 7 1 37 104
    255 204 211 244 43 255 208 115 25 169 189 255 255 90 216 19 2 250
    255 152 160 247 100 252 182 144 248 178 170 129 172 54 232 168 131
    12 121 0 110 57 255 216 107 160 6 133 202 45 115 85 89 195 73 85 138
    0 18 111 9 255 17 160 255 142 192 10 208 212 218 229 255 92 255 49
    142 221 1 144 174 57 177 39 136 121 10 129 122 244 1 91 150 54 255
    176 156 41 169 240 148 76 92 237 160 137 255 255 142 255 1 174 97 1
    55 20 220 79 55 140 8 167 34 80 230 181 192 244 255 47 244 159 43
    153 255 92 165 65 24 219 255 16 141 255 77 22 30 211 148 25 240 100
    47 60 139 111 198 226 129 193 76 70 35 69 178 96 23 198 216 213 255
    250 59 72 100 220 217 7 84 31 58 26 193 198 202 89 142 113 10 31 36
    255 117 255 89 98 10 255 22 222 47 98 237 204 195 207 212 79 255 216
    125 254 196 232 78 221 236 200 47 170 120 255 30 37 193 207 248 6 24
    252 248 34 23 8 131 167 92 155 48 218 179 36 255 251 211 255 151 246
    45 217 127 116 66 105 141 78 166 222 85 15 88 204 77 189 197 168 94
    82 146 255 182 11 255 15 152 110 43 135 118 26 34 195 64 203 255 210
    18 110 72 208 255 181 68 134 222 99 71 203 148 150 211 34 124 88 81
    49 1 121 124 99 240 57 182 56 235 23 91 115 177 216 255 191 182 10
    233 92 43 255 18 205 169 130 217 234 126 34 153 196 45 51 240 218 73
    50 101 183 209 88 132 202 240 146 78 10 46 43 255 134 242 255 81 132
    137 15 76 45 183 221 6 206 134 189 196 67 61 144 17 106 7 152 158
    255 199 155 123 87 204 249 192 255 1 255 143 60 221 172 227 145 249
    222 113 185 84 162 14 222 76 58 111 18 225 110 75 255 101 98 221 35
    34 19 153 122 125 42 237 36 211 50 28 176 43 255 132 61 251 29 132
    234 194 214 123 203 250 255 210 129 218 54 52 255 94 19 8 178 66 248
    227 80 255 249 139 185 202 1 167 130 183 195 162 198 162 45 89 72 54
    129 255 18 255 87 175 134 255 14 145 79 21 34 255 222 164 35 161 255
    39 93 203 80 100 119 141 170 202 156 168 171 96 255 250 124 200 144
    123 216 122 84 236 232 231 95 166 191 75 119 255 29 108 163 172 228
    120 65 134 85 33 39 45 26 132 208 78 131 28 255 85 255 11 23 255 95
    250 110 9 30 234 31 145 18 8 255 255 176 53 5 120 35 103 87 163 255
    10 194 182 249 199 253 137 14 52 68 28 176 7 255 44 245 73 224 37
    221 111 106 195 167 12 166 238 247 123 168 91 255 31 24 255 255 200
    198 67 197 33 167 255 42 147 147 162 255 70 255 103 255 52 181 203
    59 209 81 124 255 9 167 138 189 76 255 123 216 10 229 86 255 12 167
    216 62 66 101 87 2 116 169 36 99 254 110 167 45 255 255 249 69 242
    163 87 19 41 224 41 160 237 255 76 151 255 118 2 255 170 3 255 198
    247 9 197 198 81 55 183 255 142 89 255 85 83 255 211 77 230 137 240
    158 59 35 102 177 22 136 189 243 118 176 235 26 4 117 76 30 243 255
    134 45 88 153 34 138 233 28 56 178 176 247 184 35 48 132 115 255 126
    159 19 236 3 253 77 129 248 30 182 164 44 249 255 160 134 211 6 119
    110 68 213 255 30 170 160 129 119 216 57 236 112 223 59 62 43 255 56
    248 110 214 244 148 80 198 22 244 148 36 155 212 28 45 255 255 49 11
    196 129 172 184 255 77 6 255 253 32 255 254 185 17 88 69 6 244 90
    133 229 42 127 206 190 165 52 221 101 35 193 132 255 68 134 134 210
    149 7 142 59 110 153 255 180 29 255 99 233 255 196 230 23 119 207
    194 155 75 96 18 6 59 70 53 199 255 117 32 213 50 255 44 25 255 98
    111 255 160 181 224 191 249 17 169 220 26 170 121 183 195 217 255
    163 174 160 71 80 124 239 235 222 179 172 39 118 112 213 189 25 19
    152 251 165 250 88 32 255 255 103 91 175 247 178 253 12 12 173 255
    130 126 227 203 14 8 52 19 182 173 72 255 88 211 114 118 28 93 133
    67 255 140 255 132 34 0 255 129 89 37 113 132 255 232 194 18 48 196
    34 19 255 242 136 140 211 72 255 225 50 255 26 74 41 34 248 179 238
    58 126 9 142 175 212 77 70 106 217 173 143 246 21 83 90 13 186 138
    28 255 185 144 16 94 117 57 78 23 212 39 146 255 45 255 252 85 63 35
    255 230 243 123 186 255 255 157 141 255 167 255 249 99 114 92 131 8
    85 104 220 197 185 202 154 255 78 25 184 53 123 118 247 72 91 5 124
    187 143 255 107 138 203 48 255 171 255 217 132 156 132 121 157 255
    43 255 255 248 126 255 202 218 101 12 64 226 24 190 255 169 252 90
    41 85 125 172 94 36 255 34 255 49 26 227 199 243 255 68 8 185 86 36
    240 53 24 255 74 42 255 18 255 255 115 255 19 36 227 101 115 131 220
    223 134 136 88 157 152 157 88 194 70 220 248 44 94 8 60 255 101 123
    25 105 174 56 159 231 78 134 138 37 67 255 211 74 64 166 255 124 186
    243 121 255 185 163 77 58 131 92 8 79 128 213 222 124 116 74 168 147
    110 210 37 248 89 110 106 9 13 116 233 88 127 118 255 235 67 71 209
    127 172 152 58 255 5 213 252 237 235 125 234 236 255 125 251 255 57
    204 32 123 202 14 147 66 198 103 168 172 123 194 255 131 149 66 162
    25 199 80 80 89 135 211 220 113 28 255 78 251 255 226 178 162 150 33
    199 17 117 248 28 210 32 246 190 98 37 26 189 79 167 111 69 167 255
    173 207 149 27 121 53 250 253 253 220 34 249 62 255 103 191 11 255 2
    129 66 238 1 138 163 135 240 44 10 255 130 198 173 124 57 246 19 34
    90 168 255 31 168 62 209 180 171 120 24 145 3 198 177 14 163 151 125
    53 143 217 251 205 89 18 119 118 195 211 53 44 0 57 223 204 97 161
    75 23 42 159 132 219 255 27 83 50 255 178 195 103 189 204 1 201 141
    243 246 148 0 86 227 255 18 255 255 34 2 255 138 167 47 219 232 121
    186 188 99 209 107 202 117 255 37 188 255 255 112 190 1 109 226 174
    56 255 16 55 255 115 5 255 88 131 142 255 255 17 255 17 233 180 127
    229 35 231 140 127 86 128 230 239 255 255 238 120 218 23 221 23 123
    47 255 55 89 255 224 56 28 120 102 227 11 249 255 228 41 93 154 7
    200 185 255 9 255 54 141 208 252 70 94 144 255 29 131 43 255 255 41
    195 243 255 1 116 40 120 219 218 117 110 253 138 187 162 189 9 8 7
    78 10 68 152 137 97 7 131 173 246 173 161 177 36 153 131 102 146 72
    54 76 43 71 136 72 240 76 0 255 87 41 255 6 67 132 31 109 49 219 99
    255 94 252 93 27 96 92 2 205 229 148 162 27 146 80 255 51 102 99 164
    247 204 155 100 103 255 255 44 77 84 30 116 210 255 128 255 25 181
    26 255 107 255 41 59 31 57 128 255 53 162 44 229 85 224 255 194 4
    255 163 196 75 0 134 248 95 166 110 164 74 255 244 117 186 142 78
    134 125 29 239 66 255 183 31 65 48 192 233 34 80 209 255 184 35 255
    31 35 225 211 98 80 147 44 80 255 153 255 212 10 198 77 164 255 9 10
    255 187 12 255 105 193 255 50 113 255 229 214 141 234 228 90 31 25
    27 255 30 140 217 232 75 73 54 189 61 149 249 9 7 10 37 59 212 141
    126 255 255 8 255 127 255 141 246 233 34 242 111 255 14 249 202 7
    170 255 205 31 185 234 217 50 64 253 16 60 255 41 32 45 146 223 220
    54 248 116 151 196 3 110 162 157 178 236 132 200 207 73 255 12 29 57
    252 62 255 195 129 255 199 52 123 245 39 18 41 204 35 154 239 202
    255 254 255 152 176 255 255 255 202 133 41 50 216 43 6 200 14 208
    132 255 207 228 188 5 218 175 255 168 8 235 189 172 141 158 96 255
    50 255 52 73 48 6 109 109 255 58 255 217 169 255 149 243 166 138 183
    255 255 192 11 255 225 118 4 142 246 120 107 72 214 238 31 58 44 140
    70 136 190 123 103 99 40 246 195 196 85 242 178 67 227 160 233 128
    207 10 89 255 163 197 255 104 133 88 82 236 255 73 79 158 158 22 36
    35 226 255 11 255 21 199 87 203 171 232 146 119 255 255 52 12 53 1
    151 9 77 255 247 85 182 255 214 220 56 28 70 255 22 255 105 168 97
    66 201 173 226 92 139 123 41 102 90 145 133 252 255 202 54 21 41 79
    106 161 255 19 85 74 223 28 28 113 249 204 22 196 164 6 194 253 25
    115 110 16 182 189 60 67 79 19 133 10 146 57 56 255 58 191 180 255
    75 91 231 131 222 91 172 238 255 205 208 249 193 245 224 255 242 92
    216 197 186 247 136 171 134 240 215 207 85 111 178 86 221 84 177 215
    127 15 160 234 41 238 27 108 112 1 29 50 9 116 188 47 255 96 32 1
    186 255 225 239 160 8 220 255 19 94 255 67 250 71 226 255 196 126
    241 207 214 162 103 73 24 255 255 127 26 216 255 178 242 146 189 61
    198 255 80 62 255 21 1 71 59 78 255 9 255 162 105 102 27 244 0 31
    255 199 97 158 1 76 235 89 255 198 164 248 70 145 63 191 249 255 85
    138 5 1 123 231 76 241 92 246 230 240 153 107 229 62 162 92 0 26 133
    135 203 97 191 39 85 73 50 217 228 190 255 117 231 255 96 193 207 36
    26 213 247 215 48 57 164 187 176 54 84 146 19 255 136 51 26 108 255
    63 39 25 182 246 2 186 255 149 243 173 111 255 98 165 191 178 70 253
    199 20 39 225 145 255 196 129 109 19 110 36 31 81 255 36 152 155 255
    18 13 136 54 255 230 217 178 1 168 255 112 77 134 196 255 178 246
    164 10 199 255 255 29 233 45 197 173 138 236 104 200 122 154 255 255
    96 41 67 39 208 69 208 121 10 202 255 103 46 255 200 113 115 55 22
    134 177 255 255 164 157 255 214 250 216 203 100 164 126 34 84 68 34
    150 255 50 255 204 211 17 169 247 191 253 254 189 236 100 168 161
    211 149 252 157 251 149 79 151 18 44 251 133 45 156 255 249 3 149
    209 98 238 23 119 181 20 6 224 255 9 144 244 255 176 78 102 46 185
    207 251 185 211 4 248 163 220 34 173 176 55 80 135 58 124 179 235
    255 201 78 172 182 172 255 199 237 102 180 255 229 97 175 65 49 96
    103 15 115 165 135 227 255 161 64 255 181 176 255 147 33 255 186 135
    145 212 205 255 1 37 255 213 8 178 181 255 6 54 157 193 140 178 70
    211 206 255 255 123 255 225 255 13 169 247 255 20 106 169 178 117
    255 160 129 255 90 195 19 32 135 58 223 30 159 62 97 125 91 86 32 19
    102 94 24 119 249 220 202 146 42 65 127 5 255 5 222 255 255 29 75
    169 255 230 1 80 65 196 157 36 255 157 255 255 81 132 83 15 101 96
    174 134 172 124 211 255 226 150 134 210 24 255 182 45 154 5 9 255
    167 246 44 253 79 255 58 252 31 43 54 30 59 197 255 39 31 136 217
    219 112 14 149 177 217 151 200 245 138 233 245 80 255 107 67 146 164
    146 218 124 187 255 255 170 31 16 152 97 4 54 142 237 255 255 131
    214 244 23 25 21 149 22 255 255 146 150 232 255 243 243 198 149 253
    255 58 15 59 84 157 59 116 118 46 13 8 78 191 26 141 165 23 172 65
    132 247 171 96 211 205 90 132 156 32 36 255 95 207 255 230 209 128 8
    205 248 151 246 255 43 37 247 169 255 214 51 92 155 210 106 227 53
    74 84 191 53 255 32 2 255 4 159 26 235 255 134 67 1 125 112 41 56
    208 127 151 213 198 255 111 240 193 79 83 255 33 36 10 29 208 255
    150 100 106 47 66 255 103 128 255 32 211 243 221 117 65 15 109 181
    73 121 85 33 50 32 160 121 137 194 31 255 64 255 181 90 202 37 141
    41 6 239 206 211 200 29 255 173 255 255 136 72 80 64 8 79 61 94 249
    150 7 89 56 220 125 40 186 50 125 44 155 35 237 221 88 48 168 211 37
    186 208 54 14 73 80 226 180 172 255 70 129 134 123 209 116 80 194
    177 142 195 212 133 254 136 20 190 101 231 86 198 100 143 26 110 233
    191 135 208 221 248 195 99 82 247 32 254 40 255 143 160 168 174 77
    255 23 131 218 101 25 255 30 247 248 203 244 204 220 86 255 99 45
    255 75 96 255 65 252 40 194 228 80 50 255 6 130 170 105 171 208 23
    135 31 230 149 51 246 39 145 255 91 193 220 2 133 207 240 99 207 19
    132 255 233 140 138 218 24 178 183 11 71 238 221 255 133 251 141 152
    181 76 247 56 152 124 193 255 228 255 146 144 109 22 227 255 173 175
    241 255 210 216 255 152 92 255 255 9 247 202 59 162 223 141 59 16
    255 255 193 19 167 15 155 85 219 247 17 201 200 39 186 255 1 221 244
    37 119 225 154 100 64 110 203 255 40 186 115 220 246 18 102 50 123
    181 255 252 255 94 87 61 155 241 255 124 205 255 227 92 74 167 152
    68 85 74 227 178 69 255 4 22 158 145 127 173 221 90 255 138 239 146
    123 115 151 196 250 207 112 61 255 125 21 128 188 149 255 110 79 229
    242 142 43 191 2 255 147 141 6 4 43 220 25 94 255 14 74 176 136 117
    189 70 244 171 75 252 9 163 105 5 144 243 172 117 207 240 27 109 143
    144 179 235 41 216 112 94 151 131 255 59 255 90 137 62 68 40 40 46
    30 4 67 237 255 174 36 83 26 165 23 108 206 4 30 184 181 62 145 71
    233 255 27 124 120 129 255 237 225 230 32 255 132 237 56 26 79 133
    255 255 34 155 206 89 107 203 37 14 172 6 118 121 40 156 195 190 49
    194 236 223 30 220 25 246 1 53 171 27 56 144 123 60 21 234 189 253
    255 106 124 255 2 255 8 35 171 177 82 23 94 128 130 244 255 105 255
    95 173 242 124 202 193 186 4 27 4 15 70 232 117 255 238 7 124 42 255
    145 153 22 244 133 105 255 20 13 255 35 160 200 73 207 224 3 148 180
    180 18 255 129 78 255 98 222 255 67 255 85 196 244 27 160 255 168 51
    188 227 181 145 236 50 67 19 164 213 255 7 90 236 219 6 115 43 255
    97 47 171 154 179 214 164 119 17 21 156 243 255 145 224 199 83 228
    89 200 181 181 184 172 255 40 37 255 161 255 255 233 213 255 81 8
    121 85 140 255 211 252 14 35 165 255 44 255 189 54 28 255 21 84 255
    64 244 110 157 48 242 111 226 229 255 47 255 58 143 255 174 149 103
    22 4 137 247 255 209 255 255 36 31 28 255 76 137 105 42 155 66 26 47
    186 123 202 255 117 113 81 109 217 242 19 119 74 0 250 255 146 255
    255 171 118 255 255 198 4 233 35 63 233 157 54 94 242 84 18 162 109
    55 203 30 60 197 34 58 123 249 167 253 90 167 14 163 243 46 127 85
    138 63 1 255 159 205 235 138 237 242 239 145 153 195 96 255 70 86
    255 21 150 231 158 210 255 13 20 222 255 198 177 61 255 84 54 145 51
    35 99 255 209 76 140 34 161 46 94 65 255 156 46 132 8 156 24 141 220
    6 255 48 96 236 17 56 177 43 128 12 222 123 255 112 226 214 148 255
    255 135 18 204 46 20 255 43 221 255 204 231 18 225 209 107 120 210
    255 160 45 187 249 255 255 239 206 1 49 23 243 242 99 152 209 162
    119 69 133 255 0 255 115 180 255 114 60 255 147 112 230 19 9 87 255
    178 19 120 255 129 138 1 123 171 95 95 212 250 205 255 169 242 152
    90 239 5 234 116 255 176 255 255 56 203 112 47 220 39 249 57 132 200
    121 12 34 202 53 149 163 178 191 224 255 134 2 255 156 21 172 153 12
    255 73 80 75 99 111 41 43 255 37 98 94 178 85 195 229 156 254 194
    223 56 255 180 202 164 99 248 27 91 204 34 64 237 208 92 196 53 129
    59 193 51 205 58 226 92 255 144 6 255 16 226 9 97 181 37 29 154 255
    45 37 255 140 155 78 131 50 150 127 233 198 228 55 105 229 255 199
    240 73 96 88 111 102 243 248 9 58 107 249 0 240 84 153 4 191 106 168
    172 155 8 172 47 177 199 93 255 255 118 17 78 170 235 172 116 232 70
    53 231 93 1 77 111 226 155 255 80 91 211 200 13 35 6 152 255 163 128
    252 255 255 19 86 62 255 230 218 159 187 251 90 19 242 255 143 72
    221 189 204 59 19 8 176 133 124 236 209 255 152 124 75 255 255 227
    34 46 241 244 32 17 242 255 90 255 236 225 255 95 84 255 156 89 255
    255 77 132 224 37 242 234 84 202 232 120 34 180 218 234 255 181 213
    35 157 145 85 255 186 198 151 6 212 255 83 221 174 151 189 151 88 52
    90 248 207 32 255 17 29 121 66 55 253 167 190 255 226 254 255 146
    244 255 19 24 118 111 3 212 33 20 149 103 153 1 113 131 255 243 140
    76 90 182 142 140 94 120 32 75 240 255 167 202 201 25 255 44 161 181
    223 44 255 61 85 251 254 48 205 3 213 14 18 246 218 51 62 59 128 11
    99 85 176 255 40 255 66 124 178 189 77 69 8 50 22 255 32 31 70 142
    139 142 161 255 58 50 252 155 18 189 255 195 143 84 60 131 173 105
    208 255 42 209 83 14 58 255 62 8 115 61 183 193 186 167 120 255 80
    92 233 159 19 247 12 200 236 56 106 23 123 249 130 255 167 7 255 18
    232 157 78 255 24 58 95 139 4 176 62 176 31 106 255 55 154 255 16
    176 137 230 222 221 198 210 255 251 85 9 1 156 255 236 95 83 98 46
    190 122 207 36 175 66 30 134 255 6 153 229 255 120 146 99 141 124
    194 17 133 39 47 237 48 222 115 209 83 175 94 255 67 255 176 215 198
    113 95 16 77 145 49 223 30 187 223 154 177 119 227 50 57 53 213 221
    87 1 62 137 235 74 140 236 55 21 255 218 240 255 16 145 52 129 77 99
    152 141 222 21 63 255 85 250 75 71 97 255 170 194 180 237 148 255 81
    53 49 149 255 1 74 215 35 233 109 160 255 94 190 141 139 255 174 42
    255 55 13 178 91 209 131 57 11 30 229 43 84 12 194 78 118 196 87 156
    24 80 82 186 171 192 65 138 81 255 116 55 255 255 12 171 195 90 175
    62 25 214 74 185 238 85 99 140 208 59 156 62 204 94 255 141 76 255
    70 80 255 97 161 120 175 243 204 194 236 194 1 107 127 202 7 180 232
    13 205 49 132 235 235 25 239 107 36 255 6 39 35 46 63 249 242 157
    255 212 172 187 32 18 171 28 177 189 59 196 17 197 72 127 179 88 233
    14 15 225 226 32 124 76 154 255 128 73 141 99 44 154 168 75 255 158
    216 183 121 255 12 73 41 57 141 116 255 3 106 121 57 255 75 126 1
    167 237 70 255 155 174 25 54 112 251 236 213 194 250 189 165 65 15
    240 42 235 255 216 167 218 255 1 134 77 139 185 81 108 75 136 203
    255 170 0 185 255 236 147 229 22 255 82 167 196 96 241 145 151 139
    159 227 2 155 237 94 200 51 195 1 205 133 178 74 3 5 166 45 255 47
    247 93 128 253 167 77 161 255 37 84 255 166 160 173 137 85 13 255
    235 154 95 104 76 249 190 255 108 37 109 51 63 68 65 143 115 224 246
    213 195 96 74 200 51 218 9 17 88 145 148 81 199 230 141 191 17 41 2
    148 253 228 12 57 22 175 209 205 190 240 200 75 115 178 255 164 93
    237 90 27 124 207 4 34 209 26 145 17 238 228 5 255 144 255 11 193
    140 55 255 68 112 230 211 37 194 255 78 42 80 200 52 107 65 110 199
    61 166 247 192 22 21 54 75 255 188 91 255 233 150 31 109 203 211 243
    22 160 91 178 35 9 250 255 157 209 151 131 139 52 225 167 151 182
    208 22 33 98 89 40 217 1 68 88 255 242 229 230 219 186 48 39 119 165
    59 255 123 124 143 255 175 167 234 25 255 61 137 89 92 107 67 255 68
    206 255 2 128 151 118 255 37 5 48 9 133 235 208 162 159 85 91 76 255
    225 133 255 142 225 255 7 76 140 213 233 209 194 176 89 25 178 224
    146 65 185 237 12 162 120 72 255 129 59 169 205 21 187 224 213 75 8
    206 255 226 162 242 51 255 25 132 240 229 140 255 169 0 255 115 231
    124 173 100 222 72 30 53 208 127 117 68 29 77 255 157 214 255 107
    196 150 122 156 57 90 89 177 209 123 156 50 133 255 255 239 207 201
    238 9 160 132 34 161 255 62 48 54 13 231 50 222 59 131 255 255 63
    253 53 67 255 210 41 255 169 186 146 249 12 255 86 235 121 149 102
    151 204 11 32 245 255 255 49 236 89 240 171 193 3 47 68 187 115 255
    140 185 176 133 74 255 211 11 78 235 230 255 252 61 255 126 42 255
    178 39 255 143 195 116 217 24 255 110 162 255 255 255 22 251 131 14
    7 79 107 158 215 182 253 198 255 91 10 207 117 186 255 132 238 151
    183 87 225 200 188 28 57 139 105 156 238 65 136 229 255 181 199 70
    94 14 173 245 237 255 159 203 145 28 74 74 127 45 255 36 4 255 171
    207 255 3 255 147 243 255 160 110 42 76 222 43 218 113 230 255 209
    19 255 194 197 92 26 239 67 242 255 4 187 119 84 253 15 140 182 255
    19 66 255 116 250 12 59 242 255 85 185 185 225 86 218 255 222 4 171
    197 224 103 12 250 138 127 129 255 84 87 143 255 187 181 140 135 255
    223 138 30 110 255 231 85 87 255 248 145 137 117 55 255 101 209 143
    214 209 112 135 255 71 72 255 0 254 86 121 230 228 74 53 255 138 128
    255 221 148 156 233 255 83 255 234 213 255 109 217 159 57 182 255
    193 59 203 45 28 222 130 255 182 130 255 227 214 133 189 57 94 149
    19 7 255 8 36 102 77 162 79 35 63 255 81 108 103 221 255 186 23 20
    111 255 179 183 80 117 101 58 8 35 118 230 110 178 54 187 97 255 70
    48 2 255 52 88 255 47 58 255 236 209 229 214 108 150 44 184 151 217
    61 102 117 255 227 254 197 25 48 255 120 255 210 242 122 249 255 255
    40 178 130 95 230 153 121 249 35 179 36 115 128 177 39 54 71 62 255
    17 149 43 255 134 255 255 115 184 65 24 44 101 66 55 67 90 10 171
    203 68 74 146 142 198 142 131 58 16 119 255 86 255 25 75 255 255 9
    235 255 154 110 146 76 0 238 221 194 249 58 193 240 146 199 252 175
    224 66 90 80 85 242 1 80 91 74 83 142 241 156 24 74 105 118 17 119
    252 29 138 47 182 129 115 172 158 198 248 193 253 83 65 216 156 244
    127 58 218 92 255 181 34 255 131 239 164 255 98 211 150 214 126 133
    110 148 137 93 118 25 145 238 66 126 255 4 214 226 75 122 250 99 118
    153 21 219 24 255 242 192 93 97 165 66 160 85 92 142 97 8 192 106
    255 25 127 89 181 166 173 173 26 255 21 199 140 1 98 133 61 255 66
    31 161 255 92 126 25 7 243 152 43 255 255 185 235 255 242 146 239
    121 255 138 145 228 255 10 194 164 177 240 56 254 255 145 248 134
    255 69 228 255 109 171 255 196 168 18 169 236 129 73 215 191 255 156
    195 90 127 36 67 6 255 225 218 242 69 255 133 77 48 193 192 96 136 2
    248 140 255 65 207 243 156 189 82 135 152 189 78 34 233 106 255 117
    91 128 227 50 137 134 255 172 225 255 255 106 231 147 224 74 255 116
    62 17 62 127 255 244 176 214 154 23 65 123 126 74 81 85 136 30 255
    96 243 189 196 111 255 255 224 225 255 204 122 98 154 255 78 19 177
    224 109 44 173 154 163 70 21 1 134 28 97 75 87 39 225 226 23 220 189
    37 37 96 46 6 76 102 25 127 143 62 214 255 145 41 52 198 115 255 25
    93 105 255 21 66 255 73 43 14 21 151 209 255 94 255 25 255 78 33 255
    251 46 154 140 129 62 176 77 196 255 250 7 10 150 208 154 83 209 255
    54 177 217 116 117 236 62 112 1 44 187 238 57 45 92 189 44 149 86
    215 172 9 111 225 228 2 255 216 31 255 214 231 239 203 255 183 237
    220 66 112 15 176 119 30 253 182 129 255 70 116 138 247 249 255 134
    117 28 48 122 183 203 144 255 163 205 174 180 88 83 251 33 147 240
    72 162 26 141 45 237 243 174 144 241 239 173 160 178 232 173 193 218
    190 255 39 128 198 236 255 255 99 127 58 130 224 140 203 215 102 207
    13 41 82 35 255 136 200 41 143 30 32 164 184 255 17 142 178 193 237
    255 109 2 98 147 255 189 101 35 53 252 58 44 132 241 80 169 18 138
    204 231 164 116 97 216 148 255 68 1 19 125 255 14 158 244 167 255 86
    117 72 179 10 66 242 12 255 204 7 63 230 121 190 23 255 162 149 129
    72 107 255 107 6 227 183 255 235 224 45 255 249 9 73 65 16 228 255
    203 206 101 44 30 84 204 14 230 195 144 255 172 196 255 90 30 102 21
    174 172 175 79 255 255 233 9 221 43 255 29 235 255 25 176 220 224
    137 66 14 237 119 175 21 39 245 53 18 40 213 92 125 220 47 162 238
    37 20 51 34 255 241 124 122 255 255 200 96 141 255 64 90 26 183 255
    159 56 227 243 215 160 161 0 124 224 255 213 30 89 236 183 1 255 149
    134 32 28 13 50 85 144 255 148 152 78 101 12 28 0 225 57 224 148 149
    4 4 43 2 137 255 227 42 226 218 209 83 199 163 94 160 168 185 49 102
    255 69 185 57 154 255 222 174 69 92 85 244 140 97 39 129 158 133 177
    189 249 193 240 238 23 168 178 180 216 86 134 65 47 83 239 64 255
    169 255 8 3 41 28 217 222 225 163 206 230 245 69 255 178 70 127 226
    214 49 255 233 167 145 129 255 142 79 255 160 255 200 69 174 233 30
    173 152 188 135 128 180 112 133 77 135 128 210 36 167 11 225 167 77
    216 255 240 130 30 83 248 83 75 42 244 28 255 222 220 182 255 222
    239 134 92 46 255 199 220 222 217 206 151 130 80 10 255 226 101 179
    145 65 212 48 246 6 24 224 251 182 220 45 92 255 255 185 255 99 193
    173 115 52 48 246 138 209 125 98 112 48 86 40 30 133 48 128 106 143
    211 89 255 71 17 246 4 63 255 19 65 207 46 239 171 240 151 132 101
    26 0 2 192 147 196 132 70 95 132 127 77 253 112 161 255 194 50 224
    155 8 198 247 133 33 255 56 190 186 252 12 229 68 59 224 102 255 220
    113 233 255 174 106 164 22 123 93 12 161 222 229 253 255 110 55 102
    104 54 101 236 133 17 150 126 249 93 10 191 97 17 220 236 43 92 6 26
    111 255 35 172 34 19 185 255 118 112 115 182 121 117 152 78 137 167
    137 65 142 35 90 84 56 181 76 84 12 211 225 80 167 255 91 210 13 100
    17 255 43 17 248 42 86 35 49 30 253 100 31 236 57 255 40 245 200 172
    168 246 202 204 228 101 238 240 131 208 9 255 108 64 255 98 99 255
    230 255 142 136 157 168 48 99 65 107 255 220 204 211 56 255 186 149
    70 195 93 120 145 47 10 164 121 117 224 13 54 132 19 100 36 185 94
    206 233 32 45 255 121 255 255 197 6 35 239 20 169 56 215 255 61 108
    89 67 255 43 192 163 67 149 255 106 195 254 32 145 85 233 27 255 226
    95 171 103 33 90 110 65 138 14 35 255 182 233 255 255 183 65 45 160
    145 255 184 166 93 218 194 255 60 255 217 5 236 85 90 126 209 121
    104 200 143 22 177 178 195 249 179 20 255 75 155 106 118 154 255 166
    210 163 88 83 34 168 121 255 255 231 23 64 199 235 82 146 239 130
    151 189 110 193 255 148 130 106 250 104 220 149 220 255 105 189 96
    235 255 97 22 213 62 255 255 255 98 251 174 111 211 176 167 253 255
    229 190 49 251 229 177 203 11 121 0 255 120 124 129 132 205 109 41
    223 247 80 182 189 70 127 255 255 254 51 93 235 182 255 198 129 79
    179 164 191 175 139 213 162 207 231 232 168 123 222 116 155 109 249
    79 201 122 255 154 105 218 168 226 116 81 134 255 248 109 208 214 32
    255 157 123 198 164 168 235 183 80 56 57 255 255 151 62 10 224 74
    138 81 255 208 81 155 183 202 19 255 110 190 255 196 45 1 40 29 230
    29 58 145 146 69 110 138 210 255 44 243 193 11 255 255 216 99 49 183
    102 164 24 111 63 189 246 45 51 242 93 160 97 50 225 255 120 94 255
    19 143 255 75 188 131 255 238 87 255 18 130 172 27 51 45 185 1 93 5
    170 90 103 11 140 100 56 125 17 78 255 15 79 255 36 178 19 72 255
    165 255 91 198 238 143 116 219 144 0 52 241 190 119 105 240 92 10
    255 166 7 3 185 195 194 223 40 230 99 235 214 255 162 255 42 203 134
    123 213 48 255 9 173 233 227 255 155 14 199 177 255 58 88 240 173
    229 23 255 46 3 255 255 247 255 211 61 116 255 242 27 171 215 255
    219 235 178 134 81 255 94 199 103 216 176 16 71 17 1 236 255 255 246
    255 119 67 232 30 37 40 96 137 255 255 222 196 14 144 157 39 41 35
    39 2 113 255 224 152 133 33 208 39 164 193 255 164 255 255 174 56
    193 78 145 81 208 255 50 208 45 107 104 149 120 86 74 9 71 255 14
    118 224 218 205 229 128 183 255 152 204 99 218 40 75 255 82 187 72
    191 112 186 199 75 255 92 28 255 169 97 147 159 200 255 116 210 158
    157 122 48 143 255 198 214 11 255 116 254 62 12 86 152 173 179 0 48
    76 162 235 162 61 156 248 68 37 20 255 104 73 168 202 255 190 199 6
    116 112 170 225 62 14 217 109 242 181 203 44 214 144 199 133 223 40
    30 92 133 246 101 45 62 124 190 255 122 43 255 131 45 78 77 255 255
    75 63 19 202 133 255 180 43 14 12 131 1 73 255 162 230 74 125 214
    221 255 153 255 123 233 193 240 181 232 81 126 187 53 55 220 106 59
    170 255 27 7 171 197 203 39 126 254 255 47 188 134 48 45 255 55 251
    47 189 247 159 45 240 123 80 100 169 219 254 141 90 126 79 0 179 105
    148 126 212 68 230 61 106 62 1 68 161 67 87 249 255 210 164 8 17 75
    70 177 137 194 203 255 255 145 115 176 205 181 231 65 227 222 131
    233 44 255 76 203 30 48 39 2 163 218 235 83 252 162 255 242 8 254 93
    18 33 255 100 52 203 104 230 255 143 94 221 206 75 132 75 152 180
    123 215 63 218 214 255 235 100 36 222 199 58 255 167 168 5 161 115
    163 221 53 224 15 75 25 173 127 117 138 56 216 184 255 105 184 255
    42 186 255 228 239 255 68 193 159 255 45 155 211 164 36 170 105 255
    140 112 255 160 255 255 155 39 17 255 230 164 93 160 222 58 255 45
    213 118 27 121 42 234 232 21 32 71 200 39 55 255 255 196 218 107 56
    189 214 145 113 255 169 255 255 180 84 255 146 137 32 246 69 5 97 84
    242 180 205 255 227 33 181 170 96 255 162 70 14 155 48 80 170 39 246
    66 219 3 163 255 247 11 255 246 27 143 255 141 227 176 131 34 220 78
    80 255 131 21 165 225 34 3 213 204 123 200 112 255 26 242 255 247
    255 196 54 181 255 252 218 255 69 175 247 20 127 112 205 255 189 109
    255 173 52 39 56 112 20 238 130 145 87 193 117 255 34 209 255 176 10
    35 156 153 125 20 48 171 246 68 147 126 255 48 11 151 255 138 46 227
    96 85 168 137 229 136 127 111 132 162 108 114 233 75 255 72 204 240
    233 73 255 178 67 255 137 160 102 105 111 255 188 95 229 195 92 255
    6 145 177 137 197 35 118 143 3 91 198 185 56 12 224 52 106 200 196
    144 255 100 62 169 242 109 255 224 134 240 82 221 186 167 154 195
    207 11 79 21 157 44 129 113 255 211 8 53 227 240 255 40 230 186 206
    253 18 255 249 18 255 247 242 151 155 255 211 252 25 246 50 84 191
    255 198 180 102 225 48 95 255 233 135 26 95 135 255 187 252 28 116
    121 40 43 4 145 121 156 255 147 205 62 25 255 156 60 14 200 84 255
    200 187 14 12 127 84 156 47 171 226 30 205 193 151 87 97 66 42 183
    156 59 194 233 163 128 196 41 171 67 21 19 156 116 255 247 255 169
    41 214 200 229 130 255 185 255 123 108 205 155 255 255 212 107 151
    35 107 66 224 128 252 39 47 162 255 55 255 36 93 20 202 42 213 181
    56 221 142 102 123 236 245 13 213 46 45 224 42 29 3 151 255 83 255
    89 97 240 34 35 239 255 205 75 111 255 100 183 255 210 156 119 143
    41 155 7 249 229 180 17 214 156 122 173 164 64 222 93 164 255 171 29
    226 124 68 186 10 163 207 233 143 255 228 151 255 69 173 231 2 243
    13 144 24 75 149 168 13 128 94 171 84 126 96 206 166 120 100 179 224
    71 113 235 92 110 196 46 255 50 78 87 151 54 121 187 118 207 90 227
    173 255 125 77 178 157 68 239 96 222 114 183 131 255 255 239 251 149
    255 194 130 170 255 137 213 255 161 113 23 132 255 111 161 174 118
    194 134 233 95 64 19 34 32 17 152 107 67 177 255 243 112 113 255 46
    115 162 77 81 98 20 165 162 141 197 22 159 137 231 32 74 111 3 168
    249 1 203 172 32 232 244 96 255 198 95 148 124 138 101 164 103 96 35
    23 33 255 194 92 36 53 177 44 18 233 37 191 68 196 250 133 14 43 29
    9 80 35 255 162 255 45 216 186 255 250 39 183 223 154 19 245 168 89
    152 198 58 41 63 255 9 97 185 155 51 187 118 138 72 95 255 222 82 84
    4 28 4 85 206 83 114 2 128 255 131 255 189 135 72 222 96 139 44 147
    239 207 237 204 255 149 111 4 205 229 142 195 135 187 223 115 255 2
    188 244 164 85 255 255 106 252 103 138 255 84 95 168 251 7 66 115
    135 120 100 199 238 249 12 255 168 220 110 225 154 199 105 244 209
    225 255 150 24 171 8 238 72 255 85 110 4 26 248 255 193 104 162 198
    139 255 202 98 78 249 78 32 232 179 44 39 255 193 31 85 57 255 67 85
    93 122 1 145 217 66 68 241 229 3 238 255 249 12 13 172 62 189 204
    186 23 255 12 168 108 21 23 157 188 253 243 255 123 194 215 41 232
    42 255 199 29 159 69 7 88 235 209 53 185 24 252 7 77 255 181 255 242
    202 105 127 205 79 182 227 255 49 143 84 154 6 41 240 202 24 149 200
    255 255 145 75 156 99 26 214 177 255 39 236 108 141 158 238 9 116
    173 40 146 95 255 10 1 255 7 36 105 75 151 240 255 255 96 204 206
    255 177 34 34 205 166 163 177 50 85 120 255 255 223 140 58 93 46 255
    219 163 88 50 70 167 221 14 203 224 236 234 255 119 255 104 255 81
    255 255 45 255 183 238 225 54 87 34 47 255 30 141 123 184 102 230 8
    120 255 97 57 93 209 255 234 172 171 246 187 22 66 179 171 131 35
    189 99 8 216 255 132 12 244 129 94 213 92 184 79 94 78 106 28 120
    255 197 243 65 98 55 68 32 255 239 3 124 174 72 173 26 16 145 255
    251 174 138 55 80 255 249 30 255 57 63 224 92 175 246 248 215 190
    186 45 85 255 185 81 14 122 169 140 78 255 2 69 244 49 51 255 67 78
    255 112 37 17 188 205 255 228 28 255 173 198 229 112 39 255 225 28
    52 111 248 136 211 17 50 141 48 235 70 92 255 116 255 146 246 199
    213 54 173 57 116 255 171 6 80 255 122 75 255 255 11 220 83 205 151
    133 195 255 60 152 25 188 143 125 238 209 255 225 70 255 64 244 255
    54 250 222 64 187 255 60 123 50 239 3 107 157 255 193 158 255 105
    131 255 61 181 112 255 255 244 255 245 119 118 95 255 255 82 41 140
    195 46 13 43 200 255 216 173 255 128 197 99 129 204 187 124 24 103
    76 25 221 109 55 243 83 12 164 158 198 255 138 23 84 158 31 255 255
    12 255 160 199 23 240 152 255 55 255 105 152 227 119 239 81 72 249
    132 255 202 199 213 223 231 182 128 20 35 115 140 216 0 3 41 39 232
    12 223 56 129 49 24 252 40 199 22 249 91 187 73 89 191 32 59 178 100
    255 185 208 36 107 207 46 16 33 153 255 160 163 87 232 100 230 70
    148 172 242 144 105 155 96 0 205 20 4 159 9 255 50 177 147 116 52
    255 22 189 103 22 62 173 231 174 255 86 13 205 45 117 174 83 173 32
    43 253 152 223 66 194 154 229 178 95 179 171 51 150 1 96 31 120 108
    189 0 195 54 159 155 26 147 191 247 85 25 42 203 50 232 6 168 154
    207 26 172 255 246 193 248 21 129 92 37 2 147 224 255 39 116 50 43
    138 6 154 56 242 255 182 135 99 173 220 169 255 78 13 195 54 37 81
    200 174 96 218 227 81 178 177 228 250 143 202 255 255 225 173 72 237
    1 30 96 220 58 171 13 255 58 179 115 255 232 154 56 227 218 93 36
    255 230 192 176 30 87 255 255 20 182 57 185 255 136 65 57 242 166 90
    69 183 85 130 53 217 158 221 255 189 79 90 123 235 74 64 220 255 0
    244 172 182 101 115 144 13 168 56 228 255 145 150 107 69 213 255 24
    254 10 5 88 28 239 160 44 181 52 227 2 255 16 177 187 103 39 153 255
    150 109 16 170 50 79 101 255 111 44 181 240 51 170 226 123 151 72
    143 187 255 183 8 255 18 214 255 102 255 255 157 255 189 84 143 17
    234 240 17 86 31 50 175 137 222 91 34 255 56 198 111 108 255 74 9 56
    4 103 66 146 78 170 255 64 145 187 187 92 255 169 229 18 153 113 57
    250 160 224 87 142 255 90 3 255 121 255 93 82 196 110 96 54 71 136
    122 152 255 18 165 135 62 155 116 106 213 194 48 67 173 255 14 127
    138 26 79 29 255 252 1 16 157 44 185 65 117 255 24 34 255 154 255
    121 140 47 255 255 107 240 121 64 96 56 217 72 210 81 196 200 255 47
    169 204 67 92 255 255 152 167 36 138 104 14 115 52 4 122 255 255 149
    22 21 135 200 98 182 179 99 43 120 255 209 208 255 74 219 255 180
    131 255 233 90 255 232 68 189 240 78 70 164 15 87 157 56 255 210 198
    57 224 116 255 159 174 162 14 35 131 176 87 9 96 192 183 198 35 123
    195 192 255 131 216 137 209 255 242 35 152 66 44 42 43 20 63 103 98
    237 249 6 80 255 208 166 255 233 99 90 39 188 121 94 228 149 56 104
    47 176 137 36 119 171 164 47 2 255 206 255 221 112 19 255 118 214
    129 95 115 255 147 186 193 205 255 90 80 230 31 113 99 203 178 64
    195 1 140 255 70 66 208 222 199 189 255 108 255 218 41 83 96 130 181
    243 255 238 27 255 255 249 28 202 42 20 227 123 224 255 30 151 253 5
    250 94 58 255 97 131 64 255 188 116 34 110 255 32 108 141 255 86 6
    65 117 227 110 199 61 255 67 42 90 255 255 243 92 115 214 77 106 67
    199 255 220 229 207 80 230 131 71 97 43 212 198 255 116 82 255 152
    175 255 208 67 99 255 255 228 118 98 101 84 238 122 59 117 105 196
    219 255 255 120 88 25 173 92 36 231 19 74 112 98 187 65 243 230 47
    141 78 200 3 9 121 203 181 171 111 143 47 181 255 126 77 255 221 97
    72 167 235 202 197 186 131 80 238 165 55 225 255 56 35 255 81 255
    255 67 17 220 25 237 255 46 101 187 41 96 231 177 241 255 70 226 52
    112 165 238 86 48 196 140 127 84 135 33 255 205 61 194 211 233 119
    171 151 13 145 255 255 4 171 255 8 104 249 240 28 111 22 148 105 197
    4 255 185 165 116 35 36 114 171 182 255 124 255 255 131 255 155 255
    116 6 168 87 136 9 31 125 207 190 255 255 100 255 69 3 10 172 106 1
    214 57 240 213 66 229 193 171 255 120 15 137 198 22 244 150 84 181 2
    97 195 234 116 40 130 131 255 80 178 118 64 240 230 248 62 12 68 179
    255 101 100 255 198 217 181 227 255 255 189 175 121 123 15 49 155
    221 115 233 217 255 8 164 255 0 95 159 231 122 255 244 110 25 255 89
    213 58 206 200 61 138 109 154 141 211 70 9 164 123 58 92 52 88 59
    181 127 255 47 44 255 103 97 199 212 233 255 65 77 16 201 12 99 20
    132 61 254 128 165 180 40 1 86 222 145 98 222 255 48 143 61 246 242
    203 255 255 255 199 24 146 177 10 255 55 217 52 211 85 255 80 115
    226 148 0 255 67 124 136 70 48 156 122 15 152 156 182 229 132 251
    235 98 55 145 7 102 255 92 233 255 31 239 147 226 129 255 146 81 97
    197 42 251 106 110 154 23 2 255 229 85 137 182 230 181 239 52 204
    197 255 255 228 200 214 255 10 110 210 36 238 232 34 50 116 76 255
    76 12 67 54 227 84 95 126 255 153 92 235 77 255 145 214 170 79 240
    67 111 133 255 255 237 172 84 66 255 255 199 76 111 123 186 244 102
    13 61 171 153 168 176 87 173 22 148 22 62 168 255 252 255 138 237 97
    222 143 40 181 245 52 65 119 214 255 58 239 174 102 148 59 76 255 71
    170 105 16 128 85 202 212 68 101 90 199 34 30 85 182 55 197 168 100
    255 61 126 83 57 27 255 236 40 35 183 206 94 21 188 39 85 95 239 174
    206 94 214 237 52 40 34 195 106 39 182 255 24 32 255 40 244 226 171
    214 25 219 205 255 251 80 255 236 47 173 54 161 37 242 162 185 159
    102 150 153 220 217 166 156 56 47 202 52 175 106 168 197 42 92 79
    144 172 186 173 220 183 239 209 45 170 193 81 112 255 255 37 183 117
    51 59 90 32 63 42 195 255 55 76 255 66 141 78 209 193 255 56 222 255
    11 222 230 118 150 255 69 213 9 217 255 255 44 163 189 119 140 121
    80 19 255 45 255 103 59 143 110 54 50 255 52 193 66 206 176 224 220
    58 123 213 255 145 221 42 255 253 44 125 125 51 146 220 170 255 36
    23 227 18 154 220 237 229 40 203 138 83 137 240 186 255 22 127 49
    241 198 246 156 119 120 164 92 43 192 226 172 233 53 192 73 110 222
    58 40 255 36 72 35 213 255 31 200 167 92 162 255 203 100 110 3 176
    178 252 156 146 214 194 167 185 33 56 68 177 141 32 198 255 120 123
    127 26 138 87 198 255 255 166 255 4 78 34 187 128 157 181 4 90 138
    255 154 182 52 236 255 104 9 106 180 153 255 127 66 255 183 183 133
    151 76 255 224 17 255 243 165 123 20 30 255 59 138 89 196 238 67 41
    8 227 141 195 134 129 32 217 176 135 3 2 118 124 142 232 120 12 252
    129 116 255 244 121 202 62 148 26 255 154 178 217 120 91 98 107 18
    255 21 37 71 157 222 203 174 255 255 34 255 128 189 22 255 251 83
    247 96 33 72 134 168 231 20 20 63 145 51 76 198 255 76 27 173 231 96
    65 63 80 44 186 184 131 16 242 107 255 32 100 193 174 101 255 108
    167 151 102 146 255 6 144 255 12 203 235 46 253 34 2 48 181 20 126
    44 19 237 47 17 11 133 118 105 17 154 110 227 42 85 255 46 255 195
    21 198 255 253 255 239 55 186 19 160 76 238 101 215 23 53 128 65 227
    255 59 174 30 119 94 13 52 255 255 255 214 202 178 246 128 143 71
    151 80 44 197 173 91 255 231 140 148 224 78 14 222 64 186 255 156
    149 225 109 166 222 143 24 28 101 215 90 175 70 147 162 20 96 115 63
    255 72 25 50 246 242 142 32 243 39 200 67 31 227 86 171 1 58 68 218
    255 199 32 74 146 30 30 168 60 24 114 143 224 255 126 163 90 173 45
    79 185 85 44 210 255 119 133 255 106 29 78 85 9 130 12 111 255 128
    133 241 125 162 7 255 29 98 151 184 255 160 232 35 233 254 45 88 221
    228 146 161 9 207 23 243 255 23 134 35 6 188 226 111 255 25 32 177
    217 255 161 255 231 96 255 230 146 163 132 255 255 115 196 255 132
    216 23 87 64 244 85 239 253 218 58 185 108 255 65 194 255 119 255
    117 186 96 88 255 105 101 35 229 167 255 183 153 110 76 254 158 181
    182 255 43 86 83 211 243 115 130 143 255 158 36 182 126 215 255 35
    177 255 22 255 255 207 120 234 200 102 217 2 117 61 4 255 140 161 45
    235 137 154 255 5 123 255 80 255 30 132 255 196 199 35 209 141 255
    247 90 187 78 169 202 208 135 213 255 6 0 255 60 119 65 75 36 152 34
    250 156 26 34 41 72 124 31 168 128 62 236 164 198 84 106 205 217 156
    105 91 151 255 40 56 183 128 237 212 31 255 246 248 187 255 213 187
    90 166 255 118 98 34 255 19 70 127 194 255 255 254 107 255 216 216
    249 124 90 255 30 123 255 112 8 246 99 7 162 128 150 76 0 139 9 163
    69 255 199 74 39 80 107 255 216 76 233 0 181 190 85 94 222 0 102 158
    20 187 255 228 174 127 186 89 160 107 91 240 35 1 6 116 53 41 182 54
    52 42 214 167 17 255 44 255 142 109 102 219 52 206 241 172 203 235
    133 130 128 255 136 20 226 160 149 198 108 255 44 28 192 177 59 150
    120 76 176 39 232 84 204 225 21 34 130 209 255 94 198 152 115 230
    255 197 206 255 247 163 54 180 225 5 232 78 236 54 195 169 129 189
    12 53 132 255 79 227 255 21 206 54 147 50 178 184 94 40 40 95 45 244
    193 255 115 255 187 60 22 98 94 144 80 157 187 121 43 249 255 119
    204 128 52 254 53 124 104 235 14 161 18 153 210 132 25 171 141 107
    83 121 213 65 54 127 67 3 177 217 255 223 255 189 44 255 224 8 207 8
    247 55 45 166 153 154 246 255 255 246 255 255 255 85 50 219 92 152
    210 235 255 57 36 255 250 57 52 145 137 171 255 118 255 142 90 255
    99 255 255 50 120 159 92 81 255 52 144 90 103 26 16 175 189 255 171
    117 110 212 137 92 118 254 74 23 206 111 238 255 119 80 20 255 211
    115 248 151 164 191 148 101 26 243 9 71 164 248 52 181 127 57 26 115
    164 249 100 255 130 177 134 255 99 255 108 242 193 60 244 18 210 3
    244 30 24 76 255 255 181 76 247 22 198 167 131 17 221 48 34 183 54
    183 76 128 179 104 93 132 255 99 8 73 34 25 199 255 27 110 255 61 87
    239 120 242 75 103 179 239 146 255 255 233 175 121 91 186 145 108 36
    189 15 255 154 125 134 189 255 215 85 251 110 134 187 34 178 44 255
    159 49 183 255 66 231 225 195 46 255 209 182 255 251 19 255 101 14
    255 8 255 136 232 58 221 219 228 255 40 36 255 85 92 255 244 73 255
    106 207 96 224 205 58 157 86 152 112 37 255 137 220 177 135 253 90
    112 104 213 136 235 103 81 63 138 86 111 85 248 195 39 48 206 194
    255 76 23 96 187 171 126 215 176 112 47 103 96 255 227 32 123 13 211
    65 255 255 73 14 73 39 255 214 154 44 166 19 109 209 182 45 195 246
    30 131 255 160 10 143 229 71 160 255 221 138 255 65 200 255 71 232
    21 214 31 229 104 98 205 18 40 255 40 241 12 234 221 220 126 67 212
    178 137 17 155 59 72 23 255 255 12 122 88 65 184 19 225 194 10 242
    255 109 17 72 255 25 151 255 161 2 140 21 205 227 254 65 90 140 134
    239 93 57 26 189 130 27 212 205 243 33 247 165 167 255 255 158 255
    101 160 242 217 255 79 163 104 255 143 179 145 238 82 156 177 96 47
    107 207 17 65 12 75 57 181 229 255 144 135 106 65 143 150 47 105 56
    43 73 47 148 236 125 40 208 120 239 235 52 9 255 247 217 255 202 104
    13 240 42 29 61 232 15 186 56 232 255 248 199 68 239 195 255 123 252
    145 21 129 255 117 47 183 103 107 106 104 227 123 28 53 158 14 28
    255 246 37 255 58 255 105 182 255 255 109 203 186 88 184 255 112 90
    255 103 203 160 131 255 255 252 89 156 30 121 28 42 145 255 64 251
    255 35 50 110 18 162 154 101 139 44 86 9 174 11 31 131 98 72 255 118
    241 35 252 255 128 116 148 9 18 86 255 150 160 238 219 255 4 40 230
    239 216 249 255 93 76 176 52 77 255 120 216 0 184 255 155 79 210 13
    3 135 72 93 122 255 249 153 255 53 255 255 59 1 75 17 69 200 162 98
    66 170 110 119 158 255 162 116 154 44 204 163 71 42 166 68 117 192
    83 77 75 255 136 153 94 169 255 255 239 231 252 255 70 84 105 248
    154 27 255 255 183 7 76 78 143 132 96 231 62 23 55 132 80 8 112 31
    104 255 72 174 255 14 59 112 180 107 187 37 75 224 158 172 67 255 45
    255 9 104 37 178 211 112 156 194 8 132 255 92 149 183 244 155 247 67
    219 255 233 130 255 233 108 143 1 97 68 230 157 209 35 115 85 128
    211 250 22 212 19 0 11 255 227 116 149 105 205 67 78 132 216 255 207
    174 180 142 50 34 251 39 252 130 7 65 57 222 240 121 255 255 144 8
    106 87 195 43 126 106 9 29 24 229 11 10 255 135 150 255 184 101 92
    255 244 218 254 140 255 156 163 141 221 79 39 135 108 255 207 142 57
    142 255 255 65 36 16 186 40 57 223 251 255 194 255 58 169 254 252
    239 36 142 167 250 56 255 211 255 243 72 123 255 235 93 132 137 83
    255 79 102 146 207 255 231 132 255 7 255 255 192 81 187 167 207 6 3
    255 199 116 86 253 251 215 255 151 219 146 128 197 211 223 51 27 108
    126 255 92 202 101 84 242 8 100 255 12 196 109 252 208 31 255 30 31
    154 39 43 255 84 97 187 106 199 255 115 99 26 34 220 142 164 238 74
    154 91 255 90 255 221 138 150 255 153 213 25 17 8 23 79 19 255 141
    72 123 187 192 164 134 182 165 57 46 70 157 28 35 194 2 233 170 150
    177 36 255 193 235 221 214 212 95 255 168 192 50 141 97 4 220 97 220
    18 72 217 46 238 112 28 255 50 4 141 255 64 52 13 32 255 71 133 233
    40 51 218 255 55 207 142 166 28 78 242 165 78 204 19 105 26 59 226 6
    230 21 142 241 90 232 206 255 117 255 255 136 231 120 30 165 255 33
    255 80 251 148 169 72 255 255 169 139 235 220 58 173 9 228 186 253
    173 255 21 195 186 198 22 163 94 75 218 3 2 255 121 24 121 146 204
    233 211 150 145 134 138 114 134 163 57 230 155 59 194 205 255 78 127
    59 58 79 8 144 19 222 255 4 189 148 156 133 66 255 158 191 203 200
    211 255 23 207 106 255 166 89 80 212 190 218 205 45 61 126 255 63 4
    208 212 147 9 4 255 230 251 232 62 176 7 255 35 30 208 124 100 78
    226 49 255 22 235 162 255 212 164 158 232 133 37 202 131 155 8 132
    21 92 123 207 226 155 255 90 142 5 169 83 45 231 255 4 230 251 178
    231 101 168 44 236 191 86 145 255 102 199 195 123 253 92 23 198 255
    22 78 200 252 146 155 84 70 43 170 219 145 255 255 123 255 156 255
    21 115 255 161 109 255 243 98 137 189 219 131 140 255 204 33 133 131
    247 97 25 228 255 195 231 253 255 49 255 255 16 193 138 168 7 253 70
    133 255 70 130 200 59 251 48 202 36 6 138 58 255 197 160 164 153 99
    142 194 238 52 58 39 154 51 255 32 177 21 255 189 58 225 79 10 253
    182 208 255 236 69 209 204 115 217 127 255 255 176 53 255 15 31 255
    206 189 217 109 24 255 55 124 205 22 80 136 247 135 41 42 255 119
    163 174 255 79 20 230 255 235 255 57 210 255 137 255 61 1 236 214
    174 255 255 255 248 174 47 76 72 118 237 222 210 88 21 118 129 255
    52 255 195 223 154 255 187 52 159 111 15 255 105 255 217 197 137 205
    235 46 255 207 255 133 122 12 204 154 250 176 55 135 118 9 2 222 1
    255 187 115 42 68 106 196 255 136 33 255 94 145 207 212 118 189 127
    171 21 71 48 255 208 23 251 90 157 180 32 131 5 68 148 18 54 40 255
    216 189 58 201 84 37 218 35 118 163 149 236 25 12 121 164 211 176
    224 64 218 242 34 255 235 228 255 150 137 217 223 224 36 68 152 36 0
    224 44 133 40 255 143 148 65 175 167 185 172 236 255 255 142 209 167
    255 103 53 4 143 47 39 12 0 128 110 183 57 255 15 145 216 72 194 255
    133 115 255 107 47 75 146 132 253 60 108 99 41 221 229 213 159 85 99
    102 255 119 102 48 68 28 92 172 63 255 205 77 43 233 126 14 99 214
    255 70 151 149 207 255 147 203 11 47 146 224 129 9 113 146 15 56 214
    61 247 99 173 44 62 118 163 96 255 43 255 220 203 243 219 255 110
    191 248 255 10 81 255 155 182 134 124 202 119 108 17 168 88 214 168
    144 149 195 79 179 98 25 36 196 209 255 246 255 109 58 175 2 111 42
    214 49 199 116 255 225 87 225 191 28 208 25 107 94 81 150 255 144 53
    238 222 179 255 175 17 133 116 151 214 12 194 255 242 179 255 95 3
    255 126 13 239 77 129 59 48 205 34 221 6 63 110 50 63 69 4 182 28
    220 150 166 231 50 255 92 109 157 178 147 76 184 255 77 229 217 121
    178 255 143 203 255 246 6 226 194 69 71 218 231 163 79 20 158 130
    166 243 141 202 68 23 20 255 46 85 102 208 205 19 111 255 12 255 78
    111 64 181 255 158 222 27 75 219 133 53 65 96 255 3 255 255 217 255
    106 11 10 249 28 255 18 165 167 43 255 185 206 255 56 237 197 34 30
    213 58 93 218 211 132 252 189 99 148 255 148 188 226 155 110 63 169
    89 80 225 55 168 204 214 9 90 7 255 29 186 35 33 255 173 113 159 255
    125 177 152 154 150 236 50 151 121 119 88 224 142 255 177 161 255 87
    52 209 110 52 33 183 27 176 255 180 53 248 29 219 65 210 255 115 65
    109 150 59 91 8 119 22 84 85 11 25 170 246 10 6 255 159 108 192 243
    180 45 30 163 251 67 150 185 249 152 149 255 127 227 0 142 83 231
    249 122 255 123 11 120 181 210 120 47 120 255 221 31 189 189 76 49
    22 8 71 248 182 134 45 230 1 50 217 150 5 30 115 104 113 255 104 88
    255 72 115 249 110 108 255 213 109 244 143 64 189 255 177 255 191 28
    49 248 174 106 144 131 196 54 48 151 70 122 129 84 219 30 17 211 252
    88 204 220 244 254 211 21 249 120 60 168 255 255 61 224 201 255 88
    253 129 255 45 15 41 143 160 17 91 197 109 162 85 255 60 92 22 136
    163 39 25 198 115 178 80 251 188 19 226 39 101 53 169 172 136 32 144
    90 179 199 255 133 196 31 253 148 255 122 255 93 205 241 19 126 123
    246 219 18 5 24 236 255 3 217 185 51 40 120 208 246 255 28 216 68 74
    119 255 26 221 255 14 140 247 131 19 255 0 230 255 131 137 107 255
    84 234 47 215 40 20 72 165 160 96 255 173 48 255 127 70 208 197 11 8
    115 161 255 71 255 52 150 134 18 25 18 13 37 100 75 150 159 186 37
    153 25 154 177 65 164 1 59 223 255 75 107 228 143 216 157 196 28 109
    90 250 118 133 176 205 154 26 255 255 197 96 185 184 171 21 167 239
    6 111 0 105 231 17 221 87 222 255 255 206 37 33 44 30 47 255 141 34
    198 180 67 168 187 229 73 255 46 46 67 127 255 255 1 213 204 61 163
    182 96 42 255 84 170 242 180 149 1 48 182 49 6 23 19 51 113 240 178
    248 26 232 200 21 247 193 56 133 236 255 72 240 40 3 233 255 30 224
    255 68 232 214 224 238 207 253 183 190 219 255 127 28 120 151 72 17
    25 112 142 17 133 179 110 170 217 200 45 221 115 179 228 171 250 57
    246 237 232 255 200 146 255 255 51 255 199 241 31 198 91 74 101 255
    255 129 206 253 182 109 156 162 255 255 34 243 220 92 52 255 59 228
    134 245 150 242 69 237 255 197 247 1 169 4 97 35 100 4 109 122 255
    129 13 25 237 105 84 145 62 242 57 75 14 208 111 22 242 255 63 49
    178 37 227 211 63 234 172 96 242 224 93 53 195 44 39 104 67 6 44 79
    53 179 17 33 144 4 133 91 255 251 190 217 249 121 204 250 228 10 127
    39 209 121 126 62 166 58 255 247 30 151 77 88 74 96 135 255 16 185
    121 255 46 255 161 48 253 171 226 168 132 112 80 60 222 238 45 44 25
    55 101 255 15 204 249 235 254 174 70 200 230 121 255 105 198 255 255
    69 240 68 163 193 37 1 163 115 248 10 213 204 128 255 192 239 255 77
    25 96 192 51 255 112 24 255 28 148 132 115 85 255 183 255 255 61 12
    229 211 133 14 10 52 255 49 36 177 157 89 78 88 168 226 11 151 255
    150 188 207 97 188 89 26 91 213 181 226 57 81 194 251 113 52 132 113
    196 1 253 222 121 255 10 57 169 235 176 72 95 187 142 87 255 188 36
    87 21 76 255 158 72 235 173 247 255 66 70 213 82 255 79 159 174 109
    96 203 105 100 229 123 49 51 32 52 139 187 85 255 79 55 22 176 45 43
    103 67 247 141 218 89 99 130 45 155 171 229 120 127 138 171 61 207
    142 185 255 174 30 218 143 222 151 150 255 255 116 176 162 233 255
    195 70 245 255 0 93 11 236 191 255 26 3 206 248 202 255 218 244 41
    27 16 89 155 225 120 255 65 153 45 176 221 36 179 165 255 44 95 255
    210 104 132 248 177 193 218 218 178 81 240 168 224 196 217 80 235 4
    147 17 44 47 202 238 202 104 18 42 237 255 18 22 76 31 249 227 2 90
    167 6 124 255 208 14 67 226 205 240 164 156 151 115 228 255 186 181
    255 121 250 246 151 210 49 142 210 56 103 231 242 93 28 58 153 255
    133 74 100 93 26 210 189 111 171 156 253 132 255 129 255 121 164 225
    255 113 227 39 71 137 109 153 240 249 255 255 226 53 34 255 101 33
    160 10 69 138 213 197 163 103 47 255 247 36 177 72 21 243 209 165 85
    202 202 255 201 247 252 255 255 255 33 130 168 250 40 99 33 205 255
    231 50 176 162 88 8 187 25 209 230 255 62 245 161 28 210 236 255 255
    174 140 133 6 85 185 37 212 143 73 255 174 21 255 77 63 255 146 220
    216 105 91 253 71 183 47 127 172 63 225 134 145 3 131 66 44 85 220
    225 47 97 196 54 54 51 31 243 10 250 224 59 206 205 124 217 118 77
    111 217 33 247 195 253 100 255 206 11 97 37 139 107 217 231 255 178
    176 180 101 163 255 198 238 174 181 255 194 62 150 189 61 219 255
    151 61 255 33 76 255 255 115 143 112 135 89 14 51 255 15 228 196 48
    240 255 225 79 243 154 137 255 208 181 96 101 186 255 56 242 80 137
    253 251 146 206 255 52 200 12 123 106 80 140 157 102 52 128 105 20
    29 203 152 165 32 235 172 165 133 229 240 32 112 155 39 79 72 255
    251 255 254 177 255 160 135 231 54 35 140 224 249 181 138 58 255 255
    59 53 219 53 133 138 211 195 148 204 255 46 244 79 228 203 47 183
    159 152 216 255 255 134 56 71 60 159 63 243 34 208 136 46 114 9 59
    43 98 123 200 240 244 102 230 255 125 239 213 57 163 73 216 97 98 79
    88 255 132 9 218 200 46 172 23 203 232 176 1 131 193 72 18 19 210 81
    203 212 36 176 102 255 200 31 9 17 73 25 53 74 120 23 125 73 147 79
    182 141 151 239 174 188 230 255 120 14 196 246 172 110 169 165 25
    148 75 248 240 128 121 255 255 255 50 121 255 209 0 226 91 187 101
    255 252 129 16 255 255 250 222 5 37 247 200 246 188 152 73 162 235
    94 47 251 103 184 124 145 150 255 42 185 58 198 105 131 55 25 141 4
    24 84 155 225 255 220 198 18 244 131 255 62 172 255 52 121 240 229
    255 12 27 67 255 232 121 255 58 21 255 204 17 141 58 94 230 0 26 88
    123 176 214 232 150 4 169 65 96 141 11 149 68 174 253 205 196 0 116
    31 53 81 53 131 158 135 255 184 194 151 21 211 75 255 3 182 166 109
    173 80 86 43 173 22 205 226 208 34 93 11 240 33 102 119 27 25 34 240
    104 14 245 95 255 77 229 8 73 44 248 144 47 37 244 134 218 73 156
    230 6 98 220 151 219 255 187 255 96 117 98 251 240 77 120 116 1 255
    99 109 253 255 235 255 202 63 159 133 24 230 34 218 255 173 53 131
    240 210 234 220 218 4 76 255 89 55 95 80 15 138 255 171 137 81 58
    215 85 154 46 248 119 40 181 35 254 111 255 190 61 11 185 43 118 75
    52 65 176 164 129 123 168 69 244 59 232 92 156 136 255 155 236 42
    208 193 53 1 134 142 6 183 89 146 52 239 23 178 117 4 246 80 123 198
    145 110 186 32 255 222 46 50 37 81 255 239 79 4 173 235 62 240 83
    255 150 89 119 88 29 125 80 156 255 110 210 255 238 255 160 146 168
    249 228 153 156 146 95 255 123 225 34 53 85 255 255 226 147 57 193
    110 107 73 25 255 1 127 231 164 26 79 111 255 115 69 208 171 35 255
    124 229 23 246 255 158 91 2 255 25 186 37 91 255 204 181 164 10 207
    235 145 40 26 145 100 157 222 129 84 255 135 87 186 50 128 4 235 15
    255 218 226 129 84 255 253 95 32 255 160 0 40 147 255 255 97 168 87
    193 244 218 121 1 183 225 150 244 101 211 147 49 163 173 145 73 247
    107 255 75 244 156 255 246 243 214 73 57 67 208 120 138 78 89 66 131
    128 43 20 238 243 33 172 255 14 4 183 164 51 6 202 168 4 221 184 156
    98 132 127 84 120 251 132 113 193 77 255 65 174 255 34 122 176 125
    116 126 134 205 10 4 85 46 94 176 6 193 93 217 227 146 145 168 169
    57 89 60 207 141 130 119 255 122 30 31 55 196 255 196 106 9 3 130
    149 42 237 102 10 58 255 34 117 47 68 48 36 186 133 230 138 250 255
    107 198 134 6 34 168 187 202 74 24 61 19 206 85 99 141 190 246 153
    53 155 197 80 21 149 255 255 56 164 132 59 144 189 225 199 39 255 4
    12 201 45 84 88 165 105 249 227 107 115 137 114 61 137 204 244 10 40
    149 145 155 84 90 255 69 17 255 91 28 239 122 220 255 84 132 151 67
    22 28 136 255 61 95 24 47 142 31 255 233 255 255 8 57 255 245 188
    162 33 117 236 0 215 61 252 154 255 35 173 255 211 6 66 112 62 116
    105 237 71 106 155 155 219 219 151 171 186 255 121 11 255 170 118 84
    155 84 131 57 81 28 181 218 145 90 98 154 179 149 47 196 173 255 254
    255 112 217 255 138 54 198 182 223 29 255 197 87 154 41 25 3 39 41
    255 87 52 234 73 89 207 44 171 255 163 45 243 105 177 155 66 1 89
    119 113 209 175 255 138 84 154 255 132 214 211 56 255 171 252 46 233
    218 253 172 42 106 18 170 89 255 116 239 255 127 0 255 119 155 75
    159 217 74 118 232 136 27 235 226 195 190 137 79 101 27 234 229 235
    180 224 255 0 255 156 96 255 32 158 190 56 234 255 145 119 213 94 34
    230 16 68 83 196 4 59 255 126 172 88 0 33 255 168 24 247 222 53 5
    255 149 171 204 154 36 225 150 255 80 141 103 58 229 255 182 89 5 23
    251 61 27 30 205 180 0 255 142 98 191 111 211 224 181 72 120 103 165
    93 94 92 255 209 243 251 255 68 255 93 31 103 170 144 255 62 121 158
    122 210 61 181 255 255 111 54 255 136 150 63 220 195 185 130 243 18
    91 233 255 90 83 62 88 18 32 135 188 149 11 90 0 37 118 81 163 229
    220 21 255 118 128 151 75 77 209 162 226 246 240 126 242 45 54 227
    174 174 24 208 164 89 255 224 101 40 49 174 255 198 255 19 32 235
    255 158 159 199 182 184 255 223 73 190 69 157 151 95 36 110 9 221
    127 164 26 240 98 254 90 124 45 105 223 220 110 66 144 255 102 195
    96 36 160 22 108 196 178 228 215 45 10 255 169 141 30 255 196 255
    171 207 101 181 213 233 174 72 120 74 43 208 243 52 19 106 80 129
    255 48 40 112 211 175 196 132 19 124 57 89 128 206 64 59 255 221 44
    152 96 112 18 56 54 251 161 9 74 30 255 93 139 247 255 42 92 182 236
    155 21 255 140 214 45 171 60 91 150 189 185 255 43 79 133 235 139
    156 179 39 255 155 77 255 80 149 255 194 219 66 20 8 199 33 12 255
    170 51 255 233 46 255 255 117 94 246 188 172 210 7 255 255 229 9 217
    112 65 155 148 255 131 42 255 255 160 239 132 236 70 55 249 255 78
    227 233 45 15 255 162 246 255 110 87 0 247 120 147 127 108 255 160
    192 255 174 226 176 233 231 218 16 251 255 255 196 14 56 130 190 230
    251 255 28 36 143 164 165 147 183 61 190 98 213 172 191 74 101 238
    28 255 255 189 181 229 131 134 158 162 56 255 142 174 130 199 227 21
    156 255 67 117 255 81 134 40 246 255 66 131 250 49 196 80 236 236
    177 196 173 54 255 44 255 249 76 176 183 82 224 255 164 45 28 103
    159 255 172 174 242 255 56 169 109 55 133 180 120 142 158 85 190 99
    178 133 67 130 239 16 40 109 58 233 226 204 238 235 82 133 128 188
    199 183 146 177 80 226 32 255 202 176 30 226 78 255 163 255 102 19
    249 202 70 255 255 125 193 255 64 255 255 11 241 93 255 139 47 3 127
    141 184 232 235 234 170 78 186 140 134 246 59 85 76 199 255 62 1 255
    60 131 255 100 53 75 184 54 19 210 67 220 211 193 142 255 208 125 93
    75 255 235 156 112 217 79 220 10 11 127 240 4 255 79 213 173 112 142
    200 76 134 147 100 255 255 138 123 255 79 192 224 121 190 1 70 35
    163 29 255 204 137 208 52 240 86 16 143 253 31 93 131 155 206 171
    190 242 6 34 147 217 133 142 95 136 102 216 14 180 4 159 178 255 80
    159 17 255 102 254 78 124 118 92 75 255 149 184 112 255 9 189 255
    136 222 255 65 92 255 5 138 191 121 202 171 122 104 255 177 255 171
    25 177 255 61 247 59 238 44 189 188 46 255 88 197 155 181 188 255
    128 255 202 164 224 165 173 109 255 221 21 78 6 165 14 6 190 88 54
    190 93 81 10 164 56 119 103 61 108 191 124 237 131 77 194 111 127 44
    150 141 214 1 74 194 255 42 154 75 40 255 50 255 36 255 52 79 255
    105 255 31 238 56 255 218 236 112 86 236 167 109 112 107 149 229 125
    161 74 102 144 19 255 62 62 57 12 67 255 203 100 150 95 206 213 92
    255 71 42 73 255 253 66 255 179 40 88 4 30 174 197 0 1 210 121 246
    226 18 136 255 29 18 183 107 255 172 182 163 235 91 231 246 88 167
    232 184 30 85 255 68 32 53 255 25 255 255 91 21 22 101 244 189 185
    81 54 44 150 181 203 106 131 131 96 255 171 110 255 28 58 255 168
    255 255 217 28 17 255 133 98 19 124 252 39 196 151 253 171 65 31 127
    255 57 255 233 225 187 159 27 90 127 148 236 128 243 124 58 43 130
    41 255 87 25 32 94 230 248 181 190 64 96 32 14 92 110 243 121 32 162
    137 255 255 75 255 37 170 229 173 161 81 106 255 74 72 43 123 72 166
    218 10 66 65 100 121 247 25 81 13 133 98 165 158 53 107 27 185 53
    243 251 97 187 24 70 59 170 14 209 112 150 152 202 6 3 224 8 5 108
    112 15 200 36 36 97 39 188 47 150 193 144 198 108 108 255 30 149 225
    122 102 61 115 57 1 7 176 255 85 108 16 84 255 234 183 117 48 39 186
    255 125 102 177 199 230 255 255 230 204 10 88 255 254 153 247 232 56
    255 109 127 90 253 109 32 65 216 41 203 144 249 12 210 255 73 222
    218 77 108 168 207 255 149 255 206 234 133 0 185 197 88 200 135 145
    45 126 188 40 62 170 216 204 41 61 178 196 61 55 204 121 202 91 207
    164 91 56 67 30 68 102 143 181 100 68 178 140 94 218 106 168 255 192
    247 71 218 134 145 164 35 52 135 166 67 36 33 240 146 24 168 143 255
    98 196 156 255 80 255 255 243 135 255 95 47 25 39 171 162 94 160 39
    159 57 255 94 66 199 115 255 255 238 241 129 124 12 255 117 134 154
    177 113 50 143 107 255 85 69 255 144 28 136 29 225 140 171 188 187
    255 69 255 247 215 226 65 188 255 5 1 255 164 58 0 126 106 26 250 7
    185 22 62 194 24 123 147 111 197 255 39 250 102 182 248 224 151 73
    106 160 86 119 68 98 159 178 25 207 224 192 19 27 79 180 101 255 43
    248 186 255 5 224 163 128 57 213 255 129 227 255 64 12 65 226 63 83
    119 134 140 255 107 252 255 193 88 11 227 140 171 180 59 224 163 75
    255 70 253 175 1 205 91 67 11 85 255 131 39 123 91 255 25 126 221
    255 0 255 151 103 181 116 53 53 26 235 243 98 233 69 251 0 30 34 254
    44 10 221 2 193 137 255 255 255 254 193 243 255 93 53 255 99 252 80
    26 227 104 34 151 83 221 8 133 146 45 210 145 83 215 146 253 246 224
    255 139 32 137 39 63 59 255 255 229 255 180 193 44 255 138 2 19 177
    255 255 192 211 9 179 187 255 88 100 255 3 215 255 218 76 35 29 51
    123 112 42 6 236 173 165 249 84 149 250 246 75 211 255 211 205 211
    115 212 214 209 133 167 155 247 244 154 4 17 255 42 124 255 160 110
    37 255 87 80 102 255 28 101 224 236 113 59 203 255 131 255 64 120
    187 124 235 155 32 189 63 154 90 141 81 238 165 211 63 225 236 255
    68 15 179 248 87 255 54 100 197 255 195 163 72 177 150 68 187 72 58
    172 77 255 102 197 140 17 255 216 162 157 176 120 221 255 36 120 92
    88 15 39 173 157 255 238 70 44 2 1 255 210 255 53 226 243 65 2 255
    17 233 205 28 116 17 182 223 47 63 223 97 115 86 4 255 50 47 149 120
    255 217 73 6 151 236 166 255 181 250 255 184 243 255 219 255 216 104
    163 255 86 255 255 23 99 121 46 99 109 193 168 57 130 9 255 136 142
    209 49 177 255 155 69 58 42 122 187 41 255 202 103 18 246 115 205
    255 97 101 251 71 224 85 88 175 255 112 224 181 194 124 150 223 66
    99 222 32 47 33 255 196 70 56 159 152 76 163 111 131 114 62 15 234
    110 25 116 34 42 174 61 78 80 135 79 0 148 104 176 116 189 255 29
    255 8 119 211 162 104 141 6 28 107 84 111 36 255 22 154 255 112 202
    255 87 121 147 201 61 203 143 58 10 44 84 4 52 86 37 234 194 255 235
    230 255 26 164 252 21 150 233 18 73 255 68 31 226 255 255 163 238
    112 255 78 178 93 160 37 255 255 145 37 94 127 230 141 159 151 94
    255 255 200 6 255 200 206 203 108 14 119 11 46 226 87 194 224 19 112
    156 134 92 255 19 62 43 238 184 40 196 220 218 195 247 9 59 178 196
    233 106 13 97 255 116 1 19 28 147 137 58 239 152 109 10 255 96 194
    74 152 130 170 255 59 218 88 0 19 102 37 130 239 94 123 193 123 144
    186 74 255 202 116 255 70 255 255 162 251 174 252 145 76 204 158 47
    255 255 190 14 154 237 234 154 44 30 58 170 226 94 55 240 196 208
    214 47 175 255 188 221 235 81 101 123 151 200 143 231 148 79 32 183
    212 138 194 120 255 10 9 84 226 36 204 255 244 75 231 193 46 214 18
    30 253 134 207 230 255 142 37 16 123 137 216 70 210 255 137 255 119
    34 193 90 166 240 173 198 255 61 129 195 136 255 122 233 213 190 181
    163 255 74 34 171 66 55 226 116 80 112 189 255 48 17 75 178 255 36
    177 9 205 100 120 128 36 252 3 107 255 98 100 231 105 153 149 249
    209 141 53 243 176 255 113 167 229 13 229 0 251 118 137 77 67 120
    137 142 240 81 195 116 255 57 230 140 255 150 1 18 199 66 140 238
    186 72 81 240 255 60 9 102 255 76 225 228 159 255 71 150 102 212 44
    98 56 2 62 21 152 115 232 140 52 99 250 54 197 61 173 68 32 50 239
    122 168 255 222 112 239 237 154 180 138 252 242 111 211 6 188 255
    121 4 61 161 182 255 40 153 121 96 154 255 226 15 90 20 95 174 22
    179 146 49 9 128 243 221 204 211 109 146 175 40 106 255 68 50 182
    154 18 221 46 255 25 59 181 170 4 211 173 7 112 64 36 103 240 32 255
    102 176 178 242 101 255 227 255 14 47 19 47 4 120 88 191 255 123 210
    129 25 188 3 131 24 179 22 211 86 255 99 155 255 56 233 209 16 63
    255 253 8 255 9 174 13 32 200 97 151 233 255 82 238 182 164 138 205
    4 174 225 64 105 255 152 85 207 55 115 14 148 138 134 62 156 196 171
    76 87 15 255 233 227 45 10 198 42 67 166 211 183 184 3 151 204 217
    178 255 237 23 161 145 255 225 41 8 21 81 194 14 151 255 106 78 118
    22 155 211 132 86 133 168 181 115 65 63 105 255 255 255 131 157 255
    42 172 59 10 255 147 6 120 137 122 243 99 76 231 255 180 62 87 122
    95 249 58 255 57 255 241 255 226 104 255 19 142 132 73 155 244 132
    104 3 177 73 198 186 157 158 239 108 120 7 211 120 92 4 47 54 28 146
    174 179 72 236 255 129 72 74 88 244 102 89 158 92 76 216 233 79 187
    104 1 50 22 255 248 89 143 193 221 28 174 217 118 100 175 120 57 215
    181 242 255 155 83 55 19 25 66 85 3 44 44 125 236 111 206 254 0 255
    137 255 159 105 30 41 73 183 27 50 22 107 56 41 123 139 255 36 159
    112 10 247 186 44 115 255 178 237 72 122 47 246 229 55 255 39 118 83
    192 251 255 236 67 255 9 28 48 125 200 234 18 207 255 44 73 225 233
    195 255 239 22 255 116 7 76 255 110 146 221 99 255 66 150 137 141
    124 147 138 255 3 240 166 74 162 34 255 185 154 255 224 255 134 227
    84 67 54 167 120 54 215 150 7 76 118 161 59 138 55 162 180 254 137
    229 103 142 134 173 52 111 158 94 92 255 59 207 231 22 61 189 163
    199 240 35 22 255 255 255 36 3 160 46 233 255 44 85 17 249 255 255
    247 30 118 157 235 70 172 138 116 67 239 68 240 134 119 164 186 255
    54 51 227 117 36 26 3 51 1 33 85 111 26 3 84 57 98 255 153 171 255
    213 177 216 123 33 146 148 197 25 211 211 147 225 205 255 26 2 4 73
    183 53 42 131 114 19 118 169 204 44 159 201 174 216 66 166 255 230
    228 187 213 106 164 173 131 176 68 206 61 255 20 50 162 214 84 113
    78 255 28 243 248 18 21 244 85 226 89 255 67 6 175 94 43 171 108 212
    227 42 168 67 109 27 44 63 163 47 235 255 29 120 119 33 243 255 102
    247 198 2 164 76 4 207 22 176 111 255 43 235 255 20 59 255 205 255
    129 211 194 48 255 128 235 179 229 25 251 135 52 195 210 32 9 3 255
    113 227 235 91 227 35 224 108 255 149 255 255 150 19 50 5 9 137 154
    251 255 95 216 61 2 110 230 219 255 240 121 255 234 129 134 255 185
    255 220 44 149 133 117 7 229 121 7 47 96 139 59 30 46 227 68 134 255
    103 91 109 249 41 204 82 41 189 116 128 255 249 52 255 58 219 48 203
    47 255 64 81 155 226 96 255 100 78 18 157 253 107 129 230 27 122 108
    97 197 1 143 255 56 67 166 123 35 217 243 52 100 193 255 45 211 255
    16 255 111 158 34 255 106 110 103 2 149 230 34 164 71 169 231 191 22
    50 36 9 107 255 4 72 255 236 107 233 177 253 30 230 88 81 237 3 0 82
    137 111 3 46 59 242 196 211 174 139 255 117 227 124 52 255 59 47 146
    185 197 24 3 183 127 174 149 255 41 98 255 23 143 48 131 121 211 17
    75 119 189 164 70 255 172 75 255 12 255 111 17 53 83 75 53 255 99 85
    61 0 127 187 226 51 53 6 64 56 46 131 56 144 194 193 141 90 156 60
    135 171 8 242 76 200 151 255 230 15 202 69 240 195 7 73 67 55 34 138
    79 216 140 199 177 255 197 247 90 47 97 72 134 104 37 28 112 255 20
    241 83 31 85 28 255 141 255 255 135 4 222 105 202 94 94 23 255 255
    229 135 148 90 229 87 255 86 166 255 192 135 125 189 146 255 6 129
    198 254 64 3 87 106 9 198 171 255 99 102 233 70 142 34 18 81 25 110
    89 84 75 112 231 220 247 255 164 229 255 175 255 255 121 160 255 67
    120 189 160 21 246 255 130 137 238 221 200 137 107 19 202 100 5 231
    255 255 82 255 243 239 128 12 129 101 41 104 225 50 191 97 87 156
    237 30 151 50 16 140 143 200 239 202 25 90 35 26 77 182 183 153 6
    127 58 104 168 129 120 3 97 24 255 98 37 167 198 20 49 124 186 158
    191 152 74 142 206 240 232 128 181 22 20 235 170 185 255 126 36 74
    41 199 255 53 249 242 221 141 227 71 251 221 21 206 238 234 255 243
    45 90 255 224 122 172 120 62 114 22 246 21 255 211 120 172 233 39
    247 137 89 255 200 54 66 255 39 26 174 83 252 78 160 209 195 182 237
    89 48 72 187 226 170 196 255 233 59 151 168 86 146 153 6 172 31 96
    97 107 237 112 2 50 98 36 39 255 14 52 123 161 225 116 228 255 27 31
    155 48 113 186 199 195 185 255 212 160 110 2 25 78 152 123 34 191
    246 8 204 209 35 122 211 222 201 42 145 232 51 121 102 73 127 117 72
    72 255 4 168 93 87 87 224 155 169 79 190 72 46 86 47 134 117 255 116
    45 253 255 85 72 206 150 123 90 137 137 253 0 89 12 255 255 32 58 85
    79 183 255 79 138 246 70 109 246 61 183 111 8 4 203 216 174 246 182
    253 12 17 222 242 135 134 3 4 255 99 151 255 252 177 65 194 77 190
    255 201 34 128 109 184 214 195 15 150 56 20 111 228 118 199 62 24
    255 26 31 255 187 85 255 99 162 52 86 113 200 10 4 255 212 140 198
    56 72 255 73 138 80 15 203 200 226 85 145 80 229 255 238 118 45 160
    111 171 246 255 255 188 215 189 197 204 85 136 130 92 71 81 247 150
    176 231 59 14 89 11 129 193 6 84 243 204 218 225 43 166 255 138 203
    195 99 115 255 35 132 45 142 94 70 33 133 32 17 57 138 106 139 255
    255 243 119 168 255 255 135 7 255 104 100 14 255 182 147 194 159 94
    185 178 253 210 183 202 197 202 255 2 131 209 212 94 174 93 255 251
    56 53 182 229 41 255 131 36 74 136 92 89 74 79 183 7 145 105 56 42
    37 250 128 152 67 190 203 47 202 43 207 237 143 34 24 62 128 160 116
    3 69 196 185 83 255 233 171 176 141 172 88 113 122 50 242 174 43 255
    166 209 26 252 13 255 141 37 225 98 255 28 197 101 146 8 251 86 7
    143 71 24 231 96 86 255 0 184 182 125 255 92 86 98 255 107 217 47 18
    252 30 68 43 255 95 215 163 255 233 200 93 255 136 104 220 255 172
    236 147 168 255 255 19 66 205 171 33 32 74 51 80 160 143 56 42 95
    255 106 255 41 52 187 177 205 215 255 122 112 255 123 19 183 84 199
    255 154 142 165 48 41 99 0 193 195 86 12 255 108 79 208 124 177 229
    137 152 134 17 142 255 102 198 99 223 222 189 196 164 221 50 185 131
    58 221 222 56 15 205 246 30 50 147 61 168 171 207 142 51 55 255 242
    153 25 90 92 194 154 255 255 160 22 132 255 63 151 152 128 187 202
    243 68 98 118 208 174 161 235 51 186 96 126 8 255 119 115 158 113
    167 132 206 159 198 127 255 96 53 1 131 74 112 255 181 235 205 164
    220 177 104 255 171 224 69 25 211 239 3 84 246 205 255 166 244 80
    241 199 131 197 164 175 31 176 153 221 195 153 193 61 12 255 186 33
    30 152 27 188 146 154 255 85 143 140 150 140 215 217 130 186 255 40
    153 53 133 146 154 220 255 255 21 139 27 147 160 255 62 1 224 34 21
    255 34 128 180 41 132 18 180 248 255 228 65 231 255 218 255 175 163
    255 218 142 57 174 1 4 25 4 142 3 129 255 186 255 255 144 13 255 169
    32 128 242 74 212 252 154 205 235 236 181 155 84 255 249 205 216 71
    99 75 117 252 147 152 189 56 97 95 255 209 244 109 221 115 121 39
    155 255 185 130 248 117 4 176 171 105 43 60 98 45 146 29 255 138 117
    121 85 255 25 70 167 195 180 217 220 164 241 218 184 14 154 12 108
    255 57 2 71 80 119 255 195 250 255 171 153 50 250 131 244 205 187
    187 51 45 255 250 240 19 219 106 255 22 182 5 64 26 255 238 241 217
    35 0 3 14 119 255 64 251 255 219 173 255 204 11 255 27 199 255 9 214
    1 205 143 116 188 214 231 77 33 230 168 10 255 52 6 28 108 124 18
    255 56 45 98 15 252 201 99 255 118 206 131 138 87 255 10 28 105 118
    108 255 107 152 255 106 255 255 57 92 183 59 50 150 168 48 211 19 34
    193 243 62 255 133 139 116 23 238 43 232 221 255 14 179 255 218 4
    116 108 225 37 253 99 53 26 117 255 128 247 52 138 211 216 248 85
    180 99 161 40 219 255 146 80 255 205 198 108 255 121 48 90 171 12
    253 123 224 105 151 129 132 6 122 8 125 164 255 4 197 129 206 99 221
    158 144 156 46 215 94 55 3 70 5 204 255 245 141 212 201 231 255 104
    139 163 126 255 255 142 171 9 255 89 5 21 109 167 142 255 22 128 40
    183 19 182 8 101 252 255 96 255 9 125 174 88 108 53 87 56 250 203
    127 7 96 127 92 211 140 220 27 228 190 255 201 214 44 153 253 252
    164 255 43 187 67 255 68 112 43 255 211 255 61 135 203 146 240 58
    243 217 17 126 238 255 233 183 127 251 105 167 81 149 12 34 155 141
    93 91 235 57 167 171 130 233 34 102 172 255 149 26 165 248 118 255
    20 94 253 239 85 106 46 26 6 87 80 255 49 39 9 7 23 220 130 1 127
    111 187 255 25 56 247 23 58 81 255 142 140 219 56 224 153 193 1 188
    98 255 25 255 1 217 9 152 117 126 142 36 202 180 157 57 255 255 96
    151 255 206 202 94 200 255 234 20 255 4 52 251 129 140 225 91 63 186
    249 39 196 115 52 30 136 21 255 226 252 36 5 255 92 188 1 121 54 115
    70 175 122 36 101 255 247 104 63 191 145 102 255 203 140 234 145 65
    255 144 255 255 25 67 255 253 31 61 244 227 85 164 233 94 239 226
    131 206 52 80 212 248 35 94 255 128 244 205 88 78 255 14 135 164 255
    157 205 202 98 122 255 228 77 89 122 133 45 66 243 255 86 192 149 93
    255 72 29 85 147 109 188 226 106 179 99 221 78 125 179 1 102 9 197
    83 105 90 217 157 14 244 8 108 140 6 202 255 117 213 90 98 252 98
    229 6 75 120 33 181 64 225 233 217 199 251 248 255 53 113 155 255
    197 18 114 191 45 18 160 99 140 31 106 4 240 176 255 201 128 187 239
    160 212 146 249 253 133 113 26 91 47 252 65 143 217 154 255 123 124
    232 213 205 204 1 156 150 118 51 202 243 255 72 28 9 200 255 41 20 8
    155 53 99 17 65 202 95 228 221 195 90 63 211 154 255 145 50 120 240
    194 72 136 246 143 221 202 255 4 194 129 208 219 146 126 207 196 149
    11 255 255 198 37 16 62 136 255 215 216 76 30 208 35 118 234 131 204
    217 29 6 225 68 216 165 74 249 255 178 144 99 74 43 255 99 179 244
    45 255 127 233 52 194 186 206 127 128 70 40 35 47 121 45 230 12 8
    220 255 45 168 255 228 255 176 84 255 128 250 208 255 39 44 220 210
    213 255 145 70 235 184 14 255 216 208 211 42 118 134 99 22 26 39 239
    65 79 184 164 143 255 255 184 204 211 19 186 236 255 15 255 200 135
    174 100 209 247 195 164 255 30 239 22 214 99 255 178 123 255 255 155
    116 143 81 255 50 117 255 46 216 168 189 107 41 144 122 205 172 217
    132 193 108 19 176 20 105 255 128 176 237 107 79 255 19 31 183 247
    83 52 34 67 21 255 93 84 86 79 42 10 6 92 84 255 7 175 43 220 29 137
    10 4 10 12 162 93 60 184 93 113 52 127 42 255 255 120 24 177 37 19
    255 158 95 94 95 31 17 180 72 115 255 67 61 46 62 255 168 192 255 56
    139 255 87 15 255 226 220 199 143 159 217 217 189 173 77 59 255 196
    185 164 70 171 255 101 161 16 251 206 87 238 29 152 220 255 147 14
    184 22 201 171 163 247 142 255 210 170 255 154 122 195 146 242 200
    166 231 114 181 255 255 50 173 50 248 73 222 173 208 244 158 87 31
    173 134 196 34 126 37 217 102 255 71 42 255 246 181 255 92 33 159
    101 229 138 212 251 176 15 111 129 154 238 255 51 161 149 156 186
    255 248 251 255 91 196 255 187 216 255 123 255 255 100 53 247 12 37
    194 119 69 58 102 74 239 251 255 65 77 219 255 76 227 111 125 207 1
    27 171 34 176 182 40 27 73 221 183 238 255 90 198 255 198 156 255 2
    246 28 166 255 128 167 196 19 242 61 111 6 133 255 80 44 183 59 145
    149 25 153 149 140 255 134 60 240 137 156 137 76 26 246 255 157 177
    176 88 86 90 53 17 101 120 92 202 174 29 255 202 137 47 66 51 255 32
    4 22 176 199 211 106 53 218 196 227 255 47 40 185 220 13 89 223 255
    194 103 50 240 10 99 235 149 18 150 251 192 107 255 172 255 207 254
    23 77 216 236 170 229 165 168 148 255 7 20 177 4 68 66 12 62 124 236
    255 196 20 198 129 19 255 181 150 255 255 96 80 209 174 57 159 52
    106 255 171 255 200 239 94 255 17 72 255 210 160 80 162 248 56 169
    178 255 6 53 141 2 139 255 54 224 84 222 240 150 179 0 22 109 105
    155 151 255 63 247 139 142 182 255 78 33 170 234 204 255 133 185 20
    255 39 255 59 87 149 255 188 11 255 28 241 255 4 142 101 211 102 9
    14 217 195 171 110 136 126 66 255 151 202 247 163 249 43 0 210 255
    134 196 127 112 97 14 169 40 194 246 133 181 239 84 229 82 149 255
    129 255 76 42 32 40 160 105 119 124 57 79 173 61 183 144 198 115 74
    42 180 51 37 21 186 80 255 225 181 72 109 111 143 9 177 94 90 95 196
    103 173 255 239 179 255 161 255 227 213 122 84 58 98 190 218 78 216
    131 175 180 167 95 255 94 59 112 206 141 32 145 255 255 24 36 136
    108 112 8 246 255 101 104 12 255 210 30 239 157 243 65 204 255 255
    91 239 49 175 224 255 164 40 31 96 62 81 33 237 76 84 224 9 189 139
    160 237 240 74 56 167 98 198 198 67 66 12 255 255 192 255 142 181
    255 209 88 208 2 255 218 255 255 255 4 81 5 188 73 105 81 174 121
    179 73 30 243 42 255 205 138 255 2 251 89 255 76 98 88 247 124 222
    123 105 111 179 28 47 46 78 103 196 255 182 56 3 98 196 255 88 200
    255 168 97 255 255 14 236 217 80 255 154 120 65 247 37 21 86 255 217
    96 243 142 205 85 255 108 232 37 226 160 54 208 153 255 103 142 209
    155 196 213 18 61 59 209 189 249 255 106 89 177 255 85 148 109 123
    255 101 142 25 222 145 14 61 183 129 153 255 110 121 255 56 218 173
    250 173 204 78 148 123 7 48 174 249 150 58 176 171 255 167 255 120
    243 77 39 183 216 30 16 32 255 176 225 119 95 75 255 53 127 35 96
    231 255 10 252 63 229 1 79 169 238 128 167 197 5 187 100 158 225 121
    121 26 207 255 96 141 255 110 2 255 24 0 255 92 214 147 50 110 231
    217 44 54 226 32 168 153 2 21 243 226 26 255 232 200 81 64 66 136
    224 123 227 122 255 95 214 180 156 221 172 109 188 255 166 87 236
    155 25 198 203 31 22 141 193 94 62 129 54 153 251 22 57 119 255 117
    250 118 92 177 200 227 81 138 62 8 22 187 13 187 72 255 109 103 106
    70 26 213 255 31 255 16 162 218 218 213 173 239 105 208 255 95 232
    94 243 11 255 244 193 186 94 23 255 252 74 255 33 200 204 120 241
    111 245 160 255 123 224 224 75 200 116 9 53 34 76 200 133 207 243
    121 240 161 255 3 134 134 144 127 194 182 170 255 221 156 255 78 195
    242 170 161 127 247 39 255 180 26 172 195 249 196 202 119 12 197 51
    255 112 87 202 124 146 71 154 11 255 171 255 227 37 185 59 113 79 40
    86 65 140 79 255 106 248 255 14 220 155 3 255 144 103 126 255 255
    251 197 225 105 13 22 122 51 40 194 203 96 135 47 255 97 211 141 255
    252 255 255 185 244 197 164 255 15 118 196 39 135 169 147 48 189 177
    28 40 36 69 32 193 255 186 46 156 171 82 95 177 147 149 156 193 255
    145 11 202 26 46 87 255 211 242 185 95 172 140 54 255 255 161 64 30
    131 76 159 93 78 255 58 118 16 195 135 145 130 193 31 81 14 255 177
    85 255 101 206 121 235 252 255 31 95 119 117 213 27 45 65 53 202 154
    238 45 233 16 98 228 255 24 57 56 129 84 140 204 168 34 58 187 235
    201 170 255 143 126 255 3 188 165 25 30 54 17 139 255 212 89 255 55
    205 98 121 155 255 72 41 255 71 140 255 1 46 145 247 154 255 78 202
    205 58 3 243 176 189 255 66 255 255 173 66 116 134 15 255 218 122
    182 104 130 222 230 150 212 75 253 67 255 251 54 104 88 65 78 58 85
    69 61 140 118 43 233 10 19 187 9 189 115 110 10 208 245 122 74 255
    231 80 137 213 58 4 230 178 7 167 168 161 130 165 60 84 62 178 226
    37 56 225 255 163 25 159 224 190 255 231 242 96 195 198 17 72 135
    255 10 255 255 199 240 84 102 79 5 137 32 255 35 42 207 251 184 173
    72 129 43 169 55 99 57 137 171 242 151 94 161 129 80 205 195 112 100
    66 173 58 142 136 68 87 142 11 255 177 70 255 160 152 181 186 236 19
    92 110 66 240 218 138 92 171 10 125 127 56 128 54 232 183 240 177
    255 66 1 207 232 4 142 195 202 84 58 198 150 86 112 255 202 67 191
    200 153 107 102 255 80 82 29 41 61 101 71 234 255 255 127 51 248 124
    185 114 224 127 70 69 46 255 214 216 255 169 79 190 94 22 255 178 44
    143 217 108 255 12 160 72 228 116 94 40 196 115 147 86 125 250 39
    128 228 79 134 51 175 255 74 203 187 201 9 255 17 255 191 254 8 252
    31 123 87 40 146 255 132 255 68 6 202 255 1 0 198 155 83 125 197 213
    152 17 154 255 111 199 247 255 211 229 255 26 220 133 54 180 116 186
    253 6 3 255 132 20 90 0 232 255 179 176 169 223 255 27 60 98 58 255
    97 255 213 151 255 84 162 58 210 255 233 225 11 160 187 86 17 174
    175 255 143 249 118 210 22 255 137 220 45 78 254 172 255 228 49 222
    34 158 86 94 227 35 229 167 196 116 198 245 109 200 7 47 66 82 61
    218 11 237 21 16 65 44 164 89 199 52 153 255 177 255 16 151 238 255
    157 10 255 122 186 230 217 216 28 3 58 174 117 151 176 159 203 169
    42 178 109 156 193 81 157 213 255 99 107 255 243 86 255 255 213 255
    121 247 174 60 140 255 201 77 160 188 102 230 230 126 255 69 144 255
    136 33 229 229 25 255 137 112 141 140 10 141 255 133 196 1 157 18
    169 173 255 255 196 255 243 96 255 168 35 5 36 73 89 51 220 248 238
    254 255 44 148 94 228 34 249 90 186 37 15 98 182 22 208 93 45 26 255
    52 65 251 64 241 118 226 79 196 195 224 255 158 200 182 121 199 58
    104 116 255 246 43 255 255 13 234 173 63 255 231 251 255 214 148 255
    118 255 200 201 48 85 198 45 236 168 167 255 59 207 4 203 177 44 255
    119 255 137 229 146 195 47 0 69 139 68 81 255 255 85 211 216 11 13
    99 108 255 189 11 35 92 65 255 255 95 10 160 56 146 131 80 105 255
    12 239 226 238 152 84 113 240 255 40 86 155 206 156 190 255 24 213
    97 83 255 51 246 16 69 215 83 229 208 183 203 193 226 250 255 180 64
    12 255 78 137 49 62 70 255 253 102 216 103 81 255 155 17 214 254 32
    114 229 219 246 27 17 239 87 131 164 125 141 198 67 124 194 217 65
    211 73 219 243 154 189 71 254 79 253 105 177 59 244 118 211 115 137
    200 245 255 133 196 37 110 223 24 62 218 101 125 248 6 159 203 128
    97 22 170 58 103 33 255 187 15 10 191 135 25 39 47 255 120 208 220
    33 185 63 228 42 248 106 221 124 154 64 176 26 92 196 67 236 142 194
    242 101 173 126 182 184 255 9 50 255 246 47 255 154 42 211 211 157
    248 93 230 208 255 9 69 155 143 28 84 3 255 255 196 214 255 36 142
    155 113 210 137 170 101 189 233 231 174 45 135 255 242 189 118 101
    83 131 124 106 218 233 197 255 115 192 13 231 192 78 192 44 102 255
    225 57 255 255 167 212 239 255 52 204 255 65 185 78 246 28 133 65
    255 93 253 152 255 118 83 105 188 18 255 37 106 255 146 131 31 255
    138 252 82 87 134 224 238 36 202 152 90 11 219 214 34 255 255 159
    202 8 151 21 106 191 155 120 255 58 193 22 98 154 120 121 255 255
    139 211 11 255 152 137 255 255 4 221 25 132 255 176 249 218 34 108
    100 37 155 120 45 15 148 238 238 189 191 226 4 255 255 23 137 32 123
    90 59 237 255 162 141 168 175 175 165 3 199 36 176 116 247 156 182
    255 203 208 75 11 78 105 255 190 134 84 128 87 255 17 105 16 66 174
    143 116 226 214 80 255 137 31 72 11 246 168 4 219 160 129 153 255
    194 130 31 119 90 112 255 26 127 19 148 229 181 55 231 90 78 35 151
    110 169 156 215 255 42 3 200 167 84 255 44 165 102 27 255 103 62 111
    138 174 255 255 153 117 63 56 171 255 254 219 141 255 206 255 131
    154 248 240 211 62 170 6 214 18 59 67 15 105 84 33 42 143 103 195 44
    94 140 221 26 255 70 197 255 226 137 99 90 255 138 9 237 255 84 199
    39 214 174 41 255 73 247 255 14 137 255 233 143 35 19 182 6 213 102
    3 44 100 83 77 72 85 106 255 137 121 173 97 149 250 173 19 104 147
    209 198 159 21 55 80 30 79 151 180 101 255 244 57 140 162 210 115 79
    106 255 21 193 255 186 204 255 127 116 253 17 246 255 180 196 236
    135 171 235 169 132 255 105 247 74 232 36 162 46 19 92 255 200 159
    156 197 72 206 32 255 145 182 247 129 145 255 172 78 255 92 197 35
    96 47 255 255 174 255 152 216 158 119 129 171 157 171 165 185 255 14
    213 219 255 223 78 50 53 81 172 229 11 255 144 255 127 2 255 105 19
    107 158 69 77 162 56 157 200 255 74 185 60 255 194 68 55 176 230 72
    255 41 65 147 225 182 236 74 235 198 62 89 255 11 231 26 156 155 221
    242 43 58 149 187 255 172 77 255 27 255 255 144 255 209 54 228 247
    232 162 199 111 253 78 27 36 255 189 146 213 85 134 49 17 95 3 132
    190 190 166 194 255 101 22 9 17 81 255 49 46 191 164 156 129 164 55
    75 171 224 45 65 231 255 251 134 109 135 255 255 156 79 137 255 57
    164 71 211 255 14 174 202 221 73 209 182 48 162 60 7 112 155 235 255
    123 192 180 57 159 255 101 101 165 145 7 255 155 208 94 246 240 194
    35 166 243 36 132 160 124 255</data></my_img>
<your_img type_id="opencv-matrix">
  <rows>100</rows>
  <cols>100</cols>
  <dt>"3u"</dt>
  <data>
    32 157 152 129 255 180 255 255 255 18 255 4 255 255 255 255 42 255
    255 82 255 255 14 255 255 255 4 255 255 142 255 255 83 255 219 255
    255 255 231 255 219 144 234 119 233 255 255 255 185 181 255 97 239
    255 255 92 113 109 233 255 255 255 255 105 255 59 255 233 255 228
    255 255 255 12 255 255 102 241 255 62 255 109 255 255 255 255 255
    255 157 255 4 211 255 255 255 255 81 155 188 255 32 255 175 98 255
    48 159 138 255 80 85 238 255 255 255 255 235 255 253 107 255 255 42
    255 209 255 171 255 255 135 255 57 255 191 255 255 255 57 189 115
    255 220 107 170 91 255 255 6 255 144 161 255 28 255 189 51 255 255
    243 79 219 67 56 255 255 8 255 49 255 8 255 255 255 255 149 255 49
    255 255 109 109 183 255 242 255 255 34 185 255 111 255 255 255 181
    255 189 34 138 44 237 215 255 117 150 155 193 77 255 2 63 255 20 255
    255 255 103 255 219 69 255 255 134 141 255 255 48 255 255 101 255
    204 179 255 255 255 255 0 103 245 142 2 255 75 209 255 107 151 255
    211 255 115 255 255 255 255 255 255 255 255 58 144 255 255 255 191
    139 36 255 255 200 81 161 255 50 255 38 255 8 255 226 175 235 255
    203 73 187 255 73 255 255 65 77 117 255 255 18 255 135 145 105 255
    255 113 36 159 152 197 44 95 123 255 255 255 255 255 97 84 211 255
    16 255 255 255 182 255 249 255 255 135 255 255 233 213 255 255 255
    109 255 255 255 197 229 248 255 93 218 229 255 191 113 158 14 20 255
    56 255 255 105 18 4 79 255 255 255 255 194 255 243 255 226 185 184
    255 251 105 255 255 255 121 56 255 109 147 91 255 255 113 252 255
    255 32 255 8 218 255 255 255 76 24 155 32 51 123 255 8 28 60 59 255
    255 255 255 125 255 255 255 215 177 18 170 181 255 202 255 255 255
    101 255 255 255 10 150 255 255 255 255 52 87 236 255 255 169 255 251
    255 64 217 24 255 121 28 161 22 255 247 255 255 255 95 255 30 255 77
    211 255 107 187 255 255 127 219 2 70 255 83 255 101 255 38 87 255
    255 255 2 245 255 149 255 255 255 48 255 255 255 255 255 255 4 224
    20 247 255 255 255 255 255 255 255 16 255 255 247 251 255 255 251
    255 30 255 212 34 255 64 255 255 54 171 255 255 255 255 255 189 91 8
    255 99 255 205 255 255 255 255 6 169 243 255 255 18 255 241 255 34
    255 255 255 149 255 199 255 28 255 245 255 255 255 255 38 70 209 2
    255 178 222 255 255 48 255 109 255 133 170 255 189 73 255 255 117
    127 255 111 191 255 186 255 255 255 244 125 255 255 193 255 236 50
    186 91 223 255 255 255 255 207 177 87 191 247 184 193 46 91 255 243
    255 58 185 146 255 255 95 255 255 20 255 255 255 157 185 255 12 147
    194 99 115 255 255 255 132 255 255 206 255 255 132 255 56 95 255 255
    255 255 245 10 255 24 255 50 255 255 254 255 239 242 255 150 85 169
    6 197 235 255 187 255 255 255 231 247 255 255 160 242 255 255 232
    141 255 255 255 219 201 255 255 255 6 255 169 255 255 135 255 255
    255 175 255 52 80 255 161 127 255 255 111 255 222 46 255 255 255 0
    255 255 107 255 209 255 115 205 164 240 255 255 16 255 255 255 255
    140 228 96 255 169 107 115 163 245 255 255 44 91 255 141 255 255 255
    255 44 191 255 255 245 178 255 20 215 255 255 255 255 255 255 255
    255 200 161 255 255 220 255 255 22 213 255 10 255 255 255 30 255 252
    255 255 255 255 28 255 0 255 255 44 255 255 72 255 255 20 255 240
    239 128 255 255 194 232 237 255 163 255 93 109 84 255 242 255 182
    255 88 225 255 100 255 218 237 255 175 255 194 201 227 40 250 197
    247 255 255 255 165 185 255 255 255 26 207 179 217 255 121 255 216
    255 255 255 255 243 255 195 229 93 167 255 117 255 182 123 255 170
    255 255 182 8 4 223 252 255 38 12 167 176 125 255 24 44 153 255 207
    175 255 255 129 85 255 255 113 4 255 69 109 255 255 64 255 196 255
    131 255 255 255 239 113 255 255 255 255 168 255 237 255 255 255 61
    255 255 255 255 211 255 24 255 125 224 255 97 163 231 32 255 255 255
    214 255 200 54 227 95 255 219 215 38 255 255 224 107 255 222 255 79
    75 255 247 62 255 142 255 255 255 255 84 59 167 255 113 34 255 255 4
    137 255 255 255 174 139 255 255 255 255 65 255 255 255 255 255 255
    255 68 255 255 255 255 177 255 255 255 191 123 175 221 111 255 167
    125 127 107 255 255 147 24 34 255 194 201 157 16 127 255 63 255 109
    255 149 209 255 44 255 43 255 255 255 183 255 255 157 255 204 52 255
    255 255 255 164 248 255 202 153 255 255 161 255 241 2 255 255 255
    255 241 255 117 154 115 205 255 255 255 152 255 78 255 135 255 18
    224 255 79 255 90 255 255 18 255 255 255 136 255 255 123 255 161 148
    163 241 162 145 255 255 255 40 45 30 255 170 220 255 24 179 233 255
    105 201 255 58 255 255 0 26 150 119 96 255 6 255 63 83 177 255 255
    255 89 97 255 255 255 255 168 30 191 83 255 195 255 52 109 77 14 223
    255 226 255 83 255 157 148 255 255 255 151 255 6 255 255 176 177 255
    255 255 255 93 255 255 219 137 241 255 91 255 255 167 255 32 255 255
    87 149 255 255 255 191 146 203 171 61 255 131 255 115 86 117 214 159
    22 48 213 255 255 255 79 46 255 200 255 255 255 214 163 123 255 255
    168 255 145 51 58 60 247 255 255 107 81 197 142 255 76 83 255 255
    255 125 64 219 201 255 93 255 215 4 73 255 255 255 255 255 255 141
    255 255 201 255 135 255 178 137 74 71 255 165 105 255 255 128 255
    255 255 193 123 255 16 159 255 68 157 255 40 255 255 234 245 255 255
    141 255 193 0 255 255 255 255 28 255 241 255 227 194 201 245 188 73
    255 255 66 255 255 255 28 18 255 82 255 255 255 255 16 255 255 141
    183 209 167 74 255 147 96 158 201 149 243 255 26 107 255 249 225 255
    227 255 131 255 233 68 255 97 255 255 144 123 255 255 255 255 255
    119 193 255 2 44 255 255 255 235 255 141 255 255 255 26 209 155 200
    32 42 172 28 255 40 255 155 32 255 86 10 8 123 255 189 117 255 89
    235 233 205 129 255 255 255 255 255 189 255 255 255 255 255 255 75
    254 123 57 54 255 255 255 255 239 255 88 36 230 255 255 236 255 255
    26 115 47 255 237 160 135 84 194 179 255 255 255 34 255 71 255 255
    255 129 255 255 255 255 255 255 79 77 255 255 255 255 26 173 165 158
    38 255 103 153 227 255 255 78 255 207 255 231 195 177 107 123 255
    255 255 255 138 255 201 4 255 255 255 255 255 194 255 255 255 119
    241 164 255 255 164 255 111 213 68 255 255 255 165 0 255 113 255 255
    255 45 44 255 119 36 245 192 155 255 255 127 219 255 105 255 255 255
    239 255 255 255 12 240 251 255 255 255 255 93 255 255 255 253 255
    255 70 55 255 44 221 255 121 255 255 255 71 255 255 255 255 255 255
    50 8 18 255 159 208 255 157 107 255 255 160 255 255 255 75 255 156
    30 225 142 10 175 95 155 255 255 6 125 176 242 237 123 220 92 105
    167 84 101 220 36 255 185 38 255 255 255 255 255 255 113 167 255 255
    255 255 138 255 6 18 115 255 255 46 169 125 10 255 255 66 233 36 255
    255 255 97 255 158 255 255 255 255 255 255 255 157 97 255 255 158
    255 255 255 255 183 0 255 255 67 255 255 198 255 107 255 255 155 204
    83 255 117 159 175 255 255 255 255 255 255 172 234 0 213 255 0 255
    123 205 251 16 255 255 195 255 255 255 102 235 255 255 6 191 255 190
    105 255 172 255 161 255 246 141 227 255 255 255 201 34 255 252 255
    24 73 235 255 255 105 219 143 255 255 255 255 40 135 74 126 255 0
    160 207 255 255 255 233 255 77 54 255 107 255 227 2 255 79 40 255
    130 232 36 255 255 32 97 113 86 30 2 255 255 255 255 16 255 20 255
    250 255 8 81 255 255 40 255 209 121 255 229 143 255 255 255 255 255
    240 255 28 255 28 255 218 163 184 255 84 255 255 255 65 255 199 51
    255 255 255 248 255 255 255 12 213 28 255 174 62 255 255 181 127 211
    255 255 253 255 255 255 255 255 255 255 143 255 175 255 255 255 255
    152 255 251 81 255 58 194 34 185 158 129 98 202 36 44 255 255 255
    255 255 255 255 255 255 119 255 100 255 255 255 255 14 161 146 255
    113 255 24 2 255 255 255 255 255 141 255 255 139 172 255 255 117 255
    58 156 255 117 255 12 96 146 255 255 255 73 48 182 181 137 176 175
    255 255 191 149 255 255 165 255 255 255 255 255 131 255 12 66 255
    255 76 0 255 255 255 255 255 255 66 255 255 26 139 255 22 255 255
    255 255 65 255 255 255 255 161 136 111 74 180 244 8 24 255 255 255
    185 177 255 87 255 255 79 255 144 255 255 255 197 203 152 255 44 67
    255 255 243 255 255 241 255 255 255 255 179 255 255 215 255 255 129
    255 6 50 255 44 255 255 183 255 40 255 119 85 209 217 255 255 12 55
    103 88 255 255 255 255 255 125 255 255 255 233 133 243 158 220 82 10
    255 255 83 42 215 128 255 155 255 238 255 188 255 255 255 189 255
    164 255 117 255 197 255 255 189 255 231 255 255 130 255 255 255 255
    255 255 255 44 208 4 129 255 143 34 180 255 255 255 133 8 36 255 255
    196 230 42 241 255 255 251 255 255 255 255 255 172 255 12 255 161
    255 22 81 255 61 129 255 255 125 4 255 255 179 87 97 111 255 255 133
    255 179 143 255 255 193 255 109 133 255 255 209 255 255 255 59 212
    255 93 163 255 255 255 255 16 255 84 255 248 221 53 255 255 255 87
    203 200 58 159 255 238 255 211 255 255 255 255 145 178 255 249 30
    255 255 255 255 4 255 255 255 255 73 135 255 165 255 253 137 255 241
    255 135 255 175 18 180 0 121 255 197 255 255 207 255 115 255 251 255
    75 151 101 169 255 136 255 109 89 77 8 255 255 255 255 255 255 255
    255 255 255 255 183 87 244 195 255 159 255 142 8 255 152 255 255 255
    123 255 255 255 209 202 255 255 255 255 139 255 255 255 229 30 255
    255 91 167 91 255 255 14 255 56 255 255 223 255 255 243 28 46 255
    184 255 255 109 255 227 255 255 255 255 159 229 4 68 255 51 105 255
    117 209 48 255 167 255 204 255 255 255 109 255 162 238 255 251 68
    255 255 95 219 255 255 255 200 93 255 38 255 255 255 28 255 255 4
    227 255 147 255 255 255 94 182 255 167 255 255 255 97 255 237 255
    255 255 40 255 255 255 197 255 255 224 255 255 255 255 255 230 255
    255 255 255 223 218 255 255 103 255 255 255 163 164 189 129 115 77
    255 255 48 123 77 169 255 125 255 147 253 232 255 255 255 255 255
    105 255 255 255 255 158 175 255 255 255 255 40 255 255 89 123 255
    255 179 255 255 222 255 255 199 255 156 119 255 255 255 135 255 93
    62 255 165 255 255 255 227 125 255 255 49 255 58 227 255 16 255 255
    14 255 66 137 255 0 90 103 255 255 255 32 131 255 255 54 255 255 175
    14 115 195 255 248 255 255 97 255 211 161 255 28 77 255 42 254 255
    255 255 36 255 52 255 202 56 255 138 179 22 91 255 155 215 255 255
    255 255 255 255 255 54 239 220 229 75 36 255 233 8 255 22 255 255
    255 255 255 174 0 255 34 255 255 180 79 64 188 50 86 255 255 255 26
    255 255 255 50 115 255 91 255 83 255 255 255 179 213 255 255 245 67
    255 2 255 218 255 188 203 64 255 123 255 255 255 255 255 195 90 93
    255 80 255 255 255 255 255 255 136 255 255 255 238 209 235 255 255
    150 255 255 182 255 255 255 141 255 202 255 255 126 185 173 255 255
    255 255 226 255 255 255 255 53 56 96 255 255 135 79 173 199 117 165
    0 255 255 44 255 16 255 174 255 255 12 46 255 18 255 96 43 205 235
    255 171 231 255 191 255 200 255 255 255 255 189 61 255 255 148 216
    40 152 111 255 211 255 255 255 255 219 255 255 193 255 255 8 255 255
    133 77 255 255 36 85 255 136 255 255 142 255 159 136 255 255 255 95
    255 99 255 255 235 232 255 255 255 10 190 46 255 217 58 255 115 255
    255 213 255 255 255 255 165 36 255 255 67 255 96 255 143 255 55 244
    36 138 203 255 255 205 255 255 163 255 43 169 94 55 255 22 186 64
    255 59 171 28 255 255 241 253 255 163 198 109 255 255 0 52 160 125
    209 255 255 255 160 87 255 209 129 153 255 175 253 255 127 255 160
    105 255 255 205 255 255 255 255 18 8 38 172 163 255 255 34 227 255
    34 137 255 255 64 81 16 237 190 66 121 255 135 255 170 255 247 255
    255 255 255 255 255 255 169 255 243 255 255 255 18 255 255 255 255
    255 255 255 255 255 245 255 191 119 255 255 96 255 159 74 255 238
    161 125 255 255 255 255 241 188 255 113 255 58 255 255 255 255 192
    62 201 255 255 255 65 255 247 255 129 145 255 255 255 255 255 22 255
    255 255 255 255 125 97 151 127 255 255 255 125 181 70 255 12 255 255
    255 255 255 169 92 32 81 100 255 255 255 160 242 255 180 24 255 206
    197 16 255 255 255 12 255 255 255 255 255 87 255 227 255 10 255 174
    79 175 255 197 255 105 255 255 198 255 255 255 255 52 255 169 139
    255 68 46 20 145 111 255 255 4 255 10 255 255 255 255 206 255 255
    253 255 96 87 255 115 38 255 255 174 255 255 255 226 255 255 255 70
    221 195 255 255 143 255 255 177 74 255 255 58 138 255 255 255 255
    255 57 228 255 126 143 255 73 255 255 255 255 54 32 255 255 180 238
    255 255 255 255 253 255 32 255 255 255 255 255 255 255 255 255 125
    183 255 32 252 100 255 255 255 69 255 74 255 179 255 255 255 255 119
    255 255 255 255 255 241 255 161 251 191 255 164 255 14 255 255 223
    188 113 255 255 214 235 255 201 255 255 255 78 255 255 175 148 197
    255 255 255 185 178 167 149 255 255 255 117 8 255 12 127 255 99 255
    255 119 255 227 255 255 255 255 209 135 255 38 58 134 255 125 34 42
    255 255 255 255 255 81 133 255 64 231 223 167 8 255 255 147 255 255
    255 255 97 255 255 246 18 255 255 78 12 14 255 255 255 107 255 255
    255 198 255 255 57 255 255 255 255 76 255 255 255 255 255 255 255
    255 255 255 175 94 128 242 213 255 255 255 255 255 255 47 24 153 253
    255 225 160 255 183 49 255 255 142 44 92 255 232 30 65 255 255 245
    24 137 255 101 0 255 255 189 255 4 111 255 175 255 204 255 255 255
    255 255 255 255 157 32 73 255 255 105 255 2 255 8 206 56 255 162 255
    255 255 58 255 255 66 255 0 127 84 128 187 255 255 89 141 16 255 255
    255 234 255 182 22 255 255 226 153 255 255 255 136 255 255 225 255
    213 255 255 28 255 173 72 255 255 56 255 20 12 14 255 66 209 255 255
    142 236 255 255 248 255 255 255 255 255 255 255 209 141 102 178 159
    255 253 255 255 255 56 255 255 177 255 255 228 255 255 255 84 243
    255 255 200 255 255 2 2 68 255 244 255 253 255 255 255 214 255 255
    255 255 255 20 189 172 68 255 186 123 255 247 99 255 255 131 255 255
    255 78 2 187 255 55 255 255 231 0 209 255 185 86 255 195 223 8 255 2
    255 255 239 16 139 64 63 255 255 47 255 137 18 255 255 255 255 173
    34 16 255 26 255 255 255 46 74 255 255 191 255 255 255 134 255 255
    156 137 117 255 255 255 196 145 255 255 209 255 255 255 255 255 255
    255 95 4 255 117 75 255 206 143 255 255 255 255 255 111 255 121 255
    119 255 255 255 202 2 86 144 79 127 255 119 255 164 255 48 255 255
    48 255 6 68 36 255 149 255 93 143 255 255 255 109 165 255 24 18 151
    32 255 255 184 218 255 180 157 255 221 95 255 255 255 217 42 255 255
    255 255 157 119 197 255 255 255 255 255 255 255 30 185 223 26 222 68
    97 255 42 45 171 255 255 131 203 255 255 255 255 169 255 255 255 82
    156 255 177 140 255 135 119 10 151 255 255 255 123 255 155 255 95
    215 243 56 175 160 255 255 255 224 255 142 255 6 194 255 255 255 255
    251 115 109 255 95 255 0 251 255 255 170 255 255 168 255 255 95 6
    155 168 181 245 235 255 255 156 255 111 255 157 197 136 121 255 176
    101 223 253 255 209 255 151 255 111 248 233 8 255 137 255 255 255
    140 60 52 235 255 255 12 255 255 255 85 255 8 113 76 152 66 255 255
    147 255 255 4 255 14 246 96 36 255 193 255 255 255 255 97 147 255 68
    255 103 149 229 255 255 245 245 99 253 178 58 255 255 52 70 255 255
    157 255 135 255 255 127 255 255 255 255 188 255 8 200 255 129 255
    149 255 160 255 155 208 163 255 255 255 177 176 121 255 255 20 191
    255 230 38 115 255 255 166 255 255 255 255 255 255 255 139 255 48
    255 182 119 195 235 255 157 255 255 255 255 255 255 253 255 255 255
    232 48 81 248 255 255 255 255 255 36 105 71 255 58 255 255 255 255
    255 48 255 255 255 65 38 255 40 232 255 255 167 62 255 87 255 32 244
    105 255 135 111 255 255 143 61 14 141 255 255 20 255 79 255 255 255
    255 255 4 183 51 62 167 255 20 255 255 75 107 211 255 255 255 167
    255 51 52 131 144 234 161 134 255 92 105 187 119 255 16 255 255 255
    255 190 255 255 249 159 111 126 255 255 42 163 175 255 255 199 245
    242 139 255 255 199 198 131 0 255 255 86 225 175 255 152 255 255 178
    255 255 255 133 113 255 38 167 53 255 255 255 255 255 99 255 255 255
    255 149 255 60 44 166 255 68 255 255 96 12 255 255 71 255 255 255 6
    66 255 197 255 255 255 40 255 255 255 255 246 133 75 255 255 255 238
    255 255 255 255 255 58 255 47 255 255 202 185 223 255 255 255 71 189
    255 150 255 255 16 255 8 38 255 121 243 83 255 255 234 255 255 255
    255 2 220 255 93 214 255 255 246 255 255 50 179 255 139 255 255 255
    255 255 255 207 255 199 255 255 113 14 255 255 255 63 255 255 255 89
    255 255 255 255 255 255 233 63 255 82 255 255 102 194 255 255 255 22
    237 255 6 137 255 255 20 255 171 233 255 255 163 144 79 255 186 255
    163 255 145 181 255 255 181 255 255 255 182 255 0 255 255 255 93 14
    4 125 246 255 215 18 255 81 255 153 221 255 255 255 83 255 255 117
    255 146 75 217 255 255 56 255 107 54 255 255 18 0 255 167 146 244 42
    255 255 171 132 255 255 59 255 111 255 255 255 253 6 177 255 60 173
    6 255 131 255 155 255 255 255 98 178 255 255 255 255 255 59 255 255
    251 22 223 126 255 111 255 255 255 255 255 255 28 255 255 22 255 255
    255 255 225 255 255 255 196 255 255 255 77 255 255 46 255 255 121
    255 217 255 255 255 255 255 255 77 255 255 68 233 255 117 129 40 255
    255 192 255 255 255 255 169 255 255 255 117 255 153 255 255 255 188
    230 255 111 255 181 255 40 22 255 54 60 14 255 76 148 205 255 255 71
    241 255 255 149 123 255 255 223 30 255 243 236 149 239 255 255 109
    81 102 255 255 255 255 66 247 105 255 255 251 255 66 115 255 249 255
    52 109 24 255 255 192 255 255 40 8 255 239 163 94 85 255 255 91 0
    249 255 255 213 255 255 183 174 119 255 160 193 255 255 224 255 32
    255 251 255 255 86 255 255 197 255 255 125 255 255 255 8 62 74 255
    129 255 255 255 8 130 115 255 174 255 255 235 16 70 194 255 161 255
    230 40 255 234 255 255 93 38 255 255 18 130 4 74 255 38 249 34 255
    217 255 255 199 255 246 237 255 255 255 255 255 255 8 207 133 26 228
    255 69 105 255 255 83 131 209 62 255 255 255 255 255 255 66 34 60
    255 162 255 52 255 125 139 225 60 255 208 60 151 105 255 62 24 18
    255 160 255 255 38 157 255 221 75 255 42 60 137 255 199 255 255 187
    141 69 255 255 105 238 255 255 255 117 255 255 211 65 255 255 255
    155 255 255 255 137 213 40 255 43 32 255 209 255 255 255 255 255 123
    0 86 255 255 255 255 255 255 186 255 255 255 91 255 255 255 18 255
    224 255 255 101 255 128 207 123 255 91 255 255 246 139 206 255 203
    255 255 255 255 216 251 22 183 255 255 255 90 255 255 255 213 242
    255 26 255 74 26 12 255 255 205 255 138 153 34 255 2 255 255 255 255
    255 255 255 95 177 141 49 32 255 255 157 76 75 255 225 125 255 62
    251 137 94 95 105 68 239 87 255 83 248 255 184 68 28 95 255 219 99
    203 255 255 255 205 255 255 255 162 255 4 49 143 167 57 101 179 229
    38 255 255 255 129 125 115 255 85 153 78 255 255 255 255 189 255 255
    255 255 186 60 255 255 255 10 255 155 30 255 42 0 255 50 12 174 101
    219 255 131 255 154 255 189 241 255 161 255 111 6 255 16 255 59 255
    22 142 139 255 12 255 255 107 8 189 255 255 255 255 222 163 128 20
    255 255 255 255 255 8 153 255 71 12 255 153 255 255 255 8 255 117
    255 255 99 98 144 255 255 223 255 135 225 187 255 255 255 16 160 20
    143 255 222 255 26 255 96 142 50 255 95 81 255 164 255 255 186 255
    18 255 255 255 130 255 255 160 123 255 158 99 255 255 255 18 255 255
    151 255 153 255 255 248 235 14 255 255 255 36 255 87 255 255 51 255
    255 255 181 12 255 87 163 255 119 255 255 95 145 67 143 38 255 255
    115 255 81 255 255 66 255 160 255 74 49 255 243 255 255 255 150 155
    255 170 255 205 209 255 100 184 255 255 251 48 255 180 255 100 255
    68 56 83 255 255 241 185 255 241 175 255 227 181 135 255 255 105 215
    255 255 255 75 255 140 236 255 18 255 255 255 171 223 255 40 30 255
    52 255 255 46 255 255 255 159 255 230 22 255 242 255 202 62 255 126
    255 255 253 169 255 255 255 255 255 4 12 20 255 255 32 255 255 255
    255 255 255 207 255 255 255 199 255 209 255 233 167 163 255 42 255
    255 255 255 75 255 255 251 255 223 255 255 28 255 255 255 107 123
    119 101 255 255 28 255 92 255 255 255 255 10 255 235 255 255 255 255
    255 45 255 255 79 101 255 255 255 102 255 155 213 140 255 84 113 212
    255 40 75 255 200 255 255 255 255 255 8 151 62 255 255 255 73 255 78
    81 255 149 146 255 255 255 255 227 38 255 68 255 255 255 180 255 98
    255 95 10 255 218 255 243 255 36 184 255 255 255 255 82 255 68 255
    255 85 255 132 255 181 99 255 255 255 40 28 101 255 255 255 64 213
    255 255 255 251 255 159 255 255 205 77 145 255 198 175 16 24 16 255
    255 255 255 243 20 255 6 255 255 255 255 255 20 145 18 239 255 255
    103 177 239 16 157 187 186 44 72 255 89 255 255 38 255 83 255 255
    245 24 227 255 123 255 255 255 163 146 201 255 255 255 131 40 95 233
    255 83 185 168 181 221 26 246 227 255 62 255 255 133 82 255 255 100
    255 135 155 130 129 255 255 201 255 130 183 127 255 177 32 123 255
    195 255 191 231 255 255 205 255 30 237 255 255 48 255 255 52 255 255
    255 255 255 179 255 105 255 255 255 255 170 255 223 255 56 255 255
    255 255 215 135 30 255 255 167 194 212 255 255 153 199 198 255 255
    255 12 255 255 255 105 255 255 231 202 255 255 255 255 76 255 141 70
    255 255 255 255 6 207 186 255 255 255 157 255 255 255 255 231 79 251
    255 216 98 134 167 76 59 255 165 180 255 157 255 255 255 91 255 231
    150 18 145 63 20 24 255 242 255 57 255 12 73 185 149 97 214 153 184
    117 255 109 40 20 152 255 255 255 255 255 140 255 255 255 255 255
    255 255 255 255 135 141 255 232 255 20 151 255 61 187 255 215 101 44
    186 232 255 255 255 105 255 48 141 136 255 60 255 255 255 255 254
    145 206 255 16 36 54 233 255 169 32 255 255 255 20 244 255 176 58
    255 81 255 255 255 255 56 107 161 219 255 56 255 233 255 167 132 255
    90 245 255 2 255 255 255 103 236 255 113 2 255 79 255 255 255 255
    255 255 212 255 200 255 143 255 255 255 18 255 255 213 255 255 255
    183 255 202 56 255 164 75 255 81 159 137 255 255 255 91 255 255 255
    236 111 152 255 113 142 201 74 73 255 131 49 255 0 255 255 16 255
    214 255 213 127 171 255 115 102 166 255 129 255 44 249 105 224 255
    126 255 203 255 255 255 255 255 70 85 24 6 229 255 255 255 254 147
    255 255 183 255 255 6 73 255 115 103 255 255 255 212 255 255 255 76
    117 255 255 255 22 255 255 185 255 255 255 6 255 141 34 99 255 98
    128 203 255 134 77 199 166 238 56 63 255 255 255 66 111 255 255 255
    182 195 255 255 234 161 255 87 22 231 255 28 255 42 255 255 255 255
    255 255 90 255 173 255 255 255 255 255 193 255 255 16 255 32 36 48
    91 52 20 241 255 139 91 255 255 213 30 209 241 255 231 255 20 255
    255 255 255 235 79 52 255 105 78 255 252 255 18 133 255 61 255 115
    160 255 255 229 255 255 40 167 6 85 255 255 160 255 255 162 255 141
    247 255 255 192 255 255 93 255 255 255 161 255 160 97 207 255 159
    207 209 255 255 249 255 0 152 255 105 255 255 255 255 105 255 255
    255 68 255 58 72 255 255 34 148 255 235 138 255 255 255 254 201 217
    22 84 255 0 255 255 255 255 8 56 0 18 236 86 61 56 115 140 255 115
    255 255 143 255 145 255 71 255 255 255 58 255 255 255 255 87 187 255
    255 255 105 14 95 255 103 187 255 184 255 255 132 141 255 123 236
    193 255 255 187 168 255 255 255 255 16 202 255 115 255 255 255 255
    252 255 255 255 227 255 230 195 255 157 255 113 255 255 255 75 18
    255 255 255 22 73 255 223 255 255 158 255 255 109 30 255 255 193 70
    73 153 255 53 147 255 255 50 255 93 224 111 71 255 127 255 255 30
    174 255 90 255 255 62 158 119 255 91 255 255 255 207 255 45 222 22
    134 167 119 255 203 16 170 255 255 255 255 219 40 8 255 45 101 32
    255 255 255 255 129 255 255 255 54 168 224 255 148 214 255 255 255
    255 73 113 28 255 255 255 107 22 169 103 255 157 255 129 255 255 255
    255 142 255 255 255 255 255 255 255 155 255 151 255 255 255 255 255
    48 255 45 6 197 255 193 102 255 224 203 10 255 36 117 255 0 204 207
    255 255 255 96 192 209 233 255 255 201 34 133 255 156 151 0 255 16
    223 36 255 255 255 183 255 87 255 255 255 255 255 255 248 255 255
    255 80 255 75 16 132 255 255 79 255 255 255 153 100 255 242 175 200
    255 147 229 255 255 255 20 28 255 131 231 38 209 255 255 24 255 255
    10 193 154 0 20 255 255 183 255 117 255 255 58 255 168 71 201 213
    119 163 255 255 56 255 107 255 255 255 183 192 255 255 255 255 163
    255 58 54 255 58 58 255 255 255 255 173 14 255 169 38 89 220 143 130
    255 193 255 255 211 65 56 129 255 255 255 22 145 151 255 255 125 180
    44 255 255 255 255 255 0 255 255 131 16 255 255 129 255 71 255 103
    97 255 176 255 16 30 255 121 97 117 255 255 255 8 180 255 255 101
    216 255 255 165 255 71 255 213 255 109 115 49 255 82 255 255 0 255
    255 255 255 75 241 12 89 255 28 32 72 255 197 255 225 141 255 97 133
    255 255 255 2 12 4 62 150 255 255 182 145 60 174 234 255 255 255 88
    36 255 233 160 87 255 168 101 255 255 255 221 28 50 24 115 236 207
    255 46 143 192 255 66 16 242 255 255 255 10 255 79 255 43 54 255 255
    155 74 255 255 151 85 255 163 255 97 255 237 255 255 255 32 191 255
    203 54 136 0 18 255 255 24 2 26 66 255 255 171 255 255 255 36 123
    203 235 255 255 255 40 50 255 18 255 61 50 255 142 167 255 255 255
    255 255 255 227 255 255 255 255 48 255 255 255 255 255 234 255 255
    255 165 255 255 139 97 255 211 69 161 255 223 173 205 255 4 203 255
    97 0 69 255 255 255 109 255 255 113 121 40 250 179 20 117 143 255 75
    253 233 255 117 255 255 255 107 127 139 255 255 229 255 73 255 255
    255 255 255 255 105 182 255 255 194 255 255 255 255 173 79 252 82
    255 38 44 20 255 255 255 175 255 255 151 255 57 255 255 178 0 245
    126 207 255 255 255 171 182 255 147 47 255 94 235 255 255 152 255
    255 255 242 66 229 255 18 198 87 255 255 121 255 233 171 255 186 236
    10 103 97 38 255 255 22 243 255 72 229 155 191 255 153 107 255 255
    169 221 255 255 91 255 255 223 255 24 6 255 255 176 255 255 211 121
    187 79 0 193 91 255 46 34 40 255 255 252 197 255 255 243 255 255 135
    51 242 215 255 167 187 255 255 255 10 255 255 255 255 255 6 169 255
    99 255 129 10 167 255 255 26 255 255 255 219 26 44 135 150 238 185
    255 183 255 57 220 74 255 58 255 255 255 255 32 255 239 121 173 107
    255 255 143 255 79 255 255 254 56 255 255 255 130 255 247 174 214 76
    81 255 255 229 181 243 255 216 255 109 255 215 255 255 225 255 255
    183 255 255 115 192 255 203 53 123 255 255 26 255 211 54 28 53 10
    159 166 228 255 194 163 217 47 220 24 255 248 105 255 255 255 69 66
    88 255 79 123 255 32 255 255 135 255 255 151 255 223 250 155 255 255
    141 140 228 157 204 255 159 24 153 245 255 255 165 140 60 255 255
    255 255 255 107 255 103 95 255 255 197 109 245 255 207 125 52 255
    255 255 255 255 255 193 255 255 255 255 101 84 255 105 159 22 236
    255 255 14 161 255 255 82 206 255 255 255 255 255 105 255 255 174
    177 255 255 139 255 69 255 255 255 240 255 255 191 14 255 255 133
    255 255 255 103 255 96 255 255 255 138 244 253 255 179 235 255 205
    255 40 64 84 105 195 239 255 101 255 73 205 255 255 255 203 255 56
    223 79 255 107 38 36 255 255 85 255 190 255 147 111 2 255 231 68 123
    255 153 201 255 73 125 18 181 255 255 248 255 213 255 94 255 44 255
    255 255 18 4 255 14 12 137 60 255 255 90 255 255 74 255 255 255 255
    161 255 253 255 187 255 255 255 136 255 54 247 123 235 255 255 255
    255 255 249 255 60 207 204 255 255 75 165 125 255 255 163 105 75 255
    57 255 191 225 255 96 255 28 255 255 255 151 255 255 255 255 220 255
    49 255 179 136 131 4 160 56 129 128 145 113 255 255 135 154 255 255
    178 255 161 255 105 251 255 255 255 255 255 137 49 133 255 255 255
    60 255 255 255 255 255 255 49 255 255 168 255 255 152 24 255 255 66
    255 47 255 34 57 255 255 233 157 127 255 195 255 255 255 255 130 255
    113 20 149 165 255 181 141 158 255 58 36 56 151 255 79 255 255 171
    255 253 244 129 255 255 113 255 255 255 255 255 239 255 255 255 255
    255 255 49 40 249 255 171 18 255 4 56 130 255 255 255 236 207 255
    255 109 65 255 203 255 93 243 255 255 255 150 255 155 255 101 255
    241 189 145 255 20 255 63 255 255 255 255 255 26 255 82 209 255 139
    255 255 189 26 228 255 255 171 255 182 255 145 255 255 58 73 255 255
    255 255 255 158 255 151 255 255 255 255 255 255 255 28 52 255 255
    255 255 255 255 69 83 255 255 255 100 202 250 94 14 111 255 130 135
    64 61 255 255 255 30 165 206 255 245 168 34 255 206 255 255 67 50
    255 255 22 171 111 255 157 180 255 255 255 226 255 255 38 255 243 40
    255 59 255 177 188 255 217 255 85 255 255 255 255 255 161 147 255 20
    133 71 255 127 255 255 255 255 255 255 223 56 117 138 119 255 168
    197 169 174 255 255 83 149 255 79 26 255 255 12 255 255 238 255 174
    129 255 245 255 255 255 255 74 255 255 12 20 255 255 194 165 255 198
    255 255 255 68 90 247 129 255 45 234 255 255 157 102 255 101 153 255
    46 255 47 255 255 221 234 153 36 214 255 255 54 255 255 34 255 255
    40 255 57 255 255 138 145 145 255 203 255 26 38 255 255 179 255 219
    73 143 255 58 255 255 255 255 255 163 141 206 209 249 255 238 60 10
    91 10 255 129 233 194 230 255 255 255 255 251 8 255 67 18 151 255
    242 96 215 255 40 223 66 237 200 255 20 255 218 129 176 181 255 123
    255 86 255 255 245 4 242 187 255 131 42 255 255 255 255 255 255 255
    255 36 87 240 255 255 125 255 255 246 255 255 32 167 255 255 255 255
    189 20 255 246 197 255 214 129 30 255 255 221 255 54 255 117 255 255
    255 141 255 101 255 255 137 42 255 255 52 36 255 207 227 255 255 255
    66 159 132 137 171 42 255 255 255 255 255 213 28 255 255 77 92 26
    255 255 42 199 133 235 214 191 255 255 255 255 255 255 255 232 255
    109 14 161 255 255 255 255 155 141 170 203 169 255 255 255 255 101
    255 93 44 227 57 255 151 16 255 255 255 255 227 2 255 235 255 99 195
    227 205 255 255 246 255 184 255 12 217 255 121 42 93 255 121 24 255
    251 68 255 255 169 183 63 161 191 255 87 255 73 230 231 255 255 203
    146 255 255 93 255 189 49 212 165 255 248 56 255 255 207 221 255 76
    101 255 68 45 255 68 247 50 255 255 181 107 255 255 255 55 22 255
    255 75 199 109 255 255 213 255 255 233 28 255 255 30 251 16 255 255
    255 255 96 255 255 255 255 207 197 69 255 30 255 83 255 121 255 102
    95 255 255 77 179 255 255 85 237 134 255 255 192 255 137 223 54 255
    249 255 255 61 147 255 140 255 255 77 83 145 75 12 6 174 62 255 255
    105 255 217 255 131 255 255 177 178 255 255 255 6 191 255 105 32 59
    73 255 14 255 179 213 175 255 255 48 255 255 255 255 255 255 255 255
    255 32 255 255 100 255 255 255 255 255 139 28 24 169 36 71 70 111 6
    255 255 85 235 152 28 133 97 255 255 255 12 255 251 255 255 89 218 4
    194 255 255 206 255 50 93 218 233 69 255 255 255 255 255 196 255 255
    107 255 199 255 32 255 255 149 179 4 246 52 75 255 129 150 14 213
    255 62 255 105 255 169 164 255 255 255 255 70 255 36 255 255 64 18
    255 255 255 255 187 151 255 255 251 99 255 255 49 147 141 239 255
    219 49 255 255 156 255 199 255 141 255 255 228 255 186 68 255 172 81
    50 47 255 241 255 203 117 255 123 199 99 255 241 138 255 253 249 255
    255 255 255 105 255 81 255 255 255 255 255 230 125 255 255 38 182
    255 175 134 157 10 186 255 255 71 99 255 255 255 255 196 85 169 255
    169 185 255 159 36 255 255 255 99 0 119 67 255 255 217 141 255 162
    71 133 255 246 255 255 255 227 255 255 255 4 4 255 176 255 42 24 199
    255 255 255 10 255 169 111 57 105 231 188 255 14 225 209 255 255 255
    255 107 226 177 255 224 255 255 255 92 255 97 255 255 255 235 255 14
    255 241 87 231 59 255 44 255 255 255 255 40 189 255 89 255 255 173
    129 255 255 129 255 155 131 253 226 255 255 143 255 117 255 255 255
    75 255 178 137 255 255 60 255 255 255 16 255 255 74 28 255 119 255
    26 255 231 159 255 130 123 255 190 255 255 255 62 255 91 238 18 150
    56 255 136 255 167 255 255 135 255 255 255 91 255 4 67 255 255 67
    255 255 45 197 50 255 252 255 255 205 191 42 255 241 255 255 255 255
    255 177 55 240 24 47 143 255 255 255 255 255 255 255 134 255 10 255
    255 255 188 125 34 255 230 44 255 34 255 255 66 255 255 68 18 255 60
    28 255 224 56 144 255 115 255 255 34 255 255 167 95 255 133 255 171
    12 255 255 181 245 255 255 255 165 72 130 255 183 255 255 14 255 137
    86 255 46 255 0 255 255 160 159 28 6 46 129 217 159 227 8 255 255
    182 177 255 255 255 135 152 255 255 255 169 255 123 255 147 255 220
    255 79 22 255 8 255 255 255 255 247 255 255 255 255 255 255 42 255
    187 255 26 255 36 255 255 255 30 255 121 255 0 105 161 151 255 250
    24 255 254 215 255 255 255 208 255 92 63 255 30 255 201 72 255 77
    251 255 255 255 26 255 100 4 26 16 255 255 211 255 255 255 235 133 8
    75 111 255 255 139 151 255 255 255 255 255 255 138 255 255 136 255
    105 255 52 255 255 167 255 255 255 255 255 209 255 73 255 76 101 255
    255 255 255 82 180 255 255 255 38 255 255 71 255 166 255 161 255 250
    255 255 255 255 255 255 145 255 169 137 255 255 255 255 255 255 255
    113 22 178 199 129 255 60 203 255 255 255 255 95 191 255 79 207 255
    127 255 255 155 253 255 255 145 255 255 255 164 64 255 154 20 147
    255 56 48 49 191 255 255 103 6 219 177 255 255 255 36 150 187 255
    132 52 255 253 255 255 77 165 255 113 16 255 255 60 24 255 123 159
    136 179 255 255 163 203 255 255 209 142 255 255 255 214 22 255 91
    229 249 255 255 65 111 255 49 73 255 255 10 255 255 255 255 208 255
    255 255 255 255 255 255 8 233 255 255 255 220 229 255 255 197 255
    255 88 255 255 255 166 115 255 164 255 255 20 18 255 255 252 255 255
    255 143 255 141 255 255 147 2 255 255 169 255 255 255 255 255 255 16
    255 255 255 121 255 65 255 159 219 255 30 255 255 30 255 255 253 255
    255 113 81 4 8 209 255 255 162 81 255 255 171 255 255 191 255 229
    255 193 255 85 171 255 85 255 130 8 219 255 81 149 255 73 14 194 77
    24 162 255 255 182 161 241 255 185 177 142 129 255 255 255 64 255
    255 255 255 18 255 255 99 255 255 97 141 255 107 255 255 255 161 255
    255 40 255 66 255 255 93 255 79 58 255 255 103 255 237 246 255 255
    66 255 255 44 58 255 220 255 255 255 255 231 255 177 255 255 255 36
    238 179 172 64 223 255 137 227 4 52 255 255 255 255 190 255 187 255
    105 159 245 216 255 255 220 255 128 81 46 255 255 255 255 255 58 156
    255 255 255 151 66 255 255 125 255 197 255 255 232 255 162 255 98 43
    38 255 198 255 255 249 147 62 255 101 255 255 255 255 255 255 111
    255 2 26 83 255 28 119 255 255 255 255 239 255 97 255 255 255 86 255
    66 255 255 255 255 255 183 235 255 255 64 156 255 255 255 145 183 47
    42 40 12 2 72 186 255 255 255 255 82 255 255 221 45 255 255 255 255
    173 255 30 4 255 255 255 255 255 193 255 255 255 255 255 255 231 255
    105 255 255 253 22 189 0 198 89 255 255 167 255 10 207 255 81 179
    165 160 255 141 152 216 0 32 173 18 255 26 255 255 222 255 18 255
    255 255 255 255 166 255 94 255 255 2 255 255 111 255 60 255 217 16
    249 219 255 2 164 234 105 255 255 255 73 255 255 255 119 177 255 250
    255 255 255 255 255 2 255 174 2 107 36 255 153 99 218 16 255 52 155
    255 255 255 255 255 90 255 248 82 255 255 177 255 101 46 255 255 30
    253 255 149 40 46 255 255 38 255 180 73 117 249 173 255 255 201 255
    136 109 68 125 255 185 42 255 255 255 255 255 107 113 193 255 255 14
    150 48 113 47 255 255 255 139 255 204 16 60 65 255 225 255 139 189
    18 255 42 255 73 189 255 255 255 255 255 153 255 255 241 255 255 255
    140 255 255 255 73 255 215 255 58 67 255 255 255 10 46 255 255 66 42
    12 253 255 143 255 87 255 255 65 255 255 255 255 255 255 71 255 227
    181 127 188 220 151 255 255 165 28 137 255 138 255 255 255 147 159
    255 255 255 20 255 28 255 171 82 243 183 50 61 255 123 255 255 255
    32 171 139 255 255 255 123 209 255 178 111 255 255 234 255 61 193
    171 146 77 2 217 193 191 255 89 255 101 255 44 164 179 255 255 255
    255 255 16 255 166 66 255 32 255 255 233 255 255 225 52 255 255 71
    98 255 255 141 89 157 255 255 137 255 255 255 255 140 16 88 77 255
    255 255 255 157 237 214 28 136 71 255 255 10 255 241 255 255 121 95
    255 30 165 14 255 246 255 255 242 237 156 255 255 255 255 2 255 224
    117 255 255 255 255 255 255 204 255 163 255 22 255 136 91 215 32 255
    213 134 255 195 176 255 68 61 30 255 219 195 80 255 56 255 89 44 255
    77 255 255 109 255 56 237 255 255 255 191 255 255 255 255 231 255
    105 93 255 181 34 12 255 119 255 255 144 255 255 249 255 255 2 255
    251 255 255 255 255 252 86 160 113 105 231 255 34 255 135 255 241
    255 26 255 123 40 61 255 255 255 54 255 255 60 179 255 125 193 213
    220 255 255 244 255 255 149 255 255 193 255 255 191 255 219 131 255
    255 255 183 255 255 145 213 255 56 194 254 255 255 187 125 241 133
    64 69 71 50 237 255 151 235 44 255 152 255 22 42 255 183 255 171 18
    53 255 60 255 28 16 255 255 255 95 8 231 63 161 169 255 255 20 255
    255 255 255 255 255 26 81 131 49 255 14 255 68 255 130 255 72 255
    173 205 255 255 24 255 255 255 221 255 175 255 48 46 255 255 255 255
    105 255 59 255 255 75 230 255 255 255 135 255 161 255 93 255 255 107
    255 157 223 255 18 255 216 255 136 255 237 255 16 255 154 255 24 255
    255 121 119 157 169 4 181 255 65 155 255 198 255 86 255 255 255 125
    255 255 156 30 78 255 64 255 255 255 147 255 255 227 4 255 255 6 255
    255 255 14 255 255 127 107 255 255 255 160 255 165 148 255 255 138
    255 255 255 246 115 63 159 255 40 212 255 255 183 255 255 40 8 209
    119 58 255 255 255 81 137 255 61 216 255 49 87 255 255 255 255 63 75
    255 206 255 243 255 30 255 6 255 149 231 255 58 255 255 84 255 255
    255 241 255 12 213 171 131 255 255 58 255 250 249 213 255 111 255
    175 255 107 97 82 255 87 255 198 255 255 255 125 255 40 255 255 65
    242 255 49 71 255 255 77 22 255 201 255 255 255 149 10 255 255 57
    255 255 255 26 171 125 10 255 162 207 255 75 197 255 255 255 100 255
    157 68 255 205 255 123 209 255 255 232 14 255 93 213 255 255 255 51
    255 191 255 255 255 255 36 229 255 255 255 134 149 34 10 93 135 95
    255 255 209 50 255 89 255 84 45 255 189 200 255 255 255 255 255 255
    26 255 255 40 255 217 255 255 255 255 255 255 250 137 144 193 255
    255 255 255 255 60 227 202 255 255 45 30 255 255 255 255 158 50 255
    255 161 175 255 255 255 255 18 24 255 255 251 225 255 255 26 12 100
    34 255 255 128 255 171 255 177 227 49 145 255 121 255 255 255 205 66
    0 255 249 160 58 219 237 255 255 255 28 92 255 52 36 255 255 255 251
    255 139 255 255 96 255 40 143 73 52 255 255 255 113 225 14 255 255
    255 149 126 165 255 255 224 255 38 129 173 24 255 255 49 255 255 255
    24 181 209 89 151 42 255 74 255 255 86 255 255 165 113 54 255 255
    255 237 255 255 255 255 220 255 255 255 255 178 177 177 235 12 165
    186 255 255 255 255 255 255 121 48 255 83 237 211 255 139 164 8 239
    255 224 255 192 216 255 87 255 255 255 255 255 255 205 233 255 255
    82 255 255 255 225 255 255 255 157 24 115 255 46 255 255 255 255 141
    78 152 195 255 168 56 255 61 255 94 47 255 255 255 255 131 14 255
    167 65 255 102 43 255 143 75 255 34 255 255 221 255 30 70 255 157
    221 235 255 255 241 212 171 255 238 255 158 255 135 255 255 84 168
    12 117 255 157 237 45 163 255 101 248 255 140 209 255 67 105 255 255
    115 123 255 255 239 255 255 233 255 255 255 138 91 253 166 12 153
    229 255 255 223 181 143 255 230 213 255 58 255 160 171 205 16 20 223
    255 137 245 211 255 255 121 111 255 227 255 255 105 255 10 255 255
    255 255 195 255 255 255 241 255 255 111 255 50 237 255 22 255 119
    255 199 255 255 237 255 255 253 255 103 255 45 255 155 144 139 255
    255 255 219 49 255 151 255 255 255 255 252 255 59 255 32 209 255 54
    255 50 255 255 153 72 47 255 153 255 173 133 255 255 255 255 232 52
    217 83 255 255 255 255 61 255 121 255 161 255 20 255 4 231 103 255 2
    216 255 243 255 84 18 255 251 255 255 239 103 255 36 61 141 255 255
    48 255 111 255 255 255 187 46 255 4 255 255 22 255 255 195 102 255
    255 255 255 139 34 213 183 255 255 83 84 0 89 255 255 151 255 134 36
    80 255 205 255 255 42 161 89 255 255 255 161 255 255 2 255 253 255
    255 255 0 167 255 255 34 255 255 66 4 255 255 255 73 255 255 189 255
    255 155 255 192 255 225 255 58 255 255 255 217 255 2 211 255 255 109
    255 24 107 255 179 10 255 137 253 255 255 255 30 255 32 255 255 245
    255 54 255 251 197 167 229 255 255 255 255 255 215 255 44 255 36 237
    85 255 107 160 255 255 101 44 231 184 255 22 255 255 255 73 145 255
    12 255 255 255 14 255 97 220 255 255 109 181 255 255 56 235 66 255
    255 64 255 255 255 2 208 62 231 255 255 225 198 255 255 255 252 255
    16 12 14 140 16 131 255 214 187 12 203 255 255 255 255 255 56 255
    235 159 255 128 85 147 77 111 255 128 255 147 0 255 169 73 255 12
    121 205 60 196 77 255 178 255 181 255 145 52 172 143 4 255 255 255
    255 42 255 144 255 98 184 155 255 255 255 255 180 161 255 255 68 149
    150 46 223 255 255 247 255 38 255 47 255 207 255 64 115 55 89 247
    255 83 255 79 255 165 255 255 255 8 255 255 255 117 0 241 255 183
    255 171 255 132 255 255 209 255 255 140 209 241 51 255 127 255 255
    60 117 75 255 255 52 155 255 255 255 63 255 60 63 255 255 176 125
    255 79 125 255 255 255 255 18 255 149 255 255 18 18 255 255 22 255
    203 255 255 96 204 255 255 255 220 255 255 141 60 45 42 255 53 218
    255 255 117 141 97 255 119 255 255 18 12 16 72 107 255 255 225 255
    255 14 255 245 255 220 255 255 52 255 200 255 26 255 255 14 255 255
    255 55 255 255 255 79 123 255 24 117 255 64 62 81 228 255 255 85 255
    208 236 255 6 171 255 255 255 255 237 255 255 130 255 24 51 89 255
    111 255 255 231 255 255 93 191 255 69 28 78 255 54 255 255 255 255
    255 255 255 255 255 255 255 255 255 73 79 255 77 10 255 26 255 255
    255 255 255 255 8 255 255 255 255 14 255 255 255 220 255 172 255 96
    255 81 141 87 10 211 196 255 113 255 255 255 255 232 255 255 216 255
    255 255 255 20 255 255 211 6 255 255 187 207 128 255 255 55 91 84
    251 109 255 255 191 199 178 62 255 255 255 165 255 255 129 255 250
    255 229 255 20 160 255 255 255 255 201 239 137 159 255 255 141 142
    246 255 40 56 68 255 255 22 255 32 255 156 255 255 255 228 229 255
    255 100 22 83 2 255 14 149 255 255 165 255 255 255 255 87 54 126 255
    42 255 163 255 174 103 255 255 255 177 249 191 78 184 141 255 239
    255 255 255 85 40 73 123 205 255 255 36 152 115 255 49 44 219 255
    255 42 255 255 12 255 255 48 206 171 30 255 255 117 121 123 36 239
    16 255 103 87 255 105 255 255 255 117 175 255 203 255 164 255 255
    255 255 255 255 255 255 255 255 255 166 255 255 255 255 255 255 209
    255 255 255 165 200 255 167 255 131 255 255 197 28 255 255 78 255 42
    209 202 2 56 89 14 223 255 73 255 172 50 2 255 255 255 255 250 16
    255 255 36 168 255 129 255 111 255 255 255 243 255 255 255 255 161
    141 43 255 255 227 40 255 255 255 255 255 255 119 255 255 155 111
    255 40 2 111 115 140 255 18 255 252 203 184 42 255 0 48 255 255 151
    255 2 119 255 160 255 255 255 255 135 255 99 255 255 255 165 247 8 2
    221 255 147 255 143 255 255 255 255 192 255 121 255 143 0 47 207 255
    255 151 255 69 133 141 89 255 255 255 255 225 255 255 185 255 255 70
    47 255 255 255 75 111 255 255 255 97 131 255 34 255 255 91 40 209
    255 99 74 45 255 255 4 255 255 255 255 255 200 255 189 255 255 255
    126 255 255 36 60 255 255 255 255 231 169 36 198 56 60 146 255 70
    255 242 255 32 20 255 97 255 255 255 255 2 255 255 217 138 209 255
    255 255 255 255 16 255 255 255 56 255 71 255 255 216 255 186 255 235
    255 255 255 172 64 129 69 255 133 255 189 20 255 255 199 83 255 255
    204 179 107 40 209 255 255 255 255 255 255 255 255 255 255 180 255
    243 61 131 131 61 234 255 89 255 255 255 26 255 255 255 255 255 255
    255 180 255 255 255 232 255 255 255 255 142 236 34 79 255 255 81 244
    255 255 4 255 255 153 255 42 185 255 36 10 255 255 14 255 255 255
    255 140 159 88 255 255 255 255 255 8 255 254 255 61 255 255 99 125
    255 105 193 255 255 255 255 140 255 255 255 255 255 255 159 255 255
    255 187 255 101 94 172 161 28 206 255 255 255 255 255 115 255 255
    255 255 255 59 255 255 243 226 255 255 255 2 67 255 255 14 255 255
    255 10 105 255 255 255 255 109 255 255 255 255 221 255 255 255 20
    255 255 255 38 190 255 255 209 255 255 231 255 173 255 30 62 243 91
    255 53 248 121 174 195 175 154 50 36 184 147 46 213 255 255 255 228
    80 117 197 10 255 8 255 255 255 56 134 255 255 255 2 155 117 255 255
    65 255 255 255 255 157 237 129 28 182 149 255 241 255 239 255 255
    255 255 209 255 43 255 255 81 240 10 16 255 255 255 68 255 142 255
    113 255 48 82 97 46 115 255 255 74 55 212 255 255 175 26 255 255 255
    255 255 255 247 255 255 144 255 207 121 228 255 255 255 239 255 255
    255 255 48 30 255 151 8 97 222 255 255 255 253 255 255 44 45 32 255
    40 255 255 255 234 255 255 255 255 255 232 255 255 91 28 107 131 255
    107 181 227 83 20 16 140 255 50 253 255 44 255 101 255 255 255 185
    255 255 173 237 244 62 65 255 183 255 255 255 255 199 16 255 255 255
    255 255 82 67 255 255 255 255 98 166 242 255 190 255 102 132 131 255
    95 255 62 4 255 8 255 40 255 255 209 129 2 195 217 73 87 255 227 236
    255 255 255 215 255 255 153 148 255 64 65 16 56 255 255 255 180 165
    90 119 255 199 229 255 62 255 255 255 209 101 28 196 255 141 217 133
    64 89 50 255 217 214 255 55 255 123 255 255 173 255 58 255 73 10 255
    255 255 255 51 255 255 255 255 255 128 125 123 14 123 119 168 255
    255 12 139 109 255 195 76 255 79 241 79 242 68 255 255 171 87 255
    255 67 255 255 97 22 141 144 255 255 255 255 135 231 209 237 255 181
    155 255 255 255 255 255 255 255 212 38 255 157 255 154 255 193 255
    40 213 255 255 255 255 255 255 255 155 159 255 50 255 71 255 255 255
    255 255 138 255 44 235 255 195 45 255 58 255 255 255 255 255 255 154
    255 191 81 255 145 172 255 125 255 62 255 255 125 96 255 10 251 255
    163 255 255 36 255 55 255 255 91 255 74 255 255 175 255 255 4 239
    255 255 178 255 36 237 255 255 251 216 255 43 255 255 20 111 255 255
    255 255 255 220 255 255 119 255 101 238 239 255 255 255 255 228 255
    196 34 255 255 255 255 255 255 255 255 255 255 166 255 255 16 255
    255 107 252 255 253 93 30 255 255 255 34 255 28 255 133 255 255 26
    255 255 60 255 255 2 255 255 58 229 255 240 193 115 171 255 255 62
    255 206 255 255 32 159 96 221 255 255 255 255 181 156 95 255 255 255
    239 255 255 255 166 115 255 255 107 165 132 255 255 125 255 8 40 246
    255 227 255 255 162 255 255 255 228 237 206 236 255 255 255 217 109
    255 241 38 199 255 255 255 213 142 255 255 255 66 255 4 255 255 253
    10 8 77 255 48 168 255 26 132 255 255 209 255 135 255 255 145 255 14
    255 188 8 255 255 255 225 255 255 52 196 224 255 255 255 78 255 175
    181 255 203 255 107 255 173 245 97 131 71 62 88 53 6 129 255 255 255
    65 129 50 255 36 209 255 6 58 255 255 121 255 111 255 255 42 239 215
    201 255 255 255 255 57 255 255 255 87 50 142 207 255 255 52 255 255
    139 207 255 58 26 255 10 227 217 62 255 255 255 94 255 255 255 53
    255 48 255 2 102 255 42 109 255 191 117 38 255 255 255 255 205 223
    255 4 255 12 68 255 255 159 42 147 247 233 255 255 188 255 183 255
    255 239 255 255 255 8 42 8 28 109 255 209 255 255 12 193 80 255 226
    255 40 255 255 188 255 38 24 255 68 255 255 141 255 255 6 255 255
    255 32 255 249 140 255 189 255 255 129 255 133 255 255 42 255 255
    255 98 255 255 255 255 255 96 121 30 255 255 255 14 162 255 255 10
    179 82 255 151 90 255 240 255 255 255 229 30 32 255 255 255 255 255
    255 161 255 139 255 255 255 255 255 255 76 67 255 255 255 255 255
    255 255 157 14 189 165 251 255 255 255 22 68 255 255 84 255 255 105
    49 255 40 150 255 123 255 171 255 87 255 215 255 255 255 85 255 113
    255 255 255 255 161 42 8 214 255 255 255 255 255 56 60 49 255 147
    245 163 80 255 103 50 85 255 237 255 255 225 204 127 211 255 255 36
    213 115 0 255 255 255 255 255 255 211 255 255 255 6 255 63 99 255
    255 85 181 255 131 34 255 169 107 255 46 117 255 52 113 221 255 255
    255 141 255 26 254 255 83 197 165 247 99 2 255 248 255 255 216 255
    255 255 255 255 255 185 255 109 167 255 32 255 255 246 255 255 20 38
    255 255 255 255 95 255 150 85 255 91 54 191 255 255 147 251 52 255
    83 147 125 255 244 88 237 12 255 43 220 255 10 255 92 172 255 32 101
    255 82 229 18 255 221 255 217 255 255 255 255 255 255 32 255 88 36
    255 82 255 255 255 255 28 255 255 167 231 255 255 255 81 255 255 255
    255 255 255 2 94 42 255 255 178 238 255 255 185 133 239 255 0 255
    179 255 255 177 117 255 230 217 255 30 18 156 255 255 34 187 255 231
    216 2 221 255 183 170 255 255 255 255 255 255 238 173 255 8 255 208
    255 255 255 255 109 255 175 90 255 60 255 103 205 255 217 18 66 255
    83 255 255 255 255 255 255 255 4 255 255 38 255 255 22 255 141 144
    117 191 200 64 82 255 58 189 168 255 165 255 255 255 255 255 255 101
    255 255 255 255 191 255 42 175 255 52 123 255 255 177 255 83 249 107
    255 98 255 91 255 166 255 255 10 255 30 255 14 187 255 58 56 255 255
    86 67 255 255 255 121 253 89 234 245 255 255 255 99 163 255 255 255
    255 130 149 171 200 159 255 255 14 113 192 255 0 255 131 255 8 255
    205 255 255 255 14 255 90 255 255 179 255 255 227 30 121 255 255 255
    223 255 109 102 255 145 2 138 173 255 255 255 155 164 255 255 24 54
    12 255 255 255 229 255 255 255 30 167 111 255 255 255 248 255 255
    141 36 255 255 255 128 255 255 255 93 36 14 255 255 223 255 255 255
    238 239 134 255 255 255 52 88 255 255 62 30 255 255 162 255 255 255
    255 183 150 255 255 160 255 255 138 205 255 67 255 255 150 255 255
    215 52 255 255 255 255 255 255 68 255 226 165 255 255 255 255 10 255
    255 129 255 255 236 255 255 137 100 162 255 255 57 255 32 51 189 127
    99 255 255 255 255 255 255 255 255 255 255 36 43 183 215 6 255 64 36
    232 199 255 2 219 235 255 255 251 119 173 255 222 255 168 187 62 134
    255 255 255 255 255 45 255 84 255 255 255 79 255 119 152 255 255 87
    255 6 255 22 34 255 255 98 111 93 247 20 155 165 255 255 76 255 103
    239 255 255 149 125 12 96 40 255 62 55 109 255 249 222 255 255 91 96
    255 242 34 255 255 255 255 131 117 235 255 203 255 255 80 255 129 26
    105 255 121 14 179 119 255 255 255 255 187 255 144 143 255 255 30
    255 22 255 255 101 165 44 221 255 251 255 255 14 255 28 255 255 121
    255 43 91 183 249 6 255 111 255 60 190 255 107 255 255 30 255 214
    255 255 255 255 255 255 255 152 14 2 255 255 255 170 129 189 83 255
    235 255 56 255 119 46 255 255 10 255 255 255 231 255 155 255 223 255
    32 239 60 90 255 75 255 206 255 161 255 147 255 121 255 255 255 255
    219 170 24 149 255 77 255 53 255 255 255 255 229 255 79 111 95 255
    255 156 2 121 245 255 143 251 255 107 38 255 255 255 255 30 255 81
    249 138 155 255 253 255 40 113 255 165 255 117 137 174 255 255 255
    255 255 255 255 157 95 77 255 255 2 143 255 54 255 196 250 255 168
    255 255 249 255 255 75 255 107 24 255 175 255 203 111 20 46 255 77
    131 24 255 121 227 255 135 255 43 125 159 255 255 255 117 216 157
    255 181 107 255 255 24 255 255 173 255 97 48 255 115 255 255 133 191
    251 255 115 255 97 255 168 255 255 136 255 135 144 255 187 255 187
    255 255 255 255 255 255 2 192 197 255 12 255 255 24 255 94 237 255
    255 45 255 207 65 255 12 69 54 88 113 255 255 255 255 255 255 255 62
    32 255 54 255 255 115 255 26 255 128 197 255 158 255 26 28 255 255
    57 193 147 255 255 247 130 220 191 79 240 255 134 255 255 255 255
    233 255 18 141 73 89 255 208 255 6 190 189 111 255 117 243 2 255 255
    126 255 255 255 38 105 202 255 255 255 255 255 255 255 125 28 255 80
    255 255 255 255 255 255 2 209 149 249 255 157 194 117 255 255 255
    255 0 255 255 255 230 255 40 255 159 255 255 185 255 226 255 249 248
    255 4 242 255 168 255 98 255 2 255 239 255 143 6 8 255 81 255 90 255
    145 247 255 255 149 255 255 72 150 255 255 255 255 255 152 20 255
    255 240 183 186 119 255 255 255 209 67 169 98 113 107 125 255 179
    255 255 255 255 172 115 255 91 255 18 30 137 255 255 127 255 255 220
    255 30 64 4 255 255 255 22 89 42 255 255 255 255 255 255 134 179 255
    255 255 179 255 141 52 223 255 8 61 255 50 255 26 255 255 8 255 255
    255 22 255 218 107 255 107 217 255 255 72 255 255 151 75 125 255 93
    167 125 198 255 119 255 255 255 40 32 105 134 255 255 164 255 255
    255 48 211 255 255 255 40 250 175 255 54 18 255 255 255 255 236 253
    249 81 255 255 236 255 255 34 64 176 139 76 255 2 131 158 255 255
    255 255 255 255 75 74 213 255 115 255 191 239 255 255 255 255 255 48
    255 95 255 160 143 207 121 255 131 255 255 4 229 236 227 255 58 10
    87 14 255 255 255 255 255 133 175 136 255 255 239 255 255 255 255 14
    136 218 255 255 255 255 255 139 48 255 255 255 117 255 255 22 252
    231 128 255 249 107 255 255 38 255 255 255 117 16 255 255 255 255
    255 98 255 38 255 255 255 255 255 255 0 255 179 255 223 255 193 255
    113 58 95 255 245 209 107 56 138 255 255 255 255 207 255 234 235 255
    89 173 160 255 255 221 244 96 239 255 255 255 255 255 255 14 255 237
    52 255 255 97 92 97 20 255 89 255 115 235 255 255 113 255 102 121
    255 255 73 255 255 255 228 255 22 255 167 255 189 255 184 236 255 20
    50 255 255 255 94 255 139 255 255 255 6 85 107 255 206 255 255 255
    255 255 132 255 255 20 121 255 255 255 255 109 255 243 75 255 255 69
    255 255 255 181 255 43 255 213 255 255 255 255 34 255 235 22 14 142
    167 255 255 255 255 255 255 175 18 255 225 255 255 255 255 236 255
    156 255 255 255 44 111 249 163 255 255 101 255 255 255 255 255 109
    181 26 255 255 255 255 255 255 226 54 132 115 245 81 255 70 8 255
    255 255 255 6 255 230 255 255 250 213 75 119 255 77 255 219 255 255
    255 34 255 255 255 143 50 255 105 255 255 6 255 213 131 255 28 218
    255 255 30 127 255 181 255 22 93 255 255 133 255 255 255 167 255 255
    255 8 255 255 255 161 24 255 216 245 231 255 163 156 224 255 255 255
    255 243 255 255 247 46 213 255 255 165 156 255 255 255 214 225 99
    255 195 255 224 255 255 175 255 255 111 139 255 0 255 154 189 255
    255 115 102 255 216 247 255 255 255 255 255 255 148 255 255 255 255
    211 255 248 111 255 255 255 107 255 86 49 255 251 255 255 251 255
    255 255 239 255 111 168 232 36 12 255 16 65 159 149 255 123 68 113
    255 157 194 161 255 255 255 44 36 173 255 255 255 155 209 157 113 14
    54 227 255 171 255 97 255 187 255 109 92 4 255 100 158 255 90 105
    255 255 255 255 255 194 234 84 255 236 255 109 159 225 255 255 255
    255 38 92 255 187 255 255 255 235 255 255 255 71 255 251 170 255 255
    217 255 68 255 56 221 229 255 74 97 111 121 255 26 255 77 255 255
    255 255 221 255 101 46 79 157 127 99 105 173 18 255 255 123 115 255
    255 255 255 235 91 30 213 255 167 255 38 145 255 255 18 255 255 255
    198 228 147 0 255 255 255 255 113 255 255 255 255 255 255 255 103
    173 144 133 255 2 125 175 132 129 255 255 244 46 132 163 227 30 185
    255 51 216 90 255 201 221 255 246 255 255 255 255 148 101 255 255
    255 245 105 255 177 255 255 66 255 203 255 255 255 189 255 234 255
    225 207 213 255 214 179 211 38 255 255 103 243 255 6 255 255 117 235
    255 155 227 255 32 255 43 255 255 255 145 187 255 103 255 152 143
    255 174 12 255 190 255 48 227 139 255 255 255 255 47 255 40 255 218
    2 176 207 119 255 103 60 255 255 177 225 38 14 255 238 82 255 255
    255 255 255 255 255 255 233 255 216 255 255 255 20 255 255 255 255
    87 255 255 226 255 241 255 133 255 255 211 255 255 255 255 28 255
    255 201 141 255 255 255 255 255 173 227 56 129 10 255 255 255 255
    133 255 207 149 87 255 255 172 212 4 255 218 255 117 255 255 255 255
    159 243 238 255 140 52 255 190 255 225 164 199 255 89 214 255 255
    255 255 255 255 205 255 230 255 132 255 223 111 26 121 227 255 255
    255 255 255 42 101 237 225 115 157 152 212 58 255 149 255 255 255
    215 255 255 255 255 255 255 219 153 255 255 121 36 255 255 211 79
    255 255 255 109 40 2 209 54 174 117 169 69 255 255 42 255 255 67 58
    185 83 10 147 184 38 245 255 97 255 255 226 78 93 255 221 255 38 179
    188 255 40 119 255 141 77 22 40 255 255 255 168 255 48 255 121 64
    255 255 88 255 218 249 111 255 149 255 255 255 12 16 255 255 240 161
    255 255 105 255 255 223 209 255 121 202 2 84 255 255 111 81 143 255
    79 232 167 255 255 18 200 255 255 4 255 255 55 255 255 255 255 255
    255 255 255 255 103 217 28 255 229 53 255 255 231 255 135 208 216
    255 255 255 255 209 44 92 219 255 255 255 255 255 255 255 255 158
    129 255 59 230 255 128 252 50 253 71 255 255 255 255 255 255 255 255
    255 255 255 255 255 255 255 74 229 255 255 255 255 191 227 91 251
    255 218 255 255 159 255 24 64 159 63 255 255 255 64 255 53 50 255
    255 255 32 255 255 255 255 255 211 4 153 255 255 255 195 63 83 255
    105 68 255 255 125 255 32 216 255 255 255 223 174 255 255 255 107 2
    34 195 255 26 246 255 255 255 167 209 113 255 18 103 255 22 255 255
    12 99 255 217 255 44 255 252 255 231 113 207 255 167 12 255 255 255
    255 255 86 255 255 18 130 101 30 255 255 255 255 157 84 53 131 255
    26 255 255 255 255 255 255 255 173 53 159 40 255 255 255 142 255 255
    255 14 255 77 255 56 255 255 48 255 255 255 245 103 26 255 185 255
    38 60 255 95 28 76 255 143 241 255 73 255 255 58 38 91 52 255 255
    193 235 255 255 255 172 220 255 115 141 50 255 255 255 101 255 255
    255 250 255 0 193 255 255 255 58 160 255 255 2 255 255 241 50 54 24
    79 165 255 255 255 255 121 195 22 44 0 255 89 255 255 232 8 8 66 4
    245 255 255 75 255 255 255 129 255 255 147 255 255 255 94 184 255
    133 255 89 255 255 255 255 125 143 165 255 218 187 69 201 255 239
    255 255 255 255 255 255 36 255 255 255 255 154 209 125 85 129 255
    115 255 255 255 12 6 73 44 255 255 255 255 255 255 255 125 255 255
    126 197 255 255 77 255 255 255 255 231 255 255 142 255 255 255 255
    133 255 255 58 255 238 255 243 199 255 202 207 149 243 199 255 65
    255 22 255 255 149 255 255 255 233 46 161 255 129 145 75 255 54 255
    255 255 255 255 255 255 209 177 83 255 255 255 255 255 255 236 251
    144 16 255 255 157 255 255 101 255 87 255 12 43 255 255 255 255 86
    166 255 255 255 255 191 255 255 221 93 75 255 247 255 241 176 175 92
    154 62 58 239 75 247 190 224 255 160 255 137 30 255 8 113 255 36 117
    255 88 255 255 255 255 205 195 47 0 4 255 230 255 237 109 183 237
    197 149 255 175 255 255 255 96 255 242 16 255 255 255 59 255 109 255
    255 255 22 255 131 107 255 197 255 255 219 255 255 255 190 255 42
    221 145 24 255 255 255 255 255 213 99 159 201 97 157 255 239 26 255
    225 255 179 18 255 187 30 255 255 77 143 12 47 173 255 63 255 66 34
    255 255 211 175 221 255 189 225 255 121 255 255 214 125 255 54 173
    150 87 255 136 131 24 255 255 155 255 255 175 255 20 193 30 255 82
    30 255 80 154 54 94 53 255 193 55 255 111 255 62 255 255 255 255 255
    255 255 255 157 255 255 203 255 16 255 209 115 255 189 178 255 255
    255 222 255 255 255 92 178 101 207 255 255 255 255 87 255 255 232
    135 255 145 231 255 73 20 255 189 225 255 20 105 237 30 193 65 255
    181 255 255 62 81 255 233 255 255 255 10 54 255 36 255 109 255 255
    119 194 139 129 255 66 255 255 105 255 255 165 255 255 50 255 152
    255 52 255 255 183 255 161 64 162 171 125 247 22 68 255 255 255 255
    255 255 117 71 255 255 255 255 255 145 255 255 255 117 255 255 10
    255 133 173 225 255 233 186 255 255 40 255 255 255 255 255 36 255
    145 255 165 227 255 255 255 255 254 171 148 52 255 217 255 255 255
    36 123 255 255 159 255 255 251 255 255 213 255 255 255 233 165 255
    186 255 255 255 255 203 255 149 255 255 151 42 255 97 255 255 255
    189 255 255 215 255 255 255 255 255 255 255 77 255 255 255 255 20
    189 0 255 187 239 231 205 255 196 64 255 255 125 255 255 109 245 255
    255 255 91 145 255 255 255 255 231 123 255 255 255 255 249 255 255
    255 255 255 255 191 255 208 242 211 255 123 255 219 255 255 188 255
    255 255 181 157 241 255 255 196 255 255 57 255 255 221 255 255 255
    255 255 144 87 111 255 255 255 111 16 255 132 216 157 255 255 157
    255 255 255 34 255 213 255 255 255 81 2 76 51 255 56 105 226 255 125
    171 255 255 255 84 255 255 22 255 255 255 178 77 255 184 255 46 200
    99 255 255 71 98 255 145 255 174 79 255 255 187 181 255 30 255 255
    117 255 235 255 255 156 255 34 233 255 52 91 71 255 2 145 10 255 141
    199 20 218 193 101 195 32 140 255 28 142 255 70 255 30 139 255 255
    255 164 255 255 255 181 255 255 0 100 255 255 229 188 255 177 18 255
    255 12 4 255 255 255 255 71 255 191 255 255 255 255 255 80 255 209
    237 255 75 255 16 255 255 255 255 255 26 255 255 255 91 171 255 255
    255 42 255 88 6 255 255 255 255 255 109 181 255 255 42 255 255 255
    255 255 255 255 146 255 181 255 161 255 255 24 137 30 2 255 255 255
    255 255 185 129 255 46 72 71 149 255 255 255 255 255 22 255 255 60
    78 63 60 4 204 255 255 255 207 64 255 60 255 255 255 255 255 255 255
    101 255 151 255 127 255 255 79 255 81 167 201 255 187 167 132 14 137
    255 22 227 255 255 255 255 199 255 255 238 255 178 255 76 134 255
    159 255 113 255 202 255 255 134 255 177 49 255 255 174 230 255 255
    255 223 255 246 255 219 75 255 255 255 255 20 255 223 255 97 24 154
    238 255 255 0 92 136 252 255 255 95 255 255 107 72 36 255 201 130
    255 255 255 255 255 10 181 217 255 255 121 26 255 211 255 255 255 79
    255 255 255 207 255 71 46 177 239 255 195 81 97 239 255 255 235 77
    255 253 81 121 149 255 255 145 113 30 255 239 255 255 77 22 24 235 2
    141 255 252 255 132 195 255 255 255 255 255 191 255 255 255 255 255
    127 243 255 83 107 255 165 115 255 255 52 12 255 255 255 60 243 255
    255 90 255 209 92 81 255 107 255 73 255 255 248 86 255 191 155 180
    255 255 255 220 173 225 123 0 255 163 255 225 255 131 255 95 205 111
    2 131 255 105 169 255 255 255 255 12 32 134 109 255 245 255 255 255
    255 255 206 255 255 255 255 125 255 255 253 255 68 255 136 255 58 87
    60 4 255 255 255 148 255 255 255 255 16 255 145 34 59 255 193 93 255
    201 255 255 255 168 255 255 134 205 145 255 255 237 255 99 255 255
    255 255 180 56 255 255 91 255 255 255 10 255 179 255 255 83 255 28
    117 48 255 197 225 247 87 255 255 255 203 255 255 80 255 255 255 255
    255 131 255 248 255 81 242 255 255 56 255 188 255 255 202 255 255
    255 255 255 69 26 255 255 255 179 255 255 113 255 71 255 211 42 233
    75 255 255 38 50 137 255 60 107 255 255 255 255 167 109 255 255 255
    204 255 255 255 255 255 150 255 255 245 50 255 125 8 187 150 255 255
    255 255 255 59 255 255 172 255 255 126 22 255 87 125 255 69 255 127
    255 4 255 255 255 22 255 255 52 255 255 255 255 255 253 61 255 151
    144 255 253 38 255 255 61 4 255 255 191 255 202 255 50 255 255 255
    255 255 105 255 255 255 255 255 133 255 255 38 227 175 255 255 255
    211 255 255 100 69 87 217 36 255 251 255 135 255 209 255 66 255 255
    255 18 54 255 255 195 38 87 255 255 123 230 243 255 75 22 255 255
    255 83 255 185 152 255 255 255 212 245 200 205 255 194 177 255 134
    255 139 255 255 255 130 255 255 121 255 255 255 159 203 200 255 255
    170 255 255 166 255 12 255 255 255 255 54 227 255 4 175 255 255 109
    22 255 100 190 255 255 255 255 193 111 255 255 196 255 255 241 255
    159 255 255 255 255 255 255 20 123 40 255 68 249 204 255 255 14 83
    255 255 255 76 255 255 255 255 28 255 255 28 255 255 255 255 255 255
    255 255 38 255 89 131 255 255 255 255 184 255 92 170 255 255 243 40
    183 243 255 255 255 44 223 217 62 82 8 226 233 255 255 255 255 97 48
    255 244 117 26 255 163 255 255 255 26 18 245 150 244 90 255 255 58
    255 255 255 156 151 127 75 255 255 107 255 255 255 199 255 73 255
    129 38 30 255 208 255 255 255 255 78 255 255 255 233 255 255 255 191
    209 255 242 255 255 255 207 255 54 207 119 255 247 255 60 90 255 255
    107 255 56 179 36 255 80 255 255 109 255 222 197 221 255 255 24 255
    88 81 255 80 51 4 255 255 129 255 160 151 255 61 54 255 255 255 145
    200 255 193 255 255 255 255 185 255 73 242 14 255 255 255 30 255 255
    219 255 255 115 255 179 255 255 255 51 255 239 123 255 20 255 255
    255 255 255 255 255 255 133 255 255 4 255 20 255 43 117 255 255 20
    247 168 255 163 225 149 255 255 187 193 255 255 137 204 255 177 198
    255 88 255 79 151 156 236 105 217 255 227 255 141 255 255 255 241
    138 255 255 123 255 185 255 177 255 235 255 255 255 255 255 255 255
    251 255 255 255 255 255 255 204 36 255 255 173 255 255 183 255 241
    255 183 115 30 66 57 26 255 192 105 255 255 255 217 204 255 88 206
    252 149 146 153 38 255 252 255 255 34 255 245 255 62 132 173 6 255
    255 2 255 255 62 255 255 185 255 255 183 255 193 255 182 255 199 172
    54 44 59 255 255 166 56 102 255 68 34 255 58 255 123 255 255 239 22
    82 51 14 155 63 255 255 255 71 255 255 255 255 69 255 255 255 30 255
    255 139 255 255 91 78 113 255 18 174 255 255 91 255 227 247 113 183
    255 255 159 150 6 54 8 133 255 148 177 4 229 255 253 255 255 255 128
    255 185 249 68 255 255 255 255 255 255 255 200 6 255 255 222 255 243
    255 255 206 255 4 255 255 255 152 255 255 190 255 199 247 255 163
    170 255 255 12 103 221 243 187 193 255 255 255 22 255 255 255 171
    255 255 255 203 255 255 255 255 234 46 255 12 255 128 255 165 198 6
    50 255 255 255 186 252 255 249 255 255 176 121 255 140 50 255 255 68
    74 255 255 60 152 89 255 121 133 179 219 2 255 255 103 131 255 255 6
    255 255 255 22 20 255 111 255 255 255 36 255 22 255 209 38 36 255
    255 255 255 255 191 255 255 64 255 75 255 255 51 248 133 12 137 255
    255 83 255 43 255 14 138 255 255 255 255 255 188 197 255 142 255 255
    255 77 255 150 240 12 73 255 255 43 232 255 255 255 255 134 244 191
    47 255 255 255 60 255 194 220 255 255 14 223 255 62 255 170 255 20 2
    255 14 65 163 145 255 255 255 255 149 255 255 255 255 61 52 255 255
    254 255 89 133 231 255 255 255 251 91 179 83 255 255 255 137 96 126
    255 255 26 255 255 255 255 255 213 255 201 255 127 255 255 71 255
    255 255 255 97 135 66 85 255 58 253 191 255 184 255 16 215 255 187
    103 145 255 255 255 255 255 255 255 40 103 255 255 203 68 255 155 16
    255 255 255 22 255 249 168 255 177 255 123 181 140 165 54 215 255
    255 255 101 189 99 107 62 255 255 6 223 255 139 255 40 30 255 255
    255 255 216 107 144 255 255 53 255 111 113 255 177 255 255 255 255
    255 255 81 133 255 255 127 26 219 255 255 140 255 4 125 255 94 91
    255 129 140 255 217 67 26 255 255 255 255 49 255 255 255 255 217 69
    255 255 49 81 215 255 212 255 30 79 255 87 255 135 166 255 223 255
    228 255 255 255 105 255 89 223 255 255 12 144 255 235 134 255 255 20
    255 161 255 236 255 255 255 117 255 38 255 255 195 255 255 255 255
    126 255 123 255 255 105 255 255 123 255 255 117 221 79 255 6 167 255
    255 255 255 255 163 253 255 95 255 202 255 255 255 255 255 213 183
    183 255 255 159 73 218 255 83 20 82 255 255 255 255 255 247 255 155
    249 255 255 239 43 161 147 45 255 211 99 255 161 22 255 255 255 255
    255 42 131 255 55 255 255 22 255 255 255 36 255 255 255 107 255 163
    255 255 185 255 146 113 255 237 255 255 255 255 255 255 255 247 36
    54 221 251 255 0 6 64 74 255 18 255 101 201 94 43 255 76 255 34 255
    164 255 141 160 255 62 107 255 193 255 255 255 65 167 255 83 24 64
    255 255 255 255 135 255 180 255 135 255 255 255 255 163 255 172 0
    255 36 6 255 16 255 96 255 230 223 93 255 42 255 161 42 111 255 255
    255 255 167 24 255 86 209 255 161 255 50 82 255 238 255 119 255 255
    255 255 183 255 255 98 255 2 185 55 187 209 255 0 255 97 248 255 47
    230 255 255 133 48 75 255 96 255 10 255 255 255 50 255 255 255 255
    255 40 231 143 72 4 230 255 255 60 223 89 66 255 10 240 109 255 255
    255 243 155 255 255 255 255 140 20 255 97 58 157 255 255 185 255 255
    157 255 255 255 255 224 255 255 255 255 255 113 255 2 46 185 255 91
    255 24 255 113 255 179 255 255 240 109 255 255 179 65 255 255 255
    255 58 156 255 255 36 255 111 255 255 255 117 89 255 255 141 133 255
    133 251 95 255 255 255 255 255 142 141 237 255 115 123 255 255 0 255
    255 255 182 179 255 24 255 109 255 255 255 255 167 133 255 255 46
    255 16 10 158 44 255 255 68 255 93 255 4 255 24 255 255 161 74 255
    255 255 196 24 255 89 123 195 255 173 84 255 255 98 255 255 237 255
    113 255 255 255 255 14 255 34 255 255 197 255 255 255 255 255 163
    255 26 255 255 26 167 55 79 255 245 255 175 61 255 109 255 173 209
    255 115 18 101 6 199 119 228 151 255 255 123 255 255 255 166 255 255
    255 28 255 204 89 255 255 255 169 255 255 173 6 255 233 255 145 159
    255 171 185 97 111 255 219 238 255 32 255 255 111 242 223 190 255
    255 87 105 255 255 22 245 247 40 153 51 255 255 2 24 255 79 255 125
    209 255 46 61 255 255 255 189 255 85 255 255 192 255 233 115 149 109
    255 113 255 146 255 255 255 73 255 255 105 177 255 255 255 255 56
    255 186 22 221 93 6 235 255 255 255 40 32 255 255 153 255 255 155 82
    215 255 255 255 255 143 255 255 255 235 255 255 162 255 255 123 255
    255 140 109 255 28 135 255 101 255 255 255 89 255 208 255 255 255
    252 26 63 203 255 156 14 185 255 255 255 63 191 255 255 255 253 255
    214 255 255 255 68 255 103 84 75 66 38 113 161 189 255 255 12 144
    255 255 255 255 255 178 141 74 255 189 181 255 232 109 186 73 255
    245 56 229 255 255 90 4 255 255 255 255 217 34 255 227 255 201 183
    206 255 255 255 255 255 255 141 155 255 48 219 178 255 255 115 255 2
    251 255 135 119 255 255 255 255 255 194 255 255 73 129 185 233 255
    255 255 255 52 255 255 255 49 255 80 36 255 237 255 255 58 255 255
    10 255 147 113 255 151 253 115 255 255 208 52 213 255 50 209 253 255
    167 10 101 225 255 171 255 109 255 129 75 141 255 255 255 177 206
    255 149 190 105 255 255 255 255 255 125 255 235 111 187 77 255 255
    255 181 159 255 238 255 255 255 129 178 255 255 255 183 189 182 131
    255 219 93 225 188 255 255 255 255 231 158 38 255 166 56 255 34 115
    217 176 255 125 255 255 90 253 121 255 6 14 233 255 255 255 200 224
    90 255 255 243 138 255 255 174 113 255 255 255 255 255 203 155 255
    255 107 255 255 109 63 255 157 255 255 129 30 255 48 255 255 88 182
    255 78 172 255 255 255 255 135 255 81 217 255 255 167 87 255 255 227
    131 255 59 255 255 109 255 255 255 185 255 255 20 255 255 255 8 255
    255 16 186 255 255 49 173 42 255 163 255 8 255 255 255 181 68 65 177
    255 255 255 239 255 255 253 255 242 255 208 10 255 156 212 18 55 195
    255 255 255 255 180 255 133 6 16 255 190 2 255 103 255 255 119 255
    255 255 255 231 28 214 255 40 255 255 150 255 4 174 255 255 208 62
    251 235 255 155 255 183 123 255 255 255 111 18 131 255 255 195 180
    255 255 255 255 255 255 255 255 255 189 237 28 77 255 255 179 255
    255 255 16 255 255 0 170 248 255 219 255 255 198 38 255 160 255 113
    255 255 119 247 169 255 253 255 135 16 255 237 105 143 100 158 93
    255 227 255 90 79 255 199 174 255 255 255 255 125 138 24 255 22 155
    38 237 95 255 229 255 255 71 2 167 255 226 189 255 255 92 255 95 255
    255 255 255 255 255 255 43 228 255 18 255 107 255 81 255 152 255 155
    206 255 255 0 255 129 223 212 135 87 244 235 28 238 255 255 255 255
    255 255 189 99 226 14 184 255 177 255 255 60 255 230 255 231 255 255
    146 151 255 75 255 205 198 240 44 4 255 255 152 214 255 255 255 255
    93 255 255 255 255 255 255 255 255 18 171 255 65 255 255 61 79 223
    136 255 147 22 105 105 255 131 183 225 255 255 166 255 149 255 226
    255 255 123 255 121 173 255 255 255 255 255 131 127 255 255 255 136
    173 237 255 255 197 24 95 255 255 255 255 156 255 42 255 34 121 255
    255 255 255 216 255 174 255 255 71 255 255 93 101 229 255 255 113
    255 255 197 255 93 147 255 111 255 188 24 247 152 255 255 123 157
    173 255 52 58 152 255 107 255 255 193 255 95 243 148 89 52 255 255
    76 63 255 255 168 32 255 69 133 183 255 255 255 168 255 255 93 62 66
    255 165 74 255 255 46 57 255 76 255 255 255 255 38 255 255 255 255
    144 255 255 85 255 105 255 58 255 255 255 255 184 234 255 255 255
    255 255 87 90 255 81 255 190 255 255 75 143 153 255 255 255 255 255
    255 255 255 86 255 255 157 202 255 255 67 255 225 91 93 173 57 99 80
    255 255 107 136 255 127 253 121 255 255 255 109 255 255 22 255 255
    227 255 255 133 255 14 255 255 255 84 255 255 229 251 189 155 34 255
    86 255 161 115 255 171 105 89 255 100 255 103 255 255 255 255 105
    191 255 255 226 255 75 255 255 79 195 241 91 228 255 255 255 70 42
    255 34 255 255 255 255 62 255 247 129 255 255 255 255 40 197 94 255
    255 255 255 185 231 255 143 82 255 255 255 255 83 255 130 171 255
    105 62 255 65 113 68 255 255 60 255 255 177 255 255 255 180 171 6
    255 255 255 255 228 255 255 255 255 59 87 131 255 220 62 255 255 231
    221 197 50 247 135 255 255 255 255 255 6 151 61 255 247 255 255 8
    162 216 255 255 255 100 255 255 201 16 165 255 255 255 245 119 255
    255 255 207 255 136 255 255 30 255 255 255 191 38 53 255 115 247 139
    255 255 105 78 14 255 255 255 209 249 57 255 255 243 4 4 211 193 255
    255 187 24 255 201 223 255 255 233 255 97 255 47 255 255 255 255 231
    164 153 207 32 255 40 67 111 255 255 255 255 255 255 66 255 199 255
    40 255 255 148 255 185 59 113 255 255 255 38 36 99 255 91 119 255
    255 119 52 255 255 185 117 99 155 79 255 255 235 24 255 192 255 62
    180 255 255 182 255 209 255 236 197 255 255 12 255 255 24 255 255 88
    255 52 4 87 255 38 225 68 36 255 73 32 20 207 227 188 26 255 198 255
    80 152 255 88 255 255 40 255 255 255 255 255 107 255 30 255 136 255
    195 255 36 102 229 101 255 255 93 255 53 185 181 24 81 255 255 255
    255 255 255 255 229 224 137 255 125 84 255 255 175 255 255 255 255
    255 151 26 255 123 255 255 255 255 255 211 255 255 255 43 44 195 255
    141 255 126 230 255 36 149 221 113 255 139 45 79 255 255 222 62 255
    60 255 121 48 255 154 255 2 105 107 255 255 255 62 132 228 58 53 255
    117 43 177 255 255 255 243 255 141 255 81 123 255 152 68 255 255 185
    255 255 165 56 140 133 18 233 18 215 255 199 255 255 195 255 12 255
    56 176 236 255 255 250 255 63 255 255 81 137 255 255 228 255 16 255
    44 255 255 44 241 54 12 255 255 215 255 38 62 255 255 255 255 255
    255 172 255 255 255 254 255 255 255 221 255 255 255 255 36 169 115
    255 165 255 255 255 105 255 209 255 101 255 255 185 255 209 255 185
    158 255 203 182 54 255 255 255 255 255 171 147 255 246 255 255 255
    82 154 129 255 255 179 251 255 255 255 65 255 243 255 255 68 255 255
    42 255 255 255 215 255 255 184 255 4 209 95 8 255 218 255 81 255 255
    255 255 10 221 255 155 255 46 255 255 255 255 63 255 255 255 255 173
    255 121 255 255 255 255 255 255 12 0 255 117 213 101 145 65 238 66
    255 244 50 61 64 139 223 48 255 229 97 255 255 255 163 190 255 255
    255 163 175 255 255 76 101 255 247 255 255 60 255 255 255 255 255
    255 255 141 255 255 183 189 61 255 36 126 197 255 255 255 255 192
    255 255 255 255 239 162 255 58 221 255 217 14 255 191 12 252 247 255
    119 0 249 14 255 125 255 255 132 60 155 192 255 255 136 255 0 255
    255 165 168 255 0 184 246 38 255 255 255 255 197 255 160 250 207 164
    255 68 2 10 223 95 64 255 97 81 80 255 255 32 255 68 255 255 169 197
    255 81 255 255 255 255 255 207 251 229 255 255 36 255 255 255 255
    209 255 68 54 255 255 115 255 187 147 255 60 255 150 255 255 38 52
    251 255 255 181 255 238 221 255 255 255 255 255 255 255 85 255 255 8
    255 140 255 105 255 255 249 255 18 102 237 255 153 255 255 40 255 85
    255 89 255 255 168 62 76 170 71 255 255 255 221 255 255 117 40 153
    181 255 125 255 255 189 82 255 255 229 255 199 100 255 83 239 186
    255 26 255 28 255 255 205 48 255 220 207 148 189 255 117 85 245 121
    4 255 255 255 255 255 255 84 255 255 16 255 12 255 99 71 255 255 240
    255 255 255 255 255 255 255 152 79 255 166 238 255 255 255 111 65
    255 255 103 81 255 245 255 255 211 255 255 162 255 191 255 255 96
    215 248 177 146 255 100 255 141 199 47 24 255 255 255 255 209 171
    255 245 143 227 255 115 44 255 173 255 255 185 155 36 255 255 206
    255 255 255 255 255 182 40 255 16 111 255 255 81 255 227 89 50 206
    255 255 180 255 251 255 209 255 178 255 209 255 255 117 255 28 255 6
    255 58 43 119 255 255 255 147 255 34 255 255 203 32 255 75 66 255 85
    255 136 199 255 186 145 255 255 155 16 130 52 48 255 255 52 198 255
    119 156 255 231 255 117 199 255 255 255 255 255 255 255 189 175 255
    226 209 65 255 28 255 240 241 241 255 255 255 133 255 198 209 255 61
    255 84 255 248 94 255 255 127 255 255 255 83 255 255 255 255 255 34
    255 195 26 255 16 255 212 255 105 255 255 255 255 76 65 255 165 166
    255 255 130 255 205 255 149 255 255 91 255 154 238 217 67 255 255
    255 255 255 255 141 217 186 255 255 255 161 157 113 216 167 200 133
    255 255 60 92 255 255 255 136 36 185 255 255 243 255 255 217 85 161
    185 255 255 62 221 20 255 117 255 255 130 22 141 69 255 255 255 68
    255 34 169 255 255 71 255 255 46 253 255 250 20 255 255 137 255 255
    255 247 255 125 255 255 137 255 32 255 55 255 201 176 255 34 71 255
    76 255 18 255 255 255 243 121 255 255 245 26 255 107 113 44 255 255
    24 219 137 125 255 30 255 255 16 255 255 169 32 128 255 48 255 255
    255 4 218 40 255 255 255 117 141 255 241 255 179 103 40 255 233 42
    255 255 255 64 255 255 255 255 255 255 255 157 255 255 255 255 142
    254 201 255 224 255 255 255 159 255 255 185 85 167 255 30 101 24 134
    89 255 255 255 255 243 165 125 255 234 90 188 87 82 130 73 255 255
    195 76 255 187 255 255 81 18 255 255 255 255 255 201 24 255 80 51 95
    255 28 255 109 255 255 255 255 107 255 255 255 237 255 226 40 231
    255 225 85 255 199 192 165 201 255 191 54 95 246 26 49 255 255 67
    255 113 255 163 255 255 255 211 255 255 171 255 255 217 162 255 199
    255 250 253 255 255 255 160 244 58 217 44 80 255 255 123 255 255 68
    89 171 34 255 240 195 249 68 167 16 255 22 55 203 189 128 255 227
    255 54 255 255 199 223 255 14 34 154 255 255 255 255 255 255 6 76
    255 255 255 255 255 179 136 255 100 138 255 231 255 0 255 255 242
    153 255 20 6 243 113 179 219 255 255 255 255 102 255 255 115 2 117
    32 125 255 255 176 103 255 198 185 255 255 252 223 255 68 255 255
    111 80 255 107 225 255 129 149 134 255 255 255 147 255 255 255 255
    255 255 255 126 131 203 255 240 52 255 255 255 12 119 151 255 205
    185 255 97 44 99 205 155 14 175 60 186 255 139 255 255 26 107 175
    255 192 255 72 134 255 255 255 105 255 81 255 18 186 58 255 255 175
    255 255 12 255 255 143 255 255 255 255 255 105 255 255 255 251 255
    255 209 255 2 187 123 255 255 255 54 221 152 199 255 255 34 255 34 0
    22 255 255 223 255 163 255 121 121 255 255 255 255 255 255 255 89 52
    255 69 255 251 12 101 111 255 255 233 255 255 255 14 165 169 255 66
    243 190 14 56 43 255 22 18 255 255 255 255 255 182 143 255 255 255
    255 251 255 255 255 220 255 142 60 255 194 255 255 255 89 255 255
    255 125 65 24 255 71 89 255 255 255 255 255 91 255 255 255 255 65
    222 255 255 87 255 255 255 255 128 191 255 255 145 255 245 129 255
    142 159 255 255 255 255 237 255 14 255 255 255 146 255 255 255 10 6
    255 255 223 154 255 255 255 255 255 255 228 247 255 255 255 91 42
    209 225 255 177 255 157 163 255 12 193 255 18 255 196 255 255 55 255
    58 55 240 74 77 255 163 174 255 205 255 255 221 178 40 66 255 222
    255 255 115 255 164 255 173 255 255 255 255 255 255 255 38 32 14 36
    153 34 255 255 128 191 255 255 255 255 255 255 111 83 109 255 49 54
    255 4 255 255 255 255 70 255 255 255 255 255 255 170 255 255 255 79
    255 174 6 255 174 255 34 128 255 88 255 175 54 255 79 8 253 255 123
    93 20 62 255 111 255 255 62 98 255 255 107 255 222 255 49 121 255
    255 121 255 34 163 50 107 255 12 255 32 255 255 141 255 255 255 225
    255 255 255 255 187 58 255 255 64 255 125 255 255 255 139 255 255
    255 249 255 255 105 255 18 255 255 255 255 255 40 255 255 255 40 254
    181 134 255 6 4 255 233 43 189 255 255 255 255 255 226 255 247 177
    255 255 89 255 255 93 255 255 255 151 227 93 113 142 12 255 34 255
    255 8 255 255 255 207 127 255 246 255 255 255 255 255 36 255 190 255
    255 160 125 255 255 255 255 81 95 243 255 99 8 255 255 255 16 6 255
    255 255 255 111 255 14 255 54 58 255 193 193 140 255 94 255 34 255
    255 255 255 255 246 255 239 58 255 235 242 16 237 32 177 221 255 255
    255 255 173 255 8 255 148 71 255 255 6 255 255 255 255 182 255 84
    255 255 167 255 255 197 255 255 237 255 143 44 255 255 42 140 255
    255 255 242 163 126 66 255 255 226 255 255 191 255 255 255 40 206
    255 255 196 255 255 176 214 255 255 203 255 255 255 64 239 203 255
    174 38 255 255 255 255 255 255 94 255 255 30 255 216 255 12 255 135
    239 255 135 233 255 115 255 75 255 65 10 255 105 255 255 255 255 255
    178 222 255 255 81 113 69 240 98 255 50 255 38 255 255 105 255 153
    18 255 255 255 255 255 125 255 255 206 255 245 255 255 255 95 255 28
    55 255 255 255 255 211 43 255 107 223 255 42 144 212 255 243 64 80
    255 185 255 255 255 153 36 255 255 255 255 111 255 255 255 255 95 2
    255 255 255 255 255 255 255 255 90 136 113 227 255 255 255 158 32
    227 231 255 100 255 255 255 255 255 255 93 248 215 28 255 203 255
    255 255 245 255 255 83 255 255 255 207 235 22 255 255 255 255 107
    243 183 18 4 255 2 255 255 221 75 107 205 255 255 255 59 255 181 255
    255 255 211 255 245 255 32 137 87 255 255 42 255 173 255 255 62 235
    8 131 255 28 105 71 255 255 255 91 255 150 58 255 63 183 255 255 255
    48 22 189 255 255 255 255 115 255 255 61 255 255 255 255 255 245 255
    255 255 56 131 255 56 0 255 68 255 71 255 255 255 101 255 255 255
    255 255 255 255 255 255 255 255 161 102 8 224 90 69 18 0 229 171 255
    103 255 28 255 255 139 255 255 255 206 255 207 85 117 255 237 255
    117 194 155 78 255 255 255 255 133 191 184 255 229 184 75 131 49 143
    255 113 255 255 138 66 255 225 22 191 255 255 135 255 232 255 255
    230 255 20 73 255 255 201 18 204 228 28 101 255 119 255 155 255 79
    97 227 255 149 255 77 255 255 255 255 255 255 171 255 255 255 20 146
    255 255 255 209 239 255 185 209 30 255 171 255 255 255 255 255 153
    255 153 48 65 255 255 255 255 255 196 91 255 4 173 80 255 77 255 208
    255 255 156 255 255 49 255 48 192 147 157 255 255 255 95 255 255 255
    255 255 30 207 223 255 255 24 255 255 255 255 255 183 6 255 243 24
    255 149 231 93 92 255 52 255 10 99 213 89 99 133 8 255 54 255 234
    255 255 79 255 166 169 255 255 230 147 255 255 149 255 255 233 255
    255 255 255 255 255 10 255 255 125 111 255 255 254 153 36 246 251
    255 255 255 255 107 44 36 255 88 152 159 255 255 30 215 255 18 255
    140 173 123 255 255 255 255 42 145 255 207 102 117 149 255 6 255 255
    255 255 205 20 16 255 49 255 34 255 255 82 255 255 255 255 87 255
    255 52 58 255 91 179 255 255 255 255 255 191 255 255 255 255 255 255
    198 99 255 160 125 255 99 255 255 255 14 173 12 255 56 255 54 64 255
    255 219 255 255 241 255 238 255 255 255 96 255 189 229 158 255 255
    255 255 255 255 135 100 255 171 100 59 255 52 255 255 255 95 255 56
    255 101 255 255 179 125 196 234 115 164 12 229 40 131 165 20 38 255
    255 16 12 255 248 209 255 255 255 81 46 255 255 105 255 255 255 255
    255 255 245 255 0 255 148 255 255 219 255 237 20 187 255 255 187 90
    215 255 255 55 255 255 136 77 42 14 111 255 255 209 86 255 2 96 255
    234 10 53 179 201 204 255 201 158 255 139 206 255 213 194 255 255
    196 255 255 115 255 255 255 255 255 49 77 255 255 165 255 235 255
    105 87 236 135 219 201 163 255 46 32 255 255 171 255 255 255 255 255
    40 255 187 117 255 255 255 109 255 255 255 137 255 231 255 86 28 64
    255 255 26 175 255 169 255 152 255 117 166 34 255 255 60 48 255 179
    255 144 255 255 34 255 74 182 83 255 255 212 62 255 141 255 255 255
    255 255 48 255 255 255 235 255 145 255 255 30 243 221 255 255 32 8
    46 255 255 6 255 255 98 71 187 255 255 255 54 255 107 143 213 255 50
    255 255 26 251 255 253 34 255 0 255 255 253 245 167 255 150 255 90
    255 62 38 128 255 255 172 255 255 87 255 245 126 255 255 20 12 221
    255 255 137 255 81 255 241 28 48 32 20 72 180 117 255 255 255 72 255
    38 255 255 101 255 2 93 255 255 117 207 255 224 255 255 255 54 196
    141 255 211 207 255 255 240 50 255 255 255 172 255 255 255 32 255
    255 10 215 0 163 255 30 255 169 255 255 255 255 58 64 79 46 90 255
    220 66 255 255 129 255 255 255 130 255 88 83 105 245 255 255 2 255
    255 119 255 255 185 75 255 163 255 255 255 255 2 92 255 77 12 42 30
    98 204 255 255 255 40 255 255 32 255 255 87 255 255 255 139 255 62 6
    255 255 58 255 255 131 255 255 255 255 255 255 255 255 255 255 197
    54 215 236 139 30 38 217 255 26 255 255 171 255 255 255 86 255 179
    255 255 255 255 103 255 255 255 255 255 255 255 255 91 255 255 255
    48 255 164 115 195 255 255 249 255 255 255 196 244 255 255 255 66
    255 255 177 93 255 115 255 209 255 255 255 133 255 255 255 255 2 255
    8 151 68 180 6 211 219 255 249 24 38 255 188 131 255 111 255 111 134
    22 255 200 34 255 255 99 94 255 58 255 255 99 255 255 149 255 255
    145 102 255 68 74 186 105 12 79 123 102 255 26 64 255 6 255 164 255
    255 255 255 255 217 255 255 255 16 245 69 255 233 225 97 255 105 255
    255 53 236 149 158 115 185 243 255 30 255 189 255 83 255 255 87 255
    255 255 255 255 202 125 117 255 255 86 79 38 107 182 255 28 255 255
    255 255 255 135 255 255 233 255 163 255 255 255 133 255 107 255 255
    58 2 255 179 255 18 255 255 229 255 255 255 255 149 45 149 255 91
    255 217 43 255 54 255 205 221 152 255 255 255 255 119 22 255 255 239
    22 20 93 255 94 65 255 255 160 121 171 255 255 22 255 255 255 255
    255 187 255 139 50 164 255 255 255 89 157 255 255 219 93 205 219 255
    2 255 255 189 255 18 89 255 255 255 139 170 255 255 156 255 255 65
    135 40 136 255 255 128 255 255 255 255 127 126 255 159 255 123 255
    255 169 185 255 163 193 255 191 94 91 50 100 249 255 165 255 123 107
    40 255 86 77 161 129 255 220 255 160 155 251 81 242 255 255 187 245
    247 255 119 255 222 255 255 255 58 255 224 255 255 234 255 255 181
    255 255 255 255 255 109 255 255 0 179 20 255 255 255 40 6 255 255
    255 255 255 255 73 42 30 160 242 255 215 255 125 255 71 255 255 56
    255 255 255 84 170 255 255 186 205 255 255 255 255 255 255 157 255
    255 255 255 255 155 255 6 255 30 68 90 255 255 255 186 28 80 255 255
    34 40 119 60 255 255 4 162 255 12 223 255 255 26 105 255 255 255 255
    255 236 221 255 255 255 255 255 233 255 255 255 255 77 255 255 87
    199 255 255 179 49 91 255 255 207 143 180 145 50 255 255 215 255 244
    255 237 255 249 255 189 255 255 255 219 255 60 137 245 169 255 255
    255 255 255 255 102 61 255 195 59 250 20 125 216 255 255 254 199 85
    255 255 65 255 139 38 255 255 255 133 255 255 255 255 255 255 255
    255 255 64 233 255 255 71 155 64 255 255 255 89 255 255 158 12 255
    45 255 255 255 97 255 255 44 255 255 255 255 255 218 255 10 133 255
    67 255 255 130 255 255 38 255 149 113 255 255 255 255 203 164 255
    137 255 73 245 255 99 255 241 226 6 235 103 84 152 255 255 85 151
    255 97 85 98 55 255 20 255 255 115 255 255 239 255 183 149 200 255
    64 255 255 255 180 255 255 20 151 72 249 167 255 255 255 255 255 255
    195 255 255 255 255 255 255 255 255 121 255 255 119 255 255 255 109
    255 64 136 255 255 206 224 217 243 139 26 91 255 28 255 255 92 255
    255 255 142 255 255 245 255 255 255 149 195 255 255 109 255 125 255
    255 255 255 255 255 100 255 18 237 190 125 255 255 159 100 229 163
    38 51 255 255 255 50 255 255 255 255 255 255 62 202 242 74 142 113
    255 255 255 255 255 255 255 243 255 105 63 218 255 255 255 255 105
    255 255 107 83 255 95 207 255 255 255 255 255 255 88 255 123 255 255
    73 255 255 238 255 255 255 255 101 111 117 255 99 255 61 255 255 83
    177 18 107 66 189 221 255 255 255 159 255 255 195 255 255 89 255 130
    255 187 176 123 171 255 205 18 255 255 88 255 36 255 255 255 2 235
    255 139 32 30 255 146 255 255 65 255 197 255 255 60 16 26 141 45 83
    143 215 36 241 130 230 153 255 220 255 255 255 255 255 255 231 26
    255 255 255 171 255 255 38 255 134 255 255 229 189 255 255 255 96
    217 255 255 0 255 175 255 157 255 255 201 30 255 255 255 255 8 72
    255 255 255 255 238 141 255 255 181 85 255 199 255 193 255 255 255
    80 255 91 255 188 203 107 45 220 8 43 131 255 255 255 255 255 28 255
    235 255 121 255 255 100 217 255 255 255 18 52 121 255 255 217 255
    113 38 255 255 30 220 113 168 255 0 47 137 237 255 255 255 255 6 255
    117 149 255 20 232 131 255 255 255 255 0 223 55 83 157 95 203 255
    243 255 255 255 236 40 255 117 255 6 255 255 196 255 155 154 66 255
    40 255 255 255 52 179 20 255 64 184 185 52 45 52 255 186 22 255 170
    255 149 255 12 141 79 255 255 85 58 255 241 255 141 255 255 12 176
    255 255 255 255 255 255 149 225 176 255 255 138 187 223 2 255 191
    196 255 255 255 255 255 113 248 255 43 255 66 255 255 255 95 203 255
    255 255 255 255 6 147 255 139 107 170 125 28 247 255 255 245 127 113
    255 133 255 83 255 229 71 255 68 255 173 255 255 95 22 255 66 227
    134 81 125 255 255 249 221 255 133 255 93 255 166 244 255 255 242
    255 75 255 255 95 2 255 255 10 255 160 228 100 255 36 255 209 6 255
    144 191 255 255 171 255 57 255 255 83 79 72 146 255 255 142 6 255
    255 97 255 148 255 255 160 185 171 51 195 155 255 255 213 255 255
    255 255 250 255 255 255 255 255 244 255 170 255 237 255 52 102 152
    255 255 255 230 111 255 171 207 130 38 255 2 197 255 255 40 153 200
    255 221 125 255 255 63 255 239 255 36 255 255 246 175 4 255 48 255
    58 175 255 255 255 255 16 255 255 226 76 47 226 193 255 255 249 150
    255 255 156 255 96 229 6 255 28 255 255 255 201 163 255 255 183 57
    255 255 0 62 255 255 255 187 255 135 255 255 255 233 2 255 255 255
    255 195 255 230 94 255 255 255 130 255 207 255 117 255 255 255 255
    255 255 141 103 105 255 215 216 151 160 103 253 229 66 38 255 255 64
    255 255 26 8 255 255 91 10 255 255 6 255 255 244 189 237 197 163 215
    255 255 204 255 149 255 101 255 255 52 235 255 195 223 225 209 255
    18 6 165 83 147 255 10 255 179 255 255 255 255 255 255 103 139 117
    255 220 251 213 255 235 53 48 107 255 255 255 190 14 6 233 232 80
    255 159 20 105 255 66 209 73 131 87 56 255 239 255 255 255 255 207
    255 209 12 61 255 255 255 115 46 109 30 255 152 155 255 255 255 255
    95 242 255 144 32 255 255 255 109 255 205 115 255 255 255 255 60 255
    8 18 255 81 131 171 255 163 255 255 167 221 245 177 119 245 255 255
    18 62 255 255 242 163 162 255 133 30 255 175 49 255 235 255 255 163
    237 236 129 40 44 255 255 95 183 43 73 255 55 255 255 255 255 16 103
    255 255 255 252 64 209 255 0 255 95 255 255 255 68 255 255 255 10
    103 217 111 181 203 255 111 205 255 242 255 255 236 255 255 255 233
    20 255 255 211 131 255 150 203 111 146 44 255 255 226 173 176 240
    255 255 73 255 255 255 255 255 175 255 255 216 105 255 255 255 51
    255 255 156 240 78 45 4 74 73 255 169 93 255 141 160 255 84 255 255
    255 81 255 203 255 242 127 2 139 229 204 255 255 255 216 163 255 255
    255 255 255 109 255 255 255 83 255 255 255 255 80 190 28 255 160 255
    223 255 255 245 0 255 229 255 117 255 255 115 227 255 212 52 255 255
    255 255 214 153 182 42 255 255 255 255 255 255 0 255 244 185 255 50
    255 255 87 255 255 226 229 255 147 66 255 24 131 148 255 8 107 255
    243 255 137 0 59 255 255 43 255 255 95 8 255 255 255 255 255 56 255
    255 255 155 253 161 113 255 255 255 160 8 44 255 95 52 53 255 255 0
    255 255 176 255 215 255 255 255 128 187 199 255 145 181 166 255 255
    255 255 255 123 255 179 55 161 255 255 255 121 217 246 235 255 95
    255 255 255 215 97 255 255 255 99 255 255 255 251 255 28 175 255 255
    173 148 97 171 32 50 255 255 232 22 162 0 72 211 127 255 255 255 40
    255 183 247 255 117 149 255 252 255 255 255 243 255 71 105 255 255
    255 43 255 255 160 255 255 182 62 94 255 255 255 255 30 62 255 255
    255 255 255 255 255 255 255 130 255 133 255 236 183 65 171 18 255
    197 255 47 255 189 255 141 239 81 163 255 255 171 127 255 255 197
    255 149 70 255 34 209 255 255 255 255 71 20 255 255 255 53 255 255
    255 255 255 182 255 255 255 255 139 215 115 82 255 255 100 34 165
    155 231 255 92 71 175 255 255 255 255 34 193 111 160 199 255 115 93
    255 255 68 255 172 175 34 101 85 255 255 14 143 53 255 179 249 255
    255 75 143 255 255 242 40 255 218 255 81 255 117 164 234 255 255 255
    82 142 207 255 249 244 255 69 255 255 138 255 155 255 255 255 255
    103 38 14 255 64 22 255 255 91 255 255 83 255 255 209 147 255 255
    255 255 12 255 255 255 14 255 202 101 255 255 255 253 75 255 255 255
    255 255 255 109 107 255 255 151 255 255 86 28 255 255 255 255 213
    156 0 255 215 230 245 194 255 255 255 255 255 255 255 255 255 255 30
    255 255 255 255 22 109 233 255 255 255 255 54 65 224 255 255 230 255
    109 255 189 255 255 255 132 157 255 49 255 255 255 255 255 235 209
    255 255 87 255 255 255 251 255 255 40 255 255 129 209 255 157 241 62
    255 255 103 253 255 77 255 144 255 255 255 255 255 97 255 84 255 255
    147 255 255 159 255 255 255 81 44 199 255 255 255 255 255 255 101
    255 211 99 207 255 215 222 255 152 255 191 255 207 129 233 255 30 71
    169 113 255 255 255 255 255 159 239 199 255 255 255 255 255 125 255
    57 255 255 255 46 255 140 255 255 255 159 36 255 255 135 255 255 241
    255 255 123 255 255 22 255 145 255 249 73 6 227 220 255 255 255 255
    255 121 255 251 209 255 107 133 147 255 255 121 2 255 117 235 255
    193 95 117 255 97 30 255 121 255 255 255 222 255 255 195 179 134 255
    255 255 175 255 142 255 20 20 197 255 8 255 153 255 255 217 255 255
    147 241 230 193 255 255 255 221 255 153 255 255 233 255 2 135 63 254
    56 255 255 255 255 81 255 154 24 255 255 48 179 235 242 255 255 255
    255 10 52 255 255 207 255 170 212 197 255 22 255 8 248 255 255 125
    255 30 255 197 255 121 239 211 143 145 255 232 255 202 255 18 255
    255 255 255 255 125 166 255 10 247 255 233 255 255 235 186 255 255
    255 255 48 255 255 119 255 93 255 79 255 255 83 255 171 255 242 255
    255 255 247 255 255 255 255 255 255 196 255 255 38 121 12 255 22 12
    255 137 105 255 145 157 18 255 109 213 161 119 194 255 239 255 203
    149 255 173 245 79 234 255 255 2 143 255 255 80 255 117 76 255 79
    255 65 255 100 142 255 203 255 48 255 101 255 255 255 175 167 255
    255 211 202 167 255 255 195 255 132 159 255 34 255 121 111 89 24 121
    255 255 180 234 183 255 255 177 255 111 80 130 255 255 119 255 255
    71 137 8 53 255 255 0 2 255 217 255 255 32 212 255 51 28 255 192 255
    255 255 254 255 164 255 255 158 255 255 255 46 165 255 107 62 95 255
    48 255 255 175 38 34 195 255 255 255 146 85 84 255 255 255 190 203
    253 172 255 255 198 255 54 105 255 255 255 255 255 49 26 255 239 153
    36 223 255 74 255 236 255 255 101 60 227 255 111 255 255 255 255 248
    52 162 197 255 255 199 255 223 91 82 233 64 255 156 38 62 168 255
    255 255 255 123 172 50 26 166 171 255 217 50 255 245 255 255 134 255
    72 255 255 255 255 127 205 255 115 139 77 191 139 255 255 20 119 101
    193 217 255 48 146 20 255 176 255 255 95 167 52 255 83 255 255 151
    255 43 109 115 255 22 255 202 234 255 255 10 6 255 12 10 194 175 28
    255 56 70 174 60 255 85 234 255 255 255 209 194 255 58 255 255 235
    184 95 221 103 2 14 255 255 165 194 24 163 255 255 255 209 75 74 255
    255 241 184 255 255 255 255 255 255 255 20 158 255 255 255 255 255
    101 255 211 227 141 255 196 50 125 255 64 255 255 255 24 255 255 141
    255 255 149 194 255 255 255 232 255 255 255 255 0 255 255 158 255
    255 255 71 243 255 62 121 255 255 255 73 95 255 255 95 107 255 189
    255 164 255 255 164 87 129 53 107 197 255 255 193 123 255 255 168
    255 205 255 255 255 255 111 255 241 226 255 63 81 255 255 105 70 59
    255 255 43 255 255 255 153 255 255 255 155 255 255 255 243 255 183
    85 38 74 255 252 181 255 60 255 103 255 181 119 255 221 255 255 255
    255 201 239 22 255 225 241 240 255 204 79 255 192 255 165 125 255
    255 49 212 56 255 218 255 255 255 255 125 255 255 255 255 125 255
    255 10 2 255 255 105 0 243 190 40 255 12 255 42 111 255 46 221 230
    215 255 255 74 255 159 255 255 255 255 130 165 255 154 185 131 176
    248 255 45 255 255 255 30 52 142 255 195 255 66 255 255 255 10 255
    254 247 103 255 255 231 255 255 115 18 125 255 99 161 213 209 255
    255 167 255 255 255 171 20 255 255 255 255 115 255 254 145 255 109
    255 255 2 255 164 105 22 152 255 253 69 191 175 255 38 243 255 255 0
    255 236 199 255 181 102 95 40 255 255 153 255 125 255 0 53 52 255 79
    16 255 4 255 255 255 255 255 255 255 255 255 145 102 255 155 255 144
    40 255 186 52 255 148 255 16 239 228 86 255 226 161 255 228 255 255
    255 255 249 50 255 69 99 115 255 255 255 255 255 255 79 255 255 4 30
    255 255 255 255 255 14 255 255 255 171 180 255 6 255 255 255 136 54
    56 91 191 217 75 10 255 255 255 255 150 232 255 255 117 255 255 255
    255 255 179 255 255 255 255 255 242 255 255 240 8 30 255 80 223 255
    255 198 58 255 156 125 197 255 44 195 255 255 219 107 255 255 235
    255 123 215 255 239 255 242 62 255 99 255 162 220 157 255 255 255
    113 255 255 255 107 28 255 255 169 255 85 193 255 255 255 255 113
    255 255 107 255 128 91 255 138 255 197 255 218 32 255 255 255 255
    255 231 255 255 70 215 143 171 28 60 255 255 255 255 126 68 4 2 255
    255 255 83 255 255 101 4 255 26 255 255 44 223 30 255 255 85 99 255
    174 179 167 8 255 96 85 232 231 255 255 141 10 236 255 255 255 255
    255 255 255 255 255 255 255 255 201 255 255 167 255 255 44 178 189
    88 178 169 255 255 89 251 16 255 255 255 255 94 255 255 255 125 91
    80 219 255 78 255 255 199 32 255 221 255 255 187 182 255 137 255 133
    171 255 255 217 255 255 255 223 234 255 119 155 255 57 73 64 255 255
    135 101 248 255 136 254 215 235 177 121 28 255 213 45 181 66 75 255
    119 140 125 255 142 0 255 186 255 223 255 255 56 255 12 229 255 252
    201 253 10 54 192 131 215 65 255 42 255 255 217 255 255 169 217 230
    255 109 255 255 105 16 84 150 6 100 154 58 255 255 255 255 255 255
    50 255 255 40 255 255 34 130 255 131 55 255 255 255 254 255 202 255
    151 255 145 255 67 255 255 255 58 181 227 255 255 255 236 181 255
    255 255 10 255 255 255 255 209 26 185 22 83 255 169 255 255 36 202
    244 255 166 255 36 111 66 255 255 62 255 255 255 255 255 14 115 255
    255 255 190 20 187 255 181 2 34 44 255 245 91 255 255 169 20 255 149
    255 132 238 251 255 255 115 255 137 0 34 159 72 233 255 181 221 255
    237 255 255 143 255 255 223 255 109 255 255 252 255 255 255 255 136
    255 255 85 255 255 255 22 255 255 255 255 79 46 113 255 255 181 99
    255 255 255 255 90 255 255 255 255 255 157 182 191 255 255 224 255
    255 123 62 255 255 255 255 187 255 18 14 163 255 56 255 255 255 145
    255 255 88 255 28 58 255 209 255 255 255 255 67 24 237 245 255 135
    255 255 255 255 185 66 255 141 255 255 255 255 255 95 249 255 212
    255 219 255 255 255 255 255 255 115 66 255 103 107 255 181 155 202
    255 255 87 26 145 255 255 70 255 14 255 180 187 247 65 255 6 192 255
    189 180 255 203 255 232 255 255 220 102 255 255 255 204 255 255 24
    255 0 255 183 255 138 105 231 245 222 255 146 255 223 255 89 255 251
    255 255 2 28 255 119 218 255 255 113 157 255 255 117 16 159 255 136
    255 255 255 255 137 255 159 255 79 153 109 4 97 40 255 179 255 251
    81 191 255 85 255 109 255 131 57 79 255 219 255 255 255 175 255 255
    240 255 247 255 255 200 255 12 255 255 233 8 95 255 255 255 76 255
    189 185 255 255 255 28 141 38 170 255 42 255 228 94 16 199 255 255
    255 255 196 228 255 71 165 255 123 79 255 255 28 255 83 255 48 107
    255 255 8 255 255 12 175 123 65 161 255 57 255 197 255 255 255 182
    255 255 255 22 90 34 73 8 215 137 255 255 191 255 231 38 255 6 203
    46 255 34 255 154 255 191 255 255 109 255 255 30 113 255 255 14 255
    18 255 20 62 255 151 255 255 255 159 255 255 255 247 255 8 255 255
    123 188 255 255 152 255 107 206 22 255 247 209 121 255 255 255 136
    135 28 255 255 255 81 16 255 75 105 255 255 255 255 6 236 255 255
    255 255 255 36 255 255 255 255 73 12 40 146 255 26 255 255 205 140
    183 42 255 255 255 154 207 255 255 179 125 113 163 255 255 255 253
    255 255 80 255 93 20 255 230 12 215 214 235 255 155 147 255 255 255
    111 135 235 170 255 113 255 89 255 255 255 255 186 255 36 255 205
    141 255 255 255 186 4 255 130 255 255 255 246 255 194 187 14 255 187
    177 8 73 105 49 228 255 255 113 255 255 201 139 132 137 255 184 139
    255 166 119 255 255 123 255 186 2 96 40 255 255 160 224 255 255 44
    255 255 183 193 255 187 111 255 255 255 255 242 161 99 30 48 119 133
    6 79 68 241 255 173 255 255 0 255 245 255 255 188 46 78 130 255 52
    89 34 207 101 64 237 249 255 70 255 175 20 255 255 84 206 255 255
    255 113 235 85 255 255 99 255 74 211 129 255 255 255 255 121 255 18
    49 75 241 255 255 34 255 255 84 130 255 255 255 255 255 40 255 223
    12 119 255 198 228 255 178 255 127 255 214 255 223 230 255 255 4 255
    255 115 255 61 255 255 255 255 255 255 209 255 150 105 105 255 187
    105 255 234 14 136 183 255 107 216 107 255 255 255 245 255 199 255
    209 255 93 173 255 168 143 255 107 255 255 40 95 255 255 255 255 63
    34 255 255 255 70 6 250 88 255 255 84 152 26 255 255 255 255 53 183
    255 255 109 255 247 181 129 255 107 255 241 185 255 255 255 105 91
    255 225 65 40 6 91 2 64 152 173 50 6 131 111 176 255 255 255 255 255
    255 255 237 59 228 255 255 38 255 255 230 255 255 255 50 4 6 141 255
    83 80 235 177 36 211 255 255 79 248 255 255 255 127 255 255 255 255
    255 255 190 255 255 235 255 131 255 95 255 36 79 255 255 131 219 140
    255 54 255 255 34 38 255 165 255 139 255 121 10 255 168 66 255 194
    255 255 75 255 129 196 42 84 113 254 90 255 255 56 215 185 64 255
    255 197 255 255 4 255 119 8 255 34 255 200 255 82 255 255 38 107 255
    255 255 201 255 255 75 255 229 255 255 255 38 255 243 81 255 255 50
    18 6 255 219 255 255 175 255 54 255 194 255 255 255 255 255 34 79 10
    16 214 255 255 255 183 255 95 4 198 255 255 255 255 233 255 255 249
    241 255 255 255 255 84 255 207 225 12 255 233 12 73 185 249 93 58 83
    255 131 241 255 199 164 169 255 73 255 159 73 255 223 229 255 255 93
    255 113 255 75 255 85 255 123 146 242 255 172 255 193 140 28 255 255
    167 249 255 42 235 194 151 255 2 224 255 101 105 255 221 54 255 255
    81 193 255 255 86 255 255 30 255 173 255 61 255 205 198 161 4 255
    255 66 255 111 255 255 255 42 89 56 18 192 255 8 128 255 255 192 255
    255 255 46 255 158 127 255 6 0 159 245 173 6 83 93 255 255 255 255
    249 255 225 255 193 100 255 93 90 255 255 255 43 4 255 227 255 255
    255 64 189 255 36 255 87 203 233 255 26 145 213 255 255 126 255 255
    134 255 24 255 173 32 95 129 145 95 255 191 152 95 0 227 255 255 91
    83 12 115 87 88 235 87 255 255 255 255 162 244 117 243 255 16 255
    119 255 255 255 255 28 255 133 255 255 14 130 105 107 61 216 153 255
    218 255 255 255 255 255 141 90 174 113 255 186 58 54 202 255 38 255
    129 60 152 44 255 253 255 255 243 6 255 188 255 181 168 36 255 255
    255 255 255 141 255 156 255 167 255 255 255 243 195 255 255 255 12
    231 255 255 115 4 169 190 14 255 255 255 191 184 255 135 255 52 34
    146 38 213 160 131 145 202 255 255 255 255 255 255 255 255 255 255
    233 255 255 129 215 255 255 38 255 255 233 214 255 255 255 255 192
    30 255 180 8 255 255 255 159 255 255 255 229 18 249 182 64 201 255
    79 255 174 135 255 255 46 255 89 24 255 255 255 255 255 38 173 63 40
    149 255 255 255 10 197 113 186 255 249 215 4 187 43 255 189 67 255
    255 36 77 239 255 246 255 255 115 255 255 255 255 229 255 42 36 255
    255 255 255 243 65 115 78 255 255 102 255 255 255 253 255 137 255
    255 40 255 255 255 255 255 86 162 255 255 219 255 231 111 177 42 255
    32 255 255 187 255 255 60 255 245 139 255 255 85 127 255 60 50 255
    129 255 140 250 255 255 255 255 160 75 139 255 255 255 255 255 255
    107 236 255 154 228 255 10 255 60 172 151 207 255 175 4 89 153 70 69
    255 26 93 191 255 255 181 255 255 42 60 255 75 219 255 255 255 255
    255 255 255 171 4 45 121 255 221 52 255 255 12 255 255 54 235 255
    255 255 75 226 255 91 189 197 130 197 225 128 113 255 8 255 179 156
    135 255 255 255 153 255 113 88 154 73 255 209 255 223 81 255 255 152
    113 255 255 191 173 245 214 255 0 139 24 255 255 62 105 133 153 255
    255 153 247 255 135 196 255 119 255 173 16 8 255 255 255 255 255 255
    18 32 255 255 255 241 4 8 255 155 255 255 255 255 117 255 149 255
    255 255 61 199 211 255 255 255 28 234 109 36 173 255 211 255 121 43
    255 50 55 255 255 152 255 191 255 81 167 204 255 20 8 255 255 251
    255 109 128 255 141 247 125 28 255 255 255 152 226 155 255 255 255
    211 71 255 200 255 255 255 255 255 255 255 255 255 133 255 233 143
    137 146 255 255 255 255 115 26 139 22 231 255 12 150 255 255 255 255
    82 255 255 255 255 255 191 206 255 68 237 71 255 168 109 64 239 50
    32 103 216 205 249 255 255 255 185 255 255 255 255 12 255 201 180 22
    255 255 230 255 255 147 255 255 255 255 255 255 255 255 255 4 235
    255 255 168 255 179 255 255 109 95 255 255 73 255 253 65 115 255 166
    139 143 142 255 14 255 163 109 75 58 255 229 238 129 255 255 90 255
    66 255 255 224 66 43 97 247 255 181 6 125 255 255 148 255 255 255
    255 255 255 137 219 219 79 255 255 66 255 255 255 50 255 20 255 253
    58 255 176 255 54 255 157 255 14 255 167 12 224 137 43 255 185 154
    255 0 255 255 241 255 143 167 176 255 207 255 73 34 255 46 131 77
    255 183 255 254 255 255 255 179 255 212 201 255 255 255 255 230 255
    255 255 36 119 255 255 59 50 143 91 125 255 255 87 80 170 255 205
    255 64 100 255 255 255 255 255 235 202 255 237 34 255 163 255 255
    255 255 255 92 73 155 0 255 255 167 22 255 209 142 255 239 255 255
    255 255 209 32 255 255 197 255 155 255 255 255 255 255 255 96 255
    203 113 255 255 109 28 255 255 53 79 255 109 255 255 255 222 98 99
    255 255 255 38 173 166 255 255 255 255 255 40 205 255 113 236 255
    229 255 255 255 107 189 211 255 255 255 255 98 255 149 243 14 255
    229 206 246 219 255 205 255 255 255 245 255 149 102 2 203 143 202
    255 255 255 255 255 255 255 201 255 255 255 125 38 255 255 4 163 255
    255 255 255 255 155 255 255 253 255 255 255 55 255 255 255 255 255
    255 95 24 255 255 64 53 238 52 255 228 255 255 133 255 251 234 255
    255 255 251 255 255 76 255 83 255 255 240 255 255 255 40 249 42 255
    255 255 121 2 255 66 38 255 66 229 255 78 237 28 255 255 255 255 117
    255 255 255 255 255 255 255 255 255 89 255 2 6 48 8 222 6 231 255
    255 255 255 255 24 255 255 57 199 255 132 255 255 255 255 255 255
    255 255 150 255 255 255 255 137 178 117 225 255 230 255 255 87 187
    170 255 255 255 169 255 206 189 74 255 255 255 233 255 225 8 255 255
    188 66 117 176 71 255 51 255 255 209 189 165 255 38 135 255 255 255
    255 255 255 255 255 255 26 240 24 194 255 111 4 111 155 213 255 255
    255 255 255 255 79 255 235 255 255 255 255 98 81 255 255 255 30 255
    190 255 42 255 8 123 47 255 255 255 255 68 0 4 26 213 255 123 255
    255 255 255 255 255 20 255 52 255 255 18 255 2 255 255 181 255 255
    255 149 59 255 255 18 255 100 10 44 209 223 28 255 101 71 189 28 255
    255 178 255 227 255 203 255 156 255 20 49 163 227 194 255 207 255
    255 205 255 255 111 166 255 115 89 234 255 87 255 36 61 255 255 111
    255 255 249 181 44 255 66 255 255 255 26 255 255 255 8 181 209 255
    58 255 178 83 50 209 255 247 255 81 255 255 255 255 152 255 191 255
    62 255 255 228 155 255 255 255 194 255 233 87 141 255 22 255 237 255
    163 255 231 205 12 219 12 241 255 255 8 255 201 255 178 255 255 255
    244 88 255 147 107 6 109 10 255 255 255 253 255 255 255 255 201 249
    254 243 255 255 255 255 14 255 160 8 40 196 255 255 255 34 247 71
    255 36 255 12 195 255 255 185 255 14 241 255 137 209 95 135 109 255
    255 245 12 149 245 166 255 255 255 42 255 255 255 255 255 68 255 255
    255 255 255 66 255 121 255 131 202 66 255 255 255 119 243 255 255
    255 91 255 255 26 243 255 255 255 255 197 255 188 255 157 255 18 66
    255 220 179 164 255 111 255 255 251 255 52 197 255 255 255 47 255
    255 211 255 38 168 255 255 152 165 88 47 10 169 144 255 94 69 14 14
    42 255 251 2 197 215 255 255 48 101 255 44 105 127 255 255 218 255
    101 255 255 255 2 255 176 255 48 255 2 255 16 238 225 225 222 70 255
    255 255 103 255 255 172 236 255 255 255 181 255 255 255 36 255 8 93
    255 249 251 255 175 113 255 255 69 255 221 93 46 255 38 255 255 255
    56 10 255 143 255 2 189 105 206 109 255 219 56 195 255 255 201 113
    255 255 184 255 255 251 255 255 117 255 255 255 255 48 121 255 255
    55 95 255 255 133 255 255 147 255 255 203 255 93 125 255 255 54 181
    255 199 255 255 137 151 255 22 255 255 255 255 255 255 189 219 255
    255 138 139 235 239 71 127 255 255 167 255 232 179 255 113 56 152
    230 211 255 255 205 255 155 255 140 195 255 2 159 18 255 129 203 162
    255 255 26 255 16 194 218 12 255 255 225 255 141 189 255 153 255 10
    117 231 59 255 123 255 255 255 255 255 255 255 83 219 255 255 255 32
    177 255 81 28 255 178 218 60 190 6 255 255 255 255 229 255 255 255
    255 255 255 255 255 204 40 175 85 255 125 255 255 255 255 191 239
    255 255 255 255 2 255 255 183 98 255 255 255 128 44 18 255 255 78 36
    12 255 95 155 32 117 255 183 255 255 255 162 99 255 255 255 255 89
    187 255 255 113 255 255 224 255 255 255 8 255 201 255 255 228 243
    255 255 255 20 255 255 255 58 30 111 212 255 255 255 147 53 255 68
    211 255 253 255 255 56 10 255 131 255 255 143 255 255 255 255 155
    143 77 255 191 255 255 86 255 197 255 93 255 255 255 197 247 126 62
    68 85 189 86 255 18 16 255 255 86 255 255 255 255 255 163 255 199
    255 255 255 74 79 255 255 255 255 255 126 255 255 26 255 255 255 255
    80 211 209 191 40 40 74 255 101 153 255 255 255 255 255 255 255 255
    36 255 255 255 28 255 255 243 255 193 255 255 255 255 255 58 255 34
    255 178 255 255 221 255 255 255 181 255 146 255 96 209 255 88 255
    255 255 192 64 255 219 255 255 255 205 255 194 30 255 36 163 255 229
    255 255 192 123 255 34 48 255 255 129 100 61 105 40 255 145 163 154
    123 80 18 10 177 150 255 14 255 66 255 51 214 20 8 16 24 255 145 117
    255 145 219 93 197 80 255 255 231 43 255 72 34 255 255 170 147 183
    55 26 255 128 179 255 121 95 88 111 255 255 255 255 109 249 255 169
    28 255 255 255 255 255 255 255 255 255 255 149 107 255 255 255 255
    135 255 255 195 255 24 255 255 135 255 51 238 255 255 230 26 255 34
    255 255 254 255 255 255 255 255 255 255 219 255 255 255 255 255 255
    177 255 255 255 96 255 79 255 130 255 255 255 255 255 156 48 255 241
    255 66 225 58 255 184 255 137 75 255 255 255 255 177 59 248 195 255
    216 255 255 255 28 200 201 255 255 255 98 255 232 255 255 255 255
    255 255 175 255 255 255 255 255 237 255 255 193 95 255 24 67 255 229
    125 91 197 132 255 255 255 101 149 255 255 147 255 173 241 255 2 52
    255 52 255 255 62 52 130 255 255 255 255 173 255 255 255 255 255 4
    255 44 255 255 199 255 255 30 255 109 173 12 239 255 155 79 255 115
    255 232 48 255 232 255 255 209 117 255 214 255 245 119 50 255 255
    255 255 255 171 154 141 102 30 157 231 166 255 255 51 255 255 245 73
    127 91 255 62 8 34 255 255 255 205 95 255 255 255 255 90 71 255 255
    24 139 255 255 255 199 89 255 20 178 255 255 32 234 255 255 167 255
    255 255 255 255 36 149 255 255 255 255 255 255 255 255 14 36 255 8
    123 103 24 111 193 255 255 255 38 255 201 36 255 255 255 255 255 185
    144 255 255 103 248 100 190 255 255 255 255 255 168 255 32 128 255
    255 255 125 255 255 87 255 255 255 12 95 220 4 249 255 105 255 131
    255 255 234 255 0 34 211 188 242 255 255 99 255 249 222 255 255 121
    64 255 255 255 255 207 255 36 255 74 255 93 169 255 255 255 20 255
    54 255 255 8 255 157 255 184 14 26 255 255 255 198 212 243 119 255
    255 255 255 255 255 66 0 255 255 255 255 197 217 174 22 255 71 255
    255 239 255 255 150 255 159 255 255 249 255 119 80 57 62 255 188 185
    239 103 123 255 109 255 255 255 179 143 75 255 98 67 32 255 144 255
    255 255 113 211 200 224 18 255 147 173 170 255 199 255 255 255 255
    255 255 255 255 255 219 131 113 176 255 255 140 255 253 255 255 255
    170 255 181 107 175 255 253 50 255 255 255 46 65 212 209 202 12 255
    255 157 201 22 255 255 53 255 255 255 101 255 255 255 175 255 77 255
    255 255 255 71 48 185 111 127 64 255 119 163 255 14 255 249 250 255
    255 115 109 255 153 255 255 105 127 22 255 255 255 255 255 255 255
    255 158 255 4 255 255 255 255 255 8 146 8 255 130 163 157 255 189
    255 130 46 255 75 255 255 247 255 4 255 139 255 136 153 171 255 193
    255 221 163 215 255 44 90 83 121 199 255 255 255 101 4 189 255 255
    171 255 255 255 174 255 255 26 255 255 144 255 255 215 101 255 67 32
    167 255 255 185 255 222 255 152 255 209 255 58 255 255 85 255 255
    255 199 255 255 255 255 255 34 109 93 255 255 255 255 190 139 255
    255 133 255 196 191 255 182 222 48 255 226 26 109 255 249 255 255
    213 217 255 109 255 255 255 255 255 151 255 191 14 87 255 255 255 91
    255 255 255 255 255 187 255 138 60 255 255 46 30 57 255 255 255 185
    183 134 255 102 227 54 185 255 255 20 255 99 255 2 123 255 255 199
    255 255 8 255 180 246 255 217 189 50 255 255 185 253 255 213 4 255
    46 0 255 177 255 230 96 198 255 255 79 85 255 57 255 255 4 32 255
    255 40 255 255 255 157 115 103 255 255 191 255 219 255 183 255 255
    255 255 255 211 255 255 255 156 255 255 45 255 255 55 34 255 255 147
    121 231 85 255 255 34 111 213 255 225 255 183 177 255 255 255 146
    216 121 14 34 255 24 255 139 255 169 199 190 109 50 255 255 60 255
    24 255 255 255 255 255 255 203 255 255 183 255 147 255 20 255 255
    255 255 181 42 255 255 132 255 64 255 255 231 255 173 255 255 255
    237 255 255 145 255 181 18 95 52 147 255 207 255 255 189 255 255 255
    6 241 209 255 227 255 255 255 255 255 255 255 151 255 255 255 255
    197 255 69 255 255 47 255 255 255 255 255 213 18 255 91 255 217 156
    255 239 255 111 255 20 255 255 255 255 72 255 93 219 142 62 167 117
    218 153 255 165 255 255 22 255 255 4 255 255 161 243 255 255 255 255
    255 203 24 34 235 91 62 255 255 149 255 85 255 187 255 220 255 255
    255 255 255 255 255 255 255 28 211 255 74 243 255 255 87 255 255 49
    62 70 125 50 255 255 255 88 255 255 159 170 255 255 255 244 255 255
    226 22 255 40 88 156 255 255 255 255 183 255 218 105 255 255 255 115
    46 253 136 248 179 140 255 113 211 24 255 243 226 251 255 48 157 26
    255 255 152 255 195 255 189 255 255 255 60 170 185 225 255 42 86 117
    83 255 255 255 86 255 24 189 255 255 46 103 87 249 150 218 255 255
    52 113 255 255 255 255 255 255 225 255 6 255 255 48 53 85 32 249 255
    255 160 255 107 255 153 233 255 255 139 73 255 137 251 255 2 83 226
    255 255 255 151 255 255 113 6 255 255 255 255 127 255 255 255 119
    181 255 28 255 255 219 255 201 233 255 255 255 255 145 255 105 255
    255 85 201 158 101 151 105 133 133 109 218 227 77 255 20 34 255 18
    255 179 213 18 255 255 219 115 255 255 125 255 255 91 8 255 255 14
    255 255 255 233 255 117 150 97 255 255 58 109 255 255 255 45 248 255
    255 255 255 255 149 255 255 26 139 243 255 20 255 255 255 255 131
    197 142 8 255 57 255 68 75 255 255 255 255 139 231 66 255 99 155 111
    245 255 255 255 147 255 231 125 255 255 175 193 119 255 113 255 212
    131 156 222 22 255 255 135 255 250 255 255 255 255 34 143 213 119
    255 255 247 143 255 18 195 245 101 199 105 255 255 255 255 255 127 2
    255 255 8 222 255 255 131 113 255 234 167 202 255 255 121 255 255
    255 167 197 255 125 159 51 64 119 182 111 255 255 255 245 91 255 239
    255 177 255 227 109 133 83 255 255 255 255 255 142 255 181 40 255
    255 79 224 255 194 255 24 255 113 255 208 147 76 255 179 255 154 195
    255 69 199 255 142 209 98 255 255 143 255 255 255 16 255 32 255 255
    255 14 255 60 221 135 76 255 255 255 255 107 12 255 255 2 0 255 255
    148 195 255 255 238 32 255 255 215 255 255 255 255 255 255 47 255
    255 97 255 223 255 255 12 6 255 255 36 141 0 255 255 255 255 255 255
    255 42 117 176 91 255 174 255 255 255 255 163 255 91 255 255 255 255
    20 250 255 154 26 255 255 255 255 255 183 255 40 255 255 255 71 151
    255 255 255 255 77 255 61 246 167 168 255 68 255 255 255 208 255 255
    196 255 14 85 103 159 109 255 22 255 32 30 117 68 255 160 255 100
    255 255 255 255 24 255 255 255 255 18 255 235 255 255 255 255 44 6
    105 255 225 255 255 255 255 255 80 255 169 255 255 127 255 255 255
    191 192 255 255 154 255 255 255 255 233 255 255 117 251 255 255 138
    250 255 184 255 255 225 255 133 255 255 255 59 255 255 45 255 255
    202 220 255 18 220 255 239 255 2 255 28 255 255 255 255 255 255 255
    172 255 255 63 8 70 130 139 98 255 255 255 255 255 84 255 147 255 61
    255 173 255 58 28 176 255 42 255 145 86 47 255 100 117 255 123 255
    183 255 142 255 255 255 255 255 255 255 233 255 91 201 208 255 255
    77 255 255 24 255 255 113 255 255 255 255 255 255 255 227 255 255
    255 87 133 255 81 255 255 255 255 115 255 6 255 255 68 255 213 255
    255 255 228 255 85 0 133 249 107 157 255 255 165 255 255 22 24 155
    209 255 255 22 63 143 125 255 255 183 18 250 109 255 203 155 188 255
    24 255 255 255 255 131 219 255 255 76 154 242 255 255 255 255 43 255
    187 148 255 98 255 24 133 255 129 255 255 255 255 255 255 255 255
    255 123 22 255 151 245 77 121 126 255 255 184 255 199 146 255 255 30
    255 255 57 177 255 255 255 52 30 255 169 235 255 241 253 255 129 223
    255 255 117 255 141 255 255 255 255 111 255 142 255 203 255 93 255
    211 255 221 245 255 255 255 207 255 67 171 255 43 97 255 182 195 255
    10 248 255 229 151 42 255 91 199 59 255 255 28 16 255 243 38 74 85
    255 231 255 255 64 255 99 255 75 255 205 255 193 255 115 255 50 166
    255 129 255 222 255 255 157 255 225 255 255 255 14 96 255 255 90 255
    240 80 255 255 255 255 145 255 255 255 18 125 242 255 49 131 6 255
    255 255 255 255 70 255 242 219 255 214 255 182 255 255 255 255 86
    243 255 255 255 183 195 148 203 239 190 255 255 255 255 221 255 20
    255 255 121 255 79 159 255 255 89 255 255 255 255 255 255 100 255
    255 125 255 121 255 49 207 125 255 145 255 255 255 227 148 163 255
    32 255 72 190 255 255 235 48 255 247 255 159 156 209 255 255 56 255
    255 141 22 255 255 66 255 255 255 255 12 255 38 165 255 255 187 255
    105 255 42 176 240 231 217 255 255 249 255 22 255 238 255 255 255 8
    255 38 255 255 255 255 255 52 209 180 58 255 215 71 28 255 255 255
    255 255 255 8 255 255 42 214 62 221 141 115 255 255 255 253 255 255
    255 255 6 255 56 255 208 255 255 255 255 255 255 117 22 140 163 255
    255 209 163 229 135 255 30 163 30 119 255 255 208 255 255 144 255
    255 55 113 22 255 255 8 255 250 249 255 255 255 233 48 229 162 175
    255 47 197 36 255 255 255 99 255 173 140 54 255 198 255 255 255 255
    80 6 255 255 150 255 84 255 159 52 255 161 121 200 216 255 255 255
    255 209 99 109 255 255 255 255 220 255 255 255 253 255 255 255 255
    97 255 10 255 34 107 105 28 188 131 64 75 224 199 255 68 181 251 255
    50 255 109 255 255 255 255 178 141 255 247 14 255 255 131 255 69 255
    255 73 255 141 255 255 26 245 255 255 255 54 36 255 10 255 184 4 84
    180 129 149 128 133 205 255 214 233 255 151 255 255 255 36 186 230
    255 255 248 40 99 125 58 142 236 255 182 255 255 103 218 255 255 179
    153 190 255 40 255 255 255 255 255 245 208 255 32 255 255 255 255
    255 255 255 255 255 237 255 203 255 115 255 65 252 88 34 143 255 255
    248 255 255 113 255 57 255 255 255 255 249 255 255 255 140 255 177
    255 54 185 85 255 255 255 255 255 255 246 229 231 255 255 255 255
    255 255 22 255 255 255 255 140 79 102 146 255 255 20 255 255 255 197
    4 255 163 36 192 246 133 138 252 109 255 255 255 132 255 117 255 255
    131 99 255 255 128 255 78 117 230 255 255 255 143 255 255 121 160
    255 22 255 40 255 255 255 255 77 91 255 255 255 255 138 255 52 255
    255 255 255 255 105 255 255 255 255 255 215 255 121 52 65 255 255
    255 255 165 241 77 32 170 4 255 255 255 255 255 255 195 40 14 32 146
    255 94 83 255 255 255 201 255 99 117 255 255 71 125 255 255 255 241
    169 255 255 255 255 142 214 255 103 255 137 255 255 26 255 255 255
    130 255 255 87 252 117 12 175 255 255 255 237 255 255 111 255 255
    195 182 255 255 12 255 255 255 147 255 255 255 68 255 255 70 237 250
    239 255</data></your_img>
</opencv_storage>
