<?xml version="1.0"?>
<opencv_storage>
<L2_diff>1.0364876169062512e+04</L2_diff>
<test_img type_id="opencv-matrix">
  <rows>100</rows>
  <cols>100</cols>
  <dt>"3u"</dt>
  <data>
    15 131 151 75 109 140 178 96 192 33 104 67 227 122 35 147 68 39 35
    223 91 162 249 103 146 214 79 142 165 107 218 17 4 152 196 9 25 128
    195 194 102 138 204 253 137 119 122 159 243 163 214 175 33 129 60 59
    247 70 239 31 141 146 4 192 126 245 132 12 78 74 87 28 111 248 122
    194 195 53 173 237 201 202 34 36 131 76 185 99 28 77 27 109 101 10
    123 76 147 237 123 98 174 66 14 239 139 85 170 50 5 26 194 118 150
    129 1 36 199 130 63 164 156 112 241 19 245 235 164 155 203 203 82 88
    80 197 238 221 24 185 247 101 180 197 95 108 193 143 95 175 143 221
    233 143 54 244 17 200 249 156 252 182 32 91 220 113 71 246 42 200 84
    189 205 64 224 15 8 210 221 153 107 121 64 74 195 27 3 244 213 86
    217 192 97 49 28 56 1 189 19 242 133 249 132 200 205 61 42 108 8 41
    114 31 109 102 47 162 68 136 199 149 74 178 127 9 243 246 99 226 79
    173 106 183 128 55 42 117 27 109 121 65 138 156 50 247 76 83 247 175
    180 225 73 148 171 151 26 243 225 87 146 82 80 102 208 85 56 38 119
    239 201 72 110 105 215 74 34 78 215 2 110 105 145 210 18 240 70 250
    21 88 59 134 172 64 63 41 150 196 249 30 9 45 177 165 62 223 150 232
    192 92 40 15 225 158 61 232 112 18 235 6 77 59 21 24 102 136 107 93
    249 77 103 180 119 164 14 194 102 48 102 174 253 145 253 201 99 184
    189 161 215 37 244 187 73 118 236 246 78 232 52 161 91 115 139 108
    253 221 198 82 242 122 34 70 120 137 183 20 105 139 223 33 117 251
    146 224 189 3 160 247 8 59 251 106 29 186 188 140 137 90 57 200 138
    49 113 136 172 112 179 189 90 91 56 172 55 45 162 232 36 70 92 221
    30 95 45 89 120 132 152 86 128 157 49 141 93 216 81 202 11 113 172
    109 114 13 90 54 213 209 31 28 137 67 131 151 86 104 59 32 180 2 194
    203 50 63 45 38 37 52 25 192 146 161 70 18 189 192 115 244 91 145 74
    232 83 136 145 195 70 45 22 193 70 63 63 208 192 213 103 181 237 110
    232 161 16 126 54 202 236 94 210 27 252 212 23 49 86 117 74 199 139
    21 14 244 133 18 88 177 243 58 255 79 184 129 138 105 14 73 110 41
    33 148 89 53 59 165 20 78 125 66 245 13 61 69 197 36 141 88 7 233 90
    50 227 119 66 150 119 1 167 44 71 172 21 138 145 7 62 31 80 142 239
    15 207 82 96 231 17 77 46 66 26 48 42 205 172 44 211 154 18 238 205
    27 217 43 173 85 139 2 22 110 171 211 33 107 38 250 2 110 79 195 23
    58 182 77 148 120 163 210 247 183 203 201 45 57 37 4 46 244 82 252
    243 105 2 155 18 243 140 108 232 44 64 151 56 229 58 240 255 58 101
    100 115 116 122 135 102 242 120 23 88 22 241 170 27 226 121 191 41
    39 156 15 183 222 2 20 142 155 105 10 192 185 161 42 54 100 127 245
    88 6 92 253 215 121 196 57 54 201 99 118 216 97 4 67 184 85 248 22
    251 87 30 136 216 195 64 242 203 71 107 120 80 8 212 110 170 1 245
    83 192 167 133 139 227 240 193 188 62 56 228 22 137 202 246 196 219
    165 224 199 177 4 207 102 51 192 72 116 66 60 106 197 169 37 117 0
    127 159 42 14 116 241 10 82 3 23 22 73 117 249 14 71 147 124 184 147
    148 208 118 114 3 174 248 174 179 102 190 42 117 119 224 164 116 242
    52 38 72 155 66 162 128 169 107 52 152 210 153 2 235 72 176 220 13
    99 112 103 232 80 230 78 178 93 175 51 137 38 102 161 69 43 186 52
    155 75 127 40 48 77 124 197 28 236 201 110 220 93 151 100 225 201
    200 27 226 112 212 195 143 51 131 160 251 154 39 248 35 247 230 233
    65 0 217 30 73 207 99 10 112 47 240 217 195 109 93 156 254 86 108
    251 189 217 2 200 150 205 162 139 224 82 187 19 0 39 230 34 5 225 52
    10 30 83 40 51 31 154 255 37 114 189 210 123 92 130 101 137 226 123
    23 76 64 152 173 255 186 73 50 224 100 73 47 129 113 196 62 30 33 43
    128 193 189 189 34 210 144 147 226 41 72 35 32 222 186 22 60 178 73
    243 78 210 156 19 248 2 146 166 154 204 230 6 68 61 144 177 85 252
    192 177 220 108 57 176 77 76 218 173 198 5 223 63 162 81 66 162 132
    180 246 64 85 133 70 219 10 41 59 61 190 20 71 238 187 73 155 208 32
    175 136 91 153 77 58 82 174 70 179 107 33 228 228 205 139 3 185 19
    106 156 118 160 188 55 85 100 35 132 192 82 38 24 135 124 226 160 54
    45 165 99 185 228 60 209 57 42 252 154 188 125 27 249 67 70 65 4 144
    247 197 140 103 165 8 127 7 238 40 83 200 213 142 234 165 239 28 19
    113 158 221 164 22 167 69 173 171 140 159 194 184 0 189 59 5 240 171
    150 132 50 178 131 71 228 22 239 131 156 90 166 100 38 39 222 47 36
    77 197 155 133 255 208 108 190 30 195 99 125 22 202 100 71 241 23 24
    73 156 115 189 205 126 72 97 39 35 8 90 215 197 216 118 73 12 49 200
    213 34 225 250 189 208 207 137 151 118 162 41 147 120 1 113 183 64
    60 56 9 180 255 33 161 206 91 115 199 118 21 245 42 25 156 82 206
    179 211 102 205 92 155 2 19 115 30 1 227 254 228 141 69 132 118 188
    221 210 91 32 217 45 70 121 222 172 64 128 70 158 156 21 188 169 235
    168 147 104 17 182 132 14 26 160 47 143 171 119 64 167 228 100 186
    28 104 250 151 138 201 174 57 171 115 26 181 64 65 200 164 32 196
    108 159 126 213 194 45 93 232 198 86 27 30 228 194 173 203 88 185
    117 26 204 8 113 49 187 212 173 136 197 94 5 66 111 32 225 86 2 190
    172 55 131 204 247 0 61 199 254 79 220 170 243 199 64 96 78 132 87
    18 238 235 29 12 26 148 195 188 159 211 15 176 215 245 161 210 106
    172 9 79 165 199 100 190 110 140 100 175 41 204 238 147 62 170 115
    192 51 151 16 196 213 84 75 107 187 77 75 73 137 229 16 173 138 11
    55 199 221 9 102 64 110 128 94 64 225 89 224 120 93 2 80 208 173 83
    36 54 84 66 91 35 59 172 99 147 178 180 77 250 89 242 164 74 124 35
    202 130 23 157 132 107 158 60 107 235 149 143 198 13 3 104 61 229
    104 253 183 65 159 93 19 179 103 168 209 205 195 130 80 5 251 149 73
    53 90 60 204 159 136 164 35 119 220 112 114 72 217 131 201 111 0 223
    131 60 145 155 202 169 143 226 112 247 214 119 221 63 89 16 155 225
    199 106 54 67 13 53 42 149 88 117 138 13 237 111 23 196 63 130 167
    233 132 181 145 187 243 67 243 26 195 57 120 247 188 0 40 98 160 121
    22 140 200 174 120 119 93 161 94 161 223 194 214 39 192 122 28 53
    140 245 118 114 240 120 143 186 206 30 111 119 176 12 220 124 69 199
    161 12 114 142 112 105 50 128 201 47 112 125 255 44 164 63 100 28 53
    142 133 149 96 50 201 239 57 127 245 34 79 75 87 189 70 249 223 89
    108 65 251 255 151 140 216 58 36 172 55 228 169 255 170 231 90 200
    113 173 229 165 185 37 36 54 244 151 102 57 235 183 81 228 214 169
    207 167 248 22 220 213 62 135 61 1 147 108 88 255 97 0 210 76 132
    105 213 61 237 160 30 20 235 253 182 15 102 115 175 153 20 30 210 31
    53 238 202 219 58 59 242 37 0 193 198 192 171 152 50 8 36 94 9 216
    237 164 148 34 87 169 103 213 33 210 122 130 104 59 31 21 85 212 80
    196 186 166 171 154 205 90 83 98 155 104 206 153 146 31 2 26 87 188
    94 160 145 127 42 161 121 138 48 51 30 71 130 173 17 20 157 234 190
    134 85 249 72 0 183 236 218 113 194 199 103 165 209 25 116 31 54 83
    89 147 220 100 117 53 49 9 158 253 49 69 160 244 211 139 3 254 90
    228 90 9 30 14 84 220 96 133 50 175 89 81 213 9 230 234 149 199 23
    53 213 109 144 158 15 216 4 159 223 106 50 99 187 122 97 78 159 131
    123 126 107 120 220 108 4 14 42 72 47 161 156 209 174 20 255 58 149
    187 11 101 116 170 224 54 59 231 57 187 243 20 107 249 45 62 164 108
    230 82 102 153 171 49 2 48 132 45 33 47 99 214 239 237 91 120 87 227
    80 38 22 98 51 118 211 47 130 21 163 130 32 207 14 149 194 204 59 4
    139 70 206 46 37 125 166 161 167 157 100 132 68 13 192 69 93 17 192
    162 187 246 189 67 91 81 173 153 136 43 81 118 59 63 127 14 58 55
    173 240 113 114 116 56 167 144 0 200 227 4 206 159 131 11 191 199 96
    66 30 7 50 64 44 18 117 235 194 21 174 207 21 150 72 158 22 13 111
    81 90 135 77 66 7 214 124 96 32 151 169 191 163 26 130 160 167 210
    90 197 113 151 193 15 48 119 80 247 82 169 83 171 37 89 180 139 216
    141 171 174 117 35 47 218 198 18 186 123 24 254 212 12 201 25 120 30
    99 64 146 191 48 177 133 232 90 153 83 157 6 226 50 72 60 23 111 135
    194 71 26 94 210 250 217 242 151 196 113 77 122 95 32 154 44 76 79
    132 206 131 215 201 138 100 99 186 51 13 116 233 245 172 238 91 60
    187 226 174 51 127 45 16 213 163 27 153 0 218 138 100 191 51 51 218
    183 74 131 120 75 81 166 249 62 53 65 48 176 253 123 54 44 23 14 49
    18 135 44 230 152 8 249 18 203 62 169 72 226 231 63 120 107 103 63
    176 16 26 105 247 153 68 8 228 206 236 107 36 194 98 157 220 162 115
    102 220 20 66 133 117 72 35 104 152 22 106 100 26 161 69 39 220 251
    202 172 253 23 141 128 172 51 156 60 106 12 18 154 22 206 93 248 238
    48 46 151 29 82 36 80 100 154 233 12 102 187 39 4 9 68 165 129 71
    168 2 116 130 59 95 62 162 229 56 73 139 81 96 140 55 48 130 187 39
    56 100 89 208 210 14 143 197 228 249 9 234 230 111 182 30 17 238 243
    252 216 54 143 98 244 156 64 240 9 162 215 190 63 228 70 89 85 109
    154 211 107 236 205 146 246 155 255 1 29 16 50 45 230 245 66 49 102
    61 35 81 188 232 253 231 226 5 222 245 134 11 136 186 177 59 43 122
    185 194 54 91 245 71 112 87 249 48 245 59 229 160 149 195 236 55 144
    43 147 212 255 153 67 166 158 213 21 95 81 26 147 107 68 12 16 101
    248 234 107 116 158 167 29 189 101 5 194 155 201 210 232 0 22 125 29
    65 181 42 210 11 178 90 105 214 158 231 116 235 232 76 240 71 78 70
    140 78 133 131 159 115 54 233 253 181 129 38 132 113 219 109 71 172
    75 28 63 249 148 246 236 105 38 184 187 198 167 172 157 227 255 98
    189 227 20 150 40 100 102 116 99 199 28 28 32 22 120 164 93 20 98
    106 63 209 20 208 123 228 101 27 35 46 99 165 98 212 229 45 234 57
    155 128 52 196 141 42 23 254 235 161 82 177 103 143 18 89 210 99 123
    102 39 37 122 15 61 113 29 39 108 44 246 238 75 181 77 61 254 187 83
    159 100 7 237 41 69 135 58 153 104 248 59 233 201 143 150 195 124 49
    31 218 219 43 137 160 142 161 186 23 230 219 98 7 154 53 131 137 58
    63 234 132 174 14 57 12 30 179 157 56 42 230 169 98 223 5 226 25 170
    124 167 68 247 250 175 234 49 147 73 134 35 74 111 71 5 245 217 124
    10 1 197 147 177 247 160 95 146 143 237 247 67 175 118 175 20 72 82
    186 168 248 40 224 184 134 200 63 225 156 149 74 83 49 188 150 228
    109 45 126 81 25 141 252 157 144 151 155 22 150 98 84 115 185 47 66
    204 29 182 103 249 172 5 176 136 39 246 63 96 56 16 214 94 160 21
    192 23 85 147 52 228 186 150 250 239 55 65 37 109 173 254 235 232 84
    247 30 11 48 112 101 136 102 178 241 180 101 116 204 196 64 141 81
    237 181 15 102 80 202 95 188 183 84 163 19 151 132 216 197 194 169
    239 113 217 100 155 152 253 61 245 133 220 149 204 255 210 173 252
    158 176 135 210 27 245 130 46 255 151 179 187 161 238 166 101 89 10
    113 238 14 181 228 45 163 8 158 66 206 75 33 236 19 55 233 145 185
    56 16 190 108 208 150 109 177 174 96 61 86 130 41 169 33 53 181 71
    54 239 200 143 234 134 46 198 243 4 2 43 80 79 249 213 14 164 205
    243 131 82 106 203 249 118 184 50 134 78 191 149 130 37 0 41 41 37
    183 100 214 153 95 199 100 32 142 79 152 234 5 172 18 84 129 74 249
    145 206 179 210 186 11 85 3 37 191 243 227 6 253 198 15 148 198 37
    131 249 170 253 8 34 10 123 61 221 130 207 114 131 254 183 67 96 14
    47 198 201 178 176 187 7 95 176 33 146 17 94 102 51 89 17 68 196 174
    253 28 172 72 188 96 171 73 230 53 215 91 95 80 74 43 107 26 108 150
    19 31 192 0 34 136 16 243 0 197 98 84 251 228 190 228 154 150 155
    149 80 1 9 33 49 194 159 41 47 112 110 202 96 161 160 233 235 137
    155 185 109 185 203 225 243 7 122 136 157 140 153 189 170 55 91 0 0
    157 200 100 131 150 229 39 146 214 36 172 114 34 9 93 251 189 169
    187 106 95 22 60 143 159 214 224 197 21 140 206 17 159 102 75 35 163
    255 6 228 253 205 120 144 120 32 195 2 221 121 206 90 45 240 74 114
    189 81 133 69 101 255 190 234 213 102 127 253 141 138 204 181 141 32
    23 218 102 246 123 193 149 121 183 197 225 93 122 172 55 96 47 225
    239 70 217 186 82 217 25 42 174 243 107 68 250 69 25 28 222 238 235
    137 141 159 120 148 84 120 219 211 248 204 192 178 58 251 68 9 111
    71 118 186 70 214 140 43 46 49 104 106 226 237 163 71 71 249 50 19
    72 189 85 220 69 95 226 42 103 5 84 87 158 245 77 45 222 182 152 193
    83 188 63 219 223 84 122 178 168 149 22 7 240 131 44 68 168 153 178
    223 180 249 217 160 97 197 76 64 144 54 46 90 155 28 178 144 44 40
    157 17 62 245 208 133 212 41 87 132 13 46 132 13 174 8 129 18 43 6
    83 95 0 116 39 19 73 144 214 233 88 212 183 104 123 21 182 146 68
    107 60 252 8 53 216 11 174 38 133 212 246 46 119 235 16 148 112 246
    139 187 237 253 233 40 255 152 135 225 93 102 228 21 120 42 24 82
    136 191 32 86 41 208 108 57 135 9 92 152 236 53 48 227 10 66 143 253
    98 103 231 26 40 128 4 225 18 79 171 235 3 32 231 51 13 184 173 21
    123 248 125 28 62 238 77 55 41 95 16 25 249 194 40 168 163 249 146
    160 85 233 117 22 115 32 120 217 61 135 82 109 131 23 107 98 188 152
    134 93 141 200 6 202 198 232 54 209 216 65 204 68 100 25 122 236 147
    146 233 214 223 104 76 24 85 210 210 38 31 32 14 62 223 22 64 248 79
    46 103 96 14 234 28 137 25 98 146 16 225 117 196 34 66 135 179 95
    146 188 70 133 240 112 107 196 5 192 44 5 9 39 181 89 99 163 103 231
    247 94 150 146 245 236 199 103 73 248 226 148 193 77 124 205 133 106
    204 195 155 228 43 137 77 97 34 125 87 16 240 61 136 146 115 8 47 55
    182 17 128 98 56 77 39 65 248 32 178 94 95 102 235 49 31 191 253 144
    160 219 219 11 240 43 127 21 213 115 133 96 127 106 69 79 91 116 191
    139 121 156 189 150 160 250 53 120 208 172 148 209 181 62 101 42 39
    94 251 96 151 86 240 27 125 77 20 254 184 28 157 11 140 219 232 125
    115 203 182 170 49 45 55 79 9 17 60 171 91 54 247 32 22 231 30 18 28
    47 244 246 146 23 56 221 248 20 182 129 233 214 197 186 104 2 246
    230 51 55 64 53 56 99 95 199 17 237 131 139 99 155 89 8 248 179 62
    167 128 207 44 90 122 194 172 140 178 131 108 177 74 44 99 70 209
    102 67 92 181 87 21 181 244 143 195 154 206 126 244 40 129 99 92 129
    229 196 140 100 31 200 112 39 127 18 238 208 215 219 243 245 187 24
    14 22 113 107 163 124 96 3 33 15 69 110 21 169 241 183 33 238 236 2
    185 183 214 1 91 248 204 140 22 91 58 12 94 126 116 78 1 217 104 82
    122 36 87 111 172 148 114 134 147 79 68 50 251 62 254 224 38 38 205
    244 27 50 76 243 52 192 98 98 115 172 233 160 14 60 134 222 93 249
    243 141 239 215 162 50 222 91 86 41 134 187 162 223 121 10 240 200
    244 56 17 82 125 224 152 4 12 29 33 243 87 3 240 23 191 13 216 198 6
    215 248 210 165 65 44 244 155 172 77 115 1 4 181 25 250 86 173 101
    35 205 219 177 158 165 32 185 204 138 173 89 17 199 45 25 135 172
    234 123 32 135 134 237 19 173 140 6 165 62 111 142 68 40 135 222 210
    231 180 72 144 76 47 33 218 238 101 52 42 172 45 143 98 176 130 130
    62 124 70 134 242 191 157 162 27 157 39 138 188 169 163 38 189 234
    68 56 10 96 115 219 133 80 172 185 134 175 103 97 122 148 244 156 1
    139 115 207 201 157 183 142 52 49 211 234 73 63 120 222 86 112 217
    95 84 56 213 161 179 15 187 96 164 118 92 0 19 57 167 53 146 61 161
    55 231 37 17 82 223 201 30 40 102 14 187 126 165 196 225 203 116 20
    93 253 119 218 204 18 100 117 118 245 59 93 221 59 36 254 63 249 92
    30 177 32 248 120 0 80 86 79 136 115 157 159 191 93 59 155 225 147
    91 186 69 188 170 164 150 229 43 87 248 37 24 209 160 127 48 110 222
    6 99 66 224 98 2 15 117 219 212 23 192 216 135 167 179 210 124 130
    54 137 221 66 109 121 138 219 145 16 8 219 78 58 76 13 210 124 30
    189 151 57 9 98 124 1 47 145 213 56 254 181 126 19 29 77 243 211 41
    206 93 131 45 22 3 170 98 171 40 98 216 173 6 229 131 189 118 233 35
    62 24 116 128 204 251 253 19 184 255 15 20 91 36 47 58 251 19 192
    174 34 236 107 102 143 183 91 114 134 97 20 7 223 203 97 103 241 178
    103 22 250 134 207 223 77 245 141 124 108 209 99 146 250 78 63 244
    215 181 126 51 251 13 8 248 17 29 109 152 37 237 52 182 109 4 177 93
    130 182 35 125 45 22 210 231 195 217 52 211 124 214 16 16 133 211
    237 216 86 252 101 103 184 56 23 182 189 197 99 177 125 101 116 245
    159 225 146 87 34 214 35 181 237 124 127 230 152 25 69 84 130 91 133
    111 123 167 78 180 106 233 64 65 128 243 187 118 87 13 73 126 122
    164 143 50 134 164 179 170 123 235 165 161 111 15 89 59 212 73 132
    179 28 215 112 240 158 213 144 197 89 75 79 69 127 150 184 225 72
    248 223 135 91 64 94 160 195 81 185 56 51 158 91 132 192 121 80 39
    130 136 211 30 10 77 43 176 157 110 214 99 147 154 159 206 75 86 0
    158 227 38 53 250 172 192 49 103 69 124 105 66 132 73 58 52 50 141
    151 204 184 63 121 251 106 30 14 107 255 231 65 196 81 220 219 174
    14 95 9 73 188 105 34 24 254 254 82 172 40 128 195 187 173 139 37
    225 169 61 34 254 65 226 25 234 4 18 241 195 71 74 97 19 92 105 1 47
    254 189 59 130 133 167 229 47 86 25 198 62 177 149 37 202 126 191
    201 249 99 171 247 186 169 69 138 28 235 76 60 40 188 230 155 149 67
    24 154 49 99 238 247 248 123 40 86 93 19 250 183 6 70 177 20 182 222
    226 26 148 240 215 251 195 17 247 6 64 167 185 12 53 91 111 122 180
    15 1 175 40 106 35 243 189 249 251 186 0 91 181 56 73 244 152 115
    148 128 102 183 203 13 63 66 171 192 153 183 48 36 214 243 99 98 54
    112 245 243 252 116 174 190 84 50 164 192 80 171 116 129 209 100 77
    144 235 214 250 85 184 250 172 116 98 61 95 186 107 194 183 152 47
    98 108 60 124 215 220 139 2 84 17 64 73 160 72 88 73 36 234 240 39
    221 192 240 127 50 70 27 207 136 252 148 213 38 41 200 163 107 132
    50 141 170 2 86 234 250 190 37 75 44 124 23 155 23 10 163 155 248
    112 83 123 204 204 230 185 167 66 2 2 164 205 59 215 79 36 43 6 73
    50 226 52 8 132 58 168 38 121 152 164 223 196 74 168 70 100 139 151
    246 22 165 243 174 150 210 229 237 110 149 251 247 229 235 96 55 143
    229 214 122 99 223 15 35 169 155 125 218 122 126 177 68 0 231 189
    118 200 250 92 47 68 130 250 184 206 47 211 54 116 3 207 214 6 40 34
    225 160 157 151 122 135 221 145 16 183 23 120 209 15 27 247 205 38
    16 239 150 49 181 169 233 200 253 30 99 129 132 40 242 221 160 176
    20 167 245 81 182 213 104 92 33 0 2 94 223 52 220 203 178 132 22 133
    59 210 175 197 226 203 190 28 61 163 157 196 248 234 43 4 175 122 70
    247 226 11 79 167 175 93 22 231 135 86 105 229 239 120 227 165 214
    255 238 155 172 48 205 106 180 142 96 183 255 103 210 102 233 158 3
    180 104 154 164 165 138 84 76 142 144 36 67 50 92 75 48 247 251 2
    105 49 83 44 186 93 23 203 192 40 234 99 158 195 24 65 238 82 99 179
    20 99 165 162 246 61 167 191 55 11 193 86 122 45 67 207 179 114 92
    200 195 25 1 255 255 149 73 100 216 173 234 72 168 112 205 3 240 196
    164 88 138 119 88 41 4 155 154 68 186 138 16 166 6 28 152 120 241
    142 74 223 166 255 112 168 177 178 168 217 140 154 151 210 76 127 53
    86 120 95 60 206 134 78 104 121 93 112 104 255 87 118 38 146 195 174
    89 244 68 175 204 177 143 134 117 8 137 222 59 25 231 158 80 167 25
    201 234 177 123 13 87 22 59 152 105 175 110 160 45 100 158 136 254
    67 147 113 205 38 9 179 14 148 242 26 167 100 202 137 19 47 15 78 93
    95 23 111 44 186 95 60 213 111 74 61 151 108 30 70 68 236 198 189
    119 92 222 159 231 83 194 253 43 155 233 24 245 198 201 29 5 254 69
    152 29 180 21 124 89 194 76 60 79 194 98 142 148 110 234 84 104 123
    106 26 187 43 210 166 71 184 193 207 101 144 18 203 131 206 226 70
    34 254 225 249 160 88 54 231 186 35 22 206 242 56 170 119 62 73 18
    188 198 94 86 245 242 141 32 213 111 140 160 54 80 184 145 30 209 49
    161 156 103 140 183 198 54 23 218 49 62 180 123 16 222 162 34 23 26
    34 244 128 68 171 142 29 169 107 150 214 15 23 195 224 234 141 81 62
    114 174 155 111 29 86 7 43 158 7 244 57 12 41 22 188 82 255 227 220
    47 185 54 200 190 249 132 236 190 209 174 241 150 13 14 159 146 188
    20 56 220 210 230 167 18 74 21 13 188 9 185 11 103 242 241 149 134
    117 232 230 156 236 232 55 124 240 231 124 3 214 202 23 125 35 140
    106 84 29 8 70 94 197 166 222 44 67 226 22 25 84 141 100 150 207 98
    149 2 237 142 211 73 190 151 93 121 129 161 175 158 6 234 192 74 78
    229 100 135 39 132 77 149 223 130 6 160 146 105 134 146 255 131 47
    186 255 66 190 183 142 92 164 250 91 87 86 99 162 227 153 223 162
    199 60 148 57 228 69 53 238 138 195 13 51 93 152 28 7 52 228 110 30
    108 124 70 162 90 150 245 244 44 36 63 88 148 254 210 81 129 50 176
    38 62 133 129 91 173 115 92 169 28 141 167 198 109 214 60 12 12 8
    195 30 231 235 140 70 183 25 105 52 167 194 127 145 147 250 47 249
    10 110 11 233 88 88 26 60 3 66 214 104 112 36 235 84 156 65 128 29
    29 182 30 88 171 225 94 87 192 131 130 161 68 242 5 137 228 47 70
    194 19 187 62 233 145 192 220 140 145 30 245 156 9 0 173 114 2 206
    48 180 13 207 68 251 204 2 177 167 177 223 219 68 16 48 68 223 19 30
    246 173 117 220 108 160 147 91 254 158 42 155 23 32 118 20 113 219
    38 63 125 197 7 11 118 85 173 94 27 59 142 29 33 28 222 55 252 246
    85 20 94 26 16 40 246 177 173 107 157 154 254 162 239 174 202 96 213
    67 113 92 29 86 239 208 123 49 110 90 245 22 81 69 156 200 7 103 27
    226 125 202 43 83 233 199 9 247 55 238 174 169 202 55 12 30 92 198
    78 245 69 154 144 25 37 195 42 168 95 88 8 18 87 65 244 88 10 191
    180 92 54 250 168 142 134 181 140 40 103 238 2 6 49 127 250 248 233
    62 220 99 73 225 181 55 162 30 7 13 227 213 3 243 85 67 92 145 123
    99 55 49 250 210 220 135 207 195 118 255 95 67 13 36 118 173 173 29
    23 47 221 117 41 85 74 31 64 163 56 23 102 226 111 26 14 232 138 234
    161 105 63 166 3 7 99 222 94 7 136 62 223 162 242 195 132 220 250
    213 116 59 147 65 173 47 202 80 245 161 127 235 196 241 64 16 18 50
    162 3 48 219 227 175 179 38 0 113 115 5 150 17 189 207 216 224 98
    228 94 233 106 135 46 206 6 254 146 241 162 94 100 99 12 143 164 214
    76 18 21 58 21 171 190 91 52 153 25 252 46 133 2 44 11 54 99 252 24
    180 40 89 89 235 226 191 116 30 61 185 154 99 201 119 57 133 233 245
    158 0 212 94 214 60 222 213 209 253 211 240 135 252 66 33 128 17 8
    11 254 79 214 251 32 230 130 129 233 85 49 68 91 86 20 24 78 62 182
    120 6 67 194 45 36 96 10 173 216 50 209 122 18 106 202 29 245 44 116
    114 170 247 26 235 15 77 167 174 26 38 3 232 104 220 158 129 130 83
    5 94 215 134 48 182 251 217 31 180 219 179 251 215 63 44 243 223 50
    104 142 134 77 110 84 65 13 92 98 115 106 151 253 9 41 195 111 216
    142 158 157 117 216 247 76 243 84 7 16 245 114 147 16 223 78 13 93
    198 67 249 72 106 38 232 22 95 9 198 22 235 171 243 229 205 20 235
    67 123 21 170 37 22 245 20 242 24 45 137 84 45 73 116 157 232 20 228
    10 124 44 198 30 113 87 5 244 46 183 172 179 57 138 137 96 179 63 22
    224 23 219 42 206 198 125 92 172 73 12 231 11 36 253 225 53 198 149
    31 183 108 176 33 62 238 152 178 48 137 8 240 102 75 99 157 217 23
    231 210 216 2 70 74 1 188 129 185 194 241 10 239 102 20 141 180 92 8
    78 89 237 71 1 136 28 43 202 112 180 109 88 214 46 172 140 94 194 64
    65 215 147 61 5 224 207 195 237 38 178 62 48 9 56 66 175 7 90 65 37
    168 196 10 84 70 47 241 187 104 40 109 96 236 250 187 98 136 176 246
    74 218 10 30 229 61 69 182 181 237 32 22 150 125 129 33 206 74 255
    175 137 83 22 179 187 34 143 146 2 165 180 117 166 43 123 142 84 11
    175 50 0 135 14 96 169 101 236 200 30 47 73 94 144 51 77 103 194 241
    210 111 126 213 165 196 76 173 185 59 183 147 123 113 3 254 230 20
    136 229 9 254 81 130 227 16 61 231 143 36 39 52 111 36 24 148 144 46
    236 208 39 144 71 4 149 62 188 227 188 115 95 116 102 249 150 237
    157 120 75 75 207 130 159 205 162 234 197 185 218 64 187 64 101 145
    48 203 229 42 192 150 91 152 124 95 185 161 93 34 109 52 82 238 67
    106 162 185 213 180 7 5 13 189 169 185 136 31 209 7 14 59 223 99 149
    62 149 90 154 12 140 96 106 14 21 144 42 34 27 95 135 166 83 217 215
    139 29 246 98 116 227 142 201 1 172 13 219 134 111 192 231 249 168
    10 143 200 178 197 99 120 18 202 163 34 90 81 183 80 251 58 92 98
    244 241 115 124 107 131 134 253 64 166 23 100 255 83 208 237 143 150
    111 239 58 226 98 253 54 167 206 231 161 242 188 100 208 84 158 143
    165 188 219 151 34 31 105 184 231 213 197 7 102 47 31 238 229 223 47
    222 168 121 184 9 52 29 14 64 12 94 17 143 3 217 29 81 217 226 143
    144 111 199 104 164 110 230 183 25 228 192 203 3 88 58 154 98 233
    162 236 29 185 74 51 221 219 28 114 50 36 71 3 50 246 188 106 203
    174 18 72 58 209 201 29 20 140 245 40 169 23 146 132 147 75 42 95
    231 38 156 148 118 99 70 232 55 150 92 165 175 214 123 100 30 179 71
    206 127 114 228 78 238 30 125 106 245 22 236 4 134 56 168 227 122
    245 45 176 254 25 131 29 51 99 134 250 218 232 199 175 155 158 113
    157 213 82 96 241 215 168 227 0 187 209 41 210 61 70 159 39 40 226
    49 81 34 105 172 4 27 175 126 249 35 118 215 0 179 166 167 71 202
    171 225 16 92 251 113 42 21 50 171 200 203 1 98 223 53 27 18 124 89
    208 227 187 74 209 175 102 123 2 55 232 140 105 244 127 63 13 0 255
    92 86 181 193 23 36 102 9 33 240 114 195 6 107 150 46 194 61 69 225
    76 176 129 227 252 33 101 231 144 191 185 127 245 111 41 87 70 176
    16 207 28 174 145 16 19 17 181 189 172 62 107 26 54 88 183 69 112
    195 46 191 235 210 146 105 251 193 134 48 28 5 109 77 243 150 46 192
    57 167 19 95 70 75 211 105 90 151 201 138 96 156 44 55 173 227 108
    106 146 172 96 25 60 10 165 175 33 138 199 108 197 135 168 10 179
    185 13 66 30 97 188 8 0 12 90 103 210 31 161 216 248 70 128 110 249
    103 142 117 204 251 51 227 55 202 154 3 197 200 26 232 20 223 169
    176 169 221 230 190 220 81 164 172 255 49 86 72 126 127 222 37 142
    30 38 60 118 7 249 80 220 190 250 215 110 212 67 206 116 57 79 242
    208 226 224 101 6 11 168 46 184 213 24 184 69 217 36 209 17 208 246
    109 32 47 25 53 25 139 183 211 94 165 154 230 127 10 110 95 111 111
    59 197 129 130 69 1 236 101 48 195 62 230 157 13 149 47 190 14 255
    208 179 58 144 171 229 89 13 31 174 69 2 254 46 162 247 160 32 56 7
    125 148 81 244 24 77 95 193 97 209 92 142 189 228 251 174 35 49 220
    43 165 205 230 134 52 3 174 36 61 58 166 102 128 133 152 219 9 42
    160 205 43 64 172 221 94 53 134 127 252 48 249 234 232 244 90 53 191
    222 54 43 190 227 6 245 109 58 1 130 95 199 18 116 233 231 71 98 197
    24 100 224 19 37 70 201 46 83 89 94 216 211 39 6 129 179 32 98 114 1
    105 165 91 30 223 59 202 14 64 224 94 170 253 21 133 150 98 203 44
    127 29 10 123 217 98 126 45 36 11 225 169 222 14 19 116 145 129 220
    68 170 86 246 193 16 203 191 29 62 201 11 138 217 0 100 166 188 140
    128 31 38 71 16 85 165 206 12 15 73 182 129 143 3 124 30 103 37 50
    12 201 250 84 248 36 32 152 11 87 253 10 2 118 200 13 0 135 157 20
    252 225 185 255 93 253 168 176 59 65 115 170 175 208 142 27 86 175
    162 214 84 72 12 221 53 14 66 95 174 174 120 241 171 176 117 3 5 187
    40 178 165 27 128 151 145 117 16 200 149 72 180 39 42 240 200 59 175
    26 144 251 18 46 253 224 86 166 20 109 87 187 120 88 210 249 89 241
    160 213 152 121 199 36 0 87 97 143 29 191 28 203 214 122 52 184 39
    178 45 205 179 125 231 1 52 52 171 182 130 224 132 146 115 32 36 253
    94 190 87 206 238 118 167 220 35 199 50 254 40 46 148 80 81 103 251
    133 133 220 216 167 252 196 202 251 150 137 95 201 96 2 106 239 116
    161 245 177 139 36 190 244 34 51 86 106 53 242 214 239 245 202 56
    216 228 73 147 155 38 157 28 234 128 10 27 73 218 152 163 200 160
    146 10 47 53 196 13 197 234 12 19 212 214 31 105 67 155 247 187 60
    217 36 156 104 25 125 165 252 145 184 111 68 82 40 107 185 249 117
    82 77 228 158 236 220 102 104 199 103 156 115 127 130 116 183 182 90
    97 206 44 56 146 10 102 159 100 48 122 240 236 225 170 8 52 1 81 142
    77 216 212 150 42 240 234 144 234 41 167 224 174 155 218 248 115 239
    105 252 97 56 91 26 123 214 1 27 18 215 215 205 97 212 56 250 227
    222 212 195 102 128 4 173 14 43 213 166 250 75 51 196 122 118 176 4
    230 20 254 130 0 223 39 89 115 73 210 70 212 10 96 232 149 168 201
    134 216 200 19 246 134 27 78 115 223 253 75 58 53 95 214 155 67 68
    196 251 228 213 171 7 189 255 173 55 217 113 165 133 149 182 226 165
    135 30 187 239 30 26 51 166 138 64 243 166 145 139 150 202 163 131
    110 148 255 45 202 154 27 57 96 37 65 220 150 119 0 54 79 83 195 221
    241 160 167 111 251 157 36 26 43 70 145 163 217 80 190 151 123 79
    183 66 171 156 80 201 153 89 131 128 120 155 166 216 135 139 200 227
    179 179 26 100 163 235 120 186 192 228 8 82 172 127 226 164 63 110
    25 99 172 234 5 126 30 219 104 246 184 24 108 163 151 182 2 116 172
    181 89 106 39 247 149 158 189 249 41 50 18 100 131 88 96 244 231 133
    69 223 5 104 82 68 103 161 47 211 129 226 224 109 210 42 234 196 123
    242 239 163 24 165 93 197 80 197 97 108 118 59 51 217 191 129 34 167
    179 87 38 168 214 117 137 4 207 35 169 72 211 188 203 155 170 209 93
    6 250 224 168 103 110 238 75 239 231 30 195 87 68 89 120 45 145 137
    15 126 89 75 149 109 86 160 29 65 125 72 151 47 177 254 216 138 199
    188 173 170 159 236 103 158 224 76 52 73 214 134 129 154 6 209 218
    229 129 56 175 111 78 252 85 222 29 107 109 3 187 191 111 190 83 167
    218 1 40 11 88 239 47 47 101 230 231 146 220 45 197 35 177 229 8 158
    180 75 107 190 223 80 3 137 31 125 239 73 97 3 60 216 138 244 55 188
    22 153 102 173 88 76 36 38 19 87 191 56 100 91 207 48 77 167 20 173
    116 70 201 178 165 121 126 48 102 208 245 66 183 29 82 245 110 164
    170 47 51 65 55 207 184 97 37 24 29 207 120 123 87 127 93 178 137 57
    10 54 186 247 83 158 109 228 65 3 41 159 68 4 94 182 122 154 101 2
    151 114 147 71 123 228 142 78 202 13 158 251 201 136 101 84 115 125
    83 229 164 161 234 215 51 102 106 177 219 121 155 115 98 116 34 117
    221 175 147 234 44 183 192 23 47 83 170 11 231 255 107 106 9 56 87
    185 1 165 125 225 125 55 177 172 227 14 206 225 11 206 33 187 235
    212 172 153 128 71 99 154 64 198 12 154 237 229 160 84 14 39 233 73
    160 195 184 139 14 175 234 84 149 214 204 62 3 97 255 35 179 239 32
    47 191 229 240 27 2 106 246 255 188 51 53 108 180 208 143 160 27 24
    142 8 191 117 55 251 23 60 0 77 205 43 132 30 18 72 56 248 119 95 23
    192 88 187 209 65 253 141 146 194 115 220 184 143 98 60 116 127 124
    237 96 69 65 100 188 62 76 33 103 53 185 186 113 6 134 247 246 154
    154 66 152 79 136 198 223 39 25 143 43 1 205 233 219 121 206 229 150
    240 205 218 160 84 216 147 166 220 186 22 231 253 216 210 142 230
    141 128 124 86 28 255 217 160 186 209 237 209 71 34 38 148 176 41
    202 139 200 80 254 245 7 245 242 29 73 142 131 35 154 145 43 28 248
    122 88 26 92 228 91 221 175 188 22 155 79 224 147 167 120 189 90 13
    54 142 217 31 40 166 187 188 48 154 80 179 8 26 155 85 228 151 250
    40 106 142 166 22 207 118 103 47 205 166 228 183 231 194 218 109 6
    252 22 85 98 74 93 118 141 35 10 68 81 153 159 94 108 251 111 223
    160 160 240 227 208 244 143 85 34 140 133 159 5 68 191 159 135 118
    178 100 10 174 240 128 23 124 208 2 157 211 211 10 190 165 121 133
    189 214 26 38 133 95 9 80 146 153 252 62 130 91 204 173 97 38 113
    131 247 3 171 246 134 213 117 134 151 232 89 29 197 236 1 242 127
    204 148 107 4 17 200 93 64 82 199 154 22 0 73 185 120 237 99 99 107
    71 241 234 69 149 193 23 39 109 24 66 246 194 204 194 238 198 6 86
    235 103 170 60 216 205 24 211 131 172 142 249 76 178 58 21 192 92
    242 249 226 253 43 101 5 254 228 83 29 134 132 146 6 16 136 99 116
    155 17 209 11 99 222 251 61 242 110 169 128 218 67 47 134 119 243
    127 228 236 138 142 28 247 56 243 234 91 231 1 165 125 6 198 41 81
    75 4 135 88 114 188 24 177 22 42 190 161 4 247 217 50 77 119 222 141
    158 46 22 184 96 144 89 215 150 213 119 70 20 112 5 201 114 166 207
    45 35 161 119 64 112 85 6 132 219 128 93 96 245 140 103 74 177 177
    75 89 188 32 98 61 168 107 89 221 43 111 254 179 156 103 40 71 10
    109 148 181 60 227 109 72 192 211 3 15 179 232 133 115 224 188 212 6
    211 84 128 116 54 177 93 124 239 248 115 116 46 181 54 169 139 12
    115 91 224 35 164 114 152 31 23 33 112 105 178 177 121 6 101 130 133
    225 138 165 198 101 208 2 110 19 193 47 68 225 218 226 119 246 180
    255 128 219 166 195 57 178 221 39 160 23 86 28 227 111 136 93 231
    146 240 246 44 103 193 247 196 62 190 107 13 244 48 10 209 137 248
    99 148 39 82 113 33 78 225 176 176 117 6 170 112 184 153 69 193 223
    196 178 248 134 53 106 15 42 172 253 153 152 172 197 58 185 101 51
    12 208 144 221 211 9 232 172 36 33 165 38 236 208 203 13 234 246 78
    139 7 0 137 123 204 178 44 31 129 46 227 152 79 185 213 91 49 186
    181 243 142 1 55 111 237 93 6 124 84 37 190 111 210 209 205 237 99
    71 56 97 200 87 197 239 110 93 38 103 169 187 53 84 118 100 73 92 53
    118 106 87 40 16 104 94 24 225 236 252 184 66 193 124 100 221 229 60
    94 110 46 26 70 108 174 110 53 195 76 85 180 127 220 209 7 21 3 152
    112 25 123 225 80 238 157 191 75 84 171 143 203 188 143 254 85 109
    230 48 18 107 13 60 63 122 199 129 184 1 206 141 233 153 215 94 83
    204 202 54 24 109 85 157 251 145 144 124 97 123 112 115 250 57 197
    207 161 126 151 71 95 183 252 76 93 99 150 42 64 186 215 168 62 66
    128 4 67 91 157 199 24 215 74 8 76 140 148 52 248 108 205 174 127 22
    47 137 180 71 77 204 124 254 18 104 93 88 201 239 26 150 216 118 239
    87 110 111 7 27 97 165 185 63 6 222 73 13 201 157 4 199 65 190 140
    40 134 81 15 142 222 99 108 128 96 196 62 28 219 152 141 48 43 118
    237 136 99 112 163 25 193 158 253 73 142 132 168 26 97 27 138 172
    252 110 180 244 26 77 76 109 155 115 125 221 207 111 189 47 164 202
    92 2 208 172 164 230 46 170 189 186 246 18 51 245 100 217 243 3 181
    90 250 193 53 191 59 19 153 134 108 253 90 17 152 72 168 93 140 15
    226 234 112 246 29 103 240 23 206 166 97 78 93 255 58 135 148 242
    243 84 0 89 229 61 230 213 193 85 151 206 233 254 253 121 88 210 44
    57 22 131 12 11 200 52 10 15 40 67 190 80 6 180 212 16 90 169 179 85
    197 164 250 192 31 227 24 47 44 116 145 30 23 83 27 214 15 158 128
    198 162 117 118 187 229 253 121 197 148 166 23 237 41 209 66 134 133
    164 127 44 53 213 136 240 19 127 253 74 4 109 248 140 168 242 144
    144 216 3 140 179 28 229 76 231 188 223 154 245 179 52 34 140 222 32
    239 1 92 248 146 59 8 106 77 106 32 93 196 40 37 84 164 217 193 234
    152 193 177 227 77 67 221 106 99 252 106 194 220 243 197 99 163 98
    181 82 236 91 24 239 104 13 200 81 155 138 114 131 234 103 134 1 117
    15 125 203 231 110 34 119 127 51 104 208 246 250 195 151 196 123 87
    148 184 16 175 136 1 74 111 247 50 183 193 102 194 145 168 98 122
    210 86 61 159 33 123 84 53 25 108 116 160 174 239 55 80 62 42 74 235
    105 173 71 162 77 124 221 87 108 64 9 226 34 154 14 56 118 25 188
    143 53 167 151 37 162 214 2 39 45 65 111 133 121 91 116 4 222 46 23
    104 165 129 251 164 210 26 129 217 132 193 20 22 15 136 12 54 181
    176 53 14 223 107 99 90 155 251 65 156 253 118 172 9 81 25 138 10
    159 200 127 141 204 183 236 98 130 229 189 204 168 13 24 58 215 40
    27 117 6 109 25 161 201 226 48 54 13 52 233 14 145 22 33 118 138 23
    42 125 24 151 66 24 134 243 79 155 97 217 204 209 118 233 139 119
    198 37 60 86 149 47 156 48 148 25 203 173 30 147 98 47 43 34 168 229
    202 48 80 60 55 196 105 238 123 141 8 3 39 150 130 77 221 251 180 69
    55 0 5 21 166 221 104 90 14 231 11 134 13 106 239 154 33 228 140 214
    226 247 22 144 129 177 109 67 147 191 102 64 200 74 169 14 154 191
    51 112 203 171 59 202 175 32 135 85 47 213 23 240 215 149 224 233
    171 136 115 13 151 241 61 97 239 21 13 138 61 94 27 192 66 33 101
    229 237 230 87 235 28 113 130 122 124 172 241 20 235 99 117 80 218
    22 94 221 83 215 46 38 45 120 48 215 167 237 119 118 31 26 92 22 201
    133 53 102 121 183 249 106 11 30 153 129 2 212 10 187 0 122 147 24
    105 145 81 185 23 61 23 97 136 47 230 203 198 0 254 203 79 20 172
    248 67 235 212 143 216 95 237 179 100 39 248 52 200 183 3 73 137 9
    205 119 141 8 55 80 141 39 84 145 94 63 17 218 235 85 61 101 45 240
    234 76 65 69 78 241 200 123 108 255 132 192 82 14 150 231 218 199 68
    196 233 209 49 131 145 136 201 130 8 40 151 158 206 70 46 191 97 33
    172 243 187 251 228 253 69 60 155 127 35 187 142 167 83 211 76 47
    123 28 162 154 187 208 123 19 157 205 134 192 89 132 79 107 82 217
    226 117 128 205 36 168 246 121 185 209 203 46 0 226 220 240 110 221
    103 159 198 206 83 92 122 188 138 81 108 151 220 193 126 69 211 19
    230 35 32 96 248 236 246 231 143 25 136 123 168 241 84 40 156 215
    231 28 181 6 240 31 46 3 139 44 184 88 243 246 181 81 74 1 113 19
    132 45 92 198 188 28 138 139 220 60 32 207 103 205 63 48 12 95 32
    172 210 27 195 112 214 70 249 202 243 116 36 128 252 72 71 15 176 89
    73 188 8 104 173 89 23 214 142 160 12 115 254 208 34 67 20 28 65 4
    201 46 109 226 184 175 242 80 250 218 72 93 9 97 140 51 129 242 174
    64 136 29 89 6 81 62 24 249 40 169 34 239 67 61 42 17 137 23 185 228
    188 17 177 22 46 86 214 183 85 79 6 237 172 32 29 67 211 151 242 114
    7 93 50 84 134 208 33 224 82 154 149 71 62 254 11 234 110 143 118
    174 23 182 32 105 133 15 137 130 81 194 7 42 110 3 247 108 182 152
    205 88 96 159 138 72 164 130 201 255 250 198 24 56 223 255 122 229
    69 32 8 190 158 235 78 56 244 58 92 124 254 14 13 159 215 243 104
    124 171 179 138 86 220 159 159 92 67 30 30 36 153 169 47 195 173 233
    31 38 76 136 118 171 242 17 3 217 254 145 226 42 5 163 65 27 250 104
    108 146 99 29 201 196 227 181 146 39 246 113 194 177 58 130 148 165
    73 230 207 206 157 23 181 126 101 63 100 171 104 87 40 99 116 47 44
    98 127 88 199 89 201 174 118 199 95 231 192 194 104 35 208 238 5 179
    69 5 28 177 195 246 182 146 35 12 79 202 52 149 170 235 130 155 87 8
    198 243 20 78 44 7 232 252 60 237 97 75 60 222 148 71 110 106 159
    119 234 162 222 88 193 232 72 205 136 105 136 204 39 45 173 61 117
    163 41 12 203 170 112 97 59 134 51 28 47 85 238 149 118 102 42 160
    201 164 181 191 130 230 153 156 149 182 12 6 150 158 161 5 53 4 108
    21 167 159 89 2 120 195 28 231 80 114 134 131 249 125 66 163 112 6
    34 207 239 102 178 243 20 178 115 40 175 219 159 113 121 90 126 1
    216 82 226 213 193 138 123 133 60 68 99 234 206 153 120 247 65 223
    44 155 245 246 15 67 237 72 229 127 95 146 131 117 67 62 37 2 66 230
    249 40 228 32 33 218 81 177 219 116 145 90 156 116 183 95 34 56 122
    217 120 195 170 223 71 74 175 243 176 42 240 54 63 225 129 243 44
    109 245 104 24 101 196 108 180 249 115 185 96 141 221 84 240 234 201
    124 176 161 25 153 112 226 217 167 140 229 26 159 99 190 10 94 106
    44 178 48 155 107 106 199 196 206 34 196 60 88 238 162 24 239 100 30
    27 220 78 237 70 88 81 52 45 172 169 239 136 226 4 36 149 39 171 179
    105 209 150 109 19 20 241 137 31 95 32 97 90 103 113 70 53 64 187
    152 90 78 127 202 226 20 135 48 103 174 85 250 69 133 50 204 148 224
    62 26 82 130 189 193 100 54 110 118 190 90 210 233 188 37 208 23 74
    16 48 116 226 202 122 233 98 167 138 233 234 51 172 193 196 170 219
    129 65 62 169 167 68 134 155 199 122 2 81 126 85 93 181 208 134 69
    150 20 7 233 30 161 146 123 2 116 99 32 14 243 17 174 239 69 140 61
    142 165 35 13 161 130 11 214 134 38 84 250 107 121 185 108 14 160 71
    117 225 67 146 164 215 22 16 28 210 122 245 215 37 139 250 34 99 6
    31 41 219 232 246 54 73 6 119 63 117 71 88 251 128 14 107 32 48 210
    5 48 208 130 194 121 193 19 241 217 60 253 159 8 32 154 73 122 72
    133 183 51 139 161 3 1 184 167 248 12 248 121 214 49 96 196 39 52
    248 232 114 238 227 113 48 136 21 152 6 228 194 182 77 190 191 2 147
    67 66 96 89 235 143 110 124 163 225 121 7 35 196 203 84 215 30 172
    80 91 190 201 231 255 87 30 97 176 225 188 23 42 82 37 97 241 78 150
    57 199 125 233 163 132 189 147 166 224 58 126 198 37 75 91 176 86
    173 54 72 218 34 89 154 212 131 162 137 177 179 44 160 221 251 66
    193 173 68 186 34 1 84 209 157 216 182 149 227 98 137 192 161 217
    166 117 98 135 1 96 60 244 158 10 4 255 133 122 252 31 35 71 68 217
    145 210 206 108 111 61 225 87 81 160 98 153 27 140 0 99 249 111 150
    75 228 181 117 71 165 186 88 60 68 211 139 183 166 114 106 86 145
    147 85 67 92 91 228 213 168 184 47 135 3 93 8 189 12 127 32 237 195
    130 169 111 110 182 31 230 227 134 35 34 110 193 145 11 236 246 171
    28 243 249 128 14 28 109 77 120 149 160 44 172 29 176 43 77 74 245
    232 254 27 161 0 100 160 135 41 235 42 139 107 0 58 35 101 110 182
    23 65 72 213 158 141 143 67 134 112 20 224 228 2 206 106 162 145 145
    70 38 91 113 59 177 191 117 171 27 120 238 25 17 168 172 152 188 147
    17 169 182 137 34 118 246 166 87 208 56 93 22 226 26 204 188 117 75
    172 241 225 170 200 178 201 111 165 133 241 194 134 26 32 44 143 25
    135 55 65 83 36 103 7 4 117 190 196 151 222 218 9 62 79 147 212 187
    138 54 223 143 19 240 233 194 43 150 43 29 59 98 94 88 203 25 123
    100 129 211 110 222 49 72 78 242 34 53 187 208 69 14 50 123 254 71
    221 80 186 8 117 250 191 168 34 175 156 216 124 192 218 186 221 228
    140 53 58 150 151 179 94 12 56 255 252 38 66 110 91 119 42 147 66 61
    33 30 151 126 240 153 20 0 186 144 39 213 126 143 93 110 83 112 218
    172 249 114 107 177 43 50 142 166 36 156 149 43 112 3 153 125 81 44
    34 151 189 98 51 248 49 121 66 136 60 235 52 67 211 134 239 158 38
    197 151 173 135 202 164 103 197 32 81 14 140 196 211 59 184 244 157
    71 218 173 26 149 42 217 94 98 79 125 156 55 221 175 103 110 13 180
    95 254 26 216 160 68 103 49 236 54 130 146 58 175 79 104 50 178 56
    193 171 81 149 40 3 22 222 208 174 184 71 133 148 93 149 190 231 94
    176 29 43 237 63 57 130 26 150 23 183 105 159 165 228 38 4 129 159
    33 235 183 210 196 108 232 202 56 100 182 63 65 249 108 180 41 87
    109 189 175 128 7 137 119 135 208 43 44 130 178 125 56 246 160 196
    217 83 45 63 175 207 69 152 169 87 95 211 226 28 224 254 252 57 131
    120 149 239 184 208 233 241 103 110 117 100 90 141 55 52 60 246 101
    224 38 145 155 29 238 179 41 179 166 26 126 20 94 255 209 157 115
    144 246 91 157 160 213 126 83 158 69 137 122 163 93 34 98 255 3 126
    137 24 92 98 125 3 0 177 94 12 126 62 136 172 122 246 125 234 148
    131 145 94 70 118 97 156 153 18 122 19 10 8 66 91 252 66 9 215 47
    162 198 239 50 186 145 112 183 103 132 235 240 221 121 162 140 16 9
    124 82 19 195 169 115 245 140 187 228 18 89 74 239 230 195 149 82 37
    223 64 18 8 143 4 223 130 11 41 126 10 92 79 106 115 118 126 168 80
    77 35 114 46 48 91 70 138 33 50 221 185 111 29 60 161 61 97 72 6 18
    140 203 222 37 27 164 89 108 184 15 85 149 36 112 192 65 87 174 141
    6 213 40 32 123 157 215 209 169 60 199 156 103 143 81 157 121 67 5
    90 149 100 161 248 78 240 41 144 100 118 221 125 204 158 215 29 219
    204 22 187 255 246 241 206 103 172 37 46 233 53 43 93 62 34 62 1 57
    26 180 232 125 103 133 106 162 121 166 49 160 2 180 151 66 139 145
    95 28 233 227 204 202 151 157 254 17 145 64 181 255 243 181 46 130
    146 251 243 76 212 197 252 50 206 31 44 24 160 103 41 151 69 167 129
    130 192 193 80 209 240 187 226 148 236 54 147 10 175 236 113 12 93
    39 77 92 197 242 48 69 134 67 200 145 59 2 2 213 102 1 212 90 12 48
    123 127 35 99 108 105 140 79 206 209 247 89 129 148 166 216 20 10
    237 188 116 37 43 185 184 187 235 57 186 34 165 146 138 254 209 138
    103 152 205 131 254 150 238 119 38 238 7 172 223 211 14 169 236 202
    54 41 134 106 161 0 63 68 113 161 159 142 238 239 167 194 39 94 56
    178 151 165 248 114 238 152 187 90 98 91 135 185 63 171 186 92 19 30
    238 175 115 81 135 29 74 228 175 153 133 239 255 0 24 61 99 98 88
    218 96 130 27 15 73 231 217 35 197 167 145 92 63 181 208 53 165 119
    131 204 53 254 49 82 115 108 159 56 220 125 44 69 203 116 117 56 145
    75 202 73 142 202 142 100 21 18 105 214 22 14 199 46 47 239 141 101
    145 239 247 108 151 19 126 242 38 84 84 190 77 41 86 124 234 53 218
    167 117 218 135 94 112 187 89 248 2 166 56 99 210 173 187 131 90 114
    114 80 14 180 149 58 157 60 239 91 17 157 59 87 211 59 103 238 209
    72 175 177 193 180 159 4 246 127 240 16 207 253 230 124 201 36 139
    67 229 221 62 177 244 190 30 241 136 155 248 88 38 40 37 142 194 33
    155 243 155 136 178 74 46 225 44 168 248 8 151 47 240 95 123 92 165
    168 33 157 134 208 209 217 174 122 47 95 181 69 87 168 109 72 54 47
    100 53 50 228 177 8 0 134 70 238 52 184 1 151 97 159 40 44 21 203
    134 50 77 87 202 150 118 71 156 104 80 199 0 254 72 5 61 43 91 178
    116 76 107 250 218 83 66 36 222 135 128 214 65 100 91 184 198 173 87
    255 171 138 32 40 99 181 150 230 188 212 78 252 91 27 56 177 167 25
    213 118 101 209 49 209 54 26 3 67 39 247 103 95 155 85 56 202 250
    159 247 68 203 146 40 199 135 51 48 131 131 214 40 251 166 55 1 204
    130 30 249 229 54 40 89 138 241 186 84 246 213 32 18 99 146 186 177
    60 77 215 23 212 247 99 255 79 36 9 23 147 12 127 222 20 230 86 105
    78 228 12 143 19 89 35 184 109 188 56 187 124 89 120 234 198 196 95
    142 192 230 238 184 198 74 225 239 156 183 198 104 199 37 198 40 22
    226 236 177 254 99 163 169 18 171 24 40 105 238 12 73 105 190 108
    101 129 168 143 222 127 237 223 17 168 170 170 157 169 253 86 249
    235 162 249 30 201 64 96 113 25 196 80 110 73 165 21 115 96 62 180
    173 184 6 99 70 44 10 49 155 212 197 238 107 62 165 126 51 150 119
    197 31 7 30 207 138 2 11 60 207 214 55 179 124 249 106 55 4 43 247
    187 156 148 3 153 79 30 70 197 33 23 72 100 58 112 46 52 54 123 187
    46 114 154 220 40 8 80 183 135 7 12 180 202 107 93 3 205 143 163 39
    185 58 182 203 30 26 203 63 183 152 245 75 29 73 140 12 231 204 140
    29 59 88 193 219 226 250 216 85 230 233 54 198 163 137 114 173 39
    176 6 153 38 222 44 90 251 189 103 239 240 71 188 184 145 102 100 35
    41 56 105 158 93 19 61 141 55 224 95 152 148 42 243 5 137 129 37 179
    190 20 11 31 114 250 238 87 73 74 88 10 77 106 105 225 179 5 53 93
    30 97 233 206 205 214 112 166 146 252 145 96 244 217 180 115 127 53
    11 214 95 13 149 84 26 30 239 19 96 145 102 42 120 98 46 44 42 29
    138 78 138 65 218 130 4 44 254 160 251 25 211 200 71 44 46 164 150
    106 36 181 162 141 195 82 160 79 239 85 154 235 197 207 74 222 18 38
    56 123 100 246 231 44 71 51 113 111 236 74 69 179 221 114 211 72 159
    119 232 167 178 8 23 52 1 244 227 39 73 33 6 237 194 60 194 176 7 6
    172 206 81 224 45 136 75 232 226 131 54 61 53 61 2 191 238 218 40
    247 9 14 14 158 29 206 221 183 86 4 199 95 192 211 233 199 187 8 38
    181 82 173 189 216 26 46 71 152 115 69 47 212 149 216 171 164 210
    105 229 85 4 152 63 45 92 255 140 248 3 93 199 95 90 237 132 147 189
    236 1 33 26 163 48 242 153 118 97 184 165 226 45 55 55 191 36 191
    199 175 151 130 158 192 58 134 79 232 77 236 18 199 124 145 88 184
    111 66 72 34 100 247 151 220 79 211 117 69 124 164 172 165 107 184
    57 26 27 218 143 3 16 95 10 179 177 35 143 233 210 56 146 104 93 237
    217 239 30 200 152 140 138 236 83 203 63 109 13 212 236 70 114 41
    101 140 153 177 207 130 86 222 150 226 32 137 227 183 109 253 132
    199 60 2 88 225 196 134 139 68 169 29 82 135 3 167 188 81 105 189
    234 170 241 255 132 24 204 235 56 126 33 4 100 176 142 81 6 8 103
    170 199 14 177 152 211 137 216 127 52 80 192 162 76 171 76 83 245
    174 195 76 156 122 95 99 112 177 249 100 24 88 76 12 88 157 223 80
    83 46 42 167 252 142 105 244 197 74 137 80 191 225 196 104 215 159
    23 31 19 15 62 93 110 133 20 224 62 245 227 112 108 235 75 212 146
    191 14 164 149 14 117 127 129 25 248 204 72 215 229 173 223 89 182
    46 27 119 99 38 17 80 227 155 96 144 64 80 144 146 37 57 109 212 103
    162 152 255 113 149 27 144 48 176 136 130 48 217 7 93 178 200 176 28
    71 80 137 170 205 244 179 104 139 22 133 42 96 228 167 186 202 128
    187 148 168 2 216 104 3 139 9 153 105 207 137 46 83 216 213 115 23
    147 144 10 231 123 132 61 47 216 46 243 68 50 167 148 177 218 133
    161 68 197 130 236 241 170 194 215 50 31 94 36 239 143 69 192 202 59
    118 128 212 114 230 222 255 208 38 242 37 55 62 199 37 6 174 44 67
    39 125 39 175 23 227 173 242 158 99 31 142 216 136 246 47 167 121
    134 173 81 10 232 174 61 247 65 59 38 88 207 108 40 183 0 42 20 110
    55 39 164 32 99 151 219 26 226 77 35 65 234 209 40 103 122 5 134 104
    19 123 105 214 119 222 191 65 201 251 186 155 5 184 229 82 96 210 97
    203 159 104 48 220 196 178 179 222 27 50 232 228 157 159 12 17 96
    145 212 201 20 65 174 237 1 45 157 211 235 205 69 254 83 149 101 15
    71 131 182 0 100 206 76 193 69 184 29 236 81 38 217 163 86 19 51 43
    79 242 133 33 26 49 69 111 175 8 153 128 122 152 77 75 151 58 185 37
    215 127 19 23 86 235 176 83 238 13 118 0 50 178 185 250 173 198 234
    229 20 163 181 53 250 120 9 184 58 170 194 3 254 210 43 52 49 251
    117 252 71 34 102 248 209 153 136 95 155 71 33 210 164 185 198 55 66
    241 173 98 231 69 108 164 185 0 205 166 51 44 66 208 172 88 250 163
    100 166 89 116 219 75 120 168 210 79 193 93 120 148 119 35 220 176
    136 197 146 156 68 92 24 232 181 218 50 169 61 155 44 82 59 208 220
    101 118 130 91 21 21 221 215 6 253 177 206 147 211 154 205 160 183
    122 41 220 241 142 11 187 173 122 136 65 113 52 186 212 50 48 233
    240 224 70 86 177 7 242 132 165 198 166 122 228 243 219 132 214 161
    244 155 40 14 164 86 225 159 245 166 101 163 207 38 222 186 14 128
    19 233 27 229 239 109 20 254 161 124 76 71 29 213 48 247 70 74 153
    89 214 123 164 206 179 71 221 206 97 136 206 124 188 108 71 15 147
    238 33 147 145 36 148 11 14 206 73 196 232 215 61 134 199 64 89 201
    22 163 175 156 121 50 152 64 143 181 46 157 237 211 221 168 114 25
    94 185 173 201 82 248 71 214 141 164 151 131 174 187 12 175 111 27
    129 2 2 173 183 248 101 57 0 69 248 209 62 177 10 105 152 102 212
    182 233 39 61 45 126 178 116 166 35 37 118 202 101 64 1 70 83 40 35
    173 4 56 71 244 218 169 82 102 208 106 113 224 153 6 38 205 49 223
    85 105 8 77 169 126 106 95 132 134 110 23 251 23 89 255 97 224 62
    147 187 207 182 56 29 205 71 191 77 94 66 6 98 97 127 111 240 139
    210 138 50 73 134 52 10 137 121 245 170 80 35 51 70 105 115 31 91 14
    9 198 27 88 204 11 206 176 188 18 65 115 225 209 128 18 139 201 84
    152 156 0 103 16 35 53 94 83 167 116 191 187 111 11 136 45 24 85 29
    114 28 172 28 42 229 56 58 165 6 252 119 249 153 122 217 154 42 246
    120 124 214 225 106 126 193 148 224 161 135 74 98 58 70 195 219 6
    182 95 241 87 4 183 225 171 76 77 219 63 79 161 214 153 164 28 33
    123 2 142 232 30 156 226 228 125 218 30 240 112 19 106 10 135 106 18
    159 61 181 60 95 167 229 185 133 71 185 103 50 86 97 212 194 223 5
    251 50 165 115 226 71 162 32 156 224 229 24 75 100 224 100 185 199
    38 38 162 179 25 61 29 174 85 157 29 11 17 116 194 155 171 140 113
    91 59 145 245 88 230 33 243 174 134 48 121 89 151 145 32 199 88 163
    127 210 135 68 232 200 92 167 235 28 222 222 99 85 252 1 196 249 91
    108 62 126 87 38 240 214 146 223 9 118 25 15 52 179 168 12 125 131
    84 68 230 9 48 218 152 31 145 155 194 147 223 12 22 231 120 218 0 80
    252 132 35 88 166 72 105 85 39 68 135 19 219 226 15 243 107 109 46
    178 227 57 41 107 58 36 165 244 242 80 166 237 213 77 151 226 155 95
    225 194 90 91 166 79 254 244 243 217 44 173 4 131 105 20 85 254 179
    95 27 19 25 91 194 64 209 121 128 102 76 230 91 97 64 58 192 7 226
    40 50 88 144 34 231 222 177 119 91 110 131 58 146 115 70 225 151 201
    29 37 89 76 188 182 117 114 198 26 145 96 2 254 189 184 21 45 201
    128 30 174 155 247 45 46 175 70 138 84 226 102 149 224 9 78 56 32
    172 222 95 206 163 188 109 174 131 96 121 92 89 237 114 222 158 43
    218 28 114 56 252 34 144 201 182 87 233 143 115 89 72 133 144 166 69
    38 166 72 209 108 202 251 59 5 223 163 242 118 107 11 206 219 168 85
    36 47 94 88 9 142 213 172 98 38 45 88 216 18 83 241 216 214 49 198
    127 39 52 13 9 3 194 47 143 100 197 104 191 0 26 227 252 14 232 137
    211 117 25 205 56 39 55 200 241 162 253 211 112 145 97 177 168 49 48
    193 23 89 112 211 154 229 214 164 197 182 30 9 200 81 53 174 245 140
    197 85 80 10 116 112 122 244 97 161 209 252 112 246 138 141 28 158
    116 95 202 171 216 101 176 111 44 24 5 139 0 128 174 101 116 91 32
    123 208 167 199 150 81 211 71 93 51 84 172 118 120 176 76 194 147
    160 217 95 189 133 48 144 148 223 18 196 16 173 113 230 183 199 112
    203 238 192 35 221 59 52 219 70 143 63 185 98 139 174 183 239 200
    121 157 97 216 101 236 86 239 59 111 127 205 76 161 154 190 150 6
    101 87 233 65 61 35 40 48 248 85 31 107 85 18 51 228 193 119 225 236
    38 75 231 191 160 180 39 37 55 131 222 251 70 15 0 154 12 151 96 144
    220 186 121 95 140 178 41 118 98 174 182 170 197 92 70 157 161 12
    166 172 82 220 128 161 24 237 213 115 145 93 144 118 207 166 213 100
    32 199 196 151 111 24 89 105 97 22 107 176 36 200 221 45 177 41 255
    90 32 73 32 34 163 243 167 40 91 71 252 135 163 191 68 190 47 150
    198 153 3 193 232 3 249 39 151 38 128 77 110 8 218 131 51 52 0 102
    211 160 154 208 82 85 18 81 194 125 45 123 28 197 196 152 197 24 64
    41 44 153 180 234 114 78 30 124 21 56 44 51 75 103 241 182 240 139
    116 197 159 111 34 106 217 164 29 182 37 255 58 196 228 21 174 205
    131 196 169 92 189 232 80 81 98 150 136 47 170 73 118 238 83 181 9
    14 248 208 42 60 43 243 32 163 238 128 64 215 21 99 35 67 223 198
    153 217 97 233 229 49 121 122 29 22 179 168 173 207 114 216 132 70
    246 49 86 158 68 61 156 100 134 101 18 231 245 13 133 81 216 83 246
    74 62 227 64 97 68 11 93 41 100 173 8 157 184 210 28 49 12 173 44
    196 178 123 62 86 123 133 80 39 97 170 170 1 32 232 140 28 243 47
    195 188 21 107 167 43 85 33 42 220 37 43 201 154 71 82 37 35 246 224
    216 107 25 199 22 228 0 64 158 87 185 10 29 60 18 246 197 196 126
    151 157 118 37 36 144 170 224 193 188 151 57 17 223 71 51 37 139 26
    97 17 17 174 86 143 255 190 188 125 95 137 252 122 213 21 76 199 32
    82 24 100 58 163 216 71 137 38 236 81 150 36 131 255 255 125 160 82
    135 216 133 76 204 153 79 33 70 130 254 216 51 133 217 229 198 53
    251 26 58 78 57 30 159 134 237 225 201 190 198 244 31 58 24 242 164
    102 106 22 86 216 248 18 167 85 72 156 173 177 113 2 255 156 70 249
    2 126 152 184 251 210 231 18 210 189 107 42 245 226 160 139 98 125
    123 7 78 58 212 94 204 236 73 183 93 55 159 1 34 32 65 12 198 11 233
    131 161 39 68 8 20 60 134 230 36 39 106 27 211 145 175 128 228 234
    194 81 42 75 89 189 202 63 45 108 211 91 13 251 97 255 59 57 64 151
    108 52 207 243 251 122 157 192 231 247 231 196 111 68 143 234 193 18
    82 175 214 60 105 15 142 13 80 63 88 53 66 99 195 87 68 25 253 141
    217 75 127 217 43 58 101 37 161 18 241 102 5 80 129 241 100 22 13 94
    174 157 248 8 25 106 182 55 98 225 1 21 14 54 96 41 122 140 122 196
    208 29 66 251 97 248 211 246 37 122 218 168 184 138 58 236 155 8 244
    228 60 123 20 124 80 29 62 22 142 165 197 18 214 15 66 142 164 126
    146 98 10 151 1 21 67 23 133 170 116 143 13 215 201 157 232 247 91
    71 28 1 145 181 126 162 46 214 236 128 188 35 249 130 254 116 214
    222 133 148 34 253 132 42 155 127 122 226 116 73 130 240 233 121 169
    22 95 162 84 14 74 223 115 93 143 224 251 38 145 118 126 19 70 93 71
    118 66 13 253 14 66 118 243 23 127 255 4 47 180 224 122 196 246 222
    150 11 139 135 47 185 9 19 184 171 255 30 88 255 34 170 179 92 212
    98 202 223 45 217 48 14 226 91 251 84 187 210 186 32 13 24 56 221 74
    14 110 248 147 74 142 78 200 227 122 203 119 137 72 147 70 210 152
    175 188 5 86 19 151 115 31 57 27 8 215 49 223 94 146 120 195 152 157
    225 48 7 36 183 238 96 200 53 251 18 122 179 211 61 8 64 27 182 50
    253 191 100 36 183 79 158 234 2 127 86 108 7 49 128 195 131 61 191
    119 203 167 19 107 233 248 187 47 234 97 198 239 255 59 125 12 102
    130 92 159 194 243 64 243 81 159 20 38 102 179 60 15 34 220 198 44
    244 82 10 210 11 85 243 39 151 149 199 10 160 219 139 217 115 120 57
    172 213 135 21 211 199 254 203 254 82 8 41 31 204 190 20 137 47 207
    3 19 207 78 196 64 23 135 134 113 156 97 246 58 253 146 217 40 227
    220 199 57 156 77 180 247 157 72 122 216 132 141 178 165 88 163 27
    11 148 105 149 50 31 226 219 39 212 22 183 117 222 193 205 139 98
    240 202 63 92 59 147 152 22 74 53 223 159 207 25 115 115 125 224 114
    130 224 50 4 76 246 50 118 155 86 3 148 236 245 98 253 51 193 147
    223 156 224 191 200 29 153 141 74 156 200 140 52 29 204 195 69 115
    149 173 247 102 67 135 64 77 144 160 42 142 109 153 27 88 75 164 24
    1 113 249 100 254 15 150 71 216 127 120 53 142 159 184 171 188 30
    182 34 200 70 201 31 214 33 29 97 194 239 181 209 24 168 189 219 27
    6 174 86 149 209 227 44 25 219 171 26 113 10 32 207 70 50 246 158
    221 91 35 99 108 234 112 217 68 185 199 217 169 194 9 9 124 93 111
    147 82 76 200 253 53 21 125 38 123 51 58 102 6 72 198 120 250 211 52
    82 15 243 173 115 190 211 50 114 114 231 205 185 68 164 87 182 108
    48 220 4 119 181 185 146 160 158 109 129 130 78 72 10 204 148 175 28
    204 75 147 77 108 12 22 97 232 38 120 75 21 163 250 26 71 147 53 190
    224 177 174 70 50 146 47 208 155 200 61 54 238 104 4 83 211 107 235
    137 24 163 82 175 175 221 242 182 255 204 75 209 67 50 102 169 213
    32 224 52 179 153 35 206 105 113 39 64 130 144 34 43 121 3 112 203
    233 23 83 128 188 236 27 133 154 56 88 222 184 198 79 108 192 111
    219 19 140 183 17 140 105 206 97 49 118 131 79 204 190 190 222 148
    98 139 88 187 5 253 214 92 126 251 37 150 220 206 198 219 169 33 129
    17 243 174 197 116 167 60 39 137 212 94 82 174 193 168 15 229 29 48
    105 41 22 251 249 24 97 120 111 232 53 145 255 223 10 181 147 138
    157 251 116 159 122 242 227 1 255 117 83 176 176 131 122 61 240 183
    2 91 226 231 234 154 229 159 184 61 83 186 160 150 116 131 156 136
    220 254 143 40 79 123 204 161 28 232 114 109 119 12 10 146 32 236
    161 90 76 126 33 210 160 160 189 53 35 160 170 193 110 204 81 17 88
    197 31 234 79 69 2 80 168 1 94 122 56 11 62 152 68 118 52 106 177
    183 38 254 123 190 24 250 155 113 90 85 110 70 34 95 162 10 106 48
    204 210 95 208 24 215 105 225 87 27 73 181 6 15 109 55 217 157 87
    137 80 117 157 133 188 103 99 0 111 96 213 157 113 22 82 242 103 93
    191 204 182 0 237 175 230 125 222 201 15 5 148 99 103 133 47 172 224
    23 91 23 75 58 227 170 131 79 134 163 158 52 242 114 132 52 2 4 183
    130 66 172 27 11 18 234 177 245 175 169 171 123 109 126 165 111 187
    2 27 137 179 99 101 13 84 59 133 49 0 87 207 123 107 186 195 157 98
    45 33 219 159 88 243 23 30 89 102 182 45 193 17 202 215 66 89 149 21
    253 49 217 81 117 209 1 171 28 26 60 149 156 243 41 69 234 4 244 144
    56 115 22 48 20 113 199 182 135 206 18 167 156 189 17 25 111 82 108
    66 22 138 188 101 18 73 151 110 59 167 64 161 27 74 245 7 91 229 64
    44 202 190 87 116 43 101 213 72 28 100 220 92 203 127 215 228 18 254
    215 187 17 80 8 178 159 116 160 13 179 45 35 253 186 210 79 50 32
    235 218 214 128 88 36 27 198 59 126 181 234 213 23 136 83 19 61 141
    253 163 65 208 70 98 52 129 82 16 58 23 73 22 13 78 240 25 158 102
    97 212 244 83 134 96 19 149 181 142 121 51 5 65 10 12 70 250 176 121
    231 194 153 164 27 134 59 25 99 100 114 201 49 30 31 208 63 211 75
    211 226 74 250 97 225 24 64 201 213 182 129 28 14 112 88 96 158 130
    224 53 195 187 151 127 63 148 197 250 14 189 71 51 205 75 137 200
    166 110 218 94 73 45 163 250 126 23 213 29 234 199 118 93 226 30 119
    149 226 208 216 203 226 246 205 183 103 142 207 75 253 110 195 191
    62 4 85 195 57 243 44 87 212 68 66 154 177 205 233 75 148 224 210 13
    244 76 31 5 86 19 111 171 151 154 242 189 73 124 169 54 205 35 216
    179 68 102 190 56 27 53 30 146 239 3 99 212 190 5 230 163 196 53 235
    162 60 80 38 13 88 137 70 209 174 196 70 141 43 31 149 164 73 98 117
    245 106 72 40 131 52 80 176 35 215 189 226 47 75 51 202 176 41 133
    160 143 114 182 74 216 133 71 206 56 1 41 48 65 17 227 17 114 117 61
    232 247 18 56 63 101 77 132 251 147 14 66 30 149 220 74 172 231 184
    60 108 202 188 204 165 213 29 173 53 189 237 126 91 167 95 117 118
    119 239 101 175 6 105 190 238 40 154 157 72 135 16 33 96 126 130 82
    170 66 168 233 25 49 51 154 92 113 184 1 106 199 54 0 4 227 2 246
    230 136 24 120 202 0 16 157 3 167 25 169 149 19 162 32 89 27 141 193
    245 147 162 51 171 37 141 96 0 226 59 122 148 120 93 234 190 56 60
    208 231 69 82 86 96 246 5 246 28 211 215 223 106 196 136 55 94 43
    115 238 23 74 65 204 128 102 23 165 221 83 31 127 143 73 34 112 184
    255 63 193 68 32 105 231 229 103 183 61 154 193 25 160 173 18 159 71
    150 57 67 28 207 23 67 219 89 26 45 2 225 187 121 15 66 149 228 228
    135 29 230 16 172 121 151 144 126 96 175 219 1 10 99 194 170 17 4 40
    233 129 83 232 178 7 165 53 60 143 132 32 43 244 90 28 164 162 23 38
    76 232 172 162 20 203 58 40 78 115 128 70 208 149 208 132 182 46 163
    124 244 40 5 73 41 231 242 197 203 246 199 140 57 120 41 248 251 79
    168 17 124 207 235 142 148 123 22 7 27 228 174 76 12 227 143 242 38
    236 188 232 175 94 69 255 35 5 21 131 236 36 246 98 21 135 21 67 115
    90 54 232 154 120 116 2 218 106 68 226 246 234 5 202 126 157 12 44
    40 162 79 47 72 238 96 119 205 2 136 183 225 216 155 128 250 175 77
    84 250 95 83 81 250 143 165 139 185 53 136 104 121 155 10 186 187
    179 174 62 129 173 193 25 102 109 49 207 177 184 80 10 55 217 13 83
    237 129 20 96 57 181 232 144 79 199 94 213 249 166 189 29 174 118 42
    159 187 3 55 133 77 2 245 39 179 37 151 249 249 240 71 9 1 238 78
    166 199 172 94 152 26 89 194 126 164 250 51 205 151 223 60 39 227 74
    254 39 162 101 206 98 237 221 3 199 187 187 28 218 61 172 186 189
    179 40 107 232 48 161 245 168 151 55 31 163 221 90 184 11 71 165 232
    210 179 104 215 180 243 232 121 86 229 134 3 241 18 87 132 37 126
    116 252 107 91 197 76 184 79 52 110 5 120 153 177 238 149 129 21 11
    139 213 21 227 139 172 99 144 134 223 8 42 199 220 199 112 194 149
    235 247 69 106 57 2 170 113 187 57 149 90 69 105 101 10 100 201 125
    183 221 90 124 73 172 77 81 28 199 54 205 144 251 222 161 98 100 110
    189 7 234 55 88 249 177 26 41 85 65 177 71 52 118 247 236 173 49 178
    176 215 62 137 135 188 110 200 169 228 178 162 240 242 188 73 220
    227 41 218 247 71 102 51 25 238 42 97 192 199 191 103 80 179 54 190
    247 106 198 154 104 201 90 26 101 160 29 10 153 204 152 68 144 93
    141 96 248 89 169 57 120 70 17 128 212 126 95 126 88 98 35 240 177
    172 157 254 203 238 93 204 136 159 224 177 211 108 29 153 226 126
    166 56 187 197 170 87 29 92 23 127 160 244 174 23 103 135 13 68 57
    121 52 21 14 188 242 109 25 216 54 22 109 123 123 228 177 154 235
    186 67 176 37 209 197 81 98 188 163 172 193 35 169 171 30 102 87 137
    216 242 191 1 2 177 191 212 63 18 33 242 106 116 40 147 161 135 123
    165 244 47 153 35 88 224 11 111 93 2 102 134 217 14 120 203 221 152
    41 194 71 31 111 39 55 13 49 186 13 51 205 236 105 164 130 119 171
    114 39 68 87 194 219 62 143 83 61 206 64 5 219 26 84 110 84 210 168
    158 173 126 151 9 113 174 85 84 32 166 234 220 243 191 16 147 163
    124 233 179 86 139 11 117 42 112 246 81 191 201 214 60 122 198 228
    109 154 18 182 6 27 30 197 218 122 169 126 93 19 237 167 91 68 118
    148 159 27 74 38 249 229 171 139 137 140 14 228 121 148 18 94 174 39
    18 123 153 33 25 131 127 138 248 202 105 84 166 167 245 238 205 33
    35 185 81 190 157 162 46 162 57 92 230 51 251 250 245 163 234 225
    195 165 62 53 153 33 157 220 147 90 106 18 79 59 74 97 33 117 34 180
    166 86 27 134 31 144 27 161 195 78 124 245 88 20 136 143 77 8 228
    106 188 119 64 138 219 192 189 83 230 232 243 202 232 153 102 178 57
    69 109 10 152 80 16 152 236 93 82 95 35 100 19 228 128 215 135 81 4
    45 80 157 229 22 150 105 37 19 159 61 105 153 28 225 162 245 9 143
    18 176 138 173 115 231 164 184 84 214 136 1 132 83 244 203 14 64 208
    226 123 27 33 126 219 138 34 130 31 107 64 63 147 219 195 68 215 125
    19 28 234 210 4 37 181 144 144 2 231 124 12 26 199 228 31 96 236 112
    243 68 226 95 120 157 206 12 67 127 122 196 247 53 232 81 23 242 64
    78 3 150 62 87 230 79 20 187 118 76 229 247 98 158 250 49 60 153 139
    185 202 89 241 65 121 205 201 101 158 244 16 13 68 91 217 182 219
    133 48 149 50 194 221 97 73 222 188 95 106 249 52 146 255 103 114
    160 46 50 56 176 197 78 130 34 80 85 234 162 218 12 76 156 219 39
    146 123 48 159 148 231 66 247 1 170 245 127 129 16 92 190 177 51 207
    141 52 202 60 148 246 216 225 248 205 51 3 84 14 183 243 205 5 120
    57 57 47 183 154 158 99 44 241 218 194 43 192 63 162 148 123 87 173
    103 254 246 0 85 112 120 153 238 197 255 143 33 114 237 99 176 167
    43 84 136 97 196 80 17 137 122 43 185 43 76 151 252 184 146 130 122
    238 255 15 152 246 220 247 34 79 234 32 124 171 122 63 231 201 138
    94 229 197 231 18 69 38 158 69 194 99 74 54 129 93 188 163 253 11
    233 108 42 84 199 10 190 66 72 81 46 218 215 165 174 112 242 131 112
    220 175 212 62 117 161 144 136 149 38 207 148 168 13 28 71 125 6 6
    77 135 96 118 76 215 226 221 151 159 157 114 34 82 51 212 16 111 71
    184 234 200 115 117 155 43 129 49 160 228 242 55 111 50 72 145 60 13
    229 191 44 162 182 1 38 194 194 244 50 161 179 121 167 232 1 65 249
    209 40 198 186 112 28 170 98 241 162 82 216 255 201 57 89 214 30 230
    100 201 9 26 44 100 6 28 77 219 16 241 118 121 151 154 119 101 177
    187 102 0 93 197 140 201 229 75 25 250 193 204 35 214 11 17 154 131
    113 159 248 97 193 195 203 45 22 101 41 26 92 49 136 100 212 21 107
    247 129 170 72 52 66 140 114 2 222 87 168 11 175 219 143 64 229 57
    242 202 36 43 208 239 157 131 121 33 239 229 212 176 177 105 131 123
    119 155 10 203 41 251 151 10 95 55 12 124 134 193 138 68 223 237 134
    62 218 235 154 115 89 182 138 228 206 62 241 25 64 21 7 49 192 181
    102 251 203 89 23 116 137 194 97 69 0 242 86 140 91 86 67 236 174
    138 130 53 110 112 168 40 121 164 4 41 211 117 253 62 150 218 42 9
    191 174 51 70 79 121 125 204 63 189 84 41 248 240 75 195 221 164 67
    180 80 212 42 155 57 101 69 14 122 232 89 28 109 5 71 84 203 233 217
    62 36 253 100 187 225 121 165 200 94 1 176 128 23 100 27 64 83 44 58
    127 191 60 1 6 240 23 235 44 218 110 83 21 240 128 85 188 139 244
    241 187 61 197 219 117 138 57 32 240 37 179 194 34 4 251 215 125 17
    147 51 56 172 181 26 71 160 125 32 167 83 67 45 71 152 149 75 228
    213 24 59 123 41 23 182 252 224 133 168 44 196 211 137 209 25 98 209
    164 27 231 117 144 97 30 115 228 147 175 51 111 226 202 159 207 168
    237 38 49 193 117 27 255 93 30 197 183 40 235 181 240 149 29 24 18
    134 156 120 145 212 198 195 185 223 156 198 210 95 5 113 97 26 139
    67 170 187 26 82 143 141 243 171 186 14 17 149 220 5 225 225 186 189
    191 249 180 66 172 163 163 205 1 191 179 120 108 74 139 250 47 176
    216 12 36 8 31 35 98 86 173 76 240 7 90 91 97 7 1 33 250 162 89 209
    239 54 14 67 69 62 160 245 90 125 88 252 76 193 68 11 207 37 216 45
    160 236 238 65 206 220 171 96 149 18 188 99 107 198 241 232 12 5 57
    118 78 188 5 107 181 7 226 191 78 90 34 141 95 43 136 79 64 168 84 1
    204 237 62 127 79 133 233 116 42 58 130 177 123 175 73 189 223 135
    36 231 18 204 103 87 190 141 139 22 122 53 200 31 37 11 99 25 209
    144 26 0 40 183 23 123 110 98 179 205 47 214 129 168 234 64 240 207
    198 135 122 85 49 27 169 188 171 224 17 64 160 112 156 19 22 117 43
    57 13 125 104 61 191 42 20 100 19 246 222 125 213 70 152 123 69 76
    209 247 154 200 128 179 72 130 209 78 73 35 90 151 29 22 144 120 13
    224 21 138 8 55 156 10 43 160 65 164 138 216 95 232 63 18 186 189
    184 118 42 197 14 7 213 78 73 165 176 129 156 147 58 18 220 84 134
    78 15 167 225 23 59 231 65 35 234 92 172 3 1 178 112 124 227 57 12
    59 47 8 102 168 196 245 249 205 215 239 86 180 175 169 203 191 88 45
    133 57 36 151 97 226 92 21 230 222 155 1 106 236 154 22 14 160 31
    171 113 88 127 243 115 41 237 163 182 191 183 165 12 54 17 165 133
    202 57 168 166 227 95 58 251 185 195 213 133 173 241 47 59 192 144
    176 109 82 1 133 105 81 248 64 188 255 255 210 116 86 42 140 231 122
    62 76 108 218 188 178 39 180 91 174 190 83 44 17 248 193 243 36 94
    173 55 194 220 105 47 252 97 61 68 25 147 72 210 103 198 11 245 188
    244 114 135 63 88 6 7 62 182 57 253 48 251 204 37 151 251 131 5 79
    40 68 152 109 89 10 199 252 95 119 244 6 131 207 54 45 157 80 95 246
    35 40 97 150 59 113 215 41 71 152 140 138 172 121 109 50 112 198 2
    102 178 154 79 149 86 211 168 130 147 153 70 71 146 191 6 200 109
    252 100 70 227 19 91 70 126 210 95 9 210 153 96 141 83 94 7 53 185
    94 73 19 239 130 114 219 157 100 160 174 13 234 156 136 2 202 45 223
    72 128 224 151 30 121 132 234 115 108 172 213 39 28 100 2 175 31 153
    83 172 124 158 209 111 108 204 25 54 153 129 18 114 74 158 244 237
    31 249 152 247 207 156 177 17 220 172 158 111 15 70 88 116 70 228
    120 224 86 79 12 243 23 13 0 241 208 130 105 219 14 69 153 250 31
    167 231 114 199 11 81 46 35 72 30 68 164 85 155 52 24 248 153 85 123
    122 224 99 39 180 105 85 15 80 63 181 42 122 243 30 230 57 217 205
    57 189 125 57 105 215 186 111 153 16 49 145 220 123 85 95 235 101 44
    240 22 71 109 166 111 195 18 122 123 161 3 72 250 70 60 147 244 204
    40 253 21 55 173 9 90 123 186 56 64 210 132 233 213 169 65 113 7 127
    27 215 198 82 191 129 199 179 205 13 62 115 89 154 139 43 180 24 204
    83 194 152 12 210 39 117 145 236 222 222 69 230 123 11 244 209 253
    183 138 110 74 110 109 33 9 174 84 223 14 145 61 37 98 105 131 94
    233 224 29 134 24 153 34 56 15 106 132 1 33 92 80 28 53 3 92 212 12
    123 85 30 96 42 206 243 185 25 123 203 85 163 180 6 66 227 116 109
    219 13 50 94 210 145 89 4 99 184 233 124 219 85 4 144 5 100 101 15
    39 179 134 208 83 29 18 42 158 93 175 15 81 185 187 176 20 85 36 162
    224 172 159 93 215 184 114 144 99 59 169 33 12 130 3 212 171 255 5
    101 140 2 200 164 181 16 55 107 143 205 15 214 111 152 100 74 190 48
    198 169 161 64 125 157 246 209 35 27 249 170 218 125 113 100 65 224
    139 158 63 182 149 210 119 62 147 154 131 162 102 110 171 236 252
    124 21 35 139 2 177 117 95 91 32 119 68 237 26 33 57 104 15 108 131
    101 9 44 174 78 166 166 124 94 114 234 118 4 32 101 253 166 92 161
    53 107 133 180 17 101 48 252 49 120 54 151 76 248 55 249 79 76 139
    174 208 117 16 241 219 51 166 239 255 89 52 119 208 121 254 252 79
    109 212 56 152 252 87 194 24 130 162 62 122 184 5 75 5 83 83 247 86
    75 87 113 249 40 139 249 10 134 119 75 223 179 243 201 44 189 35 183
    18 127 55 235 156 228 84 13 218 66 53 160 8 117 130 139 41 238 173
    14 14 21 69 177 191 93 133 112 112 87 94 190 139 201 44 93 0 40 128
    239 80 5 212 28 18 153 69 213 46 121 76 118 184 192 251 98 43 15 92
    89 160 157 7 219 43 87 72 161 253 164 131 54 135 76 155 88 152 57
    191 86 146 106 18 25 30 90 251 23 165 43 93 121 225 242 96 114 243
    206 197 40 228 75 121 219 215 219 187 47 173 148 23 186 109 132 71
    192 21 63 73 14 25 122 225 122 164 238 7 81 183 153 29 77 162 133 54
    224 91 163 116 245 43 232 139 230 152 119 218 212 121 18 193 90 178
    219 222 199 121 237 121 214 185 115 49 242 66 73 49 24 142 66 91 227
    1 64 181 52 238 150 140 187 76 146 138 153 86 189 143 236 150 233
    227 80 44 244 139 253 99 95 41 12 241 94 188 208 181 255 44 225 39
    39 154 66 110 245 29 124 238 243 188 165 114 82 164 155 97 100 19
    251 79 40 96 145 60 20 66 68 77 36 37 224 71 28 161 231 203 10 15
    241 149 90 85 108 61 107 202 201 13 74 113 14 71 250 240 244 250 142
    173 47 73 92 30 72 133 198 18 43 248 116 43 234 73 84 187 38 116 154
    244 77 69 245 99 43 173 134 84 217 191 189 8 20 207 248 120 182 206
    50 80 191 113 5 108 62 98 249 166 190 213 189 156 144 194 191 212 11
    0 42 113 105 179 171 34 67 82 170 13 23 11 147 174 202 181 241 190
    91 228 189 4 5 140 72 178 251 136 207 86 70 215 187 48 24 6 255 169
    144 142 123 50 14 103 62 251 151 162 176 15 74 104 146 42 241 176
    121 177 241 123 197 42 111 223 13 175 141 142 189 225 24 225 251 117
    4 154 178 131 217 200 238 111 149 100 28 220 117 150 55 25 39 33 152
    175 183 120 208 185 162 86 35 136 118 255 239 241 230 141 56 245 31
    228 75 25 119 103 155 111 27 216 229 75 181 16 108 156 89 26 211 164
    197 221 5 95 240 41 78 6 108 169 122 167 133 170 0 82 77 100 27 231
    22 165 83 53 45 183 161 62 231 202 240 219 128 109 116 169 232 128
    172 108 90 128 1 18 228 214 57 120 149 122 238 227 189 53 249 23 1
    167 14 126 180 68 166 191 48 179 153 139 126 22 245 54 88 17 167 13
    206 190 46 222 62 88 140 83 185 184 81 40 147 103 44 44 103 11 16
    242 96 59 56 106 100 236 131 108 92 174 46 181 11 15 31 147 236 236
    110 205 90 9 179 104 207 126 248 151 182 94 55 43 231 112 242 75 31
    21 227 115 161 123 80 220 119 197 243 143 116 64 208 154 130 44 51
    93 169 22 84 232 94 228 3 62 51 66 228 17 45 111 52 231 251 76 119
    84 219 29 103 105 43 88 96 209 193 16 167 48 170 119 137 100 207 78
    169 104 188 49 134 222 216 147 59 89 187 103 113 0 183 45 24 229 183
    134 22 213 3 46 43 86 155 138 218 25 152 133 215 29 255 28 143 188
    246 235 126 253 221 173 152 20 135 250 103 176 63 0 36 157 254 199
    17 210 208 210 236 244 131 233 171 83 97 217 195 12 175 66 185 4 143
    43 120 209 154 164 79 236 210 67 202 132 175 134 246 109 176 194 140
    207 143 183 187 94 32 57 198 200 235 233 146 234 249 193 185 245 61
    70 4 71 19 33 160 188 80 93 150 27 140 105 143 103 139 194 159 53 9
    237 26 205 224 200 238 173 90 87 7 89 43 155 225 168 141 216 187 5
    175 91 140 100 17 167 144 82 236 247 241 32 155 134 120 207 133 195
    218 30 133 51 19 141 97 3 83 147 0 45 57 49 179 167 127 170 179 89
    159 227 211 155 76 164 106 106 232 168 131 11 164 249 191 21 228 145
    144 113 103 59 68 52 222 82 28 66 59 33 120 48 33 203 4 230 78 134
    55 23 152 207 90 221 177 109 191 48 1 132 27 60 70 15 164 160 163 52
    212 132 175 204 136 184 112 34 95 132 184 223 138 162 44 213 149 220
    129 31 189 66 195 226 56 77 128 1 159 250 140 201 44 241 2 27 45 234
    167 238 145 22 99 149 44 183 181 20 195 38 160 89 204 22 81 245 154
    30 25 132 246 11 154 133 139 164 71 140 157 126 49 215 111 204 144
    84 109 36 181 244 167 201 253 124 15 136 74 92 192 235 108 234 90
    131 43 165 101 127 248 173 205 21 255 182 225 239 139 105 123 206 14
    239 117 84 12 111 186 20 193 35 21 46 4 198 63 210 210 43 189 167 16
    195 229 185 134 153 1 65 170 109 173 116 233 171 14 140 40 184 137
    156 229 141 65 249 204 70 150 113 254 224 40 139 111 184 66 27 50 48
    49 80 151 154 76 142 183 240 178 207 207 157 26 95 171 253 106 41
    231 94 149 111 30 241 139 106 9 90 76 26 152 242 85 213 31 188 20
    159 232 107 16 94 244 104 186 238 127 168 33 249 221 99 58 38 136
    168 223 175 55 53 115 187 126 144 41 235 88 100 72 151 159 113 84
    189 195 131 17 158 183 61 57 255 65 73 107 44 39 165 2 48 20 119 164
    125 255 213 243 94 102 104 223 44 9 64 71 3 212 132 70 84 30 2 121
    163 206 221 166 21 31 8 131 36 135 81 226 53 131 94 255 155 163 240
    3 56 31 115 153 109 248 43 118 50 96 106 238 39 243 64 2 33 170 92
    186 179 226 183 245 180 253 158 156 246 127 229 87 27 239 221 148
    128 223 3 249 215 22 113 202 52 114 162 124 79 64 158 239 234 74 90
    99 22 14 114 212 23 33 169 143 205 71 19 63 68 127 71 186 92 144 232
    91 139 154 48 226 17 216 254 170 216 26 9 187 159 204 181 84 209 156
    187 181 231 10 141 8 107 129 205 7 195 47 179 80 149 74 6 35 104 26
    3 206 105 4 228 160 37 203 57 12 20 249 240 69 136 122 131 163 247
    35 208 102 247 199 98 66 125 108 172 172 151 181 211 119 59 71 25 45
    174 92 64 173 120 144 232 50 86 76 125 98 62 36 242 151 79 41 61 238
    145 92 38 59 231 237 0 76 6 111 62 225 85 96 141 93 97 227 29 59 25
    132 176 37 122 107 117 175 193 181 184 10 111 238 36 54 4 213 92 165
    44 13 126 220 229 103 51 218 7 83 91 166 253 198 253 218 38 70 114
    99 110 129 77 251 217 235 149 148 40 112 40 254 107 224 225 122 28
    64 103 255 160 147 224 69 147 231 231 223 14 193 140 22 148 13 186
    59 43 180 206 21 186 177 63 2 28 132 35 186 207 63 140 166 209 9 153
    174 237 79 182 132 250 66 170 156 103 197 196 34 107 70 75 104 74 92
    56 77 251 247 60 155 244 120 238 29 211 149 172 30 175 225 161 84 81
    71 105 24 96 227 177 1 49 10 45 232 157 24 103 120 233 203 83 154
    230 193 57 202 217 232 126 89 196 9 130 220 21 72 224 132 151 130
    162 215 84 171 220 48 53 0 167 153 65 96 7 42 72 185 129 187 34 162
    49 255 72 148 213 181 210 231 222 231 194 49 93 111 183 81 121 115
    95 209 93 61 103 9 253 171 174 71 96 230 182 205 20 22 95 187 141
    183 168 173 201 52 248 128 95 60 249 99 211 122 134 170 189 152 159
    173 111 142 44 212 191 22 129 194 126 115 151 243 249 115 51 78 31
    219 89 162 122 193 181 87 246 251 96 33 180 196 209 117 230 130 237
    161 190 113 192 165 83 26 73 144 234 152 49 107 116 2 147 59 88 139
    47 144 10 164 43 201 220 8 108 86 19 131 221 56 89 134 210 223 247
    85 57 167 50 62 80 253 9 183 166 77 90 22 39 58 231 104 158 94 203
    177 254 197 36 86 106 255 235 11 83 236 156 153 93 231 129 75 158 14
    101 204 124 54 180 2 243 150 212 26 172 30 26 211 165 77 58 159 65
    106 158 132 181 49 174 41 76 61 44 18 30 219 141 175 120 132 72 197
    200 120 212 67 80 41 137 9 170 45 204 86 27 195 183 79 30 90 113 173
    62 225 246 38 184 135 50 37 57 69 134 202 135 232 28 59 186 130 170
    66 131 173 79 32 131 32 25 239 80 30 32 22 78 170 133 38 225 104 187
    192 145 34 155 237 242 178 1 251 10 178 59 214 69 158 12 232 190 189
    108 140 160 145 103 44 39 173 232 39 68 44 181 25 25 80 161 252 99
    172 91 71 229 215 150 134 29 120 239 213 120 92 116 32 21 112 249
    231 223 37 190 210 75 205 230 254 241 104 57 48 181 0 81 88 133 148
    190 121 251 146 64 47 175 147 48 155 101 179 229 230 1 141 177 109
    175 150 157 125 145 185 221 224 4 23 235 35 124 235 31 181 228 201
    168 161 245 211 106 213 59 145 50 196 126 210 156 236 246 131 202
    126 168 203 237 243 74 129 87 214 18 110 43 164 105 26 139 139 239
    91 175 21 36 83 137 88 3 107 103 251 180 75 4 100 105 0 136 134 49
    140 76 12 212 124 184 143 176 15 148 25 206 251 135 41 148 68 48 214
    63 238 25 113 163 118 90 235 78 203 51 181 74 4 17 152 177 211 63
    243 22 219 96 83 192 32 206 220 213 0 210 182 50 195 15 189 43 171
    176 165 204 101 3 74 94 10 96 130 194 95 170 32 178 21 219 40 73 210
    109 56 151 204 49 76 120 191 241 19 158 254 231 236 221 45 192 196 9
    169 92 72 50 249 254 184 129 192 205 221 195 55 159 70 141 212 219
    204 8 143 247 46 147 93 155 75 102 244 249 165 30 57 178 99 168 18
    98 144 83 9 17 73 79 56 181 176 148 88 38 166 74 1 136 41 107 244 35
    218 247 246 135 99 171 2 35 90 229 151 255 191 4 186 124 232 123 245
    249 177 165 140 105 16 160 132 180 150 211 94 161 101 115 126 10 176
    98 231 41 216 3 177 241 49 54 49 64 180 100 79 66 122 28 151 177 131
    159 61 210 152 64 139 224 247 14 179 144 93 154 79 182 45 73 2 137
    107 132 64 135 163 176 235 254 217 236 200 253 55 157 11 22 58 229
    226 72 245 23 41 70 171 136 215 37 37 166 99 98 134 247 241 64 198
    98 143 53 50 234 128 232 165 166 216 53 255 197 249 158 140 143 75
    195 63 20 20 103 172 181 127 139 39 150 135 143 234 52 60 77 127 114
    149 141 235 8 68 211 166 15 60 243 153 6 30 49 5 214 62 75 251 138
    20 240 181 255 72 247 164 84 23 18 194 172 204 94 81 218 22 96 145
    154 46 37 245 10 117 88 41 135 40 230 61 108 184 250 85 17 67 183
    143 73 94 167 200 133 8 84 7 90 150 226 123 73 230 63 174 49 104 166
    96 36 17 211 229 175 186 116 15 76 88 175 22 135 191 175 27 189 43
    39 12 227 232 205 149 148 214 192 190 4 47 52 198 72 109 46 23 226
    189 254 64 23 136 122 206 174 21 26 120 171 246 114 117 145 197 109
    220 90 62 68 152 51 41 174 180 25 37 241 135 166 146 32 153 92 49
    169 254 234 249 211 58 30 55 118 109 52 172 92 215 221 117 40 107
    148 43 99 191 96 170 15 85 106 61 183 8 245 160 122 83 136 180 199
    171 182 28 9 111 154 128 211 227 7 230 144 242 11 255 67 195 197 165
    54 67 12 225 18 35 131 3 230 238 88 197 151 47 222 183 144 69 157
    216 138 44 200 152 73 25 15 217 94 247 124 214 219 98 41 119 237 184
    187 244 79 121 185 181 28 190 235 34 144 237 214 32 82 253 144 126
    240 242 166 234 108 25 68 126 110 151 157 9 137 176 58 160 141 236
    153 39 245 75 145 124 238 161 190 61 212 246 110 4 244 150 213 111
    171 217 16 130 190 60 93 62 193 96 4 255 116 46 143 171 255 14 102
    216 146 98 231 74 17 195 238 235 19 229 148 78 191 3 222 82 108 181
    83 88 139 114 93 104 244 48 206 100 222 163 60 126 214 245 31 39 222
    92 101 45 212 32 114 9 193 179 88 33 21 143 162 216 175 229 47 2 67
    196 213 123 194 132 219 183 56 245 189 38 243 106 82 68 201 195 242
    105 44 35 234 45 30 205 80 5 161 205 98 43 240 226 39 127 173 34 116
    231 156 97 211 143 207 244 214 98 79 0 123 79 98 70 54 167 37 124
    135 20 173 35 142 57 79 161 212 170 228 204 240 88 151 117 104 138
    14 73 246 91 183 187 136 230 27 118 37 181 189 152 85 168 25 51 149
    11 34 68 250 148 7 55 185 89 128 48 180 4 154 9 77 36 42 167 46 199
    241 99 1 201 228 157 41 53 213 116 182 169 22 106 71 124 153 109 205
    136 103 103 147 114 173 192 192 57 136 152 184 61 191 148 171 77 136
    200 20 66 175 224 37 3 200 242 131 216 3 77 80 254 139 154 157 170
    47 141 189 67 88 157 4 223 16 148 95 185 119 169 49 252 82 33 133
    190 41 145 210 132 90 171 51 200 88 95 59 169 154 97 252 10 119 201
    155 224 143 26 239 235 252 222 155 153 177 54 32 44 184 158 236 176
    43 125 177 228 179 221 57 206 225 84 134 120 60 114 108 75 66 164 13
    148 28 172 111 180 218 108 97 70 137 106 133 21 2 243 95 163 113 215
    21 79 165 132 103 164 32 187 162 61 212 172 5 3 116 164 255 115 134
    135 15 64 86 125 122 28 65 15 138 225 30 114 231 7 46 166 67 208 93
    115 228 200 214 146 97 119 15 140 17 155 8 91 78 75 78 11 155 251
    166 40 166 106 238 71 12 49 212 56 73 85 246 62 146 49 173 164 77
    159 235 72 92 142 114 99 29 116 225 158 181 89 72 112 129 63 33 99
    48 66 124 192 237 230 99 188 108 181 47 37 102 71 73 227 221 168 162
    189 195 83 114 210 153 54 189 171 172 41 59 85 158 247 74 189 19 49
    56 181 77 194 104 2 125 172 233 179 211 40 238 241 114 28 123 175 53
    209 119 209 208 97 203 2 82 50 21 32 24 101 45 72 80 181 226 159 39
    222 166 79 209 248 17 179 65 235 152 242 71 19 152 39 42 107 30 205
    15 142 92 252 61 155 38 235 105 205 69 94 247 64 8 214 74 5 166 45
    169 208 74 201 62 164 120 9 217 181 174 68 241 60 188 64 37 214 212
    12 218 14 2 153 79 63 234 169 44 231 114 234 110 11 124 192 57 89
    175 192 75 91 9 62 16 38 250 228 94 25 150 200 176 94 217 13 254 213
    238 41 129 151 5 199 87 143 55 89 138 240 1 72 113 173 146 200 197
    46 112 251 104 196 114 81 65 211 218 153 144 188 56 230 166 34 197
    107 47 132 51 168 156 255 51 246 229 221 96 100 157 143 178 195 196
    4 125 131 111 107 187 69 151 202 176 171 19 35 8 122 238 126 12 154
    125 24 123 28 133 139 108 107 59 47 139 117 188 105 100 154 211 197
    15 116 29 212 194 78 143 132 82 39 125 184 13 230 209 56 198 239 67
    76 60 88 52 73 217 88 227 58 40 57 161 148 93 134 89 49 46 51 121 69
    22 188 179 237 36 120 138 167 206 150 59 111 84 46 207 178 18 144
    139 77 191 145 253 145 96 245 119 244 210 128 197 224 2 252 70 57
    112 154 175 126 35 75 176 148 52 244 103 220 186 63 123 216 176 178
    246 210 177 10 250 239 88 23 9 248 43 151 191 27 126 193 12 249 64
    194 61 114 111 92 202 23 234 166 191 229 176 240 176 241 158 3 24
    120 99 127 151 216 190 66 0 194 231 121 156 252 204 97 58 229 76 216
    67 46 195 39 73 196 192 36 22 211 245 39 171 152 73 6 32 33 191 21
    177 133 63 240 115 54 212 102 149 159 158 204 147 229 74 87 137 37
    78 13 245 157 238 6 80 234 153 208 140 247 8 220 9 145 209 101 127
    80 220 67 110 124 185 19 192 161 61 241 81 36 86 35 91 46 71 3 156
    51 94 90 201 28 53 204 253 124 77 169 215 188 165 52 13 130 150 139
    154 179 108 116 11 240 245 127 54 195 10 71 174 113 73 198 10 191
    138 244 77 147 10 169 212 125 118 118 251 255 97 110 177 47 119 207
    183 148 178 209 241 104 180 234 142 56 73 6 105 2 70 238 87 48 154
    183 36 90 47 225 54 70 156 220 52 65 233 126 219 171 13 107 57 203
    244 101 126 187 253 72 123 112 75 144 30 214 126 236 134 198 16 151
    94 1 189 243 144 15 137 149 194 190 42 25 61 71 48 246 111 3 218 1
    121 201 228 176 108 82 108 49 34 108 56 102 244 139 80 140 183 203
    112 213 213 127 73 231 0 124 179 17 104 80 63 126 53 158 83 5 99 69
    234 76 197 81 131 154 82 95 209 19 131 232 13 57 167 122 234 206 67
    249 3 241 48 8 176 251 145 104 146 85 74 2 232 29 84 186 35 119 42
    237 31 208 7 158 212 250 102 87 246 122 112 240 193 86 61 203 91 134
    153 227 82 47 111 64 50 164 135 117 22 106 149 34 198 39 63 255 167
    110 28 32 88 73 132 58 14 100 83 221 202 246 35 77 247 87 45 46 108
    229 96 143 117 22 221 84 35 126 38 58 93 167 48 109 204 48 230 148
    81 247 242 225 176 217 116 174 171 226 42 238 208 96 150 252 103 188
    116 63 138 105 180 185 47 74 91 236 81 212 230 6 240 147 65 38 137
    234 134 201 154 36 200 160 99 149 75 163 200 209 255 226 78 49 176
    202 12 31 69 156 2 186 53 222 159 177 15 195 152 126 233 69 86 58
    163 43 130 11 229 194 164 167 180 31 82 29 61 248 84 183 166 26 195
    80 205 241 142 171 21 186 219 98 157 88 19 159 184 131 134 248 85
    110 187 254 44 7 232 222 202 146 202 250 64 210 92 244 142 77 225 33
    156 94 179 6 200 172 214 41 51 132 235 242 99 54 114 170 223 182 107
    9 115 58 23 180 205 111 242 215 4 189 202 250 171 66 104 104 181 59
    34 105 181 46 55 199 2 4 182 91 250 182 85 166 236 220 144 53 236 29
    120 188 156 8 73 1 142 177 85 64 92 235 51 234 147 183 18 132 33 78
    2 222 212 165 127 66 109 170 146 252 11 239 241 94 86 54 134 181 52
    67 125 9 237 178 180 105 220 86 199 171 74 178 5 179 140 57 245 104
    217 59 227 101 46 206 51 51 29 52 225 184 109 29 189 108 176 62 223
    234 253 163 184 216 106 171 166 53 74 56 11 62 185 143 113 129 133
    99 181 203 115 98 211 237 89 122 43 113 225 220 137 118 204 199 234
    178 187 153 150 6 219 16 218 41 24 224 81 75 31 166 89 41 151 113
    105 123 227 234 77 253 153 170 106 52 178 8 109 117 192 124 65 135
    47 211 235 192 33 91 155 191 139 139 130 176 18 38 19 26 77 158 16
    230 176 247 25 16 83 205 53 255 207 66 139 197 247 248 178 130 17 17
    158 157 117 251 178 114 251 56 223 132 211 20 192 32 200 142 84 152
    237 27 127 169 81 96 206 209 18 49 155 209 247 192 235 130 120 76
    224 216 74 50 210 198 18 146 45 240 17 134 127 36 78 109 234 28 110
    2 4 99 16 229 52 176 69 137 154 149 201 234 248 229 189 166 14 79 15
    175 146 192 78 104 200 40 60 5 26 14 125 166 90 46 208 138 92 252
    166 39 111 123 93 225 62 85 39 3 49 171 76 58 101 133 80 137 53 250
    30 101 60 70 43 94 122 254 172 52 227 91 130 32 88 1 146 102 28 107
    103 44 2 218 208 153 120 120 4 136 201 133 115 133 71 247 156 11 112
    18 164 75 12 248 92 124 248 0 220 195 249 204 152 176 148 236 112
    100 70 58 146 219 145 156 223 168 12 55 227 230 129 58 224 178 155
    116 6 241 29 2 243 112 238 58 44 234 216 184 157 190 1 149 225 16
    171 50 134 65 19 210 73 165 51 200 86 91 157 251 164 109 197 58 245
    113 119 116 28 2 5 90 241 117 215 137 132 242 160 138 195 96 57 188
    203 110 20 201 155 5 32 100 53 190 141 151 30 189 58 68 243 211 198
    142 141 12 178 74 0 252 245 254 223 210 126 98 2 231 158 200 173 11
    140 114 68 248 26 220 191 6 224 110 194 192 205 125 36 8 215 70 114
    182 102 71 170 16 81 29 73 147 175 141 73 198 53 130 142 37 36 239
    62 183 37 158 55 93 126 211 33 155 224 242 130 154 249 74 153 8 4 86
    23 223 214 137 127 208 188 252 72 139 236 192 9 199 231 254 33 45 82
    5 195 44 248 6 159 21 39 48 88 122 198 95 161 152 106 9 181 54 175
    123 206 186 172 110 3 83 159 31 105 35 99 154 246 41 18 236 9 10 48
    120 205 235 228 90 13 201 32 40 113 39 95 169 198 239 176 189 226 13
    155 75 10 81 253 252 63 246 2 195 46 6 45 90 134 47 147 193 48 159
    140 84 6 76 148 23 196 115 168 28 236 209 114 183 232 191 136 246
    166 222 138 47 109 105 114 25 133 146 42 245 83 75 187 9 130 252 156
    174 232 252 53 165 221 233 84 251 214 206 89 237 11 84 225 42 187 78
    44 13 196 75 199 87 237 240 23 18 169 221 140 46 228 175 91 161 80 8
    218 24 130 9 228 113 103 4 173 1 106 29 64 69 162 42 151 110 100 146
    105 120 49 55 150 217 75 49 9 25 139 83 224 36 34 31 142 128 187 207
    183 184 44 241 49 16 168 61 43 159 193 196 148 236 124 159 190 195
    150 225 13 162 0 244 130 68 166 26 159 250 151 15 207 242 211 48 79
    160 61 55 91 58 49 40 100 217 115 85 26 206 45 170 46 126 193 151
    145 58 179 3 59 98 126 233 148 50 8 87 96 117 185 70 112 51 168 178
    21 127 155 115 41 68 162 241 180 199 228 30 122 111 199 29 124 208
    225 6 112 172 214 35 148 130 78 97 134 44 189 206 178 181 241 94 159
    98 253 29 114 1 60 210 243 8 10 83 254 129 133 135 48 150 132 74 23
    82 125 40 218 254 143 207 139 176 23 218 13 138 174 145 189 94 228
    148 111 242 86 23 235 126 217 74 119 216 10 3 21 181 0 38 94 116 44
    173 248 253 184 204 90 197 102 241 70 106 1 180 154 141 120 117 245
    6 236 236 220 227 29 8 20 75 44 249 4 162 142 190 47 123 214 74 157
    88 94 111 5 155 83 153 69 147 31 243 44 101 217 95 55 193 52 66 190
    38 67 46 50 125 144 159 232 187 57 136 162 138 191 62 70 185 15 24
    115 102 86 170 39 170 160 198 238 154 218 48 132 234 162 227 241 19
    234 170 194 42 232 111 160 198 21 67 26 65 142 88 191 77 47 239 203
    162 202 34 108 233 196 88 65 205 70 209 119 228 55 95 224 89 194 161
    171 219 206 244 39 10 249 226 241 124 165 97 89 137 48 227 4 71 154
    8 13 152 200 53 154 141 45 184 124 186 151 12 124 248 40 226 182 195
    107 0 104 183 254 5 88 226 224 159 29 29 201 47 153 203 73 129 41
    200 155 23 4 45 244 161 136 16 211 203 170 226 39 4 116 136 179 211
    137 219 91 171 159 229 125 195 201 223 3 131 233 214 186 37 137 177
    203 212 31 66 234 162 166 150 179 16 56 91 27 155 201 84 82 102 245
    242 224 1 142 84 66 150 255 153 14 230 83 23 150 33 6 30 102 95 195
    53 165 139 189 14 190 215 37 74 13 45 246 189 129 206 35 149 193 120
    54 46 26 248 241 30 72 245 155 51 174 126 172 142 194 25 152 54 242
    117 255 196 245 14 22 40 233 149 248 221 135 65 229 144 140 139 196
    16 109 143 154 45 77 79 150 129 161 229 181 120 60 238 48 7 67 156
    220 105 59 50 130 214 237 180 175 165 242 245 42 90 17 111 3 186 97
    219 180 188 49 119 39 249 243 136 175 130 16 63 58 10 14 15 84 112
    238 245 119 51 6 228 73 233 233 46 116 207 111 72 62 46 162 172 238
    8 184 45 203 62 158 94 143 143 193 44 247 162 5 210 171 122 109 240
    48 98 117 94 171 252 131 168 59 26 140 209 192 109 140 157 117 37 97
    67 103 194 217 91 73 56 95 173 77 32 133 131 10 54 195 209 83 130
    133 43 201 60 115 154 204 55 173 112 247 242 81 84 236 182 53 124 97
    173 174 149 68 19 49 129 131 84 64 53 215 125 182 38 180 144 87 137
    211 162 55 92 27 203 63 29 41 27 27 77 96 245 3 2 144 15 113 73 22
    161 211 237 43 131 49 93 210 167 221 159 131 206 155 13 23 10 54 30
    145 152 222 228 108 221 172 38 87 185 229 87 104 236 143 79 38 195
    223 6 180 113 182 240 206 133 15 87 56 60 120 206 80 154 48 246 237
    144 122 171 244 90 228 73 111 27 109 154 59 131 215 201 121 224 111
    67 251 80 175 31 227 78 84 96 184 140 99 206 159 45 0 206 224 207
    234 39 176 236 114 77 124 170 10 94 97 31 247 43 244 90 218 84 193
    50 98 174 54 41 62 145 232 204 193 211 121 231 191 241 216 2 34 164
    110 104 3 110 236 52 192 127 201 223 187 98 216 77 58 201 169 5 72
    48 54 226 185 156 255 113 217 43 123 242 79 123 183 139 175 186 110
    53 128 79 18 233 197 26 198 243 98 173 149 114 211 241 103 227 95
    106 158 110 137 229 56 167 46 205 248 40 219 83 139 129 103 35 127
    227 169 67 160 9 51 126 159 149 180 74 235 5 108 21 120 140 200 1 75
    216 117 134 13 45 111 183 15 62 90 89 142 88 24 227 113 235 201 250
    12 182 246 38 69 117 47 78 216 233 247 65 248 255 22 139 193 103 227
    209 250 104 97 43 113 12 117 46 222 74 66 198 128 171 57 11 139 130
    84 178 27 128 224 120 78 120 226 229 41 71 200 47 209 242 90 107 224
    40 57 197 228 232 68 70 223 121 29 84 120 39 77 249 139 84 96 219 25
    135 106 58 117 149 74 198 67 191 38 239 120 187 64 13 8 123 119 215
    251 227 16 179 192 17 137 154 202 164 28 23 155 154 105 206 175 115
    120 49 116 155 171 75 98 222 86 35 238 144 227 236 199 154 198 158
    210 28 77 198 114 12 206 178 17 96 54 235 154 53 217 0 118 144 51 77
    82 232 189 210 180 218 77 147 91 78 70 219 146 37 73 192 190 84 243
    79 54 66 127 222 4 254 100 208 177 215 235 108 120 79 68 204 209 243
    141 157 252 25 89 75 238 254 83 132 140 248 128 60 76 252 237 135
    229 42 61 73 131 112 37 110 15 114 59 167 104 204 238 137 226 50 35
    108 250 223 108 209 142 77 65 0 87 69 146 180 179 173 47 247 4 107
    48 238 202 30 246 44 161 51 53 26 21 215 67 113 17 141 104 8 138 217
    167 95 8 59 204 230 93 176 136 162 94 217 60 148 11 129 46 126 84
    242 44 227 141 62 128 190 54 195 49 226 247 233 116 39 132 223 44
    120 217 206 239 19 139 57 64 34 111 27 6 140 212 38 117 62 136 22
    140 52 236 109 56 194 217 71 191 72 253 122 255 114 180 245 88 237
    137 45 78 243 23 181 137 143 97 242 1 161 164 236 222 51 251 106 182
    244 250 11 145 200 247 116 31 253 138 67 189 224 94 39 238 60 160
    226 151 20 146 134 8 139 151 244 69 92 38 162 77 168 88 165 145 169
    188 94 126 134 247 123 69 52 142 21 220 53 246 2 145 71 125 202 147
    30 32 115 61 139 156 157 114 166 156 125 215 67 97 123 202 166 192
    226 71 104 97 143 124 78 125 146 78 226 204 41 151 170 196 172 185
    227 88 57 185 188 153 135 229 57 32 161 16 84 127 92 250 149 170 166
    82 202 225 236 243 34 220 109 179 185 159 83 135 239 162 142 212 0
    79 160 154 45 229 238 71 144 240 249 197 66 83 252 92 185 236 70 99
    244 64 3 34 184 47 144 82 18 152 89 27 91 6 205 227 128 1 98 2 190
    148 207 57 235 209 178 53 185 124 14 201 93 241 101 146 206 53 45
    101 152 197 59 203 84 89 68 80 9 51 247 177 195 143 113 33 190 144
    152 46 148 108 31 161 146 207 210 183 244 231 173 213 156 40 204 192
    67 75 71 105 202 93 86 215 19 234 113 250 41 122 118 169 73 254 209
    42 234 229 213 209 185 129 96 88 198 199 241 181 88 191 32 235 219
    199 93 224 241 112 218 66 232 3 23 51 25 10 85 220 48 2 236 99 211
    149 137 11 26 211 34 80 123 113 149 199 225 147 179 249 182 250 28
    81 42 248 3 85 8 24 30 236 150 237 224 216 228 231 139 33 84 212 143
    45 86 158 238 39 19 15 230 73 77 252 54 31 209 204 83 114 48 210 46
    221 36 67 202 103 30 171 53 130 37 237 76 104 204 205 21 133 252 70
    200 75 16 77 88 130 255 250 172 253 197 59 249 24 143 231 82 223 124
    249 49 101 247 78 130 165 201 18 139 244 114 174 168 77 124 45 62
    143 101 94 215 64 186 114 173 111 204 26 203 26 0 158 203 59 79 144
    9 16 100 63 155 152 67 98 189 136 69 238 222 62 101 80 110 170 244
    186 56 47 127 186 212 207 77 12 122 125 110 204 2 130 203 211 233
    129 245 173 17 197 140 58 60 46 149 89 140 224 63 234 160 156 167 19
    32 224 165 4 214 94 22 143 25 78 184 232 181 209 78 88 30 91 100 195
    227 97 44 67 109 53 237 133 255 221 227 245 231 61 96 229 73 97 253
    31 63 15 234 195 112 87 144 18 138 251 254 77 205 158 50 80 156 206
    120 173 106 75 199 196 34 236 64 169 143 41 10 131 204 185 201 114
    109 112 1 87 77 99 171 166 239 151 106 38 49 169 91 70 50 85 82 114
    162 225 177 249 89 135 238 112 111 218 177 32 217 126 63 197 128 67
    164 209 209 124 75 18 22 189 241 226 110 141 184 67 195 112 11 62 63
    94 182 194 132 125 61 151 170 212 61 48 225 16 39 100 176 131 52 83
    150 217 104 216 139 251 214 44 190 188 188 68 92 55 154 90 122 153
    186 47 102 1 134 83 13 22 41 108 39 99 83 115 215 137 21 88 151 221
    227 104 207 185 43 93 104 6 56 52 223 229 155 98 232 107 128 240 67
    96 118 188 204 160 142 165 68 131 182 136 148 150 43 186 192 198 237
    19 32 86 238 88 4 5 209 233 165 166 83 105 51 179 13 52 196 214 133
    60 196 88 254 11 16 232 47 199 217 158 46 246 34 218 206 181 237 201
    135 165 209 241 4 244 60 205 168 12 58 110 91 84 135 101 191 3 49
    162 195 63 210 160 14 139 35 205 70 88 143 38 142 190 227 64 66 197
    236 53 84 236 178 101 129 112 88 231 91 203 83 71 207 23 166 68 78
    209 205 146 139 61 191 168 163 228 213 231 85 3 134 149 36 157 65
    181 118 232 47 145 28 40 147 103 64 193 240 127 164 128 83 13 93 91
    111 212 245 185 125 253 170 124 30 111 204 44 13 117 59 176 203 188
    58 114 34 29 40 246 222 120 248 170 255 97 200 129 88 123 69 91 229
    26 236 135 216 132 124 108 46 26 51 217 26 77 164 169 251 89 65 38
    144 192 159 181 173 253 61 232 225 138 56 193 164 254 126 112 157
    252 41 199 151 118 14 180 0 4 184 216 26 192 86 75 5 124 59 198 202
    120 146 101 93 139 95 198 253 115 2 121 38 12 148 16 69 130 45 41 80
    76 54 44 116 51 64 41 237 106 211 164 220 60 239 66 249 19 219 219
    116 104 119 178 217 155 205 15 25 223 195 96 171 122 103 101 31 84
    117 152 31 11 87 57 143 213 43 63 247 41 24 185 194 67 55 108 201
    232 151 233 245 39 92 73 214 78 221 144 33 71 239 59 43 205 115 229
    168 72 145 30 150 205 158 224 211 89 67 53 98 144 28 125 7 249 183
    154 147 21 137 186 30 57 232 153 249 209 109 164 192 145 3 94 141 11
    52 139 244 182 93 91 98 100 114 188 121 58 1 150 7 142 45 168 65 150
    227 124 103 199 19 121 232 4 87 180 241 12 205 28 90 168 51 194 168
    39 51 74 127 165 255 236 172 129 49 41 165 235 58 48 48 44 251 168
    80 79 123 74 30 51 10 65 43 127 198 104 223 148 149 13 74 74 229 112
    45 202 17 26 212 96 110 172 154 116 53 185 176 187 73 113 164 9 96
    84 52 71 178 28 166 209 29 72 112 50 235 220 181 6 48 197 71 206 61
    27 97 221 223 65 95 199 164 178 191 180 203 11 68 201 23 109 115 107
    239 232 134 185 254 242 92 174 141 89 4 82 61 62 149 45 240 138 113
    55 8 27 110 240 76 223 124 149 68 79 21 158 138 96 46 93 149 236 102
    158 206 220 137 232 216 55 19 230 59 216 255 74 37 217 61 28 230 53
    57 150 125 245 16 45 75 140 8 101 91 18 191 154 167 52 238 253 49 14
    211 92 200 35 8 43 106 47 99 188 116 98 6 60 193 111 141 33 182 12
    114 180 40 52 178 184 192 171 244 101 86 83 84 145 102 200 141 126
    177 242 16 116 231 157 203 194 52 168 106 110 120 42 232 16 154 186
    24 144 213 240 107 93 236 105 128 140 59 26 166 49 224 7 102 81 63
    35 77 195 176 188 20 121 143 132 122 108 83 140 167 58 199 32 110
    111 163 18 212 2 85 10 169 9 169 107 66 165 242 181 47 100 7 245 8
    52 9 78 251 244 14 23 171 223 195 108 155 16 151 200 3 70 240 232
    251 231 182 233 224 145 130 253 233 97 70 46 161 48 201 204 93 205
    40 234 122 152 123 85 88 164 226 187 163 89 245 0 10 158 142 152 250
    245 19 178 251 56 93 249 230 184 33 165 153 56 60 192 72 239 5 146
    213 32 230 92 20 143 180 153 41 67 100 196 27 116 7 70 197 187 71 23
    26 20 206 247 147 24 204 152 204 205 243 73 30 123 123 5 38 232 135
    155 67 190 192 152 32 131 106 210 24 10 223 65 149 245 144 91 249
    151 45 170 187 84 159 62 150 238 8 183 97 47 65 222 237 85 59 54 47
    48 101 165 169 247 189 47 43 2 44 159 210 144 111 155 182 233 100
    229 254 19 215 102 233 144 22 11 48 150 252 237 25 9 131 122 179 164
    145 209 115 238 59 233 246 196 19 43 151 162 166 254 60 144 81 216
    96 81 171 147 61 225 141 221 129 234 218 154 222 89 212 57 162 199
    216 36 5 123 157 142 49 222 175 186 4 128 38 254 232 36 7 231 224 98
    25 149 164 156 98 217 31 13 95 157 83 219 55 253 58 182 7 120 114 91
    152 169 82 217 195 240 229 201 84 180 209 201 55 70 98 127 135 34 60
    78 195 76 115 18 34 9 11 103 52 197 56 140 117 4 51 186 212 34 124
    249 48 223 12 103 175 79 142 95 22 198 94 76 11 197 97 14 50 172 200
    206 118 86 174 140 206 156 206 73 35 131 211 119 172 22 41 239 42
    249 229 227 61 255 151 191 134 198 166 8 7 67 14 58 252 7 151 23 191
    244 76 163 125 147 136 125 24 22 125 186 254 136 17 210 65 238 2 120
    214 113 244 55 82 194 156 127 73 246 181 19 12 79 16 243 118 226 69
    244 59 118 12 136 100 158 154 79 37 158 212 69 188 251 194 3 227 204
    242 227 44 156 58 36 36 197 142 0 36 95 206 194 188 21 65 181 169
    181 30 118 204 97 206 153 53 181 160 245 26 151 139 67 35 118 121
    236 59 26 139 113 32 15 105 188 210 213 238 35 154 253 102 137 213
    186 214 237 127 118 76 44 208 166 179 100 224 254 171 32 133 141 15
    229 18 172 191 193 62 119 149 87 62 74 23 93 155 91 207 78 185 33
    241 81 125 64 105 68 152 190 69 166 199 32 45 225 230 248 165 185
    245 35 178 90 92 231 46 84 91 165 228 212 203 238 231 231 191 11 207
    250 150 109 132 170 57 247 173 26 243 53 200 5 32 55 91 111 5 234 92
    54 32 3 88 233 218 247 60 32 122 6 40 231 89 122 90 105 7 53 232 78
    211 131 118 28 73 60 13 23 188 113 101 174 235 172 144 62 203 22 120
    67 65 10 34 148 70 148 183 178 90 132 98 124 69 100 167 24 183 166
    178 46 5 140 100 80 187 8 151 128 203 247 64 10 78 86 4 166 13 3 175
    0 105 116 52 174 100 221 145 117 251 68 218 4 169 45 251 44 5 202
    195 221 164 74 159 27 23 235 126 195 24 59 81 245 139 242 129 135
    147 169 247 209 28 233 212 160 140 216 246 231 233 173 204 11 95 119
    135 2 32 155 70 240 52 75 19 224 163 240 161 1 169 155 201 169 52
    184 62 161 32 167 32 231 131 150 36 101 121 102 0 236 171 72 128 49
    90 202 12 250 162 61 231 226 61 92 54 87 200 99 214 20 74 127 192 91
    96 112 41 30 238 182 172 52 7 204 78 139 94 9 200 26 156 139 168 76
    194 50 239 193 245 67 13 204 162 36 39 231 94 116 111 228 56 13 164
    153 185 180 209 207 216 145 152 125 133 214 10 214 158 182 231 169
    118 187 29 15 71 127 116 45 139 249 230 252 251 156 207 112 59 147
    212 112 30 160 39 110 196 185 67 133 35 183 137 103 141 75 11 200
    222 134 194 194 8 152 95 216 47 180 91 82 90 101 166 95 128 254 180
    134 35 82 190 63 146 111 112 184 197 249 71 210 205 135 188 14 10 96
    62 75 12 232 83 112 247 194 238 217 140 59 111 136 105 186 40 115
    242 108 210 91 157 207 147 165 251 104 189 41 93 91 84 127 24 92 253
    84 119 32 228 177 24 198 42 195 89 16 176 214 105 209 91 116 83 129
    152 30 185 232 58 216 224 242 126 213 89 184 176 5 154 118 32 245 75
    203 140 134 165 22 71 81 23 103 157 151 198 233 125 192 254 185 18
    33 217 33 212 24 16 146 217 173 57 139 255 119 134 76 111 166 107 20
    72 164 23 53 112 154 249 120 225 100 133 245 160 181 231 109 202 252
    191 134 98 172 139 210 24 252 231 27 195 145 160 227 184 191 176 222
    248 142 15 88 17 219 223 187 16 2 10 159 158 165 79 205 41 165 67 62
    19 77 178 187 122 78 211 228 236 114 163 221 197 29 205 163 255 144
    238 186 166 138 252 228 250 1 155 63 210 26 101 248 223 43 174 20
    172 102 133 238 21 96 76 224 99 42 155 48 133 119 82 23 64 116 78 62
    154 244 98 120 11 138 198 150 80 81 150 192 11 200 54 188 179 95 246
    38 21 162 50 120 60 198 155 167 82 194 17 39 108 181 141 73 244 186
    40 24 157 39 67 91 157 179 1 120 87 98 169 252 62 217 109 79 31 29
    146 16 110 53 159 166 224 70 5 218 38 226 80 161 202 159 98 223 73
    168 201 124 87 168 138 214 84 121 239 46 124 171 253 124 121 67 65
    124 162 30 160 99 211 213 117 194 221 187 211 145 1 27 225 163 142
    170 228 158 129 57 192 202 2 255 146 250 135 39 118 24 110 50 28 27
    34 7 101 7 156 116 92 39 186 149 68 36 54 23 134 31 17 54 172 63 88
    100 99 250 211 139 22 103 199 87 175 130 169 192 187 175 88 26 40 25
    69 117 210 227 209 87 242 21 179 139 200 132 50 226 48 156 2 84 115
    156 169 21 242 233 228 169 34 102 249 64 6 247 90 179 176 169 144 8
    244 56 130 55 213 216 118 243 3 189 189 98 156 245 85 147 24 46 123
    240 6 214 106 46 61 142 157 133 248 34 47 108 242 252 246 208 200
    234 237 197 122 134 241 14 86 236 101 4 219 42 8 30 74 49 13 13 9
    228 232 138 101 102 39 96 232 16 178 143 39 91 212 191 80 185 124 95
    231 100 62 203 46 190 230 10 136 252 247 202 141 176 98 196 178 234
    166 165 64 60 134 245 6 210 237 244 159 91 19 247 244 25 212 164 164
    77 246 40 132 189 215 116 213 50 236 169 53 73 155 70 46 63 50 208
    63 44 47 241 147 81 89 95 134 115 23 169 33 120 7 71 100 10 215 213
    153 230 231 54 177 113 64 154 158 35 73 154 216 29 24 185 161 192 64
    188 190 250 33 120 204 156 154 80 183 173 95 155 71 75 29 104 183
    142 101 74 144 128 39 250 167 131 215 119 145 238 1 39 155 216 58
    231 187 238 8 102 20 231 234 56 186 173 103 177 243 94 51 46 240 11
    143 29 224 123 17 22 244 91 96 56 96 90 197 141 90 246 243 79 123
    183 108 209 109 222 0 214 199 3 245 209 65 239 134 121 185 211 99
    146 58 159 38 27 147 154 80 236 0 6 110 243 0 213 198 109 17 46 50
    133 105 44 105 212 155 238 72 31 35 190 62 27 146 92 238 36 225 154
    117 241 105 30 172 34 127 130 120 8 50 137 12 54 78 137 16 49 243
    142 62 17 95 218 252 254 197 30 109 148 29 121 232 96 56 104 252 37
    56 238 234 91 246 226 234 117 194 88 158 244 222 59 153 4 67 40 251
    40 27 17 84 143 184 144 72 161 229 188 17 197 101 43 127 127 139 187
    180 109 23 216 109 120 128 149 230 14 246 145 26 0 243 230 120 145
    120 194 239 173 115 37 43 44 46 69 35 177 200 57 72 80 10 161 40 181
    51 1 45 105 21 252 113 230 191 155 24 220 222 109 169 88 194 122 43
    235 2 232 227 123 174 47 42 230 146 156 11 18 82 111 32 9 185 198
    254 204 148 252 45 177 76 172 174 3 133 138 248 99 133 248 147 247
    57 171 143 70 45 97 239 155 73 217 109 112 58 58 127 167 74 245 200
    175 104 236 87 68 38 168 233 67 149 92 199 118 125 104 29 31 150 246
    127 216 91 213 113 14 175 24 75 17 33 126 141 96 95 184 49 144 18
    235 63 161 85 3 169 217 40 217 44 163 151 147 164 187 111 2 230 49
    105 234 51 189 94 240 231 15 187 225 158 63 101 195 241 177 85 92
    142 157 242 190 189 242 227 247 151 226 115 99 13 115 178 174 3 105
    26 30 19 100 201 204 158 75 111 7 232 219 14 199 149 247 236 106 133
    249 178 215 185 55 231 74 113 130 70 23 71 85 164 7 127 219 112 180
    248 198 244 196 231 175 131 64 54 25 2 67 226 105 174 48 177 40 91
    153 62 14 16 233 154 208 26 118 238 246 158 99 172 231 204 36 152 58
    135 177 8 175 8 10 9 228 37 63 239 72 156 254 255 157 92 26 148 58
    95 185 213 197 91 245 55 64 68 206 78 111 246 118 218 179 226 174 3
    133 106 102 204 70 237 126 169 52 42 39 175 179 175 2 100 71 101 243
    64 86 199 32 191 127 234 131 193 19 90 110 9 62 147 121 89 125 247
    23 216 14 240 43 12 205 131 139 236 21 1 172 68 89 227 175 180 108
    238 72 129 166 53 216 60 108 244 105 126 240 212 61 235 35 19 105
    123 224 109 60 246 228 67 166 126 123 85 163 194 125 85 133 112 48
    26 198 211 9 157 202 64 103 246 55 13 21 200 166 210 104 108 224 91
    110 46 142 154 23 131 172 91 169 5 248 107 132 101 93 151 114 4 23
    76 87 55 116 250 206 241 34 234 38 181 112 173 234 152 218 163 119
    152 114 233 248 79 157 219 231 216 122 58 44 148 125 200 179 74 190
    180 0 112 202 50 31 121 125 132 46 104 159 186 68 55 80 163 2 23 54
    149 138 209 222 246 183 229 99 161 123 185 42 175 93 140 43 199 153
    53 187 235 185 195 212 196 107 234 30 63 76 99 16 131 23 217 243 193
    212 179 59 20 162 66 32 62 15 25 132 80 28 106 201 41 7 225 222 16
    205 246 248 42 97 2 250 89 197 109 58 234 85 242 118 241 167 239 105
    76 249 245 16 160 134 114 41 218 158 91 26 39 184 217 229 39 143 224
    95 108 128 158 119 65 16 104 143 59 240 87 68 36 133 235 126 54 60
    210 239 38 210 220 71 85 243 205 163 12 23 192 138 64 157 54 159 199
    85 62 144 37 163 248 59 176 200 200 8 80 158 235 26 90 206 161 169
    71 201 95 69 31 18 140 181 156 170 97 3 91 163 59 179 45 6 45 111 6
    204 6 140 79 111 115 138 148 39 200 128 149 227 205 18 62 76 154 49
    214 16 1 129 97 44 81 24 69 56 77 184 18 138 86 216 132 203 236 7
    232 101 57 169 143 14 110 170 230 95 56 249 27 130 40 152 63 216 54
    186 86 186 210 78 99 198 7 114 188 177 210 124 143 105 206 166 232
    112 30 82 167 100 179 37 42 86 169 181 225 186 212 157 54 86 28 20
    144 105 201 222 229 61 161 37 247 65 161 190 217 157 21 119 208 128
    37 204 110 229 241 32 75 97 53 161 119 76 29 170 103 162 83 175 31
    174 97 149 243 56 204 39 1 208 168 132 221 52 223 197 0 234 48 167
    177 93 72 200 82 228 190 247 66 83 38 226 150 11 46 5 113 149 126 7
    250 108 145 130 150 107 157 95 187 107 72 229 66 179 58 254 119 116
    50 141 27 98 211 238 236 28 195 232 172 78 122 49 206 60 62 25 129
    198 158 196 6 47 49 255 172 167 63 30 27 230 30 167 219 149 43 96
    186 219 155 71 95 140 23 178 161 240 5 233 247 145 155 66 95 172 70
    217 43 172 99 133 29 158 192 154 14 250 39 11 254 24 198 148 81 177
    186 172 174 254 16 157 87 221 120 153 17 165 9 21 53 28 56 57 126 38
    139 76 49 15 250 165 122 85 199 103 57 91 209 253 60 104 30 240 110
    239 100 224 167 205 115 49 32 245 191 244 27 97 31 78 114 203 194 42
    121 198 24 205 75 215 246 208 164 50 62 9 144 68 2 139 145 232 0 183
    107 198 116 186 128 82 22 159 23 4 22 219 220 17 95 246 187 89 54
    189 81 236 192 148 171 14 87 194 163 109 103 22 48 198 1 127 53 12
    64 1 163 35 109 165 112 200 94 89 193 212 49 153 157 229 97 235 196
    227 207 59 64 208 176 140 115 22 49 89 45 121 84 238 23 198 185 186
    71 122 162 17 162 111 45 26 152 198 233 17 100 9 185 83 193 241 214
    20 144 16 146 183 200 184 193 79 210 131 65 243 189 198 142 4 81 141
    213 80 152 73 88 1 170 140 179 220 46 25 141 93 162 91 150 208 163
    20 229 34 214 37 80 186 58 204 67 7 185 46 146 167 145 216 89 210
    186 163 112 92 142 114 120 114 164 101 151 39 79 107 149 106 32 54
    43 9 54 161 217 202 185 79 6 27 111 182 79 26 148 219 47 98 79 140
    184 218 144 180 31 88 149 173 153 119 163 239 64 127 157 226 76 106
    126 251 172 58 128 90 26 139 231 35 109 30 255 180 226 137 95 242 27
    191 47 248 232 120 114 67 247 37 254 88 11 153 204 163 46 121 46 45
    199 72 214 189 21 2 77 37 128 203 17 208 102 73 16 59 0 18 228 68
    247 26 37 139 221 146 119 246 183 153 200 161 51 163 81 240 220 124
    188 35 194 139 212 12 192 237 190 41 41 158 23 6 15 85 168 43 249
    130 17 74 113 74 242 71 66 233 226 147 39 43 20 36 140 52 123 43 50
    170 146 9 0 27 4 148 172 129 226 12 38 53 219 49 213 99 246 168 10
    249 254 251 26 31 147 15 131 171 137 76 123 189 11 103 114 73 57 164
    196 215 158 120 112 98 33 188 39 231 230 112 226 8 113 21 67 99 243
    25 86 153 44 141 116 116 94 232 170 145 43 44 153 120 51 253 230 5
    34 220 111 187 190 250 150 182 183 11 98 255 217 178 116 191 193 30
    198 206 150 75 201 244 103 22 133 26 125 82 149 185 153 14 54 125
    110 88 95 79 47 93 105 197 172 213 175 56 75 208 66 43 33 132 150
    168 64 92 12 113 195 232 99 137 195 119 135 158 216 228 210 122 32
    245 158 133 92 170 251 122 223 78 237 174 66 146 232 130 15 113 132
    165 39 239 135 136 173 181 229 41 182 125 51 74 217 50 11 56 163 40
    117 136 16 89 192 193 157 243 55 227 180 138 234 74 181 125 111 255
    36 171 40 168 113 220 84 65 70 88 112 185 114 231 26 121 91 224 110
    59 62 1 237 6 12 39 161 132 173 122 16 195 141 166 69 71 223 75 252
    9 198 82 48 238 47 176 78 54 16 217 191 87 174 87 9 190 60 75 47 130
    26 63 253 187 231 145 239 124 52 233 236 236 170 60 99 28 133 72 236
    255 94 110 136 43 21 238 80 167 40 94 157 238 217 249 166 187 187 53
    239 130 9 163 28 182 237 0 90 134 179 133 203 144 4 231 252 45 200
    149 156 223 163 148 218 18 131 230 248 152 50 21 99 239 177 41 182
    230 113 86 239 23 228 171 79 27 207 171 231 36 199 180 234 242 128
    150 214 169 221 229 164 147 242 96 106 215 213 172 95 104 193 131
    226 196 229 79 130 19 127 221 67 104 250 213 122 238 96 153 45 15
    136 41 250 223 253 37 5 133 84 32 89 122 208 171 165 20 182 200 190
    30 80 212 225 195 104 170 109 217 24 38 186 84 32 216 192 190 190 32
    38 137 12 206 226 241 161 149 125 2 75 183 243 94 193 112 70 187 208
    166 237 161 36 144 149 125 35 223 119 180 101 60 94 179 109 58 229
    214 89 35 79 177 160 18 13 67 145 43 7 238 221 10 213 131 176 197
    186 52 213 207 229 239 49 123 230 238 157 202 85 40 159 15 2 157 54
    50 93 245 125 183 153 227 98 139 168 131 119 156 79 108 23 2 147 77
    248 234 61 22 231 180 138 46 126 227 202 215 79 130 10 29 226 158
    128 157 227 249 62 10 95 37 177 192 64 190 175 76 216 128 11 130 169
    205 203 198 143 187 48 103 226 72 103 81 113 1 231 98 238 247 83 84
    206 255 162 183 132 225 194 10 32 59 98 218 215 35 3 28 86 199 169
    60 177 5 12 128 69 42 14 192 180 175 12 182 196 191 250 91 108 167
    185 81 73 254 196 41 89 64 63 107 116 28 195 220 236 204 43 220 52
    242 28 110 130 132 24 79 112 193 248 201 144 189 11 96 164 135 7 130
    23 224 62 156 117 35 222 86 148 58 178 245 103 58 70 164 175 155 238
    168 64 119 228 86 101 99 155 187 79 200 159 13 50 92 18 220 152 25
    227 223 232 14 149 243 92 189 201 108 244 175 244 233 181 154 36 218
    64 2 172 250 198 79 224 176 57 99 107 12 36 4 29 82 195 48 163 94
    137 193 216 5 93 16 204 193 185 8 219 160 69 142 98 22 72 66 213 115
    141 115 99 36 3 81 152 89 156 173 77 98 184 217 113 17 133 64 64 233
    224 144 27 191 77 72 106 169 19 160 97 212 123 130 173 125 17 211
    116 20 100 6 62 221 10 41 87 39 112 86 71 222 205 221 236 48 75 22 6
    136 5 116 194 254 233 10 153 15 233 252 148 41 95 27 23 66 120 111
    48 113 117 130 158 21 68 74 50 5 105 27 98 226 110 174 79 68 147 114
    42 212 194 109 98 144 25 247 197 116 99 108 116 177 35 54 16 250 171
    95 67 240 219 124 51 150 196 83 45 146 100 35 13 76 195 40 143 48
    143 143 23 124 23 199</data></test_img>
<my_img type_id="opencv-matrix">
  <rows>100</rows>
  <cols>100</cols>
  <dt>"3u"</dt>
  <data>
    20 138 165 99 115 153 235 101 210 43 109 73 255 128 38 194 71 43 46
    234 99 214 255 112 192 225 86 187 173 117 255 18 4 200 206 10 33 135
    213 255 107 151 255 255 150 157 128 174 255 171 234 231 35 141 79 62
    255 92 251 34 186 153 4 253 132 255 174 13 85 98 91 31 146 255 133
    255 205 58 228 249 219 255 36 39 173 80 202 130 29 84 36 115 110 13
    129 83 194 249 134 129 183 72 18 251 152 112 179 55 7 27 212 156 158
    141 1 38 217 171 66 179 206 118 255 25 255 255 216 163 222 255 86 96
    105 207 255 255 25 202 255 106 197 255 100 118 254 150 104 231 150
    241 255 150 59 255 18 218 255 164 255 240 34 99 255 119 78 255 44
    218 111 199 224 84 235 16 11 221 241 202 112 132 84 78 213 36 3 255
    255 90 237 253 102 53 37 59 1 249 20 255 175 255 144 255 215 67 55
    113 9 54 120 34 144 107 51 214 71 148 255 157 81 235 133 10 255 255
    108 255 83 189 140 192 140 72 44 128 36 115 132 86 145 170 66 255 83
    109 255 191 237 236 80 195 180 165 34 255 246 115 153 90 105 107 227
    112 59 41 157 251 219 95 116 115 255 78 37 103 226 2 145 110 158 255
    19 255 92 255 23 116 62 146 227 67 69 54 158 214 255 32 10 59 186
    180 82 234 164 255 202 100 53 16 246 208 64 253 148 19 255 8 81 64
    28 25 111 179 112 102 255 81 112 237 125 179 18 204 111 63 107 190
    255 152 255 255 104 201 249 169 235 49 255 204 96 124 255 255 82 253
    69 169 99 152 146 118 255 232 216 108 254 133 45 74 131 181 192 22
    138 146 243 43 123 255 192 235 206 4 168 255 11 62 255 140 30 203
    248 147 150 119 60 218 182 51 123 179 181 122 236 199 98 120 59 188
    72 47 177 255 38 76 121 232 33 125 47 97 158 139 166 113 135 171 65
    148 102 255 85 221 14 119 188 144 120 14 119 57 233 255 33 31 181 70
    143 199 90 114 78 34 197 3 204 222 66 66 49 50 39 57 33 202 159 212
    74 20 249 202 126 255 96 158 98 244 91 179 152 213 92 47 24 254 74
    69 83 219 210 255 108 198 255 116 253 212 17 138 71 212 255 124 221
    29 255 223 25 65 90 128 98 209 152 28 15 255 175 19 96 233 255 63
    255 83 201 170 145 115 18 77 120 54 35 162 117 56 64 217 21 85 165
    69 255 17 64 75 255 38 154 116 7 254 119 53 248 157 69 164 157 1 182
    58 75 188 28 145 158 9 65 34 105 149 255 20 218 90 127 243 19 101 48
    72 34 50 46 255 181 48 255 162 20 255 215 29 255 45 189 112 146 2 29
    116 187 255 35 117 50 255 2 145 83 213 30 61 199 101 156 131 215 221
    255 241 213 219 59 60 40 5 48 255 108 255 255 138 2 169 24 255 153
    142 244 48 84 159 61 255 61 255 255 61 110 132 121 127 161 142 111
    255 126 25 116 23 255 224 28 247 159 201 45 51 164 16 241 233 2 26
    149 169 138 11 210 244 169 46 71 105 139 255 92 7 121 255 235 159
    206 62 71 211 108 156 227 106 5 70 201 112 255 24 255 91 33 179 227
    213 84 254 222 94 112 131 105 8 231 145 179 1 255 87 210 220 140 152
    255 252 211 248 65 61 255 23 150 255 255 214 255 173 245 255 186 4
    255 107 56 253 76 127 87 63 116 255 178 40 154 0 139 210 44 15 153
    253 11 108 3 25 29 77 128 255 15 78 194 130 201 194 156 227 156 120
    3 229 255 190 236 107 207 55 123 130 255 172 127 255 55 41 95 163 72
    214 135 184 141 55 166 255 161 2 255 76 192 255 14 108 148 108 253
    105 242 85 235 98 191 67 144 41 134 169 75 57 195 57 204 79 139 53
    50 84 163 207 31 255 211 120 255 98 165 132 236 219 255 28 247 148
    223 213 188 54 143 211 255 168 51 255 38 255 242 254 86 0 237 40 77
    226 130 11 122 62 252 237 255 115 102 206 255 94 142 255 206 255 2
    218 198 215 177 183 235 90 246 20 0 51 242 37 7 236 57 13 32 91 53
    54 34 203 255 40 150 199 229 162 97 142 133 144 247 162 24 83 84 160
    189 255 195 80 66 235 109 96 49 141 149 206 68 40 35 47 169 203 206
    249 36 229 190 154 247 54 76 38 42 233 203 29 63 194 96 255 85 255
    164 21 255 2 159 219 162 223 255 6 74 80 151 193 112 255 210 233 231
    118 75 185 84 100 229 189 255 5 243 83 170 88 87 170 144 237 255 70
    112 140 76 255 11 45 78 64 207 26 75 255 246 77 169 255 34 191 179
    96 167 101 61 90 229 74 195 141 35 249 255 215 152 4 194 21 140 164
    129 211 198 60 112 105 38 174 202 90 50 25 147 163 237 175 71 47 180
    130 194 249 79 220 62 55 255 168 248 131 29 255 70 76 86 4 157 255
    207 153 136 173 9 167 7 255 53 87 218 255 149 255 217 251 31 25 119
    172 255 172 24 220 73 189 225 147 174 255 193 0 249 62 5 255 180 164
    174 53 194 173 75 249 29 251 143 206 95 181 132 40 43 255 49 39 101
    207 169 175 255 227 142 200 33 255 104 136 29 212 109 94 253 25 32
    77 170 152 199 224 166 76 106 51 37 9 119 226 215 255 124 80 16 51
    218 255 36 246 255 199 227 255 144 165 156 170 45 194 126 1 149 192
    70 79 59 10 237 255 36 212 216 99 152 209 129 28 255 46 33 164 90
    255 188 230 134 215 100 204 2 21 152 32 1 255 255 249 186 73 144 156
    198 241 255 96 35 255 47 76 159 233 188 84 135 76 208 164 23 248 178
    255 221 154 114 22 191 144 18 27 175 62 150 187 157 67 182 255 105
    203 37 109 255 199 145 219 229 60 187 152 27 198 84 68 218 216 34
    214 142 167 138 255 204 49 123 244 216 113 28 33 255 204 189 255 92
    202 154 27 223 11 119 53 246 223 189 179 207 103 7 69 121 42 236 94
    3 200 188 72 138 223 255 0 67 255 255 86 255 179 255 255 67 105 103
    139 95 24 250 255 38 13 28 195 205 205 210 222 16 232 226 255 212
    221 116 227 9 86 217 209 109 250 116 153 132 184 45 255 250 160 82
    179 126 253 54 165 21 206 233 111 79 117 246 81 82 96 144 250 21 182
    151 14 58 217 255 9 111 84 116 140 124 67 246 117 235 131 123 2 87
    255 182 91 47 57 92 87 96 38 78 181 108 194 187 197 101 255 97 255
    172 81 163 37 221 171 24 171 174 112 172 79 112 255 196 150 216 17 3
    114 80 241 114 255 192 71 210 98 21 236 108 183 255 215 213 171 84 5
    255 157 80 70 95 66 255 167 148 216 37 130 255 118 124 95 228 143
    255 117 0 255 138 66 191 163 221 223 150 247 148 255 234 157 232 69
    117 17 169 255 209 116 71 70 14 70 44 163 116 123 151 17 249 121 30
    206 69 171 175 254 174 190 158 246 255 73 255 27 213 75 126 255 248
    0 44 129 168 132 29 147 218 229 126 130 123 169 103 212 234 212 255
    41 210 161 29 58 185 255 129 150 252 131 188 195 225 40 117 130 232
    13 240 163 73 217 212 13 124 187 118 115 66 135 219 62 118 136 255
    46 179 83 105 31 70 149 145 196 101 55 255 251 62 167 255 37 104 79
    95 249 74 255 255 94 118 86 255 255 199 147 236 76 38 188 72 240 184
    255 179 252 119 210 123 228 241 180 244 39 39 71 255 165 134 60 255
    241 85 249 255 178 226 220 255 24 255 224 68 178 64 1 194 113 96 255
    102 0 255 80 144 138 224 67 255 168 33 26 247 255 240 16 111 152 184
    167 26 32 229 41 56 255 255 230 63 78 254 40 0 203 216 253 180 166
    66 8 39 124 9 236 255 172 162 45 91 184 136 224 36 255 128 142 137
    62 34 28 89 231 105 206 203 219 180 168 255 95 91 129 163 114 255
    161 159 41 2 28 115 198 103 211 152 139 55 169 132 182 50 56 40 75
    142 228 18 22 207 246 207 177 89 255 95 0 200 255 229 123 255 209
    112 217 220 27 153 33 59 109 94 160 255 105 128 70 51 10 208 255 53
    91 168 255 255 146 3 255 95 249 119 9 33 18 88 240 127 140 55 231 94
    88 255 9 251 255 157 217 30 56 233 144 151 172 20 227 4 210 234 116
    66 104 204 161 102 85 210 138 134 166 112 131 255 113 4 18 44 79 62
    169 170 255 183 22 255 61 163 246 12 110 153 179 245 71 62 252 75
    197 255 26 112 255 59 65 179 142 242 90 134 161 187 65 2 52 174 47
    36 62 104 234 255 249 99 158 91 248 105 40 24 129 54 129 255 49 142
    28 171 142 42 218 15 196 204 223 78 4 152 92 216 50 49 131 181 212
    175 171 132 139 74 17 202 75 123 18 210 214 197 255 249 70 99 107
    182 167 179 45 88 156 62 69 167 15 63 72 182 255 149 120 127 74 175
    157 0 210 248 5 216 174 173 12 209 255 101 72 40 7 55 84 46 20 154
    247 212 28 183 226 28 158 79 208 23 14 146 85 98 178 81 72 9 225 135
    127 34 165 223 201 178 34 137 175 220 221 98 255 119 165 254 16 52
    157 84 255 108 178 91 225 39 97 237 146 236 186 180 190 154 37 51
    255 208 20 245 129 26 255 223 13 255 26 131 40 104 70 192 201 52 233
    140 253 119 161 91 207 6 247 66 76 66 30 117 147 255 75 28 124 221
    255 255 254 165 255 119 84 161 100 35 203 46 83 104 139 225 173 226
    219 182 105 108 245 54 14 153 245 255 227 250 99 79 197 247 229 54
    139 59 17 233 215 28 167 0 229 151 132 201 56 67 229 200 98 138 131
    99 85 181 255 65 58 86 50 192 255 129 59 58 24 15 65 19 147 58 242
    166 11 255 20 255 65 184 95 237 252 83 126 117 136 66 192 21 27 115
    255 161 74 11 240 225 255 112 39 255 103 171 255 170 126 134 231 22
    87 140 128 95 37 114 200 23 116 132 27 176 91 41 240 255 212 188 255
    24 154 169 181 56 206 63 116 16 19 168 29 216 102 255 250 52 61 159
    32 108 38 87 132 162 254 16 107 204 51 4 10 90 173 141 94 177 2 153
    137 64 125 65 177 255 59 80 183 85 105 185 58 52 171 197 43 74 105
    97 255 221 15 188 207 249 255 9 255 255 117 199 40 18 255 255 255
    236 71 150 107 255 164 70 255 9 177 255 200 69 255 74 97 112 115 168
    255 112 255 255 153 255 204 255 1 38 17 55 59 242 255 87 51 111 80
    37 88 248 244 255 255 237 5 255 255 146 14 143 203 233 62 47 161 194
    212 71 96 255 94 118 95 255 50 255 78 241 175 196 205 255 72 151 47
    194 223 255 202 70 181 208 224 23 125 85 28 194 112 74 16 17 110 255
    246 117 153 166 182 38 199 110 7 204 169 255 221 253 0 23 136 38 68
    198 55 221 12 235 95 115 255 166 252 153 247 253 100 252 78 103 74
    153 103 140 143 210 121 59 255 255 198 170 40 144 149 230 119 94 181
    82 37 66 255 195 255 255 138 40 201 246 208 182 227 165 248 255 103
    206 255 21 164 53 105 111 153 104 217 37 29 35 29 126 179 123 21 107
    140 66 228 26 219 134 255 106 29 46 48 108 217 103 231 255 47 255 75
    163 140 69 206 154 55 24 255 255 169 90 233 108 156 24 94 229 130
    129 111 51 39 133 20 64 123 38 41 118 58 255 255 99 190 84 80 255
    204 109 167 109 9 249 45 91 142 63 202 109 255 78 245 219 188 158
    213 163 51 34 255 230 47 181 168 155 212 195 25 255 230 107 9 162 58
    173 144 63 83 246 144 229 15 62 16 32 195 207 59 46 255 178 107 255
    5 247 33 179 135 220 71 255 255 184 255 65 154 80 177 37 81 146 75 5
    255 228 135 13 1 215 194 186 255 211 100 159 188 249 255 88 184 129
    231 21 79 108 195 183 255 42 245 243 141 218 83 236 170 196 78 91 65
    198 164 255 115 49 166 85 27 186 255 171 190 159 169 29 158 107 111
    121 202 62 69 223 38 191 112 255 181 5 232 143 43 255 66 105 74 17
    234 124 168 23 253 24 93 194 55 249 245 158 255 255 58 71 49 115 189
    255 247 253 111 255 33 14 50 122 133 143 111 235 253 197 133 122 223
    255 67 154 107 249 198 20 107 87 255 100 205 241 88 178 25 159 144
    255 207 212 223 251 123 255 105 169 200 255 67 255 140 240 196 214
    255 255 182 255 208 185 147 255 28 255 171 48 255 199 188 204 212
    250 181 133 94 11 149 250 15 239 240 49 215 8 172 87 216 82 43 248
    21 72 245 158 244 59 17 250 113 227 198 115 193 229 101 67 113 137
    45 223 35 58 239 75 59 255 210 156 255 141 50 255 255 4 3 45 87 104
    255 233 18 172 224 255 138 90 140 213 255 156 193 55 177 82 209 196
    137 40 0 43 45 49 192 109 255 161 104 255 105 35 187 83 166 255 5
    188 24 88 141 98 255 158 255 188 229 245 12 93 4 39 209 255 239 7
    255 208 16 195 208 40 173 255 186 255 8 37 13 129 67 255 137 226 150
    138 255 241 70 105 18 49 216 255 187 192 246 7 104 232 35 159 22 99
    111 67 94 19 90 206 190 255 29 188 95 198 105 225 77 251 70 226 99
    125 84 81 57 112 28 142 158 21 41 202 0 45 143 17 255 0 215 129 88
    255 255 200 249 203 158 169 196 84 1 12 35 53 255 167 45 62 118 120
    255 101 176 211 245 255 181 163 202 144 194 222 255 255 8 161 143
    171 185 161 206 224 58 99 0 0 171 255 105 143 198 241 43 192 225 39
    227 120 37 12 98 255 249 178 204 140 100 24 79 150 174 255 235 215
    28 147 225 22 167 111 99 37 178 255 6 249 255 215 131 190 126 35 255
    2 241 159 216 98 59 252 81 150 199 88 175 73 110 255 200 255 255 107
    139 255 148 151 255 190 154 42 24 238 134 255 134 254 157 132 241
    207 246 123 128 188 72 101 51 255 251 76 255 195 90 255 26 46 229
    255 117 90 255 75 33 29 242 255 247 150 186 167 131 195 88 131 255
    222 255 255 202 194 76 255 74 12 117 78 156 195 76 255 147 47 61 51
    114 140 237 255 215 75 78 255 53 21 95 199 93 255 73 104 255 44 112
    7 88 95 208 255 84 59 233 199 200 203 91 248 66 239 255 88 133 235
    177 163 29 7 255 173 46 74 221 161 194 255 189 255 255 168 106 255
    80 70 190 57 50 119 163 31 235 151 48 53 165 19 82 255 227 175 223
    45 115 139 14 61 139 14 229 8 141 24 45 7 109 100 0 153 41 21 96 151
    234 255 92 231 241 109 134 28 191 159 90 112 66 255 8 58 255 12 190
    50 140 231 255 48 130 255 17 162 148 255 152 246 249 255 255 42 255
    200 142 246 123 107 249 28 126 46 32 86 148 252 34 94 54 219 118 75
    142 10 121 160 255 70 50 248 13 69 156 255 103 112 255 27 44 169 4
    246 24 83 187 255 3 35 255 54 14 243 182 23 162 255 136 37 65 255
    101 58 45 125 17 27 255 204 44 221 171 255 192 168 93 255 123 24 152
    34 131 255 64 147 108 115 143 30 112 107 248 160 146 123 148 218 8
    212 216 255 57 228 255 68 223 90 105 27 161 248 160 192 245 234 255
    109 83 32 89 229 255 40 34 42 15 68 255 23 70 255 83 50 136 101 15
    255 29 150 33 103 159 21 236 128 255 36 72 178 188 104 192 198 76
    175 252 122 141 206 5 253 46 5 12 41 198 117 104 178 136 243 255 124
    158 159 255 248 217 136 77 255 255 156 211 101 130 224 175 111 223
    255 163 249 57 144 84 128 36 136 115 17 255 80 143 159 152 8 51 72
    191 19 169 103 61 101 41 71 255 34 194 124 100 111 255 51 34 252 255
    157 211 230 239 14 252 47 167 22 233 152 140 105 167 111 75 104 96
    127 252 146 132 206 199 164 211 255 58 158 219 188 195 220 198 82
    106 46 51 99 255 127 159 94 255 28 136 101 21 255 243 29 171 14 147
    239 255 131 126 255 191 186 65 47 60 104 9 19 79 180 99 71 255 35 29
    243 33 24 29 51 255 255 159 30 59 241 255 21 199 170 245 234 255 195
    114 3 255 251 67 58 70 70 59 108 125 209 19 255 138 152 130 163 97
    11 255 195 82 175 140 255 46 98 161 204 188 185 187 143 142 186 81
    58 104 76 255 107 73 121 190 95 28 190 255 188 205 168 255 132 255
    53 136 108 121 136 250 255 147 109 41 210 122 51 133 20 255 219 235
    255 255 255 246 25 15 29 119 117 215 130 105 4 35 16 91 116 23 223
    253 200 43 250 255 3 194 200 255 1 99 255 214 153 29 96 63 16 99 138
    153 82 1 255 109 90 161 38 95 146 181 162 150 141 160 104 71 55 255
    65 255 255 40 41 255 255 29 66 80 255 69 202 107 129 121 188 255 168
    15 79 141 242 123 255 255 186 251 235 214 53 242 120 90 45 177 197
    177 255 127 11 255 210 255 74 18 90 165 235 166 5 13 32 43 255 95 4
    252 25 252 14 236 255 6 235 255 221 180 86 46 255 204 181 84 152 1 4
    239 26 255 113 182 110 46 215 239 233 166 180 42 194 223 182 182 97
    22 209 49 33 142 188 255 129 35 178 141 255 25 182 153 8 173 68 146
    149 74 53 142 242 255 243 197 95 151 83 62 35 238 255 106 57 55 181
    49 188 103 192 171 137 68 163 74 146 255 201 171 214 28 171 51 145
    205 223 171 41 249 246 74 74 11 105 152 230 145 105 181 202 177 184
    112 128 128 162 255 164 1 183 121 226 255 165 200 187 55 53 255 246
    80 83 126 242 113 118 237 125 88 61 255 169 195 20 197 105 216 124
    100 0 20 62 220 56 159 80 169 60 255 39 19 108 234 219 40 42 111 18
    197 138 217 206 246 255 122 22 123 255 130 255 214 20 132 123 129
    255 62 102 255 62 39 255 66 255 121 32 193 42 255 131 0 84 94 104
    143 126 207 167 209 123 62 169 255 154 99 245 73 205 224 172 164 255
    45 95 255 39 26 255 168 139 63 116 242 8 104 72 255 103 2 20 123 239
    255 24 210 255 142 182 236 221 135 171 57 150 255 69 119 159 145 239
    191 17 9 255 82 63 100 14 229 163 32 206 199 60 10 129 130 1 62 152
    233 74 255 198 166 20 32 101 255 230 54 216 102 173 47 24 4 179 107
    225 42 107 255 182 7 255 138 206 156 245 38 82 25 127 169 214 255
    255 20 201 255 16 22 120 38 51 76 255 21 253 183 37 255 112 111 188
    192 99 150 141 106 26 7 243 255 102 112 255 187 112 29 255 146 255
    234 84 255 148 135 142 220 108 192 255 85 83 255 235 239 132 56 255
    14 9 255 18 32 144 160 40 255 55 199 144 4 193 123 137 199 46 131 49
    29 221 252 255 228 57 255 130 234 21 17 145 255 249 236 113 255 110
    136 193 61 30 191 206 255 104 193 165 106 127 255 167 246 192 91 37
    255 37 198 255 130 139 255 160 27 91 88 142 120 140 121 162 175 85
    237 111 254 84 68 140 255 197 129 115 14 80 166 128 179 188 53 146
    216 188 186 162 247 180 212 117 16 117 62 231 96 139 195 37 226 122
    255 166 233 190 207 97 99 83 75 167 158 201 255 76 255 255 142 99 84
    99 175 255 85 202 74 54 172 120 139 210 159 84 43 171 143 230 40 11
    84 57 185 171 145 225 108 194 162 174 255 79 94 0 166 248 50 56 255
    227 202 53 136 73 135 138 69 144 96 61 57 66 148 165 255 193 69 159
    255 116 40 15 117 255 243 71 255 85 240 255 183 15 125 9 80 248 110
    37 32 255 255 108 181 44 169 205 204 228 146 40 255 178 67 45 255 71
    255 26 255 5 19 255 255 75 81 128 20 100 138 1 51 255 199 64 171 140
    182 255 49 94 33 208 68 233 157 40 255 132 209 255 255 108 225 255
    203 223 73 151 37 247 83 79 42 205 255 163 163 88 25 168 65 104 255
    255 255 134 53 90 102 25 255 200 8 74 193 26 191 242 255 27 162 255
    226 255 255 18 255 8 67 182 244 13 58 120 117 133 237 16 1 231 42
    116 46 255 206 255 255 203 0 96 198 74 77 255 200 121 162 169 107
    200 255 14 69 87 180 210 202 192 52 47 225 255 130 103 59 148 255
    255 255 122 190 250 88 55 216 202 87 225 122 141 255 105 84 190 247
    234 255 89 201 255 181 127 129 64 104 245 112 212 241 160 51 129 113
    66 163 226 240 183 2 92 22 67 80 211 76 96 96 38 255 255 41 241 253
    252 139 66 74 29 255 143 255 195 224 41 54 210 178 141 139 55 186
    179 2 113 246 255 250 39 82 58 130 25 204 24 11 215 163 255 148 87
    134 255 214 251 244 175 72 3 2 179 255 62 235 104 38 47 8 77 55 255
    55 9 174 61 183 50 127 166 216 234 214 98 177 76 132 146 165 255 23
    180 255 183 164 255 241 255 145 157 255 255 241 255 127 58 156 255
    225 133 130 234 16 46 178 169 165 229 133 166 186 74 0 243 206 156
    210 255 121 49 74 171 255 201 255 49 230 71 122 3 255 225 7 53 36
    246 211 165 165 161 142 241 191 17 200 30 126 228 20 28 255 255 40
    17 255 158 53 239 178 254 255 255 33 130 136 144 53 254 241 211 185
    22 220 255 88 240 224 114 121 35 0 3 99 243 69 231 222 235 139 24
    175 62 229 231 207 247 255 200 31 80 171 171 255 255 255 57 4 191
    161 74 255 255 12 86 220 184 102 29 243 147 113 110 250 255 126 248
    217 225 255 255 163 188 63 215 116 237 149 105 241 255 112 255 107
    254 208 3 197 137 162 179 217 145 92 100 149 157 47 70 55 121 79 52
    255 255 2 138 51 91 58 195 102 30 213 210 53 246 108 208 205 26 86
    250 90 130 188 22 130 173 177 255 64 182 252 58 12 254 90 133 59 70
    226 236 120 100 255 205 27 1 255 255 196 77 109 255 182 255 95 177
    122 255 3 255 255 172 96 182 125 96 54 4 169 203 71 203 182 17 181 8
    29 166 158 253 155 98 234 181 255 118 183 233 187 183 255 147 168
    199 221 83 167 56 94 158 100 66 255 141 85 137 127 102 148 109 255
    115 124 41 192 205 190 117 255 74 231 214 193 188 141 128 11 144 242
    78 26 252 208 84 182 33 211 255 233 129 14 115 23 64 200 110 191 145
    168 49 132 166 148 255 70 160 149 215 41 12 188 15 195 254 28 220
    105 221 181 20 51 20 82 102 125 24 121 58 195 104 79 224 121 98 64
    165 142 32 76 90 248 216 249 125 100 255 167 252 109 204 255 57 163
    254 32 255 216 255 30 5 255 73 166 38 189 23 163 94 212 100 63 86
    255 103 155 195 116 255 111 109 134 140 27 204 57 221 181 94 193 211
    255 106 157 24 213 143 255 237 76 45 255 246 255 168 96 71 243 203
    46 23 225 255 59 186 157 65 80 24 198 216 124 90 255 255 148 35 255
    117 153 211 57 87 243 152 33 255 51 176 206 108 153 241 208 59 30
    229 53 82 189 134 21 233 177 45 24 28 45 255 140 90 180 155 38 178
    117 198 225 16 30 205 245 255 148 88 82 120 190 204 117 32 113 7 47
    208 7 255 75 13 45 29 198 90 255 239 240 62 194 59 255 200 255 174
    248 207 255 183 255 198 14 15 210 153 205 26 59 240 255 242 182 24
    78 23 17 198 10 244 12 112 255 253 163 177 123 253 255 164 255 255
    58 135 255 243 135 4 225 221 30 131 38 185 111 92 38 8 76 124 207
    181 255 46 73 255 23 27 111 148 109 198 218 107 196 2 255 187 222 80
    250 159 102 159 136 176 231 166 7 255 202 81 103 241 109 178 41 144
    101 157 243 171 6 175 192 110 146 192 255 143 62 195 255 87 200 200
    187 97 179 255 96 95 113 104 177 255 161 243 214 209 66 195 60 249
    91 56 255 182 205 14 67 98 166 37 7 57 255 116 33 142 130 76 214 95
    164 255 255 48 47 66 96 195 255 229 107 136 55 232 40 68 175 136 99
    228 121 100 223 29 154 220 208 119 255 63 13 16 8 213 40 243 255 185
    74 200 33 110 57 220 204 139 191 154 255 62 255 11 145 12 254 116 92
    28 79 3 72 255 109 122 47 247 92 206 68 140 38 30 199 40 92 187 255
    99 95 253 138 142 212 71 255 7 144 249 62 74 212 25 197 68 255 152
    210 255 147 158 40 255 170 12 0 189 150 2 225 63 189 14 255 71 255
    255 2 193 220 186 243 255 71 17 63 71 243 25 32 255 228 123 240 142
    168 160 120 255 172 55 163 25 42 124 22 149 230 41 83 131 215 9 12
    129 112 182 103 36 62 155 38 35 31 255 58 255 255 89 22 124 27 17 53
    255 193 228 112 171 203 255 177 255 183 221 127 224 73 149 97 32 113
    251 227 162 51 120 119 255 24 107 73 170 255 7 112 36 237 136 255 45
    91 255 209 10 255 58 255 229 178 221 72 13 33 121 208 85 255 73 168
    190 26 40 255 44 183 125 92 9 24 91 71 255 92 11 252 189 100 71 255
    183 187 141 198 185 42 112 255 2 7 65 133 255 255 245 68 255 104 80
    255 190 60 214 32 8 17 239 233 4 255 93 88 97 158 162 104 60 65 255
    229 255 142 226 255 124 255 125 70 14 47 124 189 228 30 25 62 232
    128 54 89 81 41 67 178 74 24 111 255 117 28 18 244 151 255 169 115
    83 174 3 9 104 242 124 7 148 82 234 177 255 205 144 255 255 233 153
    62 160 86 182 51 255 84 255 212 133 255 255 253 70 21 19 55 214 3 52
    255 239 191 236 40 0 149 121 5 198 18 206 255 227 245 129 240 103
    255 111 147 61 216 7 255 153 255 214 99 109 130 13 156 216 225 83 24
    22 63 28 180 207 120 55 167 33 255 50 175 2 48 14 57 108 255 25 197
    53 94 97 255 237 209 153 32 67 244 162 108 255 125 62 175 245 255
    208 0 231 124 225 66 255 224 228 255 222 255 178 255 72 43 135 19 11
    12 255 104 225 255 42 242 142 170 245 93 65 71 99 113 21 26 103 65
    199 158 6 73 255 47 39 127 11 189 255 53 228 161 19 116 255 30 255
    58 122 124 224 255 28 255 16 84 220 183 28 50 3 253 137 231 172 170
    137 91 7 99 235 177 50 199 255 228 34 237 230 195 255 226 69 58 255
    243 66 109 155 177 81 120 111 68 14 121 103 126 140 159 255 12 43
    213 146 227 155 208 165 128 255 255 83 255 88 8 21 255 124 194 17
    243 103 14 102 255 70 255 95 111 41 255 23 104 12 208 24 255 180 255
    255 215 22 255 70 134 28 179 40 29 255 22 255 25 49 181 88 49 96 122
    171 255 21 249 13 130 48 255 32 123 115 5 255 61 192 188 236 60 151
    181 101 195 83 23 245 30 230 46 255 208 136 121 181 80 16 243 12 47
    255 246 70 208 163 41 192 118 232 35 68 255 160 194 63 144 9 255 107
    82 130 165 237 30 243 229 255 2 76 98 1 205 170 194 212 255 11 255
    134 21 154 237 97 9 103 94 255 94 1 148 37 45 221 148 189 119 116
    225 50 227 147 103 255 67 71 255 154 67 7 235 226 255 249 41 235 65
    52 12 59 72 231 7 98 86 39 183 255 11 92 92 49 255 246 109 44 144
    101 255 255 197 107 179 185 255 98 229 11 40 241 67 91 191 198 255
    34 24 198 131 141 43 216 81 255 184 150 109 23 195 246 36 156 192 2
    180 237 123 181 57 129 155 111 12 191 66 0 147 18 101 184 133 248
    218 40 49 80 124 151 56 101 108 212 255 221 121 166 224 180 255 80
    189 244 62 200 194 129 123 4 255 251 26 143 250 12 255 88 171 239 17
    80 243 156 47 41 57 146 38 26 195 151 50 255 219 43 190 75 4 196 65
    205 255 198 126 125 122 111 255 158 255 207 126 82 99 218 142 210
    215 177 255 207 202 255 67 204 84 106 158 63 213 250 55 202 164 120
    160 135 125 194 176 123 36 119 69 86 255 88 111 177 244 224 197 9 5
    14 249 178 202 179 33 228 9 15 64 255 104 163 82 157 98 203 13 153
    127 111 15 28 151 46 45 28 104 178 174 91 255 226 152 38 255 107 153
    239 155 255 1 188 17 230 146 146 202 252 255 177 11 188 210 194 255
    104 131 24 212 178 45 95 88 241 84 255 76 97 107 255 253 126 163 112
    143 177 255 70 219 24 109 255 87 227 255 150 164 146 251 63 255 103
    255 71 175 225 255 169 255 248 105 227 111 166 156 217 198 239 199
    36 34 138 193 252 255 207 8 134 49 34 255 241 243 62 233 183 159 193
    10 69 30 15 84 13 103 22 150 3 255 30 88 255 237 156 190 117 217 137
    172 120 255 192 27 255 202 222 4 92 63 203 103 254 214 248 32 244 78
    56 255 230 31 150 53 39 94 3 55 255 198 116 255 183 20 95 61 228 255
    30 22 185 255 44 223 24 159 174 154 82 55 100 252 50 164 162 156 104
    76 255 58 164 121 173 191 255 129 109 40 188 78 255 133 124 255 82
    255 40 131 116 255 23 255 5 141 61 221 239 133 255 47 192 255 26 143
    38 54 108 177 255 238 255 209 191 204 166 123 207 224 90 127 253 235
    221 239 0 246 220 45 255 64 76 210 41 44 255 51 88 45 110 188 5 28
    191 166 255 38 156 226 0 236 174 182 94 212 187 255 17 100 255 119
    46 28 53 187 255 213 1 129 234 58 36 19 135 117 219 248 246 78 228
    231 107 134 3 58 253 185 110 255 167 66 14 0 255 100 113 190 211 30
    38 111 12 35 255 150 205 7 141 158 50 255 64 75 255 80 192 170 239
    255 43 106 252 190 201 202 167 255 121 54 91 76 232 17 226 37 183
    158 21 20 19 239 199 188 82 112 28 71 92 200 91 118 213 61 201 255
    255 153 115 255 203 146 63 29 5 144 81 255 198 48 210 75 175 21 125
    74 82 255 110 98 199 211 151 127 164 48 72 182 248 142 111 159 227
    101 27 79 11 180 231 35 151 255 113 215 178 177 11 236 194 14 87 32
    106 248 8 0 16 95 112 255 33 176 255 255 76 169 116 255 136 149 128
    255 255 56 255 58 221 203 3 215 255 27 253 26 234 184 232 178 241
    255 200 240 107 172 188 255 51 94 95 132 139 255 39 155 40 40 66 156
    7 255 105 231 207 255 226 120 255 70 225 153 60 86 255 219 247 255
    106 7 14 177 50 243 224 26 243 73 237 47 220 19 255 255 119 42 49 27
    70 26 152 241 222 103 217 162 251 167 11 120 125 117 121 78 207 141
    171 73 1 255 106 52 255 65 251 207 14 163 62 200 15 255 219 195 76
    151 187 255 94 14 41 183 75 3 255 50 214 255 175 42 59 8 165 156 88
    255 25 84 125 203 106 255 97 155 249 240 255 229 37 53 255 45 180
    255 242 146 69 3 190 47 64 63 219 107 140 175 160 239 12 44 175 255
    45 70 227 232 103 70 141 139 255 50 255 255 244 255 119 56 209 255
    57 47 250 239 7 255 115 63 1 137 104 255 19 127 255 243 78 129 207
    26 132 235 21 49 74 219 61 87 97 124 227 230 51 6 141 236 34 107 150
    1 115 217 96 33 255 62 221 18 67 245 124 179 255 28 140 164 129 213
    48 167 30 11 162 228 107 166 47 39 14 236 184 255 15 21 153 152 141
    255 71 186 113 255 211 21 213 209 38 65 219 14 145 237 0 105 181 248
    147 140 41 40 78 21 89 180 255 13 16 96 191 141 188 3 135 40 108 40
    66 13 219 255 88 255 47 34 166 14 91 255 13 2 129 255 14 0 178 165
    22 255 236 202 255 98 255 221 185 64 86 121 186 231 219 155 36 90
    191 214 225 92 95 13 241 70 15 72 125 183 190 158 253 187 232 123 3
    7 197 44 235 173 29 169 159 158 154 17 218 196 76 197 51 44 255 255
    62 191 34 151 255 24 48 255 255 90 181 26 115 95 246 126 96 255 255
    97 255 168 233 200 127 217 47 0 95 128 150 32 252 29 222 255 128 57
    243 41 194 59 215 195 165 243 1 69 55 187 240 137 245 174 153 126 42
    38 255 124 200 95 255 250 129 220 231 38 255 53 255 53 48 162 105 85
    112 255 140 145 255 227 182 255 206 221 255 158 150 125 211 105 3
    111 255 153 169 255 233 146 39 250 255 37 67 90 116 70 254 234 255
    255 221 74 227 249 96 154 169 50 165 31 255 135 11 36 77 238 200 171
    218 211 153 11 62 56 214 17 207 255 16 20 231 255 33 115 88 163 255
    246 63 237 47 164 114 33 131 180 255 152 201 146 71 90 53 112 202
    255 123 90 101 240 172 255 231 111 137 209 112 206 121 139 171 122
    200 240 95 106 255 46 61 192 11 111 210 105 52 161 252 255 255 179 9
    69 1 88 187 81 236 255 158 46 255 246 157 255 43 182 255 183 169 255
    255 126 255 110 255 128 59 99 34 129 234 1 28 20 255 226 224 128 223
    61 255 239 242 255 205 111 169 4 189 18 45 233 219 255 82 67 206 133
    156 185 4 255 21 255 171 0 243 51 94 126 96 221 76 255 11 105 255
    157 183 255 141 236 255 20 255 177 28 85 152 234 255 99 61 58 125
    225 169 88 71 214 255 240 233 225 7 206 255 182 60 255 119 180 175
    157 199 255 173 147 40 197 255 40 27 56 219 145 70 255 174 158 183
    158 221 215 138 120 195 255 49 255 162 29 75 101 40 86 231 164 157 0
    59 104 87 213 255 253 175 220 117 255 207 38 28 57 74 158 215 228 87
    250 159 134 104 192 72 225 164 87 255 161 97 173 135 131 204 174 236
    178 146 218 255 188 195 34 105 178 255 126 203 253 240 9 108 181 139
    255 172 69 145 26 108 227 246 5 166 32 239 137 255 201 32 113 178
    199 191 2 153 181 198 117 111 43 255 157 172 249 255 45 66 19 109
    173 92 105 255 243 145 91 234 5 137 86 74 136 169 51 255 136 247 255
    115 229 55 246 214 162 254 255 215 25 180 123 207 87 255 102 118 156
    62 56 255 201 141 45 175 195 115 40 183 255 123 150 5 218 38 223 76
    230 248 213 169 224 220 102 8 255 245 221 108 120 255 79 255 255 32
    213 115 71 97 158 47 158 181 16 138 117 79 163 144 90 175 38 68 136
    95 159 51 233 255 236 182 209 205 228 179 174 255 108 172 255 80 57
    96 225 146 170 162 7 255 229 250 170 59 191 146 82 255 112 233 32
    141 115 3 246 201 121 250 87 182 255 1 44 14 92 255 62 49 110 255
    243 159 255 47 215 46 186 250 11 166 197 99 112 207 255 84 3 181 33
    136 255 77 106 4 63 236 182 255 60 248 23 167 134 182 96 100 38 41
    25 91 209 74 105 99 255 50 84 220 21 189 153 74 219 235 173 132 166
    50 111 255 255 72 241 30 90 255 116 179 224 49 56 86 58 226 243 102
    40 32 30 226 158 129 95 167 98 194 181 60 11 71 195 255 109 166 119
    255 68 3 54 167 74 5 99 199 161 162 110 3 159 124 194 75 134 255 149
    85 255 14 172 255 211 148 133 88 126 165 87 250 216 169 255 255 54
    111 140 186 239 159 163 126 129 122 37 154 232 191 194 246 48 241
    202 25 62 87 186 14 243 255 141 111 10 74 91 202 1 173 136 255 131
    60 233 181 248 18 216 246 14 216 36 246 247 231 227 161 140 94 104
    168 84 208 13 203 249 250 211 88 15 51 245 80 211 205 201 183 15 191
    255 88 163 255 214 68 4 102 255 46 188 255 42 49 209 255 252 29 3
    111 255 255 198 56 70 113 197 255 150 175 36 25 155 11 201 128 72
    255 25 79 0 84 255 45 144 40 19 79 74 255 130 125 24 210 116 197 228
    86 255 154 192 204 126 255 193 156 129 63 127 167 130 255 127 73 71
    132 198 68 100 35 112 70 194 203 149 6 146 255 255 168 203 69 166
    104 143 216 255 41 27 188 45 1 255 245 239 159 216 250 198 252 224
    255 168 92 255 154 181 255 195 24 255 255 236 255 149 251 186 135
    135 113 29 255 255 168 203 255 249 228 94 36 41 195 185 45 255 146
    218 105 255 255 9 255 255 38 77 155 173 37 168 191 45 31 255 128 96
    34 97 249 120 232 191 248 23 169 104 235 160 220 126 206 119 14 59
    187 228 34 53 174 204 248 50 168 105 188 9 34 163 93 255 159 255 53
    111 155 219 23 226 156 108 51 255 174 249 241 243 212 255 115 7 255
    23 93 129 78 102 156 148 38 13 71 88 202 167 103 142 255 121 255 168
    175 255 239 227 255 150 93 45 147 145 210 5 74 252 167 147 156 187
    109 13 183 255 169 24 135 255 2 171 255 222 11 250 173 132 175 199
    234 34 40 145 125 9 87 192 161 255 82 137 99 255 182 106 50 119 143
    255 3 187 255 141 233 154 141 165 255 94 32 255 248 1 255 133 223
    195 112 4 22 210 102 84 86 217 203 23 0 96 194 131 255 104 108 141
    75 255 255 73 163 254 24 43 144 25 72 255 204 223 255 250 216 8 90
    255 136 179 66 255 215 26 255 138 188 187 255 83 235 61 23 253 97
    255 255 237 255 57 106 5 255 240 91 38 141 144 192 6 17 179 104 127
    204 18 228 14 104 242 255 64 255 145 178 140 255 70 51 177 125 255
    167 240 255 182 149 31 255 59 255 255 96 252 1 173 136 8 208 45 107
    79 4 178 92 124 248 25 193 29 44 207 212 4 255 255 53 84 157 233 154
    208 48 24 243 101 157 117 226 164 255 125 76 26 118 5 255 120 181
    255 47 38 212 125 70 148 89 7 174 230 140 123 101 255 185 108 81 233
    186 82 117 198 35 129 64 183 141 94 241 57 117 255 236 164 112 53 75
    11 144 156 198 79 239 119 95 202 230 4 16 195 255 140 126 255 198
    231 8 222 92 169 122 59 233 98 135 255 255 126 153 48 198 71 178 152
    16 121 99 255 37 179 150 160 34 30 35 122 138 187 193 159 6 110 171
    140 246 182 173 216 133 219 2 145 20 211 62 71 246 255 237 130 255
    189 255 169 230 181 255 60 194 255 41 175 30 90 31 255 117 148 123
    243 159 255 255 48 136 203 255 255 65 207 141 14 255 63 11 228 181
    255 108 195 41 90 149 35 85 255 185 192 154 6 186 148 193 167 91 203
    243 255 187 255 177 56 116 20 44 188 255 161 166 227 207 63 244 106
    56 16 219 157 255 222 10 255 181 39 43 173 41 255 219 222 17 246 255
    103 146 8 0 144 134 255 187 48 41 136 50 255 160 86 244 224 99 65
    195 198 255 149 1 72 117 255 123 6 135 111 39 207 146 221 228 255
    249 108 94 59 106 255 91 215 255 116 102 50 108 184 246 56 92 156
    105 80 121 56 129 140 91 44 21 109 103 32 236 255 255 193 72 254 130
    109 255 241 66 124 116 50 34 74 118 229 116 58 255 80 93 237 133 240
    255 7 23 4 160 122 33 129 246 105 250 171 252 79 92 225 150 222 248
    150 255 112 115 251 63 19 117 17 63 69 161 209 141 243 1 225 186 245
    167 255 99 91 255 212 59 32 115 93 207 255 158 190 130 106 162 118
    126 255 60 215 255 169 138 199 75 104 241 255 83 123 104 164 55 67
    203 255 177 68 87 135 4 88 96 171 255 25 235 98 8 83 185 156 57 255
    113 224 229 133 24 62 144 197 94 81 223 163 255 20 137 98 96 255 251
    28 198 227 129 255 91 120 146 7 29 128 173 202 83 6 242 96 14 219
    207 4 217 86 200 153 53 141 88 20 149 242 130 113 140 127 206 68 37
    230 166 186 50 47 156 249 148 130 118 178 33 203 172 255 77 155 174
    177 28 128 28 151 227 255 120 237 255 28 101 80 119 204 121 136 255
    218 121 249 49 179 255 97 2 255 181 179 255 48 186 249 195 255 24 54
    255 132 228 255 4 190 98 255 203 58 252 62 21 202 141 118 255 95 19
    200 76 183 123 147 16 255 246 122 255 30 112 255 24 225 219 102 85
    123 255 63 178 156 255 255 88 0 117 241 67 255 224 211 112 159 225
    255 255 255 159 92 229 58 60 24 173 13 12 255 55 11 20 42 73 250 84
    7 237 223 17 119 178 195 112 207 179 255 202 34 255 25 51 58 122 158
    40 24 91 36 225 16 208 135 216 214 123 129 246 241 255 159 207 162
    219 24 255 54 220 72 177 140 179 167 46 58 255 143 255 25 133 255 98
    4 119 255 147 183 255 151 157 255 3 153 236 29 250 100 243 205 255
    162 255 236 55 37 185 233 35 255 1 100 255 153 64 11 111 84 140 34
    102 255 42 40 111 172 237 254 246 166 254 186 248 101 70 241 140 104
    255 140 204 240 255 207 108 215 103 198 108 248 99 32 251 114 17 210
    88 204 145 124 173 246 112 177 1 128 20 131 222 255 116 37 157 133
    56 137 219 255 255 205 165 255 129 95 195 193 17 231 143 1 98 117
    255 66 192 211 134 204 158 221 103 133 255 90 67 210 35 134 111 56
    27 142 122 175 229 251 60 105 65 46 98 247 115 228 75 177 101 130
    241 115 113 70 12 237 37 203 15 61 156 26 205 188 56 182 199 39 177
    255 2 43 59 68 121 175 127 99 153 4 242 61 24 114 217 136 255 216
    221 28 170 228 144 254 21 24 20 143 13 71 190 192 70 15 243 141 104
    98 204 255 71 206 255 129 227 9 88 33 145 11 210 210 139 186 214 200
    255 103 142 255 199 223 221 14 26 76 226 44 36 123 7 144 26 176 255
    237 52 71 14 57 255 15 158 29 35 129 182 24 46 165 25 165 87 25 146
    255 83 169 128 228 223 255 124 254 183 125 216 49 63 94 196 49 170
    63 156 27 255 182 33 194 103 51 57 36 183 255 212 52 105 63 60 255
    110 255 162 148 9 4 41 164 171 81 241 255 189 75 72 0 5 28 174 241
    137 95 15 255 12 146 17 111 255 203 35 249 185 225 247 255 23 157
    170 186 119 88 154 209 134 67 218 98 178 15 203 201 56 148 213 187
    78 212 191 42 142 93 62 224 25 255 226 163 255 245 187 179 121 14
    199 253 67 128 251 23 17 145 67 124 28 210 87 35 110 255 249 251 115
    247 31 149 137 133 163 181 255 26 247 108 154 84 238 29 99 241 109
    226 50 50 47 131 63 226 182 255 125 129 41 27 100 29 211 145 70 107
    132 241 255 116 14 32 167 170 2 231 13 197 0 161 154 26 138 152 88
    244 24 67 30 102 148 62 242 222 255 0 255 255 83 22 227 255 73 255
    223 156 255 100 255 236 105 43 255 55 218 241 3 80 181 9 224 157 148
    9 72 84 154 51 88 158 124 66 19 255 247 93 80 106 49 255 246 83 86
    73 85 255 210 134 142 255 144 253 86 15 198 243 238 255 71 214 255
    220 53 173 152 148 255 137 9 53 159 172 255 74 50 252 102 36 227 255
    204 255 240 255 91 63 169 167 37 204 187 175 91 255 80 51 162 29 177
    203 197 227 162 20 171 255 141 210 117 139 86 141 86 237 255 123 140
    255 38 183 255 127 202 255 213 50 0 237 240 255 116 241 136 167 216
    255 87 100 161 198 151 107 113 165 255 203 138 91 222 21 255 37 35
    127 255 255 255 243 156 33 143 134 221 253 92 53 164 235 255 29 198
    8 252 34 61 3 152 58 193 96 255 255 198 107 78 1 149 20 144 59 97
    216 248 29 151 183 231 66 42 218 112 255 66 52 16 100 35 227 221 29
    255 118 234 92 255 221 255 122 39 169 255 79 94 16 192 117 77 205 11
    109 189 117 24 234 187 168 13 152 255 227 45 70 22 37 68 4 255 48
    119 255 193 191 255 84 255 255 76 102 12 102 153 67 136 255 229 67
    148 38 94 7 107 65 26 255 42 184 45 251 73 80 44 19 181 24 202 255
    198 19 233 23 50 113 225 200 112 83 7 255 181 35 38 70 230 199 254
    124 9 98 55 111 141 227 43 235 90 203 157 78 82 255 12 255 116 156
    156 183 25 240 34 115 175 16 150 171 85 212 9 44 120 4 255 118 240
    160 224 116 101 174 182 76 179 171 211 255 255 208 26 74 234 255 161
    241 75 42 8 207 208 247 85 74 255 63 121 130 255 18 14 174 255 255
    114 163 180 195 182 90 240 210 167 100 88 32 33 47 161 184 62 205
    189 255 33 41 100 143 129 225 254 19 4 228 255 191 237 46 7 171 71
    36 255 114 142 153 108 38 211 214 255 190 159 51 255 123 255 186 63
    171 156 180 96 242 226 255 165 25 239 132 110 83 105 187 137 91 44
    130 122 51 58 103 139 116 209 97 255 183 129 255 100 252 253 204 114
    46 219 255 7 188 75 7 29 193 255 255 199 192 37 13 104 212 57 196
    179 255 171 163 95 11 208 255 26 82 48 9 244 255 79 249 106 99 63
    242 195 75 120 140 167 130 255 170 242 116 203 253 95 215 148 138
    143 223 51 47 189 80 123 178 54 13 222 224 118 106 78 141 56 37 49
    93 255 157 129 134 44 175 255 172 198 252 137 251 202 164 163 240 13
    7 198 166 176 7 56 4 142 22 182 210 94 2 158 205 31 255 84 124 177
    138 255 165 69 178 148 6 37 255 251 111 235 255 22 235 121 44 231
    230 174 149 127 98 166 1 236 108 237 233 254 145 134 175 63 74 130
    246 225 202 126 255 86 234 48 204 255 255 20 70 255 95 241 139 125
    153 143 154 70 68 49 2 72 255 255 44 255 34 36 255 85 193 255 122
    158 119 164 127 241 100 37 74 128 237 158 205 186 255 75 81 231 255
    192 55 252 59 83 236 141 255 46 119 255 109 26 133 206 118 237 255
    126 244 101 154 255 88 255 255 211 135 232 169 27 202 118 247 255
    175 153 255 27 174 130 200 11 124 111 48 235 50 169 141 111 217 255
    216 37 255 63 96 255 170 26 255 105 33 36 231 85 255 74 96 107 55 49
    227 178 255 179 237 4 47 157 43 225 188 115 255 158 119 25 21 255
    181 33 104 42 102 98 136 119 76 70 67 204 200 95 85 167 212 247 26
    142 52 136 183 93 255 73 145 66 214 162 255 65 28 108 137 206 254
    105 59 145 124 207 119 221 254 248 39 227 30 78 17 63 122 247 255
    128 254 129 175 151 255 246 56 227 203 214 224 230 141 86 65 184 220
    71 146 204 209 133 3 85 138 112 98 198 255 141 75 198 21 8 255 32
    176 192 129 2 153 104 35 18 255 19 229 251 75 185 64 155 217 37 14
    212 137 12 255 141 41 111 255 117 159 194 118 18 168 78 154 236 73
    192 172 235 29 17 31 255 128 255 255 39 152 255 36 108 8 33 45 255
    244 255 71 77 7 157 66 128 94 92 255 169 15 117 42 50 229 7 50 227
    171 204 132 254 20 255 255 63 255 210 8 35 203 77 133 95 140 200 67
    146 176 4 1 201 220 255 13 255 127 234 65 101 214 51 55 255 255 120
    255 255 119 52 179 22 166 8 240 212 240 81 207 252 2 160 88 69 105
    117 247 156 145 130 178 255 127 8 46 206 222 111 226 33 227 84 99
    250 211 252 255 91 33 128 185 246 248 24 46 108 39 106 255 82 164 75
    209 136 255 171 144 249 154 181 255 61 138 255 39 82 120 185 94 228
    57 79 255 36 97 203 223 143 214 144 193 236 46 175 255 255 72 254
    182 74 245 36 1 111 220 171 255 191 163 255 103 150 253 169 237 219
    123 107 178 1 105 79 255 172 13 4 255 175 128 255 41 37 78 90 228
    158 255 216 118 146 64 246 115 85 175 129 161 29 185 0 108 255 117
    164 99 240 198 154 75 180 245 92 66 90 222 152 241 174 124 140 90
    158 194 89 73 121 96 249 255 177 201 62 142 3 123 8 206 16 133 35
    255 205 142 223 117 120 240 33 251 255 141 38 45 116 211 191 12 255
    255 180 31 255 255 140 18 29 119 101 126 163 211 46 188 38 185 47
    101 78 255 255 255 29 212 0 109 211 142 45 255 44 152 141 0 63 46
    106 120 240 24 71 95 224 172 186 150 73 177 118 22 255 240 2 255 111
    177 191 152 76 50 96 123 78 186 209 154 180 29 158 250 27 22 177 188
    200 198 160 22 178 199 181 36 129 255 174 95 255 59 102 29 237 28
    255 198 128 99 181 255 255 179 218 235 211 121 217 140 255 255 141
    28 42 46 156 33 142 60 86 87 39 136 7 4 154 200 214 199 233 238 12
    65 86 194 223 204 182 57 243 188 20 255 255 204 47 198 45 32 78 103
    103 116 213 27 162 105 141 255 116 242 65 76 85 255 36 58 246 219 75
    18 53 134 255 75 241 105 195 9 154 255 209 221 36 191 206 227 135
    253 229 203 255 240 153 70 61 164 199 188 103 16 59 255 255 40 72
    145 96 130 55 154 72 80 35 33 199 132 255 202 21 0 245 151 43 255
    132 156 123 116 91 148 229 188 255 120 117 233 45 55 187 174 39 206
    157 47 148 3 167 165 85 48 45 159 206 129 54 255 65 127 72 179 63
    255 69 70 230 177 251 172 50 207 165 228 142 221 216 108 215 42 85
    15 185 206 230 78 193 255 207 75 238 228 27 163 55 228 103 129 83
    136 206 58 241 231 108 120 17 189 104 255 27 236 211 71 112 65 248
    59 171 153 63 231 83 114 66 187 61 254 180 88 196 42 3 29 233 227
    229 193 78 175 156 102 196 200 252 124 185 32 57 249 69 75 137 28
    198 24 200 138 167 180 255 40 4 170 167 36 255 192 229 255 113 253
    255 59 109 240 66 71 255 113 197 54 91 119 249 184 140 9 144 130 178
    219 47 58 137 194 165 59 255 211 206 237 109 47 69 231 218 75 200
    178 95 125 222 247 37 235 255 255 60 143 158 157 255 243 219 254 255
    108 120 154 105 98 186 58 57 79 255 110 255 40 158 204 30 255 236 43
    195 219 27 138 26 99 255 255 165 126 190 255 99 207 168 233 166 87
    172 91 144 133 215 98 37 129 255 3 166 144 26 121 103 136 4 0 193
    124 13 138 82 143 188 161 255 136 255 156 143 191 99 76 156 102 170
    202 19 133 25 11 9 87 96 255 87 9 235 62 170 216 255 53 203 191 118
    200 136 139 255 255 232 132 214 147 17 12 130 90 25 205 184 152 255
    153 246 240 20 117 78 255 255 205 163 108 39 243 84 19 9 188 4 243
    171 12 45 166 11 100 104 111 126 156 132 183 105 81 38 150 48 52 120
    74 151 43 53 241 244 117 32 79 169 67 128 76 7 24 147 222 255 39 29
    216 94 118 243 16 93 196 38 122 253 68 95 229 148 7 255 42 35 162
    165 235 255 178 66 255 164 112 188 85 171 159 70 5 119 157 109 212
    255 85 255 43 157 132 124 241 165 214 172 255 30 239 255 23 204 255
    255 255 255 108 188 49 48 254 70 45 102 82 36 68 1 60 28 237 244 136
    136 140 116 214 127 181 65 168 2 237 159 72 183 152 104 37 245 248
    255 212 165 207 255 19 191 67 198 255 255 198 61 137 159 255 255 83
    255 207 255 66 216 34 58 25 175 136 43 165 91 175 141 171 202 211
    105 220 255 246 237 162 255 57 160 13 184 255 149 13 102 51 81 100
    255 254 52 91 141 73 255 152 64 3 2 233 134 1 231 119 13 52 162 133
    38 130 113 115 185 83 225 255 255 97 170 156 181 255 21 11 255 198
    127 49 45 202 243 197 255 75 195 37 217 153 151 255 220 151 136 160
    224 173 255 164 255 125 41 255 7 188 255 222 15 223 248 221 71 43
    146 140 169 0 83 71 123 212 167 155 255 251 182 255 41 103 74 187
    165 217 255 124 255 160 204 119 103 99 178 194 69 225 195 100 25 32
    255 231 121 88 178 30 81 255 184 167 175 251 255 0 25 67 130 103 96
    255 101 142 36 16 80 255 228 38 255 175 158 121 66 198 255 56 180
    157 138 223 70 255 53 108 121 118 210 59 240 165 46 75 255 122 128
    74 152 82 255 77 155 255 149 109 28 19 115 255 23 15 255 48 51 255
    148 110 191 251 255 142 159 21 166 254 41 111 88 207 101 43 94 163
    246 58 255 175 128 255 142 103 148 197 97 255 2 181 74 104 229 228
    197 143 119 120 124 105 15 197 196 61 171 79 251 99 22 165 64 115
    222 64 136 250 228 95 184 193 254 189 174 5 255 139 255 17 226 255
    242 135 255 38 152 88 241 241 82 186 255 250 32 255 179 163 255 116
    40 44 49 149 212 43 163 255 204 143 194 98 48 246 58 177 255 11 159
    51 255 100 134 121 173 183 43 165 146 255 220 237 229 128 51 125 190
    75 115 177 119 95 57 51 132 56 55 255 186 9 0 141 76 255 55 201 1
    159 106 210 42 48 28 213 146 66 81 95 255 158 129 94 164 114 105 209
    0 255 76 5 80 45 99 235 122 83 141 255 238 109 69 39 255 142 140 255
    68 109 120 193 216 228 91 255 225 145 35 53 104 198 198 242 205 255
    82 255 120 28 61 233 175 27 255 124 110 255 51 228 71 27 3 88 41 255
    136 100 169 112 59 221 255 167 255 90 213 159 53 209 147 67 50 143
    173 225 44 255 174 60 1 214 142 40 255 250 71 42 97 182 253 203 111
    255 233 42 19 108 192 195 193 79 81 235 30 223 255 130 255 86 47 9
    25 194 13 139 255 21 251 113 110 85 255 13 156 25 94 38 243 115 205
    74 197 135 117 126 255 255 206 104 187 202 251 255 193 216 98 236
    255 206 192 216 137 209 40 255 42 24 255 248 193 255 104 178 223 19
    187 32 42 115 255 13 80 138 200 118 133 136 183 188 233 139 255 234
    19 221 179 186 207 178 255 113 255 255 214 255 33 255 67 105 149 26
    214 105 116 80 217 22 126 127 65 197 228 193 7 130 74 48 13 51 169
    255 207 255 141 65 180 166 54 164 157 207 34 9 32 226 182 2 12 79
    218 234 72 188 135 255 111 60 5 45 255 246 164 162 4 161 86 40 74
    215 43 24 79 132 61 122 61 55 59 162 197 50 150 162 240 53 8 87 241
    142 8 16 189 221 141 98 3 255 150 178 51 194 63 240 213 33 34 213 69
    241 160 255 99 30 80 185 13 252 255 147 32 78 92 211 255 237 255 255
    89 251 255 57 216 215 144 124 228 41 192 8 161 41 255 46 98 255 199
    112 255 252 78 248 193 158 134 105 38 54 59 115 208 98 21 80 148 60
    255 100 166 195 44 255 7 144 141 49 188 207 26 12 34 150 255 255 115
    77 81 116 11 84 140 110 246 236 5 58 123 32 106 255 216 224 255 118
    181 192 255 158 127 255 237 237 121 139 70 12 234 125 14 163 111 27
    33 255 20 105 191 107 46 158 103 50 58 44 32 182 82 151 86 229 142 5
    46 255 211 255 27 255 210 78 58 48 179 198 111 39 239 170 154 255 86
    175 104 251 93 203 247 215 255 78 242 24 40 61 162 105 255 255 46 78
    67 119 121 255 78 75 236 232 124 255 76 174 157 244 182 235 8 25 69
    1 255 255 41 80 43 6 255 255 63 212 232 7 7 227 216 88 255 47 148 99
    244 247 173 57 67 70 64 2 252 250 238 53 255 10 18 15 172 38 216 241
    241 90 4 255 100 210 255 245 217 246 8 41 239 86 189 249 227 28 61
    75 166 152 73 51 255 157 236 225 172 229 138 241 93 5 160 69 59 97
    255 185 255 3 123 209 104 119 249 144 194 199 255 1 35 28 215 50 255
    202 124 106 243 173 247 59 58 60 252 38 209 255 184 165 171 166 210
    76 141 86 255 81 255 24 209 135 191 92 201 146 69 79 45 105 255 199
    231 86 255 123 75 163 172 188 217 112 201 75 27 29 255 150 3 21 100
    11 236 186 38 188 245 229 74 153 114 123 249 237 255 32 218 200 147
    151 255 87 222 83 115 14 255 248 76 150 43 110 185 161 193 255 137
    94 255 158 247 42 144 248 241 115 255 174 209 66 3 92 246 255 141
    152 90 178 32 108 142 3 220 198 88 138 199 255 224 253 255 174 25
    223 255 59 138 43 4 109 232 149 88 8 8 112 224 209 15 233 160 230
    181 227 139 69 84 210 214 80 187 100 87 255 229 205 83 206 128 104
    130 118 193 255 105 26 116 80 13 116 165 243 105 87 50 55 175 255
    187 110 255 255 78 150 105 201 246 255 109 235 210 24 34 25 16 68
    123 116 145 26 235 68 255 239 122 142 247 82 255 153 209 18 172 163
    18 123 139 170 26 255 255 76 235 255 182 243 117 191 50 36 125 108
    50 18 87 255 163 105 190 67 87 190 153 40 75 115 231 136 170 166 255
    119 163 36 151 52 232 143 142 63 228 8 123 187 218 232 29 78 105 144
    186 255 255 195 137 146 24 175 44 105 255 175 203 255 135 204 195
    177 2 255 109 3 183 9 167 138 218 150 61 87 236 255 121 25 194 151
    11 255 129 144 80 49 236 61 255 74 66 175 162 233 229 145 212 71 215
    171 248 255 224 204 235 66 33 103 47 251 156 91 202 221 78 124 140
    255 120 251 255 255 227 50 254 40 72 65 217 49 6 190 58 70 43 165 41
    191 30 239 189 255 166 108 41 149 236 179 255 51 220 127 146 228 85
    11 255 183 67 255 68 64 50 92 226 142 42 200 0 44 22 145 58 43 216
    34 108 199 230 28 255 81 38 86 246 228 53 108 133 7 141 114 25 129
    115 255 125 242 252 68 219 255 195 169 7 193 250 108 101 229 128 213
    174 137 50 240 255 187 195 255 28 55 255 240 171 210 13 19 127 152
    231 255 21 71 229 249 1 59 165 230 255 215 75 255 87 163 133 16 78
    173 191 0 132 216 83 254 73 201 38 248 88 50 228 178 113 20 56 57 83
    255 175 35 28 65 73 121 231 8 167 169 128 166 101 79 165 76 194 40
    255 133 21 30 90 255 232 87 255 17 124 0 66 187 202 255 182 216 255
    241 22 215 190 58 255 126 10 243 61 186 255 3 255 255 45 57 65 255
    128 255 75 37 134 255 228 202 143 104 204 75 36 255 172 202 255 58
    72 255 182 107 255 73 118 216 194 0 255 174 56 58 69 227 227 92 255
    215 105 181 117 122 239 99 126 183 255 83 211 123 126 162 157 37 240
    232 143 215 192 164 74 121 25 253 239 229 55 223 64 169 58 86 64 255
    231 110 156 137 99 28 22 241 255 6 255 233 216 160 255 162 224 211
    192 133 54 231 255 187 12 204 228 128 148 86 119 57 245 223 55 63
    245 255 255 74 94 233 7 255 174 173 216 219 128 249 255 230 144 255
    169 255 204 42 15 216 90 246 210 255 181 133 171 226 50 233 203 18
    135 21 255 28 250 255 115 22 255 169 135 100 75 32 255 50 255 92 78
    167 117 225 134 216 216 195 94 232 225 128 143 225 163 198 118 94 16
    160 255 35 160 191 38 162 14 15 225 96 206 253 255 64 146 255 67 97
    255 23 178 231 164 132 66 160 70 188 190 50 207 249 230 255 177 124
    33 99 202 228 211 90 255 75 234 186 172 165 173 183 204 16 184 121
    36 136 2 3 182 200 255 106 62 0 73 255 255 65 193 13 110 166 134 223
    199 255 41 67 59 132 194 153 174 38 49 124 221 133 67 1 92 87 44 46
    182 4 74 75 255 255 178 90 134 219 116 149 235 167 8 40 224 65 234
    93 138 8 84 223 132 116 125 139 146 145 24 255 30 94 255 128 235 68
    194 197 226 240 59 32 255 75 209 101 99 72 8 103 106 167 117 255 183
    221 151 66 77 146 69 11 150 159 255 186 105 37 56 92 110 126 41 96
    15 12 208 29 116 214 12 255 185 205 24 68 126 255 220 140 24 146 219
    111 160 170 0 108 17 46 56 103 109 175 127 252 197 121 14 143 49 32
    89 32 150 29 188 37 44 250 74 61 180 8 255 130 255 161 133 255 162
    46 255 126 135 255 236 116 166 203 162 255 169 147 98 103 63 92 205
    239 8 191 104 255 91 4 241 236 187 100 81 239 83 83 176 255 161 179
    37 35 134 3 149 253 40 164 247 255 131 238 40 252 122 25 111 11 178
    111 20 210 64 198 79 100 182 255 194 145 94 194 112 66 90 106 255
    204 243 7 255 55 217 121 247 94 170 35 206 235 250 32 79 109 255 105
    202 255 40 41 214 188 27 80 30 190 112 165 32 14 18 127 255 163 187
    185 119 99 78 152 255 116 242 36 255 183 146 63 127 97 199 152 35
    255 92 178 167 221 147 90 244 218 121 175 255 37 233 242 130 89 255
    1 206 255 120 113 68 166 91 41 255 225 159 255 9 129 33 16 57 236
    177 13 165 138 92 90 242 10 63 229 166 41 152 169 255 154 243 16 23
    252 158 229 0 105 255 144 46 92 181 95 110 93 51 71 147 25 230 247
    20 255 117 144 48 194 255 60 45 141 61 39 217 255 255 105 174 255
    255 81 165 255 163 104 255 204 98 120 174 86 255 255 255 255 46 189
    5 138 115 26 89 255 236 100 29 25 26 99 255 67 228 159 135 111 100
    242 99 128 67 63 253 7 247 53 53 96 190 36 252 255 186 130 120 116
    143 76 153 126 92 236 165 255 30 40 117 80 205 240 123 124 255 27
    158 127 2 255 249 193 23 59 211 140 40 183 169 255 47 50 231 74 151
    111 237 111 196 235 10 103 59 35 227 233 104 255 171 205 144 183 143
    127 127 100 117 249 124 255 166 47 255 29 124 74 255 37 190 211 199
    115 245 156 152 94 79 175 151 181 91 40 181 95 220 118 255 255 64 7
    234 178 255 124 117 14 216 239 221 89 39 62 99 96 12 149 233 227 103
    41 59 92 236 24 87 255 255 225 53 255 133 43 69 14 10 4 204 51 188
    105 215 137 201 0 34 239 255 18 244 150 255 123 27 255 59 43 72 210
    255 214 255 230 148 152 106 233 177 53 63 203 25 117 118 230 203 241
    234 216 207 199 40 9 218 107 56 190 255 147 215 112 84 11 153 118
    133 255 102 176 255 255 122 255 145 154 37 166 127 125 212 187 255
    106 192 146 46 26 7 146 0 169 183 110 153 96 35 162 219 182 255 158
    88 255 75 102 67 88 188 156 126 192 100 204 160 211 228 104 249 140
    52 190 156 243 24 206 17 228 119 251 241 209 122 255 250 210 46 232
    64 69 230 76 188 66 202 129 146 190 241 251 218 159 165 106 255 106
    255 113 251 64 146 133 224 100 169 168 250 158 7 133 91 254 86 64 38
    53 50 255 112 33 117 112 19 56 255 203 130 255 248 41 99 243 209 211
    189 43 49 58 143 255 255 76 20 0 168 16 159 105 190 231 203 159 100
    153 235 43 129 129 183 199 224 207 100 92 165 176 16 174 188 108 231
    140 212 25 255 255 121 158 123 151 129 255 174 233 132 34 217 255
    159 121 32 94 115 128 23 117 232 38 218 255 47 193 54 255 98 42 77
    35 45 171 255 220 42 99 94 255 147 215 201 74 250 49 164 255 161 3
    254 244 3 255 41 165 50 135 84 145 8 238 173 54 57 0 107 230 211 162
    227 108 89 20 107 204 136 59 129 31 255 206 166 255 25 70 54 46 167
    237 246 124 103 32 135 28 59 48 67 79 112 255 191 255 183 122 215
    210 117 37 140 228 179 38 191 40 255 61 214 255 22 190 255 138 214
    223 97 206 255 84 88 129 158 148 62 179 80 156 250 91 239 9 15 255
    219 46 79 45 255 42 171 255 169 67 235 28 104 38 88 234 216 202 228
    106 255 241 53 159 128 32 29 188 183 228 218 124 255 139 76 255 51
    94 208 71 67 206 105 146 133 19 252 255 14 145 107 227 91 255 78 68
    255 67 106 90 12 102 54 105 189 11 165 201 255 29 53 16 182 48 255
    187 134 82 90 134 175 84 43 128 179 186 1 34 253 185 29 255 62 205
    205 28 112 182 57 89 36 55 231 40 57 211 168 94 86 40 46 255 245 255
    112 27 255 23 249 0 67 172 115 194 11 38 63 20 255 207 214 166 159
    171 156 39 39 190 179 245 254 198 165 75 18 243 94 54 40 183 27 106
    22 18 190 113 150 255 250 198 136 125 144 255 161 224 23 100 209 35
    108 25 109 76 171 236 94 144 41 255 85 164 47 138 255 255 131 175
    108 142 236 175 80 223 202 83 36 92 137 255 255 54 145 255 241 216
    70 255 28 76 82 62 40 167 146 255 236 219 250 208 255 41 61 26 255
    172 111 140 23 94 255 255 20 220 89 79 206 182 193 149 2 255 206 74
    255 3 132 166 243 255 229 255 19 229 249 112 46 255 237 175 183 103
    136 162 7 85 76 223 103 255 248 80 241 98 60 210 1 37 42 68 13 255
    12 254 173 169 43 90 8 22 79 141 251 47 41 116 36 222 158 231 135
    249 255 204 88 55 79 97 249 212 69 59 113 230 120 14 255 128 255 64
    75 67 165 142 55 226 255 255 133 207 202 252 255 243 214 146 71 156
    255 203 20 108 184 234 79 110 16 187 14 87 83 92 58 87 104 213 115
    71 27 255 148 237 99 133 237 57 61 110 49 169 20 255 107 5 105 136
    255 132 23 14 124 183 171 255 8 27 140 191 60 129 236 1 28 15 59 127
    43 133 185 128 214 255 30 72 255 102 255 255 255 40 161 229 183 243
    145 63 255 163 9 255 240 66 162 21 135 105 30 68 29 149 180 255 19
    234 20 69 155 216 132 159 129 11 165 1 22 73 30 140 186 153 150 14
    255 211 171 255 255 99 94 29 1 191 190 138 214 48 234 255 135 205 46
    255 142 255 122 234 255 140 162 45 255 144 55 163 139 161 237 127 96
    137 255 255 127 184 29 100 177 111 15 81 255 121 102 188 235 255 50
    152 129 166 20 76 123 75 129 87 14 255 18 69 129 255 24 139 255 4 51
    237 235 133 255 255 242 198 12 152 178 49 202 12 20 201 225 255 33
    116 255 37 224 188 100 255 103 221 255 47 237 63 15 247 120 255 92
    246 221 203 42 14 26 74 232 81 18 116 255 194 78 155 103 210 248 161
    213 130 181 76 160 92 221 166 231 198 5 113 20 165 152 33 62 36 8
    235 65 234 103 192 126 213 200 165 246 63 7 39 241 250 105 255 56
    255 24 128 195 255 64 9 84 28 199 66 255 209 132 38 200 104 166 255
    3 133 94 142 7 53 169 205 143 80 201 130 255 175 21 141 245 255 246
    49 255 128 208 255 255 62 136 16 107 142 121 167 212 255 67 255 107
    167 22 50 107 195 79 16 37 255 208 48 255 86 11 255 12 93 255 41 165
    196 209 11 211 230 152 255 121 131 75 181 233 178 22 230 255 255 222
    255 86 9 54 33 223 250 21 150 62 218 3 25 218 85 255 67 25 178 141
    123 206 102 255 76 255 159 255 42 248 255 209 62 206 81 197 255 165
    79 161 227 144 186 187 180 116 171 29 14 156 115 196 53 34 255 230
    43 255 23 200 154 233 211 255 146 107 255 212 69 121 62 160 200 23
    81 70 234 174 255 26 126 152 131 245 150 137 245 66 4 83 255 53 129
    204 90 3 195 248 255 129 255 56 254 154 243 206 235 209 255 30 167
    186 78 170 255 147 57 38 214 213 91 121 163 228 255 111 88 142 70
    101 151 175 55 149 119 202 28 96 99 172 26 1 119 255 132 255 16 198
    75 236 167 126 58 187 167 201 225 198 33 240 36 218 92 211 34 255 35
    32 128 204 255 239 220 26 221 199 239 36 6 190 113 157 228 255 46 27
    255 180 28 149 11 35 255 74 55 255 166 241 120 37 108 142 246 122
    255 71 202 255 228 184 255 9 10 163 98 121 194 86 83 255 255 58 28
    131 41 162 54 63 134 6 79 255 126 255 255 55 90 20 255 189 152 200
    230 66 120 124 255 215 202 90 172 95 240 113 52 255 4 130 239 194
    159 211 166 119 170 137 85 95 11 223 195 184 31 255 79 160 101 113
    13 29 102 253 50 126 82 28 171 255 34 75 160 70 200 245 233 183 76
    66 153 51 255 163 218 80 57 255 137 4 91 255 112 255 181 25 178 108
    184 191 255 254 199 255 214 82 255 70 55 134 178 233 42 235 57 236
    161 38 255 110 123 51 67 142 190 36 47 159 3 122 255 245 25 109 135
    205 255 28 145 203 59 96 255 193 216 104 113 210 146 230 21 185 192
    19 185 110 225 128 51 129 173 83 223 250 200 242 195 103 152 116 197
    5 255 225 100 166 255 40 198 231 225 255 230 184 43 136 19 255 183
    215 153 175 66 51 144 231 124 86 190 254 177 16 255 30 52 138 43 24
    255 255 26 128 126 121 255 56 158 255 234 11 239 154 151 207 255 127
    210 128 255 255 1 255 154 87 192 232 138 133 80 252 200 3 96 247 255
    246 168 255 167 201 80 87 203 211 158 127 173 164 148 255 255 156 53
    83 134 255 169 31 255 120 119 157 13 11 192 34 255 212 95 83 166 35
    229 211 168 206 70 37 175 224 203 120 255 85 19 116 207 34 255 83 75
    3 84 183 1 99 133 74 12 68 200 71 129 69 111 193 241 40 255 162 200
    26 255 163 123 119 89 120 92 36 104 214 11 116 63 214 229 125 219 26
    255 110 246 115 28 80 239 6 16 144 58 237 207 91 150 105 123 171 175
    198 112 130 0 121 127 224 171 149 23 90 255 108 102 252 214 199 0
    249 191 255 131 242 255 16 5 195 104 112 175 49 188 255 24 99 30 79
    63 255 179 143 104 141 178 208 55 255 150 139 57 3 4 200 171 69 188
    36 12 20 255 186 255 231 178 187 162 115 138 217 117 204 3 28 150
    236 104 110 17 88 64 175 51 0 115 218 134 141 195 213 207 103 49 43
    230 174 116 255 25 40 94 111 240 47 211 22 212 235 87 94 163 28 255
    53 255 85 128 255 1 187 37 27 66 196 164 255 54 73 255 5 255 157 74
    121 24 63 21 123 255 191 147 255 19 182 206 199 19 33 117 90 142 69
    24 182 198 110 24 77 165 145 62 182 84 169 29 98 255 8 120 241 70 58
    212 207 115 122 47 133 224 79 37 105 240 121 213 139 255 240 20 255
    226 204 22 84 9 235 167 127 211 14 195 59 37 255 245 221 86 66 34
    255 255 225 140 116 38 29 255 62 138 239 246 233 30 143 91 25 64 154
    255 171 71 255 74 107 69 136 90 21 61 25 96 23 14 103 252 27 208 107
    106 255 255 91 177 101 21 196 190 155 159 54 5 86 11 13 92 255 192
    159 243 212 202 172 29 177 62 27 130 105 124 255 51 33 41 219 69 255
    79 230 255 78 255 128 236 26 84 211 233 240 136 31 18 118 96 127 166
    142 255 56 213 246 159 139 83 156 215 255 15 206 94 54 224 99 144
    218 219 116 238 124 77 49 215 255 138 30 224 32 255 209 129 123 237
    33 157 157 247 255 227 222 255 255 224 241 108 155 255 79 255 145
    205 209 82 4 93 255 60 255 58 91 231 90 69 168 233 215 254 99 156
    245 255 14 255 100 33 5 113 20 121 225 159 168 255 199 80 163 178 59
    255 37 236 236 71 111 250 59 29 70 32 159 255 3 108 255 200 5 255
    171 214 70 247 177 79 84 41 17 92 150 92 220 190 255 74 154 57 33
    163 216 77 107 154 255 116 95 42 143 69 84 192 46 226 206 255 49 82
    67 212 192 54 140 175 188 120 199 98 227 145 94 216 61 1 43 52 86 18
    248 22 120 128 80 244 255 24 59 69 133 81 144 255 154 15 87 32 163
    255 78 188 255 193 66 142 212 205 255 173 233 38 182 58 249 249 138
    120 175 104 154 124 130 255 106 191 8 110 207 255 42 168 207 76 147
    21 35 105 166 137 90 224 69 183 255 26 53 67 162 100 149 193 1 140
    209 59 0 4 248 3 255 251 179 25 131 255 0 17 207 3 182 33 178 163 25
    170 35 117 28 154 254 255 160 214 54 187 49 148 105 0 237 64 161 156
    131 123 246 207 74 63 227 255 73 90 113 101 255 7 255 31 255 226 243
    140 206 148 72 99 47 152 250 25 98 68 223 169 107 25 217 232 91 41
    133 156 96 36 122 243 255 69 254 71 35 138 243 250 136 192 67 203
    203 27 211 182 20 210 75 164 75 70 31 255 24 73 255 94 28 59 2 246
    246 127 16 87 157 249 255 142 32 255 17 188 159 159 157 166 101 191
    255 1 11 130 204 186 22 4 44 255 136 91 255 187 8 217 56 66 188 139
    35 57 255 98 37 172 177 30 40 83 255 181 177 26 213 63 53 82 126 169
    74 227 196 219 144 240 48 178 163 255 44 7 77 45 255 254 215 255 255
    217 185 60 131 54 255 255 104 177 19 163 218 255 187 156 134 29 7 29
    255 183 83 16 239 156 255 40 255 248 244 191 124 73 255 46 5 23 173
    248 39 255 103 23 178 22 73 152 95 59 255 162 131 153 2 238 140 71
    247 255 246 5 255 132 171 16 46 44 214 83 51 95 250 105 157 215 2
    179 192 246 255 163 140 255 184 84 111 255 104 109 85 255 188 173
    152 244 56 148 137 127 169 13 195 204 236 183 68 170 182 211 33 107
    119 65 218 193 243 84 11 72 228 14 109 249 141 26 101 62 239 244 157
    104 209 103 255 255 181 249 30 190 156 44 174 246 3 60 175 81 2 255
    41 195 49 159 255 255 252 78 12 1 255 103 174 217 227 99 166 34 94
    212 166 172 255 67 215 165 255 63 43 255 78 255 51 170 110 255 103
    255 255 3 217 246 197 31 255 64 188 245 199 195 53 112 253 63 169
    255 221 159 60 41 171 241 119 193 12 94 173 253 255 188 114 255 189
    255 255 127 94 255 141 3 255 19 95 174 39 138 153 255 117 120 207 83
    243 83 57 145 5 131 202 186 255 196 136 23 14 146 233 28 239 152 227
    104 157 177 234 9 55 209 240 255 118 212 196 247 255 91 111 62 3 179
    123 246 60 163 119 73 115 133 11 109 255 131 200 255 95 135 96 181
    84 107 29 217 71 215 157 255 233 176 129 105 120 249 7 255 72 92 255
    233 27 45 112 68 193 94 55 129 255 248 189 65 187 192 255 65 150 178
    198 120 255 178 249 235 170 255 255 198 80 255 239 45 255 255 78 134
    54 27 255 44 106 253 209 209 136 84 195 71 200 255 140 208 168 137
    211 98 34 106 175 38 11 167 255 160 74 190 98 154 127 255 97 223 60
    131 92 18 140 255 132 104 166 92 107 46 252 193 227 165 255 255 250
    102 255 143 174 255 186 230 142 30 167 255 132 181 74 197 215 224 91
    32 121 24 139 211 255 190 30 108 147 17 71 62 159 55 23 18 198 255
    144 26 236 71 23 119 162 129 249 233 162 255 245 70 192 49 220 215
    107 103 205 215 181 211 46 178 187 40 107 95 181 227 255 252 1 2 233
    201 231 83 19 36 255 111 127 53 154 176 178 129 180 255 49 167 46 92
    245 14 117 102 3 107 146 255 15 131 255 232 166 54 204 78 41 117 43
    72 14 53 245 14 56 255 248 115 216 137 130 225 120 43 90 91 212 255
    65 156 109 64 225 84 5 239 34 88 120 111 221 183 208 182 138 199 9
    123 229 89 92 42 174 255 255 255 209 21 154 178 163 245 195 113 146
    12 154 44 122 255 85 209 255 225 66 161 208 249 144 162 20 240 6 29
    40 207 238 161 178 138 123 20 255 220 96 74 156 156 174 36 78 41 255
    241 187 183 144 153 18 240 132 195 19 103 229 41 20 162 161 36 33
    138 139 182 255 221 138 88 181 220 255 255 255 35 38 244 85 207 207
    170 50 214 60 100 255 54 255 255 255 178 255 236 213 217 65 58 202
    35 171 255 154 98 140 19 86 78 78 106 43 123 37 237 174 94 36 141 34
    190 28 176 255 82 135 255 92 22 179 150 84 11 240 116 248 125 70 182
    230 210 249 87 251 255 255 221 255 161 111 235 60 75 144 11 166 105
    17 166 255 98 90 125 37 109 25 240 140 255 142 88 5 47 87 207 241 24
    198 110 40 25 167 67 138 161 31 255 170 255 12 150 20 232 145 189
    152 243 179 243 88 234 179 1 144 109 255 222 18 67 227 255 129 29 43
    132 239 182 36 142 41 112 70 83 154 239 255 71 235 165 20 31 255 221
    4 49 190 157 190 2 252 163 13 28 255 240 34 127 248 122 255 71 247
    125 126 171 255 13 73 167 128 214 255 56 253 107 24 255 84 82 3 198
    65 95 255 83 22 246 124 83 255 255 107 208 255 53 79 161 152 244 212
    97 255 68 132 255 211 110 208 255 17 17 71 99 255 191 239 175 50 163
    66 204 241 128 77 242 248 100 116 255 55 159 255 108 124 211 48 55
    74 185 215 103 137 37 105 89 255 214 229 13 100 164 239 51 153 134
    63 167 162 255 69 255 1 179 255 167 136 17 121 200 193 67 218 154 69
    212 66 195 255 236 255 255 224 67 3 92 18 192 255 255 5 131 75 60 51
    241 162 172 130 46 255 255 204 47 253 66 177 195 129 95 228 108 255
    255 0 93 148 126 167 255 207 255 188 35 124 255 104 192 220 45 92
    179 102 214 105 18 150 161 45 202 57 80 165 255 193 159 171 128 255
    255 16 166 255 231 255 45 83 255 42 130 187 161 66 252 255 145 103
    255 207 252 24 73 41 208 73 212 130 78 59 170 98 205 215 255 12 255
    113 46 111 209 11 250 69 79 107 48 238 255 173 190 148 254 143 148
    231 191 255 65 128 212 151 148 196 40 226 195 177 14 37 75 136 8 6
    84 178 101 129 100 226 247 255 159 174 207 120 37 108 54 231 21 117
    78 243 246 218 152 123 169 57 136 53 211 240 255 72 117 55 95 152 66
    17 241 209 58 170 199 1 40 212 255 255 55 212 188 132 220 244 1 86
    255 228 53 208 203 148 29 186 129 253 177 108 227 255 255 60 97 255
    32 251 132 211 10 34 46 109 8 29 84 255 17 255 156 127 165 203 125
    110 233 197 111 0 98 215 185 211 250 99 26 255 254 214 38 255 12 19
    203 138 123 210 255 106 254 205 222 59 23 110 54 27 100 65 143 109
    255 22 117 255 136 186 95 55 72 185 120 2 255 91 183 14 184 239 188
    67 250 75 254 221 47 45 227 255 165 143 159 35 255 255 223 192 233
    110 143 162 125 169 13 213 45 255 159 11 125 58 13 163 141 211 182
    71 243 255 141 68 255 247 168 152 94 199 182 240 225 82 253 27 84 22
    8 65 202 198 134 255 222 117 24 127 181 204 106 91 0 255 113 147 99
    113 70 255 229 145 142 70 116 122 221 42 132 216 4 45 255 123 255 82
    158 238 55 9 209 229 54 76 104 127 136 255 66 206 111 43 255 255 79
    213 255 172 73 237 84 231 55 163 62 133 73 15 161 244 97 37 115 5 94
    88 222 255 228 68 47 255 109 246 236 132 217 210 103 1 185 140 30
    105 29 84 87 48 76 133 209 79 1 7 255 24 255 58 229 120 109 22 255
    169 89 205 183 255 255 246 64 215 255 123 151 75 34 255 49 188 212
    45 4 255 255 131 19 194 54 61 227 190 28 94 168 136 42 175 91 88 47
    78 200 157 82 255 224 26 78 129 45 30 191 255 255 140 183 58 206 230
    181 220 27 129 220 179 36 243 128 190 102 33 152 240 160 231 54 121
    255 212 174 255 177 255 50 51 211 154 28 255 123 32 215 241 42 255
    239 252 163 38 25 20 177 164 131 191 223 216 255 194 243 206 208 229
    125 5 123 128 27 152 88 179 204 34 86 156 186 255 187 245 15 19 196
    231 5 255 236 203 249 201 255 237 69 188 215 171 224 1 201 195 158
    113 81 183 255 51 232 227 13 47 8 34 46 103 94 228 80 255 9 95 99
    128 7 1 43 255 177 117 220 255 71 15 73 91 65 175 255 95 136 116 255
    83 254 71 12 255 39 236 59 168 255 255 68 225 255 180 105 196 19 205
    130 112 216 255 244 13 7 60 129 103 198 5 141 190 8 255 201 85 119
    36 154 125 45 148 104 67 183 111 1 223 255 65 139 104 140 254 153 44
    63 171 186 134 231 77 206 255 142 39 255 19 223 136 91 207 186 146
    24 161 56 218 41 39 12 130 26 228 190 27 0 53 192 25 162 116 107 236
    215 51 255 136 183 255 67 255 255 208 147 161 89 53 36 178 205 225
    235 19 84 168 122 206 20 24 154 45 62 17 131 114 80 201 46 26 105 21
    255 233 136 255 74 166 162 73 83 255 255 168 255 135 195 95 137 228
    103 77 38 119 159 32 29 151 131 17 235 23 182 8 60 206 11 47 211 68
    179 182 227 104 255 66 20 245 199 201 156 44 215 18 7 233 103 77 180
    232 136 170 194 61 20 255 88 146 103 16 182 255 24 64 255 68 38 255
    97 188 4 1 194 148 130 248 75 13 64 62 8 111 221 206 255 255 215 235
    255 90 197 231 178 222 252 92 49 175 60 39 199 102 247 121 22 251
    255 163 1 140 248 168 29 15 175 41 180 123 116 133 255 152 43 255
    215 191 209 241 173 13 71 18 180 175 212 62 221 174 248 125 61 255
    244 205 233 175 182 255 62 62 210 190 185 119 108 1 145 138 85 255
    84 198 255 255 221 127 113 44 153 255 128 68 100 113 238 248 187 43
    237 96 190 250 87 48 22 255 211 255 38 103 228 58 212 255 110 51 255
    102 67 90 26 160 95 221 112 255 12 255 248 255 124 178 66 96 8 7 68
    240 60 255 63 255 223 49 159 255 173 5 86 53 71 166 144 94 11 255
    255 104 157 255 7 173 218 59 59 165 87 125 255 38 53 102 164 78 119
    235 54 75 166 185 145 188 159 115 55 148 208 2 134 187 168 104 157
    94 255 177 142 194 161 76 94 153 209 8 210 119 255 105 76 255 20 99
    92 132 229 125 9 229 202 101 154 109 99 8 70 194 103 96 20 255 171
    120 239 207 105 175 229 14 255 206 143 2 255 47 243 95 135 245 199
    32 132 174 246 126 142 181 233 51 29 109 3 184 34 202 87 188 163 166
    228 146 113 223 33 57 167 170 19 124 98 166 255 255 33 255 200 255
    226 206 186 19 255 181 172 146 16 76 116 122 76 255 126 245 113 83
    13 255 24 14 0 253 227 171 110 239 18 73 167 255 33 182 255 120 217
    14 85 50 46 76 33 90 172 93 204 55 26 255 161 93 162 128 245 130 41
    197 138 89 16 105 66 198 55 128 255 40 242 62 255 215 62 249 131 62
    138 226 203 146 161 17 65 152 240 162 89 104 255 106 48 255 23 78
    144 174 121 255 19 133 162 169 3 95 255 76 79 154 255 255 42 255 28
    58 189 12 95 134 245 59 70 255 139 254 255 178 71 149 7 139 36 226
    216 108 201 141 255 188 224 17 65 126 117 162 152 57 189 26 255 87
    212 200 13 229 51 123 158 255 233 242 91 242 134 14 255 228 255 192
    151 145 78 120 144 35 10 229 88 243 18 152 67 49 103 115 173 99 254
    255 30 146 32 161 37 74 16 116 174 1 36 121 84 31 70 3 100 255 13
    134 112 32 105 55 216 255 244 26 134 255 89 178 237 6 72 255 122 119
    255 14 55 124 221 158 117 4 108 243 245 135 255 89 4 190 5 109 133
    16 43 236 141 227 109 30 20 55 166 102 231 16 88 244 197 192 26 89
    39 214 235 188 210 98 235 243 120 157 130 62 184 43 13 142 4 223 187
    255 5 110 185 2 218 216 190 17 72 112 156 255 16 234 146 160 109 98
    200 52 255 178 176 84 131 171 255 220 38 36 255 186 255 131 123 132
    68 245 183 166 69 240 157 229 157 65 160 203 138 177 134 116 187 255
    255 135 28 37 152 3 186 128 125 96 35 157 71 255 34 35 62 137 16 118
    173 106 10 58 183 85 219 174 135 124 120 255 156 4 35 133 255 181
    121 169 58 141 140 197 22 106 52 255 51 131 71 159 83 255 58 255 104
    80 152 229 219 128 21 253 239 67 174 255 255 94 57 157 219 132 255
    255 86 144 223 61 200 255 95 255 25 142 214 65 133 243 5 82 7 87 91
    255 90 82 115 119 255 53 146 255 13 141 130 99 234 195 255 211 48
    249 37 200 24 133 60 255 164 249 111 14 238 87 56 175 11 123 142 183
    43 255 228 15 15 28 73 193 252 98 145 148 118 95 124 200 152 255 46
    102 0 42 140 255 84 5 255 29 20 202 73 233 61 127 83 156 193 210 255
    103 47 20 97 97 211 165 8 255 45 95 95 169 255 216 138 59 178 80 169
    116 160 62 252 90 159 140 19 27 40 95 255 30 173 47 123 127 246 255
    101 124 255 216 215 53 240 82 159 230 235 255 197 51 228 156 25 245
    115 144 94 202 23 83 77 15 33 128 246 161 172 255 9 85 200 202 30 84
    214 140 59 255 96 178 153 255 47 255 146 251 200 125 238 255 127 20
    254 95 194 255 233 217 159 249 132 255 194 126 65 254 72 96 51 26
    187 69 99 255 1 70 239 55 255 198 147 204 100 153 151 202 90 206 188
    248 164 255 239 87 58 255 152 255 104 104 54 13 255 124 198 227 239
    255 48 255 41 43 203 69 120 255 30 135 255 255 205 217 120 90 216
    163 106 132 20 255 104 42 105 191 63 22 87 71 84 47 39 245 94 29 176
    255 213 11 20 253 163 119 89 118 80 112 221 255 14 81 149 15 78 255
    252 255 255 149 189 62 77 100 40 76 145 255 19 47 255 122 47 255 77
    92 246 40 127 203 255 84 91 255 108 57 182 146 111 228 209 249 8 22
    255 255 131 240 216 55 105 201 123 7 113 68 129 255 181 250 224 206
    206 151 212 252 223 12 0 44 123 138 188 187 45 70 90 224 14 25 14
    154 190 255 190 255 250 96 249 249 4 5 185 76 194 255 143 226 113 74
    235 246 50 26 8 255 184 190 149 134 66 15 112 82 255 165 214 185 16
    98 109 159 55 253 192 159 186 255 162 207 46 146 234 14 231 148 155
    249 236 26 255 255 128 5 162 194 173 228 218 255 117 163 132 29 240
    154 158 60 33 41 36 200 184 200 158 219 202 214 90 38 179 124 255
    255 253 251 186 59 255 41 240 82 33 125 112 204 117 29 255 241 82
    239 17 118 206 94 28 255 172 215 255 5 104 255 43 85 8 113 184 161
    175 145 224 0 90 101 105 29 255 23 180 109 56 49 241 169 68 255 212
    255 255 135 119 153 178 253 169 181 118 119 135 1 24 240 234 75 126
    163 161 250 248 249 56 255 30 1 182 18 132 197 90 174 209 63 188 167
    183 132 24 255 57 96 22 175 14 255 200 50 255 65 96 185 87 202 243
    85 44 194 108 48 58 108 12 21 254 105 78 59 116 132 248 143 142 97
    190 61 190 12 20 33 160 255 248 120 255 95 10 236 109 226 166 255
    165 240 99 60 57 243 122 255 79 34 28 239 126 212 129 87 255 125 215
    255 150 127 84 219 168 171 46 56 123 178 24 111 244 103 255 3 68 67
    69 249 22 47 121 69 243 255 100 125 92 255 30 112 138 45 96 127 220
    211 21 175 52 224 125 150 132 218 85 223 109 205 65 141 242 255 154
    64 117 197 112 149 0 200 59 25 250 241 141 24 255 3 50 57 90 169 182
    229 27 200 140 235 38 255 31 188 198 255 255 132 255 255 182 166 26
    142 255 136 185 69 0 38 171 255 209 19 255 219 229 255 255 143 255
    180 91 128 228 213 16 184 72 244 4 156 57 126 228 203 172 86 255 221
    73 255 139 191 177 255 119 232 204 153 255 150 200 246 99 35 75 208
    218 255 245 159 255 255 211 244 255 67 92 4 78 25 35 175 248 84 102
    198 28 153 138 150 112 183 204 174 70 9 255 34 215 245 255 250 189
    119 91 8 117 45 169 255 177 154 255 197 5 231 96 153 132 18 182 190
    86 255 255 253 35 204 141 131 255 140 213 255 32 145 67 20 154 128 3
    91 194 0 49 75 51 195 220 133 186 236 94 174 255 222 169 100 172 116
    140 244 183 173 12 179 255 201 23 255 152 157 149 108 64 90 55 242
    108 29 72 78 35 131 63 35 222 5 242 85 177 58 25 200 218 98 255 186
    119 252 50 1 174 28 66 92 16 179 211 171 57 255 139 191 255 143 201
    148 36 104 174 193 243 182 170 48 255 157 240 170 33 206 87 205 247
    74 81 140 1 167 255 185 211 48 255 2 29 59 246 182 255 152 24 130
    157 48 241 190 22 255 40 175 117 214 24 107 255 168 40 26 144 255 12
    168 175 146 179 94 147 171 166 51 235 146 214 157 111 115 39 239 255
    182 255 255 135 20 143 81 121 202 255 142 246 98 173 45 180 133 133
    255 228 215 23 255 191 246 255 146 115 162 216 15 255 123 92 16 117
    203 26 203 38 28 48 4 255 66 229 255 45 206 220 17 213 255 194 146
    202 1 71 224 115 189 153 245 187 18 147 44 243 144 170 255 148 71
    255 214 76 198 119 255 255 42 152 146 193 72 36 53 52 65 84 165 203
    80 155 241 252 194 255 218 171 34 100 187 255 111 45 255 99 163 146
    32 255 183 111 10 119 80 28 200 254 93 255 33 205 26 167 253 141 17
    103 255 109 203 255 133 183 43 255 241 130 61 41 179 177 243 231 58
    58 152 197 138 190 43 255 116 105 79 199 167 123 111 199 213 173 18
    172 241 64 62 255 68 80 141 46 43 217 2 52 26 125 179 165 255 233
    255 99 111 137 234 48 12 67 78 4 223 144 92 88 33 3 127 178 255 232
    181 28 33 9 173 38 147 107 237 58 173 99 255 204 171 255 4 59 34 152
    161 119 255 45 129 66 101 116 255 41 255 84 2 36 224 97 203 236 237
    200 255 189 255 208 164 255 167 241 95 36 251 241 195 135 243 4 255
    235 29 119 221 69 120 177 163 83 70 208 251 255 98 95 108 29 15 124
    255 24 36 223 150 224 94 20 69 90 133 78 245 97 157 255 96 152 203
    50 247 22 227 255 224 227 28 12 197 174 255 190 92 255 164 204 239
    243 11 186 8 117 170 215 8 255 49 195 105 157 81 8 37 114 34 3 225
    138 4 249 211 39 222 75 13 22 255 252 75 179 128 143 215 255 38 255
    107 255 255 103 72 165 113 188 227 159 198 255 125 64 94 26 49 229
    97 70 228 126 157 255 53 94 100 131 107 82 38 255 199 83 45 80 250
    158 121 40 64 255 249 0 100 6 121 82 236 93 127 148 102 128 239 32
    78 26 144 232 39 133 141 123 191 254 190 201 13 117 255 47 57 4 255
    97 180 58 14 138 255 241 112 67 229 8 109 96 181 255 208 255 255 40
    76 150 104 120 170 81 255 255 247 163 195 42 122 53 255 117 255 236
    133 37 67 112 255 168 160 255 73 160 255 243 243 18 203 153 29 156
    14 245 62 47 237 216 23 245 186 69 3 29 144 46 195 226 83 147 181
    255 9 167 229 249 86 240 139 255 87 179 170 136 207 214 45 112 76 99
    109 81 121 59 84 255 255 66 204 255 131 255 30 230 196 181 33 231
    236 176 111 85 78 138 25 105 255 186 1 65 11 49 255 165 26 136 126
    254 255 87 168 255 203 62 255 228 253 166 94 214 12 137 240 28 76
    245 174 159 142 214 226 92 225 231 52 70 0 182 202 68 105 9 44 79
    244 136 204 45 170 53 255 76 162 255 190 229 255 233 252 255 51 102
    146 192 88 159 121 104 255 98 67 136 9 255 225 183 78 127 242 199
    255 21 24 125 197 154 241 177 189 255 55 255 169 100 66 255 104 230
    161 141 186 249 160 174 228 117 155 58 223 209 29 136 212 166 121
    165 255 255 126 67 82 34 255 94 177 161 203 198 115 255 255 127 35
    197 255 220 128 255 137 255 212 200 123 253 173 91 34 77 157 255 160
    53 141 122 2 194 62 96 183 49 157 13 172 47 255 231 9 142 90 21 173
    232 61 117 141 229 255 255 93 75 175 55 82 84 255 12 192 181 101 95
    24 51 61 252 137 166 103 255 186 255 255 38 94 140 255 255 14 87 255
    206 161 102 255 136 82 208 15 110 255 130 59 237 2 255 198 223 28
    227 32 28 255 173 84 76 167 71 140 166 144 239 51 190 54 80 67 58 19
    33 255 148 191 158 139 79 255 210 131 255 70 87 54 144 10 224 47 223
    113 28 213 241 83 33 119 119 189 82 236 255 50 193 147 66 39 62 91
    141 221 178 244 31 78 195 142 224 69 143 228 83 35 173 34 27 255 84
    33 42 23 85 224 140 41 255 109 204 253 152 37 204 249 255 235 1 255
    13 187 64 255 73 172 16 244 207 249 113 153 211 152 112 58 41 189
    255 41 74 58 190 27 33 84 176 255 104 188 120 75 250 255 158 146 38
    126 255 255 126 100 153 34 23 148 255 252 255 39 207 255 79 224 255
    255 255 137 60 52 239 0 88 116 140 162 250 127 255 192 67 51 231 154
    52 204 106 195 255 242 1 186 186 119 231 158 171 165 152 202 255 235
    4 30 247 38 163 247 34 239 240 219 221 169 255 255 111 233 78 152 55
    255 132 229 206 248 255 173 212 138 221 213 255 255 78 141 115 225
    20 145 45 179 138 27 152 183 251 99 231 22 39 109 144 96 4 112 112
    255 189 82 5 105 115 0 143 146 65 147 83 16 223 135 243 150 192 20
    156 27 255 255 147 54 156 74 63 225 69 255 26 123 215 124 98 255 82
    222 67 190 81 5 18 166 233 222 69 255 23 239 127 87 210 42 216 240
    255 0 229 240 53 213 20 199 47 225 185 180 255 106 3 98 99 11 127
    137 212 125 179 35 235 22 239 53 77 229 144 59 165 255 51 83 158 201
    255 25 166 255 255 248 241 59 202 214 12 178 100 95 53 255 255 193
    141 253 215 241 255 58 174 92 148 231 255 214 9 188 255 50 194 98
    169 99 107 255 255 173 33 75 187 108 221 19 107 190 87 10 22 77 86
    74 190 192 195 92 41 219 78 1 179 43 117 255 37 238 255 255 147 130
    180 2 46 95 250 199 255 209 5 195 135 255 129 255 255 186 180 185
    110 17 211 139 197 198 222 103 212 106 126 166 11 192 129 243 45 255
    3 193 255 51 59 65 67 197 132 83 72 161 29 165 233 138 174 80 221
    166 84 146 245 255 15 195 190 98 168 104 191 49 96 2 150 141 139 70
    178 171 192 255 255 237 255 210 255 72 165 12 29 61 250 255 76 255
    30 43 76 225 143 235 49 39 181 130 103 146 255 253 70 255 103 156 70
    53 255 169 244 180 219 227 58 255 207 255 208 147 156 99 205 69 26
    21 112 227 190 139 183 41 164 178 150 255 69 63 84 167 120 163 186
    247 9 90 222 181 20 63 255 202 6 33 65 5 234 82 79 255 182 21 255
    239 255 79 255 172 92 30 19 212 227 214 103 107 229 24 127 152 168
    61 39 255 13 123 96 54 142 44 255 64 118 243 255 93 22 70 200 188 77
    103 220 210 145 11 88 8 119 158 247 162 77 251 83 183 53 137 174 105
    47 18 230 255 184 203 153 16 83 116 184 24 178 201 191 36 199 47 51
    13 248 255 215 163 195 225 210 250 4 51 69 208 79 144 48 25 255 199
    255 84 24 148 161 216 190 28 27 131 225 255 124 154 152 215 144 231
    98 82 71 166 67 43 190 237 26 40 255 142 181 192 34 167 121 51 184
    255 246 255 255 61 33 72 124 119 69 181 100 255 232 128 53 112 162
    57 104 209 127 179 16 112 111 67 241 8 255 211 128 91 179 189 217
    225 191 31 12 117 168 169 222 248 9 242 157 255 12 255 88 205 215
    217 57 73 16 236 20 46 138 3 255 250 96 255 159 51 255 192 157 91
    165 236 182 46 218 200 77 27 20 228 103 255 130 234 255 103 45 157
    249 201 246 255 86 159 194 198 37 200 255 45 151 255 255 34 90 255
    151 138 255 254 181 255 113 27 90 132 120 199 165 10 181 185 63 211
    148 255 202 41 255 99 152 135 255 169 207 80 223 255 145 4 255 198
    224 121 225 228 17 171 200 66 123 65 211 127 4 255 153 48 156 225
    255 15 134 227 159 129 243 81 22 205 255 255 20 250 195 82 209 4 233
    90 142 190 91 116 146 124 123 109 255 63 216 109 255 171 66 166 225
    255 41 41 242 121 106 49 255 34 124 12 203 195 116 35 23 188 170 236
    231 241 51 3 70 214 255 129 212 174 230 200 74 255 206 50 255 116
    108 71 219 255 254 115 58 37 255 59 32 224 105 5 176 255 103 47 255
    237 43 167 182 37 153 243 170 128 222 156 255 255 234 129 83 0 162
    83 107 92 57 182 49 130 147 26 182 38 187 60 86 212 223 186 255 214
    255 116 159 128 137 145 15 96 255 99 241 197 148 255 28 129 49 190
    206 200 89 183 33 54 163 14 36 74 255 156 8 72 194 97 169 50 197 5
    162 10 101 38 46 220 48 217 255 104 1 255 240 171 54 56 233 153 191
    184 29 111 78 163 161 119 255 143 112 136 154 124 228 202 210 75 143
    166 243 64 209 195 180 84 179 210 22 87 184 245 49 3 218 255 138 236
    4 81 87 255 146 168 207 179 51 186 199 73 116 165 4 255 17 162 125
    194 130 223 51 255 108 35 145 250 43 158 255 139 98 225 54 218 116
    100 64 223 162 106 255 11 130 255 163 245 188 27 255 255 255 242 204
    161 193 71 34 48 243 166 255 232 45 136 233 240 195 255 60 225 255
    88 146 158 63 124 142 79 72 216 14 162 37 181 121 237 229 118 128 74
    150 140 140 23 3 255 104 215 119 235 28 83 180 174 108 179 42 197
    177 80 223 188 7 3 127 216 255 126 177 142 16 84 90 136 161 29 71 20
    145 246 40 120 252 9 48 181 88 219 102 152 240 218 255 153 106 157
    16 153 22 163 9 120 82 82 103 12 169 255 174 44 219 111 255 94 13 53
    255 59 80 112 255 68 192 51 189 216 81 174 255 76 100 187 120 108 38
    122 246 208 190 97 95 118 141 83 35 108 63 69 135 253 249 251 130
    198 118 239 49 40 134 75 80 255 232 183 214 199 213 109 120 229 202
    57 206 225 181 45 78 89 172 255 78 206 25 51 61 239 81 212 137 2 136
    227 245 195 255 42 255 255 120 31 162 184 58 255 125 228 255 102 222
    3 86 55 28 34 26 133 47 79 105 190 247 210 41 242 219 83 228 255 18
    195 86 247 166 255 75 21 200 41 46 141 32 224 20 149 100 255 64 169
    50 247 115 255 73 103 255 67 9 255 78 5 219 47 184 255 78 219 82 172
    131 12 228 198 229 71 255 79 198 70 49 225 231 16 229 15 3 161 86 83
    246 184 58 243 124 255 116 12 163 202 62 117 184 210 99 96 10 82 17
    41 255 240 103 33 158 218 232 99 237 17 255 233 255 43 141 199 5 217
    115 150 60 117 145 255 1 76 123 228 153 218 255 48 122 255 109 214
    150 85 71 255 229 167 190 198 61 255 174 37 255 112 51 174 54 183
    206 255 56 255 241 241 127 105 171 188 187 213 255 4 136 173 117 117
    246 73 165 255 185 187 25 37 9 161 250 138 16 162 136 32 129 31 175
    146 118 141 62 51 183 123 205 138 105 168 255 207 16 153 30 231 255
    82 156 174 86 43 165 193 14 255 220 61 255 251 73 100 63 96 69 77
    237 116 239 63 53 60 176 195 98 146 117 51 50 67 127 75 29 198 195
    255 38 131 182 175 225 198 62 121 111 48 226 235 19 157 183 81 209
    191 255 158 127 255 130 255 221 140 255 235 2 255 74 62 148 162 191
    166 37 82 232 156 57 255 108 240 245 66 134 255 185 194 255 221 193
    13 255 255 116 24 10 255 45 165 252 28 138 254 13 255 84 204 67 150
    117 100 255 24 255 219 201 250 232 252 192 255 166 3 32 126 108 167
    159 236 250 69 0 255 243 132 206 255 223 128 61 250 100 227 73 61
    205 43 96 206 210 47 23 230 255 41 187 200 77 7 42 35 209 28 186 145
    83 252 126 71 223 111 196 167 172 255 154 250 98 91 150 49 82 14 255
    165 255 8 84 255 202 219 153 255 8 240 12 152 228 133 133 87 255 70
    120 163 194 21 253 169 67 255 85 39 113 37 99 61 75 3 206 54 103 119
    211 31 70 214 255 163 81 184 255 198 180 69 14 142 198 146 168 236
    113 127 14 252 255 167 57 213 13 75 190 149 77 216 13 201 151 255 81
    160 13 178 231 165 124 129 255 255 106 145 186 51 157 218 200 195
    187 228 255 109 197 255 149 61 96 6 115 3 74 255 115 50 168 241 38
    98 62 236 59 92 164 240 69 68 254 166 230 187 17 112 62 255 255 110
    166 197 255 95 129 122 99 151 33 255 132 255 177 208 17 199 99 1 249
    255 157 20 144 163 255 200 46 33 64 78 63 255 121 4 229 1 159 211
    249 232 113 90 142 51 37 142 59 111 255 146 87 185 192 222 148 224
    233 167 77 252 0 130 195 22 109 87 83 132 58 208 87 5 130 73 255 100
    207 88 173 162 90 125 220 21 173 244 14 75 175 133 255 216 73 255 3
    255 63 8 192 255 152 114 192 89 81 3 244 32 111 195 38 157 44 255 41
    219 8 208 223 255 134 91 255 161 118 255 254 90 67 255 96 146 202
    239 90 62 117 70 66 172 147 154 23 116 196 36 216 51 66 255 220 116
    31 42 92 80 174 61 15 132 87 241 255 255 38 101 255 95 59 48 118 255
    101 156 154 23 241 111 37 138 50 61 102 220 50 119 255 50 251 195 85
    255 255 236 192 255 122 190 225 237 46 255 219 105 198 255 112 248
    122 69 182 110 197 244 49 81 120 248 88 255 242 7 255 154 71 50 144
    255 177 211 168 47 210 175 130 157 82 215 210 228 255 237 85 65 185
    221 16 33 75 206 2 203 70 233 174 233 16 213 200 132 254 91 90 63
    215 45 142 14 241 212 216 175 197 41 86 32 80 255 92 241 174 28 255
    84 224 255 149 187 28 195 239 129 165 96 25 167 201 173 141 255 112
    116 204 255 46 8 255 233 221 192 212 255 84 221 100 255 149 84 255
    35 170 124 188 7 255 181 234 54 54 144 255 254 108 71 120 186 255
    191 117 12 121 63 30 189 224 146 254 235 5 199 221 255 180 72 137
    109 198 78 36 115 239 48 60 255 2 4 240 96 255 240 89 181 255 231
    157 70 248 32 158 198 170 11 77 1 187 186 93 84 97 255 67 246 160
    241 19 144 43 82 2 255 223 180 167 69 119 224 153 255 14 251 255 124
    90 59 177 190 57 88 131 10 255 187 197 138 231 94 255 180 81 235 5
    195 185 60 255 137 228 64 255 106 50 255 54 56 38 55 246 243 115 32
    249 113 192 82 234 255 255 171 201 255 111 187 219 56 81 74 12 68
    244 150 123 170 140 108 239 213 126 129 222 255 117 128 47 149 236
    240 181 124 223 255 246 194 246 161 164 8 230 17 255 43 26 255 85 82
    41 174 97 54 159 123 138 129 248 255 81 255 202 179 116 69 187 9 144
    123 210 163 68 147 62 222 255 253 35 99 204 201 152 183 137 192 24
    40 21 34 81 172 21 242 192 255 26 17 109 215 58 255 218 72 183 207
    255 255 187 142 22 18 172 207 123 255 235 120 255 74 234 144 255 21
    210 42 210 155 111 160 255 36 133 184 107 101 225 255 19 53 204 220
    255 253 247 142 158 80 245 255 78 55 255 208 20 192 47 255 22 141
    139 47 82 119 255 29 120 3 4 108 21 241 57 232 73 150 203 157 219
    255 255 250 249 174 15 104 16 191 192 202 85 137 210 44 79 5 28 18
    131 181 119 48 227 182 97 255 219 41 121 162 98 246 82 89 43 4 51
    187 100 61 110 175 84 150 70 255 33 133 63 76 57 99 133 255 181 57
    255 96 142 42 92 1 192 107 31 141 108 48 3 229 227 202 126 131 5 143
    219 175 121 145 94 255 170 14 118 20 216 79 13 255 97 135 255 0 240
    255 255 223 200 185 162 255 118 109 92 61 159 255 152 170 255 177 13
    72 239 251 170 61 245 235 163 127 8 253 32 3 255 122 255 61 48 255
    227 201 207 200 1 196 236 17 225 53 146 86 20 229 96 173 56 255 90
    99 207 255 179 144 207 63 255 119 130 153 29 2 7 95 255 154 226 150
    174 254 175 182 205 105 75 198 222 145 21 219 204 5 35 132 56 207
    186 159 33 249 61 74 255 222 216 187 148 13 235 78 0 255 255 255 255
    221 138 129 2 252 208 210 189 14 147 124 90 255 28 255 201 7 255 116
    212 253 215 136 47 8 235 92 120 199 134 75 186 21 85 32 96 154 191
    186 77 216 70 137 155 49 38 255 82 192 40 208 58 102 166 222 36 204
    235 255 171 162 255 98 161 9 5 90 25 255 225 150 167 219 205 255 76
    152 255 202 10 255 243 255 43 47 90 7 205 48 255 6 174 28 41 52 116
    128 216 125 169 166 140 9 198 71 184 134 255 195 188 145 3 91 210 33
    115 46 104 168 255 43 20 255 9 11 63 126 224 255 240 98 17 211 35 53
    119 43 125 178 216 255 185 206 255 14 169 99 11 88 255 255 69 255 2
    213 61 6 49 119 141 51 194 203 52 210 147 92 8 80 162 30 206 126 221
    29 255 255 120 200 255 201 148 255 174 242 182 49 119 138 120 27 175
    153 46 255 87 82 246 9 142 255 164 190 255 255 58 217 232 254 111
    255 234 255 94 255 14 88 246 55 197 85 58 14 214 99 209 95 255 252
    25 24 178 241 185 48 249 231 96 176 105 8 238 32 137 10 255 119 112
    5 182 1 140 30 70 91 170 46 199 116 109 192 110 131 65 58 164 255 79
    53 12 26 152 109 235 39 45 33 155 169 197 226 241 193 48 255 51 17
    221 64 47 210 203 214 195 248 135 210 200 213 198 236 14 214 0 255
    171 71 181 34 167 255 199 16 226 255 222 52 104 168 67 72 96 63 65
    42 109 255 121 93 34 216 49 224 48 138 254 159 158 76 188 3 78 103
    138 255 156 55 11 91 105 154 194 76 148 54 183 235 22 139 204 121 45
    90 170 255 237 209 249 40 128 121 255 30 135 255 236 7 148 181 234
    46 156 142 103 102 146 58 199 225 235 190 255 124 167 107 255 30 124
    1 63 229 255 8 11 109 255 141 175 142 52 198 139 81 30 86 136 53 229
    255 188 218 152 232 24 238 17 145 190 191 199 103 255 156 121 255 90
    25 255 132 237 98 125 236 13 3 23 239 0 41 124 122 48 228 255 255
    243 214 98 255 107 255 92 111 1 237 162 154 158 123 255 8 248 255
    255 239 32 11 21 82 58 255 4 214 149 207 62 129 234 98 165 96 124
    117 5 204 87 167 91 154 34 255 46 110 255 100 60 254 55 72 250 40 73
    61 53 136 190 167 253 246 60 148 214 145 209 82 74 202 20 25 126 134
    90 186 51 179 175 255 250 168 255 50 144 255 170 248 255 20 255 224
    204 46 255 117 175 255 22 73 34 68 155 116 201 84 62 251 222 214 212
    37 142 245 214 116 68 224 92 220 130 255 58 104 255 94 212 212 180
    239 255 255 43 13 255 247 255 130 180 128 94 150 63 239 4 94 162 9
    17 160 218 70 162 154 59 193 135 245 159 13 163 255 44 255 191 213
    141 0 114 241 255 5 116 237 245 210 30 32 255 49 167 255 77 141 54
    210 169 30 4 49 255 169 148 21 222 222 224 237 43 5 122 148 236 222
    150 255 96 187 210 241 136 255 211 243 4 138 254 255 195 40 181 186
    222 255 33 72 255 170 181 198 188 17 74 96 29 204 211 92 108 107 255
    255 235 1 187 88 72 198 255 167 18 242 91 30 158 36 8 32 111 125 205
    58 217 146 206 18 200 235 49 78 14 59 255 206 170 216 38 196 203 131
    71 48 28 255 253 33 95 255 169 67 183 138 227 149 212 33 160 59 255
    123 255 255 255 15 29 42 254 196 255 241 178 68 250 190 147 152 255
    17 119 188 162 49 101 83 164 170 169 250 239 126 66 255 50 8 88 164
    240 138 62 55 171 225 255 237 184 180 255 255 46 119 18 121 4 195
    106 255 189 205 65 125 43 255 255 148 231 137 17 83 61 11 18 16 92
    148 250 255 157 54 7 255 77 254 255 48 127 255 117 79 82 48 177 227
    250 9 243 47 222 82 166 103 188 150 211 58 255 177 7 221 187 161 115
    255 63 103 128 124 180 255 173 177 64 34 147 228 253 115 153 207 123
    40 128 70 112 255 228 99 96 59 104 228 81 35 175 138 11 71 205 228
    109 137 145 57 211 66 152 162 223 72 182 122 255 254 88 111 248 199
    70 130 106 228 183 163 90 20 53 170 138 92 84 56 235 165 191 41 237
    151 95 181 222 177 72 97 29 255 66 32 54 28 29 101 101 255 4 2 157
    20 119 80 29 169 230 255 45 143 65 98 229 220 232 174 173 216 169 17
    24 11 71 32 158 200 233 249 142 232 188 50 91 202 255 91 114 255 150
    86 50 205 243 8 189 123 240 252 225 175 16 95 74 63 131 255 84 168
    63 255 255 190 128 187 255 95 249 96 117 29 144 162 64 173 226 219
    159 235 121 88 255 87 231 33 248 103 88 105 243 147 108 255 167 49 0
    216 245 255 246 43 232 248 124 101 130 186 13 99 106 41 255 47 255
    95 238 111 203 55 129 183 59 54 65 158 255 214 211 255 127 252 252
    253 236 3 36 179 145 109 3 145 248 57 253 133 219 255 197 107 255 81
    63 255 178 5 95 50 59 255 194 170 255 119 237 57 129 255 104 129 200
    183 184 203 145 56 140 104 19 254 255 27 216 255 103 189 196 120 230
    255 108 248 125 111 172 145 144 250 74 175 50 255 255 44 255 87 152
    170 108 38 167 239 184 88 168 10 67 132 174 196 189 81 255 5 118 28
    126 153 255 1 82 255 123 146 17 47 121 241 16 68 119 94 155 116 25
    248 149 247 219 255 13 199 255 40 75 154 49 85 255 245 255 86 255
    255 29 146 211 136 239 228 255 109 106 57 119 13 154 48 242 98 69
    216 169 180 62 14 146 142 111 187 29 169 235 131 103 126 247 255 43
    78 255 49 228 255 95 117 255 42 62 255 240 253 90 74 243 159 30 92
    158 41 84 255 146 92 127 230 27 178 111 63 154 157 81 255 70 209 50
    251 131 246 67 14 11 129 130 255 255 248 21 188 210 22 144 168 255
    172 31 30 163 168 138 216 191 152 126 53 153 163 187 99 103 242 113
    37 255 190 239 255 255 162 216 208 221 31 101 208 124 16 216 194 22
    101 59 255 162 58 255 0 129 190 54 84 108 244 206 255 189 238 101
    154 99 103 74 239 192 39 80 253 200 92 255 83 59 87 133 242 5 255
    109 255 186 235 255 113 131 104 71 223 255 255 154 207 255 27 117 79
    255 255 87 144 185 255 140 79 80 255 255 142 250 55 64 80 173 118 40
    145 16 124 78 175 114 255 250 150 255 53 38 142 255 243 142 220 155
    101 68 0 115 73 159 237 188 189 62 255 4 141 50 255 255 32 255 58
    169 56 70 27 23 255 70 123 22 148 114 11 145 237 220 100 9 78 214
    251 123 185 148 214 99 237 79 156 12 170 48 138 111 254 48 255 148
    68 169 200 59 255 51 247 255 245 127 51 139 243 58 126 237 255 251
    21 183 60 70 45 117 29 8 147 231 50 123 68 179 23 153 69 248 119 74
    204 237 94 201 79 255 128 255 150 189 255 116 249 150 59 82 255 30
    190 150 188 102 255 1 169 179 255 233 56 255 111 199 255 255 12 191
    210 255 153 33 255 182 70 206 255 99 43 255 63 175 255 159 22 192
    141 9 183 159 255 91 97 41 214 81 183 116 173 158 223 198 103 166
    141 255 162 73 57 187 22 240 70 255 2 191 75 136 255 154 33 42 121
    67 183 164 171 150 174 170 165 226 73 128 129 221 219 202 247 94 109
    106 188 130 85 165 153 85 255 214 45 199 179 214 227 194 248 116 60
    202 248 161 147 255 60 35 212 17 92 167 97 255 196 179 181 108 212
    246 255 255 37 255 115 195 244 167 91 178 251 177 187 223 0 104 168
    168 59 241 255 94 151 255 255 207 72 109 255 100 244 248 76 130 255
    70 4 36 201 62 151 90 24 160 97 36 96 7 255 239 140 1 103 2 250 156
    226 75 247 228 235 56 202 163 15 219 123 253 110 192 216 58 59 106
    166 255 62 222 111 94 74 105 9 56 255 186 213 188 119 36 250 151 166
    61 156 118 41 169 159 255 221 200 255 243 189 255 164 44 255 202 73
    99 75 115 255 98 94 255 20 255 149 255 45 161 124 184 96 255 228 55
    246 250 255 220 202 170 101 96 255 209 255 239 92 209 42 247 239 255
    98 245 255 118 238 87 244 3 30 54 27 13 89 240 63 2 255 130 222 163
    181 12 28 255 36 87 162 119 163 255 236 160 236 255 199 255 29 88 55
    255 3 112 8 26 40 248 164 255 235 236 255 243 152 43 88 231 188 47
    94 208 250 43 25 16 251 96 81 255 71 33 228 255 87 124 63 221 50 255
    38 73 255 108 33 225 56 142 49 249 83 137 214 224 28 140 255 92 210
    82 21 81 96 171 255 255 227 255 215 78 255 26 188 243 90 255 130 255
    65 106 255 103 137 180 255 19 152 255 120 190 221 81 135 59 65 156
    133 99 235 84 195 124 228 117 223 34 213 28 0 166 222 78 83 157 12
    17 109 83 163 166 88 103 206 179 73 255 255 65 110 105 116 186 255
    195 61 62 133 203 255 218 84 16 128 136 145 214 2 171 213 230 255
    136 255 228 18 215 185 61 66 61 157 97 185 235 69 255 168 170 220 20
    35 255 173 4 255 99 24 188 26 85 243 244 198 255 82 96 40 96 109 255
    239 106 58 70 119 70 249 145 255 232 248 255 243 67 127 241 80 128
    255 34 83 16 255 255 118 95 190 19 151 255 255 84 255 166 55 105 164
    225 158 182 116 99 209 214 45 248 70 223 150 45 13 138 223 244 211
    124 144 118 1 115 81 108 225 174 255 199 111 41 65 178 99 92 53 93
    108 120 177 255 186 255 117 142 255 148 117 238 233 34 237 166 66
    215 169 70 179 255 220 135 99 19 24 249 253 247 145 148 201 88 205
    122 14 65 69 124 191 212 174 131 67 199 179 231 80 50 246 21 41 109
    232 138 57 109 158 237 137 227 152 255 225 48 250 198 205 90 97 60
    203 95 133 202 195 51 134 1 146 109 14 24 54 113 43 130 87 126 255
    144 23 116 159 241 255 109 226 244 45 102 137 6 61 69 234 250 204
    103 253 141 135 255 88 101 129 248 214 175 187 173 74 173 191 148
    195 158 47 245 202 216 255 20 35 113 250 96 5 5 228 255 173 181 109
    110 56 236 14 57 255 225 145 79 206 96 255 12 17 255 49 217 255 166
    50 255 36 238 255 190 255 255 142 180 255 253 4 255 63 224 221 13 63
    145 96 92 178 106 209 4 51 177 255 66 229 211 15 152 46 215 76 116
    150 41 187 200 248 84 69 215 255 56 92 255 187 110 170 118 96 255 96
    222 109 75 226 30 174 74 103 220 224 192 146 67 252 177 178 255 224
    252 112 3 146 196 38 171 86 190 129 255 49 158 37 42 160 136 67 211
    255 133 179 169 87 14 123 96 121 255 255 202 165 255 186 163 32 121
    255 46 14 154 62 192 255 198 63 150 36 32 53 255 242 158 255 186 255
    102 218 170 92 134 91 96 250 34 248 147 255 139 135 142 48 28 67 228
    28 101 172 184 255 94 71 50 151 210 210 190 189 255 64 253 255 145
    61 254 172 255 166 118 171 255 43 217 199 124 15 237 0 4 243 227 28
    253 90 82 7 130 64 255 212 131 192 106 102 183 100 216 255 121 2 159
    40 13 195 17 75 171 47 45 105 80 59 58 122 56 84 43 255 140 222 179
    255 63 255 87 255 21 255 230 127 137 125 194 255 163 224 20 26 243
    255 101 187 161 108 110 41 88 128 200 33 12 115 60 156 255 45 69 255
    43 26 244 204 73 72 113 219 255 159 254 255 41 100 96 225 85 255 151
    36 94 251 64 57 215 126 255 177 79 191 32 164 255 166 245 255 94 73
    70 103 157 37 131 8 255 192 168 194 22 150 245 32 62 255 161 255 255
    115 179 253 152 3 124 148 12 69 146 255 240 98 99 129 105 124 248
    127 63 1 158 8 187 47 183 86 158 248 163 108 217 25 127 253 5 91 197
    255 13 224 37 95 183 67 204 183 51 54 81 167 173 255 255 181 141 65
    43 180 255 61 52 63 46 255 221 84 86 162 78 33 67 11 71 57 133 216
    137 234 162 196 14 81 98 241 122 59 212 19 34 223 105 145 181 168
    153 56 202 232 197 80 149 172 10 127 88 57 94 187 31 219 220 32 95
    118 55 255 231 198 8 50 215 94 216 67 36 102 241 255 68 104 255 172
    194 252 189 222 14 71 219 30 115 126 141 251 253 177 194 255 255 97
    190 186 94 4 108 64 68 196 47 255 182 119 60 11 28 120 255 80 243
    163 157 74 104 22 172 182 101 50 123 157 255 134 166 225 255 144 253
    255 58 21 255 62 236 255 78 40 255 64 31 255 56 62 198 131 255 21 47
    82 185 8 110 120 19 209 203 175 57 255 255 53 18 222 100 255 37 9 57
    111 51 130 198 127 129 6 66 254 117 154 43 191 13 150 189 44 69 187
    201 253 180 255 133 90 91 111 152 111 255 148 138 233 254 17 153 243
    171 255 204 57 221 111 120 158 44 253 21 162 203 32 151 233 255 112
    102 255 110 140 185 62 28 219 51 245 9 107 88 83 37 84 255 185 205
    26 127 156 174 128 118 109 147 182 76 209 35 145 117 178 24 223 2
    112 11 184 12 178 117 87 173 255 239 49 109 9 255 9 69 9 85 255 255
    15 30 180 243 255 113 169 21 159 218 4 74 255 255 255 252 240 245
    245 191 137 255 255 102 76 61 169 52 255 214 102 255 42 255 161 160
    134 112 92 179 255 197 178 117 255 0 13 166 155 200 255 255 25 187
    255 74 98 255 255 193 36 217 161 61 79 202 79 255 5 159 255 34 251
    121 21 156 237 161 45 88 105 214 36 122 8 92 207 204 94 24 28 26 216
    255 194 25 223 200 214 224 255 77 33 162 129 5 50 244 147 204 70 207
    253 160 35 173 111 229 32 11 243 86 157 255 190 96 255 199 47 186
    246 88 174 82 158 255 11 192 106 62 68 242 255 89 64 71 49 52 133
    173 184 255 199 51 57 2 48 210 221 157 146 163 199 255 105 250 255
    20 235 134 245 157 29 12 52 198 255 255 33 9 143 161 188 179 191 220
    126 255 62 254 255 206 21 57 159 177 219 255 66 190 85 236 127 85
    187 194 64 246 186 232 141 255 229 168 255 94 231 75 170 217 255 38
    5 162 165 155 65 233 191 245 4 140 50 255 253 47 7 252 255 103 27
    196 172 170 129 228 34 17 100 171 109 230 60 255 61 199 9 126 124
    120 160 184 108 228 213 255 241 219 111 189 228 255 58 76 129 133
    147 45 63 85 255 80 126 24 36 10 14 108 57 255 59 153 154 4 56 245
    223 37 163 255 52 255 13 112 231 83 155 125 23 216 124 80 12 255 102
    15 66 181 218 255 124 94 229 147 225 206 216 80 46 138 230 157 181
    24 54 251 46 255 241 248 80 255 165 252 141 216 219 8 8 88 15 63 255
    7 165 30 201 255 100 171 136 194 143 136 32 23 136 245 255 148 22
    221 71 255 2 131 255 119 255 72 86 212 206 133 80 255 190 21 16 83
    17 255 124 247 91 255 64 156 13 148 132 166 168 104 39 172 255 73
    205 255 204 3 255 214 255 255 46 170 76 38 39 255 149 0 47 100 225
    255 198 23 86 190 184 239 32 129 255 102 225 202 56 198 211 255 28
    199 146 73 46 124 132 255 62 28 183 119 35 20 110 205 255 224 255 46
    162 255 134 144 233 245 225 255 167 124 83 58 219 181 236 105 245
    255 180 35 175 148 16 255 19 188 252 203 68 157 157 95 82 78 25 123
    163 99 255 82 202 43 253 88 165 67 115 90 160 207 91 174 217 42 47
    246 255 255 180 244 255 38 235 95 100 255 48 92 120 173 249 255 213
    255 255 243 209 14 218 255 198 115 144 224 60 255 228 27 255 70 210
    5 42 58 99 146 5 255 121 57 35 4 92 254 255 255 66 42 128 7 53 243
    97 161 95 115 9 56 253 103 222 143 156 29 80 79 14 25 248 119 110
    229 247 188 190 65 222 29 126 73 86 11 37 195 74 162 241 187 98 174
    103 135 91 105 182 32 192 181 235 48 5 185 105 87 246 8 165 169 213
    255 84 11 85 113 4 181 17 3 191 0 110 127 69 183 109 255 152 128 255
    71 238 5 178 49 255 46 5 255 205 241 216 78 174 36 24 255 166 205 26
    78 85 255 183 254 141 178 154 184 255 220 31 255 223 175 185 227 255
    255 245 189 255 12 104 157 142 2 42 163 76 255 55 82 25 235 178 255
    169 1 223 163 219 223 55 201 82 169 35 220 34 252 173 158 39 133 127
    111 0 248 187 95 135 53 119 212 13 255 170 67 255 237 67 121 57 95
    255 104 234 26 78 139 253 96 105 148 43 33 255 191 188 69 7 223 103
    146 103 12 210 28 206 146 183 100 204 55 255 203 255 88 14 223 214
    38 43 255 99 127 146 240 61 17 172 167 244 189 228 255 227 158 200
    131 145 255 11 234 208 191 252 223 124 204 38 16 78 167 122 49 183
    255 251 255 255 170 255 118 64 194 223 122 40 168 43 145 206 202 88
    140 38 241 144 112 186 79 12 255 233 146 255 204 9 200 100 236 62
    189 99 108 95 110 219 100 140 255 189 146 46 86 207 83 153 121 148
    193 215 255 75 229 255 142 205 18 11 105 82 79 13 255 87 122 255 204
    255 255 147 64 146 143 115 245 42 126 255 113 229 120 165 226 194
    173 255 137 199 45 123 96 92 167 25 100 255 88 130 42 240 193 32 208
    46 255 94 17 232 225 115 255 96 127 109 136 166 40 194 253 76 227
    245 255 132 233 117 193 192 7 162 129 42 255 82 255 147 146 217 23
    78 107 24 112 207 159 216 255 131 210 255 194 20 43 228 36 255 25 17
    192 228 189 75 146 255 157 141 83 146 174 117 26 76 179 30 56 122
    203 255 131 255 105 145 255 168 198 255 115 221 255 201 146 129 181
    152 255 25 255 255 28 213 191 168 248 243 201 192 255 255 155 20 92
    19 255 234 204 21 2 11 210 166 180 104 215 45 217 70 68 25 81 194
    246 128 85 255 240 255 150 171 241 255 30 224 215 255 157 255 195
    181 182 255 249 255 1 169 83 221 28 133 255 243 57 183 22 227 107
    145 255 22 105 100 235 108 55 163 52 175 125 90 30 67 127 103 65 168
    255 103 131 14 145 216 198 84 88 198 202 12 255 57 205 236 100 255
    50 22 177 66 126 66 255 163 182 108 204 19 51 113 198 186 77 255 245
    42 26 207 41 73 120 165 195 1 126 95 129 178 255 82 228 119 104 33
    32 192 17 120 70 167 181 255 74 5 255 40 247 105 169 221 210 103 243
    96 177 219 163 91 183 182 225 92 159 251 50 163 180 255 163 127 73
    86 130 177 40 168 108 255 224 128 255 232 204 255 152 1 36 236 178
    187 179 249 208 136 62 253 212 2 255 153 255 178 41 129 32 116 55 37
    28 37 9 106 8 206 122 100 51 195 163 90 38 59 30 141 34 22 57 188 83
    92 109 130 255 230 183 23 112 255 91 191 171 178 210 246 184 96 34
    42 27 91 123 229 255 220 95 255 22 195 183 210 144 66 237 52 206 2
    92 152 164 184 28 254 254 255 178 37 134 255 70 8 255 98 236 185 184
    190 8 255 74 137 60 255 227 129 255 3 206 249 103 170 255 89 160 32
    48 134 255 6 234 140 48 67 187 165 145 255 36 51 142 254 255 255 219
    218 255 249 215 161 141 255 18 90 255 133 4 239 55 8 33 98 51 14 17
    9 249 255 145 110 134 41 105 255 17 194 188 41 99 255 201 87 244 130
    104 255 105 68 255 48 207 255 11 148 255 255 221 186 185 107 255 187
    255 219 173 70 79 141 255 8 221 255 255 167 99 25 255 255 33 223 179
    216 81 255 53 139 206 255 122 233 66 248 184 70 77 169 92 48 69 66
    219 69 58 49 255 194 85 97 125 141 126 30 178 36 158 7 78 132 11 235
    255 161 251 255 57 193 149 67 168 208 37 80 203 227 32 32 194 176
    253 67 205 250 255 36 158 214 170 203 84 200 228 100 169 94 79 32
    137 192 155 133 78 157 169 41 255 220 138 235 157 152 255 1 41 169
    255 61 252 246 250 9 134 21 252 255 59 203 228 108 193 255 99 56 61
    252 12 188 30 245 162 18 24 255 96 105 74 101 98 255 148 98 255 255
    86 162 192 118 255 115 242 0 225 217 4 255 228 86 251 146 159 194
    230 130 153 63 210 40 29 194 162 87 255 0 7 145 255 0 255 208 119 22
    48 55 175 110 48 138 223 169 255 76 34 46 200 68 36 153 100 255 38
    246 203 123 255 138 32 188 45 133 142 158 8 55 181 13 59 103 144 17
    65 255 155 82 18 104 255 255 255 255 32 119 195 30 132 255 101 61
    137 255 40 74 250 255 120 255 247 255 123 212 116 166 255 255 62 167
    5 70 44 255 42 29 22 88 156 243 151 79 212 241 205 22 207 110 57 133
    139 183 197 197 144 24 236 144 126 140 196 242 15 255 152 28 0 255
    251 158 152 131 255 251 189 152 39 47 58 48 75 46 186 218 75 76 87
    13 169 44 239 54 1 59 110 23 255 119 251 252 163 26 255 233 119 223
    92 212 161 45 255 3 244 248 162 183 51 55 242 159 206 12 20 108 117
    35 12 194 216 255 214 162 255 47 193 100 181 190 4 140 151 255 104
    145 255 154 255 75 180 156 92 47 106 255 163 80 255 115 122 76 61
    139 220 78 255 255 184 114 255 91 74 50 177 254 88 157 100 255 124
    136 137 30 34 198 255 139 255 96 233 149 15 191 32 79 19 43 132 154
    127 100 201 65 151 20 255 66 176 112 3 184 255 42 237 58 171 165 194
    172 204 146 2 251 65 110 255 67 199 103 255 243 16 246 236 172 83
    106 213 255 186 93 121 149 171 255 200 206 255 239 255 199 237 126
    130 14 126 235 183 3 138 27 33 25 105 219 255 166 82 146 7 253 255
    15 217 196 255 255 140 140 255 235 226 202 72 243 81 149 137 76 30
    75 93 216 7 139 255 118 197 255 208 255 255 243 191 173 67 59 33 2
    73 255 110 190 63 186 44 120 161 68 18 17 254 203 219 28 156 250 255
    208 104 188 255 214 39 200 61 147 233 8 191 11 11 10 255 39 69 255
    76 170 255 255 171 121 27 162 76 100 202 255 207 99 255 58 70 90 216
    85 146 255 129 255 188 247 229 3 145 140 107 223 92 249 138 223 55
    46 51 184 195 231 2 109 94 106 255 84 90 217 42 201 139 255 138 211
    25 95 120 12 65 160 159 94 136 255 24 236 18 252 47 16 215 143 183
    248 23 1 181 74 117 239 191 237 113 255 95 136 181 70 227 66 142 255
    115 166 252 231 80 247 38 25 110 134 255 115 66 255 240 73 219 132
    134 112 171 212 165 89 145 148 50 28 255 222 10 207 212 70 136 255
    60 17 22 218 219 221 114 142 235 99 145 48 155 203 24 143 227 96 184
    7 255 117 174 106 102 199 120 4 30 80 95 72 122 255 255 253 37 255
    40 198 148 182 255 200 229 178 157 160 124 255 255 86 207 230 252
    255 128 63 58 156 136 255 188 81 250 189 0 148 212 55 41 127 136 174
    48 114 210 195 74 72 84 178 3 24 59 196 145 228 255 255 200 255 104
    176 162 194 46 231 98 153 57 209 167 70 197 255 244 205 231 255 112
    255 40 66 83 130 17 143 30 228 255 254 223 195 78 21 177 87 34 68 20
    26 144 105 29 116 255 43 8 255 233 17 255 255 255 55 102 2 255 94
    215 144 61 255 112 254 129 255 175 255 138 80 255 255 17 175 177 120
    45 255 166 99 34 41 201 255 241 43 188 235 104 142 135 172 157 68 17
    137 150 64 255 91 74 47 140 255 166 57 66 255 251 41 255 231 78 112
    255 224 215 13 25 253 145 70 207 57 174 255 89 68 190 39 178 255 62
    192 255 210 9 105 166 255 34 95 225 212 178 78 255 100 75 41 19 153
    239 164 186 128 3 99 215 62 195 59 6 49 146 6 223 8 147 86 146 121
    151 195 41 218 169 157 248 255 19 68 100 162 53 255 17 1 170 102 48
    107 25 75 74 81 201 24 145 94 255 139 222 255 7 253 133 60 184 188
    15 120 224 242 104 74 255 29 171 42 166 83 227 59 245 90 203 255 82
    108 255 7 124 248 186 229 163 150 115 255 174 253 148 32 90 220 105
    195 49 44 94 223 190 246 245 223 171 71 90 31 26 151 115 255 233 250
    80 169 40 255 68 176 250 228 171 28 125 227 169 39 223 145 241 255
    42 79 106 70 169 130 100 30 186 136 170 91 231 33 190 128 157 255 74
    214 43 1 219 183 174 232 57 255 207 0 255 50 182 233 98 79 255 86
    249 250 255 72 109 40 247 198 12 50 7 119 163 166 7 255 142 152 142
    198 112 171 125 197 117 95 241 72 236 61 255 157 122 55 186 28 107
    255 250 255 37 205 253 227 82 133 65 216 66 82 26 141 255 166 214 8
    49 53 255 181 182 83 32 29 255 32 182 255 157 47 127 195 239 204 75
    104 185 24 194 212 252 5 255 255 158 204 69 104 227 74 237 57 181
    108 175 30 172 253 162 15 255 41 12 255 25 216 195 85 193 245 181
    190 255 17 171 115 232 131 202 18 180 12 22 58 37 59 62 166 40 152
    100 51 16 255 173 133 112 209 112 75 96 228 255 63 114 40 252 120
    255 105 245 220 215 126 65 34 255 252 255 29 128 33 85 150 213 212
    55 127 216 32 215 82 255 255 227 216 53 68 12 151 74 3 146 158 255 0
    200 141 208 127 245 135 90 29 167 25 5 23 239 255 18 104 255 197 97
    71 199 88 255 202 162 225 15 95 255 171 119 136 23 52 255 1 139 70
    13 70 1 171 38 144 173 122 255 99 97 254 223 53 202 165 250 128 247
    214 255 218 64 84 219 192 185 121 24 65 94 49 159 88 255 30 208 202
    245 75 133 214 18 177 146 47 28 200 208 254 22 105 10 244 87 211 255
    225 22 190 17 159 241 210 201 254 83 229 173 68 255 249 208 155 5 85
    154 255 84 166 96 92 1 224 147 195 255 48 27 186 98 177 120 158 227
    215 21 250 45 225 40 105 195 63 255 70 8 244 48 159 220 152 236 117
    221 203 215 118 100 187 120 131 150 172 110 199 41 86 141 157 116 42
    57 47 12 57 176 255 212 202 104 6 29 146 191 86 34 156 239 62 103 86
    185 193 238 190 189 34 116 157 189 202 125 178 255 67 139 207 237 83
    140 132 255 227 61 140 119 27 152 255 37 119 40 255 197 255 144 104
    255 28 209 62 255 253 158 120 73 255 39 255 116 12 167 255 171 50
    159 48 49 255 76 234 249 22 2 101 39 140 255 18 227 134 77 17 78 0
    20 255 71 255 34 39 152 255 153 130 255 192 167 255 169 56 215 85
    255 255 130 205 46 204 152 255 13 210 255 200 45 54 166 25 8 16 93
    221 45 255 171 18 81 149 78 255 94 69 254 255 154 43 57 21 39 185 55
    134 57 53 186 192 9 0 36 4 162 227 136 247 16 40 58 255 51 233 130
    255 183 13 255 255 255 27 34 194 16 143 225 144 83 162 199 12 136
    120 80 75 172 214 255 166 131 148 103 36 248 41 252 255 118 247 11
    119 23 88 104 255 33 90 167 58 148 127 153 99 253 224 152 47 58 161
    131 67 255 251 7 36 240 146 197 207 255 158 199 241 12 107 255 228
    194 153 201 211 40 208 225 198 79 219 255 108 24 175 27 136 108 157
    202 202 15 59 165 116 96 125 83 51 123 110 215 227 224 191 74 79 227
    87 45 36 174 158 183 84 97 13 149 205 253 130 144 213 157 142 172
    255 240 229 161 34 255 208 140 100 224 255 133 255 82 255 229 69 159
    255 137 16 149 139 180 51 251 147 179 182 198 255 43 199 165 54 81
    255 53 12 74 171 44 154 143 17 117 202 211 207 255 60 255 189 151
    255 78 198 165 117 255 47 180 44 221 119 240 111 68 76 116 118 202
    150 243 28 159 96 245 145 62 68 1 249 7 16 41 176 174 182 133 21 205
    154 219 73 78 255 79 255 12 208 90 63 250 51 232 82 59 21 228 209
    115 183 95 12 200 66 99 49 142 34 66 255 246 243 158 255 130 57 255
    248 255 224 63 108 37 140 79 255 255 103 145 143 47 28 250 87 220 42
    103 207 250 237 255 174 204 246 56 255 171 9 178 37 191 255 0 95 146
    236 140 222 190 4 252 255 47 218 196 164 243 215 156 238 24 138 251
    255 160 55 28 104 255 233 43 199 255 119 94 255 24 249 225 83 29 255
    180 252 47 209 197 255 254 140 198 225 184 255 241 179 194 254 105
    140 226 233 227 100 114 254 138 247 255 241 86 171 20 139 255 70 114
    255 224 133 255 101 167 59 16 148 54 255 243 255 39 5 175 88 35 117
    128 227 225 173 22 240 210 207 40 84 231 255 205 114 224 115 237 32
    40 203 111 34 236 253 200 207 42 40 150 16 216 247 255 169 163 165 2
    82 241 255 103 254 118 76 246 219 181 255 169 39 190 157 136 46 234
    130 237 106 66 124 188 119 76 241 234 117 37 86 233 168 20 17 70 158
    57 7 255 255 11 233 173 185 215 245 55 233 255 241 255 65 129 251
    255 165 221 112 42 174 20 2 171 71 53 102 255 131 200 202 239 107
    183 177 143 157 164 86 142 24 2 194 81 255 255 64 24 255 189 151 61
    132 248 255 226 86 171 11 32 255 166 140 207 239 255 82 11 104 49
    186 210 84 200 191 100 227 140 14 137 184 255 213 216 188 197 52 136
    237 79 136 85 123 1 243 107 255 255 91 111 216 255 214 192 144 255
    204 11 42 62 107 255 226 38 4 29 94 255 178 66 233 5 13 169 73 46 18
    202 197 231 13 199 255 201 255 120 113 182 244 85 80 255 206 45 117
    67 69 141 122 31 255 231 255 255 45 240 69 254 31 145 137 144 32 83
    122 254 255 219 190 199 12 127 172 147 9 137 25 255 65 170 154 37
    242 113 156 63 235 255 112 76 74 179 231 163 255 221 67 130 255 90
    110 130 163 204 104 210 174 17 53 100 24 231 166 33 239 243 255 15
    163 255 97 206 255 113 255 231 255 254 239 162 39 255 67 2 227 255
    216 104 235 192 75 104 117 16 38 4 38 86 213 63 171 103 181 203 236
    7 98 17 255 203 202 11 230 175 91 149 107 29 76 72 255 121 154 152
    104 39 4 85 166 117 164 189 101 103 201 255 119 19 175 67 70 255 235
    157 36 201 84 95 111 184 25 168 106 255 129 142 228 131 19 255 122
    22 132 6 68 255 11 45 115 41 122 113 75 242 255 232 255 63 79 24 8
    143 5 153 204 255 255 11 167 20 245 255 195 43 104 36 24 72 158 117
    52 149 123 142 208 22 74 98 53 5 138 28 107 255 116 190 104 71 160
    150 44 231 255 115 107 190 26 255 255 122 108 142 122 193 46 57 17
    255 180 104 88 252 239 163 54 164 255 87 49 192 105 38 17 80 213 53
    150 52 188 150 25 163 24 217</data></my_img>
<your_img type_id="opencv-matrix">
  <rows>100</rows>
  <cols>100</cols>
  <dt>"3u"</dt>
  <data>
    30 255 255 149 221 255 255 195 255 66 211 134 255 247 70 255 138 78
    70 255 182 255 255 206 255 255 158 255 255 214 255 34 8 255 255 18
    50 255 255 255 207 255 255 255 255 237 247 255 255 255 255 255 67
    255 119 120 255 139 255 62 255 255 8 255 255 255 255 24 156 147 176
    56 221 255 244 255 255 106 255 255 255 255 69 72 255 154 255 197 57
    154 54 221 202 20 249 152 255 255 246 195 255 132 28 255 255 169 255
    100 10 53 255 235 255 255 2 73 255 255 128 255 255 227 255 38 255
    255 255 255 255 255 166 176 159 255 255 255 49 255 255 205 255 255
    193 216 255 255 190 255 255 255 255 255 108 255 34 255 255 255 255
    255 65 182 255 229 142 255 85 255 167 255 255 127 255 30 16 255 255
    255 217 242 127 150 255 54 6 255 255 174 255 255 197 98 56 114 2 255
    39 255 255 255 255 255 255 122 84 219 16 82 231 62 217 207 94 255
    138 255 255 255 148 255 255 18 255 255 198 255 160 255 211 255 255
    109 85 234 54 221 242 129 255 255 100 255 152 165 255 255 255 255
    146 255 255 255 52 255 255 173 255 164 159 207 255 169 114 76 237
    255 255 143 223 210 255 150 68 155 255 4 219 213 255 255 37 255 139
    255 42 175 120 255 255 130 126 82 255 255 255 61 18 90 255 255 123
    255 255 255 255 184 80 30 255 255 124 255 223 37 255 12 156 118 42
    49 204 255 217 186 255 156 206 255 241 255 28 255 204 96 207 255 255
    255 255 255 201 255 255 255 255 74 255 255 145 239 255 255 158 255
    104 255 182 229 255 216 255 255 255 163 255 244 68 142 240 255 255
    40 209 255 255 66 237 255 255 255 255 6 255 255 16 120 255 211 59
    255 255 255 255 179 116 255 255 99 226 255 255 224 255 255 180 181
    114 255 109 91 255 255 73 140 183 255 60 189 91 178 239 255 255 171
    255 255 98 255 186 255 164 255 22 229 255 217 231 26 179 110 255 255
    63 56 255 136 255 255 174 208 117 65 255 4 255 255 100 128 90 76 75
    104 50 255 255 255 142 36 255 255 230 255 185 255 147 255 166 255
    255 255 139 91 44 255 142 126 125 255 255 255 209 255 255 223 255
    255 32 252 108 255 255 187 255 54 255 255 46 98 174 234 147 255 255
    42 28 255 255 37 176 255 255 116 255 160 255 255 255 210 28 148 220
    82 67 255 177 107 118 255 41 156 249 134 255 26 124 138 255 73 255
    175 14 255 179 101 255 237 134 255 237 2 255 88 144 255 42 255 255
    14 126 62 159 255 255 30 255 164 191 255 34 153 93 132 52 97 84 255
    255 88 255 255 36 255 255 54 255 87 255 169 255 4 44 223 255 255 67
    214 76 255 4 219 160 255 46 118 255 153 255 240 255 255 255 255 255
    255 90 116 74 8 93 255 163 255 255 209 4 255 36 255 255 215 255 88
    127 255 112 255 118 255 255 118 202 199 233 232 243 255 204 255 243
    46 175 45 255 255 55 255 241 255 82 78 255 30 255 255 4 40 255 255
    209 20 255 255 255 84 108 203 254 255 178 12 183 255 255 241 255 114
    108 255 198 235 255 194 8 136 255 169 255 44 255 176 60 255 255 255
    127 255 255 141 217 240 159 16 255 219 255 2 255 168 255 255 255 255
    255 255 255 255 126 112 255 45 255 255 255 255 255 255 255 255 255 8
    255 207 102 255 146 232 131 122 212 255 255 74 233 0 254 255 85 28
    231 255 20 163 6 46 44 148 234 255 28 142 255 251 255 255 255 255
    235 231 6 255 255 255 255 207 255 84 237 238 255 255 232 255 105 76
    143 255 132 255 255 255 213 105 255 255 255 4 255 146 255 255 26 198
    223 209 255 159 255 156 255 189 255 102 255 76 203 255 138 86 255
    104 255 152 254 80 97 154 247 255 56 255 255 220 255 189 255 199 255
    255 255 55 255 223 255 255 255 103 255 255 255 255 78 255 70 255 255
    255 129 0 255 60 148 255 197 20 224 94 255 255 255 221 186 255 255
    172 215 255 255 255 4 255 255 255 255 255 255 164 255 39 0 78 255 68
    10 255 104 20 61 166 80 103 62 255 255 74 227 255 255 245 187 255
    201 255 255 245 47 152 127 255 255 255 255 146 100 255 200 145 95
    255 225 255 124 60 67 86 255 255 255 255 69 255 255 255 255 82 146
    70 64 255 255 44 122 255 145 255 156 255 255 38 255 4 255 255 255
    255 255 12 136 121 255 255 169 255 255 255 255 216 113 255 154 151
    255 255 255 10 255 125 255 162 131 255 255 255 255 128 169 255 140
    255 20 82 117 124 255 40 144 255 255 148 255 255 65 255 255 185 255
    153 118 164 255 142 255 213 67 255 255 255 255 6 255 38 211 255 236
    255 255 110 169 203 70 255 255 164 76 49 255 247 255 255 108 91 255
    197 255 255 119 255 114 84 255 255 255 254 54 255 136 140 129 8 255
    255 255 255 205 255 16 253 14 255 80 168 255 255 255 255 255 255 56
    38 229 255 255 255 44 255 140 255 255 255 255 255 255 0 255 120 10
    255 255 255 255 101 255 255 144 255 44 255 255 255 183 255 199 77 78
    255 95 72 153 255 255 255 255 255 215 255 60 255 201 250 44 255 200
    141 255 46 48 148 255 229 255 255 251 146 194 78 71 16 179 255 255
    255 239 146 24 99 255 255 69 255 255 255 255 255 255 255 235 255 82
    255 243 2 225 255 128 119 114 18 255 255 66 255 255 182 229 255 236
    42 255 84 50 255 164 255 255 255 203 255 184 255 4 38 229 61 2 255
    255 255 255 140 255 235 255 255 255 185 64 255 91 140 241 255 255
    127 255 140 255 255 42 255 255 255 255 255 208 34 255 255 28 53 255
    94 255 255 237 130 255 255 203 255 56 211 255 255 255 255 255 116
    255 229 53 255 127 132 255 255 65 255 215 255 252 255 255 90 185 255
    255 171 55 60 255 255 255 255 178 255 233 53 255 16 229 98 255 255
    255 255 255 188 10 134 222 64 255 172 4 255 255 109 255 255 255 0
    122 255 255 158 255 255 255 255 130 192 155 255 174 36 255 255 58 24
    52 255 255 255 255 255 30 255 255 255 255 255 212 255 18 158 255 255
    200 255 223 255 199 255 82 255 255 255 123 255 230 255 103 255 32
    255 255 167 152 214 255 156 150 145 255 255 32 255 255 22 112 255
    255 18 204 127 223 255 187 130 255 177 255 240 185 4 160 255 255 166
    72 110 168 131 185 70 117 255 198 255 255 255 153 255 178 255 255
    148 247 71 255 255 47 255 255 217 255 119 217 255 255 255 255 26 6
    208 121 255 208 255 255 130 255 189 38 255 209 255 255 255 255 255
    162 10 255 255 146 106 183 120 255 255 255 255 71 238 255 227 228
    143 255 255 255 225 0 255 255 120 255 255 255 255 255 255 223 255
    255 237 255 126 177 32 255 255 255 212 108 136 26 106 85 255 175 237
    255 26 255 222 46 255 126 255 255 255 255 255 255 255 255 134 255 53
    255 113 243 255 255 0 80 195 255 242 44 255 255 255 243 238 185 255
    188 255 255 255 255 79 255 243 57 106 255 255 236 227 255 240 255
    255 255 60 225 238 255 24 255 247 140 255 255 24 228 255 227 210 100
    255 255 94 227 250 255 89 255 125 203 56 106 255 255 255 195 100 255
    255 114 253 255 68 157 152 174 255 142 255 255 180 216 129 255 255
    255 255 255 115 73 255 109 255 255 255 255 255 179 255 226 255 255
    255 255 75 72 108 255 255 203 116 255 255 164 255 255 255 255 255
    255 44 255 255 124 255 124 2 255 219 176 255 197 0 255 154 255 209
    255 122 255 255 60 40 255 255 255 30 204 229 255 255 40 61 255 62
    107 255 255 255 116 117 255 74 0 255 255 255 255 255 100 16 72 187
    18 255 255 255 255 68 176 255 205 255 66 255 247 255 207 120 62 42
    172 255 159 255 255 255 255 255 255 183 166 195 255 208 255 255 255
    62 4 52 173 255 188 255 255 254 84 255 242 255 97 102 60 144 255 255
    34 40 255 255 255 255 172 255 143 0 255 255 255 226 255 255 206 255
    255 50 231 63 108 165 180 255 255 203 234 106 99 18 255 255 98 137
    255 255 255 255 6 255 183 255 179 18 60 28 170 255 191 255 100 255
    180 162 255 18 255 255 255 255 46 107 255 217 255 255 30 255 8 255
    255 212 100 201 255 243 197 156 255 255 246 251 217 240 255 219 8 28
    85 144 94 255 255 255 255 40 255 118 255 255 22 202 231 255 255 108
    120 255 113 255 255 40 217 255 90 126 255 215 255 164 203 255 255 98
    4 96 255 91 66 94 201 255 255 255 182 239 176 255 159 77 44 195 103
    236 255 95 255 42 255 255 64 255 28 255 255 255 117 8 255 139 255 92
    74 254 255 255 255 255 199 255 136 26 255 138 185 34 255 255 255 255
    255 136 182 161 255 255 255 87 162 235 120 126 253 28 116 109 255
    255 225 231 232 111 255 255 0 255 255 8 255 255 255 22 255 255 195
    132 60 14 100 127 89 36 233 255 255 42 255 255 42 255 144 255 45 26
    221 164 180 255 156 132 14 255 248 191 65 255 255 255 255 52 255 255
    255 255 180 255 229 255 255 30 96 237 162 255 163 255 166 255 75 178
    255 255 255 255 255 255 233 71 94 255 255 36 255 249 48 255 255 24
    255 51 240 60 201 128 255 255 96 255 255 255 179 255 166 255 12 255
    100 146 120 46 225 255 255 144 52 187 255 255 255 255 255 255 229
    154 243 193 64 255 89 152 157 255 255 255 255 255 255 203 198 255
    103 26 231 255 255 255 255 182 119 255 255 255 103 254 90 32 255 255
    55 255 0 255 255 199 255 102 102 255 255 147 255 240 149 164 255 255
    126 106 129 97 255 255 249 108 88 47 28 98 37 255 88 255 255 16 255
    36 255 126 255 143 255 255 125 243 214 205 128 255 32 53 210 255 255
    136 16 255 255 255 217 72 255 199 255 255 255 230 203 255 40 131 255
    234 143 71 208 255 45 212 199 53 255 137 79 255 255 255 255 255 47
    255 255 255 102 255 122 212 24 37 255 44 255 186 255 255 96 92 255
    58 163 73 160 199 255 255 24 207 255 78 8 18 135 255 255 141 255 4
    231 255 118 189 126 255 255 114 146 255 164 192 255 112 96 255 255
    78 111 203 178 255 255 28 255 255 255 255 18 255 255 225 255 60 34
    255 255 255 255 108 255 196 255 255 128 255 18 255 255 255 126 255
    142 178 169 221 255 255 217 255 255 255 255 255 255 2 58 32 100 90
    255 255 131 99 204 121 71 162 255 255 255 255 255 10 255 255 255 22
    255 255 255 120 86 243 255 255 108 185 255 141 227 174 255 97 255
    117 255 255 255 255 255 109 255 86 255 255 255 255 136 255 255 255
    42 189 164 52 255 217 136 24 32 202 255 255 214 231 255 255 58 255
    202 10 255 255 255 255 255 0 45 250 58 132 255 84 255 22 255 183 210
    255 255 255 231 255 255 151 255 142 155 142 255 155 255 255 255 233
    108 255 255 255 255 77 255 225 255 218 141 255 150 56 128 255 255
    255 255 209 77 255 255 255 255 255 255 255 255 199 255 255 41 255 80
    203 204 231 201 255 56 57 64 44 243 255 185 41 196 211 128 255 40
    255 246 255 205 54 70 93 198 255 199 255 255 91 255 113 255 255 104
    255 255 84 47 255 255 255 164 255 209 255 36 180 255 197 249 204 78
    75 244 30 124 226 58 79 216 88 255 255 149 255 154 121 255 255 165
    255 200 14 255 82 137 255 116 255 211 255 117 255 255 255 255 255
    247 99 62 255 255 86 255 255 255 255 255 46 255 255 196 14 255 106
    255 255 116 125 255 255 255 28 114 24 61 255 255 114 84 255 255 196
    255 10 255 50 255 248 255 138 255 255 255 255 98 255 146 255 71 148
    221 144 10 255 255 248 20 2 255 255 255 255 255 193 255 255 255 255
    133 255 236 255 41 144 163 255 255 255 81 255 255 255 255 125 255
    255 255 150 166 98 255 255 255 221 90 251 164 50 255 255 255 255 255
    255 44 255 196 167 233 255 94 134 255 58 255 206 255 255 10 255 255
    78 255 128 192 111 32 255 187 255 42 255 47 170 255 105 255 255 255
    255 255 112 130 74 221 255 255 255 255 167 255 60 22 97 224 201 255
    204 255 255 255 201 235 255 255 130 255 161 255 255 30 207 160 255
    193 255 255 170 255 38 255 255 255 255 255 255 255 226 255 203 255
    255 255 122 255 255 255 255 255 255 255 255 255 255 255 255 255 55
    255 255 93 255 255 255 255 255 255 255 201 180 20 225 255 28 255 255
    90 255 16 255 131 255 150 66 255 38 109 255 255 255 114 32 255 219
    255 255 221 255 255 195 122 171 255 82 255 67 106 255 144 108 255
    255 255 255 255 92 255 255 8 4 87 160 157 255 255 28 255 255 255 255
    164 211 255 255 235 255 100 255 158 255 255 255 74 0 83 82 74 255
    200 255 255 190 255 203 64 255 160 255 255 10 255 36 170 255 147 255
    255 255 255 255 255 22 170 6 75 255 255 255 12 255 255 30 255 255 74
    255 255 255 255 16 68 20 249 122 255 255 255 227 255 255 255 136 192
    28 95 255 255 255 255 255 14 190 255 67 255 34 191 204 102 180 34
    135 255 255 255 57 255 143 255 192 255 148 255 106 255 182 189 162
    148 86 217 52 215 255 38 62 255 0 68 255 32 255 0 255 195 170 255
    255 255 255 255 255 255 255 162 2 18 67 98 255 255 82 94 227 220 255
    195 255 255 255 255 255 255 255 217 255 255 255 255 14 243 255 255
    255 255 255 255 112 182 0 0 255 255 203 255 255 255 78 255 255 72
    255 231 68 18 189 255 255 255 255 211 193 44 119 255 255 255 255 255
    42 255 255 34 255 204 149 71 255 255 12 255 255 255 240 255 243 64
    255 4 255 241 255 180 90 255 148 227 255 162 255 140 202 255 255 255
    255 207 254 255 255 255 255 255 255 64 47 255 203 255 246 255 255
    242 255 255 255 185 247 255 109 195 94 255 255 140 255 255 164 255
    51 84 255 255 214 135 255 138 50 57 255 255 255 255 255 255 240 255
    170 240 255 255 255 255 255 255 115 255 136 18 225 142 235 255 140
    255 255 86 92 99 208 211 255 255 255 144 142 255 101 38 143 255 170
    255 140 190 255 85 206 10 170 174 255 255 154 90 255 255 255 255 166
    255 128 255 255 170 244 255 255 255 44 14 255 255 89 136 255 255 255
    255 255 255 255 255 194 255 154 128 255 110 92 179 255 56 255 255 88
    80 255 34 123 255 255 255 255 82 173 255 26 92 255 26 255 16 255 36
    87 12 165 193 0 231 79 38 145 255 255 255 178 255 255 211 246 42 255
    255 135 217 120 255 16 106 255 22 255 76 255 255 255 93 238 255 32
    255 223 255 255 255 255 255 255 81 255 255 255 255 185 207 255 42
    243 84 48 166 255 255 65 172 82 255 216 113 255 18 183 255 255 106
    97 255 20 134 255 255 199 206 255 53 80 255 8 255 36 160 255 255 6
    64 255 103 26 255 255 42 245 255 250 56 126 255 153 112 82 189 32 50
    255 255 80 255 255 255 255 255 170 255 237 44 229 65 240 255 124 255
    163 221 255 46 217 196 255 255 255 185 255 255 12 255 255 255 110
    255 255 132 255 135 203 50 243 255 255 255 255 255 255 211 152 48
    172 255 255 77 62 64 28 124 255 45 128 255 160 92 205 195 28 255 57
    255 50 199 255 32 255 234 255 69 132 255 255 190 255 255 140 255 255
    224 213 255 10 255 89 10 18 79 255 177 201 255 205 255 255 187 255
    255 255 255 255 205 148 255 255 255 255 153 251 255 255 215 255 255
    255 255 86 255 154 193 69 250 173 32 255 121 255 255 229 16 94 109
    255 34 255 199 112 153 79 130 255 65 255 187 193 204 255 99 62 255
    255 255 255 255 255 22 255 86 253 43 255 229 255 192 253 215 138 157
    185 232 255 255 242 255 255 255 255 255 106 239 255 255 255 255 255
    123 205 84 78 191 255 191 255 172 255 55 250 153 41 255 255 57 255
    22 255 255 255 254 230 255 255 255 98 91 110 157 18 34 119 255 182
    108 255 64 44 255 60 36 57 94 255 255 255 46 114 255 255 41 255 255
    255 255 255 255 208 4 255 255 102 112 128 106 114 198 189 255 34 255
    255 255 197 255 178 16 255 255 123 255 255 255 89 180 243 255 255
    255 255 255 215 255 148 88 201 140 255 207 134 183 255 174 42 255
    255 255 255 255 255 255 255 80 255 198 183 255 255 255 255 200 62
    255 224 78 255 36 255 255 255 255 255 255 255 49 28 44 229 214 255
    251 192 6 67 30 137 223 42 255 255 255 66 255 255 4 255 255 255 2
    182 255 255 255 44 185 116 24 191 252 231 158 2 255 211 164 243 73
    174 221 255 255 227 255 255 157 138 100 255 126 255 255 77 76 255
    255 54 100 154 255 104 255 196 195 233 255 255 255 28 119 255 255
    185 255 255 255 255 255 255 101 255 181 174 82 255 255 255 255 245
    20 255 255 255 111 34 164 249 255 255 8 24 58 66 255 174 6 255 46
    255 26 255 255 12 255 255 255 255 129 89 255 255 255 154 229 2 8 255
    51 255 171 255 202 70 255 255 255 255 255 64 255 255 255 255 178 34
    255 90 50 255 255 255 249 64 255 255 255 38 255 255 12 255 124 221
    255 136 80 255 255 255 255 255 143 255 152 94 67 255 255 205 104 84
    255 90 255 199 255 255 255 124 247 142 255 255 255 255 255 55 255 78
    255 255 255 255 76 255 255 136 111 20 192 229 255 255 159 255 255
    255 255 206 193 247 255 255 255 2 255 233 255 255 255 255 255 105 98
    255 255 146 125 243 255 171 227 255 189 170 112 255 255 255 30 255
    192 255 239 184 0 39 114 255 107 255 121 255 110 255 75 34 163 255
    255 60 81 204 28 255 252 255 255 255 255 235 40 185 255 238 255 255
    36 199 237 236 255 120 186 255 120 72 255 128 255 183 61 255 64 255
    240 0 162 172 157 255 230 255 255 255 185 120 255 255 255 182 255
    140 255 255 255 255 255 87 174 255 75 48 255 255 254 96 223 255 12
    201 132 255 199 4 30 237 255 255 47 255 255 255 255 255 255 248 255
    110 255 255 134 218 241 255 255 255 32 16 255 158 116 151 26 255 247
    61 255 255 116 18 195 251 2 94 255 255 111 255 255 251 39 58 153 255
    255 82 255 186 255 91 44 6 255 196 255 81 196 255 255 12 255 255 255
    235 255 70 123 49 232 255 255 255 255 39 255 255 30 40 181 73 94 115
    255 38 255 255 68 255 217 204 255 255 182 227 255 194 40 14 255 255
    197 206 255 255 206 44 255 255 255 255 154 255 255 248 215 255 198
    255 255 156 125 255 255 255 255 102 255 26 16 255 34 58 217 255 74
    255 105 255 217 8 255 185 255 255 70 254 90 44 255 255 255 255 104
    255 251 255 32 32 255 255 255 255 171 255 202 205 255 112 46 255 255
    255 201 255 249 205 232 255 255 255 255 176 68 255 71 255 255 251
    254 255 255 50 137 170 255 181 255 222 245 255 156 255 215 255 127
    132 255 255 255 236 173 26 146 251 247 255 255 101 255 255 255 255
    245 255 255 255 225 30 177 120 255 145 255 255 56 255 224 255 255
    255 255 255 178 149 160 138 253 255 255 255 146 255 255 255 182 127
    191 255 255 164 255 111 103 255 181 255 255 241 162 78 255 255 255
    60 20 154 86 255 255 219 255 198 255 255 255 255 152 172 0 255 255
    76 107 255 255 255 98 205 140 248 209 134 255 145 118 104 100 255
    255 255 255 126 241 255 212 60 28 214 255 255 130 255 164 255 255
    255 28 189 18 146 255 213 68 48 255 255 163 255 80 255 255 255 255
    255 74 255 255 122 68 255 130 255 51 255 8 37 255 255 144 148 193 39
    184 209 2 94 255 255 118 255 255 255 255 95 172 50 255 124 255 255
    74 255 255 255 255 255 198 255 255 255 255 140 255 56 255 152 119 81
    255 255 255 255 133 49 255 98 201 255 255 255 246 80 174 186 38 255
    255 12 142 255 40 255 255 255 53 255 255 255 255 255 34 255 12 130
    255 255 24 106 181 225 244 255 30 2 255 81 212 70 255 255 255 255
    255 0 185 255 111 148 255 255 233 255 255 207 255 255 26 126 131 255
    255 255 255 96 72 255 255 197 199 108 223 255 255 255 235 255 255
    170 100 255 255 160 255 235 255 255 203 154 255 255 255 255 172 255
    255 255 232 195 124 190 255 217 255 255 255 94 195 219 120 247 255
    255 255 4 168 34 130 146 255 146 176 145 73 255 255 79 255 255 255
    254 100 142 54 255 255 255 255 255 76 82 255 255 213 255 100 255 255
    4 171 255 255 255 75 150 88 251 46 255 47 20 255 255 255 223 168 246
    255 255 255 255 255 132 4 4 255 255 120 255 157 73 86 12 148 100 255
    105 16 255 118 255 76 245 255 255 255 255 147 255 140 199 255 255
    255 45 255 255 255 255 255 255 255 219 255 255 255 255 255 191 112
    255 255 255 244 197 255 30 70 255 255 249 255 244 251 255 136 0 255
    255 235 255 255 183 95 136 255 255 255 255 95 255 108 235 6 255 255
    12 80 69 255 255 255 255 243 255 255 255 32 255 46 243 255 30 55 255
    255 77 32 255 255 98 255 255 255 255 255 60 197 255 255 80 255 255
    255 255 40 255 255 162 255 255 208 183 67 0 4 191 255 104 255 255
    255 255 44 255 120 255 255 255 255 255 255 56 121 255 255 255 255
    255 86 8 255 243 142 255 255 22 158 255 255 186 44 255 255 171 213
    255 255 243 255 255 255 255 255 255 255 96 255 212 255 255 192 255
    255 206 255 207 255 255 6 255 207 255 255 255 255 168 151 255 255 72
    136 100 183 152 96 255 255 4 209 99 166 88 255 186 46 255 255 80 255
    198 255 255 48 129 255 164 197 255 40 197 255 255 255 124 255 255
    112 22 255 174 244 90 136 255 255 231 184 255 255 50 2 255 255 255
    148 200 255 255 255 143 255 224 255 6 255 255 255 176 255 241 176 82
    8 255 255 138 255 255 32 255 12 57 255 239 255 255 147 255 255 255
    227 255 255 255 255 255 255 255 255 255 152 253 107 172 239 193 120
    255 255 156 207 245 186 223 211 255 173 239 76 255 255 255 177 255
    136 255 255 255 255 255 234 16 255 255 117 51 255 255 162 255 50 255
    255 255 249 26 173 45 118 255 213 255 219 255 90 199 255 255 255 136
    255 225 255 76 18 255 28 255 255 52 255 203 255 255 39 94 30 158 186
    189 47 222 88 255 190 119 255 222 147 124 255 215 61 140 135 255 255
    255 241 184 255 255 255 165 255 255 86 255 255 48 255 255 255 59 10
    255 140 255 58 255 42 247 180 255 151 122 158 255 199 255 255 223
    255 167 211 246 211 53 255 86 255 255 141 255 255 255 205 255 36 255
    255 255 255 140 68 255 255 255 255 176 108 255 255 70 45 255 255 114
    255 237 126 146 36 255 255 187 174 255 255 255 64 255 225 255 255
    110 160 255 255 60 255 99 255 255 209 255 255 255 108 46 255 98 123
    255 246 32 255 255 68 47 52 68 255 255 135 255 255 58 255 214 255
    255 30 46 255 255 255 255 162 123 231 255 255 225 58 171 14 86 255
    14 255 113 24 82 44 255 164 255 255 255 94 255 108 255 255 255 255
    255 255 255 255 255 255 26 28 255 255 255 40 114 255 255 255 255 36
    150 42 26 255 18 255 22 206 255 255 255 255 237 255 255 255 255 255
    112 248 255 255 248 6 255 255 46 254 70 255 215 168 58 16 140 187
    255 255 255 89 134 255 45 50 167 255 200 255 255 196 255 4 255 255
    255 146 255 255 186 241 255 255 255 255 12 255 255 148 155 255 200
    255 79 255 153 255 255 255 12 255 255 213 255 255 255 255 94 255 255
    131 255 255 255 187 255 255 185 174 171 201 255 255 255 255 255 255
    120 255 116 255 137 107 255 255 255 26 102 189 255 56 14 104 255 223
    60 215 251 140 255 183 255 255 255 88 72 128 176 255 255 255 161 255
    100 255 77 124 255 255 182 255 233 184 255 57 255 255 255 218 255
    122 24 24 16 255 60 255 255 255 142 255 50 213 104 255 255 254 255
    255 255 94 255 20 219 22 255 175 178 52 119 6 132 255 211 224 72 255
    168 255 132 255 58 59 255 60 178 255 255 191 174 255 255 255 255 138
    255 10 255 255 94 142 255 38 255 124 255 255 255 255 255 255 60 255
    255 18 0 255 227 4 255 96 255 26 255 138 255 255 4 255 255 255 255
    255 138 32 96 138 255 38 61 255 255 237 255 215 255 255 181 255 255
    84 255 46 64 239 40 225 255 76 125 254 255 14 22 236 169 255 188 54
    120 255 58 67 56 255 112 255 255 172 40 187 53 32 80 255 255 255 217
    255 255 255 255 255 255 255 191 255 134 225 187 58 171 255 255 245
    99 220 179 255 44 161 140 255 255 14 206 54 255 250 255 87 166 255
    255 18 255 112 255 255 255 255 109 24 60 183 255 156 255 140 255 255
    51 74 255 85 255 189 178 16 36 176 130 255 178 20 255 255 184 108
    255 255 255 255 255 255 81 206 255 4 12 98 255 255 255 255 124 255
    201 146 255 255 110 255 61 14 26 255 255 6 255 170 133 187 255 245
    201 110 98 255 255 255 255 255 255 239 255 189 136 26 72 239 255 255
    59 46 94 255 234 82 172 148 62 130 255 111 47 204 255 225 52 28 255
    255 255 255 210 125 255 6 14 201 255 187 14 255 123 255 255 255 255
    255 255 255 255 231 120 255 129 255 94 255 162 255 255 255 255 255
    255 128 32 37 100 255 6 96 255 255 255 255 77 0 225 233 10 255 34
    255 255 255 255 195 255 188 255 215 255 92 255 12 255 255 255 255
    191 200 197 24 255 255 255 152 36 43 116 42 255 255 181 105 255 50
    255 92 255 4 88 22 110 198 255 49 255 80 180 178 255 255 255 231 61
    122 255 255 198 255 241 114 255 255 255 255 0 255 187 255 120 255
    255 255 255 255 255 255 255 132 66 255 34 16 22 255 157 255 255 64
    255 255 255 255 170 98 138 182 171 41 48 155 126 255 239 12 134 255
    91 72 191 20 255 255 101 255 243 37 212 255 59 255 88 235 228 255
    255 52 255 30 154 255 255 52 76 6 255 207 255 255 255 255 166 10 191
    255 255 97 255 255 255 62 255 255 255 255 255 126 88 255 255 100 211
    255 255 156 220 167 132 26 183 199 230 211 255 255 18 83 255 221 255
    255 255 255 234 255 255 152 255 170 14 32 255 228 255 32 255 155 26
    186 255 136 255 143 215 76 255 45 190 18 255 44 255 255 255 255 255
    40 255 136 246 42 255 74 44 255 40 255 49 90 255 170 90 145 235 255
    255 41 255 20 251 88 255 61 226 173 10 255 92 255 255 255 116 255
    255 195 255 125 45 255 46 255 84 255 255 250 183 255 146 24 255 22
    72 255 255 106 255 255 62 255 216 255 67 124 255 255 255 96 255 16
    255 207 150 197 255 255 46 255 255 255 4 140 147 2 255 255 255 255
    255 20 255 203 41 255 255 187 16 155 180 255 141 2 255 56 87 255 223
    255 218 175 255 92 255 255 188 255 130 130 255 255 122 10 255 255
    255 255 76 255 126 96 18 114 132 255 14 180 129 75 255 255 20 168
    139 95 255 255 211 80 217 195 255 255 255 196 255 255 255 147 255 20
    60 255 122 137 255 255 255 65 44 255 254 255 66 255 148 255 255 255
    165 45 255 255 69 255 255 4 255 255 237 255 86 249 255 167 22 255
    100 0 255 28 195 255 201 255 255 60 95 146 187 255 102 153 209 255
    255 255 222 251 255 255 255 154 255 255 120 255 255 249 226 6 255
    255 40 255 255 18 255 162 255 255 32 121 255 255 72 79 104 221 73 48
    255 255 92 255 255 78 255 144 8 255 126 255 255 255 230 189 235 204
    255 255 255 255 243 150 149 255 255 255 255 255 255 255 255 255 130
    255 127 205 255 96 255 255 84 255 255 181 255 248 189 255 255 185 69
    218 104 166 255 133 215 255 255 255 255 14 10 26 255 255 255 255 63
    255 14 28 118 255 201 255 123 255 180 255 24 255 191 215 28 42 255
    84 68 55 190 255 255 166 255 255 255 58 255 196 231 255 255 255 2
    255 26 255 255 221 255 255 255 255 20 255 255 255 255 201 240 36 255
    255 68 183 162 255 162 255 115 187 196 255 255 230 247 217 255 255
    255 128 255 47 200 255 168 255 255 255 255 221 255 116 255 199 255
    108 255 255 255 255 255 255 203 255 167 255 255 255 255 255 255 69
    62 209 255 255 255 255 14 203 95 62 255 255 255 94 255 255 241 255
    18 104 59 28 127 24 188 34 255 6 255 59 162 255 255 255 255 225 255
    207 255 220 255 255 50 255 255 255 6 178 116 255 199 255 255 255 58
    255 150 102 255 255 56 227 101 72 141 6 100 255 255 212 255 255 36
    143 118 255 255 59 40 255 255 80 255 47 255 255 255 150 84 193 255
    76 255 255 235 201 140 255 112 255 183 255 255 255 249 200 60 255
    142 255 255 228 255 158 255 60 254 212 255 45 255 8 255 112 255 255
    244 255 91 255 255 51 255 58 103 198 255 255 255 255 255 255 255 255
    226 255 255 164 191 255 255 255 255 0 255 255 82 255 124 140 255 79
    80 255 99 162 68 213 255 8 55 255 251 255 70 235 255 0 255 255 255
    141 255 255 255 32 184 255 229 84 42 101 255 255 255 2 195 255 106
    54 37 248 177 255 255 255 150 255 255 207 246 4 112 255 255 213 255
    253 128 26 0 255 184 171 255 255 46 73 204 18 67 255 227 255 12 213
    255 92 255 124 138 255 154 255 255 255 255 66 205 255 255 255 255
    253 255 222 82 176 140 255 32 255 56 255 255 32 39 34 255 255 255
    123 217 52 108 178 255 137 227 255 92 255 255 255 255 210 255 255
    255 96 57 10 217 156 255 255 93 255 113 255 38 189 142 150 255 213
    180 255 255 255 191 255 88 109 255 255 215 215 255 255 195 50 119 20
    255 255 67 255 255 219 255 255 255 20 255 255 26 131 61 194 255 16 0
    24 183 206 255 63 255 255 255 140 255 223 255 205 255 234 255 255
    102 255 112 255 255 6 255 255 53 255 40 255 255 255 255 255 255 255
    255 161 255 255 255 99 172 143 255 254 255 75 255 60 77 120 235 14
    255 159 255 255 255 255 220 255 136 255 231 116 158 255 255 255 255
    205 12 22 255 92 255 255 48 255 140 255 72 255 34 255 255 218 64 95
    50 106 51 255 255 255 188 255 255 255 253 20 220 189 225 222 117 255
    255 255 140 2 255 205 96 255 126 255 255 26 255 94 255 28 255 255
    255 115 255 255 255 180 26 62 255 138 4 255 92 255 255 255 64 114 14
    249 255 162 255 49 154 189 255 194 255 187 255 255 255 255 255 71 98
    255 87 255 255 255 255 104 6 255 72 124 116 255 207 255 255 255 255
    18 85 255 255 87 128 255 255 188 106 255 254 255 97 255 255 255 255
    179 107 255 255 110 86 255 255 12 255 221 116 2 255 190 255 37 232
    255 255 142 195 255 48 199 255 38 74 142 255 92 168 178 187 255 255
    78 12 255 255 65 196 227 2 210 255 185 60 255 120 255 28 130 255 187
    255 255 42 255 255 195 255 88 253 59 20 245 255 196 251 91 72 22 255
    255 255 28 38 231 255 255 255 138 255 171 255 255 32 255 255 58 126
    255 22 255 255 0 203 255 255 255 255 62 77 142 32 172 255 255 24 30
    145 255 255 255 6 248 60 209 74 100 24 255 255 170 255 72 65 255 22
    176 255 20 4 236 255 26 0 255 255 40 255 255 255 255 189 255 255 255
    118 129 233 255 255 255 255 54 174 255 255 255 168 143 24 255 106 28
    132 189 255 255 239 255 255 255 237 6 10 255 80 255 255 54 255 255
    255 233 32 255 255 146 255 78 85 255 255 120 255 52 255 255 36 93
    255 255 174 255 40 221 174 255 243 176 255 255 178 255 255 255 255
    245 255 72 0 174 193 255 58 255 57 255 255 247 104 255 79 255 90 255
    255 249 255 2 104 105 255 255 255 255 255 255 230 64 73 255 187 255
    174 255 255 236 255 255 70 255 101 255 80 93 255 159 164 206 255 255
    255 255 255 255 255 255 255 255 255 255 189 255 192 4 215 255 231
    255 255 255 255 72 255 255 68 102 174 212 106 255 255 255 255 255
    111 255 255 145 255 255 76 255 56 255 255 20 54 148 255 255 255 255
    255 255 20 94 107 255 26 255 255 24 39 255 255 63 210 133 255 255
    255 122 255 72 255 208 50 254 255 255 255 255 221 138 164 80 217 255
    255 237 164 153 255 255 255 255 204 207 255 206 255 233 254 255 235
    255 255 183 194 255 89 112 255 20 204 255 203 96 243 255 255 255 255
    16 104 2 162 255 156 255 255 255 84 255 255 255 255 83 255 255 255
    255 255 255 230 255 213 255 193 114 182 52 249 255 2 55 36 255 255
    255 193 255 112 255 255 255 255 255 204 255 8 255 28 87 255 255 255
    150 102 255 244 235 255 8 255 41 255 255 0 255 78 180 230 145 255
    140 255 20 192 255 255 255 255 255 255 255 39 255 255 55 156 229 255
    255 149 118 106 189 255 255 133 138 255 255 255 255 255 14 255 255
    255 110 255 229 255 255 255 255 255 255 255 60 255 255 60 53 102 255
    255 128 255 255 255 255 255 255 255 255 220 255 255 90 255 255 54
    113 195 74 129 255 255 237 0 108 157 168 255 255 255 255 255 225 255
    255 73 52 86 142 255 255 255 160 255 255 246 157 255 132 255 255 160
    255 255 178 255 255 240 255 255 255 255 255 255 255 255 255 52 203
    255 255 243 255 255 255 16 163 255 254 255 255 126 219 51 198 255
    255 10 251 61 255 207 255 255 48 219 255 255 255 4 231 255 255 177
    215 78 255 255 255 255 255 82 100 37 200 255 178 192 255 255 255 137
    255 10 207 166 136 205 255 94 255 255 255 255 221 255 84 255 255 245
    255 255 255 49 255 185 255 160 255 197 216 235 120 102 255 255 255
    68 255 255 173 77 255 255 237 255 8 255 70 255 146 255 255 255 255
    255 255 186 12 255 255 255 209 220 255 152 255 255 61 255 173 138
    178 239 91 255 255 30 252 177 152 255 217 174 255 58 132 250 143 255
    94 255 255 255 255 255 255 255 255 255 255 209 255 255 154 104 145
    255 255 255 255 12 255 255 255 255 114 255 221 158 255 169 255 58
    213 221 6 255 255 222 255 168 255 255 2 80 22 178 255 94 95 202 255
    255 255 255 91 255 70 255 255 16 255 255 149 217 255 255 162 6 255
    63 250 255 148 194 6 122 255 255 255 110 255 45 255 203 255 176 151
    73 76 38 176 255 111 203 182 255 97 154 255 41 255 231 142 255 255
    255 242 251 97 204 255 255 132 255 59 164 255 223 255 255 95 102 129
    112 255 255 197 74 48 59 255 239 249 174 253 189 255 255 116 20 108
    255 255 165 255 218 255 132 6 82 255 136 8 191 255 243 255 202 4 255
    228 255 144 246 255 255 156 255 26 255 255 255 255 201 170 230 249
    168 255 255 255 255 255 103 204 211 255 255 241 255 230 195 235 68
    233 255 255 255 255 88 255 255 46 94 168 255 22 255 255 213 215 18
    111 176 255 2 255 250 255 254 110 255 255 255 28 255 255 22 255 66
    255 255 255 255 255 255 141 201 255 127 255 24 255 255 255 255 170
    28 78 255 146 255 255 255 255 28 255 255 170 255 255 255 124 6 197
    255 70 255 255 64 95 255 255 255 54 4 215 255 255 255 102 106 219
    255 255 255 255 54 49 255 16 255 234 109 255 46 119 0 154 255 87 255
    60 37 144 111 255 238 189 47 255 175 255 255 129 255 255 255 255 230
    255 255 255 195 122 232 253 251 255 191 140 130 199 255 124 151 67
    206 106 255 255 225 12 255 255 255 255 255 134 255 157 255 255 255
    79 50 255 87 2 255 255 255 241 255 255 255 255 255 255 255 168 255
    255 255 255 255 44 255 255 255 255 255 255 255 255 248 171 57 255
    255 255 255 255 255 255 141 69 76 255 255 82 255 255 255 159 255 255
    14 255 255 58 148 255 255 71 255 255 87 56 255 247 176 52 187 255
    181 255 255 255 45 255 157 255 255 255 243 255 179 26 108 255 255 62
    80 255 255 255 97 255 159 255 16 52 255 170 255 255 255 80 215 255
    255 45 255 235 209 94 255 255 255 255 255 255 255 221 12 255 45 170
    195 150 186 235 255 70 20 138 162 255 255 188 215 255 222 255 255
    255 255 255 255 255 255 170 68 255 255 255 10 136 255 255 255 235
    255 200 20 255 255 255 47 248 255 4 255 255 255 20 255 255 242 255
    255 255 52 77 255 189 18 160 255 255 255 123 255 182 255 255 194 76
    229 255 255 6 255 255 255 255 233 255 255 255 180 58 255 255 2 255
    255 255 255 217 8 34 255 186 127 166 255 255 45 0 145 255 240 255
    201 198 213 144 255 255 140 255 255 47 78 217 49 132 255 255 255 255
    255 255 12 174 255 205 255 120 255 255 48 255 255 255 255 255 152
    255 118 42 255 187 255 255 255 255 86 205 10 255 255 166 58 255 255
    255 12 32 255 201 232 255 34 255 22 201 255 255 124 255 219 255 255
    255 136 94 255 241 255 253 255 255 255 255 56 255 114 255 255 185
    255 2 255 250 12 255 82 161 152 8 255 178 228 255 49 255 44 85 255
    255 8 255 255 101 154 237 255 255 255 93 44 255 195 255 177 255 255
    255 241 140 40 227 10 255 231 255 255 91 70 255 241 128 223 172 12
    255 255 255 185 195 255 255 209 148 255 255 150 177 255 64 195 124
    255 213 180 255 86 225 255 255 255 206 80 144 20 217 255 255 119 255
    218 143 255 255 6 30 255 255 255 230 255 255 255 12 255 168 255 235
    108 255 189 248 255 255 230 231 93 255 108 255 255 24 233 182 255 71
    255 227 255 62 46 67 224 209 255 255 241 12 202 255 255 255 255 255
    255 201 255 4 219 39 255 94 138 255 255 255 238 255 255 255 255 255
    255 255 116 255 255 79 255 46 174 56 255 225 255 185 255 255 255 255
    88 205 255 255 255 126 255 213 26 255 96 20 255 255 255 198 255 79
    164 225 67 156 255 255 255 233 12 255 223 255 255 137 255 255 255
    255 255 255 107 212 30 85 255 255 255 255 255 255 116 255 205 102 24
    255 255 255 255 18 255 255 72 66 255 76 255 255 255 26 255 255 155
    255 14 0 255 246 255 255 88 62 255 92 255 255 158 255 255 182 98 255
    255 255 255 2 109 225 255 185 12 248 167 75 255 221 255 255 255 255
    198 141 114 194 255 176 255 255 223 186 76 209 255 255 107 168 235
    203 146 183 107 236 211 176 80 32 211 188 48 255 255 255 255 132 255
    251 200 255 255 120 187 223 92 52 142 216 255 223 106 255 154 170
    255 255 255 255 14 42 6 255 224 50 249 255 159 255 255 255 152 168
    255 255 255 255 255 255 169 221 255 96 37 214 26 122 126 243 255 255
    255 2 255 255 255 255 255 191 166 255 255 108 48 221 170 255 255 255
    255 251 194 245 227 230 255 116 255 255 255 252 255 144 190 255 255
    152 185 201 255 84 130 255 255 255 124 131 255 8 133 185 255 255 49
    255 147 16 152 255 255 104 255 219 255 255 255 44 94 255 255 141 156
    255 247 255 36 207 189 176 255 255 52 255 255 236 255 176 220 221 14
    54 193 255 255 125 12 255 145 26 255 255 8 255 129 255 255 80 255
    162 30 255 255 197 219 255 191 255 124 56 255 255 255 97 86 235 255
    255 197 227 255 50 255 255 255 148 255 255 255 52 193 55 255 255 255
    220 255 255 52 153 154 218 255 233 250 255 255 222 255 95 255 255
    187 4 255 255 255 255 93 255 255 255 255 36 103 255 199 255 255 6
    255 180 255 255 106 255 120 38 255 255 216 255 183 34 255 146 255
    185 255 30 255 255 224 255 59 206 255 47 255 255 197 156 185 255 116
    255 255 255 255 170 0 177 255 122 255 255 255 169 255 255 255 255
    255 241 178 255 88 116 44 255 24 22 255 105 20 30 81 134 255 162 12
    255 255 32 179 255 255 169 255 255 255 255 62 255 49 94 88 235 255
    60 47 166 54 255 30 255 255 255 255 237 236 255 255 255 241 255 255
    255 47 255 82 255 132 255 255 255 253 89 106 255 255 255 38 255 255
    147 8 218 255 255 255 255 255 255 255 6 255 255 57 255 151 255 255
    255 255 255 255 105 68 255 255 64 255 2 184 255 255 118 16 215 154
    211 65 186 255 81 74 167 255 255 255 255 255 255 255 255 153 136 255
    211 201 255 211 255 255 255 255 198 255 199 255 163 255 182 48 255
    208 26 255 162 255 255 228 255 255 206 255 2 234 30 254 255 255 223
    68 237 255 102 207 255 255 255 255 255 255 249 174 255 255 32 255
    255 2 147 225 255 100 255 255 203 255 255 255 199 244 255 174 122
    255 67 246 167 107 50 215 235 255 255 255 110 159 126 84 147 255 210
    255 144 255 153 251 255 173 219 128 18 255 68 255 28 112 235 51 255
    255 107 255 255 75 255 255 4 78 90 132 222 255 245 182 231 8 255 92
    47 208 255 255 255 255 255 52 255 255 255 255 41 44 30 255 24 108
    255 255 106 28 255 213 201 180 255 255 130 255 255 236 255 18 162 50
    255 20 255 255 254 255 255 255 255 199 255 255 255 255 255 26 48 115
    255 80 54 237 12 217 51 255 255 255 96 108 26 104 255 28 255 44 67
    236 255 47 84 249 49 255 131 49 255 255 160 255 193 255 255 255 239
    255 255 241 255 74 122 172 255 95 255 96 255 50 255 255 60 255 199
    94 86 69 255 255 255 96 159 122 110 255 213 255 245 255 16 6 79 255
    255 156 255 255 255 138 109 0 10 42 255 255 207 183 28 255 22 255 26
    215 255 255 67 255 255 255 255 255 45 255 255 255 218 133 255 255
    203 130 255 147 255 28 255 255 102 223 255 255 117 255 255 64 255
    170 94 255 46 255 255 255 255 255 255 255 233 26 255 255 122 193 255
    42 26 255 122 187 55 255 131 67 202 255 255 255 173 255 56 225 255
    244 247 255 255 40 255 198 233 162 255 44 191 255 165 255 92 76 91
    240 96 255 255 255 241 236 62 53 184 44 255 255 106 207 242 255 255
    212 22 61 255 255 4 255 20 255 0 243 255 48 209 255 162 255 47 122
    46 197 255 94 255 255 255 0 255 255 160 40 255 255 134 255 255 255
    255 193 255 255 203 78 255 105 255 255 6 146 255 18 255 237 255 16
    109 162 255 78 170 255 187 128 34 255 255 170 121 205 90 255 255 152
    129 140 156 255 255 246 215 255 255 255 166 28 255 255 255 255 138
    255 255 255 98 255 255 255 255 255 16 80 255 255 255 142 92 255 197
    66 255 255 255 255 255 255 137 122 255 253 71 255 255 255 166 255
    154 94 245 57 255 255 255 255 245 39 255 255 255 255 177 255 158 213
    166 255 255 237 255 255 73 255 255 245 255 255 255 92 0 255 255 255
    223 255 205 255 255 255 168 184 243 255 255 161 219 255 255 255 252
    137 255 38 255 71 64 191 255 255 255 255 255 50 255 246 255 255 168
    80 255 255 255 57 255 12 255 62 92 6 255 88 255 176 255 255 255 161
    150 2 225 39 255 90 187 255 255 57 255 255 255 120 64 255 206 255
    128 96 24 193 64 255 255 54 255 227 255 139 255 255 255 235 72 255
    255 144 141 30 255 177 148 255 16 211 255 177 47 255 255 255 24 229
    255 255 68 136 40 56 132 8 255 93 218 255 255 255 255 162 255 255
    146 186 18 197 255 102 255 255 255 130 255 58 180 12 161 126 48 255
    81 255 68 255 134 121 85 34 255 47 255 255 255 34 255 45 92 171 255
    255 169 160 12 255 255 64 58 136 255 255 255 228 14 189 100 167 255
    255 66 255 164 255 255 142 123 255 22 255 223 255 235 255 46 255 65
    210 255 30 255 255 164 255 14 85 220 6 255 216 255 255 255 175 195
    255 255 146 255 255 255 255 255 255 48 111 255 255 243 255 138 64 16
    255 255 255 156 111 255 116 183 251 255 28 26 255 255 255 208 247
    255 255 255 174 255 255 255 184 133 61 60 72 255 255 94 255 255 255
    63 76 151 255 236 255 255 34 6 255 255 255 255 84 10 255 130 54 255
    208 215 255 198 58 255 255 255 255 255 78 255 226 255 255 116 255
    255 255 145 255 255 255 255 46 255 255 202 125 203 255 207 176 80
    197 235 94 88 199 254 175 255 178 255 255 236 255 193 255 255 255
    208 70 255 255 10 255 138 10 57 255 255 255 255 255 71 24 157 255
    104 255 255 255 255 255 174 16 255 255 40 158 88 14 255 255 119 255
    194 149 122 255 255 144 220 211 255 238 255 255 255 175 255 255 143
    255 255 209 255 255 78 91 255 121 237 255 82 24 255 255 227 194 117
    255 102 56 95 170 255 255 236 203 85 255 255 255 255 255 255 255 255
    255 255 255 24 12 255 255 255 10 107 8 215 43 255 255 180 4 239 255
    56 255 162 228 255 255 255 249 134 255 223 12 68 255 255 204 255 255
    40 255 233 80 255 255 255 225 245 180 251 2 255 163 255 255 255 255
    246 255 122 136 197 255 255 255 243 255 129 255 88 255 255 255 30
    136 255 143 255 254 189 255 255 233 136 124 74 4 132 255 255 80 255
    65 66 255 164 255 255 235 255 179 255 232 255 193 68 111 247 255 239
    255 255 255 144 148 255 255 255 84 255 108 125 255 255 255 89 218
    255 211 48 201 255 216 255 255 230 255 195 255 255 170 255 255 255
    248 255 255 50 255 227 255 255 255 255 255 53 255 197 255 20 187 215
    88 255 97 255 213 215 255 255 255 68 255 122 176 255 255 48 255 203
    60 54 255 156 255 142 176 161 105 90 255 255 255 255 255 8 72 255 78
    255 255 210 255 255 218 38 41 255 255 63 190 64 197 180 205 229 140
    106 130 255 255 183 156 253 255 255 40 255 96 205 255 170 255 140
    255 100 255 255 255 126 52 163 255 255 255 203 108 219 239 255 179
    255 255 255 75 255 46 150 32 96 235 255 255 247 255 195 255 255 255
    255 102 255 255 255 255 255 255 129 126 255 255 138 255 255 255 244
    4 164 252 169 189 255 255 255 138 255 41 14 255 61 255 255 249 4 231
    201 64 28 255 34 255 255 138 255 124 255 255 71 26 255 255 22 255
    255 76 167 255 214 241 255 216 28 255 142 233 255 134 255 255 255 44
    32 56 255 247 255 255 75 255 255 69 198 12 63 82 255 255 255 108 148
    12 237 128 234 141 178 255 255 28 214 64 97 255 10 97 255 255 255
    242 255 39 255 255 122 255 255 16 64 255 148 244 143 255 255 102 255
    255 6 2 255 255 255 24 255 245 255 98 195 255 78 105 255 255 231 255
    255 229 96 255 43 255 12 255 255 255 156 255 255 4 255 133 134 192
    177 255 255 219 251 255 255 245 14 70 255 255 167 255 60 255 162 182
    255 255 255 255 176 60 193 255 255 255 47 84 163 75 194 255 158 255
    113 255 250 255 255 255 255 255 255 255 118 252 255 75 150 181 255
    172 255 110 144 255 69 178 255 255 255 255 255 255 255 89 255 255
    255 132 255 255 136 255 69 2 167 255 255 255 255 255 255 199 255 255
    255 255 255 237 196 255 2 192 119 255 255 20 8 255 255 247 255 62 71
    142 135 255 255 255 255 216 221 124 255 173 164 255 195 255 54 255 0
    198 255 225 255 149 255 255 233 144 255 255 178 120 135 255 255 255
    255 228 211 174 255 255 172 134 183 185 255 255 255 255 94 255 6 185
    16 255 24 255 64 255 255 255 255 225 220 255 63 255 255 255 70 68
    223 255 255 22 255 255 255 56 255 255 255 28 57 218 153 243 255 255
    89 255 58 255 86 153 150 255 255 255 54 255 0 200 255 255 82 255 85
    255 213 0 116 70 205 220 255 47 130 143 255 255 255 255 134 255 227
    40 255 255 4 255 215 255 255 255 140 76 185 226 117 255 255 233 255
    54 239 255 50 34 255 255 255 255 255 34 255 255 255 69 236 255 255
    174 255 114 186 44 255 52 255 255 234 149 255 255 255 255 255 255
    255 222 255 255 255 255 255 52 64 89 255 50 255 110 129 168 72 205
    14 8 233 255 255 255 255 255 18 126 158 255 255 255 255 110 255 255
    39 255 255 255 86 255 87 58 117 199 188 175 255 50 245 203 255 255
    223 255 98 146 156 255 69 106 255 255 138 28 101 246 255 144 255 159
    255 16 233 255 255 255 69 255 255 255 248 255 255 255 255 255 255
    106 118 255 255 255 188 24 114 255 255 77 132 219 185 238 84 255 132
    121 67 60 255 255 255 255 41 0 255 255 78 255 255 255 185 223 166
    223 255 255 255 231 214 255 87 100 255 255 72 255 255 86 223 6 255
    249 164 88 68 255 255 195 103 255 98 245 132 255 122 255 104 136 255
    255 255 255 76 255 255 255 255 255 255 209 255 64 164 28 255 255 255
    117 255 255 255 144 255 255 53 255 84 255 188 195 160 250 255 112
    255 255 209 220 26 255 190 255 53 255 255 138 206 98 255 108 255 255
    116 255 160 208 100 255 112 255 255 162 255 81 6 44 255 255 255 255
    142 255 255 186 255 255 255 187 255 58 86 255 126 113 255 52 255 47
    255 209 255 255 255 77 8 255 255 66 255 255 255 255 219 255 255 114
    200 255 128 130 255 219 255 82 176 218 255 255 255 14 255 238 255
    255 86 88 255 255 249 114 255 255 255 255 165 91 126 255 255 138 255
    255 174 189 255 255 56 255 255 255 116 255 239 255 255 255 255 255
    255 209 220 233 203 180 255 112 104 119 255 202 255 77 255 255 59
    255 255 83 255 255 53 252 40 191 255 255 255 230 255 255 182 255 255
    255 251 168 255 137 255 244 255 189 68 195 255 6 251 255 48 183 199
    250 6 0 255 187 24 252 123 255 255 243 255 250 255 255 255 255 191
    140 235 197 255 255 37 244 38 20 16 131 185 255 131 18 255 94 255
    255 255 101 255 255 227 255 205 255 255 255 255 242 255 255 32 18
    251 164 38 255 255 229 255 255 255 255 36 177 150 255 255 255 255
    163 75 255 127 37 16 255 8 255 255 22 82 251 20 184 157 215 230 235
    255 255 159 156 70 227 93 96 181 142 255 66 101 255 255 225 58 119
    255 122 193 146 12 36 255 255 255 75 54 255 180 216 255 30 170 255
    73 224 255 132 174 255 255 12 255 81 64 245 255 255 255 255 120 255
    255 206 255 164 255 241 136 10 179 255 200 255 255 156 255 83 255
    199 239 255 249 255 255 255 59 255 255 45 255 255 255 255 255 209
    255 74 93 255 106 87 186 123 69 124 2 116 52 255 255 250 205 255 212
    255 245 255 98 255 4 255 255 132 255 255 190 56 255 255 255 255 255
    255 255 34 255 130 255 255 255 255 92 255 255 255 255 152 255 255
    255 100 255 62 88 49 255 205 83 255 137 255 255 255 255 255 159 255
    255 255 255 255 255 110 255 20 255 255 225 24 186 78 156 184 255 255
    96 137 255 134 255 255 118 4 4 255 203 2 255 179 24 96 245 255 70
    197 219 210 255 160 255 255 255 178 255 255 255 255 41 20 255 255
    232 74 87 255 255 255 255 113 255 68 255 255 255 255 255 255 205 255
    255 255 255 255 255 241 76 255 14 255 255 255 28 255 255 255 108 83
    255 211 255 0 125 138 226 255 255 255 255 255 255 255 79 188 111 255
    255 255 255 228 255 255 255 179 199 182 255 255 126 255 255 184 38
    61 255 255 233 162 255 59 148 255 255 255 255 255 255 0 49 122 197
    199 176 255 195 255 54 30 146 255 255 70 255 255 255 183 128 255 255
    107 255 237 255 255 106 255 98 163 233 216 255 114 255 249 89 138
    255 235 234 111 255 150 255 148 255 255 255 200 42 37 210 255 45 28
    255 93 94 255 255 202 255 255 255 215 255 38 251 255 76 167 170 255
    153 83 172 247 255 106 255 255 234 255 255 188 223 255 178 255 4 255
    111 201 255 255 255 255 179 231 228 159 28 255 255 118 255 119 255
    182 34 255 118 173 255 118 205 255 255 143 255 255 255 255 255 8 255
    254 255 32 255 255 255 248 255 73 255 133 255 255 123 255 255 255 61
    255 255 255 255 175 77 80 74 255 255 66 255 255 255 255 255 147 93
    255 88 255 255 16 255 94 255 193 246 183 255 255 66 255 255 255 255
    255 255 247 94 189 255 138 173 255 218 143 110 94 199 107 100 255
    255 16 0 255 140 255 105 255 2 255 194 255 81 88 42 255 255 100 156
    174 255 255 236 141 255 208 159 255 0 255 146 10 121 87 182 255 235
    152 213 255 255 165 134 72 255 255 255 255 132 200 181 255 255 255
    176 255 255 255 64 80 201 255 255 255 255 255 158 255 181 55 112 255
    255 50 255 239 202 255 99 255 108 53 6 133 79 255 205 193 255 169
    114 255 255 255 255 135 255 255 80 255 255 102 97 255 255 255 80 255
    255 110 2 255 255 60 255 255 108 81 178 255 255 255 167 255 255 64
    37 198 255 255 255 119 156 255 46 255 255 197 255 158 72 18 46 255
    24 254 255 41 255 171 213 156 255 24 255 38 180 70 255 221 255 111
    255 248 177 243 255 255 255 190 255 255 255 255 255 255 147 255 255
    255 255 255 207 255 74 255 81 44 255 255 255 255 201 255 255 37 255
    48 81 210 255 24 146 209 255 216 201 255 255 255 255 254 255 255 34
    255 255 255 255 255 255 171 255 255 255 255 60 255 130 192 225 51
    255 159 223 146 255 43 230 191 126 255 255 255 12 197 142 88 20 99
    255 255 255 255 213 126 255 251 103 255 237 255 62 14 61 255 255 4
    22 119 255 255 109 255 248 255 215 110 8 87 255 255 255 255 6 255
    158 60 142 255 66 47 144 199 118 224 92 105 108 245 255 92 227 255
    255 80 16 160 255 255 14 24 255 255 213 189 6 255 255 255 78 255 116
    255 255 60 52 255 126 255 255 255 149 59 146 255 24 255 255 255 58
    117 178 255 255 255 255 255 172 255 255 110 255 255 255 228 255 79
    255 12 255 76 255 89 180 255 255 206 255 255 142 255 255 255 203 203
    70 82 114 210 255 189 38 121 255 110 255 193 255 255 85 255 10 255
    255 74 255 255 40 22 62 227 255 255 173 148 148 175 20 154 211 213
    255 255 10 106 185 61 194 255 255 255 255 227 255 255 255 255 191
    255 255 255 233 254 106 22 255 189 26 255 167 53 60 255 39 192 255
    207 84 239 199 92 88 85 58 255 158 255 129 255 255 8 89 255 255 255
    50 255 255 142 88 93 255 255 215 72 255 255 255 255 166 255 157 255
    170 255 255 255 255 150 255 36 77 112 245 203 255 255 89 142 102 229
    222 255 150 138 255 255 228 255 146 255 237 255 255 255 16 46 104 2
    255 255 79 146 66 12 255 255 122 255 255 14 12 255 255 162 255 91
    255 149 255 255 255 110 122 106 124 4 255 255 255 80 255 18 28 28
    255 58 255 255 255 174 8 255 193 255 255 255 255 255 16 76 255 166
    255 255 255 52 92 144 255 229 140 94 255 255 255 255 255 255 209 255
    170 8 255 126 90 187 255 255 255 6 185 255 190 179 255 255 255 255
    255 2 67 52 255 97 255 255 239 194 255 255 255 90 112 110 255 73 255
    255 255 255 255 255 255 115 255 158 255 156 255 36 255 248 255 178
    255 221 134 144 68 203 255 255 255 158 255 237 138 247 255 255 255
    217 255 113 53 54 255 255 6 32 193 20 255 255 70 255 255 255 111 255
    208 185 255 255 255 61 255 255 255 255 255 168 255 125 221 26 255
    255 140 227 83 202 255 255 255 255 255 172 255 255 255 64 255 255
    255 221 255 255 255 120 4 178 255 255 255 255 135 255 58 163 255 6
    255 255 162 209 255 255 255 255 255 255 49 255 255 114 252 66 8 200
    255 255 162 12 16 206 255 255 28 255 255 255 255 255 254 104 162 255
    255 154 255 151 168 255 255 255 152 255 247 190 197 227 255 255 203
    48 175 154 24 175 255 255 159 168 92 84 255 255 255 213 255 255 150
    255 159 255 255 255 211 255 255 47 62 38 30 124 185 223 255 40 255
    124 255 255 224 215 255 150 255 255 255 28 255 255 28 237 254 255 51
    255 255 146 255 255 255 255 177 255 92 54 241 198 76 34 160 255 255
    192 255 130 160 255 255 74 113 221 255 205 255 255 255 229 255 54
    255 96 255 255 255 96 255 14 185 255 255 255 57 142 159 255 255 255
    255 255 207 255 44 255 85 192 255 255 255 255 255 255 255 255 4 255
    211 6 255 18 255 209 255 255 92 168 255 255 233 46 255 255 20 255
    249 255 121 95 255 92 255 136 100 255 255 255 255 255 255 138 255
    255 255 255 255 255 255 100 63 188 72 255 255 137 255 255 117 239
    255 255 231 255 255 255 255 76 255 74 109 126 255 74 12 255 88 136
    78 249 79 255 46 255 255 255 255 198 62 255 255 255 255 94 255 245
    255 255 164 20 255 255 122 255 132 118 76 178 255 215 81 255 0 85 40
    219 112 78 255 65 198 255 255 52 255 156 70 129 255 255 80 209 244
    10 255 208 38 249 210 255 241 255 255 132 255 255 255 255 10 255 255
    163 195 255 193 255 255 207 97 255 255 255 255 255 55 100 255 255
    255 255 24 34 191 255 255 255 41 130 255 255 2 90 255 255 255 255
    138 255 168 255 201 30 142 255 255 0 199 255 152 255 140 255 58 255
    162 76 255 255 171 39 102 86 160 255 255 67 52 98 140 222 255 16 255
    255 247 255 153 152 255 115 255 74 255 255 38 46 174 255 255 168 255
    26 239 0 100 255 255 255 255 255 255 255 40 255 255 106 255 243 18
    255 118 255 255 6 255 255 87 104 98 255 234 255 144 68 203 255 255
    255 255 190 255 144 66 255 255 255 255 112 132 255 255 196 255 140
    216 255 255 0 255 255 102 88 134 255 255 178 255 255 203 255 177 235
    255 149 243 255 255 160 255 185 243 255 237 71 255 255 255 255 255
    255 136 183 49 255 255 255 100 255 124 255 88 166 118 255 255 202
    235 255 182 42 43 255 255 12 255 255 255 255 255 255 255 255 255 244
    82 255 255 255 22 255 255 247 255 129 229 104 255 255 100 96 255 255
    255 142 172 255 14 255 255 255 255 255 247 255 255 255 255 255 255
    255 255 81 28 255 174 255 255 255 255 201 255 255 76 255 255 28 255
    38 255 55 255 255 221 40 255 255 248 151 144 58 255 97 255 139 150
    255 177 255 246 255 255 255 141 255 255 193 255 255 247 255 216 141
    30 255 255 67 255 255 73 255 22 28 255 145 255 255 255 124 255 255
    130 178 255 45 255 255 255 242 100 255 128 255 255 92 255 255 255
    255 255 228 50 191 255 255 255 164 255 144 255 255 255 255 255 255
    255 24 255 222 54 255 4 4 255 255 255 205 114 0 140 255 255 126 255
    20 213 255 203 255 255 255 79 122 90 255 255 231 255 70 74 239 255
    201 130 2 139 168 80 70 255 8 111 144 255 255 255 164 203 255 212
    225 255 255 12 77 255 98 255 170 209 16 154 255 255 212 189 255 255
    219 47 255 46 180 255 193 255 124 255 255 255 255 114 58 255 144 255
    153 191 132 12 199 194 253 225 255 255 255 255 100 148 255 104 20
    255 241 255 255 159 71 102 139 213 230 62 185 28 18 255 54 175 255
    22 255 255 255 36 132 230 255 255 255 36 255 255 167 255 255 0 209
    32 70 107 188 165 255 232 255 255 222 22 255 90 48 172 58 227 57 255
    56 85 255 111 118 255 12 255 238 255 255 244 255 255 84 255 243 248
    255 255 212 251 255 255 255 255 255 147 199 116 139 255 255 12 255
    190 255 176 8 255 255 255 151 156 255 125 160 255 255 255 255 56 67
    246 4 255 255 60 255 255 255 254 255 60 255 224 38 215 20 255 215 36
    255 124 255 119 193 255 255 255 255 141 255 206 100 174 194 255 255
    255 10 255 100 255 233 255 141 255 64 255 255 255 48 152 200 255 203
    255 255 77 76 255 255 50 121 59 255 169 255 58 22 34 232 255 255 255
    255 229 182 117 255 255 175 255 66 255 255 255 96 245 178 255 255 64
    255 178 255 253 255 255 135 255 255 183 255 255 56 255 255 197 172
    255 2 255 255 181 219 124 251 176 76 255 255 255 255 18 236 50 30
    104 255 255 24 249 255 168 135 255 18 96 255 255 62 255 255 255 255
    255 24 45 255 239 255 0 159 255 255 70 178 255 143 213 170 78 138
    255 38 255 255 30 255 214 217 93 255 255 116 82 213 118 72 255 255
    255 159 255 255 255 156 255 255 255 190 255 255 180 181 255 158 255
    255 255 255 89 255 8 255 210 40 172 255 255 193 54 38 51 182 255 130
    255 241 255 204 151 255 182 193 130 116 255 14 255 80 101 176 255 69
    255 255 255 238 181 223 255 115 255 230 139 255 255 255 59 74 177
    154 255 255 237 228 255 53 255 191 4 255 255 255 42 90 255 255 60
    255 255 255 91 92 255 142 255 167 255 204 255 255 18 155 114 64 255
    255 190 255 255 255 217 255 255 191 245 184 177 255 228 255 255 86
    255 57 228 111 255 68 255 255 255 173 255 255 229 180 144 255 255
    255 137 77 255 143 255 216 255 255 118 10 255 255 255 239 214 22 255
    255 255 172 72 94 191 176 18 255 255 255 199 76 90 178 255 36 168
    255 255 255 98 255 255 78 104 26 18 6 255 94 255 203 255 207 255 0
    52 255 255 28 255 255 255 237 50 255 114 78 109 255 255 255 255 255
    223 255 194 255 255 98 96 255 46 177 227 255 255 255 255 255 255 255
    60 18 255 161 107 255 255 255 255 169 162 20 231 227 244 255 197 255
    255 255 224 255 255 255 56 255 232 189 255 255 255 205 255 221 89 48
    10 255 0 255 255 202 231 185 64 245 255 255 255 255 162 255 144 186
    102 170 255 235 243 255 151 255 255 255 255 190 255 255 96 255 255
    255 36 255 32 255 229 255 255 255 224 255 255 255 70 255 118 104 255
    140 255 128 255 195 255 255 255 255 255 241 255 194 255 205 255 171
    255 118 221 255 255 151 255 255 255 255 12 201 176 255 129 124 70 80
    97 255 169 63 214 169 37 102 255 255 238 255 255 76 149 255 255 255
    255 78 74 112 255 255 255 140 30 0 255 24 255 192 255 255 255 241
    193 255 255 83 236 195 255 255 255 255 184 139 255 255 24 255 255
    163 255 255 255 49 255 255 233 255 185 255 236 255 255 255 199 65
    255 255 255 222 48 180 210 193 45 214 255 73 255 255 91 255 82 255
    180 64 148 64 68 255 255 255 81 182 141 255 255 255 255 136 255 95
    255 255 255 6 255 255 6 255 79 255 76 255 154 219 16 255 255 103 104
    0 207 255 255 255 255 163 172 36 161 255 250 90 249 56 255 255 255
    255 49 128 82 89 255 255 255 228 155 61 248 42 114 88 102 152 206
    255 255 255 255 235 255 255 225 68 211 255 255 58 255 74 255 118 255
    255 43 255 255 255 255 255 187 255 255 162 162 195 255 255 94 255
    146 235 255 166 255 18 28 255 255 84 119 87 255 64 255 255 255 130
    255 42 201 70 133 255 255 255 255 194 255 255 98 241 247 58 44 255
    255 255 255 228 255 255 140 255 99 172 255 138 122 255 203 255 201
    37 255 255 26 255 161 255 166 255 150 124 255 130 194 135 22 186 82
    203 255 16 255 255 255 57 98 24 255 88 255 255 246 123 174 246 255
    162 78 193 255 255 2 65 255 255 57 255 94 255 255 42 217 255 86 172
    66 84 255 74 86 255 255 141 166 74 70 255 255 255 217 50 255 45 255
    0 130 255 173 255 20 58 122 36 255 255 255 251 255 255 235 75 72 255
    255 255 255 255 255 113 34 255 141 103 74 255 53 194 34 34 255 171
    255 255 255 255 250 189 255 255 243 255 42 151 255 64 163 49 200 115
    255 255 141 255 76 255 164 255 72 255 255 255 254 255 163 255 255
    255 154 255 255 160 66 139 255 255 255 103 255 255 255 255 106 255
    52 115 158 114 60 255 255 255 255 255 255 255 255 62 118 48 255 255
    204 211 45 172 255 255 36 255 172 144 255 255 255 225 4 255 255 142
    255 4 255 255 255 255 255 255 37 255 255 217 84 255 255 255 255 199
    250 245 14 156 115 255 188 255 255 146 255 189 110 255 2 68 64 132
    24 255 22 255 255 255 78 135 16 40 119 255 255 72 79 212 54 255 255
    255 255 255 255 255 162 84 152 178 255 255 126 90 219 255 181 26 255
    193 255 118 113 130 255 215 105 255 255 255 244 255 255 255 255 255
    255 221 138 255 255 255 36 163 255 255 119 213 30 255 26 160 125 178
    106 131 201 255 173 138 50 255 255 255 149 255 255 86 118 202 74 255
    36 255 207 10 159 255 255 199 45 26 187 255 255 255 16 50 211 255
    110 195 255 2 42 28 108 191 83 244 255 247 255 255 59 132 255 197
    255 255 255 74 243 255 255 255 255 116 255 255 16 255 255 120 245 41
    248 159 59 124 44 255 255 255 37 255 30 134 255 255 255 255 195 20
    255 2 43 134 46 255 255 231 255 26 255 255 255 255 255 182 141 57 2
    255 255 252 255 93 255 255 255 255 70 255 255 255 235 255 255 255
    255 68 255 255 84 255 254 243 255 232 145 255 255 255 245 255 44 193
    255 167 28 148 255 233 186 255 255 255 76 255 236 251 39 140 185 144
    236 131 26 255 28 134 236 255 47 254 255 8 94 255 255 244 255 255
    255 255 22 255 255 95 255 18 39 255 255 255 60 175 255 68 255 255
    184 255 199 255 255 91 255 96 28 255 181 255 168 255 255 255 64 26
    48 111 255 148 28 223 255 255 150 255 155 255 255 243 255 238 255
    146 255 139 255 255 255 255 10 171 39 255 229 63 114 54 16 255 98
    255 188 255 243 255 255 255 255 96 14 72 255 255 192 255 107 255 36
    247 255 255 124 16 127 55 255 100 255 255 199 73 255 157 255 255 4
    255 172 215 14 98 255 255 255 121 255 238 255 255 38 213 255 255 255
    95 255 193 255 255 255 120 250 24 207 255 183 255 255 255 130 255
    161 255 40 76 207 255 119 30 68 255 255 88 255 166 20 255 22 170 255
    79 255 255 255 20 255 255 255 255 233 240 113 255 255 255 43 255 255
    255 255 255 166 16 82 63 255 255 41 255 94 255 6 38 255 156 255 130
    46 255 255 226 255 197 255 115 255 255 255 81 255 255 255 114 255
    156 255 255 255 144 243 255 255 255 255 255 175 255 54 22 255 210
    255 101 62 255 255 78 255 45 255 233 255 255 255 255 196 255 255 126
    183 120 255 255 45 148 106 255 255 255 51 230 229 254 255 227 255
    255 100 8 152 255 101 236 255 174 6 255 255 255 195 255 102 255 255
    255 255 255 255 255 59 255 255 150 255 255 255 104 58 255 255 137
    233 255 255 255 204 133 255 128 153 255 255 84 255 218 255 55 176
    149 255 48 2 229 255 199 255 30 255 144 255 253 243 106 255 255 255
    255 255 60 255 69 255 139 255 62 255 67 58 193 255 255 255 255 48
    255 255 255 54 12 255 171 255 255 255 89 50 255 255 52 225 20 64 255
    142 100 255 255 255 181 71 198 215 255 224 255 138 255 255 255 255
    255 18 18 247 189 222 255 166 152 255 255 106 42 254 76 245 103 116
    203 12 144 255 243 255 255 105 164 30 255 255 229 255 255 100 231
    228 255 255 255 135 255 174 255 219 96 255 8 238 255 255 255 255 255
    218 255 255 156 143 20 255 255 255 56 255 152 255 153 219 24 44 197
    255 76 243 150 42 255 255 52 144 255 106 255 255 255 255 140 100 255
    94 255 255 255 121 110 255 207 8 166 255 217 255 255 49 255 163 255
    255 255 255 255 255 255 150 255 136 100 203 255 255 64 255 104 255
    255 70 255 213 226 78 130 255 255 69 86 241 6 224 255 255 46 165 255
    255 255 55 255 255 114 176 255 255 255 157 219 255 221 255 38 255
    255 34 255 213 255 193 99 236 255 160 255 255 255 255 255 199 255
    175 255 10 255 255 184 251 255 74 255 255 255 255 255 255 66 255 34
    255 255 255 231 255 120 78 255 255 187 166 255 255 255 30 255 59 96
    209 83 44 255 255 48 193 243 222 255 107 255 255 255 20 255 255 255
    255 255 232 255 247 255 255 2 255 233 168 255 255 255 244 121 255
    255 4 185 255 255 255 255 255 255 255 121 168 255 255 255 232 255
    255 255 255 255 255 80 160 246 255 255 56 255 231 218 237 24 20 255
    65 255 255 183 152 251 67 255 255 255 255 106 71 255 255 255 220 255
    164 34 175 255 62 255 160 138 4 162 255 2 191 244 111 22 124 255 138
    236 104 215 255 255 77 255 245 255 48 255 255 226 179 172 220 139 69
    190 255 20 212 96 255 255 189 255 48 255 213 255 173 55 146 255 12
    30 217 112 255 255 176 255 159 237 255 255 255 206 197 0 222 191 255
    255 225 45 164 255 209 186 255 255 255 0 255 255 255 254 255 255 30
    10 255 201 206 255 95 255 255 47 182 46 152 116 255 255 255 157 255
    255 255 105 255 227 255 104 4 8 255 255 134 255 54 22 36 255 255 255
    255 255 255 245 221 252 255 225 255 4 55 255 255 201 202 26 170 118
    255 99 0 173 255 246 213 255 255 255 199 90 66 255 255 175 255 46 60
    180 204 255 91 255 34 255 255 131 180 255 42 255 98 255 164 234 255
    2 255 56 53 120 255 255 255 82 140 255 8 255 255 111 233 44 96 41
    226 255 255 255 255 37 255 255 255 34 50 225 164 215 134 44 255 255
    202 36 148 255 219 120 255 127 255 54 147 255 14 181 255 128 88 255
    255 173 235 86 201 255 144 56 203 255 183 255 254 255 255 36 255 255
    255 34 162 16 255 255 232 255 26 255 90 71 255 255 255 158 100 65
    255 255 255 255 175 73 54 255 120 252 255 255 255 46 255 166 38 124
    255 255 255 130 255 142 196 104 255 164 32 118 46 145 45 26 155 255
    50 255 207 194 255 255 166 255 195 38 255 255 255 241 103 10 129 20
    24 139 255 255 241 255 255 255 255 54 255 120 50 197 203 228 255 99
    60 62 255 126 255 152 255 255 150 255 193 255 48 127 255 255 255 255
    56 28 227 176 191 255 255 255 107 255 255 255 254 125 255 255 255 28
    255 141 103 255 149 255 255 255 223 255 187 148 90 255 255 252 46
    255 58 255 255 236 185 255 60 237 255 255 255 255 255 255 255 255
    255 209 255 255 152 255 219 255 255 123 8 170 255 116 255 88 176 255
    135 134 255 255 255 255 149 255 255 255 26 255 151 63 10 171 39 222
    255 255 255 255 255 146 247 255 108 255 71 255 255 138 204 255 114
    54 106 61 255 255 6 198 255 255 10 255 255 255 106 255 255 119 162
    76 26 178 255 139 255 255 255 142 255 86 63 255 255 148 196 233 255
    212 143 81 255 104 162 255 70 255 255 255 95 150 102 255 255 82 255
    255 255 231 255 147 255 255 141 255 112 2 83 96 129 34 255 34 231
    234 121 255 255 36 114 126 201 156 255 255 255 28 131 61 255 255 150
    255 255 255 120 215 255 255 255 255 255 58 255 106 255 255 252 181
    255 190 233 239 238 255 205 255 12 213 255 255 81 255 255 146 255 32
    67 192 251 255 164 255 134 255 255 51 98 102 255 184 225 255 2 211
    255 108 0 8 255 4 255 255 255 49 240 255 0 32 255 6 255 50 255 255
    38 255 64 177 55 255 255 255 255 255 103 255 74 255 192 0 255 118
    243 255 240 185 255 255 111 122 255 255 140 164 171 195 255 10 255
    56 255 255 255 211 255 255 109 191 86 229 255 46 147 132 255 255 207
    46 255 255 166 62 255 255 145 69 224 255 255 126 255 138 64 209 255
    255 205 255 122 255 255 50 255 255 36 255 144 255 113 136 56 255 47
    134 255 180 52 90 4 255 255 245 30 131 255 255 255 255 58 255 32 255
    241 255 255 251 195 255 255 2 20 197 255 255 34 8 80 255 255 166 255
    255 14 255 107 120 255 255 64 86 255 180 56 255 255 46 77 152 255
    255 255 40 255 116 80 158 230 255 142 255 255 255 255 255 93 255 247
    255 80 10 148 82 255 255 255 255 255 255 255 116 240 82 255 255 157
    255 34 247 255 255 255 255 246 44 14 54 255 255 152 24 255 255 255
    77 255 255 255 255 187 140 255 70 10 42 255 255 72 255 199 42 255 43
    134 229 183 108 255 255 240 231 4 255 211 138 255 255 255 10 255 255
    255 24 89 80 255 160 94 143 255 192 237 255 4 255 255 255 255 255
    255 255 255 154 167 255 190 165 164 255 255 255 255 255 107 255 207
    245 255 20 255 255 255 255 124 255 255 255 50 207 218 98 255 255 255
    162 20 109 255 26 165 255 255 40 195 114 255 255 255 157 255 188 255
    255 255 255 59 255 235 85 255 255 6 110 255 156 4 255 79 255 74 255
    255 255 255 142 18 2 255 155 255 255 255 191 255 52 180 255 251 255
    255 102 255 255 255 122 78 255 150 255 78 255 202 255 199 255 255 6
    255 255 255 56 255 124 255 255 255 255 80 217 255 96 255 255 255 255
    110 62 255 255 179 255 22 141 255 255 255 255 208 255 255 255 255
    245 172 255 255 6 255 37 174 255 75 252 231 255 214 181 255 152 255
    160 104 219 10 240 255 255 255 255 255 42 22 255 255 42 255 255 255
    201 255 255 255 16 84 255 255 255 227 255 255 255 255 137 215 114 4
    255 226 255 116 255 179 140 210 201 20 200 255 254 255 255 183 248
    145 255 154 161 57 255 108 255 255 255 255 255 195 203 220 255 14
    255 109 178 255 255 53 82 169 132 255 141 105 236 255 255 255 98 255
    255 255 126 255 255 255 220 255 255 255 255 255 255 255 255 146 255
    255 82 255 255 142 203 103 50 255 85 194 255 255 255 205 162 255 108
    255 255 211 255 255 207 255 180 52 205 255 58 20 255 255 255 136 255
    189 255 191 255 178 255 116 240 139 34 255 255 255 190 251 178 196
    70 255 255 255 255 255 255 255 186 255 255 255 255 255 255 215 59
    255 255 255 255 111 255 255 255 176 58 183 47 254 255 255 255 46 209
    255 26 138 114 241 105 42 28 255 255 217 51 255 108 45 218 245 249
    255 255 255 255 255 136 255 74 255 255 161 199 255 255 255 255 70
    255 255 60 207 174 255 255 255 255 2 4 255 255 255 125 37 66 255 215
    232 80 255 255 255 249 255 255 95 255 70 178 255 22 225 186 4 207
    255 255 28 240 255 255 255 82 255 142 62 225 78 109 26 98 255 26 102
    255 255 210 255 255 238 255 231 78 135 176 255 255 126 255 165 124
    255 127 10 255 52 170 220 167 255 255 255 255 252 255 18 226 255 172
    168 64 255 255 255 255 255 32 255 255 247 255 255 171 255 22 233 85
    224 255 164 255 255 255 120 243 255 255 217 255 36 255 12 54 60 255
    255 243 255 252 185 39 255 255 185 136 235 255 255 54 150 76 255 255
    255 255 255 255 28 255 242 255 37 188 255 79 36 245 255 66 50 255
    254 255 255 255 209 170 255 255 255 255 255 67 70 255 164 255 255
    255 92 255 116 184 255 103 255 255 255 255 255 255 255 255 126 106
    255 67 255 255 255 180 211 37 158 117 150 194 66 237 68 255 255 172
    54 255 62 255 55 255 255 158 248 255 178 40 255 255 154 16 255 212
    255 241 128 255 255 255 255 168 255 255 255 255 255 255 204 255 116
    138 217 20 255 159 32 255 255 189 164 189 71 200 38 255 255 255 255
    162 8 91 160 255 255 44 255 213 74 38 255 122 209 255 56 255 255 255
    18 255 36 255 255 255 229 255 255 255 170 255 255 2 255 165 255 255
    28 130 255 255 249 54 66 255 255 255 69 255 62 217 128 125 255 255
    255 138 255 249 39 56 255 255 8 74 255 255 255 4 255 247 24 52 255
    255 62 191 255 224 255 138 255 189 243 255 255 24 134 253 247 255
    255 107 255 161 47 255 127 158 6 255 126 174 255 160 40 255 239 152
    255 255 196 255 255 98 119 255 255 255 255 178 255 132 242 255 255
    202 255 255 32 26 138 182 255 255 255 255 97 255 100 255 255 193 148
    255 255 193 212 255 105 255 255 209 228 255 93 100 111 255 255 155
    255 68 159 172 255 255 255 24 151 255 255 78 255 246 96 255 255 255
    134 255 2 255 255 253 255 32 183 255 255 102 255 255 104 255 120 255
    255 255 255 255 255 102 6 168 28 255 255 255 10 240 113 116 94 255
    255 255 197 89 255 255 255 86 255 128 255 255 249 174 255 209 255
    255 0 170 223 243 255 255 255 255 255 67 228 255 201 255 255 87 168
    255 197 255 159 34 255 243 87 255 86 154 255 255 255 255 255 247 255
    255 30 255 255 255 255 68 160 255 64 251 255 243 128 255 255 255 188
    255 255 255 36 140 76 255 140 255 197 150 108 255 189 255 255 255 22
    255 219 84 167 255 20 255 134 144 161 93 255 255 255 255 223 255 255
    223 255 255 255 126 234 255 255 255 255 77 255 255 255 26 56 144 250
    12 12 154 255 195 236 151 255 255 255 255 255 255 231 68 163 103 255
    32 225 142 255 255 255 229 237 255 86 255 98 255 255 255 109 225 100
    143 255 120 26 255 255 88 255 255 2 77 255 255 255 100 255 255 242
    255 255 2 129 255 255 80 255 255 223 57 255 195 255 255 163 255 255
    255 116 178 255 61 255 199 255 18 52 89 200 12 57 154 255 32 255 235
    245 255 255 241 202 255 255 204 0 189 255 255 255 255 149 51 255 255
    255 70 255 22 34 255 255 226 255 255 194 255 255 255 90 45 202 82 53
    184 98 255 200 255 43 214 255 255 255 143 105 132 255 231 4 255 176
    255 22 255 255 255 130 255 113 255 255 72 87 255 255 255 255 241 67
    255 255 255 255 255 213 255 245 241 255 20 255 82 255 255 20 189 112
    24 247 255 255 255 138 255 255 255 124 255 255 255 229 180 255 255
    255 255 123 255 50 127 43 14 98 255 255 203 255 255 177 47 232 255
    255 194 137 0 255 171 255 182 171 136 255 255 255 255 106 223 224
    255 81 242 255 8 82 255 237 255 123 255 255 84 18 255 255 103 140
    157 245 250 255 128 255 167 83 255 255 152 255 255 255 134 255 162
    255 84 255 114 201 140 28 243 255 178 56 221 10 141 170 255 255 255
    124 72 255 200 255 255 242 255 255 188 2 255 255 46 203 54 127 168
    88 115 255 255 119 2 12 255 47 255 88 255 220 165 43 255 255 172 255
    255 255 255 255 124 255 255 237 255 113 65 255 74 255 255 68 8 255
    255 254 34 255 103 112 255 255 52 141 255 250 64 255 166 133 91 142
    255 255 150 255 255 48 117 249 82 46 255 255 255 255 255 88 255 255
    255 255 50 195 255 255 54 255 234 255 197 60 229 255 255 255 103 222
    255 255 255 255 255 255 76 99 255 233 55 255 185 61 255 255 81 255
    255 255 255 58 49 36 255 255 240 255 255 255 255 255 255 255 255 255
    189 10 226 193 53 255 133 255 255 52 166 255 255 255 255 255 28 34
    255 255 10 255 255 255 255 255 255 255 134 255 255 255 255 2 255 255
    239 219 148 255 255 94 255 255 24 72 16 62 70 199 172 255 154 255 14
    183 182 193 14 2 66 255 255 177 255 255 108 28 134 137 126 255 255
    183 250 175 255 152 255 138 22 255 75 255 90 255 255 255 132 255 255
    255 192 255 37 255 197 217 255 255 255 24 10 116 236 155 255 10 213
    255 14 255 255 156 179 69 255 189 87 255 157 130 255 167 2 255 255
    126 254 157 255 255 231 85 116 255 255 246 255 148 255 255 255 72
    255 37 255 205 176 255 255 255 44 243 107 255 62 75 22 197 51 255
    255 53 0 80 255 46 245 223 196 255 255 94 255 255 255 255 130 255
    255 255 255 243 172 98 54 255 255 255 255 34 127 255 224 255 39 44
    233 87 114 26 254 208 121 255 84 40 203 38 255 255 250 255 142 255
    245 140 152 255 255 255 255 255 255 143 255 255 155 148 70 179 255
    58 44 255 240 26 255 42 255 16 110 255 20 86 255 132 255 255 255 190
    255 128 36 255 255 255 235 85 255 28 14 255 155 148 255 255 255 255
    255 118 36 255 170 255 155 30 255 255 47 118 255 132 70 255 187 255
    6 2 255 223 251 255 113 24 118 94 16 204 255 255 255 255 255 255 255
    174 255 255 255 255 255 178 90 255 116 72 255 197 255 183 43 255 255
    255 2 211 255 255 44 28 255 62 255 226 175 255 255 229 83 255 255
    255 255 255 255 24 108 34 255 255 255 114 255 255 255 189 118 255
    255 255 255 255 255 255 94 120 255 255 255 218 163 2 255 209 164 255
    127 255 255 255 255 232 171 85 255 255 247 124 151 219 255 255 255
    78 255 185 255 255 168 88 34 255 255 255 73 188 255 112 255 255 213
    94 255 197 122 135 51 255 143 255 206 255 22 255 255 255 228 255 128
    176 12 14 124 255 116 255 96 255 255 74 255 255 255 10 158 80 138
    255 217 180 20 255 255 190 237 255 12 255 255 108 90 255 160 189 255
    70 80 197 255 117 229 255 82 144 255 255 255 255 241 221 100 223 255
    4 203 255 255 157 255 172 255 255 255 255 255 140 141 255 255 12 255
    218 255 203 140 255 39 182 139 255 255 189 18 255 255 195 255 165
    191 14 106 255 188 145 39 255 255 231 255 255 203 255 255 26 255 255
    255 4 255 91 255 143 255 255 255 61 242 255 255 230 215 255 255 78
    57 200 4 255 62 255 168 255 247 255 255 221 219 255 50 110 255 255
    37 228 147 255 255 255 63 255 255 255 255 255 255 34 255 255 255 221
    30 140 175 235 140 255 243 255 171 160 24 255 47 26 0 255 255 255
    213 255 28 140 255 255 63 255 255 231 255 22 164 92 70 146 60 135
    255 170 255 105 48 255 255 170 245 247 255 197 79 255 209 172 30 159
    128 255 84 247 255 60 255 114 255 255 114 255 254 114 209 255 255
    221 255 32 98 255 255 245 172 190 255 205 88 255 45 142 217 255 222
    255 37 244 245 255 6 143 255 140 119 255 255 255 81 255 42 112 255
    18 183 246 255 114 128 255 255 255 255 255 130 225 14 254 54 255 255
    163 255 255 255 255 255 26 126 230 177 255 255 86 255 48 255 168 255
    255 24 255 78 237 255 255 255 255 137 255 246 22 255 255 255 255 255
    219 150 220 217 67 18 255 170 255 28 255 122 74 199 210 255 191 255
    255 59 255 48 255 68 111 30 212 255 2 66 183 162 56 106 6 184 255 24
    246 169 61 192 84 255 255 255 51 246 255 172 255 255 12 132 255 235
    218 255 26 100 187 255 255 177 8 198 255 255 248 255 172 8 255 10
    200 201 30 78 255 255 255 165 59 36 84 255 186 255 30 162 255 255
    255 40 172 72 255 255 255 255 189 255 255 231 255 197 120 255 66 24
    255 6 255 255 255 10 202 255 4 255 255 255 32 109 217 255 255 30 255
    221 255 200 147 255 96 255 255 255 127 254 255 255 255 70 54 255 255
    255 254 226 199 132 255 255 255 126 255 255 255 237 126 255 255 255
    255 203 223 255 255 255 248 42 71 255 4 255 234 189 185 64 237 138
    255 52 67 114 207 30 216 255 205 18 88 255 156 255 255 248 187 231
    255 235 8 64 201 255 255 183 255 106 213 255 255 34 205 96 255 99
    240 108 255 152 255 112 255 157 154 255 255 255 234 32 255 255 102
    255 255 255 180 104 237 255 242 255 255 158 217 255 112 255 255 174
    255 49 255 255 126 244 255 10 150 10 168 166 255 174 150 173 229 255
    80 255 255 20 255 238 149 255 255 255 255 88 255 71 255 36 255 110
    255 255 255 167 26 255 131 107 255 16 237 255 255 83 255 255 28 28
    42 140 255 255 189 255 223 227 174 187 255 255 255 89 186 0 81 255
    255 162 10 255 57 36 255 140 255 92 245 152 235 255 255 255 199 86
    30 187 178 255 255 14 255 87 174 143 255 255 255 255 108 255 154 255
    175 255 114 255 174 255 211 37 50 60 183 255 46 255 86 185 245 255
    255 195 228 255 255 255 80 255 150 241 255 255 255 255 94 255 255 46
    255 221 255 141 255 42 125 148 28 50 247 255 243 255 255 14 164 255
    255 59 154 255 255 108 255 185 255 231 255 86 255 255 255 255 241
    255 255 245 36 255 183 255 255 255 255 241 255 242 255 255 230 98
    255 132 145 99 48 255 134 182 255 2 128 255 105 255 255 255 255 151
    255 255 255 174 255 255 255 255 255 255 160 88 255 255 255 201 190
    82 24 255 187 255 255 255 255 88 255 79 78 255 134 220 255 59 248
    255 255 255 255 231 164 255 255 194 199 39 255 157 81 192 255 122 40
    131 138 154 72 75 255 141 57 255 255 255 20 30 255 255 179 172 216
    121 217 255 255 26 148 225 28 142 255 255 255 255 255 255 94 148 184
    60 146 255 255 37 86 255 235 86 255 148 168 255 77 232 255 255 154
    137 255 198 86 255 255 167 255 255 255 16 40 255 255 240 255 255 100
    159 255 226 10 219 124 195 255 255 255 255 255 255 255 255 255 255
    22 0 85 226 209 255 255 68 136 164 255 26 46 22 255 255 255 255 255
    255 185 255 255 8 10 255 146 255 255 255 255 171 142 255 255 97 48
    12 255 255 255 255 246 100 28 206 123 255 255 255 255 30 147 211 255
    84 255 255 241 255 255 245 255 84 221 255 26 255 255 255 255 255 48
    255 255 234 8 255 255 255 255 255 255 225 255 199 57 255 233 255 110
    50 79 66 255 255 255 239 255 255 255 174 70 255 239 255 255 255 255
    255 114 255 62 255 150 50 241 206 255 225 54 255 255 150 255 32 216
    255 180 52 255 255 255 255 10 190 255 83 156 12 219 255 243 255 255
    255 0 164 153 203 54 255 45 255 165 107 90 255 255 124 255 255 255
    255 255 218 231 255 255 255 255 216 179 255 2 36 255 255 113 243 255
    243 255 255 255 107 255 46 2 255 28 255 255 135 255 255 96 255 255
    255 255 44 255 110 176 34 255 26 255 255 92 255 126 176 255 168 255
    255 164 80 255 209 88 88 209 22 32 255 192 117 114 212 199 255 255
    215 187 255 92 255 22 30 63 255 255 255 220 255 183 18 255 211 255
    251 255 255 255 191 110 86 255 224 255 152 62 42 255 230 255 249 160
    255 241 255 255 255 232 127 255 255 255 89 102 185 255 44 167 255
    188 255 6 124 102 134 255 34 91 222 104 255 255 151 241 168 255 59
    206 209 87 176 191 255 255 32 255 96 255 241 255 199 255 156 255 211
    255 98 255 255 255 255 118 177 255 206 225 0 255 90 49 255 255 255
    44 255 6 92 86 174 255 255 255 50 255 255 255 58 255 56 255 255 255
    255 255 255 255 255 255 40 255 255 205 255 126 0 73 255 255 255 34
    255 255 255 255 255 255 255 255 166 193 255 255 24 255 132 255 8 255
    86 243 255 255 255 158 255 255 134 255 255 255 255 255 218 255 255
    255 255 255 255 255 191 64 113 255 255 255 255 255 255 255 255 255
    255 122 139 8 142 38 67 255 255 162 186 255 55 255 209 255 206 255
    255 255 106 18 255 52 255 255 255 255 255 179 176 14 177 87 255 255
    255 255 255 255 10 255 185 255 199 34 255 255 166 255 255 255 64 255
    255 240 255 255 255 255 61 255 102 39 255 193 6 166 255 0 90 113 99
    255 255 255 255 255 180 255 255 255 255 151 255 212 211 255 255 255
    22 255 255 255 42 255 255 255 225 209 118 135 105 255 163 57 132 117
    67 240 96 67 255 8 255 156 255 112 46 255 255 180 255 255 218 255 97
    2 255 55 120 139 30 255 255 255 104 255 255 255 255 255 255 223 69
    190 255 255 255 255 255 88 255 255 255 255 63 255 131 255 255 111
    156 255 2 255 255 255 255 88 255 4 54 90 255 255 255 255 44 197 255
    88 255 255 40 255 77 255 177 255 44 161 255 255 60 51 255 255 22 255
    255 255 255 141 255 255 251 99 255 221 255 255 167 221 72 255 255
    255 255 255 248 30 255 148 183 255 255 215 255 180 255 87 255 201
    255 255 255 255 42 255 255 255 255 255 210 245 255 28 255 237 168 24
    225 255 40 255 70 42 93 8 255 128 255 255 87 255 255 32 255 255 255
    255 255 2 130 255 221 255 231 255 255 28 255 80 255 255 255 255 255
    130 255 255 140 255 229 255 255 81 255 221 255 132 54 101 96 98 162
    255 255 154 255 255 255 255 255 255 255 52 193 255 255 215 82 255
    191 255 221 61 255 255 215 18 179 154 52 255 255 170 255 63 255 40
    255 255 213 32 188 255 211 255 255 255 255 66 255 255 197 118 76 255
    255 255 255 112 106 229 255 252 255 83 255 175 203 144 255 255 226
    167 255 255 255 34 255 255 124 114 255 132 146 213 89 78 255 4 96 40
    241 255 249 255 255 255 191 204 207 255 88 18 130 142 6 255 255 139
    170 60 4 245 255 255 255 255 42 63 16 255 73 255 161 255 106 255 191
    255 255 255 255 6 114 62 229 255 218 255 87 236 100 195 212 255 79
    255 127 4 66 255 187 255 255 255 255 255 255 255 255 255 255 253 255
    174 54 255 255 255 255 255 6 255 255 44 229 255 104 231 255 247 160
    128 255 255 255 147 183 198 44 28 228 255 47 66 255 255 255 141 39
    126 135 255 142 255 187 255 255 185 255 255 97 255 34 255 255 255
    255 52 18 255 255 255 255 168 255 255 255 255 255 20 255 16 214 255
    255 14 255 95 255 159 255 148 12 71 208 52 6 255 209 8 255 255 75
    255 113 24 40 255 255 138 255 247 255 255 255 70 255 207 255 255 199
    132 249 219 255 255 255 255 255 241 118 141 51 90 255 187 128 255
    243 255 255 101 172 151 254 196 123 73 255 255 160 82 121 255 255
    183 77 118 255 255 0 151 12 222 123 255 170 191 255 186 193 255 58
    117 51 255 255 75 244 213 237 255 255 255 255 20 225 255 72 110 8
    255 187 255 88 26 252 255 255 206 102 255 14 165 185 255 255 255 255
    255 77 140 227 201 220 255 156 255 255 255 255 255 81 224 80 255 214
    255 255 244 56 130 206 255 255 255 255 140 255 255 255 255 28 255
    255 44 255 26 255 120 86 255 255 42 255 255 126 4 57 255 70 255 255
    125 255 255 255 18 255 255 255 158 255 255 255 131 255 255 205 255
    255 68 217 140 149 211 148 183 114 154 255 255 120 255 255 240 255
    59 255 255 255 60 255 255 255 167 164 142 209 49 192 255 255 2 98 20
    90 255 255 48 205 243 255 255 168 255 255 255 114 255 255 255 251
    180 255 18 255 255 42 146 255 255 255 255 255 255 168 255 255 96 106
    0 255 255 132 192 14 85 144 255 255 255 68 255 98 255 146 255 255
    255 255 255 255 255 255 99 186 221 255 162 241 233 190 255 189 122
    205 18 255 255 255 142 191 255 255 255 41 44 189 255 255 255 255 255
    255 105 255 255 193 120 255 201 255 243 255 255 255 255 255 255 225
    255 88 255 255 44 255 255 251 233 255 255 255 230 102 158 62 255 180
    255 243 255 255 173 255 255 191 67 255 255 255 234 255 255 255 255
    255 226 255 255 166 52 148 255 255 255 98 213 235 4 255 120 176 255
    95 255 20 255 86 255 255 16 215 174 38 255 255 112 177 255 255 255
    255 170 113 255 100 123 162 255 18 255 255 153 183 44 78 118 255 207
    255 188 255 255 255 255 73 172 211 255 255 22 168 255 255 255 186
    255 255 150 255 28 202 255 251 108 255 4 255 255 255 52 255 61 52
    255 255 154 115 255 130 211 255 255 255 99 255 82 154 122 88 37 60
    255 255 255 239 255 144 255 255 240 255 136 160 82 255 18 255 91 255
    171 55 255 255 160 60 179 229 255 123 255 255 76 255 255 100 75 114
    137 255 255 255 255 56 117 255 255 255 134 255 255 160 64 255 65 50
    255 162 60 64 45 156 255 255 76 255 211 255 255 255 68 255 255 255
    255 2 255 20 255 118 255 140 255 24 255 255 255 219 255 255 255 206
    88 79 255 255 79 136 88 255 50 50 162 255 255 201 255 181 144 255
    255 255 255 58 243 255 255 243 184 231 65 42 223 255 255 255 75 255
    255 152 255 255 255 255 207 116 96 255 0 162 175 255 255 255 245 255
    255 130 94 255 255 96 255 205 255 255 255 2 255 255 218 255 255 255
    249 255 255 255 255 8 46 255 70 247 255 62 255 255 255 255 255 255
    255 215 255 117 255 100 255 255 255 255 255 255 255 255 252 255 255
    255 255 150 255 173 255 36 219 87 255 209 53 255 255 255 182 255 43
    72 165 255 176 6 217 206 255 255 150 8 203 210 0 255 255 98 255 152
    24 255 248 255 255 255 30 255 50 255 255 255 82 255 136 96 255 126
    255 51 226 255 239 180 255 158 255 102 255 148 8 34 255 255 255 126
    255 45 255 191 168 255 64 255 255 255 0 255 255 101 255 30 255 86
    255 255 255 255 205 6 147 191 20 191 255 255 189 255 64 255 43 255
    80 148 255 217 114 255 255 99 152 239 255 255 38 255 255 255 255 255
    90 255 255 18 255 184 143 101 255 255 255 255 255 255 255 255 112
    255 139 255 255 255 255 16 255 255 92 255 189 255 149 207 255 255
    255 60 113 255 198 255 37 196 255 168 18 34 148 158 111 255 255 255
    178 76 255 150 2 255 83 214 255 71 255 255 255 255 197 255 4 70 183
    255 255 255 255 8 255 248 255 249 255 255 255 255 255 213 32 255 255
    255 255 255 188 255 205 230 251 20 255 195 255 82 255 6 255 255 99
    108 98 130 255 199 160 132 243 57 255 255 255 255 121 255 255 127
    255 255 255 28 255 255 189 255 157 255 90 145 4 255 213 255 128 255
    255 255 255 255 255 255 255 255 109 255 22 44 118 255 255 146 255 46
    83 140 255 255 255 74 75 255 197 199 255 255 255 128 255 199 255 106
    101 255 255 255 255 255 255 106 255 255 255 255 255 255 149 255 126
    40 41 206 255 255 254 255 79 255 255 255 255 104 122 154 253 231 255
    255 255 16 135 255 255 30 122 255 255 12 60 98 10 255 123 152 255
    255 41 255 255 255 144 255 255 168 46 37 255 255 255 188 161 255 44
    191 255 255 92 75 255 20 237 176 82 255 80 255 124 216 255 255 170
    34 136 255 255 148 188 255 255 255 16 170 14 179 255 255 245 148 255
    125 255 98 207 255 192 72 34 255 255 255 255 231 30 152 175 255 44
    255 255 255 54 255 86 78 24 255 255 255 255 255 255 255 255 8 94 104
    255 144 217 93 46 255 255 255 127 47 255 243 255 255 42 53 240 255
    255 228 233 255 255 217 255 180 123 138 255 102 83 255 255 51 74 255
    255 255 255 65 255 183 99 255 255 255 255 255 118 60 109 239 218 104
    255 184 255 255 234 80 217 255 86 201 255 191 255 30 169 215 122 255
    16 255 255 247 166 255 255 255 255 255 56 18 225 255 255 255 255 14
    255 255 255 22 255 133 255 255 255 110 134 24 255 36 70 255 6 255
    255 176 255 255 94 255 255 255 137 255 255 255 89 255 255 148 50 30
    255 188 255 251 255 255 199 82 237 255 255 255 255 158 241 255 255
    56 255 255 68 255 255 255 65 164 255 255 252 255 255 255 255 219 50
    135 255 220 255 255 18 255 255 116 255 255 255 255 79 255 149 255
    248 255 255 255 121 255 255 219 8 255 255 255 222 255 255 32 255 255
    120 185 126 255 191 8 255 231 93 255 255 255 28 203 255 255 195 255
    148 34 255 255 255 39 255 255 158 255 6 255 164 215 255 166 175 255
    228 185 211 255 96 255 200 255 255 120 251 255 255 62 79 255 183 205
    90 255 65 228 18 255 255 175 67 42 255 255 255 255 255 94 4 136 255
    255 249 255 255 255 255 111 255 255 76 255 212 163 138 255 255 255
    210 88 71 255 90 61 255 159 10 255 255 199 86 255 255 78 253 255 68
    231 255 255 193 255 255 255 255 255 195 160 0 245 160 196 139 110
    255 74 251 255 40 255 70 255 116 158 255 255 255 255 255 255 175 255
    234 207 255 28 145 255 182 255 255 255 255 55 236 74 255 255 255 172
    255 50 103 255 22 69 136 255 255 14 109 255 178 255 97 255 8 255 18
    153 73 84 255 93 255 255 201 2 255 255 255 82 107 255 231 255 255 44
    215 142 247 255 218 255 255 206 205 255 228 255 255 255 113 255 255
    255 124 255 255 255 154 255 255 40 131 255 255 74 6 255 255 255 255
    6 156 160 255 255 255 255 255 94 255 255 134 175 255 8 255 32 255
    189 255 238 255 99 255 163 67 255 255 83 255 255 255 180 255 103 255
    175 193 118 255 255 194 255 20 238 255 255 255 255 53 255 255 255
    255 255 255 255 108 65 88 255 255 255 255 87 250 255 255 255 255 116
    255 255 170 255 239 122 228 215 152 132 255 26 255 56 255 222 255
    255 216 193 142 255 211 255 42 4 255 190 255 229 255 42 160 255 255
    209 255 64 255 255 121 255 255 10 6 232 255 255 230 255 255 30 127
    174 250 243 57 130 30 255 255 60 231 255 14 93 255 133 255 186 229
    255 255 255 255 194 237 30 255 34 255 16 181 158 150 155 22 255 255
    255 80 255 215 255 141 24 98 255 114 146 169 255 124 255 99 255 255
    156 255 255 146 184 255 231 198 58 235 255 255 255 178 143 227 255
    125 67 198 96 134 248 255 255 255 197 255 216 255 95 74 203 144 146
    255 255 255 255 255 255 165 231 255 255 110 255 255 255 82 117 172
    255 255 150 255 38 99 112 255 156 255 207 4 250 255 255 255 255 81
    255 255 231 56 245 255 106 255 241 255 255 197 255 4 166 100 42 65
    48 201 91 144 159 255 255 255 79 255 255 160 255 255 34 255 129 255
    255 255 144 38 255 79 84 213 61 255 30 255 184 255 124 255 76 255
    210 255 140 188 255 130 16 255 150 10 255 91 255 255 150 255 123 255
    240 18 255 255 255 138 255 119 255 128 74 255 255 24 255 28 4 255
    158 125 255 255 88 255 228 255 223 22 247 255 114 177 255 255 149
    185 18 123 32 76 255 255 188 50 255 255 255 191 255 26 255 255 255
    83 255 255 10 255 173 255 110 177 255 255 2 146 226 255 255 255 255
    93 224 255 211 255 227 164 130 255 255 255 255 255 112 255 255 68
    255 217 94 255 103 255 255 255 102 255 255 255 191 203 255 255 255
    255 255 8 250 255 225 214 255 140 255 255 255 255 38 71 16 243 255
    252 24 255 250 48 249 56 255 255 216 213 120 94 255 237 255 209 203
    255 255 255 30 231 59 255 255 158 255 255 166 78 249 255 26 255 255
    112 255 255 134 151 122 176 104 148 255 175 255 116 80 116 255 255
    189 255 177 99 92 102 245 138 44 255 255 255 73 240 255 255 255 255
    120 222 167 93 255 255 37 255 255 156 255 255 255 255 191 255 238
    255 255 255 255 255 4 255 142 114 223 255 255 251 71 150 255 255 104
    255 209 255 255 128 246 255 255 255 255 255 255 20 255 255 175 47 18
    255 87 255 255 55 252 255 24 255 127 255 122 227 225 184 255 47 255
    255 255 255 255 255 255 255 255 6 48 243 198 253 255 255 255 134 0
    255 255 242 255 255 255 193 118 255 151 255 134 92 255 78 145 255
    255 72 45 255 255 79 255 255 148 12 64 67 255 42 255 255 125 255 230
    108 255 204 255 255 255 255 255 255 147 176 255 74 158 26 255 255
    255 12 162 255 255 255 255 255 16 255 18 255 255 201 255 160 255 136
    220 247 255 38 255 255 122 255 164 72 171 71 182 92 144 6 255 103
    188 179 255 56 106 255 255 247 156 255 255 255 255 104 26 255 255
    255 255 255 219 232 22 255 255 253 110 255 20 144 255 225 148 255 20
    255 255 255 156 255 20 255 255 249 239 236 255 255 194 219 255 94
    237 255 255 255 255 255 255 211 255 255 255 112 145 12 210 4 142 255
    173 97 255 255 73 180 94 255 108 139 255 255 104 132 255 251 255 255
    26 217 114 255 255 202 251 255 255 143 249 224 149 255 60 255 255
    255 255 255 32 255 191 2 255 255 255 30 255 255 255 255 84 50 124
    142 96 255 222 6 255 2 241 255 255 255 219 164 215 99 68 215 114 204
    255 255 160 255 255 255 223 255 255 253 148 255 0 251 255 34 211 160
    125 255 106 255 168 10 197 140 255 151 255 162 255 255 164 189 255
    38 255 255 26 113 255 244 255 255 134 255 6 255 96 16 255 255 255
    208 255 172 148 4 255 58 167 255 70 237 85 255 62 255 14 255 255 255
    203 176 255 243 227 255 255 174 122 255 185 255 255 255 164 94 225
    128 100 255 255 233 45 212 255 69 255 78 128 255 255 223 56 64 178
    146 255 118 28 199 168 255 255 255 70 153 255 174 90 93 216 255 195
    255 233 45 255 167 71 252 76 118 186 255 97 218 255 97 255 255 164
    255 255 255 255 255 235 255 255 255 84 255 255 192 255 255 206 255
    235 126 255 213 255 255 95 148 181 255 162 255 255 12 255 255 130 76
    255 255 255 255 255 72 255 255 197 255 150 255 255 255 255 255 156
    98 255 255 24 63 138 255 4 255 106 255 255 255 30 255 255 255 255
    137 174 116 255 87 255 22 255 255 255 255 255 62 166 58 121 255 168
    255 255 52 255 162 255 255 255 255 42 255 255 195 255 176 38 255 255
    255 255 255 169 223 255 255 89 14 255 255 255 255 255 255 127 255
    184 255 255 154 255 67 255 187 255 12 255 255 255 82 103 255 255 255
    198 108 231 255 255 255 214 18 233 116 46 255 255 221 255 255 8 255
    255 255 255 132 207 211 255 117 69 210 255 93 110 255 4 8 255 185
    255 255 172 255 255 255 255 106 255 58 239 255 255 16 148 2 255 255
    170 127 187 255 102 255 255 255 37 255 66 158 4 255 255 255 253 134
    218 255 255 255 22 255 255 187 174 108 255 255 104 133 254 18 255
    255 255 209 255 172 255 255 148 255 10 255 255 116 255 207 255 118
    255 205 92 255 103 102 58 105 255 255 221 58 255 219 255 123 255 255
    255 255 255 255 215 255 255 107 148 111 22 124 255 255 226 255 255
    198 255 255 230 195 255 255 177 247 86 225 255 255 255 239 255 255
    255 255 255 255 255 12 255 32 255 83 48 255 164 150 62 255 178 82
    255 226 209 249 255 255 156 255 255 255 212 104 255 16 217 237 255
    247 132 255 94 255 255 255 67 182 255 255 255 255 255 255 36 77 38
    52 156 255 32 255 255 255 51 32 165 255 106 255 255 132 255 255 255
    255 255 255 34 34 255 255 237 255 255 231 255 111 255 255 255 41 255
    64 255 255 167 255 255 54 255 255 161 195 255 255 37 98 255 255 255
    255 255 255 239 154 255 255 150 100 255 255 36 255 91 255 34 255 254
    72 158 218 255 57 220 4 8 198 32 255 104 255 140 255 255 255 255 255
    255 255 255 255 28 157 30 255 255 255 156 207 255 80 119 10 52 28
    254 255 179 93 255 255 187 255 255 79 222 245 189 255 123 172 78 6
    99 255 151 118 202 255 162 255 106 255 60 201 122 140 86 191 244 255
    255 104 255 185 255 64 178 2 255 207 56 213 209 88 4 255 255 255 243
    240 8 255 255 255 233 255 141 255 255 22 227 36 255 152 24 255 187
    248 255 0 255 255 255 255 255 255 255 255 227 200 139 118 255 255
    255 255 255 255 24 109 255 255 255 118 255 255 255 232 12 255 58 4
    255 224 255 118 88 255 255 255 255 255 2 255 255 32 255 101 255 129
    39 255 145 255 102 255 174 182 255 255 255 217 255 116 255 229 238
    231 57 4 10 183 255 233 255 255 255 255 255 255 255 192 113 255 255
    219 41 255 255 10 64 199 107 255 255 255 60 255 118 136 255 255 255
    255 255 24 255 150 0 255 255 255 255 255 252 195 4 255 255 255 255
    22 255 228 135 255 52 255 255 12 255 223 255 255 255 250 72 16 255
    139 231 255 203 144 255 32 164 58 145 255 255 255 148 255 106 255
    255 74 73 255 123 255 74 255 112 186 251 255 66 255 255 255 255 255
    255 147 255 16 8 174 46 255 255 255 253 255 255 255 146 255 255 255
    18 255 255 255 66 91 164 10 255 88 255 12 255 42 79 96 175 247 255
    189 255 255 211 18 255 108 255 246 255 255 255 219 6 166 255 63 210
    70 201 255 255 83 36 255 18 20 96 243 255 255 255 180 26 255 64 80
    229 78 189 255 255 255 255 255 255 26 255 149 20 162 255 255 126 255
    4 255 92 12 90 179 255 94 255 255 96 255 255 168 12 154 255 46 255
    230 255 57 255 255 231 255 255 255 255 255 255 255 255 95 218 209
    231 50 255 255 84 255 168 150 255 18 255 255 255 255 255 255 106 255
    255 255 167 255 255 255 180 255 22 170 255 84 255 156 88 26 255 149
    255 174 255 255 46 36 255 255 255 93 255 255 185 255 159 16 255 48
    255 18 255 229 206 8 255 2 211 59 128 137 255 84 255 223 200 255 213
    240 98 112 255 255 152 98 18 51 255 165 255 72 68 63 255 255 255 255
    255 255 88 255 99 32 255 124 86 255 255 255 255 255 248 255 255 255
    255 255 26 255 0 255 255 138 255 52 255 255 255 30 255 255 255 96
    157 255 122 109 185 116 98 81 200 255 233 170 52 255 90 255 93 252
    255 255 255 115 255 6 117 199 252 255 255 100 16 176 192 233 255 140
    223 103 255 255 43 254 255 233 82 135 255 255 255 255 255 60 247 222
    255 59 248 255 255 12 223 255 255 70 255 255 155 197 255 88 255 255
    255 255 255 187 255 196 255 59 228 2 122 255 255 16 20 165 255 255
    255 255 96 255 255 148 46 166 250 80 255 255 255 255 255 255 47 255
    26 255 255 255 255 188 255 255 222 255 174 46 255 255 255 147 241
    255 20 6 42 255 0 76 187 235 88 255 255 255 255 255 180 255 207 255
    139 215 2 255 255 255 239 237 255 12 255 255 255 255 58 16 41 150 88
    255 8 255 255 255 94 249 255 147 255 176 187 225 10 255 168 255 137
    255 62 255 89 202 255 193 110 255 105 132 255 77 134 92 101 250 255
    255 255 255 116 255 255 255 255 123 142 255 30 49 230 203 174 255 78
    255 255 255 255 255 255 97 255 255 255 255 255 39 255 255 255 84 255
    225 255 255 43 134 52 132 255 175 255 154 94 255 255 255 255 68 215
    255 255 175 132 255 139 255 238 255 112 190 255 180 255 255 255 255
    255 255 78 20 255 255 255 251 255 193 180 255 96 255 8 141 255 16 26
    255 255 106 255 255 90 255 248 255 255 24 247 255 80 255 255 255 213
    0 208 255 255 10 175 255 255 255 59 58 255 95 255 255 148 255 82 255
    255 46 8 90 255 255 255 32 255 255 255 255 78 8 235 255 255 255 255
    255 185 255 255 255 250 255 255 255 6 255 255 255 255 74 255 255 255
    255 63 132 255 255 255 255 255 32 111 185 54 255 255 168 163 207 255
    255 255 2 255 170 132 255 255 255 28 255 166 46 255 66 12 61 204 189
    255 106 255 255 255 28 255 255 74 150 26 90 255 255 255 255 70 255
    255 240 108 93 52 255 255 60 143 255 255 102 255 252 255 255 255 50
    255 108 255 237 255 255 255 28 44 81 255 255 255 255 255 132 255 255
    255 255 255 32 218 255 255 90 153 160 255 255 255 255 255 243 120
    255 97 14 133 255 255 209 120 100 255 255 255 255 255 255 255 255 84
    179 34 222 6 255 194 255 255 255 98 241 78 255 255 255 255 255 32
    125 118 20 28 30 168 223 255 255 237 103 12 255 148 255 255 93 232
    255 225 144 123 93 255 255 255 16 255 91 255 123 255 188 255 255 255
    88 255 255 10 255 255 243 221 255 96 199 234 187 255 255 255 255 118
    52 255 255 255 221 255 255 237 74 193 136 206 255 255 182 145 114
    190 255 156 64 255 255 20 108 255 255 165 255 255 86 255 120 229 255
    255 109 255 224 255 255 162 167 255 255 106 251 194 255 255 255 135
    39 98 255 255 168 127 107 255 249 255 76 255 255 174 255 255 255 109
    187 54 255 128 58 82 55 54 153 195 255 6 4 255 30 229 146 44 255 255
    255 87 255 98 189 255 255 255 255 255 255 255 26 47 20 108 61 255
    255 255 255 215 255 255 76 176 255 255 176 208 255 255 158 76 255
    255 12 255 226 255 255 255 255 30 174 111 122 240 255 162 255 96 255
    255 255 247 255 255 183 255 145 225 54 217 255 118 255 255 255 241
    255 222 133 255 160 255 63 255 155 170 192 255 255 198 255 255 90 0
    255 255 255 255 78 255 255 228 153 251 255 20 191 194 62 255 86 255
    183 255 167 255 100 195 255 108 82 126 255 255 255 255 255 245 255
    255 255 255 4 69 255 219 211 6 219 255 104 255 255 255 255 255 196
    255 156 116 255 255 10 143 97 108 255 255 255 255 229 255 86 249 255
    157 249 255 255 255 255 219 107 255 157 37 255 255 53 255 255 199
    255 255 231 255 255 209 255 189 215 255 219 255 255 111 255 92 255
    255 80 255 168 255 255 209 70 253 255 255 133 255 18 102 255 255 255
    255 148 255 10 216 42 243 255 255 2 150 255 237 255 26 91 222 255 30
    124 179 180 255 175 49 255 225 255 255 255 24 255 255 77 138 233 95
    156 255 255 255 129 255 255 44 255 255 205 255 255 255 211 194 86
    229 24 233 93 255 147 134 255 255 255 114 22 255 255 167 255 54 255
    255 240 155 243 255 255 83 142 255 95 255 255 183 214 255 81 114 255
    255 255 135 142 255 241 59 168 239 79 154 255 255 168 191 255 50 255
    215 116 233 255 148 255 136 255 76 255 240 255 130 26 16 249 238 255
    255 255 32 255 255 34 255 255 255 255 56 46 255 255 209 255 255 229
    243 98 231 255 255 149 199 255 171 71 255 255 255 255 255 255 255
    255 255 56 153 255 228 24 255 255 34 195 108 255 255 106 255 0 236
    255 103 154 163 255 255 255 255 255 153 255 182 155 142 255 255 75
    146 255 255 168 255 160 108 131 255 255 8 255 200 255 255 255 255
    219 240 157 138 255 255 255 255 255 255 50 177 152 255 255 168 255
    255 255 255 119 154 255 255 255 255 84 124 146 255 227 74 219 30 228
    117 255 208 255 255 255 255 101 70 215 255 255 215 255 255 153 132 0
    173 140 255 255 255 255 94 255 8 213 97 255 255 61 255 88 255 102
    106 53 42 255 136 226 34 255 208 16 255 255 255 193 16 117 255 255
    185 255 255 255 191 255 119 255 22 255 93 252 167 255 88 255 255 124
    255 255 108 255 99 255 255 255 232 78 255 255 88 243 255 255 255 38
    255 116 128 68 225 54 12 255 255 76 237 124 255 45 255 104 255 218
    111 255 255 141 255 144 255 247 255 227 255 255 175 255 255 90 158
    255 46 255 255 255 197 255 2 255 255 255 255 102 255 215 255 255 255
    22 255 255 255 231 63 255 255 136 255 255 191 78 255 122 255 255 255
    40 255 255 16 255 255 255 137 187 76 255 156 255 175 255 255 255 255
    188 251 255 255 245 140 104 255 43 255 106 255 4 255 144 250 255 255
    60 64 233 122 255 255 255 227 255 255 249 255 134 193 249 255 255
    255 255 141 211 194 255 251 156 249 255 156 255 255 82 255 255 255
    255 255 255 175 116 255 255 255 255 255 116 64 255 32 168 253 187
    255 255 255 255 163 255 255 255 255 68 255 221 255 255 255 166 255
    255 255 255 255 0 157 255 255 90 255 255 141 255 255 255 255 132 165
    255 184 255 255 140 197 255 128 6 69 255 94 255 164 36 255 178 54
    185 12 255 255 255 2 199 4 255 255 255 113 255 255 255 107 255 247
    28 255 185 255 202 255 255 106 90 205 255 255 120 255 167 180 136
    159 18 102 255 255 255 255 229 66 255 255 255 92 255 216 62 255 255
    255 255 255 255 255 255 255 255 80 255 255 134 149 144 210 255 189
    172 255 39 255 225 255 82 243 239 255 145 255 255 84 255 255 255 255
    255 255 195 176 255 255 255 255 178 255 64 255 255 255 189 255 255
    227 255 131 255 6 46 103 50 20 172 255 96 4 255 197 255 255 255 22
    52 255 69 160 245 229 255 255 255 255 255 255 255 255 57 162 84 255
    6 169 16 48 60 255 255 255 255 255 255 255 255 66 170 255 255 91 172
    255 255 78 38 30 255 145 156 255 108 63 255 255 168 228 96 255 92
    255 73 134 255 209 60 255 107 255 74 255 152 207 255 255 42 255 255
    139 255 150 32 156 176 255 255 255 255 255 255 117 255 48 255 255
    164 255 251 255 98 205 255 155 255 255 255 37 255 255 231 255 255
    156 248 90 126 255 201 191 255 127 255 228 255 225 255 52 255 52 0
    255 255 117 160 255 18 32 200 125 255 255 133 199 255 255 140 255
    255 126 202 159 223 255 255 255 112 94 255 255 255 255 154 24 247
    250 219 255 4 255 255 255 255 255 255 255 34 255 255 118 120 92 255
    178 255 255 126 255 255 255 255 39 64 255 255 8 255 191 44 255 51
    156 255 255 255 255 158 176 60 185 200 255 255 194 88 136 218 106
    255 255 255 255 255 255 255 122 191 255 146 193 255 62 125 30 255
    255 227 174 255 37 255 255 255 154 255 255 100 159 255 255 239 255
    212 149 255 255 68 255 128 255 255 82 20 255 255 255 255 228 217 227
    2 173 156 198 255 255 255 255 215 76 98 255 182 139 101 170 163 231
    255 255 255 255 177 255 255 223 225 255 255 65 255 251 128 255 255
    136 255 255 255 248 149 37 44 255 255 255 219 255 255 133 255 224 22
    126 126 187 255 255 255 254 122 255 255 255 121 97 255 32 79 200 255
    255 104 165 255 255 207 255 255 255 255 88 255 255 255 135 187 110
    255 183 244 255 255 94 203 2 255 165 26 44 82 219 78 197 168 230 255
    255 42 175 255 255 255 211 255 255 87 186 207 12 112 104 255 255 255
    199 255 213 255 255 133 195 236 255 255 255 255 255 136 255 255 255
    255 255 86 255 255 255 255 39 64 171 255 176 8 10 255 255 255 255
    165 213 102 255 26 104 255 255 255 119 255 176 255 22 32 255 95 255
    255 255 92 255 69 255 255 255 255 255 255 255 255 255 8 255 122 255
    255 24 116 219 185 168 255 205 255 6 99 255 255 128 255 255 28 255
    70 255 140 175 255 76 255 255 255 127 134 255 255 107 168 255 255
    202 255 227 176 255 185 255 165 144 255 46 255 136 155 255 255 255
    255 122 255 255 255 255 255 255 169 6 255 255 73 255 129 255 236 255
    95 255 56 81 255 205 130 255 255 255 255 255 168 26 185 185 222 255
    255 255 249 255 255 247 61 222 255 89 26 233 120 255 255 255 116 227
    69 58 80 255 255 239 255 255 255 197 255 255 178 246 137 185 255 52
    255 255 255 255 248 215 93 52 102 255 52 153 255 255 255 180 130 76
    255 255 255 255 255 255 124 255 255 255 112 255 255 255 251 227 255
    255 83 255 255 239 28 255 0 8 255 255 52 255 174 150 10 251 118 255
    255 240 255 205 186 255 193 255 255 233 4 241 77 24 255 32 138 255
    91 82 159 154 108 88 235 102 127 83 255 211 255 255 255 122 255 131
    255 38 255 255 232 207 241 255 255 255 255 30 51 255 255 195 255 243
    209 202 62 170 234 255 63 22 173 116 255 255 87 126 255 83 48 255
    255 134 109 219 255 255 255 255 255 79 184 145 255 156 255 255 66
    141 255 118 86 255 230 255 255 144 255 61 255 255 255 255 255 180
    134 106 199 255 56 254 14 255 255 255 255 43 255 255 61 114 255 255
    255 255 221 255 255 255 6 187 255 22 104 255 255 255 189 182 195 203
    228 255 245 116 2 255 14 255 91 255 129 255 255 247 209 255 38 245
    255 8 176 255 255 24 255 56 183 255 102 255 255 78 103 148 253 255
    255 255 255 255 98 83 255 255 118 96 96 89 255 255 162 158 245 150
    60 102 20 130 86 255 255 207 255 255 255 26 148 147 255 224 90 255
    34 52 255 192 219 255 255 231 107 255 255 255 146 225 255 18 191 170
    104 141 255 56 255 255 58 143 227 100 255 255 255 12 97 255 141 255
    122 54 197 255 255 132 190 255 255 255 255 255 255 22 138 255 46 221
    230 213 255 255 255 255 255 255 187 255 255 180 8 163 124 124 255 91
    255 255 229 110 16 55 220 255 154 255 247 255 136 157 43 255 255 195
    92 185 255 255 203 255 255 255 255 255 255 112 38 255 120 255 255
    150 74 255 124 56 255 107 114 255 254 255 32 91 150 255 16 202 181
    37 255 255 255 104 255 255 98 28 255 184 255 71 16 86 215 94 197 255
    232 195 12 120 255 225 255 66 255 24 227 255 80 104 255 255 255 255
    255 201 174 166 167 255 204 255 255 252 255 255 32 231 255 255 255
    255 104 255 215 220 239 85 255 32 255 255 48 255 255 255 217 186 255
    213 255 255 120 52 255 99 255 14 207 162 125 71 154 255 255 255 40
    245 255 255 247 216 165 255 255 115 255 64 219 225 255 36 255 4 169
    20 255 18 255 214 131 255 255 255 95 200 14 255 16 104 18 156 255
    255 28 46 255 255 255 219 255 32 255 255 6 142 255 255 255 255 255
    255 255 255 255 255 255 197 140 92 255 96 255 255 186 255 81 255 243
    255 246 169 178 255 255 255 255 177 255 0 20 255 255 255 255 255 38
    255 255 111 189 255 255 255 66 255 255 112 119 255 144 255 10 255
    255 65 255 183 41 255 255 255 82 133 203 255 54 235 14 139 255 255
    141 47 52 40 255 255 255 49 255 255 255 255 255 148 60 245 249 10 76
    255 255 255 136 255 255 255 64 255 215 255 48 20 255 129 255 255 255
    185 255 255 91 255 255 170 255 123 255 255 16 255 194 94 132 255 255
    172 118 108 95 96 201 255 255 255 255 94 86 4 88 255 255 255 221 255
    255 255 203 255 255 39 255 203 255 255 44 22 96 255 255 255 50 18
    255 243 255 255 255 255 230 255 120 255 255 255 38 86 255 255 255
    255 120 255 164 255 191 164 255 255 124 255 255 255 255 255 255 255
    255 180 255 113 255 255 255 73 10 245 255 255 98 255 255 255 8 255
    76 255 255 72 14 255 255 199 50 255 255 255 195 255 62 26 193 255
    165 255 110 255 118 255 14 243 228 181 255 255 163 255 255 255 255
    255 167 255 255 255 112 140 195 255 255 68 122 156 255 154 230 36 69
    18 22 209 104 255 114 255 233 8 102 255 255 68 247 255 96 255 24 206
    255 160 255 189 45 255 187 154 22 255 197 28 100 255 255 255 239 172
    255 255 255 255 255 146 70 255 255 237 255 44 82 255 84 255 255 255
    121 255 255 255 255 255 255 16 14 133 28 116 255 14 255 46 255 255
    151 255 250 255 255 250 48 45 250 255 255 255 34 255 130 255 4 240
    255 229 255 109 166 255 255 255 146 255 255 38 24 160 32 255 239 255
    137 255 118 235 24 255 199 255 255 157 75 255 255 140 255 255 255 6
    255 255 255 255 89 255 115 73 72 255 255 0 72 193 255 255 255 42 129
    255 255 255 61 236 255 197 255 255 107 255 255 255 52 255 255 134 70
    239 242 255 120 52 255 229 64 30 213 255 255 255 255 70 255 255 203
    255 255 255 255 255 253 239 152 88 255 255 255 203 255 255 255 64
    255 255 30 255 37 255 255 255 124 237 255 174 123 150 46 185 255 182
    255 158 255 66 255 162 249 130 210 135 255 255 137 255 255 64 91 255
    255 255 255 255 255 70 255 183 184 255 93 168 181 255 255 255 255
    255 255 255 255 22 255 255 255 221 255 255 116 255 255 53 255 106
    255 10 64 112 182 221 10 255 183 110 64 6 178 255 255 255 120 64 247
    12 80 255 178 243 183 210 14 107 255 155 255 255 235 57 146 119 26
    46 255 229 202 255 255 255 255 126 255 44 243 134 129 20 68 255 142
    255 255 255 180 255 199 248 137 203 255 48 255 255 255 93 10 255 203
    160 255 16 255 255 255 255 127 20 156 171 8 255 26 6 255 0 213 232
    104 255 200 255 255 234 255 138 255 8 255 90 255 89 10 255 255 255
    255 150 255 54 47 255 251 255 48 117 164 255 255 255 255 255 255 255
    255 255 56 255 255 255 255 255 255 255 255 255 255 22 190 237 255 4
    64 255 140 255 105 150 38 255 255 255 255 2 255 255 255 255 105 255
    123 255 64 255 65 255 255 255 72 201 245 204 0 255 255 143 255 98
    179 255 24 255 255 122 255 255 122 183 110 174 255 201 255 40 150
    254 255 185 192 223 83 60 255 255 255 104 14 255 155 255 188 18 255
    52 255 255 255 151 255 100 255 255 255 133 26 255 255 73 78 255 191
    232 221 255 112 26 255 255 255 255 255 255 255 255 255 254 255 255
    20 255 255 255 255 255 239 255 58 30 142 253 235 90 255 255 255 255
    255 255 255 227 118 255 255 224 60 255 78 219 255 255 133 255 70 255
    255 206 255 152 22 255 255 255 255 255 16 255 193 255 94 255 182 163
    183 202 255 193 255 255 255 255 70 166 255 125 255 222 223 255 255
    255 144 255 255 255 255 28 20 192 123 152 24 255 168 224 255 255 255
    255 255 118 221 255 210 255 81 230 255 219 255 181 255 255 255 255
    255 207 255 82 185 185 168 253 49 184 255 170 238 64 255 255 48 255
    84 255 180 32 255 255 210 255 185 232 165 255 255 60 255 255 115 255
    255 255 255 255 177 255 255 10 255 236 64 255 150 255 255 255 255 45
    142 161 47 206 255 255 255 255 254 255 255 255 36 66 255 66 255 49
    32 255 255 255 113 255 255 237 255 152 221 255 214 40 146 255 46 107
    224 255 255 240 255 203 255 255 255 255 255 221 255 255 255 255 195
    255 255 255 49 255 255 55 255 255 255 255 255 255 255 255 255 255 30
    178 34 255 255 255 32 4 20 255 255 255 157 255 82 255 136 124 38 156
    255 255 247 156 255 255 255 227 255 255 255 59 255 255 255 255 255
    255 255 255 255 255 255 2 255 125 255 52 201 255 255 86 255 40 255
    207 255 255 43 192 151 255 198 84 255 96 255 241 164 46 130 232 155
    126 255 255 199 240 22 255 255 255 162 162 255 255 22 255 110 255
    255 193 255 76 43 255 100 243 120 255 255 255 163 255 34 78 219 255
    255 148 255 255 81 48 255 79 134 181 255 255 2 243 174 195 255 255
    123 255 218 157 63 58 255 32 220 106 255 255 255 142 10 255 77 255
    159 255 255 255 199 255 145 255 255 247 176 255 255 255 168 241 255
    92 247 255 255 247 245 134 129 251 255 60 255 198 255 255 234 255
    255 255 255 255 2 54 255 255 255 255 255 255 255 114 255 255 4 255
    255 255 255 79 236 48 223 100 56 55 68 14 205 14 255 235 184 78 255
    255 135 73 108 46 255 62 34 110 255 125 178 200 197 255 255 255 45
    206 255 176 255 255 255 255 255 255 176 52 81 50 137 237 255 255 255
    174 255 43 255 255 255 255 100 255 96 255 4 168 229 255 255 42 255
    255 255 255 68 203 255 128 12 255 180 255 255 255 255 16 255 111 255
    110 255 255 236 255 6 255 255 199 255 255 172 255 48 93 246 255 12
    255 211 93 122 255 255 255 255 69 94 215 255 255 255 255 255 255 255
    255 243 255 255 28 174 255 201 8 255 84 16 60 147 99 26 26 18 255
    255 255 202 203 79 192 255 32 255 255 79 182 255 255 160 255 251 190
    255 203 124 255 93 255 255 20 255 255 255 255 255 255 196 255 255
    255 255 255 128 119 255 255 12 255 255 255 255 182 38 255 255 50 255
    255 255 156 255 80 255 255 255 235 255 100 255 255 106 148 255 139
    93 126 100 255 126 88 95 255 255 164 178 189 255 230 46 255 66 239
    14 142 199 20 255 255 255 255 255 110 255 225 130 255 255 71 146 255
    255 58 48 255 255 255 130 255 255 255 66 239 255 255 255 162 255 255
    193 255 141 152 58 207 255 255 201 150 255 255 79 255 255 255 255
    237 255 255 2 79 255 255 118 255 255 255 16 203 41 255 255 114 255
    255 209 255 255 191 102 92 255 22 255 59 255 245 34 44 255 185 192
    111 195 180 255 255 180 255 255 158 245 255 216 255 221 255 0 255
    255 6 255 255 129 255 255 241 255 255 197 255 116 255 77 54 255 255
    160 255 0 12 219 255 0 255 255 218 34 93 100 255 213 88 209 255 255
    255 146 62 70 255 124 54 255 184 255 73 255 255 237 255 209 61 255
    68 255 255 239 16 100 255 24 108 155 255 32 98 255 255 123 34 190
    255 255 255 255 61 218 255 59 242 255 195 112 207 255 74 111 255 255
    181 255 255 255 237 255 175 255 255 255 120 255 8 136 80 255 81 54
    34 170 255 255 255 144 255 255 255 34 255 202 86 255 254 255 255 255
    217 47 255 217 243 255 255 255 28 255 255 52 0 255 255 239 255 240
    255 255 255 229 75 86 88 93 138 70 255 255 113 146 160 20 255 80 255
    103 2 90 213 42 255 229 255 255 255 48 255 255 218 255 178 255 243
    87 255 4 255 255 245 255 94 84 255 255 255 22 36 163 225 64 18 255
    255 255 255 255 255 91 255 151 255 255 6 255 255 255 201 255 255 255
    255 113 255 255 139 91 194 255 255 146 255 221 224 115 118 254 255
    150 255 255 255 208 255 176 136 76 255 255 133 255 184 255 239 250
    207 59 62 255 255 254 255 185 255 225 28 255 48 152 34 66 255 255
    191 193 255 98 255 36 255 128 255 169 6 255 255 81 255 88 255 255
    255 255 255 221 4 255 98 213 255 102 255 188 255 255 30 255 255 255
    125 205 255 255 255 170 183 255 255 255 255 255 255 255 255 255 255
    230 197 26 230 255 255 6 209 53 60 38 203 255 255 255 150 221 14 255
    255 28 255 255 255 255 211 255 255 255 255 255 109 255 148 225 255
    140 46 144 170 255 14 254 255 227 255 255 255 255 255 255 255 255
    130 108 50 4 134 255 213 255 96 255 80 181 255 124 28 32 255 255 255
    52 235 255 255 255 201 255 255 255 72 255 118 255 255 16 255 16 20
    18 255 75 126 255 146 255 255 255 255 183 53 255 115 193 255 255 255
    182 255 112 128 135 255 156 221 255 236 255 255 255 255 6 255 211
    207 255 139 255 252 255 105 84 78 255 255 255 4 200 141 205 255 127
    174 255 64 255 254 255 255 255 38 183 220 18 126 255 241 180 250 255
    47 255 28 255 86 24 255 255 255 255 42 2 255 136 177 255 255 255 219
    255 143 255 255 106 255 120 215 255 210 251 255 255 121 255 70 38
    213 246 255 221 120 255 255 134 255 255 246 169 255 255 249 172 255
    223 97 52 255 255 18 255 255 128 205 255 110 26 43 255 255 255 208
    215 255 182 219 93 255 255 47 255 255 185 255 10 255 214 255 205 186
    255 231 8 46 154 174 109 235 255 255 255 68 255 77 255 223 255 255
    255 255 255 237 255 228 255 255 158 255 255 255 255 247 116 88 255
    250 255 255 148 255 255 0 223 255 100 62 245 250 255 93 208 255 255
    136 109 162 255 4 47 108 255 255 255 255 255 255 255 201 255 245 255
    84 255 189 255 86 255 255 106 255 255 255 255 255 255 217 255 60 128
    152 197 32 255 46 255 255 255 255 255 117 41 255 131 65 124 30 51
    255 159 57 212 255 83 14 255 255 32 255 255 255 84 197 4 255 180 255
    217 118 255 169 255 236 255 255 255 209 154 255 255 32 255 255 231
    82 255 255 182 52 79 255 255 255 78 255 255 190 215 255 255 237 132
    32 207 255 118 255 176 136 72 255 255 251 110 120 255 255 76 255 255
    142 169 255 255 255 24 46 255 255 128 255 110 255 255 172 124 255 75
    255 255 120 255 255 255 16 159 255 255 52 183 255 255 255 142 255
    193 138 62 37 255 255 255 255 193 6 182 255 120 255 90 12 90 221 12
    255 12 255 158 221 233 255 255 79 255 255 255 255 255 37 124 151 255
    98 255 32 2 255 197 88 161 49 138 111 156 255 36 255 172 255 255 255
    255 14 255 201 116 255 255 28 220 255 255 190 111 255 54 255 81 255
    125 255 108 255 174 255 255 158 198 255 14 228 255 255 255 247 255
    210 255 255 255 223 61 164 255 203 255 74 85 172 255 255 255 255 255
    255 108 174 56 40 255 210 255 255 255 121 255 74 255 132 255 255 255
    255 42 241 255 255 75 255 219 255 255 64 152 194 106 255 238 151 59
    255 205 255 166 255 63 255 193 255 255 111 255 78 2 255 255 255 255
    104 255 255 0 255 97 255 255 189 144 255 166 255 255 255 132 165 77
    255 255 22 92 10 229 255 251 14 255 215 255 255 255 217 255 189 255
    214 143 255 132 255 118 255 237 235 100 255 55 196 255 255 255 56
    255 255 255 158 244 98 255 120 123 51 255 255 255 255 12 95 98 255
    255 255 125 61 54 255 61 255 255 255 86 191 255 255 255 144 190 255
    47 255 255 255 10 255 255 255 255 134 190 255 142 255 86 255 198 255
    59 255 255 255 28 255 79 22 255 49 255 255 164 255 255 255 255 255
    32 255 173 255 240 255 34 255 18 43 106 56 114 114 251 77 255 151 99
    30 255 255 244 169 255 206 113 185 255 255 122 208 60 255 220 255
    203 255 255 255 230 98 65 255 255 255 54 193 63 156 227 255 255 84
    245 255 48 255 150 255 255 255 255 101 124 18 255 136 4 255 255 255
    0 255 213 255 232 255 255 164 44 255 46 8 45 255 255 34 190 255 255
    178 108 255 162 255 255 255 255 28 174 255 255 218 205 45 96 255 2
    254 106 24 128 2 255 70 217 255 224 255 191 178 255 255 98 255 255
    255 193 255 255 255 255 118 127 255 255 255 233 44 98 180 90 241 170
    255 46 255 255 255 144 244 255 34 255 221 91 52 255 255 255 34 203
    18 255 168 255 255 255 40 255 32 255 255 255 255 255 160 255 255 132
    255 255 255 255 8 164 255 255 162 255 145 178 2 255 255 255 255 93
    50 255 189 255 181 255 255 255 41 255 68 255 74 159 255 116 255 136
    14 255 93 255 255 255 255 177 255 255 255 227 184 255 231 240 227
    255 202 255 79 158 213 255 212 64 110 86 18 110 255 255 255 255 157
    12 54 221 255 158 52 255 255 94 199 158 255 255 255 255 255 62 175
    255 255 255 241 255 255 130 254 255 255 152 211 255 255 255 118 255
    179 53 255 255 71 218 60 255 255 255 255 190 255 55 255 94 255 255
    239 231 134 255 75 255 175 22 255 255 255 92 241 93 90 255 146 255
    255 43 4 153 75 255 255 34 255 203 148 32 117 0 36 255 138 255 52 75
    255 255 255 238 255 255 255 255 255 102 255 164 255 255 251 255 70
    255 255 255 24 255 255 255 82 82 255 46 12 30 170 255 87 255 255 34
    148 225 150 255 141 134 255 255 255 78 86 41 72 255 105 246 86 101
    255 255 18 0 54 8 255 255 255 255 24 77 106 255 99 255 197 255 255
    20 255 255 255 53 62 255 30 255 255 255 152 245 255 22 205 231 146
    113 255 255 255 255 240 223 199 66 255 79 255 255 227 255 16 229 42
    133 201 255 50 174 255 88 255 232 231 191 255 255 255 86 88 255 240
    102 255 255 10 69 255 221 255 255 255 255 255 255 22 196 255 255 255
    231 255 255 60 255 255 255 152 255 255 209 44 255 53 250 163 255 255
    255 28 108 249 223 176 189 160 94 185 213 255 255 255 255 111 152
    255 131 87 66 255 255 255 127 187 24 225 255 255 197 255 255 237 255
    255 255 255 255 243 65 255 255 255 184 255 255 244 255 158 255 255
    134 255 255 255 30 225 255 255 78 255 255 255 255 255 255 83 255 249
    103 148 255 101 22 111 255 80 233 255 32 177 255 255 255 255 110 255
    255 255 255 150 255 249 225 255 72 255 80 255 229 255 167 132 140
    175 227 255 227 255 52 241 185 255 219 120 124 2 255 12 24 79 255
    255 255 244 32 255 255 255 140 142 255 152 255 18 255 164 96 255 94
    255 158 108 32 255 255 173 255 174 18 255 120 149 95 255 52 128 255
    255 255 255 255 251 104 255 255 255 255 122 198 56 255 144 255 255
    188 219 255 86 42 255 160 255 81 188 255 255 255 255 255 255 255 107
    255 255 18 255 56 255 255 0 183 255 255 255 255 255 8 255 255 91 255
    255 255 255 255 255 255 36 255 255 255 255 100 42 201 255 255 83 255
    255 229 172 255 47 255 255 160 54 255 255 255 72 255 255 255 255 255
    255 255 255 255 255 255 255 255 192 211 255 255 255 193 208 255 255
    255 255 255 158 255 39 254 255 136 208 255 255 244 255 195 255 90 30
    255 82 255 255 255 75 10 255 170 64 177 247 255 255 255 40 255 255
    255 60 162 255 255 255 208 255 221 255 48 77 255 167 65 255 255 255
    255 64 77 255 24 255 255 255 255 255 249 4 150 255 255 188 255 227
    140 255 255 255 255 255 72 255 255 250 70 255 238 255 205 120 187
    255 218 115 255 255 177 71 158 255 255 36 26 136 255 86 14 255 255
    20 255 255 255 255 255 105 255 255 255 255 98 249 255 255 255 255
    169 81 255 30 4 255 108 101 186 255 254 255 255 255 196 255 255 255
    237 255 158 215 47 4 255 156 255 255 124 44 255 255 255 92 255 255
    255 255 158 255 20 58 255 255 255 255 255 255 123 20 190 74 255 255
    127 255 255 151 255 255 22 255 255 255 255 255 255 255 96 205 255
    144 205 164 226 2 255 196 255 255 166 167 255 255 255 255 255 255
    255 20 64 120 196 255 255 70 6 57 172 255 255 120 255 10 24 255 140
    84 28 255 255 255 24 255 255 255 255 181 219 255 255 164 146 255 255
    82 177 130 126 213 235 56 255 255 255 255 87 255 104 255 56 219 255
    255 48 160 224 255 255 255 255 255 22 191 255 255 14 255 46 255 126
    255 233 71 255 171 255 116 255 255 206 115 142 255 255 255 255 255
    130 238 255 174 202 197 255 255 157 255 255 26 101 184 36 255 255 50
    255 255 255 28 255 255 187 255 255 219 255 255 255 255 255 255 72
    255 130 4 255 255 255 157 255 255 113 201 214 24 73 8 58 166 255 96
    255 188 255 255 255 10 189 32 255 255 255 16 255 255 137 255 196 44
    146 132 255 233 255 229 201 72 6 164 255 177 255 255 153 199 255 255
    229 34 255 130 128 255 255 255 54 255 154 143 215 255 38 255 194 255
    249 255 255 254 34 255 235 40 199 12 124 255 20 82 173 79 224 171
    144 255 255 255 255 96 152 44 12 255 10 231 255 255 255 20 255 30
    255 255 255 83 190 54 47 132 239 225 96 225 237 255 255 43 136 147
    101 10 209 55 196 255 223 255 157 138 255 227 85 255 255 221 196 255
    51 255 255 235 198 215 235 255 70 110 32 255 255 190 133 255 255 247
    103 255 255 168 90 255 203 70 26 154 255 80 255 96 255 255 46 247 47
    255</data></your_img>
</opencv_storage>
