<?xml version="1.0"?>
<opencv_storage>
<L2_diff>3.3931970175632300e+03</L2_diff>
<test_img type_id="opencv-matrix">
  <rows>100</rows>
  <cols>100</cols>
  <dt>"3u"</dt>
  <data>
    5 204 87 250 121 113 165 68 212 67 226 192 123 231 206 92 209 143
    233 125 60 220 43 116 219 62 191 76 165 102 83 5 24 23 251 218 245
    75 207 155 115 45 29 30 95 165 27 164 146 235 156 241 50 20 76 39 65
    247 97 71 8 58 140 163 144 240 27 235 159 108 39 79 23 3 170 253 115
    206 64 255 117 11 167 52 69 173 69 201 70 80 196 125 154 138 29 41
    192 73 156 205 242 237 190 198 231 49 106 95 105 116 5 156 126 167
    152 238 101 47 10 58 20 223 243 157 168 175 255 248 202 48 110 46 80
    95 87 16 121 231 251 142 226 133 250 62 96 16 213 196 119 13 90 90
    24 176 225 177 25 197 111 39 237 11 60 41 246 40 134 130 228 28 155
    135 25 150 233 194 153 95 210 157 70 115 217 0 45 115 87 231 69 196
    218 203 74 89 195 149 187 130 13 212 209 191 84 103 44 233 141 73 96
    207 190 38 4 234 153 157 255 32 17 74 131 7 3 68 244 226 21 221 221
    255 158 149 105 103 239 58 252 184 69 158 189 49 109 4 250 195 125
    85 137 54 132 104 58 29 223 172 17 136 164 207 195 213 221 88 65 144
    172 142 152 173 178 28 89 15 223 186 184 55 97 170 62 177 214 235 61
    68 104 144 41 162 43 190 60 244 137 121 191 25 4 12 9 155 250 225
    243 123 156 168 199 138 251 221 151 184 248 132 31 64 133 237 175 93
    147 31 163 59 97 181 155 241 151 99 237 123 102 243 60 89 212 155
    200 60 153 54 206 3 210 176 195 199 80 212 100 114 220 68 114 247 87
    197 41 92 245 81 79 137 174 59 117 230 213 117 161 27 37 155 197 187
    5 160 157 225 195 27 91 180 182 14 17 223 51 224 9 237 189 60 243
    128 182 184 92 10 179 41 227 132 194 61 25 191 73 103 121 221 210 8
    246 117 210 0 120 51 239 203 18 129 147 99 83 57 221 231 26 227 203
    127 177 165 7 203 137 20 220 157 75 118 34 209 14 234 160 220 136
    185 11 205 2 91 159 201 6 117 191 156 158 48 186 137 76 73 245 0 44
    186 47 20 118 37 158 176 132 84 71 170 177 72 57 148 56 141 7 242 12
    94 108 240 196 142 65 252 114 226 37 32 124 230 184 6 250 157 11 188
    38 163 150 237 33 226 173 53 84 90 193 219 231 192 53 42 33 151 165
    133 185 48 247 147 22 244 159 22 35 37 138 174 241 138 79 95 233 171
    102 206 38 122 65 39 36 9 76 130 10 110 110 196 93 22 174 163 103
    116 209 14 219 141 68 160 153 207 204 228 69 95 89 14 186 119 47 71
    27 189 215 215 66 112 59 211 94 89 72 158 197 185 90 4 80 184 90 106
    26 27 187 28 10 85 82 189 206 143 108 245 238 234 34 61 70 39 199 50
    146 145 122 181 103 166 64 241 106 1 53 216 150 105 166 228 235 3
    232 102 225 219 34 59 127 216 141 66 109 251 220 252 164 221 57 14
    47 196 137 79 76 107 156 63 178 188 111 78 0 125 211 99 164 140 169
    190 42 131 44 225 95 211 175 178 216 222 87 224 154 207 10 131 80 86
    39 109 153 58 173 182 128 151 237 45 18 119 131 166 181 38 38 66 49
    24 121 214 100 59 74 225 29 104 116 207 24 250 105 176 180 47 239
    116 164 209 40 217 184 70 107 45 86 59 103 188 215 190 47 94 44 65
    70 26 201 34 28 55 113 167 126 105 91 36 243 251 190 109 64 95 243
    176 8 169 131 226 239 70 18 200 30 212 157 186 202 33 151 88 107 138
    165 157 97 33 60 59 156 55 0 89 37 107 88 152 205 189 76 177 128 17
    148 123 89 109 251 16 174 186 216 125 44 91 242 75 150 177 150 58 53
    136 31 222 219 78 195 244 50 81 106 126 26 81 53 102 191 132 110 60
    177 1 197 47 23 139 130 42 128 1 223 213 80 140 3 32 51 105 123 118
    46 50 25 197 234 163 154 205 52 27 37 155 108 227 36 66 186 2 106 7
    64 38 28 101 25 199 212 70 19 192 129 166 98 132 181 159 63 254 221
    148 42 175 94 222 42 0 34 169 169 8 93 83 144 130 149 185 41 142 155
    3 173 50 27 180 39 120 187 161 252 183 9 217 242 75 97 64 12 181 48
    23 229 232 76 42 75 149 233 163 214 208 85 74 226 200 185 106 4 201
    164 171 197 205 166 45 99 91 4 108 235 191 36 121 146 87 59 61 137
    122 150 201 122 106 91 44 126 7 65 61 187 143 117 157 67 24 152 95
    180 187 128 6 243 243 156 247 134 210 147 213 250 102 71 62 127 127
    228 118 51 212 237 226 187 206 49 234 49 250 247 76 12 246 153 212
    165 137 193 79 241 249 142 123 62 51 228 101 138 20 206 94 156 119
    194 134 98 29 45 99 177 205 235 255 217 190 124 166 199 44 64 230
    196 198 61 62 232 189 202 251 230 100 207 245 66 163 227 102 118 173
    162 24 152 104 63 67 139 143 56 59 96 112 35 108 163 248 228 206 201
    218 18 34 28 82 112 247 221 188 18 144 139 235 25 98 190 199 4 6 240
    173 81 172 97 186 90 165 14 150 151 8 103 28 190 18 5 235 22 14 191
    236 47 42 58 205 23 135 186 81 122 85 51 161 40 116 86 174 93 166
    117 48 226 97 224 21 178 49 58 214 117 144 130 159 233 78 127 109
    227 42 130 64 1 231 182 187 147 123 71 32 41 87 201 110 101 128 246
    122 202 141 145 253 129 230 119 61 81 174 117 108 193 129 140 88 84
    144 86 27 209 41 188 197 220 21 119 90 232 44 254 214 139 60 29 214
    168 149 62 10 63 39 75 254 206 15 141 185 240 12 233 54 48 234 25
    168 1 19 163 237 81 219 249 160 164 181 242 64 163 108 47 149 48 124
    245 13 129 75 24 27 41 27 110 14 53 41 43 166 15 88 168 184 105 50
    117 37 71 97 250 155 241 16 50 200 156 9 18 105 71 198 241 83 44 177
    123 192 198 240 147 229 70 118 69 249 53 218 77 99 46 8 49 249 195
    29 178 165 3 198 25 135 227 120 255 129 77 237 153 10 72 185 202 108
    174 210 145 8 68 216 124 140 244 33 142 229 28 106 246 49 198 128 39
    90 128 175 132 125 89 242 249 190 180 128 26 116 51 15 76 142 29 189
    252 142 160 132 33 127 248 76 161 27 154 220 96 33 247 69 201 87 27
    90 18 228 83 174 85 171 72 40 90 255 15 216 246 38 150 206 129 166
    253 218 168 0 96 95 2 241 180 151 61 206 63 130 20 127 95 47 171 194
    25 236 157 249 78 237 101 225 51 58 1 33 43 140 173 88 34 119 146
    218 33 226 38 197 77 154 10 47 234 73 55 64 110 76 242 241 89 252 92
    196 191 232 189 221 198 167 216 39 187 0 25 72 146 24 235 248 116
    126 135 101 125 46 31 205 2 142 105 253 36 81 113 97 254 23 103 110
    29 17 78 132 117 23 221 20 140 140 204 238 172 250 6 185 152 151 27
    37 20 71 136 96 201 109 183 122 151 240 177 212 222 223 38 19 210
    163 250 189 13 3 101 44 99 254 140 220 219 17 76 209 3 150 164 250
    27 137 35 14 218 76 27 36 142 59 37 31 175 160 113 248 189 187 216
    214 31 4 128 113 138 78 144 204 204 141 8 62 181 224 189 6 139 107 3
    146 115 145 119 44 1 159 207 186 146 112 247 218 26 63 72 23 173 113
    245 100 173 24 179 132 87 163 3 126 183 97 102 79 8 80 5 128 227 15
    31 205 59 64 93 83 178 52 233 14 97 223 33 125 255 216 9 252 26 227
    101 143 41 223 155 8 41 200 136 203 122 206 47 219 18 38 28 210 74 8
    205 186 252 59 44 28 154 172 21 205 233 31 208 41 252 32 175 119 39
    183 40 205 224 134 19 17 146 34 254 47 199 244 200 41 95 152 5 140
    117 182 10 82 186 118 141 31 102 66 197 167 5 229 20 28 248 131 77 4
    143 65 83 250 43 5 248 167 133 119 3 90 57 246 247 191 176 78 56 139
    177 225 24 206 220 72 208 53 23 15 79 124 143 149 196 160 192 130 64
    28 246 154 59 214 20 173 48 249 114 72 128 86 130 197 185 50 76 174
    130 177 165 185 102 46 33 156 139 189 93 221 242 245 145 202 200 208
    7 41 93 14 179 133 176 65 57 64 148 49 154 210 90 138 229 172 247
    186 215 141 14 0 45 234 162 134 197 169 13 124 187 249 57 67 32 6 40
    33 116 108 255 136 36 20 158 81 84 18 172 171 69 140 160 113 54 93
    248 137 119 48 57 30 114 173 13 7 44 191 248 204 214 122 80 230 17
    72 19 112 146 97 37 233 159 179 205 111 33 114 182 8 45 45 205 95
    151 17 2 213 55 145 241 23 27 176 175 45 114 68 212 79 247 68 30 169
    19 157 12 222 109 174 232 64 111 42 177 224 175 16 151 130 120 151
    78 2 141 0 208 128 122 65 70 53 82 34 0 10 137 77 30 135 128 157 148
    213 215 118 61 22 46 164 97 249 167 64 49 141 20 114 218 50 41 221
    124 114 140 180 206 24 189 128 94 101 193 129 11 96 186 90 108 124
    244 102 58 164 57 40 204 46 223 218 207 5 143 81 127 98 169 96 208
    197 12 220 159 48 235 20 30 63 129 153 63 22 32 167 204 114 55 6 19
    215 211 49 1 1 39 58 205 251 121 194 19 76 251 140 238 164 127 141
    97 213 12 147 184 137 26 185 242 96 44 49 3 234 70 20 251 119 176
    229 204 120 185 249 124 111 229 179 31 209 192 66 70 247 122 89 153
    12 99 247 102 240 41 160 69 11 154 98 222 104 171 165 165 151 127 0
    80 206 226 38 160 185 208 128 249 120 5 148 192 29 48 96 78 93 44 63
    236 60 73 131 247 67 194 78 123 161 247 180 236 145 195 6 155 170
    162 29 42 189 8 59 105 141 145 9 88 54 117 103 243 134 135 7 2 105
    155 182 19 8 121 10 92 110 154 76 65 187 129 9 23 6 195 225 231 41
    218 13 66 204 127 219 56 71 168 64 110 151 191 53 184 123 208 67 212
    230 99 44 173 194 25 206 33 71 233 174 244 134 153 76 132 237 216
    156 79 5 23 162 62 190 125 170 240 215 235 199 147 70 28 77 81 148
    112 122 83 154 118 148 255 128 120 131 22 79 80 19 88 227 159 21 74
    126 140 242 215 203 129 167 38 68 3 26 180 146 68 127 235 241 238 16
    105 69 34 189 208 252 112 129 248 87 198 46 124 217 81 235 248 44 45
    171 142 56 97 93 116 69 155 95 95 224 5 154 49 152 22 230 78 185 39
    59 15 67 135 181 195 140 69 168 24 228 43 180 132 59 1 8 161 128 67
    254 88 118 195 176 6 1 159 212 94 123 126 135 13 218 246 110 145 159
    142 144 148 235 144 245 98 101 93 136 182 13 26 67 17 41 88 230 81 8
    148 235 193 22 77 214 42 67 192 164 144 155 161 208 190 207 171 13
    156 206 30 244 234 57 192 120 81 11 56 235 74 226 151 146 165 253
    191 186 193 38 89 92 193 97 15 76 192 175 115 75 105 217 125 57 5
    218 255 107 6 154 73 224 47 239 164 89 238 90 0 135 71 145 173 176
    45 231 88 17 144 82 70 54 43 85 239 50 247 132 127 93 194 45 148 41
    241 126 228 122 75 0 165 7 174 204 47 77 165 5 65 118 90 114 45 74
    188 138 209 63 1 132 8 19 178 86 131 187 74 47 235 245 189 32 133
    151 54 24 216 123 53 80 6 64 158 162 102 126 50 108 221 243 165 73
    94 178 24 146 63 82 126 126 218 172 234 157 55 192 82 32 114 56 60
    114 136 117 148 51 2 207 126 136 109 115 132 114 207 77 255 53 206
    193 13 244 36 238 138 80 245 250 10 71 159 20 224 109 131 133 191 82
    191 40 230 121 242 122 254 35 186 137 63 249 235 191 107 134 170 164
    245 191 21 215 117 54 14 5 24 179 250 64 38 76 220 212 208 159 106
    78 117 204 145 238 247 240 152 168 228 62 74 55 53 137 210 220 168
    120 241 92 185 80 146 74 127 162 150 238 4 171 74 224 242 58 102 128
    70 194 215 87 172 124 75 250 0 39 172 155 47 160 133 51 54 192 176
    58 27 153 124 116 118 46 162 202 168 254 76 210 224 51 84 45 194 79
    104 229 23 239 157 9 150 22 192 112 17 69 122 152 111 70 1 34 83 225
    118 67 242 141 46 152 23 0 176 146 189 173 36 172 136 178 96 80 63
    185 55 223 78 45 67 49 147 47 204 117 57 251 81 221 34 212 156 214
    127 167 37 3 23 185 156 191 165 97 105 239 114 228 74 180 154 96 124
    145 129 133 242 108 132 157 237 106 82 30 84 30 164 143 225 4 55 8
    33 194 178 79 188 173 36 4 59 101 43 135 61 84 97 37 108 99 119 111
    61 49 240 193 51 197 134 24 213 33 36 191 3 83 178 51 187 187 40 10
    156 51 87 179 233 81 155 151 240 47 254 138 154 176 139 153 200 28
    111 49 173 207 149 80 28 229 172 248 82 220 99 99 232 97 109 25 135
    228 155 131 224 100 88 139 106 44 54 243 134 220 128 152 175 34 35
    203 46 160 188 42 162 97 158 93 117 198 64 8 89 156 218 232 221 81
    232 92 250 24 236 151 48 184 127 236 242 23 90 8 208 206 171 100 186
    220 249 204 215 234 131 133 4 32 166 20 199 166 83 79 169 132 194 89
    113 55 106 101 134 135 112 125 81 31 32 247 172 158 240 185 145 5
    187 236 135 110 115 29 71 81 9 171 166 191 211 45 175 14 24 77 86
    186 31 162 84 238 56 16 83 172 70 74 105 255 142 27 43 112 57 59 246
    92 237 227 81 18 49 28 208 107 245 234 218 42 206 57 65 232 29 156
    39 63 9 2 71 45 197 145 4 239 71 199 56 49 3 147 232 110 47 24 104
    139 101 227 136 154 236 76 83 78 251 36 239 105 32 154 93 44 233 75
    220 66 156 187 82 95 182 159 2 68 24 95 23 166 157 96 139 111 67 65
    129 193 170 25 241 238 136 223 210 78 243 13 219 74 110 81 48 198
    173 118 9 80 53 107 6 86 85 171 93 223 9 21 65 200 203 89 126 187
    204 164 206 178 150 39 210 201 137 3 211 226 127 173 8 209 17 121
    164 27 191 119 33 189 234 183 108 239 140 237 91 15 5 6 21 36 227 6
    70 236 212 90 64 12 152 223 237 252 129 228 11 49 9 225 216 172 158
    239 69 232 106 92 228 205 87 221 251 169 199 126 128 146 241 253 218
    9 136 223 33 151 6 234 202 204 149 178 117 114 178 224 234 13 52 249
    221 138 228 211 85 5 172 222 16 242 44 174 69 108 59 25 164 148 18
    29 174 10 9 223 156 231 126 130 243 91 50 36 149 208 222 106 75 132
    34 39 44 124 153 126 131 254 202 161 40 163 91 215 171 141 105 93
    155 194 211 205 105 237 65 85 94 252 209 191 223 47 155 48 20 7 119
    115 39 98 113 215 87 208 243 162 188 247 107 5 56 236 77 172 217 209
    110 68 38 68 248 10 134 168 195 71 152 160 109 203 27 94 98 98 79
    176 37 248 133 23 128 143 69 78 118 182 133 92 6 135 185 213 177 9
    169 124 15 122 41 231 205 48 102 28 228 153 121 27 82 54 233 243 214
    111 240 159 188 113 212 252 187 171 164 192 148 110 9 149 51 199 92
    201 24 139 187 188 165 115 73 36 93 189 54 215 199 128 113 104 243
    77 231 66 150 213 66 12 46 254 255 115 230 127 129 176 24 168 155
    179 254 0 39 127 142 135 149 9 77 122 130 154 213 200 162 56 175 223
    69 132 93 34 56 251 177 191 162 146 53 133 168 66 142 171 85 116 218
    95 70 181 204 216 70 131 70 107 152 48 251 101 247 140 9 189 254 157
    144 111 247 116 145 241 116 207 226 44 24 176 226 206 23 255 98 128
    80 176 203 35 71 132 83 139 141 207 153 53 27 10 20 198 181 28 80 85
    108 147 218 120 192 65 219 121 220 124 111 48 100 136 242 81 10 255
    203 157 232 18 134 208 97 38 169 254 197 134 135 144 6 94 215 7 16
    18 103 23 191 120 141 191 96 57 235 6 165 216 192 20 152 219 160 146
    76 81 188 77 3 180 175 12 75 223 152 241 118 20 21 54 3 89 14 135 13
    115 42 215 132 220 80 61 77 15 146 159 65 228 7 79 10 15 80 226 7
    171 10 125 25 251 188 188 169 197 228 240 96 226 252 244 186 60 165
    252 148 241 71 212 4 77 166 229 4 208 29 234 137 163 73 156 199 55
    220 110 201 43 179 151 248 57 230 32 227 77 140 104 105 1 94 138 135
    119 112 56 78 52 4 107 90 34 81 116 159 183 96 247 116 15 182 185
    235 104 133 198 205 84 180 134 72 252 203 54 117 191 223 94 94 231
    181 230 233 162 182 183 66 208 50 125 107 19 234 108 223 92 100 175
    67 152 84 246 35 131 193 96 253 153 193 185 250 70 51 123 115 255 26
    0 137 161 156 46 129 120 103 221 26 223 150 118 223 211 68 232 217 8
    128 79 134 115 15 229 18 13 89 119 9 40 22 159 26 221 75 206 204 139
    34 153 164 236 169 38 149 12 2 234 215 76 27 133 159 18 157 213 221
    158 138 52 248 185 97 168 7 120 183 149 159 194 150 193 143 229 118
    91 31 64 86 79 62 82 125 156 117 99 228 45 160 72 237 134 143 83 59
    20 137 215 169 86 186 225 81 231 99 189 77 196 46 72 244 30 88 134
    34 191 116 151 249 62 30 140 54 90 174 117 196 102 220 16 124 218
    179 128 41 45 98 137 79 184 49 167 37 224 225 42 234 160 189 169 117
    54 206 105 202 26 130 68 84 33 193 171 193 201 137 59 205 35 116 225
    102 230 144 89 120 199 124 230 50 191 101 239 16 193 185 15 129 146
    0 94 222 115 172 249 26 53 85 96 75 3 96 234 156 135 229 29 150 171
    19 81 73 120 7 109 72 15 101 198 91 172 77 193 251 242 119 233 172
    170 222 48 243 48 109 135 137 177 98 39 9 58 141 160 221 27 94 9 185
    30 135 81 1 59 197 64 152 198 211 153 177 164 73 70 238 32 75 206 40
    18 102 11 195 9 230 234 188 126 205 124 73 170 22 140 123 219 185 85
    139 200 64 236 244 220 107 157 38 63 206 129 251 161 123 199 244 85
    29 29 13 225 223 195 66 114 53 81 120 242 23 144 23 12 131 15 53 227
    46 22 9 42 200 80 148 9 205 181 3 133 120 110 48 0 46 64 33 173 206
    66 159 250 97 90 163 9 169 97 60 181 22 206 15 56 113 237 121 4 164
    42 194 112 42 80 198 224 90 100 109 80 240 126 50 46 161 168 29 96
    143 52 202 221 109 226 158 176 189 204 170 127 42 189 161 47 104 180
    155 33 140 190 161 218 142 190 12 188 134 46 37 143 185 139 198 241
    211 118 32 95 255 113 153 213 221 17 20 33 119 179 53 90 177 169 220
    220 226 111 71 136 247 56 217 65 87 177 115 100 132 79 93 214 73 26
    74 72 199 186 229 122 113 240 70 169 111 18 189 38 54 72 251 86 124
    117 152 205 73 130 64 91 185 235 60 18 159 214 141 216 157 103 90 58
    187 201 59 167 129 57 244 172 224 117 177 244 120 165 91 217 55 95
    98 212 23 151 249 223 131 174 202 137 143 185 213 118 213 3 235 2
    167 253 80 188 51 226 46 228 128 165 120 212 242 225 124 140 172 229
    216 160 176 64 218 214 249 136 212 210 57 70 229 42 202 225 149 163
    240 170 122 196 71 49 151 76 146 221 246 28 72 140 135 218 106 165
    89 86 240 223 119 67 23 201 20 238 112 149 169 92 103 60 217 96 96
    107 12 202 49 191 140 124 40 122 108 148 154 109 25 8 121 172 52 223
    75 43 99 200 83 253 132 85 29 174 231 70 91 6 115 161 172 111 26 199
    164 72 27 184 31 43 151 63 134 176 189 72 208 231 80 177 244 67 136
    9 156 75 152 214 37 166 210 11 49 120 174 119 72 163 209 60 124 223
    27 213 36 212 1 117 54 250 159 42 87 102 195 220 166 44 244 208 30
    229 187 57 91 213 243 39 23 216 105 188 12 113 26 231 190 62 105 105
    218 195 60 50 251 2 251 62 237 124 113 156 72 75 36 147 73 118 244
    166 163 113 241 113 181 162 99 83 168 118 217 154 247 197 150 105 5
    67 100 4 238 193 116 174 152 212 98 69 8 100 167 40 110 236 121 243
    31 0 176 143 115 100 167 168 131 121 5 254 222 83 253 124 2 84 74
    131 6 106 22 245 179 249 170 164 9 96 245 85 8 163 158 57 253 115
    145 203 38 81 172 14 102 45 222 195 174 200 144 156 58 220 4 204 224
    14 116 211 56 110 64 147 247 191 248 215 63 229 135 182 50 197 229
    242 24 226 138 0 125 216 78 138 77 121 22 68 164 36 219 81 202 123
    29 24 252 131 28 206 89 36 142 198 23 127 97 171 232 184 40 181 122
    211 97 186 0 191 76 7 13 97 153 172 64 249 204 143 9 207 132 224 227
    189 233 87 250 115 37 80 65 106 22 173 29 106 174 217 139 238 212
    208 93 239 220 175 234 76 151 25 111 18 199 202 251 141 9 18 26 172
    175 67 228 127 78 48 12 28 69 217 94 190 87 236 231 136 222 229 120
    51 171 103 2 234 7 11 46 111 211 104 181 135 69 211 92 20 100 71 232
    10 76 109 9 198 130 97 234 241 228 63 229 197 163 159 92 230 61 91
    94 194 242 235 93 128 66 86 243 146 237 169 149 126 142 104 98 202
    247 83 249 187 115 62 64 121 234 253 61 17 92 171 199 71 128 152 109
    97 233 168 92 253 127 255 193 98 106 151 83 191 154 75 172 31 74 220
    101 98 201 249 23 65 100 135 106 96 248 77 64 103 93 6 49 180 239 18
    99 12 71 70 190 171 74 63 24 106 61 241 44 111 181 197 240 149 215
    200 54 99 48 93 30 86 78 215 62 234 28 80 108 83 194 213 64 223 29
    245 213 166 137 224 198 132 1 85 25 180 222 62 221 56 238 112 59 255
    165 220 180 134 55 53 128 80 134 233 191 156 123 19 216 236 230 13
    63 91 169 116 28 20 227 150 76 144 170 57 181 94 124 235 36 53 242
    41 221 201 57 38 243 95 98 197 14 43 209 234 17 69 172 247 177 11 84
    166 9 30 137 72 182 65 122 153 3 190 80 8 61 5 52 204 139 18 34 130
    78 111 186 64 190 189 182 18 44 134 10 103 190 235 69 207 218 100
    147 154 73 77 103 212 160 79 200 145 183 166 246 142 251 109 130 212
    81 180 7 129 5 87 10 171 177 190 104 109 238 67 65 211 34 65 124 47
    237 57 68 172 78 11 112 36 153 90 254 191 153 69 245 131 157 212 83
    20 248 76 24 33 39 40 117 245 222 98 203 174 92 252 213 205 12 191
    23 175 60 94 93 113 1 62 165 131 42 84 156 179 77 52 166 94 128 188
    214 29 48 79 145 244 223 17 12 217 204 57 67 16 116 83 249 73 23 204
    84 72 184 183 161 103 192 99 201 82 94 120 47 14 229 165 208 232 184
    137 106 129 80 79 119 71 212 73 132 112 32 37 49 94 219 214 66 63 14
    4 239 180 156 252 177 76 215 138 124 205 150 251 214 237 129 93 222
    110 175 177 58 52 9 124 149 106 34 30 171 105 130 135 15 15 67 128
    120 71 138 177 102 235 242 187 239 142 201 178 223 223 56 89 243 130
    12 72 226 70 115 159 163 32 102 118 23 119 88 169 116 204 251 220 47
    122 170 86 92 152 196 191 113 35 72 119 149 4 75 121 14 56 10 172 95
    79 36 125 22 86 82 37 26 8 70 69 29 96 117 28 4 247 16 131 41 243
    196 115 199 61 234 189 151 212 70 109 221 164 77 250 73 148 36 226
    129 55 118 35 47 124 31 150 107 84 53 68 79 89 163 73 97 151 128 208
    254 230 215 95 225 114 117 239 198 98 83 96 145 127 99 9 36 176 79
    18 27 132 49 202 98 85 108 200 54 68 112 112 6 31 104 170 113 33 147
    203 4 17 188 49 133 38 82 129 52 113 16 85 152 34 159 103 143 31 125
    172 89 90 196 208 146 222 198 49 81 16 55 218 250 240 169 125 139
    119 245 241 80 43 226 237 242 85 231 212 26 242 129 68 147 85 142
    128 195 9 67 202 71 130 11 159 250 145 112 69 86 233 153 245 87 158
    191 28 86 190 74 103 8 113 145 51 14 126 134 55 202 0 116 245 149 47
    100 138 23 162 0 34 49 140 145 68 64 117 238 15 168 78 230 243 254
    253 52 194 39 166 80 146 193 254 83 79 244 241 45 204 175 210 85 246
    134 248 227 246 193 169 221 181 234 62 55 129 128 183 110 69 137 46
    23 45 58 63 242 40 127 133 233 50 171 36 181 85 43 100 181 69 240 62
    132 128 5 65 42 106 110 104 166 209 193 214 231 52 196 36 231 85 57
    237 200 221 245 127 234 73 161 78 1 63 142 206 193 144 106 217 125
    60 240 19 116 197 94 124 247 60 241 140 94 129 99 141 160 0 185 111
    195 77 243 152 249 84 231 135 27 47 126 122 225 8 148 216 221 237 94
    83 116 202 25 107 148 95 177 171 176 120 43 154 138 30 45 175 166
    216 8 20 242 189 217 254 66 137 241 106 196 236 227 67 113 131 103
    87 35 114 132 132 253 233 174 184 80 25 22 9 76 26 110 84 114 19 252
    1 176 105 75 26 132 225 13 181 69 108 188 233 159 48 200 43 229 203
    104 2 65 76 193 206 200 59 95 146 61 33 141 202 92 99 81 81 227 84
    169 254 156 20 41 137 133 58 234 103 86 122 132 103 229 172 106 22
    28 72 196 233 130 137 46 254 172 172 172 150 184 71 85 190 64 139
    117 226 153 238 194 74 106 110 35 25 46 168 170 211 52 232 102 79
    215 233 222 55 100 161 11 132 233 193 167 117 101 164 237 104 153 32
    206 190 79 163 15 206 53 220 59 138 216 68 92 221 249 111 110 11 196
    220 140 196 187 60 50 102 224 208 16 68 124 193 168 243 169 167 239
    198 213 183 17 90 175 249 28 181 33 229 24 153 94 160 84 166 255 163
    234 84 126 47 162 19 100 234 13 143 108 206 213 153 13 187 122 168
    156 140 129 64 175 110 52 252 227 120 120 36 145 191 226 159 136 75
    253 174 140 203 157 187 172 204 5 187 82 212 163 64 67 238 11 71 161
    238 198 44 135 187 145 164 185 85 219 226 108 209 212 158 1 153 221
    134 189 219 23 48 81 189 51 201 131 189 205 27 23 1 172 244 224 33
    195 186 202 40 28 5 252 252 176 133 68 225 183 17 3 168 172 158 115
    62 163 73 33 118 178 97 115 192 46 38 165 16 74 181 40 52 246 206 12
    37 110 145 167 215 70 205 200 183 73 209 147 250 58 112 228 222 84
    14 150 205 115 136 55 206 214 18 153 75 254 89 230 224 22 192 157 92
    188 217 242 14 21 246 195 142 76 178 123 81 209 138 237 15 219 64
    105 108 167 73 136 29 50 68 8 45 69 87 163 73 55 64 199 136 96 63
    143 194 232 125 93 28 251 148 26 188 194 122 237 141 55 37 230 61
    108 236 139 101 219 71 127 30 79 49 32 163 209 84 87 154 246 182 212
    194 250 24 69 203 187 246 207 187 37 57 172 103 78 130 14 69 230 195
    175 84 129 192 48 144 213 165 55 38 151 199 139 182 7 144 221 186
    165 241 23 230 202 39 50 68 229 214 46 105 56 109 107 53 150 87 54
    40 197 185 181 167 121 10 106 138 75 198 153 216 184 191 94 232 236
    41 247 179 99 240 98 198 129 137 180 193 3 58 90 241 177 72 137 60
    177 116 19 186 138 253 37 53 54 49 239 141 163 196 51 171 208 147
    208 138 151 192 131 155 32 89 101 58 105 255 26 255 249 56 75 51 126
    214 160 76 121 173 250 59 190 90 246 123 94 183 162 187 41 221 155
    233 223 149 168 65 178 237 244 142 8 178 246 123 41 184 20 89 189
    186 83 0 90 131 97 199 38 33 18 3 221 210 56 219 101 6 33 137 3 163
    51 96 126 121 197 68 196 80 254 96 142 72 23 38 230 33 248 70 189 65
    87 7 190 155 41 146 107 232 186 55 215 244 63 221 28 147 34 31 158
    80 174 192 61 116 15 245 235 180 105 250 101 152 144 196 26 107 68
    228 71 252 25 170 173 28 103 108 91 80 164 103 166 15 2 239 220 165
    124 48 186 187 235 241 96 5 153 46 55 154 70 60 11 18 30 17 133 71
    79 159 178 152 21 100 97 12 47 225 191 178 140 98 38 46 253 33 102
    51 167 199 37 35 120 12 160 23 255 49 176 68 145 118 225 62 8 103
    243 141 252 26 76 4 121 115 19 231 66 24 92 51 160 135 76 103 73 27
    158 51 9 3 221 251 169 139 19 248 94 71 153 74 193 127 72 193 66 150
    18 71 245 123 129 156 52 49 53 78 135 56 171 179 73 79 156 56 66 175
    245 145 193 207 130 254 63 230 124 45 97 25 58 188 45 195 16 53 118
    234 187 228 87 43 130 209 68 4 16 86 187 112 44 70 173 139 206 38 13
    201 180 159 169 148 164 94 165 215 96 64 148 26 143 60 109 7 184 221
    166 17 156 122 190 15 199 35 93 164 132 199 182 21 83 196 42 33 232
    53 19 163 155 119 218 240 23 154 17 26 182 48 127 240 205 202 223
    250 137 246 212 193 242 134 166 68 175 40 53 118 27 150 114 250 71
    18 204 163 71 48 96 139 18 152 188 236 16 152 194 145 241 113 233
    195 1 65 214 253 169 149 187 122 129 156 241 216 171 28 185 219 174
    6 198 179 33 72 53 164 11 238 108 107 242 211 64 46 109 253 56 225
    109 78 232 248 235 48 161 78 159 119 106 11 177 200 203 98 106 65 51
    145 238 108 48 167 116 230 99 45 168 43 178 32 246 176 51 216 101
    190 178 107 189 26 31 217 123 245 128 151 92 12 201 45 193 128 48 71
    180 196 148 93 61 232 53 61 193 243 172 214 119 137 223 116 102 23
    90 239 97 217 0 52 58 139 18 187 46 145 68 32 156 190 140 198 24 48
    228 86 10 171 244 121 193 30 108 125 160 14 224 181 44 62 104 211 99
    136 79 47 138 241 55 224 100 144 110 179 104 6 50 6 146 1 6 152 158
    132 199 27 252 189 97 132 42 9 62 244 244 16 173 249 42 152 53 39 64
    170 99 86 69 7 129 246 146 232 154 124 221 147 245 96 68 41 254 181
    216 209 164 203 94 2 58 70 78 137 202 151 201 28 78 223 110 165 215
    78 204 246 2 152 205 245 54 190 161 99 15 88 134 126 52 153 155 121
    89 145 208 122 59 241 46 231 243 178 188 43 45 174 142 0 122 214 106
    210 211 234 173 129 182 94 147 80 145 172 236 63 219 135 204 67 180
    26 105 147 52 148 121 155 203 55 206 126 146 245 90 173 143 57 106
    76 239 150 180 106 205 37 87 248 242 30 242 179 152 181 204 167 30
    252 31 87 99 79 217 131 175 241 9 246 58 72 198 246 7 206 137 54 131
    241 20 215 184 24 87 12 132 170 207 79 80 35 129 79 75 65 200 137
    173 87 160 217 152 112 90 51 135 101 132 195 121 128 116 204 77 123
    155 157 60 20 248 254 7 164 29 153 145 146 143 142 25 109 115 53 115
    80 24 85 68 171 49 34 127 156 108 227 83 207 44 143 143 185 227 53
    218 104 175 232 42 90 78 30 103 78 231 61 97 77 23 15 157 240 187
    216 170 108 169 130 213 183 165 223 213 8 176 230 182 161 149 115 60
    90 223 92 139 77 120 197 189 38 244 83 129 10 133 18 34 155 106 11
    105 173 123 219 9 123 205 214 176 113 168 174 188 191 39 65 129 158
    85 227 197 183 145 54 68 152 176 105 168 235 110 249 106 107 76 200
    58 103 125 113 159 22 83 71 251 244 44 242 194 201 109 143 168 107
    229 144 134 11 6 43 11 102 45 55 186 191 169 164 163 15 14 168 148
    220 98 97 104 21 141 84 193 240 209 63 181 166 202 55 168 176 208 40
    132 0 234 187 112 87 103 253 40 242 162 151 188 200 149 61 179 241
    201 109 36 4 33 129 185 82 77 193 98 170 97 95 103 235 69 24 5 66
    155 15 215 65 93 213 153 252 37 241 64 53 185 76 217 86 108 163 83
    186 158 41 67 203 39 227 72 236 1 89 101 222 113 250 192 165 158 186
    219 11 104 97 94 13 131 210 114 201 224 159 24 9 224 251 66 252 53
    146 247 198 38 143 224 202 6 99 108 143 169 246 188 119 177 128 112
    183 177 46 213 67 61 174 211 190 82 182 112 139 234 37 35 16 115 176
    214 196 29 105 146 154 13 10 98 93 43 135 206 54 172 1 122 72 177 57
    227 65 153 215 6 99 70 7 48 10 151 128 241 242 180 119 51 217 5 101
    47 36 219 132 197 68 21 193 19 15 189 9 76 89 32 87 222 112 241 140
    216 43 51 11 185 9 201 204 160 68 0 102 94 4 130 192 174 9 208 82
    128 73 94 92 157 105 233 120 70 13 43 108 68 165 74 105 245 61 116
    239 198 140 229 75 0 248 85 25 59 219 220 141 131 239 126 39 187 24
    99 4 218 7 193 226 142 178 122 164 97 8 173 60 152 109 94 240 28 182
    80 91 126 239 142 161 136 225 193 238 255 223 236 42 135 77 40 87 44
    86 103 3 118 1 181 65 214 163 249 63 189 198 125 235 72 136 81 21
    102 82 247 138 82 237 76 62 167 251 183 140 118 92 4 152 29 82 108
    57 151 73 137 2 82 108 170 204 66 145 47 1 162 248 189 230 54 188
    150 155 253 102 183 223 128 105 33 177 116 175 139 166 124 240 158
    191 159 231 57 227 109 244 199 6 205 14 129 50 161 61 202 36 237 50
    84 249 246 171 251 144 31 39 166 144 211 56 215 28 254 151 147 75 24
    205 4 155 189 252 177 235 56 255 134 234 3 105 79 81 81 28 224 133
    229 125 124 164 82 187 185 230 111 91 97 255 197 141 55 136 8 69 31
    129 6 86 250 99 194 241 187 47 51 188 134 91 234 246 225 148 6 83
    167 255 163 84 126 128 225 188 176 147 149 150 235 13 110 73 82 156
    137 20 46 157 54 52 11 83 39 123 86 85 253 78 33 46 124 213 220 137
    104 251 110 159 142 27 215 73 23 251 155 4 25 95 117 218 99 161 251
    143 100 98 114 98 225 238 191 182 87 135 182 125 191 29 24 199 32
    250 90 238 6 206 56 205 37 133 129 102 104 90 169 122 148 154 146
    171 126 180 223 70 32 72 236 104 147 116 185 125 90 71 63 31 186 97
    33 234 12 201 43 105 239 205 115 7 145 237 246 174 139 98 109 73 7
    35 65 189 16 57 4 67 206 96 177 130 75 33 12 87 236 127 138 111 34
    145 94 90 125 155 89 45 183 102 6 32 96 209 251 116 56 111 124 153
    63 234 23 46 53 16 221 78 183 181 164 19 195 140 55 195 201 85 164
    186 104 59 93 105 209 243 50 63 108 193 226 10 104 84 133 148 116
    225 255 236 145 154 192 161 187 173 205 52 5 189 23 32 139 164 117
    254 204 31 142 180 195 26 206 109 64 216 121 43 161 12 158 115 150
    142 214 224 183 80 141 152 16 114 204 154 157 80 247 65 213 63 149
    188 204 200 230 98 126 3 190 221 128 236 175 112 238 183 219 121 76
    141 142 251 93 239 20 208 234 178 53 45 174 72 167 9 212 87 77 176
    151 220 132 210 56 151 158 214 6 102 153 249 201 20 11 206 0 243 249
    28 148 62 138 95 233 253 30 20 181 154 99 86 117 11 198 98 96 147
    187 239 204 49 186 139 165 232 52 64 145 222 34 152 230 235 96 233 8
    156 36 10 251 221 12 150 229 182 243 168 52 82 28 69 141 64 135 229
    217 152 246 2 24 191 184 46 216 94 229 142 25 199 25 13 150 7 185 60
    38 133 199 39 220 45 133 133 18 1 167 71 143 20 216 150 113 161 16
    81 221 174 42 94 124 122 73 158 45 103 17 57 188 206 37 139 168 196
    7 70 249 186 161 105 62 118 207 42 56 109 133 118 90 128 190 132 2
    108 40 20 168 104 144 112 241 52 1 211 226 8 252 161 11 41 131 183
    186 31 200 66 77 171 208 176 212 223 26 155 252 167 61 148 76 116
    203 175 58 94 96 90 2 188 242 214 10 218 81 208 106 193 106 243 26
    108 16 222 212 247 227 188 245 142 65 190 213 241 78 6 141 111 132
    90 167 236 32 210 50 137 173 77 155 158 231 35 185 123 218 116 196
    165 185 219 124 220 231 124 31 209 232 194 48 179 183 157 41 93 74
    137 106 129 246 92 206 20 229 3 12 76 214 198 129 127 130 254 94 179
    247 129 197 203 249 8 179 72 18 111 87 70 149 38 220 248 214 229 201
    32 28 21 194 44 31 92 110 63 189 175 247 6 83 146 168 163 35 124 90
    6 235 53 219 80 42 55 104 225 25 199 37 173 68 55 52 113 209 236 12
    191 89 176 75 163 252 33 82 253 123 137 183 195 241 57 65 146 124
    185 13 104 156 153 155 178 106 99 198 120 87 214 122 68 65 28 55 170
    231 49 123 36 207 208 4 198 220 149 65 167 171 160 173 166 180 90 48
    124 228 159 228 224 184 2 77 228 89 109 108 120 99 210 207 160 18 92
    158 201 223 179 41 210 224 152 148 101 146 8 217 217 171 230 57 95
    172 84 204 91 69 126 101 109 133 74 203 201 209 192 146 24 116 66
    106 101 242 180 57 224 54 180 32 109 89 88 177 107 83 146 209 41 35
    72 161 128 223 186 92 54 12 161 128 125 90 57 249 27 189 186 195 63
    25 191 127 86 183 136 224 68 45 72 142 198 26 203 85 101 196 252 213
    14 187 223 155 203 146 7 4 129 146 44 117 171 241 12 218 231 194 171
    24 175 121 96 245 118 238 208 118 41 42 93 93 255 82 64 56 218 57
    230 225 130 206 143 126 44 78 135 43 33 184 18 94 40 207 68 92 240
    252 221 76 176 50 6 242 70 32 178 29 255 66 92 183 141 36 16 121 13
    188 69 65 186 252 10 217 218 132 59 91 4 225 209 72 205 149 171 154
    208 122 178 33 79 193 163 165 5 89 69 7 216 15 253 122 142 33 56 216
    192 212 96 112 120 121 250 2 25 200 67 140 113 222 17 42 52 200 139
    75 50 168 121 207 134 6 92 68 97 77 73 118 52 156 242 60 203 130 98
    119 137 187 124 213 124 76 225 229 206 162 234 220 133 51 189 221 31
    115 69 48 120 173 226 241 250 105 71 59 45 78 219 29 239 80 91 8 151
    110 162 51 2 63 96 92 41 96 176 119 16 185 190 157 125 234 4 106 32
    82 154 112 163 152 120 176 119 96 11 109 119 79 41 89 22 37 95 181
    128 13 239 167 130 27 240 3 245 130 219 89 213 112 84 252 247 173
    124 246 90 152 158 228 22 146 72 224 237 117 112 244 104 24 208 128
    140 164 50 48 41 14 250 18 30 103 18 212 196 145 97 233 31 212 16
    102 185 148 161 156 89 237 83 207 233 0 219 198 229 199 75 48 168
    195 115 251 139 251 92 172 189 252 243 51 162 183 236 83 80 12 130
    37 190 132 233 154 221 238 149 58 160 95 214 187 54 93 138 254 43
    181 227 105 129 197 94 102 141 105 130 159 196 206 225 158 182 180
    177 228 115 136 175 10 196 148 177 38 45 77 16 182 139 7 20 38 164
    235 116 111 96 117 250 147 235 146 225 241 197 227 244 13 29 127 175
    15 116 223 174 232 237 123 0 36 200 131 231 144 234 223 34 130 214
    101 14 233 52 190 205 137 100 49 99 3 29 9 55 11 180 128 24 18 190
    186 230 69 34 253 136 11 15 221 100 236 251 255 77 55 59 79 11 95
    225 42 59 243 24 45 110 67 35 150 131 130 65 212 51 24 220 55 170
    175 85 118 220 166 72 227 162 231 65 156 200 90 107 100 225 108 11
    31 1 33 77 198 86 110 32 200 7 99 101 147 145 139 11 224 146 61 10
    151 109 134 102 76 220 184 71 225 155 137 132 113 241 147 254 143 65
    123 139 97 55 58 190 152 157 209 17 130 111 1 131 58 27 115 30 83 82
    86 22 186 92 41 9 231 180 232 113 147 188 199 198 83 218 92 64 251
    86 62 79 15 90 65 2 217 84 234 90 173 25 142 71 203 108 55 1 117 33
    149 46 19 140 188 18 224 210 97 179 24 40 170 205 177 7 2 162 50 131
    12 65 149 138 161 183 41 67 166 86 166 112 160 159 252 29 181 36 54
    147 122 149 238 45 154 235 230 150 78 66 146 137 126 210 225 98 95
    179 162 147 116 254 252 59 116 248 254 187 128 129 194 176 42 28 123
    180 88 137 113 242 215 88 56 28 48 162 145 244 185 120 150 100 205
    229 64 249 231 237 100 92 11 54 127 233 123 4 44 159 204 202 37 98
    185 221 116 149 245 29 3 48 242 34 238 92 209 219 237 240 146 29 217
    79 101 178 122 181 234 32 17 150 93 147 247 245 202 120 17 71 188
    147 159 224 39 255 139 60 208 65 143 237 46 159 242 154 182 155 184
    131 248 222 120 193 236 17 182 235 208 246 187 98 124 210 140 173
    102 182 40 137 176 246 133 117 168 25 243 31 250 216 185 196 206 145
    172 66 22 28 151 135 95 74 213 53 144 154 244 110 253 173 247 170
    188 17 209 202 253 250 172 37 74 162 7 194 92 242 204 76 193 123 134
    194 121 7 21 82 247 135 31 34 210 134 49 148 225 120 215 175 234 103
    61 121 76 212 175 104 167 48 61 106 245 188 209 246 220 181 148 255
    191 122 159 78 29 1 139 243 181 56 61 239 147 44 8 62 77 34 186 221
    51 101 163 233 206 228 20 119 175 189 142 124 180 207 120 186 26 216
    31 247 25 180 9 11 197 189 209 168 211 186 195 74 2 226 134 162 40
    186 169 89 148 166 17 81 148 93 122 179 220 15 1 11 204 173 91 140
    218 110 170 95 190 51 72 165 195 74 91 137 116 51 190 153 144 81 18
    30 194 50 200 105 188 50 90 24 181 209 252 215 214 152 33 64 74 32
    135 61 8 78 42 137 166 71 118 231 141 240 48 191 146 209 22 16 192
    101 68 48 93 80 223 111 181 80 126 200 40 47 44 79 102 82 58 75 44
    18 5 226 255 217 0 44 65 1 68 149 245 231 206 146 68 165 210 189 20
    139 60 250 40 59 37 130 1 100 213 188 220 149 117 248 10 105 205 229
    160 102 10 228 118 198 79 14 208 236 9 109 142 131 8 238 149 170 227
    240 114 120 90 173 237 252 194 191 69 25 219 99 228 11 68 107 240
    156 50 175 35 108 191 241 162 43 205 166 184 166 46 115 123 186 83
    115 91 144 89 94 110 127 141 112 175 164 94 101 166 13 152 11 136
    131 94 207 112 231 68 208 71 66 216 5 131 93 131 189 206 66 51 37 72
    117 78 255 137 75 54 17 12 39 159 241 170 6 246 72 28 2 84 60 83 80
    189 195 76 142 98 66 25 208 100 23 196 181 240 148 28 90 157 153 9
    106 80 183 204 23 83 167 102 28 106 216 56 123 124 236 137 217 39
    197 216 159 184 66 66 50 94 86 173 220 14 92 10 41 63 146 113 169 17
    70 75 183 215 73 136 159 182 85 136 21 231 66 246 146 240 89 56 77
    165 71 142 255 80 81 192 197 105 57 118 147 181 30 108 19 213 60 163
    7 49 76 39 208 248 243 118 147 178 11 224 214 159 10 20 233 206 38
    99 80 113 78 152 122 130 184 11 196 250 97 175 255 60 103 95 218 86
    114 91 236 84 55 182 223 253 193 98 23 224 84 19 201 7 103 97 78 11
    63 91 160 136 123 168 4 225 132 82 24 186 146 127 140 181 159 21 54
    246 155 100 167 146 144 58 88 79 5 115 190 175 86 139 23 247 164 182
    99 6 199 139 126 145 184 152 42 211 6 189 23 27 92 65 70 94 9 214
    238 41 110 62 188 191 164 187 58 95 99 150 37 54 241 162 85 237 76
    98 44 41 182 244 152 124 48 34 83 181 200 236 26 158 138 6 172 75
    145 218 134 96 156 255 218 118 92 218 101 186 23 177 81 251 156 162
    22 250 251 11 222 157 168 98 151 22 228 4 127 13 122 156 222 207 251
    174 81 244 151 6 52 35 9 71 169 82 41 95 111 6 14 7 102 197 161 44
    102 125 153 184 74 28 223 104 143 31 224 185 120 163 216 160 83 239
    116 62 37 36 133 146 59 119 217 47 197 187 52 5 59 9 142 212 50 141
    175 173 20 20 226 169 246 150 241 9 108 27 24 236 195 86 196 244 115
    156 39 164 142 100 180 144 93 220 15 88 108 40 12 114 171 131 20 16
    244 73 101 13 91 26 50 84 78 169 136 91 123 41 167 248 220 61 154 17
    29 0 54 160 212 255 91 84 169 245 14 208 182 246 250 103 68 7 194
    237 165 114 244 96 55 31 12 71 225 77 25 203 127 99 95 31 53 205 103
    102 18 176 224 26 169 192 153 24 221 51 42 167 160 135 242 204 140
    114 102 206 212 79 126 69 80 116 32 93 110 13 83 147 253 143 208 23
    84 102 244 171 79 108 226 224 226 30 235 46 122 162 209 37 179 234
    138 229 156 214 233 254 114 31 28 50 134 246 129 249 1 26 251 172 94
    21 16 45 149 69 196 244 233 19 241 25 129 160 207 201 177 31 21 190
    146 203 86 160 36 241 94 21 2 32 78 96 81 74 165 222 167 193 132 189
    84 102 19 6 224 3 200 3 2 19 84 121 132 55 203 225 50 180 139 103 25
    38 103 181 251 33 83 246 70 60 17 250 104 243 18 3 113 87 245 11 18
    60 48 88 106 241 35 93 82 252 93 248 243 114 191 238 36 2 148 255 62
    150 252 134 204 130 16 245 230 29 84 72 145 201 23 116 80 88 179 20
    41 45 108 214 76 124 218 30 75 34 60 185 12 164 252 179 38 43 227
    109 54 177 114 65 84 21 220 63 128 161 251 121 135 211 112 249 47
    134 232 25 52 230 44 110 69 198 178 202 96 52 122 27 61 140 54 253
    211 65 5 178 123 181 33 141 189 211 101 10 23 246 58 133 26 186 54
    227 119 110 179 135 78 156 88 4 184 177 177 250 24 4 42 131 209 167
    59 148 55 143 218 31 192 91 51 218 89 115 160 21 106 180 94 83 189
    212 134 12 184 201 228 100 78 193 95 91 204 85 135 29 38 161 70 147
    84 104 16 166 192 114 121 112 218 190 103 58 21 67 147 251 213 180
    127 217 223 98 75 174 119 171 248 37 106 231 82 201 34 85 163 180
    204 162 229 222 133 52 76 226 166 34 42 236 170 103 87 183 241 21 90
    14 72 32 26 246 202 237 35 119 205 166 184 175 77 25 179 93 5 40 33
    104 8 51 221 239 134 253 81 157 231 102 210 246 170 187 106 181 152
    3 237 42 49 61 250 39 85 147 31 6 166 241 228 51 90 189 46 222 7 215
    133 188 42 102 143 169 210 145 66 159 16 207 24 238 226 50 107 244
    163 95 94 93 154 35 205 130 3 125 56 190 177 40 33 113 131 220 12
    114 119 104 184 7 143 204 123 9 40 217 158 37 221 58 57 32 166 246
    221 28 15 64 39 153 81 122 253 144 33 12 167 214 65 177 239 124 113
    9 15 250 115 52 51 217 20 1 18 140 57 41 170 229 228 198 113 171 145
    166 45 99 171 64 34 163 165 111 154 144 162 190 1 79 111 130 225 40
    2 70 46 188 191 23 4 145 120 54 212 213 205 103 130 159 185 219 9
    156 150 243 143 205 130 181 12 140 1 183 4 197 47 134 2 14 129 196
    155 210 18 122 104 216 224 198 242 33 113 48 95 249 244 47 46 18 92
    49 55 177 115 192 131 155 115 86 184 118 132 253 188 49 51 236 7 190
    86 89 111 53 165 121 86 42 17 169 215 19 43 111 11 105 54 206 66 157
    65 6 130 111 150 9 254 189 14 244 172 193 218 22 210 202 111 179 128
    182 164 173 105 91 131 18 157 188 180 100 45 235 150 104 234 156 146
    76 146 184 106 99 107 169 186 77 181 255 139 242 51 15 70 46 255 254
    93 247 212 230 232 248 35 79 105 232 152 225 179 32 111 40 12 125
    205 220 35 49 140 164 127 49 53 122 185 153 9 46 140 86 219 5 144 56
    34 38 182 212 83 42 20 73 77 224 217 71 63 43 17 34 43 233 146 234
    250 205 134 36 141 32 234 82 91 111 218 133 200 225 100 147 58 234
    69 151 215 205 131 85 9 95 90 210 71 13 108 152 117 155 207 149 254
    187 211 80 146 200 192 238 50 109 103 251 16 122 24 8 32 102 227 69
    168 20 26 213 126 95 31 130 203 124 207 149 128 253 128 243 233 127
    216 88 161 90 100 80 219 136 190 142 38 41 56 102 45 58 225 48 253
    99 126 78 148 9 68 212 29 124 230 161 70 136 249 229 83 195 171 113
    163 103 174 53 214 159 59 98 114 63 220 190 248 165 115 13 49 3 208
    16 93 112 118 103 107 7 69 167 52 6 58 26 235 163 170 255 157 252 81
    18 213 49 116 166 78 71 254 28 80 186 29 53 255 185 3 8 81 212 85
    194 93 54 42 136 158 90 2 218 231 63 15 78 187 22 144 71 42 78 34
    144 206 153 76 23 249 151 239 125 151 52 0 72 206 188 160 151 230 16
    207 97 27 221 66 113 57 228 155 56 178 198 52 79 79 162 153 13 52
    161 4 184 86 155 129 19 219 95 190 30 123 210 80 164 104 211 162 190
    108 117 12 208 215 74 86 48 181 166 248 190 130 18 153 43 166 41 81
    29 244 231 103 194 49 78 60 88 102 204 43 55 182 178 107 138 62 116
    155 142 154 31 131 225 13 178 135 5 163 216 9 245 99 82 163 158 244
    182 56 119 233 0 217 150 107 154 199 52 211 251 31 123 96 222 189
    193 53 72 111 47 45 57 48 188 114 47 17 216 131 64 144 233 230 83 88
    130 87 204 252 151 215 119 180 194 93 91 176 190 119 146 234 246 84
    205 0 104 108 226 139 54 145 35 117 247 137 123 232 100 94 142 136
    231 153 29 96 85 19 241 95 226 25 4 113 0 181 210 171 206 6 210 42
    184 152 38 200 8 48 95 189 48 235 89 137 24 218 233 59 11 235 146 55
    112 208 112 182 186 138 119 194 136 207 1 216 91 168 95 178 157 1
    180 93 199 156 67 112 227 169 27 64 209 183 129 87 90 173 192 135 93
    232 145 254 128 79 22 41 127 252 249 194 93 195 129 157 48 12 148 62
    1 191 11 203 125 195 64 175 92 161 201 220 182 3 221 245 252 115 29
    72 254 108 30 101 110 223 198 223 125 199 76 148 216 50 232 132 246
    157 178 79 109 39 124 224 18 118 52 97 76 110 211 109 222 150 224 48
    11 195 63 94 195 139 5 46 184 249 165 153 192 173 246 16 180 222 18
    102 159 122 155 135 22 213 154 4 96 7 94 82 16 140 157 105 198 36 33
    85 13 200 168 103 57 7 181 119 170 127 105 18 128 189 104 19 195 169
    186 247 122 80 192 158 255 125 226 128 171 37 69 67 87 237 84 200
    238 142 190 156 159 127 141 79 54 227 1 220 87 136 95 218 22 70 54
    36 239 220 101 202 153 153 89 86 96 246 209 206 1 238 214 59 102 75
    61 199 152 107 174 20 37 178 8 190 154 91 100 140 64 156 133 190 64
    214 136 24 117 186 179 82 75 42 182 14 201 62 32 102 88 76 69 175
    180 137 235 17 218 132 182 182 208 27 136 171 109 148 112 95 15 71
    245 8 1 69 77 149 180 233 162 178 167 143 209 110 32 63 16 46 220 74
    98 9 145 37 153 25 1 22 75 249 5 242 130 65 111 218 174 139 93 136
    37 156 79 68 138 203 213 61 173 90 68 33 121 222 69 224 66 240 204
    223 14 32 164 232 80 157 70 219 146 174 224 247 79 251 217 204 100
    103 131 157 66 154 95 16 4 217 95 27 117 177 135 122 251 206 67 97
    131 241 71 148 242 221 195 82 125 170 211 152 29 61 56 48 130 126 42
    88 199 162 85 33 229 79 195 151 155 228 52 23 59 168 200 89 195 95
    235 191 180 196 71 85 249 212 70 152 240 64 26 75 9 172 221 36 199
    58 59 129 63 32 196 86 249 255 243 176 204 197 239 207 114 206 167
    209 133 234 21 29 153 17 150 246 208 73 134 83 128 193 24 203 222
    212 74 113 202 111 210 148 90 7 6 210 44 205 138 24 148 223 65 140
    50 130 65 113 4 247 56 196 56 179 143 201 106 109 251 138 26 98 173
    9 168 222 225 72 3 7 168 198 152 74 176 165 239 168 199 1 22 213 157
    3 87 177 181 239 16 94 152 144 223 58 183 32 70 242 4 52 132 35 214
    128 51 27 7 168 240 33 72 230 122 160 241 96 124 88 212 199 70 125 9
    49 5 39 210 251 220 202 20 189 136 240 152 109 26 243 208 21 18 217
    217 21 18 67 10 10 14 8 245 98 238 39 222 52 175 121 166 189 164 187
    228 118 160 251 195 222 80 186 161 221 76 59 19 101 1 66 78 113 82
    159 215 72 61 205 22 78 248 134 232 190 85 154 8 36 39 110 16 200 23
    164 199 49 13 194 235 145 220 85 185 104 13 244 21 146 207 8 253 62
    110 213 228 144 120 153 160 122 209 245 168 118 205 94 2 103 161 10
    69 80 144 122 81 207 247 59 219 146 163 32 148 87 58 14 238 50 56 43
    0 18 66 146 227 216 115 219 37 122 23 53 247 164 16 227 75 218 182
    98 174 224 52 206 117 165 127 187 4 254 185 135 101 141 77 83 78 94
    46 102 86 154 65 2 169 129 127 35 34 136 230 84 12 199 112 10 237
    195 169 243 224 36 217 4 153 219 38 41 4 78 203 233 95 109 0 252 196
    217 103 215 53 29 224 254 236 147 249 248 69 67 48 60 189 188 80 91
    183 30 5 143 47 203 169 192 46 124 118 67 244 212 204 78 23 42 210
    83 23 123 143 124 210 13 38 62 242 150 76 116 64 188 47 251 145 24
    49 10 245 120 174 217 101 142 196 31 70 138 176 246 87 192 102 222
    59 67 6 249 246 12 110 177 159 93 85 239 126 176 185 26 56 148 153
    65 52 243 3 200 202 161 157 208 216 201 100 94 172 198 114 96 148 73
    45 7 206 45 44 164 63 26 24 92 56 214 203 7 45 45 228 114 118 144 4
    120 249 196 126 192 58 32 201 176 192 40 66 136 156 116 6 155 145
    182 222 227 49 216 80 3 190 145 202 237 9 79 63 145 98 175 215 57 43
    11 55 81 10 85 36 21 45 159 133 204 66 13 90 130 201 32 55 228 73
    134 179 131 120 99 54 51 233 208 213 66 169 162 36 159 117 100 188
    98 187 16 83 97 47 236 122 146 35 248 20 72 23 148 111 115 84 215 47
    168 220 145 192 223 8 196 41 222 145 180 98 171 204 152 205 156 125
    234 132 130 42 127 176 228 1 74 249 169 35 226 93 23 43 244 142 107
    229 230 63 81 70 178 113 245 146 14 102 140 87 242 143 231 242 189
    229 41 59 202 136 138 16 167 178 100 203 135 220 40 178 207 187 85
    149 180 21 175 105 216 124 87 30 112 48 86 100 201 134 251 55 128
    229 86 48 8 254 238 46 186 42 107 180 84 190 254 94 216 104 46 31 67
    238 161 147 171 229 48 12 118 134 248 30 218 69 145 196 234 117 94
    90 155 128 125 130 126 217 105 199 224 28 202 205 164 171 143 15 188
    224 231 15 0 132 82 200 237 185 177 71 240 115 108 163 247 67 168
    160 224 179 29 249 39 112 163 23 119 235 236 115 170 102 133 119 230
    248 41 166 130 126 101 61 208 4 3 89 105 38 180 143 241 17 12 202
    141 0 18 253 6 69 139 87 27 30 4 9 17 54 87 215 84 232 61 242 109 93
    193 196 71 193 105 247 252 11 37 167 211 161 4 222 162 49 197 83 33
    12 15 134 79 2 162 83 103 105 169 134 124 154 211 207 189 114 27 154
    132 5 125 192 175 2 241 174 106 142 45 245 187 89 149 151 85 169 78
    216 165 179 119 117 135 150 130 192 53 34 114 74 130 1 105 137 27 85
    222 144 132 131 125 66 93 112 186 236 166 104 25 88 205 130 223 186
    185 208 49 218 61 126 103 20 66 206 117 206 60 228 100 101 5 93 45
    13 91 105 76 45 238 131 230 115 176 110 133 223 63 101 184 130 0 237
    156 53 9 66 139 153 78 91 46 6 177 167 53 200 42 112 127 84 192 44
    214 161 54 96 220 122 199 49 10 160 190 207 194 176 17 24 230 8 62 1
    227 99 206 33 60 23 194 160 250 107 29 79 59 186 81 214 193 46 115
    67 250 179 231 118 128 254 148 251 95 88 11 135 65 210 245 100 48
    199 220 58 29 123 94 148 51 122 132 242 232 194 219 190 222 183 57
    19 105 47 18 27 222 33 135 140 140 126 66 63 230 201 66 124 106 233
    161 107 61 148 44 107 253 225 115 104 236 99 28 2 19 75 30 172 88 78
    240 83 53 14 63 100 148 161 101 117 216 115 22 104 101 148 172 243
    246 96 235 3 28 113 134 70 120 61 175 184 161 130 137 160 105 219
    153 67 153 35 96 118 140 88 186 9 105 11 196 78 129 251 87 116 207
    33 211 186 100 105 21 61 229 148 94 47 242 61 221 36 76 92 22 220
    175 115 4 185 229 89 102 200 176 49 136 19 174 198 45 235 1 211 97
    107 194 52 185 207 155 112 130 16 27 49 56 190 161 207 214 118 71
    232 195 127 193 13 49 37 51 152 160 66 199 101 191 181 131 1 107 50
    33 35 63 81 152 71 16 101 240 219 131 107 214 50 69 51 120 26 73 254
    204 43 87 41 250 97 33 177 164 48 206 72 16 133 253 24 168 40 230
    137 134 87 74 62 156 89 115 14 71 69 244 149 143 124 209 52 211 238
    244 211 229 241 17 97 149 196 35 232 32 184 55 253 76 178 93 161 4 8
    221 255 94 149 50 238 209 169 252 167 119 112 245 110 84 198 67 216
    143 121 157 66 16 65 17 196 233 198 94 24 59 35 24 4 193 10 184 105
    49 116 208 238 133 244 166 103 114 14 101 137 133 13 26 213 54 225
    53 23 16 175 34 73 10 248 127 240 207 67 77 227 232 55 102 227 180 8
    32 200 82 71 109 149 241 20 24 216 53 225 63 241 226 32 46 182 13 77
    20 230 50 213 115 21 155 76 99 104 101 117 115 145 250 175 253 117
    45 107 136 194 80 144 68 197 200 229 208 248 206 149 136 140 81 126
    62 174 69 95 128 15 219 22 206 50 112 200 208 133 227 94 127 252 48
    226 75 226 211 78 25 78 150 56 215 127 170 18 240 193 225 158 102 46
    251 206 226 76 237 13 171 251 84 244 242 74 59 13 178 86 201 64 69
    240 6 55 75 40 254 12 176 236 83 147 123 189 184 1 191 191 160 218
    38 191 26 238 96 5 83 83 160 51 215 149 32 243 139 24 49 115 170 122
    97 26 17 158 200 9 177 182 186 110 50 91 253 254 184 49 216 60 136
    172 56 111 57 214 103 179 87 218 199 133 227 47 160 52 83 99 94 51
    106 48 142 142 118 10 45 90 167 21 21 94 161 99 189 71 218 223 199
    226 100 72 151 179 175 71 109 17 173 127 53 203 214 17 240 180 211
    152 254 96 154 239 109 242 62 146 232 128 97 55 252 241 145 229 36
    19 0 75 143 229 225 105 42 233 132 205 148 103 95 229 224 236 127
    127 79 24 39 157 94 255 1 65 164 28 92 208 111 146 18 238 91 120 184
    214 22 213 1 103 236 179 27 76 243 146 160 250 13 101 180 190 87 150
    92 159 119 126 24 8 187 28 175 203 250 43 210 238 125 120 65 99 154
    200 128 216 64 100 193 48 73 8 5 47 109 249 164 185 182 105 76 159
    100 84 24 187 173 34 230 246 225 38 103 122 137 155 219 36 194 74 35
    211 142 208 197 94 86 135 17 227 190 164 22 160 176 29 139 121 250
    203 119 245 200 130 242 194 220 72 77 67 100 32 97 79 140 120 49 195
    117 152 250 88 10 117 210 252 45 60 58 23 190 59 201 201 9 250 62
    142 208 39 11 237 224 56 245 104 197 88 144 211 191 50 58 44 212 16
    15 142 224 248 39 15 184 29 176 213 252 202 89 19 165 231 60 94 172
    162 84 40 146 52 237 81 185 125 162 117 57 136 240 230 132 231 44 58
    169 73 183 92 113 35 166 145 191 153 233 122 7 225 210 142 65 59 44
    193 175 26 35 190 219 101 20 213 154 193 117 39 37 163 254 183 62
    135 104 205 80 127 16 125 85 8 193 223 25 37 245 65 30 133 13 147
    245 157 89 11 191 108 122 223 237 188 216 232 48 247 143 216 81 214
    210 88 215 200 13 9 69 59 64 186 39 152 48 148 205 93 242 130 178
    181 228 20 33 38 252 232 172 252 249 10 216 87 188 202 251 218 32
    170 175 70 85 42 225 99 181 51 161 1 34 224 176 217 184 120 136 1 16
    31 101 158 192 252 98 113 193 77 117 130 158 164 25 254 213 120 13
    233 104 217 19 91 153 119 112 94 182 158 157 45 47 235 230 118 6 90
    197 134 229 250 76 0 221 233 19 225 191 63 229 35 254 95 223 160 251
    242 41 125 1 201 95 172 44 222 23 175 179 42 213 5 214 93 174 61 113
    95 107 68 23 158 185 98 64 7 101 21 134 75 60 16 102 240 72 110 68
    68 169 140 40 238 176 11 197 147 65 197 121 64 134 81 84 174 60 239
    81 137 131 101 136 181 42 0 252 62 199 84 71 84 81 253 158 194 115
    48 213 54 80 147 23 167 189 203 191 154 137 66 211 20 203 178 194 48
    111 77 230 238 81 163 138 42 71 246 43 215 144 234 174 244 68 183
    162 61 153 125 60 60 104 247 90 27 237 101 60 28 231 135 160 61 141
    36 14 210 130 186 37 127 59 69 73 48 118 141 115 229 99 24 21 245 28
    254 30 130 186 223 7 168 103 233 199 88 180 46 92 162 175 20 13 50
    148 252 4 64 103 42 212 38 180 43 29 6 88 119 253 203 81 119 163 161
    18 10 70 34 14 188 205 243 204 24 113 14 25 136 161 243 107 31 25
    192 7 106 183 135 54 192 43 213 119 173 239 95 23 246 113 54 11 115
    79 103 240 160 24 239 87 165 113 92 222 41 165 111 148 120 235 242
    45 151 131 5 127 145 61 210 238 163 69 225 187 36 143 110 103 254 67
    185 155 208 152 86 234 212 112 172 86 74 78 200 25 42 48 92 192 192
    141 144 205 67 185 63 139 10 21 246 91 107 230 61 38 179 138 8 36 61
    19 27 101 202 137 115 98 78 195 141 129 13 25 187 225 183 106 211
    107 202 20 117 94 4 112 226 45 167 187 190 40 132 162 156 124 165 65
    246 118 163 247 114 89 150 185 186 64 168 199 183 15 88 175 128 208
    41 207 187 94 204 60 186 209 134 169 218 40 26 202 115 123 220 228
    177 173 162 193 78 126 3 142 66 163 242 70 189 114 145 65 179 49 93
    104 78 77 126 0 129 78 58 216 51 110 220 72 11 13 117 111 159 88 250
    194 197 240 66 177 150 99 71 165 40 163 27 142 140 236 74 196 78 87
    169 4 149 194 235 117 224 108 165 6 228 119 10 121 169 193 83 46 38
    8 33 9 161 159 183 31 216 193 96 137 137 215 167 219 24 38 215 196 5
    193 11 89 51 163 54 29 83 136 37 45 23 150 240 87 170 75 225 220 68
    138 44 101 218 164 34 234 144 241 220 174 110 168 135 27 86 116 18
    54 144 9 146 75 201 83 70 124 74 48 229 172 113 103 89 109 124 147
    246 108 92 102 56 114 78 109 23 0 71 90 36 245 118 179 228 161 217
    142 23 44 63 35 142 209 179 122 113 6 48 153 36 136 41 19 187 177
    173 196 211 60 30 210 64 240 89 5 40 116 237 232 130 117 58 72 39
    146 151 42 177 78 20 77 71 231 21 220 210 63 131 14 202 106 232 76
    162 7 41 232 186 36 0 11 147 152 28 151 157 171 246 244 111 137 44
    220 15 233 191 26 222 144 210 250 6 12 210 10 110 225 142 95 211 129
    82 17 194 190 4 77 90 177 126 202 70 102 94 7 16 240 211 138 201 214
    50 253 70 207 34 167 70 28 70 197 194 71 249 56 139 151 135 248 85
    69 91 79 165 120 76 190 198 150 51 215 12 169 149 254 123 129 219
    202 245 165 24 16 188 37 235 66 105 10 167 5 106 97 72 90 133 4 17
    51 78 21 177 223 94 32 223 55 110 141 72 88 46 13 199 21 209 114 205
    247 87 136 250 239 13 91 56 8 22 181 82 6 30 54 165 35 102 103 229
    175 219 91 157 250 57 17 34 18 229 53 11 74 8 40 56 103 237 217 113
    161 202 31 36 243 123 160 248 150 142 8 210 157 155 124 219 160 22
    91 242 148 209 133 23 225 171 182 137 218 47 201 96 65 60 142 17 218
    90 181 218 174 253 227 73 13 10 234 223 244 148 225 153 125 88 152
    32 59 110 39 164 33 199 75 17 73 98 69 147 25 195 116 142 61 248 248
    129 59 172 224 20 87 234 239 187 157 158 166 38 230 220 186 200 153
    142 206 108 157 118 132 51 52 100 49 239 119 26 111 172 105 32 207
    102 203 50 173 118 19 153 15 41 124 127 144 41 220 53 71 40 188 116
    14 166 160 56 8 21 35 53 159 144 98 200 198 71 111 196 157 121 37
    241 11 232 157 173 194 84 116 133 102 75 108 167 90 33 231 74 251
    120 109 86 249 62 119 236 77 52 25 101 215 227 118 14 98 126 179 70
    103 151 7 69 251 34 193 240 12 225 199 30 7 37 65 107 99 104 111 100
    67 7 23 2 4 253 150 15 171 65 193 37 250 210 36 22 140 124 41 91 123
    41 182 246 239 242 211 202 203 120 72 35 231 196 47 142 135 247 18
    102 201 91 145 142 205 246 158 121 218 8 90 24 199 194 134 152 237
    208 44 225 30 33 199 182 182 16 83 54 233 50 189 92 192 3 25 62 66
    165 155 95 100 150 114 196 74 0 245 59 200 70 100 151 149 76 166 22
    163 61 150 245 62 39 200 218 29 221 102 153 12 236 209 27 86 126 49
    144 116 113 238 71 226 240 143 220 62 156 37 197 135 34 8 152 41 206
    17 28 223 110 240 2 172 196 93 132 110 216 229 119 27 155 26 229 171
    217 238 4 31 34 193 166 196 237 38 166 192 120 104 144 178 209 37 99
    130 253 104 22 227 92 70 45 246 171 67 212 108 57 150 67 148 31 125
    75 135 187 15 189 220 111 143 175 70 128 86 178 81 129 116 118 182
    84 110 166 226 226 185 198 110 90 2 13 184 90 215 252 103 51 100 200
    184 17 83 247 43 137 179 39 249 178 121 84 39 10 190 198 136 74 221
    218 205 208 168 248 87 0 7 206 107 196 241 15 241 216 133 228 92 213
    228 154 26 41 177 10 243 177 106 209 11 50 39 174 23 108 170 185 102
    53 255 178 119 153 195 87 111 145 217 203 24 211 41 193 59 197 217
    176 211 221 156 140 82 4 85 210 25 169 134 32 117 182 196 249 27 225
    147 50 217 164 173 169 130 35 251 193 38 228 18 4 188 237 108 40 151
    76 104 89 166 235 13 28 240 147 57 159 240 5 186 127 117 63 7 126
    132 143 121 43 44 225 241 96 124 86 131 135 2 168 25 220 155 31 224
    80 71 135 142 153 214 226 199 126 228 182 25 248 228 88 200 255 100
    252 229 40 72 243 59 126 189 69 205 227 166 37 233 3 177 237 107 65
    71 144 124 69 232 216 146 107 94 17 24 98 142 236 26 226 62 194 153
    100 175 161 163 28 197 218 137 25 173 86 61 25 127 40 65 186 201 93
    239 144 44 162 178 187 141 31 17 127 48 73 149 167 208 120 42 69 153
    69 19 254 57 40 100 252 175 49 224 171 24 35 201 32 189 101 1 154
    144 8 180 207 27 130 31 237 2 92 154 104 156 154 11 66 175 205 17
    163 5 78 89 167 235 154 5 188 123 225 61 237 0 92 54 142 114 72 194
    29 250 201 144 25 70 38 37 255 235 40 69 169 27 164 198 12 52 195 2
    128 214 84 200 135 170 113 110 115 168 223 198 100 131 71 138 18 183
    16 5 22 161 248 172 72 63 85 225 247 0 65 191 27 239 52 251 250 27
    164 1 157 64 90 141 66 160 189 108 17 55 178 125 166 89 227 66 81
    119 74 226 214 202 216 184 209 217 2 37 135 30 7 82 78 83 50 100 27
    160 235 191 231 65 237 141 92 176 181 5 188 115 145 140 29 166 61 94
    109 106 24 7 208 93 82 220 250 130 144 18 39 36 120 221 39 22 70 220
    202 43 170 199 209 67 229 231 181 195 59 162 231 40 111 213 22 255
    83 201 105 1 80 62 199 225 189 51 240 181 32 8 216 173 223 111 226 5
    1 239 144 4 107 138 10 9 38 82 179 42 171 90 228 19 233 245 120 55
    212 218 115 65 188 114 29 204 42 160 65 248 0 145 197 135 248 181
    151 40 246 209 71 232 238 90 231 251 59 174 4 33 201 30 91 22 145
    164 242 135 143 79 123 50 81 33 155 72 29 149 212 175 172 76 131 36
    131 252 156 92 213 194 109 131 103 254 219 56 160 164 197 46 215 128
    229 252 156 57 14 204 57 135 118 187 123 161 211 109 127 29 197 188
    247 121 220 78 195 250 157 90 138 81 155 140 64 8 111 167 28 90 160
    10 48 94 93 92 190 54 48 111 96 239 96 223 169 182 205 138 197 180
    224 125 249 229 195 171 216 32 238 193 226 30 185 165 70 79 217 85
    83 137 19 87 187 60 139 123 213 44 98 26 55 153 100 215 242 228 76
    103 247 80 247 93 84 192 237 232 238 217 116 26 61 140 73 76 127 209
    197 32 110 111 249 167 155 164 175 33 95 154 140 138 110 67 60 239
    11 176 218 84 35 191 81 197 142 221 1 150 42 158 10 106 196 94 97
    109 132 10 132 134 61 222 198 49 27 126 42 37 140 88 87 67 120 247
    37 247 3 93 4 190 207 196 138 215 199 3 188 196 248 231 202 235 186
    209 112 194 36 18 240 234 145 17 206 23 54 128 89 77 13 106 115 150
    169 6 186 126 242 172 83 209 182 238 151 3 58 153 6 191 76 125 69
    236 238 249 28 73 48 159 120 6 106 244 251 217 138 254 184 207 128
    93 1 207 121 204 36 105 186 91 6 169 21 50 116 56 163 22 251 114 82
    118 107 72 104 11 162 96 38 179 143 69 204 153 243 141 203 84 166
    124 201 243 229 64 39 64 153 165 99 108 83 140 203 251 30 243 191
    230 157 161 17 23 42 29 150 117 120 44 217 152 95 174 60 152 94 200
    102 239 108 168 66 12 61 49 119 60 177 31 153 182 86 32 110 216 98
    18 10 1 253 227 126 55 147 194 100 113 77 29 44 229 42 156 246 62
    139 210 151 208 195 120 157 145 164 218 29 0 124 145 72 200 11 150
    185 208 181 1 51 67 217 135 153 231 174 70 25 83 200 32 186 218 167
    175 191 167 180 233 157 132 68 248 130 197 57 207 117 214 96 235 75
    230 117 140 148 23 95 77 60 38 118 129 133 249 49 147 101 177 183
    208 233 216 94 63 232 53 83 11 14 102 164 224 160 208 80 18 123 232
    12 41 227 120 112 8 36 45 208 162 117 187 161 225 132 141 124 115
    217 30 224 59 231 96 19 66 58 15 36 238 120 40 165 110 113 226 143
    77 18 240 74 73 124 238 104 167 53 3 234 53 177 185 195 94 120 192
    75 195 103 255 208 229 172 140 169 44 124 97 53 109 32 18 156 49 19
    214 225 42 231 47 100 73 147 153 222 87 50 19 110 254 128 124 60 0
    30 255 187 0 195 56 157 147 79 238 202 113 223 183 171 168 137 47 10
    181 253 243 14 17 123 16 194 69 115 235 195 12 52 241 166 224 70 125
    249 29 101 80 68 37 77 80 174 157 30 82 243 16 221 183 140 160 159
    143 108 24 18 44 153 235 0 230 35 208 136 180 207 129 124 245 59 92
    18 230 171 209 244 222 142 18 213 130 43 3 166 123 181 143 41 246
    212 12 165 221 245 178 73 243 93 130 79 58 66 177 83 31 255 232 154
    94 101 140 73 23 98 9 195 26 242 71 242 205 228 246 202 251 230 132
    57 189 133 26 105 27 78 11 150 205 53 54 2 129 123 223 115 91 198 97
    82 6 33 73 112 83 186 253 234 171 5 71 252 136 85 236 66 226 51 106
    195 189 241 185 169 97 205 193 220 101 177 115 185 1 101 12 82 28 84
    160 134 188 111 62 101 93 184 118 59 105 184 255 20 237 138 206 9
    246 1 123 30 209 185 156 151 32 203 248 215 123 173 42 54 93 214 116
    73 39 24 224 26 92 102 236 182 137 82 133 251 116 130 57 27 155 99
    37 188 30 73 134 148 167 67 90 128 221 22 208 233 10 149 210 207 52
    43 14 206 163 65 150 82 109 88 46 44 198 157 234 80 229 145 191 178
    212 147 185 30 234 153 236 101 232 227 36 41 211 16 130 24 6 46 105
    245 5 48 38 126 155 119 69 73 199 215 112 203 21 211 224 190 84 14
    220 117 241 26 232 83 12 157 21 149 38 103 229 197 158 147 197 52 29
    26 151 155 45 180 79 59 111 88 190 169 113 71 119 194 152 234 178
    106 188 165 177 19 235 235 195 200 18 17 209 101 34 35 226 57 181 67
    133 174 38 11 16 148 99 113 134 52 230 234 10 106 60 94 205 46 157
    183 15 247 17 109 164 47 253 59 93 177 112 68 77 5 13 57 10 26 224
    107 205 159 155 48 30 84 175 202 154 36 253 175 172 95 154 187 143
    15 4 221 214 232 73 70 240 130 234 198 81 238 4 115 173 17 46 69 87
    217 190 229 159 228 255 206 155 48 83 53 151 253 235 39 23 24 40 182
    21 86 65 251 126 109 166 76 153 130 127 80 169 121 119 26 164 144 93
    51 232 93 157 194 20 191 93 131 197 213 50 133 178 224 133 207 21
    215 23 30 186 153 131 116 35 123 139 147 192 174 170 90 50 187 146
    28 83 114 89 181 192 200 214 82 108 165 33 99 154 207 49 136 230 205
    65 60 12 247 221 204 112 245 151 125 149 167 19 89 147 121 8 36 99
    177 230 88 171 88 234 97 176 22 188 67 83 55 98 214 182 61 87 162
    208 5 244 99 47 96 100 209 48 20 156 147 195 111 196 98 177 134 5
    203 188 118 163 14 187 246 112 230 56 239 10 158 40 126 46 101 36 31
    180 83 53 59 14 217 242 6 170 54 73 99 93 219 146 91 4 11 188 210 59
    235 99 226 199 89 190 83 212 80 169 157 127 71 64 56 237 247 76 71
    26 137 193 94 184 160 30 190 74 98 132 110 173 51 193 27 80 136 70
    135 120 76 18 182 110 55 255 196 81 131 8 73 226 120 20 173 100 115
    252 163 2 222 238 245 110 156 178 44 76 242 6 207 194 243 4 50 27
    137 245 147 196 250 194 209 36 23 78 190 120 166 68 255 242 173 33
    117 95 23 173 207 211 71 195 70 211 129 183 38 66 94 235 25 124 144
    110 80 27 7 216 173 89 190 211 138 199 44 93 7 254 52 141 165 20 98
    168 52 234 89 247 79 247 41 21 203 143 148 98 7 4 228 108 69 49 200
    147 214 117 114 146 135 227 2 219 64 61 86 0 92 43 47 68 73 230 147
    179 215 205 234 219 91 237 210 2 212 97 174 20 57 215 141 180 233
    128 218 42 91 65 208 76 202 7 92 240 43 48 206 223 220 45 88 230 149
    7 89 91 16 96 114 20 57 206 34 132 88 246 246 170 230 22 180 142 140
    106 71 80 46 25 212 35 166 213 48 124 239 225 31 67 95 79 221 141
    102 88 207 241 56 107 244 187 102 149 71 106 184 153 239 31 167 210
    37 99 194 212 1 62 80 134 60 205 172 79 31 54 33 20 98 59 30 72 56
    96 200 34 14 143 192 12 135 186 4 221 45 49 232 49 32 161 124 70 87
    246 114 202 109 116 132 137 131 50 87 155 180 255 135 165 133 136 33
    243 106 128 90 136 181 177 12 137 127 95 252 218 66 19 241 51 235
    251 117 195 66 31 59 28 71 112 46 86 135 27 21 216 207 155 67 124
    139 22 96 177 21 230 45 195 237 28 241 2 245 146 50 207 17 203 243
    43 162 205 40 57 13 189 154 184 222 23 200 98 80 101 177 223 180 49
    150 37 96 202 77 1 104 214 95 20 195 70 132 96 202 15 71 82 85 198
    47 162 239 212 68 70 249 46 32 233 33 53 215 152 231 188 35 31 150 9
    130 226 179 182 229 236 232 106 83 80 60 22 107 90 132 197 112 216 7
    228 243 227 26 116 81 240 32 77 135 130 190 204 6 80 239 221 198 178
    80 127 3 87 58 212 107 66 32 167 239 9 20 207 70 114 129 114 103 56
    72 64 226 201 4 137 28 42 54 17 219 9 41 160 86 207 255 197 247 196
    165 154 15 14 111 166 5 59 110 6 137 8 193 224 36 177 202 69 33 126
    58 110 199 83 220 50 0 48 222 1 15 233 143 0 125 156 64 145 74 1 89
    68 149 57 10 165 106 4 157 44 74 239 247 220 17 31 178 65 250 175
    110 102 29 96 155 140 122 143 180 182 130 30 233 253 48 159 17 53 8
    124 72 134 101 38 58 192 227 6 49 204 189 251 216 67 30 250 88 97
    177 95 96 21 198 124 186 125 108 25 254 160 160 140 65 233 177 99
    111 173 132 153 167 188 62 229 148 126 95 1 171 183 103 96 86 39 126
    188 27 36 202 129 33 188 73 255 57 18 157 62 99 101 196 219 102 233
    245 160 142 60 20 120 113 92 61 151 131 165 101 79 72 4 224 158 226
    35 30 241 145 39 188 113 32 133 38 83 227 2 39 86 123 205 34 98 136
    183 162 87 231 198 246 162 196 110 99 220 30 138 251 207 53 228 85
    73 61 150 85 95 248 210 145 42 45 170 194 149 125 219 196 195 149
    147 142 115 162 144 38 14 24 8 93 111 4 118 100 159 249 218 137 106
    113 162 232 46 176 248 6 165 163 193 62 5 216 54 122 168 127 196 57
    156 88 230 223 119 115 172 249 203 29 203 252 209 140 134 91 208 175
    80 97 141 66 45 232 241 1 76 233 216 155 44 85 72 4 102 16 184 80
    244 55 201 50 241 215 209 63 201 35 67 114 96 55 208 49 37 159 249
    134 154 145 180 0 214 123 37 99 31 178 179 40 194 206 172 82 26 66
    235 7 211 131 82 14 61 157 206 88 239 54 199 54 221 183 245 144 17
    51 53 60 85 128 148 130 45 84 187 174 36 226 145 18 167 126 115 84
    175 115 152 251 159 253 166 26 34 97 181 4 111 80 220 68 228 241 151
    59 175 25 93 192 157 161 108 152 88 217 234 142 180 127 176 183 171
    126 42 198 228 138 218 178 189 212 133 78 233 101 114 242 129 45 93
    206 182 132 22 46 246 237 26 67 140 167 78 21 149 99 100 92 187 251
    194 92 57 71 148 123 246 174 80 68 232 53 48 181 215 230 17 255 148
    186 148 169 126 5 187 101 225 2 226 90 126 125 246 3 126 20 76 196
    175 75 191 53 90 240 40 250 180 209 208 36 186 102 34 31 13 90 139
    32 137 148 168 8 121 214 76 237 116 160 29 4 4 82 222 96 123 120 96
    213 113 161 144 208 107 75 206 21 220 19 206 162 220 25 4 38 136 9
    45 45 21 90 199 107 157 116 153 252 39 20 62 105 251 18 196 208 82 1
    211 52 156 102 96 55 189 211 15 5 239 117 182 186 79 158 117 109 120
    185 80 245 87 178 141 27 216 141 204 248 188 41 184 21 89 25 221 103
    162 49 103 25 122 126 207 113 18 97 172 24 82 241 16 98 53 61 23 77
    245 148 183 198 104 42 211 12 108 236 240 25 59 190 218 9 170 16 201
    11 146 189 176 10 227 144 146 230 36 79 252 73 9 23 233 175 188 31
    249 173 19 78 218 188 25 208 25 20 102 10 197 233 181 213 79 199 18
    28 255 122 125 191 134 143 113 105 89 102 155 228 65 137 205 212 95
    165 201 104 150 0 145 155 58 82 107 1 180 161 30 146 166 62 103 186
    51 127 206 253 52 221 144 47 68 163 30 167 0 202 49 156 91 243 30
    179 236 154 45 154 226 166 119 22 200 69 86 189 158 139 92 196 64 3
    24 153 127 38 92 207 63 201 50 210 167 214 100 49 77 54 225 83 225
    208 164 131 68 29 237 145 127 179 248 248 30 246 227 168 149 202 229
    83 176 48 195 250 34 89 31 20 139 207 58 187 71 54 71 221 188 232
    205 7 15 146 227 43 190 233 161 57 230 238 8 158 144 102 57 115 101
    122 151 9 2 250 214 90 163 168 223 46 156 95 39 19 163 86 91 206 22
    78 194 174 25 35 79 71 13 139 72 232 146 199 244 53 32 12 235 50 179
    86 17 19 72 235 161 98 114 141 133 49 99 228 157 51 235 216 223 95
    65 23 132 139 219 162 30 150 144 143 92 121 2 37 37 239 226 239 240
    53 87 247 178 40 243 17 92 39 228 31 206 30 46 91 169 201 85 169 17
    125 88 123 165 126 54 237 25 5 82 209 216 100 91 68 139 193 180 223
    15 199 102 47 28 19 158 246 144 224 107 197 114 168 164 32 237 13 18
    151 151 202 17 7 71 52 178 221 37 124 129 63 182 175 39 202 207 104
    223 9 72 165 59 223 37 44 138 63 154 22 12 120 94 6 186 90 252 8 70
    145 228 122 52 112 12 202 142 88 216 39 121 115 146 87 44 193 202
    215 128 30 95 85 132 138 68 113 36 190 131 55 72 203 95 54 233 39
    232 39 164 237 145 21 164 124 168 200 224 255 14 160 150 134 62 200
    90 109 157 10 193 58 196 38 83 17 45 222 114 120 122 236 71 118 221
    132 21 70 46 158 78 76 235 42 134 35 73 156 170 199 48 27 132 23 130
    87 27 244 6 126 180 171 44 44 250 65 167 27 48 120 104 90 166 34 48
    29 154 35 205 111 184 205 251 193 105 154 22 65 104 154 139 188 100
    67 224 88 201 58 68 95 182 73 12 161 180 242 39 219 196 222 226 184
    100 118 195 123 18 219 80 34 97 132 82 109 48 130 144 219 183 167
    208 105 198 173 245 53 127 177 34 24 164 104 147 70 59 24 253 122 65
    10 55 17 225 44 96 234 237 88 45 109 19 84 195 42 74 152 176 183 243
    96 120 203 139 81 31 118 177 239 69 56 81 102 135 37 89 1 92 176 111
    238 104 41 131 9 164 18 242 239 122 145 63 124 57 200 113 85 223 53
    99 77 188 185 113 0 227 58 148 31 245 93 219 244 79 213 209 251 209
    5 146 239 222 173 148 174 237 107 254 18 211 32 75 242 193 13 249 18
    144 242 127 83 149 33 163 1 152 142 255 18 64 202 236 236 159 232
    116 7 119 64 184 172 168 163 164 44 45 159 141 23 23 43 116 159 16
    155 179 32 165 67 139 255 131 138 234 115 200 65 197 48 144 211 196
    144 195 30 60 133 3 34 158 122 66 184 68 185 225 69 22 143 224 47
    236 17 73 128 158 92 74 124 37 69 1 244 141 210 107 90 52 102 243
    143 133 241 130 158 203 77 214 167 115 164 31 213 134 15 227 18 201
    217 132 252 19 225 48 160 27 93 127 233 25 24 247 12 218 206 140 24
    176 247 182 141 105 57 13 215 230 47 251 229 13 224 121 137 179 15
    159 26 57 241 165 87 225 37 156 71 56 243 28 206 3 40 105 159 153
    205 48 109 74 138 166 142 81 85 20 28 78 80 13 247 144 243 255 58 70
    69 50 169 128 86 49 34 240 120 243 87 139 204 127 251 135 98 150 146
    44 34 21 221 227 84 4 102 180 80 63 75 205 55 232 11 226 108 17 225
    163 143 243 78 53 65 109 97 180 138 22 191 199 253 74 15 158 5 88
    142 100 193 82 26 20 190 169 9 174 216 149 69 114 149 214 150 40 81
    181 90 128 221 148 244 85 67 239 249 39 70 122 33 84 126 222 149 73
    41 174 124 247 125 16 171 189 7 12 208 166 185 219 108 110 157 249
    130 85 128 67 93 238 32 49 43 80 207 169 180 211 82 96 104 194 17
    233 204 230 223 237 214 209 54 47 19 194 159 229 199 185 192 24 239
    213 3 222 80 157 179 109 53 197 212 204 28 93 255 146 190 77 128 79
    86 75 97 121 1 46 49 133 236 125 169 248 106 206 141 96 10 210 148 9
    156 90 33 171 230 104 6 11 45 186 93 47 57 157 108 140 249 181 0 148
    23 100 217 150 158 35 97 111 254 112 187 80 108 82 136 238 10 143 16
    64 17 148 187 178 24 67 229 171 175 223 32 208 193 18 139 18 216 191
    1 225 1 88 101 255 93 59 110 165 162 178 207 194 247 95 123 116 46
    182 160 229 48 68 1 245 191 197 231 53 158 122 29 92 162 196 185 112
    1 178 125 235 218 54 78 2 255 133 70 234 61 48 144 112 46 205 122 2
    144 91 158 17 147 215 111 248 58 10 255 122 189 176 26 20 164 132 44
    41 248 111 227 106 17 154 36 23 117 99 216 216 200 81 38 15 78 219
    158 27 145 154 230 25 229 215 63 205 115 205 116 199 193 42 89 180
    122 216 237 197 230 171 234 218 205 20 46 43 251 161 148 12 1 186 22
    39 103 193 67 27 238 20 177 202 224 62 5 55 5 209 50 107 175 205 102
    84 77 123 147 155 55 21 61 94 20 126 253 100 211 42 247 187 213 216
    18 65 90 211 71 63 99 110 202 177 197 216 82 138 59 199 243 77 52 27
    57 7 48 162 35 187 19 2 238 135 7 73 63 250 113 201 63 132 140 214
    222 210 122 15 95 86 7 223 52 238 19 229 202 190 247 126 46 153 79
    70 183 54 202 68 85 109 70 230 179 17 168 189 83 40 195 9 32 115 142
    230 30 89 109 118 243 42 177 199 141 231 43 189 248 165 154 179 254
    194 178 161 63 33 16 45 233 223 202 210 182 162 141 174 127 119 167
    190 249 53 70 79 118 215 197 120 216 177 246 220 147 10 175 129 57
    245 95 154 184 77 93 50 22 96 174 2 153 30 57 176 2 244 80 187 243
    69 231 70 68 130 135 137 196 252 40 250 103 255 242 56 194 116 49
    199 213 22 13 203 169 126 235 181 127 66 172 213 255 227 27 12 112
    77 55 53 204 90 105 17 47 48 9 152 117 110 113 242 83 27 95 112 245
    20 207 55 236 133 116 48 19 237 137 191 230 124 187 192 177 221 246
    78 157 117 212 78 51 3 254 147 182 47 39 129 249 246 71 208 142 225
    214 115 23 3 138 123 26 221 147 173 196 250 121 7 100 208 75 181 191
    212 104 150 34 130 45 125 106 7 83 5 214 92 149 77 9 35 144 248 14
    193 160 21 31 34 107 6 42 104 251 48 139 175 169 123 40 74 56 126 56
    94 163 42 182 30 255 193 21 103 250 68 104 84 239 249 59 44 121 25
    170 71 185 215 42 60 125 127 30 127 175 184 153 116 6 233 194 118 22
    54 70 157 131 216 60 94 163 19 219 254 139 20 166 197 246 227 198
    159 217 221 32 81 19 210 106 76 34 123 194 180 176 92 175 204 243
    215 74 206 160 248 184 83 174 43 203 196 144 234 213 226 18 102 86
    142 86 88 62 99 146 166 201 147 4 240 117 143 82 221 184 182 62 33
    27 19 3 155 92 44 100 58 212 171 6 166 127 50 129 242 74 108 29 232
    198 103 183 72 156 73 27 255 228 225 111 8 160 152 55 7 226 79 192
    95 40 42 5 188 81 32 51 212 3 37 193 49 26 173 94 116 167 62 73 34
    137 143 8 78 86 8 206 135 180 50 27 164 89 207 168 75 199 127 209 26
    117 55 240 147 73 1 161 196 236 158 53 138 40 34 78 157 47 248 32 10
    3 131 95 89 148 185 244 156 199 35 106 39 128 75 40 196 7 8 126 249
    55 160 247 251 118 101 26 66 61 223 164 6 191 63 226 76 222 183 239
    61 217 63 168 185 141 249 185 123 151 60 129 118 73 143 158 68 51 94
    124 109 94 255 96 56 228 234 216 8 250 69 23 32 31 190 18 178 36 232
    0 37 23 61 89 121 83 82 167 180 84 207 120 227 25 104 192 175 143 23
    130 248 198 33 208 2 183 114 230 169 45 147 32 71 84 119 4 213 100
    80 247 14 4 226 236 176 176 170 39 18 146 4 112 57 216 143 173 49
    167 227 66 237 205 233 235 32 204 244 39 140 66 37 91 235 199 99 31
    20 90 109 3 39 176 119 21 6 191 183 68 164 11 88 165 67 229 239 129
    135 25 219 204 173 198 167 73 169 163 156 5 219 132 108 17 210 3 244
    132 90 205 149 0 180 34 87 46 15 59 176 108 147 254 89 163 95 109
    137 166 172 163 114 55 236 70 152 8 113 210 56 131 235 144 190 99
    203 19 145 104 206 149 0 24 97 243 12 253 87 135 197 216 65 34 218
    102 32 129 248 151 232 51 65 52 26 29 21 91 144 75 38 69 64 165 122
    243 224 108 128 222 54 250 89 18 69 41 84 62 85 1 6 13 32 227 27 189
    14 74 109 29 153 37 188 234 255 203 19 131 127 248 10 230 42 116 227
    232 17 94 56 52 70 66 153 86 240 49 123 248 203 172 41 119 193 31 93
    228 74 193 247 42 235 236 21 156 6 201 249 178 135 15 85 118 186 27
    27 204 5 183 77 234 176 225 247 220 242 45 123 107 148 58 105 106 48
    119 105 12 176 129 54 129 24 95 161 150 249 202 72 110 214 216 174
    50 146 13 75 176 102 236 65 225 205 9 13 243 99 76 47 101 154 20 113
    222 205 59 103 15 218 60 80 173 208 128 64 5 223 28 150 1 104 39 0
    69 150 146 96 53 196 247 72 20 20 63 169 15 156 232 152 9 233 63 129
    239 200 27 105 210 48 241 81 92 15 232 82 242 30 27 50 132 33 250
    207 49 9 206 42 102 30 87 222 39 212 196 212 109 209 239 66 137 177
    129 75 38 208 88 196 153 41 137 86 112 114 127 159 232 21 182 129
    254 135 88 58 35 13 87 137 120 66 172 99 248 86 37 163 8 220 198 215
    222 65 8 217 62 127 171 194 58 175 159 31 13 157 12 9 203 175 23 152
    173 212 163 13 186 208 180 101 228 43 200 128 244 59 135 128 34 129
    101 239 105 6 232 206 203 118 135 3 74 38 212 50 173 55 186 38 185
    46 171 3 249 90 214 52 137 150 99 148 172 153 14 70 119 188 56 99 55
    223 81 190 18 133 69 175 184 152 41 163 4 222 237 244 118 234 90 175
    251 222 197 242 39 69 198 178 39 149 129 96 121 63 179 11 114 179
    232 250 148 163 226 110 244 45 216 142 172 42 202 72 179 249 62 177
    62 217 168 104 99 91 190 148 93 87 161 55 142 157 54 185 104 36 244
    230 201 104 208 216 141 133 22 114 48 83 121 114 239 224 90 203 17
    23 92 104 155 221 229 154 112 166 5 8 141 217 90 139 61 124 40 189
    103 245 197 61 134 121 105 219 149 162 254 79 99 122 65 200 251 140
    210 120 244 150 180 192 170 36 164 88 223 213 75 97 235 141 129 32
    172 250 31 82 169 220 9 3 21 74 242 67 48 82 58 240 141 80 195 235
    106 167 110 17 116 30 198 64 177 143 247 20 59 7 156 161 138 29 190
    170 80 176 134 194 149 70 180 56 7 6 164 97 244 159 114 185 130 174
    16 174 252 12 246 213 88 56 113 125 88 146 89 156 106 125 100 124
    113 96 32 221 195 157 254 212 143 176 95 90 123 152 192 82 92 153
    101 188 184 162 41 212 164 149 134 101 94 34 57 132 9 54 27 42 220
    173 100 175 237 167 35 219 80 44 189 238 91 120 183 183 102 68 157
    206 206 87 217 58 242 154 127 77 197 194 134 42 47 153 55 216 34 61
    55 86 14 239 213 135 184 156 218 193 248 40 38 114 78 73 89 72 74 66
    185 99 222 157 61 208 15 46 203 64 63 218 95 194 38 195 122 165 178
    77 26 131 60 197 88 122 206 76 216 188 173 105 119 55 187 176 59 169
    134 162 123 141 154 229 195 201 159 83 138 221 231 124 134 133 200
    17 60 149 145 98 236 176 104 17 192 157 43 180 100 36 215 202 41 245
    204 162 70 19 154 112 168 175 145 39 183 248 39 74 122 106 38 254 59
    108 156 116 59 48 240 204 195 27 162 91 188 235 201 200 149 164 44
    106 143 96 196 4 23 156 41 211 156 105 69 13 61 12 182 70 233 152
    185 81 29 242 74 149 142 180 241 204 75 137 251 9 157 67 29 226 230
    128 155 235 41 81 202 186 228 1 218 30 150 125 125 143 71 191 76 120
    212 6 150 198 2 99 84 73 113 38 166 141 119 27 70 254 147 31 1 159
    249 244 0 201 27 82 61 84 95 88 181 32 239 115 83 129 58 187 160 130
    37 156 93 3 234 117 209 24 191 157 161 176 214 21 99 88 72 233 66 32
    140 212 65 161 104 64 129 207 141 111 236 76 253 121 75 69 229 178
    250 76 129 210 134 22 210 8 17 21 6 190 153 26 31 118 101 38 108 32
    17 240 120 212 4 192 47 189 174 208 36 202 193 138 106 196 246 197
    86 193 60 182 243 225 69 65 62 199 160 70 195 158 226 70 134 218 185
    166 58 114 123 62 51 56 242 27 52 250 85 60 229 115 3 169 212 80 209
    135 202 85 128 40 64 223 154 134 220 210 104 62 14 173 78 128 194 44
    246 210 57 194 22 225 200 88 153 104 166 151 208 214 178 146 19 150
    77 212 155 200 255 48 171 129 150 40 236 29 159 138 147 73 57 23 132
    48 74 25 132 48 170 148 50 19 107 136 89 196 18 118 51 152 218 236
    128 21 114 24 223 191 243 66 19 78 78 56 129 27 218 90 186 194 128
    216 187 82 53 180 100 228 10 255 228 222 27 240 130 148 182 217 193
    134 100 129 145 174 167 226 1 81 55 158 26 29 134 85 80 244 80 39
    105 148 67 202 233 143 255 108 193 70 29 253 3 247 178 0 202 215 179
    227 127 23 221 60 91 162 200 141 70 201 9 120 62 103 239 90 65 54
    240 14 167 177 138 36 250 236 179 158 34 88 161 108 147 48 166 221
    218 241 202 178 56 161 10 3 153 211 235 212 243 123 164 209 226 253
    161 131 125 145 107 255 159 139 223 248 112 100 138 135 238 106 37
    249 23 216 209 151 21 70 6 124 137 188 188 111 197 33 68 240 3 2 142
    79 141 187 13 86 47 31 233 184 50 1 46 232 17 1 224 74 248 171 126
    41 209 42 23 118 252 123 34 188 181 250 210 196 115 199 44 8 111 98
    11 223 188 44 193 230 202 180 102 178 10 116 103 189 211 17 96 83
    100 105 61 235 18 128 157 16 236 179 57 103 122 252 5 80 51 128 254
    38 3 88 171 51 7 205 71 254 176 127 235 33 138 145 120 72 43 151 216
    22 97 71 199 200 95 199 105 135 147 74 79 13 78 195 108 116 244 230
    224 72 138 146 11 121 171 2 193 58 81 106 8 181 250 0 90 46 222 177
    247 186 179 119 10 26 151 37 14 163 130 115 128 120 14 221 203 92
    173 82 191 225 249 153 1 25 61 140 203 143 157 207 113 8 182 157 207
    18 131 227 19 46 69 85 61 117 209 176 8 77 56 45 215 203 107 234 95
    216 204 117 102 169 96 252 148 172 158 47 80 27 24 6 201 130 94 246
    153 179 164 25 63 190 114 11 231 178 108 196 253 79 97 143 239 230
    120 193 62 56 226 55 190 51 117 77 51 124 137 91 237 74 16 2 211 110
    179 194 162 56 203 174 43 229 130 7 46 187 209 160 236 195 46 11 97
    234 158 248 108 189 143 219 144 172 137 88 114 10 118 127 194 201
    143 248 14 209 251 98 140 107 41 51 66 204 165 123 192 75 82 88 3
    113 169 98 236 42 181 110 145 132 109 242 168 43 149 85 186 203 35
    113 97 150 242 232 186 19 55 81 196 98 114 101 190 30 167 175 127
    155 140 128 211 147 54 92 55 106 225 250 117 31 214 189 255 246 154
    65 147 178 105 6 138 48 251 185 224 62 195 15 138 120 106 76 115 31
    5 146 7 196 195 30 126 123 198 123 231 208 89 41 99 107 43 2 88 186
    175 93 254 232 175 187 238 194 84 29 233 137 68 43 38 222 202 246
    176 123 36 189 123 135 227 94 200 8 247 232 195 153 71 231 11 106 40
    90 124 6 146 199 102 174 39 84 105 34 159 30 96 58 248 61 24 38 151
    229 140 149 162 71 100 65 70 248 129 119 27 27 186 22 202 255 72 35
    190 6 133 84 213 49 199 153 73 29 110 247 163 107 182 205 171 68 156
    108 140 34 131 248 119 196 65 245 135 67 209 149 171 72 87 27 143
    201 223 237 10 128 100 18 192 143 146 174 99 199 102 241 186 71 197
    207 27 18 79 41 121 181 54 151 181 181 38 25 214 136 245 149 165 212
    143 228 113 27 224 74 60 179 208 173 12 217 214 3 181 85 213 238 177
    109 190 71 215 137 4 208 72 197 246 90 240 115 94 18 106 236 203 158
    206 70 74 0 177 76 247 82 230 120 40 56 60 200 99 185 38 35 142 113
    189 162 69 145 88 66 72 45 110 13 2 215 222 70 65 59 94 216 21 224
    80 182 30 188 204 180 176 112 236 72 114 145 115 51 5 224 135 53 113
    97 16 206 148 99 10 9 238 3 41 8 210 126 117 190 66 235 57 142 8 178
    44 130 127 95 123 120 202 95 60 113 96 53 242 124 54 188 136 28 195
    207 147 24 163 13 199 67 133 216 254 250 156 129 36 190 170 107 85
    132 191 100 49 27 251 80 56 125 20 208 167 219 136 108 95 136 42 202
    43 133 6 89 120 23 97 49 190 174 186 214 39 150 130 213 209 246 253
    98 93 214 216 24 137 224 63 12 254 246 34 64 230 201 68 235 172 149
    143 136 65 65 246 53 180 152 70 226 185 126 111 76 18 233 79 93 122
    0 206 161 81 183 189 164 235 28 36 255 48 150 45 84 124 150 22 88 32
    214 56 167 171 110 82 138 203 234 65 206 240 199 118 130 217 140 8
    132 223 202 183 214 87 35 140 235 58 61 196 47 30 231 7 231 66 144
    99 51 204 4 244 210 26 65 108 155 83 57 94 241 20 177 253 247 225
    177 94 169 181 32 87 235 56 242 213 235 92 203 5 179 34 45 52 76 5
    218 117 224 61 221 10 33 110 250 167 225 20 7 133 23 6 157 173 85
    238 37 202 7 73 236 55 179 91 56 20 134 141 241 196 194 243 191 210
    80 80 124 34 10 54 248 123 33 242 126 242 174 94 238 150 106 2 230
    219 234 96 93 100 40 140 243 102 66 65 226 211 30 128 38 41 11 65
    230 227 240 71 194 195 55 28 120 216 98 13 248 222 119 96 229 175
    235 75 196 112 33 155 109 82 197 231 190 45 215 211 127 206 154 175
    47 22 149 96 234 125 65 21 176 192 126 50 50 76 100 253 88 155 167
    16 247 0 255 231 212 12 69 66 185 246 204 179 73 123 53 121 221 31
    22 40 31 136 28 132 8 170 65 224 79 22 102 63 185 143 133 211 125
    192 205 189 208 158 90 63 170 245 50 210 77 208 67 77 219 83 252 228
    237 202 26 156 45 184 229 219 84 52 166 239 78 132 163 184 91 174 35
    122 102 32 67 85 237 132 177 137 38 252 87 168 54 156 210 252 40 231
    43 183 136 32 30 186 234 191 217 94 19 66 202 136 241 91 27 150 30
    153 148 14 12 65 246 88 3 191 221 100 38 53 137 241 30 144 19 197
    222 244 25 181 88 42 115 46 27 172 37 181 99 59 183 84 242 243 37 96
    218 152 134 57 96 217 64 119 52 64 1 115 181 247 80 154 17 92 5 20
    66 209 163 144 213 216 250 130 79 90 84 96 140 132 172 162 251 226
    220 173 153 86 236 215 124 149 248 4 111 53 107 14 64 15 253 184 57
    198 131 229 215 189 55 160 166 11 17 175 24 82 99 183 37 89 76 176
    93 106 101 227 252 187 240 9 209 88 160 187 93 247 174 179 184 107
    83 92 101 90 112 78 140 67 187 243 8 11 244 123 32 73 30 155 243 86
    137 60 204 29 54 222 107 23 139 203 84 189 77 0 242 5 78 208 29 52
    50 54 174 105 63 61 155 120 184 176 187 63 98 79 232 68 223 154 177
    62 113 102 135 137 104 71 130 166 212 58 169 186 239 183 255 55 48
    197 241 148 168 219 208 141 181 164 225 173 32 224 146 119 156 198
    230 72 159 250 41 140 156 228 97 177 112 161 138 179 142 95 107 134
    132 102 50 136 39 90 114 108 238 38 0 241 186 48 203 6 65 167 65 239
    96 49 212 227 126 229 4 4 30 170 224 115 65 252 215 89 117 83 90 133
    218 252 183 92 47 180 238 176 239 104 123 114 21 148 202 56 35 206
    92 199 165 229 6 135 27 12 2 14 118 7 88 252 66 96 242 25 24 11 163
    83 224 240 185 101 250 176 164 121 58 233 10 145 77 52 218 237 190
    77 89 176 206 202 245 132 144 195 187 98 5 92 85 153 13 223 228 220
    250 101 22 52 161 19 10 209 190 159 29 15 202 60 102 54 200 238 222
    93 232 46 5 153 143 194 118 161 128 207 116 57 44 162 188 63 168 129
    116 5 156 249 19 43 123 75 253 250 49 136 32 167 120 203 98 11 74 64
    36 155 184 167 135 161 104 61 226 225 106 7 209 201 177 97 41 22 158
    187 168 36 146 1 133 0 42 15 72 107 24 208 132 122 221 199 153 3 79
    69 126 90 241 31 171 247 163 45 25 134 61 235 233 12 172 95 40 117
    43 15 109 104 159 87 81 22 37 107 116 81 251 209 186 127 195 55 66
    96 109 50 0 123 208 26 173 63 156 33 152 254 77 26 20 106 128 56 202
    242 119 114 29 254 19 130 35 175 48 224 200 243 97 21 49 138 184 78
    117 136 113 255 79 215 85 27 11 50 196 191 182 34 59 112 15 73 123
    213 47 187 151 243 138 199 229 152 78 119 81 140 13 72 200 124 107
    129 244 46 139 90 239 93 36 200 26 89 93 223 100 82 149 178 156 160
    231 183 191 121 185 21 52 139 170 67 6 155 91 79 60 88 159 190 196
    10 17 53 24 200 233 232 23 191 224 50 97 129 50 23 231 226 54 112
    195 221 59 81 89 7 231 58 120 208 138 250 114 241 176 62 127 7 75
    174 169 87 224 239 193 158 68 20 121 144 46 70 64 238 30 153 17 139
    38 215 81 226 243 148 155 198 157 28 242 215 141 186 192 243 90 212
    198 95 248 40 104 0 100 214 209 253 98 13 28 179 90 140 133 9 174
    207 83 108 80 34 164 89 217 74 106 84 202 10 109 97 55 105 0 163 32
    35 183 17 87 129 173 198 89 127 98 9 86 171 168 196 153 177 28 108
    140 50 40 253 103 174 104 232 210 68 95 56 213 218 98 76 63 43 146
    159 85 187 2 185 235 76 53 85 232 86 17 58 169 216 1 111 134 254 193
    78 134 9 161 247 3 160 82 103 198 186 249 53 14 126 231 217 210 160
    147 210 150 180 241 39 116 55 100 149 105 17 164 195 71 92 217 168
    180 113 93 226 61 109 167 249 26 110 78 85 161 93 34 228 65 5 229
    136 245 30 51 10 252 182 2 166 92 166 198 186 192 207 183 207 206 13
    228 7 231 179 94 63 147 61 197 46 216 175 36 231 184 14 242 234 252
    128 146 136 145 40 115 191 130 102 78 251 200 61 89 6 163 238 74 170
    163 97 123 73 222 154 211 41 13 159 11 235 202 150 184 145 195 118
    41 195 127 243 215 87 184 29 27 163 52 69 4 193 152 119 228 54 180
    97 192 232 89 88 211 29 132 222 6 189 75 221 185 201 79 27 153 150
    63 159 153 27 220 49 32 71 89 174 113 186 55 7 189 163 39 216 129 66
    97 48 10 104 223 167 120 33 86 109 102 180 160 179 231 0 43 201 211
    134 16 44 135 85 201 117 0 120 228 116 248 228 140 229 98 31 111 126
    31 116 49 113 224 122 18 162 52 92 33 37 81 190 235 7 16 69 191 235
    18 57 204 179 225 218 21 96 229 235 56 184 137 188 250 119 39 26 16
    119 74 182 175 140 64 209 6 114 195 250 92 30 31 11 43 49 196 3 14
    115 11 209 234 230 9 124 74 93 252 250 3 145 109 131 178 114 123 12
    63 0 110 99 200 13 0 144 150 16 248 41 239 92 168 130 176 194 7 198
    226 30 155 164 244 39 167 180 78 243 165 135 199 84 243 152 203 158
    205 59 29 78 183 42 180 68 127 25 87 114 66 168 35 183 242 200 148
    184 20 83 171 84 121 209 187 20 33 233 57 136 117 243 164 34 94 150
    124 234 132 153 190 137 51 204 174 161 232 114 235 23 115 147 131
    160 1 63 168 239 91 14 214 129 182 20 181 114 237 180 198 104 67 139
    73 125 83 202 209 232 184 68 91 229 227 184 48 76 162 54 173 23 232
    216 164 148 198 218 95 198 239 157 55 8 156 146 110 250 245 247 95
    199 177 142 199 54 224 91 223 166 73 25 128 182 97 234 144 61 106
    243 36 201 173 33 93 248 121 209 73 92 91 177 130 220 90 123 148 78
    205 212 123 222 114 227 199 214 38 5 145 241 27 184 72 105 48 239
    238 156 219 107 189 74 200 58 47 119 212 165 69 107 245 185 152 194
    219 10 50 45 146 64 192 174 5 167 60 172 170 248 165 202 0 220 128
    162 35 142 159 22 19 40 101 22 117 21 16 89 243 159 111 104 177 218
    97 90 189 252 57 14 74 35 41 157 129 177 66 121 38 150 101 198 196
    49 249 65 222 70 154 209 187 92 10 154 3 75 138 203 24 69 134 97 98
    89 63 194 137 156 186 99 174 143 231 9 243 95 35 60 128 127 228 21
    236 163 12 211 111 114 49 46 229 229 40 107 216 224 166 152 124 24
    102 27 7 27 91 137 5 116 77 34 240 187 81 53 26 174 50 146 210 60
    105 139 229 225 20 26 179 217 183 14 15 106 182 192 107 177 26 194
    94 189 220 243 53 171 54 74 48 104 221 112 230 247 183 115 17 16 26
    233 219 18 161 11 183 100 133 108 142 159 120 239 236 61 152 61 30
    213 48 13 117 169 111 36 38 112 122 179 56 69 214 232 101 105 246
    235 207 102 6 44 30 52 196 235 96 189 228 35 188 248 107 91 251 229
    122 204 180 72 41 157 45 35 80 37 39 175 53 75 194 203 156 185 144
    156 152 64 105 168 239 69 82 5 248 209 98 103 190 32 64 50 37 22 46
    70 99 189 50 12 208 180 163 224 204 172 85 32 83 218 53 101 60 161
    80 9 65 187 105 187 46 222 146 75 185 76 183 178 216 135 164 64 3
    169 107 130 55 40 253 120 212 109 114 76 89 122 112 25 156 250 189
    27 36 97 101 114 171 160 73 143 253 240 5 179 21 15 163 59 0 203 248
    30 208 168 13 155 253 183 9 128 196 166 38 184 210 109 101 138 131
    138 175 202 2 153 221 81 224 253 221 64 47 124 92 43 129 36 27 204
    224 164 248 149 193 229 133 92 121 158 1 121 12 155 216 235 51 58
    183 55 190 58 235 167 115 17 177 65 64 156 204 96 101 167 222 155 29
    200 39 153 100 82 58 76 207 89 68 67 191 238 66 251 78 15 45 189 2
    209 134 24 47 110 8 47 251 39 74 214 208 112 188 56 2 190 249 41 177
    203 190 33 175 188 124 219 43 60 161 231 19 42 253 177 82 138 115
    126 32 112 200 197 154 254 175 79 123 165 6 196 151 65 204 104 174
    238 151 63 38 111 174 239 178 247 208 57 72 215 45 95 144 1 212 100
    72 185 158 43 130 109 88 208 129 29 24 99 125 74 34 55 189 37 0 55
    80 111 147 203 255 11 212 17 214 80 22 116 16 192 21 112 86 13 162
    254 34 154 87 162 163 52 81 13 13 39 17 102 163 132 226 223 231 26
    59 71 224 65 170 227 234 23 83 55 239 187 217 186 91 246 165 125 124
    2 87 148 244 239 183 167 189 192 223 171 253 85 109 103 40 132 116
    58 201 40 204 1 43 172 229 255 32 148 224 216 142 4 20 190 55 90 204
    171 6 64 186 240 98 83 27 166 209 48 222 108 238 84 17 74 99 143 169
    120 16 4 67 194 240 123 34 118 245 172 183 175 211 40 233 63 250 162
    55 200 107 190 178 223 54 74 27 35 28 84 250 88 73 62 61 61 92 51
    186 117 178 19 41 154 19 35 48 163 146 174 156 156 169 81 206 185
    221 27 25 116 102 110 82 230 18 212 152 75 11 33 194 141 187 80 96
    175 238 161 119 168 14 24 238 235 8 246 105 105 124 198 9 73 12 117
    224 0 106 196 207 138 27 83 2 204 41 85 123 0 156 242 171 41 34 103
    101 244 202 17 159 60 78 143 204 223 225 222 99 232 137 76 124 93
    192 66 133 39 103 107 236 219 197 232 112 97 1 195 43 110 5 131 219
    141 127 185 78 239 201 34 160 2 130 155 59 55 52 33 1 109 183 211 61
    115 195 31 7 53 132 20 77 252 49 225 217 201 93 227 80 252 127 229
    181 242 189 233 200 73 95 135 28 29 35 238 100 203 202 174 224 152
    28 21 81 85 220 42 120 150 1 109 36 88 88 80 188 228 25 72 142 29
    165 140 102 1 190 116 169 71 115 186 225 32 3 169 182 35 3 148 30
    168 157 188 205 219 21 85 164 75 53 45 163 158 51 48 64 14 81 246
    135 63 43 168 81 51 86 164 105 221 56 125 155 115 11 182 252 140 186
    158 21 33 91 218 183 111 113 219 25 123 105 10 4 180 172 138 101 87
    113 107 124 29 142 231 247 129 168 202 196 154 43 57 111 67 79 211
    29 245 237 63 183 229 33 188 229 23 48 131 155 233 232 40 203 35 204
    207 97 170 113 174 23 97 180 116 106 254 105 38 189 145 200 58 203
    249 244 246 54 30 33 188 236 135 190 214 107 61 132 219 210 134 125
    76 44 240 150 250 207 240 198 45 216 185 214 118 100 217 205 214 194
    154 245 209 239 171 123 4 238 14 189 163 7 138 19 195 155 202 164
    139 12 22 26 240 82 184 233 11 223 161 107 142 102 237 59 25 98 64
    91 239 81 183 12 132 151 38 110 144 180 234 111 132 102 63 125 34 34
    34 240 178 233 90 100 82 125 151 239 203 134 224 153 78 217 48 147
    106 67 91 67 159 100 116 194 9 130 231 167 179 118 28 139 229 180
    226 177 194 164 16 155 204 196 146 17 206 42 83 161 156 222 137 160
    112 137 77 27 17 254 106 251 115 95 23 75 55 26 238 209 107 135 202
    75 99 79 47 15 56 90 104 158 156 197 120 13 117 92 35 150 240 48 254
    175 186 39 130 73 81 78 226 213 30 172 87 228 122 132 198 13 108 211
    111 246 189 191 16 148 14 238 73 121 179 153 249 8 186 224 218 144
    15 187 238 211 49 3 211 182 222 209 12 205 108 188 148 94 3 81 24
    252 216 212 187 115 110 210 67 190 125 96 83 114 9 236 213 68 147
    199 182 167 173 236 62 4 246 189 49 249 4 144 15 12 212 15 239 191
    75 170 83 67 89 197 179 70 22 217 135 82 162 165 59 195 253 39 72
    180 140 134 221 158 182 239 245 74 110 175 38 241 10 52 29 102 39 22
    147 176 161 133 238 101 66 177 215 190 42 193 15 208 69 254 182 42
    50 101 56 164 214 35 16 186 205 115 102 67 174 129 169 12 69 75 243
    198 239 247 222 69 24 16 85 65 7 54 53 236 18 102 12 33 133 251 112
    137 234 115 117 237 198 128 71 110 204 45 150 92 251 64 184 1 243 3
    225 209 115 12 201 153 227 232 125 5 231 185 248 180 190 237 199 206
    188 134 255 165 219 216 222 93 47 206 110 255 18 91 168 116 136 27
    236 122 26 166 118 19 89 181 119 44 30 67 149 243 131 51 74 252 26
    149 67 14 201 58 89 135 114 7 132 8 185 84 87 44 58 221 245 154 252
    166 109 238 156 134 36 134 22 217 20 133 38 150 66 129 103 181 17 17
    224 109 137 109 114 76 137 135 23 84 51 14 46 191 157 228 98 127 47
    153 76 76 237 128 83 80 6 201 110 10 194 244 111 214 158 125 226 225
    202 143 64 51 182 19 226 229 31 99 241 195 224 202 79 76 252 232 180
    129 138 191 46 199 203 56 163 44 12 84 114 64 237 24 53 53 191 86
    136 149 66 221 120 37 4 69 136 40 190 155 85 72 127 155 162 121 227
    7 226 52 148 188 177 200 129 169 146 142 27 98 164 186 131 167 66
    179 209 169 156 157 50 106 14 174 254 70 198 138 175 15 126 74 24
    187 160 147 249 39 198 127 164 29 162 60 84 46 15 183 89 91 250 6
    234 4 134 123 242 241 124 147 251 115 200 134 255 39 121 10 203 188
    167 165 139 215 172 126 176 175 243 29 58 187 156 159 5 59 216 56
    228 151 71 208 73 167 196 74 49 177 79 165 75 228 50 162 38 14 9 123
    235 181 118 55 183 56 33 247 13 184 12 243 59 151 132 60 196 57 223
    238 52 124 250 249 86 91 64 122 9 97 104 102 248 226 93 109 255 62
    199 18 65 27 244 187 221 222 71 125 210 47 164 86 66 185 18 143 212
    68 162 175 181 60 222 119 161 13 4 147 42 196 73 22 184 59 164 234
    255 119 103 181 1 128 188 140 238 137 5 141 35 226 153 176 232 166
    211 127 83 10 41 86 121 48 250 170 41 199 216 231 70 87 96 68 183
    227 144 24 220 236 15 146 90 198 46 95 102 37 82 92 121 201 18 192
    227 25 243 234 249 141 160 49 135 132 73 19 134 53 120 196 44 232 18
    56 41 47 223 1 222 229 107 235 1 129 142 143 90 62 254 82 25 214 102
    163 14 225 113 95 122 73 97 85 189 0 203 150 137 129 133 254 92 9 64
    189 103 76 147 140 17 182 42 193 80 48 148 222 190 7 122 31 206 114
    91 59 194 40 48 158 67 231 241 254 38 196 196 236 174 211 29 100 215
    204 113 255 137 212 167 14 159 198 43 119 20 118 220 140 18 67 194
    164 215 7 141 9 236 111 56 191 55 160 211 127 112 140 48 68 30 118
    185 251 140 33 110 241 235 113 212 218 47 204 77 79 35 36 197 202
    255 242 48 66 238 74 68 29 91 198 102 206 69 88 127 227 254 204 61
    123 201 237 205 21 84 103 249 48 192 105 132 63 236 29 207 229 210
    111 85 77 17 32 28 227 239 189 172 102 47 83 63 242 17 49 198 87 141
    209 207 136 198 113 248 52 207 54 25 122 240 252 124 189 233 89 41
    242 51 158 121 3 245 235 78 108 26 164 254 44 236 188 213 54 68 120
    30 22 125 161 155 83 114 164 189 94 138 250 33 67 5 84 12 119 61 193
    77 49 222 142 56 24 21 247 230 57 131 143 58 210 183 89 44 77 235 14
    83 82 221 136 174 244 95 168 246 35 233 250 101 47 212 194 58 228
    200 31 198 35 79 5 145 115 121 140 217 145 68 98 170 13 180 255 210
    8 114 10 173 75 129 21 105 234 4 25 141 123 155 209 82 159 234 156
    157 253 54 77 236 195 6 98 80 79 252 147 131 220 69 190 75 87 191 46
    91 52 51 174 75 44 249 210 164 120 62 209 65 194 9 178 188 13 104 75
    207 198 73 93 44 74 212 234 143 123 68 128 136 237 93 82 125 249 96
    59 249 120 231 159 65 170 174 249 142 158 184 197 15 35 152 165 29
    250 236 53 154 94 178 5 127 44 190 223 180 14 106 73 127 208 23 185
    181 45 1 15 133 174 192 85 146 27 76 182 92 110 184 25 143 193 76 77
    214 229 251 246 169 59 88 58 204 221 156 188 13 122 174 117 242 117
    29 106 40 91 111 114 32 216 88 30 60 7 229 41 82 17 240 57 200 161
    225 245 21 147 199 164 50 84 71 22 78 195 112 60 201 104 187 173 47
    7 235 254 173 6 255 205 45 247 80 223 174 30 149 60 146 55 16 254
    143 23 205 137 179 214 174 252 153 105 137 63 192 59 227 200 50 111
    216 170 121 141 144 239 206 74 206 240 90 240 253 15 234 169 135 19
    170 23 26 202 47 237 241 145 94 194 184 236 113 114 10 37 194 196 6
    4 89 0 4 70 79 252 24 154 126 158 226 145 28 71 149 252 215 67 176
    197 189 242 246 209 246 70 187 71 196 31 231 203 61 57 27 79 235 54
    240 145 239 251 41 17 29 28 103 253 42 60 174 217 72 57 35 86 49 197
    85 168 102 26 50 17 63 63 129 254 4 161 175 149 177 15 233 58 8 68
    226 83 169 29 62 126 164 122 212 73 68 165 129 150 81 223 77 215 101
    232 72 133 190 226 91 64 16 247 71 106 203 201 179 134 25 107 20 130
    210 95 253 15 78 241 197 30 106 1 192 193 133 108 249 248 197 166 82
    119 135 249 162 115 86 145 203 46 239 114 116 17 85 181 48 181 18 22
    223 242 115 223 97 80 188 115 13 78 255 240 126 41 150 98 153 88 158
    27 69 130 179 181 45 2 39 134 109 96 163 36 222 236 149 113 119 114
    158 232 243 218 226 61 94 158 232 80 141 160 121 99 121 46 255 84
    173 16 46 9 118 206 62 49 167 152 60 94 10 149 64 166 164 185 0 49 0
    103 101 98 250 219 79 151 145 222 32 125 245 152 196 105 174 139 118
    158 70 99 8 95 135 6 156 204 70 30 255 19 157 16 80 122 251 117 148
    255 235 133 205 12 227 54 125 143 34 51 101 125 211 249 60 25 50 113
    132 237 189 19 186 226 133 249 188 170 211 148 119 219 134 193 183
    126 190 144 208 71 37 133 194 159 198 86 213 88 101 245 137 190 224
    79 73 93 36 146 165 95 235 191 77 245 128 116 214 229 244 27 206 130
    22 29 201 240 68 179 92 37 123 191 44 54 189 25 76 215 217 219 248
    120 110 137 235 25 82 241 185 240 84 187 230 59 243 137 144 244 236
    182 225 7 11 253 202 41 60 192 34 23 154 180 253 238 190 0 22 43 70
    117 168 87 138 162 240 103 94 157 56 35 144 89 254 115 162 192 41
    145 143 75 121 153 162 164 234 147 192 149 134 141 245 8 219 252 131
    132 141 170 133 162 53 221 96 27 16 222 248 236 89 122 21 192 133
    246 217 8 82 110 216 223 21 93 225 15 142 217 8 223 83 170 210 75
    118 140 205 152 202 249 233 159 169 213 159 119 8 246 135 99 233 41
    109 55 105 25 84 202 2 19 179 155 170 21 10 183 92 158 151 168 224
    218 76 2 179 204 65 80 213 61 3 95 221 102 72 212 22 38 33 15 116
    178 74 230 112 176 37 59 186 150 149 173 89 249 66 34 118 13 70 122
    231 133 52 159 155 179 64 186 74 66 131 65 221 0 150 6 128 224 27
    210 76 55 203 66 153 148 197 57 102 96 155 180 233 235 120 229 152
    143 110 47 3 90 199 16 201 134 84 252 153 69 41 127 248 63 222 58
    119 223 194 184 22 161 102 19 199 84 226 25 151 126 105 65 189 1 86
    226 72 141 249 222 57 185 149 151 197 61 186 119 159 44 163 81 52 76
    220 193 255 95 9 52 255 198 59 12 102 90 129 203 52 234 249 19 43
    245 120 53 204 65 125 238 237 224 100 198 22 213 131 156 86 174 90
    153 200 136 230 221 88 129 212 207 134 91 40 56 61 184 123 236 180
    201 140 186 114 229 30 164 172 160 228 247 23 92 139 226 183 90 26
    160 77 105 212 232 80 16 57 90 124 255 0 253 152 141 216 155 144 236
    246 226 97 77 177 169 136 240 207 16 143 196 41 168 71 149 35 176
    134 99 169 203 191 202 226 110 90 78 195 187 163 6 155 192 249 252
    207 1 122 102 180 13 3 16 187 222 22 241 134 240 146 74 231 16 133
    167 11 206 229 57 92 176 207 32 39 109 25 88 45 171 158 10 215 136
    230 211 97 212 33 109 16 155 206 97 234 9 205 202 10 63 70 182 233
    44 62 65 250 10 228 13 209 126 241 221 74 34 97 202 9 220 124 111
    197 72 111 70 183 150 20 246 71 231 108 54 12 94 203 222 96 74 11 83
    25 53 224 193 239 61 249 224 244 12 130 174 231 5 76 134 23 194 82
    138 72 96 46 246 183 6 230 132 19 234 87 3 70 60 129 164 108 107 211
    15 14 228 230 15 196 13 1 168 142 242 4 75 35 2 219 187 149 252 189
    191 118 42 239 44 60 209 188 187 184 49 161 35 251 127 219 236 108
    11 99 236 217 127 140 222 94 100 143 154 51 124 91 24 79 193 8 227
    87 194 40 115 167 238 80 58 96 231 56 134 108 1 224 104 75 46 9 53 2
    201 106 17 180 166 211 148 198 225 235 32 228 70 146 113 105 154 41
    115 182 118 79 188 124 214 121 12 65 240 211 57 34 164 72 92 154 49
    193 62 153 182 29 232 217 254 71 243 122 33 219 40 125 120 113 175
    12 114 104 162 253 117 68 23 231 215 13 33 45 217 113 165 27 123 143
    167 119 129 74 28 11 144 191 177 33 16 84 60 189 250 1 122 9 66 14
    143 241 47 159 136 61 78 202 180 219 175 167 41 20 79 196 151 134
    149 144 214 221 105 158 122 19 203 148 2 185 26 237 124 146 94 160
    96 69 200 232 249 40 202 56 71 139 192 148 48 205 236 138 187 239
    168 143 26 123 11 159 104 23 195 173 172 162 126 88 161 227 174 190
    71 190 75 103 25 135 236 167 233 229 205 226 38 205 33 107 160 84
    241 105 193 115 106 178 229 45 39 254 77 167 165 228 111 50 147 184
    162 252 74 241 209 208 122 59 181 94 248 150 153 102 140 210 64 42
    54 143 230 139 96 188 166 87 89 122 166 202 232 108 183 244 244 108
    227 207 217 230 94 47 108 186 249 93 137 182 92 237 194 77 14 31 14
    166 139 183 105 114 59 184 87 206 100 193 35 233 203 75 227 46 70
    212 57 236 60 42 11 210 154 93 155 239 240 8 217 117 252 255 88 36
    130 226 195 103 7 87 124 159 13 144 219 231 29 153 35 157 106 78 147
    142 6 115 139 29 156 209 169 189 69 236 187 230 235 98 156 100 148
    236 240 71 5 227 226 244 128 2 166 74 128 7 108 168 40 25 2 124 146
    206 249 59 145 68 211 176 117 154 156 45 101 186 28 94 195 87 74 172
    170 248 23 87 156 34 2 53 149 119 80 222 97 124 117 198 113 94 36
    155 153 87 51 150 112 60 250 21 251 153 92 146 112 240 62 169 244
    166 238 44 108 194 13 38 18 174 223 114 40 131 98 104 174 185 206
    162 123 210 236 244 138 93 203 184 84 22 150 127 112 31 94 152 77
    135 30 18 147 248 55 251 86 158 15 27 33 222 157 83 254 68 110 13 79
    143 148 134 65 76 176 142 254 90 224 254 97 230 211 182 193 246 101
    183 153 210 49 251 16 149 226 209 21 121 5 245 47 82 188 159 70 91
    78 192 126 159 123 177 6 123 255 199 212 212 35 95 181 80 209 20 224
    106 48 83 128 186 136 90 162 73 162 159 172 101 121 101 191 58 48 41
    23 227 1 34 157 175 126 97 191 210 121 61 123 246 205 198 186 110 63
    118 164 1 219 86 8 55 55 208 102 233 161 27 112 155 152 187 4 20 110
    51 222 157 240 22 13 100 244 13 136 182 174 91 199 238 105 222 16 61
    91 139 14 68 203 24 18 247 214 105 63 170 106 153 168 119 36 146 23
    246 207 150 84 5 171 181 52 127 168 125 144 188 188 111 239 101 149
    187 174 233 108 36 226 151 88 82 26 220 34 238 207 221 186 114 4 115
    241 195 104 121 38 164 181 97 14 169 168 186 17 45 41 13 40 241 57
    180 114 9 33 152 14 54 196 41 175 50 137 243 165 19 135 187 134 201
    163 41 15 251 39 21 59 150 184 194 138 167 87 50 175 241 255 132 48
    127 88 95 114 104 109 64 85 129 45 84 90 221 47 77 146 96 63 129 199
    182 153 13 237 126 254 57 106 227 137 144 42 199 167 215 204 99 18
    142 161 184 163 169 117 119 47 226 89 133 88 147 99 157 67 225 214
    171 192 36 158 191 21 102 70 86 121 193 53 201 82 233 91 206 179 184
    29 57 122 146 191 93 27 214 137 50 94 154 188 122 143 108 52 249 6
    164 61 184 182 55 249 39 117 228 186 168 149 107 116 2 49 222 87 231
    62 4 204 44 203 139 52 161 148 178 130 216 128 7 233 238 236 3 117
    29 67 82 215 229 156 198 70 130 177 150 215 84 35 40 150 187 58 246
    69 128 172 245 33 143 24 166 12 75 170 27 110 125 177 168 156 66 86
    195 139 164 26 37 194 28 77 164 228 36 219 100 78 255 66 67 188 103
    88 79 46 80 15 50 190 53 222 120 59 206 195 33 208 16 33 104 41 36
    185 158 79 21 72 207 21 10 106 89 101 171 54 28 103 158 250 154 110
    247 192 215 97 93 148 23 114 132 255 15 141 211 30 143 226 72 58 58
    185 139 221 58 180 225 173 204 174 159 116 97 108 167 155 138 80 106
    232 205 62 51 74 28 69 29 165 64 139 182 46 136 109 216 79 53 71 148
    178 84 182 204 124 215 119 89 246 176 10 197 119 75 38 8 241 28 10
    186 25 114 204 204 121 252 170 16 206 107 176 230 40 165 112 100 169
    242 208 192 45 212 253 38 218 217 4 57 157 93 229 12 110 48 23 141
    107 210 53 2 99 255 159 223 207 242 132 95 97 231 226 70 175 254 214
    201 63 253 177 128 46 130 30 250 184 42 167 167 146 79 224 231 22 6
    10 117 218 117 3 35 41 153 218 86 43 220 207 120 115 128 17 69 172
    196 207 240 46 65 122 10 158 60 210 51 117 127 178 88 20 185 78 102
    127 216 148 178 53 42 0 60 133 142 139 208 86 4 123 66 115 66 224 86
    176 179 57 33 12 216 76 169 152 52 185 63 164 50 39 242 150 152 68
    50 63 230 107 69 156 65 129 82 142 155 33 190 213 162 107 148 215 93
    247 142 13 213 201 46 154 98 28 114 46 132 130 16 115 180 48 164 12
    12 255 31 201 242 202 23 171 54 79 0 7 195 99 216 216 35 87 207 162
    39 66 176 182 243 214 241 249 161 90 135 72 188 248 84 101 131 128
    27 110 49 22 70 218 198 184 38 250 236 186 91 219 134 4 134 157 193
    44 173 188 216 55 82 235 103 49 237 177 101 173 233 129 3 171 147
    161 220 97 158 230 28 246 218 19 24 250 64 4 237 21 106 42 44 130 18
    176 121 95 5 219 128 12 166 3 140 108 53 67 219 36 14 163 219 134
    223 81 210 8 229 153 135 94 110 128 184 225 82 83 156 177 89 151 100
    48 97 191 151 237 226 106 188 54 125 104 181 36 249 128 85 154 203
    40 23 49 159 36 76 39 108 130 222 53 163 90 208 5 80 120 138 55 116
    235 66 217 165 243 18 229 15 243 63 231 231 95 82 250 176 73 102 228
    229 184 139 15 222 108 204 217 48 79 203 121 232 158 148 49 238 9
    117 186 254 173 15 189 122 146 55 9 83 231 44 205 98 64 147 191 89
    183 186 252 51 170 223 36 86 212 46 47 141 91 221 168 252 38 129 128
    86 58 227 82 160 120 54 68 192 60 135 186 38 72 44 203 199 181 220
    85 43 67 233 253 79 83 238 162 202 165 48 134 72 208 184 40 79 85
    156 147 24 1 7 231 40 82 190 207 185 170 20 143 6 6 207 153 16 1 164
    231 233 221 231 208 27 2 215 8 234 222 111 245 131 173 187 109 140
    149 172 102 51 247 111 152 15 254 21 226 150 239 158 247 219 166 3
    68 145 125 175 57 133 91 13 191 87 76 149 54 66 223 7 169 100 100
    209 187 132 18 134 136 154 31 3 83 196 121 161 238 39 34 33 236 138
    238 128 32 252 63 57 106 60 231 131 72 131 255 88 70 164 96 216 57
    13 213 102 220 193 73 179 158 129 181 191 124 2 245 81 63 90 243 105
    223 136 98 204 3 145 102 52 8 227 4 20 79 76 197 125 248 56 18 153
    210 103 188 197 24 210 159 38 97 247 36 4 152 144 111 115 73 68 179
    128 10 143 80 80 115 252 185 170 245 66 19 110 243 206 126 55 175
    248 134 245 254 249 82 186 9 138 132 225 9 100 116 117 240 159 34
    202 94 229 41 151 85 231 123 97 80 236 205 145 111 86 166 90 89 228
    160 56 55 236 101 48 221 97 199 238 69 2 244 202 241 11 240 152 46
    77 28 251 155 55 148 227 239 180 241 255 185 109 234 99 2 91 79 192
    184 43 173 233 71 91 112 213 37 164 194 234 24 106 41 125 173 28 52
    39 39 34 18 207 75 155 135 111 150 232 155 116 210 19 26 210 0 229
    112 12 231 58 181 75 119 20 197 93 153 33 80 123 148 158 180 165 193
    150 97 48 184 135 75 83 247 249 161 75 240 19 141 180 166 59 160 77
    94 230 66 44 236 203 27 166 249 255 241 54 146 238 104 156 255 95
    175 225 136 190 102 226 199 207 3 18 58 170 4 243 117 59 193 113 164
    66 254 16 146 98 95 178 104 213 64 157 8 32 160 40 216 22 26 189 151
    154 103 128 155 135 93 31 253 101 193 104 103 50 172 49 242 23 38 29
    224 162 120 99 153 27 23 187 238 189 175 161 25 43 79 74 198 162 179
    244 183 5 192 45 182 154 9 169 154 198 91 224 166 120 52 245 67 94
    31 57 70 35 242 100 223 250 183 74 134 154 248 55 115 150 230 114 5
    11 196 77 36 50 146 215 105 13 95 119 13 34 200 65 19 255 240 99 110
    122 133 135 95 136 139 251 151 237 251 227 169 33 207 8 248 44 199
    79 174 128 190 125 61 5 99 29 146 122 215 76 132 115 62 11 167 84 28
    47 38 44 216 115 176 135 141 250 168 118 166 217 197 191 178 198 208
    211 174 191 195 18 156 121 254 247 55 91 142 56 134 194 218 237 131
    84 151 201 106 199 123 0 63 76 134 105 75 95 180 218 170 244 174 205
    244 47 94 107 46 166 185 146 248 27 244 99 32 45 170 254 22 94 230
    61 250 24 192 239 141 38 182 56 187 125 54 165 107 186 195 214 78 91
    71 61 229 132 141 213 170 12 179 217 211 53 208 91 204 14 251 148
    223 231 195 133 119 101 171 164 60 227 238 120 134 228 167 198 241
    28 46 50 248 41 241 34 125 164 87 101 104 11 174 142 47 169 19 210
    234 183 30 132 38 189 159 200 83 142 219 120 104 20 151 209 186 162
    149 215 76 138 202 80 215 33 39 245 121 174 222 159 251 55 173 113
    122 143 54 247 154 188 223 174 19 253 76 228 42 71 33 10 20 34 139
    84 213 207 91 232 71 53 92 100 153 3 0 90 28 124 93 1 103 249 207 54
    202 121 62 187 226 235 102 87 160 127 110 233 231 52 205 150 41 62
    175 238 177 106 53 174 153 123 92 23 225 224 254 248 82 44 242 176
    27 2 60 218 11 241 99 19 171 214 115 53 74 34 109 113 9 105 145 246
    78 100 129 220 249 255 35 213 12 61 128 75 195 172 65 255 134 21 148
    19 131 124 156 27 253 211 124 55 178 141 228 206 128 9 86 252 141
    130 41 64 130 116 128 60 151 236 72 228 200 14 44 218 69 23 7 208 67
    75 210 67 99 58 137 48 197 20 18 127 206 243 72 24 199 42 13 52 79
    80 148 134 231 84 196 26 99 166 218 39 202 155 52 17 78 227 168 49
    146 68 97 209 173 11 103 75 32 110 39 14 24 44 31 48 205 180 230 22
    3 116 11 98 231 219 65 205 40 75 137 193 53 7 80 173 138 179 161 145
    30 210 197 191 60 132 150 80 197 125 191 191 4 221 190 164 77 42 218
    60 211 30 150 95 116 55 184 2 81 31 225 186 69 174 121 139 187 217
    88 241 8 60 241 13 122 69 165 69 175 10 222 248 193 113 104 3 208
    205 229 109 89 128 15 83 237 67 182 117 139 227 65 181 160 91 236
    168 5 42 207 60 122 95 97 80 251 167 183 181 91 220 217 235 200 181
    85 137 36 229 146 227 187 232 98 123 122 15 145 92 77 39 83 45 131
    194 40 139 48 9 1 37 45 221 89 34 59 53 0 66 249 116 108 11 225 103
    192 164 55 247 34 107 222 28 68 115 55 97 89 106 120 151 101 92 1 62
    52 211 133 26 221 7 212 95 110 251 109 222 42 126 134 5 85 202 18
    206 199 110 65 121 33 131 51 221 158 75 109 66 117 186 229 94 108
    219 73 7 25 98 87 212 137 218 145 121 9 191 213 116 252 86 84 106
    182 216 62 190 68 225 40 200 169 21 238 168 83 93 93 122 44 55 250
    229 113 234 152 105 105 50 117 75 180 219 79 203 230 104 141 141 33
    191 216 156 121 68 196 124 231 70 5 112 237 32 118 30 149 201 76 254
    146 121 41 178 67 144 41 81 134 214 170 83 158 143 80 63 103 237 179
    89 121 211 148 135 177 145 91 115 219 226 243 192 219 210 3 70 253
    247 177 253 45 145 2 31 241 75 84 124 175 84 10 187 63 110 200 36
    103 253 87 209 97 1 115 124 234 163 230 111 237 30 170 15 26 0 113 7
    231 189 10 67 207 15 236 80 162 172 73 32 11 29 250 122 74 193 4 116
    39 234 101 23 212 143 162 43 64 32 213 109 184 75 220 207 94 198 172
    156 167 250 40 154 211 138 143 237 201 227 181 241 145 129 6 117 155
    48 111 91 115 30 196 33 81 4 103 104 253 215 94 147 206 236 187 19
    164 72 133 215 177 50 203 201 118 233 23 57 203 144 118 25 25 47 33
    215 12 37 205 36 125 128 232 83 127 52 56 11 29 45 30 113 41 52 164
    83 126 34 94 192 56 219 33 201 48 11 108 224 99 153 102 144 30 131
    80 210 225 222 66 58 253 201 30 192 203 239 18 111 130 68 187 14 3
    204 130 54 69 49 7 225 155 208 44 191 156 198 199 36 44 214 98 107
    132 5 46 227 128 153 140 79 143 84 167 29 171 129 145 130 63 163 170
    12 102 7 234 46 6 45 99 4 37 105 65 152 42 148 147 250 127 24 11 150
    193 20 38 41 13 89 130 250 231 149 161 219 72 125 13 176 196 167 172
    129 116 2 148 169 182 82 6 85 132 252 118 19 188 22 60 29 200 173 71
    44 239 148 146 19 117 165 19 205 126 142 134 190 97 26 60 98 167 17
    45 67 224 209 241 140 238 29 224 236 166 94 147 98 70 168 233 215
    212 208 4 100 84 245 125 90 119 127 116 95 81 109 225 197 62 22 148
    163 90 57 136 241 202 1 70 9 107 245 90 122 187 20 201 10 198 137
    138 231 121 107 224 96 221 135 162 29 232</data></test_img>
<my_img type_id="opencv-matrix">
  <rows>100</rows>
  <cols>100</cols>
  <dt>"3u"</dt>
  <data>
    9 255 149 255 166 193 255 93 255 126 255 255 232 255 255 173 255 245
    255 172 103 255 59 199 255 85 255 143 227 175 156 7 41 43 255 255
    255 103 255 255 158 77 55 41 163 255 37 255 255 255 255 255 69 34
    143 54 111 255 133 122 15 80 240 255 198 255 51 255 255 203 54 135
    43 4 255 255 158 255 121 255 200 21 229 89 130 238 118 255 96 137
    255 172 255 255 40 70 255 100 255 255 255 255 255 255 255 92 146 163
    198 159 9 255 173 255 255 255 173 89 14 99 38 255 255 255 231 255
    255 255 255 90 151 79 151 130 149 30 166 255 255 195 255 251 255 106
    181 22 255 255 163 22 170 124 41 255 255 255 47 255 190 73 255 19
    113 56 255 75 184 223 255 38 255 254 34 255 255 255 255 179 255 255
    132 158 255 0 62 197 164 255 118 255 255 255 139 122 255 255 255 223
    24 255 255 255 115 176 83 255 241 138 132 255 255 52 7 255 210 255
    255 44 29 139 180 12 6 93 255 255 29 255 255 255 255 255 144 176 255
    80 255 255 95 255 255 67 187 8 255 255 235 117 235 102 181 178 109
    40 255 255 23 233 255 255 255 255 255 151 122 198 255 255 209 255
    255 38 152 28 255 255 255 76 166 255 85 255 255 255 104 128 143 247
    77 223 74 255 82 255 255 166 255 47 5 21 17 213 255 255 255 211 255
    231 255 255 255 255 255 253 255 249 43 110 251 255 255 175 202 53
    255 81 166 255 213 255 255 136 255 232 140 255 113 122 255 255 255
    103 255 74 255 6 255 255 255 255 137 255 137 195 255 93 195 255 119
    255 77 126 255 153 109 235 255 81 200 255 255 200 255 37 63 255 255
    255 9 220 255 255 255 46 171 247 255 26 23 255 96 255 15 255 255 103
    255 176 255 255 126 17 255 56 255 249 255 104 47 255 125 194 166 255
    255 11 255 220 255 0 226 70 255 255 25 221 255 136 142 107 255 255
    49 255 255 239 243 255 13 255 235 38 255 255 141 162 58 255 19 255
    255 255 233 255 15 255 4 125 255 255 8 200 255 214 255 90 255 235
    143 100 255 0 60 255 89 27 202 70 217 255 249 115 122 255 243 123
    107 203 96 255 10 255 23 129 185 255 255 243 122 255 195 255 51 55
    234 255 255 11 255 255 21 255 65 255 206 255 62 255 255 100 115 154
    255 255 255 255 73 72 62 207 255 251 254 82 255 202 38 255 218 38 66
    51 236 255 255 236 149 130 255 255 140 255 72 168 111 73 49 15 143
    179 17 207 151 255 175 30 255 255 141 199 255 19 255 255 93 255 255
    255 255 255 95 163 168 19 255 224 65 122 51 255 255 255 91 192 111
    255 161 168 99 255 255 254 154 8 110 255 170 146 45 51 255 48 19 117
    140 255 255 245 203 255 255 255 47 104 132 54 255 94 201 248 230 249
    176 255 88 255 200 1 91 255 206 180 255 255 255 6 255 175 255 255 58
    111 174 255 255 91 187 255 255 255 255 255 98 26 65 255 255 109 130
    202 214 108 255 255 190 147 0 214 255 136 255 255 232 255 79 180 75
    255 130 255 255 244 255 255 119 255 255 255 17 247 110 147 73 150
    255 109 238 255 241 207 255 85 25 204 247 228 255 72 52 113 92 33
    207 255 137 101 139 255 50 196 159 255 45 255 180 255 247 80 255 159
    255 255 55 255 255 96 183 85 118 101 194 255 255 255 65 161 83 89
    120 49 255 58 53 76 193 255 173 180 171 49 255 255 255 187 121 130
    255 255 11 255 247 255 255 132 25 255 57 255 255 255 255 57 255 121
    183 255 227 255 183 45 103 111 214 94 0 122 63 202 121 255 255 255
    130 255 176 29 255 169 152 205 255 27 255 255 255 235 60 156 255 103
    255 255 206 99 100 187 53 255 255 134 255 255 86 153 146 216 49 111
    91 192 255 226 207 82 255 2 255 80 43 191 223 79 176 2 255 255 137
    255 4 55 96 144 211 222 63 86 47 255 255 255 212 255 98 37 63 255
    148 255 68 91 255 4 146 12 121 52 48 190 34 255 255 96 33 255 177
    255 185 181 255 255 87 255 255 203 72 255 129 255 79 0 58 255 232 14
    175 114 247 245 205 255 77 195 255 6 238 86 51 247 67 226 255 255
    255 251 15 255 255 128 183 88 21 255 66 39 255 255 130 79 103 255
    255 224 255 255 117 127 255 255 255 200 5 255 255 235 255 255 228 77
    186 125 7 203 255 255 68 166 250 164 81 104 255 168 255 255 168 182
    171 60 216 13 89 104 255 196 200 255 92 41 255 130 255 255 176 10
    255 255 255 255 184 255 255 255 255 192 98 106 239 174 255 222 70
    255 255 255 255 255 67 255 92 255 255 143 16 255 255 255 255 255 255
    135 255 255 243 232 85 87 255 139 236 38 255 161 255 163 255 252 135
    50 85 136 255 255 255 255 255 255 212 255 255 75 121 255 255 255 84
    106 255 255 255 255 255 171 255 255 113 255 255 175 222 238 255 45
    209 178 119 92 238 255 77 101 181 154 60 203 224 255 255 255 255 255
    25 58 53 113 192 255 255 255 34 198 238 255 34 168 255 255 7 11 255
    255 153 236 166 255 124 255 26 206 255 15 141 48 255 25 9 255 30 24
    255 255 80 79 80 255 43 185 255 153 168 146 96 221 68 218 118 255
    175 228 200 90 255 166 255 29 255 92 80 255 220 198 223 255 255 134
    239 150 255 79 179 110 2 255 255 255 202 211 134 44 70 164 255 188
    190 176 255 230 255 241 255 255 221 255 163 104 153 239 200 203 255
    221 255 121 144 255 118 46 255 56 255 255 255 36 224 124 255 83 255
    255 255 82 50 255 231 255 117 14 108 73 103 255 255 21 241 255 255
    21 255 74 82 255 34 255 2 26 255 255 111 255 255 220 255 255 255 110
    255 148 80 255 66 212 255 18 221 141 33 46 77 37 188 26 73 70 81 228
    26 166 231 255 198 69 200 70 98 166 255 213 255 30 69 255 255 12 31
    198 98 255 255 114 75 255 169 255 255 255 252 255 96 202 130 255 91
    255 106 170 87 11 84 255 255 50 255 227 5 255 34 231 255 165 255 243
    106 255 255 14 123 255 255 185 255 255 248 15 93 255 234 192 255 62
    195 255 53 146 255 92 255 219 73 124 219 255 181 214 168 255 255 255
    247 219 49 159 87 28 104 243 55 255 255 255 220 226 62 174 255 143
    221 46 255 255 164 62 255 118 255 119 46 170 25 255 156 239 146 255
    99 68 170 255 26 255 255 65 255 255 221 255 255 255 255 0 164 179 3
    255 255 207 104 255 87 223 38 174 163 89 235 255 47 255 255 255 107
    255 190 255 87 109 1 57 81 192 255 166 47 204 255 255 57 255 52 255
    145 212 17 89 255 125 104 88 188 143 255 255 168 255 158 255 255 255
    255 255 255 255 255 67 255 0 43 136 201 41 255 255 199 237 185 173
    235 63 53 255 3 243 198 255 62 153 155 166 255 32 176 207 40 29 147
    181 200 43 255 34 255 192 255 255 236 255 11 254 255 255 37 63 38 98
    233 181 255 187 255 168 255 255 243 255 255 255 65 36 255 255 255
    255 22 6 139 75 186 255 240 255 255 29 143 255 5 255 225 255 51 188
    60 26 255 130 51 49 243 111 51 53 255 220 193 255 255 255 255 255 53
    8 176 193 255 107 247 255 255 241 15 85 255 255 255 10 255 147 5 255
    158 248 224 60 2 255 255 255 255 154 255 255 36 108 136 32 255 213
    255 171 255 33 255 249 119 255 6 173 255 183 140 135 15 110 9 241
    255 26 58 255 101 121 128 142 255 71 255 26 133 255 62 172 255 255
    12 255 49 255 173 255 56 255 255 11 70 255 187 255 230 255 80 255 25
    65 53 255 127 15 255 255 255 81 75 53 212 255 40 255 255 58 255 70
    255 44 255 224 54 255 75 255 255 252 26 29 255 47 255 89 255 255 255
    56 163 255 7 240 220 250 17 154 255 202 255 43 175 124 255 255 9 255
    34 53 255 224 145 5 245 122 114 255 81 7 255 255 183 204 6 124 98
    255 255 255 255 107 96 255 243 255 45 255 255 136 255 91 43 21 135
    234 196 255 255 220 255 245 88 48 255 212 101 255 27 255 90 255 195
    136 176 147 245 255 255 94 104 255 245 243 255 255 140 79 62 214 238
    255 128 255 255 255 248 255 255 255 13 56 159 26 246 228 255 89 98
    121 203 84 255 255 154 255 255 255 255 255 255 255 19 0 85 255 255
    252 255 255 24 170 255 255 78 115 60 8 68 62 159 185 255 187 62 38
    217 139 158 25 255 255 95 240 255 155 92 175 255 235 224 66 98 57
    157 255 24 10 75 255 255 255 255 168 137 255 23 123 36 154 250 183
    51 255 255 246 255 209 45 195 255 11 77 85 255 163 255 23 3 255 76
    248 255 32 46 255 240 77 215 93 255 149 255 116 57 232 33 255 16 255
    205 239 255 121 152 72 255 255 255 30 207 223 226 207 134 4 194 0
    255 176 209 122 96 91 154 47 0 19 188 132 57 185 219 255 203 255 255
    162 104 41 63 255 183 255 255 121 67 241 38 157 255 94 56 255 234
    157 240 255 255 41 255 176 161 190 255 221 21 132 255 170 148 212
    255 140 99 255 78 68 255 63 255 255 255 9 255 111 217 185 232 164
    255 255 21 255 218 82 255 27 51 119 177 255 119 30 55 255 255 195
    104 8 33 255 255 84 2 1 67 109 255 255 228 255 33 143 255 240 255
    225 217 255 133 255 23 202 255 255 36 255 255 132 75 92 4 255 132 27
    255 224 242 255 255 165 255 255 170 190 255 246 53 255 255 113 132
    255 209 168 210 21 186 255 175 255 56 255 130 15 255 185 255 178 255
    227 255 255 174 0 151 255 255 72 220 255 255 176 255 226 7 253 255
    40 82 181 107 159 83 87 255 113 100 224 255 92 255 147 169 255 255
    247 255 255 255 10 255 234 255 55 58 255 15 81 180 255 199 15 166 74
    200 194 255 229 254 10 3 198 213 255 36 11 207 19 126 188 255 104
    111 255 177 15 43 8 255 255 255 70 255 18 113 255 174 255 105 98 255
    121 151 255 255 73 255 232 255 115 255 255 170 83 238 255 47 255 57
    134 255 255 255 184 255 143 181 255 255 214 135 9 32 255 117 255 214
    255 255 255 255 255 252 132 38 132 153 203 192 230 114 255 222 203
    255 241 165 224 41 109 137 36 121 255 255 29 127 237 192 255 255 255
    221 255 52 116 6 36 255 255 93 217 255 255 255 30 144 118 64 255 255
    255 154 221 255 119 255 87 170 255 153 255 255 83 62 255 255 77 166
    175 159 118 255 130 163 255 7 255 92 209 38 255 107 255 73 81 26 126
    185 255 255 192 118 255 33 255 81 247 226 111 1 14 255 176 115 255
    121 202 255 242 10 2 218 255 177 169 216 254 18 255 255 151 248 255
    195 247 255 255 247 255 135 173 175 187 255 24 36 115 32 56 151 255
    111 14 255 255 255 41 106 255 79 92 255 255 198 255 255 255 255 255
    235 22 255 255 51 255 255 98 255 165 139 21 77 255 139 255 255 255
    227 255 255 255 255 72 122 158 255 133 26 143 255 255 217 103 180
    255 172 98 9 255 255 202 8 255 138 255 80 255 225 152 255 124 0 254
    98 248 255 242 77 255 121 29 255 113 120 102 59 146 255 69 255 249
    174 159 255 62 253 77 255 216 255 168 128 0 227 12 255 255 80 145
    227 9 122 162 154 215 62 127 255 190 255 119 1 226 15 26 255 162 180
    255 139 65 255 255 255 55 251 207 92 45 255 211 100 110 10 121 217
    255 192 173 86 203 255 255 255 100 161 255 33 250 119 113 216 237
    255 255 255 216 94 255 113 55 215 77 103 215 187 200 255 70 3 255
    173 233 205 158 226 215 255 132 255 73 255 255 18 255 68 255 236 151
    255 255 19 98 255 38 255 187 247 183 255 154 255 68 255 166 255 230
    255 60 255 188 108 255 255 255 202 184 255 255 255 255 40 255 200
    102 19 9 45 246 255 121 52 130 255 255 255 255 146 134 220 255 248
    255 255 255 255 231 255 117 102 94 100 188 255 255 231 205 255 126
    255 151 201 127 239 223 255 255 5 255 139 255 255 109 140 219 132
    255 255 164 236 212 141 255 0 73 236 255 89 220 228 96 74 255 255 80
    46 255 170 199 222 63 255 255 231 255 143 255 255 96 115 77 255 109
    178 255 32 255 255 12 255 41 255 192 32 95 209 255 152 120 2 47 142
    255 162 115 255 194 79 255 32 0 255 201 255 255 49 255 255 244 164
    151 87 255 104 255 134 85 92 84 255 65 255 220 78 255 153 255 58 255
    214 255 239 229 63 6 32 255 255 255 255 183 144 255 215 255 127 255
    212 164 234 199 221 251 255 185 249 216 255 200 113 51 158 41 255
    255 255 7 104 11 57 255 244 135 255 238 62 8 81 173 81 185 104 158
    133 63 203 136 204 209 84 84 255 255 87 255 184 41 255 45 62 255 4
    142 255 70 255 255 55 17 255 70 149 255 255 139 255 207 255 89 255
    236 255 242 238 255 255 48 209 67 255 255 205 137 53 255 255 255 113
    255 186 136 255 183 150 43 254 255 255 247 255 171 166 191 182 83 74
    255 252 255 219 255 240 58 66 255 79 255 255 72 255 133 255 175 161
    255 121 11 152 255 255 255 255 111 255 173 255 41 255 207 82 255 174
    255 255 32 154 15 255 255 255 137 255 255 255 255 255 255 224 251 5
    55 255 27 255 255 114 135 255 181 255 168 155 94 200 139 229 254 154
    214 153 43 55 255 236 255 255 254 248 9 255 255 254 151 197 55 98
    139 17 235 255 255 255 77 255 19 41 145 118 255 58 223 144 255 77 27
    156 236 120 139 144 255 255 37 74 211 78 101 255 126 255 255 111 31
    92 38 255 202 255 255 255 58 255 107 89 255 55 214 67 119 12 3 134
    62 255 255 5 255 134 255 96 92 4 252 255 151 80 45 143 238 190 255
    233 255 255 130 156 107 255 68 255 180 60 212 159 83 255 128 255 91
    255 255 113 163 255 218 3 128 33 163 43 228 255 181 191 190 126 89
    221 255 234 43 255 255 233 255 255 134 255 18 255 139 151 139 90 255
    255 222 12 137 100 147 10 162 117 255 175 255 15 40 89 255 255 122
    216 255 255 255 255 244 255 73 255 255 255 4 255 255 174 255 15 255
    29 228 225 46 255 163 57 255 255 255 203 255 240 255 125 26 9 8 36
    68 255 10 132 255 255 170 88 21 255 255 255 255 177 255 21 67 15 255
    255 255 255 255 118 255 146 158 255 255 149 255 255 255 255 173 219
    255 255 255 255 12 233 255 45 255 11 255 255 255 205 255 220 157 255
    255 255 22 98 255 255 255 255 255 160 7 255 255 22 255 83 239 118
    203 81 43 255 203 31 55 239 17 17 255 255 255 173 223 255 125 86 68
    205 255 255 146 128 249 47 67 83 170 255 237 180 255 255 221 68 255
    125 255 255 194 180 175 213 255 255 255 180 255 89 146 177 255 255
    255 255 80 255 66 34 13 163 197 73 135 193 255 119 255 255 223 255
    255 147 9 105 255 132 255 255 255 207 93 65 128 255 17 252 231 255
    134 209 255 205 255 46 177 135 168 149 242 63 255 183 39 241 196 118
    147 162 255 251 126 10 254 254 255 255 12 255 234 21 209 77 255 255
    90 140 48 255 210 207 51 113 92 255 255 255 209 255 255 255 155 255
    255 255 255 255 255 253 207 12 255 96 255 158 255 33 238 255 255 255
    217 100 62 175 255 92 255 255 219 213 143 255 145 255 113 255 255
    113 23 63 255 255 158 255 239 177 255 45 231 255 255 255 0 73 174
    243 254 205 15 145 168 223 255 255 255 255 77 255 255 95 226 175 47
    96 255 243 255 255 201 91 251 231 113 255 235 146 218 255 163 132
    249 255 255 96 224 132 147 255 90 255 173 255 192 15 255 255 255 255
    152 255 218 199 255 218 255 255 83 33 255 255 255 39 255 135 219 151
    242 255 66 98 226 156 191 241 255 210 91 51 14 34 255 249 48 151 117
    185 255 255 205 255 89 255 228 255 212 209 66 171 255 255 139 19 255
    255 255 255 31 252 255 166 72 232 255 255 184 231 255 8 161 255 10
    27 34 141 39 255 165 241 255 132 98 255 8 255 255 255 34 255 255 255
    255 104 139 255 106 5 255 240 21 141 255 255 255 162 34 40 74 5 168
    19 231 24 158 72 255 181 255 151 84 132 28 201 255 122 255 12 149 14
    26 151 255 12 255 14 214 47 255 255 255 232 255 255 255 164 255 255
    255 255 82 255 255 203 255 134 255 7 145 228 255 8 255 50 255 188
    255 138 214 255 104 255 188 255 59 255 255 255 98 255 44 255 145 192
    178 198 1 161 255 185 204 211 77 134 98 5 183 170 47 139 218 218 255
    181 255 199 28 250 255 255 143 228 255 255 144 255 184 123 255 255
    92 220 255 255 177 129 255 255 255 255 255 250 255 124 255 86 235
    147 33 255 148 255 173 137 255 126 209 144 255 48 224 255 132 255
    255 255 255 255 96 87 232 158 255 49 0 235 255 214 79 243 165 176
    255 36 255 255 162 255 255 93 255 255 11 219 149 184 197 28 255 31
    24 122 204 17 55 38 255 36 255 141 255 255 255 47 255 255 255 255 72
    205 21 4 255 255 143 37 228 255 25 255 255 255 255 255 71 255 255
    133 255 13 165 255 255 218 255 255 255 245 255 162 156 58 88 147 149
    85 140 235 214 200 186 255 77 255 99 255 252 196 142 111 27 235 255
    232 147 255 255 139 255 136 255 145 255 79 136 255 51 166 184 58 255
    159 255 255 85 51 255 74 154 255 161 255 192 255 27 234 255 255 241
    56 77 185 188 135 255 67 255 70 255 255 79 255 255 255 232 200 102
    255 180 255 36 223 128 115 57 255 235 255 255 188 101 255 48 199 255
    140 255 255 122 205 255 170 255 94 255 173 255 22 255 255 21 221 255
    0 161 255 158 255 255 36 91 160 132 128 6 132 255 255 185 255 55 206
    255 36 111 125 226 10 187 136 21 173 255 125 255 145 255 255 255 163
    255 255 234 255 90 255 82 205 185 235 255 135 67 17 80 241 255 255
    46 177 12 255 57 185 139 2 81 255 121 209 255 255 210 255 255 100
    120 255 44 128 255 55 31 192 15 255 17 255 255 255 173 255 234 100
    255 41 192 211 255 254 146 255 255 110 255 255 255 202 216 65 119
    255 221 255 221 211 255 255 146 55 40 22 255 255 255 124 157 91 153
    165 255 43 198 39 23 180 26 100 255 79 41 12 72 255 110 253 17 255
    255 6 183 205 207 66 0 87 88 57 255 255 113 255 255 166 170 224 15
    255 133 103 255 30 255 28 77 193 255 166 7 255 58 255 211 58 137 255
    255 154 188 150 137 255 173 86 87 221 255 55 132 245 98 255 255 205
    255 255 255 255 255 255 174 72 255 221 80 196 247 255 62 192 255 255
    255 243 255 16 255 252 63 63 255 254 238 255 255 255 222 44 163 255
    155 255 255 255 29 38 45 204 255 73 154 255 232 255 255 255 190 134
    187 255 105 255 111 164 243 197 188 181 135 175 255 125 49 102 123
    255 255 255 230 155 255 132 232 190 34 255 65 102 99 255 162 170 200
    255 255 125 245 88 156 255 255 103 34 218 255 255 255 255 194 124 99
    255 255 101 255 177 98 255 236 255 220 243 255 226 227 156 255 76
    163 185 255 39 255 255 255 247 239 255 255 196 255 255 162 255 6 255
    3 255 255 137 255 70 255 87 255 219 255 165 255 255 255 212 255 236
    255 255 220 255 121 255 255 255 187 255 255 78 120 255 58 255 255
    205 255 255 234 209 255 98 84 255 104 250 255 255 48 136 192 231 255
    146 255 168 118 255 255 163 115 43 255 34 255 154 255 255 126 176
    113 255 164 181 147 21 255 67 255 255 170 68 230 148 253 255 150 43
    15 166 255 98 255 128 81 136 255 156 255 226 160 40 255 255 96 156
    11 158 255 255 152 45 255 225 123 51 253 53 81 207 108 252 242 255
    136 255 255 151 243 255 126 187 15 255 103 255 255 51 255 255 15 84
    226 239 204 136 224 255 113 170 255 51 255 62 255 1 200 102 255 255
    79 119 175 255 255 255 83 255 255 57 255 255 107 125 255 255 54 39
    255 144 255 23 155 45 255 255 106 198 144 255 255 82 86 255 3 255
    117 255 212 213 214 123 141 49 252 138 162 255 255 224 193 255 155
    255 255 136 142 255 162 255 255 255 255 255 144 9 126 137 7 255 255
    199 255 209 255 185 95 14 188 229 68 207 255 207 255 43 0 255 196
    197 188 229 255 247 166 9 255 255 142 255 170 3 158 102 224 11 146
    38 255 246 255 255 225 15 181 255 146 15 224 255 107 255 197 255 255
    65 153 236 24 192 62 255 255 239 255 255 214 99 255 5 255 255 19 199
    255 77 188 121 202 255 255 255 255 119 255 231 255 69 255 255 255 41
    255 190 0 235 255 134 255 106 207 41 93 255 68 255 139 255 169 50 45
    255 224 53 255 152 68 195 255 43 174 166 255 255 255 75 249 209 255
    133 255 0 255 130 13 18 166 255 236 110 255 255 245 17 255 226 255
    255 255 255 119 255 217 51 137 122 146 38 255 40 182 255 255 238 255
    255 255 175 255 255 255 255 130 255 34 190 34 255 255 255 194 15 34
    36 255 255 92 255 239 107 82 23 38 118 255 129 255 164 255 255 255
    255 255 226 70 255 194 3 255 13 15 79 209 255 178 255 185 118 255
    126 34 188 98 255 19 104 187 17 255 223 183 255 255 255 87 255 255
    224 255 173 255 104 171 129 255 255 255 159 241 91 147 255 201 255
    255 205 216 255 143 168 255 255 142 255 255 197 117 88 207 255 255
    104 32 126 255 255 98 219 255 150 166 255 231 158 255 174 255 255
    135 182 255 114 255 255 103 255 58 102 255 190 135 255 255 32 111
    188 185 182 181 255 132 121 141 159 11 67 255 255 25 170 23 98 120
    255 235 127 119 33 182 115 255 75 209 249 255 255 205 255 255 74 170
    90 128 51 162 107 255 117 255 48 151 148 142 255 255 110 255 40 255
    255 228 235 255 255 226 2 117 43 255 255 106 255 77 255 211 81 255
    255 255 255 252 76 91 241 110 229 255 255 255 232 26 255 255 255 22
    119 125 255 218 38 34 255 206 130 255 234 98 255 129 212 255 49 91
    255 56 255 255 78 65 255 130 168 255 19 74 255 255 29 130 236 255
    255 15 144 255 12 51 255 99 255 122 168 255 6 255 137 15 84 9 98 255
    238 34 47 223 147 152 255 121 255 255 255 25 75 252 14 176 255 255
    118 255 255 171 255 212 125 145 141 255 255 109 255 255 251 255 255
    195 255 205 179 255 153 247 12 243 7 149 19 235 255 255 143 187 255
    92 111 255 47 111 234 65 255 107 93 255 147 15 192 68 210 154 255
    255 255 130 255 224 255 255 142 38 255 130 45 45 67 75 161 255 255
    135 255 255 126 255 255 255 21 255 32 255 113 129 159 213 1 106 255
    180 72 158 214 255 145 71 255 177 176 255 255 40 82 149 199 255 255
    23 21 255 255 98 126 22 199 156 255 125 43 255 144 136 253 255 255
    141 255 186 255 140 177 165 80 26 255 255 255 255 255 255 146 221
    151 109 204 134 255 125 249 154 55 70 67 161 255 255 113 119 19 7
    255 247 255 255 243 130 255 190 212 255 206 255 255 255 221 175 255
    188 255 243 99 98 12 212 255 146 58 57 235 180 245 185 26 28 92 219
    226 98 236 255 140 255 255 255 255 255 255 255 255 255 96 168 255
    223 23 99 255 132 158 255 255 44 175 222 32 204 166 232 199 255 255
    255 89 168 255 162 126 255 255 255 193 66 99 204 255 5 128 228 19 96
    19 236 163 149 49 214 41 118 140 70 36 14 132 95 50 181 161 48 8 255
    27 247 56 255 255 158 255 115 255 255 255 255 120 205 255 255 145
    255 125 255 49 255 243 76 202 66 65 212 58 206 183 158 73 116 149
    122 255 138 133 255 241 255 255 255 255 163 255 157 200 255 255 168
    156 132 248 239 136 15 68 242 135 34 37 226 92 255 168 160 148 255
    102 93 192 211 8 53 196 234 193 62 202 255 8 23 255 92 183 65 154
    177 89 213 22 146 255 47 255 194 196 53 235 236 152 170 255 255 255
    255 255 92 111 27 104 255 255 255 232 214 255 163 255 255 110 74 255
    255 255 160 255 255 49 255 221 128 202 146 255 176 255 17 92 255 134
    179 19 255 255 248 211 95 147 255 210 255 164 217 255 53 118 255 139
    141 14 213 199 87 26 173 229 104 255 0 218 255 255 89 137 236 43 223
    0 64 67 240 255 93 110 220 255 26 255 107 255 255 255 255 98 255 67
    255 110 250 255 255 142 149 255 255 85 255 255 255 117 255 252 255
    255 255 255 255 255 249 255 117 76 221 241 251 188 130 188 79 43 62
    99 119 255 68 239 183 255 94 235 62 255 117 74 188 249 118 255 85
    226 241 7 111 79 146 188 196 228 255 255 255 255 98 255 62 255 117
    98 255 255 255 255 174 255 138 221 134 2 87 243 255 255 247 200 255
    214 113 255 33 218 255 161 234 255 103 255 192 161 243 136 241 255 0
    255 209 255 132 255 209 255 158 255 231 51 65 216 230 255 14 255 255
    255 255 129 142 218 255 43 202 203 163 255 235 255 226 59 255 255 41
    77 255 228 255 15 27 255 255 255 255 124 188 255 200 255 255 255 92
    193 247 141 149 66 157 226 249 255 255 255 253 137 47 30 15 143 36
    188 158 157 33 255 1 255 198 103 45 249 255 22 255 95 185 255 255
    255 90 255 74 255 255 178 4 89 130 255 255 255 111 130 250 115 45
    241 255 126 170 153 111 255 158 232 255 255 27 70 255 183 99 255 141
    147 230 181 176 255 236 182 41 38 123 255 255 223 255 63 255 255 236
    255 255 253 122 160 255 110 255 161 255 255 255 255 139 146 188 66
    34 79 255 234 255 98 255 175 149 255 255 255 76 171 255 15 226 255
    255 255 220 139 255 255 143 255 60 255 255 149 224 26 255 73 255 111
    190 255 128 126 255 255 152 188 21 255 255 255 255 255 113 69 175
    255 255 27 128 170 255 255 255 255 255 255 255 255 251 29 170 240
    255 53 249 57 255 33 255 177 220 144 255 255 255 255 115 216 89 223
    33 188 255 22 255 148 255 255 210 22 255 168 255 255 192 221 121 240
    188 98 255 255 226 165 62 255 255 255 255 187 128 255 239 240 255
    216 255 255 255 9 255 113 255 255 88 115 255 15 122 255 255 255 83
    185 255 255 225 255 160 255 255 203 255 255 255 1 255 255 184 255
    255 32 82 153 255 87 255 180 255 255 37 39 2 236 255 255 45 255 255
    255 68 53 7 255 255 242 228 128 255 255 32 4 255 255 217 197 117 224
    125 62 162 255 183 158 255 87 52 255 30 102 255 75 71 255 255 16 63
    207 199 255 255 96 255 255 251 125 255 202 255 109 154 255 255 115
    24 255 255 197 255 76 255 255 25 255 141 255 152 255 255 38 255 216
    158 255 255 255 26 29 255 255 195 130 255 169 139 255 190 255 28 255
    110 198 148 255 138 187 50 94 93 14 85 95 149 255 100 94 121 255 233
    181 87 245 255 255 214 175 38 255 255 36 255 255 168 255 255 76 63
    255 84 185 255 191 173 255 98 217 57 109 84 60 224 255 158 119 255
    255 250 255 255 255 41 130 255 255 255 255 255 70 78 255 194 107 223
    26 95 255 255 240 144 243 255 82 255 255 255 104 52 255 255 191 255
    13 198 255 255 227 255 43 255 255 73 69 116 255 255 79 198 77 187
    202 73 255 164 74 68 255 254 255 255 166 17 200 190 128 255 210 255
    255 255 161 255 255 70 255 246 170 255 135 255 243 188 255 255 4 99
    170 255 255 136 188 103 255 159 33 255 190 255 70 73 92 92 255 241
    255 255 87 255 255 252 255 190 255 255 180 255 60 122 173 109 144
    255 49 255 255 105 103 87 237 255 255 143 166 255 255 81 255 170 255
    211 177 251 255 255 56 255 255 255 255 255 231 111 255 255 255 255
    11 255 255 169 70 255 27 152 255 255 142 0 124 224 183 255 65 62 25
    5 255 255 96 255 139 10 62 188 5 255 70 164 237 166 255 128 255 137
    255 132 243 136 32 65 255 45 255 132 255 111 164 10 255 255 56 250
    202 255 255 104 255 255 119 255 48 255 47 53 255 110 255 255 84 199
    28 255 255 255 144 255 190 209 247 255 36 183 128 255 122 255 34 255
    255 38 176 203 125 137 255 141 255 28 3 255 255 227 212 90 255 255
    255 255 164 9 210 79 104 212 120 113 15 31 57 23 228 134 109 255 255
    209 36 188 133 21 89 255 255 255 192 168 72 63 255 62 140 87 255 255
    63 66 165 21 255 32 255 92 242 116 255 162 255 117 11 176 255 194
    255 49 104 7 228 158 33 255 91 41 173 70 255 254 104 176 138 37 255
    96 12 5 255 255 255 255 26 255 177 98 255 139 255 217 136 255 113
    255 25 122 255 169 221 255 71 84 100 107 231 105 235 255 138 109 255
    105 91 255 255 199 255 255 179 255 119 255 212 85 133 43 109 255 77
    255 22 91 222 255 255 255 119 74 245 255 116 8 22 147 255 154 75 132
    238 238 255 52 22 255 247 255 255 203 255 177 227 255 181 88 253 49
    196 103 205 10 255 255 228 29 255 168 255 28 255 60 175 225 226 255
    250 36 156 255 72 62 255 91 36 224 255 224 255 255 43 212 29 49 250
    82 239 255 255 255 255 255 255 255 255 255 255 229 255 93 255 75 73
    202 51 206 195 255 98 31 255 224 122 90 132 238 34 209 255 255 22
    255 255 199 255 213 255 255 2 89 255 255 232 255 255 168 221 255 255
    255 255 38 255 255 239 10 255 246 57 136 73 255 21 255 185 202 255
    255 121 63 187 255 77 255 205 107 255 255 255 82 255 107 255 224 146
    19 255 255 255 185 146 111 96 199 255 203 66 255 218 255 170 85 231
    74 255 44 255 255 70 255 190 255 255 202 255 45 58 255 211 255 176
    255 173 16 255 85 255 219 90 98 255 255 203 159 115 255 91 115 255
    255 255 255 204 255 255 199 192 32 154 255 133 255 0 71 99 255 25
    255 87 199 116 60 214 255 255 255 41 90 255 147 19 235 255 228 255
    51 203 172 255 26 255 255 83 85 178 255 136 233 149 65 236 255 76
    255 188 198 188 255 143 10 94 8 250 2 8 255 255 181 255 51 255 255
    183 181 72 17 85 255 255 22 255 255 58 255 100 54 110 255 136 147
    130 10 221 255 201 255 255 170 255 255 255 164 128 56 255 255 255
    255 255 255 161 4 80 120 147 188 255 255 255 48 147 255 188 255 255
    134 255 255 3 255 255 255 102 255 255 186 21 151 252 173 89 255 213
    207 168 199 255 230 81 255 87 255 255 255 255 74 85 239 243 0 168
    255 200 255 255 255 238 221 255 129 252 151 199 255 255 87 255 254
    255 115 255 36 180 255 71 253 228 213 255 104 255 216 255 255 154
    255 196 98 200 104 255 255 247 182 255 51 149 255 255 51 255 246 255
    255 255 255 57 255 53 164 136 135 255 180 255 255 12 255 109 99 255
    255 10 255 255 74 224 255 27 255 255 33 149 23 181 255 255 109 137
    66 177 135 141 89 255 255 238 149 255 255 255 211 124 87 254 139 226
    255 166 219 218 255 132 232 213 255 113 27 255 255 10 255 55 210 248
    255 196 243 47 150 197 100 158 137 45 117 116 255 67 58 239 214 185
    255 114 255 83 196 245 255 255 91 255 143 255 255 58 154 147 41 176
    147 255 104 183 106 39 28 216 255 255 255 255 203 232 223 255 251
    255 255 255 14 255 255 255 255 205 197 113 124 255 173 191 132 226
    255 255 72 255 142 243 14 228 34 47 255 200 15 180 255 169 255 17
    169 255 255 242 193 255 239 255 255 54 111 243 217 146 255 255 255
    255 74 116 255 242 180 255 255 188 255 146 183 143 255 99 194 172
    193 255 30 142 134 255 255 83 255 255 255 150 245 255 147 255 255
    184 19 11 59 19 192 62 94 255 255 255 255 224 26 26 231 253 255 135
    166 196 29 241 158 255 255 255 87 255 255 255 94 255 242 255 75 181
    0 255 255 192 164 141 255 75 255 255 255 255 255 255 84 255 255 255
    187 68 5 57 243 254 140 145 255 168 255 133 163 194 255 118 45 7 113
    255 21 255 122 128 255 255 255 63 255 88 91 255 104 255 162 148 255
    156 255 255 77 92 255 73 255 123 255 1 152 190 255 193 255 255 255
    255 255 255 21 143 166 177 18 224 255 157 255 255 218 41 17 255 255
    124 255 91 255 255 255 72 196 255 255 8 170 203 196 255 255 255 204
    255 176 192 255 243 79 255 92 104 255 255 255 154 250 192 255 255 63
    66 22 197 255 255 255 55 144 250 255 18 17 185 128 74 254 255 92 255
    1 209 136 243 98 255 89 255 255 8 170 132 10 82 19 207 219 255 255
    255 224 70 255 9 139 80 68 255 226 255 93 36 255 26 26 255 12 130
    168 44 149 255 154 255 255 255 74 96 15 255 17 255 255 255 93 0 192
    129 7 245 255 255 17 255 140 241 100 161 173 216 180 255 165 120 24
    59 185 128 227 127 198 255 104 218 255 255 255 255 128 0 255 146 47
    81 255 255 194 224 255 173 67 255 33 170 8 255 12 255 255 243 255
    168 255 183 11 255 113 209 187 177 255 48 255 110 156 237 255 243
    255 187 255 255 255 255 255 255 72 254 106 68 164 60 147 194 4 202 2
    249 111 255 224 255 119 255 255 235 255 123 255 111 36 192 113 255
    255 113 255 143 85 255 255 251 240 222 126 7 255 40 140 203 78 255
    138 188 3 154 148 255 255 91 248 89 1 255 255 255 255 102 255 255
    255 255 175 255 255 219 198 45 255 218 240 238 255 170 255 255 255
    255 255 78 255 205 255 255 11 255 24 243 69 255 115 255 62 255 69
    144 255 255 255 255 198 53 73 228 247 255 77 255 53 255 255 255 103
    41 255 5 255 255 255 255 255 77 255 252 255 5 198 109 139 153 38 255
    251 255 214 234 225 140 255 254 255 209 125 166 255 255 241 104 187
    14 130 43 221 11 118 255 186 255 255 255 65 87 255 184 156 255 255
    255 255 8 142 255 255 255 158 173 219 255 255 255 255 205 255 255 18
    188 138 113 255 255 27 79 255 74 89 21 114 67 232 118 146 255 107 57
    87 170 255 255 188 178 255 151 255 255 37 255 138 32 255 255 5 43
    179 161 255 186 221 255 255 137 168 215 135 255 255 255 255 164 185
    255 235 255 50 45 255 55 255 124 255 11 255 96 255 51 228 243 140
    178 170 232 209 255 212 250 255 173 255 255 96 55 136 255 178 255
    159 255 235 124 122 119 43 255 183 45 255 23 255 74 198 255 255 217
    10 248 255 255 255 255 135 187 138 10 60 122 255 27 107 5 115 255
    132 255 245 103 57 23 119 255 239 190 190 64 199 161 170 172 255 168
    62 255 192 8 55 181 255 255 218 77 190 234 210 108 255 32 79 100 22
    255 147 251 255 255 26 255 255 76 255 255 117 255 255 143 101 175
    144 255 255 69 108 203 255 255 19 143 144 251 203 199 255 255 255
    255 212 255 255 255 255 255 71 9 255 32 55 255 225 200 255 255 53
    255 247 255 49 255 187 121 255 207 81 221 21 255 158 255 255 255 255
    255 110 241 255 22 195 255 212 255 151 255 111 255 87 255 255 255
    255 255 135 216 6 255 255 241 255 255 211 255 255 255 166 130 255
    195 255 175 255 34 255 255 255 100 62 255 136 229 15 255 119 132 255
    207 255 249 255 96 255 217 255 11 140 255 255 255 34 21 255 0 255
    255 48 255 85 236 179 255 255 57 27 255 255 136 147 220 15 255 185
    132 252 255 255 255 92 255 238 255 255 89 121 199 255 64 209 255 255
    132 255 15 214 62 19 255 255 23 206 255 255 255 255 98 113 48 130
    194 110 254 255 255 255 255 3 45 255 255 87 255 161 255 195 43 255
    34 22 255 10 255 113 52 228 255 54 255 85 183 228 34 1 255 134 196
    34 255 206 193 255 22 139 255 239 72 177 170 209 138 217 77 194 23
    98 255 255 63 255 231 255 13 96 255 255 221 180 117 162 255 79 77
    187 251 162 154 241 255 226 4 148 68 38 231 178 255 154 255 98 1 255
    255 11 255 255 15 70 247 251 255 58 255 113 145 235 255 255 255 255
    49 213 255 255 84 253 143 159 255 255 80 161 181 124 3 255 255 255
    19 255 139 255 146 255 200 255 45 203 22 255 255 255 255 255 255 243
    122 255 255 255 107 10 255 152 226 170 229 255 60 255 86 255 238 132
    255 217 255 66 254 211 255 159 255 255 254 255 234 255 255 234 43
    255 255 255 82 255 251 255 77 128 127 255 146 221 255 126 255 38 255
    5 23 104 255 255 177 217 245 255 161 255 255 221 255 255 255 15 246
    123 34 152 149 132 205 65 255 255 255 255 255 55 53 29 255 83 43 158
    207 87 255 255 255 10 156 201 255 255 48 212 170 8 255 100 255 137
    79 76 178 255 34 255 70 238 116 104 71 193 255 255 21 255 122 255
    141 224 255 62 113 255 232 188 255 255 255 98 122 201 212 255 18 178
    255 210 255 255 146 170 255 165 149 255 168 116 122 38 94 255 255 84
    232 49 255 255 5 255 255 205 111 255 235 255 255 228 255 170 66 212
    255 218 255 255 253 3 145 255 152 205 148 205 186 255 255 255 25 158
    255 255 255 255 56 255 255 209 253 190 201 14 255 255 255 255 78 163
    255 115 255 171 95 216 190 150 228 139 255 255 255 255 250 45 159
    113 200 139 255 255 78 255 102 247 55 205 122 151 255 147 142 255
    255 70 66 99 255 241 255 255 173 74 21 255 176 214 170 78 255 51 255
    255 255 87 43 255 174 147 255 187 255 128 62 123 255 255 45 255 117
    173 255 255 255 26 255 255 255 255 250 13 5 221 255 60 200 255 255
    21 255 255 255 255 33 255 228 132 255 222 255 255 222 56 72 175 128
    255 154 88 96 255 78 255 255 179 255 255 173 75 147 185 74 62 253 31
    177 55 255 128 126 255 255 255 130 255 69 10 255 96 55 255 40 255
    124 126 255 255 49 27 228 18 255 130 89 255 255 14 255 255 181 101
    171 5 255 255 99 255 255 235 255 255 168 255 62 109 255 255 227 9
    168 95 12 255 21 255 230 195 57 105 255 255 255 132 192 226 166 255
    4 34 255 126 192 193 255 23 72 98 255 238 141 69 255 228 255 229 11
    126 116 183 106 125 222 71 255 255 82 255 245 135 204 255 255 212
    255 170 130 255 255 255 255 255 255 251 70 255 255 43 197 130 66 205
    255 255 255 255 144 122 111 62 134 255 40 255 151 125 14 255 151 255
    96 3 108 181 126 70 181 242 204 30 254 255 255 172 255 8 146 55 154
    212 192 255 209 205 255 163 164 21 150 204 149 56 152 41 51 163 255
    176 22 255 229 223 51 255 5 255 179 255 168 255 192 158 255 255 255
    170 255 170 209 255 255 30 250 136 255 255 220 154 255 196 33 255
    241 192 255 94 66 70 26 255 31 57 141 31 255 255 248 183 255 53 255
    22 175 255 203 255 255 122 255 156 255 255 0 255 255 255 255 128 90
    231 255 217 255 238 255 126 255 255 255 255 96 223 255 255 114 137
    23 179 63 255 181 255 255 255 255 255 80 255 179 255 255 102 128 236
    255 59 255 255 144 221 255 129 175 255 144 223 255 255 255 255 217
    255 255 243 255 217 187 255 19 255 253 255 52 77 145 22 255 255 10
    34 72 225 255 218 152 164 220 255 252 255 201 255 255 255 255 255 18
    50 239 240 26 218 255 255 255 255 211 0 49 255 247 255 247 255 255
    58 245 255 173 26 255 89 255 255 235 188 67 170 6 40 15 104 15 255
    241 33 31 255 255 255 130 47 255 255 15 26 255 137 255 255 255 132
    104 81 135 21 130 255 79 81 255 45 62 188 126 48 255 247 179 111 255
    70 41 255 76 255 255 117 202 255 228 123 255 223 255 122 214 255 170
    147 171 255 148 19 58 1 57 145 255 147 207 44 255 13 136 173 255 199
    238 21 255 250 115 14 255 205 184 175 143 255 255 134 255 255 255
    181 193 255 202 255 255 89 211 255 133 94 109 255 255 255 255 29 245
    152 2 247 80 46 217 41 142 154 118 38 255 126 70 17 255 255 255 155
    252 255 255 255 156 255 158 121 255 147 117 109 26 170 89 3 255 115
    255 170 238 43 255 98 255 203 76 2 220 45 255 87 26 240 255 25 255
    255 133 255 45 55 255 255 243 12 4 223 86 247 16 111 255 190 255 255
    56 115 255 118 255 211 220 255 255 40 255 68 74 252 230 205 255 85
    212 255 255 206 134 124 201 235 237 255 255 185 130 255 255 202 199
    255 255 101 218 255 255 255 176 221 255 242 72 53 169 255 166 188
    193 255 255 151 105 38 82 255 199 255 255 165 255 188 255 255 121
    255 255 255 137 158 21 74 217 255 169 7 83 218 255 255 51 168 255
    255 199 255 255 50 6 66 255 64 255 158 255 255 255 255 201 50 255
    109 173 255 168 255 255 44 29 255 128 252 255 255 255 226 23 122 255
    202 255 255 54 255 255 82 255 122 196 255 87 218 255 255 250 255 255
    180 255 255 165 255 255 23 255 255 255 255 255 135 212 255 192 255
    192 250 68 255 242 255 251 161 255 47 255 53 255 255 255 255 255 248
    255 91 38 53 207 231 179 102 255 100 198 255 255 151 255 255 255 255
    255 23 255 255 255 255 255 51 127 255 10 255 173 255 255 143 255 211
    252 255 207 13 29 140 255 185 53 64 255 229 92 203 255 226 255 255
    255 141 104 228 104 255 255 143 255 90 84 182 255 255 255 255 255
    255 255 255 255 230 218 134 55 1 238 255 249 96 115 255 252 83 11
    106 145 47 255 255 70 173 255 255 255 255 27 204 255 255 243 234 247
    255 226 255 45 255 43 255 47 247 15 21 255 255 255 231 255 255 255
    127 4 255 229 255 55 255 255 122 253 255 23 139 255 128 209 255 255
    26 2 15 255 255 125 240 255 151 255 179 255 87 136 227 255 139 125
    235 218 70 255 255 198 139 34 41 255 94 255 180 255 69 154 45 249
    255 255 255 255 255 45 110 139 44 231 115 11 134 79 188 255 134 162
    255 255 255 82 255 201 255 41 22 255 190 93 82 175 110 255 209 249
    137 237 255 68 89 60 135 192 113 99 141 60 31 9 255 255 255 0 75 122
    1 116 255 255 255 255 201 116 255 255 255 38 191 103 255 55 101 70
    179 2 188 255 255 255 205 200 255 14 180 255 255 255 192 14 255 222
    255 135 26 255 255 17 150 243 247 11 255 255 234 255 255 157 205 170
    238 255 255 255 255 130 34 255 186 255 19 128 147 255 255 69 255 66
    148 255 255 223 74 255 228 255 255 63 197 232 255 142 217 125 247
    168 129 188 239 194 192 255 225 161 190 228 22 255 15 233 247 129
    255 211 255 116 255 98 113 255 7 224 175 180 255 255 91 87 70 99 200
    147 255 235 141 74 29 23 54 255 255 234 10 255 99 48 4 115 103 156
    110 255 255 104 243 185 91 43 255 137 39 255 249 255 255 38 154 255
    210 15 200 110 255 255 32 142 255 140 48 200 255 96 232 170 255 255
    255 67 255 255 255 255 91 113 94 129 147 255 255 24 173 14 70 119
    201 193 255 23 120 141 251 255 138 187 255 255 117 233 40 255 113
    255 201 255 168 77 132 255 98 243 255 110 139 255 255 180 107 162
    252 255 41 185 36 255 103 255 10 84 143 54 255 255 255 202 255 244
    19 255 255 255 19 27 255 255 52 170 151 155 134 255 168 223 255 15
    255 255 133 255 255 82 176 179 255 147 215 125 255 158 76 255 255
    255 255 185 32 255 158 26 255 13 141 166 147 15 108 171 220 233 232
    231 7 255 181 140 45 255 250 239 192 255 255 29 92 255 213 171 255
    201 247 109 121 135 9 158 255 255 118 238 43 255 255 255 136 10 255
    191 216 255 253 255 79 255 10 255 32 46 173 89 120 177 12 255 255 56
    188 117 255 255 255 255 99 179 136 255 70 74 255 255 117 255 143 135
    75 77 250 255 255 170 82 64 114 255 255 255 45 255 190 10 255 103
    248 255 184 164 255 255 255 222 126 255 190 255 39 255 111 255 255
    223 38 255 255 19 255 216 255 185 207 38 255 5 217 24 168 255 255
    255 255 255 111 255 255 8 89 66 12 122 255 113 70 179 152 10 26 10
    175 255 221 75 192 172 255 255 102 48 255 143 245 58 255 255 226 224
    255 255 114 255 218 85 63 68 183 250 111 163 255 89 255 255 98 7 101
    17 195 255 94 194 255 255 27 34 255 232 255 255 255 15 203 37 41 255
    255 147 255 255 197 255 54 255 255 137 255 255 128 255 28 121 185 75
    16 195 255 180 34 30 255 125 190 18 156 49 69 144 147 232 233 171
    169 70 255 255 255 115 212 29 55 0 92 255 255 255 171 115 255 255 19
    255 255 255 255 194 93 12 255 255 255 215 255 164 104 43 21 134 255
    132 47 255 217 186 130 53 100 255 176 192 25 255 255 36 255 255 210
    41 255 70 72 255 220 231 255 255 240 215 140 255 255 109 216 130 110
    199 60 128 188 24 114 252 255 196 255 43 115 175 255 235 135 203 255
    255 255 41 255 87 168 255 255 51 255 255 190 255 255 255 255 255 157
    53 53 69 229 255 177 255 2 36 255 255 129 36 30 62 255 130 255 255
    255 26 255 47 177 255 255 255 255 58 29 255 255 255 147 255 49 255
    177 29 3 60 107 164 153 102 255 255 229 255 249 255 144 192 26 10
    255 4 255 6 3 33 158 166 226 104 255 255 94 247 238 194 34 65 194
    249 255 62 114 255 132 82 29 255 143 255 34 4 193 164 255 19 34 82
    82 166 146 255 66 128 140 255 128 255 255 157 255 255 49 3 255 255
    106 255 255 229 255 179 27 255 255 50 158 99 248 255 32 199 151 121
    255 38 56 77 203 255 130 234 255 51 141 47 103 255 16 255 255 246 65
    81 255 187 102 243 195 122 115 36 255 87 219 255 255 207 254 255 192
    255 65 229 255 34 89 255 60 188 130 255 255 255 132 89 230 37 104
    255 74 255 255 89 9 255 169 255 62 194 255 255 139 17 43 255 99 251
    36 255 102 255 204 207 246 231 147 214 151 8 253 255 255 255 41 8 58
    224 255 229 101 255 76 245 255 43 255 171 70 255 168 158 255 40 146
    255 177 114 255 255 184 21 255 255 255 188 107 255 179 125 255 160
    185 50 72 221 120 255 115 178 30 228 255 215 166 192 255 255 176 109
    29 115 255 255 255 255 174 255 255 135 128 255 163 255 255 51 182
    255 113 255 64 117 255 255 255 255 255 255 228 98 104 255 255 47 72
    255 234 176 164 251 255 40 124 24 136 44 45 255 255 255 66 163 255
    255 253 255 145 34 255 175 7 68 62 143 14 96 255 255 252 255 139 255
    255 175 255 255 255 255 146 255 255 4 255 79 67 104 255 54 146 255
    43 10 255 255 255 96 124 255 87 255 12 255 183 255 79 140 245 255
    255 248 124 218 27 255 33 255 255 69 183 255 224 163 177 128 255 66
    255 223 6 172 96 255 243 68 62 155 224 255 16 195 224 143 255 13 196
    255 232 12 68 255 217 63 255 80 98 60 228 255 255 38 26 121 54 255
    153 168 255 255 45 21 255 255 111 255 255 212 213 12 26 255 158 89
    96 255 34 2 25 240 107 56 255 255 255 255 213 235 248 255 62 170 255
    88 58 255 227 190 255 198 255 255 1 135 209 179 255 75 3 120 87 255
    255 43 5 248 226 74 255 255 255 176 245 218 255 255 12 255 255 255
    245 255 179 255 23 192 2 255 5 255 89 184 3 26 177 255 255 255 31
    230 143 255 255 255 255 62 155 82 179 255 255 89 63 31 173 67 94 255
    158 255 247 213 197 162 253 202 249 255 255 92 70 255 13 255 147 168
    152 91 255 166 147 79 23 255 255 26 74 209 15 180 102 255 113 255 89
    10 245 152 255 17 255 255 26 255 255 255 255 38 255 255 190 255 176
    255 255 238 180 171 180 31 255 255 255 188 62 255 255 143 255 255
    201 130 255 253 182 186 147 255 255 106 255 255 191 255 96 21 120 87
    255 255 175 255 255 255 255 255 66 109 180 255 209 255 255 44 190 75
    16 214 255 255 60 92 192 255 239 67 91 230 254 255 17 63 240 162 255
    9 255 77 58 72 250 255 156 58 34 138 106 255 255 98 108 81 23 58 81
    255 250 255 255 255 252 49 241 60 255 140 171 152 255 251 255 255
    188 202 99 255 95 255 255 255 224 160 12 163 170 255 122 24 148 255
    220 213 255 255 255 255 255 110 250 255 255 255 94 150 176 255 22
    209 45 11 55 192 255 118 255 27 45 255 173 163 58 179 255 234 255
    255 241 255 219 255 255 217 255 121 255 170 137 137 255 187 255 255
    52 70 105 140 77 109 255 82 255 136 216 147 203 15 128 255 50 234
    255 255 132 187 255 255 114 255 255 155 255 194 239 91 255 218 101
    185 157 108 255 255 255 255 158 22 92 4 255 30 128 192 222 141 183
    13 95 255 98 8 99 49 255 255 255 255 255 255 111 31 255 67 199 255
    107 122 255 38 137 255 40 91 255 254 5 15 111 255 160 255 159 102 58
    233 255 124 3 255 255 108 28 107 255 41 198 122 79 107 58 255 255
    255 143 32 255 255 255 214 255 71 0 136 255 255 255 207 255 30 255
    166 51 255 113 213 78 255 255 77 255 255 71 135 149 223 255 24 71
    255 8 253 147 255 177 33 255 130 255 57 169 255 151 225 178 255 223
    255 203 161 21 255 255 127 162 66 255 255 255 255 245 25 255 81 228
    70 153 40 255 255 141 255 92 107 103 166 140 255 81 76 255 255 147
    236 117 159 255 255 212 53 247 255 22 255 185 9 255 255 15 255 136
    140 255 217 255 255 77 204 255 0 255 255 147 255 255 71 255 255 43
    211 181 255 255 255 73 123 209 65 77 107 66 255 215 65 29 255 180
    110 255 255 255 156 121 223 164 255 255 255 255 204 255 255 159 171
    242 255 224 201 255 255 115 255 0 143 185 255 191 92 255 48 200 255
    188 211 255 137 161 255 187 255 255 40 164 160 26 255 179 255 43 8
    155 0 255 255 255 255 8 255 79 253 255 72 255 14 90 130 255 90 255
    152 255 33 255 255 81 19 255 201 94 211 255 192 255 255 236 224 255
    233 255 1 255 171 231 163 255 216 2 255 128 255 255 92 192 255 232
    46 121 255 255 243 119 154 255 255 231 175 255 248 255 176 135 41 56
    217 255 255 255 175 255 221 255 66 21 255 85 2 255 15 255 235 255
    110 255 126 255 255 255 255 6 255 255 255 158 50 136 255 185 57 139
    188 255 255 255 235 255 130 255 255 86 255 181 255 255 244 135 205
    54 212 255 25 202 98 133 130 207 255 187 255 206 255 90 15 255 119
    129 255 255 7 79 255 255 255 255 255 255 255 22 255 255 25 175 255
    168 255 254 30 255 255 5 164 13 129 140 30 192 255 198 255 62 62 117
    22 255 231 176 107 10 255 224 234 217 198 25 219 255 143 33 255 232
    255 255 168 137 255 217 255 235 255 219 255 51 118 126 119 255 158
    255 255 255 255 255 255 174 241 149 74 255 2 255 149 255 130 255 41
    96 92 68 255 255 190 255 255 255 122 147 181 255 255 255 1 255 255
    81 175 141 84 255 255 147 255 38 51 255 15 255 255 171 137 240 121
    214 228 255 88 255 255 33 200 255 246 140 141 58 255 26 255 106 60
    140 151 143 95 255 255 188 255 32 255 226 255 250 255 51 187 255 205
    203 192 179 21 122 255 11 2 130 106 255 255 255 255 255 229 245 255
    151 55 119 22 79 255 102 168 17 199 63 255 34 2 41 103 255 9 255 223
    122 152 255 255 191 159 255 51 255 149 93 236 255 255 104 255 124
    116 62 166 255 130 255 113 255 255 255 26 44 255 255 110 255 132 255
    250 255 255 255 149 255 255 255 137 176 247 216 113 255 130 27 8 255
    163 51 161 255 254 168 255 255 92 166 247 255 122 255 255 255 255
    113 214 255 255 255 55 84 96 90 179 216 79 121 255 255 117 57 255
    109 255 255 213 255 98 32 101 255 255 152 255 130 255 255 247 255
    134 117 255 255 96 255 255 88 45 141 12 255 255 49 255 109 81 221
    119 44 255 162 255 255 255 242 255 255 255 255 215 255 255 255 183
    255 40 40 255 32 206 255 255 100 229 156 176 255 45 255 255 255 102
    193 255 152 255 255 124 12 11 255 75 255 190 41 255 255 111 255 69
    223 122 155 7 255 77 255 105 246 245 255 146 187 255 190 45 185 238
    15 255 255 255 136 4 12 255 255 255 139 242 255 255 231 255 2 30 255
    255 4 149 255 249 255 30 129 255 255 255 99 255 44 120 255 5 89 249
    48 255 241 70 46 13 231 255 62 99 255 230 220 255 181 170 151 255
    255 120 235 12 84 9 54 255 255 255 255 38 255 233 255 209 187 49 255
    255 40 25 255 255 29 31 126 14 17 26 11 255 185 255 67 255 71 255
    228 228 255 255 255 255 222 220 255 255 255 137 255 221 255 143 81
    33 190 1 113 147 155 140 255 255 123 115 255 38 147 255 229 255 255
    146 255 11 62 73 151 27 255 32 255 255 67 22 255 255 248 255 117 255
    196 18 255 40 201 255 15 255 106 207 255 255 255 165 255 255 168 255
    255 231 202 255 129 3 194 221 17 130 110 247 230 111 255 255 81 255
    255 224 55 255 119 99 26 255 86 105 59 0 34 91 250 255 255 197 255
    51 209 43 73 255 255 22 255 141 255 255 185 239 255 98 255 200 255
    174 255 8 255 255 254 139 241 145 114 134 177 63 175 162 212 111 4
    232 221 239 48 58 255 255 144 23 255 192 19 255 255 255 255 255 68
    255 7 255 255 65 77 5 134 255 255 163 205 0 255 255 255 176 255 73
    50 255 255 255 255 255 255 130 92 82 113 255 255 151 125 255 57 7
    245 89 255 255 255 63 212 222 92 255 255 255 134 43 58 255 156 32
    211 255 170 255 24 52 106 255 206 130 218 88 255 89 255 248 45 67 17
    255 165 255 255 139 243 255 43 120 255 242 255 164 255 175 255 81
    115 11 255 255 23 151 255 255 128 146 255 173 255 255 36 96 255 210
    111 98 255 5 255 255 255 255 255 255 255 137 161 255 255 195 181 203
    125 85 10 255 85 60 255 119 36 41 173 77 255 255 10 77 85 255 195
    222 198 7 226 255 255 237 255 99 60 255 255 255 55 113 255 214 199
    11 213 248 255 255 255 92 255 137 6 255 248 255 255 15 149 87 248
    185 240 255 107 59 19 104 111 17 160 49 36 85 218 228 255 91 22 170
    179 255 60 76 255 138 184 255 247 165 170 102 70 255 255 255 113 255
    223 62 255 161 171 255 135 255 30 114 166 89 255 209 255 48 255 38
    99 39 255 152 197 158 255 80 255 255 248 255 255 14 255 56 255 255
    247 168 255 255 255 255 214 214 255 181 223 79 174 255 255 1 127 255
    232 60 255 128 39 81 255 243 202 255 255 119 111 120 255 155 255 255
    19 175 255 119 255 255 255 255 255 255 70 111 255 233 255 22 255 255
    137 255 254 255 68 255 255 255 160 205 255 40 240 180 255 170 149 57
    154 82 162 137 255 252 255 94 241 255 147 90 11 255 255 63 255 79
    147 255 158 255 255 177 255 178 87 43 115 255 221 252 255 255 82 23
    162 229 255 41 255 130 199 255 255 161 161 170 213 219 235 179 216
    255 144 255 255 38 255 255 225 255 255 21 255 255 255 26 0 181 140
    255 255 255 255 98 255 217 148 255 255 92 255 255 255 255 55 255 67
    211 224 39 224 255 255 217 234 175 251 163 255 255 56 255 245 173
    173 115 255 7 6 122 180 72 247 245 255 23 21 255 194 0 34 255 10 130
    191 149 51 41 7 17 23 92 164 255 144 255 84 255 205 128 255 255 98
    255 198 255 255 21 51 255 255 221 7 255 223 84 255 114 57 23 21 229
    149 3 255 156 141 180 255 184 212 255 255 255 255 157 46 255 181 9
    235 255 255 4 255 255 200 195 77 255 255 152 255 207 146 255 107 255
    255 246 204 220 185 255 245 255 91 64 157 127 245 1 180 255 37 146
    255 198 226 247 172 113 175 154 255 255 228 178 47 121 255 245 255
    255 255 255 84 255 84 216 194 27 113 255 161 255 113 255 171 190 7
    159 85 18 156 198 104 77 255 180 255 217 242 188 251 255 108 190 253
    223 0 255 255 100 12 113 255 210 134 171 63 10 255 229 91 255 58 192
    239 115 255 83 255 255 102 132 255 230 255 84 19 220 255 255 255 255
    32 33 255 15 85 2 255 136 255 62 82 39 255 220 255 202 40 135 111
    255 139 255 255 79 217 92 255 255 255 202 241 255 253 255 130 151 21
    185 111 255 255 171 90 255 255 109 40 211 177 203 87 230 181 255 255
    255 255 255 255 255 107 26 180 89 25 46 255 45 231 255 192 216 124
    87 255 255 91 212 200 255 255 202 84 253 83 147 255 255 158 178 255
    136 48 4 26 128 57 236 151 147 255 142 100 19 108 188 203 255 190
    161 255 217 30 178 190 203 255 255 255 164 255 4 48 213 184 120 226
    84 255 255 221 223 255 220 180 255 210 115 255 48 164 222 192 151
    255 12 180 21 255 134 243 255 149 218 255 57 255 255 171 198 29 104
    255 203 161 89 255 104 255 49 130 173 30 255 255 158 7 255 255 152
    192 255 255 92 187 33 255 255 77 255 1 255 183 147 255 98 254 255
    255 154 223 30 37 84 105 255 255 255 255 202 134 255 255 239 255 22
    92 51 87 255 220 113 255 139 255 255 180 2 202 69 57 66 87 139 255
    98 27 190 255 255 247 147 255 94 95 87 226 36 125 255 255 74 164 56
    255 183 45 255 255 66 255 136 22 228 255 33 255 75 255 235 252 119
    127 117 214 152 217 19 122 130 255 255 255 170 255 98 255 255 255
    255 255 255 23 166 255 255 60 255 44 255 104 255 130 255 128 255 8
    11 255 255 129 255 94 255 255 255 255 255 224 154 255 207 115 255
    126 255 245 228 216 113 30 89 29 255 255 255 177 33 101 66 33 7 255
    14 255 198 67 199 255 255 228 255 228 176 215 19 173 255 183 22 49
    255 92 255 73 39 30 240 58 138 14 255 239 255 255 126 106 255 255 76
    175 255 247 14 60 255 140 134 150 255 255 27 41 255 73 255 119 255
    255 60 63 255 24 106 34 255 69 255 217 29 255 143 136 178 190 161
    197 255 255 255 255 161 77 202 187 255 151 198 116 255 255 255 255
    255 255 255 187 240 153 173 106 255 95 163 241 21 255 41 255 86 211
    255 255 251 255 161 239 255 82 255 103 255 255 107 43 147 206 96 255
    174 255 34 255 255 255 217 175 87 255 255 255 104 255 24 235 255 158
    255 255 139 81 22 255 118 255 121 95 255 11 76 128 75 255 21 255 255
    142 255 169 255 255 1 255 255 220 255 72 255 45 255 132 9 156 114
    255 96 255 255 60 255 238 45 67 197 255 168 166 49 23 255 255 12 255
    255 255 188 94 125 255 255 253 84 255 82 233 255 77 190 107 255 176
    255 119 255 255 183 255 89 220 89 156 136 161 96 146 82 255 195 202
    19 62 154 255 29 36 177 221 170 255 98 255 255 255 255 188 99 255
    255 240 122 205 23 255 239 73 255 255 23 255 255 255 255 255 132 255
    255 150 255 117 201 255 241 133 94 255 255 248 255 49 33 0 103 245
    255 255 180 79 255 226 255 203 176 179 255 255 255 174 217 149 33 67
    255 129 255 2 89 255 53 126 255 209 201 31 255 125 205 255 255 38
    255 1 176 255 246 46 143 255 250 255 255 22 190 247 255 164 206 158
    255 163 216 45 11 255 53 240 255 255 59 255 255 172 205 122 136 255
    255 176 255 121 137 255 90 100 14 9 65 187 255 225 255 255 144 130
    255 137 144 45 255 255 64 255 255 255 52 176 230 188 255 255 49 255
    139 48 255 255 255 255 177 118 231 32 255 255 255 30 255 255 40 238
    228 255 255 224 255 255 245 255 255 255 99 132 126 137 55 183 109
    240 226 67 255 220 209 255 166 14 200 255 255 77 113 80 39 255 81
    255 255 12 255 117 195 255 73 15 255 255 77 255 196 255 151 255 255
    255 94 80 75 255 22 26 255 255 255 73 21 255 55 242 255 255 255 152
    36 227 255 113 129 255 255 115 68 255 71 255 153 254 214 255 161 98
    255 255 255 249 255 75 109 232 125 255 126 193 66 228 248 255 210
    255 230 10 255 255 195 111 111 60 255 255 36 60 255 255 173 38 255
    255 255 161 67 70 224 255 255 85 231 196 255 137 239 22 214 160 11
    255 255 34 63 255 89 51 251 18 252 255 216 152 21 255 185 230 255
    255 255 255 255 90 255 245 255 111 255 255 121 255 255 18 15 130 81
    110 255 54 255 90 203 255 175 255 223 255 249 255 38 45 65 255 255
    255 255 255 17 255 119 255 255 255 255 60 234 255 132 117 72 255 136
    255 96 221 2 64 255 255 255 253 205 255 1 27 58 139 255 255 255 168
    213 255 132 220 179 255 255 34 255 255 165 22 255 143 255 36 125 255
    224 154 161 255 217 255 85 65 255 255 162 10 170 255 229 255 255 130
    0 255 255 36 255 255 119 255 60 255 130 255 255 255 255 77 172 2 255
    130 255 83 255 39 255 246 72 255 7 255 175 239 104 213 130 183 128
    32 255 255 135 110 13 139 36 252 103 103 30 140 255 136 151 116 128
    232 240 75 255 255 21 255 252 122 255 207 121 184 139 158 239 103
    255 111 235 247 139 233 255 58 0 255 85 255 158 98 144 153 255 255
    255 158 82 255 74 137 255 32 255 255 255 255 255 188 113 255 27 255
    255 255 82 209 106 255 255 111 255 255 58 122 255 59 255 255 255 255
    255 93 255 255 84 255 235 82 103 196 255 154 51 255 173 113 38 255
    254 220 104 255 49 24 255 179 255 70 174 101 130 100 82 222 194 197
    255 136 41 40 255 48 255 41 223 255 255 12 255 141 255 255 121 255
    87 126 255 255 27 22 94 203 255 8 88 176 79 255 65 255 59 50 11 121
    204 255 255 139 224 224 255 34 14 120 64 19 255 255 255 255 45 155
    24 47 187 255 255 147 53 47 255 12 200 251 231 102 255 74 255 163
    255 255 130 39 255 155 92 21 158 135 194 255 255 45 255 149 255 155
    158 255 56 255 209 203 205 255 255 77 255 180 9 239 199 104 255 255
    255 130 255 255 68 196 188 194 255 115 255 213 255 255 118 255 255
    154 255 162 102 134 255 34 72 90 126 255 255 194 247 255 92 255 119
    191 17 40 255 156 202 255 104 72 246 236 15 49 104 36 37 173 255 188
    197 185 107 255 255 177 22 47 255 255 255 146 255 202 255 34 220 129
    7 211 255 77 255 255 255 75 181 255 255 170 255 122 255 202 255 255
    195 168 206 255 255 88 255 255 251 26 166 240 219 255 56 255 255 129
    255 113 255 255 252 232 255 75 36 255 217 169 255 255 243 255 255
    255 134 237 4 243 124 224 255 132 255 195 255 89 255 92 128 178 147
    106 216 0 177 134 109 255 87 207 255 123 21 18 200 209 218 151 255
    255 255 255 91 255 255 136 122 255 55 255 51 195 240 255 102 255 147
    119 255 8 205 255 255 161 255 203 227 10 255 163 17 228 232 255 156
    63 65 15 45 15 255 218 255 58 255 255 181 188 235 255 229 255 45 52
    255 255 7 255 21 122 87 255 74 50 156 187 63 85 32 255 255 119 255
    141 255 255 128 190 75 190 255 255 64 255 247 255 255 255 207 231
    231 51 118 199 34 74 247 17 201 128 255 114 120 234 102 82 255 236
    193 194 122 187 234 202 255 203 126 175 105 157 134 205 32 0 134 124
    62 255 162 255 255 221 255 255 32 75 119 48 243 255 246 209 213 8 82
    255 49 233 77 26 255 255 238 255 255 82 51 255 88 255 168 7 68 218
    255 255 245 161 99 136 54 250 255 58 255 147 27 132 134 255 36 255
    255 108 247 19 255 200 255 130 255 10 70 255 255 62 0 15 252 255 38
    255 255 235 255 255 152 235 83 255 26 255 255 45 255 198 255 255 8
    21 255 14 188 255 195 163 255 177 140 32 255 255 8 106 154 255 173
    255 132 140 161 13 22 255 255 190 255 255 69 255 132 255 58 255 96
    48 132 255 255 134 255 96 255 207 231 255 117 118 171 109 255 226
    104 255 255 206 87 255 16 255 255 255 211 243 255 255 255 227 41 30
    255 63 255 91 180 19 229 9 200 133 123 170 183 7 32 70 134 40 243
    255 177 44 255 104 151 241 136 121 79 24 255 36 255 157 255 255 119
    233 255 255 22 171 77 14 41 249 140 11 41 92 255 48 175 194 255 255
    255 125 255 255 78 29 64 25 255 100 15 127 15 55 96 194 255 255 213
    221 255 58 49 255 232 220 255 255 195 14 255 216 255 234 255 255 41
    125 255 255 255 228 43 255 255 255 188 255 89 255 164 122 82 243 32
    255 154 255 255 255 255 255 125 24 14 255 255 255 253 255 210 214
    166 209 55 111 151 67 255 45 255 141 23 125 185 95 252 47 255 199
    255 84 255 255 177 101 255 255 34 164 255 255 255 216 255 255 52 255
    255 255 255 255 195 255 203 216 202 249 70 89 188 67 255 224 36 190
    255 144 55 255 140 255 94 238 202 36 210 26 77 170 217 255 56 255
    100 98 68 255 159 24 255 220 96 15 29 60 100 218 247 185 255 255 134
    152 255 255 166 63 255 15 255 255 238 255 158 159 228 192 103 185
    255 124 57 255 102 255 226 150 147 255 85 204 255 106 89 47 139 255
    255 162 24 185 173 255 132 141 255 13 95 255 64 255 255 23 255 255
    57 10 63 122 147 170 196 152 171 126 10 39 4 5 255 255 21 255 122
    255 63 255 255 62 41 192 212 77 125 211 77 250 255 255 255 255 255
    255 205 136 48 255 255 65 243 254 255 31 192 255 156 255 195 255 255
    217 207 255 11 154 45 255 255 252 209 255 255 60 255 57 45 255 255
    250 27 156 74 255 94 255 158 255 4 43 117 91 255 255 130 171 255 157
    255 139 0 255 111 255 120 188 207 255 143 228 38 255 84 255 255 85
    67 255 255 50 255 140 255 23 255 255 51 118 216 92 198 199 213 255
    122 255 255 245 255 85 255 70 255 231 64 11 255 77 255 29 53 255 188
    255 3 255 255 128 226 207 255 255 224 37 255 49 255 255 255 255 7 58
    47 255 255 255 255 72 228 255 226 143 247 255 255 63 186 179 255 196
    30 255 173 96 77 255 235 115 255 148 98 255 92 253 58 172 128 254
    255 26 255 255 190 255 240 120 241 118 255 153 177 199 222 250 144
    207 228 255 255 254 255 207 124 3 24 253 154 255 255 176 96 137 255
    255 23 142 255 59 235 255 54 255 255 166 144 73 14 255 255 187 127
    255 255 255 255 231 255 164 0 12 255 147 255 255 21 255 255 183 255
    173 255 255 255 36 70 255 14 255 255 146 255 21 69 67 255 32 185 255
    254 175 100 255 255 224 210 255 164 152 248 255 255 41 255 56 255
    111 255 255 255 255 255 255 192 140 8 117 255 47 232 229 60 161 255
    255 255 46 255 202 86 255 225 255 255 179 60 255 255 65 255 25 7 255
    255 185 75 207 130 196 122 255 255 18 48 255 202 98 255 255 9 255
    174 200 119 10 216 249 196 207 81 60 255 255 132 212 162 180 231 4
    231 43 255 213 53 255 110 122 254 195 255 255 255 255 237 255 255 47
    255 255 166 255 255 188 255 255 75 99 255 111 173 255 130 255 255
    255 51 255 6 243 255 202 89 122 255 170 118 255 255 250 202 129 29
    45 135 243 255 36 255 117 255 255 188 240 255 255 38 255 255 188 43
    255 118 104 47 174 68 122 255 255 175 255 247 83 223 255 255 194 53
    32 174 82 138 205 255 255 165 72 130 210 118 36 255 98 75 137 255
    255 67 255 255 33 60 255 44 255 190 1 255 255 11 255 255 37 223 58
    255 3 173 212 178 255 212 19 124 240 255 32 224 9 147 122 255 255
    212 9 255 169 255 115 255 0 173 74 243 215 99 255 55 255 255 255 34
    120 72 51 255 255 55 118 255 37 255 255 16 89 255 3 219 255 115 255
    254 234 193 207 158 255 255 255 171 247 98 236 34 251 27 9 30 255
    255 236 123 119 117 255 255 0 111 255 37 255 98 255 255 51 225 2 255
    88 154 255 91 255 255 148 29 104 244 214 255 122 255 124 111 204 139
    255 255 255 255 255 255 255 3 70 185 51 13 113 134 156 69 171 51 220
    255 255 255 111 255 194 158 255 249 9 255 158 248 255 40 255 115 129
    187 200 33 12 255 128 140 255 255 223 255 25 67 68 165 255 73 30 120
    255 255 74 255 255 255 126 255 255 255 255 101 255 255 68 209 255 38
    255 114 255 198 1 137 117 255 255 255 70 255 255 44 14 255 238 255
    209 255 9 2 255 247 8 147 236 19 12 65 154 246 72 255 124 255 36 255
    255 226 76 255 255 158 111 255 157 50 255 58 255 122 255 0 255 255
    231 255 249 255 75 255 255 134 255 255 170 255 255 111 239 7 62 255
    51 171 30 248 255 255 231 255 109 211 94 111 57 255 99 50 255 255
    255 255 104 224 68 180 255 255 126 255 255 150 224 194 255 255 105
    220 255 255 63 255 241 255 255 255 78 24 255 78 231 222 255 211 255
    255 187 239 40 255 255 255 207 255 107 255 255 216 154 255 111 255
    255 88 14 209 229 48 170 220 17 90 129 159 173 255 92 90 152 164 255
    132 255 255 250 255 255 255 255 255 172 255 255 255 255 255 44 255
    255 255 51 255 227 120 149 255 146 156 188 33 164 255 103 255 169
    255 83 135 45 104 210 171 255 255 255 143 141 255 151 255 159 158
    255 255 255 255 255 218 36 104 255 100 130 239 255 255 60 151 190
    255 229 255 255 240 57 179 212 240 255 151 115 113 255 19 255 255
    144 66 255 139 255 195 255 2 206 72 255 14 182 255 129 166 205 181
    17 249 184 104 255 255 84 51 173 72 70 192 151 164 92 205 255 51 255
    6 128 7 255 255 255 255 255 255 6 255 255 255 255 255 255 255 255
    211 255 62 34 255 255 255 23 255 43 74 219 168 106 22 200 158 255
    255 8 255 237 255 255 156 255 255 255 207 5 109 210 10 255 104 214
    130 255 255 255 38 125 90 218 205 11 146 255 255 255 236 255 253 255
    241 128 2 255 166 255 68 144 255 171 8 255 40 69 199 105 224 38 255
    157 140 222 147 123 196 15 255 181 52 255 255 95 255 255 255 241 255
    115 255 234 255 255 255 88 67 121 210 255 186 148 142 255 255 255 57
    255 255 255 216 255 32 32 72 55 206 200 226 60 255 255 130 255 113
    209 161 255 140 255 203 231 113 23 84 84 224 82 255 58 210 255 162
    44 188 255 135 31 19 1 255 255 173 94 255 255 171 213 106 50 83 255
    72 255 255 106 255 255 255 255 255 205 255 199 255 255 40 0 234 199
    123 255 15 255 255 255 255 2 70 115 255 185 255 255 239 120 47 114
    255 60 255 255 255 240 255 255 247 255 255 181 116 255 179 255 107
    255 200 255 132 255 141 255 200 255 203 39 179 106 103 72 162 221
    251 255 84 255 139 255 255 255 255 255 129 108 255 73 142 21 19 175
    255 255 255 255 110 31 232 255 21 77 255 205 211 11 62 85 255 255
    220 255 255 255 181 241 234 158 255 57 255 101 255 132 33 124 80 26
    68 255 205 75 227 188 213 255 245 145 25 255 139 100 212 255 143 255
    100 4 255 100 243 255 255 129 205 255 103 255 194 255 255 255 236
    240 255 60 212 183 73 187 60 25 255 92 26 255 255 58 255 89 137 125
    255 210 255 164 69 33 207 255 219 234 82 0 57 255 255 0 255 96 255
    202 135 255 255 193 255 251 255 255 188 80 19 249 255 255 19 29 232
    22 255 130 158 255 255 16 89 255 228 255 132 172 255 55 139 137 128
    51 132 151 239 255 57 113 255 30 255 255 255 220 255 255 148 41 34
    60 255 255 0 255 66 255 233 255 255 221 234 255 101 173 25 255 255
    255 255 255 195 31 255 179 74 6 228 211 255 196 70 255 255 21 255
    255 255 255 100 255 175 179 135 109 91 255 156 43 255 255 212 161
    190 192 125 43 135 15 255 36 255 134 255 255 255 255 255 255 255 226
    107 255 228 49 144 46 147 15 255 255 73 92 4 177 211 255 158 156 255
    133 140 11 45 125 211 114 255 255 255 255 9 98 255 255 117 255 124
    255 87 200 255 255 255 254 255 183 255 255 255 139 255 217 254 2 190
    16 140 53 115 255 252 255 190 117 139 159 255 162 101 198 253 255 38
    255 236 255 12 255 2 169 51 255 254 255 255 44 255 255 255 211 255
    58 92 175 255 199 138 54 41 255 36 158 192 255 255 255 113 228 255
    159 223 107 37 255 186 51 255 57 100 229 255 229 115 170 176 255 41
    255 255 19 205 255 255 71 74 26 255 255 122 206 140 205 121 79 83
    255 255 255 110 255 255 255 255 255 202 255 57 255 255 255 139 255
    255 49 70 255 22 223 45 8 79 198 255 9 90 52 216 255 163 118 138 255
    255 211 255 36 255 255 255 158 19 255 220 255 45 255 114 21 255 29
    255 72 141 255 255 217 252 255 71 50 49 207 255 85 247 135 111 152
    151 255 232 193 134 163 255 255 255 255 200 255 255 255 26 255 255
    255 255 34 23 255 190 47 60 255 78 255 126 183 255 72 15 27 255 136
    193 252 71 255 255 14 182 113 129 255 87 216 255 28 255 29 205 225
    80 255 81 159 255 154 116 145 7 22 107 14 45 255 147 255 255 213 82
    57 115 255 255 212 62 255 240 255 179 212 255 255 21 7 255 255 255
    138 96 255 245 255 255 153 255 7 217 238 29 87 95 149 255 255 255
    255 255 255 255 213 82 156 73 255 255 255 67 43 33 68 255 29 147 122
    255 216 205 228 130 255 179 217 151 232 207 224 36 255 255 128 87
    255 128 255 255 27 255 175 180 255 255 69 228 255 255 228 255 29 255
    43 41 255 255 180 199 66 169 238 255 255 255 255 124 86 255 201 48
    156 157 152 255 255 255 255 113 185 255 45 170 255 255 84 255 255
    255 122 82 21 255 255 255 211 255 255 235 205 255 36 122 252 228 11
    62 186 243 255 166 235 151 255 133 255 41 255 115 156 76 168 255 250
    104 164 223 255 9 255 170 89 132 171 255 66 34 255 202 255 209 255
    168 255 184 9 255 255 202 255 19 255 255 154 255 105 255 17 255 55
    216 87 139 62 58 247 142 100 81 24 255 255 10 255 74 125 186 128 255
    255 125 7 21 255 255 111 255 170 255 255 152 255 114 255 151 232 255
    239 98 110 105 255 255 143 98 45 255 255 161 255 220 51 255 102 168
    249 151 255 96 255 46 151 187 120 254 165 130 34 250 188 104 255 255
    153 180 14 138 255 205 38 238 171 217 255 255 4 255 255 255 151 255
    255 60 130 255 8 255 255 255 7 94 37 235 255 202 255 255 255 255 68
    32 134 255 165 255 128 255 255 255 45 200 179 32 255 255 255 122 255
    96 255 243 251 65 124 129 255 47 170 247 207 110 46 13 255 255 168
    255 255 255 255 75 175 10 255 98 194 255 38 135 255 98 255 152 255
    109 255 77 29 255 255 203 168 13 5 255 203 95 84 255 202 255 220 157
    250 254 255 3 255 88 104 162 0 158 81 65 116 138 255 252 255 255 255
    255 255 156 255 255 3 255 133 255 38 78 255 255 247 255 241 255 72
    171 89 255 143 255 12 173 255 74 90 255 255 255 62 151 255 205 12
    168 125 27 181 157 34 107 255 58 249 121 255 255 234 255 41 247 243
    255 146 122 151 63 43 255 48 255 255 66 212 255 255 53 126 130 135
    255 194 175 166 255 255 105 147 255 255 140 255 134 146 255 255 255
    53 255 255 63 186 255 255 2 85 137 252 82 255 255 109 53 102 45 34
    185 81 51 136 77 164 255 47 24 255 255 21 254 255 7 255 62 84 255 67
    55 255 170 120 164 255 195 255 150 199 249 188 224 94 119 255 255
    255 231 255 183 233 62 255 182 241 124 233 255 243 21 255 174 163
    255 255 113 36 255 87 255 255 200 255 91 53 111 38 122 211 63 147
    254 37 36 255 255 255 126 170 238 41 132 255 40 255 77 255 255 48
    255 3 255 255 69 255 32 255 255 81 223 255 75 78 22 255 212 255 255
    32 255 185 110 173 255 255 255 92 206 63 181 255 132 2 143 255 179
    27 255 132 181 164 255 21 122 154 117 255 89 223 255 255 93 120 255
    63 55 255 45 91 255 209 255 255 48 53 255 12 223 255 246 255 255 255
    255 200 114 137 113 30 183 170 181 255 211 255 12 255 255 255 49 159
    139 255 44 132 254 179 255 255 8 137 255 255 255 255 110 217 6 119
    99 255 147 113 60 229 255 17 27 255 132 157 221 215 141 96 136 88
    255 255 5 235 53 58 92 32 255 15 77 220 147 255 255 255 255 255 255
    255 21 24 209 228 9 111 151 10 255 11 255 255 49 255 255 95 57 237
    80 188 255 114 255 94 0 82 255 1 26 255 196 0 235 214 110 255 102 2
    168 93 255 107 14 255 200 5 255 83 102 255 255 255 29 58 244 111 255
    240 188 192 40 164 255 192 209 255 247 255 245 41 255 255 66 255 32
    73 14 234 99 229 190 52 99 255 255 10 92 255 255 255 255 115 57 255
    151 183 243 163 181 29 255 234 255 214 203 34 255 255 220 240 122
    255 255 186 152 255 249 210 255 255 85 255 255 173 163 2 235 255 194
    132 147 73 173 255 51 49 255 243 45 255 138 255 98 34 216 106 186
    139 255 255 140 255 255 220 243 113 27 205 213 126 104 255 180 255
    190 109 123 8 255 255 255 48 51 255 199 67 255 155 55 251 52 142 255
    3 67 162 169 255 64 135 233 255 223 149 255 255 255 255 255 188 186
    255 51 255 255 255 100 255 146 138 84 255 160 130 255 255 199 72 85
    234 255 255 172 255 255 255 255 255 195 197 255 198 65 26 33 14 175
    152 7 222 137 255 255 255 235 200 155 255 255 63 255 255 8 255 255
    255 106 9 255 92 230 231 217 255 78 255 166 255 255 224 158 255 255
    255 50 255 255 255 255 184 156 255 240 137 183 194 113 85 255 255 2
    104 255 255 213 75 160 99 7 192 22 255 151 255 94 255 69 255 255 255
    108 255 48 115 215 132 94 255 67 63 255 255 229 255 199 255 0 255
    211 70 136 53 255 246 68 255 255 255 154 36 113 255 10 255 247 113
    24 115 216 255 166 255 92 255 74 255 255 255 247 32 70 91 113 117
    219 255 179 77 158 255 255 68 255 248 34 229 216 217 115 255 217 209
    255 255 255 255 49 47 166 255 5 190 151 255 116 255 255 255 111 240
    43 175 255 255 255 148 255 166 255 255 255 247 217 255 251 255 237
    58 255 255 190 255 255 255 255 251 107 255 190 157 255 243 62 159
    255 250 226 41 63 255 255 36 115 255 229 134 40 205 170 188 126 255
    255 255 158 107 98 253 232 255 255 151 93 255 100 66 255 255 255 29
    255 203 255 255 232 216 9 255 173 255 3 255 170 173 214 255 4 216 38
    104 255 255 103 255 100 124 255 75 255 255 255 255 62 255 140 58 58
    18 154 255 44 235 255 231 14 228 255 130 255 159 255 55 5 7 154 255
    164 232 165 164 255 155 255 255 255 183 141 255 36 255 26 255 255
    255 43 8 52 233 17 62 77 40 124 255 202 216 199 255 255 67 38 85 180
    255 25 255 255 113 2 255 71 255 192 132 94 255 255 26 9 255 200 255
    255 135 255 161 187 226 254 137 255 119 255 255 37 255 255 255 255
    255 56 255 40 122 43 255 141 255 92 141 43 230 173 255 213 25 166
    255 33 140 255 22 168 100 84 39 145 255 253 255 255 178 79 255 21
    203 255 255 47 81 255 255 12 255 30 255 19 255 255 255 19 255 247
    255 255 62 149 255 125 17 32 255 255 255 53 255 238 33 147 255 255
    47 255 43 38 140 17 255 255 255 255 109 255 34 38 255 230 172 255
    252 196 193 198 122 175 255 255 111 255 255 255 179 227 255 196 206
    0 255 213 99 154 147 2 255 221 51 255 228 106 194 255 87 239 255 255
    98 255 247 89 93 255 57 229 0 255 67 255 171 255 51 255 255 255 85
    212 255 255 163 38 255 95 147 255 217 238 173 255 110 6 33 255 239
    52 158 255 87 255 94 255 255 255 137 84 145 74 255 156 255 255 255
    180 116 55 255 248 239 246 255 255 41 255 255 231 255 255 255 142
    255 66 255 255 47 152 58 27 238 255 80 255 134 74 122 255 255 255
    255 10 26 255 255 74 255 255 255 107 255 255 15 217 247 192 78 197
    190 168 255 17 3 255 255 124 255 255 255 79 255 130 67 36 224 147
    171 255 38 147 255 255 47 48 135 134 18 238 136 255 250 255 255 91
    60 16 255 94 246 147 32 26 123 255 221 168 215 194 228 92 136 255
    255 70 255 255 255 163 122 32 226 255 255 255 57 206 247 255 126 207
    4 51 63 255 255 255 255 73 149 255 244 68 255 23 158 73 255 53 255
    41 79 171 232 255 160 232 29 235 121 211 255 173 92 255 34 9 154 255
    255 188 125 116 255 255 255 255 21 255 192 65 48 36 217 255 255 255
    183 255 157 255 255 44 255 24 25 255 255 255 29 13 98 89 255 255 63
    234 177 108 255 240 67 255 255 178 255 12 123 255 81 255 70 60 236
    119 212 38 23 165 161 11 255 154 255 11 120 255 255 209 98 154 21
    255 195 151 255 54 207 217 201 149 83 255 255 255 176 51 179 117 226
    255 93 193 68 255 224 104 99 255 179 74 255 73 255 67 255 255 248 40
    225 212 255 255 255 255 19 255 255 184 106 255 124 187 255 14 255
    109 255 65 156 23 77 255 157 205 230 255 122 222 255 226 40 96 79
    255 107 130 255 58 229 66 100 255 255 255 82 51 181 39 245 119 46
    255 8 216 255 235 75 83 255 111 255 37 82 226 143 154 255 47 82 55
    212 60 255 152 255 255 255 255 198 212 38 122 143 255 255 255 171
    126 255 151 255 80 116 179 250 125 23 221 255 255 54 255 255 255 255
    255 137 202 255 169 31 255 110 58 183 181 140 205 66 223 255 255 255
    255 255 180 255 238 255 100 174 255 64 33 255 196 202 120 111 33 255
    230 89 17 104 23 255 83 132 255 255 121 77 205 26 144 255 58 127 255
    242 255 255 132 205 255 191 139 58 162 255 255 95 96 153 140 231 70
    122 2 173 242 190 255 143 70 247 12 255 34 255 255 230 199 108 234
    78 255 213 117 255 100 136 132 255 254 193 0 255 99 255 43 255 175
    255 255 149 255 255 255 255 9 255 255 255 255 203 255 255 147 255 34
    255 55 141 255 255 24 255 31 255 255 217 156 205 57 255 1 255 255
    255 31 121 255 255 255 218 255 218 10 204 121 253 255 255 224 255 83
    62 255 255 32 39 81 159 255 30 213 255 60 227 115 255 255 224 255
    255 197 255 89 255 90 198 255 255 198 255 57 82 228 6 47 255 230 91
    255 128 254 255 130 30 245 255 65 255 32 100 219 255 126 127 234 51
    118 2 255 241 255 147 154 98 140 255 255 183 255 245 217 255 145 255
    255 217 225 53 255 184 26 255 25 255 255 181 255 36 255 82 255 37
    159 239 255 43 45 255 21 255 255 240 45 242 255 255 194 180 107 18
    255 255 65 255 255 18 255 228 188 255 28 218 45 107 255 255 164 255
    63 255 98 96 255 38 255 6 55 180 255 210 255 90 150 127 255 228 243
    153 117 34 53 107 137 24 255 247 255 255 99 132 95 86 255 176 147 92
    47 255 226 255 149 255 255 217 255 185 168 255 201 75 64 29 255 255
    115 7 192 247 137 119 103 255 104 255 19 255 148 29 255 224 245 255
    107 91 122 150 166 255 190 38 255 255 255 139 21 255 9 121 243 188
    255 140 49 27 255 255 12 255 255 205 118 215 205 255 255 55 139 255
    124 219 255 203 255 160 92 255 255 54 120 230 45 144 237 255 255 138
    56 255 234 255 214 30 235 255 13 16 255 255 254 255 203 151 255 255
    179 146 241 92 159 255 44 84 81 110 255 255 247 255 154 132 178 255
    23 255 255 255 255 255 255 255 102 65 33 255 218 255 255 254 255 45
    255 255 6 255 137 255 246 187 100 255 255 255 38 159 255 201 255 145
    176 135 162 103 166 228 1 79 92 183 255 235 232 255 200 255 241 181
    14 255 255 12 255 170 45 255 255 143 10 21 62 255 175 65 98 255 148
    240 255 249 0 255 32 171 255 206 255 66 133 190 255 154 255 151 148
    140 255 255 17 255 22 110 32 203 255 255 33 115 255 235 255 255 44
    255 255 25 238 34 255 255 2 255 2 166 139 255 175 81 188 255 223 255
    255 255 255 179 169 199 87 250 255 255 66 116 2 255 255 255 255 91
    255 168 50 173 223 255 255 154 2 255 172 255 255 74 134 4 255 228
    132 255 104 90 198 192 87 255 209 4 198 156 255 23 252 255 152 255
    109 14 255 230 255 255 49 27 255 249 60 70 255 152 255 200 23 255 68
    32 200 186 255 255 255 111 65 28 107 255 255 37 248 255 255 43 255
    255 108 255 158 255 218 255 255 79 122 255 230 255 255 255 255 255
    255 255 255 38 63 74 255 221 253 23 1 255 41 54 176 255 92 46 255 27
    255 255 255 106 9 76 9 255 69 183 255 255 175 158 106 211 255 213 94
    40 84 161 38 173 255 188 255 72 255 255 255 255 25 111 170 255 122
    119 136 188 255 243 255 255 113 236 111 255 255 145 71 46 107 10 82
    255 48 255 36 3 255 254 10 125 119 255 193 255 87 226 255 255 255
    255 168 26 179 118 12 255 71 255 36 255 255 255 255 216 87 210 135
    132 251 92 255 93 146 205 96 255 255 23 255 255 114 68 255 12 55 217
    195 255 57 122 187 222 255 72 255 255 241 255 59 255 255 227 255 255
    255 255 255 221 108 62 22 77 255 255 255 255 250 255 255 239 217 224
    229 255 255 73 120 149 162 255 255 165 255 255 255 255 255 14 255
    243 78 255 179 212 255 145 128 86 41 132 255 4 210 51 107 242 3 255
    110 255 255 95 255 132 93 223 254 188 255 255 55 255 194 255 255 105
    255 199 92 255 255 41 18 255 255 173 255 255 174 113 255 255 255 255
    37 21 211 106 94 100 255 154 198 23 80 90 12 255 220 151 193 255 114
    46 179 154 255 38 255 94 255 183 199 90 26 255 255 255 255 234 255
    255 255 255 255 147 216 200 255 107 87 6 255 252 255 65 67 243 255
    255 134 255 243 255 255 197 43 4 236 232 36 255 255 238 255 255 166
    12 188 255 128 255 255 255 196 206 58 245 62 214 200 10 142 9 255
    158 255 106 15 66 198 255 26 255 255 40 43 58 202 8 72 196 255 82
    255 240 255 232 55 127 105 173 96 177 224 72 255 41 255 255 29 176
    255 93 178 158 255 255 111 60 207 47 234 122 255 255 72 113 172 217
    57 174 255 255 210 199 11 255 255 222 30 92 132 216 224 255 82 161
    255 26 255 255 191 34 255 255 255 255 255 255 255 255 55 153 26 255
    200 104 58 232 255 255 255 126 255 255 255 255 139 255 255 255 253
    142 255 59 255 255 198 255 255 255 31 192 118 243 162 121 106 186
    201 255 255 202 7 255 161 245 154 255 255 255 85 57 51 26 5 255 126
    75 188 80 255 255 8 255 239 69 221 255 102 185 55 255 255 194 251
    123 255 100 46 255 255 255 209 11 255 255 76 12 255 109 255 179 55
    72 9 255 139 60 70 255 6 51 255 92 36 255 177 159 255 117 100 58 255
    196 14 147 118 14 255 185 255 94 37 255 168 255 255 141 255 217 255
    36 200 104 255 252 138 1 255 255 255 255 100 190 68 64 107 255 89
    255 55 19 4 224 179 122 253 255 255 255 255 48 182 73 176 128 75 255
    12 15 173 255 104 220 255 255 162 173 49 91 104 255 225 10 255 87
    255 143 255 255 255 84 255 119 231 255 255 255 255 232 207 103 243
    162 125 255 217 116 96 129 212 205 129 255 181 77 255 255 255 14 255
    95 39 60 43 255 34 244 62 255 0 63 43 84 152 228 114 140 255 247 144
    255 165 255 47 143 255 255 196 39 245 255 255 62 255 3 255 157 255
    255 62 252 60 98 144 224 5 255 188 110 255 26 5 255 255 242 255 255
    54 31 255 5 192 107 255 245 255 67 255 255 91 255 255 255 255 60 255
    255 73 192 113 70 125 255 255 136 53 38 124 187 6 54 255 224 29 10
    255 251 116 255 15 151 255 92 255 255 177 231 47 255 255 255 255 255
    138 232 255 255 7 255 249 148 29 255 4 255 249 124 255 255 0 255 64
    119 79 28 81 255 203 202 255 168 224 163 205 188 255 255 224 195 104
    255 120 255 11 193 255 77 224 255 198 255 186 255 33 255 143 255 255
    0 41 183 255 21 255 119 231 255 255 111 64 255 175 60 177 255 255
    255 87 122 71 45 55 29 156 255 103 65 130 88 255 230 255 255 203 176
    255 102 255 152 34 95 70 158 85 146 2 8 22 60 255 46 255 19 127 205
    40 255 70 255 255 255 255 33 247 174 255 19 255 72 218 255 255 32
    129 96 98 96 113 255 118 255 92 169 255 255 236 70 224 255 53 175
    255 127 255 255 72 255 255 36 255 8 255 255 244 231 28 117 202 255
    37 46 255 7 255 145 255 255 255 255 255 255 62 211 202 203 99 198
    146 82 224 144 21 255 177 92 243 33 163 255 206 255 255 99 188 255
    255 255 94 201 22 141 242 175 255 89 255 255 12 22 255 136 130 89
    139 255 38 155 255 255 81 176 28 255 103 151 238 255 241 88 9 255 38
    255 2 143 67 0 95 255 255 132 91 255 255 123 38 27 108 255 21 255
    255 209 15 255 87 221 255 255 46 198 255 82 255 111 158 28 255 140
    255 41 46 94 181 57 255 255 84 17 255 72 192 41 149 255 54 255 255
    255 187 255 255 113 255 243 221 141 52 255 166 255 255 77 188 147
    211 157 217 255 255 36 255 177 255 254 121 99 66 18 149 255 165 113
    255 136 255 162 51 255 15 255 255 255 255 111 15 255 106 239 235 255
    109 240 255 58 18 255 23 12 255 255 32 255 255 255 255 24 255 255
    255 139 255 81 255 219 255 81 231 241 47 221 190 255 180 11 255 255
    255 162 231 6 102 65 255 69 255 104 255 65 255 63 255 6 255 154 255
    71 235 255 136 253 255 210 24 132 163 255 105 136 94 255 111 255 34
    183 118 255 253 255 77 224 7 255 255 255 222 255 154 255 255 255 255
    255 67 130 255 255 73 205 221 181 166 108 255 15 195 255 255 255 255
    224 255 207 255 77 255 195 255 79 255 123 255 255 106 255 85 255 255
    143 170 171 255 253 175 119 255 104 195 255 102 254 178 68 255 255
    255 143 255 255 194 228 41 157 82 156 166 195 255 255 154 255 23 39
    173 143 255 255 255 255 211 228 9 15 194 255 170 191 104 234 55 255
    194 255 255 115 184 207 198 255 255 255 255 135 186 168 111 255 255
    240 255 165 255 255 247 255 255 49 255 166 255 255 141 133 255 255
    177 55 255 255 53 154 232 255 17 4 36 139 255 115 90 113 99 255 194
    137 255 255 182 255 151 29 218 41 255 121 243 245 255 27 101 13 214
    255 255 40 255 255 110 255 252 255 255 132 247 96 13 8 255 183 255
    255 215 254 223 255 22 255 255 16 255 255 121 96 213 172 151 255 122
    255 200 172 171 234 155 164 60 255 255 255 255 255 255 242 163 170
    169 255 255 113 158 255 139 255 255 223 70 255 225 255 252 139 161
    64 78 226 17 74 46 79 255 255 188 240 255 255 48 255 151 60 255 255
    125 205 255 251 175 128 216 255 255 119 255 109 255 255 239 106 255
    255 184 72 89 210 94 255 47 104 104 118 24 255 255 231 255 214 255
    255 255 68 72 157 134 138 122 123 139 91 255 186 255 255 115 255 26
    87 255 110 119 255 163 255 52 255 230 227 255 145 36 224 113 255 151
    230 255 130 255 255 255 198 163 94 255 242 101 255 184 255 232 194
    255 255 255 255 255 114 236 255 255 212 252 183 255 32 82 255 255
    135 255 255 143 29 255 216 74 255 137 62 255 255 70 255 255 255 132
    26 255 211 231 255 255 54 255 255 54 127 230 146 65 255 81 185 255
    159 101 90 255 255 255 37 255 171 255 255 255 255 255 255 60 182 255
    132 255 8 32 255 77 255 255 198 95 22 115 16 255 132 255 255 255 111
    50 255 102 255 255 247 255 255 103 235 255 12 255 126 40 255 255 176
    255 255 56 139 255 255 255 2 255 51 255 172 214 255 98 255 143 165
    255 11 206 255 4 136 144 138 155 65 255 194 204 51 96 255 255 43 2
    255 255 255 0 255 46 154 84 144 179 121 255 60 255 197 156 177 99
    255 220 223 70 214 159 6 255 200 255 33 255 255 221 255 255 29 170
    166 99 255 124 44 240 255 89 255 196 88 221 255 194 190 255 104 255
    228 103 118 255 244 255 143 177 255 252 30 255 15 23 36 11 255 255
    49 43 202 190 52 185 60 23 255 226 255 7 255 65 255 255 255 62 255
    255 236 200 255 255 255 118 255 113 250 255 255 95 111 117 255 255
    132 255 255 255 96 229 255 254 255 109 157 211 117 70 96 255 37 89
    255 117 103 255 158 5 255 255 137 255 185 255 160 176 68 121 255 255
    252 255 255 196 85 24 255 107 219 255 60 255 255 78 255 41 255 255
    166 210 178 255 207 255 255 244 250 36 206 132 255 213 255 255 66
    255 243 206 68 255 40 255 255 202 125 107 32 226 90 102 43 249 66
    255 255 69 33 202 187 152 255 25 202 96 209 255 255 176 36 215 33
    255 255 255 113 36 107 134 105 177 46 255 124 255 255 176 255 255
    113 91 255 137 255 19 255 255 255 37 255 245 203 255 255 255 229 188
    177 248 255 229 255 2 111 94 255 36 50 252 117 137 255 110 67 198
    203 115 255 255 245 255 148 255 132 40 255 6 255 255 0 255 255 255
    255 217 43 255 103 171 223 255 255 96 255 17 165 106 194 255 154 122
    74 255 26 229 255 255 49 255 255 246 255 64 121 255 203 202 82 255
    255 255 255 255 255 105 221 17 6 210 255 255 255 255 232 225 255 255
    255 255 247 172 248 202 255 255 255 255 255 211 137 236 254 255 182
    70 255 39 255 255 255 40 96 10 234 188 255 255 152 255 62 93 255 6 3
    243 149 194 255 24 118 80 58 255 255 94 1 79 255 23 2 255 102 255
    255 173 70 255 58 39 222 255 211 64 255 255 255 255 255 217 255 75
    15 152 168 21 255 255 83 255 255 255 247 175 255 14 199 194 255 255
    32 132 142 188 144 104 255 25 219 255 22 255 255 78 176 230 255 9
    151 70 219 255 52 5 166 235 87 13 255 122 255 242 217 255 45 236 255
    165 123 81 207 255 41 133 122 255 255 163 255 144 231 255 102 135 24
    107 255 203 159 255 255 255 123 255 201 19 228 235 3 255 80 139 200
    11 255 255 0 154 87 255 255 255 255 255 224 14 45 255 51 24 255 179
    197 241 165 24 255 255 158 255 113 255 255 255 255 2 34 104 255 255
    245 255 255 193 15 250 255 255 25 224 255 26 79 130 117 104 220 255
    255 15 106 96 85 255 255 202 255 163 255 255 200 192 232 164 255 203
    255 255 65 137 51 33 10 255 179 161 255 210 255 255 34 108 255 157
    19 255 244 185 255 255 135 183 196 255 255 165 255 117 77 255 104
    255 87 220 106 87 234 188 156 255 102 27 4 255 188 255 255 255 105
    255 255 81 255 223 13 63 255 255 220 255 255 63 19 183 255 255 255
    148 255 255 255 247 255 188 151 215 14 202 239 255 255 255 255 24
    255 255 168 255 147 70 96 91 255 255 169 255 141 113 151 6 155 255
    185 255 72 255 151 248 249 150 255 255 59 255 160 255 255 66 155 166
    255 255 255 255 26 94 153 255 168 215 139 255 57 229 255 239 213 240
    241 255 252 102 126 94 200 255 255 220 43 255 255 255 255 255 89 252
    255 144 10 255 66 255 255 255 106 255 21 236 226 146 130 217 43 9
    255 10 255 255 41 216 232 255 211 255 255 152 77 136 183 81 3 151
    255 240 159 255 255 255 255 255 255 158 40 255 255 93 74 72 255 255
    255 242 211 68 255 211 254 255 161 255 11 255 255 255 255 134 255 19
    200 55 154 234 8 250 255 140 255 73 115 180 64 218 51 181 80 255 115
    33 65 255 255 240 255 223 122 188 89 120 255 177 204 51 37 255 41
    255 255 136 48 255 11 183 144 255 67 255 255 100 50 207 255 255 202
    250 255 255 93 255 203 192 58 247 255 204 255 89 255 254 92 255 255
    235 123 164 37 245 255 255 255 19 176 171 34 255 245 255 239 170 255
    140 255 255 98 255 255 37 31 149 56 207 255 74 255 255 249 65 47 255
    233 255 205 255 255 196 255 213 37 255 139 82 255 255 238 21 255 255
    5 255 117 255 255 243 187 255 98 255 255 5 255 136 255 255 170 255
    197 177 25 182 255 255 255 255 96 127 0 243 130 255 113 255 226 55
    96 113 255 170 255 52 60 255 155 255 255 95 248 166 91 123 85 151 22
    4 255 255 132 89 101 177 255 36 255 110 255 57 255 255 255 242 192
    255 99 195 255 158 87 9 255 231 100 155 166 30 255 253 186 14 15 255
    4 70 15 255 216 220 255 113 255 78 243 15 244 75 245 174 163 232 165
    255 179 82 193 181 73 255 234 74 255 255 38 255 255 202 41 255 18
    255 126 183 255 255 255 255 243 49 255 255 147 146 249 255 171 92 37
    255 151 77 214 38 255 255 255 187 185 179 187 72 255 59 228 11 122
    205 43 133 84 255 239 255 255 54 255 245 255 255 255 255 168 175 255
    255 45 188 255 119 16 255 255 47 110 255 255 116 255 236 255 255 187
    111 122 255 91 255 209 120 255 254 216 209 104 31 255 109 159 230 0
    255 255 111 255 255 225 255 53 49 255 90 206 77 158 170 255 41 121
    55 255 77 255 255 151 140 255 255 255 122 255 255 255 162 223 255
    192 14 249 255 255 255 255 149 66 192 255 109 84 255 89 41 255 13
    255 113 255 136 87 255 5 255 255 36 111 203 213 142 107 129 255 38
    243 255 255 255 255 177 232 255 60 119 255 105 255 255 255 126 255 9
    246 58 85 71 130 9 255 200 255 84 255 19 45 188 255 229 255 38 10
    228 43 8 255 255 117 255 70 255 12 138 255 94 255 125 96 38 184 241
    255 255 255 255 255 255 151 110 212 64 14 92 255 169 57 255 173 255
    255 129 255 255 146 3 255 255 255 181 128 171 75 192 255 192 91 111
    255 255 51 241 52 70 21 89 255 255 255 122 255 255 94 53 165 255 185
    18 255 255 163 164 255 240 255 141 255 192 62 213 187 154 255 255
    255 62 255 255 174 255 255 240 80 41 205 164 255 172 111 40 242 255
    237 69 86 143 137 255 166 213 255 30 255 0 255 255 255 23 95 113 255
    255 255 255 100 211 100 166 255 58 30 68 58 187 48 249 11 255 122
    255 135 41 140 108 255 196 228 255 172 255 255 255 255 255 124 108
    255 255 86 255 106 255 126 106 255 156 255 255 255 255 45 255 62 255
    255 255 144 98 228 255 147 181 255 255 125 255 66 168 175 60 92 146
    255 181 255 255 52 255 164 231 92 255 255 255 75 255 74 255 187 55
    57 255 255 255 255 161 36 91 255 255 255 156 51 206 51 255 203 24 23
    89 255 166 4 255 255 137 65 100 188 255 57 198 33 255 255 255 47 249
    151 79 158 79 51 236 63 255 136 101 255 115 255 255 51 164 255 209
    229 107 132 255 121 163 89 121 1 197 255 255 137 255 23 158 9 27 113
    255 224 247 255 255 255 245 109 154 158 132 240 249 236 255 255 255
    255 255 210 147 255 255 212 255 255 7 209 73 183 26 88 26 255 253 98
    255 180 255 255 255 94 255 228 19 32 240 41 154 136 255 70 122 130
    255 128 182 190 255 255 255 255 15 255 121 255 255 128 255 255 246
    255 202 114 158 190 124 192 147 192 115 255 255 14 21 255 211 60 100
    51 255 255 147 255 82 255 55 74 255 202 32 238 255 115 255 145 0 255
    9 107 255 55 71 86 102 239 180 119 84 255 226 253 255 255 87 168 149
    255 116 255 212 255 117 155 175 254 188 178 134 179 255 255 80 255
    255 255 255 255 76 82 255 255 253 255 255 255 255 249 255 255 238 55
    255 201 204 255 255 255 136 218 255 77 192 255 255 133 255 211 221
    236 255 195 163 202 184 226 192 69 233 73 124 195 203 255 65 0 255
    255 90 255 10 122 229 111 255 132 84 255 255 216 255 5 7 57 234 255
    217 89 255 255 122 200 156 124 228 255 255 255 173 65 255 255 242
    255 196 169 195 40 203 255 105 48 255 173 255 255 255 8 231 51 16 3
    26 162 12 166 255 113 181 255 43 45 15 255 156 255 255 255 139 255
    255 225 207 109 255 17 255 106 89 255 255 255 145 122 255 255 255
    255 249 198 255 255 135 9 173 117 255 24 255 255 255 255 173 41 71
    255 36 14 255 255 218 50 28 255 103 192 74 255 255 255 159 255 63 9
    255 196 255 222 221 219 255 159 98 83 223 255 119 231 221 218 7 255
    255 26 74 232 103 255 255 67 233 60 229 205 255 135 19 139 88 62 255
    253 255 254 221 178 115 255 255 200 10 255 255 243 166 77 30 255 255
    231 62 255 1 228 0 58 26 136 147 41 255 181 209 255 255 255 6 109
    118 237 124 255 58 235 255 255 62 43 252 84 255 255 16 255 179 55
    200 81 21 187 196 218 149 153 30 63 202 159 139 255 255 255 239 255
    94 124 132 187 94 0 211 255 36 255 119 214 57 255 255 132 49 27 182
    241 77 255 255 163 195 55 255 33 245 48 255 90 255 255 255 133 36 92
    190 255 147 161 233 213 255 135 255 117 46 21 69 255 255 250 58 111
    154 26 138 169 255 89 255 255 255 190 255 255 209 134 224 111 240 24
    99 255 234 147 221 255 63 238 170 255 159 68 255 45 168 128 255 188
    113 255 255 214 255 255 251 255 228 254 36 98 191 255 126 8 255 171
    109 103 166 218 255 255 14 29 100 33 255 255 255 39 255 255 86 183
    177 86 43 255 255 102 154 255 255 81 139 168 10 255 109 165 255 255
    255 195 255 242 106 239 10 128 255 232 149 255 255 255 255 93 34 228
    198 79 132 88 255 57 210 29 255 52 255 153 255 255 255 213 255 255
    38 255 255 194 255 255 255 154 255 255 163 255 55 178 0 137 255 255
    255 168 24 38 255 170 192 228 17 239 255 156 148 137 64 225 152 255
    102 182 158 255 17 205 133 94 198 0 255 60 48 255 32 119 221 255 255
    152 239 135 15 162 235 255 255 210 255 53 148 240 94 55 255 194 239
    178 255 255 116 179 77 255 255 135 130 119 59 250 255 117 255 4 254
    255 143 73 146 255 118 29 109 232 255 2 152 229 255 255 134 252 12
    255 255 4 255 154 141 255 255 255 91 26 173 255 255 255 255 255 255
    255 255 255 67 218 76 171 255 144 29 255 255 122 173 255 255 255 155
    159 255 84 187 255 255 45 207 107 146 255 128 58 255 89 9 255 187
    255 57 70 17 255 250 3 255 126 255 255 255 255 255 251 255 255 18
    255 13 255 255 177 87 252 115 255 79 255 240 62 255 253 24 255 255
    255 241 201 233 255 55 197 255 179 175 147 255 255 115 122 10 255
    255 127 255 224 166 232 100 255 255 255 70 24 218 19 255 255 255 255
    199 255 222 56 255 239 255 255 164 253 50 51 224 89 130 5 255 255
    163 255 102 247 166 255 255 152 166 255 50 249 255 10 255 103 255
    255 255 135 51 210 255 119 218 255 51 255 84 60 98 152 255 155 255
    104 10 255 255 54 255 243 91 166 90 14 178 255 229 205 62 118 187
    192 247 255 255 255 0 81 255 255 252 22 75 254 117 255 220 0 205 255
    159 255 255 192 255 185 43 190 237 43 199 92 155 255 230 25 255 98
    126 57 70 111 255 255 10 27 130 255 255 34 78 255 255 255 255 40 132
    255 255 77 255 255 255 255 224 54 45 30 163 127 255 240 240 121 255
    10 215 255 255 173 41 53 21 59 84 255 4 24 217 15 255 255 255 15 234
    102 159 255 255 5 255 150 224 255 157 211 23 87 0 207 136 255 24 0
    247 255 22 255 77 255 158 255 179 255 255 10 255 255 41 255 255 255
    67 255 247 134 255 227 231 255 115 255 255 255 255 255 81 50 147 251
    72 255 93 217 47 119 195 124 231 60 255 255 255 255 253 34 156 235
    144 228 255 255 38 45 255 107 187 200 255 225 58 177 206 212 255 181
    255 255 188 87 255 239 255 255 157 255 43 158 252 247 220 2 119 231
    255 171 19 255 243 250 34 255 157 255 255 255 178 126 191 125 235
    114 255 255 255 255 128 125 255 255 253 82 143 223 92 255 32 255 255
    225 253 255 255 163 255 255 255 104 11 255 255 151 255 255 255 163
    255 243 243 255 74 255 171 255 255 138 34 219 255 133 255 255 84 182
    255 49 255 255 45 159 255 166 255 138 126 156 255 179 255 170 169
    253 147 255 255 232 255 195 255 255 255 72 7 248 255 37 255 136 144
    82 255 255 255 255 147 255 139 255 99 89 163 255 255 95 183 255 254
    255 255 255 17 94 62 250 121 255 255 9 229 103 255 234 255 255 255 0
    255 176 255 66 195 255 41 26 68 190 30 200 40 22 152 255 218 190 196
    243 255 183 124 255 255 78 24 139 48 70 255 177 255 124 166 65 255
    139 255 255 67 255 122 255 120 255 255 255 173 14 255 6 103 236 255
    33 118 252 133 168 168 87 255 255 214 255 186 239 245 255 12 255 179
    48 103 241 174 255 40 255 255 23 255 190 215 67 79 255 255 68 202
    255 255 255 209 212 45 140 46 13 37 156 255 7 199 145 47 255 255 111
    91 49 239 86 255 255 103 198 191 255 255 27 45 255 255 255 26 21 182
    255 255 183 255 36 255 177 255 255 255 73 255 102 102 82 196 255 192
    255 255 255 217 23 27 49 255 255 34 221 19 255 137 228 203 195 255
    226 255 255 115 209 104 57 255 82 24 161 255 209 49 65 211 168 255
    105 95 255 255 139 180 255 255 255 192 8 75 57 71 255 255 132 255
    255 48 255 255 147 156 255 255 209 255 247 123 77 216 77 66 110 63
    73 240 91 141 255 255 255 254 247 255 209 110 198 231 255 130 113 9
    255 255 168 194 255 55 121 69 63 41 63 120 186 255 86 23 255 255 255
    255 255 255 117 55 156 255 91 190 82 255 151 12 111 255 144 255 87
    255 250 141 254 130 255 244 255 254 225 110 6 232 183 245 76 68 255
    165 255 205 157 130 168 168 192 47 214 255 255 37 62 183 139 195 255
    220 125 255 255 255 9 246 36 28 224 101 0 255 255 57 255 255 24 213
    255 255 12 219 255 228 65 255 255 187 190 190 224 255 240 255 4 210
    255 153 255 255 255 88 80 234 126 74 243 49 46 255 255 255 255 205
    255 255 183 158 228 217 2 228 16 255 255 255 87 109 251 94 255 80
    255 255 158 29 255 89 110 255 255 164 190 229 255 255 40 255 73 210
    171 154 80 130 255 122 116 126 255 255 124 255 134 28 62 255 4 255
    229 45 65 188 15 65 255 73 102 255 255 154 255 105 3 255 255 56 255
    255 255 57 255 255 212 255 59 103 255 255 33 79 255 255 154 190 197
    237 44 192 255 255 255 255 240 135 232 227 10 255 207 111 255 143
    255 255 207 108 72 152 255 255 244 255 255 78 123 255 62 163 255 1
    255 188 99 255 255 59 223 205 121 255 243 40 41 186 172 127 64 76
    255 70 0 94 151 152 252 255 255 19 255 23 255 151 30 199 30 255 36
    211 118 22 255 255 58 255 119 255 255 71 139 24 18 67 32 140 255 249
    255 255 255 36 101 134 255 111 255 255 255 43 114 94 255 255 255 255
    125 255 255 172 212 4 119 253 255 255 255 255 255 255 255 235 255
    160 150 176 75 181 199 109 255 68 255 1 74 255 255 255 60 203 255
    255 195 7 38 255 94 170 255 255 11 88 255 255 135 142 51 228 255 90
    255 185 255 115 29 139 136 245 255 165 27 8 92 255 255 169 58 222
    255 255 255 240 255 75 255 108 255 223 94 255 147 255 255 255 92 139
    37 60 53 115 255 166 100 106 115 84 158 96 255 200 255 26 70 255 26
    60 90 224 250 255 214 255 255 111 255 255 255 46 47 159 175 207 113
    255 34 255 255 141 15 57 255 194 255 151 132 255 255 221 204 255 19
    41 255 255 14 255 144 180 234 255 15 138 16 200 255 0 182 255 255
    236 51 114 3 255 56 146 232 0 255 255 235 70 64 141 173 255 255 29
    255 82 134 255 255 255 255 255 170 255 188 130 234 128 255 124 183
    67 194 147 255 255 255 255 211 133 2 255 59 188 9 180 255 255 174
    255 147 255 255 64 220 3 245 213 101 104 71 57 2 150 255 255 84 197
    255 43 12 100 181 34 145 255 84 255 255 255 175 255 137 255 174 255
    255 255 255 255 255 125 179 185 48 55 48 255 188 255 255 255 255 255
    53 29 139 160 255 72 226 206 2 205 49 151 166 110 255 255 34 123 255
    40 255 255 140 2 255 159 255 134 158 255 255 44 5 255 250 60 6 203
    51 255 216 255 255 255 36 160 225 128 100 62 255 255 70 82 121 19
    139 255 185 108 81 231 139 96 118 255 198 255 96 235 213 197 21 250
    255 255 255 255 40 45 156 255 251 190 213 255 43 232 144 17 8 247
    255 255 139 149 213 147 212 55 195 255 255 177 255 255 255 255 81 78
    190 126 109 255 55 255 255 119 251 255 62 255 255 43 66 224 255 255
    255 75 255 60 255 255 166 255 155 255 43 133 255 218 146 255 198 52
    255 255 255 99 255 255 255 255 74 51 62 255 255 254 255 255 202 84
    226 255 255 229 235 104 75 255 206 255 255 255 255 85 255 255 255
    162 171 255 255 255 255 212 255 255 255 255 232 5 255 26 255 255 13
    190 33 255 213 255 255 191 21 41 36 255 154 253 255 21 255 255 202
    195 175 255 81 43 185 88 156 255 111 255 23 181 255 72 151 247 255
    255 190 249 140 108 235 47 58 64 255 255 255 124 171 154 172 255 255
    255 229 255 210 134 255 66 252 200 92 156 126 218 171 218 255 15 245
    255 255 255 162 48 255 255 255 255 243 255 255 22 255 255 255 250 32
    255 72 156 221 255 255 188 255 211 188 132 51 23 255 200 255 197 179
    32 128 104 36 255 255 147 231 255 103 170 149 65 26 105 124 178 255
    214 255 226 18 200 173 48 255 255 66 255 255 255 67 245 100 139 147
    255 255 57 236 149 255 168 226 255 18 185 255 152 255 255 255 27 255
    19 255 138 166 255 255 255 14 255 255 255 255 21 255 255 255 84 6
    255 255 255 255 21 255 148 255 255 129 5 153 33 255 255 255 255 217
    151 255 126 255 214 181 114 195 17 255 255 128 202 255 255 229 255
    255 85 7 255 255 84 255 5 247 28 16 255 28 255 255 141 234 142 126
    122 255 255 96 38 255 185 140 255 227 101 255 255 67 136 247 240 252
    255 255 255 255 255 139 151 255 72 255 17 98 40 175 73 30 252 255
    221 228 255 139 113 255 255 255 79 255 26 255 95 255 255 58 86 190
    77 255 255 48 27 255 255 197 192 92 255 243 232 21 130 103 255 255
    255 255 255 95 41 30 117 111 13 74 91 255 25 175 23 45 228 255 154
    235 255 158 200 255 255 219 134 151 255 85 206 158 255 88 255 2 255
    5 255 255 197 23 255 255 255 255 214 9 255 255 255 247 255 255 255
    255 255 184 255 255 255 255 255 128 80 255 151 255 34 125 255 218
    187 46 255 168 45 255 162 33 168 249 204 83 41 115 255 255 224 96
    102 255 49 205 115 26 255 99 168 185 195 13 181 14 255 115 149 83 80
    255 255 212 255 255 150 255 255 184 62 252 30 255 38 183 65 255 91
    221 194 249 29 32 255 187 255 150 195 143 188 231 43 115 87 26 63
    255 255 255 168 239 65 255 143 104 255 241 114 137 11 255 188 19 255
    255 209 255 255 235 255 255 255 196 110 96 250 33 255 255 53 186 255
    255 255 255 135 143 255 255 255 177 236 255 63 255 255 77 255 83 16
    144 215 88 255 45 73 91 255 118 233 255 91 255 226 51 7 130 187 68
    255 213 146 136 174 255 255 166 255 13 255 89 255 255 255 255 177
    255 255 195 46 185 225 255 247 229 113 255 255 255 255 216 86 200 19
    255 255 96 255 255 240 26 237 102 41 255 220 252 255 54 255 239 225
    50 255 82 144 87 21 255 168 125 255 11 255 7 252 169 255 255 170 252
    255 158 255 252 255 67 228 14 255 255 229 255 255 255 255 237 242
    255 255 40 99 255 214 255 9 81 255 105 255 255 134 255 125 255 255
    127 92 243 135 255 103 255 94 223 65 26 12 211 255 249 202 104 251
    96 62 255 22 255 16 255 111 207 226 113 255 98 255 255 89 234 255
    255 162 125 110 230 12 166 196 140 255 255 128 187 255 85 255 34 89
    46 255 255 255 255 98 214 255 65 255 162 91 255 34 196 255 128 223
    255 255 82 255 224 221 22 8 202 72 255 100 38 255 81 255 255 255 204
    194 249 2 241 255 240 255 188 9 255 48 255 255 242 255 255 255 217
    156 14 70 162 166 82 255 234 70 255 255 255 132 119 164 128 251 255
    255 33 255 255 21 250 170 255 79 179 140 63 154 126 207 255 25 255
    255 34 255 255 255 241 255 67 231 249 100 33 252 73 205 255 60 255
    34 77 70 89 255 2 255 255 183 255 1 221 255 196 154 117 255 140 47
    255 175 255 19 255 213 130 209 138 133 146 255 0 255 255 188 221 251
    255 158 17 88 255 194 104 252 255 23 255 79 255 137 90 203 255 255
    10 209 58 255 195 171 81 255 75 66 255 126 255 255 255 52 255 255
    255 255 255 40 171 255 255 193 255 188 255 255 19 255 255 59 204 38
    162 255 255 25 115 255 225 255 13 194 15 255 152 96 255 76 255 255
    174 192 255 66 116 57 162 255 255 192 57 207 255 255 213 255 255 89
    255 132 149 48 62 255 255 255 255 66 113 255 102 116 55 125 255 192
    255 118 166 174 255 255 255 104 232 255 255 255 29 144 194 255 82
    255 144 226 119 255 50 255 255 255 209 117 132 32 44 48 255 255 255
    255 140 80 156 87 255 32 67 255 164 194 255 255 187 255 213 255 89
    255 74 43 230 255 255 234 255 255 168 56 255 96 217 207 6 255 255
    147 148 45 255 255 75 255 255 255 102 93 205 57 30 214 255 213 142
    215 225 255 177 190 255 62 92 9 158 16 204 115 255 132 92 255 243
    105 33 36 255 255 98 247 196 99 255 251 152 83 106 255 26 114 140
    255 187 255 255 130 255 255 48 255 255 139 80 255 255 99 255 255 53
    255 48 135 9 199 197 228 192 255 255 93 168 255 18 255 255 255 14
    215 14 255 141 177 36 198 255 7 47 194 211 255 255 140 255 255 255
    255 255 92 145 255 255 11 135 137 149 255 252 247 255 118 255 103
    149 255 63 156 98 70 255 141 60 255 255 225 205 117 255 111 255 12
    255 255 18 178 141 255 255 138 128 75 139 255 255 255 169 116 241
    187 255 175 113 214 255 132 101 255 165 255 255 89 255 255 255 243
    255 253 255 28 48 255 255 40 255 255 73 255 177 244 9 239 60 255 255
    247 24 200 100 217 255 32 255 255 62 2 28 183 255 255 117 250 51 104
    255 173 151 255 47 196 255 143 106 255 255 255 255 255 81 151 109
    255 255 255 255 22 230 239 200 255 161 50 200 55 156 209 157 55 255
    121 51 113 10 255 77 113 29 255 78 255 255 255 255 40 202 255 255 69
    144 134 30 134 255 154 103 255 143 255 255 65 12 255 255 255 11 255
    255 85 255 137 255 239 51 255 82 250 104 22 255 255 32 255 255 246
    255 255 255 255 198 188 108 255 81 255 255 69 190 255 234 207 255
    198 255 255 102 255 255 124 255 255 21 255 255 185 33 255 32 45 255
    65 255 255 199 161 255 253 255 213 157 17 70 255 255 11 5 152 0 5
    120 149 255 41 255 173 255 255 199 48 134 205 255 255 92 255 255 255
    255 255 255 255 132 255 122 255 43 255 255 84 98 51 109 255 102 255
    248 255 255 70 32 40 48 194 255 72 113 239 255 136 78 60 162 67 255
    160 231 175 49 69 29 119 87 221 255 5 255 255 205 255 28 255 99 15
    93 255 156 232 50 117 173 255 230 255 125 128 227 221 255 111 255
    145 255 173 255 99 228 255 255 156 121 22 255 134 146 255 255 246
    229 47 147 34 245 255 163 255 21 134 255 255 51 200 1 255 255 183
    185 255 255 255 255 113 204 254 255 255 217 118 248 255 63 255 215
    159 29 160 249 82 255 25 38 255 255 197 255 133 137 255 158 22 147
    255 255 237 56 255 185 210 151 255 37 118 245 246 255 85 3 67 252
    150 164 255 49 255 255 205 193 224 157 255 255 255 255 255 84 161
    255 255 137 255 220 207 186 166 79 255 115 255 30 63 15 222 255 106
    92 229 255 113 129 17 255 88 255 255 254 0 92 0 176 190 135 255 255
    109 255 255 255 55 235 255 255 255 144 255 255 162 255 132 136 14
    179 185 10 255 255 120 57 255 33 255 22 137 230 255 200 255 255 255
    251 255 21 255 74 214 255 47 87 190 172 255 255 82 43 94 155 226 255
    255 33 255 255 228 255 255 255 255 203 204 255 184 255 255 173 255
    255 255 122 70 183 255 255 255 147 255 121 173 255 188 255 255 109
    125 175 49 250 255 130 255 255 106 255 241 159 255 255 255 46 255
    179 38 55 255 255 128 246 158 70 169 255 83 74 255 47 104 255 255
    255 255 226 151 235 255 34 140 255 254 255 158 255 255 111 255 235
    255 255 255 255 255 12 21 255 255 77 82 255 64 32 255 255 255 255
    255 0 38 81 96 200 255 119 236 255 255 176 177 216 96 66 198 152 255
    158 255 255 56 248 255 103 207 255 223 255 255 202 255 255 184 241
    255 11 255 255 180 226 255 234 228 255 73 255 181 37 27 255 255 255
    168 168 36 255 183 255 255 11 140 207 255 255 40 128 255 28 195 255
    15 255 142 255 255 128 222 192 255 255 255 255 255 218 255 255 218
    204 15 255 231 186 255 70 205 76 180 47 115 255 4 26 255 255 234 36
    19 251 158 255 207 255 255 255 130 4 246 255 122 110 255 115 4 163
    255 140 123 255 30 65 62 21 199 255 102 255 211 242 63 111 255 255
    255 238 152 255 91 58 222 18 120 230 255 228 98 218 255 255 88 255
    139 91 224 122 255 0 255 8 219 255 37 255 143 76 255 124 210 253 255
    78 175 181 213 255 255 255 205 255 209 245 207 65 5 170 255 27 255
    184 144 255 210 118 77 174 255 119 255 99 224 255 255 255 30 255 192
    26 255 158 255 43 255 173 180 122 255 2 162 255 123 255 255 255 107
    254 255 255 255 104 255 163 255 83 224 139 98 104 255 255 255 163 17
    71 255 255 81 21 192 124 221 255 71 255 255 26 74 255 165 91 255 89
    214 255 255 255 188 255 38 255 180 255 162 239 154 255 255 233 255
    255 151 243 255 255 252 125 68 105 84 255 232 255 255 255 192 255
    215 255 51 255 236 255 255 255 39 173 191 255 255 124 45 255 106 180
    255 255 137 30 78 154 234 255 0 255 209 241 255 213 247 255 255 255
    183 106 255 255 187 255 255 22 245 255 56 255 134 205 60 255 184 170
    255 255 255 255 255 188 170 107 255 255 224 10 255 255 255 255 255 2
    230 140 255 24 4 27 255 255 38 255 184 255 255 102 255 30 183 255 21
    255 255 107 126 255 255 44 67 205 34 151 85 235 255 19 255 233 255
    255 166 255 45 187 30 213 255 183 255 15 255 255 17 119 96 255 255
    60 106 122 255 17 255 18 255 237 255 255 139 47 166 255 12 255 234
    152 255 136 152 120 255 206 34 255 98 255 203 74 21 177 255 255 181
    102 19 156 34 91 255 255 255 115 255 255 255 16 223 255 255 9 143
    184 39 255 113 236 136 132 79 255 251 10 255 181 33 255 119 5 132 82
    221 255 148 183 255 21 24 255 255 26 255 18 2 255 195 255 8 103 60 4
    255 255 255 255 255 255 162 72 255 60 103 255 255 255 255 67 255 66
    255 217 255 255 185 21 136 255 255 174 240 255 129 171 255 212 87
    234 125 41 149 255 14 255 119 255 75 158 255 255 110 99 181 255 96
    252 148 2 255 143 128 87 12 91 4 255 182 32 247 255 255 203 255 255
    255 55 255 96 250 213 144 255 77 158 255 222 109 255 234 255 207 23
    89 255 255 78 58 255 99 158 255 67 255 117 210 255 55 255 255 255 98
    255 230 45 255 75 172 205 213 240 21 215 143 255 255 161 116 43 255
    255 24 45 77 255 155 255 51 169 245 255 163 221 139 38 19 255 255
    255 62 22 144 113 255 255 2 168 15 124 19 245 255 65 255 255 84 134
    255 247 255 255 229 70 38 109 255 255 184 255 255 255 255 198 217
    209 36 255 253 4 254 45 255 170 250 177 220 164 130 255 255 255 55
    255 105 98 238 255 203 82 255 255 236 255 255 255 255 36 211 21 218
    178 43 255 255 255 223 216 166 221 255 255 255 122 255 103 176 47
    185 255 255 255 255 255 255 65 255 45 183 255 115 255 198 255 197
    200 244 255 85 54 255 145 229 255 255 152 86 255 253 255 255 102 255
    255 255 209 111 249 161 255 206 255 192 192 255 121 58 92 255 255
    238 181 255 255 164 122 209 255 255 255 203 251 255 255 148 255 255
    255 255 177 65 185 255 255 159 255 250 158 255 255 132 26 43 24 255
    191 255 198 157 101 255 119 255 188 255 60 255 255 128 255 63 120
    255 78 255 113 58 19 255 212 159 255 255 255 15 255 200 255 255 151
    68 179 255 255 141 12 164 170 255 24 198 255 255 40 255 66 216 182
    147 202 243 11 158 238 55 214 255 255 255 118 255 255 255 255 135
    255 188 203 255 255 98 9 255 255 255 241 3 255 139 176 12 203 231 68
    47 3 212 255 255 255 111 199 116 255 242 200 255 214 77 190 255 48
    177 255 149 139 236 255 255 32 149 255 47 3 100 205 204 151 255 166
    234 161 255 213 129 62 255 210 149 96 206 192 113 255 36 255 210 158
    255 154 255 117 232 255 255 255 75 203 255 22 72 25 255 255 157 68
    247 135 178 255 254 255 255 169 255 255 255 236 175 255 255 158 30
    255 239 154 53 177 209 132 254 41 31 255 255 94 255 118 255 28 37 57
    255 216 142 255 93 188 24 109 245 255 184 111 143 242 243 255 124
    255 255 133 255 255 250 255 255 139 255 255 255 84 255 22 255 255
    255 36 228 7 255 89 113 255 255 96 156 147 255 216 255 169 255 11
    169 255 255 255 255 66 130 255 151 255 34 255 146 82 156 176 255 255
    124 255 138 223 255 255 139 207 190 255 99 90 56 39 255 1 58 255 240
    216 183 255 255 228 84 211 255 255 255 255 151 108 222 225 2 255 118
    14 104 76 255 192 255 255 51 154 255 255 255 7 38 151 87 255 216 255
    41 18 171 255 18 233 255 239 156 255 255 180 255 22 104 171 191 24
    128 255 41 34 255 255 198 87 255 200 210 255 224 49 250 43 255 255
    255 115 9 255 249 89 239 231 214 255 255 255 209 255 173 255 255 255
    255 148 62 255 207 151 154 36 255 64 255 255 255 255 195 8 158 255
    255 143 207 72 225 255 183 19 255 255 255 29 85 56 22 75 255 98 255
    157 15 62 209 24 102 255 70 255 69 235 255 227 33 254 255 229 255
    224 70 28 255 67 40 81 255 255 255 236 255 119 86 255 255 255 249 66
    217 166 130 195 196 150 110 160 177 77 158 124 255 89 106 250 181 87
    221 255 250 255 24 255 216 255 78 182 255 188 247 79 255 255 255 255
    170 34 195 255 255 224 255 220 163 80 255 122 228 166 202 170 255 92
    255 255 235 255 68 217 255 40 140 120 162 166 255 100 255 140 255
    125 255 255 253 50 107 168 250 255 128 46 255 188 86 177 212 255 230
    196 185 98 255 10 255 84 255 255 76 255 73 161 255 255 231 255 202
    159 3 92 255 149 255 85 7 255 60 255 255 71 255 255 244 223 255 176
    12 255 255 255 6 161 50 126 113 255 255 214 255 132 179 255 255 255
    144 66 55 255 255 80 255 130 176 255 255 45 245 45 228 21 141 234 46
    207 172 255 255 214 113 162 255 238 255 36 63 255 38 132 255 255 62
    255 137 134 255 91 115 255 141 151 149 63 137 28 69 255 100 255 205
    111 255 255 62 255 27 62 143 70 68 254 255 149 29 123 255 29 17 200
    122 173 255 74 48 194 217 255 255 151 255 255 255 166 175 203 39 215
    181 255 28 194 255 57 196 255 136 80 99 255 191 255 109 247 255 255
    255 255 255 159 166 203 229 255 255 110 182 255 255 106 96 102 48
    130 40 255 121 191 255 87 187 187 255 109 91 134 203 255 158 250 255
    234 255 204 168 255 255 19 255 204 141 52 14 255 38 17 255 34 195
    255 255 207 255 234 27 255 147 255 255 55 255 211 137 255 255 255
    255 85 255 255 72 255 255 8 78 255 175 255 21 207 66 39 255 147 255
    100 3 170 255 218 255 255 255 226 179 133 255 255 96 255 255 255 255
    119 255 255 241 63 223 57 255 255 79 229 255 255 109 255 255 30 10
    19 161 255 220 4 60 77 210 255 162 59 255 255 165 197 241 23 118 255
    255 255 255 63 111 230 14 255 113 255 87 220 174 255 166 27 255 147
    140 217 255 203 255 100 58 0 113 183 243 255 255 147 8 169 113 217
    91 255 162 242 255 107 45 21 255 104 255 255 71 255 119 225 86 73
    255 255 255 93 86 119 255 183 130 214 111 243 113 243 255 45 255 255
    223 183 255 255 159 255 195 22 255 255 79 255 135 48 215 63 226 245
    22 197 255 66 255 23 16 255 58 255 255 255 32 255 102 109 0 13 255
    170 255 255 60 164 255 255 73 91 255 255 255 255 255 255 255 170 185
    123 255 255 144 190 180 219 51 151 84 41 96 255 255 253 65 255 255
    255 171 255 229 8 184 255 255 60 255 255 255 94 154 255 176 92 255
    255 190 238 255 243 4 255 255 221 255 183 217 255 53 255 255 36 33
    255 121 5 255 40 146 72 83 179 31 255 166 163 9 255 219 23 228 5 255
    148 91 126 255 62 26 224 255 252 255 139 255 11 255 255 185 161 207
    176 255 255 113 142 255 243 152 255 137 82 183 255 255 255 255 182
    255 74 214 196 249 62 255 176 146 255 255 68 43 67 255 68 104 67 203
    179 255 100 224 154 255 7 137 226 190 94 218 255 113 255 227 255 34
    255 26 255 87 255 255 130 140 255 242 125 192 255 255 255 191 26 255
    148 255 255 66 135 255 166 255 255 203 84 255 12 200 255 255 255 28
    255 209 255 76 15 156 255 75 255 135 110 255 255 152 255 255 255 96
    234 255 68 118 255 87 65 241 171 255 255 255 52 221 241 118 99 255
    113 255 226 74 116 255 82 231 255 52 123 83 255 255 255 255 146 81
    92 255 255 109 142 255 223 255 255 66 229 136 255 255 75 109 146 255
    202 41 2 10 255 75 113 255 255 254 255 38 196 10 11 255 255 30 1 255
    255 255 255 255 255 46 4 255 14 255 255 190 255 180 255 255 150 240
    255 236 175 96 255 190 255 21 255 40 255 255 255 217 255 255 228 5
    128 199 214 255 78 228 171 18 255 164 104 255 102 91 255 13 232 171
    188 255 255 249 25 229 255 212 53 6 114 255 228 221 255 73 47 57 255
    190 255 241 44 255 119 78 182 113 255 224 136 180 255 166 96 255 181
    255 98 24 255 175 255 255 125 255 217 221 255 255 212 4 255 139 119
    124 255 198 255 233 185 255 5 255 140 89 15 255 7 38 109 130 255 172
    255 105 25 255 255 141 255 255 33 255 255 52 166 255 49 7 255 198
    190 217 100 116 255 176 17 255 110 137 217 255 255 255 255 113 36
    151 255 255 173 94 255 255 229 255 255 255 154 255 15 255 181 255 17
    137 199 220 255 255 64 255 161 255 56 255 160 255 211 183 110 255
    255 199 190 162 228 154 168 255 255 105 76 255 190 66 255 183 255
    255 130 3 255 255 255 19 255 209 79 145 38 255 255 76 253 255 255
    255 255 255 255 205 255 170 4 125 135 255 253 74 255 255 122 171 154
    255 70 225 255 255 33 182 77 172 255 53 71 67 73 47 31 255 103 255
    254 152 255 255 213 199 255 26 45 255 0 255 211 16 255 109 249 128
    224 27 255 175 210 57 151 169 253 255 247 255 255 206 166 90 253 231
    141 114 255 255 221 128 255 26 241 255 228 101 255 106 161 255 91 75
    255 255 46 255 255 255 255 74 250 255 143 255 255 130 255 255 187
    255 192 255 255 255 4 31 109 234 7 255 161 101 255 155 255 124 255
    27 255 135 163 255 143 255 121 216 14 60 220 68 255 30 45 255 207
    255 194 176 255 254 128 53 255 139 255 196 141 86 255 67 255 43 52
    50 255 223 205 186 210 46 43 255 255 255 240 255 47 59 135 139 255
    255 255 255 255 9 255 77 255 212 15 255 212 255 171 255 255 226 71
    255 126 129 53 107 96 60 255 137 255 255 251 127 252 212 255 104 158
    255 255 157 9 21 255 132 68 69 250 255 144 22 179 163 22 64 255 111
    36 255 255 186 151 209 251 185 163 255 191 255 255 255 255 255 232
    57 255 11 255 83 255 135 255 176 255 235 84 9 186 40 250 230 255 130
    249 158 106 21 229 144 53 65 65 83 255 197 255 185 241 255 231 202
    255 255 255 255 244 255 255 255 255 255 255 31 255 166 255 255 76
    156 255 77 229 255 255 255 247 115 255 255 146 255 232 0 108 143 184
    180 141 130 255 255 234 255 255 255 255 89 129 183 87 228 255 255
    255 46 255 136 55 85 234 255 41 129 255 115 255 41 255 255 241 72
    250 96 255 172 92 255 147 255 255 255 134 171 98 104 255 181 241 255
    234 21 255 255 255 100 255 156 255 19 255 255 255 255 255 183 204
    190 235 255 113 255 255 226 184 255 255 255 255 53 63 86 255 56 255
    64 172 255 164 139 178 21 239 243 89 232 33 255 255 255 57 181 65
    255 218 255 156 195 255 226 143 34 255 255 255 255 205 255 143 190
    255 151 255 57 73 255 207 255 255 255 255 76 255 213 168 245 102 255
    255 255 255 255 36 255 130 255 58 122 62 14 34 64 191 144 255 255
    156 255 98 91 173 137 255 6 0 154 53 170 159 2 141 255 255 74 255
    228 85 255 255 255 175 164 220 217 207 255 255 98 255 255 77 85 255
    255 243 182 100 239 255 232 126 39 255 255 255 255 113 75 255 242 46
    4 82 255 21 255 170 36 235 255 217 73 127 64 150 193 17 144 248 255
    107 171 243 255 255 255 48 255 23 84 219 141 255 255 122 255 229 40
    203 33 247 170 255 51 255 255 234 76 255 255 255 255 241 12 147 255
    194 223 77 88 223 218 176 103 255 255 123 255 255 24 83 255 118 43
    10 255 126 103 255 126 136 99 255 66 255 38 25 217 255 255 123 45
    255 72 24 71 135 151 203 229 255 115 255 49 136 255 255 54 255 255
    71 29 147 255 255 92 201 116 183 255 255 21 141 128 60 151 67 26 33
    75 58 66 255 255 255 38 6 159 19 185 255 255 122 255 68 141 188 255
    100 10 137 255 190 255 255 199 51 255 255 255 113 181 255 151 255
    214 255 255 7 255 255 255 145 58 255 113 255 51 255 130 199 104 253
    3 153 43 255 255 95 255 228 191 255 255 121 255 15 82 255 24 168 118
    255 95 255 19 255 255 255 155 178 6 255 255 255 150 152 241 21 142
    255 92 255 220 191 255 122 249 255 171 255 255 9 58 255 113 168 163
    183 110 255 255 251 255 171 255 255 255 255 255 160 188 62 255 201
    255 255 255 168 232 168 26 255 126 132 73 114 77 247 255 68 255 66
    15 2 51 77 255 122 58 111 73 0 124 255 199 203 15 255 194 255 255
    104 255 58 202 255 48 128 158 94 183 122 182 226 207 173 173 1 106
    98 255 228 49 255 12 255 130 188 255 150 255 79 173 229 9 117 255 34
    255 255 207 89 207 62 180 87 255 217 128 205 91 200 255 255 161 203
    255 125 13 34 168 164 255 235 255 199 207 17 255 255 218 255 147 158
    146 255 255 85 255 128 255 68 255 232 36 255 231 142 175 128 209 83
    76 255 255 155 255 255 144 180 94 161 128 255 255 135 255 255 178
    255 194 57 255 255 255 228 93 255 234 255 120 9 154 255 60 162 51
    255 255 130 255 201 207 77 244 115 255 56 139 252 255 255 156 217
    245 151 87 176 255 246 152 228 255 253 254 243 248 171 158 255 255
    255 255 255 255 5 132 255 255 255 255 77 255 3 53 255 103 144 234
    240 144 19 255 108 207 255 62 194 255 149 255 133 2 217 170 255 255
    255 190 255 41 255 28 36 0 213 10 255 255 14 115 255 21 255 151 223
    255 138 44 19 55 255 209 139 255 7 218 54 255 190 32 255 255 223 74
    121 44 255 205 253 128 255 255 161 255 236 255 255 255 68 255 255
    236 255 255 255 255 249 255 255 177 10 220 213 82 209 125 197 57 255
    57 153 5 176 196 255 255 177 202 255 255 255 33 255 99 228 255 243
    86 255 255 202 255 32 98 255 198 202 47 34 80 62 255 21 70 255 62
    235 176 255 156 174 89 105 15 50 85 41 193 77 71 255 156 173 58 177
    255 96 255 45 255 90 15 185 255 136 255 192 198 51 247 110 255 255
    255 113 109 255 255 57 255 255 255 25 190 245 93 255 26 4 255 245 74
    118 92 10 255 255 255 75 255 214 255 255 49 75 255 135 183 249 7 79
    255 176 255 255 109 245 158 229 50 255 177 248 245 87 255 255 16 175
    13 255 79 11 62 170 8 51 180 122 209 72 255 202 255 239 33 19 255
    255 34 72 56 22 168 179 255 255 205 255 255 99 214 24 242 255 255
    236 221 218 3 253 255 250 140 11 117 226 255 162 33 255 30 103 55
    255 255 134 60 255 255 201 33 220 227 33 255 173 243 252 255 166 49
    82 168 255 23 77 126 255 255 255 192 255 55 255 255 255 129 252 185
    96 255 255 255 255 255 5 171 158 255 214 170 163 217 218 130 139 205
    255 255 117 30 253 255 124 98 255 255 255 2 96 15 202 255 154 230
    255 34 255 14 255 255 190 255 228 147 255 181 255 231 255 40 255</data></my_img>
<your_img type_id="opencv-matrix">
  <rows>100</rows>
  <cols>100</cols>
  <dt>"3u"</dt>
  <data>
    10 255 164 255 223 214 255 125 255 131 255 255 241 255 255 180 255
    255 255 230 113 255 79 219 255 114 255 149 255 193 163 9 45 45 255
    255 255 138 255 255 212 85 57 55 180 255 50 255 255 255 255 255 92
    38 149 72 123 255 179 134 16 107 255 255 255 255 53 255 255 212 72
    149 45 6 255 255 212 255 125 255 221 22 255 98 135 255 130 255 129
    151 255 230 255 255 53 77 255 135 255 255 255 255 255 255 255 96 195
    180 206 214 9 255 232 255 255 255 191 92 18 110 39 255 255 255 255
    255 255 255 255 94 203 87 157 175 164 31 223 255 255 255 255 255 255
    117 188 29 255 255 219 25 176 166 45 255 255 255 49 255 210 76 255
    21 118 76 255 78 247 246 255 52 255 255 46 255 255 255 255 186 255
    255 137 212 255 0 83 217 170 255 130 255 255 255 145 164 255 255 255
    246 25 255 255 255 155 195 86 255 255 143 177 255 255 70 8 255 255
    255 255 59 32 145 241 13 6 125 255 255 39 255 255 255 255 255 193
    195 255 107 255 255 127 255 255 90 206 8 255 255 245 157 255 106 243
    197 114 53 255 255 31 255 255 255 255 255 255 166 127 255 255 255
    255 255 255 52 168 29 255 255 255 101 183 255 114 255 255 255 115
    133 192 255 80 255 81 255 111 255 255 223 255 49 7 23 18 255 255 255
    255 232 255 255 255 255 255 255 255 255 255 255 57 121 255 255 255
    182 255 59 255 109 183 255 255 255 255 182 255 241 188 255 118 164
    255 255 255 113 255 99 255 6 255 255 255 255 151 255 184 215 255 125
    215 255 160 255 80 170 255 159 146 255 255 109 221 255 255 221 255
    50 70 255 255 255 10 255 255 255 255 51 178 255 255 27 31 255 100
    255 17 255 255 113 255 236 255 255 170 19 255 76 255 255 255 115 49
    255 138 202 223 255 255 15 255 229 255 0 235 94 255 255 33 244 255
    182 157 112 255 255 51 255 255 249 255 255 14 255 255 39 255 255 147
    217 64 255 26 255 255 255 255 255 20 255 4 168 255 255 11 221 255
    255 255 94 255 255 149 135 255 0 81 255 92 37 223 72 255 255 255 155
    134 255 255 136 112 255 106 255 13 255 24 173 204 255 255 255 127
    255 215 255 68 60 243 255 255 12 255 255 22 255 72 255 255 255 65
    255 255 104 155 170 255 255 255 255 98 79 65 255 255 255 255 91 255
    255 42 255 255 42 69 68 255 255 255 255 155 175 255 255 188 255 74
    225 123 76 66 17 149 240 19 216 203 255 182 41 255 255 190 219 255
    26 255 255 125 255 255 255 255 255 127 180 174 26 255 233 87 134 53
    255 255 255 122 212 116 255 178 174 133 255 255 255 170 8 147 255
    176 195 49 53 255 53 20 157 155 255 255 255 212 255 255 255 63 115
    137 72 255 98 255 255 239 255 195 255 118 255 208 2 100 255 255 198
    255 255 255 6 255 193 255 255 64 116 234 255 255 122 206 255 255 255
    255 255 108 27 87 255 255 146 144 210 255 119 255 255 210 153 0 236
    255 182 255 255 255 255 82 241 83 255 175 255 255 255 255 255 160
    255 255 255 19 255 147 163 76 201 255 114 255 255 251 255 255 88 33
    225 255 255 255 74 70 125 96 44 229 255 184 111 145 255 55 204 214
    255 47 255 198 255 255 89 255 214 255 255 74 255 255 129 202 88 158
    111 202 255 255 255 87 178 86 120 132 51 255 64 55 101 214 255 232
    198 178 66 255 255 255 206 125 175 255 255 15 255 255 255 255 137 33
    255 59 255 255 255 255 62 255 162 202 255 255 255 190 61 113 116 255
    104 0 164 70 210 162 255 255 255 144 255 236 32 255 227 168 214 255
    30 255 255 255 245 81 172 255 138 255 255 255 110 104 251 59 255 255
    147 255 255 94 159 195 238 51 149 100 200 255 249 216 111 255 2 255
    89 45 255 246 82 236 2 255 255 151 255 6 60 100 193 232 231 85 94 49
    255 255 255 255 255 102 50 70 255 199 255 71 122 255 4 195 13 125 70
    53 198 46 255 255 129 36 255 238 255 192 243 255 255 116 255 255 255
    79 255 173 255 82 0 64 255 255 15 182 153 255 255 255 255 80 255 255
    6 255 94 53 255 74 235 255 255 255 255 17 255 255 142 190 118 23 255
    88 43 255 255 144 82 138 255 255 255 255 255 157 140 255 255 255 208
    7 255 255 255 255 255 255 85 194 168 8 212 255 255 71 223 255 170
    109 115 255 225 255 255 225 200 178 81 238 14 120 115 255 255 221
    255 123 45 255 175 255 255 236 11 255 255 255 255 247 255 255 255
    255 200 131 117 249 234 255 231 94 255 255 255 255 255 90 255 96 255
    255 149 22 255 255 255 255 255 255 149 255 255 255 241 114 96 255
    186 255 39 255 178 255 219 255 255 181 55 88 182 255 255 255 255 255
    255 234 255 255 83 125 255 255 255 112 117 255 255 255 255 255 189
    255 255 125 255 255 193 231 255 255 47 255 197 123 123 255 255 103
    111 188 206 66 212 255 255 255 255 255 255 33 64 55 151 212 255 255
    255 35 255 255 255 46 185 255 255 8 12 255 255 159 255 183 255 166
    255 27 255 255 16 190 53 255 33 9 255 41 26 255 255 89 82 107 255 45
    249 255 159 225 161 100 255 76 227 158 255 182 255 221 94 255 183
    255 39 255 96 107 255 229 255 246 255 255 147 249 201 255 82 240 121
    2 255 255 255 255 232 139 59 77 170 255 208 198 236 255 239 255 255
    255 255 244 255 219 115 159 255 221 212 255 244 255 162 159 255 158
    51 255 76 255 255 255 40 233 166 255 86 255 255 255 111 55 255 255
    255 121 18 119 76 138 255 255 28 255 255 255 23 255 99 91 255 46 255
    2 35 255 255 149 255 255 255 255 255 255 121 255 199 89 255 88 234
    255 24 244 147 44 51 80 50 208 27 98 77 84 255 28 172 255 255 206 92
    221 72 131 183 255 255 255 31 92 255 255 17 34 206 131 255 255 153
    83 255 227 255 255 255 255 255 129 223 135 255 100 255 142 187 90 15
    93 255 255 55 255 255 6 255 46 255 255 221 255 253 142 255 255 18
    136 255 255 204 255 255 255 16 125 255 243 255 255 65 255 255 55 195
    255 96 255 242 76 166 242 255 243 236 174 255 255 255 255 242 51 214
    96 29 140 255 57 255 255 255 255 249 65 234 255 149 255 51 255 255
    181 65 255 130 255 160 51 176 33 255 163 255 161 255 133 76 176 255
    28 255 255 72 255 255 244 255 255 255 255 0 181 186 4 255 255 255
    115 255 116 246 39 234 180 92 255 255 49 255 255 255 144 255 198 255
    96 114 2 62 84 255 255 172 63 225 255 255 62 255 70 255 151 255 19
    92 255 138 108 118 208 149 255 255 174 255 174 255 255 255 255 255
    255 255 255 74 255 0 47 141 255 45 255 255 219 247 249 191 245 85 59
    255 4 255 206 255 68 159 208 183 255 42 195 216 53 32 153 243 221 45
    255 38 255 255 255 255 255 255 12 255 255 255 50 70 39 131 255 188
    255 206 255 225 255 255 255 255 255 255 72 37 255 255 255 255 25 6
    186 83 194 255 255 255 255 32 149 255 6 255 255 255 53 252 66 27 255
    144 53 66 255 116 68 59 255 255 214 255 255 255 255 255 59 8 236 214
    255 144 255 255 255 255 16 114 255 255 255 11 255 197 6 255 212 255
    233 81 2 255 255 255 255 206 255 255 48 119 141 42 255 221 255 189
    255 44 255 255 160 255 6 232 255 190 188 149 16 147 9 251 255 28 61
    255 111 125 171 157 255 96 255 27 179 255 65 230 255 255 17 255 51
    255 191 255 76 255 255 15 77 255 251 255 239 255 89 255 33 72 55 255
    140 16 255 255 255 109 83 55 255 255 41 255 255 61 255 77 255 59 255
    233 72 255 78 255 255 255 35 32 255 63 255 92 255 255 255 76 180 255
    9 255 229 255 19 161 255 223 255 57 193 129 255 255 10 255 38 55 255
    248 151 7 255 127 153 255 84 9 255 255 245 225 6 166 108 255 255 255
    255 144 106 255 255 255 47 255 255 141 255 100 45 28 149 243 255 255
    255 255 255 255 118 53 255 255 111 255 37 255 94 255 215 141 236 163
    255 255 255 98 140 255 255 255 255 255 188 87 65 255 255 255 171 255
    255 255 255 255 255 255 14 76 176 27 255 251 255 120 108 125 255 93
    255 255 170 255 255 255 255 255 255 255 26 0 88 255 255 255 255 255
    25 228 255 255 105 127 63 11 76 65 214 204 255 251 68 39 255 153 165
    33 255 255 127 255 255 208 102 182 255 255 233 88 108 59 210 255 25
    13 83 255 255 255 255 225 151 255 31 136 37 206 255 190 68 255 255
    255 255 217 61 215 255 15 85 88 255 180 255 31 4 255 101 255 255 42
    51 255 255 85 223 125 255 155 255 129 59 255 36 255 22 255 214 255
    255 125 205 79 255 255 255 31 255 246 235 255 147 4 255 0 255 236
    231 127 129 100 161 63 0 20 252 146 59 249 242 255 255 255 255 217
    115 43 85 255 190 255 255 125 90 255 39 210 255 98 76 255 243 210
    255 255 255 45 255 236 178 198 255 244 22 177 255 176 199 234 255
    188 110 255 105 76 255 85 255 255 255 9 255 149 240 192 255 181 255
    255 23 255 255 91 255 37 57 123 238 255 123 41 60 255 255 215 108 11
    36 255 255 93 2 2 74 114 255 255 237 255 36 149 255 255 255 255 240
    255 179 255 24 255 255 255 48 255 255 177 83 96 6 255 137 37 255 233
    255 255 255 221 255 255 228 210 255 255 59 255 255 125 137 255 231
    174 255 23 194 255 193 255 76 255 135 20 255 192 255 197 255 255 255
    255 234 0 157 255 255 74 255 255 255 236 255 235 9 255 255 53 91 188
    144 176 86 116 255 118 135 248 255 123 255 153 227 255 255 255 255
    255 255 11 255 255 255 57 77 255 16 109 198 255 255 17 172 99 221
    202 255 253 255 13 4 206 255 255 37 15 229 20 170 208 255 140 123
    255 238 17 45 11 255 255 255 77 255 24 125 255 234 255 110 131 255
    125 203 255 255 98 255 241 255 127 255 255 187 86 255 255 49 255 62
    139 255 255 255 247 255 149 243 255 255 255 149 10 42 255 121 255
    236 255 255 255 255 255 255 137 52 146 159 255 212 239 153 255 231
    255 255 251 221 248 43 146 151 37 162 255 255 39 140 247 255 255 255
    255 244 255 70 129 6 48 255 255 125 240 255 255 255 31 193 130 67
    255 255 255 206 244 255 160 255 90 228 255 159 255 255 86 83 255 255
    103 183 182 214 130 255 175 180 255 9 255 96 255 42 255 144 255 76
    109 28 131 249 255 255 255 130 255 44 255 84 255 249 116 2 15 255
    236 127 255 162 223 255 255 11 2 255 255 184 227 238 255 24 255 255
    203 255 255 255 255 255 255 255 255 181 191 182 251 255 25 48 127 33
    76 166 255 149 15 255 255 255 43 142 255 82 123 255 255 255 255 255
    255 255 255 255 25 255 255 57 255 255 108 255 221 153 22 103 255 145
    255 255 255 255 255 255 255 255 74 164 174 255 179 28 149 255 255
    225 138 198 255 230 108 10 255 255 210 11 255 143 255 89 255 255 168
    255 166 0 255 131 255 255 255 85 255 162 32 255 151 132 106 79 161
    255 92 255 255 234 176 255 83 255 80 255 238 255 225 142 0 255 13
    255 255 89 151 255 9 127 217 170 223 83 140 255 254 255 123 2 249 16
    35 255 168 241 255 145 87 255 255 255 60 255 255 102 47 255 232 104
    147 11 125 255 255 200 232 94 212 255 255 255 135 178 255 44 255 123
    151 238 247 255 255 255 255 104 255 151 60 223 103 113 223 251 221
    255 94 4 255 232 255 214 212 249 223 255 146 255 98 255 255 24 255
    71 255 255 157 255 255 20 131 255 39 255 206 255 245 255 161 255 76
    255 223 255 239 255 66 255 252 119 255 255 255 210 247 255 255 255
    255 41 255 221 106 26 9 47 255 255 125 70 144 255 255 255 255 195
    147 229 255 255 255 255 255 255 255 255 121 136 104 104 252 255 255
    255 227 255 170 255 157 255 140 249 255 255 255 7 255 145 255 255
    114 188 242 137 255 255 170 255 234 147 255 0 76 255 255 92 255 251
    100 99 255 255 107 51 255 228 219 231 85 255 255 255 255 149 255 255
    100 155 85 255 146 197 255 42 255 255 17 255 43 255 212 33 127 231
    255 205 132 2 63 157 255 217 127 255 255 87 255 42 0 255 255 255 255
    66 255 255 255 181 157 116 255 108 255 147 88 123 93 255 87 255 229
    105 255 159 255 64 255 255 255 249 255 70 6 42 255 255 255 255 190
    193 255 223 255 140 255 255 181 243 255 244 255 255 204 255 255 255
    208 151 57 165 55 255 255 255 8 108 15 62 255 255 149 255 255 68 8
    109 191 84 249 115 165 179 70 212 182 225 217 112 93 255 255 96 255
    247 45 255 61 68 255 6 157 255 94 255 255 74 19 255 94 164 255 255
    153 255 255 255 92 255 255 255 255 255 255 255 53 217 90 255 255 255
    151 55 255 255 255 151 255 194 182 255 190 201 47 255 255 255 255
    255 189 172 255 200 86 99 255 255 255 242 255 255 64 69 255 87 255
    255 79 255 179 255 182 216 255 125 15 168 255 255 255 255 149 255
    180 255 45 255 255 91 255 234 255 255 42 170 16 255 255 255 184 255
    255 255 255 255 255 248 255 7 60 255 37 255 255 153 149 255 243 255
    174 208 104 208 186 253 255 206 236 159 57 60 255 255 255 255 255
    255 10 255 255 255 203 217 57 131 153 18 255 255 255 255 85 255 26
    45 151 158 255 61 255 159 255 103 30 163 255 132 145 193 255 255 50
    81 219 105 111 255 170 255 255 149 34 96 52 255 210 255 255 255 77
    255 112 120 255 57 255 74 123 17 4 139 83 255 255 7 255 139 255 106
    96 6 255 255 203 89 47 192 255 198 255 255 255 255 144 163 144 255
    71 255 198 63 255 176 86 255 142 255 122 255 255 151 180 255 255 4
    133 44 180 45 255 255 188 255 210 131 120 244 255 255 47 255 255 255
    255 255 147 255 24 255 145 203 153 94 255 255 231 17 151 104 197 11
    168 157 255 182 255 17 41 120 255 255 164 238 255 255 255 255 255
    255 76 255 255 255 6 255 255 234 255 16 255 32 237 255 51 255 219 62
    255 255 255 212 255 255 255 168 28 10 11 40 71 255 11 137 255 255
    176 118 23 255 255 255 255 238 255 22 90 17 255 255 255 255 255 130
    255 195 174 255 255 164 255 255 255 255 232 242 255 255 255 255 17
    255 255 61 255 12 255 255 255 255 255 229 210 255 255 255 25 102 255
    255 255 255 255 167 9 255 255 29 255 86 255 130 212 109 47 255 255
    34 57 255 19 18 255 255 255 232 246 255 168 94 71 255 255 255 195
    142 255 63 74 86 228 255 247 241 255 255 255 76 255 168 255 255 255
    198 182 255 255 255 255 198 255 120 161 184 255 255 255 255 89 255
    88 38 14 219 217 76 181 214 255 160 255 255 255 255 255 197 9 110
    255 146 255 255 255 216 125 72 133 255 19 255 255 255 139 255 255
    214 255 51 184 181 185 155 255 70 255 245 43 251 255 130 153 217 255
    255 170 11 255 255 255 255 17 255 243 28 231 80 255 255 94 188 53
    255 255 229 53 151 102 255 255 255 217 255 255 255 208 255 255 255
    255 255 255 255 216 17 255 100 255 174 255 44 255 255 255 255 225
    135 68 182 255 102 255 255 242 221 192 255 151 255 125 255 255 125
    24 85 255 255 212 255 249 238 255 47 255 255 255 255 0 76 234 255
    255 255 17 151 225 246 255 255 255 255 103 255 255 127 249 182 63
    106 255 255 255 255 255 100 255 255 125 255 255 161 227 255 180 137
    255 255 255 129 248 137 197 255 94 255 191 255 255 17 255 255 255
    255 205 255 227 255 255 227 255 255 86 44 255 255 255 43 255 181 242
    157 255 255 69 131 249 163 255 255 255 255 100 53 18 38 255 255 53
    157 157 204 255 255 227 255 120 255 237 255 234 217 88 189 255 255
    153 20 255 255 255 255 34 255 255 183 74 255 255 255 247 255 255 11
    178 255 13 30 35 190 43 255 221 255 255 177 108 255 11 255 255 255
    38 255 255 255 255 140 153 255 142 6 255 255 23 147 255 255 255 217
    38 41 99 6 174 26 255 25 212 79 255 243 255 157 112 146 29 255 255
    127 255 13 155 18 28 157 255 13 255 18 236 49 255 255 255 255 255
    255 255 181 255 255 255 255 111 255 255 255 255 139 255 8 151 255
    255 8 255 55 255 252 255 143 255 255 108 255 208 255 79 255 255 255
    108 255 59 255 151 255 197 206 2 178 255 249 225 219 103 147 102 7
    202 176 63 153 227 255 255 188 255 219 29 255 255 255 192 251 255
    255 159 255 247 136 255 255 102 229 255 255 184 173 255 255 255 255
    255 255 255 129 255 94 245 197 36 255 199 255 180 184 255 131 255
    159 255 64 248 255 177 255 255 255 255 255 129 96 241 212 255 51 0
    255 255 255 87 253 221 195 255 48 255 255 217 255 255 125 255 255 15
    242 155 247 217 29 255 34 25 164 225 18 74 42 255 48 255 147 255 255
    255 63 255 255 255 255 74 255 23 4 255 255 149 50 251 255 33 255 255
    255 255 255 96 255 255 179 255 14 221 255 255 255 255 255 255 255
    255 217 172 61 118 163 155 114 155 245 255 221 194 255 85 255 133
    255 255 255 157 116 37 255 255 255 163 255 255 153 255 182 255 151
    255 87 141 255 57 172 247 64 255 214 255 255 114 57 255 99 170 255
    216 255 200 255 30 243 255 255 251 76 85 192 252 149 255 90 255 72
    255 255 82 255 255 255 255 221 106 255 198 255 48 246 133 155 62 255
    255 255 255 252 111 255 64 219 255 188 255 255 164 227 255 228 255
    98 255 191 255 29 255 255 28 244 255 0 178 255 212 255 255 48 100
    167 177 142 6 177 255 255 249 255 57 255 255 37 149 138 235 13 206
    141 28 191 255 168 255 151 255 255 255 219 255 255 255 255 94 255 91
    214 249 255 255 181 74 18 107 255 255 255 51 184 17 255 59 249 153 2
    109 255 125 255 255 255 255 255 255 135 132 255 59 142 255 74 34 200
    20 255 18 255 255 255 232 255 243 135 255 43 255 232 255 255 161 255
    255 121 255 255 255 210 255 72 123 255 244 255 255 232 255 255 161
    57 53 25 255 255 255 129 210 100 159 221 255 45 255 43 24 241 28 104
    255 87 43 17 79 255 147 255 18 255 255 6 245 227 216 88 0 90 118 62
    255 255 125 255 255 183 176 255 17 255 179 113 255 41 255 29 103 214
    255 223 8 255 77 255 219 77 151 255 255 170 196 201 151 255 232 94
    90 255 255 57 177 255 102 255 255 214 255 255 255 255 255 255 234 79
    255 255 89 204 255 255 65 255 255 255 255 255 255 22 255 255 85 70
    255 255 255 255 255 255 231 59 180 255 208 255 255 255 32 39 61 225
    255 98 170 255 255 255 255 255 210 139 251 255 110 255 123 170 255
    217 196 243 149 182 255 138 51 136 136 255 255 255 239 208 255 137
    255 210 35 255 72 106 133 255 168 228 221 255 255 138 255 118 172
    255 255 113 35 255 255 255 255 255 202 166 110 255 255 111 255 238
    108 255 255 255 229 255 255 235 255 172 255 101 180 192 255 43 255
    255 255 255 255 255 255 255 255 255 217 255 6 255 4 255 255 151 255
    94 255 90 255 242 255 221 255 255 255 234 255 255 255 255 255 255
    125 255 255 255 251 255 255 105 132 255 77 255 255 255 255 255 255
    231 255 131 93 255 140 255 255 255 53 141 255 255 255 195 255 174
    158 255 255 219 127 45 255 38 255 206 255 255 170 195 118 255 181
    188 197 23 255 90 255 255 228 76 239 199 255 255 201 47 16 223 255
    102 255 142 84 182 255 163 255 249 167 53 255 255 129 172 12 212 255
    255 205 49 255 255 136 53 255 59 84 255 119 255 255 255 141 255 255
    157 255 255 131 251 17 255 138 255 255 68 255 255 20 93 235 255 225
    141 255 255 118 228 255 53 255 68 255 2 221 106 255 255 82 160 193
    255 255 255 86 255 255 59 255 255 112 168 255 255 72 43 255 193 255
    24 208 49 255 255 117 206 193 255 255 111 94 255 4 255 121 255 234
    221 255 136 147 66 255 143 217 255 255 255 214 255 208 255 255 182
    157 255 217 255 255 255 255 255 193 9 131 184 8 255 255 219 255 255
    255 192 127 15 196 255 76 216 255 229 255 57 0 255 255 217 196 255
    255 255 223 9 255 255 157 255 228 4 165 136 248 12 195 42 255 255
    255 255 255 17 188 255 161 16 255 255 112 255 217 255 255 72 159 255
    26 200 83 255 255 255 255 255 255 110 255 7 255 255 26 219 255 103
    208 125 255 255 255 255 255 123 255 255 255 92 255 255 255 45 255
    254 0 245 255 147 255 142 229 43 125 255 71 255 153 255 227 55 47
    255 248 55 255 168 71 255 255 45 234 183 255 255 255 78 255 231 255
    179 255 0 255 144 14 24 183 255 255 121 255 255 255 18 255 249 255
    255 255 255 160 255 225 68 151 127 195 42 255 53 200 255 255 255 255
    255 255 182 255 255 255 255 144 255 46 210 35 255 255 255 255 17 35
    48 255 255 123 255 249 144 91 24 52 130 255 173 255 170 255 255 255
    255 255 235 94 255 202 4 255 14 20 87 217 255 197 255 249 130 255
    170 38 196 131 255 20 140 206 18 255 246 190 255 255 255 116 255 255
    255 255 180 255 115 178 173 255 255 255 176 251 122 163 255 255 255
    255 255 238 255 192 185 255 255 157 255 255 217 121 118 229 255 255
    115 33 170 255 255 131 242 255 201 183 255 255 174 255 234 255 255
    181 200 255 153 255 255 138 255 61 136 255 198 181 255 255 42 123
    196 249 200 188 255 146 125 190 176 12 90 255 255 33 187 24 131 132
    255 255 140 123 44 200 120 255 83 217 255 255 255 255 255 255 99 187
    94 171 57 168 144 255 121 255 53 157 199 157 255 255 121 255 53 255
    255 255 255 255 255 249 2 157 47 255 255 117 255 103 255 219 109 255
    255 255 255 255 101 100 251 147 253 255 255 255 241 35 255 255 255
    25 123 168 255 227 52 38 255 255 144 255 255 108 255 173 234 255 66
    100 255 76 255 255 105 72 255 175 185 255 26 81 255 255 32 135 255
    255 255 20 159 255 17 57 255 133 255 127 225 255 6 255 151 16 112 9
    102 255 255 35 63 246 153 205 255 125 255 255 255 33 83 255 18 195
    255 255 130 255 255 189 255 255 138 151 190 255 255 146 255 255 255
    255 255 255 255 214 240 255 159 255 13 253 9 164 20 255 255 255 192
    206 255 123 123 255 63 123 243 87 255 112 125 255 153 20 212 71 255
    170 255 255 255 135 255 248 255 255 157 39 255 144 47 61 74 78 216
    255 255 181 255 255 170 255 255 255 23 255 42 255 118 173 176 221 2
    117 255 241 79 165 255 255 151 96 255 184 236 255 255 53 91 155 255
    255 255 31 23 255 255 108 131 29 219 163 255 138 45 255 159 141 255
    255 255 190 255 194 255 155 184 221 89 27 255 255 255 255 255 255
    195 244 157 146 225 139 255 138 255 206 60 72 90 178 255 255 125 123
    26 8 255 255 255 255 255 144 255 254 234 255 255 255 255 255 244 182
    255 208 255 255 110 102 17 234 255 195 64 59 255 198 255 249 28 29
    123 242 235 131 255 255 188 255 255 255 255 255 255 255 255 255 106
    174 255 246 24 133 255 137 212 255 255 59 193 231 42 225 172 255 219
    255 255 255 92 225 255 168 170 255 255 255 214 69 133 225 255 7 142
    237 26 106 20 255 180 155 66 236 43 158 155 72 48 15 137 127 55 188
    216 53 8 255 30 255 76 255 255 212 255 120 255 255 255 255 132 214
    255 255 151 255 138 255 66 255 253 101 223 69 87 234 61 255 202 165
    98 129 155 164 255 143 179 255 251 255 255 255 255 180 255 210 221
    255 255 185 163 177 255 249 182 17 71 255 149 35 50 249 96 255 185
    167 199 255 106 125 212 219 11 59 204 255 214 65 255 255 8 31 255 96
    245 72 161 238 98 221 29 161 255 63 255 202 255 59 245 255 168 176
    255 255 255 255 255 96 149 30 108 255 255 255 255 236 255 219 255
    255 147 81 255 255 255 167 255 255 51 255 244 133 255 161 255 236
    255 18 123 255 139 240 21 255 255 255 219 127 163 255 255 255 170
    255 255 55 158 255 145 190 15 221 255 96 27 232 253 108 255 0 227
    255 255 92 184 255 45 255 0 67 90 255 255 125 121 229 255 28 255 144
    255 255 255 255 102 255 74 255 147 255 255 255 157 155 255 255 88
    255 255 255 157 255 255 255 255 255 255 255 255 255 255 121 101 244
    251 255 208 135 252 87 45 83 110 123 255 76 249 245 255 98 255 68
    255 157 81 196 255 130 255 114 249 251 9 123 82 195 208 204 255 255
    255 255 255 102 255 68 255 157 108 255 255 255 255 234 255 143 255
    147 2 116 255 255 255 255 208 255 236 118 255 36 227 255 178 243 255
    113 255 255 178 253 182 255 255 0 255 217 255 146 255 255 255 165
    255 255 53 87 238 239 255 15 255 255 255 255 173 157 227 255 47 210
    255 180 255 255 255 235 79 255 255 55 85 255 255 255 16 37 255 255
    255 255 129 252 255 208 255 255 255 123 214 255 190 164 69 210 249
    255 255 255 255 255 151 49 41 17 149 48 208 165 210 36 255 2 255 206
    138 49 255 255 25 255 127 204 255 255 255 94 255 81 255 255 197 4
    120 144 255 255 255 116 175 255 120 61 255 255 170 187 159 149 255
    165 255 255 255 37 77 255 245 110 255 190 163 239 243 195 255 255
    200 43 52 136 255 255 246 255 85 255 255 255 255 255 255 134 167 255
    121 255 216 255 255 255 255 145 195 208 69 46 87 255 255 255 102 255
    193 155 255 255 255 101 189 255 20 249 255 255 255 229 186 255 255
    192 255 63 255 255 155 255 28 255 98 255 116 254 255 133 170 255 255
    205 208 22 255 255 255 255 255 118 92 193 255 255 30 133 228 255 255
    255 255 255 255 255 255 255 32 176 255 255 55 255 62 255 44 255 184
    255 159 255 255 255 255 155 238 92 255 36 196 255 25 255 199 255 255
    255 25 255 225 255 255 255 244 125 255 208 102 255 255 235 221 68
    255 255 255 255 251 142 255 255 255 255 255 255 255 255 9 255 151
    255 255 118 127 255 20 134 255 255 255 86 249 255 255 255 255 167
    255 255 212 255 255 255 2 255 255 247 255 255 42 91 159 255 96 255
    241 255 255 50 43 2 255 255 255 61 255 255 255 76 55 9 255 255 255
    251 133 255 255 33 6 255 255 255 217 121 255 138 65 217 255 190 212
    255 90 70 255 31 136 255 78 96 255 255 22 70 216 255 255 255 129 255
    255 255 138 255 255 255 114 206 255 255 155 26 255 255 217 255 101
    255 255 33 255 147 255 168 255 255 42 255 255 174 255 255 255 27 39
    255 255 255 144 255 227 153 255 254 255 29 255 121 206 199 255 143
    251 55 98 125 15 88 127 164 255 135 104 125 255 255 188 116 255 255
    255 236 182 52 255 255 48 255 255 225 255 255 101 70 255 112 204 255
    255 191 255 131 240 59 146 93 63 255 255 165 160 255 255 255 255 255
    255 45 135 255 255 255 255 255 72 105 255 202 144 246 27 127 255 255
    255 159 253 255 91 255 255 255 108 70 255 255 255 255 14 255 255 255
    255 255 45 255 255 76 92 129 255 255 87 206 103 206 210 98 255 170
    99 76 255 255 255 255 223 19 208 254 142 255 255 255 255 255 178 255
    255 77 255 255 187 255 181 255 253 252 255 255 6 110 176 255 255 141
    252 113 255 214 36 255 254 255 72 98 102 96 255 255 255 255 96 255
    255 255 255 254 255 255 241 255 63 164 191 114 193 255 51 255 255
    110 138 96 247 255 255 149 223 255 255 109 255 176 255 232 184 255
    255 255 76 255 255 255 255 255 255 123 255 255 255 255 15 255 255
    227 77 255 37 168 255 255 157 0 166 248 190 255 72 65 33 6 255 255
    106 255 186 11 65 252 6 255 94 181 247 223 255 133 255 151 255 177
    255 141 42 72 255 61 255 137 255 123 170 13 255 255 76 255 210 255
    255 108 255 255 123 255 53 255 63 59 255 147 255 255 112 219 29 255
    255 255 193 255 198 255 255 255 48 202 133 255 134 255 46 255 255 52
    195 212 168 151 255 190 255 29 4 255 255 255 234 94 255 255 255 255
    181 10 255 87 108 255 132 118 20 34 59 31 251 139 146 255 255 255 40
    196 179 23 92 255 255 255 255 185 74 85 255 65 188 96 255 255 70 69
    221 23 255 42 255 96 255 129 255 217 255 121 15 195 255 255 255 51
    140 8 237 212 36 255 122 45 180 94 255 255 140 195 143 50 255 100 17
    6 255 255 255 255 35 255 184 131 255 145 255 240 141 255 125 255 33
    134 255 227 244 255 96 93 104 144 255 110 255 255 143 146 255 110
    122 255 255 255 255 255 240 255 123 255 234 88 179 47 114 255 85 255
    29 100 231 255 255 255 160 81 255 255 129 8 29 163 255 206 83 137
    255 255 255 70 25 255 255 255 255 255 255 184 255 255 188 118 255 51
    255 113 214 13 255 255 255 32 255 225 255 29 255 66 182 255 249 255
    255 40 163 255 79 65 255 100 37 255 255 233 255 255 45 255 32 51 255
    91 249 255 255 255 255 255 255 255 255 255 255 253 255 125 255 78 98
    223 53 255 215 255 131 34 255 255 134 94 177 255 35 255 255 255 29
    255 255 255 255 221 255 255 2 120 255 255 255 255 255 225 244 255
    255 255 255 52 255 255 255 11 255 255 62 141 98 255 22 255 204 210
    255 255 125 85 206 255 103 255 214 144 255 255 255 91 255 144 255
    233 195 21 255 255 255 192 195 123 100 255 255 212 88 255 227 255
    187 88 255 81 255 59 255 255 94 255 198 255 255 210 255 49 61 255
    232 255 236 255 180 22 255 88 255 242 94 131 255 255 255 176 120 255
    100 120 255 255 255 255 225 255 255 219 200 42 170 255 179 255 0 96
    110 255 33 255 90 255 129 63 255 255 255 255 45 94 255 163 20 255
    255 237 255 57 212 230 255 27 255 255 86 114 197 255 182 255 155 87
    255 255 101 255 196 255 208 255 192 11 98 11 255 2 11 255 255 243
    255 53 255 255 190 243 79 18 114 255 255 29 255 255 77 255 104 72
    121 255 182 163 135 13 244 255 255 255 255 228 255 255 255 181 133
    76 255 255 255 255 255 255 178 4 107 132 153 252 255 255 255 53 153
    255 208 255 255 147 255 255 4 255 255 255 106 255 255 194 28 166 255
    232 98 255 255 229 174 255 255 239 109 255 90 255 255 255 255 81 88
    255 255 0 225 255 208 255 255 255 255 244 255 173 255 157 255 255
    255 116 255 255 255 127 255 48 198 255 96 255 237 255 255 108 255
    238 255 255 170 255 255 108 208 140 255 255 255 200 255 68 164 255
    255 57 255 255 255 255 255 255 59 255 59 170 182 149 255 241 255 255
    17 255 114 133 255 255 13 255 255 99 248 255 37 255 255 44 164 24
    243 255 255 146 151 69 238 149 147 120 255 255 255 164 255 255 255
    219 166 96 255 186 249 255 223 242 227 255 146 241 255 255 118 37
    255 255 13 255 57 255 255 255 255 255 49 201 217 104 212 151 47 157
    129 255 90 64 249 255 204 255 153 255 86 255 255 255 255 100 255 192
    255 255 77 170 153 55 195 153 255 115 190 142 43 29 255 255 255 255
    255 212 255 246 255 255 255 255 255 15 255 255 255 255 255 217 118
    166 255 180 255 146 235 255 255 74 255 157 253 18 251 35 63 255 208
    20 198 255 227 255 18 227 255 255 255 214 255 255 255 255 72 123 253
    255 161 255 255 255 255 99 129 255 255 198 255 255 208 255 195 202
    149 255 110 202 230 214 255 41 157 139 255 255 86 255 255 255 201
    255 255 197 255 255 247 21 12 79 21 200 83 104 255 255 255 255 255
    28 27 255 255 255 181 183 204 39 255 165 255 255 255 116 255 255 255
    104 255 255 255 78 243 0 255 255 212 170 190 255 78 255 255 255 255
    255 255 112 255 255 255 206 71 7 62 253 255 155 151 255 185 255 179
    180 202 255 130 47 9 125 255 28 255 127 171 255 255 255 70 255 118
    100 255 140 255 168 199 255 163 255 255 80 123 255 76 255 136 255 2
    168 198 255 214 255 255 255 255 255 255 22 192 183 184 24 248 255
    210 255 255 255 45 18 255 255 129 255 100 255 255 255 74 255 255 255
    11 187 212 255 255 255 255 225 255 236 212 255 255 87 255 123 115
    255 255 255 161 255 212 255 255 70 69 29 217 255 255 255 57 193 255
    255 24 19 192 171 81 255 255 102 255 2 231 141 255 108 255 120 255
    255 11 187 137 13 91 20 255 242 255 255 255 233 94 255 10 186 89 71
    255 249 255 125 40 255 35 28 255 17 144 174 59 164 255 206 255 255
    255 81 100 20 255 18 255 255 255 125 0 200 173 8 255 255 255 18 255
    155 251 135 178 180 255 198 255 221 132 25 79 204 133 255 140 206
    255 115 227 255 255 255 255 142 0 255 161 49 109 255 255 255 248 255
    232 74 255 44 187 8 255 13 255 255 255 255 225 255 190 15 255 118
    255 206 184 255 53 255 147 172 247 255 255 255 251 255 255 255 255
    255 255 79 255 142 76 170 81 163 202 6 223 2 255 123 255 255 255 123
    255 255 245 255 136 255 149 40 200 151 255 255 151 255 149 114 255
    255 255 255 231 170 8 255 53 155 212 105 255 143 252 4 161 199 255
    255 122 255 92 2 255 255 255 255 106 255 255 255 255 193 255 255 242
    206 61 255 227 255 255 255 228 255 255 255 255 255 105 255 214 255
    255 12 255 26 253 92 255 120 255 68 255 92 159 255 255 255 255 255
    59 76 255 255 255 103 255 55 255 255 255 138 45 255 7 255 255 255
    255 255 103 255 255 255 6 206 146 153 159 52 255 255 255 236 243 255
    155 255 255 255 217 168 183 255 255 255 108 251 15 135 57 244 12 158
    255 194 255 255 255 87 96 255 247 172 255 255 255 255 11 157 255 255
    255 165 232 242 255 255 255 255 255 255 255 24 208 143 151 255 255
    37 87 255 99 98 22 153 74 241 158 161 255 144 62 90 228 255 255 252
    197 255 203 255 255 50 255 143 42 255 255 7 47 186 216 255 194 255
    255 255 184 185 223 181 255 255 255 255 170 249 255 245 255 55 47
    255 60 255 166 255 12 255 106 255 68 251 253 188 197 176 255 231 255
    255 255 255 232 255 255 129 60 141 255 197 255 214 255 245 166 134
    123 57 255 190 61 255 24 255 81 206 255 255 225 13 255 255 255 255
    255 181 206 143 13 66 127 255 30 112 7 127 255 177 255 255 138 62 24
    160 255 249 254 210 67 255 178 176 230 255 174 83 255 200 11 60 188
    255 255 227 103 210 243 255 119 255 42 87 104 29 255 153 255 255 255
    35 255 255 101 255 255 157 255 255 192 111 182 193 255 255 92 119
    212 255 255 20 192 159 255 255 219 255 255 255 255 255 255 255 255
    255 255 96 9 255 42 60 255 255 221 255 255 59 255 255 255 51 255 206
    125 255 229 84 255 23 255 212 255 255 255 255 255 147 255 255 29 215
    255 255 255 157 255 123 255 116 255 255 255 255 255 181 238 6 255
    255 251 255 255 219 255 255 255 223 144 255 255 255 182 255 38 255
    255 255 104 83 255 141 255 17 255 160 146 255 255 255 255 255 106
    255 255 255 12 188 255 255 255 38 22 255 0 255 255 53 255 114 255
    186 255 255 59 37 255 255 182 163 229 20 255 192 177 255 255 255 255
    96 255 255 255 255 98 125 255 255 67 255 255 255 177 255 16 255 68
    20 255 255 24 255 255 255 255 255 102 151 53 135 255 121 255 255 255
    255 255 4 47 255 255 90 255 178 255 255 47 255 46 25 255 13 255 118
    70 251 255 72 255 88 245 251 35 2 255 139 255 38 255 255 214 255 29
    153 255 255 79 184 228 231 143 255 85 202 31 108 255 255 70 255 255
    255 14 129 255 255 255 198 121 217 255 82 103 206 255 217 170 251
    255 249 4 199 76 39 255 197 255 206 255 102 2 255 255 15 255 255 20
    77 255 255 255 61 255 125 151 255 255 255 255 255 51 255 255 255 112
    255 149 214 255 255 107 178 188 166 4 255 255 255 20 255 153 255 195
    255 208 255 49 212 29 255 255 255 255 255 255 255 127 255 255 255
    144 11 255 205 249 176 255 255 63 255 94 255 255 146 255 255 255 69
    255 232 255 214 255 255 255 255 243 255 255 243 57 255 255 255 91
    255 255 255 80 171 140 255 195 244 255 170 255 39 255 6 24 140 255
    255 238 240 255 255 178 255 255 244 255 255 255 16 255 136 35 205
    164 137 255 72 255 255 255 255 255 60 55 39 255 86 57 174 216 116
    255 255 255 11 163 255 255 255 64 234 176 11 255 104 255 151 82 101
    197 255 46 255 72 255 129 108 96 214 255 255 23 255 164 255 147 255
    255 65 151 255 241 252 255 255 255 108 127 255 234 255 24 197 255
    255 255 255 195 187 255 221 164 255 225 129 127 52 104 255 255 93
    241 66 255 255 7 255 255 255 123 255 255 255 255 255 255 176 88 234
    255 255 255 255 255 4 151 255 168 214 199 227 194 255 255 255 33 174
    255 255 255 255 76 255 255 255 255 198 255 15 255 255 255 255 105
    180 255 155 255 178 127 238 198 201 251 145 255 255 255 255 255 47
    214 125 208 186 255 255 105 255 106 255 60 214 164 166 255 197 157
    255 255 77 69 133 255 251 255 255 180 99 23 255 236 236 176 105 255
    53 255 255 255 116 47 255 234 163 255 251 255 133 83 136 255 255 49
    255 157 191 255 255 255 27 255 255 255 255 255 14 7 244 255 81 221
    255 255 23 255 255 255 255 44 255 237 177 255 231 255 255 231 76 79
    182 171 255 161 118 106 255 105 255 255 240 255 255 232 83 153 249
    81 65 255 34 184 74 255 133 170 255 255 255 144 255 92 11 255 129 60
    255 53 255 129 170 255 255 66 30 237 24 255 135 120 255 255 18 255
    255 243 111 178 7 255 255 133 255 255 255 255 255 225 255 65 146 255
    255 255 9 174 127 13 255 28 255 239 255 62 110 255 255 255 177 212
    235 223 255 4 46 255 131 255 214 255 31 79 102 255 255 147 92 255
    237 255 253 12 170 129 190 142 138 231 96 255 255 111 255 255 181
    225 255 255 234 255 228 144 255 255 255 255 255 255 255 94 255 255
    57 217 135 88 227 255 255 255 255 193 134 116 83 147 255 53 255 157
    168 15 255 203 255 100 4 119 188 170 77 188 255 225 31 255 255 255
    230 255 8 195 60 161 255 212 255 255 227 255 219 181 22 201 225 155
    76 168 43 68 180 255 236 25 255 255 246 53 255 6 255 240 255 174 255
    212 165 255 255 255 228 255 176 255 255 255 41 255 141 255 255 229
    206 255 204 44 255 251 255 255 98 88 77 27 255 34 59 190 34 255 255
    255 190 255 59 255 29 193 255 255 255 255 164 255 163 255 255 0 255
    255 255 255 142 94 255 255 225 255 255 255 170 255 255 255 255 100
    255 255 255 153 151 24 240 70 255 243 255 255 255 255 255 107 255
    186 255 255 106 171 255 255 79 255 255 193 244 255 173 193 255 193
    246 255 255 255 255 255 255 255 255 255 225 251 255 20 255 255 255
    70 85 151 29 255 255 13 38 74 255 255 227 205 181 229 255 255 255
    255 255 255 255 255 255 24 55 249 255 28 227 255 255 255 255 232 0
    66 255 255 255 255 255 255 64 255 255 191 27 255 98 255 255 255 196
    90 187 6 53 17 108 20 255 251 44 34 255 255 255 135 63 255 255 20 28
    255 184 255 255 255 146 108 109 149 22 175 255 82 109 255 47 83 208
    131 64 255 255 240 123 255 94 45 255 101 255 255 157 223 255 255 136
    255 255 255 127 255 255 176 197 189 255 199 21 61 2 62 151 255 163
    216 59 255 14 182 191 255 255 255 22 255 255 120 18 255 214 247 193
    149 255 255 139 255 255 255 243 214 255 255 255 255 120 232 255 179
    104 114 255 255 255 255 32 255 205 2 255 107 51 225 55 157 161 158
    42 255 170 77 18 255 255 255 208 255 255 255 255 163 255 174 125 255
    163 121 146 28 176 120 4 255 155 255 176 255 47 255 131 255 212 101
    2 229 61 255 90 35 255 255 33 255 255 179 255 47 74 255 255 255 13 4
    255 94 255 22 123 255 254 255 255 76 127 255 158 255 219 255 255 255
    53 255 71 99 255 239 255 255 88 255 255 255 255 147 129 255 255 247
    255 255 192 175 255 255 255 219 255 255 111 227 255 255 255 236 244
    255 255 79 55 227 255 172 252 214 255 255 166 110 52 91 255 255 255
    255 221 255 196 255 255 125 255 255 255 184 174 22 99 240 255 227 8
    86 255 255 255 68 185 255 255 219 255 255 55 6 88 255 67 255 174 255
    255 255 255 255 55 255 146 191 255 225 255 255 59 32 255 171 255 255
    255 255 235 31 134 255 255 255 255 72 255 255 111 255 127 255 255 90
    255 255 255 255 255 255 241 255 255 221 255 255 31 255 255 255 255
    255 181 234 255 255 255 200 255 76 255 255 255 255 216 255 49 255 59
    255 255 255 255 255 255 255 122 42 55 255 255 186 136 255 104 255
    255 255 203 255 255 255 255 255 31 255 255 255 255 255 68 140 255 13
    255 180 255 255 149 255 232 255 255 229 14 39 155 255 249 59 67 255
    253 96 255 255 235 255 255 255 190 115 237 140 255 255 192 255 94
    112 200 255 255 255 255 255 255 255 255 255 239 255 147 57 2 255 255
    255 106 120 255 255 86 15 117 151 63 255 255 94 191 255 255 255 255
    37 225 255 255 255 243 255 255 235 255 49 255 57 255 49 255 17 22
    255 255 255 255 255 255 255 140 4 255 253 255 74 255 255 164 255 255
    31 153 255 171 231 255 255 28 2 20 255 255 168 255 255 203 255 186
    255 96 141 255 255 145 168 255 227 94 255 255 255 153 35 55 255 98
    255 198 255 92 170 47 255 255 255 255 255 255 61 121 145 59 255 120
    15 147 82 252 255 139 217 255 255 255 91 255 255 255 43 29 255 198
    125 91 182 147 255 217 255 151 247 255 76 92 81 149 200 151 110 147
    81 34 10 255 255 255 0 83 127 2 129 255 255 255 255 255 129 255 255
    255 39 255 113 255 74 111 72 240 2 196 255 255 255 255 221 255 18
    198 255 255 255 200 18 255 231 255 149 27 255 255 18 201 255 255 15
    255 255 255 255 255 210 227 176 255 255 255 255 255 135 46 255 194
    255 21 133 197 255 255 92 255 69 199 255 255 255 81 255 255 255 255
    85 217 241 255 157 225 168 255 174 173 208 249 255 212 255 255 178
    198 255 25 255 20 255 255 173 255 219 255 129 255 131 125 255 9 248
    182 241 255 255 122 96 72 133 221 153 255 255 147 99 32 24 72 255
    255 255 11 255 133 53 4 155 113 163 147 255 255 140 255 192 122 47
    255 184 43 255 255 255 255 52 170 255 255 17 208 147 255 255 42 157
    255 188 53 208 255 106 241 228 255 255 255 74 255 255 255 255 122
    125 98 173 163 255 255 26 180 18 77 123 255 214 255 31 132 147 255
    255 143 251 255 255 157 255 41 255 125 255 255 255 174 103 146 255
    131 255 255 147 153 255 255 198 112 217 255 255 55 204 37 255 113
    255 13 93 149 72 255 255 255 223 255 255 21 255 255 255 20 37 255
    255 70 187 157 208 147 255 225 246 255 20 255 255 179 255 255 111
    195 186 255 163 223 168 255 165 101 255 255 255 255 192 42 255 165
    35 255 14 190 183 153 20 119 178 255 255 241 255 8 255 243 155 47
    255 255 249 255 255 255 39 102 255 255 189 255 255 255 114 162 149
    10 212 255 255 158 255 45 255 255 255 182 11 255 255 238 255 255 255
    82 255 11 255 42 51 180 120 132 184 17 255 255 76 208 121 255 255
    255 255 110 186 182 255 72 99 255 255 157 255 149 181 83 80 255 255
    255 228 91 67 153 255 255 255 49 255 254 11 255 138 255 255 247 181
    255 255 255 231 170 255 198 255 43 255 149 255 255 255 42 255 255 21
    255 255 255 192 255 42 255 7 240 25 225 255 255 255 255 255 149 255
    255 11 98 69 17 134 255 151 77 186 205 11 27 13 193 255 255 83 200
    230 255 255 136 53 255 192 255 61 255 255 235 255 255 255 153 255
    227 114 70 71 245 255 116 219 255 92 255 255 102 9 111 18 255 255 98
    255 255 255 37 38 255 255 255 255 255 17 212 50 45 255 255 163 255
    255 217 255 72 255 255 184 255 255 171 255 29 162 204 78 22 215 255
    241 38 31 255 138 198 24 172 51 92 159 153 255 255 178 227 77 255
    255 255 120 255 32 57 0 102 255 255 255 178 155 255 255 26 255 255
    255 255 202 125 13 255 255 255 223 255 181 108 57 23 139 255 146 49
    255 240 194 175 59 104 255 195 200 33 255 255 48 255 255 255 45 255
    94 79 255 255 255 255 255 255 223 188 255 255 146 238 135 147 219 63
    171 208 25 153 255 255 255 255 45 155 193 255 255 149 212 255 255
    255 55 255 90 225 255 255 68 255 255 254 255 255 255 255 255 210 59
    55 92 253 255 238 255 2 48 255 255 173 40 31 83 255 135 255 255 255
    35 255 49 238 255 255 255 255 61 39 255 255 255 163 255 66 255 184
    39 4 63 144 181 159 136 255 255 255 255 255 255 159 200 35 11 255 6
    255 6 4 36 165 223 249 108 255 255 98 255 255 202 46 72 202 255 255
    65 153 255 137 111 32 255 192 255 35 6 214 170 255 21 35 111 91 172
    195 255 69 171 155 255 171 255 255 210 255 255 66 4 255 255 117 255
    255 253 255 240 30 255 255 55 165 133 255 255 42 219 157 162 255 39
    76 85 212 255 144 243 255 57 147 63 113 255 22 255 255 255 72 84 255
    206 106 255 215 127 155 40 255 116 242 255 255 229 255 255 212 255
    87 253 255 46 98 255 81 208 135 255 255 255 177 98 239 50 115 255 99
    255 255 120 9 255 227 255 65 255 255 255 186 19 45 255 110 255 48
    255 106 255 225 216 255 255 153 255 166 8 255 255 255 255 45 8 77
    248 255 255 111 255 101 255 255 57 255 178 94 255 174 212 255 41 195
    255 184 153 255 255 247 23 255 255 255 196 144 255 186 168 255 167
    249 55 74 255 132 255 155 197 31 255 255 223 223 212 255 255 195 114
    39 127 255 255 255 255 234 255 255 181 142 255 219 255 255 68 200
    255 151 255 67 157 255 255 255 255 255 255 251 102 140 255 255 63 79
    255 255 195 170 255 255 41 166 26 141 59 49 255 255 255 69 219 255
    255 255 255 151 46 255 182 9 76 65 192 15 100 255 255 255 255 153
    255 255 193 255 255 255 255 195 255 255 6 255 82 90 115 255 72 161
    255 57 11 255 255 255 100 166 255 90 255 13 255 245 255 82 188 255
    255 255 255 129 255 30 255 44 255 255 92 202 255 255 180 184 171 255
    69 255 246 6 230 106 255 255 76 65 208 248 255 22 215 233 192 255 14
    255 255 241 17 76 255 255 70 255 107 108 63 255 255 255 52 28 125 72
    255 159 225 255 255 61 23 255 255 123 255 255 234 221 17 28 255 212
    98 100 255 38 2 33 255 112 76 255 255 255 255 221 255 255 255 83 187
    255 118 64 255 255 210 255 255 255 255 2 149 217 240 255 78 4 132 90
    255 255 45 7 255 235 99 255 255 255 195 255 255 255 255 17 255 255
    255 255 255 240 255 24 255 2 255 7 255 92 247 4 27 238 255 255 255
    34 239 192 255 255 255 255 65 208 91 186 255 255 92 85 34 180 90 104
    255 212 255 255 255 217 168 255 223 255 255 255 96 94 255 14 255 163
    174 205 100 255 223 163 82 31 255 255 35 81 217 20 198 106 255 125
    255 120 11 255 205 255 18 255 255 27 255 255 255 255 42 255 255 210
    255 236 255 255 255 198 178 241 34 255 255 255 196 83 255 255 192
    255 255 255 144 255 255 200 194 197 255 255 142 255 255 255 255 100
    28 132 90 255 255 182 255 255 255 255 255 69 146 198 255 255 255 255
    59 210 78 22 236 255 255 66 96 255 255 249 90 100 239 255 255 18 85
    255 168 255 9 255 103 64 74 255 255 163 77 38 143 142 255 255 131
    119 84 31 64 84 255 255 255 255 255 255 66 255 63 255 155 178 205
    255 255 255 255 196 255 110 255 127 255 255 255 248 167 17 180 176
    255 134 25 199 255 229 255 255 255 255 255 255 147 255 255 255 255
    98 201 195 255 29 231 47 15 60 200 255 130 255 37 49 255 232 180 61
    240 255 243 255 255 251 255 242 255 255 240 255 162 255 176 184 151
    255 251 255 255 70 77 110 188 85 114 255 91 255 182 238 153 255 17
    133 255 55 243 255 255 137 251 255 255 153 255 255 208 255 202 255
    100 255 255 111 192 210 119 255 255 255 255 212 25 96 6 255 31 171
    212 231 190 202 14 127 255 102 11 110 51 255 255 255 255 255 255 149
    34 255 90 219 255 144 134 255 52 151 255 53 100 255 255 6 16 149 255
    167 255 176 106 77 255 255 166 4 255 255 119 29 144 255 43 255 134
    82 144 64 255 255 255 149 42 255 255 255 236 255 96 0 141 255 255
    255 255 255 31 255 183 53 255 125 221 105 255 255 103 255 255 96 149
    155 255 255 25 96 255 8 255 163 255 238 36 255 175 255 59 227 255
    157 255 197 255 255 255 212 216 23 255 255 140 168 88 255 255 255
    255 255 33 255 84 255 77 159 53 255 255 190 255 96 144 113 172 188
    255 84 101 255 255 197 255 121 214 255 255 255 59 255 255 25 255 249
    9 255 255 17 255 182 155 255 255 255 255 103 225 255 0 255 255 197
    255 255 96 255 255 57 232 188 255 255 255 98 136 217 87 85 112 88
    255 223 87 32 255 241 121 255 255 255 163 162 246 170 255 255 255
    255 225 255 255 176 178 255 255 233 255 255 255 155 255 0 192 204
    255 255 102 255 64 221 255 252 232 255 184 178 255 251 255 255 53
    181 167 35 255 186 255 47 8 208 0 255 255 255 255 11 255 82 255 255
    74 255 15 94 175 255 94 255 168 255 44 255 255 109 21 255 255 104
    219 255 212 255 255 255 233 255 255 255 2 255 178 255 180 255 255 2
    255 171 255 255 123 212 255 255 51 125 255 255 253 160 170 255 255
    255 182 255 255 255 236 149 43 76 240 255 255 255 182 255 244 255 88
    23 255 114 2 255 20 255 245 255 121 255 170 255 255 255 255 6 255
    255 255 212 55 141 255 204 59 186 208 255 255 255 245 255 144 255
    255 94 255 243 255 255 255 149 214 72 234 255 33 223 102 179 144 216
    255 206 255 255 255 94 20 255 123 173 255 255 9 87 255 255 255 255
    255 255 255 29 255 255 33 193 255 225 255 255 41 255 255 7 181 14
    173 155 31 255 255 206 255 68 65 157 25 255 255 195 112 13 255 233
    255 240 206 33 242 255 192 36 255 255 255 255 225 151 255 255 255
    245 255 242 255 68 130 131 160 255 165 255 255 255 255 255 255 234
    255 155 99 255 2 255 164 255 175 255 43 129 102 71 255 255 198 255
    255 255 164 163 188 255 255 255 2 255 255 109 193 147 112 255 255
    197 255 39 68 255 16 255 255 178 184 255 125 255 251 255 118 255 255
    44 221 255 255 155 147 77 255 27 255 117 63 188 166 149 127 255 255
    252 255 33 255 249 255 255 255 53 251 255 214 255 212 186 28 134 255
    15 2 135 142 255 255 255 255 255 255 255 255 203 60 123 29 87 255
    136 185 18 255 70 255 46 2 43 138 255 10 255 246 127 205 255 255 255
    176 255 68 255 155 125 255 255 255 115 255 166 129 65 223 255 135
    255 125 255 255 255 27 59 255 255 147 255 137 255 255 255 255 255
    155 255 255 255 184 195 255 255 125 255 175 30 8 255 180 53 216 255
    255 225 255 255 123 183 255 255 134 255 255 255 255 151 236 255 255
    255 57 112 106 94 240 238 82 162 255 255 157 62 255 146 255 255 255
    255 102 42 111 255 255 168 255 175 255 255 255 255 139 157 255 255
    129 255 255 118 49 147 17 255 255 66 255 114 109 244 123 59 255 168
    255 255 255 255 255 255 255 255 223 255 255 255 245 255 41 53 255 33
    255 255 255 135 253 163 236 255 47 255 255 255 136 214 255 205 255
    255 166 13 12 255 83 255 254 45 255 255 123 255 92 246 127 208 8 255
    103 255 110 255 255 255 195 206 255 254 49 192 255 17 255 255 255
    141 6 13 255 255 255 145 255 255 255 255 255 2 41 255 255 6 164 255
    255 255 31 173 255 255 255 110 255 59 132 255 7 98 255 64 255 251 94
    51 14 255 255 65 133 255 239 255 255 188 228 166 255 255 132 245 17
    93 10 72 255 255 255 255 39 255 255 255 255 206 51 255 255 41 33 255
    255 39 34 131 18 19 27 15 255 192 255 74 255 96 255 237 255 255 255
    255 255 231 255 255 255 255 151 255 255 255 149 109 36 198 2 125 153
    208 155 255 255 136 120 255 42 153 255 253 255 255 161 255 15 68 76
    203 30 255 42 255 255 90 25 255 255 255 255 157 255 204 24 255 41
    255 255 16 255 117 216 255 255 255 221 255 255 225 255 255 255 223
    255 173 4 202 255 19 135 147 255 239 149 255 255 109 255 255 255 60
    255 160 110 27 255 94 110 79 0 35 122 255 255 255 217 255 68 231 45
    98 255 255 29 255 147 255 255 192 255 255 102 255 221 255 234 255 8
    255 255 255 186 255 151 153 147 184 85 193 168 255 123 4 255 244 249
    64 64 255 255 159 24 255 212 20 255 255 255 255 255 71 255 8 255 255
    72 80 7 147 255 255 180 214 0 255 255 255 195 255 98 55 255 255 255
    255 255 255 135 123 91 118 255 255 157 168 255 59 9 255 92 255 255
    255 85 234 231 123 255 255 255 147 45 77 255 163 42 232 255 228 255
    25 70 117 255 255 144 227 118 255 92 255 255 47 90 19 255 221 255
    255 186 255 255 57 132 255 255 255 170 255 193 255 109 127 12 255
    255 24 203 255 255 171 161 255 232 255 255 48 106 255 255 123 102
    255 6 255 255 255 255 255 255 255 184 178 255 255 215 188 255 138 88
    13 255 88 81 255 123 48 45 180 103 255 255 13 85 88 255 215 231 255
    8 235 255 255 247 255 110 63 255 255 255 74 125 255 255 219 12 255
    255 255 255 255 96 255 151 6 255 255 255 255 17 155 116 255 192 255
    255 112 79 21 108 149 19 167 66 40 88 255 251 255 122 25 176 240 255
    63 101 255 143 247 255 255 221 187 106 94 255 255 255 125 255 255 68
    255 216 189 255 181 255 31 153 183 92 255 231 255 64 255 39 133 43
    255 205 217 165 255 89 255 255 255 255 255 15 255 76 255 255 255 185
    255 255 255 255 255 236 255 243 246 82 234 255 255 2 140 255 255 66
    255 171 43 84 255 255 210 255 255 123 149 132 255 208 255 255 26 193
    255 160 255 255 255 255 255 255 77 116 255 255 255 29 255 255 184
    255 255 255 76 255 255 255 167 255 255 41 255 198 255 228 164 59 206
    91 168 184 255 255 255 104 251 255 163 94 15 255 255 85 255 82 197
    255 165 255 255 184 255 197 90 57 127 255 255 255 255 255 91 24 217
    253 255 55 255 135 255 255 255 216 178 176 255 242 245 240 238 255
    193 255 255 52 255 255 255 255 255 28 255 255 255 28 0 243 155 255
    255 255 255 131 255 225 199 255 255 123 255 255 255 255 57 255 74
    219 255 43 233 255 255 225 255 193 255 219 255 255 76 255 255 232
    191 120 255 8 6 164 198 74 255 255 255 31 23 255 255 0 35 255 11 135
    255 164 53 55 8 18 31 102 170 255 159 255 112 255 214 171 255 255
    131 255 206 255 255 22 68 255 255 255 8 255 255 93 255 153 62 24 28
    253 155 4 255 163 190 198 255 247 234 255 255 255 255 210 51 255 243
    9 245 255 255 4 255 255 208 255 85 255 255 168 255 255 161 255 144
    255 255 255 225 229 249 255 255 255 100 67 210 140 255 2 198 255 50
    161 255 255 249 255 230 125 182 206 255 255 255 197 49 162 255 255
    255 255 255 255 93 255 112 238 202 37 125 255 216 255 118 255 189
    198 9 176 88 24 172 206 140 85 255 241 255 225 255 208 255 255 119
    198 255 246 0 255 255 104 17 125 255 255 147 178 85 11 255 255 100
    255 77 212 249 155 255 86 255 255 106 177 255 239 255 93 20 255 255
    255 255 255 33 44 255 16 114 2 255 182 255 65 111 43 255 255 255 210
    53 149 116 255 153 255 255 87 225 123 255 255 255 223 251 255 255
    255 175 166 22 249 123 255 255 189 94 255 255 114 53 232 184 255 96
    239 243 255 255 255 255 255 255 255 112 35 198 92 33 51 255 61 255
    255 255 238 129 116 255 255 122 234 208 255 255 210 112 255 86 197
    255 255 212 197 255 182 53 4 35 142 59 255 166 153 255 157 104 26
    119 196 255 255 198 216 255 225 41 197 198 255 255 255 255 181 255 6
    53 221 247 132 235 112 255 255 255 246 255 255 198 255 255 127 255
    64 181 231 255 166 255 17 198 22 255 147 253 255 164 227 255 62 255
    255 189 206 39 115 255 255 178 92 255 115 255 66 144 180 41 255 255
    212 8 255 255 168 200 255 255 96 251 36 255 255 85 255 2 255 190 197
    255 102 255 255 255 206 246 31 50 93 110 255 255 255 255 223 139 255
    255 249 255 25 96 68 96 255 255 125 255 186 255 255 241 2 210 92 62
    69 116 153 255 131 30 198 255 255 255 197 255 98 127 96 235 48 138
    255 255 81 170 76 255 190 61 255 255 88 255 141 29 251 255 44 255 78
    255 255 255 160 140 121 255 168 225 26 134 135 255 255 255 228 255
    102 255 255 255 255 255 255 31 183 255 255 66 255 59 255 108 255 144
    255 171 255 8 15 255 255 173 255 98 255 255 255 255 255 233 206 255
    216 155 255 131 255 255 237 255 125 31 120 32 255 255 255 184 44 111
    69 44 8 255 18 255 206 90 219 255 255 251 255 255 195 223 26 191 255
    245 25 51 255 102 255 98 43 31 255 64 143 18 255 249 255 255 131 142
    255 255 101 193 255 255 15 63 255 155 139 201 255 255 37 45 255 98
    255 123 255 255 63 85 255 25 142 38 255 92 255 225 39 255 149 182
    197 198 216 217 255 255 255 255 216 85 210 251 255 157 255 129 255
    255 255 255 255 255 255 251 255 159 232 117 255 127 180 251 28 255
    43 255 94 219 255 255 255 255 178 249 255 91 255 138 255 255 144 47
    153 255 106 255 234 255 35 255 255 255 255 193 90 255 255 255 140
    255 25 255 255 165 255 255 145 109 25 255 158 255 125 127 255 12 101
    142 78 255 23 255 255 157 255 227 255 255 2 255 255 255 255 74 255
    49 255 177 9 163 153 255 100 255 255 63 255 255 47 90 217 255 225
    183 51 31 255 255 17 255 255 255 208 98 168 255 255 255 93 255 111
    255 255 103 210 112 255 195 255 160 255 255 245 255 92 255 98 163
    182 178 100 195 91 255 255 223 20 83 170 255 39 40 184 255 187 255
    131 255 255 255 255 196 133 255 255 255 134 214 31 255 249 98 255
    255 31 255 255 255 255 255 177 255 255 201 255 121 255 255 251 179
    104 255 255 255 255 66 36 0 138 255 255 255 198 82 255 249 255 255
    195 186 255 255 255 234 240 155 44 74 255 173 255 2 120 255 55 170
    255 217 255 34 255 168 227 255 255 42 255 2 195 255 255 51 149 255
    255 255 255 25 198 255 255 170 255 174 255 219 238 47 15 255 55 255
    255 255 79 255 255 230 227 127 182 255 255 236 255 125 184 255 94
    135 15 10 87 206 255 255 255 255 193 144 255 184 159 47 255 255 67
    255 255 255 70 195 239 252 255 255 66 255 145 64 255 255 255 255 184
    158 255 33 255 255 255 41 255 255 53 255 237 255 255 233 255 255 255
    255 255 255 133 146 131 184 60 190 146 255 235 90 255 229 255 255
    172 18 221 255 255 85 118 107 43 255 109 255 255 17 255 121 255 255
    76 20 255 255 103 255 204 255 166 255 255 255 98 107 83 255 29 28
    255 255 255 76 28 255 57 255 255 255 255 168 37 255 255 118 173 255
    255 155 76 255 96 255 159 255 236 255 216 108 255 255 255 255 255 83
    114 255 138 255 170 214 69 255 255 255 255 255 239 13 255 255 255
    123 116 81 255 255 48 66 255 255 191 39 255 255 255 216 74 72 255
    255 255 114 255 204 255 151 249 29 236 167 15 255 255 46 70 255 120
    57 255 24 255 255 255 168 22 255 204 239 255 255 255 255 255 94 255
    255 255 149 255 255 162 255 255 24 17 135 109 121 255 72 255 94 255
    255 182 255 246 255 255 255 39 61 72 255 255 255 255 255 19 255 160
    255 255 255 255 63 255 255 137 157 79 255 182 255 100 255 2 67 255
    255 255 255 227 255 2 30 61 186 255 255 255 185 221 255 146 229 240
    255 255 46 255 255 221 25 255 192 255 37 168 255 233 206 178 255 255
    255 88 87 255 255 217 11 176 255 253 255 255 144 0 255 255 37 255
    255 123 255 66 255 175 255 255 255 255 80 230 2 255 175 255 86 255
    43 255 255 79 255 9 255 182 255 115 221 175 202 133 42 255 255 181
    121 14 186 40 255 138 113 31 188 255 141 203 129 133 255 255 78 255
    255 22 255 255 127 255 229 125 247 153 165 255 113 255 149 255 255
    186 255 255 77 0 255 114 255 165 131 159 159 255 255 255 212 91 255
    99 151 255 42 255 255 255 255 255 252 125 255 37 255 255 255 91 217
    142 255 255 149 255 255 77 134 255 79 255 255 255 255 255 125 255
    255 112 255 245 111 113 204 255 170 53 255 191 118 52 255 255 255
    115 255 66 26 255 240 255 72 234 111 135 135 91 231 255 217 255 182
    45 41 255 53 255 55 246 255 255 13 255 190 255 255 162 255 90 170
    255 255 37 25 98 255 255 8 118 195 82 255 72 255 79 55 12 162 225
    255 255 153 233 255 255 35 18 132 67 26 255 255 255 255 47 208 26 49
    251 255 255 197 59 49 255 13 208 255 255 106 255 81 255 219 255 255
    175 43 255 208 102 22 212 149 202 255 255 47 255 164 255 208 174 255
    76 255 217 255 227 255 255 85 255 241 9 249 255 115 255 255 255 135
    255 255 71 255 208 202 255 127 255 255 255 255 158 255 255 206 255
    168 136 147 255 46 79 94 170 255 255 255 255 255 123 255 123 255 19
    41 255 172 210 255 115 74 255 255 16 66 115 37 50 191 255 252 217
    192 144 255 255 238 25 49 255 255 255 195 255 210 255 38 229 173 8
    219 255 85 255 255 255 78 243 255 255 228 255 127 255 223 255 255
    215 174 255 255 255 118 255 255 255 28 172 255 242 255 76 255 255
    173 255 118 255 255 255 255 255 78 48 255 225 227 255 255 255 255
    255 255 147 247 6 255 129 255 255 137 255 215 255 120 255 96 171 197
    153 142 238 0 238 147 114 255 96 216 255 136 22 24 221 217 255 166
    255 255 255 255 122 255 255 182 134 255 74 255 53 255 255 255 136
    255 153 160 255 8 255 255 255 216 255 212 255 11 255 219 19 237 255
    255 163 85 72 16 61 17 255 255 255 61 255 255 188 252 255 255 255
    255 47 70 255 255 9 255 22 164 96 255 99 55 163 251 70 88 42 255 255
    160 255 147 255 255 133 254 83 198 255 255 67 255 255 255 255 255
    216 255 255 53 158 219 35 99 255 18 255 142 255 153 132 243 136 91
    255 255 214 202 164 206 243 255 255 212 170 193 110 210 147 214 42 0
    139 166 68 255 217 255 255 255 255 255 42 83 123 64 255 255 255 231
    221 11 91 255 66 255 80 35 255 255 255 255 255 111 57 255 118 255
    174 9 76 227 255 255 255 216 110 141 72 255 255 77 255 153 37 146
    139 255 40 255 255 119 255 26 255 208 255 144 255 13 77 255 255 68 0
    20 255 255 52 255 255 255 255 255 205 255 86 255 28 255 255 49 255
    255 255 255 11 23 255 18 208 255 255 180 255 238 155 33 255 255 8
    142 170 255 232 255 137 188 178 14 29 255 255 254 255 255 92 255 137
    255 64 255 129 53 137 255 255 139 255 106 255 255 255 255 157 130
    178 146 255 235 140 255 255 255 96 255 22 255 255 255 232 253 255
    255 255 255 45 31 255 70 255 122 198 20 255 9 208 179 136 176 245 8
    33 94 147 41 255 255 184 59 255 108 203 255 141 162 87 25 255 40 255
    210 255 255 160 255 255 255 25 178 103 15 43 255 155 12 55 102 255
    64 193 202 255 255 255 168 255 255 105 32 67 33 255 104 20 140 16 74
    106 202 255 255 221 255 255 61 66 255 241 255 255 255 255 15 255 255
    255 243 255 255 43 168 255 255 255 251 45 255 255 255 252 255 92 255
    181 127 111 255 33 255 170 255 255 255 255 255 138 25 18 255 255 255
    255 255 255 236 172 255 60 116 203 74 255 61 255 147 31 138 192 127
    255 49 255 219 255 112 255 255 238 111 255 255 38 170 255 255 255
    255 255 255 70 255 255 255 255 255 255 255 212 255 223 255 94 98 196
    90 255 233 48 210 255 193 60 255 188 255 98 255 223 37 255 28 80 228
    240 255 76 255 104 131 76 255 214 26 255 255 106 16 39 66 104 255
    255 192 255 255 139 205 255 255 223 70 255 20 255 255 255 255 165
    214 251 200 138 204 255 166 62 255 136 255 235 201 163 255 114 225
    255 142 98 49 186 255 255 217 26 192 232 255 137 190 255 14 127 255
    67 255 255 24 255 255 59 13 70 127 197 187 204 205 189 131 13 43 4 7
    255 255 28 255 127 255 70 255 255 68 43 255 234 80 168 232 80 255
    255 255 255 255 255 255 227 141 64 255 255 87 255 255 255 34 200 255
    172 255 255 255 255 255 229 255 15 170 47 255 255 255 255 255 255 81
    255 59 61 255 255 255 30 163 99 255 98 255 174 255 6 47 121 122 255
    255 175 189 255 210 255 145 0 255 116 255 132 196 255 255 149 255 42
    255 112 255 255 114 74 255 255 55 255 188 255 24 255 255 53 158 238
    96 255 219 221 255 134 255 255 255 255 114 255 72 255 255 67 15 255
    80 255 32 55 255 208 255 4 255 255 171 249 216 255 255 233 50 255 51
    255 255 255 255 8 61 63 255 255 255 255 74 255 255 235 192 255 255
    255 70 194 240 255 204 41 255 180 129 85 255 255 127 255 199 108 255
    123 255 61 230 142 255 255 28 255 255 210 255 255 132 251 158 255
    159 238 219 231 255 159 216 255 255 255 255 255 216 166 4 25 255 170
    255 255 195 100 184 255 255 31 157 255 79 255 255 72 255 255 223 159
    76 18 255 255 251 140 255 255 255 255 255 255 170 0 13 255 197 255
    255 28 255 255 245 255 180 255 255 255 48 77 255 18 255 255 195 255
    22 92 74 255 42 204 255 255 193 104 255 255 233 255 255 170 205 255
    255 255 45 255 76 255 116 255 255 255 255 255 255 255 155 8 157 255
    49 255 253 63 216 255 255 255 51 255 255 94 255 255 255 255 240 66
    255 255 72 255 33 8 255 255 204 78 255 144 204 164 255 255 24 53 255
    255 108 255 255 9 255 234 221 123 13 238 255 255 229 84 81 255 255
    177 234 168 241 255 4 255 47 255 255 59 255 147 134 255 255 255 255
    255 255 247 255 255 49 255 255 172 255 255 196 255 255 78 133 255
    116 232 255 135 255 255 255 68 255 6 255 255 210 120 134 255 228 130
    255 255 255 210 173 32 47 181 255 255 48 255 121 255 255 196 255 255
    255 52 255 255 252 47 255 158 115 49 234 76 127 255 255 182 255 255
    86 255 255 255 255 59 33 234 91 143 255 255 255 221 79 135 255 130
    37 255 108 78 184 255 255 90 255 255 44 66 255 59 255 198 2 255 255
    15 255 255 50 246 61 255 4 180 255 197 255 255 21 129 255 255 33 255
    9 153 164 255 255 255 9 255 227 255 120 255 0 180 99 255 223 133 255
    57 255 255 255 46 132 74 68 255 255 74 130 255 50 255 255 22 98 255
    4 242 255 155 255 255 255 214 216 212 255 255 255 189 255 131 255 35
    255 30 10 41 255 255 255 136 123 157 255 255 0 123 255 50 255 102
    255 255 53 255 2 255 118 170 255 122 255 255 199 32 108 255 236 255
    164 255 129 149 225 145 255 255 255 255 255 255 255 4 72 249 57 14
    151 147 163 92 189 53 255 255 255 255 123 255 255 174 255 255 9 255
    212 255 255 53 255 120 173 206 208 44 13 255 171 155 255 255 246 255
    33 74 71 221 255 76 41 132 255 255 81 255 255 255 131 255 255 255
    255 111 255 255 76 217 255 42 255 153 255 206 2 151 121 255 255 255
    94 255 255 59 15 255 255 255 217 255 9 2 255 255 8 197 255 20 17 72
    161 255 79 255 166 255 37 255 255 235 101 255 255 212 123 255 210 55
    255 77 255 127 255 0 255 255 255 255 255 255 78 255 255 139 255 255
    176 255 255 116 255 8 65 255 57 178 41 255 255 255 255 255 146 232
    98 149 62 255 133 55 255 255 255 255 140 248 71 241 255 255 170 255
    255 201 248 202 255 255 110 255 255 255 85 255 251 255 255 255 105
    26 255 105 255 231 255 232 255 255 206 249 53 255 255 255 229 255
    144 255 255 255 170 255 149 255 255 118 15 217 255 53 176 255 19 94
    173 176 180 255 102 94 205 181 255 177 255 255 255 255 255 255 255
    255 230 255 255 255 255 255 59 255 255 255 57 255 255 132 155 255
    161 163 252 36 170 255 113 255 227 255 86 181 49 108 255 189 255 255
    255 149 190 255 157 255 176 165 255 255 255 255 255 227 48 115 255
    135 144 249 255 255 63 203 210 255 255 255 255 255 62 186 255 255
    255 203 127 118 255 21 255 255 159 69 255 153 255 255 255 2 255 79
    255 18 200 255 173 183 214 243 19 255 247 115 255 255 93 53 232 79
    72 255 166 170 123 227 255 68 255 6 171 8 255 255 255 255 255 255 6
    255 255 255 255 255 255 255 255 219 255 68 35 255 255 255 31 255 45
    99 242 174 142 25 208 212 255 255 11 255 247 255 255 163 255 255 255
    255 6 114 255 11 255 140 236 135 255 255 255 52 138 94 255 227 12
    195 255 255 255 255 255 255 255 251 171 2 255 223 255 71 193 255 178
    11 255 41 92 219 110 255 42 255 210 155 231 197 136 204 20 255 188
    70 255 255 127 255 255 255 255 255 155 255 243 255 255 255 118 74
    125 255 255 194 199 157 255 255 255 59 255 255 255 255 255 33 42 79
    57 255 221 235 81 255 255 175 255 118 255 178 255 188 255 212 255
    125 24 112 93 233 111 255 61 255 255 168 59 208 255 181 34 20 2 255
    255 232 104 255 255 189 221 142 55 86 255 79 255 255 117 255 255 255
    255 255 227 255 255 255 255 53 0 243 255 136 255 20 255 255 255 255
    2 94 127 255 249 255 255 255 132 49 153 255 63 255 255 255 255 255
    255 255 255 255 243 129 255 240 255 112 255 221 255 177 255 147 255
    221 255 255 43 186 142 113 74 217 244 255 255 93 255 186 255 255 255
    255 255 173 119 255 98 157 22 26 193 255 255 255 255 147 34 241 255
    23 80 255 227 219 15 68 88 255 255 229 255 255 255 243 255 243 212
    255 59 255 111 255 177 36 129 107 28 71 255 227 78 255 208 221 255
    255 151 33 255 145 135 234 255 192 255 104 6 255 104 255 255 255 173
    227 255 138 255 202 255 255 255 255 255 255 81 234 190 98 206 63 33
    255 96 35 255 255 77 255 92 184 138 255 255 255 170 92 36 216 255
    242 243 111 0 59 255 255 0 255 106 255 255 149 255 255 214 255 255
    255 255 252 89 20 255 255 255 26 32 241 29 255 135 212 255 255 22 98
    255 255 255 137 230 255 57 186 151 133 68 146 157 255 255 59 151 255
    31 255 255 255 255 255 255 199 45 35 81 255 255 0 255 69 255 255 255
    255 244 243 255 111 180 33 255 255 255 255 255 255 34 255 240 81 6
    255 232 255 255 77 255 255 23 255 255 255 255 135 255 182 240 149
    114 122 255 163 57 255 255 255 178 198 255 138 45 181 17 255 48 255
    139 255 255 255 255 255 255 255 249 112 255 251 51 193 51 153 20 255
    255 98 102 4 238 232 255 212 172 255 179 155 12 61 138 219 153 255
    255 255 255 10 131 255 255 157 255 129 255 96 208 255 255 255 255
    255 190 255 255 255 186 255 225 255 2 198 22 155 55 155 255 255 255
    210 121 186 176 255 217 111 206 255 255 39 255 255 255 17 255 2 227
    57 255 255 255 255 59 255 255 255 232 255 77 102 182 255 219 143 72
    45 255 48 174 200 255 255 255 151 251 255 214 246 112 50 255 194 68
    255 59 135 253 255 255 127 176 236 255 43 255 255 20 255 255 255 96
    81 27 255 255 127 255 155 214 162 87 86 255 255 255 147 255 255 255
    255 255 255 255 59 255 255 255 186 255 255 66 77 255 29 246 47 11 87
    206 255 9 94 70 238 255 219 130 143 255 255 219 255 40 255 255 255
    165 26 255 229 255 49 255 153 23 255 39 255 74 190 255 255 255 255
    255 96 55 51 255 255 88 255 149 116 205 166 255 255 214 139 219 255
    255 255 255 208 255 255 255 35 255 255 255 255 35 31 255 198 63 66
    255 105 255 131 245 255 74 20 30 255 182 214 255 96 255 255 18 200
    118 173 255 90 255 255 29 255 32 214 255 89 255 109 176 255 206 129
    151 9 25 112 18 49 255 197 255 255 255 91 59 155 255 255 255 68 255
    255 255 186 255 255 255 28 8 255 255 255 143 129 255 255 255 255 159
    255 8 225 255 32 90 127 164 255 255 255 255 255 255 255 255 91 163
    98 255 255 255 74 45 44 76 255 39 163 127 255 238 214 255 144 255
    240 240 157 255 229 233 48 255 255 171 96 255 171 255 255 37 255 182
    241 255 255 92 251 255 255 251 255 39 255 45 55 255 255 241 219 69
    227 255 255 255 255 255 166 94 255 255 53 163 210 168 255 255 255
    255 151 204 255 61 187 255 255 93 255 255 255 127 111 23 255 255 255
    219 255 255 245 255 255 37 164 255 237 15 68 194 255 255 172 255 166
    255 179 255 43 255 127 163 101 185 255 255 115 170 255 255 10 255
    187 92 177 189 255 88 38 255 255 255 217 255 185 255 247 9 255 255
    223 255 26 255 255 206 255 110 255 19 255 74 238 90 186 68 61 255
    157 104 109 26 255 255 11 255 99 138 194 171 255 255 168 8 22 255
    255 116 255 187 255 255 168 255 153 255 157 255 255 249 131 121 110
    255 255 149 131 49 255 255 178 255 255 57 255 136 185 255 203 255
    100 255 51 157 251 132 255 221 144 35 255 208 108 255 255 159 241 15
    143 255 227 39 255 189 225 255 255 4 255 255 255 203 255 255 81 144
    255 11 255 255 255 8 98 50 255 255 255 255 255 255 255 71 42 147 255
    221 255 133 255 255 255 61 221 186 42 255 255 255 134 255 129 255
    253 255 72 129 173 255 49 228 255 216 147 51 14 255 255 174 255 255
    255 255 83 182 13 255 102 255 255 39 181 255 102 255 168 255 146 255
    80 39 255 255 255 185 14 7 255 212 127 93 255 255 255 229 210 255
    255 255 4 255 118 115 168 0 174 84 87 129 143 255 255 255 255 255
    255 255 172 255 255 4 255 179 255 39 105 255 255 255 255 251 255 79
    178 120 255 149 255 13 180 255 81 94 255 255 255 83 166 255 255 13
    174 168 30 188 210 38 112 255 64 255 162 255 255 255 255 43 255 255
    255 195 134 157 85 47 255 64 255 255 88 234 255 255 59 131 175 149
    255 255 193 172 255 255 110 197 255 255 188 255 139 195 255 255 255
    59 255 255 70 194 255 255 2 114 151 255 111 255 255 146 59 106 61 38
    192 109 57 141 103 181 255 63 26 255 255 23 255 255 8 255 83 93 255
    90 60 255 228 132 170 255 215 255 201 219 255 252 248 98 160 255 255
    255 255 255 245 255 65 255 200 251 166 255 255 255 23 255 234 180
    255 255 125 37 255 96 255 255 221 255 122 59 116 52 134 219 85 163
    255 50 40 255 255 255 131 228 255 43 177 255 41 255 85 255 255 53
    255 4 255 255 92 255 33 255 255 84 255 255 78 105 25 255 255 255 255
    42 255 192 147 191 255 255 255 96 255 70 188 255 146 2 192 255 186
    37 255 137 243 181 255 28 134 161 157 255 92 255 255 255 125 132 255
    85 60 255 61 100 255 255 255 255 64 59 255 17 246 255 255 255 255
    255 255 208 153 151 118 41 202 176 243 255 219 255 13 255 255 255 51
    214 153 255 59 146 255 240 255 255 11 151 255 255 255 255 147 240 6
    160 110 255 197 125 63 255 255 18 37 255 137 210 244 223 190 106 141
    118 255 255 7 255 55 77 102 33 255 17 80 255 163 255 255 255 255 255
    255 255 28 26 217 255 9 116 203 11 255 15 255 255 66 255 255 127 62
    247 107 208 255 153 255 98 0 91 255 2 28 255 255 0 245 255 121 255
    136 2 174 125 255 112 18 255 208 7 255 86 136 255 255 255 32 61 255
    123 255 255 208 200 53 181 255 255 231 255 255 255 255 55 255 255 88
    255 33 98 15 243 133 253 198 70 110 255 255 11 96 255 255 255 255
    127 59 255 166 190 255 180 188 39 255 243 255 236 212 46 255 255 255
    255 127 255 255 194 205 255 255 255 255 255 114 255 255 232 180 2
    255 255 202 177 163 76 232 255 53 66 255 253 61 255 143 255 108 35
    255 117 194 186 255 255 188 255 255 255 255 118 37 227 221 170 115
    255 241 255 198 146 136 8 255 255 255 64 57 255 255 74 255 208 60
    255 70 157 255 4 74 168 227 255 67 181 255 255 255 164 255 255 255
    255 255 208 194 255 57 255 255 255 104 255 161 143 112 255 167 175
    255 255 255 79 88 255 255 255 230 255 255 255 255 255 255 217 255
    255 72 27 44 15 182 205 8 231 184 255 255 255 255 208 208 255 255 85
    255 255 11 255 255 255 117 10 255 102 239 255 240 255 105 255 172
    255 255 233 212 255 255 255 55 255 255 255 255 247 172 255 255 151
    190 255 125 88 255 255 2 140 255 255 255 83 167 133 8 200 29 255 157
    255 104 255 92 255 255 255 119 255 64 127 223 177 104 255 90 70 255
    255 253 255 255 255 0 255 232 72 182 59 255 255 76 255 255 255 161
    48 125 255 13 255 255 151 26 120 255 255 172 255 102 255 99 255 255
    255 255 33 94 100 118 157 242 255 240 85 165 255 255 71 255 255 35
    255 238 225 155 255 225 255 255 255 255 255 51 63 183 255 7 210 157
    255 129 255 255 255 116 255 47 182 255 255 255 199 255 172 255 255
    255 255 240 255 255 255 247 77 255 255 254 255 255 255 255 255 144
    255 198 210 255 253 83 176 255 255 249 43 85 255 255 48 127 255 255
    147 41 255 187 196 170 255 255 255 174 112 131 255 241 255 255 157
    125 255 104 88 255 255 255 32 255 255 255 255 255 238 10 255 191 255
    4 255 176 232 236 255 6 238 39 140 255 255 138 255 104 166 255 78
    255 255 255 255 68 255 188 64 61 24 170 255 59 255 255 255 15 237
    255 144 255 214 255 57 7 8 161 255 181 241 221 181 255 208 255 255
    255 202 147 255 40 255 35 255 255 255 47 8 70 255 18 83 85 41 166
    255 210 255 219 255 255 74 39 114 198 255 33 255 255 151 2 255 96
    255 200 177 104 255 255 28 10 255 221 255 255 149 255 216 206 235
    255 151 255 160 255 255 50 255 255 255 255 255 76 255 41 164 47 255
    190 255 96 190 47 239 232 255 221 33 183 255 44 155 255 29 185 104
    112 43 151 255 255 255 255 197 82 255 23 212 255 255 49 109 255 255
    17 255 31 255 21 255 255 255 20 255 255 255 255 68 155 255 138 18 42
    255 255 255 59 255 255 36 153 255 255 49 255 47 39 188 19 255 255
    255 255 146 255 35 52 255 239 230 255 255 255 214 206 164 193 255
    255 123 255 255 255 186 255 255 204 255 0 255 255 110 161 197 2 255
    255 57 255 255 117 202 255 96 249 255 255 102 255 255 92 125 255 59
    255 0 255 90 255 178 255 57 255 255 255 88 255 255 255 219 42 255
    127 163 255 255 255 180 255 121 6 44 255 249 70 174 255 116 255 98
    255 255 255 184 93 151 99 255 163 255 255 255 241 129 57 255 255 249
    255 255 255 55 255 255 255 255 255 255 157 255 88 255 255 63 168 61
    37 255 255 107 255 139 99 134 255 255 255 255 13 28 255 255 81 255
    255 255 112 255 255 16 255 255 200 105 217 198 225 255 18 4 255 255
    166 255 255 255 87 255 175 74 37 255 163 178 255 42 153 255 255 49
    64 149 139 24 255 141 255 255 255 255 100 63 22 255 98 255 163 33 35
    136 255 255 185 223 255 251 96 182 255 255 94 255 255 255 180 127 42
    249 255 255 255 59 255 255 255 170 229 4 68 70 255 255 255 255 98
    164 255 255 76 255 31 174 76 255 59 255 55 87 178 255 255 167 255 32
    245 162 232 255 232 102 255 46 9 161 255 255 196 168 129 255 255 255
    255 28 255 200 87 53 37 255 255 255 255 202 255 210 255 255 59 255
    25 33 255 255 255 32 14 131 98 255 255 70 243 238 119 255 255 74 255
    255 197 255 17 136 255 109 255 72 81 255 123 255 42 24 221 178 12
    255 170 255 15 132 255 255 231 102 206 23 255 255 166 255 72 229 225
    255 164 86 255 255 255 236 57 186 157 249 255 125 214 71 255 248 108
    133 255 186 99 255 76 255 74 255 255 255 41 255 234 255 255 255 255
    26 255 255 247 117 255 166 206 255 18 255 114 255 72 163 31 85 255
    210 227 239 255 134 231 255 249 41 129 87 255 144 144 255 77 253 69
    135 255 255 255 91 53 243 43 255 160 51 255 11 238 255 255 83 86 255
    123 255 50 91 235 192 170 255 63 91 57 255 66 255 205 255 255 255
    255 206 255 42 127 192 255 255 255 189 131 255 166 255 107 129 186
    255 138 24 255 255 255 72 255 255 255 255 255 184 223 255 227 34 255
    147 64 190 243 155 214 88 246 255 255 255 255 255 198 255 255 255
    104 234 255 67 44 255 204 255 132 116 44 255 239 120 19 108 31 255
    86 177 255 255 162 85 214 35 159 255 77 140 255 255 255 255 177 227
    255 255 153 61 217 255 255 127 106 159 188 255 72 164 2 180 255 210
    255 192 77 255 17 255 35 255 255 239 255 119 243 105 255 221 157 255
    104 182 146 255 255 214 0 255 110 255 57 255 182 255 255 155 255 255
    255 255 9 255 255 255 255 255 255 255 197 255 35 255 60 147 255 255
    25 255 34 255 255 240 163 255 62 255 2 255 255 255 34 125 255 255
    255 255 255 227 13 225 125 255 255 255 255 255 86 83 255 255 42 43
    84 214 255 31 255 255 63 255 127 255 255 248 255 255 217 255 120 255
    94 255 255 255 255 255 59 111 251 6 63 255 239 122 255 133 255 255
    135 41 255 255 87 255 33 135 242 255 170 140 243 68 130 2 255 255
    255 197 170 102 188 255 255 245 255 255 255 255 151 255 255 225 255
    59 255 247 28 255 33 255 255 243 255 37 255 91 255 50 176 249 255 47
    47 255 23 255 255 255 47 255 255 255 255 198 112 24 255 255 87 255
    255 24 255 237 252 255 29 255 49 112 255 255 170 255 70 255 131 106
    255 52 255 6 74 198 255 255 255 94 201 140 255 255 255 159 157 38 55
    144 151 25 255 255 255 255 110 137 127 94 255 236 163 96 63 255 235
    255 164 255 255 240 255 249 185 255 255 83 67 39 255 255 155 8 200
    255 151 123 138 255 108 255 21 255 199 32 255 255 255 255 144 100
    127 201 183 255 254 42 255 255 255 145 28 255 10 162 255 196 255 155
    51 37 255 255 17 255 255 255 130 223 255 255 255 74 153 255 166 242
    255 255 255 167 123 255 255 72 132 239 61 159 247 255 255 143 76 255
    243 255 236 31 255 255 14 22 255 255 255 255 212 203 255 255 240 161
    251 123 176 255 59 93 84 147 255 255 255 255 161 177 197 255 31 255
    255 255 255 255 255 255 106 87 36 255 255 255 255 255 255 47 255 255
    6 255 151 255 255 206 104 255 255 255 52 176 255 255 255 151 236 149
    168 138 183 237 2 87 96 245 255 245 255 255 208 255 255 188 18 255
    255 17 255 176 61 255 255 192 11 22 83 255 182 87 108 255 199 255
    255 255 0 255 42 189 255 255 255 69 179 210 255 206 255 157 199 155
    255 255 19 255 29 121 33 255 255 255 44 127 255 255 255 255 59 255
    255 33 255 35 255 255 2 255 2 172 186 255 182 109 208 255 255 255
    255 255 255 186 227 219 90 255 255 255 88 129 2 255 255 255 255 100
    255 225 55 180 255 255 255 206 2 255 230 255 255 99 147 4 255 251
    137 255 115 94 255 212 90 255 231 4 255 172 255 31 255 255 205 255
    114 18 255 239 255 255 51 37 255 255 81 77 255 205 255 208 31 255 71
    42 221 194 255 255 255 149 72 29 144 255 255 50 255 255 255 47 255
    255 119 255 212 255 227 255 255 82 164 255 239 255 255 255 255 255
    255 255 255 39 85 81 255 255 255 24 2 255 43 72 195 255 123 51 255
    37 255 255 255 117 10 101 9 255 92 202 255 255 193 165 142 232 255
    255 104 41 112 178 39 232 255 196 255 79 255 255 255 255 33 123 176
    255 134 123 182 208 255 255 255 255 151 255 116 255 255 151 96 51
    112 13 91 255 64 255 37 4 255 255 13 138 123 255 214 255 116 249 255
    255 255 255 225 28 186 158 13 255 96 255 37 255 255 255 255 238 90
    255 149 137 255 102 255 125 161 214 129 255 255 31 255 255 153 76
    255 17 60 225 255 255 59 164 206 231 255 79 255 255 255 255 79 255
    255 255 255 255 255 255 255 255 119 65 29 85 255 255 255 255 255 255
    255 255 240 233 255 255 255 98 132 155 217 255 255 221 255 255 255
    255 255 18 255 253 105 255 186 255 255 151 171 94 43 177 255 4 255
    57 112 255 4 255 147 255 255 127 255 137 125 246 255 252 255 255 74
    255 202 255 255 110 255 219 96 255 255 43 24 255 255 232 255 255 234
    125 255 255 255 255 50 23 219 142 104 104 255 170 206 31 89 94 17
    255 229 203 214 255 153 51 186 206 255 39 255 104 255 245 219 94 35
    255 255 255 255 243 255 255 255 255 255 153 255 221 255 144 96 6 255
    255 255 87 74 253 255 255 139 255 255 255 255 217 45 6 255 241 48
    255 255 255 255 255 223 13 196 255 142 255 255 255 204 255 64 255 83
    236 208 13 157 10 255 174 255 142 17 69 255 255 27 255 255 41 57 64
    210 11 79 204 255 91 255 255 255 241 74 140 110 232 106 184 255 79
    255 55 255 255 39 195 255 125 197 165 255 255 116 81 229 49 255 134
    255 255 79 118 230 240 59 234 255 255 255 219 12 255 255 231 41 102
    137 255 248 255 111 178 255 35 255 255 255 38 255 255 255 255 255
    255 255 255 60 159 35 255 208 140 64 241 255 255 255 170 255 255 255
    255 145 255 255 255 255 157 255 79 255 255 255 255 255 255 34 200
    158 255 168 162 117 194 255 255 255 255 8 255 216 255 161 255 255
    255 114 62 53 35 6 255 170 83 196 107 255 255 11 255 249 92 244 255
    136 204 57 255 255 202 255 136 255 135 51 255 255 255 217 15 255 255
    101 13 255 146 255 186 74 79 10 255 153 63 94 255 6 68 255 96 48 255
    184 214 255 121 135 64 255 255 15 153 158 15 255 249 255 98 50 255
    174 255 255 147 255 240 255 48 221 108 255 255 143 2 255 255 255 255
    104 254 76 67 144 255 92 255 60 20 6 248 186 164 255 255 255 255 255
    64 200 76 236 142 78 255 13 16 232 255 108 255 255 255 217 191 51
    122 115 255 255 11 255 116 255 149 255 255 255 112 255 123 255 255
    255 255 255 241 255 113 253 217 138 255 255 129 100 173 234 214 173
    255 188 103 255 255 255 15 255 127 43 63 57 255 35 255 68 255 0 70
    45 112 168 237 153 155 255 255 159 255 221 255 49 192 255 255 255 43
    255 255 255 65 255 4 255 210 255 255 83 255 63 131 159 233 7 255 196
    147 255 27 7 255 255 255 255 255 72 34 255 7 212 112 255 255 255 90
    255 255 122 255 255 255 255 63 255 255 76 255 125 72 168 255 255 182
    59 39 166 206 6 72 255 233 39 11 255 255 129 255 20 166 255 123 255
    255 238 255 49 255 255 255 255 255 143 255 255 255 9 255 255 199 32
    255 6 255 255 166 255 255 0 255 67 160 87 29 109 255 212 255 255 174
    255 180 214 252 255 255 255 215 108 255 132 255 15 214 255 103 248
    255 255 255 194 255 36 255 192 255 255 0 45 190 255 23 255 160 255
    255 255 123 67 255 193 63 238 255 255 255 96 127 96 49 57 39 172 255
    138 72 135 118 255 239 255 255 212 236 255 106 255 168 35 127 77 165
    114 161 2 11 25 63 255 51 255 26 140 214 53 255 72 255 255 255 255
    36 255 234 255 20 255 79 227 255 255 33 173 106 102 129 125 255 158
    255 96 227 255 255 255 77 233 255 59 182 255 140 255 255 79 255 255
    40 255 11 255 255 255 255 29 157 223 255 50 51 255 9 255 151 255 255
    255 255 255 255 83 232 210 255 110 206 195 91 233 193 23 255 238 102
    253 44 180 255 255 255 255 133 208 255 255 255 98 255 25 147 255 193
    255 120 255 255 17 25 255 182 144 92 186 255 39 208 255 255 109 195
    29 255 113 157 255 255 251 118 9 255 52 255 2 192 74 0 127 255 255
    177 100 255 255 136 39 37 119 255 28 255 255 255 17 255 116 244 255
    255 51 206 255 91 255 149 174 29 255 155 255 55 51 98 243 62 255 255
    93 18 255 79 200 55 164 255 72 255 255 255 206 255 255 125 255 255
    244 147 70 255 172 255 255 80 252 163 219 210 240 255 255 40 255 238
    255 255 162 110 69 24 164 255 221 125 255 182 255 168 68 255 16 255
    255 255 255 123 16 255 117 249 255 255 114 255 255 61 24 255 24 17
    255 255 42 255 255 255 255 25 255 255 255 186 255 84 255 242 255 109
    255 251 63 244 198 255 198 12 255 255 255 217 255 6 136 72 255 92
    255 108 255 72 255 85 255 6 255 170 255 96 255 255 182 255 255 255
    26 137 219 255 110 182 104 255 149 255 35 245 130 255 255 255 80 255
    8 255 255 255 231 255 170 255 255 255 255 255 74 135 255 255 76 255
    244 188 223 119 255 20 215 255 255 255 255 255 255 216 255 85 255
    255 255 82 255 136 255 255 117 255 114 255 255 192 187 178 255 255
    182 160 255 108 255 255 106 255 197 71 255 255 255 192 255 255 255
    251 43 210 91 163 223 215 255 255 170 255 31 43 180 192 255 255 255
    255 219 255 9 16 255 255 176 255 115 243 74 255 202 255 255 120 247
    229 206 255 255 255 255 149 194 225 123 255 255 255 255 221 255 255
    255 255 255 66 255 172 255 255 147 179 255 255 238 60 255 255 59 161
    255 255 18 6 40 145 255 127 94 151 110 255 255 151 255 255 200 255
    203 32 227 55 255 125 255 255 255 37 111 14 255 255 255 53 255 255
    147 255 255 255 255 137 255 106 14 11 255 190 255 255 223 255 246
    255 29 255 255 22 255 255 162 106 221 230 166 255 164 255 208 230
    189 243 208 181 63 255 255 255 255 255 255 255 180 176 227 255 255
    151 174 255 186 255 255 255 77 255 255 255 255 186 178 67 105 249 18
    99 51 82 255 255 196 255 255 255 64 255 157 81 255 255 168 227 255
    255 193 133 255 255 255 160 255 114 255 255 249 142 255 255 247 79
    92 255 104 255 63 115 108 158 26 255 255 255 255 255 255 255 255 76
    74 210 147 143 164 136 145 122 255 194 255 255 120 255 28 90 255 121
    123 255 180 255 70 255 239 255 255 151 48 248 118 255 166 239 255
    144 255 255 255 206 219 104 255 255 111 255 247 255 241 255 255 255
    255 255 255 153 255 255 255 234 255 245 255 33 111 255 255 181 255
    255 192 32 255 255 81 255 184 68 255 255 77 255 255 255 137 35 255
    219 255 255 255 72 255 255 72 140 239 195 72 255 109 204 255 214 111
    94 255 255 255 50 255 178 255 255 255 255 255 255 81 200 255 177 255
    8 42 255 80 255 255 206 127 25 120 22 255 137 255 255 255 149 55 255
    136 255 255 255 255 255 138 255 255 17 255 131 53 255 255 236 255
    255 76 153 255 255 255 2 255 57 255 230 236 255 131 255 149 221 255
    12 255 255 4 182 159 143 208 72 255 255 225 53 129 255 255 57 2 255
    255 255 0 255 51 161 112 159 186 162 255 63 255 217 163 238 110 255
    255 246 72 255 176 6 255 221 255 44 255 255 255 255 255 39 187 172
    133 255 129 59 255 255 120 255 204 118 244 255 255 210 255 140 255
    237 138 130 255 255 255 149 238 255 255 41 255 16 31 40 12 255 255
    51 57 223 198 70 204 63 31 255 235 255 8 255 87 255 255 255 68 255
    255 255 208 255 255 255 158 255 118 255 255 255 127 123 121 255 255
    137 255 255 255 129 253 255 255 255 114 210 232 121 94 106 255 50 98
    255 157 113 255 212 6 255 255 151 255 249 255 167 236 76 125 255 255
    255 255 255 204 114 26 255 144 242 255 81 255 255 105 255 43 255 255
    172 255 197 255 255 255 255 255 255 37 255 146 255 255 255 255 88
    255 253 255 76 255 53 255 255 255 138 112 42 249 94 136 47 255 88
    255 255 92 36 210 251 168 255 33 223 100 255 255 255 236 40 223 44
    255 255 255 125 37 144 147 110 238 51 255 166 255 255 236 255 255
    151 100 255 184 255 20 255 255 255 50 255 255 255 255 255 255 253
    196 238 255 255 255 255 2 149 104 255 48 55 255 157 151 255 147 74
    206 255 127 255 255 255 255 199 255 137 53 255 6 255 255 0 255 255
    255 255 240 45 255 113 178 255 255 255 129 255 18 221 117 202 255
    170 127 99 255 27 255 255 255 66 255 255 255 255 67 162 255 212 255
    91 255 255 255 255 255 255 110 255 19 6 255 255 255 255 255 241 255
    255 255 255 255 255 230 255 210 255 255 255 255 255 219 184 255 255
    255 200 72 255 43 255 255 255 41 129 11 243 252 255 255 205 255 65
    125 255 6 4 255 155 255 255 25 158 89 61 255 255 98 2 87 255 31 2
    255 136 255 255 232 77 255 77 43 231 255 232 67 255 255 255 255 255
    225 255 83 16 205 185 22 255 255 86 255 255 255 255 193 255 18 219
    202 255 255 33 177 157 196 193 115 255 33 242 255 29 255 255 105 195
    239 255 9 157 94 242 255 70 6 172 255 96 14 255 134 255 255 240 255
    61 255 255 221 136 84 255 255 43 179 134 255 255 180 255 193 255 255
    136 149 25 144 255 212 214 255 255 255 136 255 255 21 237 255 4 255
    107 153 208 15 255 255 0 170 90 255 255 255 255 255 233 18 49 255 68
    26 255 240 217 251 221 26 255 255 174 255 151 255 255 255 255 2 46
    115 255 255 255 255 255 214 16 255 255 255 33 248 255 35 87 135 157
    115 229 255 255 16 142 106 88 255 255 210 255 180 255 255 221 200
    255 181 255 255 255 255 87 151 53 44 11 255 240 178 255 255 255 255
    46 119 255 210 21 255 255 204 255 255 149 190 255 255 255 221 255
    121 103 255 108 255 96 229 142 96 243 252 172 255 136 30 4 255 208
    255 255 255 110 255 255 84 255 246 14 85 255 255 255 255 255 85 21
    190 255 255 255 199 255 255 255 255 255 252 166 223 18 223 249 255
    255 255 255 26 255 255 185 255 197 77 100 122 255 255 227 255 147
    151 166 6 208 255 192 255 79 255 203 255 255 201 255 255 79 255 167
    255 255 69 208 183 255 255 255 255 35 104 159 255 185 223 186 255 59
    255 255 249 255 255 251 255 255 106 170 104 208 255 255 229 57 255
    255 255 255 255 120 255 255 193 11 255 88 255 255 255 117 255 28 255
    235 195 144 225 57 9 255 13 255 255 55 238 241 255 232 255 255 168
    80 182 202 84 4 166 255 255 176 255 255 255 255 255 255 165 53 255
    255 125 81 74 255 255 255 255 232 71 255 232 255 255 178 255 15 255
    255 255 255 139 255 21 208 74 170 243 11 255 255 188 255 76 155 198
    67 255 57 188 107 255 120 44 72 255 255 255 255 255 134 196 120 132
    255 238 225 53 50 255 43 255 255 141 64 255 12 245 159 255 90 255
    255 135 55 216 255 255 210 255 255 255 125 255 212 255 64 255 255
    225 255 120 255 255 123 255 255 255 136 170 50 255 255 255 255 20
    236 189 35 255 255 255 255 187 255 188 255 255 131 255 255 50 34 155
    76 229 255 99 255 255 255 72 49 255 255 255 255 255 255 255 255 221
    50 255 145 111 255 255 255 23 255 255 6 255 157 255 255 255 206 255
    131 255 255 7 255 141 255 255 176 255 217 184 33 200 255 255 255 255
    129 140 0 255 144 255 151 255 235 74 106 118 255 187 255 70 66 255
    208 255 255 127 255 172 122 136 88 203 25 4 255 255 137 120 111 184
    255 40 255 147 255 59 255 255 255 255 212 255 133 215 255 212 96 10
    255 255 104 208 183 31 255 255 194 18 17 255 6 77 16 255 238 229 255
    125 255 105 255 16 255 83 255 234 180 241 221 255 186 111 214 188 98
    255 243 99 255 255 52 255 255 255 45 255 24 255 131 245 255 255 255
    255 253 66 255 255 197 161 255 255 189 96 50 255 157 103 236 39 255
    255 255 251 204 186 251 79 255 79 251 12 164 227 45 179 93 255 255
    255 255 72 255 255 255 255 255 255 185 182 255 255 47 252 255 123 22
    255 255 63 121 255 255 129 255 255 255 255 251 123 127 255 100 255
    255 132 255 255 238 217 140 34 255 146 176 239 0 255 255 149 255 255
    255 255 55 66 255 94 255 85 165 228 255 43 162 60 255 103 255 255
    203 155 255 255 255 127 255 255 255 217 246 255 255 15 255 255 255
    255 255 164 69 255 255 114 112 255 92 55 255 14 255 125 255 182 96
    255 7 255 255 48 123 212 255 157 112 173 255 39 255 255 255 255 255
    184 255 255 63 160 255 110 255 255 255 170 255 10 255 64 88 96 144
    10 255 221 255 112 255 20 61 208 255 255 255 39 13 251 45 11 255 255
    157 255 72 255 13 143 255 104 255 168 106 39 247 255 255 255 255 255
    255 255 157 147 234 67 18 102 255 227 62 255 232 255 255 173 255 255
    195 4 255 255 255 188 171 189 78 255 255 200 122 123 255 255 57 251
    70 77 22 120 255 255 255 134 255 255 104 55 221 255 192 24 255 255
    219 181 255 255 255 147 255 212 65 255 206 161 255 255 255 83 255
    255 234 255 255 255 89 43 255 181 255 230 123 41 255 255 247 92 94
    149 184 255 172 255 255 31 255 0 255 255 255 24 127 125 255 255 255
    255 135 232 104 223 255 61 41 76 61 251 53 255 15 255 127 255 149 43
    188 119 255 255 251 255 230 255 255 255 255 255 166 119 255 255 94
    255 142 255 131 142 255 163 255 255 255 255 49 255 83 255 255 255
    159 102 255 255 153 243 255 255 168 255 69 225 193 63 123 161 255
    243 255 255 70 255 170 255 102 255 255 255 78 255 81 255 251 60 59
    255 255 255 255 178 37 122 255 255 255 172 53 255 57 255 255 26 24
    120 255 172 6 255 255 184 72 104 252 255 59 255 36 255 255 255 49
    255 166 82 212 87 53 255 70 255 182 111 255 155 255 255 68 181 255
    255 253 112 177 255 125 219 98 125 2 217 255 255 151 255 31 174 10
    37 125 255 255 255 255 255 255 255 146 170 165 177 255 255 255 255
    255 255 255 255 255 163 255 255 234 255 255 8 217 98 202 27 118 28
    255 255 108 255 241 255 255 255 104 255 255 21 33 255 45 161 182 255
    72 164 144 255 171 200 198 255 255 255 255 17 255 162 255 255 171
    255 255 255 255 210 153 174 198 166 212 153 255 127 255 255 15 22
    255 232 63 135 57 255 255 163 255 111 255 57 99 255 210 42 255 255
    155 255 151 0 255 10 144 255 57 96 94 106 255 198 123 112 255 235
    255 255 255 116 185 155 255 129 255 255 255 121 208 193 255 252 197
    139 240 255 255 107 255 255 255 255 255 101 91 255 255 255 255 255
    255 255 255 255 255 255 60 255 255 225 255 255 255 141 255 255 80
    255 255 255 179 255 219 255 255 255 255 180 210 247 249 200 92 255
    76 166 215 212 255 72 0 255 255 94 255 11 127 255 123 255 177 93 255
    255 238 255 7 8 59 255 255 225 120 255 255 164 221 163 166 251 255
    255 255 180 87 255 255 255 255 204 227 215 41 255 255 110 64 255 180
    255 255 255 11 255 53 22 4 27 217 13 172 255 125 188 255 47 47 20
    255 163 255 255 255 186 255 255 255 229 114 255 19 255 142 98 255
    255 255 151 164 255 255 255 255 255 255 255 255 181 9 180 157 255 25
    255 255 255 255 191 43 96 255 37 18 255 255 255 55 29 255 113 200 99
    255 255 255 176 255 85 9 255 255 255 231 255 242 255 214 108 86 255
    255 123 255 244 227 9 255 255 35 81 241 138 255 255 90 255 63 255
    227 255 181 21 145 118 68 255 255 255 255 255 197 120 255 255 208 13
    255 255 255 183 80 41 255 255 255 68 255 2 251 0 77 28 141 197 45
    255 243 231 255 255 255 6 146 130 247 166 255 61 255 255 255 83 47
    255 112 255 255 22 255 186 74 221 84 28 206 204 255 164 159 41 70
    210 214 153 255 255 255 249 255 104 129 177 206 98 0 232 255 48 255
    123 255 62 255 255 146 51 37 200 251 103 255 255 219 215 57 255 36
    255 64 255 94 255 255 255 179 40 96 254 255 153 216 255 221 255 149
    255 157 51 22 92 255 255 255 64 116 206 28 143 227 255 92 255 255
    255 254 255 255 255 147 233 149 255 25 133 255 243 197 244 255 85
    255 176 255 176 71 255 49 174 171 255 196 151 255 255 255 255 255
    255 255 237 255 40 102 255 255 131 11 255 178 146 113 172 255 255
    255 18 32 104 44 255 255 255 43 255 255 94 190 238 94 45 255 255 106
    206 255 255 109 153 174 13 255 114 221 255 255 255 215 255 255 117
    249 13 142 255 255 164 255 255 255 255 125 38 237 255 87 137 118 255
    59 255 32 255 70 255 159 255 255 255 255 255 255 52 255 255 255 255
    255 255 170 255 255 180 255 74 197 0 184 255 255 255 185 25 52 255
    176 255 251 18 255 255 163 199 151 67 255 168 255 136 200 165 255 19
    214 179 104 206 0 255 63 64 255 33 160 244 255 255 168 249 181 17
    168 255 255 255 255 255 55 199 255 98 74 255 202 255 197 255 255 129
    186 103 255 255 181 144 123 79 255 255 157 255 4 255 255 149 98 161
    255 158 32 114 255 255 2 205 253 255 255 147 255 17 255 255 6 255
    161 190 255 255 255 100 27 232 255 255 255 255 255 255 255 255 255
    74 227 101 189 255 193 32 255 255 134 180 255 255 255 208 176 255
    112 206 255 255 49 216 144 161 255 171 64 255 120 9 255 251 255 59
    94 19 255 255 4 255 170 255 255 255 255 255 255 255 255 24 255 14
    255 255 184 116 255 120 255 87 255 255 68 255 255 26 255 255 255 251
    255 255 255 74 217 255 240 193 153 255 255 120 164 11 255 255 140
    255 255 183 241 135 255 255 255 77 25 255 21 255 255 255 255 255 255
    231 76 255 249 255 255 170 255 55 53 255 98 135 7 255 255 219 255
    106 255 183 255 255 168 172 255 55 255 255 11 255 138 255 255 255
    149 53 255 255 123 255 255 53 255 93 63 131 168 255 208 255 108 13
    255 255 72 255 253 122 183 94 18 197 255 255 227 65 158 206 200 255
    255 255 255 0 84 255 255 255 29 83 255 157 255 229 0 227 255 214 255
    255 255 255 192 57 210 247 57 219 96 208 255 239 33 255 102 170 62
    72 149 255 255 13 30 135 255 255 35 105 255 255 255 255 41 177 255
    255 103 255 255 255 255 233 72 49 31 219 140 255 255 255 125 255 11
    223 255 255 180 55 59 22 79 93 255 6 26 225 20 255 255 255 17 243
    136 176 255 255 6 255 201 248 255 210 232 24 116 0 216 182 255 25 0
    255 255 29 255 80 255 174 255 240 255 255 13 255 255 55 255 255 255
    74 255 255 147 255 255 255 255 155 255 255 255 255 255 109 55 153
    255 79 255 125 240 49 160 215 129 255 66 255 255 255 255 255 38 163
    255 159 237 255 255 39 61 255 112 251 221 255 255 64 184 255 234 255
    243 255 255 252 96 255 255 255 255 210 255 45 212 255 255 255 2 123
    255 255 178 26 255 253 255 38 255 210 255 255 255 197 131 255 138
    245 153 255 255 255 255 133 168 255 255 255 91 149 255 102 255 42
    255 255 255 255 255 255 180 255 255 255 108 15 255 255 203 255 255
    255 180 255 255 255 255 99 255 178 255 255 143 46 242 255 179 255
    255 112 200 255 66 255 255 61 176 255 223 255 143 170 172 255 240
    255 176 227 255 153 255 255 241 255 215 255 255 255 74 9 255 255 50
    255 141 193 91 255 255 255 255 197 255 145 255 110 92 219 255 255
    127 202 255 255 255 255 255 19 98 83 255 125 255 255 10 255 113 255
    255 255 255 255 0 255 236 255 69 255 255 43 35 76 198 41 221 41 29
    168 255 255 210 204 255 255 190 166 255 255 105 26 145 64 77 255 238
    255 129 223 72 255 186 255 255 90 255 127 255 132 255 255 255 180 18
    255 6 138 255 255 44 130 255 179 185 174 116 255 255 255 255 194 255
    255 255 17 255 186 64 113 251 234 255 41 255 255 24 255 210 223 90
    87 255 255 76 210 255 255 255 255 234 47 188 51 14 50 172 255 9 219
    151 63 255 255 149 100 51 255 94 255 255 113 206 255 255 255 37 49
    255 255 255 27 28 200 255 255 202 255 48 255 184 255 255 255 98 255
    106 136 91 204 255 212 255 255 255 225 31 30 51 255 255 35 255 21
    255 184 251 212 255 255 235 255 255 120 255 115 59 255 91 25 216 255
    217 66 72 219 225 255 110 127 255 255 186 198 255 255 255 200 11 83
    59 96 255 255 177 255 255 64 255 255 197 172 255 255 231 255 255 136
    80 255 85 69 147 70 76 255 100 147 255 255 255 255 255 255 255 121
    206 255 255 135 151 9 255 255 185 202 255 60 125 92 70 43 85 132 194
    255 94 24 255 255 255 255 255 255 157 60 163 255 100 198 111 255 157
    17 123 255 193 255 90 255 255 147 255 144 255 255 255 255 255 121 6
    255 202 255 101 76 255 221 255 214 210 144 174 225 212 49 255 255
    255 50 68 190 186 215 255 255 138 255 255 255 10 255 40 29 255 111 0
    255 255 59 255 255 25 255 255 255 17 242 255 255 72 255 255 206 198
    254 248 255 255 255 4 255 255 159 255 255 255 118 89 243 170 81 253
    66 51 255 255 255 255 255 255 255 245 174 237 255 2 237 22 255 255
    255 96 114 255 104 255 107 255 255 212 32 255 120 121 255 255 181
    198 255 255 255 53 255 76 255 189 161 107 144 255 164 129 131 255
    255 129 255 147 29 83 255 4 255 253 47 87 208 16 87 255 76 136 255
    255 206 255 110 4 255 255 76 255 255 255 62 255 255 234 255 79 113
    255 255 36 82 255 255 161 254 217 247 59 212 255 255 255 255 255 149
    241 255 11 255 255 123 255 192 255 255 255 119 74 205 255 255 255
    255 255 105 136 255 83 180 255 2 255 196 133 255 255 79 246 214 162
    255 253 53 45 194 230 140 67 101 255 72 0 104 157 205 255 255 255 21
    255 31 255 157 41 219 31 255 40 219 158 25 255 255 64 255 160 255
    255 96 153 25 24 74 33 188 255 255 255 255 255 48 111 139 255 123
    255 255 255 45 153 104 255 255 255 255 168 255 255 230 234 4 160 255
    255 255 255 255 255 255 255 255 255 167 201 195 78 243 219 114 255
    76 255 2 81 255 255 255 63 255 255 255 255 8 39 255 104 176 255 255
    12 118 255 255 181 157 53 255 255 94 255 204 255 155 32 145 182 255
    255 221 30 8 123 255 255 227 64 231 255 255 255 255 255 78 255 119
    255 255 104 255 197 255 255 255 102 145 50 66 55 155 255 172 135 117
    120 112 174 100 255 221 255 35 77 255 35 66 94 255 255 255 255 255
    255 149 255 255 255 51 49 214 193 216 151 255 35 255 255 147 20 62
    255 255 255 157 177 255 255 255 225 255 26 45 255 255 15 255 193 198
    243 255 17 143 22 221 255 0 200 255 255 255 53 153 4 255 76 161 241
    0 255 255 255 77 67 190 191 255 255 32 255 111 147 255 255 255 255
    255 187 255 252 144 243 171 255 129 245 74 202 197 255 255 255 255
    219 179 2 255 79 208 10 241 255 255 234 255 153 255 255 67 255 4 255
    255 111 108 96 62 2 201 255 255 112 217 255 57 13 104 243 38 151 255
    93 255 255 255 182 255 151 255 234 255 255 255 255 255 255 138 186
    249 53 57 64 255 196 255 255 255 255 255 55 39 153 167 255 79 235
    255 2 214 66 166 172 147 255 255 46 136 255 53 255 255 188 2 255 214
    255 139 212 255 255 59 6 255 255 66 6 255 57 255 255 255 255 255 40
    167 255 142 104 83 255 255 94 91 125 26 153 255 249 119 84 255 153
    100 158 255 206 255 106 245 255 217 22 255 255 255 255 255 41 61 172
    255 255 210 221 255 47 241 193 19 8 255 255 255 186 164 221 197 234
    57 255 255 255 238 255 255 255 255 84 105 210 131 146 255 57 255 255
    123 255 255 65 255 255 45 88 248 255 255 255 78 255 66 255 255 183
    255 208 255 45 179 255 227 195 255 206 70 255 255 255 110 255 255
    255 255 99 57 65 255 255 255 255 255 210 112 249 255 255 253 245 140
    83 255 255 255 255 255 255 88 255 255 255 217 189 255 255 255 255
    255 255 255 255 255 241 7 255 27 255 255 14 254 36 255 255 255 255
    255 23 43 48 255 161 255 255 22 255 255 210 255 193 255 109 47 192
    118 172 255 149 255 24 243 255 74 203 255 255 255 210 255 188 119
    245 63 64 67 255 255 255 166 189 161 230 255 255 255 253 255 255 147
    255 88 255 208 123 172 131 255 189 227 255 17 255 255 255 255 217 53
    255 255 255 255 255 255 255 29 255 255 255 255 33 255 79 163 255 255
    255 252 255 219 252 146 53 31 255 208 255 217 186 42 142 108 48 255
    255 197 255 255 138 187 155 87 28 110 166 197 255 255 255 235 24 221
    180 64 255 255 88 255 255 255 74 255 135 153 153 255 255 59 255 164
    255 225 249 255 24 204 255 205 255 255 255 30 255 26 255 143 223 255
    255 255 15 255 255 255 255 28 255 255 255 93 6 255 255 255 255 23
    255 199 255 255 173 6 159 44 255 255 255 255 225 203 255 131 255 236
    188 153 215 18 255 255 133 255 255 255 255 255 255 114 8 255 255 93
    255 7 255 29 22 255 29 255 255 147 255 157 131 164 255 255 129 42
    255 249 155 255 255 111 255 255 74 141 255 255 255 255 255 255 255
    255 145 203 255 74 255 19 102 53 193 76 41 255 255 255 251 255 186
    125 255 255 255 82 255 28 255 127 255 255 77 94 198 103 255 255 64
    30 255 255 217 200 123 255 253 255 23 135 138 255 255 255 255 255
    127 45 31 157 123 14 99 100 255 33 193 24 61 251 255 206 255 255 212
    221 255 255 242 139 203 255 88 255 174 255 118 255 2 255 6 255 255
    217 24 255 255 255 255 236 10 255 255 255 255 255 255 255 255 255
    247 255 255 255 255 255 171 89 255 203 255 35 168 255 227 251 51 255
    225 49 255 217 36 174 255 225 86 55 127 255 255 248 100 136 255 51
    255 127 27 255 110 174 249 215 14 243 15 255 155 164 86 107 255 255
    255 255 255 201 255 255 247 68 255 41 255 39 245 72 255 122 244 202
    255 32 33 255 206 255 201 215 149 252 255 45 155 96 27 85 255 255
    255 185 249 87 255 149 140 255 251 153 151 12 255 208 20 255 255 217
    255 255 245 255 255 255 255 121 100 255 36 255 255 59 194 255 255
    255 255 149 149 255 255 255 238 255 255 85 255 255 103 255 86 22 159
    223 118 255 47 98 100 255 158 255 255 122 255 235 68 8 135 251 76
    255 255 161 141 234 255 255 223 255 14 255 98 255 255 255 255 238
    255 255 255 51 192 255 255 255 255 125 255 255 255 255 255 94 208 26
    255 255 129 255 255 255 28 247 136 45 255 255 255 255 72 255 249 255
    55 255 111 159 90 28 255 174 168 255 12 255 8 255 227 255 255 228
    255 255 212 255 255 255 74 237 18 255 255 255 255 255 255 255 247
    255 255 255 53 110 255 255 255 10 109 255 110 255 255 139 255 138
    255 255 140 96 255 149 255 138 255 98 255 72 27 17 232 255 255 223
    108 255 106 65 255 25 255 22 255 116 255 249 118 255 108 255 255 98
    243 255 255 168 168 121 239 17 183 204 188 255 255 171 206 255 114
    255 35 120 51 255 255 255 255 131 236 255 87 255 168 122 255 35 255
    255 133 255 255 255 111 255 233 255 25 8 255 79 255 135 42 255 109
    255 255 255 225 202 255 2 251 255 255 255 252 9 255 64 255 255 255
    255 255 255 240 163 18 77 168 223 91 255 255 77 255 255 255 137 160
    181 133 255 255 255 44 255 255 28 255 176 255 87 186 188 70 161 170
    229 255 33 255 255 46 255 255 255 255 255 90 255 255 135 36 255 98
    227 255 81 255 35 103 77 92 255 2 255 255 202 255 2 244 255 255 170
    121 255 155 49 255 193 255 26 255 221 175 231 143 179 161 255 0 255
    255 252 244 255 255 174 18 118 255 202 140 255 255 31 255 82 255 151
    94 255 255 255 13 231 61 255 215 178 109 255 78 88 255 131 255 255
    255 70 255 255 255 255 255 53 189 255 255 214 255 252 255 255 26 255
    255 79 225 39 217 255 255 33 127 255 255 255 14 255 17 255 205 106
    255 101 255 255 234 212 255 88 129 59 217 255 255 255 62 216 255 255
    221 255 255 92 255 146 155 64 68 255 255 255 255 88 125 255 136 129
    57 168 255 200 255 130 172 234 255 255 255 115 241 255 255 255 39
    159 202 255 91 255 193 249 123 255 55 255 255 255 217 157 146 33 59
    53 255 255 255 255 188 89 163 116 255 33 90 255 170 255 255 255 251
    255 221 255 98 255 99 47 239 255 255 243 255 255 174 76 255 100 255
    229 6 255 255 153 199 49 255 255 83 255 255 255 106 125 227 59 41
    236 255 255 157 223 255 255 184 254 255 65 123 9 165 22 225 120 255
    146 96 255 255 110 44 40 255 255 108 255 255 110 255 255 168 86 142
    255 27 153 155 255 251 255 255 175 255 255 64 255 255 186 89 255 255
    110 255 255 59 255 64 149 10 255 217 237 255 255 255 125 185 255 24
    255 255 255 15 223 18 255 147 238 40 206 255 8 49 255 232 255 255
    155 255 255 255 255 255 102 151 255 255 12 181 151 155 255 255 255
    255 130 255 138 164 255 85 172 102 94 255 147 81 255 255 255 227 121
    255 123 255 17 255 255 24 197 147 255 255 143 171 83 145 255 255 255
    227 129 251 251 255 182 151 236 255 177 111 255 221 255 255 120 255
    255 255 255 255 255 255 29 64 255 255 53 255 255 98 255 184 255 9
    249 81 255 255 255 26 208 135 240 255 42 255 255 83 2 29 245 255 255
    157 255 53 140 255 180 203 255 49 255 255 149 142 255 255 255 255
    255 109 166 114 255 255 255 255 25 239 255 221 255 216 55 208 74 172
    217 210 60 255 162 57 118 13 255 80 151 32 255 105 255 255 255 255
    41 255 255 255 92 159 139 41 147 255 206 113 255 192 255 255 87 13
    255 255 255 12 255 255 88 255 151 255 255 57 255 111 255 108 29 255
    255 42 255 255 255 255 255 255 255 206 252 119 255 109 255 255 92
    210 255 255 229 255 255 255 255 136 255 255 166 255 255 28 255 255
    249 36 255 42 49 255 87 255 255 255 178 255 255 255 221 210 19 72
    255 255 12 7 168 0 7 132 155 255 45 255 232 255 255 255 53 139 255
    255 255 123 255 255 255 255 255 255 255 137 255 134 255 57 255 255
    112 108 53 146 255 106 255 255 255 255 77 33 53 53 202 255 79 118
    255 255 141 105 66 168 90 255 167 255 193 51 92 32 123 116 244 255 7
    255 255 255 255 29 255 110 16 125 255 163 255 55 121 232 255 239 255
    138 133 255 244 255 149 255 151 255 191 255 133 251 255 255 172 125
    29 255 139 195 255 255 255 253 49 197 38 255 255 180 255 28 147 255
    255 57 208 2 255 255 245 204 255 255 255 255 151 225 255 255 255 225
    158 255 255 85 255 223 214 32 167 255 91 255 33 42 255 255 217 255
    179 151 255 212 25 153 255 255 247 76 255 192 255 166 255 50 130 255
    255 255 88 4 74 255 201 181 255 66 255 255 255 214 233 210 255 255
    255 255 255 112 178 255 255 151 255 255 229 194 223 87 255 155 255
    31 85 17 231 255 117 96 255 255 118 173 19 255 118 255 255 255 0 96
    0 195 198 181 255 255 146 255 255 255 60 245 255 255 255 193 255 255
    217 255 137 182 15 186 249 11 255 255 132 59 255 36 255 29 151 239
    255 221 255 255 255 255 255 23 255 99 236 255 63 96 198 230 255 255
    111 47 98 208 249 255 255 36 255 255 251 255 255 255 255 255 225 255
    247 255 255 232 255 255 255 134 72 245 255 255 255 163 255 162 191
    255 252 255 255 146 138 182 66 255 255 175 255 255 142 255 251 214
    255 255 255 51 255 240 42 57 255 255 133 255 174 72 227 255 86 99
    255 49 140 255 255 255 255 235 203 255 255 46 155 255 255 255 165
    255 255 116 255 255 255 255 255 255 255 13 22 255 255 80 111 255 67
    42 255 255 255 255 255 0 42 84 129 221 255 160 255 255 255 195 184
    255 106 69 255 168 255 212 255 255 76 255 255 138 229 255 255 255
    255 255 255 255 247 255 255 15 255 255 241 249 255 255 251 255 98
    255 188 50 30 255 255 255 174 225 40 255 245 255 255 15 155 216 255
    255 41 171 255 29 255 255 16 255 157 255 255 142 231 255 255 255 255
    255 255 255 255 255 255 225 16 255 255 194 255 77 214 101 198 49 155
    255 4 35 255 255 255 40 20 255 174 255 255 255 255 255 144 4 255 255
    127 147 255 120 6 180 255 188 136 255 41 72 65 28 219 255 136 255
    219 255 70 116 255 255 255 255 168 255 122 64 231 24 132 239 255 251
    102 255 255 255 118 255 145 122 248 127 255 0 255 11 242 255 50 255
    149 101 255 129 255 255 255 105 193 188 255 255 255 255 227 255 255
    255 216 87 6 176 255 30 255 247 159 255 255 130 80 234 255 123 255
    110 233 255 255 255 41 255 200 35 255 165 255 47 255 232 198 127 255
    2 168 255 136 255 255 255 112 255 255 255 255 115 255 219 255 86 255
    153 102 140 255 255 255 180 18 96 255 255 109 23 200 166 244 255 96
    255 255 35 81 255 221 100 255 120 236 255 255 255 196 255 42 255 241
    255 168 255 170 255 255 255 255 255 166 253 255 255 255 168 76 110
    112 255 241 255 255 255 255 255 223 255 57 255 255 255 255 255 43
    180 255 255 255 166 49 255 142 198 255 255 151 31 105 170 243 255 0
    255 255 255 255 255 255 255 255 255 190 142 255 255 251 255 255 29
    255 255 76 255 139 255 66 255 247 187 255 255 255 255 255 208 176
    144 255 255 255 11 255 255 255 255 255 2 239 188 255 25 6 30 255 255
    42 255 247 255 255 136 255 31 245 255 22 255 255 112 170 255 255 59
    74 214 46 166 88 255 255 20 255 255 255 255 183 255 61 206 31 255
    255 190 255 17 255 255 19 123 129 255 255 81 117 127 255 19 255 24
    255 247 255 255 145 63 183 255 17 255 243 205 255 141 205 132 255
    255 38 255 131 255 212 99 23 184 255 255 188 136 21 163 46 100 255
    255 255 120 255 255 255 22 246 255 255 9 149 247 43 255 151 255 141
    177 87 255 255 11 255 243 36 255 160 6 137 111 244 255 199 202 255
    28 26 255 255 28 255 24 2 255 255 255 8 138 66 4 255 255 255 255 255
    255 217 79 255 81 113 255 255 255 255 90 255 69 255 240 255 255 204
    22 182 255 255 234 255 255 173 189 255 255 96 243 168 45 155 255 15
    255 160 255 78 212 255 255 147 110 188 255 106 255 199 2 255 192 142
    90 17 100 4 255 200 33 255 255 255 255 255 255 255 60 255 129 255
    221 193 255 80 212 255 231 146 255 243 255 229 24 120 255 255 105 64
    255 133 174 255 90 255 121 255 255 57 255 255 255 131 255 239 61 255
    78 230 227 221 255 23 223 192 255 255 216 129 45 255 255 25 61 85
    255 208 255 53 227 255 255 219 244 145 52 21 255 255 255 65 29 159
    118 255 255 2 225 17 129 26 255 255 87 255 255 112 147 255 255 255
    255 255 77 39 146 255 255 247 255 255 255 255 206 255 231 37 255 255
    4 255 49 255 228 255 184 255 181 135 255 255 255 74 255 110 131 255
    255 255 91 255 255 255 255 255 255 255 48 232 22 255 197 45 255 255
    255 255 238 172 255 255 255 255 134 255 138 195 49 249 255 255 255
    255 255 255 72 255 61 202 255 155 255 206 255 217 208 255 255 88 72
    255 151 255 255 255 205 94 255 255 255 255 136 255 255 255 231 116
    255 178 255 255 255 200 255 255 125 77 102 255 255 255 188 255 255
    170 164 231 255 255 255 212 255 255 255 199 255 255 255 255 184 87
    204 255 255 176 255 255 174 255 255 146 27 57 26 255 255 255 206 210
    111 255 160 255 196 255 66 255 255 142 255 85 132 255 105 255 118 77
    21 255 255 176 255 255 255 16 255 221 255 255 166 71 240 255 255 190
    13 170 228 255 25 255 255 255 53 255 69 255 200 153 255 255 12 212
    255 57 255 255 255 255 130 255 255 255 255 181 255 196 255 255 255
    131 9 255 255 255 251 4 255 145 236 13 212 255 76 49 4 234 255 255
    255 116 255 129 255 255 221 255 255 85 198 255 53 184 255 164 145
    255 255 255 42 164 255 63 4 104 255 225 157 255 183 243 216 255 221
    173 68 255 255 164 100 255 212 118 255 40 255 255 174 255 206 255
    121 255 255 255 255 83 212 255 25 74 33 255 255 210 76 255 181 197
    255 255 255 255 227 255 255 255 255 182 255 255 165 41 255 249 206
    59 184 255 146 255 55 34 255 255 104 255 158 255 29 50 62 255 255
    157 255 125 208 25 146 255 255 247 123 149 255 255 255 166 255 255
    179 255 255 255 255 255 186 255 255 255 93 255 29 255 255 255 40 237
    9 255 92 151 255 255 129 172 153 255 238 255 227 255 12 227 255 255
    255 255 69 175 255 157 255 38 255 195 91 163 236 255 255 166 255 143
    255 255 255 186 229 198 255 110 94 76 43 255 2 64 255 255 238 190
    255 255 237 112 232 255 255 255 255 203 119 231 255 2 255 158 15 108
    101 255 200 255 255 53 206 255 255 255 8 39 203 96 255 255 255 43 24
    189 255 24 255 255 255 172 255 255 198 255 29 115 178 255 26 133 255
    45 35 255 255 206 116 255 208 255 255 233 66 255 45 255 255 255 155
    9 255 255 98 249 255 236 255 255 255 217 255 191 255 255 255 255 199
    68 255 255 166 161 48 255 67 255 255 255 255 215 8 212 255 255 192
    229 74 255 255 190 26 255 255 255 32 88 76 25 78 255 108 255 210 17
    65 255 26 106 255 77 255 92 255 255 255 36 255 255 253 255 255 77 29
    255 74 41 109 255 255 255 255 255 160 94 255 255 255 255 88 240 172
    175 215 204 201 121 167 238 85 165 166 255 92 142 255 188 116 244
    255 255 255 25 255 238 255 105 200 255 252 255 82 255 255 255 255
    187 35 255 255 255 255 255 229 219 89 255 164 251 172 255 187 255
    123 255 255 255 255 71 255 255 41 188 132 168 223 255 104 255 155
    255 168 255 255 255 55 112 225 255 255 171 51 255 252 94 184 255 255
    239 255 204 102 255 11 255 112 255 255 101 255 76 216 255 255 255
    255 210 214 4 96 255 164 255 114 8 255 81 255 255 96 255 255 255 246
    255 236 13 255 255 255 6 216 55 131 151 255 255 255 255 137 240 255
    255 255 159 69 74 255 255 107 255 135 236 255 255 61 255 47 255 23
    147 255 51 216 230 255 255 255 125 168 255 255 255 48 70 255 52 146
    255 255 68 255 184 147 255 122 127 255 190 166 155 85 151 29 92 255
    104 255 227 116 255 255 65 255 30 65 192 77 71 255 255 155 39 136
    255 39 19 208 164 191 255 99 53 202 255 255 255 203 255 255 255 183
    182 255 43 223 243 255 29 255 255 59 255 255 141 107 110 255 255 255
    114 255 255 255 255 255 255 214 183 212 255 255 255 147 200 255 255
    117 100 136 53 135 53 255 125 255 255 90 251 206 255 146 100 139 255
    255 165 255 255 243 255 225 174 255 255 20 255 225 147 70 15 255 52
    19 255 46 215 255 255 229 255 255 30 255 197 255 255 74 255 219 184
    255 255 255 255 88 255 255 74 255 255 8 105 255 182 255 23 216 88 43
    255 197 255 104 4 187 255 255 255 255 255 249 186 179 255 255 129
    255 255 255 255 123 255 255 251 85 246 59 255 255 82 255 255 255 146
    255 255 41 11 20 216 255 229 6 66 80 255 255 168 79 255 255 221 217
    251 31 130 255 255 255 255 85 123 239 18 255 118 255 96 229 234 255
    172 37 255 153 188 240 255 255 255 104 77 0 118 245 255 255 255 163
    8 227 125 225 122 255 168 255 255 112 61 23 255 140 255 255 96 255
    123 255 94 76 255 255 255 125 94 123 255 202 135 255 123 253 151 255
    255 61 255 255 255 202 255 255 176 255 255 25 255 255 87 255 181 53
    223 85 249 255 29 217 255 88 255 24 22 255 61 255 255 255 42 255 106
    146 0 14 255 187 255 255 66 170 255 255 76 122 255 255 255 255 255
    255 255 176 249 136 255 255 159 198 241 242 53 203 93 43 129 255 255
    255 72 255 255 255 178 255 253 8 247 255 255 81 255 255 255 104 161
    255 195 96 255 255 198 255 255 253 6 255 255 255 255 190 255 255 55
    255 255 37 44 255 125 7 255 41 195 79 86 240 34 255 223 180 10 255
    242 24 255 6 255 199 100 131 255 68 27 255 255 255 255 153 255 15
    255 255 249 178 216 236 255 255 151 157 255 255 168 255 184 91 190
    255 255 255 255 200 255 99 236 204 255 68 255 236 161 255 255 76 45
    90 255 71 140 74 212 240 255 104 255 170 255 9 151 235 254 104 227
    255 125 255 255 255 35 255 28 255 116 255 255 175 155 255 255 138
    200 255 255 255 255 28 255 199 255 255 88 149 255 223 255 255 255 93
    255 17 221 255 255 255 29 255 231 255 101 17 163 255 83 255 181 121
    255 255 168 255 255 255 100 255 255 71 158 255 90 87 255 178 255 255
    255 70 244 251 158 110 255 151 255 235 99 129 255 111 255 255 70 136
    86 255 255 255 255 161 84 123 255 255 146 157 255 255 255 255 88 253
    141 255 255 78 146 161 255 255 45 2 13 255 78 151 255 255 255 255 39
    255 11 12 255 255 31 2 255 255 255 255 255 255 51 4 255 15 255 255
    210 255 241 255 255 201 255 255 255 193 100 255 210 255 28 255 41
    255 255 255 255 255 255 255 6 133 255 236 255 105 251 178 24 255 170
    140 255 106 122 255 14 255 189 196 255 255 255 33 253 255 255 59 6
    153 255 237 255 255 76 63 62 255 254 255 251 59 255 123 105 200 118
    255 248 141 241 255 172 129 255 188 255 108 25 255 193 255 255 138
    255 255 244 255 255 234 4 255 153 123 166 255 206 255 255 192 255 6
    255 188 98 16 255 8 39 146 144 255 230 255 110 33 255 255 190 255
    255 44 255 255 70 183 255 66 8 255 255 210 225 135 129 255 236 19
    255 147 151 225 255 255 255 255 125 37 203 255 255 232 104 255 255
    253 255 255 255 161 255 17 255 243 255 18 184 219 229 255 255 67 255
    178 255 76 255 167 255 232 190 147 255 255 255 210 168 255 170 174
    255 255 110 101 255 198 88 255 190 255 255 135 4 255 255 255 21 255
    255 87 151 52 255 255 101 255 255 255 255 255 255 255 214 255 187 4
    168 149 255 255 81 255 255 134 178 206 255 72 255 255 255 44 200 80
    230 255 55 96 74 76 63 34 255 138 255 255 205 255 255 255 219 255 35
    49 255 0 255 219 22 255 114 255 142 233 37 255 182 255 62 157 227
    255 255 255 255 255 255 183 94 255 255 147 153 255 255 255 142 255
    35 255 255 255 111 255 142 178 255 122 83 255 255 51 255 255 255 255
    99 255 255 192 255 255 175 255 255 251 255 200 255 255 255 6 34 114
    255 8 255 216 111 255 208 255 129 255 30 255 181 180 255 192 255 125
    255 15 63 255 76 255 41 49 255 255 255 202 236 255 255 171 59 255
    186 255 204 190 94 255 90 255 45 70 55 255 255 227 194 255 51 45 255
    255 255 255 255 49 79 149 145 255 255 255 255 255 10 255 85 255 255
    17 255 255 255 178 255 255 235 96 255 131 173 59 112 129 66 255 184
    255 255 255 140 255 255 255 108 212 255 255 210 9 22 255 146 71 92
    255 255 193 25 186 219 25 67 255 123 37 255 255 194 203 231 255 249
    180 255 255 255 255 255 255 255 255 62 255 15 255 86 255 149 255 236
    255 245 112 9 194 53 255 239 255 144 255 212 117 22 255 159 55 87 72
    86 255 217 255 249 255 255 255 223 255 255 255 255 255 255 255 255
    255 255 255 34 255 223 255 255 101 172 255 103 253 255 255 255 255
    155 255 255 195 255 241 0 119 149 247 198 147 175 255 255 255 255
    255 255 255 92 173 202 90 255 255 255 255 51 255 182 60 88 255 255
    43 173 255 120 255 45 255 255 255 74 255 106 255 230 102 255 197 255
    255 255 147 178 131 115 255 243 255 255 255 23 255 255 255 104 255
    172 255 26 255 255 255 255 255 245 225 198 255 255 118 255 255 235
    247 255 255 255 255 55 85 94 255 76 255 67 230 255 170 186 197 22
    255 255 92 255 36 255 255 255 59 243 72 255 255 255 163 255 255 235
    192 38 255 255 255 255 255 255 149 254 255 157 255 62 76 255 229 255
    255 255 255 101 255 221 225 255 106 255 255 255 255 255 37 255 144
    255 77 134 65 18 38 67 255 159 255 255 172 255 131 100 180 184 255 6
    0 170 55 228 176 2 190 255 255 99 255 237 114 255 255 255 193 170
    255 240 216 255 255 102 255 255 80 114 255 255 255 200 104 255 255
    241 170 43 255 255 255 255 151 83 255 255 51 4 111 255 22 255 187 37
    255 255 225 98 140 67 201 214 18 193 255 255 144 189 253 255 255 255
    64 255 24 112 242 147 255 255 127 255 253 41 255 36 255 228 255 53
    255 255 243 101 255 255 255 255 251 17 163 255 255 246 80 118 246
    227 236 113 255 255 136 255 255 26 86 255 130 45 13 255 131 138 255
    131 182 110 255 88 255 39 33 240 255 255 136 47 255 79 25 96 149 157
    255 253 255 155 255 51 182 255 255 72 255 255 96 32 153 255 255 96
    255 129 190 255 255 22 190 142 63 203 74 27 44 83 61 88 255 255 255
    42 6 214 21 192 255 255 127 255 76 147 252 255 104 13 151 255 254
    255 255 255 57 255 255 255 118 243 255 157 255 236 255 255 8 255 255
    255 151 77 255 118 255 57 255 175 219 108 255 4 159 57 255 255 127
    255 237 255 255 255 162 255 16 111 255 25 225 130 255 127 255 20 255
    255 255 208 197 6 255 255 255 201 168 251 28 157 255 123 255 229 255
    255 127 255 255 178 255 255 10 77 255 118 225 180 190 147 255 255
    255 255 178 255 255 255 255 255 167 252 68 255 255 255 255 255 185
    241 225 28 255 170 146 76 153 85 255 255 76 255 88 17 2 68 85 255
    164 64 116 98 0 129 255 219 212 20 255 202 255 255 108 255 64 210
    255 53 133 212 104 190 164 200 235 255 191 180 2 117 102 255 251 51
    255 13 255 175 208 255 201 255 82 232 253 10 157 255 35 255 255 216
    120 229 65 241 96 255 255 142 214 122 221 255 255 178 212 255 138 14
    46 185 170 255 255 255 255 229 18 255 255 227 255 163 165 195 255
    255 114 255 133 255 76 255 255 40 255 255 157 182 171 231 86 101 255
    255 208 255 255 193 198 98 216 142 255 255 149 255 255 197 255 255
    62 255 255 255 237 125 255 243 255 132 10 206 255 63 217 57 255 255
    144 255 255 229 80 255 127 255 76 153 255 255 255 163 255 255 157
    116 195 255 255 168 237 255 255 255 255 255 178 212 255 255 255 255
    255 255 6 137 255 255 255 255 85 255 4 59 255 138 159 243 255 159 20
    255 119 216 255 68 202 255 164 255 179 2 225 228 255 255 255 210 255
    55 255 29 48 0 221 13 255 255 18 127 255 28 255 157 255 255 143 59
    21 57 255 231 145 255 8 227 72 255 198 42 255 255 255 81 125 59 255
    214 255 142 255 255 178 255 255 255 255 255 76 255 255 255 255 255
    255 255 255 255 255 238 11 229 255 91 217 168 217 59 255 62 159 7
    195 204 255 255 184 255 255 255 255 36 255 133 251 255 255 94 255
    255 223 255 42 108 255 255 223 49 46 89 65 255 23 72 255 68 245 236
    255 163 234 98 110 20 55 88 55 214 80 96 255 163 232 64 184 255 106
    255 61 255 94 20 204 255 182 255 200 255 57 255 147 255 255 255 125
    114 255 255 59 255 255 255 33 210 255 125 255 27 6 255 255 99 130 96
    13 255 255 255 83 255 255 255 255 66 83 255 181 202 255 9 87 255 236
    255 255 146 255 165 255 55 255 238 255 255 116 255 255 22 193 14 255
    87 12 83 187 8 68 198 127 255 79 255 255 255 249 44 21 255 255 38 74
    76 25 174 240 255 255 255 255 255 133 236 25 255 255 255 255 244 227
    4 255 255 255 155 12 157 249 255 217 36 255 41 113 57 255 255 139 81
    255 255 255 36 229 255 36 255 232 255 255 255 183 51 111 185 255 31
    85 131 255 255 255 255 255 57 255 255 255 173 255 192 129 255 255
    255 255 255 7 189 165 255 236 176 219 240 227 175 153 214 255 255
    121 41 255 255 166 108 255 255 255 2 129 17 210 255 170 239 255 38
    255 18 255 255 254 255 237 197 255 188 255 255 255 53 255</data></your_img>
</opencv_storage>
