<?xml version="1.0"?>
<opencv_storage>
<L2_diff>7.8382945211314945e+03</L2_diff>
<test_img type_id="opencv-matrix">
  <rows>100</rows>
  <cols>100</cols>
  <dt>"3u"</dt>
  <data>
    174 228 121 53 10 5 51 199 156 99 66 164 152 247 171 123 82 112 40
    35 58 80 31 143 161 113 157 195 21 121 128 0 83 207 179 149 90 199
    28 208 134 217 136 18 244 185 64 199 27 201 117 5 54 86 60 42 8 181
    71 136 4 19 188 131 230 127 214 242 167 193 47 57 41 18 86 15 21 253
    237 73 135 47 53 155 157 235 94 99 79 223 247 64 36 213 215 65 223
    117 183 156 199 59 122 91 189 210 213 237 195 98 17 72 103 76 126
    166 220 128 182 51 26 176 141 16 197 137 46 41 145 236 160 106 131
    152 99 61 37 234 129 193 115 35 66 127 39 160 61 105 96 235 87 158
    199 19 35 130 176 27 138 229 3 89 156 46 187 67 219 246 11 247 249
    111 129 112 99 109 51 41 185 206 197 191 202 163 38 60 6 160 134 3
    176 229 242 158 100 83 11 46 175 151 111 45 57 249 187 246 53 34 207
    13 56 6 160 86 165 250 211 25 93 18 209 214 154 110 51 244 92 154
    253 165 223 229 11 152 224 254 51 197 48 193 41 28 224 78 98 9 19 33
    199 230 249 50 88 154 13 85 57 198 78 2 0 6 61 224 78 30 241 215 160
    252 199 140 125 203 72 211 75 226 208 27 183 173 3 3 138 204 84 173
    191 170 75 153 136 153 18 245 166 217 56 225 155 101 228 21 7 192
    194 49 98 227 209 96 8 196 128 8 179 13 178 124 224 154 140 137 20
    10 110 85 162 101 128 68 57 95 7 154 200 27 145 199 118 181 254 20
    113 181 175 11 3 188 50 155 166 157 194 230 37 238 234 120 86 72 38
    230 168 156 227 93 25 41 255 220 19 5 15 255 216 115 135 67 186 194
    148 190 243 121 95 86 121 9 128 111 199 10 51 191 152 5 66 16 233
    201 142 132 15 250 195 221 155 183 151 5 83 224 31 18 157 56 216 170
    77 75 141 98 40 124 66 67 105 153 5 4 195 168 155 12 43 108 59 36 90
    197 245 183 241 12 52 31 64 88 188 178 235 88 126 167 43 17 122 158
    182 43 105 233 23 149 122 117 109 101 114 217 78 244 111 187 148 94
    232 31 133 203 213 119 89 100 186 104 156 31 50 138 177 15 33 21 86
    214 237 118 223 227 212 194 227 253 164 127 98 46 108 234 196 38 15
    212 231 39 36 114 89 19 84 216 48 118 90 96 0 49 212 38 9 104 172
    255 15 184 213 32 182 80 38 186 183 180 86 99 200 9 210 222 166 81
    137 118 218 7 221 123 68 253 67 226 147 251 113 205 92 144 84 71 215
    129 254 234 167 204 59 27 218 80 116 57 7 35 222 105 115 251 168 168
    12 180 205 159 229 34 43 93 208 195 127 91 151 241 63 6 111 66 208
    13 136 3 52 251 67 231 66 153 5 136 33 161 253 1 195 40 62 76 230 50
    28 246 67 7 82 37 20 115 40 206 113 239 49 136 155 72 69 206 254 223
    255 99 28 43 38 211 190 38 6 31 68 63 188 252 180 104 163 59 108 164
    64 159 240 65 133 136 45 113 50 50 63 184 50 110 239 218 105 123 240
    101 122 149 67 230 240 57 82 125 229 143 248 82 203 221 60 24 153
    129 144 9 50 50 235 117 195 167 45 99 190 1 255 42 140 84 145 41 140
    32 133 107 56 126 140 121 19 45 88 204 157 78 107 10 142 205 98 30
    37 122 102 149 165 81 207 123 202 67 39 131 231 66 133 37 25 117 27
    190 25 161 228 56 184 161 187 56 135 11 82 10 16 121 230 246 249 243
    195 26 62 58 180 4 90 181 198 96 28 166 154 117 30 199 3 197 165 80
    147 170 125 102 152 17 65 74 194 149 35 8 93 75 13 39 158 101 113 86
    143 158 122 114 96 192 31 197 209 197 69 193 154 30 208 109 152 50
    72 57 73 144 71 70 203 253 26 221 129 37 79 116 21 63 192 47 161 14
    220 132 47 229 45 10 144 52 211 148 225 184 226 246 66 176 10 90 253
    44 59 230 25 63 73 98 49 119 172 200 23 230 50 181 113 165 57 109
    241 85 192 109 33 114 249 178 86 184 109 237 140 108 74 15 231 117
    147 157 105 210 7 9 146 177 81 121 245 53 140 128 161 8 72 83 204 65
    109 176 70 221 172 70 158 61 162 139 106 120 149 176 199 112 229 140
    134 226 200 111 118 211 13 37 189 45 193 145 249 113 173 227 246 249
    119 201 201 75 172 244 120 205 222 81 42 237 244 25 50 158 2 24 6 55
    193 106 107 243 149 85 85 127 216 75 37 77 156 176 107 213 151 117
    180 220 14 40 164 111 66 114 94 25 249 120 155 85 196 49 210 84 8 8
    181 11 17 9 102 131 134 51 7 86 246 54 154 34 148 142 61 39 93 196
    132 238 21 252 15 58 255 164 146 187 144 235 151 228 30 101 92 220
    50 83 196 38 231 167 213 46 239 173 183 179 176 203 171 144 26 117
    17 101 150 224 167 64 179 183 84 105 227 9 25 188 108 82 206 196 186
    208 233 24 7 176 120 177 168 66 171 204 114 110 232 12 91 252 80 200
    190 105 170 115 81 169 142 67 74 170 37 98 41 51 12 64 207 164 134
    230 109 42 11 104 60 83 54 74 114 8 248 232 42 107 249 208 253 100
    111 143 237 38 80 107 255 153 153 231 233 216 94 200 175 185 131 123
    212 108 82 192 93 109 64 3 192 180 49 199 143 135 62 127 251 17 56
    204 190 217 77 185 165 221 9 196 59 196 101 144 75 148 123 47 240 34
    168 87 209 166 47 185 76 237 206 131 241 172 33 229 54 13 82 128 148
    193 203 44 107 14 173 11 47 108 27 193 232 240 203 88 82 130 123 26
    32 91 130 164 35 36 227 92 94 246 252 227 131 4 93 198 61 88 179 153
    99 67 127 235 242 182 112 124 41 84 18 205 182 37 6 0 125 99 121 191
    240 47 0 0 180 176 72 24 133 177 120 235 168 204 164 126 85 48 68
    175 34 196 20 239 188 67 252 60 244 169 39 163 211 122 117 36 196 55
    58 27 169 207 109 80 124 155 150 136 39 82 133 69 14 3 7 202 214 230
    80 46 52 151 0 251 123 219 52 203 136 220 156 127 143 186 238 111 51
    37 105 158 198 40 150 213 238 62 249 219 97 217 194 214 49 237 219 9
    138 38 162 22 28 94 194 204 22 49 211 136 19 107 52 47 52 0 208 99
    236 149 198 240 55 86 154 25 104 162 99 24 121 106 30 76 3 131 202
    63 50 151 32 62 99 56 232 234 100 113 124 255 142 58 29 198 220 3
    123 251 40 153 141 56 222 227 119 92 197 237 70 84 184 130 222 109
    150 215 63 20 194 48 82 67 249 201 113 109 59 121 28 117 79 226 164
    253 215 248 246 86 87 102 192 98 227 109 213 14 144 234 116 112 87
    72 25 227 232 147 108 40 57 56 193 147 223 110 132 179 227 85 53 26
    81 226 61 95 162 82 73 234 165 104 11 36 46 240 181 77 237 37 67 51
    197 160 248 48 203 52 19 170 206 140 156 231 182 225 47 114 165 52
    139 182 16 134 33 50 129 122 27 27 143 143 206 253 130 61 16 194 44
    160 136 229 97 14 75 148 97 67 242 49 144 146 49 192 215 120 124 111
    239 121 224 60 42 96 217 37 143 136 12 32 226 150 49 97 154 94 251
    41 253 90 141 175 161 77 174 42 35 179 175 207 250 244 35 54 228 225
    15 72 6 60 150 160 218 228 111 58 195 139 62 171 118 188 37 102 165
    252 115 236 210 134 228 126 249 98 9 216 170 246 247 31 105 246 103
    89 115 92 49 45 96 239 173 89 241 123 208 216 206 190 88 103 77 197
    50 178 172 11 115 34 74 71 35 2 215 97 144 22 248 171 117 21 187 20
    3 0 41 111 247 135 114 47 193 18 162 78 204 17 23 131 113 16 61 88
    12 38 172 18 144 33 245 159 18 100 25 224 108 242 59 62 28 82 251
    190 197 132 207 55 249 31 33 172 2 101 14 213 203 109 8 86 192 125
    89 26 57 161 205 232 67 143 245 155 120 90 60 25 62 113 28 110 174
    29 162 83 25 68 104 62 251 21 169 13 148 98 100 185 248 68 182 191
    156 192 153 230 238 228 201 183 240 6 155 7 241 44 6 39 59 5 78 120
    117 170 110 118 97 70 178 43 249 202 229 98 175 190 30 16 71 57 233
    89 77 120 93 164 172 172 79 27 218 129 154 158 247 82 98 49 211 181
    130 64 235 45 60 104 114 69 127 139 18 232 245 150 68 220 13 18 101
    128 216 183 185 248 120 106 3 132 183 16 8 223 52 107 212 185 126 85
    212 1 242 219 144 253 60 84 11 127 41 156 171 40 37 99 97 149 177
    127 176 228 183 196 176 165 194 15 199 99 192 232 72 82 91 227 220
    16 207 19 189 127 56 252 86 148 83 78 150 60 96 39 111 188 14 70 242
    67 242 124 186 220 58 254 11 47 152 172 25 16 96 202 198 117 127 227
    67 87 127 189 23 32 209 227 21 110 255 170 130 107 162 193 188 66
    187 106 96 153 40 222 198 243 5 135 65 110 169 56 102 164 47 89 105
    8 124 100 151 43 108 4 114 34 175 100 3 81 129 151 137 234 192 38 69
    238 221 32 95 121 95 188 221 149 170 113 207 110 28 118 91 99 32 215
    151 220 157 251 88 167 62 66 84 204 208 51 114 144 21 174 211 212 0
    82 212 231 18 247 98 38 21 179 166 227 96 126 40 235 84 235 213 206
    166 33 18 252 31 245 36 188 202 138 77 243 60 237 219 11 2 213 8 241
    156 21 182 59 222 104 152 26 133 32 11 19 149 239 135 254 109 121 24
    227 70 155 143 198 63 19 26 45 11 102 131 93 241 170 9 104 200 82
    121 177 10 180 219 93 26 96 196 75 207 226 63 24 211 232 158 73 17
    150 175 31 205 155 119 209 218 78 25 126 235 30 65 25 149 211 156
    233 145 57 27 72 155 23 140 221 107 23 171 17 60 221 232 28 249 246
    140 209 137 175 83 206 93 72 18 34 26 243 169 21 205 178 22 182 183
    67 125 145 100 125 176 194 158 241 19 36 102 184 228 97 235 230 84
    154 249 181 96 183 7 221 21 38 78 111 224 207 72 31 240 2 75 245 198
    53 119 238 239 18 11 100 6 178 208 72 2 198 124 141 17 182 140 184
    237 151 74 111 169 152 243 223 49 35 16 169 100 194 119 210 96 194
    103 227 246 216 240 163 108 110 94 28 25 254 241 11 42 25 97 232 248
    156 113 141 220 163 131 56 87 144 207 25 102 205 35 75 225 239 245
    60 166 171 155 198 249 62 109 62 40 188 125 39 155 27 14 117 141 154
    170 32 2 55 164 82 108 72 219 84 228 35 74 224 219 3 44 118 87 51
    154 151 175 140 225 234 43 23 75 32 88 49 62 140 219 178 123 11 235
    166 227 252 84 19 105 177 215 100 123 167 158 205 195 7 6 36 117 82
    158 85 131 58 204 87 21 133 222 9 187 231 118 221 206 96 217 218 121
    120 97 214 171 69 101 195 80 91 222 104 34 254 41 204 20 115 250 22
    75 118 48 56 240 239 96 202 162 11 32 39 235 30 222 124 121 209 103
    48 166 18 237 71 176 123 67 19 28 94 135 15 250 165 64 80 65 37 75
    58 73 23 41 199 252 94 26 87 144 72 232 218 212 162 9 17 110 146 203
    170 0 208 43 15 7 160 197 94 109 40 10 89 149 165 193 78 238 249 155
    100 212 229 175 157 181 249 123 127 2 50 221 80 208 100 24 109 74
    174 138 79 195 17 210 186 92 37 50 29 198 204 53 143 144 96 84 183
    164 9 243 152 164 238 91 231 186 14 142 197 148 217 94 87 112 68 215
    194 76 129 41 136 159 57 68 141 92 169 29 161 219 67 72 26 65 248 49
    112 58 89 112 222 118 26 247 180 192 148 160 75 245 63 136 88 115
    136 175 132 59 183 198 98 5 224 206 116 209 165 186 233 72 162 30 7
    206 222 82 178 141 206 255 110 187 7 126 92 76 234 145 212 65 137
    179 93 169 124 56 164 0 90 222 2 51 230 188 222 2 212 187 209 189 51
    207 200 33 0 255 151 23 55 220 79 149 182 245 177 71 220 80 141 247
    40 99 116 157 113 137 202 63 8 206 142 180 251 36 21 249 100 143 252
    216 76 110 119 64 251 23 112 75 253 169 239 152 226 191 131 222 166
    239 69 97 225 72 9 122 203 177 62 161 7 169 128 106 82 248 121 231
    208 107 64 41 65 31 221 110 204 250 184 168 141 89 236 227 67 0 45
    147 182 81 94 252 96 156 202 79 193 23 189 232 194 153 113 85 42 215
    84 237 155 218 182 10 49 111 248 251 213 21 39 202 167 72 186 174
    128 86 128 74 211 154 102 125 114 107 13 94 52 187 187 55 207 181
    186 147 51 209 150 117 56 89 153 93 117 92 77 156 243 150 85 121 145
    131 22 252 230 43 26 220 129 227 13 74 41 160 180 13 17 231 228 204
    146 249 197 232 37 177 221 72 254 166 254 229 71 142 177 229 49 168
    117 77 78 102 111 65 232 81 57 171 230 9 118 2 174 65 20 164 99 208
    101 250 244 172 9 247 85 191 31 71 211 226 180 107 237 210 173 167
    45 203 32 174 189 63 135 182 165 118 76 223 23 169 121 6 11 221 86
    10 175 89 220 18 89 227 97 151 225 110 239 1 176 167 102 127 246 10
    12 115 155 141 202 164 37 160 97 53 58 151 166 183 21 33 7 52 94 69
    84 248 154 217 179 158 6 46 226 109 178 164 1 128 182 150 29 5 150
    142 91 135 31 130 151 29 61 72 32 80 44 131 231 152 164 64 76 182
    155 21 156 248 247 202 95 60 44 54 25 147 70 225 78 174 83 183 17 31
    83 213 10 63 56 73 121 172 230 158 247 37 125 90 249 207 113 40 80
    15 230 85 65 206 208 190 56 85 131 4 189 179 83 251 206 34 90 135
    255 86 100 57 58 216 145 255 112 74 62 0 156 201 156 226 161 155 183
    57 218 86 186 98 204 219 123 178 40 112 199 245 5 8 22 193 3 79 135
    207 2 102 209 131 53 57 93 244 107 57 162 132 20 112 214 160 164 27
    66 171 250 15 153 138 17 192 192 95 110 172 99 138 215 181 127 79
    130 18 107 12 108 102 108 175 77 145 118 166 197 230 225 94 9 71 248
    84 54 151 100 228 229 88 23 171 139 7 31 76 124 7 63 34 61 39 176
    247 100 169 70 173 23 68 16 152 108 233 167 236 3 75 221 210 31 90
    225 19 235 24 195 238 162 21 94 163 217 156 112 238 202 163 224 76
    204 165 11 198 170 5 83 245 189 72 81 133 54 26 182 144 40 169 209
    87 193 81 199 111 251 174 14 222 76 171 103 254 0 74 84 166 225 79
    156 68 146 248 168 98 25 150 48 17 136 166 196 253 83 108 56 194 35
    171 154 110 85 248 44 228 246 202 246 45 134 31 239 91 95 131 20 207
    169 72 34 187 7 87 214 243 127 167 55 82 90 172 167 232 72 207 19
    216 12 251 66 190 190 35 48 143 183 222 245 201 4 143 158 154 141 83
    84 49 229 173 61 71 185 65 217 117 109 128 131 72 252 208 231 84 172
    246 52 203 17 191 31 18 71 169 93 62 178 79 43 42 30 32 203 174 89
    65 161 129 51 7 249 98 34 81 196 214 224 17 99 150 191 174 43 102 87
    230 30 125 246 65 197 48 195 159 21 53 238 209 232 215 236 84 83 229
    105 150 139 134 153 253 214 214 23 157 151 171 152 127 170 22 209 32
    206 30 128 227 39 140 111 179 232 0 196 71 181 62 26 65 243 23 105
    189 226 115 76 150 43 162 23 156 231 61 247 94 84 75 207 237 213 116
    253 185 79 162 27 71 153 122 165 164 134 85 123 21 108 60 135 4 188
    236 14 13 233 20 202 174 41 157 251 227 53 10 49 68 113 24 252 88
    193 11 60 181 174 88 173 127 19 204 161 24 181 220 185 164 29 117 10
    16 105 161 146 53 86 3 139 76 137 179 213 21 104 157 183 175 6 204
    207 112 227 172 227 115 76 198 2 116 81 100 224 119 212 167 253 13
    16 154 58 197 11 102 95 213 102 216 38 190 221 37 55 83 101 168 147
    181 100 170 112 203 159 84 251 2 182 79 243 239 23 182 2 104 211 32
    222 28 141 66 40 232 35 118 0 184 143 162 113 57 85 168 236 107 253
    192 246 184 242 92 48 165 177 14 192 42 196 198 237 166 177 51 216
    108 144 37 222 174 4 141 48 229 221 142 252 247 219 211 191 121 12 9
    203 43 4 249 113 138 212 206 51 206 31 193 110 227 25 199 152 13 79
    13 169 176 210 112 96 34 11 33 99 130 194 123 177 88 109 44 249 252
    35 201 190 26 152 106 41 48 23 100 46 123 252 217 225 216 224 104
    150 12 105 55 223 73 150 152 49 156 12 128 126 108 235 92 224 226 84
    235 188 143 72 52 16 210 227 125 244 161 197 105 204 142 121 68 107
    29 190 217 235 61 137 46 180 98 73 156 203 240 117 83 18 179 60 96
    73 224 251 13 127 159 220 58 162 207 28 244 231 15 94 239 178 78 100
    88 29 77 70 244 64 73 107 34 2 51 37 201 194 56 12 221 246 20 57 7
    31 134 58 170 92 80 201 88 200 143 167 221 141 247 118 237 200 103 5
    163 198 113 214 165 172 157 47 214 222 122 250 213 255 207 161 85
    106 95 2 243 150 173 29 231 227 65 218 116 191 85 252 246 53 149 85
    206 201 237 151 39 73 4 113 81 234 97 110 207 156 247 188 225 92 75
    173 189 77 122 116 243 10 102 186 246 184 248 72 113 93 137 146 9 94
    18 150 94 130 101 97 89 101 10 198 110 212 242 72 167 241 191 88 76
    83 201 56 164 144 215 136 157 42 200 100 62 23 162 113 244 191 78 73
    230 4 140 92 174 147 13 15 206 157 52 24 71 181 95 191 245 128 201
    248 197 226 156 114 118 217 142 189 62 125 219 232 147 48 21 148 44
    8 152 56 72 135 134 51 10 108 43 75 124 43 231 50 70 84 65 127 113
    233 186 250 92 157 201 121 189 224 129 134 143 86 152 87 77 206 12
    173 61 26 44 104 86 222 176 84 239 117 18 33 4 88 69 78 190 14 205
    136 8 156 94 161 251 181 169 142 172 200 65 193 248 21 216 137 11 88
    95 86 56 40 38 23 92 250 148 34 231 13 186 201 153 194 6 42 70 245
    201 32 45 155 184 182 192 58 23 111 242 16 128 181 188 148 46 31 234
    209 155 165 193 137 22 49 79 249 61 33 19 71 224 85 95 100 40 28 251
    48 12 199 223 20 126 206 42 38 229 190 198 0 73 239 243 218 253 77
    200 126 109 105 145 135 39 181 55 140 227 151 74 229 80 103 124 158
    84 2 217 23 76 85 188 102 219 218 43 141 71 32 222 224 50 40 135 241
    225 196 47 226 110 112 150 164 73 54 195 177 119 215 47 35 13 144
    219 218 160 182 154 162 128 230 69 244 230 164 12 234 252 149 189 89
    64 131 98 190 44 194 96 44 196 44 81 72 190 68 192 70 190 180 250 94
    180 80 14 121 145 38 43 220 51 108 172 180 38 68 161 154 162 32 53
    172 219 111 130 211 221 42 61 10 236 222 116 127 194 195 199 178 154
    114 216 212 251 209 9 22 112 167 193 75 189 210 63 163 141 174 246
    76 134 152 36 146 208 206 5 128 109 39 28 50 145 4 81 160 44 239 52
    96 26 138 217 81 246 140 152 220 152 165 97 236 96 167 44 213 166
    201 81 174 23 29 191 174 208 108 106 213 241 24 225 110 149 29 179
    203 70 75 160 68 71 247 32 199 177 100 239 107 157 159 242 203 89
    150 129 147 182 212 224 221 183 192 222 212 97 10 108 1 168 106 135
    42 194 38 66 8 174 64 142 138 209 241 101 239 110 98 74 71 67 107 48
    62 220 207 253 185 122 128 190 238 139 33 130 129 35 186 198 50 254
    239 241 9 203 176 1 68 207 63 9 131 20 5 237 47 145 86 54 167 116
    239 193 127 116 65 223 236 167 236 119 142 131 193 255 219 1 172 55
    145 142 87 70 85 15 57 95 49 181 73 43 166 225 88 157 230 33 144 6
    84 85 236 190 33 18 68 64 249 176 238 252 231 15 92 51 15 208 221 66
    133 212 158 81 53 44 246 1 157 76 231 206 76 172 51 124 39 108 253
    164 52 30 195 80 0 165 23 11 134 118 12 125 48 26 14 186 35 159 192
    35 48 123 25 169 70 212 29 105 195 234 117 85 68 129 80 4 42 189 189
    79 89 176 21 191 69 220 69 197 203 156 48 127 212 38 202 193 88 22
    108 40 198 184 112 220 158 129 200 163 49 242 154 187 48 52 152 240
    53 40 221 79 42 22 138 203 234 32 191 203 86 242 39 110 27 84 4 121
    68 179 40 172 4 117 0 234 112 44 51 164 96 110 169 134 235 170 39
    145 230 8 16 61 123 169 109 35 255 214 78 227 214 4 85 113 250 154
    71 171 56 40 39 35 53 1 245 79 69 46 43 165 23 163 24 175 63 254 219
    104 66 132 54 111 150 197 51 79 109 19 49 121 13 173 14 99 74 86 55
    47 120 187 204 138 42 7 208 40 85 57 212 4 63 190 244 221 24 149 81
    47 86 40 252 45 46 149 127 186 183 71 150 18 55 88 125 122 204 230
    145 81 169 169 239 126 166 133 169 107 238 4 64 242 35 29 97 103 158
    172 150 150 75 133 197 21 126 118 191 67 21 24 108 254 239 80 102 68
    178 76 212 166 0 227 21 48 22 215 106 214 193 4 101 30 38 106 52 52
    182 58 236 91 9 97 88 231 236 224 84 41 121 243 182 74 128 195 40
    246 202 222 37 198 139 66 13 213 60 26 155 59 127 211 145 178 155 99
    138 172 233 80 59 154 103 13 67 63 172 1 182 16 174 51 110 80 172
    195 80 26 5 213 37 88 207 2 155 112 220 162 143 230 6 125 237 46 141
    112 174 32 58 156 139 52 223 156 213 204 189 159 215 113 42 252 86 3
    127 42 165 241 241 221 96 208 182 180 63 154 146 224 58 60 31 36 167
    104 142 89 136 223 40 62 99 117 90 85 133 219 145 88 50 198 22 14
    198 78 186 231 202 50 33 90 179 246 91 108 60 86 114 65 227 125 168
    135 221 171 151 151 136 254 82 122 199 0 37 214 25 173 86 28 175 76
    35 65 210 167 148 180 96 23 141 134 197 194 73 65 30 202 40 92 68 30
    115 108 38 208 77 109 23 51 13 207 250 85 237 117 156 23 211 132 106
    94 31 52 89 16 160 151 211 89 5 67 33 182 231 197 141 167 152 97 136
    139 94 108 244 23 195 64 229 183 4 168 55 198 116 187 117 47 174 45
    218 163 186 224 7 194 153 163 224 188 175 59 217 118 173 100 202 149
    4 181 169 240 113 198 222 4 165 113 160 142 101 68 139 114 179 121
    13 140 214 64 183 120 193 5 181 97 38 71 218 169 104 8 36 189 106 15
    246 200 83 85 18 52 122 143 3 74 21 112 36 246 82 70 181 233 249 179
    36 232 224 204 169 178 158 56 231 89 189 109 137 153 234 161 127 149
    171 247 18 80 200 118 146 162 99 47 134 70 224 70 148 212 246 216
    182 90 0 227 185 195 70 118 3 189 27 59 230 97 156 231 200 70 227
    166 189 243 16 117 115 27 68 214 19 244 24 80 253 233 208 15 118 252
    148 99 209 203 211 1 237 197 23 251 136 3 145 79 11 239 252 193 82
    198 47 45 18 133 218 55 17 161 62 11 246 98 20 250 103 116 130 92
    168 12 247 111 57 191 152 32 154 144 132 11 119 63 155 156 207 197
    15 25 92 243 234 225 204 145 59 203 241 33 253 85 241 141 102 215
    219 65 151 204 161 242 37 170 118 237 83 198 210 204 36 153 160 159
    165 206 249 173 20 252 17 180 192 168 208 14 203 217 70 123 125 209
    80 134 255 174 121 157 193 255 109 208 239 127 103 47 206 151 115
    174 203 152 226 157 237 165 16 183 31 190 62 157 223 222 31 235 42
    169 203 251 90 241 182 205 237 223 204 81 173 143 104 231 192 61 139
    188 241 64 248 72 114 79 244 4 177 192 20 240 234 224 176 79 204 211
    72 118 55 63 59 213 2 148 255 134 100 191 124 71 106 42 104 133 232
    50 225 227 101 166 241 197 215 36 159 214 164 177 82 6 75 172 104
    161 209 104 78 221 70 73 141 215 48 176 175 189 5 176 213 6 128 249
    150 200 192 242 130 165 245 167 193 154 254 36 79 61 41 152 249 192
    162 166 34 117 208 187 202 166 101 88 83 20 79 53 9 65 24 104 32 212
    1 95 126 238 235 3 160 86 149 129 222 201 130 37 121 126 119 70 252
    184 186 114 8 227 45 155 218 65 208 220 199 192 186 36 63 233 241
    182 98 124 197 68 24 104 86 76 164 176 57 134 11 238 242 47 173 172
    105 144 178 219 249 198 27 140 144 114 90 59 108 195 35 133 108 183
    26 249 215 138 169 84 9 33 201 67 85 250 241 152 11 71 233 193 168
    80 155 129 208 30 164 117 160 49 50 163 0 239 154 113 144 94 187 201
    60 154 125 138 27 177 240 211 245 83 213 159 94 172 157 140 87 82
    241 141 149 108 9 242 227 201 171 179 3 187 90 245 123 95 213 71 57
    241 115 231 6 245 127 187 254 132 172 203 81 206 127 44 65 241 55 45
    20 100 161 232 193 8 199 172 52 237 61 185 86 248 125 150 14 209 192
    184 88 224 193 92 227 84 37 194 204 226 24 43 128 252 37 123 130 36
    108 205 173 253 192 59 54 112 106 196 120 5 201 252 146 93 247 243
    68 114 232 156 144 205 148 240 58 192 230 159 25 169 235 226 216 103
    207 111 9 18 119 61 64 203 67 7 14 66 154 192 240 119 15 6 215 159
    209 246 189 223 201 88 77 4 68 160 201 126 94 141 194 65 153 151 89
    35 63 216 139 205 11 91 223 125 218 45 246 33 97 163 14 122 238 201
    142 187 100 84 153 67 58 188 28 74 232 14 189 197 38 125 28 137 243
    177 156 187 201 120 178 164 98 179 19 155 122 148 247 97 99 118 126
    226 136 2 22 42 191 72 241 98 157 114 95 68 67 111 162 65 151 166 41
    237 12 131 219 229 218 212 47 164 106 47 186 89 162 213 232 123 203
    147 150 187 31 132 38 14 4 120 34 180 26 13 119 212 115 143 203 110
    174 3 194 143 185 16 67 136 39 190 4 35 242 55 116 75 97 9 176 58
    199 37 139 238 226 127 237 109 244 65 171 115 101 59 215 196 187 236
    101 210 246 206 109 203 108 13 228 115 112 9 242 106 86 77 12 10 113
    59 66 230 63 109 32 190 108 206 77 193 150 81 208 200 195 110 13 135
    156 68 20 101 243 117 173 78 13 62 53 248 229 248 145 114 47 81 0
    246 51 32 19 173 227 50 77 107 186 39 100 33 19 214 25 104 203 0 218
    69 242 86 186 71 229 119 49 246 199 132 53 94 87 6 38 196 165 16 180
    144 212 220 72 248 179 224 188 36 232 15 23 31 112 105 197 239 124
    120 50 70 84 69 151 241 148 119 118 163 162 68 145 234 144 145 152
    201 156 46 39 22 166 221 111 96 218 75 107 120 19 132 176 106 55 68
    107 203 207 89 144 230 67 215 145 59 88 63 3 123 233 137 11 32 219
    24 105 214 100 198 175 105 204 82 29 157 78 147 218 224 65 58 14 184
    5 213 31 217 86 156 85 193 142 246 131 68 221 89 237 173 119 199 217
    12 103 207 150 191 210 22 232 172 91 163 91 73 172 56 209 80 231 170
    141 234 173 179 215 23 237 60 239 11 161 229 89 169 205 242 129 231
    25 200 177 67 30 110 60 51 16 211 30 202 254 168 114 115 43 188 86
    68 70 164 176 156 206 110 236 237 70 233 185 38 79 35 107 135 206
    158 213 22 2 48 197 168 83 63 231 175 145 98 155 237 248 127 114 195
    86 68 103 142 31 62 39 94 235 182 70 182 113 90 162 126 137 222 225
    37 234 78 101 202 246 195 203 85 74 11 140 116 17 179 62 128 39 24
    230 59 10 133 73 136 150 204 221 104 143 247 218 11 239 205 43 254
    161 135 169 31 230 237 42 27 89 79 251 35 4 213 191 112 202 59 191 5
    20 53 163 1 253 124 101 163 25 60 38 125 63 202 85 77 130 74 109 121
    9 113 17 147 103 214 91 124 183 132 118 121 144 182 148 253 89 181
    161 77 9 91 64 96 221 233 54 16 230 198 78 225 83 237 81 22 122 120
    227 55 121 199 36 18 10 201 140 115 179 215 76 48 25 165 132 135 136
    132 4 159 82 211 79 214 57 183 56 73 128 152 235 233 200 135 174 13
    6 205 97 20 5 203 217 239 195 167 3 122 174 86 152 71 108 109 156 16
    97 88 110 247 182 157 119 30 155 180 99 130 16 107 109 94 145 62 14
    88 215 229 0 44 149 185 55 62 185 162 72 41 203 73 160 51 106 249
    201 249 11 204 125 32 100 188 192 187 26 241 127 58 150 172 179 254
    139 45 103 112 96 168 214 30 192 124 31 20 95 181 160 199 24 79 79
    176 107 124 44 7 136 185 39 109 145 182 185 15 103 183 99 62 172 204
    106 249 16 143 38 70 173 254 161 77 251 146 106 54 108 246 13 246
    226 27 48 124 45 240 225 47 168 35 53 106 92 24 164 103 77 78 118 7
    22 119 90 76 183 157 60 157 80 121 111 247 168 84 110 185 62 136 85
    110 83 24 26 174 246 57 216 179 243 200 58 225 110 210 52 18 146 121
    235 86 154 227 203 225 92 21 43 50 157 214 138 219 214 65 180 93 94
    48 15 183 16 17 76 88 10 229 5 66 205 93 227 62 226 255 160 79 251
    57 216 132 30 4 219 136 242 31 90 159 73 228 35 229 160 233 44 85
    226 129 173 14 41 18 56 229 205 72 137 225 19 50 62 71 79 36 45 107
    119 220 84 97 101 230 201 143 15 94 57 155 24 171 189 120 58 249 0 2
    103 205 198 110 122 75 125 139 135 37 135 21 49 151 71 166 219 27 51
    240 247 77 232 201 35 141 239 25 46 22 88 14 131 36 125 190 212 248
    39 200 36 26 174 155 187 57 221 121 180 199 243 67 140 229 56 233 54
    24 87 124 182 177 54 177 26 124 57 151 49 196 123 137 202 190 104
    142 153 130 231 58 173 0 76 186 9 202 236 166 200 32 64 60 99 88 69
    154 183 199 173 186 133 242 167 130 168 122 26 73 98 207 130 134 115
    192 80 23 160 4 81 106 148 14 240 181 84 157 136 78 222 59 71 174 22
    251 184 114 207 121 189 199 59 106 178 4 54 250 66 60 191 168 56 41
    166 66 233 78 217 228 181 168 249 93 135 196 116 242 129 2 234 32
    246 34 248 72 92 88 171 217 193 122 67 233 131 81 174 53 227 248 196
    91 128 171 220 29 22 189 110 14 220 15 210 88 155 140 121 201 121
    236 101 248 203 170 148 75 50 107 176 18 61 66 241 14 224 181 44 89
    18 38 178 150 101 215 149 236 247 93 35 156 183 237 236 19 74 250
    160 198 49 218 156 94 215 153 45 69 250 135 238 213 200 75 130 131 1
    90 17 188 101 176 65 172 42 83 2 25 85 199 160 174 34 26 137 125 142
    41 43 244 43 112 111 126 5 72 22 56 51 2 143 218 241 71 96 0 75 170
    212 63 119 5 252 76 166 14 36 86 149 249 147 4 54 161 127 126 20 170
    14 77 77 87 239 99 49 121 200 212 12 74 170 130 135 109 148 156 119
    206 21 191 219 164 209 148 220 145 34 86 119 183 53 81 200 0 220 179
    46 133 221 90 71 167 227 59 118 22 43 171 218 224 123 106 25 54 109
    60 124 39 153 135 129 65 93 152 112 99 54 158 186 67 228 194 48 112
    77 87 15 85 54 52 26 194 93 216 252 50 193 220 168 216 23 212 231 64
    33 105 213 123 234 133 13 116 105 32 252 223 14 181 194 98 165 49 69
    31 248 210 70 106 232 235 180 211 251 219 114 113 196 88 159 241 235
    159 204 53 221 81 249 40 186 54 244 117 199 189 53 220 133 40 216 80
    118 154 98 102 86 22 5 195 222 0 73 200 2 26 239 17 95 26 28 67 176
    214 16 20 77 74 18 226 228 245 218 219 216 120 250 129 194 107 222
    116 200 172 144 140 243 127 4 39 220 237 195 176 191 99 157 123 125
    85 35 241 17 194 18 175 119 23 205 59 0 117 36 94 87 15 169 203 34
    223 60 191 149 17 135 161 242 160 48 240 55 183 84 216 244 1 157 125
    144 17 183 76 193 147 48 23 73 192 236 79 234 138 15 206 153 15 107
    60 24 219 175 153 197 131 23 104 173 190 99 3 120 231 37 158 67 234
    207 15 93 240 143 45 220 175 203 191 126 171 73 214 156 60 49 218 66
    31 141 106 211 119 109 49 122 95 221 143 232 49 134 25 177 190 36
    120 41 56 125 101 219 100 52 98 10 17 92 117 251 154 224 112 95 94
    72 2 203 245 40 194 11 199 210 147 188 200 49 169 58 86 47 242 111
    235 137 208 54 242 153 222 206 150 49 240 177 206 207 19 35 9 135 97
    104 28 162 66 224 74 124 103 241 23 141 201 146 42 110 48 152 182 36
    44 7 161 106 74 70 126 247 183 194 185 227 16 252 150 222 18 96 36
    122 41 24 218 194 224 71 101 20 54 245 211 99 142 160 44 154 224 60
    149 187 234 104 0 155 105 156 19 110 206 125 102 174 251 212 23 99
    95 219 46 81 61 238 34 175 214 99 59 97 129 220 108 79 253 27 143
    205 3 15 178 167 249 71 213 201 247 30 15 238 241 81 18 208 59 254
    143 191 177 3 59 173 191 132 13 177 148 28 218 127 52 73 175 107 219
    235 238 221 68 96 220 171 204 118 200 87 243 146 161 118 223 165 16
    5 186 157 182 239 2 121 208 1 142 195 226 80 200 245 47 140 90 166
    147 144 167 121 48 103 242 42 60 11 40 198 147 26 82 71 36 190 208
    59 243 139 180 255 51 120 250 225 236 162 199 164 186 57 4 55 250 97
    13 205 3 57 73 177 167 31 125 244 92 166 36 46 163 211 125 247 102
    59 158 125 184 240 63 119 69 243 174 89 195 167 135 82 9 167 33 55
    47 219 39 78 67 253 88 37 255 195 177 102 168 185 181 41 233 219 210
    187 208 17 17 224 183 232 224 242 74 224 24 221 165 101 113 15 99
    159 190 38 56 48 108 107 126 204 57 76 209 30 132 31 251 228 109 170
    93 206 44 200 111 175 181 171 184 191 94 110 72 43 162 8 143 166 209
    222 195 11 42 85 196 35 64 59 89 3 40 30 213 90 55 235 19 38 243 103
    91 179 253 193 126 124 119 96 40 101 239 104 228 14 220 175 105 166
    56 232 183 212 240 80 36 117 228 205 14 216 146 102 231 38 100 78 38
    129 69 137 37 44 7 34 197 90 146 84 100 26 76 54 147 108 204 61 11
    66 205 204 211 43 49 133 247 220 100 47 188 195 85 5 144 203 68 217
    105 11 5 181 73 126 35 95 46 223 185 236 173 114 37 249 73 15 241
    236 140 203 228 230 68 73 223 28 122 249 176 65 221 97 105 178 71
    255 12 38 137 177 181 202 146 237 93 188 211 242 10 90 97 183 235
    160 142 147 79 225 117 223 41 15 68 218 84 249 77 36 41 51 203 33 96
    97 4 89 100 37 57 67 193 106 159 35 213 207 49 137 192 190 71 63 44
    237 219 173 165 115 128 18 151 109 240 91 179 177 223 227 228 215
    169 228 66 187 52 123 252 253 116 23 229 246 71 65 220 88 100 18 189
    109 186 195 70 36 17 233 164 141 185 54 239 68 100 130 99 108 117
    146 196 240 78 52 55 56 115 64 14 228 127 99 75 230 33 70 211 135 83
    142 208 27 185 245 82 175 48 17 196 185 41 3 34 121 95 234 199 21 2
    214 73 84 192 49 66 136 153 151 207 123 45 244 132 40 155 179 193 38
    255 201 117 238 157 191 13 193 14 90 131 2 63 13 156 89 0 192 40 38
    231 220 188 214 208 226 167 182 173 109 177 48 119 13 11 203 102 124
    36 252 76 73 135 39 2 8 215 122 172 238 81 3 235 144 242 163 215 187
    145 138 232 15 58 230 129 212 226 162 206 112 10 56 192 36 174 42 8
    173 155 68 72 31 90 96 74 221 221 82 166 108 227 139 132 227 27 71
    127 227 53 245 189 159 74 180 229 63 252 59 207 252 191 36 69 37 96
    167 17 58 201 223 46 109 206 243 37 103 157 161 86 174 144 85 139
    145 244 30 7 201 4 150 110 38 171 20 66 210 23 149 236 167 134 203
    114 209 218 137 1 28 246 193 31 152 94 34 242 95 61 32 102 123 98 44
    130 180 238 30 7 184 41 12 218 204 131 203 195 187 207 144 60 209 16
    224 98 121 195 107 89 105 249 117 221 148 226 156 181 27 53 237 188
    6 119 221 204 222 95 235 131 67 222 143 155 115 70 252 208 101 29 64
    14 33 88 98 56 15 216 220 241 249 120 140 196 243 216 21 232 75 50
    38 14 68 153 116 60 65 202 71 25 25 246 163 184 91 22 62 127 190 158
    131 86 150 84 173 227 128 61 74 97 174 48 247 129 73 51 165 148 31
    225 71 134 14 160 163 9 70 140 242 28 201 114 75 76 161 89 223 59
    146 190 253 6 169 25 153 246 93 231 69 230 145 96 56 254 22 149 135
    214 162 228 226 198 30 11 46 135 113 21 88 163 208 156 160 179 196
    86 128 214 150 65 253 234 123 2 45 98 148 48 220 229 62 11 3 213 152
    163 159 50 253 220 119 7 61 168 126 80 218 32 67 166 206 55 8 8 183
    10 211 106 87 35 54 188 10 236 199 171 195 34 16 131 240 249 163 120
    186 168 55 161 107 62 47 253 179 167 166 201 9 59 238 245 214 41 229
    190 82 18 71 158 251 177 39 86 71 15 162 69 75 215 65 66 141 166 207
    243 232 56 120 168 213 120 57 192 54 69 194 115 173 219 11 185 102
    88 62 232 77 52 42 115 214 184 8 42 248 96 41 64 40 141 232 199 129
    244 187 120 90 56 127 76 88 251 252 178 238 8 235 55 74 200 197 131
    4 250 157 210 214 138 159 56 236 94 211 47 227 140 243 206 87 229 60
    7 226 200 41 86 202 7 244 236 28 60 207 142 93 64 2 137 29 153 89
    178 11 77 181 232 206 56 136 126 84 35 165 11 202 40 124 221 66 146
    160 111 85 91 218 57 182 161 3 242 180 142 145 47 54 160 218 142 148
    237 233 11 14 174 246 79 225 199 241 245 11 151 167 145 182 70 41 66
    7 144 253 207 135 179 123 168 170 91 44 43 47 224 101 185 65 152 27
    129 131 174 188 218 90 45 75 218 161 133 188 198 45 92 88 89 126 215
    227 176 135 221 225 115 137 97 63 215 95 74 72 20 18 87 177 229 99
    106 178 126 184 28 54 231 44 125 92 193 78 147 14 160 224 100 60 111
    246 80 180 33 59 88 194 180 38 74 234 54 183 158 118 126 226 136 76
    92 179 248 44 78 36 239 124 103 165 47 7 97 229 82 170 135 104 200
    39 199 196 163 52 191 163 11 191 193 241 211 125 241 168 134 16 116
    70 235 61 186 39 2 46 95 188 67 212 134 147 124 12 130 194 186 149
    123 165 157 236 30 7 158 167 209 47 194 94 204 72 13 171 189 80 195
    183 89 119 60 82 218 202 157 225 212 42 1 65 233 97 144 194 7 40 225
    126 237 80 171 101 136 89 89 54 52 58 44 216 199 101 188 115 172 77
    81 6 117 183 197 221 68 189 150 163 213 35 223 249 14 78 160 213 215
    127 50 14 29 84 122 162 230 239 53 128 110 13 10 85 147 15 252 143
    32 64 130 169 18 183 98 81 117 67 117 124 179 169 97 118 89 68 46 8
    181 2 240 178 213 242 229 216 59 172 211 45 13 3 185 2 46 141 11 44
    86 53 2 129 2 112 150 127 51 59 201 38 226 92 7 203 180 146 111 184
    94 190 68 153 154 138 73 46 166 131 255 31 195 10 161 114 105 72 120
    110 129 211 178 205 134 6 166 160 183 62 116 173 122 213 156 13 60
    20 232 143 3 76 219 134 129 150 63 59 209 153 52 108 137 26 109 29
    43 196 42 0 159 69 166 150 214 173 181 89 1 237 18 109 220 219 161
    54 12 2 66 95 109 12 77 149 86 43 3 164 30 143 211 44 99 223 9 120
    235 14 155 142 116 191 15 81 80 220 124 73 213 222 94 46 232 58 143
    245 55 104 111 103 118 229 79 251 0 34 51 227 45 244 216 247 45 187
    75 32 149 65 194 36 72 139 239 41 95 146 149 112 208 229 125 115 73
    48 39 174 37 173 41 255 61 40 146 50 23 183 183 117 106 40 174 44 67
    177 171 44 234 156 18 215 101 2 80 18 190 111 119 231 132 226 100
    220 88 233 122 30 248 114 106 59 200 3 53 37 95 83 94 220 208 144 98
    198 91 9 188 214 217 41 188 80 228 225 42 64 253 68 110 220 23 247
    120 145 37 243 177 98 221 2 39 231 39 103 185 73 83 35 226 158 82 87
    105 9 139 136 34 162 150 119 124 251 91 71 63 80 84 211 84 70 7 233
    134 60 21 102 79 238 46 202 112 181 108 156 1 237 8 17 20 176 239 0
    43 122 229 127 154 212 178 118 81 213 31 201 13 74 198 148 205 142
    157 18 26 201 24 245 84 39 48 232 4 184 111 172 239 223 170 250 206
    24 78 42 3 60 106 120 188 53 209 120 44 202 224 228 176 247 243 180
    152 44 147 188 238 171 223 48 172 5 169 254 58 133 132 132 224 109
    235 92 178 27 81 55 72 255 201 33 1 22 249 55 32 76 64 6 133 130 26
    14 47 94 77 202 65 7 176 149 21 118 218 112 20 83 133 220 152 142
    177 107 139 28 84 12 238 138 246 24 107 0 226 29 25 106 135 107 143
    38 115 2 75 157 223 13 146 78 101 100 122 151 185 236 166 24 53 221
    123 144 3 243 84 107 202 107 36 77 189 50 230 183 156 116 238 19 11
    108 33 131 202 105 31 94 131 24 2 11 191 90 18 137 251 41 125 219 66
    109 208 251 246 99 122 24 43 77 42 39 28 69 208 160 105 52 187 26
    133 59 93 170 97 187 79 77 77 85 167 148 16 126 113 101 243 5 70 240
    202 68 53 184 215 33 100 82 106 174 137 63 113 53 207 165 215 229 46
    120 79 233 105 77 200 218 88 98 216 168 93 22 76 142 122 68 61 56 53
    204 226 119 62 192 104 51 113 225 242 87 81 182 84 129 91 131 8 123
    14 105 240 17 126 58 197 141 204 89 186 85 4 145 175 172 44 247 13
    135 55 130 106 200 72 83 4 219 180 230 112 59 130 10 79 246 90 198
    200 239 111 28 140 241 170 232 78 14 30 95 32 239 133 77 78 98 209 7
    167 242 144 83 79 214 45 216 39 8 37 194 12 85 212 130 151 232 102
    131 40 146 254 241 11 104 187 29 74 218 237 207 78 14 192 159 125
    160 220 97 207 55 91 86 183 49 252 72 18 118 218 56 42 245 101 121
    199 135 66 104 85 23 205 116 144 12 14 91 227 199 27 6 185 191 139
    108 17 117 13 181 199 103 61 247 137 224 18 105 166 116 9 81 77 14
    57 189 176 143 74 224 249 204 72 44 12 17 227 100 22 204 91 189 72
    110 193 208 94 247 139 144 223 22 178 128 183 131 217 26 236 77 68
    89 188 172 234 205 44 185 203 196 120 147 19 114 88 64 41 80 64 193
    197 153 255 27 241 87 84 91 29 46 195 102 106 86 40 72 154 228 186
    194 146 109 147 153 125 2 229 38 186 72 152 94 21 65 144 209 88 156
    179 176 15 198 89 225 155 73 36 118 51 149 141 197 239 244 87 10 37
    17 139 249 95 191 50 161 21 185 90 254 16 109 154 133 167 80 204 61
    223 105 211 143 8 155 1 178 139 145 116 5 225 17 169 112 149 252 45
    44 85 43 100 112 107 13 110 77 74 197 206 247 237 27 171 44 35 105
    28 82 208 118 178 36 188 238 186 127 143 0 122 75 71 10 9 72 138 188
    253 231 112 83 163 139 55 210 44 135 50 71 253 39 237 1 208 250 7
    254 248 116 92 61 231 26 55 38 213 36 232 111 186 167 201 178 94 20
    8 219 243 196 178 110 243 185 88 41 28 212 133 131 16 78 61 95 236
    114 15 163 198 185 122 156 243 42 124 184 51 73 0 203 135 140 196 40
    203 60 25 188 53 97 252 224 241 80 229 93 188 143 189 150 132 183 78
    12 94 45 180 135 150 109 166 64 166 111 99 174 157 202 154 204 58 35
    37 120 204 107 193 175 183 211 243 69 44 239 221 18 227 226 210 79
    123 81 35 124 97 207 144 4 113 144 26 167 183 193 33 213 66 114 79
    247 0 118 53 63 235 206 138 30 27 103 145 176 123 128 208 197 199 41
    82 205 20 142 41 155 232 183 151 63 245 147 154 192 171 63 55 76 145
    13 162 101 109 255 42 188 153 72 214 208 204 63 145 210 211 173 15
    131 65 60 243 41 127 33 228 254 107 113 204 156 97 236 89 184 163
    159 216 181 207 7 20 196 101 60 21 140 76 95 46 34 230 94 53 224 240
    9 136 177 46 107 163 86 150 184 78 49 109 251 98 111 134 113 188 72
    65 185 64 227 7 240 178 189 149 13 232 81 198 119 240 87 176 84 221
    6 27 25 252 136 56 137 219 51 139 39 66 118 115 208 94 201 212 251
    74 175 116 136 194 244 194 59 230 104 85 106 49 180 116 9 177 14 106
    183 218 107 141 76 206 172 189 26 243 94 42 198 235 12 27 0 65 127
    12 13 193 86 204 160 240 92 174 171 233 53 190 29 119 162 25 91 49
    255 244 216 218 78 168 213 245 113 26 217 9 38 149 231 63 87 71 160
    155 153 153 58 36 189 248 64 175 158 139 95 106 237 227 141 48 46
    116 41 219 77 206 243 237 139 66 199 197 87 117 120 183 106 59 72
    168 112 111 204 130 208 78 212 186 254 242 203 202 204 166 157 92 4
    50 133 6 95 40 87 76 119 246 251 38 114 166 82 122 104 76 27 73 248
    142 211 109 181 9 122 208 31 132 144 124 77 254 135 22 194 141 101
    30 30 226 96 94 64 87 22 250 231 97 226 60 204 184 16 191 20 126 92
    67 214 42 146 134 82 182 66 228 187 192 201 135 167 253 199 198 106
    143 173 210 252 141 22 21 255 76 26 105 56 177 1 86 233 20 77 70 121
    219 214 190 38 114 55 10 206 140 184 119 58 104 67 76 103 237 78 86
    22 74 49 99 168 59 175 206 214 155 114 165 60 199 212 58 134 250 143
    93 94 77 136 5 255 4 27 98 152 56 27 144 97 117 125 180 16 38 232
    247 9 231 191 2 68 200 116 213 195 180 104 171 241 116 249 98 156
    164 126 59 16 237 248 78 70 221 7 106 51 106 175 191 78 190 74 68 65
    254 150 177 182 98 113 32 72 124 154 100 229 146 70 33 72 221 121
    247 91 24 82 32 167 121 0 25 212 221 128 0 236 76 60 234 5 60 171 6
    44 177 69 251 149 120 136 4 209 15 75 236 81 197 224 162 95 65 40 53
    49 94 45 97 183 201 205 48 40 169 80 199 127 132 188 138 202 199 34
    183 80 230 221 251 20 249 2 134 242 202 153 2 84 147 255 118 189 222
    38 32 10 216 143 165 44 236 205 17 117 149 192 179 237 250 96 176
    250 134 117 107 244 146 89 184 201 143 148 201 147 196 163 32 149 91
    17 39 47 238 105 62 241 247 178 178 94 245 180 233 10 143 96 59 10
    160 45 111 178 92 182 72 59 47 150 8 29 84 41 120 43 30 155 128 210
    152 212 139 91 75 203 53 4 182 18 243 255 234 68 154 238 26 9 118
    152 13 240 231 238 91 128 239 69 156 12 15 0 112 39 172 80 81 114
    152 238 241 137 83 46 251 88 73 111 235 240 247 240 123 230 153 169
    111 109 21 238 26 73 240 176 105 158 237 233 129 97 246 102 122 207
    235 38 177 117 80 89 255 31 245 46 84 236 79 223 196 206 184 87 169
    151 246 127 83 8 240 187 90 254 27 27 92 206 217 96 96 120 61 6 187
    206 126 1 118 124 248 38 170 181 83 144 112 53 38 141 204 58 173 124
    191 38 149 125 73 16 183 159 173 115 49 60 96 79 30 36 69 9 224 228
    5 90 87 215 218 39 102 14 136 205 222 224 161 38 158 84 57 74 204
    202 78 26 196 186 174 79 175 239 203 158 151 9 254 226 182 166 199
    89 188 50 45 234 182 83 182 147 250 107 94 20 225 25 53 161 130 137
    52 63 149 0 140 44 106 48 167 155 100 138 137 129 43 149 112 197 181
    197 71 27 171 171 67 145 109 30 145 217 105 221 31 64 118 181 175
    219 192 119 66 190 133 138 48 112 43 88 177 206 56 224 101 111 53
    101 231 245 115 185 62 195 157 196 236 219 194 128 64 95 102 224 81
    31 114 72 114 72 27 253 231 104 99 250 214 135 189 199 81 93 103 201
    172 8 192 7 122 219 124 22 109 180 74 100 77 185 82 227 250 55 24
    114 148 74 142 165 28 220 117 167 104 67 40 10 22 126 159 240 255
    243 64 117 114 59 252 175 44 93 153 237 118 148 129 207 136 213 234
    246 77 216 112 139 47 220 113 216 24 159 97 187 255 99 34 75 154 124
    121 149 107 87 176 244 156 126 249 124 215 176 96 147 205 177 67 108
    34 98 196 80 30 94 249 152 208 133 215 240 217 29 178 195 82 129 115
    0 170 196 120 176 133 110 11 175 180 112 11 248 161 109 18 227 63 11
    69 226 12 225 190 50 229 87 219 169 145 120 31 32 129 84 64 53 3 161
    22 216 105 244 134 236 63 148 44 29 244 116 240 201 103 86 245 36
    159 38 43 33 151 209 150 168 195 152 68 229 254 57 58 159 125 182
    136 240 254 76 20 223 104 59 83 124 243 112 36 66 160 204 118 89 58
    140 73 11 88 37 33 235 191 136 86 124 194 136 70 229 115 251 244 75
    9 101 113 220 158 143 95 85 61 37 236 135 15 194 108 54 92 205 202
    252 104 111 193 43 182 160 94 163 145 226 16 1 216 11 98 106 126 157
    153 61 174 51 19 9 1 96 74 75 87 252 19 85 213 49 201 183 155 190 12
    234 241 204 146 212 191 128 66 221 93 189 134 225 82 146 240 114 15
    204 219 210 1 73 166 107 99 96 114 62 41 203 126 180 72 14 42 9 168
    236 233 145 75 57 227 47 53 252 251 12 5 84 219 139 142 138 225 217
    5 110 245 235 55 172 165 223 106 46 107 92 69 173 24 4 203 42 146
    137 113 24 48 26 16 81 139 160 69 110 31 136 204 16 123 103 178 19
    166 20 140 114 65 181 104 157 84 72 66 166 137 184 223 229 13 145 10
    66 68 87 158 211 83 75 181 25 158 212 216 219 180 102 129 236 106 28
    66 195 250 4 0 197 26 68 203 218 14 131 181 216 48 159 98 77 88 71
    95 168 220 132 2 134 75 66 228 170 26 55 246 108 134 165 10 222 92
    201 16 192 119 188 123 131 39 51 64 96 107 129 99 116 197 117 154
    229 149 255 235 247 191 22 96 15 13 195 247 83 36 138 55 191 209 32
    224 34 162 65 78 78 197 248 31 139 212 25 222 40 248 105 191 190 45
    83 30 245 80 80 101 22 255 36 102 63 93 192 196 50 35 33 113 190 199
    0 20 113 100 188 186 216 84 104 105 88 150 31 77 22 19 63 224 29 243
    11 116 230 86 19 237 86 166 126 96 5 49 85 228 213 110 22 35 28 196
    146 135 143 232 124 146 34 34 121 77 8 194 89 195 41 52 163 34 60 55
    18 195 112 10 109 131 213 170 5 28 29 56 38 43 221 213 128 121 23
    135 247 116 202 16 101 71 237 134 147 34 4 130 127 120 140 26 198 4
    107 137 78 105 127 215 43 250 38 176 107 48 210 253 69 165 21 112
    134 155 223 57 8 158 139 62 101 55 168 75 152 246 127 184 68 27 34
    234 105 2 134 158 125 182 12 55 135 138 141 171 124 144 180 132 62
    49 205 87 43 174 0 119 217 243 26 195 104 145 39 185 103 81 145 206
    65 48 13 200 19 242 123 138 33 29 32 20 225 66 238 221 178 183 14 80
    60 199 160 77 229 16 186 170 141 49 111 235 182 252 194 161 143 68
    112 30 248 236 243 158 130 117 183 56 42 134 189 158 145 64 159 105
    176 128 206 171 122 132 145 35 184 241 138 26 25 96 173 163 154 152
    211 104 25 0 230 72 112 156 211 110 70 73 4 112 60 95 51 76 184 207
    57 212 145 231 194 77 57 172 165 171 155 214 129 171 18 82 168 135
    232 105 14 173 121 129 41 169 210 169 72 101 74 240 58 237 120 121
    167 67 192 252 23 115 144 29 137 58 232 147 213 133 23 210 101 49
    133 36 170 203 227 186 102 197 232 86 165 27 195 130 149 231 49 137
    52 14 250 124 188 250 24 249 253 174 101 177 76 141 117 90 37 87 246
    15 65 253 37 133 194 159 229 62 199 8 156 3 98 82 116 169 32 43 5
    212 61 180 19 137 117 34 21 58 15 159 222 200 163 222 56 213 243 33
    56 199 168 47 227 14 87 137 213 171 60 200 76 109 107 111 212 3 87
    45 181 202 24 41 188 111 222 151 183 66 4 187 226 118 69 58 220 121
    168 10 103 143 90 231 168 72 173 43 70 210 142 57 170 247 121 52 194
    6 49 18 210 111 40 120 218 147 36 91 71 1 198 187 68 130 21 89 68
    178 9 113 156 39 112 63 232 65 180 38 148 166 35 110 246 242 195 154
    93 110 244 87 25 108 49 205 18 118 45 72 248 65 216 171 46 101 251
    25 104 202 232 88 0 25 40 40 196 129 115 144 71 167 222 69 203 167
    239 83 206 13 246 43 12 39 10 38 103 106 20 208 16 62 46 34 58 233
    133 199 254 204 215 74 1 93 177 164 176 155 183 41 86 190 101 18 130
    228 50 96 159 81 48 174 81 204 221 248 131 62 134 231 233 150 252 48
    69 96 20 84 1 69 130 226 215 163 141 126 239 211 115 45 224 64 5 188
    38 159 126 131 93 142 43 203 215 191 39 104 162 35 171 179 64 86 85
    77 165 101 170 237 235 152 143 84 135 197 11 6 120 248 17 128 71 3
    47 95 114 180 196 248 5 63 210 253 166 140 12 132 121 54 222 101 40
    198 146 9 110 179 253 8 22 27 167 55 152 144 34 207 212 23 164 128
    255 175 168 129 50 78 38 33 32 233 197 71 65 204 231 213 217 156 163
    128 37 144 224 236 108 74 93 230 195 222 180 233 203 134 150 172 168
    218 151 170 245 16 50 154 195 193 59 140 5 169 199 194 220 37 97 202
    210 52 117 167 21 127 239 17 159 23 14 146 51 221 52 17 217 45 202
    130 110 46 183 220 16 153 2 242 18 70 67 118 64 35 214 59 177 148
    109 69 233 132 93 96 249 164 183 158 199 49 178 102 48 27 24 142 174
    173 218 115 10 156 81 239 71 126 86 111 155 180 193 143 191 90 133
    140 181 167 181 247 41 135 194 18 155 114 42 225 31 131 80 164 202
    251 211 180 76 162 179 80 4 221 213 222 207 46 17 251 8 60 205 88 5
    64 170 79 55 62 192 226 226 90 91 24 34 84 247 191 184 66 86 132 76
    59 87 236 7 10 95 175 158 31 127 191 31 212 34 38 54 215 183 234 237
    120 173 174 202 150 121 38 79 79 41 251 248 246 8 251 217 194 113 64
    14 95 161 161 60 74 0 235 171 115 56 76 149 29 231 209 65 86 12 125
    71 95 97 165 191 23 98 209 180 17 100 157 46 44 24 95 119 109 249 23
    48 66 147 249 147 183 104 147 167 120 70 200 41 61 116 27 79 26 126
    141 144 251 41 103 226 181 145 53 198 183 175 135 132 43 155 126 236
    145 243 12 139 162 203 182 190 68 148 152 183 177 100 248 66 32 167
    60 158 213 29 209 4 94 121 145 87 230 221 107 160 60 57 139 187 234
    167 230 251 103 92 101 194 232 66 80 68 187 168 156 168 77 147 162
    27 64 11 197 110 230 134 152 102 58 135 36 108 45 224 123 52 150 82
    121 32 210 59 124 5 161 30 40 138 239 42 90 112 84 45 234 224 135
    108 76 77 212 254 71 234 33 29 125 95 130 167 117 35 8 170 246 103
    66 126 190 45 56 39 83 219 19 14 142 204 12 194 89 160 51 124 220 32
    26 59 176 32 79 24 1 73 91 81 149 233 157 129 123 82 15 68 24 220
    116 135 241 146 149 39 203 175 84 136 103 18 162 36 232 88 255 238
    242 68 249 217 225 210 182 56 65 179 111 155 195 74 173 144 228 6
    102 143 243 35 14 45 193 184 79 6 71 181 191 174 208 84 47 97 133
    188 74 34 155 182 203 216 87 247 248 120 77 85 4 250 176 63 106 124
    77 167 137 17 253 11 172 39 158 0 160 49 121 158 215 45 230 69 155
    148 77 232 38 10 109 17 105 196 205 9 131 57 187 19 210 171 76 69
    160 46 65 39 97 33 39 122 47 174 95 60 15 34 30 56 59 197 149 252
    108 155 15 177 220 119 58 200 128 184 121 185 247 236 196 122 24 158
    249 63 117 160 216 166 231 43 88 93 83 55 16 246 149 201 248 65 154
    33 244 171 12 55 103 213 159 222 4 19 128 3 90 64 57 16 208 65 170
    207 212 124 5 182 70 55 9 29 111 157 120 205 98 49 17 14 132 140 34
    17 172 172 208 137 249 248 222 67 172 75 233 227 10 72 133 160 72 30
    137 23 129 227 113 193 57 111 255 164 124 157 154 140 73 105 117 202
    220 240 156 121 207 91 190 155 23 201 207 72 240 184 145 142 124 91
    225 53 5 255 242 110 32 141 151 28 6 195 245 223 78 213 56 180 25 8
    21 236 83 170 222 63 153 148 236 209 124 126 75 184 59 15 242 112
    183 45 148 159 43 4 7 127 43 218 54 246 150 102 70 168 246 29 24 74
    107 43 63 139 206 200 112 125 134 46 201 5 13 245 119 195 83 237 66
    242 198 249 93 229 214 37 234 127 49 17 221 9 174 31 98 15 172 32
    120 241 129 168 146 156 171 161 203 46 150 73 99 156 177 188 160 26
    35 186 117 178 5 29 4 80 135 77 171 96 91 8 125 47 55 103 64 201 98
    47 4 161 134 248 194 68 118 115 215 170 243 11 201 250 117 117 241
    137 165 177 214 246 5 209 116 192 158 51 253 232 221 239 92 131 22
    208 181 19 236 49 95 25 44 58 55 202 82 202 21 75 97 47 93 90 51 16
    165 122 200 0 228 91 147 165 91 43 41 242 228 162 84 213 185 96 60
    241 99 34 41 154 193 217 50 54 158 41 47 236 154 104 96 249 79 207
    37 217 159 202 233 152 91 204 48 26 138 133 156 235 128 87 29 98 9
    227 245 154 76 17 195 26 95 163 71 243 211 183 78 139 65 106 0 115
    227 9 49 76 101 12 31 183 17 234 190 87 40 35 188 5 63 132 224 182 9
    53 250 144 119 85 214 226 176 164 75 156 44 76 236 62 88 248 19 205
    185 57 126 86 16 236 165 100 18 27 149 4 41 173 82 82 75 51 186 137
    223 123 101 250 129 143 77 16 227 205 21 221 72 0 37 180 41 184 169
    0 173 127 160 97 48 120 220 229 211 233 146 175 219 57 253 125 39
    191 106 232 161 14 221 168 167 202 74 136 109 117 35 138 182 240 200
    29 9 87 174 241 131 234 144 28 214 141 243 176 66 194 186 108 96 222
    64 226 246 167 151 15 136 142 209 194 97 240 228 136 206 37 177 190
    55 210 251 86 36 79 149 132 173 128 165 153 118 102 94 196 111 2 88
    73 204 23 30 198 92 61 180 34 179 46 135 8 56 63 11 164 254 49 240
    152 101 177 76 217 167 139 194 57 81 35 108 118 173 120 211 210 101
    178 86 193 116 23 172 159 124 162 210 106 135 109 69 252 195 44 119
    81 104 225 149 37 70 165 157 245 133 7 191 47 31 67 71 93 251 125
    171 238 115 30 164 39 19 228 237 209 247 15 156 225 90 148 160 43
    172 165 145 90 213 89 100 108 178 102 231 213 155 230 170 246 61 21
    109 113 69 14 175 222 255 255 83 46 4 86 249 42 192 192 233 81 208
    246 151 49 17 207 0 65 89 40 98 119 107 223 95 4 156 193 62 86 209
    217 244 108 136 123 221 87 187 152 140 165 121 153 199 233 84 251
    117 239 133 140 44 23 89 130 5 119 137 103 255 41 7 213 37 15 173
    217 78 150 76 206 133 149 101 13 119 140 146 58 174 59 82 220 152 23
    233 224 57 235 72 209 117 186 240 84 91 253 63 111 74 83 61 235 29
    104 178 130 235 239 123 180 130 113 49 44 211 117 214 102 120 10 185
    133 100 9 136 255 81 104 58 72 153 116 89 132 90 48 71 243 175 31
    248 158 80 29 236 105 98 208 102 195 79 0 111 3 219 139 97 104 128
    137 30 99 223 54 22 234 198 129 21 165 235 30 192 102 15 204 96 51
    146 84 6 148 21 66 180 172 146 124 78 159 229 182 164 82 146 46 0 98
    100 79 22 28 251 54 55 130 18 200 108 59 238 129 82 142 224 53 170
    58 252 229 158 233 158 218 12 133 116 107 121 234 244 115 221 111 56
    146 233 206 75 153 237 16 28 127 170 181 158 40 31 128 140 214 248
    204 13 110 98 37 227 35 94 250 42 204 171 16 111 104 201 247 217 143
    188 220 18 1 174 25 220 83 177 212 99 71 102 190 7 134 55 69 67 43
    91 169 230 134 230 175 217 119 0 172 241 121 87 71 45 1 173 190 4
    219 119 129 163 233 67 231 31 84 170 48 187 83 19 97 139 164 88 54
    219 240 111 235 203 109 28 31 228 135 213 198 77 185 43 199 31 27 33
    163 137 184 140 162 226 166 195 132 29 125 108 120 80 131 128 11 158
    251 67 107 117 70 255 129 141 106 7 227 224 44 65 11 161 198 45 140
    40 242 34 18 123 251 201 24 3 188 255 48 9 80 121 20 97 123 107 80
    25 236 162 29 16 237 205 201 231 157 101 120 109 245 146 103 208 253
    57 83 30 93 11 8 134 6 139 0 90 19 187 59 66 96 119 161 120 77 13 83
    200 14 150 80 68 95 85 225 20 87 14 113 65 162 170 158 42 92 10 131
    51 110 62 24 134 130 173 28 188 102 189 62 149 231 51 54 58 175 23
    195 90 250 133 75 146 213 97 76 108 75 148 25 190 102 155 210 224
    123 93 196 0 40 233 26 251 190 254 205 88 15 172 209 213 107 17 137
    165 46 31 196 57 114 199 143 246 69 44 209 248 173 191 93 72 98 162
    164 201 149 250 132 183 167 211 77 94 0 29 243 87 173 224 40 242 180
    248 87 124 110 226 188 95 252 100 151 138 184 21 210 76 228 251 71
    93 94 141 211 162 126 180 133 96 237 8 237 146 91 109 162 143 96 120
    129 12 59 190 132 185 158 196 101 153 229 79 203 127 207 63 242 179
    245 36 1 110 158 108 32 220 208 176 211 88 125 66 75 46 162 1 141
    180 43 21 230 24 208 194 214 127 227 26 15 149 230 137 209 171 106
    223 168 14 197 64 178 50 92 240 180 192 209 51 210 247 23 217 141
    235 179 94 120 179 86 169 203 41 40 235 163 14 230 76 183 189 203 94
    178 22 238 192 141 145 206 253 185 161 36 241 65 209 158 144 132 129
    246 113 232 196 112 19 73 110 40 2 225 152 11 167 105 175 9 156 174
    13 10 92 122 215 208 0 26 32 195 91 120 211 57 34 78 106 141 86 97
    207 4 236 14 10 48 105 240 231 20 158 162 116 147 60 82 153 6 161
    234 139 120 61 151 56 141 191 227 154 43 137 140 18 55 248 80 18 203
    179 172 118 102 128 254 100 146 38 199 57 203 133 143 149 168 246 84
    37 91 172 20 85 219 121 14 8 135 139 22 97 0 173 223 168 70 163 201
    9 181 242 0 254 166 60 238 101 27 96 236 207 223 57 227 185 108 248
    194 49 30 159 133 206 16 4 100 38 141 237 174 117 233 51 160 113 206
    187 202 84 184 84 109 236 209 219 137 239 155 221 23 33 154 117 15
    31 96 118 18 114 127 106 62 216 79 103 126 65 70 152 6 55 67 176 225
    59 11 207 211 27 228 205 29 213 94 75 225 127 233 239 189 137 8 101
    139 19 194 37 14 206 81 96 217 210 240 207 124 64 192 185 208 65 155
    98 197 62 212 74 207 116 170 170 19 193 85 37 224 70 48 48 34 115 41
    150 105 200 129 190 170 197 6 61 110 92 71 14 16 210 199 177 64 15
    211 119 243 240 73 186 144 132 16 7 80 159 254 125 88 233 23 31 45 2
    2 157 185 89 37 40 146 222 239 231 88 71 77 47 208 158 45 107 143 55
    65 151 32 52 40 189 163 10 71 86 240 59 110 21 139 86 54 11 234 58
    148 124 176 53 8 107 159 154 51 138 166 251 186 215 112 60 125 0 163
    58 6 164 237 196 129 39 13 254 154 103 128 114 207 63 86 198 89 73 5
    197 63 242 205 194 10 187 72 165 29 235 137 9 44 200 185 73 30 206
    190 165 84 226 9 84 9 53 79 206 141 239 79 199 49 179 133 6 195 188
    218 71 163 235 218 199 219 238 119 162 5 150 192 107 245 52 81 16
    252 15 111 211 113 201 91 84 7 131 83 162 165 161 117 251 186 55 31
    141 23 83 99 112 42 83 133 16 15 138 176 200 90 113 255 173 88 242
    146 108 109 10 216 157 50 204 148 72 73 175 37 170 93 50 155 89 138
    145 107 166 10 150 86 241 60 36 63 39 95 65 70 232 137 45 118 130
    212 84 46 154 243 21 76 175 184 227 197 169 254 41 16 29 232 155 2
    109 247 169 171 126 127 173 237 218 221 141 119 172 229 118 55 206
    133 185 190 66 206 120 229 164 135 172 25 186 145 19 217 15 30 202
    49 142 174 182 219 171 220 221 239 188 31 37 246 131 67 151 208 57
    53 242 24 142 78 88 191 93 204 246 156 125 223 27 175 82 5 125 78 80
    71 237 210 105 69 165 88 46 104 173 249 1 234 87 89 59 86 74 253 50
    121 104 91 198 204 223 49 56 105 76 12 239 235 209 92 212 181 46 114
    105 110 82 255 234 112 123 44 42 250 169 234 157 156 218 81 24 154
    76 67 32 89 221 187 106 186 63 32 162 56 215 45 20 149 114 4 88 103
    128 184 198 43 243 143 211 90 17 242 46 92 81 120 180 35 226 83 231
    156 156 88 183 77 252 188 248 118 223 177 45 196 7 156 209 150 186
    164 124 223 89 196 152 58 49 44 133 192 100 45 44 150 248 31 148 185
    161 34 206 55 130 15 6 23 242 99 87 53 224 15 242 255 182 28 114 183
    19 96 139 164 156 17 42 18 32 199 103 15 177 103 140 206 80 217 20
    105 9 150 213 237 168 142 122 237 123 87 238 109 10 131 178 12 83 25
    182 225 7 42 165 236 240 164 77 24 74 218 91 246 47 97 200 164 55
    244 223 78 92 186 132 177 206 87 97 140 236 160 152 248 139 156 102
    126 15 72 210 189 100 81 88 122 230 143 155 142 230 106 247 106 215
    33 229 132 58 163 172 208 217 174 2 198 209 168 122 207 208 11 134
    77 31 25 48 15 163 5 102 179 106 156 1 208 28 91 154 155 125 115 220
    26 85 233 236 103 216 50 116 139 252 193 34 138 165 32 159 58 93 245
    101 58 25 56 154 104 91 23 128 248 81 103 221 138 115 250 130 225
    202 31 238 6 254 20 253 184 0 114 59 90 47 110 203 68 208 104 159 88
    139 163 168 169 123 131 250 20 96 20 108 218 227 204 17 108 180 146
    153 66 181 87 211 224 191 175 76 177 106 34 251 182 220 134 34 24
    135 240 20 77 193 6 118 44 134 69 119 77 6 226 162 61 232 223 93 32
    244 132 30 167 16 130 10 140 150 54 180 172 159 254 220 182 65 199
    179 243 85 73 102 189 223 60 152 68 51 154 7 72 247 53 255 93 196
    211 120 51 27 148 255 20 218 5 209 116 3 83 112 26 107 209 129 63
    120 235 6 250 19 23 114 225 72 220 130 245 118 203 162 2 50 36 40 95
    36 28 109 152 41 120 71 79 175 253 40 154 128 115 166 34 124 228 40
    187 26 181 18 156 212 21 168 203 181 154 134 75 95 76 30 49 238 209
    85 191 189 192 188 18 229 33 246 249 92 96 63 52 180 172 197 85 49
    176 120 222 12 145 21 132 236 78 159 169 36 242 231 199 176 181 11
    157 222 90 226 161 82 161 231 224 144 96 152 28 235 137 211 40 74
    246 40 27 90 70 165 90 178 245 37 15 217 252 51 132 178 81 231 196
    214 31 162 48 155 216 63 125 156 128 144 58 25 55 58 107 201 78 134
    179 9 193 40 119 46 149 139 81 238 153 3 228 182 118 80 13 84 247
    242 6 61 100 184 133 118 153 183 81 211 93 58 199 180 91 187 40 93
    16 70 190 86 49 115 205 16 44 65 191 64 95 192 203 55 246 143 132
    151 178 244 126 34 168 84 82 172 51 206 191 72 238 51 227 209 102
    228 112 160 150 80 195 240 229 131 34 176 57 137 46 113 163 115 182
    18 139 168 182 20 152 184 170 166 45 18 140 73 19 196 49 189 70 233
    195 146 31 61 142 110 48 129 36 244 220 198 103 93 46 169 216 196 30
    15 201 6 138 210 247 139 36 12 164 212 128 33 177 35 102 97 147 241
    214 174 34 89 113 45 228 37 207 36 187 181 235 234 58 52 51 89 53
    251 70 55 199 255 117 28 252 101 25 174 173 203 11 244 40 146 160
    120 49 8 75 115 176 176 33 118 225 50 194 15 243 226 47 167 171 222
    183 93 0 157 127 218 55 118 148 224 45 157 238 98 179 248 244 67 65
    151 187 95 11 48 183 187 40 144 70 4 207 10 97 100 194 227 14 168
    195 200 189 176 240 73 2 63 242 80 34 182 5 145 76 251 132 240 235
    165 181 214 102 189 83 8 125 250 210 241 49 79 242 205 12 78 166 159
    126 107 87 41 57 144 206 138 222 153 245 43 236 86 85 38 186 120 167
    174 77 207 44 161 190 91 59 229 160 96 217 40 107 233 133 78 22 50
    113 27 81 162 89 200 40 30 209 1 96 22 245 222 33 8 157 0 137 182
    154 144 28 99 241 30 241 97 223 158 205 135 234 71 83 82 48 31 87 82
    227 215 27 101 96 1 73 16 220 47 14 151 49 180 254 89 53 34 44 102
    33 220 67 41 209 105 250 97 20 234 38 85 210 185 249 185 124 64 222
    83 67 113 122 236 58 104 102 175 155 171 229 47 22 72 145 189 39 173
    105 210 114 134 131 50 155 207 57 40 54 249 171 93 4 149 99 245 35
    41 86 255 42 95 216 64 123 166 49 72 85 188 120 100 191 51 121 148
    125 185 45 209 71 195 65 40 165 44 103 162 97 58 240 57 66 244 80 29
    171 33 12 184 145 32 1 239 119 171 203 243 240 252 80 171 236 92 116
    174 118 197 175 244 193 68 112 25 192 47 191 57 148 44 218 9 110 124
    46 82 252 49 143 104 158 201 161 50 73 150 144 158 146 94 212 0 56
    124 143 120 99 114 58 5 40 155 202 81 200 113 212 127 159 80 213 53
    44 24 153 243 36 240 91 127 189 237 137 108 235 249 86 169 108 34 33
    210 62 76 101 194 55 21 119 99 37 93 230 44 201 239 147 251 37 97
    131 239 120 181 195 221 202 18 157 41 166 90 41 133 113 52 224 120
    236 199 249 77 246 51 93 236 235 113 227 171 229 36 250 65 199 229
    19 227 153 152 150 36 82 161 191 76 64 246 135 97 161 3 183 71 9 68
    192 206 166 48 148 41 178 139 241 127 163 37 149 97 163 46 144 36 73
    129 104 240 168 2 128 122 136 214 127 154 200 80 55 123 223 152 112
    107 64 78 225 219 222 124 255 97 253 111 31 65 163 251 211 185 201
    113 219 80 175 139 61 114 90 189 229 121 45 28 33 211 227 62 120 10
    254 151 157 23 125 62 152 95 11 76 198 43 106 97 143 32 139 188 206
    139 174 20 197 150 105 253 22 73 247 193 240 101 19 119 19 97 85 121
    86 106 5 129 90 42 40 19 199 166 53 97 25 32 36 113 90 247 61 224 69
    122 240 53 82 3 28 227 179 40 221 41 247 46 169 113 179 247 38 221
    24 240 148 128 11 43 7 203 107 14 82 112 48 40 254 23 126 111 51 10
    175 60 102 225 114 102 107 216 153 240 112 125 97 50 249 210 49 243
    186 115 170 24 254 238 3 120 134 203 0 46 40 76 24 117 184 154 218
    162 62 187 51 171 27 99 156 115 105 209 24 48 83 233 230 42 211 41
    81 251 178 140 223 16 172 47 167 31 144 30 168 79 50 174 132 68 192
    186 24 152 105 11 225 184 241 170 136 90 96 170 8 160 2 152 164 223
    44 187 228 86 1 39 4 98 69 2 193 84 108 16 114 185 180 94 146 87 193
    185 119 104 47 95 237 100 170 190 243 22 80 34 246 37 178 22 212 178
    115 144 173 43 219 218 90 117 26 50 111 230 202 21 235 246 240 190
    198 122 221 37 27 20 4 225 37 41 76 157 250 148 49 107 57 58 155 206
    56 228 141 13 185 26 238 152 122 102 78 230 105 182 3 77 197 180 219
    236 29 233 166 214 244 206 125 74 123 73 37 174 18 194 96 190 111
    200 33 182 206 160 194 193 254 196 25 169 143 113 150 216 47 146 246
    193 169 65 194 65 240 207 168 77 59 103 214 60 85 157 31 37 160 200
    253 247 206 135 223 87 204 57 109 204 137 115 8 104 79 236 245 65 87
    186 80 194 92 126 150 50 39 213 208 33 139 185 61 130 101 174 41 103
    103 245 148 148 35 176 218 124 108 130 90 67 249 160 159 211 103 240
    19 22 31 67 79 81 141 100 23 118 126 95 88 78 198 91 231 62 77 42 58
    159 47 34 148 244 186 72 250 98 117 213 216 170 233 141 202 198 88 2
    206 98 171 145 97 27 224 218 9 174 120 121 180 147 122 202 82 93 255
    126 202 60 151 226 69 82 71 119 119 131 79 48 12 200 229 184 21 114
    35 31 178 245 247 10 62 123 179 86 180 183 144 58 34 32 17 42 144 25
    65 85 62 177 168 116 48 19 16 204 57 158 252 217 183 82 247 34 238
    178 17 121 210 71 93 77 188 35 128 170 206 158 28 109 41 56 144 158
    179 202 63 235 59 29 177 191 97 1 222 56 219 155 246 27 135 237 241
    47 196 79 165 197 216 38 8 86 219 33 40 18 122 54 251 10 119 174 130
    61 126 234 129 50 228 182 105 55 149 173 241 30 115 136 248 240 24
    151 200 160 130 157 216 50 5 143 71 16 195 244 163 138 19 83 213 5
    215 192 147 25 162 199 233 229 101 234 0 141 209 157 124 66 3 202 16
    161 100 60 253 167 12 45 11 215 72 81 182 17 102 23 206 195 114 93
    96 252 150 222 212 76 189 139 10 94 32 202 119 134 153 197 233 172
    73 58 152 131 179 201 32 186 212 39 241 125 193 99 124 15 50 86 15
    180 49 10 65 172 217 201 37 138 255 117 249 141 63 9 24 156 22 139
    177 60 31 224 128 41 32 196 48 224 35 41 223 9 25 229 163 144 145 63
    185 170 228 36 195 247 31 88 141 190 211 210 124 194 29 241 28 225
    84 182 27 39 19 98 143 87 83 181 32 143 105 195 187 153 46 93 137
    247 200 99 204 221 166 154 212 242 65 40 11 106 159 203 121 64 251
    129 118 41 251 24 48 214 237 28 132 109 40 105 95 228 119 173 111
    220 89 197 47 162 73 229 216 109 137 159 97 237 88 135 190 107 217
    170 161 88 42 216 68 167 57 63 145 96 74 159 90 90 62 117 254 211
    253 183 39 241 24 6 138 244 63 181 129 151 240 179 203 163 126 2 134
    135 188 183 10 106 43 66 40 36 86 218 146 82 91 189 101 50 39 76 171
    97 127 24 156 197 172 50 137 131 80 164 232 9 222 213 222 201 239 7
    167 202 116 151 42 194 185 195 75 120 140 134 118 30 67 148 196 55
    234 16 11 181 184 101 163 105 86 173 143 72 251 121 63 196 39 252
    200 169 60 4 68 239 195 28 180 117 6 171 42 36 246 160 107 66 200
    181 15 71 237 39 138 150 183 6 18 255 16 37 81 112 63 65 201 90 202
    84 131 227 191 223 170 146 240 41 212 195 236 76 203 18 210 74 170
    166 6 188 125 73 26 231 183 53 138 21 56 142 79 170 146 111 198 191
    241 14 251 196 134 128 220 167 179 211 78 4 181 170 198 202 56 24
    127 30 230 68 191 81 134 79 74 11 173 117 231 222 115 72 18 208 175
    184 47 71 5 31 31 1 101 0 121 211 22 128 210 255 212 23 61 8 36 46
    217 39 183 242 44 206 181 130 75 153 6 178 248 122 191 97 176 46 179
    13 241 149 39 48 10 8 32 156 4 116 132 85 58 196 107 148 86 149 75
    70 101 61 203 153 105 21 180 210 23 105 74 113 121 160 135 36 173 50
    254 3 186 80 134 169 117 83 28 162 105 153 144 207 163 45 4 29 223
    74 52 172 45 101 3 132 199 166 82 157 178 114 182 110 185 86 216 35
    18 23 224 10 211 80 221 85 242 136 95 71 111 152 130 50 32 26 148
    202 153 106 190 206 26 247 193 238 32 93 4 30 188 8 150 174 63 180
    156 58 99 250 160 240 184 98 81 102 117 138 250 236 209 212 87 243
    161 134 247 53 55 220 83 218 93 6 78 163 17 131 28 10 54 183 87 195
    2 42 95 253 184 193 225 182 83 166 182 84 56 148 57 249 9 93 127 12
    135 154 216 76 149 184 143 159 141 177 46 223 107 51 234 170 4 226
    201 102 186 147 3 59 171 185 183 158 128 117 73 210 123 95 184 35 17
    135 80 37 91 78 51 113 167 128 226 215 217 86 120 229 94 48 9 233 50
    163 183 125 58 80 145 104 49 151 226 175 217 132 199 145 192 42 33
    110 178 76 113 51 35 59 175 141 115 87 54 244 183 185 162 4 184 34 7
    5 241 76 123 196 191 92 193 199 90 149 244 45 59 107 42 20 246 82 53
    233 186 117 66 137 250 237 10 27 70 88 21 142 109 205 107 113 254 8
    66 206 86 24 141 76 30 64 25 163 22 191 101 68 73 209 113 249 61 82
    110 197 33 60 250 142 5 223 153 222 87 118 34 120 111 114 97 68 240
    134 223 128 171 106 73 113 68 191 43 54 227 240 67 104 225 252 51
    189 52 134 77 23 0 144 50 2 27 127 66 42 217 238 134 207 82 33 5 114
    20 29 130 220 111 18 209 228 213 74 113 177 39 125 171 94 140 168
    195 68 138 75 20 208 108 227 165 131 228 212 200 172 250 201 241 45
    70 232 160 216 173 192 227 213 45 242 12 67 54 117 165 160 216 154
    25 172 218 164 209 150 103 41 122 95 170 226 97 131 192 148 230 208
    255 106 47 111 160 228 142 213 150 69 48 73 32 8 205 197 219 147 255
    74 104 17 222 14 54 15 186 198 95 73 219 211 29 14 7 235 35 168 79
    71 180 33 168 195 27 192 12 154 198 68 42 31 147 192 91 226 211 8
    116 61 243 223 95 181 95 88 190 233 108 250 222 52 26 210 203 110
    241 92 225 61 249 182 126 84 42 21 254 200 196 190 97 83 114 40 187
    163 146 0 221 122 73 85 142 118 83 20 166 216 193 33 189 139 234 124
    6 178 114 49 167 107 239 97 87 36 8 224 126 64 192 126 205 154 180
    20 214 243 71 210 199 94 217 111 12 110 7 85 13 54 67 83 215 99 46
    118 131 197 18 185 249 147 244 114 73 21 134 104 221 117 232 83 176
    215 103 171 185 117 37 192 10 46 187 212 253 135 231 112 217 39 47
    80 224 185 35 210 250 107 40 18 236 137 162 229 203 78 95 118 97 230
    212 101 95 38 17 108 174 178 162 182 255 163 17 255 192 218 247 221
    100 10 223 81 177 37 150 185 139 67 100 94 177 204 53 113 138 242 89
    109 185 253 12 220 160 170 49 177 95 156 175 243 199 213 137 157 192
    196 85 197 119 120 116 228 179 172 199 163 189 93 44 99 48 189 80
    208 248 124 76 203 108 149 90 80 194 9 11 86 182 13 222 69 145 234
    51 157 159 166 44 173 10 55 192 169 202 38 47 218 47 223 41 162 109
    152 22 207 130 210 231 139 107 169 69 164 73 55 61 60 172 140 8 249
    165 58 122 129 43 11 141 139 170 136 247 227 40 69 174 122 17 106
    117 209 2 235 192 159 194 143 6 105 134 21 130 143 191 5 58 107 216
    163 167 157 196 176 11 247 160 35 238 36 242 194 4 61 220 10 241 198
    57 57 237 3 8 12 87 242 165 88 212 218 70 154 46 62 135 253 232 14
    65 167 170 23 64 18 205 26 174 164 196 238 79 5 45 144 98 96 202 200
    212 249 26 79 35 131 140 35 162 96 134 52 179 88 245 222 254 222 222
    5 124 210 167 51 253 136 41 221 18 143 243 179 49 140 188 179 18 238
    35 150 115 107 49 119 13 167 96 47 224 240 40 98 178 101 209 31 90
    198 127 14 224 72 179 25 245 215 94 83 59 58 111 133 27 157 58 7 118
    94 21 70 7 229 105 150 39 181 99 60 165 252 103 217 214 56 238 243
    206 139 197 198 26 77 5 13 248 167 44 121 185 211 91 163 208 19 127
    172 7 158 57 224 121 178 91 93 190 25 208 24 1 110 95 50 202 108 147
    1 110 73 99 185 147 157 223 70 8 23 159 33 106 43 209 133 156 33 166
    157 101 104 164 78 97 28 134 200 206 92 88 242 30 220 124 204 148
    206 99 108 220 228 128 209 54 139 201 226 150 15 40 42 15 4 109 37
    219 52 102 79 203 161 158 238 0 127 183 112 23 184 172 133 178 193
    230 6 131 210 89 30 56 35 217 168 247 143 80 153 134 77 87 126 215
    218 9 43 221 140 112 27 182 43 254 132 226 234 58 169 44 187 183 163
    59 78 126 198 46 102 119 160 117 73 251 230 5 132 159 58 143 183 128
    47 107 132 13 143 14 2 34 61 127 2 74 38 249 74 100 254 43 102 81
    137 104 196 245 154 50 191 78 179 167 66 150 136 126 222 158 78 80
    205 180 215 45 84 99 171 153 64 174 59 70 90 163 123 73 46 100 65 86
    230 171 223 38 127 93 117 117 146 18 177 41 154 247 237 142 182 22
    96 227 212 48 237 123 229 70 207 209 144 202 10 29 124 89 166 115
    248 23 200 26 14 161 67 3 95 45 87 148 163 213 126 183 41 144 136 66
    196 202 28 77 169 124 74 44 243 53 124 57 185 52 119 33 76 42 81 209
    83 207 174 185 43 167 104 19 98 123 96 186 9 232 107 247 185 40 229
    235 73 238 39 3 246 241 108 209 127 12 109 46 49 255 109 226 209 13
    16 212 12 253 249 55 217 149 55 144 203 206 205 111 145 35 209 12
    230 133 6 16 114 92 33 48 248 166 247 38 19 170 242 208 131 141 182
    105 110 1 183 63 54 158 72 147 46 32 24 83 234 220 135 157 102 17
    231 15 96 191 157 171 159 98 55 221 209 166 217 2 235 196 246 163
    115 32 99 246 106 101 184 248 74 253 110 154 189 186 175 234 209 36
    89 194 27 156 187 123 217 4 206 177 190 125 79 127 155 254 232 100
    175 106 41 87 221 138 203 150 229 151 143 51 230 2 239 86 107 238 14
    140 112 194 106 231 51 13 190 52 40 246 124 22 135 65 16 187 48 100
    1 150 185 138 2 67 169 115 188 134 138 237 168 147 240 145 19 192 48
    185 115 11 97 80 53 0 26 152 36 107 21 178 217 244 159 14 112 83 7
    148 152 38 76 180 214 9 218 204 61 142 210 188 210 23 228 172 221
    222 231 249 186 241 72 6 233 223 112 19 169 18 111 65 208 62 255 228
    217 177 230 219 187 213 64 168 113 153 114 59 132 41 200 129 1 104 1
    203 185 125 95 135 221 20 188 36 77 78 19 233 183 34 155 146 236 137
    137 109 191 61 244 150 76 163 164 253 74 193 170 245 186 118 151 216
    148 208 212 94 222 189 109 135 203 233 77 224 67 123 189 152 14 190
    17 85 174 55 192 24 49 183 90 227 187 113 114 155 13 239 240 85 253
    184 203 138 1 192 24 38 20 156 14 206 157 61 203 160 165 75 56 234
    91 119 251 252 77 98 128 139 100 221 76 215 179 59 129 5 173 83 247
    26 135 186 238 231 161 196 212 42 119 163 225 48 17 33 217 214 117
    142 218 38 40 90 195 64 99 86 4 41 86 241 189 176 251 10 176 55 184
    67 72 200 177 33 75 229 200 92 189 135 166 134 216 251 123 130 2 9
    247 199 11 139 40 254 79 131 248 60 23 227 99 75 218 155 129 248 65
    211 22 168 142 122 144 74 217 110 251 36 155 172 101 117 159 106 186
    173 220 55 124 151 248 221 15 124 250 107 99 110 179 252 119 253 196
    189 129 80 12 53 123 218 97 85 89 42 6 77 62 2 81 91 195 27 251 204
    13 149 21 51 128 221 116 100 120 181 66 210 227 148 186 76 109 73
    159 126 24 197 216 127 65 164 97 14 72 52 78 50 135 9 240 224 160
    203 16 238 146 15 231 193 51 73 213 25 245 110 56 165 247 24 117 6
    242 18 59 150 244 92 115 214 138 106 46 207 203 98 238 194 183 160
    97 142 239 63 7 227 35 193 228 121 235 80 100 133 188 211 62 9 7 47
    244 100 110 178 105 195 0 15 25 93 119 93 70 194 93 255 116 111 167
    53 154 69 210 157 243 194 14 0 185 93 207 176 189 132 237 97 156 240
    147 27 6 18 46 255 102 43 253 34 129 244 57 187 236 91 126 255 198
    91 30 205 185 211 40 30 246 2 232 16 111 68 254 137 215 139 27 40
    167 24 225 111 74 41 81 107 115 254 214 217 251 155 42 21 125 95 255
    171 170 150 48 38 136 155 201 178 0 50 134 30 116 135 243 17 206 181
    10 180 36 33 212 139 209 43 141 53 146 168 124 119 156 16 235 255 76
    83 221 144 234 186 186 87 89 18 164 223 113 192 122 64 22 137 228
    169 113 190 225 78 47 153 5 92 102 97 132 73 92 117 44 50 248 155 13
    112 187 125 136 118 25 40 162 239 57 207 239 154 175 143 232 233 138
    247 245 140 79 63 31 30 245 52 214 231 62 139 89 98 33 85 107 173 68
    47 155 146 161 15 62 231 252 129 65 103 184 232 20 91 46 70 57 142
    160 86 5 226 90 245 255 191 48 134 52 232 212 77 241 161 9 103 222
    12 201 93 201 50 97 8 20 180 216 124 36 1 39 103 124 207 227 189 116
    98 174 23 15 106 146 175 10 190 99 51 23 154 26 179 109 67 31 174 94
    231 204 193 12 202 117 120 2 5 159 86 103 231 115 129 133 94 92 239
    248 117 108 170 150 67 0 202 196 234 82 149 88 61 37 80 11 186 162
    113 7 113 186 28 131 230 232 63 156 100 86 78 113 180 165 152 114
    214 6 55 23 201 70 149 157 255 140 46 28 60 192 232 109 75 201 134
    215 244 142 37 39 22 226 203 108 188 106 197 49 161 82 193 23 135 15
    100 46 22 250 43 51 121 178 212 9 158 9 186 248 54 246 102 32 111 79
    184 237 186 203 167 195 138 76 162 193 189 90 161 151 98 206 172 122
    26 209 183 235 239 0 103 103 85 230 199 134 148 65 18 253 64 210 49
    248 109 79 105 169 56 249 84 108 151 91 194 80 39 29 57 140 83 128
    106 211 201 40 48 246 42 216 76 172 203 236 182 220 137 220 162 241
    38 116 100 63 177 213 130 162 174 206 199 61 225 88 36 185 21 88 18
    93 126 157 123 115 198 177 254 124 103 220 104 96 71 32 227 207 100
    44 81 11 127 232 137 107 82 162 134 210 249 70 126 20 142 158 206 29
    79 131 52 186 16 57 45 138 202 100 86 34 194 19 14 196 195 253 58 8
    18 129 139 59 61 48 198 129 201 92 38 231 143 123 176 232 86 134 4
    39 131 22 239 134 119 149 30 83 127 226 32 166 112 43 187 74 40 0
    197 30 158 76 17 117 181 142 6 76 215 80 130 105 172 122 252 250 235
    172 241 167 64 94 135 46 119 35 88 255 68 16 144 62 125 138 67 0 77
    205 159 138 228 74 215 84 191 58 232 102 209 186 16 163 9 147 31 172
    136 206 111 116 29 222 157 3 198 8 28 99 40 190 184 178 77 152 180
    88 212 242 53 14 150 98 52 227 223 163 221 194 1 165 59 139 185 203
    89 209 158 193 213 200 158 125 30 3 11 208 103 166 213 176 61 131
    201 12 148 121 29 125 117 93 253 160 1 110 40 22 54 254 122 38 51
    119 227 5 106 14 217 20 223 94 217 2 40 97 70 161 16 140 237 47 117
    197 197 80 66 243 90 193 200 157 49 213 167 125 172 211 16 88 42 124
    177 35 233 50 175 155 223 222 123 55 96 55 224 137 155 6 154 238 55
    140 106 48 195 9 76 201 103 255 174 194 17 80 39 173 120 111 120 224
    234 183 64 174 155 237 232 161 144 16 27 177 196 18 232 146 225 153
    76 166 234 55 84 131 102 15 195 198 175 38 7 76 167 93 12 138 44 254
    133 74 229 26 57 109 251 221 64 24 43 26 16 59 18 127 217 184 221 37
    87 67 197 105 175 113 224 105 137 103 93 215 173 171 18 34 93 107
    137 53 185 174 208 224 195 191 41 231 53 186 200 31 140 115 14 233
    141 250 133 223 41 5 211 173 197 49 21 59 224 151 29 65 10 184 78
    150 254 216 217 137 187 45 176 169 117 70 67 177 224 175 55 68 36
    143 53 39 226 89 117 154 216 128 251 158 37 126 150 3 170 62 239 211
    68 222 228 235 58 57 37 25 44 202 155 138 12 51 123 34 73 224 234
    179 246 224 79 231 74 1 32 72 248 82 68 19 184 2 186 29 213 56 72 22
    59 38 11 62 193 202 88 98 82 184 137 71 133 71 53 57 83 91 215 141
    197 113 161 235 9 96 84 4 117 249 36 11 12 205 231 123 138 58 28 156
    2 228 218 147 33 174 153 16 62 57 215 117 90 51 230 11 134 124 69
    194 60 163 98 246 59 255 33 205 8 89 121 15 76 76 15 248 17 194 207
    16 79 101 229 42 185 239 225 233 106 193 167 226 116 85 60 230 223
    212 189 150 106 2 225 150 101 79 252 194 7 127 185 36 183 95 44 243
    16 77 101 162 88 101 129 231 217 85 97 227 15 242 229 190 172 217
    198 87 168 11 100 62 84 203 224 19 85 203 149 91 78 129 173 246 81 1
    202 118 143 137 138 124 136 199 253 69 217 110 80 51 78 109 72 223
    19 15 14 99 214 98 147 68 191 195 178 175 2 69 47 117 172 38 103 113
    138 213 242 231 28 183 254 162 116 168 147 239 169 141 132 232 208
    64 223 212 239 243 114 251 107 240 16 165 15 100 205 197 133 253 121
    239 50 73 89 131 56 171 82 4 227 92 152 5 193 145 237 235 46 81 145
    242 187 133 44 27 142 96 178 67 146 139 154 13 84 122 150 86 201 88
    12 27 227 105 63 186 97 148 132 221 6 219 9 29 78 41 95 127 227 131
    11 157 147 169 212 110 25 131 89 77 119 63 210 137 154 93 12 226 142
    3 58 91 184 0 202 74 52 249 233 207 95 13 213 150 36 103 125 100 37
    177 232 63 26 152 37 77 157 61 169 105 148 164 226 31 255 198 97 43
    130 215 114 161 179 39 227 218 124 0 214 46 227 57 82 169 31 245 224
    189 7 37 103 104 142 24 51 148 49 165 173 140 156 152 111 84 72 87
    47 171 200 68 51 139 62 71 210 150 134 228 1 85 89 204 173 172 54 72
    38 201 165 211 40 102 164 247 26 120 2 241 62 83 21 13 159 75 254 55
    42 87 254 55 36 220 70 229 25 199 14 159 96 220 14 3 205 110 171 179
    86 194 245 47 101 105 37 187 62 33 149 189 33 219 106 7 138 187 224
    57 215 11 117 9 198 165 47 12 171 198 221 139 182 16 100 210 65 131
    202 222 191 75 175 21 165 43 48 39 91 179 100 211 217 144 176 164
    202 120 78 97 47 174 239 165 248 216 167 81 11 169 103 95 132 173 79
    97 86 222 54 141 181 57 167 33 152 94 84 16 4 207 234 235 223 104 12
    231 79 56 177 142 31 251 48 95 148 207 6 8 240 92 69 196 63 7 127
    228 126 112 152 155 154 193 10 164 180 81 18 253 177 214 174 18 123
    62 210 154 11 2 195 244 151 87 63 184 143 85 219 116 79 160 131 171
    40 58 229 6 156 184 155 160 131 79 141 19 106 99 64 126 130 156 1 15
    19 6 2 36 144 220 167 37 240 45 53 77 236 139 107 135 173 93 66 59
    42 71 182 35 166 252 112 79 25 125 153 235 68 174 143 221 195 33 52
    223 131 199 238 238 1 57 42 134 132 23 163 120 173 22 13 244 88 167
    214 57 11 173 106 160 191 71 225 250 104 186 27 55 17 220 11 115 100
    173 48 234 133 107 32 244 191 198 172 67 12 123 88 83 181 148 158
    162 74 40 17 239 227 20 40 49 156 106 85 95 54 126 159 77 74 42 198
    113 112 255 147 119 32 111 116 178 99 178 90 204 54 60 241 137 77
    178 41 149 18 152 75 242 102 58 214 31 165 243 2 49 15 190 208 250
    77 56 223 2 136 76 169 213 230 137 118 105 114 62 192 132 4 121 251
    187 81 97 86 192 2 73 59 12 6 238 141 9 73 20 238 177 15 226 95 196
    169 83 102 150 42 34 94 127 14 242 17 11 22 153 67 252 12 157 253 5
    0 185 55 138 223 101 135 127 29 108 152 247 122 46 145 204 204 245
    195 178 221 201 72 167 34 115 165 33 132 148 146 51 109 117 69 64 40
    130 245 14 71 193 23 141 17 140 166 25 85 254 172 225 235 127 231
    190 113 87 47 249 41 166 152 192 93 232 242 27 174 155 255 8 126 155
    28 46 31 166 251 57 185 155 106 171 132 196 35 175 144 113 26 143
    143 35 57 237 120 189 241 47 249 229 72 34 81 85 141 134 39 196 177
    129 2 250 223 95 6 221 176 80 164 171 212 29 68 113 74 212 207 33 95
    241 66 13 152 223 31 247 94 166 250 77 186 234 230 234 73 57 47 185
    242 84 192 51 55 129 126 113 203 115 161 161 37 174 25 85 226 137 48
    145 198 187 91 162 108 224 183 99 131 153 253 120 91 122 53 220 124
    154 32 2 187 81 18 171 207 158 103 11 244 91 75 199 74 40 156 249
    157 138 38 127 41 54 204 5 144 202 79 186 151 221 130 129 216 122
    162 47 106 44 153 170 143 236 111 178 78 43 122 165 202 118 191 154
    237 20 152 162 82 68 107 126 206 247 117 73 138 143 185 131 231 113
    244 49 180 40 46 203 219 95 72 94 243 117 209 47 164 9 6 169 183 141
    177 93 93 1 174 30 221 56 17 70 165 217 204 153 224 87 184 229 129
    150 115 120 104 58 58 72 233 76 66 235 244 102 182 191 94 220 30 161
    119 33 119 63 15 30 31 173 224 24 19 247 128 155 94 208 98 64 236
    237 93 168 77 58 49 82 191 188 175 211 218 70 144 5 130 187 245 111
    96 190 127 129 47 86 206 187 204 91 136 92 229 221 37 70 59 60 96 47
    185 56 152 79 150 183 89 85 16 90 153 210 146 192 133 132 42 176 216
    134 97 130 111 155 241 232 104 194 75 207 55 140 159 222 82 119 2
    248 109 14 77 73 104 131 233 190 92 38 157 32 56 144 190 85 164 154
    159 232 47 77 139 16 235 103 111 236 162 251 105 156 226 241 151 218
    49 63 197 90 51 189 44 172 222 171 124 86 148 137 237 153 107 204
    197 110 119 151 96 93 54 251 12 250 188 99 126 70 163 22 64 63 93
    208 186 255 205 217 24 216 196 20 162 54 95 48 38 158 218 43 142 22
    245 43 133 112 196 198 93 36 139 110 224 230 33 236 252 206 237 145
    51 217 84 159 125 183 94 114 209 39 237 242 121 116 0 231 164 60 104
    0 185 109 227 255 200 232 60 43 18 30 194 63 238 216 145 143 221 89
    252 50 56 208 55 85 18 225 236 152 30 236 91 186 170 42 148 147 25
    154 214 244 221 195 60 65 115 162 237 68 110 214 170 56 209 48 130
    223 219 66 89 198 90 196 249 184 252 14 46 19 23 205 251 18 44 70
    104 241 181 99 114 184 26 174 170 60 30 87 65 27 79 95 116 16 27 82
    70 188 99 117 25 249 140 156 83 21 211 152 208 66 186 216 218 95 127
    4 237 38 219 7 52 174 76 63 182 41 199 102 58 248 20 218 114 131 192
    74 116 136 226 250 42 50 167 164 163 198 141 18 208 136 34 247 159
    184 111 63 219 88 138 21 155 72 226 150 138 154 159 85 186 249 69 91
    97 128 28 152 62 234 35 223 166 102 192 227 146 63 114 56 155 185
    212 84 152 216 247 159 233 82 28 248 206 13 162 95 83 19 246 77 127
    133 63 187 102 4 246 14 98 132 253 83 108 26 185 228 88 48 121 246
    18 223 225 129 183 26 135 176 21 201 151 125 62 145 10 26 42 202 160
    98 5 211 12 146 196 92 250 207 189 1 132 51 83 49 5 95 88 169 168
    117 66 52 224 26 168 22 78 255 194 180 55 153 131 242 100 234 54 9
    139 92 145 18 148 217 155 103 99 38 168 78 21 107 63 216 209 172 84
    247 42 142 69 57 149 16 223 190 209 212 84 92 247 125 35 250 105 123
    107 32 163 190 83 222 234 161 139 3 113 254 63 131 1 201 36 249 13
    187 176 227 171 168 9 207 119 77 123 217 133 170 211 78 185 100 214
    144 1 12 75 223 104 105 69 55 140 83 153 137 12 85 89 16 95 145 195
    66 105 1 23 27 227 165 6 70 96 66 139 35 46 127 163 215 30 119 91
    165 9 9 33 6 59 98 89 149 143 44 241 192 133 156 171 221 91 245 15
    30 45 233 219 184 1 106 253 90 144 86 102 79 226 23 37 211 150 33 76
    181 207 136 160 230 127 9 237 249 57 27 212 171 115 158 50 154 138
    175 45 166 0 113 40 161 150 209 108 95 161 70 126 79 6 17 103 166
    124 255 43 169 19 251 101 64 133 170 205 201 111 213 39 120 54 120
    26 235 41 235 83 197 134 229 74 164 10 241 3 109 188 132 37 105 255
    178 198 209 117 252 178 131 7 138 214 160 215 25 49 127 34 208 201
    52 167 86 20 191 61 139 151 162 65 11 18 10 160 164 184 185 125 71 4
    54 167 253 171 39 187 2 74 120 180 220 111 76 109 182 169 99 42 146
    31 77 176 9 189 65 20 31 59 217 30 91 255 158 222 56 63 69 76 209 70
    208 104 245 142 234 210 250 12 97 222 147 163 220 101 59 81 178 206
    121 244 172 144 68 68 131 179 6 86 142 255 30 75 97 176 103 179 12 8
    250 195 66 211 205 161 185 132 5 150 34 47 249 124 77 123 206 89 87
    239 226 196 103 66 235 248 230 4 36 146 130 173 72 153 58 33 165 72
    138 22 55 164 82 52 70 58 32 200 101 92 194 161 192 112 62 210 107
    254 38 184 28 221 30 86 103 214 45 137 35 110 144 244 107 53 223 239
    8 240 221 106 203 24 18 187 108 239 225 119 16 248 101 79 140 111 26
    137 151 240 157 244 129 89 82 164 157 244 200 47 174 187 109 126 181
    32 6 78 205 225 7 74 99 90 189 101 49 200 128 161 111 101 42 59 114
    162 207 207 10 39 92 13 65 254 172 61 53 166 8 230 207 216 118 207
    56 219 126 210 187 184 177 67 84 139 133 201 42 219 105 111 113 18
    165 172 226 141 109 2 28 154 46 248 113 148 169 198 48 24 129 71 69
    250 218 235 143 57 168 153 43 21 188 165 73 120 30 168 195 43 99 76
    175 67 208 165 48 78 115 126 216 109 88 230 122 213 181 244 13 56 13
    121 188 245 176 39 187 20 152 10 68 98 119 162 67 22 172 156 11 169
    93 171 245 91 170 195 173 128 175 37 119 105 238 87 19 125 237 2 154
    247 150 121 194 4 99 67 162 144 91 126 96 232 184 33 72 49 62 125
    122 63 232 242 67 235 23 150 61 60 244 213 63 71 101 75 178 185 124
    124 17 223 153 132 105 240 44 133 93 228 38 247 28 101 220 125 130
    166 68 23 246 114 29 217 207 227 181 143 178 60 175 94 1 255 122 98
    152 141 123 126 87 217 124 48 232 36 253 107 24 29 70 33 196 99 157
    59 248 218 58 191 33 177 209 151 225 11 64 78 185 52 176 74 197 5
    174 140 7 154 239 86 29 36 17 70 242 67 19 173 195 49 135 162 35 223
    88 112 185 118 251 48 186 23 53 5 29 151 133 242 50 215 215 111 11
    53 34 39 74 29 3 228 213 150 155 39 172 188 238 10 116 107 6 245 73
    10 244 233 81 133 20 177 178 223 40 4 170 76 160 32 4 93 199 213 126
    140 97 86 204 71 116 139 127 149 70 9 21 33 14 2 155 22 130 16 96 5
    246 173 12 114 82 82 133 128 248 114 209 180 247 95 77 23 134 241 66
    106 66 251 150 96 35 128 89 85 76 184 83 192 37 109 2 49 254 75 233
    72 55 174 136 4 99 34 243 118 7 41 142 14 112 76 125 223 188 158 33
    141 176 159 175 140 134 208 200 190 148 239 226 197 4 95 241 139 167
    28 11 233 47 172 162 211 75 23 127 246 164 231 167 247 156 159 135
    107 161 138 145 253 227 175 48 174 20 111 172 200 139 94 135 228 27
    46 167 245 94 247 156 157 132 203 35 186 102 21 109 171 246 11 36
    170 129 184 206 125 82 36 41 224 124 138 212 132 224 184 190 111 154
    162 224 30 72 86 234 179 143 121 46 192 113 156 123 155 246 106 127
    146 188 142 167 56 255 252 17 209 99 216 59 161 68 238 30 100 99 128
    111 254 8 14 117 240 143 168 178 211 3 210 135 72 71 219 139 191 181
    142 17 150 4 124 41 215 200 142 22 105 103 98 246 135 141 140 238
    252 17 94 55 212 97 248 254 70 165 101 172 69 71 92 126 132 159 82
    168 203 245 238 34 234 210 145 142 147 223 184 175 27 38 28 83 31
    137 225 84 53 49 15 160 63 236 249 230 202 240 214 114 158 211 52
    109 195 6 37 69 223 227 242 0 32 33 138 86 36 52 0 244 247 50 243
    164 155 31 155 61 24 158 97 244 144 252 152 175 88 161 16 154 177 4
    251 17 234 227 147 251 106 5 240 220 167 195 131 108 80 115 39 246
    18 245 12 41 90 179 104 75 0 135 103 234 175 95 96 179 199 190 35 62
    149 47 23 169 121 126 59 220 241 15 251 151 199 252 215 64 205 173
    138 159 32 92 245 120 120 210 203 226 28 69 46 47 227 34 90 186 117
    167 160 206 164 63 137 117 27 180 179 252 244 137 74 74 255 103 91 2
    177 71 149 88 17 98 102 79 31 244 1 162 32 94 27 126 230 14 114 73
    177 67 27 239 212 197 5 74 18 84 196 22 105 42 100 56 171 23 59 46
    59 13 58 90 169 6 188 143 156 49 1 7 109 1 1 157 82 25 53 126 146
    140 75 186 32 164 160 0 24 26 70 62 182 19 88 55 187 123 61 159 124
    45 240 207 113 184 231 236 7 16 212 130 161 120 239 189 158 205 125
    45 114 38 127 207 52 185 0 89 215 229 168 126 109 220 178 113 123
    190 224 237 88 110 247 170 77 246 170 171 240 109 170 172 119 59 180
    219 228 50 194 217 221 40 109 214 248 27 158 144 24 215 244 188 228
    168 227 203 162 190 140 40 217 31 205 162 122 140 13 229 20 177 191
    143 209 125 1 145 127 8 139 55 80 203 149 155 15 82 6 192 153 164
    139 66 81 68 248 13 187 191 148 22 253 197 133 204 246 67 243 159
    116 5 167 34 30 87 73 68 247 98 138 169 130 87 174 8 153 187 12 224
    3 138 29 24 170 92 135 21 241 242 87 197 210 38 146 14 139 202 196
    211 164 219 89 238 249 19 42 202 212 35 199 52 51 52 217 7 33 191
    102 193 88 150 168 82 179 83 237 103 27 71 216 39 192 220 94 62 6 66
    246 152 143 61 28 129 83 36 110 57 199 215 249 171 73 78 222 111 231
    231 176 249 217 114 235 112 68 155 36 228 139 105 181 148 29 212 87
    117 142 16 205 103 11 179 37 112 23 155 19 18 3 62 39 41 46 13 200 4
    115 130 35 131 87 141 197 97 62 9 244 198 201 236 44 218 212 166 183
    163 33 11 110 172 112 165 123 158 242 18 148 223 118 89 89 178 230
    238 238 177 163 254 68 161 112 129 211 57 109 35 68 4 19 192 66 12
    123 234 178 251 11 109 211 237 252 40 54 127 133 194 154 6 114 255
    91 77 137 159 214 236 97 125 207 133 200 247 32 48 27 41 22 221 211
    230 19 169 12 211 91 89 100 7 29 52 135 10 65 75 189 164 94 169 179
    42 228 34 102 131 183 39 0 65 235 204 209 38 215 32 78 251 143 72 78
    138 217 11 1 4 139 118 36 56 183 99 91 35 174 227 155 193 144 120 62
    147 116 90 63 208 170 94 201 211 108 96 64 235 106 12 193 61 104 23
    142 179 125 112 20 181 253 215 45 111 241 233 44 1 243 70 88 224 161
    139 211 197 137 200 110 183 54 187 109 211 155 239 217 197 55 244 87
    238 113 236 69 116 218 39 26 36 195 99 213 245 160 149 233 183 131
    79 192 68 180 150 215 57 252 209 170 90 69 212 251 158 59 232 211 5
    108 54 198 21 153 158 4 139 230 197 71 140 139 146 190 70 20 190 90
    182 3 75 147 162 34 38 85 94 36 149 23 141 204 151 238 144 214 153
    11 114 51 202 38 169 255 24 218 52 212 12 248 58 158 218 18 246 116
    138 88 253 39 118 43 132 116 51 169 201 210 178 56 217 180 10 154
    158 65 189 24 153 45 7 243 176 106 142 205 213 91 205 199 63 210 72
    241 66 253 103 29 134 180 56 132 16 144 3 235 54 143 209 186 119 30
    193 200 59 122 197 2 3 98 45 121 51 251 25 82 253 128 55 240 99 96
    237 254 106 76 218 74 143 14 95 205 75 225 30 46 225 189 240 158 124
    195 237 45 134 41 135 147 228 37 218 60 120 30 88 127 159 254 195 7
    174 84 189 69 179 99 126 95 153 204 43 208 155 62 22 0 147 92 23 245
    230 8 249 203 59 156 112 52 32 173 33 249 153 54 254 142 92 156 72
    126 94 92 155 40 223 145 97 240 34 127 122 52 166 39 107 142 24 104
    66 197 208 106 220 202 159 200 99 178 105 21 84 186 6 71 100 117 193
    175 139 92 112 182 193 76 209 172 108 168 68 61 241 228 249 171 44
    211 4 102 137 238 114 24 149 59 97 53 165 87 55 201 190 164 108 224
    202 88 213 37 12 103 2 95 160 182 149 196 108 220 250 224 8 22 64
    106 159 174 40 245 110 179 71 183 81 169 254 136 138 199 22 170 22
    201 220 195 146 139 189 121 157 75 61 149 22 111 83 178 238 45 90
    114 111 208 199 225 67 190 157 89 15 209 43 22 101 248 38 33 213 178
    239 107 94 81 22 100 169 118 35 9 164 100 235 94 159 248 85 106 91
    189 173 249 179 51 134 25 200 95 103 248 204 105 12 25 76 172 123 97
    53 89 116 193 33 237 157 55 47 163 150 77 240 79 125 47 140 19 28
    200 30 15 41 74 111 240 225 80 199 116 9 132 150 108 239 163 101 26
    76 135 123 159 1 173 114 5 53 77 72 181 255 243 1 104 174 18 251 148
    227 169 181 119 99 137 32 53 119 71 217 211 77 124 237 94 171 147
    186 136 68 119 135 217 133 142 188 160 58 24 39 240 235 214 9 66 46
    156 53 215 248 197 217 98 112 220 201 220 254 93 141 207 144 30 123
    206 196 56 85 124 114 105 190 112 133 140 214 229 210 76 200 204 12
    247 22 172 104 9 248 204 158 113 204 164 159 147 145 76 89 29 182 69
    239 140 157 225 141 157 18 56 24 44 35 156 215 235 180 3 45 23 151 5
    48 126 136 245 171 62 93 243 128 153 14 147 207 21 109 22 71 117 61
    132 108 68 249 168 29 184 2 246 33 185 76 180 126 138 69 44 231 26
    31 115 110 182 101 24 141 77 58 46 181 33 160 31 110 61 169 249 151
    229 26 0 165 33 25 34 134 52 179 44 52 169 90 234 78 100 30 102 240
    239 109 224 136 233 43 55 162 201 32 53 183 185 159 133 26 241 156
    44 238 74 88 118 191 12 66 240 143 50 70 139 35 192 119 120 129 135
    166 187 63 4 121 128 79 81 215 154 175 197 224 87 127 83 114 31 200
    225 57 90 0 180 73 87 224 113 251 140 8 22 161 25 13 115 126 0 105
    235 123 236 221 107 50 208 171 71 100 42 33 83 155 132 204 166 113
    213 6 182 188 118 93 97 56 8 89 251 225 160 218 227 230 199 220 245
    202 247 123 218 254 141 203 18 1 247 60 73 246 225 95 67 59 39 176
    232 221 234 231 70 2 231 233 58 28 6 185 207 60 63 156 132 40 89 193
    19 148 38 120 188 96 240 48 197 154 147 65 127 54 142 194 150 120
    121 73 235 168 244 145 81 88 246 209 122 237 62 57 45 23 236 254 114
    113 197 197 160 89 215 102 65 158 58 26 38 103 54 255 93 1 205 77
    174 233 231 182 171 71 177 49 228 225 22 124 48 10 140 89 88 218 141
    33 106 101 120 125 141 174 139 59 236 11 84 94 186 202 182 248 253
    159 200 214 122 192 38 98 57 60 64 48 51 61 1 35 207 73 14 127 56
    205 252 80 92 249 57 41 242 69 223 211 60 176 77 109 4 216 104 156
    74 79 156 26 120 2 167 71 67 132 208 87 212 155 67 203 178 208 58 36
    48 208 234 185 138 164 160 240 200 77 39 104 214 149 44 18 174 121
    89 136 244 187 254 128 45 36 231 177 110 135 46 82 13 204 198 196
    243 107 145 175 55 127 11 208 111 150 110 211 228 115 142 93 167 46
    133 240 11 146 16 132 115 136 17 19 37 142 209 2 83 145 192 11 155
    122 225 27 198 48 195 168 200 207 63 255 98 86 183 43 146 74 52 197
    107 206 51 225 148 237 105 8 160 118 209 252 186 53 151 26 138 139
    158 225 240 226 230 64 219 33 161 6 85 193 55 78 86 41 74 144 161 64
    229 24 104 91 125 12 185 10 251 77 117 126 151 8 232 176 59 174 44
    132 43 53 49 37 153 183 60 185 251 55 23 66 69 240 243 49 54 237 131
    130 58 213 157 254 5 225 117 35 27 171 25 1 77 88 163 225 232 164 52
    80 24 69 186 173 173 214 173 96 190 192 217 21 147 89 141 236 128
    180 134 111 19 14 244 195 230 1 205 83 125 247 92 147 152 91 93 6
    149 232 95 179 253 184 135 179 49 100 11 204 250 203 87 46 146 52
    179 235 215 10 51 15 157 136 168 44 20 67 202 176 224 173 17 45 231
    33 126 14 65 241 150 163 7 87 62 40 108 214 114 127 112 127 2 239
    169 24 136 165 35 235 54 202 202 140 53 137 109 227 86 43 233 226 56
    96 146 223 86 123 191 32 23 60 36 215 44 217 17 156 20 223 34 226
    240 97 229 46 141 105 47 255 250 121 216 12 105 143 155 99 131 25
    213 27 221 4 5 15 143 252 115 236 87 191 244 212 21 7 66 59 205 57
    254 189 11 44 50 199 125 76 240 101 246 64 228 148 72 179 109 197
    132 213 183 145 54 139 175 243 145 125 73 135 0 96 107 255 17 113
    130 163 231 64 176 23 235 183 99 117 152 172 210 39 16 49 55 50 20
    14 175 7 82 47 230 6 229 11 236 101 26 185 221 15 15 49 122 125 155
    112 210 209 49 200 150 235 246 149 213 10 204 100 84 33 0 108 252
    104 79 58 242 107 114 91 66 43 80 11 176 179 199 95 227 139 146 187
    35 109 144 177 131 53 90 67 21 161 164 67 235 122 52 140 233 233 2
    239 85 204 222 70 27 219 105 118 64 98 60 232 158 116 238 12 15 168
    127 92 63 146 53 235 119 165 217 70 129 158 220 211 78 119 93 214
    218 1 110 62 7 0 137 111 75 188 159 92 210 177 171 206 193 213 248 4
    3 125 74 199 90 85 208 71 13 165 140 81 63 20 41 15 132 152 4 205
    190 141 88 64 158 58 215 122 44 28 91 195 254 8 103 227 54 54 115
    190 39 31 69 130 19 17 7 253 84 59 225 183 115 76 199 55 137 46 246
    42 10 174 106 67 173 202 151 145 177 219 65 29 240 32 70 178 186 36
    233 204 102 113 245 16 55 120 63 19 248 239 242 57 54 136 252 150
    200 229 5 156 83 88 185 62 168 228 30 220 1 252 204 205 79 169 41 33
    72 179 28 98 234 106 84 237 214 195 94 73 134 243 61 235 168 77 184
    42 187 67 177 177 107 21 144 122 41 240 141 27 58 42 92 64 131 103
    236 214 154 236 233 112 158 7 243 25 162 248 208 92 142 56 88 169
    190 139 68 144 111 84 177 60 101 89 203 205 220 93 57 192 218 177 61
    178 237 107 61 129 177 196 77 161 149 162 252 188 232 63 212 11 218
    191 92 188 60 88 239 171 229 35 229 211 215 101 234 55 138 145 237
    249 93 248 190 89 199 177 192 132 24 32 71 147 240 19 212 232 242
    245 223 18 9 75 49 49 8 12 118 61 42 127 239 242 31 201 119 82 83 2
    170 253 118 166 239 241 213 163 193 93 40 214 242 31 52 163 16 247
    157 164 138 190 233 111 75 153 104 247 85 36 89 235 71 225 93 227
    245 226 122 76 224 218 87 145 114 40 93 206 86 195 70 7 78 59 149
    208 130 213 3 11 243 211 249 46 137 177 52 14 85 145 251 132 197 28
    185 164 215 240 202 114 141 170 181 35 45 54 17 166 128 89 83 52 247
    201 103 238 27 28 175 161 123 29 138 2 174 99 218 136 84 156 92 231
    136 10 116 55 14 2 110 66 195 163 79 106 97 211 216 104 41 62 45 86
    76 75 145 70 169 127 16 109 154 145 8 11 241 58 77 45 216 136 209
    166 17 233 48 165 85 248 253 210 12 219 15 138 43 121 226 218 50 232
    42 33 192 255 7 76 213 4 161 32 118 34 78 93 138 11 15 199 25 157
    125 121 222 170 215 244 198 75 242 137 15 21 236 121 253 128 211 75
    141 197 162 13 218 233 251 249 57 128 37 249 121 253 125 244 143 182
    82 208 187 5 28 130 28 64 88 70 225 177 76 69 212 222 94 96 73 37 64
    237 88 116 87 85 33 118 33 239 137 58 222 164 137 228 235 104 136 3
    47 232 89 59 106 68 75 197 39 117 9 144 166 108 151 164 7 68 117 21
    120 207 55 85 192 108 192 76 48 170 117 127 70 160 166 39 223 224 80
    185 82 66 115 9 165 137 8 103 183 46 85 20 116 96 87 231 157 46 250
    3 147 118 197 88 2 212 153 110 226 83 146 65 219 20 6 38 50 127 200
    95 93 156 50 41 64 5 55 30 95 47 225 231 6 95 203 241 63 152 6 43 28
    50 28 165 218 211 23 249 223 198 157 228 44 196 127 220 166 33 96
    202 70 225 112 2 73 27 0 196 35 129 78 240 13 138 145 95 174 249 76
    126 83 178 14 18 237 231 111 40 157 107 229 151 254 86 109 98 101
    124 183 44 53 54 147 136 8 112 30 30 228 229 235 200 148 24 111 163
    69 120 26 136 19 121 2 157 108 107 147 206 220 59 34 188 219 96 242
    57 193 56 65 179 111 1 47 97 183 140 136 137 180 221 6 117 41 155
    171 174 87 139 71 136 132 148 120 57 121 230 199 208 130 214 113 157
    80 0 218 176 219 54 0 99 237 207 156 70 193 126 220 137 224 251 153
    21 36 52 59 230 169 122 72 173 192 129 29 147 52 112 157 190 231 128
    255 223 53 21 133 200 123 78 168 181 173 52 164 105 124 252 131 223
    39 12 193 110 18 195 149 153 213 4 30 199 145 171 100 128 196 40 13
    100 79 180 4 100 134 29 96 2 195 75 35 184 202 17 248 102 53 153 215
    183 48 75 144 254 121 225 204 113 143 106 212 88 118 30 13 205 122
    152 120 58 213 157 138 104 85 215 145 24 199 115 67 23 198 216 52 92
    126 36 46 73 153 45 86 24 255 196 157 254 193 209 178 143 181 182
    128 81 223 241 146 207 234 142 48 204 235 210 9 102 147 183 201 30
    247 204 254 45 10 144 219 43 115 184 87 238 7 61 150 50 193 21 81
    199 52 142 33 168 43 145 97 171 190 111 146 113 94 203 225 70 230 70
    187 160 252 0 18 59 204 182 246 62 53 25 208 179 58 19 250 72 118 76
    216 40 3 243 210 165 56 78 144 235 171 32 120 34 26 135 214 99 144
    61 115 109 236 162 143 222 143 94 212 95 222 63 224 131 157 206 4 4
    54 174 155 116 1 87 163 245 58 121 89 149 199 56 217 98 3 213 61 47
    210 99 98 117 13 181 239 208 213 122 104 116 137 30 156 80 24 54 129
    50 32 152 10 207 253 254 23 208 245 83 148 9 1 204 88 135 149 107
    229 213 169 91 123 104 8 38 70 223 227 243 187 90 90 141 8 0 36 223
    33 160 117 238 129 36 6 6 94 78 87 119 225 218 176 203 92 176 166
    162 245 58 224 28 94 205 147 79 36 191 83 250 131 70 55 97 189 134
    105 97 232 248 2 60 63 202 237 221 137 0 51 168 167 79 31 252 170
    191 58 250 12 253 188 77 105 101 216 247 211 229 228 85 159 147 21
    199 106 68 90 206 122 220 31 63 23 85 162 3 192 182 30 97 73 140 165
    168 5 131 220 55 21 47 13 47 160 105 15 20 79 108 115 234 246 173 73
    14 164 203 10 16 152 74 99 216 19 32 176 132 39 94 203 105 70 60 159
    59 236 161 88 244 220 156 249 132 204 145 127 96 205 82 132 28 250
    252 54 159 147 207 39 9 241 165 101 216 215 131 84 26 227 88 10 66
    147 166 44 118 242 186 96 136 135 103 57 160 241 185 191 59 210 190
    19 80 162 49 47 99 6 139 142 148 77 7 253 83 61 239 182 21 56 218 30
    225 94 198 110 194 193 186 121 42 49 99 4 102 57 68 199 184 221 55
    31 172 63 112 100 86 218 155 190 133 101 21 36 206 147 169 59 159 25
    120 251 53 138 149 212 187 129 47 113 61 227 48 174 138 131 142 39
    243 254 79 96 76 201 224 254 229 152 185 105 224 102 228 86 114 158
    90 112 240 13 33 49 163 246 177 14 3 219 21 47 135 193 137 38 9 153
    26 93 164 115 206 114 57 194 109 2 122 14 193 253 222 172 132 84 96
    117 188 44 145 42 86 213 14 98 228 196 133 138 41 131 144 215 217
    221 200 211 127 244 19 149 62 177 244 138 221 36 236 76 80 91 157 4
    182 80 189 75 20 30 223 92 220 15 183 249 145 214 123 237 175 160
    166 98 13 185 1 68 88 26 126 212 112 145 183 14 35 197 8 169 33 182
    118 120 209 57 27 11 108 233 171 29 58 2 85 192 45 103 58 60 62 104
    195 166 12 138 155 6 15 160 32 163 39 94 69 239 183 193 231 189 255
    199 6 231 32 246 131 157 11 195 61 161 71 182 74 111 77 85 61 125 8
    11 65 158 126 243 56 70 215 110 219 89 119 8 113 49 202 44 28 89 9
    156 19 70 38 239 187 198 148 98 33 95 151 90 144 3 107 212 20 230
    215 102 191 252 80 79 69 90 163 9 41 78 47 232 250 138 130 90 243
    108 133 73 69 26 234 7 133 43 148 109 81 225 5 42 46 204 142 63 199
    221 155 172 77 177 117 158 253 111 126 149 233 118 43 253 138 64 253
    62 58 174 80 237 123 43 226 197 64 47 12 243 214 177 99 149 41 176 4
    99 54 78 67 81 58 9 199 242 2 137 43 101 247 216 154 92 59 56 216
    142 108 243 130 138 42 27 89 31 69 117 163 148 17 89 29 215 255 52
    233 179 176 96 245 25 54 78 192 225 52 19 56 216 117 13 84 22 160
    161 243 217 156 36 12 151 241 189 95 142 78 200 249 94 178 253 121
    179 54 61 199 106 85 228 200 70 246 61 156 100 161 177 62 46 176 120
    83 29 70 246 22 205 137 208 204 107 236 38 61 59 89 228 13 147 38 63
    50 193 1 8 86 227 82 54 12 210 20 119 29 152 172 57 207 207 45 250
    59 166 5 97 174 162 160 252 194 35 23 244 112 150 115 45 37 11 244
    235 54 249 5 90 63 117 180 92 47 5 49 162 177 38 98 115 191 155 162
    17 189 153 121 94 26 253 208 181 108 34 14 193 46 150 192 202 79 38
    33 166 104 209 41 9 155 165 78 113 193 48 37 201 40 201 173 162 195
    40 122 147 49 163 70 142 133 46 240 15 183 232 17 86 125 123 47 230
    7 211 213 41 164 241 229 232 165 92 91 133 57 218 216 16 14 24 53
    242 213 153 40 138 100 201 93 55 96 20 33 100 89 124 124 237 23 29
    243 157 223 109 179 134 212 39 139 81 253 182 161 175 66 252 106 213
    151 134 73 100 43 35 9 144 245 15 202 217 156 226 7 119 137 218 134
    106 223 160 235 66 209 137 152 194 226 10 149 58 41 199 89 71 125
    134 108 117 132 59 51 4 148 148 94 241 171 181 165 245 68 157 222
    244 118 203 116 41 123 222 188 24 177 170 226 17 126 53 105 236 250
    211 37 55 240 106 58 8 96 74 45 240 231 168 34 59 35 70 108 248 102
    126 79 247 174 200 252 66 125 95 31 66 107 138 223 143 252 140 182 9
    156 35 47 87 91 248 107 143 97 37 51 246 112 20 103 27 108 158 60
    101 253 152 200 28 112 155 110 211 21 215 231 228 106 6 110 172 29
    132 214 106 34 168 208 99 112 251 35 79 56 252 254 194 61 246 5 216
    232 129 143 44 166 14 107 198 227 210 232 188 42 221 235 248 81 52
    68 196 195 126 54 84 4 8 118 53 243 128 91 230 252 150 21 186 102 8
    161 197 142 195 22 148 197 124 26 6 9 199 94 151 26 109 206 73 183
    156 112 82 50 36 156 229 96 65 88 2 18 203 2 46 170 248 87 76 218
    141 13 15 152 248 16 55 132 89 205 50 118 158 133 130 132 85 205 69
    11 38 37 140 207 240 142 31 77 37 141 213 173 133 125 209 62 188 65
    6 220 204 196 216 141 79 30 35 66 245 217 21 177 41 168 145 153 162
    112 136 25 126 45 172 255 125 0 22 237 60 118 189 243 244 214 203
    232 254 165 126 30 99 210 100 246 163 190 59 105 80 41 26 248 56 124
    187 223 161 72 187 0 83 31 251 36 250 238 14 173 55 114 98 172 72 12
    94 217 96 96 78 73 227 209 189 182 225 15 136 97 135 196 8 255 223
    215 36 222 235 79 28 12 81 178 66 150 61 183 61 15 172 144 254 55 81
    186 255 234 159 19 70 155 141 45 86 234 213 163 64 223 80 71 138 68
    30 159 40 12 206 190 247 169 228 122 243 2 121 15 247 8 215 255 69
    238 167 178 70 167 198 94 1 134 235 45 164 136 44 46 243 74 120 179
    175 121 66 142 122 102 193 107 11 206 40 242 252 86 121 2 45 87 56
    120 216 247 98 138 67 143 114 96 156 165 143 193 98 168 146 91 127
    143 169 102 154 119 43 70 121 232 102 143 111 91 190 23 89 178 43 30
    22 172 154 70 15 8 67 89 172 111 228 48 142 234 254 177 220 122 5 1
    106 230 120 49 232 141 231 20 43 162 253 56 57 117 121 244 202 112
    94 205 235 183 22 234 35 103 254 159 177 136 111 206 85 219 236 232
    13 154 44 204 99 44 99 156 18 200 100 16 157 146 99 225 24 34 31 140
    171 225 222 1 149 204 239 252 2 254 246 79 34 161 165 11 31 132 177
    102 147 124 243 63 38 28 114 28 212 129 181 56 163 164 13 215 190 87
    78 80 120 94 74 231 9 224 215 152 166 139 146 46 199 159 203 63 36
    178 224 131 251 239 99 0 178 196 92 96 46 110 223 123 116 210 25 73
    45 51 16 122 69 132 98 127 123 196 88 238 119 56 63 161 11 60 184
    211 18 197 124 143 30 143 210 151 77 151 24 47 53 66 165 192 234 144
    197 63 122 242 39 249 113 213 49 72 137 109 232 7 82 105 41 36 147
    242 49 208 243 100 0 176 82 218 190 16 48 51 188 74 210 152 50 220 4
    1 58 127 215 31 20 101 8 212 254 55 83 117 2 12 6 105 49 233 36 199
    170 235 133 78 172 3 81 75 91 214 14 25 48 178 231 232 224 25 18 37
    126 194 176 178 201 9 19 103 229 151 69 49 253 116 196 115 56 7 245
    144 167 235 103 226 229 12 219 90 102 203 114 34 137 23 89 243 248
    162 179 153 142 213 12 192 24 86 20 42 71 161 58 172 118 224 239 7
    232 215 57 71 157 127 139 16 21 95 129 92 45 18 9 115 126 88 41 107
    68 116 101 115 4 109 147 162 102 169 205 128 197 34 76 174 62 171
    205 35 70 148 136 204 23 248 158 62 71 138 38 8 118 93 45 69 52 163
    219 150 127 143 146 161 122 216 194 231 90 159 7 122 215 43 208 254
    219 116 84 253 213 3 123 111 81 16 93 44 72 188 251 160 175 86 98
    228 118 202 137 108 36 91 47 135 113 215 52 79 169 118 71 135 245
    202 19 36 114 102 188 221 229 49 4 78 86 236 213 161 233 222 145 209
    78 31 45 201 247 150 73 94 233 240 31 86 240 38 47 20 240 153 122
    110 130 128 244 47 30 107 95 104 99 133 9 149 127 198 135 161 46 254
    215 66 255 62 177 221 54 222 219 253 133 41 202 199 200 232 218 1 21
    192 135 133 235 38 141 85 83 248 225 170 199 184 62 231 14 101 150
    48 115 97 164 93 51 1 134 204 19 51 14 222 1 205 79 234 235 33 249
    69 17 135 229 247 231 133 60 107 66 76 98 68 174 175 143 203 81 79
    175 146 119 5 218 72 97 98 40 87 236 153 35 122 46 251 130 95 236 84
    3 57 188 30 171 102 125 63 31 23 125 3 24 24 6 121 120 68 216 70 89
    243 208 245 111 249 222 199 153 244 219 225 208 55 167 13 151 159 82
    74 103 0 88 118 182 74 3 209 240 218 145 149 108 78 28 107 19 41 13
    159 30 229 240 56 188 174 161 110 157 254 94 48 255 174 23 204 181
    115 66 105 98 254 203 102 255 69 136 215 93 107 212 195 92 138 181
    32 164 64 35 102 198 233 115 135 139 36 180 216 211 2 186 74 208 224
    108 198 140 235 215 246 208 242 100 124 242 54 102 22 166 83 108 213
    136 7 39 182 146 172 221 158 19 29 246 134 239 144 150 156 72 237
    158 13 218 190 136 186 195 23 1 96 82 255 26 162 162 131 17 104 7 21
    167 200 93 67 76 205 191 35 126 241 233 248 213 209 51 210 34 213
    246 44 174 184 68 101 105 193 134 182 25 207 25 241 30 127 63 70 109
    68 210 142 53 187 158 151 91 222 34 67 162 48 198 142 74 243 132 97
    3 120 240 82 64 202 27 11 7 36 122 68 87 201 50 153 217 201 168 182
    74 239 156 225 162 180 1 197 11 153 145 153 14 170 158 94 13 33 83
    12 231 115 251 182 68 113 113 189 155 159 104 182 253 250 168 188
    209 41 207 68 226 222 164 70 241 212 249 144 60 186 235 106 51 102
    148 215 200 140 141 197 189 251 61 171 7 247 218 115 166 205 220 108
    128 9 90 128 173 186 65 149 198 50 204 68 127 47 19 135 4 210 21 173
    37 200 9 69 59 31 187 59 80 155 218 204 137 17 54 125 220 41 66 156
    84 24 85 151 145 56 238 197 184 48 157 209 47 216 50 247 207 204 107
    216 169 131 17 3 69 132 14 213 189 147 172 87 132 173 253 107 171
    183 131 58 251 202 249 124 201 21 196 207 79 131 189 127 211 20 25
    233 129 161 212 209 144 53 140 5 151 184 26 234 112 206 247 52 87 58
    23 23 221 25 62 185 204 177 52 204 248 220 166 111 230 37 6 75 79
    184 196 222 86 72 39 243 128 208 177 165 208 231 221 119 249 198 45
    172 71 183 63 17 104 152 205 217 247 42 74 86 38 76 129 187 190 226
    134 52 141 4 138 201 174 97 201 40 36 182 229 213 95 57 210 10 113
    121 50 174 234 198 60 184 153 74 206 255 232 147 55 11 16 174 133 12
    238 154 89 144 169 177 32 7 150 215 140 232 197 221 178 241 43 222
    188 233 11 110 65 106 144 100 122 19 113 79 37 190 125 49 224 242
    149 127 11 46 230 237 249 231 57 199 3 63 241 97 43 12 185 73 252 15
    126 118 177 152 156 183 67 224 160 57 28 214 140 65 60 79 19 15 200
    246 185 237 39 108 137 189 83 82 81 216 41 95 60 72 14 234 3 32 138
    237 40 51 123 93 119 23 201 136 177 110 221 132 13 115 168 12 163
    238 28 12 45 173 205 87 190 49 211 57 197 104 99 145 58 48 244 247
    120 157 114 185 109 130 89 130 194 50 254 8 90 211 176 127 166 69
    177 153 37 213 136 254 0 108 234 188 161 204 191 147 177 32 113 252
    130 29 229 174 64 134 38 151 34 65 197 128 87 112 213 217 219 1 16
    119 47 120 121 71 163 219 62 83 87 252 208 201 216 1 226 101 102 7
    103 217 206 231 200 90 173 91 1 172 226 150 29 190 132 50 235 150 40
    194 144 224 196 68 238 218 63 82 230 87 106 155 155 154 129 243 128
    123 180 108 224 43 113 91 221 24 237 139 93 182 239 182 51 108 118
    89 108 119 106 4 203 77 172 178 135 198 13 110 41 31 204 240 228 170
    213 37 124 54 12 243 157 112 192 228 242 31 100 21 104 230 164 184
    237 130 225 131 122 59 209 223 30 159 21 251 222 237 204 60 71 66 27
    45 42 160 32 160 1 19 74 37 45 98 196 90 211 58 223 98 203 157 105
    106 26 103 251 220 9 191 71 209 151 52 47 125 150 197 72 41 219 115
    143 42 217 239 85 246 122 203 200 66 145 95 110 116 9 221 182 120 35
    222 189 252 50 64 254 83 167 91 38 204 199 67 125 118 251 79 11 78
    34 225 10 182 201 57 137 244 13 154 179 63 221 135 235 95 183 136
    230 153 214 7 237 115 19 128 49 4 132 173 141 171 8 209 47 21 164
    252 7 41 223 219 234 209 75 185 222 81 240 188 95 97 93 58 66 34 230
    25 120 198 19 153 135 131 43 209 160 103 58 186 76 222 144 39 199
    195 234 154 21 190 56 243 47 85 30 39 10 178 140 172 131 228 189 204
    248 155 89 58 0 167 99 87 185 199 14 69 87 133 21 29 60 69 200 208
    16 245 144 224 192 119 212 109 117 245 159 198 91 219 119 200 140
    230 131 18 6 229 40 218 51 161 152 148 82 167 103 187 106 230 7 149
    62 207 58 250 60 160 55 37 100 100 142 120 57 178 21 127 41 204 179
    227 194 80 77 222 178 188 204 65 56 38 88 118 212 199 207 157 200
    124 83 132 149 148 196 130 113 17 32 138 82 50 157 13 110 241 184
    170 255 159 220 55 104 76 204 141 247 195 74 79 205 50 254 13 237 82
    234 62 113 156 29 33 193 99 121 243 48 107 237 24 148 161 163 150
    177 183 120 101 253 112 99 228 204 82 61 169 65 2 23 49 81 137 225
    250 0 34 115 119 150 239 237 129 88 122 177 208 91 123 229 162 125
    157 111 105 225 34 253 191 157 155 253 87 126 142 229 160 32 195 103
    133 7 56 105 247 114 114 221 109 87 191 225 119 69 217 194 196 253
    139 221 205 111 201 218 1 30 100 100 144 223 235 209 43 68 117 80
    132 197 22 184 46 73 199 200 246 73 235 45 57 203 7 15 140 73 115 1
    19 73 249 107 236 62 20 4 33 244 231 129 206 235 139 214 226 190 82
    147 179 134 183 122 69 31 44 225 211 20 204 220 129 232 77 238 219
    87 208 117 41 154 24 218 144 225 233 34 102 85 75 165 144 255 236
    140 215 147 208 44 210 103 227 155 23 108 43 48 191 3 83 37 127 0
    104 178 117 203 179 123 170 30 128 115 216 190 167 194 91 179 131 32
    6 230 168 59 250 240 142 48 63 124 38 228 222 182 36 150 197 196 6
    254 248 156 111 96 64 126 109 197 87 175 93 125 7 115 83 78 177 255
    8 229 47 172 190 29 92 84 179 171 212 243 28 14 144 191 24 199 107
    182 43 11 223 198 166 164 130 30 34 241 121 204 201 174 247 137 144
    81 4 174 71 250 239 143 44 129 97 117 235 45 43 64 185 49 26 155 41
    52 1 227 56 172 182 121 214 193 165 227 61 110 32 120 6 215 169 81
    124 225 192 13 138 131 112 13 158 195 143 37 125 17 46 81 76 152 191
    134 167 17 206 196 87 62 164 3 90 112 199 6 189 52 235 61 237 8 171
    121 47 48 128 235 164 223 48 159 189 166 31 236 166 93 153 49 39 251
    7 0 46 191 33 221 19 255 153 76 205 193 196 143 165 255 92 72 59 0
    132 23 216 213 239 115 62 149 6 62 117 218 167 50 196 131 250 58 49
    24 25 173 7 47 150 28 218 182 161 52 24 4 102 227 59 34 131 202 89
    73 100 16 66 118 144 117 168 90 131 143 40 145 137 232 59 236 132 76
    190 227 143 144 150 22 167 176 210 19 92 239 139 151 62 241 228 35
    94 124 115 241 154 226 139 229 83 17 34 238 254 31 13 4 56 113 80 18
    251 203 162 243 93 127 197 229 142 249 28 182 109 225 101 42 154 30
    148 208 223 241 161 78 128 210 0 11 151 19 48 217 71 174 72 56 155
    157 81 204 140 71 56 157 231 92 157 217 63 179 97 152 96 177 169 179
    100 110 157 222 1 220 171 76 217 156 233 104 144 132 136 140 166 39
    197 205 222 202 41 98 53 184 65 195 220 123 9 23 194 237 192 233 208
    51 144 70 93 61 136 168 157 135 93 187 78 185 41 152 237 102 45 244
    232 196 116 152 105 218 149 62 147 1 255 112 107 147 111 15 45 39 70
    29 0 216 238 144 138 165 63 75 125 25 2 135 6 160 171 188 172 8 252
    113 248 212 123 100 54 155 194 231 197 201 90 51 156 249 203 125 197
    190 175 138 94 98 27 166 98 201 186 223 31 108 94 25 211 142 21 254
    9 238 153 233 80 147 171 233 250 166 226 29 26 70 139 251 29 195 237
    60 162 10 206 99 110 123 28 93 234 172 178 247 190 228 185 93 187
    213 172 215 232 244 79 95 22 31 18 123 170 199 145 35 212 145 22 14
    88 182 240 172 182 129 60 5 230 117 4 126 143 118 114 126 166 116
    182 99 109 242 180 115 189 16 86 32 135 175 140 50 46 114 244 122 4
    14 11 48 126 88 17 126</data></test_img>
<my_img type_id="opencv-matrix">
  <rows>100</rows>
  <cols>100</cols>
  <dt>"3u"</dt>
  <data>
    255 255 156 88 11 6 85 223 201 164 74 211 252 255 220 204 92 144 66
    39 75 133 35 184 255 127 202 255 24 156 212 0 107 255 201 192 149
    223 36 255 150 255 226 20 255 255 72 255 45 226 150 8 61 111 100 47
    10 255 80 175 7 21 242 217 255 163 255 255 215 255 53 73 68 20 111
    25 24 255 255 82 174 78 60 199 255 255 121 164 89 255 255 72 46 255
    241 84 255 131 235 255 223 76 202 102 243 255 239 255 255 110 22 119
    116 98 209 186 255 212 204 66 43 198 181 27 221 176 76 46 187 255
    180 136 217 171 127 101 42 255 214 217 148 58 74 163 65 180 78 174
    108 255 144 177 255 32 39 167 255 30 178 255 3 114 255 52 241 111
    246 255 18 255 255 184 145 144 164 122 66 68 208 255 255 214 255 255
    43 77 10 180 172 5 198 255 255 177 129 138 12 59 255 170 143 75 64
    255 255 255 68 56 232 17 93 7 206 143 185 255 255 28 120 30 235 255
    255 124 66 255 103 198 255 185 255 255 12 196 255 255 66 255 54 248
    68 31 255 129 110 12 32 37 255 255 255 64 146 173 17 141 64 255 129
    2 0 10 69 255 129 34 255 255 180 255 255 157 161 255 81 255 124 254
    255 45 206 223 5 3 178 255 94 223 255 191 96 254 153 197 30 255 214
    255 63 255 255 113 255 35 8 247 255 55 126 255 235 123 13 220 165 13
    201 17 255 139 255 255 157 176 33 11 141 141 182 130 212 76 73 158 8
    198 255 30 187 255 133 233 255 22 145 255 197 14 5 211 64 255 186
    202 255 255 48 255 255 154 143 81 49 255 189 201 255 104 32 68 255
    255 32 6 19 255 243 148 224 75 239 255 166 244 255 136 122 143 136
    12 212 125 255 17 57 246 252 6 85 27 255 255 236 148 19 255 219 255
    255 206 194 8 93 255 51 20 202 93 243 219 128 84 181 163 45 159 109
    75 135 254 6 5 255 189 199 20 48 139 98 40 116 255 255 235 255 13 67
    51 72 113 255 200 255 146 141 215 71 19 157 255 204 55 174 255 30
    247 137 150 181 113 147 255 88 255 184 210 190 156 255 40 221 228
    255 197 100 129 255 117 201 51 56 178 255 17 42 35 97 255 255 133
    255 255 238 250 255 255 211 211 110 59 179 255 252 63 17 255 255 44
    46 189 100 24 139 243 62 196 101 123 0 55 255 63 10 134 255 255 19
    255 239 41 255 90 49 255 206 232 143 111 255 15 236 255 255 91 176
    196 245 9 255 138 87 255 75 255 244 255 145 255 103 185 139 80 255
    214 255 255 255 229 76 45 245 103 192 64 9 58 249 135 191 255 216
    255 13 232 255 179 255 56 48 120 255 219 163 151 170 255 105 7 143
    109 234 17 226 3 67 255 75 255 109 172 6 226 37 207 255 1 251 66 70
    98 255 56 36 255 75 9 136 42 26 191 45 255 187 255 63 226 174 93 114
    231 255 255 255 127 46 48 49 255 213 49 10 35 87 105 211 255 255 117
    210 98 121 211 106 179 255 108 149 175 75 127 64 83 71 237 83 124
    255 255 118 158 255 113 157 247 75 255 255 64 105 207 255 184 255 92
    255 255 67 31 254 145 185 15 56 64 255 131 251 255 51 127 255 1 255
    70 157 108 241 46 180 53 149 138 93 141 180 201 21 58 146 229 202
    129 120 13 236 230 126 50 42 157 169 167 212 134 232 158 255 75 50
    217 255 85 221 42 32 194 30 244 41 181 255 93 207 207 255 63 174 18
    92 13 27 136 255 255 255 255 255 29 80 96 202 5 149 203 255 159 31
    214 255 131 39 255 3 253 255 90 189 255 140 131 252 19 84 123 218
    192 58 9 120 124 15 50 255 113 145 143 161 203 202 128 123 255 35
    253 255 221 89 255 173 39 255 122 196 83 81 73 121 162 91 116 228
    255 43 248 166 61 89 149 35 71 247 78 181 18 255 148 60 255 51 13
    239 58 255 246 253 237 255 255 85 255 11 116 255 49 76 255 28 81 121
    110 63 197 193 255 38 255 64 255 127 212 95 122 255 141 216 140 55
    128 255 255 97 237 181 255 180 179 83 19 255 131 189 255 118 255 12
    10 188 255 91 156 255 60 180 212 181 10 119 93 255 108 122 226 116
    248 221 116 177 78 255 156 136 199 167 226 255 126 255 232 150 255
    255 125 152 255 15 48 255 51 248 241 255 145 255 255 255 255 134 255
    255 84 221 255 135 255 255 91 54 255 255 32 83 177 3 40 7 71 255 119
    138 255 167 109 141 143 255 124 42 99 255 198 138 255 170 150 255
    247 18 66 184 143 109 128 121 41 255 154 255 95 252 81 236 108 13 9
    233 18 19 12 169 147 172 85 8 111 255 61 198 56 166 183 101 44 120
    255 148 255 35 255 19 96 255 211 242 210 185 255 170 255 50 113 118
    255 56 107 255 43 255 255 239 59 255 194 235 255 198 255 255 162 33
    194 19 130 249 252 215 106 201 235 139 118 255 15 28 242 179 92 255
    255 209 255 255 27 9 255 135 228 255 74 220 255 128 141 255 13 117
    255 90 255 255 118 219 191 91 217 236 75 95 255 42 126 68 57 15 106
    232 211 222 255 140 70 12 134 100 93 69 123 128 10 255 255 54 177
    255 255 255 112 143 237 255 49 133 120 255 254 172 255 255 243 121
    255 197 238 217 138 255 179 92 247 154 122 82 5 216 232 81 223 184
    224 70 163 255 19 72 255 213 255 128 208 212 255 10 252 98 220 130
    239 84 190 204 53 255 56 189 112 255 186 60 255 85 255 255 147 255
    255 37 255 90 15 105 212 166 248 255 49 138 23 194 14 78 121 35 255
    255 255 255 99 105 216 138 33 53 102 167 255 39 46 255 103 121 255
    255 255 217 4 120 255 69 113 255 172 127 111 143 255 255 204 144 206
    46 108 30 230 234 61 7 0 207 111 156 255 255 60 0 0 232 255 81 31
    221 199 154 255 189 255 255 141 109 80 76 225 56 220 26 255 211 86
    255 67 255 255 44 210 255 137 150 60 220 71 96 30 217 255 122 103
    206 174 193 226 44 105 221 77 18 5 8 255 255 255 103 76 58 194 0 255
    158 255 58 255 226 247 201 211 161 239 255 125 66 61 118 203 255 45
    193 255 255 80 255 246 125 255 218 255 81 255 255 15 155 49 255 25
    36 156 218 255 36 55 255 226 21 138 86 53 67 0 234 127 255 167 255
    255 62 111 255 28 134 255 111 31 201 119 39 126 3 168 255 71 64 250
    36 80 164 63 255 255 112 145 206 255 183 96 33 255 255 3 158 255 45
    197 234 63 255 255 134 118 255 255 90 139 207 167 255 122 193 255 71
    26 255 54 105 111 255 255 187 122 76 201 31 150 131 254 211 255 241
    255 255 97 112 169 216 126 255 122 255 23 162 255 192 126 112 119 28
    255 255 165 139 66 64 72 255 165 255 182 148 230 255 95 68 43 91 255
    101 107 208 136 82 255 255 117 14 60 52 255 255 86 255 61 75 66 255
    180 255 80 228 67 32 191 255 232 175 255 255 253 60 189 185 67 231
    204 21 222 37 64 214 137 35 45 161 184 255 255 167 101 18 250 73 180
    175 255 109 18 124 166 125 111 255 63 239 164 63 255 241 154 206 125
    255 201 252 77 70 108 255 61 161 175 20 36 255 249 55 125 255 106
    255 68 255 116 234 197 207 128 195 54 58 201 225 255 255 255 58 61
    255 255 17 93 10 67 193 255 245 255 184 65 251 231 70 220 196 211 48
    169 185 255 191 255 255 222 255 162 255 110 12 255 191 255 255 35
    135 255 116 114 191 103 63 75 108 255 255 100 255 204 234 255 255
    213 113 171 86 253 83 200 221 18 129 44 123 80 45 3 241 125 239 25
    255 255 131 27 255 22 4 0 46 143 255 152 147 78 217 23 255 88 255 28
    26 168 187 18 78 146 13 49 255 20 185 55 255 205 30 112 32 255 121
    255 98 70 36 136 255 244 255 148 255 91 255 40 55 193 3 168 16 255
    255 122 10 143 216 161 148 29 73 255 230 255 111 161 255 255 135 116
    100 28 80 187 31 141 255 33 208 138 28 87 173 70 255 35 190 17 246
    110 129 255 255 87 255 214 201 255 172 255 255 255 255 255 255 8 255
    8 255 73 7 50 98 6 100 199 131 219 182 133 125 116 200 55 255 227
    255 163 197 244 50 18 91 95 255 114 128 135 120 255 193 221 131 30
    255 214 173 203 255 92 126 81 237 233 216 72 255 75 67 134 189 77
    163 231 20 255 255 168 87 255 15 23 168 144 255 255 208 255 199 119
    4 219 206 21 13 250 67 177 238 238 209 95 255 2 255 255 239 255 77
    139 12 163 68 175 220 66 42 127 161 167 228 211 198 255 255 220 226
    255 218 19 255 111 247 255 81 105 151 255 255 27 232 24 255 143 72
    255 97 190 138 88 193 100 108 50 184 211 18 116 255 86 255 139 239
    255 65 255 18 53 196 255 28 21 159 227 255 194 143 255 111 98 163
    255 26 41 255 255 27 182 255 219 216 120 208 255 211 85 255 119 123
    254 45 255 255 255 6 224 73 141 255 63 131 255 53 114 174 9 159 166
    170 55 179 4 147 56 197 129 5 91 166 250 154 255 255 43 89 255 248
    41 158 136 122 255 248 192 255 127 255 182 31 152 151 111 41 255 170
    255 255 255 113 255 70 85 139 229 255 85 128 185 35 195 255 255 0
    105 255 255 23 255 110 49 35 201 214 255 108 162 66 255 108 255 239
    255 255 37 23 255 35 255 60 211 255 229 86 255 100 255 255 18 2 255
    13 255 201 35 204 76 255 117 196 43 149 41 18 21 192 255 152 255 181
    136 31 255 79 199 237 222 81 32 29 58 18 115 168 154 255 219 15 117
    255 136 136 228 17 202 255 154 29 123 255 84 255 255 71 31 255 255
    203 121 19 193 255 35 255 255 134 255 255 88 32 209 255 39 108 28
    192 255 175 255 241 64 35 119 174 30 232 248 138 38 192 22 100 248
    255 46 255 255 232 235 176 255 93 255 154 81 23 56 29 255 255 24 255
    255 25 234 255 75 161 241 112 161 255 218 203 255 21 46 169 207 255
    161 255 255 139 173 255 255 108 235 12 248 27 63 88 143 255 232 93
    51 255 3 124 255 255 88 134 255 255 20 14 166 7 229 255 81 3 255 139
    181 28 204 180 255 255 194 123 125 217 252 255 255 81 39 21 255 112
    250 197 236 123 255 116 255 255 243 255 255 121 141 156 31 32 255
    255 14 70 28 125 255 255 201 187 158 255 255 147 72 144 162 255 41
    115 255 58 84 255 255 255 77 255 192 199 255 255 80 181 70 51 255
    140 50 255 30 18 194 158 198 255 36 3 91 184 105 179 81 255 139 255
    45 123 252 255 5 49 152 144 57 198 250 197 180 255 255 55 38 84 41
    146 55 80 232 246 229 204 12 255 255 255 255 139 21 135 255 241 129
    204 188 203 255 219 9 10 40 150 136 177 109 217 65 255 144 24 171
    255 10 241 255 133 255 255 108 255 255 136 154 161 240 220 114 113
    251 133 102 255 173 38 255 68 229 26 191 255 28 124 133 62 93 255
    255 159 227 208 18 36 50 255 34 255 206 136 255 171 54 214 30 255 91
    255 138 86 32 31 121 224 17 255 255 72 103 108 42 96 96 82 30 68 223
    255 156 29 112 239 81 255 255 238 208 15 19 141 242 228 219 0 234 55
    25 8 206 255 106 140 66 11 114 247 185 248 129 255 255 255 112 255
    255 197 202 255 255 158 211 2 64 255 90 255 166 27 140 123 195 178
    131 219 22 255 209 118 61 56 37 255 229 68 237 162 123 139 206 211
    15 255 196 255 255 117 255 209 18 236 221 190 255 106 112 186 76 255
    255 85 166 68 153 205 95 76 181 153 190 37 255 246 86 119 29 84 255
    55 144 96 100 144 255 133 33 255 202 247 246 180 96 255 71 175 146
    129 175 255 148 76 255 222 126 8 252 255 192 235 212 255 255 93 255
    34 9 255 249 105 255 158 255 255 124 241 12 141 118 126 255 187 255
    73 176 255 104 217 206 63 211 0 101 255 3 57 255 255 249 3 255 210
    255 255 57 255 255 37 0 255 170 30 91 247 102 247 204 255 255 80 255
    133 158 255 66 111 149 255 127 176 255 71 10 255 159 232 255 40 27
    255 112 184 255 243 98 182 134 82 255 26 144 124 255 217 255 171 255
    255 147 255 255 255 89 161 253 93 15 137 255 255 70 207 12 190 165
    176 92 255 201 255 255 177 72 53 108 35 255 182 229 255 255 189 181
    148 255 255 111 0 58 244 204 104 156 255 123 255 227 102 255 26 243
    255 218 197 187 95 54 255 94 255 255 245 234 17 55 143 255 255 255
    35 44 255 255 81 239 255 144 111 212 83 255 255 115 161 189 120 17
    156 58 241 255 62 255 255 209 189 85 235 193 194 63 114 254 104 150
    153 86 201 255 168 109 201 163 168 36 255 255 71 29 255 214 255 17
    123 46 206 255 15 22 255 255 255 242 255 253 255 42 228 255 81 255
    255 255 255 118 159 228 255 55 216 194 86 100 169 125 84 255 91 73
    255 255 12 196 2 224 108 22 211 164 234 130 255 255 221 15 255 109
    255 35 91 255 254 232 177 255 255 255 188 58 255 36 224 255 71 174
    255 185 152 126 250 30 255 136 8 18 248 111 17 197 114 255 20 114
    255 109 194 255 124 255 2 198 215 169 143 255 17 13 148 255 158 255
    255 42 206 161 60 75 250 186 235 35 37 9 86 106 89 139 255 198 255
    201 203 10 52 255 181 200 211 2 144 234 249 33 6 249 159 117 224 35
    167 250 33 78 119 36 103 73 147 255 252 184 82 126 204 199 35 175
    255 255 227 122 100 49 69 41 165 90 255 88 224 138 206 22 51 93 255
    17 71 72 121 136 221 255 177 255 61 140 116 255 232 145 66 90 19 255
    95 84 255 234 244 93 95 168 7 212 230 138 255 255 56 101 174 255 97
    129 95 65 255 241 255 144 123 70 0 255 226 201 255 181 199 255 64
    255 143 209 126 255 246 158 255 45 144 255 255 6 13 25 248 5 89 174
    255 2 131 255 147 68 95 104 255 177 64 208 219 22 144 255 180 211 45
    74 220 255 17 197 229 19 247 255 107 141 255 111 178 255 203 163 131
    146 23 177 13 139 169 121 225 128 163 152 255 221 255 255 106 12 118
    255 108 90 170 129 255 255 113 38 192 179 12 35 98 206 8 81 56 69 50
    255 255 129 255 79 223 38 76 21 252 121 255 255 255 4 124 248 255 51
    101 255 32 255 31 255 255 208 35 106 210 255 175 144 255 227 210 255
    85 255 255 12 255 255 6 107 255 212 93 134 149 69 43 204 185 66 190
    255 144 217 104 255 125 255 255 16 255 126 192 132 255 0 95 139 186
    255 131 175 87 242 255 216 163 28 193 80 19 175 255 220 255 138 121
    72 255 39 220 255 124 109 255 49 255 255 227 255 75 150 40 255 102
    122 217 22 255 255 81 44 255 8 112 255 255 163 255 62 105 149 193
    215 255 81 255 32 243 15 255 74 244 255 39 62 237 206 255 255 226 5
    237 177 198 234 93 108 81 255 223 101 80 238 108 244 150 181 144 168
    119 255 255 255 94 221 255 58 255 28 214 40 30 80 217 154 70 229 131
    48 54 50 36 255 255 100 84 255 145 66 12 255 126 56 91 252 255 252
    22 164 168 246 255 48 131 144 255 39 207 255 84 255 54 251 255 24 68
    255 235 255 255 255 108 138 255 135 249 156 172 254 255 255 255 26
    202 250 192 196 211 191 28 255 36 255 50 144 255 65 157 143 255 255
    0 255 80 233 103 29 84 255 26 135 255 254 148 126 168 55 255 26 201
    255 69 255 156 94 96 255 255 255 192 255 238 131 182 35 118 172 157
    255 184 172 141 138 27 179 67 174 7 211 255 23 15 255 33 227 224 68
    176 255 255 60 13 81 76 145 40 255 113 255 12 77 255 195 113 255 143
    24 255 181 31 255 247 238 255 33 150 17 18 135 255 164 68 143 3 179
    126 154 230 255 24 134 255 206 225 10 229 255 186 255 221 255 129 98
    255 2 149 134 112 255 197 238 215 255 15 21 255 65 253 18 115 122
    255 115 255 63 213 255 61 62 107 168 189 189 255 112 219 186 228 205
    139 255 3 255 89 255 255 26 234 3 117 255 53 249 36 234 74 51 255 39
    152 0 207 184 255 127 73 141 189 255 177 255 247 255 207 255 153 54
    212 255 16 247 70 220 255 255 186 228 85 243 139 239 42 255 255 4
    181 80 255 255 236 255 255 255 237 246 201 13 12 255 48 5 255 127
    178 255 231 66 255 35 248 182 255 32 255 171 17 131 15 217 255 236
    144 159 38 14 55 111 167 255 138 228 146 122 57 255 255 45 255 213
    33 252 119 53 80 26 129 76 138 255 255 253 255 255 117 193 20 118 71
    255 82 193 252 55 201 20 144 162 179 255 118 255 254 108 255 211 184
    119 58 21 255 255 161 255 181 253 174 229 183 201 76 138 48 213 255
    255 69 176 76 202 126 121 175 255 255 131 107 30 201 77 159 82 255
    255 15 163 255 247 75 255 232 36 255 255 19 156 255 229 129 112 113
    48 86 90 255 72 94 177 38 3 85 42 255 255 63 15 255 255 26 95 8 40
    222 65 219 153 90 255 146 225 184 255 248 181 255 133 255 255 116 6
    255 222 145 255 185 221 255 53 255 255 137 255 255 255 255 255 95
    136 158 2 255 249 194 37 255 255 84 255 130 246 141 255 255 88 167
    109 255 226 255 250 44 94 7 127 104 255 109 141 255 175 255 255 253
    118 124 194 243 128 137 149 255 11 131 255 255 237 255 81 145 154
    154 188 15 106 23 249 106 167 168 109 114 168 11 255 182 238 255 119
    188 255 255 99 98 138 226 72 255 162 255 226 176 54 255 112 80 38
    182 145 255 214 100 121 255 5 232 103 224 244 15 19 255 176 67 40 80
    233 158 214 255 212 226 255 255 254 201 189 133 255 236 212 80 207
    246 255 244 54 27 246 49 10 252 63 93 224 150 66 17 121 55 124 139
    55 255 56 90 139 73 163 187 255 239 255 103 202 255 136 243 255 145
    172 237 97 196 144 86 255 20 194 78 43 49 134 143 249 226 139 255
    150 30 37 5 146 77 100 255 16 255 226 9 201 156 181 255 255 190 183
    255 225 84 255 255 27 255 154 14 146 107 111 93 45 49 38 103 255 246
    38 255 22 209 255 254 218 8 70 79 255 255 36 58 255 207 234 255 65
    30 184 255 21 212 203 242 246 52 40 255 235 199 255 217 176 36 55
    102 255 69 42 32 80 255 141 107 129 66 31 255 80 13 255 255 22 162
    255 47 49 255 213 255 0 82 255 255 245 255 128 225 162 181 118 187
    224 44 233 91 157 255 250 83 255 133 116 159 255 94 3 255 26 98 141
    211 131 255 245 55 234 80 41 255 252 64 66 152 255 255 220 60 255
    124 144 249 184 94 90 219 228 197 241 60 58 15 185 255 245 206 255
    173 208 212 255 89 255 255 211 20 255 255 247 212 114 106 147 126
    255 49 250 159 49 252 73 91 93 255 76 247 116 213 232 255 106 232
    133 16 156 241 43 55 255 57 139 255 202 49 113 181 198 255 36 68 255
    246 143 216 237 255 70 69 13 255 249 149 211 218 251 255 200 198 189
    243 255 255 235 12 36 126 215 255 84 243 255 71 210 234 195 255 126
    150 196 60 164 255 255 6 165 181 44 36 83 163 5 134 180 57 255 58
    123 43 155 255 134 255 180 252 247 196 255 109 255 159 188 57 255
    186 255 134 195 30 48 214 224 255 121 136 255 255 31 255 124 192 48
    201 255 116 84 206 113 80 255 53 223 228 166 255 138 255 179 255 255
    100 193 214 165 234 255 252 255 255 216 255 255 109 13 179 1 216 176
    152 54 255 43 85 13 195 82 236 155 255 255 113 255 182 110 95 118 75
    138 80 70 255 255 255 238 202 144 244 255 156 42 216 145 45 255 222
    64 255 255 255 15 228 226 2 76 255 105 10 168 33 6 255 78 163 111 90
    188 149 255 217 163 192 73 255 255 188 255 197 159 168 255 255 255 2
    193 71 241 159 112 116 95 19 95 107 63 255 82 55 255 253 113 255 255
    42 239 7 108 141 255 244 55 20 87 106 255 226 255 255 255 25 103 66
    25 234 255 109 149 255 255 91 68 73 255 1 255 85 255 255 85 221 85
    139 50 179 255 211 86 34 251 133 0 212 38 12 172 196 13 161 80 29 18
    255 39 205 255 39 62 204 28 217 116 238 37 174 219 255 194 95 87 214
    90 5 70 212 243 131 100 226 35 214 89 255 77 253 255 175 62 211 238
    49 255 217 113 36 121 51 255 207 144 255 177 166 255 183 63 255 173
    241 80 58 196 255 60 51 255 89 54 36 155 255 255 36 246 255 97 255
    65 124 35 139 4 156 113 201 51 255 4 150 0 255 144 73 57 211 159 124
    217 222 255 219 65 163 255 13 18 78 204 190 140 58 255 255 129 255
    255 7 95 145 255 173 91 255 63 51 65 39 68 2 255 102 114 52 55 255
    26 210 40 197 81 255 246 134 109 148 69 184 168 253 85 89 140 32 55
    156 22 194 18 164 83 111 91 53 154 255 229 178 70 8 255 66 95 73 255
    4 81 255 255 255 40 167 104 78 97 51 255 51 59 247 143 239 255 80
    193 30 62 113 207 137 255 255 163 104 255 190 255 209 186 171 255
    120 255 7 72 255 58 33 125 171 177 221 249 168 96 221 221 27 209 133
    246 111 24 31 179 255 255 133 115 87 255 85 255 255 0 255 35 54 28
    255 119 255 255 4 130 50 43 136 86 58 234 96 255 117 15 109 113 255
    255 255 139 46 156 255 204 95 212 219 51 255 227 255 61 222 179 109
    15 255 100 29 199 98 143 255 241 200 199 164 155 221 255 90 76 255
    116 17 111 71 221 2 204 21 255 57 141 133 193 251 133 29 6 255 42
    113 255 2 199 186 247 208 237 255 8 207 255 59 234 126 224 53 65 201
    231 58 255 255 239 255 255 179 255 187 47 255 143 3 163 70 185 255
    255 248 123 255 204 232 105 173 188 255 65 77 51 40 215 173 159 114
    226 250 51 103 111 150 149 95 171 255 163 113 83 222 28 23 222 100
    255 255 255 83 37 116 255 255 117 179 67 111 189 73 255 207 189 174
    255 192 194 250 153 255 136 137 255 0 42 255 41 194 111 46 197 98 58
    73 255 255 166 232 159 26 181 222 221 250 121 73 39 255 45 118 113
    34 148 179 43 255 128 122 30 85 15 255 255 95 255 194 175 30 255 148
    136 156 35 67 148 18 206 250 237 114 8 75 42 255 255 253 234 188 196
    161 153 179 156 121 255 38 219 82 255 206 5 255 62 255 192 210 150
    78 195 58 255 183 239 255 8 250 254 183 255 255 197 76 255 133 223
    166 227 192 7 203 217 255 127 255 255 4 212 187 180 183 168 76 179
    189 201 156 22 157 255 106 206 154 255 6 233 161 43 91 255 190 134
    13 40 243 176 17 255 255 93 109 30 58 157 237 3 95 35 126 46 255 92
    90 255 255 255 255 40 255 255 229 217 255 177 72 255 100 243 181 154
    197 255 181 163 247 192 255 30 90 255 196 164 208 164 53 172 116 252
    90 246 238 255 255 204 116 0 255 238 255 79 152 5 212 35 98 255 125
    255 255 255 116 255 214 255 255 21 194 129 35 113 240 24 255 27 103
    255 255 255 25 133 255 246 111 255 255 237 1 255 221 30 255 153 4
    241 89 14 255 255 248 136 222 60 75 20 171 255 62 22 255 70 14 255
    110 26 255 116 149 216 103 216 20 255 143 95 214 196 53 173 185 219
    12 153 105 174 201 255 221 19 41 103 255 255 253 255 241 66 255 255
    37 255 141 255 181 169 241 255 108 170 255 255 255 48 255 133 255
    138 222 255 255 40 197 255 179 212 255 255 223 33 255 22 255 216 216
    255 16 255 255 79 158 207 235 103 222 255 224 201 176 248 255 122
    255 255 143 132 78 231 194 191 195 255 252 254 202 255 185 21 255 35
    244 103 176 255 255 35 255 70 190 255 255 101 255 255 230 255 255
    229 104 255 161 134 255 216 78 231 211 255 106 255 93 189 89 255 7
    199 247 33 255 255 255 198 102 255 237 93 196 62 81 98 239 3 246 255
    172 166 214 159 118 119 54 173 149 255 83 253 255 168 186 255 255
    241 46 255 240 211 255 92 8 124 193 134 255 235 134 129 248 90 121
    158 255 80 198 225 255 6 226 255 7 165 255 168 255 255 255 167 255
    255 215 255 173 255 60 89 78 68 171 255 255 182 214 56 131 255 255
    227 214 168 99 107 33 89 68 15 73 31 173 36 255 2 107 162 255 255 4
    255 97 192 214 249 255 216 42 156 209 134 90 255 207 239 189 9 255
    75 174 255 108 234 255 255 216 239 60 71 255 255 204 126 206 221 87
    40 117 111 126 184 226 95 150 14 255 255 60 255 193 135 239 200 255
    255 222 35 232 162 147 149 66 139 255 39 171 179 206 33 255 241 178
    255 94 12 55 226 86 141 255 255 252 12 91 255 217 216 133 174 166
    255 34 211 194 180 63 83 183 0 255 173 145 239 106 241 255 67 198
    207 155 35 255 255 255 255 93 255 255 106 221 255 157 112 136 255
    181 247 121 12 255 255 255 255 201 4 255 101 255 204 107 255 118 64
    255 191 255 8 255 143 241 255 148 221 255 91 255 211 49 84 255 62 58
    33 112 207 255 217 10 255 193 67 255 69 238 143 255 161 249 16 255
    255 207 113 255 217 118 255 94 48 255 229 255 40 48 165 255 42 158
    216 40 139 255 194 255 255 66 69 186 119 252 199 6 255 255 164 120
    255 255 87 189 255 201 239 230 190 255 65 247 255 179 32 255 255 255
    255 116 255 184 10 23 197 69 82 255 75 9 23 74 198 255 255 153 25 7
    255 255 235 255 255 250 255 146 86 5 113 180 255 209 106 181 255 73
    197 250 100 45 105 243 179 255 12 117 255 140 255 75 255 42 161 183
    18 202 255 255 236 210 129 139 172 86 96 211 36 123 255 18 255 221
    49 207 31 176 255 199 201 255 226 154 255 184 126 255 21 199 202 166
    255 161 111 152 209 254 175 3 25 54 255 81 255 163 176 147 158 76 86
    184 182 84 250 186 53 255 13 168 255 255 255 255 53 211 176 53 239
    148 182 255 255 138 255 244 168 241 51 148 49 23 4 154 56 202 33 22
    134 255 191 161 255 182 195 4 255 161 238 27 75 175 65 213 5 58 255
    71 192 84 125 15 198 75 255 42 179 255 254 163 255 122 255 108 192
    148 168 66 255 255 210 255 168 236 255 255 122 255 179 15 255 191
    126 12 255 119 111 128 13 13 187 66 85 255 71 140 53 213 139 255 86
    248 249 91 255 255 219 141 22 152 201 113 22 130 255 131 223 129 15
    80 88 255 255 255 163 147 78 91 0 255 57 41 32 194 255 83 86 138 255
    44 129 55 21 255 41 117 255 0 245 89 255 97 239 118 255 153 81 255
    255 219 60 121 144 7 49 255 185 21 255 162 255 255 81 255 255 252
    242 60 255 19 38 35 144 174 221 255 206 135 64 116 94 89 250 255 190
    197 133 210 255 76 187 255 162 187 252 226 201 76 44 28 255 248 143
    159 245 96 177 135 24 219 198 136 91 76 138 255 232 114 239 255 86
    255 163 76 146 71 4 204 255 176 18 36 255 40 118 255 166 222 225 174
    229 105 48 176 100 244 245 255 108 65 18 255 6 255 51 244 111 255 95
    248 236 255 168 113 248 114 255 194 153 255 244 15 171 232 193 255
    236 28 255 193 117 255 102 94 255 63 255 133 255 219 234 255 223 255
    241 30 255 67 255 18 181 255 148 190 255 255 145 255 41 225 228 111
    34 141 100 57 21 255 34 255 255 189 147 191 48 242 143 76 90 255 198
    201 255 124 255 255 79 255 255 43 102 58 120 174 255 177 255 36 2 62
    255 189 107 105 255 225 241 110 199 255 255 163 189 219 111 113 116
    183 51 70 50 156 255 234 116 204 145 149 182 162 227 249 255 61 255
    100 168 227 255 255 228 109 123 12 180 192 19 230 103 144 50 40 255
    76 17 149 94 226 168 255 255 117 184 255 245 14 255 230 55 255 181
    174 255 35 255 255 47 35 148 89 255 58 4 255 255 126 255 98 214 6 33
    60 210 2 255 159 168 183 32 100 43 161 105 227 109 128 146 95 181
    136 12 187 19 189 171 240 117 206 206 170 196 136 185 255 166 255
    148 203 207 128 10 117 106 108 255 255 61 21 255 222 100 255 93 255
    134 25 157 199 255 71 201 223 46 30 11 255 232 129 230 255 85 62 41
    185 170 224 153 170 7 179 105 255 89 255 95 206 72 121 144 196 255
    255 255 224 195 17 10 230 125 33 6 255 255 255 251 255 3 157 255 97
    196 118 121 140 255 18 125 146 124 255 255 176 153 50 174 232 164
    146 21 177 122 121 241 70 18 146 241 255 0 49 192 255 62 80 255 182
    93 68 228 94 255 57 136 255 226 255 18 229 161 53 112 242 255 210 33
    255 143 75 249 193 230 255 156 58 171 126 123 255 240 39 255 139 40
    33 107 233 255 223 31 131 89 226 177 139 57 12 153 238 65 122 187
    255 208 19 171 206 127 103 193 255 176 255 21 237 43 90 255 255 207
    128 255 188 176 61 139 255 15 255 255 30 62 206 51 255 255 53 216 58
    60 136 153 27 211 171 86 100 196 8 28 197 101 98 255 176 77 255 90
    156 184 255 216 139 124 238 103 153 109 182 93 31 43 195 255 95 243
    230 255 225 75 255 124 255 86 20 188 201 255 111 255 255 255 255 103
    27 71 56 202 255 155 255 255 73 232 154 106 62 25 206 21 28 85 113
    17 255 6 109 230 120 255 70 255 255 180 102 255 64 255 219 34 5 255
    153 255 51 101 205 121 255 45 255 180 255 73 95 255 214 194 18 68 20
    72 255 230 93 227 253 24 83 70 91 131 40 58 177 134 255 139 109 130
    255 226 184 25 106 73 255 27 220 255 135 75 255 0 3 171 230 255 182
    137 96 207 156 174 61 152 27 81 170 91 255 246 35 85 255 255 128 255
    255 58 158 255 41 52 28 146 16 168 60 140 244 255 255 50 255 40 33
    255 174 241 95 248 156 255 223 255 111 157 255 93 255 69 40 98 159
    255 199 69 255 29 159 95 170 63 255 138 176 255 213 134 236 172 167
    255 65 223 0 85 239 15 227 255 255 225 41 106 67 127 146 77 198 255
    223 223 255 149 255 255 146 216 202 29 94 163 232 167 222 129 247
    133 26 206 7 91 136 246 16 255 255 94 202 226 88 255 98 80 224 36
    255 237 189 232 156 255 223 76 176 200 5 90 255 85 100 214 216 93 46
    214 109 255 100 255 255 233 255 255 120 224 220 149 255 145 3 255 36
    255 56 255 93 153 99 220 255 217 157 111 255 168 134 195 68 255 255
    252 151 144 220 255 33 28 255 124 18 255 17 255 146 174 180 201 226
    156 255 113 255 255 191 190 124 56 138 255 20 78 109 255 18 255 203
    57 148 20 49 255 168 130 255 167 255 255 104 45 255 206 255 255 21
    95 255 180 255 81 245 201 156 241 197 75 77 255 224 255 255 255 84
    167 217 1 116 28 211 130 255 73 221 70 93 3 41 95 255 255 195 44 43
    154 161 236 46 55 255 48 144 184 141 6 119 25 72 85 2 184 255 255 91
    159 0 96 255 238 81 197 6 255 126 186 18 60 97 192 255 165 5 90 181
    163 209 22 219 23 86 99 144 255 127 81 136 255 255 13 95 255 146 174
    181 166 201 197 231 27 255 246 211 255 166 255 241 38 111 197 206 68
    134 225 0 255 201 59 221 248 116 118 188 255 98 133 28 71 192 255
    255 138 136 41 61 140 100 139 50 254 152 166 108 104 196 186 111 69
    255 209 86 255 218 62 186 86 112 25 95 69 86 29 250 154 243 255 83
    217 255 255 243 30 255 255 82 55 118 255 204 255 171 22 130 135 53
    255 255 23 203 250 163 185 63 114 35 255 255 79 136 255 255 232 255
    255 255 189 127 252 146 179 255 255 179 255 88 248 104 255 45 239 90
    255 150 255 212 68 255 149 51 255 90 152 255 110 131 143 25 6 255
    249 0 121 225 3 43 255 22 158 29 36 111 198 255 27 22 99 123 20 255
    255 255 255 255 243 154 255 145 250 177 249 149 255 193 185 232 255
    163 7 44 255 255 219 226 255 111 202 204 140 109 58 255 22 255 20
    225 197 26 255 98 0 150 60 106 112 25 190 255 56 250 77 255 167 22
    224 181 255 255 54 255 91 206 108 255 255 1 255 140 185 28 206 98
    255 165 62 38 82 247 255 89 255 229 17 255 254 17 138 100 27 255 255
    172 253 217 26 134 255 213 127 5 135 255 61 177 86 255 232 19 154
    255 184 75 247 225 255 214 162 255 82 255 255 67 63 255 74 40 234
    119 255 197 122 63 202 107 255 237 255 63 222 28 228 255 40 154 68
    63 161 168 246 129 86 110 13 28 103 150 255 173 255 186 107 121 119
    2 255 255 45 250 18 223 255 244 211 255 81 190 75 143 53 255 184 255
    176 255 61 255 254 249 255 249 55 255 255 231 255 32 39 12 224 109
    134 46 182 85 255 83 159 171 255 30 234 226 188 70 124 62 252 204 46
    73 8 207 176 83 90 209 255 235 255 208 255 27 255 193 255 20 123 60
    137 53 40 245 250 255 80 130 33 61 255 255 111 183 255 49 198 255 67
    192 255 255 134 0 174 135 255 21 141 255 140 131 255 255 255 38 111
    122 255 52 104 101 255 44 255 240 127 98 109 166 255 121 102 255 30
    184 255 3 19 255 188 255 118 239 255 255 34 19 255 255 104 30 234 76
    255 161 246 255 3 76 255 214 170 22 199 190 46 245 163 86 82 225 177
    246 255 255 248 87 159 247 220 255 133 255 144 255 188 255 133 255
    255 18 6 255 176 234 255 2 156 255 1 183 255 254 103 255 255 60 232
    101 214 244 162 215 201 54 132 255 47 77 18 45 255 244 29 105 118 40
    244 255 66 255 231 202 255 85 135 255 255 255 208 255 184 239 95 4
    71 255 109 17 255 3 73 121 199 215 51 140 255 153 186 46 76 183 255
    207 255 131 98 177 161 255 255 81 197 77 255 255 100 251 255 152 105
    15 188 42 91 53 255 65 88 86 255 99 48 255 219 228 169 189 238 255
    46 255 255 236 241 255 19 22 255 206 255 255 255 95 255 27 255 255
    113 145 25 111 205 255 43 72 80 121 138 209 229 73 126 235 39 219 35
    255 255 122 219 154 231 57 255 125 225 255 192 237 255 106 141 119
    48 208 13 161 214 255 249 251 18 47 109 255 39 82 98 100 4 66 34 255
    149 62 255 32 43 255 171 102 230 255 217 162 206 134 123 66 113 255
    173 255 18 255 197 135 255 63 255 255 238 255 133 40 150 255 230 18
    255 164 131 255 43 129 129 43 166 114 154 48 73 8 44 255 101 188 139
    112 33 126 61 189 179 229 78 18 74 255 255 237 55 81 149 255 255 112
    60 255 219 109 8 162 255 113 244 135 18 6 233 121 141 45 158 52 255
    255 255 223 189 42 255 121 17 255 255 157 255 255 255 87 121 250 36
    202 255 226 108 248 125 174 200 91 255 13 49 227 199 233 255 164 255
    154 211 255 255 11 116 161 206 255 255 159 189 131 253 150 255 46 19
    113 245 108 255 86 46 68 57 255 55 108 125 7 100 129 61 64 86 255
    119 205 58 239 255 81 154 247 255 80 81 73 255 255 255 185 148 212
    20 194 181 255 117 255 199 255 255 255 255 255 255 85 255 58 158 255
    255 149 38 255 255 118 73 255 146 112 23 255 122 239 255 79 46 28
    255 211 234 208 69 255 76 129 216 111 139 194 164 252 255 88 67 91
    63 148 106 16 255 211 111 96 255 37 90 255 152 107 236 234 35 255
    255 105 255 54 22 255 208 53 5 38 156 158 255 255 35 2 255 121 94
    247 81 74 175 254 170 255 204 51 255 219 45 199 255 217 49 255 226
    150 255 176 246 22 217 18 149 147 3 105 15 201 148 0 247 66 43 255
    255 211 255 255 254 215 255 194 140 255 54 153 22 12 255 169 139 46
    255 85 94 224 44 3 13 241 157 255 255 104 5 255 185 255 183 255 255
    163 178 255 17 75 255 145 255 255 182 255 186 11 72 255 40 224 70 9
    223 255 76 93 51 101 123 123 248 255 136 186 139 255 156 170 255 30
    91 211 255 68 255 212 205 123 202 255 105 255 76 255 255 246 60 77
    48 159 188 22 96 226 255 76 122 255 255 42 132 255 181 111 255 162
    109 231 163 255 50 8 255 7 168 141 63 192 26 109 236 30 247 255 215
    222 228 147 255 245 176 2 31 255 255 35 196 156 38 255 158 69 41 169
    138 126 73 146 232 255 34 9 255 46 15 255 229 168 255 219 241 255
    162 77 255 18 255 163 136 251 177 100 135 255 131 255 246 254 201
    255 30 68 255 211 8 197 248 255 255 107 255 217 75 255 237 174 148
    116 255 255 168 33 82 23 37 113 163 63 19 255 247 255 255 135 180
    255 255 255 35 255 96 83 43 18 113 172 149 100 73 255 118 28 32 255
    183 237 151 25 80 211 213 203 217 97 193 139 194 255 212 69 95 161
    195 62 255 145 94 85 185 190 51 253 91 222 16 206 255 10 90 232 255
    36 255 128 96 126 181 114 255 66 188 255 255 8 255 28 197 255 104
    255 114 255 187 159 63 255 36 167 174 255 182 255 255 222 39 18 52
    174 187 24 113 255 234 201 255 201 252 143 144 255 249 73 255 255
    138 3 75 110 190 80 247 255 103 12 4 255 171 210 255 56 255 255 134
    9 101 189 162 133 245 41 111 186 255 91 9 10 255 11 255 176 98 45 90
    211 13 255 223 220 255 38 21 217 255 255 255 135 239 255 62 207 177
    70 60 255 201 215 255 226 12 98 255 255 255 46 255 255 92 23 118 177
    255 255 44 111 118 17 208 114 84 255 108 74 181 255 232 255 255 63
    154 255 239 154 95 216 69 114 218 148 255 246 14 255 115 113 103 255
    99 86 47 148 255 207 10 70 255 123 68 72 51 234 255 255 214 255 241
    199 101 72 211 85 113 255 255 229 255 9 255 91 83 255 255 147 5 255
    176 255 255 155 205 93 255 121 255 53 255 232 255 255 144 255 77 12
    254 255 68 97 255 12 255 255 46 67 255 236 104 82 3 154 37 254 100
    229 18 86 233 255 231 72 226 141 108 58 185 14 255 45 159 255 74 188
    255 125 109 151 245 73 255 181 4 255 202 183 241 53 69 255 245 183
    246 255 255 18 16 224 255 89 255 255 255 255 18 170 215 241 204 90
    68 74 9 239 255 255 224 201 158 255 191 117 73 48 60 255 113 238 108
    171 35 214 147 224 255 245 116 75 84 255 255 149 242 255 51 118 146
    100 162 255 255 226 224 248 255 191 154 125 105 241 122 123 81 26 30
    98 228 255 111 136 255 141 237 46 61 255 73 140 118 255 88 189 23
    180 255 166 67 143 255 90 232 55 66 113 255 202 49 123 255 69 255
    177 152 209 254 175 126 103 230 255 49 100 60 255 159 171 185 60 12
    109 255 136 191 174 173 225 50 255 220 210 86 214 210 18 214 248 255
    237 161 255 189 172 27 130 90 255 69 239 65 2 59 158 211 86 255 150
    189 206 13 167 255 209 192 204 185 202 255 34 9 255 188 255 78 218
    121 255 81 17 255 212 103 255 206 114 197 67 105 255 227 202 255 238
    54 2 73 255 161 162 250 12 45 255 209 255 103 255 113 175 148 100 69
    86 65 57 255 223 130 255 129 221 128 91 8 194 206 253 255 76 243 249
    183 255 58 250 255 23 88 206 255 241 163 83 16 37 139 137 208 255
    255 68 212 124 17 17 95 189 25 255 184 53 72 167 255 20 235 163 91
    150 111 131 159 255 190 125 196 100 87 76 9 233 3 255 229 255 255
    255 255 66 221 255 51 17 5 208 3 76 158 14 73 97 68 3 145 3 186 168
    163 85 66 255 63 254 118 12 228 232 242 125 237 156 213 87 254 173
    178 121 52 214 217 255 40 255 11 207 189 118 93 199 124 166 255 200
    255 222 7 214 255 206 80 192 194 157 255 175 17 100 22 255 237 3 98
    255 150 166 249 71 76 255 172 67 179 154 33 181 33 55 255 47 0 255
    77 214 249 240 223 255 100 1 255 20 140 255 246 207 90 13 3 109 107
    140 20 86 192 143 48 4 255 34 184 255 49 127 255 10 154 255 16 199
    236 130 246 25 91 103 255 139 94 255 249 121 76 255 75 237 255 71
    173 125 132 196 255 102 255 0 44 85 255 58 255 243 255 75 210 96 53
    167 84 255 40 93 231 255 53 158 164 192 186 234 255 207 129 94 80 44
    224 61 194 53 255 69 51 242 56 30 255 206 150 176 45 224 73 75 228
    255 49 255 255 20 255 168 2 103 30 213 143 197 255 170 255 112 255
    146 255 157 50 255 147 176 66 255 5 60 48 158 93 121 255 234 185 163
    222 117 15 211 255 255 46 242 133 255 255 70 72 255 113 124 255 38
    255 154 241 42 255 255 110 255 3 44 255 65 116 238 121 93 45 255 177
    105 144 118 12 231 153 44 255 168 153 206 255 117 118 71 103 139 237
    108 116 8 255 222 67 27 169 89 255 76 227 144 255 121 201 2 255 10
    28 22 226 255 0 55 202 255 163 255 238 229 196 91 255 51 226 17 123
    222 190 255 159 202 30 29 255 40 255 108 65 54 255 7 207 143 255 255
    255 255 255 255 40 88 54 5 67 136 199 211 68 255 135 57 255 252 255
    255 255 255 255 171 57 244 211 255 255 250 62 255 6 217 255 65 171
    219 148 255 181 255 118 255 30 104 91 81 255 255 37 1 36 255 71 53
    85 82 10 149 167 43 16 60 156 86 255 108 8 226 247 24 152 255 126 26
    138 149 255 252 159 228 177 156 36 139 13 255 229 255 31 177 0 255
    48 28 136 224 120 184 63 129 3 124 176 255 22 164 100 168 112 157
    250 208 255 255 27 68 255 138 185 5 255 108 177 227 138 60 86 243 83
    255 235 255 130 255 32 12 139 55 147 255 174 35 121 217 27 3 18 214
    116 30 154 255 68 140 255 109 122 255 255 255 127 202 27 55 128 47
    50 46 77 255 255 118 67 255 29 171 98 104 219 161 210 102 128 86 109
    255 166 21 209 127 130 255 6 90 255 227 87 88 207 255 55 112 105 176
    195 176 105 127 68 255 185 255 255 52 154 131 255 135 128 225 255
    146 110 255 255 104 28 126 159 157 113 69 72 88 229 255 197 70 247
    173 57 145 255 255 112 134 204 108 214 102 168 13 138 18 174 255 22
    209 65 253 234 229 114 255 95 5 241 197 221 73 255 17 224 62 167 176
    225 93 138 4 255 255 255 144 98 146 13 131 255 116 255 225 255 184
    31 180 255 191 255 129 16 39 158 36 255 221 86 100 163 235 9 255 255
    185 138 89 255 75 243 50 13 42 250 20 95 255 216 170 255 169 147 51
    242 255 255 18 117 241 48 83 255 255 232 100 23 216 205 207 180 255
    161 232 71 151 97 235 81 255 93 30 133 255 93 47 255 168 136 255 224
    74 134 141 26 255 192 162 15 23 102 255 255 30 8 255 214 179 179 19
    150 22 203 255 171 69 255 227 252 23 174 186 149 15 91 99 23 64 243
    255 161 95 255 255 255 119 49 15 28 255 129 36 229 117 255 81 141
    255 234 121 255 156 185 255 25 229 212 206 168 255 29 255 128 76 114
    255 193 255 255 49 238 255 220 154 244 21 147 146 72 53 133 72 248
    255 172 255 45 255 112 139 102 37 76 219 131 176 97 51 119 173 255
    255 218 188 181 165 197 207 2 255 63 209 93 252 106 27 108 162 255
    146 175 230 255 17 255 148 253 199 121 40 152 85 167 181 255 255 255
    144 11 48 28 156 255 158 214 64 255 24 238 149 255 21 181 173 171
    255 90 255 101 250 135 255 161 10 255 1 229 231 163 149 8 253 22 255
    126 192 255 51 57 141 48 129 186 120 17 182 86 95 255 231 255 255 30
    220 73 39 135 46 92 255 196 200 46 255 255 239 211 161 0 202 84 91
    17 10 93 229 211 255 255 126 107 255 156 71 255 49 174 83 80 255 65
    255 1 255 255 9 255 255 149 153 69 255 43 62 49 255 40 255 184 209
    215 255 200 121 33 9 255 255 220 229 182 255 238 146 46 36 255 149
    168 27 88 78 158 255 147 25 183 255 255 137 201 255 47 159 255 57 94
    0 228 174 232 220 51 255 67 32 255 60 125 255 252 255 133 255 120
    255 161 243 249 148 235 129 13 121 75 202 174 249 122 214 106 186
    143 164 195 202 255 173 255 96 39 48 199 229 138 255 197 235 255 255
    89 73 255 255 30 255 255 255 89 158 134 39 159 161 232 185 7 127 185
    43 188 235 255 37 255 109 128 102 255 0 152 88 71 255 255 155 39 45
    116 187 255 138 165 255 221 255 68 92 255 33 159 53 255 255 235 250
    71 255 244 173 247 255 71 71 126 163 17 255 113 140 255 47 242 254
    81 255 255 229 81 241 236 255 255 17 168 108 67 255 68 143 42 255
    255 138 187 229 201 161 255 114 255 183 205 255 203 255 12 22 252
    168 67 27 232 85 122 76 38 255 156 60 255 255 10 175 255 52 138 255
    97 193 255 88 63 181 255 126 184 150 145 255 81 84 255 72 255 12 255
    229 255 167 17 255 91 255 197 255 112 255 94 255 10 30 32 255 153 72
    227 246 66 231 44 85 196 129 255 156 226 255 255 83 225 192 153 250
    255 218 76 255 117 109 176 55 232 192 10 228 23 119 235 255 120 181
    126 231 221 255 29 255 156 47 255 255 13 35 0 73 163 20 15 248 143
    229 206 255 103 224 255 255 68 255 33 153 255 28 117 81 255 255 255
    245 100 255 239 255 187 29 255 15 43 192 255 71 112 118 180 199 254
    172 75 60 212 255 106 197 203 231 107 136 255 255 181 80 52 149 68
    246 99 255 255 255 231 74 255 255 98 150 199 206 136 98 81 216 186
    125 255 216 234 100 255 209 255 255 228 255 255 186 202 153 4 64 221
    7 122 66 98 98 197 255 255 63 128 214 136 137 134 126 30 94 255 159
    255 181 203 12 202 234 40 219 162 159 128 255 174 36 218 181 168 34
    39 255 108 121 106 98 28 255 255 125 255 67 255 255 18 246 33 141
    118 111 240 54 242 150 105 255 74 255 255 216 255 224 188 255 255
    222 136 237 194 255 255 158 28 35 255 98 43 118 72 255 1 111 255 22
    99 116 136 255 255 213 49 189 62 13 255 157 237 197 65 134 111 85
    132 255 88 111 36 83 63 164 189 76 255 231 255 255 128 212 100 223
    255 96 150 255 237 104 121 128 153 6 255 4 35 163 171 72 45 162 125
    194 140 232 27 43 255 255 10 255 255 2 87 255 130 255 255 202 134
    255 255 149 255 110 201 255 141 76 27 255 255 129 79 255 12 119 66
    176 197 246 129 213 95 113 73 255 249 199 234 163 127 41 119 139 198
    166 255 188 116 37 93 255 136 255 151 27 105 53 188 156 0 28 255 255
    144 0 255 85 77 255 6 77 255 7 57 255 77 255 247 135 175 7 235 19
    124 255 104 255 252 208 158 73 51 88 55 121 75 109 235 255 230 62 66
    190 103 255 143 170 255 155 255 255 38 235 133 255 255 255 22 255 3
    150 255 255 172 3 139 165 255 196 212 255 63 36 13 255 161 212 73
    255 255 28 131 192 255 201 255 255 108 226 255 150 150 177 255 188
    148 207 255 237 166 255 244 220 210 53 167 117 28 44 60 255 118 80
    255 255 229 255 106 255 255 255 13 237 108 76 17 180 58 184 200 118
    255 81 76 78 168 10 48 94 53 199 48 39 255 144 255 252 238 179 151
    84 255 88 4 234 30 255 255 255 76 198 255 29 12 196 171 17 255 255
    255 151 144 255 114 175 15 25 0 144 65 193 103 134 128 196 255 255
    176 138 52 255 146 82 143 255 255 255 255 138 255 254 190 143 181 24
    255 43 82 255 255 118 203 255 255 166 161 255 131 202 232 255 63 199
    150 133 100 255 51 255 59 139 255 102 255 220 255 255 98 217 250 255
    163 138 9 255 255 101 255 45 30 118 255 244 123 159 135 78 10 210
    255 209 1 152 206 255 49 255 203 107 239 126 68 63 158 255 96 194
    159 255 43 192 207 82 21 255 179 223 191 55 77 159 89 39 60 77 12
    255 255 6 149 98 255 255 44 131 23 153 255 255 252 207 63 177 108 95
    83 255 255 88 33 255 209 224 131 197 255 255 177 194 15 255 255 255
    186 255 148 211 64 75 255 234 138 204 189 255 120 121 33 253 32 88
    181 167 227 58 81 247 0 180 73 119 62 255 174 129 229 154 166 71 167
    144 255 203 253 118 30 220 255 75 187 181 34 187 255 118 255 51 72
    152 255 197 255 255 134 85 255 149 178 80 126 55 146 199 255 93 252
    130 184 60 130 255 255 148 255 70 251 255 220 255 255 218 165 106
    107 131 255 91 40 189 81 147 119 30 255 255 117 127 255 240 174 255
    223 104 154 116 255 255 9 247 12 137 255 206 25 140 255 83 129 128
    208 105 255 255 71 40 128 190 123 159 212 46 247 150 255 117 86 66
    11 28 209 179 255 255 255 82 194 128 76 255 197 57 154 172 255 196
    166 166 255 153 255 255 255 99 255 126 179 78 247 145 255 27 205 161
    210 255 164 38 96 255 139 156 247 120 112 255 255 201 209 255 159
    255 198 123 244 230 228 111 121 44 163 220 103 50 106 255 252 234
    171 255 255 255 48 200 251 136 145 148 0 191 252 199 198 171 182 12
    225 255 126 14 255 181 140 30 255 81 18 77 255 20 253 244 83 255 112
    255 190 187 199 35 41 214 94 82 88 3 207 36 243 135 255 150 255 105
    166 57 48 255 149 255 226 132 143 255 46 255 43 55 55 170 255 249
    189 251 252 76 255 255 64 75 255 140 234 226 255 255 126 22 255 173
    66 107 206 255 144 60 74 206 255 133 114 96 157 94 18 99 48 55 255
    246 226 97 159 255 153 90 255 129 255 255 84 12 168 127 255 255 161
    122 141 69 48 255 152 19 255 121 69 153 230 255 255 117 143 255 48
    234 255 106 210 241 254 21 2 243 14 163 119 162 255 172 78 255 57 24
    15 1 123 123 84 112 255 21 109 255 55 255 255 174 244 20 255 255 255
    164 255 255 144 85 255 104 243 222 253 105 242 255 147 25 229 255
    255 1 94 255 120 127 159 128 80 68 228 162 255 81 18 70 10 216 255
    255 187 124 64 255 78 60 255 255 13 6 139 246 179 236 155 255 255 6
    141 255 255 71 255 185 255 176 52 138 153 77 223 40 4 255 70 164 176
    187 27 62 43 18 104 231 180 89 182 35 175 255 18 158 171 200 24 255
    22 180 189 73 233 173 176 108 119 74 214 227 207 255 255 15 187 17
    74 87 144 177 255 138 84 233 41 177 255 255 246 232 169 145 255 176
    31 85 255 255 5 0 221 33 113 228 255 23 147 233 255 54 205 163 86
    113 118 107 216 255 148 3 222 84 85 255 191 33 91 255 139 222 185 13
    255 103 255 27 216 153 255 138 168 65 57 82 159 120 166 164 130 253
    194 173 255 247 255 255 255 214 28 159 17 17 255 255 107 60 155 71
    255 235 41 255 38 208 108 88 100 255 255 40 231 238 32 255 45 255
    174 214 244 75 93 39 255 90 103 168 25 255 60 115 81 154 216 252 83
    39 42 187 213 255 0 22 145 166 211 239 255 94 134 174 99 193 51 86
    28 32 71 255 48 255 14 192 255 111 32 255 111 255 141 123 8 55 109
    255 239 141 36 39 36 255 164 174 237 255 159 242 38 44 201 86 10 255
    100 251 68 58 210 56 67 71 30 219 144 17 122 168 255 191 6 46 33 72
    63 48 255 255 144 156 38 152 255 192 227 21 168 80 255 222 165 44 7
    146 163 199 157 33 255 4 138 227 88 135 211 241 55 255 43 226 177 54
    255 255 77 212 35 126 172 255 250 73 13 177 179 103 113 71 255 84
    196 255 143 237 113 30 44 255 118 3 222 177 161 255 13 71 224 155
    181 255 139 185 255 148 80 81 230 112 71 195 0 197 244 255 43 219
    134 241 44 238 171 91 187 255 73 62 22 225 24 255 138 178 55 33 41
    33 253 85 255 248 229 255 16 103 100 223 206 128 255 21 255 191 181
    81 125 255 255 255 250 255 161 87 186 34 255 255 255 203 216 131 235
    93 47 172 255 177 187 106 179 135 255 144 255 255 137 170 241 39 237
    255 155 33 41 108 223 255 173 196 255 117 32 0 255 93 186 175 255
    182 79 94 7 126 77 158 57 98 255 232 73 255 163 255 255 86 73 255
    185 220 255 240 166 255 20 105 255 152 255 174 16 223 201 145 53 255
    236 217 119 113 95 255 65 255 199 136 215 111 216 255 38 129 185 48
    154 75 255 165 255 221 26 255 168 55 171 60 191 255 255 209 131 255
    255 111 255 30 251 216 167 255 81 154 67 23 255 159 255 255 31 255
    255 224 168 199 98 234 131 116 61 98 255 25 73 255 61 149 250 255
    255 80 255 9 201 5 110 105 192 190 41 71 6 255 101 202 24 227 131 44
    35 65 19 255 249 255 255 249 72 255 255 42 93 223 216 78 255 18 144
    154 255 255 67 255 126 122 138 184 238 4 144 51 233 255 27 53 255
    125 255 250 206 85 7 210 255 196 77 75 255 136 216 17 116 184 149
    255 216 119 194 55 116 236 183 95 191 255 201 58 250 10 55 23 255
    125 51 199 245 189 60 102 91 2 222 241 113 146 27 148 76 229 15 127
    201 65 126 81 255 73 232 63 166 214 58 124 255 255 219 198 154 124
    255 144 28 139 81 230 23 196 51 93 255 73 255 255 52 130 255 28 134
    255 255 113 0 28 51 66 220 166 191 162 91 255 249 89 255 188 255 138
    231 17 255 48 15 65 11 49 171 119 26 255 18 80 76 38 75 255 149 255
    255 229 255 123 1 120 255 184 226 255 206 53 143 213 130 30 146 255
    83 108 205 134 54 224 134 229 255 255 147 80 222 255 255 249 255 62
    114 108 26 139 1 89 216 254 255 255 158 162 255 237 148 75 252 82 8
    211 49 255 141 168 154 159 55 255 241 246 65 117 208 58 192 230 106
    97 109 128 185 130 255 255 255 252 161 108 224 221 14 10 135 255 28
    144 91 5 53 122 189 202 252 255 6 81 255 255 214 232 13 170 201 61
    255 168 45 255 242 10 141 255 255 10 36 30 215 91 171 185 56 232 255
    38 184 165 255 197 216 214 56 100 63 37 41 255 221 91 108 229 255
    255 244 201 255 144 48 239 252 255 179 83 120 255 219 255 255 255
    255 222 168 221 255 245 194 255 255 21 83 173 251 255 66 180 8 190
    255 255 247 48 161 227 255 86 131 215 35 143 255 28 179 30 23 164 66
    255 58 22 255 51 255 216 124 59 255 247 21 254 2 255 30 79 86 196 72
    45 255 66 228 246 122 89 255 148 120 159 255 211 255 177 255 81 200
    131 80 30 31 236 195 223 255 129 13 255 91 255 118 141 111 184 174
    232 255 161 246 149 149 180 255 188 233 255 46 174 255 20 199 189 47
    255 51 147 103 255 227 255 255 202 98 255 201 103 7 248 255 255 232
    59 28 255 10 100 230 113 8 72 219 131 62 80 255 254 255 149 102 31
    56 94 255 255 207 85 143 148 98 98 98 255 12 11 122 255 177 40 211
    214 40 255 38 49 90 241 235 255 255 154 255 195 255 249 136 49 131
    89 53 255 255 255 13 255 255 255 127 82 23 107 207 255 67 95 0 255
    220 191 63 98 247 33 255 255 73 111 20 140 91 158 109 212 255 26 126
    255 202 22 166 176 59 73 27 122 197 122 255 38 54 85 244 255 189 255
    117 189 255 135 90 255 46 78 192 30 102 43 141 181 239 255 53 171
    254 233 241 60 255 255 197 174 219 48 199 209 255 187 255 13 179 255
    228 234 255 76 190 252 206 228 166 255 85 53 188 77 255 239 37 255 4
    121 201 163 112 255 248 138 255 67 73 231 210 255 255 255 255 171
    103 130 255 255 85 133 76 241 255 175 216 128 165 208 45 72 14 255
    124 255 222 171 131 96 152 46 179 51 255 204 58 193 136 136 41 255
    66 159 8 181 39 66 155 255 70 101 144 139 51 255 255 152 139 126 86
    255 255 80 255 55 33 161 158 146 215 194 39 10 255 255 132 109 141
    244 75 63 50 138 246 24 23 159 255 20 218 114 255 57 159 255 36 33
    98 198 41 131 27 1 121 102 104 247 255 202 214 138 105 25 76 31 255
    130 174 255 164 192 65 228 225 139 153 132 30 182 46 255 99 255 255
    255 87 255 244 255 255 204 72 108 201 143 255 219 95 255 162 255 10
    115 184 255 39 18 75 217 237 131 7 91 255 214 224 255 94 60 161 149
    242 123 38 199 255 228 255 144 255 255 199 86 109 7 255 226 105 119
    159 128 188 176 28 255 14 255 44 203 0 180 63 201 177 255 75 255 89
    255 166 99 255 43 13 181 19 135 255 230 12 217 64 241 32 236 220 126
    77 206 76 73 50 161 37 50 202 53 224 158 67 19 56 34 72 98 221 192
    255 121 199 25 199 255 197 65 255 212 207 156 255 255 255 255 137 31
    255 255 81 194 180 255 255 255 55 146 104 107 91 18 255 247 226 255
    108 173 42 255 192 15 91 116 255 255 249 5 32 144 4 149 72 73 27 234
    84 255 232 255 206 6 234 116 62 12 48 125 202 199 230 126 81 19 18
    219 157 44 28 193 221 255 154 255 255 249 86 255 84 255 255 11 93
    221 180 93 50 154 30 214 255 145 255 64 143 255 184 159 255 173 180
    121 118 150 255 247 255 255 136 255 151 213 199 38 226 255 119 255
    237 241 159 159 151 253 68 8 255 255 182 36 181 250 31 8 255 255 255
    129 239 72 255 28 10 35 255 107 255 249 81 254 166 255 255 139 162
    124 207 76 25 255 144 255 51 190 255 48 5 12 143 55 255 61 255 249
    115 90 255 255 37 40 83 138 71 71 179 255 225 144 207 150 59 255 6
    17 255 134 251 138 255 85 255 222 255 154 255 255 61 255 163 81 19
    255 15 195 40 163 17 221 53 135 255 214 189 188 255 192 207 255 52
    193 121 111 201 255 211 206 43 39 239 194 200 6 48 4 103 224 86 220
    159 102 10 207 53 71 171 72 255 163 53 5 255 150 255 255 76 152 191
    241 219 255 12 255 255 131 150 255 154 212 255 240 255 8 235 149 255
    177 66 255 255 255 255 103 168 36 234 233 32 255 63 158 28 57 96 62
    255 136 227 27 124 109 60 154 101 66 27 185 157 255 0 255 151 165
    212 151 48 53 255 255 208 139 239 238 159 67 255 164 38 53 255 217
    255 83 61 203 68 53 255 255 117 123 255 89 255 61 244 205 255 255
    196 151 229 62 43 155 171 255 255 165 144 33 126 15 255 255 255 85
    22 255 29 122 255 80 255 255 206 100 231 73 136 0 129 255 15 55 98
    168 13 40 255 19 255 255 98 51 58 211 6 105 148 255 255 10 68 255
    162 153 141 240 255 255 184 96 255 49 98 255 70 113 255 21 255 255
    64 162 143 18 255 255 112 23 45 167 5 68 194 105 136 84 66 255 154
    255 204 113 255 214 161 99 27 255 255 35 248 93 0 42 232 68 207 217
    0 194 163 255 109 62 199 247 255 255 255 188 255 246 73 255 140 50
    255 119 255 255 16 255 255 188 255 123 153 140 194 39 178 255 255
    255 48 10 112 255 255 168 255 162 36 255 158 255 255 74 250 255 121
    123 255 72 255 255 188 194 25 153 183 255 218 125 255 255 175 255 42
    228 255 62 255 255 97 46 131 167 170 255 144 212 254 133 131 156 220
    143 3 99 94 255 26 39 255 103 78 255 38 230 76 152 10 93 71 14 255
    255 63 255 171 130 255 85 255 255 156 250 95 91 45 179 133 223 199
    237 255 168 200 111 255 130 30 255 179 159 255 236 136 224 122 89
    255 219 57 197 91 134 255 167 48 116 185 202 255 149 9 255 53 40 111
    80 120 255 140 220 255 129 39 255 44 24 255 255 255 255 17 201 255
    101 190 255 48 221 255 163 116 255 100 129 179 200 131 255 239 199
    255 191 255 101 24 140 187 77 18 255 249 255 255 93 59 7 97 255 70
    216 247 255 91 255 255 170 63 28 232 0 108 100 51 163 134 138 255
    107 5 255 217 80 143 235 255 255 121 175 204 248 112 255 171 180 255
    136 197 255 255 108 255 131 255 221 157 57 38 100 167 8 134 176 171
    255 53 12 239 48 25 194 255 129 168 98 255 149 192 168 15 153 232
    164 75 255 66 105 255 171 30 255 252 73 255 81 255 194 209 255 139
    102 255 105 125 95 138 69 255 48 117 229 216 255 255 204 202 167 187
    55 57 255 131 255 169 135 13 255 149 129 15 153 255 134 117 75 119
    172 149 148 148 116 80 80 255 255 35 255 255 90 37 255 118 126 255
    115 251 131 0 143 5 246 179 161 117 165 227 34 127 255 61 28 255 222
    166 35 185 255 50 216 131 25 229 123 85 164 108 10 166 27 109 202
    221 242 139 100 255 255 234 255 92 188 76 0 126 166 89 28 46 255 69
    91 146 23 255 121 76 255 145 105 236 252 68 255 65 255 255 177 255
    255 245 15 221 130 138 201 255 255 191 248 143 93 164 255 255 84 197
    255 18 36 211 191 233 255 45 40 212 157 255 255 229 17 182 110 48
    255 39 121 255 47 255 255 18 143 173 226 255 255 161 242 255 20 1
    255 28 255 138 199 255 164 80 131 255 8 172 91 77 86 71 102 217 255
    150 255 255 244 153 0 193 255 201 98 91 75 1 223 255 4 255 197 145
    210 255 75 255 51 94 219 80 210 107 32 109 179 255 99 69 255 255 143
    255 228 140 46 35 255 224 239 255 128 208 55 255 35 35 55 183 176
    255 157 208 255 186 251 219 33 161 179 135 103 217 144 14 255 255 86
    177 131 90 255 145 181 176 8 255 255 49 84 18 181 255 75 157 51 255
    38 23 204 255 255 40 3 242 255 54 12 133 136 26 161 138 138 133 28
    255 255 33 21 255 230 255 255 176 130 199 122 255 242 116 255 255 64
    107 50 104 14 13 150 8 231 0 116 32 210 76 109 108 153 255 135 99 22
    93 255 23 168 103 113 107 109 255 22 112 23 127 84 255 191 203 70
    103 13 217 57 141 103 27 172 216 194 36 255 115 243 103 167 255 85
    61 75 255 26 251 149 255 171 124 164 255 161 85 139 124 166 32 255
    115 199 255 252 158 154 220 0 66 255 33 255 213 255 255 99 19 255
    235 255 177 19 176 255 52 40 255 64 147 255 161 255 114 49 255 255
    194 246 154 81 126 255 184 255 247 255 170 255 188 255 128 106 0 48
    255 112 255 252 51 255 202 255 144 139 141 255 211 122 255 112 194
    229 207 27 255 85 255 255 80 120 156 158 255 255 141 232 221 108 255
    13 255 188 151 122 208 237 108 154 214 13 76 255 148 238 255 220 130
    254 255 102 255 143 255 105 255 230 255 40 1 182 177 139 53 247 255
    255 237 113 207 74 96 76 182 1 234 202 55 35 255 31 255 218 255 211
    255 33 25 167 255 227 235 220 176 250 216 23 221 82 255 56 118 255
    202 247 255 57 255 255 26 255 234 255 230 156 135 230 143 190 255 68
    45 255 255 16 255 126 206 243 255 106 229 36 255 247 234 163 255 255
    208 207 60 255 84 255 177 185 219 145 255 187 255 252 186 21 94 182
    45 3 255 171 14 255 118 225 15 175 224 22 11 118 202 241 255 0 29 41
    255 102 154 255 64 44 129 119 181 143 109 255 7 255 18 17 54 135 255
    255 26 255 182 149 244 67 105 254 7 207 255 156 154 101 170 72 234
    214 255 255 48 176 232 20 71 255 90 23 255 201 221 196 115 165 255
    112 188 63 223 73 255 149 184 247 189 255 139 42 117 255 22 109 255
    136 18 13 152 179 36 109 0 255 250 216 116 183 255 15 203 255 0 255
    214 100 255 130 45 108 255 255 250 73 255 208 139 255 218 63 50 179
    171 255 18 5 166 43 181 255 195 150 255 57 206 187 231 241 255 94
    237 139 122 255 255 246 176 255 174 255 38 37 198 194 17 40 159 133
    23 189 143 136 103 243 102 171 141 84 116 171 8 91 75 226 255 66 14
    255 237 35 255 230 37 255 106 96 255 143 255 255 212 176 13 113 179
    32 218 48 23 231 104 159 244 255 255 232 159 106 216 238 255 73 199
    163 221 80 255 83 255 192 191 219 32 217 109 61 252 90 80 54 44 191
    46 193 174 225 166 255 191 253 10 69 141 153 80 18 27 236 255 255 72
    19 255 134 255 255 82 239 239 148 21 12 90 205 255 140 113 255 26 40
    75 2 3 255 208 114 61 45 188 255 255 255 146 80 99 78 234 203 75 120
    184 91 73 194 53 58 51 255 183 13 118 97 255 98 124 27 231 97 69 18
    255 75 246 139 226 88 9 138 255 173 66 229 186 255 255 241 144 100
    140 0 255 65 8 255 255 252 214 44 17 255 173 132 212 128 255 105 97
    255 148 82 6 255 71 255 255 218 13 255 81 212 48 255 176 15 49 255
    255 82 39 255 213 212 139 254 12 139 10 68 131 231 181 255 89 255 81
    201 171 10 219 242 255 80 210 255 245 255 255 255 153 255 6 193 255
    120 255 86 91 21 255 17 143 255 127 255 151 94 9 217 93 208 255 181
    150 255 209 71 51 158 30 138 111 144 70 93 171 27 17 178 255 225 116
    187 255 223 146 255 188 179 122 13 255 176 64 255 166 93 121 197 48
    255 104 64 255 100 178 241 120 214 17 168 111 255 67 46 105 44 122
    108 79 255 227 51 152 216 238 108 76 173 255 35 85 225 255 255 253
    255 255 53 27 33 255 255 2 140 255 190 220 209 143 223 255 245 255
    234 134 221 255 133 71 255 149 238 255 74 255 199 255 211 224 193 32
    255 163 24 255 17 39 255 55 183 255 204 255 255 247 255 255 211 40
    61 255 168 111 170 255 95 60 255 40 159 100 146 214 120 255 255 201
    207 250 35 255 92 6 207 88 103 118 255 255 174 77 212 146 52 134 255
    255 1 255 98 114 98 97 95 255 56 156 173 102 255 255 250 63 93 118
    98 20 255 255 255 103 255 255 52 147 174 124 105 255 255 144 204 49
    54 255 190 255 255 175 255 134 27 198 126 75 41 148 248 241 176 209
    81 53 182 72 255 51 26 247 128 5 146 116 165 255 222 55 255 161 255
    149 19 255 76 103 104 199 202 45 255 93 255 255 175 113 255 86 255
    255 255 152 255 199 58 255 8 201 255 168 239 255 139 255 148 220 196
    96 55 57 221 216 129 75 49 193 255 35 190 255 181 44 255 62 167 25 7
    30 255 111 112 88 252 19 255 255 234 46 128 235 32 108 179 255 175
    22 70 20 41 255 116 19 255 116 180 255 90 255 33 118 12 249 239 255
    255 159 157 255 138 112 255 122 13 217 200 15 138 28 234 255 8 54
    255 255 255 255 86 31 123 245 117 255 53 125 255 184 71 255 250 100
    153 209 170 255 231 112 161 157 255 255 171 255 231 175 131 209 17
    93 255 212 129 134 99 157 255 161 199 236 255 136 255 119 255 55 255
    170 96 183 221 255 244 224 3 222 255 255 137 255 255 12 172 128 35
    32 80 17 210 8 115 230 176 175 1 255 31 117 255 174 161 191 247 33
    141 255 255 171 243 64 192 156 255 255 38 178 255 36 205 96 104 255
    168 65 32 93 173 134 151 26 165 255 91 132 255 155 148 255 146 255
    255 35 255 10 255 26 255 207 0 189 66 116 78 124 255 113 234 134 255
    99 179 255 189 217 204 147 255 33 108 26 179 245 255 255 19 139 255
    164 197 109 203 112 255 252 246 255 85 228 176 38 255 255 247 172 56
    27 174 255 22 99 255 7 152 73 150 89 197 86 8 255 182 78 255 250 120
    53 255 170 50 188 21 216 11 180 249 61 232 255 179 255 255 204 84
    255 201 255 141 82 131 255 250 77 252 76 66 255 8 93 255 60 255 154
    220 255 199 57 35 246 255 26 255 6 255 192 3 107 186 29 138 255 145
    81 199 255 8 255 21 30 189 253 93 255 146 255 196 228 208 3 56 46 66
    107 46 46 122 196 68 135 91 131 197 255 66 173 165 191 186 44 206
    255 51 255 29 233 30 175 255 35 189 255 255 173 172 124 107 98 50 55
    255 255 95 246 255 216 242 30 255 42 255 255 118 159 71 67 255 193
    253 141 55 226 199 249 15 241 24 170 255 88 205 255 40 255 255 223
    226 255 12 202 255 101 255 255 92 207 255 252 185 159 171 36 255 154
    255 66 83 255 66 30 116 116 185 116 255 255 48 25 244 255 85 148 229
    134 255 252 255 35 208 80 174 255 105 140 201 212 162 75 41 62 75
    177 226 100 222 201 12 255 45 153 76 167 179 134 255 197 5 255 234
    196 90 17 139 255 255 10 69 129 255 149 152 254 206 104 255 104 75
    255 202 117 255 45 120 27 79 244 143 55 148 255 18 57 108 214 82 158
    216 255 91 255 184 219 170 229 255 141 44 255 94 105 255 57 255 255
    81 255 85 255 255 169 255 144 255 168 103 255 255 255 217 38 226 95
    154 59 187 183 148 255 20 179 255 204 26 252 207 219 255 51 23 232
    82 24 255 55 243 116 255 251 242 35 78 236 124 62 214 40 255 255 222
    132 154 52 217 255 220 39 25 226 8 229 236 255 231 40 15 255 238 165
    55 199 45 169 109 189 255 240 224 56 100 145 75 255 48 255 40 241
    255 255 255 96 58 66 148 60 255 116 62 255 255 131 36 255 113 32 255
    194 255 18 255 51 242 180 154 81 9 96 191 198 226 55 133 255 83 218
    19 255 254 60 255 192 255 255 104 0 255 143 255 91 133 190 255 51
    202 255 110 230 255 255 86 108 170 241 158 12 62 255 210 51 239 79 5
    255 11 125 166 218 255 23 189 251 255 212 226 255 82 3 105 255 103
    56 204 6 241 85 255 219 255 255 255 203 255 169 212 107 13 140 255
    255 255 63 131 255 255 20 88 214 255 141 138 144 46 73 239 231 178
    255 172 255 71 255 111 141 43 239 199 188 224 128 232 57 255 213 117
    98 255 206 159 244 51 177 255 171 129 25 64 187 30 104 255 100 255
    66 34 255 2 108 28 255 249 42 13 176 0 227 204 198 239 31 127 255 34
    255 161 250 203 255 152 255 118 93 105 80 35 112 136 255 255 45 113
    123 2 82 21 255 53 18 250 55 232 255 100 68 56 49 131 55 247 86 68
    235 135 255 109 26 255 43 109 255 208 255 255 139 82 255 93 86 187
    137 255 96 117 131 255 174 220 255 53 28 119 163 243 65 194 135 255
    128 172 217 56 199 255 64 51 90 255 220 154 4 192 164 255 45 68 97
    255 70 107 255 106 138 214 81 81 109 255 135 129 255 57 156 246 140
    238 75 235 91 255 73 51 255 49 132 255 109 75 255 64 85 255 90 37
    255 37 15 255 163 41 2 255 153 255 228 255 255 255 103 255 255 118
    192 195 152 255 197 255 255 76 144 41 216 60 255 64 190 73 245 12
    182 139 59 136 255 63 237 117 203 255 181 64 121 168 185 255 164 121
    255 0 72 206 161 154 164 128 75 8 45 199 255 91 255 187 238 163 255
    90 255 88 49 31 254 255 46 255 102 163 255 255 176 179 255 255 143
    190 139 56 37 255 103 85 130 255 62 27 197 111 48 154 255 57 255 255
    189 255 42 125 217 255 154 255 219 255 255 20 202 68 186 116 68 149
    145 86 252 154 255 223 255 128 255 66 154 255 255 187 255 220 255 40
    255 108 223 255 32 255 197 252 168 46 136 181 246 126 72 255 224 109
    207 5 206 91 15 76 247 255 186 62 246 46 229 231 255 163 255 42 192
    161 183 59 239 40 94 214 117 255 255 2 165 202 153 255 211 173 255
    133 62 158 255 171 144 177 72 100 255 246 255 206 255 125 255 125 40
    108 183 255 255 208 255 187 246 103 255 156 78 189 101 243 255 136
    58 46 37 255 255 70 154 17 255 194 255 26 161 103 171 122 18 85 255
    71 119 125 237 36 179 255 231 179 255 22 253 249 118 255 36 82 255
    255 255 130 32 134 24 161 95 156 143 119 6 214 101 54 66 21 255 255
    60 125 41 36 46 187 101 255 101 252 89 202 255 68 136 3 36 255 201
    51 255 46 255 76 190 145 255 255 49 255 27 255 246 144 14 71 8 255
    177 16 105 186 54 51 255 26 162 184 57 13 255 67 131 255 128 131 177
    243 197 255 126 161 161 56 255 255 55 255 255 129 219 40 255 255 5
    135 172 255 0 59 66 85 31 194 207 198 255 182 80 255 57 220 45 111
    201 191 118 255 40 54 107 255 255 54 255 46 104 255 200 180 255 18
    221 78 188 40 239 34 216 131 56 224 219 76 247 255 27 196 174 12 255
    255 255 219 226 101 123 255 9 206 3 171 211 255 49 241 255 97 1 65 4
    126 114 2 248 139 121 21 189 208 232 156 164 112 255 208 153 173 53
    122 255 112 219 255 255 28 133 38 255 61 200 28 255 200 148 239 194
    55 255 245 116 194 29 64 184 255 255 35 255 255 255 213 255 202 248
    48 45 22 5 255 42 53 126 176 255 246 55 138 95 65 199 255 63 255 234
    15 238 43 255 196 202 115 100 255 118 234 5 86 253 255 246 255 48
    255 214 255 255 255 207 83 158 121 42 224 30 218 123 255 125 255 55
    204 255 255 218 248 255 220 32 255 161 145 249 243 60 242 255 248
    255 73 250 108 255 255 255 86 76 171 240 77 141 176 40 61 180 255
    255 255 255 224 250 112 255 64 140 255 154 148 13 117 102 255 255 84
    144 209 103 255 103 162 249 56 50 255 234 42 231 208 78 216 113 224
    68 116 132 255 166 190 58 198 255 206 121 167 149 75 255 255 179 255
    171 255 24 36 35 86 131 91 181 166 26 152 209 107 113 129 222 117
    255 70 99 70 65 205 78 38 190 255 209 93 255 110 150 255 243 219 255
    158 255 255 99 3 255 110 220 241 109 35 255 245 12 255 135 156 255
    165 157 255 92 120 255 141 255 100 170 255 114 92 91 197 134 168 131
    54 15 255 255 237 35 128 45 51 200 255 255 11 80 204 201 111 255 206
    185 96 38 41 28 47 185 41 73 109 103 199 216 192 54 24 27 229 73 255
    255 255 255 92 255 56 255 229 28 136 255 118 104 99 255 39 165 255
    231 203 46 122 53 93 162 203 255 227 81 255 66 37 255 214 125 2 249
    72 255 174 255 45 152 255 255 53 252 131 185 253 255 43 10 143 246
    42 66 20 157 90 255 13 197 195 167 101 141 255 214 56 255 255 118 71
    247 194 255 50 129 175 255 255 31 250 225 206 216 176 255 83 6 184
    118 18 251 255 183 178 32 93 255 8 241 247 244 28 208 255 255 255
    168 255 0 234 235 202 206 74 4 255 18 207 166 67 255 255 13 58 18
    241 93 134 204 22 169 26 255 255 128 120 159 255 193 255 238 98 255
    156 13 156 36 255 197 150 197 255 255 221 121 65 196 217 201 255 53
    209 255 65 255 161 255 111 159 25 56 111 25 202 63 17 73 221 255 226
    48 229 255 150 255 158 81 15 27 201 36 156 228 100 35 255 212 46 41
    255 54 255 58 46 255 15 28 255 255 162 187 105 208 219 255 40 251
    255 35 113 234 213 255 255 139 250 48 255 36 255 94 234 45 44 24 163
    161 112 138 203 41 237 118 251 255 172 59 154 154 255 255 111 255
    255 186 198 255 255 84 66 12 136 255 228 156 106 255 166 196 46 255
    40 54 255 255 31 170 181 45 135 158 255 153 255 125 255 148 221 60
    255 82 255 255 122 176 255 109 255 146 152 244 177 244 219 255 99 54
    255 76 215 95 71 187 159 83 205 149 101 80 194 255 255 255 206 50
    255 27 8 229 255 81 255 145 194 255 201 255 255 141 3 222 152 242
    255 11 136 71 74 51 60 97 255 242 92 117 255 113 64 65 85 220 161
    143 31 255 221 221 83 154 168 133 184 255 15 249 255 255 226 255 12
    188 255 192 170 54 255 208 251 124 135 180 222 133 39 111 166 252 91
    255 21 18 203 237 168 183 135 143 194 184 119 255 156 105 220 50 255
    225 217 100 4 87 255 219 36 255 131 8 255 47 46 255 180 138 109 225
    233 25 80 255 65 155 193 255 7 23 255 18 48 134 126 81 108 226 116
    255 94 168 255 214 255 255 164 255 68 238 251 255 85 255 30 236 95
    255 186 8 255 140 94 43 255 235 88 155 27 93 159 102 255 164 143 255
    214 255 23 255 252 222 144 255 255 201 255 129 4 233 255 222 255 93
    27 163 50 255 87 255 91 172 131 83 14 255 131 255 255 129 93 30 234
    225 255 53 91 8 35 40 2 113 0 201 237 28 212 236 255 255 26 78 13 40
    59 255 44 235 255 49 255 255 146 96 254 7 229 255 137 246 161 198 59
    255 15 255 247 44 62 17 9 41 255 4 149 219 95 75 255 120 190 143 167
    96 116 113 78 255 172 135 35 202 255 38 118 95 187 136 206 224 40
    223 83 255 4 255 90 172 255 131 107 46 182 135 254 162 255 255 51 5
    48 250 95 86 193 58 168 3 170 255 186 105 255 200 147 255 124 238
    143 243 45 30 26 255 17 237 103 255 95 255 226 107 91 184 171 167 83
    36 33 246 227 197 176 213 255 43 255 248 255 36 120 7 34 242 13 168
    224 105 202 201 96 111 255 255 255 237 163 91 131 194 155 255 255
    235 255 144 255 207 222 255 68 91 247 107 255 104 8 129 183 22 217
    31 13 90 206 112 255 2 54 158 255 237 255 253 234 138 186 234 139 63
    190 95 255 12 154 143 15 224 173 255 126 167 237 237 179 181 255 52
    255 177 57 255 255 4 255 255 115 239 244 3 76 255 208 235 255 144
    150 121 236 158 158 207 45 28 152 103 61 102 100 85 127 215 212 254
    255 255 97 154 255 106 62 15 255 64 255 206 161 96 90 187 173 55 194
    255 197 255 219 223 187 255 47 42 182 200 98 187 57 45 98 197 181
    191 98 69 255 206 238 255 4 237 56 8 6 255 85 158 255 214 118 255
    223 116 247 255 58 98 120 54 33 255 105 88 255 239 194 74 176 255
    255 13 45 79 113 35 159 140 255 120 145 255 9 85 255 97 31 234 85 39
    106 28 210 36 214 130 113 82 255 187 255 78 136 124 253 55 67 255
    236 6 255 254 249 112 196 38 154 184 128 125 113 255 172 255 144 220
    176 82 145 113 214 55 90 255 255 111 117 255 255 57 243 86 150 99 38
    0 185 83 2 35 211 74 54 255 255 172 255 92 42 8 128 26 48 146 255
    184 20 255 255 239 95 187 199 50 207 192 121 232 189 251 113 155 96
    33 234 139 255 185 168 255 238 255 255 255 255 255 51 90 255 180 255
    255 216 255 255 51 255 20 75 69 194 185 206 255 173 32 255 245 211
    255 168 132 68 137 122 255 254 125 217 216 190 255 234 255 176 53
    143 255 255 183 255 168 89 80 82 41 13 230 253 255 165 255 123 117
    22 255 16 69 25 209 255 158 82 255 255 33 18 12 255 45 255 89 91 255
    37 216 255 30 247 20 173 255 113 47 40 244 216 117 255 237 10 192 69
    255 255 107 233 158 99 244 255 121 255 255 58 33 255 228 141 255 103
    255 101 255 234 209 94 54 35 255 255 255 213 125 138 128 51 255 183
    188 0 248 157 121 95 183 196 93 26 255 243 248 55 212 179 255 139 8
    255 128 63 255 120 255 161 98 46 13 252 162 106 216 162 255 173 232
    33 240 255 118 236 255 156 244 143 20 124 9 141 15 69 111 93 255 164
    52 152 217 221 23 255 255 189 255 128 94 35 150 134 255 131 255 138
    198 255 171 192 238 194 42 247 17 52 241 255 255 174 255 126 255 65
    53 103 255 208 45 255 255 138 66 20 255 227 182 255 255 88 122 196
    109 255 255 113 122 63 19 139 255 200 208 255 255 210 28 255 247 255
    255 255 166 11 255 134 199 48 249 208 179 111 112 121 255 229 68 187
    155 255 148 122 238 255 13 255 255 191 63 255 107 201 255 255 255
    255 154 202 255 220 109 255 134 154 192 255 230 255 223 210 255 104
    57 164 54 243 133 234 255 206 85 255 179 167 116 133 218 12 18 97
    234 22 249 89 241 255 66 255 179 214 73 194 13 91 216 217 255 43 60
    255 53 255 68 182 140 252 25 255 216 236 255 231 120 217 114 184 94
    91 69 77 255 157 10 255 185 75 202 145 55 18 158 179 255 153 255 255
    45 89 255 137 22 176 131 255 3 255 247 255 218 184 10 118 172 35 146
    184 255 6 75 177 243 210 255 176 252 255 12 255 255 39 255 60 255
    250 7 69 255 17 255 255 95 64 255 5 9 15 144 255 212 146 238 255 116
    173 59 103 152 255 255 16 84 255 191 30 106 20 255 43 195 211 255
    255 102 8 51 185 163 108 255 255 238 255 43 89 45 217 157 45 255 108
    172 86 201 113 255 249 255 255 249 6 206 236 215 85 255 175 68 248
    23 237 255 230 81 157 242 255 20 255 58 168 148 177 55 153 22 188
    123 78 252 255 66 110 229 168 235 40 149 222 163 23 252 93 255 28
    255 255 106 107 98 65 143 221 30 202 96 8 152 156 24 90 12 255 135
    249 44 233 164 67 212 255 116 255 255 63 255 255 231 179 255 222 33
    128 6 17 255 188 57 201 208 255 151 183 255 32 143 221 12 177 73 255
    136 229 151 104 244 41 234 31 2 124 122 83 227 139 244 1 141 121 111
    238 244 176 255 116 9 30 255 37 136 71 235 171 255 37 214 255 113
    134 255 88 125 46 150 255 255 103 113 255 34 255 206 229 190 255 111
    139 255 255 165 255 61 179 255 254 193 25 45 54 25 4 140 61 246 67
    169 89 255 255 177 255 0 143 235 186 26 237 255 149 229 255 255 8
    217 236 114 50 63 45 255 189 255 237 90 197 222 86 112 209 241 255
    15 48 255 232 126 35 255 48 255 219 254 255 96 190 57 255 206 210 98
    88 162 255 52 131 197 180 150 121 255 255 8 148 205 96 161 235 212
    53 138 219 15 184 23 2 44 101 143 3 123 43 255 123 112 255 71 115
    104 227 117 252 255 173 64 255 88 230 255 74 193 226 141 255 255 88
    103 255 202 255 75 94 127 255 172 82 255 66 90 149 183 158 121 52
    129 108 97 255 255 250 49 211 104 150 194 164 23 255 46 198 255 255
    183 255 25 123 255 238 62 255 138 255 116 232 255 239 227 13 48 139
    114 255 129 255 38 225 33 23 181 86 5 107 58 144 166 210 255 141 235
    68 162 175 109 220 255 46 86 217 206 83 57 255 60 159 95 208 67 197
    37 98 70 91 255 138 232 224 255 48 215 173 21 126 204 108 239 15 255
    138 255 208 51 255 255 94 255 44 4 255 255 139 255 143 15 181 52 63
    255 122 255 255 15 21 255 13 255 255 62 255 247 62 185 255 231 255
    184 163 45 255 13 255 221 7 21 189 103 42 80 255 214 255 43 24 255
    255 255 217 158 234 174 124 1 255 71 69 255 81 189 76 36 31 138 255
    255 224 176 131 28 255 19 159 214 202 255 179 126 91 248 255 255 244
    3 255 220 255 255 129 41 164 255 136 168 207 255 123 255 141 255 212
    239 255 255 255 60 100 250 45 175 241 204 244 5 255 199 244 207 89
    163 255 255 255 166 197 136 68 98 255 229 228 193 255 170 184 85 255
    3 255 97 138 255 16 180 186 218 136 255 57 17 255 58 51 255 139 28
    224 73 21 255 54 129 2 168 238 229 2 86 255 129 242 222 155 255 255
    165 255 241 21 247 80 208 148 18 109 103 88 0 33 252 40 138 35 200
    255 255 179 18 186 93 9 246 171 49 126 202 255 15 245 255 101 159
    255 255 236 30 255 193 255 255 255 255 255 255 93 10 255 255 186 21
    217 30 125 84 255 70 255 255 244 228 255 246 241 255 72 216 187 172
    147 98 148 53 255 145 1 173 1 255 255 140 122 224 248 26 255 40 99
    129 21 255 255 38 199 242 255 176 227 122 246 101 255 193 126 183
    211 255 83 248 255 255 239 196 170 255 246 234 255 156 249 243 181
    152 255 255 86 255 111 138 243 252 16 244 28 95 224 91 216 31 81 206
    116 255 210 145 189 174 17 255 255 109 255 207 255 229 1 247 40 43
    26 255 16 255 255 69 255 255 185 96 93 255 117 197 255 255 128 110
    165 231 112 255 126 241 230 98 145 6 255 93 255 43 152 239 255 255
    207 255 238 54 197 183 255 80 19 42 255 240 150 236 245 49 66 101
    251 106 111 111 7 46 111 255 212 226 255 11 226 91 207 86 119 225
    228 55 84 255 255 103 243 224 186 172 255 255 158 216 2 12 255 223
    14 231 45 255 131 147 255 100 26 255 164 84 255 255 145 255 108 237
    28 255 159 157 239 83 255 182 255 46 255 193 130 194 179 136 255 194
    255 91 139 194 255 248 19 206 255 138 164 124 230 255 134 255 255
    212 166 133 13 68 204 245 125 141 100 54 10 86 80 3 91 117 255 30
    255 255 15 192 35 57 165 255 130 129 199 203 85 255 255 190 255 85
    140 121 179 162 40 221 255 211 73 211 161 16 93 86 88 64 224 10 255
    255 180 255 27 255 188 25 255 248 85 82 255 41 255 141 93 185 255 40
    131 8 255 20 76 249 255 118 191 240 178 176 52 255 255 110 255 255
    206 206 161 159 255 105 8 255 58 217 255 201 255 103 166 149 242 255
    70 12 12 53 255 166 124 229 174 219 0 25 28 120 197 104 90 255 104
    255 192 125 215 88 173 89 255 176 255 255 16 0 255 104 255 255 212
    170 255 109 201 255 165 35 10 20 59 255 115 55 255 38 166 255 64 241
    255 102 162 255 222 117 50 230 238 255 45 39 255 2 255 27 125 87 255
    154 255 231 30 51 255 27 255 184 83 53 134 120 148 255 240 255 255
    174 54 35 140 122 255 192 219 249 54 49 226 174 255 255 0 64 222 34
    149 224 255 22 255 203 13 255 40 42 255 156 255 71 158 68 242 189
    159 197 175 21 255 255 98 138 248 185 255 209 239 144 100 23 255 250
    145 255 137 82 36 154 255 255 127 244 255 88 60 254 6 118 169 109
    170 121 103 150 73 56 255 255 15 144 255 140 175 196 28 51 255 255
    73 255 255 198 255 161 255 255 155 255 255 157 102 105 35 39 255 58
    255 255 70 179 148 110 42 141 120 223 113 53 199 242 181 19 103 255
    255 214 73 132 255 255 26 151 52 90 95 159 206 143 6 255 149 255 255
    255 54 172 86 255 255 128 255 207 15 116 255 20 226 120 255 56 125
    13 22 232 255 139 46 2 44 132 206 232 255 255 130 126 255 26 19 176
    164 225 17 213 127 85 26 198 43 201 140 111 35 224 156 255 255 255
    13 255 194 135 3 8 179 111 171 255 148 214 149 121 153 255 255 194
    121 219 249 75 0 255 220 255 136 167 113 101 42 103 18 209 208 187 8
    145 255 31 168 255 255 81 255 112 111 129 127 232 255 171 147 255 7
    71 38 226 90 247 176 255 232 52 36 100 216 255 181 84 255 222 241
    255 236 42 50 36 254 255 179 211 136 255 55 207 136 217 30 224 17
    129 76 25 255 71 57 156 255 238 12 255 10 239 255 61 255 169 36 143
    131 207 255 255 228 215 255 155 98 255 217 243 149 181 194 163 231
    221 202 29 255 255 255 255 0 116 132 141 255 255 222 166 84 30 255
    82 255 55 255 181 89 135 255 63 255 139 121 194 151 218 103 65 33 73
    232 93 165 176 237 255 66 54 255 70 243 98 255 228 255 255 247 176
    255 182 255 63 130 129 105 199 255 216 182 224 255 223 78 255 99 46
    255 24 113 30 104 162 255 138 148 255 199 255 206 116 255 173 108 91
    53 255 255 166 49 104 18 143 255 227 120 105 255 150 255 255 79 162
    33 159 203 255 33 102 217 58 239 27 64 58 229 227 129 143 38 250 32
    16 252 255 255 75 13 20 166 231 66 78 80 222 166 255 103 49 255 161
    158 255 255 111 222 4 50 217 25 255 222 134 192 50 93 163 255 36 214
    186 48 241 123 45 0 255 34 203 126 19 150 255 159 8 126 241 103 216
    118 221 202 255 255 255 193 255 255 72 121 224 52 153 58 99 255 113
    18 185 103 140 178 111 0 99 255 179 178 255 83 255 139 214 75 255
    115 255 255 18 210 15 165 40 255 153 255 184 130 37 255 176 4 255 9
    36 164 45 244 255 200 99 252 202 113 255 255 68 23 168 126 86 255
    255 255 248 250 2 185 76 231 208 255 148 235 203 255 239 255 255 140
    39 5 12 255 171 186 255 255 69 168 255 13 190 201 33 161 194 104 255
    255 1 141 66 25 69 255 137 49 85 134 255 8 119 18 255 22 255 156 244
    3 66 109 90 255 18 180 255 53 150 255 221 103 109 255 116 255 225
    202 81 239 215 207 193 255 27 99 54 206 199 45 255 56 225 255 250
    255 204 62 123 91 252 176 255 7 198 255 62 180 176 54 251 15 85 255
    171 255 224 255 19 103 65 194 154 184 135 255 255 206 82 255 174 255
    255 181 185 27 30 228 255 20 255 242 253 197 126 186 255 91 94 168
    169 17 251 255 197 49 12 85 215 154 13 178 73 255 171 123 255 33 95
    122 255 255 72 31 71 29 21 98 20 163 255 207 255 61 98 86 255 118
    225 187 252 135 227 116 120 255 194 220 30 38 120 177 154 68 255 195
    255 255 219 246 68 255 68 255 225 40 232 129 18 255 158 255 221 250
    53 8 237 223 255 55 27 98 252 194 48 73 13 255 88 193 255 243 255
    227 210 58 255 190 150 116 75 228 255 197 71 113 40 184 88 44 255
    148 131 198 255 144 255 255 42 162 249 3 219 103 255 255 113 249 255
    255 65 73 61 28 57 255 174 178 20 57 158 56 82 255 255 201 255 255
    89 255 123 1 41 119 255 105 113 21 237 3 209 37 255 63 93 36 66 49
    18 70 248 255 99 126 136 207 176 118 149 91 88 64 107 151 241 181
    255 127 207 255 10 123 139 4 150 255 40 14 20 230 255 204 155 75 46
    175 3 255 245 189 55 195 197 27 70 73 255 131 116 85 255 14 222 139
    89 255 67 210 163 255 76 255 37 255 13 100 156 25 85 98 25 255 22
    255 232 21 131 113 255 70 208 255 255 255 136 255 188 255 192 95 77
    255 250 255 255 168 136 3 253 193 168 89 255 255 8 163 255 40 235
    158 49 255 27 86 130 255 99 130 214 255 255 141 109 255 25 255 255
    255 193 255 255 98 216 18 112 80 139 228 255 32 95 255 247 102 100
    214 194 255 134 1 255 196 161 176 229 139 175 255 255 89 255 124 103
    85 88 140 119 250 24 25 16 127 255 110 189 113 214 251 255 197 3 114
    53 150 255 43 132 187 155 255 255 255 36 255 255 208 192 189 189 255
    190 181 219 255 255 106 250 255 255 255 147 255 120 255 27 185 19
    166 230 253 221 255 156 255 56 94 148 147 72 255 92 5 255 103 196 8
    217 187 255 255 59 134 163 255 255 149 57 45 159 123 255 75 188 231
    173 17 139 137 193 143 226 113 20 30 255 174 71 239 161 166 170 255
    7 255 15 33 100 68 107 163 255 147 14 255 165 217 255 124 32 217 100
    99 197 71 255 227 173 120 20 254 183 5 65 117 255 0 255 123 58 255
    255 232 122 22 239 193 60 116 161 166 42 228 255 71 33 252 42 99 255
    69 217 174 166 211 255 35 255 255 109 55 216 241 147 255 201 50 255
    245 159 0 240 59 255 64 105 255 35 255 255 212 9 61 116 134 236 27
    66 246 55 212 255 157 201 252 125 108 119 98 60 255 225 87 85 156 80
    118 236 193 222 255 1 141 100 255 255 193 69 119 43 255 255 237 51
    169 184 255 43 135 3 255 70 107 35 15 205 124 255 71 70 98 255 91 40
    255 116 255 32 255 16 205 159 247 18 5 230 141 255 201 111 255 255
    60 168 118 48 255 70 42 247 212 42 255 119 9 229 210 255 95 241 14
    194 10 255 255 53 15 255 222 255 231 204 21 166 236 84 217 227 255
    255 84 225 35 185 55 80 44 117 255 112 255 255 162 226 255 227 154
    129 109 60 255 255 212 255 243 215 134 12 217 171 107 170 255 89 125
    143 249 69 234 203 73 255 37 196 156 94 21 7 232 255 255 250 134 20
    255 102 93 199 183 51 255 62 158 166 255 10 9 255 153 77 252 105 8
    163 255 141 144 252 174 198 255 11 211 255 91 23 255 199 255 255 20
    158 103 236 198 18 2 251 255 170 112 105 207 184 141 246 149 131 180
    168 255 45 75 255 7 201 255 174 206 217 89 181 32 119 127 106 141
    167 255 1 19 32 7 3 60 162 255 255 42 255 75 60 99 255 156 138 224
    194 120 109 66 54 118 204 45 255 255 144 131 28 161 254 255 87 255
    161 255 255 37 67 255 147 255 255 255 1 95 47 172 219 26 210 199 194
    28 22 255 113 255 240 73 18 194 136 255 214 91 255 255 134 255 30 71
    28 247 14 191 112 223 80 255 171 177 36 255 255 222 221 111 13 158
    146 93 233 246 177 208 123 45 22 255 255 26 66 55 201 176 95 122 90
    141 205 128 83 54 255 127 144 255 165 153 53 125 149 255 111 229 149
    229 69 100 255 176 128 200 53 247 20 196 124 255 131 96 240 40 255
    255 3 81 17 244 255 255 99 93 250 3 226 85 217 255 255 176 196 118
    147 103 216 170 7 136 255 255 91 125 143 216 3 121 66 15 10 255 181
    15 82 26 255 199 19 255 107 252 255 93 131 249 47 44 156 143 18 255
    19 14 36 172 86 255 13 202 255 6 0 255 62 178 255 113 174 211 33 139
    252 255 157 76 163 255 255 255 251 255 248 255 119 188 44 191 185 42
    219 166 188 85 122 150 114 72 51 216 255 18 118 217 30 234 19 180
    255 28 109 255 193 255 255 143 255 255 127 112 78 255 53 255 171 247
    154 255 255 45 195 199 255 9 162 255 31 59 51 186 255 95 208 199 176
    192 170 255 39 225 239 127 33 237 161 45 95 255 154 255 255 60 255
    255 93 56 91 109 234 150 50 255 199 166 3 255 255 158 7 255 255 90
    211 255 238 37 113 127 95 255 232 42 158 255 85 22 171 255 51 255
    121 255 255 99 255 255 255 255 82 73 78 208 255 139 216 66 91 145
    162 187 228 148 255 181 48 255 28 109 255 154 62 241 222 241 151 182
    139 255 206 127 217 172 255 199 102 157 88 247 159 255 36 3 255 91
    23 255 232 203 171 12 255 151 84 255 123 45 201 255 176 178 63 143
    53 90 229 6 239 227 102 255 170 255 216 145 255 202 182 60 176 49
    197 255 161 255 184 200 100 71 137 212 255 133 246 255 255 26 252
    182 105 113 120 162 255 255 150 121 155 184 255 147 255 187 255 63
    255 45 59 255 246 122 119 106 255 194 235 60 255 10 8 255 206 181
    255 104 120 2 195 39 255 63 22 116 185 255 255 172 255 144 207 255
    214 168 148 199 117 75 96 81 255 126 74 255 255 115 234 255 106 255
    50 181 153 55 134 81 25 34 40 255 252 31 32 255 165 255 106 255 163
    72 255 255 104 216 128 65 63 136 214 242 255 237 255 116 162 6 216
    210 255 184 108 244 211 145 60 143 231 241 255 102 175 153 255 255
    61 79 76 100 108 60 255 63 196 131 168 235 148 95 21 149 172 255 242
    216 171 219 47 226 255 150 125 216 125 199 255 255 134 255 84 255 91
    157 205 255 92 153 3 255 140 23 86 94 173 147 255 255 103 49 255 36
    72 239 213 109 255 173 205 255 53 99 231 18 255 171 125 255 255 255
    135 255 254 255 250 245 63 105 221 116 85 212 57 255 249 220 206 97
    190 227 255 197 177 229 253 182 134 194 159 104 69 255 13 255 255
    111 162 116 183 28 106 71 120 255 209 255 255 244 31 255 220 26 255
    61 122 80 43 203 255 48 183 36 255 55 221 126 252 255 104 46 231 124
    255 255 37 255 255 231 255 241 57 255 139 179 161 255 106 147 255 44
    255 255 136 149 0 255 211 100 117 0 255 122 255 255 225 255 100 48
    23 50 218 81 255 243 187 237 248 114 255 56 72 255 62 109 30 253 255
    252 34 255 151 209 219 70 166 189 41 173 255 255 248 251 100 73 148
    255 255 87 182 240 219 93 235 62 216 250 255 109 100 255 149 220 255
    255 255 18 76 21 30 255 255 23 73 79 134 255 203 127 189 207 33 255
    191 77 50 98 84 45 89 122 192 18 35 136 79 242 164 131 32 255 157
    201 138 24 255 252 234 85 255 243 255 158 143 5 255 43 255 12 58 224
    126 71 234 68 223 131 96 255 26 255 128 168 255 83 149 226 254 255
    70 56 215 255 183 255 234 20 255 226 38 255 255 207 143 105 246 113
    229 24 199 119 254 193 229 173 205 141 209 255 114 102 125 212 31
    196 103 255 45 255 186 131 255 255 188 105 128 72 255 208 255 139
    171 255 255 179 255 136 31 255 255 15 208 158 93 24 255 86 163 221
    71 241 169 4 255 23 110 170 255 93 139 43 208 255 146 54 156 255 20
    255 255 145 235 43 152 226 35 226 194 207 70 187 17 29 54 255 180
    126 8 237 15 242 220 118 255 232 243 2 148 66 138 55 6 158 99 217
    255 131 85 86 252 33 255 25 100 255 218 232 91 172 168 255 112 255
    90 10 179 153 163 23 246 244 199 171 111 49 255 88 27 177 71 255 255
    193 108 255 47 183 114 64 192 27 250 244 255 238 108 153 255 161 58
    255 135 204 120 41 255 213 107 255 255 207 231 3 145 255 71 168 2
    226 46 255 15 241 255 255 220 255 10 255 197 86 158 255 149 219 255
    88 238 166 240 185 2 13 96 255 117 135 114 62 180 138 172 176 20 95
    114 27 107 187 255 74 135 2 26 35 255 185 8 116 108 85 231 39 59 211
    183 255 50 134 117 255 10 12 55 7 76 163 100 192 237 49 255 255 149
    201 255 248 117 255 17 39 75 255 255 255 1 136 255 101 185 143 115
    102 255 26 48 255 168 42 126 203 255 226 180 255 211 10 255 255 64
    35 255 192 148 255 56 198 229 197 58 255 0 145 66 181 193 255 121
    122 255 79 162 131 7 22 171 186 159 255 48 217 32 255 130 106 149
    219 255 226 143 255 44 154 90 135 33 255 46 255 138 221 172 255 83
    211 17 255 4 181 211 170 61 118 255 255 222 255 194 255 229 217 8
    178 255 180 255 41 55 163 56 234 255 86 188 111 33 214 78 231 170
    208 108 12 23 17 180 211 255 208 161 118 4 69 255 255 220 65 210 3
    123 135 232 255 125 98 181 204 217 164 47 188 51 86 226 15 212 84 33
    35 76 255 34 117 255 177 255 93 71 89 126 235 90 255 117 255 236 255
    255 255 13 125 255 165 210 255 113 76 134 200 255 201 255 221 239 76
    87 217 201 8 143 159 255 50 84 125 255 116 230 20 9 255 255 74 255
    255 181 238 219 6 193 56 53 255 206 86 158 255 100 112 255 254 252
    171 74 255 255 255 5 60 164 167 255 81 197 96 37 212 119 155 28 91
    184 105 86 79 75 53 225 130 153 218 207 255 126 80 255 120 255 63
    207 36 255 34 111 171 240 58 227 39 141 239 255 138 88 250 255 13
    255 255 176 228 31 30 210 139 255 253 153 27 255 130 131 157 143 43
    154 194 255 176 255 214 100 105 255 176 255 255 53 224 255 122 162
    255 36 8 129 230 255 12 83 127 149 212 130 81 225 165 255 125 130 70
    66 147 255 232 255 17 44 118 22 73 255 255 69 68 255 9 255 255 243
    152 255 63 255 209 236 241 255 199 86 139 156 171 255 47 255 174 125
    145 30 185 221 255 158 140 3 31 198 76 255 145 246 190 255 80 27 166
    118 77 255 255 255 184 95 189 197 71 24 242 255 82 154 50 189 251 71
    111 98 255 75 255 255 54 100 191 141 255 181 99 255 202 239 233 255
    15 72 22 136 242 255 198 50 255 22 196 17 76 126 197 182 86 36 193
    201 18 190 120 255 255 117 255 219 223 212 197 48 197 118 255 144 21
    161 255 2 198 255 168 156 255 4 127 111 182 185 151 141 123 255 207
    42 119 55 80 207 137 81 255 255 86 255 26 193 101 67 255 255 71 91
    168 84 229 255 139 159 28 250 197 219 118 255 73 149 120 255 43 255
    46 113 255 207 146 214 113 26 255 189 33 255 255 255 233 237 200 77
    255 106 1 255 137 126 252 158 158 209 98 255 206 54 255 60 255 138
    40 33 90 55 220 127 255 66 255 255 65 246 55 199 255 250 253 14 106
    88 238 86 198 95 255 6 224 232 8 198 255 97 37 60 19 90 255 75 24
    255 219 63 224 182 45 255 99 144 255 133 255 80 209 30 88 6 37 250
    149 255 83 241 255 184 12 68 56 44 95 48 3 255 255 168 199 65 193
    242 255 11 149 177 7 255 121 11 255 255 91 171 33 199 229 255 45 5
    255 85 206 53 4 120 255 239 162 232 109 111 255 80 149 231 143 192
    116 10 27 55 16 3 255 25 167 27 108 6 255 194 15 189 92 105 221 144
    255 189 235 232 255 107 99 38 150 255 109 119 85 255 168 123 58 144
    114 141 85 237 138 216 48 181 2 63 255 84 255 119 62 224 226 4 127
    56 255 152 12 46 183 23 126 98 207 250 242 255 37 181 255 179 225
    232 150 255 255 213 190 255 254 253 7 107 255 231 188 36 18 255 60
    255 182 255 124 26 163 255 184 255 255 255 201 255 152 138 255 155
    187 255 255 225 80 195 26 184 193 255 231 106 174 255 30 59 255 255
    121 255 175 202 219 228 45 255 115 27 181 192 255 18 40 219 214 207
    255 207 92 46 68 252 159 229 238 170 255 207 244 184 173 208 255 34
    93 143 255 230 237 136 59 255 127 201 204 174 255 176 143 188 255
    159 215 93 255 255 28 235 127 255 66 207 113 255 39 166 111 165 184
    255 10 23 131 255 237 189 229 255 3 255 224 81 91 255 156 246 255
    159 22 249 4 159 68 241 255 236 25 135 171 110 255 224 158 180 255
    255 22 156 62 255 161 255 255 116 185 130 255 77 91 153 141 170 255
    92 216 255 255 255 56 255 255 241 159 189 255 207 225 45 43 36 138
    35 176 255 94 68 81 17 206 105 255 255 255 227 255 255 128 203 255
    58 140 255 7 48 114 250 255 255 0 41 55 155 111 60 58 0 255 255 64
    255 184 199 51 174 78 40 177 125 255 162 255 252 197 113 255 18 198
    255 4 255 28 255 255 244 255 136 8 255 255 255 219 168 179 90 148 65
    255 23 255 13 53 149 201 134 124 0 174 171 255 225 158 108 230 255
    213 45 103 167 60 38 190 156 209 66 255 255 17 255 250 223 255 255
    72 255 255 155 205 53 103 255 199 135 255 255 254 36 114 52 60 255
    38 116 255 131 215 255 231 211 105 154 150 45 202 230 255 255 176
    123 83 255 171 102 3 255 80 192 146 19 126 169 89 40 255 1 208 53
    106 35 209 255 18 189 82 228 111 30 255 255 221 6 123 20 108 255 25
    135 70 112 72 255 26 76 76 66 17 96 101 217 10 211 184 255 55 1 12
    122 1 2 176 105 41 60 162 242 157 96 255 36 211 255 0 31 43 79 80
    255 21 113 91 210 158 101 179 159 75 255 255 187 207 255 255 8 21
    255 146 207 199 255 243 255 230 161 75 128 49 211 232 67 255 0 114
    255 255 216 209 122 255 255 127 158 255 252 255 146 124 255 255 86
    255 255 192 255 181 191 221 197 66 232 255 255 64 255 244 255 66 122
    255 255 30 203 239 27 255 255 211 255 255 255 255 255 213 180 66 244
    40 255 182 157 232 15 255 33 199 246 237 235 161 2 163 163 13 156 71
    133 228 192 255 17 105 10 216 197 255 156 85 134 76 255 22 210 246
    246 25 255 255 149 255 255 75 255 255 130 6 255 38 39 144 82 87 255
    110 178 255 146 112 255 9 197 255 13 255 5 155 37 40 191 118 224 24
    255 255 98 253 255 43 188 23 156 255 255 237 211 255 100 255 255 21
    54 255 238 45 255 58 66 86 244 9 55 214 131 255 99 193 255 92 230
    138 255 132 45 80 255 65 216 255 156 70 8 109 255 196 237 69 36 214
    93 46 182 64 255 255 255 220 121 88 255 184 255 255 255 255 255 189
    255 144 113 174 46 255 156 135 255 166 37 255 98 150 236 18 255 171
    12 230 61 126 30 255 21 23 5 70 50 68 52 17 255 4 148 216 39 168 144
    158 253 161 70 12 255 222 255 255 49 255 255 186 235 255 37 14 182
    193 144 255 138 203 255 20 190 255 133 114 148 200 255 255 255 228
    255 255 87 255 126 166 255 64 140 58 76 5 32 216 85 20 138 255 255
    255 14 181 237 255 255 45 69 211 149 250 255 7 147 255 102 99 227
    179 255 255 109 161 255 149 255 255 36 62 45 46 28 255 237 255 32
    190 15 255 102 114 166 8 37 86 152 13 108 84 243 255 106 217 255 47
    255 56 115 168 255 44 0 108 255 255 255 43 255 53 88 255 237 81 100
    229 244 14 2 4 179 196 40 72 255 111 117 58 195 255 255 217 185 199
    70 189 192 101 81 255 191 121 255 237 139 159 72 255 176 13 248 101
    117 30 236 201 161 186 22 233 255 241 58 184 255 255 73 1 255 116 99
    255 255 156 255 255 154 255 182 206 69 255 122 255 255 255 255 255
    62 255 144 255 145 255 77 149 255 44 33 60 219 127 255 255 206 247
    255 235 217 89 247 113 202 193 255 64 255 255 191 116 114 238 255
    255 66 255 255 6 139 90 222 27 254 177 5 231 255 253 118 157 179 242
    213 90 33 213 116 255 3 96 244 182 44 63 95 121 60 167 30 234 229
    194 255 162 255 254 12 147 85 227 49 255 255 31 255 58 255 20 255 75
    255 245 23 255 130 178 146 255 50 196 48 170 192 57 217 255 236 229
    93 244 232 17 173 203 108 212 31 254 51 9 255 198 136 236 230 255
    151 230 255 105 236 93 255 74 255 171 33 172 255 63 170 27 162 4 255
    61 184 255 209 153 50 217 255 98 137 253 3 3 126 75 136 66 255 28
    105 255 144 71 255 111 123 255 255 136 126 245 95 237 16 122 255 84
    255 50 52 255 255 255 203 206 219 255 75 150 53 224 165 255 61 245
    77 199 34 113 211 179 255 255 8 224 139 212 89 255 111 162 158 172
    255 71 234 199 103 25 0 244 103 30 255 255 10 255 228 76 255 126 67
    53 194 42 255 172 69 255 159 118 255 81 162 156 103 199 66 250 187
    161 255 44 211 137 67 255 44 138 236 27 134 109 221 255 176 247 255
    255 225 127 255 118 27 139 209 8 118 112 150 255 197 179 153 126 234
    255 85 255 255 121 216 113 69 255 255 255 220 73 237 5 169 154 255
    189 27 192 98 109 68 255 98 71 255 213 211 179 252 255 146 239 48 20
    116 3 158 180 234 247 220 139 255 255 255 13 25 82 176 179 224 66
    255 141 255 80 235 134 190 255 226 155 255 36 191 28 255 247 251 242
    156 243 201 176 96 101 167 28 184 93 229 255 51 116 189 125 255 255
    253 86 255 176 114 25 235 55 36 113 255 63 37 255 255 255 138 156 91
    28 166 190 152 58 10 211 166 255 121 255 255 109 176 102 243 255 255
    230 85 150 32 255 107 132 255 229 135 20 28 98 255 138 125 88 100
    149 255 37 255 255 62 60 255 168 99 255 89 161 78 157 24 46 225 39
    25 46 95 184 255 255 133 223 149 15 148 193 179 255 210 168 29 98
    224 138 205 2 194 147 8 60 99 119 203 255 255 1 134 255 20 255 246
    255 217 255 134 127 227 36 68 197 80 255 255 86 159 255 106 220 244
    209 175 113 134 174 255 149 183 255 180 75 40 44 255 255 240 12 109
    52 201 88 241 255 255 244 126 186 247 255 255 255 120 234 232 185 50
    138 255 255 63 109 206 128 135 255 126 171 232 240 255 255 85 255
    255 13 255 36 193 134 15 255 255 255 127 255 255 179 189 241 85 114
    48 204 89 255 157 202 255 158 202 30 63 31 73 39 201 255 255 232 5
    51 30 250 6 62 209 153 255 255 70 120 255 144 197 23 165 255 35 122
    28 118 131 78 219 121 87 255 189 37 255 2 255 55 208 98 255 141 178
    114 49 255 43 35 148 182 204 130 40 158 99 96 52 233 55 180 40 182
    69 217 255 170 255 43 0 212 55 28 44 222 58 230 73 58 217 149 255
    100 166 34 131 255 255 140 255 153 255 71 62 208 255 36 68 255 208
    205 221 29 255 255 49 255 123 99 152 255 13 85 255 161 64 116 156 45
    255 134 154 214 152 214 255 71 5 201 144 102 134 241 198 255 221 255
    144 143 107 189 35 255 255 64 116 0 202 94 144 252 145 255 157 10 36
    181 32 22 129 162 0 118 255 204 255 255 177 56 255 255 80 129 70 37
    107 255 148 255 255 127 255 10 204 242 196 104 125 93 9 114 255 253
    206 255 255 255 255 247 255 255 255 158 255 255 181 255 20 1 255 67
    94 255 253 122 111 66 50 255 255 255 255 255 90 3 255 255 96 31 8
    255 232 77 105 175 170 66 100 248 32 166 49 199 211 123 255 54 253
    255 165 84 211 61 183 255 168 154 201 82 255 255 255 187 134 99 255
    255 137 255 103 64 58 38 255 255 189 127 253 255 180 114 255 115 84
    255 65 33 63 116 69 255 104 1 255 86 224 255 255 234 255 80 228 81
    255 255 36 139 62 17 157 114 146 245 181 55 119 130 199 140 181 255
    156 76 255 12 108 156 209 255 255 255 255 255 225 255 202 216 49 163
    64 77 106 54 66 101 1 45 255 82 18 211 63 255 255 90 118 255 64 53
    255 77 255 255 67 226 128 122 5 255 117 201 123 89 201 43 135 3 255
    80 86 219 234 112 255 174 86 255 200 255 96 40 62 255 255 238 229
    184 206 255 225 99 65 117 255 247 49 23 255 136 114 226 255 241 255
    144 58 60 255 228 182 152 59 136 15 255 255 220 255 177 163 225 91
    143 14 255 125 193 182 237 255 191 159 120 255 52 171 255 12 188 27
    148 148 226 19 24 61 159 255 3 93 187 255 12 199 202 253 35 255 54
    251 255 225 255 105 255 126 143 206 55 242 83 67 255 120 255 85 253
    190 255 118 10 255 133 255 255 209 68 250 29 178 231 177 255 255 254
    255 106 246 42 255 7 109 255 62 100 143 46 95 239 181 82 255 27 134
    151 140 15 255 11 255 128 131 162 250 9 255 255 66 224 73 148 55 88
    55 48 254 206 77 255 255 71 38 74 89 255 255 63 90 255 168 216 65
    255 255 255 6 255 131 45 45 192 32 2 86 113 255 253 255 255 58 103
    40 77 239 255 194 255 255 108 244 255 244 27 244 100 181 255 144 232
    222 125 24 23 255 251 255 1 255 138 140 255 153 165 196 151 104 8
    247 255 122 255 255 237 224 201 63 166 12 255 255 228 112 76 164 67
    255 255 255 17 57 19 255 153 216 73 22 86 255 198 255 255 19 58 255
    37 162 23 73 255 249 183 9 144 70 51 179 240 147 211 126 163 3 255
    217 40 153 212 58 255 69 255 227 180 88 154 140 255 97 55 255 254 72
    159 164 255 143 138 246 53 26 77 60 241 57 255 19 201 33 250 44 255
    255 125 255 52 181 174 53 255 255 136 255 20 118 184 255 111 168 41
    239 35 255 4 6 25 161 255 191 255 112 255 255 255 35 8 85 98 230 73
    255 212 14 73 56 255 207 85 255 168 255 82 255 166 93 255 122 253
    219 239 235 241 61 179 255 255 187 207 82 174 0 108 138 255 19 145
    216 183 255 106 198 30 255 206 127 194 171 221 255 44 21 81 62 64 33
    16 225 12 92 60 255 7 255 18 255 130 43 208 255 25 17 63 202 140 199
    186 236 255 81 225 193 255 255 192 255 11 255 166 94 42 0 121 255
    173 89 75 255 120 147 151 74 55 133 12 226 255 223 122 255 156 188
    255 39 140 239 199 168 88 101 86 35 181 211 111 255 157 86 157 255
    255 2 255 141 229 255 116 30 255 174 133 82 163 67 255 255 130 255
    20 17 216 211 103 81 242 60 255 197 185 255 116 145 203 255 237 100
    197 104 255 255 1 141 103 8 0 227 125 96 255 179 118 255 199 220 255
    217 255 255 4 4 207 83 255 149 95 255 118 15 212 232 91 81 33 46 19
    219 171 5 255 213 181 146 72 203 96 241 157 73 31 117 255 255 10 171
    255 69 90 129 244 65 35 89 216 21 22 12 255 108 98 253 235 191 85
    255 91 154 59 255 47 13 255 119 86 255 227 194 241 199 255 108 33
    255 53 79 229 255 40 255 255 115 145 255 18 71 199 71 24 255 255 255
    95 61 175 255 168 255 255 6 201 138 99 238 103 189 255 50 247 1 255
    229 255 131 190 53 55 81 230 46 110 255 176 94 255 255 219 121 121
    150 255 101 255 216 128 207 54 255 75 228 255 120 27 239 137 53 255
    158 35 96 47 118 106 147 132 255 240 198 255 255 144 255 8 255 41
    182 255 255 103 183 93 99 217 255 156 87 239 125 108 255 67 130 148
    228 255 255 104 73 255 245 228 101 200 255 177 69 166 255 220 99 255
    167 208 255 211 255 105 238 14 255 214 118 255 67 113 255 192 255 58
    255 255 255 113 255 91 155 187 255 255 120 255 213 114 255 199 247
    219 27 41 118 165 255 32 238 255 255 255 255 30 10 96 81 55 10 20
    133 78 70 143 255 255 35 255 197 92 107 3 191 255 196 186 255 255
    239 210 255 104 51 255 255 40 86 183 21 255 176 211 229 213 255 184
    84 197 173 255 109 60 100 255 118 253 120 255 255 255 202 85 255 255
    98 187 189 45 120 255 97 251 116 8 100 98 167 255 216 239 4 18 255
    255 255 52 176 255 58 18 141 163 255 219 221 36 255 184 255 255 227
    147 234 191 233 58 51 69 28 186 165 148 93 67 255 226 132 255 30 36
    255 181 158 48 155 3 255 111 255 226 94 201 153 255 175 17 130 71 23
    2 141 109 219 210 131 119 125 255 243 134 68 70 58 143 85 96 241 79
    217 211 18 140 255 163 10 18 255 75 128 51 255 226 235 214 28 255 62
    255 95 255 255 236 15 255 17 178 71 136 255 255 56 255 70 37 247 255
    8 98 255 4 207 53 133 44 129 104 178 18 17 255 41 176 161 201 249
    219 255 255 255 124 255 176 25 24 255 201 255 165 255 84 181 255 182
    17 255 255 255 255 64 165 61 255 156 255 140 255 237 204 105 255 210
    6 46 146 36 106 99 90 255 199 98 114 238 255 156 108 94 61 72 255
    146 130 112 141 37 152 55 255 176 96 249 211 227 255 255 173 153 4
    78 255 114 98 119 87 124 221 50 194 10 185 255 121 194 255 8 87 194
    24 154 255 62 109 255 121 247 126 54 219 194 143 90 255 186 50 255
    252 103 255 92 85 191 10 212 227 9 132 255 52 109 33 130 123 144 255
    202 76 255 4 244 133 253 146 2 255 254 124 255 138 164 84 255 22 8
    63 56 163 255 107 120 255 56 53 106 6 71 50 107 60 255 255 8 158 228
    255 105 171 8 71 31 64 46 185 255 255 26 255 255 222 202 255 49 252
    211 247 214 55 108 255 116 253 144 3 82 35 0 220 45 214 88 255 22
    155 187 158 195 255 126 141 107 255 16 23 255 255 143 66 176 138 255
    170 255 143 122 126 168 139 235 73 60 69 244 153 10 186 34 39 255
    255 255 255 166 31 184 183 89 199 29 175 32 136 3 255 121 138 244
    231 255 98 38 242 255 108 255 95 217 72 108 201 143 2 53 125 255 157
    175 227 202 255 10 131 53 255 192 224 144 156 91 226 148 190 199 64
    156 255 223 255 216 240 145 255 90 0 255 198 255 90 0 127 255 232
    201 116 217 162 255 154 255 255 172 27 60 58 76 255 190 157 119 194
    247 214 33 189 86 126 202 255 255 165 255 250 68 35 149 255 204 88
    216 255 194 67 255 118 159 255 147 255 65 13 248 182 20 251 247 172
    255 7 34 255 241 192 129 212 220 51 22 112 102 255 4 129 222 33 123
    3 219 96 58 207 255 28 255 131 88 172 255 255 54 96 239 255 156 255
    229 145 237 119 255 146 133 39 22 230 157 252 135 75 255 176 178 173
    95 255 241 27 255 191 75 30 255 243 67 153 141 46 76 82 197 75 97 31
    255 220 202 255 217 255 255 161 233 255 144 104 255 255 188 255 255
    183 80 229 255 255 10 131 244 206 255 50 255 255 255 51 13 239 246
    55 191 207 112 255 8 78 249 56 248 35 91 255 86 159 42 255 48 187
    161 192 244 184 164 145 156 228 255 116 255 90 255 180 255 0 20 76
    255 204 255 103 60 32 255 201 75 32 255 93 196 85 255 66 3 255 255
    185 72 129 162 255 255 36 154 56 29 174 255 111 185 101 129 140 255
    182 184 255 161 121 255 107 255 105 252 168 255 231 5 7 61 224 255
    130 1 144 183 255 96 136 114 247 223 72 255 110 4 255 69 60 255 111
    126 194 15 233 255 234 255 202 117 149 227 34 201 133 27 69 214 56
    41 252 11 255 255 255 30 255 255 107 246 10 1 255 99 174 247 120 255
    255 190 117 204 117 10 63 79 255 255 255 241 149 101 181 13 0 46 255
    37 206 194 255 166 60 7 8 156 88 112 197 253 255 255 228 118 255 186
    208 255 65 255 46 106 255 244 89 46 255 93 255 217 79 71 161 212 172
    174 109 255 255 2 77 105 227 255 255 154 0 85 189 215 131 35 255 255
    214 75 255 13 255 255 86 135 168 243 255 255 255 255 141 179 189 35
    223 136 113 101 255 202 247 40 105 26 109 255 3 247 255 34 125 121
    157 212 255 6 168 255 62 27 78 15 60 255 118 19 33 89 139 191 255
    255 255 82 18 255 228 13 27 171 95 164 243 24 53 198 170 65 106 255
    174 79 77 255 66 255 255 99 255 255 175 255 219 229 187 211 108 255
    136 148 36 255 255 69 255 165 255 65 10 255 255 113 255 255 147 108
    43 255 113 17 74 189 255 49 152 255 209 123 226 152 132 95 180 255
    255 214 76 255 213 24 133 182 63 78 111 8 231 159 190 128 8 255 138
    69 255 255 24 72 255 34 255 156 222 141 255 217 239 201 47 63 164 4
    131 95 76 255 255 248 71 51 193 81 186 112 111 255 174 244 221 113
    27 60 231 189 255 66 205 41 135 255 88 155 192 255 210 166 78 127 78
    255 54 224 229 147 183 65 255 255 131 108 98 255 252 255 255 171 238
    174 252 131 255 97 147 255 101 144 255 15 42 81 183 255 255 16 4 255
    24 60 224 217 176 63 10 197 43 104 211 191 231 147 95 218 140 3 137
    18 255 255 255 255 148 108 159 131 242 73 163 54 143 239 18 163 255
    252 221 155 53 217 162 255 255 248 255 255 143 255 32 167 80 255 255
    178 255 40 255 126 90 117 255 4 234 133 212 96 33 34 255 153 247 19
    255 255 187 255 138 255 255 180 214 163 15 238 2 76 113 43 141 255
    186 163 235 23 39 253 13 190 42 255 133 154 255 64 35 18 121 255 255
    33 75 3 95 247 75 116 75 100 70 134 255 186 15 229 174 8 25 180 41
    255 44 121 114 255 235 255 255 243 255 223 8 255 36 255 217 176 14
    255 69 207 118 204 95 184 86 109 101 140 10 18 73 203 209 255 72 116
    241 141 255 100 153 13 127 63 255 49 36 148 10 201 32 79 49 255 210
    255 246 110 42 158 170 116 239 3 138 255 22 255 255 115 246 255 90
    102 114 101 210 15 46 100 78 255 255 229 146 116 255 121 171 121 77
    33 255 8 171 71 166 140 134 253 6 70 52 255 236 71 255 255 174 221
    128 199 150 255 255 143 209 167 255 196 48 255 229 72 255 103 65 224
    133 255 158 71 254 253 106 53 15 255 240 228 164 167 53 255 4 127 90
    88 86 134 65 12 255 255 3 227 48 130 255 243 198 153 66 72 255 159
    139 255 146 178 70 30 114 51 77 150 255 166 22 148 33 255 255 58 255
    255 198 123 255 28 69 129 216 255 86 21 72 255 131 17 139 25 206 255
    255 255 255 40 15 250 255 243 158 159 100 255 255 121 255 255 156
    255 61 78 255 119 109 255 225 90 255 69 201 166 181 228 103 52 226
    199 93 37 116 255 28 255 154 255 255 120 255 63 69 76 148 255 17 244
    43 81 83 217 1 13 97 255 136 61 15 255 22 153 48 171 221 95 232 255
    75 255 76 255 6 125 255 182 206 255 218 45 38 255 144 249 129 58 61
    12 255 255 61 255 8 101 81 194 202 118 78 6 63 255 199 49 163 129
    246 255 182 22 255 172 156 156 29 255 255 203 139 56 16 248 76 168
    247 255 89 49 55 186 134 255 46 12 255 185 100 187 217 62 61 226 51
    255 194 208 255 45 157 244 55 210 116 159 171 76 255 19 255 255 22
    143 140 158 78 255 9 255 239 53 255 255 255 255 185 118 151 149 73
    255 243 21 23 27 68 255 239 197 66 155 129 255 104 71 159 22 42 166
    100 159 206 255 30 48 255 202 255 122 230 222 238 50 231 91 255 255
    181 225 109 255 136 255 170 172 121 112 55 58 10 185 255 17 255 255
    175 255 12 134 176 255 150 136 255 180 255 109 235 176 252 218 255
    17 167 75 68 223 114 118 140 172 179 131 170 98 57 5 246 166 121 255
    192 233 255 255 87 255 249 255 196 228 149 68 138 255 255 27 228 255
    254 22 209 60 135 255 255 255 61 62 255 176 65 10 159 83 58 255 255
    216 56 66 45 116 121 255 169 141 102 255 195 255 255 74 161 158 35
    85 177 155 255 237 255 180 255 10 201 58 53 112 151 255 138 237 109
    48 85 255 144 33 116 35 179 177 77 168 255 196 255 31 144 255 124
    255 35 241 255 255 119 8 182 193 37 219 240 136 56 189 255 164 126
    255 58 89 72 255 255 250 101 255 6 255 255 166 237 49 214 23 120 255
    255 236 255 255 47 255 255 255 104 86 76 252 255 141 69 139 4 10 196
    60 255 212 102 255 255 168 27 255 115 10 255 221 183 255 25 190 255
    139 33 10 10 255 156 170 33 181 231 94 255 175 144 136 56 46 255 255
    123 108 99 3 30 228 3 76 191 255 144 85 255 234 15 19 252 255 21 91
    148 114 255 56 152 255 149 167 219 95 255 114 12 49 61 157 255 255
    159 40 128 42 181 255 194 171 207 235 80 255 73 8 255 229 252 255
    158 102 50 39 85 255 244 27 255 46 216 241 172 208 186 153 32 209 51
    221 255 140 0 36 255 77 196 212 255 255 240 255 255 255 212 209 34
    127 255 112 255 255 213 76 174 90 53 43 255 72 206 210 255 255 81
    241 0 93 40 255 40 255 255 16 223 91 128 126 255 81 15 156 244 123
    159 88 94 255 235 243 255 253 19 226 109 174 255 9 255 255 241 46
    255 255 102 46 13 104 255 74 193 101 206 78 25 193 185 255 62 104
    255 255 255 255 21 90 255 158 58 143 255 255 255 72 255 133 80 178
    113 34 205 66 13 255 255 255 217 255 137 255 3 136 19 255 9 255 255
    77 255 255 200 90 255 222 121 2 150 255 75 184 175 73 52 255 123 135
    230 255 136 85 236 137 131 255 120 14 255 45 255 255 97 156 3 51 112
    93 135 255 255 110 178 111 161 147 159 175 212 237 217 126 255 164
    117 211 161 217 169 173 153 71 79 156 255 115 184 184 102 244 38 100
    229 71 34 28 255 173 90 25 9 86 148 193 143 255 54 183 255 255 228
    255 137 6 2 119 255 199 55 255 234 255 26 71 182 255 93 64 150 201
    255 255 186 106 255 255 206 28 255 39 132 255 179 228 226 125 255
    141 246 255 255 15 198 73 229 127 73 111 201 30 225 129 27 176 188
    164 253 31 56 35 180 255 253 255 2 167 255 255 255 3 255 255 102 56
    181 212 18 35 170 255 115 189 206 255 81 63 31 147 46 238 166 255 63
    210 255 15 255 255 98 100 133 135 121 123 255 12 255 241 196 255 156
    188 76 223 205 255 71 46 255 252 168 255 255 127 0 200 252 153 108
    59 182 250 158 192 236 32 121 51 66 27 137 89 219 110 163 204 220
    113 255 134 72 105 181 14 100 207 255 30 221 159 237 34 184 255 170
    99 250 27 60 88 74 212 255 255 185 255 71 157 255 44 255 187 239 63
    119 154 140 255 8 105 174 46 46 244 255 63 255 255 129 0 198 105 255
    213 21 80 57 242 123 236 196 83 247 5 2 65 163 255 35 26 168 9 255
    255 62 107 194 2 15 10 118 63 255 40 255 255 255 171 129 193 4 134
    84 117 255 16 32 80 200 255 255 252 32 30 42 162 255 198 229 255 10
    24 171 255 194 114 55 255 192 220 148 93 8 255 239 188 255 171 254
    255 20 246 116 169 228 147 56 154 30 148 255 255 255 201 197 236 239
    15 255 27 111 33 47 91 255 65 221 196 252 255 12 255 255 95 80 202
    211 156 21 35 107 166 153 51 23 15 129 162 146 46 138 113 130 130
    191 4 140 244 182 131 255 230 165 255 38 98 255 70 220 255 39 90 246
    153 255 38 255 203 103 80 178 63 9 152 154 51 89 86 183 255 249 143
    184 242 181 157 255 218 255 149 179 9 202 241 55 255 255 255 192 94
    255 255 3 158 184 91 21 154 49 93 255 255 206 255 97 126 255 133 255
    227 121 46 151 53 174 187 241 67 131 190 152 118 152 255 255 21 46
    189 115 242 255 255 63 7 88 111 255 239 207 255 249 187 255 88 40 75
    226 255 249 82 121 255 255 40 143 255 49 78 22 255 254 137 141 216
    144 255 78 34 138 158 117 127 221 10 192 211 222 174 255 52 255 255
    74 255 103 199 255 90 249 255 255 149 53 255 223 255 255 245 1 35
    216 174 221 255 49 234 95 107 255 253 219 255 207 80 255 16 130 249
    54 148 161 184 120 85 1 172 255 21 66 23 249 1 255 89 255 255 37 255
    114 19 174 255 255 255 221 67 138 109 85 126 113 195 225 237 228 104
    131 197 188 197 6 255 119 109 126 66 98 255 254 39 157 76 255 167
    158 255 108 5 64 242 50 192 131 207 71 40 38 140 4 40 27 8 201 135
    87 255 79 114 255 234 255 184 255 255 255 172 255 255 253 255 91 188
    17 250 179 105 123 116 0 146 133 234 123 3 255 255 245 187 247 121
    100 46 120 24 68 15 205 50 255 255 93 211 224 255 124 202 255 106 62
    255 195 30 255 203 148 109 118 126 255 228 131 255 77 175 255 104
    138 255 219 118 229 203 41 255 72 45 169 222 255 191 152 179 60 202
    255 255 2 239 123 234 255 179 222 180 255 241 255 255 255 129 206
    255 69 169 25 214 138 121 255 226 8 50 255 164 221 255 177 24 48 255
    172 255 162 193 255 81 255 255 15 255 255 153 239 255 26 1 159 92
    255 43 182 208 217 19 134 12 24 215 255 104 86 126 230 246 58 141
    255 255 255 255 255 57 255 56 239 255 73 195 237 113 113 135 255 150
    234 41 232 32 255 34 163 105 79 140 113 236 183 88 210 203 250 102
    255 56 75 208 80 222 183 123 255 170 161 3 154 255 92 82 255 30 14
    12 40 157 113 98 255 83 172 255 255 189 234 123 255 201 255 182 232
    2 221 14 254 163 197 23 191 203 156 15 42 138 13 255 191 255 234 113
    127 145 255 174 205 173 204 255 255 189 242 255 46 255 113 254 255
    255 79 255 255 255 185 100 209 255 176 57 131 246 241 255 232 158
    253 255 255 78 255 8 255 255 129 214 255 247 139 212 10 116 212 194
    239 108 167 255 83 229 87 211 53 24 224 4 255 35 194 48 255 10 89 98
    35 241 98 90 199 255 229 176 28 61 161 255 46 85 255 94 31 141 170
    187 93 255 253 255 54 202 255 53 255 83 255 255 255 120 255 255 147
    22 5 77 170 23 239 243 244 193 112 219 194 255 177 192 235 217 65
    255 255 255 159 255 24 252 255 89 168 255 143 255 33 28 255 214 181
    255 255 162 68 232 6 194 255 29 255 186 231 255 86 98 75 38 26 255
    41 70 238 255 199 67 255 255 255 255 125 255 61 7 96 131 207 252 255
    97 93 65 255 165 255 199 212 255 255 255 197 255 255 75 193 91 255
    71 22 173 171 255 255 255 54 123 97 49 126 145 241 255 254 172 86
    158 5 229 226 224 161 226 51 60 204 255 255 107 73 255 11 145 201 56
    224 255 222 77 255 172 95 255 255 255 244 62 14 27 195 171 20 255
    198 148 162 217 255 36 9 249 241 180 255 221 255 255 255 55 255 211
    255 18 124 84 176 162 129 202 21 145 131 42 244 207 55 255 255 167
    163 18 52 255 255 255 255 95 223 4 105 255 125 71 13 238 121 255 19
    209 133 228 252 175 235 111 252 206 95 31 255 232 73 77 131 21 19
    255 255 238 255 44 139 227 212 107 136 91 255 68 107 77 119 16 255 5
    36 178 255 45 66 204 104 153 38 226 175 255 124 255 219 15 148 255
    13 210 255 31 15 75 194 255 144 213 63 255 64 253 173 111 187 96 54
    255 255 135 202 189 208 140 216 100 167 255 56 255 13 101 255 255
    143 214 114 199 197 61 239 175 255 0 139 255 211 207 255 214 189 255
    36 145 255 146 37 255 195 82 222 43 194 56 73 253 212 98 144 255 244
    255 2 18 153 78 135 156 118 183 255 103 93 112 255 234 255 255 1 255
    168 115 9 171 244 255 255 225 116 255 102 1 255 254 193 48 213 170
    83 255 193 66 218 185 255 220 87 255 245 81 136 255 112 176 174 199
    255 145 255 212 138 232 179 252 55 187 102 255 40 255 179 154 204
    255 255 57 139 196 100 139 197 119 5 255 86 221 255 152 255 22 124
    53 51 229 255 255 191 255 61 139 69 20 255 202 186 216 255 255 35
    129 35 117 255 255 207 255 216 253 168 202 66 255 255 34 205 35 255
    255 255 229 77 118 74 35 75 47 206 53 180 1 32 83 48 75 110 252 149
    237 75 255 110 255 255 118 136 43 116 255 255 10 246 118 235 194 86
    53 161 249 221 93 68 246 148 237 47 255 255 95 255 202 228 255 109
    163 122 182 130 12 255 204 154 58 249 243 255 56 82 255 93 215 151
    43 255 255 75 161 196 255 102 18 88 44 255 11 234 255 64 176 255 15
    198 255 71 255 224 255 122 255 153 255 254 240 9 255 129 24 212 55 5
    219 194 181 255 9 255 78 24 211 255 8 53 255 246 255 255 84 238 255
    91 255 255 107 125 154 65 85 56 255 32 199 222 24 254 152 168 71 235
    206 171 65 239 126 249 185 65 223 251 255 173 27 255 63 255 78 95 39
    65 11 229 232 193 168 255 212 255 255 174 114 96 0 215 164 98 238
    255 16 89 144 149 27 48 67 89 255 234 21 255 162 255 255 134 255 181
    131 255 255 222 117 255 134 255 232 255 168 30 7 255 66 245 66 255
    171 190 136 188 132 255 119 255 12 167 80 255 65 255 100 180 71 61
    112 129 236 135 73 255 24 163 68 229 230 255 218 103 128 249 229 255
    229 84 93 43 113 196 238 255 255 176 255 206 93 170 247 166 252 216
    127 22 53 155 105 83 176 17 182 255 237 255 255 205 255 62 134 126
    229 181 255 219 95 131 230 64 255 15 255 136 255 80 187 175 37 55
    217 127 201 255 62 177 255 31 246 181 210 249 199 235 199 113 255
    186 111 255 255 92 78 255 73 3 38 55 104 227 253 255 0 38 148 197
    168 255 255 145 113 202 199 255 151 138 255 255 140 202 184 118 255
    56 255 246 255 174 255 144 141 183 255 180 41 255 116 171 12 63 135
    255 128 147 255 122 112 255 253 153 114 244 250 255 255 179 255 230
    143 255 245 1 50 112 129 239 250 255 255 48 87 194 90 170 255 25 237
    76 82 255 255 255 94 255 51 73 255 8 19 232 82 148 2 21 94 255 120
    255 103 22 5 55 255 255 214 231 255 231 240 255 255 92 189 255 150
    235 202 77 40 73 253 255 33 229 255 214 255 99 255 246 112 255 131
    53 255 27 255 239 253 255 56 115 109 124 185 185 255 255 180 255 165
    255 73 236 132 255 174 30 179 48 62 255 3 107 61 143 0 173 200 150
    255 201 158 255 34 165 191 243 244 255 218 117 255 147 41 10 255 216
    98 255 255 236 54 81 206 43 255 255 204 46 249 221 252 10 255 255
    255 125 123 106 141 140 255 98 225 154 140 9 191 93 100 255 255 10
    255 53 221 255 33 118 139 201 220 255 255 36 23 162 246 40 223 138
    255 48 14 255 222 214 255 146 39 56 255 156 255 226 224 255 154 185
    134 4 224 118 255 255 237 49 166 161 131 255 75 48 82 255 55 33 255
    46 67 2 255 72 255 204 156 255 217 212 255 69 141 53 135 8 255 190
    104 206 253 247 22 155 168 186 15 203 255 161 48 207 19 59 134 85
    196 255 150 215 28 231 252 144 70 211 5 101 144 255 7 243 86 255 78
    255 9 220 201 53 62 212 255 211 255 54 205 255 186 40 255 186 120
    254 55 50 255 8 0 76 214 42 255 21 255 254 85 255 255 220 184 255
    255 118 119 66 0 219 26 255 255 255 148 103 167 8 103 131 255 255 56
    252 217 255 75 81 27 32 255 8 60 249 31 255 255 181 67 40 4 131 255
    66 44 217 227 114 121 112 21 109 133 185 194 189 116 217 161 51 241
    154 255 98 255 170 126 213 255 237 162 193 36 188 226 255 21 118 255
    156 194 103 255 255 58 106 159 191 255 198 255 156 255 138 19 44 255
    255 40 22 4 72 187 90 23 255 228 208 255 104 163 255 255 183 255 31
    234 181 253 130 70 173 39 246 234 255 255 181 100 212 236 0 18 170
    24 80 244 91 255 81 72 255 176 104 255 157 91 93 176 255 153 176 255
    105 201 125 252 108 228 255 201 129 182 176 255 2 247 220 126 244
    201 255 117 185 219 153 180 255 44 253 255 249 255 68 110 68 255 73
    251 255 138 12 38 218 255 255 255 255 85 162 90 154 69 175 255 176
    174 154 210 100 255 46 196 255 115 58 255 255 252 192 171 135 255
    167 80 244 1 255 186 120 189 184 17 58 65 79 37 0 243 255 239 155
    212 105 84 161 41 2 174 10 180 220 255 193 10 255 127 255 255 138
    129 90 174 250 255 221 255 149 57 201 255 228 161 255 213 225 229
    106 126 45 186 126 255 209 255 51 121 121 41 237 183 35 255 12 255
    172 255 133 165 220 255 255 214 255 33 33 116 156 255 48 219 255 100
    182 13 255 111 141 204 31 120 255 193 229 255 213 255 255 104 241
    255 193 255 255 255 102 158 25 40 30 138 219 255 163 45 255 163 28
    23 99 234 255 193 234 214 67 6 255 131 5 209 161 152 189 141 214 192
    204 127 181 255 232 191 212 21 143 36 174 255 157 64 76 128 255 202
    4 18 18 54 162 146 19 162</data></my_img>
<your_img type_id="opencv-matrix">
  <rows>100</rows>
  <cols>100</cols>
  <dt>"3u"</dt>
  <data>
    255 255 243 106 20 10 102 255 255 198 132 255 255 255 255 246 164
    225 80 70 116 160 62 255 255 225 255 255 42 243 255 0 166 255 255
    255 180 255 56 255 255 255 255 36 255 255 128 255 54 255 235 10 108
    172 120 84 16 255 142 255 8 38 255 255 255 255 255 255 255 255 94
    114 82 36 172 30 42 255 255 146 255 94 106 255 255 255 188 198 158
    255 255 128 72 255 255 130 255 233 255 255 255 118 244 181 255 255
    255 255 255 195 34 144 205 152 252 255 255 255 255 102 52 255 255 32
    255 255 92 82 255 255 255 213 255 255 198 122 74 255 255 255 231 70
    132 255 78 255 122 210 191 255 174 255 255 38 70 255 255 54 255 255
    6 178 255 92 255 134 255 255 22 255 255 222 255 225 198 217 102 82
    255 255 255 255 255 255 76 120 12 255 255 6 255 255 255 255 200 166
    22 92 255 255 223 90 114 255 255 255 106 68 255 26 112 12 255 172
    255 255 255 50 186 36 255 255 255 219 102 255 183 255 255 255 255
    255 22 255 255 255 102 255 96 255 82 56 255 156 195 18 38 66 255 255
    255 100 176 255 26 170 114 255 156 4 0 12 122 255 156 60 255 255 255
    255 255 255 251 255 144 255 150 255 255 54 255 255 6 6 255 255 168
    255 255 255 150 255 255 255 36 255 255 255 112 255 255 201 255 42 14
    255 255 98 196 255 255 192 16 255 255 16 255 26 255 247 255 255 255
    255 40 20 221 170 255 202 255 136 114 190 14 255 255 54 255 255 235
    255 255 40 227 255 255 22 6 255 100 255 255 255 255 255 74 255 255
    241 172 144 76 255 255 255 255 185 50 82 255 255 38 10 30 255 255
    231 255 134 255 255 255 255 255 241 190 172 241 18 255 221 255 20
    102 255 255 10 132 32 255 255 255 255 30 255 255 255 255 255 255 10
    166 255 62 36 255 112 255 255 154 150 255 196 80 249 132 134 211 255
    10 8 255 255 255 24 86 217 118 72 180 255 255 255 255 24 104 62 128
    176 255 255 255 176 251 255 86 34 245 255 255 86 210 255 46 255 243
    235 218 201 229 255 156 255 222 255 255 188 255 62 255 255 255 238
    177 200 255 207 255 62 100 255 255 30 66 42 171 255 255 235 255 255
    255 255 255 255 255 254 195 92 216 255 255 76 30 255 255 78 72 228
    177 38 168 255 96 236 179 192 0 98 255 76 18 208 255 255 30 255 255
    64 255 160 76 255 255 255 172 197 255 18 255 255 255 162 255 236 255
    14 255 245 136 255 134 255 255 255 227 255 183 255 168 142 255 255
    255 255 255 255 118 54 255 160 232 114 14 70 255 211 230 255 255 255
    24 255 255 255 255 68 86 186 255 255 255 182 255 255 126 12 223 132
    255 26 255 6 104 255 134 255 132 255 10 255 66 255 255 2 255 80 124
    152 255 100 56 255 134 14 164 74 40 230 80 255 226 255 98 255 255
    144 138 255 255 255 255 198 56 86 76 255 255 76 12 62 136 126 255
    255 255 207 255 118 215 255 128 255 255 130 255 255 90 225 100 100
    126 255 100 219 255 255 209 247 255 201 245 255 134 255 255 114 164
    250 255 255 255 164 255 255 120 48 255 255 255 18 100 100 255 233
    255 255 90 198 255 2 255 84 255 168 255 82 255 64 255 215 112 251
    255 242 38 90 176 255 255 156 213 20 255 255 196 60 74 245 204 255
    255 162 255 247 255 134 78 255 255 132 255 74 50 234 54 255 50 255
    255 112 255 255 255 112 255 22 164 20 32 241 255 255 255 255 255 52
    124 116 255 8 180 255 255 192 56 255 255 233 60 255 6 255 255 160
    255 255 249 204 255 34 130 148 255 255 70 16 186 150 26 78 255 201
    227 172 255 255 244 227 192 255 62 255 255 255 138 255 255 60 255
    217 255 100 144 114 146 255 142 140 255 255 52 255 255 74 158 233 42
    126 255 94 255 28 255 255 94 255 90 20 255 104 255 255 255 255 255
    255 132 255 20 180 255 88 118 255 50 126 146 195 98 238 255 255 46
    255 100 255 225 255 114 217 255 170 255 219 66 227 255 255 171 255
    218 255 255 216 148 30 255 233 255 255 209 255 14 18 255 255 162 243
    255 106 255 255 255 16 144 166 255 130 217 255 140 255 255 140 255
    122 255 255 213 240 255 255 255 223 255 255 255 255 255 221 237 255
    26 74 255 90 255 255 255 227 255 255 255 255 237 255 255 150 255 255
    239 255 255 162 84 255 255 50 100 255 4 48 12 110 255 211 215 255
    255 170 170 253 255 150 74 154 255 255 215 255 255 235 255 255 28 80
    255 223 132 227 188 50 255 241 255 169 255 98 255 168 16 16 255 22
    34 18 204 255 255 102 14 172 255 108 255 68 255 255 122 78 186 255
    255 255 42 255 30 116 255 255 255 255 255 255 255 255 60 201 184 255
    100 166 255 76 255 255 255 92 255 255 255 255 255 255 255 255 52 234
    34 202 255 255 255 128 255 255 168 209 255 18 50 255 216 164 255 255
    255 255 255 48 14 255 239 255 255 132 255 255 227 221 255 24 182 255
    160 255 255 209 255 230 162 255 255 134 148 255 74 196 82 102 24 128
    255 255 255 255 219 84 22 208 120 166 108 148 227 16 255 255 84 214
    255 255 255 199 223 255 255 76 160 213 255 255 255 255 255 255 188
    255 255 255 255 245 255 216 164 255 186 217 128 6 255 255 98 255 255
    255 124 255 255 34 112 255 255 255 154 255 255 255 18 255 118 255
    202 255 150 255 246 94 255 68 255 174 255 255 94 255 152 255 255 255
    255 255 66 255 108 26 164 255 255 255 255 88 215 28 255 22 94 215 54
    255 255 255 255 175 164 255 245 52 64 181 255 255 70 72 255 183 188
    255 255 255 255 8 186 255 122 176 255 255 198 134 253 255 255 255
    225 248 82 168 36 255 255 74 12 0 250 197 243 255 255 94 0 0 255 255
    144 48 255 255 241 255 255 255 255 251 170 96 136 255 68 255 40 255
    255 134 255 120 255 255 78 255 255 243 235 72 255 110 116 54 255 255
    217 160 248 255 255 255 78 164 255 138 28 6 14 255 255 255 160 92
    104 255 0 255 247 255 104 255 255 255 255 254 255 255 255 221 102 74
    209 255 255 80 255 255 255 124 255 255 194 255 255 255 98 255 255 18
    255 76 255 44 56 188 255 255 44 98 255 255 38 215 104 94 104 0 255
    198 255 255 255 255 110 172 255 50 208 255 197 48 242 211 60 152 6
    255 255 126 100 255 64 124 198 112 255 255 199 227 248 255 255 116
    58 255 255 6 247 255 80 255 255 112 255 255 237 184 255 255 140 168
    255 255 255 217 255 255 126 40 255 96 164 134 255 255 226 217 118
    242 56 235 158 255 255 255 255 255 255 171 174 204 255 196 255 217
    255 28 255 255 232 223 174 144 50 255 255 255 217 80 114 112 255 255
    255 220 255 255 255 169 106 52 162 255 122 189 255 164 146 255 255
    207 22 72 92 255 255 154 255 74 134 102 255 255 255 96 255 104 38
    255 255 255 255 255 255 255 94 228 255 104 255 255 32 255 66 100 255
    243 54 54 255 255 255 255 255 122 32 255 88 255 255 255 193 28 150
    255 194 134 255 98 255 255 98 255 255 241 248 221 255 242 255 120 84
    191 255 74 255 255 24 64 255 255 98 194 255 187 255 82 255 180 255
    255 255 154 255 84 70 255 255 255 255 255 70 108 255 255 30 144 12
    120 255 255 255 255 222 116 255 255 124 255 236 255 74 204 255 255
    230 255 255 255 255 253 255 195 18 255 255 255 255 62 211 255 205
    178 230 183 98 90 191 255 255 177 255 246 255 255 255 255 176 206
    154 255 100 255 255 22 229 68 148 142 70 4 255 194 255 44 255 255
    233 42 255 40 6 0 82 223 255 255 229 94 255 36 255 156 255 34 46 255
    226 32 122 176 24 76 255 36 255 66 255 255 36 199 50 255 215 255 118
    124 56 164 255 255 255 255 255 110 255 62 66 255 4 202 28 255 255
    217 16 172 255 251 178 52 114 255 255 255 134 255 255 255 239 180
    120 50 124 226 56 221 255 58 255 166 50 136 208 124 255 42 255 26
    255 195 200 255 255 136 255 255 255 255 255 255 255 255 255 255 255
    12 255 14 255 88 12 78 118 10 156 240 233 255 220 235 194 140 255 86
    255 255 255 196 255 255 60 32 142 114 255 178 154 239 186 255 255
    255 158 54 255 255 255 255 255 164 196 98 255 255 255 128 255 90 120
    208 228 138 255 255 36 255 255 255 136 255 26 36 202 255 255 255 255
    255 240 211 6 255 255 32 16 255 104 214 255 255 252 169 255 2 255
    255 255 255 120 168 22 255 82 255 255 80 74 198 194 255 255 254 255
    255 255 255 255 255 255 30 255 197 255 255 144 164 182 255 255 32
    255 38 255 253 112 255 171 255 166 156 255 120 191 78 222 255 28 140
    255 134 255 247 255 255 116 255 22 94 255 255 50 32 192 255 255 234
    253 255 134 173 255 255 46 64 255 255 42 220 255 255 255 213 255 255
    255 132 255 211 192 255 80 255 255 255 10 255 130 221 255 112 204
    255 94 178 210 16 249 200 255 86 216 8 229 68 255 200 6 162 255 255
    255 255 255 76 138 255 255 64 190 241 190 255 255 255 255 225 255
    220 56 237 182 197 64 255 255 255 255 255 176 255 124 132 168 255
    255 102 227 255 42 255 255 255 0 164 255 255 36 255 195 76 42 255
    255 255 191 253 80 255 168 255 255 255 255 66 36 255 62 255 72 255
    255 255 154 255 120 255 255 22 4 255 16 255 255 42 255 118 255 207
    255 52 255 64 22 38 255 255 255 255 218 241 48 255 140 255 255 255
    126 38 52 90 22 203 255 186 255 255 18 207 255 164 241 255 20 255
    255 186 52 192 255 150 255 255 126 48 255 255 255 146 34 255 255 62
    255 255 237 255 255 156 50 252 255 60 130 50 255 255 255 255 255 114
    54 144 255 46 255 255 215 46 255 34 120 255 255 56 255 255 255 255
    255 255 166 255 186 144 36 68 52 255 255 42 255 255 44 255 255 134
    251 255 199 251 255 255 255 255 38 72 204 255 255 194 255 255 168
    255 255 255 191 255 14 255 42 76 156 223 255 255 144 62 255 4 150
    255 255 106 237 255 255 36 22 200 12 255 255 144 4 255 247 255 34
    255 255 255 255 255 148 221 255 255 255 255 98 70 32 255 199 255 238
    255 192 255 205 255 255 255 255 255 215 221 188 56 50 255 255 22 84
    50 194 255 255 255 226 255 255 255 255 112 174 255 255 50 203 255 70
    150 255 255 255 120 255 255 255 255 255 124 218 124 80 255 249 78
    255 54 28 234 255 255 255 64 4 110 255 164 216 144 255 168 255 70
    148 255 255 6 88 237 174 102 255 255 255 255 255 255 86 46 150 64
    176 98 124 255 255 255 246 22 255 255 255 255 168 38 211 255 255 200
    246 255 255 255 255 14 12 72 235 164 255 170 255 116 255 174 42 255
    255 18 255 255 235 255 255 191 255 255 241 241 194 255 255 138 201
    255 160 181 255 208 68 255 82 255 40 230 255 44 150 235 96 112 255
    255 192 255 255 22 64 78 255 60 255 248 241 255 206 96 255 36 255
    142 255 245 134 38 56 188 255 30 255 255 128 160 130 74 150 116 146
    46 82 255 255 188 52 174 255 144 255 255 255 255 18 34 221 255 255
    255 0 255 86 30 14 255 255 187 219 80 20 178 255 255 255 156 255 255
    255 199 255 255 255 255 255 255 247 254 4 100 255 160 255 200 48 219
    148 255 255 158 255 34 255 255 184 74 100 58 255 255 106 255 255 192
    168 255 255 18 255 255 255 255 182 255 255 28 255 255 255 255 187
    174 224 136 255 255 152 255 82 255 255 114 136 255 184 255 58 255
    255 134 144 52 130 255 98 225 116 177 225 255 235 52 255 255 255 255
    255 150 255 126 255 176 229 255 255 255 118 255 255 196 10 255 255
    232 255 255 255 255 144 255 60 14 255 255 164 255 255 255 255 219
    255 14 251 184 152 255 255 255 130 255 255 185 255 248 112 255 0 179
    255 4 102 255 255 255 4 255 255 255 255 102 255 255 66 0 255 255 46
    110 255 158 255 255 255 255 142 255 160 255 255 80 197 233 255 225
    255 255 126 16 255 255 255 255 72 42 255 199 255 255 255 152 220 237
    128 255 46 225 150 255 255 255 255 255 255 255 255 255 255 138 194
    255 144 18 243 255 255 124 255 14 255 255 212 164 255 242 255 255
    214 128 82 130 62 255 220 255 255 255 255 255 178 255 255 134 0 90
    255 255 162 188 255 192 255 255 158 255 46 255 255 255 255 226 169
    84 255 168 255 255 255 255 20 98 223 255 255 255 42 78 255 255 144
    255 255 255 172 255 148 255 255 203 251 228 213 26 188 104 255 255
    110 255 255 255 255 102 255 255 234 112 178 255 185 235 184 154 255
    255 255 170 242 255 255 44 255 255 86 52 255 255 255 26 148 82 255
    255 26 34 255 255 255 255 255 255 255 74 255 255 144 255 255 255 255
    142 255 255 255 98 255 234 154 156 204 221 130 255 162 114 255 255
    18 236 4 255 130 40 255 198 255 202 255 255 255 18 255 170 255 62
    142 255 255 255 214 255 255 255 255 90 255 64 255 255 126 255 255
    255 237 152 255 46 255 241 12 22 255 172 20 255 178 255 36 178 255
    193 255 255 219 255 2 255 255 204 253 255 20 24 231 255 255 255 255
    74 255 194 106 116 255 255 255 42 66 14 104 187 138 168 255 255 255
    255 255 12 92 255 218 255 255 2 255 255 255 58 10 255 255 182 255 62
    255 255 58 122 144 64 160 88 255 255 255 255 128 152 255 255 42 255
    255 255 255 190 120 88 108 50 255 140 255 156 255 166 255 34 62 166
    255 20 126 112 146 241 255 255 255 255 74 249 180 255 255 227 80 160
    30 255 169 130 255 255 255 112 169 255 8 255 255 166 255 255 68 179
    255 255 171 200 114 116 255 255 255 225 148 124 0 255 255 255 255
    255 255 255 114 255 172 255 196 255 255 247 255 80 225 255 255 10 16
    44 255 6 158 255 255 4 204 255 255 106 114 185 255 214 114 255 255
    40 225 255 255 255 54 132 255 255 30 255 255 34 255 255 189 221 255
    197 255 255 255 255 158 255 36 214 24 217 204 215 255 154 255 237
    255 255 255 255 187 18 142 255 168 108 255 200 255 255 176 46 255
    255 14 62 152 248 14 126 68 122 78 255 255 200 255 140 255 46 136 32
    255 215 255 255 255 6 150 255 255 62 179 255 38 255 48 255 255 255
    42 187 255 255 255 225 255 255 255 255 152 255 255 22 255 255 10 166
    255 255 144 162 255 108 52 255 255 80 255 255 174 255 162 255 221
    255 255 28 255 152 255 206 255 0 148 168 255 255 158 255 136 255 255
    255 196 50 255 96 34 255 255 255 255 166 215 112 255 70 255 255 219
    170 255 88 255 255 255 255 90 255 62 255 181 190 255 40 255 255 144
    68 255 14 174 255 255 255 255 110 164 180 255 255 255 144 255 38 255
    24 255 132 255 255 70 96 255 255 255 255 255 8 255 255 255 255 166
    168 98 255 255 122 142 255 130 255 235 218 255 255 144 255 255 255
    168 255 255 104 255 34 255 62 36 142 255 186 124 255 158 86 84 60 64
    255 255 177 130 255 255 102 14 255 196 68 162 255 255 255 34 198 255
    255 255 86 204 174 255 60 250 255 130 255 96 255 255 42 106 255 255
    255 255 255 168 166 255 211 255 255 255 255 255 255 255 46 255 255
    255 255 254 255 44 255 64 255 60 255 255 78 255 223 255 255 0 255
    142 255 124 52 130 255 46 211 255 255 231 152 255 86 255 46 255 255
    122 255 188 168 150 255 255 255 232 255 255 158 255 54 142 255 245
    255 255 255 170 245 42 216 120 255 8 255 255 28 26 255 40 255 255 82
    255 255 255 106 20 98 136 227 48 255 176 255 22 120 255 255 176 255
    253 38 255 255 48 255 255 255 255 58 235 20 32 211 255 255 106 172 6
    255 152 255 255 255 42 208 255 255 255 12 255 255 224 255 255 255
    229 152 255 4 233 162 199 255 238 255 255 255 26 32 255 116 255 22
    203 190 255 203 255 76 255 255 74 110 166 202 255 255 255 199 255
    224 255 255 168 255 4 255 158 255 255 46 255 4 207 255 64 255 56 255
    132 80 255 70 237 0 255 255 255 225 114 170 255 255 214 255 255 255
    255 255 184 96 255 255 28 255 84 255 255 255 255 255 102 255 217 255
    74 255 255 8 255 96 255 255 255 255 255 255 255 255 242 24 18 255 86
    8 255 225 255 255 255 102 255 62 255 220 255 50 255 255 26 158 26
    255 255 255 225 192 68 22 66 197 255 255 245 255 176 217 88 255 255
    70 255 255 52 255 211 82 96 46 200 92 245 255 255 255 255 255 207
    255 24 209 110 255 146 255 255 98 255 24 255 253 216 255 184 255 255
    168 255 255 255 144 104 32 255 255 251 255 255 255 210 255 255 242
    136 215 58 255 255 255 122 255 92 255 196 146 255 255 255 233 166 36
    255 120 192 146 255 255 26 255 255 255 116 255 255 56 255 255 30 188
    255 255 156 199 176 58 154 140 255 128 146 214 68 4 102 74 255 255
    112 24 255 255 40 114 14 62 255 116 255 184 160 255 176 255 255 255
    255 255 255 235 255 255 205 10 255 255 227 255 255 255 255 94 255
    255 243 255 255 255 255 255 169 213 190 4 255 255 255 58 255 255 130
    255 231 255 170 255 255 106 255 170 255 255 255 255 78 146 8 225 162
    255 193 221 255 255 255 255 255 184 150 255 255 154 243 233 255 20
    204 255 255 255 255 144 227 186 255 255 18 187 36 255 187 255 202
    193 178 202 20 255 220 255 255 144 255 255 255 175 152 166 255 112
    255 255 255 255 255 84 255 199 124 46 255 227 255 255 156 146 255 8
    255 183 255 255 26 30 255 255 104 48 142 255 190 255 255 255 255 255
    255 255 255 228 235 255 255 255 124 250 255 255 255 96 42 255 88 16
    255 112 144 255 255 102 20 215 86 150 247 86 255 100 140 168 130 255
    226 255 255 255 183 255 255 241 255 255 255 255 255 171 255 174 154
    255 24 255 122 52 88 208 172 255 255 168 255 235 36 66 8 176 138 156
    255 28 255 255 16 255 188 255 255 255 255 255 255 255 130 255 255 42
    255 255 22 176 189 172 112 80 76 46 183 255 255 68 255 26 255 255
    255 255 12 84 140 255 255 64 90 255 255 255 255 116 46 222 255 32
    255 255 255 255 92 62 255 255 255 255 255 255 44 98 158 255 122 66
    38 142 255 170 189 200 80 56 255 96 24 255 255 40 253 255 84 76 255
    255 255 0 146 255 255 255 255 154 255 253 218 209 255 255 78 255 110
    255 255 255 148 255 160 205 249 255 168 4 255 46 152 170 255 204 255
    255 86 255 142 64 255 255 100 80 255 255 255 255 94 255 219 225 255
    255 146 108 255 255 238 255 94 70 26 255 255 255 255 255 255 255 255
    255 138 255 255 255 24 255 255 255 255 178 128 255 196 255 88 255
    192 88 255 88 162 144 255 136 255 140 255 255 255 187 255 160 28 243
    255 76 86 255 102 217 255 255 76 136 255 255 255 64 106 255 255 223
    255 255 255 84 122 20 255 255 233 254 255 255 255 255 255 228 255
    255 255 255 18 44 223 255 255 150 255 255 126 255 255 255 255 152
    255 255 72 255 255 255 10 255 218 78 56 100 255 8 162 255 88 255 104
    192 52 255 255 162 255 255 255 255 255 255 193 255 192 255 88 255
    255 255 162 255 46 58 255 255 255 215 213 255 255 48 255 219 255 58
    255 255 140 150 255 136 142 255 64 255 255 200 255 215 255 255 255
    255 177 255 255 255 255 255 255 255 255 255 255 255 193 20 216 2 255
    212 255 84 255 76 132 16 255 128 255 255 255 255 201 255 220 195 148
    142 134 215 96 124 255 255 255 255 244 255 255 255 255 66 255 255 70
    255 255 100 255 255 255 18 255 255 2 136 255 126 18 255 40 10 255 94
    255 172 108 255 233 255 255 255 232 130 255 255 255 255 238 255 255
    255 255 255 2 255 110 255 255 174 140 169 30 114 189 98 255 146 86
    255 255 176 255 255 66 255 12 168 170 255 255 66 36 136 128 255 255
    255 255 255 30 183 102 30 255 255 132 255 255 255 162 106 88 255 2
    255 152 255 255 152 255 102 247 78 216 255 255 104 60 255 160 0 255
    46 22 255 236 24 251 96 52 28 255 70 255 255 70 96 246 50 255 140
    255 58 210 255 255 234 169 136 255 160 8 84 255 255 158 177 255 42
    255 138 255 138 255 255 255 96 254 255 76 255 255 176 44 215 80 255
    255 225 255 255 255 255 255 98 255 255 255 96 104 255 255 106 80 255
    158 84 44 255 255 255 64 255 255 171 255 78 219 54 168 8 243 136 255
    80 255 8 235 0 255 225 88 102 255 192 219 255 255 255 255 78 255 255
    16 32 122 246 255 219 70 255 255 156 255 255 8 169 227 255 255 142
    255 112 80 78 70 106 2 255 158 138 92 86 255 46 255 48 255 126 255
    255 208 132 255 108 222 255 255 102 158 219 38 98 243 26 255 28 198
    148 172 110 94 241 255 255 255 84 14 255 80 169 114 255 8 126 255
    255 255 48 255 162 94 171 80 255 90 92 255 253 255 255 142 255 36
    110 176 250 243 255 255 255 162 255 255 255 252 255 255 255 213 255
    8 128 255 70 58 194 206 255 255 255 255 150 255 255 42 252 235 255
    134 42 48 216 255 255 160 203 136 255 152 255 255 0 255 42 96 44 255
    211 255 255 8 202 60 76 213 104 104 255 116 255 182 18 193 176 255
    255 255 168 82 243 255 255 148 255 255 80 255 255 255 74 255 255 132
    26 255 120 52 255 118 253 255 255 255 255 198 255 255 255 160 118
    255 205 26 134 126 255 2 255 32 255 102 221 160 255 255 160 52 10
    255 74 176 255 4 255 224 255 255 255 255 12 250 255 92 255 223 255
    64 116 255 255 104 255 255 255 255 255 255 255 226 84 255 172 6 255
    84 255 255 255 255 192 255 255 255 126 255 255 255 116 120 62 72 255
    208 255 178 255 255 80 124 197 235 180 169 255 255 255 176 100 255
    44 28 255 156 255 255 255 100 66 180 255 255 182 216 120 172 228 130
    255 250 255 255 255 255 255 255 255 255 164 243 255 0 74 255 50 255
    172 56 255 152 70 130 255 255 255 255 192 46 255 255 255 255 146 130
    60 255 80 184 136 60 231 216 76 255 154 217 46 102 26 255 255 169
    255 234 255 46 255 255 213 188 62 104 178 32 255 255 255 178 10 134
    66 255 255 255 255 255 255 194 255 255 188 215 255 46 255 128 255
    255 8 255 110 255 232 255 235 94 255 90 255 255 255 255 14 255 255
    255 255 255 255 118 255 235 255 200 255 255 8 255 255 255 225 255
    255 8 255 226 255 255 202 136 255 228 255 243 26 255 255 128 255 241
    255 10 255 194 76 142 255 255 208 16 72 255 212 30 255 255 166 170
    36 104 245 255 6 148 42 223 72 255 164 140 255 255 255 255 72 255
    255 255 255 255 255 112 255 177 255 218 255 255 255 255 255 255 255
    255 36 160 255 236 255 255 198 94 255 140 255 140 255 255 255 255
    255 180 0 255 255 255 140 237 6 255 54 118 255 194 255 255 255 140
    255 255 255 255 32 234 229 54 136 255 38 255 48 160 255 255 255 30
    235 255 255 197 255 255 255 2 255 255 46 255 255 6 255 158 22 255
    255 255 164 255 94 90 36 255 255 110 34 255 124 22 255 195 40 255
    205 233 255 183 255 24 255 223 114 255 255 64 255 255 255 22 239 126
    255 255 255 255 30 50 183 255 255 255 255 255 118 255 255 66 255 170
    255 255 204 255 255 130 255 255 255 255 74 255 235 255 166 255 255
    255 72 255 255 255 255 255 255 255 40 255 34 255 255 255 255 28 255
    255 140 247 250 255 160 255 255 255 242 255 255 255 217 255 255 253
    206 94 255 255 230 255 255 255 255 255 255 255 32 255 62 255 124 255
    255 255 62 255 84 255 255 255 179 255 255 255 255 255 255 162 255
    255 208 255 255 122 255 255 255 128 255 144 228 158 255 8 255 255 40
    255 255 255 255 158 255 255 144 236 110 126 118 255 4 255 255 255
    200 255 249 142 211 84 208 255 255 100 255 255 202 255 255 255 255
    72 255 255 255 255 164 12 150 255 208 255 255 208 156 255 140 146
    255 255 96 255 255 255 10 255 255 12 255 255 255 255 255 255 255 255
    255 255 255 255 255 72 158 122 82 255 255 255 255 255 68 233 255 255
    255 255 202 175 166 40 158 106 18 130 48 208 64 255 2 189 253 255
    255 6 255 171 255 255 255 255 255 74 243 252 237 140 255 255 255 228
    16 255 90 255 255 130 255 255 255 255 255 72 126 255 255 255 196 248
    255 136 48 207 172 152 255 255 114 255 22 255 255 94 255 255 211 255
    255 255 255 255 54 255 255 229 180 118 217 255 70 255 216 255 52 255
    255 255 255 168 18 66 255 134 170 255 255 255 22 142 255 255 255 160
    255 255 255 60 255 234 255 98 100 255 0 255 255 227 255 187 255 255
    120 255 250 255 54 255 255 255 255 166 255 255 187 255 255 255 174
    164 255 255 255 215 18 255 255 255 255 255 6 255 179 255 246 189 255
    142 114 255 230 255 12 255 253 255 255 255 255 255 162 255 254 88
    130 255 110 90 40 199 255 255 255 16 255 255 104 255 122 255 172 255
    251 255 28 255 255 255 176 255 255 184 255 168 74 255 255 255 48 86
    255 255 74 247 255 72 217 255 255 255 255 118 108 224 211 255 240 10
    255 255 255 186 255 255 136 228 255 255 255 255 255 255 116 255 255
    255 50 255 255 255 255 205 255 222 18 36 238 122 128 255 134 14 28
    132 255 255 255 239 30 12 255 255 255 255 255 255 255 176 154 8 136
    255 255 252 187 255 255 130 255 255 177 70 126 255 255 255 22 182
    255 249 255 90 255 66 194 255 28 244 255 255 255 255 200 168 255 134
    116 255 56 148 255 28 255 255 76 250 56 255 255 255 255 255 255 241
    255 255 196 255 38 255 244 255 255 194 197 237 252 255 255 4 44 84
    255 144 255 196 255 229 190 136 134 222 255 130 255 255 82 255 24
    255 255 255 255 255 94 255 212 94 255 178 255 255 255 245 255 255
    255 255 62 255 76 28 8 241 68 255 52 26 237 255 230 255 255 220 255
    6 255 255 255 32 134 255 78 255 8 70 255 110 232 150 194 18 255 116
    255 74 255 255 255 255 255 217 255 130 255 231 202 118 255 255 255
    255 202 255 255 255 217 255 216 26 255 230 223 18 255 211 172 154 24
    20 226 118 132 255 126 219 64 255 217 255 154 255 255 162 255 255
    255 221 26 255 255 136 40 202 255 233 255 156 26 124 106 255 255 255
    255 229 94 162 0 255 102 64 38 255 255 100 154 215 255 78 200 66 38
    255 50 207 255 0 255 138 255 171 255 142 255 239 98 255 255 255 106
    188 174 12 76 255 255 32 255 255 255 255 144 255 255 255 255 72 255
    30 46 62 225 210 255 255 248 239 100 140 168 138 255 255 255 238 235
    255 255 136 255 255 255 255 255 255 255 92 78 44 255 255 223 192 255
    150 214 239 38 255 255 213 110 136 215 255 255 178 255 255 134 255
    255 118 176 126 6 246 255 255 22 64 255 48 209 255 200 255 255 210
    255 164 58 255 156 255 255 255 130 116 28 255 10 255 62 255 172 255
    169 255 255 255 255 136 255 178 255 255 239 255 255 24 206 255 255
    255 255 44 255 255 182 255 181 146 255 112 255 160 255 255 255 255
    255 255 255 46 255 120 255 22 255 255 178 255 255 255 255 255 50 255
    255 134 60 221 120 102 32 255 60 255 255 255 229 230 86 255 172 136
    140 255 255 255 255 219 255 255 140 255 255 76 158 70 213 255 255
    255 255 44 4 96 255 255 166 126 255 255 255 195 255 255 255 255 228
    255 172 136 205 255 62 124 78 188 255 255 140 255 227 180 255 253
    255 255 255 74 255 156 202 255 255 255 255 170 148 22 255 232 34 255
    124 255 78 48 255 118 20 255 146 255 255 255 255 207 255 255 255 22
    255 255 86 255 255 255 255 62 255 255 84 54 178 158 255 70 8 255 255
    223 255 118 255 10 40 106 255 2 255 249 202 255 50 120 76 251 126
    255 170 154 255 148 218 241 18 226 34 255 206 255 182 248 255 255
    236 241 255 255 255 255 178 255 255 154 18 182 128 191 255 255 108
    32 255 255 156 255 166 255 162 44 245 240 255 110 242 255 72 36 20
    255 255 229 255 255 152 96 50 255 255 255 255 255 8 255 164 255 158
    255 114 255 112 146 255 255 255 255 255 255 255 26 12 255 194 40 10
    255 255 255 255 255 6 245 255 171 255 142 215 219 255 32 194 176 219
    255 255 255 239 60 255 255 198 255 32 214 217 188 255 124 28 176 255
    255 0 88 255 255 110 124 255 255 144 82 255 146 255 102 213 255 255
    255 22 255 251 64 199 255 255 255 52 255 253 116 255 255 255 255 255
    90 206 223 192 255 255 60 255 247 62 40 189 255 255 255 48 158 158
    255 214 247 88 14 255 255 78 217 255 255 255 30 206 255 198 124 255
    255 212 255 32 255 76 140 255 255 255 154 255 255 212 108 217 255 26
    255 255 54 96 248 90 255 255 94 255 70 106 213 184 48 255 206 154
    156 236 14 44 238 179 152 255 255 120 255 160 243 222 255 255 168
    219 255 124 255 170 220 166 48 52 255 255 114 255 255 255 255 116
    255 219 255 104 36 255 242 255 172 255 255 255 255 183 42 86 100 255
    255 255 255 255 130 255 186 187 96 30 255 32 34 152 176 20 255 10
    132 255 186 255 124 255 255 255 158 255 114 255 255 60 8 255 255 255
    62 179 255 146 255 70 255 255 255 88 169 255 255 255 28 82 36 112
    255 255 144 255 255 38 100 124 142 158 72 90 214 237 255 168 193 202
    255 255 255 30 187 114 255 48 255 255 239 116 255 0 4 206 255 255
    220 243 150 250 255 255 74 255 42 98 255 142 255 255 54 102 255 255
    154 255 255 70 255 255 50 92 44 176 28 255 72 249 255 255 255 78 255
    72 52 255 255 255 114 255 243 255 255 255 134 255 255 112 255 108 48
    173 249 255 255 108 255 52 249 114 255 98 255 245 255 255 255 208
    255 255 255 255 116 255 0 152 255 18 255 255 255 255 64 128 120 198
    176 138 255 255 255 255 255 255 255 255 255 255 244 52 146 196 255
    255 255 229 255 160 46 255 8 162 213 255 28 255 255 168 255 255 156
    255 118 142 255 44 255 255 228 255 243 255 255 118 212 255 8 108 255
    132 120 255 255 112 82 255 132 255 156 255 255 255 255 255 186 255
    255 233 255 255 4 255 64 255 68 255 144 184 175 255 255 255 245 134
    255 255 162 255 106 255 255 255 182 255 255 255 58 44 255 219 28 255
    30 255 176 255 255 242 255 243 255 201 255 255 255 255 150 100 215
    255 36 122 132 255 28 255 255 88 178 36 76 255 255 202 255 255 255
    255 185 70 255 255 255 255 38 148 255 255 255 98 255 255 188 255 255
    90 138 255 255 255 255 255 150 255 255 2 180 34 255 202 255 130 255
    84 166 4 50 169 255 255 255 68 52 255 251 255 82 86 255 86 225 222
    251 10 144 44 112 102 4 255 255 255 142 192 0 150 255 255 126 238 10
    255 152 255 28 72 171 255 255 255 8 108 255 255 252 40 255 28 154
    154 174 255 198 98 241 255 255 24 148 255 255 255 218 255 255 238
    255 42 255 255 255 255 255 255 255 68 172 238 255 106 162 255 0 255
    255 92 255 255 180 142 255 255 118 235 44 86 255 255 255 245 213 50
    108 219 120 247 78 255 255 255 130 185 255 224 197 108 255 255 134
    255 255 96 224 154 174 30 169 108 104 52 255 186 255 255 100 255 255
    255 255 46 255 255 128 66 209 255 246 255 255 26 231 211 64 255 255
    28 255 255 196 255 98 138 62 255 255 140 213 255 255 255 255 255 255
    228 225 255 176 255 255 255 255 255 106 255 162 255 80 255 108 255
    235 255 255 106 255 255 80 255 160 237 255 195 204 172 44 10 255 255
    0 146 255 4 52 255 34 190 52 56 134 255 255 32 40 154 148 36 255 255
    255 255 255 255 241 255 255 255 214 255 233 255 255 255 255 255 255
    8 78 255 255 255 255 255 197 255 246 249 170 70 255 34 255 36 255
    238 46 255 118 0 235 72 187 174 30 255 255 68 255 120 255 255 34 255
    255 255 255 96 255 110 255 168 255 255 2 255 249 255 34 255 152 255
    255 96 46 146 255 255 158 255 255 30 255 255 30 215 120 48 255 255
    255 255 255 46 208 255 255 198 6 239 255 74 255 134 255 255 30 186
    255 255 90 255 255 255 255 253 255 146 255 255 120 98 255 132 62 255
    211 255 238 217 98 244 189 255 255 255 98 255 50 255 255 72 241 82
    112 251 202 255 200 104 195 20 34 183 235 255 255 255 224 189 188
    144 4 255 255 80 255 22 255 255 255 255 255 98 255 116 172 94 255
    222 255 255 255 108 255 255 255 255 255 98 255 255 255 255 38 70 18
    255 193 208 56 255 132 255 148 249 206 255 46 255 255 255 84 219 96
    255 255 72 88 14 255 212 148 140 252 255 255 255 255 255 32 255 255
    255 36 192 72 243 82 48 255 255 255 142 202 40 108 255 255 197 255
    255 88 255 255 120 255 255 255 208 0 255 211 255 38 221 255 249 204
    255 255 255 46 197 190 255 92 162 122 255 68 255 255 198 118 193 255
    255 215 158 255 54 255 255 6 30 255 255 255 142 255 255 255 60 30
    255 255 162 36 255 118 255 255 255 255 6 118 255 255 255 26 255 255
    56 255 255 104 146 255 214 255 255 255 255 136 192 255 255 255 235
    255 174 255 255 255 235 255 255 32 10 255 255 255 255 4 243 255 2
    255 255 255 160 255 255 94 255 179 255 255 255 255 242 96 206 255 84
    120 22 80 255 255 52 164 142 72 255 255 118 255 255 255 255 102 239
    255 255 255 255 255 255 255 114 8 110 255 193 26 255 6 114 146 255
    255 62 249 255 184 255 72 92 255 255 250 255 204 118 255 251 255 255
    126 238 138 255 255 177 255 255 255 164 18 255 66 110 94 255 78 156
    134 255 175 74 255 255 255 204 255 255 255 82 255 255 255 255 255 34
    34 255 255 255 255 255 148 255 48 255 255 201 227 30 197 255 255 76
    112 96 215 215 252 255 114 152 255 60 255 62 255 255 217 255 186 255
    88 255 221 255 255 255 255 255 187 221 144 86 255 16 255 255 255 255
    255 22 84 170 255 70 128 118 177 6 80 60 255 180 110 255 38 76 255
    206 181 255 255 255 253 248 237 192 80 201 255 208 255 28 255 255
    211 255 112 255 255 255 255 160 72 235 255 255 28 255 255 204 255 76
    200 156 76 255 138 255 74 88 14 68 255 179 255 168 199 52 152 108
    255 216 255 122 22 132 255 255 255 86 98 255 255 255 199 94 255 255
    170 10 255 255 136 255 211 22 10 255 146 251 70 190 92 255 255 255
    255 228 74 255 146 30 255 255 255 255 255 255 136 146 255 56 244 255
    255 130 255 194 210 255 142 255 24 76 255 255 255 255 255 255 186
    255 255 255 20 180 194 255 255 255 255 255 158 255 235 255 82 30 136
    255 168 255 154 72 82 102 255 66 191 194 8 177 200 74 114 134 255
    211 255 70 255 255 98 255 255 255 142 126 88 255 255 255 255 231 255
    36 255 218 255 182 255 255 255 255 255 255 255 255 132 255 104 247
    255 255 233 46 255 255 142 130 255 176 199 36 255 217 255 255 140 72
    34 255 255 255 255 108 255 136 200 255 197 217 234 255 255 255 156
    104 110 112 231 128 28 255 254 197 150 255 66 140 255 255 166 255
    255 54 255 255 164 255 96 34 255 255 82 6 68 243 190 255 255 42 4
    255 146 168 255 98 132 255 255 255 255 246 90 255 255 80 255 255 255
    76 255 255 235 255 255 255 26 255 28 180 255 4 126 26 255 178 0 255
    80 76 255 255 255 255 255 255 255 255 255 219 255 96 239 26 22 255
    204 247 72 255 152 146 255 78 4 16 255 245 255 255 162 6 255 255 255
    255 255 255 255 255 255 30 116 255 255 255 255 255 255 224 20 112
    255 72 255 84 16 255 255 136 144 62 179 192 148 255 255 164 255 217
    255 255 255 255 54 142 254 255 106 255 255 255 148 255 255 126 255
    118 255 255 255 72 138 74 192 255 34 116 255 255 92 217 255 255 74
    206 255 255 172 255 255 170 255 255 255 60 14 255 8 255 221 76 255
    40 132 255 46 255 255 255 255 255 229 255 255 255 2 56 255 255 62
    255 188 68 255 190 122 64 204 245 196 88 255 255 255 60 14 255 82 24
    255 255 255 255 255 255 255 255 120 255 32 255 196 241 255 214 177
    211 255 233 255 255 255 255 255 54 106 255 255 12 238 255 255 255
    189 255 255 134 255 255 255 231 140 255 255 202 58 128 28 66 176 196
    112 30 255 255 255 255 239 255 255 255 255 42 255 150 100 76 28 136
    255 233 120 130 255 142 50 50 255 255 255 182 44 124 254 255 255 255
    171 255 168 255 255 255 122 148 194 255 96 255 255 146 102 255 255
    62 255 142 255 28 255 255 18 140 255 255 56 255 227 150 152 255 178
    255 118 255 255 255 12 255 50 255 255 185 255 138 255 255 192 112
    255 44 255 255 255 255 255 255 255 60 22 92 255 226 42 176 255 255
    255 255 255 255 172 255 255 255 130 255 255 245 4 90 195 255 96 255
    255 124 22 6 255 255 255 255 100 255 255 237 14 122 255 253 160 255
    64 134 255 255 110 16 16 255 20 255 212 173 70 108 255 20 255 255
    255 255 68 32 255 255 255 255 239 255 255 110 255 214 124 94 255 255
    255 255 255 18 118 255 255 255 82 255 255 164 36 142 255 255 255 78
    172 142 30 255 138 150 255 130 132 255 255 255 255 255 112 241 255
    255 241 114 255 108 138 255 231 255 255 22 255 203 176 124 255 154
    104 84 231 255 255 16 84 255 192 82 128 80 255 255 255 255 255 255
    240 179 112 254 152 176 255 255 255 255 16 255 110 148 255 255 255 8
    255 255 255 255 255 255 112 255 188 255 94 255 255 255 255 174 255
    120 14 255 255 82 171 255 14 255 255 56 120 255 255 185 128 4 255 58
    255 177 255 22 154 255 255 255 112 255 251 168 70 255 22 255 80 249
    255 132 255 255 221 170 182 255 114 255 255 6 255 255 255 255 94 108
    255 255 255 255 255 255 22 28 255 255 158 255 255 255 255 22 255 255
    255 255 140 82 132 14 255 255 255 255 255 247 255 255 182 88 86 94
    255 201 255 130 255 54 255 255 255 255 255 180 90 150 255 255 255
    255 255 90 184 176 177 253 255 255 255 255 255 255 230 255 194 126
    255 190 148 144 40 36 173 255 255 197 213 255 251 255 56 108 255 88
    249 184 255 156 255 28 255 255 200 120 223 255 160 255 66 118 176
    255 255 76 148 255 108 255 255 237 252 255 255 152 183 255 255 88
    156 72 255 249 206 255 94 14 193 255 164 255 255 208 255 78 255 255
    255 104 255 255 22 255 255 255 255 251 255 255 255 32 231 140 255
    122 255 78 4 92 190 255 134 255 255 255 248 24 255 255 255 255 246
    255 255 255 60 14 255 255 255 94 255 188 255 144 26 255 255 160 255
    255 178 238 120 164 255 255 255 255 255 84 2 130 255 194 255 255 14
    80 255 252 255 160 255 201 255 178 177 108 104 116 88 255 255 202
    255 229 255 154 162 12 234 255 255 255 136 255 255 255 255 70 255
    255 28 156 255 255 255 255 100 28 58 168 243 255 255 255 106 255 219
    26 20 169 255 30 255 255 64 128 255 255 36 255 196 162 235 134 233
    249 255 255 194 236 177 136 92 16 255 4 255 255 255 255 255 255 118
    255 255 90 26 6 255 4 92 255 22 88 171 106 4 255 4 224 255 255 102
    118 255 76 255 184 14 255 255 255 221 255 188 255 136 255 255 255
    146 92 255 255 255 62 255 20 255 228 209 144 240 219 255 255 255 255
    255 12 255 255 255 124 232 255 245 255 255 26 120 40 255 255 6 152
    255 255 255 255 126 118 255 255 104 216 255 52 218 58 86 255 84 0
    255 138 255 255 255 255 255 177 2 255 36 219 255 255 255 108 24 4
    132 189 219 24 154 255 172 86 6 255 60 255 255 88 198 255 18 241 255
    28 255 255 231 255 30 162 160 255 247 146 255 255 188 92 255 116 255
    255 110 208 221 206 236 255 158 255 0 68 102 255 90 255 255 255 90
    255 150 64 255 130 255 72 144 255 255 82 190 255 255 224 255 255 250
    229 146 96 78 255 74 255 82 255 122 80 255 100 46 255 255 235 212 80
    255 88 134 255 255 88 255 255 36 255 202 4 160 36 255 223 238 255
    255 255 199 255 176 255 245 60 255 229 212 118 255 6 106 74 190 166
    188 255 255 255 196 255 182 18 255 255 255 82 255 160 255 255 84 128
    255 136 219 255 46 255 241 255 74 255 255 195 255 4 78 255 78 205
    255 146 166 70 255 255 164 174 209 18 255 255 68 255 255 239 248 255
    182 142 126 160 168 255 168 140 14 255 255 120 42 204 158 255 92 255
    225 255 215 255 2 255 16 34 40 255 255 0 86 244 255 255 255 255 255
    236 162 255 62 255 26 148 255 255 255 255 255 36 52 255 48 255 168
    78 96 255 8 255 223 255 255 255 255 255 255 48 156 84 6 120 213 240
    255 106 255 239 88 255 255 255 255 255 255 255 255 88 255 255 255
    255 255 96 255 10 255 255 116 255 255 255 255 218 255 184 255 54 162
    110 144 255 255 66 2 44 255 110 64 152 128 12 255 255 52 28 94 188
    154 255 130 14 255 255 42 237 255 223 40 166 255 255 255 255 255 214
    255 56 168 24 255 255 255 48 214 0 255 58 50 213 255 213 255 76 229
    4 150 255 255 26 255 156 202 199 245 255 255 255 255 48 106 255 245
    255 6 255 168 214 255 215 72 154 255 100 255 255 255 231 255 38 22
    217 66 255 255 210 62 188 255 48 4 22 255 180 36 255 255 82 249 255
    132 217 255 255 255 198 244 48 86 154 84 78 56 138 255 255 209 104
    255 52 255 118 185 255 194 255 158 154 154 170 255 255 32 252 225
    202 255 10 140 255 255 136 106 255 255 66 199 164 212 255 255 126
    225 106 255 255 255 255 92 241 158 255 211 154 255 255 176 195 255
    255 185 44 152 255 245 136 122 112 106 255 255 238 124 255 208 102
    227 255 255 174 162 255 168 255 181 255 16 245 28 210 255 34 252 116
    255 255 255 178 255 169 8 255 255 255 88 255 26 255 110 255 212 255
    144 166 8 255 255 255 225 118 255 20 158 255 180 255 255 255 222 56
    255 255 255 255 156 28 60 190 64 255 255 154 156 196 255 14 255 255
    255 166 158 255 90 255 78 16 74 255 24 169 255 255 255 255 204 255
    80 255 255 255 22 207 255 58 148 255 255 255 156 28 255 255 250 255
    255 194 255 110 182 171 255 98 255 144 36 235 255 112 84 255 202 241
    255 255 132 208 170 46 255 232 255 24 28 181 255 255 54 12 255 255
    255 216 34 235 26 255 255 206 122 255 255 255 36 210 255 233 18 162
    154 28 114 255 255 255 148 255 255 255 144 88 24 34 255 200 44 255
    182 255 144 221 255 255 188 255 255 255 255 44 255 255 255 255 255
    52 255 154 136 178 255 255 255 255 88 255 255 255 241 255 38 229 176
    128 82 160 128 255 255 255 255 54 255 174 168 181 58 92 255 204 212
    171 80 144 255 255 255 255 255 218 255 255 250 4 255 76 255 144 255
    187 42 130 255 255 176 255 255 255 30 255 178 255 255 146 72 237 102
    255 255 255 255 255 174 20 74 34 255 255 190 255 100 255 42 255 180
    255 32 218 255 255 255 160 255 122 255 211 255 255 16 255 2 255 255
    255 233 10 255 34 255 223 255 255 90 88 170 86 200 224 213 26 220
    154 148 255 255 255 255 54 255 88 70 211 56 164 255 236 255 72 255
    255 255 254 255 0 244 150 142 20 18 144 255 255 255 255 223 166 255
    255 110 255 88 255 100 142 255 78 255 2 255 255 14 255 255 233 184
    122 255 52 110 76 255 72 255 222 255 255 255 255 188 40 16 255 255
    255 255 220 255 255 176 82 56 255 255 255 32 156 122 190 255 229 30
    255 255 255 243 255 255 84 249 255 102 146 0 255 255 255 255 80 255
    120 50 255 106 194 255 255 255 160 255 186 255 255 255 255 255 255
    156 24 188 90 255 255 255 217 255 128 255 223 198 255 255 255 255
    255 116 70 74 240 255 215 255 255 255 255 255 138 88 255 255 36 255
    255 255 158 247 162 70 249 194 255 255 8 225 255 52 255 255 255 66
    255 132 227 158 255 0 237 106 126 255 255 255 60 54 205 255 255 245
    255 255 255 255 82 164 255 40 255 82 255 255 255 255 126 255 255 255
    255 255 126 110 152 255 26 255 201 219 255 84 255 255 144 255 255
    255 126 255 255 255 255 30 255 130 120 255 82 253 66 255 255 215 226
    255 255 194 255 178 255 255 255 255 255 255 14 40 255 202 120 42 255
    152 190 92 68 255 188 106 255 255 18 255 255 92 215 255 171 255 255
    156 98 218 255 196 222 255 227 255 144 130 255 128 255 14 255 255
    255 255 26 255 162 255 238 255 174 255 168 255 12 54 50 255 255 112
    255 255 102 255 78 132 236 229 255 188 255 255 255 148 255 232 255
    255 255 255 118 255 207 170 212 98 255 232 18 255 28 211 255 255 213
    255 152 255 255 255 52 255 188 84 255 255 24 54 0 130 255 24 26 255
    172 255 255 255 183 255 255 255 106 255 58 239 255 50 182 98 255 255
    255 255 156 255 255 255 226 52 255 18 76 255 255 126 174 142 255 255
    255 255 116 72 255 255 128 255 255 255 189 213 255 255 255 96 92 233
    82 255 154 255 255 255 255 132 255 255 173 235 240 255 213 118 144
    255 224 221 255 255 255 156 255 255 255 255 255 255 255 255 255 184
    8 100 255 12 190 80 173 152 238 255 255 76 227 255 164 243 208 152
    54 146 255 255 255 218 255 18 244 255 62 255 255 249 154 255 255 44
    255 255 202 60 60 255 191 188 128 173 44 255 255 194 255 120 255 255
    32 255 40 251 184 134 255 84 255 255 164 255 132 255 255 255 255 255
    255 255 255 255 213 255 255 255 255 255 44 42 255 152 52 209 112 255
    2 172 255 40 154 140 241 255 255 255 76 228 110 20 255 255 255 238
    116 208 134 152 206 255 156 172 44 148 98 198 255 118 255 255 255
    255 227 255 120 255 255 116 255 255 255 185 188 154 255 10 255 8 54
    196 255 112 54 255 194 234 249 255 32 76 255 255 18 255 255 4 136
    255 231 255 255 255 208 255 255 233 255 195 255 255 251 118 32 255
    255 156 140 255 14 211 102 212 255 255 156 255 148 136 130 255 255
    255 255 196 225 64 144 247 255 200 255 255 140 66 144 255 241 255
    182 48 164 64 255 243 0 50 255 255 255 0 255 152 120 255 10 120 255
    12 88 255 138 255 255 239 255 8 255 30 150 255 162 255 255 255 190
    130 80 106 98 188 90 193 255 255 255 96 80 255 160 255 253 255 255
    255 255 255 68 255 160 255 255 255 40 255 4 255 255 255 255 4 168
    255 255 236 255 255 76 64 20 255 255 255 88 255 255 34 233 255 255
    255 255 255 191 255 255 255 235 214 255 255 178 255 255 255 255 255
    255 255 255 64 255 182 34 78 94 255 209 124 255 255 255 255 187 255
    255 255 20 255 191 118 20 255 90 222 255 184 255 144 118 94 255 16
    58 168 82 240 86 60 255 255 255 255 255 255 182 150 255 106 8 255 36
    255 255 255 136 255 255 52 18 236 255 26 255 255 255 182 255 255 138
    255 24 30 0 225 78 255 160 162 227 255 255 255 255 166 92 255 176
    146 223 255 255 255 255 245 255 255 255 223 218 42 255 52 146 255
    255 209 255 255 255 255 194 255 204 244 255 255 76 255 235 160 177
    255 62 255 92 168 255 158 255 255 255 255 173 255 255 255 255 166 16
    255 255 179 255 54 54 184 255 255 192 192 239 122 12 255 255 252 2
    237 248 255 76 255 255 166 255 223 106 76 255 255 116 255 249 255 76
    255 250 146 32 255 255 255 230 98 120 192 158 60 72 138 18 255 255
    10 180 173 255 255 78 204 28 255 255 255 255 255 76 255 168 114 148
    255 255 156 52 255 255 255 158 255 255 255 255 255 18 255 255 255
    255 255 178 255 100 90 255 255 166 255 255 255 213 188 40 255 50 106
    255 255 255 104 126 255 0 255 88 211 96 255 255 200 255 255 255 86
    255 225 255 255 255 142 54 255 255 134 255 218 60 255 255 209 255 62
    128 237 255 255 255 255 237 132 255 255 255 96 223 86 176 255 255
    112 255 202 222 106 202 255 255 231 255 124 255 255 255 255 255 255
    255 128 189 204 255 162 62 228 144 229 144 54 255 255 207 198 255
    255 255 255 255 162 186 205 255 255 16 255 14 243 255 248 44 219 255
    148 200 154 255 164 255 255 110 48 227 255 148 255 255 56 255 235
    255 207 134 80 20 44 252 255 255 255 255 128 234 227 118 255 255 88
    186 255 255 236 255 255 255 255 255 255 255 154 255 223 255 94 255
    227 255 48 255 194 255 255 198 68 150 255 247 243 255 213 174 255
    255 255 252 255 249 255 255 192 255 255 255 134 215 68 196 255 160
    60 187 255 255 255 255 255 255 255 58 255 255 164 255 231 0 255 255
    240 255 255 220 22 255 255 223 22 255 255 219 36 255 126 22 138 255
    24 255 255 100 255 174 255 255 255 240 62 64 255 168 128 106 6 255
    44 255 211 255 255 255 126 255 88 58 255 233 255 255 206 172 255 72
    255 76 86 66 255 255 255 255 255 255 136 255 255 114 116 255 249 255
    255 255 255 152 40 255 208 118 166 248 255 225 72 132 255 255 235
    178 116 255 146 22 175 74 66 255 255 255 171 249 255 255 140 255 229
    255 255 150 18 202 225 255 255 255 190 170 122 74 255 255 30 255 215
    108 184 255 255 255 207 223 255 86 255 255 187 255 255 255 32 2 255
    22 196 211 253 255 255 122 255 102 38 18 2 192 148 150 174 255 38
    170 255 98 255 255 255 255 24 255 255 255 255 255 255 255 132 255
    185 255 255 255 164 255 255 229 30 255 255 255 2 146 255 213 198 192
    227 124 82 255 253 255 144 28 84 18 255 255 255 255 150 114 255 94
    106 255 255 24 10 168 255 255 255 255 255 255 10 221 255 255 110 255
    255 255 212 92 215 184 138 255 48 8 255 84 255 255 226 48 96 52 32
    162 255 255 138 220 62 255 255 32 247 206 255 38 255 40 255 228 130
    255 208 255 168 144 132 255 255 255 255 255 26 255 20 132 136 174
    255 255 166 150 255 50 255 255 255 255 255 204 255 255 212 56 132
    255 255 8 0 255 52 136 255 255 28 255 255 255 96 255 196 154 176 142
    189 255 255 255 4 255 150 132 255 255 52 110 255 217 255 255 20 255
    183 255 32 255 239 255 245 255 78 102 128 192 213 255 198 231 255
    234 255 255 255 255 255 255 255 44 192 30 26 255 255 166 72 255 110
    255 255 64 255 68 255 130 156 156 255 255 62 255 255 50 255 80 255
    210 255 255 90 166 60 255 160 160 202 44 255 72 203 126 186 255 255
    100 70 66 226 255 255 0 40 227 200 255 255 255 168 208 210 175 255
    62 154 44 38 126 255 58 255 22 232 255 172 38 255 172 255 251 192 10
    98 170 255 255 221 44 70 56 255 255 255 255 255 249 255 68 68 242
    154 16 255 177 255 82 104 255 68 120 110 36 255 225 20 217 255 255
    255 10 56 58 112 76 86 255 255 255 243 46 255 255 232 255 32 202 142
    255 255 255 68 8 255 255 240 255 52 255 8 215 255 156 211 254 255 86
    255 76 255 214 96 255 255 138 255 42 223 255 255 255 114 16 255 255
    124 201 110 255 150 255 255 253 255 136 54 68 255 209 4 255 255 251
    255 24 110 255 255 255 255 247 255 255 255 124 98 255 174 86 255 0
    238 255 255 52 255 208 255 78 255 206 162 255 255 130 96 26 255 38
    255 245 255 66 58 64 40 255 132 255 255 255 255 28 160 120 255 255
    154 255 32 255 255 255 98 221 255 255 255 255 255 255 136 224 60 255
    255 255 255 255 233 255 112 84 255 255 255 255 128 255 211 255 255
    255 255 243 255 255 70 255 255 255 52 50 191 255 255 255 255 255 207
    50 0 255 144 224 255 255 220 140 146 8 223 120 190 102 152 255 255
    114 255 255 255 255 154 114 255 255 255 255 255 255 255 36 164 255
    255 255 210 28 255 242 255 82 255 255 255 144 201 148 255 116 255
    240 241 255 134 255 255 46 229 255 58 255 116 255 255 255 255 46 255
    202 98 255 72 255 255 255 255 204 255 255 172 255 54 255 255 255 255
    98 255 104 28 255 249 255 255 48 255 255 255 202 255 152 255 233 180
    74 173 255 30 130 255 74 255 255 255 255 124 255 16 255 6 195 164
    232 255 64 86 10 255 122 255 38 255 233 68 42 116 30 255 255 255 255
    255 112 255 255 66 112 255 255 94 255 28 174 255 255 255 120 255 152
    217 215 222 255 6 174 90 255 255 48 82 255 221 255 255 255 132 8 255
    255 236 138 116 255 241 255 20 205 255 180 255 255 144 255 86 140
    255 255 114 255 255 242 104 255 12 98 36 255 221 80 240 255 255 72
    181 142 2 255 255 136 255 42 178 136 255 18 225 255 78 223 126 255
    130 255 76 255 255 70 219 255 255 255 255 186 219 255 174 50 217 98
    255 36 236 90 144 255 130 255 255 92 202 255 50 208 255 255 176 0 50
    80 80 255 255 230 255 142 255 255 138 255 255 255 166 255 26 255 86
    24 78 20 76 206 211 40 255 32 124 92 68 116 255 255 255 255 255 255
    148 2 186 255 255 255 255 255 82 172 255 202 36 255 255 100 191 255
    162 96 255 162 255 255 255 255 124 255 255 255 255 255 96 138 191 40
    168 2 138 255 255 255 255 255 253 255 255 231 90 255 128 10 255 76
    255 251 255 186 255 86 255 255 255 78 207 255 70 255 255 128 171 170
    154 255 202 255 255 255 255 255 168 255 255 22 12 239 255 34 255 142
    6 94 190 228 255 255 255 10 126 255 255 255 255 24 255 242 108 255
    202 80 255 255 18 221 255 255 16 44 54 255 110 255 255 68 255 255 46
    255 255 255 255 255 255 100 156 76 66 64 255 255 142 130 255 255 255
    255 255 255 255 74 255 255 255 216 148 186 255 255 255 255 255 255
    255 255 255 255 255 255 255 255 32 100 255 255 255 118 255 10 255
    255 255 255 74 194 255 255 104 233 255 42 253 255 34 255 46 28 255
    102 255 104 34 255 90 255 255 219 92 255 255 32 255 4 255 36 140 134
    236 128 70 255 118 255 255 217 138 255 255 186 192 255 255 255 255
    255 98 255 204 96 54 48 255 255 255 255 229 20 255 162 255 142 251
    172 222 255 255 255 255 255 180 255 255 255 255 255 255 82 255 255
    36 255 228 84 255 62 255 160 255 255 255 255 255 152 255 255 160 8
    255 255 255 255 92 34 255 16 120 255 176 10 128 255 158 110 124 255
    255 255 180 181 48 68 168 255 255 255 132 172 255 152 118 173 255 14
    20 190 255 255 62 254 255 62 255 68 76 108 255 255 255 255 241 255
    255 255 255 241 76 158 158 82 255 255 255 16 255 255 255 225 128 28
    189 255 255 120 148 0 255 255 230 112 152 255 58 255 255 130 172 24
    249 142 190 193 255 255 46 196 255 255 34 200 255 92 88 48 190 238
    217 255 46 96 132 255 255 255 255 207 255 255 239 140 255 82 122 232
    54 158 52 251 255 255 255 82 206 255 255 255 106 255 255 255 255 255
    86 255 252 255 255 255 24 255 255 255 255 255 136 255 255 255 255
    200 255 132 64 255 120 255 255 58 255 8 188 242 255 174 255 255 215
    255 120 114 255 255 255 255 255 255 206 183 202 255 255 132 160 136
    255 255 255 255 154 255 255 54 128 22 255 219 255 255 255 204 116
    255 72 216 90 255 246 104 255 164 241 64 255 118 249 10 255 60 80
    255 255 84 179 225 168 90 255 255 255 217 152 154 255 255 142 255 66
    58 251 190 255 255 234 70 16 255 255 206 132 251 255 90 112 78 166
    255 38 28 255 255 24 255 178 255 102 249 255 64 52 118 255 64 158 48
    2 146 181 162 255 255 255 255 245 164 30 136 48 255 231 255 255 255
    255 78 255 255 168 255 206 36 255 72 255 175 255 255 255 136 255 255
    255 255 255 112 130 255 223 255 255 148 255 255 255 12 203 255 255
    70 28 90 255 255 158 12 142 255 255 255 255 168 94 194 255 255 148
    68 255 255 255 255 174 255 255 240 154 170 8 255 255 126 211 249 154
    255 255 34 255 22 255 78 255 0 255 98 242 255 255 90 255 138 255 255
    154 255 76 20 218 34 211 255 255 18 255 114 255 38 255 255 152 138
    255 92 130 78 194 66 78 244 94 255 190 120 30 68 60 112 118 255 255
    255 215 255 30 255 255 238 116 255 255 255 243 255 255 255 255 243
    48 255 255 126 234 255 255 255 255 86 176 185 166 110 32 255 255 255
    255 130 255 66 255 255 24 110 205 255 255 255 8 38 255 6 180 128 114
    32 255 130 255 255 255 248 10 255 140 110 18 58 221 255 240 255 196
    98 34 28 255 255 68 34 255 255 255 255 255 255 255 134 255 150 255
    255 20 144 255 255 144 60 255 46 255 255 227 255 114 223 255 255 249
    255 255 255 146 209 235 255 255 255 255 241 255 182 255 255 46 255
    255 144 255 255 255 255 249 182 255 106 10 255 255 220 64 255 255 56
    12 255 255 255 156 255 112 255 50 16 42 255 166 255 255 126 255 255
    255 255 247 253 150 255 118 30 255 225 255 90 255 255 86 8 14 253 86
    255 108 255 255 203 140 255 255 58 48 148 215 86 126 255 255 255 225
    250 255 92 255 10 26 255 237 255 166 255 132 255 255 255 186 255 255
    74 255 255 98 34 255 18 255 62 196 30 255 64 239 255 255 255 255 255
    255 255 255 92 255 146 197 255 255 255 255 52 70 255 234 255 10 58 8
    160 255 154 255 192 181 16 250 94 110 206 128 255 196 94 8 255 255
    255 255 136 237 230 255 255 255 22 255 255 233 235 255 255 255 255
    255 255 10 255 233 255 255 102 255 255 255 255 183 255 44 255 255 38
    255 98 190 50 88 116 110 255 164 255 42 150 193 94 186 179 102 32
    255 245 255 0 255 182 255 255 182 86 82 255 255 255 168 255 255 192
    120 255 198 68 82 255 255 255 100 108 255 82 94 255 255 207 192 255
    158 255 74 255 255 255 255 255 182 255 96 52 255 255 255 255 255 174
    58 196 18 255 255 255 152 34 255 52 190 255 142 255 255 255 156 255
    130 213 0 229 255 18 98 152 202 24 62 255 34 255 255 173 80 70 255
    10 126 255 255 255 18 106 255 255 239 170 255 255 255 255 150 255 88
    152 255 124 176 255 38 255 255 114 253 172 32 255 255 199 36 54 255
    8 82 255 164 164 150 102 255 255 255 246 201 255 255 255 154 32 255
    255 42 255 144 0 74 255 82 255 255 0 255 255 255 193 96 240 255 255
    255 255 255 255 255 114 255 249 78 255 211 255 255 28 255 255 255
    255 148 255 219 234 70 255 255 255 255 58 18 174 255 255 255 255 255
    56 255 255 255 255 132 255 255 215 192 255 128 255 255 255 255 30
    255 255 255 255 194 255 255 255 255 74 255 255 110 255 255 171 72
    158 255 255 255 255 255 255 235 204 188 255 223 4 175 146 255 46 60
    255 183 122 255 68 255 92 255 16 112 126 22 255 255 98 255 255 202
    255 152 255 255 255 255 114 162 70 216 235 255 240 255 255 202 255
    172 255 231 46 255 255 249 255 255 213 255 217 138 255 255 88 238
    162 208 255 255 74 140 255 255 255 255 14 255 94 62 134 142 186 255
    249 255 255 229 60 255 78 38 255 255 255 255 30 255 255 179 255 255
    86 255 255 255 180 255 177 200 216 255 204 255 255 255 255 255 255
    122 42 219 226 138 28 255 255 255 255 166 92 8 171 255 84 255 255
    255 162 255 255 255 98 34 255 0 130 177 80 196 237 215 255 189 8 255
    255 124 172 255 255 255 215 255 246 255 174 255 255 255 255 241 255
    255 255 168 255 233 255 255 255 88 46 177 255 10 237 255 206 255 82
    14 255 74 30 255 255 156 255 152 255 255 255 202 26 239 255 255 116
    255 118 164 255 255 46 255 255 114 255 144 255 234 255 255 168 181
    255 126 221 148 166 122 255 58 207 255 255 255 255 246 255 255 226
    98 88 255 233 255 204 239 20 255 255 200 18 255 255 162 207 116 144
    255 233 178 255 180 96 142 255 255 62 255 255 160 58 255 209 196 255
    203 255 158 0 223 6 255 255 194 207 255 255 60 198 255 108 44 255
    255 255 42 255 255 60 255 204 30 255 192 102 255 168 12 255 42 132
    255 255 255 247 156 255 255 255 255 164 255 92 0 196 200 158 44 56
    255 108 110 255 36 255 215 118 255 255 164 255 255 106 255 116 255
    255 255 255 255 255 24 255 231 215 242 255 255 230 255 223 112 255
    255 255 150 255 255 32 56 254 255 255 255 80 62 255 255 255 255 255
    26 220 195 74 255 70 188 255 84 255 255 32 223 208 255 255 255 255
    255 255 36 2 255 50 255 166 255 255 198 142 204 255 14 255 110 138
    134 86 181 255 255 255 255 255 255 239 0 255 255 242 173 142 90 2
    255 255 8 255 238 255 255 255 134 255 62 168 255 96 255 166 38 193
    255 255 175 108 255 255 223 255 255 219 56 62 255 255 255 255 154
    255 86 255 62 54 66 255 255 255 255 255 255 255 255 255 58 251 216
    239 160 255 255 22 255 255 134 214 233 140 255 255 255 212 14 255
    255 88 130 22 255 255 90 255 80 255 68 36 246 255 255 48 6 255 255
    96 18 160 241 40 194 245 215 160 50 255 255 58 32 255 255 255 255
    255 202 240 217 255 255 205 255 255 114 166 60 185 22 16 255 12 255
    0 180 38 255 118 132 191 239 255 239 154 26 166 255 28 255 160 136
    189 170 255 40 174 28 225 130 255 255 255 84 183 20 255 102 221 124
    48 255 255 255 56 255 203 255 124 255 255 102 108 116 255 46 255 180
    255 255 150 255 255 194 152 217 150 255 50 255 203 255 255 255 247
    186 255 0 80 255 52 255 255 255 255 175 30 255 255 255 214 34 255
    255 92 62 255 114 229 255 255 255 138 88 255 255 255 255 186 144 196
    255 255 255 255 255 255 255 255 255 154 187 0 58 255 174 255 255 80
    255 255 255 174 247 221 255 255 190 255 199 255 255 255 42 255 152
    255 255 142 186 188 255 255 255 251 255 255 191 255 16 255 255 182
    217 255 255 191 241 255 24 118 255 255 255 255 255 202 255 255 158
    255 253 255 126 255 255 255 72 2 220 255 217 64 255 255 255 255 176
    250 132 150 92 255 2 255 255 86 42 255 48 255 255 255 254 255 52 30
    255 255 255 255 255 212 255 255 28 255 128 255 100 184 255 255 255
    255 102 255 255 46 255 255 255 255 188 239 255 172 255 255 82 80 255
    255 28 255 152 255 255 255 187 255 44 255 255 255 255 255 255 255
    255 72 255 130 255 255 255 255 255 255 226 255 255 224 38 146 220 80
    4 255 255 22 255 209 255 18 255 255 26 20 184 244 255 255 0 52 64
    255 181 241 255 114 68 156 211 255 172 193 255 8 255 28 20 96 211
    255 255 40 255 255 233 255 120 164 255 12 255 255 255 241 122 255
    112 255 255 255 255 86 255 255 36 110 255 160 36 255 255 255 236 203
    255 255 199 255 76 255 114 255 255 255 255 255 255 168 74 182 255 40
    170 255 241 28 16 255 255 44 193 0 255 255 255 140 255 255 18 255
    255 0 255 255 120 255 202 54 191 255 255 255 114 255 255 217 255 255
    98 60 255 255 255 32 8 200 76 255 255 255 235 255 102 255 226 255
    255 255 168 255 168 217 255 255 255 255 255 255 255 46 66 255 234 30
    62 192 235 36 228 253 213 124 255 158 206 251 130 140 255 12 110 134
    255 255 118 22 255 255 54 255 255 58 255 187 150 255 253 255 255 255
    255 16 201 255 38 255 74 28 255 162 192 255 255 255 255 249 128 255
    255 255 130 255 196 255 124 255 148 255 232 255 255 38 255 170 74
    255 140 96 96 68 230 82 255 210 255 255 255 255 255 12 122 221 184
    142 28 32 255 255 255 128 30 255 237 255 255 146 255 255 255 32 14
    160 255 255 249 176 255 46 62 90 4 4 255 255 178 74 80 255 255 255
    255 176 142 154 94 255 255 90 213 255 110 130 255 64 104 80 255 255
    20 142 171 255 118 219 42 255 171 108 22 255 116 255 247 255 106 16
    215 255 255 102 255 255 255 255 255 225 120 249 0 255 116 12 255 255
    255 255 78 26 255 255 206 255 227 255 126 171 255 178 146 10 255 126
    255 255 255 20 255 144 255 58 255 255 18 88 255 255 146 60 255 255
    255 168 255 18 168 18 106 158 255 255 255 158 255 98 255 255 12 255
    255 255 142 255 255 255 255 255 255 239 255 10 255 255 213 255 104
    162 32 255 30 223 255 225 255 182 168 14 255 166 255 255 255 235 255
    255 110 62 255 46 166 197 225 84 166 255 32 30 255 255 255 180 226
    255 255 176 255 255 216 217 20 255 255 100 255 255 144 146 255 74
    255 185 100 255 177 255 255 213 255 20 255 172 255 120 72 126 78 190
    130 140 255 255 90 237 255 255 168 92 255 255 42 152 255 255 255 255
    255 255 82 32 58 255 255 4 219 255 255 255 252 253 255 255 255 255
    255 237 255 255 235 110 255 255 255 255 132 255 240 255 255 255 255
    50 255 255 38 255 30 60 255 98 255 255 255 255 255 255 255 255 255
    62 74 255 255 134 255 255 114 106 255 48 255 156 176 255 186 255 255
    255 250 255 54 255 164 10 250 156 160 142 255 255 210 138 255 176 92
    208 255 255 2 255 173 178 118 171 148 255 100 243 208 181 255 255
    255 98 112 209 152 24 255 255 255 183 255 255 92 229 210 219 164 255
    255 225 246 88 84 255 255 255 255 255 255 162 48 255 152 134 64 178
    255 255 212 255 126 64 255 112 255 90 40 255 227 8 176 205 255 255
    255 86 255 255 255 180 34 255 92 183 162 240 255 70 255 166 255 255
    255 176 255 154 255 255 255 237 255 255 90 255 14 255 255 255 255
    255 247 255 178 255 255 116 98 88 255 255 200 90 88 255 255 62 255
    255 255 68 255 110 255 30 12 46 255 197 174 106 255 30 255 255 255
    56 227 255 38 191 255 255 255 34 84 36 64 255 205 30 255 205 255 255
    160 255 40 209 18 255 255 255 255 255 245 255 245 174 255 217 20 255
    255 24 166 50 255 255 14 84 255 255 255 255 154 48 148 255 182 255
    94 194 255 255 110 255 255 156 184 255 255 255 255 174 194 255 255
    255 255 255 255 255 204 252 30 144 255 255 200 162 175 245 255 255
    255 255 255 213 255 211 255 66 255 255 116 255 255 255 255 255 4 255
    255 255 243 255 255 22 255 154 62 50 96 30 255 10 203 255 212 255 2
    255 56 182 255 255 251 230 255 52 170 255 255 206 255 100 232 255
    255 255 68 255 255 64 255 116 185 255 202 116 50 112 255 208 182 46
    255 255 162 206 255 255 231 255 255 255 255 62 255 12 255 40 255 255
    0 228 118 180 94 219 255 136 255 208 255 175 255 255 255 255 246 255
    255 40 191 40 216 255 255 255 34 217 255 255 255 132 255 174 255 255
    255 255 152 255 212 68 255 255 255 255 68 48 255 255 40 154 255 12
    237 88 255 138 238 154 12 255 255 122 255 255 186 64 255 255 60 255
    32 255 20 255 255 108 255 255 255 255 255 255 130 255 255 255 170
    146 204 255 255 120 255 136 102 255 14 144 255 106 255 186 255 255
    240 102 54 255 255 40 255 10 255 232 6 166 224 52 215 255 255 126
    240 255 12 255 38 46 228 255 144 255 255 255 236 255 255 4 100 72 80
    189 72 56 217 255 82 239 142 158 255 255 80 255 255 230 255 68 248
    255 80 255 52 255 36 255 255 42 255 255 255 255 255 150 189 152 60
    98 255 255 169 255 255 255 255 36 255 66 255 255 184 192 126 104 255
    255 255 170 98 255 240 255 24 255 42 255 255 156 255 255 72 255 255
    255 255 255 22 255 255 179 255 255 164 255 255 255 255 192 255 56
    255 255 255 80 148 255 80 54 180 140 255 180 255 255 74 30 255 255
    102 255 255 162 255 255 255 62 255 96 255 255 126 249 255 255 255
    116 50 110 116 214 255 156 255 255 18 255 80 239 92 255 255 162 255
    255 6 255 255 236 160 26 168 255 255 12 122 200 255 255 237 255 255
    162 255 185 116 255 255 182 255 80 186 32 140 255 172 98 231 255 32
    88 130 255 128 190 255 255 110 255 255 255 255 255 255 251 68 255
    168 164 255 102 255 255 144 255 102 255 255 204 255 225 255 255 160
    255 255 255 255 68 255 114 255 92 226 255 231 255 36 255 255 255 40
    255 255 255 255 90 36 255 146 38 255 98 255 140 255 255 255 62 122
    255 219 96 255 72 255 255 255 206 186 92 255 255 255 60 30 255 12
    255 255 255 255 72 24 255 255 255 66 255 70 204 193 255 255 255 255
    68 177 227 90 255 74 255 72 255 255 255 255 116 104 102 178 106 255
    140 110 255 255 233 56 255 201 50 255 255 255 22 255 80 255 255 241
    98 16 150 230 255 255 66 235 255 100 255 30 255 255 94 255 255 255
    255 185 0 255 253 255 110 235 255 255 90 255 255 195 255 255 255 134
    130 255 255 190 22 96 255 255 80 255 140 8 255 20 194 200 255 255 28
    255 255 255 255 255 255 146 4 126 255 160 68 255 10 255 152 255 255
    255 255 255 255 255 204 255 166 16 249 255 255 255 98 158 255 255 24
    156 255 255 251 215 174 82 114 255 255 255 255 255 255 86 255 172
    170 76 255 240 255 255 154 255 88 255 255 182 118 255 255 192 255 80
    214 255 255 156 44 100 226 54 162 255 177 255 80 60 255 2 191 44 255
    255 66 16 255 0 255 255 255 255 56 198 255 60 255 194 255 255 255
    255 255 142 166 164 96 62 174 164 255 255 54 201 192 2 146 32 255 94
    28 255 98 255 255 177 106 68 88 204 66 255 134 82 255 211 255 193 40
    255 76 170 255 255 255 255 247 128 255 166 134 226 243 255 116 207
    204 255 255 255 255 94 44 144 255 255 78 255 211 255 227 255 255 100
    255 255 114 80 108 255 255 186 8 255 198 255 70 82 171 255 84 189
    255 128 245 255 98 144 170 255 239 200 255 102 243 255 249 255 90
    255 142 255 130 80 255 88 206 255 193 116 255 114 132 255 160 58 255
    66 24 255 255 64 2 255 239 255 255 255 255 255 160 255 255 184 232
    255 237 255 255 255 255 136 225 50 255 94 255 114 255 88 255 18 220
    247 92 164 255 98 255 207 255 255 255 100 146 255 255 255 255 188
    255 0 112 248 255 241 198 227 116 10 80 255 255 162 255 226 255 255
    255 160 255 106 88 48 255 255 72 255 181 255 255 255 255 216 255 255
    172 255 217 68 66 255 124 152 202 255 110 42 238 197 74 186 255 88
    255 255 255 255 74 194 255 255 241 255 255 255 255 36 255 82 255 180
    82 255 227 104 255 241 255 255 255 154 255 102 186 255 255 226 255
    255 255 72 255 130 255 255 38 255 255 255 255 72 164 255 255 152 128
    255 255 193 255 6 255 142 18 136 255 255 255 96 255 82 255 255 255
    255 255 74 255 194 255 92 255 72 146 255 207 255 255 4 255 244 255
    255 254 255 255 160 110 247 255 255 225 214 128 156 255 255 255 248
    255 194 255 221 62 130 255 255 255 255 255 226 255 160 255 255 122
    228 179 255 255 241 90 56 66 255 255 124 241 20 255 255 255 46 251
    124 255 190 22 152 255 86 211 194 255 64 255 255 255 255 255 40 255
    255 209 255 44 146 255 255 255 202 38 237 38 194 169 243 172 211 10
    255 179 84 80 38 255 255 106 194 50 64 72 226 179 255 122 255 138
    244 255 106 164 6 56 255 255 80 255 82 255 92 255 227 255 255 76 255
    48 255 255 255 22 86 14 255 214 28 164 224 96 80 255 46 253 222 102
    20 255 120 204 255 227 204 214 255 255 255 223 251 194 100 255 255
    98 255 255 229 255 48 255 255 6 239 255 255 0 92 80 152 48 234 255
    255 255 255 124 255 102 255 54 197 255 230 209 255 48 96 166 255 255
    84 255 82 162 255 255 255 255 32 255 94 255 62 255 60 255 158 100
    255 255 136 255 255 48 255 210 22 255 255 255 255 255 179 192 255 16
    255 4 255 255 255 88 255 255 171 2 78 8 196 138 4 255 168 215 32 228
    255 255 188 255 174 255 255 239 208 94 190 255 199 255 255 255 44
    160 68 255 74 255 44 255 255 231 255 255 86 255 255 180 234 52 100
    222 255 255 42 255 255 255 255 255 244 255 74 54 40 8 255 74 82 152
    255 255 255 98 215 114 116 255 255 112 255 255 26 255 52 255 255 244
    203 156 255 209 255 6 154 255 255 255 255 58 255 255 255 255 255 250
    148 247 146 74 255 36 255 192 255 221 255 66 255 255 255 255 255 255
    255 50 255 255 227 255 255 94 255 255 255 255 130 255 130 255 255
    255 154 118 206 255 120 170 255 62 74 255 255 255 255 255 255 255
    174 255 114 219 255 255 231 16 207 158 255 255 130 174 255 160 255
    183 253 255 100 78 255 255 66 255 255 122 255 201 255 82 205 206 255
    255 255 70 255 255 248 215 255 180 134 255 255 255 255 206 255 38 44
    62 134 158 162 255 200 46 237 252 189 176 156 255 182 255 124 154 84
    116 255 94 68 255 255 255 144 255 195 235 255 255 255 255 255 255
    255 175 4 255 195 255 255 193 54 255 255 18 255 239 243 255 255 245
    255 164 186 255 251 255 120 255 255 138 164 142 238 237 255 158 96
    24 255 255 255 42 227 70 62 255 255 255 20 124 246 255 172 255 255
    255 116 68 64 34 84 255 50 130 170 124 255 255 232 96 38 32 255 114
    255 255 255 255 164 255 68 255 255 34 241 255 142 185 154 255 70 255
    255 255 255 56 217 82 112 255 255 255 255 126 255 118 58 255 255 194
    2 255 112 255 255 255 54 255 255 255 94 255 158 255 255 255 76 16
    172 255 66 80 36 245 108 255 20 238 255 255 122 251 255 255 100 255
    255 209 110 255 255 255 60 229 255 255 255 48 255 255 255 255 255
    255 100 10 255 142 32 255 255 255 255 38 166 255 10 255 255 255 50
    255 255 255 255 202 255 0 255 255 255 248 132 6 255 32 255 200 120
    255 255 24 90 22 255 144 162 255 34 204 46 255 255 227 186 192 255
    255 255 255 152 255 255 20 188 64 255 238 255 255 255 255 255 146
    116 255 255 255 255 64 255 255 78 255 251 255 197 249 30 100 172 30
    255 98 20 130 255 255 255 74 255 255 235 255 255 126 18 48 255 44
    255 255 120 62 255 255 82 64 255 96 255 70 82 255 18 50 255 255 255
    255 126 255 255 255 72 255 255 62 176 255 255 255 255 247 255 58 255
    56 255 168 255 54 78 38 196 255 174 166 255 64 255 209 255 255 255
    92 186 255 255 255 197 255 255 255 255 255 255 130 80 22 213 255 255
    243 128 255 255 236 82 255 48 96 255 255 56 255 218 80 211 190 255
    239 255 221 255 178 255 94 255 146 255 255 217 255 255 193 255 176
    255 255 214 255 255 255 175 84 255 136 255 114 126 255 192 148 255
    180 179 124 234 255 255 255 255 78 255 48 12 255 255 126 255 255 255
    255 255 255 255 251 4 255 255 255 255 20 213 86 132 80 72 171 255
    255 164 182 255 201 100 78 152 255 194 253 48 255 255 255 100 255
    255 160 255 255 18 255 255 255 255 255 14 255 255 232 255 84 255 255
    255 150 239 255 255 235 60 134 255 255 110 255 32 22 255 255 202 255
    211 172 255 255 144 255 243 126 255 78 255 255 255 120 8 136 255 255
    56 255 233 12 255 84 72 255 255 215 132 255 255 30 142 255 78 255
    255 255 12 36 255 32 74 162 223 126 130 255 180 255 168 255 255 255
    255 255 255 255 82 255 255 255 152 255 36 255 148 255 255 12 255 249
    146 52 255 255 106 255 42 112 255 158 255 255 223 255 255 255 28 255
    255 255 255 255 255 255 255 156 8 255 255 255 255 112 48 255 60 255
    136 255 162 255 158 148 22 255 233 255 255 229 144 36 255 255 255 94
    142 10 62 62 2 201 0 242 255 44 255 255 255 255 46 122 16 72 92 255
    78 255 255 88 255 255 255 150 255 12 255 255 243 255 194 255 92 255
    26 255 255 78 96 20 16 64 255 8 233 255 169 116 255 213 255 172 255
    150 140 201 122 255 255 211 42 255 255 46 209 148 226 241 255 255 72
    255 100 255 6 255 160 255 255 233 166 56 255 211 255 255 255 255 90
    8 58 255 148 104 255 90 202 6 255 255 255 164 255 255 229 255 219
    255 172 255 70 36 46 255 20 255 160 255 169 255 255 189 142 222 255
    255 100 64 52 255 255 255 212 255 255 52 255 255 255 64 186 8 60 255
    16 255 255 126 255 255 116 197 255 255 255 255 196 162 204 234 255
    255 255 255 255 174 255 255 255 255 106 110 255 166 255 185 12 156
    255 34 255 56 20 108 255 174 255 4 84 190 255 255 255 255 255 166
    255 255 168 112 255 114 255 18 186 253 24 255 255 255 152 255 255
    255 255 255 255 92 255 214 102 255 255 8 255 255 203 255 255 6 118
    255 255 255 255 255 235 146 255 247 190 255 70 34 255 160 74 181 156
    102 225 255 255 255 255 255 171 241 255 187 96 18 255 100 255 255
    251 116 160 255 208 98 255 255 255 255 255 255 255 255 84 66 220 255
    152 226 102 70 118 255 255 230 173 108 255 255 255 255 8 255 68 14
    10 255 152 247 255 255 184 255 255 180 255 255 90 118 213 84 40 255
    164 106 255 255 234 132 255 255 255 20 54 140 176 42 255 219 255 213
    227 255 16 132 255 171 48 255 152 60 128 50 255 44 255 202 136 146
    255 226 255 122 164 219 255 66 120 255 255 10 255 255 255 174 236 68
    241 222 227 194 136 255 255 255 255 255 212 146 227 136 255 86 108
    255 255 134 207 255 255 102 255 104 255 154 46 0 255 100 4 54 254
    132 84 255 255 255 255 164 66 10 227 40 58 255 255 222 36 255 255
    255 148 226 255 78 250 255 188 255 255 255 136 255 150 40 255 217
    255 255 255 255 255 255 255 255 255 255 90 140 255 255 255 255 255
    255 255 90 255 24 134 108 234 255 255 255 255 50 255 255 255 255 255
    206 82 243 190 255 255 194 255 255 255 255 255 255 212 94 223 255
    255 255 255 255 138 96 146 64 16 255 255 255 255 255 148 207 34 255
    28 108 30 255 255 190 146 255 255 58 28 14 255 70 255 158 142 255 66
    255 255 54 255 24 255 255 136 84 62 255 255 182 255 255 16 232 122
    255 255 189 255 190 175 255 255 215 255 255 104 52 255 255 221 255
    183 255 122 255 255 252 168 84 42 255 255 255 255 194 166 227 80 255
    255 255 0 255 245 146 169 255 236 166 40 255 255 255 66 255 255 255
    247 12 255 227 98 255 213 255 194 173 72 16 255 253 128 255 253 255
    255 255 40 255 255 142 255 255 188 255 223 24 219 14 170 26 108 134
    166 255 198 92 237 255 255 36 255 255 255 255 227 146 42 255 208 255
    233 255 166 255 255 206 255 255 234 74 255 20 92 255 255 255 255 255
    223 255 78 94 160 255 255 70 255 255 215 80 36 255 255 255 255 255
    156 190 236 193 255 255 201 190 76 34 217 255 255 255 255 255 255 34
    255 255 255 255 255 200 20 255 162 255 74 255 255 255 134 199 188
    255 255 106 226 255 255 178 217 255 255 24 255 255 255 98 255 189
    255 255 255 255 255 255 255 255 255 170 255 237 241 232 255 255 255
    255 255 255 185 88 198 96 255 160 255 255 248 152 255 216 255 180
    160 255 18 22 171 255 26 255 138 255 255 102 255 255 255 88 255 20
    110 255 255 255 76 94 255 94 255 82 255 219 255 44 255 255 255 255
    255 213 255 138 255 146 110 122 120 255 255 16 255 255 116 244 255
    86 22 255 255 255 255 255 255 80 138 255 243 34 212 233 255 4 255
    255 255 255 255 12 209 255 42 255 255 255 10 116 214 255 255 255 255
    255 255 22 255 255 70 255 72 255 255 8 122 255 20 255 255 114 114
    255 6 16 24 174 255 255 176 255 255 140 255 92 124 255 255 255 28
    130 255 255 46 128 36 255 52 255 255 255 255 158 10 90 255 196 191
    255 255 255 255 52 158 70 255 255 70 255 191 255 104 255 176 255 255
    255 255 255 10 248 255 255 102 255 255 82 255 36 255 255 255 98 255
    255 255 36 255 70 255 231 214 98 239 26 255 192 94 255 255 80 195
    255 202 255 62 180 255 255 28 255 144 255 50 255 255 187 166 118 116
    223 255 54 255 116 14 237 188 42 140 14 255 211 255 78 255 198 120
    255 255 205 255 255 112 255 255 255 255 255 255 52 154 10 26 255 255
    88 242 255 255 182 255 255 38 253 255 14 255 114 255 241 255 182 185
    255 50 255 48 2 219 190 100 255 217 255 2 221 146 197 255 255 255
    255 140 16 46 255 66 213 86 255 255 255 66 255 255 201 208 255 156
    194 56 255 255 255 183 176 255 60 255 248 255 255 255 197 217 255
    255 255 255 108 255 255 255 255 30 80 84 30 8 219 74 255 104 204 158
    255 255 255 255 0 253 255 224 46 255 255 255 255 255 255 12 255 255
    178 60 112 70 255 255 255 255 160 255 255 154 174 252 255 255 18 86
    255 255 223 54 255 86 255 255 255 255 116 255 88 255 255 255 118 156
    253 255 92 204 238 255 235 146 255 255 10 255 255 116 255 255 255 94
    215 255 26 255 28 4 68 122 253 4 148 76 255 148 199 255 86 203 162
    255 207 255 255 255 100 255 156 255 255 132 255 255 251 255 255 156
    160 255 255 255 90 168 198 255 255 128 255 118 140 180 255 247 146
    92 200 130 171 255 255 255 76 254 185 235 234 255 36 255 82 255 255
    255 255 255 44 192 255 255 96 255 245 255 140 255 255 255 255 20 58
    247 178 255 229 255 46 255 52 28 255 134 6 189 90 174 255 255 255
    251 255 82 255 255 132 255 255 56 154 255 248 148 88 255 106 249 114
    255 104 238 66 152 84 162 255 166 255 255 255 86 255 208 38 196 246
    191 255 18 255 215 255 255 80 255 255 146 255 78 6 255 255 217 255
    253 24 218 92 98 255 217 255 255 26 32 255 24 255 255 110 255 255
    110 255 255 255 255 222 255 70 255 24 255 255 12 32 228 183 66 96
    255 255 255 76 38 255 255 255 255 255 255 210 219 2 255 126 108 255
    144 255 92 64 48 166 255 255 255 255 204 34 255 30 192 255 255 255
    255 196 110 255 255 255 255 4 255 255 255 255 229 64 198 255 213 202
    255 255 148 255 221 255 255 255 255 255 255 72 177 255 54 255 255
    246 255 8 255 255 255 250 158 255 255 255 255 200 255 213 82 173 255
    255 255 255 255 255 255 102 255 4 255 171 215 255 28 255 224 255 213
    255 102 26 255 104 80 255 247 44 255 130 32 255 96 200 2 255 255 255
    4 134 255 229 255 255 255 255 255 255 255 255 38 255 96 255 231 22
    193 160 106 0 52 255 72 215 42 255 255 255 255 28 224 166 14 255 255
    76 152 255 255 18 255 255 122 255 255 255 255 46 255 255 255 255 255
    255 255 255 144 12 255 255 224 38 255 36 221 130 255 124 255 255 255
    255 255 255 255 255 128 255 226 255 229 118 255 82 255 255 2 208 2
    255 255 249 190 255 255 40 255 72 154 156 38 255 255 68 255 255 255
    255 255 217 255 122 255 255 152 255 255 255 148 255 255 255 255 236
    255 255 255 255 255 188 255 255 218 255 255 255 154 255 134 245 255
    255 28 255 34 169 255 110 255 48 98 255 180 255 255 227 228 255 26
    255 255 170 255 255 255 255 2 255 48 76 40 255 28 255 255 122 255
    255 255 150 112 255 182 238 255 255 154 195 255 255 199 255 152 255
    255 118 255 10 255 166 255 52 255 255 255 255 255 255 255 84 238 255
    255 96 34 66 255 255 235 255 255 76 80 179 255 128 197 172 8 82 172
    255 255 255 255 20 255 110 255 134 144 255 255 66 150 255 255 183
    255 255 255 255 255 255 247 255 4 18 255 255 22 255 80 255 158 255
    255 120 46 255 198 150 255 255 255 255 130 255 44 255 255 245 255
    148 255 220 255 72 255 255 202 234 255 213 255 255 255 110 247 255
    255 255 30 248 255 215 198 219 255 255 237 255 255 255 255 160 24
    106 246 255 194 170 177 84 12 154 124 4 162 182 255 54 255 255 26
    255 42 102 255 255 231 200 240 255 132 255 255 255 255 152 219 146
    255 253 48 255 255 254 130 255 194 28 144 104 156 100 255 18 255 255
    255 255 32 255 255 30 255 255 102 146 255 50 255 221 112 255 255 48
    233 12 255 36 118 255 255 184 230 255 255 212 92 255 255 195 255 255
    255 255 194 255 255 126 14 255 70 255 255 242 255 160 200 255 255
    255 124 18 14 94 255 200 219 255 210 255 0 30 50 186 238 185 140 255
    185 255 232 221 255 106 255 138 255 255 255 255 28 0 255 185 255 255
    255 255 255 193 255 255 255 54 12 36 92 255 203 86 255 68 255 255
    114 255 255 181 253 255 255 182 60 255 255 255 80 60 255 4 255 32
    221 136 255 255 255 255 54 80 255 48 255 222 148 82 162 213 231 255
    255 255 255 255 84 42 249 190 255 255 255 255 96 76 255 255 255 255
    0 100 255 60 233 255 255 34 255 255 20 255 72 66 255 255 255 86 255
    106 255 255 249 238 255 32 255 255 152 166 255 255 255 255 255 174
    177 36 255 255 227 255 243 128 44 255 255 255 225 255 255 156 94 255
    10 184 204 193 255 146 183 235 88 100 255 255 26 225 255 249 255 236
    50 80 255 255 114 255 255 255 255 255 255 255 255 255 255 255 158
    126 62 60 255 104 255 255 124 255 178 195 66 170 213 255 136 94 255
    255 255 30 124 255 255 255 130 206 255 255 40 182 92 140 114 255 255
    172 10 255 180 255 255 255 96 255 104 255 255 154 255 255 18 205 255
    24 255 186 255 100 194 16 40 255 255 247 72 2 78 206 248 255 255 255
    231 196 255 46 30 212 255 255 20 255 198 102 46 255 52 255 219 134
    62 255 188 255 255 255 24 255 234 239 4 10 255 172 206 255 231 255
    255 188 184 255 255 234 215 255 255 134 0 255 255 255 164 255 176
    122 74 160 22 255 255 226 14 227 255 56 255 255 255 126 255 199 172
    156 225 255 255 255 229 255 12 110 46 255 140 255 255 255 255 92 56
    120 255 255 218 150 255 255 255 255 255 74 78 44 255 255 216 255 213
    255 98 255 164 255 46 255 30 200 92 44 255 86 102 243 255 255 18 255
    18 255 255 108 255 204 64 223 158 255 255 255 255 255 255 255 152
    255 255 255 180 255 255 196 255 255 244 52 255 255 255 255 0 205 206
    170 255 255 255 255 130 36 255 128 255 98 255 218 158 211 255 112
    255 168 215 255 182 255 160 78 58 114 255 166 255 212 255 255 80 96
    255 84 255 152 255 255 255 255 255 255 255 255 255 76 231 200 126
    255 255 255 255 255 255 255 122 255 175 72 255 42 176 36 185 253 255
    245 231 255 255 255 248 205 255 208 191 142 64 255 255 200 88 162 22
    253 255 255 213 164 255 255 255 255 140 253 40 255 255 255 58 158
    255 104 255 32 114 90 255 255 200 172 68 255 38 28 255 255 255 116
    16 36 255 255 118 122 96 255 255 255 183 76 255 255 247 255 255 172
    255 8 78 255 44 255 255 237 255 60 166 255 255 64 255 224 86 255 148
    80 0 255 60 255 152 34 235 255 255 12 152 255 160 255 209 255 244
    255 255 255 255 255 255 128 188 255 92 239 70 175 255 136 32 255 124
    249 255 134 0 154 255 255 255 255 148 255 168 255 116 255 203 255
    255 32 255 18 255 62 255 255 255 222 231 58 255 255 6 255 16 56 198
    80 255 255 255 154 255 255 176 255 255 106 28 255 196 104 255 255
    255 255 255 2 255 118 255 255 255 178 255 255 255 255 255 255 249 60
    6 22 255 206 255 255 255 122 255 255 24 255 242 58 251 234 185 255
    255 2 221 80 44 108 255 243 76 102 237 255 10 211 28 255 40 255 188
    255 4 80 193 140 255 32 255 255 94 235 255 255 160 132 255 180 255
    255 255 98 255 255 250 255 255 32 175 84 248 255 70 255 100 255 255
    255 255 246 110 192 110 255 255 255 12 255 255 110 255 212 96 255 18
    152 255 206 255 255 255 34 160 78 255 241 222 239 255 255 255 128
    255 255 255 255 255 255 32 54 255 255 36 255 255 255 255 152 255 255
    110 168 255 204 30 255 255 255 76 14 152 255 186 24 255 88 255 255
    148 255 52 114 217 255 255 128 48 86 52 32 118 36 255 255 255 255 74
    173 134 255 209 255 226 255 211 255 205 186 255 255 255 36 68 186
    214 255 106 255 255 255 255 255 255 82 255 106 255 255 62 255 229 28
    255 255 255 255 255 82 10 255 255 255 98 42 118 255 255 58 130 20
    255 156 255 255 255 255 255 255 90 255 255 235 140 134 255 255 255
    110 136 72 255 106 78 255 178 233 255 255 255 255 255 74 253 255 6
    255 124 255 255 136 255 255 255 116 114 74 50 88 255 255 255 24 102
    247 68 146 255 255 255 255 255 158 255 148 2 64 144 255 164 136 38
    255 4 255 58 255 112 144 44 118 76 22 124 255 255 175 196 164 255
    255 142 255 142 106 114 166 182 255 255 255 225 255 255 18 192 168 8
    235 255 72 22 24 255 255 246 255 116 56 255 4 255 255 255 66 255 255
    32 124 114 255 233 180 102 255 22 255 247 138 255 120 255 196 255
    118 255 66 255 16 177 243 30 152 152 30 255 34 255 255 32 158 201
    255 84 255 255 255 255 213 255 255 255 232 169 120 255 255 255 255
    255 213 4 255 255 202 158 255 255 14 255 255 72 255 190 88 255 32
    154 202 255 175 202 255 255 255 170 193 255 30 255 255 255 255 255
    255 173 255 22 199 124 168 255 255 38 169 255 255 181 156 255 255
    255 162 2 255 236 255 255 255 247 255 255 255 138 255 219 160 102
    156 219 144 255 38 30 28 198 255 195 255 136 255 255 255 255 4 138
    94 235 255 76 206 226 255 255 255 255 56 255 255 255 232 255 255 255
    255 255 255 255 255 128 255 255 255 255 229 255 213 255 32 255 30
    200 255 255 255 255 243 255 100 146 178 255 112 255 164 8 255 183
    255 10 255 255 255 255 92 162 255 255 255 255 88 54 255 192 255 134
    255 255 255 26 168 243 255 172 255 176 24 54 255 210 126 255 194 255
    255 255 12 255 18 58 156 82 189 255 255 255 22 255 255 255 255 219
    50 255 177 154 238 126 255 255 255 186 24 255 255 6 116 182 255 0
    255 148 104 255 255 255 190 26 255 255 72 205 251 200 74 255 255 126
    52 255 74 154 255 122 255 210 255 255 255 62 255 255 193 86 255 255
    229 255 255 78 255 255 249 0 255 92 255 114 164 255 62 255 255 255
    14 74 205 208 255 48 102 255 98 255 255 255 255 255 221 168 144 173
    94 255 255 136 102 255 124 142 255 255 255 255 2 170 177 255 255 255
    108 144 76 255 255 255 80 204 255 255 52 239 4 255 124 166 42 26 255
    150 255 110 84 173 255 110 72 255 140 255 50 255 28 255 192 255 28 6
    255 221 255 255 172 255 255 94 202 209 74 255 124 66 255 255 66 255
    211 14 255 255 255 114 255 22 234 18 255 255 94 24 255 255 255 255
    255 32 200 255 130 255 255 255 255 150 255 42 255 86 96 78 182 255
    199 255 255 255 255 255 255 241 156 193 94 255 255 255 255 255 255
    162 22 255 206 189 255 255 158 194 172 255 108 255 255 114 255 66
    255 188 168 32 8 255 255 255 255 208 24 255 158 112 255 255 62 255
    96 190 255 255 12 16 255 184 138 255 126 14 255 255 251 225 255 255
    255 255 20 255 255 162 36 255 255 255 255 36 247 124 255 255 22 4
    255 255 255 174 126 255 255 170 255 233 158 255 255 255 80 116 255
    12 255 255 255 255 255 158 255 38 211 198 128 251 255 255 2 30 38 12
    4 72 255 255 255 74 255 90 106 154 255 255 215 255 255 186 132 118
    84 142 255 70 255 255 225 158 50 251 255 255 136 255 255 255 255 66
    104 255 255 255 255 255 2 114 84 255 255 46 255 240 255 44 26 255
    176 255 255 114 22 255 213 255 255 142 255 255 208 255 54 110 34 255
    22 230 199 255 96 255 255 214 64 255 255 255 255 134 24 247 176 166
    255 255 255 255 148 80 34 255 255 40 80 98 255 212 169 190 108 251
    255 154 148 84 255 225 225 255 255 239 64 221 233 255 197 255 180
    255 108 120 255 255 154 255 82 255 36 255 150 255 204 116 255 62 255
    255 4 98 30 255 255 255 154 112 255 4 255 152 255 255 255 255 236
    209 229 124 255 255 8 241 255 255 162 194 172 255 4 146 118 24 12
    255 255 18 146 40 255 255 30 255 189 255 255 166 204 255 84 68 188
    253 28 255 34 22 44 255 134 255 24 255 255 10 0 255 110 255 255 201
    255 254 58 217 255 255 245 92 255 255 255 255 255 255 255 255 144
    255 68 230 255 66 255 255 255 102 217 235 138 128 80 255 255 28 142
    255 46 255 34 255 255 50 170 255 255 255 255 253 255 255 225 174 94
    255 82 255 255 255 186 255 255 54 255 255 255 16 253 255 56 92 62
    255 255 114 255 255 212 255 255 255 70 255 255 225 52 255 255 70 114
    255 241 255 255 94 255 255 144 68 162 170 255 255 78 255 255 255 4
    255 255 190 12 255 255 160 255 255 255 58 136 225 148 255 255 66 190
    255 132 26 255 255 62 255 188 255 255 154 255 255 255 255 146 114 94
    255 255 168 255 102 110 255 253 226 255 231 255 255 74 255 50 170
    255 255 96 255 255 255 182 255 217 255 255 198 255 255 255 240 181
    245 106 255 249 255 64 4 255 162 36 255 255 255 206 22 255 182 150
    255 148 80 255 255 255 255 76 253 82 108 255 10 255 255 158 255 255
    255 255 255 255 244 255 94 212 88 255 255 255 255 222 255 156 86 243
    255 255 235 255 255 255 40 255 255 164 136 213 253 255 255 235 146
    255 255 255 255 255 226 255 98 255 80 92 255 255 190 144 187 255 234
    255 94 255 18 12 255 255 255 255 185 186 2 255 60 255 112 34 140 255
    255 255 255 255 174 255 255 255 255 231 240 207 116 116 144 255 152
    132 255 255 203 255 255 187 255 60 255 239 66 237 126 30 60 62 255
    255 48 38 255 255 255 187 255 196 128 255 255 185 255 154 116 98 164
    255 255 255 255 255 140 255 10 255 255 255 222 191 255 254 255 94
    172 255 255 255 181 255 184 255 255 74 140 118 120 191 94 255 112
    255 158 255 255 178 169 32 180 255 255 255 255 255 255 84 255 255
    255 194 255 221 255 255 255 208 255 150 255 110 255 255 255 164 239
    4 255 219 28 154 146 208 255 255 255 183 76 255 64 112 255 255 170
    255 255 255 255 94 154 255 32 255 206 221 255 255 255 211 255 255
    255 255 255 98 126 255 180 102 255 88 255 255 255 248 171 255 255
    255 255 214 255 255 220 237 255 192 185 108 255 24 255 255 197 253
    140 255 44 128 126 186 255 255 255 255 255 48 255 255 40 255 108 190
    96 76 255 255 86 255 44 255 86 255 223 255 255 185 72 255 219 255
    255 66 255 255 255 255 255 102 255 168 255 251 255 187 229 255 78
    255 255 241 233 0 255 255 120 207 0 255 217 255 255 255 255 120 86
    36 60 255 126 255 255 255 255 255 178 255 100 112 255 110 170 36 255
    255 255 60 255 182 255 255 84 255 255 50 255 255 255 255 255 120 130
    231 255 255 136 220 255 255 112 255 96 255 255 255 132 177 255 180
    255 255 255 255 28 92 38 46 255 255 36 88 140 208 255 255 198 228
    255 52 255 255 120 60 173 130 54 158 190 232 32 54 164 140 255 198
    233 50 255 255 255 166 42 255 255 255 132 255 255 255 190 253 8 255
    76 255 14 104 255 152 126 255 82 255 204 116 255 40 255 227 255 255
    148 233 255 255 255 84 100 255 255 255 255 255 36 255 255 68 255 255
    255 223 126 255 176 255 42 255 144 255 255 255 255 255 170 255 255
    138 181 194 255 56 255 124 255 70 255 255 204 255 255 255 126 227
    112 255 255 255 168 255 255 255 255 255 164 56 255 255 26 255 190
    166 38 255 154 255 255 126 255 204 8 255 28 195 255 255 166 217 52
    255 255 176 96 243 255 36 255 255 255 255 52 255 255 42 255 255 250
    124 255 20 52 84 255 255 196 10 255 24 255 255 184 255 255 255 2 255
    102 166 98 10 190 175 255 255 233 132 104 255 52 255 44 156 255 255
    255 110 255 255 255 199 255 108 18 255 184 255 36 255 255 255 206
    197 76 255 156 42 214 126 255 255 255 168 255 84 255 138 114 255 32
    255 255 255 255 168 184 255 251 70 255 211 246 213 64 255 255 166
    255 255 255 255 6 227 255 126 255 2 255 72 255 26 255 255 255 255
    255 18 255 238 154 247 255 255 255 255 156 255 200 255 255 2 24 150
    255 207 211 138 110 255 166 255 255 24 169 178 32 189 255 255 132
    211 2 46 54 255 255 12 140 191 132 255 70 92 254 255 255 60 237 182
    255 18 18 66 12 118 196 177 255 255 88 255 255 255 255 255 255 182
    255 30 60 90 255 255 255 2 213 255 179 255 172 203 158 255 46 74 255
    255 66 152 255 255 255 255 255 254 18 255 255 114 54 255 255 231 255
    100 255 255 255 90 255 0 227 80 255 255 255 215 190 255 140 253 158
    12 34 206 255 249 255 86 255 38 255 202 128 255 255 255 255 223 255
    78 241 108 239 52 255 82 255 166 255 255 255 148 255 20 255 6 218
    255 255 74 209 255 255 255 255 234 255 255 255 14 255 255 255 255 50
    98 255 68 255 255 104 255 172 40 255 122 255 255 255 130 22 36 20
    255 255 255 255 251 142 8 108 255 255 255 78 255 4 148 239 255 255
    221 152 218 255 255 198 84 255 62 154 255 18 255 130 40 62 118 255
    60 182 255 255 255 112 126 138 152 255 140 255 207 255 255 255 255
    255 24 194 255 255 255 255 201 118 162 255 255 242 255 255 255 136
    136 255 255 12 172 255 255 60 150 194 255 205 255 24 16 255 255 132
    255 255 255 255 255 10 255 68 94 255 248 154 247 255 177 174 255 255
    255 206 132 255 255 255 8 72 255 255 255 144 255 116 66 255 144 255
    44 110 255 164 104 140 116 64 255 202 184 255 255 255 223 124 255
    213 255 76 255 56 255 60 172 206 255 90 255 70 221 255 255 215 106
    255 255 16 255 255 212 255 48 36 255 217 255 255 239 32 255 202 158
    255 223 52 255 255 255 255 255 255 177 164 255 255 255 255 94 255
    255 217 253 255 64 12 156 255 255 14 148 198 180 255 202 98 255 255
    255 221 202 84 118 229 255 255 255 20 78 184 26 130 255 255 122 106
    255 16 255 255 255 237 255 112 255 252 255 255 255 255 134 168 255
    255 255 84 255 210 221 227 36 255 255 255 255 219 4 56 255 92 255
    227 255 255 255 96 48 255 142 138 255 255 255 255 114 255 255 86 42
    255 255 146 241 60 255 255 86 197 152 255 134 255 255 96 156 230 251
    255 218 175 255 244 255 255 255 26 112 26 241 255 255 255 78 255 40
    255 20 136 196 238 255 134 44 255 255 22 255 186 255 255 182 255 255
    255 255 255 74 238 209 255 174 38 251 255 4 255 255 255 243 255 8
    198 134 255 255 182 251 192 255 255 66 144 98 124 250 243 126 255
    255 134 255 46 255 122 120 255 255 126 142 202 150 255 255 247 249
    34 255 255 255 209 255 88 255 186 255 76 255 56 201 255 250 255 255
    136 46 255 228 58 255 255 255 255 255 255 120 255 187 2 255 243 196
    255 255 247 252 173 255 248 96 255 72 255 215 48 58 140 66 255 198
    255 118 255 255 116 255 66 255 255 255 255 22 128 156 255 104 255
    148 255 10 255 255 14 255 255 171 58 72 34 140 255 134 38 255 255 98
    255 255 70 255 175 225 255 235 255 96 255 46 106 10 58 255 255 255
    100 255 255 222 22 106 68 78 148 58 6 255 255 255 255 78 255 255 255
    20 233 214 12 255 146 20 255 255 162 255 40 255 255 255 80 8 255 152
    255 64 8 186 255 255 253 255 193 172 255 142 233 255 253 255 140 18
    42 66 28 4 255 44 255 32 191 10 255 255 24 228 164 164 255 255 255
    228 255 255 255 189 154 46 255 255 132 211 132 255 255 192 70 255
    178 170 152 255 166 255 74 218 4 98 255 150 255 144 110 255 255 8
    198 68 255 237 14 82 255 28 223 152 250 255 255 255 66 255 255 255
    255 255 255 255 255 255 255 255 255 255 8 189 255 255 255 56 22 255
    94 255 255 255 150 46 255 255 255 255 255 255 255 255 255 215 255
    255 255 255 255 255 96 255 40 222 255 255 255 187 255 255 54 92 255
    255 188 255 255 255 255 255 70 255 203 42 218 255 255 22 72 255 255
    255 255 250 164 72 82 255 249 255 255 255 255 255 255 222 255 255
    255 60 144 172 255 255 255 241 92 255 225 255 246 255 255 212 253
    255 255 255 255 112 255 255 34 255 198 255 118 255 136 255 60 200
    197 255 222 255 16 28 233 255 255 255 255 255 6 255 255 144 142 255
    255 255 255 255 34 255 8 249 82 255 255 255 44 211 206 195 255 255
    255 255 255 255 34 188 110 255 194 255 255 140 255 202 255 138 142
    184 251 255 255 164 255 255 255 255 68 255 255 255 255 255 255 255
    255 54 76 56 166 62 255 255 168 106 98 30 255 126 255 255 255 255
    255 255 227 255 255 104 219 255 12 74 138 255 255 255 0 64 66 255
    172 72 104 0 255 255 100 255 255 255 62 255 122 48 255 194 255 255
    255 255 255 176 255 32 255 255 8 255 34 255 255 255 255 213 10 255
    255 255 255 255 216 160 231 78 255 36 255 24 82 180 255 208 150 0
    255 206 255 255 190 191 255 255 255 70 124 255 94 46 255 243 252 118
    255 255 30 255 255 255 255 255 128 255 255 255 255 64 183 255 240
    239 255 255 255 56 138 92 94 255 68 180 255 233 255 255 255 255 126
    255 235 54 255 255 255 255 255 148 148 255 206 181 4 255 142 255 176
    34 196 204 158 62 255 2 255 64 187 54 252 255 28 228 146 255 134 54
    255 255 255 10 148 36 168 255 44 211 84 199 112 255 46 118 92 118 26
    116 179 255 12 255 255 255 98 2 14 217 2 2 255 164 50 106 253 255
    255 150 255 64 255 255 0 48 52 140 124 255 38 176 110 255 247 122
    255 249 90 255 255 226 255 255 255 14 32 255 255 255 240 255 255 255
    255 251 90 227 76 254 255 104 255 0 178 255 255 255 252 217 255 255
    225 247 255 255 255 176 219 255 255 154 255 255 255 255 218 255 255
    238 118 255 255 255 100 255 255 255 80 217 255 255 54 255 255 48 255
    255 255 255 255 255 255 255 255 255 80 255 62 255 255 245 255 26 255
    40 255 255 255 255 251 2 255 255 16 255 110 160 255 255 255 30 164
    12 255 255 255 255 132 162 136 255 26 255 255 255 44 255 255 255 255
    255 134 255 255 231 10 255 68 60 174 146 136 255 195 255 255 255 174
    255 16 255 255 24 255 6 255 58 48 255 184 255 42 255 255 173 255 255
    76 255 28 255 255 255 255 255 255 177 255 255 38 84 255 255 70 255
    104 102 104 255 14 66 255 204 255 175 255 255 164 255 166 255 206 54
    142 255 78 255 255 188 124 12 132 255 255 255 122 56 255 166 72 220
    114 255 255 255 255 146 156 255 222 255 255 255 255 255 228 255 225
    136 255 72 255 255 211 255 255 58 255 173 235 255 32 255 206 22 255
    74 223 46 255 38 36 6 124 78 82 92 26 255 8 231 255 70 255 174 255
    255 194 124 18 255 255 255 255 88 255 255 255 255 255 66 22 220 255
    225 255 245 255 255 36 255 255 235 178 178 255 255 255 255 255 255
    255 136 255 223 255 255 114 219 70 136 8 38 255 132 24 245 255 255
    255 22 218 255 255 255 80 108 254 255 255 255 12 229 255 181 154 255
    255 255 255 193 251 255 255 255 255 64 96 54 82 44 255 255 255 38
    255 24 255 181 178 200 14 58 104 255 20 130 150 255 255 187 255 255
    84 255 68 203 255 255 78 0 130 255 255 255 76 255 64 156 255 255 144
    156 255 255 22 2 8 255 236 72 112 255 197 182 70 255 255 255 255 255
    240 124 255 232 179 126 255 255 188 255 255 217 192 128 255 212 24
    255 122 207 46 255 255 251 224 40 255 255 255 90 222 255 255 88 2
    255 140 175 255 255 255 255 255 255 255 220 255 108 255 217 255 255
    255 255 255 110 255 174 255 227 255 138 233 255 78 52 72 255 198 255
    255 255 255 255 255 255 158 255 136 255 255 255 114 255 255 255 180
    138 255 255 255 118 255 255 10 217 108 255 42 255 255 8 255 255 255
    142 255 255 255 255 140 40 255 180 255 6 150 255 255 68 76 169 188
    72 255 46 255 255 255 255 255 255 255 22 229 102 255 76 255 255 48
    255 104 255 24 255 116 255 255 36 255 231 255 176 255 78 236 86 255
    232 102 255 255 255 255 112 255 255 20 255 255 130 255 48 255 90 14
    255 255 213 255 255 255 182 255 255 126 255 144 255 132 255 206 58
    255 255 112 255 32 255 6 255 108 255 255 255 239 60 255 255 118 243
    255 4 6 196 90 241 102 255 50 164 255 255 110 255 197 192 255 255
    213 152 255 148 255 28 190 255 150 255 60 92 255 255 255 255 248 255
    255 90 255 82 255 255 255 74 255 120 240 60 176 254 255 255 255 14
    255 168 255 138 255 197 253 190 255 255 86 255 255 124 44 0 255 183
    46 255 255 16 255 255 118 255 223 104 64 255 66 255 255 108 255 255
    184 255 144 253 188 183 255 80 255 255 194 255 68 254 243 104 255 78
    215 255 48 208 132 255 255 212 255 255 255 255 198 255 209 42 168
    255 12 142 199 235 255 255 255 184 223 255 255 152 255 255 215 255
    136 122 255 255 255 255 88 255 8 204 255 255 228 48 255 118 193 106
    255 173 110 255 255 255 216 255 255 176 255 74 24 205 4 190 255 255
    255 255 217 255 255 255 16 44 128 212 255 255 80 255 221 255 142 255
    162 255 255 255 255 255 44 255 44 255 255 255 255 255 255 242 255
    150 122 255 44 222 166 255 255 90 180 228 221 255 255 255 134 255
    255 178 30 255 86 44 201 255 76 66 255 255 255 215 188 162 44 200
    255 237 70 18 255 200 255 188 255 255 170 212 181 255 255 255 255
    102 255 50 255 189 206 255 255 211 24 50 152 255 245 194 106 177 233
    255 66 255 255 110 94 255 255 154 255 158 251 94 255 38 56 255 60 30
    82 148 222 255 255 160 255 233 18 255 255 216 255 255 202 52 152 255
    245 255 2 255 229 10 106 154 144 255 255 255 2 208 255 36 255 255
    255 255 255 237 198 255 64 106 238 142 255 255 154 249 255 187 255
    255 255 255 136 237 255 255 255 255 255 255 116 48 78 255 255 255 18
    132 92 255 106 255 255 255 255 196 224 255 255 255 255 186 255 255
    255 60 245 255 255 112 170 248 227 211 255 223 255 255 255 255 255
    152 255 255 24 255 44 255 208 18 255 255 255 225 255 255 255 255 255
    152 178 58 255 138 255 255 255 255 255 255 36 112 48 88 70 255 255
    255 255 6 90 46 255 10 96 252 255 255 255 124 186 255 255 255 28 255
    255 42 217 44 142 233 122 255 215 136 255 255 58 255 4 255 66 255
    152 255 251 255 138 88 255 52 62 231 220 255 202 48 255 154 116 92
    255 66 255 62 220 122 255 255 255 255 52 0 255 66 50 68 255 104 255
    88 104 255 180 255 156 200 60 204 255 255 219 255 255 255 86 110 255
    255 64 106 255 255 255 255 52 255 255 88 255 148 175 237 255 24 132
    255 255 100 140 255 70 255 237 241 255 255 255 255 126 8 242 255 158
    162 255 255 255 255 255 174 253 166 228 62 255 255 114 180 0 255 146
    174 255 227 255 255 16 44 255 50 26 229 253 0 209 255 246 255 255
    214 100 255 255 142 200 84 66 166 255 255 255 255 225 255 12 255 255
    236 185 194 112 16 178 255 255 255 255 255 255 255 255 255 255 255
    247 255 255 255 255 36 2 255 120 146 255 255 190 134 118 78 255 255
    255 255 255 140 4 255 255 116 56 12 255 255 120 126 255 255 80 177
    255 38 255 76 240 255 192 255 96 255 255 255 130 254 108 255 255 255
    241 242 146 255 255 255 255 162 175 255 255 243 255 124 114 90 46
    255 255 228 225 255 255 255 178 255 203 130 255 116 52 76 205 108
    255 185 2 255 154 255 255 255 255 255 142 255 98 255 255 44 247 96
    20 255 178 176 255 255 66 211 202 240 249 255 255 255 118 255 22 168
    188 255 255 255 255 255 255 255 255 244 255 76 196 114 120 128 96
    102 122 2 70 255 146 28 254 112 255 255 160 184 255 114 82 255 138
    255 255 120 255 154 217 8 255 207 255 148 158 255 52 239 4 255 142
    134 255 255 174 255 255 134 255 255 255 116 72 96 255 255 255 255
    255 255 255 255 154 78 207 255 255 88 36 255 241 178 255 255 255 255
    255 90 72 255 255 220 255 92 164 26 255 255 255 255 214 255 255 110
    253 22 255 221 255 220 255 255 230 255 186 255 92 255 255 22 255 32
    255 231 255 34 38 74 255 255 4 166 255 255 22 255 244 255 54 255 96
    255 255 255 255 126 255 196 172 255 86 255 148 104 255 213 255 102
    255 255 255 209 16 255 235 255 255 255 106 255 52 255 255 255 255
    255 255 255 128 255 66 255 12 170 255 110 156 172 82 148 255 255 128
    255 48 208 182 249 24 255 20 255 154 233 253 255 16 255 255 118 255
    88 255 86 106 98 74 255 255 120 255 255 110 46 132 138 255 255 98
    108 255 255 255 116 255 255 255 10 255 233 70 54 255 50 2 154 176
    255 255 255 255 104 160 48 138 255 255 255 255 255 191 255 255 255
    42 255 177 255 255 255 255 255 221 38 28 255 255 255 2 255 166 249
    255 184 255 255 182 185 12 255 255 190 255 255 255 255 255 98 200 22
    255 255 255 174 92 255 104 255 255 255 20 102 30 255 255 255 88 40
    134 255 255 255 255 34 90 255 66 253 28 130 255 255 255 14 174 124
    80 216 255 229 254 223 255 4 255 255 48 255 255 70 255 108 255 255
    255 106 255 219 255 171 86 255 255 112 192 255 255 172 245 255 64 46
    120 72 255 88 255 34 255 40 255 68 255 255 194 255 92 255 210 94 255
    255 241 255 24 209 255 255 197 255 50 255 54 255 8 10 30 255 255 230
    255 174 255 255 255 42 14 132 118 255 114 255 255 22 88 100 255 250
    152 255 202 255 128 255 255 144 255 217 255 255 255 255 255 108 255
    255 255 255 250 146 255 0 191 215 255 34 227 255 255 255 128 255 46
    255 255 198 234 255 255 255 78 32 98 110 100 40 28 255 14 164 94 255
    12 255 22 255 202 52 255 255 30 30 98 244 249 255 224 255 255 98 255
    255 255 255 255 255 20 255 200 168 66 0 215 255 208 158 116 255 213
    229 182 132 86 160 22 255 255 255 190 255 255 255 255 70 219 255 255
    255 106 179 134 42 255 255 134 255 245 104 255 255 255 4 255 170 255
    255 140 54 255 210 235 128 196 120 255 255 231 255 24 30 255 254 183
    126 255 106 255 238 255 255 140 255 255 255 255 156 238 185 255 255
    2 221 124 14 0 255 221 150 255 255 184 255 255 255 255 255 255 255 8
    6 250 148 255 180 169 255 142 26 255 255 162 126 40 82 30 255 255 8
    255 255 255 176 128 255 116 255 245 88 56 182 255 255 16 206 255 108
    108 229 255 78 62 138 255 38 34 14 255 168 118 255 255 230 152 255
    110 255 92 255 84 20 255 211 134 255 255 255 255 255 255 130 58 255
    64 140 255 255 72 255 255 203 227 255 32 110 240 126 38 255 255 255
    114 108 255 255 255 255 255 10 255 166 175 255 124 255 255 60 255 2
    255 255 255 158 255 82 66 144 255 56 195 255 212 168 255 255 255 188
    146 255 255 122 255 255 154 255 84 255 134 255 255 213 42 255 243 82
    255 255 54 116 84 184 128 255 206 255 255 255 255 255 225 255 14 255
    50 255 255 255 183 255 112 175 255 255 255 136 255 221 168 255 120
    202 178 255 255 255 185 114 255 255 255 122 255 255 214 122 255 255
    255 154 255 255 255 255 255 255 126 255 22 255 255 184 255 120 176
    255 255 255 70 255 255 255 201 255 110 255 255 255 255 186 255 255
    178 255 255 255 255 48 64 142 255 255 38 255 255 255 255 255 36 18
    150 98 98 16 24 235 122 84 253 255 255 62 255 238 164 166 4 255 255
    236 255 255 255 255 255 255 185 80 255 255 62 104 255 32 255 255 255
    255 255 255 222 150 255 208 255 170 72 177 255 142 255 186 255 255
    255 244 152 255 255 173 255 228 80 186 255 171 255 140 14 156 118
    255 255 255 255 6 22 255 255 255 92 255 255 104 28 170 255 255 255
    255 56 255 255 255 255 255 229 255 255 255 70 90 108 34 255 255 178
    166 104 255 255 206 255 54 56 255 255 247 58 255 4 255 197 255 255
    168 255 184 255 255 20 231 110 28 4 221 132 255 255 158 211 194 255
    255 208 82 124 90 172 152 150 255 140 255 254 32 219 255 255 16 22
    255 116 154 90 255 255 255 255 34 255 96 255 169 255 255 255 24 255
    30 255 86 241 255 255 100 255 84 66 255 255 14 152 255 8 255 64 235
    68 156 185 255 22 30 255 50 255 251 242 255 255 255 255 255 150 255
    255 30 42 255 242 255 255 255 150 255 255 255 26 255 255 255 255 114
    255 74 255 243 255 249 255 255 255 164 255 255 10 56 255 56 128 175
    140 255 255 152 138 255 255 188 191 146 74 128 255 176 231 174 170
    66 237 66 255 255 116 255 255 255 255 255 208 255 6 94 255 178 118
    211 136 150 255 78 234 18 255 255 215 255 255 14 136 234 42 241 255
    110 170 255 215 255 152 96 255 234 253 140 255 255 78 255 255 160
    255 164 132 230 18 255 255 16 206 255 92 170 40 231 192 174 255 255
    92 255 6 255 235 255 176 4 255 255 219 255 166 255 130 255 40 12 76
    100 255 255 189 186 255 100 82 128 10 110 60 189 94 255 255 12 190
    255 255 126 255 12 86 56 100 56 255 255 255 46 255 255 255 255 255
    88 255 254 255 255 66 191 255 140 255 225 4 146 54 0 255 70 255 156
    255 26 255 255 190 255 255 152 251 166 255 28 36 255 255 223 80 255
    215 255 255 255 172 217 196 202 247 255 88 106 108 255 255 16 224 60
    60 255 255 255 255 255 48 222 255 138 240 52 255 38 241 4 255 215
    215 255 255 255 118 68 255 255 191 255 114 255 112 130 255 223 2 94
    194 255 255 255 255 255 255 12 233 82 255 255 255 174 255 142 255
    255 255 240 114 243 255 255 255 255 255 227 255 160 0 255 255 255
    108 0 198 255 255 255 140 255 253 255 255 255 255 255 42 72 104 118
    255 255 245 144 255 255 255 58 255 104 223 255 255 255 255 255 255
    106 42 255 255 246 156 255 255 255 104 255 209 249 255 255 255 78 24
    255 220 36 255 255 255 255 8 60 255 255 255 200 255 255 80 26 199
    158 255 8 200 255 58 192 4 255 150 70 255 255 34 255 204 106 255 255
    255 96 150 255 255 243 255 255 227 255 211 255 176 235 60 26 255 245
    255 239 116 255 255 255 208 169 255 255 48 255 230 134 46 255 255
    104 184 251 72 92 146 255 90 171 48 255 255 255 255 255 255 255 255
    255 255 255 162 255 255 255 255 255 255 96 255 255 255 18 204 255
    255 255 60 255 255 255 90 20 255 255 86 230 255 174 255 14 122 255
    100 255 42 162 255 104 255 66 255 86 255 194 255 255 222 255 227 188
    255 255 140 255 140 255 255 255 0 36 118 255 255 255 124 106 50 255
    255 116 38 255 144 236 152 255 80 6 255 255 255 112 156 255 255 255
    64 241 68 52 255 255 197 255 122 229 219 255 255 255 255 255 188 255
    189 255 126 255 255 255 255 8 8 108 255 255 231 2 174 255 255 116
    241 178 255 255 112 255 195 6 255 122 94 255 197 196 234 26 255 255
    255 255 244 207 233 255 60 255 160 48 108 255 100 64 255 20 255 255
    255 46 255 255 166 255 18 2 255 175 255 255 213 255 255 255 182 246
    207 16 76 140 255 255 255 255 180 179 255 16 0 72 255 66 255 234 255
    255 72 12 12 188 156 174 238 255 255 255 255 184 255 255 255 255 116
    255 56 187 255 255 158 72 255 166 255 255 140 110 194 255 255 210
    193 255 255 4 120 126 255 255 255 255 0 102 255 255 158 62 255 255
    255 116 255 24 255 255 154 211 202 255 255 255 255 255 170 255 255
    42 255 213 136 179 255 244 255 62 126 46 170 255 6 255 255 60 194
    146 255 255 255 10 255 255 110 42 94 26 94 255 209 30 40 158 217 230
    255 255 255 146 28 255 255 20 32 255 148 198 255 38 64 255 255 78
    187 255 210 140 120 255 118 255 255 175 255 255 255 255 255 255 255
    254 191 255 164 255 56 255 255 108 255 255 255 78 18 255 255 201 255
    255 255 168 52 255 176 20 132 255 255 88 237 255 255 192 255 255 206
    114 255 255 255 255 118 255 255 38 160 255 98 94 197 12 255 255 255
    154 14 255 166 122 255 255 42 112 255 60 255 188 255 221 255 255 255
    242 84 98 198 8 204 114 136 255 255 255 110 62 255 126 224 199 172
    255 255 255 255 201 42 72 255 255 255 118 255 50 239 255 106 255 255
    255 255 255 94 225 122 255 96 255 255 255 255 78 255 255 158 191 152
    255 255 255 255 255 255 210 255 204 255 171 229 255 179 225 255 26
    66 98 255 255 255 28 6 255 42 94 255 255 255 76 18 255 52 185 255
    230 255 229 114 255 219 4 243 28 255 255 255 255 255 168 192 233 255
    88 255 84 172 255 28 196 255 255 255 255 82 255 255 255 255 255 255
    255 253 255 38 255 124 255 255 255 255 72 255 152 160 182 255 8 255
    160 255 150 40 60 255 184 255 30 255 255 255 255 245 255 255 255 255
    196 26 255 2 136 176 52 251 255 224 255 255 28 70 255 16 255 66 255
    235 241 255 114 54 22 215 255 255 58 116 4 169 255 90 205 116 120
    124 208 255 255 24 255 255 12 30 255 64 255 78 188 138 255 255 255
    255 255 255 255 12 255 64 255 255 255 22 255 122 255 142 255 148 222
    154 170 122 249 16 22 130 255 252 255 112 140 255 221 255 177 239 16
    225 98 255 88 56 178 18 255 38 140 76 255 255 255 255 195 66 190 255
    180 255 6 215 255 40 255 255 203 255 255 160 158 138 179 255 18 82
    156 94 255 255 255 255 180 255 215 255 146 138 52 255 14 255 86 255
    219 162 255 10 84 92 255 255 126 255 255 255 255 154 255 235 255 255
    223 252 255 255 236 86 255 255 128 255 124 116 255 160 255 247 86
    255 255 128 94 24 255 255 255 198 255 82 255 8 198 108 156 134 162
    116 18 255 255 4 255 86 202 255 255 255 184 118 112 255 255 217 255
    255 255 84 54 178 62 138 235 255 255 34 178 58 255 255 104 255 255
    255 192 255 50 108 156 255 255 104 38 112 255 233 26 168 44 255 255
    255 255 255 72 24 255 255 255 190 255 156 255 255 188 255 255 243
    255 108 122 255 211 170 255 255 140 255 122 255 200 255 255 124 92
    255 240 166 58 140 255 44 255 255 255 255 213 255 76 122 118 178 255
    26 255 76 126 100 255 2 16 171 255 164 108 24 255 40 239 58 255 255
    114 255 255 90 255 118 255 10 194 255 255 255 255 255 70 46 255 225
    255 229 90 74 22 255 255 108 255 10 179 126 234 255 184 94 10 98 255
    255 76 196 229 255 255 255 34 255 255 243 188 52 255 255 255 217 68
    28 255 92 255 255 255 158 76 66 255 208 255 82 18 255 255 156 226
    255 96 74 255 80 255 255 255 255 80 245 255 98 255 140 255 255 92
    255 30 255 255 34 172 249 247 94 255 14 255 255 82 255 255 255 255
    255 184 182 255 114 255 255 32 28 48 106 255 255 255 80 255 200 255
    185 110 192 40 66 200 177 249 248 255 46 58 255 255 255 217 255 255
    255 78 255 162 255 255 255 255 132 255 213 255 255 255 146 199 86 70
    18 255 255 30 255 255 255 255 14 237 255 255 255 213 255 255 255 132
    255 255 255 255 255 20 255 116 82 255 178 142 249 255 216 233 255
    118 102 8 255 255 188 255 255 255 255 255 136 255 255 255 236 255
    233 82 245 255 255 48 255 255 255 34 252 106 211 255 255 255 74 110
    255 212 116 16 192 148 90 255 255 255 68 118 70 140 215 255 204 251
    158 255 255 255 255 132 251 190 62 132 214 255 255 255 255 255 255
    18 255 70 94 174 182 255 215 255 193 74 102 255 225 40 205 54 216
    255 120 202 255 255 255 56 225 255 219 255 42 255 255 255 211 12 220
    255 58 255 255 213 68 255 255 198 223 255 70 158 112 255 255 255 122
    255 10 255 255 255 255 88 255 28 213 255 255 255 255 255 84 255 255
    255 162 104 136 255 255 251 108 168 8 16 236 106 255 255 181 255 255
    255 42 255 203 16 255 255 255 255 44 255 255 247 52 12 18 255 188
    255 52 218 255 146 255 255 225 164 100 72 255 255 192 130 175 4 36
    255 4 92 255 255 174 152 255 255 26 30 255 255 32 110 255 178 255
    100 237 255 255 255 255 169 255 138 22 76 74 255 255 255 255 62 154
    74 255 255 255 255 250 255 124 255 130 12 255 255 255 255 255 158 60
    70 132 255 255 42 255 82 255 255 255 255 224 255 50 252 90 255 255
    249 0 44 255 120 236 255 255 255 255 255 255 255 255 252 60 198 255
    199 255 255 255 118 210 160 82 52 255 112 248 255 255 255 144 255 0
    166 62 255 72 255 255 28 255 110 227 196 255 144 24 188 255 192 192
    156 146 255 255 255 255 255 30 255 193 255 255 16 255 255 255 72 255
    255 158 56 24 162 255 132 255 122 255 122 30 255 255 255 110 162 255
    255 255 255 38 140 255 255 90 172 255 255 255 128 255 160 142 255
    136 60 255 80 24 255 255 255 255 255 243 255 4 241 30 255 16 255 255
    138 255 255 255 140 255 255 188 2 255 255 90 255 255 88 92 255 148
    239 255 255 241 132 255 243 204 255 213 22 255 80 255 255 171 243 4
    90 174 112 239 255 255 195 255 134 255 229 192 255 255 255 255 196
    255 255 182 254 255 255 204 255 239 86 140 243 255 203 255 222 181
    255 46 177 255 86 60 44 255 255 140 30 16 134 178 255 223 255 96 255
    255 255 255 255 243 10 2 211 255 240 98 255 255 255 40 86 255 255
    112 114 235 242 255 255 224 187 255 255 255 44 255 70 206 255 255
    255 255 221 255 170 255 255 255 26 255 88 255 198 88 197 255 36 255
    200 32 255 255 198 255 48 68 62 255 255 255 255 2 255 255 255 255 4
    255 255 158 68 255 255 22 62 255 255 203 255 248 255 126 76 56 229
    56 255 255 255 112 255 255 26 255 255 173 156 160 239 188 148 255 18
    255 255 255 255 255 255 92 255 255 255 126 72 255 255 255 255 255
    198 0 255 255 184 191 92 220 255 247 232 255 50 146 90 102 32 243
    138 255 195 255 246 255 176 255 237 112 126 255 22 120 255 255 36
    255 249 255 60 255 255 255 154 255 48 94 106 132 255 255 255 255 255
    126 245 255 78 255 226 255 98 144 255 219 255 14 164 210 82 72 255
    255 98 255 255 200 0 255 164 255 255 32 96 102 255 148 255 255 100
    255 8 2 116 255 255 62 40 202 16 255 255 110 166 234 4 24 12 209 98
    255 72 255 255 255 255 156 255 6 162 150 182 255 28 50 96 255 255
    255 255 50 36 74 253 255 255 255 255 18 38 206 255 255 138 98 255
    232 255 231 112 14 255 255 255 255 206 255 255 24 255 180 204 255
    229 68 255 46 178 255 255 255 255 255 255 255 24 255 48 172 40 84
    142 255 116 255 236 255 255 14 255 255 114 142 255 254 255 32 42 189
    255 184 90 36 18 229 253 176 82 215 136 231 202 230 8 219 255 255
    204 255 255 255 255 68 152 255 124 255 255 70 140 255 255 255 46 255
    255 124 142 255 76 16 237 186 90 138 104 255 255 255 253 255 255 255
    245 255 255 255 180 255 14 244 255 86 255 255 255 232 168 255 255 6
    247 222 162 32 186 88 144 255 255 255 255 171 196 255 235 255 255
    215 72 182 94 255 226 255 104 158 255 237 142 255 255 255 38 72 228
    203 255 255 255 98 8 156 172 255 255 255 255 255 255 255 156 62 90
    255 255 255 146 188 255 255 62 172 255 76 94 40 255 255 243 221 255
    255 255 94 60 215 190 207 198 255 18 255 254 255 255 255 92 255 255
    132 255 124 255 255 108 255 255 255 255 82 255 255 255 255 255 2 42
    255 255 255 255 76 255 169 166 255 255 255 255 255 124 255 28 202
    255 96 231 194 255 186 102 2 255 255 38 102 28 255 2 255 158 255 255
    66 255 138 34 255 255 255 255 255 120 215 132 152 196 136 255 255
    255 255 162 158 255 255 238 10 255 144 193 196 80 173 255 255 70 245
    92 255 255 190 255 168 6 114 255 60 255 204 250 126 62 46 249 6 48
    48 12 242 239 136 255 140 178 255 255 255 222 255 255 255 255 255
    255 255 255 110 255 26 255 255 164 148 205 0 176 235 255 148 6 255
    255 255 255 255 215 156 56 213 38 82 26 255 60 255 255 112 255 255
    255 219 255 255 187 96 255 255 46 255 255 231 132 209 196 255 255
    204 255 138 255 255 185 215 255 255 184 255 255 64 255 128 70 204
    255 255 230 255 255 72 255 255 255 4 255 148 255 255 216 255 255 255
    255 255 255 255 200 248 255 108 204 44 255 166 215 255 255 14 78 255
    255 255 255 255 38 58 255 255 255 255 255 255 144 255 255 26 255 255
    255 255 255 46 2 192 164 255 52 255 255 255 34 208 14 42 255 255 185
    134 152 255 255 70 251 255 255 255 255 255 102 255 68 255 255 88 255
    255 136 201 211 255 255 255 50 255 50 255 60 255 126 140 219 136 255
    255 106 255 255 255 181 255 68 134 255 96 255 255 148 255 255 194 6
    241 255 164 128 255 54 22 14 72 245 136 173 255 100 255 255 255 255
    255 148 255 255 255 255 255 2 255 22 255 255 255 28 255 255 188 26
    66 166 24 255 230 255 255 136 225 227 255 255 255 208 255 255 255
    255 255 255 82 255 136 255 255 255 140 255 255 255 255 120 255 255
    212 102 204 255 255 255 255 255 255 255 255 122 255 14 255 255 229
    255 255 255 217 255 18 180 255 255 255 130 255 255 100 255 136 254
    94 38 255 8 255 42 255 74 255 18 138 118 62 255 118 160 255 255 255
    255 34 108 251 255 82 132 255 168 48 170 255 255 112 255 255 255 96
    255 255 94 255 100 255 255 255 213 255 255 255 34 6 138 255 28 255
    255 255 255 174 255 255 255 214 255 255 255 116 255 255 255 249 255
    42 255 255 158 255 255 253 255 40 50 255 255 255 255 255 255 106 255
    10 255 255 52 255 224 255 255 104 173 116 46 46 255 50 124 255 255
    255 104 255 255 255 255 221 255 74 12 150 158 255 255 255 171 144 78
    255 255 255 255 255 255 255 255 238 255 255 90 255 142 255 126 34
    208 255 255 255 255 84 148 171 76 152 255 255 255 255 255 104 255 8
    255 255 255 194 255 80 72 255 255 255 189 114 255 20 227 242 100 255
    255 255 120 255 255 148 255 255 255 255 110 22 32 255 255 24 255 255
    178 255 255 255 64 14 255 255 255 255 255 255 255 255 86 255 255 255
    22 219 130 212 255 200 244 38 227 158 74 255 250 98 255 255 255 255
    22 92 255 255 255 255 114 255 6 126 255 194 86 24 255 146 255 30 252
    235 255 255 255 255 134 255 255 114 56 255 255 130 120 158 38 30 255
    255 255 255 78 217 255 255 166 164 162 255 82 189 120 144 28 255 6
    64 255 255 80 102 246 185 239 46 255 255 255 219 255 255 26 231 255
    24 255 255 56 24 90 255 255 174 255 98 255 114 255 208 197 255 116
    96 255 255 239 255 228 255 219 255 177 255 255 100 255 16 179 255
    255 253 255 138 255 255 74 255 255 255 0 217 255 255 255 255 255 255
    255 64 227 255 255 58 255 255 128 255 76 255 68 130 255 255 173 225
    255 255 255 2 32 239 94 239 243 142 255 255 124 166 174 255 255 255
    255 2 255 202 203 14 206 255 255 255 255 180 255 181 2 255 255 255
    58 255 255 100 255 255 80 255 255 255 255 136 255 255 126 164 255
    174 212 255 255 255 255 255 255 245 255 216 255 86 226 181 255 48
    255 255 186 255 255 255 102 217 236 177 217 238 211 8 255 154 255
    255 255 255 26 219 82 62 255 255 255 255 255 74 247 108 24 255 255
    224 255 255 255 62 200 42 207 255 255 255 255 255 255 255 244 118
    255 255 60 255 42 255 255 255 255 120 142 132 54 90 84 255 64 255 2
    38 148 74 90 195 255 180 255 116 255 195 255 255 209 213 52 205 255
    255 18 255 142 255 255 104 94 251 255 255 144 82 255 231 255 84 255
    255 169 255 244 255 255 132 255 190 220 231 18 255 255 241 70 255
    255 255 100 128 255 166 255 182 76 255 255 134 251 236 255 158 22
    156 68 255 20 255 255 114 255 255 26 255 255 126 255 255 255 190 255
    255 255 255 255 14 255 229 38 255 98 8 255 255 255 255 16 255 94 42
    255 255 14 82 255 255 255 255 150 255 255 162 255 255 189 194 186
    116 132 68 255 50 240 255 38 255 255 255 86 255 255 206 116 255 152
    255 255 78 255 255 255 255 42 255 112 255 94 169 60 78 20 255 255
    255 255 255 255 255 255 255 178 116 0 255 198 173 255 255 28 138 174
    255 42 58 120 138 255 255 32 255 255 255 255 237 255 218 233 255 255
    255 182 255 237 255 255 255 255 36 12 255 80 255 102 255 255 255 164
    255 206 255 211 255 14 255 124 255 116 255 120 255 110 74 199 200
    255 239 114 255 42 255 82 255 255 255 255 160 154 255 255 255 255
    130 112 76 176 236 255 255 255 255 255 248 166 255 255 255 255 255
    225 34 64 255 164 100 255 26 220 255 255 255 255 255 255 110 208 152
    255 255 255 255 148 158 255 100 255 26 255 164 255 124 226 255 58 66
    255 198 242 255 96 214 255 48 255 255 255 255 255 255 240 201 255
    224 197 255 255 164 122 255 130 4 46 98 162 255 255 255 0 68 231 238
    255 255 255 255 176 244 255 255 182 245 255 255 249 255 222 209 255
    68 255 255 255 255 255 174 251 255 255 255 64 255 205 255 14 112 211
    255 227 229 255 217 174 255 255 239 138 255 255 255 255 255 255 255
    223 255 255 2 60 199 200 255 255 255 255 86 136 234 160 255 255 44
    255 92 146 255 255 255 146 255 90 114 255 14 30 255 146 231 2 38 146
    255 213 255 124 40 8 66 255 255 255 255 255 255 255 255 255 164 255
    255 255 255 244 138 62 88 255 255 40 255 255 255 255 154 255 255 174
    255 233 82 255 48 255 255 255 255 68 203 170 150 255 255 255 255 255
    255 255 255 88 255 206 255 255 46 216 86 96 255 6 166 74 253 0 208
    255 235 255 255 247 255 60 255 230 255 255 255 255 182 255 255 64 12
    255 255 118 255 255 255 96 126 248 76 255 255 255 72 255 255 255 12
    255 255 255 221 192 128 251 219 255 173 255 186 249 14 230 166 156
    255 255 16 255 94 255 255 58 184 168 255 255 255 255 56 28 255 255
    48 255 215 255 86 22 255 255 255 255 255 60 68 255 243 255 255 255
    255 255 255 162 8 255 142 255 255 255 88 255 194 233 255 90 86 128
    255 98 52 255 82 104 2 255 112 255 255 243 255 255 255 255 122 221
    64 239 12 255 255 162 248 255 255 26 255 255 224 26 255 255 255 74
    250 34 92 162 152 255 255 255 255 34 255 255 174 124 255 6 179 225
    255 12 255 104 255 122 255 16 255 242 94 96 255 255 255 255 96 255
    255 255 62 255 255 186 255 98 78 255 14 0 92 255 66 255 38 255 255
    152 255 255 255 255 255 255 184 144 118 0 255 46 255 255 255 231 124
    255 12 124 233 255 255 100 255 255 255 116 98 48 50 255 14 94 255 56
    255 255 255 104 48 8 204 255 118 68 255 255 178 146 199 32 132 235
    255 234 255 180 255 255 80 255 255 255 118 255 255 152 255 255 255
    255 255 44 255 255 255 38 184 255 255 255 124 255 255 70 187 249 230
    255 255 255 255 255 166 34 68 255 255 62 26 8 112 226 160 36 255 255
    255 255 185 255 255 255 255 255 56 255 218 255 202 84 255 60 255 255
    255 255 255 156 255 255 0 22 255 38 96 255 142 255 144 112 255 255
    162 255 255 142 112 255 255 184 255 255 126 255 194 255 191 255 255
    255 200 220 255 255 2 255 255 152 255 255 255 207 255 255 255 255
    255 78 255 255 255 255 82 195 106 255 130 255 255 245 18 46 255 255
    255 255 255 102 255 140 186 122 255 255 255 255 186 255 156 255 82
    255 255 203 90 255 255 255 232 255 211 255 255 124 255 2 255 224 213
    255 222 30 90 78 140 58 0 255 255 255 255 255 126 150 251 50 4 255
    12 255 255 255 255 16 255 225 255 255 245 200 108 255 255 255 255
    255 180 102 255 255 255 251 255 255 255 255 187 196 54 255 196 255
    255 255 62 215 188 50 255 255 42 255 18 255 255 255 160 255 255 255
    255 255 255 58 52 140 255 255 58 255 255 120 255 20 255 197 221 246
    56 186 255 255 255 255 255 255 255 185 255 255 255 255 255 255 158
    190 44 62 36 245 255 255 255 70 255 255 44 28 175 255 255 255 255
    255 120 10 255 233 8 252 255 237 228 251 255 232 255 198 218 255 255
    230 255 32 172 64 255 255 255 100 92 227 255 244 8 28 22 96 253 176
    34 253</data></your_img>
</opencv_storage>
