<?xml version="1.0"?>
<opencv_storage>
<L2_diff>8.1308679733470026e+03</L2_diff>
<test_img type_id="opencv-matrix">
  <rows>100</rows>
  <cols>100</cols>
  <dt>"3u"</dt>
  <data>
    220 126 238 218 154 52 3 241 77 220 170 157 255 41 136 244 108 208
    52 44 4 93 94 254 42 74 130 92 97 137 197 230 125 0 108 136 220 220
    243 46 109 28 94 34 101 33 6 129 240 10 86 154 38 32 197 251 246 132
    37 96 171 161 145 64 235 152 134 165 157 235 214 12 111 75 169 81
    114 65 141 205 200 221 17 130 127 190 2 25 136 17 41 113 53 33 27
    118 240 152 173 12 234 79 132 54 237 236 243 178 83 149 87 109 6 139
    32 249 191 171 138 193 135 200 107 109 168 76 169 209 174 120 181
    176 213 236 227 34 65 45 68 205 143 88 254 158 157 161 108 172 7 203
    142 54 71 145 4 192 180 248 188 1 46 75 15 116 232 56 173 132 142
    126 105 93 162 132 170 167 7 40 103 108 151 249 209 100 0 235 0 65
    120 142 174 27 184 244 122 36 223 171 144 141 39 25 95 241 100 68 81
    182 14 60 75 43 86 161 103 209 205 41 150 111 209 38 139 26 201 112
    22 75 248 130 178 47 133 90 119 169 116 182 166 19 40 146 243 39 242
    139 239 139 112 231 197 33 9 16 126 214 83 48 23 236 199 55 4 77 162
    14 166 10 51 96 178 118 39 252 11 189 136 31 174 77 172 62 201 152
    43 225 192 34 7 54 90 152 81 70 215 11 165 47 70 16 32 38 65 100 249
    226 241 141 122 24 184 138 22 156 83 92 139 75 143 48 239 143 140
    232 145 227 14 148 168 182 198 228 246 47 81 11 248 39 27 210 130
    235 133 214 195 205 10 220 183 76 2 33 69 183 43 44 90 62 146 179
    231 134 206 68 227 188 55 55 0 70 207 92 16 103 182 55 90 253 234
    237 204 50 84 234 70 110 217 189 82 247 152 86 253 3 230 142 159 159
    195 239 246 238 17 223 36 88 39 173 157 248 203 99 49 106 168 181
    144 103 122 52 57 221 108 15 251 65 184 143 223 236 112 82 147 147
    66 194 229 107 202 94 114 94 93 29 119 87 37 75 123 40 11 75 204 237
    58 166 246 145 60 182 201 20 140 103 169 87 177 189 69 31 212 172
    165 172 78 10 206 214 9 208 165 210 36 101 113 20 62 169 171 54 56
    128 60 79 137 127 190 128 27 49 80 26 75 200 156 196 106 7 142 91
    210 216 40 194 194 240 231 133 202 18 48 217 2 179 180 228 34 29 99
    160 177 247 72 145 148 218 185 236 229 110 24 214 3 141 192 215 99
    89 103 79 84 187 47 202 7 149 250 33 183 212 52 116 85 62 79 186 88
    66 206 11 103 133 9 130 159 199 193 106 24 181 254 193 79 131 105 76
    65 118 118 94 70 228 115 220 253 34 162 198 212 15 231 255 236 218
    239 95 107 5 67 249 103 180 19 2 51 134 152 210 105 145 107 166 29
    48 126 102 219 129 13 94 223 98 7 102 56 121 155 143 66 207 171 51
    212 202 92 242 85 36 87 214 104 49 101 70 161 163 128 154 74 29 48
    73 214 162 61 242 227 217 3 246 127 252 45 139 42 159 66 82 105 120
    116 92 131 55 185 80 50 141 152 178 138 68 37 118 207 12 28 66 93
    232 142 143 133 149 111 102 1 67 31 86 250 118 182 76 176 239 44 90
    183 46 38 173 74 116 9 166 135 5 117 26 126 177 240 14 80 147 180
    129 21 144 50 181 37 204 163 236 145 33 41 91 74 168 190 23 205 155
    35 27 37 241 29 219 163 241 216 109 29 188 131 99 27 237 140 162 53
    246 87 187 85 226 81 226 245 79 80 66 138 59 209 134 69 234 118 197
    5 233 244 180 205 32 101 183 6 159 143 159 217 232 108 106 155 167
    110 102 154 88 124 153 62 147 89 118 60 49 137 36 209 52 238 43 194
    214 151 112 92 13 83 18 145 18 60 172 34 203 250 16 187 236 188 58
    97 185 105 213 86 81 166 8 135 178 16 203 88 113 77 35 14 234 109 61
    17 82 124 51 56 120 88 252 51 137 167 25 218 68 219 234 149 165 183
    50 87 168 158 251 159 175 227 21 174 89 240 27 111 200 29 193 43 131
    21 6 228 107 106 57 160 187 227 216 43 132 129 238 100 28 19 104 23
    78 158 56 95 58 247 82 57 101 131 117 182 10 194 216 247 47 119 230
    162 10 47 0 74 151 77 160 215 36 237 47 18 113 222 136 75 250 81 208
    40 41 45 156 205 18 137 59 106 110 133 37 31 214 186 38 135 231 29
    162 170 214 123 205 2 61 229 11 2 1 77 216 50 213 108 117 143 209
    192 101 85 254 161 22 38 203 69 217 125 42 150 94 234 104 192 35 218
    123 101 45 178 170 195 24 167 225 216 154 158 20 217 83 13 90 126
    242 87 154 68 104 139 30 237 200 43 57 100 29 91 82 114 100 249 198
    53 171 128 175 186 12 58 216 175 135 38 225 26 192 184 111 12 162 60
    32 66 156 83 162 244 88 50 48 72 6 211 59 6 204 32 108 101 136 171
    39 127 238 39 180 167 108 131 90 23 30 243 143 132 204 144 171 211
    50 210 114 96 86 41 86 35 143 252 10 141 129 98 142 147 249 76 44
    146 71 197 220 143 203 69 34 225 7 185 202 108 107 225 130 208 103
    130 29 77 70 88 32 22 41 51 104 51 163 170 102 178 117 95 246 195 40
    155 84 113 123 185 45 210 199 213 174 31 6 165 73 9 158 251 228 98
    193 146 35 111 231 174 137 142 241 36 163 14 225 80 48 195 99 215
    186 60 159 213 59 71 88 223 247 192 170 91 201 224 168 58 70 160 225
    251 191 116 231 145 178 93 114 236 117 216 253 130 245 9 180 202 105
    123 51 213 121 7 36 24 111 191 209 189 200 72 243 66 81 97 240 19
    114 98 225 104 153 188 67 255 98 216 239 49 245 44 179 219 137 55 26
    120 254 31 67 12 164 156 247 211 169 154 127 129 73 193 238 252 46
    118 157 252 166 83 114 93 116 141 161 55 219 70 45 48 222 188 2 50
    24 5 127 188 236 131 85 45 86 36 57 165 190 190 104 250 154 49 213
    234 115 247 59 246 220 208 14 0 85 76 68 48 83 56 41 109 171 105 159
    167 158 55 7 69 158 53 56 223 136 71 192 249 113 28 26 80 167 235 3
    164 126 234 14 0 161 75 82 41 38 174 35 5 253 115 41 211 91 53 184
    239 207 183 253 175 217 9 101 170 17 171 209 9 254 83 195 173 10 14
    36 24 13 170 204 175 82 147 93 140 81 67 72 7 55 92 231 203 246 173
    75 112 195 139 127 140 54 253 233 137 63 31 152 8 179 104 68 104 6
    207 139 187 213 126 27 140 214 51 104 95 51 28 165 159 195 100 108
    203 84 211 255 43 69 29 167 205 102 141 126 223 6 200 38 15 211 17
    18 121 108 157 55 145 197 101 8 1 17 254 251 185 184 227 71 182 71
    56 129 234 150 110 11 116 231 146 135 94 221 224 123 126 225 253 217
    162 11 65 184 150 6 76 250 107 230 26 207 26 1 53 205 250 111 186
    193 68 54 26 48 247 254 154 250 71 200 21 240 221 123 202 209 229
    217 2 252 238 43 43 53 149 234 159 25 147 197 48 30 67 212 85 42 179
    236 51 26 31 25 171 235 109 194 111 175 223 217 232 103 112 116 90
    107 241 41 227 184 1 12 129 68 26 179 55 52 232 6 68 26 122 224 14
    251 91 90 226 22 206 75 162 197 35 146 138 201 51 103 48 20 163 229
    201 18 17 229 97 78 20 195 207 212 26 153 124 86 117 255 214 59 3 88
    217 4 167 177 74 8 38 70 107 186 44 217 181 223 49 148 176 214 153
    75 51 117 13 87 20 13 182 35 79 214 129 184 95 32 5 211 167 119 4
    236 200 120 44 249 34 212 136 76 174 54 96 253 149 237 240 105 126
    216 168 20 92 208 14 216 221 102 212 165 182 84 250 215 47 132 34 8
    16 83 120 139 82 226 165 243 60 166 109 84 173 185 154 168 114 72 75
    7 162 141 130 77 220 234 207 85 234 234 63 249 6 86 36 71 247 80 221
    193 115 127 186 162 100 218 221 251 57 42 136 222 212 249 233 233
    201 192 183 81 243 215 6 77 23 167 210 131 149 31 51 78 135 144 181
    112 180 189 9 67 84 209 85 223 99 178 251 13 45 176 192 136 236 147
    74 220 54 146 206 253 252 98 133 237 131 71 160 78 186 123 123 117
    104 128 176 70 195 242 17 208 203 97 30 252 4 59 187 27 233 181 154
    215 20 117 159 215 125 145 128 23 247 226 35 90 83 193 191 159 209
    187 22 184 112 122 221 70 35 179 19 191 230 162 96 87 75 180 169 104
    83 76 138 18 40 101 214 202 181 252 80 140 76 201 32 26 255 115 229
    100 37 96 233 89 81 84 62 166 133 246 41 40 136 155 233 239 254 67
    176 227 229 151 85 195 71 160 59 209 142 0 52 50 112 129 22 144 34
    45 46 224 0 100 89 52 209 37 142 18 75 220 95 171 185 232 98 180 134
    238 146 111 208 158 225 95 133 155 156 0 170 209 247 16 20 204 48
    201 113 251 51 100 245 155 44 32 183 1 132 156 168 4 14 253 66 201
    119 203 112 159 36 178 138 246 244 160 199 149 158 13 42 248 43 28 9
    240 58 234 122 109 169 29 243 172 106 64 172 54 174 225 111 241 189
    130 123 1 243 92 5 1 30 159 100 102 238 67 214 34 209 133 128 227 45
    63 252 30 9 181 248 194 158 150 252 46 47 50 16 98 22 119 43 39 102
    33 66 84 51 142 149 11 56 52 23 2 59 114 29 51 105 70 223 168 200
    137 91 46 77 214 213 129 242 77 33 70 233 238 230 186 240 16 194 98
    245 119 111 72 242 226 205 44 30 95 154 238 6 221 164 168 173 148
    196 115 177 45 73 93 28 86 89 24 117 46 36 43 101 162 200 139 139 34
    84 5 52 20 103 110 67 185 205 138 68 87 58 229 116 94 92 100 28 211
    247 32 40 104 136 149 209 199 107 25 124 204 235 225 198 165 116 142
    66 106 120 35 254 242 45 148 55 39 171 141 46 1 20 55 183 183 239 70
    134 246 218 44 165 61 167 45 129 113 121 164 147 163 167 118 55 156
    121 191 197 38 194 174 8 235 187 4 67 161 170 27 98 109 27 173 190
    81 81 84 27 26 105 147 224 29 156 77 239 27 185 80 185 248 27 112 18
    146 21 238 232 133 121 115 252 203 127 28 38 189 222 75 146 241 213
    145 27 118 71 155 37 108 135 121 133 53 203 41 78 206 54 177 18 110
    165 155 155 59 78 64 157 17 47 46 2 29 165 173 151 240 241 226 207
    189 9 147 127 9 204 156 31 84 123 244 72 194 6 146 61 113 49 206 192
    183 86 176 35 97 165 108 240 255 162 173 53 236 194 182 76 159 97
    166 120 178 88 197 102 37 91 207 13 178 126 28 100 159 20 78 153 176
    175 59 171 96 134 63 22 226 151 30 39 63 97 31 194 66 124 69 212 155
    215 64 106 167 60 230 62 117 19 149 154 82 159 34 15 139 160 11 54
    38 80 108 212 199 120 252 236 64 51 136 51 82 3 179 49 79 139 109
    158 149 183 201 141 6 36 44 171 147 63 160 248 185 121 2 98 112 25
    203 230 210 248 95 176 29 212 116 140 8 37 195 160 227 126 29 36 246
    151 250 142 195 149 29 87 208 108 181 37 49 235 212 61 144 58 229 62
    201 140 255 63 84 222 225 237 80 148 136 248 30 113 14 109 157 222
    178 175 118 103 119 83 66 117 23 224 123 113 113 239 221 53 228 39
    31 193 82 17 253 124 58 99 9 46 174 105 55 130 11 233 126 66 210 71
    15 45 236 108 136 8 253 122 57 177 70 235 87 139 150 211 128 211 83
    242 228 253 190 187 45 76 190 119 90 227 6 82 120 175 116 117 93 62
    125 116 198 133 203 222 9 248 94 149 57 127 228 41 172 255 255 23
    104 59 211 163 7 123 23 140 47 181 20 59 255 175 74 247 111 45 6 28
    226 72 238 33 53 43 73 116 113 108 131 241 67 156 164 218 114 33 140
    121 238 254 123 111 53 216 221 16 174 170 109 108 94 11 119 70 244
    225 82 15 26 245 254 229 59 183 0 37 120 233 111 215 175 97 18 138
    229 63 121 227 132 12 177 221 229 81 211 241 104 42 66 1 246 119 20
    189 118 58 243 35 2 144 128 225 122 237 16 10 39 214 49 108 164 86
    31 5 253 223 1 237 130 55 236 55 56 241 131 7 187 194 114 36 93 154
    24 233 158 49 227 214 241 150 251 104 135 101 227 210 7 229 43 87 45
    41 130 82 40 30 157 157 103 43 167 102 225 194 128 183 176 252 78 71
    88 27 16 182 65 70 2 151 109 144 205 185 76 99 36 118 90 106 179 115
    95 118 217 181 167 209 216 204 16 119 252 233 85 154 124 89 81 105
    94 228 245 77 32 40 46 204 39 116 203 254 190 227 117 197 150 142
    131 96 228 172 172 203 192 68 78 133 71 165 102 42 54 190 170 79 227
    63 162 108 249 105 41 235 146 130 56 233 136 232 171 108 240 42 68
    149 253 238 181 171 0 44 137 137 185 123 226 229 209 80 151 192 177
    78 133 68 244 203 244 202 20 111 237 107 31 121 246 131 1 117 193
    183 21 103 4 65 222 14 101 166 197 203 96 140 87 62 107 137 238 155
    213 254 62 12 121 4 163 124 214 6 192 70 7 207 171 125 134 86 26 89
    177 193 84 63 176 151 45 185 223 198 42 239 132 6 7 143 222 245 51
    176 12 173 112 22 156 93 36 84 37 178 197 152 161 84 80 108 159 233
    161 171 222 64 213 64 61 188 123 173 201 149 130 74 198 103 184 165
    205 147 80 107 8 186 116 242 215 253 136 140 36 44 138 34 102 39 155
    13 29 100 228 43 191 204 247 209 161 251 108 157 217 34 204 251 247
    213 130 43 15 251 207 47 230 32 140 196 95 156 224 235 42 134 126 85
    168 122 229 221 191 127 165 171 154 26 12 4 232 107 27 57 97 169 209
    39 42 213 240 128 186 137 202 119 235 138 251 146 202 44 139 80 60
    241 255 59 37 101 40 30 87 15 251 194 253 215 100 224 245 196 205
    191 112 177 24 187 5 19 36 192 140 236 108 176 27 231 129 148 69 172
    44 188 0 7 91 109 174 36 189 232 73 251 111 61 249 231 52 37 125 12
    161 115 5 75 246 26 169 130 253 10 82 187 42 113 107 86 242 133 241
    43 245 76 151 216 196 155 147 107 60 21 69 80 48 170 254 155 128 2
    106 67 228 237 224 213 127 218 67 3 132 129 205 250 201 165 195 7
    236 99 109 110 250 159 133 220 52 62 177 67 53 151 158 180 35 222 90
    50 193 145 55 93 148 211 220 40 184 105 67 202 78 84 108 100 77 216
    42 228 48 9 167 175 59 236 37 21 69 90 176 114 15 47 73 209 205 224
    246 5 147 198 249 105 149 62 130 7 168 70 185 206 37 195 47 228 118
    154 230 8 177 111 14 183 190 105 242 184 254 234 161 191 145 9 14
    178 76 193 194 238 147 160 185 130 76 232 13 184 200 168 216 218 122
    251 110 81 66 20 212 0 4 254 83 71 75 32 77 168 69 75 32 70 18 3 142
    59 179 186 42 180 244 213 171 35 157 184 53 142 125 57 184 253 246
    214 23 239 203 209 162 187 138 254 76 124 74 128 91 171 131 254 238
    206 53 172 42 178 128 252 248 247 65 209 164 201 91 234 209 4 216
    240 194 245 254 124 149 134 74 207 0 210 213 218 233 185 147 179 210
    176 54 113 34 177 85 52 226 20 0 36 195 47 114 182 203 68 212 20 226
    251 197 45 197 7 245 90 35 158 113 61 98 155 104 129 193 63 224 234
    223 129 102 11 135 181 222 247 185 108 45 78 200 233 181 136 144 214
    138 68 194 37 104 48 31 248 224 167 37 143 79 213 31 104 93 206 252
    241 100 165 137 125 167 244 154 160 48 145 127 169 38 29 175 202 26
    98 212 67 195 182 45 225 41 23 58 157 4 205 172 224 183 194 123 134
    52 104 10 42 38 95 233 49 66 231 7 150 126 254 97 244 240 120 189
    179 147 250 54 123 17 177 133 211 155 66 93 121 82 110 169 39 162
    106 38 30 62 197 16 93 215 92 109 214 155 15 85 38 221 150 111 51
    132 64 66 135 170 103 230 217 197 118 22 83 31 251 150 212 241 33 54
    214 22 109 179 237 239 63 85 164 33 153 95 141 200 4 110 196 96 37
    117 174 115 205 34 15 6 46 73 173 175 148 207 67 120 72 182 179 11
    31 111 218 4 141 82 123 21 202 143 37 117 133 133 157 65 14 11 30
    160 11 177 133 103 122 235 169 147 58 134 28 2 84 216 124 228 38 23
    65 211 43 30 106 204 218 43 64 231 240 110 86 154 29 146 150 33 150
    222 47 45 117 226 110 126 118 167 132 16 49 230 149 242 45 138 243
    159 126 20 67 242 152 15 169 29 6 92 247 138 108 9 125 168 0 44 221
    103 21 145 10 14 15 196 103 19 43 44 46 184 167 174 72 166 237 188
    20 16 172 157 113 93 17 191 85 19 133 61 9 194 223 176 161 53 166 36
    193 234 94 139 147 229 134 7 112 70 96 228 226 155 220 3 28 77 250
    160 228 130 59 51 123 159 39 182 18 34 44 9 108 199 247 239 162 148
    69 238 84 232 195 163 147 246 57 156 97 208 153 57 93 124 245 146
    163 23 109 151 28 41 6 98 108 156 222 6 124 29 210 216 209 117 201
    33 81 169 30 131 243 119 95 62 202 211 16 199 183 81 193 83 121 141
    57 45 222 85 244 95 98 40 61 154 67 239 43 234 117 177 76 130 195
    184 126 166 208 47 190 96 182 74 143 57 169 127 23 186 130 104 177
    181 134 50 203 16 110 165 164 43 191 1 195 182 31 61 158 45 153 138
    172 189 199 43 58 162 225 199 26 27 71 87 7 48 124 133 203 19 200 43
    169 162 222 29 244 95 165 45 116 46 148 214 215 46 144 170 225 167
    188 10 163 122 15 78 149 62 142 41 162 99 31 172 9 161 235 121 47
    204 154 226 254 154 205 244 124 89 56 35 77 62 182 61 49 133 80 242
    253 250 141 21 121 165 216 134 39 35 34 18 79 184 73 218 142 79 46
    254 175 124 50 206 163 88 189 193 90 118 189 74 239 211 48 60 136
    192 40 52 237 81 226 39 251 62 109 8 76 166 17 98 32 206 223 60 162
    206 109 6 164 154 24 188 23 110 91 209 135 154 52 159 107 107 255 0
    153 202 123 68 36 187 205 160 161 28 173 7 108 127 99 222 134 88 47
    45 50 187 182 131 216 179 166 124 181 48 241 87 139 65 173 130 254
    189 153 57 156 216 180 4 69 253 19 197 220 239 68 158 28 156 179 189
    167 229 192 2 89 133 102 184 125 45 37 229 161 23 159 80 40 240 45
    83 204 238 176 43 27 81 31 214 213 212 153 193 111 10 95 149 70 75
    205 107 5 17 52 129 88 43 98 159 185 39 139 152 9 169 225 94 24 169
    82 222 238 252 136 223 117 11 83 91 202 191 59 177 194 171 197 66
    165 127 192 237 80 210 60 61 34 129 242 17 187 70 41 110 6 115 99
    229 135 19 171 244 235 27 230 43 219 71 224 39 55 73 3 76 97 70 165
    176 238 67 65 100 125 138 175 26 138 204 100 123 19 5 224 236 110
    191 11 2 252 175 66 49 250 54 169 39 184 160 41 228 110 46 133 246
    129 44 123 252 42 175 210 89 191 236 35 188 192 115 16 224 121 40 25
    80 152 202 176 226 83 230 84 162 182 125 163 30 239 187 52 73 53 188
    67 38 110 15 118 160 24 60 193 109 4 187 75 169 99 57 178 54 44 207
    175 186 85 78 218 24 130 120 197 184 77 158 104 69 212 2 110 107 60
    161 222 18 184 172 253 10 121 63 72 91 186 189 205 98 217 238 178
    165 33 6 146 10 208 94 224 252 22 56 222 132 193 171 0 51 247 132
    201 253 238 253 136 10 226 4 57 103 157 232 242 66 212 152 45 72 78
    217 249 176 62 178 251 216 227 204 162 104 109 88 222 49 74 58 44
    175 144 163 214 42 191 75 241 23 79 92 67 21 28 215 252 55 82 192
    146 27 121 6 148 206 209 9 205 58 200 193 143 65 136 26 203 208 199
    32 61 58 60 177 129 141 172 195 216 164 19 214 175 148 107 132 47
    133 92 181 148 98 24 172 188 158 93 121 108 35 49 201 252 228 226
    169 22 209 135 158 64 139 81 32 207 3 132 170 142 50 233 77 177 255
    244 223 107 163 143 46 209 142 80 22 215 20 246 208 53 134 56 210
    168 222 200 59 209 121 38 91 109 250 4 29 0 199 64 160 13 200 160
    100 58 70 62 138 144 216 113 85 119 180 176 174 132 131 213 44 13
    159 21 57 206 46 7 127 136 146 110 9 145 186 162 107 122 208 85 141
    48 158 95 155 162 222 198 2 55 114 102 84 215 18 102 80 232 5 7 218
    137 189 157 189 38 44 153 152 70 46 72 151 60 12 235 153 118 16 97
    158 218 22 116 171 159 113 154 0 64 215 92 100 208 236 51 204 82 122
    30 55 101 90 177 64 69 195 48 105 240 35 34 28 61 128 76 11 124 163
    223 200 69 63 110 187 209 138 139 33 26 117 82 157 208 29 111 42 185
    111 157 15 223 14 8 94 186 51 22 138 8 10 212 64 79 47 9 70 17 221
    245 180 217 114 49 73 38 100 58 38 59 162 86 207 123 47 182 211 127
    175 206 89 179 225 126 117 157 128 96 242 117 191 20 250 174 57 174
    43 33 144 112 201 241 252 156 0 172 0 153 54 161 198 40 24 183 194
    248 196 243 219 122 47 139 82 170 165 28 193 210 124 16 100 115 167
    219 43 47 195 171 166 19 115 73 170 147 129 171 105 45 58 29 100 95
    252 46 134 254 178 228 237 225 245 199 90 129 18 245 64 145 204 129
    45 8 144 218 7 9 187 85 50 181 118 130 229 212 37 91 42 45 173 235
    116 57 244 82 20 57 216 23 163 24 226 72 25 94 152 87 174 107 43 255
    86 202 25 39 20 104 220 146 69 119 178 27 148 57 125 217 245 58 112
    146 78 54 97 204 111 68 255 14 240 96 241 114 75 154 133 63 181 83
    206 53 255 107 146 19 165 8 106 51 172 214 17 15 20 90 230 34 247 67
    94 11 26 248 151 9 116 225 77 110 253 66 20 82 33 55 236 9 237 221
    66 149 162 156 97 239 132 128 254 37 135 230 65 80 27 43 202 70 165
    214 9 4 88 146 164 229 91 71 152 228 170 68 160 103 174 139 82 122
    217 169 140 7 110 206 50 44 96 189 52 196 84 175 199 212 159 1 138
    204 133 174 123 152 220 150 101 90 23 139 80 165 4 32 65 117 173 193
    55 37 42 151 90 183 98 96 108 57 127 210 108 129 56 139 151 48 245
    143 11 129 136 53 137 119 138 214 170 36 67 68 132 111 174 39 156 89
    158 149 103 163 181 104 175 169 184 228 87 49 112 8 182 24 171 1 201
    31 54 168 138 34 125 12 148 204 82 180 222 138 225 212 254 34 204
    245 189 55 28 93 172 115 139 74 175 108 204 72 13 121 94 117 68 209
    75 199 148 13 112 236 68 143 79 10 220 252 133 50 244 148 40 46 2
    125 58 184 56 102 225 176 244 236 195 45 117 196 219 233 10 14 187
    252 67 56 249 60 7 229 14 120 179 46 0 211 249 51 138 170 164 190 98
    234 190 250 80 199 21 247 44 194 196 146 193 224 52 43 217 93 205
    248 239 129 157 157 11 14 124 132 11 106 211 219 209 96 114 153 247
    215 130 90 244 192 54 37 247 15 147 212 113 102 202 134 79 205 119 5
    73 5 58 28 88 217 147 148 193 183 218 210 244 212 45 146 241 196 168
    3 140 124 208 229 52 104 79 228 230 13 13 132 205 241 225 77 198 16
    214 4 183 100 25 53 243 70 170 250 217 125 97 181 22 219 243 236 240
    107 141 121 76 239 26 102 93 214 42 97 149 182 120 152 158 79 55 72
    190 231 175 113 26 254 70 213 201 137 174 239 254 177 98 75 21 156
    158 226 180 126 211 58 241 82 80 128 247 227 144 45 104 2 8 174 48
    245 5 105 129 253 159 231 169 144 223 171 42 89 224 93 75 220 63 181
    214 48 45 0 155 104 19 128 142 217 134 104 53 237 138 209 115 71 144
    6 139 187 195 213 177 121 190 224 118 191 89 170 82 72 134 164 172
    168 149 60 122 237 241 255 111 112 15 106 242 14 152 72 53 99 31 40
    14 167 7 189 230 71 65 43 213 248 66 40 198 10 53 55 217 214 1 73 83
    93 24 221 18 154 67 181 164 83 13 106 109 15 0 113 152 236 161 58
    157 15 206 207 221 180 148 246 220 154 166 135 204 61 166 229 120 74
    35 155 79 57 103 39 239 99 19 174 128 21 110 146 237 57 235 61 212
    208 232 201 61 89 17 236 23 156 254 191 242 63 227 140 154 70 87 73
    101 88 59 182 49 56 122 241 166 193 70 175 107 243 170 151 0 213 28
    66 143 123 146 185 154 109 206 21 142 176 76 139 246 47 93 49 105
    202 206 155 152 2 16 198 48 202 31 104 244 2 79 94 130 13 63 188 222
    177 33 91 26 126 71 35 224 47 84 151 39 125 35 98 42 255 32 182 149
    227 119 186 151 146 249 175 3 111 107 115 160 215 130 242 226 243
    203 146 188 185 16 123 151 226 24 170 142 235 24 199 252 86 245 150
    50 74 78 15 0 73 113 36 17 124 127 65 92 48 123 255 126 47 171 228
    236 45 206 217 210 131 162 8 178 6 55 227 253 171 234 69 208 31 70
    195 138 84 7 87 3 244 76 119 125 87 128 180 92 216 75 194 195 13 79
    249 12 136 207 86 181 68 110 178 134 56 154 49 246 7 227 249 130 32
    150 4 86 90 191 30 147 91 5 195 61 105 157 191 220 45 249 22 106 206
    107 101 199 34 102 57 129 221 194 118 18 178 173 177 47 25 62 210
    211 107 7 161 66 6 202 229 40 212 180 48 62 93 200 169 75 219 95 79
    64 182 165 111 61 98 172 152 233 154 0 82 194 244 81 219 133 121 29
    190 82 225 141 103 187 35 55 133 144 204 104 222 88 20 210 143 113
    107 103 245 118 5 221 8 22 204 193 103 249 201 128 145 68 157 7 206
    77 59 242 30 241 123 34 218 114 93 152 241 101 39 172 158 111 5 24
    58 65 51 57 7 49 203 98 52 112 22 128 192 203 221 10 70 169 234 210
    231 60 100 127 90 67 216 78 120 21 45 245 168 69 13 216 78 18 141
    100 97 59 75 94 36 100 71 189 236 15 208 224 6 234 232 128 214 175
    20 93 67 46 122 181 15 206 105 251 173 37 126 170 174 31 223 66 77
    242 29 231 122 243 170 21 71 237 249 239 24 179 1 72 37 208 240 179
    56 234 212 126 180 165 42 221 101 191 8 196 135 156 174 210 174 85
    172 204 233 244 252 21 179 76 104 114 2 183 27 43 79 74 74 207 223
    249 225 206 44 75 89 199 110 23 1 58 56 81 124 197 152 63 75 63 157
    152 113 56 191 62 120 6 25 86 179 112 219 30 186 47 178 136 98 4 29
    76 204 136 128 186 205 48 239 145 80 225 132 130 185 150 134 252 177
    121 163 183 190 28 226 195 150 111 200 236 33 234 216 70 82 181 191
    34 207 120 125 210 92 23 66 35 240 40 95 155 233 42 205 147 73 112
    157 251 23 248 220 159 195 103 58 252 46 28 107 124 69 236 253 187
    125 123 235 255 252 178 3 66 111 239 139 38 46 53 100 83 25 249 45
    206 106 31 37 171 136 206 158 61 24 0 129 11 240 98 188 215 169 126
    214 43 69 37 8 229 128 7 35 209 233 238 221 109 230 39 52 108 141
    180 155 113 219 229 135 22 188 163 66 150 45 84 9 37 232 115 179 238
    59 116 215 34 25 78 91 88 20 17 181 84 23 187 71 62 198 149 244 208
    185 84 152 167 89 136 222 80 225 207 215 159 237 187 156 34 151 163
    31 105 234 48 57 3 19 21 173 93 115 95 182 50 190 17 45 194 99 102
    142 162 68 6 209 65 199 189 244 111 191 40 191 192 217 68 203 239
    143 132 224 221 19 197 193 141 64 124 157 55 242 106 106 48 24 25 0
    3 118 87 144 195 26 227 104 78 236 45 246 112 95 21 125 214 123 7 18
    120 69 36 220 120 213 75 10 20 100 133 88 58 168 209 21 74 36 92 218
    229 138 0 221 64 80 214 177 176 33 119 105 41 7 114 167 91 168 149
    132 85 177 184 70 138 155 71 172 254 223 124 167 223 0 18 172 59 183
    85 144 38 5 150 175 236 171 42 128 14 202 127 27 47 97 220 67 170
    147 108 109 70 206 252 139 214 103 251 56 143 97 99 216 23 197 14
    164 148 114 74 185 209 163 186 56 43 57 193 224 65 183 63 113 108 33
    77 251 61 214 85 236 246 230 231 49 182 211 23 173 59 170 252 147 58
    104 18 50 156 233 205 120 247 174 84 39 94 190 230 20 58 144 231 27
    142 197 92 102 12 222 6 41 72 136 90 234 123 250 189 155 197 20 208
    60 91 153 170 99 105 209 85 254 52 187 210 192 105 136 14 111 234
    210 36 250 212 78 72 6 113 172 12 238 1 10 21 33 78 255 198 194 183
    181 199 20 205 223 252 199 59 162 6 90 182 164 114 235 187 136 67
    184 43 4 218 2 12 215 100 205 67 243 209 147 56 245 239 131 180 57
    84 27 175 253 215 182 9 242 27 188 255 114 54 33 22 193 195 101 131
    5 240 161 182 181 109 203 42 25 97 4 96 224 32 95 184 9 237 169 113
    240 139 78 231 203 9 120 199 79 64 188 39 73 189 23 119 218 212 159
    72 205 26 177 170 163 36 40 159 243 76 95 79 112 70 158 230 20 10
    244 89 48 143 252 157 127 215 71 235 242 80 153 162 235 153 0 228 59
    173 13 74 197 158 36 213 135 248 30 175 141 42 59 145 164 141 72 72
    96 59 205 41 201 160 178 226 12 46 40 97 228 157 41 38 254 81 2 175
    226 49 80 30 137 237 191 18 36 116 119 62 1 8 159 41 29 227 32 77 32
    116 156 223 50 222 175 27 118 242 240 14 219 84 16 217 131 31 214
    227 80 117 71 48 126 93 200 192 213 142 206 68 200 201 170 202 162
    93 165 161 61 240 16 3 83 50 84 127 84 59 38 86 3 229 148 155 84 121
    168 63 248 252 10 118 80 194 4 155 143 102 124 169 248 76 9 22 58
    100 131 74 165 207 136 168 179 167 129 183 4 10 102 159 132 250 202
    184 163 38 221 215 127 239 227 17 84 40 26 162 79 77 163 208 77 12
    233 120 206 29 33 66 24 136 195 190 139 13 77 15 49 240 112 27 235
    195 49 98 70 188 38 14 196 242 196 12 14 79 136 85 34 117 185 30 140
    243 217 1 120 236 241 8 250 61 57 91 215 173 102 44 209 249 155 217
    4 12 49 239 188 255 144 247 151 110 198 181 26 123 191 69 79 26 193
    241 114 88 203 99 253 119 162 167 55 58 200 96 57 113 109 116 87 102
    240 81 15 126 71 19 151 230 176 67 18 111 240 39 207 110 106 145 78
    48 174 202 215 41 177 71 121 181 141 168 152 66 3 137 210 101 188
    227 134 69 71 196 87 111 124 3 58 163 169 174 25 55 103 203 107 103
    221 76 166 197 55 128 229 110 0 82 191 170 151 253 184 65 122 235 7
    113 98 220 32 221 159 42 60 242 87 189 100 22 54 78 119 160 253 18
    233 12 23 228 80 3 166 202 139 223 162 75 229 124 135 96 217 242 74
    8 40 143 217 167 121 184 190 179 226 81 85 7 3 221 234 12 71 67 126
    167 172 206 242 193 195 96 40 152 158 110 15 3 183 54 208 242 74 157
    75 195 18 151 115 47 62 120 191 232 147 102 64 248 99 248 14 34 33
    216 188 23 199 35 27 62 206 44 227 152 105 21 31 166 143 95 151 19
    63 71 38 251 221 163 140 64 60 34 203 71 172 196 136 39 166 194 88
    187 246 20 238 129 127 83 158 83 32 48 185 144 115 86 206 109 173 21
    34 80 196 211 196 167 11 238 133 246 235 196 174 75 30 91 222 151 58
    53 178 177 2 133 22 184 62 155 31 62 9 112 10 157 142 219 48 11 179
    241 105 149 182 89 58 213 33 132 166 217 12 63 126 48 167 78 83 174
    110 246 202 88 111 8 88 211 93 220 30 62 59 47 65 124 105 240 145 19
    248 232 0 142 18 59 35 142 141 79 90 176 100 245 210 133 108 105 194
    189 161 98 182 171 172 111 230 50 149 20 7 220 103 67 67 239 211 205
    103 143 168 10 152 181 251 115 119 206 204 217 97 165 153 61 119 78
    8 81 129 46 176 51 114 208 48 223 219 179 177 134 216 68 210 62 132
    184 155 120 230 129 215 115 183 188 53 26 215 152 114 247 148 169
    232 249 198 36 11 200 244 70 185 238 74 117 181 145 148 203 38 82
    111 13 246 60 226 95 201 174 250 153 173 119 212 13 88 141 120 85 3
    206 111 11 199 39 168 156 73 167 3 195 95 116 182 130 29 28 158 18
    87 110 240 96 191 187 134 69 6 30 224 107 43 59 67 89 167 195 178 28
    236 116 77 133 218 29 38 171 106 131 242 118 167 109 88 27 136 64 77
    123 225 140 245 108 4 226 2 82 55 59 41 58 138 174 146 97 103 135
    150 101 244 96 53 167 12 32 35 203 55 1 221 169 109 164 159 115 138
    187 93 244 178 249 68 18 61 230 6 51 82 237 8 124 175 76 201 84 236
    7 221 7 217 147 254 173 150 195 37 225 12 90 192 128 87 125 158 13
    200 194 236 111 130 220 255 170 86 246 203 64 25 22 55 253 224 41
    175 24 173 82 181 247 251 238 144 212 89 100 14 66 229 95 102 221 65
    154 126 238 72 40 74 11 172 29 119 175 92 79 103 227 136 132 132 39
    152 40 106 4 59 135 146 157 118 8 210 69 162 237 80 241 57 176 161
    103 181 19 128 19 172 15 169 224 223 7 231 181 105 243 205 68 245
    246 104 164 173 241 157 100 111 188 162 179 65 53 29 60 161 88 237
    101 83 231 117 198 241 76 84 17 78 144 206 110 9 194 223 89 217 154
    113 238 72 252 223 233 6 203 64 126 60 37 80 166 208 175 185 65 67
    32 181 197 15 84 198 220 230 128 170 73 163 198 50 47 179 53 89 140
    45 50 18 200 7 137 73 83 195 57 153 243 174 134 19 53 180 77 227 64
    216 179 177 34 193 210 145 212 234 155 86 169 110 123 101 248 42 49
    250 134 73 250 254 192 69 205 154 247 146 127 143 160 114 183 249
    136 120 5 115 28 217 114 247 180 22 224 17 90 6 201 65 147 144 202
    32 209 134 202 217 193 113 71 153 61 52 121 103 119 203 149 113 29 1
    41 28 12 127 80 193 136 76 137 173 252 109 227 48 233 185 182 181
    136 203 199 106 174 141 49 246 114 208 23 157 37 49 85 3 4 50 198
    155 5 219 76 237 175 15 253 82 187 127 33 101 226 1 51 207 239 246
    103 154 223 201 75 82 64 18 163 209 141 66 251 13 108 2 138 122 239
    186 118 110 13 196 146 58 142 14 222 77 64 42 12 72 95 204 18 54 130
    88 3 251 155 84 201 5 187 163 35 3 14 47 87 96 37 142 23 162 193 44
    107 161 191 86 44 89 164 11 208 158 218 232 117 188 110 68 78 13 205
    25 88 231 181 102 197 25 63 163 79 215 130 90 188 130 30 69 36 249
    200 35 78 83 21 145 180 248 241 28 28 232 157 213 197 120 227 195 13
    196 55 254 68 141 38 20 168 200 99 76 179 36 97 199 124 60 29 21 112
    202 99 229 85 197 56 243 187 12 228 58 138 8 181 179 161 52 113 10
    163 48 169 201 64 48 168 56 69 120 136 228 191 87 195 91 248 20 46
    158 68 175 236 193 129 243 37 182 25 180 114 107 174 145 233 200 16
    180 121 254 245 60 39 148 104 9 43 69 23 72 148 248 92 135 103 86 23
    16 21 202 239 53 126 155 73 249 144 115 81 188 208 59 12 189 250 78
    105 12 220 108 128 140 210 107 74 29 159 159 135 109 79 18 143 38
    120 197 82 73 141 68 133 221 138 139 132 238 75 197 233 112 1 44 46
    237 97 135 143 88 138 65 212 37 32 230 121 182 156 90 80 11 159 35
    133 161 36 134 19 163 42 34 32 107 124 222 240 82 75 76 216 171 211
    220 214 26 221 79 91 138 209 96 221 144 135 82 176 22 151 194 128
    182 4 109 113 45 245 186 140 8 173 46 40 72 208 44 124 120 37 251 86
    135 7 63 118 7 86 241 244 210 103 21 76 178 181 48 42 60 130 192 236
    171 236 143 7 208 124 207 191 190 156 228 249 153 24 78 136 194 120
    138 190 92 37 7 42 95 92 35 114 236 172 60 14 144 137 0 162 149 93
    118 147 218 68 229 226 81 238 177 251 16 235 17 158 168 15 157 103
    216 19 209 252 87 29 121 65 226 238 165 218 99 69 248 174 181 225
    235 167 20 166 182 84 115 79 30 211 26 126 91 63 30 158 118 224 92
    25 154 218 204 14 34 89 8 225 60 191 131 242 205 122 21 118 131 192
    242 166 13 58 173 32 85 204 78 199 212 193 179 2 186 61 108 115 82
    38 126 193 74 165 218 165 234 48 78 33 61 72 99 228 229 103 31 80
    183 88 59 141 134 127 91 226 107 67 210 244 206 178 30 251 209 245
    114 44 23 88 128 27 134 181 215 213 203 13 69 92 152 245 90 43 254
    29 105 232 255 63 65 86 204 125 108 67 101 95 187 127 152 148 114 6
    225 186 53 221 110 232 253 102 35 113 98 208 221 109 21 89 20 184
    200 175 243 189 85 128 56 93 17 253 243 34 245 70 250 209 75 137 103
    237 126 208 54 141 64 244 253 251 153 91 16 178 148 40 19 255 110
    193 136 104 1 208 144 25 134 224 181 141 68 53 179 8 191 168 192 41
    136 55 57 186 89 189 170 249 101 90 97 77 252 207 184 180 79 12 180
    33 248 208 123 48 246 213 92 148 70 113 236 216 64 42 35 41 88 42
    209 108 240 239 23 247 247 193 78 222 146 119 123 23 255 120 145 94
    68 195 255 216 65 68 241 171 152 77 62 155 244 28 149 39 24 73 156
    76 255 99 169 209 222 227 84 160 87 195 97 6 17 54 63 4 110 249 191
    104 223 145 37 75 29 217 85 202 195 178 82 233 89 168 142 194 69 225
    213 76 41 219 29 187 49 163 132 204 246 147 204 158 119 11 19 209
    196 248 115 60 86 187 181 24 72 228 84 227 147 238 70 187 186 177
    167 185 75 245 168 188 50 2 243 110 38 208 151 0 87 182 93 48 162
    251 40 73 190 60 174 192 148 170 255 49 12 102 56 232 250 174 26 207
    87 166 107 137 153 69 198 255 198 50 146 136 231 245 25 38 7 98 100
    87 159 30 128 72 176 145 184 70 30 210 42 196 22 31 228 66 215 198
    146 137 136 119 103 154 72 132 36 187 206 121 7 82 149 34 145 87 101
    134 65 182 10 151 77 181 56 95 163 162 190 110 204 230 202 86 72 1
    198 178 232 241 28 243 49 64 34 166 112 177 248 235 67 143 255 47 1
    219 178 194 73 102 120 209 89 179 6 95 60 237 165 115 128 125 35 141
    101 199 144 143 220 44 124 11 238 161 142 45 194 128 230 100 44 130
    183 224 54 98 46 201 79 34 254 32 122 163 185 77 79 237 124 94 53
    231 118 58 67 242 185 221 122 9 34 81 255 149 7 177 232 136 187 25
    186 63 8 164 0 119 177 144 57 65 4 48 41 86 186 86 105 59 64 141 250
    233 108 6 198 4 60 172 176 219 37 243 230 110 196 90 49 40 242 136
    206 73 20 179 142 11 212 21 82 92 90 240 6 36 148 146 228 198 68 154
    248 190 217 255 248 48 252 7 66 28 236 27 44 234 34 82 0 207 211 17
    57 63 249 219 199 29 128 211 117 11 206 191 197 44 94 35 181 7 120
    99 77 73 130 173 126 140 215 43 31 100 3 93 82 145 254 199 3 180 132
    207 234 82 121 99 120 171 159 174 90 68 138 100 122 100 81 17 232
    241 141 114 33 78 251 182 226 175 60 246 38 7 114 0 18 188 89 158
    221 225 24 156 43 109 66 255 255 165 195 197 209 166 30 60 162 215
    234 120 188 166 186 197 207 168 74 133 10 108 225 230 221 106 77 249
    23 47 160 241 236 117 225 50 189 224 203 188 202 225 185 207 209 48
    94 247 1 61 109 91 54 68 251 187 118 2 36 245 63 176 175 33 140 212
    61 151 122 251 186 224 101 89 61 188 133 85 191 197 184 208 208 81
    160 160 233 79 125 178 244 78 230 108 214 8 169 204 167 45 73 67 220
    202 18 184 220 141 146 194 243 102 57 2 67 37 137 195 86 134 105 194
    218 199 217 131 214 121 247 121 146 35 78 67 210 202 2 128 238 126
    125 175 253 101 177 171 159 217 206 42 24 91 220 230 57 211 64 16 4
    237 28 199 5 161 136 58 244 139 235 88 202 173 33 154 214 27 118 214
    162 162 129 204 84 133 202 228 218 233 116 55 8 72 131 251 21 230
    186 71 54 144 87 255 191 85 9 233 127 67 35 208 123 126 182 74 101
    52 37 144 74 101 5 10 146 78 95 163 8 61 193 12 22 66 139 157 121
    114 199 161 247 45 156 111 55 150 138 246 74 18 69 229 229 161 14
    202 92 144 220 26 52 108 5 195 141 28 89 199 31 203 170 45 155 180
    41 155 135 194 230 246 134 160 237 31 254 197 194 100 67 17 165 42
    86 56 82 9 52 237 131 127 114 85 184 200 10 205 243 18 47 38 235 237
    204 138 229 58 223 5 143 192 114 107 217 135 213 131 211 254 120 200
    101 13 10 61 36 111 212 43 121 29 84 82 161 151 246 97 100 14 186
    200 97 96 112 148 44 56 46 180 43 212 76 236 45 78 91 126 159 100 4
    249 76 40 190 178 221 224 48 1 159 184 149 14 138 88 135 240 186 122
    161 68 102 101 201 109 43 213 187 50 242 61 209 38 208 135 225 78
    165 14 41 94 8 101 93 77 8 33 255 27 26 4 187 237 161 77 112 233 65
    84 143 133 177 5 140 59 123 151 190 217 208 223 9 223 3 187 70 239
    167 65 27 121 171 233 148 29 216 165 179 92 229 151 254 68 174 122
    239 185 74 205 133 227 154 171 33 139 215 54 53 188 192 90 29 60 137
    242 255 190 191 198 204 18 76 222 19 151 44 27 173 252 103 187 153
    178 179 105 217 72 120 128 156 4 198 20 248 215 124 34 236 80 146 26
    129 232 135 74 184 74 188 193 180 48 206 77 180 227 13 223 14 132 88
    202 216 65 69 10 111 244 138 103 36 28 59 129 116 69 117 25 86 213
    77 77 90 128 100 7 63 92 172 56 101 40 20 161 166 164 56 22 229 9
    240 182 252 81 27 86 70 125 47 236 49 192 6 143 85 241 173 219 128
    64 188 31 150 235 210 190 243 111 8 110 114 236 119 61 141 189 224
    209 219 83 99 149 175 166 185 213 79 102 164 66 239 80 174 178 176
    89 140 23 78 173 191 113 149 186 137 222 226 194 129 165 145 137 217
    98 108 34 224 239 67 83 128 132 236 175 79 27 185 66 182 77 212 27
    239 66 214 224 161 153 14 192 215 127 161 198 31 214 229 174 165 252
    6 49 26 163 46 76 116 85 214 133 124 61 215 206 38 33 124 20 10 184
    152 142 250 96 118 175 205 184 237 57 248 158 89 238 160 192 46 143
    132 60 211 250 169 39 252 203 63 165 1 233 218 153 71 53 38 154 228
    179 195 69 143 97 205 34 2 249 151 150 152 20 121 0 211 24 34 187 44
    251 80 3 142 49 151 151 21 31 59 41 174 86 127 10 105 40 76 180 120
    36 159 50 84 64 176 109 92 179 133 215 184 124 151 205 57 234 108 95
    222 217 57 124 76 128 174 67 83 52 153 203 168 242 70 189 184 70 99
    17 243 131 13 113 41 155 55 150 125 0 229 179 254 107 144 94 89 213
    91 221 56 19 178 61 27 46 211 23 94 7 141 85 134 30 152 216 44 209
    174 239 132 46 149 227 138 144 185 207 54 226 203 254 41 235 42 145
    126 164 201 210 117 172 68 78 24 132 146 50 48 89 156 176 118 129
    115 0 208 225 224 134 36 68 188 78 175 213 91 9 164 230 163 75 162
    182 7 2 92 74 37 59 52 117 210 41 32 117 178 118 195 47 178 161 235
    139 133 85 219 255 244 175 13 60 87 16 188 72 117 105 79 25 210 143
    53 69 179 6 239 87 70 130 23 48 17 125 203 44 66 36 34 223 36 41 9
    243 65 218 128 225 172 182 27 61 27 80 186 137 123 140 40 136 138
    165 188 63 35 212 97 98 209 90 71 7 207 128 190 17 113 2 65 159 241
    188 127 127 99 253 203 242 170 127 245 29 62 118 61 34 27 215 111 97
    249 220 102 71 84 101 60 137 73 197 116 76 248 108 230 238 31 55 80
    204 231 132 190 128 53 210 207 247 131 38 76 156 197 217 105 224 54
    41 101 186 241 153 203 180 88 93 139 219 158 174 132 96 213 74 125
    242 121 186 216 12 222 126 128 87 160 241 43 113 160 117 98 53 236
    15 116 137 13 125 137 255 171 97 56 10 133 104 218 220 164 170 151
    177 217 90 112 75 209 93 35 165 2 3 64 248 141 10 75 193 55 107 113
    179 158 3 222 68 95 140 246 45 127 89 19 250 102 213 48 123 49 114 9
    249 82 56 12 107 127 185 238 37 242 179 30 227 147 69 32 156 124 139
    149 247 150 82 178 139 146 104 231 253 163 226 223 27 217 238 183 79
    234 9 252 88 161 205 145 95 88 125 32 7 127 214 18 77 36 187 217 35
    167 144 121 210 68 9 141 191 33 138 237 249 20 55 145 79 190 226 64
    36 77 182 34 172 168 187 245 189 77 140 111 8 196 88 197 78 74 106
    115 37 236 115 53 61 20 224 79 91 234 108 13 53 51 188 198 25 85 55
    138 200 132 240 181 87 91 254 17 156 67 213 11 219 179 250 241 131
    193 22 221 169 0 157 225 51 43 95 63 142 94 193 43 86 126 132 143
    121 90 160 105 62 55 51 42 101 161 12 131 100 109 175 185 16 161 216
    98 155 102 191 121 163 72 39 142 248 111 204 252 183 136 42 71 187
    192 181 28 192 171 169 67 11 36 35 162 190 200 161 180 182 129 239
    178 70 231 119 135 143 110 221 16 141 81 246 138 161 102 54 105 171
    76 48 230 49 224 164 151 32 126 106 50 174 146 220 195 177 170 12
    205 16 75 254 31 110 41 189 86 249 108 129 107 248 70 150 157 178
    173 152 100 167 56 193 192 72 156 26 91 209 219 28 202 91 191 233
    246 203 170 132 13 91 193 159 116 228 156 132 32 167 240 13 123 186
    128 61 83 111 238 72 94 97 110 23 105 50 210 230 167 78 68 132 98
    111 3 152 1 44 150 29 153 18 138 154 2 179 237 86 220 201 220 228 34
    194 31 116 193 73 157 101 89 9 197 90 242 80 192 165 29 26 100 140 0
    149 224 87 63 142 136 123 18 62 16 1 231 66 220 128 144 241 90 118
    126 104 93 58 27 55 214 160 217 136 235 15 205 155 125 54 180 122 11
    179 244 147 9 54 126 151 66 71 132 77 152 21 223 58 131 246 163 109
    182 250 15 124 175 41 176 115 164 128 95 231 229 191 5 241 148 220
    39 149 87 25 1 208 153 46 228 161 68 142 74 10 150 253 166 187 2 176
    123 170 110 226 91 116 51 107 139 2 250 187 73 62 233 182 144 103
    114 26 33 250 83 244 0 233 198 164 128 243 205 159 107 129 127 111
    148 132 83 198 171 138 19 120 101 143 202 199 139 82 169 185 124 173
    123 117 78 187 121 240 255 97 79 146 103 233 241 120 25 20 240 12
    105 192 149 248 168 230 164 189 251 153 10 162 52 201 161 50 128 92
    15 12 82 97 248 93 66 97 54 40 86 53 26 212 132 250 206 2 85 189 32
    123 8 121 35 107 107 6 143 231 155 133 75 255 13 13 79 23 75 233 229
    64 12 120 66 154 40 32 232 36 229 79 239 116 128 176 99 194 135 46
    11 6 255 186 39 135 32 63 123 183 119 203 41 224 29 203 134 247 63
    36 83 185 41 166 204 71 224 198 13 66 220 108 50 31 51 8 67 226 237
    157 151 77 59 200 186 250 160 186 125 192 48 49 152 4 21 242 112 94
    180 38 167 77 225 235 95 238 117 97 163 183 231 255 4 150 176 18 21
    63 13 200 214 71 52 224 31 238 122 185 104 115 238 67 193 189 102
    184 77 222 195 219 116 166 98 84 28 134 225 157 69 135 100 212 49
    137 81 231 221 72 66 154 24 147 119 143 132 111 12 225 149 195 55
    118 250 7 183 130 178 72 101 124 75 90 161 217 103 115 78 63 102 137
    20 209 148 124 109 249 211 195 159 232 94 18 197 105 177 112 131 206
    32 244 214 127 169 96 240 250 116 5 84 192 104 18 71 172 110 244 253
    56 69 152 147 205 8 195 229 163 173 152 183 199 165 7 185 150 204
    106 117 236 56 161 63 31 6 64 233 165 42 51 166 94 64 72 128 224 149
    3 124 132 60 159 153 53 151 93 209 80 179 36 130 163 114 125 178 117
    74 140 24 141 224 38 142 169 72 220 136 178 13 36 172 128 168 57 254
    188 161 215 88 31 211 194 191 84 32 9 40 240 246 123 38 110 54 57
    221 233 72 172 222 126 39 202 210 25 78 27 9 137 191 211 38 65 43
    227 74 56 146 63 137 247 250 109 118 10 228 57 184 101 164 192 214
    96 45 154 226 127 177 113 116 135 131 19 22 65 81 196 255 76 174 126
    245 241 181 19 17 107 208 127 118 229 215 123 17 38 39 152 255 223
    134 99 86 246 48 199 13 47 218 6 66 158 19 146 129 196 218 51 177
    188 239 129 45 151 45 227 209 185 81 203 185 127 200 154 2 12 234 0
    9 205 95 6 240 114 34 122 11 176 9 231 128 190 153 54 79 136 55 88
    152 85 69 52 200 195 194 128 4 26 58 122 144 31 45 2 106 120 238 67
    170 242 19 52 66 15 85 105 183 86 247 229 156 163 95 167 239 68 102
    200 31 54 198 129 176 203 161 212 74 43 63 254 74 178 156 129 188
    186 211 47 197 227 111 81 52 9 80 135 185 6 116 47 48 216 223 27 77
    40 45 137 79 26 84 112 79 74 236 111 186 189 85 254 179 245 6 101 73
    219 248 120 172 141 116 7 50 21 250 79 196 235 127 132 172 19 246
    215 219 3 9 145 184 179 40 19 65 210 3 132 18 134 8 107 102 150 160
    104 95 104 3 87 154 60 39 250 67 132 62 96 194 6 168 86 84 174 63 84
    180 134 155 133 45 108 41 53 55 96 22 209 180 81 43 251 162 63 87
    214 79 74 114 169 32 12 126 114 235 133 205 215 61 145 172 244 46
    204 47 242 159 133 105 174 120 250 198 115 148 153 75 5 47 169 9 13
    69 85 129 110 3 154 166 53 77 212 246 191 246 191 183 254 72 71 26
    74 138 180 80 80 149 57 202 190 166 240 183 121 216 189 28 165 236
    70 186 254 20 195 228 176 224 225 79 185 119 220 33 99 209 230 144
    52 109 48 124 188 219 110 96 25 243 255 78 111 111 172 121 99 202
    192 176 83 93 38 162 33 70 106 54 223 208 161 16 219 210 189 221 39
    206 250 45 74 238 36 36 29 71 100 50 12 184 154 122 136 115 9 187 29
    89 104 155 189 41 12 40 132 73 212 56 20 158 10 111 58 162 147 239
    249 139 116 251 230 25 72 119 140 31 70 174 115 193 15 196 187 28
    185 108 112 63 124 205 211 9 97 153 197 57 199 30 111 108 86 227 60
    200 120 162 155 9 95 81 157 141 31 17 79 118 138 31 170 250 52 125
    135 122 109 223 148 81 76 121 220 204 156 140 85 12 29 33 196 17 45
    112 144 212 249 46 83 109 45 175 209 5 8 230 5 111 222 166 204 255
    234 146 209 174 30 211 163 175 180 40 243 228 209 100 219 8 3 3 2 86
    52 2 146 209 183 112 193 228 74 130 103 142 48 190 119 53 169 134 33
    61 0 219 210 105 90 43 53 205 128 247 155 213 120 124 76 88 122 64
    203 183 84 168 133 43 222 119 55 226 120 202 91 3 250 15 200 143 204
    14 198 29 78 225 22 145 164 52 23 163 110 145 81 185 25 21 166 192
    161 101 129 221 33 211 202 102 72 53 125 55 7 221 228 214 43 96 242
    72 66 78 160 183 156 113 129 163 101 135 114 57 30 59 62 81 191 21
    98 17 122 29 7 77 178 167 142 68 15 90 236 215 171 125 59 202 159
    119 99 78 213 221 97 195 2 206 10 182 166 1 12 170 36 205 124 49 191
    171 246 50 13 186 11 222 78 224 6 200 18 68 135 19 20 207 1 5 146
    178 2 78 177 109 242 125 191 169 24 110 28 136 190 30 51 76 187 235
    161 227 37 234 101 247 184 173 95 103 207 237 26 250 234 159 51 161
    231 192 249 63 3 203 133 242 52 225 130 82 115 145 45 141 202 95 87
    166 160 245 17 21 231 76 94 216 139 243 179 180 215 49 60 15 135 41
    196 26 68 234 183 246 131 27 120 99 197 253 208 241 99 20 61 240 176
    106 32 216 153 226 204 164 236 239 221 120 234 236 86 215 241 172
    206 121 160 123 20 135 198 20 26 21 204 171 196 88 173 23 201 129
    237 84 170 151 228 233 172 199 197 222 98 173 20 214 30 110 0 207 12
    241 148 57 86 186 184 147 206 20 71 152 43 2 196 173 61 71 190 90
    242 71 127 105 102 50 88 212 209 214 86 4 216 59 208 227 151 17 164
    107 64 55 73 32 144 128 91 148 168 161 9 113 5 169 25 60 231 218 53
    35 84 159 226 20 56 153 72 44 99 90 31 215 75 28 124 216 110 191 218
    226 0 218 146 242 11 153 6 198 154 142 96 134 131 140 216 158 3 246
    87 241 251 225 88 126 37 221 170 253 30 86 210 186 151 76 227 218 93
    104 210 73 115 111 185 219 239 239 58 104 241 215 249 69 174 137 166
    91 140 7 109 177 73 118 129 236 162 103 209 205 70 172 119 91 74 159
    27 215 158 107 150 81 128 83 248 183 214 174 155 19 137 180 193 1
    160 180 28 51 126 4 13 142 189 93 209 241 228 136 176 28 203 55 112
    222 22 206 188 148 148 88 48 178 111 109 204 100 251 39 106 33 32
    160 31 188 8 190 111 28 255 187 63 141 142 63 133 145 255 28 179 243
    158 220 19 129 159 147 75 0 195 116 86 22 87 66 206 242 109 133 200
    240 55 76 181 76 232 30 149 14 49 141 65 226 49 137 92 117 91 213 33
    117 163 58 8 196 178 26 178 158 159 99 46 211 76 54 91 86 152 189 12
    111 101 238 246 127 182 53 97 108 84 97 114 215 42 75 224 98 109 84
    22 154 134 55 58 102 33 198 36 145 244 53 79 1 172 7 193 226 252 223
    26 6 129 88 146 188 0 228 155 187 180 94 31 112 218 199 18 231 91 67
    101 21 46 59 121 154 63 127 176 31 99 6 103 108 213 92 150 172 204
    164 79 125 172 185 103 135 114 243 178 49 60 155 126 1 115 238 239
    136 156 206 189 43 42 48 82 45 190 46 208 66 215 36 234 218 194 205
    23 179 148 23 135 154 65 143 124 34 105 221 27 83 224 117 254 91 64
    205 61 82 231 13 191 248 226 27 112 29 140 41 254 62 118 168 254 181
    198 7 56 153 2 163 103 17 173 91 40 100 233 48 123 189 151 233 48 45
    231 198 37 42 214 172 16 40 166 138 6 5 134 175 147 207 26 66 127 63
    180 26 57 239 243 167 109 157 246 21 3 51 52 51 208 127 205 186 50
    173 75 234 156 110 98 47 37 249 53 38 40 33 131 179 252 130 215 198
    174 12 42 38 167 203 47 48 236 184 186 104 233 184 156 157 182 37
    135 98 201 180 125 77 195 28 213 56 171 127 148 233 249 163 93 215
    80 100 218 20 87 229 218 69 100 85 223 45 249 91 24 80 40 153 71 147
    164 225 137 47 96 16 211 35 170 27 77 59 78 41 73 196 195 40 136 233
    146 122 105 117 12 250 232 220 151 169 155 84 238 105 11 91 161 236
    6 236 240 26 176 113 160 3 61 145 171 196 103 151 101 225 7 166 148
    224 37 107 78 192 192 26 98 230 254 224 232 63 28 25 5 220 23 60 198
    28 153 168 255 175 27 235 189 143 99 223 166 189 249 149 168 93 146
    196 196 178 182 165 116 62 31 189 200 81 157 215 43 162 98 218 9 193
    59 14 55 165 248 182 93 34 241 75 169 124 6 118 157 160 177 205 39
    127 35 203 104 14 159 131 145 119 93 183 175 107 53 179 155 212 155
    98 218 94 59 69 250 98 69 145 12 52 165 80 161 220 103 5 145 227 51
    242 12 235 244 4 101 15 73 75 215 38 120 216 106 20 161 11 21 201 47
    71 189 230 18 34 123 5 131 201 42 135 140 44 39 88 129 204 72 177
    240 166 40 181 253 192 31 13 178 157 206 16 206 1 150 218 41 14 141
    158 212 217 10 198 13 102 149 131 209 143 139 95 179 192 25 16 160
    155 58 199 126 227 117 206 46 184 200 116 17 79 152 218 170 6 245
    206 73 173 245 254 172 156 67 29 176 195 203 111 157 115 83 239 25
    79 4 151 26 220 252 39 33 56 214 69 54 208 248 128 56 213 63 19 5
    245 203 165 232 27 158 144 194 113 214 9 121 113 89 203 130 103 177
    182 175 80 36 236 114 236 216 88 233 248 244 224 234 248 82 213 150
    59 59 55 242 136 34 217 31 254 107 47 97 34 174 1 229 54 244 3 193
    207 192 244 88 80 52 60 214 142 28 136 92 236 101 13 167 45 4 191
    195 107 232 36 197 246 248 120 145 30 109 183 202 103 19 208 81 76
    122 142 252 159 255 229 254 116 8 224 203 97 29 191 5 253 43 102 26
    154 31 214 123 252 77 21 181 15 152 23 25 111 55 4 190 40 41 64 82
    208 53 135 159 155 15 10 147 45 9 69 60 61 234 231 117 148 138 25 66
    99 130 88 98 249 124 87 80 222 68 100 81 90 48 23 69 101 251 173 15
    57 115 222 221 165 248 122 83 165 244 182 176 225 41 80 5 46 164 15
    39 39 45 147 143 136 171 175 144 209 107 228 23 139 10 91 209 85 93
    2 186 238 140 30 73 66 228 163 158 233 35 210 246 238 142 69 16 74
    79 232 52 197 32 186 42 37 157 186 193 134 86 153 105 87 243 73 67
    207 215 205 202 13 200 176 107 176 119 33 42 216 168 85 243 235 250
    166 151 247 233 90 211 125 248 223 216 173 115 143 33 129 23 56 171
    99 21 146 66 174 218 95 233 56 213 175 208 232 160 105 193 160 3 208
    138 243 59 117 125 230 50 44 236 114 145 171 33 2 16 6 202 58 241
    145 61 108 191 42 41 165 222 250 26 85 28 109 220 46 176 76 57 95
    243 50 166 109 185 12 86 220 231 49 35 166 196 50 47 255 239 2 209
    55 219 114 146 58 110 122 40 142 67 178 203 30 46 73 60 74 136 154
    214 230 194 105 153 17 102 53 123 218 0 130 161 51 147 136 114 75
    103 109 136 115 180 189 37 67 73 202 42 183 228 81 250 116 67 45 45
    24 207 35 49 231 103 51 39 120 63 176 242 40 100 249 167 79 54 168
    82 121 220 230 207 182 211 53 48 240 198 94 230 94 170 114 74 215
    220 227 28 119 73 104 40 215 200 200 96 221 5 155 73 13 43 144 186
    208 28 219 129 124 107 205 26 235 145 7 142 58 55 140 36 111 22 214
    247 123 175 203 169 26 47 107 174 212 65 116 175 196 147 78 12 235
    162 150 197 109 105 167 196 152 31 189 181 89 227 181 1 240 130 41
    67 11 142 250 103 121 165 141 33 10 80 173 197 9 22 254 255 4 47 90
    38 18 234 237 201 72 247 110 20 61 251 126 20 39 246 241 231 22 201
    29 17 153 49 67 221 187 50 14 30 125 45 193 36 39 80 11 139 89 116
    173 115 179 89 129 249 36 103 247 175 169 9 92 192 123 249 142 222
    59 26 222 67 71 116 40 255 25 247 212 67 74 176 117 0 236 155 194
    219 35 123 108 215 83 73 147 104 146 100 111 79 113 247 148 195 252
    241 88 233 224 164 186 237 86 2 117 236 252 5 43 70 98 150 78 223 92
    211 98 83 2 66 200 117 106 188 179 138 239 131 47 109 193 10 50 42
    73 31 125 7 233 96 222 65 25 245 195 42 17 251 118 60 223 205 100
    202 154 131 16 208 143 118 179 218 162 114 208 112 245 33 107 254
    144 240 1 127 80 221 65 96 201 232 1 173 178 118 231 221 221 40 132
    123 110 60 137 236 49 131 147 54 189 150 237 211 228 100 2 142 100
    192 186 250 44 171 3 198 14 179 77 218 225 253 189 243 211 64 170 68
    62 137 1 206 175 69 250 188 221 228 142 160 215 165 186 169 100 206
    7 131 41 147 81 114 40 156 63 113 109 230 146 162 0 209 125 227 69
    186 99 151 35 44 131 6 238 90 156 82 219 70 40 168 20 98 250 12 100
    56 178 123 143 165 246 141 237 11 205 171 67 53 156 18 25 43 201 204
    55 73 185 176 161 183 171 161 47 176 182 140 136 112 156 165 99 207
    140 241 115 241 168 117 128 31 130 171 0 135 220 55 228 203 34 86
    146 154 124 21 28 137 25 212 207 54 191 27 64 114 72 218 99 82 171
    195 210 187 150 231 224 246 241 188 100 162 159 149 182 51 222 33
    153 24 143 219 219 197 152 80 138 104 73 232 215 103 105 46 154 212
    111 74 130 118 125 214 90 171 231 71 45 38 117 145 150 32 36 63 242
    200 250 81 87 17 74 80 127 145 129 163 12 110 112 162 143 241 116 38
    181 223 177 81 189 139 75 133 122 23 185 54 76 73 151 47 111 28 6 60
    252 96 179 106 29 6 188 193 130 165 80 72 57 219 3 106 99 163 20 19
    52 167 40 62 198 91 140 190 195 237 249 90 200 217 121 88 217 126
    107 68 171 210 115 3 125 111 108 175 206 192 117 84 154 173 247 130
    115 82 156 32 74 15 75 235 217 185 173 202 201 38 58 242 14 186 70
    251 36 254 12 111 68 149 80 187 4 54 75 130 14 26 116 13 203 141 103
    228 242 216 225 145 169 238 194 186 201 150 246 174 71 180 131 186
    56 180 255 6 103 119 84 119 63 241 155 132 21 41 155 86 53 161 181
    87 143 140 118 2 99 118 59 101 41 93 219 255 21 42 218 218 9 160 18
    150 122 68 14 255 113 14 151 22 240 60 160 73 72 31 203 108 195 134
    37 135 255 98 17 70 8 76 197 93 154 65 6 176 128 119 113 251 48 208
    214 198 215 223 138 134 223 56 183 20 201 78 127 51 13 111 254 109
    21 114 5 207 145 75 41 7 157 143 69 25 70 26 214 89 193 189 65 174
    111 180 143 60 193 206 175 136 33 236 11 104 186 36 115 69 52 173 94
    220 208 157 210 123 120 226 35 117 78 242 149 231 150 101 89 171 22
    148 67 116 144 82 123 20 178 42 237 191 53 11 113 60 12 54 232 231
    135 58 137 3 127 222 25 69 205 158 188 128 166 166 60 232 139 78 129
    214 164 20 214 63 78 155 182 12 109 109 74 35 145 121 96 187 163 169
    175 37 94 132 71 196 209 6 169 26 238 248 1 76 208 27 196 167 42 65
    79 6 192 78 81 65 147 170 255 101 79 115 119 124 181 252 155 89 83
    103 15 212 27 111 225 105 251 53 14 158 225 199 223 130 186 184 173
    104 154 86 232 105 56 38 249 225 59 115 254 59 17 162 38 29 32 66
    139 168 9 154 39 210 226 34 197 201 25 41 153 111 88 53 176 175 30
    31 99 206 46 5 168 199 46 30 6 101 104 44 215 14 228 228 34 218 158
    60 97 70 227 72 167 40 192 65 213 99 1 241 109 180 214 28 141 56 177
    16 75 223 116 206 200 138 143 238 194 26 179 131 164 49 108 213 91
    122 126 196 214 160 156 169 9 56 134 213 83 102 154 101 42 253 21 19
    19 221 159 159 202 2 236 240 38 158 204 168 121 41 33 94 152 110 204
    144 177 136 112 137 97 175 58 139 19 105 67 200 242 198 244 174 79
    63 64 166 189 120 23 29 216 53 86 166 111 147 142 114 16 99 51 14
    220 138 87 189 179 204 7 154 78 232 31 136 220 238 164 245 169 43 39
    111 136 159 137 153 64 75 83 166 80 7 254 206 222 24 186 64 90 42 62
    118 114 196 184 131 134 66 231 211 248 6 120 100 6 174 230 27 101 69
    54 81 24 38 222 47 240 115 17 182 119 102 255 18 178 2 113 178 107
    16 175 216 162 174 142 137 37 183 24 73 244 190 73 217 80 220 167
    166 82 201 38 247 106 116 40 68 85 79 90 148 108 9 56 216 176 90 69
    159 113 109 195 173 244 152 54 94 223 173 212 119 197 63 201 26 213
    96 52 221 252 190 226 43 30 109 60 93 248 99 127 23 86 111 20 99 165
    213 205 146 169 123 88 33 5 240 57 58 171 72 166 183 251 130 36 61
    44 190 239 151 63 244 6 78 120 198 144 115 51 55 154 227 152 190 252
    244 106 250 177 83 194 71 114 86 89 247 29 124 143 49 142 218 152
    255 68 185 126 161 225 229 47 192 238 189 190 46 34 114 214 158 89
    246 53 86 68 29 78 174 240 15 180 107 98 68 73 236 63 172 221 188 38
    147 231 106 248 243 114 120 150 62 137 218 23 163 71 200 217 84 114
    197 149 56 229 200 138 122 248 129 86 244 221 197 128 178 91 127 223
    123 252 28 121 113 37 197 19 255 58 111 39 102 204 21 46 196 242 60
    126 220 206 47 75 156 117 107 239 87 218 250 66 103 142 208 139 48
    254 131 49 62 38 217 143 78 153 139 65 47 34 109 97 16 250 155 51 74
    205 53 190 125 132 191 163 149 187 237 224 166 6 73 217 186 115 100
    7 190 254 39 160 29 146 0 129 183 82 248 234 190 126 209 85 145 43
    207 130 52 249 215 189 211 237 115 34 65 30 133 212 202 39 78 83 45
    64 60 195 196 63 7 161 47 255 127 102 177 9 103 113 71 52 186 132
    100 101 238 68 185 225 214 54 201 95 14 69 158 55 63 193 55 76 211 1
    89 86 168 141 4 240 163 27 9 19 147 244 231 225 31 240 70 49 159 2
    83 86 90 131 43 86 225 185 90 8 21 195 91 115 115 179 75 96 176 240
    132 10 154 164 246 234 247 95 99 75 180 97 160 41 159 92 115 90 111
    200 209 32 114 232 187 155 242 132 28 132 32 96 25 239 43 120 38 79
    140 27 106 26 249 20 1 197 190 113 11 152 56 191 58 42 4 220 118 64
    50 130 169 169 72 135 201 230 74 89 110 162 211 122 217 141 189 131
    110 228 196 10 84 182 217 214 49 3 33 223 61 46 237 140 236 159 135
    139 231 44 225 105 78 5 80 147 236 185 11 248 10 134 73 41 90 225
    179 168 111 14 92 244 45 133 22 222 238 73 106 173 198 187 172 121
    154 207 64 59 129 32 180 29 7 157 207 2 149 177 92 239 30 97 176 64
    158 117 241 154 176 148 135 174 46 38 92 237 185 214 237 134 184 248
    6 53 239 175 148 188 131 46 21 229 25 54 236 52 224 5 114 208 195
    201 43 226 2 93 219 29 208 211 89 174 195 156 143 73 94 185 74 142
    86 238 17 106 95 48 4 149 12 67 27 199 2 55 115 2 197 161 87 225 73
    185 214 90 79 40 134 193 145 161 91 60 153 68 104 193 101 143 200 52
    226 142 177 124 133 87 254 213 140 188 109 146 162 226 42 254 163 16
    46 199 205 41 209 142 133 218 238 25 107 245 14 139 175 198 248 93
    16 92 119 212 173 13 84 248 131 172 45 248 31 80 139 168 150 208 183
    37 248 216 50 215 149 202 127 219 198 19 175 1 91 125 16 72 115 28
    38 52 222 102 172 116 201 179 183 205 17 168 78 123 160 9 189 215 32
    251 13 94 143 187 189 178 177 117 87 102 116 27 209 237 169 255 146
    172 169 204 208 31 55 124 61 186 27 70 211 5 146 219 155 11 222 38
    148 56 58 59 181 44 68 70 31 207 237 173 123 133 39 7 68 57 24 58
    118 151 195 161 133 102 150 195 163 248 29 125 93 224 25 80 72 190
    253 234 133 45 228 47 227 53 31 12 166 203 92 228 14 99 252 199 3
    185 14 56 143 103 202 19 33 125 129 70 20 161 194 170 36 237 47 56
    105 3 7 156 93 20 235 147 6 48 63 98 10 142 244 118 121 244 54 60
    136 181 209 111 247 212 64 30 96 174 27 94 184 59 122 104 85 155 104
    167 172 56 99 245 180 132 117 41 73 172 41 7 95 18 108 171 163 153
    166 17 20 45 68 123 114 66 34 183 150 63 159 168 130 6 80 211 26 141
    38 97 196 105 98 106 108 84 48 124 14 190 70 88 69 104 34 156 95 37
    64 62 152 48 190 14 3 60 254 145 179 102 44 192 233 12 93 190 169
    170 86 226 63 76 146 203 174 87 48 46 108 216 5 105 237 124 74 108
    252 50 99 197 23 107 158 39 17 13 172 49 185 92 96 79 113 35 81 151
    169 22 168 199 113 79 167 171 249 18 173 46 69 158 212 74 186 22 193
    29 221 81 171 229 173 21 151 147 19 149 146 253 5 20 44 62 201 128
    150 52 38 219 111 231 160 19 119 61 157 78 11 40 59 92 21 156 188 73
    218 92 85 236 169 231 100 143 253 157 75 63 157 68 93 59 72 82 49
    155 51 28 8 92 225 7 68 170 181 246 81 55 81 178 66 143 188 99 36
    243 236 174 45 200 219 141 73 20 179 13 190 15 94 9 114 247 205 186
    121 49 224 80 101 130 208 245 85 93 218 121 13 96 233 114 206 125
    159 110 252 28 2 245 195 123 148 16 1 245 60 92 228 231 115 128 240
    30 194 33 61 28 44 253 47 27 100 30 254 167 126 20 167 74 228 76 93
    69 194 132 225 222 220 196 39 202 237 108 244 176 246 124 7 154 190
    157 192 165 233 7 166 109 113 13 158 200 91 55 130 38 22 36 110 102
    110 153 3 239 252 151 223 111 213 14 77 69 221 65 166 236 198 216
    141 26 2 178 148 242 66 183 227 210 118 203 61 65 197 101 163 160 63
    45 124 153 104 50 160 202 213 124 46 154 247 155 255 212 171 210 152
    106 20 184 17 146 183 93 43 163 88 195 157 10 6 19 151 93 104 134 7
    157 224 254 158 57 143 192 44 14 235 29 72 255 55 233 246 238 163
    115 235 117 130 234 193 237 170 185 154 95 134 184 60 217 41 151 106
    141 88 95 94 124 209 7 89 154 222 88 137 82 222 201 9 219 126 58 30
    101 161 186 54 237 131 223 252 181 39 37 149 181 176 144 68 98 210
    40 7 38 67 143 9 28 163 219 35 25 90 209 163 233 214 241 226 71 223
    192 157 72 167 108 86 156 72 161 232 82 210 147 199 59 197 223 9 165
    35 17 95 103 108 162 254 140 53 205 147 247 160 25 230 52 51 92 90
    75 233 84 8 47 207 157 146 245 150 238 77 214 210 42 92 119 108 113
    167 23 144 9 186 170 220 32 87 142 176 219 206 28 56 75 97 57 16 31
    155 188 162 220 166 183 143 61 154 166 112 211 28 136 108 62 3 161
    205 212 213 11 146 153 59 186 14 138 31 153 8 168 168 107 14 32 6 28
    124 181 122 82 63 234 170 145 97 207 191 198 33 65 209 126 72 85 54
    160 119 74 204 124 158 59 108 23 222 60 47 250 31 225 186 43 151 125
    152 91 229 42 23 231 146 163 171 187 92 131 251 69 230 115 64 41 54
    116 205 34 53 19 66 225 172 229 204 141 187 69 150 198 21 165 92 185
    46 81 51 202 59 155 119 252 205 168 76 61 127 64 139 33 18 19 20 76
    110 233 29 254 36 241 72 202 54 61 98 74 237 5 245 9 131 120 81 122
    2 51 174 226 49 250 162 44 229 154 254 170 178 139 124 69 209 71 130
    87 7 125 173 52 195 119 181 7 208 50 121 14 201 32 12 120 128 1 167
    56 48 8 4 159 88 178 18 128 225 70 142 249 181 154 136 170 75 169
    180 217 101 45 90 85 162 192 11 12 133 170 150 174 92 118 61 240 103
    99 29 17 193 189 230 47 177 193 124 213 13 104 201 230 112 207 83
    233 6 172 218 242 21 1 206 20 61 34 34 2 46 165 194 225 48 214 222
    79 34 100 69 92 144 181 64 82 103 217 167 196 168 96 189 47 143 10
    210 97 76 254 197 91 187 5 163 186 226 17 153 63 180 60 127 185 161
    3 106 1 44 152 11 158 223 2 128 188 31 183 63 52 108 211 185 125 131
    175 67 160 77 170 172 2 178 174 246 252 117 151 151 183 96 197 150
    94 207 37 224 68 254 1 11 145 91 128 127 188 78 200 169 246 177 45
    20 221 43 201 53 22 113 198 220 170 32 14 182 112 236 27 35 238 79
    161 139 205 231 211 51 40 45 197 35 82 89 68 181 79 18 20 17 144 92
    21 39 233 249 160 33 38 61 44 239 53 91 86 112 185 34 158 122 76 95
    17 34 246 170 35 151 98 19 21 54 178 161 255 138 215 245 195 184 185
    206 108 78 23 52 228 238 71 193 196 250 208 58 143 34 205 110 179
    169 154 234 209 2 42 144 98 218 169 237 171 210 0 50 252 191 12 172
    122 33 63 54 115 112 70 156 114 116 36 161 46 145 13 20 235 172 65
    238 235 189 182 253 7 234 116 224 98 179 210 80 39 190 96 146 108
    163 73 3 222 28 153 0 98 33 247 66 213 243 20 145 35 209 103 40 221
    236 59 166 106 75 130 52 169 38 138 80 10 23 219 0 0 139 7 108 145
    226 224 88 248 250 215 18 231 146 181 155 151 247 5 78 34 133 34 40
    214 114 220 233 90 159 154 28 125 126 151 51 96 39 85 238 134 50 53
    32 138 76 181 250 227 221 223 140 159 41 136 137 194 221 38 214 157
    165 98 109 96 220 51 21 201 97 242 135 78 10 79 232 4 9 25 65 119
    253 184 50 187 74 168 108 255 0 174 16 207 150 77 161 83 163 119 3
    214 148 173 156 93 84 93 51 38 54 23 140 13 241 1 200 223 157 87 2
    22 207 77 157 68 14 207 132 70 46 225 61 228 88 180 51 23 28 137 191
    101 129 4 229 255 92 206 25 6 81 220 152 24 202 112 5 201 116 178
    100 126 231 223 108 238 148 236 64 199 184 251 166 99 112 56 94 107
    224 244 179 101 38 13 248 59 87 185 191 179 97 8 186 72 15 20 175
    126 159 207 207 101 189 146 98 242 11 89 214 45 157 61 143 43 225 30
    130 134 148 196 162 78 193 69 60 71 116 131 20 134 127 5 67 42 58
    102 4 118 111 208 245 208 27 141 247 126 79 211 131 93 211 14 110
    165 145 9 164 110 28 7 54 53 137 105 10 68 31 158 136 147 85 25 24
    204 50 189 184 109 98 155 153 127 6 26 155 250 237 188 85 120 151 86
    192 228 147 161 217 92 117 32 252 210 147 85 59 109 219 173 46 122
    81 2 224 45 88 227 15 236 142 71 174 188 5 141 86 213 102 254 28 17
    111 13 126 27 139 198 7 185 25 110 243 218 207 80 170 180 91 62 42
    43 166 90 90 53 253 88 75 79 147 14 91 110 43 11 67 209 230 153 136
    236 66 184 96 139 203 158 165 6 40 234 253 145 185 180 194 75 8 187
    151 128 157 199 176 195 104 87 111 182 166 87 130 47 36 167 191 85
    198 123 13 167 253 76 69 86 188 69 188 215 91 236 62 217 231 58 117
    245 134 97 223 5 28 249 112 91 209 105 85 182 170 10 93 2 182 12 104
    19 65 153 15 114 247 185 176 62 20 35 54 69 174 212 100 226 224 45
    31 0 47 39 159 53 0 241 13 209 222 222 189 17 115 211 245 209 252 15
    225 198 104 53 151 168 224 147 2 181 236 160 229 24 35 222 206 175
    103 212 189 136 36 16 99 120 202 78 146 96 123 248 162 226 127 235
    95 140 118 78 216 107 169 96 244 3 145 97 24 147 249 154 51 171 38
    99 221 142 140 243 91 14 70 127 196 56 219 172 11 101 43 219 62 95
    25 133 199 0 157 87 199 133 121 157 15 249 105 46 3 63 218 54 110
    198 163 33 69 76 101 64 62 166 13 110 38 140 134 203 119 164 134 179
    68 46 130 155 146 253 204 91 185 251 203 73 214 176 220 71 247 139
    59 67 18 147 236 166 245 9 190 228 215 165 111 218 78 92 56 171 176
    3 234 150 104 51 234 114 156 75 247 7 253 157 185 28 18 141 85 232
    139 102 46 108 7 42 249 240 226 21 157 77 22 76 228 3 191 223 4 197
    219 186 126 176 186 126 40 202 192 89 131 153 113 10 32 165 19 93
    246 117 160 232 106 209 174 213 230 55 123 14 140 100 62 152 140 5
    209 127 32 127 101 100 131 122 242 240 22 161 113 158 110 92 204 255
    156 117 113 238 227 59 91 58 249 19 207 27 198 231 173 133 205 29 30
    110 13 3 200 97 100 150 249 237 233 132 86 18 72 2 227 128 245 73 64
    52 130 118 99 239 194 30 96 29 121 218 135 187 139 183 14 245 14 247
    156 204 200 255 192 251 239 14 23 241 4 80 159 126 146 180 240 8 106
    51 243 201 195 101 35 80 103 253 142 136 82 221 163 19 181 176 151
    142 102 129 217 34 170 193 233 171 1 165 167 151 175 217 79 251 156
    34 110 95 218 66 199 233 17 61 211 48 232 224 191 250 24 59 233 71
    11 143 6 191 229 150 3 33 9 27 23 97 48 48 150 57 80 222 118 14 12
    96 37 246 174 32 149 98 68 184 249 14 40 95 88 192 81 207 157 233
    129 168 202 94 24 49 94 101 185 254 125 19 47 215 64 198 37 119 55
    97 143 221 152 41 69 194 29 42 11 169 155 246 62 29 0 63 229 249 181
    178 173 7 50 239 195 189 203 217 231 131 72 207 65 201 227 52 92 146
    186 111 20 15 209 219 180 186 67 241 32 219 77 197 32 73 157 167 5
    130 160 29 151 226 81 180 209 18 183 221 149 136 184 61 225 52 178
    145 101 32 162 210 100 9 0 75 237 72 164 112 246 30 243 120 164 97
    61 26 6 181 205 31 21 90 246 64 29 203 119 112 40 227 91 11 82 61 87
    14 69 239 80 222 29 24 148 195 217 155 212 199 242 229 161 86 16 3
    149 198 190 152 243 246 226 247 232 64 73 54 13 129 111 28 107 121
    26 202 163 46 229 198 177 139 21 140 113 44 75 103 61 254 197 10 230
    235 58 10 44 162 147 23 180 246 58 150 150 26 222 216 123 93 141 201
    30 20 62 134 127 61 9 7 170 228 146 133 54 94 211 2 116 240 129 218
    232 182 89 88 131 216 56 188 145 231 220 219 55 203 98 47 231 165 47
    46 137 64 209 4 170 24 162 226 132 156 96 80 158 78 142 192 171 170
    201 68 91 85 175 15 34 236 244 214 59 28 118 56 126 105 127 204 46
    63 136 127 118 82 97 142 175 107 102 73 193 106 199 11 118 51 191 24
    169 190 212 237 20 40 161 75 217 72 88 106 57 156 92 186 170 0 47 41
    223 160 165 87 219 64 127 64 17 97 240 45 195 156 167 90 148 198 180
    4 247 207 47 174 84 239 163 197 230 71 138 12 164 128 118 56 241 130
    229 156 10 24 170 202 107 254 139 228 187 70 183 25 165 73 40 79 5
    154 152 188 19 148 131 109 119 169 246 184 216 56 167 3 222 128 8
    192 78 201 87 148 69 208 176 146 180 151 71 196 14 37 2 158 16 209
    49 109 46 142 244 19 213 163 190 81 246 159 146 167 220 77 101 60
    120 167 180 116 105 10 235 28 242 234 55 191 145 158 163 117 1 201
    210 21 110 223 73 63 86 222 133 171 120 45 191 188 96 86 233 100 222
    111 44 38 208 64 124 166 51 120 31 38 196 2 181 70 152 212 87 118
    132 242 157 108 129 232 50 84 222 223 249 146 3 195 157 216 87 60
    215 236 241 119 53 112 119 9 115 241 105 248 63 244 253 136 138 11
    197 163 128 193 246 164 7 127 199 27 70 143 155 230 162 206 165 87
    159 132 224 52 26 255 45 228 51 157 31 222 183 235 216 219 38 154 15
    155 69 75 195 171 219 33 21 48 252 187 95 48 114 44 20 123 214 138
    240 42 255 50 26 165 68 67 35 83 97 47 58 240 203 27 22 212 21 112
    133 61 61 110 99 188 154 101 47 68 41 126 185 229 18 149 62 187 113
    92 74 130 171 76 9 198 240 107 112 89 141 18 60 200 87 78 243 140
    158 122 97 234 120 126 202 159 35 208 161 207 137 101 96 107 34 29
    23 247 244 65 169 26 9 130 197 9 55 33 18 149 129 82 144 83 89 149
    216 233 63 193 38 46 233 160 131 67 180 92 118 8 109 118 61 140 119
    137 58 4 193 167 185 113 192 241 184 129 178 180 62 131 217 45 237
    197 187 243 170 115 169 156 226 131 137 185 48 127 232 105 66 176
    255 140 251 220 23 26 7 79 227 81 81 95 119 110 87 135 221 182 217
    236 133 209 217 13 142 44 241 19 124 24 7 160 18 124 153 56 20 78
    150 36 165 124 223 91 58 88 4 172 142 32 167 165 162 252 222 83 21
    112 233 62 226 72 246 249 49 247 109 30 213 21 87 246 159 73 197 33
    24 185 47 178 224 254 24 88 189 238 116 129 135 113 213 116 105 249
    255 80 207 12 150 177 8 149 77 244 89 63 215 164 117 138 182 105 175
    253 80 195 201 152 216 79 26 133 105 240 56 218 107 113 27 238 131 0
    225 78 221 56 31 7 5 48 22 189 184 209 146 167 81 169 122 230 74 169
    179 53 69 32 50 204 175 73 126 89 110 172 129 197 97 198 153 50 39
    201 30 251 31 112 168 48 206 94 21 157 241 150 96 122 73 177 199 87
    49 7 255 118 195 106 236 215 97 26 231 125 238 8 124 145 111 113 245
    226 203 137 217 199 6 219 211 91 147 25 64 252 149 209 157 176 245
    92 126 206 197 254 113 210 187 173 178 160 149 164 65 21 68 239 181
    171 121 127 251 230 183 137 104 133 228 250 92 175 168 70 34 238 86
    57 15 92 95 170 218 206 158 239 19 243 14 131 234 4 160 8 1 158 211
    156 132 182 250 216 248 2 240 208 36 160 246 199 46 108 8 67 253 113
    100 209 176 12 69 108 7 182 247 88 114 132 200 65 44 66 97 123 210
    35 2 151 249 96 66 114 96 139 206 201 59 42 100 125 58 134 117 242
    86 193 93 157 29 178 181 54 98 246 182 236 65 22 153 199 211 220 32
    87 178 242 40 158 172 185 191 129 24 153 253 32 48 31 214 198 91 159
    58 223 98 20 32 132 254 193 184 93 174 152 222 105 116 113 37 173
    143 19 30 61 59 130 114 5 77 44 159 238 116 201 148 100 239 2 169 82
    6 149 22 57 166 86 37 195 126 151 45 106 140 34 156 220 134 242 223
    134 121 44 113 52 247 223 47 125 223 227 30 0 228 131 154 136 78 71
    68 108 176 117 231 66 164 156 218 254 66 85 90 44 184 188 224 140 44
    5 13 70 89 208 242 51 203 131 227 175 158 189 47 36 226 118 163 68
    69 64 17 58 165 139 17 220 106 90 154 207 224 2 124 146 164 171 101
    44 98 136 193 184 77 182 120 186 59 33 83 31 194 57 113 105 89 145
    224 44 22 228 33 252 74 20 118 145 187 171 42 251 75 110 39 72 247
    214 53 209 29 251 252 114 145 251 0 2 173 114 131 69 123 212 255 94
    35 107 215 90 235 19 149 124 32 214 114 107 110 1 250 197 143 114
    149 188 22 253 79 162 147 221 72 149 102 46 27 143 82 207 222 229 52
    147 212 36 163 159 239 29 137 82 236 42 141 192 228 53 58 157 184
    181 241 132 140 147 118 59 109 250 15 158 97 135 244 204 120 106 13
    116 78 51 250 242 99 230 88 224 36 212 140 170 68 225 243 13 207 192
    194 208 186 75 164 128 189 62 234 44 242 141 171 92 65 45 180 128 30
    11 102 41 37 115 121 93 88 233 133 244 8 242 196 93 235 209 96 16
    101 22 185 192 119 200 160 133 115 223 249 189 245 11 14 244 6 81
    176 248 177 133 92 147 2 14 8 217 95 112 31 137 58 171 133 5 234 134
    174 192 12 159 238 237 168 162 160 17 106 102 63 125 17 249 66 94
    239 187 146 209 145 252 161 17 234 250 232 191 128 149 209 24 167
    142 153 137 136 85 84 189 135 195 69 84 34 108 40 227 132 210 123 95
    189 172 2 40 188 110 2 144 210 134 251 23 202 125 74 94 173 162 133
    57 109 196 35 233 253 134 246 22 43 125 44 110 1 7 254 13 222 9 183
    228 98 202 42 67 234 192 215 199 183 28 192 168 113 98 111 253 203
    111 222 78 193 134 163 58 24 234 121 245 104 92 15 209 207 182 248
    134 68 214 20 196 45 7 75 213 80 107 236 114 15 160 65 162 48 138
    152 18 219 181 141 214 40 44 202 41 157 153 223 62 213 234 76 251
    123 185 52 239 114 140 191 124 168 224 207 218 5 50 80 114 164 114
    228 117 211 228 119 120 33 9 108 60 19 24 177 207 140 232 126 40 185
    53 190 76 104 156 0 38 155 152 133 64 109 231 58 10 239 150 48 248
    251 234 0 51 255 196 89 69 143 211 230 32 89 179 69 104 245 46 227
    129 206 235 112 57 178 30 64 255 102 166 225 249 63 67 201 192 221
    117 175 227 228 198 196 147 90 75 128 141 201 246 151 110 42 177 13
    19 230 194 160 190 90 138 186 118 162 37 203 187 50 58 125 139 14
    232 206 88 181 84 136 174 38 188 190 16 158 84 207 48 220 83 241 8
    121 74 84 159 208 179 138 102 167 145 165 255 133 7 84 7 242 107 211
    113 65 5 170 60 45 87 12 208 40 137 24 45 138 75 151 138 191 64 208
    94 125 70 146 186 137 80 173 167 208 6 141 209 170 30 238 136 4 114
    51 118 112 149 222 246 55 65 171 113 51 146 214 238 74 123 178 31
    186 111 119 49 228 11 98 236 171 150 129 35 199 134 162 33 93 141
    223 63 53 67 231 244 189 128 1 32 38 203 215 136 244 2 97 185 96 104
    173 96 52 21 135 57 57 221 5 114 68 202 151 153 133 28 116 200 234
    159 60 45 229 218 45 3 73 10 170 189 107 215 170 109 93 123 59 189
    202 112 67 67 63 0 119 222 88 92 121 14 7 1 214 80 51 230 131 1 237
    11 29 110 79 69 138 17 99 169 108 41 211 49 31 76 26 17 149 220 104
    202 166 242 166 38 73 96 125 93 245 74 148 178 222 71 187 119 222
    136 233 134 180 69 202 199 73 249 250 16 115 99 233 138 82 177 87
    160 184 32 226 198 148 22 65 32 18 108 142 29 19 57 16 99 235 221 10
    181 201 202 35 235 140 1 216 85 178 24 130 200 210 79 174 251 182 1
    203 20 180 161 112 1 178 188 100 220 224 172 27 114 154 137 199 137
    114 254 142 7 42 113 165 43 64 15 228 63 186 108 225 155 225 237 148
    115 230 71 87 53 204 165 229 199 188 32 4 63 207 242 237 254 49 35
    62 128 81 245 77 34 42 219 52 208 191 209 107 83 85 208 58 100 82 29
    173 150 70 166 121 221 8 148 100 255 2 144 233 227 10 18 247 145 141
    68 25 61 66 178 189 44 36 133 53 55 246 93 43 234 26 82 27 144 78 65
    75 121 15 221 33 5 76 95 31 176 112 48 194 27 141 52 171 68 246 146
    160 133 55 187 59 14 187 57 217 131 224 245 161 146 36 80 100 94 47
    66 246 161 173 79 80 188 34 174 148 58 34 97 32 74 70 123 0 123 122
    155 204 107 228 44 107 64 149 212 48 75 155 179 64 185 25 225 10 230
    143 2 69 130 83 230 243 206 26 52 89 252 58 156 183 37 82 110 145 17
    84 59 25 168 189 9 163 93 25 137 167 213 194 38 132 114 71 189 19
    221 37 58 125 16 50 113 221 15 123 39 184 156 24 143 29 69 34 19 95
    48 247 164 128 144 75 11 131 116 77 217 17 54 70 16 170 134 142 98
    152 12 67 219 152 191 119 55 119 130 204 180 47 219 131 191 127 159
    205 160 214 127 174 206 175 195 217 239 148 138 171 13 188 254 76 66
    25 56 10 59 89 221 137 136 45 149 35 144 240 151 142 54 105 232 41
    182 125 84 66 113 209 87 172 166 39 142 244 170 125 220 191 165 234
    49 77 172 20 89 162 46 203 168 203 141 56 235 104 171 174 63 88 241
    204 219 28 112 191 185 93 43 222 213 54 27 117 189 136 32 199 129
    202 56 140 140 158 95 255 222 17 122 32 152 105 243 230 218 51 62
    131 15 82 22 1 231 194 144 229 110 214 237 178 139 254 229 42 234
    103 35 152 237 250 192 14 127 108 110 32 63 244 212 193 73 232 185
    47 220 152 4 96 214 246 182 115 184 160 96 178 26 85 107 147 128 39
    122 18 228 133 128 61 98 80 211 255 244 197 24 170 96 37 165 72 108
    179 121 139 44 191 41 145 113 234 163 3 12 62 164 62 85 194 228 222
    20 21 192 147 145 91 184 117 132 80 146 116 198 239 125 69 215 138
    105 173 142 198 28 77 28 218 3 57 92 81 42 207 228 154 11 210 72 131
    90 120 251 56 181 142 210 198 151 74 54 223 225 131 237 26 196 6 26
    44 73 210 250 109 223 147 217 237 178 58 54 69 196 204 68 117 164
    119 57 183 18 200 150 36 162 208 93 27 105 237 177 196 227 137 35
    189 189 61 80 183 225 194 238 49 68 191 210 231 133 110 90 176 8 80
    206 199 220 125 253 179 50 85 120 234 229 204 125 199 205 48 224 152
    163 114 135 7 246 140 251 94 233 183 45 5 79 127 90 56 129 24 59 20
    113 119 45 219 133 159 100 21 227 250 227 173 113 92 137 175 214 56
    140 218 160 130 87 186 94 238 60 24 216 147 100 240 186 85 195 2 62
    60 171 215 156 62 236 138 7 15 248 34 208 141 240 76 66 241 85 144
    236 8 130 121 237 155 146 102 233 204 45 33 235 136 214 138 203 207
    85 221 19 212 76 38 202 144 82 164 16 175 17 208 199 178 172 43 55
    151 159 14 189 74 153 242 205 59 149 76 253 46 168 238 43 53 68 79
    235 185 60 30 36 216 247 95 40 174 114 198 17 34 188 18 96 35 37 23
    77 102 236 10 95 123 48 180 55 70 147 56 78 152 44 104 51 203 178
    146 208 167 34 174 186 133 177 142 187 215 72 251 190 12 170 197 141
    194 0 162 44 206 164 215 13 235 23 34 57 66 37 214 2 62 39 107 63 80
    170 94 165 11 25 191 184 177 226 55 144 173 44 143 51 234 126 75 132
    154 234 156 122 185 156 10 229 140 9 115 77 132 129 190 90 174 185
    29 66 65 144 200 173 79 240 186 17 108 67 50 80 226 226 206 218 137
    207 52 161 181 175 55 87 124 239 253 34 130 217 159 245 27 111 72 2
    33 116 160 135 162 8 131 231 200 1 216 74 253 172 216 133 185 98 51
    248 233 113 129 150 104 202 33 161 127 202 34 126 178 167 44 219 123
    82 183 3 11 81 221 82 227 238 75 112 230 8 145 194 137 168 154 29
    240 61 155 229 40 99 201 219 152 149 181 124 150 35 123 253 182 47
    107 16 244 76 59 27 124 68 11 95 133 209 216 38 21 17 100 33 46 115
    90 178 227 126 198 250 180 134 163 93 210 65 245 94 43 98 132 139
    137 145 204 209 1 117 71 94 137 20 187 223 194 89 99 55 17 41 74 117
    127 35 172 11 95 98 113 60 250 58 43 126 89 202 161 147 15 113 210
    211 138 129 203 145 167 189 105 195 128 60 243 135 89 175 228 0 139
    144 122 91 236 40 194 51 204 63 50 38 107 74 7 114 32 108 111 99 64
    229 157 3 35 68 255 254 181 13 113 93 140 245 136 13 185 99 95 230
    10 120 241 178 152 1 182 120 225 18 168 107 70 203 62 41 230 8 59 75
    243 86 88 237 190 47 212 133 55 176 170 254 100 216 31 28 37 137 125
    129 203 122 81 78 199 249 49 239 20 10 119 55 151 196 107 246 106 32
    46 44 113 172 97 41 67 15 39 118 183 95 11 138 65 154 17 19 120 92
    51 1 213 202 201 252 0 89 231 44 243 141 150 20 5 193 30 137 185 107
    10 172 212 126 143 255 194 161 167 182 160 161 170 172 223 206 170
    50 20 95 253 160 211 118 184 60 252 141 50 247 215 187 199 128 5 170
    16 183 36 244 130 196 9 238 232 247 29 76 237 205 246 56 62 147 105
    58 176 236 143 159 24 12 28 220 96 176 104 70 134 175 93 121 26 135
    202 62 16 36 63 171 163 87 61 184 23 7 118 10 44 55 172 198 174 25 9
    154 124 81 195 43 142 23 7 1 124 226 196 78 206 236 201 20 97 38 139
    9 238 197 78 173 105 239 113 138 71 46 239 194 77 235 246 205 29 241
    158 197 135 213 80 101 108 116 151 75 42 181 195 46 241 193 87 17 44
    242 21 253 231 200 39 169 240 26 132 44 60 74 172 152 44 26 95 39 25
    191 182 245 247 2 95 170 206 130 234 86 55 0 167 123 52 251 108 19
    45 82 27 145 114 255 193 31 236 117 33 29 182 171 200 215 217 183 71
    182 175 237 140 34 28 146 63 144 102 157 97 110 250 228 169 39 249
    132 191 52 180 228 164 55 99 35 85 204 135 47 85 187 142 34 19 131 7
    44 183 75 43 107 2 232 179 2 139 80 42 30 130 218 160 7 48 69 7 84
    23 251 63 166 56 141 190 160 126 81 13 154 207 78 235 228 232 44 255
    114 225 27 106 215 148 198 207 182 61 31 57 141 157 91 153 20 23 153
    0 73 92 138 220 29 74 163 141 231 192 9 217 205 31 45 10 64 181 249
    22 90 16 119 27 113 9 103 106 46 54 30 230 118 17 162 248 142 143 69
    222 137 22 72 106 136 72 201 34 1 148 113 51 76 198 166 116 51 231
    201 171 67 51 247 136 189 10 142 30 222 229 7 97 218 255 118 151 174
    249 84 116 137 211 146 252 37 94 16 221 55 195 19 239 231 124 43 36
    127 141 175 167 168 185 231 109 182 206 204 250 130 39 78 153 194 82
    135 210 101 237 177 112 222 141 195 69 9 170 106 192 230 214 201 151
    101 80 46 105 134 80 242 56 53 224 147 245 189 24 191 131 251 29 175
    40 197 251 245 87 147 188 231 132 53 74 115 244 50 204 31 62 201 134
    143 86 135 46 112 2 168 127 137 9 48 60 114 184 17 122 204 186 112
    173 60 148 55 109 37 37 115 5 251 164 224 35 60 104 161 13 85 200 43
    221 74 111 81 68 77 36 231 18 75 0 68 233 74 157 142 53 39 101 207
    133 183 115 192 78 242 85 15 196 97 225 193 121 172 183 185 232 223
    168 174 50 98 95 175 254 3 96 0 95 53 221 218 90 238 5 67 84 154 202
    149 147 218 66 207 14 191 145 182 237 245 1 220 215 167 139 40 61 19
    158 2 9 172 241 54 231 251 184 171 105 229 196 57 23 74 197 57 242
    213 9 73 33 95 178 246 57 23 180 69 184 212 68 60 249 47 211 213 13
    197 133 70 173 65 250 97 219 132 34 161 171 147 161 221 55 60 193
    191 181 6 74 40 37 239 249 235 191 86 107 184 238 205 146 252 24 187
    198 147 70 88 242 223 15 161 33 144 97 80 116 166 218 234 67 199 103
    95 137 169 87 177 214 194 55 161 199 51 41 203 157 234 240 0 8 25
    201 205 63 177 106 184 207 13 197 228 101 156 207 196 82 181 73 44
    242 165 7 10 98 112 249 202 89 46 12 6 66 33 33 87 209 30 67 92 62
    178 118 241 124 206 74 156 36 203 112 227 80 6 98 246 170 196 130
    114 51 100 235 15 255 171 137 38 30 79 21 42 149 154 46 144 253 184
    19 51 226 233 98 201 166 73 117 206 79 194 51 31 44 226 207 93 196
    183 171 117 54 151 250 116 234 70 169 114 141 252 14 134 57 197 35
    54 112 117 177 53 47 245 104 84 12 246 140 245 121 212 118 153 197
    114 179 98 37 200 176 235 249 103 31 11 78 248 67 71 206 10 169 199
    227 147 149 169 45 194 130 134 113 225 184 215 189 123 166 97 188
    112 14 143 247 144 30 105 194 151 195 108 52 151 1 146 66 109 205 80
    239 123 26 250 254 71 34 89 66 159 55 119 62 6 112 162 131 159 167
    183 147 162 253 197 146 14 12 238 54 195 7 188 73 33 236 153 158 155
    101 243 19 11 75 190 129 88 94 15 254 151 96 161 68 94 246 46 26 131
    77 203 34 121 170 139 15 79 4 230 235 157 222 42 209 44 166 39 133
    217 211 120 216 186 146 43 10 250 79 34 93 145 136 167 208 157 181
    90 94 98 197 191 87 152 216 111 117 75 191 160 185 182 231 151 151
    204 30 86 180 120 201 122 32 124 91 29 68 205 132 137 198 53 197 58
    120 95 148 32 13 188 60 158 28 45 227 169 110 155 167 80 161 192 119
    108 80 32 1 58 43 17 105 144 179 192 146 95 89 74 87 220 62 39 190
    61 44 161 135 128 107 207 83 254 106 178 116 136 24 32 68 4 74 95 77
    45 102 100 56 216 220 137 15 242 97 161 187 85 208 205 86 130 206
    120 78 34 55 191 222 120 195 64 115 84 111 167 190 43 28 7 104 126
    35 162 31 53 194 241 32 152 252 67 9 81 2 177 48 46 146 186 109 112
    8 91 40 90 141 201 197 180 129 209 203 21 231 111 6 226 146 140 130
    184 34 39 146 148 4 213 33 151 131 61 193 216 69 66 33 208 178 36 25
    247 219 5 206 161 227 117 210 134 215 9 148 47 142 203 60 82 235 14
    45 143 38 184 27 168 106 253 124 245 100 94 252 156 34 58 6 195 156
    197 82 221 100 94 41 38 86 88 89 110 191 59 210 14 183 18 84 8 128
    213 237 199 10 89 110 91 24 64 20 154 185 82 37 56 233 138 99 201 37
    151 100 122 108 130 198 123 191 156 116 201 139 240 51 10 234 255
    156 25 230 84 148 107 114 178 16 94 210 99 9 228 146 147 221 229 239
    200 200 72 193 215 68 87 196 152 51 95 95 16 244 120 59 239 143 135
    5 140 242 113 209 103 79 16 149 15 46 203 62 49 79 253 116 212 107
    120 185 152 142 5 43 201 238 158 223 0 24 188 215 242 69 122 235 116
    243 148 243 123 32 220 75 139 113 162 41 107 56 6 85 66 66 196 108
    168 48 251 181 32 237 113 98 155 9 127 242 228 14 73 126 74 221 223
    164 39 78 254 162 198 211 162 89 22 143 10 4 196 7 21 27 111 84 250
    253 130 77 2 36 188 177 87 69 238 202 87 159 226 22 184 240 170 203
    44 196 61 163 198 180 154 239 33 227 249 26 47 213 16 118 205 66 211
    55 89 109 6 92 199 43 147 107 227 173 227 4 29 201 81 88 130 216 216
    174 51 212 213 61 190 95 132 101 137 172 234 3 244 23 12 120 241 154
    148 166 9 177 113 7 120 154 167 44 13 108 8 218 171 171 157 32 199
    250 14 250 127 146 42 46 84 67 14 76 138 201 8 155 140 227 254 6 218
    237 190 13 99 64 223 30 151 42 80 88 40 250 178 84 183 196 54 43 77
    207 97 225 197 161 215 102 200 15 5 234 97 81 63 31 220 137 191 150
    26 138 60 33 6 84 90 116 199 122 186 23 106 17 145 122 39 51 127 243
    130 246 51 137 35 107 121 250 10 8 214 135 246 210 209 176 159 89 10
    203 159 9 168 176 33 42 78 13 79 239 197 192 72 234 158 140 238 121
    118 21 197 145 182 193 70 247 203 247 209 142 170 244 197 89 158 17
    174 127 163 201 140 10 171 39 103 222 190 173 174 9 71 67 112 151
    210 179 67 180 151 124 183 124 128 123 80 116 26 245 87 136 118 101
    105 73 114 144 155 108 21 2 46 170 13 204 22 181 175 180 6 88 46 168
    206 182 138 166 202 87 229 85 141 41 30 248 57 152 61 128 228 164
    231 114 37 9 72 2 165 133 225 121 234 96 79 183 66 238 90 219 234 29
    177 255 49 16 201 92 103 121 31 205 22 84 128 49 146 18 219 87 229
    194 171 88 214 38 161 6 189 159 246 200 58 22 89 167 115 249 57 104
    177 244 79 235 40 250 96 49 82 246 142 162 131 129 231 224 207 118 0
    181 136 166 255 222 140 93 96 254 251 171 163 177 142 31 88 173 40
    176 217 217 225 163 144 115 75 61 166 146 254 33 184 49 242 232 13
    34 239 95 101 169 153 20 230 22 101 31 223 204 97 216 234 241 94 215
    99 67 173 43 233 56 10 4 236 253 25 0 110 22 53 47 184 158 234 116
    62 121 154 201 38 243 141 244 242 193 108 220 140 58 244 194 101 93
    98 238 48 147 221 234 200 160 141 124 203 109 174 215 186 213 2 7
    255 168 175 248 107 178 196 74 85 24 43 126 127 226 131 53 243 242
    87 87 18 122 21 210 126 142 44 82 189 29 147 93 46 195 113 69 3 26
    252 167 15 148 252 159 208 102 182 135 156 192 54 63 22 40 158 174
    97 196 100 102 25 161 30 170 11 60 47 128 215 127 189 89 200 162 13
    4 3 128 185 148 188 95 107 248 138 248 179 121 170 154 0 37 202 67
    176 227 47 131 177 145 248 110 6 4 211 71 122 193 226 161 97 241 89
    22 167 177 182 163 36 48 156 161 205 82 85 14 155 213 132 35 208 125
    214 136 124 212 169 227 114 236 3 129 43 55 106 11 158 135 44 62 44
    31 35 33 28 196 139 104 193 183 82 165 92 25 43 8 236 162 114 250
    141 103 123 221 112 163 109 102 191 21 211 245 102 73 252 0 26 171
    184 104 151 98 188 205 156 18 50 212 142 126 12 35 254 231 36 182 40
    18 167 172 218 7 5 67 4 54 78 86 238 31 235 9 67 108 203 15 64 95
    235 222 140 114 24 59 232 211 223 107 233 79 23 229 51 197 194 193
    197 187 146 177 160 45 184 119 246 197 104 205 115 238 71 6 133 37
    131 237 83 35 116 24 192 85 241 221 195 41 141 49 241 201 223 140
    200 27 50 102 4 27 135 125 240 114 207 15 92 68 87 26 28 33 209 200
    251 46 104 23 9 56 190 174 143 100 3 252 72 197 169 24 144 60 6 223
    16 160 4 159 28 180 73 188 208 183 159 232 150 163 24 77 59 185 183
    253 171 2 23 254 125 9 12 25 111 234 75 6 47 242 58 236 15 189 161
    45 25 200 50 72 150 119 196 23 34 192 216 235 184 221 46 88 230 48
    143 70 109 23 158 79 42 65 123 223 10 167 142 107 79 33 88 2 160 173
    16 79 29 157 113 70 6 22 1 191 166 175 88 97 251 102 118 220 115 27
    158 68 175 213 224 209 226 45 6 134 92 247 31 166 106 105 131 91 232
    53 20 167 237 201 120 180 23 125 38 174 15 123 139 111 157 3 155 197
    211 152 65 18 87 170 53 216 167 93 21 120 100 195 207 153 89 188 187
    196 101 33 58 112 184 241 208 171 67 179 191 172 172 222 233 141 99
    178 23 16 10 244 227 34 67 87 88 82 160 201 132 228 97 184 98 53 51
    239 160 120 143 235 27 108 149 70 90 250 182 49 83 208 142 196 8 206
    198 196 80 41 4 196 197 221 164 173 147 105 195 179 85 174 5 163 59
    127 224 125 168 167 147 209 195 42 3 198 115 3 225 46 78 180 112 218
    230 203 200 58 230 45 31 196 171 208 146 12 177 11 178 4 15 63 58
    110 139 232 231 229 126 142 21 247 54 225 229 252 11 190 246 114 4
    254 19 75 118 247 122 124 167 65 88 233 171 23 165 167 70 84 246 193
    38 206 1 6 201 103 59 54 84 5 191 95 108 171 200 128 110 56 142 206
    145 7 85 1 62 74 59 12 50 148 147 190 50 151 61 120 144 101 252 225
    197 23 44 98 160 147 137 111 28 170 9 67 29 94 54 196 61 218 169 50
    216 93 80 53 66 73 183 178 228 112 110 7 31 100 98 85 161 186 101 21
    135 2 145 101 98 39 157 135 65 16 250 21 213 151 142 11 28 254 3 99
    190 192 133 29 225 99 137 191 216 203 253 69 27 4 163 5 17 204 120
    177 240 220 72 91 115 104 114 73 198 189 174 145 125 0 42 15 23 182
    220 153 147 115 103 131 251 69 29 146 16 142 102 231 38 70 146 182
    222 20 150 166 66 147 155 111 45 234 206 84 225 229 241 249 96 112
    245 43 172 189 11 60 254 147 195 90 201 63 155 227 118 41 54 176 169
    1 231 52 69 133 33 50 159 198 32 195 245 33 213 101 138 35 248 214
    34 113 37 45 253 45 10 214 41 22 57 225 118 148 114 219 66 128 84
    149 127 222 241 215 199 163 141 82 98 34 63 231 72 229 238 40 31 56
    246 8 245 190 164 144 255 242 67 187 115 132 164 248 16 215 138 11
    158 135 164 130 38 194 242 53 229 3 154 18 164 61 49 75 71 163 40 24
    178 39 30 232 121 188 194 6 103 215 91 13 38 146 202 218 236 174 188
    182 75 131 66 155 132 42 8 114 200 149 205 137 32 87 192 237 65 15
    182 161 65 238 142 88 175 218 135 242 20 156 209 177 228 125 167 181
    124 45 197 101 76 247 245 59 238 67 162 84 152 209 82 144 107 30 196
    208 112 136 181 175 223 82 220 238 137 215 235 159 67 251 231 29 84
    203 203 57 90 144 67 152 0 46 168 1 96 243 2 0 88 247 118 10 240 141
    247 136 80 50 197 141 137 162 170 50 120 119 182 56 189 235 253 158
    246 26 151 186 250 137 11 70 66 167 69 12 47 148 145 199 193 122 117
    35 32 224 20 192 204 183 191 221 137 218 8 99 96 38 155 161 243 184
    143 166 59 32 159 134 36 171 63 72 223 23 19 242 31 189 234 4 176
    207 173 117 194 203 47 113 19 128 133 110 175 173 45 76 133 39 49 85
    42 23 206 49 251 219 244 90 59 164 179 185 219 245 63 164 180 77 140
    131 125 70 26 132 148 149 156 66 164 61 124 215 157 3 165 194 201
    145 112 55 68 122 253 7 10 218 173 130 78 235 81 182 156 33 29 196
    189 36 83 3 252 77 36 41 47 222 208 249 59 54 139 229 151 33 46 64
    128 103 139 195 185 31 53 67 115 63 126 239 76 14 241 115 40 141 227
    204 151 54 192 237 232 178 118 28 59 200 119 177 216 172 59 203 139
    67 108 121 47 134 162 168 227 92 141 115 24 157 213 149 106 249 13
    207 220 197 97 32 194 156 66 173 216 225 93 42 184 200 44 114 120
    111 188 149 83 106 183 213 135 223 232 106 24 138 1 213 38 190 10
    142 12 91 220 29 70 198 130 243 183 173 247 205 157 137 6 200 14 7
    215 20 219 140 138 6 95 169 252 187 202 49 23 202 223 95 42 132 214
    125 148 240 203 114 74 154 115 104 141 162 182 224 213 186 251 101
    172 60 105 129 30 0 204 177 233 152 227 106 52 186 198 54 135 85 56
    152 193 160 157 196 37 46 110 190 8 127 234 253 205 241 234 85 3 195
    92 70 108 167 23 216 47 151 122 174 114 128 94 199 149 16 157 10 164
    46 140 85 59 7 42 242 20 21 234 248 208 59 12 186 115 44 44 41 109
    32 161 189 30 104 149 114 153 182 94 168 240 104 20 203 182 90 182
    201 91 251 235 205 88 156 107 20 174 187 1 235 163 236 68 173 134 37
    53 116 121 245 149 203 29 164 64 3 154 78 140 96 43 13 238 146 180
    248 152 15 55 81 238 230 194 126 96 130 62 6 120 106 104 251 201 170
    214 172 243 205 176 119 163 197 244 202 178 171 43 149 43 235 183 44
    120 14 93 247 17 55 32 161 71 31 156 181 98 200 233 142 207 239 217
    237 7 72 199 168 61 138 2 17 128 213 60 102 32 131 239 31 154 190 20
    135 87 239 98 131 104 137 210 21 26 246 92 85 98 7 93 30 36 97 98 61
    51 91 182 86 14 202 119 253 81 111 89 215 113 122 68 210 147 113 169
    28 143 175 157 204 102 103 9 209 5 232 223 213 140 221 104 173 21
    169 159 72 87 64 243 48 150 207 55 95 253 226 214 226 141 89 197 70
    11 93 2 147 33 152 104 122 225 100 152 49 67 150 9 33 9 177 16 18 15
    221 93 146 47 20 93 4 182 34 241 55 66 253 220 78 48 222 15 4 29 218
    212 197 218 28 189 211 186 157 8 113 172 184 110 141 94 16 174 215
    137 69 105 93 124 185 221 1 65 79 125 241 131 125 89 95 40 192 114
    10 17 71 25 47 25 26 201 156 67 214 197 182 11 235 28 224 100 88 248
    32 109 161 209 205 194 52 105 141 44 32 215 232 109 52 205 93 114 65
    231 101 8 169 91 79 12 245 187 71 122 168 3 184 41 155 225 133 231 5
    89 19 167 68 111 236 162 75 193 3 176 239 240 87 43 156 14 28 49 233
    210 42 167 40 175 50 230 23 48 170 20 29 223 33 156 153 234 199 70
    219 205 150 158 103 237 7 153 233 118 64 217 61 82 61 250 125 11 226
    164 116 39 178 185 20 53 167 219 175 95 13 98 98 200 151 233 191 245
    158 113 78 87 196 77 49 179 206 113 229 104 215 61 111 19 178 206
    227 172 193 124 123 58 185 1 56 93 25 184 23 42 126 50 171 177 99 25
    10 203 165 29 221 169 19 6 153 13 152 217 184 64 190 227 245 220 190
    120 50 19 11 28 177 225 63 255 21 240 134 202 237 149 205 124 102 96
    186 162 26 70 175 112 57 163 39 61 222 29 248 135 53 143 45 232 170
    30 14 202 104 144 100 119 106 145 77 155 249 167 32 253 196 115 28
    169 88 161 147 238 3 197 206 1 13 242 90 83 243 60 28 152 155 24 78
    149 229 235 54 210 195 101 130 233 251 163 72 75 209 156 117 109 6
    246 172 26 113 248 132 179 162 144 242 36 46 144 91 117 230 141 123
    45 152 63 27 188 103 56 43 245 27 2 66 170 46 25 200 199 243 223 249
    150 107 8 230 205 8 40 250 76 188 123 226 32 120 239 155 188 3 79 30
    250 113 2 96 142 46 22 12 181 223 234 110 78 55 243 154 121 82 164
    179 26 255 88 170 217 175 186 183 105 46 227 130 122 195 211 205 69
    78 208 184 206 217 250 168 162 186 240 120 111 202 78 83 43 252 244
    135 104 61 224 21 70 39 224 186 114 131 98 139 245 163 243 8 20 25
    97 202 9 245 23 9 214 57 41 104 39 122 117 151 254 148 110 149 195
    90 81 231 250 20 44 78 52 150 171 83 114 9 100 66 143 101 192 91 10
    158 92 195 158 36 43 96 165 160 44 65 190 176 186 139 62 192 153 117
    164 240 26 244 249 226 130 126 234 178 224 142 45 154 59 172 167 122
    147 218 46 194 78 48 121 93 114 133 233 179 60 216 108 247 176 107
    26 199 220 249 235 238 114 187 14 245 2 43 206 189 25 103 208 151
    207 106 56 213 251 179 170 137 166 139 205 165 28 27 98 170 27 16
    253 4 97 76 251 210 153 226 15 53 111 180 126 255 74 128 127 29 182
    162 143 175 46 143 237 222 176 255 54 10 74 98 132 239 19 68 76 119
    51 143 62 56 221 188 14 125 131 95 138 94 22 162 217 22 4 76 70 157
    147 1 73 255 134 243 37 152 125 68 48 84 0 116 172 122 204 34 60 89
    62 176 247 100 116 54 159 128 72 239 187 192 129 70 82 84 168 108 31
    41 188 203 91 145 63 73 132 152 167 36 244 184 10 238 180 4 137 121
    239 30 77 43 162 118 165 30 7 183 50 123 198 188 51 93 47 148 55 98
    128 41 108 174 58 72 4 58 145 56 131 139 34 204 241 205 100 201 10
    65 215 197 158 237 80 109 177 229 200 218 80 227 60 165 184 155 33
    69 79 35 12 229 244 154 155 31 86 226 40 201 254 170 240 204 17 82
    26 251 211 171 174 109 94 251 177 121 140 138 167 235 220 26 150 45
    54 200 232 116 181 103 3 88 138 128 38 16 191 122 133 44 181 244 88
    168 13 227 210 181 150 193 125 195 14 227 1 233 169 131 229 2 44 5
    108 223 222 70 219 104 179 149 66 62 45 117 57 211 64 230 1 35 223
    180 177 144 199 207 182 12 180 13 199 167 57 100 179 83 101 85 125
    41 145 231 240 67 73 207 224 109 192 134 202 55 36 129 210 19 95 250
    31 12 74 90 172 143 255 31 158 55 109 103 160 197 175 37 5 2 246 120
    123 159 42 88 25 17 232 201 18 117 83 100 125 87 193 52 166 114 111
    213 58 9 179 169 84 154 206 33 239 248 251 54 196 170 181 130 23 46
    176 119 154 12 30 237 83 91 2 160 148 124 197 240 188 0 122 106 199
    169 203 142 180 36 214 77 222 178 83 205 10 144 141 195 179 106 205
    75 6 243 247 205 122 148 166 214 229 45 174 79 210 223 14 108 91 107
    21 203 216 140 136 51 71 17 228 127 194 44 9 108 235 96 109 52 152
    77 89 67 7 193 189 181 121 111 23 5 187 248 9 154 8 255 136 66 81
    219 81 172 174 20 119 20 18 16 146 39 246 3 50 128 110 149 101 201 9
    146 35 249 6 118 96 232 216 19 123 46 106 74 250 108 163 163 182 57
    54 225 52 121 232 230 105 35 36 250 15 95 220 13 143 117 160 162 69
    207 92 235 251 125 118 141 126 44 90 102 219 71 234 106 114 50 22 1
    21 125 27 226 146 199 170 151 29 223 9 96 44 237 224 36 114 159 118
    199 213 87 28 123 36 27 234 123 25 236 225 100 210 92 113 25 141 173
    212 126 43 109 203 153 54 84 188 173 109 82 89 60 102 213 169 111 42
    65 200 152 93 246 163 142 38 106 184 71 175 255 236 151 204 18 192
    79 195 213 76 56 243 147 253 185 67 32 132 91 77 224 123 56 47 50 70
    64 119 32 125 192 103 52 14 108 188 193 211 30 105 201 61 78 210 62
    9 90 203 228 52 73 229 176 207 157 237 213 221 34 202 72 192 252 54
    127 46 247 185 181 101 54 137 227 120 85 121 222 45 2 248 193 124 29
    87 117 7 100 106 99 172 15 89 222 67 207 69 252 188 86 251 154 232
    46 66 173 230 104 27 62 190 14 64 79 209 251 47 203 222 86 138 59 9
    10 170 8 150 161 121 130 199 48 142 62 184 255 233 181 162 97 249 3
    5 49 197 63 176 107 190 171 143 22 60 151 54 45 206 224 66 78 123
    134 22 250 81 252 11 7 189 236 125 107 126 177 208 70 214 67 9 159
    15 29 238 17 28 74 115 17 200 213 112 178 186 179 56 8 43 113 135 87
    237 3 156 85 21 176 208 145 35 86 110 102 183 43 162 83 96 186 154
    104 93 55 216 26 187 235 45 199 136 161 1 207 8 181 37 249 72 0 48
    102 219 18 78 81 45 59 84 141 177 122 23 143 165 213 248 221 112 84
    180 220 116 161 130 122 24 130 27 63 228 62 23 213 30 231 136 231 65
    179 147 172 232 208 227 99 255 105 33 209 12 47 234 149 72 161 23
    106 5 33 99 74 76 98 192 156 33 174 93 158 128 191 31 212 2 242 93
    74 121 129 115 136 16 70 121 92 68 155 22 197 38 190 85 224 181 210
    90 70 43 214 29 235 95 102 203 89 125 219 232 71 218 48 208 78 69
    153 103 18 191 222 185 164 142 123 64 59 205 150 251 215 126 78 13
    169 123 255 82 242 133 75 62 59 222 201 90 192 21 193 177 150 35 62
    79 55 118 121 222 146 180 214 85 47 68 226 25 208 22 3 38 224 238 58
    228 80 92 170 162 85 37 92 81 155 164 177 245 95 200 162 68 241 125
    122 231 35 207 90 34 18 155 187 55 2 127 10 117 8 71 16 9 55 4 146
    82 121 114 168 11 176 41 178 76 188 194 178 178 62 229 237 114 50 90
    125 164 10 199 135 248 64 206 62 130 226 224 247 18 123 70 145 95 0
    38 152 124 0 226 79 107 117 18 87 44 175 236 100 178 76 64 137 241
    27 216 235 162 144 166 166 210 12 2 89 200 85 82 126 44 184 235 248
    243 63 193 78 56 117 118 229 42 242 27 43 31 70 151 164 93 121 117
    97 119 1 4 210 213 2 132 195 249 92 83 134 153 56 21 83 135 101 160
    27 120 77 81 48 52 168 116 191 199 103 65 139 127 109 81 199 119 59
    209 199 223 147 188 99 29 47 50 0 97 111 8 123 219 134 118 114 32
    152 251 29 88 123 135 86 83 1 185 125 140 210 18 132 235 183 134 90
    224 255 74 13 25 139 202 213 116 12 191 45 214 126 36 235 35 30 128
    255 48 74 75 189 114 214 52 60 22 69 156 182 230 76 158 27 4 141 154
    185 75 63 86 179 96 39 73 75 172 158 157 153 254 56 218 233 218 46 9
    50 231 112 229 27 8 7 254 146 241 139 169 144 155 38 151 174 80 132
    66 122 68 195 193 56 129 162 95 138 216 254 92 144 238 100 134 23
    234 208 215 214 23 172 158 10 131 226 190 56 253 217 150 185 62 83
    123 138 133 81 60 90 195 96 230 71 88 247 232 245 175 172 33 23 235
    254 159 226 180 47 24 52 8 149 115 92 162 62 162 238 233 244 19 196
    6 239 60 69 67 138 110 165 244 123 106 103 173 63 144 185 13 39 30
    176 123 61 108 114 49 201 14 72 97 255 101 242 53 167 125 0 89 219
    171 5 147 213 234 225 184 20 113 160 71 102 201 51 191 185 121 119
    36 12 207 173 134 230 127 44 49 112 170 102 237 64 65 43 155 184 137
    226 190 19 220 219 202 193 170 121 60 83 134 255 43 0 47 255 57 8 69
    207 174 20 92 0 241 74 104 15 64 107 182 216 185 201 74 118 219 204
    155 57 37 111 233 132 135 216 17 225 207 182 138 67 80 53 79 167 125
    31 229 10 192 186 33 130 155 52 90 32 157 228 51 190 207 10 114 249
    232 214 4 194 26 91 72 8 118 87 153 165 224 49 226 162 71 32 213 188
    197 44 59 35 120 39 56 214 64 255 38 46 110 41 183 130 6 93 0 223 3
    194 56 13 153 78 59 246 2 127 47 42 19 40 61 36 203 94 120 126 210
    108 117 156 149 98 253 55 171 247 104 95 51 34 65 35 170 94 215 191
    112 68 11 230 76 32 128 105 10 135 70 29 7 99 190 188 198 37 216 66
    138 55 206 5 10 123 80 149 48 226 208 241 163 85 60 244 113 156 20
    197 182 187 243 143 251 122 3 34 83 161 14 164 101 49 94 77 76 200
    185 17 239 158 113 191 243 255 231 32 124 113 125 31 159 72 54 235
    51 165 222 51 179 0 57 20 228 199 216 155 111 53 125 16 159 155 255
    85 43 242 72 153 156 0 122 198 242 248 8 202 218 164 164 208 13 118
    191 87 114 204 167 231 225 70 195 5 195 177 12 8 146 244 208 229 37
    78 122 112 180 176 245 162 89 216 76 170 42 59 152 114 6 42 78 61 89
    207 231 53 36 107 151 58 45 5 123 74 123 204 178 146 232 43 142 162
    232 247 225 112 121 97 108 43 43 117 43 62 148 243 178 227 8 62 229
    166 104 65 183 12 36 45 227 215 201 92 133 81 2 227 231 32 83 5 100
    18 244 23 77 61 107 190 39 140 18 174 247 151 44 247 84 134 24 61 25
    34 68 61 200 226 62 149 80 96 201 240 8 147 134 12 84 138 148 96 175
    91 29 174 194 17 83 157 251 68 178 60 81 48 248 9 88 240 43 245 45
    82 252 0 65 226 116 92 160 167 3 119 247 139 255 169 250 254 77 164
    3 75 6 41 227 84 82 176 124 84 97 34 48 177 171 128 249 72 97 168
    104 84 18 221 214 115 59 226 42 199 40 124 3 162 84 45 33 188 24 191
    154 82 204 119 72 15 34 239 118 10 33 122 79 63 68 87 154 69 5 96
    231 254 164 111 229 43 251 10 174 193 103 161 97 229 107 178 100 243
    78 185 178 225 213 55 220 4 35 147 121 74 136 210 249 14 149 8 221 9
    12 174 36 96 254 1 66 111 192 164 22 202 183 45 188 157 129 135 8 59
    169 136 112 132 207 146 20 68 104 152 242 198 175 245 6 26 38 140 69
    116 70 91 129 214 153 204 83 30 56 150 14 249 191 54 218 179 237 204
    54 220 147 149 30 128 242 77 194 225 114 251 134 16 31 10 125 4 106
    61 116 29 116 162 186 235 6 27 57 217 188 139 191 236 157 68 110 168
    59 147 14 25 19 24 91 164 167 156 215 18 217 164 122 18 150 229 54 2
    227 92 195 50 165 36 144 78 37 17 162 221 207 17 64 177 82 160 64
    116 204 237 149 24 41 146 192 134 96 229 249 131 221 0 195 192 101
    67 81 191 88 84 4 15 190 107 247 253 1 153 166 60 142 239 50 97 60
    174 99 61 141 107 75 81 148 126 196 162 251 94 225 45 193 110 36 24
    196 166 61 110 65 149 139 39 234 252 17 164 97 98 113 113 179 103
    114 20 23 52 161 101 108 210 237 124 171 80 203 164 98 154 93 11 196
    177 71 50 166 59 205 90 202 109 177 152 79 181 38 161 46 83 35 254
    79 112 35 59 174 21 179 37 51 28 140 217 166 165 124 43 114 67 189
    77 109 61 179 109 63 38 247 154 132 168 83 125 251 108 49 46 33 102
    96 94 230 17 45 62 40 102 205 110 12 132 170 226 216 54 32 86 3 252
    108 109 127 137 248 171 64 40 63 29 101 172 139 31 204 55 87 160 141
    48 199 119 14 158 189 219 240 53 32 211 42 5 68 79 128 236 184 40
    105 66 12 155 121 109 125 3 16 86 93 99 229 235 63 171 186 203 110
    174 197 54 243 161 206 216 79 93 157 216 179 13 234 161 234 214 139
    111 167 183 43 160 74 216 254 143 135 19 33 179 58 129 179 235 159
    223 246 74 195 122 208 90 2 237 76 146 113 123 55 18 140 68 149 145
    193 19 117 249 255 14 226 102 107 98 73 27 37 177 6 182 103 19 85 61
    179 36 176 138 116 66 153 52 22 111 184 147 77 87 149 241 40 111 202
    211 89 77 1 148 234 252 61 87 167 71 86 222 138 8 199 203 13 86 164
    143 153 168 128 180 90 133 43 15 87 88 116 28 42 3 212 46 220 30 111
    100 243 67 211 202 150 36 185 33 37 82 250 255 127 57 90 253 43 61
    61 240 153 39 79 188 63 134 5 215 39 234 61 81 31 210 19 86 183 74
    113 19 226 51 211 144 156 253 200 28 92 178 193 239 224 97 24 102
    245 116 108 105 227 54 195 146 165 25 242 9 112 67 76 185 165 241 67
    221 58 2 101 238 174 31 165 242 10 104 178 152 151 249 245 42 171
    200 92 21 160 228 247 234 190 250 47 99 207 152 115 22 45 15 188 23
    237 137 15 17 108 25 73 77 66 9 207 59 24 214 218 232 254 4 63 227
    67 19 180 107 225 250 85 90 111 237 48 229 123 220 165 45 135 83 67
    53 88 115 107 160 135 242 27 168 132 126 170 114 5 176 22 15 20 94
    97 245 184 31 189 210 55 122 226 90 243 111 0 74 201 63 62 92 10 248
    82 95 48 179 18 227 117 138 70 15 156 254 73 39 127 100 142 253 5
    115 199 225 175 38 97 15 178 78 195 19 74 213 199 41 214 11 170 41
    83 39 102 197 172 174 6 117 82 45 143 131 86 238 199 138 101 216 183
    51 186 142 76 189 38 105 28 130 211 214 176 121 111 186 20 232 11
    167 58 244 236 82 166 221 246 203 121 239 159 27 28 205 107 218 33
    158 53 237 4 116 44 182 79 193 156 161 229 69 250 185 80 41 225 180
    96 13 206 130 41 143 63 197 223 114 199 186 89 35 94 121 26 67 95
    197 97 236 194 181 152 230 74 94 56 160 195 85 125 210 209 9 107 79
    134 190 134 45 208 158 238 226 119 114 18 230 3 216 84 110 142 111
    177 14 96 200 1 160 43 123 110 78 34 201 176 92 46 116 28 184 2 138
    62 179 219 80 215 200 252 208 99 216 220 238 125 94 84 175 68 30 58
    186 201 159 186 188 133 98 34 74 238 205 47 255 225 191 246 249 197
    0 172 87 2 37 228 235 18 142 187 209 245 238 113 4 128 180 136 45 64
    6 244 218 52 230 147 185 211 146 133 39 114 143 225 112 218 223 169
    134 168 130 80 168 82 251 153 31 181 50 154 180 168 248 209 160 128
    199 214 27 199 133 253 217 170 36 155 93 246 191 118 48 134 26 47
    185 43 229 17 249 155 16 123 103 211 152 230 209 166 104 97 200 124
    165 171 219 183 101 135 145 176 106 173 48 9 110 119 69 55 212 162
    225 2 117 83 141 6 244 205 97 205 177 239 221 237 244 105 21 90 96
    101 133 38 132 34 101 97 24 41 35 110 241 249 157 161 124 75 240 204
    96 245 208 62 76 61 105 108 103 196 110 225 62 76 193 42 41 20 230
    25 147 124 85 212 233 3 206 131 247 165 205 77 33 55 208 48 199 102
    5 66 78 196 67 237 123 105 199 152 113 21 238 24 200 139 141 94 210
    158 250 172 7 243 147 142 186 209 57 7 69 192 101 251 228 254 80 91
    119 242 160 113 214 144 227 249 208 119 192 38 29 114 92 224 143 184
    116 214 174 158 176 80 72 169 11 225 55 137 226 3 19 166 173 168 236
    64 115 8 24 202 65 36 119 235 210 223 164 237 189 172 2 116 185 102
    221 17 28 223 101 65 1 115 121 12 140 194 225 248 151 123 154 147 53
    141 85 37 236 54 32 50 131 136 199 178 164 156 110 214 235 26 159 64
    27 46 101 37 74 96 23 86 236 167 159 237 142 201 188 76 113 74 177
    17 210 126 239 84 203 75 60 166 149 129 252 112 101 65 216 236 84 52
    40 63 123 171 38 42 212 217 86 50 58 100 173 177 34 242 158 9 213
    146 130 10 186 119 161 107 181 179 146 86 110 22 36 23 252 247 26 69
    104 212 104 94 171 192 215 130 197 149 145 249 14 113 247 62 4 169
    215 122 239 114 212 231 170 64 175 126 244 122 127 51 81 78 108 108
    146 161 99 14 44 138 113 179 83 126 166 153 117 116 202 143 93 33
    188 126 231 255 146 141 172 245 114 157 146 146 28 58 231 137 104
    108 135 201 156 153 136 49 104 107 142 115 167 2 186 245 83 68 114
    103 167 206 152 97 219 246 75 239 28 136 247 255 129 252 62 64 215
    236 17 242 94 82 128 50 44 223 188 216 161 140 123 62 209 99 1 158
    250 225 173 250 238 249 236 110 252 81 145 254 50 177 246 220 159 17
    83 10 17 223 117 187 44 81 16 79 88 202 163 181 173 81 249 199 91
    189 9 156 102 161 235 95 48 210 8 254 83 202 116 236 79 114 146 143
    79 180 169 204 104 3 6 18 174 109 156 100 141 220 210 11 46 152 202
    65 236 238 140 249 243 38 199 235 44 208 162 41 174 116 84 86 164
    225 157 119 159 109 128 117 238 85 136 183 142 231 17 12 89 122 42
    163 223 135 148 44 208 24 115 68 141 85 130 245 89 81 64 230 104 165
    242 8 199 255 80 131 48 58 186 54 101 209 237 120 81 50 49 70 83 158
    148 19 64 82 134 223 6 201 202 253 113 164 228 118 63 105 112 246 7
    105 227 122 60 186 50 78 153 53 239 23 33 196 141 37 87 21 183 157
    208 28 59 163 222 249 147 108 72 75 84 163 75 5 106 170 202 79 7 60
    10 35 27 36 182 46 72 113 179 111 175 72 213 143 243 1 211 240 9 72
    70 112 86 86 89 236 224 131 234 195 207 215 121 177 89 45 36 111 48
    43 244 97 181 208 211 204 228 240 131 253 117 126 11 220 123 198 251
    118 69 240 61 217 247 111 178 220 178 175 183 72 183 52 240 98 177
    199 81 73 95 114 235 121 167 149 231 68 110 180 62 82 236 254 28 176
    66 85 140 195 205 140 121 126 202 36 70 238 34 159 82 167 105 80 49
    125 84 55 30 26 192 106 166 43 164 40 92 110 169 8 1 254 88 76 255
    150 89 232 118 160 174 51 211 56 58 59 169 200 74 106 228 66 139 101
    210 140 125 143 143 195 130 162 106 24 18 30 164 220 210 123 37 4 21
    171 252 102 154 36 56 50 198 65 29 66 112 246 0 22 223 166 3 161 50
    35 228 225 204 29 247 193 153 254 109 244 178 136 127 177 58 65 173
    65 191 121 99 122 178 184 168 125 185 184 128 130 73 82 216 7 248
    116 201 108 172 250 189 56 178 103 46 105 127 250 189 57 135 229 138
    204 8 131 103 48 251 105 8 177 241 119 5 151 164 222 147 171 95 207
    174 31 42 146 200 141 207 36 107 225 228 229 217 93 36 195 29 60 12
    223 126 28 24 18 118 235 66 243 37 171 65 181 32 14 192 91 85 108
    155 4 196 223 218 162 162 62 201 246 247 115 223 110 83 28 172 127
    87 76 4 178 173 120 190 202 96 219 78 139 247 105 37 177 120 139 80
    70 21 246 100 35 245 43 118 152 128 8 59 243 165 15 240 255 78 213
    229 114 76 109 217 100 159 194 225 250 157 177 1 106 74 122 172 140
    98 72 9 97 42 165 226 169 150 182 40 252 92 196 218 123 12 32 165
    215 114 125 230 66 144 88 175 223 193 255 104 24 6 225 105 80 72 223
    77 94 248 11 22 205 163 41 248 22 187 204 200 203 153 104 79 61 144
    60 209 213 55 41 124 231 7 133 170 74 80 128 77 65 217 160 189 225
    29 115 86 51 244 78 239 182 47 231 181 176 252 84 120 93 239 190 240
    228 112 153 178 234 40 55 226 92 245 192 153 82 156 109 253 221 208
    2 199 22 143 5 81 226 25 243 151 40 219 176 143 63 40 218 67 226 215
    237 126 193 248 48 66 80 49 177 48 196 177 221 79 223 115 219 168 96
    78 181 79 85 151 194 39 180 40 86 177 231 141 245 201 67 64 72 57
    166 78 1 170 174 113 221 135 20 23 74 32 248 204 125 123 197 174 133
    73 254 116 10 228 146 129 116 21 214 29 185 20 219 25 61 34 8 42 96
    144 164 103 46 13 165 96 65 99 94 205 80 214 200 72 245 152 143 135
    197 77 162 22 168 229 89 37 154 198 157 147 17 166 21 252 254 116
    101 29 167 47 42 49 52 2 174 218 152 60 31 240 126 221 29 115 53 24
    174 134 135 224 213 82 172 250 1 126 233 2 172 80 45 86 96 149 30 97
    100 50 39 181 182 80 206 224 167 92 186 109 117 187 52 202 164 70
    192 46 54 85 69 53 243 13 73 90 182 223 180 209 135 63 235 216 162
    213 85 168 175 153 47 26 11 131 152 107 40 248 187 47 171 140 125
    200 206 137 172 214 199 80 37 88 201 105 215 88 100 214 67 220 196
    185 81 207 65 79 220 32 210 188 74 189 233 37 124 83 165 219 104 9 6
    84 153 33 118 131 21 34 189 159 76 113 55 156 84 151 149 167 30 201
    133 154 107 222 228 246 183 238 32 33 117 241 13 254 191 200 214 52
    23 30 99 133 172 57 104 109 221 208 12 231 122 174 192 227 164 158
    19 105 246 171 84 120 198 223 61 121 182 33 94 0 6 169 18 124 51 52
    237 120 83 143 81 45 248 109 77 114 35 111 135 228 44 48 185 253 31
    175 76 223 156 13 99 119 1 112 15 74 202 71 239 216 216 54 163 164
    203 48 27 30 236 73 138 250 211 242 66 50 208 21 102 247 72 151 89
    51 199 231 160 145 62 132 175 237 228 19 121 81 42 213 4 173 58 9
    247 20 229 79 69 119 202 47 74 12 125 169 191 17 49 223 181 169 35
    188 175 108 255 23 206 13 132 180 122 150 118 43 121 174 229 117 128
    64 94 191 39 183 115 62 61 237 132 196 115 107 130 203 14 26 132 250
    119 42 7 158 81 174 234 159 52 52 193 247 133 23 155 56 42 221 34
    194 126 36 30 101 220 254 141 98 124 69 77 253 207 160 249 95 105
    232 130 89 115 70 230 101 124 52 87 29 47 80 8 76 126 13 90 143 15
    34 121 24 71 221 154 65 12 130 211 199 82 253 31 122 139 251 42 173
    244 206 150 104 201 245 228 93 234 82 225 207 234 200 128 180 86 24
    230 197 133 169 153 178 245 245 49 182 180 111 141 252 21 124 178 29
    140 132 7 5 23 148 205 117 25 53 214 216 154 16 74 10 15 104 123 35
    225 41 187 73 177 251 72 171 17 218 61 154 183 52 7 186 75 240 69
    228 189 110 130 117 177 176 202 61 193 205 193 49 127 84 142 186 58
    123 189 87 82 81 60 236 39 44 17 86 138 187 108 139 176 163 49 169
    64 80 193 29 191 221 103 79 74 42 171 251 252 140 64 107 76 23 27
    237 237 99 198 128 57 130 164 213 172 52 176 183 2 215 192 182 136
    90 76 66 195 49 174 214 194 188 83 39 181 77 48 31 193 227 157 131
    197 12 252 85 27 58 229 80 184 44 115 150 47 255 132 250 180 248 86
    30 228 49 206 88 251 226 224 121 60 172 114 20 186 247 9 30 64 194
    202 65 143 110 235 229 29 85 241 3 32 139 111 100 159 147 219 79 75
    46 48 198 222 76 174 185 12 154 90 99 170 124 31 40 156 251 158 124
    34 152 207 139 105 246 39 151 168 244 68 63 150 170 58 171 81 35 135
    232 25 239 233 38 104 127 61 237 80 116 0 77 119 204 189 52 59 131
    112 89 126 222 206 167 87 143 220 181 196 50 47 151 39 122 16 55 207
    2 22 240 199 193 72 145 188 24 68 215 190 166 99 68 108 66 225 30
    188 212 97 140 18 225 76 233 44 73 154 51 239 29 99 50 40 214 77 100
    114 84 144 169 224 159 157 9 173 172 137 81 38 186 13 141 48 135 241
    191 39 17 79 52 47 66 115 89 38 79 99 21 146 151 148 222 23 226 22
    250 104 201 211 97 121 45 69 252 206 245 237 98 184 190 173 229 37
    160 193 184 209 191 82 56 111 163 1 147 80 107 51 87 186 29 192 193
    157 126 85 178 42 191 210 3 85 176 109 14 219 221 25 188 243 48 177
    40 141 132 14 71 71 111 252 193 62 118 69 162 100 44 207 24 84 224
    57 128 222 22 190 16 215 143 62 87 207 14 55 88 148 214 107 62 206
    203 40 168 155 140 162 76 150 151 239 63 185 95 53 15 198 55 161 64
    124 56 87 119 141 87 112 169 220 253 171 167 155 199 86 77 45 223 81
    126 103 86 147 103 62 204 2 140 116 85 202 68 63 147 68 222 166 40
    213 186 254 63 111 99 10 124 198 108 59 27 155 152 101 24 151 54 137
    14 45 253 73 247</data></test_img>
<my_img type_id="opencv-matrix">
  <rows>100</rows>
  <cols>100</cols>
  <dt>"3u"</dt>
  <data>
    255 131 255 255 160 57 4 251 84 255 177 172 255 43 149 255 112 228
    64 46 4 114 98 255 51 77 142 112 101 150 241 239 137 0 112 149 255
    229 255 56 113 31 115 35 111 40 6 141 255 10 94 188 40 35 241 255
    255 161 39 105 209 168 159 78 245 166 164 172 172 255 223 13 136 78
    185 99 119 71 172 213 219 255 18 142 155 198 2 31 142 19 50 118 58
    40 28 129 255 158 189 15 244 86 161 56 255 255 253 195 101 155 95
    133 6 152 39 255 209 209 144 211 165 208 117 133 175 83 207 217 191
    147 188 193 255 246 249 42 68 49 83 213 157 108 255 173 192 168 118
    210 7 222 174 56 78 177 4 210 220 255 206 1 48 82 18 121 254 68 180
    145 174 131 115 114 169 145 208 174 8 49 107 118 185 255 229 122 0
    255 0 68 131 174 181 30 225 254 134 44 232 187 176 147 43 31 99 255
    122 71 89 222 15 66 92 45 94 197 107 229 251 43 164 136 217 42 170
    27 220 137 23 82 255 135 195 57 138 99 145 176 127 222 173 21 49 152
    255 48 252 152 255 145 123 255 205 36 11 17 138 255 86 53 28 246 218
    67 4 84 198 15 182 12 53 105 218 123 43 255 11 207 166 32 191 94 179
    68 246 158 47 255 200 37 9 56 99 186 84 77 255 11 181 57 73 18 39 40
    71 122 255 247 255 147 134 29 191 151 27 162 91 112 145 82 175 50
    255 175 146 254 177 236 15 181 175 199 242 237 255 57 84 12 255 41
    30 255 135 255 163 223 214 251 10 241 224 79 2 40 72 200 53 46 99 76
    152 196 255 139 226 83 236 206 67 57 0 86 215 101 20 107 199 67 94
    255 255 247 223 61 87 255 86 114 238 231 85 255 186 89 255 4 239 155
    194 165 214 255 255 255 21 232 39 108 41 189 192 255 222 121 51 116
    205 188 158 126 127 57 70 230 118 18 255 71 225 149 244 255 117 90
    180 153 72 237 238 117 247 98 125 115 97 32 145 91 41 92 128 44 13
    78 223 255 60 182 255 151 66 222 209 22 171 107 185 106 184 207 84
    32 232 210 172 188 95 10 226 255 9 228 202 219 39 123 118 22 76 176
    187 66 58 140 73 82 150 155 198 140 33 51 88 32 78 219 191 204 116 9
    148 100 255 225 44 237 202 255 255 138 221 22 50 238 2 186 197 255
    35 32 121 167 194 255 75 159 181 227 203 255 238 120 29 223 3 172
    200 235 121 93 113 97 87 205 57 210 8 182 255 36 224 221 57 142 88
    68 97 194 96 81 214 12 126 138 10 159 165 218 236 110 26 221 255 211
    97 136 115 93 68 129 144 98 77 255 120 241 255 35 177 242 221 16 255
    255 255 255 249 104 131 5 73 255 107 197 23 2 56 164 158 230 128 151
    117 203 30 53 154 106 240 158 14 103 255 102 8 125 58 132 189 149 72
    253 178 56 255 210 101 255 88 39 106 223 114 60 105 77 197 170 140
    188 77 32 59 76 234 198 63 255 255 226 3 255 132 255 55 145 46 194
    69 90 128 125 127 112 136 60 226 83 55 172 158 195 169 71 41 144 215
    13 34 69 102 255 148 157 163 155 122 125 1 73 38 89 255 144 189 83
    215 249 48 110 190 50 46 180 81 142 9 182 165 5 128 32 131 194 255
    15 88 180 187 141 26 150 55 221 39 223 199 246 159 40 43 100 90 175
    208 28 213 170 43 28 41 255 30 240 199 251 236 133 30 206 160 103 30
    255 146 177 65 255 95 229 88 247 99 235 255 97 83 72 169 61 229 164
    72 255 144 205 5 255 254 197 251 33 111 224 6 174 175 165 238 255
    112 116 189 174 120 125 160 96 152 159 68 180 93 129 73 51 150 44
    217 57 255 45 212 255 157 123 112 14 91 22 151 20 73 179 37 248 255
    18 229 246 206 71 101 203 128 222 94 99 173 9 165 185 18 248 92 124
    94 36 15 255 113 67 21 85 136 62 58 131 108 255 56 167 174 27 255 71
    240 255 155 181 224 52 95 205 164 255 194 182 249 26 181 97 255 28
    122 244 30 211 53 136 23 7 237 117 130 59 175 229 236 236 53 137 141
    255 104 31 23 108 25 95 164 61 116 60 255 100 59 111 160 122 199 12
    202 236 255 49 130 255 169 11 57 0 81 185 80 175 255 37 255 57 19
    124 255 142 82 255 84 228 49 43 49 191 213 20 167 61 116 134 138 41
    38 223 204 46 140 253 35 169 186 255 128 224 2 63 251 13 2 1 94 225
    55 255 112 128 175 217 210 123 88 255 197 23 42 248 72 238 153 44
    164 115 244 114 235 36 239 150 105 49 218 177 214 29 174 246 255 160
    173 24 226 91 16 94 138 255 91 169 83 108 152 37 247 219 53 59 109
    35 95 90 139 104 255 242 55 187 156 182 204 15 60 236 214 140 42 255
    27 210 225 116 13 198 62 35 81 162 91 198 254 96 61 50 79 7 220 65 7
    212 35 132 105 149 209 41 139 255 41 197 204 112 143 110 24 33 255
    149 145 249 150 187 255 52 230 139 100 94 50 89 38 175 255 11 172
    134 107 174 153 255 93 46 160 87 205 241 175 211 76 42 234 8 226 210
    118 131 234 142 254 107 142 35 80 77 108 33 24 50 53 114 62 170 186
    125 185 128 116 255 214 49 161 92 138 128 203 55 219 218 255 181 34
    7 172 80 11 164 255 255 102 211 178 36 122 255 181 150 174 251 39
    199 15 246 98 50 214 121 224 204 73 165 233 72 74 96 255 255 210 208
    95 220 255 175 64 86 167 246 255 199 127 255 151 195 114 119 255 143
    225 255 159 255 10 220 210 115 150 53 233 148 7 39 29 116 209 255
    197 219 88 253 72 99 101 255 23 119 107 255 108 168 230 70 255 120
    225 255 60 255 48 219 228 150 67 27 131 255 32 73 15 171 171 255 220
    185 188 132 141 89 201 255 255 48 129 192 255 182 101 119 102 142
    147 176 67 228 77 55 50 243 230 2 55 29 5 139 230 246 143 104 47 94
    44 59 181 232 198 114 255 160 54 255 244 126 255 61 255 255 216 15 0
    88 83 83 50 91 68 43 119 209 109 174 204 164 60 9 72 173 65 58 244
    166 74 210 255 118 31 32 83 183 255 3 180 154 244 15 0 168 82 100 43
    42 213 36 5 255 120 45 255 95 58 225 249 227 224 255 192 255 9 111
    208 18 187 255 9 255 101 203 189 12 15 39 29 14 186 249 182 90 180
    97 153 99 70 79 9 57 101 255 211 255 211 78 123 238 145 139 171 56
    255 255 143 69 38 158 9 219 108 74 127 6 227 170 195 233 154 28 153
    255 53 114 116 53 31 202 165 214 122 112 222 103 220 255 53 72 32
    204 213 112 172 131 244 7 208 42 18 220 19 22 126 118 192 57 159 241
    105 9 1 18 255 255 193 201 255 74 199 87 58 141 255 156 120 13 121
    253 178 140 103 255 233 135 154 234 255 255 169 12 79 191 164 7 79
    255 131 239 28 253 27 1 65 213 255 136 194 211 83 56 28 59 255 255
    188 255 78 244 22 255 255 128 221 255 238 238 2 255 255 53 45 58 182
    244 174 31 153 216 59 31 73 255 88 46 219 246 56 32 32 27 209 245
    119 237 116 192 255 226 254 126 117 127 110 111 255 50 236 201 1 12
    141 83 27 196 67 54 254 7 71 28 149 233 15 255 95 99 255 23 226 92
    169 216 43 152 151 246 53 113 59 21 178 255 209 20 21 238 106 95 21
    214 253 221 28 187 129 94 143 255 234 72 3 96 255 4 183 216 77 9 46
    73 117 227 46 238 221 232 54 181 183 234 187 78 56 143 14 95 24 14
    199 43 82 234 158 191 104 39 5 231 204 124 4 255 208 131 54 255 37
    255 142 83 213 56 105 255 155 255 255 109 138 255 175 22 112 216 15
    255 230 112 255 172 199 103 255 235 57 137 37 10 17 91 147 145 90
    255 172 255 73 173 119 103 180 203 188 175 125 88 78 8 198 147 142
    94 229 255 253 88 255 255 66 255 7 89 39 87 255 88 255 201 126 155
    194 177 122 227 242 255 59 46 166 231 232 255 242 255 246 200 200 99
    253 235 7 80 25 204 219 143 182 32 56 95 140 158 221 117 197 231 9
    73 103 217 93 255 103 195 255 14 49 215 200 149 255 153 81 255 56
    160 252 255 255 120 138 255 160 74 175 95 194 135 150 122 114 156
    183 77 238 252 19 254 211 106 37 255 4 72 195 30 255 188 169 255 21
    128 194 224 137 177 133 25 255 235 38 110 86 211 233 165 229 229 23
    201 137 127 242 86 36 196 23 199 252 198 100 95 92 187 185 127 86 83
    169 19 44 123 223 221 221 255 88 171 79 220 39 27 255 141 238 109 45
    100 255 109 84 92 76 173 146 255 43 44 166 161 255 255 255 73 215
    236 251 185 88 214 87 167 65 255 148 0 64 52 123 158 23 158 42 47 50
    255 0 109 109 54 229 45 148 20 92 229 104 209 193 254 120 187 147
    255 152 122 254 164 246 116 138 170 191 0 186 255 255 18 24 212 53
    246 118 255 62 104 255 189 46 35 224 1 145 191 175 4 17 255 72 246
    124 222 137 165 39 218 144 255 255 167 218 182 164 14 51 255 47 34 9
    255 71 244 134 133 176 32 255 179 116 78 179 59 213 234 122 255 197
    142 150 1 255 112 5 1 37 165 109 125 248 73 255 35 229 163 133 249
    55 66 255 37 9 198 255 202 173 183 255 50 57 52 18 120 23 130 53 41
    112 40 69 92 62 148 163 13 58 57 28 2 65 139 30 56 128 73 244 205
    208 150 111 48 84 255 222 141 255 80 36 86 242 255 255 194 255 20
    202 107 255 124 122 88 252 247 251 46 33 116 160 255 7 230 180 205
    180 162 240 120 194 55 76 102 34 89 97 29 122 50 44 45 111 198 208
    152 170 35 92 6 54 22 126 114 73 226 213 151 83 91 64 255 121 103
    112 104 31 255 255 35 49 108 149 182 217 218 131 26 136 249 245 246
    242 172 127 174 69 116 147 36 255 255 47 162 67 41 187 172 48 1 24
    57 200 224 249 77 164 255 239 54 172 67 204 47 141 138 126 180 180
    170 183 144 57 171 148 199 216 46 202 191 10 245 205 5 70 176 208 28
    107 133 28 189 232 84 89 103 28 28 128 153 245 35 162 84 255 28 203
    98 193 255 33 117 20 178 22 255 255 138 132 141 255 222 155 29 42
    231 231 82 178 251 233 177 28 129 87 161 41 132 140 132 163 55 222
    50 81 226 66 184 20 134 172 170 189 61 85 78 163 19 57 48 2 35 172
    189 185 250 255 255 215 207 11 153 139 11 212 171 38 87 135 255 75
    212 7 152 67 138 51 226 235 190 94 215 36 106 202 112 255 255 169
    189 65 246 212 222 79 174 119 173 131 218 92 216 125 39 100 253 14
    195 154 29 109 194 21 85 187 183 192 72 178 105 164 66 24 255 157 33
    48 66 106 38 202 72 152 72 232 189 224 70 130 174 66 255 65 128 23
    155 169 100 165 37 18 145 175 13 56 42 98 112 232 243 125 255 255 67
    56 166 53 90 4 186 54 97 145 119 193 155 200 246 147 7 44 46 187 180
    66 175 255 193 132 2 102 123 31 211 252 255 255 104 215 30 232 142
    146 9 45 203 175 255 131 32 44 255 165 255 148 214 182 30 95 254 112
    198 45 51 255 255 63 158 71 238 68 246 146 255 77 87 243 255 247 88
    181 142 255 37 118 15 133 163 243 218 182 129 126 124 91 81 122 25
    255 128 124 138 249 242 65 237 43 38 201 90 21 255 136 71 103 10 56
    181 115 67 135 12 255 131 72 255 74 16 55 246 118 166 8 255 149 59
    194 86 245 95 170 156 231 156 220 91 255 237 255 232 195 49 93 198
    130 110 236 7 100 125 192 142 122 102 76 130 127 242 138 222 255 9
    255 115 155 62 155 237 45 210 255 255 28 108 65 255 170 8 150 24 153
    57 188 22 72 255 192 90 255 122 55 6 31 255 75 255 40 55 47 89 121
    124 132 136 255 82 162 180 255 119 36 171 126 255 255 128 122 65 225
    242 20 181 186 133 112 103 13 124 77 255 234 90 18 27 255 255 238 65
    224 0 41 147 242 122 255 182 106 22 144 251 77 126 249 161 12 194
    255 238 89 255 251 114 51 69 1 255 124 22 231 123 64 255 36 2 176
    133 246 149 247 18 12 41 234 60 112 180 105 32 5 255 232 1 255 135
    60 255 57 61 255 136 8 229 202 125 44 97 169 29 242 173 60 236 234
    255 156 255 127 140 111 255 219 8 255 45 95 55 43 142 100 42 33 192
    163 113 53 174 112 255 202 140 224 183 255 95 74 96 33 17 199 79 73
    2 185 113 158 251 193 83 121 37 129 110 110 196 141 99 129 255 188
    183 255 225 223 20 124 255 255 88 169 152 93 89 128 98 250 255 80 35
    49 48 223 48 121 222 255 198 249 143 205 164 174 136 105 255 179 188
    248 200 74 95 138 78 202 106 46 66 198 186 97 236 69 198 112 255 128
    43 255 178 135 61 255 142 254 209 112 255 51 71 163 255 248 198 209
    0 48 167 143 203 150 235 251 255 83 165 235 184 85 163 71 255 248
    254 221 24 116 255 131 32 132 255 136 1 143 201 200 26 107 4 79 231
    15 123 173 216 248 100 153 106 65 117 167 248 170 255 255 68 15 126
    4 199 129 234 7 200 77 9 215 187 153 139 94 32 93 194 236 87 69 215
    157 49 226 232 217 51 249 145 7 7 157 255 255 56 215 12 189 137 23
    171 114 37 92 45 185 216 186 168 92 98 112 174 255 168 187 255 67
    233 78 63 206 150 180 220 182 135 81 242 107 201 202 213 161 98 111
    9 227 121 255 255 255 149 171 37 48 169 35 112 48 161 14 35 104 250
    53 199 223 255 217 176 255 112 172 255 35 223 255 255 233 159 45 16
    255 215 51 255 33 153 240 99 171 255 245 46 164 131 93 205 127 251
    255 199 139 202 178 169 32 12 4 255 111 30 70 101 185 255 41 46 255
    250 140 227 143 221 145 245 151 255 152 221 54 145 88 73 251 255 72
    39 111 49 31 95 18 255 212 255 224 109 255 255 215 251 199 123 216
    25 205 6 20 39 235 146 255 132 183 30 255 134 162 84 179 48 230 0 8
    111 113 191 44 197 254 89 255 122 75 255 253 64 39 137 15 168 126 6
    78 255 32 176 142 255 10 90 229 44 124 131 89 255 163 251 47 255 79
    165 255 204 170 180 111 66 26 72 88 59 177 255 189 133 2 130 70 250
    255 233 233 155 227 73 4 137 141 251 255 220 202 203 8 255 103 119
    134 255 174 163 229 57 76 184 73 65 157 173 220 36 243 110 52 211
    177 57 102 181 220 241 49 191 115 82 210 85 103 112 109 94 225 46
    255 50 10 204 182 65 255 39 23 84 94 193 139 16 51 89 217 224 255
    255 5 180 206 255 128 155 68 159 7 184 86 193 226 45 203 51 255 123
    169 255 8 194 136 15 200 232 109 255 225 255 255 197 199 159 11 15
    195 93 201 212 255 153 175 226 135 83 255 14 201 244 175 236 255 127
    255 134 84 72 24 221 0 5 255 91 87 78 35 94 175 76 92 33 77 22 3 155
    72 186 204 51 187 255 255 178 38 192 191 58 174 130 62 225 255 255
    255 24 255 248 217 177 229 144 255 93 129 81 156 95 187 160 255 255
    252 55 188 51 185 140 255 255 255 79 217 180 246 95 255 255 4 236
    255 202 255 255 129 163 164 77 227 0 219 233 255 242 203 180 186 230
    215 56 124 42 184 93 64 235 22 0 37 214 57 119 199 248 71 232 24 235
    255 241 47 216 9 255 99 43 164 124 75 102 170 127 134 211 77 233 255
    255 134 112 13 140 198 255 255 203 132 47 85 244 242 198 166 150 234
    169 71 212 45 108 53 38 255 245 204 39 157 97 222 34 127 97 226 255
    251 109 202 143 137 204 254 169 196 50 159 155 176 42 35 182 221 32
    102 232 82 203 199 55 234 45 28 60 172 5 213 188 255 190 212 150 139
    57 127 10 46 46 99 255 60 69 253 9 156 138 255 101 255 255 125 207
    219 153 255 66 128 19 216 138 231 189 69 102 148 85 120 207 41 177
    130 40 33 76 205 18 114 224 101 133 223 170 18 88 42 255 156 122 62
    137 70 81 140 186 126 239 238 241 123 24 101 32 255 183 221 255 40
    56 234 27 113 196 255 249 69 104 171 36 187 99 154 244 4 120 240 100
    41 143 181 126 251 35 16 7 48 80 211 182 162 253 70 131 88 189 196
    13 32 122 255 4 154 100 128 23 247 149 41 143 138 146 192 68 15 13
    31 175 13 184 146 126 127 255 207 153 64 164 29 2 103 225 136 255 40
    25 79 220 47 37 110 223 255 45 70 255 250 120 105 160 32 178 156 36
    183 231 51 55 122 247 134 131 129 204 137 18 60 239 163 255 47 151
    255 165 138 24 70 255 186 16 185 35 6 101 255 144 118 11 130 184 0
    46 242 126 22 159 12 15 16 240 107 21 53 46 50 225 174 191 88 173
    255 230 21 18 210 163 124 114 18 209 104 20 146 75 9 212 255 183 176
    65 173 39 236 244 103 170 153 251 164 7 123 86 100 250 255 161 241 4
    29 84 255 167 250 159 61 56 150 165 43 222 19 37 54 9 118 243 255
    255 198 154 76 255 87 254 238 170 161 255 59 171 119 216 168 70 97
    136 255 152 178 28 113 165 34 43 7 120 112 171 255 6 136 35 219 236
    255 122 220 40 84 185 37 136 255 145 99 68 247 220 18 243 190 89 236
    86 132 172 59 49 255 88 255 116 102 44 75 160 73 255 45 255 143 184
    83 159 203 201 154 173 228 57 198 105 222 77 157 70 176 139 28 194
    142 127 184 198 164 52 222 20 114 181 200 45 209 1 203 199 38 63 173
    55 159 151 210 197 218 53 60 177 255 207 28 33 74 95 9 50 136 163
    211 21 244 45 185 198 231 32 255 99 181 55 121 50 181 223 235 56 150
    186 255 174 206 12 170 134 18 81 163 76 148 45 198 103 34 210 9 176
    255 126 51 249 160 247 255 160 224 255 129 97 68 36 84 76 189 67 60
    138 88 255 255 255 172 22 132 202 225 147 48 36 37 22 82 201 89 227
    155 97 48 255 214 129 55 252 170 96 231 201 99 144 197 81 255 220 53
    73 142 210 49 54 255 99 235 43 255 65 119 10 79 182 21 102 35 252
    232 66 198 214 119 7 171 169 29 196 25 134 95 229 165 160 57 194 111
    117 255 0 168 247 128 74 44 195 224 196 168 31 211 7 118 155 103 243
    164 92 51 55 52 205 222 136 236 219 173 136 221 50 255 106 145 71
    211 135 255 231 159 62 191 225 197 5 72 255 23 205 241 255 71 173 34
    162 196 231 174 251 235 2 97 163 106 201 153 47 41 255 168 25 194 83
    44 255 47 91 249 248 193 53 28 89 38 223 233 255 159 211 136 10 104
    182 73 82 251 111 5 21 54 141 108 45 107 194 193 43 170 158 10 207
    234 103 29 176 90 255 248 255 166 232 128 13 86 100 247 199 65 216
    202 187 241 69 181 155 200 255 98 219 66 75 35 141 255 18 205 86 43
    120 7 120 108 255 140 21 209 254 255 33 239 47 255 74 245 48 57 80 4
    79 106 86 172 193 255 70 71 122 130 151 214 27 151 249 104 135 23 5
    245 255 114 209 13 2 255 214 69 54 255 56 185 48 191 175 50 237 120
    56 138 255 158 46 135 255 44 192 255 93 209 255 36 206 235 120 18
    255 126 44 31 83 166 247 183 247 101 239 92 198 189 137 199 31 255
    229 54 80 65 196 73 46 114 16 144 167 26 73 201 119 5 195 82 207 103
    62 218 56 48 253 182 204 104 81 239 29 135 131 241 191 84 193 108 76
    255 2 120 131 62 176 255 19 201 210 255 11 148 66 79 111 194 207 251
    102 238 255 185 181 40 6 160 12 216 103 255 255 24 68 231 145 236
    178 0 62 255 145 246 255 255 255 142 11 255 4 62 126 163 254 255 69
    232 186 47 79 95 226 255 215 65 195 255 225 249 249 169 114 133 92
    243 60 77 64 54 182 158 199 223 46 233 78 255 28 82 101 82 22 31 255
    255 60 100 200 160 33 126 7 181 214 229 11 213 64 244 201 157 79 142
    28 248 216 218 39 63 64 73 184 141 172 179 214 255 171 21 255 182
    162 131 137 51 163 96 198 181 102 26 210 196 173 114 126 118 43 51
    220 255 237 247 207 23 229 165 164 70 170 84 35 253 3 145 208 148 55
    255 80 194 255 254 244 131 170 157 56 217 155 98 23 235 24 255 228
    65 139 61 255 175 243 244 61 229 148 40 100 133 255 4 35 0 218 78
    167 14 244 167 109 71 73 68 169 150 236 138 88 130 220 183 191 161
    136 233 54 14 174 26 59 226 56 7 139 166 152 120 11 151 204 198 111
    134 254 88 154 59 164 104 189 169 243 242 2 60 139 106 92 255 19 112
    98 241 5 9 227 150 231 163 207 46 46 168 186 73 50 88 157 66 15 245
    168 144 17 106 193 227 24 142 178 174 138 160 0 78 224 101 122 216
    255 62 212 90 149 31 60 123 94 194 78 72 214 59 109 255 43 35 31 75
    133 83 13 129 178 255 208 76 77 114 205 255 144 152 40 27 128 100
    163 228 35 116 46 226 116 172 18 232 15 10 98 204 62 23 151 10 10
    232 78 82 51 11 73 19 255 255 197 255 119 54 89 40 109 71 40 65 198
    89 227 150 49 199 255 132 192 252 93 196 255 131 128 192 133 105 255
    122 209 24 255 191 70 181 47 40 150 123 246 251 255 191 0 188 0 159
    59 197 206 44 29 190 212 255 204 255 255 127 51 170 85 186 202 29
    211 255 129 18 122 120 183 255 45 51 238 178 182 23 120 80 208 153
    141 209 109 49 71 30 109 116 255 50 164 255 195 255 247 246 255 207
    99 158 19 255 78 151 223 158 47 9 176 227 8 11 195 93 61 188 129 159
    238 232 45 95 46 55 180 255 142 59 255 100 21 62 255 24 178 29 235
    79 31 98 166 106 181 117 53 255 94 247 26 43 24 108 241 178 72 130
    218 28 162 70 130 238 255 60 123 178 81 59 119 212 122 83 255 15 255
    100 255 139 78 169 163 66 198 101 214 58 255 111 160 23 172 9 130 53
    188 255 18 16 24 94 252 42 255 73 115 11 28 255 157 10 142 234 84
    134 255 72 24 85 36 67 246 10 255 230 72 182 169 171 119 249 145 156
    255 41 165 239 71 98 28 47 247 73 181 255 9 4 108 152 180 255 95 78
    186 237 186 83 167 113 213 145 90 149 226 185 171 7 120 252 52 48
    117 197 57 240 87 192 243 221 174 1 144 223 163 181 135 186 229 164
    123 94 25 170 83 181 5 33 71 143 180 211 67 39 46 185 94 200 120 100
    118 70 132 230 132 134 61 170 157 53 255 149 12 158 142 58 167 124
    151 255 177 39 82 71 145 136 181 43 191 93 173 182 107 178 221 108
    192 207 191 250 106 51 123 10 189 26 209 1 220 38 56 184 169 35 137
    15 154 223 100 187 243 169 234 232 255 35 223 255 197 60 34 97 188
    141 145 81 214 112 223 88 14 132 115 122 74 255 78 218 181 14 123
    255 71 157 97 10 241 255 138 55 255 154 44 56 2 137 71 191 61 125
    234 193 255 246 214 55 122 215 255 242 11 17 195 255 82 58 255 73 7
    251 17 125 196 56 0 231 255 53 151 208 171 208 120 244 208 255 83
    218 26 255 48 237 204 160 236 233 57 53 226 102 251 255 255 158 163
    172 13 15 136 161 11 116 255 228 229 117 119 168 255 224 142 110 254
    210 66 39 255 18 153 232 138 106 221 164 82 224 145 5 80 6 60 31 108
    226 161 181 201 200 255 219 255 255 47 160 255 204 184 4 146 136 254
    238 57 127 82 250 255 14 14 161 213 255 255 80 217 20 223 4 224 104
    27 65 253 77 208 255 238 153 101 198 27 228 255 255 250 117 172 126
    83 255 27 112 114 223 46 119 155 199 147 158 173 97 57 79 232 240
    192 138 27 255 86 222 220 167 181 255 255 184 107 92 22 171 193 235
    197 154 220 64 255 85 88 156 255 249 176 47 114 2 8 191 59 255 5 128
    134 255 194 240 185 176 232 187 51 93 245 114 78 241 77 188 234 59
    47 0 189 108 21 156 148 238 164 108 58 255 144 229 141 74 158 7 145
    205 238 222 194 148 198 245 144 199 97 208 85 79 164 171 188 205 155
    66 149 247 255 255 116 123 18 110 255 17 158 79 65 103 34 49 15 183
    9 197 252 87 68 47 255 255 72 49 206 11 65 57 238 255 1 80 101 97 26
    255 19 169 82 188 180 101 14 116 133 16 0 138 158 255 197 60 172 18
    214 227 255 187 162 255 229 169 203 140 223 75 173 251 147 77 38 189
    82 62 126 41 255 121 20 191 156 22 120 178 247 62 255 63 232 254 241
    220 75 93 19 255 24 171 255 199 255 77 236 153 188 73 95 89 105 96
    72 189 54 68 127 255 203 201 77 214 111 255 208 157 0 255 29 72 175
    128 160 226 160 119 252 22 155 215 79 152 255 49 102 60 109 221 252
    161 166 2 17 217 59 210 34 127 254 2 97 98 142 16 66 206 255 184 36
    111 27 138 87 36 245 57 87 165 48 130 38 120 44 255 39 189 163 255
    124 204 185 152 255 214 3 122 131 120 175 255 135 255 255 253 222
    178 196 203 20 128 165 255 25 186 174 245 26 243 255 94 255 156 55
    90 81 16 0 76 124 44 18 136 155 68 101 59 128 255 154 49 187 255 246
    49 252 226 230 160 169 9 218 6 60 255 255 187 255 72 228 38 73 214
    169 87 8 106 3 255 93 124 137 106 133 197 112 225 82 237 203 14 97
    255 13 166 215 94 221 71 120 218 139 61 188 51 255 9 236 255 159 33
    164 5 89 99 233 31 161 111 5 214 75 109 172 233 229 49 255 23 116
    252 111 111 243 35 112 70 134 242 237 123 20 218 180 194 57 26 68
    255 220 117 9 168 72 7 210 251 49 221 197 59 65 102 244 176 82 255
    99 86 78 189 181 136 63 107 210 158 255 188 0 90 237 254 89 255 138
    132 35 198 90 255 147 113 229 36 60 163 150 223 127 231 96 24 219
    157 138 111 113 255 123 5 255 8 24 249 201 113 255 209 140 177 71
    172 9 214 84 72 252 33 255 128 37 255 119 102 186 251 111 48 179 173
    136 5 26 71 68 56 70 7 54 248 102 57 137 23 140 235 211 242 12 73
    185 255 219 253 73 104 139 110 70 236 95 125 23 55 255 184 84 14 236
    95 19 154 122 101 65 92 98 39 122 74 207 255 16 228 255 6 255 255
    133 234 214 21 102 82 48 134 221 16 226 128 255 189 45 131 186 213
    32 244 81 80 255 35 240 134 255 177 23 87 247 255 255 25 196 1 75 41
    254 250 196 68 244 232 154 187 181 51 230 111 233 8 215 165 162 191
    255 181 93 210 212 255 255 255 23 219 79 114 139 2 200 33 45 86 90
    77 227 255 255 246 252 46 82 109 207 120 28 1 64 68 84 136 241 158
    69 92 66 172 186 118 61 233 65 131 7 26 94 219 117 240 37 194 51 218
    142 107 5 30 83 249 142 140 227 213 53 255 151 88 255 137 142 226
    156 147 255 184 132 199 190 208 34 235 214 183 116 219 255 34 255
    255 73 90 221 199 37 253 125 137 255 96 25 81 36 255 49 99 170 255
    44 224 180 76 123 192 255 25 255 229 174 238 107 64 255 48 31 131
    129 76 255 255 205 153 128 255 255 255 195 4 69 122 255 145 42 56 55
    109 101 26 255 55 214 116 38 39 187 166 214 173 75 25 0 158 11 255
    120 196 235 207 131 234 53 72 41 10 238 140 9 36 229 255 248 242 133
    239 43 64 112 154 220 161 124 255 238 148 27 196 178 81 156 49 103 9
    41 255 120 196 255 61 127 255 35 27 95 95 96 24 18 198 103 24 205 87
    65 217 182 254 228 226 87 166 204 93 149 255 83 246 253 224 174 255
    195 171 42 157 178 38 109 255 59 59 3 23 22 189 114 120 104 222 52
    208 21 47 212 121 106 155 198 71 7 255 68 218 231 254 122 233 42 209
    235 226 74 248 249 157 161 233 242 23 205 211 172 67 136 192 57 255
    130 110 53 29 26 0 4 123 95 176 203 28 255 108 85 255 47 255 137 99
    23 153 223 135 9 19 131 84 37 241 147 222 82 12 21 109 163 92 64 205
    217 23 90 37 101 255 238 151 0 230 70 98 223 194 215 34 130 128 43 8
    139 174 100 205 155 145 104 184 201 86 144 170 87 179 255 255 129
    183 255 0 20 210 61 200 104 150 42 6 156 192 255 178 46 156 15 221
    155 28 51 119 229 73 208 153 118 133 73 226 255 145 234 126 255 61
    175 101 108 255 24 216 17 171 162 139 77 203 255 170 204 68 45 62
    236 233 71 224 66 124 132 34 84 255 63 234 104 246 255 255 240 54
    222 220 25 211 61 186 255 153 64 127 19 55 191 242 224 147 255 191
    103 41 103 232 239 22 71 150 253 33 148 216 112 106 13 255 6 45 88
    142 99 255 128 255 231 161 216 24 216 66 111 159 186 121 109 229 104
    255 57 229 219 210 128 142 15 136 244 230 44 255 232 95 75 7 138 179
    13 255 1 11 26 34 85 255 206 212 224 188 218 24 213 244 255 207 65
    198 6 99 222 171 125 255 195 149 82 191 47 5 227 2 15 224 109 251 70
    255 255 153 61 255 249 143 220 59 92 33 182 255 255 189 10 255 28
    206 255 119 59 40 23 211 238 105 143 6 250 176 222 188 119 248 44 27
    119 4 105 255 33 104 225 9 255 207 118 255 170 81 253 248 9 131 243
    82 70 230 41 80 231 24 130 255 221 174 88 213 28 216 177 178 44 42
    174 255 79 104 97 117 77 193 239 22 12 254 97 59 149 255 192 132 235
    87 245 255 98 159 177 255 159 0 255 61 189 16 77 216 193 37 233 165
    255 33 214 147 46 72 151 180 172 75 79 117 61 224 50 209 175 218 235
    13 56 42 106 255 163 45 46 255 89 2 182 247 60 83 33 167 247 209 22
    37 127 145 65 1 10 165 45 35 236 35 94 33 127 191 232 55 255 182 30
    144 252 255 17 228 92 20 226 143 38 223 249 98 122 78 59 131 102 244
    200 233 174 214 74 244 209 186 247 169 102 202 168 67 255 17 3 101
    52 92 155 87 65 46 89 3 255 154 170 103 126 184 77 255 255 12 123 88
    237 4 170 175 106 136 207 255 83 11 23 64 122 136 81 202 215 149 205
    186 183 158 190 4 12 106 174 161 255 221 225 170 42 255 224 139 255
    236 19 103 42 28 198 82 84 199 216 84 15 242 131 252 30 36 81 25 149
    238 198 152 16 80 16 60 250 123 33 245 214 60 102 77 230 40 15 240
    252 215 15 15 86 166 88 37 143 193 33 171 253 238 1 125 255 255 8
    255 75 59 100 255 180 112 54 217 255 189 226 4 15 51 255 230 255 158
    255 157 120 242 188 28 150 199 76 97 27 211 255 119 96 248 103 255
    145 169 183 67 60 219 117 59 124 133 121 95 125 250 89 18 131 78 23
    157 252 215 70 20 136 250 43 253 114 116 177 81 53 213 210 235 50
    184 78 148 188 154 205 158 72 4 143 230 123 196 249 164 72 78 240 91
    122 152 3 64 199 176 191 31 57 113 248 111 113 255 79 182 241 57 140
    255 114 0 100 199 186 185 255 201 79 127 255 9 118 107 255 33 242
    194 44 66 255 91 207 122 23 59 95 124 175 255 19 255 15 24 250 98 3
    182 247 145 244 198 78 251 152 140 105 255 252 81 10 42 157 255 174
    132 225 198 196 255 84 93 9 3 242 255 12 78 82 131 183 210 214 255
    236 203 105 49 158 173 134 16 3 224 56 228 255 77 172 92 203 20 185
    120 51 76 125 209 255 153 112 78 255 108 255 15 37 40 225 206 28 207
    38 33 65 226 54 236 166 128 22 34 203 149 104 185 20 69 87 40 255
    255 170 153 78 62 37 248 74 188 240 142 43 203 202 96 229 255 22 255
    134 139 101 164 91 39 50 203 176 120 94 252 113 189 26 35 88 240 220
    215 204 11 255 163 255 255 240 181 82 37 95 243 185 60 58 218 184 2
    163 23 201 76 161 34 76 9 123 12 163 155 255 50 12 219 251 115 182
    189 97 71 222 36 161 173 238 15 66 138 59 174 85 101 181 120 255 210
    96 136 8 96 255 97 241 37 65 65 57 68 136 128 250 159 23 255 254 0
    148 20 72 36 155 172 82 99 215 104 255 255 138 118 128 202 207 197
    102 199 209 179 122 255 52 163 24 7 241 126 70 73 255 220 224 126
    149 184 12 158 198 255 120 130 252 212 238 119 172 168 75 124 85 10
    84 141 56 183 56 139 216 53 255 228 196 216 139 236 83 219 68 161
    191 170 147 239 141 255 120 200 230 55 28 255 158 125 255 154 185
    255 255 217 44 11 219 255 73 203 255 77 128 221 151 162 248 40 90
    136 14 255 73 235 104 246 181 255 187 180 130 255 14 96 172 125 93 4
    214 122 13 207 43 205 162 80 204 3 214 116 121 199 159 30 31 193 19
    95 134 250 105 233 195 147 84 6 33 255 111 47 72 70 97 204 203 195
    34 246 127 94 138 239 35 40 187 130 136 255 144 174 119 108 28 149
    78 80 135 255 146 255 132 4 247 2 85 60 72 43 64 169 181 160 119 107
    148 183 105 255 117 55 183 15 33 38 248 57 1 255 176 119 200 165 126
    169 195 102 255 185 255 83 19 67 255 6 56 100 247 9 152 182 83 246
    87 255 9 230 8 255 153 255 211 156 214 45 234 13 110 200 140 106 130
    173 16 208 212 255 116 142 255 255 186 105 255 222 78 26 24 67 255
    245 50 182 26 211 85 198 255 255 255 176 221 97 122 15 72 255 99 112
    255 68 169 154 248 79 49 77 12 210 30 130 214 96 86 126 236 149 161
    137 43 186 42 116 5 61 148 178 163 129 10 219 76 198 247 88 255 59
    193 197 107 198 23 133 21 210 16 185 255 232 8 255 188 115 255 213
    74 255 255 114 200 180 255 192 104 122 230 169 196 79 55 32 73 168
    96 255 105 91 255 122 217 255 79 92 21 81 158 252 114 10 237 232 97
    255 160 124 255 75 255 255 242 7 248 67 138 73 39 88 203 216 192 226
    68 73 39 188 216 18 87 217 255 239 140 208 76 178 242 52 51 219 55
    97 171 47 55 22 208 8 167 76 91 238 59 168 255 181 147 23 55 197 94
    236 70 255 186 194 42 201 230 177 221 255 189 89 185 134 128 111 255
    44 54 255 139 80 255 255 210 84 213 169 255 152 139 175 167 125 224
    255 149 147 5 126 34 226 125 255 187 24 255 18 99 7 209 71 180 150
    221 39 217 147 247 226 211 138 74 168 75 54 132 126 124 222 182 118
    32 1 43 31 15 132 88 236 142 83 167 180 255 133 236 53 255 193 199
    221 142 222 243 110 191 172 51 255 139 216 25 192 39 54 104 3 4 61
    206 170 6 228 83 255 182 16 255 85 205 155 34 111 255 1 56 253 249
    255 126 160 244 246 78 90 78 19 178 255 147 72 255 14 118 2 144 134
    255 194 129 134 14 215 178 60 155 17 231 84 78 44 13 88 99 223 22 56
    142 108 3 255 189 87 220 6 195 178 43 3 15 57 91 105 45 148 25 198
    201 48 131 168 209 105 46 97 200 11 228 193 227 254 143 196 120 83
    81 14 251 26 96 255 188 112 241 26 69 199 82 235 159 94 206 159 31
    76 44 255 219 43 81 91 26 151 197 255 251 31 34 241 172 255 205 131
    255 203 14 240 57 255 83 147 42 24 175 219 121 79 196 44 101 218 152
    62 32 26 117 221 121 238 93 241 58 255 229 12 250 71 144 9 221 186
    176 64 118 11 199 50 185 246 67 53 205 58 76 147 142 250 233 91 214
    111 255 22 56 164 74 214 246 211 158 253 41 222 26 197 139 111 191
    177 242 219 20 187 132 255 255 66 48 154 114 11 45 76 28 75 162 255
    96 148 126 89 25 20 22 221 255 55 138 189 76 255 176 120 89 230 216
    65 15 197 255 95 109 13 255 112 140 171 219 117 90 30 174 194 140
    119 97 19 157 46 125 216 100 76 154 83 138 242 169 145 145 255 78
    216 255 117 1 54 48 255 119 140 157 108 144 71 255 39 35 255 126 199
    191 94 88 13 165 38 163 168 39 164 20 178 51 35 35 131 129 243 255
    85 82 93 225 187 255 229 234 32 230 86 111 144 229 117 230 158 165
    85 193 27 157 212 156 189 4 133 118 49 255 194 153 10 180 50 49 75
    228 54 129 131 45 255 94 165 7 69 144 7 94 255 254 230 126 22 83 218
    188 53 51 62 142 235 246 187 255 149 8 254 129 227 233 198 171 255
    255 168 29 81 149 237 125 151 232 96 41 9 44 104 112 36 125 255 179
    66 17 150 150 0 169 163 114 123 161 255 71 251 255 84 255 216 255 18
    255 18 173 205 16 172 126 225 21 255 255 95 35 126 71 255 248 181
    255 103 76 255 181 198 255 245 183 24 173 199 103 120 86 37 220 28
    154 95 69 37 164 129 255 96 27 188 227 223 17 35 97 10 234 66 233
    136 255 251 127 23 144 136 210 255 173 14 71 180 35 104 212 85 243
    221 211 219 2 204 75 112 126 100 40 138 236 77 181 255 172 255 59 81
    36 75 75 108 255 238 113 38 83 200 108 61 154 164 132 100 255 111 73
    255 254 226 218 31 255 255 255 125 54 24 96 156 28 147 221 224 233
    248 14 76 112 158 255 110 45 255 35 109 254 255 66 71 105 212 137
    132 70 111 116 195 139 186 154 125 7 234 204 65 230 120 255 255 112
    43 118 107 254 230 119 26 93 22 225 208 192 255 197 93 156 58 102 21
    255 255 42 255 77 255 217 82 167 107 255 154 216 59 172 67 255 255
    255 168 111 17 195 181 42 21 255 114 211 166 108 1 254 150 27 164
    233 198 172 71 58 219 8 209 205 200 45 166 57 62 227 93 207 208 255
    111 110 101 84 255 215 201 220 82 13 220 34 255 254 128 53 255 222
    101 181 73 124 255 225 70 51 36 45 108 44 229 132 250 255 28 255 255
    236 81 243 178 124 135 28 255 131 177 98 74 238 255 236 79 71 255
    209 158 84 76 161 255 34 155 43 29 76 171 93 255 108 207 217 243 255
    87 175 106 203 106 7 18 59 77 4 120 255 199 114 255 151 41 92 30 238
    104 210 214 218 85 255 109 175 155 237 72 246 255 79 45 255 30 205
    60 170 145 249 255 161 249 164 130 13 20 229 240 255 126 73 89 205
    221 25 79 255 87 249 180 248 77 229 194 194 204 193 82 255 175 206
    61 2 255 134 40 228 185 0 95 222 97 53 198 255 44 89 198 66 213 200
    162 208 255 54 15 106 61 255 255 191 32 215 95 203 111 150 187 72
    217 255 206 55 178 142 253 255 26 42 9 102 109 106 165 33 156 75 193
    177 191 77 37 219 46 240 23 34 255 69 235 242 152 150 166 124 113
    188 75 145 44 195 226 148 7 90 182 35 159 106 105 147 79 189 11 185
    80 198 68 99 178 198 198 120 249 239 221 105 75 1 242 185 254 255 29
    255 60 67 37 203 117 194 255 245 73 175 255 51 1 228 195 237 76 112
    147 217 97 219 6 104 73 247 181 141 133 137 43 147 111 243 150 157
    255 46 136 13 248 176 174 47 212 156 239 109 54 135 200 255 56 107
    56 209 86 42 255 35 149 170 203 94 82 255 152 98 58 255 123 64 82
    252 203 255 127 10 42 84 255 182 7 194 255 142 205 31 194 69 10 171
    0 145 184 158 70 68 4 59 43 94 227 89 115 72 67 154 255 242 118 7
    206 4 73 179 193 255 39 255 255 114 215 110 51 44 255 142 226 89 21
    196 174 11 232 26 85 101 110 250 7 44 154 160 255 206 74 188 255 208
    255 255 255 59 255 8 81 29 255 33 46 255 42 85 0 253 220 19 70 66
    255 255 207 32 156 220 128 13 214 209 241 46 103 43 188 8 147 103 84
    89 135 189 154 146 235 53 32 109 4 97 90 177 255 218 4 187 145 253
    244 90 148 103 131 209 165 191 110 71 151 122 127 109 99 18 254 255
    147 125 40 81 255 222 235 192 73 255 42 9 119 0 22 196 97 193 230
    246 29 162 47 133 69 255 255 172 214 241 217 182 37 62 177 255 244
    131 230 173 204 241 215 184 90 138 11 132 234 252 255 110 84 255 24
    51 196 251 255 143 234 55 231 233 222 230 210 246 226 215 229 59 98
    255 1 63 119 111 56 74 255 195 129 2 37 255 77 183 192 40 146 232 75
    157 134 255 194 245 123 93 67 230 138 93 233 205 201 254 216 89 196
    167 255 97 130 195 255 81 252 132 223 9 207 212 183 55 76 73 255 210
    20 225 229 154 178 202 255 125 59 2 82 39 150 238 89 147 128 202 239
    243 226 143 255 126 255 148 152 38 95 70 230 247 2 140 255 131 137
    214 255 111 216 178 174 255 214 46 29 95 241 255 59 231 78 17 4 255
    29 218 6 168 149 71 254 152 255 92 221 211 34 169 255 28 129 255 169
    177 158 212 92 163 210 250 255 242 127 67 8 79 160 255 23 255 194 78
    66 150 95 255 199 93 11 242 139 82 36 228 150 131 199 90 105 57 45
    150 81 123 5 11 178 81 104 199 8 67 236 12 24 81 145 172 148 119 218
    197 255 49 191 116 60 183 144 255 90 19 76 255 238 176 17 210 101
    176 229 28 64 112 5 238 147 31 109 207 34 248 177 49 189 187 45 189
    140 212 255 255 147 196 247 34 255 205 212 122 70 19 202 44 94 68 85
    10 64 247 143 155 119 93 225 208 11 251 253 20 57 40 255 255 212 151
    255 60 244 6 149 210 139 111 238 165 222 143 255 255 131 244 105 14
    12 63 39 136 221 47 148 30 92 100 168 165 255 101 109 17 194 219 119
    100 123 181 46 61 56 187 47 255 79 255 55 81 100 154 165 109 5 255
    83 49 198 195 255 233 53 1 165 201 182 15 151 108 140 255 227 127
    176 83 106 111 246 113 47 255 195 55 255 63 229 46 216 148 255 81
    181 17 43 103 10 105 102 94 8 36 255 28 28 5 195 255 197 80 123 255
    68 92 175 138 194 6 146 65 150 157 208 255 216 244 11 232 3 229 73
    255 204 68 30 148 178 255 181 30 236 202 186 101 255 157 255 83 181
    134 255 193 81 251 138 249 188 178 36 170 224 59 65 196 210 110 30
    66 167 252 255 232 199 217 249 19 83 255 20 165 54 28 189 255 107
    205 187 185 196 128 226 79 147 133 171 5 206 22 255 224 136 42 246
    88 178 27 141 255 140 81 225 77 206 236 187 53 252 80 197 255 14 244
    17 137 96 247 225 71 84 10 122 255 144 113 44 29 65 158 121 76 143
    26 94 255 80 84 110 133 109 9 66 101 210 58 111 49 21 176 203 171 61
    27 238 10 255 189 255 99 28 94 86 130 51 255 51 210 7 149 93 255 180
    240 156 67 206 38 156 255 255 198 255 136 8 120 139 246 130 75 147
    207 255 217 240 101 103 163 214 173 203 255 82 112 200 69 255 98 181
    195 215 93 153 28 81 189 233 118 163 227 143 243 255 202 141 202 151
    150 255 102 118 42 233 255 82 86 140 161 246 192 97 28 203 81 189 84
    255 28 255 81 223 245 197 159 15 235 224 139 197 206 34 255 238 191
    202 255 7 60 27 178 56 79 127 104 223 146 152 63 235 252 40 36 152
    21 11 225 158 155 255 100 129 214 213 201 255 59 255 193 93 255 196
    200 50 175 137 66 255 255 185 48 255 222 77 172 1 255 227 168 87 55
    42 188 237 196 238 72 157 119 213 37 2 255 165 183 158 22 148 0 231
    29 35 205 54 255 88 4 148 54 185 157 23 38 61 45 213 89 139 12 109
    44 93 187 131 44 165 55 103 67 193 133 96 196 163 224 201 152 157
    224 70 244 118 116 231 238 70 129 83 156 181 73 101 54 168 248 175
    255 86 197 201 86 103 19 255 136 14 138 43 170 67 156 137 0 238 196
    255 111 158 115 93 233 111 230 61 23 185 67 33 48 231 28 98 8 172 88
    147 37 158 236 54 217 191 255 137 50 182 236 151 176 193 227 66 235
    222 255 43 255 51 151 138 200 209 230 143 179 74 95 25 145 178 52 53
    109 162 193 144 134 126 0 216 246 255 139 39 83 196 85 214 222 100
    11 171 252 199 78 177 222 7 2 112 77 41 72 54 128 255 43 35 143 185
    129 238 49 195 197 245 152 163 88 240 255 254 192 16 62 95 20 196 79
    143 109 86 31 219 157 65 72 196 7 249 95 86 135 25 59 18 137 248 46
    72 44 35 244 44 43 10 255 68 239 156 234 188 222 28 67 33 83 204 167
    128 153 49 142 151 202 196 69 43 221 106 120 217 99 87 7 227 156 198
    19 138 2 71 194 251 206 155 132 108 255 211 255 208 132 255 35 65
    129 75 35 30 255 116 106 255 229 112 87 87 111 73 143 80 241 121 83
    255 112 252 255 32 60 98 212 253 161 198 140 65 219 227 255 136 42
    93 162 216 255 109 245 66 43 111 227 251 168 248 187 96 114 145 240
    193 181 145 117 222 81 153 252 132 227 225 13 255 131 140 106 167
    255 53 118 175 143 102 58 255 16 127 167 14 137 167 255 187 119 58
    11 163 108 239 255 171 186 185 184 238 110 117 82 255 97 38 202 2 3
    78 255 154 12 78 211 67 111 124 219 164 3 255 71 104 171 255 49 155
    93 21 255 106 233 59 128 54 139 9 255 100 58 13 131 132 203 255 39
    255 219 31 249 180 72 35 191 129 152 182 255 164 100 185 152 178 108
    253 255 170 247 255 28 238 255 190 86 255 9 255 108 168 224 177 99
    96 153 33 8 155 223 20 94 37 205 255 36 183 176 126 230 83 9 154 233
    34 151 255 255 22 67 151 86 232 235 70 44 80 199 42 179 184 229 255
    207 94 146 122 10 204 96 241 81 81 130 120 41 255 120 58 75 21 245
    97 95 255 132 14 58 62 196 217 31 88 60 169 208 145 255 188 95 111
    255 19 191 70 233 13 228 196 255 251 143 236 23 242 207 0 172 255 53
    47 116 66 155 115 201 47 105 131 145 175 126 99 196 109 68 67 53 46
    123 168 13 160 104 119 214 193 18 197 225 107 189 106 209 148 170 79
    48 148 255 136 212 255 224 142 46 87 195 210 221 29 210 209 176 73
    13 37 38 198 198 219 197 187 199 158 249 195 86 240 130 165 149 120
    255 17 154 99 255 151 197 106 59 128 178 83 59 239 54 255 171 165 39
    131 116 61 181 160 255 203 194 208 12 224 20 78 255 38 114 45 231 89
    255 132 134 117 255 73 164 192 185 189 186 104 183 68 201 210 88 162
    28 111 217 240 34 210 100 233 242 255 248 177 145 16 95 211 194 121
    250 191 137 35 204 250 14 150 194 140 75 86 122 255 75 103 119 114
    25 128 52 230 255 174 85 83 137 107 136 3 166 1 46 164 35 159 20 169
    160 2 219 247 94 255 209 241 255 35 212 38 121 211 89 163 111 109 9
    216 110 252 88 235 172 32 32 104 153 0 155 245 106 66 155 166 128 20
    76 17 1 255 69 241 156 150 255 110 123 138 127 97 64 33 57 234 196
    226 149 255 16 224 189 130 59 220 127 12 219 254 161 11 56 138 185
    69 78 161 80 166 26 232 64 160 255 178 133 189 255 18 129 192 50 183
    126 200 133 104 255 238 209 6 251 162 255 41 163 106 26 1 254 159 50
    255 168 74 174 77 11 183 255 182 229 2 193 150 177 120 255 95 127 62
    111 152 2 255 205 89 65 255 222 150 113 139 27 36 255 86 255 0 242
    217 200 133 255 251 165 117 158 132 122 181 137 91 242 178 151 23
    125 111 175 210 218 170 85 185 226 129 189 150 122 85 229 126 255
    255 101 86 178 107 255 255 125 27 24 250 13 128 200 163 255 175 252
    200 197 255 187 10 177 64 209 176 61 133 101 18 12 90 119 255 102 81
    101 59 49 89 58 32 221 145 255 214 2 104 197 35 150 8 132 43 111 117
    7 149 253 189 138 82 255 14 14 97 24 82 255 238 70 15 125 72 188 42
    35 255 37 251 97 249 127 156 183 108 237 140 50 13 6 255 227 41 148
    39 66 135 224 124 222 50 233 32 248 139 255 77 37 91 226 43 182 249
    74 245 242 14 72 255 112 55 38 53 9 82 235 255 192 157 84 72 208 204
    255 167 204 153 200 53 60 158 4 26 252 123 115 187 42 204 80 246 255
    99 255 143 101 178 224 240 255 5 156 193 22 22 69 16 208 234 87 54
    245 38 248 134 226 108 126 255 70 211 231 106 201 94 231 214 255 121
    182 120 87 31 164 234 172 84 140 109 255 51 150 99 240 242 88 69 169
    29 153 130 175 137 122 15 234 163 238 57 129 255 7 200 159 185 79
    123 129 82 110 168 238 126 120 85 77 106 150 24 217 162 152 113 255
    255 203 174 255 98 20 241 109 194 137 136 226 39 254 234 155 176 105
    255 255 127 6 87 210 127 19 78 210 114 255 255 58 76 186 153 224 10
    203 251 199 180 166 224 207 181 9 193 164 249 110 128 255 58 176 77
    32 7 78 242 181 51 53 182 115 67 79 156 233 163 4 129 145 73 165 168
    65 157 102 255 83 196 44 135 178 139 130 195 143 77 153 29 147 245
    46 148 185 88 229 149 218 14 39 210 133 184 70 255 206 197 224 96 38
    220 212 233 87 35 11 42 255 255 128 42 134 56 62 255 242 79 210 231
    138 48 210 230 31 81 30 11 143 209 255 40 71 53 236 81 68 152 69 167
    255 255 133 123 11 255 59 201 123 171 210 255 100 49 188 235 139 216
    118 127 165 136 21 27 68 89 240 255 83 213 131 255 255 188 21 21 111
    228 155 123 251 255 128 19 46 41 166 255 232 147 121 89 255 59 207
    14 57 227 7 81 164 21 178 134 215 255 53 194 230 249 141 55 157 49
    255 217 203 99 211 203 155 208 169 2 12 255 0 9 224 116 6 255 139 35
    134 13 183 10 255 133 208 187 56 86 166 57 96 186 88 76 64 208 214
    237 133 4 32 60 134 176 32 49 2 110 131 255 70 186 255 20 57 81 16
    93 128 190 94 255 238 171 199 99 183 255 71 112 244 32 59 242 134
    193 248 168 232 90 45 69 255 77 195 191 134 206 227 220 51 241 236
    122 99 54 10 98 140 203 7 121 51 59 225 244 33 80 44 55 143 86 32 87
    123 97 77 255 136 194 207 104 255 196 255 6 111 89 228 255 147 179
    154 142 7 55 26 255 86 240 245 139 161 179 21 255 224 240 4 9 159
    225 186 44 23 68 230 4 137 20 164 8 117 125 156 175 127 99 114 4 91
    169 73 41 255 82 137 68 117 202 7 205 89 92 213 66 92 220 139 170
    163 47 118 50 55 60 117 23 229 220 84 47 255 169 69 106 223 86 90
    119 185 39 12 138 139 245 146 251 224 67 177 179 255 56 212 51 255
    165 146 128 181 131 255 206 126 181 159 82 6 49 185 11 14 76 104 134
    120 4 160 182 65 80 232 255 199 255 233 190 255 88 74 28 90 144 197
    98 83 163 70 210 208 203 250 200 148 225 207 34 172 255 86 194 255
    24 203 250 215 233 246 97 193 130 255 34 108 255 239 158 64 113 53
    152 196 240 134 100 27 255 255 85 136 116 188 148 103 221 235 183 91
    114 40 177 40 73 116 66 232 228 197 17 240 255 197 242 48 214 255 55
    77 255 44 37 32 87 104 55 15 191 169 149 142 126 11 195 32 109 108
    170 231 43 13 49 137 80 255 58 22 193 10 122 71 169 161 255 255 152
    142 255 252 31 75 130 171 32 77 213 120 211 18 204 205 34 193 118
    137 66 136 251 220 10 119 159 216 70 207 33 136 112 94 255 62 219
    147 169 170 11 99 89 192 147 34 21 82 129 169 32 186 255 54 137 165
    127 119 255 154 89 93 126 241 249 162 153 104 12 32 40 204 19 55 117
    158 255 255 50 101 113 49 214 217 5 10 239 5 136 231 182 249 255 255
    178 217 191 37 220 178 214 187 44 255 237 229 122 228 9 4 3 2 105 54
    2 178 217 200 137 201 250 90 135 113 174 50 208 145 55 185 164 34 67
    0 228 230 128 94 47 65 213 140 255 161 233 147 129 83 108 127 70 248
    190 92 205 138 47 255 124 60 255 125 221 111 3 255 18 208 157 249 15
    217 35 81 246 27 151 180 64 24 178 134 151 89 226 26 23 203 200 176
    123 134 242 40 220 221 125 75 58 153 57 8 255 237 234 53 100 255 88
    69 85 196 190 171 138 134 178 123 140 125 70 31 65 76 84 209 26 102
    19 149 30 8 94 185 183 174 71 16 110 246 235 209 130 65 247 165 130
    121 81 233 255 101 214 2 214 11 222 173 1 15 177 39 251 129 54 233
    178 255 61 14 204 13 231 85 255 6 219 22 71 148 23 21 227 1 5 160
    218 2 85 216 113 255 153 199 185 29 114 31 166 198 33 62 79 205 255
    168 249 45 244 111 255 191 189 116 107 227 255 27 255 255 165 56 197
    240 210 255 66 3 248 138 255 64 234 142 100 120 159 55 147 221 116
    91 182 196 255 19 26 240 83 115 225 152 255 186 197 255 51 66 18 140
    45 240 27 74 255 190 255 160 28 131 121 205 255 254 251 108 24 63
    255 215 110 35 255 159 247 249 171 255 255 230 131 255 246 94 255
    251 188 252 126 175 150 21 148 242 21 28 26 212 187 240 92 189 28
    209 141 255 87 186 185 237 255 210 207 216 255 102 189 24 223 33 134
    0 227 15 251 162 70 89 204 225 153 226 24 74 166 53 2 215 211 63 78
    232 94 255 87 132 115 125 52 96 255 217 234 105 4 236 72 216 249 185
    18 180 131 67 60 89 33 158 156 95 162 205 168 10 138 5 185 31 62 253
    255 55 38 103 165 247 24 58 168 88 46 108 110 32 235 92 29 136 255
    114 209 255 235 0 255 152 255 13 159 7 242 160 155 117 139 143 171
    225 173 4 255 95 255 255 246 108 131 41 255 177 255 37 89 230 227
    157 83 255 227 102 127 219 80 141 116 203 255 249 255 71 108 255 255
    255 76 213 143 182 111 146 8 133 184 80 144 134 255 198 107 229 251
    73 188 145 95 81 194 28 235 193 111 164 99 133 91 255 190 234 213
    161 21 167 187 211 1 167 197 34 53 138 5 14 155 231 97 229 255 237
    149 215 29 222 67 117 243 27 214 206 181 154 96 59 185 122 133 212
    109 255 41 116 40 33 175 38 196 9 232 116 31 255 195 69 172 148 69
    163 151 255 34 186 255 193 229 21 158 165 161 92 0 214 142 89 24 106
    69 226 255 113 146 244 250 60 93 188 83 255 31 163 17 51 154 79 235
    54 167 96 128 111 222 36 143 170 64 10 204 195 32 185 173 194 103 50
    255 79 59 111 89 166 231 12 122 123 248 255 155 189 58 119 112 92
    119 119 235 51 78 245 120 113 92 27 160 147 67 60 112 40 206 39 177
    254 58 97 1 188 9 201 247 255 232 28 7 134 96 178 196 0 255 161 205
    220 98 34 137 227 218 22 240 100 82 105 23 56 61 132 188 66 139 215
    32 108 7 107 118 255 96 164 210 212 180 97 130 188 226 107 148 139
    253 195 60 62 170 154 1 126 255 249 149 191 214 207 53 44 53 100 47
    208 56 216 72 255 37 255 255 202 224 28 186 162 28 140 169 79 149
    136 42 109 242 33 86 245 143 255 100 78 213 67 100 240 14 233 255
    247 33 117 32 171 43 255 76 123 184 255 188 217 9 58 168 2 170 113
    21 180 100 49 104 255 59 128 207 185 242 53 55 240 217 45 44 234 210
    17 44 203 144 7 6 139 192 180 215 28 81 132 69 220 27 62 255 253 183
    133 163 255 26 3 56 64 53 228 155 213 204 61 180 82 255 162 120 120
    49 41 255 55 42 49 34 143 219 255 142 255 206 191 15 44 42 204 211
    51 59 246 201 227 108 255 225 162 172 222 39 148 120 209 197 153 80
    214 34 222 61 209 132 162 255 255 178 114 224 88 122 227 22 106 238
    239 84 104 93 255 47 255 111 25 88 49 159 78 180 171 246 167 49 105
    20 220 38 208 28 84 72 81 45 89 204 214 49 142 255 178 127 115 143
    12 255 255 229 165 207 161 92 255 109 12 111 168 255 7 246 255 32
    183 124 196 3 67 177 178 215 126 157 111 255 7 182 181 233 41 131 81
    210 235 27 107 255 255 245 255 66 31 31 5 241 28 62 217 34 159 184
    255 182 30 255 197 157 121 232 182 231 255 163 205 97 160 240 204
    195 222 172 127 76 32 207 244 84 172 255 45 177 120 227 10 236 61 15
    67 172 255 222 97 37 255 78 185 152 6 129 192 167 194 251 41 139 43
    211 114 17 165 143 177 124 102 224 182 117 65 186 170 255 161 107
    255 98 65 84 255 107 84 151 13 64 172 88 197 229 113 6 151 249 62
    252 13 255 254 4 123 16 80 92 224 42 147 225 116 24 168 12 26 209 51
    87 197 252 22 35 135 6 136 220 51 140 153 54 41 96 158 212 79 216
    250 182 49 188 255 235 32 14 218 163 226 20 214 1 183 227 45 17 147
    173 255 226 11 242 14 112 182 136 229 175 145 104 219 200 27 20 167
    170 71 207 138 255 122 226 56 191 219 142 18 86 186 227 186 7 255
    226 89 180 255 255 179 171 82 30 193 238 211 122 192 120 91 255 26
    86 5 157 28 255 255 43 40 58 234 84 56 228 255 133 61 255 66 21 6
    255 222 202 241 30 193 150 212 138 223 10 148 118 97 248 135 113 216
    189 192 98 37 255 139 246 236 108 242 255 255 233 255 255 85 233 183
    61 65 67 252 149 42 226 34 255 111 51 119 35 191 1 238 59 255 3 211
    253 200 255 108 83 57 73 223 155 34 142 101 255 105 14 204 47 4 233
    203 117 255 37 216 255 255 131 177 31 119 224 210 113 23 216 89 93
    127 155 255 165 255 255 255 127 10 233 222 119 30 209 6 255 47 125
    27 169 38 223 135 255 80 23 221 16 166 28 26 122 67 4 208 49 43 70
    100 216 58 165 165 170 18 10 161 55 9 76 73 63 255 255 122 162 169
    26 72 121 135 96 120 255 136 106 83 243 83 104 89 110 50 25 84 105
    255 211 16 62 141 231 242 202 255 134 101 172 255 222 183 246 50 83
    5 56 171 16 48 41 49 180 149 149 209 182 158 255 111 250 28 145 11
    111 217 93 114 2 204 255 146 33 89 69 250 199 164 255 43 219 255 255
    148 76 20 77 86 255 54 216 39 194 46 45 163 204 236 139 94 187 109
    95 255 76 73 253 224 224 247 14 219 215 111 193 145 34 46 255 175 93
    255 245 255 203 157 255 255 94 231 153 255 244 255 180 126 175 34
    141 28 58 187 121 22 160 81 181 239 116 242 61 255 182 228 255 167
    115 236 167 3 254 144 255 72 122 137 255 52 48 255 119 159 209 34 2
    20 6 221 71 251 159 75 112 209 51 43 181 255 255 28 104 29 119 255
    48 193 93 59 104 255 52 182 133 193 13 105 229 253 60 36 182 240 52
    51 255 249 2 255 57 240 139 152 64 134 127 44 174 70 195 248 31 50
    89 62 81 166 160 234 255 202 115 187 18 112 65 128 239 0 135 176 62
    153 149 139 78 113 133 142 126 220 197 41 82 76 221 51 190 250 99
    255 127 82 47 49 29 215 38 60 240 113 62 41 131 77 183 255 49 104
    255 204 82 59 205 85 132 255 239 227 222 220 58 59 250 217 115 239
    103 208 119 81 255 229 249 34 124 80 127 42 235 244 208 105 255 5
    170 89 14 47 176 194 228 34 228 141 152 111 224 32 245 159 9 148 64
    67 146 39 136 23 234 255 128 192 248 176 28 57 111 191 255 68 127
    214 204 161 95 12 255 198 156 216 133 109 183 240 158 34 231 188 97
    255 188 1 255 135 45 82 11 155 255 107 132 202 147 36 12 83 189 241
    9 24 255 255 4 57 94 42 22 244 255 246 75 255 134 21 67 255 131 22
    48 255 255 255 23 220 35 18 168 60 70 242 229 52 15 37 130 49 236 37
    43 98 11 152 109 121 189 141 186 97 158 255 39 126 255 192 207 9 101
    235 128 255 174 231 65 32 231 73 87 121 44 255 26 255 255 70 81 215
    122 0 255 161 212 255 36 135 132 224 91 89 153 114 178 104 122 97
    118 255 181 203 255 255 92 255 255 171 204 255 89 2 143 246 255 6 45
    77 120 156 85 255 96 231 120 86 2 81 208 128 130 196 196 169 249 143
    57 113 211 12 52 46 89 32 137 9 242 105 255 68 27 255 203 46 21 255
    129 73 232 224 122 210 169 160 17 228 175 123 196 255 169 125 254
    117 255 40 111 255 176 250 1 155 83 242 79 100 220 255 1 189 218 123
    253 255 230 44 161 128 120 73 143 255 60 136 161 66 197 164 255 220
    250 122 2 155 122 200 204 255 46 187 4 206 15 219 80 239 255 255 207
    255 220 70 208 71 68 167 1 226 214 72 255 230 230 250 174 167 235
    202 194 185 122 214 8 160 43 161 99 119 44 191 66 124 133 239 160
    198 0 229 153 236 76 227 103 165 43 46 143 7 248 99 191 85 240 86 42
    184 24 102 255 15 104 61 218 128 157 202 255 154 255 11 224 209 70
    58 191 19 27 53 209 223 67 76 203 215 168 200 209 168 51 215 189 153
    166 117 171 202 103 227 171 251 126 255 175 128 156 32 142 209 0 148
    255 57 250 248 35 94 178 160 136 26 29 150 31 221 227 66 199 30 78
    119 79 255 103 90 209 203 230 229 156 253 255 255 255 230 104 177
    194 155 199 62 231 36 187 25 157 255 228 216 186 83 151 127 76 254
    255 107 115 56 160 232 136 77 142 144 130 234 110 178 253 87 47 42
    143 151 164 39 37 69 255 208 255 99 91 19 90 83 139 177 134 178 15
    114 123 198 149 255 142 40 198 255 184 89 231 145 82 163 127 25 226
    56 83 89 157 51 136 29 7 73 255 105 219 110 32 7 196 211 159 172 88
    88 59 240 4 110 108 199 21 21 64 174 44 76 206 100 171 198 214 255
    255 99 244 226 132 108 226 138 131 71 187 255 120 3 153 116 118 214
    214 210 143 87 169 211 255 142 141 85 171 39 77 16 92 245 238 226
    180 221 246 40 64 255 15 204 86 255 39 255 12 122 83 155 88 229 4 59
    92 135 15 32 121 14 248 147 113 255 252 236 255 151 185 255 202 204
    246 156 255 213 74 197 160 194 61 220 255 7 126 124 92 145 66 255
    189 137 23 50 161 94 65 168 198 106 149 153 144 2 108 144 61 111 50
    97 240 255 22 46 255 227 10 196 19 164 149 71 15 255 118 15 185 23
    255 73 167 80 88 32 222 132 203 147 45 140 255 120 18 77 10 79 216
    114 160 71 7 183 140 145 118 255 59 216 234 242 224 244 169 139 244
    68 190 22 246 81 139 62 14 122 255 113 23 139 5 227 177 78 45 9 163
    157 84 26 77 32 223 97 236 197 71 213 116 197 175 62 211 252 182 149
    40 246 12 127 194 39 141 72 57 211 98 241 254 163 230 150 125 247 43
    122 85 255 155 253 183 105 97 209 23 162 82 121 158 100 128 22 218
    44 255 233 55 12 138 62 13 66 241 253 165 60 150 4 132 243 31 72 224
    193 196 140 203 173 66 255 145 85 158 223 180 24 223 69 95 161 199
    15 113 119 90 36 159 148 100 205 199 176 192 45 98 145 87 204 229 7
    176 28 255 255 1 93 216 30 240 174 46 79 82 7 235 81 89 79 153 186
    255 105 86 141 124 136 221 255 170 109 86 113 18 221 30 136 234 115
    255 55 15 193 234 218 255 135 204 225 180 114 188 89 254 128 58 42
    255 234 65 141 255 65 21 169 42 35 33 72 170 175 10 188 41 230 255
    35 216 246 26 45 187 116 96 65 183 192 37 32 108 252 48 5 205 207 50
    37 6 111 127 46 235 17 237 250 42 227 173 73 101 77 255 75 183 49
    200 71 255 103 1 255 113 197 255 29 154 68 184 18 92 232 127 252 208
    151 175 248 212 32 186 143 200 51 118 255 95 134 154 204 234 196 162
    185 11 58 147 255 86 112 188 105 46 255 22 21 23 230 174 194 210 2
    255 250 42 193 212 184 148 43 36 115 158 120 249 150 194 166 117 150
    119 182 64 170 20 115 82 208 255 242 254 191 97 66 70 203 197 131 28
    30 236 65 89 182 136 153 155 139 17 108 62 15 241 169 91 207 219 212
    8 188 81 254 38 142 241 255 171 255 207 45 43 136 142 174 167 159 70
    92 86 182 98 7 255 252 231 26 227 67 99 51 65 129 139 204 201 160
    139 72 255 220 255 7 125 109 7 181 252 33 105 76 66 84 26 46 231 51
    255 120 19 222 124 112 255 19 195 2 118 195 131 17 192 255 169 191
    174 143 41 224 25 80 255 198 80 255 83 241 204 173 90 246 40 255 130
    121 44 83 88 86 110 154 118 11 58 236 215 94 76 194 118 119 238 180
    255 186 56 103 255 180 232 145 205 69 246 27 233 117 54 242 255 198
    247 53 31 119 73 97 255 121 132 25 105 116 22 121 172 233 251 152
    185 150 92 36 6 250 62 71 178 79 203 190 255 159 37 67 54 198 255
    185 66 255 7 81 131 242 150 126 62 57 169 255 158 208 255 254 116
    255 184 91 237 74 125 105 93 255 35 129 157 60 148 239 186 255 74
    226 131 176 255 238 51 235 248 207 232 48 37 139 223 173 109 255 58
    105 71 32 95 181 255 18 187 117 120 71 80 255 66 188 255 196 42 180
    240 116 255 253 125 147 156 68 167 227 25 199 74 219 255 87 125 241
    155 61 255 208 151 149 255 141 105 254 242 241 133 195 111 132 244
    150 255 31 148 118 41 241 20 255 71 116 43 125 212 23 56 204 255 73
    131 241 252 49 82 191 122 117 255 91 239 255 69 113 174 216 152 59
    255 143 60 65 42 255 149 85 187 145 71 57 35 119 119 17 255 189 53
    81 251 55 208 153 137 209 199 155 205 255 233 182 7 76 238 227 120
    109 9 198 255 48 167 32 178 0 141 224 85 255 255 198 138 255 88 159
    53 215 142 64 255 235 231 220 255 141 35 71 37 138 232 247 41 85 101
    47 70 73 203 215 77 7 176 57 255 139 125 184 10 126 118 78 64 194
    145 122 105 255 83 193 246 255 56 220 116 15 76 193 57 69 236 57 83
    255 1 97 105 175 154 5 250 178 33 9 21 180 254 253 255 32 255 86 51
    174 2 86 94 110 136 47 105 234 203 110 8 23 238 95 126 141 186 82
    117 183 255 161 10 169 200 255 255 255 99 108 92 187 106 196 43 174
    112 120 99 136 208 229 39 119 254 229 161 255 161 29 145 39 100 27
    255 45 131 46 82 153 33 110 28 255 21 1 241 198 124 13 158 61 233 60
    46 5 229 129 78 52 142 207 176 79 165 209 252 90 93 120 198 220 134
    255 147 207 160 114 250 240 10 92 222 226 234 60 3 36 255 63 50 255
    146 255 194 140 152 255 46 246 128 81 5 98 153 255 226 11 255 12 139
    80 50 94 246 219 175 122 17 96 255 55 138 24 255 248 80 130 180 217
    229 179 132 188 215 70 72 134 35 220 30 8 192 215 2 182 184 101 255
    31 106 215 67 173 143 251 169 215 154 148 213 48 42 112 247 203 255
    247 147 225 255 7 65 249 192 181 196 143 56 22 251 31 56 255 64 233
    5 139 216 214 246 45 247 2 97 240 35 216 231 109 181 214 191 149 80
    115 193 81 174 89 255 21 110 104 59 4 163 15 70 30 243 2 60 141 2
    216 197 91 246 89 193 234 110 82 44 164 201 159 197 95 66 187 71 114
    236 105 157 244 54 247 174 184 136 163 91 255 255 146 206 133 152
    177 255 44 255 199 17 50 243 213 45 255 148 146 255 248 27 131 255
    15 170 182 217 255 97 18 112 124 232 211 14 92 255 136 188 55 255 34
    98 145 184 183 216 200 45 255 236 61 224 163 247 132 240 242 20 192
    1 95 137 20 75 126 34 40 57 255 106 188 142 209 196 224 213 19 205
    81 135 196 9 207 255 33 255 16 98 157 229 197 195 216 122 95 125 121
    30 255 247 185 255 152 188 207 212 228 38 57 136 75 194 30 86 220 5
    178 228 170 13 231 42 181 58 64 72 188 48 83 73 34 253 247 189 150
    138 43 9 71 62 29 60 129 185 203 176 163 106 164 238 170 255 35 130
    102 255 26 88 88 198 255 255 138 49 255 49 249 65 32 13 203 211 101
    255 15 108 255 207 3 226 15 61 175 107 221 23 34 137 158 73 22 197
    202 186 44 247 51 68 109 3 9 162 102 24 245 161 7 50 69 120 10 155
    255 123 132 255 56 66 166 188 229 136 255 232 78 31 105 213 28 103
    225 61 134 127 88 170 127 174 188 68 103 255 220 137 128 50 76 188
    50 7 104 22 112 187 199 159 182 21 21 49 83 128 125 81 35 200 183 66
    174 205 135 7 98 220 28 172 40 106 240 109 107 130 112 92 59 129 15
    232 73 96 84 108 37 191 99 41 78 65 166 59 198 15 4 62 255 177 186
    112 54 200 255 15 97 208 207 177 94 255 66 83 178 211 191 106 50 50
    132 225 5 128 247 136 90 112 255 61 103 216 28 111 173 48 18 14 210
    51 203 112 100 86 138 36 89 185 176 24 205 207 124 97 174 187 255 19
    189 56 72 173 255 77 204 27 201 32 255 84 187 255 180 23 185 153 21
    182 152 255 6 21 48 76 209 140 183 54 42 255 116 253 196 20 130 75
    163 85 13 42 65 112 22 171 230 76 239 112 88 255 207 240 109 175 255
    172 92 66 172 83 97 65 88 85 54 189 53 31 10 96 246 9 71 186 221 255
    89 67 84 195 81 149 206 121 37 255 255 181 49 244 228 154 89 21 196
    16 198 16 115 9 125 255 213 204 148 51 245 98 105 142 254 255 93 114
    227 132 16 100 255 139 214 137 194 114 255 34 2 255 238 128 162 20 1
    255 73 96 250 255 120 140 255 31 212 40 63 31 54 255 51 33 104 33
    255 174 138 24 174 81 255 79 102 84 202 145 255 231 241 240 41 221
    255 112 255 215 255 136 9 160 208 192 200 181 255 7 182 133 118 14
    193 208 100 67 135 42 27 37 120 125 114 168 4 249 255 185 232 122
    255 15 84 84 230 71 203 246 217 255 147 28 2 185 162 255 69 200 255
    219 129 248 63 71 241 105 178 196 66 49 152 159 114 61 167 221 255
    129 50 188 255 170 255 221 187 255 158 116 24 191 19 178 190 102 53
    170 96 238 163 11 7 20 165 114 108 147 9 163 245 255 164 62 175 200
    48 17 245 32 88 255 60 255 255 255 199 120 255 143 135 255 236 247
    186 226 160 104 164 191 66 255 43 165 130 147 96 116 98 136 255 7 97
    188 231 96 167 85 243 246 9 240 154 60 33 123 168 204 66 247 143 255
    255 198 48 39 163 221 183 158 83 102 230 49 7 42 82 149 10 34 170
    240 43 26 99 255 170 255 255 251 247 87 232 210 192 75 183 132 89
    171 88 168 254 100 219 161 243 61 216 255 9 181 43 18 104 126 112
    177 255 146 58 251 153 255 196 26 252 64 53 101 110 78 255 103 8 51
    253 163 160 255 156 255 94 223 230 51 96 130 132 118 183 28 150 10
    227 177 241 39 91 155 215 228 226 34 58 82 119 59 18 38 161 206 198
    229 182 224 149 67 188 173 123 255 29 149 132 65 3 197 213 232 255
    11 160 187 61 204 17 144 34 187 8 184 205 111 15 39 6 31 152 188 134
    100 66 255 208 151 106 253 199 217 40 68 229 154 75 93 66 167 130 90
    212 136 193 61 118 28 231 66 57 255 34 255 194 47 185 130 166 111
    238 46 28 240 160 199 178 205 112 136 255 84 239 126 78 43 59 142
    213 37 65 20 72 255 179 251 249 147 205 84 156 217 26 172 101 226 48
    89 62 210 65 189 124 255 251 175 83 75 132 70 170 34 20 23 21 83 134
    242 32 255 37 255 88 210 59 75 102 81 255 5 255 11 136 131 99 127 2
    62 181 247 60 255 177 54 238 169 255 177 195 170 129 76 255 74 142
    106 7 137 211 54 214 145 188 8 254 52 132 17 209 35 15 125 140 1 174
    61 59 8 4 194 92 195 22 133 246 86 148 255 221 160 149 208 78 185
    220 226 111 55 94 93 198 200 12 15 138 186 183 181 101 144 63 255
    126 103 32 21 201 207 255 49 194 236 129 233 16 108 220 255 117 227
    101 242 7 210 227 255 26 1 226 24 63 37 42 2 50 202 202 246 59 223
    243 97 35 109 84 96 158 221 67 90 126 226 183 240 175 105 231 49 157
    12 219 106 93 255 216 111 195 5 199 194 247 21 159 69 220 62 139 226
    168 3 130 1 48 186 11 173 255 2 140 230 32 200 77 54 118 255 193 137
    160 182 73 196 80 186 210 2 195 213 255 255 143 157 165 224 100 216
    183 98 227 45 233 74 255 1 12 177 95 140 155 196 85 244 176 255 216
    47 22 255 45 220 65 23 124 242 229 186 39 15 199 137 246 30 43 248
    86 197 145 224 255 220 56 49 47 216 43 85 97 83 188 86 22 21 19 176
    96 23 48 242 255 196 34 42 75 46 255 65 95 94 137 193 37 193 127 83
    116 18 37 255 177 38 185 102 21 26 56 195 197 255 151 255 255 214
    225 193 226 132 81 25 64 237 255 87 201 215 255 216 64 175 35 224
    134 186 185 188 244 229 2 44 158 120 227 185 255 178 230 0 52 255
    233 12 188 149 34 69 66 120 123 86 162 125 142 37 176 56 151 14 24
    245 188 79 248 255 231 189 255 9 244 127 255 102 196 255 83 43 232
    100 160 132 170 80 4 231 31 187 0 107 40 255 72 255 253 22 177 36
    229 126 42 242 255 61 182 130 78 142 64 176 42 169 83 11 28 228 0 0
    145 8 132 151 247 255 92 255 255 224 20 255 152 198 189 157 255 6 81
    37 163 35 44 255 119 241 255 94 174 188 29 137 154 157 56 117 41 93
    255 139 55 65 33 151 93 188 255 255 230 244 171 165 45 166 143 212
    255 40 234 192 172 107 133 100 241 62 22 220 119 252 148 95 10 86
    255 4 10 31 68 130 255 191 55 229 77 184 132 255 0 213 17 227 183 80
    176 101 170 130 4 223 162 211 162 102 103 97 56 46 56 25 171 14 255
    1 208 244 192 91 2 27 215 84 192 71 15 253 137 77 56 234 67 255 92
    197 62 24 31 167 199 111 158 4 251 255 96 226 31 6 89 255 158 26 247
    117 5 246 121 195 122 131 253 255 112 255 181 246 70 243 191 255 203
    103 123 68 98 117 255 254 196 123 40 14 255 61 95 226 199 196 119 8
    204 88 16 22 214 131 174 253 215 111 231 152 107 255 11 97 255 47
    172 75 149 47 255 31 142 164 154 215 198 81 211 84 62 78 142 136 22
    164 132 5 82 44 64 125 4 129 136 216 255 254 28 154 255 131 86 255
    136 102 255 15 120 202 151 10 200 114 31 9 56 58 167 109 11 83 32
    173 166 153 93 31 25 223 61 197 201 133 102 170 187 132 7 32 161 255
    255 196 93 147 157 94 235 237 161 197 226 101 143 33 255 255 153 93
    72 113 240 211 48 134 99 2 245 55 92 249 18 246 155 87 181 206 6 147
    94 255 106 255 34 18 122 16 131 30 170 206 8 226 26 120 255 227 227
    98 177 197 111 65 46 53 173 99 110 55 255 108 78 86 180 15 100 134
    45 12 82 217 252 187 142 255 81 191 105 170 211 173 202 6 44 255 255
    159 226 187 212 92 8 205 185 133 172 243 183 214 127 91 122 222 173
    95 159 49 39 204 199 93 242 128 14 204 255 83 84 89 206 84 196 235
    111 246 68 255 240 64 143 255 147 119 232 5 34 255 123 111 217 115
    104 189 186 12 97 2 222 12 114 23 68 168 18 119 255 226 183 68 24 36
    59 84 181 232 122 235 245 55 32 0 57 41 174 65 0 255 16 217 243 255
    197 19 141 220 255 255 255 16 255 206 114 65 157 184 255 153 2 221
    246 175 255 25 38 255 214 192 126 221 207 166 37 18 121 125 221 95
    152 105 150 255 177 255 132 255 116 146 129 95 225 117 207 100 255 4
    151 106 29 153 255 188 53 187 46 103 242 174 146 255 111 15 77 155
    204 61 255 179 12 123 45 240 76 99 27 163 207 0 192 91 218 163 126
    172 18 255 115 56 3 69 255 56 120 242 170 36 84 79 111 78 65 182 16
    114 42 171 139 222 145 171 147 219 71 50 159 161 160 255 212 100 226
    255 222 89 223 193 255 74 255 170 61 73 22 153 255 203 255 10 232
    237 235 202 116 239 95 96 61 209 183 3 255 156 114 62 244 125 191 78
    255 9 255 172 226 29 20 172 88 254 170 106 50 132 7 46 255 250 247
    26 163 84 27 79 250 4 199 244 5 205 240 227 131 193 227 131 44 247
    200 97 160 159 124 12 33 181 23 97 255 143 167 254 130 217 191 255
    239 60 150 15 153 122 65 166 171 5 229 155 33 139 123 104 143 149
    252 255 27 168 124 193 114 101 249 255 171 143 118 255 255 61 100 71
    255 21 253 28 217 255 180 146 251 30 33 134 14 3 244 101 109 183 255
    255 255 137 94 22 75 2 255 133 255 89 67 57 159 123 108 255 202 33
    117 30 132 255 140 205 170 190 15 255 15 255 191 212 219 255 200 255
    255 15 25 255 4 88 194 131 160 220 250 9 130 53 255 246 203 111 43
    83 113 255 148 149 100 230 178 23 188 193 185 148 112 158 226 37 208
    201 255 209 1 181 204 157 192 255 82 255 191 35 120 116 227 72 243
    242 19 75 220 53 255 233 209 255 25 65 255 74 12 175 6 209 255 156 3
    40 9 30 28 101 53 59 156 62 98 231 129 17 12 105 45 255 191 39 155
    107 83 191 255 17 42 104 108 200 89 253 163 255 158 175 221 115 25
    54 115 105 203 255 130 21 57 224 70 242 39 130 67 101 157 255 158 45
    84 202 32 51 11 185 189 255 68 35 0 69 255 255 198 218 180 8 61 249
    214 231 211 238 255 136 79 253 68 220 255 54 101 178 194 122 24 16
    229 255 187 204 82 251 35 255 80 216 39 76 172 204 5 142 196 30 165
    255 84 197 255 19 200 255 155 149 225 63 246 64 185 159 123 33 177
    255 104 10 0 78 255 88 171 123 255 31 255 147 171 106 75 27 7 221
    213 34 26 94 255 78 30 222 145 117 44 255 95 12 100 63 95 17 72 255
    98 231 32 29 154 214 255 161 232 243 252 251 197 89 18 4 155 217 232
    158 255 255 235 255 255 67 80 66 14 141 136 29 117 148 27 221 199 48
    251 242 184 152 26 146 124 54 78 113 75 255 216 12 239 255 71 10 48
    198 153 25 220 255 64 183 156 28 255 225 135 114 147 220 37 21 68
    164 132 67 11 7 186 255 152 146 66 98 231 2 121 255 158 227 254 222
    93 96 160 225 61 230 151 253 255 228 60 248 102 51 255 172 51 56 143
    70 255 4 186 29 169 247 161 162 105 98 164 85 174 200 187 208 209 74
    111 88 192 18 35 255 255 223 65 34 123 61 154 109 139 249 48 69 166
    132 129 100 101 155 214 111 112 89 201 116 243 11 129 62 199 26 207
    198 232 255 21 44 197 78 238 88 92 116 70 162 101 227 177 0 57 43
    244 196 172 95 255 67 139 78 18 106 255 47 214 191 174 99 181 206
    197 5 255 227 57 181 92 255 170 216 255 74 151 15 171 140 144 58 255
    159 238 171 12 25 186 247 111 255 170 237 205 86 190 27 202 76 44 97
    5 169 186 196 21 181 136 119 145 176 255 225 225 61 204 3 243 156 8
    210 95 209 95 181 72 228 215 152 197 185 74 215 17 39 2 193 17 229
    60 113 50 174 254 21 255 170 208 99 255 174 178 174 241 94 105 66
    147 174 197 142 109 11 255 29 255 255 57 209 177 164 178 143 1 220
    255 22 120 255 76 69 105 231 146 209 125 49 233 196 105 105 242 109
    255 116 48 46 216 70 152 173 56 147 32 42 240 2 198 86 158 232 106
    123 145 255 163 118 158 241 55 103 231 244 255 152 3 238 163 236 106
    62 235 255 251 130 65 117 130 11 120 255 128 255 69 255 255 149 169
    11 216 199 133 211 255 171 8 155 207 30 86 149 170 255 169 226 202
    91 174 161 233 57 32 255 49 255 53 172 38 231 200 255 225 240 46 160
    16 189 72 82 238 178 240 40 22 53 255 195 104 59 119 48 24 128 234
    169 250 46 255 52 28 202 71 73 43 86 106 57 60 255 248 28 24 255 22
    123 163 63 67 134 103 206 188 105 51 83 43 138 226 238 20 182 65 205
    138 96 81 159 178 83 11 206 255 131 117 97 172 19 66 244 91 85 255
    146 173 149 101 255 147 131 221 194 36 228 197 215 150 123 100 117
    42 30 25 255 254 71 207 27 10 159 205 10 67 34 20 182 134 90 176 86
    97 182 225 255 77 201 42 56 242 175 160 70 197 112 123 9 133 123 67
    171 124 150 71 4 211 204 193 124 235 251 201 158 185 197 76 136 238
    55 247 216 229 253 186 141 176 171 255 136 150 226 50 139 255 109 72
    215 255 153 255 229 25 32 7 86 255 84 89 116 124 120 106 140 242 222
    226 255 163 217 238 16 148 48 255 20 136 29 7 175 22 129 168 68 21
    85 183 37 181 152 232 100 71 92 4 210 148 35 204 172 177 255 231 91
    26 117 255 76 235 79 255 255 54 255 113 33 255 22 95 255 165 80 241
    34 26 226 49 195 255 255 26 108 197 255 142 134 148 138 222 127 128
    255 255 98 215 13 183 184 9 182 80 255 109 66 235 200 122 151 222
    109 192 255 83 214 246 158 236 97 27 146 128 250 61 255 111 124 33
    248 143 0 234 85 255 58 34 9 5 53 27 197 201 255 152 183 99 176 134
    255 77 185 219 55 76 39 52 223 214 76 138 109 114 188 158 205 106
    242 159 55 48 209 33 255 32 123 205 50 226 115 22 172 255 156 105
    149 76 194 243 91 54 9 255 129 238 110 255 255 101 28 255 130 255 10
    129 159 136 118 255 255 211 150 255 207 7 255 220 100 180 26 70 255
    155 229 192 183 255 112 131 226 241 255 124 255 195 189 218 167 163
    200 68 23 83 249 198 209 126 139 255 239 200 167 108 146 255 255 101
    214 175 77 42 248 94 70 16 101 116 177 239 252 164 255 23 253 15 160
    244 4 196 8 1 193 220 171 161 189 255 255 255 2 255 216 39 196 255
    218 56 112 9 82 255 124 122 217 193 15 72 118 9 189 255 108 119 145
    244 68 48 81 101 135 255 36 2 185 255 105 81 119 105 170 214 220 72
    44 109 153 60 147 143 252 94 236 97 172 35 185 198 66 102 255 222
    246 71 27 159 218 255 229 35 106 185 255 49 164 188 226 199 141 29
    159 255 39 50 34 255 206 100 194 60 244 120 21 35 161 255 211 225 97
    191 186 231 115 142 118 41 211 149 21 37 63 65 159 119 5 94 46 174
    255 121 220 181 104 255 2 176 90 7 155 24 70 173 94 45 203 138 185
    47 116 171 35 171 255 139 255 255 139 132 54 118 57 255 232 51 153
    232 249 37 0 250 160 160 149 95 74 74 132 183 128 255 69 180 191 227
    255 81 88 99 54 191 206 255 146 48 6 14 77 109 216 255 62 211 143
    255 182 173 231 49 39 255 123 178 83 72 70 21 60 181 170 18 241 130
    94 169 253 233 2 152 152 180 209 105 48 120 142 211 225 80 199 147
    194 65 40 86 34 237 59 124 128 93 159 255 46 24 255 34 255 90 21 129
    177 195 187 51 255 82 134 41 79 255 223 58 255 30 255 255 119 159
    255 0 2 211 119 143 84 128 232 255 98 38 131 224 99 255 20 163 152
    33 234 139 111 120 1 255 216 175 119 163 230 23 255 97 169 161 255
    75 163 125 48 30 175 85 227 255 238 57 180 221 39 199 165 255 35 143
    90 255 44 154 235 237 58 71 163 201 221 251 145 171 153 129 72 113
    255 18 164 106 165 254 223 147 110 14 142 81 56 255 252 108 255 92
    245 44 221 153 208 71 246 255 14 227 235 202 228 227 78 180 156 197
    68 255 46 255 172 178 101 79 47 197 156 31 12 125 43 41 141 126 102
    108 242 146 255 8 255 240 97 255 255 100 18 123 23 203 235 124 219
    196 138 126 255 255 207 255 11 15 255 6 89 215 255 194 163 96 161 2
    15 9 255 99 123 38 143 64 209 138 5 255 139 191 235 12 174 255 247
    184 198 167 19 130 106 69 153 18 255 81 98 255 229 152 229 177 255
    176 21 244 255 255 199 140 182 217 26 204 148 168 167 142 93 103 197
    148 238 72 92 42 112 44 255 137 230 150 99 207 210 2 44 230 114 2
    176 219 147 255 24 221 153 77 103 211 169 146 70 113 215 43 242 255
    164 255 24 53 130 48 134 1 8 255 14 243 11 190 250 120 210 46 82 244
    210 255 207 200 34 200 184 138 102 122 255 211 122 255 81 211 164
    170 64 29 244 132 255 108 101 18 217 227 222 255 147 83 223 22 240
    47 8 92 222 88 131 246 125 18 167 71 198 50 151 186 19 240 221 147
    234 49 46 221 50 163 168 255 65 233 255 79 255 150 193 57 255 119
    153 233 129 184 255 215 239 6 52 88 139 171 125 255 122 231 255 124
    131 40 9 118 73 20 26 216 215 153 255 131 44 226 55 208 93 108 171 0
    40 170 186 138 70 133 240 64 12 249 164 59 255 255 255 0 56 255 204
    97 84 149 231 255 33 97 219 72 114 255 48 249 158 214 255 137 59 195
    37 67 255 125 173 246 255 66 73 246 200 242 143 182 249 255 206 215
    180 94 82 156 147 220 255 157 120 51 184 14 23 239 212 196 198 99
    169 194 129 198 39 222 229 52 64 153 145 15 255 214 96 221 87 149
    213 40 206 232 17 173 103 215 53 255 86 255 10 126 81 103 165 228
    219 144 112 204 151 181 255 138 8 103 7 255 131 220 124 79 5 186 73
    47 95 15 216 44 167 25 49 169 78 165 169 199 70 254 98 137 86 152
    204 167 83 189 204 216 7 172 217 186 37 248 149 5 119 56 144 117 163
    255 255 60 79 178 124 62 152 234 255 77 135 218 32 204 136 124 54
    255 11 107 255 178 164 158 36 218 164 169 36 114 147 244 77 55 73
    255 254 207 156 1 35 46 211 235 166 254 2 119 193 105 127 180 105 64
    22 148 70 59 242 6 119 74 247 157 168 163 29 127 244 244 174 73 47
    251 255 47 3 89 10 186 231 111 235 208 113 102 150 61 207 247 117 73
    82 66 0 145 231 96 112 126 15 9 1 234 98 53 252 160 1 255 13 30 120
    97 72 151 21 103 185 132 43 231 60 32 83 32 18 163 255 108 221 203
    252 182 46 76 105 153 97 255 90 154 195 255 74 205 145 231 149 255
    139 197 84 210 218 89 255 255 20 120 108 255 144 90 216 91 175 225
    33 247 242 154 24 79 33 20 132 148 32 23 59 18 121 245 242 12 188
    220 247 36 255 171 1 236 104 185 26 159 208 230 97 181 255 222 1 222
    24 187 176 137 1 195 230 104 241 255 179 30 139 160 150 243 143 125
    255 148 8 51 118 181 53 67 16 255 66 204 132 234 170 255 247 162 141
    239 78 106 55 223 202 238 218 230 33 4 77 215 255 255 255 54 43 65
    140 99 255 84 42 44 240 64 216 209 255 111 91 104 216 64 122 85 32
    211 156 77 203 126 242 10 154 109 255 2 158 255 236 11 22 255 159
    172 71 27 75 69 195 231 46 39 163 55 60 255 97 47 255 27 90 33 150
    85 79 78 132 18 230 36 6 79 104 38 183 123 59 202 30 172 54 187 83
    255 160 196 138 60 229 61 15 229 59 238 160 233 255 197 152 39 98
    104 103 57 69 255 197 180 86 98 196 37 213 154 64 42 101 35 90 73
    135 0 128 134 189 212 117 255 46 117 78 155 232 59 78 170 219 67 203
    31 234 11 255 149 2 84 135 91 255 253 226 32 54 97 255 60 171 224 39
    90 134 151 19 103 61 27 205 197 10 199 97 27 167 174 233 237 40 145
    139 74 207 23 230 41 71 130 18 61 118 242 18 128 43 225 162 26 175
    30 76 42 20 104 59 255 180 156 150 82 13 136 127 94 226 19 66 73 18
    208 139 155 120 158 13 82 228 166 233 124 60 145 135 223 220 49 240
    160 199 139 194 213 175 255 132 191 252 182 214 255 249 162 169 178
    14 230 255 83 81 26 61 12 61 97 255 143 149 55 155 38 176 250 165
    174 56 115 255 43 199 153 87 72 138 217 95 210 173 43 174 254 186
    153 229 209 202 244 54 94 179 22 109 169 50 248 175 222 172 58 255
    127 178 191 77 92 255 249 228 31 137 199 203 114 45 243 255 56 30
    143 197 149 39 207 141 247 58 153 171 164 104 255 231 19 149 33 166
    128 253 252 255 53 68 160 16 90 27 1 253 237 150 251 134 223 255 218
    145 255 255 44 255 126 36 166 255 255 210 17 132 118 134 33 69 255
    221 211 89 241 203 57 229 166 5 100 234 255 189 126 225 167 105 218
    27 93 131 153 140 48 127 20 255 138 140 75 102 88 255 255 255 241 25
    186 117 39 181 88 112 196 148 145 48 233 43 159 138 244 178 4 12 68
    200 65 93 237 237 243 24 22 210 180 151 100 225 122 145 98 152 127
    242 249 137 84 224 151 128 180 155 242 29 84 34 227 3 70 96 89 51
    215 250 188 11 230 88 136 99 147 255 61 221 148 230 242 157 81 66
    232 246 160 247 28 240 6 28 54 76 230 255 113 244 180 226 255 218 60
    59 84 204 223 83 122 180 145 59 200 22 208 164 44 169 228 114 28 115
    255 184 215 255 143 38 231 197 67 98 190 246 237 248 54 83 199 230
    255 138 120 110 183 9 98 214 218 255 130 255 219 52 93 147 244 251
    249 130 218 251 50 245 186 170 125 165 7 255 171 255 103 255 190 49
    6 82 139 110 58 141 29 61 22 138 124 49 255 138 174 122 22 249 255
    236 189 138 96 150 214 223 61 171 227 175 159 91 204 115 248 66 29
    225 161 122 250 204 104 203 2 76 62 187 255 162 68 255 144 8 18 255
    37 254 147 255 93 69 255 104 150 255 10 135 132 255 161 160 125 242
    223 55 34 255 166 223 151 248 215 93 255 20 232 93 40 221 176 85 180
    20 182 19 254 207 195 210 45 60 185 165 15 231 77 168 255 213 65 182
    79 255 56 175 255 53 55 74 97 245 203 73 31 39 255 255 104 49 181
    125 242 18 37 230 19 105 43 39 25 94 106 255 12 99 135 59 187 60 86
    153 61 95 158 48 127 53 222 218 152 228 204 35 191 227 138 194 174
    195 235 88 255 208 15 177 216 172 202 0 198 46 226 200 224 14 255 24
    37 70 69 41 255 2 68 48 111 69 98 177 103 202 11 27 233 191 194 255
    57 158 211 46 157 62 244 138 92 137 169 255 162 134 226 162 11 255
    146 10 141 80 145 158 198 99 213 193 32 81 68 158 244 180 86 255 194
    19 132 70 55 98 235 247 252 227 150 253 54 176 221 182 60 106 129
    255 255 35 142 255 165 255 33 116 79 2 34 127 196 140 177 10 136 253
    244 1 236 90 255 188 255 138 203 120 53 255 255 118 141 183 108 221
    40 168 139 247 35 138 218 174 48 255 128 90 224 3 12 99 230 90 255
    248 82 137 239 9 177 202 150 205 160 32 255 63 170 255 42 108 246
    228 166 182 188 136 183 36 135 255 189 51 131 17 255 93 61 30 152 71
    12 116 138 229 255 40 23 21 104 36 56 120 99 218 236 138 242 255 197
    164 170 102 255 68 255 115 45 107 161 145 150 177 212 229 1 122 78
    115 143 22 229 232 212 109 103 60 21 43 81 143 132 38 210 11 104 120
    118 66 255 60 47 154 93 221 197 153 16 138 219 231 169 134 222 177
    174 207 128 203 140 73 253 148 109 182 250 0 145 158 149 95 255 49
    202 56 249 66 55 46 111 81 9 119 35 132 116 108 78 238 172 4 36 74
    255 255 198 16 118 102 171 255 149 16 193 108 116 239 11 147 251 195
    186 1 199 147 234 20 205 111 77 248 65 45 255 8 65 92 253 94 108 247
    208 57 221 146 67 183 186 255 104 236 38 29 41 167 130 141 248 127
    89 95 207 255 60 249 22 12 124 60 185 204 117 255 110 35 56 46 124
    210 101 45 82 16 43 144 190 104 13 144 71 188 18 21 147 96 56 1 222
    221 246 255 0 109 240 48 255 147 164 24 5 211 37 143 203 131 10 188
    255 131 157 255 202 176 204 189 175 197 177 188 255 214 186 61 21
    104 255 167 231 144 191 66 255 147 55 255 224 205 243 133 5 208 17
    200 44 254 142 240 9 255 255 255 32 93 247 224 255 58 68 180 109 64
    215 246 157 194 25 13 34 229 105 215 108 77 164 182 102 148 27 148
    247 65 18 44 66 187 199 91 67 225 24 8 144 10 48 67 179 217 213 26
    10 188 129 89 238 45 155 28 7 1 152 235 215 95 214 255 246 21 106 46
    145 10 255 205 85 211 109 255 138 144 78 56 249 212 94 245 255 251
    30 255 193 205 148 255 83 111 132 121 165 92 44 198 238 48 255 236
    91 19 54 252 23 255 240 219 48 176 255 32 137 48 73 77 188 186 46 28
    116 41 27 233 189 255 255 2 104 208 214 142 255 89 60 0 174 135 64
    255 118 23 47 90 33 151 125 255 201 34 255 122 36 35 189 187 244 224
    238 224 74 199 214 247 153 42 29 160 77 150 112 192 101 120 255 237
    185 48 255 145 233 54 197 255 171 60 121 36 93 249 140 51 104 195
    155 42 20 143 9 46 200 92 45 117 2 241 196 2 145 88 51 31 142 255
    167 8 59 72 8 103 24 255 77 173 61 172 198 175 154 84 14 188 215 85
    255 237 254 54 255 125 255 28 116 255 154 217 253 189 67 38 59 154
    192 95 168 24 24 168 0 76 101 169 229 32 90 170 154 255 200 10 255
    213 34 55 10 70 221 255 24 110 17 130 33 118 10 126 110 50 66 31 252
    144 18 177 255 148 157 84 231 150 27 75 116 166 75 220 42 1 162 138
    53 83 242 173 127 62 240 220 209 70 56 255 142 207 12 148 33 255 238
    8 119 227 255 144 157 191 255 87 127 167 220 160 255 39 103 20 230
    60 238 20 255 255 129 47 44 132 154 214 174 184 226 240 119 222 214
    223 255 135 43 95 159 212 100 140 230 123 247 194 137 231 154 238 72
    10 208 110 210 255 223 220 185 105 88 56 109 147 98 252 61 65 233
    161 255 197 26 233 136 255 35 182 44 241 255 255 106 153 206 255 137
    58 90 120 255 61 212 34 76 209 147 175 89 148 56 117 2 205 132 150
    11 50 66 139 191 19 149 212 204 137 180 66 181 57 119 45 39 126 6
    255 180 255 36 66 127 168 14 104 208 47 255 77 122 99 71 84 44 240
    20 92 0 74 255 77 172 174 55 43 123 215 146 224 120 210 95 252 93 18
    204 106 255 201 132 210 190 203 255 232 184 213 52 107 116 182 255 4
    100 0 116 55 242 255 94 255 6 70 92 188 210 163 180 227 72 253 15
    209 177 189 255 255 1 241 255 174 152 49 63 21 193 2 10 210 251 59
    255 255 201 209 109 251 240 59 25 90 205 62 255 222 10 89 34 104 218
    255 62 28 187 76 225 221 74 73 255 51 255 222 14 241 138 77 211 68
    255 119 228 145 42 168 187 180 168 242 67 62 211 233 188 7 90 42 41
    255 255 255 233 89 117 225 248 224 178 255 26 229 206 161 86 92 255
    255 16 176 40 150 106 98 121 182 255 244 73 243 107 104 167 176 95
    216 223 212 67 168 218 62 43 222 192 244 255 0 8 27 246 213 69 216
    110 201 253 14 216 255 105 171 253 204 90 221 76 48 255 172 8 12 102
    123 255 210 97 56 12 7 81 34 36 106 217 33 82 96 68 218 123 255 152
    214 81 191 37 222 137 236 88 7 102 255 208 204 142 139 53 109 255 16
    255 209 143 42 37 82 23 51 155 169 56 150 255 225 20 56 255 242 107
    246 173 80 143 214 86 237 53 34 54 235 227 114 204 200 209 122 59
    185 255 127 255 73 185 139 147 255 17 139 62 241 36 59 137 122 194
    65 49 255 127 87 13 255 146 255 148 221 129 187 205 125 219 102 41
    244 183 255 255 107 34 13 81 255 82 74 226 12 176 218 255 153 163
    207 47 212 159 139 124 255 191 235 231 128 182 119 196 123 17 149
    255 176 31 115 237 157 214 132 54 165 1 152 72 133 213 88 255 128 28
    255 255 78 42 93 72 194 57 130 76 6 123 198 136 174 204 190 161 198
    255 216 178 15 13 255 56 214 9 196 80 40 246 168 193 161 111 255 20
    12 92 198 141 108 98 16 255 157 105 197 71 103 255 48 28 160 80 222
    42 126 186 170 16 86 5 239 255 192 231 46 255 46 182 48 138 238 255
    125 236 227 152 47 12 255 86 42 97 159 166 174 228 192 188 99 115
    102 216 233 91 166 255 116 128 92 199 175 226 189 253 185 157 223 37
    89 197 147 209 134 39 129 100 35 71 224 161 143 217 65 205 64 147 99
    162 39 14 206 73 164 31 55 236 185 134 161 183 98 168 210 145 112 88
    39 1 64 53 18 115 176 186 210 178 99 97 90 91 241 76 41 208 75 46
    176 165 133 117 253 86 255 130 185 127 166 25 35 83 4 81 116 80 49
    125 104 61 255 229 150 18 252 106 197 195 93 254 213 94 159 214 131
    95 35 60 233 231 131 238 67 126 103 116 183 232 45 31 9 108 138 43
    169 34 65 202 255 39 158 255 82 9 89 2 184 53 56 152 204 133 117 9
    111 42 99 172 209 216 220 134 229 248 22 253 136 6 247 178 146 142
    225 35 43 178 154 4 255 34 165 160 63 211 255 72 72 40 216 195 44 26
    255 255 5 226 197 236 128 255 139 235 11 154 51 174 211 66 100 245
    15 55 149 42 225 28 184 130 255 136 255 104 103 255 162 37 71 6 214
    191 205 90 255 104 103 50 40 94 108 93 120 233 61 230 17 190 20 103
    8 140 255 247 218 12 93 120 111 25 70 24 160 203 100 39 61 255 144
    108 246 39 165 122 127 118 159 206 135 233 162 127 246 145 255 62 10
    255 255 162 27 255 87 162 131 119 195 20 98 230 121 9 250 178 153
    242 255 249 219 244 75 211 255 71 95 240 158 56 116 99 18 255 125 65
    255 149 148 6 146 255 138 217 113 97 17 163 18 48 222 76 51 86 255
    121 232 131 125 203 186 148 5 53 209 255 193 232 0 29 196 235 255 72
    134 255 121 255 181 253 135 39 229 82 170 118 177 50 111 61 7 88 72
    81 204 118 205 50 255 221 33 255 138 102 170 11 132 255 255 15 80
    154 77 242 255 171 43 95 255 177 242 220 177 109 23 157 12 4 215 9
    22 30 136 87 255 255 135 84 2 37 206 216 91 76 255 210 95 194 235 24
    225 250 186 248 46 215 75 170 217 220 160 255 40 236 255 32 49 233
    20 123 224 81 220 60 109 113 7 112 207 47 180 111 249 211 236 4 35
    209 89 108 135 236 255 181 56 255 222 67 232 99 145 123 143 188 255
    3 255 28 12 131 255 160 162 203 9 194 138 7 131 188 174 48 16 112 9
    255 178 187 192 33 218 255 15 255 155 152 46 56 87 73 17 79 151 246
    8 170 171 236 255 7 227 255 232 14 108 78 232 33 185 44 88 108 42
    255 218 87 200 240 56 47 94 215 106 255 205 176 255 106 219 18 5 255
    119 84 69 38 229 150 233 156 28 169 62 36 7 87 99 142 207 134 227 24
    116 21 151 134 48 53 139 255 135 255 62 143 38 131 126 255 12 8 234
    165 255 230 255 183 174 109 10 222 194 9 184 215 34 46 95 14 86 255
    205 210 88 244 173 171 248 132 144 22 216 177 189 211 86 255 222 255
    217 155 208 254 216 109 164 19 213 132 178 246 146 11 209 41 113 255
    198 189 213 9 78 82 117 165 255 186 73 220 157 136 224 129 140 150
    83 127 32 255 95 166 123 111 128 76 125 176 161 118 26 2 50 208 14
    223 27 188 192 220 6 96 56 175 226 222 144 182 247 91 251 104 147 45
    37 255 62 186 63 140 255 171 253 139 39 10 88 2 181 163 234 132 255
    100 86 224 69 255 110 228 255 35 184 255 60 17 220 112 107 132 38
    213 24 103 133 54 178 19 240 106 238 212 209 92 234 46 168 7 231 165
    255 244 60 24 109 174 126 255 59 114 216 254 86 255 42 255 117 51 90
    255 148 177 160 134 253 255 215 129 0 188 149 203 255 243 171 97 105
    255 255 187 199 184 155 38 92 189 49 183 238 255 234 178 176 120 82
    75 173 160 255 34 201 60 252 254 16 35 255 116 105 185 187 21 252 27
    105 34 255 212 106 255 244 255 115 224 108 82 180 47 255 58 11 5 246
    255 31 0 120 27 55 51 225 164 255 142 65 132 188 209 42 255 147 255
    255 201 118 255 146 64 255 202 111 114 102 255 59 153 242 255 208
    175 172 129 222 133 181 235 227 222 2 9 255 184 214 255 117 218 204
    81 104 25 47 154 132 247 160 55 255 255 91 95 22 127 23 255 131 155
    54 85 207 35 153 102 56 203 124 84 3 28 255 174 16 181 255 174 254
    106 199 165 162 210 66 66 24 49 164 191 119 204 109 125 26 176 37
    177 12 73 49 140 255 132 207 109 208 177 16 4 3 156 193 162 230 99
    117 255 144 255 219 126 186 188 0 41 247 70 193 255 49 143 216 151
    255 134 6 4 255 74 134 236 235 176 119 251 97 27 174 194 222 170 39
    59 162 176 251 85 93 17 161 233 161 36 228 153 223 149 152 221 185
    255 119 255 4 134 47 67 110 12 193 140 48 76 46 34 43 34 31 240 145
    114 236 190 90 202 96 27 53 8 255 198 119 255 172 107 135 255 117
    178 133 106 209 26 220 255 125 76 255 0 27 187 225 108 165 120 196
    224 191 19 55 255 148 138 15 36 255 255 37 199 49 19 183 210 227 8 6
    70 4 66 81 94 255 32 255 11 70 118 248 16 70 116 245 243 171 119 26
    72 241 231 255 111 255 97 24 251 62 205 212 236 205 205 178 184 175
    55 191 130 255 205 114 251 120 255 87 6 146 45 136 255 101 36 127 29
    200 93 255 230 214 50 147 54 255 209 244 171 208 30 61 106 4 33 140
    137 255 119 227 18 96 74 106 27 31 40 217 219 255 48 114 28 9 61 232
    181 157 122 3 255 88 205 185 29 150 66 7 232 18 196 4 174 34 187 80
    230 216 200 194 241 164 199 25 84 72 193 200 255 178 2 28 255 137 11
    12 27 136 244 82 7 49 255 71 246 16 231 168 49 31 208 55 88 156 130
    240 24 37 235 225 255 225 230 50 108 239 53 175 73 119 28 164 86 51
    68 135 255 10 183 174 111 86 40 92 2 196 180 18 97 30 172 138 73 7
    27 1 209 203 182 96 119 255 112 144 229 126 33 164 74 214 222 245
    255 235 49 7 139 101 255 32 182 130 109 143 111 241 58 24 174 255
    246 125 197 28 130 42 213 16 135 170 116 172 4 161 216 255 158 71 22
    91 186 65 225 183 114 22 131 122 203 227 187 93 206 229 204 111 40
    60 123 225 251 228 209 70 196 233 179 188 255 242 154 121 185 25 20
    10 255 255 35 73 106 92 90 196 209 145 255 101 201 120 55 56 255 167
    131 175 245 30 132 155 77 110 255 199 60 86 228 174 204 9 252 206
    215 98 43 4 240 205 242 200 180 161 128 203 196 104 181 5 199 61 139
    255 130 184 204 153 229 238 44 3 242 120 3 255 48 85 220 117 239 255
    211 219 71 239 49 38 204 187 254 152 13 216 11 195 5 16 69 71 114
    152 255 240 251 154 148 23 255 56 246 255 255 12 232 255 125 5 255
    21 92 123 255 149 129 183 79 92 255 209 24 181 204 73 92 255 201 42
    252 1 7 246 107 65 66 87 5 233 99 118 209 208 140 134 58 155 252 151
    8 104 1 68 90 61 13 61 154 161 232 52 165 75 125 158 123 255 246 241
    24 48 120 167 161 167 116 31 208 9 73 35 98 59 240 63 239 207 52 236
    114 83 58 81 76 200 218 237 123 134 7 34 122 102 93 197 194 111 26
    140 2 177 105 107 48 163 148 79 17 255 26 222 165 174 11 31 255 3
    108 232 200 146 35 234 108 167 199 236 248 255 76 33 4 178 6 18 223
    147 184 255 255 75 100 141 108 125 89 206 207 213 151 137 0 44 16 28
    189 241 187 153 126 126 136 255 84 30 160 20 148 112 255 40 77 178
    189 243 24 156 182 81 153 170 136 47 255 252 87 246 255 251 255 117
    117 255 53 179 207 13 62 255 180 203 99 246 66 170 255 123 45 66 183
    185 1 240 57 84 138 36 61 165 217 39 203 255 40 222 111 169 36 255
    255 35 124 45 47 255 55 10 234 50 23 62 255 123 162 139 228 72 156
    87 163 155 231 255 255 207 178 172 85 107 42 66 253 88 238 255 49 32
    61 255 8 255 232 171 158 255 252 73 229 120 145 200 255 18 255 144
    12 193 140 180 159 40 212 255 55 251 4 160 20 200 63 54 92 74 178 49
    25 195 48 31 254 148 196 212 7 107 235 111 14 42 178 210 239 255 181
    206 222 78 143 81 161 145 51 8 125 244 155 224 167 33 95 235 247 71
    18 189 176 79 248 155 108 182 239 165 252 22 191 217 194 255 130 183
    221 129 49 241 105 83 255 255 65 255 70 177 103 158 229 100 150 117
    37 204 228 137 142 198 214 232 90 255 248 150 255 245 174 82 255 253
    35 87 222 248 59 99 176 70 166 0 48 184 1 100 255 2 0 96 255 123 11
    255 147 255 166 83 55 241 147 150 198 177 55 147 124 199 68 197 255
    255 164 255 32 157 204 255 143 12 86 69 183 84 12 51 181 151 218 236
    127 128 43 33 245 24 200 223 224 199 242 167 227 9 121 100 42 189
    168 255 225 149 182 72 33 174 164 37 187 77 75 244 28 20 255 38 197
    255 5 183 227 211 122 212 248 49 124 23 133 146 134 182 189 55 79
    146 48 51 93 51 24 226 60 255 240 255 94 65 200 186 203 255 255 69
    200 187 84 171 136 137 86 27 145 181 155 171 81 171 67 152 224 172 4
    172 212 246 151 123 67 71 134 255 7 11 255 180 142 95 245 89 222 162
    36 35 204 207 44 86 3 255 80 39 50 49 243 254 255 65 66 145 251 185
    34 50 78 133 113 170 203 203 38 55 73 141 66 138 255 79 15 255 120
    44 172 236 223 185 56 210 255 241 195 144 29 65 244 124 194 255 179
    65 248 145 73 132 126 51 164 169 184 255 96 154 141 25 172 255 155
    116 255 14 227 255 205 106 39 202 171 81 180 236 255 97 46 225 208
    48 139 125 122 230 155 91 130 190 233 165 232 254 130 25 151 1 222
    42 232 10 155 15 95 241 35 73 217 159 253 200 211 255 224 192 143 7
    244 15 8 255 21 240 171 144 7 116 176 255 229 210 54 28 210 244 116
    44 145 255 130 162 255 211 125 90 160 126 127 147 177 222 233 233
    227 255 111 210 62 115 158 31 0 249 184 255 186 236 116 64 194 217
    66 140 93 68 158 211 196 163 215 45 48 120 232 8 139 255 255 224 255
    244 93 4 203 101 86 112 183 28 225 51 185 127 191 139 133 103 243
    155 18 192 10 180 56 146 93 72 7 46 255 21 23 255 255 228 72 12 204
    141 46 48 50 113 35 197 197 33 127 155 125 187 189 103 205 250 114
    24 211 199 110 189 220 111 255 255 251 92 171 131 21 191 229 1 255
    199 246 74 211 139 41 65 121 132 255 155 222 35 171 70 4 160 85 171
    100 47 16 248 160 220 255 166 18 57 89 255 239 212 154 100 142 76 6
    131 130 108 255 246 177 234 210 253 224 215 124 178 241 254 221 218
    178 47 182 45 255 224 46 131 17 97 255 21 57 35 197 74 34 191 188
    107 244 242 155 253 249 238 255 7 79 243 175 67 169 2 19 156 222 66
    125 33 143 255 32 169 232 21 148 106 249 107 160 108 150 255 22 28
    255 96 93 120 7 102 37 37 106 120 63 56 111 189 94 17 210 130 255 84
    122 109 224 124 149 71 230 180 118 185 34 149 192 192 212 112 126 9
    229 6 241 244 255 146 242 127 180 23 207 165 79 106 67 255 59 156
    227 67 99 255 255 223 247 172 93 216 86 11 102 2 153 36 186 108 134
    255 104 166 60 70 164 11 34 10 216 17 20 18 230 102 178 49 22 114 4
    199 42 251 60 81 255 241 95 50 243 18 4 32 255 221 216 255 29 207
    255 194 172 10 118 188 225 114 154 115 17 191 255 143 76 128 97 136
    226 230 1 79 82 137 255 136 137 109 99 44 235 119 11 21 74 27 57 26
    28 246 162 73 255 205 199 13 245 31 255 104 96 255 33 119 197 217
    224 237 54 115 172 46 35 255 241 119 64 213 102 139 68 253 123 8 185
    111 82 13 255 195 78 149 175 3 225 43 170 255 138 253 6 93 21 204 71
    122 255 169 82 236 3 193 255 250 95 53 162 15 34 51 255 255 44 183
    49 182 55 255 24 53 208 21 32 255 34 171 187 244 218 86 228 224 183
    164 113 255 7 168 255 123 70 255 63 90 75 255 137 13 235 180 142 41
    195 226 21 58 204 228 192 116 14 107 120 208 165 255 199 255 193 118
    85 106 204 84 60 186 226 138 238 114 255 63 122 23 185 226 255 179
    211 152 128 64 226 1 61 114 26 201 28 44 138 61 178 194 121 26 11
    248 172 32 255 176 21 7 159 14 186 226 201 78 198 249 255 229 208
    147 52 21 13 29 194 255 66 255 26 250 147 247 247 163 251 129 112
    117 194 177 32 73 192 137 59 178 48 63 243 35 255 148 65 149 49 255
    177 33 17 210 114 176 104 130 130 151 84 189 255 183 39 255 215 141
    29 185 108 168 161 255 3 216 252 1 14 255 94 91 255 62 31 186 161 26
    95 155 251 255 56 230 238 105 142 255 255 178 88 78 229 191 122 119
    7 255 188 32 118 255 161 186 177 176 252 39 56 150 100 143 239 154
    150 47 166 77 28 206 126 58 47 255 28 2 81 177 50 31 208 218 255 232
    255 183 111 9 255 213 9 49 255 83 230 128 247 39 125 255 189 196 3
    97 31 255 138 2 105 174 48 24 15 188 244 255 114 85 67 253 169 148
    85 180 219 27 255 108 177 238 214 194 200 128 48 249 159 127 214 255
    213 76 95 216 201 252 226 255 205 169 204 255 125 122 247 81 91 53
    255 255 165 108 67 255 22 77 48 233 204 139 136 107 170 255 178 255
    8 22 31 101 221 11 255 25 11 223 62 50 108 43 149 122 165 255 154
    120 182 203 99 99 240 255 24 46 85 64 156 187 101 119 10 122 69 157
    123 200 100 12 164 101 238 164 39 53 100 181 196 46 71 232 183 204
    170 65 210 187 122 180 255 27 255 255 235 142 154 244 195 255 148 49
    188 61 188 204 127 161 255 48 212 95 50 132 114 119 146 255 186 66
    255 112 255 215 111 28 243 229 255 255 248 125 229 15 255 2 45 226
    231 26 113 254 157 227 130 58 233 255 186 186 167 173 152 251 172 31
    33 102 186 33 17 255 5 101 83 255 219 168 255 16 58 136 187 138 255
    77 140 155 30 199 198 149 192 56 149 255 255 183 255 66 10 81 120
    137 255 23 71 83 145 53 157 76 58 242 230 15 137 160 99 151 115 23
    177 255 23 4 93 73 172 180 1 80 255 139 255 45 158 137 83 50 92 0
    121 188 149 212 37 73 93 68 215 255 109 142 56 174 156 75 255 229
    200 141 86 85 92 205 112 34 50 196 222 111 151 69 89 137 166 204 37
    255 225 10 255 220 4 150 148 249 33 94 45 177 144 172 33 9 190 55
    150 206 206 62 97 51 181 57 107 156 43 118 213 60 79 5 60 159 68 136
    152 42 212 255 251 104 220 12 68 235 241 164 255 98 113 194 255 208
    239 98 236 66 202 191 170 40 72 86 43 12 251 255 160 170 38 89 247
    49 209 255 208 250 223 21 85 28 255 220 187 213 113 103 255 184 132
    171 144 183 255 229 28 183 47 59 244 241 127 221 107 3 108 144 140
    46 17 209 149 138 48 221 254 96 205 14 249 255 188 164 236 130 214
    17 236 1 255 176 143 255 2 48 6 112 244 255 73 240 127 186 163 81 65
    49 143 59 231 78 239 1 43 232 197 216 150 218 253 189 13 220 14 218
    204 59 109 219 86 111 104 130 45 177 240 255 82 76 227 255 113 210
    164 210 60 44 134 230 23 99 255 38 12 81 110 179 157 255 32 173 67
    113 113 196 205 192 45 5 2 255 125 135 194 44 96 31 18 254 246 19
    128 101 104 137 106 201 57 203 119 122 255 60 10 219 176 92 188 214
    36 255 255 255 66 204 186 221 135 25 56 183 130 188 12 33 255 86 100
    2 167 162 152 205 255 230 0 134 130 207 185 248 148 197 44 223 84
    255 185 91 251 10 158 172 203 196 130 213 82 7 253 255 251 127 162
    203 223 251 55 181 86 255 232 15 132 95 117 26 211 236 171 142 56 87
    18 250 155 202 48 11 112 255 117 113 57 186 80 97 82 7 211 231 188
    132 136 24 5 229 255 10 188 8 255 166 69 89 255 84 188 213 21 130 24
    19 18 178 41 255 4 52 140 134 155 111 246 9 160 43 255 7 144 100 254
    255 20 135 56 110 81 255 112 178 199 189 62 66 234 57 148 241 252
    128 36 39 255 16 104 255 14 157 143 167 177 84 215 101 255 255 137
    144 147 138 54 94 112 255 74 255 130 119 55 27 1 23 153 28 247 178
    207 186 185 30 244 11 100 48 255 233 39 139 165 129 243 222 95 34
    128 39 33 244 135 31 246 246 122 219 101 138 26 154 211 221 138 53
    113 222 187 56 92 230 180 119 100 93 66 125 222 185 136 44 71 244
    158 102 255 170 155 46 110 201 87 182 255 255 157 223 22 200 86 238
    222 83 68 253 161 255 193 73 39 137 100 94 233 135 68 49 55 86 67
    130 39 130 210 126 54 15 132 196 211 255 31 115 246 63 85 255 65 10
    110 211 250 64 76 251 215 215 172 255 222 242 42 210 79 235 255 59
    155 48 255 226 188 111 66 143 249 147 88 132 255 47 2 255 201 136 35
    91 128 9 104 116 121 179 16 109 231 73 253 72 255 230 89 255 188 241
    50 81 180 252 127 28 68 232 15 70 97 217 255 57 211 243 105 144 65
    11 10 186 10 156 176 148 135 218 59 148 68 225 255 255 221 169 106
    255 3 5 60 205 69 215 111 208 209 149 24 73 157 59 55 214 245 81 81
    135 164 23 255 99 255 12 9 197 255 153 111 138 216 216 77 255 70 10
    194 16 32 255 18 31 90 120 19 244 222 123 218 194 196 68 8 47 138
    140 95 255 3 171 104 22 193 254 151 38 105 114 112 224 45 177 101
    100 204 188 108 102 67 225 28 229 245 49 243 142 176 1 215 9 221 39
    255 88 0 53 125 228 20 95 84 49 72 87 154 216 127 25 175 172 233 255
    230 123 103 187 241 142 168 142 149 25 142 33 66 250 76 24 233 37
    240 149 255 68 196 180 179 254 254 236 108 255 109 36 255 12 51 255
    155 79 197 24 116 6 34 108 90 79 107 235 162 36 213 97 173 156 199
    34 255 2 255 114 77 132 158 120 149 20 73 132 112 71 170 27 205 42
    232 88 245 221 219 99 86 45 234 35 245 104 125 211 97 153 228 254 87
    227 53 254 81 76 187 107 20 233 231 203 200 148 135 78 61 224 183
    255 235 154 81 14 207 128 255 100 252 146 92 65 65 255 209 99 235 22
    211 216 156 38 76 82 60 144 126 243 178 187 234 104 49 74 255 26 228
    27 3 42 255 248 64 255 83 101 208 169 93 45 96 89 189 171 194 255 99
    219 198 71 255 153 127 253 43 215 99 42 19 170 229 57 2 155 10 128
    10 74 18 11 57 4 178 85 132 139 175 12 215 43 195 93 196 212 218 185
    68 255 247 125 61 94 137 200 10 218 165 255 70 252 65 142 255 233
    255 22 128 77 177 99 0 46 158 136 0 235 86 131 122 20 106 46 192 255
    104 195 93 67 150 255 28 236 255 169 158 203 173 230 15 2 97 244 88
    90 154 46 201 255 255 255 77 201 85 68 122 129 255 44 255 33 45 34
    86 157 180 114 126 128 119 124 1 5 219 233 2 137 214 255 96 91 164
    159 61 26 86 148 123 167 30 147 80 89 59 54 184 142 199 218 126 68
    152 155 113 89 243 124 65 255 207 244 180 196 108 35 49 55 0 101 122
    10 128 240 164 123 125 39 158 255 35 92 135 165 89 91 1 193 137 171
    219 20 161 245 200 164 94 245 255 77 14 31 145 221 255 121 13 233 47
    234 154 37 255 43 31 140 255 50 81 92 197 125 255 54 66 27 72 171
    222 239 83 193 28 4 172 160 203 92 66 94 219 100 43 89 78 188 193
    163 168 255 58 239 255 227 50 11 52 253 137 238 30 10 7 255 178 251
    152 207 150 170 46 157 191 98 137 72 149 71 214 236 58 141 198 99
    151 255 255 101 176 248 109 164 24 255 254 224 234 28 179 173 12 136
    247 232 58 255 255 156 203 76 86 135 169 138 89 73 94 214 117 239 78
    108 255 254 255 182 188 40 24 255 255 165 247 220 49 26 64 8 163 141
    96 177 76 169 255 255 254 21 240 6 255 73 72 73 169 114 181 255 128
    116 126 180 69 176 193 14 48 31 193 150 63 118 139 51 220 17 75 106
    255 105 255 65 174 137 0 93 240 209 5 161 255 244 246 225 21 124 196
    74 112 246 53 209 226 126 130 44 12 227 211 139 252 155 46 54 137
    177 112 255 67 71 53 161 201 167 235 208 23 229 240 247 201 186 148
    62 91 164 255 47 0 49 255 70 8 76 253 181 22 112 0 255 90 108 16 78
    111 199 255 193 220 90 123 240 249 161 62 45 116 255 161 140 236 21
    234 227 222 144 73 98 55 86 204 130 34 255 10 210 227 34 142 189 54
    99 39 163 250 62 198 227 12 119 255 255 223 4 237 27 100 88 8 129
    106 159 181 255 51 247 198 74 35 255 196 216 54 61 38 147 41 61 255
    67 255 46 48 120 50 190 142 7 97 0 255 3 212 68 14 168 95 61 255 2
    132 51 51 20 44 75 37 222 115 125 138 255 112 128 191 155 107 255 57
    187 255 108 104 62 35 71 43 177 103 255 199 123 83 11 252 93 33 140
    128 10 148 86 30 8 121 198 206 242 39 236 81 144 60 252 5 11 150 83
    163 59 235 228 255 170 93 73 254 124 191 21 216 222 195 255 175 255
    134 4 35 91 197 15 180 123 51 103 94 79 219 226 18 255 193 118 209
    255 255 253 39 129 124 153 32 174 88 56 255 62 172 243 62 186 0 70
    21 250 243 225 170 136 55 137 20 165 170 255 88 47 255 75 168 191 0
    134 242 252 255 10 210 239 200 171 228 16 123 209 106 119 223 204
    240 246 86 203 5 238 184 13 10 152 255 254 238 41 95 127 123 220 183
    255 198 93 236 93 177 46 72 158 125 7 44 85 75 93 227 255 55 39 131
    157 64 55 5 135 90 128 223 218 152 254 53 148 177 255 255 246 137
    126 106 132 45 47 143 45 68 181 253 195 255 8 68 255 173 114 79 190
    13 44 47 249 255 209 101 163 84 2 255 240 35 101 5 109 22 254 25 94
    63 117 232 41 153 22 181 255 185 46 255 103 139 26 75 26 37 83 63
    219 255 65 163 98 100 220 255 8 161 164 12 92 169 154 105 214 95 32
    213 202 19 101 163 255 83 185 66 99 50 255 11 92 255 53 255 49 100
    255 0 79 235 127 112 167 183 4 124 255 170 255 185 255 255 84 200 3
    82 7 43 249 103 85 193 152 87 106 42 50 194 209 133 255 88 101 184
    127 87 20 255 223 126 72 235 46 243 42 136 4 169 92 55 34 206 29 199
    169 100 212 130 88 16 37 255 123 11 40 127 86 77 71 95 188 72 5 117
    240 255 200 116 251 53 255 11 213 201 113 197 101 251 131 185 109
    255 81 203 218 234 233 67 229 4 43 153 132 90 142 230 255 15 163 10
    230 10 15 181 39 117 255 1 81 116 210 200 23 221 224 47 206 192 134
    148 10 61 185 166 117 145 253 152 22 83 108 166 255 206 192 255 6 28
    46 146 76 142 73 100 158 223 168 249 86 33 68 156 15 255 199 59 255
    186 255 249 56 241 180 155 33 156 252 84 237 234 125 255 139 18 38
    10 137 5 110 67 142 30 127 198 194 255 7 28 62 255 196 152 233 246
    172 83 114 184 72 153 15 31 20 26 111 171 183 191 224 20 255 171 134
    22 156 251 66 2 249 112 203 55 202 37 158 95 39 19 198 230 227 21 67
    194 100 167 70 142 212 255 182 25 45 178 200 147 117 238 255 160 230
    0 238 200 111 82 84 209 108 87 4 18 198 117 255 255 1 187 173 66 174
    249 55 119 62 191 121 63 154 131 78 89 181 131 215 198 255 103 255
    47 211 134 37 26 240 173 67 134 68 163 170 41 255 255 18 180 119 102
    124 138 186 113 139 21 25 64 168 111 132 219 255 152 178 88 248 171
    107 188 97 12 240 184 78 61 173 65 251 94 221 133 184 166 97 188 42
    197 48 91 43 255 86 137 36 65 213 22 196 45 53 31 171 226 182 202
    129 47 139 70 207 94 113 67 219 113 69 46 255 169 161 175 91 153 255
    118 60 48 36 125 100 103 255 18 49 76 42 112 251 114 13 161 177 247
    255 56 35 105 3 255 132 113 139 167 255 187 78 42 69 35 105 188 170
    32 223 67 91 175 172 50 218 145 15 173 231 228 255 65 33 231 51 5 74
    97 133 255 225 42 115 81 12 170 148 113 137 4 17 94 114 103 251 255
    66 187 227 211 120 213 205 59 255 168 226 255 82 102 192 225 196 16
    244 176 255 223 152 136 174 200 53 167 81 255 255 157 165 20 36 219
    60 141 219 245 174 255 255 81 238 127 228 110 2 255 93 152 124 150
    57 20 171 71 163 177 201 21 143 255 255 17 235 112 131 102 80 33 39
    194 7 189 113 23 88 67 219 37 193 169 121 72 187 54 24 136 191 161
    94 91 163 255 42 122 247 220 97 94 1 162 255 255 67 106 174 78 105
    231 151 10 207 222 16 89 180 175 159 184 156 187 99 163 45 16 106 92
    127 34 44 3 255 48 241 37 116 109 255 70 231 247 156 39 226 34 41
    100 255 255 155 59 99 255 45 67 75 250 168 48 82 206 77 139 5 255 41
    255 75 84 34 255 20 94 224 77 124 23 235 56 255 150 171 255 208 31
    112 185 211 255 233 106 29 106 255 142 112 115 255 56 214 178 172 27
    255 9 123 82 79 203 202 251 73 255 60 2 123 248 191 38 172 255 12
    108 195 186 157 255 255 44 187 244 96 23 196 237 255 255 198 255 57
    103 227 186 120 24 55 16 206 28 247 150 18 18 118 31 76 84 81 9 227
    72 25 234 255 241 255 5 66 249 82 20 197 131 234 255 104 94 122 255
    50 251 150 229 181 55 140 91 82 55 96 141 111 175 165 252 30 205 137
    138 208 119 5 215 23 16 24 98 106 255 191 34 231 219 60 149 235 99
    255 116 0 90 209 69 76 96 11 255 85 104 59 186 20 255 122 151 86 16
    171 255 76 43 155 104 155 255 5 126 243 234 192 46 101 16 218 81 214
    23 77 233 243 43 234 13 177 45 101 41 112 241 179 191 7 122 90 55
    149 143 105 248 218 169 105 236 224 53 204 174 79 207 46 109 31 159
    220 234 215 126 122 227 21 254 13 174 64 255 246 90 203 230 255 248
    126 255 194 28 31 251 111 239 40 164 58 255 4 127 54 189 86 236 162
    176 255 72 255 226 83 45 255 187 105 16 214 142 50 149 69 241 232
    125 243 194 97 43 98 132 32 70 104 241 101 255 237 188 166 255 77
    103 68 167 214 104 130 230 255 9 117 97 139 208 164 47 228 193 248
    247 145 119 20 255 3 236 103 114 155 136 184 15 117 208 1 196 45 135
    134 81 37 246 183 101 56 121 31 225 2 151 76 186 240 98 224 219 255
    216 108 255 229 255 153 98 92 214 71 33 71 194 220 194 194 206 163
    102 37 90 248 224 57 255 246 233 255 255 241 0 188 106 2 41 255 245
    20 174 195 229 255 248 124 5 133 197 166 47 70 7 254 239 64 239 161
    226 220 160 163 41 125 175 234 123 255 232 185 164 175 142 98 175 90
    255 159 34 221 52 169 220 175 255 255 167 140 243 223 30 243 138 255
    255 177 39 189 97 255 233 123 53 164 27 51 226 45 251 21 255 170 20
    128 113 255 158 252 255 173 114 119 208 136 202 178 240 224 105 148
    177 183 116 211 50 10 134 124 76 67 221 177 255 2 128 101 147 7 255
    213 106 251 184 255 255 247 255 128 22 99 117 105 146 46 137 37 123
    101 26 50 36 120 255 255 172 197 129 82 255 212 105 255 216 68 93 63
    115 132 107 215 134 234 68 93 201 46 50 21 252 31 153 136 104 221
    255 4 214 143 255 172 224 94 34 60 254 50 218 125 5 72 95 204 73 255
    128 115 243 158 124 26 248 26 244 145 154 115 219 173 255 179 8 255
    153 155 227 217 62 9 72 210 123 255 250 255 83 100 145 252 175 138
    223 158 255 255 228 145 200 42 35 119 101 255 149 201 142 223 191
    193 183 88 88 176 12 255 57 150 255 3 21 203 180 184 255 67 126 10
    25 221 79 37 130 255 219 244 200 247 207 210 2 127 226 106 242 21 29
    244 123 68 1 141 126 13 171 202 246 255 157 135 188 153 58 172 88 41
    255 56 35 61 136 149 243 185 180 191 114 234 255 27 174 78 28 50 123
    39 81 117 24 94 255 174 174 255 148 220 230 79 124 90 184 19 255 131
    255 103 211 82 73 173 163 158 255 123 123 68 236 255 87 57 49 66 135
    209 40 46 255 226 94 61 60 109 211 184 37 255 164 10 255 152 142 12
    194 130 197 111 198 219 152 94 134 23 39 28 255 255 32 72 114 255
    108 103 209 200 235 159 205 163 177 255 15 138 255 68 5 176 235 149
    249 125 255 240 186 78 182 138 255 127 139 62 84 85 132 112 160 197
    103 15 54 144 124 219 86 138 203 159 128 142 210 157 114 34 206 154
    240 255 178 147 188 255 119 172 178 152 31 71 240 150 127 112 148
    246 162 168 166 51 114 131 148 126 204 2 204 255 86 74 139 107 183
    252 158 106 255 255 82 255 29 149 255 255 141 255 65 70 255 246 19
    255 98 90 156 52 48 255 196 236 197 146 135 76 217 108 1 164 255 255
    180 255 255 255 255 134 255 89 177 255 55 216 255 241 194 18 91 12
    18 244 143 195 48 99 17 86 108 210 178 221 180 89 255 207 100 231 9
    171 125 168 255 116 50 230 10 255 91 247 121 255 97 119 160 175 82
    197 207 212 114 4 6 20 213 113 171 122 147 241 255 11 50 186 210 71
    255 248 153 255 253 42 243 245 48 254 169 45 213 121 92 105 171 246
    192 124 174 133 133 128 255 88 149 224 148 253 21 12 97 149 44 178
    255 140 162 54 216 26 141 71 154 104 135 255 109 84 70 255 108 181
    255 8 218 255 83 143 59 60 204 66 105 229 255 125 89 61 51 77 101
    164 162 23 67 90 164 232 7 246 210 255 138 171 250 144 66 115 137
    255 8 128 236 134 73 194 55 95 159 58 255 24 36 240 147 41 106 22
    200 192 216 31 72 170 243 255 153 118 88 78 92 199 78 5 130 177 221
    97 7 66 12 36 30 44 189 50 88 118 196 136 182 79 255 149 255 1 220
    255 11 75 77 137 89 94 109 246 245 160 244 214 253 224 132 216 93 49
    44 116 53 53 254 106 221 216 231 249 237 255 160 255 128 154 11 241
    150 206 255 144 72 255 75 226 255 136 185 241 218 182 200 88 190 57
    255 102 194 243 84 80 116 119 255 148 174 163 255 71 120 220 65 90
    255 255 31 215 69 93 171 203 224 171 126 138 247 37 77 255 35 174
    100 174 115 98 51 137 103 57 33 32 200 116 203 45 180 49 96 120 207
    8 1 255 92 83 255 156 97 255 123 175 213 53 231 68 60 65 207 208 81
    130 237 72 170 105 230 171 130 157 175 203 142 198 110 26 22 31 180
    255 219 135 45 4 23 209 255 112 188 37 61 61 206 71 35 69 123 255 0
    24 255 173 3 197 52 38 255 234 223 35 255 211 187 255 119 255 185
    149 155 184 64 79 180 71 233 126 108 149 185 201 205 130 203 225 133
    142 89 85 236 9 255 127 246 112 188 255 197 61 218 107 50 128 132
    255 231 59 148 255 144 223 10 136 113 59 255 115 10 184 255 145 5
    165 200 231 161 209 99 227 213 32 46 178 208 154 253 37 117 255 237
    251 255 97 39 238 30 66 15 232 138 34 25 20 144 245 72 255 39 187 79
    188 35 17 200 100 104 112 170 5 204 244 255 169 177 76 209 255 255
    120 244 134 86 31 210 132 95 93 4 195 211 125 208 247 100 240 95 145
    255 128 39 194 147 145 88 86 22 255 122 36 255 53 123 166 156 8 65
    255 172 16 255 255 85 255 238 125 93 113 238 122 165 212 255 255 172
    216 1 116 90 127 188 171 102 79 11 101 46 202 235 185 183 189 44 255
    96 215 255 128 13 39 172 235 139 130 252 81 150 96 214 232 211 255
    108 26 7 234 115 98 75 244 94 98 255 13 23 224 199 43 255 27 195 223
    244 211 168 127 82 67 176 62 229 255 57 45 152 240 8 163 177 81 98
    133 84 79 226 175 231 234 32 141 89 56 255 81 255 222 49 253 221 183
    255 103 125 102 255 198 255 255 117 168 218 244 44 67 235 101 255
    200 168 100 162 119 255 230 228 2 207 24 175 5 89 255 26 255 185 42
    240 215 149 69 49 227 73 255 224 255 154 201 255 59 69 88 60 184 53
    240 184 242 97 232 126 255 175 105 95 188 86 104 157 212 48 187 44
    105 184 253 172 255 220 82 67 79 70 173 85 1 177 191 138 230 148 24
    24 81 39 255 223 153 128 216 213 138 80 255 121 11 255 152 141 142
    22 234 35 193 22 255 26 67 42 8 46 117 150 180 126 48 14 202 100 71
    121 98 224 98 223 219 88 255 166 175 140 216 94 169 24 205 238 97 45
    160 217 192 153 19 203 22 255 255 121 111 35 174 51 51 51 57 2 181
    239 186 62 34 255 131 242 35 120 58 29 181 147 165 233 233 100 179
    255 1 131 255 2 179 88 55 89 105 182 31 106 122 52 43 221 189 88 252
    233 183 112 194 119 143 195 57 247 171 77 235 48 59 104 72 58 255 14
    80 110 189 244 220 217 148 77 245 236 198 222 93 205 182 168 57 27
    12 160 158 117 49 255 205 57 178 153 153 208 226 167 179 234 243 83
    41 108 209 115 255 92 109 255 70 241 240 193 89 253 68 86 255 33 230
    230 77 207 255 39 136 101 172 240 127 9 7 103 159 36 144 136 23 42
    197 174 93 118 60 191 87 165 182 174 33 246 138 169 131 231 250 255
    190 255 39 34 128 255 14 255 233 208 234 64 24 33 121 138 188 70 108
    119 255 216 13 255 127 191 235 236 180 193 20 115 255 178 92 147 206
    244 75 126 199 40 98 0 7 176 20 152 53 57 255 125 91 175 84 49 255
    113 84 139 36 122 165 237 48 59 193 255 38 182 83 255 162 14 121 124
    1 137 16 81 247 74 255 255 225 59 199 171 222 59 28 33 255 76 151
    255 220 255 81 52 228 26 106 255 88 157 97 62 207 253 196 151 68 161
    182 255 255 20 132 99 44 233 5 180 64 11 255 22 255 82 76 145 210 51
    90 12 137 207 199 19 60 232 198 207 36 206 214 112 255 28 214 14 161
    187 134 183 123 47 148 181 251 143 133 70 115 199 43 224 120 68 75
    247 145 240 120 117 159 211 15 32 137 255 145 44 8 193 84 191 255
    165 57 64 201 255 163 24 170 68 44 242 42 202 138 44 31 111 255 255
    154 120 129 76 94 255 227 196 255 104 128 241 142 109 120 77 255 105
    136 64 91 32 57 83 9 93 131 14 110 149 16 42 126 26 87 230 169 79 12
    142 255 207 90 255 32 134 170 255 46 211 254 226 183 108 220 255 237
    102 255 85 246 253 244 219 156 187 94 29 239 216 163 176 168 218 255
    255 60 189 197 136 147 255 26 129 195 35 146 145 9 5 25 181 213 128
    31 55 234 255 160 18 90 10 16 127 128 38 255 43 205 89 184 255 88
    178 19 255 63 169 224 54 8 227 78 255 84 237 207 134 135 128 216 183
    221 75 201 224 236 51 139 103 148 204 71 128 207 106 85 89 73 246 43
    54 18 94 169 195 118 170 183 178 60 176 70 98 201 32 233 230 113 97
    77 46 209 255 255 171 67 117 93 24 30 255 247 108 242 133 62 159 171
    233 210 54 193 224 2 235 235 189 149 110 79 72 238 51 191 255 202
    206 101 41 198 94 50 34 236 236 172 160 205 13 255 88 30 71 238 88
    225 46 126 183 49 255 161 255 197 255 89 33 255 51 226 108 255 247
    255 126 66 210 119 22 227 255 10 37 67 212 247 68 157 134 245 251 35
    88 255 4 33 152 136 104 174 180 228 86 92 48 53 242 231 83 213 193
    13 188 94 108 208 129 34 49 162 255 193 129 37 186 215 152 128 255
    43 185 175 255 83 66 164 208 60 187 99 36 148 255 26 255 255 40 114
    155 63 255 98 121 0 94 124 223 231 54 65 160 117 97 154 231 226 204
    91 157 255 188 215 61 49 165 48 127 18 67 215 2 27 250 218 236 75
    159 230 25 74 255 198 182 121 71 118 81 234 33 230 221 106 171 19
    246 93 242 48 89 160 56 255 30 108 61 42 234 94 104 125 103 150 185
    255 165 172 11 180 188 167 84 42 227 14 154 59 140 255 233 41 19 97
    54 51 81 120 97 46 82 108 26 152 165 181 231 25 255 23 255 127 209
    231 119 126 49 84 255 226 255 247 107 225 198 189 255 39 175 236 191
    229 233 85 61 136 170 1 180 83 117 62 91 204 35 200 211 192 131 93
    218 44 209 255 3 93 215 113 15 255 230 27 230 253 53 216 42 154 161
    15 78 87 116 255 236 65 129 84 169 109 54 215 26 103 233 62 156 231
    24 232 17 235 175 65 95 253 15 60 108 154 234 131 65 226 248 42 184
    189 146 177 93 156 165 255 66 203 116 55 16 242 57 176 78 129 61 106
    124 154 106 117 185 255 255 187 204 161 218 105 80 49 255 84 138 126
    89 161 126 65 223 2 146 127 104 210 74 77 153 74 255 173 44 255 194
    255 77 116 108 12 129 217 132 61 30 189 158 111 29 157 59 167 15 49
    255 76 255</data></my_img>
<your_img type_id="opencv-matrix">
  <rows>100</rows>
  <cols>100</cols>
  <dt>"3u"</dt>
  <data>
    255 184 255 255 225 91 6 255 135 255 248 255 255 60 238 255 157 255
    98 64 7 175 137 255 79 108 228 173 141 240 255 255 219 0 157 238 255
    255 255 87 159 49 177 50 177 62 9 226 255 15 151 255 55 56 255 255
    255 249 54 168 255 235 254 121 255 255 252 241 255 255 255 21 209
    109 255 153 166 114 255 255 255 255 25 228 239 255 4 47 198 30 77
    165 93 62 39 207 255 222 255 23 255 138 249 79 255 255 255 255 156
    217 152 205 9 244 60 255 255 255 201 255 254 255 187 205 245 133 255
    255 255 226 255 255 255 255 255 64 95 79 128 255 251 166 255 255 255
    235 189 255 10 255 255 79 124 255 6 255 255 255 255 2 67 131 28 169
    255 105 252 231 255 184 184 175 236 231 255 243 12 75 150 189 255
    255 255 188 0 255 0 95 210 255 254 47 255 255 214 68 255 255 255 206
    68 47 139 255 188 99 142 255 20 105 141 63 151 255 150 255 255 60
    255 209 255 67 255 38 255 211 32 131 255 190 255 89 194 158 224 246
    203 255 242 33 75 213 255 73 255 244 255 203 196 255 255 58 17 23
    221 255 121 84 43 255 255 104 6 135 255 20 255 19 74 168 255 172 68
    255 16 255 255 45 255 145 251 109 255 222 75 255 255 60 13 79 158
    255 118 123 255 16 255 89 102 28 60 55 114 188 255 255 255 206 214
    45 255 242 41 227 145 173 203 131 255 70 255 255 204 255 255 255 25
    255 245 255 255 255 255 89 118 19 255 57 47 255 190 255 251 255 255
    255 15 255 255 111 4 62 101 255 81 64 158 117 213 255 255 195 255
    128 255 255 104 80 0 132 255 161 30 150 255 104 131 255 255 255 255
    94 122 255 132 160 255 255 120 255 255 125 255 6 255 249 255 232 255
    255 255 255 32 255 63 166 57 255 255 255 255 186 71 186 255 255 252
    194 178 91 107 255 189 28 255 114 255 208 255 255 163 144 255 214
    116 255 255 187 255 137 200 177 136 51 224 127 65 141 179 70 21 109
    255 255 85 255 255 211 105 255 255 35 255 150 255 164 255 255 130 45
    255 255 241 255 147 15 255 255 13 255 255 255 63 190 165 35 117 246
    255 102 82 224 113 115 240 239 255 224 51 71 140 49 109 255 255 255
    186 13 207 159 255 255 70 255 255 255 255 194 255 34 70 255 4 255
    255 255 50 51 186 233 255 255 105 254 255 255 255 255 255 193 45 255
    5 255 255 255 186 130 180 149 122 255 89 255 12 255 255 58 255 255
    91 219 124 109 149 255 154 124 255 19 194 194 16 245 232 255 255 155
    42 255 255 255 149 191 184 143 95 207 222 137 123 255 168 255 255 50
    255 255 255 26 255 255 255 255 255 166 202 7 117 255 150 255 36 3 89
    252 222 255 198 211 187 255 42 84 237 149 255 243 19 165 255 143 12
    192 82 212 255 208 116 255 249 89 255 255 161 255 124 63 164 255 182
    92 147 123 255 238 224 255 108 51 90 106 255 255 89 255 255 255 5
    255 185 255 85 203 74 255 96 144 198 175 203 173 191 96 255 117 88
    255 222 255 255 99 65 222 255 21 53 96 163 255 207 251 251 217 194
    192 1 117 58 125 255 222 255 133 255 255 77 170 255 81 72 252 130
    219 13 255 254 7 205 49 184 255 255 20 140 255 255 226 40 210 88 255
    54 255 255 255 254 62 60 159 139 245 255 43 255 255 66 39 65 255 42
    255 255 255 255 205 42 255 247 144 47 255 204 255 100 255 152 255
    124 255 153 255 255 149 117 116 255 86 255 252 101 255 222 255 9 255
    255 255 255 47 177 255 9 255 255 232 255 255 157 186 255 243 193 192
    225 154 234 223 109 255 130 207 113 71 240 68 255 91 255 63 255 255
    220 196 173 19 145 34 211 32 113 251 60 255 255 28 255 255 255 109
    141 255 198 255 151 153 242 14 254 255 28 255 128 198 145 51 25 255
    159 107 32 120 217 96 82 210 166 255 89 255 243 44 255 99 255 255
    217 255 255 73 152 255 230 255 255 255 255 40 254 156 255 39 194 255
    42 255 81 191 37 11 255 187 200 83 255 255 255 255 81 192 226 255
    146 49 36 152 40 147 230 98 179 85 255 154 83 177 247 171 255 19 255
    255 255 69 208 255 236 18 89 0 130 255 112 255 255 52 255 89 26 198
    255 198 131 255 118 255 75 60 79 255 255 32 255 86 186 207 194 65 58
    255 255 72 197 255 55 236 255 255 179 255 4 89 255 21 3 2 145 255 88
    255 157 205 255 255 255 190 124 255 255 32 67 255 101 255 235 61 255
    177 255 182 255 51 255 232 147 79 255 248 255 45 243 255 255 225 255
    38 255 145 24 131 221 255 127 255 128 152 244 57 255 255 81 83 175
    55 133 144 215 146 255 255 77 255 241 255 255 23 85 255 255 197 67
    255 38 255 255 162 21 255 87 56 124 227 145 255 255 154 94 70 126 11
    255 103 11 255 56 203 147 238 255 57 222 255 57 255 255 157 229 170
    34 53 255 208 231 255 210 255 255 73 255 215 140 151 77 125 61 255
    255 18 255 188 172 255 214 255 143 64 255 134 255 255 255 255 121 64
    255 12 255 255 189 202 255 228 255 150 228 55 112 123 166 47 39 77
    74 182 96 238 255 192 255 205 179 255 255 75 226 147 213 179 255 85
    255 255 255 254 54 11 241 128 17 230 255 255 143 255 255 51 194 255
    254 240 255 255 63 255 20 255 151 70 255 186 255 255 113 232 255 111
    104 154 255 255 255 255 133 255 255 245 102 132 233 255 255 255 203
    255 211 255 175 166 255 220 255 255 245 255 16 255 255 184 232 74
    255 228 10 63 45 162 255 255 255 255 136 255 116 153 141 255 36 166
    172 255 152 255 255 98 255 185 255 255 92 255 77 255 255 240 104 38
    210 255 45 117 23 239 255 255 255 255 255 185 226 138 255 255 255 67
    207 255 255 255 156 166 163 219 206 255 104 255 123 85 70 255 255 3
    88 45 7 222 255 255 229 160 66 151 68 83 255 255 255 182 255 225 86
    255 255 201 255 86 255 255 255 25 0 124 133 128 70 145 105 60 191
    255 153 255 255 230 96 13 101 255 100 82 255 255 104 255 255 165 49
    49 117 255 255 4 255 237 255 25 0 235 131 154 60 67 255 51 9 255 168
    72 255 133 93 255 255 255 255 255 255 255 13 177 255 25 255 255 13
    255 156 255 255 19 20 63 45 19 255 255 255 144 255 136 245 153 98
    126 13 80 161 255 255 255 255 109 196 255 203 222 255 79 255 255 200
    110 58 222 14 255 152 119 196 9 255 255 255 255 237 39 245 255 74
    182 179 74 49 255 232 255 188 157 255 158 255 255 81 101 51 255 255
    179 255 184 255 11 255 67 28 255 30 34 176 189 255 80 254 255 147 14
    2 25 255 255 255 255 255 104 255 134 82 226 255 219 193 21 169 255
    255 197 165 255 255 215 237 255 255 255 236 19 122 255 255 11 111
    255 202 255 46 255 38 2 100 255 255 209 255 255 128 79 46 90 255 255
    255 255 124 255 31 255 255 179 255 255 255 255 4 255 255 81 63 93
    255 255 255 47 214 255 90 44 117 255 124 74 255 255 89 49 45 44 255
    255 191 255 162 255 255 255 255 194 163 203 170 156 255 77 255 255 2
    17 226 128 38 255 104 76 255 11 99 46 230 255 25 255 133 158 255 32
    255 141 236 255 66 213 242 255 74 180 90 29 255 255 255 32 32 255
    170 147 29 255 255 255 46 255 181 151 220 255 255 111 4 154 255 6
    255 255 108 14 72 102 187 255 64 255 255 255 86 255 255 255 255 109
    89 220 19 152 38 19 255 66 115 255 243 255 166 60 7 255 255 173 7
    255 255 210 83 255 60 255 198 133 255 79 168 255 217 255 255 153 221
    255 245 35 173 255 25 255 255 179 255 241 255 158 255 255 89 192 60
    15 23 145 226 203 144 255 241 255 113 242 191 158 252 255 255 245
    200 136 109 12 255 206 228 145 255 255 255 124 255 255 92 255 11 125
    63 134 255 140 255 255 201 239 255 255 188 255 255 255 83 74 255 255
    255 255 255 255 255 255 255 153 255 255 11 112 40 255 255 229 255 45
    89 147 197 252 255 163 255 255 13 117 158 255 149 255 144 255 255 19
    79 255 255 238 255 214 130 255 79 255 255 255 255 185 194 255 247
    104 255 147 255 215 232 171 182 241 255 123 255 255 30 255 255 170
    57 255 7 111 255 47 255 255 255 255 29 205 255 255 219 255 187 40
    255 255 61 170 121 255 255 232 255 255 32 255 211 178 255 132 51 255
    36 255 255 255 140 152 141 255 255 196 121 133 255 26 70 190 255 255
    255 255 140 255 111 255 60 38 255 217 255 175 70 140 255 168 118 147
    117 242 233 255 60 70 255 226 255 255 255 117 255 255 255 255 124
    255 134 233 103 255 207 0 98 73 196 243 32 252 64 66 81 255 0 175
    168 76 255 70 207 32 141 255 166 255 255 255 185 255 235 255 213 194
    255 230 255 179 194 255 255 0 255 255 255 28 38 255 84 255 165 255
    96 146 255 255 64 56 255 1 231 255 245 7 26 255 116 255 173 255 211
    232 63 255 201 255 255 233 255 255 230 23 79 255 75 53 13 255 109
    255 214 205 246 51 255 251 186 121 251 95 255 255 194 255 255 228
    232 1 255 173 7 2 57 232 175 192 255 117 255 50 255 251 187 255 85
    92 255 57 13 255 255 255 255 255 255 81 89 73 28 185 32 208 81 57
    179 62 96 147 96 207 255 21 82 91 43 3 103 215 42 89 198 102 255 255
    255 240 171 67 135 255 255 226 255 112 58 132 255 255 255 255 255 30
    255 172 255 173 194 136 255 255 255 64 53 179 225 255 11 255 255 255
    252 255 255 168 255 85 106 163 53 125 156 45 171 81 68 63 177 255
    255 244 255 50 147 9 76 35 194 160 117 255 255 242 128 127 102 255
    169 165 173 146 49 255 255 56 75 152 238 255 255 255 202 36 217 255
    255 255 255 241 203 255 96 186 226 51 255 255 66 255 104 57 255 255
    67 2 38 80 255 255 255 123 252 255 255 83 241 107 255 66 226 213 176
    255 255 238 255 222 80 255 228 255 255 72 255 255 15 255 255 8 98
    255 255 39 172 205 39 255 255 118 142 158 39 46 198 214 255 55 227
    135 255 39 255 151 255 255 51 163 32 255 31 255 255 194 212 217 255
    255 239 41 67 255 255 131 255 255 255 255 39 207 134 226 65 203 197
    212 251 77 255 77 114 255 102 255 32 207 241 255 255 86 137 121 229
    30 89 67 4 55 241 255 255 255 255 255 255 255 17 214 222 17 255 255
    58 122 215 255 105 255 11 213 107 213 71 255 255 255 151 255 51 170
    255 157 255 255 236 255 100 255 255 255 111 255 183 242 210 255 128
    255 192 54 159 255 19 255 237 41 175 255 29 137 255 255 255 111 249
    168 252 92 39 255 220 53 73 92 170 58 255 116 234 101 255 255 255
    112 200 243 105 255 90 205 36 217 255 154 232 60 28 203 255 21 79 67
    151 157 255 255 175 255 255 93 89 255 74 144 6 255 86 149 203 191
    255 217 255 255 206 11 68 64 255 255 92 255 255 255 212 4 143 196 47
    255 255 255 255 166 255 42 255 219 204 14 70 255 255 255 184 51 68
    255 255 255 207 255 255 42 152 255 157 255 70 71 255 255 89 252 109
    255 109 255 204 255 119 122 255 255 255 140 255 198 255 57 165 25
    205 229 255 255 255 207 194 173 145 124 171 40 255 179 198 213 255
    255 100 255 68 58 255 144 32 255 217 109 144 16 87 254 184 104 190
    19 255 184 116 255 104 26 85 255 189 255 12 255 230 83 255 132 255
    152 255 219 255 241 255 145 255 255 255 255 255 79 143 255 208 170
    255 11 154 175 255 219 171 163 117 182 203 255 194 255 255 13 255
    177 217 100 239 255 72 255 255 255 43 152 103 255 238 12 232 34 245
    89 255 35 111 255 255 139 255 194 85 9 49 255 105 255 62 77 75 138
    169 198 203 191 255 126 227 255 255 166 58 255 176 255 255 179 194
    100 255 255 30 254 255 205 157 165 21 173 123 255 255 144 28 38 255
    255 255 103 255 0 65 226 255 194 255 255 170 34 201 255 119 176 255
    249 17 255 255 255 142 255 255 182 79 96 2 255 173 35 255 172 102
    255 51 4 255 187 255 230 255 28 19 57 255 92 157 255 162 45 9 255
    255 2 255 190 96 255 80 98 255 191 12 255 255 200 68 136 255 45 255
    255 92 255 255 255 219 255 196 197 177 255 255 12 255 63 152 85 60
    228 154 58 53 255 229 180 81 243 179 255 255 224 255 255 255 147 104
    154 51 23 255 122 102 4 255 159 252 255 255 133 186 52 207 170 155
    255 217 139 207 255 255 255 255 255 255 30 173 255 255 124 255 234
    130 142 198 137 255 255 112 56 75 67 255 73 169 255 255 255 255 220
    255 255 255 191 168 255 251 255 255 255 119 147 194 124 255 149 74
    102 255 255 149 255 110 255 157 255 198 60 255 255 190 98 255 198
    255 255 157 255 79 99 255 255 255 255 255 0 77 255 200 255 232 255
    255 255 117 255 255 255 137 251 99 255 255 255 255 38 162 255 202 45
    212 255 191 2 220 255 255 40 150 7 122 255 25 190 242 255 255 140
    245 164 90 187 255 255 255 255 255 109 23 176 7 255 181 255 11 255
    123 13 255 255 235 195 151 49 130 255 255 122 110 255 220 79 255 255
    255 79 255 231 11 10 251 255 255 89 255 17 255 211 32 255 175 52 147
    70 255 255 255 235 147 151 157 255 255 235 255 255 93 255 121 89 255
    232 252 255 255 190 130 255 150 255 255 255 255 151 156 14 255 169
    255 255 255 238 255 52 77 255 50 179 73 226 23 55 146 255 81 255 255
    255 255 255 255 157 255 255 50 255 255 255 255 245 63 26 255 255 82
    255 47 245 255 139 255 255 255 74 252 184 149 255 178 255 255 255
    222 255 249 255 49 17 7 255 156 47 107 141 255 255 57 74 255 255 224
    255 200 255 224 255 242 255 213 255 83 203 140 113 255 255 111 54
    177 75 44 152 28 255 255 255 255 175 255 255 255 255 255 196 255 35
    255 9 28 63 255 204 255 203 255 47 255 188 255 130 251 77 255 0 12
    171 159 255 68 255 255 138 255 194 115 255 255 98 54 219 23 235 201
    9 109 255 49 246 228 255 15 144 255 61 198 202 125 255 251 255 75
    255 111 255 255 255 255 255 156 105 40 101 140 90 248 255 255 187 4
    200 98 255 255 255 255 239 255 117 6 192 226 255 255 255 255 255 12
    255 144 191 207 255 255 251 255 91 117 255 117 100 220 255 255 51
    255 170 73 255 255 80 163 255 255 255 75 255 184 126 255 137 158 157
    175 145 255 74 255 70 16 255 255 103 255 54 37 130 131 255 215 22 82
    138 255 255 255 255 9 255 255 255 198 217 109 245 10 255 132 255 255
    70 255 82 255 172 255 255 12 255 209 20 255 255 153 255 255 255 255
    255 255 254 17 20 255 143 255 255 255 214 255 255 190 133 255 19 255
    255 245 255 255 178 255 207 118 116 38 255 0 8 255 145 134 109 56
    145 245 121 141 47 123 34 4 249 111 255 255 79 255 255 255 249 61
    255 255 93 255 182 100 255 255 255 255 34 255 255 255 255 255 201
    255 143 181 130 241 133 255 247 255 255 255 77 255 79 255 224 255
    255 255 122 255 255 255 133 255 255 6 255 255 255 255 255 181 255
    252 108 255 0 255 255 255 255 255 255 255 255 255 79 198 64 255 149
    98 255 35 0 52 255 89 166 255 255 99 255 38 255 255 255 66 255 13
    255 158 66 230 198 115 143 255 196 188 255 119 255 255 255 188 179
    21 197 255 255 255 255 203 66 137 255 255 255 255 210 255 255 99 255
    70 152 84 58 255 255 255 54 251 149 255 54 196 136 255 255 255 175
    255 200 219 255 255 255 255 70 254 239 246 67 55 255 255 49 143 255
    126 255 255 85 255 72 43 85 255 8 255 255 255 255 255 232 195 91 196
    15 74 72 139 255 92 96 255 13 219 221 255 141 255 255 175 255 255
    214 255 102 179 30 255 194 255 255 96 163 228 120 193 255 57 255 200
    55 53 117 255 28 175 255 161 205 255 255 28 124 67 255 219 194 96
    192 112 124 197 255 194 255 255 255 172 39 156 45 255 255 255 255 62
    79 255 41 159 255 255 255 110 160 239 58 255 139 247 255 6 193 255
    140 65 220 254 201 255 50 26 11 67 128 255 255 255 255 98 210 136
    255 255 21 45 194 255 6 247 154 179 37 255 208 65 220 194 233 255 95
    25 21 44 255 21 255 233 194 178 255 255 214 102 252 41 4 158 255 217
    255 55 40 122 255 75 57 155 255 255 63 112 255 255 193 162 225 51
    255 219 58 255 255 82 85 171 255 207 184 207 255 192 28 92 255 255
    255 66 242 255 232 221 38 98 255 255 22 255 55 9 161 255 201 189 17
    182 255 0 64 255 194 31 254 19 20 26 255 150 33 81 64 81 255 243 255
    136 242 255 255 29 28 255 229 198 175 25 255 160 28 233 115 13 255
    255 255 255 100 242 63 255 255 165 255 214 255 252 10 196 132 140
    255 255 226 255 6 41 135 255 233 255 245 86 89 232 232 68 255 26 60
    83 13 189 255 255 255 255 216 121 255 122 255 255 238 255 255 83 255
    183 255 255 107 136 217 255 213 255 43 159 255 53 60 11 185 157 255
    255 9 217 55 255 255 255 171 255 62 118 255 57 191 255 224 139 109
    255 255 28 255 255 142 255 121 212 255 83 79 255 124 255 179 143 70
    115 225 117 255 63 255 220 255 133 245 255 255 237 242 255 89 255
    168 255 108 251 107 246 222 43 255 228 196 255 255 252 73 255 30 160
    255 255 63 255 2 255 255 58 89 255 85 223 242 255 255 255 81 85 255
    255 255 46 51 104 152 13 70 217 251 255 33 255 63 255 255 255 51 255
    139 255 85 169 81 255 255 255 87 210 255 255 243 255 19 238 214 28
    114 255 117 207 72 255 144 54 255 13 255 255 176 82 255 225 255 255
    225 255 255 181 156 105 51 135 117 255 107 92 194 140 255 255 255
    255 31 212 255 255 235 73 51 60 34 115 255 138 255 249 149 67 255
    255 181 88 255 238 154 255 255 158 222 255 130 255 255 84 113 198
    255 75 76 255 153 255 68 255 90 191 15 111 255 32 143 56 255 255 105
    255 255 191 11 239 255 45 255 40 207 133 255 254 225 91 255 156 187
    255 0 255 255 179 119 68 255 255 255 235 49 255 10 189 239 144 255
    252 128 82 85 73 255 255 191 255 255 242 217 255 70 255 164 203 114
    255 190 255 255 223 100 255 255 255 8 101 255 36 255 255 255 99 255
    53 227 255 255 243 255 255 3 156 251 149 255 235 66 65 255 235 40
    255 117 70 255 66 145 255 255 255 81 39 142 58 255 255 255 223 255
    209 15 166 255 102 131 255 156 9 32 76 226 166 63 172 255 255 68 255
    222 16 255 255 165 45 246 144 255 255 255 255 255 205 21 121 159 255
    255 103 255 255 255 255 96 255 239 255 255 151 255 105 115 50 226
    255 25 255 132 60 193 11 168 173 255 197 33 255 255 255 51 255 75
    255 104 255 73 80 128 6 111 170 132 241 255 255 98 114 188 182 242
    255 38 242 255 146 215 36 7 255 255 160 255 21 3 255 255 96 86 255
    79 255 73 255 255 77 255 193 87 194 255 243 64 215 255 61 255 255
    130 255 255 51 255 255 168 28 255 176 70 47 117 255 255 255 255 156
    255 147 255 255 219 255 44 255 255 76 128 100 255 117 72 160 26 222
    233 42 113 255 191 8 255 131 255 144 100 255 79 77 255 255 255 160
    114 255 45 190 210 255 255 135 255 152 121 255 3 193 202 87 255 255
    26 255 255 255 18 228 92 126 171 255 255 255 143 255 255 255 255 62
    9 255 19 255 165 255 255 39 105 255 231 255 249 0 96 255 231 255 255
    255 255 198 18 255 6 100 194 229 255 255 96 255 255 66 126 147 255
    255 255 90 255 255 255 255 255 236 182 205 128 255 92 108 102 83 255
    252 255 255 74 255 109 255 43 115 161 126 31 49 255 255 96 154 255
    255 51 176 11 255 255 255 17 255 102 255 255 251 122 198 46 255 255
    255 60 89 102 113 255 226 255 251 255 255 239 33 255 255 255 202 192
    82 251 134 255 255 143 42 255 255 255 175 176 189 66 71 255 255 255
    255 255 32 255 254 230 112 255 118 56 255 4 231 255 207 88 255 112
    255 255 255 255 202 238 251 87 255 249 151 32 255 38 255 255 100 195
    98 255 245 255 255 86 255 228 55 159 205 255 7 55 0 255 121 233 23
    255 233 175 109 102 109 255 210 255 213 124 208 255 255 255 249 191
    255 83 19 255 40 83 255 87 10 222 255 213 193 17 211 255 255 156 214
    255 124 247 90 230 166 255 236 255 255 3 96 215 149 147 255 26 179
    151 255 9 13 255 240 255 229 255 72 64 255 255 102 81 136 220 105 23
    255 255 222 23 170 255 255 39 219 249 255 213 225 0 121 255 161 188
    255 255 96 255 144 230 44 96 190 131 255 121 101 255 90 153 255 66
    50 49 115 187 133 21 181 255 255 255 121 119 160 255 255 201 244 62
    38 205 154 229 255 55 162 74 255 162 255 28 255 25 15 137 255 96 32
    242 15 15 255 121 115 82 17 102 30 255 255 255 255 166 86 138 55 175
    109 55 103 255 125 255 232 69 255 255 185 255 255 130 255 255 184
    205 255 187 168 255 171 255 38 255 255 107 254 75 62 210 196 255 255
    255 255 0 255 0 223 95 255 255 70 45 255 255 255 255 255 255 178 82
    255 120 255 255 41 255 255 181 28 188 168 255 255 63 82 255 249 255
    36 168 128 255 214 226 255 153 79 109 42 175 179 255 81 252 255 255
    255 255 255 255 255 158 243 26 255 121 211 255 243 66 14 255 255 12
    17 255 149 94 255 207 245 255 255 70 133 74 85 252 255 219 83 255
    154 29 100 255 34 255 45 255 126 47 137 255 164 254 187 81 255 151
    255 36 68 38 152 255 255 101 208 255 39 255 107 182 255 255 85 196
    255 114 95 183 255 194 128 255 25 255 140 255 215 109 255 251 92 255
    156 255 93 255 156 255 36 241 14 200 74 255 255 25 26 38 131 255 64
    255 117 177 16 46 255 220 16 219 255 135 207 255 116 38 120 58 104
    255 16 255 255 116 255 236 255 183 255 231 241 255 65 254 255 114
    151 39 75 255 102 255 255 13 7 166 213 255 255 133 124 255 255 255
    128 233 180 255 203 144 230 255 255 255 10 193 255 73 77 181 255 91
    255 122 255 255 255 255 2 201 255 251 254 215 255 255 255 190 131 40
    255 117 255 8 47 114 220 252 255 104 54 74 255 131 255 185 140 189
    107 185 255 203 188 98 255 220 84 255 208 19 243 198 93 255 173 242
    255 248 63 126 99 231 209 254 68 255 130 255 255 150 255 255 152 255
    255 255 255 164 71 196 15 255 42 255 1 255 58 79 255 255 50 219 23
    216 255 154 255 255 255 255 255 255 50 255 255 255 96 53 136 255 217
    203 130 255 157 255 136 19 212 177 171 119 255 109 255 255 19 196
    255 99 251 149 15 255 255 194 88 255 216 70 87 3 219 109 255 98 192
    255 255 255 255 255 85 171 255 255 255 18 26 255 255 126 82 255 113
    10 255 26 175 255 87 0 255 255 74 242 255 239 255 185 255 255 255
    117 255 40 255 77 255 255 255 255 255 91 81 255 163 255 255 255 243
    229 255 21 20 217 249 16 186 255 255 255 181 166 255 255 255 228 170
    255 255 102 54 255 28 214 255 213 149 255 252 115 255 224 7 128 9 85
    49 166 255 255 255 255 255 255 255 255 255 66 255 255 255 255 6 204
    217 255 255 91 196 115 255 255 19 23 249 255 255 255 112 255 30 255
    7 255 146 44 100 255 123 255 255 255 235 141 255 41 255 255 255 255
    187 255 176 133 255 38 179 175 255 74 183 217 255 226 222 255 149 80
    126 255 255 255 213 38 255 132 255 255 255 254 255 255 255 172 141
    31 255 255 255 255 237 255 102 255 120 140 241 255 255 255 66 182 4
    12 255 90 255 9 198 188 255 255 255 255 255 255 255 79 130 255 175
    109 255 119 255 255 90 66 0 255 152 33 241 207 255 252 152 93 255
    201 255 217 104 252 11 203 255 255 255 255 228 255 255 222 255 156
    255 120 126 252 239 255 255 217 105 230 255 255 255 162 196 28 155
    255 26 222 126 100 144 54 75 20 255 13 255 255 134 95 75 255 255 116
    75 255 18 100 80 255 255 1 128 156 136 42 255 26 255 126 255 255 156
    19 186 205 22 0 213 222 255 255 85 255 28 255 255 255 255 255 255
    255 255 255 197 255 115 242 255 226 108 61 255 115 100 194 57 255
    186 28 255 241 31 193 255 255 100 255 89 255 255 255 255 115 130 30
    255 34 255 255 255 255 119 255 245 255 102 152 138 147 154 111 255
    86 105 178 255 255 255 123 255 156 255 255 220 0 255 41 116 255 179
    255 255 225 191 255 31 249 255 111 244 255 69 163 92 153 255 255 226
    255 4 23 255 90 255 54 196 255 4 149 137 228 24 92 255 255 255 58
    171 38 221 134 51 255 89 122 255 73 182 61 185 61 255 60 255 255 255
    173 255 255 213 255 255 4 194 202 168 255 255 190 255 255 255 255
    255 255 255 30 179 255 255 35 255 255 255 42 255 255 151 255 219 88
    139 114 26 0 106 198 68 25 217 239 95 161 90 179 255 237 69 255 255
    255 79 255 255 255 247 236 14 255 9 96 255 255 255 255 101 255 58
    102 255 255 122 12 164 4 255 143 173 219 164 187 255 173 255 131 255
    255 23 149 255 21 255 255 151 255 99 193 255 195 98 255 71 255 13
    255 255 245 47 255 8 125 158 255 44 255 171 7 255 115 153 255 255
    255 79 255 32 186 255 156 177 255 50 179 107 188 255 255 172 32 255
    252 255 89 36 109 255 255 187 13 235 116 11 255 255 75 255 255 90 90
    163 255 246 131 255 139 138 121 255 255 209 89 172 255 222 255 255 0
    144 255 255 142 255 194 212 55 255 144 255 206 180 255 51 96 251 210
    255 196 255 154 38 255 251 213 156 180 255 172 9 255 12 39 255 255
    180 255 255 224 255 99 255 13 255 135 111 255 53 255 179 60 255 166
    163 255 255 177 73 251 255 209 7 42 109 95 89 107 10 86 255 143 91
    211 32 224 255 255 255 19 102 255 255 255 255 113 146 222 170 98 255
    147 175 37 85 255 255 130 19 255 147 26 247 188 141 103 141 137 63
    188 104 255 255 22 255 255 9 255 255 187 255 255 29 163 126 67 214
    255 22 255 198 255 255 70 184 255 255 45 255 124 112 255 55 255 214
    255 248 37 134 255 255 255 35 255 2 105 65 255 255 255 105 255 255
    237 255 255 79 255 177 255 12 255 254 227 255 255 254 149 255 255
    255 255 255 37 255 111 182 215 3 255 51 63 138 139 108 255 255 255
    255 255 64 131 168 255 193 43 1 102 105 118 217 255 222 110 141 92
    255 255 165 98 255 90 210 11 36 151 255 163 255 57 255 82 255 198
    172 8 42 133 255 198 224 255 255 84 255 211 140 255 192 228 255 219
    235 255 255 212 255 255 255 53 255 255 255 162 255 255 48 255 255
    102 144 255 255 60 255 175 219 255 134 40 124 51 255 75 139 255 255
    61 255 255 106 196 255 255 40 255 255 255 255 150 102 255 67 49 202
    181 121 255 255 255 235 179 255 255 255 255 6 96 194 255 203 67 87
    77 175 156 36 255 85 255 186 58 54 255 255 255 255 115 35 0 243 16
    255 185 255 255 255 184 255 81 101 65 15 255 224 13 51 255 255 255
    255 205 255 68 98 157 247 255 226 198 255 255 236 41 255 255 124 219
    79 158 13 65 255 168 255 255 86 203 255 50 44 147 133 154 38 25 255
    158 34 255 134 90 255 255 255 255 255 122 255 255 130 238 255 117
    255 255 255 255 255 255 255 64 220 255 58 153 255 90 83 5 36 31 255
    175 168 166 255 73 255 32 66 255 186 149 249 255 99 11 255 95 255
    255 255 194 255 58 255 255 255 119 255 255 251 249 255 255 36 255
    255 255 93 217 255 80 255 200 155 84 45 36 0 6 172 152 255 255 46
    255 152 137 255 66 255 211 139 37 235 255 215 13 26 210 130 52 255
    226 255 131 19 29 175 251 128 102 255 255 37 139 52 161 255 255 242
    0 255 112 151 255 255 255 48 208 198 60 12 215 243 159 255 217 231
    160 255 255 132 201 255 134 251 255 255 181 255 255 0 32 255 86 255
    160 210 67 9 219 255 255 249 74 241 20 255 239 39 82 183 255 117 255
    214 189 205 102 255 255 203 255 194 255 98 255 141 173 255 34 255 26
    239 255 215 108 255 255 238 255 105 63 100 255 255 114 255 92 198
    203 48 135 255 89 255 160 255 255 255 255 86 255 255 40 255 86 255
    255 214 102 196 26 88 255 255 255 226 255 255 158 57 165 255 255 35
    109 210 255 51 207 255 173 149 21 255 9 72 136 198 158 255 179 255
    255 226 255 38 255 105 171 223 255 186 153 255 160 255 91 255 255
    255 198 198 25 209 255 255 68 255 255 147 105 11 213 251 21 255 1 18
    40 48 137 255 255 255 255 255 255 38 255 255 255 255 103 255 9 158
    255 239 200 255 255 238 126 255 75 8 255 4 23 255 175 255 98 255 255
    214 98 255 255 229 255 83 147 51 255 255 255 255 16 255 39 255 255
    166 95 62 32 255 255 147 229 9 255 255 255 255 191 255 61 44 183 6
    168 255 47 166 255 13 255 255 165 255 255 114 255 255 13 210 255 115
    112 255 57 128 255 34 208 255 255 255 136 255 46 255 248 255 68 58
    255 255 111 166 149 163 123 255 255 35 19 255 156 90 208 255 255 185
    255 134 255 255 151 223 255 255 223 0 255 86 255 24 108 255 255 52
    255 254 255 53 255 206 74 111 211 255 255 105 126 181 86 255 77 255
    255 255 255 21 87 58 170 255 229 72 72 255 142 4 255 255 92 117 53
    255 255 255 34 52 203 224 90 2 15 232 72 55 255 56 145 47 203 255
    255 88 255 255 47 222 255 255 26 255 147 30 255 229 58 255 255 151
    171 124 90 184 163 255 255 255 255 255 119 255 255 255 255 236 163
    255 235 107 255 23 5 156 73 147 239 122 103 72 125 5 255 216 255 158
    176 255 119 255 255 19 172 140 255 6 255 255 149 217 255 255 133 17
    32 102 188 191 130 255 255 238 255 255 255 243 255 7 19 149 255 249
    255 255 255 238 67 255 255 222 255 255 30 158 58 46 255 115 135 255
    255 135 23 255 210 255 42 58 124 35 238 255 255 244 24 112 26 92 255
    196 51 255 255 92 143 123 255 55 25 255 255 255 23 20 138 255 124 60
    220 255 53 255 255 255 2 175 255 255 12 255 115 83 159 255 252 179
    83 255 255 255 255 7 23 71 255 255 255 252 255 220 193 255 255 46
    232 255 121 149 38 255 255 166 154 255 144 255 224 236 255 104 85
    255 181 83 198 205 169 152 192 255 142 28 184 124 36 220 255 255 98
    32 209 255 68 255 160 186 255 114 84 255 255 255 77 255 124 228 255
    247 255 222 116 6 200 255 190 255 255 252 101 124 255 127 194 234 4
    102 255 246 255 47 80 180 255 156 180 255 111 255 255 80 224 255 160
    0 154 255 255 255 255 255 122 178 255 13 165 172 255 47 255 255 61
    105 255 127 255 188 32 95 147 173 255 255 26 255 23 34 255 151 4 255
    255 203 255 255 109 255 234 197 168 255 255 130 15 58 251 255 243
    212 255 255 255 255 118 149 13 4 255 255 17 124 126 184 255 255 255
    255 255 255 168 75 222 255 207 22 5 255 79 255 255 108 255 141 255
    32 255 168 82 117 175 255 255 214 179 121 255 173 255 20 60 62 255
    255 43 255 61 51 90 255 83 255 255 198 31 54 255 208 166 255 28 110
    134 55 255 255 238 245 121 87 60 255 104 255 255 198 68 255 255 154
    255 255 35 255 188 222 156 230 145 60 70 255 255 168 151 255 159 255
    40 50 140 255 255 255 255 16 255 251 255 255 255 254 131 57 133 255
    255 85 93 255 255 4 251 32 255 117 226 54 117 13 196 19 229 249 255
    70 19 255 255 184 255 255 156 109 255 58 249 242 255 23 92 221 90
    243 137 156 254 193 255 255 154 209 12 154 255 136 255 57 90 103 89
    95 217 198 255 254 36 255 255 0 207 32 111 51 249 255 115 158 255
    146 255 255 194 189 198 255 255 255 143 255 255 251 194 255 73 255
    38 10 255 194 98 117 255 255 255 194 208 255 19 222 255 255 168 208
    255 255 255 183 241 255 115 173 137 15 118 226 87 255 89 215 255 84
    255 255 255 255 195 255 128 255 109 249 255 255 226 255 226 255 168
    255 255 77 46 255 222 200 255 216 255 255 255 255 68 16 255 255 102
    255 255 108 205 255 211 255 255 55 144 209 19 255 113 255 166 255
    254 255 255 252 208 255 19 154 255 175 149 6 255 194 21 255 68 255
    227 128 255 4 255 179 169 255 245 42 49 255 26 152 207 255 168 255
    255 235 130 9 53 255 156 75 111 98 156 255 255 255 53 255 203 145
    194 255 55 55 255 200 191 255 222 243 191 166 39 238 121 112 215 255
    204 255 203 6 255 4 120 96 111 60 102 255 254 255 183 150 236 255
    147 255 181 77 255 23 47 61 255 80 2 255 246 191 255 232 201 255 255
    163 255 255 255 128 26 107 255 9 89 154 255 14 234 255 133 255 122
    255 13 255 12 255 214 255 255 219 255 70 255 21 170 255 224 164 182
    255 24 255 255 255 162 228 255 255 255 162 255 255 121 36 39 104 255
    255 77 255 42 255 120 255 255 255 255 255 255 156 188 20 116 255 139
    179 255 95 255 237 255 126 75 108 19 255 42 208 255 134 138 194 255
    238 249 192 68 255 58 186 8 86 236 255 229 207 15 255 121 255 255
    140 255 83 255 255 150 255 36 187 33 255 22 255 255 255 12 255 255
    184 255 255 119 255 255 182 255 252 255 255 146 194 255 236 255 122
    77 51 113 235 154 255 147 145 255 171 255 255 111 147 32 114 252 255
    160 16 255 255 156 255 225 198 255 105 255 255 255 11 255 93 221 113
    54 140 255 255 255 255 95 117 60 255 255 28 122 255 255 255 224 255
    106 255 255 73 82 255 77 156 255 66 88 34 255 12 255 106 145 255 83
    255 255 254 235 36 77 255 145 255 112 255 255 255 64 255 255 255 255
    255 255 125 255 207 179 177 255 61 86 255 195 128 255 255 255 130
    255 255 255 213 222 255 233 200 255 255 238 226 7 201 53 255 200 255
    255 39 255 25 158 11 255 114 255 210 255 60 255 235 255 255 255 213
    104 255 115 76 212 194 173 255 255 165 51 2 60 49 23 185 140 255 198
    133 255 252 255 205 255 84 255 255 255 255 198 255 255 155 255 255
    71 255 215 255 40 255 54 86 160 4 7 94 255 255 9 255 133 255 255 26
    255 120 255 239 48 177 255 1 89 255 255 255 194 225 255 255 109 144
    121 26 255 255 206 116 255 19 189 4 201 214 255 255 207 207 19 255
    255 85 249 26 255 135 121 61 21 136 139 255 34 79 228 166 4 255 255
    122 255 9 255 255 66 4 25 89 127 168 70 207 40 255 255 77 202 235
    255 162 64 156 255 16 255 255 255 255 220 255 193 128 114 23 255 36
    154 255 255 179 255 36 110 255 115 255 245 131 255 245 44 121 68 255
    255 66 114 145 40 211 255 255 255 49 53 255 255 255 255 210 255 255
    23 255 80 255 128 206 67 38 245 255 186 111 255 68 141 255 234 87 51
    40 163 255 186 255 149 255 82 255 255 17 255 109 201 14 255 255 255
    98 165 18 255 70 255 255 93 84 255 82 121 226 198 255 255 127 255
    171 255 35 87 230 119 255 255 255 243 255 65 255 36 255 215 156 255
    255 255 255 30 255 212 255 255 105 73 216 182 17 63 121 43 105 255
    255 134 236 194 125 40 30 31 255 255 77 221 255 106 255 255 168 142
    255 255 103 23 255 255 147 153 21 255 157 224 255 255 187 139 42 255
    255 197 191 149 26 251 72 175 255 154 106 247 128 194 255 255 203
    231 255 109 255 255 163 2 83 67 255 183 197 251 166 201 114 255 54
    56 255 176 255 255 131 140 21 232 61 251 235 63 252 28 255 79 50 56
    202 181 255 255 120 131 143 255 255 255 255 255 49 255 138 171 201
    255 181 255 252 254 120 255 41 220 255 241 255 7 205 165 79 255 255
    245 15 252 81 75 105 255 83 181 210 70 255 151 254 10 110 222 10 151
    255 255 255 194 31 133 255 255 84 79 87 228 255 255 255 255 208 12
    255 181 255 255 255 255 255 255 255 45 114 238 255 175 242 255 134
    65 13 61 166 173 51 200 255 251 105 26 210 240 0 236 255 175 172 255
    255 99 255 255 118 255 255 255 28 255 25 255 255 22 255 194 255 33
    255 255 152 55 176 114 255 255 255 255 144 121 255 254 255 255 255
    255 38 242 255 158 168 138 57 255 46 237 133 110 57 230 207 255 134
    44 255 255 255 26 50 156 15 255 105 255 191 255 255 178 37 222 191
    255 255 242 23 109 252 56 160 255 137 255 255 255 255 3 255 115 157
    201 154 55 221 255 108 255 255 241 255 90 114 58 115 105 173 255 255
    180 58 117 255 166 86 247 252 185 159 255 156 117 255 255 255 255 44
    255 255 255 200 83 34 154 241 39 235 255 255 255 255 19 121 173 222
    255 170 63 255 55 153 255 255 92 114 162 255 219 203 98 177 179 255
    222 255 216 200 11 255 255 100 255 193 255 255 179 66 165 172 255
    255 191 40 130 35 255 255 255 255 255 149 241 82 163 32 255 255 64
    255 123 255 255 131 255 150 255 237 255 95 255 93 255 255 255 255
    171 23 255 255 58 33 255 160 255 255 152 2 255 210 44 252 255 255
    255 99 93 255 12 255 255 255 72 255 80 100 255 130 255 255 255 177
    170 141 135 255 255 255 255 115 21 255 48 255 255 179 84 255 255 161
    255 102 198 255 255 112 79 51 72 166 61 255 203 255 255 43 255 255
    255 114 255 255 173 215 43 255 210 255 137 119 255 255 255 122 99
    255 255 222 135 117 226 255 53 217 68 45 106 255 143 255 173 255 255
    255 255 122 255 164 255 170 11 25 95 119 6 193 255 255 182 255 211
    65 141 42 255 160 255 255 255 120 255 168 245 249 255 101 255 255
    111 72 255 42 255 92 238 231 255 255 255 255 230 208 21 28 255 255
    255 201 113 125 255 255 35 126 255 122 255 255 255 123 255 255 255
    255 255 131 255 245 255 94 3 255 207 55 255 255 0 152 255 136 84 255
    255 70 138 255 105 255 255 255 255 255 86 23 149 98 255 255 255 49
    255 152 255 156 240 255 101 255 255 255 88 255 198 255 255 36 67 13
    143 175 164 232 53 241 105 255 255 255 123 57 255 74 255 32 54 255
    96 255 255 213 240 255 173 180 255 105 231 68 255 255 228 10 144 255
    50 254 164 147 235 122 255 18 255 112 255 105 139 255 255 255 193
    255 255 255 162 105 2 255 255 255 255 41 255 92 93 60 255 163 255
    255 255 117 255 255 82 2 255 255 255 106 179 226 255 156 255 9 166
    113 255 255 217 187 219 66 206 177 255 210 251 255 64 217 21 255 255
    255 66 255 241 255 175 83 190 255 255 79 172 87 255 138 64 255 56
    230 238 255 145 115 255 234 137 93 255 172 102 126 255 255 255 178
    16 64 118 255 255 10 255 255 198 255 47 255 110 15 239 0 224 255 252
    107 95 7 90 60 151 255 125 184 111 93 247 255 255 189 11 255 7 113
    251 255 255 54 255 255 160 255 170 71 70 255 198 255 138 29 255 255
    16 255 40 120 161 170 255 11 68 216 255 255 255 119 255 255 255 255
    255 255 90 255 12 124 41 255 51 64 255 64 120 0 255 255 30 107 92
    255 255 255 51 241 255 205 21 255 255 255 64 165 66 255 12 226 144
    135 138 190 255 237 204 255 81 45 175 6 136 144 255 255 255 6 255
    231 255 255 144 228 144 210 255 232 255 170 99 242 188 178 175 153
    25 255 255 206 200 62 114 255 255 255 255 113 255 67 13 166 0 34 255
    156 255 255 255 45 227 75 205 96 255 255 241 255 255 255 255 57 87
    255 255 255 210 255 242 255 255 255 255 139 194 18 203 255 255 255
    155 135 255 34 82 255 255 255 220 255 88 255 255 255 255 255 255 255
    255 255 90 137 255 2 89 191 171 79 119 255 255 207 4 52 255 119 255
    255 62 204 255 115 220 214 255 255 255 190 130 107 255 194 149 255
    255 255 255 255 142 255 233 255 149 182 255 255 114 255 203 255 14
    255 255 255 85 106 117 255 255 32 255 255 247 255 255 255 192 83 4
    126 54 240 255 125 235 198 255 255 255 255 229 255 176 255 228 213
    61 147 98 255 255 3 224 255 184 219 255 255 177 255 249 255 255 255
    74 45 133 255 255 83 255 121 23 7 255 41 255 9 235 238 109 255 244
    255 128 255 255 48 255 255 39 207 255 236 255 243 255 147 251 255
    255 255 255 203 104 12 126 247 255 37 255 255 124 102 210 152 255
    255 149 17 255 222 126 51 255 232 184 255 139 147 91 70 210 130 190
    7 18 255 114 166 255 12 107 255 17 39 124 203 255 228 166 255 255
    255 79 255 162 96 255 201 255 139 26 121 255 255 255 26 255 161 255
    255 46 98 157 9 255 206 49 168 255 54 255 248 79 255 255 72 255 197
    255 255 255 235 255 255 54 255 255 255 188 98 30 255 61 151 105 120
    16 98 255 229 239 166 149 255 255 18 255 255 32 89 55 255 255 255
    242 255 85 255 9 208 255 215 156 255 254 255 229 255 255 210 255 147
    23 19 89 63 209 255 75 228 42 147 154 235 255 255 141 175 26 255 255
    183 140 196 255 64 98 87 255 75 255 111 255 85 114 159 237 232 175 8
    255 133 75 255 255 255 255 84 2 232 255 255 20 242 166 197 255 255
    178 255 128 149 177 255 159 75 255 255 88 255 89 255 72 255 236 255
    114 255 26 60 165 15 147 163 145 12 58 255 39 46 8 255 255 255 112
    196 255 95 147 255 194 255 9 204 103 232 220 255 255 255 255 17 255
    5 255 102 255 255 95 47 228 249 255 255 42 255 255 255 161 255 220
    255 128 254 214 255 255 130 255 194 255 255 249 58 255 255 95 100
    255 255 170 42 105 255 255 255 255 255 255 255 26 133 255 28 255 83
    39 255 255 150 255 255 255 255 198 255 126 226 187 255 8 255 35 255
    255 217 64 255 140 255 38 226 255 197 130 255 108 255 255 255 84 255
    112 255 255 19 255 26 192 154 255 255 114 130 15 194 255 201 180 68
    41 103 243 169 121 220 36 151 255 112 135 170 187 175 13 92 161 255
    82 177 75 29 255 255 239 98 41 255 16 255 255 255 153 39 151 132 182
    82 255 71 255 11 208 149 255 252 255 241 93 255 58 219 255 255 255
    255 209 12 193 215 255 208 115 206 255 255 255 255 156 144 255 255
    242 255 255 115 179 255 96 255 151 254 255 255 130 245 43 114 255
    255 165 255 255 200 255 255 255 226 255 211 240 255 143 189 64 255
    255 126 121 224 249 255 255 149 39 255 124 255 135 255 39 255 124
    255 255 255 223 25 255 255 222 255 255 54 255 255 255 255 255 11 92
    38 255 87 111 203 160 255 233 234 89 255 255 55 58 234 29 18 255 222
    249 255 140 207 255 255 255 255 83 255 255 130 255 255 255 81 255
    192 105 255 255 255 73 255 255 119 241 2 255 255 255 134 77 67 255
    255 255 255 101 251 183 255 60 4 255 255 255 222 35 228 0 255 45 50
    255 83 255 140 6 207 86 255 220 37 58 86 72 255 125 222 19 153 70
    143 255 210 68 232 88 158 93 255 205 134 255 251 255 255 234 220 255
    107 255 189 179 255 255 107 181 133 241 254 117 156 76 255 255 245
    255 132 255 255 132 144 30 255 191 23 213 60 255 104 219 219 0 255
    255 255 156 252 177 130 255 171 255 98 36 255 107 51 67 255 43 137
    12 255 124 235 57 222 255 83 255 255 255 192 81 255 255 242 255 255
    255 102 255 255 255 60 255 79 211 221 255 255 255 220 251 119 147 35
    231 255 73 84 168 227 255 222 188 201 0 255 255 255 195 63 128 255
    137 255 255 159 17 239 255 255 109 255 255 10 4 173 108 65 111 76
    205 255 60 56 220 255 207 255 69 255 255 255 244 251 124 255 255 255
    255 24 87 152 30 255 126 220 153 138 47 255 251 100 101 255 11 255
    152 132 190 40 90 25 219 255 64 116 68 50 255 68 60 16 255 95 255
    241 255 255 255 39 107 51 117 255 255 179 245 75 198 242 255 255 110
    66 255 170 185 255 158 134 10 255 241 255 30 213 3 114 255 255 255
    239 185 173 255 255 255 255 185 255 55 90 207 115 50 47 255 162 170
    255 255 179 134 122 177 113 200 128 255 169 133 255 157 255 255 45
    96 151 255 255 249 255 224 100 255 255 255 191 67 143 227 255 255
    153 255 102 60 177 255 255 255 255 255 154 175 203 255 255 254 231
    181 255 130 235 255 212 255 255 21 255 184 224 164 233 255 81 165
    255 220 143 93 255 22 203 255 19 219 255 255 255 183 82 18 251 152
    255 255 239 255 255 255 255 170 163 131 255 136 61 255 3 5 121 255
    247 19 109 255 104 156 198 255 230 5 255 99 166 255 255 79 239 130
    33 255 149 255 90 179 86 215 13 255 154 82 21 202 185 255 255 54 255
    255 44 255 255 101 56 255 181 244 255 255 255 154 255 244 255 152
    255 255 238 255 255 39 255 255 255 138 255 13 255 166 235 255 255
    139 154 235 47 12 239 255 32 145 52 255 255 51 255 255 176 255 128
    13 247 255 48 242 255 255 35 104 211 138 255 255 112 68 112 255 64
    251 255 255 255 255 145 204 194 15 255 154 255 114 130 200 168 65
    255 168 93 115 29 255 149 133 255 203 19 93 96 255 255 47 124 96 255
    255 231 255 255 152 171 255 30 255 98 255 21 255 255 255 255 229 255
    32 255 255 0 255 255 74 75 179 92 249 177 255 75 162 184 231 255 176
    158 255 153 109 104 74 74 190 235 21 247 146 191 255 255 28 255 255
    172 255 149 255 228 238 126 73 207 255 209 255 255 255 198 74 134
    255 255 255 41 255 255 246 117 21 52 61 255 255 255 255 255 255 243
    255 255 132 255 208 254 208 193 255 23 247 153 255 242 255 149 95
    198 249 133 90 255 86 255 239 255 60 184 186 94 254 255 255 255 255
    255 17 255 30 109 255 58 160 72 255 125 255 203 188 187 255 102 255
    255 255 255 255 146 255 105 255 255 136 227 46 171 255 255 53 255
    159 255 255 255 255 248 231 24 133 255 255 169 255 255 192 56 255
    255 23 232 255 224 115 121 194 255 105 165 183 160 40 198 73 255 255
    243 137 128 192 172 209 4 255 2 64 255 55 223 32 255 225 4 255 255
    151 255 255 255 255 50 255 58 169 255 138 229 177 168 13 255 170 255
    140 255 241 51 49 146 245 0 217 255 164 92 249 255 179 32 117 23 2
    255 96 255 241 210 255 170 172 221 196 136 102 51 80 255 255 255 238
    255 22 255 255 182 95 255 178 19 255 255 255 17 79 221 255 96 124
    249 112 255 40 255 102 247 255 255 205 255 255 28 181 255 77 255 201
    255 187 166 255 255 255 9 255 255 255 57 255 164 36 2 255 223 81 255
    235 119 255 108 18 255 255 255 255 3 255 232 248 193 255 133 203 96
    156 244 4 255 255 138 90 255 255 210 180 215 38 58 255 121 255 0 255
    255 255 187 255 255 232 187 243 185 194 255 192 145 255 249 242 36
    175 177 255 255 255 255 120 255 255 181 255 232 171 137 255 176 255
    255 141 138 255 150 255 255 175 44 38 255 21 198 255 255 255 245 255
    255 255 255 255 15 255 98 255 255 94 187 161 28 17 144 183 255 163
    124 141 95 75 125 93 49 255 231 255 255 4 160 255 56 232 12 212 66
    156 187 11 208 255 255 194 131 255 19 23 149 34 131 255 255 112 23
    175 116 255 58 56 255 52 255 149 255 203 241 255 173 255 197 81 21 9
    255 255 57 236 60 92 215 255 173 255 77 255 51 255 195 255 119 52
    145 255 60 255 255 104 255 255 19 116 255 157 88 58 74 14 126 255
    255 255 220 135 111 255 255 255 233 255 235 255 84 92 222 7 40 255
    196 177 255 67 255 112 255 255 139 255 220 141 255 255 255 255 8 219
    255 34 31 110 24 255 255 134 76 255 58 255 214 255 152 201 255 98
    255 255 149 255 145 255 255 255 169 255 185 122 49 252 255 255 130
    197 175 255 71 240 153 255 255 136 96 255 45 214 208 255 192 194 23
    255 255 255 80 207 255 10 255 245 255 126 190 181 131 170 235 255
    194 168 137 119 149 240 38 255 255 234 159 255 255 255 255 255 137
    32 255 153 255 211 191 255 60 255 255 239 246 168 255 255 203 9 122
    255 196 26 124 255 160 255 255 82 121 255 214 255 15 255 255 255 252
    255 255 255 255 13 255 255 255 155 205 255 82 255 119 45 11 121 255
    255 79 74 255 177 93 126 241 255 255 6 181 231 113 232 255 100 220
    163 255 117 255 68 190 255 215 182 255 220 108 245 45 206 255 72 207
    255 136 255 238 255 19 63 255 187 255 107 255 255 255 255 154 58 255
    255 255 122 56 17 58 255 255 179 67 207 79 100 255 255 126 255 255
    221 73 255 255 47 114 47 17 200 255 255 55 114 81 255 130 105 213
    110 255 255 255 205 172 18 255 83 255 190 239 255 255 140 79 255 255
    222 255 165 203 254 191 33 41 95 142 255 255 133 255 184 255 255 255
    33 32 156 255 239 172 255 255 179 30 72 57 255 255 255 235 186 125
    255 90 255 23 89 255 11 124 230 33 255 188 255 255 74 255 255 255
    226 85 220 79 255 255 255 153 255 255 239 255 255 4 17 255 0 13 255
    179 9 255 215 50 214 21 255 16 255 187 255 255 79 138 255 80 154 255
    124 121 98 255 255 255 187 7 49 85 214 255 45 79 4 155 210 255 98
    255 255 28 91 124 22 149 198 255 151 255 255 255 255 139 255 255 99
    179 255 45 95 255 188 255 255 235 255 139 63 110 255 108 255 255 188
    255 255 255 82 255 255 194 153 76 16 151 197 255 11 169 82 90 255
    255 51 112 70 85 200 138 49 122 196 149 108 255 209 255 255 160 255
    255 255 9 177 138 255 255 226 251 247 219 10 88 40 255 138 255 255
    222 249 251 33 255 255 255 6 13 254 255 255 70 36 95 255 6 192 32
    252 12 187 192 219 255 196 139 182 6 127 255 113 57 255 126 192 109
    181 255 11 255 125 147 255 92 147 255 195 255 251 66 189 77 77 96
    181 32 255 255 118 75 255 236 110 164 255 138 139 166 255 60 17 221
    215 255 233 255 255 107 255 251 255 87 255 82 255 232 233 198 254
    210 255 255 201 255 223 131 9 69 255 17 19 121 160 188 193 6 225 255
    100 112 255 255 255 255 255 255 255 136 104 46 139 201 255 151 117
    255 107 255 255 255 255 255 228 255 255 53 241 255 132 255 255 38
    255 255 255 255 255 149 255 208 255 48 173 255 255 252 98 159 84 234
    255 255 207 140 44 255 255 137 209 162 255 228 144 255 255 255 145
    175 55 255 62 102 186 102 255 255 255 23 255 255 255 255 73 255 255
    85 108 255 68 52 51 134 146 88 23 255 255 230 198 201 17 255 51 168
    152 255 255 60 21 75 192 128 255 82 35 255 15 194 109 236 255 255
    255 244 219 255 255 47 105 208 255 45 123 255 168 255 28 255 255 53
    255 189 211 92 217 255 255 16 183 223 255 107 255 53 209 157 151 255
    87 255 226 236 255 17 139 142 255 206 54 32 115 207 255 45 255 255
    76 219 254 178 191 255 216 142 143 176 255 255 227 245 160 17 51 62
    255 30 85 163 252 255 255 81 156 159 79 255 255 9 15 255 9 209 255
    255 255 255 255 255 255 255 57 255 255 255 255 70 255 255 255 188
    255 14 6 4 4 162 76 4 255 255 255 211 255 255 139 190 180 255 70 255
    224 77 255 252 48 107 0 255 255 198 131 75 100 255 224 255 226 255
    226 181 133 166 178 112 255 255 147 255 194 75 255 173 96 255 175
    255 171 4 255 28 255 251 255 20 255 55 114 255 41 211 255 98 34 255
    207 211 142 255 36 37 255 255 255 190 188 255 62 255 255 192 105 93
    235 80 12 255 255 255 81 140 255 136 96 137 255 255 255 213 188 255
    190 197 200 107 44 103 117 118 255 40 143 30 230 42 12 145 255 255
    255 99 26 170 255 255 255 182 103 255 232 208 186 114 255 255 141
    255 4 255 18 255 242 2 23 248 63 255 181 86 255 249 255 94 19 255 21
    255 137 255 9 255 34 99 236 36 29 255 2 7 255 255 3 137 255 159 255
    235 255 255 45 160 49 255 255 53 96 111 255 255 235 255 70 255 177
    255 255 255 179 150 255 255 38 255 255 232 89 255 255 255 255 92 5
    255 194 255 98 255 228 154 168 254 85 206 255 179 127 255 255 255 30
    40 255 133 177 255 244 255 255 255 255 71 105 28 197 72 255 38 119
    255 255 255 247 39 210 186 255 255 255 255 173 38 89 255 255 155 56
    255 223 255 255 239 255 255 255 210 255 255 151 255 255 255 255 176
    255 232 29 236 255 29 46 40 255 255 255 128 255 43 255 226 255 122
    255 255 255 255 255 255 255 255 143 255 38 255 53 207 0 255 23 255
    255 107 125 255 255 214 255 38 104 255 81 3 255 255 89 124 255 131
    255 134 185 184 192 73 154 255 255 255 162 6 255 111 255 255 255 25
    255 202 93 96 138 47 252 241 133 255 255 235 16 213 7 255 47 87 255
    255 77 61 158 232 255 38 82 255 136 64 173 170 45 255 141 41 217 255
    160 255 255 255 0 255 213 255 21 223 11 255 225 249 181 195 229 255
    255 255 6 255 152 255 255 255 166 184 65 255 248 255 57 125 255 255
    220 133 255 255 163 196 255 128 217 162 255 255 255 255 109 152 255
    255 255 121 255 200 255 171 204 12 205 255 128 222 188 255 255 150
    255 255 102 255 224 133 130 255 39 255 255 156 255 153 187 145 255
    255 255 255 226 33 255 255 255 2 233 255 53 74 221 8 19 249 255 136
    255 255 255 238 255 41 255 104 163 255 41 255 255 255 216 154 90 255
    194 205 255 175 255 57 186 62 47 255 58 255 14 255 162 49 255 255
    110 255 207 110 251 211 255 53 255 255 255 255 33 243 232 255 141 0
    255 219 125 39 164 96 255 255 159 233 255 255 96 143 255 133 255 44
    255 26 71 247 122 255 86 255 134 205 171 255 58 220 238 102 15 255
    255 49 255 255 255 144 81 255 111 95 171 125 255 255 17 194 190 255
    255 239 255 93 183 157 147 183 166 255 79 109 255 185 159 147 41 225
    235 104 85 179 62 255 63 255 255 93 149 1 255 13 255 255 255 255 46
    11 188 154 255 255 0 255 226 255 255 137 54 211 255 255 34 255 159
    126 147 37 87 86 212 255 92 222 255 45 173 11 150 189 255 134 255
    255 255 255 149 182 255 255 150 236 215 255 255 92 87 255 237 1 201
    255 255 238 255 255 255 81 61 84 154 66 255 87 255 116 255 52 255
    255 255 255 43 255 255 43 197 255 122 208 217 64 153 255 51 121 255
    220 255 159 121 255 107 154 255 23 255 255 255 51 163 51 255 60 255
    117 172 255 255 255 255 13 82 255 4 238 180 32 252 159 75 146 255 90
    179 255 255 255 84 85 255 255 70 61 255 255 23 70 255 201 11 9 195
    255 255 255 46 124 185 110 255 38 100 255 255 255 205 229 255 40 4
    89 98 74 255 239 255 255 94 252 131 255 227 193 185 69 65 255 77 67
    75 48 229 255 255 228 255 255 255 23 61 67 255 255 82 90 255 255 255
    152 255 255 227 255 255 54 236 185 255 255 235 112 255 53 255 98 255
    185 255 255 255 255 175 255 140 188 255 35 164 255 255 130 146 149
    255 66 255 171 35 140 75 223 124 255 239 255 255 69 168 30 255 61
    255 39 135 111 114 72 138 255 255 75 198 255 255 178 184 220 17 255
    255 255 255 255 226 147 255 153 19 171 235 255 11 255 255 49 255 198
    255 4 107 255 249 255 194 220 177 255 10 255 255 255 65 202 114 255
    255 38 172 255 255 255 255 92 49 47 7 255 43 87 255 53 223 255 255
    255 47 255 255 251 186 255 255 255 255 255 255 136 255 255 255 255
    255 241 203 117 45 255 255 118 255 255 63 255 185 255 16 255 86 25
    104 241 255 255 136 60 255 109 255 234 9 207 255 233 255 255 57 222
    66 255 182 26 232 229 255 173 163 255 255 187 100 255 255 255 226
    172 255 137 103 130 255 172 130 211 21 98 241 140 255 255 180 9 211
    255 96 255 21 255 255 7 190 22 128 141 255 67 226 255 186 38 235 19
    40 255 82 134 255 255 34 50 215 9 191 255 79 197 245 83 57 154 243
    255 126 255 255 255 75 255 255 255 45 23 255 229 255 30 255 2 255
    255 72 26 206 255 255 255 18 255 19 179 255 191 255 255 203 166 255
    255 44 30 233 255 109 255 221 255 171 255 87 255 255 219 25 138 255
    255 255 11 255 255 138 252 255 255 251 255 126 42 255 255 255 194
    255 168 145 255 36 138 8 220 46 255 255 68 62 82 255 130 79 255 255
    187 98 255 92 33 9 255 255 255 255 47 255 210 255 213 255 16 228 165
    156 255 190 180 255 255 255 151 52 255 215 255 255 166 255 255 255
    255 255 255 120 255 255 86 103 104 255 238 64 255 54 255 156 82 183
    50 255 2 255 95 255 4 255 255 255 255 166 117 91 113 255 249 53 198
    161 255 147 23 255 66 7 255 255 187 255 52 255 255 255 210 255 44
    191 255 255 180 36 255 142 143 178 249 255 232 255 255 255 203 15
    255 255 183 42 255 9 255 75 192 38 255 58 255 215 255 112 37 255 22
    255 43 36 194 104 6 255 75 60 112 154 255 93 254 232 255 28 15 255
    85 13 121 113 89 255 255 171 255 255 36 116 186 190 154 185 255 217
    164 117 255 128 146 142 170 70 40 130 147 255 255 22 100 217 255 255
    255 255 214 156 241 255 255 255 255 77 117 9 87 239 26 73 57 79 255
    208 238 255 255 252 255 156 255 43 203 18 171 255 149 175 3 255 255
    204 53 138 96 255 255 230 255 66 255 255 255 207 121 30 108 138 255
    76 255 60 255 74 70 229 255 255 195 151 255 153 152 255 106 117 255
    255 255 255 19 255 255 156 255 224 48 74 255 245 149 255 255 255 255
    220 255 255 131 255 235 255 255 255 252 201 255 48 226 43 82 255 186
    31 255 124 254 255 179 255 98 255 255 255 255 233 184 255 233 5 255
    201 255 111 171 219 255 73 77 255 166 254 255 48 4 30 9 255 109 255
    254 115 157 255 79 60 255 255 255 46 160 41 191 255 67 255 143 83
    166 255 73 255 205 255 21 162 255 255 92 51 255 255 73 82 255 255 4
    255 80 255 215 213 102 207 178 70 255 98 255 255 44 81 138 87 130
    255 225 255 255 255 184 255 25 179 100 179 255 0 190 255 96 214 238
    215 109 180 205 198 201 255 255 65 126 106 255 79 255 255 153 255
    203 126 66 79 45 255 61 92 255 180 96 57 210 119 255 255 75 146 255
    255 115 95 255 120 212 255 255 255 255 255 93 90 255 255 177 255 165
    255 166 130 255 255 255 53 173 128 196 58 255 255 255 168 255 7 255
    138 19 75 255 255 255 53 255 226 234 156 255 49 255 254 13 207 102
    104 204 63 209 32 255 255 179 255 255 246 46 89 156 255 255 95 203
    255 255 255 147 17 255 255 219 255 205 153 255 255 222 54 255 255
    156 255 255 2 255 190 72 126 16 249 255 150 212 255 206 58 19 117
    255 255 13 39 255 255 7 89 131 67 34 255 255 255 105 255 207 29 107
    255 184 35 73 255 255 255 32 255 55 25 255 92 98 255 255 73 25 57
    182 79 255 52 68 151 16 244 168 169 255 217 255 156 243 255 63 194
    255 255 255 13 161 255 179 255 255 255 103 49 255 117 134 169 70 255
    36 255 255 98 130 255 171 0 255 226 255 255 51 215 203 255 145 138
    214 182 255 146 194 149 165 255 255 255 255 255 128 255 255 239 255
    255 125 4 220 255 255 9 63 123 185 219 137 255 134 255 185 121 4 124
    255 205 200 255 255 255 255 229 89 159 255 19 73 74 138 45 219 13
    255 168 255 95 44 255 255 74 32 255 207 113 255 255 188 255 255 247
    23 255 255 172 255 255 236 200 255 163 255 62 156 255 255 255 2 239
    117 255 122 140 255 255 1 255 255 172 255 255 255 70 249 179 193 113
    200 255 92 191 255 102 255 255 255 255 255 188 3 249 188 255 255 255
    64 255 6 255 25 255 112 255 255 255 255 255 255 112 255 99 109 255 1
    255 255 101 255 255 255 255 255 233 255 255 255 255 188 255 12 247
    60 255 153 166 70 255 92 198 205 255 255 255 0 255 235 255 121 255
    144 255 66 64 229 11 255 158 255 120 255 132 58 255 38 143 255 23
    146 98 255 179 251 255 255 247 255 16 255 255 98 93 255 26 44 81 255
    255 104 106 255 255 235 255 255 235 82 255 255 245 255 163 255 255
    144 255 255 255 201 255 245 205 241 45 228 255 0 236 255 80 255 255
    50 151 255 225 217 40 41 240 47 255 255 102 255 47 121 166 126 255
    144 144 255 255 255 255 219 255 255 255 255 255 146 255 255 217 255
    96 255 58 255 35 251 255 255 255 255 117 242 196 106 255 255 150 184
    87 225 255 209 108 228 222 182 255 170 249 255 134 66 67 220 211 255
    60 52 110 255 255 255 153 127 30 139 117 222 255 188 255 23 160 196
    255 208 255 219 55 255 255 255 142 255 203 131 251 178 40 255 79 133
    138 220 82 209 41 11 113 255 168 255 155 51 11 255 255 245 241 140
    136 83 255 6 155 173 255 29 33 98 243 70 117 255 159 255 255 255 255
    255 158 255 255 212 166 255 221 202 99 255 255 168 5 235 162 189 255
    255 255 220 122 255 255 255 228 217 120 255 60 108 26 141 255 255
    255 252 255 255 55 102 255 20 255 132 255 63 255 17 194 128 217 140
    255 6 95 141 190 25 49 169 23 255 206 180 255 255 255 255 211 255
    255 255 255 255 219 255 255 104 255 247 255 98 255 255 11 194 173
    147 224 92 255 255 192 37 77 226 151 100 235 255 164 208 245 222 3
    173 222 86 177 77 136 255 255 31 74 255 255 16 255 26 255 230 99 25
    255 165 25 255 32 255 113 233 128 136 45 255 203 255 235 70 197 255
    185 25 123 15 111 255 175 225 114 11 255 224 224 165 255 90 255 255
    255 255 255 255 195 255 105 255 35 255 114 222 96 19 194 255 159 37
    215 7 255 255 109 72 13 229 251 130 36 123 49 255 156 255 255 114
    255 162 255 255 87 255 255 255 238 62 255 19 196 255 63 217 101 91
    255 137 255 255 229 255 232 175 255 66 171 137 255 217 255 255 147
    156 255 32 255 126 169 252 154 179 35 255 61 255 255 77 19 213 87 21
    102 255 255 254 85 240 6 185 255 47 101 255 255 255 224 255 242 105
    255 203 137 243 255 255 38 255 110 147 226 255 23 159 191 139 51 254
    228 140 255 255 246 255 70 137 231 134 255 255 11 246 46 255 255 2
    143 255 47 255 243 74 122 115 11 255 114 142 122 214 255 255 147 138
    217 173 217 255 255 255 168 121 180 28 255 47 209 255 184 255 77 25
    255 255 255 255 190 255 255 252 182 255 125 255 198 82 67 255 255
    103 217 255 103 32 236 67 55 47 116 255 245 16 255 57 255 255 50 255
    255 36 72 255 162 154 100 255 255 57 45 173 255 67 9 255 255 81 57 9
    177 196 64 255 26 255 255 64 255 255 113 141 123 255 105 255 75 255
    114 255 144 2 255 159 255 255 41 247 105 255 28 141 255 203 255 255
    242 255 255 255 49 255 229 255 71 189 255 133 214 237 255 255 255
    227 255 17 82 235 255 121 179 255 147 74 255 31 33 36 255 255 255
    255 4 255 255 67 255 255 255 228 60 58 177 222 193 255 210 255 255
    163 240 183 255 102 255 28 184 126 255 255 255 255 255 149 92 112
    255 255 210 43 42 255 100 125 255 209 214 249 215 23 173 96 20 255
    255 127 255 255 255 12 255 114 255 58 198 255 255 239 255 255 63 68
    209 198 255 255 223 112 141 121 255 151 10 255 255 255 42 255 93 158
    79 90 207 215 255 255 247 195 116 255 255 255 11 175 175 11 254 255
    51 147 121 102 118 42 72 255 82 255 168 30 255 173 179 255 26 255 4
    165 255 202 23 255 255 236 255 255 200 65 255 35 128 255 255 128 255
    117 255 255 242 144 255 55 255 200 169 70 128 124 138 170 216 189 17
    82 255 255 131 121 255 165 191 255 252 255 255 79 165 255 252 255
    224 255 110 255 38 255 181 76 255 255 255 255 81 44 191 113 136 255
    186 185 40 162 162 35 186 241 255 255 213 255 232 128 58 9 255 100
    109 249 126 255 255 255 245 52 107 83 255 255 255 92 255 11 114 210
    255 210 201 96 80 255 255 222 255 255 255 186 255 255 145 255 104
    200 162 130 255 55 181 251 92 207 255 255 255 119 255 184 255 255
    255 82 255 255 255 255 67 60 215 255 255 168 255 93 162 99 51 147
    254 255 28 255 187 185 99 128 255 92 255 255 255 67 255 255 186 255
    255 200 226 219 109 255 255 40 255 104 255 255 122 200 255 217 98
    255 255 242 230 255 226 162 255 255 255 187 255 171 185 255 232 255
    49 228 165 65 255 28 255 109 162 68 192 255 37 87 255 255 113 184
    255 255 69 131 255 171 187 255 127 255 255 96 180 255 255 244 90 255
    229 92 90 67 255 208 137 255 203 114 89 50 191 183 23 255 255 74 130
    255 77 255 235 192 255 255 217 255 255 255 255 11 106 255 255 168
    175 13 255 255 73 233 51 255 0 226 255 120 255 255 255 221 255 124
    254 81 255 228 98 255 255 255 255 255 217 50 114 57 194 255 255 57
    137 156 66 112 113 255 255 119 10 255 89 255 222 192 255 16 194 165
    124 98 255 231 188 147 255 128 255 255 255 79 255 179 20 121 255 80
    110 255 80 133 255 1 156 162 245 247 8 255 255 51 13 33 255 255 255
    255 45 255 132 71 255 4 121 151 170 191 75 162 255 255 170 12 37 255
    133 201 217 255 131 181 255 255 249 15 255 255 255 255 255 139 173
    141 255 170 255 60 255 173 168 158 209 255 255 60 166 255 255 226
    255 249 41 231 60 140 44 255 63 210 72 115 245 51 155 46 255 29 2
    255 255 198 21 222 98 255 85 74 8 255 207 121 73 228 255 246 126 254
    255 255 139 130 193 255 255 214 255 206 255 247 160 255 255 15 147
    255 255 255 92 4 58 255 89 81 255 204 255 255 197 244 255 64 255 198
    114 9 151 214 255 255 16 255 19 195 128 77 131 255 255 245 194 26
    134 255 85 194 39 255 255 128 200 252 255 255 251 212 255 255 112
    111 188 56 255 42 12 255 255 4 255 255 161 255 44 170 255 93 255 220
    255 255 255 216 236 255 67 67 173 255 255 255 255 235 255 255 11 100
    255 255 255 255 229 87 31 255 47 79 255 98 255 9 215 255 255 255 63
    255 4 136 255 55 255 255 168 254 255 255 208 128 177 255 130 255 125
    255 32 155 166 90 6 255 23 98 47 255 3 96 217 3 255 255 127 255 138
    255 255 170 115 70 252 255 254 255 133 105 255 99 182 255 147 251
    255 76 255 255 255 217 251 127 255 255 204 255 205 213 255 255 61
    255 255 23 81 255 255 72 255 207 233 255 255 44 202 255 25 255 255
    255 255 136 28 173 173 255 255 19 147 255 191 255 85 255 54 151 203
    255 255 255 255 70 255 255 94 255 255 255 185 255 255 28 255 2 133
    219 30 105 201 53 55 91 255 149 255 219 255 255 255 255 30 255 114
    215 255 13 255 255 47 255 24 137 251 255 255 255 255 171 152 192 169
    47 255 255 255 255 213 255 255 255 255 58 80 217 115 255 47 132 255
    9 255 255 255 21 255 67 255 82 102 111 255 77 128 102 54 255 255 255
    232 194 68 13 99 100 45 85 207 255 255 255 251 149 255 255 238 255
    55 182 163 255 36 140 136 255 255 255 194 79 255 69 255 100 45 21
    255 255 161 255 20 173 255 255 5 255 20 98 255 150 255 36 48 219 243
    102 35 255 255 255 68 255 82 105 153 5 13 227 163 38 255 255 11 70
    110 185 15 249 255 172 212 255 79 105 255 255 255 209 255 255 121 44
    168 255 39 165 255 86 214 196 124 255 196 243 255 105 144 255 255
    192 205 77 106 255 77 10 166 34 157 255 255 223 255 32 29 79 128 179
    200 124 50 255 255 92 255 255 190 11 151 255 46 255 55 170 255 153
    172 200 157 147 90 181 25 255 102 154 130 152 60 255 139 65 121 90
    255 90 255 25 6 87 255 255 255 179 83 255 255 23 136 255 255 248 151
    255 92 133 255 255 255 164 70 81 203 255 9 198 255 217 139 157 255
    94 144 255 43 156 255 73 25 23 255 71 255 173 140 138 213 51 142 255
    246 39 255 255 198 149 243 255 255 26 255 87 101 255 255 108 255 41
    255 51 255 118 255 255 252 37 255 214 33 255 213 255 9 29 77 117 255
    224 255 76 67 255 162 255 255 28 208 115 229 137 21 58 103 173 31
    255 255 106 255 173 124 255 255 255 175 255 255 255 141 92 255 128
    136 103 136 120 86 255 74 49 15 134 255 13 99 255 255 255 142 104
    118 255 124 208 255 186 52 255 255 254 79 255 255 247 138 29 255 24
    255 26 177 13 200 255 255 255 228 71 255 151 147 228 255 255 149 175
    255 212 24 140 255 215 255 219 255 160 255 53 3 255 255 179 255 30 1
    255 113 134 255 255 168 224 255 44 255 62 89 49 83 255 82 51 146 53
    255 243 221 38 243 130 255 111 163 130 255 231 255 255 255 255 57
    255 255 157 255 255 255 217 13 225 255 255 255 255 255 10 255 205
    165 23 255 255 159 104 190 67 41 52 193 192 160 255 6 255 255 255
    255 194 255 20 135 130 255 114 255 255 255 255 206 46 4 255 255 255
    96 255 255 255 207 255 89 114 255 147 255 255 92 79 234 223 182 94
    233 255 255 181 81 255 255 255 255 255 255 255 222 186 38 255 30 255
    255 163 81 238 154 255 229 18 11 28 255 175 152 235 13 229 255 255
    230 100 255 255 77 26 255 51 136 255 96 255 255 255 255 168 255 220
    190 255 255 255 255 255 225 166 252 255 105 255 60 255 200 206 154
    179 137 217 255 10 156 255 255 154 255 120 255 255 13 255 237 85 53
    190 235 255 102 255 229 255 255 255 73 54 255 255 255 252 128 143
    255 75 10 67 126 208 16 53 238 255 66 36 158 255 238 255 255 255 255
    134 255 255 255 105 255 203 125 255 136 235 255 154 255 255 255 86
    255 255 13 255 66 25 166 194 157 255 255 204 93 255 214 255 255 36
    255 98 74 161 170 109 255 158 12 82 255 229 255 255 219 255 145 255
    255 79 134 208 203 165 255 43 210 16 255 248 255 60 127 249 255 255
    255 53 82 131 183 83 28 58 226 255 255 255 255 255 208 107 255 242
    196 255 41 238 203 90 5 255 255 255 255 16 255 255 86 255 26 201 54
    255 12 255 255 156 25 60 9 49 234 255 214 154 92 255 255 211 170 255
    255 255 62 95 255 237 105 149 102 233 208 139 255 217 255 86 189 43
    255 105 89 255 54 255 255 75 255 182 255 171 255 74 43 255 255 255
    249 255 173 191 255 130 255 201 121 60 95 219 255 60 100 28 116 255
    251 255 255 206 255 130 219 255 40 241 161 255 67 142 96 255 103 255
    173 255 255 245 133 115 185 112 255 48 32 36 29 133 207 255 51 255
    52 255 136 255 95 115 143 130 255 7 255 17 191 210 153 178 4 96 254
    255 92 255 255 83 255 255 255 248 255 255 181 121 255 104 228 164 10
    219 255 76 255 224 255 12 255 73 212 26 255 56 23 175 224 2 243 98
    90 12 7 255 128 255 34 187 255 132 207 255 255 225 238 255 109 255
    255 255 177 85 131 149 255 255 19 23 194 255 255 254 161 222 89 255
    194 144 51 32 255 255 255 69 255 255 181 255 24 152 255 255 163 255
    156 255 11 255 255 255 40 1 255 38 89 60 64 3 81 255 255 255 90 255
    255 149 50 175 130 134 252 255 93 144 194 255 255 255 245 168 255 69
    251 19 255 170 143 255 255 171 255 9 255 255 255 32 223 110 255 87
    222 255 235 5 200 1 77 255 16 255 255 3 224 255 45 255 119 76 189
    255 255 219 247 255 117 255 112 255 255 3 255 255 255 255 220 220
    255 255 140 255 255 137 255 70 255 119 255 1 19 255 133 224 239 255
    137 255 246 255 255 66 35 255 63 255 100 32 198 255 255 255 60 20
    255 211 255 47 66 255 138 255 203 255 255 255 89 75 66 255 66 120
    156 128 255 138 34 29 30 255 134 37 73 255 255 255 48 67 115 64 255
    100 133 151 211 255 60 255 178 133 179 25 60 255 248 61 255 143 33
    40 79 255 255 255 242 255 255 255 255 255 255 203 114 40 98 255 255
    134 255 255 255 255 102 255 50 255 207 255 255 255 255 255 4 61 252
    185 255 255 255 249 255 0 73 255 255 17 255 230 48 110 102 168 196
    132 227 200 219 52 255 87 211 23 38 255 255 122 255 255 255 255 255
    13 255 203 255 143 255 255 117 68 255 140 255 203 238 128 6 255 49
    255 0 172 62 255 116 255 255 35 255 51 255 194 58 255 255 86 255 200
    109 228 98 246 67 255 117 18 43 255 0 0 203 12 203 211 255 255 128
    255 255 255 32 255 213 255 255 220 255 9 114 60 251 50 70 255 166
    255 255 131 255 255 41 219 237 220 89 181 57 149 255 195 88 100 47
    242 143 255 255 255 255 255 255 232 72 255 200 255 255 55 255 255
    241 172 205 140 255 96 31 255 183 255 236 147 15 138 255 6 16 47 95
    208 255 255 88 255 108 255 203 255 0 255 23 255 255 112 255 156 238
    208 6 255 255 255 227 163 158 136 89 72 79 40 255 19 255 2 255 255
    255 127 4 41 255 135 255 99 25 255 192 123 87 255 107 255 128 255 96
    34 49 255 255 177 243 6 255 255 134 255 47 9 142 255 222 42 255 163
    9 255 169 255 188 184 255 255 157 255 255 255 112 255 255 255 255
    144 196 105 137 187 255 255 255 190 55 23 255 86 152 255 255 255 183
    12 255 136 22 35 255 184 255 255 255 177 255 213 172 255 16 156 255
    66 255 115 208 75 255 44 228 252 216 255 255 114 255 130 87 124 219
    191 35 252 185 9 126 61 102 192 6 207 209 255 255 255 39 247 255 184
    138 255 191 163 255 20 193 255 211 16 255 160 49 13 79 93 255 153 18
    128 45 255 255 214 149 47 35 255 94 255 255 205 143 255 255 185 11
    49 226 255 255 255 149 226 220 151 255 255 255 255 255 161 220 47
    255 255 214 149 111 159 255 255 67 214 153 3 255 85 128 255 28 255
    249 134 254 255 9 206 151 255 149 255 53 25 194 24 184 47 255 255 12
    255 36 193 255 255 255 151 248 255 171 90 74 81 242 158 170 77 255
    166 109 138 255 20 159 207 63 19 126 255 255 255 198 255 124 255 168
    255 255 255 255 9 70 255 255 254 255 255 255 141 12 255 255 187 255
    255 255 255 196 127 194 255 242 152 245 69 63 255 255 149 255 179 23
    255 255 133 130 125 255 130 255 255 171 255 109 255 255 102 220 255
    235 183 255 9 53 255 196 171 255 184 160 255 255 19 136 4 255 17 182
    36 95 255 28 166 255 255 255 109 38 51 95 130 254 255 188 255 255 85
    45 0 89 57 255 100 0 255 24 255 255 255 255 30 217 255 255 255 255
    26 255 255 182 100 220 255 255 214 4 255 255 255 255 35 61 255 255
    255 194 255 255 255 52 28 186 175 255 147 213 168 232 255 255 255
    185 255 179 204 207 147 255 187 255 140 255 6 211 170 45 214 255 255
    74 255 72 144 255 255 204 255 171 20 123 239 255 98 255 251 19 190
    63 255 117 139 44 251 255 0 255 127 255 251 176 255 28 255 184 87 4
    110 255 79 193 255 238 58 130 111 177 121 90 255 24 160 67 255 195
    255 224 239 235 255 99 81 245 226 255 255 255 159 255 255 255 138
    255 255 255 104 255 255 86 117 34 214 255 255 255 16 255 255 255 255
    162 255 147 134 98 255 255 5 255 219 182 96 255 200 255 109 255 13
    255 255 255 41 32 255 124 255 255 149 81 203 10 74 255 255 255 40
    229 135 41 111 255 6 255 255 8 255 255 255 184 255 255 184 70 255
    255 156 247 223 198 19 47 255 36 136 255 220 233 255 200 255 255 255
    255 96 232 20 245 188 90 255 255 7 255 239 47 222 190 146 229 230
    255 255 41 235 198 255 160 161 255 255 255 220 165 255 255 86 159
    109 255 33 255 39 255 255 252 233 255 42 53 207 19 5 255 141 175 255
    255 255 255 192 151 34 105 4 255 187 255 138 93 91 245 172 173 255
    255 53 181 42 212 255 197 255 255 255 25 255 20 255 255 255 255 255
    255 255 255 20 40 255 6 140 255 184 255 255 255 14 200 74 255 255
    255 177 66 117 180 255 207 238 154 255 255 36 255 255 255 207 179
    243 255 60 255 255 255 255 1 255 255 220 255 255 115 255 255 50 193
    179 255 116 255 255 30 115 255 84 255 255 255 255 35 103 255 104 19
    255 9 255 255 219 5 62 13 47 43 141 84 90 219 100 151 255 207 26 17
    168 70 255 255 60 217 172 128 255 255 26 58 166 166 255 142 255 229
    255 243 245 255 177 35 86 177 147 255 255 182 33 89 255 112 255 54
    208 104 141 251 255 222 72 130 255 51 79 16 255 255 255 109 55 0 110
    255 255 255 255 252 12 94 255 255 255 255 255 255 191 126 255 95 255
    255 76 161 255 255 194 38 22 255 255 255 255 126 255 56 255 112 255
    60 106 255 255 7 228 255 42 255 255 118 255 255 26 255 255 217 238
    255 89 255 98 255 254 190 47 255 255 146 16 0 109 255 136 239 196
    255 44 255 226 239 170 115 38 11 255 255 54 40 131 255 121 42 255
    224 163 70 255 133 19 154 89 152 26 101 255 151 255 51 45 216 255
    255 226 255 255 255 255 255 125 28 6 217 255 255 222 255 255 255 255
    255 93 128 102 19 226 209 41 187 228 38 255 255 67 255 255 255 244
    40 204 198 83 109 180 115 255 255 19 255 255 109 15 77 255 214 40
    255 255 102 255 219 46 255 255 215 175 206 255 57 29 109 252 185 107
    17 10 255 255 213 233 102 137 255 4 169 255 243 255 255 255 130 154
    247 255 98 255 211 255 255 255 96 255 143 82 255 241 82 87 200 112
    255 6 255 45 236 255 249 227 168 151 230 137 255 255 255 255 255 119
    171 124 255 28 50 255 255 255 103 53 172 98 237 153 222 255 67 110
    255 185 207 154 141 249 255 156 179 138 255 186 255 16 207 96 255 42
    255 255 255 255 29 70 255 109 255 136 128 186 107 227 161 255 248 0
    89 60 255 255 241 152 255 93 222 121 25 170 255 66 255 255 243 158
    255 255 255 8 255 255 89 254 147 255 238 255 255 104 242 23 239 224
    222 82 255 245 255 255 19 35 255 255 156 255 255 255 255 132 255 44
    255 106 70 149 7 255 255 255 33 255 191 191 224 246 255 255 255 98
    255 4 255 241 12 255 147 255 152 255 101 255 255 213 255 255 104 255
    26 54 4 255 23 255 92 159 81 255 255 33 255 238 255 153 255 255 255
    243 255 145 147 105 226 243 255 219 153 18 255 41 255 255 80 255 255
    230 255 220 1 255 255 31 193 255 106 110 162 255 233 255 175 79 255
    255 168 162 255 175 255 162 77 72 255 112 234 242 89 226 45 67 255 3
    255 132 222 255 164 172 231 255 229 189 243 255 88 158 255 255 255
    213 5 255 229 255 164 87 255 255 255 208 100 163 208 17 168 255 198
    255 110 255 255 238 255 16 255 255 187 255 255 239 12 239 255 47 132
    208 255 255 236 255 255 127 255 249 255 91 49 255 79 255 74 255 58
    255 255 255 255 255 72 225 26 255 101 131 255 249 255 62 31 84 255
    255 166 90 166 77 38 179 255 255 255 74 255 73 46 255 99 117 66 121
    170 89 85 255 255 39 39 255 31 196 251 89 107 207 144 255 255 147 82
    128 60 221 255 255 32 255 90 255 213 134 130 245 249 133 17 255 255
    202 163 156 255 26 105 255 127 137 255 204 255 230 141 255 226 184
    255 255 51 255 255 255 240 190 140 187 64 42 40 255 255 114 255 38
    16 245 255 16 104 48 32 255 188 144 255 121 156 255 255 255 119 255
    67 87 255 255 247 98 255 173 172 14 205 172 107 255 173 240 109 6
    255 255 255 198 255 255 255 243 255 255 117 191 255 85 255 255 255
    255 255 217 246 255 255 191 240 255 70 222 255 153 116 255 255 245
    255 255 40 49 10 138 255 118 142 179 173 193 164 197 255 255 255 255
    251 255 255 24 207 77 255 28 217 45 10 255 34 181 255 105 29 137 255
    52 255 234 255 159 109 128 7 255 207 56 255 241 255 255 255 145 40
    163 255 117 255 126 255 255 86 255 159 53 255 31 152 255 232 128 255
    48 42 255 69 255 255 255 42 166 255 255 219 188 236 213 255 203 198
    255 255 151 255 21 255 255 14 255 112 255 168 92 255 255 171 242 255
    153 255 255 117 255 255 222 255 149 38 233 198 255 98 255 156 198 51
    255 229 0 255 137 255 82 54 13 7 84 41 255 255 255 213 255 153 246
    214 255 108 255 255 77 121 60 73 255 255 106 221 168 160 255 243 255
    170 255 223 88 73 255 53 255 45 196 255 70 255 177 31 255 255 219
    168 230 106 255 255 127 86 13 255 207 255 155 255 255 141 46 255 182
    255 15 181 254 209 165 255 255 255 240 255 255 11 255 255 159 255 36
    112 255 217 255 255 255 255 173 184 255 255 255 198 255 255 255 255
    233 255 255 95 37 128 255 255 255 176 222 255 255 255 255 152 233
    255 255 161 255 245 123 64 255 151 107 22 161 179 248 255 255 230
    255 36 255 25 247 255 7 255 12 2 255 255 255 249 255 255 255 255 4
    255 255 63 255 255 255 87 157 14 126 255 198 188 255 255 23 101 189
    13 255 255 166 166 231 255 95 77 124 141 215 255 51 4 255 255 168
    124 166 168 255 255 255 111 61 175 235 85 235 220 255 151 255 136
    255 55 255 255 102 143 255 255 255 114 41 223 255 255 255 56 164 255
    255 75 230 255 255 255 226 45 223 255 60 70 54 255 255 159 255 85
    255 185 29 56 249 255 255 255 136 255 255 255 184 219 165 65 255 208
    33 57 89 103 245 166 9 145 64 255 255 169 255 255 146 255 4 246 144
    11 217 39 107 242 151 70 255 221 255 66 186 255 50 255 255 195 255
    255 195 212 83 165 91 255 255 82 235 255 255 57 0 255 247 225 238
    147 104 119 203 255 205 255 96 255 255 255 255 124 124 158 83 255
    255 255 204 77 9 19 123 168 255 255 96 255 229 255 255 255 255 69 63
    255 172 255 128 101 112 32 85 255 255 25 255 200 131 255 255 255 4
    234 213 255 255 147 77 185 198 255 255 112 255 226 255 103 62 121 54
    255 83 198 198 130 254 255 64 39 255 48 255 139 29 207 255 255 255
    79 255 131 207 57 126 255 255 93 255 42 255 255 166 254 255 0 4 255
    166 229 130 179 255 255 137 61 202 255 158 255 28 255 234 47 255 215
    156 193 2 255 255 255 166 255 255 32 255 149 236 255 255 105 255 192
    67 47 255 120 255 255 255 91 255 255 63 255 232 255 55 200 144 255
    61 247 255 255 93 109 229 255 255 255 231 255 214 207 111 159 255 28
    230 170 254 255 255 226 155 23 219 114 89 255 255 173 255 128 255 68
    255 245 255 99 255 255 19 255 255 255 255 255 109 255 241 255 109
    255 64 255 255 249 161 122 66 255 241 44 19 192 60 65 217 176 163
    166 255 233 255 12 255 255 136 255 255 140 28 190 32 255 255 173 255
    255 194 201 255 255 255 255 16 25 255 9 142 255 255 255 251 134 255
    4 20 14 255 139 196 58 200 102 255 194 9 255 195 255 255 17 255 255
    255 255 255 233 30 200 149 110 235 25 255 124 137 255 255 213 255
    255 255 255 32 255 255 255 255 224 255 255 42 255 207 255 255 198
    149 158 255 236 255 101 147 64 157 70 255 192 255 232 139 255 255 3
    70 255 160 4 255 255 235 255 34 255 235 108 165 255 236 233 107 159
    255 66 255 255 252 255 39 81 182 77 207 1 12 255 19 255 17 255 255
    185 255 74 126 255 255 255 255 255 53 255 255 213 143 194 255 255
    194 255 114 255 252 238 102 45 255 212 255 152 161 28 255 255 255
    255 235 128 255 35 255 66 12 141 255 140 202 255 200 28 233 114 255
    70 242 255 26 255 255 206 255 75 64 255 77 229 255 255 90 255 255
    111 255 232 255 91 255 166 245 255 181 255 255 255 255 9 73 140 215
    239 200 255 171 255 255 173 210 62 13 189 113 28 42 255 255 245 255
    184 70 255 77 255 143 152 255 0 55 255 255 194 112 205 255 102 19
    255 255 90 255 255 255 0 89 255 255 156 130 208 255 255 47 156 255
    101 182 255 67 255 243 255 255 211 83 255 57 93 255 192 242 255 255
    92 117 255 255 255 220 255 255 255 255 255 255 131 131 241 206 255
    255 220 193 79 255 23 36 255 255 255 255 158 255 255 207 255 54 255
    255 73 102 235 203 25 255 255 154 255 122 238 255 55 255 255 23 255
    158 255 84 255 121 255 15 176 130 158 232 255 255 201 179 255 211
    255 255 194 12 158 10 255 202 255 198 122 7 255 113 66 152 23 255 70
    255 35 79 255 109 255 255 255 112 255 137 219 132 213 255 255 117
    255 255 255 11 255 255 255 57 255 238 8 166 89 222 163 255 255 255
    96 122 249 198 96 213 255 255 108 215 255 45 255 209 173 86 255 16
    172 255 249 255 243 51 255 252 236 58 175 206 255 119 77 117 255 255
    255 241 1 56 72 255 255 255 255 4 183 255 168 196 252 168 98 31 236
    107 83 255 9 166 119 255 220 255 251 41 203 255 255 255 113 66 255
    255 66 5 138 15 255 255 156 255 255 159 163 232 86 255 255 163 117
    126 92 0 224 255 154 173 176 25 13 1 255 151 74 255 247 1 255 21 42
    193 149 101 242 32 144 255 203 60 255 92 45 133 49 25 255 255 152
    255 255 255 255 72 106 168 235 136 255 139 216 255 255 104 255 224
    255 238 255 195 255 130 255 255 138 255 255 30 168 173 255 201 144
    255 127 255 255 47 255 255 216 39 122 47 32 203 207 51 36 83 28 186
    255 255 19 255 255 255 51 255 255 1 255 160 255 42 245 255 255 149
    254 255 255 1 255 38 255 255 211 1 255 255 146 255 255 251 47 215
    225 240 255 200 200 255 207 12 79 165 255 81 93 26 255 92 255 203
    255 255 255 255 255 217 255 124 164 77 255 255 255 255 255 47 7 119
    255 255 255 255 86 66 90 224 153 255 135 64 61 255 98 255 255 255
    156 145 160 255 102 188 120 51 255 219 123 255 176 255 15 216 175
    255 3 252 255 255 18 34 255 254 255 99 44 115 96 255 255 64 63 251
    77 96 255 136 75 255 38 144 51 210 137 122 109 212 28 255 58 9 111
    166 58 255 196 90 255 47 255 76 255 128 255 255 255 194 96 255 86 25
    255 83 255 247 255 255 255 213 63 151 146 165 89 96 255 255 252 138
    151 255 60 255 216 102 64 141 56 139 102 215 0 179 214 255 255 187
    255 64 187 121 217 255 90 109 255 255 93 255 47 255 18 255 208 4 130
    190 145 255 255 255 49 76 156 255 85 255 255 54 144 207 211 30 158
    86 44 255 255 16 255 136 44 255 243 255 255 55 231 215 104 255 36
    255 65 109 182 28 94 165 255 28 179 68 255 227 42 255 42 121 64 28
    166 90 255 255 241 210 131 21 191 203 145 255 30 102 102 28 255 195
    249 185 222 21 126 255 255 255 173 96 224 190 255 255 69 255 247 255
    222 255 255 255 255 185 255 255 255 255 255 255 255 255 249 23 255
    255 133 124 36 98 19 86 156 255 200 238 85 217 61 255 255 255 255 79
    184 255 60 255 235 122 116 213 255 152 255 242 68 255 255 255 235
    255 255 255 255 86 145 251 35 168 236 81 255 245 255 255 82 255 196
    249 255 119 128 255 255 255 49 211 255 255 175 63 255 255 79 47 220
    255 238 60 255 226 255 82 245 255 230 166 255 255 30 230 47 255 198
    255 255 255 74 109 247 22 144 41 1 255 255 210 255 207 255 255 255
    203 255 255 61 255 194 51 255 255 255 255 26 185 189 207 47 110 255
    255 255 138 255 255 89 255 255 8 140 255 255 255 201 255 233 168 255
    38 149 202 214 224 73 178 32 255 194 224 115 143 140 255 255 255 255
    35 255 181 54 255 136 157 255 228 203 77 255 60 254 213 255 255 6 17
    109 255 90 149 255 255 255 38 31 255 255 211 159 255 171 231 151 213
    203 255 255 219 130 255 242 198 252 249 255 41 135 53 255 5 107 134
    142 79 255 255 255 16 255 136 191 158 226 255 98 255 207 255 255 220
    130 102 255 255 247 255 46 255 9 46 83 106 255 255 159 255 255 255
    255 255 85 95 130 255 255 128 171 255 224 83 255 34 255 255 68 236
    255 175 39 184 255 255 255 255 200 61 255 255 107 151 255 255 255
    255 86 128 255 255 255 194 193 170 255 14 151 255 255 255 182 255
    255 73 149 226 255 255 255 182 255 255 70 255 255 238 200 254 10 255
    255 255 165 255 255 79 9 115 222 170 82 226 45 86 35 213 173 79 255
    194 255 188 31 255 255 255 255 213 134 240 255 255 98 255 255 255
    245 127 255 177 255 105 45 255 255 188 255 255 160 255 4 117 87 255
    255 227 109 255 201 12 28 255 60 255 206 255 143 96 255 160 210 255
    15 190 212 255 226 255 192 255 255 85 48 255 255 255 242 255 255 149
    255 28 255 143 55 255 255 120 255 30 255 30 255 255 255 255 63 96
    255 232 25 255 108 255 255 255 103 255 111 255 87 245 255 81 77 119
    149 255 255 113 44 63 255 255 166 75 254 200 255 25 60 255 26 168 66
    54 40 145 149 255 19 139 215 90 255 96 132 214 98 147 222 77 196 74
    255 255 213 255 255 50 255 255 194 255 255 255 255 136 255 255 23
    248 255 255 255 0 255 64 255 255 255 23 255 34 60 107 96 65 255 3
    109 73 156 110 151 248 165 255 16 44 255 255 255 255 80 252 255 64
    251 96 255 221 141 192 255 255 227 214 255 227 18 255 204 16 217 112
    231 243 255 158 255 255 51 124 95 252 255 252 138 255 255 30 203 98
    88 151 255 255 255 255 240 255 76 255 255 255 96 164 181 255 255 50
    228 255 232 255 51 162 126 4 48 203 255 197 255 15 191 255 255 1 255
    139 255 255 255 194 255 185 74 255 255 165 226 255 152 255 62 235
    222 255 50 221 255 243 77 255 179 144 255 4 19 153 255 144 255 255
    131 211 255 14 255 255 240 255 225 51 255 89 255 255 58 173 255 255
    255 255 255 217 255 51 215 255 255 82 202 23 255 143 86 47 234 99 19
    179 194 255 255 55 37 32 146 58 87 168 158 255 255 221 255 255 255
    252 238 163 255 95 255 177 63 172 249 203 240 255 255 255 2 171 124
    177 200 35 255 255 255 168 144 96 32 60 130 220 185 61 255 16 166
    185 165 105 255 85 75 237 130 255 255 214 26 213 255 255 255 188 255
    255 243 255 198 255 224 113 255 236 168 255 255 0 203 252 230 133
    255 75 255 89 255 92 88 72 156 130 13 166 56 203 162 173 121 255 255
    6 51 119 255 255 255 24 165 163 255 255 238 24 255 173 179 255 18
    226 255 255 255 1 255 226 255 32 255 156 123 255 90 72 255 12 103
    141 255 151 166 255 255 89 255 233 104 255 255 255 146 255 58 41 65
    255 182 226 255 178 142 147 255 255 92 255 35 19 173 96 255 255 187
    255 155 56 87 64 198 255 141 72 126 22 68 222 255 166 21 201 114 255
    25 33 226 134 89 2 255 255 255 255 0 168 255 77 255 206 255 38 7 255
    57 200 255 202 15 255 255 184 251 255 255 255 255 255 255 255 248
    255 255 255 255 94 29 166 255 233 255 222 255 105 255 206 88 255 255
    255 255 187 9 255 23 255 68 255 228 255 13 255 255 255 51 143 255
    255 255 82 109 255 153 102 255 255 251 255 35 21 53 255 168 255 152
    123 252 255 163 228 38 236 255 90 28 68 92 255 255 127 107 255 34 12
    222 15 77 104 251 255 255 36 16 255 181 142 255 63 249 43 10 2 234
    255 255 147 255 255 255 29 170 72 203 16 255 255 137 255 153 255 213
    201 124 87 255 255 145 255 255 255 42 255 255 255 236 255 117 177
    203 169 255 141 61 255 255 67 255 255 127 30 83 255 37 255 255 255
    73 246 255 49 192 77 113 108 255 255 64 46 179 57 44 255 255 255 255
    3 166 255 255 228 255 125 96 0 243 215 98 255 189 36 66 144 51 211
    200 255 255 54 255 171 58 55 255 255 255 255 255 255 104 255 255 255
    245 64 41 255 119 210 179 255 141 193 255 255 255 73 255 231 255 76
    255 255 239 96 186 51 149 255 197 82 160 255 249 64 28 229 13 64 255
    141 63 187 4 255 255 4 203 140 79 44 228 255 233 12 90 101 12 158 34
    255 119 242 98 255 255 255 237 118 23 255 255 137 255 255 255 83 255
    200 255 39 186 255 216 255 255 255 107 58 83 247 255 133 255 38 34
    255 0 106 161 255 255 51 139 238 247 255 255 16 255 255 54 85 15 112
    255 255 39 170 23 208 51 165 16 194 155 81 102 44 255 222 25 255 255
    207 251 130 255 240 41 105 186 255 105 255 64 1 255 213 74 133 255
    242 203 96 255 255 255 98 89 255 198 255 19 207 53 255 255 12 183
    255 255 222 220 255 255 122 203 255 255 255 255 54 165 30 255 96 255
    28 255 255 181 75 68 185 247 255 243 255 255 255 191 255 255 255 255
    190 68 147 223 255 154 197 255 190 255 255 211 255 247 255 101 16
    255 155 255 255 255 255 255 147 140 87 153 235 151 255 98 100 255
    255 255 255 42 255 191 255 55 255 70 255 255 255 164 214 255 255 192
    93 139 168 255 94 255 54 117 255 235 255 125 236 87 163 4 255 185
    240 17 70 105 215 255 30 230 255 255 211 252 105 255 80 191 70 54
    201 9 255 255 255 51 105 196 235 23 160 255 75 255 108 194 153 99
    135 68 255 32 141 0 119 255 108 255 255 77 68 190 255 233 255 168
    255 147 255 149 28 255 170 255 255 212 255 255 255 255 255 255 255
    73 172 179 255 255 6 140 0 179 77 255 255 131 255 9 98 147 255 255
    255 255 255 116 255 20 255 255 255 255 255 1 255 255 243 244 75 89
    33 255 3 16 255 255 95 255 255 255 255 153 255 255 83 40 139 255 100
    255 255 16 138 48 166 255 255 100 43 255 121 255 255 119 113 255 82
    255 255 23 255 194 123 255 95 255 183 255 231 64 235 255 255 235 255
    104 87 255 255 255 11 139 58 65 255 255 255 255 125 187 255 255 255
    255 255 42 255 255 255 132 128 255 255 22 255 62 210 170 151 169 255
    255 255 117 255 150 166 255 246 152 255 255 255 104 235 255 96 60
    255 255 255 255 0 12 44 255 255 110 255 155 255 255 19 255 255 147
    255 255 255 144 255 106 77 255 241 12 19 143 196 255 255 156 87 17
    11 124 48 58 164 255 53 126 134 109 255 172 255 234 255 130 255 52
    255 211 255 140 11 143 255 255 255 228 215 74 175 255 22 255 255 200
    67 57 115 37 79 217 255 87 210 255 255 28 89 255 255 172 255 242 128
    220 255 138 255 74 54 83 255 255 175 255 255 255 171 95 255 255 203
    255 102 255 215 206 255 26 195 100 255 51 95 211 171 255 100 69 255
    196 122 21 255 204 255 228 255 207 255 255 200 255 143 65 255 255
    255 255 150 54 21 114 255 126 104 255 19 246 255 255 214 255 255 66
    255 245 195 198 255 255 255 255 179 255 183 255 196 26 208 255 255
    44 184 255 220 255 203 76 255 2 213 116 205 255 140 255 179 46 255
    255 124 64 130 116 255 80 208 117 9 196 255 191 255 255 255 255 255
    255 255 255 20 21 255 79 255 13 255 128 62 255 255 255 226 177 255
    28 19 141 255 226 166 137 26 255 220 168 255 99 165 255 67 46 247
    112 255 64 176 255 255 22 138 8 255 255 255 255 74 255 64 255 73 194
    255 255 175 255 255 213 75 19 255 138 64 136 254 255 243 255 255 255
    158 177 143 255 255 127 255 255 162 205 141 255 255 255 255 255 255
    220 255 57 125 255 226 255 214 60 181 159 55 99 255 249 200 255 100
    255 102 226 139 255 60 19 255 113 230 49 85 255 255 207 226 255 151
    235 255 224 157 140 60 1 102 81 25 184 255 255 255 255 139 156 139
    127 255 117 57 255 115 64 255 254 187 187 255 121 255 200 255 203
    255 35 56 128 6 130 179 112 79 192 146 98 255 255 240 28 255 170 255
    255 149 255 255 151 245 255 210 147 50 96 255 255 210 255 93 201 158
    162 255 255 63 49 13 152 221 66 236 54 100 255 255 60 222 255 126 13
    142 4 255 84 87 213 255 205 163 14 171 58 158 255 255 255 255 188
    255 255 31 255 209 9 255 255 204 228 255 50 68 255 216 7 255 48 255
    247 89 255 255 101 116 62 255 255 68 36 255 255 7 255 255 255 205
    255 195 255 17 216 82 255 255 105 154 255 25 85 208 67 255 39 255
    200 255 217 255 146 165 255 227 60 109 9 255 255 255 144 255 146 165
    77 55 151 166 130 193 255 86 255 26 255 32 158 12 224 255 255 255 19
    130 193 171 35 112 38 225 255 154 54 98 255 201 173 255 54 255 188
    178 189 245 255 215 255 227 203 255 203 255 96 15 255 255 227 44 255
    122 255 202 166 255 30 137 255 186 13 255 255 214 255 255 255 255
    255 105 255 255 99 152 255 222 89 179 139 28 255 175 103 255 208 236
    9 204 255 213 255 180 149 23 255 28 67 255 117 71 138 255 169 255
    202 175 255 255 207 9 81 255 255 255 255 0 45 255 255 255 101 214
    255 169 255 255 255 215 60 255 131 255 165 255 77 156 98 11 124 116
    124 255 189 255 70 255 255 47 255 213 143 255 17 185 255 255 20 128
    237 108 255 255 239 68 147 255 255 255 255 255 168 32 251 19 6 255
    13 31 47 209 122 255 255 190 135 4 52 255 255 127 121 255 255 152
    255 255 39 255 255 255 255 64 255 115 238 255 255 225 255 62 255 255
    49 69 255 30 172 255 124 255 96 168 159 11 173 255 75 255 156 255
    255 255 7 55 255 142 166 190 255 255 254 89 255 255 107 255 139 231
    190 200 255 255 4 255 43 17 210 255 225 255 255 13 255 213 10 210
    255 243 77 24 157 14 255 249 255 255 47 255 255 20 255 239 213 74 87
    122 117 26 111 242 255 12 255 255 255 255 11 255 255 255 19 173 121
    255 53 255 61 140 166 58 255 255 122 255 255 79 75 145 255 170 255
    255 255 255 149 255 28 7 255 183 118 110 58 255 240 255 219 46 255
    87 58 11 122 158 219 255 214 255 34 186 32 211 214 73 74 222 255 190
    255 96 200 61 202 176 255 19 12 255 254 255 255 255 255 255 168 15
    255 255 13 255 255 48 74 147 19 138 255 255 255 136 255 255 255 255
    212 222 31 255 255 255 255 132 255 255 255 255 249 255 255 255 168
    230 30 255 185 255 255 204 18 255 57 180 255 255 255 255 13 124 126
    163 255 255 255 117 255 220 217 255 181 224 232 117 203 49 255 152
    255 172 177 198 106 200 255 226 189 40 3 81 255 19 255 41 255 255
    255 9 154 87 245 255 255 201 255 255 127 255 160 206 72 57 255 100
    255 89 224 255 239 255 215 54 16 136 3 255 251 255 212 255 140 138
    255 96 255 170 255 255 55 255 255 92 23 255 173 150 212 58 255 39
    158 187 86 255 26 255 164 255 255 255 128 255 72 235 11 255 232 255
    255 85 39 168 243 201 255 83 182 255 255 138 255 58 255 181 71 144
    255 207 255 247 188 255 255 255 207 0 255 238 255 255 255 255 136
    168 255 255 255 255 255 249 58 128 255 75 255 255 255 255 255 255
    168 131 115 242 255 255 48 255 92 255 255 24 50 255 179 147 255 255
    29 255 41 147 54 255 255 170 255 255 255 177 255 173 126 252 75 255
    82 18 8 255 255 47 0 193 41 77 82 255 230 255 219 90 212 255 255 67
    255 206 255 255 255 189 255 204 102 255 255 177 175 143 255 90 214
    255 255 255 255 255 181 255 205 254 255 255 255 4 13 255 255 255 255
    187 255 255 130 160 35 75 237 185 255 247 77 255 255 127 152 34 178
    37 255 184 249 83 120 255 55 214 163 87 255 198 130 4 46 255 243 26
    255 255 255 255 149 255 254 227 255 102 92 39 75 230 255 183 255 175
    192 36 255 57 248 19 113 69 224 255 185 255 168 255 255 24 6 5 241
    255 255 255 139 187 255 201 255 255 176 255 255 0 65 255 98 255 255
    69 229 255 211 255 207 9 7 255 104 214 255 255 255 183 255 156 41
    243 255 255 238 63 90 227 255 255 120 149 26 226 255 249 51 255 235
    255 238 234 255 255 255 166 255 6 188 75 104 155 19 255 197 77 117
    64 54 66 48 49 255 203 182 255 255 144 255 134 44 81 12 255 255 166
    255 255 150 215 255 163 255 205 149 255 40 255 255 192 106 255 0 38
    255 255 152 255 185 255 255 255 26 88 255 207 221 23 51 255 255 52
    255 75 26 255 255 255 12 9 98 7 102 114 151 255 45 255 17 98 189 255
    22 112 179 255 255 255 166 42 111 255 255 255 156 255 149 34 255 96
    255 255 255 255 255 255 255 255 85 255 208 255 255 182 255 168 255
    134 9 233 70 191 255 156 51 203 45 255 149 255 255 255 77 206 86 255
    255 255 255 255 47 94 149 7 51 197 219 255 166 255 28 134 119 164 38
    49 62 255 255 255 67 182 43 13 98 255 254 251 188 4 255 136 255 255
    45 210 105 11 255 28 255 6 255 53 255 128 255 255 255 255 255 255
    255 35 135 111 255 255 255 249 4 43 255 219 17 17 44 209 255 131 11
    69 255 109 255 26 255 235 79 47 255 88 136 219 208 255 34 60 255 255
    255 255 255 81 166 255 84 255 102 191 43 230 138 79 95 215 255 15
    255 255 156 138 62 128 4 255 252 28 149 42 255 213 102 11 41 1 255
    255 255 154 183 255 179 222 255 201 51 230 119 255 255 255 255 255
    79 11 195 161 255 45 255 200 153 229 171 255 93 38 243 255 255 175
    255 43 182 67 255 22 215 255 162 255 6 226 255 255 222 114 34 127
    255 100 255 255 175 31 210 188 255 255 255 130 255 255 255 177 62 85
    196 255 255 255 255 98 255 255 251 255 255 255 247 186 255 40 30 15
    255 255 50 117 164 128 144 255 255 231 255 141 255 185 77 89 255 233
    210 255 255 47 203 217 123 170 255 255 92 121 255 255 255 14 255 255
    255 151 60 7 255 255 255 255 252 255 198 255 255 160 254 9 255 86
    222 255 182 255 255 214 255 255 61 5 255 168 5 255 67 137 255 163
    255 255 255 255 109 255 79 58 255 255 255 213 21 255 16 255 8 22 110
    109 160 244 255 255 255 237 207 37 255 79 255 255 255 19 255 255 200
    8 255 33 141 172 255 230 181 255 122 128 255 255 34 255 255 102 147
    255 255 67 255 1 11 255 150 103 102 122 9 255 139 189 255 255 224
    207 82 249 255 211 12 160 1 109 139 86 21 94 216 255 255 73 255 115
    175 252 190 255 255 255 34 77 185 233 255 255 162 49 255 13 117 55
    137 95 255 89 255 255 73 255 175 117 93 124 106 255 255 255 196 207
    10 54 188 143 149 255 255 177 40 197 4 255 147 172 73 229 236 122 23
    255 40 255 255 255 16 49 255 4 173 255 255 233 55 255 173 255 255
    255 255 255 121 51 6 255 9 25 255 226 255 255 255 105 159 217 152
    200 138 255 255 255 211 219 0 61 26 43 255 255 255 214 201 194 191
    255 130 42 255 30 207 179 255 55 123 255 255 255 38 219 255 124 214
    255 209 66 255 255 122 255 255 255 255 181 163 255 81 251 255 21 87
    255 255 255 158 255 92 255 255 172 72 102 255 255 2 255 91 130 194
    58 94 232 255 60 255 255 62 255 177 255 51 255 255 50 198 70 66 255
    85 15 255 77 32 100 255 172 255 215 255 116 241 122 255 239 255 255
    255 255 255 255 120 172 64 92 255 136 255 255 75 45 98 255 12 255
    255 239 252 255 255 117 255 168 231 255 255 28 255 201 19 255 197
    255 245 55 255 255 77 255 6 225 32 255 89 86 141 104 255 75 35 255
    73 44 255 228 255 255 11 150 255 171 19 67 255 255 255 255 254 255
    255 109 229 124 226 231 79 12 200 255 217 255 255 47 152 255 255 114
    28 255 255 122 255 249 166 255 255 254 255 35 255 255 255 255 182
    255 255 181 79 255 147 133 255 255 103 255 98 255 158 222 255 154
    210 187 57 255 255 211 198 255 255 255 144 255 255 240 255 255 255
    126 255 255 55 122 255 255 83 158 255 98 255 0 67 255 2 140 255 4 0
    154 255 172 18 255 206 255 255 117 88 255 206 240 255 248 88 226 173
    255 105 255 255 255 230 255 49 220 255 255 200 19 132 96 255 130 17
    82 255 211 255 255 178 205 66 47 255 38 255 255 255 255 255 255 255
    14 186 140 67 255 235 255 255 208 255 111 47 255 252 52 255 119 105
    255 43 28 255 58 255 255 8 255 255 255 171 255 255 69 198 36 187 233
    207 255 255 85 111 233 73 71 149 79 34 255 92 255 255 255 131 103
    255 255 255 255 255 110 255 255 135 255 191 219 132 38 231 255 217
    255 124 239 107 234 255 255 6 241 255 255 211 196 104 99 214 255 10
    18 255 252 228 147 255 142 255 227 58 55 255 255 68 121 5 255 112 63
    77 69 255 255 255 103 102 203 255 255 48 81 121 187 180 255 255 255
    58 77 117 217 92 221 255 111 25 255 168 70 255 255 255 255 79 255
    255 255 255 222 41 103 255 173 255 255 251 103 255 203 117 203 176
    82 252 236 255 255 134 247 217 35 255 255 217 186 255 19 255 255 255
    170 60 255 255 124 252 255 255 136 74 255 255 77 215 175 194 255 217
    145 200 255 255 254 255 255 200 35 242 2 255 67 255 15 249 23 133
    255 55 102 255 245 255 255 255 255 255 255 200 11 255 20 12 255 29
    255 255 201 11 179 246 255 255 255 86 43 255 255 179 61 231 255 182
    255 255 255 200 139 225 201 196 206 255 255 255 255 255 255 177 255
    87 184 243 44 0 255 255 255 255 255 186 98 255 255 102 197 149 105
    222 255 255 229 255 70 67 193 255 12 222 255 255 255 255 255 149 6
    255 161 132 157 255 43 255 82 255 178 255 215 187 165 255 217 28 255
    15 255 87 204 149 111 10 74 255 29 37 255 255 255 111 17 255 217 64
    77 77 159 56 255 255 53 196 217 200 255 255 165 255 255 182 38 255
    255 170 255 255 171 255 255 255 128 255 202 29 255 255 1 255 255 255
    119 255 195 65 100 169 212 255 217 255 55 239 112 6 225 137 255 140
    75 24 255 255 255 255 255 28 80 142 255 255 255 237 140 228 117 9
    210 200 152 255 255 248 255 255 255 255 255 173 255 255 255 255 255
    249 75 255 63 255 255 64 210 26 136 255 32 80 56 255 104 54 255 255
    172 255 255 249 255 255 255 255 10 126 255 245 107 255 3 30 241 255
    105 192 47 229 255 45 255 255 29 236 164 255 172 247 152 240 255 31
    46 255 134 149 185 10 163 57 52 170 185 89 89 171 255 151 26 255 208
    255 118 194 168 255 198 230 99 255 255 165 255 53 208 255 255 255
    179 194 13 255 9 255 255 255 204 255 196 252 37 255 232 126 164 93
    255 90 219 255 104 139 255 255 255 255 255 130 255 132 16 163 4 214
    58 255 152 214 255 146 255 92 98 255 17 48 16 255 23 32 28 255 163
    255 69 35 175 6 255 64 255 96 124 255 255 147 70 255 28 6 51 255 255
    255 255 41 255 255 255 255 15 165 255 255 160 247 177 23 255 255 200
    121 198 136 217 255 255 2 122 115 219 255 191 219 168 139 70 255 166
    18 32 104 44 89 36 46 255 227 117 255 255 255 21 255 49 255 146 154
    255 47 191 255 255 255 255 76 184 255 64 56 255 255 191 98 255 163
    215 95 255 190 12 255 171 115 21 255 255 124 230 245 5 255 60 255
    255 194 255 9 130 33 255 99 194 255 236 131 255 4 255 255 255 152 81
    227 25 53 71 255 255 61 255 75 255 88 255 34 84 255 29 51 255 48 255
    255 255 255 132 255 255 255 230 180 255 10 255 255 172 112 255 89
    144 115 255 219 21 255 255 219 57 255 255 29 93 255 255 255 179 19
    172 185 255 255 255 255 255 255 165 137 164 255 135 92 255 255 213
    255 182 255 89 194 36 255 255 255 251 255 234 179 102 255 1 98 175
    36 255 43 61 221 94 249 255 186 36 18 255 241 51 255 246 33 11 223
    23 255 255 255 121 255 255 255 255 255 226 73 33 21 41 255 255 92
    255 40 255 235 255 255 255 255 181 179 181 255 255 49 102 255 211 83
    255 73 89 255 55 255 236 100 208 79 255 248 53 26 255 182 255 146
    208 200 211 135 255 255 255 60 255 255 217 41 255 166 235 255 255 4
    255 255 1 23 255 131 145 255 87 49 255 226 42 147 217 255 255 79 255
    255 147 228 255 255 255 136 109 255 255 171 191 11 255 255 49 165
    255 249 255 255 255 255 63 87 210 159 220 255 247 232 66 255 119 39
    255 194 82 75 255 39 4 124 248 81 47 255 255 255 255 255 255 156 14
    255 255 14 75 255 133 255 179 255 60 175 255 255 255 5 149 44 255
    213 3 168 255 67 39 23 255 255 255 160 137 104 255 255 228 120 255
    255 38 255 166 248 255 255 255 255 198 67 255 245 178 255 255 255
    121 147 255 255 255 255 255 255 236 255 255 175 194 255 114 145 81
    255 255 254 152 107 255 31 123 73 255 255 215 191 172 255 255 255
    255 12 35 47 141 255 17 255 40 17 255 100 77 152 68 230 171 255 255
    216 193 255 255 158 153 255 255 38 64 137 98 219 255 156 166 16 188
    96 251 190 255 159 19 230 161 255 230 63 81 140 255 255 64 114 255
    255 255 255 90 255 255 171 255 255 38 255 255 255 228 237 255 255
    255 207 79 255 86 255 255 178 255 255 67 255 147 70 212 175 166 233
    255 255 105 255 157 255 255 156 46 255 255 255 255 255 200 255 20
    255 4 63 255 255 36 180 255 220 255 200 82 255 255 255 255 255 242
    244 255 241 49 51 143 255 51 23 255 8 141 133 255 255 255 255 22 93
    209 255 221 255 108 224 239 42 255 255 208 255 87 208 255 255 255
    255 102 15 130 185 192 255 36 99 133 224 74 251 117 82 255 255 20
    219 247 139 242 177 32 255 255 32 7 143 102 255 255 1 128 255 195
    255 70 222 219 128 70 147 0 169 255 230 255 60 113 130 109 255 255
    175 219 79 255 241 105 255 255 255 226 132 120 147 255 157 54 77 255
    255 171 211 110 138 192 255 255 52 255 255 15 255 255 6 240 228 255
    53 145 63 255 222 241 53 13 255 88 232 255 255 96 136 82 255 80 172
    241 60 189 255 85 126 8 85 254 105 191 244 64 255 255 255 146 255 19
    95 255 255 230 255 151 159 255 255 255 255 151 255 105 255 255 255
    62 101 138 66 17 255 255 225 255 58 125 255 75 255 255 255 255 255
    32 120 46 255 255 255 255 159 165 255 255 212 255 201 255 255 255 46
    255 66 95 255 255 203 255 150 5 166 201 224 72 23 255 230 194 77 255
    255 154 255 19 255 255 255 255 255 182 255 26 255 2 255 246 229 255
    3 77 9 157 255 255 102 255 196 255 255 124 90 79 220 83 255 121 255
    2 66 255 255 255 210 255 255 255 21 255 19 255 255 83 175 255 121
    177 160 182 72 255 255 255 126 106 255 255 159 255 252 255 96 68 188
    255 36 139 255 58 17 130 170 251 251 255 45 255 104 159 180 255 255
    255 70 7 4 255 175 215 255 61 154 47 25 255 255 26 205 156 146 219
    164 255 91 255 166 194 255 85 16 255 246 147 255 255 58 255 255 255
    102 255 255 255 190 40 87 255 208 255 17 53 255 121 159 4 233 255
    234 255 255 255 0 214 200 255 255 255 207 255 68 255 135 255 255 145
    255 15 252 255 255 255 200 255 131 11 255 255 255 178 255 255 255
    255 85 254 138 255 255 25 203 133 187 40 255 255 255 198 89 134 25
    255 239 255 77 17 157 255 181 159 91 255 112 156 126 10 255 255 255
    212 209 34 9 255 255 16 255 12 255 255 96 142 255 118 255 255 29 208
    38 26 28 255 57 255 6 73 224 207 217 177 255 13 255 66 255 11 222
    140 255 255 28 215 87 155 130 255 157 255 255 255 100 102 255 91 228
    255 255 198 51 63 255 22 166 255 19 251 220 233 255 130 255 161 255
    255 219 222 206 221 83 131 179 255 104 255 200 166 88 41 1 37 235 39
    255 255 255 255 255 42 255 17 140 77 255 255 63 215 232 207 255 255
    152 53 179 63 51 255 215 47 255 255 188 255 161 213 36 247 255 255
    221 81 159 255 255 79 147 255 252 191 154 130 105 192 255 255 209 61
    114 255 222 163 255 238 249 72 155 255 134 255 255 255 220 255 34
    255 138 255 255 133 105 255 255 255 255 117 60 192 159 145 255 215
    105 69 88 132 93 208 60 182 255 194 76 25 203 255 255 255 44 184 255
    89 137 255 90 16 170 255 255 98 106 255 255 255 255 255 255 255 64
    255 126 255 255 95 239 67 255 255 255 177 102 200 255 226 124 212
    255 66 4 255 255 217 55 127 205 13 146 186 186 251 26 168 255 117
    255 101 255 255 125 255 255 255 81 124 252 255 196 39 109 255 20 112
    149 255 255 89 255 255 162 201 103 17 15 255 15 219 255 228 190 255
    90 207 109 255 255 255 255 236 170 255 4 9 92 255 110 255 156 255
    255 208 39 113 220 95 85 255 255 124 114 215 252 32 255 153 255 19
    13 255 255 235 156 221 255 255 123 255 98 16 255 22 51 255 25 49 139
    168 30 255 255 196 255 255 255 105 12 75 213 197 152 255 4 255 160
    31 255 255 211 61 162 160 179 255 63 255 156 140 255 255 152 163 104
    255 46 255 255 79 255 198 255 2 255 14 255 54 255 136 0 84 192 255
    32 147 118 79 111 122 247 255 178 40 255 241 255 255 255 196 158 255
    255 219 235 228 230 35 228 51 92 255 117 34 255 57 255 238 255 95
    255 255 251 255 255 255 173 255 153 58 255 17 82 255 217 126 255 34
    186 9 48 173 139 111 172 255 227 58 255 136 255 241 255 54 255 3 255
    175 108 212 243 168 238 30 102 212 173 99 255 41 255 67 255 124 255
    255 255 158 132 63 255 55 255 166 192 255 156 235 255 255 134 255 84
    255 114 121 255 150 32 255 255 255 255 207 215 121 86 255 255 255
    255 237 114 23 255 179 255 154 255 233 141 90 103 255 255 158 255 31
    255 255 219 61 117 115 96 222 176 255 255 255 255 160 69 119 255 36
    255 41 4 67 255 255 102 255 117 161 255 236 149 70 134 142 255 239
    255 255 139 255 255 99 255 235 178 255 66 255 158 64 26 255 255 80 4
    239 15 205 15 104 28 17 80 7 255 120 212 215 245 19 255 60 255 143
    255 255 255 255 109 255 255 200 94 131 219 255 15 255 254 255 112
    255 90 228 255 255 255 34 179 123 255 139 0 72 222 217 0 255 138 202
    171 32 164 64 255 255 146 255 143 93 240 255 39 255 255 236 252 255
    242 255 23 3 156 255 124 144 237 64 255 255 255 255 119 255 137 105
    171 207 255 61 255 51 63 54 132 220 255 175 176 205 183 173 2 8 255
    255 4 192 255 255 134 145 252 223 98 40 121 236 190 233 47 226 112
    142 90 76 255 219 255 255 194 95 244 239 159 142 255 173 103 255 255
    255 255 255 173 55 69 88 0 141 194 15 179 255 252 172 200 60 222 255
    55 128 215 254 125 145 2 255 219 255 255 32 249 255 255 252 131 255
    255 108 23 47 203 255 255 169 21 255 66 255 237 52 255 66 44 224 255
    70 130 141 255 200 255 76 105 41 101 255 255 255 133 255 39 7 255
    225 255 141 92 151 255 140 68 138 109 255 255 229 255 255 82 255 255
    255 81 17 73 255 211 255 47 15 10 255 255 255 244 255 210 255 72 220
    255 151 192 116 230 99 255 255 82 226 255 139 242 255 255 161 255
    255 175 252 34 255 255 255 255 43 251 255 19 191 255 255 82 255 255
    219 255 117 121 215 255 194 142 113 131 255 181 255 124 166 255 255
    255 255 255 62 34 255 255 232 255 255 69 42 98 12 255 217 134 255
    117 236 255 255 255 33 255 9 255 113 101 117 255 160 255 255 179 186
    194 252 110 255 255 23 73 44 255 232 89 189 215 71 255 26 105 170
    255 147 255 100 243 219 0 130 255 255 7 255 255 255 255 255 29 198
    255 104 179 255 74 255 255 176 208 68 17 255 255 195 255 239 64 86
    211 248 179 255 93 114 81 226 255 255 255 255 36 255 255 255 255 255
    228 87 145 252 255 75 0 69 255 107 12 121 255 254 35 173 0 255 139
    152 26 121 156 255 255 255 255 139 172 255 255 226 100 70 162 255
    249 197 255 32 255 255 255 201 117 151 77 138 255 182 54 255 15 255
    255 48 228 255 76 158 60 229 255 96 255 255 19 166 255 255 255 7 255
    38 159 136 12 207 164 223 255 255 71 255 255 104 56 255 255 255 83
    86 61 226 57 98 255 93 255 72 67 193 77 255 228 11 136 0 255 4 255
    105 19 255 147 86 255 4 185 82 79 28 70 115 52 255 177 175 221 255
    157 205 255 217 172 255 80 255 255 152 166 96 50 114 66 248 165 255
    255 196 128 16 255 143 47 224 198 15 236 132 42 12 186 255 255 255
    54 255 124 201 96 255 7 18 232 117 255 90 255 255 255 238 149 113
    255 198 255 29 255 255 255 255 255 255 214 6 50 145 255 20 255 190
    71 165 145 111 255 255 25 255 255 165 255 255 255 255 60 181 198 235
    45 255 136 79 255 96 241 255 96 255 0 107 29 255 255 255 255 209 77
    219 30 232 255 255 124 75 255 105 255 255 0 214 255 255 255 15 255
    255 255 239 255 24 172 255 164 166 255 255 255 255 132 255 9 255 255
    21 15 213 255 255 255 65 147 178 196 255 255 255 255 130 255 143 248
    74 111 222 200 11 61 137 115 130 255 255 77 63 202 220 102 85 7 215
    139 179 255 255 213 255 81 207 255 255 255 255 211 176 170 203 63 75
    220 63 109 255 255 255 255 12 109 255 242 182 122 255 21 68 66 255
    255 255 161 251 118 4 255 255 56 156 7 175 34 255 40 145 89 187 255
    57 245 34 254 255 255 64 255 158 195 42 115 36 60 128 89 255 255 90
    255 151 140 255 255 12 255 252 17 147 255 216 168 255 133 51 255 255
    30 156 229 255 128 255 105 153 70 255 17 128 255 81 255 79 154 255 0
    122 255 203 173 233 255 6 173 255 255 255 255 255 255 135 255 4 131
    11 60 255 158 120 255 234 122 170 64 70 255 255 187 255 136 141 255
    196 122 32 255 255 201 111 255 74 255 58 217 6 236 147 85 48 255 45
    255 255 154 255 208 136 22 60 255 172 18 62 178 138 119 99 152 255
    101 9 181 255 255 255 162 255 81 255 18 255 255 180 255 141 255 202
    255 175 255 114 255 255 255 255 104 255 7 66 214 212 139 198 255 255
    20 255 15 255 16 23 254 63 181 255 2 124 162 255 255 32 255 255 66
    255 255 188 236 15 86 255 255 163 231 255 213 35 128 152 255 255 255
    255 255 9 46 72 204 121 219 102 159 243 255 255 255 121 53 105 219
    25 255 255 95 255 255 255 255 79 255 255 217 53 241 255 135 255 255
    200 255 195 28 58 15 219 8 155 107 219 42 203 255 255 255 11 39 100
    255 255 244 255 255 255 128 160 255 111 214 25 47 28 42 171 239 255
    255 255 32 255 239 214 34 219 255 102 3 255 173 255 88 255 52 252
    147 54 30 255 255 255 32 93 255 154 233 112 219 255 255 255 35 72
    255 255 235 181 255 255 247 255 0 255 255 177 126 118 255 166 122 7
    28 255 187 255 255 2 255 242 105 255 255 88 183 87 255 186 89 247
    202 109 142 255 184 255 255 255 165 255 66 255 207 52 42 255 242 107
    207 95 255 255 57 255 255 25 255 183 143 198 213 255 180 215 29 40
    98 235 177 203 255 255 234 249 140 255 239 172 255 136 19 255 255
    124 94 242 103 255 131 255 205 255 255 149 255 67 255 67 145 66 255
    138 211 51 103 255 31 255 70 74 49 255 255 255 255 181 75 215 98 255
    145 159 107 255 159 110 72 255 255 249 245 145 235 255 189 92 67 58
    192 140 165 255 25 79 117 58 179 255 160 21 249 248 255 255 79 56
    162 4 255 203 159 222 255 255 255 121 58 110 55 147 255 255 45 255
    104 127 255 255 70 255 224 20 255 255 255 255 100 47 255 79 7 119
    149 187 255 255 58 184 124 17 255 228 159 219 6 23 151 175 144 255
    255 92 255 255 255 193 255 255 95 255 235 255 255 115 163 255 255
    255 24 255 255 255 255 244 209 243 255 81 233 130 255 255 251 254 28
    58 255 85 226 255 255 255 255 255 130 255 178 255 170 3 255 143 213
    198 232 80 32 255 99 255 255 255 33 220 255 255 26 255 179 202 143
    128 51 54 255 11 255 180 36 124 107 255 52 255 255 169 116 255 76 39
    209 255 255 145 127 255 255 58 194 255 255 156 145 1 255 255 255 107
    164 243 124 162 255 242 15 255 255 24 125 255 255 223 255 241 255
    158 251 63 26 164 128 203 53 61 5 255 67 255 57 162 175 255 98 255
    255 219 63 255 48 65 154 255 255 239 83 158 255 63 107 115 255 255
    73 115 255 119 195 9 255 57 255 115 118 54 255 28 151 255 108 198 36
    255 89 255 210 255 255 255 49 173 255 255 255 255 170 45 149 255 219
    157 184 255 79 255 255 241 44 255 13 196 126 111 255 255 255 117 255
    85 4 190 255 255 58 241 255 19 152 255 255 220 255 255 61 255 255
    134 37 255 255 255 255 255 255 89 144 255 255 168 39 85 22 255 43
    255 240 28 25 189 47 106 135 124 13 255 111 35 255 255 255 255 8 92
    255 126 28 255 202 255 255 160 131 194 255 70 255 232 255 255 85 197
    145 126 77 154 217 156 255 254 255 47 255 192 221 255 166 9 255 32
    26 38 137 170 255 255 54 255 255 96 230 255 158 255 162 0 139 255
    110 117 134 18 255 120 166 90 255 32 255 171 242 132 22 255 255 106
    68 239 146 249 255 7 201 255 255 255 72 141 26 255 114 255 36 108
    255 255 60 255 21 248 72 156 57 179 255 251 255 11 171 144 85 208
    229 162 255 255 255 147 255 255 74 255 255 111 255 72 153 49 245 255
    255 255 176 194 255 29 255 21 243 102 255 255 144 255 255 255 255
    176 255 255 39 49 255 156 255 62 230 93 255 6 203 83 255 138 255 227
    255 255 101 255 255 117 72 255 255 168 24 255 228 77 208 110 255 255
    200 255 255 156 66 137 212 49 98 166 255 141 255 255 255 255 255 108
    165 105 233 255 160 182 255 255 13 187 149 195 255 252 66 255 255
    255 255 224 166 32 255 4 255 158 160 249 209 255 25 181 255 2 255 63
    215 207 114 60 255 255 161 87 169 49 255 3 242 117 255 255 151 255
    255 255 255 173 255 255 255 235 137 147 255 99 53 109 255 255 255
    255 255 251 143 60 139 255 255 89 255 255 255 255 255 255 0 255 164
    3 65 255 255 32 255 255 255 255 255 198 8 187 255 255 66 112 11 255
    255 98 255 255 255 255 255 251 57 200 255 255 196 255 255 255 252
    245 228 151 245 144 255 223 54 255 73 255 255 245 255 255 233 224
    255 255 47 255 194 255 255 248 63 255 136 255 255 172 84 252 38 82
    255 63 255 32 255 255 30 179 180 255 222 255 255 242 182 183 255 217
    255 249 255 255 147 236 255 255 186 255 70 16 207 173 121 104 255
    255 255 3 205 156 206 11 255 255 170 255 255 255 255 255 255 198 31
    158 181 147 233 72 192 60 190 141 42 77 51 193 255 255 255 255 181
    131 255 255 168 255 255 109 143 89 184 203 150 255 207 255 109 143
    255 74 77 29 255 47 214 217 160 255 255 6 255 229 255 241 255 145 48
    96 255 70 255 192 7 116 147 255 117 255 179 184 255 222 198 40 255
    42 255 203 247 177 255 255 255 251 12 255 214 249 255 255 100 13 101
    255 190 255 255 255 117 159 224 255 255 213 255 252 255 255 255 224
    255 67 55 166 161 255 208 255 219 255 255 255 255 140 136 246 19 255
    80 240 255 4 33 255 252 255 255 93 201 15 35 255 122 52 208 255 255
    255 255 255 255 255 3 203 255 149 255 32 41 255 190 95 2 217 176 21
    255 255 255 255 220 215 255 214 93 255 124 65 255 79 56 94 191 238
    255 255 255 255 160 255 255 38 255 121 39 81 190 54 130 181 34 151
    255 243 255 255 207 255 255 111 198 139 255 30 255 184 255 158 255
    131 113 242 255 243 255 196 190 95 255 255 122 91 75 92 215 255 55
    74 255 255 151 94 85 175 255 255 60 255 230 16 255 213 228 19 255
    208 255 156 255 255 213 151 207 32 63 43 255 255 49 101 182 255 152
    165 255 255 255 245 255 255 255 255 25 213 255 109 8 246 255 230 255
    200 255 255 255 121 255 221 255 178 222 96 118 137 203 157 255 255
    144 25 83 201 198 255 121 221 255 223 205 219 255 251 175 48 255 237
    255 255 255 206 255 255 166 255 255 213 49 109 255 240 196 157 236
    255 227 255 255 71 182 202 207 201 255 3 255 255 121 119 215 150 255
    255 222 170 255 255 131 255 41 238 255 255 226 255 90 112 255 255 30
    255 137 144 241 73 77 255 255 255 255 204 215 117 255 173 2 230 255
    255 252 255 255 255 255 207 255 142 255 255 88 255 255 255 255 25
    145 19 25 255 220 255 77 153 23 138 166 255 255 255 252 142 255 255
    159 255 13 255 192 235 255 179 70 255 15 255 145 255 169 255 149 166
    255 255 115 255 255 255 182 6 9 32 255 159 255 188 206 255 255 16 81
    255 255 114 255 255 245 255 255 67 255 255 77 255 236 72 255 169 147
    162 239 255 255 173 255 205 187 205 255 124 238 255 207 255 32 17
    156 230 61 255 255 197 255 83 255 42 217 99 247 160 190 255 168 118
    112 255 152 255 255 12 255 255 117 229 90 85 255 102 147 255 255 175
    142 94 71 123 156 230 255 36 93 144 252 255 11 255 255 255 213 239
    255 222 92 184 211 255 12 198 255 214 113 255 88 147 223 93 255 34
    58 255 206 65 164 31 255 255 255 49 111 238 255 255 214 189 136 109
    147 255 109 9 200 248 255 149 10 105 19 51 47 68 255 81 136 165 255
    209 255 126 255 208 255 2 255 255 17 105 123 211 125 151 168 255 255
    247 255 255 255 255 212 255 130 79 68 162 84 81 255 170 255 255 255
    255 255 255 247 255 205 237 16 255 232 255 255 222 101 255 115 255
    255 209 255 255 255 255 255 136 255 91 255 143 255 255 118 128 179
    166 255 228 243 255 255 99 193 255 90 144 255 255 49 255 96 149 255
    255 255 255 176 221 255 52 123 255 50 255 154 243 184 151 71 219 158
    80 53 49 255 186 255 63 255 75 134 193 255 12 2 255 128 133 255 219
    156 255 172 255 255 74 255 105 85 103 255 255 130 200 255 116 255
    147 255 255 182 251 255 255 228 255 155 42 34 44 255 255 255 215 70
    6 37 255 255 179 255 52 98 94 255 114 55 96 196 255 0 39 255 242 5
    255 73 61 255 255 255 55 255 255 255 255 191 255 255 238 239 255 102
    122 252 114 255 176 173 230 255 255 255 182 255 255 187 228 138 120
    255 13 255 203 255 157 255 255 255 98 255 150 81 198 185 255 255 83
    236 255 201 255 15 191 180 90 255 184 15 255 255 224 7 255 255 255
    255 255 139 255 255 45 74 255 255 247 255 52 187 255 255 255 255 136
    63 255 42 105 23 255 221 53 35 32 222 255 116 255 54 255 122 255 56
    26 255 159 160 157 255 8 255 255 255 236 255 117 255 255 255 168 255
    207 121 49 255 185 152 143 6 255 255 175 255 255 140 255 147 203 255
    198 54 255 226 203 140 132 31 255 188 51 255 81 172 255 241 12 103
    255 241 26 255 255 137 255 255 200 143 159 255 188 232 255 255 255
    255 255 1 186 139 178 255 255 143 126 17 141 74 255 255 255 255 255
    70 255 134 255 255 179 21 60 241 255 215 182 255 124 210 154 255 255
    255 255 152 42 11 255 184 151 105 255 145 137 255 21 32 255 255 60
    255 41 255 255 255 255 255 196 115 107 255 87 255 255 80 72 234 255
    12 251 248 130 151 187 135 122 255 255 255 255 51 217 125 89 255 114
    255 255 69 255 255 255 255 158 175 163 255 255 255 255 163 255 255
    255 70 104 255 161 255 255 255 154 227 191 255 255 255 4 255 39 255
    7 142 255 36 255 255 58 255 255 208 110 75 255 117 255 255 255 237
    255 255 90 96 140 92 255 84 255 255 255 149 255 201 255 245 168 147
    255 138 160 220 255 73 255 70 162 255 255 255 255 255 126 93 126 107
    242 137 2 248 255 213 255 236 38 34 130 60 255 255 235 179 255 255
    194 128 255 169 18 255 213 226 219 31 255 55 255 35 255 36 107 64 12
    74 181 210 255 194 67 23 255 140 114 186 137 255 151 255 255 136 255
    255 255 197 255 145 236 39 255 255 156 70 225 255 255 214 30 255 31
    255 255 169 177 55 243 82 79 71 91 4 254 255 255 87 54 255 184 255
    55 168 93 45 254 235 254 255 255 154 251 255 2 184 255 4 251 140 85
    125 168 255 44 170 188 73 68 255 255 140 255 255 255 173 255 191 220
    255 91 255 239 123 255 67 95 160 101 93 255 19 128 170 255 255 255
    255 236 119 255 255 255 255 149 255 255 255 89 38 19 247 222 187 75
    255 255 89 249 245 235 255 255 255 251 255 255 117 65 166 255 184
    255 128 175 255 98 255 255 255 142 255 95 138 255 47 255 255 108 255
    255 54 217 156 241 255 196 13 11 158 223 58 222 191 37 64 255 255
    143 165 96 255 122 255 255 243 53 255 194 255 202 255 255 255 255
    255 60 48 205 255 19 255 255 255 255 98 34 53 186 194 255 107 152
    191 255 255 21 255 178 255 255 255 255 255 28 184 255 249 147 226
    255 255 115 176 255 62 137 0 11 246 32 234 74 91 255 175 145 255 118
    79 255 159 135 215 51 194 254 255 77 90 255 255 58 255 133 255 227
    23 186 173 2 211 22 130 255 104 255 255 255 95 255 239 255 90 39 53
    255 106 242 255 255 255 124 73 255 40 149 255 136 220 156 96 255 255
    255 211 109 249 255 255 255 28 212 153 61 255 8 252 102 17 255 35
    255 115 121 224 255 82 139 17 219 255 255 30 92 255 255 255 51 255
    255 157 255 43 255 23 249 255 214 255 172 75 228 254 255 220 187 112
    177 255 68 255 168 109 115 255 231 255 168 187 245 255 25 49 192 255
    224 61 12 255 118 255 255 232 91 98 255 255 251 34 255 105 61 255 64
    255 221 68 44 177 255 255 247 185 181 121 145 255 255 255 255 166
    198 255 228 168 168 123 255 147 217 98 127 51 89 117 14 143 184 23
    170 208 26 64 176 42 134 255 255 122 17 228 255 255 144 255 45 214
    255 255 74 255 255 255 255 152 255 255 255 163 255 120 255 255 255
    255 241 255 151 45 255 255 251 246 255 255 255 255 92 255 255 209
    206 255 40 181 255 55 204 231 13 7 40 255 255 205 47 77 255 255 225
    28 139 15 26 196 179 61 255 60 255 138 255 255 136 249 30 255 89 255
    255 76 12 255 109 255 130 255 255 207 190 205 255 255 255 115 255
    255 255 71 222 158 207 255 109 179 255 164 120 142 113 255 68 83 25
    151 255 255 189 255 255 255 92 246 112 151 255 51 255 255 180 149
    108 74 255 255 255 255 93 187 143 34 47 255 255 173 255 187 100 245
    239 255 255 76 255 255 3 255 255 255 238 170 111 116 255 71 255 255
    255 255 156 57 255 145 70 54 255 255 255 247 255 21 255 124 47 109
    255 140 255 64 201 255 69 255 249 255 255 255 125 53 255 71 255 166
    255 255 255 176 105 255 166 35 255 255 16 57 93 255 255 95 251 207
    255 255 55 124 255 6 47 244 209 146 255 255 255 138 141 67 84 255
    255 133 255 255 21 255 131 173 255 181 54 75 227 255 255 181 60 255
    255 244 198 255 68 255 245 255 128 92 255 255 85 255 153 51 236 255
    36 255 255 55 182 239 89 255 151 169 0 145 173 255 255 76 103 247
    163 156 237 255 255 255 127 251 255 255 255 94 69 255 73 178 28 104
    255 4 41 255 255 255 105 254 255 35 119 255 255 255 186 99 189 124
    255 53 255 255 170 255 26 255 143 255 77 138 225 89 255 42 173 94 58
    255 145 146 200 158 210 255 255 232 255 17 252 255 255 118 67 255 19
    247 90 197 255 255 57 30 149 76 82 124 168 156 72 115 173 40 213 255
    255 255 40 255 32 255 196 255 255 183 176 79 130 255 255 255 255 172
    255 255 255 255 54 255 255 255 255 255 120 98 209 238 2 255 117 187
    96 127 255 55 255 255 255 184 149 255 61 255 255 4 149 255 159 25
    255 255 44 255 255 84 255 58 247 249 20 124 134 162 255 255 90 207
    130 236 175 83 255 42 158 255 100 241 255 39 255 23 255 255 90 152
    255 20 96 166 216 255 202 90 255 255 58 255 255 204 255 143 219 255
    255 92 255 179 77 26 255 80 255 121 181 98 164 173 247 164 163 255
    255 255 255 255 226 255 162 112 79 255 118 221 194 125 255 194 90
    255 4 204 203 160 255 119 119 214 119 255 242 70 255 255 255 119 162
    173 19 181 255 203 86 47 255 222 177 45 220 95 255 20 79 255 106 255</data></your_img>
</opencv_storage>
