<?xml version="1.0"?>
<opencv_storage>
<L2_diff>4.2343382009471088e+03</L2_diff>
<test_img type_id="opencv-matrix">
  <rows>100</rows>
  <cols>100</cols>
  <dt>"3u"</dt>
  <data>
    117 162 65 173 28 217 44 131 167 202 156 173 162 108 203 144 102 197
    45 167 77 19 163 43 46 68 230 190 130 60 255 2 166 249 122 95 19 243
    26 140 202 157 81 123 52 20 200 109 175 127 2 122 30 172 255 25 175
    244 62 197 141 90 92 229 88 228 152 76 159 53 89 110 174 169 160 83
    99 169 184 34 35 64 45 173 86 135 218 21 160 66 248 162 151 150 7
    218 149 33 186 104 236 68 90 129 19 52 208 241 196 219 97 172 228
    243 136 115 148 46 240 5 116 85 218 99 15 88 225 194 186 121 96 86
    108 61 152 144 77 3 10 151 234 48 213 185 60 128 75 0 23 193 130 152
    210 166 185 82 112 40 86 24 173 57 201 8 141 165 86 10 77 27 160 71
    181 87 201 16 161 66 200 183 76 18 125 13 230 156 225 183 181 147 43
    232 185 219 173 79 221 211 109 132 26 229 223 45 133 48 41 114 252
    149 150 88 38 123 154 41 29 82 234 209 139 96 99 70 218 127 251 99
    187 255 43 21 188 179 150 79 26 151 48 211 2 168 232 182 30 179 88
    51 243 69 124 36 181 88 127 76 136 226 51 140 46 192 71 84 66 70 102
    109 4 165 34 95 182 40 61 3 77 23 45 120 192 188 220 120 169 15 103
    253 136 187 223 200 225 128 117 58 60 134 151 43 187 192 72 174 127
    109 170 177 255 5 67 124 182 240 249 243 124 123 35 53 238 80 62 60
    55 187 212 33 49 222 169 43 184 22 109 172 33 106 171 237 217 71 16
    80 108 161 75 57 206 170 152 35 52 202 69 62 215 183 60 177 140 90
    195 41 19 98 248 193 177 196 205 84 23 200 193 126 228 11 216 187
    120 191 16 43 12 177 98 61 189 113 9 236 238 86 100 48 31 7 255 138
    215 115 69 5 213 36 53 97 172 101 217 198 21 10 103 218 190 90 235
    244 10 235 212 205 248 176 44 214 105 12 208 58 102 106 116 86 246
    181 211 157 199 108 3 117 53 97 56 11 144 149 78 243 2 237 57 62 111
    103 89 4 69 125 38 247 148 67 37 58 57 91 173 159 92 26 118 42 103
    21 74 140 13 152 177 86 191 120 250 155 1 23 141 7 255 140 232 19
    228 171 175 119 109 25 192 220 79 246 56 55 101 237 251 42 241 47 13
    148 4 197 11 80 31 173 51 153 239 248 55 232 8 37 213 22 21 67 205
    15 252 224 68 239 116 0 9 137 0 217 24 58 172 32 198 204 135 63 10
    129 231 83 195 49 3 125 14 102 184 150 231 114 87 89 148 198 218 239
    45 212 101 142 195 4 178 168 80 128 222 12 208 44 150 67 42 236 220
    74 40 175 213 107 173 221 133 252 190 68 25 48 207 94 52 150 130 36
    75 42 236 159 179 51 113 199 243 159 139 77 152 68 131 140 64 236 65
    173 157 239 241 238 64 214 194 156 155 168 236 25 53 23 155 198 173
    21 55 227 61 43 179 219 215 230 16 119 96 33 227 27 154 72 221 150 8
    84 169 160 119 25 96 194 225 212 174 233 78 141 3 213 180 233 149
    234 52 236 23 213 20 166 142 247 238 40 92 227 16 32 15 24 235 3 103
    10 70 164 179 244 231 219 219 78 10 138 196 237 9 198 253 63 110 124
    71 254 90 22 9 1 6 228 185 52 135 73 236 224 80 55 4 61 133 177 90
    250 108 143 23 157 93 55 188 29 38 217 251 66 241 223 255 95 171 130
    220 136 187 225 81 204 26 164 58 223 227 96 72 190 162 166 160 4 158
    99 26 249 236 196 236 135 150 51 10 231 123 12 18 126 172 36 216 1 7
    166 52 201 180 9 198 221 170 207 229 197 147 157 45 60 9 162 204 236
    130 230 57 53 5 38 6 8 88 176 201 23 227 220 130 154 137 176 118 255
    80 232 115 160 47 63 200 186 125 168 106 108 162 40 54 191 190 103
    212 194 22 87 152 17 2 235 248 20 190 227 40 235 116 180 195 47 50
    191 3 57 105 56 181 88 77 142 5 93 146 219 55 187 233 115 58 189 252
    25 255 242 185 242 134 97 48 82 77 222 244 166 48 174 46 212 20 236
    229 86 26 183 244 149 235 117 8 18 204 174 45 56 67 97 18 146 237
    223 75 222 131 95 136 71 184 239 16 201 243 87 3 235 172 153 235 72
    170 242 218 74 180 131 241 70 244 100 64 61 0 214 101 200 87 232 33
    27 77 254 233 99 238 70 190 171 227 58 82 176 217 240 99 188 249 164
    109 42 135 51 11 151 125 241 186 218 253 5 236 238 115 85 231 0 208
    157 17 214 47 238 199 131 222 140 18 159 169 151 122 164 118 246 125
    107 85 191 196 127 170 252 212 233 215 216 195 217 11 216 42 198 240
    86 25 245 224 199 214 4 8 171 124 93 172 10 172 184 64 218 212 89
    159 170 139 59 199 152 173 178 120 248 147 183 137 134 170 119 126 9
    108 36 132 236 240 13 8 247 173 238 30 151 208 49 162 33 108 196 84
    94 103 228 118 142 169 58 203 227 61 25 93 47 90 219 77 5 52 74 242
    169 189 190 25 254 163 86 20 143 201 70 209 164 36 160 194 12 63 185
    55 172 110 77 177 241 23 48 241 70 12 97 13 19 220 165 204 177 69 60
    192 25 133 80 54 178 218 46 246 184 212 224 50 210 207 13 119 74 187
    236 195 172 202 85 110 54 71 12 187 63 24 77 79 213 132 70 158 118
    225 112 201 224 241 30 235 224 77 54 112 165 220 92 112 170 209 95
    222 182 182 158 115 213 103 73 3 29 207 142 217 14 59 255 204 127
    239 56 161 74 123 226 15 74 130 19 216 53 11 195 203 174 85 135 78
    124 9 213 210 136 223 167 96 126 232 234 64 45 94 210 5 233 184 169
    152 91 144 31 216 131 12 126 232 87 61 148 161 124 183 95 229 66 188
    229 221 159 101 114 165 248 244 18 149 75 67 241 80 149 232 118 62
    179 120 191 79 188 152 199 129 62 231 117 69 182 128 35 197 3 212 78
    174 207 165 249 30 79 13 216 191 34 150 16 248 155 208 27 183 140
    148 116 87 62 58 4 96 218 215 192 28 32 155 195 94 240 94 99 161 115
    122 141 244 90 123 174 106 145 59 208 28 96 216 77 47 217 111 72 79
    140 105 91 8 82 17 185 147 46 3 54 18 69 198 232 128 29 67 104 194
    92 65 43 3 123 69 32 204 254 247 120 184 36 184 20 218 201 250 195
    107 181 152 148 66 241 127 231 101 173 162 100 182 24 193 59 14 220
    121 200 31 222 63 230 239 90 109 37 80 220 135 136 156 191 124 187
    198 59 194 92 151 45 61 248 125 78 33 53 36 35 35 78 50 183 87 93
    223 224 88 98 225 27 212 239 141 141 206 152 127 235 18 47 10 63 62
    184 101 80 235 165 156 30 205 206 19 145 34 176 225 237 170 35 251
    102 215 171 29 130 152 165 98 132 12 54 121 208 97 24 247 113 161
    129 28 196 206 234 96 252 130 2 117 109 9 192 68 9 237 111 78 87 204
    235 168 234 121 180 166 121 130 150 162 189 0 197 131 184 46 40 57
    93 116 178 4 229 150 72 36 104 126 25 124 36 118 168 179 37 246 119
    149 219 154 50 84 91 246 178 176 153 175 77 54 9 38 241 67 151 171 0
    50 96 136 109 250 124 123 33 228 203 228 107 82 14 93 223 196 161
    250 20 216 145 46 70 242 56 184 248 89 77 212 172 51 125 75 12 9 19
    131 139 249 101 158 150 101 204 47 251 251 200 210 2 193 106 78 49
    53 180 148 128 220 181 90 104 130 19 179 133 243 191 185 155 47 14
    240 16 191 59 112 27 213 241 234 69 111 86 185 140 122 55 200 60 141
    188 194 44 10 231 41 72 74 160 217 188 240 86 173 241 69 203 149 21
    19 99 204 141 224 172 231 114 226 124 136 41 197 41 171 130 85 82
    152 147 117 65 107 197 234 232 107 51 83 96 80 126 84 33 174 82 62
    237 217 159 140 103 177 71 197 225 111 30 103 157 174 33 12 231 141
    121 244 41 130 60 78 144 58 220 33 225 246 141 178 209 98 57 186 87
    108 9 238 75 148 66 151 75 221 59 181 126 153 13 235 37 151 164 246
    108 150 235 54 145 40 32 212 156 123 226 97 95 213 189 193 16 183 58
    228 255 53 230 231 12 29 242 68 38 54 133 249 225 109 90 169 143 34
    92 138 206 47 97 182 186 11 38 143 13 178 166 17 157 72 97 27 121
    104 162 184 154 229 18 13 159 146 120 53 89 194 55 225 223 13 23 156
    214 143 138 79 220 91 16 254 206 151 111 72 90 89 33 222 16 86 63 6
    84 219 24 66 169 244 132 145 195 91 126 71 166 211 133 178 34 147 65
    229 92 190 241 34 246 77 3 177 8 5 180 210 33 82 153 129 251 136 49
    85 61 9 90 215 59 8 183 235 185 174 174 252 111 11 127 136 88 41 187
    195 150 132 81 247 177 246 44 222 25 75 139 46 251 43 21 58 216 63
    189 156 185 234 143 125 73 219 233 34 60 78 169 245 213 115 125 148
    208 188 85 24 169 28 140 162 7 143 190 101 103 70 26 67 215 96 67 70
    7 255 15 43 218 86 27 173 43 219 15 15 132 137 210 247 223 2 18 121
    165 91 43 137 12 208 36 251 252 187 220 99 156 164 223 153 41 82 159
    130 162 209 76 60 170 133 154 21 245 79 9 105 113 233 134 206 204
    216 53 142 55 49 107 35 113 145 168 196 44 254 251 67 46 240 170 6
    88 31 206 74 194 128 75 159 155 65 6 84 255 22 59 155 144 96 111 236
    127 35 169 40 99 240 220 168 156 152 98 65 171 34 2 1 21 48 250 76
    82 81 131 240 33 81 103 235 110 178 194 254 99 226 243 155 50 210
    123 253 158 108 168 138 86 15 70 77 173 89 74 185 192 104 23 242 90
    63 90 253 105 230 238 125 179 195 244 175 183 123 105 146 10 73 160
    231 215 40 242 63 54 94 198 90 2 253 122 255 71 77 42 22 251 224 192
    253 167 82 205 27 28 126 38 146 115 139 31 220 172 101 47 19 188 140
    244 142 237 221 216 252 20 160 62 126 246 174 118 224 240 228 65 131
    234 78 214 76 236 232 193 123 34 0 61 15 146 165 207 159 189 203 216
    200 180 198 189 133 117 31 81 166 130 111 209 117 220 101 147 154
    189 30 138 173 34 91 176 111 60 123 200 149 61 132 143 65 13 15 1 68
    76 225 162 156 30 14 35 111 28 186 26 7 101 147 173 245 144 119 134
    221 44 87 42 130 87 137 2 96 160 65 216 77 17 171 77 47 147 7 220
    190 224 24 146 254 18 2 136 73 62 155 103 97 89 1 165 106 12 245 82
    229 163 119 95 95 228 218 124 220 50 210 30 0 8 24 155 236 146 235
    111 226 175 126 215 110 49 29 14 59 142 75 98 214 37 41 69 196 196
    56 156 49 120 156 157 240 81 36 78 75 158 1 92 122 184 130 32 27 188
    176 193 131 121 209 123 197 147 60 99 221 138 15 251 21 37 237 117
    76 202 58 188 224 57 150 241 3 114 231 124 158 246 35 67 231 223 199
    193 194 138 89 0 164 13 208 117 0 201 25 75 254 146 251 208 10 139 1
    249 140 193 241 4 225 217 53 226 178 242 134 68 202 126 74 226 185
    196 26 204 238 108 22 208 108 195 126 241 196 165 227 245 152 222
    105 57 173 228 16 37 170 156 87 17 171 103 201 240 183 88 219 134 75
    247 103 30 7 140 236 106 48 108 153 2 27 107 84 246 159 229 225 202
    10 59 159 193 235 62 64 32 120 136 110 250 237 245 229 123 140 88 66
    213 60 13 111 223 244 203 5 221 31 59 208 73 186 163 244 211 87 83
    57 165 54 96 106 55 224 21 223 234 146 64 9 10 169 64 5 48 81 84 136
    147 172 152 110 226 6 20 193 94 244 78 86 247 26 243 213 51 110 103
    157 182 130 173 123 55 169 192 1 83 151 110 247 66 21 247 21 29 193
    13 132 8 143 167 45 221 179 225 7 24 30 8 31 198 14 129 9 228 177
    146 216 167 127 217 224 189 77 249 232 143 128 90 150 97 133 92 236
    197 159 221 95 30 148 32 130 148 210 229 142 161 61 5 38 33 177 58
    48 254 43 200 72 158 190 27 83 53 124 66 57 182 205 67 44 243 0 132
    26 150 167 63 228 133 255 235 47 131 152 25 186 69 27 176 201 188
    159 222 61 33 124 80 181 193 152 67 245 189 119 8 248 226 250 251
    115 222 208 0 152 153 213 232 39 83 240 191 245 231 236 143 134 37
    96 100 237 108 207 177 26 231 226 240 95 13 15 228 159 183 186 246
    25 182 149 237 67 193 173 36 201 81 103 254 6 85 178 224 79 185 5
    113 69 47 56 157 89 15 14 198 235 95 216 195 33 73 111 86 58 185 169
    30 240 223 89 238 113 146 232 202 174 128 168 70 102 220 237 235 114
    201 36 133 198 204 45 85 115 44 209 191 23 171 66 13 165 181 111 105
    186 197 18 234 131 250 54 166 215 150 63 50 235 115 232 149 101 115
    119 31 113 223 131 59 198 239 225 229 171 108 253 101 127 43 237 65
    15 146 61 106 152 150 130 175 175 157 196 17 195 204 235 186 162 71
    157 218 8 41 249 162 253 48 144 101 0 123 224 126 60 163 210 107 212
    117 39 114 247 86 214 127 171 104 124 255 33 131 98 253 36 170 109
    51 182 189 166 31 210 195 137 233 67 58 123 37 146 120 76 63 249 211
    227 75 214 83 136 177 34 136 0 227 198 125 48 47 145 52 99 56 179
    201 165 38 37 43 53 225 151 43 88 247 231 93 217 158 164 168 129 23
    83 234 173 9 158 173 161 203 183 194 185 77 232 107 14 216 122 34
    194 157 111 254 115 186 139 254 56 226 151 59 173 225 8 243 87 156
    251 72 59 136 95 180 79 185 67 126 152 199 14 113 248 114 156 250
    107 181 60 67 3 20 226 90 210 102 130 16 99 190 170 40 244 34 171
    112 184 51 175 182 192 220 97 75 101 213 151 206 11 221 104 110 114
    33 159 179 28 81 69 164 37 161 37 253 161 109 48 144 152 173 99 68
    216 45 65 188 152 209 191 89 56 185 129 58 41 240 129 159 151 100
    198 133 61 178 124 150 104 222 136 144 163 247 224 160 108 22 211
    173 184 105 128 44 27 209 189 82 74 7 20 108 47 70 12 195 163 20 254
    147 214 6 41 195 34 207 107 11 141 78 238 201 30 221 117 3 9 25 80
    245 231 126 97 115 228 159 157 38 122 111 252 31 100 203 112 163 101
    21 176 13 248 161 127 91 11 52 237 23 37 150 211 121 126 227 162 119
    147 192 123 44 127 202 126 216 46 236 166 133 236 114 29 71 206 141
    70 148 35 87 64 206 119 0 156 217 176 111 144 1 232 110 42 186 105
    92 40 187 1 107 174 21 231 1 238 78 255 189 231 116 233 37 210 69
    107 8 147 124 162 147 9 184 220 178 34 162 43 233 32 151 55 127 67
    72 153 138 235 21 201 220 134 139 144 246 94 189 173 131 204 211 63
    238 30 20 75 60 59 54 33 78 153 152 65 160 233 165 253 177 18 208
    207 50 182 225 156 170 122 25 122 98 9 102 23 43 46 34 21 239 18 118
    38 166 130 62 111 195 52 29 161 154 146 104 230 165 119 233 80 87
    214 108 155 16 57 3 127 46 86 217 86 2 186 77 177 166 22 174 6 103
    71 88 164 100 236 226 239 97 30 66 204 113 237 210 230 35 154 241 66
    153 11 126 194 167 63 250 170 5 85 23 163 151 4 210 206 25 143 74 83
    31 236 245 77 105 16 81 154 134 201 243 109 200 110 19 144 146 16
    113 146 139 155 119 129 246 158 9 205 208 68 239 166 207 54 249 66
    55 81 192 164 124 115 102 84 150 144 240 21 154 205 17 26 198 16 97
    197 96 237 72 73 63 77 172 58 184 44 44 62 31 89 50 253 116 168 89
    143 54 232 184 15 211 77 82 31 201 168 123 171 157 207 240 228 106
    20 159 231 25 195 51 37 131 191 58 148 64 127 171 175 212 85 102 15
    185 248 181 86 132 53 193 62 111 228 207 138 1 143 161 205 50 189
    119 50 205 38 141 13 73 73 232 114 107 48 133 31 203 191 175 190 206
    211 142 99 222 104 24 136 134 246 174 0 124 203 30 175 252 144 18
    244 75 79 160 46 97 133 16 233 24 145 79 118 97 169 33 59 180 128
    106 109 71 227 145 187 254 153 42 223 144 3 157 220 160 90 91 143
    177 37 236 16 167 234 95 69 179 180 255 100 193 96 49 248 151 35 200
    243 204 18 107 230 3 223 13 149 210 166 246 216 83 18 94 234 124 122
    148 69 107 230 243 74 76 114 112 223 52 177 250 63 223 73 202 70 211
    210 99 114 249 83 0 161 200 153 176 187 135 136 182 212 82 24 40 253
    173 40 108 159 32 4 5 158 243 201 66 187 219 216 189 216 19 59 195
    29 101 60 83 109 188 234 82 71 161 147 75 40 176 3 212 94 20 102 24
    65 55 151 78 213 57 238 52 119 148 76 17 199 180 4 79 35 125 215 61
    57 140 12 192 104 150 182 80 74 205 31 65 194 128 28 91 121 252 204
    115 185 211 197 125 14 17 109 45 255 221 67 48 230 48 78 247 106 141
    94 237 109 127 72 67 91 128 29 132 223 24 110 145 109 128 233 232
    181 213 162 37 14 56 104 66 54 171 176 101 192 249 203 253 45 85 105
    164 22 44 61 172 231 250 72 43 108 10 192 23 253 150 21 140 109 168
    134 41 9 85 15 69 184 136 247 109 14 115 202 45 116 239 123 95 135
    172 100 34 175 166 119 224 13 59 141 184 68 211 56 205 4 16 158 142
    51 9 92 74 149 132 0 181 38 95 17 134 19 187 88 222 15 174 126 243
    171 156 144 181 173 66 112 38 93 142 207 154 185 203 82 150 28 231
    170 212 251 72 182 247 6 35 87 23 161 156 162 250 177 146 45 71 161
    196 28 236 38 183 206 249 100 46 55 122 217 151 242 89 72 145 29 97
    106 205 71 18 187 180 128 22 11 118 170 90 228 30 214 64 73 246 86
    40 142 85 122 199 36 125 237 222 144 182 247 249 139 21 228 212 244
    117 216 108 229 162 143 43 152 145 130 151 241 102 13 168 52 57 144
    31 18 240 131 24 211 222 7 158 195 47 45 141 141 7 120 63 132 141 53
    226 144 145 217 124 105 67 150 49 246 235 216 211 19 171 159 239 134
    70 248 223 91 69 80 214 159 223 137 124 17 13 209 14 105 124 43 148
    240 166 4 255 235 37 124 231 180 2 164 1 224 76 57 104 94 235 174 39
    145 220 13 147 19 248 0 1 184 224 63 109 35 31 167 134 12 175 31 223
    218 183 117 46 54 109 182 157 41 177 179 18 79 141 142 34 43 199 202
    218 5 16 9 196 175 44 242 198 109 189 231 177 28 107 13 136 117 143
    90 169 69 137 189 204 121 181 177 143 143 48 112 253 182 238 177 79
    207 36 209 240 245 151 160 45 221 234 218 137 4 131 2 28 227 223 109
    180 62 230 229 165 39 22 62 203 84 189 118 207 166 89 157 194 97 24
    217 28 167 21 128 201 186 225 114 159 183 184 243 39 200 193 155 39
    49 233 251 94 75 193 124 34 147 28 48 45 10 92 140 240 100 66 91 47
    172 204 28 68 209 164 134 248 224 6 123 16 179 221 150 218 78 37 169
    232 130 229 50 18 219 180 89 177 117 145 252 89 118 190 227 255 125
    7 218 151 111 158 80 39 255 237 252 206 126 190 203 165 205 113 90
    254 212 38 196 35 48 25 128 37 154 108 61 214 114 45 169 45 169 105
    253 163 237 173 160 76 108 139 226 37 230 215 166 80 117 57 89 194
    251 22 181 226 156 133 49 111 161 28 214 91 238 226 225 210 64 16 53
    89 131 109 154 205 110 110 32 242 238 92 107 132 238 9 127 10 250 56
    200 11 182 146 142 35 35 255 132 252 85 108 244 31 232 119 59 187
    134 25 198 176 118 201 37 81 122 46 216 87 160 177 33 247 117 253
    144 186 139 250 30 3 212 49 57 31 212 182 179 252 180 67 44 219 34
    236 65 172 154 133 203 25 163 73 142 110 220 117 41 120 183 229 139
    70 4 169 219 31 106 36 86 237 65 25 109 90 213 86 44 206 158 215 106
    65 247 134 94 199 33 126 27 22 110 160 77 66 206 233 148 188 55 106
    57 78 64 95 185 100 202 117 174 91 192 60 192 26 3 85 40 175 160 85
    33 94 75 169 164 77 128 55 163 98 144 104 161 236 183 79 212 68 182
    214 158 150 54 125 197 184 120 241 123 73 18 232 237 44 143 74 186
    149 85 207 222 240 81 131 254 129 9 241 59 51 126 164 211 181 255
    231 145 175 189 185 125 24 246 41 129 11 246 161 143 33 127 111 240
    17 49 236 78 71 9 138 224 247 43 252 131 121 142 96 160 112 84 162
    98 52 220 19 132 240 99 96 199 174 168 141 168 119 159 236 49 33 55
    165 158 81 129 78 208 154 181 217 99 51 71 161 194 32 34 54 71 54 35
    236 217 10 85 47 20 236 231 132 136 15 45 136 129 200 29 210 219 22
    128 141 105 118 125 163 130 90 191 76 234 212 1 212 154 47 107 93
    191 174 20 206 24 168 250 111 10 233 138 180 61 133 152 59 44 17 146
    224 98 50 247 85 74 249 6 36 203 28 64 119 21 78 136 84 160 206 83 6
    36 236 134 211 165 230 149 115 62 230 198 227 119 206 38 250 195 42
    134 187 245 156 87 150 144 72 66 111 103 159 224 231 172 209 167 90
    32 185 210 138 190 160 155 208 83 68 158 122 247 46 82 1 58 9 16 35
    128 187 191 8 115 10 128 195 179 201 211 41 66 140 231 81 71 135 22
    91 81 85 23 167 255 8 43 92 255 240 241 30 237 137 199 117 60 21 119
    107 161 127 215 11 190 55 155 149 173 89 220 177 213 208 239 99 59 8
    5 14 75 52 207 13 145 100 94 63 168 38 167 63 187 156 69 161 131 32
    19 48 121 76 242 202 135 54 111 217 127 80 116 120 70 213 198 89 241
    231 70 39 176 27 213 215 54 143 110 78 224 93 73 49 10 209 89 178
    116 79 154 4 36 34 64 117 34 226 7 173 139 36 211 214 96 169 96 89
    57 122 56 94 173 150 43 40 131 212 233 116 90 34 130 89 41 158 227
    231 136 67 241 15 66 39 224 43 139 186 163 14 153 13 74 158 165 239
    255 112 20 26 198 206 163 171 82 232 96 217 58 249 63 58 70 222 242
    91 116 38 40 63 51 104 38 46 143 83 151 241 213 50 43 58 249 197 9
    191 27 71 160 102 39 253 167 94 142 166 147 33 192 152 233 81 45 145
    1 65 233 166 181 198 70 61 5 13 2 164 209 45 196 122 187 53 219 6
    119 220 104 226 76 176 73 245 240 235 79 242 49 38 73 221 228 220
    168 183 132 116 182 140 193 168 196 76 193 210 227 20 30 100 87 11
    125 99 197 4 196 177 241 35 117 36 12 131 42 182 56 68 165 68 242 48
    41 86 221 159 56 94 133 242 248 86 115 23 156 141 88 23 206 102 90
    56 14 63 159 28 48 104 178 254 56 253 211 48 143 113 248 106 244 48
    41 235 16 112 81 241 41 178 126 227 144 117 242 91 105 88 250 165 59
    181 248 30 198 131 69 198 125 82 111 252 89 255 70 14 114 189 54 7
    210 204 76 144 253 6 226 52 7 62 185 213 32 48 58 59 156 160 2 120
    243 162 9 148 40 153 145 120 16 113 80 4 121 129 184 14 185 216 60 6
    193 100 253 97 224 15 104 155 159 251 89 151 82 155 166 64 169 108
    133 48 21 2 132 50 177 120 46 16 246 141 8 247 57 180 118 68 109 137
    233 21 141 119 123 215 150 220 0 67 108 150 53 93 12 17 209 66 112
    76 25 162 48 96 231 173 220 246 60 14 255 236 159 170 158 116 117
    235 32 213 6 7 57 201 227 65 24 67 142 109 107 226 77 78 146 42 44
    248 129 246 12 252 40 192 60 110 17 241 241 202 106 35 194 179 186 1
    42 69 229 147 101 61 183 39 150 46 44 237 203 44 43 71 176 199 244
    13 110 79 28 30 98 58 109 73 100 15 41 135 192 68 94 25 206 45 150
    224 169 14 224 199 209 5 204 161 213 152 121 224 194 12 43 92 103
    230 8 45 163 91 44 8 47 99 244 25 176 11 101 126 36 178 242 124 126
    16 204 237 143 107 133 204 199 17 152 124 238 138 29 155 37 162 69
    181 80 171 242 87 120 248 50 160 100 249 228 178 33 117 88 100 114
    115 89 153 131 34 128 207 75 162 75 163 44 218 99 2 187 61 115 164
    40 13 182 88 88 87 131 122 78 197 150 168 97 113 48 121 65 190 23
    250 46 129 4 51 180 194 248 8 6 54 200 8 139 163 227 232 110 69 220
    16 217 112 92 95 120 227 0 135 166 116 1 53 75 10 239 169 204 240 44
    120 130 241 221 153 231 255 151 170 33 111 244 200 153 151 18 87 136
    164 223 224 111 151 68 215 194 44 159 149 113 133 4 43 213 40 174 77
    89 255 185 240 241 87 62 175 175 108 48 250 43 181 236 112 173 144
    128 35 53 211 12 187 153 21 166 184 26 192 224 174 63 44 134 232 134
    30 112 141 19 145 164 22 160 166 92 43 13 106 99 157 128 169 36 115
    23 102 26 252 171 232 211 229 155 54 206 203 132 68 47 44 167 244
    117 131 160 222 41 232 36 100 149 139 50 225 141 159 187 106 74 124
    27 112 236 168 217 175 194 63 158 169 209 233 26 30 127 66 99 60 190
    60 10 65 161 245 52 189 208 224 191 136 79 95 25 22 0 4 230 45 32 53
    246 207 124 164 139 149 90 98 62 60 21 244 162 111 194 1 88 4 83 152
    29 255 72 97 179 81 91 123 188 55 141 3 176 227 244 14 255 163 95
    213 149 245 105 196 198 178 176 60 181 213 58 65 57 140 86 119 248
    170 227 26 255 249 195 222 4 151 41 37 192 116 7 107 105 77 186 239
    113 90 215 149 255 17 170 196 139 10 169 122 205 157 152 40 71 146
    97 127 232 17 56 164 15 123 187 188 67 150 217 79 252 33 29 221 217
    86 186 177 28 72 175 110 216 42 248 166 64 106 192 180 172 167 68 64
    238 56 33 162 125 175 52 255 238 133 231 60 0 128 226 102 73 94 104
    87 101 207 69 22 201 232 139 20 144 247 140 255 131 251 154 255 127
    82 94 176 164 195 180 170 197 27 27 67 192 166 208 109 9 164 245 68
    185 53 188 48 68 174 134 99 223 127 165 234 45 89 78 11 36 80 41 43
    116 192 109 77 8 22 29 94 183 114 181 99 15 187 191 238 241 146 53
    106 45 203 190 102 98 137 23 203 91 137 204 43 2 165 113 137 108 53
    55 7 54 250 172 236 61 237 205 13 232 7 79 140 232 239 159 202 115
    100 45 22 167 129 104 80 150 28 211 83 73 70 48 145 237 62 81 172
    101 211 159 199 144 176 242 31 250 215 198 206 229 33 203 110 26 182
    233 217 180 98 99 80 67 212 169 16 204 98 41 198 214 101 47 191 234
    228 14 236 108 176 22 186 248 136 153 250 44 80 115 211 36 239 88 40
    66 84 220 126 190 245 142 252 88 238 100 43 100 94 174 150 110 225 0
    150 241 146 102 207 12 239 153 247 76 179 135 112 56 211 113 143 208
    58 8 71 64 133 90 121 251 131 178 206 29 246 117 52 227 241 91 28
    158 127 222 75 25 46 109 149 182 204 208 232 113 37 3 25 47 21 45
    194 143 62 198 219 82 127 108 233 158 38 198 173 133 131 233 221 153
    180 154 171 153 176 114 16 42 137 213 82 79 199 171 81 143 181 141
    131 137 6 35 118 1 23 46 252 177 119 128 192 26 55 104 20 15 83 115
    147 130 14 27 104 247 17 165 152 163 53 34 229 114 214 54 221 122 86
    82 237 150 116 50 107 182 22 27 154 241 176 148 205 179 130 251 32
    136 70 198 230 149 42 121 236 56 129 167 202 190 162 155 163 58 72
    74 117 133 136 194 227 210 196 220 2 114 191 71 57 144 36 171 139
    231 205 206 90 152 192 253 128 110 33 219 40 57 155 164 157 88 129
    26 99 78 148 148 204 54 44 116 226 125 51 79 189 233 246 92 165 182
    89 8 156 40 228 41 87 228 26 5 24 247 98 59 188 63 71 171 11 197 72
    71 248 97 215 184 15 225 116 36 2 3 137 61 249 36 92 52 42 180 216
    58 100 130 63 83 137 68 148 255 128 203 188 56 194 93 105 70 34 161
    34 185 83 243 79 123 124 253 44 185 242 214 224 154 186 106 7 9 191
    66 134 66 44 228 208 2 40 119 188 235 25 47 4 45 253 115 32 20 245
    145 9 37 181 222 160 124 38 35 222 94 9 197 121 139 197 220 41 27
    128 78 190 243 174 216 161 137 249 118 76 198 182 206 188 85 230 161
    101 76 223 103 82 68 30 171 89 107 130 8 80 77 114 13 130 104 77 73
    78 106 120 129 178 116 23 160 168 26 102 248 81 95 226 26 55 119 131
    117 153 225 215 38 72 111 72 47 132 241 63 36 20 92 59 162 130 64 0
    119 166 119 68 44 20 148 49 234 170 206 12 78 229 212 91 111 128 155
    245 100 236 27 55 157 92 73 238 84 7 194 197 61 215 39 215 189 237
    146 159 240 62 212 119 148 30 111 90 88 182 201 219 100 49 191 14 57
    110 79 96 213 55 14 225 231 88 245 188 173 77 13 198 93 103 94 78
    199 237 153 217 117 26 239 158 251 70 96 90 196 210 25 253 19 173 99
    245 49 203 239 22 12 53 246 7 51 177 83 74 13 33 17 80 133 204 185
    194 103 215 184 239 53 116 178 95 249 116 106 153 62 111 120 135 74
    112 192 226 180 55 133 28 229 90 237 146 186 57 111 217 146 128 235
    116 30 18 179 138 234 102 195 161 107 84 132 108 140 6 3 117 204 117
    85 99 83 101 144 252 209 112 147 108 145 166 188 114 63 76 193 78
    163 129 205 14 69 219 164 40 149 255 145 51 136 95 159 222 201 135
    165 200 190 140 82 212 83 3 251 172 11 197 104 219 88 243 189 227
    253 91 242 81 122 214 37 133 58 162 232 28 221 99 54 181 57 227 41
    228 117 122 66 239 69 26 0 102 64 90 40 61 112 161 35 151 101 218
    176 36 148 135 200 252 17 241 67 77 38 216 48 11 162 22 198 159 18
    159 53 101 48 162 249 224 83 231 109 31 213 171 86 234 159 85 187
    107 169 209 204 164 84 179 35 94 141 182 57 157 112 141 214 85 64
    173 26 58 135 158 7 140 39 161 43 110 37 110 105 37 236 39 167 153
    87 57 83 60 167 220 213 131 228 194 71 42 76 155 31 189 201 113 254
    156 61 159 205 247 247 44 221 18 98 212 28 142 30 33 171 249 253 2
    175 174 171 142 92 71 58 127 67 2 221 187 79 245 94 192 88 192 48
    217 223 42 125 166 17 235 245 79 105 60 36 44 71 255 39 160 74 118
    143 126 254 163 221 211 200 242 79 227 48 0 174 24 176 77 28 169 109
    197 100 67 232 39 25 108 49 150 220 198 149 243 148 233 137 17 134
    196 88 204 61 113 115 141 170 154 120 231 121 164 134 247 201 93 26
    79 21 30 203 5 197 108 113 210 16 163 151 183 82 139 253 60 132 130
    254 217 29 222 10 42 138 108 217 108 129 139 50 228 205 234 56 44
    224 234 194 250 84 227 115 36 204 71 71 130 209 252 25 22 169 2 141
    23 119 27 143 232 9 135 85 142 37 249 74 119 96 35 104 89 182 172 13
    236 152 38 208 169 240 251 93 197 175 88 213 50 99 14 22 152 243 28
    21 28 178 32 77 94 15 133 177 25 185 16 135 73 193 135 47 137 108
    253 38 101 128 173 34 138 59 24 10 227 91 143 60 106 89 201 92 221
    91 65 105 179 21 113 112 202 114 237 68 62 254 105 225 185 0 143 175
    208 16 251 104 240 24 189 126 16 0 229 28 90 194 206 174 28 101 103
    233 225 91 139 197 123 142 174 18 137 12 192 51 145 50 46 42 23 233
    57 159 146 50 247 106 92 246 139 66 205 40 27 226 219 239 209 56 61
    91 28 114 100 153 128 47 164 210 61 157 15 228 110 66 244 136 178
    186 116 149 103 170 94 225 110 147 223 177 220 206 92 27 65 202 63
    170 92 184 60 42 23 187 102 69 200 123 251 235 47 226 53 242 238 16
    250 98 97 223 194 55 6 255 216 218 41 223 165 63 185 249 22 25 220
    190 183 199 223 0 117 12 23 186 116 188 91 152 67 160 118 226 179
    195 215 164 13 220 195 77 247 117 204 38 28 31 205 48 179 184 142 40
    125 59 96 210 159 247 218 81 233 121 114 164 138 66 85 185 72 149
    125 229 244 40 19 184 214 112 44 236 246 77 137 48 58 181 18 99 92
    138 39 19 23 163 195 150 19 80 242 8 53 84 78 189 188 189 87 201 110
    222 163 84 151 20 188 189 115 231 139 208 32 178 66 85 148 128 152
    191 189 250 199 204 152 15 21 220 71 211 214 154 53 155 252 187 132
    2 21 40 104 103 146 229 45 137 43 239 198 110 113 102 222 74 236 216
    136 7 40 186 233 129 76 45 69 13 22 192 230 136 230 79 148 55 209
    128 12 133 145 75 162 105 1 21 68 117 13 150 118 114 250 224 146 75
    152 176 66 189 68 174 150 45 93 146 138 135 44 241 27 43 12 61 159
    250 168 196 149 46 217 247 70 213 222 56 50 42 192 161 103 239 70
    171 196 100 141 110 76 220 208 81 39 88 66 57 253 29 158 173 194 117
    143 158 181 201 62 63 204 28 194 85 75 128 64 94 198 75 192 45 91 90
    240 247 251 85 23 51 104 168 92 70 222 13 226 247 214 147 14 216 82
    230 199 181 152 83 146 87 149 181 185 132 177 38 16 93 223 186 219
    95 44 58 249 22 233 226 3 149 173 24 133 248 46 135 209 104 154 138
    198 228 22 231 229 104 127 132 155 13 253 250 73 181 198 171 104 154
    56 214 10 72 23 168 199 142 246 203 82 181 209 222 26 38 71 162 123
    222 251 66 2 93 130 138 129 253 129 231 206 95 44 49 47 168 249 24
    152 232 10 161 247 231 255 23 246 5 167 224 150 55 164 60 166 155
    172 183 53 96 151 69 100 242 69 249 72 4 144 147 71 126 185 52 116
    113 165 53 233 10 3 146 122 22 179 124 146 40 77 102 203 105 142 186
    204 182 162 112 173 47 40 164 118 72 206 180 49 10 78 154 211 243 96
    222 4 238 162 44 65 212 9 11 124 81 191 154 39 100 52 64 105 166 111
    200 219 193 208 235 200 13 98 144 55 129 13 152 125 14 11 202 53 163
    62 103 254 155 135 135 99 144 63 148 202 218 27 83 195 242 42 28 148
    116 35 172 108 94 52 155 121 108 16 212 33 49 223 34 117 25 123 137
    149 23 67 183 246 213 185 197 221 220 64 64 35 20 18 202 38 17 106
    253 157 233 19 183 227 86 127 101 233 204 248 48 225 153 185 168 120
    44 158 99 181 184 133 228 157 27 204 208 98 235 227 215 150 133 133
    58 128 122 36 237 233 31 12 189 126 104 29 139 245 92 227 76 219 79
    6 173 78 27 149 76 230 47 93 151 194 57 7 215 120 8 36 235 155 250
    186 68 25 220 97 182 91 107 189 156 106 88 43 164 101 193 246 54 199
    64 123 161 29 36 35 231 176 2 17 54 238 112 39 186 1 81 54 21 42 218
    53 113 176 162 96 180 69 158 200 97 221 36 240 224 40 119 216 48 101
    117 129 139 140 112 173 110 6 126 8 63 196 170 222 253 55 77 24 42
    151 218 134 73 248 229 199 65 20 188 18 255 52 5 45 30 134 158 234
    53 8 25 181 198 122 181 1 233 116 232 245 92 231 73 255 48 178 117
    139 245 83 224 71 28 147 194 23 113 176 20 198 0 248 227 183 166 198
    228 31 251 84 238 28 227 232 222 124 9 238 175 104 32 164 58 229 164
    35 39 107 132 97 245 213 197 77 176 135 83 233 235 69 119 154 115 77
    202 231 86 74 241 86 217 136 27 49 130 138 181 202 108 132 68 85 127
    255 8 207 24 149 24 204 194 21 74 52 6 57 247 193 198 67 228 57 219
    189 241 194 200 146 229 50 165 136 253 96 212 37 181 127 146 22 238
    23 86 115 204 123 19 86 245 175 174 108 152 206 161 197 110 253 2
    204 182 31 215 205 72 8 74 31 28 137 107 107 113 166 116 196 66 249
    229 158 135 232 31 42 208 107 122 151 137 253 130 115 134 252 196
    218 197 46 87 30 113 2 30 21 235 195 88 157 25 213 138 108 125 241
    144 47 123 36 17 216 209 46 44 98 80 194 201 186 85 163 233 2 122
    244 86 182 158 201 201 28 243 92 141 135 155 54 47 90 84 176 106 107
    45 179 202 32 249 201 113 195 223 170 160 175 252 137 194 208 220
    249 72 34 232 252 13 247 86 200 176 45 98 206 29 179 22 136 102 108
    108 12 189 93 57 107 226 220 12 149 60 38 132 127 39 16 64 47 107 78
    0 220 223 51 125 216 221 8 43 129 115 180 109 200 164 49 160 142 193
    67 44 95 59 201 187 4 168 31 247 215 140 75 212 143 128 247 98 192
    19 113 141 61 75 70 125 16 24 3 57 71 62 216 81 231 0 74 37 60 30
    116 99 219 78 39 127 229 226 93 27 52 252 17 138 135 176 145 228 111
    182 17 4 161 200 52 77 245 67 55 201 201 166 153 151 33 155 22 222
    83 53 1 35 2 18 117 52 148 80 249 210 84 200 48 15 81 18 162 238 29
    15 20 8 21 230 43 202 134 138 177 222 36 209 135 6 115 57 254 246 12
    232 199 135 61 36 3 71 232 72 209 131 106 49 83 11 69 78 69 246 107
    35 240 145 85 225 56 223 48 113 204 16 134 91 8 235 178 155 252 207
    153 53 204 116 112 121 11 187 189 205 59 146 54 142 202 69 182 148 0
    236 185 178 255 157 188 133 124 38 137 193 15 75 113 179 126 132 209
    142 240 21 112 243 138 0 107 75 104 63 106 17 25 7 102 104 73 47 197
    144 57 196 48 169 145 147 51 134 54 249 212 156 173 207 30 163 68 42
    44 149 136 47 252 204 214 43 91 139 197 135 244 147 131 80 172 32 16
    84 148 49 171 125 236 155 204 1 255 80 59 171 15 112 35 153 228 9
    117 113 110 206 1 149 147 19 254 79 208 65 42 43 144 243 219 6 123
    211 19 238 137 154 122 49 53 44 34 255 23 63 116 151 214 162 1 165
    174 59 145 9 201 15 149 105 28 105 171 104 234 122 158 196 164 67
    207 76 140 70 71 107 184 179 0 8 147 201 214 119 29 98 71 201 160
    203 19 41 188 209 19 34 95 62 251 227 243 207 91 147 241 239 225 180
    120 0 210 131 182 22 82 105 62 89 155 66 95 16 248 25 42 93 253 65
    152 159 113 69 18 205 141 109 35 61 157 72 79 107 162 2 26 12 179 32
    246 133 160 177 11 234 82 107 109 226 179 46 234 228 124 28 212 66
    71 156 204 163 108 151 180 4 86 116 7 136 80 234 1 40 73 254 72 251
    202 236 242 125 104 76 114 198 246 184 189 251 135 56 234 200 137
    138 89 18 124 10 158 234 47 166 137 14 167 220 184 29 4 38 191 201
    231 121 249 36 241 56 95 119 53 66 231 27 217 226 111 156 82 184 142
    135 4 9 188 224 72 185 68 26 196 226 251 204 57 188 61 50 50 42 1 39
    237 58 99 252 130 189 207 121 57 76 35 160 16 110 1 88 27 85 216 46
    20 241 88 236 150 82 13 130 186 234 143 195 221 52 72 189 25 95 74
    41 48 51 98 182 71 213 123 90 22 20 166 97 244 168 105 163 163 6 52
    145 67 29 45 243 6 104 95 154 195 76 62 66 152 14 206 15 67 27 86
    101 148 129 184 238 149 205 1 83 28 128 187 199 207 33 64 71 155 119
    52 49 40 98 138 18 97 80 236 84 27 77 42 134 238 104 119 13 79 86
    234 152 85 239 7 107 194 24 17 18 203 45 198 192 28 84 237 41 206
    212 159 248 39 69 228 156 50 46 90 37 210 31 213 187 153 16 136 42
    235 201 135 75 51 28 119 248 60 18 90 102 25 211 70 98 104 131 206
    200 3 76 199 42 237 232 164 29 126 105 83 2 159 241 206 123 213 78
    232 93 55 149 9 184 4 102 173 64 68 98 172 66 46 33 48 146 53 151
    175 77 157 57 35 12 226 77 160 169 1 146 196 196 143 98 224 62 135
    76 225 194 76 35 151 151 241 71 60 107 115 245 123 63 130 2 13 162
    236 44 8 40 139 191 233 4 115 17 59 136 121 208 30 226 222 227 180
    201 177 151 23 212 54 142 189 248 235 206 91 34 212 46 165 93 159 66
    13 145 116 76 56 147 115 155 248 66 94 137 227 249 90 35 22 224 66
    124 1 38 248 78 167 108 34 215 245 197 9 137 135 24 217 1 120 144 19
    93 151 209 244 2 173 148 8 1 49 156 69 141 116 158 46 89 160 118 163
    106 186 192 29 233 170 55 224 161 218 117 45 77 63 51 249 101 173
    131 229 73 46 181 88 7 110 129 130 5 125 89 88 32 132 160 41 145 26
    234 140 68 235 119 51 133 42 12 177 136 2 143 31 254 80 184 148 199
    190 161 51 33 202 72 220 226 33 51 169 198 199 84 126 154 205 94 86
    73 255 157 157 159 161 30 38 213 148 128 0 46 76 246 219 208 115 227
    38 162 6 41 80 139 225 190 182 246 39 158 107 199 219 97 52 11 103
    37 42 176 12 208 82 53 58 55 121 153 210 3 19 218 232 201 185 212
    207 5 231 107 180 238 126 82 66 116 51 214 249 116 53 32 226 190 80
    191 195 157 210 187 107 42 191 61 130 147 86 37 27 132 75 105 180
    183 227 31 84 3 87 74 159 28 72 222 155 78 26 237 133 232 30 199 140
    181 199 177 93 122 141 59 111 59 33 235 187 12 89 107 6 58 110 207 3
    111 81 58 180 163 255 199 45 85 36 142 161 230 95 234 188 169 100
    129 10 69 29 196 167 30 199 37 123 177 231 139 30 192 150 10 64 51
    60 149 207 105 48 195 72 116 119 123 190 157 161 31 60 238 204 21 43
    232 146 249 85 159 62 111 240 52 255 15 46 23 97 68 19 227 150 139
    139 52 177 89 139 138 207 37 164 10 222 211 82 65 208 199 30 211 6
    168 1 18 14 250 62 78 178 62 17 148 246 170 153 157 223 45 61 135 30
    235 213 219 252 137 206 191 78 130 159 71 193 212 208 214 188 52 98
    191 242 65 206 94 192 175 179 219 210 102 43 174 173 178 47 41 110
    13 110 71 16 120 128 95 90 45 167 186 99 173 211 166 39 58 175 168
    32 185 180 19 248 31 26 219 32 28 134 218 105 8 117 38 229 245 145
    96 198 15 113 184 57 127 227 252 175 53 248 20 232 198 192 129 68 34
    225 101 252 131 154 215 219 238 226 42 218 23 52 48 89 178 126 63 13
    201 144 196 6 87 45 251 173 166 131 81 101 135 190 168 89 17 180 190
    207 115 71 54 252 59 114 129 158 116 79 83 121 95 156 59 124 31 152
    212 224 109 112 59 239 236 41 165 113 80 184 186 40 90 71 118 22 199
    143 219 132 177 183 238 88 161 56 193 247 100 192 78 164 42 183 86 8
    248 94 227 62 178 175 185 9 61 137 252 25 12 62 97 148 158 36 242
    100 157 121 99 56 64 9 113 19 156 112 108 246 100 11 7 121 4 47 64
    16 192 44 9 92 33 51 172 55 129 111 222 170 124 216 138 80 181 51 90
    227 30 119 42 35 107 238 146 8 162 137 95 158 197 124 35 249 206 210
    177 154 9 247 193 49 46 179 85 13 25 3 54 130 206 28 100 1 183 90 3
    234 58 164 152 12 129 9 172 2 147 63 91 253 81 167 234 62 57 253 124
    206 103 213 216 44 250 96 148 175 54 161 79 118 127 101 1 17 129 131
    73 169 73 150 246 111 212 59 224 19 223 236 163 3 139 163 40 239 165
    216 145 249 102 219 255 54 78 25 244 215 213 161 217 212 115 162 234
    118 44 90 177 146 215 72 241 148 38 31 193 227 12 137 95 159 72 121
    138 98 191 151 147 153 39 86 2 211 67 116 238 181 73 246 97 163 140
    230 116 72 96 128 156 4 229 83 165 145 155 150 186 33 92 12 233 62
    118 43 59 224 69 172 41 227 27 65 171 19 21 154 203 8 166 233 199
    106 66 189 139 211 110 5 112 56 223 128 175 57 96 196 76 21 26 25
    129 16 99 173 205 3 87 53 116 83 116 235 67 159 22 76 46 31 73 182
    22 195 4 236 148 25 207 18 65 73 70 99 144 72 79 32 75 49 221 167 60
    188 125 1 121 102 64 196 153 248 93 3 5 220 196 156 116 101 69 65
    197 88 131 82 79 10 60 244 83 160 201 35 126 255 35 40 180 228 235
    143 237 90 225 167 139 92 218 56 236 63 82 187 154 96 36 178 166 99
    83 178 240 111 100 57 108 31 51 206 148 128 97 102 147 214 232 128
    232 8 136 173 26 140 219 208 65 71 110 98 24 82 100 201 47 177 5 125
    247 37 154 251 16 121 185 137 173 139 251 89 247 34 248 71 173 217
    65 255 137 155 29 223 46 13 140 32 20 59 63 21 156 198 204 81 27 154
    204 119 127 23 142 49 243 230 15 39 101 234 201 26 180 74 68 206 39
    196 212 83 127 249 200 99 199 187 225 93 137 177 43 85 34 215 29 253
    4 248 81 161 213 208 140 222 43 225 28 127 189 241 152 11 205 251 59
    170 81 38 106 115 183 20 250 25 11 253 187 138 23 214 24 37 248 184
    244 139 141 96 24 4 17 7 181 120 200 122 245 241 231 101 87 206 252
    7 77 162 230 133 52 0 120 252 209 178 104 51 145 146 127 237 140 244
    50 88 187 21 82 219 223 93 40 38 208 186 111 16 195 73 204 119 114
    153 110 205 135 165 226 114 158 174 76 110 192 238 207 110 52 92 114
    103 235 127 103 74 124 36 168 117 5 17 88 1 112 158 88 150 14 38 153
    163 1 250 239 28 227 5 242 11 80 168 167 134 2 238 232 15 124 212 53
    184 228 215 55 125 67 93 105 48 243 167 24 248 127 151 168 37 182 88
    2 236 238 126 180 105 30 181 145 159 115 180 158 157 138 47 5 243 60
    255 100 123 177 94 19 188 196 138 151 19 235 140 50 27 124 10 77 5
    82 17 244 206 94 85 141 48 148 94 90 104 12 222 155 219 179 178 26
    133 107 147 40 189 92 245 255 132 146 78 244 102 215 107 212 198 119
    133 191 31 81 63 48 47 224 49 23 172 55 255 19 37 192 81 228 235 1
    255 188 196 174 240 253 99 117 126 152 165 232 242 157 72 41 240 199
    18 226 58 49 38 244 9 134 7 119 229 42 25 48 178 254 89 118 79 19
    117 185 193 202 63 64 206 228 60 191 5 79 220 33 210 92 215 136 18
    165 210 9 144 236 48 108 45 108 91 230 210 207 100 250 157 238 93 56
    36 178 100 74 125 213 87 198 4 166 228 160 82 59 116 48 140 94 174
    124 73 110 208 96 151 84 169 183 124 150 94 31 132 88 129 168 90 231
    47 97 73 222 227 20 93 98 18 186 33 186 230 193 22 234 140 71 248 45
    121 241 209 237 236 32 240 75 209 209 206 116 136 114 74 239 168 88
    240 131 105 205 15 147 46 34 214 159 146 216 130 149 89 240 201 199
    82 149 184 212 7 164 223 161 166 153 43 195 12 238 241 184 141 128
    184 186 52 182 246 146 53 50 246 17 39 217 150 42 179 131 226 73 245
    11 33 118 123 241 218 245 56 67 194 77 30 66 198 226 46 161 25 40 95
    76 143 144 173 122 101 10 239 78 41 251 44 100 9 200 132 34 125 172
    230 5 179 65 243 27 36 183 174 194 186 166 156 56 255 230 39 191 238
    104 138 253 216 31 236 137 61 163 142 191 179 220 116 110 87 116 184
    243 177 191 183 46 77 249 52 115 1 23 187 27 40 33 43 128 158 223 61
    179 125 90 16 130 21 50 53 114 211 31 189 49 9 167 94 192 247 136
    189 33 46 50 179 84 46 183 113 165 70 131 188 102 46 83 202 168 27
    25 4 66 186 55 49 35 35 108 67 143 20 39 49 82 142 12 225 192 76 95
    75 135 34 227 137 61 138 137 201 18 43 142 178 112 201 18 193 42 30
    88 142 26 109 171 122 254 236 81 169 66 237 79 37 213 20 79 85 69
    218 190 134 87 241 145 243 241 82 27 35 92 33 165 189 64 11 9 188
    210 29 91 84 19 178 28 5 177 117 118 216 118 28 168 183 132 25 133
    82 39 96 165 139 236 53 67 42 23 40 249 16 7 9 225 82 254 161 118 84
    28 20 40 107 229 115 35 20 191 113 120 68 64 163 57 90 210 194 135
    63 113 255 208 180 34 237 92 117 44 166 10 128 183 150 80 21 73 173
    161 218 239 88 246 129 147 168 215 150 205 66 209 172 190 39 187 71
    126 138 5 173 59 52 87 81 197 16 232 144 57 117 232 174 164 80 245
    87 215 18 189 175 235 78 224 59 243 163 135 211 79 128 144 178 32 87
    212 195 49 250 4 226 85 234 231 136 92 207 197 230 164 62 81 47 63
    163 138 110 114 41 239 80 123 97 158 180 31 26 163 193 127 41 64 200
    81 175 148 156 160 233 185 252 65 207 210 218 99 233 115 0 47 206 87
    3 162 161 43 92 248 217 81 51 170 130 230 229 203 216 34 41 46 52 24
    246 78 197 85 136 194 64 125 139 146 102 226 70 58 88 180 135 197
    192 44 54 12 6 95 56 48 165 137 68 237 6 188 69 172 60 207 254 173
    77 130 234 28 202 203 57 35 5 107 209 172 119 211 244 12 184 241 53
    41 79 251 109 65 120 212 226 158 133 115 1 182 80 7 137 139 206 177
    92 110 214 231 98 1 30 240 51 22 164 35 157 28 100 160 207 157 44 64
    126 233 62 188 155 245 253 114 143 23 151 3 129 183 182 85 111 80 84
    38 59 76 213 192 205 246 127 20 243 75 226 88 1 251 227 40 177 108
    105 214 255 172 92 132 38 151 49 109 23 39 24 244 197 127 155 48 241
    2 171 62 68 253 66 245 213 95 16 237 10 189 243 114 249 207 248 218
    80 0 229 155 139 52 24 14 103 64 165 22 86 73 96 121 45 209 62 108
    116 231 30 13 130 142 58 53 251 6 29 200 220 62 56 30 235 51 179 72
    156 224 54 176 157 180 228 199 102 144 75 118 146 35 188 242 243 87
    191 224 40 197 171 190 205 46 189 254 241 10 206 177 255 119 227 113
    37 237 118 166 187 33 230 32 181 15 122 94 28 178 73 58 230 108 67
    23 55 6 223 208 60 151 53 78 14 226 227 233 128 134 155 192 142 109
    101 167 162 140 12 4 47 217 17 49 187 209 45 208 19 243 127 206 187
    198 140 143 41 41 158 228 77 98 99 124 64 113 138 241 79 64 147 80
    80 252 73 93 214 100 73 39 22 120 253 101 206 6 218 4 55 187 190 32
    70 255 22 105 180 235 152 193 164 29 84 122 70 168 215 53 122 107 89
    48 175 160 74 79 170 140 1 55 88 42 47 90 94 206 54 164 48 111 136
    204 207 168 97 60 129 117 96 249 247 8 130 40 178 15 40 77 80 115
    184 245 9 91 78 25 132 144 194 87 108 221 130 52 13 161 107 27 136
    24 155 30 109 155 154 16 8 13 166 101 90 125 152 52 84 187 38 114
    151 140 161 28 17 172 136 231 177 226 211 209 207 8 6 69 4 157 14
    134 225 157 53 170 91 135 132 182 139 144 248 125 200 250 205 246
    190 32 103 61 138 104 199 85 63 143 184 28 254 95 74 26 57 225 98
    149 177 102 123 209 57 61 244 53 31 217 97 163 128 111 188 227 159
    25 106 211 180 108 5 125 193 252 142 232 140 184 15 6 124 115 243 60
    215 49 144 24 196 6 236 127 237 212 227 231 98 75 157 164 225 248 71
    160 54 223 14 239 238 2 158 240 173 192 177 177 146 20 92 154 217
    117 203 207 200 241 155 154 112 87 80 98 203 20 113 131 113 125 192
    2 61 177 76 98 87 171 55 56 0 249 42 139 111 147 124 139 248 197 38
    247 34 220 93 37 69 129 212 205 129 233 129 4 50 214 183 160 224 171
    176 137 171 57 88 155 238 159 89 142 249 55 143 186 201 140 142 52
    127 42 99 64 195 225 134 141 25 61 0 102 161 195 7 222 255 99 125 44
    73 4 161 181 203 226 13 78 249 81 85 147 12 70 0 112 224 130 236 230
    1 188 149 29 94 7 187 43 25 5 250 5 15 225 75 143 93 71 124 225 196
    189 75 17 156 111 60 101 67 88 175 251 198 248 163 166 194 120 102
    232 102 217 9 254 24 192 235 236 63 58 191 232 58 175 62 78 204 39
    47 125 107 139 79 215 196 128 191 156 151 50 77 143 105 179 189 198
    140 225 151 137 216 238 84 254 139 16 68 84 27 167 228 77 111 197
    233 16 160 110 85 122 150 217 228 26 97 143 160 223 76 120 171 46
    229 0 199 53 189 66 187 76 7 204 200 34 178 21 224 74 122 209 173
    125 229 251 109 38 70 231 239 87 177 42 77 21 5 76 91 251 200 238
    217 193 42 90 209 80 151 226 92 186 8 17 201 140 199 226 32 231 56
    117 122 222 99 82 6 5 162 56 54 170 164 58 194 130 118 98 174 43 206
    3 186 46 63 144 202 108 0 197 130 74 173 221 201 95 156 177 112 60
    148 138 93 35 245 200 70 67 133 248 16 239 81 95 189 40 149 174 4
    168 134 251 222 213 131 200 226 238 101 118 8 24 108 135 159 24 76
    52 124 178 241 18 168 151 177 116 71 186 76 97 138 171 170 137 95
    125 81 166 38 15 139 106 86 105 236 27 122 119 115 39 203 200 208
    227 89 249 4 220 130 211 112 246 250 212 140 20 198 81 93 204 170 72
    236 21 227 149 87 147 228 247 129 128 170 47 238 183 124 84 48 51
    203 137 111 77 121 97 61 235 158 211 245 108 182 19 112 90 196 70
    115 115 82 135 205 184 202 65 126 224 14 141 74 44 52 210 153 175 41
    130 11 158 6 111 40 10 78 240 63 196 123 60 121 33 66 118 179 249
    244 224 113 82 220 211 160 240 112 22 77 43 73 146 151 111 80 88 114
    219 79 218 132 114 173 47 219 239 62 210 159 228 87 234 101 114 218
    59 183 178 223 178 226 48 237 251 53 78 62 54 67 181 4 194 179 199
    94 30 207 159 31 32 159 161 109 117 60 100 16 233 82 102 10 174 129
    75 41 82 14 1 84 99 164 205 206 127 135 109 72 211 211 120 88 123
    233 203 253 248 164 81 184 61 187 32 149 153 162 111 90 29 39 129
    128 28 72 1 7 124 148 112 32 186 186 32 127 93 81 184 226 194 83 212
    187 120 253 71 219 191 129 129 190 143 247 224 80 218 153 115 85 254
    70 23 102 121 37 188 216 185 21 158 13 174 82 70 13 4 9 191 172 177
    79 206 196 125 102 243 52 255 239 191 65 162 228 104 22 127 204 35
    228 238 67 119 50 121 220 186 60 105 112 70 77 42 14 244 222 196 42
    72 203 102 249 175 103 124 92 247 221 222 182 125 155 3 150 129 152
    93 78 152 123 217 82 7 175 176 77 148 190 166 135 224 19 249 89 227
    133 21 62 58 150 186 241 72 133 220 253 199 168 72 169 95 9 65 253
    150 104 179 5 236 205 243 156 229 133 195 188 38 214 248 95 87 54
    239 52 57 151 213 151 55 203 46 42 243 183 47 156 49 239 180 99 72
    49 21 202 161 188 74 88 109 50 115 129 139 98 113 241 181 64 70 173
    216 37 113 30 115 248 60 42 199 83 72 228 205 192 39 114 72 102 238
    188 137 157 72 237 50 221 174 141 60 19 198 237 121 111 85 72 24 232
    203 106 240 5 197 170 182 5 158 58 106 193 196 195 61 37 105 62 233
    31 92 25 51 170 204 108 99 229 244 200 52 116 36 83 67 166 7 20 84
    78 181 224 250 233 119 158 50 25 152 46 112 185 168 224 61 112 12 86
    118 13 194 188 177 131 68 94 188 81 52 197 64 156 84 136 217 93 182
    62 105 78 5 206 40 221 46 90 136 66 251 153 251 235 118 165 169 209
    253 67 125 184 9 193 194 68 107 13 96 236 182 152 243 152 49 237 147
    247 249 17 226 75 177 153 35 248 81 63 248 9 208 185 189 97 106 167
    31 116 166 135 216 8 98 233 95 183 242 247 177 168 22 151 54 144 30
    150 143 224 195 14 228 217 65 176 93 24 67 231 27 90 217 188 163 56
    61 163 53 145 137 156 40 229 221 2 166 114 237 168 50 88 62 118 206
    162 168 130 147 178 231 100 130 138 252 99 33 32 69 249 76 108 52
    185 138 78 90 186 219 19 117 235 245 23 219 56 182 102 113 20 60 184
    18 117 169 81 145 90 250 170 95 254 172 143 52 138 78 202 156 171
    162 52 147 53 74 22 99 143 213 91 167 75 197 115 131 41 29 145 191
    19 178 129 254 208 80 95 13 4 65 246 187 19 188 182 127 11 203 208
    14 2 213 58 110 228 7 136 120 97 196 93 140 138 206 91 127 3 7 137
    134 17 232 77 92 58 178 110 210 246 183 7 109 235 168 10 160 121 243
    76 3 232 65 34 161 36 168 30 134 5 147 85 245 131 149 124 53 132 37
    212 229 89 114 37 84 241 78 116 255 245 100 250 43 127 157 213 180
    102 185 38 161 22 103 171 100 87 243 62 130 100 31 152 250 133 33
    254 181 253 40 160 109 78 177 217 22 149 99 146 176 255 14 14 114
    196 187 83 72 197 253 183 184 46 31 241 239 96 252 235 141 31 251 29
    210 174 140 137 43 189 218 89 223 92 170 212 143 4 149 106 193 44 0
    64 221 34 42 244 202 215 147 191 126 210 180 95 120 155 63 65 33 89
    242 4 204 4 84 16 222 19 35 244 79 16 133 29 106 158 176 20 28 101
    223 228 6 0 200 106 180 103 61 51 150 217 88 12 66 174 55 229 1 118
    199 90 59 177 242 142 212 113 145 141 0 239 125 180 213 73 160 26
    172 241 65 57 254 211 46 240 107 145 215 240 253 228 229 31 252 63
    88 130 152 143 35 54 17 40 185 242 119 254 104 158 238 109 42 157
    239 68 90 195 19 35 104 161 80 137 190 90 45 38 192 33 199 241 86
    245 25 231 152 157 130 171 103 78 142 30 49 229 138 243 181 83 191
    54 128 31 142 254 91 162 82 221 134 62 65 173 122 29 83 9 108 111
    173 154 214 241 123 49 210 132 5 71 33 185 62 56 203 236 8 64 120
    113 107 24 13 87 180 235 81 143 150 14 16 253 205 108 41 138 254 189
    138 190 248 252 96 112 154 95 107 31 109 18 10 228 115 171 207 12 11
    100 217 69 150 131 79 31 76 10 164 238 31 147 116 9 225 188 125 151
    169 169 126 7 33 77 13 82 184 85 188 83 236 180 90 194 0 132 201 34
    200 38 99 130 189 176 210 220 203 84 135 47 109 153 43 141 24 4 243
    231 233 161 224 212 155 72 167 160 139 25 48 204 22 150 192 32 112
    134 251 198 214 61 35 192 121 27 233 106 163 148 211 7 182 34 136 4
    51 165 30 181 223 45 7 1 92 144 136 210 50 109 204 176 219 6 173 17
    12 198 191 29 136 95 44 193 223 120 254 19 233 198 226 178 142 88
    130 110 65 91 192 193 40 86 246 204 66 39 171 244 245 113 221 30 97
    149 69 40 160 131 73 84 170 101 51 68 218 204 228 144 9 252 240 255
    41 218 153 123 21 52 168 179 216 205 188 177 202 0 90 139 135 15 227
    205 25 130 58 251 140 177 102 116 24 246 190 135 62 51 105 103 86
    149 209 232 229 155 97 153 67 0 215 119 98 20 90 130 217 79 187 85
    210 147 0 38 210 171 0 217 63 228 0 154 7 169 60 98 48 78 204 65 142
    180 74 177 6 46 126 15 31 99 32 54 216 238 63 31 95 163 129 45 234
    202 236 67 234 69 111 5 68 111 214 100 223 200 104 36 72 201 111 202
    71 59 59 143 151 48 4 163 80 35 2 197 75 189 129 84 226 63 197 117
    212 128 249 219 69 67 241 154 0 124 187 149 124 238 134 116 9 248 53
    29 172 188 61 54 150 102 7 41 208 64 121 58 51 76 198 199 61 164 119
    222 73 146 236 57 120 238 129 79 8 62 255 129 16 19 7 26 211 98 165
    111 133 193 215 36 211 218 66 196 16 72 227 234 253 92 0 12 128 207
    2 122 209 237 125 246 18 12 163 200 112 117 126 59 209 135 122 99 18
    94 111 99 234 247 159 234 37 175 33 26 192 54 172 225 146 125 125
    252 109 19 59 150 120 255 124 11 43 208 227 121 95 178 31 202 151
    148 203 138 177 243 147 195 168 141 43 210 182 65 123 103 94 46 210
    252 178 48 159 5 104 243 4 41 151 85 94 48 201 176 184 222 177 255
    242 135 202 128 232 132 253 54 110 0 73 34 183 196 105 114 203 169
    124 49 202 237 111 4 52 109 7 218 166 231 158 167 115 108 17 165 219
    38 119 234 195 245 164 148 74 126 214 223 19 41 146 5 120 42 84 26
    155 9 165 76 24 95 214 111 130 218 96 54 57 44 186 182 199 15 34 113
    31 44 153 242 165 184 97 7 189 121 20 72 42 87 140 208 127 84 108
    212 158 1 101 206 222 180 113 99 242 222 41 54 32 18 215 252 124 14
    207 182 37 121 99 220 40 228 28 109 170 80 235 42 254 229 7 161 148
    204 96 43 212 191 120 117 18 254 34 8 179 242 246 65 226 157 113 61
    60 33 20 97 6 200 252 28 241 171 215 74 156 249 85 56 177 138 218 72
    173 26 92 44 21 178 34 201 125 73 104 156 192 159 76 97 222 62 177
    86 238 160 56 213 91 127 21 185 225 209 63 217 15 221 129 124 169 13
    236 214 225 133 212 59 67 34 220 64 195 241 90 58 19 43 238 24 232
    148 57 78 12 111 26 208 39 33 201 153 29 131 19 132 62 66 187 165 86
    43 68 193 187 100 76 132 213 36 95 99 227 146 171 149 104 76 187 160
    124 121 152 212 35 241 80 230 211 77 47 90 222 19 54 63 153 200 225
    172 252 10 88 228 158 106 89 115 210 24 9 64 31 93 125 0 69 75 162
    176 242 48 231 7 165 116 204 221 208 73 93 79 63 78 117 174 161 113
    78 196 115 137 205 152 210 112 216 109 14 145 240 197 154 244 116
    112 81 43 1 193 105 41 200 139 5 37 213 129 166 229 107 251 7 204
    198 93 145 116 50 124 133 110 171 223 149 97 154 139 155 227 84 92
    151 244 218 33 1 12 214 209 247 89 20 6 34 89 218 82 216 217 66 146
    146 20 91 189 198 61 70 172 85 26 251 159 25 154 247 212 44 142 141
    209 83 42 219 88 225 196 143 215 26 5 74 198 132 231 75 161 7 229 67
    65 163 31 91 143 50 52 50 199 124 37 119 5 212 95 212 100 8 129 211
    11 107 214 231 35 206 147 198 134 181 235 109 33 68 242 174 172 251
    133 172 5 92 137 198 184 10 123 4 242 204 193 101 218 229 185 207 29
    57 121 36 234 247 100 61 106 164 197 71 232 109 236 157 190 63 110
    171 44 28 219 173 236 93 133 187 177 62 51 76 69 135 165 102 133 122
    166 113 175 253 38 52 119 0 231 129 45 185 15 0 80 149 68 189 104 4
    43 41 207 177 131 203 222 220 196 82 17 115 22 141 25 70 210 74 142
    22 74 62 38 6 30 123 170 33 78 251 157 160 75 120 50 231 101 132 179
    106 88 94 67 228 39 11 62 215 206 76 175 202 100 16 248 252 221 81
    47 125 109 156 51 99 164 25 186 101 6 252 189 128 58 163 1 184 249
    186 77 170 113 190 13 164 143 155 35 180 237 79 211 61 105 223 43 20
    116 89 231 175 143 217 188 205 58 121 71 206 24 14 116 127 197 37
    236 91 56 165 231 136 116 163 220 47 143 140 34 80 191 98 79 203 33
    8 0 71 36 83 107 134 194 199 13 92 137 20 225 135 223 236 182 120
    144 46 100 75 208 154 106 26 14 52 84 36 250 66 123 116 248 220 119
    6 248 201 30 173 192 131 156 165 181 22 49 19 75 131 214 74 111 112
    56 235 68 168 146 127 119 201 161 223 26 141 57 165 132 171 18 120
    239 104 195 158 148 200 40 75 227 226 159 251 37 196 187 175 239 41
    76 139 140 121 107 105 186 41 188 190 63 199 124 18 251 167 99 195
    175 21 141 188 174 113 111 136 120 23 250 173 6 17 174 13 211 86 145
    130 221 0 114 33 6 160 201 49 17 75 171 60 145 40 47 190 2 159 11 89
    143 194 220 194 239 52 103 187 135 154 71 135 116 160 129 126 48 253
    215 113 40 90 214 66 9 107 122 223 76 221 51 98 62 246 4 211 143 39
    232 49 254 230 47 203 175 129 26 143 1 117 73 14 143 17 34 69 138
    175 42 200 135 88 141 121 69 148 21 188 68 128 8 124 94 200 14 73 2
    32 121 105 22 111 114 13 123 77 31 212 200 199 126 170 163 254 32
    104 17 4 53 11 192 122 205 205 210 45 157 192 77 4 28 205 152 231
    124 58 90 193 190 155 61 215 22 216 227 90 43 237 153 247 63 31 115
    144 227 1 48 210 90 38 139 177 121 218 60 43 208 22 207 224 121 252
    6 37 195 239 175 89 63 182 124 151 185 32 211 93 19 37 84 40 179 142
    72 0 56 76 45 191 100 254 76 254 217 211 97 233 63 191 191 67 14 100
    68 199 55 218 129 172 255 98 58 177 13 253 153 140 88 91 239 148 223
    150 172 164 185 226 99 230 144 94 203 67 250 48 93 240 166 100 216
    236 218 235 79 109 231 202 166 77 119 191 212 169 76 78 240 153 130
    153 14 123 159 46 52 192 31 236 134 168 147 90 152 160 227 209 147
    134 60 87 137 150 29 34 94 24 174 222 251 105 112 54 103 255 20 174
    107 48 186 194 29 183 35 215 49 244 44 28 84 91 223 220 206 147 9
    246 239 128 105 22 17 169 98 222 52 239 38 0 33 24 121 37 169 117 84
    51 70 138 186 123 92 0 195 1 82 240 96 41 57 113 156 176 230 158 12
    163 126 111 206 213 10 174 76 77 235 150 23 0 143 50 19 55 161 38
    149 140 76 1 203 218 123 189 117 135 170 205 79 112 149 96 216 15 38
    131 97 213 109 91 62 49 219 5 137 240 133 133 67 43 165 242 64 106
    38 105 238 252 162 7 93 43 183 136 185 113 55 248 51 72 63 220 213
    182 164 48 12 90 34 197 241 196 73 244 93 251 131 192 21 188 35 112
    74 254 251 142 70 239 34 186 104 240 198 4 120 138 213 188 99 184 13
    77 157 28 82 80 242 51 161 81 116 12 212 13 27 185 205 74 167 132
    172 61 105 148 172 213 236 204 199 143 32 93 85 191 144 43 166 242
    222 117 80 175 164 131 168 243 55 235 218 158 105 9 84 244 76 98 206
    173 74 35 181 87 38 247 121 129 46 139 190 48 84 112 36 229 220 135
    205 62 7 108 233 92 196 149 132 128 178 199 109 96 99 230 241 73 165
    130 106 103 197 143 254 128 122 150 78 25 152 154 95 22 216 55 119
    60 98 222 26 139 168 12 205 183 108 239 35 222 12 69 206 208 49 39
    32 98 89 1 244 43 82 234 27 0 144 32 130 17 137 7 56 133 177 171 203
    130 138 107 24 25 113 66 86 18 80 42 53 253 207 177 232 110 30 50 85
    145 153 113 164 112 184 31 240 183 72 151 40 135 203 234 44 167 195
    118 147 217 205 244 201 74 134 145 254 174 5 171 184 48 133 142 70
    233 42 246 216 127 81 248 55 12 126 220 31 47 251 149 94 136 122 117
    41 38 24 42 80 35 182 137 82 34 71 42 131 152 197 144 58 255 238 170
    165 170 178 165 164 83 85 13 203 204 183 154 29 119 67 58 157 59 222
    91 171 211 222 131 169 110 186 106 130 49 139 183 115 61 18 134 183
    41 195 131 9 68 205 172 196 211 80 23 239 180 218 207 101 145 240
    215 117 19 10 225 42 134 28 163 8 247 142 245 104 195 65 10 143 38
    218 153 10 14 146 110 243 215 201 134 208 70 107 74 37 29 120 212 60
    204 59 12 86 38 30 203 169 182 7 99 189 253 126 74 140 254 160 238
    89 141 107 33 2 253 42 206 104 31 108 1 129 35 227 32 160 94 186 213
    67 193 35 213 213 236 224 109 205 8 122 181 77 185 43 117 198 43 76
    94 86 166 64 43 254 228 116 75 180 130 146 187 211 163 188 207 123
    95 138 127 77 122 11 239 230 46 95 243 196 21 67 147 171 29 70 217
    63 189 24 30 132 122 89 43 57 64 139 111 180 247 86 101 171 205 166
    88 64 129 103 159 22 87 190 101 54 166 26 238 173 245 68 53 115 69
    43 180 18 46 129 120 85 74 1 31 93 193 145 205 244 113 108 49 64 233
    177 16 180 39 165 221 112 55 29 62 162 71 166 180 65 33 76 41 190 63
    2 228 89 241 138 174 253 122 196 6 105 118 193 68 56 63 192 98 27
    145 105 69 208 204 164 198 135 228 35 168 23 248 160 56 43 253 239
    110 138 122 198 80 160 28 174 44 14 69 147 109 105 216 58 245 161
    219 21 186 74 145 54 171 7 139 250 239 176 100 77 232 14 33 252 48 2
    51 88 254 25 37 42 184 126 137 201 205 123 134 163 146 54 3 56 255
    92 187 234 73 58 90 193 220 34 167 101 17 185 165 10 229 226 204 230
    33 154 109 248 205 105 209 220 103 25 115 46 124 94 204 49 192 165
    20 136 151 9 114 71 50 119 72 12 243 39 131 139 140 198 72 116 107
    127 93 179 107 166 5 158 4 222 215 165 230 209 130 17 89 84 180 94
    201 199 139 122 148 173 5 22 34 197 154 156 102 205 0 129 161 45 109
    77 96 195 160 238 198 177 138 221 226 86 75 193 227 1 254 215 91 180
    244 196 116 201 38 175 171 141 245 137 37 155 78 136 125 104 244 68
    66 82 229 136 160 148 224 120 85 187 95 170 85 174 81 148 69 155 189
    69 16 154 66 170 175 39 191 21 88 231 251 182 86 162 12 212 65 240
    224 31 243 67 82 33 238 109 52 93 66 71 113 168 8 45 155 54 99 76
    201 156 206 29 184 225 61 168 115 130 228 105 121 44 210 166 77 30
    223 91 90 223 38 142 82 108 33 22 35 204 56 108 23 94 60 107 128 99
    89 97 126 107 117 67 249 159 144 237 218 254 52 13 253 47 165 208
    236 82 20 252 19 49 68 135 153 94 195 23 162 106 9 126 62 246 131
    213 204 236 219 130 152 216 106 222 21 178 60 14 253 167 22 10 217
    185 234 164 177 159 57 53 133 233 124 193 171 142 135 96 127 158 45
    177 224 134 239 246 16 245 115 35 196 241 177 248 80 90 15 9 87 109
    96 245 44 8 63 25 77 129 101 237 52 36 102 9 29 163 254 12 251 220
    70 64 131 152 152 128 127 46 130 183 2 153 5 121 39 77 213 45 243
    123 31 129 117 204 104 77 89 180 42 179 72 39 97 104 89 28 114 190
    210 124 138 40 109 201 9 4 242 55 106 66 142 64 65 228 147 199 220
    217 164 95 82 70 93 251 211 214 195 254 144 150 103 233 126 94 194
    177 146 143 122 79 217 96 157 241 120 28 19 167 182 205 149 22 8 77
    53 98 51 209 189 61 186 216 25 20 135 145 119 137 93 232 169 71 56
    233 175 77 212 27 86 250 142 184 161 152 139 134 99 110 17 120 34 37
    52 3 2 55 50 210 31 59 213 29 45 253 166 0 13 63 111 157 30 108 143
    72 137 147 118 144 117 166 195 204 144 99 229 131 63 208 118 163 100
    96 148 28 32 3 50 182 51 80 192 85 208 106 193 141 82 37 52 114 30
    164 28 201 87 206 182 208 61 63 94 171 2 213 138 150 213 211 119 147
    20 106 0 37 137 121 246 164 136 74 57 135 134 31 127 39 218 8 67 201
    158 148 253 76 27 174 109 120 56 246 234 105 111 88 245 76 169 57
    207 148 108 87 156 38 165 198 203 171 140 149 211 99 132 237 36 205
    184 3 149 255 187 222 120 141 117 168 183 52 210 242 76 107 253 170
    181 87 144 161 136 66 233 180 78 7 251 1 229 54 66 51 145 96 23 248
    247 174 165 40 238 109 127 240 75 231 121 113 211 8 225 15 54 34 43
    167 46 39 154 0 58 127 153 121 100 226 13 156 249 82 158 131 213 159
    224 152 149 148 162 3 21 226 185 128 45 90 98 232 81 223 157 98 161
    221 206 53 162 70 10 252 193 33 195 87 0 81 148 30 173 237 56 209
    142 112 93 99 191 67 2 18 240 161 165 168 135 202 158 15 40 85 73 71
    226 125 201 232 242 1 76 51 12 127 3 50 232 239 246 99 89 220 3 97
    84 255 51 27 58 56 133 191 239 187 153 32 175 62 56 59 88 32 30 37
    234 113 196 136 63 81 78 44 18 181 155 143 211 223 127 253 135 189
    188 98 165 65 182 58 179 169 219 37 39 243 48 209 159 192 64 221 189
    58 1 233 132 229 211 246 129 229 119 211 5 62 137 2 217 221 163 20
    81 42 14 0 100 213 221 112 104 190 217 149 10 129 46 24 104 243 125
    240 222 195 23 216 129 16 132 206 60 15 214 252 186 222 71 80 133
    154 228 226 181 248 67 113 204 89 102 30 116 74 195 235 120 114 114
    139 21 113 228 4 212 239 11 60 241 221 32 96 234 76 166 199 108 35
    11 23 229 175 80 78 235 187 118 146 243 212 130 72 70 128 74 203 71
    199 14 104 5 192 63 95 36 132 226 221 246 108 44 5 53 196 147 89 144
    122 181 74 184 205 201 25 124 127 42 53 198 208 123 27 67 15 219 88
    248 65 153 243 193 178 177 154 103 103 201 164 197 81 54 35 47 74 5
    249 10 106 155 177 229 202 4 196 161 4 60 245 219 158 214 163 175
    194 132 147 238 194 106 42 164 202 44 9 238 67 155 149 45 91 205 51
    167 107 110 9 110 141 70 138 104 94 170 22 238 125 216 70 115 157
    180 32 44 228 241 139 89 255 58 233 47 96 169 131 244 213 139 186 84
    102 236 227 33 35 96 150 198 148 123 135 154 191 232 19 248 77 119
    163 72 91 38 9 242 117 8 6 221 157 94 1 79 82 251 155 212 195 106 19
    54 185 84 52 155 90 13 198 146 131 115 141 98 147 96 195 112 149 13
    185 129 21 88 127 190 180 243 255 50 102 169 68 11 203 164 191 175
    74 63 25 59 176 66 25 0 68 194 101 232 131 97 238 28 67 151 158 25
    241 233 59 146 227 80 246 4 209 49 146 208 15 158 56 110 131 62 72
    107 208 61 30 214 247 102 78 45 207 218 76 133 168 196 126 122 4 28
    156 117 65 199 179 50 153 69 31 244 220 153 244 42 40 212 236 46 110
    89 203 138 66 20 26 207 243 172 175 159 168 69 96 237 30 106 228 255
    45 201 135 103 197 229 81 160 14 86 238 182 80 207 127 169 234 55 62
    66 1 118 1 189 37 172 44 53 62 63 180 70 193 227 81 75 132 167 85
    229 21 146 166 119 231 150 142 64 211 55 205 8 127 229 33 24 243 15
    221 151 126 104 1 216 134 144 188 85 96 80 178 119 85 42 208 188 95
    231 125 23 255 47 222 74 45 70 198 199 229 236 142 160 2 91 70 113
    220 138 33 147 229 180 254 113 164 140 239 222 110 227 165 67 190
    175 175 43 190 203 46 55 207 114 189 158 83 136 64 117 127 65 153 23
    69 56 69 200 253 48 84 95 232 101 179 48 31 221 243 119 236 121 228
    159 217 248 120 175 172 144 105 179 114 206 142 185 254 214 114 101
    217 233 18 12 67 108 243 239 123 115 146 26 107 78 85 40 96 229 193
    158 80 182 3 201 119 52 73 65 242 111 92 208 141 10 196 30 80 20 125
    254 126 67 67 237 213 139 132 234 12 190 191 18 72 137 90 42 93 153
    134 69 74 38 134 195 123 184 173 227 141 36 0 95 15 159 159 55 201
    172 143 239 189 226 213 94 206 114 219 55 7 213 160 56 27 115 141
    211 233 195 152 169 67 43 55 111 157 149 213 223 165 138 175 172 138
    142 34 113 182 191 227 51 120 92 136 5 136 127 239 38 151 11 130 75
    114 128 122 133 229 199 187 235 41 23 110 94 169 10 241 146 170 205
    178 167 34 171 216 141 114 146 161 4 112 211 140 173 204 61 82 202
    152 179 155 50 81 144 34 103 11 84 43 146 164 142 233 49 9 41 99 205
    82 179 91 96 209 161 70 146 186 214 53 175 255 245 194 63 3 195 103
    30 19 111 9 116 245 187 123 9 99 245 85 66 18 22 208 41 61 133 107
    57 38 187 72 221 59 98 63 219 28 231 144 62 173 139 136 79 131 57
    152 29 205 224 140 98 162 218 149 91 230 16 214 164 24 116 79 138
    194 1 192 146 27 79 11 225 200 223 251 87 75 195 211 131 190 107 146
    23 186 120 250 158 203 83 26 15 7 201 141 166 197 205 165 165 196
    208 10 180 226 150 5 24 99 89 198 217 180 35 249 52 176 19 4 103 69
    77 116 37 160 40 77 176 55 103 107 221 178 179 155 136 9 186 23 12
    154 104 142 170 193 158 163 181 230 6 172 13 81 178 32 66 121 83 109
    161 25 26 116 152 50 145 81 27 202 58 122 91 49 50 182 25 86 248 74
    161 196 211 15 209 20 162 39 227 180 41 225 64 174 224 126 27 182 65
    148 61 161 171 167 83 65 214 65 140 110 166 139 243 81 140 229 145
    251 100 85 100 172 130 162 128 96 48 129 8 25 76 30 175 236 229 2
    137 36 245 235 87 221 58 189 103 50 30 205 36 174 132 151 5 196 74
    188 42 164 226 236 199 180 67 179 58 59 61 90 105 184 103 165 117
    120 182 3 188 98 230 82 97 63 12 197 52 179 63 80 173 195 170 253 21
    32 188 255 138 156 232 240 180 12 147 139 32 25 145 187 190 94 155
    38 9 47 90 174 78 100 93 32 66 158 180 73 65 49 226 187 208 72 90 46
    49 237 16 219 154 39 101 30 182 189 152 152 31 90 223 218 206 93 254
    87 254 228 38 72 112 96 233 155 178 159 240 216 32 195 38 219 25 209
    55 100 84 166 181 1 91 222 69 0 13 70 197 233 54 132 66 65 245 9 181
    1 69 187 127 30 142 205 11 134 50 60 121 16 217 79 78 73 0 144 80 20
    252 163 235 169 7 239 85 82 220 100 74 178 39 167 228 253 131 211 15
    239 138 75 219 96 173 215 143 197 96 192 133 97 132 231 210 159 42
    207 210 5 168 56 171 6 99 216 150 48 120 66 103 106 59 42 99 225 69
    216 231 26 53 1 60 161 12 206 241 62 200 189 110 233 71 151 249 162
    47 114 22 200 220 199 163 190 36 44 219 217 20 131 91 186 195 30 114
    32 56 104 14 149 160 80 28 106 108 227 51 128 88 90 115 17 31 146
    107 66 223 195 66 64 111 139 164 208 96 246 250 222 9 208 7 47 14
    240 50 158 51 1 224 177 72 73 44 224 234 192 70 87 194 111 86 200
    164 138 248 5 115 45 244 25 71 128 52 14 239 112 76 78 5 55 64 255
    179 133 241 123 216 218 181 132 89 190 20 22 148 226 3 115 212 165
    155 54 59 180 233 241 97 41 77 139 125 109 121 89 218 219 237 4 21
    174 185 206 62 145 133 21 188 182 27 21 63 144 226 183 120 18 155
    104 82 36 12 140 186 65 35 240 158 239 95 232 108 19 41 30 220 255 7
    89 48 85 165 198 38 175 140 127 140 227 53 14 29 230 61 128 84 237
    82 185 12 121 12 147 124 151 246 174 17 93 83 40 202 106 24 217 42 8
    17 11 23 248 173 137 72 211 32 8 58 184 55 71 43 112 147 226 105 159
    199 101 180 195 255 250 246 214 170 162 62 115 189 149 164 65 247 38
    154 151 155 188 135 167 99 46 101 46 204 18 182 229 193 33 147 207
    108 55 13 39 111 220 208 175 99 2 151 144 212 62 173 52 178 135 114
    112 213 2 214 182 118 70 234 94 193 250 188 166 44 227 227 161 166
    63 69 157 69 136 40 3 62 8 197 197 161 88 52 6 70 145 184 3 225 253
    161 27 98 166 124 47 84 43 32 12 131 176 187 33 179 184 150 74 58
    157 19 48 36 13 44 160 37 87 72 149 251 11 244 179 200 147 178 19 25
    24 217 160 181 123 13 118 17 247 226 56 127 132 18 182 43 63 97 32 8
    30 94 195 247 125 168 74 124 253 135 24 57 145 64 86 191 135 127 99
    103 18 31 248 103 187 41 101 125 176 14 238 214 181 175 227 11 9 178
    206 233 51 243 170 164 200 89 1 175 48 59 172 211 227 131 34 154 123
    50 122 136 178 35 8 192 186 102 69 99 36 96 109 233 104 125 147 83
    108 223 53 204 86 17 33 188 15 176 47 125 77 75 18 231 187 233 45
    179 38 98 70 78 136 95 207 235 255 227 106 246 196 204 196 254 42 92
    16 66 1 147 171 61 233 85 220 39 152 241 248 219 206 137 54 184 116
    173 109 152 184 20 139 32 47 245 137 251 185 139 84 43 3 238 200 241
    11 23 166 202 253 171 145 99 123 162 249 104 202 175 104 40 87 207
    147 104 23 42 141 180 151 159 220 173 67 22 148 89 199 142 122 207
    112 44 215 193 30 38 89 1 43 137 147 180 17 175 178 134 182 12 249
    152 202 84 13 61 173 146 92 172 204 169 29 116 134 225 42 18 243 29
    119 11 141 46 167 91 69 148 89 83 100 32 178 147 213 90 235 208 172
    12 246 110 117 189 110 5 84 123 252 108 44 237 126 164 125 219 48
    234 132 154 16 198 105 102 252 241 128 187 94 187 241 64 94 3 220
    230 204 189 1 61 176 154 137 67 198 229 170 166 148 146 192 54 233
    200 63 176 172 16 159 235 59 153 230 28 194 60 69 16 244 241 247 104
    185 233 19 247 62 220 122 124 84 12 211 146 9 207 100 59 9 96 152
    135 180 152 230 204 5 195 216 165 37 173 207 234 224 31 0 145 111 50
    40 114 88 235 255 126 90 110 93 135 158 123 160 62 112 245 56 129
    218 223 110 54 75 57 219 196 33 33 246 109 230 43 113 88 49 83 161
    64 130 187 75 48 96 226 34 128 184 74 93 99 165 152 19 21 59 192 193
    47 40 135 221 85 241 68 19 55 21 194 252 92 168 1 129 177 193 234 49
    85 144 187 91 11 74 119 43 230 143 244 13 227 227 243 130 218 15 13
    121 246 157 70 93 3 238 196 152 155 246 236 244 49 45 233 160 226
    234 38 250 62 78 2 44 82 172 46 224 152 146 81 209 22 59 173 229 237
    170 2 156 252 3 64 167 113 187 104 87 24 217 35 140 165 215 5 88 203
    168 31 36 84 141 211 46 145 158 158 238 192 205 155 84 118 8 76 24 2
    217 83 17 99 236 63 137 110 9 20 58 32 209 151 107 201 85 255 152
    109 203 242 244 99 86 87 178 115 132 182 213 171 105 151 155 150 252
    25 26 175 20 125 33 6 31 67 102 2 255 145 134 54 20 250 203 35 109
    94 121 103 145 78 203 241 9 87 89 67 10 180 213 59 192 31 190 58 167
    84 250 219 203 157 147 60 165 164 15 198 18 62 161 96 173 148 203
    151 244 214 185 52 99 143 161 198 60 249 64 161 218 161 77 163 86
    127 164 7 112 223 48 46 44 74 74 56 18 178 52 251 157 210 239 169
    202 48 13 66 176 109 226 4 241 122 160 127 73 144 219 201 209 238 25
    129 17 214 139 19 89 6 159 122 212 248 133 36 1 31 138 79 49 109 12
    66 182 182 230 6 128 233 129 4 115 213 144 231 104 199 223 1 18 167
    0 80 173 188 225 239 183 182 239 254 72 252 172 208 112 11 65 217 19
    2 226 190 225 59 251 152 68 143 113 143 173 39 236 58 253 250 61 135
    59 2 226 85 6 111 91 249 61 222 67 143 232 150 105 146 124 213 128
    251 169 213 21 221 107 200 244 84 18 26 202 203 247 37 202 74 123 63
    251 125 68 101 40 37 185 215 163 88 165 77 98 69 10 131 109 3 165
    101 178 174 170 183 52 175 152 254 83 199 158 45 11 214 152 155 64
    186 176 175 169 156 144 161 126 46 49 44 200 163 148 220 13 84 55 82
    22 236 195 184 181 175 23 181 121 104 150 132 213 168 169 245 214
    128 232 153 181 249 202 223 164 24 73 157 215 109 194 50 28 49 129
    20 253 170 38 42 47 192 199 217 77 148 144 189 152 0 34 59 134 205
    201 146 14 110 174 99 25 142 41 141 21 225 99 38 81 31 0 101 165 207
    70 80 227 11 157 216 129 185 112 84 1 232 240 84 40 143 66 221 118
    120 44 175 69 154 235 213 27 42 182 240 62 75 124 45 43 253 161 85
    194 48 236 30 212 14 221 206 154 7 135 181 207 56 182 38 233 6 15 46
    245 124 35 45 200 150 170 193 15 202 246 143 143 231 69 13 195 17 19
    157 71 28 121 214 112 237 116 140 140 4 238 114 154 94 182 207 117
    73 14 139 116 55 46 42 2 76 164 17 126 245 52 7 208 216 30 78 196
    254 57 221 129 249 198 239 179 151 136 133 110 70 145 175 136 173
    120 112 55 148 138 46 120 208 84 151 97 82 152 112 41 93 109 30 116
    239 146 141 119 177 100 197 140 89 34 36 137 15 215 26 137 207 41
    229 181 18 162 3 17 249 84 162 20 54 88 250 198 91 178 48 175 152
    242 56 122 123 207 84 105 30 26 87 151 202 220 6 124 45 152 30 24 82
    180 99 73 124 93 50 84 117 93 205 44 26 137 154 212 108 115 230 41
    81 159 97 151 231 43 253 127 243 25 131 16 216 239 17 159 58 254 158
    124 145 31 13 181 73 48 64 219 180 168 182 172 109 171 72 27 118 144
    112 154 30 110 194 135 145 48 83 61 182 240 92 128 91 143 249 188 70
    156 14 208 34 186 123 195 206 22 240 3 113 209 116 234 29 113 47 92
    123 218 22 196 185 226 11 197 93 23 210 12 110 46 53 86 152 13 137
    248 90 45 157 161 144 226 213 98 196 209 32 113 3 170 122 251 43 155
    250 110 219 201 61 11 124 212 252 149 242 228 118 23 139 152 46 62
    143 179 197 187 226 217 166 190 18 237 122 61 153 16 202 112 173 31
    149 21 51 209 5 84 186 179 155 128 221 99 214 248 208 11 24 201 229
    51 255 128 27 172 101 27 10 85 67 99 189 119 139 162 188 146 133 56
    140 202 217 182 91 114 25 13 28 235 236 87 53 232 196 22 39 218 203
    219 189 254 0 249 234 241 51 186 127 143 161 134 35 37 159 201 57
    213 190 249 94 119 116 2 209 184 6 133 106 122 140 193 76 57 233 51
    2 164 168 173 16 248 215 126 49 63 180 173 114 11 138 253 58 40 81
    51 106 130 220 111 240 105 229 158 65 68 119 235 24 100 34 176 129 8
    75 244 156 37 196 73 79 249 125 10 85 146 78 74 230 56 192 174 211
    174 43 66 70 233 178 145 114 226 151 89 213 83 216 243 186 247 42
    127 13 141 182 168 68 166 49 249 126 105 147 93 158 165 53 161 217
    139 196 55 125 68 125 110 78 58 56 235 247 38 21 67 248 192 198 143
    152 139 120 120 105 96 133 120 155 250 39 48 231 199 125 195 158 234
    134 133 143 210 214 253 187 73 126 216 90 40 158 142 199 83 222 171
    246 193 90 161 249 164 193 24 99 156 27 72 235 29 237 250 94 166 150
    202 21 176 174 32 113 26 138 70 161 13 31 67 46 12 130 56 156 247 50
    80 194 249 238 29 5 3 111 74 138 248 194 137 110 12 223 233 88 3 46
    137 217 37 137 28 29 240 107 52 151 133 225 20 90 40 119 98 130 6
    168 31 150 87 142 32 195 10 11 78 23 201 38 255 59 197 158 7 94 69
    107 91 195 193 137 55 149 136 243 96 234 40 219 33 229 4 252 50 157
    113 236 160 158 235 63 248 173 52 140 18 201 89 39 113 144 167 181
    133 16 95 15 163 98 252 245 182 201 5 115 240 170 142 157 181 147 71
    84 187 252 62 67 158 101 241 167 133 189 209 60 4 70 18 155 230 134
    192 117 77 80 170 166 160 148 215 44 111 240 227 83 184 67 175 75
    168 99 170 247 147 99 238 32 8 32 41 83 47 112 229 232 40 253 141 71
    206 74 34 163 235 218 89 224 50 11 50 169 240 94 37 1 255 228 78 0
    147 11 129 233 29 206 253 71 112 24 49 170 92 247 189 107 49 241 193
    80 250 19 99 99 100 86 110 155 23 163 180 64 224 163 130 99 59 10 89
    251 180 105 115 77 24 59 107 255 180 146 13 136 123 118 62 2 231 7
    118 18 11 181 176 25 70 61 134 158 139 2 20 24 39 38 178 143 58 235
    168 196 168 199 46 160 23 26 22 250 204 228 241 159 111 41 165 171
    100 123 228 232 24 254 178 88 205 54 0 89 135 199 169 249 216 62 82
    161 25 71 198 196 130 16 212 176 224 184 121 169 87 17 217 219 4 52
    240 184 109 76 172 159 79 160 114 248 76 67 192 158 152 148 41 174
    221 37 112 77 50 89 76 119 49 163 223 221 67 211 150 59 149 191 59
    100 167 248 223 188 153 254 51 88 12 218 75 36 8 94 197 94 65 60 61
    14 222 39 151 100 159 65 195 79 242 99 173 47 239 100 83 64 70 37 87
    80 236 61 108 17 219 255 40 181 235 219 85 30 55 11 232 217 15 101
    90 103 219 126 156 56 176 206 73 127 46 194 5 24 111 100 18 255 40
    96 43 106 16 51 18 77 135 125 89 132 9 211 255 189 46 48 41 130 179
    139 206 38 41 207 92 171 199 165 117 110 152 197 217 9 57 210 112
    229 12 169 72 149 166 89 168 6 227 12 220 205 184 6 230 61 119 144
    125 14 183 211 20 49 155 68 198 104 68 243 3 254 113 208 144 150 82
    144 101 156 5 235 246 232 129 58 108 220 155 14 130 182 164 239 158
    2 44 247 56 27 0 74 46 142 255 208 210 196 11 211 175 55 236 117 13
    130 123 253 52 36 171 181 122 239 73 134 61 79 176 165 134 143 195
    193 124 64 202 244 248 229 63 129 162 110 214 135 215 223 92 226 229
    64 211 163 56 29 54 196 108 3 15 167 192 231 193 138 36 54 114 18 81
    61 208 156 219 237 170 72 222 138 158 57 70 219 254 18 146 125 218
    74 49 246 113 212 73 195 77 181 149 220 136 188 72 118 33 155 31 187
    151 146 12 32 90 18 204 45 5 163 75 136 233 85 163 181 94 123 28 163
    93 96 23 127 66 181 60 110 218 183 243 206 178 151 42 47 26 27 209
    221 179 13 201 144 133 64 77 6 246 146 25 100 144 69 123 77 3 247 56
    178 209 105 159 250 108 69 104 159 235 246 135 53 196 1 54 178 7 214
    239 91 56 131 172 119 30 227 106 71 11 58 112 136 98 192 202 240 117
    234 189 156 254 112 97 133 110 110 1 91 87 70 44 90 240 79 151 148
    76 39 84 213 33 77 71 188 153 30 154 175 21 14 21 236 83 116 184 214
    102 126 140 165 35 61 176 135 112 4 173 8 120 208 157 90 236 78 186
    39 17 171 191 253 86 148 89 192 106 143 23 239 77 0 254 40 61 208
    214 102 11 240 174 149 207 49 24 158 150 135 76 227 58 227 164 192
    98 185 0 66 16 147 165 37 238 249 71 113 19 134 138 120 102 92 201
    27 152 24 151 246 192 176 195 120 232 149 94 211 43 13 222 238 243
    27 81 230 78 82 105 141 48 251 122 241 60 107 226 215 94 82 63 108
    204 93 206 221 57 179 129 150 176 225 125 51 165 202 116 77 251 107
    119 25 211 154 77 51 23 164 134 158 212 47 32 30 181 137 166 94 251
    3 132 114 207 253 63 5 188 53 164 96 0 24 141 165 218 241 129 77 137
    109 202 156 156 85 36 96 174 152 245 151 222 65 248 176 31 243 52
    174 186 244 138 207 55 235 197 234 183 117 124 169 140 59 21 228 180
    0 170 10 47 174 98 146 123 79 31 81 118 131 46 140 178 47 92 111 252
    119 201 180 209 4 70 12 236 242 87 229 221 159 91 108 85 178 47 248
    168 109 210 199 19 233 163 219 16 200 251 124 186 44 33 209 100 137
    144 170 78 245 46 9 180 255 74 24 200 92 4 74 97 163 211 64 97 114
    24 213 57 14 236 35 125 11 100 55 167 92 242 232 179 213 27 158 131
    9 172 209 40 37 245 144 59 127 28 39 182 41 103 144 130 77 224 66
    189 254 193 233 138 228 115 48 88 27 140 134 26 94 176 153 9 198 38
    16 96 32 89 169 99 243 73 28 174 16 152 37 185 149 164 12 90 3 80 89
    244 129 212 125 5 16 54 202 16 149 142 17 174 115 61 198 21 72 251
    154 179 141 24 16 159 143 24 253 192 222 60 210 151 105 51 135 1 139
    223 57 74 25 215 101 244 125 131 74 93 223 165 132 214 133 0 172 225
    132 18 172 29 76 70 52 253 187 45 180 36 58 112 71 123 28 115 14 99
    22 14 132 96 64 149 19 254 251 103 211 151 129 2 159 100 137 96 39
    149 214 180 40 233 69 230 210 58 26 216 93 64 192 94 173 101 216 204
    20 148 58 169 200 223 29 219 38 188 7 147 101 61 229 173 0 91 33 244
    42 176 31 125 116 226 111 27 102 98 211 234 130 120 4 13 69 231 123
    184 147 69 225 237 165 70 199 162 80 179 98 141 148 75 188 239 122
    207 27 177 17 14 210 211 5 235 146 27 119 13 67 96 38 179 217 99 69
    124 123 90 115 40 176 23 70 21 145 192 111 107 23 196 37 90 131 106
    38 18 64 186 88 6 41 188 215 118 82 187 111 30 141 114 58 98 63 199
    203 86 209 22 197 161 233 157 31 243 74 66 131 234 180 8 188 215 71
    44 107 140 241 194 251 108 2 104 178 151 12 183 93 221 209 46 129 34
    50 64 63 34 115 136 15 42 127 142 226 195 61 36 255 133 246 251 241
    167 88 82 94 247 12 65 11 74 39 206 108 208 244 94 95 3 167 20 155
    139 73 157 105 77 8 45 75 210 159 85 99 105 177 186 11 110 20 17 105
    165 25 3 88 22 95 135 48 132 4 210 74 92 97 126 79 153 92 200 88 38
    230 95 66 216 196 49 119 172 142 150 216 197 208 247 222 192 209 236
    149 254 184 212 230 102 254 189 111 217 156 190 33 234 196 220 69 13
    50 21 97 160 38 33 42 131 244 191 86 254 193 37 220 151 61 32 85 74
    227 183 16 109 206 214 181 42 127 65 161 211 83 103 76 240 63 192
    150 145 83 99 194 60 232 16 156 242 160 188 165 248 228 128 14 37
    159 84 163 151 251 4 43 21 164 8 108 107 2 173 114 14 152 201 11 213
    89 83 214 203 23 216 25 98 63 111 230 14 29 9 168 121 96 126 172 32
    255 247 52 139 122 126 105 27 231 230 11 181 29 86 48 98 202 239 227
    127 50 159 143 54 210 8 127 197 224 50 246 167 246 147 238 9 119 1
    244 2 139 168 3 40 10 115 100 31 12 208 172 56 199 217 153 252 197
    232 40 244 64 221 11 113 134 122 138 96 58 23 100 183 99 100 200 35
    243 147 217 50 231 189 54 20 145 30 188 170 236 77 116 124 45 211 81
    73 4 35 159 138 60 86 215 185 14 15 243 103 250 159 249 6 98 33 241
    193 239 192 53 1 12 148 152 148 18 204 86 223 40 137 213 130 5 54
    205 9 60 77 2 96 248 113 58 207 55 92 125 91 28 205 11 208 172 239
    99 163 207 210 169 108 19 142 138 242 203 81 103 214 126 250 209 8
    137 176 253 16 27 122 114 247 19 46 208 52 239 80 148 64 163 86 31
    135 65 23 119 222 116 220 171 242 110 236 61 105 10 90 62 185 99 110
    197 151 26 222 101 13 66 146 113 86 254 60 59 71 0 9 60 23 57 96 230
    155 181 182 196 42 75 233 15 164 226 69 197 202 55 42 113 247 215 59
    233 221 223 96 28 207 238 233 163 198 64 243 70 16 79 58 55 176 126
    151 238 46 44 199 202 28 90 141 72 92 129 229 144 190 135 252 165 70
    253 159 40 153 179 97 58 109 59 81 162 223 147 151 49 17 230 98 151
    103 174 27 111 206 239 172 81 204 91 238 16 112 59 55 93 131 188 31
    49 90 156 197 215 243 209 247 178 16 9 233 183 61 238 23 182 169 47
    107 201 187 124 201 116 199 229 113 24 96 10 136 197 213 235 167 248
    68 72 186 199 113 27 7 116 111 172 234 117 206 70 174 195 118 247 58
    121 203 148 203 125 18 117 2 96 157 230 200 108 75 224 196 38 221 82
    96 234 93 6 202 9 73 143 132 14 134 246 11 217 71 118 219 163 129
    104 66 251 5 37 166 205 251 236 175 48 30 50 181 48 225 10 14 142
    198 7 92 207 175 166 20 244 60 175 105 219 84 125 89 157 239 22 103
    205 165 249 75 169 127 73 76 13 0 129 211 199 30 60 11 101 127 82
    216 231 14 61 151 109 101 196 201 59 182 96 245 243 38 109 192 194
    240 18 166 158 208 47 186 81 184 120 203 15 242 121 42 146 149 95
    176 164 244 177 66 15 63 243 43 46 44 65 22 192 10 146 172 242 80
    177 242 145 244 32 16 156 126 228 242 94 49 235 49 134 198 242 8 65
    199 163 23 17 83 32 76 36 85 126 121 72 105 138 183 98 108 167 208
    227 169 141 51 202 70 110 77 71 226 98 249 113 76 237 189 111 58 121
    105 68 30 211 161 231 8 247 175 231 68 221 253 132 232 197 227 146
    87 79 125 199 0 197 109 157 224 123 235 213 131 200 227 128 213 149
    30 47 125 205 138 95 202 169 87 64 20 223 113 63 187 77 8 8 251 95
    237 12 66 217 242 27 250 42 72 117 207 137 16 92 218 98 156 225 180
    251 66 39 144 205 7 156 35 84 79 89 202 3 142 94 121 58 84 146 237
    16 95 65 62 36 123 161 129 172 121 40 237 230 204 170 249 144 225
    124 240 190 199 166 164 181 205 184 14 81 94 250 161 158 174 118 226
    209 146 30 100 37 155 2 49 239 198 74 83 60 219 49 216 175 212 67 30
    33 208 156 26 187 24 21 252 208 200 54 89 204 34 111 139 129 105 131
    243 10 50 228 202 37 108 221 24 147 213 82 211 158 217 29 89 54 44
    33 113 192 151 25 199 66 83 163 114 233 221 227 209 77 97 57 21 67
    75 90 90 54 177 179 244 49 166 116 80 122 27 45 140 153 45 110 44
    237 90 133 80 188 240 199 218 101 59 65 138 0 62 135 234 20 217 83
    62 220 76 146 139 163 189 4 78 211 186 250 251 77 206 159 123 46 31
    82 242 206 109 119 237 53 130 206 246 180 19 189 201 121 139 162 40
    101 92 177 192 200 49 235 217 131 209 131 50 136 165 186 61 67 68
    194 68 202 172 85 192 109 22 142 29 36 166 142 241 136 96 87 121 209
    93 116 243 32 46 237 134 245 47 15 68 211 203 69 48 197 31 121 179 0
    254 78 178 4 179 89 179 164 54 160 76 74 220 170 243 229 102 97 200
    170 110 61 149 208 9 88 68 48 73 36 50 125 161 206 194 28 55 232 138
    192 99 46 167 198 127 86 139 118 229 162 200 149 228 65 36 210 8 51
    65 227 93 62 7 50 9 213 168 14 232 52 181 50 169 248 216 225 16 43
    102 213 72 251 150 204 59 121 186 198 10 121 20 164 155 114 199 141
    212 224 93 166 61 22 69 11 167 152 163 90 110 67 115 50 129 25 139
    11 63 9 247 173 221 85 236 173 175 53 133 18 119 201 175 163 154 133
    5 78 197 152 130 222 170 209 81 238 219 138 226 19 1 99 139 157 0
    164 66 119 41 114 204 98 4 103 223 47 73 23 91 221 37 106 243 128 14
    130 80 249 42 59 238 237 229 70 73 157 240 6 92 172 240 3 221 31 109
    203 91 214 202 24 250 165 122 22 239 204 138 111 1 208 73 21 225 151
    187 244 177 184 19 136 228 253 18 202 83 227 253 27 13 105 53 100 10
    4 14 31 18 148 190 177 20 3 64 163 227 124 249 239 194 24 54 29 205
    25 35 0 156 236 31 162 199 155 69 8 145 28 38 249 231 171 61 0 119
    168 86 227 115 103 13 34 248 192 72 61 97 220 132 101 87 198 182 199
    220 60 178 245 250 247 77 98 164 222 184 34 219 253 1 227 42 76 208
    101 224 90 15 210 47 44 153 228 234 201 85 93 20 94 178 16 156 160
    199 130 150 135 125 5 44 19 18 239 21 187 69 177 84 34 18 46 67 69
    143 78 41 151 139 153 89 1 46 50 171 183 29 226 184 75 238 94 232
    227 35 154 201 249 175 24 26 108 104 202 218 221 56 44 62 63 241 68
    114 124 5 200 194 185 63 66 222 30 8 164 240 49 33 117 188 62 188
    210 52 80 118 9 169 200 201 8 20 39 63 131 58 234 5 147 112 65 91 91
    158 0 1 5 94 38 192 36 116 15 84 68 52 181 113 126 31 138 146 35 167
    216 97 143 39 208 50 172 244 128 30 237 77 66 23 210 44 161 220 188
    79 142 221 118 143 92 132 150 245 250 107 211 10 11 133 176 223 64
    242 140 112 93 154 218 93 139 103 67 182 19 207 228 173 38 221 111
    85 172 12 223 125 138 136 202 61 65 242 187 128 143 26 241 135 83 73
    183 26 230 48 196 227 117 7 21 183 86 254 93 83 151 229 186 51 172
    15 23 101 36 254 115 139 95 56 179 26 104 214 104 200 27 211 126 252
    23 223 147 198 77 253 142 20 88 23 14 200 247 141 43 86 32 64 98 47
    214 104 18 244 253 195 223 241 101 195 121 59 116 90 185 65 204 19
    113 27 163 127 2 140 253 91 46 219 79 133 106 192 103 240 178 224
    210 14 229 165 15 198 64 255 126 131 175 235 123 208 60 120 144 24
    209 145 19 85 179 142 104 86 251 209 209 167 52 244 245 218 2 119
    148 198 227 231 164 57 133 214 139 191 184 214 12 106 133 112 144
    236 100 134 185 8 250 107 58 238 253 200 5 177 6 70 58 156 218 125
    126 90 34 91 193 51 99 167 234 128 194 243 114 19 91 201 130 160 130
    59 59 161 108 10 248 100 210 121 165 170 103 66 42 117 199 251 39
    176 212 189 132 135 46 192 150 98 202 113 241 132 78 3 192 160 33 28
    228 105 239 172 202 217 176 97 75 96 138 37 59 71 213 179 42 242 204
    84 180 215 96 136 223 146 186 142 68 143 54 107 18 250 172 245 101
    33 220 223 208 195 154 221 65 196 9 11 14 154 42 80 88 160 99 31 45
    106 75 196 192 213 132 172 219 66 115 116 15 180 139 98 197 83 180
    40 162 49 123 40 155 91 88 135 29 227 70 79 251 49 251 1 240 81 201
    249 96 217 136 72 78 126 65 50 95 161 239 53 161 238 224 181 116 20
    254 252 107 152 192 60 102 29 33 250 138 54 173 218 201 130 95 149
    234 200 211 128 34 218 103 161 236 187 180 146 137 45 84 27 163 43
    224 25 197 13 63 115 37 75 92 55 227 220 134 160 203 135 60 230 52
    52 128 21 141 203 65 131 243 255 213 86 167 53 108 10 188 125 71 145
    251 5 202 109 104 135 218 151 12 103 245 237 43 247 164 193 245 239
    92 190 135 224 127 129 64 37 165 68 149 38 47 52 27 28 255 94 57 35
    21 163 252 19 152 202 66 23 212 98 190 235 250 78 98 158 143 146 130
    184 144 122 142 230 30 167 82 119 42 62 208 175 10 73 56 214 224 252
    100 118 60 18 152 184 249 15 145 20 59 241 31 192 111 220 255 116 55
    13 221 5 237 158 188 176 186 116 214 146 4 250 172 64 210 108 209 96
    255 11 169 59 96 239 225 13 14 3 224 12 106 216 214 127 53 165 167
    18 13 188 114 11 7 102 126 194 28 173 55 105 72 50 157 26 236 203 85
    90 233 26 25 158 182 163 83 145 133 62 173 56 153 226 153 253 26 226
    64 157 131 193 74 6 246 2 124 71 232 57 161 208 26 209 26 197 128 17
    159 129 108 247 157 161 119 159 32 104 189 75 243 209 45 111 71 106
    58 108 115 134 170 44 178 28 232 151 114 54 72 93 36 175 60 251 2
    209 106 156 224 238 30 190 7 42 100 196 217 99 64 64 210 122 249 241
    162 75 58 214 81 51 10 97 169 216 234 164 94 186 166 170 40 249 163
    177 40 249 21 16 3 9 81 221 30 200 252 42 119 184 66 149 90 192 233
    120 97 233 103 53 111 3 111 33 168 242 196 208 36 69 76 233 182 27 6
    74 30 30 250 68 41 6 149 44 4 122 46 222 11 184 55 185 6 123 130 146
    229 246 193 248 234 225 123 226 74 208 3 251 218 215 136 21 89 149
    225 4 152 38 90 123 5 8 150 114 125 31 207 199 231 72 37 46 205 77
    65 179 169 220 213 43 100 159 26 30 67 238 203 188 57 118 201 228 68
    247 177 223 70 197 42 39 157 145 27 71 236 136 1 132 147 237 10 87
    213 76 124 255 213 130 100 161 46 40 176 174 183 176 62 2 2 148 56
    195 145 215 29 224 126 164 133 141 205 141 43 154 0 83 57 228 187
    155 214 23 29 113 240 68 9 112 99 178 197 218 70 249 182 58 214 126
    235 9 151 129 217 52 144 12 100 99 35 249 115 93 156 204 222 23 36
    207 215 236 175 194 138 166 61 253 113 129 144 36 229 46 21 152 13
    111 198 167 252 138 95 202 42 168 48 209 22 122 131 211 172 53 158
    65 45 90 95 97 19 112 77 182 60 53 119 108 128 112 202 64 223 59 24
    234 148 187 206 134 79 0 11 163 213 54 183 189 103 138 226 183 160
    179 176 89 56 226 14 209 206 76 149 115 89 237 199 158 87 241 148
    149 245 16 136 183 228 187 55 223 210 196 235 20 76 41 118 182 193
    149 147 176 54 34 28 124 209 233 216 32 63 241 173 165 15 14 114 67
    50 225 62 92 188 82 64 8 170 176 57 8 208 255 104 211 165 90 49 89
    228 105 152 133 95 52 129 110 124 131 58 181 32 158 206 155 35 28
    214 150 173 95 242 28 16 104 79 146 40 56 90 164 132 208 246 110 88
    73 35 152 27 121 0 79 166 6 7 206 124 121 78 131 184 132 89 71 253
    223 110 208 22 250 102 129 197 75 69 134 95 241 248 5 29 139 166 113
    137 74 59 50 18 95 16 98 239 140 139 47 103 18 221 104 74 131 52 20
    177 223 184 125 215 15 225 255 59 253 189 175 7 24 0 200 86 54 112
    53 9 254 128 236 71 87 80 143 28 99 180 210 220 3 61 12 132 38 87
    242 165 176 166 145 245 35 110 98 17 178 189 46 175 153 231 216 26 5
    223 144 206 82 107 43 236 209 100 176 165 47 77 84 220 3 25 97 92
    224 91 220 13 158 38 216 183 196 131 179 99 98 220 122 80 58 25 211
    52 34 93 81 102 39 94 201 132 90 234 23 102 167 233 121 153 239 39
    56 207 16 23 72 192 76 204 157 89 113 209 84 39 213 239 4 176 78 165
    127 76 178 252 203 66 26 78 173 104 219 65 37 197 92 18 83 222 212
    51 41 51 134 136 106 231 96 188 139 215 192 252 86 177 196 220 104
    149 134 153 172 67 182 101 249 140 126 81 125 141 94 107 31 164 50
    251 21 149 49 57 117 51 89 100 83 115 163 163 221 220 183 196 226
    243 169 218 36 192 84 247 22 54 132 108 138 246 85 237 78 242 227 72
    219 171 243 22 150 70 142 218 48 129 6 84 210 141 246 234 118 219
    162 46 147 59 30 3 120 125 158 14 12 94 68 0 173 120 43 70 203 233
    50 216 173 31 103 151 106 254 128 0 200 81 84 198 55 160 160 59 218
    81 23 232 82 223 8 164 6 126 243 28 57 116 202 189 111 162 244 162
    44 100 187 49 83 68 232 77 164 157 37 70 229 224 86 64 14 39 190 144
    175 8 94 155 118 16 117 166 69 215 163 185 217 182 11 16 41 191 150
    19 212 164 118 226 36 79 139 189 228 5 131 124 48 74 79 147 255 55
    87 165 85 22 170 142 255 44 136 208 165 119 209 115 57 9 70 155 125
    0 164 19 32 167 237 253 174 164 213 6 108 210 22 240 249 164 120 163
    18 75 155 196 116 62 12 68 137 107 212 225 49 228 149 104 187 143 38
    136 183 8 135 39 141 45 181 180 121 232 184 19 90 34 35 100 220 40
    238 54 66 129 89 206 5 228 253 160 69 164 109 54 91 235 231 103 187
    19 64 7 148 124 233 119 120 248 191 9 57 254 101 120 242 91 199 246
    104 203 166 65 171 101 19 207 45 240 209 131 34 217 245 209 169 165
    196 37 174 250 239 205 73 239 194 62 109 12 209 56 82 5 168 243 170
    128 229 116 104 222 213 151 105 46 80 144 238 50 40 92 210 111 199
    201 22 87 20 80 84 19 142 128 162 197 89 102 192 213 118 198 165 232
    205 178 138 40 18 118 157 178 188 249 141 132 147 57 152 87 229 116
    237 93 18 72 199 112 184 17 43 0 174 211 45 179 160 82 162 96 233
    220 107 143 122 233 176 195 205 77 77 63 111 39 82 217 56 7 41 188
    174 85 234 16 175 248 145 164 13 151 87 172 2 22 159 254 163 40 87
    121 88 200 36 81 51 86 60 104 133 208 237 84 224 214 188 214 34 110
    244 157 9 143 189 140 78 248 26 82 182 88 192 214 14 78 58 58 231
    248 39 104 132 244 32 200 105 28 85 1 131 49 56 111 26 96 223 43 214
    200 35 91 103 220 69 77 166 172 176 102 22 192 115 237 81 151 204 2
    153 41 180 213 255 174 125 124 69 229 145 95 81 56 16 228 37 134 5
    223 57 187 90 145 210 237 61 231 35 99 5 127 117 168 102 57 20 127
    31 57 114 92 245 70 105 90 200 15 126 102 112 85 235 186 86 38 47 57
    91 4 23 236 107 50 110 145 102 26 19 65 54 61 21 202 143 228 228 186
    74 215 123 92 241 10 138 225 59 127 157 180 33 92 149 72 46 168 186
    235 226 5 9 158 226 209 213 240 227 119 98 72 252 60 157 58 57 38
    239 128 173 95 253 93 133 61 128 72 153 144 172 195 46 0 158 116 11
    107 79 1 155 95 74 52 206 239 74 126 50 7 17 176 144 123 56 38 231
    154 41 233 105 144 72 72 158 165 0 17 220 52 144 2 198 250 179 16
    108 179 56 202 232 67 96 171 16 95 54 38 103 151 2 16 72 225 13 208
    80 30 232 190 69 21 59 248 10 166 163 88 146 13 199 60 31 121 232
    118 219 153 124 157 26 90 145 206 167 70 163 60 127 76 28 118 12 74
    190 164 59 49 142 81 154 223 221 17 65 59 31 6 171 208 116 239 34 13
    71 143 220 29 109 38 60 141 227 182 253 240 136 43 117 250 39 192
    146 120 109 28 131 122 43 72 220 136 225 203 229 105 220 66 232 169
    159 134 194 111 223 209 140 101 60 142 234 134 153 82 104 125 175 6
    128 76 11 13 67 38 2 187 141 148 4 130 115 183 171 181 212 68 8 140
    138 1 72 171 71 28 41 34 64 186 27 159 58 79 252 230 18 200 14 226
    232 100 94 24 250 243 3 229 45 176 168 203 174 209 223 1 198 82 36
    144 171 23 249 221 145 238 189 6 197 169 156 187 40 123 202 143 41
    128 79 176 94 158 49 111 154 53 73 60 170 63 80 119 232 19 13 71 165
    199 0 239 111 222 189 225 101 140 132 107 125 95 59 181 27 25 69 10
    73 208 203 36 39 217 110 69 177 30 150 240 107 57 159 188 238 158 14
    164 20 51 131 115 208 131 227 208 149 73 16 133 81 159 82 189 239 69
    206 134 64 19 130 126 42 181 255 125 62 167 15 143 153 108 186 86 49
    255 168 247 140 253 114 160 22 21 40 178 219 116 185 145 197 50 23 0
    235 232 84 221 27 121 79 117 55 59 54 29 106 158 79 105 39 243 200
    175 82 201 153 152 55 197 128 20 16 189 207 253 76 101 12 91 112 112
    124 221 200 65 50 74 12 78 102 28 69 191 20 201 119 75 76 230 214
    218 112 29 87 61 6 213 143 168 236 56 245 172 49 144 32 220 81 247
    207 204 6 9 41 151 61 218 45 149 180 75 200 238 114 236 14 91 118
    123 160 219 145 117 90 174 186 131 168 6 224 224 94 177 104 78 64
    252 224 28 109 112 31 130 42 166 136 156 161 104 29 8 115 124 6 0 59
    213 140 146 120 111 129 209 155 122 206 121 242 254 200 186 42 187
    29 170 88 132 1 153 226 31 220 6 155 255 234 193 196 222 210 137 32
    43 170 92 69 119 217 143 51 35 117 67 180 98 59 140 14 165 51 93 8
    29 71 83 250 85 90 0 156 140 14 156 192 107 173 115 171 49 6 177 126
    182 180 160 12 176 77 206 231 95 232 168 128 107 17 160 112 162 139
    21 187 42 14 236 93 151 253 115 214 12 60 214 70 165 115 128 212 190
    103 9 140 70 149 79 129 186 175 219 231 124 232 180 239 215 67 83
    138 224 102 216 124 122 142 127 103 251 75 43 24 67 59 53 239 58 39
    236 130 81 194 161 47 239 26 91 51 209 249 250 147 139 142 165 250
    115 24 76 28 75 223 200 231 74 115 24 115 79 27 132 227 81 205 197
    169 38 168 175 251 190 235 222 152 234 43 178 53 133 3 197 18 92 120
    219 213 191 200 245 10 206 68 158 184 63 43 29 244 124 22 101 48 92
    136 225 144 250 208 28 190 106 51 245 187 58 253 230 57 34 102 125
    206 227 62 233 217 141 217 135 224 34 240 114 67 97 186 115 247 204
    214 223 130 188 169 248 24 38 149 135 135 197 152 138 86 251 13 102
    238 99 78 21 180 193 61 176 95 100 71 228 189 31 227 236 128 3 6 219
    73 81 205 163 117 118 207 89 55 85 140 218 180 208 15 102 171 210
    141 170 61 243 15 101 90 182 22 183 45 103 142 97 213 196 20 143 15
    43 243 197 187 7 151 112 113 51 221 156 161 229 133 57 63 92 196 25
    31 236 160 228 221 208 54 102 109 32 1 141 161 212 134 231 135 146
    217 3 3 224 230 1 26 163 30 104 148 142 131 63 155 67 170 54 32 193
    135 3 203 101 223 94 203 221 120 209 56 19 115 133 213 92 214 124
    227 132 25 120 217 140 78 164 244 224 102 33 224 236 99 114 234 207
    5 136 117 189 36 217 10 245 101 44 250 203 197 249 106 105 47 205 12
    146 233 236 163 20 135 236 252 197 27 92 150 156 7 21 33 214 21 246
    253 180 44 205 229 254 161 222 168 160 55 177 125 77 137 144 197 34
    241 147 120 87 129 250 242 13 223 35 239 116 148 122 158 245 158 164
    104 221 241 223 207 158 76 36 188 2 131 130 23 6 164 178 71 93 251
    174 38 59 152 116 103 215 218 116 229 150 66 109 174 99 160 112 162
    190 149 238 239 91 167 129 42 40 68 216 12 11 66 222 98 166 178 111
    56 6 43 62 121 159 46 69 100 24 142 110 162 235 173 104 178 225 253
    176 133 14 131 120 202 197 24 122 213 164 7 43 67 10 220 1 212 94
    199 194 23 80 111 109 46 100 220 12 30 162 202 92 111 159 118 254 38
    110 150 238 146 235 148 96 188 119 53 173 145 143 80 102 211 93 80
    155 187 163 144 7 16 6 153 68 195 106 152 224 175 206 191 39 169 3
    72 249 104 39 93 91 197 62 52 252 36 128 100 177 164 252 231 40 232
    146 36 8 186 82 0 133 187 155 172 229 250 164 245 180 246 52 163 184
    228 249 223 91 207 193 138 70 213 88 103 253 130 186 54 86 154 107
    252 83 133 31 249 227 11 254 23 42 120 246 244 245 251 178 59 103 2
    68 211 64 25 211 38 76 238 160 42 103 208 202 80 248 109 51 209 190
    174 233 173 139 236 83 5 129 111 155 48 232 220 26 112 35 246 180 16
    90 238 147 137 245 142 77 125 26 180 4 239 17 64 189 35 196 208 33
    185 31 35 242 177 101 245 49 247 102 70 67 226 163 204 169 237 168
    57 75 18 138 143 11 165 214 96 169 255 27 155 198 65 117 227 77 171
    39 209 148 97 80 31 105 67 30 125 135 220 116 4 110 30 102 228 106
    10 38 123 28 225 20 163 48 247 45 111 46 211 87 17 150 24 59 152 195
    87 140 58 223 199 7 164 235 127 64 219 45 7 226 67 96 116 74 64 151
    113 93 51 213 224 20 159 58 101 253 39 193 255 148 65 111 1 0 62 35
    144 119 142 190 133 37 106 152 205 24 44 205 113 208 143 87 171 92
    254 147 224 191 195 240 95 45 124 226 232 193 63 250 50 171 50 194
    78 192 40 178 126 216 120 87 44 198 54 42 7 124 109 142 16 17 230 93
    210 46 163 224 173 42 55 50 46 70 17 62 37 104 212 32 178 122 221 33
    209 134 189 186 161 8 208 92 199 112 43 224 60 224 72 113 3 141 181
    195 27 81 55 228 13 242 243 41 252 147 163 0 153 241 80 252 214 58
    221 213 240 241 187 167 142 136 90 21 18 218 241 165 136 120 234 49
    73 175 40 170 161 148 190 108 240 156 140 35 85 126 178 76 182 211
    55 151 23 143 55 51 60 2 206 141 115 203 87 19 55 26 235 183 84 34
    157 232 175 30 111 95 193 177 215 169 136 219 52 31 77 45 33 20 195
    122 6 122 116 84 60 119 66 166 228 155 94 252 23 209 80 80 214 51
    103 21 225 245 159 30 175 228 117 157 62 39 206 170 227 180 45 182
    178 218 59 220 234 195 96 178 239 168 177 31 244 238 15 185 43 166
    207 176 174 96 105 117 71 1 200 92 202 169 162 130 62 122 178 212
    121 173 46 248 91 34 241 117 28 52 196 104 89 170 19 93 198 21 36
    199 155 132 208 65 18 99 174 192 241 32 96 8 217 33 166 206 73 112
    26 230 120 185 207 88 254 60 129 144 19 213 67 8 138 166 218 241 178
    161 235 180 169 218 17 86 58 246 73 123 201 167 216 134 72 118 94
    135 215 188 233 47 154 140 86 135 3 88 29 186 251 243 40 178 74 27
    51 179 64 120 134 215 215 83 71 177 93 13 30 61 254 122 35 16 233 70
    185 233 57 62 166 2 240 212 58 207 151 213 70 194 212 10 123 156 202
    33 143 120 51 97 28 168 151 7 40 83 21 207 173 131 50 148 173 250 71
    27 22 83 9 191 248 60 93 238 96 159 128 88 250 177 109 82 14 38 117
    246 216 147 171 43 123 209 6 160 38 199 228 194 1 180 123 131 170 77
    174 250 84 43 46 127 101 26 82 207 124 78 153 171 211 227 229 54 100
    128 105 43 109 252 157 44 101 247 181 183 159 209 230 112 186 113 91
    252 209 238 206 210 120 57 150 116 134 80 12 215 251 92 167 59 10
    224 204 231 187 133 243 84 112 104 7 112 185 86 158 195 144 216 226
    219 72 249 189 217 128 200 196 230 123 72 223 71 191 43 205 5 111
    172 161 163 115 219 240 230 160 46 64 50 118 53 220 33 4 87 11 36 61
    168 233 53 106 18 39 25 123 106 3 132 253 205 248 238 242 225 167
    214 175 156 57 65 21 149 16 187 5 232 183 255 17 97 138 194 159 215
    25 112 144 34 44 52 61 212 59 137 233 141 4 5 134 150 121 30 198 90
    205 21 68 115 103 136 144 34 126 168 132 7 1 226 221 64 210 150 154
    244 215 28 242 34 46 152 183 76 215 238 58 36 175 83 248 141 187 1
    67 215 104 26 250 112 130 118 81 50 235 41 143 255 127 228 109 130
    171 1 242 46 56 237 195 165 202 30 81 12 11 43 136 190 252 145 157
    101 195 62 99 173 33 171 172 227 151 133 46 104 65 66 107 20 182 150
    213 241 150 59 55 134 251 32 160 126 12 24 238 166 208 14 88 158 152
    0 59 4 56 81 125 250 235 8 48 128 155 166 15 98 28 185 125 134 72
    128 122 236 27 243 135 112 246 41 73 217 28 86 191 216 207 222 94
    153 114 199 254 220 251 193 220 66 55 46 182 182 67 125 92 127 232
    135 184 42 114 41 93 181 13 12 38 233 191 167 55 17 179 0 35 100 219
    109 98 23 150 175 83 140 141 2 195 116 125 113 97 186 132 153 174
    109 47 151 104 42 245 97 122 65 45 101 20 127 26 32 126 151 54 136
    248 66 219 229 147 34 149 4 129 133 68 163 2 182 126 183 111 176 38
    132 212 0 255 196 217 55 154 99 63 233 13 61 13 137 213 146 130 249
    190 221 51 61 84 105 125 6 138 255 166 71 205 114 153 250 96 72 82
    63 173 167 214 13 159 215 52 166 211 72 255 18 110 201 59 108 5 107
    185 141 234 212 208 212 70 134 131 177 184 80 169 117 79 173 63 220
    120 122 12 219 117 105 245 154 7 177 147 21 200 187 55 228 0 25 240
    130 235 121 90 251 36 168 124 246 5 96 126 10 31 122 82 176 100 200
    64 232 184 14 158 251 28 255 93 180 152 54 55 65 253 161 148 68 151
    205 243 92 239 100 177 12 118 145 234 209 244 78 195 17 98 168 196
    210 64 20 36 186 142 61 96 1 15 92 3 176 111 248 193 93 112 119 166
    2 14 26 44 186 62 90 208 79 138 82 212 170 247 49 146 21 243 116 121
    154 56 130 176 69 34 167 212 220 224 236 226 49 109 144 188 213 224
    250 106 152 193 4 150 223 222 50 255 118 178 135 22 196 18 211 141
    167 144 149 190 131 211 104 51 202 0 241 57 123 109 72 138 75 169
    159 186 79 5 66 224 148 163 11 214 238 27 154 87 112 103 244 67 64
    86 15 117 36 182 153 252 5 225 208 115 50 45 92 122 39 33 177 108 84
    248 253 37 10 177 6 153 40 57 7 247 234 18 159 214 219 100 169 45 15
    224 162 20 165 245 250 162 145 76 106 202 113 137 125 241 14 42 38
    10 4 119 96 251 55 174 158 83 111 196 222 188 130 6 18 183 67 25 93
    96 47 176 107 149 128 27 90 188 252 228 140 137 135 83 184 12 254 4
    28 163 31 35 222 139 11 228 14 169 59 253 27 171 74 254 122 159 75 8
    72 181 61 247 32 61 71 234 179 194 12 174 96 217 6 241 215 18 188 55
    234 49 69 189 61 112 163 85 253 222 86 251 247 21 239 180 72 196 88
    42 238 236 139 184 172 197 185 89 19 124 252 80 171 96 135 21 88 141
    73 242 186 7 17 6 7 122 96 212 76 121 144 112 22 45 51 140 120 25 1
    26 51 177 96 125 255 37 18 103 236 207 188 230 94 125 207 54 212 74
    120 43 0 124 245 54 233 35 178 194 230 237 122 66 239 4 52 59 198 42
    57 109 56 75 233 239 242 4 230 195 140 47 25 43 168 85 202 125 127
    98 42 39 102 30 251 170 252 99 165 59 61 247 241 170 5 61 234 105 99
    12 191 58 154 233 82 136 194 77 113 73 6 35 111 70 220 162 148 112
    31 139 58 89 29 74 227 209 213 234 51 196 64 179 202 171 173 160 63
    244 192 20 201 238 78 45 251 30 4 219 20 246 216 25 138 145 241 172
    44 162 190 198 16 49 178 172 136 253 152 251 129 225 244 201 162 51
    127 1 47 230 164 168 189 195 121 138 50 61 128 102 29 249 66 158 161
    142 124 222 83 230 28 135 36 217 95 98 235 218 152 187 46 164 219 87
    17 187 78 12 194 105 204 195 239 120 143 181 215 167 14 156 26 165
    115 9 152 87 24 128 255 146 101 66 93 167 200 144 184 87 213 200 182
    208 239 187 73 240 158 132 196 120 87 53 219 82 245 1 182 223 62 178
    129 67 168 166 48 145 69 214 39 129 73 34 49 147 50 36 99 101 52 203
    232 51 184 49 202 209 105 120 190 17 48 33 72 127 67 197 171 153 194
    1 233 92 102 139 138 176 249 158 132 241 41 110 33 187 174 111 51
    251 35 95 123 117 102 71 209 145 246 214 207 116 177 95 48 180 127
    116 186 52 71 36 82 140 234 142 215 39 201 100 88 78 195 90 135 234
    80 252 88 11 24 253 41 86 168 46 109 46 106 205 52 152 43 72 155 199
    141 73 39 215 219 64 61 12 183 142 1 25 202 182 39 7 52 245 50 140
    184 66 142 208 227 237 192 64 50 136 162 96 240 150 29 212 178 22 76
    189 132 232 62 165 26 182 108 152 173 6 79 159 228 55 13 153 116 91
    185 82 36 34 146 95 159 77 253 213 56 192 183 207 129 137 205 137
    213 178 96 118 108 151 251 228 14 171 193 147 189 133 53 49 235 131
    154 47 243 16 154 235 186 27 137 138 191 153 81 86 169 254 252 81 5
    186 168 193 224 150 67 191 102 236 231 120 198 131 13 32 153 84 117
    45 92 128 8 79 2 131 177 66 24 178 186 186 86 183 190 210 18 132 150
    31 199 14 191 45 251 42 200 53 214 40 146 106 16 149 81 64 98 253 28
    166 49 193 155 60 199 181 239 61 181 243 103 221 30 18 233 102 128
    213 49 131 185 27 206 83 19 99 133 132 190 162 119 221 126 221 223
    135 179 28 43 74 57 219 151 141 85 188 168 180 215 101 165 137 67 81
    241 93 59 101 209 106 194 206 241 146 128 102 186 121 167 35 234 158
    201 176 18 197 125 206 169 192 252 78 90 217 52 190 234 180 220 215
    74 218 157 182 250 102 30 103 187 214 158 1 113 176 66 225 38 222 55
    124 248 192 225 202 179 82 238 111 250 98 20 16 214 34 35 123 123
    217 25 88 214 150 202 148 125 129 87 236 108 127 138 152 161 8 115
    101 212 137 95 30 51 237 148 207 198 15 141 152 122 219 161 253 199
    45 39 71 89 88 40 240 254 112 164 54 89 48 131 129 140 35 182 29 178
    175 231 117 181 128 156 253 231 169 195 228 86 96 32 40 156 54 133
    249 233 194 159 250 81 141 235 51 67 171 209 80 147 165 65 125 132
    113 36 189 43 23 69 196 202 171 167 117 69 91 5 37 230 207 147 68 11
    108 172 244 188 165 185 189 25 203 223 10 159 108 106 227 62 57 214
    215 209 158 74 73 215 255 16 23 249 146 149 254 173 54 83 67 112 249
    215 210 222 86 191 229 8 173 40 53 112 25 67 2 148 223 145 255 207
    135 198 204 114 243 11 178 25 160 61 179 163 149 32 32 249 245 16 68
    35 108 55 23 41 11 154 29 251 186 239 71 250 237 37 205 186 6 203
    180 129 187 61 50 119 168 252 161 236 215 5 247 67 146 227 72 204
    114 123 176 221 225 25 201 127 147 225 53 240 189 29 110 159 25 237
    63 34 145 20 241 58 86 73 68 49 106 67 89 234 12 250 106 35 104 232
    20 205 83 179 161 44 223 34 246 150 126 76 66 221 173 137 145 189
    198 74 15 0 68 107 17 217 225 80 244 124 247 202 175 14 120 17 80 66
    65 6 168 40 210 93 72 83 87 183 54 235 80 136 53 16 51 130 149 69
    126 174 117 11 196 155 143 57 23 185 49 9 104 127 255 162 41 164 194
    79 246 35 61 31 102 216 45 84 244 220 222 51 4 63 212 71 30 192 241
    118 61 129 198 191 1 73 22 155 72 6 81 86 5 20 180 150 157 148 181
    159 37 73 87 178 227 157 172 43 52 171 154 229 92 213 101 116 86 153
    199 109 37 184 33 247 148 11 23 69 20 139 114 197 102 153 45 223 74
    74 172 169 15 244 22 18 153 64 129 209 14 104 57 90 252 144 22 176
    174 17 117 192 237 112 252 94 167 32 124 114 203 237 174 166 102 99
    196 196 225 15 217 137 137 154 204 242 123 109 36 225 203 43 122 230
    14 64 253 136 52 86 155 124 104 187 10 12 2 224 81 246 237 230 254
    100 181 250 113 224 149 187 226 68 147 240 182 186 233 242 39 233
    105 12 230 194 116 133 184 59 146 48 92 165 128 230 57 186 182 193
    64 4 180 38 209 229 69 232 142 198 145 70 62 229 169 111 243 159 250
    206 148 116 186 50 124 212 127 239 74 113 223 101 217 45 255 220 160
    100 227 51 246 186 121 144 32 146 233 60 56 200 155 54 203 212 92 33
    91 64 212 110 115 229 236 135 242 126 194 54 158 177 13 140 51 4 53
    191 156 212 14 241 46 86 155 82 172 53 121 251 100 140 236 215 4 216
    255 73 233 154 230 174 245 83 3 34 14 187 126 72 220 93 183 144 9
    119 230 15 100 153 149 78 23 221 48 155 182 233 69 242 90 70 100 234
    219 68 53 90 17 143 229 28 97 26 244 235 14 21 161 47 117 34 176 202
    9 111 47 9 126 162 142 131 183 76 83 98 143 132 135 182 113 133 24
    16 204 99 95 28 129 135 33 62 43 157 248 208 60 162 82 224 160 32 96
    143 137 190 70 167 21 12 50 11 135 139 1 190 160 233 24 46 78 139
    242 165 86 39 62 76 51 217 185 162 95 28 57 140 62 84 137 225 122 80
    45 62 109 52 159 204 109 126 156 74 99 252 64 234 184 56 219 148 78
    84 240 175 136 175 136 175 49 213 76 84 130 39 185 154 33 31 64 160
    252 167 179 69 199 207 100 69 176 95 218 223 208 164 35 129 42 218
    99 188 9 69 213 214 39 142 237 73 0 111 45 85 198 197 99 126 102 102
    180 83 7 101 79 134 64 36 16 233 222 85 164 198 237 140 67 99 188
    138 22 7 229 35 14 163 162 141 169 138 169 64 97 101 46 120 219 185
    151 204 173 167 60 4 76 24 47 65 249 37 12 97 18 138 165 76 6 39 102
    203 97 48 226 39 108 185 167 172 46 1 131 3 127 17 82 78 180 147 161
    37 122 70 173 249 44 199 137 111 58 122 89 57 70 75 50 136 89 228
    233 82 119 200 106 158 127 246 97 105 186 105 6 75 240 13 26 4 103
    37 57 115 134 140 5 154 27 51 69 254 35 243 119 2 71 7 229 47 202
    141 160 5 213 98 66 18 94 41 176 18 209 204 183 42 210 27 241 176 96
    238 71 153 125 210 51 35 208 50 211 227 104 87 57 182 102 164 143
    106 69 137 254 171 136 149 87 46 121 154 128 225 17 38 122 243 50
    123 89 112 22 196 139 171 177 171 166 190 162 7 209 69 110 157 220
    25 37 121 69 229 64 42 191 147 167 120 226 246 168 17 224 65 177 46
    85 65 166 166 210 179 244 102 225 142 97 249 10 36 70 253 74 136 247
    132 13 154 48 27 230 195 156 221 179 105 217 103 21 23 82 100 230 90
    1 21 92 220 22 232 28 179 30 87 251 111 106 91 148 192 182 198 210
    128 174 140 157 124 2 223 76 119 88 247 147 173 140 179 198 146 166
    121 248 10 27 200 238 210 75 175 254 5 38 102 189 81 76 229 16 105
    40 17 77 0 128 133 95 47 180 114 38 165 49 91 24 26 99 166 108 249
    76 215 65 182 99 208 103 34 39 86 190 94 66 137 182 107 136 187 83
    223 223 107 182 105 99 221 72 25 41 212 85 244 200 253 1 195 253 230
    95 132 171 19 112 239 67 148 110 177 226 143 84 254 80 19 159 167
    183 149 255 71 219 57 118 105 88 96 180 129 97 112 58 46 177 193 99
    133 12 19 48 25 67 13 140 100 165 60 131 90 168 191 175 111 160 0 25
    150 96 207 229 27 148 156 89 144 6 227 134 78 209 189 132 117 171 90
    44 103 178 92 214 152 158 248 18 130 218 81 250 61 91 22 55 12 110
    232 74 172 60 2 186 129 153 132 248 83 27 170 111 186 39 161 55 205
    235 182 225 172 97 186 99 125 108 66 125 244 211 4 192 111 0 171 96
    36 42 94 69 79 41 147 188 235 143 110 60 94 193 171 231 174 249 56
    89 4 203 65 103 147 195 149 166 141 202 201 89 70 197 115 157 90 126
    27 159 7 225 196 185 255 134 185 39 71 156 89 65 148 32 238 152 130
    127 177 179 103 206 136 142 191 86 195 186 57 19 102 193 150 69 142
    175 108 127 236 11 144 9 85 146 225 30 5 128 151 212 105 26 154 91
    166 10 58 50 111 148 16 48 94 99 18 138 36 50 227 51 156 225 3 160
    167 21 27 152 241 206 178 33 231 46 210 111 138 186 223 25 208 244
    69 140 231 36 175 96 171 70 252 230 239 127 5 255 61 2 127 250 85 38
    35 131 168 110 6 113 21 208 141 97 84 119 199 161 128 174 53 145 70
    155 245 252 43 24 174 111 104 35 7 64 135 232 220 37 26 15 221 39 74
    6 151 23 88 226 50 182 210 4 13 214 123 206 187 181 125 62 6 130 112
    183 102 167 192 184 153 101 63 108 8 132 147 170 55 120 194 92 89 27
    8 87 174 216 190 213 244 39 119 94 25 186 108 201 141 194 248 73 121
    84 250 82 9 101 244 85 228 122 76 196 46 3 249 175 156 155 161 66
    137 53 134 47 166 32 70 231 194 64 77 46 240 192 18 111 9 167 78 191
    216 172 151 34 159 216 111 132 93 115 208 229 62 157 17 147 99 245
    155 47 110 89 247 5 209 231 123 163 250 249 180 215 19 245 203 188
    229 166 151 200 152 104 230 28 139 114 95 251 163 151 65 175 17 170
    19 99 130 39 171 117 0 102 8 210 234 236 224 255 70 227 169 195 151
    51 226 13 148 111 175 188 204 41 227 25 59 50 54 124 183 64 42 109
    51 142 41 72 81 61 6 180 16 216 221 70 53 63 187 233 100 108 133 181
    164 44 100 31 121 93 143 131 197 66 247 235 108 64 137 156 10 62 172
    144 35 3 250 206 211 225 54 194 83 24 20 57 98 125 242 32 108 101
    109 18 27 204 5 188 91 244 171 10 115 232 239 234 168 198 233 154
    173 79 31 252 171 215 212 190 28 80 73 115 59 102 201 106 142 96 183
    206 117 59 0 184 53 102 64 9 234 69 131 117 149 230 184 72 81 229 3
    225 45 105 73 121 235 255 208 116 15 6 148 123 34 110 24 137 111 114
    191 79 20 2 254 92 155 6 251 12 142 75 174 183 190 66 143 200 145
    105 72 107 43 164 210 102 70 193 84 240 99 35 253 237 239 71 253 182
    252 99 79 59 168 8 59 113 232 230 130 91 200 246 77 51 31 116 112
    251 80 193 173 28 145 175 14 87 203 91 246 220 77 223 127 122 11 223
    145 158 157 44 115 157 115 8 40 93 248 92 208 51 196 98 117 21 11 86
    66 156 76 165 97 171 25 205 247 89 113 181 86 175 228 30 155 215 217
    202 36 141 253 127 92 178 13 110 61 221 67 25 30 192 240 47 249 26
    149 105 162 113 5 211 255 172 104 166 5 229 95 98 237 124 233 194
    199 201 38 158 169 206</data></test_img>
<my_img type_id="opencv-matrix">
  <rows>100</rows>
  <cols>100</cols>
  <dt>"3u"</dt>
  <data>
    220 222 111 255 38 255 83 180 255 255 214 255 255 148 255 255 140
    255 85 229 132 36 224 73 87 93 255 255 178 103 255 3 255 255 167 162
    36 255 44 255 255 255 153 169 89 38 255 186 255 174 3 230 41 255 255
    34 255 255 85 255 255 124 157 255 121 255 255 104 255 100 122 188
    255 232 255 156 136 255 255 47 60 121 62 255 162 185 255 40 220 113
    255 222 255 255 10 255 255 45 255 196 255 116 169 177 32 98 255 255
    255 255 166 255 255 255 255 158 253 87 255 9 218 117 255 186 21 150
    255 255 255 228 132 147 203 84 255 255 106 5 19 207 255 90 255 255
    113 176 128 0 32 255 245 209 255 255 254 140 211 55 147 45 237 97
    255 11 241 255 118 17 145 37 255 134 248 149 255 22 255 124 255 255
    143 25 214 24 255 255 255 251 255 255 59 255 255 255 255 149 255 255
    205 181 44 255 255 77 250 66 70 215 255 255 255 121 65 232 211 70 55
    113 255 255 191 164 186 96 255 239 255 169 255 255 73 40 255 255 255
    108 44 255 66 255 4 231 255 255 41 255 166 70 255 130 170 62 255 121
    217 143 187 255 96 192 79 255 97 144 124 96 174 205 5 255 64 130 255
    75 84 5 145 32 77 226 255 255 255 165 255 28 141 255 255 255 255 255
    255 219 220 80 103 252 207 73 255 255 123 255 174 186 255 243 255 9
    92 212 255 255 255 255 170 210 66 73 255 151 85 103 104 255 255 62
    67 255 255 59 255 41 150 255 62 145 255 255 255 121 30 110 185 255
    103 97 255 233 255 66 71 255 130 85 255 255 82 255 255 124 255 77 26
    167 255 255 255 255 255 144 43 255 255 237 255 19 255 255 205 255 22
    73 23 243 167 115 255 193 17 255 255 162 137 82 58 10 255 255 255
    197 130 7 255 68 73 166 255 139 255 255 29 17 194 255 255 169 255
    255 19 255 255 255 255 255 83 255 179 23 255 99 192 145 198 162 255
    255 255 215 255 203 4 200 100 133 96 21 198 255 147 255 3 255 78 106
    209 141 152 8 95 214 72 255 253 126 51 99 107 125 255 255 126 44 222
    58 176 40 102 239 24 209 255 162 255 205 255 213 2 43 194 12 255 192
    255 36 255 255 255 163 186 47 255 255 149 255 96 104 139 255 255 58
    255 89 18 253 8 255 19 151 43 255 96 210 255 255 75 255 15 51 255 41
    29 114 255 21 255 255 93 255 218 0 15 255 0 255 45 80 255 60 255 255
    254 86 17 243 255 142 255 67 5 235 19 174 255 206 255 215 119 152
    255 255 255 255 62 255 190 195 255 8 244 255 151 176 255 23 255 75
    255 92 72 255 255 126 75 240 255 201 237 255 250 255 255 128 34 82
    255 129 89 255 178 62 141 58 255 255 246 87 213 255 255 255 191 132
    255 93 224 255 88 255 122 237 255 255 255 255 121 255 255 255 213
    255 255 34 91 43 213 255 255 29 94 255 84 73 255 255 255 255 22 203
    181 45 255 51 211 123 255 206 14 158 232 255 224 34 164 255 255 255
    255 255 133 255 4 255 255 255 255 255 71 255 43 255 34 255 195 255
    255 55 157 255 22 55 28 33 255 6 141 17 132 225 255 255 255 255 255
    107 17 255 255 255 17 255 255 119 151 212 134 255 154 41 12 2 11 255
    255 98 185 125 255 255 137 104 5 104 250 243 154 255 148 244 43 215
    159 104 255 50 72 255 255 124 255 255 255 130 255 245 255 232 255
    255 138 255 36 255 109 255 255 181 99 255 255 228 255 8 217 169 49
    255 255 255 255 231 255 70 17 255 169 21 34 173 255 68 255 2 13 228
    89 255 247 15 255 255 255 255 255 255 255 215 77 113 12 255 255 255
    222 255 78 91 9 52 10 15 121 255 255 32 255 255 178 255 255 242 202
    255 110 255 217 220 80 119 255 255 235 231 181 203 222 68 102 255
    255 194 255 255 41 119 255 32 3 255 255 27 255 255 55 255 218 247
    255 89 69 255 6 78 179 105 248 150 145 195 9 175 200 255 104 255 255
    217 80 255 255 34 255 255 254 255 252 133 82 154 106 255 255 228 82
    255 63 255 38 255 255 162 36 255 255 205 255 220 11 31 255 239 77
    105 92 166 34 200 255 255 103 255 247 130 232 134 253 255 30 255 255
    164 4 255 255 210 255 136 233 255 255 102 255 247 255 120 255 137
    109 115 0 255 190 255 149 255 45 46 145 255 255 186 255 120 255 235
    255 109 113 255 255 255 169 255 255 255 205 58 231 96 15 255 235 255
    255 255 255 9 255 255 197 160 255 0 255 215 29 255 65 255 255 180
    255 255 25 255 255 207 208 255 162 255 235 147 145 255 255 217 255
    255 255 255 255 255 255 255 19 255 58 255 255 118 43 255 255 255 255
    5 14 255 170 159 255 14 255 255 88 255 255 122 255 255 191 101 255
    209 255 255 165 255 255 251 234 252 233 203 237 12 185 68 181 255
    255 18 14 255 237 255 56 207 255 92 222 56 203 255 144 177 141 255
    222 195 255 109 255 255 115 34 159 89 124 255 145 7 89 139 255 255
    255 255 43 255 224 147 38 196 255 132 255 255 68 220 255 23 86 255
    104 236 188 145 243 255 43 66 255 132 16 166 24 26 255 255 255 255
    130 82 255 47 183 137 102 244 255 87 255 255 255 255 85 255 255 22
    224 102 255 255 255 255 255 117 188 102 97 21 255 86 41 145 108 255
    249 96 255 222 255 191 255 255 255 56 255 255 145 74 191 255 255 157
    211 233 255 179 255 255 255 217 197 255 141 125 6 40 255 255 255 24
    111 255 255 239 255 96 255 102 210 255 21 126 245 26 255 100 15 255
    255 239 145 254 107 212 17 255 255 255 255 255 181 173 255 255 88 77
    177 255 9 255 253 255 255 125 246 58 255 224 23 173 255 164 84 253
    255 170 255 179 255 113 255 255 255 255 139 195 255 255 255 34 205
    128 126 255 137 255 255 202 117 246 205 255 108 255 255 255 220 117
    255 200 130 250 219 66 255 5 255 107 255 255 226 255 56 108 22 255
    255 58 255 22 255 255 255 46 255 192 253 218 119 106 109 5 164 255
    255 255 53 44 255 255 129 255 177 136 255 217 167 241 255 124 210
    255 145 248 111 255 48 181 255 132 89 255 190 136 108 239 198 125 14
    154 23 255 255 63 5 102 25 118 255 255 219 55 92 178 255 126 111 81
    4 210 130 44 255 255 255 205 255 49 255 38 255 255 255 255 183 255
    209 253 124 255 217 255 139 255 255 137 255 45 255 101 26 255 207
    255 43 255 119 255 255 169 150 63 151 255 231 255 214 255 234 255
    255 111 255 157 255 62 104 255 172 133 62 73 62 66 48 133 94 251 149
    175 255 255 166 135 255 51 255 255 255 194 255 255 174 255 34 65 17
    119 85 255 190 110 255 255 214 51 255 255 32 255 47 255 255 255 255
    66 255 174 255 235 50 245 209 255 185 181 21 102 166 255 183 33 255
    213 221 220 53 255 255 255 132 255 245 3 200 205 12 255 128 12 255
    209 107 149 255 255 255 255 166 255 255 166 222 255 222 255 0 255
    224 255 63 68 107 128 198 255 5 255 255 99 62 196 173 43 234 49 202
    255 246 63 255 163 255 255 211 85 158 125 255 255 242 255 255 106 92
    17 52 255 126 207 255 0 69 164 255 150 255 234 169 56 255 255 255
    201 113 24 175 255 255 255 255 34 255 199 79 132 255 96 255 255 152
    145 255 255 96 172 128 23 12 32 247 191 255 190 217 255 190 255 80
    255 255 255 255 3 255 200 107 84 100 247 253 241 255 255 169 143 222
    36 246 227 255 255 255 255 65 24 255 22 255 111 154 46 255 255 255
    130 152 147 255 192 208 104 255 103 255 255 255 83 14 255 77 99 126
    255 255 255 255 118 255 255 95 255 255 29 32 186 255 241 255 236 255
    215 255 212 255 56 255 77 235 222 160 113 255 255 161 111 201 255
    255 255 147 87 156 132 137 237 115 56 255 113 106 255 255 255 255
    141 255 134 255 255 209 41 176 255 239 56 23 255 241 228 255 70 245
    82 133 255 80 255 62 255 255 255 244 255 185 78 255 164 148 15 255
    103 253 124 207 128 255 81 255 237 210 22 255 51 255 255 255 185 255
    255 92 255 55 55 255 214 210 255 133 162 255 255 255 30 251 99 255
    255 91 255 255 21 55 255 116 72 74 227 255 255 186 169 232 244 64
    126 236 255 65 166 255 255 19 72 196 22 255 228 29 255 99 166 51 166
    178 255 253 255 255 25 22 255 200 205 100 122 255 104 255 255 24 32
    255 255 196 236 149 255 156 30 255 255 255 152 123 169 122 56 255 22
    147 119 8 144 255 33 113 255 255 226 255 255 156 237 97 255 255 183
    255 64 202 111 255 126 255 255 47 255 145 4 255 15 7 255 255 45 140
    255 177 255 255 67 145 115 12 154 255 81 14 255 255 255 255 239 255
    209 15 217 255 121 70 255 255 255 249 111 255 255 255 75 255 34 128
    255 63 255 81 29 99 255 86 255 255 254 255 255 172 125 255 255 58
    113 107 255 255 255 197 235 203 255 255 117 41 255 38 239 255 10 244
    255 139 176 132 36 114 255 132 114 132 10 255 28 59 255 162 37 255
    81 255 26 28 181 234 255 255 255 4 25 207 255 125 73 255 16 255 68
    255 255 255 255 169 255 225 255 255 56 140 255 178 255 255 104 103
    255 183 255 40 255 135 17 144 193 255 184 255 255 255 91 255 75 84
    201 48 193 255 231 255 83 255 255 126 63 255 255 8 150 58 255 126
    255 176 128 255 213 111 11 115 255 41 81 255 255 132 190 255 174 60
    255 55 169 255 255 255 255 209 167 122 235 58 4 1 36 90 255 130 154
    111 224 255 45 138 194 255 188 255 255 255 186 255 255 255 69 255
    232 255 255 203 231 236 162 21 120 145 237 152 139 254 255 196 32
    255 169 86 154 255 144 255 255 172 255 255 255 255 255 169 179 255
    14 125 255 255 255 75 255 108 102 129 255 169 3 255 230 255 121 145
    58 38 255 255 255 255 229 140 255 37 48 237 52 249 217 191 53 255
    236 173 89 26 255 255 255 243 255 255 255 255 27 255 117 173 255 255
    162 255 255 255 111 247 255 133 255 104 255 255 255 210 64 0 104 28
    200 255 255 218 255 255 255 255 255 255 255 250 161 53 153 228 222
    209 255 200 255 139 251 255 255 51 255 237 58 171 242 190 113 169
    255 255 84 226 255 89 22 28 1 116 143 255 255 255 41 24 66 152 48
    255 36 12 190 202 255 255 198 203 252 255 75 164 58 222 164 188 3
    181 220 111 255 106 29 255 106 80 255 10 255 255 255 41 255 255 31 4
    187 125 117 213 176 183 122 2 255 145 21 255 113 255 255 163 162 179
    255 255 234 255 85 255 41 0 15 33 255 255 200 255 209 255 255 237
    255 188 92 40 24 111 195 128 185 255 63 77 95 255 255 77 255 92 165
    255 255 255 138 68 107 128 255 1 157 230 253 222 60 37 255 255 255
    224 228 255 210 255 202 103 186 255 236 28 255 36 70 255 200 143 255
    99 255 255 97 255 255 5 215 255 212 255 255 60 126 255 255 255 255
    255 255 122 0 255 18 255 220 0 255 47 103 255 255 255 255 19 191 2
    255 192 255 255 5 255 255 73 255 255 255 229 128 255 215 139 255 255
    255 36 255 255 148 38 255 148 255 237 255 255 255 255 255 255 255
    179 107 237 255 30 51 255 255 119 29 255 141 255 255 251 150 255 184
    128 255 141 51 13 192 255 200 66 185 255 3 46 201 115 255 255 255
    255 255 14 101 255 255 255 117 88 55 226 187 188 255 255 255 255 169
    239 166 91 255 113 18 190 255 255 255 9 255 53 111 255 125 255 224
    255 255 119 142 107 226 92 181 145 94 255 29 255 255 200 109 17 14
    255 121 7 82 153 115 232 255 236 255 207 255 10 38 255 161 255 107
    147 255 36 255 255 70 188 194 215 255 245 237 210 104 232 255 2 114
    255 207 255 113 40 255 36 55 255 22 249 11 244 255 62 255 255 255 12
    45 41 14 58 255 24 243 12 255 255 200 255 255 174 255 255 255 132
    255 255 244 241 124 255 183 183 157 255 255 255 255 130 51 255 44
    222 255 255 255 255 221 104 9 52 56 255 80 82 255 59 255 136 217 255
    51 114 91 234 91 97 255 255 114 83 255 0 249 36 255 255 86 255 250
    255 255 89 180 255 47 255 118 51 242 255 255 218 255 115 45 212 151
    248 255 255 92 255 255 163 14 255 255 255 255 158 255 255 0 255 255
    255 255 73 114 255 255 255 255 255 196 229 70 132 171 255 148 255
    255 36 255 255 255 162 24 21 255 255 251 255 255 34 255 255 255 114
    255 237 62 255 111 176 255 8 145 255 255 135 255 7 193 130 65 96 255
    122 26 26 255 255 179 255 255 62 100 190 162 80 255 255 41 255 255
    122 255 213 200 255 255 239 219 255 96 174 255 255 255 215 255 62
    250 255 255 85 117 197 83 255 255 43 235 113 24 226 255 209 144 255
    255 25 255 247 255 92 255 255 255 119 69 255 217 255 255 190 158 203
    58 155 255 247 81 255 255 255 255 255 148 255 190 174 73 255 89 26
    255 84 181 255 206 222 255 240 255 255 23 255 255 255 255 255 97 255
    255 11 70 255 222 255 90 198 173 0 169 255 237 82 255 255 147 255
    220 54 195 255 118 255 239 235 178 234 255 56 247 135 255 68 233 186
    96 250 255 255 43 255 255 188 255 126 80 210 70 200 205 143 86 255
    255 255 128 255 114 232 255 47 232 0 255 255 235 66 80 255 71 169
    105 246 255 255 52 63 81 73 255 255 59 150 255 255 159 255 217 255
    255 177 39 156 255 255 17 217 255 255 255 255 255 254 132 255 147 24
    255 167 58 255 215 190 255 158 255 255 255 96 255 207 101 255 255 14
    255 119 255 255 99 101 255 130 255 149 254 114 237 209 255 26 155
    255 215 214 255 201 248 103 126 4 34 255 124 255 192 178 27 186 255
    255 75 255 58 255 154 255 96 240 255 255 255 166 141 139 255 255 255
    19 255 143 188 215 45 255 255 38 138 130 225 63 255 51 255 255 150
    82 255 209 255 186 93 255 85 89 255 255 255 255 168 77 255 243 80 70
    255 177 255 255 137 255 250 84 255 234 206 178 255 187 246 255 255
    255 255 148 38 255 237 255 198 176 75 51 255 255 154 102 12 38 148
    80 132 16 255 255 27 255 255 255 10 77 255 58 255 147 19 255 107 255
    255 41 255 220 4 15 47 110 255 255 173 166 217 255 255 255 52 208
    209 255 53 188 255 191 255 139 36 255 18 255 255 174 156 21 71 255
    43 51 255 255 166 215 255 222 203 255 255 210 83 174 255 237 255 79
    255 228 227 255 156 50 134 255 241 132 203 60 164 88 255 224 0 255
    255 242 190 255 1 255 207 58 255 198 126 68 255 1 183 255 29 255 2
    255 133 255 255 255 218 255 63 255 95 183 15 202 212 255 202 15 255
    255 255 64 222 73 255 44 255 104 174 114 136 210 236 255 29 255 255
    184 238 255 255 161 255 237 224 255 255 108 255 41 34 141 82 101 102
    45 133 255 209 111 255 255 255 255 243 31 255 255 85 255 255 255 255
    167 43 230 135 15 192 32 73 87 47 36 255 25 202 72 228 222 117 152
    255 98 40 255 255 200 178 255 226 203 255 110 149 255 148 255 30 78
    5 239 63 147 255 118 3 255 106 255 255 30 255 11 141 121 166 225 171
    255 255 255 183 41 113 255 155 255 255 255 60 255 255 113 255 15 215
    255 229 108 255 233 9 160 32 255 255 5 255 255 34 244 139 114 53 255
    255 132 198 22 138 255 184 255 255 150 255 207 26 246 255 22 193 255
    191 255 224 177 255 255 12 255 255 93 255 255 255 92 255 91 94 153
    255 255 234 158 174 158 206 246 255 29 255 255 23 44 255 22 166 255
    132 255 136 100 108 145 236 99 255 60 75 117 43 152 94 255 198 255
    122 244 102 255 255 28 255 132 154 43 255 255 169 255 255 255 255
    255 145 34 255 255 43 255 70 63 247 255 99 255 88 217 255 240 255
    160 140 26 255 255 255 162 181 91 255 85 190 255 255 236 2 196 255
    255 69 255 224 69 255 72 194 22 137 100 255 215 147 82 250 43 255
    255 240 255 255 255 243 186 255 178 45 187 229 255 239 0 234 255 51
    255 255 246 34 255 128 149 220 79 183 183 27 255 33 248 149 162 166
    255 45 101 255 176 181 205 97 255 255 255 255 255 58 255 255 4 255
    255 220 154 171 196 255 70 255 27 255 255 162 130 246 255 255 137
    255 181 67 255 255 48 255 255 255 31 201 255 5 255 18 255 255 228
    255 255 114 31 177 255 212 230 203 118 201 255 255 139 104 195 211
    255 89 255 255 108 255 100 255 132 255 255 186 156 255 156 0 255 255
    210 255 255 185 232 255 255 140 45 55 255 255 55 185 255 44 7 9 217
    255 255 91 255 255 255 255 255 26 101 255 40 173 113 114 186 255 255
    140 134 221 251 141 55 255 6 255 161 38 140 41 122 75 255 147 255 97
    255 71 203 255 104 29 255 247 7 149 48 214 255 84 97 255 16 255 196
    206 255 151 102 255 58 89 255 241 38 156 228 255 255 217 254 255 255
    172 24 32 150 77 255 255 114 90 255 82 147 255 181 255 129 255 205
    174 123 126 125 219 55 181 255 45 151 248 205 176 255 255 248 255
    255 51 24 105 143 113 102 235 255 190 255 255 255 255 77 160 144 255
    41 60 104 255 255 255 136 59 185 19 255 39 255 206 36 255 150 255
    252 56 15 160 21 118 255 187 255 205 19 197 255 62 198 255 169 162
    254 236 171 64 240 255 224 255 22 111 194 255 128 255 96 255 5 27
    255 195 87 17 126 126 255 181 0 255 52 162 32 184 32 255 121 255 28
    239 215 255 235 255 255 248 255 124 154 65 175 195 255 255 254 255
    154 206 48 255 233 255 255 99 255 255 8 60 164 32 255 255 222 255
    255 200 77 134 221 255 53 255 65 255 255 255 188 63 94 230 255 255
    255 122 123 255 40 166 200 255 121 34 255 255 241 30 19 222 233 154
    255 41 255 121 100 255 162 55 243 160 167 255 68 172 255 255 198 255
    255 255 238 40 255 255 255 161 255 203 255 255 255 59 255 255 178
    255 255 140 22 255 71 97 255 43 31 255 180 41 255 255 12 255 255 80
    85 194 241 13 165 108 249 194 91 255 198 248 255 170 179 126 206 84
    255 255 255 255 26 255 255 255 229 132 255 255 171 95 137 255 218
    255 255 170 29 24 255 24 198 170 73 255 255 255 8 255 255 70 170 255
    255 3 255 2 255 130 107 143 161 255 239 67 255 255 22 255 26 255 0 1
    255 255 86 186 66 43 255 252 16 255 58 255 255 255 161 79 102 150
    255 255 56 255 255 25 135 255 195 58 81 255 255 255 7 27 17 255 255
    83 255 255 205 255 255 255 38 183 24 187 200 255 124 255 130 188 255
    255 166 255 255 196 244 90 154 255 255 255 255 149 255 62 255 255
    255 255 220 77 255 255 255 255 5 224 4 38 255 255 150 255 117 255
    255 255 54 38 117 255 144 255 162 255 255 122 255 255 133 41 255 38
    255 40 176 255 255 255 195 255 251 255 255 54 255 255 213 67 92 255
    255 177 103 255 234 47 251 53 66 77 19 126 239 255 137 113 171 65
    255 255 38 116 255 225 229 255 255 10 232 22 255 255 206 255 147 51
    255 255 178 255 94 25 255 255 122 255 220 199 255 168 162 255 255
    255 214 13 255 255 209 217 137 73 255 255 255 255 215 255 255 255
    255 155 154 255 255 65 255 48 82 47 176 63 255 148 104 255 156 77
    255 62 255 198 255 255 255 237 255 143 148 238 255 51 255 255 228
    137 220 78 152 255 255 38 255 255 255 250 67 190 255 38 255 171 255
    255 255 255 109 30 73 152 247 150 255 255 151 188 60 255 255 173 147
    226 255 12 217 19 255 96 255 15 255 255 195 60 66 255 226 255 117
    185 255 43 255 224 81 255 252 34 255 255 162 255 70 111 208 87 255
    149 255 243 56 255 161 255 255 255 238 255 41 5 255 67 97 58 255 255
    255 255 255 126 60 255 64 255 111 255 211 227 255 34 255 137 195 188
    255 161 70 226 251 255 255 96 7 255 255 53 200 49 147 255 89 43 205
    124 255 162 60 255 255 255 181 122 255 229 177 255 56 237 37 38 207
    220 132 124 255 255 255 255 94 200 78 133 121 130 255 188 255 200
    255 125 255 113 255 44 6 117 68 255 220 145 62 129 128 255 225 132
    241 75 255 185 198 178 255 255 255 149 255 116 255 255 255 255 74
    214 255 253 205 255 169 125 34 255 255 83 196 126 255 205 145 255
    255 255 153 180 255 243 12 255 111 70 215 255 255 255 255 255 248
    255 255 255 235 33 255 77 177 19 255 221 244 62 174 190 255 23 84
    255 107 121 17 189 255 255 59 255 247 166 243 181 220 191 158 222
    167 98 255 32 249 255 169 181 255 255 255 194 255 224 218 255 92 45
    94 255 217 138 243 107 255 255 248 255 186 70 121 255 255 55 64 74
    121 102 48 255 255 14 145 89 27 255 255 181 232 28 62 232 243 255 50
    255 255 38 241 194 179 222 172 255 245 124 255 143 255 255 2 255 255
    89 147 159 255 239 34 255 33 255 255 152 17 255 189 255 115 183 255
    111 60 29 255 255 167 94 255 145 139 255 10 68 255 48 121 163 36 147
    187 144 255 255 142 11 49 255 252 255 255 255 205 197 117 255 255
    255 163 255 72 255 255 79 184 255 255 214 149 255 198 123 124 152
    176 255 255 255 255 255 255 169 44 255 255 189 255 255 213 255 156
    93 255 230 255 79 154 1 99 17 22 60 241 255 255 15 158 17 241 255
    255 255 255 70 124 192 255 153 97 231 41 125 138 160 32 255 255 11
    73 173 255 255 255 41 255 255 255 200 113 29 203 201 221 217 255 15
    255 104 213 255 255 122 255 255 255 255 255 136 101 15 7 24 141 71
    255 24 199 171 177 86 255 72 229 108 255 214 118 255 180 55 36 66
    207 143 255 255 254 74 190 255 174 137 218 165 120 255 255 152 255
    255 120 73 242 46 255 255 92 255 151 133 255 128 125 92 14 255 168
    244 198 149 211 7 68 47 109 220 47 255 13 237 238 68 255 255 181 232
    164 168 78 208 105 129 255 255 59 68 247 255 255 218 124 58 245 122
    70 255 255 255 255 92 255 28 91 67 255 59 238 255 224 24 255 18 126
    255 226 255 255 154 34 49 255 255 255 235 140 255 132 255 109 255
    108 109 96 255 255 125 198 72 55 108 96 143 65 87 196 142 255 255
    255 94 59 99 255 255 15 255 37 121 255 140 67 255 229 161 255 228
    251 62 255 255 255 111 77 255 1 111 255 228 255 255 96 104 9 18 3
    255 255 77 255 167 255 100 255 10 224 255 178 255 104 255 137 255
    255 255 108 255 92 52 125 255 255 255 255 251 226 218 250 239 255
    231 255 143 255 255 255 27 51 188 119 19 235 136 255 8 255 255 255
    48 200 68 16 224 79 250 96 128 226 116 255 66 70 162 255 255 105 129
    227 255 255 147 217 32 255 255 121 39 255 140 154 105 19 108 255 38
    82 196 244 255 105 255 255 90 196 193 255 145 255 90 56 255 30 154
    138 255 56 255 237 255 246 220 255 156 198 121 255 255 81 255 255 41
    255 247 95 255 235 113 190 255 122 255 132 19 195 255 74 12 255 255
    130 255 255 10 255 71 12 117 254 255 60 66 99 111 214 255 4 165 255
    255 12 253 75 210 248 226 22 193 151 5 207 243 253 24 255 255 103 11
    255 171 255 133 255 28 143 255 255 255 152 255 113 255 255 88 255
    203 183 82 40 3 226 94 243 205 87 22 255 255 11 255 107 247 202 128
    150 234 255 29 241 224 169 255 255 255 0 126 148 255 100 128 21 32
    255 113 211 104 43 255 66 164 255 237 255 255 82 24 255 255 255 255
    217 198 220 255 55 255 8 12 107 255 255 122 33 114 255 150 183 255
    106 133 255 58 75 255 177 255 23 255 68 255 82 188 32 255 255 255
    145 60 255 246 255 2 58 118 255 202 173 115 251 67 255 63 75 255 255
    75 81 97 255 255 255 22 207 108 48 56 135 99 205 100 171 28 56 231
    255 93 161 47 255 77 255 255 255 26 255 255 255 7 255 255 255 255
    228 255 255 23 59 157 194 255 14 85 224 156 83 11 80 186 255 43 255
    15 173 237 49 255 255 170 215 30 255 255 255 147 227 255 255 29 255
    170 255 255 40 255 70 222 118 255 110 255 255 119 205 255 69 255 188
    255 255 255 45 200 166 137 195 217 122 255 247 47 219 255 103 255
    141 224 75 255 136 3 255 84 197 255 55 22 255 121 150 164 180 208
    147 255 255 255 133 193 90 166 111 255 32 255 87 177 7 96 247 255
    255 11 10 102 255 14 255 224 255 255 151 118 255 22 255 211 126 162
    226 255 0 254 228 198 2 73 128 19 255 255 255 255 75 226 178 255 255
    210 255 255 207 255 62 152 255 255 210 255 34 119 232 255 255 255
    209 207 116 255 255 75 255 205 193 250 5 73 255 55 255 145 122 255
    255 255 255 164 85 255 255 148 82 255 59 255 255 154 255 255 176 60
    100 255 21 255 210 36 255 253 44 255 255 255 119 60 229 255 184 51
    211 194 32 255 225 38 255 228 157 81 18 181 186 215 219 255 49 197
    43 140 44 255 235 255 255 255 255 102 255 255 249 93 80 83 229 255
    220 180 255 255 56 255 68 137 255 255 69 255 255 218 255 200 102 212
    51 154 255 255 255 255 255 86 255 255 255 255 49 41 217 124 136 103
    255 82 17 122 221 255 98 255 255 255 255 232 149 130 43 41 0 7 255
    62 55 100 255 255 234 225 238 255 124 167 117 82 36 255 222 190 255
    1 150 8 114 255 55 255 123 183 246 138 171 169 255 104 194 5 255 255
    255 26 255 255 179 255 255 255 144 255 255 244 255 113 248 255 109
    89 97 255 118 203 255 233 255 49 255 255 255 255 7 255 56 63 255 159
    12 201 144 132 255 255 193 169 255 255 255 23 255 255 191 17 255 167
    255 255 209 68 134 200 166 239 255 29 105 225 26 232 255 255 126 206
    255 149 255 56 55 255 255 162 255 255 53 99 255 207 255 72 255 228
    109 200 255 255 255 229 116 121 255 96 62 222 214 255 71 255 255 183
    255 113 0 219 255 140 125 177 143 149 190 255 118 41 255 255 255 27
    246 255 192 255 247 255 255 255 174 140 177 242 255 255 247 255 255
    37 46 126 255 255 255 150 15 255 255 116 255 73 255 90 93 255 252
    136 255 239 226 255 85 122 133 21 49 137 77 59 198 255 150 132 15 30
    50 177 251 195 255 136 26 255 255 255 255 200 91 200 62 255 255 140
    167 255 32 255 171 188 255 81 3 255 213 188 185 100 75 12 102 255
    255 255 84 255 255 18 255 13 108 239 255 255 255 255 158 171 85 30
    255 243 143 137 255 38 255 156 100 120 90 199 255 117 111 255 190
    255 255 255 198 255 255 43 255 255 255 255 255 45 255 207 36 255 255
    255 255 185 136 137 126 255 255 30 255 167 77 255 255 190 65 255 255
    255 24 255 148 255 41 255 255 255 210 255 83 110 197 255 49 255 166
    55 113 158 255 215 255 255 243 255 121 255 188 59 171 177 239 255
    207 255 0 255 255 249 192 255 21 255 210 255 143 246 231 211 77 255
    213 196 255 109 11 121 121 183 154 228 255 224 255 255 50 255 161 89
    255 255 156 53 217 217 255 103 43 87 150 255 255 255 255 255 155 63
    6 34 80 40 62 255 255 85 255 255 113 217 203 255 255 72 255 255 250
    180 255 255 210 255 255 235 255 255 156 27 79 188 255 154 108 255
    255 111 244 255 194 224 255 8 60 222 1 39 87 255 255 224 176 255 49
    75 178 38 21 142 217 202 222 26 37 178 255 23 255 255 224 91 64 255
    195 255 74 255 230 118 140 255 206 198 94 147 255 41 37 255 255 242
    253 255 246 222 255 44 232 132 255 255 255 58 207 255 77 220 255 255
    255 255 213 255 109 99 126 220 183 232 255 255 255 255 255 3 215 255
    121 107 198 62 255 191 255 255 255 154 255 255 255 241 151 56 255 55
    97 255 225 255 166 177 44 186 107 253 255 255 92 83 159 255 235 70
    135 255 255 255 173 226 255 168 11 255 75 255 70 164 255 44 9 33 255
    185 81 255 119 97 255 21 255 123 134 255 166 255 253 26 255 159 62 4
    4 234 115 255 62 173 71 72 255 255 99 188 178 108 156 188 116 255
    255 219 255 255 96 255 128 179 132 47 255 64 254 142 255 108 210 234
    255 75 255 255 255 255 211 255 200 10 15 255 91 229 124 60 255 255 3
    68 224 255 255 47 65 7 85 255 197 60 27 255 255 12 63 255 255 255
    234 52 60 255 129 15 255 166 238 255 255 70 51 176 133 255 255 255
    255 221 234 255 162 130 255 250 255 255 117 255 255 139 130 255 141
    140 128 41 255 168 147 222 15 110 132 215 18 222 196 106 125 147 145
    205 243 244 198 43 220 255 49 140 255 153 130 255 49 75 203 247 161
    255 255 255 65 136 152 123 89 181 255 119 49 34 173 81 255 245 88 0
    224 228 203 128 60 34 255 67 255 255 255 21 147 255 255 171 152 219
    255 255 171 255 37 94 255 126 125 255 115 12 255 255 104 255 54 255
    255 255 249 255 255 106 255 163 253 56 152 154 166 250 255 255 137
    84 255 19 97 207 108 164 255 75 24 255 255 150 255 255 255 145 18
    255 175 141 161 147 255 255 255 255 200 49 255 255 255 96 164 169
    255 255 47 255 32 255 136 255 92 255 255 41 16 91 255 10 87 255 114
    126 24 45 29 151 183 255 255 255 176 255 253 255 100 159 255 179 255
    198 200 210 106 209 165 231 139 154 255 255 247 94 250 38 255 169
    255 249 255 78 190 255 200 219 255 159 51 34 246 236 255 140 255 255
    147 144 249 148 239 11 4 200 255 161 145 186 114 173 255 255 255 211
    202 185 255 228 255 215 86 130 255 107 255 243 255 24 130 255 255 75
    205 255 255 70 232 179 218 255 255 185 255 255 255 239 154 255 142 6
    255 255 21 255 178 255 121 255 255 255 255 171 255 138 230 255 63
    250 80 255 255 38 255 186 74 255 107 255 70 255 161 208 124 255 118
    49 0 174 121 124 68 115 154 255 66 207 173 255 242 62 255 185 255
    255 23 255 126 106 65 255 66 19 255 30 255 255 25 255 100 139 82 255
    255 255 156 255 186 58 255 255 162 255 255 160 255 183 255 255 255
    255 115 255 66 129 241 255 78 255 211 194 255 160 88 255 49 80 231
    255 10 239 73 221 73 207 51 188 198 51 255 73 229 255 164 78 142 113
    229 255 255 180 255 255 97 72 143 213 53 255 255 193 255 214 104 255
    255 255 255 60 255 34 135 255 53 195 51 62 235 255 255 3 255 255 235
    243 173 97 99 239 92 3 255 255 135 255 129 255 166 255 82 255 255 72
    235 228 29 255 255 135 198 82 62 83 97 255 73 220 126 222 196 215
    255 224 255 255 255 255 149 255 82 0 239 41 255 106 48 255 150 255
    188 92 255 73 34 185 92 206 255 255 205 255 255 255 234 32 184 255
    166 255 104 213 158 241 255 211 205 255 166 255 252 255 255 175 36
    135 40 41 255 9 255 185 213 255 27 255 207 255 154 191 255 113 181
    222 255 255 50 255 14 72 255 148 255 203 177 238 94 255 255 255 77
    75 255 255 255 255 115 255 217 49 255 134 97 222 255 255 43 41 232 3
    255 32 203 51 196 255 17 185 145 255 51 255 139 163 164 66 143 152
    255 236 22 255 209 65 255 232 255 255 128 255 255 121 255 94 136 24
    41 209 255 53 29 48 255 44 132 177 21 227 255 34 255 30 185 125 255
    185 80 255 148 255 72 139 219 255 47 236 111 33 17 255 125 244 113
    145 152 255 126 255 171 89 179 255 29 193 211 255 195 255 93 106 255
    144 255 255 0 244 255 255 27 255 143 255 45 255 215 30 0 255 53 124
    255 255 239 48 190 141 255 255 125 238 255 169 243 255 25 234 23 255
    87 255 69 79 79 32 255 107 218 249 94 255 181 173 255 238 124 255 68
    51 255 255 255 255 96 115 125 48 215 137 255 241 65 255 255 84 255
    28 255 188 124 255 232 255 255 198 255 141 255 177 255 188 255 255
    255 255 255 157 51 89 255 119 233 157 255 82 72 43 255 174 130 255
    210 255 255 80 255 73 255 255 22 255 185 133 255 255 75 10 255 255
    255 77 255 255 119 254 255 41 34 255 255 251 255 255 0 200 23 32 255
    218 255 156 255 92 255 222 255 255 255 255 255 24 255 255 145 255
    200 255 52 48 58 255 82 255 253 243 75 172 101 181 255 255 255 255
    138 255 166 195 255 189 113 160 254 123 255 172 255 255 55 32 255
    255 191 83 255 255 145 188 82 109 248 31 186 126 236 73 26 39 255
    255 255 36 110 255 15 73 144 147 255 255 255 119 255 207 255 255 158
    207 34 255 255 197 255 191 255 60 244 113 160 203 219 255 255 255
    255 255 255 255 21 36 255 97 255 255 211 91 255 255 255 249 3 36 75
    143 176 255 255 77 255 59 255 255 151 193 192 255 126 255 255 232 13
    55 255 255 177 130 85 95 22 41 255 255 255 255 135 255 75 255 241 16
    227 255 103 255 198 1 36 128 161 22 255 162 195 255 255 249 141 209
    255 124 255 116 255 206 77 175 200 236 254 60 255 51 59 21 115 218
    255 255 255 255 87 255 255 132 255 255 105 69 72 255 221 176 255 96
    255 255 137 241 207 104 255 255 111 67 166 91 97 255 40 255 255 255
    200 255 217 255 255 85 108 255 38 255 160 103 219 121 129 255 141
    255 77 171 124 255 255 255 145 43 70 178 255 126 120 255 18 255 255
    255 251 26 255 140 255 255 255 255 114 249 164 205 255 255 181 255
    72 22 159 255 255 255 179 60 99 255 30 255 255 4 255 255 33 227 255
    63 231 255 143 255 255 255 255 41 255 255 196 174 226 255 18 255 255
    100 255 255 235 178 255 77 255 19 99 39 255 255 243 255 255 140 255
    255 255 49 52 121 255 169 255 255 91 3 175 178 236 243 255 220 255
    255 162 83 67 80 255 255 41 255 255 17 255 255 255 255 32 255 9 229
    255 255 75 255 113 228 255 255 251 91 181 207 118 188 255 118 255 99
    7 255 202 121 237 254 89 218 155 255 100 255 17 6 200 208 41 246 212
    255 55 132 192 255 179 255 255 255 255 222 191 255 65 68 255 162 123
    255 247 84 19 107 255 255 255 164 255 5 255 255 60 111 255 12 19 234
    111 255 255 54 171 98 88 179 255 152 255 255 255 255 255 255 22 185
    198 94 243 18 255 235 19 19 255 73 255 117 141 255 255 185 231 186
    198 108 255 255 255 51 114 255 255 58 48 255 159 60 255 148 161 98
    213 207 203 22 255 62 67 255 64 161 43 232 188 255 43 92 255 255 255
    255 255 255 255 121 88 60 38 25 255 72 23 181 255 215 255 36 251 255
    162 174 173 255 255 255 90 255 255 255 231 205 83 217 169 255 253
    227 255 215 46 255 255 167 255 255 255 255 183 227 109 176 208 68
    255 255 58 16 255 237 143 50 255 255 157 255 104 255 149 8 255 147
    37 255 143 255 80 175 207 255 107 10 255 226 11 62 255 213 255 255
    93 43 255 133 255 171 147 255 255 145 150 81 225 173 255 255 92 255
    88 210 255 40 62 66 255 255 4 23 92 255 154 67 255 1 138 102 29 72
    255 73 193 255 222 164 255 95 255 255 133 255 68 255 255 75 163 255
    90 139 200 243 191 239 211 237 188 11 173 14 119 255 255 255 255 94
    145 33 72 255 255 229 137 255 255 255 89 34 255 25 255 98 7 77 56
    184 255 255 73 14 47 248 255 230 248 2 255 159 255 255 126 255 137
    255 82 255 161 238 255 114 255 134 38 251 255 32 193 255 27 255 0
    255 255 255 228 255 255 43 255 158 255 48 255 255 255 234 12 255 255
    143 55 255 80 255 255 48 67 201 181 166 255 255 255 145 242 231 156
    255 255 130 163 255 217 106 255 255 118 126 255 118 255 255 37 84
    245 189 255 255 148 226 128 117 217 255 11 255 45 205 41 255 255 36
    139 71 10 107 255 255 255 92 255 107 255 255 255 255 255 255 255 85
    255 187 255 181 255 63 255 174 249 41 255 39 162 158 255 232 26 147
    255 240 255 203 209 255 255 255 188 255 3 255 255 43 255 255 99 14
    139 43 48 255 147 183 213 228 198 255 91 255 255 217 231 255 43 72
    255 147 208 255 188 255 245 158 229 255 255 255 255 63 149 56 155 3
    56 29 255 255 121 255 47 255 236 203 172 255 255 65 210 68 23 255
    255 63 75 185 110 255 255 255 145 255 255 3 230 255 147 255 217 255
    255 38 255 173 194 231 255 74 80 169 115 255 200 147 77 255 255 55
    255 255 193 255 255 255 255 240 255 255 255 255 255 255 123 64 255
    255 24 255 147 255 242 77 185 255 50 255 30 232 192 148 185 23 255
    159 107 147 255 255 16 255 113 52 226 239 54 27 121 65 183 147 0 255
    255 70 214 255 255 14 81 177 197 255 150 255 255 67 255 255 255 114
    83 130 101 255 255 7 255 43 255 255 192 128 255 196 219 255 135 255
    36 155 241 115 103 120 235 22 41 6 78 121 117 255 138 255 0 126 70
    82 51 218 136 255 147 54 217 255 255 159 51 71 255 32 189 231 255
    199 255 209 250 29 8 221 255 98 106 255 126 75 255 255 228 255 255
    45 255 41 255 142 100 1 60 4 25 200 98 203 137 255 255 144 255 66 26
    153 25 255 255 40 26 38 11 36 255 59 255 252 189 255 255 49 255 254
    8 197 107 255 255 23 255 255 254 84 62 6 97 255 136 255 224 200 67
    142 21 95 133 130 255 183 66 255 248 160 255 96 255 66 193 255 22
    229 171 11 255 255 213 255 255 210 91 255 159 191 228 15 255 255 255
    101 255 74 243 255 95 255 255 0 255 255 244 255 255 255 227 234 52
    234 255 21 128 213 246 215 249 255 243 255 29 191 255 189 0 201 103
    178 119 145 29 47 10 174 196 100 80 255 198 97 255 66 255 255 202 87
    252 74 255 255 214 255 255 41 255 128 58 75 255 187 80 255 255 255
    81 125 238 255 185 255 255 180 137 255 44 27 158 203 84 255 172 255
    255 255 2 255 110 101 255 21 191 66 210 255 17 161 193 207 255 2 255
    202 32 255 108 255 122 58 73 255 255 255 11 169 255 36 255 234 255
    167 84 100 60 58 255 32 108 218 207 255 255 1 255 255 81 248 17 255
    26 255 144 48 198 235 178 255 167 255 255 225 114 255 104 239 132 97
    183 255 246 0 15 202 255 255 163 50 185 97 255 255 255 32 77 255 255
    36 47 162 117 255 255 255 255 156 255 255 255 255 247 205 0 255 224
    255 30 140 198 85 152 255 91 162 30 255 43 79 128 255 122 209 255
    213 95 31 255 194 186 66 84 255 136 108 183 255 3 44 23 246 55 255
    183 255 255 15 255 154 147 186 255 246 79 255 255 212 53 255 113 134
    214 255 255 148 255 255 5 147 218 10 232 151 255 2 75 100 255 136
    255 255 255 255 214 196 104 195 255 255 255 255 255 231 105 255 255
    255 189 152 34 170 17 255 255 80 255 188 24 255 255 255 55 5 65 255
    255 255 228 255 62 255 77 162 224 73 113 255 37 255 255 152 255 154
    253 243 254 5 15 255 255 123 255 93 44 255 255 255 255 78 255 115 69
    85 79 1 67 255 80 169 255 178 255 255 166 97 143 48 255 30 151 2 166
    37 145 255 63 34 255 121 255 255 113 22 245 255 255 255 255 255 98
    99 255 47 130 126 77 66 87 185 250 121 255 169 154 41 27 255 183 255
    255 198 224 255 11 71 248 126 40 77 255 8 178 179 211 255 143 85 113
    255 19 255 28 92 46 162 139 253 243 253 255 255 255 2 156 38 219 255
    255 255 62 88 121 255 163 89 92 55 167 255 25 166 151 255 144 51 106
    72 252 255 178 224 18 135 162 255 255 160 255 12 201 255 41 32 25
    255 85 255 255 53 115 255 77 255 255 255 255 67 130 255 255 94 63
    154 70 255 53 255 255 255 30 187 72 255 255 231 141 70 48 224 255
    103 34 124 174 47 255 120 185 143 224 255 255 5 143 255 72 255 255
    255 55 173 179 156 3 255 255 255 210 255 107 255 175 75 255 17 253 7
    192 237 109 128 135 255 124 63 56 90 200 91 255 240 132 255 78 60 23
    255 132 255 232 2 255 255 255 255 135 255 117 185 130 255 255 130 66
    207 255 255 97 103 201 158 255 232 86 222 4 18 255 255 60 14 75 191
    255 255 5 197 32 81 232 228 255 51 255 255 255 255 255 255 255 32
    255 102 195 255 255 255 255 171 47 255 87 226 159 255 91 22 255 159
    130 105 202 197 255 255 113 177 188 255 255 124 60 41 255 113 234 1
    65 255 107 255 203 47 255 255 255 15 255 185 41 255 1 205 255 26 159
    255 255 255 4 237 253 15 1 84 255 95 241 218 217 79 168 220 202 255
    145 255 255 40 255 255 75 255 255 255 200 85 106 108 96 255 173 255
    180 255 137 63 255 166 10 188 243 178 9 235 122 150 60 181 255 77
    199 44 255 192 116 255 163 87 250 58 21 255 187 3 255 43 255 151 253
    253 255 255 255 96 45 255 136 255 255 62 70 255 255 255 144 237 211
    255 177 118 125 255 215 255 255 221 51 72 255 253 241 0 79 143 255
    255 255 158 255 72 222 10 77 110 238 255 255 255 255 54 255 201 255
    255 183 71 19 194 51 72 255 16 255 154 73 99 104 166 255 255 4 32
    255 255 255 255 255 255 9 255 183 255 255 215 154 91 198 96 255 255
    218 73 55 255 255 137 255 255 255 255 255 183 79 255 104 245 202 147
    70 37 226 141 144 255 255 255 53 158 4 149 139 218 48 136 255 255
    147 36 255 250 255 51 255 192 255 255 243 159 230 194 101 209 81 56
    255 255 21 168 147 10 109 151 255 6 152 138 109 247 255 255 255 77
    160 49 243 255 255 162 255 255 255 188 177 17 130 40 255 255 41 255
    70 169 255 255 191 51 255 206 17 121 70 103 255 255 179 90 255 123
    218 163 210 255 215 255 58 82 255 255 29 73 255 200 255 160 218 106
    209 255 89 255 21 79 43 133 116 36 255 255 255 191 89 255 122 238
    255 255 63 255 14 255 255 113 111 255 255 51 255 8 255 2 25 24 255
    85 133 255 85 29 255 255 255 255 215 255 85 84 231 56 255 255 255
    255 234 255 255 133 245 218 121 255 255 255 255 255 89 185 255 255
    122 255 161 255 240 255 255 255 174 81 239 255 255 65 70 207 18 188
    134 22 205 241 130 154 85 229 255 186 237 255 255 54 99 255 231 55
    255 247 32 255 43 44 255 44 48 252 255 179 15 161 65 255 255 248 181
    255 26 213 253 97 239 255 255 255 73 255 38 255 255 255 177 116 64
    255 173 255 180 255 255 255 255 255 58 255 43 71 82 168 244 215 119
    18 255 255 255 10 164 62 255 255 228 224 153 139 231 255 231 152 32
    247 255 255 158 121 102 255 101 215 177 255 218 108 142 228 130 255
    111 170 53 255 255 255 205 154 101 255 255 70 255 155 137 255 255 68
    169 97 202 41 255 244 255 181 255 255 255 150 255 77 255 255 137 255
    147 225 72 255 118 14 255 129 255 117 244 255 255 12 104 255 255 43
    23 85 166 255 217 62 255 137 255 228 136 96 121 12 193 36 214 191
    203 255 171 21 10 207 8 65 109 30 255 75 17 126 56 96 236 94 243 152
    255 255 170 255 255 110 255 96 124 255 56 163 72 66 147 255 255 11
    255 255 130 255 255 170 60 255 255 255 255 211 15 255 255 84 87 246
    145 24 34 5 102 178 255 53 137 2 255 124 5 255 80 255 255 16 220 17
    236 3 255 86 156 255 111 255 255 85 97 255 170 255 194 255 255 83
    255 164 255 240 92 255 108 202 239 139 2 32 177 224 137 232 125 255
    255 190 255 81 255 36 255 255 255 4 238 255 55 255 255 255 248 255
    140 255 255 74 133 47 255 255 255 221 255 255 158 255 255 162 75 169
    243 249 255 99 255 255 52 53 255 255 21 255 130 255 136 166 236 185
    255 255 255 210 67 162 3 255 126 159 255 255 100 255 183 224 239 255
    159 123 181 176 255 8 255 142 255 199 255 255 255 56 173 16 255 117
    162 73 111 255 118 255 56 255 51 89 255 36 29 255 255 11 255 255 255
    181 124 255 238 255 151 9 211 77 255 241 240 97 181 255 130 40 36 43
    243 22 169 255 255 5 164 73 198 156 159 255 126 218 38 143 63 53 137
    250 38 255 5 255 255 34 255 34 89 125 132 136 246 136 108 55 141 67
    255 255 82 255 235 1 207 192 88 255 255 255 159 6 7 255 255 214 198
    190 95 111 255 121 224 154 108 17 113 255 142 255 255 60 237 255 60
    75 247 255 255 196 255 169 255 255 255 126 255 105 255 108 154 255
    255 181 49 255 255 136 142 255 255 190 188 78 185 58 70 255 255 176
    166 192 202 255 255 176 255 15 187 255 49 192 255 255 89 121 207 135
    41 154 137 255 89 243 9 235 255 63 255 255 27 228 254 234 255 191
    255 168 255 58 255 97 255 255 89 255 255 213 50 255 63 22 255 44 34
    111 86 36 255 255 255 153 37 255 255 163 217 43 195 84 255 255 26 73
    139 255 255 36 255 139 93 255 73 255 255 156 174 255 255 136 255 255
    255 159 255 243 73 160 47 255 55 255 7 255 111 255 255 255 239 255
    59 255 53 174 255 255 209 19 255 255 101 255 111 65 200 158 255 38
    255 43 21 255 255 255 32 255 45 51 255 255 255 238 255 132 41 8 23
    12 255 165 255 230 255 255 255 139 149 255 255 12 145 222 255 250 71
    0 226 255 255 255 143 87 255 200 217 255 192 255 94 121 255 40 113
    255 255 128 68 72 255 255 209 22 255 137 255 203 215 210 188 255 185
    255 255 156 255 255 104 188 255 255 255 207 71 157 215 141 255 239
    141 126 234 49 255 220 7 29 166 1 191 255 121 255 26 52 255 255 1
    255 255 38 255 9 255 19 151 231 255 252 3 255 255 21 212 255 73 255
    255 255 94 235 92 159 198 66 255 255 33 255 239 207 255 70 250 150 4
    255 255 237 247 179 56 248 248 255 158 255 255 215 236 89 7 255 113
    255 171 232 243 161 36 255 255 255 207 32 255 192 85 51 170 17 145 7
    140 32 255 255 177 117 241 90 203 161 169 143 21 255 213 255 255 244
    44 250 147 251 75 255 157 255 255 226 255 107 255 192 255 183 255
    255 203 250 255 53 153 86 82 89 255 84 43 236 94 255 26 63 255 111
    255 255 1 255 255 255 255 255 255 169 220 173 255 255 255 255 255 99
    70 255 255 31 255 80 84 72 255 15 252 10 203 255 58 43 90 244 255
    168 162 135 36 161 255 255 255 108 121 255 255 113 255 9 149 255 56
    255 126 255 255 25 255 255 12 246 255 66 185 85 148 156 255 255 255
    188 255 255 255 128 96 68 244 171 139 172 255 164 255 7 255 255 255
    154 81 198 90 192 161 255 170 125 207 255 164 255 115 255 255 170
    255 177 43 226 166 177 255 169 255 80 183 100 255 255 27 159 185 25
    255 62 255 255 255 30 255 255 97 255 85 166 255 255 255 255 60 255
    128 255 255 255 218 187 195 139 255 255 166 255 224 198 255 26 255
    63 58 255 218 249 255 178 255 168 255 255 255 113 255 255 255 12 255
    255 255 255 210 73 255 16 255 255 253 241 241 253 255 98 250 255 255
    73 85 255 23 67 255 206 72 255 180 255 137 255 19 62 162 210 255 255
    255 105 92 255 145 41 113 255 255 79 255 34 68 179 104 244 255 237
    208 190 14 255 147 56 255 83 137 15 255 181 58 235 236 255 9 246 111
    255 37 62 255 239 255 255 228 255 105 255 255 73 255 255 196 189 255
    255 43 255 255 84 255 255 255 255 255 159 188 164 159 255 255 243
    255 255 63 132 255 71 197 2 32 255 51 55 56 81 176 255 255 84 255
    235 124 27 245 29 85 100 156 255 58 255 84 17 229 161 255 255 232
    255 45 79 94 246 144 87 251 193 255 96 224 255 140 79 156 255 255 51
    34 7 124 255 94 92 48 60 203 92 244 38 54 84 154 195 21 255 255 130
    179 103 231 64 255 234 115 189 234 255 25 73 255 244 191 255 25 255
    79 41 150 255 36 186 255 167 255 255 111 255 124 255 135 70 255 34
    149 117 118 255 255 229 164 255 248 255 255 140 51 48 157 62 226 255
    121 15 15 255 255 50 171 115 32 255 38 9 255 161 202 255 162 48 255
    251 226 47 183 140 73 132 255 255 255 91 126 58 39 75 255 27 13 12
    255 154 255 255 222 115 48 38 55 183 255 158 60 38 255 193 226 93
    109 255 78 154 255 255 231 119 155 255 255 247 58 255 126 200 83 228
    17 241 251 255 151 29 125 255 221 255 255 121 255 243 202 255 255
    206 255 124 255 255 255 54 255 134 173 236 9 237 101 98 119 138 255
    22 255 255 78 200 255 239 255 151 255 149 255 25 255 255 255 133 255
    81 255 255 185 255 149 176 246 255 44 149 255 255 84 255 5 255 160
    255 255 255 126 255 255 255 255 117 111 80 119 224 236 207 156 70
    255 110 210 183 217 255 58 36 255 255 174 70 121 255 138 255 203 255
    255 255 255 255 89 255 255 255 169 255 158 0 89 255 149 6 222 255 81
    126 255 255 111 87 255 178 255 255 255 255 64 56 79 98 33 255 147
    255 145 255 255 109 235 191 249 192 255 120 109 121 255 254 255 255
    83 74 21 11 130 96 90 226 234 128 255 10 255 95 255 113 255 255 255
    106 222 255 38 255 255 78 60 9 147 255 255 163 255 255 16 255 255 73
    70 149 255 186 122 165 255 255 217 227 217 1 255 151 10 234 255 255
    255 173 151 255 255 135 2 56 255 87 41 225 60 255 38 171 255 255 255
    83 88 215 255 85 255 255 255 255 215 196 39 255 4 220 255 250 145
    209 110 144 72 81 130 255 255 255 255 174 34 255 103 255 166 1 255
    255 55 255 203 144 255 255 236 157 249 52 255 92 150 39 73 33 255
    255 174 255 90 255 3 255 85 116 255 91 255 255 130 27 255 14 255 255
    156 255 255 255 255 151 0 255 255 191 89 45 19 176 121 226 38 162
    100 164 228 62 255 117 148 198 255 41 22 245 195 99 100 255 10 55
    255 255 117 77 51 255 70 255 136 214 255 102 242 255 255 255 255 192
    198 128 222 200 60 255 255 255 164 255 255 75 255 255 255 255 79 255
    255 255 19 255 255 255 163 255 213 51 255 222 228 255 62 255 55 255
    21 208 177 38 255 137 80 255 203 92 39 104 8 255 255 82 255 100 107
    24 255 255 255 241 184 255 255 195 186 190 229 255 255 16 7 89 255
    29 92 255 255 85 255 32 255 174 255 255 255 239 255 56 70 255 255
    132 185 136 212 121 155 236 255 108 109 255 110 137 255 100 159 255
    137 125 73 30 205 255 139 255 11 255 7 104 255 255 60 96 255 41 144
    255 255 209 255 255 40 144 230 96 255 255 73 208 201 122 82 255 220
    126 149 233 239 2 75 150 79 65 154 177 255 92 255 66 190 255 255 255
    255 133 103 243 161 164 255 255 14 245 55 255 28 55 132 151 158 255
    255 12 156 147 34 226 255 255 149 203 255 222 98 18 255 201 37 232
    45 213 51 205 213 255 30 11 22 255 139 154 235 209 89 158 255 65 215
    207 239 255 38 29 255 187 255 255 255 255 255 255 14 11 95 7 255 19
    229 255 215 91 255 125 231 249 250 238 255 255 214 255 255 255 255
    255 55 194 84 236 196 255 145 119 196 255 53 255 162 139 36 97 255
    135 255 255 140 210 255 78 104 255 73 53 255 133 255 241 152 255 255
    218 43 200 255 255 203 7 214 255 255 243 255 192 255 28 8 212 217
    255 103 255 67 246 45 255 10 255 174 255 255 255 255 185 103 255 255
    255 255 134 220 92 255 19 255 255 3 255 255 237 255 255 243 249 38
    126 255 255 161 255 255 255 255 255 211 191 164 110 167 255 27 193
    247 155 214 255 3 104 255 104 167 164 235 94 105 0 255 79 191 190
    255 170 238 255 255 65 255 47 255 175 51 118 243 255 255 243 255 220
    8 69 255 255 220 255 255 242 234 255 78 150 255 255 255 168 195 255
    104 196 255 255 192 243 98 174 72 186 88 255 255 184 241 47 84 0 192
    221 255 13 255 255 186 172 75 137 5 255 255 255 255 24 107 255 153
    117 251 23 96 0 211 255 222 255 255 2 255 205 50 177 10 255 81 34 9
    255 7 26 255 103 244 175 97 212 255 255 255 141 23 255 209 82 173
    126 121 255 255 255 255 255 228 255 226 140 255 192 255 15 255 33
    255 255 255 108 109 255 255 109 240 106 147 255 67 89 172 183 255
    108 255 255 176 255 255 207 85 145 196 179 255 255 255 255 255 255
    255 255 255 158 255 238 30 93 144 51 229 255 145 152 255 255 22 255
    207 117 208 255 255 255 49 133 244 255 255 130 226 235 79 255 0 255
    100 255 113 255 104 12 255 255 58 255 29 255 139 167 255 255 172 255
    255 150 65 132 255 255 164 243 72 145 29 9 143 125 255 255 255 255
    255 58 154 255 110 255 255 126 255 15 23 255 255 255 255 60 255 96
    220 167 255 186 113 10 9 222 96 102 233 255 109 255 222 222 135 255
    81 255 5 255 63 108 255 255 185 0 255 222 139 237 255 255 130 255
    255 154 103 255 189 159 66 255 255 132 92 227 255 22 255 153 130 255
    75 205 255 8 231 229 255 255 255 247 255 255 255 139 202 15 33 185
    254 218 41 143 71 212 255 255 31 255 207 255 218 97 255 143 133 236
    255 233 234 179 172 138 255 52 26 255 145 147 198 255 46 230 163 197
    73 255 255 255 255 152 255 5 255 245 255 191 255 255 255 255 27 255
    153 128 255 255 99 255 40 255 255 164 202 255 255 177 219 255 65 255
    255 170 144 90 70 255 255 152 132 228 133 104 255 217 255 255 148
    255 36 154 154 255 96 197 217 113 231 255 253 255 122 173 255 26 194
    126 83 71 255 255 240 70 245 15 255 11 152 68 19 107 255 119 255 210
    113 166 56 124 162 255 255 255 255 213 113 255 255 220 255 211 30
    132 81 100 249 255 152 137 166 156 255 149 255 226 215 237 80 255
    255 106 255 218 255 164 255 173 215 255 101 255 244 255 255 255 82
    255 255 91 147 85 92 126 248 7 255 246 255 177 41 255 255 43 55 255
    221 186 220 82 171 30 255 140 192 14 255 243 103 70 154 19 2 158 136
    255 255 255 217 254 150 123 255 255 205 166 169 255 255 255 255 255
    111 255 115 255 55 255 210 255 209 124 50 73 177 219 53 99 2 13 170
    253 211 44 255 255 44 217 175 111 255 255 255 142 255 255 205 255 97
    255 255 177 220 255 196 255 255 110 255 255 158 145 255 96 39 192
    166 63 255 255 255 40 217 22 255 113 120 24 5 15 255 236 255 149 255
    255 235 140 255 98 255 255 255 89 255 255 143 38 239 255 60 255 255
    114 224 69 207 255 255 103 198 154 120 145 58 24 255 255 255 79 99
    255 192 255 255 194 170 157 255 255 255 255 172 255 6 206 220 255
    128 133 255 169 255 154 10 255 255 106 253 255 228 231 255 26 255
    168 255 227 40 85 99 255 255 255 136 183 255 255 255 255 136 232 162
    17 89 255 255 143 255 9 255 255 255 214 255 250 255 255 72 255 255
    179 119 92 255 71 97 255 255 255 104 255 79 79 255 255 89 214 84 255
    247 169 136 67 36 255 221 255 139 121 186 94 158 220 255 135 193 255
    248 109 132 237 255 70 155 51 217 255 103 79 255 142 136 255 255 255
    54 195 136 140 255 255 188 255 136 255 85 255 239 241 113 26 255 255
    166 190 160 99 41 255 255 181 255 7 255 255 250 9 255 80 181 255 255
    255 115 51 179 117 255 53 173 34 87 255 255 185 186 255 255 255 71
    198 68 114 114 255 10 34 158 107 255 255 255 255 224 217 85 47 209
    79 211 254 255 255 84 191 23 118 202 24 255 255 255 180 116 177 255
    138 98 255 109 255 115 232 255 128 255 117 144 133 9 255 68 255 63
    154 255 91 255 255 255 255 222 226 255 255 255 114 235 253 15 255
    255 116 201 18 164 255 250 255 255 209 84 255 202 255 255 23 255 141
    243 255 66 255 138 119 255 15 255 254 255 183 145 255 58 159 255 254
    255 14 185 255 162 255 255 255 255 231 38 255 74 246 56 206 244 255
    255 24 255 255 111 255 128 41 126 255 46 169 255 255 255 77 104 255
    73 248 255 214 68 255 255 3 255 156 255 255 69 150 117 162 255 255
    231 222 255 244 255 188 178 236 255 136 56 60 95 255 143 148 89 255
    189 133 169 255 255 36 161 255 255 32 255 105 250 174 213 27 103 255
    25 200 255 111 248 169 255 255 179 255 255 255 71 236 147 255 255
    255 222 89 255 73 126 41 136 244 255 125 255 141 255 197 247 56 50
    255 255 32 255 177 255 255 110 162 24 5 111 255 255 32 255 250 217
    21 255 255 26 3 255 109 151 255 13 187 205 183 255 159 255 189 255
    171 174 5 13 188 229 32 255 132 173 80 255 207 255 255 255 10 186
    255 231 17 255 166 255 143 4 255 122 47 255 68 231 51 252 7 251 160
    255 224 255 170 91 249 51 255 255 122 195 70 115 255 147 159 255 255
    137 255 81 174 255 255 247 174 255 52 255 41 141 255 188 119 255 117
    178 171 58 209 255 250 45 255 255 255 68 255 150 133 255 255 38 255
    136 249 255 255 24 26 156 255 255 114 123 255 255 255 255 63 53 255
    255 164 255 255 241 58 255 50 255 239 239 255 59 255 255 122 255 173
    233 255 255 5 255 200 255 75 0 88 255 64 58 255 255 255 251 255 173
    255 255 130 205 255 86 111 62 122 255 8 255 7 158 22 255 36 48 255
    149 22 227 55 145 255 255 27 48 190 255 255 11 0 255 200 247 176 115
    70 255 255 121 21 124 239 94 255 1 202 255 124 101 255 255 243 255
    155 248 255 0 255 235 247 255 137 220 44 255 255 111 107 255 255 87
    255 183 255 255 255 255 255 255 58 255 108 166 178 255 255 48 92 32
    55 255 255 163 255 196 217 255 205 58 255 255 93 154 255 26 60 196
    221 137 255 255 154 85 52 255 62 255 255 162 255 43 255 209 255 245
    235 176 147 195 51 92 255 236 255 248 142 255 74 219 58 195 255 171
    222 140 255 184 106 122 237 208 55 114 15 203 152 255 255 255 255
    232 67 255 249 7 121 62 254 106 105 255 255 15 88 205 213 147 41 24
    119 255 255 111 244 255 19 27 255 255 185 77 189 255 255 189 255 255
    255 164 211 211 162 201 43 186 34 14 255 217 235 255 23 15 171 255
    95 255 247 108 53 143 14 255 255 43 251 218 12 255 255 172 255 255
    232 215 13 45 132 24 113 255 160 255 142 255 247 154 255 0 226 255
    47 255 72 136 222 255 242 255 255 255 144 254 65 186 255 59 241 45 5
    255 255 255 255 255 255 255 136 229 255 255 34 82 255 30 255 255 44
    191 252 255 255 255 84 60 255 166 46 255 145 255 255 255 12 255 47
    232 8 70 255 56 248 255 85 10 2 173 198 232 255 69 186 255 242 255
    11 237 29 23 255 255 55 187 162 83 255 255 226 255 32 255 255 255
    255 195 150 245 151 111 171 255 255 75 118 255 255 91 67 255 255 255
    213 255 51 183 205 118 75 220 224 137 115 255 190 70 116 255 255 255
    255 12 255 255 255 70 255 210 210 40 71 255 255 255 255 255 243 255
    0 124 238 254 21 255 255 34 222 109 255 239 255 140 198 45 255 255
    254 85 87 198 141 147 255 255 255 255 213 166 255 92 0 255 163 167
    38 124 222 255 108 255 160 255 251 0 52 255 255 0 255 119 255 0 255
    10 255 113 135 82 147 255 111 255 247 126 255 8 79 237 21 53 186 44
    92 255 255 108 58 130 255 243 62 255 255 255 114 255 95 190 9 93 190
    255 137 255 255 143 62 136 255 190 255 97 101 111 196 255 90 5 255
    151 48 3 255 103 255 243 115 255 119 255 200 255 176 255 255 95 114
    255 211 0 234 255 255 234 255 229 218 12 255 100 40 255 255 84 92
    255 140 12 77 255 109 228 80 87 143 255 255 115 225 203 255 100 249
    255 78 205 255 177 135 15 85 255 243 22 32 13 36 255 185 226 190 250
    255 255 68 255 255 124 255 27 136 255 255 255 126 0 23 176 255 4 167
    255 255 172 255 34 16 255 255 154 200 237 81 255 254 167 169 34 129
    190 186 255 255 255 255 63 255 45 44 255 74 255 255 200 214 235 255
    186 36 81 255 226 255 212 21 59 255 255 166 162 255 43 255 255 203
    255 255 243 255 255 255 255 255 59 255 255 89 210 194 129 79 255 255
    255 90 218 9 196 255 7 77 207 145 177 66 255 255 253 255 255 255 255
    254 255 219 255 181 255 102 151 0 137 47 255 255 144 195 255 232 212
    92 255 255 209 5 89 205 10 255 255 255 255 255 158 185 32 226 255 72
    163 255 255 255 255 255 102 215 255 255 32 77 200 9 226 58 144 49
    213 15 255 104 41 179 255 190 245 255 164 102 78 75 255 250 255 28
    47 193 58 60 255 255 226 255 183 10 255 228 27 123 79 119 239 255
    174 144 203 255 255 2 139 255 255 247 193 186 255 255 77 74 55 34
    255 255 234 19 255 255 51 207 186 255 68 255 38 186 255 110 255 79
    255 255 13 221 253 255 132 73 255 255 205 220 25 255 64 11 255 255
    255 111 255 215 193 115 82 56 38 133 10 255 255 48 255 235 255 139
    214 255 160 77 255 255 255 123 255 36 157 83 29 255 64 255 214 137
    143 255 255 218 130 183 255 106 255 118 255 255 77 255 171 174 36
    255 255 255 119 255 26 255 177 212 255 18 255 255 255 227 255 81 114
    64 255 109 255 255 154 109 26 73 255 33 255 255 78 133 23 152 44 255
    54 56 255 210 50 247 26 226 117 91 255 255 118 73 128 255 255 188
    104 226 255 49 162 186 255 249 255 205 178 143 255 255 234 166 255
    255 48 255 151 255 255 145 65 154 255 26 92 119 210 255 255 236 255
    19 121 255 255 145 152 217 255 41 17 88 53 175 172 0 130 103 255 255
    255 82 255 10 255 218 255 255 255 100 159 149 86 133 220 239 255 213
    107 255 217 188 255 255 255 191 255 150 24 255 255 255 255 255 198
    211 111 73 2 255 179 77 255 238 9 51 255 243 228 255 201 255 12 255
    255 159 255 159 85 234 183 188 255 255 255 183 211 238 255 255 144
    173 207 255 255 45 2 23 255 255 255 122 34 11 47 152 255 113 255 255
    91 249 255 27 156 255 255 104 132 236 145 49 255 255 47 211 255 255
    60 243 255 255 142 79 255 150 255 255 244 255 36 9 139 255 226 255
    103 255 13 255 114 122 224 53 171 196 85 98 69 255 234 51 203 9 255
    162 255 137 14 243 255 19 201 255 255 66 255 251 255 184 255 255 150
    56 128 255 255 255 255 227 255 7 157 255 255 255 19 169 7 255 255
    255 190 255 255 255 255 50 107 166 62 255 255 171 115 145 255 255 97
    255 205 255 255 255 86 188 255 60 48 255 237 255 175 183 255 255 85
    87 143 95 231 255 140 227 230 228 193 255 255 65 98 163 0 255 177 77
    255 21 0 151 205 116 255 143 7 81 56 255 255 180 255 255 255 255 154
    23 197 41 194 43 132 255 126 255 30 126 117 52 10 56 169 255 62 107
    255 255 220 128 226 69 255 190 181 255 200 121 161 126 255 67 21 85
    255 255 104 255 255 137 27 255 255 255 153 65 214 205 214 87 186 225
    43 255 139 10 255 255 219 109 224 2 255 255 255 145 233 193 255 18
    255 255 213 60 255 255 135 255 84 179 255 59 34 218 122 255 255 196
    255 255 255 99 228 97 255 45 19 198 239 255 63 255 125 96 255 255
    232 218 224 255 89 196 239 64 110 255 185 108 255 62 11 0 134 49 142
    201 184 255 255 18 157 255 27 255 254 255 255 255 165 246 87 137 128
    255 211 181 49 19 89 158 49 255 124 169 198 255 255 203 11 255 255
    56 237 255 247 214 255 255 30 84 36 103 224 255 102 190 211 77 255
    128 231 249 239 163 255 255 255 44 255 78 255 249 235 31 226 255 178
    255 217 253 255 55 128 255 255 255 255 51 255 255 240 255 77 104 238
    255 166 183 198 255 70 255 255 108 255 170 31 255 229 169 255 240 36
    255 255 255 213 152 232 226 32 255 255 8 29 255 18 255 162 199 222
    255 0 195 62 8 255 255 67 29 141 235 103 255 55 80 255 3 255 21 122
    244 255 255 255 255 71 176 255 185 255 134 185 198 255 177 215 90
    255 255 213 55 154 255 91 15 201 167 255 143 255 87 185 85 255 8 255
    244 73 255 84 255 255 80 255 240 220 49 196 2 220 100 24 255 23 58
    130 189 255 79 255 231 166 194 207 130 203 36 255 93 219 15 170 161
    255 19 125 4 44 207 198 30 190 215 18 210 145 43 255 255 255 215 255
    224 255 60 143 29 8 73 19 255 167 255 255 255 77 255 255 132 8 38
    255 255 255 212 109 124 255 255 213 104 255 30 255 255 124 73 255
    210 255 119 43 197 255 255 2 90 255 154 72 191 255 228 255 103 81
    255 38 255 255 207 255 8 63 255 255 255 168 86 255 234 207 255 60
    255 159 36 51 144 75 246 243 136 0 96 143 62 255 188 255 130 255 255
    255 183 255 108 255 255 114 26 137 116 255 75 255 243 236 255 185 80
    255 24 255 255 255 121 156 255 203 255 255 236 255 255 255 169 255
    198 161 255 92 255 90 128 255 255 137 255 255 255 255 149 150 255
    255 228 132 224 255 255 255 104 133 255 210 222 255 19 210 255 63 89
    255 43 255 252 231 251 169 209 255 255 255 251 252 82 149 255 206 50
    64 129 41 255 255 255 198 154 92 194 255 34 255 147 82 255 255 50
    255 48 255 92 255 75 53 115 156 255 255 255 255 12 255 255 176 179
    41 23 255 185 255 89 255 52 0 62 33 207 70 232 200 158 70 120 255
    255 210 173 0 255 2 113 255 181 56 97 213 214 255 255 217 21 255 173
    190 255 255 17 255 104 132 255 206 39 0 196 85 36 75 255 72 205 239
    143 1 255 255 169 255 220 185 255 255 108 191 255 132 255 28 52 224
    183 255 186 171 85 84 255 7 234 255 183 227 126 59 255 255 88 181 72
    144 255 255 222 12 175 59 255 255 254 193 104 255 87 136 86 255 255
    250 255 90 16 154 64 255 255 255 100 255 175 255 224 255 29 255 66
    154 126 255 255 243 132 255 58 255 143 255 255 5 205 255 255 255 186
    253 22 145 215 48 154 110 255 96 221 138 218 16 255 24 37 255 255
    102 255 249 236 104 198 203 255 255 255 255 255 196 55 175 117 255
    255 59 255 255 255 200 151 240 255 247 231 255 104 255 255 255 144
    15 158 255 130 185 255 255 139 48 255 164 52 255 228 177 79 255 255
    82 158 154 62 255 255 231 255 85 12 203 255 157 255 205 226 241 244
    255 205 132 169 255 255 125 255 178 181 194 255 244 255 176 208 255
    107 43 255 211 162 41 255 94 224 82 167 255 36 238 255 16 255 255
    148 255 66 255 21 130 255 255 92 54 55 185 122 2 255 59 140 255 37 0
    255 44 222 32 188 12 105 183 255 255 255 222 255 147 41 47 155 113
    162 25 137 79 73 255 255 243 255 207 41 85 160 199 255 213 225 191
    255 43 255 255 99 255 75 185 255 255 60 255 255 162 251 255 255 255
    255 102 229 255 255 255 9 235 255 90 183 243 132 255 72 255 255 217
    153 255 94 23 173 255 58 65 255 255 129 232 230 161 70 72 33 72 151
    48 255 255 113 58 134 58 224 255 255 246 109 255 255 255 226 255 255
    226 255 156 117 22 255 255 255 255 40 203 126 80 255 111 255 156 255
    255 255 247 232 188 255 145 222 92 191 255 217 84 31 252 251 70 255
    180 15 128 255 255 255 255 137 43 255 255 255 255 173 255 255 255
    220 26 17 255 58 229 53 224 14 255 195 255 196 255 111 19 196 65 255
    210 17 26 200 188 255 255 255 252 255 120 201 102 63 55 165 255 113
    255 101 23 118 65 56 255 255 255 10 169 255 255 215 139 192 255 255
    255 152 255 147 56 4 255 72 255 143 53 203 1 220 66 255 55 255 129
    255 255 92 255 66 255 255 255 255 186 255 11 208 255 106 255 81 161
    255 81 104 161 162 228 109 81 255 255 218 103 255 245 200 255 255
    224 255 255 169 162 255 174 132 230 15 255 255 63 162 255 255 36 126
    202 255 55 96 255 119 255 41 56 181 208 168 59 97 121 191 190 255
    255 147 190 235 255 255 121 109 243 141 255 41 119 255 190 74 255 49
    255 255 255 93 91 217 95 73 255 25 79 243 165 145 139 1 53 175 255
    248 255 255 193 203 67 109 255 243 27 255 54 255 255 154 94 55 85
    255 134 228 255 122 45 130 77 255 108 4 255 152 255 189 255 255 167
    255 11 144 202 255 93 96 119 255 167 51 199 179 130 255 255 255 255
    231 255 48 255 43 255 255 105 59 255 255 151 236 230 255 137 255 38
    255 83 19 118 255 150 179 255 80 255 255 255 36 255 102 248 102 235
    12 255 255 255 255 137 132 255 19 56 255 66 3 96 121 255 47 51 72
    255 173 234 255 255 210 252 224 249 102 4 96 255 126 255 255 100 99
    169 255 255 64 229 173 32 254 255 19 255 255 255 255 56 255 150 255
    255 144 255 255 141 43 217 63 212 177 255 84 255 226 34 255 207 15
    215 97 85 224 99 21 255 54 224 255 192 255 136 159 183 239 128 255
    201 228 9 255 5 255 255 226 255 255 178 29 168 115 255 177 255 255
    255 167 253 255 7 38 64 255 255 255 140 255 0 177 255 85 150 132 181
    255 255 255 255 255 255 255 255 162 103 255 255 1 255 255 125 255
    255 255 198 255 52 255 255 194 255 255 51 255 147 187 214 196 255
    116 124 113 255 255 220 253 255 165 145 255 130 255 160 239 138 255
    95 255 255 95 27 255 91 255 255 54 255 40 121 255 255 250 147 255 16
    255 122 255 255 58 255 114 154 45 255 205 71 159 124 97 193 255 11
    77 255 74 169 143 255 255 255 40 255 255 84 255 217 178 255 198 166
    75 255 228 132 56 255 156 169 255 65 255 113 185 62 30 60 255 77 185
    43 129 103 201 176 169 168 133 215 201 161 114 255 218 246 255 255
    255 98 18 255 89 226 255 255 113 34 255 26 84 128 185 255 177 255 39
    255 145 15 237 85 255 247 255 255 255 255 222 255 255 181 255 29 255
    113 19 255 255 30 17 255 254 255 255 243 255 107 73 227 255 170 255
    255 195 231 181 174 255 85 243 255 252 255 255 30 255 197 66 255 255
    255 255 137 169 21 15 164 150 164 255 60 14 119 34 132 243 139 255
    98 49 174 17 40 255 255 16 255 255 96 109 247 209 255 241 174 79 245
    251 3 255 7 207 73 106 255 85 255 210 58 177 200 255 143 132 168 247
    72 255 99 67 183 143 152 53 156 255 255 170 236 75 150 255 17 5 255
    104 145 113 255 88 111 255 202 255 255 255 255 179 113 120 175 255
    255 255 255 255 255 206 176 255 173 161 255 243 249 255 167 135 255
    132 255 255 165 48 36 229 255 255 205 38 15 106 91 185 70 255 255 84
    255 255 34 34 254 199 203 255 128 255 255 97 96 255 240 132 255 37
    147 255 195 255 255 209 238 252 136 188 32 165 58 70 71 5 4 75 85
    255 43 101 255 40 77 255 228 0 24 86 190 255 41 185 255 99 234 255
    162 246 220 228 255 255 198 169 255 180 108 255 162 255 188 132 253
    53 44 5 94 250 87 151 255 145 255 145 255 255 113 63 98 156 51 255
    38 255 164 255 255 255 84 108 177 235 3 255 189 255 255 255 203 255
    27 181 0 51 234 228 255 255 255 102 97 254 184 53 239 54 255 15 92
    255 255 203 255 143 37 255 205 165 96 255 255 179 209 121 255 143
    232 97 255 203 185 164 214 65 255 255 255 255 192 255 255 136 226
    255 49 255 255 4 255 255 255 255 226 194 200 255 251 89 255 255 130
    201 255 255 255 119 246 255 187 113 255 247 133 13 255 2 255 74 113
    96 199 164 43 255 255 255 226 68 255 150 217 255 103 255 228 155 255
    15 255 26 102 47 73 255 63 67 255 0 99 239 210 207 188 255 22 255
    255 140 255 180 255 255 255 255 255 203 255 6 29 255 255 176 77 169
    135 255 153 255 255 185 221 255 255 73 255 132 14 255 255 45 255 164
    0 138 255 41 255 255 77 255 255 154 159 186 255 114 4 25 255 255 226
    255 254 255 255 28 55 145 137 97 255 235 255 255 255 1 130 96 16 217
    6 69 255 255 255 169 168 255 5 183 115 255 96 37 99 105 183 255 255
    255 255 60 240 106 105 81 150 60 41 63 255 155 255 255 86 138 147 60
    31 255 213 244 255 255 217 255 185 255 255 135 255 122 250 99 255
    232 255 70 54 255 90 255 255 255 88 255 255 80 2 255 181 255 255 255
    220 255 163 255 9 85 234 4 255 255 255 27 138 79 19 0 188 255 255
    211 143 255 255 205 17 243 63 41 196 255 214 255 255 255 43 255 220
    30 181 255 113 21 255 255 255 255 134 110 227 255 255 255 255 255
    114 213 255 152 192 41 198 139 255 255 226 156 195 255 29 193 255 5
    255 255 15 103 255 255 55 181 255 130 255 255 185 66 15 39 255 240
    137 147 255 255 222 200 255 255 178 123 132 176 126 255 97 255 26
    143 9 255 86 162 68 181 255 255 255 185 83 7 91 255 202 152 255 167
    255 139 253 255 255 34 212 239 58 91 255 255 210 51 92 26 255 121
    255 122 210 255 255 244 255 255 141 176 255 225 255 153 74 60 89 102
    9 255 14 181 255 243 255 255 5 255 255 5 103 255 255 255 255 224 255
    255 181 251 255 255 181 79 225 255 83 12 255 126 213 255 85 125 255
    96 229 183 207 12 188 255 96 236 196 129 255 41 255 214 255 96 197
    255 247 55 83 255 255 255 122 255 109 255 80 181 232 224 255 255 238
    255 115 174 255 255 56 66 132 255 255 203 210 254 211 255 255 26 255
    145 163 255 136 125 65 17 255 200 15 8 255 255 129 2 149 113 255 255
    255 255 200 26 92 255 115 89 255 124 22 255 200 224 217 194 167 255
    132 255 211 205 22 255 177 36 166 174 255 255 255 255 94 140 255 128
    15 255 255 255 255 139 86 43 111 242 113 47 0 116 255 139 255 247
    133 255 53 92 255 255 34 255 255 81 249 255 110 255 8 255 84 255 255
    26 255 77 188 247 85 123 201 255 104 56 255 255 192 107 77 255 255
    130 250 231 255 237 167 7 53 214 200 122 255 255 94 210 118 58 255
    255 255 255 72 75 255 255 87 151 152 255 189 113 38 36 255 255 236
    255 255 231 118 181 255 51 200 255 255 85 255 231 194 255 255 153
    220 24 162 255 255 151 255 217 255 255 94 117 91 2 222 1 255 70 236
    75 100 85 108 255 96 255 255 111 128 249 229 145 255 29 249 255 163
    255 255 195 109 255 75 255 15 174 255 62 33 255 28 255 255 237 143 2
    255 184 246 255 117 164 151 244 203 160 58 255 255 130 255 235 32
    255 89 255 126 85 96 255 255 255 255 255 220 3 171 96 193 255 189 56
    255 255 255 255 155 255 255 255 255 207 255 255 126 255 255 255 59
    255 255 63 94 255 156 255 255 114 232 121 161 217 122 210 39 130 77
    118 255 255 82 158 130 255 190 246 82 58 255 255 224 255 207 255 218
    255 255 165 255 255 198 179 255 156 255 255 254 255 255 156 173 255
    255 31 23 92 185 255 255 210 217 200 44 201 107 145 75 132 255 255
    217 137 255 4 255 224 71 125 122 255 190 173 255 241 19 255 51 151
    27 214 255 173 114 126 255 255 255 181 255 23 255 255 34 99 234 169
    58 159 255 184 118 139 52 229 255 169 255 255 255 241 68 0 162 28
    218 255 104 255 255 255 255 255 255 255 161 255 156 255 104 10 255
    255 77 46 217 194 255 255 255 255 255 92 73 104 152 255 255 255 255
    255 189 255 255 189 243 64 155 255 255 255 87 226 126 232 9 187 217
    255 52 255 21 178 128 215 176 208 250 255 255 255 255 70 43 151 161
    255 14 255 255 233 255 255 229 58 255 255 241 215 200 255 8 154 255
    255 237 255 115 113 255 255 246 255 94 111 246 64 141 19 158 59 249
    255 195 255 92 12 70 186 255 140 255 125 164 255 221 120 255 255 255
    100 240 255 255 255 108 6 255 176 56 26 190 17 159 255 255 169 15
    186 255 145 124 25 38 255 56 104 250 147 97 72 255 123 255 81 167
    119 255 48 255 198 106 255 191 232 149 180 97 255 40 255 255 192 167
    255 255 255 171 255 27 255 225 41 218 108 236 255 1 255 255 37 135
    21 255 255 255 255 149 141 255 255 247 255 183 255 32 255 226 255
    255 255 114 44 28 10 255 255 228 255 255 226 255 255 255 17 255 255
    255 9 33 169 168 255 255 255 48 255 98 242 32 8 141 118 145 159 63
    255 55 132 255 75 176 201 255 255 255 213 232 17 255 39 23 211 178
    255 233 255 255 224 255 255 8 255 24 111 255 60 91 207 156 150 255
    47 36 198 255 69 248 153 37 255 109 167 156 92 69 255 47 118 255 139
    221 255 255 21 255 38 222 67 255 247 70 255 88 255 255 173 46 255 89
    253 115 221 255 255 114 111 255 89 239 207 228 238 255 111 239 255
    199 255 188 117 171 255 178 255 241 132 82 243 11 43 143 41 255 255
    255 3 255 49 255 255 119 255 109 255 176 94 41 255 68 239 226 255 7
    255 139 255 72 255 255 255 255 247 114 255 80 101 115 124 179 255
    141 255 220 165 255 6 255 167 255 113 166 119 16 255 98 246 108 151
    237 255 255 255 36 60 255 255 255 214 255 255 247 21 255 191 55 47
    199 255 255 129 255 72 12 80 169 239 133 188 128 55 124 217 255 137
    89 84 255 255 255 136 124 79 92 255 27 255 211 67 190 41 255 255 209
    255 58 124 255 255 255 159 255 119 255 255 52 123 211 132 255 255
    244 255 255 255 55 255 52 255 47 255 94 188 115 255 255 1 156 255 95
    0 24 96 255 255 74 226 124 89 255 17 248 2 130 255 217 56 195 255 21
    184 85 113 166 27 255 108 133 137 0 246 151 27 255 255 255 255 13
    255 145 154 255 171 139 244 67 255 255 255 247 255 26 255 189 128
    255 132 255 255 196 255 181 255 227 183 181 255 255 218 72 255 255 9
    255 77 255 11 136 255 255 66 205 124 141 181 111 58 169 255 95 255
    255 36 91 2 82 255 23 255 255 117 255 255 207 255 121 255 255 255 89
    156 38 255 255 255 255 255 62 83 255 255 38 180 156 255 255 51 215
    44 96 196 19 255 255 110 48 200 148 255 96 176 150 169 158 29 58 200
    183 124 255 255 124 88 190 255 225 255 181 255 255 255 12 255 13 65
    24 255 69 255 96 1 255 255 99 125 83 255 255 255 96 149 255 152 147
    255 225 236 255 7 197 85 255 43 134 176 89 26 255 191 143 107 9 104
    88 255 255 183 255 232 255 255 255 181 152 255 27 38 255 255 5 217
    255 255 255 74 101 255 255 255 183 56 132 255 172 186 228 122 255
    255 255 7 40 239 255 255 85 248 250 29 255 255 37 36 119 198 255 255
    165 31 255 143 140 68 16 239 255 89 60 255 217 255 179 255 185 36 56
    51 255 255 12 168 66 145 255 255 65 255 192 217 255 255 91 26 40 255
    115 176 144 255 113 255 23 166 21 255 170 255 255 239 29 175 114 68
    255 145 41 255 58 14 32 15 39 255 237 234 136 255 55 15 80 255 104
    97 73 211 202 255 198 218 255 190 247 255 255 255 255 255 233 255
    117 158 255 255 225 111 255 52 255 255 213 255 254 229 169 87 139 79
    255 25 255 255 255 56 255 255 185 104 18 67 209 255 255 255 136 3
    255 198 255 117 237 89 255 185 195 211 255 3 255 250 202 132 255 161
    255 255 255 255 60 255 255 221 255 119 95 255 130 187 68 6 85 14 255
    255 255 166 71 10 132 199 255 6 255 255 255 37 167 255 170 80 158 59
    55 23 180 255 255 45 255 255 206 126 109 215 32 90 49 22 83 220 63
    164 99 255 255 15 255 255 255 251 255 26 43 45 255 255 255 169 22
    222 23 255 255 77 217 249 25 255 81 86 166 60 11 51 177 255 255 235
    231 126 234 255 231 45 78 248 121 118 255 254 174 169 194 25 53 255
    141 255 77 139 214 255 19 255 255 248 255 255 15 15 255 255 255 96
    255 255 255 255 152 2 240 82 111 236 255 255 180 58 255 169 85 230
    187 255 66 11 255 255 140 118 186 49 164 205 255 178 235 202 142 203
    255 91 255 118 29 62 255 26 255 65 214 145 103 31 255 255 255 85 246
    65 185 96 133 255 130 255 255 255 255 200 255 255 255 255 255 79 126
    27 124 1 251 255 84 255 160 255 67 255 255 255 255 255 234 102 253
    198 255 150 255 255 27 238 60 65 255 255 255 255 255 115 73 6 255
    255 255 15 39 255 255 255 255 199 169 232 222 255 196 255 255 196 55
    149 255 202 178 43 58 241 255 207 255 255 237 114 41 203 152 255 195
    208 255 154 75 255 255 51 72 122 2 81 188 251 255 23 255 255 184 255
    23 255 255 255 115 22 115 237 249 173 236 255 255 40 198 252 255 72
    34 255 50 224 15 241 87 229 156 130 203 152 156 137 55 255 202 255
    169 255 255 255 16 255 207 161 255 207 7 144 232 255 185 83 255 215
    255 172 255 90 255 226 255 22 255 198 140 255 255 176 255 177 255
    255 121 129 5 255 255 255 255 1 104 255 211 234 126 255 255 255 228
    253 255 255 92 255 255 108 255 236 27 255 255 101 255 255 48 255 82
    118 30 255 255 255 143 255 255 26 255 117 255 208 234 115 21 255 200
    15 255 137 101 17 132 255 254 247 255 255 255 9 255 255 255 70 237
    255 255 255 53 0 199 190 94 55 195 166 255 255 237 124 188 175 185
    255 232 220 106 211 255 96 243 255 255 207 74 128 107 255 255 62 45
    255 205 255 73 213 121 84 156 221 109 245 255 128 90 132 255 64 176
    255 139 128 169 255 209 32 40 81 255 255 65 68 254 255 145 255 93 32
    104 29 255 255 126 255 2 177 255 255 255 84 160 198 255 171 15 126
    224 59 255 255 255 22 255 255 255 245 255 26 24 166 255 255 96 159 6
    255 255 255 213 255 255 255 84 85 255 255 255 255 65 255 85 133 4 60
    140 255 63 255 255 200 138 255 30 101 255 255 255 255 3 255 255 4
    109 255 155 255 196 119 41 255 48 239 255 255 9 166 255 255 58 49
    144 255 255 79 255 217 255 255 255 255 255 115 202 15 104 41 4 255
    142 32 136 255 119 188 188 17 27 99 60 255 255 201 255 145 255 209
    186 255 255 255 186 118 149 255 158 226 255 255 255 198 207 255 255
    255 43 49 240 34 235 45 10 58 92 174 4 255 248 252 74 34 255 255 60
    205 129 207 194 199 133 255 255 15 164 122 114 19 247 255 111 255 53
    255 80 255 158 255 255 255 215 251 113 226 255 28 255 31 117 221 164
    255 203 255 255 255 255 255 71 169 255 221 255 113 255 109 255 255
    255 145 224 147 239 225 12 211 255 82 87 60 126 139 77 31 255 71 255
    255 255 255 255 255 82 24 91 255 205 255 7 255 167 255 239 100 246
    255 255 255 255 34 220 32 255 238 36 122 10 255 167 255 255 183 62 2
    43 236 149 67 186 23 91 255 255 255 10 241 255 220 8 158 255 255 255
    178 255 255 2 34 229 0 151 237 255 255 255 255 255 255 255 136 255
    255 255 154 19 122 255 32 4 255 255 255 81 255 255 93 244 213 196
    255 73 255 99 255 255 104 254 81 3 255 117 10 209 125 255 115 255
    114 255 255 255 198 200 212 255 176 255 255 255 36 255 147 255 255
    115 31 49 255 255 255 51 255 139 169 108 255 172 116 190 55 63 255
    255 255 166 226 132 185 95 17 247 150 5 255 139 255 255 233 255 98
    240 255 255 114 255 255 62 19 255 209 255 121 255 255 255 232 255
    255 221 215 87 67 75 255 224 253 255 18 144 104 113 38 255 255 255
    255 240 39 255 166 178 255 181 255 255 232 255 255 176 255 255 248
    255 255 255 255 45 100 255 255 150 255 94 38 84 243 27 255 255 52 72
    89 255 255 255 106 253 255 255 255 0 47 101 252 255 255 255 19 188
    255 136 43 255 56 241 40 255 169 72 111 53 0 139 255 255 96 137 255
    15 255 255 177 255 211 115 2 255 255 144 75 196 113 255 162 205 83
    240 118 255 255 255 51 58 255 255 85 128 234 62 73 255 221 145 255
    66 255 56 255 24 255 255 255 13 185 255 255 77 255 72 255 10 28 63
    255 234 48 77 255 206 255 255 21 255 255 196 244 255 95 22 255 23 32
    255 97 48 228 255 191 255 159 239 255 5 255 215 211 161 255 255 200
    137 19 238 218 75 79 79 3 130 255 23 215 255 71 12 255 255 51 147
    255 255 107 255 220 255 255 255 255 207 232 250 151 120 255 240 232
    255 165 191 104 203 236 87 165 255 158 207 166 154 209 191 77 128
    186 56 159 255 255 194 203 255 137 255 255 122 58 68 188 26 255 36
    234 255 56 255 255 25 255 6 23 255 158 222 34 102 121 255 255 125
    255 90 240 255 255 77 208 232 255 144 198 41 44 164 207 255 255 8
    212 85 209 51 45 113 255 186 100 212 175 69 144 220 128 255 83 36
    234 255 255 185 217 255 70 153 218 166 255 255 73 255 174 255 47 180
    27 255 255 29 255 80 255 255 170 248 58 18 255 137 66 109 255 247
    255 255 236 186 255 99 46 222 198 191 255 41 188 255 185 248 90 114
    104 255 255 157 241 125 244 255 255 120 255 19 255 64 255 210 255
    255 38 255 4 193 255 159 255 55 155 80 173 169 255 41 255 255 255 15
    255 175 32 255 23 151 79 100 118 255 24 188 255 169 62 255 255 198
    255 255 135 255 255 44 193 6 233 208 255 59 255 255 151 255 255 84
    19 234 255 255 255 255 255 222 32 238 255 63 106 255 246 255 255 255
    255 255 255 31 255 167 104 255 22 255 211 237 53 255 29 87 255 7 144
    255 246 255 241 255 169 255 255 255 21 33 255 255 70 255 241 37 255
    190 37 17 160 92 169 255 163 238 255 255 249 250 77 239 255 255 255
    171 156 43 24 38 255 255 119 91 255 255 38 73 255 255 255 255 255 0
    255 255 255 70 255 239 196 255 252 48 63 255 255 97 255 255 255 177
    163 198 4 255 255 11 183 181 230 192 255 143 78 255 96 3 255 255 237
    27 255 255 215 92 86 255 255 156 19 255 255 99 75 111 87 200 178 255
    209 255 179 255 217 111 128 163 255 45 137 58 255 177 14 141 255 255
    70 255 125 149 255 214 19 117 249 147 102 255 105 255 255 255 239 73
    124 96 255 255 199 195 255 207 152 255 114 255 255 255 255 79 174 22
    255 250 255 128 228 84 255 173 179 255 128 255 255 73 255 255 191
    255 104 172 116 235 151 133 109 77 255 255 52 36 126 255 255 255 196
    255 255 165 205 198 132 227 226 213 255 73 66 255 255 172 255 255
    255 229 250 196 255 255 255 255 137 173 255 169 55 255 255 255 142
    255 235 255 255 124 255 255 225 255 45 136 255 51 99 255 55 255 255
    177 228 255 255 29 255 255 44 193 49 189 120 255 18 53 126 63 21 245
    77 255 255 69 137 255 255 255 55 7 5 209 102 236 255 255 234 207 16
    255 255 121 5 87 188 255 70 188 48 55 255 183 98 207 227 255 27 154
    75 163 167 245 8 255 58 206 149 255 44 255 19 15 133 43 255 65 255
    81 255 255 10 161 130 147 156 255 255 234 104 205 232 255 132 255 75
    255 56 255 5 255 94 215 193 255 220 255 255 86 255 255 71 239 34 255
    152 73 155 246 255 248 227 30 130 26 255 135 255 255 250 255 9 158
    255 255 195 255 255 202 121 158 255 255 117 92 255 190 255 255 250
    255 255 113 5 120 34 213 255 252 255 200 145 110 255 255 220 253 255
    60 190 255 255 142 255 92 255 141 231 169 255 255 251 186 255 55 15
    44 70 156 65 191 255 255 68 255 194 121 255 102 58 255 255 255 168
    255 85 21 69 255 255 129 63 2 255 255 147 0 251 21 177 255 55 255
    255 134 154 41 92 233 157 255 255 183 92 255 255 151 255 32 186 136
    171 162 151 255 43 224 255 121 255 255 245 136 101 19 122 255 255
    144 197 145 33 101 201 255 255 255 18 232 232 162 106 4 255 12 222
    25 19 255 242 43 132 84 229 255 191 3 38 33 67 72 244 244 109 255
    255 255 231 255 87 220 39 49 30 255 255 255 255 255 152 70 255 235
    171 232 255 255 45 255 255 166 255 92 0 122 231 255 232 255 255 85
    140 255 34 121 255 255 222 30 255 255 255 253 207 255 119 29 255 255
    7 98 255 255 205 104 255 255 108 255 215 255 130 126 255 255 255 203
    70 255 255 63 211 106 85 168 104 203 92 224 255 255 92 255 255 81
    255 255 81 171 255 255 255 255 210 255 96 121 21 255 103 62 15 129
    255 177 89 103 115 19 255 73 207 171 255 89 255 149 255 169 255 65
    255 188 114 109 132 51 149 151 255 104 203 23 255 255 55 255 255 255
    145 56 75 19 255 255 26 190 124 176 255 173 255 105 242 255 137 174
    79 255 7 41 209 137 31 255 55 164 81 145 27 96 25 132 254 172 152
    249 12 255 255 255 79 90 56 222 255 191 255 72 56 255 173 235 255
    255 161 188 255 255 255 17 78 255 211 255 21 255 99 255 255 122 255
    11 255 21 255 255 255 11 255 104 224 198 214 26 251 255 38 67 255
    128 255 178 128 255 5 255 155 255 255 206 140 255 139 255 9 255 255
    255 177 99 203 255 255 26 178 255 255 255 255 4 60 255 105 37 0 139
    63 243 255 255 255 255 15 255 255 75 255 220 18 222 232 255 89 68
    235 255 230 255 125 252 84 135 255 226 229 255 255 255 234 88 255
    255 255 255 119 177 255 207 255 231 255 255 157 255 255 109 255 224
    96 55 74 255 203 4 26 255 255 255 255 189 62 102 156 31 153 84 255
    255 255 255 255 99 255 255 217 97 132 255 255 34 200 214 255 102 84
    255 155 255 137 255 132 255 205 255 255 255 123 222 45 255 58 255
    255 255 16 55 169 25 255 85 7 255 141 187 255 160 224 255 177 169 48
    255 128 164 43 174 113 255 82 188 255 251 255 255 244 255 79 65 44
    51 255 255 255 18 255 255 183 109 145 8 255 255 34 171 255 95 210
    145 4 255 105 244 255 198 218 255 203 95 178 255 255 255 254 73 255
    2 74 255 13 255 255 171 77 224 255 163 51 255 145 121 21 80 191 255
    135 255 255 255 200 255 255 255 255 154 166 250 151 188 2 125 149
    132 60 154 255 108 255 255 104 67 158 255 56 145 97 255 255 41 255
    255 29 24 40 255 142 218 253 255 192 173 239 255 48 104 255 185 191
    8 237 14 226 255 255 169 255 133 255 54 29 255 255 255 162 203 152
    255 145 244 43 255 132 0 255 68 115 255 255 192 15 255 255 205 255
    92 33 255 255 185 130 255 80 255 255 255 167 255 0 113 30 202 255 70
    255 255 134 155 32 252 189 205 192 126 255 51 209 41 255 255 255 255
    255 205 255 205 161 255 59 22 255 255 255 51 111 255 147 113 179 255
    66 255 230 255 103 201 255 255 177 113 108 203 255 159 255 255 97
    255 177 255 255 255 214 96 226 255 218 106 255 201 163 43 255 211
    132 96 32 255 252 217 255 89 44 51 255 188 255 177 255 5 249 156 255
    255 86 9 255 73 255 181 0 41 255 226 255 255 177 132 255 150 255 255
    214 145 68 132 255 255 255 255 255 89 255 255 43 255 98 239 255 255
    189 255 104 255 255 255 251 200 234 232 239 111 29 255 255 0 255 19
    65 255 185 200 210 149 43 138 222 180 79 255 244 80 173 152 255 224
    255 255 255 5 120 23 255 255 164 255 255 255 125 185 160 244 80 255
    231 186 255 255 32 255 224 255 30 255 255 234 255 75 62 255 171 255
    198 255 147 255 79 17 247 255 139 33 255 173 5 126 183 224 255 121
    133 195 45 255 97 26 255 60 235 15 171 104 229 157 255 255 255 255
    37 255 247 12 255 255 55 63 255 198 101 239 38 67 255 56 176 255 178
    132 255 91 255 255 255 255 255 255 197 90 121 46 255 184 44 177 242
    255 17 255 65 30 132 55 168 232 169 255 100 48 255 22 255 70 254 255
    255 16 154 6 110 152 255 177 255 235 7 27 102 255 27 255 195 29 255
    158 104 255 29 123 255 211 255 255 33 27 255 196 41 255 255 255 113
    255 255 198 70 231 2 191 255 107 102 43 255 139 255 235 180 126 175
    255 255 249 255 227 0 236 255 249 25 255 55 104 120 98 255 255 85
    247 62 109 154 121 232 38 197 26 136 38 26 181 164 121 205 32 255
    255 176 255 207 220 4 218 171 255 132 67 255 255 255 75 255 118 255
    255 99 49 255 159 121 255 161 255 139 255 255 27 253 109 232 255 255
    40 255 72 255 12 255 139 104 255 237 0 171 45 255 79 242 53 235 159
    255 209 37 174 185 255 255 245 165 7 24 95 255 232 253 251 130 255
    255 255 96 255 255 110 255 185 194 253 141 255 255 230 255 46 255 23
    24 255 255 9 255 200 46 224 18 114 181 52 255 255 136 118 234 169
    154 217 55 255 43 96 36 255 255 190 201 32 255 70 124 224 200 52 31
    121 255 150 11 56 255 255 162 140 255 152 51 255 156 99 185 86 255
    255 118 255 41 255 255 255 215 53 255 102 113 247 255 255 15 255 255
    134 60 183 255 255 255 255 148 3 196 244 255 23 251 159 255 255 79
    243 47 85 121 86 58 217 187 26 79 174 243 255 255 104 68 255 227 255
    255 255 255 121 140 177 255 21 122 15 126 73 255 185 255 255 161 179
    4 255 38 213 238 137 215 179 145 11 77 141 255 255 160 136 179 255
    255 19 207 27 29 198 226 43 6 121 38 179 185 82 249 5 255 139 126
    166 237 108 255 173 255 150 72 255 162 124 255 255 92 163 255 255
    206 255 255 255 255 255 255 255 255 205 255 255 255 255 192 255 255
    209 255 255 255 45 255 255 255 118 24 69 36 183 220 65 62 58 224 255
    255 147 255 255 63 255 207 104 60 117 126 255 251 27 205 255 255 255
    58 217 122 221 255 156 141 130 255 86 255 255 199 142 186 255 103
    255 22 255 255 220 255 255 255 255 241 19 63 255 115 255 255 255 7
    81 29 255 15 148 183 4 237 195 26 209 255 21 255 152 156 255 255 43
    255 43 185 86 190 255 19 50 17 231 207 181 173 255 60 255 255 98 191
    208 237 144 46 255 255 19 255 40 147 90 135 255 255 255 217 94 218
    244 102 255 14 239 255 255 94 255 255 255 202 255 17 163 2 255 3 238
    255 4 68 19 158 171 58 16 255 255 77 255 255 210 255 255 255 68 255
    88 255 21 155 229 230 189 164 109 32 171 255 136 171 255 48 255 255
    255 85 255 255 92 38 199 51 255 233 255 145 159 212 85 255 138 137 5
    60 255 189 103 162 255 255 26 21 255 194 255 255 255 8 167 62 255
    255 255 255 91 2 16 253 255 203 31 255 118 255 75 188 255 245 7 92
    255 12 103 145 3 164 255 155 99 255 75 157 235 125 48 255 15 255 255
    255 169 255 255 255 255 148 32 255 189 255 255 111 176 255 173 255
    255 11 234 255 255 27 51 167 195 255 26 79 255 71 255 151 203 109
    255 118 53 254 89 39 224 255 198 255 235 255 207 255 104 198 14 154
    117 254 169 207 255 255 49 255 173 24 91 249 213 118 255 113 81 121
    0 12 103 43 78 164 255 213 255 255 255 72 141 255 26 255 255 118 255
    255 94 79 155 255 255 81 255 255 255 164 53 255 255 255 224 255 121
    255 120 30 108 99 104 242 215 255 255 79 83 255 255 53 124 241 136
    126 220 255 198 255 254 255 255 132 255 255 75 210 255 183 80 186
    111 111 255 255 202 255 92 23 255 185 207 176 255 37 190 255 255 255
    153 255 156 255 22 191 111 75 159 247 255 53 92 124 255 255 255 255
    255 255 255 30 12 255 255 84 255 43 250 255 89 147 255 255 170 255
    218 255 255 213 33 164 19 187 255 255 255 255 255 93 123 255 255 193
    51 10 198 209 236 255 220 255 120 255 255 202 255 80 207 255 203 255
    235 25 200 4 132 255 255 255 185 141 255 255 72 255 140 181 255 159
    11 255 15 137 196 226 26 184 255 21 255 121 222 255 255 243 143 113
    255 7 63 255 255 255 255 240 82 56 69 255 90 255 17 26 195 255 13
    126 255 255 228 34 255 82 255 198 255 144 235 122 255 255 30 176 255
    226 255 141 232 217 137 104 22 0 177 255 255 41 103 21 139 217 154
    255 255 26 84 255 205 139 255 255 81 255 181 255 255 72 150 255 255
    255 31 255 217 255 89 255 138 255 165 255 28 255 207 79 200 255 179
    242 255 255 243 113 28 86 255 81 63 75 122 30 255 19 200 255 255 110
    255 255 199 255 60 22 255 237 255 255 177 67 255 92 184 255 255 11
    111 255 224 39 32 114 55 143 49 145 237 166 123 198 189 255 185 148
    255 255 255 255 255 70 255 132 151 132 134 255 167 255 155 130 255
    255 190 109 166 179 128 41 255 255 255 14 255 240 255 128 255 255
    249 255 255 255 200 149 149 172 255 0 255 186 255 255 210 255 255
    224 255 255 219 255 205 51 89 172 255 255 130 255 255 119 109 38 255
    193 119 255 132 15 11 255 179 255 21 124 255 255 51 255 72 136 161
    255 255 22 157 255 135 255 255 247 255 124 54 246 255 10 255 66 115
    135 168 255 5 255 129 207 109 115 249 255 22 162 122 85 62 232 221
    220 255 166 68 255 255 255 255 255 246 255 170 255 255 255 255 255
    248 255 255 19 138 177 255 255 255 239 202 255 255 249 56 137 63 255
    3 84 255 255 126 156 82 255 92 255 255 255 92 51 62 255 255 49 255
    41 40 255 255 255 74 152 255 47 190 255 177 179 247 255 17 94 255
    255 70 148 255 45 202 255 154 255 255 255 40 152 102 60 56 213 255
    255 47 255 113 156 224 195 255 255 255 255 106 166 107 29 114 141
    124 154 102 243 255 255 67 255 218 110 208 51 62 239 255 62 188 83
    255 154 250 110 255 255 255 255 190 81 111 255 0 106 254 255 34 255
    114 106 255 104 249 255 224 255 8 107 255 255 255 255 145 255 255
    232 63 53 154 255 255 205 163 255 100 178 255 255 247 32 255 255 207
    255 222 68 190 126 255 255 255 84 255 255 224 255 180 85 255 226 255
    115 92 116 255 93 255 255 117 255 205 30 243 55 49 255 255 255 232
    181 119 207 255 128 198 255 44 79 255 184 255 89 21 116 255 255 118
    90 255 53 228 246 0 255 107 255 8 246 152 255 225 92 255 104 126 255
    233 255 255 140 166 255 233 188 115 205 255 17 121 116 90 100 62 94
    172 255 255 255 48 104 255 236 255 136 79 255 255 217 162 191 202
    255 222 255 255 255 111 68 255 14 96 89 255 175 85 12 94 12 255 255
    19 255 98 248 85 255 255 255 255 22 73 192 255 123 255 206 255 111
    166 255 255 14 207 38 225 255 215 255 241 255 255 159 255 84 38 130
    15 255 255 224 154 207 92 197 94 177 43 255 15 108 17 255 255 255
    117 255 255 240 91 250 25 203 255 240 255 255 183 9 147 255 255 245
    255 255 255 111 255 255 189 255 36 1 169 255 215 0 255 91 203 77 156
    255 185 5 176 255 65 125 43 125 255 70 145 255 241 19 222 151 255 72
    111 255 255 255 96 125 255 255 10 173 236 255 6 255 53 205 255 156
    255 255 41 255 226 208 41 255 255 255 152 2 255 100 36 255 207 255
    255 243 255 36 187 255 255 25 255 156 255 255 51 18 179 100 137 17 8
    19 53 34 203 255 255 27 5 121 224 255 234 255 255 255 33 92 55 255
    43 66 0 255 255 43 255 255 213 118 15 199 48 72 255 255 255 84 0 224
    231 147 255 158 176 24 47 255 255 99 104 183 255 226 190 119 255 255
    255 255 113 244 255 255 255 132 185 225 255 255 47 255 255 1 255 79
    104 255 190 255 154 28 255 80 83 210 255 255 255 145 175 27 161 255
    22 255 255 255 222 255 185 214 9 60 32 34 255 36 255 95 255 158 47
    31 87 92 118 255 107 70 255 191 255 168 1 79 94 235 255 55 255 255
    141 255 161 255 255 60 255 255 255 255 33 44 203 143 255 255 255 96
    83 85 108 255 93 195 234 7 255 255 254 108 124 255 51 15 225 255 92
    45 200 255 85 255 255 71 137 222 12 255 255 255 14 38 54 108 247 80
    255 9 202 191 122 125 156 255 0 2 9 129 65 255 49 198 28 115 116 98
    248 193 237 43 236 255 48 255 255 133 244 73 255 85 255 255 219 56
    255 132 124 32 255 83 221 255 255 108 243 255 162 244 173 181 255
    255 255 183 255 14 19 250 242 255 121 255 239 211 128 255 255 128
    238 194 92 255 36 255 255 255 52 255 209 117 255 23 255 214 255 187
    255 115 89 255 255 176 244 49 255 231 156 100 255 49 255 82 255 255
    200 13 29 255 162 255 159 156 207 255 255 70 255 28 32 173 68 255
    197 255 130 96 255 36 178 255 143 255 51 255 215 255 32 255 255 255
    132 255 195 34 166 32 24 255 255 241 81 118 55 121 135 80 255 143 31
    255 255 255 255 255 173 255 166 101 218 124 255 122 255 32 213 37
    255 239 3 239 255 125 79 255 108 227 200 255 176 255 244 255 255 19
    255 255 21 255 121 255 215 247 240 255 232 255 103 226 198 41 255
    199 32 160 246 243 196 118 255 255 255 255 98 255 255 255 3 203 255
    255 255 255 225 97 250 255 238 255 253 255 23 145 227 211 198 255
    188 184 255 15 255 183 109 255 255 255 7 255 11 96 99 255 255 214
    237 124 58 171 255 87 186 229 255 241 255 255 215 26 156 255 178 255
    245 81 101 255 148 17 255 137 255 228 226 255 194 91 72 220 255 255
    73 242 255 255 181 231 87 255 255 185 255 193 255 181 133 6 255 255
    62 38 255 198 255 255 255 255 255 183 103 164 255 51 101 134 255 255
    79 255 255 158 247 255 181 187 255 255 255 243 128 196 92 201 25 255
    255 255 173 62 255 255 255 255 255 255 89 255 17 15 24 255 58 137
    166 220 169 58 62 181 141 255 255 255 181 255 255 91 197 218 21 255
    255 135 255 156 247 68 255 67 210 75 213 156 166 185 50 255 96 135
    255 67 255 2 255 138 255 255 164 255 187 123 147 173 111 94 130 255
    255 73 255 255 255 255 218 27 255 255 147 255 255 82 174 55 45 255
    255 74 255 255 255 222 179 205 255 255 255 219 64 255 176 255 255
    255 255 200 234 85 115 46 255 59 255 47 255 22 119 158 63 141 126 94
    255 255 229 255 255 231 113 255 89 98 176 36 255 255 111 247 255 255
    255 118 255 100 148 17 255 172 121 255 255 9 255 150 178 254 255 255
    23 141 255 255 59 255 255 255 255 255 126 255 254 255 217 243 88 63
    255 93 255 72 65 89 51 38 255 177 78 60 40 224 255 36 209 255 124 32
    255 185 255 255 255 107 167 255 196 249 245 253 246 230 195 255 56
    229 140 224 58 106 255 240 17 137 77 255 255 255 171 222 82 31 255
    253 255 28 199 34 111 255 53 255 152 255 255 159 94 24 255 9 255 217
    255 255 255 198 255 200 7 255 236 109 255 148 255 181 255 19 255 81
    164 255 255 22 26 4 255 23 145 255 255 174 91 255 229 31 24 255 195
    21 10 174 237 255 48 255 75 179 136 69 255 49 255 255 160 124 255 49
    34 255 255 224 142 255 183 106 255 77 255 255 210 255 49 255 109 255
    180 255 139 8 255 4 170 121 255 78 255 255 36 255 49 255 219 32 218
    220 203 255 255 255 163 255 60 143 255 141 255 255 85 152 121 200 80
    185 217 184 255 83 244 48 255 207 195 102 99 159 68 240 103 255 3
    255 200 214 255 255 41 255 13 58 171 255 255 169 121 88 255 230 255
    255 255 103 99 255 111 87 19 133 255 255 255 255 177 255 255 255 55
    255 255 243 68 255 29 27 6 12 138 255 41 255 255 58 203 255 91 255
    169 255 255 226 133 255 194 73 190 6 152 56 255 255 255 255 49 118
    143 255 255 51 8 126 56 41 255 128 56 10 255 60 7 230 63 255 21 253
    94 255 8 210 245 200 255 255 255 255 255 255 210 255 102 255 6 255
    255 255 187 36 168 205 255 8 209 65 169 169 9 15 206 195 235 43 255
    255 255 123 70 63 255 145 89 255 255 255 255 81 137 255 49 41 114
    255 255 255 107 162 255 255 93 255 255 255 120 255 58 67 255 199 46
    134 255 232 2 181 251 255 14 149 255 104 212 255 255 222 188 221 79
    75 242 255 255 242 106 4 3 253 105 255 248 255 40 255 237 225 227
    255 255 241 81 211 0 156 78 255 255 213 255 43 40 193 255 93 15 211
    136 255 255 255 120 255 250 99 255 173 255 17 207 220 255 71 246 23
    137 169 66 255 197 175 214 255 255 32 62 255 255 255 255 255 236 255
    84 255 213 177 246 68 255 79 40 209 22 209 255 255 255 189 162 255
    58 255 90 255 38 230 180 255 255 73 255 122 62 154 179 133 32 211
    106 255 113 73 203 203 176 191 255 88 255 111 33 255 255 255 255 252
    108 0 21 224 255 102 251 255 194 189 255 255 220 255 255 122 96 255
    19 255 255 104 255 217 122 255 255 217 149 255 203 255 255 22 232
    255 255 255 104 255 255 255 255 34 143 56 202 255 255 255 255 242 92
    64 38 212 255 255 255 60 86 255 255 226 26 26 156 114 94 255 106 173
    255 140 121 11 255 255 78 14 255 255 178 255 226 154 92 122 255 198
    209 227 179 71 220 207 170 224 109 248 55 255 255 255 66 38 255 255
    237 162 255 38 27 196 108 249 75 77 154 255 181 255 255 151 150 137
    48 255 51 166 0 149 228 10 13 255 212 228 107 224 255 181 152 134
    255 255 207 255 38 255 140 220 255 103 118 252 130 255 255 7 50 255
    228 193 255 102 101 94 25 162 30 135 255 255 191 80 194 25 255 196
    102 224 98 27 255 255 253 214 255 21 255 255 81 255 255 240 12 45 0
    255 162 74 191 100 12 255 241 255 121 164 110 244 53 136 255 255 255
    5 115 16 226 72 119 255 255 242 255 255 255 60 207 135 29 255 255 79
    255 210 255 255 36 9 255 198 255 154 147 73 255 255 171 255 226 80
    145 115 255 6 34 166 173 255 156 255 18 255 72 255 255 255 180 255
    186 135 255 230 110 99 47 255 89 64 128 138 192 54 161 255 181 154
    255 32 174 255 255 207 255 255 67 105 255 27 43 99 255 143 255 255
    168 155 255 158 54 255 255 5 255 147 226 217 143 244 255 255 91 44
    147 237 178 255 89 63 255 126 31 156 255 255 96 56 87 252 187 181
    255 132 255 255 255 255 255 118 255 255 255 178 255 184 255 255 92
    255 190 255 239 237 111 214 255 129 183 58 225 85 255 29 255 92 78
    200 96 122 171 156 158 255 255 255 255 255 255 255 255 232 255 68
    255 144 255 30 92 249 148 236 255 117 255 147 255 255 136 255 255
    255 30 255 132 195 255 90 177 10 158 255 241 255 255 202 255 222 79
    255 81 51 6 165 214 255 19 21 177 93 0 255 165 73 132 255 255 94 255
    255 58 141 255 200 255 219 0 255 138 158 255 94 255 220 101 255 111
    39 255 113 255 15 225 10 237 255 48 107 159 255 255 152 255 255 222
    75 188 255 84 156 93 255 145 225 255 70 96 255 255 118 109 26 54 255
    255 240 14 177 213 202 30 161 255 130 255 255 255 255 255 21 22 70
    255 206 32 255 225 202 255 49 135 255 255 255 9 180 212 90 102 135
    255 255 94 164 226 145 41 233 243 255 60 232 255 226 203 255 158 97
    17 96 255 235 0 255 36 44 255 255 255 255 255 255 10 203 255 38 255
    255 255 226 224 31 141 213 255 218 85 21 128 188 183 255 255 84 255
    205 178 255 196 65 255 251 14 254 54 241 85 248 255 228 255 255 36
    124 58 66 137 255 75 255 92 124 177 152 255 7 255 255 220 118 255
    150 92 171 255 255 194 255 32 121 10 253 234 255 203 226 255 255 17
    78 255 190 165 255 171 255 255 196 255 255 122 235 173 36 255 77 255
    255 224 64 255 255 255 232 255 255 51 255 255 255 255 137 255 255
    117 150 21 255 77 140 9 231 255 255 176 255 218 143 255 255 207 179
    87 110 246 255 69 68 173 255 190 255 255 38 164 27 137 158 26 243
    241 222 255 168 140 255 255 162 255 255 255 255 255 189 68 34 162
    255 255 255 255 255 181 251 107 209 149 255 159 255 175 25 123 255
    154 255 32 59 0 255 255 77 255 220 140 255 132 255 255 147 244 230
    255 255 255 255 132 145 86 190 73 113 255 105 10 70 255 239 145 255
    22 255 255 199 255 24 207 149 255 3 38 255 255 255 75 119 207 166
    255 62 153 70 147 113 143 227 255 255 144 255 255 255 255 47 188 255
    215 15 255 255 239 147 255 44 154 250 150 255 255 24 147 80 99 255
    255 67 196 181 255 60 255 179 53 117 2 247 67 96 209 36 164 255 59
    255 255 48 156 194 255 118 145 228 255 255 140 38 255 158 255 153
    207 255 4 210 70 255 255 255 255 172 212 130 255 248 179 111 96 30
    255 63 252 7 255 107 255 154 255 255 255 115 255 60 186 7 217 220
    231 174 107 27 217 58 78 195 173 255 120 198 124 255 28 173 174 211
    117 255 255 118 65 89 78 156 8 32 255 201 69 188 255 140 44 36 89 92
    115 29 255 255 255 255 255 102 255 232 126 255 19 189 255 111 174
    255 255 45 157 255 99 79 255 255 255 255 7 15 255 255 255 255 255
    255 224 135 123 255 82 255 109 78 65 255 176 255 179 255 159 250 84
    219 136 210 246 255 255 79 0 217 198 21 147 135 2 213 162 139 71 255
    255 102 215 94 10 29 255 198 210 105 52 255 255 56 255 198 198 123
    136 217 255 0 23 255 98 198 3 255 255 255 30 148 255 105 255 255 126
    132 255 30 130 92 72 141 255 4 22 123 255 18 255 151 41 255 255 95
    36 111 255 17 255 224 150 255 18 255 113 43 207 255 162 255 255 170
    255 49 124 248 255 229 120 255 82 217 143 38 202 23 102 255 255 81
    84 255 111 255 255 255 29 122 81 53 11 235 255 218 255 58 24 97 244
    255 40 186 72 82 241 255 250 255 255 187 73 220 255 67 255 200 205
    205 38 224 230 59 123 255 187 255 255 255 179 255 91 255 255 218 229
    255 152 255 255 192 173 113 195 255 252 210 140 196 172 255 11 176
    130 21 18 114 72 3 255 255 203 7 245 158 255 255 248 255 128 11 239
    255 1 123 255 97 48 77 47 109 255 37 255 109 108 255 255 25 255 26
    255 255 188 129 41 255 255 5 255 62 255 255 255 255 255 255 2 255
    113 62 255 235 39 255 255 248 255 255 10 255 232 255 255 55 210 255
    196 70 241 108 255 177 217 84 209 211 91 137 82 255 119 110 203 255
    26 22 134 226 255 0 255 190 255 255 255 190 192 226 201 172 162 111
    248 46 47 95 17 137 255 255 68 54 255 207 95 255 56 206 255 201 78
    255 255 255 255 26 225 34 96 180 197 255 180 255 255 205 125 30 183
    138 255 113 255 255 95 255 252 88 32 245 173 72 255 255 214 117 229
    26 255 210 185 255 118 84 255 231 255 255 255 195 255 30 36 75 244
    255 218 254 248 255 69 39 0 255 255 158 255 46 228 108 200 104 81 92
    55 145 255 149 144 67 255 255 255 154 255 255 255 75 255 241 27 27
    255 255 255 143 139 21 171 154 191 234 255 255 122 69 126 23 107 174
    53 95 255 38 255 203 141 104 255 255 255 191 55 119 104 11 255 244
    255 255 96 255 236 84 255 44 255 153 255 255 255 8 15 77 207 104 255
    62 255 255 103 255 255 156 255 26 125 202 232 220 255 255 161 154
    255 255 224 255 8 255 255 129 255 196 107 109 255 255 48 205 154 53
    245 58 255 255 214 255 196 40 14 217 170 10 0 81 255 255 200 205 209
    177 255 255 167 255 228 255 255 255 255 72 255 40 255 166 181 2 255
    255 53 255 8 255 255 255 255 255 255 255 255 44 73 255 126 118 224
    255 244 96 48 200 126 247 167 111 192 24 255 70 159 15 40 121 156
    255 145 169 0 255 255 19 255 255 147 255 217 235 84 11 243 215 255
    247 255 23 242 132 255 255 162 255 231 219 201 23 255 211 222 238 40
    255 72 26 255 159 255 255 197 255 16 103 255 96 255 217 176 255 255
    141 15 255 96 255 149 177 255 255 255 255 234 255 255 255 255 114
    156 189 255 192 255 212 230 195 217 194 255 128 81 33 114 111 73 255
    109 54 255 245 111 255 255 65 255 49 125 87 255 255 255 255 191 243
    255 255 197 45 104 48 141 255 255 255 102 197 45 158 135 51 181 255
    153 255 255 255 52 255 255 255 255 255 255 255 255 59 255 100 183 5
    255 25 157 226 255 255 255 255 255 19 255 116 255 253 108 81 40 255
    234 30 173 90 126 232 255 198 255 255 38 255 200 70 255 255 80 255
    255 78 58 192 172 255 255 85 255 255 194 255 254 255 58 255 156 114
    183 255 197 255 255 255 255 178 255 255 255 41 72 205 231 254 255
    255 255 118 255 24 140 255 186 107 36 255 255 104 255 130 171 134
    255 255 58 255 255 241 4 10 255 100 138 255 224 200 222 255 152 104
    117 239 255 247 255 28 140 255 255 194 255 115 255 26 190 124 255 41
    251 77 194 195 166 255 255 34 255 21 73 255 255 255 13 207 191 213
    70 255 255 221 255 250 78 108 173 255 43 58 255 255 255 255 255 102
    140 186 60 1 241 255 255 229 255 185 249 255 4 5 255 255 2 49 224 51
    196 203 243 247 86 255 126 233 92 60 255 231 6 255 173 255 129 255
    255 165 255 105 26 197 250 255 157 255 170 255 249 34 205 255 192
    133 255 255 255 192 45 255 255 136 195 255 255 9 255 161 255 68 255
    17 255 139 75 255 255 255 255 145 179 89 255 21 255 255 255 255 27
    231 255 255 255 51 126 255 255 10 36 62 255 36 255 255 255 83 255
    255 255 221 255 255 220 94 255 172 132 255 198 255 64 255 251 226
    119 220 255 255 22 255 48 255 218 203 208 255 255 255 255 143 255
    255 255 255 255 104 62 255 3 224 245 32 10 255 244 121 175 255 255
    72 81 255 218 141 255 255 159 255 255 91 186 255 136 255 211 222 255
    255 255 255 171 229 220 79 55 116 255 16 19 124 255 167 255 244 190
    105 8 73 117 166 255 87 95 171 45 195 188 255 255 255 196 244 255
    255 242 227 26 180 205 255 255 41 230 255 255 13 59 114 19 255 2 255
    129 255 255 32 137 209 150 79 188 255 21 56 222 255 173 152 255 222
    255 65 207 206 255 255 255 253 181 255 203 100 237 248 255 110 174
    255 128 137 255 255 255 255 10 27 11 210 116 255 145 255 255 240 255
    255 54 255 6 99 255 196 54 159 171 255 106 98 255 62 241 137 255 255
    255 255 75 255 249 68 11 255 154 0 227 255 213 255 255 255 255 255
    247 255 98 224 255 255 255 255 171 255 255 255 96 255 166 141 255
    245 255 92 162 211 183 255 114 227 58 255 255 21 255 39 79 165 255
    255 255 255 255 81 176 4 93 255 121 34 255 72 104 255 255 58 176 255
    255 137 255 150 87 255 255 255 255 237 238 255 114 9 243 152 255 90
    255 255 49 154 60 255 247 27 169 255 251 255 255 243 145 172 44 255
    5 255 32 88 255 66 255 255 62 254 53 66 255 255 190 255 84 255 140
    120 126 255 255 255 232 255 255 78 128 34 189 244 21 226 255 181 232
    255 51 213 255 122 161 255 145 235 67 255 203 166 151 43 179 126 41
    214 254 255 198 8 151 51 192 255 181 19 52 210 53 255 34 255 66 255
    85 152 79 255 119 29 255 33 101 255 255 149 255 80 255 255 10 255
    255 174 109 255 62 12 255 92 164 218 102 109 255 155 159 96 255 255
    38 218 99 190 255 67 255 255 253 122 152 2 0 85 60 255 163 243 255
    183 63 200 209 255 45 60 255 213 255 244 164 235 157 255 202 255 255
    255 255 179 62 212 255 255 255 119 255 85 255 69 255 147 255 68 255
    173 255 226 119 75 255 74 72 13 170 186 255 22 29 255 128 255 87 224
    255 255 58 94 94 63 120 32 85 63 196 255 55 255 167 255 62 255 229
    255 255 255 15 255 157 255 154 73 255 82 255 136 155 5 255 248 255
    51 111 94 255 18 255 255 56 255 255 224 0 255 255 137 255 255 99 255
    255 255 255 255 255 255 187 154 40 25 255 255 226 232 226 255 84 137
    240 68 255 221 253 255 148 255 255 192 60 160 173 255 143 250 255
    104 207 39 255 75 87 113 3 255 255 158 255 164 26 94 49 255 255 158
    47 255 255 240 51 209 130 255 255 255 255 255 255 89 58 106 77 62 27
    255 230 8 208 218 115 103 224 91 255 255 213 161 255 32 255 151 110
    255 96 141 36 255 255 255 56 240 255 220 215 106 73 255 255 255 247
    77 255 244 255 111 255 255 255 132 255 255 231 255 58 255 255 28 254
    73 255 255 255 255 132 179 220 97 2 255 126 255 255 222 222 117 167
    255 255 166 255 87 255 156 64 255 200 53 71 255 196 122 255 36 128
    255 40 49 255 255 181 255 122 25 169 255 255 255 60 132 14 255 45
    255 255 100 191 49 255 205 255 255 150 255 82 220 255 26 255 126 11
    236 255 255 255 255 221 255 255 232 255 32 118 99 255 100 210 255
    229 255 252 99 202 177 185 255 255 255 80 255 192 147 254 4 150 55
    255 255 255 55 255 139 37 87 255 88 205 252 255 255 156 97 255 175
    18 51 115 255 208 66 22 255 132 254 255 107 85 255 4 255 255 109 255
    255 255 96 255 255 14 210 255 255 56 255 165 87 183 38 255 255 10 68
    156 29 255 255 180 85 255 237 255 134 37 38 156 12 255 255 82 159
    255 132 255 241 121 255 255 150 140 26 52 200 255 255 251 255 59 210
    255 8 255 72 255 255 255 1 255 232 180 255 145 239 255 158 59 79 239
    139 44 154 255 212 147 210 255 255 255 255 102 137 219 198 59 186
    255 215 75 190 255 255 255 218 255 255 154 255 213 125 255 255 255
    255 255 165 97 255 159 229 151 16 255 255 126 255 111 14 255 255 255
    255 250 255 144 211 143 12 211 254 147 255 255 246 255 255 255 136
    255 255 255 176 255 255 255 210 136 255 121 255 59 255 9 152 255 255
    224 197 255 255 255 255 63 109 94 162 91 255 45 7 164 15 62 115 231
    255 100 145 31 73 34 210 200 4 226 255 255 255 255 255 255 255 255
    255 255 78 111 40 205 27 255 7 255 255 255 29 183 189 255 255 255 43
    211 198 58 83 71 104 255 81 234 255 194 7 9 184 255 228 41 255 169
    255 36 128 158 176 255 198 58 237 231 226 13 1 255 255 88 255 255
    211 255 255 38 255 64 63 255 255 104 255 255 80 62 255 114 255 255
    255 2 126 255 178 49 255 191 245 162 138 94 255 70 255 255 217 255
    150 222 255 1 255 87 77 255 255 226 255 56 111 21 21 59 232 255 255
    248 255 139 255 117 136 255 62 235 255 255 207 227 87 143 111 124
    147 34 255 206 255 255 206 101 104 184 255 60 220 215 23 33 255 255
    255 24 166 217 255 0 81 7 105 111 214 255 255 14 90 176 255 255 21
    167 53 254 214 252 99 219 230 255 46 255 185 191 255 56 125 255 38
    147 255 255 255 255 129 255 215 255 255 255 255 255 255 91 94 87 250
    255 126 172 157 239 255 231 255 58 195 77 128 255 24 16 65 255 255
    255 104 23 255 0 48 171 255 150 167 43 206 255 156 192 241 4 255 198
    235 155 166 255 181 255 255 150 80 255 143 72 255 133 208 122 62 173
    38 174 44 60 173 255 102 187 255 124 255 255 255 47 255 8 177 227
    128 224 3 255 173 255 209 242 65 249 255 0 255 255 255 104 211 169
    119 255 22 115 18 234 255 200 222 255 255 255 96 84 144 198 172 10
    255 255 255 134 255 195 255 255 164 136 113 108 255 229 255 24 218
    255 98 228 255 136 255 31 207 255 101 203 7 183 255 194 255 255 255
    255 132 184 224 255 253 137 255 161 135 255 86 255 226 167 21 255
    161 179 255 211 12 255 202 36 255 255 94 255 0 43 255 178 255 228
    124 255 68 231 212 255 7 164 237 14 53 230 113 255 188 255 109 255
    253 24 255 255 48 255 128 255 255 74 94 122 255 255 255 93 255 255
    255 157 255 137 255 23 162 248 255 255 255 147 255 29 185 231 255
    255 88 34 68 255 243 115 132 2 28 126 5 255 152 255 255 128 191 224
    228 3 26 36 75 255 85 154 255 108 236 154 255 255 255 67 249 40 255
    198 228 211 96 245 242 118 64 229 255 255 255 255 255 67 186 255 255
    255 255 255 181 255 255 7 255 255 255 94 255 202 255 185 38 255 25
    255 255 229 246 255 255 224 255 143 87 255 0 255 107 169 186 136 189
    128 255 218 255 149 7 113 255 203 255 21 255 255 51 211 149 211 141
    255 126 88 147 28 161 62 255 210 255 9 255 255 217 69 77 173 167 67
    62 243 185 158 255 255 70 14 255 11 210 68 107 10 255 255 25 255 255
    255 171 255 62 26 255 222 34 255 255 255 255 199 130 200 255 193 255
    172 255 26 58 65 19 5 203 181 255 94 255 217 142 209 255 255 255 178
    10 34 251 114 47 128 164 89 242 183 255 176 46 169 255 255 255 192
    234 254 114 255 23 255 7 53 224 53 66 255 238 21 255 24 255 81 255
    51 235 126 255 167 255 141 11 123 255 84 255 60 84 121 255 246 255
    23 239 164 255 8 255 255 25 255 104 255 84 130 255 104 211 224 145
    255 255 147 255 255 36 255 247 123 255 121 72 255 255 238 255 236
    255 255 122 32 234 255 137 255 132 231 40 121 241 137 255 255 13 23
    10 13 167 164 255 104 207 255 154 38 85 70 239 226 34 2 49 70 255
    181 172 255 70 25 176 255 255 255 255 129 214 255 74 255 139 165 73
    0 170 255 102 255 60 255 255 255 255 167 113 255 5 89 111 255 72 107
    150 96 141 255 255 255 5 255 255 192 80 47 59 255 160 255 214 239
    135 72 73 140 51 255 233 255 186 226 101 115 255 255 255 7 104 255
    144 169 23 255 99 255 255 140 255 255 132 213 100 10 66 152 120 255
    222 253 211 43 238 109 122 50 139 255 255 255 255 87 255 88 255 255
    235 255 255 86 255 255 27 255 255 107 77 255 41 7 255 27 255 255 34
    236 255 255 255 83 222 255 255 22 84 255 236 232 255 209 255 243 255
    255 255 222 87 239 1 80 255 225 255 255 255 207 255 69 104 241 140
    50 255 91 255 255 195 212 255 114 255 53 185 62 255 130 167 255 255
    255 255 63 255 255 119 29 255 107 21 255 144 255 255 255 205 255 248
    255 255 19 255 49 226 197 17 209 149 45 176 255 255 139 113 175 229
    255 255 253 149 255 255 255 255 255 255 137 255 255 249 255 205 164
    73 255 154 255 2 255 255 106 255 177 114 255 228 82 255 95 255 73
    177 125 64 67 251 94 49 169 190 71 255 255 70 255 92 255 255 198 165
    255 32 66 56 136 174 114 255 235 255 255 1 255 173 140 238 255 242
    255 255 181 255 77 151 56 255 239 190 96 255 60 179 169 200 192 97
    255 255 255 255 255 159 255 179 66 255 239 159 255 98 97 62 154 192
    255 255 255 67 255 137 150 147 255 154 254 255 137 255 121 19 45 255
    70 162 231 79 205 63 181 255 71 255 81 99 255 255 194 125 73 255 255
    121 84 21 255 195 2 47 255 255 73 10 89 255 69 239 255 91 243 255
    255 255 255 88 85 255 222 164 255 206 50 255 244 38 143 255 226 255
    85 255 49 250 185 255 237 10 149 218 255 104 18 255 218 125 255 154
    49 58 255 130 255 145 255 255 105 255 255 255 177 234 255 188 255
    255 132 202 203 207 255 255 19 255 255 202 255 250 73 84 255 180 255
    89 255 27 255 255 255 51 188 236 255 210 138 162 232 255 255 111 9
    255 231 255 255 206 114 255 140 255 255 165 255 247 18 55 255 115
    200 85 126 219 15 108 3 247 243 113 45 244 255 255 118 255 255 255
    31 249 206 53 255 19 255 85 255 72 255 73 255 75 200 181 30 205 138
    121 135 255 53 228 84 255 213 103 255 248 255 115 248 255 194 255 51
    34 255 174 241 255 84 247 254 46 255 114 32 186 183 226 255 222 203
    255 173 255 255 185 255 53 59 126 107 255 255 255 117 255 255 247
    255 190 226 234 126 111 255 175 81 173 255 145 255 255 255 249 241
    140 255 228 229 60 255 217 255 255 25 255 235 255 255 255 255 133
    169 255 89 255 255 255 255 255 126 255 215 255 255 140 51 194 255
    255 255 1 193 255 91 255 72 255 94 234 255 255 255 255 255 154 255
    190 255 135 34 30 255 58 66 169 210 255 34 150 255 206 255 255 172
    220 164 255 185 239 189 255 255 11 197 190 255 234 179 41 87 255 203
    255 255 21 241 255 167 255 255 255 255 85 54 121 168 121 68 255 255
    191 255 74 152 90 180 220 255 48 255 55 244 255 255 161 255 241 214
    255 255 232 255 255 118 164 60 55 255 102 183 255 255 255 255 255
    111 241 255 70 114 255 255 137 255 226 111 235 181 193 68 255 73 43
    95 255 255 235 255 220 95 156 9 51 255 255 202 116 21 148 255 255
    255 255 255 255 43 255 255 17 255 148 181 255 85 97 255 255 255 255
    102 125 255 255 27 43 255 249 255 255 255 102 114 114 211 255 255
    255 255 147 255 255 14 255 55 91 211 34 114 4 203 255 255 255 255
    254 255 255 215 255 19 255 34 255 115 246 255 255 44 55 255 255 27
    128 48 185 104 32 70 21 211 50 255 255 255 134 255 255 70 255 255 11
    255 255 243 255 104 94 163 255 255 221 255 255 7 255 126 200 255 136
    255 195 232 242 255 255 34 255 239 202 255 100 255 255 55 151 255 47
    255 108 64 199 34 255 80 147 137 93 84 200 92 152 255 16 255 200 48
    178 255 27 255 156 246 255 83 255 58 255 206 215 143 91 255 255 188
    248 255 255 126 28 0 116 201 23 255 255 110 255 234 255 255 255 19
    205 32 110 113 122 8 255 75 255 159 136 114 149 255 74 255 151 187
    91 30 70 222 255 95 215 255 161 19 255 213 244 107 32 255 92 12 178
    239 255 255 77 225 255 149 255 60 115 43 174 255 62 144 255 255 255
    96 5 108 255 97 51 255 255 202 115 177 255 255 1 125 41 213 123 11
    111 147 9 27 255 255 215 253 255 218 63 137 119 255 255 215 255 81
    71 255 255 255 157 255 139 198 162 210 255 205 51 255 62 255 253 21
    32 118 38 191 195 255 140 255 85 255 126 139 236 255 28 255 38 34
    210 109 243 255 24 196 78 154 255 198 38 255 239 29 220 255 255 211
    255 161 255 44 212 215 255 255 255 228 174 186 255 255 255 21 255
    255 188 255 255 255 210 205 49 255 255 59 208 255 19 109 255 187 89
    162 213 212 196 255 17 23 3 255 153 255 255 255 255 171 255 255 193
    255 205 255 255 93 251 255 250 255 255 255 67 255 144 21 255 255 198
    250 253 101 255 66 157 255 176 255 107 255 255 255 88 7 255 52 255
    255 95 255 255 255 248 132 85 255 255 152 255 255 255 255 255 159
    255 94 170 255 239 255 126 213 255 173 255 62 255 255 220 171 255 70
    255 255 166 246 60 200 255 113 77 255 255 74 255 255 126 56 171 88
    255 207 158 255 255 185 255 237 255 92 255 243 22 255 70 7 100 255
    255 255 19 255 87 118 255 154 236 91 228 255 171 255 255 255 8 255
    255 137 255 255 255 239 255 156 4 58 26 255 215 136 255 159 255 198
    15 224 255 26 188 210 255 147 32 255 90 213 255 255 95 255 169 96
    171 255 255 116 100 124 29 255 255 48 183 36 255 255 19 36 255 65
    200 64 242 255 17 152 80 17 173 255 255 180 255 143 114 167 255 181
    231 255 155 227 45 22 255 186 130 48 243 185 56 117 59 255 255 255
    103 255 113 255 255 44 164 255 188 255 132 229 36 23 69 19 254 191 2
    255 220 255 45 63 133 255 255 255 162 54 106 143 70 255 255 222 162
    53 78 239 117 115 234 255 167 137 85 85 186 98 218 255 205 173 255
    139 136 255 121 255 255 105 255 253 147 115 255 255 187 255 255 240
    84 255 104 144 245 54 255 255 45 53 121 220 255 255 246 118 255 255
    171 130 242 162 255 255 255 255 48 220 79 255 169 255 12 118 255 255
    67 255 255 125 0 152 77 160 255 255 186 173 174 192 247 142 13 139
    135 252 88 62 30 255 255 160 225 255 255 192 114 186 255 236 41 10
    255 66 19 255 255 194 255 255 232 109 183 139 79 226 255 255 255 255
    255 255 82 7 143 33 80 122 255 63 23 133 31 255 226 130 11 54 174
    255 133 82 255 54 185 255 229 255 87 1 224 6 174 29 154 107 255 255
    221 63 230 96 255 255 60 255 255 152 99 230 122 97 132 103 85 255
    122 255 255 113 203 255 145 255 239 255 166 198 255 179 11 103 255
    24 36 7 194 51 97 217 184 239 9 211 46 96 95 255 66 255 203 4 97 12
    255 65 255 255 220 9 255 135 113 34 129 70 255 25 255 255 251 72 255
    37 255 255 132 255 134 210 214 255 70 60 255 69 255 255 143 149 107
    250 174 255 196 181 130 188 255 255 187 255 164 63 207 255 176 255
    32 52 208 255 69 210 168 154 38 255 191 255 255 235 255 255 222 12
    255 95 188 255 255 43 70 166 118 255 88 72 255 202 255 226 255 255
    255 23 255 122 243 79 160 89 255 255 255 255 255 140 255 255 133 255
    19 49 120 255 102 232 255 181 22 255 66 46 255 255 255 255 246 179
    255 141 36 43 113 171 255 124 2 40 126 255 41 255 48 255 41 149 255
    152 181 171 203 255 255 255 255 241 239 239 255 170 3 255 104 203
    166 255 251 255 192 255 255 200 255 228 255 17 51 255 255 255 103
    255 255 7 65 192 255 138 143 255 27 198 55 29 145 0 219 250 130 80
    255 156 65 255 67 156 45 36 169 255 148 255 143 255 111 255 136 255
    194 47 67 162 255 161 124 188 255 201 187 255 156 255 255 201 250
    179 186 255 123 47 56 255 160 255 255 255 1 255 255 255 162 249 235
    32 211 255 114 255 151 255 255 196 144 255 110 32 255 229 255 255
    255 121 255 78 202 198 121 164 255 177 166 211 80 79 255 255 169 250
    16 32 90 34 114 24 192 171 255 82 224 169 231 255 255 152 255 0 34
    255 181 255 255 51 203 255 168 198 10 255 184 133 255 255 226 220
    235 154 83 141 255 173 255 255 255 255 31 245 255 138 255 84 156 41
    75 21 207 255 126 255 82 3 255 177 255 249 255 142 51 233 190 255 54
    255 104 255 255 255 255 255 183 255 169 235 148 113 235 255 255 8
    255 190 0 235 164 68 58 161 130 108 70 255 255 255 255 151 103 177
    255 255 255 239 255 105 122 7 255 89 176 255 255 255 255 194 255 255
    122 120 255 158 255 169 173 46 255 10 255 255 254 255 252 254 67 134
    214 152 122 203 55 255 209 222 239 243 255 194 255 232 255 255 147
    255 255 97 36 140 255 255 95 243 255 148 217 255 15 246 17 117 249
    255 41 9 241 207 255 198 36 255 171 228 17 109 69 190 255 22 82 177
    136 31 255 49 85 255 70 255 255 4 255 255 29 46 255 255 255 255 45
    255 87 255 190 255 255 255 47 255 255 130 192 255 68 240 164 255 96
    255 255 255 217 9 255 104 4 174 255 160 52 60 247 231 188 11 155 36
    255 194 166 158 163 255 255 176 255 100 199 120 255 255 255 81 33
    255 209 143 60 13 88 231 255 255 63 49 21 255 73 102 10 255 32 150
    255 69 255 255 5 22 255 169 255 255 248 214 117 8 222 211 251 174
    255 255 255 255 139 108 203 11 226 255 233 94 226 255 157 168 37 14
    164 239 255 255 255 255 73 163 161 47 255 185 255 194 255 255 100
    207 158 255 140 17 139 255 160 255 208 143 255 79 6 255 255 255 213
    255 124 188 91 252 65 255 60 96 255 255 88 132 87 255 255 34 152 15
    255 107 255 255 236 255 64 218 255 209 181 159 217 255 255 117 215
    29 255 136 255 255 65 188 168 255 9 255 255 210 255 255 255 255 255
    32 255 255 255 255 228 255 255 209 178 255 38 238 215 130 255 255
    207 111 255 23 255 36 136 222 73 235 200 0 140 14 255 255 255 255
    255 120 255 232 255 255 70 255 24 203 190 255 255 255 77 255 43 111
    69 92 234 251 109 79 150 87 255 56 123 153 84 10 255 22 255 255 96
    91 119 255 255 188 148 227 255 225 75 188 43 207 175 196 224 255 91
    255 255 148 109 255 214 17 117 236 246 66 4 255 255 255 255 102 255
    142 45 27 97 185 172 255 60 148 173 205 25 46 255 7 255 171 255 255
    19 158 255 255 255 255 255 255 255 255 108 53 255 235 255 255 255 48
    151 100 197 111 140 255 200 195 164 255 255 200 111 0 255 100 140
    109 17 255 118 247 161 255 255 253 123 153 255 5 255 62 179 137 166
    255 255 255 198 28 8 253 232 47 188 45 188 190 215 255 135 38 3 255
    173 213 10 255 16 243 141 239 255 255 91 244 255 199 179 136 147 73
    255 255 174 132 255 144 255 136 60 255 255 255 134 255 255 255 136
    135 111 231 14 111 155 255 255 178 156 255 255 132 96 43 198 211 255
    137 255 237 48 255 240 24 164 255 156 255 255 132 255 174 208 21 255
    248 255 215 75 217 215 197 15 55 159 255 126 255 96 255 167 220 29
    19 162 91 255 143 226 166 255 34 255 255 122 193 255 118 255 255 41
    255 255 255 255 68 194 255 239 126 255 24 151 104 255 92 43 56 255
    255 89 255 44 255 144 255 213 7 255 255 236 178 255 7 255 179 135
    255 234 255 255 255 255 65 255 232 255</data></my_img>
<your_img type_id="opencv-matrix">
  <rows>100</rows>
  <cols>100</cols>
  <dt>"3u"</dt>
  <data>
    236 255 130 255 55 255 89 255 255 255 255 255 255 214 255 255 202
    255 91 255 154 38 255 86 93 135 255 255 255 120 255 4 255 255 241
    190 38 255 52 255 255 255 163 243 104 40 255 219 255 251 4 246 59
    255 255 49 255 255 123 255 255 178 184 255 174 255 255 150 255 107
    176 221 255 255 255 167 196 255 255 67 70 129 89 255 173 255 255 42
    255 132 255 255 255 255 14 255 255 65 255 210 255 136 181 255 38 105
    255 255 255 255 194 255 255 255 255 228 255 93 255 10 234 168 255
    200 30 176 255 255 255 244 190 172 218 121 255 255 152 6 20 255 255
    97 255 255 121 253 150 0 46 255 255 255 255 255 255 164 226 79 172
    48 255 114 255 16 255 255 170 20 155 53 255 143 255 174 255 32 255
    133 255 255 153 36 251 26 255 255 255 255 255 255 85 255 255 255 255
    159 255 255 220 255 52 255 255 90 255 95 82 230 255 255 255 174 76
    248 255 82 58 162 255 255 255 192 200 139 255 255 255 199 255 255 86
    42 255 255 255 156 52 255 95 255 4 255 255 255 59 255 177 101 255
    139 245 72 255 174 255 153 255 255 103 255 92 255 141 168 133 139
    205 220 8 255 69 188 255 81 121 6 155 46 90 242 255 255 255 238 255
    30 204 255 255 255 255 255 255 255 236 115 120 255 255 86 255 255
    144 255 251 219 255 255 255 10 133 249 255 255 255 255 245 247 71
    105 255 161 123 120 111 255 255 67 97 255 255 85 255 44 216 255 67
    210 255 255 255 142 32 158 217 255 148 114 255 255 255 71 103 255
    139 123 255 255 119 255 255 178 255 83 38 197 255 255 255 255 255
    168 46 255 255 254 255 22 255 255 241 255 32 86 24 255 197 123 255
    227 18 255 255 173 198 96 62 14 255 255 255 231 139 10 255 73 105
    194 255 200 255 255 42 20 208 255 255 181 255 255 20 255 255 255 255
    255 89 255 211 24 255 116 206 210 233 173 255 255 255 255 255 218 6
    235 107 192 112 22 255 255 157 255 4 255 113 124 224 204 178 8 137
    251 77 255 255 135 73 116 115 180 255 255 182 52 238 83 207 42 146
    255 26 255 255 173 255 241 255 255 2 46 255 14 255 255 255 38 255
    255 255 236 219 50 255 255 159 255 112 111 200 255 255 83 255 95 26
    255 8 255 22 161 61 255 103 255 255 255 109 255 16 73 255 44 42 134
    255 30 255 255 135 255 234 0 18 255 0 255 48 115 255 65 255 255 255
    125 20 255 255 166 255 97 6 252 28 205 255 255 255 230 172 178 255
    255 255 255 89 255 204 255 255 8 255 255 161 253 255 24 255 88 255
    133 84 255 255 148 81 255 255 216 255 255 255 255 255 137 49 96 255
    186 104 255 255 72 151 83 255 255 255 102 228 255 255 255 255 154
    255 135 255 255 127 255 131 255 255 255 255 255 129 255 255 255 255
    255 255 49 106 46 255 255 255 42 110 255 121 86 255 255 255 255 32
    239 194 65 255 54 255 144 255 255 16 169 255 255 240 49 192 255 255
    255 255 255 156 255 6 255 255 255 255 255 103 255 46 255 40 255 255
    255 255 79 184 255 32 64 30 48 255 6 204 20 141 255 255 255 255 255
    255 154 20 255 255 255 18 255 255 127 218 249 143 255 180 44 18 2 12
    255 255 105 255 146 255 255 160 111 8 122 255 255 180 255 214 255 46
    255 186 111 255 58 77 255 255 133 255 255 255 188 255 255 255 255
    255 255 162 255 51 255 117 255 255 194 143 255 255 255 255 8 255 199
    52 255 255 255 255 255 255 101 20 255 243 24 36 249 255 73 255 2 14
    255 104 255 255 18 255 255 255 255 255 255 255 255 90 121 18 255 255
    255 255 255 113 106 10 75 12 16 174 255 255 46 255 255 255 255 255
    255 237 255 158 255 232 255 94 127 255 255 252 255 213 218 255 80
    109 255 255 208 255 255 44 172 255 34 4 255 255 40 255 255 79 255
    234 255 255 95 99 255 6 113 211 113 255 176 155 255 10 187 255 255
    111 255 255 232 115 255 255 49 255 255 255 255 255 192 96 165 152
    255 255 255 96 255 91 255 40 255 255 173 51 255 255 255 255 236 16
    36 255 255 90 113 133 194 36 255 255 255 148 255 255 188 255 143 255
    255 32 255 255 175 6 255 255 255 255 145 255 255 255 146 255 255 255
    140 255 198 128 123 0 255 204 255 174 255 65 54 155 255 255 200 255
    140 255 255 255 117 162 255 255 255 199 255 255 255 220 83 255 103
    22 255 252 255 255 255 255 10 255 255 231 171 255 0 255 255 34 255
    93 255 255 255 255 255 36 255 255 255 245 255 234 255 252 212 170
    255 255 255 255 255 255 255 255 255 255 255 22 255 83 255 255 170 50
    255 255 255 255 8 16 255 245 186 255 20 255 255 127 255 255 176 255
    255 255 118 255 255 255 255 238 255 255 255 255 255 255 239 254 18
    217 73 255 255 255 26 16 255 255 255 60 255 255 99 255 66 218 255
    168 190 204 255 238 255 255 117 255 255 123 49 186 95 178 255 155 10
    104 149 255 255 255 255 50 255 255 172 40 255 255 141 255 255 73 255
    255 24 125 255 111 255 221 155 255 255 46 95 255 141 24 194 26 38
    255 255 255 255 139 119 255 50 255 160 109 255 255 93 255 255 255
    255 100 255 255 26 240 146 255 255 255 255 255 168 221 109 141 24
    255 125 48 155 156 255 255 139 255 238 255 225 255 255 255 60 255
    255 155 107 225 255 255 184 226 255 255 192 255 255 255 255 231 255
    204 146 6 57 255 255 255 28 119 255 255 255 255 112 255 146 247 255
    30 148 255 38 255 107 22 255 255 255 170 255 154 249 18 255 255 255
    255 255 194 249 255 255 127 90 190 255 10 255 255 255 255 180 255 62
    255 255 24 249 255 175 121 255 255 245 255 192 255 132 255 255 255
    255 200 229 255 255 255 36 255 150 135 255 160 255 255 237 125 255
    241 255 156 255 255 255 255 125 255 235 139 255 255 71 255 6 255 154
    255 255 255 255 60 156 26 255 255 68 255 32 255 255 255 54 255 255
    255 234 172 124 117 8 192 255 255 255 56 63 255 255 186 255 190 196
    255 232 241 255 255 178 247 255 210 255 119 255 56 194 255 154 95
    255 223 145 156 255 212 180 16 165 34 255 255 91 6 109 36 138 255
    255 255 58 133 209 255 182 130 87 6 247 139 63 255 255 255 241 255
    71 255 40 255 255 255 255 215 255 255 255 133 255 255 255 200 255
    255 198 255 48 255 118 28 255 243 255 61 255 127 255 255 181 216 74
    161 255 255 255 255 255 250 255 255 119 255 184 255 89 122 255 247
    156 67 105 72 71 69 156 101 255 174 187 255 255 177 194 255 54 255
    255 255 255 255 255 251 255 36 93 20 127 123 255 204 158 255 255 255
    60 255 255 38 255 67 255 255 255 255 71 255 205 255 255 58 255 255
    255 198 255 24 109 240 255 196 48 255 228 255 255 56 255 255 255 190
    255 255 4 235 220 18 255 137 18 255 224 154 174 255 255 255 255 240
    255 255 240 255 255 255 255 0 255 255 255 91 80 115 184 233 255 8
    255 255 143 72 210 249 50 250 71 237 255 255 74 255 236 255 255 255
    100 169 180 255 255 255 255 255 152 108 18 75 255 135 255 255 0 99
    192 255 216 255 250 243 66 255 255 255 216 162 28 187 255 255 255
    255 40 255 255 92 141 255 112 255 255 178 155 255 255 103 247 150 24
    18 38 255 255 255 204 255 255 204 255 94 255 255 255 255 4 255 214
    154 98 107 255 255 255 255 255 181 206 255 38 255 255 255 255 255
    255 93 28 255 32 255 119 222 54 255 255 255 139 220 172 255 255 245
    111 255 120 255 255 255 89 20 255 83 143 148 255 255 255 255 170 255
    255 137 255 255 42 38 200 255 255 255 255 255 230 255 249 255 81 255
    83 255 255 171 162 255 255 232 130 216 255 255 255 212 102 167 190
    160 254 166 66 255 162 124 255 255 255 255 204 255 143 255 255 224
    59 207 255 255 66 24 255 255 244 255 82 255 119 156 255 115 255 67
    255 255 255 255 255 198 113 255 175 214 18 255 148 255 133 255 150
    255 117 255 254 255 26 255 73 255 255 255 217 255 255 108 255 79 64
    255 255 247 255 192 190 255 255 255 32 255 116 255 255 106 255 255
    24 58 255 136 77 107 255 255 255 219 181 255 255 69 182 255 255 93
    194 255 255 22 77 255 26 255 255 34 255 143 194 54 240 209 255 255
    255 255 36 26 255 255 241 107 176 255 111 255 255 26 46 255 255 255
    255 159 255 182 32 255 255 255 220 144 181 176 66 255 32 172 127 12
    168 255 48 132 255 255 255 255 255 182 254 141 255 255 255 255 69
    255 130 255 182 255 255 67 255 155 6 255 16 10 255 255 65 164 255
    255 255 255 97 170 123 18 180 255 117 16 255 255 255 255 255 255 224
    22 255 255 174 82 255 255 255 255 160 255 255 255 88 255 49 150 255
    91 255 87 42 116 255 125 255 255 255 255 255 247 146 255 255 68 121
    154 255 255 255 231 252 255 255 255 168 48 255 55 255 255 14 255 255
    200 207 141 51 134 255 190 134 141 14 255 30 85 255 173 53 255 87
    255 30 30 255 255 255 255 255 4 36 243 255 180 86 255 24 255 73 255
    255 255 255 199 255 255 255 255 81 164 255 255 255 255 150 120 255
    255 255 42 255 158 18 208 227 255 255 255 255 255 106 255 109 98 216
    69 227 255 255 255 89 255 255 135 91 255 255 12 176 62 255 148 255
    253 150 255 255 130 12 166 255 44 117 255 255 190 223 255 251 70 255
    79 199 255 255 255 255 255 197 131 255 68 4 2 42 97 255 152 165 160
    255 255 65 162 208 255 221 255 255 255 200 255 255 255 99 255 248
    255 255 218 255 255 173 30 140 155 255 178 149 255 255 210 46 255
    181 125 180 255 208 255 255 247 255 255 255 255 255 243 211 255 20
    146 255 255 255 81 255 126 109 186 255 181 4 255 246 255 142 155 83
    44 255 255 255 255 255 164 255 53 56 254 75 255 232 255 62 255 255
    203 95 38 255 255 255 255 255 255 255 255 40 255 125 249 255 255 234
    255 255 255 130 255 255 156 255 150 255 255 255 247 69 0 122 30 255
    255 255 255 255 255 255 255 255 255 255 255 232 62 163 255 255 224
    255 235 255 200 255 255 255 60 255 255 68 183 255 223 121 243 255
    255 121 255 255 129 26 30 2 136 153 255 255 255 59 28 71 220 56 255
    51 14 204 255 255 255 255 239 255 255 88 175 83 255 175 255 4 194
    255 130 255 152 34 255 152 94 255 14 255 255 255 48 255 255 36 4 255
    146 125 255 207 196 176 2 255 210 24 255 162 255 255 236 190 192 255
    255 250 255 100 255 59 0 16 48 255 255 255 255 224 255 255 254 255
    221 99 57 28 119 255 150 198 255 74 83 137 255 255 111 255 99 238
    255 255 255 162 73 154 150 255 2 184 246 255 255 65 53 255 255 255
    255 244 255 247 255 255 120 200 255 255 30 255 42 75 255 235 153 255
    116 255 255 114 255 255 6 230 255 249 255 255 70 135 255 255 255 255
    255 255 176 0 255 26 255 236 0 255 50 148 255 255 255 255 20 255 2
    255 255 255 255 8 255 255 105 255 255 255 255 137 255 253 149 255
    255 255 51 255 255 214 44 255 214 255 254 255 255 255 255 255 255
    255 211 115 255 255 32 73 255 255 172 34 255 204 255 255 255 176 255
    255 150 255 204 60 14 255 255 214 95 217 255 4 54 216 166 255 255
    255 255 255 20 118 255 255 255 125 127 64 242 255 221 255 255 255
    255 243 255 177 131 255 121 26 223 255 255 255 10 255 62 119 255 146
    255 255 255 255 172 166 115 255 108 194 210 110 255 42 255 255 255
    128 18 20 255 129 10 96 163 166 255 255 255 255 222 255 12 40 255
    188 255 154 172 255 51 255 255 101 221 208 255 255 255 255 247 111
    255 255 2 164 255 222 255 132 42 255 42 58 255 26 255 16 255 255 89
    255 255 255 14 48 59 16 62 255 28 255 18 255 255 255 255 255 251 255
    255 255 154 255 255 255 255 178 255 196 255 184 255 255 255 255 188
    60 255 63 255 255 255 255 255 255 122 10 75 66 255 115 96 255 85 255
    145 255 255 54 164 106 250 131 114 255 255 134 89 255 0 255 51 255
    255 125 255 255 255 255 95 255 255 50 255 138 54 255 255 255 255 255
    123 65 249 161 255 255 255 133 255 255 236 16 255 255 255 255 228
    255 255 0 255 255 255 255 79 164 255 255 255 255 255 255 255 75 190
    201 255 214 255 255 51 255 255 255 190 26 30 255 255 255 255 255 49
    255 255 255 134 255 255 72 255 160 207 255 12 170 255 255 158 255 10
    227 139 93 112 255 176 30 28 255 255 192 255 255 67 144 223 173 115
    255 255 59 255 255 176 255 228 255 255 255 255 255 255 139 205 255
    255 255 230 255 72 255 255 255 91 168 231 89 255 255 46 255 132 26
    255 255 224 208 255 255 36 255 255 255 108 255 255 255 127 99 255
    232 255 255 204 228 239 62 224 255 255 117 255 255 255 255 255 214
    255 204 251 86 255 129 30 255 121 213 255 255 255 255 255 255 255 34
    255 255 255 255 255 141 255 255 16 82 255 255 255 97 255 203 0 243
    255 254 119 255 255 212 255 236 77 229 255 170 255 255 255 209 250
    255 66 255 194 255 73 255 219 103 255 255 255 61 255 255 255 255 135
    115 247 75 255 241 153 125 255 255 255 150 255 164 255 255 67 255 0
    255 255 252 95 94 255 103 199 113 255 255 255 75 74 87 105 255 255
    85 176 255 255 186 255 255 255 255 255 46 167 255 255 18 255 255 255
    255 255 255 255 154 255 212 28 255 241 68 255 255 223 255 228 255
    255 255 112 255 255 118 255 255 16 255 172 255 255 143 118 255 188
    255 159 255 134 254 255 255 28 224 255 230 255 255 216 255 120 135 6
    40 255 178 255 206 255 32 200 255 255 81 255 68 255 222 255 103 255
    255 255 255 194 151 200 255 255 255 22 255 206 221 230 65 255 255 55
    162 139 255 74 255 73 255 255 216 96 255 255 255 200 135 255 91 129
    255 255 255 255 179 111 255 255 115 82 255 255 255 255 198 255 255
    121 255 250 255 209 255 255 255 255 255 255 255 214 44 255 255 255
    212 253 88 54 255 255 165 146 14 40 214 94 141 24 255 255 40 255 255
    255 12 83 255 68 255 212 22 255 154 255 255 59 255 236 6 18 50 158
    255 255 249 194 232 255 255 255 75 245 224 255 62 202 255 225 255
    200 42 255 26 255 255 251 182 22 103 255 46 73 255 255 240 253 255
    255 239 255 255 247 89 251 255 254 255 92 255 255 255 255 226 58 143
    255 255 141 255 70 175 127 255 240 0 255 255 255 223 255 2 255 222
    83 255 212 182 80 255 2 215 255 42 255 2 255 156 255 255 255 234 255
    74 255 137 215 16 255 249 255 255 18 255 255 255 69 255 86 255 63
    255 111 251 134 145 255 255 255 42 255 255 255 255 255 255 188 255
    255 255 255 255 126 255 59 40 151 119 118 109 65 156 255 255 130 255
    255 255 255 255 36 255 255 100 255 255 255 255 241 50 246 194 18 206
    46 86 93 67 42 255 36 237 77 255 255 125 220 255 105 57 255 255 255
    209 255 255 239 255 158 174 255 214 255 32 113 6 255 91 172 255 170
    4 255 152 255 255 44 255 12 204 142 177 255 201 255 255 255 196 59
    132 255 224 255 255 255 70 255 255 132 255 22 253 255 255 126 255
    255 10 171 46 255 255 8 255 255 49 255 149 164 62 255 255 154 212 32
    162 255 255 255 255 216 255 222 38 255 255 32 227 255 255 255 240
    255 255 255 18 255 255 135 255 255 255 108 255 131 110 163 255 255
    250 228 205 169 255 255 255 42 255 255 34 52 255 32 194 255 190 255
    145 144 126 155 255 116 255 87 88 125 61 178 101 255 233 255 176 255
    109 255 255 30 255 154 165 61 255 255 243 255 255 255 255 255 210 40
    255 255 50 255 101 74 255 255 116 255 127 255 255 255 255 171 202 30
    255 255 255 173 255 106 255 123 223 255 255 255 2 255 255 255 99 255
    240 99 255 77 255 26 147 144 255 230 212 96 255 61 255 255 255 255
    255 255 255 200 255 209 48 255 255 255 255 0 250 255 60 255 255 255
    36 255 150 159 255 92 196 255 32 255 48 255 159 234 194 255 65 118
    255 253 213 220 141 255 255 255 255 255 83 255 255 6 255 255 255 180
    183 255 255 75 255 32 255 255 190 139 255 255 255 198 255 194 97 255
    255 69 255 255 255 36 216 255 6 255 26 255 255 255 255 255 164 36
    190 255 249 246 255 138 216 255 255 149 150 229 226 255 104 255 255
    126 255 144 255 141 255 255 200 226 255 167 0 255 255 255 255 255
    255 255 255 255 164 48 79 255 255 79 217 255 63 8 10 255 255 255 131
    255 255 255 255 255 38 118 255 57 203 121 164 219 255 255 164 143
    255 255 151 79 255 6 255 188 40 202 48 131 109 255 157 255 114 255
    103 239 255 150 34 255 255 8 159 69 251 255 121 114 255 24 255 210
    255 255 161 146 255 62 129 255 255 55 182 244 255 255 232 255 255
    255 247 28 34 216 90 255 255 134 97 255 96 157 255 213 255 186 255
    220 251 144 135 180 255 58 255 255 48 218 255 220 253 255 255 255
    255 255 73 28 113 206 132 109 255 255 204 255 255 255 255 90 171 208
    255 44 87 122 255 255 255 145 85 217 20 255 46 255 255 42 255 216
    255 255 81 18 171 30 138 255 255 255 220 28 231 255 89 233 255 243
    190 255 255 201 69 255 255 240 255 26 119 255 255 137 255 112 255 8
    32 255 255 102 18 182 148 255 255 0 255 75 190 34 255 38 255 174 255
    30 255 253 255 255 255 255 255 255 133 222 76 187 255 255 255 255
    255 165 255 56 255 255 255 255 143 255 255 12 70 175 46 255 255 255
    255 255 255 90 143 255 255 56 255 76 255 255 255 202 91 110 246 255
    255 255 176 144 255 57 194 214 255 142 36 255 255 255 44 22 238 255
    180 255 59 255 129 144 255 173 79 255 171 241 255 73 247 255 255 255
    255 255 255 255 42 255 255 255 232 255 218 255 255 255 85 255 255
    255 255 255 202 26 255 103 114 255 61 36 255 255 48 255 255 14 255
    255 94 91 255 255 14 238 126 255 255 106 255 255 255 255 245 211 135
    255 98 255 255 255 255 38 255 255 255 255 141 255 255 183 137 160
    255 255 255 255 245 34 26 255 28 212 245 86 255 255 255 8 255 255 75
    245 255 255 4 255 2 255 152 115 206 188 255 255 78 255 255 26 255 38
    255 0 2 255 255 125 219 71 61 255 255 24 255 62 255 255 255 232 92
    109 216 255 255 81 255 255 36 158 255 255 68 87 255 255 255 10 32 18
    255 255 89 255 255 220 255 255 255 55 215 26 255 235 255 178 255 139
    255 255 255 240 255 255 255 255 97 222 255 255 255 255 159 255 72
    255 255 255 255 255 90 255 255 255 255 8 255 4 55 255 255 216 255
    125 255 255 255 77 44 125 255 168 255 234 255 255 176 255 255 192 48
    255 55 255 42 253 255 255 255 229 255 255 255 255 77 255 255 255 78
    99 255 255 190 148 255 250 67 255 56 95 90 20 182 255 255 198 132
    183 93 255 255 55 136 255 255 255 255 255 12 248 32 255 255 255 255
    157 73 255 255 255 255 101 36 255 255 176 255 236 255 255 179 234
    255 255 255 251 14 255 255 224 255 160 79 255 255 255 255 253 255
    255 255 255 224 180 255 255 76 255 69 96 50 253 74 255 214 122 255
    226 90 255 89 255 212 255 255 255 255 255 153 214 255 255 73 255 255
    255 160 236 113 178 255 255 44 255 255 255 255 97 223 255 55 255 183
    255 255 255 255 128 32 105 178 255 216 255 255 218 221 65 255 255
    185 212 255 255 18 255 20 255 112 255 22 255 255 255 70 71 255 255
    255 168 217 255 61 255 240 117 255 255 49 255 255 234 255 75 160 245
    93 255 174 255 255 66 255 232 255 255 255 255 255 59 6 255 97 114 62
    255 255 255 255 255 135 87 255 69 255 130 255 255 255 255 49 255 147
    255 221 255 232 82 242 255 255 255 139 8 255 255 62 214 71 172 255
    129 50 220 178 255 173 87 255 255 255 213 131 255 255 190 255 66 254
    53 44 222 255 154 133 255 255 255 255 110 214 113 156 129 188 255
    202 255 235 255 180 255 121 255 52 6 168 80 255 255 170 67 186 150
    255 255 154 255 109 255 198 255 209 255 255 255 159 255 136 255 255
    255 255 107 251 255 255 241 255 243 146 36 255 255 89 255 148 255
    255 170 255 255 255 163 255 255 255 18 255 119 101 253 255 255 255
    255 255 255 255 255 255 252 48 255 83 255 22 255 255 255 67 251 223
    255 34 98 255 154 142 18 255 255 255 85 255 255 240 255 194 255 225
    169 255 197 105 255 38 255 255 199 194 255 255 255 255 255 240 255
    255 99 65 110 255 255 162 255 154 255 255 255 255 200 101 142 255
    255 64 69 107 142 109 69 255 255 20 170 95 40 255 255 255 255 30 89
    255 255 255 58 255 255 44 255 255 211 238 247 255 255 178 255 153
    255 255 2 255 255 95 212 186 255 255 40 255 48 255 255 220 20 255
    255 255 123 255 255 119 87 34 255 255 197 101 255 170 149 255 12 73
    255 56 129 236 42 157 255 168 255 255 166 12 71 255 255 255 255 255
    255 231 125 255 255 255 236 255 77 255 255 85 255 255 255 255 174
    255 255 144 133 220 207 255 255 255 255 255 255 181 63 255 255 255
    255 255 255 255 167 135 255 246 255 92 165 2 116 18 32 70 255 255
    255 16 228 20 255 255 255 255 255 82 133 255 255 163 141 255 44 180
    162 171 46 255 255 16 86 185 255 255 255 59 255 255 255 235 121 42
    239 216 255 255 255 22 255 111 255 255 255 176 255 255 255 255 255
    196 118 16 10 28 151 103 255 26 255 201 190 125 255 77 255 126 255
    255 138 255 255 64 38 95 243 153 255 255 255 107 223 255 251 160 234
    238 140 255 255 178 255 255 140 79 255 54 255 255 108 255 218 156
    255 184 146 99 20 255 179 255 233 159 255 8 73 67 128 236 67 255 14
    255 255 73 255 255 194 255 192 179 113 245 113 186 255 255 85 80 255
    255 255 234 178 68 255 176 82 255 255 255 255 133 255 30 131 78 255
    85 255 255 255 28 255 26 148 255 255 255 255 222 40 52 255 255 255
    255 164 255 190 255 117 255 126 117 139 255 255 180 233 77 79 126
    103 206 76 93 255 166 255 255 255 101 85 116 255 255 18 255 53 142
    255 202 78 255 255 188 255 255 255 67 255 255 255 160 90 255 2 130
    255 255 255 255 139 122 10 26 4 255 255 90 255 241 255 107 255 12
    240 255 209 255 150 255 147 255 255 255 156 255 99 75 146 255 255
    255 255 255 255 234 255 255 255 255 255 153 255 255 255 40 60 202
    172 22 252 196 255 8 255 255 255 69 235 73 24 255 85 255 112 137 255
    136 255 95 82 173 255 255 113 186 255 255 255 172 232 46 255 255 174
    46 255 202 180 113 28 126 255 55 96 210 255 255 113 255 255 97 255
    227 255 210 255 97 81 255 32 222 162 255 81 255 254 255 255 236 255
    182 212 174 255 255 117 255 255 59 255 255 137 255 252 162 223 255
    176 255 141 28 229 255 107 14 255 255 152 255 255 12 255 103 14 125
    255 255 65 95 116 119 255 255 4 238 255 255 18 255 81 255 255 242 32
    227 161 8 243 255 255 28 255 255 120 12 255 201 255 192 255 30 206
    255 255 255 178 255 162 255 255 127 255 218 255 96 42 4 255 101 255
    241 93 32 255 255 16 255 115 255 237 137 216 255 255 42 255 240 243
    255 255 255 0 135 214 255 107 184 24 34 255 132 226 150 50 255 95
    192 255 255 255 255 119 28 255 255 255 255 255 233 236 255 64 255 12
    14 115 255 255 131 48 134 255 216 215 255 152 156 255 83 88 255 255
    255 24 255 80 255 119 221 34 255 255 255 210 70 255 255 255 2 83 138
    255 255 203 123 255 78 255 91 88 255 255 88 87 141 255 255 255 26
    222 156 56 60 194 116 220 144 201 30 81 255 255 135 188 50 255 90
    255 255 255 28 255 255 255 10 255 255 255 255 244 255 255 24 85 184
    208 255 16 91 255 182 89 16 94 200 255 50 255 22 203 254 71 255 255
    245 253 32 255 255 255 212 255 255 255 34 255 245 255 255 57 255 75
    255 138 255 158 255 255 172 241 255 99 255 202 255 255 255 65 235
    177 198 229 232 176 255 255 67 255 255 148 255 151 255 88 255 196 4
    255 121 231 255 79 26 255 174 176 175 255 245 157 255 255 255 192
    227 97 240 130 255 46 255 93 255 8 103 255 255 255 16 12 109 255 16
    255 255 255 255 218 138 255 32 255 226 182 190 242 255 0 255 255 233
    2 105 150 20 255 255 255 255 88 242 255 255 255 255 255 255 255 255
    67 220 255 255 255 255 36 172 255 255 255 255 224 255 136 255 255 88
    255 255 227 255 8 86 255 79 255 155 176 255 255 255 255 175 123 255
    255 214 96 255 85 255 255 222 255 255 253 70 107 255 24 255 255 42
    255 255 52 255 255 255 127 87 255 255 255 60 226 255 38 255 255 44
    255 255 184 87 26 213 200 255 255 255 71 231 46 202 52 255 255 255
    255 255 255 109 255 255 255 135 94 89 255 255 236 255 255 255 81 255
    73 198 255 255 99 255 255 255 255 214 146 249 54 222 255 255 255 255
    255 125 255 255 255 255 52 59 255 133 196 120 255 119 20 131 255 255
    105 255 255 255 255 255 159 188 50 44 0 8 255 89 64 107 255 255 250
    255 255 255 178 197 125 119 42 255 255 223 255 2 176 8 164 255 58
    255 144 196 255 162 183 243 255 111 255 6 255 255 255 28 255 255 192
    255 255 255 208 255 255 255 255 121 255 255 117 129 114 255 170 239
    255 255 255 52 255 255 255 255 8 255 81 74 255 230 14 216 208 154
    255 255 227 181 255 255 255 34 255 255 255 20 255 241 255 255 255 80
    143 255 194 255 255 34 113 255 30 248 255 255 135 255 255 159 255 66
    58 255 255 173 255 255 56 143 255 222 255 84 255 255 128 214 255 255
    255 255 136 129 255 112 67 255 251 255 103 255 255 255 255 121 0 255
    255 202 146 190 206 174 204 255 138 44 255 255 255 40 255 255 255
    255 255 255 255 255 251 164 190 255 255 255 255 255 255 53 54 135
    255 255 255 216 18 255 255 136 255 105 255 97 135 255 255 196 255
    255 255 255 91 176 156 22 71 160 83 85 233 255 216 154 16 44 58 190
    255 229 255 196 30 255 255 255 255 255 106 214 89 255 255 202 197
    255 46 255 183 255 255 87 4 255 228 255 217 107 109 14 109 255 255
    255 121 255 255 26 255 14 156 255 255 255 255 255 228 201 91 44 255
    255 206 160 255 55 255 167 144 140 97 255 255 125 160 255 204 255
    255 255 255 255 255 61 255 255 255 255 255 65 255 222 51 255 255 255
    255 198 196 160 135 255 255 32 255 197 83 255 255 204 93 255 255 255
    28 255 214 255 44 255 255 255 255 255 89 158 231 255 71 255 177 79
    132 169 255 253 255 255 255 255 174 255 202 85 201 190 255 255 222
    255 0 255 255 255 206 255 24 255 255 255 153 255 255 226 111 255 228
    255 255 117 16 142 129 255 180 244 255 255 255 255 58 255 232 104
    255 255 182 56 255 255 255 148 50 93 216 255 255 255 255 255 224 74
    6 49 94 42 89 255 255 123 255 255 162 255 218 255 255 77 255 255 255
    255 255 255 255 255 255 255 255 255 226 32 85 255 255 165 156 255
    255 160 255 255 255 255 255 12 70 238 2 46 93 255 255 240 253 255 52
    109 209 40 30 166 232 255 255 28 53 209 255 34 255 255 255 106 69
    255 229 255 107 255 246 170 164 255 255 233 101 212 255 44 53 255
    255 255 255 255 255 255 255 63 255 141 255 255 255 83 243 255 111
    255 255 255 255 255 255 255 117 143 148 236 255 255 255 255 255 255
    255 4 230 255 142 115 255 72 255 255 255 255 255 180 255 255 255 255
    218 66 255 79 114 255 255 255 177 255 52 200 154 255 255 255 108 89
    230 255 252 101 158 255 255 255 185 255 255 179 16 255 81 255 82 175
    255 52 10 48 255 198 117 255 127 141 255 22 255 144 143 255 194 255
    255 30 255 230 72 4 6 255 123 255 72 185 103 84 255 255 116 202 255
    126 167 255 136 255 255 255 255 255 112 255 184 211 141 67 255 69
    255 166 255 156 247 250 255 88 255 255 255 255 255 255 214 14 18 255
    131 255 133 87 255 255 4 80 240 255 255 50 93 8 91 255 231 65 40 255
    255 18 74 255 255 255 250 75 70 255 186 18 255 240 255 255 255 82 54
    253 156 255 255 255 255 255 255 255 234 152 255 255 255 255 168 255
    255 200 152 255 204 164 137 59 255 179 212 255 16 158 154 230 26 255
    210 152 146 157 210 241 255 255 233 46 255 255 52 202 255 163 188
    255 52 109 239 255 232 255 255 255 76 145 220 144 95 255 255 127 71
    40 185 117 255 255 127 0 240 255 239 137 87 40 255 97 255 255 255 24
    157 255 255 183 220 255 255 255 201 255 53 110 255 182 146 255 166
    14 255 255 122 255 77 255 255 255 255 255 255 124 255 236 255 60 220
    180 177 255 255 255 198 98 255 28 114 222 156 192 255 109 28 255 255
    176 255 255 255 155 26 255 187 204 188 157 255 255 255 255 235 52
    255 255 255 139 192 181 255 255 50 255 38 255 196 255 99 255 255 44
    24 106 255 14 102 255 164 148 26 65 34 161 255 255 255 255 207 255
    255 255 107 230 255 192 255 233 214 255 124 224 238 255 149 222 255
    255 255 110 255 55 255 181 255 255 255 113 223 255 255 255 255 230
    60 36 255 255 255 202 255 255 212 168 255 214 255 12 6 235 255 232
    170 200 164 203 255 255 255 226 255 217 255 255 255 230 125 152 255
    154 255 255 255 28 139 255 255 81 255 255 255 101 255 192 255 255
    255 255 255 255 255 255 165 255 166 6 255 255 22 255 209 255 174 255
    255 255 255 183 255 162 246 255 74 255 115 255 255 55 255 200 107
    255 115 255 82 255 232 245 133 255 138 52 0 205 129 178 80 123 222
    255 71 255 203 255 255 72 255 255 255 255 34 255 135 152 76 255 95
    22 255 44 255 255 36 255 107 200 96 255 255 255 167 255 219 62 255
    255 173 255 255 171 255 215 255 255 255 255 166 255 71 186 255 255
    113 255 226 255 255 171 127 255 52 115 255 255 14 255 79 255 86 222
    73 221 212 73 255 79 255 255 175 113 166 121 255 255 255 255 255 255
    141 84 153 255 62 255 255 227 255 255 122 255 255 255 255 87 255 36
    194 255 56 255 60 67 255 255 255 4 255 255 255 255 185 141 116 255
    133 4 255 255 158 255 186 255 177 255 96 255 255 84 252 255 34 255
    255 158 212 119 72 89 141 255 79 255 148 238 255 253 255 255 255 255
    255 255 159 255 96 0 255 48 255 152 56 255 216 255 202 133 255 79 49
    217 99 255 255 255 255 255 255 255 255 34 255 255 177 255 122 228
    228 255 255 255 241 255 240 255 255 255 255 187 51 158 42 59 255 10
    255 217 228 255 32 255 255 255 165 255 255 121 255 255 255 255 58
    255 20 84 255 214 255 218 255 255 101 255 255 255 111 88 255 255 255
    255 166 255 232 71 255 143 141 255 255 255 50 44 255 4 255 46 239 54
    255 255 18 255 170 255 73 255 149 236 192 71 206 178 255 255 26 255
    255 76 255 255 255 255 184 255 255 174 255 101 196 28 44 255 255 56
    42 56 255 63 154 190 30 255 255 49 255 32 255 146 255 255 94 255 214
    255 77 200 255 255 67 255 119 48 20 255 180 255 121 210 178 255 182
    255 183 129 211 255 42 227 226 255 229 255 135 124 255 208 255 255 0
    255 255 255 32 255 206 255 48 255 253 32 0 255 56 178 255 255 255 56
    204 204 255 255 180 255 255 243 255 255 36 255 24 255 102 255 99 92
    85 46 255 115 255 255 101 255 213 185 255 255 133 255 80 54 255 255
    255 255 112 123 180 56 230 198 255 255 93 255 255 121 255 30 255 221
    133 255 255 255 255 233 255 204 255 190 255 221 255 255 255 255 255
    184 54 129 255 127 255 184 255 119 84 46 255 205 139 255 247 255 255
    94 255 105 255 255 32 255 198 192 255 255 109 12 255 255 255 83 255
    255 127 255 255 44 49 255 255 255 255 255 0 235 24 46 255 234 255
    182 255 133 255 238 255 255 255 255 255 26 255 255 155 255 235 255
    75 56 62 255 96 255 255 255 81 247 118 194 255 255 255 255 162 255
    240 229 255 255 132 171 255 144 255 247 255 255 79 38 255 255 225 89
    255 255 155 255 96 117 255 36 200 182 255 79 38 46 255 255 255 38
    158 255 16 105 168 157 255 255 255 172 255 222 255 255 169 255 40
    255 255 231 255 255 255 65 255 132 171 255 255 255 255 255 255 255
    255 255 30 42 255 141 255 255 255 106 255 255 255 255 4 42 81 206
    207 255 255 90 255 85 255 255 218 227 206 255 148 255 255 255 14 79
    255 255 255 152 91 137 26 44 255 255 255 255 158 255 109 255 255 24
    255 255 148 255 212 2 42 137 232 26 255 234 229 255 255 255 151 255
    255 133 255 136 255 255 90 187 255 255 255 87 255 54 85 24 123 255
    255 255 255 255 93 255 255 141 255 255 113 99 84 255 255 207 255 139
    255 255 198 255 222 150 255 255 160 78 177 131 114 255 57 255 255
    255 235 255 255 255 255 123 126 255 55 255 171 148 255 129 186 255
    151 255 90 183 178 255 255 255 170 46 101 209 255 182 140 255 26 255
    255 255 255 28 255 164 255 255 255 255 164 255 175 255 255 255 255
    255 77 32 186 255 255 255 192 87 116 255 44 255 255 6 255 255 48 255
    255 91 255 255 206 255 255 255 255 44 255 255 210 251 255 255 26 255
    255 144 255 255 255 209 255 111 255 20 143 46 255 255 255 255 255
    164 255 255 255 52 75 142 255 243 255 255 131 4 187 255 255 255 255
    255 255 255 190 89 97 94 255 255 48 255 255 20 255 255 255 255 46
    255 10 255 255 255 109 255 121 255 255 255 255 106 194 255 138 202
    255 138 255 143 8 255 255 142 254 255 104 234 224 255 107 255 20 6
    255 245 44 255 249 255 79 154 206 255 211 255 255 255 255 255 225
    255 93 80 255 234 144 255 255 98 20 154 255 255 255 192 255 8 255
    255 87 130 255 18 22 250 160 255 255 77 201 105 127 211 255 220 255
    255 255 255 255 255 26 198 255 110 255 26 255 252 28 22 255 105 255
    125 204 255 255 255 255 200 255 126 255 255 255 54 164 255 255 83 56
    255 230 70 255 214 188 105 255 243 218 32 255 67 97 255 69 232 50
    248 255 255 46 133 255 255 255 255 255 255 255 129 127 70 40 36 255
    77 34 213 255 255 255 38 255 255 173 251 203 255 255 255 97 255 255
    255 255 241 89 255 199 255 255 255 255 255 54 255 255 197 255 255
    255 255 255 255 117 253 245 73 255 255 62 24 255 254 206 58 255 255
    184 255 150 255 159 12 255 157 53 255 153 255 94 187 255 255 115 14
    255 242 16 72 255 255 255 255 135 50 255 192 255 183 212 255 255 210
    176 87 255 203 255 255 108 255 127 247 255 57 72 71 255 255 4 34 108
    255 222 78 255 2 162 109 42 84 255 105 227 255 255 192 255 137 255
    255 192 255 73 255 255 81 236 255 97 200 235 255 255 255 226 255 221
    12 249 16 127 255 255 255 255 110 155 48 84 255 255 255 147 255 255
    255 129 40 255 36 255 105 10 90 60 255 255 255 105 16 50 255 255 246
    255 2 255 230 255 255 182 255 147 255 96 255 232 255 255 164 255 143
    55 255 255 46 227 255 40 255 0 255 255 255 255 255 255 61 255 169
    255 56 255 255 255 250 18 255 255 206 64 255 115 255 255 69 78 216
    255 194 255 255 255 155 255 255 167 255 255 139 236 255 232 152 255
    255 170 148 255 170 255 255 53 98 255 255 255 255 214 255 137 168
    255 255 16 255 48 255 48 255 255 42 149 103 12 115 255 255 255 133
    255 115 255 255 255 255 255 255 255 100 255 255 255 194 255 74 255
    251 255 44 255 46 173 228 255 248 38 172 255 255 255 218 255 255 255
    255 221 255 4 255 255 61 255 255 143 16 149 61 56 255 212 215 228
    255 233 255 131 255 255 255 255 255 61 84 255 212 245 255 255 255
    255 228 255 255 255 255 255 91 174 60 224 4 60 42 255 255 174 255 50
    255 255 218 247 255 255 93 247 73 34 255 255 91 88 198 158 255 255
    255 170 255 255 4 246 255 172 255 255 255 255 55 255 185 255 255 255
    107 94 181 166 255 214 212 90 255 255 64 255 255 227 255 255 255 255
    255 255 255 255 255 255 255 144 69 255 255 26 255 172 255 255 90 198
    255 58 255 44 255 206 214 217 24 255 186 115 212 255 255 24 255 121
    75 255 255 77 32 129 93 215 157 0 255 255 101 251 255 255 16 87 255
    231 255 216 255 255 97 255 255 255 134 89 188 118 255 255 8 255 61
    255 255 255 150 255 255 255 255 194 255 38 224 255 123 148 140 252
    32 48 6 113 142 125 255 162 255 0 148 75 119 60 234 196 255 157 77
    255 255 255 186 54 103 255 34 255 255 255 255 255 224 255 34 8 255
    255 105 152 255 135 109 255 255 255 255 255 65 255 44 255 166 107 2
    70 4 36 235 105 255 160 255 255 168 255 95 30 163 36 255 255 57 30
    40 16 42 255 85 255 255 255 255 255 71 255 255 12 231 115 255 255 24
    255 255 255 121 72 6 141 255 145 255 255 214 97 166 22 137 156 139
    255 215 71 255 255 171 255 112 255 95 227 255 32 255 183 16 255 255
    255 255 255 255 106 255 230 225 244 22 255 255 255 118 255 107 255
    255 137 255 255 0 255 255 255 255 255 255 255 250 75 255 255 30 150
    228 255 253 255 255 255 255 42 225 255 255 0 216 148 209 127 210 34
    50 14 205 210 144 94 255 255 114 255 95 255 255 255 102 255 107 255
    255 255 255 255 59 255 137 83 88 255 255 94 255 255 255 87 180 255
    255 255 255 255 255 160 255 63 32 169 255 98 255 247 255 255 255 2
    255 158 118 255 30 225 71 255 255 18 232 227 222 255 2 255 255 38
    255 156 255 131 83 86 255 255 255 12 243 255 38 255 255 255 241 98
    107 87 68 255 46 126 234 255 255 255 2 255 255 117 255 18 255 30 255
    208 56 212 255 209 255 241 255 255 255 134 255 150 255 141 141 215
    255 255 0 16 255 255 255 236 58 198 141 255 255 255 38 83 255 255 38
    67 190 125 255 255 255 255 182 255 255 255 255 255 241 0 255 255 255
    44 164 212 123 178 255 131 190 32 255 50 85 184 255 131 255 255 228
    137 36 255 255 219 71 121 255 145 156 215 255 4 52 24 255 64 255 255
    255 255 22 255 165 212 219 255 255 92 255 255 249 56 255 132 143 255
    255 255 214 255 255 8 172 234 14 255 161 255 2 81 144 255 145 255
    255 255 255 251 210 150 229 255 255 255 255 255 255 113 255 255 255
    255 178 36 245 20 255 255 94 255 255 28 255 255 255 58 8 76 255 255
    255 244 255 72 255 111 190 240 105 132 255 53 255 255 220 255 165
    255 255 255 8 18 255 255 144 255 135 52 255 255 255 255 113 255 123
    99 100 85 2 78 255 115 199 255 255 255 255 240 114 153 69 255 32 218
    2 177 53 170 255 91 40 255 174 255 255 162 26 255 255 255 255 255
    255 105 143 255 50 188 148 83 95 102 198 255 142 255 243 180 44 40
    255 196 255 255 212 255 255 12 103 255 135 57 90 255 12 209 192 255
    255 153 123 132 255 28 255 30 133 54 173 200 255 255 255 255 255 255
    2 167 55 255 255 255 255 67 127 142 255 236 104 99 79 197 255 36 194
    161 255 168 54 152 84 255 255 209 240 26 158 173 255 255 171 255 14
    216 255 48 34 36 255 91 255 255 56 166 255 83 255 255 255 255 78 139
    255 255 101 91 180 75 255 62 255 255 255 32 255 84 255 255 255 151
    101 56 240 255 120 36 178 205 50 255 140 198 206 255 255 255 6 153
    255 84 255 255 255 58 249 211 167 4 255 255 255 247 255 154 255 187
    109 255 18 255 8 206 255 128 137 194 255 133 91 66 97 255 106 255
    255 154 255 113 70 24 255 154 255 255 2 255 255 255 255 194 255 125
    255 152 255 255 152 71 255 255 255 141 120 216 228 255 248 125 255 4
    26 255 255 87 16 81 255 255 255 8 231 34 117 255 244 255 60 255 255
    255 255 255 255 255 46 255 109 255 255 255 255 255 183 67 255 93 255
    186 255 131 26 255 230 152 113 255 231 255 255 132 190 255 255 255
    178 70 44 255 132 250 2 76 255 154 255 218 67 255 255 255 18 255 255
    48 255 2 241 255 38 186 255 255 255 4 255 255 16 2 98 255 137 255
    234 255 92 179 255 237 255 210 255 255 57 255 255 109 255 255 255
    235 91 152 126 103 255 203 255 255 255 147 91 255 177 14 221 255 255
    10 252 176 176 65 255 255 83 255 52 255 255 136 255 236 102 255 83
    24 255 255 4 255 61 255 161 255 255 255 255 255 103 65 255 145 255
    255 67 101 255 255 255 168 254 255 255 190 170 146 255 255 255 255
    255 60 77 255 255 255 0 92 153 255 255 255 228 255 77 255 12 83 158
    255 255 255 255 255 77 255 216 255 255 196 103 22 208 73 84 255 24
    255 165 105 116 111 240 255 255 6 38 255 255 255 255 255 255 10 255
    215 255 255 253 165 131 233 103 255 255 234 105 64 255 255 160 255
    255 255 255 255 215 85 255 122 255 255 172 75 53 255 151 208 255 255
    255 62 169 6 174 149 255 56 145 255 255 157 51 255 255 255 60 255
    255 255 255 255 186 246 255 118 224 117 66 255 255 24 179 212 12 117
    218 255 6 220 162 117 255 255 255 255 90 171 71 255 255 255 190 255
    255 255 202 255 20 139 57 255 255 59 255 75 243 255 255 255 60 255
    255 20 129 101 120 255 255 211 97 255 144 234 236 247 255 255 255 62
    119 255 255 42 86 255 255 255 171 255 124 224 255 104 255 30 92 46
    192 136 38 255 255 255 255 104 255 176 255 255 255 74 255 20 255 255
    162 130 255 255 60 255 12 255 2 36 28 255 123 156 255 123 34 255 255
    255 255 255 255 91 121 255 60 255 255 255 255 255 255 255 156 255
    255 142 255 255 255 255 255 104 198 255 255 131 255 188 255 255 255
    255 255 205 87 255 255 255 93 82 222 26 221 143 32 241 255 188 180
    91 255 255 200 255 255 255 77 116 255 255 64 255 255 38 255 61 52
    255 63 56 255 255 211 16 232 76 255 255 255 194 255 30 228 255 114
    255 255 255 255 105 255 40 255 255 255 255 136 69 255 203 255 255
    255 255 255 255 255 83 255 46 103 96 179 255 253 127 26 255 255 255
    12 175 89 255 255 255 255 163 200 255 255 255 178 34 255 255 255 228
    142 109 255 118 230 255 255 234 156 166 244 188 255 119 245 62 255
    255 255 220 222 118 255 255 82 255 224 160 255 255 80 181 141 237 44
    255 255 255 255 255 255 255 176 255 111 255 255 198 255 157 255 84
    255 170 16 255 186 255 125 255 255 255 18 122 255 255 50 24 123 194
    255 255 72 255 198 255 244 196 112 129 18 227 38 255 225 218 255 201
    22 14 243 8 93 128 32 255 88 18 182 66 103 255 110 255 220 255 255
    245 255 255 158 255 103 178 255 60 236 84 71 212 255 255 16 255 255
    188 255 255 245 70 255 255 255 255 255 18 255 255 98 93 255 170 26
    49 6 109 255 255 56 198 2 255 178 6 255 115 255 255 24 255 18 255 4
    255 125 182 255 160 255 255 123 114 255 245 255 208 255 255 89 255
    192 255 255 108 255 156 237 255 200 2 34 255 255 147 255 146 255 255
    223 255 117 255 38 255 255 255 6 255 255 79 255 255 255 255 255 202
    255 255 107 156 50 255 255 255 255 255 255 228 255 255 234 88 181
    255 255 255 143 255 255 75 62 255 255 24 255 188 255 145 240 255 198
    255 255 255 255 78 173 4 255 135 230 255 255 144 255 196 255 255 255
    230 144 194 253 255 8 255 166 255 255 255 255 255 66 185 24 255 125
    234 86 119 255 138 255 81 255 54 129 255 38 42 255 255 16 255 255
    255 213 133 255 255 255 218 10 226 111 255 255 255 114 194 255 152
    42 51 50 255 32 199 255 255 6 175 105 233 167 230 255 135 255 44 153
    91 62 147 255 44 255 8 255 255 49 255 36 129 146 141 196 255 145 156
    64 151 97 255 255 119 255 252 2 243 206 127 255 255 255 186 6 10 255
    255 255 233 204 137 130 255 174 255 165 156 20 121 255 166 255 255
    70 254 255 70 81 255 255 255 255 255 181 255 255 255 182 255 113 255
    126 165 255 255 194 71 255 255 196 166 255 255 223 202 113 217 62
    101 255 255 253 194 206 255 255 255 253 255 16 255 255 52 255 255
    255 129 142 222 194 48 165 198 255 95 255 10 252 255 74 255 255 32
    244 255 255 255 255 255 179 255 68 255 141 255 255 129 255 255 255
    58 255 91 26 255 63 40 119 125 42 255 255 255 163 53 255 255 236 255
    46 255 98 255 255 30 79 200 255 255 51 255 149 135 255 79 255 255
    167 251 255 255 196 255 255 255 186 255 255 86 171 67 255 58 255 8
    255 160 255 255 255 255 255 85 255 56 251 255 255 255 22 255 255 118
    255 160 76 214 228 255 40 255 50 22 255 255 255 46 255 48 73 255 255
    255 255 255 190 48 8 34 14 255 238 255 246 255 255 255 200 174 255
    255 14 155 255 255 255 103 0 242 255 255 255 206 102 255 255 255 255
    255 255 101 174 255 42 162 255 255 184 80 77 255 255 224 32 255 147
    255 239 230 255 221 255 255 255 255 226 255 255 150 221 255 255 255
    222 103 184 230 204 255 255 204 148 250 71 255 236 10 34 177 2 225
    255 174 255 28 75 255 255 2 255 255 55 255 10 255 22 161 255 255 255
    4 255 255 30 249 255 105 255 255 255 110 252 133 186 212 95 255 255
    48 255 255 255 255 75 255 176 4 255 255 254 255 211 60 255 255 255
    228 255 255 255 255 95 10 255 121 255 201 248 255 188 38 255 255 255
    255 38 255 255 100 54 245 20 155 10 164 34 255 255 190 168 255 97
    255 188 181 206 24 255 255 255 255 255 52 255 212 255 81 255 184 255
    255 255 255 154 255 206 255 215 255 255 239 255 255 62 163 125 96 95
    255 98 46 255 110 255 38 74 255 160 255 255 2 255 255 255 255 255
    255 199 236 249 255 255 255 255 255 143 82 255 255 36 255 115 98 77
    255 18 255 14 239 255 83 50 97 255 255 179 234 158 38 232 255 255
    255 126 129 255 255 121 255 10 159 255 66 255 182 255 255 36 255 255
    18 255 255 95 217 91 214 182 255 255 255 202 255 255 255 184 112 73
    255 201 149 247 255 175 255 8 255 255 255 165 117 233 97 255 188 255
    245 146 222 255 192 255 166 255 255 245 255 190 61 255 177 255 255
    181 255 94 196 144 255 255 40 186 198 36 255 67 255 255 255 44 255
    255 141 255 91 240 255 255 255 255 65 255 150 255 255 255 234 255
    229 149 255 255 177 255 255 212 255 30 255 91 68 255 255 255 255 255
    255 179 255 255 255 162 255 255 255 14 255 255 255 255 255 86 255 24
    255 255 255 255 255 255 255 105 255 255 255 105 100 255 34 78 255
    255 84 255 255 255 147 255 22 67 234 247 255 255 255 113 133 255 155
    59 132 255 255 92 255 49 80 192 150 255 255 255 245 204 20 255 157
    81 255 89 198 18 255 255 68 252 255 255 10 255 130 255 53 72 255 255
    255 255 255 255 113 255 255 79 255 255 210 255 255 255 61 255 255
    121 255 255 255 255 255 230 221 175 230 255 255 255 255 255 91 154
    255 103 231 2 46 255 54 79 66 87 253 255 255 121 255 252 178 32 255
    42 100 107 226 255 62 255 98 18 255 188 255 255 255 255 65 92 101
    255 168 93 255 227 255 139 255 255 202 92 167 255 255 54 49 8 133
    255 110 99 69 70 218 133 255 40 77 98 165 255 24 255 255 152 192 148
    255 69 255 255 123 255 255 255 36 86 255 255 225 255 36 255 85 59
    176 255 51 219 255 241 255 255 160 255 133 255 158 75 255 40 159 168
    138 255 255 255 175 255 255 255 255 164 54 69 184 67 255 255 129 22
    18 255 255 58 183 166 38 255 55 10 255 232 237 255 234 56 255 255
    255 50 255 164 79 190 255 255 255 106 135 83 46 81 255 32 14 18 255
    165 255 255 238 166 56 40 79 215 255 228 70 40 255 227 242 135 128
    255 113 180 255 255 255 127 224 255 255 255 68 255 182 235 89 255 20
    255 255 255 161 42 146 255 255 255 255 174 255 255 255 255 255 255
    255 133 255 255 255 77 255 143 249 255 10 255 118 105 172 162 255 32
    255 255 113 235 255 255 255 161 255 174 255 36 255 255 255 156 255
    117 255 255 255 255 159 253 255 255 63 174 255 255 98 255 8 255 171
    255 255 255 182 255 255 255 255 125 160 94 127 255 255 222 226 82
    255 158 247 196 255 255 62 51 255 255 251 82 129 255 162 255 255 255
    255 255 255 255 129 255 255 255 199 255 228 0 95 255 174 6 255 255
    87 182 255 255 160 102 255 255 255 255 255 255 69 81 92 105 48 255
    157 255 170 255 255 128 252 255 255 206 255 140 117 174 255 255 255
    255 89 107 24 12 188 112 97 255 255 137 255 12 255 137 255 121 255
    255 255 152 255 255 55 255 255 113 70 10 212 255 255 236 255 255 24
    255 255 105 82 159 255 219 131 238 255 255 255 255 232 2 255 161 14
    255 255 255 255 185 218 255 255 194 2 60 255 102 44 255 70 255 55
    201 255 255 255 89 127 253 255 123 255 255 255 255 230 255 46 255 6
    255 255 255 170 224 158 168 77 117 152 255 255 255 255 251 40 255
    148 255 177 2 255 255 79 255 218 208 255 255 255 184 255 75 255 99
    216 46 79 48 255 255 251 255 97 255 4 255 123 136 255 131 255 255
    188 32 255 20 255 255 226 255 255 255 255 161 0 255 255 255 104 48
    28 207 129 255 44 173 144 192 244 89 255 125 214 233 255 59 26 255
    255 116 107 255 12 58 255 255 125 111 60 255 101 255 145 255 255 109
    255 255 255 255 255 206 255 150 238 255 70 255 255 255 175 255 255
    81 255 255 255 255 92 255 255 255 20 255 255 255 236 255 228 73 255
    238 255 255 67 255 64 255 30 245 190 55 255 147 115 255 218 133 46
    111 12 255 255 119 255 107 154 28 255 255 255 255 255 255 255 255
    219 204 255 255 255 24 8 95 255 34 99 255 255 91 255 38 255 251 255
    255 255 255 255 81 82 255 255 154 198 196 249 129 224 255 255 156
    128 255 158 160 255 144 186 255 198 146 79 44 241 255 200 255 12 255
    8 111 255 255 65 139 255 44 208 255 255 255 255 255 57 168 246 139
    255 255 105 245 216 176 96 255 255 148 159 255 255 2 109 176 85 93
    180 190 255 108 255 95 223 255 255 255 255 192 120 255 232 192 255
    255 16 255 79 255 30 79 154 161 228 255 255 18 182 157 49 255 255
    255 174 218 255 255 105 26 255 216 53 255 48 255 60 220 255 255 32
    16 26 255 200 180 252 255 104 169 255 76 230 255 255 255 55 34 255
    255 255 255 255 255 255 255 16 12 137 8 255 28 255 255 255 106 255
    180 255 255 255 255 255 255 251 255 255 255 255 255 64 208 121 255
    210 255 170 127 255 255 56 255 190 149 51 114 255 194 255 255 202
    247 255 113 122 255 105 62 255 192 255 255 220 255 255 255 50 214
    255 255 218 10 251 255 255 255 255 255 255 30 12 249 232 255 120 255
    97 255 48 255 12 255 251 255 255 255 255 198 148 255 255 255 255 143
    255 108 255 28 255 255 4 255 255 255 255 255 255 255 40 182 255 255
    232 255 255 255 255 255 255 225 175 158 197 255 40 227 255 224 251
    255 4 122 255 150 197 175 255 110 113 0 255 85 255 223 255 245 255
    255 255 76 255 67 255 187 73 138 255 255 255 255 255 255 8 99 255
    255 255 255 255 255 255 255 113 176 255 255 255 179 255 255 111 255
    255 255 255 255 105 251 84 200 127 255 255 255 255 50 121 0 206 255
    255 14 255 255 200 247 88 147 8 255 255 255 255 26 154 255 163 168
    255 24 139 0 226 255 255 255 255 2 255 255 58 190 14 255 87 49 10
    255 10 30 255 148 255 187 141 249 255 255 255 151 34 255 224 119 203
    135 174 255 255 255 255 255 255 255 242 202 255 206 255 18 255 48
    255 255 255 126 117 255 255 117 255 124 157 255 78 95 247 215 255
    156 255 255 253 255 255 255 100 155 255 211 255 255 255 255 255 255
    255 255 255 169 255 255 32 135 168 54 255 255 155 220 255 255 32 255
    222 168 245 255 255 255 52 192 255 255 255 152 242 255 92 255 0 255
    107 255 132 255 150 14 255 255 68 255 42 255 149 241 255 255 247 255
    255 216 76 141 255 255 175 255 84 155 42 10 153 180 255 255 255 255
    255 83 180 255 158 255 255 182 255 16 34 255 255 255 255 65 255 112
    236 241 255 200 162 12 10 255 112 109 255 255 117 255 255 238 194
    255 87 255 6 255 91 126 255 255 217 0 255 255 149 255 255 255 188
    255 255 222 120 255 255 186 71 255 255 141 133 255 255 32 255 163
    188 255 81 255 255 8 255 255 255 255 255 255 255 255 255 200 237 16
    48 217 255 255 48 153 103 249 255 255 36 255 255 255 234 141 255 153
    192 255 255 255 255 192 247 162 255 75 30 255 210 172 212 255 54 246
    236 231 79 255 255 255 255 178 255 8 255 255 255 225 255 255 255 255
    40 255 163 184 255 255 143 255 42 255 255 175 255 255 255 255 255
    255 93 255 255 245 168 97 101 255 255 220 154 244 192 122 255 255
    255 255 214 255 38 222 180 255 139 231 232 162 255 255 255 255 131
    249 255 28 255 148 89 103 255 255 255 82 255 22 255 12 220 80 20 154
    255 127 255 247 121 240 66 133 234 255 255 255 255 228 162 255 255
    255 255 226 44 154 87 144 255 255 220 160 177 226 255 159 255 255
    230 255 94 255 255 124 255 255 255 175 255 203 230 255 118 255 255
    255 255 255 96 255 255 106 157 123 108 135 255 8 255 255 255 190 59
    255 255 61 64 255 255 219 236 119 201 32 255 164 206 20 255 255 148
    82 165 28 2 169 196 255 255 255 255 255 216 144 255 255 241 177 243
    255 255 255 255 255 160 255 123 255 64 255 255 255 224 178 58 79 255
    255 56 143 2 14 245 255 226 63 255 255 63 255 187 160 255 255 255
    166 255 255 241 255 141 255 255 255 255 255 255 255 255 158 255 255
    228 170 255 139 46 206 240 74 255 255 255 42 255 26 255 162 140 26 8
    18 255 255 255 159 255 255 252 202 255 105 255 255 255 129 255 255
    206 44 255 255 70 255 255 134 240 99 243 255 255 120 212 222 140 155
    83 28 255 255 255 85 143 255 206 255 255 208 245 184 255 255 255 255
    247 255 6 255 255 255 184 156 255 243 255 165 14 255 255 152 255 255
    255 255 255 38 255 179 255 255 42 123 116 255 255 255 145 255 255
    255 255 255 145 255 190 18 129 255 255 206 255 10 255 255 255 255
    255 255 255 255 77 255 255 192 172 108 255 103 114 255 255 255 111
    255 92 85 255 255 95 255 98 255 255 199 145 97 42 255 255 255 149
    174 219 101 228 255 255 194 227 255 255 128 141 255 255 75 224 60
    232 255 120 85 255 166 145 255 255 255 77 229 145 202 255 255 255
    255 145 255 100 255 255 255 121 38 255 255 240 223 171 143 48 255
    255 213 255 10 255 255 255 10 255 115 213 255 255 255 123 73 211 125
    255 62 185 49 102 255 255 217 200 255 255 255 103 233 73 164 134 255
    14 40 169 154 255 255 255 255 240 255 100 50 255 92 226 255 255 255
    121 225 24 170 237 26 255 255 255 255 136 190 255 162 105 255 128
    255 166 255 255 184 255 125 208 156 10 255 80 255 91 180 255 131 255
    255 255 255 238 255 255 255 255 134 252 255 18 255 255 136 216 26
    192 255 255 255 255 255 98 255 255 255 255 34 255 151 255 255 71 255
    162 127 255 18 255 255 255 196 210 255 62 230 255 255 255 16 198 255
    190 255 255 255 255 255 44 255 107 255 60 255 255 255 255 28 255 255
    130 255 184 48 135 255 54 181 255 255 255 111 122 255 105 255 255
    255 80 255 255 4 255 226 255 255 99 176 125 234 255 255 255 255 255
    255 255 202 255 255 255 196 66 65 137 255 153 214 104 255 255 156
    181 255 255 38 232 255 255 46 255 113 255 205 228 40 120 255 36 235
    255 160 255 181 255 255 192 255 255 255 103 255 157 255 255 255 255
    104 255 105 148 44 196 255 255 180 255 151 255 231 255 81 58 255 255
    38 255 255 255 255 158 190 26 8 130 255 255 38 255 255 255 22 255
    255 28 4 255 117 218 255 14 255 241 196 255 186 255 255 255 183 251
    6 14 255 255 34 255 154 185 115 255 222 255 255 255 14 219 255 255
    20 255 240 255 153 6 255 131 67 255 73 255 60 255 10 255 171 255 255
    255 245 106 255 73 255 255 176 229 75 166 255 157 230 255 255 198
    255 87 251 255 255 255 205 255 75 255 44 204 255 202 172 255 125 255
    201 62 255 255 255 65 255 255 255 80 255 216 156 255 255 44 255 196
    255 255 255 28 28 226 255 255 164 144 255 255 255 255 91 62 255 255
    192 255 255 255 62 255 58 255 255 255 255 85 255 255 176 255 185 255
    255 255 8 255 214 255 88 0 127 255 69 83 255 255 255 255 255 249 255
    255 188 241 255 125 130 67 176 255 8 255 8 169 32 255 38 69 255 159
    32 255 58 210 255 255 40 56 204 255 255 12 0 255 214 255 207 123 101
    255 255 174 24 133 255 110 255 2 237 255 178 118 255 255 255 255 224
    255 255 0 255 252 255 255 147 255 52 255 255 130 115 255 255 93 255
    215 255 255 255 255 255 255 62 255 126 177 255 255 255 69 108 34 79
    255 255 236 255 210 255 255 220 83 255 255 135 180 255 38 70 210 255
    160 255 255 180 91 75 255 67 255 255 173 255 50 255 255 255 255 255
    207 157 255 60 99 255 255 255 255 166 255 107 255 62 255 255 183 255
    164 255 255 124 131 255 245 58 164 18 218 220 255 255 255 255 248 97
    255 255 10 142 67 255 124 113 255 255 16 127 241 228 212 48 26 172
    255 255 160 255 255 28 32 255 255 217 83 255 255 255 255 255 255 255
    192 226 255 190 216 61 219 36 20 255 232 255 255 24 22 201 255 137
    255 255 156 62 153 20 255 255 61 255 234 18 255 255 247 255 255 255
    253 14 65 154 26 162 255 171 255 166 255 255 180 255 0 255 255 67
    255 77 196 255 255 255 255 255 255 168 255 93 219 255 85 255 48 8
    255 255 255 255 255 255 255 145 255 255 255 49 96 255 44 255 255 63
    225 255 255 255 255 121 70 255 240 54 255 210 255 255 255 14 255 67
    255 8 101 255 60 255 255 91 14 2 185 255 255 255 99 219 255 255 255
    12 255 34 24 255 255 58 255 190 89 255 255 242 255 38 255 255 255
    255 255 176 255 218 130 183 255 255 81 170 255 255 131 78 255 255
    255 228 255 60 196 255 138 81 255 255 147 166 255 204 101 136 255
    255 255 255 18 255 255 255 82 255 255 247 42 103 255 255 255 255 255
    255 255 0 178 255 255 30 255 255 49 255 117 255 255 255 202 233 48
    255 255 255 123 102 212 204 172 255 255 255 255 255 194 255 133 0
    255 236 197 40 178 255 255 156 255 171 255 255 0 75 255 255 0 255
    127 255 0 255 14 255 121 194 96 157 255 130 255 255 148 255 12 92
    254 30 62 200 63 108 255 255 126 62 188 255 255 89 255 255 255 134
    255 137 223 10 135 223 255 198 255 255 206 72 145 255 223 255 141
    118 119 255 255 97 8 255 161 69 4 255 148 255 255 166 255 127 255
    235 255 253 255 255 137 134 255 255 0 250 255 255 250 255 255 234 18
    255 107 57 255 255 121 108 255 202 14 83 255 128 244 115 102 153 255
    255 123 255 239 255 144 255 255 113 241 255 255 158 16 123 255 255
    32 38 14 51 255 198 255 223 255 255 255 73 255 255 133 255 32 145
    255 255 255 182 0 24 253 255 4 241 255 255 247 255 36 24 255 255 222
    235 254 117 255 255 241 199 36 186 223 200 255 255 255 255 74 255 65
    52 255 107 255 255 255 251 252 255 219 38 117 255 242 255 249 22 85
    255 255 240 190 255 61 255 255 255 255 255 255 255 255 255 255 255
    85 255 255 129 247 208 186 92 255 255 255 97 255 10 210 255 8 83 255
    170 190 95 255 255 255 255 255 255 255 255 255 255 255 255 255 109
    218 0 147 67 255 255 208 229 255 255 249 99 255 255 224 8 104 220 14
    255 255 255 255 255 228 217 34 255 255 77 236 255 255 255 255 255
    146 253 255 255 38 83 255 10 242 83 168 52 255 18 255 150 48 192 255
    223 255 255 192 109 113 88 255 255 255 30 67 227 62 87 255 255 255
    255 196 14 255 244 40 144 85 172 255 255 251 168 218 255 255 2 200
    255 255 255 227 200 255 255 83 107 64 36 255 255 250 28 255 255 73
    243 200 255 80 255 55 219 255 158 255 85 255 255 14 255 255 255 190
    86 255 255 241 236 36 255 69 16 255 255 255 130 255 255 227 123 119
    66 40 192 12 255 255 56 255 255 255 149 255 255 171 111 255 255 255
    144 255 51 184 89 42 255 69 255 251 147 206 255 255 255 152 196 255
    124 255 170 255 255 111 255 183 251 42 255 255 255 127 255 30 255
    255 249 255 26 255 255 255 255 255 117 134 69 255 128 255 255 180
    117 38 86 255 48 255 255 113 156 24 220 52 255 77 66 255 255 58 255
    38 255 125 131 255 255 170 86 137 255 255 202 150 255 255 71 190 200
    255 255 255 255 209 153 255 255 250 240 255 255 69 255 161 255 255
    155 93 180 255 38 108 127 255 255 255 255 255 20 174 255 255 210 178
    232 255 48 18 127 62 187 247 0 139 148 255 255 255 96 255 14 255 234
    255 255 255 144 186 159 125 156 236 255 255 228 154 255 232 255 255
    255 255 225 255 216 28 255 255 255 255 255 233 226 160 86 2 255 211
    83 255 255 10 73 255 255 255 255 216 255 14 255 255 186 255 230 100
    250 255 221 255 255 255 196 255 255 255 255 168 185 255 255 255 65 2
    24 255 255 255 176 40 12 67 178 255 162 255 255 131 255 255 40 182
    255 255 122 141 255 170 52 255 255 50 255 255 255 87 255 255 255 166
    85 255 176 255 255 255 255 51 10 149 255 255 255 148 255 14 255 134
    131 255 62 183 255 100 105 99 255 250 73 239 10 255 190 255 198 16
    255 255 22 216 255 255 71 255 255 255 255 255 255 216 66 137 255 255
    255 255 255 255 10 184 255 255 255 20 243 8 255 255 255 204 255 255
    255 255 58 115 240 72 255 255 201 123 210 255 255 141 255 220 255
    255 255 125 221 255 87 56 255 255 255 187 255 255 255 123 102 153
    137 255 255 202 255 246 255 227 255 255 76 105 236 0 255 255 90 255
    30 0 161 255 136 255 206 8 87 81 255 255 255 255 255 255 255 165 34
    231 44 255 50 141 255 148 255 44 148 125 75 12 60 243 255 67 154 255
    255 255 150 242 99 255 204 255 255 214 174 188 135 255 78 22 123 255
    255 150 255 255 198 32 255 255 255 163 93 251 220 255 102 200 255 50
    255 200 12 255 255 255 117 255 2 255 255 255 155 255 227 255 26 255
    255 255 70 255 255 158 255 121 211 255 85 40 234 176 255 255 255 255
    255 255 116 244 141 255 48 28 233 255 255 74 255 180 112 255 255 255
    234 255 255 95 255 255 69 158 255 198 156 255 67 16 0 143 71 166 216
    255 255 255 26 184 255 40 255 255 255 255 255 238 255 93 198 150 255
    255 213 52 28 104 169 71 255 133 243 233 255 255 239 12 255 255 60
    255 255 255 255 255 255 44 98 38 148 255 255 146 223 226 111 255 137
    255 255 255 236 255 255 255 52 255 113 255 255 255 36 242 255 209
    255 255 255 255 79 150 255 255 255 255 73 255 255 255 255 83 150 255
    255 240 215 212 255 82 255 255 126 255 245 36 255 255 199 255 255 42
    255 255 255 228 220 255 242 46 255 255 12 34 255 26 255 173 255 255
    255 0 229 67 12 255 255 97 34 151 255 120 255 79 94 255 4 255 22 176
    255 255 255 255 255 103 207 255 255 255 143 255 233 255 255 253 97
    255 255 228 79 180 255 131 18 216 241 255 153 255 102 198 123 255 8
    255 255 79 255 98 255 255 94 255 255 255 52 255 2 236 144 28 255 34
    68 139 255 255 85 255 255 177 255 243 139 255 42 255 135 255 16 245
    188 255 28 146 4 63 243 212 44 223 230 26 247 155 61 255 255 255 253
    255 255 255 65 206 34 8 105 22 255 241 255 255 255 90 255 255 154 8
    55 255 255 255 249 117 178 255 255 255 122 255 44 255 255 178 86 255
    255 255 127 61 231 255 255 2 97 255 180 77 255 255 244 255 120 87
    255 44 255 255 243 255 12 74 255 255 255 179 125 255 250 255 255 65
    255 186 38 73 168 81 255 255 145 0 112 153 89 255 202 255 152 255
    255 255 196 255 126 255 255 134 28 198 136 255 109 255 255 255 255
    198 115 255 26 255 255 255 174 182 255 255 255 255 255 255 255 255
    199 255 255 188 255 133 255 97 184 255 255 198 255 255 255 255 159
    216 255 255 255 154 240 255 255 255 150 156 255 255 255 255 28 247
    255 91 104 255 61 255 255 255 255 181 255 255 255 255 255 255 119
    174 255 255 58 69 186 48 255 255 255 212 222 108 208 255 40 255 212
    96 255 255 58 255 69 255 99 255 88 56 166 182 255 255 255 255 18 255
    255 253 211 44 34 255 198 255 104 255 75 0 67 48 243 75 255 235 169
    101 140 255 255 247 185 0 255 2 162 255 194 81 114 228 255 255 255
    255 24 255 249 223 255 255 20 255 150 154 255 255 46 0 255 100 38
    109 255 77 255 255 153 2 255 255 243 255 236 255 255 255 156 225 255
    190 255 30 75 255 196 255 219 183 123 98 255 10 255 255 255 255 135
    85 255 255 127 213 77 208 255 255 255 14 187 85 255 255 255 227 111
    255 102 145 125 255 255 255 255 97 24 180 69 255 255 255 144 255 187
    255 255 255 42 255 71 222 148 255 255 255 141 255 68 255 206 255 255
    8 241 255 255 255 200 255 26 155 255 56 165 158 255 103 255 162 234
    24 255 26 53 255 255 146 255 255 255 122 212 255 255 255 255 255 255
    255 64 187 168 255 255 85 255 255 255 235 161 255 255 255 255 255
    111 255 255 255 208 18 169 255 152 198 255 255 149 69 255 175 75 255
    244 255 92 255 255 96 169 222 72 255 255 255 255 123 14 218 255 184
    255 255 255 255 255 255 220 190 199 255 255 146 255 255 213 208 255
    255 255 253 245 255 154 50 255 255 190 44 255 110 240 119 197 255 51
    255 255 24 255 255 214 255 71 255 24 139 255 255 99 77 64 198 176 2
    255 85 164 255 53 0 255 63 255 34 255 14 113 255 255 255 255 255 255
    212 48 50 224 132 173 36 160 85 105 255 255 255 255 222 59 100 171
    255 255 228 255 225 255 61 255 255 143 255 81 255 255 255 87 255 255
    234 255 255 255 255 255 146 255 255 255 255 10 255 255 97 255 255
    141 255 84 255 255 255 163 255 110 24 249 255 62 93 255 255 186 255
    246 232 82 77 48 84 161 69 255 255 162 68 143 83 255 255 255 255 117
    255 255 255 255 255 255 255 255 167 168 26 255 255 255 255 57 239
    135 115 255 119 255 182 255 255 255 255 255 221 255 210 255 99 255
    255 232 121 36 255 255 82 255 255 18 137 255 255 255 255 160 46 255
    255 255 255 203 255 255 255 236 38 20 255 83 255 56 255 16 255 255
    255 210 255 130 20 255 76 255 255 20 28 255 221 255 255 255 255 255
    140 216 146 74 58 238 255 121 255 118 24 170 76 60 255 255 255 14
    199 255 255 253 149 255 255 255 255 178 255 212 66 4 255 84 255 206
    62 218 2 255 71 255 64 255 186 255 255 133 255 71 255 255 255 255
    219 255 16 245 255 152 255 87 232 255 87 150 188 173 255 128 87 255
    255 234 148 255 255 255 255 255 255 255 255 243 190 255 251 154 246
    22 255 255 91 190 255 255 42 135 255 255 58 139 255 127 255 48 60
    255 245 179 85 114 129 255 223 255 255 172 204 255 255 255 174 128
    255 204 255 44 172 255 204 107 255 52 255 255 255 135 106 232 137 86
    255 36 92 255 238 170 149 2 62 187 255 255 255 255 227 218 97 128
    255 255 32 255 77 255 255 222 110 58 123 255 143 255 255 131 65 152
    83 255 126 4 255 178 255 255 255 255 241 255 12 208 237 255 135 112
    127 255 197 54 255 211 139 255 255 255 255 255 255 69 255 46 255 255
    113 85 255 255 218 255 246 255 160 255 55 255 89 28 138 255 216 211
    255 115 255 255 255 42 255 146 255 109 255 14 255 255 255 255 198
    154 255 28 66 255 95 4 103 174 255 50 73 84 255 249 255 255 255 247
    255 255 255 109 6 112 255 182 255 255 144 116 181 255 255 69 255 203
    34 255 255 20 255 255 255 255 66 255 216 255 255 208 255 255 204 50
    232 91 249 190 255 98 255 255 40 255 255 18 230 141 100 240 143 24
    255 77 255 255 255 255 145 230 215 255 184 255 216 255 10 255 8 255
    255 255 255 255 255 34 179 166 255 190 255 255 255 241 255 255 10 44
    69 255 255 255 202 255 0 255 255 91 216 154 194 255 255 255 255 255
    255 255 255 173 148 255 255 2 255 255 180 255 255 255 233 255 75 255
    255 255 255 255 73 255 157 255 251 210 255 136 133 162 255 255 255
    255 255 238 170 255 188 255 171 255 162 255 137 255 255 137 32 255
    131 255 255 77 255 42 174 255 255 255 172 255 24 255 131 255 255 62
    255 134 165 65 255 220 103 186 133 141 227 255 16 90 255 107 199 153
    255 255 255 57 255 255 121 255 232 255 255 212 240 88 255 255 154 60
    255 182 181 255 76 255 162 217 67 44 70 255 111 217 46 186 120 216
    253 199 179 192 253 216 232 134 255 255 255 255 255 255 105 26 255
    95 255 255 255 162 40 255 38 98 137 255 255 190 255 46 255 210 18
    254 123 255 255 255 255 255 255 255 255 255 213 255 42 255 121 28
    255 255 44 20 255 255 255 255 255 255 115 105 255 255 245 255 255
    255 255 194 251 255 91 255 255 255 255 255 32 255 231 71 255 255 255
    255 160 181 30 18 175 216 192 255 87 16 127 49 154 255 200 255 105
    71 205 18 57 255 255 24 255 255 139 128 255 255 255 255 251 92 255
    255 4 255 10 243 79 152 255 91 255 247 62 255 235 255 206 154 179
    255 84 255 143 78 196 206 178 56 226 255 255 245 255 81 216 255 18 8
    255 111 210 132 255 127 130 255 255 255 255 255 255 192 162 140 187
    255 255 255 255 255 255 255 207 255 249 188 255 255 255 255 241 158
    255 190 255 255 238 56 38 255 255 255 255 44 16 152 106 198 101 255
    255 121 255 255 49 40 255 255 239 255 184 255 255 141 112 255 255
    154 255 53 172 255 255 255 255 255 255 255 196 221 34 238 68 75 103
    6 4 109 100 255 61 118 255 57 90 255 255 0 26 125 223 255 59 217 255
    143 255 255 234 255 236 255 255 255 255 199 255 255 126 255 234 255
    202 190 255 56 63 6 101 255 102 161 255 170 255 210 255 255 162 74
    105 226 60 255 55 255 175 255 255 255 121 126 190 255 4 255 255 255
    255 255 239 255 40 213 0 73 255 244 255 255 255 146 114 255 255 62
    255 77 255 16 133 255 255 255 255 153 53 255 220 238 112 255 255 211
    224 174 255 153 255 114 255 255 217 175 255 76 255 255 255 255 255
    255 255 196 255 255 71 255 255 6 255 255 255 255 242 255 235 255 255
    104 255 255 152 216 255 255 255 172 255 255 255 132 255 255 156 14
    255 2 255 107 132 103 255 192 46 255 255 255 255 80 255 216 255 255
    148 255 244 224 255 16 255 30 109 67 86 255 91 78 255 0 116 255 255
    243 202 255 26 255 255 164 255 255 255 255 255 255 255 255 255 6 42
    255 255 253 90 181 194 255 163 255 255 198 255 255 255 105 255 141
    20 255 255 65 255 175 0 162 255 59 255 255 111 255 255 222 186 200
    255 134 4 36 255 255 255 255 255 255 255 30 79 170 147 141 255 252
    255 255 255 2 152 103 24 255 6 99 255 255 255 199 179 255 6 196 166
    255 103 53 116 113 255 255 255 255 255 65 255 124 113 117 176 65 59
    74 255 224 255 255 125 162 157 87 36 255 255 255 255 255 255 255 255
    255 255 194 255 131 255 116 255 255 255 75 77 255 97 255 255 255 127
    255 255 115 2 255 255 255 255 255 255 255 236 255 10 123 255 4 255
    255 255 40 162 85 28 0 202 255 255 226 206 255 255 255 20 255 91 48
    210 255 251 255 255 255 46 255 255 32 255 255 121 30 255 255 255 255
    143 158 255 255 255 255 255 255 134 228 255 178 206 59 233 149 255
    255 242 226 229 255 42 227 255 8 255 255 22 120 255 255 64 194 255
    152 255 255 217 71 22 46 255 255 160 157 255 255 238 255 255 255 255
    144 141 253 148 255 141 255 28 206 10 255 125 190 73 255 255 255 255
    217 89 10 106 255 255 178 255 241 255 149 255 255 255 49 249 255 83
    106 255 255 247 54 133 30 255 174 255 131 255 255 255 255 255 255
    204 207 255 255 255 163 107 70 95 146 10 255 20 213 255 255 255 255
    8 255 255 8 120 255 255 255 255 255 255 255 255 255 255 255 213 85
    255 255 89 18 255 135 255 255 91 180 255 103 255 215 222 18 221 255
    139 255 210 186 255 44 255 251 255 139 231 255 255 64 89 255 255 255
    176 255 117 255 94 194 255 255 255 255 255 255 166 205 255 255 66 71
    190 255 255 255 247 255 255 255 255 38 255 155 236 255 145 180 76 18
    255 235 16 12 255 255 186 2 159 162 255 255 255 255 214 38 108 255
    166 104 255 178 26 255 255 255 232 255 197 255 190 255 226 255 26
    255 255 42 177 251 255 255 255 255 101 202 255 137 22 255 255 255
    255 149 125 50 119 255 132 50 0 136 255 200 255 255 192 255 56 133
    255 255 49 255 255 117 255 255 158 255 8 255 98 255 255 30 255 111
    221 255 123 144 216 255 122 60 255 255 206 154 90 255 255 152 255
    255 255 254 241 8 56 255 235 131 255 255 101 255 138 62 255 255 255
    255 84 81 255 255 93 218 178 255 255 132 40 51 255 255 255 255 255
    255 138 194 255 60 214 255 255 91 255 255 208 255 255 163 255 28 173
    255 255 161 255 255 255 255 110 125 131 2 238 2 255 75 255 88 107
    123 126 255 139 255 255 160 150 255 255 170 255 42 255 255 236 255
    255 255 128 255 109 255 16 251 255 67 48 255 30 255 255 254 206 2
    255 255 255 255 168 192 161 255 239 171 83 255 255 188 255 252 46
    255 95 255 148 91 139 255 255 255 255 255 255 4 183 139 227 255 255
    66 255 255 255 255 224 255 255 255 255 222 255 255 135 255 255 255
    85 255 255 91 110 255 226 255 255 164 255 129 232 255 131 255 46 139
    111 138 255 255 96 169 188 255 204 255 96 62 255 255 240 255 243 255
    255 255 255 238 255 255 255 211 255 226 255 255 255 255 255 226 203
    255 255 36 24 133 217 255 255 247 232 255 52 216 154 170 81 190 255
    255 255 160 255 6 255 240 103 146 131 255 223 185 255 255 20 255 60
    161 40 251 255 249 134 135 255 255 255 255 255 24 255 255 36 143 255
    181 83 186 255 255 138 149 75 255 255 243 255 255 255 255 73 0 190
    30 255 255 111 255 255 255 255 255 255 255 188 255 226 255 111 14
    255 255 111 54 232 255 255 255 255 255 255 133 86 111 220 255 255
    255 255 255 255 255 255 255 255 69 224 255 255 255 102 242 182 255
    10 255 255 255 75 255 22 255 150 230 253 245 255 255 255 255 255 82
    46 218 188 255 20 255 255 255 255 255 255 68 255 255 255 230 255 255
    8 222 255 255 255 255 123 162 255 255 255 255 101 160 255 69 204 22
    169 85 255 255 255 255 99 18 82 200 255 164 255 180 192 255 255 140
    255 255 255 107 255 255 255 255 126 6 255 207 60 38 223 18 230 255
    255 243 18 200 255 170 133 36 44 255 81 122 255 212 114 77 255 144
    255 117 197 127 255 56 255 255 124 255 255 255 159 255 114 255 57
    255 255 255 197 255 255 255 183 255 32 255 255 48 234 156 255 255 2
    255 255 53 158 22 255 255 255 255 174 151 255 255 255 255 215 255 46
    255 242 255 255 255 164 52 30 14 255 255 255 255 255 255 255 255 255
    20 255 255 255 10 48 199 179 255 255 255 69 255 105 255 38 8 204 138
    155 230 74 255 79 154 255 109 207 216 255 255 255 255 255 18 255 46
    24 255 209 255 255 255 255 255 255 255 12 255 26 160 255 65 131 243
    167 216 255 50 51 233 255 99 255 163 53 255 117 241 182 99 99 255 50
    170 255 149 255 255 255 30 255 40 255 78 255 255 82 255 127 255 255
    249 54 255 129 255 123 255 255 255 164 130 255 129 255 222 255 255
    255 160 255 255 255 255 202 168 201 255 255 255 255 190 96 255 16 50
    153 59 255 255 255 4 255 71 255 255 172 255 117 255 207 101 59 255
    73 255 255 255 10 255 149 255 84 255 255 255 255 255 134 255 115 118
    123 178 211 255 204 255 236 238 255 6 255 197 255 162 194 127 24 255
    105 255 126 161 255 255 255 255 42 65 255 255 255 255 255 255 255 24
    255 255 64 50 255 255 255 186 255 77 18 94 181 255 156 202 184 64
    133 255 255 147 129 98 255 255 255 145 178 92 99 255 32 255 255 78
    204 59 255 255 255 255 62 178 255 255 255 186 255 172 255 255 75 144
    226 190 255 255 255 255 255 255 64 255 75 255 50 255 110 202 166 255
    255 2 182 255 137 0 26 139 255 255 107 255 133 129 255 18 255 2 139
    255 255 60 255 255 22 255 100 121 240 32 255 156 156 147 0 255 161
    40 255 255 255 255 14 255 170 165 255 201 149 255 78 255 255 255 255
    255 30 255 255 150 255 190 255 255 255 255 194 255 255 196 255 255
    255 255 84 255 255 10 255 111 255 12 196 255 255 95 241 133 204 213
    119 83 199 255 137 255 255 51 106 2 119 255 24 255 255 125 255 255
    222 255 142 255 255 255 95 226 44 255 255 255 255 255 72 89 255 255
    40 255 182 255 255 60 230 63 112 210 28 255 255 158 56 214 214 255
    103 253 176 181 228 34 62 255 215 133 255 255 133 127 223 255 255
    255 194 255 255 255 18 255 14 93 28 255 99 255 103 2 255 255 143 146
    89 255 255 255 139 174 255 220 172 255 255 255 255 10 231 91 255 50
    143 253 104 28 255 225 153 154 10 111 127 255 255 255 255 248 255
    255 255 255 178 255 40 44 255 255 6 232 255 255 255 107 118 255 255
    255 196 81 154 255 247 219 244 176 255 255 255 8 42 255 255 255 123
    255 255 42 255 255 53 42 127 255 255 255 238 36 255 206 164 73 24
    255 255 129 70 255 255 255 192 255 217 38 81 60 255 255 14 179 95
    170 255 255 76 255 255 255 255 255 106 28 57 255 123 253 168 255 162
    255 24 240 24 255 245 255 255 255 34 187 164 80 255 210 48 255 83 16
    34 22 46 255 255 255 145 255 64 16 115 255 111 141 86 226 255 255
    212 255 255 204 255 255 255 255 255 255 255 255 125 228 255 255 255
    130 255 75 255 255 255 255 255 255 199 93 200 92 255 36 255 255 255
    66 255 255 217 111 26 78 224 255 255 255 196 4 255 255 255 125 255
    104 255 255 229 226 255 4 255 255 237 141 255 188 255 255 255 255 87
    255 255 255 255 127 137 255 139 255 80 6 123 16 255 255 255 177 103
    12 141 255 255 6 255 255 255 53 197 255 245 94 169 85 64 24 255 255
    255 65 255 255 255 148 117 255 38 97 71 26 89 255 74 175 143 255 255
    22 255 255 255 255 255 38 50 48 255 255 255 243 26 238 34 255 255
    111 255 255 36 255 87 125 194 65 16 60 190 255 255 252 255 148 250
    255 255 48 113 255 129 170 255 255 251 199 208 36 62 255 204 255 83
    200 251 255 28 255 255 255 255 255 22 18 255 255 255 103 255 255 255
    255 178 2 255 96 119 255 255 255 255 68 255 243 100 246 255 255 71
    16 255 255 202 138 200 71 192 220 255 209 252 255 166 218 255 106
    255 170 34 67 255 30 255 93 251 155 148 36 255 255 255 91 255 76 198
    139 156 255 188 255 255 255 255 214 255 255 255 255 255 85 182 32
    133 2 255 255 121 255 171 255 78 255 255 255 255 255 255 109 255 233
    255 216 255 255 40 255 65 93 255 255 255 255 255 166 86 6 255 255
    255 22 46 255 255 255 255 255 199 248 255 255 210 255 255 210 79 174
    255 255 209 46 83 255 255 255 255 255 255 134 44 255 178 255 255 245
    255 222 88 255 255 60 77 176 2 87 255 255 255 34 255 255 255 255 24
    255 255 255 166 26 123 255 255 185 255 255 255 57 233 255 255 84 36
    255 58 240 22 255 93 255 182 139 255 178 167 198 64 255 255 255 181
    255 255 255 24 255 222 232 255 222 10 168 248 255 217 89 255 253 255
    247 255 97 255 255 255 32 255 212 202 255 255 253 255 190 255 255
    129 186 6 255 255 255 255 2 122 255 255 255 135 255 255 255 255 255
    255 255 108 255 255 126 255 255 32 255 255 118 255 255 56 255 119
    138 32 255 255 255 206 255 255 38 255 125 255 245 250 166 24 255 255
    18 255 198 118 18 190 255 255 255 255 255 255 10 255 255 255 75 255
    255 255 255 62 0 255 223 101 79 229 177 255 255 254 178 221 187 255
    255 248 255 124 226 255 112 255 255 255 222 107 150 115 255 255 67
    65 255 220 255 86 228 174 98 167 255 128 255 255 150 97 190 255 69
    253 255 149 184 199 255 255 38 42 117 255 255 93 80 255 255 170 255
    135 38 111 42 255 255 182 255 2 255 255 255 255 98 171 255 255 183
    22 148 240 85 255 255 255 26 255 255 255 255 255 30 26 240 255 255
    139 186 6 255 255 255 255 255 255 255 98 91 255 255 255 255 76 255
    123 156 4 87 164 255 91 255 255 255 162 255 44 118 255 255 255 255 4
    255 255 6 128 255 224 255 210 172 48 255 69 255 255 255 10 177 255
    255 62 71 168 255 255 92 255 255 255 255 255 255 255 166 237 16 150
    48 4 255 166 34 196 255 127 255 221 18 40 116 65 255 255 216 255 170
    255 255 219 255 255 255 200 170 174 255 228 255 255 255 255 212 255
    255 255 255 50 52 255 40 252 65 12 62 133 205 4 255 255 255 107 40
    255 255 70 220 186 243 208 255 156 255 255 18 175 176 134 20 255 255
    119 255 62 255 115 255 169 255 255 255 255 255 121 255 255 30 255 36
    125 255 192 255 255 255 255 255 255 255 103 199 255 255 255 121 255
    128 255 255 255 155 255 172 255 255 14 226 255 96 93 87 148 149 111
    36 255 103 255 255 255 255 255 255 96 26 131 255 220 255 8 255 241
    255 255 144 255 255 255 255 255 49 255 34 255 255 38 176 12 255 241
    255 255 255 72 2 61 255 159 97 219 24 131 255 255 255 12 255 255 255
    8 228 255 255 255 209 255 255 2 36 255 0 161 255 255 255 255 255 255
    255 255 145 255 255 255 222 22 131 255 38 4 255 255 255 117 255 255
    135 255 228 255 255 79 255 116 255 255 122 255 117 4 255 168 12 224
    180 255 123 255 134 255 255 255 212 255 249 255 253 255 255 255 42
    255 212 255 255 166 36 52 255 255 255 73 255 149 243 126 255 247 136
    204 79 74 255 255 255 177 255 154 198 137 20 255 216 6 255 200 255
    255 255 255 105 255 255 255 164 255 255 89 22 255 255 255 129 255
    255 255 255 255 255 255 253 93 97 88 255 255 255 255 26 168 111 162
    44 255 255 255 255 255 46 255 240 209 255 255 255 255 255 255 255
    253 255 255 255 255 255 255 255 48 144 255 255 216 255 101 55 98 255
    40 255 255 75 84 95 255 255 255 152 255 255 255 255 0 67 118 255 255
    255 255 28 221 255 196 50 255 81 255 42 255 199 77 160 62 0 200 255
    255 139 160 255 22 255 255 255 255 226 166 2 255 255 168 81 255 132
    255 234 241 89 255 138 255 255 255 54 83 255 255 123 150 250 89 86
    255 255 170 255 95 255 60 255 28 255 255 255 14 255 255 255 111 255
    77 255 12 30 91 255 250 69 90 255 255 255 255 30 255 255 255 255 255
    137 26 255 34 38 255 141 56 244 255 225 255 230 255 255 8 255 230
    255 188 255 255 235 147 28 255 234 109 92 85 4 152 255 34 253 255
    103 14 255 255 60 157 255 255 115 255 255 255 255 255 255 255 255
    255 218 140 255 255 255 255 238 225 111 255 255 93 238 255 169 255
    194 165 255 225 83 184 219 60 230 255 255 255 239 255 198 255 255
    176 68 73 255 30 255 51 255 255 81 255 255 36 255 6 34 255 169 255
    40 109 174 255 255 180 255 97 255 255 255 111 245 248 255 168 212 59
    52 175 255 255 255 12 249 91 255 60 48 162 255 200 144 249 187 99
    168 236 184 255 89 51 255 255 255 217 232 255 82 163 255 194 255 255
    86 255 251 255 50 255 32 255 255 34 255 115 255 255 245 255 62 26
    255 147 95 128 255 255 255 255 255 219 255 143 54 238 255 225 255 59
    221 255 255 255 97 164 122 255 255 184 255 180 255 255 255 140 255
    28 255 69 255 247 255 255 44 255 6 227 255 230 255 58 224 94 185 243
    255 44 255 255 255 22 255 187 46 255 24 218 92 107 170 255 26 255
    255 181 89 255 255 255 255 255 194 255 255 63 227 6 255 245 255 85
    255 255 218 255 255 121 22 250 255 255 255 255 255 238 46 255 255 91
    124 255 255 255 255 255 255 255 255 36 255 241 122 255 32 255 226
    255 62 255 42 102 255 10 168 255 255 255 255 255 199 255 255 255 22
    48 255 255 101 255 255 53 255 204 53 20 171 133 199 255 236 255 255
    255 255 255 111 255 255 255 255 183 226 50 26 55 255 255 172 106 255
    255 44 79 255 255 255 255 255 0 255 255 255 101 255 255 255 255 255
    69 74 255 255 114 255 255 255 190 236 233 4 255 255 12 255 213 246
    255 255 153 113 255 103 4 255 255 255 32 255 255 253 99 125 255 255
    226 22 255 255 116 81 160 102 214 255 255 224 255 211 255 255 130
    137 236 255 48 198 68 255 255 16 151 255 255 75 255 146 159 255 251
    20 168 255 157 146 255 113 255 255 255 255 86 133 139 255 255 255
    229 255 255 178 255 164 255 255 255 255 85 251 26 255 255 255 137
    255 98 255 249 211 255 184 255 255 105 255 255 255 255 111 247 136
    252 218 156 117 111 255 255 75 42 135 255 255 255 255 255 255 238
    241 212 190 255 242 255 255 79 95 255 255 247 255 255 255 255 255
    255 255 255 255 255 147 249 255 181 79 255 255 255 166 255 255 255
    255 178 255 255 255 255 48 196 255 54 143 255 58 255 255 190 255 255
    255 42 255 255 63 227 52 255 140 255 26 62 135 91 24 255 111 255 255
    99 160 255 255 255 58 10 6 224 146 255 255 255 255 222 24 255 255
    174 6 93 255 255 75 255 56 58 255 215 105 255 255 255 40 180 81 236
    197 255 12 255 62 255 174 255 63 255 20 22 156 46 255 76 255 117 255
    255 14 188 139 212 182 255 255 255 111 255 255 255 190 255 81 255 66
    255 8 255 101 255 227 255 255 255 255 125 255 255 103 255 36 255 178
    79 224 255 255 255 255 32 188 30 255 194 255 255 255 255 10 228 255
    255 255 255 255 255 142 169 255 255 125 133 255 204 255 255 255 255
    255 121 8 140 36 255 255 255 255 235 155 158 255 255 255 255 255 87
    223 255 255 166 255 133 255 151 255 199 255 255 255 200 255 64 16 63
    82 167 93 225 255 255 80 255 255 142 255 146 68 255 255 255 179 255
    100 22 99 255 255 186 74 2 255 255 157 0 255 22 255 255 58 255 255
    143 222 48 99 255 184 255 255 215 99 255 255 161 255 38 200 196 201
    173 218 255 46 255 255 129 255 255 255 196 118 20 176 255 255 208
    231 155 48 118 216 255 255 255 26 255 248 234 124 4 255 14 238 36 22
    255 255 50 141 121 255 255 255 4 40 48 78 77 255 255 117 255 255 255
    255 255 93 255 46 52 44 255 255 255 255 255 220 82 255 255 201 248
    255 255 48 255 255 177 255 108 0 176 255 255 255 255 255 123 164 255
    49 142 255 255 255 32 255 255 255 255 243 255 172 34 255 255 8 105
    255 255 220 150 255 255 156 255 230 255 152 135 255 255 255 255 82
    255 255 74 226 152 100 179 150 239 99 255 255 255 133 255 255 117
    255 255 117 201 255 255 255 255 255 255 103 174 24 255 148 72 16 186
    255 190 129 120 123 28 255 79 255 201 255 129 255 159 255 199 255 93
    255 202 164 128 141 73 174 161 255 122 218 34 255 255 79 255 255 255
    170 60 109 22 255 255 30 204 178 207 255 249 255 113 255 255 147 251
    92 255 10 48 224 198 36 255 79 192 87 210 32 103 36 154 255 247 178
    255 18 255 255 255 92 97 81 255 255 255 255 77 81 255 185 255 255
    255 232 221 255 255 255 18 113 255 226 255 24 255 143 255 255 176
    255 12 255 24 255 255 255 12 255 122 240 255 251 28 255 255 40 97
    255 137 255 209 137 255 6 255 224 255 255 255 164 255 200 255 10 255
    255 255 255 116 218 255 255 28 255 255 255 255 255 4 87 255 113 53 0
    149 91 255 255 255 255 255 22 255 255 109 255 236 26 255 248 255 104
    73 255 255 246 255 146 255 121 158 255 255 255 255 255 255 250 127
    255 255 255 255 127 255 255 222 255 255 255 255 184 255 255 128 255
    255 112 58 107 255 218 6 30 255 255 255 255 255 72 109 226 36 163
    121 255 255 255 255 255 143 255 255 255 114 141 255 255 36 255 251
    255 146 98 255 224 255 147 255 154 255 255 255 255 255 144 238 65
    255 62 255 255 255 24 64 181 36 255 91 10 255 151 255 255 171 255
    255 190 243 56 255 184 192 46 251 132 255 119 221 255 255 255 255
    255 255 85 93 52 54 255 255 255 26 255 255 255 128 155 12 255 255 49
    201 255 137 247 155 6 255 113 255 255 212 255 255 218 137 209 255
    255 255 255 105 255 2 107 255 14 255 255 183 111 255 255 236 60 255
    210 142 22 115 225 255 194 255 255 255 235 255 255 255 255 222 194
    255 218 221 2 180 174 141 87 180 255 156 255 255 150 78 169 255 66
    155 141 255 255 59 255 255 42 28 42 255 166 234 255 255 206 249 255
    255 69 122 255 255 225 8 255 16 242 255 255 181 255 156 255 77 34
    255 255 255 173 255 178 255 210 255 46 255 154 0 255 80 123 255 255
    206 22 255 255 255 255 99 48 255 255 255 152 255 115 255 255 255 197
    255 0 132 32 255 255 75 255 255 143 224 38 255 255 241 206 182 255
    54 255 48 255 255 255 255 255 241 255 255 188 255 85 26 255 255 255
    54 160 255 157 162 211 255 95 255 246 255 120 216 255 255 190 162
    126 218 255 186 255 255 114 255 255 255 255 255 251 103 255 255 234
    152 255 216 236 50 255 255 154 103 46 255 255 255 255 95 63 60 255
    255 255 190 255 6 255 226 255 255 125 10 255 105 255 194 0 48 255
    255 255 255 255 154 255 216 255 255 255 170 73 190 255 255 255 255
    255 129 255 255 61 255 105 255 255 255 255 255 111 255 255 255 255
    235 250 255 255 119 42 255 255 0 255 20 93 255 198 255 247 159 61
    162 238 255 92 255 255 94 185 220 255 240 255 255 255 8 140 24 255
    255 175 255 255 255 180 217 171 255 94 255 255 219 255 255 38 255
    255 255 32 255 255 250 255 88 67 255 201 255 255 255 157 255 92 18
    255 255 149 48 255 185 8 148 196 255 255 129 192 229 48 255 114 28
    255 70 252 22 201 111 255 184 255 255 255 255 53 255 255 18 255 255
    79 74 255 255 118 255 55 78 255 81 207 255 255 154 255 131 255 255
    255 255 255 255 231 97 174 54 255 255 52 190 255 255 18 255 76 32
    190 64 179 255 199 255 144 56 255 32 255 75 255 255 255 24 180 6 158
    178 255 255 255 252 10 32 109 255 32 255 255 34 255 228 122 255 42
    144 255 255 255 255 48 32 255 255 48 255 255 255 121 255 255 212 101
    255 2 255 255 115 146 50 255 200 255 252 255 148 187 255 255 255 255
    255 0 255 255 255 36 255 58 150 140 105 255 255 91 255 72 117 222
    142 248 55 231 28 196 44 28 255 192 129 255 38 255 255 207 255 255
    255 4 255 201 255 190 78 255 255 255 81 255 138 255 255 116 52 255
    186 129 255 188 255 200 255 255 40 255 117 255 255 255 57 255 77 255
    14 255 200 122 255 255 0 183 65 255 85 255 62 252 230 255 224 53 205
    198 255 255 255 238 8 26 137 255 248 255 255 139 255 255 255 139 255
    255 158 255 198 255 255 151 255 255 246 255 54 255 34 28 255 255 10
    255 255 54 240 26 134 194 75 255 255 196 138 250 243 180 232 79 255
    46 139 42 255 255 223 216 46 255 75 178 255 214 75 36 129 255 176 12
    81 255 255 234 164 255 220 60 255 226 116 198 125 255 255 170 255 44
    255 255 255 255 62 255 146 132 255 255 255 16 255 255 143 87 215 255
    255 255 255 214 4 210 255 255 24 255 186 255 255 92 255 67 100 129
    125 68 232 255 30 85 251 255 255 255 122 73 255 255 255 255 255 255
    174 164 190 255 24 131 22 148 79 255 217 255 255 188 192 6 255 40
    255 255 147 255 211 155 16 90 151 255 255 171 196 211 255 255 22 222
    40 34 212 255 50 6 174 44 192 255 96 255 8 255 149 182 194 254 156
    255 185 255 176 77 255 190 133 255 255 99 236 255 255 255 255 255
    255 255 255 255 255 255 255 255 255 255 255 206 255 255 224 255 255
    255 65 255 255 255 138 26 99 42 196 255 76 67 83 255 255 255 172 255
    255 74 255 255 122 65 168 148 255 255 32 220 255 255 255 83 255 131
    255 255 167 204 152 255 125 255 255 255 166 200 255 120 255 32 255
    255 255 255 255 255 255 255 28 74 255 166 255 255 255 8 87 42 255 16
    214 215 4 255 229 28 255 255 22 255 178 167 255 255 46 255 50 198
    125 223 255 28 58 18 255 243 194 249 255 65 255 255 105 255 245 254
    208 54 255 255 22 255 57 172 97 194 255 255 255 255 101 255 255 109
    255 16 255 255 255 101 255 255 255 255 255 18 236 2 255 4 255 255 6
    80 20 228 201 62 24 255 255 111 255 255 255 255 255 255 80 255 127
    255 22 224 255 246 255 192 117 46 201 255 196 201 255 69 255 255 255
    100 255 255 108 40 255 60 255 255 255 155 230 249 91 255 162 147 8
    70 255 255 120 173 255 255 28 30 255 208 255 255 255 12 197 67 255
    255 255 255 106 2 24 255 255 255 36 255 170 255 81 255 255 255 10
    108 255 18 120 155 4 192 255 224 116 255 109 184 252 180 56 255 22
    255 255 255 199 255 255 255 255 214 38 255 255 255 255 160 207 255
    249 255 255 16 255 255 255 32 54 241 229 255 38 92 255 103 255 161
    255 128 255 170 62 255 129 46 240 255 233 255 255 255 222 255 122
    212 20 180 125 255 199 222 255 255 52 255 203 26 131 255 228 170 255
    121 117 142 0 18 120 46 113 192 255 255 255 255 255 84 151 255 30
    255 255 138 255 255 110 85 224 255 255 117 255 255 255 192 56 255
    255 255 255 255 129 255 140 32 156 116 111 255 253 255 255 92 89 255
    255 56 178 255 145 182 255 255 255 255 255 255 255 141 255 255 81
    255 255 196 115 219 119 160 255 255 255 255 99 34 255 198 255 207
    255 53 223 255 255 255 163 255 182 255 32 225 119 109 186 255 255 62
    99 178 255 255 255 255 255 255 255 32 18 255 255 121 255 46 255 255
    95 212 255 255 245 255 234 255 255 228 48 192 20 255 255 255 255 255
    255 135 144 255 255 227 54 14 233 224 255 255 236 255 140 255 255
    237 255 115 243 255 255 255 252 36 235 4 190 255 255 255 217 151 255
    255 77 255 164 194 255 186 12 255 18 147 255 255 28 255 255 22 255
    142 238 255 255 255 206 132 255 10 74 255 255 255 255 255 96 60 99
    255 97 255 20 28 255 255 14 182 255 255 255 40 255 119 255 212 255
    168 252 176 255 255 44 207 255 255 255 151 255 255 147 150 26 0 255
    255 255 59 120 22 200 255 165 255 255 28 121 255 220 200 255 255 117
    255 194 255 255 77 216 255 255 255 36 255 255 255 95 255 162 255 238
    255 30 255 243 85 255 255 192 255 255 255 255 132 30 125 255 87 91
    88 131 44 255 20 255 255 255 158 255 255 255 255 65 32 255 254 255
    255 190 97 255 99 255 255 255 16 130 255 255 46 34 164 64 153 71 170
    254 240 144 212 255 255 198 214 255 255 255 255 255 101 255 141 218
    154 143 255 197 255 224 152 255 255 223 117 240 211 137 59 255 255
    255 16 255 255 255 137 255 255 255 255 255 255 255 174 159 247 255 0
    255 219 255 255 247 255 255 255 255 255 255 255 255 60 95 247 255
    255 188 255 255 172 128 40 255 227 127 255 154 16 16 255 192 255 24
    133 255 255 54 255 84 145 232 255 255 32 184 255 194 255 255 255 255
    133 77 255 255 14 255 71 166 158 179 255 6 255 186 243 117 166 255
    255 32 190 131 123 72 248 255 255 255 240 80 255 255 255 255 255 255
    255 245 255 255 255 255 255 255 255 255 28 162 190 255 255 255 255
    237 255 255 255 60 198 74 255 4 98 255 255 148 167 119 255 99 255
    255 255 133 60 67 255 255 52 255 48 42 255 255 255 107 178 255 67
    223 255 255 211 255 255 20 101 255 255 75 214 255 48 255 255 165 255
    255 255 57 178 109 87 66 228 255 255 50 255 132 167 255 229 255 255
    255 255 152 194 115 42 134 151 178 180 109 255 255 255 97 255 234
    158 245 54 89 255 255 89 221 89 255 180 255 158 255 255 255 255 204
    117 130 255 0 124 255 255 40 255 164 124 255 150 255 255 255 255 8
    154 255 255 255 255 155 255 255 248 91 62 165 255 255 220 236 255
    107 255 255 255 255 38 255 255 243 255 255 80 204 182 255 255 255 98
    255 255 255 255 255 100 255 255 255 123 133 136 255 135 255 255 168
    255 220 44 255 58 71 255 255 255 255 194 172 243 255 184 233 255 63
    92 255 255 255 95 30 136 255 255 138 97 255 62 244 255 0 255 154 255
    8 255 178 255 255 108 255 150 148 255 255 255 255 202 194 255 255
    221 123 255 255 18 174 136 97 144 72 101 247 255 255 255 56 111 255
    255 255 196 92 255 255 255 173 255 237 255 255 255 255 255 130 73
    255 16 103 129 255 187 123 14 101 18 255 255 28 255 105 255 100 255
    255 255 255 32 86 206 255 144 255 255 255 119 240 255 255 20 243 40
    255 255 230 255 255 255 255 186 255 121 44 139 22 255 255 255 180
    222 133 231 101 255 50 255 22 126 18 255 255 255 168 255 255 255 106
    255 36 239 255 255 255 255 255 10 157 255 255 255 255 255 255 160
    255 255 255 255 38 2 199 255 255 0 255 131 239 83 226 255 198 8 207
    255 93 146 46 180 255 75 210 255 255 28 255 161 255 84 119 255 255
    255 139 146 255 255 12 185 255 255 6 255 62 220 255 182 255 255 48
    255 255 245 44 255 255 255 220 2 255 144 42 255 255 255 255 255 255
    38 255 255 255 36 255 167 255 255 54 26 211 107 198 20 8 28 62 36
    255 255 255 40 6 129 255 255 250 255 255 255 48 108 58 255 50 71 0
    255 255 61 255 255 255 138 16 255 56 77 255 255 255 121 0 240 255
    172 255 228 207 26 67 255 255 143 122 196 255 255 204 172 255 255
    255 255 121 255 255 255 255 154 198 255 255 255 67 255 255 2 255 85
    150 255 204 255 180 30 255 94 89 255 255 255 255 170 187 40 188 255
    32 255 255 255 255 255 255 251 10 87 38 36 255 42 255 137 255 169 67
    36 93 133 138 255 154 82 255 255 255 179 2 92 101 255 255 58 255 255
    151 255 188 255 255 70 255 255 255 255 48 52 218 206 255 255 255 112
    89 123 126 255 135 229 250 10 255 255 255 126 133 255 60 16 255 255
    99 65 235 255 123 255 255 103 160 238 18 255 255 255 16 40 77 126
    255 115 255 10 255 225 131 180 182 255 0 2 10 186 76 255 71 233 30
    166 136 105 255 227 254 61 255 255 69 255 255 192 255 79 255 100 255
    255 255 60 255 154 133 46 255 89 255 255 255 156 255 255 234 255 185
    255 255 255 255 215 255 20 22 255 255 255 129 255 255 226 184 255
    255 184 255 208 133 255 38 255 255 255 75 255 224 168 255 24 255 251
    255 255 255 123 129 255 255 253 255 52 255 255 167 144 255 52 255 96
    255 255 235 14 42 255 173 255 186 167 255 255 255 101 255 30 46 203
    73 255 231 255 188 112 255 51 209 255 206 255 54 255 253 255 46 255
    255 255 154 255 255 40 177 46 28 255 255 255 87 170 64 129 194 94
    255 206 36 255 255 255 255 255 203 255 240 118 234 178 255 131 255
    38 228 53 255 255 4 255 255 180 92 255 156 255 214 255 207 255 255
    255 255 28 255 255 30 255 129 255 253 255 255 255 248 255 120 242
    255 48 255 255 38 171 255 255 210 170 255 255 255 255 105 255 255
    255 4 239 255 255 255 255 255 114 255 255 255 255 255 255 24 210 255
    226 255 255 202 255 255 16 255 215 117 255 255 255 10 255 12 139 116
    255 255 251 254 178 68 183 255 102 200 255 255 255 255 255 230 38
    182 255 255 255 255 117 118 255 214 20 255 198 255 244 255 255 208
    131 84 236 255 255 79 255 255 255 255 255 93 255 255 198 255 227 255
    255 156 6 255 255 67 55 255 212 255 255 255 255 255 196 148 192 255
    73 118 143 255 255 85 255 255 169 255 255 194 255 255 255 255 255
    137 255 108 216 36 255 255 255 203 67 255 255 255 255 255 255 129
    255 18 22 28 255 83 160 177 255 199 62 89 213 151 255 255 255 255
    255 255 131 231 234 30 255 255 194 255 167 255 80 255 97 247 81 255
    182 177 255 58 255 139 158 255 97 255 2 255 162 255 255 192 255 255
    144 157 249 130 101 188 255 255 105 255 255 255 255 234 40 255 255
    212 255 255 119 205 58 65 255 255 107 255 255 255 255 192 255 255
    255 255 255 69 255 207 255 255 255 255 255 255 91 166 54 255 85 255
    50 255 26 127 228 74 151 182 110 255 255 255 255 255 255 121 255 104
    105 253 42 255 255 130 255 255 255 255 170 255 107 214 20 255 247
    142 255 255 10 255 216 209 255 255 255 24 204 255 255 85 255 255 255
    255 255 182 255 255 255 255 255 127 74 255 135 255 77 93 104 54 55
    255 190 113 70 42 255 255 38 255 255 133 46 255 198 255 255 255 154
    197 255 255 255 255 255 255 246 255 255 60 255 164 240 83 124 255
    255 20 147 111 255 255 255 201 238 119 36 255 255 255 30 255 40 119
    255 62 255 220 255 255 230 110 26 255 10 255 255 255 255 255 233 255
    255 8 255 255 128 255 214 255 194 255 22 255 117 192 255 255 26 28 6
    255 24 210 255 255 251 106 255 255 36 26 255 229 22 14 205 254 255
    56 255 109 211 145 99 255 52 255 255 171 178 255 52 49 255 255 255
    166 255 255 124 255 111 255 255 255 255 52 255 128 255 255 255 149
    12 255 4 245 142 255 113 255 255 51 255 52 255 255 34 255 255 218
    255 255 255 236 255 65 206 255 151 255 255 91 220 142 214 115 217
    232 255 255 89 255 56 255 255 229 109 143 186 73 255 120 255 4 255
    214 255 255 255 59 255 14 83 201 255 255 199 129 127 255 246 255 255
    255 148 116 255 160 102 20 192 255 255 255 255 190 255 255 255 79
    255 255 255 80 255 42 32 6 18 162 255 59 255 255 83 239 255 131 255
    181 255 255 242 192 255 208 105 223 6 220 66 255 255 255 255 71 138
    153 255 255 54 12 148 60 59 255 137 81 12 255 87 8 246 91 255 22 255
    110 255 12 247 255 255 255 255 255 255 255 255 247 255 146 255 6 255
    255 255 255 42 179 255 255 8 255 76 181 243 10 16 255 229 252 61 255
    255 255 144 75 91 255 155 129 255 255 255 255 87 198 255 52 59 134
    255 255 255 115 234 255 255 135 255 255 255 140 255 83 78 255 255 54
    143 255 255 2 255 255 255 20 174 255 150 249 255 255 255 202 255 92
    81 255 255 255 255 124 4 4 255 113 255 255 255 57 255 254 255 255
    255 255 255 87 255 0 167 113 255 255 255 255 46 57 227 255 135 18
    226 196 255 255 255 140 255 255 116 255 249 255 18 255 255 255 103
    255 24 198 199 71 255 231 187 255 255 255 46 72 255 255 255 255 255
    255 255 121 255 228 255 255 73 255 92 42 255 26 224 255 255 255 255
    190 255 83 255 97 255 44 246 255 255 255 105 255 131 89 180 192 192
    38 226 152 255 121 105 239 218 253 225 255 127 255 119 48 255 255
    255 255 255 156 0 22 255 255 109 255 255 208 255 255 255 255 255 255
    176 112 255 28 255 255 150 255 232 176 255 255 255 174 255 255 255
    255 32 255 255 255 255 111 255 255 255 255 40 153 81 237 255 255 255
    255 255 108 69 55 249 255 255 255 65 125 255 255 255 30 28 226 134
    101 255 124 185 255 164 129 16 255 255 113 16 255 255 209 255 255
    180 99 176 255 212 255 255 192 103 255 222 245 255 117 255 64 255
    255 255 71 55 255 255 255 190 255 55 32 210 156 255 81 111 180 255
    255 255 255 218 176 147 69 255 54 240 0 159 255 12 14 255 249 244
    154 255 255 255 178 143 255 255 222 255 44 255 202 255 255 148 138
    255 188 255 255 10 58 255 255 227 255 146 118 101 36 190 32 194 255
    255 255 94 208 36 255 210 146 255 105 40 255 255 255 251 255 30 255
    255 117 255 255 255 14 48 0 255 173 107 225 107 18 255 255 255 142
    175 158 255 56 196 255 255 255 6 123 24 255 77 172 255 255 255 255
    255 255 70 222 194 34 255 255 92 255 255 255 255 51 10 255 255 255
    165 212 86 255 255 201 255 255 94 155 166 255 6 49 194 185 255 182
    255 26 255 77 255 255 255 255 255 200 194 255 246 158 116 50 255 104
    69 184 162 206 77 188 255 255 180 255 46 205 255 255 243 255 255 78
    113 255 32 46 143 255 153 255 255 179 224 255 169 77 255 255 8 255
    157 255 255 153 255 255 255 131 52 157 255 209 255 129 74 255 182 36
    167 255 255 103 81 102 255 255 213 255 190 255 255 255 255 255 170
    255 255 255 209 255 255 255 255 133 255 204 255 255 254 160 251 255
    186 215 62 255 100 255 42 255 99 113 235 103 176 201 167 228 255 255
    255 255 255 255 255 255 255 255 73 255 168 255 44 108 255 214 255
    255 168 255 157 255 255 145 255 255 255 44 255 141 255 255 97 255 12
    169 255 255 255 255 237 255 255 92 255 117 60 6 238 251 255 28 24
    190 135 0 255 238 86 141 255 255 101 255 255 62 204 255 214 255 255
    0 255 162 169 255 110 255 255 118 255 160 46 255 162 255 16 255 12
    254 255 56 115 230 255 255 220 255 255 255 88 202 255 98 167 135 255
    155 255 255 75 139 255 255 170 128 28 77 255 255 255 16 190 255 237
    32 232 255 139 255 255 255 255 255 22 32 82 255 255 38 255 255 237
    255 71 158 255 255 255 10 255 249 97 146 158 255 255 110 175 255 170
    44 255 255 255 87 255 255 255 239 255 228 114 18 139 255 252 0 255
    38 63 255 255 255 255 255 255 12 218 255 44 255 255 255 242 255 36
    151 255 255 234 123 24 137 255 215 255 255 98 255 255 209 255 255 76
    255 255 16 255 77 255 91 255 255 244 255 255 38 178 68 71 198 255 81
    255 108 133 255 178 255 10 255 255 255 138 255 216 108 183 255 255
    208 255 38 129 14 255 250 255 239 242 255 255 18 113 255 204 238 255
    183 255 255 210 255 255 131 255 203 38 255 90 255 255 255 69 255 255
    255 255 255 255 73 255 255 255 255 147 255 255 125 216 24 255 111
    164 10 255 255 255 253 255 234 206 255 255 255 211 93 158 255 255 99
    80 185 255 223 255 255 44 175 40 160 169 38 255 255 255 255 179 202
    255 255 234 255 255 255 255 255 255 80 36 234 255 255 255 255 255
    255 255 115 255 174 255 230 255 187 36 144 255 222 255 34 85 0 255
    255 90 255 255 164 255 190 255 255 212 255 246 255 255 255 255 154
    155 125 223 79 162 255 113 14 82 255 255 170 255 32 255 255 255 255
    26 255 174 255 4 44 255 255 255 81 172 243 177 255 72 163 101 172
    121 206 255 255 255 168 255 255 255 255 67 221 255 255 18 255 255
    255 157 255 52 165 255 176 255 255 28 157 115 116 255 255 78 210 255
    255 65 255 211 56 168 2 255 97 112 224 51 192 255 85 255 255 69 182
    208 255 138 155 255 255 255 202 44 255 228 255 163 255 255 4 255 82
    255 255 255 255 247 249 139 255 255 192 160 112 32 255 74 255 10 255
    115 255 180 255 255 255 123 255 70 200 10 255 236 255 205 115 40 255
    62 113 229 185 255 140 212 178 255 30 249 205 226 168 255 255 170 76
    95 113 182 8 46 255 216 99 221 255 202 52 38 129 108 123 42 255 255
    255 255 255 146 255 248 182 255 20 255 255 119 251 255 255 65 184
    255 143 92 255 255 255 255 10 18 255 255 255 255 255 255 240 194 144
    255 119 255 117 113 76 255 253 255 192 255 186 255 121 255 145 255
    255 255 255 92 0 255 233 22 212 158 2 255 190 149 103 255 255 146
    253 101 14 34 255 255 247 113 75 255 255 81 255 212 255 144 145 255
    255 0 34 255 105 255 4 255 255 255 32 214 255 113 255 255 135 190
    255 32 188 108 77 204 255 4 32 144 255 26 255 161 59 255 255 137 42
    119 255 20 255 255 176 255 26 255 121 61 243 255 234 255 255 245 255
    52 178 255 255 255 140 255 119 255 153 55 237 24 146 255 255 117 98
    255 160 255 255 255 34 131 117 62 12 255 255 234 255 68 26 141 255
    255 57 219 77 119 255 255 255 255 255 255 86 236 255 78 255 255 241
    220 55 255 246 85 144 255 255 255 255 255 211 255 131 255 255 255
    255 255 220 255 255 255 203 121 255 255 255 255 164 210 247 255 12
    253 152 22 26 134 77 4 255 255 255 8 255 228 255 255 255 255 137 16
    255 255 2 144 255 141 56 83 67 128 255 53 255 117 156 255 255 36 255
    28 255 255 202 186 48 255 255 6 255 89 255 255 255 255 255 255 2 255
    162 72 255 255 46 255 255 255 255 255 12 255 255 255 255 79 247 255
    255 82 255 156 255 190 255 98 224 255 106 147 119 255 127 158 239
    255 38 26 143 255 255 0 255 223 255 255 255 204 255 255 216 247 190
    119 255 54 50 137 20 147 255 255 73 77 255 222 137 255 60 255 255
    216 113 255 255 255 255 28 255 40 103 255 231 255 255 255 255 255
    146 32 255 162 255 162 255 255 137 255 255 127 38 255 249 84 255 255
    251 125 255 30 255 255 217 255 170 98 255 255 255 255 255 229 255 44
    42 81 255 255 234 255 255 255 99 46 0 255 255 169 255 54 244 156 235
    111 117 108 58 210 255 159 208 78 255 255 255 165 255 255 255 109
    255 255 40 32 255 255 255 153 200 24 183 222 225 250 255 255 131 99
    148 24 154 205 56 137 255 40 255 239 151 150 255 255 255 225 58 172
    122 12 255 255 255 255 112 255 255 98 255 63 255 163 255 255 255 12
    18 83 255 122 255 89 255 255 148 255 255 226 255 28 180 237 248 255
    255 255 232 180 255 255 255 255 12 255 255 186 255 210 154 128 255
    255 56 220 222 62 255 83 255 255 255 255 210 57 16 232 245 12 0 117
    255 255 255 241 224 255 255 255 241 255 244 255 255 255 255 84 255
    57 255 177 255 2 255 255 62 255 12 255 255 255 255 255 255 255 255
    63 86 255 182 138 240 255 255 103 69 235 135 255 197 119 255 28 255
    101 186 16 57 142 167 255 170 181 0 255 255 28 255 255 212 255 232
    255 98 12 255 253 255 255 255 24 255 154 255 255 190 255 255 255 216
    34 255 226 255 255 42 255 84 28 255 186 255 255 231 255 24 120 255
    139 255 232 253 255 255 204 18 255 139 255 159 255 255 255 255 255
    250 255 255 255 255 134 167 255 255 206 255 249 246 255 255 208 255
    150 87 48 134 119 105 255 117 77 255 255 160 255 255 93 255 52 180
    102 255 255 255 255 255 255 255 255 231 48 150 56 151 255 255 255
    146 231 48 228 158 54 255 255 163 255 255 255 75 255 255 255 255 255
    255 255 255 85 255 107 255 6 255 36 184 242 255 255 255 255 255 20
    255 136 255 255 126 87 57 255 250 44 203 97 182 255 255 255 255 255
    55 255 214 101 255 255 115 255 255 113 68 206 247 255 255 123 255
    255 255 255 255 255 68 255 226 134 196 255 231 255 255 255 255 255
    255 255 255 48 77 255 255 255 255 255 255 170 255 26 202 255 200 154
    42 255 255 122 255 188 201 143 255 255 62 255 255 255 6 12 255 144
    162 255 255 235 238 255 178 111 168 255 255 255 255 30 202 255 255
    255 255 123 255 30 204 178 255 44 255 90 208 255 194 255 255 40 255
    30 86 255 255 255 14 255 225 228 101 255 255 255 255 255 113 126 185
    255 50 62 255 255 255 255 255 109 202 219 65 2 255 255 255 255 255
    255 255 255 6 6 255 255 2 52 255 60 210 255 255 255 125 255 135 255
    108 65 255 255 6 255 203 255 186 255 255 238 255 113 38 231 255 255
    184 255 245 255 255 49 241 255 255 156 255 255 255 206 65 255 255
    196 229 255 255 10 255 232 255 73 255 20 255 200 88 255 255 255 255
    210 211 95 255 24 255 255 255 255 40 255 255 255 255 54 182 255 255
    14 42 67 255 42 255 255 255 89 255 255 255 255 255 255 255 110 255
    247 154 255 255 255 69 255 255 242 172 255 255 255 26 255 69 255 234
    255 245 255 255 255 255 206 255 255 255 255 255 150 72 255 4 255 255
    46 12 255 255 142 187 255 255 77 117 255 234 204 255 255 230 255 255
    131 219 255 196 255 226 255 255 255 255 255 183 255 255 85 79 136
    255 24 22 133 255 197 255 255 223 113 12 86 125 240 255 93 137 201
    48 255 221 255 255 255 210 255 255 255 255 255 28 255 241 255 255 48
    246 255 255 14 85 134 20 255 2 255 186 255 255 46 160 224 216 92 202
    255 24 60 255 255 185 220 255 238 255 76 222 255 255 255 255 255 194
    255 239 107 255 255 255 158 205 255 184 160 255 255 255 255 14 32 12
    255 136 255 210 255 255 255 255 255 77 255 6 143 255 210 77 186 183
    255 124 105 255 72 255 198 255 255 255 255 81 255 255 73 16 255 165
    0 255 255 255 255 255 255 255 255 255 255 105 255 255 255 255 255
    183 255 255 255 139 255 177 204 255 255 255 108 173 255 215 255 164
    255 62 255 255 22 255 46 85 238 255 255 255 255 255 117 207 4 135
    255 129 49 255 77 150 255 255 83 207 255 255 160 255 216 102 255 255
    255 255 255 255 255 164 10 255 220 255 97 255 255 52 222 70 255 255
    32 181 255 255 255 255 255 155 247 52 255 8 255 34 127 255 71 255
    255 67 255 62 71 255 255 204 255 98 255 202 140 135 255 255 255 255
    255 255 113 150 36 255 255 22 255 255 194 255 255 54 255 255 131 232
    255 155 255 78 255 255 194 161 61 211 135 59 251 255 255 233 8 218
    60 206 255 213 20 75 247 56 255 40 255 95 255 91 220 92 255 172 34
    255 48 118 255 255 174 255 115 255 255 14 255 255 251 128 255 89 14
    255 133 192 234 146 128 255 224 186 103 255 255 40 255 116 204 255
    78 255 255 255 131 220 2 0 123 70 255 236 255 255 255 74 214 255 255
    48 87 255 228 255 255 175 255 184 255 255 255 255 255 255 192 89 249
    255 255 255 127 255 100 255 99 255 157 255 80 255 249 255 242 172 88
    255 107 84 14 245 219 255 32 34 255 184 255 93 255 255 255 83 110
    101 91 140 34 123 74 210 255 64 255 241 255 67 255 255 255 255 255
    16 255 184 255 222 86 255 119 255 145 224 6 255 255 255 54 160 110
    255 26 255 255 81 255 255 255 0 255 255 160 255 255 116 255 255 255
    255 255 255 255 255 180 42 36 255 255 255 255 242 255 98 147 255 80
    255 255 255 255 214 255 255 255 70 171 249 255 153 255 255 111 255
    46 255 109 102 121 4 255 255 228 255 175 38 110 52 255 255 169 67
    255 255 255 60 224 188 255 255 255 255 255 255 104 62 152 90 67 40
    255 246 12 245 234 166 120 240 131 255 255 255 188 255 46 255 161
    158 255 103 204 42 255 255 255 60 255 255 236 255 124 79 255 255 255
    255 90 255 255 255 119 255 255 255 190 255 255 255 255 62 255 255 30
    255 86 255 255 255 255 190 211 236 141 2 255 182 255 255 255 255 125
    241 255 255 240 255 93 255 182 69 255 235 56 103 255 210 176 255 38
    184 255 42 71 255 255 255 255 131 36 199 255 255 255 65 190 16 255
    65 255 255 144 225 52 255 241 255 255 176 255 119 255 255 38 255 135
    16 255 255 255 255 255 255 255 255 255 255 34 170 116 255 144 247
    255 255 255 255 143 237 190 255 255 255 255 94 255 255 172 255 6 176
    58 255 255 255 79 255 149 53 102 255 127 241 255 255 255 167 141 255
    187 26 60 123 255 245 71 32 255 141 255 255 115 123 255 4 255 255
    117 255 255 255 139 255 255 20 247 255 255 66 255 238 102 196 55 255
    255 14 80 167 42 255 255 255 100 255 255 255 143 53 44 167 18 255
    255 119 186 255 190 255 255 174 255 255 216 164 28 75 235 255 255
    255 255 85 247 255 12 255 77 255 255 255 2 255 248 255 255 155 255
    255 169 85 92 255 200 52 165 255 249 157 255 255 255 255 255 109 198
    255 212 85 219 255 255 88 204 255 255 255 255 255 255 222 255 228
    180 255 255 255 255 255 238 114 255 230 255 161 24 255 255 182 255
    119 20 255 255 255 255 255 255 168 226 206 14 226 255 172 255 255
    255 255 255 255 145 255 255 255 253 255 255 255 247 145 255 142 255
    85 255 10 220 255 255 255 231 255 255 255 255 91 128 101 234 106 255
    65 8 175 22 72 123 255 255 107 210 36 79 49 247 214 6 255 255 255
    255 255 255 255 255 255 255 255 113 130 42 255 32 255 10 255 255 255
    34 196 255 255 255 255 50 226 255 68 89 103 122 255 117 255 255 255
    8 10 255 255 244 59 255 181 255 42 137 228 207 255 255 68 254 255
    255 14 2 255 255 127 255 255 255 255 255 55 255 69 91 255 255 150
    255 255 115 72 255 164 255 255 255 2 135 255 209 52 255 225 255 234
    162 101 255 82 255 255 255 255 216 255 255 2 255 93 111 255 255 255
    255 60 160 24 22 85 255 255 255 255 255 200 255 125 196 255 67 255
    255 255 255 255 93 206 130 133 212 40 255 255 255 255 255 118 111
    255 255 65 255 253 24 48 255 255 255 28 177 255 255 0 117 8 113 160
    251 255 255 16 97 253 255 255 30 197 56 255 251 255 143 255 246 255
    54 255 255 225 255 81 146 255 55 172 255 255 255 255 186 255 230 255
    255 255 255 255 255 131 110 93 255 255 135 247 184 255 255 255 255
    83 229 83 184 255 26 24 76 255 255 255 111 34 255 0 69 201 255 216
    197 46 255 255 167 255 255 4 255 233 252 224 194 255 255 255 255 216
    94 255 206 84 255 192 245 131 89 203 40 251 52 65 249 255 109 255
    255 133 255 255 255 67 255 8 255 255 137 255 4 255 249 255 224 255
    76 255 255 0 255 255 255 111 255 199 127 255 26 123 26 255 255 255
    255 255 255 255 103 121 168 212 247 12 255 255 255 143 255 229 255
    255 192 145 162 126 255 255 255 26 255 255 105 255 255 145 255 36
    222 255 118 218 10 215 255 255 255 255 255 255 141 255 255 255 255
    160 255 232 158 255 125 255 242 241 24 255 232 211 255 255 14 255
    255 42 255 255 110 255 0 50 255 255 255 244 178 255 73 255 249 255
    10 192 254 20 62 246 162 255 202 255 128 255 255 28 255 255 56 255
    184 255 255 107 110 131 255 255 255 135 255 255 255 184 255 198 255
    24 234 255 255 255 255 157 255 34 198 255 255 255 127 40 73 255 255
    123 190 2 30 182 6 255 220 255 255 184 225 240 255 4 28 51 88 255
    123 180 255 156 255 165 255 255 255 97 255 42 255 233 244 255 112
    255 255 138 69 255 255 255 255 255 255 97 219 255 255 255 255 255
    213 255 255 8 255 255 255 101 255 237 255 255 44 255 36 255 255 255
    255 255 255 255 255 206 102 255 0 255 115 243 219 145 255 150 255
    255 255 159 10 132 255 255 255 22 255 255 54 255 174 226 204 255 135
    127 172 30 232 72 255 255 255 10 255 255 232 99 90 185 241 78 67 255
    217 169 255 255 75 20 255 12 255 80 115 14 255 255 36 255 255 255
    201 255 89 30 255 255 40 255 255 255 255 255 152 214 255 227 255 247
    255 28 83 76 20 8 239 194 255 110 255 255 166 224 255 255 255 255 12
    36 255 134 50 184 192 95 255 215 255 253 54 181 255 255 255 255 255
    255 164 255 24 255 8 56 255 62 71 255 255 22 255 28 255 117 255 54
    255 148 255 241 255 151 16 144 255 121 255 65 121 142 255 255 255 24
    255 192 255 12 255 255 36 255 111 255 98 139 255 122 226 255 170 255
    255 172 255 255 42 255 255 144 255 174 84 255 255 255 255 255 255
    255 176 38 250 255 160 255 190 255 42 174 255 147 255 255 14 34 12
    14 241 192 255 150 243 255 222 44 91 101 255 242 49 2 52 101 255 194
    247 255 75 36 207 255 255 255 255 186 251 255 107 255 149 238 86 0
    245 255 109 255 70 255 255 255 255 241 132 255 8 104 119 255 84 115
    216 112 151 255 255 255 8 255 255 255 94 50 85 255 171 255 251 255
    194 84 79 202 60 255 255 255 200 255 118 123 255 255 255 10 122 255
    208 199 24 255 116 255 255 164 255 255 154 228 144 12 71 220 140 255
    255 255 226 61 255 117 176 58 149 255 255 255 255 102 255 127 255
    255 255 255 255 125 255 255 40 255 255 154 90 255 59 8 255 40 255
    255 49 255 255 255 255 89 255 255 255 32 98 255 255 255 255 255 255
    255 255 255 255 255 102 255 2 94 255 255 255 255 255 243 255 99 122
    255 202 58 255 131 255 255 255 249 255 164 255 56 255 72 255 188 197
    255 255 255 255 91 255 255 172 34 255 154 24 255 208 255 255 255 241
    255 255 255 255 28 255 52 255 231 18 255 174 48 253 255 255 200 132
    187 255 255 255 255 174 255 255 255 255 255 255 147 255 255 255 255
    241 175 105 255 165 255 2 255 255 124 255 255 134 255 255 96 255 137
    255 79 255 146 69 97 255 101 71 199 204 103 255 255 101 255 99 255
    255 212 238 255 34 95 66 145 251 134 255 255 255 255 2 255 185 202
    255 255 255 255 255 255 255 83 218 66 255 255 223 103 255 70 192 243
    235 206 141 255 255 255 255 255 230 255 192 95 255 255 230 255 105
    141 72 165 255 255 255 255 78 255 198 176 157 255 180 255 255 160
    255 174 22 48 255 82 173 255 92 220 91 213 255 103 255 87 143 255
    255 255 146 79 255 255 129 121 24 255 255 2 50 255 255 79 14 104 255
    99 255 255 131 255 255 255 255 255 127 100 255 255 192 255 255 58
    255 255 44 153 255 255 255 123 255 52 255 217 255 255 12 159 255 255
    111 26 255 234 180 255 165 71 68 255 188 255 155 255 255 113 255 255
    255 255 255 255 255 255 255 190 237 218 255 255 255 28 255 255 255
    255 255 105 98 255 255 255 95 255 32 255 255 255 54 255 255 255 255
    162 173 255 255 255 160 10 255 255 255 255 255 134 255 202 255 255
    238 255 255 26 64 255 166 235 91 182 255 16 156 4 255 255 132 48 255
    255 255 170 255 255 255 36 255 255 62 255 28 255 91 255 84 255 105
    255 81 255 213 32 255 162 129 194 255 56 255 98 255 255 120 255 255
    255 123 255 255 208 255 60 36 255 205 255 255 98 255 255 54 255 164
    38 200 255 255 255 255 239 255 249 255 255 255 255 56 85 148 115 255
    255 255 168 255 255 255 255 204 255 255 135 160 255 187 117 203 255
    210 255 255 255 255 255 202 255 244 255 70 255 255 255 255 36 255
    252 255 255 255 255 156 181 255 104 255 255 255 255 255 148 255 255
    255 255 202 60 208 255 255 255 2 227 255 131 255 77 255 110 250 255
    255 255 255 255 165 255 223 255 194 40 32 255 68 71 243 247 255 49
    176 255 255 255 255 247 255 175 255 217 255 255 255 255 16 231 204
    255 255 192 59 102 255 255 255 255 30 255 255 241 255 255 255 255 91
    77 142 179 174 80 255 255 225 255 107 178 97 255 255 255 69 255 58
    255 255 255 232 255 255 255 255 255 255 255 255 170 192 65 79 255
    109 255 255 255 255 255 255 160 255 255 101 134 255 255 160 255 255
    130 252 255 227 73 255 86 46 137 255 255 255 255 236 137 182 10 73
    255 255 255 136 22 214 255 255 255 255 255 255 50 255 255 20 255 214
    213 255 123 114 255 255 255 255 146 146 255 255 32 46 255 255 255
    255 255 109 164 134 226 255 255 255 255 172 255 255 16 255 79 106
    226 49 134 4 255 255 255 255 255 255 255 255 230 255 22 255 49 255
    123 255 255 255 63 64 255 255 32 137 69 217 111 46 82 22 255 58 255
    255 255 143 255 255 75 255 255 12 255 255 255 255 122 101 236 255
    255 255 255 255 10 255 135 255 255 145 255 229 248 255 255 255 49
    255 255 255 255 107 255 255 58 218 255 50 255 126 69 255 40 255 115
    172 147 135 98 214 133 178 255 24 255 214 69 209 255 40 255 167 255
    255 89 255 68 255 255 253 153 131 255 255 255 255 255 255 148 30 0
    136 216 34 255 255 158 255 250 255 255 255 28 241 34 158 132 131 12
    255 81 255 186 145 164 174 255 107 255 161 255 106 32 101 255 255
    137 253 255 232 22 255 255 255 115 46 255 99 18 209 255 255 255 83
    255 255 159 255 70 123 61 205 255 89 168 255 255 255 103 8 126 255
    141 60 255 255 237 123 255 255 255 2 146 44 255 144 12 160 172 10 40
    255 255 255 255 255 255 74 147 172 255 255 255 255 87 103 255 255
    255 184 255 200 233 173 255 255 220 73 255 67 255 255 22 46 138 40
    255 229 255 202 255 91 255 148 149 255 255 30 255 44 36 255 128 255
    255 28 210 113 180 255 255 44 255 255 34 236 255 255 226 255 188 255
    63 249 230 255 255 255 255 205 200 255 255 255 30 255 255 255 255
    255 255 247 220 71 255 255 85 245 255 28 128 255 255 104 173 255 249
    210 255 20 24 4 255 163 255 255 255 255 201 255 255 227 255 255 255
    255 135 255 255 255 255 255 255 78 255 208 24 255 255 233 255 255
    118 255 95 184 255 253 255 115 255 255 255 127 8 255 75 255 255 137
    255 255 255 255 141 123 255 255 220 255 255 255 255 255 230 255 101
    245 255 255 255 148 228 255 203 255 89 255 255 255 201 255 101 255
    255 240 255 65 255 255 121 111 255 255 107 255 255 182 66 183 127
    255 222 228 255 255 255 255 254 255 108 255 255 26 255 101 8 107 255
    255 255 28 255 93 170 255 165 255 106 244 255 201 255 255 255 8 255
    255 147 255 255 255 255 255 167 6 68 28 255 253 145 255 186 255 255
    18 240 255 30 202 255 255 157 46 255 97 255 255 255 137 255 181 139
    201 255 255 136 107 178 34 255 255 56 196 51 255 255 28 42 255 93
    235 69 255 255 18 220 94 18 249 255 255 255 255 153 164 197 255 255
    255 255 224 255 48 32 255 200 188 56 255 255 66 125 85 255 255 255
    120 255 162 255 255 63 192 255 255 255 141 255 42 24 99 22 255 255 2
    255 255 255 48 91 156 255 255 255 173 77 124 153 101 255 255 255 190
    56 113 255 125 166 255 255 241 160 91 123 219 105 255 255 220 249
    255 149 196 255 129 255 255 113 255 255 157 166 255 255 255 255 255
    255 98 255 150 168 255 77 255 255 65 62 129 255 255 255 255 138 255
    255 201 139 255 190 255 255 255 255 69 255 85 255 199 255 18 138 255
    255 78 255 255 146 0 220 90 171 255 255 200 249 205 206 255 166 14
    200 158 255 127 72 32 255 255 171 255 255 255 255 134 200 255 255 44
    14 255 71 28 255 255 255 255 255 255 128 196 200 92 242 255 255 255
    255 255 255 119 8 153 48 94 131 255 74 24 192 36 255 255 152 12 77
    205 255 192 96 255 77 217 255 255 255 93 2 255 6 251 34 165 154 255
    255 255 74 246 139 255 255 87 255 255 220 116 246 176 114 141 148
    100 255 176 255 255 162 239 255 210 255 255 255 194 212 255 211 12
    148 255 26 51 8 208 73 114 232 255 255 10 255 54 103 137 255 71 255
    239 4 141 14 255 93 255 255 255 10 255 194 132 36 186 82 255 36 255
    255 255 84 255 53 255 255 190 255 143 255 251 255 101 70 255 99 255
    255 206 174 115 255 205 255 255 213 139 255 255 255 255 255 175 91
    243 255 253 255 34 75 245 255 99 247 179 222 44 255 255 255 255 255
    255 255 255 14 255 137 221 255 255 50 75 240 138 255 127 84 255 255
    255 242 255 255 255 34 255 131 255 92 171 129 255 255 255 255 255
    202 255 255 192 255 20 71 140 255 146 255 255 255 26 255 95 54 255
    255 255 255 255 211 255 204 42 46 162 201 255 178 2 42 182 255 44
    255 56 255 59 174 255 220 213 183 255 255 255 255 255 255 255 255
    255 245 4 255 150 239 177 255 255 255 255 255 255 255 255 244 255 20
    54 255 255 255 148 255 255 10 76 206 255 162 153 255 32 212 79 34
    155 0 255 255 188 94 255 226 76 255 97 182 48 51 199 255 214 255 153
    255 130 255 196 255 208 67 78 173 255 188 133 255 255 216 255 255
    167 255 255 216 255 211 200 255 144 50 81 255 171 255 255 255 2 255
    255 255 190 255 255 38 226 255 134 255 218 255 255 255 168 255 158
    38 255 255 255 255 255 142 255 113 237 212 174 192 255 255 194 226
    115 92 255 255 199 255 24 38 97 49 134 26 255 201 255 119 255 181
    255 255 255 220 255 0 49 255 194 255 255 54 255 255 179 255 12 255
    255 156 255 255 255 236 255 180 89 204 255 185 255 255 255 255 36
    255 255 162 255 121 182 44 109 24 222 255 148 255 119 4 255 255 255
    255 255 166 54 255 223 255 77 255 111 255 255 255 255 255 196 255
    199 252 214 132 252 255 255 8 255 223 0 255 192 73 83 188 139 156 82
    255 255 255 255 218 120 190 255 255 255 255 255 113 176 8 255 129
    207 255 255 255 255 255 255 255 176 140 255 228 255 181 249 54 255
    14 255 255 255 255 255 255 78 143 255 178 131 255 64 255 255 255 255
    255 255 208 255 255 255 255 172 255 255 114 38 202 255 255 137 255
    255 214 255 255 22 255 18 168 255 255 59 10 255 255 255 212 51 255
    183 255 20 117 99 223 255 32 96 190 196 36 255 71 100 255 101 255
    255 6 255 255 42 54 255 255 255 255 65 255 93 255 223 255 255 255 50
    255 255 139 255 255 73 255 192 255 139 255 255 255 255 10 255 122 4
    251 255 171 75 70 255 255 221 12 224 42 255 255 194 169 236 255 255
    253 255 107 255 140 255 255 255 87 48 255 224 206 70 14 127 255 255
    255 74 52 30 255 79 146 12 255 46 176 255 99 255 255 8 26 255 243
    255 255 255 251 125 12 255 226 255 205 255 255 255 255 200 126 218
    16 255 255 255 110 242 255 184 179 53 16 175 255 255 255 255 255 79
    236 188 50 255 217 255 255 255 255 144 243 169 255 164 18 200 255
    171 255 245 153 255 92 6 255 255 255 255 255 133 255 106 255 93 255
    65 139 255 255 127 154 93 255 255 36 220 18 255 154 255 255 255 255
    69 255 255 224 255 186 232 255 255 125 255 34 255 196 255 255 93 221
    179 255 10 255 255 247 255 255 255 255 255 38 255 255 255 255 255
    255 255 255 209 255 55 255 230 188 255 255 255 130 255 34 255 38 196
    255 79 255 235 0 202 16 255 255 255 255 255 140 255 255 255 255 101
    255 26 255 223 255 255 255 83 255 50 119 99 108 250 255 128 85 216
    102 255 81 144 163 121 12 255 32 255 255 139 106 127 255 255 202 214
    255 255 255 88 202 61 243 187 255 255 255 131 255 255 214 128 255
    255 20 125 255 255 71 6 255 255 255 255 109 255 166 48 40 114 198
    247 255 65 214 203 220 36 54 255 10 255 183 255 255 20 228 255 255
    255 255 255 255 255 255 156 62 255 255 255 255 255 56 161 144 231
    119 202 255 214 255 192 255 255 235 119 0 255 107 202 128 18 255 138
    255 232 255 255 255 144 163 255 6 255 89 211 147 240 255 255 255 233
    30 12 255 248 67 221 48 255 223 230 255 158 40 4 255 185 255 12 255
    24 255 151 255 255 255 131 255 255 255 211 145 212 86 255 255 205
    141 255 168 255 196 70 255 255 255 143 255 255 255 196 158 119 255
    16 119 224 255 255 255 182 255 255 154 103 61 233 226 255 160 255
    255 56 255 255 28 175 255 182 255 255 154 255 251 245 22 255 255 255
    255 88 232 255 231 16 79 186 255 182 255 103 255 197 236 42 22 173
    131 255 153 255 194 255 49 255 255 176 227 255 170 255 255 59 255
    255 255 255 73 255 255 255 182 255 26 218 122 255 133 50 60 255 255
    95 255 52 255 208 255 228 10 255 255 255 209 255 10 255 192 194 255
    250 255 255 255 255 76 255 255 255</data></your_img>
</opencv_storage>
