<?xml version="1.0"?>
<opencv_storage>
<L2_diff>7.9042835854997002e+03</L2_diff>
<test_img type_id="opencv-matrix">
  <rows>100</rows>
  <cols>100</cols>
  <dt>"3u"</dt>
  <data>
    117 113 116 63 160 170 77 181 94 14 237 88 56 11 195 110 217 194 248
    25 50 231 224 205 250 200 174 114 187 97 183 127 98 218 47 140 11
    180 73 37 0 91 39 116 251 47 227 74 149 211 213 47 47 132 118 65 239
    83 179 161 225 185 194 25 202 8 170 162 217 122 187 14 196 182 248
    36 129 52 234 136 154 8 13 243 123 173 128 91 96 38 19 27 225 239
    241 64 39 163 215 51 146 233 23 152 225 81 118 77 201 8 37 122 66
    224 108 68 117 103 170 93 22 180 207 158 65 208 255 130 141 206 134
    221 227 217 223 180 215 189 175 255 138 51 150 162 119 240 179 198
    113 45 248 107 133 253 194 152 16 126 22 4 79 213 179 245 83 175 235
    46 50 255 177 117 244 61 114 217 22 91 153 189 29 148 125 67 119 130
    45 118 38 123 246 219 202 218 51 122 242 231 165 48 114 35 60 10 205
    60 73 0 27 114 191 237 22 235 134 143 125 5 37 217 90 203 130 201
    243 96 119 129 163 92 93 64 193 91 33 208 40 154 178 210 45 87 67
    198 144 255 187 161 90 255 222 41 238 242 113 131 191 236 145 180
    177 11 185 70 8 251 104 90 138 172 186 236 99 49 166 237 137 171 131
    130 9 134 165 217 108 150 19 182 0 226 145 39 252 226 168 68 254 112
    195 32 240 63 107 253 155 193 191 187 109 38 64 64 164 231 64 20 71
    134 199 3 252 151 213 53 125 157 204 62 130 189 220 162 75 114 204
    137 216 162 146 216 200 17 124 3 113 183 244 15 134 235 175 226 86
    10 103 184 131 54 2 196 212 68 57 136 119 89 25 134 31 185 248 218
    255 250 248 213 56 150 226 69 101 180 55 98 69 234 143 225 40 30 113
    85 49 234 167 27 6 214 9 113 33 50 114 206 198 60 149 245 68 176 64
    219 68 144 146 195 40 227 220 134 13 192 247 20 26 232 236 254 37 82
    190 245 55 36 131 57 163 231 246 21 250 93 27 120 108 250 59 172 117
    204 59 161 143 251 54 188 191 250 248 169 129 134 54 96 251 108 183
    142 191 247 96 217 99 146 254 135 213 195 182 131 101 79 42 224 151
    211 239 255 242 38 187 241 119 207 28 207 244 71 13 124 187 92 59
    217 69 133 126 227 45 47 29 71 3 36 16 33 132 114 65 146 206 87 99
    52 172 181 91 48 127 210 247 226 59 39 59 184 4 160 24 190 254 183
    122 230 138 86 203 133 0 179 222 183 163 26 170 220 182 87 92 143 37
    60 76 11 155 156 92 28 116 181 71 169 1 176 5 123 245 164 175 237 17
    41 62 157 165 47 251 167 92 210 82 221 141 185 30 52 77 207 70 3 125
    139 108 81 102 50 31 151 83 186 196 125 53 4 182 210 164 97 189 121
    203 188 216 177 57 124 124 87 67 229 99 5 113 31 227 127 46 9 17 14
    160 214 140 113 199 62 132 197 71 246 134 132 140 24 133 129 137 168
    168 178 254 145 19 227 208 141 250 26 57 41 4 53 181 14 75 37 138
    186 146 165 137 153 254 241 57 30 152 10 62 201 82 208 60 211 150
    199 67 60 92 5 150 203 240 94 3 164 63 67 84 88 183 221 216 60 52
    238 230 107 186 145 240 190 153 13 41 243 56 7 172 169 137 234 22 26
    83 206 215 245 46 209 241 86 228 228 14 226 178 230 132 31 208 63
    108 177 131 123 168 29 55 72 162 73 189 166 143 204 195 11 2 243 162
    174 251 219 61 159 225 193 154 24 186 240 207 23 177 88 217 221 128
    64 112 26 60 129 245 39 175 138 248 135 232 209 39 61 46 92 173 181
    154 27 11 158 67 143 46 35 60 102 247 35 51 3 21 127 212 107 124 107
    183 4 247 180 207 25 189 113 116 42 203 35 19 223 49 56 183 189 153
    235 67 104 230 214 98 65 70 244 172 222 137 141 218 193 179 49 235
    123 227 226 112 42 214 44 46 134 91 96 246 154 67 233 101 181 139 17
    242 100 169 20 90 55 57 169 252 46 211 159 3 158 136 61 112 125 42
    162 224 203 102 94 118 231 60 58 239 161 120 117 21 44 160 215 211
    202 98 0 201 19 81 91 205 77 168 130 116 120 169 70 222 245 114 207
    103 32 186 101 193 212 80 126 23 114 147 231 195 238 7 231 4 234 49
    162 202 147 119 250 160 103 209 178 191 199 130 106 144 205 194 153
    133 200 211 212 194 13 167 252 73 108 248 153 9 218 139 104 245 199
    77 32 168 236 9 74 233 143 147 215 114 172 141 230 148 38 83 124 230
    18 41 193 235 4 19 93 83 176 201 150 178 189 82 35 204 156 119 117
    78 87 195 48 211 136 127 240 193 64 27 250 131 67 209 31 81 160 13
    163 96 48 81 174 125 150 158 186 42 8 49 104 167 102 96 111 207 227
    152 17 88 234 3 212 143 167 127 200 151 34 146 196 52 14 172 190 141
    231 160 153 96 118 109 134 25 170 167 75 153 163 214 97 74 183 170
    151 12 239 162 27 184 233 213 29 142 248 209 194 37 61 51 167 70 88
    172 249 67 142 59 146 35 63 241 154 106 231 65 88 158 26 103 40 184
    214 201 101 250 109 97 70 211 181 144 16 253 130 36 7 12 63 104 202
    28 62 85 99 33 92 132 5 222 136 62 107 161 201 90 35 194 69 35 124
    237 115 97 186 138 22 87 143 200 205 208 55 137 61 244 220 174 123
    45 40 255 111 176 254 131 255 234 236 144 160 52 226 164 70 84 25
    107 44 83 178 39 7 82 208 2 23 126 19 202 183 83 233 192 69 245 122
    106 217 16 180 164 137 14 53 214 180 196 31 206 10 187 83 238 130
    252 241 47 21 67 52 111 138 9 165 150 66 231 238 41 183 188 22 114
    50 246 144 33 129 58 207 211 51 234 3 232 155 17 171 107 169 222 159
    186 105 111 89 9 89 10 100 203 8 199 224 110 164 36 243 193 110 15
    140 234 169 181 149 107 194 53 34 105 7 203 49 233 113 207 33 130
    145 199 123 143 74 216 226 139 49 129 218 165 99 99 52 197 245 232
    172 244 9 109 94 216 61 212 85 114 245 237 65 205 136 127 195 217
    119 68 119 5 142 0 151 74 87 212 91 7 244 176 113 158 174 13 14 27
    127 49 78 5 36 92 175 194 166 149 124 253 55 32 97 117 217 251 152
    80 0 233 152 243 206 66 60 75 163 184 26 43 6 65 132 165 90 107 150
    150 22 26 11 73 34 136 246 114 151 78 121 139 236 193 197 106 42 228
    11 134 122 43 147 19 150 150 146 18 197 78 219 219 213 221 132 178
    167 237 151 31 48 200 12 238 182 98 93 32 72 144 115 226 241 245 105
    234 59 212 38 252 83 204 108 35 243 32 53 26 234 109 248 55 70 190
    53 24 1 7 47 148 245 183 68 194 65 46 208 86 209 157 102 252 202 40
    168 45 173 157 207 126 82 69 239 207 26 242 77 161 127 202 180 255
    21 121 11 97 104 78 103 86 187 108 14 189 28 9 107 52 30 248 236 133
    158 246 107 49 170 117 87 241 61 42 174 20 67 185 46 144 102 253 2
    71 188 78 7 166 8 66 220 20 158 220 27 159 106 66 132 108 70 249 57
    5 155 205 30 49 212 109 237 154 11 71 141 117 49 102 239 243 251 232
    235 43 23 124 161 92 166 39 140 13 70 30 124 166 224 97 235 208 7
    233 156 231 215 144 143 165 93 40 33 202 84 157 86 95 190 204 231 19
    9 253 112 58 113 217 200 10 245 30 106 75 209 50 222 252 113 73 229
    16 39 111 96 212 162 186 187 201 230 241 81 38 8 53 249 74 165 9 95
    63 39 43 192 186 197 134 62 64 10 218 34 104 49 221 112 34 1 35 253
    73 107 158 17 127 2 29 8 179 10 112 63 176 192 110 224 90 214 171
    193 67 10 100 206 124 187 43 234 64 75 222 26 124 9 157 107 216 82
    95 126 231 138 69 216 160 100 211 200 152 185 68 45 35 139 155 7 151
    193 100 196 232 133 86 150 96 47 180 199 237 4 197 181 193 216 148
    218 30 249 101 25 89 166 170 159 187 253 134 123 56 20 63 59 0 206
    217 102 8 211 159 42 68 205 142 139 234 178 6 58 32 96 94 26 172 252
    0 103 68 87 166 79 134 42 221 45 134 88 76 230 153 227 170 74 158 10
    171 26 154 141 19 37 182 98 72 37 113 92 190 49 71 170 37 235 106
    214 7 160 86 20 86 160 234 68 147 121 14 70 120 244 149 235 32 83
    221 222 31 57 30 165 109 207 3 18 234 106 78 113 254 209 118 209 160
    115 59 77 245 92 136 65 24 24 118 206 230 140 98 41 67 249 37 255 96
    93 127 14 71 188 33 196 47 201 168 224 104 71 39 213 105 37 153 176
    104 229 252 218 80 68 112 58 82 210 216 214 158 39 167 168 101 228
    18 219 181 171 118 141 187 63 5 217 148 203 12 226 197 1 25 19 132
    158 88 141 106 49 196 191 49 197 236 190 65 50 134 190 179 190 208
    101 105 217 180 194 154 135 182 38 119 66 71 101 233 6 80 76 53 124
    89 187 251 196 146 31 162 214 90 85 125 8 9 87 47 206 42 102 244 135
    95 37 85 111 109 159 254 4 125 110 98 45 50 46 249 218 0 28 242 78
    202 180 160 110 36 69 117 242 228 178 116 33 140 204 246 64 111 119
    163 17 92 195 226 18 89 239 38 179 215 30 76 63 40 109 137 117 169
    37 206 150 163 15 47 11 237 176 60 246 80 236 245 67 184 238 117 88
    238 139 27 81 205 167 138 39 185 153 104 92 52 169 103 66 113 238
    227 11 136 224 80 2 255 29 253 106 70 181 124 124 121 217 242 234 47
    236 20 77 44 214 141 165 126 188 240 240 90 124 216 149 147 136 86
    70 117 1 174 203 98 140 92 55 220 97 136 53 201 67 255 63 237 192
    143 209 128 82 155 23 89 223 175 21 194 116 9 34 158 84 75 189 198
    254 141 138 122 94 92 141 32 188 134 52 50 53 248 252 173 241 129
    152 61 110 107 60 125 138 186 180 125 200 49 154 222 161 126 100 205
    148 179 96 220 165 117 209 89 120 166 252 35 244 15 224 170 229 165
    221 194 165 104 222 164 23 222 185 200 202 217 174 71 112 98 105 118
    31 75 66 96 81 85 24 93 126 182 56 224 147 122 18 4 60 24 187 185 54
    15 101 182 123 182 57 247 249 193 246 186 90 254 170 158 124 20 126
    208 182 176 57 171 164 12 143 150 9 51 224 213 12 85 181 231 211 28
    83 138 230 194 2 236 224 82 55 150 139 249 50 141 114 74 94 221 94
    86 115 103 163 225 179 204 113 50 183 98 118 157 249 91 192 178 104
    143 13 210 167 109 235 42 13 3 100 72 71 216 231 2 89 183 93 13 45
    230 72 29 156 125 229 159 88 27 84 36 117 2 146 135 208 208 172 216
    226 155 39 178 120 141 143 101 95 106 155 56 97 27 18 232 251 39 15
    253 144 161 221 158 253 86 248 33 103 71 168 119 141 156 121 59 98
    74 6 237 108 87 205 40 134 246 64 10 63 122 106 40 60 156 225 232
    155 118 48 18 6 204 187 173 25 190 89 128 13 10 165 96 104 35 255 38
    206 105 248 4 57 158 33 2 200 26 89 66 48 124 31 102 106 41 104 122
    180 101 51 84 36 204 85 8 40 137 206 239 169 1 9 198 18 225 32 65 37
    131 202 213 197 104 227 7 74 101 50 176 103 212 255 3 183 147 87 207
    107 93 117 157 11 53 27 248 186 2 249 132 85 211 37 74 176 71 17 97
    153 221 156 229 58 153 154 192 95 59 58 19 182 131 98 164 101 179 55
    81 97 52 208 83 181 160 4 245 121 185 37 146 87 48 147 22 231 67 147
    136 207 41 192 220 241 41 14 70 156 167 37 215 80 241 156 154 255 28
    197 110 44 17 153 78 44 17 221 136 110 110 82 252 72 230 182 253 177
    43 153 4 43 41 120 152 123 194 167 58 62 82 226 194 205 58 200 168
    197 19 254 211 59 184 184 226 255 163 141 150 155 26 144 231 7 121
    14 12 25 95 164 130 115 99 10 86 156 240 217 192 71 24 99 122 27 73
    190 150 79 153 7 22 14 52 52 161 117 67 250 240 53 94 250 191 60 73
    239 194 126 36 153 6 44 58 34 67 80 71 15 211 223 128 246 116 53 85
    3 113 212 149 139 117 94 12 40 63 165 41 119 129 183 222 155 120 231
    246 203 145 204 214 64 146 193 248 46 211 41 97 90 39 216 113 251
    234 7 71 42 213 88 64 181 211 30 72 84 65 4 109 220 193 9 161 26 196
    52 79 133 10 117 142 204 146 45 143 19 72 229 129 143 195 88 109 22
    56 63 191 116 195 155 114 105 23 172 233 30 203 192 151 154 27 15
    107 241 249 81 148 74 27 252 224 147 210 112 63 67 2 48 48 236 0 194
    38 222 189 189 146 77 206 13 11 104 251 144 176 151 38 51 160 111 18
    77 124 73 221 205 85 196 80 30 156 226 160 219 229 237 180 205 8 23
    102 57 226 51 87 235 120 137 191 214 116 134 99 110 236 213 172 19
    172 94 154 75 26 133 12 166 247 132 172 142 233 244 246 235 144 32
    13 64 242 159 92 252 2 105 35 184 115 23 52 159 44 73 247 60 217 193
    42 63 206 36 40 40 204 41 192 243 9 91 208 229 110 140 237 152 172
    197 130 212 98 58 45 185 184 123 137 213 132 167 16 232 116 166 252
    105 177 244 210 15 89 1 52 73 143 192 204 148 2 84 164 48 147 64 177
    159 98 155 61 68 201 56 120 69 241 134 75 40 227 34 207 184 196 74
    133 247 236 35 145 48 54 21 170 109 107 87 59 198 2 183 204 70 15
    126 125 168 165 146 255 238 161 211 175 189 181 74 23 92 190 54 73
    13 40 251 22 183 192 126 192 165 75 55 93 78 173 171 161 33 147 119
    69 249 217 118 190 143 216 147 134 174 14 105 250 9 105 26 24 78 92
    177 171 160 82 49 170 189 110 191 180 104 86 218 20 97 204 207 242
    75 44 63 48 255 40 131 202 21 92 132 239 40 236 83 80 1 57 182 93
    140 205 77 110 202 230 218 245 213 208 121 40 226 118 88 91 198 18
    76 32 3 159 137 117 133 16 237 248 147 128 91 193 99 41 220 237 191
    107 120 65 194 63 8 147 236 97 53 207 229 124 156 4 28 117 179 15 98
    36 169 249 131 14 5 29 147 230 37 131 70 240 246 9 43 165 247 82 18
    197 202 89 192 27 4 44 13 0 55 122 110 232 12 209 41 41 249 97 210
    186 117 210 76 36 136 136 88 248 36 86 237 108 137 139 68 13 90 82
    251 126 177 181 173 167 170 116 190 99 70 25 254 148 54 66 166 126
    196 132 222 105 182 103 21 55 114 54 101 170 128 150 122 215 146 158
    185 129 8 196 116 32 204 176 34 232 42 243 102 189 65 211 127 158
    183 4 90 76 148 7 19 214 10 164 34 64 60 183 215 196 152 204 62 146
    175 124 220 87 18 152 182 119 190 64 146 123 253 136 152 213 102 120
    6 155 221 205 10 207 214 40 192 155 140 21 188 138 147 179 42 172
    147 107 210 92 210 11 243 135 28 128 193 255 243 241 210 252 41 52
    158 94 183 216 155 99 56 236 174 33 5 134 142 184 28 247 73 71 102
    63 79 6 40 58 216 147 236 18 230 122 247 20 192 157 37 167 146 89 14
    250 113 201 54 110 117 98 85 123 215 116 20 212 129 246 125 178 79
    216 166 30 241 56 178 40 226 164 3 28 152 145 252 43 103 239 189 147
    61 192 0 22 52 174 166 28 246 22 3 232 120 152 82 84 115 205 180 226
    37 100 149 15 173 129 130 186 145 140 238 81 143 44 57 56 42 108 27
    29 161 198 193 66 21 203 58 129 193 77 188 91 189 160 60 255 137 128
    255 105 187 238 232 67 182 103 58 10 250 230 7 20 145 208 18 232 29
    214 127 54 152 68 250 58 232 203 142 108 235 187 183 157 218 110 243
    134 203 173 247 121 111 136 180 123 214 100 103 55 209 55 168 190
    186 226 80 234 126 244 126 35 31 167 188 153 10 75 12 65 49 159 10 8
    205 46 29 80 243 98 124 142 1 242 156 186 161 158 34 12 141 180 71
    147 101 31 23 142 122 55 184 158 215 237 117 209 225 49 104 51 65 17
    217 86 100 122 255 190 163 61 35 149 178 58 138 64 9 50 134 108 51
    83 100 105 121 216 225 52 202 136 131 75 163 87 7 94 119 148 132 69
    187 54 15 41 167 26 49 96 44 135 35 62 214 174 196 107 23 100 55 216
    93 6 9 48 224 104 94 216 184 91 243 243 185 197 18 72 89 108 73 224
    134 174 143 79 9 77 147 72 144 97 233 198 148 42 169 206 174 60 98
    25 161 181 134 66 18 207 188 116 139 5 101 57 168 200 127 197 255
    225 150 122 51 34 144 136 124 148 72 92 71 50 51 219 46 149 103 221
    231 124 158 207 176 96 10 194 51 200 112 172 72 164 138 194 57 55
    226 11 194 173 222 125 88 230 40 198 66 234 99 248 115 92 229 173 29
    97 225 150 106 66 32 180 14 72 87 29 131 20 100 224 192 71 136 136
    207 144 234 138 244 136 128 210 72 87 189 136 142 228 254 150 153 31
    227 203 136 183 42 93 178 69 211 216 78 2 91 29 113 156 230 74 103
    62 200 47 78 56 239 185 67 46 166 95 247 127 44 255 93 48 195 79 69
    37 169 143 113 250 88 87 185 233 113 119 136 127 16 201 249 128 66
    210 30 25 186 166 211 17 66 133 224 219 19 46 213 54 39 24 10 41 214
    30 129 112 30 231 109 98 88 146 38 182 117 150 52 171 77 151 170 21
    241 5 37 75 90 14 16 68 116 214 49 223 183 164 109 102 131 191 115
    16 76 184 37 212 88 203 102 234 84 11 8 1 65 140 171 51 229 169 239
    216 5 45 134 1 176 148 63 177 25 59 198 155 60 117 161 45 165 99 119
    201 103 105 13 148 224 125 255 115 112 49 90 223 17 121 176 181 41
    251 123 115 155 156 63 172 142 194 45 118 141 201 0 104 247 253 69 2
    85 244 149 84 116 200 119 198 218 230 196 25 247 128 18 231 182 175
    94 76 254 98 131 7 254 186 250 208 15 172 230 59 73 41 228 53 122 35
    238 113 194 240 77 170 160 85 95 105 141 228 91 179 175 230 218 199
    63 30 193 112 32 23 140 81 179 71 161 122 107 237 65 103 66 5 18 211
    205 36 229 213 49 111 79 107 181 60 148 141 218 227 222 139 148 221
    194 116 122 114 91 90 140 86 23 178 212 123 116 63 196 134 78 12 213
    157 243 32 246 167 231 186 53 219 126 168 25 193 3 163 189 210 93 50
    112 82 192 210 26 229 203 149 189 127 84 17 117 177 120 115 209 83
    240 67 115 156 53 32 30 57 199 39 99 190 124 214 157 145 111 135 63
    91 76 45 97 139 27 76 128 36 198 16 63 116 40 141 18 2 78 220 225 46
    41 65 57 246 189 207 252 176 218 162 125 212 115 102 41 210 97 204
    151 164 136 163 162 49 87 202 171 115 12 101 128 55 131 166 54 192
    19 74 150 188 220 198 149 217 76 34 197 50 167 179 169 27 232 36 111
    228 144 104 136 215 26 1 184 68 68 156 4 30 152 171 251 139 17 98
    180 98 252 222 229 190 108 89 241 185 168 54 180 243 133 243 212 29
    199 222 139 54 162 87 132 240 170 19 210 72 39 69 225 133 114 83 193
    107 173 185 179 115 220 30 228 183 117 10 47 143 191 45 255 101 144
    172 130 127 51 227 46 222 166 194 228 156 20 60 132 38 88 138 118
    101 21 19 35 63 68 211 78 116 51 41 189 33 13 126 168 116 6 142 62
    117 241 250 247 249 192 161 187 84 85 177 135 159 249 139 246 2 161
    182 188 186 181 248 125 50 173 195 185 241 58 21 119 56 15 18 138
    149 77 217 210 108 85 12 59 109 210 142 133 228 240 9 13 147 2 43 4
    153 206 126 226 170 239 138 246 156 7 149 226 215 67 59 106 27 69 46
    231 117 219 48 125 87 226 191 2 117 208 213 196 31 245 108 7 236 110
    141 134 94 253 178 230 252 147 149 39 152 192 204 206 108 2 69 14 48
    107 191 63 186 34 148 114 223 129 206 188 34 48 71 169 1 213 217 163
    173 149 71 171 26 88 36 108 229 64 251 203 19 20 34 91 91 10 147 219
    165 44 132 125 156 93 245 173 110 27 228 81 170 97 71 98 8 208 205
    121 131 180 194 170 107 64 196 193 7 204 127 158 240 197 131 86 204
    151 116 38 159 229 90 230 213 237 196 213 64 193 118 64 17 1 107 207
    10 159 73 117 0 25 250 169 144 86 44 244 38 112 121 33 184 124 62
    155 171 245 105 76 240 178 196 169 1 95 11 134 120 175 14 160 97 119
    242 222 79 8 184 109 168 247 9 224 89 23 231 183 133 117 54 93 213
    109 163 41 162 127 170 141 14 68 67 249 244 81 196 152 114 113 31 96
    67 135 75 217 113 116 245 64 26 56 36 104 91 29 128 80 27 54 189 118
    42 153 5 150 142 236 237 218 87 185 50 232 207 148 93 104 243 126 79
    76 15 110 52 196 167 1 77 216 243 4 2 41 186 82 139 211 108 69 249
    215 124 211 76 88 255 43 188 37 232 158 190 111 151 143 149 20 251
    85 228 174 173 104 230 134 231 126 166 99 82 230 61 205 170 172 76
    115 102 69 161 28 187 251 11 208 76 120 153 249 68 54 247 29 135 228
    106 242 70 10 213 240 53 12 153 13 160 252 71 250 0 96 17 214 69 117
    129 167 202 25 249 30 41 3 217 53 223 246 210 163 2 114 206 248 135
    41 130 43 200 109 163 250 232 127 63 236 152 24 22 246 223 192 223
    90 46 28 215 129 221 38 190 25 26 133 192 176 107 214 90 101 225 5
    51 46 19 86 236 85 222 147 254 131 117 218 20 98 136 21 22 128 5 236
    196 246 10 67 103 52 247 90 183 25 72 21 241 198 1 171 77 22 243 223
    83 182 229 123 79 41 19 204 45 96 79 140 113 64 67 54 103 218 106
    252 254 242 153 234 114 187 67 132 128 162 175 208 109 54 118 144
    163 24 219 34 19 73 73 155 3 21 153 237 4 109 109 37 27 239 209 97
    19 14 155 37 226 125 8 172 43 214 24 16 70 209 50 63 141 74 192 126
    50 81 83 126 136 44 223 13 89 83 232 8 232 78 169 249 108 18 220 109
    233 81 102 128 156 179 139 224 76 66 209 155 55 234 66 205 39 184
    210 103 76 236 22 108 100 118 168 65 71 68 202 33 83 148 114 95 60
    52 7 19 40 224 205 222 76 234 5 78 251 38 153 118 108 163 124 231
    141 225 166 136 13 102 235 217 242 131 95 197 141 189 161 97 50 85
    183 89 40 134 22 45 236 134 154 147 43 133 3 134 132 19 90 149 224
    102 129 218 154 226 202 117 14 222 87 215 145 204 249 11 183 129 95
    178 110 203 138 38 120 44 34 123 212 36 112 93 104 4 51 236 124 12
    139 242 2 8 230 144 236 177 198 113 165 239 39 62 185 211 43 31 66
    228 99 185 135 157 164 25 180 8 89 233 17 197 1 41 72 77 190 34 6
    187 205 223 95 149 135 69 26 74 119 201 252 130 35 176 237 3 108 188
    8 210 221 91 152 151 146 133 137 86 215 207 245 113 30 234 205 68 25
    24 121 109 18 32 236 131 51 161 54 54 53 110 243 209 166 37 190 2 97
    121 110 131 30 35 201 180 202 137 69 12 90 29 6 167 220 90 163 88 38
    232 159 192 255 245 83 164 186 211 244 47 208 57 145 119 10 191 184
    189 100 159 128 2 215 216 63 168 110 214 175 234 41 109 4 35 102 146
    14 141 95 31 62 30 177 1 185 125 75 47 196 116 188 52 83 51 157 186
    35 186 141 81 248 76 24 106 112 103 212 10 247 41 190 235 80 155 241
    101 199 152 202 7 34 57 211 106 52 147 68 226 175 238 253 92 218 116
    180 245 53 228 15 174 188 16 46 97 172 217 83 131 221 180 4 30 242
    70 221 23 112 89 190 131 202 19 186 91 88 233 98 153 227 30 181 67
    154 202 159 198 180 177 37 219 119 135 25 255 219 22 46 73 195 122
    232 109 106 249 129 151 204 41 50 170 48 243 62 136 142 204 91 168
    86 159 193 126 63 25 155 253 129 78 62 156 199 255 118 114 155 254
    11 207 104 130 18 249 195 50 134 131 221 254 99 96 184 253 100 191
    252 205 208 149 136 185 109 36 53 55 200 212 230 247 137 206 14 70
    50 12 143 242 200 128 139 127 171 2 175 74 29 245 161 100 174 210
    172 66 10 85 161 58 208 30 78 140 228 114 2 255 66 20 177 150 35 212
    71 65 223 173 149 2 39 199 68 13 204 128 206 234 244 213 241 102 246
    231 237 117 56 246 92 101 18 242 252 50 82 146 55 52 175 23 97 43
    118 93 167 204 58 21 201 49 43 17 203 228 253 108 110 137 0 120 150
    218 237 176 141 199 26 116 63 141 124 67 73 146 148 8 114 80 200 195
    12 72 79 97 112 252 195 142 84 18 52 92 75 105 60 42 44 100 242 237
    237 232 253 119 1 124 15 178 152 234 41 226 195 8 111 179 177 91 7
    222 37 6 78 59 251 166 213 175 231 219 50 247 99 111 98 227 12 29
    255 51 146 111 166 82 190 213 255 174 112 134 142 191 25 188 209 216
    101 132 215 207 169 24 186 181 78 144 241 163 10 20 169 149 15 66
    203 120 130 59 78 173 211 105 50 16 49 110 224 59 27 26 37 199 50
    180 64 239 106 160 161 231 48 46 113 159 170 75 182 189 236 209 212
    209 198 9 138 128 166 19 96 106 167 131 217 113 91 35 169 37 171 122
    19 43 32 25 205 51 139 228 95 175 72 50 145 7 169 32 230 59 249 41
    140 30 44 179 17 44 177 92 110 102 228 32 115 32 125 187 167 37 162
    58 73 177 205 192 234 192 106 165 24 8 83 163 23 249 175 91 92 128
    61 213 173 196 151 44 189 246 87 60 132 203 155 91 45 39 202 3 178
    138 244 231 30 7 171 54 115 54 191 247 160 209 214 162 230 164 19
    246 236 207 11 56 0 89 146 123 4 204 123 137 50 227 139 203 63 46
    243 234 186 21 69 103 207 136 181 44 23 228 20 138 103 188 9 14 140
    158 124 251 207 61 63 182 163 117 47 69 81 5 48 154 146 163 244 161
    82 140 66 53 134 73 24 102 39 89 1 125 57 95 33 131 73 5 96 39 11 60
    235 47 106 94 76 108 188 109 12 222 127 201 52 5 59 1 144 19 131 74
    171 238 80 235 182 225 203 41 70 222 58 58 189 156 3 182 185 168 187
    100 95 179 155 239 80 123 130 32 232 234 210 123 54 89 179 21 124 90
    222 240 204 154 60 223 135 251 1 202 131 4 12 47 109 198 87 68 202
    49 156 55 40 4 87 198 191 182 198 97 162 104 197 107 24 115 219 155
    147 179 126 239 138 11 181 138 48 220 188 221 69 229 216 232 67 128
    35 20 47 177 69 222 158 121 86 216 245 102 213 185 93 27 59 73 201
    199 251 63 61 237 146 7 164 156 138 213 81 192 177 101 162 253 82 81
    185 238 206 2 210 102 202 104 122 99 18 30 185 22 212 89 193 176 194
    115 127 62 144 158 227 210 79 211 64 5 76 135 49 155 169 198 13 40
    230 133 114 22 83 112 178 20 211 252 153 242 249 117 200 186 102 37
    252 252 221 89 138 29 202 225 221 210 108 71 87 104 34 183 22 212 93
    176 65 120 175 95 82 102 97 211 230 98 87 231 218 128 61 200 84 70
    55 52 13 222 206 228 34 246 90 21 223 209 251 98 205 215 149 2 150
    42 190 31 203 120 81 149 67 78 162 215 115 221 227 235 172 191 241
    13 150 39 164 184 110 51 40 205 121 74 148 122 208 113 80 117 48 228
    53 170 80 116 236 150 75 213 245 26 48 197 229 214 110 23 48 97 1 65
    102 137 44 148 159 62 3 226 153 196 40 22 225 243 112 22 218 132 149
    160 64 121 160 15 31 24 161 29 54 66 103 123 149 221 168 120 29 221
    158 91 7 81 219 250 4 117 120 174 172 177 51 5 57 89 62 52 21 229 2
    89 207 103 136 131 40 243 186 77 149 173 186 107 117 193 118 193 88
    82 182 215 235 49 58 46 70 221 150 17 77 137 132 120 76 165 71 105
    56 21 75 148 174 245 2 179 51 87 191 184 250 81 86 193 205 252 191
    254 118 165 49 188 80 41 0 140 113 62 42 233 163 245 93 207 117 73
    225 172 225 123 22 21 71 231 204 160 121 126 93 76 105 12 69 23 45
    146 99 172 198 195 14 229 137 92 46 77 66 157 110 77 126 176 56 187
    113 243 143 6 198 123 32 3 137 123 57 251 117 12 196 44 149 159 226
    236 116 220 164 173 138 170 243 15 181 187 208 42 107 84 193 253 243
    124 12 69 5 249 173 164 7 219 72 25 9 147 246 119 63 16 58 10 254
    145 98 86 232 181 187 133 43 180 138 168 213 159 91 185 50 183 62
    253 12 38 88 94 89 150 175 184 135 11 100 177 149 124 174 239 60 84
    174 131 179 223 146 82 113 114 253 250 54 230 9 195 114 140 23 93 93
    116 107 123 128 95 91 117 235 226 174 227 149 81 56 120 197 154 52
    194 25 142 247 80 253 67 25 210 201 92 14 28 55 218 164 255 108 167
    145 211 21 78 234 98 181 168 173 213 164 15 125 189 62 44 128 76 169
    198 31 57 154 57 215 106 99 187 249 251 247 142 48 216 30 108 80 164
    66 101 250 1 174 18 133 99 71 20 41 132 30 206 108 50 14 44 128 85
    130 6 99 128 96 221 73 44 24 126 158 66 181 186 206 87 0 83 108 235
    183 64 122 216 74 135 33 213 107 239 194 23 243 251 53 178 152 138
    98 86 62 158 170 131 91 2 227 116 199 43 218 150 36 134 197 66 222
    221 187 115 16 103 133 22 145 221 59 197 12 138 139 239 37 221 12
    170 49 112 107 202 26 230 138 45 116 62 25 19 63 34 217 108 144 226
    191 192 88 214 25 103 182 4 120 191 0 32 71 193 44 237 210 167 255 9
    54 217 142 228 120 130 144 249 175 122 68 219 87 65 49 183 238 211
    58 101 151 100 120 29 217 96 237 32 244 160 180 63 130 194 70 115 25
    161 192 233 106 13 195 236 10 1 145 141 252 124 30 114 78 220 209
    170 199 143 64 10 237 43 190 45 102 115 174 197 8 130 230 145 131 30
    244 86 66 72 14 197 218 93 16 69 68 153 171 14 83 61 174 201 159 92
    44 208 133 214 64 224 96 85 23 66 72 204 3 119 213 202 244 99 50 113
    212 71 92 166 78 162 82 170 179 23 131 190 116 95 128 5 117 193 55
    114 195 134 30 255 239 247 13 70 25 218 162 166 180 16 202 164 219
    72 61 178 55 23 67 95 196 173 249 85 131 42 144 233 40 124 174 145
    149 207 41 91 102 213 216 181 163 219 127 161 207 178 98 102 206 226
    141 80 43 125 59 200 122 234 108 151 32 140 31 175 201 218 34 25 29
    51 65 175 98 51 211 211 48 118 47 50 148 58 200 179 95 237 143 111
    73 127 34 37 99 65 184 65 8 116 219 245 108 101 36 6 191 50 162 212
    12 160 235 146 206 171 62 173 235 3 14 103 16 164 228 184 189 176 63
    232 29 69 164 253 223 30 127 106 56 98 190 232 148 2 121 138 211 101
    215 24 24 23 255 65 51 0 228 64 172 48 136 105 32 92 101 163 190 9
    204 166 211 129 241 127 108 161 79 97 235 181 46 110 205 56 95 41 93
    7 251 109 25 190 168 111 111 130 232 8 56 35 30 81 54 123 55 198 6
    250 195 35 239 233 8 71 157 69 80 117 110 168 147 30 224 237 187 192
    21 136 27 220 18 55 196 206 118 72 213 199 61 190 229 54 97 30 86
    168 220 218 55 136 87 188 50 139 221 214 81 52 109 121 168 48 202 33
    25 186 206 177 241 44 246 8 92 63 186 192 46 193 27 78 146 123 0 158
    229 131 122 128 230 76 93 76 157 114 146 73 34 124 187 24 221 21 10
    60 152 17 56 208 211 26 159 159 163 132 109 143 67 223 120 27 141 43
    251 93 112 99 18 238 178 72 223 188 233 111 128 244 139 140 201 49
    11 53 135 14 114 231 199 192 187 180 116 73 75 196 105 93 39 235 186
    202 217 219 107 53 182 199 57 227 76 230 20 226 144 159 236 18 86 37
    159 222 125 161 43 208 87 241 203 174 29 226 146 40 191 229 209 201
    90 45 101 199 208 226 88 7 26 175 186 187 117 210 135 213 196 204
    135 182 146 62 202 184 27 168 7 245 238 175 37 194 212 255 175 241
    25 143 63 146 160 153 87 164 25 169 6 168 240 211 43 152 213 37 172
    47 75 252 85 170 99 110 156 212 85 18 87 132 2 198 148 128 119 160
    53 185 211 63 31 59 139 230 109 53 211 171 252 51 76 1 14 163 183 22
    42 237 238 152 148 7 106 130 127 219 203 234 217 177 144 140 30 125
    132 82 116 119 64 216 68 78 71 118 231 89 125 38 39 53 53 85 91 31
    142 233 26 15 179 71 185 39 183 213 169 79 146 113 214 208 90 38 122
    198 26 193 67 104 4 19 48 188 60 190 82 228 102 205 13 146 248 40
    123 68 146 10 81 48 50 36 151 134 212 56 15 60 156 242 65 26 33 108
    7 150 180 95 176 104 166 175 174 202 26 215 30 232 147 222 84 226
    131 228 167 184 47 216 164 35 247 252 171 146 111 235 228 232 118 13
    137 166 31 151 112 3 105 229 245 134 138 125 127 141 91 230 92 236
    73 187 81 138 80 17 202 182 47 10 104 145 13 150 210 164 59 174 116
    242 65 112 73 64 215 150 99 108 23 25 121 100 119 48 51 159 160 26
    117 154 99 236 159 121 60 53 206 66 193 82 89 10 180 44 197 136 47
    115 82 2 148 141 245 94 142 54 4 229 221 111 74 236 30 159 162 129
    70 111 103 17 14 14 2 94 136 121 214 141 205 155 1 127 101 65 78 14
    105 158 92 61 63 37 151 248 115 188 80 151 241 206 100 219 98 246 1
    134 253 128 57 101 229 245 86 137 55 239 0 188 228 220 66 96 156 65
    116 144 199 127 166 60 212 86 248 135 129 176 67 82 223 6 128 79 47
    115 79 166 193 98 78 102 4 164 5 54 178 56 215 234 33 228 133 255 7
    81 77 194 20 217 220 45 122 57 234 186 39 186 223 98 40 138 148 174
    53 21 244 98 1 115 18 123 239 213 101 150 230 32 223 230 122 31 226
    200 221 186 232 25 126 143 138 218 62 52 9 152 19 92 190 62 112 129
    38 181 177 80 247 142 221 193 22 61 250 5 226 135 206 21 231 154 7
    31 236 219 49 35 40 232 41 133 127 141 99 108 177 53 254 22 108 211
    91 76 176 251 56 60 212 193 234 29 109 171 178 65 96 173 27 142 52
    64 118 43 199 157 12 36 227 111 160 15 196 77 91 59 147 32 7 179 130
    68 156 101 166 46 50 224 158 143 98 215 114 214 173 200 42 70 163 23
    206 19 115 199 88 118 197 209 26 133 139 175 105 124 189 140 75 23
    149 198 136 83 196 85 101 117 2 85 93 18 133 84 218 28 159 178 192
    69 251 29 182 87 64 47 30 167 75 189 65 41 201 4 73 232 94 209 44 93
    36 200 25 112 79 58 158 212 175 143 224 204 132 55 149 138 224 124
    116 110 222 94 90 158 11 193 245 245 213 140 132 104 247 216 145 70
    35 72 189 58 191 29 86 107 166 239 212 17 5 143 238 60 168 55 38 190
    100 85 114 226 202 28 125 171 91 18 82 182 148 146 254 46 76 156 217
    107 204 191 55 162 168 229 34 33 216 28 211 171 83 171 176 211 156
    217 51 207 112 100 217 159 27 197 210 80 178 81 28 239 9 57 225 35
    248 88 240 40 64 115 158 211 172 57 53 15 59 170 235 203 40 203 77
    53 92 50 49 175 43 27 186 150 89 186 62 221 232 78 148 140 158 89
    242 217 127 21 84 226 188 177 50 129 108 36 116 95 220 73 124 184 99
    28 31 239 96 122 116 246 106 64 97 177 180 94 201 2 254 112 203 85
    77 104 218 231 185 45 3 27 183 81 42 162 173 186 123 49 18 88 218
    237 35 132 0 7 112 28 98 204 56 168 46 115 243 224 217 246 127 122
    255 25 0 23 251 236 153 212 233 29 187 100 206 7 97 46 11 46 47 51
    208 136 84 104 36 41 8 33 28 65 66 215 188 116 176 77 0 191 10 241
    145 163 158 222 151 142 224 173 133 196 243 216 220 179 220 155 229
    248 178 165 204 173 189 94 60 22 129 19 11 72 71 163 72 243 67 103
    80 212 201 140 122 160 208 176 148 212 193 204 253 108 169 80 188
    145 149 92 212 22 109 52 154 244 134 197 223 62 154 124 76 87 195
    196 10 20 236 206 39 155 60 190 22 20 159 157 173 27 223 166 88 30
    215 204 182 171 156 138 177 52 243 88 113 154 217 124 185 92 74 215
    177 225 91 173 84 156 50 33 154 134 54 95 194 15 70 62 58 9 231 179
    221 20 65 17 7 164 115 192 45 111 103 115 146 108 187 48 130 122 37
    250 59 177 22 137 251 251 131 217 30 214 78 57 233 174 49 78 26 128
    126 63 240 140 180 104 43 150 48 86 39 84 22 42 77 199 151 24 79 157
    195 116 6 210 195 139 240 239 146 32 25 126 31 44 46 1 188 70 198 68
    232 124 130 230 252 180 47 55 35 2 102 36 202 127 240 130 37 241 209
    100 21 34 137 207 25 204 120 64 8 224 12 119 180 212 160 193 73 222
    71 238 101 169 127 65 40 76 106 92 108 85 246 116 232 245 217 211
    175 235 31 70 168 124 228 106 222 31 122 58 4 233 97 210 180 111 160
    133 64 234 197 236 228 104 166 240 36 160 198 86 19 249 232 101 85
    251 62 27 95 157 101 0 59 165 160 44 235 206 19 176 11 163 230 72
    224 104 131 124 169 51 130 196 181 129 101 238 46 218 57 147 169 172
    33 72 41 153 113 155 15 82 180 175 13 139 52 233 90 166 104 232 95
    242 181 142 136 33 150 126 25 128 176 139 97 116 86 239 92 161 182
    235 52 229 67 147 124 89 169 174 145 175 138 4 154 60 94 37 252 101
    107 5 51 251 226 27 81 235 208 28 41 79 35 103 32 121 6 254 134 217
    251 159 113 124 68 243 3 39 191 175 163 67 49 55 50 95 158 108 244
    113 211 143 191 32 180 55 136 151 44 120 234 205 211 48 103 125 6
    162 132 1 114 170 235 130 164 155 165 163 43 56 249 27 134 198 186
    145 205 238 43 178 171 160 212 220 194 20 76 185 252 126 226 138 93
    255 167 23 31 191 225 90 23 15 76 1 195 173 152 205 116 51 104 191
    249 174 226 150 68 119 104 143 82 234 64 204 238 146 101 186 74 61
    109 14 87 144 238 72 61 174 137 246 34 144 126 31 98 51 31 132 202
    79 191 237 117 44 41 24 237 46 36 13 207 90 80 189 136 231 240 101
    76 91 255 150 253 146 214 32 150 88 233 25 196 119 33 125 236 241
    251 70 227 30 209 214 177 163 207 9 104 158 72 63 137 252 51 83 41
    221 197 117 58 117 7 148 197 217 26 38 93 145 74 222 242 22 247 135
    159 194 163 202 217 31 163 175 182 250 151 196 14 177 255 32 226 60
    139 12 11 166 153 97 135 187 21 204 178 139 60 173 236 224 24 197
    120 153 5 244 244 77 58 118 253 63 26 166 125 24 174 237 151 218 26
    92 107 112 57 245 46 151 93 118 181 14 61 131 90 139 101 38 144 228
    68 191 119 126 192 1 5 15 48 163 194 110 157 129 22 80 248 193 11 62
    198 29 42 66 138 124 13 63 50 106 207 67 80 41 158 171 71 70 153 202
    28 234 14 234 70 159 120 106 192 177 128 179 172 104 67 237 7 185
    129 102 14 252 107 98 96 79 138 149 148 52 42 60 145 77 106 141 67
    227 44 107 161 200 66 234 245 30 191 185 254 167 229 3 207 237 144
    18 219 200 88 215 199 136 10 103 131 161 26 91 20 176 168 230 11 248
    242 75 193 120 203 127 2 137 202 166 146 225 79 250 204 198 5 64 253
    4 10 59 169 123 170 190 189 130 82 192 229 143 47 105 79 187 91 124
    226 252 117 91 248 238 156 215 22 48 68 132 101 205 193 127 123 227
    29 212 230 212 75 119 198 188 150 254 203 241 76 245 100 3 89 118
    251 20 69 175 200 107 88 84 242 223 80 109 66 224 27 106 184 178 15
    119 89 106 231 90 137 66 134 226 126 69 215 52 14 152 244 85 74 251
    10 33 164 170 43 100 84 232 24 203 22 170 160 126 161 145 105 4 151
    242 218 72 170 59 206 131 183 55 157 140 177 94 137 200 250 68 230
    66 227 26 168 149 61 121 179 161 178 59 8 56 33 18 4 29 211 81 160
    89 8 236 247 38 181 208 215 146 208 248 120 12 59 150 135 142 240
    246 1 45 107 25 217 83 76 107 73 80 117 168 95 224 164 212 135 220
    241 243 121 50 40 235 66 120 108 75 88 99 5 81 208 170 108 59 9 100
    14 48 143 95 22 1 161 223 158 236 201 240 92 176 33 162 170 179 167
    204 129 138 22 93 137 110 165 46 23 47 49 18 189 139 6 199 36 179
    114 219 98 138 157 164 127 193 150 45 122 12 154 90 244 148 55 85 30
    169 93 115 135 15 20 187 201 28 226 26 53 156 215 0 1 77 241 76 192
    121 68 62 63 209 158 42 89 74 2 216 193 186 18 0 178 162 234 253 130
    90 245 33 170 251 205 97 215 170 34 58 186 148 44 95 202 183 103 247
    194 12 33 13 221 65 225 78 53 78 99 139 211 76 168 188 94 80 96 75
    128 62 235 190 184 232 243 24 125 105 241 138 2 237 46 239 110 77
    183 71 251 62 29 54 172 219 207 89 221 211 223 199 86 87 39 240 2
    254 75 40 71 69 146 81 35 194 13 188 8 4 84 168 133 36 43 133 230
    237 196 90 128 1 110 144 11 207 101 229 212 171 206 124 168 31 37 84
    43 82 16 168 9 163 151 18 253 69 41 216 85 19 248 202 231 33 179 200
    83 60 199 1 209 174 40 33 83 26 90 134 111 191 71 26 253 244 110 236
    40 108 210 160 171 185 41 235 117 12 119 71 175 97 77 33 218 131 42
    17 19 170 151 223 147 109 4 182 83 106 139 10 231 155 126 150 106 23
    79 7 141 210 42 228 123 46 226 232 149 92 86 6 156 3 173 167 125 179
    176 126 211 121 172 46 159 231 160 99 187 45 63 83 212 165 200 120
    86 71 221 207 28 84 133 4 19 242 49 89 201 21 160 203 40 13 163 71
    215 123 194 156 252 172 221 92 82 110 149 164 67 195 187 39 240 12
    239 190 29 13 239 188 92 149 178 222 56 198 150 91 252 138 71 194
    104 159 95 238 120 219 94 1 222 162 67 230 40 114 150 76 17 119 40
    227 232 238 19 149 63 127 138 239 123 142 175 211 212 156 131 73 105
    152 60 138 220 66 111 86 162 158 100 129 235 7 246 68 173 179 250
    238 167 86 185 91 188 1 151 68 99 7 200 249 62 216 139 24 112 12 144
    67 198 89 205 255 94 90 251 144 35 39 244 34 220 117 224 222 29 220
    97 197 197 113 53 169 96 77 248 221 148 209 84 96 184 236 7 91 92
    108 140 125 21 7 78 88 236 132 179 47 114 233 31 245 218 236 213 251
    89 42 77 248 0 171 128 34 20 234 239 32 116 17 70 45 20 29 249 168
    114 245 204 163 76 215 213 35 142 233 39 83 155 17 147 219 77 226 85
    65 52 117 190 225 172 16 235 239 118 145 221 219 109 112 153 74 195
    160 128 88 39 206 133 243 39 168 94 27 96 146 120 194 136 81 123 89
    5 188 101 188 37 230 175 39 131 128 171 196 182 232 30 176 229 79
    180 40 33 59 21 126 207 211 73 207 94 28 0 200 57 78 30 175 28 186
    103 201 20 209 186 145 133 65 97 135 24 14 47 107 184 145 121 157
    227 248 81 174 223 68 5 67 111 128 194 75 72 164 146 145 104 113 113
    220 157 192 11 177 50 184 89 202 239 192 185 9 36 251 231 253 201 22
    121 88 118 56 57 146 182 12 231 97 117 132 134 43 159 125 53 8 121
    124 1 30 195 129 238 160 44 89 149 121 97 102 52 175 247 75 105 187
    129 161 44 174 12 155 174 124 75 15 162 213 86 159 155 232 180 95 6
    154 173 179 30 74 161 59 158 41 149 175 188 189 160 18 76 23 47 95
    138 161 157 91 95 221 227 86 112 198 186 94 133 82 219 151 11 13 18
    66 24 213 182 0 148 115 134 172 124 11 16 142 164 94 226 91 113 214
    143 213 90 31 117 142 70 64 241 145 11 81 166 42 135 68 17 35 55 144
    193 218 89 80 223 77 115 60 212 56 106 115 123 223 234 44 166 198
    201 44 41 156 28 166 6 132 7 223 209 82 232 140 50 144 207 10 223
    235 208 37 170 52 189 99 47 142 67 219 0 184 232 150 49 236 222 0
    210 252 113 104 54 66 191 209 124 193 165 40 51 186 53 57 243 162 18
    101 58 141 5 225 207 6 30 67 82 105 244 74 40 136 138 14 189 30 152
    174 0 24 113 92 194 136 1 234 108 208 84 173 156 85 105 95 239 192
    177 79 27 161 228 57 137 170 40 200 21 118 100 115 120 176 218 132
    114 49 55 224 159 196 41 54 112 39 57 137 22 186 145 223 55 31 35
    183 198 4 199 139 120 32 240 26 94 21 3 175 164 122 163 115 146 136
    226 116 123 204 186 167 19 243 252 181 177 85 53 202 12 231 65 197
    214 102 246 112 184 117 87 17 39 109 195 37 204 93 66 194 105 57 176
    26 116 61 77 198 215 149 53 55 168 236 62 201 68 203 219 100 66 6 20
    153 154 170 63 149 58 133 205 51 242 67 141 10 35 42 149 101 9 165
    247 247 45 149 55 44 131 136 100 119 107 201 213 90 251 108 34 32
    188 247 119 40 211 175 234 47 106 180 84 117 195 65 161 155 161 22
    127 249 227 229 64 5 151 168 61 186 155 38 220 232 153 75 70 152 164
    12 113 214 218 183 83 168 139 25 247 49 67 136 247 22 129 251 77 64
    216 49 83 158 38 242 9 30 127 243 233 5 157 178 175 197 225 203 78
    189 137 33 254 193 125 127 47 139 246 138 9 2 167 9 159 206 71 181 4
    189 50 196 31 97 218 92 182 131 249 192 220 18 131 27 64 80 175 66
    172 172 79 65 103 155 225 187 44 66 151 219 120 173 132 177 248 21
    189 3 17 64 14 153 237 45 36 189 10 38 235 218 245 59 197 64 252 23
    121 187 134 127 212 108 204 135 99 85 232 255 35 72 37 71 68 202 31
    211 61 238 47 118 212 247 190 172 152 92 20 105 217 43 134 171 215
    95 127 254 64 86 71 183 38 135 174 239 128 118 41 159 154 140 94 82
    152 159 78 44 72 1 18 249 232 7 226 236 23 36 130 77 212 236 104 106
    66 128 4 175 254 134 52 123 253 49 123 18 64 47 225 57 101 132 189
    10 135 181 149 90 83 141 175 237 251 19 199 179 222 195 194 251 146
    223 81 25 200 53 185 15 88 7 206 81 51 162 202 252 116 231 132 222
    83 203 97 97 66 227 167 232 74 64 30 63 95 96 221 141 219 111 128 35
    71 165 188 70 122 32 47 78 171 182 4 186 252 70 185 254 237 217 22
    230 42 185 128 3 102 149 23 11 102 217 49 37 207 135 224 21 89 219
    76 199 194 234 241 201 22 255 61 232 241 212 79 230 162 20 252 158
    93 209 7 149 42 182 83 16 11 213 145 23 210 182 159 118 152 118 121
    234 61 130 11 4 224 102 51 164 81 203 214 159 255 183 45 111 159 117
    177 240 184 230 91 109 236 173 127 192 167 42 95 188 231 153 250 42
    164 45 210 245 204 157 229 38 2 136 146 180 128 40 136 70 173 190
    149 15 202 183 142 77 125 56 121 50 14 2 141 35 161 108 177 45 188
    232 8 60 235 252 236 92 15 65 29 103 223 238 26 60 212 112 76 248
    145 93 19 161 214 66 103 55 22 3 190 119 116 97 193 112 155 99 231
    255 172 22 11 147 40 236 174 52 37 216 151 32 167 64 182 58 228 70
    211 150 26 9 182 35 9 110 73 202 200 247 67 59 189 62 219 23 20 15
    207 121 190 159 249 1 28 119 103 114 10 203 232 236 127 91 3 94 153
    221 128 106 208 90 140 26 183 49 17 145 239 64 173 238 217 137 94 98
    91 61 218 114 107 135 9 131 194 134 114 56 206 246 101 23 158 58 220
    219 104 246 215 84 26 161 133 13 178 145 49 92 35 84 50 29 96 171
    132 144 240 205 100 60 244 41 200 17 53 155 167 7 218 222 218 184 20
    70 205 235 11 70 76 234 15 60 111 111 219 12 119 145 57 139 147 118
    65 212 176 184 152 184 248 63 135 6 155 15 15 64 214 48 25 89 247 29
    167 203 160 39 77 147 49 190 50 29 71 152 110 152 206 202 254 22 193
    119 228 122 155 214 7 174 213 20 157 67 122 222 94 132 195 200 84 13
    179 238 76 31 129 251 74 44 82 253 73 181 111 54 252 163 21 158 4
    142 16 59 128 51 217 33 129 44 45 55 122 107 139 172 87 205 137 128
    148 115 133 199 88 18 250 180 111 110 255 75 170 78 127 36 227 20
    237 253 133 247 151 201 2 166 159 92 65 100 106 233 123 165 189 64
    105 228 4 162 33 71 36 101 114 101 40 17 107 60 241 19 9 31 194 168
    246 83 35 24 188 64 9 56 183 110 17 234 208 238 222 159 57 156 58
    157 74 178 194 19 124 74 59 57 31 94 204 177 25 70 130 99 60 105 195
    104 207 39 151 15 167 217 212 201 81 96 179 153 122 66 232 78 174
    154 217 7 226 222 167 98 67 218 250 150 3 125 92 230 179 112 26 2
    251 66 13 82 78 209 58 251 240 128 0 241 206 8 145 202 81 43 120 164
    193 172 207 202 180 133 231 86 245 59 183 249 177 228 232 10 179 184
    63 47 19 193 139 99 161 81 158 8 60 124 231 254 183 143 53 53 21 192
    227 103 208 175 241 242 113 169 92 29 51 155 138 17 78 210 116 255
    74 255 24 138 51 3 162 138 226 65 8 201 110 63 218 184 237 202 17
    142 238 198 191 169 57 57 194 217 206 23 90 143 134 170 149 175 237
    64 199 14 55 167 123 222 204 124 92 255 117 164 210 235 5 127 63 116
    150 88 131 23 131 195 7 68 91 92 243 196 47 42 150 242 99 138 134
    171 102 69 150 114 192 133 35 33 11 108 122 97 144 23 104 133 33 87
    36 34 88 9 154 77 255 13 101 71 241 152 93 163 118 191 87 244 1 60
    237 134 164 60 169 172 30 5 67 128 93 128 105 231 180 169 6 2 224
    189 150 171 147 255 103 187 41 89 119 125 73 125 246 108 35 207 181
    154 141 100 123 165 196 227 109 27 116 52 20 31 214 39 56 106 43 149
    102 25 47 40 71 110 106 105 132 87 62 89 246 171 252 103 66 87 115
    190 147 116 84 217 86 75 61 247 39 212 112 9 62 247 204 237 93 70 8
    127 150 39 5 121 53 6 156 65 130 178 228 58 223 163 148 219 180 197
    42 164 79 178 90 208 166 153 34 63 38 166 170 66 70 86 126 137 122
    67 44 134 160 63 45 172 107 118 219 99 144 120 169 56 252 185 131 76
    68 236 7 10 217 20 156 195 48 228 73 99 40 29 161 217 55 198 177 27
    61 250 43 183 222 112 91 241 198 55 122 82 244 23 30 240 140 29 119
    153 249 230 96 221 9 181 51 195 153 61 235 186 153 255 243 99 219 82
    73 23 226 12 186 48 38 179 114 12 154 254 92 237 155 178 15 32 106
    199 0 85 111 237 82 129 152 0 206 103 100 41 23 155 86 142 46 120 40
    168 107 160 103 229 158 124 123 206 212 40 91 107 71 85 192 166 75
    174 17 17 99 108 64 175 171 223 88 103 85 171 254 196 218 63 87 20
    97 73 199 46 253 239 193 255 27 219 1 82 55 52 118 247 151 105 222
    209 78 77 166 105 68 156 25 210 88 170 157 215 103 132 109 92 67 33
    234 36 152 48 32 109 15 162 64 15 205 85 181 106 207 4 129 15 29 84
    81 158 138 83 224 124 35 158 141 121 208 242 100 207 50 54 231 218
    65 153 104 134 161 79 159 54 127 251 249 208 112 203 62 247 96 44 86
    76 240 232 232 41 27 75 68 210 62 98 255 107 85 9 32 4 32 97 129 153
    197 57 125 242 2 201 145 138 172 250 16 29 239 216 77 138 153 139
    239 136 203 71 28 21 24 70 157 154 157 164 160 112 142 201 128 182
    31 76 35 134 196 233 107 88 251 85 237 24 8 220 8 104 168 199 147
    123 37 28 54 65 10 43 240 181 51 29 185 130 45 147 128 249 44 217
    198 198 118 213 134 173 213 210 156 132 109 49 89 182 102 215 4 224
    92 106 106 34 31 228 41 165 192 130 219 243 178 213 140 55 251 54
    107 149 249 102 22 50 46 45 222 190 113 168 10 63 179 197 115 58 47
    225 40 90 118 153 237 127 178 141 24 77 149 56 157 76 245 180 115 90
    183 23 22 114 235 46 200 117 186 92 109 166 140 164 30 63 153 184
    171 16 88 177 244 241 249 112 246 8 90 169 56 151 19 97 139 183 63
    121 77 240 207 145 103 233 147 76 102 126 200 246 30 162 18 98 111
    68 29 238 234 238 6 93 194 34 39 179 185 33 236 249 214 33 133 70
    212 182 77 211 27 143 75 241 10 163 215 209 248 45 236 79 226 142
    133 208 103 145 151 50 251 134 180 241 137 178 20 210 12 176 243 199
    203 149 69 203 205 239 127 32 227 98 76 31 60 162 154 32 12 74 229
    61 77 104 41 15 29 77 236 25 59 24 228 133 48 25 240 167 71 170 196
    157 59 73 219 137 178 66 101 246 49 2 60 40 197 35 47 184 39 173 43
    57 8 30 223 54 236 187 188 200 114 86 85 232 155 0 122 140 175 41
    113 218 203 70 212 157 171 251 115 41 144 174 252 168 2 33 3 239 190
    176 63 63 163 151 94 144 187 81 200 174 85 228 114 28 106 32 50 189
    158 154 42 140 26 140 206 199 131 129 145 224 248 72 195 147 215 81
    165 89 80 28 78 106 198 100 158 42 131 127 248 238 53 163 149 225 51
    198 188 23 51 72 83 247 163 75 190 33 125 232 161 93 11 32 183 180
    184 137 12 198 53 175 69 105 49 134 146 69 134 195 194 69 53 161 169
    60 103 190 168 63 104 158 101 156 171 163 141 97 166 176 145 28 163
    118 116 28 103 225 62 92 159 129 144 71 187 78 90 245 31 26 100 79
    160 62 144 51 232 243 54 130 45 192 144 78 241 98 81 109 154 190 239
    219 47 233 250 207 145 254 209 231 197 149 3 43 172 221 86 165 85 76
    40 100 104 241 87 64 173 124 130 15 40 230 71 150 116 181 178 31 84
    207 109 242 78 142 224 115 181 32 22 222 5 129 108 16 63 102 185 9
    130 137 54 85 132 168 186 59 193 143 147 47 213 221 197 126 77 196
    17 150 165 11 58 191 49 132 54 255 179 95 191 198 52 247 4 178 186
    94 81 214 214 132 54 3 17 215 253 5 3 150 98 206 63 105 105 8 228 20
    117 206 15 48 235 99 130 56 171 254 43 15 109 98 21 38 170 95 111
    161 252 159 28 192 97 145 140 174 36 125 224 166 93 52 73 170 171
    205 209 146 77 62 241 200 174 207 214 159 66 220 97 191 120 205 61
    17 48 159 253 28 206 235 255 243 227 191 254 51 174 158 161 153 127
    38 235 79 228 57 78 37 253 5 13 34 166 23 67 19 170 42 163 117 131
    44 99 244 28 152 102 52 43 91 181 52 143 141 188 123 237 145 105 81
    170 166 222 250 123 174 238 233 27 49 87 124 83 129 227 179 96 103
    230 181 157 25 11 84 90 245 93 169 147 243 50 214 18 82 153 15 19
    144 222 88 4 94 54 118 225 212 164 253 250 67 196 116 175 209 112 86
    42 233 202 148 250 11 65 173 36 143 251 158 11 109 12 64 131 147 135
    102 151 81 176 226 212 78 6 202 105 0 186 246 45 193 43 39 98 58 190
    132 228 67 28 52 162 249 48 13 55 175 217 5 35 211 150 220 240 28
    212 212 94 172 114 204 62 68 167 158 184 90 112 131 215 5 154 194
    200 194 164 97 169 88 176 243 158 155 115 159 188 90 227 55 61 185
    219 41 219 233 108 127 69 12 45 246 87 57 13 98 156 122 210 68 213
    52 28 193 133 96 176 14 7 88 53 28 222 165 23 59 253 253 13 113 63
    77 85 166 177 237 86 244 22 142 43 193 11 197 0 152 135 249 65 29 40
    86 178 107 217 253 127 60 126 67 1 245 189 85 211 245 220 83 130 115
    196 243 10 155 168 44 241 151 99 182 97 135 67 171 13 113 186 199
    136 68 71 247 251 86 111 151 102 187 139 120 60 31 225 63 233 162
    136 210 121 95 159 29 159 4 21 77 98 101 118 107 76 78 178 41 229
    192 39 226 206 38 240 173 48 176 99 162 220 40 131 105 162 116 137
    163 2 100 168 149 41 85 84 34 211 93 113 50 199 117 237 111 20 223
    181 40 158 51 213 158 201 98 166 146 197 116 48 180 19 62 189 233
    127 84 206 173 24 158 166 74 208 95 24 42 42 19 149 110 190 6 100
    136 116 137 129 38 114 230 5 81 99 28 190 189 232 43 86 33 193 149
    111 230 45 56 24 26 113 192 51 173 228 35 142 180 19 152 127 98 88
    177 142 180 68 244 83 128 109 199 144 38 51 12 11 167 188 0 25 90
    129 203 130 32 195 93 236 61 135 212 1 238 58 210 135 82 174 88 173
    146 207 195 234 118 102 242 17 181 116 201 219 237 210 242 159 236
    120 130 124 49 212 10 79 86 118 71 111 42 241 93 183 234 113 45 243
    211 89 58 125 220 87 193 227 107 11 27 227 252 132 169 168 108 20 75
    219 4 140 246 227 65 12 106 105 12 231 239 249 56 128 229 107 191
    244 178 183 229 119 69 13 39 23 146 109 231 145 32 78 203 175 203
    191 131 68 168 121 190 37 75 81 69 21 67 12 52 113 168 206 227 141
    11 126 239 172 149 255 101 149 196 110 48 45 39 237 213 49 59 116
    124 253 248 239 167 250 250 155 51 0 138 134 236 124 70 171 108 37
    155 211 216 235 50 191 188 111 140 64 82 189 94 45 251 34 176 174 19
    114 44 224 142 176 236 21 185 95 218 63 255 0 86 205 34 3 107 204
    229 109 224 218 102 34 217 0 91 102 34 28 165 191 36 192 243 149 111
    212 134 1 121 124 37 148 75 166 219 35 13 127 1 124 136 167 41 107
    188 74 34 190 89 130 108 156 223 206 236 22 53 43 209 1 160 68 39 6
    73 163 53 82 96 44 44 225 239 44 59 28 79 186 219 109 26 37 115 192
    19 145 198 199 121 54 40 110 108 191 35 60 129 121 210 82 139 39 70
    186 249 179 141 27 93 104 11 23 132 35 105 49 251 48 172 74 51 17 90
    231 180 177 33 202 92 22 174 232 60 36 25 206 221 224 100 178 168
    162 36 49 62 56 171 138 6 213 89 184 128 216 213 179 203 160 88 179
    221 121 253 47 153 125 84 169 250 130 15 153 189 146 251 9 77 191
    130 118 239 110 183 230 174 195 205 58 170 194 66 118 152 61 191 64
    179 36 96 87 198 243 200 70 192 221 147 156 126 28 108 35 181 218 21
    220 251 10 83 89 51 41 174 75 160 229 231 48 77 77 159 98 114 142
    125 66 178 100 174 4 146 221 8 24 251 55 128 89 238 202 187 26 181
    86 44 130 55 237 186 3 107 184 205 149 109 151 115 178 52 238 233
    236 157 208 32 100 30 37 85 238 20 162 40 208 229 143 77 2 126 21
    227 32 77 70 108 118 111 167 65 132 230 173 119 189 130 22 199 202
    75 1 52 27 46 33 160 234 95 51 201 235 7 247 159 148 198 166 37 34
    233 217 208 79 36 140 225 91 200 123 67 122 160 109 210 110 18 206
    140 37 144 77 22 125 111 107 183 61 91 179 83 201 165 42 223 194 174
    104 11 4 108 210 183 161 0 10 14 212 165 130 60 201 160 4 32 15 143
    128 142 223 204 21 36 17 17 37 212 117 75 57 109 76 161 238 35 109
    61 81 107 36 159 152 116 108 105 110 5 14 155 185 235 242 198 236
    185 136 135 83 30 62 77 112 75 2 108 236 143 186 118 166 218 194 60
    193 221 38 204 208 27 177 198 126 185 212 94 82 190 185 110 240 179
    254 201 75 50 248 150 18 186 122 173 233 12 148 9 173 116 87 46 104
    65 102 249 138 248 209 78 103 227 31 19 247 163 247 30 49 141 105
    174 173 8 208 246 252 173 47 123 238 228 127 32 61 172 141 24 53 67
    171 89 74 114 136 181 213 49 177 2 217 114 165 236 102 186 227 183
    130 153 143 212 214 105 73 63 165 162 149 6 135 243 183 59 53 79 248
    52 92 148 72 40 237 9 55 122 109 83 96 63 179 253 92 80 9 36 64 46
    25 223 149 128 144 248 33 71 97 108 148 18 119 68 143 8 91 20 96 240
    114 229 81 190 207 164 20 235 37 243 9 250 33 3 124 47 5 111 164 127
    30 42 162 235 145 37 200 211 136 251 134 71 229 191 97 114 130 135
    190 155 72 149 193 123 58 208 9 198 102 189 48 110 188 98 74 83 115
    15 53 220 171 194 29 165 229 168 16 91 188 222 111 8 75 23 20 224
    127 96 110 241 40 212 44 190 156 118 194 163 58 122 69 162 97 35 14
    24 19 97 118 178 205 202 42 35 57 17 155 25 212 224 216 142 8 84 107
    64 192 216 45 254 61 164 84 62 250 90 80 164 209 169 73 78 164 252
    81 109 85 9 46 82 137 186 85 17 132 54 228 195 170 132 74 67 102 130
    2 134 224 99 225 92 137 35 129 224 129 182 145 134 25 181 184 86 179
    56 229 28 112 216 6 118 228 250 140 33 237 211 23 229 251 207 190 9
    154 255 206 96 58 205 71 245 69 242 81 104 18 112 185 40 238 141 44
    183 65 79 176 7 221 191 40 166 198 169 161 150 233 209 210 159 161
    54 210 183 90 51 241 125 73 248 174 183 174 198 241 34 114 8 56 4
    242 73 101 123 14 205 50 164 216 25 99 141 28 105 63 20 56 242 30
    215 115 143 75 78 251 81 85 205 168 218 186 164 106 1 81 8 174 217
    137 79 82 83 115 148 198 51 9 164 67 18 16 21 128 39 63 15 204 211
    170 209 172 30 145 14 13 30 45 168 146 100 181 15 251 188 253 149
    243 15 255 180 9 139 97 155 152 209 78 105 191 239 54 3 165 168 251
    204 118 105 197 175 55 77 79 64 230 12 241 32 47 50 94 188 101 207
    152 202 157 13 177 154 8 114 71 185 235 94 221 67 233 172 218 249
    201 29 143 218 213 153 220 224 243 35 119 31 205 194 104 104 84 24
    99 62 43 198 50 132 197 208 178 117 79 66 101 120 223 130 44 40 114
    65 250 121 187 181 24 61 123 13 140 72 147 40 51 179 85 18 55 115
    139 132 238 84 81 207 129 68 31 132 137 175 127 221 134 215 180 114
    102 199 45 27 168 211 59 21 131 80 227 231 24 5 216 195 149 27 46
    146 175 117 12 106 117 34 209 1 172 235 31 44 69 197 121 178 237 60
    208 158 96 48 23 255 117 17 62 112 212 141 85 254 228 113 52 185 192
    121 213 97 100 171 68 10 61 101 113 97 74 156 140 180 145 179 162
    242 133 2 144 189 15 58 158 122 206 131 37 132 171 116 9 34 185 191
    182 218 190 158 208 190 189 222 98 22 84 35 140 189 13 48 132 192
    140 152 192 198 7 211 167 35 88 189 158 194 247 213 167 248 110 216
    207 74 20 39 3 17 139 34 180 40 165 94 25 121 252 22 171 212 159 233
    4 182 219 3 229 86 129 171 214 192 192 245 183 13 20 143 120 226 110
    238 67 27 48 184 138 110 31 81 230 228 139 233 48 108 64 172 102 35
    164 166 73 227 60 41 2 97 213 112 51 194 84 228 33 245 96 82 157 251
    30 223 85 222 8 6 4 209 155 145 15 204 192 71 191 197 85 169 89 32
    104 192 169 179 175 154 0 227 130 166 33 97 230 145 211 148 38 119
    135 80 203 101 5 164 65 133 159 129 239 46 208 34 213 227 203 112
    125 145 63 204 104 120 227 226 170 19 27 252 10 13 132 180 163 7 34
    248 85 244 113 82 23 210 121 179 137 232 156 106 74 132 207 119 5 48
    220 147 197 129 149 10 155 43 227 145 168 25 37 122 38 42 47 188 185
    134 240 60 120 23 130 123 248 107 200 99 56 187 97 177 181 213 194
    108 29 241 206 51 48 79 238 228 108 245 251 72 37 230 83 45 113 116
    40 249 140 191 95 172 158 129 225 119 252 153 248 128 73 156 134 166
    25 26 186 58 238 82 255 136 25 27 144 72 38 254 27 248 69 49 24 38
    199 40 147 192 50 107 110 100 44 196 208 43 152 131 60 186 78 3 38
    122 120 7 142 141 128 196 106 1 244 208 237 60 183 77 132 38 171 70
    87 78 109 152 43 1 129 13 113 78 226 239 132 20 20 182 164 122 210
    181 170 191 146 62 151 38 1 189 229 142 206 215 187 13 247 8 15 100
    64 62 40 67 152 133 108 226 32 157 110 49 249 180 134 59 74 194 117
    92 99 113 171 224 213 175 145 60 70 244 248 43 92 190 38 38 131 19
    105 156 210 102 226 152 121 191 245 219 50 116 173 139 4 104 80 102
    114 58 204 23 151 152 217 29 252 23 191 60 195 147 179 105 97 88 13
    19 5 26 18 6 120 152 121 142 178 102 33 98 179 235 251 255 169 21 51
    52 247 161 49 208 102 66 250 169 165 171 113 92 30 10 65 76 49 1 123
    8 57 226 68 243 238 35 109 16 132 104 161 44 46 237 34 210 8 120 175
    208 248 165 3 24 227 11 185 59 215 186 249 208 142 126 213 57 218
    134 223 81 8 183 156 59 162 14 68 9 69 204 253 113 52 227 223 191
    121 19 242 203 40 244 211 81 231 3 80 197 94 19 213 179 122 122 72 0
    138 232 154 12 253 187 54 80 39 95 82 180 35 175 101 102 148 210 44
    3 22 82 231 10 30 236 69 104 214 157 255 82 165 122 205 164 93 199
    139 61 197 157 65 61 10 255 188 171 19 144 223 122 195 150 169 196
    190 76 17 189 74 117 209 196 163 197 23 245 174 102 84 14 238 3 127
    245 21 129 242 74 220 254 158 191 81 132 150 25 82 247 204 246 83
    133 164 77 193 249 188 206 57 255 192 225 169 69 190 67 175 240 224
    241 90 45 159 116 156 96 117 96 82 46 109 128 255 28 229 112 99 80
    116 170 4 85 120 193 153 192 218 136 204 42 74 74 84 93 92 66 188 95
    105 239 40 90 193 9 220 89 108 255 74 80 149 39 108 246 199 179 15
    215 17 197 17 110 228 187 162 243 197 250 220 250 4 244 88 188 134
    68 23 162 98 78 7 184 165 162 229 218 95 206 237 235 120 117 190 211
    104 201 46 250 166 5 164 251 230 175 12 105 45 5 36 16 237 231 89
    211 97 154 45 193 91 248 77 241 17 231 207 149 205 225 168 127 250
    152 164 6 118 222 231 58 226 107 145 13 48 210 35 122 108 2 167 230
    231 205 122 71 180 70 240 155 96 9 87 14 180 222 221 29 21 45 254 51
    184 54 126 224 134 102 202 125 39 174 57 20 82 27 46 54 239 169 40
    47 28 37 169 31 248 88 148 21 131 20 239 121 41 132 111 65 123 209
    203 98 152 251 177 162 64 133 117 185 249 168 163 25 124 169 219 203
    187 119 128 215 106 68 6 126 30 122 195 175 191 165 115 13 222 57 15
    188 231 121 166 150 149 104 219 193 42 72 197 18 243 156 239 52 55
    222 14 213 163 46 98 61 185 3 151 142 81 0 100 86 25 240 59 34 81 80
    30 38 193 0 96 147 141 120 128 46 225 186 63 81 46 72 57 244 243 118
    66 83 255 148 57 143 195 111 92 224 137 5 181 118 43 76 126 146 132
    92 21 106 179 72 39 154 234 5 146 233 223 242 15 82 189 4 236 14 87
    11 36 109 216 108 172 84 132 185 209 111 202 75 135 82 123 239 188
    78 115 108 74 139 114 60 128 157 183 8 131 149 50 86 65 137 124 169
    44 216 134 218 230 17 12 38 33 98 231 50 82 181 0 187 230 140 176
    212 40 112 83 199 202 139 185 53 49 195 78 178 200 159 183 33 69 9
    23 19 184 71 41 232 56 0 36 1 164 35 103 38 236 248 70 9 252 105 90
    214 10 165 135 148 61 250 113 95 28 140 68 11 125 89 78 234 215 7 91
    156 4 94 181 104 165 30 12 213 170 161 119 202 187 140 159 115 176
    214 2 198 52 164 145 154 80 77 0 229 214 81 124 44 237 242 59 191
    221 94 240 226 101 119 100 189 203 197 4 86 151 115 74 65 247 212 46
    101 53 33 73 0 13 55 220 48 201 23 94 54 71 23 184 68 1 251 98 151
    122 139 209 48 218 255 242 6 23 98 108 148 62 218 144 40 138 63 62
    239 39 56 77 229 243 208 83 83 155 183 60 93 87 241 82 199 71 250
    100 227 24 240 125 15 56 201 46 129 196 90 114 247 19 167 18 151 139
    236 247 146 82 120 221 14 58 250 224 212 20 111 62 36 233 186 191 19
    25 221 65 197 222 238 96 225 97 212 19 226 61 132 84 150 120 241 174
    12 193 239 133 100 108 158 190 189 84 152 196 30 18 20 66 207 142
    208 155 36 111 100 170 91 226 219 79 220 132 192 168 226 13 123 42
    51 58 111 61 41 185 152 77 31 13 60 156 48 170 75 225 206 17 22 9
    179 113 234 175 48 75 253 244 197 44 95 49 166 248 20 134 97 85 180
    137 179 92 244 154 91 163 250 74 113 170 158 204 90 186 160 12 215
    116 234 120 94 138 127 121 86 211 224 163 203 38 126 32 100 101 205
    224 26 227 89 41 193 144 186 77 170 155 220 238 218 205 6 239 3 52
    38 184 175 247 33 148 222 244 191 26 73 0 121 41 168 210 189 77 169
    175 112 49 119 91 79 192 173 255 178 45 75 98 237 63 89 144 14 81
    217 217 72 200 65 155 24 34 254 93 55 200 146 45 21 142 215 115 136
    38 186 93 209 153 249 81 144 95 142 103 198 132 114 110 105 82 247
    122 163 28 121 221 163 49 41 232 152 35 175 245 250 143 36 55 102
    205 223 215 203 138 191 140 128 47 115 51 12 195 218 198 188 149 209
    47 16 183 48 165 194 54 1 6 209 65 39 190 213 14 62 76 78 16 249 176
    47 204 41 24 100 64 198 142 88 169 175 14 215 13 117 248 92 126 19
    183 237 109 51 218 75 41 96 192 126 119 198 88 4 47 133 106 26 161
    116 114 140 190 140 207 132 232 160 124 174 221 243 249 220 175 237
    168 15 21 209 221 204 181 208 223 163 118 194 168 111 70 160 190 105
    217 118 238 134 144 105 56 91 165 59 79 94 226 95 57 49 152 64 100 0
    253 18 9 30 72 204 86 115 15 13 60 53 119 244 238 123 172 236 199
    228 75 239 215 150 234 172 72 207 116 200 145 3 31 107 196 1 169 72
    48 111 101 233 73 159 59 123 210 129 56 172 220 141 151 110 228 0
    237 157 106 104 244 85 109 197 39 219 207 234 19 114 234 3 11 78 166
    47 39 100 46 13 125 230 88 16 108 140 38 226 180 107 61 252 10 40
    166 87 110 99 9 45 227 22 226 192 236 236 55 173 166 77 237 13 200
    75 31 228 210 163 64 119 146 105 197 69 115 187 27 240 86 80 136 231
    170 182 100 192 150 66 238 250 8 208 137 94 136 42 34 226 85 43 237
    158 106 167 57 202 248 163 49 175 75 60 123 104 197 211 121 229 218
    181 115 110 109 63 5 223 162 18 170 92 88 174 251 193 49 139 196 105
    203 59 172 152 15 110 95 87 246 192 7 131 132 192 48 63 176 133 230
    17 210 40 75 124 94 142 194 120 204 127 81 134 124 66 233 75 171 194
    150 42 220 127 221 208 193 170 137 145 183 153 114 180 192 44 22 7
    109 178 103 140 207 91 191 29 198 219 18 210 70 230 76 130 141 89
    254 26 236 200 158 138 2 51 40 254 108 233 53 125 218 193 105 197 90
    27 42 250 181 52 206 184 182 201 145 57 106 200 178 71 179 78 102 42
    225 62 2 68 156 19 228 32 223 27 213 177 143 107 224 95 212 251 255
    52 205 247 135 198 119 16 252 28 249 137 4 178 236 11 235 253 221 52
    127 12 67 26 7 191 248 66 10 160 199 179 146 172 23 140 107 26 237
    54 98 8 169 134 5 133 57 214 2 57 128 179 249 195 72 96 244 155 248
    6 138 200 111 136 89 196 163 159 10 41 137 159 170 165 126 170 223
    150 141 178 83 9 22 137 82 214 9 65 178 95 97 11 41 53 175 85 172 20
    135 242 123 69 176 191 230 48 53 212 213 20 121 110 225 65 252 105
    130 60 212 74 251 64 117 58 154 188 10 15 112 252 240 143 139 76 47
    127 248 214 60 76 175 157 223 35 142 166 181 128 54 238 60 246 244 7
    154 154 142 170 235 222 248 18 7 247 38 37 208 37 44 42 101 220 143
    170 193 224 153 137 111 3 210 206 43 51 72 49 180 73 191 224 111 162
    15 116 194 58 175 239 175 51 219 246 155 203 10 146 146 94 175 19 27
    198 248 217 113 241 15 44 118 54 111 236 24 243 133 154 137 14 108
    206 152 146 102 187 120 76 70 24 114 41 147 233 57 209 94 195 244
    156 36 228 34 184 160 207 166 76 22 97 190 75 180 224 185 19 61 146
    231 156 112 65 189 214 187 13 106 198 89 93 181 28 164 238 125 51
    148 140 103 108 224 120 195 113 91 128 160 49 197 188 158 46 189 84
    206 177 90 184 140 220 43 234 91 67 58 181 153 75 204 58 174 111 155
    207 14 31 25 125 78 156 193 151 182 148 131 77 227 83 153 101 77 185
    117 27 80 181 186 45 59 221 185 54 151 167 173 201 32 140 210 195 92
    3 220 81 234 41 109 249 53 137 112 69 9 94 95 73 213 93 164 222 69
    151 70 249 45 243 34 243 28 2 53 101 86 248 140 4 155 94 217 128 21
    84 162 140 207 226 248 202 229 252 191 14 113 205 122 171 92 93 91
    69 45 166 153 202 132 147 152 21 85 210 244 202 33 62 195 202 208
    156 149 115 206 232 75 59 127 80 198 246 28 122 161 101 89 209 184
    134 212 48 162 219 176 74 8 52 16 124 128 243 38 243 99 109 126 244
    105 127 100 48 198 152 32 193 158 224 1 190 232 69 25 56 162 80 94
    163 249 43 34 217 64 212 9 91 131 232 197 105 96 206 42 35 159 25
    173 29 71 170 230 145 172 37 28 179 226 145 122 84 139 182 129 55
    154 138 201 58 64 95 50 190 28 69 143 146 88 107 166 251 88 78 202
    104 189 158 226 207 155 56 94 80 7 42 78 115 100 134 246 40 119 49 6
    82 91 234 96 53 187 167 89 180 214 248 37 90 175 252 67 112 30 167
    219 187 31 202 116 229 214 47 134 156 173 148 233 245 173 117 250
    181 104 171 84 115 26 155 167 222 133 177 195 78 214 221 239 32 247
    128 51 64 83 21 156 145 176 184 6 242 70 137 50 142 240 222 251 155
    207 175 1 102 99 138 65 6 16 149 91 240 60 13 58 3 70 244 58 222 23
    166 31 107 5 133 160 107 84 80 210 67 73 198 81 136 170 130 155 184
    151 209 161 181 43 241 140 59 208 200 123 134 123 144 109 68 213 108
    213 67 185 180 50 146 108 39 45 69 85 160 91 11 99 1 149 240 33 234
    187 79 96 211 76 72 168 42 176 218 53 246 212 48 90 236 163 6 85 111
    78 48 50 170 121 252 203 237 183 106 108 43 238 109 34 17 41 29 137
    195 50 151 86 159 151 124 197 24 83 153 145 226 31 137 109 99 58 126
    164 224 134 23 238 3 232 182 54 174 247 124 198 189 179 138 205 221
    81 234 190 104 236 131 23 229 184 77 150 135 103 178 92 170 194 250
    112 179 32 205 84 254 101 68 133 227 236 218 35 16 76 65 197 219 30
    172 79 159 254 212 43 73 231 44 19 228 116 170 234 110 252 144 204
    68 162 233 161 5 190 251 65 135 199 142 38 214 54 242 218 180 195
    184 44 119 28 131 144 2 50 200 205 211 133 201 63 145 183 25 139 148
    67 136 67 193 58 196 221 170 168 94 59 165 86 207 245 26 152 200 44
    19 184 107 223 200 243 126 66 20 138 27 72 234 147 224 18 148 205
    123 242 164 127 16 99 214 97 129 116 102 23 158 89 173 139 77 166 0
    179 133 202 187 74 182 75 247 230 109 196 50 226 208 148 189 70 107
    112 125 14 94 241 77 170 13 227 145 79 102 146 217 163 160 49 96 174
    1 40 54 216 63 80 237 220 48 127 120 0 125 33 241 64 239 126 150 31
    62 15 194 114 165 47 93 118 93 20 244 169 131 87 19 149 169 156 164
    99 208 31 42 99 243 209 194 222 10 137 195 125 231 27 28 201 142 252
    176 217 76 206 139 108 104 206 10 134 80 152 24 95 153 139 136 183
    95 254 47 232 141 101 153 244 145 122 30 87 108 7 119 191 41 39 148
    74 40 26 176 73 208 122 40 115 79 20 184 39 147 18 40 180 21 188 112
    169 95 229 1 135 54 221 118 32 3 202 101 127 58 61 81 21 77 249 169
    252 143 126 171 160 172 119 216 58 176 27 222 177 216 106 194 96 187
    233 140 46 23 191 189 90 3 101 28 104 9 100 231 39 121 172 229 197 4
    146 36 93 82 191 200 86 177 172 84 229 59 40 206 255 40 51 132 164
    60 133 217 219 21 54 82 62 122 100 124 182 128 45 44 98 140 247 199
    206 102 234 49 83 1 133 55 213 149 137 134 208 209 146 227 46 59 134
    79 58 174 33 1 102 246 20 111 126 250 77 230 192 82 164 71 116 12 0
    149 218 69 214 140 60 249 132 78 59 99 234 123 218 68 55 13 95 155
    77 80 36 132 79 119 22 38 240 27 153 145 56 25 200 106 66 4 138 143
    144 249 211 94 63 174 107 35 20 0 13 76 201 210 206 134 140 99 206
    32 184 196 188 186 27 231 138 20 83 147 134 65 66 128 147 87 196 32
    37 54 22 167 71 190 175 104 85 199 242 74 103 212 0 156 222 224 50
    192 254 16 220 44 164 196 13 212 97 102 113 11 182 90 134 68 160 157
    54 80 179 39 234 77 42 139 85 19 222 206 12 17 5 151 225 169 88 118
    250 242 249 65 241 93 3 171 213 87 191 209 80 104 177 203 114 79 90
    135 248 124 212 248 61 202 233 104 1 243 165 80 21 87 112 126 69 65
    112 118 158 94 55 108 217 222 124 111 161 14 102 29 9 104 96 155 3
    177 184 200 188 240 19 82 238 185 200 11 44 241 231 182 203 206 148
    220 103 144 27 103 80 63 43 215 176 164 216 153 24 171 29 162 80 238
    106 190 228 32 59 141 193 49 202 18 152 212 150 172 42 157 187 181
    122 59 206 171 127 64 79 250 204 245 228 250 202 62 238 103 107 127
    152 72 217 227 88 55 135 134 98 26 74 71 196 58 171 97 8 136 199 163
    42 120 20 40 227 200 108 92 210 98 170 44 87 87 45 190 87 45 69 232
    189 109 16 252 48 231 211 45 191 235 236 21 78 179 221 178 54 29 117
    126 145 21 156 104 181 174 191 179 216 237 8 226 101 5 202 190 0 227
    5 155 193 208 6 235 222 224 209 190 129 110 179 232 90 197 135 93
    192 244 108 203 72 127 218 170 109 188 189 3 111 124 200 33 4 133
    229 4 28 84 38 176 84 172 169 139 87 246 193 133 33 56 175 170 105
    249 96 183 161 90 152 104 183 38 114 248 231 197 228 13 189 41 61
    112 199 200 131 116 174 215 154 33 207 58 67 70 34 172 229 223 6 102
    10 33 33 61 116 20 120 103 87 227 108 30 203 120 234 234 187 61 85
    89 232 9 6 177 103 205 201 198 151 137 83 206 115 124 102 66 42 89
    130 10 29 115 76 179 167 150 212 7 56 236 135 13 123 196 8 129 83 68
    183 253 168 53 34 126 2 109 118 18 71 103 150 194 169 201 48 8 242
    29 45 69 253 11 215 252 193 36 97 88 228 0 176 253 156 50 8 103 106
    159 73 188 12 172 133 34 221 77 75 184 142 140 234 180 206 252 44
    159 236 141 167 19 199 205 220 183 25 46 60 17 203 229 159 52 17 12
    200 41 252 249 177 161 237 91 40 242 200 177 63 229 123 88 72 1 102
    125 158 211 0 191 7 60 90 101 96 37 174 33 82 24 42 62 76 180 227 65
    240 154 154 220 144 196 233 72 29 195 129 245 74 90 93 40 210 163
    216 131 67 10 163 213 163 211 173 83 21 37 234 73 255 174 204 56 26
    148 25 192 227 48 192 62 244 9 143 112 119 120 85 198 9 42 92 39 209
    7 102 254 203 40 156 239 7 238 134 104 236 156 101 135 116 253 23 57
    240 184 203 196 230 105 231 178 105 42 110 25 219 189 7 110 151 32
    71 68 75 105 61 228 107 237 200 125 152 168 82 144 12 41 207 209 248
    13 223 148 154 22 154 142 9 98 5 121 86 228 158 49 122 91 7 89 68
    247 205 53 135 32 188 208 80 84 83 229 175 41 246 56 190 207 46 20
    108 42 41 75 204 196 41 255 69 17 211 117 86 0 87 73 158 234 242 89
    72 181 56 136 173 133 67 244 7 202 0 169 227 125 191 84 41 80 233
    227 119 122 98 229 228 65 128 83 134 241 9 210 239 45 189 157 4 220
    165 243 60 119 130 70 144 221 61 153 133 48 233 51 88 52 52 146 233
    212 70 58 56 50 56 86 108 170 232 237 13 54 46 41 231 112 156 70 177
    180 141 250 26 139 113 202 221 205 151 47 167 160 61 22 186 179 200
    50 171 40 175 25 212 184 229 152 184 63 135 196 236 11 121 125 67
    106 254 3 128 100 49 19 25 225 42 153 234 15 125 64 3 148 39 17 67
    16 15 141 97 34 0 79 210 95 245 25 27 165 237 56 79 6 243 2 138 28
    148 101 115 164 164 247 226 135 212 154 118 133 156 141 115 18 232
    205 22 227 210 69 129 46 36 66 241 73 218 64 245 131 145 221 2 109
    229 253 112 220 119 62 170 11 179 128 219 199 234 15 181 208 39 62
    158 136 62 151 51 102 110 2 62 190 12 235 137 245 174 255 183 29 111
    174 252 186 206 88 118 151 141 55 252 206 66 217 232 117 138 152 18
    215 199 23 4 68 84 39 227 175 163 211 181 6 106 130 102 191 107 142
    158 28 168 208 52 221 159 206 217 69 236 126 12 173 2 133 98 183 14
    236 149 150 151 123 107 53 187 190 45 235 38 30 94 44 127 107 190 64
    127 121 73 210 1 92 228 205 44 58 170 194 179 125 161 39 141 61 189
    19 91 48 83 216 99 75 124 192 223 97 37 221 204 33 216 240 137 46 42
    197 117 207 232 24 80 8 79 38 8 247 36 179 162 202 23 251 10 187 224
    125 176 100 15 126 19 223 234 161 215 47 92 239 241 162 6 171 12 35
    177 184 30 201 69 157 43 202 251 98 136 18 28 62 108 191 183 247 27
    209 2 180 140 243 213 172 96 244 141 187 52 187 70 4 68 97 212 172
    18 173 202 181 14 66 223 41 107 89 255 122 80 133 125 95 44 248 106
    11 179 243 147 223 38 50 37 95 121 87 1 26 70 205 235 163 221 211 9
    5 240 194 168 217 252 49 237 65 109 201 173 141 143 32 112 39 76 2
    141 251 92 222 87 178 214 38 255 190 100 142 151 173 54 180 206 7
    130 185 99 143 140 178 50 201 49 58 135 146 50 39 243 145 75 38 13
    95 52 49 79 110 35 78 23 199 50 158 181 87 104 99 163 200 241 194
    120 145 139 198 249 149 71 132 207 132 154 186 42 87 156 194 132 138
    26 232 92 25 206 7 28 192 146 64 103 236 123 180 57 56 58 45 144 250
    15 5 235 18 209 181 205 89 57 73 32 88 186 107 176 129 61 60 200 82
    85 246 227 19 251 247 91 54 60 132 140 242 60 236 26 176 220 156 96
    120 52 228 88 117 86 108 64 243 180 168 94 213 241 214 30 193 176 32
    139 164 103 8 169 129 150 174 194 231 194 174 196 27 72 213 191 247
    65 150 158 52 54 48 139 68 14 109 101 225 5 124 12 176 0 216 63 236
    83 31 190 189 154 170 15 242 142 97 123 103 82 214 56 62 28 59 161
    251 198 154 98 22 6 29 113 220 25 133 211 100 54 7 167 139 28 10 96
    132 54 156 249 115 192 204 208 80 32 198 12 187 64 102 92 79 241 110
    73 180 233 177 9 131 101 213 88 13 97 59 235 186 138 49 247 230 29
    119 8 52 80 134 128 150 187 68 27 85 70 198 155 130 244 77 132 69
    121 166 3 239 178 173 181 50 151 86 217 83 127 85 79 27 197 194 185
    34 156 104 138 18 237 247 236 63 213 2 112 208 139 223 224 189 96
    155 144 214 27 14 125 66 44 53 13 102 226 179 97 14 18 125 245 239
    146 14 85 148 28 67 148 158 135 147 121 187 31 221 204 6 148 210 240
    165 10 155 219 213 217 78 233 191 115 177 99 39 138 240 234 228 17
    24 91 212 16 203 8 200 131 242 187 125 99 46 87 240 178 77 162 230
    83 214 64 62 174 206 125 135 119 150 7 155 63 82 40 208 17 80 56 149
    203 77 51 145 21 11 191 224 251 52 184 71 129 219 100 21 114 171 30
    25 50 201 76 141 78 32 120 66 132 204 102 25 187 221 11 52 142 218
    220 112 103 213 143 92 195 16 240 246 142 82 155 221 101 216 101 137
    225 217 105 176 164 52 0 239 198 179 203 233 62 248 247 221 40 230
    168 154 242 163 177 150 209 231 222 243 0 72 235 208 198 34 133 202
    54 150 247 142 233 222 111 96 220 15 141 37 97 243 76 105 101 248
    104 224 100 97 32 187 48 187 38 134 150 147 44 126 161 130 209 78 12
    202 172 177 17 3 69 104 168 19 92 168 219 104 167 42 100 172 62 1 48
    37 22 191 200 9 68 175 54 126 245 9 35 31 165 92 231 9 195 20 170
    158 34 206 67 6 174 64 151 187 153 13 209 82 110 172 252 90 245 76
    238 147 254 14 152 143 89 75 178 185 249 56 64 130 112 56 228 221
    195 251 155 206 76 70 157 24 47 103 98 125 42 169 46 248 82 57 42
    136 148 154 169 33 98 228 221 213 86 117 191 110 243 192 104 93 32
    104 231 119 22 13 195 38 17 226 93 238 86 245 220 221 174 207 209
    180 173 99 121 182 137 210 52 225 97 251 36 114 223 67 234 113 127
    250 246 53 111 12 61 186 169 8 215 173 184 242 239 128 192 254 23
    120 145 147 188 38 210 209 146 173 141 174 30 199 13 142 183 217 48
    154 100 203 227 79 126 30 175 185 236 95 28 216 176 162 87 89 100
    106 55 188 164 216 141 45 237 43 50 137 169 15 114 86 148 138 36 148
    119 140 68 185 51 150 240 39 157 222 176 171 76 94 93 34 147 237 78
    238 93 22 117 213 102 78 51 30 12 202 106 239 186 182 139 28 231 204
    15 98 70 251 13 117 194 250 174 252 185 88 15 161 247 21 120 60 176
    31 39 25 26 155 187 163 18 62 25 102 120 171 49 21 136 214 201 222
    216 86 222 97 32 158 119 69 246 44 154 65 27 248 79 211 238 187 84
    164 20 44 120 204 68 59 4 78 9 168 24 235 253 117 208 21 176 139 2
    125 235 221 149 211 125 247 186 246 154 148 243 189 60 147 35 79 188
    244 74 237 89 82 148 232 207 0 166 211 87 91 70 19 235 110 184 133
    112 36 159 146 242 131 138 62 164 54 44 121 131 58 221 99 207 199 2
    56 217 229 40 88 101 117 51 65 200 23 193 131 109 68 47 171 201 129
    229 229 255 249 158 10 29 163 147 81 141 57 72 142 106 255 225 141
    182 42 169 5 13 30 128 0 181 123 80 147 231 16 3 171 169 111 91 93
    228 7 45 218 178 44 115 27 22 58 40 224 31 38 17 6 26 243 104 33 132
    170 100 237 105 166 193 42 231 103 246 32 111 147 29 23 98 141 115
    71 224 203 184 75 203 56 121 221 52 126 21 115 144 79 53 20 179 28
    227 235 1 254 157 150 253 186 99 90 26 126 134 199 172 249 17 94 43
    246 16 115 94 243 169 165 214 199 119 149 9 57 69 71 63 193 234 223
    82 158 132 99 207 193 184 107 153 188 156 66 223 48 43 65 194 122 15
    143 195 203 3 248 177 201 169 191 49 106 177 48 61 9 234 214 193 224
    241 115 58 90 68 41 97 251 68 224 251 195 203 108 17 20 255 72 194
    177 104 80 8 38 92 150 99 233 63 236 142 230 235 218 196 84 106 249
    193 215 117 109 81 212 101 219 134 225 41 21 219 153 148 42 135 131
    184 58 93 216 149 245 44 180 90 26 53 6 50 0 34 34 244 82 186 253 74
    253 128 226 67 214 62 182 93 82 114 233 43 46 238 97 235 251 29 214
    104 180 99 251 82 84 227 85 196 214 113 104 132 173 5 40 162 247 22
    187 77 187 86 56 239 170 49 35 237 18 126 100 176 56 178 16 29 75
    165 103 94 239 212 156 54 126 134 213 18 237 110 81 173 97 128 170
    57 87 84 63 104 9 100 107 209 248 140 47 113 11 77 123 139 124 90 19
    45 201 120 133 42 182 91 25 228 106 203 122 194 120 251 188 177 52
    87 192 229 233 153 99 221 204 85 139 161 59 140 130 197 53 70 128
    122 117 156 187 194 139 244 106 120 129 69 202 163 217 7 76 38 244
    186 60 171 169 204 218 179 231 148 85 95 183 164 46 237 87 183 0 123
    52 184 86 97 104 116 178 130 130 224 248 225 83 72 70 193 103 249 68
    202 40 132 233 118 102 136 55 253 123 111 84 50 146 106 58 43 244
    225 58 34 223 122 165 64 86 142 13 235 31 34 109 2 95 167 5 158 144
    153 173 150 74 74 215 232 171 0 119 228 181 94 199 165 100 140 128
    23 219 87 174 174 73 121 120 28 114 29 247 237 156 254 179 166 126
    150 164 205 93 64 74 105 124 215 23 138 52 95 225 42 19 30 84 40 6
    120 44 19 172 123 188 114 90 44 28 129 24 138 169 121 201 239 33 10
    108 118 127 181 200 198 45 48 30 135 225 240 165 39 42 31 8 123 43 8
    39 116 119 71 146 195 26 98 69 132 232 4 178 17 89 224 53 254 226 4
    237 66 197 185 70 96 166 159 251 236 25 201 199 7 62 246 135 43 106
    16 87 248 252 31 12 67 63 137 173 62 95 18 96 158 159 22 4 33 236
    167 157 17 234 245 48 187 109 48 174 132 244 210 224 195 164 50 18
    99 224 178 153 252 157 197 95 179 247 223 191 185 13 118 213 136 142
    130 80 62 97 175 68 199 47 201 205 181 186 233 163 122 36 110 220
    146 157 97 253 108 229 110 178 234 7 87 230 183 105 19 247 88 62 10
    84 55 115 194 197 148 128 46 224 193 152 187 129 70 41 74 6 19 138
    227 98 105 36 15 68 29 241 103 145 118 39 112 144 5 223 174 150 231
    14 95 201 103 161 113 165 194 21 122 171 232 234 91 212 134 159 207
    12 148 173 180 170 95 82 7 174 94 65 14 148 153 22 186 26 23 133 59
    89 237 251 94 163 91 63 253 10 48 34 54 187 211 243 205 51 28 235
    205 201 6 91 23 178 190 83 72 247 63 120 170 249 13 91 117 60 138
    139 25 177 222 121 140 13 167 53 252 147 101 30 214 89 61 55 122 50
    71 107 67 67 228 138 138 18 114 144 117 156 69 136 124 161 22 163 67
    112 254 128 184 153 253 149 118 150 184 127 246 82 226 71 53 209 80
    139 242 183 207 230 0 21 64 222 120 118 39 152 201 36 104 115 50 18
    78 33 222 130 77 216 101 215 144 209 122 30 144 222 38 147 168 232
    148 42 170 37 212 207 37 3 251 70 139 104 169 63 182 148 21 167 180
    17 224 5 12 148 235 62 9 242 26 164 22 187 225 89 115 141 183 199 14
    238 84 87 3 251 125 40 108 221 106 79 14 124 165 178 18 115 229 93
    184 0 33 213 116 182 230 222 205 186 202 2 198 68 194 234 171 87 158
    11 239 224 209 206 186 123 68 44 213 74 218 161 41 153 207 170 110
    98 97 250 215 201 147 223 149 93 137 201 56 206 7 55 159 175 68 238
    50 137 23 84 43 59 85 125 234 143 86 100 236 182 40 249 193 28 181
    127 40 229 77 4 102 126 88 235 208 232 156 89 102 136 145 221 206
    247 110 167 183 48 184 214 75 161 110 133 133 231 94 40 76 176 92
    154 58 54 166 9 149 143 108 197 253 162 202 104 18 66 167 104 2 203
    33 221 187 165 205 255 213 71 148 76 114 188 11 83 41 14 166 226 44
    87 149 150 252 103 40 146 77 121 212 158 59 217 227 94 141 118 114 9
    188 97 8 195 3 191 140 18 80 8 59 206 251 51 50 128 43 89 209 38 253
    124 142 143 205 35 206 181 177 65 142 196 169 186 209 3 75 32 146
    167 217 98 91 172 140 212 177 64 102 166 187 225 174 60 132 100 129
    86 89 106 65 66 41 87 120 154 91 9 191 253 93 98 68 213 224 179 168
    9 97 180 21 177 76 97 215 180 143 16 119 152 207 95 156 74 106 227
    242 18 78 214 222 154 117 134 38 153 238 183 121 230 72 119 247 122
    29 124 2 123 41 62 121 222 9 38 38 15 122 129 38 68 221 241 73 169
    231 22 229 20 5 199 208 119 216 207 156 81 248 145 216 174 51 186 20
    16 87 23 235 136 26 158 54 89 115 224 113 56 156 61 15 57 100 7 140
    159 106 218 68 75 124 174 244 155 127 27 138 16 139 214 131 113 116
    5 93 239 186 229 93 120 11 73 101 164 167 223 161 173 207 36 84 211
    194 75 214 10 180 210 86 173 90 31 174 157 15 15 42 14 208 28 16 167
    139 208 177 102 240 223 205 98 228 62 74 121 188 136 36 45 119 0 48
    32 145 155 29 99 97 159 54 50 32 246 192 166 132 86 73 229 150 165
    130 29 109 75 101 155 61 248 144 130 127 228 92 239 161 206 219 7 28
    151 58 9 103 157 60 92 102 6 137 152 17 65 95 175 152 160 251 190 66
    193 102 52 247 31 49 1 110 73 225 99 208 74 108 169 87 86 52 201 17
    224 34 69 7 217 78 143 171 22 198 138 197 225 141 205 23 67 231 211
    13 220 247 71 101 32 119 54 246 65 211 72 97 153 29 75 218 48 246 94
    114 124 255 104 26 245 62 83 17 33 118 128 206 119 79 159 217 150
    179 124 186 61 61 68 215 49 246 50 171 80 249 0 68 102 111 39 137 14
    148 170 23 59 92 93 104 222 134 200 31 95 103 211 111 2 232 110 182
    129 82 252 120 171 184 106 68 130 188 252 128 181 246 27 93 201 104
    31 255 192 247 128 248 112 134 126 132 67 8 121 161 64 156 228 141
    194 21 176 3 26 121 161 17 219 71 29 35 110 74 236 153 178 129 34
    103 193 235 145 79 147 207 96 234 210 4 100 98 202 55 187 8 62 141 2
    136 235 5 114 39 65 66 119 67 152 243 134 45 146 136 77 107 130 205
    235 100 249 250 186 12 227 132 128 43 240 67 158 14 145 189 179 40
    21 107 48 70 113 129 240 80 56 10 83 194 21 22 119 198 85 139 204 81
    205 209 62 174 248 224 91 162 205 177 150 37 95 110 137 181 149 87
    225 146 203 32 97 119 14 116 221 129 103 153 189 73 49 131 2 58 182
    1 102 69 67 63 176 28 58 98 34 4 6 28 108 237 115 191 139 206 24 120
    7 136 180 126 238 201 214 121 133 48 235 142 207 146 212 199 66 3
    156 54 108 15 96 246 229 6 64 102 215 227 111 58 101 99 139 74 207
    205 103 87 132 148 223 4 229 12 105 104 186 220 43 189 0 44 24 65
    207 12 103 111 216 21 11 34 78 204 16 170 27 80 223 27 231 243 66
    246 93 24 208 107 169 192 61 181 32 43 14 128 52 194 219 199 214 32
    169 113 229 106 198 254 89 184 169 67 109 235 225 211 202 132 78 110
    135 160 152 215 233 218 58 38 149 229 92 169 42 18 39 135 110 225 30
    48 204 168 131 95 146 80 73 254 147 205 146 233 54 221 254 218 192
    146 74 192 62 27 229 90 253 58 102 44 140 194 170 56 243 196 105 235
    231 30 12 48 236 74 142 215 186 212 51 177 65 117 23 82 238 205 23
    198 107 34 190 126 43 213 41 91 217 135 142 85 140 82 232 116 63 160
    106 172 212 161 1 225 118 74 3 70 213 213 39 127 90 63 143 154 169
    90 140 177 5 240 2 212 64 61 86 0 196 123 101 61 89 66 99 250 25 134
    249 241 139 15 144 29 92 0 126 67 139 120 94 176 229 60 246 255 51
    32 141 184 155 230 185 21 97 92 140 88 88 151 37 134 186 215 132 155
    7 253 120 59 30 202 27 192 19 110 77 71 180 34 143 243 78 161 115 13
    30 111 70 108 25 74 38 237 215 154 76 239 89 1 192 65 233 238 249 70
    25 185 64 48 99 152 22 244 198 226 247 220 89 193 205 9 168 210 252
    150 76 243 48 76 172 51 30 250 239 209 95 20 151 208 73 254 188 105
    119 43 245 77 104 252 52 60 170 227 222 0 126 223 247 43 169 152 246
    163 30 85 229 56 46 106 65 138 180 48 28 155 122 29 77 216 228 11
    217 76 31 230 239 142 224 68 131 79 4 28 127 92 242 126 227 214 168
    149 58 102 169 104 227 10 141 130 20 59 19 160 139 0 30 25 83 10 209
    250 222 200 240 173 38 79 240 90 160 29 5 111 63 89 55 243 94 75 214
    81 216 34 128 153 217 192 254 174 38 151 200 156 179 184 85 94 112
    148 220 73 229 130 15 147 154 165 52 20 136 118 154 165 131 58 239
    50 6 150 204 111 127 139 224 104 229 111 98 183 234 108 44 2 182 131
    69 115 101 26 140 30 62 249 80 38 74 0 110 83 24 143 198 179 144 23
    231 150 169 121 232 61 174 87 13 141 209 64 72 11 245 52 26 86 130
    154 188 234 35 4 155 100 70 135 229 176 208 111 16 40 24 246 155 155
    205 188 4 91 254 68 139 8 52 12 228 147 114 158 181 96 156 208 213 0
    179 93 50 140 6 57 16 108 163 13 29 223 104 10 80 159 189 3 26 85
    204 56 118 0 235 97 79 169 121 88 63 17 159 18 166 205 46 218 138
    239 67 29 138 22 211 224 124 78 77 194 154 45 231 198 62 86 251 80
    113 140 78 102 37 184 183 181 104 237 179 177 247 118 165 98 170 120
    147 18 198 44 235 130 27 200 61 246 243 127 101 104 208 202 7 40 114
    137 40 98 85 234 155 236 107 153 208 235 24 0 65 48 33 193 39 48 12
    57 39 239 249 77 62 91 42 141 198 248 207 180 41 70 242 14 188 214 5
    242 183 126 7 189 61 77 6 170 29 172 110 229 73 36 229 218 149 171
    110 174 12 129 156 2 105 21 31 171 164 179 221 179 255 235 109 126
    34 36 187 60 234 89 64 13 178 85 195 114 5 206 108 153 174 160 112
    12 131 245 34 186 78 112 156 41 128 129 60 7 101 105 75 181 22 149
    147 13 168 70 163 74 144 15 54 63 33 243 241 252 31 72 228 124 36
    211 184 229 197 61 215 193 152 134 138 185 189 140 214 236 164 185
    61 167 44 41 58 220 115 212 50 124 228 164 0 8 71 155 86 124 196 32
    170 95 127 195 31 240 148 63 221 42 226 241 128 42 116 203 194 38 8
    63 13 115 87 220 114 6 59 146 172 156 133 101 16 6 240 94 143 255 26
    232 65 80 35 74 141 229 124 38 161 15 62 43 75 101 105 166 18 202
    173 1 38 41 188 17 169 19 62 103 161 203 208 169 141 234 163 217 218
    1 123 217 70 15 56 136 240 173 55 101 171 164 152 78 11 144 224 169
    236 54 102 225 190 4 11 30 252 125 152 132 198 124 211 100 155 0 210
    190 251 206 90 90 229 214 102 118 195 75 24 119 233 79 13 12 141 64
    64 116 220 237 219 233 233 101 114 73 32 12 255 202 139 219 191 210
    121 171 115 225 40 137 249 192 93 180 65 101 146 135 85 147 198 122
    227 3 30 180 246 180 152 248 113 224 37 75 122 244 38 58 151 7 246
    248 209 211 24 61 97 21 189 134 188 134 197 216 182 128 190 165 27
    112 54 244 191 104 217 246 240 40 210 115 218 37 122 78 180 13 95 62
    31 232 104 61 2 149 249 91 133 109 106 243 140 68 110 207 237 48 80
    41 13 191 134 11 160 103 104 83 243 79 180 45 215 227 164 233 231 9
    200 106 182 78 15 162 62 175 95 86 35 199 234 45 25 101 141 211 110
    109 76 55 224 43 133 2 247 17 235 154 230 218 91 171 43 148 17 124
    163 212 188 105 59 23 8 220 172 213 90 255 86 46 224 36 128 74 118
    209 102 170 102 23 47 171 75 131 44 29 106 35 248 247 146 184 195 40
    2 116 105 20 210 0 1 56 111 116 212 74 11 80 243 122 117 185 186 136
    142 164 8 0 15 22 130 235 35 11 86 119 220 77 168 121 186 5 140 147
    45 82 110 248 216 202 61 190 78 215 235 111 92 138 38 216 130 42 47
    242 56 202 224 234 171 54 157 9 197 47 33 44 17 187 146 49 46 245 12
    90 78 201 182 157 151 224 129 74 233 74 6 73 118 76 206 184 250 203
    122 103 26 66 105 157 223 55 107 179 140 93 81 217 100 22 203 71 161
    45 240 140 188 143 68 219 45 227 50 28 180 252 138 28 139 194 203
    136 123 16 20 200 85 121 20 78 161 150 168 237 19 80 44 208 24 164
    213 71 244 41 148 216 221 191 183 186 134 30 200 123 143 64 169 65
    75 86 205 231 134 152 133 154 10 24 246 236 206 124 54 157 146 157
    223 98 215 83 13 38 84 135 187 237 128 26 59 161 56 17 151 147 200
    129 176 72 197 77 108 88 251 53 70 152 1 253 33 224 133 253 19 181
    94 194 229 226 62 37 222 75 10 49 93 245 125 197 162 170 63 22 109
    60 218 42 214 178 74 158 46 197 75 142 170 12 8 140 91 223 8 237 250
    98 232 87 7 213 187 190 91 235 175 160 240 146 61 27 214 194 28 37
    102 195 140 239 42 33 39 213 63 55 252 54 175 52 107 30 179 174 242
    89 46 111 150 224 142 128 106 54 41 71 155 92 103 72 113 26 0 4 147
    202 63 114 238 217 226 103 112 163 127 105 131 46 126 152 172 63 117
    129 211 255 103 69 221 58 117 200 232 178 8 2 125 232 1 251 32 90
    183 219 12 229 75 158 231 156 142 91 213 45 153 184 214 252 232 106
    223 187 140 130 88 193 179 49 148 62 11 200 140 31 66 32 64 204 56
    250 208 197 60 32 198 36 180 227 203 220 62 139 250 5 155 154 0 74
    235 44 193 89 187 138 130 51 21 25 206 33 69 81 222 187 202 226 223
    72 3 221 86 163 28 186 68 139 196 176 240 143 190 195 11 155 149 238
    126 98 83 186 61 148 182 186 103 75 39 46 204 225 25 11 139 52 74
    207 213 160 48 108 173 221 134 189 99 117 123 29 33 115 94 104 204
    40 236 3 31 211 105 138 94 252 53 85 201 255 14 230 149 30 153 198
    78 79 145 182 48 197 31 40 24 61 89 146 78 97 237 169 207 166 3 128
    130 154 95 163 25 139 157 204 99 43 134 252 140 67 205 27 55 72 120
    171 219 210 30 95 115 232 234 84 37 247 155 33 75 142 30 157 188 249
    68 193 126 246 229 102 153 7 187 103 43 184 173 219 50 177 45 34 27
    241 163 225 46 150 110 213 1 88 134 122 80 205 126 44 216 112 218 67
    193 203 121 80 221 2 217 156 32 126 2 39 28 94 216 30 252 147 144 79
    49 122 205 173 162 123 126 23 130 145 40 218 16 78 161 11 248 141
    250 94 130 152 255 213 3 121 14 8 141 123 158 104 107 94 123 103 88
    128 29 10 77 46 202 7 132 171 143 132 199 137 250 217 145 87 150 151
    31 45 204 231 175 237 12 185 120 38 68 33 184 64 132 18 25 241 187
    43 98 202 175 2 144 179 168 254 251 169 18 227 202 48 46 10 1 84 148
    208 156 239 101 48 171 6 76 49 157 31 144 206 95 206 75 221 183 144
    116 143 87 167 37 106 199 159 180 182 55 245 191 125 17 17 9 119 27
    86 20 77 223 15 43 172 243 164 113 155 18 195 251 171 154 41 112 28
    124 168 36 144 192 59 174 128 129 201 240 167 149 104 220 184 65 141
    147 44 157 242 165 59 136 43 43 121 66 211 212 29 64 153 192 218 18
    76 119 218 48 173 162 167 114 253 253 103 30 22 140 186 111 68 64 92
    104 127 48 137 221 75 55 145 17 97 235 86 242 227 187 83 10 9 85 203
    216 248 121 14 201 249 83 254 137 59 97 167 99 161 41 121 58 58 182
    22 187 8 103 85 88 208 113 146 74 33 125 148 99 111 251 159 91 159
    64 93 59 155 174 156 169 146 204 90 145 7 60 16 55 8 1 134 136 195
    126 255 93 105 251 96 24 37 54 1 103 76 105 187 192 145 46 161 238
    90 43 226 79 157 186 38 88 178 226 199 189 94 9 195 69 229 88 104 60
    2 63 117 178 62 71 4 252 90 135 7 197 21 163 43 15 6 146 0 177 212
    13 174 240 91 231 245 40 230 111 220 178 121 173 52 189 146 103 93
    89 235 98 27 65 19 91 208 120 127 142 43 92 52 112 55 187 135 213
    181 219 192 251 80 236 26 163 211 85 65 100 230 106 213 83 254 60
    127 78 111 29 92 169 26 198 106 79 184 246 104 249 25 229 205 153 78
    14 166 44 41 68 92 160 153 112 89 155 192 167 49 49 177 233 180 254
    172 220 179 19 43 118 175 56 88 93 61 225 5 177 30 247 220 16 78 200
    61 168 88 57 108 98 198 199 52 178 255 149 124 184 108 186 111 1 144
    107 239 118 70 123 199 53 222 69 6 216 253 36 12 83 175 217 133 244
    201 129 2 187 69 3 223 219 100 139 77 48 5 154 193 226 0 8 50 168
    147 2 240 190 224 15 166 243 45 8 232 93 68 236 145 237 2 143 221 21
    200 139 211 144 86 218 189 178 220 148 116 254 250 17 151 117 27 83
    32 151 36 39 19 117 86 47 75 15 73 166 239 19 33 89 118 39 17 87 139
    73 102 101 144 205 18 154 69 234 254 194 17 51 241 70 201 204 113
    210 32 245 229 156 14 77 185 45 78 11 161 144 252 111 50 114 97 166
    138 50 222 37 94 240 134 41 247 94 20 42 199 59 147 84 16 114 165
    228 124 55 134 205 131 2 240 147 105 171 226 229 213 112 112 25 24
    73 94 117 194 92 134 97 255 11 173 250 157 100 185 16 82 90 223 38
    197 250 12 159 50 250 168 239 156 16 229 81 198 3 42 231 225 230 61
    84 55 248 60 228 163 202 152 45 33 135 197 129 214 88 79 218 20 183
    245 224 211 206 4 17 26 106 62 174 37 18 95 78 0 160 205 203 75 193
    231 38 97 55 228 35 33 210 237 102 252 240 121 206 192 189 200 10
    216 234 177 135 213 215 97 48 27 194 74 179 240 201 139 5 45 132 122
    38 239 91 90 6 107 59 54 126 239 206 150 52 18 76 31 79 161 12 17
    141 75 170 229 122 239 25 20 183 95 91 206 77 156 28 79 13 127 158
    254 146 75 61 102 75 0 117 178 199 181 72 85 228 150 41 164 228 158
    201 211 211 80 159 215 184 131 199 33 29 7 27 245 231 34 179 255 99
    145 6 144 176 208 204 209 14 61 174 205 72 41 79 204 105 45 58 72
    158 167 203 252 108 228 178 55 132 146 10 39 4 221 145 193 204 22 3
    98 220 3 217 253 91 125 39 73 232 44 147 24 134 215 37 244 118 230
    161 29 42 191 61 184 53 227 104 235 187 206 170 182 76 74 235 28 242
    253 194 184 133 154 107 170 171 29 219 214 200 185 95 187 153 17 39
    159 0 252 174 149 60 25 159 34 113 196 227 199 104 18 63 213 191 20
    3 194 80 147 239 182 10 183 38 72 213 102 39 55 21 194 176 80 121
    135 156 210 117 76 135 159 207 4 225 130 43 207 73 115 89 29 127 46
    240 156 3 218 19 153 251 53 2 207 28 79 44 246 4 81 244 32 240 150
    147 131 188 140 39 252 201 193 211 102 121 12 50 69 90 225 68 188
    175 57 22 230 238 69 207 5 170 69 212 6 165 178 179 53 208 29 85 108
    47 251 29 48 147 68 237 58 18 124 159 133 82 64 200 22 87 207 115 26
    206 96 53 54 164 47 222 62 75 106 7 47 21 247 208 193 207 153 124
    181 218 123 60 100 101 201 229 168 151 86 234 62 228 51 149 79 205
    202 3 177 200 113 50 47 177 74 216 197 208 235 168 102 64 43 213 157
    59 128 90 162 185 105 178 166 136 139 209 91 33 40 67 87 141 15 77
    146 171 204 87 68 79 0 136 51 104 138 37 121 196 34 142 65 216 132
    181 106 117 165 48 142 55 250 39 213 106 96 190 46 215 67 130 171
    188 203 143 58 121 82 252 206 35 209 80 102 111 100 93 104 105 121 5
    212 193 169 53 100 135 17 215 54 179 176 147 201 29 13 85 22 164 182
    0 217 174 122 172 168 219 128 110 221 26 148 155 227 180 183 121 135
    217 219 206 206 206 246 223 232 240 231 110 202 173 127 233 65 15
    116 95 167 60 219 55 203 4 174 8 64 232 197 174 83 141 182 140 141
    157 176 240 199 94 250 153 251 89 206 218 206 64 241 58 166 70 92
    240 112 67 239 126 131 218 17 126 112 105 135 253 57 241 224 49 199
    107 243 122 29 110 135 110 3 198 60 89 225 117 222 10 24 150 46 197
    21 88 79 242 248 131 138 234 73 236 114 95 134 184 68 237 88 254 147
    109 230 73 225 64 50 85 61 18 22 250 143 20 139 53 112 104 22 106 60
    98 191 54 19 4 27 218 47 119 101 149 207 1 31 195 80 104 185 39 255
    92 123 41 3 178 14 101 157 228 96 128 75 231 211 56 233 176 171 145
    253 210 56 167 182 104 251 211 46 237 66 56 30 24 56 208 45 79 117 9
    123 100 48 154 9 122 48 168 64 78 210 166 184 105 82 189 73 83 39 42
    203 50 76 201 153 5 116 165 207 11 141 176 18 224 117 129 40 17 228
    227 185 98 237 143 35 196 247 204 27 205 181 138 85 58 211 33 108
    157 60 59 204 234 159 63 78 115 177 245 121 87 106 102 38 243 2 205
    4 146 207 47 191 222 92 185 126 124 34 47 70 116 63 148 15 177 96
    239 49 229 178 104 216 215 206 12 0 49 60 65 245 118 184 238 22 219
    194 134 217 223 61 192 206 203 16 65 128 42 150 123 190 138 229 154
    92 248 56 126 106 0 30 203 151 115 209 205 67 68 2 137 196 113 143
    182 89 92 177 254 157 48 147 44 199 126 42 175 86 137 226 108 102 41
    252 161 231 122 140 65 218 133 241 134 130 218 104 12 100 50 114 65
    49 74 151 10 39 174 31 229 185 17 116 225 95 168 25 36 171 148 30
    167 18 187 198 187 231 69 152 75 205 19 235 136 114 72 152 2 117 140
    202 198 59 230 137 3 32 64 182 8 152 88 57 157 71 244 90 103 137 123
    244 179 93 130 67 22 24 117 113 213 116 196 53 93 118 75 153 246 55
    191 152 38 97 77 148 217 141 16 4 2 36 183 63 36 57 131 32 2 89 222
    49 78 108 32 230 72 36 180 238 189 166 241 137 54 56 232 222 121 85
    221 45 145 73 162 123 174 184 242 85 213 84 156 179 54 26 173 4 64
    211 91 145 77 218 144 49 125 64 252 209 47 117 158 231 159 29 179
    125 86 128 47 96 196 233 138 127 226 194 85 120 209 41 3 63 158 85
    107 230 214 28 74 225 219 234 38 190 227 113 180 72 135 4 89 70 35
    49 244 87 224 27 95 34 121 13 233 80 111 247 107 243 10 101 174 253
    213 173 101 211 67 235 156 169 211 241 151 233 99 14 219 113 230 225
    0 126 225 43 103 25 152 199 142 34 170 208 205 7 129 196 20 17 218
    224 29 14 153 111 85 177 157 247 213 179 223 15 183 120 209 170 142
    32 75 186 31 104 29 141 79 246 177 62 201 153 124 243 131 169 153
    127 245 70 232 243 247 248 138 164 233 167 3 165 37 9 250 133 217 16
    109 165 179 248 24 131 39 142 158 3 81 73 228 183 75 175 182 253 70
    137 180 12 170 58 101 222 248 18 204 1 120 199 255 191 251 86 103
    194 67 202 160 216 133 14 129 15 132 103 116 192 251 243 24 241 47 4
    185 254 155 53 53 249 47 87 246 159 70 213 144 113 180 166 122 89 56
    140 174 193 123 27 152 41 135 176 167 25 108 193 95 59 108 31 255
    171 33 117 69 246 13 19 235 236 88 9 144 96 103 201 163 235 225 36
    69 65 94 119 214 57 171 40 247 225 120 205 140 74 84 209 156 8 211
    133 10 39 244 223 112 247 221 247 235 243 23 195 103 207 116 129 177
    113 77 202 170 26 22 202 26 230 47 117 120 126 56 174 185 195 72 120
    12 14 1 226 132 118 17 198 117 168 40 99 79 201 152 37 166 90 106 0
    166 14 133 104 162 230 29 245 178 111 148 58 145 219 125 139 16 244
    80 216 68 47 192 216 179 32 73 29 239 88 189 178 87 254 0 188 76 68
    34 71 87 146 195 44 132 43 159 241 94 74 240 190 121 71 149 169 198
    164 103 226 81 156 241 237 226 228 94 134 198 80 147 28 206 236 4 73
    155 179 44 180 235 206 39 245 224 224 31 59 216 172 16 232 1 206 251
    133 93 12 201 39 1 143 114 242 226 150 154 21 90 77 28 157 22 239 29
    99 138 42 101 49 184 145 122 149 103 21 82 137 46 107 200 184 219
    126 194 46 50 142 188 29 205 226 0 176 170 41 7 189 169 206 230 194
    219 43 212 41 246 65 36 95 126 155 6 113 141 123 168 168 126 189 169
    43 83 27 120 174 122 105 6 143 74 218 63 223 251 196 208 92 91 229
    150 214 170 96 253 175 251 212 52 38 228 107 219 40 4 7 116 5 123
    128 217 214 67 86 189 76 186 46 150 42 30 45 32 184 223 101 98 246
    145 250 170 121 227 48 47 240 192 116 152 7 101 255 67 229 129 155
    164 249 225 153 162 131 134 76 80 206 63 236 90 65 44 119 123 170 62
    239 28 155 53 36 58 213 247 88 187 167 134 29 71 252 106 255 210 17
    216 83 189 202 177 159 66 22 42 76 132 43 90 69 139 96 177 115 155
    12 185 202 253 233 111 45 16 113 180 127 108 69 197 67 143 230 247
    32 155 49 193 174 6 137 82 18 233 115 109 117 21 33 53 58 121 133
    232 191 94 227 235 179 112 1 95 254 75 111 77 54 29 95 48 19 4 100
    119 41 160 16 239 89 144 115 90 54 91 16 223 97 203 233 35 121 136
    246 173 46 129 2 19 250 188 17 185 225 49 187 218 210 247 111 225 54
    101 255 91 245 31 4 111 16 48 6 125 140 140 107 6 236 148 62 135 83
    220 86 200 59 209 43 142 160 189 106 231 186 238 189 133 195 245 235
    124 94 31 240 5 39 24 200 88 77 29 131 152 254 190 126 205 147 119
    54 175 117 47 209 132 153 63 57 197 208 47 71 55 32 153 181 179 121
    1 202 35 72 69 129 199 204 26 68 184 20 145 176 130 202 0 156 41 115
    142 215 84 191 119 40 75 84 94 42 104 82 251 175 83 79 93 65 1 61
    102 59 35 89 55 22 155 196 216 86 159 189 47 216 157 100 138 238 54
    108 151 130 236 61 94 129 214 181 87 219 150 48 220 9 117 47 1 163
    164 217 192 226 187 110 32 125 84 156 254 177 241 253 104 188 96 216
    55 153 124 240 47 139 122 98 247 220 97 238 189 63 142 48 192 104
    225 150 10 43 166 6 182 69 232 94 69 186 68 6 27 121 187 221 215 77
    225 36 163 179 212 216 125 114 167 250 34 142 215 162 107 250 208
    149 235 76 63 145 41 109 84 78 227 103 115 215 178 6 129 208 88 62
    92 241 87 22 143 123 223 163 176 218 94 217 247 173 127 28 241 6 214
    103 100 55 253 27 121 226 156 234 135 223 160 228 10 3 117 210 249
    112 233 197 227 43 43 211 83 166 112 102 20 180 235 179 67 67 27 66
    174 108 9 68 62 80 82 220 88 22 123 129 170 50 193 61 172 5 137 197
    60 48 194 245 250 188 142 112 92 8 127 56 87 13 252 240 157 55 51
    170 80 187 212 37 116 3 123 252 250 113 95 205 15 209 41 32 242 71
    83 47 183 222 209 81 166 221 64 160 138 108 113 3 19 32 196 0 35 85
    20 48 0 12 19 154 20 18 2 133 179 10 103 103 121 148 49 110 116 4
    103 160 50 89 38 254 172 85 215 192 227 240 82 122 118 140 66 197
    180 193 147 200 203 124 67 196 138 46 91 228 210 40 215 16 19 174 79
    54 193 192 111 62 203 205 17 68 81 67 200 20 62 14 204 140 245 174
    227 14 14 31 97 144 212 225 175 117 31 164 97 28 204 236 8 188 248
    193 165 205 6 176 219 212 126 177 140 46 220 47 142 198 44 197 87
    210 227 159 12 15 219 35 41 133 96 12 246 37 32 111 38 47 122 121 41
    50 30 213 87 66 119 134 223 65 99 201 89 163 159 0 161 209 152 240
    15 65 67 14 90 245 201 4 157 18 192 232 94 70 251 15 4 205 220 14 89
    239 99 91 44 89 199 100 137 240 184 241 200 114 175 65 220 214 220
    83 97 179 141 237 185 56 25 130 198 217 206 233 57 185 46 6 142 142
    53 255 223 70 41 89 185 20 97 226 137 106 203 10 230 61 98 225 109
    24 216 225 151 21 69 217 29 128 54 167 27 241 127 13 69 15 8 33 250
    144 74 15 82 84 136 108 234 6 241 52 93 180 235 19 33 157 46 156 186
    43 6 215 96 119 96 83 209 1 18 193 206 253 176 188 238 211 251 145
    186 127 87 133 6 6 38 56 23 86 152 178 208 254 89 145 27 48 110 93
    73 126 128 206 183 10 108 232 255 203 165 143 217 203 128 215 121 16
    144 39 70 145 192 88 116 26 75 166 253 106 198 194 83 243 164 100 18
    12 216 190 244 37 34 203 57 100 31 148 252 85 254 147 247 229 214
    251 202 136 159 96 252 255 13 198 0 237 64 163 13 220 62 143 61 241
    15 69 114 96 213 221 203 101 168 157 177 29 4 212 246 199 21 63 105
    109 80 54 149 153 119 27 158 251 102 171 3 152 216 155 134 77 50 208
    23 67 12 17 237 203 249 252 221 183 121 83 135 70 143 161 164 139 10
    44 126 173 112 166 213 159 53 0 131 251 184 13 60 124 238 223 211
    167 110 185 234 161 76 151 177 237 2 200 41 111 79 123 247 142 34 94
    151 150 255 248 81 16 170 67 71 55 88 214 156 30 233 32 71 14 48 232
    135 255 200 18 194 59 12 2 219 185 139 134 63 79 54 49 242 33 190
    247 160 181 212 46 197 128 41 185 28 223 79 254 175 152 216 141 4
    252 46 95 64 87 212 81 7 62 22 37 182 24 238 103 5 20 156 171 239 26
    218 57 136 43 42 106 118 232 12 35 59 218 99 72 61 134 205 111 95
    125 107 97 142 133 186 202 146 41 135 217 106 249 223 51 213 136 58
    136 33 137 236 43 244 141 126 107 148 236 122 157 7 177 243 176 162
    178 105 24 65 132 171 101 12 190 131 232 33 101 47 207 197 232 141
    40 124 125 243 95 244 94 225 17 35 181 157 245 187 93 41 34 157 146
    15 124 85 249 17 44 46 106 88 216 207 66 146 128 103 225 72 96 123
    41 10 175 89 161 19 127 225 231 205 36 23 141 80 148 113 253 14 22
    76 91 58 15 183 240 173 86 216 121 175 58 248 65 47 183 156 1 76 35
    128 135 158 252 235 41 82 167 48 164 56 61 112 0 198 213 14 92 213
    194 102 193 173 37 12 239 156 207 41 162 16 101 30 160 198 202 117
    254 16 149 3 208 126 32 122 168 175 248 14 168 140 106 50 185 21 107
    152 54 24 0 31 121 78 117 24 51 160 196 247 87 173 230 163 213 62
    184 124 108 224 217 140 174 230 209 21 81 62 208 227 187 128 83 81
    14 125 250 42 69 84 116 49 29 71 202 169 135 238 126 163 161 133 18
    153 218 237 144 157 191 112 186 128 129 174 174 128 242 48 226 250
    70 149 26 62 224 36 71 52 238 49 99 221 192 218 114 14 238 180 3 167
    17 243 177 25 119 3 23 189 218 231 112 132 176 121 21 204 129 252
    163 57 42 22 180 140 233 61 214 127 83 210 23 85 102 131 168 47 133
    185 3 128 101 186 213 30 28 165 108 14 49 246 226 115 46 99 30 104
    251 57 61 58 165 140 140 197 54 9 246 190 95 80 7 239 15 130 236 178
    184 38 4 229 155 22 236 1 48 141 48 246 158 67 44 165 35 188 126 52
    171 169 125 228 111 135 130 33 6 135 92 131 134 87 205 20 161 102 58
    18 169 88 195 153 114 232 46 40 231 122 226 238 75 134 48 24 37 205
    239 81 216 81 67 91 226 82 228 76 253 114 22 251 28 143 43 44 39 86
    107 221 248 148 240 78 57 136 192 222 73 249 198 50 96 163 37 215
    219 213 131 91 82 199 96 40 58 223 200 214 203 230 153 88 181 75 128
    62 206 251 191 93 36 67 46 172 219 189 138 94 152 142 179 224 148 42
    62 234 9 123 54 229 133 130 18 232 120 16 51 14 120 113 240 123 180
    210 146 13 19 117 179 1 63 132 31 188 178 204 134 30 154 241 167 216
    76 35 126 43 43 28 96 156 190 177 103 7 220 62 47 201 42 210 121 192
    254 8 118 204 246 63 62 163 120 154 249 70 32 42 81 46 199 101 41
    213 121 7 221 86 250 247 1 188 1 255 186 165 124 206 122 57 4 53 224
    77 166 209 251 226 37 222 71 243 83 35 238 170 64 86 77 202 116 35
    225 174 98 65 58 195 60 219 66 216 140 138 121 30 249 221 125 187
    165 64 150 245 253 176 73 41 127 30 188 176 135 234 110 88 124 94
    162 131 141 253 38 165 236 81 236 4 86 33 36 254 200 182 61 111 81
    105 194 231 117 196 32 11 26 164 201 172 180 246 134 87 121 94 135
    90 204 230 121 175 211 117 1 195 182 189 181 63 14 126 90 130 180 44
    130 233 216 75 19 85 30 107 173 149 79 139 20 168 112 13 67 228 105
    91 94 74 238 166 57 121 216 97 126 244 60 56 124 54 210 94 116 14 85
    190 186 139 104 158 213 233 117 233 177 1 16 53 199 140 58 8 226 25
    40 151 204 42 44 192 99 214 14 81 139 7 52 76 33 126 194 234 225 245
    99 174 169 40 3 214 221 245 139 247 152 30 119 52 85 219 240 212 146
    211 5 251 213 199 119 94 212 249 203 123 229 43 92 238 14 135 250 17
    248 255 153 73 34 14 120 189 171 28 229 133 55 119 217 66 27 8 249
    213 236 250 84 17 35 76 237 185 17 32 34 189 191 190 54 166 24 52 80
    90 128 129 93 62 37 158 207 206 9 131 217 93 168 239 238 135 87 72
    93 203 244 152 216 157 62 14 221 182 247 113 119 203 151 101 217 40
    106 116 62 184 220 65 40 215 4 198 216 0 27 142 171 72 143 51 31 80
    149 128 209 176 113 181 69 55 241 133 41 232 185 165 83 196 4 186 3
    230 61 117 114 210 125 187 222 76 11 167 10 43 157 149 67 219 58 137
    223 198 169 141 178 0 126 174 50 105 94 176 36 183 225 98 200 52 135
    195 8 141 204 9 93 255 26 175 99 134 50 65 163 11 28 186 54 148 238
    33 73 236 101 20 70 252 57 53 156 182 212 121 88 208 238 72 210 102
    178 47 6 163 34 223 50 83 32 57 187 99 30 125 245 171 43 142 17 226
    211 191 23 240 253 245 215 111 238 198 165 108 4 183 110 75 179 49
    113 22 184 24 215 146 223 85 1 86 102 83 136 152 198 74 20 87 22 83
    89 10 251 248 121 9 72 227 218 1 178 58 90 112 183 162 211 43 174 90
    45 78 119 180 40 163 230 92 121 26 243 103 124 66 153 40 136 203 3
    188 36 17 178 205 63 210 195 179 119 2 237 76 16 84 209 58 26 31 56
    186 184 158 167 10 44 213 201 64 218 92 123 181 194 127 51 20 25 117
    37 197 59 34 125 76 59 65 210 180 218 134 33 223 103 7 116 189 60
    217 29 184 93 0 168 9 168 123 33 58 255 240 213 111 123 219 173 169
    47 22 99 116 227 122 142 127 197 100 208 171 39 187 72 109 230 208
    108 226 119 159 156 143 101 186 163 143 136 160 152 47 191 10 205
    174 243 236 82 250 252 36 46 58 164 54 221 74 26 170 140 3 90 137 69
    222 74 81 108 147 13 49 107 46 243 96 80 125 89 24 114 107 168 67 75
    1 204 190 163 246 136 147 163 138 220 13 21 170 104 105 195 216 120
    216 235 94 192 214 167 65 248 157 230 173 110 237 203 89 92 72 125 5
    136 49 152 239 93 65 228 44 195 71 107 28 123 115 118 85 184 10 29
    212 69 124 111 186 73 49 21 160 205 81 164 0 231 163 188 230 244 19
    57 21 0 4 190 15 151 180 140 41 160 108 194 209 229 182 68 69 44 253
    44 237 155 159 169 218 36 124 124 120 93 60 197 25 37 192 197 175
    110 68 32 145 26 78 62 55 101 76 196 53 80 20 163 221 61 53 13 109
    240 135 10 103 100 235 202 118 13 149 124 78 112 215 230 247 202 217
    0 197 79 162 92 63 127 126 221 132 130 123 68 63 136 145 69 202 74
    73 209 155 63 245 223 130 63 69 49 178 202 110 30 149 9 76 138 56
    220 218 159 175 41 154 217 224 231 56 131 65 232 7 5 241 211 94 224
    77 98 218 20 119 9 18 231 176 28 223 176 224 222 49 160 224 67 199
    15 233 64 128 252 255 149 192 54 23 61 35 132 201 103 193 79 211 163
    74 171 60 27 137 148 175 252 193 76 109 37 102 75 123 139 184 138 94
    163 136 141 224 219 42 41 101 160 19 212 108 9 146 88 122 168 148
    174 25 42 223 74 80 141 113 119 203 47 96 35 251 242 5 115 118 127
    69 225 245 218 149 202 77 103 69 242 96 37 15 22 162 206 154 213 204
    218 54 21 225 75 24 82 117 94 60 83 209 204 73 127 186 234 60 179 22
    28 92 254 149 255 174 117 26 209 255 121 53 228 95 201 202 112 88
    234 120 71 15 144 97 230 3 67 133 251 207 85 67 161 27 199 168 240
    36 97 157 111 238 206 241 233 80 56 70 143 154 80 17 255 71 52 174
    57 204 109 214 59 205 56 249 31 75 10 45 109 168 193 51 254 218 50
    32 196 51 95 19 199 14 50 79 216 142 109 241 181 54 121 128 208 11
    141 157 168 34 217 151 171 248 1 199 111 202 146 246 181 4 81 128
    178 111 162 199 24 117 198 6 90 165 135 213 105 50 246 179 70 218 3
    44 200 168 76 107 62 145 42 74 78 123 35 146 235 148 47 158 230 64
    254 111 40 190 6 21 85 239 62 102 84 245 81 167 45 90 229 93 82 192
    40 200 84 168 50 179 14 25 216 37 105 214 88 116 50 178 236 134 137
    42 73 137 109 89 220 90 149 132 36 226 212 194 121 69 50 247 144 250
    137 38 239 97 111 246 239 117 105 122 245 243 131 13 34 192 126 102
    93 212 185 74 155 109 169 134 108 191 156 49 49 184 79 204 31 71 131
    203 78 149 98 6 253 143 34 115 65 140 124 106 19 155 191 62 118 109
    100 133 68 16 36 137 4 64 201 175 216 240 150 215 252 108 167 250
    182 80 195 76 221 202 177 167 150 155 56 157 3 216 232 68 153 93 212
    101 51 116 247 157 82 52 230 64 200 150 150 120 66 80 88 12 92 102
    170 199 218 47 218 14 219 175 75 173 90 155 66 135 139 26 224 29 166
    206 99 136 232 195 162 180 148 212 120 122 129 241 131 226 23 179 14
    189 245 203 37 72 211 195 249 175 10 186 95 85 164 170 202 125 56
    246 13 123 9 193 134 134 235 3 117 14 100 226 94 242 23 116 226 205
    84 92 110 98 32 114 86 102 239 29 214 226 194 173 254 242 6 103 218
    137 63 59 124 238 88 99 242 125 171 79 206 65 76 61 21 24 97 241 12
    29 183 122 19 154 104 75 108 36 88 47 101 49 59 207 60 25 46 42 239
    215 71 152 114 59 187 91 57 20 81 142 55 15 248 116 192 165 29 16
    138 254 238 83 126 5 92 23 203 63 30 59 239 236 117 115 115 159 96
    45 182 135 179 56 233 133 73 134 176 75 251 144 165 126 158 122 179
    24 93 164 31 23 37 95 163 198 103 103 180 72 63 82 1 150 40 88 221
    234 152 85 11 201 172 180 179 112 53 85 44 191 236 209 3 90 162 191
    202 0 117 31 47 224 106 21 145 17 241 252 109 153 169 250 116 79 16
    176 224 83 251 15 218 75 28 32 206 178 149 28 234 2 212 177 65 180
    182 114 85 152 72 35 73 56 231 183 240 125 250 77 243 66 226 26 79
    143 37 186 6 255 101 178 82 194 151 176 96 72 64 133 170 177 94 139
    32 243 116 250 149 29 157 94 6 22 30 7 42 208 234 128 34 72 233 200
    165 92 99 61 118 42 36 58 144 191 102 64 39 154 233 28 77 150 201
    109 4 28 252 239 215 28 33 14 109 236 18 165 208 246 177 152 174 72
    169 166 196 86 156 0 52 114 130 87 204 44 166 88 143 173 224 180 44
    3 13 136 31 149 246 111 31 27 220 249 171 165 73 2 201 177 81 241 90
    150 160 127 53 146 147 48 159 96 28 198 245 63 181 180 204 201 55
    252 113 26 168 101 54 58 46 233 108 45 47 2 51 15 27 4 116 143 154
    199 128 177 10 67 58 150 30 49 202 65 147 40 244 122 137 152 51 221
    79 233 242 80 33 107 168 226 103 79 160 159 240 53 28 105 129 190
    208 100 230 174 127 233 232 245 252 187 64 213 127 81 180 174 129
    207 155 115 244 238 125 119 159 66 123 252 234 172 148 104 177 43 25
    199 121 20 218 32 70 70 72 161 242 54 21 123 182 174 7 149 45 60 2
    145 142 24 243 126 126 241 141 31 166 23 12 25 146 112 17 104 71 198
    110 11 97 221 100 65 142 77 130 13 33 217 112 208 182 209 152 60 221
    129 252 44 216 149 59 176 201 35 14 57 219 124 192 227 198 100 6 111
    43 95 205 72 213 7 18 195 56 168 191 35 174 254 123 230 193 193 209
    83 241 100 31 234 41 25 218 233 176 56 95 70 101 118 185 232 133 90
    32 15 145 66 173 26 44 195 220 243 41 23 204 167 88 1 127 210 4 88
    218 141 38 36 172 79 93 192 156 237 214 247 168 162 54 32 134 230
    182 26 184 186 129 112 218 63 118 221 217 84 15 181 28 159 145 240
    28 186 175 173 35 188 2 148 26 32 231 179 53 155 94 14 166 1 55 94
    175 119 146 57 107 247 110 59 113 48 45 255 102 206 240 14 193 119
    198 71 136 75 12 13 239 148 194 223 148 98 170 56 131 253 46 150 120
    167 15 140 241 167 138 142 176 154 125 132 214 184 67 219 97 118 68
    14 88 8 243 246 124 54 54 253 69 170 44 83 200 140 29 58 239 180 120
    104 121 130 219 9 33 177 29 255 132 197 86 11 193 177 165 114 160
    114 180 79 148 65 237 137 17 87 87 244 240 247 3 189 190 155 10 92
    183 52 177 205 62 229 152 42 173 135 88 12 242 221 206 220 115 19
    112 186 213 78 82 167 223 47 233 208 17 70 193 200 63 240 105 22 146
    176 57 194 47 137 51 223 57 131 249 172 40 92 246 154 2 157 215 104
    239 239 230 163 15 162 74 175 67 111 55 190 203 245 169 209 242 231
    26 200 129 53 158 136 198 150 169 105 91 141 35 37 59 42 233 138 92
    26 249 72 160 225 68 82 82 19 21 167 142 144 64 46 23 89 100 139 184
    95 226 161 29 159 79 51 51 208 194 168 148 177 110 196 180 174 17 50
    76 78 8 232 239 249 219 91 255 175 17 147 194 85 149 70 83 236 90 27
    97 121 208 15 176 27 123 46 226 4 42 204 237 91 56 138 80 128 14 47
    134 197 232 11 80 60 22 21 94 189 109 207 186 130 25 73 248 180 120
    221 227 201 157 100 145 113 221 96 0 72 210 55 253 81 253 149 250
    146 254 77 143 246 192 107 203 220 181 85 245 189 239 19 97 145 59
    232 133 96 192 237 136 105 197 40 36 243 138 142 255 193 217 42 216
    23 130 50 138 6 3 144 11 40 150 72 57 104 181 245 13 141 206 228 44
    29 21 13 183 231 207 88 171 131 115 57 173 171 162 79 247 188 7 20
    205 52 99 220 184 203 42 163 3 202 114 36 33 233 145 13 87 24 82 111
    102 78 48 107 213 153 65 101 160 183 105 238 151 171 180 196 9 139
    196 246 36 164 104 83 239 213 183 237 94 206 156 223 32 93 149 31 69
    73 144 194 227 15 148 100 160 253 18 87 32 56 33 223 138 169 79 180
    66 107 2 27 47 136 170 1 202 134 21 41 110 255 74 203 16 139 158 133
    45 156 11 6 48 45 127 66 94 18 30 108 120 188 228 175 181 171 49 94
    253 215 115 39 228 183 167 241 234 88 8 148 12 71 162 126 238 39 81
    95 13 41 251 249 9 218 80 243 163 52 26 24 159 169 112 219 250 119
    127 1 181 215 177 229 63 71 92 46 14 78 102 238 54 86 149 210 33 99
    164 104 7 114 21 210 62 82 33 189 112 251 21 95 107 62 15 79 245 167
    69 92 96 166 161 132 76 243 193 252 60 85 251 224 141 1 166 10 249
    197 243 112 52 123 175 169 129 11 212 156 57 89 6 146 58 199 219 237
    193 132 129 13 166 160 140 39 49 73 145 83 115 213 99 20 123 63 200
    167 10 207 105 217 19 125 92 175 118 145 124 160 97 85 53 55 115 66
    153 94 176 103 133 238 143 1 91 72 36 168 165 214 78 145 132 249 189
    119 182 37 78 249 231 138 138 1 61 49 187 139 163 27 220 16 49 14
    230 3 97 169</data></test_img>
<my_img type_id="opencv-matrix">
  <rows>100</rows>
  <cols>100</cols>
  <dt>"3u"</dt>
  <data>
    194 127 149 104 180 218 128 203 120 23 255 113 93 12 250 182 244 249
    255 28 64 255 252 255 255 225 223 189 210 124 255 143 126 255 53 179
    18 202 94 61 0 117 65 130 255 78 255 95 247 237 255 78 53 169 196 73
    255 138 201 206 255 208 249 41 227 10 255 182 255 202 210 18 255 205
    255 60 145 67 255 153 197 13 15 255 204 194 164 151 108 49 31 30 255
    255 255 82 65 183 255 85 164 255 38 171 255 134 133 99 255 9 47 202
    74 255 179 76 150 171 191 119 36 202 255 255 73 255 255 146 181 255
    151 255 255 244 255 255 242 242 255 255 177 85 169 208 197 255 229
    255 127 58 255 120 170 255 218 195 27 142 28 7 89 255 255 255 106
    255 255 59 83 255 227 194 255 78 189 244 28 151 172 242 48 166 160
    111 134 167 75 133 49 204 255 255 255 245 65 202 255 255 255 54 146
    58 67 13 255 67 94 0 30 146 255 255 28 255 151 183 207 6 47 255 101
    255 216 226 255 159 134 165 255 103 119 106 217 117 55 234 51 255
    200 255 75 98 86 255 162 255 255 181 115 255 249 53 255 255 145 217
    215 255 240 202 227 18 208 90 13 255 133 149 155 220 255 255 127 81
    187 255 227 192 168 216 10 172 255 244 138 249 21 233 0 254 186 65
    255 255 255 76 255 186 219 41 255 71 137 255 174 247 255 210 140 63
    72 82 255 255 82 33 80 172 255 3 255 250 239 68 207 176 255 103 146
    242 255 182 96 189 229 176 255 182 187 255 225 22 206 3 145 255 255
    19 222 255 224 255 97 13 171 207 168 90 2 251 255 76 73 225 134 114
    41 151 40 255 255 255 255 255 255 255 63 192 255 78 129 255 62 126
    114 255 183 255 45 38 187 96 63 255 188 35 10 240 12 187 37 64 189
    231 254 99 167 255 113 198 82 255 76 185 242 219 51 255 247 172 22
    216 255 33 29 255 255 255 47 136 213 255 91 40 168 94 183 255 255 24
    255 154 30 154 179 255 76 255 131 255 98 181 183 255 61 241 255 255
    255 255 145 172 90 108 255 179 206 182 255 255 123 255 111 187 255
    152 255 255 205 168 167 89 54 255 170 255 255 255 255 63 210 255 197
    233 36 255 255 91 22 139 240 153 66 255 114 149 161 255 51 60 48 80
    4 60 18 42 219 128 83 242 231 112 164 58 220 255 102 62 211 236 255
    255 66 50 98 207 5 255 27 244 255 206 156 255 155 110 255 149 0 255
    249 235 255 29 218 255 205 112 153 161 47 99 85 14 255 175 118 46
    130 232 118 190 1 255 6 158 255 184 224 255 19 53 103 176 211 78 255
    214 153 236 105 255 158 237 50 58 99 255 79 4 207 156 138 134 115 64
    51 170 106 255 220 160 88 4 233 255 184 124 255 136 255 255 243 227
    94 139 159 144 75 255 164 6 145 51 255 163 76 10 22 23 180 255 232
    127 255 103 148 252 118 255 172 219 157 31 220 145 176 255 189 228
    255 163 24 255 234 181 255 29 73 68 4 68 255 16 96 61 155 238 242
    185 176 254 255 255 94 34 195 17 70 255 136 234 77 255 169 255 111
    67 118 8 169 255 255 106 4 255 71 86 139 99 235 255 243 77 86 255
    255 177 209 186 255 213 196 22 46 255 93 8 220 255 154 255 36 29 106
    255 242 255 76 235 255 143 255 255 23 254 228 255 148 40 255 71 138
    255 147 158 255 33 70 119 182 94 255 187 183 255 219 14 3 255 208
    255 255 255 101 179 255 255 173 31 255 255 255 38 199 113 255 248
    164 106 126 33 99 145 255 65 197 177 255 152 255 255 44 78 76 103
    222 255 173 35 18 178 86 237 52 45 99 115 255 58 57 4 35 143 255 177
    139 137 255 4 255 255 233 32 255 127 149 70 228 45 31 251 63 93 206
    242 254 255 86 172 255 255 162 73 90 255 193 255 227 158 255 255 201
    63 255 138 255 255 126 54 255 49 59 222 102 123 255 173 86 255 113
    232 230 19 255 166 190 26 149 62 73 255 255 59 255 179 4 255 153 78
    186 140 54 255 252 255 169 106 151 255 67 74 255 181 154 194 24 56
    255 242 255 255 110 0 255 21 104 151 230 99 255 146 149 199 190 90
    255 255 146 255 116 41 255 113 247 255 90 161 38 128 188 255 219 255
    12 255 5 255 55 208 255 165 153 255 180 132 255 200 245 255 146 136
    239 230 249 254 149 255 255 238 249 22 188 255 121 121 255 254 10
    255 230 117 255 255 87 41 255 255 12 123 255 183 244 242 146 255 158
    255 245 43 106 206 255 23 68 217 255 7 21 119 138 198 255 249 200
    242 136 39 255 255 134 150 129 98 250 80 237 174 211 255 247 106 30
    255 217 75 255 51 91 205 22 183 123 80 91 223 207 169 203 255 47 10
    81 117 214 169 108 142 255 255 195 28 99 255 5 238 183 255 143 255
    250 38 187 255 58 18 255 213 181 255 180 196 159 133 140 222 28 218
    255 84 196 255 240 124 123 206 218 250 13 255 255 30 236 255 239 37
    235 255 255 255 42 78 85 188 90 146 193 255 111 160 76 242 39 81 255
    173 136 255 73 113 255 29 132 66 207 255 255 113 255 181 109 90 255
    203 185 27 255 167 60 8 15 104 117 255 46 70 109 164 37 118 219 6
    255 225 70 137 255 226 115 58 218 88 58 139 255 191 109 238 229 25
    112 237 225 255 255 62 176 101 255 255 255 138 58 66 255 142 255 255
    168 255 255 255 239 180 67 255 184 90 139 28 137 73 93 228 65 8 105
    255 2 29 209 21 255 255 93 255 255 78 255 202 119 255 27 202 210 227
    16 68 255 202 251 51 231 13 255 93 255 216 255 255 78 24 86 86 125
    177 15 185 192 109 255 255 68 206 241 36 128 64 255 162 42 214 65
    255 255 57 255 5 255 199 28 192 137 255 249 204 255 118 142 148 10
    114 17 112 255 13 224 255 182 184 46 255 217 141 25 157 255 255 203
    191 177 218 68 56 118 9 255 55 255 187 233 42 216 163 255 204 161 95
    255 254 178 81 145 255 255 111 127 86 221 255 255 193 255 15 122 120
    255 69 255 141 128 255 255 73 255 225 143 250 255 134 87 197 6 182 0
    170 95 144 238 117 12 255 226 187 178 223 22 16 35 211 55 100 8 40
    118 255 218 213 247 139 255 91 36 124 194 244 255 252 90 0 255 171
    255 255 74 77 124 183 236 43 48 8 108 148 211 149 120 192 249 25 33
    18 82 44 225 255 146 250 88 155 230 255 247 255 119 54 255 12 172
    202 48 188 31 169 192 242 20 252 129 246 255 255 248 169 255 188 255
    250 35 62 255 13 255 255 110 119 53 81 185 191 254 255 255 118 255
    98 238 49 255 93 255 179 39 255 53 60 33 255 122 255 91 79 244 88 27
    1 12 53 190 255 206 87 255 73 59 255 97 255 255 115 255 255 45 215
    75 194 201 255 142 105 114 255 255 43 255 99 255 143 255 255 255 27
    201 12 124 172 88 132 143 210 138 23 212 36 15 120 67 50 255 255 220
    178 255 177 55 218 194 98 255 101 47 223 33 75 237 76 162 131 255 2
    91 255 88 9 255 9 85 255 22 203 255 30 204 176 74 169 179 79 255 94
    6 199 255 34 63 255 122 255 255 12 91 234 131 63 169 255 255 255 255
    255 71 26 159 255 103 213 65 157 17 116 34 159 255 252 124 255 234 9
    255 175 255 255 162 183 255 104 51 55 227 108 255 97 122 255 229 255
    31 10 255 186 65 145 255 225 13 255 34 136 124 235 64 255 255 145
    121 255 21 65 125 123 255 182 238 255 226 255 255 91 49 13 60 255
    123 185 12 157 71 50 71 216 238 255 151 79 106 11 255 56 117 63 255
    126 44 2 39 255 121 120 203 28 143 3 48 9 229 17 126 81 255 216 141
    255 101 255 255 217 86 17 112 255 206 210 55 255 72 96 255 29 159 15
    176 137 255 92 122 209 255 177 114 243 205 166 237 255 252 208 87 75
    39 178 255 8 194 255 112 251 255 149 110 249 108 60 255 224 255 7
    221 232 255 243 190 255 34 255 167 28 114 255 191 204 255 255 172
    204 63 26 104 66 0 255 244 131 13 237 204 70 76 255 235 156 255 255
    7 74 53 108 120 43 193 255 0 116 87 144 187 101 222 47 255 75 151
    113 126 255 196 255 191 95 255 11 219 43 173 181 31 42 233 162 81 47
    187 103 244 81 80 218 61 255 136 255 8 205 143 22 110 255 255 87 244
    136 18 116 135 255 247 255 41 138 248 255 51 64 38 255 122 255 5 20
    255 176 88 145 255 235 151 255 180 147 98 87 255 153 153 83 40 27
    151 255 255 179 162 46 86 255 42 255 159 104 163 23 80 241 55 220 60
    255 189 255 172 80 50 255 118 47 254 198 133 255 255 255 133 76 144
    96 92 255 255 240 203 65 188 215 167 255 23 255 203 219 196 158 240
    104 6 255 245 228 15 255 221 1 41 21 169 255 99 181 176 55 251 255
    55 252 255 213 83 83 151 244 255 213 255 167 118 255 255 218 197 224
    205 49 197 74 91 167 255 8 133 85 68 206 100 240 255 220 187 51 182
    255 149 96 160 13 10 112 78 231 54 169 255 173 157 42 109 184 122
    204 255 4 160 182 110 58 83 52 255 255 0 36 255 88 255 255 180 141
    60 78 150 255 255 228 192 37 179 255 255 82 184 134 209 28 103 250
    255 20 114 255 43 229 255 34 97 104 45 140 227 131 217 61 231 192
    255 17 60 18 255 226 99 255 103 255 255 86 255 255 150 146 255 178
    45 91 255 255 155 50 255 172 133 153 58 217 171 74 145 255 255 14
    225 252 103 3 255 37 255 119 90 255 139 159 201 244 255 255 53 255
    33 87 56 255 158 211 209 211 255 255 101 159 255 167 188 225 97 90
    194 1 223 255 110 179 153 62 255 161 153 68 255 75 255 104 255 246
    237 235 164 136 174 29 148 251 224 35 218 149 15 38 203 139 84 242
    255 255 181 229 137 120 153 158 41 255 151 67 83 60 255 255 194 255
    214 171 78 182 120 77 207 155 238 255 140 255 81 173 255 255 142 128
    255 166 229 159 247 211 194 235 114 199 187 255 58 255 19 255 191
    255 255 248 249 255 117 255 255 26 255 255 225 255 255 196 91 186
    110 135 196 35 96 109 108 104 141 27 119 209 205 72 255 165 156 30 4
    77 40 210 237 90 17 129 255 138 233 94 255 255 255 255 238 149 255
    218 255 139 26 209 234 233 255 64 219 255 13 183 249 10 65 255 239
    15 141 203 255 255 31 106 229 255 249 3 255 255 136 62 192 230 255
    64 234 128 95 156 248 120 143 129 132 255 253 229 255 127 64 255 110
    151 255 255 117 255 200 133 237 15 255 255 122 255 70 15 4 166 81 91
    255 255 3 148 206 119 22 51 255 119 33 200 207 255 204 146 30 108 60
    131 3 242 152 255 255 193 255 255 174 50 255 135 181 237 113 122 176
    174 72 161 30 23 255 255 50 25 255 185 255 248 203 255 97 255 55 116
    91 255 134 181 255 136 76 162 83 8 255 121 112 255 45 172 255 72 13
    104 137 136 66 67 200 255 255 199 196 54 23 10 229 240 255 28 244
    148 144 17 17 185 123 172 39 255 63 231 135 255 4 73 255 37 3 255 29
    114 109 54 159 51 115 136 68 117 156 255 113 65 139 40 255 141 9 51
    227 231 255 255 1 12 255 20 255 53 73 47 217 227 255 255 117 255 12
    83 129 83 198 132 255 255 4 255 165 112 255 120 119 194 176 14 88 30
    255 255 2 255 219 96 255 61 83 226 118 19 124 254 248 200 255 65 196
    255 216 122 98 65 24 255 147 126 255 113 229 91 91 124 86 234 106
    255 180 5 255 136 237 61 164 112 80 165 28 255 75 188 225 233 53 255
    247 255 68 16 90 255 188 47 255 90 255 255 173 255 46 221 141 73 19
    196 129 49 22 255 153 141 182 92 255 119 255 233 255 199 55 254 4 55
    68 135 195 204 218 214 96 70 105 255 218 255 96 225 215 255 21 255
    255 66 236 255 254 255 255 158 192 255 29 185 255 8 155 23 13 32 157
    184 167 191 111 13 143 175 255 255 216 91 40 111 156 45 82 244 249
    89 196 12 25 18 86 58 206 194 75 255 255 60 120 255 215 77 121 255
    249 209 40 196 10 49 74 56 75 103 118 17 255 255 144 255 192 60 109
    5 127 255 247 156 150 156 13 51 104 185 53 197 145 235 255 174 154
    255 255 255 240 229 255 106 164 247 255 52 255 68 109 115 65 243 145
    255 255 9 118 47 255 146 72 232 255 34 92 139 73 5 181 247 247 15
    181 33 255 58 101 220 11 150 235 229 187 75 161 24 119 255 165 237
    219 113 181 25 72 104 215 149 255 174 146 174 26 220 255 34 255 255
    170 197 45 17 137 255 255 104 245 83 35 255 252 188 255 126 81 111 2
    62 80 255 0 255 43 255 255 212 187 128 231 17 18 117 255 239 198 194
    63 57 205 184 20 99 206 82 255 255 96 251 133 34 200 255 180 255 255
    255 231 255 9 29 169 64 255 85 98 255 199 154 245 255 130 172 164
    124 255 255 193 24 255 106 197 124 29 170 20 187 255 219 193 182 255
    255 255 255 162 41 22 72 255 255 103 255 3 118 45 255 129 29 86 179
    56 121 255 77 255 217 54 104 231 46 66 45 255 68 216 255 15 102 255
    255 124 179 255 171 220 255 146 255 162 65 58 255 207 158 227 239
    169 255 18 255 192 187 255 174 199 255 255 17 114 2 58 94 237 216
    255 245 2 108 255 54 188 106 199 204 162 174 78 113 226 72 199 78
    255 222 84 51 255 38 255 255 220 95 220 255 255 58 163 62 90 24 218
    181 120 112 98 222 3 255 229 90 25 142 160 255 185 187 255 255 206
    255 197 242 255 83 29 153 213 69 121 15 51 255 25 235 255 142 246
    255 84 70 154 88 222 255 181 42 244 134 88 255 244 151 255 161 255
    244 151 223 23 118 255 15 118 33 40 88 118 255 192 205 136 55 218
    255 124 245 255 117 110 255 22 124 255 233 255 124 49 81 80 255 51
    217 227 27 153 148 255 66 255 106 133 1 73 255 104 179 255 87 141
    255 255 255 255 239 255 201 45 255 196 99 117 255 20 97 53 3 204 227
    131 170 27 255 255 244 144 117 255 111 53 255 255 245 177 135 83 255
    71 10 244 255 124 88 233 255 206 175 5 46 131 229 25 110 46 255 255
    168 23 6 37 244 255 47 217 79 255 255 10 55 255 255 105 30 221 255
    148 216 35 7 49 17 0 62 156 182 255 15 255 46 53 255 109 255 255 131
    255 126 40 174 225 99 255 60 97 255 179 154 178 113 15 115 136 255
    161 255 203 222 255 191 149 255 111 90 41 255 190 90 74 213 209 220
    169 255 118 233 171 24 70 189 61 129 255 144 192 202 242 187 255 208
    165 13 220 149 53 229 226 56 255 54 255 115 242 108 237 163 255 206
    5 149 85 190 12 21 255 17 184 44 106 67 235 255 220 195 255 70 187
    255 139 255 144 20 195 255 134 244 106 164 158 255 153 195 255 115
    154 10 174 255 255 11 255 255 45 246 255 157 27 255 155 188 255 47
    220 244 120 255 153 236 14 255 152 36 212 217 255 255 255 255 255 46
    67 255 106 235 255 174 127 93 255 223 55 6 172 235 207 36 255 82 91
    169 71 101 10 45 74 255 165 255 30 255 156 255 22 246 255 42 214 242
    100 18 255 127 255 90 124 150 162 96 158 255 130 26 255 145 255 207
    200 101 255 187 38 255 63 228 66 254 210 5 31 195 240 255 55 171 255
    242 244 69 246 0 25 67 255 187 36 255 25 4 255 135 195 136 94 147
    255 202 255 61 112 191 25 194 165 216 209 186 232 255 104 237 49 73
    93 47 138 45 33 206 255 217 85 35 228 74 214 217 99 255 102 242 255
    67 255 227 144 255 174 210 255 255 75 233 171 65 13 255 255 9 33 163
    255 30 255 37 255 143 69 252 76 255 96 255 255 235 121 255 255 206
    201 255 124 255 222 228 222 255 136 142 225 202 158 255 112 132 91
    235 70 255 213 238 255 90 255 209 255 161 58 35 214 255 172 13 124
    13 83 81 179 13 13 230 59 48 90 255 162 139 182 2 255 200 255 181
    203 56 13 181 255 80 188 167 35 29 235 137 70 255 178 255 255 131
    255 255 55 133 85 73 22 255 97 128 202 255 244 255 69 45 247 200 74
    229 72 12 83 151 138 85 93 128 174 136 255 255 58 255 225 147 96 255
    98 9 156 134 190 219 78 240 90 17 53 255 29 63 159 49 173 58 70 255
    255 220 137 38 112 70 255 104 8 15 54 255 172 106 255 255 102 255
    255 208 252 30 81 114 179 82 255 222 196 183 131 10 99 244 81 185
    161 255 254 245 47 217 255 196 77 162 28 206 255 151 85 30 233 241
    192 156 6 167 64 215 255 143 252 255 253 192 202 57 44 239 153 159
    245 81 118 118 56 65 255 52 191 171 248 255 206 178 255 255 108 13
    255 57 255 186 193 92 255 155 249 94 62 255 18 218 222 255 140 113
    255 45 254 109 255 127 255 129 118 255 194 37 161 253 192 176 74 41
    255 16 92 144 33 168 33 112 255 255 80 174 225 233 185 255 155 255
    225 144 255 119 98 242 225 160 255 255 169 196 51 255 255 225 206 54
    154 200 88 255 243 100 3 102 37 187 175 255 123 116 79 255 53 100 93
    255 237 111 52 213 157 255 163 73 255 119 80 219 101 114 42 217 237
    127 255 146 98 237 255 127 153 225 143 21 255 255 164 109 236 38 41
    209 213 255 19 85 220 252 255 31 52 255 90 44 31 17 46 255 50 145
    144 50 255 140 162 99 187 63 205 150 249 58 219 128 170 218 35 255 6
    61 84 115 23 18 87 192 240 63 255 206 210 181 115 168 255 129 21 126
    207 47 255 99 255 169 255 108 18 9 1 108 157 219 85 255 217 255 243
    6 75 151 1 255 166 81 255 28 76 255 174 77 194 181 58 255 111 153
    255 116 135 22 166 255 207 255 147 186 55 115 255 19 155 255 203 53
    255 138 147 255 175 81 255 160 249 75 133 181 255 0 133 255 255 88 3
    96 255 247 94 149 255 134 254 255 255 251 41 255 164 30 255 233 255
    106 97 255 110 168 12 255 238 255 234 19 255 255 76 121 46 255 88
    137 45 255 127 249 255 87 218 255 96 122 174 158 255 151 201 224 255
    245 255 104 34 247 186 36 29 232 91 229 118 181 156 177 255 83 171
    74 6 30 237 255 60 255 255 81 125 101 177 203 77 245 158 255 255 249
    178 245 248 249 192 137 146 151 101 179 143 26 228 255 138 149 104
    220 172 129 13 255 255 255 41 255 188 255 255 60 255 209 189 32 255
    3 209 255 236 119 83 126 105 255 236 33 255 228 191 255 143 108 28
    131 227 199 129 255 138 255 86 191 175 68 53 34 73 255 44 127 255
    139 255 255 163 142 224 71 117 126 51 124 230 30 97 212 40 254 27 71
    149 66 158 23 3 88 255 255 52 53 108 64 255 255 233 255 255 245 208
    207 238 147 169 46 255 161 229 194 255 153 209 255 55 112 255 192
    147 20 113 164 91 147 213 90 216 24 123 169 241 255 222 191 255 85
    44 255 56 214 255 190 35 255 40 142 255 162 133 225 242 33 2 207 87
    113 175 5 50 171 219 255 156 22 162 202 126 255 249 255 255 121 114
    255 208 215 90 202 255 220 255 255 48 224 255 230 61 208 144 148 255
    255 21 255 119 44 88 255 149 146 138 217 137 255 208 229 191 247 38
    255 206 150 17 53 183 255 51 255 167 162 220 216 143 65 255 52 255
    255 218 255 255 22 77 219 43 113 229 133 129 35 21 45 104 76 255 129
    130 65 68 212 42 22 142 215 192 7 182 103 131 255 255 255 255 255
    181 240 139 96 227 224 179 255 230 255 3 255 205 241 255 203 255 207
    56 222 255 208 255 96 24 153 93 17 23 229 167 99 255 236 138 141 13
    76 181 236 182 220 255 255 15 15 188 3 48 5 254 231 161 255 191 255
    229 255 200 12 167 255 255 75 76 176 30 88 76 255 150 255 54 160 144
    254 245 3 131 255 255 220 40 255 121 9 255 124 181 222 106 255 255
    255 255 244 167 50 252 216 255 255 121 3 114 16 62 177 215 81 255 38
    190 189 251 165 255 211 44 80 80 217 2 239 255 255 194 191 118 192
    33 146 40 138 255 72 255 255 21 26 56 102 117 17 165 255 255 49 169
    207 175 119 255 194 141 45 255 104 255 109 91 162 9 255 255 136 168
    255 218 218 177 72 251 255 8 255 211 178 255 255 147 110 255 170 149
    63 179 255 149 255 255 255 220 255 106 217 151 106 19 1 177 233 13
    255 82 150 0 28 255 255 162 110 73 255 49 186 136 42 255 139 79 255
    192 255 174 85 255 255 220 217 2 107 14 222 135 224 23 180 124 197
    255 255 131 9 236 181 189 255 15 252 114 38 255 235 220 131 69 154
    239 140 255 46 208 211 191 181 23 76 86 255 255 104 255 171 146 187
    35 123 111 152 96 255 127 149 255 72 33 93 40 133 151 33 164 133 30
    69 255 133 54 254 6 192 235 255 255 255 98 237 83 255 255 245 104
    133 255 142 101 126 17 141 86 220 214 2 87 255 255 4 3 68 209 105
    230 237 138 114 255 255 206 237 97 146 255 55 255 42 255 255 213 142
    250 161 191 33 255 109 255 196 222 172 255 172 255 142 213 164 92
    255 101 230 218 255 85 147 169 78 206 46 210 255 18 234 97 199 172
    255 113 61 255 48 152 255 176 255 90 17 239 255 88 13 196 22 180 255
    118 255 0 159 19 255 114 131 165 255 227 32 255 34 53 5 244 68 255
    255 255 255 2 146 255 255 173 68 146 55 255 122 209 255 255 163 104
    255 195 40 25 255 255 216 255 149 52 36 255 145 255 63 213 32 43 149
    246 255 120 255 149 113 255 8 57 59 31 97 255 141 249 188 255 147
    150 255 22 126 225 24 28 212 6 255 255 255 13 111 116 67 255 101 235
    41 81 27 255 222 1 255 87 28 255 251 106 255 255 158 131 46 24 255
    51 123 131 157 145 106 75 69 171 245 136 255 255 255 254 255 146 255
    75 169 212 182 224 255 122 69 196 162 209 40 246 44 31 82 94 255 3
    27 254 255 5 181 122 47 45 255 255 161 21 18 255 42 255 207 9 220 71
    240 31 27 79 255 83 71 181 123 216 161 83 91 106 209 153 56 255 15
    114 138 255 10 255 88 217 255 121 23 255 122 255 134 115 164 255 201
    178 255 85 85 255 174 70 255 74 255 65 207 255 171 85 255 36 121 128
    196 189 83 118 76 255 55 93 190 189 107 77 86 8 24 66 252 255 255 85
    255 8 88 255 63 172 151 179 183 159 255 158 255 255 153 17 169 255
    255 255 147 122 255 158 242 255 109 64 141 206 114 66 151 28 75 255
    172 255 165 55 220 3 172 219 21 115 247 252 131 214 245 197 255 227
    150 23 249 112 255 163 255 255 12 235 214 107 228 182 228 177 63 135
    56 56 138 255 60 126 119 172 4 65 255 139 15 230 255 3 13 255 185
    255 199 254 187 185 255 65 70 237 255 48 40 109 255 127 255 152 201
    255 28 231 13 100 255 28 221 1 68 81 99 255 38 8 255 230 255 157 167
    173 114 29 95 197 226 255 216 39 226 255 3 138 255 9 255 255 102 195
    250 164 170 227 97 255 255 255 145 50 255 255 113 28 31 201 122 23
    53 255 168 85 181 69 90 60 141 255 235 213 61 213 3 161 136 141 217
    34 45 255 202 255 227 78 15 149 33 8 255 247 115 255 99 49 255 179
    246 255 255 106 255 209 255 255 53 255 94 163 153 17 215 236 255 112
    204 212 2 255 255 71 215 182 240 224 255 46 140 7 39 131 242 16 181
    157 35 79 50 199 1 255 140 96 78 220 149 255 58 106 85 176 238 58
    209 181 134 255 97 40 119 144 171 238 13 255 46 244 255 90 199 255
    113 255 252 227 9 56 64 255 176 58 188 113 254 224 255 255 118 255
    130 231 255 60 255 25 196 241 27 52 124 255 244 106 217 248 231 7 34
    255 116 248 29 186 100 244 217 227 24 255 102 113 255 110 196 255 34
    232 111 173 255 255 222 231 255 42 255 197 152 32 255 246 28 76 82
    250 202 255 140 176 255 165 250 229 53 83 191 62 255 70 174 235 229
    117 255 97 204 255 142 81 41 174 255 214 88 79 255 224 255 196 128
    199 255 12 255 172 146 23 255 219 64 222 147 255 255 111 123 255 255
    128 255 255 255 255 167 174 255 122 46 88 62 255 255 255 255 227 231
    18 116 56 15 237 255 255 212 156 163 255 2 224 123 33 255 255 112
    223 255 193 85 17 96 206 96 234 38 129 157 255 189 2 255 109 22 227
    249 39 255 118 73 255 255 167 3 65 224 87 22 229 164 255 255 255 255
    255 131 255 255 255 194 63 255 153 113 23 255 255 64 136 164 70 86
    197 29 161 48 151 154 188 255 96 24 255 81 48 22 255 255 255 179 124
    176 0 135 192 255 255 226 234 224 33 192 71 181 206 75 94 242 166 10
    189 90 255 255 13 92 131 109 144 255 219 182 139 20 67 153 84 135 99
    47 56 166 255 255 255 255 255 197 1 159 25 200 195 255 46 255 255 9
    142 255 199 117 12 249 47 10 88 76 255 187 255 255 255 255 83 255
    127 184 110 255 20 33 255 85 164 142 255 92 244 255 255 223 186 151
    182 255 28 241 255 243 129 219 242 255 255 27 238 255 88 185 255 183
    13 33 190 191 25 74 255 199 146 76 129 194 255 174 56 21 81 124 255
    98 30 33 61 224 64 255 72 255 176 180 206 255 54 59 187 179 218 124
    205 242 255 235 255 255 222 12 229 144 213 31 108 136 255 147 255
    187 102 45 255 42 219 202 21 55 53 28 255 85 156 255 157 197 92 83
    163 9 255 36 255 98 255 53 232 34 56 255 19 56 255 103 141 169 255
    41 191 36 160 255 188 47 255 65 94 255 230 246 255 216 136 255 27 10
    138 183 29 255 197 117 153 144 78 255 194 251 250 49 242 255 98 77
    219 228 199 151 51 50 255 3 228 229 255 255 50 8 219 90 129 69 255
    255 205 255 240 208 255 184 24 255 255 255 18 63 0 148 164 158 7 229
    158 227 56 255 230 228 81 76 255 255 255 24 88 171 233 174 255 49 29
    255 22 177 171 211 12 23 157 203 206 255 255 101 71 233 255 131 60
    114 91 6 80 173 187 255 255 206 136 157 85 88 151 94 40 115 50 148 1
    160 94 107 42 217 82 6 159 44 14 99 255 60 176 106 97 179 211 140 20
    249 163 255 58 6 98 1 185 31 147 95 255 255 103 255 205 255 255 46
    90 255 65 74 255 175 4 255 208 215 255 112 122 255 174 255 133 138
    167 53 255 255 255 138 69 148 201 27 206 101 255 255 229 197 99 251
    173 255 1 255 217 4 15 78 122 254 144 76 255 81 175 70 66 4 112 255
    215 233 255 109 208 172 221 137 40 129 255 255 165 229 209 255 177
    18 203 177 80 247 241 255 78 255 255 255 86 212 39 26 78 199 88 255
    178 155 143 243 255 169 239 237 154 30 76 121 226 255 255 71 78 255
    164 9 255 175 177 255 91 246 255 113 208 255 92 104 255 255 255 3
    236 131 255 117 156 164 20 38 255 25 255 148 217 226 255 129 163 103
    162 203 255 236 101 255 72 6 126 152 63 255 190 254 22 45 255 220
    128 28 138 126 228 33 237 255 254 255 255 194 225 238 169 42 255 255
    248 114 229 33 255 255 248 255 179 80 112 172 38 235 36 238 119 255
    73 154 255 107 105 169 109 255 255 110 112 255 245 164 101 225 108
    116 62 67 22 249 255 255 38 255 149 24 255 255 255 126 255 242 191 3
    169 54 255 35 255 199 91 191 111 88 208 255 129 255 255 255 220 255
    255 17 249 44 210 255 124 65 66 230 155 123 166 156 255 127 103 194
    54 255 88 191 103 192 255 192 124 239 255 43 54 252 255 240 141 38
    54 124 2 73 131 227 49 190 255 70 4 255 172 251 66 25 255 255 126 28
    255 148 191 255 72 155 255 17 40 40 181 37 90 74 132 204 167 255 255
    135 37 255 178 117 12 91 255 255 4 150 199 196 220 255 57 6 94 100
    79 86 24 255 3 100 255 171 153 168 66 255 238 128 167 222 255 120
    150 255 133 247 146 92 233 255 255 63 96 52 90 255 169 22 128 154
    169 199 85 211 118 118 72 35 84 190 255 255 3 255 57 112 255 207 255
    134 97 247 255 255 245 255 133 211 81 211 103 68 0 179 187 70 54 255
    183 255 154 233 150 121 253 220 255 138 28 35 80 255 255 180 155 209
    104 97 174 13 88 38 51 187 164 193 254 255 16 255 227 103 59 128 74
    201 182 87 161 255 63 240 187 255 183 10 222 158 53 3 176 204 64 255
    194 13 251 73 167 204 255 255 149 255 184 222 229 191 255 25 203 240
    255 47 137 139 217 255 255 139 15 114 6 255 255 184 9 255 81 32 15
    165 255 197 71 21 96 11 255 240 110 110 255 203 240 220 48 231 229
    189 255 255 102 237 83 206 79 255 13 49 146 106 114 249 197 236 224
    12 128 255 167 159 255 255 77 139 196 168 255 251 187 136 127 146
    255 255 69 255 10 250 189 157 29 154 104 149 177 138 164 157 102 150
    255 254 223 255 167 104 93 135 252 255 58 249 41 160 255 133 255 86
    41 236 255 153 16 36 91 245 210 255 121 214 240 237 27 129 255 126
    255 189 222 255 184 19 207 212 79 73 144 97 255 222 40 94 173 73 255
    119 127 255 255 255 255 160 62 255 34 138 133 184 85 167 255 1 255
    20 170 164 80 26 68 148 38 255 121 64 23 49 164 141 146 8 164 144
    123 255 82 56 40 142 203 109 203 238 255 98 0 138 121 255 255 72 156
    255 83 173 55 239 137 255 218 29 255 255 68 255 171 177 162 97 79
    255 191 168 151 2 255 192 224 55 255 169 46 222 221 85 255 248 240
    191 18 132 220 25 186 255 66 252 20 155 178 255 42 255 20 191 63 186
    120 255 43 255 177 75 130 79 41 21 81 56 244 138 239 254 245 255 99
    255 41 116 233 7 135 245 0 36 91 255 49 255 255 188 255 15 61 255
    235 255 154 216 162 255 255 137 87 255 98 83 81 206 255 255 65 129
    250 112 154 48 244 123 255 36 255 255 202 81 216 218 90 191 28 206
    255 255 136 22 219 255 17 1 186 234 255 159 50 128 100 255 235 218
    255 161 82 17 255 55 255 51 131 191 196 252 13 146 255 240 147 38
    255 97 85 119 16 252 255 104 21 114 76 196 255 16 106 101 196 255
    255 103 56 255 149 255 106 252 123 141 26 85 119 229 4 197 239 255
    255 111 64 187 238 91 153 187 100 255 92 218 255 26 168 255 130 122
    212 6 150 255 62 146 255 151 38 255 255 255 22 79 32 255 182 213 255
    18 255 255 246 92 101 200 70 38 75 122 255 194 255 141 147 54 239
    255 51 206 196 186 247 233 53 151 115 255 255 203 209 255 143 206
    255 200 126 169 231 255 234 90 55 207 66 255 202 255 138 250 36 179
    51 197 255 255 38 32 48 57 83 255 110 65 255 237 62 196 53 64 245 65
    255 255 107 255 237 125 94 211 38 47 164 73 236 108 9 149 255 255
    138 167 40 8 255 56 208 255 13 205 255 164 255 255 70 222 255 3 18
    171 18 210 255 207 242 255 71 255 48 78 210 255 251 38 211 119 72
    162 213 255 245 2 155 229 237 129 255 27 31 38 255 83 85 0 255 106
    193 62 225 118 41 153 113 209 255 10 255 255 237 165 255 143 138 255
    89 124 255 203 59 182 230 72 157 46 119 12 255 140 41 213 215 184
    125 167 255 9 72 58 34 104 90 138 70 255 7 255 255 39 255 255 9 91
    255 78 103 194 124 215 244 34 255 255 210 246 35 153 35 255 20 70
    255 231 151 119 239 255 101 213 255 90 109 38 143 189 255 255 62 174
    144 211 64 230 248 255 134 58 140 201 189 62 255 37 32 255 231 227
    255 49 255 13 103 81 255 216 59 255 30 100 242 138 0 255 255 168 202
    144 255 126 104 97 255 128 187 121 38 159 255 27 255 35 11 77 252 19
    72 255 237 33 255 179 209 219 122 183 111 251 154 45 158 55 255 104
    144 164 20 255 255 81 255 255 255 142 212 255 178 232 226 63 18 60
    173 23 128 255 255 216 240 255 130 94 124 220 135 154 44 255 255 227
    255 255 120 68 255 224 73 255 85 255 33 254 185 255 255 23 143 42
    204 255 140 206 71 234 112 255 228 223 48 254 187 66 215 255 255 226
    115 75 113 255 255 254 113 12 29 224 255 210 150 255 152 255 255 229
    173 255 164 79 255 207 35 255 8 255 255 197 47 255 238 255 255 255
    32 237 71 187 255 172 112 255 28 217 10 189 255 255 48 195 255 42
    220 78 84 255 141 191 127 182 175 255 141 20 112 219 2 254 245 144
    153 255 60 237 255 71 40 98 156 255 181 60 255 255 255 65 126 1 18
    255 206 28 70 255 255 252 166 9 176 146 163 255 228 255 255 199 185
    232 34 160 219 92 149 197 72 255 113 88 91 196 255 114 207 43 50 88
    60 109 151 35 182 255 29 19 255 80 237 65 206 255 255 89 187 187 240
    255 149 43 156 255 29 247 111 117 5 31 54 241 99 213 105 255 115 255
    22 164 255 66 138 87 242 11 104 80 56 46 250 151 255 93 17 77 255
    255 83 43 37 138 12 169 231 157 198 133 255 197 223 255 29 255 50
    255 188 255 94 255 217 255 214 255 53 255 255 39 255 255 192 187 184
    255 255 255 133 17 227 187 40 250 126 4 174 255 255 222 155 160 211
    158 117 255 103 255 121 210 104 229 90 22 255 205 60 17 117 186 22
    169 255 255 66 223 192 255 83 186 82 82 255 169 127 179 26 32 201
    112 153 80 57 204 255 29 150 255 111 255 255 136 77 88 231 85 255 92
    114 17 202 56 255 153 60 191 92 3 245 158 255 156 160 69 7 255 255
    184 83 255 50 179 208 214 79 142 171 19 18 23 2 120 225 136 255 234
    230 199 2 143 129 108 88 18 174 178 118 101 71 47 250 255 147 255 90
    194 255 231 128 255 110 255 2 151 255 212 64 129 255 255 110 227 62
    255 0 211 255 255 74 123 255 73 149 239 224 163 255 67 255 143 255
    173 214 198 86 136 251 8 212 89 60 191 89 213 255 110 100 169 4 210
    8 61 228 93 242 255 55 255 170 255 8 104 128 218 26 255 247 58 202
    64 255 255 44 238 255 110 51 229 166 223 88 24 255 162 1 147 30 138
    255 255 113 192 255 36 255 255 137 40 255 225 255 255 255 32 209 161
    177 255 70 67 15 171 24 153 213 79 186 145 49 255 199 103 255 160
    255 255 25 78 255 6 255 224 231 27 255 173 9 51 255 255 81 39 51 255
    46 170 211 158 127 179 199 68 255 25 138 255 102 97 255 255 72 99
    238 247 255 33 140 255 200 83 159 194 35 235 58 82 196 48 255 255 13
    46 255 125 205 25 220 99 151 66 188 53 8 229 216 76 200 167 187 59
    83 252 203 237 110 255 189 240 222 255 47 90 255 26 255 31 129 255
    146 133 252 255 29 170 230 197 135 206 212 179 124 26 191 255 153
    106 255 96 129 194 2 109 154 20 170 139 245 36 255 200 246 114 255
    37 255 98 82 78 34 214 124 212 83 68 226 5 121 255 120 255 49 119 60
    225 32 186 89 74 255 238 224 237 252 255 219 62 191 229 252 159 192
    124 255 156 101 203 18 217 255 255 239 179 219 117 255 255 163 90 58
    81 242 96 215 37 143 120 213 255 238 22 8 161 255 99 189 70 63 213
    128 141 128 255 255 31 160 255 102 23 136 205 190 242 255 59 126 175
    255 177 229 245 91 182 215 255 38 42 255 31 255 255 93 219 255 237
    200 255 57 255 186 112 255 255 30 252 255 90 228 134 31 255 15 64
    255 58 255 113 255 45 82 191 178 255 255 64 68 25 66 218 255 228 51
    255 87 68 153 56 63 255 48 35 255 169 114 255 70 255 255 88 190 232
    178 114 255 244 163 35 94 255 255 199 64 214 121 46 192 107 255 121
    139 236 164 31 40 255 108 156 192 255 136 106 109 227 255 106 255 3
    255 144 255 96 99 172 245 255 255 51 4 45 206 104 70 182 222 255 138
    63 30 99 255 255 39 169 0 8 144 46 110 255 93 189 59 191 255 255 255
    255 163 202 255 32 0 26 255 255 172 255 255 33 240 166 231 9 161 52
    14 76 53 65 255 153 108 172 40 53 13 37 36 108 74 255 255 130 226
    128 0 245 17 255 186 255 178 255 250 160 255 255 149 251 255 243 255
    255 247 199 255 255 228 255 229 222 255 106 77 36 145 24 18 81 91
    255 81 255 111 116 103 255 226 179 202 180 255 255 166 255 255 229
    255 179 190 103 255 163 191 153 238 28 181 58 197 255 151 252 255 70
    197 206 85 112 255 220 13 33 255 255 65 174 77 255 25 26 255 176 222
    45 251 213 146 34 255 255 205 219 255 155 227 86 255 113 187 173 255
    206 208 118 123 242 227 255 102 222 139 175 64 55 173 172 90 107 249
    25 79 79 96 10 255 255 248 26 108 19 9 255 129 246 75 125 132 191
    164 138 255 54 167 202 42 255 98 199 28 227 255 255 217 244 38 255
    88 73 255 196 63 129 29 164 209 71 255 232 202 133 71 169 62 143 44
    108 36 47 99 255 170 31 131 176 250 192 7 255 255 156 255 255 164 41
    41 142 40 73 52 1 255 79 254 113 255 159 216 255 255 255 53 70 58 2
    131 60 227 163 255 146 47 255 235 128 35 38 176 255 28 255 199 72 10
    255 13 153 255 238 205 255 82 255 118 255 129 255 143 83 66 85 136
    153 121 109 255 130 255 255 244 255 255 255 40 116 189 159 255 119
    255 51 137 74 7 255 124 255 202 142 255 149 82 255 221 255 255 117
    213 255 40 205 255 97 24 255 255 129 141 255 79 45 107 201 167 0 76
    255 180 56 255 231 24 255 12 209 255 81 255 172 147 159 255 57 167
    255 203 165 167 255 59 255 64 188 255 193 42 119 46 196 187 174 19
    136 202 224 22 156 67 255 101 213 172 255 122 255 203 182 225 37 192
    209 28 164 255 156 124 192 97 255 153 181 233 255 58 255 111 165 159
    148 190 223 240 197 177 7 173 77 156 42 255 167 120 6 85 255 255 45
    91 255 255 31 53 131 39 132 53 136 8 255 151 255 255 179 145 206 76
    255 5 44 245 255 183 86 81 62 64 157 178 138 255 127 255 237 215 41
    255 62 174 250 49 154 255 230 255 80 116 160 10 182 169 2 128 218
    255 146 210 255 185 209 71 63 255 45 151 254 255 163 255 255 48 228
    255 180 255 255 218 26 126 208 255 209 254 177 154 255 214 38 35 245
    255 101 29 25 85 1 255 194 195 255 130 65 172 215 255 255 254 192
    113 134 133 237 92 255 106 229 255 242 113 238 123 69 140 23 98 185
    255 81 78 255 154 255 56 162 161 51 110 65 51 148 255 131 215 255
    194 49 53 40 255 59 60 15 255 149 90 242 225 255 255 167 85 117 255
    169 255 242 240 41 249 99 255 41 220 153 55 140 255 255 255 90 255
    34 255 255 199 209 255 10 133 255 81 81 227 255 65 138 46 255 255
    131 74 194 8 190 255 244 33 63 104 186 123 249 255 36 255 173 255
    218 209 255 244 40 255 197 233 255 170 251 23 199 255 53 254 77 230
    13 14 255 172 124 224 210 27 255 200 178 99 194 255 255 27 252 199
    172 6 255 255 99 96 133 255 104 29 213 207 27 223 255 170 255 43 103
    137 186 64 255 76 170 119 196 203 18 101 147 115 230 113 49 239 255
    87 255 134 161 255 1 6 25 54 209 255 124 201 214 25 103 255 217 14
    103 222 37 70 74 177 206 15 81 83 119 255 111 90 53 255 192 91 116
    172 255 46 255 18 255 79 204 199 119 246 255 144 229 255 117 86 255
    8 237 214 115 18 255 120 126 159 89 177 247 166 67 70 67 186 128 119
    181 111 255 56 177 181 255 109 255 255 50 215 237 255 188 255 5 233
    255 239 20 255 255 99 255 255 153 13 171 147 206 43 102 26 255 189
    255 18 255 255 124 217 154 255 143 3 227 227 213 242 253 101 255 229
    254 8 72 255 7 11 76 255 138 218 255 212 167 136 216 255 237 53 135
    131 210 117 206 254 255 194 102 255 255 175 255 36 54 87 219 113 255
    255 143 158 255 33 255 255 238 96 197 222 241 249 255 255 255 85 255
    166 3 114 196 255 26 114 197 255 177 99 108 255 251 103 181 74 255
    45 119 236 255 17 153 148 119 255 149 154 85 222 254 161 114 242 67
    23 171 255 141 83 255 17 37 210 255 48 128 139 255 31 255 25 218 255
    142 206 240 118 5 250 255 255 119 191 76 255 147 235 91 176 179 255
    106 176 255 255 87 255 74 255 43 189 191 101 136 229 255 200 76 13
    63 42 30 4 37 255 91 205 148 9 255 255 43 232 255 242 187 255 255
    154 20 66 192 224 160 255 255 1 58 177 28 255 138 85 137 121 90 150
    255 107 255 255 238 173 255 255 255 201 56 51 255 74 154 179 84 113
    164 6 104 255 191 138 98 10 128 23 54 183 157 25 1 255 251 203 255
    226 255 153 198 42 255 191 229 255 229 165 229 25 119 227 124 211 76
    26 60 81 20 242 230 7 255 60 201 146 255 110 177 255 184 163 255 169
    58 202 13 197 149 255 190 91 96 38 255 104 147 224 17 26 255 226 36
    255 29 68 255 242 0 2 87 255 126 216 155 113 70 81 255 178 54 148 83
    3 255 217 238 30 0 228 255 255 255 216 101 255 55 191 255 255 109
    255 255 38 74 255 166 56 157 227 235 171 255 249 20 37 17 255 73 255
    129 60 100 164 156 255 126 189 241 156 90 123 124 144 79 255 213 236
    255 255 31 207 118 255 229 2 255 76 255 141 128 206 91 255 70 37 90
    193 255 255 100 255 255 251 255 143 98 50 255 2 255 124 45 91 114
    164 104 58 218 17 255 9 5 139 189 170 60 48 170 255 255 251 149 144
    1 182 162 14 255 113 255 255 192 255 206 189 40 61 94 55 136 18 215
    15 183 194 30 255 88 68 243 109 31 255 255 255 37 229 255 93 77 255
    1 255 255 45 42 138 29 115 222 125 245 118 29 255 255 124 255 66 121
    255 255 192 237 68 255 150 20 134 91 255 109 99 55 245 168 70 19 24
    255 170 255 244 122 5 255 93 136 230 11 255 255 142 192 176 26 101
    12 158 255 70 255 158 76 254 255 247 103 110 10 175 4 255 188 160
    255 198 161 255 136 220 76 179 255 255 111 240 75 71 106 255 185 255
    199 97 91 255 233 36 139 149 5 31 255 63 148 226 27 255 228 51 22
    183 91 255 138 249 255 255 220 255 103 105 182 167 210 111 219 240
    65 255 15 255 213 37 22 255 241 153 167 228 255 63 254 249 102 255
    229 80 249 172 179 122 255 135 255 156 1 255 255 75 255 66 128 192
    126 19 153 66 255 255 255 21 191 104 143 177 255 138 182 255 237 255
    255 147 94 174 171 77 229 247 85 184 97 208 255 112 165 255 8 255
    113 194 229 255 255 214 143 208 117 255 1 194 113 111 9 255 255 79
    255 156 31 186 13 185 111 222 114 255 255 120 149 255 185 58 44 255
    56 247 150 255 249 37 255 109 252 255 127 68 255 108 99 255 248 190
    255 94 123 255 255 9 151 103 138 232 140 27 12 88 113 255 148 229 78
    128 255 51 255 255 255 239 255 148 47 99 255 0 219 212 38 26 255 255
    41 192 19 90 75 22 37 255 189 146 255 229 209 126 242 255 58 160 255
    65 93 199 28 165 255 128 254 109 108 58 150 255 253 220 27 255 255
    196 163 255 255 122 144 254 83 250 255 144 113 65 231 170 255 44 215
    156 30 123 242 135 249 225 91 158 148 6 241 167 211 47 255 197 50
    217 144 219 255 205 255 50 198 255 131 202 51 55 66 27 209 233 255
    121 233 120 46 0 255 94 88 38 255 31 238 171 226 26 255 209 186 220
    73 124 224 27 18 78 120 236 240 136 201 255 255 104 255 251 87 8 75
    142 212 218 96 119 184 187 240 117 145 187 247 201 255 12 227 83 207
    114 255 255 246 255 10 46 255 255 255 255 25 155 146 133 72 94 164
    233 20 255 124 194 148 172 71 179 160 88 9 155 206 1 38 255 145 255
    255 49 114 247 136 124 169 58 224 255 84 135 255 145 206 73 196 15
    255 196 159 124 17 208 255 97 204 255 255 231 157 7 197 255 201 38
    123 181 76 255 46 191 255 211 242 255 20 97 38 53 122 229 181 201
    151 107 255 255 97 144 255 209 120 220 92 255 250 12 17 30 74 31 255
    205 0 245 129 172 255 139 14 27 160 210 156 254 117 187 240 183 255
    101 40 194 160 90 106 255 186 18 91 213 70 152 87 28 39 70 239 217
    255 148 90 255 128 129 77 255 63 136 191 138 255 255 49 213 255 226
    56 68 175 36 255 7 169 12 251 255 136 255 179 83 162 255 17 251 255
    255 42 218 86 212 127 78 160 86 255 0 236 255 169 63 255 249 0 255
    255 145 172 61 85 255 235 159 255 185 51 85 209 68 94 255 208 30 113
    74 234 6 255 255 7 38 111 92 135 255 83 51 225 155 18 255 34 195 255
    0 31 187 103 249 225 1 255 179 234 108 255 175 109 174 107 255 255
    199 101 45 181 255 94 154 218 66 225 27 196 112 147 199 198 255 219
    128 63 91 252 204 255 46 69 186 44 73 227 25 238 240 251 70 51 39
    235 255 4 255 230 135 41 255 29 120 35 3 224 255 137 209 191 164 174
    255 130 158 255 209 214 31 255 255 255 199 109 88 227 15 255 73 252
    255 115 255 186 207 150 144 19 50 181 219 47 255 104 85 255 118 73
    255 29 149 101 87 254 255 167 68 91 189 255 103 226 87 255 246 128
    109 7 26 254 173 218 104 167 74 220 230 65 255 75 181 17 39 54 247
    113 12 255 255 255 75 167 70 73 147 174 166 134 137 255 239 115 255
    121 44 53 211 255 197 45 255 255 255 60 176 202 108 194 219 83 255
    174 206 36 143 255 255 255 82 8 170 215 101 209 199 63 247 255 254
    84 90 252 184 15 187 240 255 255 93 215 230 28 255 81 75 174 255 25
    165 255 87 82 255 55 106 255 43 255 15 34 163 255 255 6 255 200 224
    255 253 255 129 212 176 55 255 247 207 143 60 230 255 177 15 2 214
    15 179 255 118 203 5 255 56 251 51 109 255 153 205 168 255 216 255
    30 147 35 106 90 224 109 193 220 131 73 132 255 253 240 73 74 194
    255 135 222 219 199 255 35 212 4 28 72 18 254 255 58 60 212 13 63
    255 255 255 66 252 106 255 29 201 210 172 211 238 138 255 152 127
    141 255 255 58 81 47 118 76 255 51 237 78 255 53 151 255 255 244 255
    171 118 33 118 255 71 151 219 255 107 163 255 72 110 118 206 49 224
    196 255 212 133 53 255 173 179 156 92 195 255 88 56 119 1 23 255 255
    9 255 255 29 60 146 99 255 255 133 176 74 164 7 197 255 222 58 158
    255 55 158 30 72 60 255 64 129 219 212 13 224 203 191 149 93 181 255
    255 255 31 224 229 255 219 249 255 164 255 134 28 255 88 208 19 146
    8 255 134 57 208 255 255 149 255 148 255 138 228 124 161 74 255 255
    255 95 106 34 81 157 108 255 234 246 142 212 39 91 255 211 90 202 36
    60 129 192 233 7 209 255 116 208 255 255 244 28 255 47 237 212 3 131
    247 26 14 169 244 63 61 233 173 255 24 114 255 85 255 255 255 255
    255 25 255 101 255 255 255 89 255 255 22 255 255 104 255 12 167 54
    255 93 21 18 239 186 38 236 233 255 133 195 196 136 255 101 146 14 7
    252 131 85 184 104 255 240 204 255 206 58 184 179 150 255 255 236
    255 102 140 255 194 163 255 188 54 157 211 255 254 255 54 255 51 255
    255 229 201 255 43 3 225 164 231 212 45 174 116 194 244 247 17 255
    255 160 99 207 63 155 83 16 3 234 39 206 179 199 58 255 255 10 99
    255 255 255 103 19 108 33 132 255 255 33 99 238 144 126 255 186 154
    21 206 255 74 132 91 25 4 255 134 149 161 217 144 255 111 255 255
    193 28 18 165 51 255 196 67 61 243 194 53 188 82 255 65 255 116 237
    192 43 10 233 58 10 141 121 227 255 255 75 76 255 70 255 38 22 19
    255 136 244 255 255 1 46 134 132 189 11 255 255 255 163 151 3 120
    254 248 164 176 234 115 232 29 235 81 19 186 255 72 222 255 244 176
    156 110 117 101 245 146 177 152 12 217 218 172 189 63 255 255 113 29
    255 65 255 255 117 255 255 94 33 255 149 17 255 163 63 153 39 108 83
    33 123 255 148 185 255 230 128 99 255 53 255 19 68 255 188 9 255 249
    255 255 22 90 255 255 14 116 85 255 25 67 142 184 246 15 197 163 73
    230 165 151 108 238 226 255 171 236 255 71 173 10 174 19 25 72 255
    80 28 114 255 33 214 255 180 50 128 165 63 255 56 37 118 171 141 252
    231 255 255 25 247 197 255 156 255 240 9 255 239 26 255 75 156 255
    106 169 255 225 108 22 201 255 126 35 165 255 83 56 136 255 94 255
    125 69 255 183 27 255 4 182 27 66 164 85 244 42 214 49 58 91 137 137
    230 193 112 255 154 164 245 129 170 255 99 23 255 202 142 182 255 96
    255 88 163 60 255 26 255 255 170 255 170 255 3 187 204 153 73 128
    176 255 158 255 212 82 174 255 5 255 37 91 60 113 146 167 45 22 177
    67 255 31 10 40 255 189 255 138 39 31 255 72 12 93 206 141 28 255
    255 255 249 204 94 175 74 255 83 228 255 21 159 123 66 73 51 106 255
    255 28 90 216 111 77 174 219 133 255 44 194 25 188 255 255 226 104
    159 201 196 202 74 255 129 196 197 255 8 255 255 188 126 111 245 255
    249 3 160 153 255 229 186 29 3 255 74 17 136 88 255 96 255 255 212 0
    255 255 9 186 255 91 55 199 184 247 255 233 255 255 149 255 143 255
    76 255 255 227 255 255 13 255 207 81 78 21 247 230 111 206 134 178
    10 99 139 255 255 206 183 88 60 27 255 255 132 255 197 255 255 127
    217 153 33 65 255 155 22 129 236 149 255 83 255 40 155 65 5 182 177
    255 73 10 255 124 81 255 207 255 255 19 182 255 222 245 255 64 73
    255 244 255 38 101 183 222 191 191 255 255 82 255 16 70 255 138 255
    255 139 118 255 131 210 255 255 6 211 71 149 249 99 168 38 147 250
    12 76 117 153 255 251 78 47 192 255 111 177 222 192 131 114 169 146
    255 149 45 55 12 138 202 109 185 38 117 170 55 98 46 56 99 12 255 87
    255 22 113 91 255 171 119 255 133 245 144 255 1 99 255 172 255 67
    217 255 34 6 111 144 119 212 118 255 255 190 8 3 252 242 249 192 188
    255 116 240 68 100 153 207 82 160 255 121 45 255 203 197 234 112 158
    255 220 255 181 30 149 86 22 40 255 44 72 176 48 191 169 28 60 66 80
    141 176 118 169 144 70 114 255 192 255 171 74 112 191 213 188 192 94
    255 143 84 78 255 44 255 186 10 79 255 229 255 154 79 10 211 169 50
    8 136 68 10 175 83 216 200 255 96 251 209 245 246 231 255 47 210 131
    200 115 255 187 196 56 71 49 255 191 85 116 97 161 227 137 86 73 151
    205 104 51 220 177 133 255 164 162 154 255 63 255 255 147 97 113 255
    9 17 244 26 255 219 62 255 82 127 66 33 206 255 62 254 255 30 78 255
    48 235 255 126 117 255 222 70 202 92 255 38 34 255 232 33 153 254
    255 255 159 248 12 255 57 250 254 69 255 255 172 255 255 111 255 136
    82 29 255 13 238 80 43 229 189 13 197 255 103 255 255 200 19 53 119
    255 0 96 142 255 92 165 252 0 255 171 112 53 38 174 110 235 52 154
    66 189 137 255 116 255 255 139 158 255 238 51 151 120 91 141 216 213
    124 196 22 28 111 138 106 197 219 255 99 132 141 192 255 255 245 81
    144 22 124 121 224 59 255 255 247 255 30 255 2 92 70 86 133 255 250
    118 255 255 88 99 255 118 87 255 28 255 146 191 201 255 116 169 181
    103 86 55 255 46 252 54 41 181 17 208 106 17 255 141 203 136 255 4
    165 25 33 108 134 178 177 138 252 159 58 178 181 201 234 255 166 233
    64 90 255 255 108 172 133 222 181 101 255 61 163 255 255 255 186 228
    79 255 108 56 143 85 255 255 255 53 45 84 87 255 70 126 255 120 109
    15 36 5 53 109 165 254 221 73 207 255 3 255 163 177 255 255 21 48
    255 255 128 155 196 230 255 174 255 80 36 35 27 90 255 173 201 255
    180 144 235 226 164 255 35 97 58 151 251 255 120 113 255 96 255 40 9
    255 13 117 215 255 165 158 61 31 69 108 11 55 255 203 65 48 208 167
    75 165 164 255 49 255 255 222 151 255 151 222 255 236 200 219 122 63
    148 205 131 255 4 255 153 119 136 56 35 255 68 185 246 216 246 255
    255 239 179 91 255 69 177 167 255 169 25 64 76 51 255 255 127 215 17
    71 229 255 129 74 78 253 51 149 133 196 255 143 228 234 27 99 247 63
    201 126 255 231 191 101 235 38 25 146 255 52 255 194 209 118 181 187
    179 255 34 81 254 207 219 27 99 227 255 255 255 186 255 10 149 190
    72 250 21 124 230 206 81 201 87 255 255 163 132 255 165 97 169 142
    255 255 34 208 30 110 142 113 33 255 255 255 8 154 218 44 65 201 237
    55 255 255 255 37 170 116 238 233 128 237 35 237 84 255 17 183 255
    255 255 58 255 89 255 235 149 255 171 163 194 83 255 172 255 255 176
    255 22 255 20 198 255 255 228 191 114 228 255 255 143 41 255 110 97
    51 67 208 255 36 15 123 255 78 128 117 53 25 33 99 255 28 76 40 255
    170 80 28 255 255 80 218 255 176 76 121 246 176 255 74 129 255 55 3
    99 45 252 58 53 236 65 194 55 94 9 38 255 61 255 255 211 255 189 97
    109 255 174 0 202 157 224 68 127 255 255 79 255 255 192 255 191 46
    185 255 255 215 3 37 4 255 213 226 104 71 209 250 106 185 255 91 255
    255 96 255 189 31 136 53 56 242 255 173 54 232 29 179 255 224 168
    214 163 255 255 81 250 244 242 104 255 100 103 46 88 136 255 112 203
    70 147 163 255 255 68 255 167 255 85 222 241 38 57 92 138 255 209
    124 213 42 207 255 206 154 12 41 255 202 236 227 13 254 88 197 88
    174 55 172 242 78 172 255 218 88 88 181 217 99 116 244 255 71 133
    255 113 200 255 183 181 161 187 226 240 31 209 196 130 36 171 253 79
    153 179 165 239 80 240 129 101 255 51 29 128 131 180 79 239 57 255
    255 61 167 75 216 185 129 255 126 134 122 197 255 255 255 78 255 255
    255 163 255 255 255 252 247 3 55 255 248 110 255 96 97 66 112 133
    255 98 82 255 139 167 25 45 255 118 169 149 255 200 40 139 233 140
    255 88 182 255 129 232 53 25 255 8 145 138 27 71 131 255 10 167 227
    61 109 219 189 238 98 217 183 244 53 255 255 221 161 128 220 22 249
    185 14 96 215 63 219 61 255 255 107 245 255 58 255 7 200 238 156 91
    255 255 148 69 5 19 255 255 6 4 249 110 255 104 118 135 13 255 26
    194 231 19 80 255 127 216 63 219 255 48 19 181 110 27 63 191 122 184
    181 255 255 31 246 161 163 179 255 40 160 255 187 119 86 82 218 255
    230 255 242 87 79 255 225 223 255 240 204 109 247 124 255 135 255
    101 19 62 255 255 36 255 255 255 255 255 245 255 57 223 255 181 196
    211 43 255 131 255 73 129 42 255 8 15 44 255 26 86 31 191 54 255 131
    168 73 111 255 46 171 131 86 48 117 255 58 183 234 211 158 255 163
    135 134 191 213 255 255 158 255 255 255 45 55 112 206 93 165 255 201
    123 171 255 232 255 28 14 139 101 255 154 190 188 255 56 255 30 92
    196 25 21 185 255 99 5 156 61 151 255 238 210 255 255 86 255 130 224
    255 126 110 70 255 255 245 255 14 108 194 46 237 255 203 18 122 15
    106 147 188 224 115 194 134 198 255 255 88 8 255 118 0 255 255 58
    255 48 50 162 65 244 219 255 86 46 58 208 255 54 17 91 197 255 8 39
    255 249 247 255 46 238 255 156 193 146 255 70 87 255 178 236 149 126
    168 255 6 197 255 225 249 255 109 217 146 198 255 255 174 147 255
    211 115 255 62 78 255 246 53 255 255 138 211 78 15 75 255 112 94 15
    126 255 137 255 113 239 67 46 217 170 159 198 18 12 99 68 46 249 211
    38 66 255 255 15 145 104 87 109 255 199 255 143 255 28 235 48 247 18
    221 0 252 152 255 108 33 51 143 200 137 255 255 163 99 142 86 2 255
    242 141 237 255 255 93 167 191 220 255 17 174 215 73 255 194 164 205
    124 224 75 219 22 127 238 255 153 87 118 255 255 143 125 194 169 210
    178 199 67 40 255 71 255 255 153 255 201 107 204 48 179 5 35 87 126
    167 133 137 126 88 228 68 255 246 65 254 255 63 255 222 80 198 127
    255 247 51 217 118 208 192 154 209 3 112 215 247 46 109 139 38 255
    154 127 64 255 131 255 184 22 255 255 45 203 85 239 203 255 110 213
    242 221 149 80 202 24 103 212 255 211 94 255 255 27 203 255 83 255
    157 27 54 70 21 191 182 213 8 166 153 149 227 145 49 189 255 6 134
    111 36 255 212 255 71 97 42 255 167 142 255 51 72 40 29 145 255 57
    222 255 39 182 255 21 195 211 110 113 255 160 231 113 255 106 212
    122 255 239 43 65 20 12 214 255 0 32 149 145 255 216 36 250 154 255
    78 224 238 1 255 65 255 224 92 223 146 194 187 255 219 255 196 115
    255 28 203 149 255 246 255 255 255 204 255 135 167 206 55 255 17 89
    110 196 80 142 70 255 119 255 255 145 75 255 255 148 65 160 255 98
    247 255 120 14 45 255 255 219 190 215 179 22 96 255 4 179 255 255 83
    20 119 135 20 255 255 255 63 164 255 120 245 255 200 235 255 134 88
    22 44 29 242 122 255 240 36 100 255 197 255 255 147 87 255 136 244
    61 84 104 114 24 86 20 58 145 255 231 255 234 12 161 255 193 191 255
    113 191 255 124 62 75 44 255 255 55 76 192 139 255 255 255 214 255
    255 199 85 0 177 222 255 159 116 192 138 61 174 255 255 255 64 255
    211 142 232 72 105 255 106 58 255 38 226 255 21 146 73 252 182 255
    255 27 255 107 255 104 255 0 143 230 44 5 120 255 255 122 255 255
    115 44 255 0 117 169 38 36 255 215 46 255 255 191 184 238 172 2 136
    159 61 166 96 255 246 45 22 143 1 206 153 214 68 120 241 123 38 244
    148 146 138 255 251 255 255 25 68 71 235 1 255 76 50 10 82 209 88 92
    123 73 49 255 255 49 76 46 89 238 255 122 33 61 129 246 31 163 254
    255 136 69 66 124 138 255 39 77 214 136 255 136 156 50 116 209 255
    255 158 35 154 117 14 38 148 45 174 55 255 80 193 95 85 19 115 255
    202 227 55 227 118 36 196 255 99 40 32 255 248 255 166 200 215 255
    40 63 103 63 219 229 7 255 148 207 164 255 239 229 255 180 113 255
    248 155 255 53 196 207 94 217 255 146 19 254 212 187 255 10 99 255
    146 151 255 124 235 255 196 250 255 65 218 255 74 151 252 69 245 106
    201 46 159 98 254 255 225 90 255 248 188 255 142 36 179 39 232 255
    24 255 255 11 106 148 57 53 255 84 205 255 255 62 128 87 204 162 128
    182 207 74 228 166 196 5 242 248 10 40 255 70 212 100 255 255 210 33
    255 97 56 216 62 255 255 3 137 255 230 191 181 170 147 255 58 255
    255 255 201 255 36 128 50 42 109 255 22 208 66 234 255 237 87 3 209
    24 255 53 87 90 179 133 142 255 73 169 255 194 153 255 146 28 255
    227 96 2 58 35 76 37 205 255 107 65 255 255 9 255 179 190 255 187 47
    56 255 255 255 89 46 232 253 117 255 138 86 202 180 140 255 124 23
    255 157 47 239 87 28 207 125 137 255 69 117 255 93 255 255 47 255
    255 196 133 18 4 138 255 206 206 0 11 18 255 185 167 99 226 205 7 36
    19 237 144 182 255 229 27 60 19 22 61 238 150 124 64 140 126 181 255
    58 122 78 134 120 46 255 171 149 179 118 141 8 16 199 255 255 255
    255 255 237 225 152 106 50 70 99 186 84 3 179 255 183 255 133 213
    255 218 77 255 248 49 255 234 35 255 222 161 255 238 120 136 213 237
    182 255 229 255 226 96 83 255 192 30 209 156 255 255 15 245 10 222
    192 98 59 172 73 131 255 155 255 255 88 132 255 35 24 255 183 255 50
    55 181 174 196 222 13 234 255 255 194 60 204 255 255 211 36 78 255
    158 31 88 75 219 148 83 146 225 203 255 81 199 3 255 128 211 255 115
    238 255 206 167 254 161 255 255 118 94 104 185 208 247 7 173 255 206
    76 88 89 255 86 103 190 119 45 255 15 62 156 181 93 123 104 201 255
    153 90 12 60 72 59 41 251 191 212 162 255 55 80 124 179 166 23 197
    76 183 13 102 26 159 255 146 255 91 244 255 184 26 255 42 255 15 255
    42 5 139 60 8 125 210 211 34 54 255 255 186 61 225 255 225 255 172
    118 255 245 161 128 167 224 213 199 119 167 247 204 65 255 15 222
    131 255 54 141 255 110 95 138 129 19 88 247 219 255 33 211 255 189
    21 151 211 255 184 9 96 38 22 255 211 108 141 255 45 255 73 213 200
    196 218 209 96 137 88 255 109 45 23 27 24 161 133 228 255 227 54 58
    64 22 255 28 255 255 243 182 13 94 137 106 216 255 75 255 78 255 94
    79 255 101 103 255 235 217 121 88 210 255 91 140 141 10 59 136 154
    238 141 19 169 90 255 250 255 148 95 111 115 167 3 151 255 164 253
    118 227 39 165 255 145 233 240 151 32 255 207 110 255 63 255 46 126
    255 10 133 255 255 157 42 255 237 29 255 255 255 255 10 197 255 231
    123 96 230 91 255 78 255 134 117 23 186 208 51 255 158 56 255 73 101
    255 8 255 255 45 213 255 190 206 249 255 255 255 179 206 90 236 235
    149 57 255 207 82 255 255 206 223 255 255 44 189 9 72 7 255 94 167
    138 18 255 56 210 255 28 127 234 31 135 104 22 72 255 34 255 191 161
    96 129 255 104 141 230 215 255 209 210 176 1 104 13 196 255 227 89
    105 138 129 190 255 57 12 255 75 23 27 24 164 65 71 19 255 237 218
    255 193 38 240 16 17 50 51 215 242 112 232 25 255 241 255 167 255 25
    255 231 15 156 124 255 171 255 129 118 245 255 61 4 255 189 255 255
    133 135 255 197 70 128 89 82 255 13 255 53 53 64 156 211 129 255 171
    255 255 15 227 255 9 146 118 208 255 156 248 86 255 193 255 255 226
    37 237 245 255 254 247 255 255 39 153 51 230 249 172 117 108 40 111
    79 71 222 64 219 221 255 255 131 101 109 113 154 255 146 56 66 128
    83 255 136 240 255 27 78 204 15 179 119 165 51 85 201 109 30 62 147
    230 148 255 139 91 255 214 76 40 219 154 224 211 248 172 255 202 146
    169 224 58 45 189 255 98 24 168 133 255 255 40 6 255 255 167 35 76
    164 224 194 13 136 194 38 255 2 193 255 51 49 88 255 136 228 255 67
    255 255 108 62 38 255 150 28 70 144 255 158 109 255 255 145 86 208
    246 201 239 124 166 192 87 17 69 129 187 109 95 255 157 231 240 201
    208 255 149 3 239 212 19 96 178 156 255 147 47 219 192 149 15 38 237
    255 205 255 255 178 255 255 212 255 162 25 108 58 157 242 22 54 169
    255 157 195 255 222 9 255 188 45 146 212 203 255 255 255 255 255 141
    255 233 95 33 44 4 28 156 44 255 45 211 156 28 155 255 25 219 255
    179 255 7 205 255 5 255 110 214 192 255 255 216 255 255 15 26 237
    135 255 182 255 86 45 54 236 229 124 40 134 255 255 230 255 62 179
    72 220 169 39 210 255 82 255 99 46 3 161 239 144 85 218 108 255 37
    255 159 92 201 255 34 255 141 249 10 10 4 255 255 163 19 255 216 91
    255 221 109 255 100 41 172 216 217 255 197 197 0 255 167 255 37 124
    255 163 255 245 43 153 224 90 255 167 6 210 108 149 204 214 255 59
    255 38 255 255 228 144 207 163 81 255 117 154 255 254 218 31 30 255
    17 15 169 255 183 9 56 255 109 255 127 105 38 236 155 255 154 255
    255 119 95 219 233 153 8 54 255 244 221 165 247 11 199 71 255 186
    255 28 47 202 43 54 78 211 237 222 255 77 199 26 167 204 255 137 255
    111 72 255 109 227 255 239 249 179 33 255 255 57 62 131 255 255 179
    255 255 119 42 255 138 51 145 192 45 255 232 215 122 255 178 165 255
    134 255 254 255 164 121 175 172 255 28 33 255 65 255 136 255 174 41
    30 185 119 43 255 45 255 88 81 27 49 255 45 188 255 56 137 182 112
    56 255 234 55 252 147 77 255 88 4 63 137 154 12 160 181 212 220 136
    2 255 255 255 67 235 128 148 49 255 79 112 129 122 195 71 1 165 22
    127 100 255 255 169 33 22 233 255 137 255 255 191 245 242 70 194 63
    1 242 255 160 255 255 210 17 255 9 19 166 72 79 66 75 195 220 121
    255 53 176 141 81 255 231 222 66 95 255 131 118 164 127 219 255 239
    224 240 67 90 255 255 55 153 213 49 63 147 24 174 175 255 169 254
    195 201 215 255 255 56 149 255 156 5 172 90 131 189 65 255 38 170
    195 255 33 255 38 215 77 255 165 229 174 109 113 22 21 6 43 20 8 199
    171 155 235 200 131 55 110 229 255 255 255 255 24 65 86 255 206 81
    234 131 109 255 217 255 192 145 153 34 13 108 85 63 2 138 10 94 254
    87 255 255 45 181 18 169 172 181 56 76 255 44 255 9 154 255 234 255
    255 3 31 255 12 237 98 242 238 255 234 182 209 239 73 255 151 255
    134 9 235 255 66 208 23 76 12 114 229 255 187 58 255 255 215 155 31
    255 255 66 255 255 134 255 4 133 221 120 31 239 229 202 137 92 0 155
    255 255 13 255 255 61 103 65 107 105 255 39 224 167 115 190 255 49 4
    36 92 255 17 34 255 114 117 255 255 255 105 255 137 255 255 104 255
    230 69 252 255 73 78 17 255 241 255 21 185 255 137 250 249 190 251
    255 85 22 255 83 150 255 220 209 255 26 255 255 115 108 23 255 4 211
    255 27 214 255 95 255 255 203 255 91 169 249 28 105 255 229 255 138
    149 210 128 217 255 255 231 73 255 216 255 255 78 244 111 197 255
    255 255 115 75 179 149 255 108 150 159 92 59 181 144 255 46 255 144
    164 90 149 255 4 109 199 217 196 255 245 174 255 47 95 123 94 119
    153 74 241 157 118 255 66 101 247 15 247 114 179 255 95 133 167 50
    179 255 255 255 17 255 28 221 22 182 255 240 255 255 252 255 247 255
    7 255 113 255 151 87 38 182 126 129 8 236 255 182 255 255 107 255
    255 255 154 194 213 255 172 226 59 255 187 6 255 255 255 255 13 135
    75 6 46 27 255 255 148 237 124 255 51 247 151 255 99 255 19 255 255
    167 255 255 189 163 255 171 210 10 133 255 255 65 255 177 163 17 80
    236 45 202 121 3 255 255 255 255 137 91 255 79 255 255 108 12 144 16
    231 255 248 37 35 51 255 85 207 69 209 252 172 169 227 160 65 196 73
    33 92 35 76 61 255 255 45 60 46 42 217 51 255 113 245 24 168 33 255
    155 68 148 142 108 138 255 255 110 195 255 199 208 106 149 150 255
    255 215 255 28 159 255 246 255 255 134 164 255 119 87 10 142 38 202
    219 224 255 185 147 22 249 73 25 211 255 201 187 192 247 117 255 255
    47 92 255 20 255 255 255 67 91 249 18 255 183 59 162 69 237 5 170
    182 134 0 128 143 28 255 98 38 104 133 34 49 255 0 123 244 158 154
    212 52 255 255 71 104 76 81 73 255 255 151 109 93 255 245 64 183 255
    125 118 255 154 6 255 133 55 126 142 187 219 103 27 176 201 92 65
    173 255 8 164 255 255 255 19 136 212 5 255 16 112 18 40 140 255 121
    220 139 148 237 255 125 255 124 152 105 204 255 241 129 129 138 123
    156 146 99 144 201 255 9 168 247 56 110 108 154 159 255 49 255 222
    245 255 28 13 49 55 110 255 83 92 232 0 210 255 232 198 255 66 126
    106 255 227 178 255 60 63 255 88 228 255 179 235 55 78 12 38 21 236
    118 46 255 93 0 46 2 184 45 171 43 255 255 79 12 255 118 115 255 11
    211 224 166 78 255 127 122 46 157 87 18 140 114 129 255 255 12 102
    200 7 106 232 172 185 38 20 239 218 255 134 255 255 157 204 191 198
    255 3 222 67 255 163 197 133 87 0 255 240 104 206 49 255 255 66 245
    255 106 255 255 113 153 166 212 255 255 4 110 250 129 95 108 255 255
    76 113 68 55 82 0 22 62 255 80 226 29 156 61 91 38 207 87 2 255 126
    250 137 178 255 54 255 255 255 8 38 110 138 245 70 255 239 45 177
    104 70 255 65 63 99 255 255 255 138 93 199 255 67 119 144 255 105
    255 80 255 166 255 31 255 140 19 93 226 59 214 220 115 189 255 24
    255 20 194 230 255 255 242 92 154 255 16 74 255 252 255 33 125 79 60
    255 238 255 21 32 255 73 252 255 255 123 255 109 255 31 254 78 219
    94 192 199 255 223 20 217 255 220 112 138 255 213 242 139 171 251 50
    20 26 109 233 182 255 174 46 184 112 218 151 254 255 131 247 169 255
    189 255 22 138 54 85 65 142 101 46 237 252 87 40 22 67 200 80 191 96
    255 231 22 36 10 229 187 255 224 80 84 255 255 221 56 157 55 213 255
    22 172 161 96 231 227 201 118 255 173 117 255 255 95 187 191 203 255
    101 238 255 13 255 192 255 154 156 155 163 201 97 255 255 183 255 63
    142 41 166 113 255 255 29 255 148 46 247 239 209 99 255 174 255 255
    245 255 10 255 4 86 43 236 255 255 42 245 249 255 255 29 94 0 136 53
    255 236 242 128 190 224 186 55 153 151 89 246 255 255 228 75 84 126
    255 71 114 239 16 104 255 244 92 255 73 199 40 38 255 154 62 255 242
    51 27 235 242 147 225 43 238 154 235 196 255 91 185 157 160 132 255
    148 146 182 118 105 255 137 209 46 136 255 255 55 53 255 171 45 255
    255 255 237 40 70 169 230 255 255 228 177 255 157 164 78 129 65 20
    219 255 255 211 191 255 53 21 255 54 211 255 61 1 10 235 83 65 213
    255 23 70 97 129 18 255 255 53 255 68 27 128 106 222 182 146 190 224
    23 242 17 194 255 118 209 21 235 255 122 65 255 84 53 159 216 161
    197 222 113 7 53 170 176 29 206 192 128 179 255 157 255 219 255 205
    206 196 255 255 255 255 255 255 215 25 24 255 255 229 232 255 251
    209 196 218 215 184 79 205 255 118 255 196 255 172 239 118 72 151
    185 76 131 106 255 157 64 63 252 72 128 0 255 23 15 34 92 255 97 147
    25 15 77 88 134 255 255 138 220 255 224 255 124 255 255 249 255 220
    119 233 149 255 163 4 51 120 251 2 190 92 80 125 129 255 82 204 98
    138 255 214 63 220 255 158 194 182 255 0 255 176 136 172 255 109 181
    221 50 255 233 255 31 128 255 5 12 100 255 53 50 166 52 17 207 255
    113 27 121 179 63 254 231 177 69 255 17 45 213 144 124 127 15 51 255
    36 254 246 255 255 70 255 187 99 255 15 255 124 35 255 255 183 82
    197 164 135 255 78 147 255 30 255 143 90 174 255 191 233 166 216 192
    109 255 255 13 234 176 156 153 54 56 254 109 71 255 203 176 188 73
    255 255 209 81 197 96 99 138 133 255 237 155 255 245 232 191 124 140
    104 6 255 255 20 218 153 99 223 255 217 63 230 220 135 255 66 220
    252 17 141 157 98 255 255 8 168 219 216 62 104 198 170 255 19 255 66
    84 159 156 160 249 199 229 163 134 151 159 109 255 96 255 218 192 70
    247 163 255 234 247 255 154 186 255 172 146 255 216 56 36 8 140 255
    116 179 255 102 245 48 222 255 30 236 90 255 85 167 234 100 255 43
    255 255 255 155 3 85 45 255 179 255 68 207 245 247 174 221 115 45 47
    255 255 58 255 255 205 255 240 64 136 255 200 91 255 88 131 70 253
    79 3 76 200 31 255 41 255 30 255 255 161 137 255 107 255 255 255 67
    255 255 173 255 134 21 255 31 255 227 4 228 255 12 255 255 248 67
    211 13 86 43 8 245 255 74 13 255 224 229 242 193 29 232 120 33 255
    61 126 13 190 172 8 149 73 255 2 73 212 201 255 255 81 123 255 174
    255 10 155 255 184 153 114 255 183 204 17 46 176 255 191 211 209 191
    255 249 158 228 138 10 28 227 92 255 15 73 228 157 109 14 68 60 224
    141 193 26 224 255 158 114 198 245 255 54 68 255 239 26 201 124 255
    108 255 135 216 67 255 123 255 82 194 65 197 255 11 19 186 255 255
    237 156 97 78 143 255 255 67 97 255 176 255 58 160 213 255 144 69
    255 67 255 255 8 197 255 160 218 255 249 255 30 8 255 63 42 255 61
    49 54 167 247 183 255 217 255 254 154 142 5 236 255 71 57 92 81 202
    94 255 252 142 255 17 149 255 65 224 255 197 65 255 255 199 255 11
    187 242 106 224 31 30 254 255 244 145 255 17 56 196 61 142 255 27
    255 220 173 176 23 121 255 252 164 131 255 135 97 116 27 146 68 165
    255 94 235 120 255 255 200 60 255 44 255 180 255 255 85 28 161 213
    96 255 252 237 31 69 187 255 175 144 108 212 255 255 15 136 255 100
    119 255 31 210 255 140 65 245 157 132 179 252 154 255 127 117 212
    180 63 255 211 203 76 212 108 255 199 115 255 157 255 71 255 117 111
    65 232 254 84 255 96 196 142 255 233 18 51 28 160 129 175 247 250
    205 190 217 87 255 138 172 129 128 208 150 45 90 232 255 51 76 255
    208 69 250 188 222 255 36 179 255 219 118 5 247 104 255 46 140 255
    60 176 186 78 12 156 107 94 255 104 210 255 78 194 116 255 58 255 38
    255 46 2 68 167 97 255 232 4 199 156 244 164 35 94 208 232 233 255
    255 227 255 255 215 18 187 230 156 255 103 119 151 78 58 255 172 255
    219 165 195 35 96 255 255 227 42 103 219 255 255 175 191 191 231 255
    124 66 163 133 222 255 46 137 206 167 100 255 255 151 255 80 182 255
    255 83 10 86 18 159 212 255 49 255 111 140 209 255 135 211 112 62
    255 171 41 255 178 255 2 213 255 114 28 72 255 90 120 255 255 55 56
    244 82 255 10 117 217 255 252 174 108 255 70 39 204 41 194 37 118
    191 255 240 193 47 46 201 255 240 137 108 230 205 165 91 173 177 255
    65 82 157 56 244 46 78 183 242 99 137 255 255 113 129 227 133 255
    178 255 255 174 72 156 90 9 70 88 147 166 151 255 66 134 63 10 92
    117 255 108 68 255 188 114 255 240 255 61 101 224 255 75 144 50 188
    255 255 35 255 192 255 255 78 151 200 255 166 255 255 194 150 255
    203 133 255 94 147 43 174 214 255 149 227 255 88 255 255 255 41 255
    144 65 106 93 27 255 163 226 255 7 255 116 154 64 235 255 255 255
    174 255 255 1 131 164 155 83 10 18 191 151 255 77 22 65 4 116 255 74
    255 26 213 51 120 6 220 180 137 139 90 255 111 82 254 134 153 218
    216 174 236 250 235 206 255 48 255 232 66 255 255 138 172 204 162
    140 113 239 138 255 75 237 255 56 187 179 44 58 114 96 205 151 12
    127 2 167 255 55 255 240 131 108 255 126 81 215 70 198 255 88 255
    255 80 101 255 255 7 109 184 88 62 83 191 155 255 228 255 255 119
    138 71 255 140 56 19 53 48 154 250 83 170 110 255 170 159 255 27 106
    254 163 255 51 154 140 164 65 161 255 252 172 38 255 4 255 205 69
    255 255 159 255 212 229 229 230 255 134 255 244 172 255 168 38 255
    236 128 169 173 171 200 118 255 218 255 186 201 41 255 94 255 167 76
    170 255 255 255 58 18 97 108 221 255 50 193 101 255 255 255 71 82
    255 73 21 255 192 191 255 182 255 185 255 76 208 255 181 6 255 255
    83 224 224 182 63 240 69 255 245 231 255 207 56 197 31 168 239 2 64
    255 230 255 220 226 81 240 206 32 230 166 86 225 75 247 96 220 255
    255 189 120 98 185 110 255 255 33 252 225 56 31 207 137 255 225 255
    209 74 26 229 30 92 255 165 255 30 166 255 204 255 210 211 18 127
    255 109 165 192 115 29 255 100 222 230 87 213 0 201 170 255 210 95
    255 84 255 255 122 251 83 254 255 245 212 90 177 126 160 23 106 255
    128 191 17 255 163 101 169 164 255 255 180 63 159 196 1 66 61 255
    104 90 255 255 54 163 199 0 160 55 255 82 255 142 192 51 70 19 255
    128 211 78 104 151 154 22 255 255 147 112 31 167 217 255 184 127 255
    35 54 164 255 255 255 249 13 227 219 160 255 30 36 255 160 255 255
    244 97 255 156 138 172 231 13 222 90 195 40 107 196 230 153 235 157
    255 60 255 158 129 254 255 186 202 34 112 179 8 153 255 46 50 245 83
    51 43 198 94 255 137 51 191 89 26 255 44 188 30 45 231 35 211 144
    255 107 255 2 152 69 255 133 41 5 227 129 211 65 78 134 24 99 255
    190 255 237 142 219 255 193 153 255 65 226 45 249 227 255 119 249
    159 210 255 232 52 29 255 212 115 5 113 36 172 10 128 255 44 155 255
    255 252 7 164 46 154 92 245 255 97 227 255 94 255 98 45 255 255 45
    65 219 184 77 220 244 255 35 61 105 103 137 128 206 205 164 75 49
    126 232 255 255 255 115 255 81 93 1 220 62 255 247 154 172 255 235
    187 255 52 76 222 89 74 255 37 1 169 255 26 184 142 255 128 255 246
    136 184 91 192 13 0 247 245 88 255 157 77 255 148 100 98 111 255 204
    245 87 91 15 122 255 87 103 60 148 101 197 25 49 255 30 196 240 63
    32 255 119 85 7 155 183 239 255 255 156 71 223 177 39 26 0 15 97 255
    236 255 222 157 127 255 36 236 255 211 238 45 255 177 33 93 188 222
    73 85 212 165 112 255 36 47 90 25 214 118 213 224 172 96 255 255 83
    132 255 0 200 255 252 64 255 255 21 255 49 210 255 15 255 161 115
    145 18 205 115 222 76 205 255 61 103 255 44 255 128 47 178 141 21
    255 255 13 22 8 170 255 255 99 151 255 255 255 108 255 119 5 192 255
    144 215 255 133 117 227 255 128 101 149 152 255 206 238 255 101 227
    255 172 1 255 255 90 27 144 126 161 114 73 144 196 178 120 91 121
    255 255 139 142 255 16 131 48 10 133 159 174 4 255 207 255 255 255
    24 136 255 237 255 12 56 255 255 233 255 231 190 255 116 185 45 116
    103 104 48 255 255 184 255 254 27 219 48 182 103 255 119 244 255 36
    76 234 217 63 255 20 195 255 169 220 70 176 240 255 137 76 255 192
    163 106 89 255 255 255 255 255 227 79 255 116 137 211 171 92 255 255
    113 91 152 172 162 29 95 118 220 74 255 109 10 225 224 209 70 135 26
    66 255 255 179 103 255 162 191 56 144 98 58 255 98 58 114 255 242
    181 18 255 80 255 255 75 215 255 255 24 100 255 248 228 90 33 150
    209 163 27 255 117 232 255 215 229 255 255 10 255 113 6 255 213 0
    255 6 199 255 234 8 255 249 255 255 213 165 182 201 255 149 221 173
    154 216 255 179 228 92 211 245 218 181 211 242 5 125 159 255 37 5
    220 255 5 46 94 49 255 94 220 255 156 112 255 217 170 55 63 224 255
    118 255 159 206 206 149 171 133 255 43 146 255 255 252 255 15 242 68
    69 144 255 225 168 192 196 255 255 37 255 96 75 90 56 193 255 255 7
    131 17 37 42 101 130 26 199 116 112 255 121 38 255 135 255 255 210
    78 141 100 255 15 7 227 171 230 255 255 170 176 138 231 147 206 115
    85 70 100 167 17 33 147 126 201 214 249 238 9 93 255 173 22 138 251
    13 145 106 113 206 255 255 60 44 209 2 140 196 20 91 171 169 249 255
    226 62 13 255 37 75 78 255 18 242 255 255 40 124 146 255 0 255 255
    200 83 9 132 176 179 94 255 13 220 220 38 255 128 84 236 235 157 255
    255 231 255 73 179 255 234 188 24 255 230 255 255 28 59 99 19 255
    255 179 67 28 13 255 68 255 255 255 181 255 151 45 255 255 199 81
    255 138 113 119 1 131 207 178 255 0 215 9 99 101 129 159 42 223 55
    92 31 70 70 97 255 255 83 255 173 197 255 162 251 255 81 37 255 145
    255 123 101 119 66 236 209 255 147 86 17 183 255 255 237 222 138 24
    47 255 82 255 255 229 72 43 166 32 255 255 62 255 70 255 15 161 144
    197 135 109 255 10 54 153 44 255 12 115 255 255 45 200 255 8 255 222
    117 255 255 113 173 192 255 29 94 255 236 255 220 255 174 255 228
    174 47 141 41 246 242 12 124 194 53 80 87 124 118 78 255 120 255 255
    140 195 255 92 185 20 46 255 255 255 17 255 166 197 36 173 182 15
    110 6 201 97 255 255 55 156 151 8 114 113 255 255 88 152 41 255 234
    103 139 93 255 255 46 255 93 213 255 76 22 138 70 46 96 255 220 53
    255 78 22 255 131 110 0 98 94 255 255 255 148 81 232 93 153 222 220
    75 255 12 227 0 255 255 160 255 94 53 133 255 255 197 137 126 255
    255 83 212 93 172 255 10 255 255 51 242 255 4 255 255 255 77 197 146
    90 239 248 78 254 149 62 255 57 113 86 58 187 255 238 90 96 63 64 93
    97 138 255 255 255 22 61 59 68 255 144 255 79 227 255 158 255 43 156
    145 255 248 255 250 53 214 255 69 28 255 201 255 83 192 51 255 28
    255 255 255 195 255 71 173 255 255 14 201 140 86 176 255 4 212 112
    63 31 28 255 70 172 255 25 140 82 5 166 50 28 75 21 25 158 124 56 0
    101 255 107 255 41 30 211 255 63 101 10 255 3 229 31 190 167 129 210
    255 255 255 224 238 197 196 149 200 234 129 23 255 230 28 255 236 88
    214 52 46 109 255 94 255 72 255 217 163 255 3 122 255 255 126 255
    197 70 218 18 201 164 255 224 255 25 203 255 65 70 203 225 70 194 85
    115 141 3 70 244 20 255 176 255 196 255 255 33 142 255 255 238 255
    99 151 250 158 70 255 231 85 255 255 150 229 171 23 255 224 29 7 76
    108 65 255 224 255 237 232 10 119 167 169 215 137 235 178 36 255 234
    67 255 179 255 255 78 255 209 13 222 3 149 126 255 16 255 247 169
    194 204 120 68 255 213 58 255 43 38 156 49 163 177 213 82 211 136 94
    255 1 118 255 230 56 96 191 249 255 140 206 65 158 78 255 21 117 80
    93 255 164 84 159 255 251 124 61 248 255 55 243 255 227 52 54 255
    131 255 255 27 103 13 89 49 13 255 46 255 182 255 38 255 13 255 252
    160 255 112 19 209 21 255 255 181 255 78 103 255 255 182 8 255 13 45
    255 207 38 255 78 201 71 227 255 162 153 23 46 70 138 255 206 255 45
    235 3 255 157 255 255 193 123 255 158 240 86 210 90 7 76 124 255 193
    23 255 227 232 23 74 255 68 120 114 255 137 103 220 140 122 73 255
    136 18 201 255 244 251 49 83 42 122 201 98 1 43 79 255 255 183 255
    255 10 6 255 218 215 255 255 63 255 73 140 255 194 181 237 36 144 65
    85 3 234 255 118 255 98 228 255 43 255 255 112 182 250 194 69 255
    231 9 216 208 127 237 157 228 83 226 63 96 152 187 83 44 255 240 84
    49 22 107 67 81 89 141 58 88 29 255 56 203 255 98 133 164 183 255
    255 218 154 240 156 254 255 167 91 219 233 169 255 209 54 144 175
    249 219 155 33 255 103 32 255 8 36 255 164 82 171 255 158 255 64 72
    96 51 185 255 17 6 255 20 255 255 230 114 94 82 41 146 209 137 255
    145 78 99 225 105 141 255 255 31 255 255 151 61 77 219 157 255 99
    255 33 255 247 200 159 135 67 255 99 150 143 121 82 255 202 215 156
    239 255 255 34 247 255 36 178 255 116 10 255 145 192 255 218 255 255
    196 251 45 81 255 255 255 83 249 178 67 90 54 178 113 16 140 167 253
    6 206 13 226 0 243 81 255 93 40 255 212 197 255 17 255 235 109 158
    171 92 255 93 70 36 98 181 255 255 173 126 36 7 37 187 247 32 220
    237 128 90 8 214 230 31 13 159 148 69 255 255 147 255 229 255 133 36
    254 20 210 82 169 103 101 255 124 94 255 255 227 15 147 129 255 99
    17 161 66 255 255 155 63 255 255 37 197 9 67 133 151 164 249 210 87
    45 96 90 255 174 167 255 87 169 114 136 213 5 255 228 255 203 64 250
    97 255 138 143 109 131 30 252 255 208 44 255 117 177 30 255 255 255
    71 255 3 126 255 230 251 255 255 108 199 239 240 35 23 140 85 73 60
    17 169 254 229 161 16 23 207 255 255 242 16 109 245 31 86 245 178
    173 244 136 240 51 248 255 10 166 255 255 185 13 255 246 255 255 88
    255 255 129 227 164 44 177 255 255 255 28 27 117 255 18 255 13 225
    168 255 210 160 164 52 112 255 200 99 255 255 106 255 72 79 255 231
    160 224 134 192 12 174 81 136 45 255 28 90 72 247 228 99 85 163 27
    18 215 255 255 58 236 118 145 255 166 24 146 255 34 32 83 226 97 234
    88 41 199 74 169 255 115 32 255 248 14 86 160 255 255 126 132 255
    161 118 255 18 255 255 160 105 255 248 129 255 113 176 255 244 135
    255 184 67 0 255 254 255 228 255 103 255 255 255 45 255 255 173 255
    255 199 192 255 255 255 255 0 92 255 234 254 56 149 255 90 169 255
    235 255 255 184 108 255 25 158 47 161 255 97 174 113 255 172 252 128
    161 36 240 80 210 49 222 169 188 73 142 206 216 235 100 20 227 220
    255 19 4 114 117 215 31 103 215 255 117 214 70 112 220 103 1 62 61
    25 245 255 10 87 255 61 161 255 10 45 51 185 118 255 10 250 33 191
    203 56 231 86 10 196 82 250 210 196 22 235 105 182 193 255 149 255
    97 255 165 255 23 171 183 148 84 228 255 255 72 106 146 144 93 255
    255 255 255 199 255 85 90 255 27 60 171 110 160 70 190 59 255 92 73
    70 153 190 255 190 42 162 255 255 255 97 150 255 124 255 255 117 119
    53 117 255 197 25 17 255 43 22 255 104 255 143 255 255 255 196 255
    255 202 222 164 136 233 227 236 67 255 109 255 60 128 255 111 255
    145 211 255 255 88 125 15 101 209 217 13 242 222 255 255 255 212 216
    255 38 135 186 244 211 49 255 235 187 255 158 223 50 224 17 235 206
    255 80 173 128 255 255 101 209 34 224 255 255 122 46 243 226 255 98
    114 166 119 70 255 184 255 234 51 255 71 56 176 255 17 146 143 166
    177 60 166 153 232 76 237 85 169 255 65 176 255 255 192 97 156 104
    44 244 255 100 255 104 28 194 239 131 129 57 38 20 227 136 255 209
    233 230 31 255 255 17 126 116 255 17 194 218 255 255 255 237 146 17
    206 255 24 154 99 198 40 65 28 33 255 210 209 30 70 32 169 135 219
    81 24 174 255 226 255 255 97 255 161 36 203 197 78 255 73 173 83 45
    255 101 255 255 240 139 184 26 73 135 255 113 66 5 129 10 215 40 255
    255 194 234 27 255 156 3 207 255 255 247 237 160 255 209 255 255 166
    255 255 67 188 58 89 241 255 83 255 148 92 190 255 233 0 255 237 112
    151 79 24 255 124 236 220 126 46 255 164 255 217 155 79 255 61 56
    201 147 74 255 111 255 255 2 72 255 255 51 146 113 150 85 73 255 38
    217 168 181 76 60 255 226 165 255 255 255 255 178 13 48 183 188 134
    158 73 119 160 136 255 253 181 255 47 217 8 15 38 212 0 232 204 90
    188 255 18 4 255 190 142 151 104 255 12 51 255 255 49 147 45 25 74
    66 252 40 63 19 8 43 255 133 55 148 218 166 255 135 255 217 54 255
    116 255 53 125 188 48 26 126 234 129 91 255 228 236 124 228 72 201
    248 67 209 24 147 239 89 68 33 201 36 255 255 1 255 176 192 255 209
    127 149 29 161 222 224 220 255 19 120 71 255 21 191 106 255 255 185
    255 255 134 191 15 64 88 118 71 247 255 251 105 255 148 127 255 217
    236 177 172 241 255 74 255 80 48 83 255 137 19 237 219 255 5 255 227
    255 190 245 81 119 227 80 69 12 255 240 247 255 255 147 96 101 87 68
    109 255 113 252 255 255 228 138 28 22 255 119 218 227 172 90 10 63
    103 192 164 255 81 255 160 255 255 245 251 139 119 255 255 242 150
    181 91 255 167 246 172 255 46 27 255 172 190 70 152 168 255 65 119
    255 167 255 73 202 115 43 60 8 83 0 44 56 255 105 255 255 95 255 144
    255 111 240 79 255 104 105 189 255 55 76 255 124 255 255 37 255 117
    231 164 255 105 139 255 109 255 240 145 172 148 222 8 45 208 255 25
    240 128 210 110 93 255 218 81 39 255 30 142 128 255 63 228 27 33 96
    255 116 120 255 238 200 90 142 172 255 20 255 182 91 222 161 144 218
    94 98 108 104 117 12 166 120 255 255 157 60 187 12 99 204 156 159
    149 21 58 255 135 170 70 205 117 41 255 136 255 137 249 199 255 241
    255 58 112 255 255 255 254 111 255 255 96 178 255 66 179 216 221 68
    116 144 156 194 175 240 255 156 255 176 135 165 114 227 209 255 8 97
    63 255 238 99 192 217 255 245 229 255 166 109 157 206 210 76 255 112
    255 0 158 86 207 110 161 117 149 255 146 167 255 255 255 138 81 90
    255 116 255 113 227 51 219 255 151 169 153 70 255 138 142 139 56 187
    176 65 55 255 253 74 56 251 156 255 72 110 235 15 255 51 38 140 3
    107 214 8 178 185 254 194 192 123 83 255 255 192 0 197 255 232 156
    224 211 166 157 164 38 246 112 255 196 94 201 135 36 189 33 255 255
    175 255 255 187 161 249 184 255 154 72 95 174 139 255 38 155 67 157
    253 54 31 34 108 66 7 154 73 21 220 204 211 146 149 49 36 214 27 177
    255 136 255 255 37 13 179 133 163 255 225 254 75 54 38 224 253 255
    255 44 54 51 9 158 71 9 50 192 134 91 242 219 33 162 78 169 255 4
    228 28 100 255 88 255 255 7 255 85 255 208 90 159 187 204 255 255 32
    255 224 9 103 255 173 71 119 21 144 255 255 51 13 86 104 154 222 103
    107 23 159 178 204 36 4 42 255 188 201 28 255 255 80 210 140 80 196
    169 255 236 255 255 184 64 30 111 255 255 172 255 255 221 122 255
    255 255 255 208 17 196 239 174 235 146 103 103 109 224 113 224 60
    255 230 232 255 255 209 202 40 141 255 164 201 161 255 138 255 124
    228 255 8 112 255 206 135 31 255 113 103 11 108 91 129 249 255 166
    164 76 252 247 252 210 165 116 46 95 10 21 177 255 110 135 60 17 87
    48 255 132 240 133 50 186 162 6 255 196 192 255 16 122 255 116 206
    187 185 249 35 137 219 255 255 117 255 151 204 255 13 190 255 202
    218 157 92 9 255 106 83 23 166 196 36 209 33 38 149 76 148 255 255
    156 183 117 104 255 13 80 38 69 255 237 255 255 57 36 255 230 255 10
    102 29 255 213 106 119 255 81 199 191 255 22 102 150 99 155 178 41
    199 255 201 157 17 255 60 255 244 113 38 255 100 78 91 137 64 118
    120 86 111 255 177 229 20 146 239 131 200 114 153 159 255 25 209 111
    126 255 212 207 196 255 167 151 249 207 163 255 92 255 118 60 255
    133 156 255 255 233 255 0 24 82 255 135 151 65 171 255 60 117 147 83
    20 100 55 249 167 128 243 129 255 162 255 202 34 185 255 43 188 255
    255 190 70 191 47 255 233 47 5 255 90 230 117 217 104 205 190 35 188
    231 28 252 6 20 166 255 103 10 255 43 184 28 255 253 114 191 158 235
    255 16 255 139 98 4 255 140 51 179 248 136 131 16 159 255 200 23 191
    255 119 255 0 42 255 130 233 255 249 255 255 227 3 255 76 249 255
    192 112 255 12 255 255 235 255 255 138 87 73 239 95 255 181 53 254
    233 218 182 110 124 255 242 255 244 251 191 154 154 255 93 231 9 91
    179 224 113 255 64 227 26 108 71 66 109 207 255 183 143 112 255 255
    45 255 255 31 232 211 45 255 128 4 131 209 99 255 255 255 200 148
    115 174 240 248 255 255 124 214 255 54 236 255 84 206 182 149 170
    255 106 51 126 198 118 255 65 69 255 10 191 237 121 252 255 182 255
    172 20 85 255 117 3 255 37 255 255 185 255 255 239 91 245 85 146 255
    12 106 68 16 213 255 49 112 247 169 255 171 45 187 128 136 255 255
    66 255 255 106 181 196 128 12 255 109 10 255 3 245 232 20 103 13 66
    255 255 57 64 212 48 114 255 43 255 206 160 183 255 39 255 255 199
    83 235 220 217 255 235 4 124 36 187 255 244 126 151 193 179 255 199
    82 169 187 240 255 196 77 219 112 165 143 100 136 108 74 53 144 135
    197 151 10 245 255 104 126 113 239 255 255 189 12 161 202 27 255 85
    124 255 202 183 27 134 195 255 107 200 123 119 255 255 20 100 255
    249 197 194 151 49 254 255 235 201 255 92 197 255 156 48 139 3 204
    46 79 201 249 12 63 43 19 202 145 49 113 248 255 121 190 255 36 255
    26 8 224 255 197 243 255 255 91 255 240 243 223 85 209 26 27 98 29
    255 153 33 255 61 114 191 252 145 93 175 78 25 64 128 12 157 204 176
    245 87 124 139 223 255 174 163 45 155 21 230 240 168 187 130 6 154
    255 238 255 104 154 18 82 129 255 188 255 255 194 255 60 94 255 255
    84 255 17 202 255 143 194 115 51 196 201 25 17 54 23 234 36 27 188
    178 255 199 131 255 251 255 162 255 79 123 136 241 225 40 58 197 0
    62 53 163 199 48 111 124 255 61 64 53 255 246 255 148 110 121 255
    192 255 146 37 181 84 129 255 69 255 239 146 163 255 103 255 255 231
    255 12 31 194 96 10 132 255 67 118 169 7 176 252 19 83 157 197 195
    255 255 244 109 217 131 86 255 40 81 1 141 121 253 127 255 83 138
    255 98 110 86 226 22 255 38 88 12 244 100 237 192 28 255 155 252 255
    158 255 38 75 255 255 15 255 255 80 129 53 134 69 255 73 255 119 109
    196 48 84 255 80 255 120 189 139 255 172 29 255 103 93 22 55 133 164
    255 134 101 255 244 192 255 139 238 101 69 87 255 55 255 83 192 103
    255 0 87 169 125 50 227 16 190 255 26 76 153 104 133 255 151 255 51
    107 132 255 125 3 255 124 233 214 92 255 199 192 236 176 76 167 255
    255 164 255 255 35 154 226 133 51 255 246 255 144 255 186 151 161
    219 75 10 201 181 82 255 255 181 255 24 226 5 29 155 255 19 255 118
    33 45 182 83 255 254 200 165 56 116 247 255 163 101 244 233 123 255
    236 5 166 110 255 91 210 10 103 158 3 225 255 6 189 44 83 109 134 86
    252 255 172 75 164 174 128 120 167 255 255 128 255 255 238 20 255
    169 212 48 255 111 178 18 240 212 229 66 24 137 80 79 145 214 255
    103 93 11 106 255 24 28 197 222 109 230 229 104 255 235 79 255 255
    255 151 182 255 255 169 47 157 124 176 255 167 112 255 164 255 53
    109 153 23 130 255 214 116 196 255 82 63 217 2 74 255 1 131 114 75
    81 255 31 74 162 38 5 10 31 138 255 129 245 230 231 31 199 8 174 255
    142 255 255 240 155 220 54 255 235 233 187 255 224 85 5 175 69 179
    17 123 255 255 8 106 115 255 255 125 74 167 111 178 123 233 255 171
    98 169 245 251 5 255 13 135 172 209 255 71 212 0 73 27 83 255 13 132
    184 243 27 18 38 100 255 18 218 45 90 255 45 255 255 109 255 119 40
    234 137 255 216 78 255 36 55 23 144 67 255 246 255 255 36 217 187
    255 136 255 255 114 255 190 86 181 255 255 255 227 169 129 124 173
    255 171 255 255 245 74 63 167 255 153 190 54 30 44 173 182 253 38 80
    229 215 217 107 187 133 82 255 244 230 187 255 61 255 255 245 246
    242 83 246 103 30 255 149 255 74 169 49 179 255 191 72 255 220 135
    255 255 38 20 54 255 123 160 255 255 238 65 255 73 150 38 92 255 255
    26 254 177 38 244 209 48 255 68 102 255 224 160 109 232 92 255 192
    71 205 176 193 255 255 1 255 196 83 4 116 239 255 65 143 115 104 161
    197 255 101 179 255 6 255 3 238 82 101 97 0 255 138 129 101 100 85
    164 255 32 222 255 255 230 17 185 48 103 0 209 75 178 199 106 226
    255 67 255 255 57 41 234 207 199 255 208 27 161 103 179 146 99 194
    61 151 238 255 148 199 12 255 154 98 34 255 45 216 24 182 87 91 255
    38 183 255 88 206 191 15 38 184 79 138 41 83 49 255 242 197 126 255
    114 2 216 83 255 255 255 116 28 237 106 54 127 252 25 255 255 254
    255 255 100 247 255 10 215 255 255 192 126 255 62 126 193 65 50 255
    255 255 107 26 250 234 94 255 211 135 197 48 255 128 117 255 86 67
    218 255 249 0 209 251 255 71 190 195 255 183 38 141 255 72 76 119 83
    229 202 62 46 174 156 48 87 255 255 12 255 126 35 255 255 160 255
    113 147 101 7 31 163 153 255 161 255 240 215 247 65 131 255 117 255
    17 158 167 33 66 24 255 156 0 50 28 106 17 235 255 255 225 255 255
    43 101 255 101 205 48 6 142 104 100 70 255 106 96 255 91 255 56 144
    196 255 216 255 255 43 194 255 175 229 255 96 120 186 166 255 121
    255 167 25 165 197 255 58 26 225 133 197 255 147 74 255 56 8 249 229
    142 211 156 255 172 255 142 162 206 255 179 49 3 255 147 88 191 113
    33 232 34 79 255 90 49 123 0 141 138 27 183 255 201 185 38 255 192
    255 136 255 101 196 112 22 158 255 106 81 14 255 58 33 143 146 197
    255 255 45 7 174 128 116 152 255 255 234 142 27 45 31 255 174 199
    255 211 5 151 255 87 230 9 67 20 255 188 189 178 232 159 175 255 255
    0 229 154 56 179 10 64 21 179 183 17 48 251 133 17 90 204 255 3 33
    141 229 72 196 0 255 161 89 217 201 99 81 28 179 23 255 230 59 255
    155 255 111 33 177 36 237 255 206 88 99 255 173 58 255 222 79 143
    255 103 187 157 100 169 42 236 255 203 133 255 201 227 255 133 211
    162 191 154 244 20 254 73 255 167 45 225 78 255 255 163 167 117 255
    255 8 51 189 154 51 162 96 255 255 255 137 254 234 255 40 0 83 80 37
    247 65 54 15 94 44 255 255 87 79 151 47 181 255 255 255 255 46 90
    255 16 241 255 6 255 255 142 9 255 69 99 10 191 37 255 124 255 121
    40 255 255 167 219 182 196 15 214 175 3 174 24 40 255 184 229 255
    201 255 255 122 161 56 40 240 99 255 114 106 15 228 141 219 146 8
    231 138 254 196 205 186 13 168 255 38 238 129 126 200 68 144 165 99
    8 129 174 84 232 36 167 188 22 189 90 255 83 185 25 61 81 55 255 255
    255 35 92 255 139 46 255 207 255 255 69 255 255 171 172 229 208 242
    232 240 255 255 208 78 255 49 53 96 247 147 255 56 159 255 184 0 13
    80 199 143 139 251 53 191 122 211 219 40 255 166 81 255 47 255 255
    144 54 192 228 249 63 9 81 22 129 112 255 128 8 98 164 220 255 149
    129 27 7 255 156 161 255 43 255 83 133 39 95 234 255 159 63 181 19
    103 48 96 167 118 213 30 227 222 2 43 53 255 19 217 31 70 132 255
    228 255 255 158 255 255 244 255 2 138 255 116 17 72 225 255 222 91
    113 219 255 171 100 18 162 255 255 255 69 169 253 244 7 12 38 255
    140 195 219 222 159 255 112 199 0 236 244 255 231 115 149 255 255
    169 133 250 124 27 153 255 89 17 20 158 82 106 130 255 255 246 255
    255 113 146 121 36 15 255 227 178 255 215 255 201 192 147 255 45 176
    255 216 119 255 73 129 242 152 109 244 222 156 255 3 38 255 255 231
    252 255 145 255 42 96 202 255 49 96 170 9 255 255 255 255 27 78 161
    24 242 222 211 172 255 243 233 212 213 211 45 126 69 255 215 133 255
    255 255 66 236 147 255 42 156 129 202 17 157 70 40 255 117 78 3 167
    255 151 149 140 176 255 179 113 124 255 255 54 103 68 15 245 222 12
    205 171 117 106 255 89 231 75 242 255 255 255 255 15 225 136 255 88
    19 255 70 224 157 97 45 255 255 58 41 113 181 255 124 140 126 62 255
    71 149 3 255 19 255 255 255 255 151 192 55 245 19 159 255 238 241
    174 66 29 13 247 220 255 101 255 143 52 255 60 144 95 196 235 131
    255 115 29 78 192 96 217 49 37 176 39 255 255 164 236 255 45 3 192
    118 26 255 0 1 93 125 149 255 83 14 133 255 156 194 208 238 225 160
    210 13 0 19 36 146 255 58 12 110 197 247 99 255 136 238 8 157 188 75
    92 141 255 243 255 101 213 100 255 255 142 153 155 49 255 146 54 78
    255 72 255 252 255 255 61 201 15 221 60 55 49 22 255 164 63 76 255
    15 149 88 255 255 176 194 255 145 95 255 83 8 121 133 97 255 207 255
    255 137 132 43 74 135 255 251 70 177 201 179 154 91 255 166 25 255
    118 181 58 255 157 241 237 76 255 75 255 64 46 202 255 229 31 178
    255 228 174 204 18 26 255 96 155 33 88 206 249 189 255 31 90 56 255
    27 210 255 80 255 68 166 255 255 215 235 255 151 38 255 138 183 106
    190 83 124 97 255 255 151 195 220 173 13 40 255 255 255 139 69 255
    164 201 255 110 255 138 15 49 139 152 240 255 144 33 98 181 72 28
    170 188 255 145 226 119 221 99 179 99 255 88 79 195 2 255 42 255 149
    255 31 203 120 255 255 255 103 42 255 124 11 63 154 255 160 255 182
    218 104 25 140 99 245 54 255 200 95 255 52 252 124 160 218 20 9 179
    151 251 10 255 255 126 255 98 9 255 210 244 151 255 224 255 255 187
    101 30 255 255 31 47 169 219 179 255 47 42 65 239 81 91 255 69 255
    58 137 50 201 223 255 100 59 184 169 255 235 144 136 90 46 91 255
    103 132 119 127 33 0 4 188 255 71 146 255 244 255 171 126 209 211
    118 168 76 142 195 255 71 150 214 237 255 171 78 255 96 131 255 255
    200 10 3 140 255 2 255 41 149 206 255 20 255 96 255 255 200 235 102
    255 75 172 236 255 255 255 176 251 240 232 146 113 255 201 63 245 70
    14 255 157 40 109 36 82 255 63 255 255 221 77 53 222 46 255 255 255
    255 70 178 255 6 199 255 0 95 255 49 247 148 210 177 216 57 27 41
    231 42 114 91 255 255 227 255 255 81 4 255 97 209 46 209 87 230 220
    226 255 161 244 255 12 199 247 255 161 162 93 238 101 166 233 255
    116 96 65 52 255 255 28 14 230 58 95 255 239 205 80 121 222 255 151
    242 164 131 158 48 37 147 156 117 255 66 255 4 51 237 135 229 106
    255 88 96 255 255 16 255 247 34 196 255 88 101 240 205 62 255 35 51
    40 69 114 242 88 124 255 190 255 255 3 164 216 173 122 255 28 178
    255 229 127 71 151 255 232 75 255 45 62 92 199 192 255 255 34 122
    191 255 255 139 42 255 255 37 96 235 34 201 255 255 87 255 142 255
    255 115 196 12 210 132 71 207 222 255 56 227 75 38 35 255 183 255 76
    169 141 255 1 113 222 137 103 255 142 56 255 126 255 111 217 255 201
    90 255 3 244 200 53 142 3 65 31 120 255 34 255 244 162 101 81 137
    255 255 182 158 209 26 167 240 45 255 27 88 206 18 255 181 255 106
    167 252 255 255 5 136 18 13 158 158 255 117 137 156 138 132 146 144
    37 17 87 59 255 8 169 255 161 169 255 154 255 255 163 112 249 170 40
    75 229 255 255 255 15 255 135 49 113 37 236 106 148 23 41 255 240 71
    110 255 255 2 185 255 189 255 255 190 23 255 227 62 76 11 1 139 166
    255 255 255 129 80 192 8 126 55 201 51 162 255 157 231 96 255 206
    185 192 161 112 255 42 136 255 179 231 255 62 255 255 140 22 28 10
    153 45 97 26 128 251 19 71 193 255 255 127 199 30 219 255 255 173 53
    186 31 159 255 40 185 255 66 223 212 145 255 255 188 191 172 247 236
    108 158 188 73 176 255 255 66 174 71 48 155 109 237 255 48 72 196
    255 245 23 126 134 255 80 194 208 255 128 255 255 116 38 36 157 238
    184 76 82 153 117 163 80 154 255 124 62 186 28 109 255 143 255 255
    255 93 13 15 96 255 255 255 155 23 226 255 138 255 176 98 109 214
    164 181 53 201 65 74 255 25 240 13 116 109 146 234 145 242 83 42 207
    166 127 184 255 204 151 179 82 154 66 199 255 175 217 242 229 115
    240 8 77 27 62 10 2 151 174 255 142 255 154 118 255 159 27 47 90 1
    132 126 118 240 255 163 59 255 255 115 71 254 101 255 209 49 146 200
    255 255 212 120 15 219 88 255 99 133 99 2 81 194 200 79 118 4 255
    149 152 9 255 24 209 71 17 8 242 0 227 255 15 223 255 102 255 255 45
    255 184 247 228 201 194 67 255 164 132 154 100 255 162 30 83 31 102
    255 199 143 182 71 103 67 186 62 240 224 239 232 255 216 255 133 255
    33 255 237 109 108 112 255 176 239 106 255 67 163 129 125 37 153 190
    33 255 119 101 255 255 133 255 28 255 255 172 100 23 187 56 68 76
    118 255 172 144 148 174 246 255 55 63 255 255 231 255 193 255 255 21
    55 196 197 72 146 104 78 255 6 227 50 255 255 27 88 255 101 189 113
    94 121 126 255 224 67 255 255 191 206 207 138 255 125 1 239 120 255
    196 79 158 255 60 255 114 7 255 255 40 15 138 197 255 220 255 255
    214 2 240 114 3 255 255 112 178 128 54 6 255 217 255 0 9 64 255 165
    3 255 213 255 25 187 255 75 9 255 154 76 255 240 255 3 237 248 27
    255 156 255 239 97 255 255 200 255 245 130 255 255 19 194 194 30 106
    53 170 46 65 21 150 143 53 96 25 82 213 255 21 42 148 133 50 28 98
    178 121 115 129 239 230 23 255 78 255 255 218 22 85 255 90 255 229
    145 255 36 255 255 175 18 128 208 58 129 12 206 239 255 142 83 128
    124 255 155 64 255 42 120 255 151 53 255 106 26 70 224 76 244 94 21
    189 185 255 206 62 172 255 147 3 255 165 135 255 254 255 255 126 144
    41 27 94 156 131 249 153 151 124 255 12 222 255 176 128 255 18 105
    149 251 49 255 255 15 255 56 255 255 255 200 27 255 104 255 3 54 255
    253 255 101 94 70 255 67 255 255 227 195 75 37 173 255 145 255 146
    89 255 33 206 255 255 237 255 7 19 33 176 70 223 61 20 122 129 0 205
    255 228 96 255 255 49 161 62 255 58 37 255 255 115 255 255 136 255
    255 212 255 17 243 255 255 152 255 255 109 62 45 218 95 255 255 255
    230 6 58 219 137 49 255 102 115 10 120 76 90 142 255 255 169 67 30
    85 40 131 181 15 28 158 96 255 255 156 255 28 26 255 107 117 255 87
    200 46 89 17 211 178 255 242 84 78 169 84 0 194 200 255 255 81 109
    255 169 53 255 255 203 255 237 255 133 179 255 255 147 255 55 33 9
    45 255 255 56 201 255 164 163 8 239 198 255 255 235 18 101 196 255
    119 46 101 255 118 58 96 81 203 255 228 255 179 255 228 91 148 187
    17 44 5 255 163 247 255 25 4 162 247 4 255 255 117 207 44 94 255 49
    188 40 151 255 61 255 151 255 181 37 70 215 78 255 60 255 172 255
    240 255 191 233 126 83 255 46 255 255 255 207 170 255 120 218 255 33
    255 255 225 237 157 210 196 28 44 204 0 255 223 247 67 32 255 38 145
    255 255 255 172 20 81 255 215 26 5 218 103 244 255 233 17 206 49 119
    239 131 65 62 27 255 198 103 201 152 200 255 131 97 224 179 255 7
    253 167 71 233 94 191 100 37 211 52 255 255 3 255 31 172 255 88 2
    255 46 89 56 255 4 104 255 36 255 249 165 168 255 157 50 255 226 247
    255 115 155 20 56 88 149 253 87 255 197 73 36 255 255 114 233 6 255
    78 255 10 185 228 255 60 255 48 96 138 78 255 37 80 165 87 255 65 23
    206 179 170 136 72 255 36 98 255 191 29 255 159 60 69 255 53 255 103
    84 136 12 53 27 255 234 247 255 172 159 255 245 158 99 112 129 255
    255 215 250 97 255 103 255 65 247 89 255 255 3 227 255 127 64 78 199
    95 255 221 255 255 189 131 106 48 255 255 66 164 149 182 237 174 200
    213 225 156 255 151 37 51 111 98 181 25 87 187 255 229 112 113 89 0
    225 57 133 229 42 155 255 38 182 108 243 169 255 119 150 255 54 182
    91 255 50 255 119 123 255 52 255 111 146 219 255 228 183 96 136 105
    255 231 45 255 90 131 184 112 119 172 118 155 8 238 247 255 60 128
    224 19 255 90 201 226 244 226 37 22 96 28 255 205 0 255 196 156 255
    189 255 212 124 255 43 166 199 255 202 235 201 152 255 255 231 255
    255 255 255 255 255 255 182 227 222 211 255 83 25 130 122 255 67 255
    91 228 5 255 9 82 255 221 223 138 158 233 232 158 201 255 255 255
    156 255 196 255 100 255 255 231 82 255 65 213 116 103 255 186 75 255
    209 147 255 28 142 144 174 152 255 94 255 255 81 224 137 255 137 37
    182 152 141 5 222 77 148 253 150 255 11 31 249 52 252 35 99 101 255
    255 168 229 255 94 255 128 122 222 207 87 255 99 255 244 122 255 121
    253 82 83 96 78 30 25 255 237 22 178 88 126 133 36 119 77 162 215 69
    31 4 35 255 53 153 167 167 255 2 35 250 133 117 237 65 255 118 204
    46 4 255 16 129 255 255 123 212 84 255 255 63 255 255 192 186 255
    236 72 255 205 133 255 237 59 255 74 72 50 27 72 255 51 101 194 10
    158 166 54 197 15 137 62 255 72 100 255 187 236 174 92 242 121 93 50
    70 228 64 126 226 196 8 130 211 255 12 181 255 20 255 194 145 51 28
    255 255 255 110 255 237 39 251 255 229 35 255 203 177 141 65 255 55
    121 201 99 66 255 255 179 81 129 129 227 255 136 112 176 115 49 255
    2 255 7 164 255 78 215 255 153 208 161 206 38 60 116 130 81 245 17
    227 159 255 63 255 200 133 255 242 255 20 0 63 99 73 255 196 207 255
    36 246 249 222 244 255 101 216 255 255 18 83 212 47 192 204 213 177
    255 173 118 255 63 161 176 0 38 255 170 147 255 230 86 113 2 176 255
    127 183 255 100 118 255 255 201 80 165 56 255 142 54 255 97 176 255
    121 131 68 255 206 255 137 179 108 245 170 255 151 167 255 117 15
    166 56 146 108 55 95 250 11 50 255 35 255 255 19 149 255 107 215 41
    40 219 245 34 214 30 210 254 255 255 88 252 84 255 31 255 174 189 81
    195 3 131 179 255 222 76 255 154 4 53 72 233 13 171 113 94 176 91
    255 101 132 227 138 255 255 104 167 111 25 31 194 127 255 192 220 68
    154 133 96 254 255 70 255 171 49 161 87 190 255 158 21 7 2 46 255 71
    46 94 147 41 3 100 255 81 88 138 53 255 92 60 202 255 255 187 255
    227 61 72 255 249 155 141 248 58 240 82 208 204 196 236 255 96 255
    139 175 229 90 29 222 7 72 255 151 163 99 255 162 63 207 72 255 255
    53 150 255 255 204 48 201 160 143 144 60 159 220 255 229 143 255 255
    96 154 255 46 4 104 178 109 177 255 255 46 83 255 255 255 49 255 255
    145 255 81 173 7 100 90 58 55 255 144 252 35 157 38 155 22 255 103
    184 255 137 255 11 129 255 255 255 255 113 255 111 255 200 255 237
    255 250 255 127 23 246 145 255 253 0 209 253 55 171 28 195 255 160
    44 255 234 255 12 145 251 33 19 255 255 33 18 254 125 109 255 176
    255 255 201 255 25 206 154 255 191 182 53 84 238 51 117 37 234 89
    255 255 70 255 254 139 255 217 190 196 211 255 90 255 255 255 255
    155 210 255 188 4 255 42 12 255 149 255 27 122 211 255 255 31 217 44
    182 255 3 104 121 255 235 124 197 233 255 79 176 255 13 218 96 113
    255 255 20 255 2 135 255 255 215 255 143 116 249 111 227 205 255 149
    18 214 17 169 171 130 246 255 255 31 255 53 5 255 255 199 88 60 255
    78 98 255 255 79 255 239 127 231 255 137 114 93 157 223 255 138 35
    252 46 173 255 188 32 179 217 122 98 121 40 255 192 42 194 78 255 22
    21 255 255 99 12 239 108 132 255 183 255 255 40 88 108 106 153 255
    64 219 66 255 255 199 230 179 123 94 255 255 9 255 220 11 50 255 251
    144 255 248 255 255 255 29 255 116 255 192 145 227 187 87 255 255 29
    28 255 29 255 78 131 154 209 63 223 255 219 92 199 13 18 2 254 169
    196 19 254 194 189 51 164 89 255 252 42 213 149 119 0 255 16 170 172
    182 255 48 255 228 184 166 74 240 246 160 230 18 255 133 243 87 78
    216 255 255 36 94 48 255 113 255 200 112 255 0 241 126 76 44 118 98
    187 255 49 169 71 179 255 156 83 255 255 136 91 247 190 254 255 116
    255 134 175 255 255 254 255 156 151 254 133 165 36 255 255 5 121 174
    229 73 202 255 255 44 255 255 252 40 98 243 220 27 255 1 255 255 170
    154 13 255 65 1 183 189 255 255 249 173 27 149 87 36 255 25 255 48
    111 177 70 113 63 255 163 156 247 116 27 136 154 59 177 225 236 255
    142 249 76 56 182 255 33 255 255 0 226 255 46 9 255 190 255 255 218
    255 71 238 53 255 73 46 157 142 199 10 127 181 204 189 215 209 212
    217 71 93 35 199 196 156 174 7 183 123 245 81 255 255 251 255 103
    117 255 169 255 255 108 255 255 255 255 86 43 255 177 246 51 7 8 149
    8 138 164 255 240 86 143 212 97 255 52 192 70 34 58 53 207 255 167
    110 255 240 255 218 201 255 62 78 255 246 192 171 9 167 255 86 255
    145 199 255 255 255 254 182 168 222 85 103 255 71 255 149 73 56 197
    138 218 103 255 36 255 60 46 96 239 255 146 210 214 222 33 91 255
    119 255 255 19 255 138 212 255 255 179 85 36 47 97 219 48 115 114
    156 123 255 129 199 20 208 255 255 255 142 75 18 145 255 143 138 114
    221 86 237 255 255 53 174 63 255 196 8 227 92 23 255 129 140 194 24
    42 88 65 155 220 255 245 156 255 255 255 126 1 157 255 96 184 87 69
    48 107 62 31 4 128 197 46 205 27 255 114 239 129 115 90 102 21 255
    109 255 255 39 155 225 255 222 76 145 3 31 255 241 28 208 255 81 210
    255 255 255 142 255 61 129 255 102 255 51 4 142 27 54 8 207 157 179
    177 7 255 245 70 173 138 247 110 255 66 255 71 160 205 255 119 255
    255 255 242 220 219 255 255 139 120 51 255 6 65 27 255 146 87 37 217
    171 255 255 142 255 244 134 69 255 131 60 255 148 196 104 64 252 255
    53 91 91 36 196 255 201 155 2 227 45 119 78 165 255 229 33 113 207
    26 240 198 167 255 0 200 68 129 182 255 94 245 197 45 96 139 106 54
    172 92 255 255 93 101 154 73 1 101 115 76 58 100 70 36 174 251 255
    97 204 255 53 255 255 112 177 255 61 138 250 146 255 101 106 165 255
    203 112 255 169 62 255 10 150 78 1 209 255 244 246 255 210 141 53
    140 108 255 255 227 255 255 133 255 108 255 91 172 159 255 53 178
    202 110 255 255 109 255 255 71 182 80 216 133 255 169 13 71 187 8
    255 78 255 156 78 238 113 7 35 201 210 255 255 87 255 60 183 229 255
    243 160 189 188 255 56 160 255 255 120 255 255 167 255 126 71 186 68
    122 108 129 255 132 191 242 228 10 145 255 146 70 118 255 98 28 237
    138 255 255 198 255 156 244 255 255 143 36 255 7 255 171 112 70 255
    30 155 255 175 255 224 251 205 255 11 4 194 236 255 186 255 252 255
    48 55 255 93 213 186 115 26 255 255 229 111 75 35 109 196 138 15 76
    79 133 92 255 146 25 158 214 191 64 255 69 220 8 154 252 99 54 249
    255 255 241 235 126 118 13 143 72 144 15 255 255 176 70 85 191 103
    255 238 47 192 3 158 255 255 145 157 230 19 255 46 41 255 80 106 78
    206 255 255 91 213 255 72 205 229 121 145 5 21 41 255 0 45 141 22 62
    0 13 24 255 22 23 3 149 229 17 116 132 201 166 63 182 130 5 171 180
    64 148 43 255 255 96 255 255 255 255 136 137 151 232 74 252 255 217
    188 255 228 159 111 220 177 76 102 255 255 45 255 27 21 223 131 61
    247 255 125 79 255 230 22 113 91 86 255 22 79 23 229 179 255 196 255
    23 16 40 161 162 255 255 197 150 51 184 124 46 229 255 13 211 255
    255 185 255 10 198 255 255 142 227 232 52 255 78 160 254 73 221 112
    255 255 204 20 17 255 58 46 170 159 13 255 61 36 142 63 53 156 201
    46 64 50 239 112 109 134 172 255 73 127 255 100 209 255 0 206 255
    171 255 25 73 86 23 101 255 255 4 201 30 216 255 156 79 255 25 4 255
    255 16 114 255 111 117 73 100 255 166 154 255 255 255 255 189 197 83
    255 240 255 138 109 229 234 255 237 93 28 167 255 244 255 255 64 237
    76 7 182 235 60 255 255 79 53 148 208 26 161 254 176 176 228 13 255
    69 126 255 122 31 255 253 194 35 78 255 48 144 69 255 30 255 211 15
    88 25 9 42 255 162 95 25 92 108 225 121 255 10 255 67 154 202 255 31
    37 201 76 175 238 71 7 255 159 134 123 138 235 1 30 217 255 255 198
    241 255 237 255 240 209 163 144 149 8 10 43 72 38 97 195 255 234 255
    148 163 35 80 124 119 121 142 164 255 206 13 179 255 255 255 185 183
    255 228 164 255 136 21 239 44 90 240 216 113 192 29 96 255 255 136
    255 218 106 255 184 128 30 13 255 255 255 47 56 228 73 166 35 190
    255 96 255 244 255 255 255 255 255 225 179 123 255 255 17 255 0 255
    106 183 17 255 70 183 101 255 19 114 128 123 255 248 255 167 189 201
    255 33 5 255 255 255 35 71 135 181 90 69 247 172 153 45 178 255 169
    192 4 252 243 199 222 87 64 255 26 86 20 19 255 255 255 255 255 206
    155 138 152 90 237 181 210 230 11 56 209 194 144 255 239 204 88 0
    168 255 207 17 99 139 255 255 237 214 182 208 255 255 85 194 255 255
    3 255 46 142 131 138 255 235 38 120 250 169 255 255 91 21 255 75 91
    91 99 255 255 34 255 53 80 18 80 255 173 255 225 23 255 66 15 3 246
    237 230 151 81 131 61 63 255 37 244 255 180 232 255 52 252 212 46
    237 46 251 101 255 197 195 255 158 5 255 52 122 106 98 255 134 8 79
    36 42 233 40 255 132 8 22 200 255 255 33 255 64 174 71 47 136 196
    255 15 58 66 255 164 81 78 222 230 142 157 140 137 161 160 170 255
    227 187 68 152 255 176 255 255 85 239 174 96 153 42 227 255 55 255
    158 161 177 166 255 202 176 9 255 255 226 255 200 135 40 73 169 255
    113 15 255 147 255 55 113 60 255 221 255 234 45 159 207 255 122 255
    106 255 28 39 232 255 255 240 154 46 44 255 164 19 206 96 255 28 49
    59 176 99 255 255 74 187 212 116 255 119 108 158 68 11 224 148 181
    24 211 253 255 255 40 29 234 90 190 187 255 18 36 85 117 96 17 235
    255 194 110 255 136 224 96 255 83 78 206 200 2 85 45 212 152 203 255
    255 53 136 188 62 255 63 78 186 0 254 255 16 118 255 218 131 255 194
    47 20 255 200 255 46 208 27 113 38 255 222 255 194 255 21 247 3 255
    209 36 156 255 197 255 23 189 179 176 56 237 35 120 195 90 27 0 51
    136 100 194 27 65 255 220 255 144 194 255 255 239 79 255 139 138 255
    244 179 255 255 255 35 91 79 255 255 240 212 93 104 23 140 255 70 78
    108 192 55 37 118 227 217 224 255 161 255 181 170 30 172 255 255 162
    201 255 126 238 212 145 223 255 144 255 80 254 255 116 167 33 103
    252 46 118 58 255 81 111 255 255 245 146 23 255 231 5 188 22 255 199
    32 197 3 29 255 245 255 186 148 226 201 24 255 214 255 209 94 47 28
    255 157 255 101 240 163 138 236 29 141 115 168 255 53 170 255 3 164
    167 209 255 50 31 211 179 16 63 255 254 147 76 111 38 172 255 73 101
    65 211 232 157 252 90 10 255 255 107 103 12 255 19 216 255 228 255
    43 5 255 174 28 255 1 62 234 54 255 255 75 56 255 39 241 209 58 219
    255 140 255 184 152 167 55 7 173 153 147 172 144 230 26 255 115 74
    30 190 113 255 172 146 255 52 51 255 137 255 255 84 172 80 27 47 255
    255 104 255 91 86 151 254 105 255 85 255 189 25 255 46 161 55 73 44
    110 177 248 255 245 255 100 94 153 246 255 82 255 255 56 123 255 42
    255 255 239 168 151 92 255 159 45 74 255 225 255 255 255 196 146 203
    96 212 70 255 255 215 119 60 75 59 255 246 242 229 106 195 235 201
    255 245 47 79 255 10 158 90 255 170 216 20 255 199 18 65 23 135 145
    255 138 231 255 164 17 31 131 229 2 71 169 51 211 228 255 151 38 255
    255 214 255 85 45 209 48 55 46 108 200 255 199 132 12 247 79 78 226
    54 255 136 246 255 9 151 255 255 81 103 183 154 255 255 90 53 47 104
    76 224 129 68 239 155 12 248 110 255 255 1 255 1 255 255 185 159 255
    137 73 7 60 255 128 187 255 255 254 47 255 80 255 138 39 255 255 72
    110 128 227 149 58 253 223 162 73 74 255 67 255 109 243 179 229 136
    38 255 248 160 255 185 82 249 255 255 255 82 53 211 34 241 255 152
    255 182 99 159 156 182 168 234 255 49 255 255 104 255 4 110 55 40
    255 255 205 78 184 91 135 255 255 150 255 36 14 43 184 255 255 202
    255 222 98 155 156 152 115 255 255 155 255 237 150 2 219 233 255 203
    81 23 142 115 216 202 56 216 255 255 124 21 109 50 120 222 247 89
    178 33 189 144 22 75 255 174 102 120 123 255 213 94 136 255 161 142
    255 99 63 159 90 236 120 192 16 109 255 209 178 172 178 255 255 131
    255 255 1 21 88 224 179 96 9 255 41 45 194 255 47 56 255 111 255 23
    91 178 12 58 97 55 142 249 255 253 255 164 196 217 66 3 255 255 255
    178 255 171 38 197 58 109 255 255 255 242 237 6 255 239 255 197 106
    255 255 228 158 255 48 118 255 16 173 255 19 255 255 172 94 56 16
    154 255 192 36 255 149 70 197 244 85 45 9 255 255 255 255 139 19 45
    126 255 237 28 36 44 255 215 244 90 187 31 86 90 115 212 145 119 103
    42 203 255 231 12 217 244 119 255 255 255 224 98 92 154 228 255 252
    243 201 103 16 255 255 255 145 197 228 194 167 244 51 176 130 79 255
    247 83 66 242 5 255 243 0 45 160 219 119 161 65 51 90 191 212 235
    226 187 203 88 91 255 170 68 255 237 255 93 251 7 209 4 255 69 150
    189 236 160 255 249 97 18 188 13 71 176 191 111 246 74 227 251 254
    255 158 228 0 142 223 83 118 120 255 40 235 255 110 255 86 152 250
    13 158 255 15 104 255 43 197 127 222 56 83 255 12 36 255 61 190 255
    37 94 255 113 26 116 255 73 88 175 233 255 136 113 255 255 92 255
    115 228 78 7 209 56 251 64 138 36 73 255 111 38 207 255 219 71 160
    22 255 237 245 38 255 255 255 242 142 255 222 211 179 4 235 182 84
    229 81 127 28 255 27 255 242 251 109 2 97 131 138 153 195 255 83 26
    144 25 106 148 11 255 255 136 12 119 255 255 2 200 74 149 126 235
    255 237 55 255 101 58 129 134 231 66 183 255 153 136 33 255 116 159
    109 172 51 225 228 4 255 40 22 255 230 81 255 219 229 197 2 255 126
    18 108 255 65 33 51 63 238 255 178 214 17 49 255 255 72 255 153 138
    232 255 143 65 33 28 150 61 221 76 56 140 97 98 73 255 255 245 172
    55 251 132 12 130 242 99 244 37 255 104 0 255 10 215 204 37 74 255
    255 255 184 138 255 255 190 60 36 111 149 255 137 182 211 221 128
    255 192 50 255 81 140 255 234 138 255 134 204 255 161 129 255 183
    183 225 180 195 78 215 13 255 196 255 255 92 255 255 40 59 96 184 69
    255 83 33 255 157 4 149 154 88 255 83 104 179 165 17 81 120 59 255
    108 103 207 100 31 189 120 215 111 84 1 255 213 209 255 153 188 255
    155 255 22 24 218 172 118 250 255 135 255 255 106 246 255 188 83 255
    176 255 255 124 255 255 100 118 119 140 6 225 55 195 255 104 83 255
    49 250 118 120 36 204 129 151 141 207 13 48 238 88 206 125 238 121
    55 27 255 230 104 255 0 255 255 211 255 255 21 73 35 0 5 255 17 194
    255 157 53 255 121 249 255 255 233 113 78 56 255 49 255 255 179 217
    255 40 159 206 135 119 99 221 32 61 216 252 255 124 87 53 163 33 129
    70 70 167 85 251 88 90 26 255 248 78 88 15 140 255 152 13 171 112
    255 255 133 17 247 139 100 186 242 255 255 227 255 0 221 101 255 103
    81 211 142 255 219 146 158 113 71 174 240 78 255 123 82 255 255 71
    255 255 146 81 114 55 228 255 124 38 247 10 97 229 63 255 255 179
    224 68 173 255 255 255 72 217 73 255 12 6 255 255 106 255 128 110
    255 33 134 12 30 255 226 46 251 226 255 249 63 255 252 86 255 17 255
    106 144 255 255 167 246 90 26 78 58 148 255 171 217 101 255 183 95
    255 67 35 227 166 224 255 217 97 181 42 131 124 138 178 255 155 120
    255 153 181 255 246 54 68 113 205 31 238 138 15 164 113 202 189 190
    255 28 54 255 83 103 234 127 153 255 53 123 58 255 255 8 129 151 211
    78 255 255 245 191 255 87 132 114 255 123 61 17 28 255 231 197 255
    229 255 90 24 255 124 27 105 194 106 77 138 235 255 121 143 238 255
    67 229 36 31 118 255 167 255 255 131 33 255 255 155 88 255 122 255
    227 144 146 255 154 118 17 185 161 255 4 111 149 255 255 96 86 255
    30 255 255 255 46 161 176 142 255 231 255 255 90 72 116 161 197 133
    19 255 118 58 223 94 229 140 255 66 255 93 255 40 124 11 58 181 189
    247 85 255 255 83 36 251 85 107 24 255 16 64 131 243 182 181 255 232
    90 136 164 255 12 181 255 189 44 255 170 219 255 1 255 184 227 187
    255 203 5 134 144 228 184 182 255 40 131 254 10 101 211 224 239 135
    83 255 229 116 245 4 73 225 215 126 120 79 240 47 95 129 138 45 242
    255 190 78 178 255 106 255 142 66 213 8 35 96 255 103 115 108 255 91
    214 75 101 255 154 92 246 66 225 108 255 56 229 23 28 255 61 118 255
    146 130 64 255 255 172 227 47 94 227 122 114 255 101 191 219 40 255
    255 218 155 114 56 255 239 255 176 63 255 124 184 255 255 194 118
    156 255 255 168 22 38 246 209 115 119 255 208 95 255 122 217 222 121
    245 255 55 63 255 89 255 51 80 168 255 88 191 162 7 255 237 38 147
    108 157 159 176 21 199 255 70 151 181 112 170 113 18 46 227 4 82 255
    197 255 255 169 255 255 121 214 255 205 103 255 85 255 255 199 214
    249 174 72 255 3 255 255 76 196 154 238 129 85 130 255 255 92 67 255
    72 255 249 169 154 109 90 113 20 103 131 255 224 255 78 245 18 255
    197 96 255 101 199 109 152 178 43 252 37 255 231 127 225 255 250 255
    202 190 255 135 156 214 255 168 255 26 229 23 212 255 255 42 92 255
    219 255 255 11 238 157 96 210 255 227 160 93 255 17 204 10 247 222
    151 255 5 131 18 166 254 120 255 26 149 255 230 108 153 124 126 53
    128 110 169 255 37 255 254 249 255 255 255 10 116 255 227 71 76 206
    255 113 164 255 160 255 89 255 108 85 78 35 27 124 255 13 37 255 137
    24 255 117 96 179 40 113 78 113 63 98 233 77 41 52 54 255 242 91 252
    128 76 255 102 73 33 91 182 91 17 255 192 216 211 48 18 177 255 255
    106 209 6 118 38 228 81 50 66 255 255 131 147 191 179 123 75 205 173
    255 63 255 220 82 172 255 84 255 239 185 161 255 137 229 40 104 210
    51 26 47 157 183 254 171 116 231 119 71 105 2 169 51 146 248 255 252
    96 14 255 193 231 255 126 68 141 49 245 255 235 4 149 182 245 255 0
    150 51 53 255 176 24 186 28 255 255 181 172 217 255 130 101 27 198
    255 138 255 19 255 84 36 53 231 228 247 31 255 3 238 227 108 202 233
    189 96 195 119 39 94 93 255 235 255 140 255 128 255 85 255 29 101
    237 42 238 10 255 129 255 92 249 250 198 123 119 72 170 255 199 120
    230 36 255 192 255 191 48 176 120 10 25 38 12 47 255 255 144 44 119
    255 255 255 103 127 101 133 54 60 65 185 255 115 82 65 173 255 46 87
    192 255 122 5 46 255 255 255 31 42 23 122 255 30 185 255 255 199 195
    255 81 217 255 220 110 255 0 67 189 146 112 255 49 213 146 161 222
    255 202 56 5 15 174 51 167 255 184 35 35 255 255 219 255 82 3 255
    199 104 255 101 192 255 143 68 242 165 62 255 108 36 255 255 81 255
    202 255 255 62 255 187 29 215 167 61 74 76 255 138 75 53 3 85 17 35
    7 130 183 255 224 164 255 11 86 96 169 38 81 227 83 244 45 255 202
    154 195 85 248 101 255 255 103 55 120 215 255 116 101 255 179 255 88
    31 135 214 213 255 166 255 223 211 255 255 255 255 240 106 239 163
    134 202 223 214 233 199 191 255 255 207 134 204 109 138 255 255 193
    190 172 199 55 41 224 155 33 245 41 116 79 92 255 255 69 35 138 233
    255 8 191 75 67 3 240 160 31 255 142 161 255 158 40 255 26 15 41 164
    144 28 117 91 255 124 14 161 248 128 108 160 99 216 15 42 255 126
    255 255 235 195 99 248 165 255 49 255 247 66 226 255 39 18 94 246
    159 255 255 254 166 7 142 71 107 255 119 239 9 30 219 72 255 215 45
    255 255 158 255 217 247 255 93 255 166 35 255 68 28 255 255 198 72
    157 79 129 196 208 255 220 101 41 25 163 85 255 29 56 255 247 255 68
    26 255 255 99 1 211 236 5 146 245 181 63 40 220 131 104 246 255 255
    255 255 189 208 90 36 172 255 205 33 255 209 165 186 245 81 196 248
    255 139 17 232 46 179 186 255 31 238 255 194 45 255 2 190 43 36 255
    255 60 199 156 16 213 2 62 120 255 134 187 94 120 255 182 66 145 80
    51 255 169 231 255 23 217 153 255 80 174 124 13 17 255 166 249 255
    166 126 255 63 168 255 52 192 199 188 19 232 255 214 229 160 226 255
    140 169 255 207 86 255 109 151 113 16 113 13 255 255 206 61 69 255
    78 218 73 93 255 232 33 74 255 202 154 172 136 167 255 10 42 255 33
    255 219 221 110 18 217 227 255 128 205 189 202 101 245 73 255 227 19
    112 144 255 255 255 3 242 255 174 13 153 206 67 255 230 79 255 171
    54 255 152 113 20 255 255 255 247 147 31 126 238 255 88 105 255 251
    60 255 234 22 116 217 255 104 255 135 36 164 226 94 218 60 227 57
    255 94 147 255 255 45 118 255 173 3 255 242 133 255 255 255 255 17
    208 123 197 86 184 62 244 255 255 217 255 255 255 43 225 165 88 178
    174 255 169 217 174 102 181 58 42 76 70 255 177 153 29 255 119 180
    255 113 92 105 31 24 214 235 162 82 76 26 114 166 156 236 157 254
    206 48 179 101 85 57 255 255 189 190 255 124 251 255 196 22 83 85
    100 13 255 255 255 246 117 255 197 22 244 218 109 247 79 106 255 101
    35 161 136 255 25 198 35 204 52 255 7 47 255 255 102 72 229 90 164
    23 53 172 255 255 14 133 67 28 35 106 242 181 233 238 216 28 94 255
    202 154 255 255 255 255 112 186 187 248 123 0 81 255 91 255 104 255
    167 255 242 255 99 237 255 246 177 228 255 255 96 255 255 255 24 161
    163 76 255 149 123 255 255 174 174 221 51 60 255 177 235 255 247 255
    47 255 38 146 64 229 7 4 239 12 51 249 81 73 172 203 255 22 158 255
    255 49 37 35 15 235 255 233 113 255 147 147 94 194 219 255 89 255
    255 8 26 255 58 127 255 207 255 70 183 4 255 128 46 55 255 186 22 98
    31 136 125 131 129 54 137 255 172 83 167 180 235 174 255 194 255 202
    251 15 156 251 255 40 210 172 93 255 255 206 255 156 231 200 255 36
    119 247 35 88 121 162 249 255 17 190 166 180 255 30 98 41 93 37 255
    229 190 101 255 74 137 3 30 60 225 191 1 255 151 27 68 124 255 123
    228 21 230 178 170 75 175 14 10 54 58 211 74 120 30 34 138 199 211
    255 255 203 219 81 106 255 255 129 50 255 206 214 255 255 113 13 166
    15 118 182 161 255 44 104 157 15 53 255 255 12 255 90 255 255 58 33
    40 179 217 186 246 255 197 143 1 255 242 227 255 71 91 153 52 18 129
    115 255 90 97 191 255 37 127 255 117 9 189 24 255 103 92 42 255 126
    255 35 107 137 103 17 101 255 188 88 153 108 213 255 148 97 255 217
    255 99 96 255 255 158 1 255 11 255 255 255 144 86 138 224 255 145 14
    255 175 73 148 7 187 96 224 255 255 217 169 214 15 213 255 157 50 81
    82 186 138 129 255 164 22 158 104 225 214 17 233 135 255 21 160 153
    197 151 240 139 205 161 96 68 91 129 85 254 106 226 171 149 255 237
    1 117 119 40 215 255 240 100 240 148 255 255 134 233 61 88 255 255
    155 177 2 69 63 255 156 209 45 247 21 81 16 255 5 109 217</data></my_img>
<your_img type_id="opencv-matrix">
  <rows>100</rows>
  <cols>100</cols>
  <dt>"3u"</dt>
  <data>
    235 227 231 126 255 255 155 255 187 28 255 175 112 22 255 221 255
    255 255 50 99 255 255 255 255 255 255 229 255 193 255 255 195 255 94
    255 22 255 145 74 0 181 78 233 255 94 255 147 255 255 255 94 94 255
    237 130 255 167 255 255 255 255 255 50 255 16 255 255 255 245 255 28
    255 255 255 72 255 103 255 255 255 16 26 255 247 255 254 183 193 76
    38 54 255 255 255 127 78 255 255 102 255 255 46 255 255 163 237 153
    255 16 74 245 132 255 217 136 233 207 255 185 44 255 255 255 130 255
    255 255 255 255 255 255 255 255 255 255 255 255 255 255 255 102 255
    255 239 255 255 255 227 89 255 215 255 255 255 255 32 253 44 8 159
    255 255 255 165 255 255 91 100 255 255 235 255 121 229 255 44 183
    255 255 58 255 248 134 239 255 90 237 76 247 255 255 255 255 101 245
    255 255 255 96 227 70 120 20 255 120 145 0 54 227 255 255 44 255 255
    255 251 10 74 255 181 255 255 255 255 193 239 255 255 185 185 128
    255 181 66 255 79 255 255 255 90 175 133 255 255 255 255 255 179 255
    255 81 255 255 225 255 255 255 255 255 255 22 255 139 16 255 207 181
    255 255 255 255 197 98 255 255 255 255 255 255 18 255 255 255 215
    255 38 255 0 255 255 78 255 255 255 136 255 225 255 64 255 126 213
    255 255 255 255 255 217 76 128 127 255 255 127 40 142 255 255 6 255
    255 255 105 251 255 255 124 255 255 255 255 149 229 255 255 255 255
    255 255 255 34 249 6 225 255 255 30 255 255 255 255 173 20 207 255
    255 108 4 255 255 136 113 255 239 177 50 255 62 255 255 255 255 255
    255 255 112 255 255 138 201 255 110 195 138 255 255 255 80 60 227
    171 97 255 255 54 12 255 18 227 66 99 229 255 255 120 255 255 136
    255 127 255 136 255 255 255 79 255 255 255 26 255 255 40 52 255 255
    255 74 165 255 255 110 72 255 114 255 255 255 42 255 187 54 238 217
    255 117 255 235 255 118 255 255 255 108 255 255 255 255 255 255 255
    108 193 255 217 255 255 255 255 191 255 199 255 255 255 255 255 255
    255 203 159 83 255 255 255 255 255 255 76 255 255 239 255 56 255 255
    141 26 249 255 185 118 255 138 255 250 255 90 93 58 142 6 72 32 66
    255 229 129 255 255 173 199 104 255 255 183 95 255 255 255 255 118
    78 118 255 8 255 48 255 255 255 242 255 255 171 255 255 0 255 255
    255 255 52 255 255 255 173 185 255 74 120 153 22 255 255 183 56 233
    255 142 255 2 255 10 244 255 255 255 255 34 81 124 255 255 94 255
    255 185 255 163 255 255 255 60 104 153 255 140 6 251 255 215 163 205
    99 62 255 165 255 255 248 106 8 255 255 255 193 255 243 255 255 255
    255 114 249 246 175 134 255 199 10 225 62 255 252 92 18 34 28 255
    255 255 227 255 124 255 255 142 255 255 255 255 48 255 255 255 255
    255 255 255 255 38 255 255 255 255 52 113 82 8 105 255 28 149 74 255
    255 255 255 255 255 255 255 114 60 255 20 124 255 165 255 119 255
    255 255 134 120 183 10 255 255 255 189 6 255 126 133 169 177 255 255
    255 119 104 255 255 215 255 255 255 255 255 26 82 255 112 14 255 255
    255 255 44 52 165 255 255 255 92 255 255 173 255 255 28 255 255 255
    255 62 255 126 215 255 255 244 255 58 109 145 255 145 255 255 255
    255 255 22 4 255 255 255 255 255 122 255 255 255 255 48 255 255 255
    46 255 175 255 255 254 128 225 52 120 255 255 78 255 255 255 255 255
    255 78 121 92 185 255 255 255 54 22 255 133 255 92 70 120 205 255 70
    102 6 42 255 255 215 249 213 255 8 255 255 255 50 255 227 231 84 255
    70 38 255 97 112 255 255 255 255 133 209 255 255 197 130 139 255 255
    255 255 255 255 255 255 97 255 247 255 255 225 83 255 88 91 255 183
    191 255 255 133 255 203 255 255 34 255 201 255 40 181 110 113 255
    255 91 255 255 6 255 255 121 225 251 83 255 255 255 205 189 235 255
    120 115 255 255 238 235 42 87 255 255 255 255 197 0 255 38 161 183
    255 153 255 255 231 241 255 139 255 255 227 255 207 64 255 203 255
    255 161 250 46 229 255 255 255 255 14 255 8 255 98 255 255 255 237
    255 255 205 255 255 255 255 255 211 255 255 255 255 255 255 255 255
    255 26 255 255 147 217 255 255 18 255 255 209 255 255 155 64 255 255
    18 149 255 255 255 255 227 255 255 255 255 76 165 249 255 36 82 255
    255 8 38 185 167 255 255 255 255 255 165 70 255 255 239 233 157 175
    255 96 255 255 255 255 255 128 54 255 255 134 255 62 163 255 26 255
    191 96 163 255 251 255 255 255 84 16 98 209 255 205 193 221 255 255
    255 34 177 255 6 255 255 255 255 255 255 68 255 255 104 28 255 255
    255 255 255 255 193 237 217 255 50 255 255 150 255 255 255 193 149
    255 255 255 24 255 255 54 255 255 255 58 255 255 255 255 74 121 102
    255 139 177 255 255 134 255 117 255 70 125 255 255 211 255 130 175
    255 52 205 80 255 255 255 203 255 219 195 139 255 255 255 32 255 255
    72 14 24 126 209 255 56 124 169 199 66 183 255 10 255 255 124 213
    255 255 179 70 255 137 70 249 255 231 195 255 255 44 173 255 255 255
    255 110 255 122 255 255 255 247 89 80 255 221 255 255 255 255 255
    255 255 255 103 255 255 139 169 50 213 88 167 255 78 14 163 255 4 46
    253 38 255 255 167 255 255 138 255 245 213 255 32 255 255 255 28 105
    255 255 255 62 255 20 255 167 255 255 255 255 94 42 133 104 223 255
    18 255 255 132 255 255 82 255 255 44 229 99 255 255 66 255 116 255
    255 102 255 6 255 255 34 255 213 255 255 255 255 211 221 179 18 177
    20 201 255 16 255 255 221 255 72 255 255 219 30 255 255 255 255 255
    215 255 105 68 211 14 255 98 255 227 255 66 255 255 255 247 255 147
    255 255 255 98 255 255 255 199 197 104 255 255 255 255 255 18 219
    187 255 122 255 171 229 255 255 130 255 255 255 255 255 239 135 239
    10 255 0 255 147 175 255 181 14 255 255 227 255 255 26 28 54 255 98
    155 10 72 183 255 255 255 255 249 255 110 64 193 235 255 255 255 161
    0 255 255 255 255 132 119 151 255 255 52 86 12 130 255 255 181 215
    255 255 44 52 22 146 68 255 255 227 255 157 240 255 255 255 255 213
    83 255 22 255 245 86 255 38 255 255 255 36 255 157 255 255 255 255
    255 255 255 255 255 62 95 255 24 255 255 197 185 64 144 255 231 255
    255 255 211 255 118 255 76 255 167 255 217 70 255 64 106 52 255 219
    255 110 140 255 106 48 2 14 94 255 255 255 135 255 130 91 255 173
    255 255 205 255 255 80 255 90 255 255 255 253 163 138 255 255 52 255
    153 255 255 255 255 255 42 243 22 193 209 157 205 173 255 215 28 255
    56 18 215 103 60 255 255 255 255 255 215 98 255 235 175 255 122 84
    255 40 134 255 92 255 203 255 4 141 255 157 14 255 16 131 255 40 255
    255 54 255 213 132 255 217 140 255 114 10 255 255 60 97 255 219 255
    255 22 141 255 235 97 205 255 255 255 255 255 86 46 246 255 185 255
    78 255 26 140 60 246 255 255 193 255 255 14 255 255 255 255 255 255
    255 187 79 66 255 167 255 173 189 255 255 255 38 18 255 225 116 225
    255 255 20 255 60 211 151 255 99 255 255 225 147 255 32 78 223 191
    255 255 255 255 255 255 255 163 76 16 106 255 149 255 18 191 126 78
    86 255 255 255 255 123 128 20 255 68 209 97 255 225 68 2 70 255 147
    215 255 34 255 4 58 16 255 20 225 125 255 255 219 255 181 255 255
    255 133 20 201 255 249 255 85 255 128 149 255 52 246 18 255 213 255
    165 189 253 255 255 138 255 255 201 255 255 255 255 135 90 70 255
    255 14 255 255 201 255 255 255 171 255 193 93 255 255 255 8 255 255
    255 255 255 255 60 255 203 50 177 255 255 255 255 255 255 247 112 40
    126 118 0 255 255 203 16 255 255 84 136 255 255 255 255 255 12 115
    64 193 187 52 255 255 0 207 135 175 255 157 255 84 255 90 255 175
    153 255 255 255 255 147 255 20 255 52 255 255 38 74 255 197 144 74
    227 185 255 98 142 255 74 255 211 255 14 255 173 40 171 255 255 135
    255 243 28 140 241 255 255 255 64 167 255 255 62 114 60 255 219 255
    6 36 255 213 157 225 255 255 235 255 255 229 118 155 255 185 255 129
    48 48 235 255 255 255 197 82 133 255 74 255 193 187 252 28 142 255
    66 255 93 255 255 255 209 142 78 255 211 74 255 255 207 255 255 255
    161 136 223 116 165 255 255 255 255 78 255 255 203 255 36 255 255
    255 237 255 255 126 10 255 255 255 24 255 255 2 50 38 255 255 177
    255 213 98 255 255 98 255 255 255 129 100 255 255 255 255 255 203
    211 255 255 255 255 255 255 76 239 132 141 203 255 12 161 153 105
    249 179 255 255 255 255 62 255 255 181 171 248 16 18 173 94 255 83
    205 255 255 191 74 169 223 219 255 255 8 248 221 197 89 100 92 255
    255 0 56 255 157 255 255 255 219 72 138 233 255 255 255 233 66 255
    255 255 127 223 239 255 34 185 255 255 36 177 255 76 255 255 60 151
    126 80 217 255 235 255 74 255 255 255 30 93 22 255 255 120 255 159
    255 255 133 255 255 233 177 255 255 54 163 255 255 255 78 255 255
    207 185 104 255 207 132 225 255 255 22 255 255 159 4 255 58 255 213
    139 255 249 246 243 255 255 255 94 255 40 155 87 255 255 255 253 255
    255 255 181 246 255 255 255 255 173 139 235 2 255 255 197 255 185
    110 255 195 255 105 255 134 255 126 255 255 255 255 254 165 255 46
    179 255 255 42 255 231 18 68 255 169 150 255 255 255 255 255 245 187
    185 255 64 255 255 103 100 106 255 255 255 255 255 255 121 221 215
    119 251 255 255 255 251 255 98 255 255 255 253 199 255 255 255 193
    255 255 235 255 177 241 255 255 70 255 30 255 255 255 255 255 255
    255 209 255 255 46 255 255 255 255 255 255 141 225 197 209 237 62
    149 132 193 161 171 48 185 253 255 111 255 255 242 36 8 119 48 255
    255 108 30 201 255 247 255 114 255 255 255 255 255 181 255 255 255
    249 40 253 255 255 255 114 255 255 24 255 255 18 101 255 255 24 171
    255 255 255 56 165 255 255 255 4 255 255 165 110 255 255 255 99 255
    229 147 189 255 187 173 231 205 255 255 255 255 227 99 255 197 235
    255 255 181 255 255 207 255 26 255 255 219 255 84 26 6 201 144 141
    255 255 4 179 255 185 26 90 255 145 58 255 251 255 255 177 54 167 72
    235 4 255 255 255 255 255 255 255 255 78 255 241 255 255 203 189 213
    255 111 195 54 36 255 255 78 30 255 255 255 255 255 255 173 255 66
    207 141 255 239 255 255 243 117 197 148 12 255 217 173 255 80 255
    255 128 20 126 245 211 80 120 255 255 255 255 237 96 36 12 255 255
    255 50 255 179 255 26 20 255 191 209 70 255 76 255 209 255 8 113 255
    66 4 255 52 177 132 96 246 62 205 211 82 209 242 255 203 101 169 72
    255 171 16 79 255 255 255 255 2 18 255 36 255 64 130 74 255 255 255
    255 209 255 14 148 201 100 255 205 255 255 6 255 255 173 255 215 185
    235 255 22 106 54 255 255 4 255 255 171 255 74 148 255 142 34 193
    255 255 255 255 116 255 255 255 189 118 116 38 255 255 195 255 203
    255 110 163 193 104 255 165 255 255 8 255 243 255 74 255 173 96 255
    44 255 134 255 255 255 81 255 255 255 82 28 139 255 255 74 255 161
    255 255 255 255 56 255 219 88 34 255 157 88 34 255 255 219 221 165
    255 145 255 255 255 255 85 255 8 85 82 241 255 247 255 255 116 124
    163 255 255 255 116 255 255 255 38 255 255 118 255 255 255 255 255
    255 255 255 52 255 255 14 240 28 24 50 191 255 255 231 199 20 173
    255 255 255 255 141 48 199 242 54 146 255 255 159 255 14 44 28 104
    104 255 235 134 255 255 106 187 255 255 119 147 255 255 253 72 255
    12 88 115 68 134 159 142 30 255 255 255 255 233 106 169 6 227 255
    255 255 233 189 24 79 126 255 81 239 255 255 255 255 238 255 255 255
    255 255 255 128 255 255 255 92 255 82 195 179 78 255 225 255 255 14
    142 84 255 177 128 255 255 60 143 169 130 8 219 255 255 18 255 52
    255 104 157 255 20 233 255 255 255 90 255 38 145 255 255 255 255 175
    219 44 111 126 255 231 255 255 227 211 46 255 255 60 255 255 255 255
    54 30 213 255 255 161 255 148 54 255 255 255 255 225 125 134 4 95 96
    255 0 255 76 255 255 255 255 155 255 26 22 209 255 255 255 255 76
    102 255 223 36 153 249 146 255 255 171 255 161 60 255 255 255 255
    255 255 255 255 16 46 205 114 255 102 175 255 241 255 255 255 233
    255 199 221 255 255 255 38 255 189 255 151 52 255 24 255 255 255 255
    255 255 255 255 255 255 64 26 128 255 255 185 255 4 211 70 255 231
    46 104 255 87 147 255 119 255 255 83 126 255 72 80 80 255 82 255 255
    18 183 255 255 221 255 255 255 255 255 255 255 197 116 89 255 255
    244 255 255 255 255 32 255 233 255 255 211 255 255 255 30 177 2 104
    145 255 255 255 255 4 167 255 96 255 128 255 255 197 255 121 136 255
    111 241 138 255 255 150 79 255 68 255 255 255 147 255 255 255 70 255
    95 108 42 255 219 215 173 118 255 4 255 255 139 30 253 248 255 255
    255 255 255 255 255 255 255 255 148 46 185 255 107 147 26 79 255 44
    255 255 253 255 255 150 109 187 157 255 255 255 66 255 239 137 255
    255 235 255 255 255 255 255 255 28 211 255 18 211 52 48 157 183 255
    255 255 165 98 255 255 221 255 255 209 171 255 40 193 255 255 255
    151 88 125 96 255 79 255 255 42 185 255 255 80 255 165 161 2 113 255
    187 255 255 155 219 255 255 255 255 255 255 243 80 255 237 177 181
    255 36 151 64 6 255 255 235 255 32 255 255 255 255 181 255 199 81
    255 255 255 215 241 129 255 126 16 255 255 193 106 255 255 249 255 8
    56 235 255 30 197 72 255 255 255 28 10 58 255 255 74 255 140 255 255
    18 85 255 255 163 36 255 255 179 255 54 8 88 26 0 110 242 221 255 24
    255 82 81 255 195 255 255 235 255 153 72 255 255 177 255 72 173 255
    217 255 255 136 26 179 165 255 250 255 255 255 255 255 231 255 199
    139 50 255 255 108 132 255 253 255 255 255 211 255 207 42 109 229
    108 201 255 255 255 245 255 255 255 255 255 16 255 231 64 255 255 68
    255 83 255 205 255 130 255 252 255 255 8 181 153 255 14 38 255 20
    255 68 128 120 255 255 255 255 255 124 255 255 249 255 175 36 255
    255 239 255 128 255 244 255 255 255 255 205 238 12 255 255 255 20
    255 255 80 255 255 255 42 255 255 255 255 84 255 255 215 255 185 255
    22 255 255 56 255 255 255 255 255 255 255 82 103 255 189 255 255 255
    197 112 255 255 66 10 255 255 255 56 255 146 141 205 126 157 12 80
    115 255 255 255 36 255 242 255 40 255 255 74 255 255 179 28 255 227
    255 108 221 233 197 171 244 255 233 40 255 255 255 251 255 157 255
    255 60 255 112 255 80 255 255 6 56 255 255 255 85 207 255 255 255
    122 255 0 44 103 255 255 56 255 44 6 255 241 255 165 169 229 255 255
    255 74 201 255 30 255 255 255 255 255 255 255 161 255 88 113 112 84
    215 54 58 255 255 255 131 42 255 115 255 255 153 255 183 255 255 120
    255 255 255 255 211 255 255 255 134 255 207 116 20 255 255 14 40 255
    255 36 255 58 255 255 107 255 136 255 116 255 255 255 217 255 255
    255 255 255 221 255 255 255 255 255 243 221 255 255 244 255 201 205
    110 255 109 255 255 255 255 161 255 253 255 250 70 62 255 255 255 20
    151 24 129 98 255 20 16 255 91 58 161 255 197 249 255 2 255 255 255
    255 255 68 24 255 255 142 255 203 62 46 255 245 109 255 255 255 255
    235 255 255 98 207 102 130 34 255 173 199 245 255 255 255 122 70 255
    255 115 255 128 18 100 255 215 102 167 199 211 243 255 255 104 255
    255 255 149 255 175 14 189 239 255 255 138 255 108 30 81 255 52 97
    193 88 255 70 124 255 255 255 213 46 201 109 255 187 12 18 96 255
    209 189 255 255 183 255 255 255 255 36 144 177 217 146 255 255 255
    255 159 18 153 255 144 255 195 255 255 255 84 255 255 255 119 197 50
    255 255 255 131 36 255 255 233 255 10 203 114 255 255 255 255 255
    255 255 245 102 68 255 255 246 255 144 183 142 100 101 255 92 255
    207 255 255 249 255 255 255 193 20 255 102 255 225 255 143 255 255
    255 114 110 255 22 255 255 255 251 175 255 80 255 132 255 197 255
    231 183 255 255 58 195 255 255 213 132 64 255 28 143 175 58 255 40
    201 255 255 142 255 255 255 255 255 255 255 255 255 255 145 175 255
    255 255 255 255 255 255 62 255 255 255 255 83 187 255 137 255 255
    155 4 183 58 227 255 255 149 207 123 255 94 155 112 255 255 134 92
    255 191 255 252 88 255 185 96 255 157 138 74 255 255 227 255 177 175
    255 255 227 237 255 255 32 255 255 254 132 255 60 50 255 255 255 34
    131 255 255 255 38 92 255 108 78 48 20 82 255 60 255 223 60 255 217
    197 177 255 76 255 233 255 104 255 155 255 255 42 255 10 74 150 179
    28 32 135 233 255 97 255 255 255 219 205 255 255 231 32 153 255 74
    255 177 255 205 255 167 22 16 2 130 255 255 102 255 255 255 255 10
    90 255 2 255 255 125 255 50 117 255 255 119 235 255 89 255 199 237
    255 207 209 26 255 255 251 255 229 225 98 179 255 34 240 255 255 81
    255 247 229 255 255 125 255 255 255 90 237 255 255 0 207 255 255 137
    4 171 255 255 169 231 255 239 255 255 255 255 50 255 254 36 255 255
    255 189 151 255 197 255 14 255 255 255 255 30 255 255 117 147 82 255
    106 245 70 255 227 255 255 155 255 255 171 189 211 255 255 183 255
    255 255 255 255 126 60 255 225 64 46 255 163 255 142 255 242 215 255
    129 207 132 10 36 255 255 72 255 255 98 223 157 215 255 119 255 255
    255 255 255 255 255 255 255 233 245 227 183 181 255 173 46 255 255
    247 231 126 255 255 157 24 255 255 255 64 255 255 255 255 106 255
    253 255 50 255 6 255 255 255 185 100 225 163 255 255 52 255 255 255
    255 255 167 34 235 255 241 231 255 167 255 133 231 255 105 64 60 113
    255 78 197 255 249 255 255 255 221 255 126 181 153 90 193 255 54 151
    255 72 255 32 126 231 80 255 36 4 157 255 255 92 81 130 114 255 255
    255 255 255 255 255 251 255 229 205 82 255 195 255 255 255 255 255
    255 98 173 255 255 229 24 203 254 110 255 255 108 255 38 149 255 255
    255 255 255 255 153 68 255 100 255 255 255 54 255 72 221 255 255 207
    255 255 52 2 255 135 136 255 8 60 255 255 255 255 34 197 255 195 255
    255 255 255 217 177 255 255 255 108 255 255 255 255 255 58 255 255
    255 108 255 175 255 255 255 38 255 145 78 137 255 255 227 167 255
    213 255 255 255 231 255 60 255 255 233 20 94 255 255 90 255 203 255
    255 255 255 101 255 92 255 255 255 255 255 40 119 255 76 175 255 237
    201 42 38 70 126 136 255 157 233 101 82 255 66 26 253 255 233 12 255
    124 235 255 255 255 255 255 255 255 169 171 255 255 255 255 255 255
    4 255 255 255 255 255 255 251 100 255 255 255 255 116 42 237 112 30
    36 255 255 153 255 255 215 171 24 117 219 255 255 255 255 255 18 26
    255 4 86 8 255 255 250 255 255 255 255 255 255 14 255 255 255 134
    117 213 54 137 92 255 233 255 96 248 175 255 255 4 235 255 255 255
    62 255 217 14 255 221 255 255 189 255 255 255 255 255 255 78 255 255
    255 255 217 4 138 28 95 215 255 125 255 68 255 229 255 255 255 255
    68 96 142 255 2 255 255 255 255 255 142 255 52 177 72 215 255 128
    255 255 38 40 68 183 181 20 255 255 255 88 255 251 255 185 255 255
    219 54 255 161 255 195 141 197 16 255 255 243 255 255 255 255 215
    128 255 255 14 255 255 255 255 255 255 171 255 255 231 76 255 255
    181 255 255 255 255 255 128 255 235 128 34 2 215 255 20 255 146 233
    0 50 255 255 255 171 88 255 76 225 243 66 255 249 123 255 255 255
    211 153 255 255 255 255 2 191 22 255 241 255 28 255 193 239 255 255
    159 16 255 219 255 255 18 255 177 46 255 255 255 235 107 187 255 217
    255 82 255 255 255 255 28 136 133 255 255 161 255 255 227 227 62 191
    134 255 149 255 227 231 255 128 52 112 72 207 183 58 254 161 54 107
    255 237 83 255 10 255 255 255 255 255 175 255 100 255 255 255 187
    207 255 253 157 153 30 219 104 255 255 2 155 255 255 8 4 82 255 163
    255 255 215 138 255 255 249 255 151 177 255 85 255 74 255 255 255
    221 255 255 255 40 255 169 255 255 255 209 255 255 255 253 255 199
    165 255 122 255 255 255 153 229 205 138 255 56 255 255 22 255 151
    241 255 255 136 108 255 58 255 255 213 255 139 20 255 255 106 24 255
    26 255 255 142 255 0 193 34 255 138 235 255 255 255 50 255 60 81 6
    255 105 255 255 255 255 4 227 255 255 255 82 255 85 255 219 255 255
    255 252 126 255 255 48 44 255 255 255 255 181 92 56 255 255 255 76
    255 50 52 255 255 255 215 255 181 203 255 10 102 91 38 173 255 171
    255 255 255 255 233 255 40 195 255 42 44 255 10 255 255 255 20 134
    207 103 255 181 255 50 144 42 255 255 2 255 155 44 255 255 165 255
    255 244 159 82 38 255 90 191 159 255 225 128 134 107 207 255 211 255
    255 255 255 255 227 255 134 255 255 255 255 255 219 107 237 255 255
    48 255 68 38 146 145 255 6 42 255 255 8 219 219 74 54 255 255 195 38
    28 255 74 255 251 16 255 86 255 48 32 140 255 100 126 255 149 255
    250 100 163 165 253 255 87 255 26 177 167 255 16 255 157 255 255 217
    36 255 219 255 163 205 254 255 255 255 255 153 131 255 255 109 255
    132 255 78 255 255 207 153 255 44 217 199 237 255 129 142 136 255 66
    167 255 229 191 119 104 14 38 80 255 255 255 153 255 10 157 255 76
    255 235 217 255 246 255 255 255 255 255 26 205 255 255 255 255 189
    255 255 255 255 195 99 171 255 177 80 255 44 90 255 255 255 255 85
    255 6 255 255 38 179 255 255 203 255 255 255 255 255 233 28 255 173
    255 255 255 255 22 255 255 191 255 221 255 255 76 241 87 68 247 255
    72 225 185 209 8 101 255 249 24 255 255 4 16 255 255 255 255 255 227
    255 255 78 124 255 255 86 62 132 255 197 255 255 255 255 50 255 16
    179 255 34 255 2 82 144 153 255 68 12 255 255 255 191 255 255 138 52
    147 239 255 255 255 70 255 255 6 215 255 16 255 255 183 255 255 255
    255 255 173 255 255 255 225 60 255 255 136 50 48 243 219 36 64 255
    255 102 255 107 108 106 219 255 255 255 74 255 4 195 243 219 255 60
    70 255 255 255 255 138 24 181 58 12 255 255 179 255 177 76 255 255
    255 255 255 165 255 255 255 255 94 255 114 255 237 20 255 255 255
    201 255 255 4 255 255 126 255 221 255 255 255 82 217 8 70 203 255 28
    255 191 62 123 60 255 2 255 251 149 94 255 231 255 104 165 102 255
    255 70 255 255 163 255 151 48 213 223 207 255 20 255 82 255 255 161
    255 255 203 255 255 255 14 68 114 255 213 104 255 136 255 255 255
    255 183 255 233 255 255 106 255 30 255 255 32 92 193 255 255 165 255
    255 255 8 60 255 140 255 46 225 179 255 255 255 38 255 183 175 255
    197 255 255 60 255 134 255 255 255 255 255 255 74 255 239 255 50 255
    255 44 92 146 255 245 255 217 213 255 255 255 255 81 100 255 95 255
    124 255 255 255 181 255 173 255 255 253 125 50 255 255 255 157 123
    255 255 255 237 229 255 255 22 255 209 255 36 255 255 99 255 255 255
    255 199 191 255 255 199 255 255 255 255 255 255 255 219 72 106 110
    255 255 255 255 255 255 28 140 100 24 255 255 255 255 255 252 255 4
    255 149 58 255 255 201 255 255 255 131 20 171 255 116 255 60 157 255
    255 229 4 255 132 40 255 255 70 255 142 130 255 255 255 4 78 255 135
    26 255 254 255 255 255 255 255 203 255 255 255 235 112 255 185 203
    36 255 255 99 165 255 109 104 255 46 195 86 235 187 255 255 116 42
    255 98 86 34 255 255 255 217 221 255 0 241 255 255 255 255 255 255
    52 233 126 255 249 134 145 255 255 16 229 161 255 255 24 143 159 195
    223 255 255 255 169 36 103 185 150 209 120 84 87 201 255 255 255 255
    255 239 2 246 30 255 255 255 82 255 255 16 221 255 255 181 14 255 74
    12 157 117 255 255 255 255 255 255 100 255 197 223 197 255 24 58 255
    102 255 221 255 165 255 255 255 255 225 255 255 255 50 255 255 255
    201 255 255 255 255 48 255 255 157 255 255 255 20 40 255 255 30 132
    255 241 255 117 157 255 255 211 100 32 98 221 255 118 54 52 74 255
    99 255 128 255 213 255 255 255 96 91 227 255 255 151 255 255 255 255
    255 255 255 18 255 255 255 38 193 211 255 255 255 227 183 70 255 74
    255 245 38 85 64 50 255 102 255 255 191 255 143 100 255 14 255 64
    255 118 255 81 255 60 87 255 34 87 255 185 219 205 255 64 231 64 248
    255 255 74 255 116 145 255 255 255 255 255 211 255 48 16 167 255 46
    255 255 181 185 255 121 255 255 255 255 88 255 255 175 119 255 255
    255 183 90 78 255 6 255 255 255 255 60 14 255 108 231 107 255 255
    255 255 255 255 255 255 38 255 255 255 22 112 0 179 255 244 8 255
    244 255 100 255 255 255 125 92 255 255 255 42 137 207 255 255 255 88
    46 255 40 255 207 255 18 28 255 255 249 255 255 122 126 255 255 235
    93 138 163 10 96 255 255 255 255 255 165 255 131 106 255 145 48 205
    78 179 2 248 114 191 66 255 146 10 193 78 22 120 255 93 213 189 151
    217 255 217 24 255 252 255 104 10 118 2 255 38 255 147 255 255 159
    255 255 255 255 82 139 255 116 115 255 255 6 255 255 255 255 201 189
    255 255 255 161 247 255 64 255 255 255 247 107 179 255 42 249 181
    255 255 255 255 120 255 255 255 2 255 255 8 24 94 219 255 175 136
    255 98 255 109 80 8 173 255 255 255 255 195 255 209 255 213 48 231
    255 255 255 255 253 255 255 22 255 255 96 255 255 255 138 255 255
    255 133 255 70 40 94 255 137 255 255 240 173 255 255 205 255 255 187
    54 117 147 255 255 255 126 121 255 255 14 255 255 255 255 163 255
    255 203 255 255 165 161 255 255 255 4 255 203 255 209 242 199 36 60
    255 44 255 179 255 255 255 231 252 124 255 255 255 255 157 255 128
    10 153 255 97 255 255 255 26 80 255 255 229 44 167 225 255 40 255
    255 255 255 255 235 255 255 205 74 255 255 255 177 255 58 255 255
    255 255 217 142 173 209 68 255 44 255 185 255 130 238 255 191 163
    205 195 255 255 197 173 255 255 254 122 255 167 140 110 103 26 255
    255 255 68 255 181 42 255 255 255 195 255 255 255 4 255 83 255 62
    255 241 163 255 134 157 255 255 231 255 255 255 255 255 255 26 255
    78 255 255 221 101 80 255 240 149 255 242 255 227 159 235 96 255 106
    255 159 233 255 255 151 255 255 52 96 255 255 255 219 46 96 193 2
    130 203 255 88 255 255 124 6 255 255 255 80 44 255 255 225 44 255
    255 255 255 128 240 255 30 62 48 255 58 108 132 205 247 255 255 255
    241 58 255 255 181 14 163 255 255 8 233 241 255 255 255 102 10 114
    179 123 104 42 255 4 179 255 207 255 255 80 255 255 155 255 255 255
    215 233 255 237 255 177 165 255 255 255 97 116 92 139 255 255 34 155
    255 255 241 153 255 142 211 111 42 150 255 255 255 4 255 102 173 255
    255 255 163 173 255 255 255 255 255 237 255 98 255 159 82 0 255 227
    124 83 255 255 255 187 255 233 147 255 255 255 247 44 42 142 255 255
    255 240 253 187 151 211 24 137 46 90 255 199 255 255 255 28 255 255
    185 91 155 132 255 221 155 250 255 112 255 227 255 255 12 255 244 64
    6 255 247 114 255 235 24 255 88 255 255 255 255 231 255 255 255 255
    255 255 30 255 255 255 84 213 169 255 255 255 249 24 138 10 255 255
    255 14 255 144 50 18 255 255 239 126 32 116 20 255 255 197 171 255
    255 255 255 86 255 255 255 255 255 183 255 100 255 123 255 24 76 177
    189 177 255 255 255 255 22 199 255 255 246 255 255 119 169 255 255
    255 255 255 165 227 227 255 255 107 255 18 255 229 255 46 187 187
    231 215 247 254 191 183 233 255 255 255 255 255 161 112 241 255 255
    104 255 50 255 255 161 255 133 50 255 255 185 28 56 110 255 255 255
    217 255 255 255 42 157 255 195 255 255 255 255 255 30 251 255 123 88
    255 151 255 255 62 114 255 113 255 213 197 255 255 255 255 255 95
    255 60 215 161 255 131 203 255 2 255 36 255 199 142 40 82 255 60 255
    217 99 28 88 254 171 255 12 199 255 191 255 146 87 48 253 255 132
    255 255 255 175 0 167 217 255 255 128 242 255 148 255 66 255 213 255
    255 46 255 255 105 255 255 255 197 173 123 255 255 255 183 4 255 233
    255 85 255 255 72 255 255 131 255 255 255 231 32 205 255 44 255 255
    118 255 24 255 255 255 74 255 24 255 97 225 215 255 52 255 255 90
    233 123 50 38 125 68 255 215 255 255 255 255 177 255 50 207 255 8
    241 255 0 64 141 255 88 255 255 255 255 18 108 255 255 255 238 255
    255 255 255 245 135 255 175 129 98 255 255 255 116 201 255 201 238
    58 255 191 255 64 255 255 255 125 255 255 139 231 50 255 255 255 211
    26 255 255 20 2 255 255 255 246 60 229 155 255 255 255 255 255 127
    20 255 85 255 90 203 231 255 255 16 255 255 255 255 60 255 173 131
    145 28 255 255 187 32 138 136 255 255 28 165 122 255 255 255 185 87
    255 255 255 128 255 191 171 46 131 145 255 6 239 255 255 255 199 99
    227 255 141 185 255 155 255 165 255 255 46 255 255 233 189 255 10
    233 255 110 227 255 255 60 255 255 255 26 140 50 255 255 255 255 32
    255 255 255 143 122 255 109 46 134 189 255 255 255 171 255 83 255
    255 79 249 255 255 255 255 81 183 205 255 255 255 255 255 255 255
    255 255 195 205 255 255 255 161 85 251 118 255 245 255 215 255 64
    255 62 255 255 255 68 50 58 102 129 255 197 101 255 255 95 237 94 99
    255 116 255 255 191 255 255 223 145 255 68 74 199 130 255 130 16 231
    255 255 215 203 72 12 255 100 255 255 24 255 255 255 255 255 124 255
    255 6 28 207 32 255 255 255 255 255 126 255 58 138 255 255 255 60
    255 213 111 197 255 255 255 4 240 255 255 201 255 48 48 46 255 129
    102 0 255 128 255 95 255 211 64 185 203 255 255 18 255 255 255 255
    255 255 215 255 159 193 255 255 91 221 255 111 191 82 185 14 255 217
    50 255 255 223 223 255 255 16 111 70 60 161 108 247 109 255 12 255
    255 70 255 255 16 141 255 138 159 235 221 255 255 60 255 255 255 255
    42 255 54 255 36 109 255 255 235 145 255 255 122 255 255 108 195 60
    173 255 255 255 110 255 175 255 99 255 255 255 163 104 217 243 255
    95 255 66 50 255 255 255 255 88 255 16 185 125 255 255 91 255 54 155
    255 247 0 255 255 255 245 255 255 153 187 151 255 229 255 147 68 246
    255 48 255 42 20 119 255 34 111 255 255 52 255 255 255 255 219 255
    134 255 238 54 255 85 255 187 223 199 36 255 255 144 255 255 255 221
    255 255 255 255 255 97 22 106 255 28 229 255 255 255 255 255 233 145
    151 255 209 187 78 255 255 255 255 255 215 105 255 255 113 255 153
    255 40 255 255 255 255 36 173 74 255 255 251 255 86 255 173 255 255
    255 58 255 255 80 255 255 255 255 179 90 203 255 255 255 175 14 52
    255 255 255 233 255 255 255 255 255 255 255 255 123 255 255 54 255
    14 255 255 255 74 255 255 255 255 255 50 255 126 255 255 255 173 255
    50 255 12 255 255 255 86 255 255 74 255 94 150 255 171 255 197 221
    255 255 171 36 173 255 4 255 255 255 237 255 106 255 255 126 62 118
    255 255 219 106 255 255 255 101 153 2 28 255 255 44 84 255 255 255
    255 14 213 255 252 255 255 255 255 255 255 255 60 248 255 165 231
    239 128 255 136 157 141 237 255 177 251 76 78 106 106 169 183 62 255
    255 52 30 255 142 255 78 255 255 255 159 255 227 255 255 181 76 242
    255 52 255 134 209 8 38 96 255 120 255 163 255 205 255 26 255 255 80
    247 135 255 20 161 96 100 72 255 255 255 112 30 119 255 255 129 52
    66 215 14 255 255 191 255 207 255 255 255 255 52 255 60 255 255 255
    169 255 255 255 255 255 94 255 255 70 255 255 255 255 223 255 255
    255 237 26 255 255 62 255 225 6 211 255 255 255 255 248 255 255 181
    255 185 255 147 255 161 255 161 34 255 255 93 20 209 255 26 255 255
    255 118 255 233 255 129 225 146 127 255 255 197 217 46 50 243 201
    237 96 102 255 255 52 233 255 199 255 255 243 119 106 255 131 255
    165 177 20 255 87 255 255 93 231 165 4 255 255 255 189 255 107 8 255
    255 223 148 255 60 255 255 255 140 221 207 34 28 28 4 187 255 243
    255 255 255 255 2 255 201 130 157 28 211 255 183 122 126 74 255 255
    229 255 161 255 255 255 199 255 197 255 2 255 255 255 114 201 255
    255 171 255 110 255 0 255 255 255 132 191 255 130 231 255 255 252
    255 120 255 173 255 255 255 255 133 165 255 12 255 159 93 231 159
    255 255 197 155 205 8 255 10 108 255 112 255 255 66 255 255 255 14
    161 155 255 40 255 255 89 245 114 255 255 78 255 255 197 79 255 255
    255 106 42 255 197 2 229 36 247 255 255 203 255 255 64 255 255 245
    62 255 255 255 255 255 50 253 255 255 255 124 103 18 255 38 185 255
    123 225 255 76 255 255 159 255 255 255 255 44 121 255 10 255 255 255
    42 255 255 14 62 255 255 98 70 79 255 82 255 255 255 197 217 255 105
    255 44 215 255 183 151 255 255 111 120 255 255 255 58 217 255 255
    129 193 255 54 255 104 127 237 86 255 255 24 72 255 223 255 30 255
    153 183 118 255 64 14 255 255 136 255 203 255 91 100 255 255 255 197
    255 229 255 255 255 84 139 255 46 255 38 231 255 177 237 255 255 52
    255 255 255 209 249 255 255 151 46 255 255 255 165 255 171 201 235 4
    169 187 36 255 169 255 56 255 255 255 138 255 58 255 175 127 94 60
    255 151 255 129 82 255 8 147 255 187 255 88 185 72 255 50 225 159
    115 255 255 255 255 255 255 255 110 255 255 255 246 233 221 255 189
    181 255 22 255 255 255 255 255 255 209 255 255 255 139 70 144 255
    116 255 58 173 215 255 255 255 34 10 255 255 120 255 109 76 255 199
    171 229 255 255 56 248 255 183 36 165 255 255 255 255 91 153 255 255
    215 255 255 110 255 255 255 68 66 255 56 255 255 167 255 255 255 255
    255 102 255 225 201 255 255 54 255 255 161 255 163 56 255 18 114 255
    70 255 175 255 80 127 231 255 255 255 114 105 30 118 255 255 255 79
    255 155 105 185 100 97 255 86 54 255 255 177 255 124 255 255 157 255
    255 255 177 255 255 252 42 169 255 255 255 99 255 217 72 233 191 255
    147 249 255 199 56 62 255 193 242 233 255 211 128 195 255 255 189
    255 4 255 223 255 171 153 209 255 255 255 90 6 54 255 161 84 255 255
    255 247 97 36 177 255 255 70 255 0 14 223 56 197 255 112 255 91 231
    255 255 255 255 252 245 255 50 0 46 255 255 255 255 255 58 255 201
    255 14 195 92 22 92 94 101 255 255 167 209 72 81 16 66 56 130 132
    255 255 233 255 155 0 255 20 255 255 255 255 255 255 255 255 255 255
    255 255 255 255 255 255 255 255 255 255 255 255 255 255 189 119 44
    255 38 22 144 141 255 144 255 134 207 159 255 255 255 245 255 255
    255 255 255 255 255 255 217 255 159 255 255 255 185 255 44 219 104
    255 255 255 255 255 124 255 249 153 173 255 255 20 40 255 255 78 255
    119 255 44 40 255 255 255 54 255 255 177 60 255 255 255 255 255 255
    255 104 255 175 227 255 255 249 255 183 149 255 255 255 183 255 169
    255 99 66 255 255 108 191 255 30 140 123 116 18 255 255 255 40 130
    34 14 255 231 255 90 223 205 231 255 215 255 96 255 245 74 255 118
    255 44 255 255 255 255 255 60 255 157 113 255 255 97 157 52 254 253
    126 255 255 255 207 86 255 95 173 78 167 44 84 153 255 255 48 159
    255 255 233 12 255 255 255 255 255 255 64 50 253 62 88 92 2 255 140
    255 136 255 246 255 255 255 255 94 109 70 4 203 72 255 252 255 255
    74 255 255 199 42 68 255 255 50 255 241 128 16 255 24 237 255 255
    255 255 146 255 142 255 201 255 255 129 80 153 211 185 217 169 255
    233 255 255 255 255 255 255 62 140 255 246 255 213 255 62 245 115 8
    255 193 255 255 221 255 255 127 255 255 255 255 209 255 255 72 255
    255 173 38 255 255 201 171 255 123 54 191 255 203 0 117 255 255 87
    255 255 38 255 22 255 255 144 255 209 255 246 255 102 255 255 255
    255 203 255 91 255 114 255 255 255 66 145 82 255 227 255 30 165 255
    255 26 255 103 255 181 255 209 255 189 255 255 255 255 66 255 253 50
    254 255 255 193 233 173 255 185 255 255 255 104 255 134 255 246 179
    255 255 255 255 255 8 255 119 189 74 255 203 215 10 102 255 255 54
    163 255 255 56 81 159 70 205 64 243 12 255 255 255 255 255 225 249
    136 255 6 78 255 255 255 133 98 110 99 191 255 215 255 227 255 255
    255 64 255 110 255 255 88 238 255 255 255 96 207 248 12 255 255 2
    229 255 255 255 255 255 255 255 86 112 255 54 255 255 255 255 255
    255 86 255 255 255 255 255 255 40 153 255 255 253 255 255 187 255
    255 46 62 255 255 181 46 30 153 2 255 255 255 255 233 101 209 255
    255 255 255 255 136 239 207 255 165 255 128 255 255 255 203 255 149
    122 217 28 175 255 255 144 121 255 255 255 68 255 250 62 197 101 62
    255 255 159 255 255 235 88 81 48 255 91 72 26 255 181 161 255 255
    255 255 203 153 181 255 255 255 255 255 64 255 177 255 50 255 237 66
    251 255 255 255 139 255 60 255 255 255 255 255 18 207 255 144 125
    255 255 101 167 82 255 255 235 115 235 14 255 255 255 52 76 187 255
    149 255 255 44 255 255 255 255 255 255 255 62 255 255 255 255 255
    255 28 255 255 64 255 119 255 24 22 255 255 193 255 255 42 255 255
    255 120 255 255 255 48 255 241 255 10 255 255 153 116 237 255 126 52
    255 251 48 255 255 255 255 52 185 213 225 114 255 92 255 185 237 255
    28 122 255 179 255 203 76 255 255 135 255 239 250 255 2 10 30 96 255
    255 221 255 255 44 159 255 255 22 124 255 58 84 132 255 249 26 125
    100 213 255 134 161 81 255 255 141 140 255 255 56 255 28 255 140 255
    241 213 255 255 255 255 255 209 133 255 14 255 255 205 28 255 215
    195 193 159 255 255 255 103 84 120 255 155 213 255 134 255 87 215
    255 255 132 255 255 60 255 255 255 255 255 6 255 255 255 36 255 255
    177 255 255 255 20 207 255 255 52 183 40 255 255 255 22 255 255 151
    255 238 255 255 4 255 255 255 255 255 157 255 255 255 10 128 255 8
    20 117 255 247 255 255 255 255 165 255 255 255 94 209 159 255 181
    249 255 255 235 183 255 255 255 255 44 96 135 255 203 255 255 255
    244 255 58 255 255 255 149 239 255 255 255 255 255 255 153 255 201 6
    177 237 255 40 138 255 255 215 177 167 255 255 159 219 132 255 54
    213 255 255 30 237 179 213 255 181 255 131 255 255 250 138 255 103
    28 255 255 171 148 255 20 66 255 255 86 199 169 255 48 255 44 255
    255 253 255 255 211 8 255 255 255 145 255 117 255 255 255 110 255
    255 255 189 255 255 255 135 255 132 255 52 255 255 122 243 255 255
    255 117 16 112 66 36 8 58 255 163 255 179 16 255 255 76 255 255 255
    255 255 255 238 24 118 255 255 255 255 255 2 89 215 50 255 167 153
    213 147 161 233 255 191 255 255 255 255 255 255 255 243 100 79 255
    132 238 217 150 175 199 10 161 255 255 215 118 18 199 28 96 255 191
    44 2 255 255 255 255 255 255 185 255 66 255 255 255 255 255 255 255
    44 185 255 221 255 92 46 93 98 36 255 255 12 255 72 255 227 255 197
    255 255 255 252 255 255 89 245 24 255 181 255 255 110 171 60 255 187
    229 255 30 40 255 255 56 255 52 105 255 255 0 2 155 255 153 255 240
    136 124 125 255 255 83 179 148 4 255 255 255 36 0 255 255 255 255
    255 181 255 66 255 255 255 195 255 255 68 115 255 255 87 191 255 255
    207 255 255 24 66 26 255 130 255 157 106 155 199 255 255 153 255 255
    189 161 191 151 255 123 255 255 255 255 255 48 251 211 255 255 4 255
    92 255 219 155 255 141 255 124 58 108 255 255 255 179 255 255 255
    255 173 175 78 255 4 255 151 80 141 138 255 161 70 255 26 255 16 8
    169 255 255 72 86 255 255 255 255 181 255 2 221 255 22 255 203 255
    255 255 255 249 255 62 74 169 85 165 32 255 18 255 255 36 255 137 82
    255 169 38 255 255 255 66 255 255 167 119 255 2 255 255 80 66 167 52
    179 255 223 255 142 52 255 255 221 255 80 217 255 255 255 255 82 255
    233 24 239 141 255 195 153 66 255 255 84 34 38 255 255 255 255 219 8
    255 167 211 255 20 255 255 253 255 213 46 157 14 255 255 84 255 244
    92 255 255 255 185 171 12 255 6 255 255 248 255 255 250 255 243 255
    92 255 255 255 199 255 90 126 165 255 255 255 241 173 141 255 255 56
    169 255 8 38 255 97 179 255 42 255 255 79 26 255 141 255 247 255 255
    255 255 255 185 163 221 255 255 134 255 255 78 255 24 255 255 58 26
    255 255 185 255 255 255 112 255 255 183 255 255 142 255 209 255 189
    255 241 255 189 2 255 255 134 255 80 229 255 153 34 237 80 255 255
    255 38 255 126 255 255 255 247 255 255 255 255 255 255 145 211 255
    119 255 255 131 223 173 255 255 201 255 255 14 255 136 255 255 255
    255 255 173 255 181 255 2 255 136 199 14 255 255 123 255 255 48 225
    24 255 134 255 177 255 255 187 181 255 255 70 78 255 68 255 233 255
    255 58 255 195 255 255 227 105 255 193 153 255 255 255 255 169 191
    255 255 14 183 185 215 255 251 42 14 157 175 255 255 255 94 229 255
    62 255 255 255 255 255 179 84 153 255 0 255 255 68 40 255 255 64 233
    34 139 90 40 58 255 255 227 255 255 255 153 255 255 70 255 255 78
    167 255 34 255 255 155 255 169 130 104 233 255 255 255 32 255 255
    237 255 255 255 219 223 255 148 255 255 255 175 78 255 255 255 78
    255 189 54 191 255 241 255 255 163 244 179 10 255 203 255 74 255 255
    78 255 255 255 255 255 255 60 255 255 159 255 79 66 118 42 253 255
    255 147 255 187 56 0 255 114 157 60 255 56 255 207 255 40 255 255
    255 255 130 193 255 48 28 94 215 255 255 243 255 255 255 161 255 255
    135 10 134 221 255 255 149 145 255 255 255 209 225 227 255 255 255
    22 255 100 255 177 255 255 255 255 18 72 255 255 255 255 44 240 177
    237 111 114 255 255 24 255 193 235 255 255 86 255 248 106 16 240 249
    2 60 255 255 255 255 88 177 255 243 193 205 104 255 255 150 209 255
    255 255 88 255 24 255 255 246 151 30 255 255 173 255 255 255 255 191
    12 255 255 255 60 149 255 117 255 82 255 255 255 255 255 36 151 46
    94 189 255 255 255 183 191 255 255 173 223 255 255 187 255 165 255
    255 22 26 36 132 48 255 255 0 255 231 255 255 249 22 32 255 255 189
    255 181 227 255 255 255 181 62 235 255 139 128 255 255 22 163 255 84
    255 135 34 70 109 255 255 255 179 161 255 155 231 119 255 112 211
    231 247 255 255 88 255 255 255 87 82 255 56 255 12 255 14 255 255
    165 255 255 100 255 255 20 255 255 255 74 255 104 255 197 94 255 133
    255 0 255 255 255 97 255 255 0 255 255 225 209 108 131 255 255 246
    255 255 79 102 255 105 114 255 255 36 203 115 255 10 255 255 12 60
    134 165 209 255 148 79 255 255 28 255 60 255 255 0 48 227 185 255
    255 2 255 217 255 167 255 255 169 211 191 255 255 255 157 54 255 255
    114 255 255 80 255 42 237 201 229 241 255 255 255 229 97 110 255 255
    255 82 107 225 78 113 255 44 255 255 255 109 62 70 255 255 8 255 255
    241 64 255 52 187 42 6 255 255 245 255 231 255 255 255 233 244 255
    255 255 38 255 255 255 255 169 106 255 24 255 130 255 255 205 255
    225 255 233 175 34 78 219 255 74 255 187 131 255 211 113 255 52 231
    122 155 255 255 255 105 110 255 255 124 255 135 255 255 199 132 12
    40 255 255 255 126 255 115 255 255 101 255 134 255 20 70 83 255 203
    18 255 255 255 90 255 109 88 255 255 201 239 213 255 255 179 255 217
    68 64 255 255 239 80 255 255 255 93 213 255 167 235 255 129 255 255
    255 44 255 255 255 255 127 10 255 255 122 255 255 76 255 255 255 150
    139 255 255 24 227 255 255 255 167 255 255 50 255 98 134 255 255 44
    255 255 155 127 255 98 165 255 76 255 18 60 252 255 255 10 255 255
    255 255 255 255 157 255 255 66 255 255 251 255 93 255 255 255 18 4
    255 18 255 255 142 255 8 255 100 255 62 195 255 185 255 255 255 255
    255 36 255 54 128 161 255 132 255 255 159 130 205 255 255 255 88 132
    255 255 241 255 255 255 255 42 255 6 34 128 28 255 255 89 72 255 20
    76 255 255 255 118 255 128 255 46 243 255 255 255 255 215 255 255
    197 171 255 255 70 144 74 142 136 255 62 255 121 255 94 235 255 255
    255 255 255 183 40 211 255 86 255 255 255 191 252 255 128 171 142
    255 76 255 255 255 255 237 81 255 255 255 189 165 255 255 157 87 145
    2 36 255 255 14 255 255 46 72 255 153 255 255 207 213 132 254 8 255
    255 255 104 244 255 98 244 36 128 93 255 114 201 255 255 20 255 255
    255 181 167 255 255 255 255 38 255 255 255 255 255 255 255 255 163
    50 255 106 255 30 177 14 255 163 102 255 255 255 231 255 255 255 167
    255 193 195 132 255 255 255 147 128 60 125 191 193 255 255 255 221
    255 70 141 255 255 139 245 64 93 157 255 255 8 255 255 140 255 255
    255 255 44 255 84 255 255 6 203 255 46 22 205 255 97 74 255 255 255
    42 177 255 153 255 255 255 255 255 44 255 122 255 255 255 159 255
    255 40 255 255 187 255 14 255 83 255 167 32 22 255 255 46 255 255
    255 237 255 237 243 255 122 255 22 8 255 203 102 255 161 255 255 255
    255 255 89 223 255 233 255 255 255 255 183 217 255 255 252 255 255
    83 191 255 255 255 255 83 255 90 255 255 255 255 255 76 4 255 255
    255 255 80 255 140 255 255 255 30 255 255 255 153 251 112 240 100 28
    4 255 70 255 217 255 89 255 255 16 120 255 255 255 185 30 130 58 205
    255 255 52 120 255 223 153 255 255 187 38 255 255 132 205 110 44 6
    255 239 231 195 255 223 255 199 255 255 255 44 22 255 79 255 255 103
    74 255 255 64 255 127 255 116 255 140 255 255 52 18 255 70 18 219
    147 255 255 255 134 117 255 124 255 46 40 30 255 243 255 255 255 2
    56 239 205 229 20 255 255 255 252 183 6 187 255 255 254 213 255 179
    255 52 255 98 34 255 255 128 255 255 255 255 189 197 181 122 255 227
    215 255 18 255 255 255 229 112 255 255 203 46 255 116 255 255 209
    255 255 169 52 255 255 26 255 255 97 185 70 167 100 58 191 255 255
    255 255 255 199 120 255 81 255 34 105 255 255 14 255 255 255 255 40
    139 255 255 22 140 153 255 30 120 221 223 255 24 239 255 113 255 255
    235 130 255 255 255 255 255 255 126 255 12 255 30 30 128 255 96 50
    177 255 58 255 255 255 78 155 255 97 255 100 58 142 255 219 255 255
    255 255 44 255 239 255 242 255 255 14 255 255 40 255 134 242 255 189
    255 255 255 167 26 255 255 153 62 255 255 148 87 165 255 145 255 223
    107 255 255 42 255 8 255 32 118 254 102 255 66 255 88 89 110 245 213
    255 255 173 255 255 254 255 231 255 255 177 36 255 255 221 221 255
    149 255 157 252 72 255 40 255 255 255 255 255 255 4 255 255 185 130
    199 213 255 244 255 255 127 211 255 8 255 66 141 72 203 227 203 80
    34 215 120 255 38 18 62 255 255 255 167 70 48 255 128 18 112 255 219
    34 255 255 255 255 255 114 255 115 255 148 255 255 38 246 149 118
    113 62 189 255 255 50 139 255 199 119 211 255 207 255 78 255 30 255
    255 255 255 161 193 255 255 245 132 255 157 255 255 255 14 255 255
    255 195 134 255 255 255 6 248 185 255 255 225 52 4 255 132 26 165
    157 255 116 255 255 255 0 255 255 16 255 255 163 85 241 255 255 255
    255 255 255 255 255 173 255 117 255 255 255 255 255 20 255 255 125
    94 38 255 255 199 255 163 255 16 120 249 255 255 255 255 106 106 42
    255 255 205 255 255 255 255 227 255 185 58 101 255 255 34 157 255
    231 255 148 255 48 255 101 6 255 255 255 130 16 255 221 125 255 255
    255 255 34 255 255 255 255 255 114 113 255 255 255 46 181 255 255
    255 255 255 255 127 255 28 109 255 247 255 255 249 183 255 235 255
    255 255 10 255 126 231 255 177 255 46 255 255 14 136 181 185 255 255
    94 84 255 255 199 255 255 255 203 138 255 227 255 255 70 66 22 215
    245 195 255 46 209 255 66 175 72 68 177 18 255 155 255 26 203 141
    255 255 185 255 237 255 175 255 2 120 255 255 255 120 255 255 60 10
    134 255 185 255 211 255 255 255 12 4 255 255 255 255 255 255 207 255
    82 179 237 251 146 248 255 217 70 255 255 255 255 201 244 255 255
    255 219 54 231 104 40 62 255 78 111 213 86 255 205 50 93 80 142 219
    213 211 255 175 124 177 255 255 255 207 132 173 231 255 255 233 169
    255 173 150 121 255 78 255 225 18 123 255 255 255 187 140 16 255 255
    78 10 243 105 12 255 129 255 255 255 116 255 255 255 255 255 255 84
    255 159 255 179 255 255 255 68 126 76 255 255 131 140 173 250 255
    245 133 88 255 255 126 90 255 215 237 255 199 255 238 255 112 255
    255 255 151 136 255 14 20 255 40 255 255 95 255 146 197 80 58 255
    255 110 255 255 54 121 255 86 255 255 225 181 255 255 109 245 165
    255 46 60 255 255 58 237 255 255 255 193 255 18 255 102 255 255 122
    255 255 255 255 255 199 255 165 146 46 255 24 255 96 76 255 229 24
    255 255 185 255 255 255 30 64 213 255 0 171 221 255 165 255 255 0
    255 207 201 81 46 255 171 255 92 238 80 255 213 255 207 255 255 249
    244 255 255 79 183 215 141 171 255 255 151 255 34 34 199 215 128 255
    255 255 177 205 171 255 255 255 255 125 175 40 193 147 255 91 255
    255 255 255 54 255 2 165 109 104 237 255 255 211 255 255 157 153 255
    211 135 255 50 255 177 255 255 255 207 255 219 185 133 66 255 72 255
    96 64 219 30 255 128 30 255 171 255 211 255 8 255 30 58 167 163 255
    255 167 255 246 70 255 255 243 255 255 201 255 99 108 255 255 130
    255 207 255 255 157 255 108 252 255 255 255 225 255 123 255 193 87
    173 153 255 255 255 81 54 150 135 255 124 195 255 215 169 18 64 8 64
    195 255 255 255 113 251 255 4 255 255 255 255 255 32 58 255 255 155
    255 255 255 255 255 255 142 56 42 48 139 255 255 255 255 255 223 255
    255 254 255 62 151 70 255 255 255 215 175 255 171 255 48 16 255 16
    209 255 255 255 244 74 56 107 130 20 85 255 255 101 58 255 255 90
    255 254 255 88 255 255 255 235 255 255 255 255 255 255 255 219 97
    179 255 203 255 8 255 185 213 211 68 62 255 82 255 255 255 255 255
    255 255 255 110 255 107 215 255 255 205 44 99 92 90 255 255 227 255
    20 126 255 255 231 115 94 255 79 181 237 255 255 255 255 255 48 153
    255 112 255 153 255 255 231 181 255 46 44 227 255 92 255 235 255 183
    219 255 255 255 60 125 255 255 255 32 177 255 255 255 255 225 255 16
    181 255 111 255 38 193 255 255 125 243 155 255 255 255 205 255 255
    151 205 253 255 255 60 255 36 197 221 136 58 255 255 255 12 187 255
    68 78 255 255 66 255 255 255 66 255 140 255 255 155 255 54 255 150
    255 20 255 255 255 255 89 255 159 255 255 255 255 207 255 255 100
    255 255 255 255 255 255 40 255 24 255 255 255 255 255 138 255 255
    255 255 64 255 197 151 62 120 255 255 64 24 149 255 121 155 209 81
    30 58 153 255 50 117 48 255 255 96 50 255 255 142 255 255 255 117
    147 255 255 255 132 201 255 98 4 120 80 255 70 94 255 78 255 85 114
    16 60 255 108 255 255 255 255 229 173 169 255 255 0 245 255 255 82
    227 255 255 140 255 255 255 255 231 82 255 255 255 255 4 66 6 255
    255 255 126 126 255 255 189 255 255 163 255 255 171 255 229 56 211
    64 100 255 255 255 83 255 52 255 255 255 255 255 255 255 255 144 255
    255 255 161 255 179 159 56 157 211 255 201 255 84 255 252 255 255
    105 255 255 255 102 255 255 46 102 143 167 255 255 151 255 66 251
    255 255 187 22 64 255 255 255 255 24 255 106 255 137 211 98 255 255
    138 255 255 255 137 106 255 255 120 207 255 255 126 207 255 203 255
    255 255 255 195 255 255 255 56 255 237 233 56 207 255 123 185 255
    255 255 142 255 157 181 255 62 52 199 159 255 123 255 102 255 255
    108 255 90 255 255 157 255 195 163 219 255 255 255 255 94 255 255
    255 255 255 255 255 255 255 6 85 255 255 171 255 171 151 80 201 207
    255 175 127 255 249 255 30 80 255 142 255 231 255 255 62 169 255 217
    255 157 255 255 231 255 64 44 255 10 255 215 32 126 203 255 18 255
    255 108 169 255 255 255 118 255 255 255 94 255 255 255 250 155 255
    34 255 255 22 116 255 97 255 108 255 255 191 255 255 104 255 8 255
    255 189 163 255 255 255 107 6 34 255 255 10 6 255 197 255 126 211
    209 16 255 40 235 255 30 96 255 197 255 112 255 255 86 30 219 197 42
    76 255 189 223 255 255 255 56 255 195 255 255 255 72 248 255 255 185
    104 146 255 255 255 255 255 155 123 255 255 255 255 255 255 132 255
    193 255 241 255 122 34 95 255 255 56 255 255 255 255 255 255 255 102
    255 255 255 255 255 76 255 159 255 113 157 74 255 10 26 68 255 46
    133 38 255 83 255 235 255 88 199 255 56 255 203 104 86 181 255 104
    255 255 255 244 255 255 209 163 255 255 255 255 244 255 255 255 54
    98 173 249 167 255 255 255 191 207 255 255 255 50 22 169 181 255 187
    255 255 255 100 255 36 165 255 30 38 255 255 177 8 189 108 235 255
    255 255 255 255 133 255 233 255 255 225 171 84 255 255 255 255 22
    130 255 72 255 255 255 22 219 24 128 255 255 255 205 255 163 255 255
    255 157 12 255 211 0 255 255 89 255 86 78 197 116 255 255 255 133 56
    104 255 255 96 26 110 255 255 10 70 255 255 255 255 56 255 255 189
    255 227 255 124 135 255 255 255 181 225 255 255 10 255 255 255 255
    255 195 255 177 255 255 255 255 229 255 255 179 255 110 121 255 255
    81 255 255 215 255 138 24 90 255 173 114 26 195 255 245 255 136 255
    103 56 255 255 193 255 28 14 177 105 56 255 255 46 118 255 255 26
    225 126 155 169 255 255 255 173 255 44 255 86 255 22 255 0 255 255
    255 130 58 79 173 255 213 255 255 252 120 253 133 2 255 255 171 255
    255 255 167 255 231 255 255 20 255 255 88 255 255 199 255 193 255
    134 255 26 227 255 255 255 135 142 255 255 173 223 255 205 255 255
    241 120 62 255 126 255 255 255 255 243 191 255 58 255 8 42 155 195
    203 237 213 153 157 255 82 255 255 78 255 255 76 255 255 96 255 197
    255 255 79 255 211 255 233 255 255 4 201 255 255 82 169 169 68 255
    187 227 99 255 235 255 223 40 255 255 80 255 102 255 255 255 197 255
    255 255 231 96 255 38 124 255 255 255 169 255 255 48 255 255 148 255
    191 48 83 84 38 255 221 255 12 201 255 231 255 255 76 229 255 10 163
    199 56 255 255 255 86 173 66 255 255 221 255 90 111 48 52 225 255
    102 255 255 70 255 255 38 255 255 197 175 255 255 255 136 255 165
    255 219 255 255 76 101 24 22 255 255 0 50 181 255 255 255 64 255 187
    255 121 255 255 2 255 116 255 255 165 255 177 255 255 255 255 255
    237 205 255 34 255 231 255 255 255 255 255 255 255 241 255 249 98
    255 20 159 171 237 142 221 84 255 185 255 255 225 90 255 255 179 116
    248 255 175 255 255 215 22 54 255 255 255 255 255 217 40 149 255 8
    255 255 255 129 24 213 209 24 255 255 255 112 254 255 215 255 255
    255 255 255 239 137 26 78 46 255 219 255 255 64 155 255 255 255 255
    255 135 255 243 255 74 150 161 138 42 133 24 104 225 255 255 255 255
    22 250 255 255 255 255 203 255 255 221 95 90 78 255 255 98 117 233
    249 255 255 255 255 255 255 255 102 0 255 255 255 246 140 255 215 74
    255 255 255 255 99 255 255 221 255 128 163 255 189 89 255 68 255 255
    38 227 88 255 255 255 255 42 255 191 255 126 255 0 173 255 68 6 215
    255 255 219 255 255 205 68 255 0 181 205 68 56 255 255 72 255 255
    255 223 255 255 2 243 246 74 255 149 255 255 70 26 255 2 249 255 255
    82 215 255 149 68 255 179 255 215 255 255 255 255 44 105 86 255 2
    255 136 78 12 146 255 106 165 191 88 88 255 255 88 117 56 159 255
    255 219 52 74 231 255 38 255 255 255 243 107 80 221 215 255 70 119
    255 243 255 165 255 78 140 255 255 255 255 54 187 209 22 46 255 70
    211 98 255 96 255 147 102 34 179 255 255 255 66 255 183 44 255 255
    120 72 50 255 255 255 201 255 255 255 72 97 124 112 255 255 12 255
    179 255 254 255 255 255 255 255 175 255 255 240 255 94 255 251 169
    255 255 255 30 255 255 255 255 18 153 255 255 235 255 221 255 255
    255 255 255 116 255 255 132 235 255 122 255 128 255 72 193 175 255
    255 255 139 255 255 255 255 253 56 217 70 255 255 42 255 255 20 165
    179 102 81 255 150 255 255 255 95 155 155 255 197 229 255 251 132
    255 201 255 8 255 255 16 48 255 109 255 179 255 255 255 52 255 173
    87 255 110 255 255 6 213 255 255 255 219 255 229 255 104 255 255 255
    255 255 64 199 60 74 169 255 40 255 80 255 255 255 155 4 253 42 255
    64 155 139 217 237 221 255 130 255 255 255 237 255 255 44 255 255
    149 2 104 54 92 66 255 255 191 101 255 255 14 255 255 255 255 255 74
    68 255 255 255 159 72 255 255 181 255 247 133 245 255 217 255 221 36
    255 255 74 255 155 44 251 223 213 255 122 181 255 167 255 255 84 255
    255 255 207 22 8 215 255 255 255 0 20 28 255 255 255 120 255 255 8
    64 30 255 255 255 255 255 42 72 34 34 74 255 233 151 114 217 153 255
    255 70 219 121 163 215 72 255 255 231 217 211 219 10 28 255 255 255
    255 255 255 255 255 255 165 60 124 153 225 150 4 217 255 255 255 237
    255 255 255 119 255 255 76 255 255 54 255 255 250 255 255 187 165
    255 255 221 255 255 255 255 149 100 255 255 36 255 242 255 255 24
    255 18 255 233 175 91 209 130 203 255 255 255 255 157 205 255 62 38
    255 255 255 60 98 255 211 255 255 16 255 255 255 255 93 247 255 255
    255 64 121 255 255 48 106 134 255 179 148 227 255 255 255 98 255 4
    255 229 255 255 205 255 255 255 255 255 255 255 255 211 145 126 255
    255 255 12 255 255 255 117 106 159 255 104 185 255 145 80 255 18 110
    242 219 167 191 126 255 255 185 161 18 72 128 91 50 255 255 255 255
    255 66 142 193 217 255 36 239 136 255 16 183 40 193 255 227 255 163
    255 255 255 40 255 74 255 18 255 66 6 249 93 10 223 255 255 60 83
    255 255 255 74 255 255 255 255 255 142 255 255 195 229 255 255 255
    255 145 255 255 247 116 255 18 255 203 255 96 219 255 197 147 167
    231 30 106 255 255 255 58 255 255 255 32 183 255 255 223 16 149 46
    40 255 255 193 219 255 80 255 88 255 255 237 255 255 116 245 137 255
    195 70 28 48 38 195 237 255 255 255 83 70 114 34 255 50 255 255 255
    255 16 169 213 128 255 255 90 255 121 255 169 123 255 181 159 255
    255 255 147 157 255 255 163 217 171 18 91 165 255 255 171 34 255 108
    255 255 255 255 147 134 205 255 4 255 255 199 255 183 255 70 255 255
    255 255 255 255 50 255 255 171 255 112 255 56 225 255 12 237 255 255
    255 66 255 255 46 255 255 255 255 18 255 255 255 191 116 255 141 255
    138 255 163 209 36 225 255 79 255 255 87 255 130 157 255 14 255 255
    80 255 255 255 255 255 255 255 255 255 255 108 255 255 181 102 255
    251 146 255 255 255 255 255 255 68 229 16 111 8 255 145 203 247 28
    255 100 255 255 50 197 255 56 209 126 40 111 255 60 255 231 255 149
    157 255 161 171 255 255 255 255 255 213 2 161 16 255 255 255 159 163
    167 231 255 255 102 18 255 134 36 32 42 254 78 126 30 255 255 255
    255 255 60 255 28 26 60 90 255 255 201 255 30 255 255 255 255 255 30
    255 255 18 255 193 255 255 255 157 211 255 255 108 6 255 255 255 255
    237 209 255 255 109 155 159 127 255 24 255 64 94 99 189 255 201 255
    255 255 255 26 255 255 16 227 142 255 255 189 255 133 255 255 255
    255 255 58 255 255 255 255 255 255 255 70 237 62 255 255 209 209 167
    48 199 123 86 255 99 255 255 255 255 235 157 132 203 238 255 255 87
    80 229 129 255 243 255 255 48 121 247 26 255 145 255 79 102 255 169
    36 110 229 255 255 255 169 163 255 255 136 62 255 255 255 255 255
    255 255 255 227 205 255 89 54 255 255 118 42 255 161 255 255 48 10
    255 255 255 54 92 255 255 235 24 211 235 68 255 2 255 255 62 88 137
    255 243 255 255 120 255 255 193 95 46 255 233 34 124 223 255 255 169
    255 255 225 104 255 255 243 255 193 201 255 135 20 122 201 227 195
    147 255 255 255 255 255 255 255 255 4 255 255 30 116 255 242 255 255
    74 255 255 231 18 68 255 255 255 255 255 255 255 255 255 255 197 44
    167 70 255 255 26 96 255 255 255 255 255 255 14 255 255 70 177 255
    255 255 255 255 255 255 219 255 255 147 40 78 6 34 255 68 255 80 255
    189 50 240 255 44 255 255 255 255 8 255 255 6 255 171 255 255 255
    255 255 255 255 26 40 255 241 255 221 255 133 54 96 255 255 221 62
    163 255 255 255 255 95 217 128 255 205 70 255 255 146 255 120 82 4
    195 255 223 102 255 167 255 66 255 193 165 255 255 60 255 171 255 16
    12 8 255 255 255 30 255 255 141 255 255 169 255 179 64 209 255 255
    255 255 255 0 255 255 255 66 193 255 255 255 255 76 237 255 161 255
    203 10 255 130 255 255 255 255 91 255 68 255 255 255 223 251 255 125
    255 209 238 255 255 255 38 54 255 20 26 255 255 255 14 68 255 169
    255 227 163 46 255 240 255 255 255 255 213 147 255 255 237 10 96 255
    255 255 255 255 20 255 86 255 255 255 50 74 245 76 83 94 255 255 255
    255 119 241 46 255 247 255 213 255 199 111 255 195 255 255 255 255
    217 58 255 255 102 95 159 255 255 217 255 255 145 74 255 167 90 225
    233 80 255 255 255 189 255 255 255 255 239 255 255 255 254 147 255
    255 255 50 52 255 116 255 165 255 255 50 54 255 145 76 255 54 255
    137 98 48 76 255 80 255 255 100 213 221 201 87 255 255 85 255 255
    119 255 157 6 76 245 238 14 255 255 255 255 211 2 255 255 255 120
    255 155 255 76 255 140 173 157 219 255 86 2 255 26 227 155 255 255
    255 40 40 255 255 245 255 255 255 255 255 124 255 76 2 255 255 255
    255 255 255 26 255 16 30 201 128 123 80 134 255 255 217 255 64 255
    219 98 255 255 255 118 147 255 235 183 199 227 255 255 255 255 255
    120 139 255 255 85 185 255 76 76 255 38 211 255 255 205 255 255 243
    255 255 255 100 231 255 255 8 209 161 203 229 116 255 46 255 255 255
    58 255 46 255 119 255 255 255 211 195 175 26 38 10 52 36 12 241 255
    240 255 255 203 66 197 255 255 255 255 255 42 101 104 255 255 98 255
    203 132 255 255 255 255 225 185 60 20 130 153 97 2 247 16 114 255
    135 255 255 70 219 32 255 209 255 87 92 255 68 255 16 238 255 255
    255 255 6 48 255 22 255 118 255 255 255 255 255 253 255 113 255 255
    255 163 16 255 255 118 255 28 136 18 138 255 255 227 104 255 255 255
    240 38 255 255 80 255 255 163 255 6 161 255 187 38 255 255 245 245
    143 0 255 255 255 24 255 255 108 159 78 191 163 255 70 255 203 205
    255 255 88 6 44 165 255 20 60 255 138 209 255 255 255 163 255 245
    255 255 187 255 255 122 255 255 130 121 20 255 255 255 38 255 255
    245 255 255 255 255 255 153 34 255 148 233 255 255 255 255 46 255
    255 205 167 28 255 6 255 255 42 255 255 147 255 255 255 255 163 255
    255 50 163 255 255 255 167 255 255 155 255 255 255 255 113 255 255
    255 255 138 255 134 255 255 255 255 179 90 255 231 255 193 233 193
    165 91 219 255 255 56 255 223 199 161 231 255 8 169 241 255 255 255
    255 255 255 84 147 149 169 185 185 132 255 191 211 255 80 181 255 18
    255 177 217 255 147 161 255 78 217 255 255 255 30 255 34 255 34 221
    255 255 255 255 255 255 255 255 8 255 175 255 255 135 46 255 195 157
    14 255 255 255 255 255 191 255 255 255 238 235 255 255 209 255 91
    255 255 10 255 255 255 255 24 209 90 10 72 32 255 255 179 255 193
    255 90 255 183 255 153 255 34 255 255 255 255 255 255 252 255 255
    255 12 237 255 255 116 255 215 255 26 96 255 70 245 217 4 255 255
    255 255 245 141 255 140 255 255 193 18 175 28 255 255 255 58 42 90
    255 102 255 107 253 255 255 205 255 248 78 255 113 40 165 54 92 108
    255 255 80 93 56 74 255 62 255 175 255 42 255 40 255 240 82 255 221
    130 247 255 255 197 255 255 255 255 128 255 233 255 255 255 255 50
    246 255 255 255 255 239 254 255 213 135 12 253 60 245 255 255 255
    255 229 26 255 113 30 255 255 243 255 255 255 209 255 255 84 143 255
    36 255 255 255 103 110 255 28 255 255 91 197 122 255 6 255 255 163 0
    199 173 50 255 118 68 161 161 60 76 255 0 191 255 255 238 255 92 255
    255 126 161 92 144 113 255 255 235 132 167 255 255 114 255 255 223
    183 255 255 10 255 237 85 153 253 255 255 185 42 213 255 143 78 255
    255 10 255 255 255 255 30 165 255 8 255 28 173 22 72 217 255 217 255
    169 255 255 255 223 255 151 255 163 247 255 255 157 231 215 149 255
    227 120 255 255 255 16 255 255 100 171 130 255 246 255 88 255 255
    255 255 34 24 76 66 197 255 100 165 255 0 255 255 255 255 255 80 225
    165 255 255 255 255 106 97 255 157 255 255 255 255 66 138 18 46 38
    255 142 82 255 112 0 72 2 255 70 207 76 255 255 140 18 255 211 179
    255 20 255 255 255 121 255 227 189 56 255 135 22 251 177 157 255 255
    14 183 255 8 189 255 209 255 60 24 255 255 255 239 255 255 255 255
    231 255 255 4 255 103 255 255 255 161 155 0 255 255 161 249 88 255
    255 118 255 255 189 255 255 203 237 201 255 255 255 8 171 255 231
    147 130 255 255 92 203 105 66 146 0 26 110 255 96 255 46 189 108 141
    46 255 135 2 255 195 255 245 255 255 96 255 255 255 12 46 197 215
    255 124 255 255 80 255 126 124 255 78 112 153 255 255 255 167 167
    255 255 120 185 175 255 163 255 142 255 201 255 48 255 251 30 112
    255 91 255 255 179 229 255 38 255 36 255 255 255 255 255 165 238 255
    28 115 255 255 255 40 223 123 72 255 255 255 38 50 255 130 255 255
    255 191 255 195 255 38 255 121 255 169 255 241 255 255 24 255 255
    255 201 215 255 255 255 169 255 255 60 36 40 132 255 255 255 255 72
    223 201 255 183 255 255 159 255 255 255 255 255 26 247 83 102 116
    221 122 82 255 255 155 62 26 120 255 96 255 149 255 255 34 44 18 255
    227 255 255 96 150 255 255 255 87 191 98 255 255 40 255 195 171 255
    255 255 183 255 255 181 255 255 147 227 255 255 255 181 255 255 24
    255 233 255 238 189 255 252 243 173 255 255 255 255 76 253 64 201
    203 255 255 52 255 179 82 255 255 255 153 255 255 255 255 255 255 12
    255 6 104 76 255 255 255 66 255 255 255 255 52 145 0 243 81 255 255
    255 155 255 255 225 98 237 183 159 255 255 255 255 90 150 195 255
    126 177 255 28 161 255 255 143 255 130 255 48 68 255 187 110 255 255
    90 42 255 255 229 255 76 255 187 255 255 255 163 255 191 255 205 255
    255 227 221 211 163 255 245 255 56 243 255 255 98 81 255 255 70 255
    255 255 255 72 109 205 255 255 255 255 255 255 255 254 94 231 101 24
    255 255 255 255 255 255 94 32 255 96 255 255 108 2 12 255 129 78 255
    255 28 124 151 157 32 255 255 94 255 82 48 199 128 255 255 177 255
    255 28 255 26 235 255 183 253 38 255 255 219 101 255 150 81 193 255
    250 239 255 175 8 94 255 213 52 255 233 229 255 255 255 255 255 255
    255 249 255 255 255 255 255 255 255 255 30 42 255 255 255 255 255
    255 255 237 255 255 223 140 255 255 211 255 237 255 255 255 211 111
    183 255 117 159 189 255 191 114 97 255 128 199 0 255 36 18 60 143
    255 173 229 30 26 119 106 239 255 255 247 255 255 255 255 151 255
    255 255 255 255 145 255 231 255 255 6 62 215 255 2 255 143 96 223
    201 255 146 255 118 247 255 255 112 255 255 255 255 221 255 0 255
    255 211 209 255 169 219 255 78 255 255 255 38 229 255 6 22 155 255
    94 78 201 92 26 251 255 175 32 217 255 76 255 255 215 122 255 20 80
    255 175 221 197 18 90 255 44 255 255 255 255 109 255 255 153 255 26
    255 151 62 255 255 255 127 239 255 209 255 138 229 255 54 255 173
    161 255 255 255 255 201 255 255 132 255 255 16 255 255 189 255 83 68
    255 169 86 255 255 213 255 113 255 255 255 98 255 149 120 247 207
    255 255 240 255 255 255 231 221 217 126 10 255 255 36 255 185 177
    255 255 255 97 255 255 209 255 118 255 255 30 219 191 175 255 255 14
    255 255 255 95 126 255 255 255 34 255 80 150 246 189 255 255 241 255
    252 163 255 246 132 255 149 255 255 255 84 255 252 255 255 255 255
    255 255 255 255 227 255 255 87 44 14 217 255 207 255 255 183 255 58
    255 255 36 255 139 255 153 255 255 179 255 52 255 255 255 255 4 102
    80 255 217 255 105 251 255 255 211 255 179 54 84 255 255 104 255 255
    255 255 255 114 211 255 255 141 255 157 203 84 255 123 4 136 255 38
    255 64 255 54 255 255 255 213 255 191 255 255 255 103 255 255 255
    255 239 32 255 56 255 255 8 255 255 22 255 255 255 103 255 24 133 52
    14 255 255 132 20 255 255 255 255 255 46 255 215 52 255 108 195 16
    255 255 10 255 113 255 4 113 255 255 255 255 144 191 255 255 255 12
    255 255 223 255 177 255 255 255 20 82 255 255 255 255 253 255 255
    255 255 255 167 18 44 255 165 255 18 130 255 191 195 22 82 106 255
    171 255 40 255 255 244 138 255 255 255 96 105 255 255 40 243 221 255
    130 255 209 255 120 255 149 255 127 235 116 255 255 20 30 225 255
    255 255 255 151 94 255 255 255 120 151 255 255 255 70 255 255 255
    255 107 255 120 255 255 14 255 255 255 255 255 255 255 36 14 255 76
    74 255 74 88 83 203 255 255 255 255 255 255 255 221 6 255 255 86 102
    143 98 255 145 255 255 221 255 30 231 255 116 255 255 255 101 255
    255 255 255 20 255 255 189 255 38 54 255 255 255 225 255 30 87 237
    108 221 255 48 255 255 255 255 28 217 255 255 255 203 255 241 151
    140 48 227 82 255 255 114 255 187 255 255 255 72 255 68 255 255 255
    255 153 44 195 255 149 255 255 255 38 122 255 255 255 223 130 255
    255 255 26 211 255 179 185 255 56 255 255 251 101 255 255 205 217
    255 238 255 227 181 255 255 97 255 255 255 92 255 167 255 255 179
    255 255 255 86 255 181 134 116 255 255 150 255 116 255 221 255 255
    28 62 50 248 157 255 255 255 255 255 255 155 255 167 255 201 155 255
    233 54 161 255 255 90 117 255 255 107 255 255 255 255 64 255 255 255
    183 6 255 161 255 82 217 255 106 255 225 138 18 189 191 145 255 187
    255 255 138 255 140 255 89 255 68 255 56 4 105 203 173 255 255 8 255
    189 255 254 42 169 255 255 255 255 255 255 255 255 255 28 227 255
    242 255 185 185 183 138 89 255 255 255 255 255 255 42 171 255 255
    255 66 124 255 255 255 255 255 231 255 255 151 118 252 161 255 255
    56 245 255 203 179 255 255 255 255 96 255 255 255 148 16 104 32 246
    255 255 76 255 199 217 253 255 209 255 201 95 255 255 64 255 255 255
    2 255 255 138 50 111 255 161 187 255 255 85 68 255 127 255 18 181
    255 255 255 211 193 255 84 70 255 50 255 58 142 255 255 255 255 74
    56 255 255 255 245 167 255 255 255 110 255 255 255 116 127 191 100
    255 56 138 255 255 177 213 255 255 175 157 255 207 255 255 255 255
    255 111 189 161 14 84 157 229 201 255 255 80 239 97 12 165 181 255
    193 105 255 255 177 255 255 255 74 181 255 255 134 223 60 255 255
    255 62 255 233 255 255 94 255 255 255 255 255 255 255 233 255 255
    207 255 169 229 52 255 255 255 255 255 255 157 255 255 255 64 255
    255 101 128 167 42 255 255 255 255 12 255 140 255 99 255 255 255 255
    255 255 255 2 203 199 255 129 12 32 255 183 255 119 26 116 6 140 255
    115 255 46 255 62 215 10 255 255 213 169 161 255 134 146 255 163 255
    255 255 255 255 255 255 255 255 86 255 255 118 255 255 247 255 247
    255 217 136 255 215 255 134 255 255 100 255 217 78 89 138 171 255
    183 22 197 2 255 255 66 255 255 159 193 255 153 144 255 84 255 255
    106 255 255 96 181 255 255 12 169 223 157 95 100 255 240 255 255 255
    255 213 215 86 255 217 68 34 81 58 255 255 100 255 171 255 255 246
    255 48 165 255 255 255 62 255 217 199 116 250 255 255 255 46 255 6
    255 255 107 255 255 246 255 255 255 255 255 255 163 255 255 209 255
    255 46 255 255 155 255 255 207 255 183 255 255 255 225 255 64 255
    169 255 203 136 255 255 255 255 70 32 151 130 255 255 60 255 157 255
    255 255 86 146 255 88 38 255 233 255 255 221 255 255 255 136 255 255
    255 10 255 255 129 255 255 255 76 255 107 255 255 255 255 255 87 239
    56 255 255 4 99 255 255 255 255 255 125 255 255 50 255 255 133 255
    134 255 116 255 255 255 255 187 118 255 171 255 255 52 255 255 87 38
    255 213 255 255 255 253 132 40 255 54 143 255 255 255 36 255 255 247
    255 255 255 32 197 255 195 255 233 205 46 255 179 255 255 155 255 0
    255 255 255 255 147 255 150 255 255 219 255 100 255 255 255 255 139
    215 225 248 28 189 255 155 255 26 255 255 157 205 255 255 255 255 97
    193 255 2 80 108 255 126 161 255 255 96 252 241 0 248 66 255 127 255
    253 255 62 124 30 255 229 255 94 187 235 187 40 255 255 255 173 38
    255 255 255 255 197 255 62 83 199 255 255 255 255 20 255 255 248 255
    54 56 255 255 255 255 255 151 255 255 215 209 255 20 255 161 255 48
    191 255 255 255 255 191 255 93 255 255 201 255 255 255 245 60 173
    217 14 237 255 82 78 255 148 79 52 255 145 255 245 79 231 159 40 255
    78 255 36 80 255 42 255 223 255 191 255 2 255 107 255 237 64 6 255
    201 255 116 121 163 42 153 255 255 255 255 253 255 255 255 237 255
    116 255 54 255 255 255 213 255 193 255 255 255 92 46 255 255 179 6
    203 56 209 18 199 255 78 240 255 255 255 8 255 72 187 165 255 255
    173 255 255 169 255 118 80 255 255 80 101 255 255 119 255 255 255 42
    108 163 124 245 199 249 255 254 90 88 195 255 255 255 255 205 255 98
    167 2 255 110 255 255 255 255 255 255 255 255 92 117 255 159 115 255
    66 2 205 255 40 223 253 255 155 255 255 165 255 141 233 24 0 255 255
    137 255 255 119 255 255 155 118 199 255 247 255 135 110 26 189 255
    155 159 72 255 157 239 44 76 255 54 255 255 112 50 255 213 131 8 255
    255 255 255 255 189 126 255 215 70 40 0 26 151 255 255 255 255 255
    197 255 64 255 255 255 255 54 255 255 40 167 255 255 130 131 255 255
    173 255 64 74 108 44 255 142 255 255 209 171 255 255 148 205 255 0
    255 255 255 99 255 255 32 255 88 255 255 26 255 195 205 225 22 255
    179 255 136 255 255 108 159 255 78 255 155 84 255 171 38 255 255 24
    34 10 255 255 255 177 235 255 255 255 130 255 185 6 255 255 175 255
    255 161 209 255 255 229 157 181 255 255 249 255 255 122 255 255 209
    2 255 255 161 42 175 225 250 138 130 223 237 255 187 110 217 255 255
    249 221 255 28 203 58 18 207 193 255 6 255 255 255 255 255 38 165
    255 255 255 22 87 255 255 255 255 255 255 255 207 255 54 207 159 126
    86 255 255 255 255 255 48 255 58 255 159 255 213 255 255 64 117 255
    255 97 255 36 255 255 255 255 84 255 255 255 245 117 255 255 252 128
    159 255 255 255 255 255 255 123 255 207 213 255 255 143 255 255 175
    110 255 255 197 52 147 142 255 115 255 195 16 255 255 255 84 241 40
    80 255 255 217 185 255 197 255 87 175 175 89 255 175 89 138 255 255
    219 32 255 96 255 255 90 255 255 255 42 155 255 255 255 108 58 233
    253 255 42 255 209 255 255 255 255 255 255 16 255 203 10 255 255 0
    255 10 255 255 255 12 255 255 255 255 255 255 221 255 255 181 255
    255 187 255 255 217 255 143 255 255 255 219 255 255 6 223 246 255 66
    8 255 255 8 56 169 76 255 169 255 255 255 173 255 255 255 66 112 255
    255 211 255 193 255 255 181 255 207 255 76 227 255 255 255 255 26
    255 82 122 223 255 255 255 233 255 255 255 66 255 116 134 139 68 255
    255 255 12 203 20 66 66 122 233 40 241 207 173 255 217 60 255 241
    255 255 255 121 171 179 255 18 12 255 207 255 255 255 255 255 167
    255 229 249 205 131 84 179 255 20 58 229 153 255 255 255 255 14 112
    255 255 26 247 255 16 255 165 136 255 255 255 106 68 253 4 217 237
    36 141 207 255 255 255 255 95 16 255 58 90 138 255 22 255 255 255 72
    193 177 255 0 255 255 255 100 16 205 213 255 145 255 24 255 255 68
    255 155 150 255 255 255 255 255 255 255 88 255 255 255 255 38 255
    255 255 255 50 91 120 34 255 255 255 103 34 24 255 82 255 255 255
    255 255 183 80 255 255 255 125 255 247 175 145 2 203 251 255 255 0
    255 14 120 181 201 193 74 255 66 165 48 84 124 151 255 255 129 255
    255 255 255 255 255 255 144 58 255 255 255 149 181 185 80 255 255
    255 255 133 20 255 255 255 255 255 167 42 74 255 146 255 255 255 111
    52 255 50 255 255 95 255 124 255 18 255 223 239 241 169 255 18 83
    185 78 255 14 205 255 255 80 255 255 14 255 255 209 255 255 203 255
    233 255 46 114 255 255 255 255 255 211 255 255 211 84 219 50 255 255
    14 221 255 64 142 135 151 211 121 255 215 255 255 251 255 255 165
    255 24 82 255 255 255 26 255 255 255 44 255 255 18 197 10 243 173
    255 255 98 242 183 14 177 136 255 255 106 255 64 255 255 159 169 167
    255 255 82 255 112 255 255 92 40 215 84 82 149 255 255 81 255 138 34
    255 235 171 0 175 145 255 255 255 179 144 255 112 255 255 255 134
    255 14 255 0 255 255 248 255 169 81 161 255 255 239 245 195 255 255
    129 255 167 255 255 18 255 255 90 255 255 8 255 255 255 119 239 255
    139 255 255 121 255 255 95 255 102 175 104 104 255 255 255 139 116
    112 99 112 173 215 255 255 255 26 108 91 82 255 223 255 140 255 255
    255 255 52 255 225 255 255 255 255 94 255 255 122 44 255 255 255 100
    255 79 255 50 255 255 255 255 255 126 255 255 255 22 243 251 133 213
    255 6 255 201 97 38 50 255 84 255 255 30 251 127 6 255 78 34 134 32
    30 255 193 68 0 157 255 191 255 50 54 255 255 112 157 12 255 4 255
    56 255 203 231 255 255 255 255 255 255 255 237 255 255 255 231 36
    255 255 44 255 255 137 255 92 72 132 255 145 255 128 255 255 255 255
    4 219 255 255 225 255 239 124 255 22 255 254 255 255 255 30 255 255
    78 124 255 255 124 255 102 205 219 4 124 255 24 255 255 255 255 255
    255 58 221 255 255 255 255 177 235 255 255 109 255 255 131 255 255
    233 255 255 36 255 255 46 8 136 167 78 255 255 255 255 255 12 213
    255 205 255 213 255 255 56 255 255 103 255 255 255 255 138 255 253
    24 255 4 255 195 255 28 255 255 255 255 247 215 105 255 255 89 255
    76 60 189 88 252 215 255 127 255 243 145 255 2 183 255 255 87 116
    255 255 255 251 255 78 255 121 255 38 181 96 167 255 199 150 246 255
    255 193 74 255 255 66 255 255 255 92 83 255 235 255 255 48 159 16
    159 76 16 255 72 255 255 255 46 255 20 255 255 248 255 201 30 253 38
    255 255 255 255 94 185 255 255 255 12 255 24 70 255 255 60 255 138
    255 86 255 255 197 255 36 56 124 215 255 255 255 54 255 4 255 255
    255 255 255 191 255 255 255 104 255 139 8 136 193 255 255 36 255 255
    255 28 132 255 82 215 177 255 245 159 255 251 189 88 255 211 22 255
    255 255 255 76 100 74 189 243 175 2 52 140 255 255 255 255 255 18 10
    255 255 255 255 255 97 255 130 217 255 255 255 255 64 223 78 153 4
    255 255 183 255 175 255 255 76 255 255 201 255 255 255 107 255 255
    14 255 255 197 255 255 255 100 255 97 116 255 255 100 78 255 255 150
    76 26 191 103 98 159 219 70 157 46 255 100 255 255 175 207 199 255
    255 255 255 238 255 255 255 255 255 141 255 255 255 255 255 83 175
    255 255 255 255 52 255 185 50 255 14 56 255 255 127 207 255 244 255
    114 111 116 90 255 255 30 10 255 36 255 255 255 177 114 146 64 177
    255 213 255 255 121 120 255 163 171 255 255 38 255 255 183 108 119
    255 255 255 120 255 52 255 255 255 193 241 103 255 177 233 173 217
    127 255 255 255 189 255 255 255 60 255 255 64 255 255 207 16 255 255
    255 255 255 255 255 255 255 54 144 255 255 255 129 255 255 103 108
    96 255 136 28 217 203 255 10 249 24 255 0 255 125 255 167 62 255 255
    255 255 30 255 255 195 244 207 165 255 112 124 56 118 255 255 255
    255 195 44 12 58 227 255 50 255 255 199 108 14 255 255 56 20 193 255
    107 255 255 229 255 255 255 161 64 255 24 255 127 205 185 157 255
    221 145 255 255 255 18 255 201 255 177 26 195 118 255 255 255 97 255
    255 58 239 16 103 161 255 254 255 255 135 54 171 139 255 255 255 255
    155 255 138 243 255 6 255 255 255 255 99 255 173 255 167 255 169 159
    54 255 255 255 68 255 209 255 36 255 255 255 126 255 4 225 255 255
    255 255 255 193 255 255 255 54 28 251 131 88 106 26 205 255 255 195
    28 36 251 255 255 255 28 169 255 56 133 255 255 255 255 243 255 62
    255 255 12 255 255 255 255 20 255 255 255 255 157 255 255 231 255
    199 78 255 255 255 255 34 48 181 255 32 255 16 255 255 255 255 248
    199 92 173 255 255 153 255 255 165 255 128 123 255 255 248 255 239
    255 14 255 125 165 80 255 34 161 111 255 255 153 102 255 42 22 255
    255 255 104 255 142 255 255 201 42 227 255 60 50 100 255 151 255 157
    64 241 132 255 255 205 50 255 255 22 104 255 255 255 225 205 255 255
    183 255 32 255 255 255 163 255 255 201 255 203 255 255 255 209 255
    255 103 0 255 255 255 255 255 124 255 255 255 80 255 255 255 255 255
    255 255 255 255 255 255 0 143 255 255 255 68 255 255 108 255 255 255
    255 255 223 193 255 30 255 74 195 255 151 211 203 255 209 255 199
    195 64 255 96 255 76 255 255 255 88 253 255 255 255 155 24 255 255
    255 34 6 138 209 255 38 185 255 255 209 255 84 201 255 124 2 95 74
    44 255 255 18 135 255 108 250 255 18 70 62 255 183 255 18 255 40 255
    255 68 255 133 12 255 127 255 255 255 26 255 163 221 255 255 181 255
    151 255 255 255 28 255 255 179 150 255 255 255 111 128 255 223 112
    255 255 255 255 255 255 153 139 255 48 93 207 197 248 84 255 91 255
    165 113 84 255 255 255 255 66 197 255 255 255 173 233 255 221 255
    255 209 185 64 209 255 239 44 26 255 76 34 255 187 255 173 255 255
    255 255 255 255 255 255 199 243 255 255 255 103 255 195 255 72 229
    255 134 255 225 255 255 255 106 223 24 122 255 255 16 255 255 255
    255 255 255 255 255 46 241 255 255 255 76 255 255 255 255 255 255 60
    255 26 255 255 255 96 255 199 255 255 157 253 60 255 255 255 189 56
    255 255 255 175 177 201 213 109 255 255 255 255 90 255 86 100 255
    255 30 227 173 255 255 72 255 237 255 136 255 102 255 255 78 255 255
    255 255 151 189 187 68 255 255 155 255 187 44 235 255 203 157 102 60
    24 255 211 255 255 255 255 56 255 255 30 195 140 255 26 235 255 255
    255 255 255 177 30 255 255 42 238 120 255 62 78 50 52 255 255 255 36
    124 50 205 241 255 98 42 255 255 255 255 255 173 255 195 64 255 239
    138 255 88 255 129 54 255 157 255 255 255 169 255 40 88 241 255 136
    118 8 157 18 255 48 255 255 235 255 42 255 255 4 251 255 255 255 255
    248 255 255 255 255 255 255 255 120 255 70 159 255 255 148 255 179
    165 255 255 255 0 255 255 173 183 140 38 255 221 255 255 225 72 255
    255 255 255 255 123 255 108 87 243 255 115 255 199 255 255 4 111 255
    255 79 177 203 233 102 130 255 46 255 255 219 136 93 255 255 255 255
    255 255 255 255 20 58 255 255 163 255 113 145 255 211 255 255 255
    255 84 255 10 26 60 255 0 255 247 161 255 255 32 6 255 255 221 183
    187 255 14 90 255 255 88 229 54 44 115 80 255 62 76 34 12 52 255 207
    66 255 255 201 255 209 255 255 83 255 207 255 64 223 255 58 46 195
    255 231 141 255 255 255 151 255 111 243 255 103 253 42 229 255 159
    105 40 255 56 255 255 2 255 255 255 255 255 197 181 52 250 255 255
    255 255 34 187 86 255 32 231 189 255 255 255 255 255 239 255 18 114
    137 142 126 255 255 255 163 255 255 197 255 255 255 215 255 255 255
    132 255 96 86 129 255 245 30 255 255 255 6 255 255 255 255 255 98
    213 255 96 122 18 255 255 255 255 255 229 116 181 135 82 195 255 136
    255 255 255 255 215 34 40 255 145 255 255 209 161 16 76 185 255 199
    255 125 255 255 255 255 255 255 169 213 255 255 255 233 219 163 255
    203 255 255 255 82 42 255 255 255 84 255 255 255 116 185 255 255 255
    88 255 179 52 106 12 100 0 68 68 255 163 255 255 147 255 255 255 134
    255 123 255 187 163 229 255 85 92 255 193 255 255 58 255 209 255 199
    255 163 169 255 169 255 255 225 209 255 255 10 80 255 255 44 255 155
    255 171 112 255 255 98 70 255 36 253 199 255 112 255 32 58 149 255
    207 187 255 255 255 108 253 255 255 36 255 221 163 255 195 255 255
    114 175 167 126 209 18 201 215 255 255 255 93 227 22 153 247 255 246
    181 38 89 255 241 255 84 255 181 50 255 211 255 245 255 241 255 255
    255 104 173 255 255 255 255 199 255 255 171 255 255 118 255 255 255
    105 140 255 242 235 255 255 255 255 255 213 241 255 138 255 255 255
    14 151 76 255 255 120 255 255 255 255 255 255 255 169 191 255 255 92
    255 173 255 0 244 104 255 171 195 209 231 255 255 255 255 255 255
    167 144 139 255 207 255 136 255 79 255 255 235 205 255 109 255 247
    221 169 100 255 213 116 85 255 255 115 68 255 242 255 128 171 255 26
    255 62 68 217 4 191 255 10 255 255 255 255 255 149 148 255 255 255 0
    239 255 255 189 255 255 201 255 254 46 255 173 255 255 145 243 241
    56 229 58 255 255 255 255 255 255 250 255 255 255 187 128 147 211
    249 255 46 255 103 191 255 83 38 60 167 80 12 238 88 38 255 247 255
    227 181 88 56 255 48 255 255 243 255 255 66 20 217 237 252 255 255
    255 90 96 60 255 255 255 255 78 83 62 16 244 86 16 78 233 239 141
    255 255 52 197 138 255 255 8 255 34 179 255 106 255 255 8 255 131
    255 255 139 193 255 255 255 255 50 255 255 14 124 255 255 86 213 32
    175 255 255 62 24 133 126 255 255 124 191 36 193 255 255 44 8 66 255
    255 255 34 255 255 96 255 217 96 255 255 255 255 255 255 255 99 36
    199 255 255 255 255 255 255 189 255 255 255 255 255 26 237 255 255
    255 255 159 124 195 255 136 255 93 255 255 255 255 255 255 245 72
    219 255 255 255 195 255 215 255 221 255 255 14 173 255 255 209 38
    255 175 124 20 167 110 231 255 255 255 254 92 255 255 255 255 255
    140 82 147 12 38 255 255 197 209 72 30 135 58 255 205 255 237 78 225
    255 10 255 255 255 255 28 189 255 207 255 227 255 255 42 245 255 255
    255 181 255 255 255 255 24 255 255 255 255 191 165 14 255 189 129 28
    255 255 44 255 52 46 255 117 179 255 255 189 255 181 126 255 20 96
    68 107 255 255 255 255 102 56 255 255 255 12 183 46 255 255 165 145
    255 125 241 255 255 26 183 233 120 255 255 50 255 255 243 255 26 255
    106 255 255 203 60 255 179 121 110 245 99 142 215 133 134 255 255
    255 36 227 255 235 255 138 255 246 255 44 255 134 225 255 255 255
    255 255 255 235 255 255 252 255 165 255 142 106 255 161 255 255 255
    255 255 0 42 127 255 241 235 78 255 255 72 209 229 100 36 155 66 255
    255 155 255 201 255 255 255 245 60 255 255 76 255 255 255 255 84 255
    74 255 255 74 6 255 139 255 209 255 126 255 255 42 255 255 34 255 10
    24 255 255 124 18 255 52 255 44 255 255 177 231 255 255 255 28 255
    169 175 6 255 251 79 217 255 211 159 28 246 255 255 36 231 255 185
    255 0 66 255 233 255 255 255 255 255 255 4 255 136 255 255 255 173
    255 22 255 255 255 255 255 247 135 88 255 147 255 255 81 255 255 255
    221 197 193 255 255 255 255 255 255 187 255 255 112 255 14 110 255
    255 136 255 99 255 46 167 86 118 169 251 255 255 173 201 255 255 80
    255 255 56 255 255 80 255 155 8 203 253 177 255 255 255 255 179 205
    255 255 255 255 255 221 255 255 96 255 255 150 255 221 255 255 255
    189 79 153 255 183 255 116 107 255 18 255 255 217 255 255 255 255
    209 36 131 255 209 4 255 66 255 255 255 255 255 255 141 255 153 227
    255 22 165 82 28 255 255 88 173 255 255 255 207 80 255 155 243 255
    255 118 255 255 189 255 237 229 18 255 195 16 255 6 255 255 36 159
    16 118 255 255 102 99 255 86 177 255 76 255 249 255 255 255 70 255
    255 255 129 255 255 255 255 255 6 151 64 255 255 255 195 183 255 255
    255 255 127 205 255 255 255 255 119 255 201 255 173 179 211 130 132
    81 175 241 255 183 18 255 255 187 195 136 255 255 255 255 18 195 255
    42 255 153 193 255 255 255 32 239 255 255 191 255 149 213 255 255 36
    155 255 255 255 235 255 76 255 255 255 243 255 143 239 255 242 58
    249 4 247 82 123 243 255 18 76 76 30 245 255 76 136 255 255 147 255
    255 44 255 40 10 255 255 239 255 255 255 163 255 255 255 255 102 255
    40 32 175 46 255 255 52 255 108 177 231 255 225 112 255 121 30 114
    199 14 255 255 213 255 135 151 249 255 255 255 252 54 255 32 255 255
    255 227 233 10 187 255 255 255 187 238 22 146 201 255 255 255 255
    255 255 72 169 255 255 150 255 20 255 255 173 255 179 62 255 255 30
    30 83 28 255 56 32 255 255 255 255 203 255 255 255 197 255 123 149
    243 255 255 72 89 239 0 95 64 255 255 58 199 193 255 108 99 64 255
    255 255 255 171 147 255 255 255 255 58 219 150 201 255 122 255 255
    255 252 255 185 255 255 255 255 14 56 255 116 18 205 255 120 183 205
    12 255 255 34 129 191 255 255 255 255 255 132 255 203 104 255 62 98
    2 219 147 255 197 255 148 215 255 175 171 104 255 34 255 68 137 14
    255 155 255 255 44 255 255 255 255 255 255 46 134 255 255 26 255 255
    142 201 64 239 107 255 130 255 145 195 255 58 150 255 96 255 187 229
    249 255 209 52 255 124 167 34 66 237 254 255 239 157 255 255 255 255
    249 255 122 122 135 255 98 255 100 255 159 255 0 135 205 223 78 255
    28 255 255 46 117 185 187 207 255 255 255 62 191 205 255 223 4 255
    221 255 255 165 255 241 255 255 213 136 255 255 255 254 255 255 54
    187 255 207 62 255 255 255 255 255 225 255 250 255 134 16 243 255
    127 255 255 255 255 42 255 6 52 240 255 34 255 142 58 70 221 148 255
    255 255 255 68 207 255 255 255 157 255 255 191 255 255 8 201 197 255
    110 255 16 124 255 4 255 255 10 229 78 129 132 239 133 255 255 255
    90 255 255 155 215 255 255 255 199 255 255 255 24 255 255 255 86 255
    134 255 28 255 255 255 80 42 213 96 140 225 255 255 159 112 20 165
    255 42 44 239 255 169 255 255 161 255 255 123 255 255 255 183 255
    255 255 255 74 191 221 255 255 255 173 255 255 255 64 195 237 28 233
    255 255 207 255 255 146 97 255 4 115 255 2 203 138 134 125 255 56
    115 197 68 8 12 56 215 255 231 255 255 255 48 241 14 255 255 253 255
    255 255 240 255 96 255 255 255 255 255 255 131 6 255 107 217 30 191
    255 255 12 128 205 255 255 223 115 203 199 255 149 255 255 207 175
    255 255 255 8 255 24 209 209 255 255 86 255 0 88 48 129 255 24 205
    223 255 42 22 68 155 255 32 255 54 161 255 54 255 255 132 255 185 48
    255 213 255 255 121 255 64 85 28 255 103 255 255 255 255 64 255 227
    255 211 255 255 177 255 255 133 219 255 255 255 255 255 157 221 255
    255 255 255 255 255 115 76 255 255 185 255 83 36 78 255 221 255 60
    96 255 255 255 191 255 161 146 255 255 255 255 255 108 255 255 255
    255 255 148 255 124 54 255 181 255 115 205 88 255 255 255 111 255
    255 209 255 255 60 24 96 255 149 255 255 255 255 101 255 130 233 46
    165 255 255 46 255 215 68 255 253 86 255 82 183 255 255 255 169 255
    165 255 233 126 255 213 255 255 255 2 255 237 148 6 140 255 255 78
    255 179 126 255 255 255 181 255 255 10 255 4 255 127 122 173 0 255
    247 201 122 179 131 199 255 50 255 255 255 255 30 255 58 185 0 253
    134 255 241 189 255 255 120 255 255 102 64 255 255 255 255 255 42
    195 185 255 177 177 255 74 255 255 255 255 255 14 255 238 118 60 255
    54 255 38 221 155 141 255 68 255 255 157 255 231 26 60 223 140 215
    50 148 76 255 255 255 153 255 177 2 255 129 255 255 255 140 50 255
    128 96 197 255 44 255 255 255 255 255 179 255 255 18 255 255 255 255
    153 255 95 153 255 101 60 255 255 255 191 40 255 255 145 255 255 209
    239 86 255 155 209 255 104 120 255 255 255 0 253 255 255 86 255 255
    255 255 60 171 255 111 92 213 129 255 255 95 56 255 242 58 155 255
    255 22 255 153 62 255 255 255 255 136 255 157 8 56 252 185 255 250
    255 255 255 255 116 203 255 209 255 20 255 255 40 118 38 255 255 0
    60 50 165 20 255 255 255 255 255 255 76 157 255 181 255 58 10 221
    126 179 109 255 189 149 255 163 255 68 255 255 255 255 255 255 76
    255 255 255 255 255 171 187 225 255 255 147 255 255 30 255 255 255
    104 40 255 237 255 255 255 115 255 100 12 255 255 221 255 255 255
    209 255 221 197 255 255 217 88 4 255 255 137 231 203 52 255 60 123
    255 161 76 149 0 219 167 48 255 255 255 255 46 255 255 255 243 255
    122 255 173 26 255 255 128 144 22 255 104 52 173 255 255 255 255 70
    8 255 199 140 255 255 255 255 221 32 80 48 255 255 255 255 255 8 183
    255 135 255 16 103 24 255 255 229 255 255 193 255 255 255 0 255 187
    100 255 12 114 32 217 255 26 58 255 207 20 161 255 255 6 52 171 255
    111 237 0 255 195 159 255 243 177 125 34 255 36 255 255 91 255 255
    255 134 58 255 44 255 255 249 157 153 255 255 89 255 255 123 173 255
    159 227 255 155 205 74 255 255 255 207 255 255 255 255 237 255 197
    255 238 255 36 255 88 255 255 54 255 121 255 255 252 203 209 255 255
    14 79 229 255 79 197 171 255 255 255 213 255 255 255 48 0 129 96 66
    255 78 96 24 114 78 255 255 155 123 183 84 255 255 255 255 255 82
    139 255 28 255 255 10 255 255 253 14 255 122 153 12 255 58 255 221
    255 147 72 255 255 255 255 221 255 24 255 255 4 211 42 62 255 255
    255 255 255 255 255 219 250 68 72 255 120 255 177 128 26 255 171 255
    227 10 255 215 255 255 255 225 24 255 255 68 255 157 225 255 82 255
    255 120 14 201 211 150 255 44 255 255 26 255 139 255 148 255 30 108
    125 66 255 255 255 62 143 255 249 72 255 255 255 255 122 255 255 255
    255 255 255 255 255 255 255 255 255 121 255 88 81 116 255 229 255
    100 246 255 255 0 16 142 255 173 249 255 64 255 189 255 255 62 255
    255 125 255 84 255 255 255 83 233 255 255 76 16 125 26 231 173 255
    229 12 118 255 255 255 255 201 32 12 255 189 255 255 52 255 129 161
    70 147 255 255 246 76 255 30 124 86 149 203 211 255 36 255 255 2 76
    81 255 34 255 38 124 205 255 255 255 255 255 255 255 255 255 2 247
    255 140 30 111 255 255 255 110 203 255 255 255 155 22 255 255 255
    255 107 205 255 255 8 22 60 255 251 255 255 255 246 255 201 255 0
    255 255 255 255 179 181 255 255 205 237 255 151 48 237 255 159 26 24
    255 127 128 233 255 255 255 255 255 203 227 147 64 24 255 255 255
    255 255 255 243 255 229 255 80 255 255 255 185 255 130 201 255 255
    169 255 255 242 255 6 60 255 255 255 255 255 225 255 74 149 245 255
    76 116 255 14 255 255 255 255 48 121 195 42 255 255 255 255 255 255
    255 255 255 255 54 225 107 255 255 207 255 255 255 80 255 229 255 74
    242 157 255 26 191 124 62 255 209 121 4 255 255 183 255 217 213 255
    255 136 221 255 255 96 159 82 26 255 255 22 255 207 209 165 255 159
    255 90 255 255 255 255 255 18 255 211 255 157 30 255 124 255 191 173
    70 255 255 89 50 203 255 255 221 217 153 110 255 86 255 4 255 34 255
    255 255 255 183 255 85 255 34 246 255 255 255 211 118 46 16 255 255
    255 181 255 173 92 255 72 255 147 237 255 203 255 205 46 94 255 149
    255 88 58 213 70 255 255 255 255 255 80 4 233 211 40 255 0 2 112 223
    231 255 148 22 161 255 242 235 255 255 255 255 255 16 0 30 44 255
    255 70 22 171 239 255 153 255 243 255 10 255 255 90 165 219 255 255
    255 122 255 155 255 255 221 185 255 76 255 255 83 94 255 111 255 255
    255 255 108 255 18 255 93 66 88 34 255 255 97 92 255 24 181 157 255
    255 255 255 255 255 147 255 148 12 147 237 151 255 255 255 255 245
    205 52 132 209 255 255 109 215 255 255 187 163 255 201 44 255 142
    255 89 255 255 255 255 136 255 90 255 99 56 255 255 255 56 255 255
    255 255 247 32 40 255 171 240 40 157 255 255 255 255 38 161 87 255
    48 255 255 142 255 82 255 255 255 255 255 255 255 60 255 247 255 128
    255 129 151 173 255 255 255 255 255 255 20 48 255 255 255 249 107
    255 255 255 255 197 255 167 26 76 169 255 255 255 255 52 118 255 111
    34 255 255 255 255 255 145 255 153 217 177 255 106 140 255 2 255 66
    255 255 255 38 255 187 255 255 255 124 74 255 151 20 97 187 255 248
    255 255 255 126 44 217 120 255 83 255 255 147 255 92 255 151 255 255
    24 16 255 183 255 16 255 255 195 255 175 14 255 255 255 183 255 255
    255 255 255 122 54 255 255 56 74 205 255 255 255 84 66 78 255 125
    110 255 107 255 104 213 60 255 255 255 179 91 223 255 255 255 255
    211 108 82 141 255 185 205 145 227 52 0 8 255 255 126 227 255 255
    255 207 225 255 255 211 255 92 253 255 255 126 233 255 255 255 207
    138 255 116 235 255 255 255 16 4 251 255 2 255 64 181 255 255 24 255
    149 255 255 255 255 183 255 90 255 255 255 255 255 213 255 255 255
    255 175 255 255 97 255 124 22 255 255 62 132 64 127 255 112 255 255
    255 119 64 255 72 255 255 255 255 124 255 255 10 255 255 0 147 255
    88 255 179 255 255 255 102 42 50 255 66 138 163 255 255 255 255 255
    144 6 255 173 255 56 255 135 255 255 255 255 255 255 255 22 255 255
    255 250 197 167 255 122 255 255 255 207 149 78 92 255 255 50 22 255
    104 147 255 255 255 96 217 255 255 255 255 199 235 244 58 66 229 189
    209 255 80 255 6 62 255 209 255 189 255 106 171 255 255 28 255 255
    60 255 255 157 157 255 255 95 255 62 79 48 122 177 255 157 193 255
    255 255 255 6 254 255 255 189 255 50 255 255 255 197 86 255 255 255
    134 255 54 110 143 241 255 255 255 60 189 231 255 255 169 74 255 255
    66 149 255 60 255 255 255 135 255 253 255 255 205 255 14 255 205 86
    255 255 255 100 255 90 68 54 255 255 255 92 255 219 255 2 175 255
    245 159 255 253 87 255 225 255 134 255 255 243 161 255 4 255 255 64
    253 4 78 56 187 255 60 255 255 255 157 98 245 255 255 255 244 253 46
    255 255 80 255 32 157 255 22 255 255 255 189 255 255 255 255 6 243
    28 16 255 244 255 209 213 189 247 205 177 255 58 20 155 91 255 14
    255 255 255 255 255 255 255 255 255 173 255 255 62 90 255 255 255
    255 24 255 241 76 136 66 255 128 255 36 50 255 255 86 197 255 255 4
    255 255 255 255 255 255 36 255 255 95 92 20 2 169 255 255 255 255
    201 96 255 12 153 98 255 62 255 255 191 255 149 255 255 255 233 255
    173 255 74 211 255 255 255 255 110 255 255 251 34 34 18 237 54 173
    40 155 255 30 86 255 255 255 227 255 36 255 255 255 255 81 225 56
    246 255 72 255 255 118 255 255 255 255 255 255 255 209 255 255 130
    255 255 88 255 255 255 118 255 86 86 240 132 255 255 58 128 255 255
    255 36 153 239 255 96 255 255 255 229 255 255 207 60 44 255 255 223
    136 127 185 209 252 96 255 255 151 110 255 34 195 255 173 255 255
    255 167 20 18 171 255 255 255 240 28 255 255 167 255 255 118 195 255
    199 255 81 243 116 115 255 44 255 16 207 169 177 255 225 255 148 66
    251 255 197 223 255 255 183 255 127 187 118 255 255 255 255 255 255
    179 255 14 119 32 110 16 2 255 255 255 253 255 187 211 255 193 48 74
    108 2 205 153 211 255 255 255 91 255 255 179 86 255 157 255 255 76
    177 255 255 255 255 187 18 255 137 255 177 207 120 4 125 235 255 123
    142 8 255 181 255 14 255 42 255 86 30 12 255 0 255 255 26 255 255
    183 255 255 80 255 223 255 255 243 255 103 255 255 205 187 179 255
    197 54 129 38 183 255 241 255 255 86 185 103 225 110 255 255 255 255
    255 255 255 161 255 52 255 255 169 130 201 255 213 255 165 255 120
    252 157 223 58 185 255 52 255 213 157 255 255 207 255 50 255 255 255
    155 28 255 87 82 136 183 255 255 223 179 255 255 255 98 97 255 255
    255 255 255 255 255 38 85 237 255 111 177 187 121 255 10 255 60 255
    255 32 157 255 122 255 175 114 217 195 255 255 103 255 255 255 249
    255 215 255 223 2 255 215 255 237 140 244 255 106 255 138 12 255 255
    72 24 167 255 255 255 255 255 255 4 255 138 6 255 255 201 255 155 96
    10 255 255 255 0 16 99 255 255 4 255 255 255 30 255 255 90 16 255
    187 136 255 255 255 4 255 255 42 255 255 255 255 173 255 255 255 255
    255 233 255 255 34 255 235 54 165 64 255 72 78 38 233 173 94 149 30
    146 255 255 38 66 179 237 78 34 175 255 147 205 201 255 255 36 255
    138 255 255 255 34 102 255 139 255 255 225 255 64 255 255 255 28 155
    255 89 157 22 255 255 255 221 100 229 193 255 255 99 255 74 187 255
    255 81 255 189 40 84 255 117 255 169 32 229 255 255 249 110 255 255
    255 4 255 255 209 255 255 255 255 225 223 50 48 145 189 235 255 185
    255 193 255 22 255 255 255 199 255 32 163 181 255 76 255 255 24 255
    100 255 255 255 255 32 255 161 255 6 83 255 255 255 122 169 109 255
    120 255 255 255 255 90 66 255 255 255 255 177 159 255 40 255 255 255
    255 255 8 34 52 213 124 255 74 36 189 157 0 255 255 255 149 255 255
    76 195 110 255 70 66 255 255 205 255 255 243 255 255 255 255 20 255
    255 255 255 255 255 195 95 54 255 147 255 255 255 255 10 89 255 245
    76 255 183 179 12 215 117 108 253 255 255 255 103 36 153 62 159 255
    24 34 255 149 255 255 242 255 50 40 255 191 181 255 155 255 56 159
    26 255 255 255 255 150 121 205 150 0 235 255 255 255 144 169 255 255
    81 255 255 255 255 255 255 161 255 255 255 255 255 66 58 14 54 255
    255 68 255 255 199 255 12 255 255 255 255 255 28 122 255 255 145 82
    157 255 211 89 116 144 255 255 255 255 217 255 255 110 255 255 20 78
    8 255 255 255 255 44 6 197 255 6 255 255 181 251 78 145 255 88 255
    48 255 255 74 255 235 255 255 58 84 255 121 255 106 255 209 255 255
    255 255 255 153 148 255 56 255 255 255 255 255 255 215 255 255 58
    255 255 255 255 191 255 255 34 78 255 0 255 255 255 120 50 255 68
    225 255 255 255 209 36 125 255 255 40 6 255 159 255 255 255 20 255
    76 145 255 203 78 110 42 255 255 159 243 255 255 255 235 151 255 255
    255 8 255 255 86 255 145 231 179 58 255 92 255 255 6 255 38 255 255
    106 4 255 56 159 87 255 8 161 255 64 255 255 255 255 255 255 78 255
    255 255 255 205 240 24 100 137 181 255 135 255 255 113 44 255 255
    138 255 10 255 138 255 12 255 255 255 106 255 58 171 215 94 255 58
    96 255 135 255 116 36 249 255 255 165 128 255 44 175 255 231 52 255
    193 106 107 255 94 255 124 150 211 14 94 42 255 255 255 255 255 246
    255 255 244 120 201 201 255 255 255 255 173 255 124 255 101 255 159
    255 255 6 255 255 227 99 94 255 147 255 255 255 255 255 203 128 86
    255 255 118 254 181 255 255 211 255 255 255 255 255 183 66 79 134
    175 255 30 155 255 255 255 173 136 159 0 255 102 207 255 74 240 255
    68 255 130 255 255 255 213 233 255 96 255 110 255 78 255 213 191 255
    92 255 134 255 255 255 255 255 116 243 163 255 255 70 255 161 203
    223 201 185 209 211 240 10 255 255 255 106 199 255 34 255 108 255
    255 255 255 58 26 171 44 255 255 0 255 255 242 255 255 255 255 221
    255 52 255 255 255 255 255 243 255 255 255 255 255 255 255 255 255
    255 255 221 255 255 255 255 129 30 233 189 255 120 255 110 255 8 255
    16 127 255 255 255 167 255 255 255 255 255 255 255 255 189 255 255
    255 179 255 255 255 127 255 116 255 140 185 255 225 134 255 253 255
    255 34 253 223 211 255 255 114 255 255 98 255 213 255 245 58 221 255
    219 6 255 119 179 255 233 255 20 48 255 92 255 42 177 157 255 255
    255 255 255 145 255 229 189 255 255 135 255 177 255 255 219 255 147
    255 127 100 171 121 36 44 255 255 40 255 106 225 207 44 213 119 197
    255 107 38 8 54 255 94 237 203 255 255 2 62 255 161 209 255 78 255
    183 247 82 6 255 28 201 255 255 191 255 150 255 255 112 255 255 255
    255 255 255 111 255 255 207 255 255 91 255 132 111 60 48 111 255 90
    157 235 18 244 201 96 255 18 245 95 255 128 155 255 255 255 211 165
    255 147 167 78 84 255 99 153 255 255 10 233 255 255 22 255 255 36
    255 235 255 79 34 255 255 255 197 255 255 70 255 255 255 54 255 255
    255 171 116 255 66 217 255 120 118 255 255 255 125 157 231 255 255
    243 173 213 205 76 255 4 255 8 255 255 94 255 255 185 255 250 249 68
    93 140 233 125 255 30 255 193 255 97 255 255 207 255 255 255 24 0 97
    120 130 255 237 255 255 44 255 255 255 255 255 122 255 255 255 32
    129 255 84 255 247 255 255 255 255 183 255 112 250 213 0 60 255 255
    229 255 255 133 136 4 255 255 227 255 255 179 183 255 255 255 96 255
    87 255 253 83 255 173 255 255 217 203 82 255 255 255 245 255 130 255
    255 255 255 255 255 209 24 201 100 227 130 98 147 255 20 78 255 62
    255 255 34 231 255 191 255 50 72 255 255 60 255 36 255 255 255 255
    137 255 150 255 38 255 255 229 144 255 4 235 255 255 255 117 255 255
    6 64 128 255 16 255 175 114 255 141 255 181 205 255 247 255 255 187
    255 134 44 48 235 227 255 233 255 105 187 237 149 255 255 109 255
    255 76 195 155 255 255 255 32 8 4 72 255 126 72 114 255 64 4 179 255
    98 157 215 64 255 143 72 255 255 255 255 255 255 108 111 255 255 240
    171 255 89 255 146 255 247 255 255 255 171 255 169 255 255 108 52
    255 8 128 255 183 255 153 255 255 97 251 128 255 255 94 233 255 255
    255 58 255 248 173 255 93 193 255 255 255 255 255 255 171 238 255 82
    6 126 255 169 215 255 255 56 148 255 255 255 76 255 255 225 255 144
    255 8 179 139 70 98 255 175 255 54 191 68 240 26 255 159 223 255 213
    255 20 201 255 255 255 255 203 255 134 255 255 255 255 255 255 255
    197 28 255 225 255 255 0 253 255 85 207 50 255 255 255 68 255 255
    255 14 255 255 40 34 255 255 58 28 255 223 169 255 255 255 255 255
    255 30 255 238 255 255 255 64 150 255 62 209 58 255 159 255 255 124
    255 255 249 255 255 255 255 255 255 139 255 255 255 255 255 255 255
    255 6 255 74 18 255 255 255 32 219 255 255 255 48 255 78 255 255 6
    161 147 255 255 151 255 255 255 140 255 255 24 255 116 203 255 255
    36 255 2 241 255 255 255 255 173 207 255 134 255 255 255 255 28 255
    30 255 207 233 255 255 255 48 255 94 8 255 255 255 106 106 255 94
    175 255 255 140 255 255 227 255 255 245 177 112 255 255 255 247 54
    255 82 255 255 255 50 217 255 189 118 217 62 255 255 66 235 138 255
    26 38 255 255 177 18 255 193 205 255 255 255 255 72 137 130 189 237
    255 114 255 80 255 255 241 255 255 149 169 255 255 16 255 255 20 78
    255 255 223 255 255 255 255 255 46 255 207 255 233 255 255 227 155
    255 255 52 44 255 52 255 94 235 238 253 112 255 255 255 143 241 24
    28 2 255 255 237 34 255 235 255 79 199 159 255 255 74 255 181 213 0
    255 28 255 209 255 255 58 255 255 223 255 115 255 255 248 255 32 255
    161 255 135 94 255 255 255 64 145 58 255 175 255 255 173 255 0 255
    153 136 68 142 175 255 255 88 255 86 255 255 189 148 255 255 243 141
    255 255 255 255 207 255 163 255 255 255 255 255 189 255 255 161 255
    56 255 255 8 147 255 255 88 255 255 255 78 255 255 255 62 118 255
    255 32 255 2 255 255 255 187 24 255 78 2 255 229 255 255 255 255 42
    181 155 56 255 44 255 58 199 255 84 203 97 255 255 242 255 207 42
    165 255 91 215 255 255 255 253 255 92 100 255 255 58 255 255 0 255
    255 82 14 255 255 255 255 255 255 86 255 81 255 130 72 191 253 255
    12 227 255 247 255 255 253 255 255 86 167 54 241 255 242 211 12 255
    149 255 125 255 255 255 255 185 181 255 255 255 255 193 255 255 255
    255 104 76 255 215 255 79 8 14 231 10 247 254 255 255 133 173 255
    151 255 92 255 84 60 89 64 255 255 203 197 255 255 255 255 243 255
    95 94 255 255 233 255 14 203 255 133 255 255 255 255 255 255 255 255
    255 255 153 159 255 126 255 181 130 87 239 247 255 124 255 56 255
    106 72 116 255 255 177 255 255 255 58 141 255 213 255 255 34 255 167
    255 255 255 255 131 44 84 151 255 86 179 138 255 191 255 231 255 24
    255 255 255 255 221 90 32 225 255 255 215 138 255 133 255 255 255 64
    255 97 255 255 12 255 165 36 255 231 217 235 42 66 106 116 240 255
    255 255 189 255 255 255 225 2 191 255 149 223 155 107 58 191 95 38 8
    199 239 82 255 32 255 177 255 231 179 108 183 32 255 195 255 255 70
    240 255 255 255 92 255 4 38 255 255 34 255 255 98 255 255 255 255
    221 255 108 201 255 183 255 62 8 221 32 96 12 251 255 255 215 12 255
    255 124 255 167 255 171 255 118 255 86 255 255 255 213 255 255 255
    255 255 255 255 255 249 187 62 255 10 78 48 255 177 155 58 255 255
    255 255 253 255 255 239 107 255 235 93 255 255 255 126 114 255 255
    94 141 110 64 255 255 255 240 2 255 70 145 138 255 255 255 52 136
    255 40 255 255 255 255 0 255 82 231 255 255 169 255 239 80 149 169
    189 83 209 165 255 255 167 157 187 130 2 122 205 117 70 179 109 44
    255 255 255 173 255 255 94 255 255 201 255 255 108 215 255 255 255
    122 189 255 255 255 173 255 255 95 255 18 233 94 2 255 255 255 255
    255 255 219 64 251 167 255 255 255 255 255 207 255 193 255 110 255
    246 255 94 255 245 197 255 255 195 255 255 126 255 96 255 207 255
    255 20 86 255 12 255 138 255 189 138 255 136 12 54 243 255 255 255
    155 255 72 255 255 255 255 248 229 255 255 68 255 255 255 215 255
    255 255 255 153 126 255 82 219 167 157 255 205 231 255 255 12 255
    255 177 124 183 255 175 44 255 247 255 255 255 255 189 255 255 255
    255 56 255 12 255 207 201 109 255 54 240 255 255 255 255 255 255 255
    20 6 235 255 255 225 255 255 255 86 85 255 167 255 225 205 40 255
    255 255 134 134 54 132 255 215 18 136 123 161 165 255 177 44 244 255
    255 99 255 122 255 10 255 255 120 96 255 255 255 255 255 225 183 16
    255 111 175 26 255 255 255 109 102 255 159 255 255 74 233 6 244 255
    255 225 191 255 30 255 82 64 255 142 165 94 255 255 255 163 255 255
    128 255 255 217 225 6 38 64 255 0 70 171 40 95 0 24 38 255 40 36 4
    255 255 20 207 205 243 255 97 221 233 8 207 255 99 179 76 255 255
    171 255 255 255 255 165 245 235 255 132 255 255 255 255 255 255 246
    134 255 255 92 183 255 255 80 255 32 38 255 159 108 255 255 223 123
    255 255 34 136 163 133 255 40 123 28 255 255 255 255 255 28 28 62
    195 255 255 255 255 233 62 255 193 56 255 255 16 255 255 255 255 255
    12 255 255 255 253 255 255 92 255 94 255 255 88 255 173 255 255 255
    24 30 255 70 82 255 193 24 255 74 64 221 76 94 242 243 82 99 60 255
    173 132 239 255 255 130 197 255 179 255 255 0 255 255 255 255 30 130
    133 28 181 255 255 8 255 36 255 255 189 140 255 30 8 255 255 28 177
    255 199 181 88 179 255 201 255 255 255 255 255 229 255 129 255 255
    255 167 195 255 255 255 255 112 50 255 255 255 255 255 114 255 92 12
    255 255 106 255 255 140 81 179 255 40 195 255 255 213 255 20 255 122
    195 255 219 48 255 255 255 42 138 255 58 255 107 255 54 255 255 26
    137 30 16 66 255 255 147 30 165 167 255 217 255 12 255 103 187 255
    255 38 66 255 92 255 255 86 12 255 193 239 191 167 255 2 36 255 255
    255 255 255 255 255 255 255 255 252 175 255 12 12 76 111 46 173 255
    255 255 255 179 255 54 96 221 185 147 253 254 255 255 20 217 255 255
    255 255 255 255 255 254 255 243 32 255 78 139 255 255 175 233 52 149
    255 255 211 255 255 165 255 255 199 36 24 255 255 255 74 68 255 113
    201 62 255 255 171 255 255 255 255 255 255 255 255 255 191 255 255
    26 255 0 255 128 255 26 255 124 255 122 255 30 138 229 191 255 255
    255 203 255 255 255 58 8 255 255 255 42 126 209 219 161 107 255 255
    237 54 255 255 205 255 6 255 255 255 255 155 99 255 46 133 24 34 255
    255 255 255 255 255 240 167 255 139 255 255 255 255 20 87 253 255
    223 255 255 255 106 0 255 255 255 26 120 249 255 255 255 255 221 255
    255 255 153 255 255 255 4 255 82 221 159 247 255 255 68 187 255 255
    255 255 163 32 255 134 141 110 177 255 255 60 255 64 142 28 96 255
    255 255 255 36 255 118 24 4 255 255 255 255 125 159 108 97 255 66
    255 255 255 255 255 92 255 255 82 255 56 255 157 255 255 255 255 255
    8 255 92 189 128 175 255 163 14 123 44 74 255 48 255 205 10 40 255
    255 255 52 255 114 255 86 84 211 237 255 24 70 118 255 199 144 121
    255 255 221 191 251 213 195 255 255 255 255 255 82 255 255 213 255
    255 102 255 255 116 255 66 255 255 85 255 255 250 215 255 255 245
    255 14 255 255 255 255 255 209 48 130 255 255 203 24 255 255 255 66
    203 93 255 255 255 255 80 246 251 255 189 255 189 255 34 70 255 255
    255 255 187 82 68 255 255 30 249 171 255 34 88 91 213 177 255 255
    132 255 255 207 255 145 193 244 82 20 255 179 255 38 255 255 255 255
    72 46 255 161 255 227 255 28 44 153 181 116 30 255 255 255 171 255
    243 255 116 255 129 94 255 255 2 153 70 255 255 255 255 255 81 165
    255 95 255 112 121 225 0 255 255 28 183 255 255 203 255 255 74 24
    255 255 255 82 255 32 203 60 255 255 255 235 255 32 255 6 255 253 64
    242 255 255 255 28 255 255 213 100 255 42 215 255 108 48 0 62 243
    155 235 48 101 255 255 255 175 255 255 255 255 123 255 249 215 255
    255 255 255 255 255 42 163 123 255 255 255 255 167 161 28 251 255 84
    138 167 233 98 58 142 255 255 255 255 250 255 255 255 36 255 255 255
    255 255 255 225 255 255 255 255 255 255 255 96 255 255 140 255 52
    124 255 72 142 104 255 98 199 255 255 255 227 28 255 255 6 255 34
    255 255 50 239 6 46 255 255 255 225 255 255 243 42 255 255 255 255
    114 84 44 255 255 255 122 255 252 167 255 46 171 205 255 255 94 255
    255 6 254 203 255 255 60 56 255 217 28 97 255 255 229 92 199 60 209
    255 113 122 116 255 255 255 255 108 18 255 255 191 159 14 255 30 255
    255 255 255 76 8 255 255 44 255 2 95 255 96 255 255 134 87 255 70
    255 253 104 255 255 251 255 223 255 255 66 12 255 185 255 255 175
    255 40 255 205 115 36 255 175 255 255 227 255 92 79 255 245 255 255
    150 255 96 48 74 255 255 161 255 163 133 183 255 163 255 153 255 229
    44 255 56 255 85 88 78 171 215 255 255 255 255 155 114 255 255 255
    146 255 255 100 191 255 74 255 255 255 255 183 165 255 193 80 115
    255 255 255 255 255 255 177 255 149 255 124 255 255 255 185 72 134
    91 255 255 255 255 189 255 255 255 255 255 84 123 255 18 244 108 255
    255 255 36 255 241 32 101 28 241 225 255 247 255 255 255 26 38 235
    255 2 126 255 62 255 255 255 255 60 255 255 255 255 153 70 253 86 85
    56 193 255 255 255 205 14 255 123 94 255 83 255 243 255 255 16 235
    255 255 125 124 255 238 255 255 139 64 84 161 92 255 201 82 255 240
    14 255 171 255 255 2 255 2 255 255 255 246 255 245 113 8 106 255 155
    255 255 255 255 74 255 142 255 167 70 255 255 128 171 155 255 231 70
    255 255 197 130 115 255 120 255 132 255 255 255 243 60 255 255 248
    255 255 127 255 255 255 255 146 81 255 60 255 255 255 255 221 177
    246 189 255 255 255 255 76 255 255 161 255 8 171 66 72 255 255 255
    121 223 163 209 255 255 233 255 64 22 52 255 255 255 255 255 255 175
    240 189 255 179 255 255 240 255 255 233 2 255 255 255 255 125 28 253
    179 255 255 87 255 255 255 151 38 169 60 215 255 255 159 255 40 255
    223 26 134 255 211 183 187 149 255 255 114 243 255 195 253 255 120
    112 246 108 255 187 233 28 169 255 255 255 209 255 255 255 235 255
    255 2 32 106 255 255 116 16 255 50 80 255 255 84 87 255 199 255 28
    163 255 14 104 151 66 253 255 255 255 255 199 255 255 80 6 255 255
    255 255 255 255 60 239 104 169 255 255 255 255 255 10 255 255 255
    239 189 255 255 255 244 255 86 183 255 28 255 255 34 255 255 255 145
    68 28 238 255 255 56 255 255 109 239 255 131 54 16 255 255 255 255
    169 34 70 153 255 255 34 64 68 255 255 255 108 255 48 104 161 179
    255 255 185 124 74 255 255 255 18 255 255 185 255 255 255 255 175
    143 187 255 255 255 255 255 124 28 255 255 255 225 239 255 255 203
    255 79 213 233 123 255 255 129 80 255 8 255 255 0 54 255 255 145 255
    101 62 161 255 255 255 255 227 255 137 110 255 255 82 255 255 255
    167 255 8 255 6 255 122 233 229 255 248 255 255 151 22 255 20 86 255
    255 134 255 115 255 255 255 255 255 255 0 253 255 100 211 187 255 72
    255 255 197 255 104 255 255 16 255 255 18 187 255 52 255 197 255 100
    129 255 22 56 255 108 255 255 66 145 255 203 40 140 255 113 106 255
    255 255 243 175 255 255 143 255 205 255 94 12 255 68 255 99 167 64
    113 255 199 60 251 255 255 86 255 34 255 255 255 46 255 255 255 255
    221 255 255 255 217 8 255 221 150 255 98 227 44 255 48 255 255 255
    169 2 173 203 167 255 255 255 148 40 175 44 165 179 20 255 255 243
    18 145 255 255 2 255 115 181 225 255 255 255 85 255 181 89 157 239
    255 80 255 255 185 243 52 255 207 246 132 255 79 255 255 6 255 72 34
    255 255 125 255 255 255 239 4 255 153 32 167 255 116 52 62 112 255
    255 255 255 20 88 255 255 128 255 185 247 255 255 255 101 40 50 233
    74 255 117 68 251 151 118 130 255 255 255 255 66 255 205 14 233 255
    120 255 58 255 187 0 255 18 255 247 66 115 255 255 255 223 247 255
    255 255 93 44 199 231 255 245 255 255 255 199 255 255 78 255 144 217
    255 255 215 255 239 255 255 255 201 255 255 255 255 255 255 94 255
    20 255 255 255 255 165 255 255 72 91 116 255 107 255 148 52 255 255
    6 181 255 137 255 148 161 217 255 26 98 215 91 255 193 159 251 179
    48 229 215 255 134 150 2 255 255 255 255 255 255 255 255 255 26 42
    255 209 211 255 255 241 255 255 189 255 255 255 129 255 255 255 255
    221 255 255 179 183 145 251 10 255 98 255 255 187 129 255 88 255 142
    215 56 247 231 235 171 255 20 58 255 137 249 223 255 147 98 42 255
    255 161 255 0 255 255 255 255 255 38 113 42 0 8 255 30 255 255 255
    81 255 217 255 255 255 255 136 138 87 255 88 255 255 255 255 255 72
    246 249 241 185 120 255 50 74 255 255 255 221 135 64 255 52 157 124
    109 203 153 255 106 161 40 255 255 121 106 26 217 255 255 20 207 201
    255 255 237 26 255 249 155 225 255 255 255 255 255 0 255 157 255 185
    125 255 253 255 255 255 244 136 126 255 255 138 255 149 146 255 255
    126 255 255 255 125 138 98 255 255 221 60 255 18 151 255 112 255 255
    255 255 82 255 255 255 255 111 255 130 255 14 10 255 255 189 255 155
    197 255 40 239 18 36 255 255 56 255 255 255 255 97 255 255 133 255
    30 255 128 255 255 255 255 255 108 46 121 70 255 255 207 255 157 255
    255 147 255 120 54 255 255 255 255 255 151 219 74 203 151 247 255
    255 255 187 255 255 255 255 255 83 82 203 255 38 255 215 18 255 175
    245 255 255 255 50 83 255 148 159 255 227 237 255 94 191 70 255 255
    10 231 235 255 138 255 255 255 255 255 155 205 138 255 191 74 30 44
    255 255 255 255 255 255 108 42 255 151 48 163 235 189 119 167 255
    255 147 255 255 255 120 255 44 56 183 255 255 255 255 235 52 255 255
    240 106 255 189 255 255 223 177 255 238 142 30 255 195 255 6 134 255
    255 255 171 133 255 54 255 255 255 72 195 255 221 255 255 255 255
    161 111 140 255 255 161 34 255 142 104 255 114 255 217 255 118 255
    112 255 62 151 20 89 219 255 255 102 255 255 100 64 255 102 191 38
    255 28 99 159 255 255 219 255 255 108 243 254 255 22 255 255 255 68
    255 255 255 255 2 255 223 255 255 255 255 8 163 255 255 223 255 255
    48 235 255 12 181 255 255 255 209 100 255 255 140 255 6 88 255 255
    153 215 123 255 84 147 157 247 70 255 255 255 94 255 255 128 255 221
    80 255 12 42 171 255 124 205 167 255 163 255 90 181 255 187 165 255
    80 255 167 255 100 255 28 50 255 74 211 255 177 233 99 255 255 255
    255 84 145 255 219 177 255 181 255 255 72 255 255 255 240 138 100
    255 255 255 255 76 255 193 223 255 255 235 211 242 255 255 255 26 68
    255 253 205 185 255 255 147 255 219 255 255 217 255 255 98 97 255
    159 255 62 142 255 255 157 255 197 12 255 255 68 229 130 255 246 213
    38 255 255 124 235 219 201 255 136 32 72 255 8 127 255 255 255 255
    255 255 255 217 255 255 255 159 255 153 255 255 255 255 255 255 111
    255 6 255 255 136 255 187 255 201 102 233 255 255 165 103 255 128
    255 255 255 238 132 161 175 24 185 203 255 255 255 94 255 28 255 255
    149 255 181 255 132 255 255 52 255 58 255 255 197 255 255 255 255
    255 255 255 241 242 255 255 255 255 46 255 28 255 255 255 74 143 255
    255 255 255 20 255 191 171 255 255 255 248 112 255 26 247 18 255 255
    255 255 6 235 28 201 255 187 255 46 231 255 255 167 185 221 195 64
    229 171 205 255 58 255 255 255 255 255 255 12 207 255 255 126 117
    249 255 175 199 255 248 255 159 255 130 153 121 42 48 193 255 24 58
    255 245 38 255 209 149 217 72 175 94 203 97 118 255 119 50 92 83 255
    255 141 255 229 117 255 183 113 40 163 255 110 30 255 233 255 255 58
    32 255 255 255 165 253 10 183 46 255 125 60 118 255 255 235 229 231
    255 191 90 255 255 255 112 255 255 146 255 255 150 255 255 255 250
    255 245 255 48 187 255 62 46 74 191 255 255 207 207 255 145 126 163
    2 255 79 177 255 255 255 171 22 255 255 255 255 225 105 171 88 255
    255 255 6 181 255 255 255 0 233 62 94 255 213 42 255 34 255 255 219
    255 255 255 233 157 32 255 255 167 255 30 255 150 56 64 255 255 255
    56 255 4 255 255 130 255 255 229 171 255 145 70 145 112 255 255 255
    251 255 155 255 131 255 52 157 255 74 255 12 255 201 255 165 255 255
    255 191 145 128 255 255 255 187 255 64 255 233 255 255 58 255 187 12
    44 60 14 84 255 255 255 68 145 255 255 255 185 197 122 237 83 72 116
    255 255 205 127 78 255 255 56 155 255 255 219 8 56 255 255 255 56 66
    28 219 255 36 255 255 255 255 255 255 144 255 255 255 171 255 0 103
    229 255 173 255 88 255 177 255 255 255 255 87 6 26 255 62 255 255
    223 62 54 255 255 255 255 146 4 255 255 161 255 181 255 255 255 105
    255 255 95 255 193 56 255 255 125 255 255 255 255 110 255 227 52 255
    203 108 115 92 255 215 90 94 4 102 30 54 8 233 255 255 255 254 255
    20 133 116 255 60 98 255 129 255 80 255 245 255 255 102 255 157 255
    255 159 66 215 255 255 207 157 255 255 255 106 56 209 255 255 255
    201 255 255 255 255 255 255 255 255 128 255 252 163 255 255 255 255
    255 231 255 255 251 239 255 132 247 255 255 255 255 209 255 85 50
    255 240 40 255 64 140 140 143 255 255 107 42 247 255 255 14 255 90
    120 4 255 255 48 255 253 250 255 255 62 255 46 24 50 255 223 34 209
    141 255 221 22 195 255 199 130 255 153 255 26 66 255 225 255 255 255
    255 120 255 255 255 88 255 255 118 255 255 70 28 114 255 246 255 255
    255 201 12 221 86 191 255 145 255 14 36 255 111 255 255 70 255 255
    244 255 255 255 255 167 255 201 62 255 82 50 255 255 255 111 191 140
    201 237 255 255 255 181 64 30 255 131 255 52 87 255 255 255 82 46
    255 255 177 2 255 255 8 177 255 255 76 72 255 159 187 255 255 255
    255 255 255 255 108 64 255 255 255 52 255 255 255 225 255 125 237
    255 255 169 30 255 56 255 255 255 56 255 255 255 70 255 4 255 52 64
    255 255 106 255 189 28 255 2 110 187 255 239 255 114 215 255 221 118
    225 96 90 255 205 255 255 28 255 237 255 142 255 151 24 26 255 255
    255 255 255 195 255 112 255 255 92 255 241 255 30 255 255 255 255
    255 255 255 251 255 255 255 133 255 195 235 136 28 175 16 255 255
    249 108 107 255 138 255 88 167 255 255 58 115 255 255 238 209 243
    255 255 18 66 255 58 255 255 255 171 22 255 255 255 229 255 229 255
    157 255 130 255 255 34 173 175 255 255 255 6 255 255 255 20 185 255
    103 255 255 123 255 255 83 255 255 175 24 255 255 255 255 229 38 225
    255 255 157 163 255 255 93 255 255 34 140 255 255 126 255 209 44 255
    255 114 255 93 255 102 255 114 255 255 255 80 183 255 255 4 255 255
    207 255 255 255 255 30 255 149 255 133 223 110 255 255 255 255 255
    255 255 52 255 255 106 255 255 255 255 255 211 183 255 70 74 117 84
    255 255 185 52 255 145 255 255 136 165 163 38 42 255 255 255 127 92
    46 177 201 255 255 191 255 255 58 255 157 102 102 255 255 255 255
    255 221 255 255 255 34 100 153 155 16 255 255 255 255 181 255 255 34
    255 255 169 255 140 165 255 181 54 195 243 255 30 255 54 247 92 255
    8 84 255 255 183 111 255 161 254 28 94 255 255 255 22 161 120 44 42
    189 255 219 255 255 255 50 145 255 255 238 255 255 255 255 201 255
    227 255 191 0 144 255 110 255 161 255 255 255 255 255 153 255 255
    255 215 255 255 255 171 255 255 255 38 195 255 117 255 255 191 255
    255 255 211 255 79 72 255 255 255 255 255 255 84 255 46 255 99 255
    12 6 255 22 79 255 144 113 209 255 255 26 255 255 255 88 58 42 26
    255 255 255 175 255 255 229 114 255 255 255 159 255 255 14 40 255
    104 197 255 255 255 84 255 6 255 229 72 66 255 255 26 175 48 165 223
    203 157 96 213 255 255 129 203 255 255 211 255 255 255 255 255 18
    255 255 255 72 255 209 167 255 255 255 255 189 255 255 255 64 185
    255 62 137 147 255 255 255 30 255 201 255 255 36 175 64 112 66 255
    255 255 157 255 132 213 4 54 93 255 255 2 255 255 42 82 221 255 149
    255 32 255 255 255 90 255 22 12 96 89 255 132 187 36 60 215 241 255
    255 255 255 255 98 189 255 255 231 78 255 255 255 255 255 175 16 255
    24 142 255 250 255 78 161 191 26 81 255 255 18 255 161 255 255 104
    52 48 255 255 225 255 255 239 255 2 255 255 255 255 126 141 185 92
    28 157 205 255 108 173 255 255 66 197 255 209 14 229 42 255 124 165
    66 255 225 255 42 191 213 124 30 157 255 255 137 185 193 255 255 255
    151 255 255 255 120 171 255 255 255 2 255 20 255 255 255 223 104 247
    255 255 255 22 255 255 113 179 12 255 116 255 255 255 255 255 255 26
    255 255 255 78 98 146 255 167 231 255 199 40 244 126 255 255 20 255
    209 255 38 248 185 255 235 255 249 255 195 171 105 110 231 131 255
    189 255 207 255 255 255 2 181 145 72 255 255 255 155 255 255 255 255
    239 255 74 157 255 255 255 255 2 122 97 255 255 255 54 255 32 98 28
    255 6 195 255</data></your_img>
</opencv_storage>
