<?xml version="1.0"?>
<opencv_storage>
<L2_diff>4.2670563624119150e+03</L2_diff>
<test_img type_id="opencv-matrix">
  <rows>100</rows>
  <cols>100</cols>
  <dt>"3u"</dt>
  <data>
    19 240 127 38 195 139 118 216 145 87 0 191 249 238 119 110 137 64
    152 114 28 10 190 95 106 23 89 71 190 182 118 13 162 150 64 189 200
    222 178 109 217 121 225 191 193 30 181 79 77 199 136 107 54 194 168
    9 114 153 67 39 221 244 102 233 27 61 45 111 230 91 96 234 83 227
    182 68 168 91 194 165 96 188 3 52 128 207 91 118 136 26 197 99 182
    224 51 217 234 206 118 137 160 156 222 190 30 32 241 155 135 197 79
    7 15 32 242 29 103 36 163 64 64 58 214 119 235 18 83 27 177 210 153
    245 65 236 138 128 132 49 243 200 242 99 200 113 3 215 229 187 70
    220 51 121 72 219 164 133 219 168 125 37 66 21 179 70 150 94 208 83
    224 177 48 182 21 47 23 10 155 62 244 250 70 88 174 219 147 68 135
    125 39 209 1 84 207 95 71 182 166 90 62 38 98 3 26 107 201 231 134
    40 247 128 58 235 17 72 62 252 255 78 151 8 177 125 209 70 1 17 174
    54 193 135 75 223 0 27 248 131 124 131 170 151 29 30 255 216 37 33
    210 54 90 122 142 57 140 184 48 218 83 160 137 159 108 149 98 36 32
    110 235 139 87 48 241 191 38 64 53 122 237 96 94 177 201 72 0 86 152
    235 158 197 202 141 30 187 175 138 95 116 27 6 226 220 240 12 175 34
    94 248 24 146 180 56 202 173 77 48 204 223 240 152 33 216 255 1 138
    107 1 193 128 233 138 63 50 201 98 101 237 127 150 90 179 115 253 50
    1 248 137 58 57 59 253 213 20 130 150 77 66 30 157 110 166 184 81
    194 65 1 183 221 180 119 16 114 15 120 59 127 187 175 13 122 120 75
    228 241 131 213 253 4 254 13 74 185 41 233 166 102 16 149 116 91 74
    31 174 58 94 108 204 92 137 203 237 161 138 241 179 113 187 66 108
    197 145 101 80 150 84 205 139 44 157 155 76 71 175 65 1 248 5 28 168
    35 21 167 32 21 34 85 162 12 102 86 30 61 75 53 243 61 189 155 213
    121 212 30 40 5 219 73 206 35 74 184 131 134 14 134 88 94 136 143 47
    251 118 81 82 162 137 21 86 124 83 194 207 199 100 222 66 217 150 25
    252 180 207 148 86 254 238 229 95 65 41 223 222 191 61 169 125 145
    165 157 109 191 155 185 239 14 207 199 234 216 170 201 221 6 231 197
    213 44 160 158 99 238 235 67 22 11 151 16 35 81 119 91 178 34 189
    166 77 109 78 250 171 142 248 58 180 167 176 35 58 141 60 148 2 235
    220 72 36 81 192 156 160 37 104 157 211 118 255 70 56 27 127 207 162
    199 30 122 64 245 123 134 183 98 219 1 69 2 49 255 8 195 146 84 76
    96 150 197 190 68 212 131 40 195 60 247 101 94 134 110 155 211 91 74
    84 190 189 16 164 73 203 134 245 65 3 241 21 162 163 194 194 72 244
    6 43 148 42 82 249 201 73 210 135 198 241 251 114 131 92 198 191 210
    208 67 79 213 3 13 224 248 215 69 95 72 109 139 250 20 93 208 181
    227 121 3 233 167 106 113 9 155 207 186 35 241 66 226 235 83 162 174
    202 7 9 195 178 234 107 96 45 11 233 110 251 65 0 42 228 221 216 141
    35 125 30 12 146 162 191 128 31 89 9 161 171 254 78 91 158 1 208 13
    166 76 45 201 149 29 168 26 13 121 194 112 218 55 117 24 68 205 43
    165 18 237 138 223 59 141 180 220 163 68 246 51 1 70 76 230 61 143
    175 226 16 25 150 246 74 94 80 52 130 195 238 242 112 184 167 18 132
    248 3 102 83 218 213 159 111 187 34 119 77 254 38 89 57 219 87 48
    171 116 176 94 96 196 248 124 212 46 27 197 22 192 135 149 43 38 35
    171 5 167 183 228 7 226 242 140 193 20 105 180 206 163 78 75 207 135
    15 233 66 47 24 89 33 31 119 72 126 119 53 221 109 188 147 15 193 20
    249 138 118 108 91 227 198 147 81 196 67 52 136 65 205 150 100 190
    130 87 62 74 148 71 229 51 159 206 13 247 13 134 229 16 166 207 147
    240 94 215 79 137 71 134 212 54 47 12 219 172 110 28 1 51 225 166
    186 162 86 60 168 196 233 185 222 132 9 10 163 137 171 137 79 30 198
    135 229 255 102 110 151 25 0 122 219 130 30 205 145 27 255 161 75
    127 55 3 23 57 241 46 30 175 71 118 0 192 108 173 11 59 50 135 73
    218 172 140 183 228 59 74 147 252 60 41 197 29 56 10 87 163 44 109 0
    235 58 11 117 116 12 120 18 167 52 141 7 71 130 53 6 151 90 217 25
    212 187 72 170 135 72 183 121 2 170 142 232 136 27 215 125 22 117 8
    130 39 160 13 244 86 186 40 125 71 42 122 187 187 141 246 57 219 158
    66 91 245 24 35 204 41 219 207 96 100 246 234 150 211 160 243 162 36
    222 251 34 52 246 158 237 191 98 36 218 4 141 9 211 42 81 109 87 63
    235 163 38 209 25 169 39 89 50 126 233 113 5 195 174 147 250 243 239
    158 213 19 117 202 54 244 200 2 118 248 231 255 184 179 226 43 249
    66 203 212 153 100 172 200 51 178 163 73 130 96 116 51 124 219 68
    251 225 1 251 198 145 1 144 57 61 145 222 139 156 5 177 150 173 202
    27 97 14 159 42 149 76 152 201 97 64 144 31 115 123 228 151 146 218
    146 50 73 243 123 145 76 133 238 101 112 178 165 51 164 150 226 228
    6 157 140 181 122 162 165 202 185 178 96 212 201 40 238 168 243 149
    124 66 248 95 120 185 85 207 81 234 170 129 37 220 71 20 171 150 201
    23 122 166 227 178 137 220 92 69 219 108 25 74 227 19 63 239 62 138
    223 209 196 184 115 162 201 136 185 60 44 103 36 30 98 209 8 128 101
    206 169 253 124 93 118 178 182 233 69 214 216 93 245 232 242 250 208
    36 224 196 170 84 135 225 161 239 198 105 221 144 194 219 167 8 149
    248 194 209 94 22 207 36 158 10 72 226 11 63 127 131 252 136 124 95
    27 162 94 57 89 15 160 63 0 230 184 152 223 203 221 79 28 35 123 172
    19 215 185 108 201 190 93 26 1 35 87 93 34 25 193 6 203 167 36 106
    105 203 211 75 188 87 180 11 219 20 197 51 117 28 2 146 77 25 21 16
    149 246 36 41 191 172 16 253 89 155 91 8 213 76 245 40 152 47 209
    190 148 106 179 119 48 75 175 98 150 242 207 25 4 188 139 207 82 187
    46 99 6 201 180 68 147 0 117 65 142 4 152 156 56 165 30 214 151 38
    185 183 85 155 243 93 89 203 169 36 65 158 71 182 128 226 139 222
    115 220 80 56 112 179 132 248 159 153 191 229 215 147 3 217 65 107 3
    101 153 134 12 116 205 191 37 26 97 163 161 218 0 240 184 82 162 24
    12 164 88 64 21 102 190 225 114 233 122 40 137 140 10 219 105 144
    186 23 149 179 97 41 208 62 241 6 38 201 7 174 99 250 44 38 249 178
    181 17 33 79 155 93 60 66 246 57 111 108 197 70 135 19 43 140 72 191
    21 253 142 192 118 166 29 43 120 85 76 40 237 36 96 138 110 5 112
    107 67 39 187 240 2 145 42 193 77 89 172 138 177 84 136 94 125 14 28
    64 13 98 33 95 64 233 150 151 129 193 24 11 201 44 139 43 178 53 251
    77 111 138 155 2 88 0 140 37 213 94 201 243 161 255 93 56 7 176 141
    90 219 153 253 164 251 97 28 225 23 108 195 169 228 89 99 240 99 8
    96 115 102 97 119 134 97 217 79 163 139 242 114 59 217 4 220 188 186
    46 133 25 44 169 47 231 162 246 219 208 97 178 5 187 166 72 156 42
    12 220 104 128 203 47 119 129 149 191 157 13 138 159 118 132 19 202
    126 12 188 244 57 40 36 47 74 98 81 222 254 39 29 54 45 173 178 34
    157 207 127 222 74 130 144 111 140 157 0 214 105 233 150 106 171 78
    133 126 44 202 18 234 174 97 111 68 213 67 238 59 214 221 81 199 228
    20 196 147 17 166 33 95 83 154 2 160 52 71 117 0 20 8 20 224 204 198
    69 221 105 139 25 6 119 111 82 251 89 161 134 110 249 206 68 66 237
    42 47 197 85 101 7 90 204 88 155 103 201 208 233 240 47 8 207 82 215
    167 111 193 80 196 122 162 8 171 250 93 144 239 117 16 92 38 210 15
    16 103 165 131 159 182 152 7 176 115 96 211 79 103 47 142 171 92 56
    164 111 224 255 53 131 244 89 114 102 118 172 137 59 135 131 116 181
    66 117 95 133 222 231 70 155 91 104 103 29 179 103 93 144 233 186 80
    204 101 163 196 118 237 60 218 130 227 238 148 139 56 239 243 60 67
    215 44 93 249 184 151 23 88 7 23 176 24 36 70 238 215 153 92 59 207
    25 20 44 224 118 69 154 192 167 141 79 112 75 65 193 133 47 110 42
    28 101 208 137 169 6 71 36 39 159 148 195 125 22 33 51 77 159 104 41
    184 182 56 17 71 230 79 250 102 168 88 49 145 103 107 106 182 57 200
    213 10 9 32 179 71 31 132 27 183 16 110 83 156 58 123 82 166 230 197
    189 127 1 195 212 133 224 121 162 187 234 127 4 148 39 142 130 102
    208 164 52 209 159 187 98 250 195 157 105 245 138 55 237 27 41 158
    175 28 151 192 49 200 110 38 102 216 143 206 13 188 172 232 116 222
    249 138 59 127 246 14 17 66 30 231 94 167 108 131 136 109 56 71 9
    172 121 206 230 127 143 113 119 239 227 255 204 129 234 200 10 34
    179 18 147 31 116 212 9 63 14 116 181 10 43 20 139 243 231 217 50
    245 1 225 68 146 130 38 185 158 151 184 244 196 44 69 5 164 246 142
    198 214 95 111 162 74 41 159 16 252 87 233 169 113 49 70 183 206 192
    111 149 31 147 88 194 78 255 228 165 142 16 85 42 105 122 138 208
    115 70 163 179 213 2 38 177 63 34 50 87 24 99 125 236 47 79 174 177
    46 75 83 67 37 149 242 147 210 126 139 100 159 204 163 20 76 131 40
    235 125 79 19 222 5 235 74 176 222 206 100 97 253 40 134 109 198 54
    204 181 212 203 23 200 238 202 55 62 6 144 66 68 160 102 27 230 143
    68 83 25 197 127 24 119 103 28 104 130 231 41 227 147 156 29 98 54
    206 42 21 10 235 217 207 225 193 100 0 134 40 215 114 1 28 111 122
    172 89 199 11 143 248 132 181 18 12 238 65 113 49 107 186 50 144 12
    159 89 248 84 179 202 171 126 205 196 139 254 167 192 217 127 12 137
    241 91 39 153 93 213 76 209 163 89 234 17 242 202 228 21 229 249 88
    200 82 98 179 168 177 90 125 90 147 138 30 112 117 26 181 10 181 160
    210 187 105 94 77 185 72 216 129 210 0 32 31 29 235 40 185 216 27
    215 32 232 26 225 69 174 73 35 71 75 138 116 98 131 52 121 223 219
    252 192 205 181 81 236 229 30 23 229 153 111 94 59 58 166 166 99 150
    27 163 168 116 51 150 36 163 162 215 48 85 244 232 93 214 103 222
    105 183 189 146 93 110 217 203 197 101 91 219 251 68 21 147 192 157
    253 238 118 111 202 202 77 218 205 218 66 160 15 61 94 97 1 162 100
    105 13 30 63 61 253 200 124 48 57 0 65 240 102 241 171 250 36 85 38
    106 142 226 92 191 135 46 31 29 164 99 0 39 108 187 37 46 238 30 90
    74 0 58 205 26 232 250 139 247 31 248 148 102 126 148 115 165 163 61
    108 39 172 96 158 25 82 233 32 208 189 152 137 207 7 121 199 201 100
    30 146 95 78 15 189 91 108 250 44 99 16 106 35 222 168 117 130 89
    247 223 89 126 93 208 180 109 153 116 13 15 197 12 167 30 201 113
    138 215 48 152 153 203 143 254 173 30 150 115 221 110 39 173 3 216
    226 211 53 172 11 185 33 113 144 68 148 78 244 11 115 53 215 234 92
    49 248 0 48 35 39 46 38 157 227 25 15 45 197 177 218 120 236 233 118
    14 2 48 97 51 141 109 225 101 207 173 177 231 26 115 228 115 193 11
    131 67 26 26 139 157 197 189 100 208 41 92 147 61 219 165 145 148
    236 43 111 85 54 221 121 83 18 96 113 118 73 112 245 221 164 198 212
    98 116 232 185 190 144 137 138 76 90 98 255 163 124 206 97 217 106 7
    56 224 87 219 240 194 29 2 18 222 79 229 177 253 122 240 105 130 214
    185 43 100 217 239 179 92 5 115 82 212 177 177 211 173 197 213 111
    168 46 167 20 240 146 93 29 181 159 145 18 206 39 120 204 200 227
    201 225 11 69 120 121 33 112 14 194 196 186 214 47 233 32 7 123 98
    65 188 143 15 210 14 233 220 247 226 154 230 210 219 211 224 104 241
    149 30 34 142 211 48 237 135 65 192 230 254 203 20 43 253 147 248
    220 73 111 250 111 224 25 16 42 131 248 88 169 107 97 155 62 86 78
    75 206 49 88 28 2 37 109 81 255 172 141 138 44 68 38 29 199 59 11
    221 130 148 203 148 68 176 185 220 48 62 113 63 185 135 83 233 226
    65 204 70 34 170 85 202 207 50 41 27 67 31 104 203 124 196 251 233
    113 220 148 192 61 37 197 177 19 240 220 43 28 186 136 80 2 254 188
    28 45 23 51 246 116 130 230 199 205 104 190 92 115 44 67 102 194 161
    12 171 187 188 244 178 74 71 111 226 47 205 169 201 226 14 32 109
    104 104 46 6 151 95 154 11 219 157 38 251 162 71 179 202 234 10 30
    196 19 201 138 107 149 221 8 129 95 90 253 191 120 206 89 60 220 113
    15 224 15 120 76 25 95 238 97 124 160 100 235 132 100 121 25 117 189
    92 113 173 141 98 91 249 88 36 146 149 222 184 57 127 182 174 107
    106 160 160 209 186 48 219 148 165 249 220 47 46 194 32 43 138 75 27
    226 63 187 15 212 212 26 202 85 151 199 20 74 209 56 89 167 74 132
    186 197 161 167 239 186 215 116 140 243 22 41 219 146 214 123 9 214
    233 68 85 95 53 251 223 47 178 132 98 3 244 218 100 129 162 48 241
    83 81 74 146 242 27 170 201 31 229 221 135 42 170 117 76 198 125 125
    145 30 103 105 68 47 57 118 108 35 117 163 209 209 126 121 139 248 8
    131 231 102 125 222 179 124 155 201 157 170 25 241 50 237 30 48 212
    41 10 144 75 126 104 104 173 114 14 197 54 118 187 126 254 73 106
    152 154 25 43 207 209 66 72 211 184 123 253 228 112 78 233 119 51
    163 16 148 201 205 151 61 84 140 142 8 211 70 60 154 147 147 247 51
    219 49 123 20 141 88 97 16 12 103 155 191 139 6 194 160 160 255 30
    78 136 160 84 142 205 60 156 214 105 224 21 230 122 221 150 52 144
    254 174 245 167 205 182 157 62 249 2 45 167 218 178 231 31 38 74 250
    174 28 243 189 206 54 30 1 38 90 68 127 114 195 247 103 215 114 186
    228 238 100 108 249 235 60 163 237 32 6 163 0 96 151 13 122 13 32 80
    71 183 170 20 183 129 183 3 181 85 104 100 84 9 94 184 212 200 81
    158 201 147 208 78 200 238 73 109 205 62 224 171 205 105 121 229 134
    52 199 50 99 79 152 160 107 240 64 207 178 21 147 163 5 233 234 212
    177 6 36 248 213 255 5 140 171 180 54 8 43 171 222 31 88 88 112 42
    98 21 29 55 122 19 173 194 245 194 194 185 88 59 19 162 25 5 126 83
    231 160 54 21 71 95 43 166 76 90 149 146 58 20 152 245 52 51 46 32
    17 63 143 7 23 195 95 205 43 40 45 96 177 209 8 138 38 51 66 61 50
    106 146 234 126 200 126 150 148 122 246 50 111 27 100 107 117 100 65
    98 84 189 85 153 180 142 132 124 221 53 90 51 172 208 124 182 247
    197 178 145 29 90 73 132 70 255 34 91 67 219 151 58 201 241 150 57
    77 203 174 16 170 52 62 23 15 67 207 172 231 111 66 6 217 70 75 233
    167 152 207 230 239 59 120 135 154 6 131 241 19 213 239 109 209 102
    164 204 34 102 57 194 143 18 141 161 203 184 56 179 32 99 75 174 144
    146 242 8 163 153 155 98 130 62 72 198 90 222 155 96 143 146 128 181
    185 241 146 198 16 123 192 249 199 131 155 186 251 104 50 150 238 6
    75 15 131 85 212 114 54 120 110 155 160 181 113 31 6 121 199 124 85
    253 143 186 236 230 130 33 63 248 103 23 89 43 16 95 155 160 254 240
    205 106 98 236 125 202 74 21 5 31 55 147 0 223 6 160 145 143 67 88
    76 246 5 251 210 80 198 174 98 76 26 204 139 70 42 138 220 133 15
    137 202 120 126 242 105 207 69 80 14 69 237 207 182 157 66 189 214
    225 2 17 194 249 163 98 166 200 58 187 243 78 101 156 197 92 217 212
    157 172 129 163 215 186 219 233 201 140 77 253 102 255 182 34 116 68
    166 191 106 104 45 35 132 152 21 11 24 180 107 83 74 251 129 133 34
    109 92 83 103 99 165 76 190 228 21 131 18 156 101 59 102 185 222 244
    41 212 24 92 192 137 143 14 198 124 111 83 35 26 116 242 244 55 42 6
    57 13 114 161 53 252 146 232 103 207 223 242 127 233 211 189 236 47
    89 199 2 110 44 106 147 212 20 24 83 123 39 30 158 14 3 75 6 99 229
    226 42 185 120 9 205 223 174 43 195 80 3 10 92 202 181 158 133 44
    181 118 94 148 237 25 80 13 231 233 90 8 1 93 195 224 60 41 242 55
    121 185 32 245 233 123 8 78 170 87 75 120 245 180 89 100 147 150 109
    241 241 122 255 166 167 241 242 245 26 222 250 112 14 251 150 52 40
    57 253 54 70 252 213 22 178 217 119 191 214 74 209 236 209 49 115
    164 201 40 216 152 21 163 38 241 168 189 245 106 90 132 34 140 26
    133 102 252 240 99 196 250 49 135 35 203 19 147 230 92 11 207 139 42
    152 182 82 176 96 227 129 56 53 203 156 15 43 65 140 207 41 239 102
    25 139 117 220 40 71 90 232 135 180 171 21 81 63 15 86 177 128 7 100
    76 142 18 70 47 252 116 239 92 90 156 115 83 186 229 63 252 119 144
    8 154 130 5 25 30 187 236 119 186 113 65 112 48 102 154 82 149 191
    55 2 197 33 9 115 222 14 12 48 35 195 103 178 83 188 184 52 214 37
    121 237 168 64 39 41 242 140 21 169 199 37 141 198 8 45 15 15 118
    192 131 10 204 148 55 24 232 240 28 185 65 248 222 140 167 180 55
    126 100 133 189 62 116 25 254 235 170 252 39 92 33 52 244 210 141 90
    47 211 183 222 33 61 58 162 70 96 2 183 12 107 221 47 31 112 119 40
    236 183 17 147 226 44 35 163 66 187 246 131 212 78 126 53 118 194
    142 53 193 213 176 171 198 139 0 222 191 217 74 190 227 221 105 214
    217 20 86 140 111 97 191 238 2 223 142 96 238 255 212 190 218 89 127
    188 177 104 108 162 57 149 17 55 42 28 237 129 213 2 228 152 56 90
    105 174 49 236 11 150 183 107 254 185 241 173 33 3 85 132 64 32 84
    113 166 33 213 101 70 17 22 236 45 110 132 52 66 138 202 221 56 56
    140 38 198 250 18 168 158 191 211 147 205 150 61 132 240 230 133 63
    200 61 214 24 16 52 20 4 207 234 241 96 18 206 38 172 54 95 165 63
    228 209 129 213 118 85 17 80 125 153 206 251 234 243 212 230 23 131
    105 9 231 119 81 150 160 143 134 179 155 160 240 246 194 5 190 15
    235 127 218 99 157 219 25 152 116 176 103 117 125 118 84 15 195 124
    187 245 30 231 108 197 61 26 78 178 117 255 167 119 49 9 13 135 6
    175 39 128 152 57 172 191 214 52 174 255 176 31 197 101 217 94 52
    121 15 201 208 238 63 102 34 138 2 192 248 203 9 205 105 224 124 248
    110 161 84 184 143 88 196 40 29 99 219 139 4 100 145 241 68 157 246
    173 200 25 112 168 40 85 67 175 74 25 190 58 195 58 95 98 160 104
    101 66 171 146 48 238 173 137 21 23 242 79 162 155 15 74 50 12 48
    120 55 69 183 254 72 71 2 152 130 61 96 19 129 133 241 159 206 33
    153 139 177 143 217 40 91 249 254 22 26 207 101 45 57 216 195 98 121
    91 81 50 153 139 26 136 20 229 119 88 52 25 45 22 175 37 24 56 238
    83 22 107 114 153 75 63 175 57 49 80 148 214 172 34 205 40 235 173
    212 228 9 128 246 203 179 44 66 99 153 68 181 165 247 135 131 12 210
    118 49 185 33 95 178 22 55 64 118 242 251 49 255 94 234 155 47 198
    29 83 220 145 144 167 17 51 203 201 94 28 92 34 56 70 98 197 161 35
    24 96 220 186 191 146 58 142 19 90 62 15 88 211 221 209 240 118 213
    76 229 80 232 29 109 137 56 13 94 251 45 232 212 54 245 210 238 40
    26 209 95 108 253 183 178 22 245 174 124 200 146 85 213 136 112 59
    197 25 182 46 241 236 50 168 67 110 57 56 194 50 122 21 72 144 170
    188 93 45 1 171 94 175 109 27 17 175 15 91 40 118 24 71 63 211 203
    104 115 234 25 52 215 8 154 142 14 127 222 202 47 232 141 86 41 5
    160 178 240 245 68 45 220 170 20 35 85 196 235 180 127 63 18 9 44
    202 246 192 59 214 114 99 139 10 249 230 179 9 115 245 217 12 70 190
    36 163 31 213 180 68 178 77 80 182 127 16 157 254 133 177 143 119 85
    145 229 187 233 90 7 174 20 147 253 113 253 177 118 190 222 170 68
    171 254 171 22 20 156 223 252 150 16 0 57 235 227 139 154 81 245 181
    24 45 177 198 193 191 182 80 178 246 118 188 234 126 31 210 80 92
    167 5 30 21 175 244 249 244 222 139 238 14 255 29 153 62 241 146 208
    32 95 197 251 206 21 161 92 45 15 145 203 92 251 110 186 191 83 149
    244 103 207 2 166 134 39 215 81 19 49 166 145 164 245 129 192 49 20
    171 167 86 77 58 224 227 134 240 72 226 13 220 208 233 2 80 227 129
    28 32 12 126 203 115 188 33 201 251 83 211 116 123 212 138 223 93
    132 38 79 31 250 89 128 138 171 159 177 126 3 0 19 29 134 154 87 223
    43 118 89 141 86 105 90 179 137 9 128 189 8 89 83 169 95 135 106 57
    251 177 22 109 96 111 41 54 245 120 25 246 157 5 150 199 201 139 80
    56 109 241 53 57 73 142 231 80 36 54 131 168 135 99 96 212 52 238
    226 123 85 96 185 101 219 37 140 46 218 240 166 223 175 1 115 238
    196 215 22 149 215 173 203 136 185 250 170 188 174 133 209 237 192
    220 167 125 146 187 202 12 123 132 60 249 90 78 69 242 43 52 216 173
    94 203 34 208 172 201 183 90 209 162 84 169 220 176 172 57 169 231
    123 83 191 250 241 31 172 92 97 225 137 118 242 1 72 188 148 149 17
    145 58 116 136 93 159 236 57 195 146 20 153 164 182 99 11 178 158 85
    153 244 19 173 162 168 12 55 39 108 105 35 77 51 236 193 108 173 90
    69 17 96 60 208 208 87 242 218 155 234 138 43 120 22 157 36 255 163
    148 31 141 67 124 62 45 251 76 213 243 16 207 190 72 6 73 234 2 238
    7 105 198 210 8 145 228 125 110 40 96 140 192 182 138 168 163 76 119
    187 191 35 217 220 150 63 25 35 94 135 166 238 16 202 5 59 18 127
    186 172 182 37 23 205 237 74 198 53 213 200 236 151 130 160 122 121
    174 139 45 46 119 158 106 208 9 196 130 211 187 7 61 149 57 171 127
    74 121 206 242 51 215 251 89 61 69 16 49 166 139 174 174 139 143 64
    176 63 180 161 126 152 150 112 137 86 171 214 178 32 13 22 0 64 33
    60 112 173 110 10 210 47 68 158 126 225 243 203 65 199 53 111 232
    173 237 234 89 37 121 15 84 76 228 192 67 168 28 10 94 104 186 133
    164 177 148 24 31 14 139 143 103 172 91 251 116 209 203 5 90 22 65
    235 211 143 244 17 237 132 58 248 184 53 109 179 100 104 8 167 61
    249 76 5 52 212 96 9 122 71 200 109 203 24 149 141 238 172 211 92
    200 73 2 36 88 69 219 140 104 223 244 191 177 61 37 117 221 155 3 91
    226 162 102 216 235 202 223 130 243 208 228 17 199 86 116 130 109
    113 109 74 108 150 119 59 212 23 152 126 112 125 254 57 221 229 197
    135 55 87 63 183 14 2 102 233 132 58 236 83 140 241 171 202 194 51
    246 203 76 204 232 158 155 97 150 232 188 159 220 4 228 54 51 211
    211 63 13 117 186 255 237 155 164 188 120 177 9 246 59 131 120 255
    204 64 144 247 151 108 161 254 242 173 134 80 227 206 0 112 173 70
    253 207 181 45 105 123 85 164 4 224 58 189 82 204 69 201 234 148 107
    74 31 195 141 155 189 65 202 58 121 129 173 95 238 87 162 35 112 63
    178 188 75 226 156 140 64 62 20 57 187 250 247 232 172 218 4 19 197
    248 254 240 22 80 22 39 214 79 244 22 143 43 252 123 238 92 37 179
    132 168 50 89 175 46 90 25 16 169 35 57 218 110 75 57 45 84 223 23
    224 243 232 210 125 105 175 110 15 91 238 2 197 177 140 166 179 194
    144 132 67 93 129 28 37 157 40 128 168 211 26 86 95 80 133 15 171 47
    42 76 90 251 54 188 138 89 91 242 59 187 171 58 74 162 166 218 59
    217 95 212 30 222 76 206 93 183 57 80 138 172 26 116 68 226 133 77
    73 185 13 205 252 92 84 237 11 39 29 174 22 69 22 61 56 143 215 248
    58 243 210 206 83 94 225 164 204 89 68 255 152 140 124 192 129 177
    45 128 92 35 213 14 99 246 239 80 80 15 103 142 45 10 31 254 11 230
    79 145 61 59 55 206 30 73 253 162 238 5 134 39 133 255 38 3 55 9 101
    20 128 48 26 110 174 82 14 113 210 38 31 72 144 152 138 72 205 174
    201 191 249 84 69 95 229 122 211 99 47 29 135 33 142 231 238 166 10
    39 86 149 21 42 205 19 158 51 69 97 23 198 191 102 144 193 20 147
    120 120 189 75 54 163 37 175 190 143 82 41 142 235 105 164 26 84 63
    18 226 168 212 181 242 220 237 232 188 64 157 149 9 86 81 152 165 57
    191 220 188 145 18 46 166 77 105 206 15 160 171 225 147 44 116 227
    87 186 201 10 43 201 234 110 4 149 2 85 186 71 69 73 38 72 167 208
    93 197 214 175 106 100 239 96 56 131 200 109 225 177 91 189 185 99
    51 4 95 39 185 131 151 25 233 123 144 96 229 15 184 244 229 14 85
    220 80 11 191 239 186 85 47 93 254 182 66 35 172 77 62 160 13 233
    253 57 20 42 162 2 121 182 195 195 106 171 138 119 207 193 160 232
    132 142 23 239 119 242 25 71 2 131 234 170 220 161 67 208 87 231 29
    229 106 196 255 131 64 93 54 245 201 217 239 12 111 158 215 128 89
    172 141 252 221 238 6 198 42 147 239 63 92 189 162 204 218 228 57
    229 44 145 217 159 89 135 192 153 127 13 198 151 241 56 78 116 242
    221 143 217 220 212 201 161 45 162 80 180 58 82 212 87 250 102 56
    165 167 34 184 32 21 124 232 107 93 115 246 31 204 104 196 114 190
    165 101 249 173 163 29 86 210 132 223 164 96 111 72 84 54 213 103 86
    112 64 135 161 231 207 141 76 57 121 108 99 38 29 97 44 20 137 212
    166 22 40 69 252 127 70 101 104 105 83 26 148 181 210 91 155 166 102
    59 86 79 160 133 70 115 0 97 68 110 144 106 157 15 21 101 185 160
    213 110 164 64 12 25 143 87 80 235 233 202 122 111 187 32 203 98 57
    39 183 11 37 209 38 136 12 207 220 175 77 11 173 90 246 171 157 128
    57 240 32 249 95 4 239 74 234 128 253 104 48 161 1 213 195 111 5 132
    147 24 250 121 109 195 120 111 205 68 102 52 44 142 37 139 207 157
    22 197 227 12 201 86 143 255 209 246 31 138 97 154 243 238 50 181 7
    6 231 145 100 38 202 253 11 26 214 246 141 241 62 119 236 125 238
    248 216 175 185 4 108 19 206 117 24 148 184 183 10 223 159 178 91
    225 29 19 19 25 237 151 206 1 44 70 118 10 112 87 86 12 130 229 228
    237 205 239 166 70 181 74 101 211 203 32 231 108 3 65 169 41 230 145
    24 102 188 236 97 93 58 8 165 73 212 188 116 67 91 120 43 231 78 175
    12 223 197 92 167 50 240 82 48 56 8 186 36 252 73 22 213 203 167 28
    106 134 105 153 251 227 249 172 86 47 118 60 162 4 211 174 169 74
    136 189 167 251 80 221 183 95 95 100 125 194 99 122 233 46 52 178
    105 226 51 222 84 32 59 219 89 7 245 153 41 68 232 160 149 2 209 46
    67 146 221 62 171 177 26 56 56 72 203 33 148 58 14 43 216 209 102 26
    88 44 19 217 61 232 39 40 10 252 225 17 187 80 178 244 255 209 139
    155 183 37 182 200 43 53 146 110 177 219 124 92 46 12 158 217 33 31
    228 135 44 248 24 251 150 89 141 173 144 222 146 192 87 73 138 63
    167 120 234 4 48 254 135 148 92 218 48 119 196 160 6 249 83 234 62
    46 245 84 252 38 243 118 217 135 249 183 25 59 8 201 41 67 187 126
    167 58 82 96 179 169 226 65 80 92 239 194 202 111 160 165 163 161 61
    115 57 200 163 165 144 26 155 188 250 102 100 3 163 168 41 52 38 186
    62 145 72 61 95 192 197 247 251 185 236 193 175 64 53 252 73 140 54
    161 49 191 234 150 156 45 127 206 119 227 87 43 5 61 237 184 243 48
    32 254 135 127 80 135 238 75 29 139 0 126 75 134 150 191 147 249 116
    224 0 219 11 142 102 115 208 224 3 156 157 36 47 219 59 136 237 124
    44 20 7 64 123 216 12 77 220 187 147 166 71 240 70 73 144 52 178 214
    51 155 200 3 212 148 153 35 119 18 101 204 100 86 229 7 190 145 46
    232 155 75 152 9 135 127 123 233 181 25 171 20 85 115 148 135 84 63
    92 130 254 86 61 61 104 68 245 19 32 122 3 114 153 176 151 237 63
    170 110 13 202 202 15 38 64 146 198 60 144 47 249 76 175 245 127 206
    3 187 183 213 128 142 123 28 17 249 173 197 35 13 235 222 240 135
    145 126 48 6 124 5 89 32 201 173 29 48 150 196 50 247 33 90 148 41
    220 171 123 20 129 205 192 51 227 202 156 51 107 77 162 174 71 19
    169 125 70 174 224 122 162 200 64 221 252 145 36 121 191 178 115 195
    192 68 31 219 191 105 151 79 136 138 76 140 207 100 54 57 103 224 25
    36 52 117 158 163 193 177 81 6 96 153 23 44 128 210 252 157 114 128
    137 233 182 36 77 241 186 216 118 125 43 224 56 76 108 149 40 69 222
    146 220 20 43 7 28 149 79 193 173 41 157 44 148 125 73 26 24 112 30
    229 216 92 239 167 40 96 151 23 98 176 202 130 92 70 31 237 241 16
    231 74 2 223 211 209 85 224 164 59 173 214 149 111 187 199 72 244 80
    231 78 107 8 247 27 14 85 192 166 80 249 247 125 93 73 125 77 234 62
    78 26 6 130 29 192 157 182 107 211 173 0 195 172 247 159 120 184 33
    116 227 39 79 212 204 195 254 16 58 202 192 204 55 87 125 146 182 35
    182 182 30 121 196 58 71 5 19 214 49 140 62 5 135 219 78 44 130 172
    72 13 75 96 130 46 18 117 171 163 16 90 128 31 141 84 126 38 136 248
    224 224 51 55 178 215 30 128 237 47 244 168 94 32 163 231 142 1 220
    204 169 91 195 231 129 202 82 167 147 111 9 60 7 215 242 125 233 28
    149 193 229 171 122 137 138 168 87 176 74 212 224 120 245 125 23 68
    82 102 35 139 89 83 41 0 36 107 172 62 98 46 47 94 76 66 172 131 243
    1 103 14 13 135 67 200 81 168 7 210 22 231 133 208 14 245 173 231 9
    86 55 251 48 186 79 251 7 165 137 235 125 157 158 198 192 39 68 215
    241 163 227 76 250 237 88 170 90 138 150 22 216 137 184 250 64 88
    147 195 213 114 207 183 197 146 239 175 26 101 215 45 57 167 132 210
    233 150 84 17 48 162 37 11 152 34 207 119 161 89 175 150 32 23 80 45
    135 117 17 1 235 154 75 171 190 27 187 182 95 55 231 8 84 104 5 29
    69 193 220 78 82 168 124 247 68 171 157 8 36 7 30 69 117 19 38 250
    157 53 212 227 32 162 59 51 142 178 212 210 26 88 252 47 230 191 197
    32 0 200 17 249 62 127 209 242 231 215 44 210 201 214 142 98 91 154
    234 117 233 255 210 216 252 145 228 53 145 63 168 94 48 84 25 20 123
    71 38 40 95 223 229 49 233 124 172 255 93 7 197 86 0 168 92 117 49
    235 186 22 223 244 30 247 88 130 211 0 225 76 246 22 111 30 134 9 79
    103 151 88 66 223 138 0 49 218 233 240 148 35 25 3 232 209 199 226
    234 9 20 141 101 155 29 63 16 121 233 136 222 57 20 43 96 48 145 83
    116 70 199 122 116 244 156 227 82 219 69 150 179 175 113 40 202 247
    40 194 185 241 90 63 120 191 214 21 192 172 102 130 72 113 62 101
    225 5 107 57 17 205 0 110 233 122 50 194 131 235 131 125 189 216 200
    132 143 110 227 195 89 17 152 216 85 236 129 127 88 12 108 140 176
    242 75 10 192 251 76 135 71 53 153 12 242 157 67 37 165 75 126 245
    130 126 237 7 106 89 64 39 54 133 221 35 192 36 133 79 240 41 113
    198 129 31 208 162 73 225 125 81 148 246 226 163 136 253 170 137 113
    242 29 68 93 231 59 229 56 225 192 104 191 62 180 57 163 26 228 211
    213 249 71 43 60 146 81 39 212 91 121 91 59 84 141 160 132 82 81 40
    166 239 66 208 8 82 61 246 131 181 10 15 241 31 162 60 182 139 148
    115 104 233 106 226 173 219 28 209 198 29 55 215 140 119 44 167 35
    126 30 150 204 238 177 60 191 237 18 36 17 141 138 127 152 90 33 226
    8 31 108 194 196 155 121 166 139 195 193 121 169 107 212 24 211 106
    151 202 107 179 58 66 78 60 119 221 237 200 101 106 179 216 194 101
    218 162 163 118 195 158 178 144 140 130 104 39 53 27 86 65 129 143
    36 10 221 21 7 17 147 63 244 234 64 105 208 191 23 167 110 225 91
    208 154 185 222 87 159 103 108 55 210 14 165 243 180 135 154 164 68
    35 20 226 212 33 199 203 221 202 67 134 63 193 23 64 157 212 92 201
    251 230 162 108 133 224 184 0 20 234 31 8 16 40 100 164 98 174 56
    139 226 112 46 213 146 48 23 136 246 33 88 123 5 159 21 22 129 16 46
    171 244 241 87 157 20 210 11 185 176 24 52 120 227 75 86 30 28 251
    36 152 149 191 220 71 11 154 234 61 39 234 32 251 112 212 121 45 119
    173 255 158 6 20 116 58 182 40 240 131 176 229 152 148 117 91 13 117
    50 187 199 38 32 146 1 180 192 44 13 191 21 23 160 64 84 23 157 46
    11 124 127 238 184 210 219 249 254 240 161 199 209 117 82 189 182
    188 205 128 200 131 100 16 23 177 2 46 164 62 37 195 108 222 167 125
    144 218 98 237 5 246 171 67 24 22 73 110 197 124 237 131 192 42 244
    245 218 166 64 13 44 66 52 179 101 131 79 43 61 48 141 76 255 57 46
    184 13 156 56 170 82 130 92 60 42 202 65 73 2 180 158 248 116 173 87
    153 39 240 35 230 117 94 146 89 25 188 53 144 40 253 217 66 204 30
    26 130 185 210 245 163 210 74 200 9 69 223 110 79 65 220 35 206 216
    208 153 100 98 120 211 214 235 132 124 29 244 31 107 124 89 137 46
    163 237 93 124 220 229 206 190 8 216 182 160 185 53 175 159 174 144
    254 10 189 54 144 165 113 143 249 215 251 0 148 87 188 87 93 223 153
    49 196 222 90 214 24 216 7 102 8 212 164 66 15 61 88 169 86 93 96
    140 189 80 61 172 211 90 65 239 46 49 160 7 110 67 155 209 80 63 155
    106 191 184 126 19 63 223 198 170 41 172 130 159 225 133 96 127 112
    83 152 210 26 158 76 166 206 240 191 4 103 120 148 221 96 167 80 128
    166 91 95 59 31 174 114 12 111 222 4 241 13 203 152 157 110 90 105
    184 147 28 251 91 158 175 220 214 60 0 157 93 232 51 88 94 37 5 100
    172 239 80 125 225 160 42 46 95 187 197 82 234 200 84 4 87 99 220
    102 147 187 162 253 1 37 209 203 236 71 174 224 99 38 88 69 91 64
    135 0 68 69 207 148 125 40 33 228 143 143 4 91 58 132 27 11 173 140
    190 48 56 129 227 139 101 4 178 188 59 67 41 171 95 158 28 15 55 71
    184 79 118 132 237 61 202 16 217 123 159 51 188 213 206 115 138 85
    15 110 38 193 240 103 180 88 45 237 154 10 42 102 221 159 162 241
    198 187 161 38 27 71 250 253 181 118 97 130 205 249 138 77 111 188
    233 85 136 30 131 241 157 125 181 186 105 113 128 102 176 21 197 2 2
    184 203 140 169 146 75 131 118 76 202 178 20 87 212 215 206 97 68 7
    41 161 123 45 254 49 74 254 16 53 216 41 177 25 126 196 183 67 255
    99 22 58 188 79 247 210 50 228 22 217 172 17 6 186 103 34 234 104
    155 29 48 152 151 228 53 100 76 158 62 222 114 152 138 219 49 187
    239 247 163 226 180 194 160 132 64 45 166 127 254 23 90 227 9 193 22
    44 185 151 56 155 227 109 42 172 211 85 137 171 190 174 110 253 185
    209 255 106 203 181 97 230 115 236 213 149 199 104 128 12 115 99 206
    71 111 217 241 139 63 35 123 78 194 174 166 235 99 146 240 231 89
    211 226 234 57 40 105 0 170 130 118 176 165 209 100 145 117 127 188
    197 185 228 111 225 150 11 25 85 48 173 251 6 48 169 35 11 74 182
    103 99 224 10 143 148 82 34 80 44 106 104 164 42 65 172 219 203 165
    177 138 111 62 8 104 83 205 70 172 0 221 121 112 251 224 72 143 103
    194 176 186 87 129 96 208 115 40 60 71 40 35 92 50 29 194 29 69 89
    134 51 67 150 155 228 23 176 163 45 50 26 214 144 123 59 14 131 231
    41 71 247 217 52 235 196 63 38 209 207 185 120 107 48 38 84 239 42
    158 21 50 239 50 109 213 65 194 88 210 82 91 140 31 156 88 244 55 79
    146 203 186 180 212 59 197 33 97 7 69 96 90 59 43 94 229 212 36 142
    131 18 113 99 106 66 167 156 95 191 187 53 209 8 161 108 140 90 61
    92 170 147 52 166 36 201 112 51 178 221 56 161 119 126 164 122 200
    247 244 106 65 190 137 26 62 93 171 127 229 160 190 93 214 118 211
    77 104 72 201 186 85 44 237 255 66 216 116 173 231 25 157 22 99 124
    52 115 95 239 113 102 178 117 29 112 132 44 208 143 204 21 141 96
    246 4 154 221 204 232 25 30 105 15 34 243 165 194 81 75 209 155 215
    57 253 195 38 189 68 176 168 236 60 146 233 114 44 238 238 210 82 11
    179 79 86 216 24 96 57 228 20 55 24 210 73 250 122 93 115 124 74 81
    99 157 252 93 53 184 236 78 17 175 170 168 231 70 22 114 224 54 178
    240 14 153 240 65 175 162 112 194 212 111 82 248 210 156 48 54 229
    174 6 227 203 230 204 138 213 52 93 249 6 77 22 168 211 93 242 230
    96 124 172 225 162 245 105 0 147 55 214 59 240 196 111 67 20 216 156
    12 41 38 1 244 103 105 31 34 172 122 243 31 195 47 94 89 188 14 31
    178 93 166 214 14 118 167 85 76 87 202 136 175 60 109 6 31 239 114
    122 94 190 210 33 250 114 185 49 34 180 7 69 150 38 140 33 247 17 64
    148 127 76 196 101 124 224 67 78 161 21 170 15 190 61 134 249 74 137
    17 250 69 207 244 247 193 175 49 40 130 14 218 241 30 237 24 111 116
    253 148 79 91 106 29 229 138 98 216 244 76 113 178 12 104 16 235 239
    165 222 110 28 1 161 176 135 3 31 251 77 13 20 31 54 133 100 201 244
    52 222 243 58 172 127 160 152 205 88 35 76 60 5 45 171 134 128 97
    204 155 214 122 199 160 98 32 10 142 30 56 242 250 252 197 72 226
    230 248 196 199 60 50 251 229 57 114 185 94 175 203 117 157 198 188
    74 184 245 11 87 247 34 63 7 79 6 47 234 76 193 190 113 64 123 255
    74 181 133 177 125 91 73 233 23 102 39 195 213 181 230 37 107 246
    253 135 197 227 76 247 133 199 112 206 113 242 26 143 82 138 206 236
    16 167 130 36 17 111 72 118 201 133 94 146 8 106 152 92 206 11 221
    244 24 180 175 221 128 21 221 26 121 113 108 173 91 13 242 244 66
    181 47 70 217 189 186 169 247 237 44 13 47 191 39 96 133 110 212 193
    98 16 3 33 41 83 136 45 0 63 150 206 185 204 98 217 39 62 227 20 68
    12 80 152 223 22 220 224 55 100 5 34 118 18 141 53 47 0 174 161 39
    27 93 98 18 189 132 236 249 229 29 233 14 110 188 96 225 101 108 45
    52 124 207 25 250 55 251 91 34 66 3 206 246 223 67 222 45 12 147 35
    106 170 15 176 227 236 220 3 156 65 228 249 171 110 108 81 22 115
    112 243 65 53 69 240 225 109 92 37 94 215 119 31 82 142 84 199 129
    40 9 17 214 188 15 230 113 57 211 235 57 39 94 95 23 151 142 230 246
    158 35 249 67 144 250 207 195 189 168 95 127 13 165 98 84 203 174
    101 35 191 201 90 178 130 3 229 227 220 133 63 241 132 151 97 235
    204 60 213 2 213 22 76 13 203 137 247 234 234 227 206 133 114 96 168
    230 237 104 175 205 92 250 108 40 252 54 44 61 215 46 53 76 54 244
    107 149 14 208 216 72 128 30 69 5 24 196 162 183 136 52 53 165 96
    203 239 102 166 132 216 109 87 42 109 222 174 63 145 5 187 154 207
    118 229 114 93 46 229 148 166 132 47 98 103 67 100 59 53 207 138 213
    4 109 48 149 169 38 28 17 217 183 79 90 122 155 52 226 108 215 199
    248 75 39 12 127 12 188 95 238 173 55 157 183 181 215 102 43 188 48
    8 151 105 251 132 89 194 193 183 21 126 149 168 222 63 245 118 211
    232 99 232 125 187 56 222 236 253 213 187 200 42 32 12 34 212 42 231
    97 153 213 199 67 59 178 255 20 161 38 41 250 255 172 135 61 74 45
    138 108 173 14 202 189 160 53 101 43 158 180 27 192 209 242 228 228
    70 183 145 110 220 178 193 115 199 154 24 253 126 79 10 182 213 85
    149 174 75 201 248 185 95 195 80 84 227 109 109 87 161 49 101 0 127
    219 139 169 24 209 251 193 149 234 3 79 102 195 165 104 197 111 195
    99 68 11 209 56 160 196 255 21 151 34 128 95 213 247 223 40 79 212
    157 231 26 239 88 4 35 164 240 119 145 45 180 15 75 172 166 109 125
    43 211 218 58 167 40 108 5 183 186 29 12 63 47 169 56 88 2 34 88 195
    12 214 162 90 173 191 132 141 65 148 198 248 164 145 81 128 36 21 28
    55 55 138 144 147 220 132 18 42 38 212 86 47 7 87 149 155 121 241 29
    53 250 107 51 227 156 14 204 184 63 248 84 182 83 127 6 206 46 136
    186 253 114 106 14 231 113 197 211 49 121 150 126 198 100 41 59 37
    159 17 105 37 70 181 38 154 34 51 30 142 25 208 205 85 237 61 123
    233 178 178 74 240 153 4 61 146 111 53 212 145 98 85 20 255 59 235
    87 84 181 220 70 78 56 172 115 112 184 105 206 13 255 47 70 14 132
    222 113 152 114 68 211 173 3 209 154 89 170 7 45 95 227 52 115 11 50
    10 28 72 248 44 114 166 92 174 206 62 166 53 140 11 143 16 251 236
    135 162 153 255 199 115 225 18 235 153 105 42 33 249 201 25 203 75
    123 141 244 130 23 157 8 243 205 93 188 66 85 118 193 12 94 127 243
    7 218 230 68 238 230 45 83 251 193 123 167 254 180 71 156 23 168 182
    18 88 159 88 155 119 214 226 223 235 182 185 29 98 53 238 127 60 65
    228 77 44 49 247 249 56 88 8 97 92 118 158 236 166 79 178 36 175 103
    18 179 19 141 119 76 254 6 141 5 152 63 223 211 144 66 26 136 35 5
    169 39 248 223 46 153 154 54 239 160 200 6 231 255 214 49 237 93 201
    223 90 241 215 130 163 183 237 12 241 204 75 7 209 177 15 141 45 2
    227 213 115 158 146 206 54 137 182 250 155 109 204 62 229 33 163 150
    187 120 187 100 144 93 27 223 176 229 94 52 144 201 49 157 192 117
    29 178 212 0 95 236 130 168 236 57 181 106 157 21 247 196 32 139 31
    16 50 241 232 207 187 78 80 15 185 136 55 249 47 121 107 34 94 106
    76 52 214 36 161 246 112 44 235 134 33 57 24 150 105 57 254 196 121
    122 133 108 30 162 97 246 166 28 32 192 225 230 26 184 198 181 3 28
    63 81 178 197 78 17 14 208 30 137 37 35 228 25 161 123 147 63 127
    130 76 2 158 211 91 16 79 14 137 76 4 30 49 27 91 113 186 155 61 239
    225 86 83 28 94 83 56 151 78 91 10 96 44 189 140 92 224 55 157 149
    115 16 159 190 49 119 245 250 189 229 150 64 89 255 155 117 41 145
    96 57 220 196 11 121 46 134 94 17 59 103 72 70 70 184 28 95 191 207
    195 63 215 89 57 187 130 34 186 31 168 137 41 92 19 133 247 104 249
    154 45 83 42 31 199 163 44 60 211 18 70 209 42 122 75 138 21 183 118
    34 63 162 182 45 95 61 205 128 132 97 117 181 242 146 174 215 2 248
    41 57 214 251 48 64 16 104 102 244 122 153 109 128 84 229 167 72 159
    106 116 16 205 74 93 250 90 241 198 4 131 240 19 192 187 246 168 83
    132 212 75 54 32 191 193 239 202 190 1 136 122 160 14 137 164 208
    138 52 126 173 95 121 136 253 201 178 226 60 26 179 80 185 143 189
    218 240 164 196 190 225 13 165 106 197 73 45 26 5 94 49 240 238 245
    230 141 115 241 157 218 121 200 114 251 19 195 200 151 122 108 202
    238 223 124 17 17 255 86 105 24 215 45 16 50 11 7 241 221 47 153 100
    117 214 155 244 142 238 93 82 73 196 17 189 239 73 112 151 1 87 35
    200 226 15 32 112 61 207 22 98 10 130 198 43 183 84 159 137 233 56
    120 73 159 193 127 155 90 181 61 112 175 39 123 167 33 204 16 228
    213 130 32 62 112 57 113 103 40 111 113 178 22 28 146 85 126 173 5
    191 49 60 77 189 72 25 151 68 94 134 247 204 226 245 70 30 53 139 60
    217 114 44 154 157 64 67 236 249 120 193 208 70 171 185 219 77 224
    37 35 161 207 61 165 128 196 105 142 71 248 219 114 66 225 45 249
    170 219 134 72 141 119 175 172 142 204 29 228 89 165 171 253 57 58
    194 15 202 104 30 60 49 69 180 164 43 255 39 223 202 3 138 66 67 68
    247 111 255 192 17 244 65 106 168 89 76 235 87 172 9 239 18 154 155
    169 132 137 227 14 83 39 6 239 55 191 79 219 58 226 97 166 250 210
    64 11 98 241 252 62 133 233 65 169 166 48 177 166 104 219 183 117 73
    183 68 19 49 166 174 152 214 199 213 241 103 143 90 48 201 105 218
    229 196 144 203 96 207 243 15 224 223 190 182 209 130 160 27 183 23
    129 129 17 8 10 52 130 3 71 219 126 3 150 6 161 243 218 5 36 188 198
    217 145 212 14 143 21 211 165 237 189 39 0 62 158 32 86 65 178 224
    251 46 6 58 229 56 18 58 110 35 86 97 93 244 114 157 207 14 68 52 4
    250 1 34 121 47 110 177 146 251 106 146 115 246 115 28 45 254 30 145
    13 183 43 232 130 34 108 42 253 116 179 200 86 171 166 72 128 126
    142 135 27 228 111 206 28 245 173 35 121 233 168 228 202 68 67 16 25
    14 173 33 119 105 34 253 235 31 18 143 191 35 90 17 50 62 22 232 122
    98 13 122 71 10 176 62 176 11 174 76 104 148 107 234 225 155 139 82
    185 92 109 110 135 217 179 244 187 253 115 215 246 11 247 203 79 80
    190 147 97 132 184 111 149 161 138 211 177 88 232 103 103 151 17 2
    83 143 88 81 11 64 81 28 138 176 135 64 98 252 253 59 53 47 55 219
    71 62 161 23 229 160 110 55 26 230 207 121 141 240 65 46 181 124 108
    143 58 51 221 195 66 10 206 135 106 181 48 48 83 78 214 144 158 70
    209 101 210 84 209 229 129 120 100 160 162 73 33 157 216 145 45 173
    192 97 181 31 0 24 18 24 154 128 188 246 7 17 86 118 179 19 239 207
    115 171 194 71 219 66 216 120 81 168 200 59 231 82 12 72 151 194 92
    253 29 198 230 53 125 140 116 40 116 188 233 133 246 36 201 134 128
    42 140 247 115 100 29 216 237 121 88 223 105 102 128 91 102 158 10
    255 49 173 128 53 165 38 97 232 151 56 58 52 37 66 169 164 205 57
    241 52 113 70 230 203 65 63 98 5 85 44 5 131 220 28 124 100 128 168
    51 165 96 50 31 71 156 10 134 221 22 147 178 126 211 244 21 91 178
    134 82 47 197 235 113 177 204 14 255 7 14 196 245 226 190 35 158 191
    162 39 216 91 1 215 115 152 41 237 250 250 95 22 113 128 79 215 211
    60 72 81 136 77 15 77 118 186 222 16 76 210 146 72 241 140 31 14 89
    232 107 46 62 142 170 254 5 144 241 37 125 215 80 38 136 42 12 7 201
    14 140 87 198 214 124 247 100 81 142 241 111 17 163 80 169 73 171
    242 209 43 246 222 142 142 80 20 214 42 110 111 37 128 59 227 41 161
    10 176 75 14 46 58 199 114 126 236 118 118 183 98 105 80 89 42 52
    235 38 19 75 78 87 55 197 129 183 235 111 136 127 41 103 100 163 240
    162 147 204 59 230 72 77 161 124 200 204 42 227 151 118 240 10 179
    188 179 190 73 64 167 215 169 20 73 93 120 149 142 134 199 35 93 200
    183 204 237 240 62 155 201 202 120 16 205 16 38 145 142 7 104 46 88
    6 175 3 80 140 242 208 196 226 254 0 28 92 129 20 227 151 135 159
    221 28 200 7 220 114 16 126 208 89 191 180 54 24 164 35 34 244 85
    206 244 121 178 115 3 123 68 181 241 130 137 149 111 17 219 95 148
    20 161 217 170 254 159 152 105 159 155 4 59 158 145 227 208 229 221
    80 73 212 103 227 96 130 136 77 238 27 229 195 48 146 129 251 25 186
    94 38 201 187 181 25 75 85 100 92 132 193 74 39 56 174 213 74 65 156
    154 212 217 197 7 205 37 17 98 186 88 70 99 11 74 238 121 26 224 234
    42 143 215 121 78 23 226 237 236 16 49 124 119 218 55 132 42 214 97
    71 45 116 49 132 236 100 39 190 19 217 213 159 197 18 95 125 115 168
    114 187 147 50 127 255 169 79 121 187 190 243 228 134 250 239 193
    144 108 64 182 104 109 0 252 152 7 167 95 134 227 60 103 180 51 25
    191 94 45 99 179 228 218 220 79 170 55 87 243 240 164 54 236 231 255
    243 94 164 192 102 184 24 213 242 148 47 206 157 29 168 90 231 4 153
    183 40 213 161 173 255 125 162 68 117 77 51 55 44 174 78 169 188 47
    201 188 239 181 195 176 32 45 227 155 12 128 156 183 102 81 192 107
    148 178 36 31 167 50 103 35 154 210 234 167 45 133 216 132 135 170
    221 236 247 131 166 57 9 16 4 77 122 177 122 118 24 30 34 59 230 166
    196 155 105 40 43 62 113 66 52 95 60 127 212 251 102 95 151 207 246
    97 28 228 151 0 214 23 9 101 243 250 207 164 232 153 242 105 29 5
    233 52 236 170 244 238 252 199 10 215 20 116 126 208 93 245 71 205
    221 172 195 28 117 193 241 52 81 124 241 158 141 125 200 219 219 185
    54 54 141 152 8 2 0 237 153 190 175 22 163 77 12 223 9 240 157 145
    225 0 129 102 135 26 245 160 135 152 116 197 143 118 216 186 110 198
    248 118 181 64 182 244 140 251 13 194 173 29 148 113 246 167 3 89
    192 77 198 247 140 222 97 214 114 74 156 141 18 227 214 138 18 77
    245 96 70 133 115 148 70 235 76 115 180 237 43 134 125 245 190 137
    224 180 67 62 218 201 74 166 125 50 2 132 42 240 160 39 42 112 130
    19 61 88 60 165 176 58 105 172 33 186 89 255 189 169 203 25 145 222
    185 153 51 116 7 57 209 98 217 177 161 6 113 4 82 38 16 40 41 205
    239 177 50 111 165 11 142 11 81 232 124 131 223 221 219 31 96 119
    198 102 31 172 111 67 117 108 55 153 226 92 75 181 207 167 14 154
    192 128 54 51 70 159 143 88 176 197 23 52 199 216 145 182 73 90 4
    220 96 64 23 232 103 85 200 187 230 40 67 124 171 28 35 106 231 19
    10 232 127 103 220 10 126 95 230 9 161 169 119 20 82 131 126 211 229
    212 192 4 30 205 78 203 181 152 100 249 210 163 173 86 97 208 167 59
    194 83 16 206 210 162 158 35 21 105 170 6 96 185 0 128 16 26 206 236
    231 153 49 90 155 163 239 65 64 183 60 2 122 98 237 233 24 102 140
    94 65 40 183 63 147 33 103 141 118 94 249 80 56 62 110 177 100 182
    171 110 244 134 232 40 76 97 163 134 193 148 97 42 23 15 101 122 106
    130 138 4 251 74 158 252 252 76 90 181 42 91 72 8 155 47 71 29 98
    242 93 147 202 147 233 200 212 99 228 202 169 232 134 243 2 239 148
    109 226 25 228 141 106 210 204 121 62 81 13 249 201 186 78 101 47
    152 72 8 91 121 126 195 13 79 76 153 211 10 83 73 233 230 2 161 100
    186 218 59 155 161 94 71 155 247 96 137 130 245 228 57 245 208 24
    174 38 12 54 98 95 81 252 50 199 151 240 254 107 241 129 83 13 2 253
    139 171 170 218 185 22 143 95 2 233 242 180 70 39 193 165 62 186 109
    85 33 105 77 75 196 81 164 10 175 160 75 62 154 197 122 203 99 246
    132 122 58 58 40 132 19 217 43 179 45 133 125 72 40 114 57 107 131
    121 135 133 83 155 127 210 244 119 246 180 215 200 47 19 69 144 237
    158 113 92 168 127 31 205 63 234 149 181 60 209 219 133 106 145 90
    138 184 195 169 104 223 203 195 173 149 147 220 26 187 22 220 171
    243 137 116 173 41 32 91 217 6 245 73 5 232 252 228 189 173 141 248
    250 147 73 55 26 65 166 40 222 144 174 76 97 162 228 94 193 243 244
    87 210 36 89 122 166 185 177 21 109 25 59 138 60 176 0 48 255 144
    253 40 110 212 71 142 5 161 198 84 181 9 59 34 189 201 207 56 143
    163 214 113 34 13 235 114 163 199 4 253 100 254 240 51 94 227 193
    169 132 142 0 211 206 121 60 12 225 52 198 51 104 177 109 179 24 251
    176 8 54 200 234 80 165 21 55 174 149 166 164 193 190 160 117 60 60
    53 75 52 103 52 235 148 85 175 130 166 148 114 60 25 55 138 143 144
    201 121 16 140 255 85 99 20 47 157 182 239 122 152 65 70 183 101 1
    187 47 175 141 108 16 173 48 98 51 21 8 41 157 4 72 185 136 226 5
    121 47 22 249 51 143 181 59 206 123 144 34 142 43 30 123 105 36 124
    227 89 189 40 10 79 103 80 212 121 145 98 97 187 239 196 190 42 72
    219 33 38 20 205 74 117 75 252 32 127 98 93 13 233 137 250 7 172 68
    107 232 15 226 207 29 109 24 157 153 242 223 80 120 52 142 71 27 110
    205 65 144 56 163 137 77 51 127 42 56 251 57 151 161 55 104 144 110
    12 218 44 180 189 109 62 22 92 112 27 203 223 243 187 103 227 162
    124 141 129 233 80 28 63 200 104 93 137 148 126 150 67 107 174 116
    226 252 183 225 205 34 191 148 151 195 65 189 50 7 156 205 213 47
    181 75 60 77 96 235 143 125 207 218 42 199 25 28 254 52 140 152 20
    58 186 99 163 153 149 40 11 35 20 136 200 152 102 137 92 131 68 232
    1 31 91 138 3 123 7 31 27 127 196 206 17 86 144 158 37 125 156 113
    176 72 96 50 147 161 90 5 88 232 12 158 86 59 52 157 195 54 106 218
    197 18 194 149 98 228 30 49 182 232 221 146 246 143 21 82 122 24 121
    215 74 89 209 196 195 196 221 31 200 162 153 20 85 110 18 38 203 29
    72 48 20 243 54 232 17 12 228 178 129 198 240 126 15 219 99 145 64
    10 103 55 137 226 185 21 19 94 78 105 89 122 47 15 163 48 48 174 115
    176 135 95 219 45 192 177 215 149 197 16 226 46 241 228 25 203 110
    192 81 239 7 110 161 166 101 117 166 179 186 73 87 193 117 140 231
    81 70 42 164 98 121 80 105 221 61 101 170 197 234 99 134 118 159 104
    39 160 238 28 16 185 78 0 177 191 162 155 175 70 88 169 204 162 197
    68 175 178 24 114 202 36 210 197 53 187 201 42 245 93 38 217 32 112
    158 242 184 176 255 41 170 158 225 45 3 10 188 239 24 123 114 160
    168 156 116 253 14 184 17 232 15 84 24 188 8 182 48 218 128 88 170
    158 190 43 246 173 118 126 38 108 222 31 36 52 127 42 62 82 229 173
    173 240 58 240 35 132 148 168 247 70 120 90 109 232 102 110 155 38
    117 62 65 122 181 209 238 221 237 169 133 112 11 153 120 86 121 148
    183 194 30 213 55 175 131 251 204 174 26 245 107 144 189 124 232 142
    68 78 225 211 255 245 97 21 51 243 44 23 175 106 23 160 118 32 182
    46 168 57 243 41 231 56 112 208 246 144 234 123 253 30 227 83 251
    247 71 76 44 140 211 79 44 25 69 86 116 179 171 54 76 43 79 102 56
    244 141 25 50 57 251 161 92 106 4 23 126 54 5 133 243 212 154 197 6
    71 49 233 20 4 125 52 238 94 131 168 82 218 79 130 176 58 35 198 112
    250 191 204 141 72 12 31 148 9 201 47 26 50 22 118 65 153 250 228 56
    221 143 252 232 194 254 14 124 60 85 199 40 212 198 208 63 175 243
    194 176 132 63 205 9 150 39 121 238 177 208 117 66 86 4 30 227 60 4
    118 28 204 174 64 199 32 24 237 139 150 80 175 216 182 124 157 239
    38 190 74 22 194 4 42 74 206 34 215 86 176 23 122 255 33 231 115 218
    30 83 197 43 30 56 18 93 48 202 61 184 186 39 171 179 158 245 123
    222 73 253 239 208 95 76 9 221 249 241 226 216 131 123 15 215 73 10
    237 130 132 225 191 216 27 232 38 138 153 15 28 138 218 172 191 211
    246 111 232 164 38 159 64 255 242 234 85 144 72 145 74 22 103 125
    199 193 189 124 64 113 237 50 46 227 200 39 165 75 104 231 90 57 131
    251 252 96 218 191 0 164 242 227 235 118 241 210 244 5 76 103 196
    189 223 18 25 111 135 58 45 110 181 74 91 102 134 2 215 114 172 179
    155 116 129 66 65 11 135 49 23 116 29 38 50 132 187 234 104 120 182
    204 21 179 232 212 145 146 6 127 201 241 20 217 153 254 246 71 88 39
    68 6 181 169 81 206 97 51 112 197 27 183 49 127 211 44 219 40 18 1
    42 70 223 113 26 215 58 192 252 242 77 209 18 139 111 248 64 187 136
    75 202 162 106 217 41 163 19 196 168 93 201 242 80 51 145 229 86 33
    163 42 158 16 11 35 28 87 22 246 120 160 110 242 198 63 139 236 52
    66 235 131 152 41 248 177 1 65 106 248 12 58 117 227 216 39 223 17
    133 248 217 233 160 191 174 127 29 108 19 156 44 87 133 202 157 225
    24 37 191 216 62 116 128 158 64 91 105 91 11 0 219 94 31 244 235 104
    216 42 60 208 150 195 209 151 187 126 172 72 35 17 253 118 180 77
    153 233 241 67 184 91 202 52 78 234 138 101 31 108 108 28 170 237 36
    16 16 25 192 49 50 240 201 245 192 33 83 110 249 13 229 177 144 176
    156 154 90 135 88 66 240 42 225 232 243 173 204 125 152 143 228 41
    126 210 218 22 124 189 148 137 115 255 195 188 226 155 40 246 142 25
    137 85 201 51 227 36 113 191 79 23 196 105 186 120 194 244 5 204 158
    16 179 230 173 9 38 47 45 223 131 102 188 164 64 178 168 69 232 3 5
    115 53 139 89 104 150 69 233 189 31 79 32 118 128 21 166 84 77 227
    217 69 117 130 114 215 105 183 115 105 3 12 54 138 18 215 192 143 28
    241 40 20 132 167 33 160 155 62 33 114 145 163 239 123 166 237 248
    170 220 80 169 181 56 184 209 62 120 219 95 212 16 179 16 221 252
    160 199 118 242 167 112 107 125 242 21 251 222 140 148 120 31 201
    100 214 226 155 69 85 105 53 133 92 60 61 99 80 169 140 10 16 114
    228 89 88 133 51 119 238 205 103 252 68 130 218 177 88 113 104 86 55
    45 9 149 21 156 43 27 138 2 193 62 215 112 212 129 162 17 179 131 38
    73 148 41 150 162 36 72 77 78 138 119 112 48 151 74 131 201 30 65 27
    119 179 58 10 11 221 104 166 176 73 52 37 50 187 56 240 153 131 253
    247 55 191 100 61 247 187 229 162 111 169 251 249 251 110 162 238
    150 24 114 141 171 105 73 234 76 207 249 188 10 158 209 131 204 213
    4 130 167 242 229 175 33 240 255 200 255 116 141 142 85 228 111 219
    159 31 211 234 214 115 101 118 204 243 34 145 245 2 169 65 128 168
    199 139 220 17 34 99 10 206 236 24 110 119 133 81 209 199 163 216 62
    28 40 192 28 98 211 217 170 24 109 64 250 106 221 73 111 127 4 69 9
    177 102 155 156 215 157 84 253 181 161 30 86 207 2 239 78 153 40 224
    15 14 215 166 208 46 230 133 55 233 17 230 242 133 68 24 204 34 34
    184 251 163 134 172 38 34 0 4 57 46 221 19 228 247 107 235 204 10
    116 231 194 50 52 23 36 187 218 101 103 139 70 149 140 100 200 149
    160 94 235 71 235 201 104 175 152 150 192 254 49 156 67 103 193 178
    35 13 113 175 39 171 115 99 242 185 110 46 51 135 58 53 87 196 37
    145 94 49 110 19 83 206 71 34 180 183 220 92 215 213 51 178 154 79
    174 67 223 0 76 129 232 228 208 241 161 77 40 205 0 137 181 150 126
    49 4 149 159 214 116 65 215 212 49 39 100 218 163 181 133 46 121 58
    91 245 151 32 17 166 234 203 91 87 45 43 17 105 176 165 39 75 147 46
    210 240 21 175 70 215 212 51 42 22 147 201 158 33 234 23 211 208 127
    147 174 125 221 19 157 138 27 123 20 158 148 189 119 18 61 159 180
    167 166 97 142 192 19 131 205 15 224 19 30 124 107 103 79 110 218 73
    201 151 235 108 10 141 251 182 140 147 115 60 204 230 119 175 188
    214 194 223 81 177 18 185 180 103 56 105 2 152 18 133 33 104 9 34
    155 202 204 16 106 101 128 255 79 129 156 87 198 63 83 68 106 94 153
    179 215 62 216 129 22 165 209 31 48 152 91 191 180 122 25 248 8 132
    78 215 111 93 174 244 220 242 11 84 174 16 204 184 134 83 190 30 27
    135 233 222 179 181 211 137 149 190 191 56 68 73 131 34 109 246 57
    61 229 129 218 44 159 241 126 75 44 182 5 180 60 205 181 251 223 83
    206 115 167 245 117 240 90 187 0 175 140 239 206 82 218 137 224 127
    138 169 7 65 170 44 212 101 237 2 117 244 34 134 197 127 136 69 2 64
    76 76 89 185 166 107 196 106 20 205 227 34 182 118 169 180 86 87 38
    64 245 145 160 210 110 121 55 212 177 252 113 252 77 155 133 102 133
    198 6 113 48 1 47 31 150 40 182 157 164 217 246 5 145 112 26 186 143
    21 8 176 35 214 79 139 88 81 62 150 109 11 164 195 133 43 88 14 83
    126 184 243 166 255 100 106 141 65 0 221 47 70 59 220 230 226 84 42
    196 194 57 247 187 30 220 245 215 175 61 98 117 33 188 45 27 163 88
    125 117 99 136 164 226 8 34 119 101 156 238 143 4 163 46 174 17 181
    107 81 137 176 168 233 30 83 114 193 25 31 147 43 121 136 131 51 235
    111 242 216 175 109 137 159 217 137 58 185 70 240 179 158 87 7 203
    109 216 138 19 126 253 210 20 81 249 58 237 182 157 216 249 236 105
    73 141 248 28 48 140 7 36 31 255 105 111 208 47 94 75 118 147 101 14
    68 76 30 187 19 62 95 185 120 116 218 118 250 30 221 188 86 242 100
    38 218 178 247 51 250 150 184 42 23 103 131 151 28 82 22 140 234 216
    112 2 96 70 185 85 154 204 113 83 243 65 152 33 253 115 43 37 61 48
    100 5 210 197 159 15 173 84 166 137 194 219 247 48 203 210 227 77
    195 249 219 220 5 40 179 92 187 72 224 110 7 171 204 120 210 29 96
    40 253 142 27 251 11 137 201 230 224 122 20 73 101 206 61 227 75 14
    244 176 255 179 224 83 84 227 187 43 103 208 66 1 104 209 245 30 226
    111 102 143 41 146 232 205 172 78 193 54 53 224 249 168 10 20 155
    245 116 142 32 211 32 120 19 51 242 225 210 226 96 235 178 165 72
    198 151 114 248 241 1 88 117 195 205 107 129 142 194 143 187 122 254
    76 218 46 212 82 211 185 183 76 228 234 72 127 209 83 48 36 231 64
    42 174 29 165 176 8 201 184 199 9 164 57 39 216 89 147 170 181 151
    177 39 92 231 142 141 159 124 47 1 70 216 114 165 155 208 127 234
    214 79 63 181 159 194 104 105 65 77 62 62 164 189 133 231 168 152 71
    139 194 209 175 82 248 15 202 78 38 84 72 182 41 61 31 233 112 114
    185 165 128 196 31 188 157 220 111 158 23 176 191 139 113 94 226 205
    61 176 176 210 59 191 183 205 7 159 245 27 86 220 77 198 174 187 134
    127 32 38 246 149 143 246 229 233 28 133 241 215 7 184 157 154 52 86
    116 235 240 140 156 92 155 81 1 60 242 183 143 113 12 232 125 242
    247 12 187 82 62 10 65 245 5 17 252 160 1 85 124 186 215 193 21 221
    125 86 143 189 141 137 50 13 232 177 175 56 220 228 141 189 27 66 40
    240 3 107 152 23 250 205 245 3 19 57 169 45 78 174 50 177 165 54 220
    38 84 234 43 164 114 151 176 149 199 49 184 119 219 9 147 129 108 40
    139 245 20 223 75 120 46 14 67 62 30 161 19 223 127 69 213 64 45 20
    200 252 166 217 143 13 16 29 196 125 31 9 253 116 72 120 255 44 46
    163 168 88 153 202 165 145 219 102 115 55 248 97 106 208 46 66 216
    217 131 9 119 199 186 120 208 229 241 89 7 64 149 146 59 209 136 82
    197 222 235 85 253 220 224 140 250 62 211 67 176 219 189 143 28 21
    117 219 63 43 4 183 160 208 51 68 250 96 141 188 2 141 175 89 195
    237 184 190 30 248 32 185 204 170 145 211 17 87 119 244 210 121 173
    101 127 28 161 102 1 117 42 190 255 113 172 255 83 72 251 122 7 73
    36 39 194 112 163 199 101 69 176 214 162 136 43 59 254 231 151 133
    228 28 137 87 183 137 47 239 190 166 8 59 17 68 133 167 42 59 245
    133 47 34 62 243 83 63 29 251 192 253 238 7 50 172 57 33 169 140 215
    113 118 242 159 67 246 26 114 232 4 225 255 104 72 110 103 47 100 8
    58 35 137 239 22 240 99 71 103 12 114 189 210 206 211 155 147 174
    164 12 131 112 58 35 168 184 74 158 145 132 213 103 45 213 201 81
    230 72 22 178 207 145 249 162 22 110 197 247 148 238 188 12 223 41
    85 150 66 14 192 48 66 206 9 49 132 180 169 150 90 189 121 255 112
    232 58 106 155 149 125 153 211 39 235 239 117 209 90 25 215 163 254
    232 120 205 205 69 54 206 247 2 208 151 103 69 6 42 210 164 165 128
    61 33 164 61 150 53 7 164 76 93 177 237 28 162 197 20 21 214 203 40
    138 21 16 135 186 198 122 163 87 183 100 120 96 57 198 171 185 190
    77 241 11 142 228 75 174 221 143 224 2 39 195 207 28 69 246 248 73 6
    181 225 185 177 227 7 48 189 5 44 34 124 217 6 12 117 142 6 229 152
    108 205 237 40 21 132 146 81 46 201 168 217 93 200 208 39 69 50 152
    133 149 195 249 112 168 199 155 251 52 179 49 98 32 82 7 124 19 11
    36 66 22 149 163 31 12 160 152 191 100 50 125 163 162 239 199 205 52
    198 226 226 253 125 218 125 122 160 136 94 71 70 118 175 110 247 240
    6 94 58 81 147 91 201 155 158 20 57 52 181 139 39 215 75 174 193 158
    61 101 16 119 80 123 192 153 76 30 28 191 97 21 87 236 209 56 76 221
    189 236 144 119 204 248 81 232 59 156 144 20 97 218 222 53 175 57
    248 18 19 40 79 170 12 20 169 154 168 70 118 161 109 209 67 197 71
    228 8 173 169 234 99 231 224 250 8 205 47 131 224 24 104 196 228 98
    6 140 155 130 15 229 153 230 10 198 239 234 96 201 7 51 128 113 160
    115 190 28 37 176 151 168 114 206 5 140 165 215 154 152 10 135 212
    72 113 238 247 135 182 238 83 157 183 142 59 45 236 155 29 204 161
    64 101 151 151 2 129 183 255 17 3 141 54 187 199 217 218 21 59 170
    72 146 151 227 97 242 72 230 217 42 39 175 83 71 208 159 39 50 254
    104 180 97 229 33 203 172 218 216 36 220 48 88 130 14 48 54 124 2 0
    139 176 5 6 96 15 182 137 129 186 133 151 3 164 162 5 83 162 115 245
    85 100 46 174 252 149 140 181 216 97 106 39 146 127 51 178 235 66
    127 219 96 129 124 150 208 207 94 178 81 110 47 216 210 165 106 20
    98 42 156 26 157 236 103 224 234 212 0 97 192 12 145 11 127 146 233
    12 124 55 63 245 60 151 246 218 135 19 180 47 46 18 36 235 124 194 4
    90 77 183 238 59 106 214 115 179 165 118 165 124 23 24 248 147 199
    253 137 103 105 217 253 51 247 105 60 208 217 114 138 13 143 125 39
    87 40 174 107 40 162 27 234 40 46 13 229 5 2 58 10 197 126 100 10
    227 220 88 89 109 87 213 40 173 198 155 139 192 114 22 86 80 53 226
    207 30 21 159 139 233 9 90 5 186 44 21 183 24 58 22 142 78 101 199
    98 196 213 241 255 20 197 34 96 102 21 176 11 168 196 122 254 37 32
    134 155 158 129 140 169 125 155 79 130 159 130 106 224 216 249 42
    160 2 10 19 118 168 116 108 251 159 52 49 171 46 221 53 166 29 124
    247 246 245 101 250 158 65 161 253 105 112 95 109 122 3 253 133 119
    218 79 137 30 214 209 203 149 82 137 98 189 151 157 100 77 114 230
    174 182 210 184 13 55 42 25 215 17 93 38 219 247 216 65 149 8 108
    198 204 114 15 60 162 41 157 242 147 28 89 170 156 73 249 120 156
    181 200 3 142 223 197 10 87 5 204 136 212 53 228 224 149 154 142 45
    34 108 25 42 205 204 90 50 78 84 5 60 70 227 213 231 239 248 172 189
    213 193 167 248 108 121 220 89 122 151 69 56 107 238 117 234 209 10
    181 78 220 139 12 27 20 106 10 192 210 186 148 28 211 37 246 197 226
    59 226 190 161 53 148 94 211 200 64 230 66 112 213 59 38 174 69 80
    233 20 113 250 2 77 175 174 13 87 250 115 213 128 9 5 33 163 19 92
    98 150 219 82 80 152 35 115 231 32 84 143 225 155 130 114 209 22 190
    218 157 152 185 146 164 252 5 252 176 106 147 195 152 110 184 91 60
    86 8 29 91 243 97 13 97 246 123 142 210 86 248 39 131 248 31 241 205
    215 89 255 231 97 60 85 251 106 175 133 124 216 165 221 94 114 89
    179 244 92 202 164 185 12 209 159 212 225 105 15 226 228 157 26 159
    186 62 108 24 84 143 139 10 35 254 59 31 164 69 118 232 114 254 50
    243 244 40 222 39 170 147 101 216 105 153 145 233 221 148 178 184
    113 41 109 227 7 13 52 119 69 71 85 162 62 104 119 39 65 219 166 12
    46 38 147 24 40 14 26 223 68 168 42 30 24 90 209 205 29 152 45 137
    142 237 83 76 51 84 29 251 78 55 70 145 251 233 213 243 221 50 124
    137 71 14 92 239 205 95 233 195 24 119 185 250 248 133 47 209 179
    227 211 183 102 243 59 91 213 188 212 39 42 106 57 252 85 87 66 5
    224 90 222 166 183 190 13 228 117 241 35 18 240 117 184 60 39 187
    119 76 169 31 136 91 244 131 77 4 29 12 221 86 180 216 160 247 196
    184 157 232 248 37 250 92 125 199 14 216 50 124 165 177 110 0 80 193
    16 219 160 212 132 28 101 167 56 163 166 86 117 110 188 224 56 114
    229 128 130 78 216 249 15 136 203 39 136 134 137 57 155 223 116 112
    124 38 250 253 186 133 56 174 93 95 251 184 126 149 135 168 187 226
    126 145 177 63 21 88 19 226 27 90 192 146 155 173 59 78 117 102 235
    145 180 110 121 150 171 27 90 2 6 27 56 249 31 64 102 231 156 141 23
    86 230 53 119 82 70 47 150 185 48 210 87 22 110 55 126 195 44 80 26
    188 27 211 110 158 248 192 4 222 195 8 122 217 158 84 112 151 212
    121 226 252 248 41 197 84 19 143 18 165 183 237 238 143 46 232 94
    109 145 245 99 56 66 176 156 44 227 52 53 221 111 176 167 78 62 34
    155 181 10 61 213 223 255 128 128 154 42 166 182 90 1 122 141 87 14
    142 235 119 109 178 123 161 60 2 242 25 28 27 173 227 218 193 75 187
    117 242 90 94 120 123 187 147 116 178 25 68 111 8 210 114 226 2 210
    146 27 105 71 8 85 89 116 132 235 150 9 135 152 72 3 72 190 87 142
    181 106 234 20 17 105 255 156 209 242 18 79 138 156 81 60 224 106 93
    109 209 203 152 237 255 92 70 105 238 24 222 35 111 62 249 98 5 103
    250 72 78 235 211 65 180 0 61 69 154 59 201 23 127 31 243 221 108 45
    255 143 109 5 87 243 196 56 245 161 120 145 188 236 175 191 52 213
    192 116 210 83 169 179 94 51 237 1 13 225 123 48 100 21 240 200 42
    133 70 4 47 199 112 168 217 84 37 194 90 49 3 194 2 248 159 225 187
    151 201 97 56 20 93 33 159 243 15 229 156 111 81 58 165 219 219 58
    44 184 175 112 96 197 253 134 1 247 35 105 236 76 19 72 8 37 137 59
    119 21 138 127 78 117 182 43 42 24 93 46 24 196 180 156 49 155 194
    181 253 237 162 156 111 170 234 121 149 52 73 148 216 49 22 217 194
    28 24 36 80 102 81 146 226 58 111 2 149 200 158 23 46 208 204 10 83
    151 187 130 127 24 191 86 76 43 247 215 73 175 56 161 44 255 99 228
    217 208 192 159 164 127 44 73 252 192 95 245 193 55 88 130 252 84
    114 211 254 129 190 1 49 107 67 152 103 31 214 223 92 18 130 162 78
    38 225 35 183 231 99 19 140 209 86 213 7 233 174 44 44 189 140 82
    204 233 207 255 204 205 201 222 151 175 188 251 30 234 121 35 26 222
    203 41 140 158 167 115 248 45 216 35 70 184 103 0 86 145 76 108 142
    131 192 235 20 11 92 1 207 9 106 164 255 239 49 97 42 108 243 210 7
    233 236 12 147 219 167 12 203 33 46 230 216 145 25 218 147 233 195
    107 179 190 166 175 44 37 208 22 115 126 170 210 141 179 251 197 118
    222 64 166 22 46 151 99 167 80 92 163 231 216 119 22 19 175 210 0 14
    218 101 21 81 60 140 115 191 165 124 35 27 205 4 217 6 254 143 25 18
    161 200 212 29 19 88 18 221 1 79 97 236 102 251 249 28 235 15 79 97
    116 216 44 15 14 0 94 242 36 158 218 115 91 44 149 199 96 101 184
    254 164 3 146 246 137 68 122 213 52 41 25 36 27 6 186 118 33 254 70
    95 234 75 77 34 169 210 90 246 111 245 221 111 18 127 203 17 95 165
    255 133 198 189 146 228 176 209 201 178 66 1 240 255 140 90 122 188
    196 141 111 142 103 136 47 46 235 126 19 19 227 81 118 89 255 151
    166 97 4 83 203 3 46 91 185 115 185 66 128 55 241 93 143 216 22 221
    14 179 237 166 126 72 94 232 117 41 153 18 230 188 35 98 9 78 21 6
    28 115 100 197 73 120 58 8 115 29 46 0 152 77 120 134 226 135 73 31
    160 139 111 139 22 79 17 16 132 46 227 159 63 156 237 123 73 35 65
    209 162 122 84 60 127 90 130 239 228 108 216 75 80 2 238 60 56 120
    109 199 146 2 162 48 66 253 163 96 193 103 191 163 160 123 207 72 55
    172 19 32 36 6 130 204 125 41 107 199 242 142 78 79 43 92 72 217 44
    248 244 27 224 155 18 89 69 243 61 36 189 68 218 107 81 195 195 196
    49 27 179 85 109 96 96 132 213 165 251 22 170 253 190 222 28 32 174
    194 1 66 28 208 80 218 168 1 137 94 132 96 10 169 13 243 226 153 245
    109 250 210 105 0 211 18 224 118 212 243 91 86 166 3 85 195 187 204
    83 139 84 9 226 32 36 135 55 229 202 80 45 175 38 210 255 205 172 45
    124 43 244 33 154 93 41 192 93 40 163 218 212 49 54 100 31 32 147 86
    151 142 249 151 183 237 0 37 126 113 95 41 193 56 130 168 250 142
    166 8 252 35 186 194 176 90 151 154 224 36 32 32 169 247 140 88 170
    31 6 195 130 119 48 205 181 41 56 216 39 98 215 140 102 220 163 140
    144 148 79 114 223 13 97 213 112 45 226 190 63 241 226 105 253 40
    196 5 104 130 116 170 70 197 42 148 174 217 122 85 193 233 122 138
    184 241 149 194 117 245 230 216 234 69 110 70 174 171 67 28 234 66
    39 90 11 169 103 247 202 54 141 89 224 239 83 55 58 248 1 255 98 120
    141 1 80 205 52 29 42 100 167 151 212 137 238 26 46 20 218 42 113 84
    194 163 53 223 155 245 12 5 64 196 20 167 147 56 90 223 155 139 153
    147 121 25 184 128 220 20 243 68 96 28 134 113 116 202 178 138 241
    203 232 47 51 182 196 20 99 57 39 79 209 59 58 94 8 194 152 176 11
    107 88 212 79 37 206 39 178 61 214 202 58 206 161 139 58 65 10 188
    227 76 77 20 84 72 246 57 165 56 243 193 139 245 55 163 49 253 108
    213 179 118 129 225 169 73 249 76 178 124 125 28 113 67 146 14 30
    244 58 78 35 112 56 12 161 101 11 26 138 238 55 115 185 44 166 158
    166 0 11 31 21 124 96 10 43 80 6 183 164 204 228 3 110 217 234 143
    91 165 26 135 169 203 240 249 157 147 196 59 98 163 197 184 84 131
    250 4 174 211 107 119 153 121 184 9 199 241 175 80 187 132 197 130
    10 237 78 158 44 218 5 57 5 50 241 103 13 173 74 180 136 46 213 126
    21 101 159 71 110 254 121 35 40 160 174 2 202 176 0 239 13 219 180
    206 103 110 189 107 181 135 227 50 83 124 99 32 100 249 188 238 91
    207 215 198 4 121 133 80 18 147 209 43 240 241 146 177 96 35 219 247
    252 211 15 206 238 100 246 102 70 86 12 125 251 160 234 22 204 68
    115 224 134 140 136 252 20 141 78 234 55 14 111 148 204 239 148 105
    127 152 177 235 195 126 140 216 60 196 13 201 127 151 46 106 60 38
    160 61 167 31 198 70 209 56 214 47 247 127 103 110 234 227 179 74 74
    255 207 173 218 90 128 5 66 99 88 14 79 27 106 32 139 203 14 155 137
    133 238 165 41 236 8 228 219 59 172 210 192 34 230 149 96 159 248 51
    11 105 84 247 29 20 6 2 90 3 254 104 72 83 84 90 48 43 8 200 64 78
    109 113 188 63 65 183 238 42 116 161 254 76 106 13 144 191 255 64
    144 120 132 34 73 63 68 254 153 148 147 191 114 11 115 78 216 239
    191 136 48 198 122 35 93 26 220 167 145 183 21 100 79 8 76 150 251
    177 173 58 182 227 32 253 249 18 9 46 88 146 110 39 221 239 53 189
    222 182 125 133 131 24 190 156 218 116 151 20 175 213 191 233 70 216
    41 131 97 60 43 58 89 226 25 81 29 140 218 81 39 216 128 152 181 130
    152 17 45 174 238 192 184 78 209 92 76 57 253 235 165 96 194 56 145
    83 106 232 21 178 49 114 219 160 90 186 123 100 96 128 8 110 154 225
    10 143 10 217 68 235 245 77 203 116 202 189 134 154 161 102 160 250
    22 16 108 161 183 148 228 80 199 59 2 12 100 194 158 33 3 103 161
    119 130 78 123 121 223 81 45 36 28 248 28 148 142 97 13 79 85 118
    210 100 180 7 143 23 119 194 161 226 108 2 167 162 23 174 206 4 70
    194 200 218 27 18 220 210 77 206 102 200 72 61 56 191 127 115 242
    206 37 116 209 5 16 246 225 111 240 37 144 212 163 229 219 78 212 71
    162 87 94 87 194 135 24 172 125 90 236 226 3 64 223 71 188 208 67
    169 26 237 84 154 102 236 139 12 73 42 165 44 39 138 239 201 103 137
    172 120 238 64 11 204 141 153 35 82 30 243 85 33 119 236 104 190 55
    198 39 157 181 205 98 77 174 121 89 203 84 235 105 88 217 180 1 121
    185 123 36 114 168 253 35 177 142 123 135 113 170 119 203 119 153
    198 38 238 81 178 34 216 59 210 47 29 53 40 71 88 203 158 172 80 139
    127 182 249 243 239 227 173 145 248 165 87 124 167 234 231 101 251
    113 122 170 159 107 115 154 183 133 146 212 144 12 62 189 117 193
    218 200 57 197 169 28 46 102 179 73 186 87 163 18 234 101 140 243
    136 83 142 165 208 43 129 188 31 5 184 57 95 255 151 108 74 70 11 30
    179 127 35 238 123 146 244 249 96 164 101 115 139 93 140 54 84 114
    196 134 140 111 116 243 180 44 211 31 239 110 234 52 237 54 188 173
    227 1 59 226 155 53 95 175 237 54 249 223 119 116 92 230 214 115 32
    139 15 227 28 173 157 142 138 222 45 34 18 31 28 17 205 18 176 193
    165 125 48 241 235 62 233 171 36 8 41 248 68 195 80 23 166 30 12 3
    140 103 201 63 82 174 81 127 193 108 163 35 197 137 102 206 14 181
    82 153 24 237 215 223 1 161 181 108 118 71 171 236 86 75 200 202 76
    186 159 32 178 233 160 72 92 199 25 35 175 59 44 205 227 171 233 120
    242 38 108 18 65 106 23 6 122 144 203 96 110 250 180 86 28 126 217
    238 199 139 60 237 222 64 2 196 195 199 219 115 216 237 229 83 222
    107 119 106 32 149 94 68 83 64 123 89 111 42 106 167 153 35 165 232
    250 219 54 144 229 218 85 13 88 246 52 251 199 32 236 55 163 190 120
    76 222 19 200 182 166 136 73 193 174 157 208 30 13 139 97 250 133 47
    170 110 197 199 141 159 109 65 150 124 103 144 183 69 149 225 44 128
    219 133 67 124 184 34 151 140 141 177 28 52 186 175 208 243 125 126
    106 219 204 208 68 230 153 138 104 114 69 67 161 24 244 233 60 40
    234 209 200 43 87 170 160 222 28 175 4 50 199 111 173 211 234 62 122
    209 255 96 245 109 9 178 251 225 62 95 134 28 67 123 122 111 253 245
    153 17 144 180 129 71 160 63 102 244 192 183 80 4 218 254 117 135 15
    134 255 215 234 226 223 73 117 96 138 208 18 50 35 5 225 154 100 92
    242 109 45 158 254 55 113 151 206 150 248 35 190 187 148 201 155 137
    13 203 132 80 93 243 89 149 43 13 152 232 90 67 113 89 173 83 43 240
    123 10 92 169 113 106 208 218 189 244 87 115 113 187 199 171 198 201
    242 251 237 121 209 217 242 255 249 17 100 114 133 161 85 199 125 2
    119 237 139 191 171 194 255 82 67 183 25 112 65 99 217 164 197 174
    147 83 31 108 177 218 50 249 106 28 247 24 236 17 97 41 56 137 2 73
    114 76 18 2 65 155 33 175 230 112 91 5 105 70 169 212 12 68 224 213
    155 240 63 66 233 141 22 126 142 254 87 138 90 237 23 30 75 147 6
    141 101 99 219 17 208 58 158 96 80 176 109 1 107 8 217 186 135 82
    115 246 31 242 212 5 227 47 145 32 22 100 181 33 148 33 201 135 107
    157 243 217 188 254 101 162 29 159 28 109 214 114 68 50 194 252 141
    107 30 167 199 112 149 79 27 54 123 17 224 7 142 26 64 159 171 247
    90 35 202 85 215 196 226 88 149 229 20 55 180 71 118 105 228 74 15
    23 71 203 239 132 2 236 207 209 113 53 203 31 99 41 223 61 243 161
    234 237 112 206 151 134 12 150 9 43 227 227 222 114 60 161 110 213
    102 222 212 91 250 38 100 66 33 40 143 115 97 202 156 248 153 182 81
    142 204 191 138 65 8 200 205 148 158 140 235 157 41 202 194 125 227
    10 4 79 77 13 47 182 30 199 141 122 30 18 151 94 95 0 34 26 9 134
    147 166 48 32 39 92 120 250 81 200 38 233 244 195 204 209 85 80 234
    220 181 82 149 38 6 235 149 201 8 182 162 165 223 89 51 180 45 99 66
    172 44 164 195 21 199 100 0 48 98 207 16 177 31 68 133 146 192 198
    225 185 249 100 3 10 190 251 181 121 243 19 238 46 61 47 215 173 116
    177 49 231 128 75 176 243 148 213 198 38 150 179 23 68 179 62 228
    122 36 126 62 41 220 99 64 41 33 187 68 94 213 169 44 112 252 237 64
    38 194 202 92 184 231 80 223 16 155 8 163 104 234 202 51 121 20 68
    140 200 253 147 66 170 240 40 145 171 254 16 171 14 174 254 33 159 8
    151 220 167 246 83 78 98 38 172 216 189 33 164 183 193 211 20 221
    169 97 71 119 101 22 136 218 68 158 127 248 98 108 214 181 177 74 97
    147 7 29 147 235 151 149 156 147 92 21 145 78 39 167 181 29 81 157
    133 159 74 205 204 50 227 146 74 255 203 128 215 14 88 253 189 60
    252 94 113 127 134 65 20 141 116 195 176 195 146 12 216 2 66 165 254
    238 6 251 218 109 116 253 220 119 26 25 185 78 78 204 145 121 95 243
    60 69 139 150 195 168 251 210 52 50 17 146 19 27 122 226 30 59 143
    176 17 71 117 193 125 210 117 137 111 19 93 143 108 220 195 109 106
    10 126 113 87 81 122 215 105 6 179 114 93 180 67 211 70 215 129 89
    219 96 106 76 175 107 77 116 104 219 213 205 109 150 147 237 17 43
    93 191 159 14 220 120 229 178 242 44 6 167 55 240 167 22 212 253 244
    219 21 51 223 66 26 234 239 172 77 251 37 150 189 212 80 165 68 95
    138 187 152 65 74 200 213 211 136 164 160 44 232 146 202 232 64 33
    24 129 186 238 74 112 92 152 52 202 190 236 129 72 49 190 119 42 73
    50 153 131 255 181 147 163 73 183 132 212 203 252 166 17 94 145 82
    240 125 43 177 56 0 136 139 111 170 251 4 0 226 92 133 248 220 219
    195 19 138 101 207 175 58 247 126 210 175 136 83 4 5 34 79 112 215
    71 223 53 204 219 43 66 249 143 40 119 12 202 180 61 6 85 179 31 85
    15 51 143 21 12 149 147 163 131 134 67 217 27 99 132 58 9 134 211
    217 148 116 14 60 244 162 76 211 66 153 75 152 11 18 93 163 108 231
    0 12 206 106 134 3 27 175 227 2 247 94 172 108 110 131 11 145 193
    144 186 111 207 91 106 167 116 9 242 55 106 183 0 31 130 123 75 134
    238 119 196 226 121 25 218 107 253 67 12 231 245 123 158 0 215 173
    120 9 186 158 115 26 9 98 219 7 206 221 88 23 12 205 143 116 62 133
    129 86 139 89 224 194 217 36 124 100 211 242 121 245 93 58 9 75 217
    41 220 226 81 18 243 205 166 126 128 225 185 156 143 66 200 250 106
    199 187 190 236 224 185 199 103 48 71 98 238 62 134 209 186 203 115
    133 83 209 66 28 187 126 101 94 119 254 101 99 234 167 54 150 53 120
    11 100 77 85 164 214 252 253 94 230 245 183 22 45 31 255 182 8 117
    32 41 24 32 243 102 54 41 178 88 220 130 4 53 173 190 238 122 38 217
    12 217 131 230 9 42 157 218 62 237 36 65 102 160 112 25 27 157 179
    20 0 252 21 47 104 248 98 111 208 224 46 175 55 173 248 55 63 211 28
    237 29 97 153 163 154 164 157 152 34 20 91 61 160 112 180 22 232 178
    121 157 91 33 13 20 190 97 131 210 185 250 33 57 176 188 243 22 59
    127 52 78 245 150 7 233 255 220 205 211 56 76 59 47 226 129 246 149
    136 156 70 68 209 164 46 208 152 146 51 117 159 61 253 162 66 224
    128 240 166 247 13 250 126 68 99 214 2 217 218 160 205 127 219 17 83
    27 110 60 250 57 156 35 182 146 165 125 127 70 134 125 113 96 154
    175 80 160 219 60 123 59 140 237 179 184 195 136 6 27 122 202 61 216
    81 28 242 117 45 213 8 126 103 122 59 215 120 96 57 202 43 22 203
    228 125 38 48 90 218 59 100 147 139 158 42 199 25 139 28 126 27 180
    49 43 159 90 135 221 161 223 88 126 23 249 100 37 75 1 116 145 141
    33 192 168 148 59 58 75 218 120 96 34 171 16 26 221 203 191 225 154
    7 254 89 11 141 172 170 32 35 66 26 97 42 140 228 64 189 50 161 119
    132 139 91 214 66 71 5 112 49 17 223 179 149 120 12 106 245 246 53
    170 123 187 189 9 45 80 61 177 215 191 235 254 185 235 45 74 182 64
    174 217 119 195 141 104 111 92 128 29 8 194 118 119 220 83 64 52 1
    251 237 33 83 114 71 75 24 130 84 61 101 55 132 160 127 70 234 27 67
    178 82 173 93 189 185 161 186 99 114 127 253 205 162 142 243 65 222
    204 74 149 77 33 188 124 163 129 242 250 46 60 173 221 37 52 181 249
    35 14 80 88 21 117 90 189 98 29 158 222 196 143 70 186 40 181 118
    169 68 6 44 144 237 127 53 183 240 254 176 119 89 246 57 14 80 36
    128 68 139 7 136 184 164 37 221 149 148 92 127 54 166 49 134 27 153
    2 36 53 191 21 193 246 101 193 124 228 253 194 204 138 85 227 59 141
    78 123 196 125 167 247 130 86 252 188 241 58 117 33 111 191 241 84
    59 65 60 147 28 151 120 149 19 143 208 87 162 196 24 68 59 29 8 230
    59 208 44 187 156 196 220 233 66 196 141 186 217 246 116 59 170 22
    86 58 144 168 158 15 86 29 100 43 190 248 144 0 68 236 176 134 133
    27 144 179 185 64 157 222 209 34 211 85 176 164 4 226 196 72 104 250
    199 25 159 191 206 253 250 21 79 39 120 171 59 173 166 115 74 112 76
    105 120 27 197 110 4 154 246 245 32 240 151 43 76 141 47 124 217 228
    121 205 26 172 22 44 52 189 23 207 100 97 165 95 40 192 141 81 157
    222 112 103 184 236 55 224 163 91 81 72 50 79 40 152 186 38 162 187
    197 42 162 84 181 101 78 25 40 6 2 0 45 236 215 36 57 151 217 167
    105 63 188 70 21 111 123 133 241 86 138 229 10 57 198 213 118 242
    217 153 90 16 158 21 143 172 214 195 176 132 69 191 162 179 63 64
    250 94 77 3 82 2 148 218 135 146 15 204 129 111 116 169 196 218 75
    212 227 24 31 251 152 206 145 171 218 39 131 33 234 151 142 172 253
    199 102 21 230 131 242 139 76 247 213 154 145 163 103 206 202 20 34
    115 180 111 60 67 26 127 128 76 29 55 197 102 123 202 86 58 125 249
    158 55 247 155 6 93 251 99 75 16 131 104 150 231 212 207 84 230 34
    39 110 49 165 150 156 153 1 137 187 65 154 53 131 91 82 153 126 241
    210 119 40 232 80 84 199 142 250 234 52 202 188 79 234 234 58 38 86
    77 14 20 57 210 179 205 108 19 204 154 180 168 136 38 245 57 252 212
    138 240 236 156 1 216 197 114 21 55 174 182 42 90 146 215 140 196 17
    150 59 249 50 139 36 236 106 53 63 254 86 243 51 26 6 243 215 69 228
    160 77 245 127 243 22 86 212 144 48 31 32 49 143 87 146 16 182 0 104
    129 91 72 50 211 230 207 211 37 41 18 19 42 196 31 138 89 56 238 182
    195 151 240 224 153 104 119 198 58 6 229 189 195 125 21 117 122 53
    155 117 47 20 78 104 86 113 119 54 123 38 206 234 16 68 5 186 121
    177 40 113 237 226 98 193 250 244 172 169 192 237 139 184 7 26 50
    121 109 249 179 254 176 112 214 251 85 225 65 246 176 196 215 216
    166 138 154 191 4 84 200 0 162 251 25 199 82 189 243 176 100 147 252
    243 192 93 17 6 214 1 200 242 205 39 18 158 238 179 250 128 122 203
    58 110 171 238 20 203 233 179 22 214 7 178 187 231 249 169 129 10 9
    36 202 122 253 25 60 152 10 21 187 36 65 155 135 57 44 136 243 0 192
    242 201 145 183 227 239 136 105 102 215 253 182 231 165 167 136 244
    7 1 121 96 234 173 249 133 61 101 37 164 35 152 138 99 38 89 9 116
    124 22 184 70 102 158 236 12 110 122 45 18 250 190 185 9 152 178 66
    119 107 27 130 176 190 151 170 16 74 38 68 178 82 128 215 125 8 226
    22 242 87 217 77 40 168 62 66 93 221 207 62 149 182 217 168 184 172
    176 77 247 158 182 192 129 30 187 216 136 181 186 8 195 158 33 202
    205 165 41 232 71 95 52 86 118 2 127 186 38 207 139 165 70 1 197 7
    221 140 242 61 91 189 222 1 172 229 100 51 178 186 230 45 41 153 218
    152 0 185 94 23 78 215 119 166 158 31 205 123 164 166 140 162 105 76
    89 24 9 24 129 159 197 244 41 225 116 76 115 180 22 62 246 173 28 79
    7 76 36 138 118 12 66 57 163 124 101 174 216 16 205 218 159 175 203
    231 164 46 45 231 87 245 239 187 35 61 214 171 205 234 222 57 112
    138 151 126 22 0 35 86 61 169 146 182 103 111 183 234 178 119 163
    254 210 84 22 242 230 238 71 94 79 218 141 5 179 27 213 175 137 25
    121 134 167 246 211 192 22 212 41 126 145 224 13 87 58 155 105 250
    232 125 216 86 78 242 17 204 229 219 208 110 11 16 113 212 185 166
    201 11 200 47 227 126 131 122 0 94 103 243 173 100 49 20 109 61 120
    46 194 102 219 25 167 6 29 66 17 202 224 82 212 244 55 157 106 213
    103 184 233 118 33 41 190 255 115 58 196 17 19 76 145 86 136 208 255
    195 65 238 12 251 85 203 179 38 112 128 5 96 147 22 250 33 171 213
    201 93 61 41 139 21 84 243 87 65 208 34 25 231 197 45 255 15 3 139
    63 74 114 193 125 166 123 149 198 117 144 116 72 248 222 199 141 89
    122 83 58 132 237 246 108 202 162 138 75 232 170 190 185 27 103 227
    21 103 43 133 7 87 62 143 86 32 243 103 109 97 18 229 161 57 5 5 209
    9 63 60 57 131 143 162 142 39 205 150 224 188 228 35 230 21 86 233
    34 71 61 190 255 24 138 116 141 14 75 220 203 187 68 63 185 24 227
    193 139 194 79 240 70 92 146 127 204 113 169 3 188 181 137 200 179
    219 121 243 132 221 60 222 44 9 161 135 69 93 44 76 175 233 77 113
    148 164 88 226 43 50 103 109 127 129 129 10 73 59 123 206 60 155 228
    17 252 197 244 54 105 20 126 184 101 34 243 233 30 57 143 43 214 75
    238 23 203 64 138 58 76 207 158 113 104 234 214 182 235 90 209 30
    227 230 120 227 99 63 194 123 75 53 12 82 5 232 141 42 146 35 16 203
    219 219 148 134 139 49 165 218 29 56 83 200 94 147 28 189 3 84 127
    134 19 243 149 202 127 126 245 162 183 122 54 59 39 188 164 122 184
    222 54 206 114 207 123 204 126 103 21 35 119 87 40 244 191 219 180
    19 148 251 207 190 203 37 242 62 166 181 16 200 10 117 202 7 224 41
    163 216 248 81 63 229 55 208 71 175 212 129 42 2 122 6 3 131 214 37
    191 19 16 155 206 207 245 78 31 192 6 111 144 44 194 142 91 117 235
    141 189 58 105 45 236 159 245 141 150 178 141 175 38 21 44 116 71 66
    125 68 14 132 166 165 19 224 110 75 165 141 62 16 61 253 193 170 71
    26 70 42 230 176 245 167 12 60 154 20 72 150 18 125 233 58 138 226
    165 97 206 254 44 160 27 127 174 75 240 167 240 122 187 39 204 251
    199 113 147 47 235 133 231 156 24 186 204 116 89 176 5 96 83 142 149
    2 161 241 107 187 248 56 201 129 214 27 171 221 71 234 247 123 155
    65 182 253 251 93 217 41 94 30 162 240 102 121 202 201 100 210 77
    200 104 0 177 85 134 56 231 103 87 183 246 133 65 135 180 111 177
    152 66 240 149 245 135 155 20 56 239 87 82 37 198 181 107 175 159
    174 107 49 173 22 249 61 139 87 255 27 172 210 33 70 50 10 69 101
    127 221 243 221 1 185 163 230 126 208 106 169 170 149 118 43 115 3
    162 183 122 63 28 63 5 20 191 228 14 181 162 214 117 59 163 74 12 86
    76 212 29 157 150 229 104 222 165 198 39 169 183 65 167 143 209 192
    3 99 144 244 114 200 165 100 133 88 52 188 29 106 155 154 148 171
    191 15 164 198 47 236 226 194 80 133 100 198 43 59 39 171 81 113 97
    211 90 34 136 241 12 226 186 133 177 39 227 169 160 39 118 57 84 139
    14 85 250 157 215 211 57 0 133 11 73 98 188 245 65 196 128 102 46 37
    55 255 67 93 64 101 241 42 142 171 198 76 167 25 177 197 79 14 99
    152 0 160 140 15 50 241 35 241 147 214 15 44 137 193 156 248 42 203
    104 216 226 151 20 155 40 111 3 40 196 40 89 149 170 159 72 95 218
    84 62 90 237 144 75 15 182 10 213 107 5 203 21 155 183 242 40 179 47
    195 226 110 91 212 163 68 88 158 113 223 7 236 227 36 19 82 148 75
    194 124 251 13 212 75 26 186 112 9 21 135 77 60 128 240 150 245 68
    238 224 96 204 162 208 53 160 35 65 215 31 181 225 145 7 119 57 103
    184 33 118 225 146 179 8 110 170 189 88 37 80 211 89 142 38 104 33
    241 94 7 249 81 19 181 137 75 225 246 145 123 81 195 203 72 14 244
    64 165 17 94 244 120 2 23 91 120 35 90 61 252 162 25 148 31 85 138
    42 181 209 144 178 8 187 140 23 48 232 243 203 206 203 247 4 232 104
    247 130 103 25 37 97 52 238 158 171 90 104 83 135 200 86 47 15 201
    10 219 132 114 197 234 83 52 228 105 153 140 60 143 203 243 18 59
    115 38 224 212 47 246 53 23 154 165 78 178 196 11 133 104 107 152
    227 250 193 25 133 96 68 63 242 127 180 155 66 125 111 12 47 212 6
    244 109 140 242 247 229 172 61 143 153 172 16 199 16 32 244 117 242
    225 232 40 58 29 105 37 74 78 90 165 139 196 74 122 119 219 122 87
    195 77 139 174 77 32 85 16 38 53 6 195 11 72 252 248 228 94 138 105
    28 237 167 205 231 68 125 217 156 159 208 116 208 196 42 120 72 39
    63 156 125 144 231 101 237 217 50 198 164 185 103 4 183 2 102 152 56
    115 87 94 225 182 137 175 109 59 245 113 57 89 155 43 60 80 27 99
    225 160 37 120 148 75 41 46 96 99 197 51 253 112 135 252 193 74 115
    86 6 75 202 72 121 88 57 173 89 62 209 53 80 76 42 61 215 242 9 59
    102 192 133 109 134 55 251 98 232 173 119 232 247 98 1 73 130 226
    137 231 137 138 196 82 74 76 126 237 124 125 232 228 181 2 109 193
    104 1 211 150 88 197 242 81 20 127 182 120 104 44 169 63 200 162 110
    11 24 90 57 72 72 207 18 119 37 98 166 245 241 216 6 99 121 174 174
    77 227 194 25 30 238 218 144 76 20 0 21 144 35 6 5 111 90 203 230 61
    166 26 118 82 58 37 204 127 12 183 155 153 54 51 192 95 47 196 142
    144 202 189 220 7 1 161 232 156 67 119 56 182 138 199 248 205 81 251
    139 188 96 37 83 152 155 224 41 4 168 250 89 93 17 92 212 228 190
    115 155 138 102 97 125 241 253 41 19 58 133 188 108 5 15 190 50 184
    18 232 110 36 146 202 32 143 233 213 224 178 200 170 163 214 146 29
    30 34 119 80 174 129 232 200 75 176 20 139 128 224 67 60 175 191 214
    96 87 215 5 195 103 18 210 132 133 127 201 121 27 207 182 104 75 227
    249 94 16 232 168 85 14 217 96 162 16 187 59 25 141 133 18 60 48 219
    137 16 13 241 54 160 43 22 154 123 179 99 137 34 53 254 212 227 211
    18 41 77 16 21 190 204 210 231 84 123 152 26 48 234 31 156 42 3 106
    172 195 240 24 202 121 52 67 89 74 11 172 219 194 51 131 143 204 209
    50 227 235 184 124 83 211 150 136 132 96 252 139 214 191 30 54 32
    103 204 14 153 151 56 53 232 196 214 139 112 105 61 237 20 29 87 254
    209 26 160 13 44 61 178 122 95 225 168 115 77 151 28 201 164 237 187
    45 210 50 159 148 92 147 230 124 128 91 193 255 209 94 142 193 85 43
    172 99 24 105 24 55 217 218 39 21 156 193 4 134 24 189 246 236 131
    117 161 247 178 243 198 213 84 21 243 162 7 252 183 205 204 98 99
    155 252 235 199 56 33 109 196 81 17 194 14 50 91 176 25 51 142 197
    35 173 123 43 75 248 248 201 234 71 94 24 21 128 239 143 30 126 175
    50 224 46 150 125 185 3 69 182 46 70 114 107 231 132 172 233 179 212
    44 189 153 132 167 92 64 158 235 247 6 40 0 25 112 134 95 163 220
    231 134 0 139 32 128 254 114 216 78 40 248 173 161 187 94 16 182 17
    149 19 134 230 85 37 167 21 120 75 109 227 93 163 251 13 160 137 110
    4 217 124 121 215 183 249 185 91 90 145 209 13 175 91 126 227 144
    178 219 229 140 102 173 62 114 228 199 60 184 130 252 145 51 245 162
    0 63 17 78 88 89 15 215 234 142 130 222 171 49 128 218 87 164 17 213
    152 90 137 178 234 42 108 113 199 111 137 47 217 49 142 185 249 198
    84 231 203 194 120 181 11 133 84 66 16 95 111 92 249 51 95 211 252
    25 187 110 101 8 88 0 1 15 235 98 248 86 144 109 86 130 57 32 133 78
    15 77 20 49 241 55 109 143 12 52 205 66 7 254 45 241 9 246 136 193
    16 93 150 180 141 108 121 86 136 37 138 83 207 25 60 0 195 146 71
    115 128 108 196 52 99 158 235 40 187 210 252 204 142 239 17 243 54
    243 16 185 161 241 182 222 171 241 171 148 241 240 57 70 93 254 234
    121 121 107 136 152 35 212 228 215 16 191 128 157 248 200 53 71 102
    122 149 226 117 246 83 220 150 200 26 238 132 188 47 43 47 80 37 81
    235 62 233 6 111 147 246 234 92 90 170 95 0 40 22 222 120 71 26 115
    207 166 142 86 82 134 163 144 100 149 114 181 58 188 29 150 98 182
    45 143 145 255 0 169 253 202 101 228 23 149 159 249 244 225 7 77 207
    150 204 251 184 166 243 227 11 54 114 92 23 216 29 153 32 222 9 85
    43 224 163 97 49 0 35 85 46 227 46 191 136 166 144 100 229 219 233
    82 199 45 12 4 109 211 141 58 43 54 13 198 13 163 211 13 219 59 147
    218 241 121 51 106 49 183 110 92 205 68 54 97 123 27 207 168 107 72
    65 249 19 164 149 25 101 183 173 152 158 133 95 55 167 105 87 160
    229 244 16 15 215 129 53 221 164 95 210 159 239 195 18 217 151 115
    77 23 79 214 98 105 36 185 198 178 28 255 105 171 132 146 12 69 178
    229 219 35 179 21 46 170 127 249 3 90 41 164 235 32 27 104 17 223
    207 239 129 88 133 131 17 25 187 92 26 76 185 28 56 61 253 11 160
    170 51 211 131 213 0 68 213 88 165 58 173 124 44 178 49 121 101 169
    146 229 170 211 157 172 166 238 121 108 40 39 75 150 186 250 28 187
    214 189 155 249 197 147 155 183 126 162 192 125 101 64 107 39 107 83
    228 46 53 76 188 118 54 70 87 187 53 112 253 27 11 208 0 197 84 212
    85 248 60 88 44 68 60 73 111 151 28 231 138 91 3 41 138 221 154 253
    195 109 116 40 117 132 232 123 53 58 84 218 139 179 255 60 3 108 88
    239 147 49 29 67 188 180 149 108 133 169 22 254 33 248 119 169 99 82
    40 2 85 175 34 128 228 80 43 235 221 168 86 52 163 64 31 25 136 120
    21 20 87 204 71 152 55 102 182 91 175 133 219 33 58 78 70 254 228
    135 26 176 92 140 69 107 230 93 104 107 147 140 3 226 241 9 213 155
    232 252 164 62 105 144 116 212 241 150 252 222 48 159 145 207 135
    176 75 241 160 145 186 180 61 162 247 245 74 106 174 19 41 145 165
    254 27 93 199 125 240 133 95 11 76 82 143 82 161 245 39 146 57 36 59
    228 142 91 19 121 125 75 109 44 47 5 162 33 13 66 251 241 105 228 43
    152 137 217 137 195 76 173 201 198 71 30 55 197 49 60 26 1 28 135
    154 55 74 203 62 79 81 6 51 78 54 6 55 28 10 235 171 132 221 86 110
    77 246 64 241 170 222 187 43 145 27 59 194 134 250 15 221 160 245
    212 3 103 175 12 202 221 239 99 194 215 38 251 32 145 155 158 64 159
    242 154 56 254 211 176 29 254 160 73 253 74 43 111 41 246 89 233 232
    239 153 159 242 4 43 112 126 108 234 70 178 105 228 156 46 159 94 45
    25 33 183 177 5 220 25 76 20 240 168 162 187 1 41 110 98 81 6 92 55
    20 169 107 37 247 49 50 74 106 8 91 7 154 81 216 135 106 192 9 66
    251 179 155 231 39 229 125 245 204 55 186 83 235 208 28 146 116 43
    241 60 138 166 117 68 106 152 14 19 234 222 251 215 193 14 28 117 7
    177 189 215 199 204 39 147 106 35 237 33 63 94 190 253 64 44 73 226
    208 185 199 252 139 156 71 50 98 241 170 203 142 38 230 151 63 115
    88 194 55 111 211 195 191 107 67 205 254 98 51 97 78 59 216 222 50
    84 213 217 212 70 75 2 159 89 189 212 61 123 104 161 26 131 12 240
    143 91 27 71 138 111 114 84 85 213 132 245 52 249 126 31 95 81 54
    247 143 184 130 214 107 87 101 209 33 139 28 90 237 55 24 143 237
    204 71 167 193 140 35 222 114 28 136 170 127 163 200 147 253 148 175
    70 210 158 11 251 23 3 25 23 189 110 70 145 120 93 124 88 128 66 105
    90 99 124 34 240 43 128 124 147 145 128 223 3 135 57 39 64 83 238
    193 160 113 74 96 147 53 72 63 100 230 22 90 15 75 247 47 68 57 189
    217 200 249 200 212 23 83 207 19 168 133 59 124 190 240 144 150 156
    77 253 181 59 13 78 220 59 200 41 228 143 204 55 86 29 67 187 174 99
    61 3 46 145 91 171 185 187 46 104 178 2 30 53 158 2 12 45 184 109
    223 79 27 59 31 242 58 249 44 138 225 94 51 58 193 127 15 251 156
    205 241 109 204 137 206 122 50 190 44 159 200 65 177 58 168 171 239
    97 158 236 0 186 85 198 100 73 187 145 236 177 162 206 201 187 142
    243 49 215 9 109 47 239 215 105 233 12 60 114 230 0 81 251 118 112
    227 155 164 185 30 252 162 154 132 225 68 225 84 9 87 101 218 90 32
    36 46 67 81 218 191 179 129 47 0 170 73 27 110 13 176 145 171 46 154
    190 96 147 109 195 164 112 186 255 191 92 182 108 102 107 250 151
    197 56 214 110 41 160 45 144 50 21 74 212 29 16 53 36 7 45 77 204
    243 213 66 211 36 174 67 238 217 199 181 2 3 73 214 180 129 200 248
    208 118 21 93 94 235 56 158 17 99 164 135 229 194 88 81 217 1 186
    210 152 30 68 37 7 89 62 96 24 103 185 179 194 137 88 180 155 131
    193 205 17 130 123 25 98 17 213 3 22 137 223 219 157 56 224 24 2 235
    128 138 186 83 136 33 61 98 201 88 4 204 98 190 59 151 214 15 234
    146 1 179 149 9 210 128 200 215 41 163 159 36 56 229 171 218 180 83
    167 208 252 139 64 169 213 174 1 240 75 163 56 9 145 112 142 3 93
    159 184 109 28 15 45 2 92 112 228 196 41 40 32 209 214 121 206 243
    21 115 163 117 252 1 123 100 17 0 170 141 187 158 73 36 3 72 167 164
    11 71 79 227 14 218 241 76 210 3 165 158 187 180 55 174 253 131 237
    148 19 25 134 231 172 75 7 11 149 180 99 96 49 121 23 38 174 35 80
    57 183 218 175 183 155 35 16 129 70 44 171 229 33 100 48 93 40 93
    114 213 134 15 180 151 51 17 255 255 8 100 70 218 200 123 165 21 125
    106 55 225 229 43 25 156 223 184 181 84 210 126 215 179 202 46 73 84
    91 60 15 122 128 80 16 253 112 160 161 119 71 11 82 30 66 24 12 236
    108 117 127 235 3 132 221 231 88 26 207 1 139 16 199 197 158 122 34
    113 179 180 111 189 8 178 0 231 36 43 139 146 106 122 252 232 224
    224 100 27 156 175 245 77 94 178 118 128 106 161 88 44 216 23 139
    231 198 77 208 30 164 175 120 150 239 180 224 195 102 170 122 45 88
    73 188 179 75 253 121 78 218 205 119 233 70 244 8 152 245 122 112 54
    60 222 170 205 51 84 44 34 230 118 72 98 175 254 140 16 224 40 95
    192 147 232 178 111 46 192 166 235 88 69 120 248 208 160 175 108 7
    193 46 46 85 76 151 148 176 148 33 158 138 59 55 209 223 96 124 120
    236 84 20 120 73 232 140 136 148 187 189 41 80 224 201 14 175 214
    203 129 138 74 100 81 190 226 145 124 205 164 17 116 194 226 170 250
    121 182 169 14 110 136 12 71 130 232 137 208 208 22 49 231 251 143
    38 235 109 125 37 144 52 162 210 122 136 116 136 23 205 155 247 148
    149 81 30 251 17 41 11 122 246 107 3 156 91 97 197 194 87 240 10 165
    163 120 167 215 189 53 90 104 229 210 240 24 148 6 131 62 0 247 68
    51 205 14 213 177 24 92 54 197 129 79 23 80 238 123 164 108 10 75
    150 55 245 10 180 219 193 136 119 117 117 203 25 69 234 19 100 136
    82 94 52 225 227 29 246 54 65 114 107 112 83 162 172 60 220 92 245
    232 205 247 120 49 121 85 232 43 178 145 225 0 235 120 137 185 44 87
    209 211 119 137 162 2 144 162 50 223 208 37 214 208 106 59 157 159
    68 122 183 35 169 233 246 234 4 18 59 5 46 160 27 63 208 144 106 38
    131 123 140 22 126 59 190 167 222 185 79 232 3 239 73 88 172 64 85
    165 157 134 72 77 186 127 218 233 107 80 165 139 40 24 169 183 45 35
    53 202 211 15 218 100 160 194 165 85 67 178 233 185 22 169 155 188
    252 137 42 49 236 86 239 42 98 11 184 111 139 213 87 112 248 12 142
    252 162 81 137 170 142 251 180 191 102 254 170 151 98 45 16 50 9 224
    95 228 170 76 37 10 159 41 102 61 150 194 13 56 19 200 61 241 81 95
    209 43 133 161 232 132 3 108 197 233 65 166 26 120 51 196 5 196 19
    241 29 8 17 227 40 95 183 117 118 232 254 137 118 128 11 239 236 194
    251 59 250 53 25 52 195 136 140 123 68 19 227 238 134 200 220 58 51
    200 204 190 91 0 13 139 181 212 15 109 105 84 66 153 64 62 213 138
    227 98 197 201 92 154 113 251 6 201 110 161 1 124 95 98 128 134 121
    221 175 156 167 30 185 92 249 241 31 33 218 9 4 196 154 214 188 244
    98 98 88 84 225 70 241 140 123 73 255 138 95 18 85 237 126 46 152 63
    121 184 19 189 210 43 142 222 233 215 135 156 164 95 245 87 143 131
    184 84 167 236 145 231 39 141 120 209 71 76 115 50 57 22 154 231 3
    25 144 131 42 193 160 205 59 245 228 235 139 10 179 10 155 96 7 205
    120 207 42 213 104 108 65 247 13 181 200 49 73 179 210 165 230 254
    205 252 171 19 6 181 28 13 19 224 173 12 63 40 214 85 58 132 186 39
    42 80 238 187 1 230 43 17 13 197 37 238 197 128 135 15 4 197 129 113
    66 91 77 9 73 232 159 26 229 139 15 204 159 134 225 90 129 85 225
    178 29 53 190 123 159 223 145 59 89 32 77 69 14 191 48 240 172 192
    111 19 185 188 30 237 230 252 142 226 27 80 237 23 228 47 151 111 43
    221 188 147 115 92 179 80 98 160 82 59 192 230 159 251 39 255 65 173
    194 65 218 208 7 109 181 86 125 29 128 243 178 183 64 188 64 106 127
    242 54 53 94 155 54 112 179 211 243 255 90 45 66 56 160 40 121 27 61
    128 95 35 47 198 249 17 65 49 68 187 243 122 35 216 111 52 84 137
    203 220 121 46 148 180 69 116 165 217 11 125 132 160 252 79 75 194
    175 171 139 33 6 115 83 215 231 108 191 237 74 190 62 182 122 92 204
    204 14 179 126 170 168 23 60 15 42 217 43 13 62 182 205 168 175 213
    138 27 80 26 209 133 244 71 189 43 64 223 7 127 181 170 206 28 109
    190 208 225 162 238 141 28 137 26 172 133 129 149 99 34 208 140 19
    31 197 236 192 14 241 16 183 105 248 104 81 158 12 135 81 38 113 251
    226 123 33 253 17 28 169 54 217 200 27 222 110 31 42 70 162 173 64
    43 74 156 148 162 191 22 102 34 86 249 113 17 212 105 101 143 159
    217 249 77 42 189 25 204 29 251 27 118 174 126 66 25 165 150 240 226
    77 93 193 234 242 174 166 92 63 222 93 117 206 117 246 245 218 66
    177 234 114 147 240 73 163 173 14 137 4 47 137 242 0 138 110 125 35
    87 224 134 201 20 181 217 167 68 94 224 114 151 113 184 246 224 161
    176 162 161 183 223 110 132 212 34 159 255 134 139 71 249 7 186 155
    133 124 1 122 242 18 244 106 166 249 185 32 72 224 95 218 22 223 238
    172 53 44 199 43 224 114 157 156 135 230 38 113 229 132 195 145 158
    115 28 72 108 30 14 227 31 95 210 182 255 153 207 203 156 177 179
    221 55 216 187 193 51 176 121 138 161 140 79 248 128 237 100 144 224
    82 20 15 136 99 253 99 111 231 122 50 204 49 148 93 242 101 51 9 94
    77 187 29 164 113 74 187 243 171 11 15 92 46 95 136 221 107 224 185
    185 166 27 52 220 124 84 174 18 165 65 136 229 107 225 109 186 26 4
    97 198 142 210 142 43 37 108 249 72 121 244 247 127 13 90 197 139
    222 111 211 4 141 3 177 19 200 176 170 181 110 155 88 111 215 242
    205 29 219 9 215 69 5 248 1 149 174 59 242 185 50 108 219 192 81 68
    8 40 151 79 177 197 154 108 175 79 60 132 116 157 141 10 186 45 51
    205 187 132 176 73 149 227 58 189 90 194 111 203 175 76 44 230 82 79
    186 75 113 183 85 214 103 26 136 107 191 248 183 236 34 14 169 11 40
    137 252 36 95 124 14 167 9 102 232 231 7 221 191 100 8 230 147 47
    161 228 102 203 239 63 49 38 213 246 180 146 39 46 250 241 238 132
    123 229 48 130 115 236 212 32 52 80 78 182 49 164 181 164 105 94 111
    62 150 10 108 21 226 196 197 197 245 14 65 173 123 227 102 179 85 96
    68 151 107 186 207 20 218 90 57 64 72 62 52 80 201 189 31 168 18 157
    223 145 105 121 240 230 186 23 164 42 104 255 77 6 238 183 194 44 91
    88 107 230 248 91 41 149 215 138 167 147 97 145 202 146 165 14 48 96
    236 246 125 88 114 72 195 236 228 218 130 94 190 134 118 239 61 232
    36 197 185 198 121 32 144 223 78 59 172 110 119 117 166 238 77 220
    136 77 24 187 233 170 8 95 147 166 51 141 54 72 196 63 209 179 206 3
    24 201 225 11 122 82 47 136 188 18 74 38 147 255 118 100 239 17 202
    99 19 72 17 94 115 160 253 224 245 197 121 30 119 227 199 49 46 107
    156 158 154 241 38 208 179 203 168 111 40 114 68 246 162 24 241 90 9
    229 158 184 187 129 46 22 182 6 9 162 208 48 63 222 136 53 169 62 34
    238 75 166 18 227 47 163 106 144 95 215 8 110 233 54 14 76 125 15
    213 29 0 140 211 192 250 65 85 232 12 240 90 51 64 35 162 192 75 240
    131 24 129 40 86 128 199 90 140 92 221 190 2 128 235 205 12 122 71
    71 25 137 160 221 96 234 143 247 207 172 204 215 84 132 212 147 140
    93 105 183 39 70 25 30 9 79 146 176 45 129 174 194 163 231 17 36 197
    86 45 251 116 217 200 173 235 119 14 77 128 42 75 110 139 65 152 32
    197 112 116 91 69 40 63 82 250 179 180 188 35 66 240 10 50 230 144
    60 98 201 151 135 235 33 168 184 20 210 0 192 116 138 66 151 135 154
    224 208 75 40 111 102 182 225 238 89 33 63 189 35 135 233 34 109 212
    130 141 38 83 240 31 55 185 30 255 50 58 85 212 163 138 136 250 221
    150 246 106 119 170 78 181 221 11 1 36 70 7 213 130 106 72 70 59 58
    150 180 127 165 15 231 52 211 251 132 153 186 95 206 0 87 130 185 42
    60 220 215 196 202 24 204 166 132 240 38 250 237 117 195 134 158 235
    35 106 167 6 22 152 174 235 116 71 128 125 2 37 188 92 108 144 218
    230 63 162 228 14 120 152 10 213 228 137 89 63 163 146 133 183 126
    48 120 14 217 117 107 188 161 137 52 49 203 100 156 202 57 133 194
    10 190 235 158 106 132 202 144 189 227 79 217 131 6 28 18 121 29 149
    224 240 147 143 250 129 167 169 17 160 143 31 112 27 54 71 255 85
    228 19 104 5 252 138 66 142 209 11 155 163 55 249 2 68 12 183 173 9
    241 130 122 124 60 255 29 248 127 173 89 179 151 98 116 90 110 135
    192 195 113 249 173 85 185 108 228 56 214 138 148 219 232 141 83 183
    16 136 42 250 149 214 253 229 225 37 40 63 29 88 157 39 37 48 154
    105 218 108 41 152 244 18 196 86 11 232 150 212 156 191 121 192 68
    164 101 175 180 80 224 47 9 168 90 132 66 52 42 123 224 40 114 110
    105 154 211 252 133 147 235 215 170 201 38 164 15 76 184 139 0 254
    123 153 23 14 143 251 218 144 136 122 177 213 240 98 65 111 109 133
    25 74 61 65 78 157 150 53 39 214 44 220 181 159 33 160 190 47 32 189
    93 144 194 64 249 156 182 27 132 241 233 203 226 63 229 217 65 4 4
    153 36 87 24 95 183 26 228 6 89 240 125 178 40 125 115 17 114 142
    215 145 223 217 123 157 44 174 101 63 48 203 222 225 39 179 145 185
    146 214 153 81 232 239 221 159 91 83 171 43 110 8 89 60 27 167 39
    151 122 41 86 191 226 163 1 195 60 165 153 62 244 135 196 99 162 3 1
    248 254 225 14 74 163 113 250 67 157 58 168 168 38 116 203 107 234
    246 195 236 110 236 65 228 81 61 172 13 189 25 184 144 118 86 234 83
    214 48 247 9 65 117 148 161 137 166 205 149 252 79 228 172 70 10 138
    82 76 19 200 153 211 78 5 17 171 147 189 26 239 64 25 107 99 60 216
    143 107 160 4 106 139 189 9 156 253 227 177 144 68 209 176 60 71 161
    225 171 126 19 130 171 46 160 77 131 11 134 156 199 129 51 252 119
    163 244 20 158 191 158 227 215 196 129 148 39 251 211 145 154 96 3
    211 231 202 204 15 19 199 239 83 209 109 89 118 127 46 202 4 36 222
    229 75 15 166 99 107 183 195 102 106 22 138 223 191 233 204 185 163
    29 44 231 30 181 120 254 44 167 79 33 85 125 90 213 194 45 57 164
    205 76 144 136 241 84 9 65 41 31 243 9 89 55 180 10 88 145 254 252
    139 241 47 99 193 113 210 120 181 21 228 112 205 160 2 194 215 119
    53 48 225 104 122 17 178 215 117 251 112 44 197 250 156 120 75 111
    175 36 40 74 79 199 190 102 49 150 225 166 177 18 150 147 125 9 122
    128 5 163 80 51 32 86 2 163 223 143 8 169 200 123 236 247 176 83 61
    253 230 207 124 164 31 46 114 160 247 109 110 109 128 39 54 238 10
    30 2 98 36 124 40 161 242 22 125 191 6 155 151 140 84 248 9 207 41
    221 109 246 184 106 173 10 208 197 74 237 81 206 245 103 255 146 109
    66 139 56 177 145 127 143 105 12 183 121 38 52 241 219 164 50 248
    249 95 134 235 234 142 82 241 77 145 120 26 35 47 221 236 10 187 38
    101 31 24 255 138 18 127 2 110 159 118 116 127 124 199 58 168 186 32
    141 0 17 206 19 122 80 122 46 156 218 32 47 35 222 72 165 118 181 16
    99 174 60 37 237 6 96 206 136 237 220 162 126 255 20 201 104 14 144
    135 136 233 200 15 43 214 21 12 119 137 144 86 44 137 207 110 242
    211 236 75 72 90 57 145 202 152 127 27 166 154 155 65 138 167 102
    182 225 229 97 253 235 153 248 252 254 119 198 131 20 98 249 114 217
    117 96 241 87 148 60 99 175 166 53 1 216 113 218 184 149 64 227 247
    96 136 198 128 36 251 127 78 51 242 218 185 38 154 227 60 230 214 20
    217 226 231 144 119 31 101 117 136 196 235 67 25 77 133 99 170 229 9
    227 162 125 139 71 22 92 16 116 147 243 10 27 225 242 88 20 233 205
    254 8 39 91 167 91 47 182 27 140 200 28 251 230 83 1 6 127 72 155 40
    228 183 45 136 15 215 98 72 170 53 198 5 79 131 134 11 22 32 19 86
    160 236 190 2 87 245 206 127 173 221 8 178 206 178 149 3 219 81 85
    69 0 204 91 4 30 202 181 34 19 129 223 121 181 23 251 126 67 158 179
    179 128 199 215 208 10 203 86 97 142 139 227 207 66 140 49 100 50
    233 2 81 201 64 194 126 209 35 170 10 197 202 217 249 99 145 190 196
    142 208 80 3 104 99 138 3 70 54 168 225 117 33 56 12 216 97 191 157
    100 193 81 140 209 175 143 41 235 162 27 117 241 186 55 43 89 69 87
    40 3 209 9 198 97 219 17 7 77 160 114 227 169 22 70 72 24 154 166 21
    26 24 23 184 171 192 157 82 238 155 68 0 187 104 170 202 89 240 111
    191 70 18 192 230 46 160 111 83 10 64 99 72 81 42 3 249 161 12 158
    27 102 122 38 56 205 44 184 28 198 52 107 45 146 41 44 36 200 47 198
    84 242 242 131 153 79 15 222 145 77 252 230 115 235 222 253 22 72 13
    89 7 35 254 160 212 253 140 78 10 245 244 10 96 121 246 113 167 225
    208 173 217 98 8 80 186 43 130 146 13 148 96 80 149 48 76 18 28 251
    95 200 252 249 125 239 62 208 234 121 64 115 51 201 48 234 141 148 6
    95 7 148 128 75 145 100 35 62 235 65 44 158 90 32 79 104 117 27 34
    108 189 204 228 232 53 231 123 119 209 215 34 181 221 222 30 149 91
    198 109 99 190 196 254 222 15 32 54 23 38 19 114 26 216 159 184 194
    74 213 211 176 129 4 203 189 52 15 228 171 200 94 161 190 42 138 220
    147 236 42 61 121 139 51 115 35 248 10 53 188 175 182 184 242 83 204
    111 29 148 30 46 254 159 5 152 198 132 82 185 236 216 182 54 217 144
    209 142 201 65 169 177 255 173 2 216 19 94 109 255 135 26 204 165 36
    112 37 175 122 20 119 107 96 157 111 35 120 61 14 175 82 181 56 219
    250 238 68 55 48 59 55 165 187 86 116 22 39 30 81 254 220 133 51 151
    39 220 136 220 96 8 180 18 6 164 192 63 228 195 145 60 224 58 97 15
    211 33 109 235 39 235 46 48 58 66 206 227 12 194 189 6 143 218 80
    227 224 85 104 125 81 151 215 61 141 92 123 248 19 79 71 4 228 119
    255 140 183 254 153 178 181 29 72 7 210 143 10 129 140 126 197 251
    80 68 61 119 185 68 165 157 157 26 48 167 94 228 173 95 249 68 93
    225 196 34 96 109 157 79 249 187 201 9 58 219 13 45 204 216 21 75 47
    240 149 135 72 80 30 52 216 205 109 199 213 215 150 91 232 141 42 32
    181 17 115 187 117 224 19 165 143 230 36 109 201 111 223 109 131 222
    66 87 231 2 114 89 204 212 10 105 113 204 167 159 221 47 73 78 191
    107 147 214 32 91 88 60 236 224 164 195 150 150 4 156 4 15 12 251
    134 53 142 161 223 192 172 61 16 138 224 82 216 52 232 199 129 163 7
    45 183 184 32 173 216 136 105 83 105 113 21 167 233 236 107 195 226
    128 50 6 128 95 239 42 175 176 202 197 222 25 242 72 60 49 229 166
    52 185 126 171 178 178 53 74 231 10 79 186 15 39 29 151 173 7 154 6
    60 220 24 225 61 168 78 193 239 250 108 81 118 74 145 87 6 71 120
    141 0 135 142 169 34 210 245 127 200 105 167 90 97 76 192 140 137 31
    212 248 30 90 175 195 48 58 96 163 9 41 213 39 156 193 214 108 183
    64 71 57 170 74 99 105 7 222 33 203 207 169 26 218 24 202 161 235 97
    2 225 148 139 174 19 71 181 105 216 143 128 202 204 239 79 173 76
    241 109 22 255 42 96 14 116 90 227 114 105 29 89 25 32 115 26 216
    122 122 2 25 104 24 11 21 0 196 183 246 131 157 97 4 170 236 53 134
    243 162 182 10 244 206 24 16 123 6 112 145 159 214 194 208 82 104
    197 230 212 57 172 65 52 159 11 166 216 110 128 200 195 59 14 168 44
    207 21 113 34 130 195 24 37 92 253 246 52 112 166 61 51 23 51 178
    128 33 77 17 253 108 69 108 3 26 230 14 172 61 199 72 79 134 104 192
    4 213 9 204 109 196 83 204 249 222 234 20 174 190 209 130 178 114 9
    202 230 229 98 180 149 26 74 114 169 33 196 176 206 193 24 48 79 1 6
    97 137 126 210 37 162 195 244 26 88 146 194 238 158 137 253 239 49
    22 137 65 121 218 183 105 81 91 255 117 244 44 189 179 124 181 62 16
    124 207 113 90 96 212 243 202 191 17 252 211 184 4 133 237 108 5 222
    238 106 166 172 12 114 184 209 206 15 175 221 14 228 3 155 180 205
    194 21 228 203 198 196 138 61 211 178 245 19 212 64 91 113 180 122
    41 31 37 223 74 66 148 236 138 107 6 108 159 197 54 192 195 44 114
    195 231 207 38 112 25 116 74 19 83 146 182 194 127 183 217 178 248
    91 137 27 57 178 101 193 199 227 159 16 70 66 216 12 45 171 108 81
    38 197 248 248 141 212 68 145 9 121 4 35 103 219 16 39 237 103 207
    243 16 183 127 12 171 161 37 90 74 67 49 144 164 5 147 69 128 17 28
    98 144 214 212 65 113 141 221 141 30 182 255 190 153 120 94 196 57
    228 49 211 70 25 168 171 207 174 93 139 89 58 169 223 203 245 56 73
    161 108 31 225 191 208 220 236 133 51 169 230 101 2 244 220 187 45
    253 76 40 50 219 41 245 193 117 201 75 8 125 164 190 73 232 60 221
    53 219 10 205 173 215 198 85 29 157 148 177 48 56 225 125 90 178 138
    3 19 31 155 84 6 205 47 92 62 141 172 172 119 160 3 165 190 51 237
    69 155 222 12 226 155 189 138 2 83 201 23 109 13 255 172 107 153 11
    97 225 73 223 87 208 41 197 76 164 35 69 94 34 211 73 91 87 183 80
    94 107 237 252 164 36 51 124 178 122 203 122 22 237 163 150 77 75
    148 102 78 210 240 12 45 112 103 87 195 72 11 170 142 25 83 38 153
    242 247 32 3 163 81 61 232 227 239 28 203 227 15 248 241 245 186 168
    247 158 69 211 49 160 153 55 200 246 225 69 81 147 101 206 224 72
    163 84 79 250 212 42 157 119 162 124 154 80 198 99 23 244 172 21 99
    64 144 117 71 183 234 53 33 120 133 52 118 47 19 103 38 202 18 163
    15 179 54 150 33 96 53 60 84 179 11 48 214 26 221 34 141 9 69 247
    103 186 229 110 237 55 48 195 70 216 95 12 75 143 226 82 210 131 184
    209 214 92 61 189 154 15 85 19 68 119 195 100 47 37 61 211 117 239
    11 246 92 35 180 76 178 113 242 106 55 199 159 164 84 102 134 238 71
    7 34 121 66 0 235 93 222 125 252 1 23 189 197 238 120 122 137 244
    235 166 205 2 67 33 140 76 4 33 139 72 122 138 106 237 13 85 21 4
    186 88 38 213 125 18 139 49 188 252 9 43 166 145 111 13 110 55 69
    125 12 29 61 234 169 216 12 8 103 5 6 53 49 123 122 138 36 185 230
    194 118 24 193 204 37 92 10 190 224 170 178 185 22 100 120 30 53 123
    229 100 114 123 51 119 81 51 165 195 137 183 210 19 105 161 164 227
    109 243 233 18 53 131 217 146 200 241 158 142 66 221 84 216 24 117
    108 50 220 161 52 204 58 244 175 122 5 133 157 230 142 246 203 247
    100 62 228 170 209 13 242 27 228 201 242 54 172 119 196 179 78 255
    144 72 224 249 233 250 213 209 67 13 10 92 135 173 125 114 52 131
    125 232 91 85 118 183 125 174 121 248 171 55 230 125 202 180 141 62
    47 96 63 230 12 179 229 240 81 10 113 204 87 229 240 158 78 187 194
    220 254 51 93 48 180 144 84 160 12 135 117 34 125 137 62 67 247 24
    202 222 62 186 138 137 136 50 190 194 22 4 209 221 245 35 1 141 200
    142 87 251 122 240 150 25 223 160 165 176 184 20 96 171 33 40 88 222
    78 215 68 69 163 7 194 183 175 44 209 66 19 227 181 185 91 102 99 34
    36 96 242 212 84 124 218 182 114 222 200 105 104 181 61 175 234 22
    189 128 220 142 196 36 34 183 231 55 82 210 228 239 67 62 170 68 124
    105 216 167 159 255 88 151 151 174 56 231 252 231 167 197 97 173 129
    190 80 226 167 249 179 146 128 151 34 104 230 23 179 72 141 44 210
    47 220 195 162 250 249 44 157 61 124 201 218 108 238 87 186 205 112
    96 105 182 1 138 120 227 247 6 54 31 2 227 43 248 50 181 66 150 173
    96 163 162 215 129 13 125 46 194 92 245 72 108 77 71 173 175 140 13
    76 108 38 8 5 68 57 129 183 212 172 206 32 141 91 7 207 125 113 52
    46 122 41 117 228 125 11 114 205 71 219 50 234 115 95 123 86 10 117
    35 223 173 94 248 62 49 51 69 63 30 38 159 137 69 203 177 154 7 224
    252 47 203 255 62 42 193 89 223 204 47 162 229 151 2 156 236 244 120
    239 92 249 205 158 70 202 86 65 110 212 213 78 227 23 239 219 199 98
    227 34 215 228 83 56 140 0 132 95 152 97 113 192 231 30 51 254 235 6
    105 208 10 157 28 20 146 89 104 249 168 168 37 167 128 102 228 74 82
    95 37 28 175 61 32 187 67 66 121 152 179 16 79 197 3 25 116 96 22
    150 71 121 250 184 200 8 179 72 129 34 252 175 187 172 111 29 221
    228 213 170 214 224 202 234 204 12 51 235 138 16 212 151 88 180 183
    150 99 27 206 34 24 163 40 72 168 239 80 13 122 144 40 210 0 135 100
    176 63 155 237 200 57 125 223 163 212 221 6 160 253 186 34 126 97
    107 28 19 72 149 210 155 57 240 52 21 243 2 25 58 113 159 123 39 231
    138 162 70 46 75 51 187 175 173 228 122 182 128 178 55 48 95 181 168
    10 255 183 221 129 78 224 231 42 25 223 237 153 239 162 83 73 141 87
    92 107 77 32 69 82 21 20 64 229 243 61 55 85 104 59 57 54 164 39 112
    241 4 215 166 163 144 96 199 157 75 155 67 38 149 72 39 28 180 108
    96 164 231 225 102 241 166 68 160 54 10 81 192 187 120 209 72 139 40
    98 114 28 75 85 86 199 44 48 102 237 181 227 191 6 187 170 78 192
    187 140 169 33 117 163 140 102 167 55 36 23 40 100 122 198 87 50 204
    145 84 82 82 21 181 157 27 219 85 47 73 121 169 185 141 220 99 137
    137 74 238 142 189 166 19 81 135 214 92 111 1 179 110 34 203 227 200
    152 231 42 73 128 62 115 116 57 159 31 198 47 189 194 207 131 65 117
    67 177 80 159 203 85 229 102 37 121 149 20 206 175 146 167 39 110 95
    45 195 250 107 51 94 227 45 142 16 146 183 130 47 141 119 20 21 228
    151 205 238 233 38 82 43 58 236 42 169 240 247 79 177 58 247 28 2
    188 117 244 251 202 226 100 124 148 46 174 83 112 150 221 239 188
    165 138 230 104 59 96 113 238 239 226 226 100 181 41 169 246 199 102
    28 11 60 236 4 109 51 178 22 119 59 114 17 26 152 192 219 123 250
    168 191 144 86 213 118 3 57 26 172 115 123 11 64 194 79 97 97 198 30
    126 62 159 39 252 247 60 176 230 55 184 195 103 212 80 31 59 13 112
    70 20 100 97 157 108 162 187 20 6 109 85 144 199 123 73 123 31 169
    180 243 115 99 231 128 18 183 31 82 220 47 119 115 133 1 241 208 143
    139 179 4 52 246 201 72 60 211 116 237 182 32 154 214 91 161 185 63
    51 241 37 244 164 192 26 55 220 39 168 180 30 50 143 58 15 49 139
    190 8 240 226 24 207 125 110 70 24 249 10 17 65 125 246 185 36 225
    150 113 89 140 38 197 168 48 213 203 72 7 171 224 69 32 224 58 194
    65 20 156 198 74 14 70 206 194 141 17 27 119 128 70 115 197 190 247
    195 23 122 183 176 125 48 19 237 173 187 160 96 44 134 83 156 120
    228 173 106 179 243 68 123 99 157 111 67 156 192 31 231 30 173 130
    22 254 89 143 244 127 232 188 72 8 159 178 17 45 82 251 237 159 8
    213 94 188 55 143 36 208 188 95 3 130 155 101 66 219 237 94 27 229
    218 248 184 81 217 68 71 5 177 8 15 61 49 35 160 211 167 1 34 142
    229 45 72 177 231 124 192 131 213 7 149 198 169 197 7 41 177 158 230
    184 47 86 185 21 219 188 111 246 15 254 91 141 96 253 36</data></test_img>
<my_img type_id="opencv-matrix">
  <rows>100</rows>
  <cols>100</cols>
  <dt>"3u"</dt>
  <data>
    36 255 217 71 255 237 221 255 247 163 0 255 255 255 203 206 187 109
    255 155 48 19 255 162 199 31 152 133 255 255 221 18 255 255 87 255
    255 255 255 205 255 206 255 255 255 56 247 135 144 255 232 201 74
    255 255 12 195 255 91 67 255 255 174 255 37 104 84 151 255 171 131
    255 156 255 255 128 229 155 255 225 164 255 4 89 240 255 155 221 185
    44 255 135 255 255 70 255 255 255 201 255 218 255 255 255 51 60 255
    255 253 255 135 13 20 55 255 40 176 68 222 109 120 79 255 223 255 31
    156 37 255 255 209 255 122 255 235 240 180 84 255 255 255 186 255
    193 6 255 255 255 95 255 96 165 123 255 224 227 255 229 213 69 90 36
    255 95 255 176 255 142 255 241 82 255 29 80 43 14 255 116 255 255
    131 120 255 255 200 116 253 170 67 255 1 143 255 129 121 255 226 154
    116 52 167 6 35 183 255 255 229 75 255 218 109 255 29 135 85 255 255
    106 255 15 241 213 255 95 2 32 237 92 255 184 128 255 0 46 255 179
    212 246 232 255 54 41 255 255 50 56 255 74 154 229 194 97 255 251 82
    255 113 255 255 217 184 255 134 61 60 150 255 255 119 82 255 255 65
    120 72 208 255 131 160 255 255 123 0 117 255 255 215 255 255 192 51
    255 239 235 178 158 46 11 255 255 255 16 255 64 128 255 45 199 255
    105 255 255 144 65 255 255 255 255 62 255 255 2 188 183 2 255 218
    255 188 107 94 255 167 190 255 217 255 123 255 216 255 85 2 255 234
    109 78 101 255 255 34 244 204 131 124 41 255 206 226 255 152 255 111
    2 249 255 255 162 27 214 20 205 111 173 255 255 18 208 225 102 255
    255 179 255 255 5 255 24 101 255 77 255 255 191 22 254 218 124 126
    58 237 99 176 147 255 173 187 255 255 219 235 255 244 193 255 90 184
    255 198 172 150 204 143 255 189 75 255 211 130 133 239 111 2 255 9
    53 229 60 39 228 55 39 46 145 255 16 174 161 41 104 141 72 255 114
    255 255 255 165 255 56 55 9 255 99 255 66 101 255 246 183 24 251 120
    160 255 195 80 255 161 138 154 221 234 39 117 212 156 255 255 255
    136 255 124 255 255 47 255 255 255 202 147 255 255 255 178 89 70 255
    255 255 114 230 213 255 225 255 205 255 255 255 255 24 255 255 255
    255 232 255 255 8 255 255 255 75 255 215 169 255 255 114 41 15 255
    30 48 138 223 124 255 64 255 255 144 149 133 255 233 242 255 79 255
    255 240 60 109 192 102 255 3 255 255 98 61 152 255 255 255 50 177
    255 255 201 255 95 96 51 173 255 255 255 51 229 87 255 231 183 255
    184 255 2 129 3 84 255 11 255 255 114 130 180 204 255 255 93 255 246
    55 255 113 255 172 176 183 188 255 255 155 139 114 255 255 22 255
    137 255 229 255 89 5 255 29 255 255 255 255 135 255 10 81 202 72 154
    255 255 137 255 230 255 255 255 214 179 157 255 255 255 255 91 135
    255 4 22 255 255 255 129 129 123 205 189 255 38 127 255 255 255 206
    6 255 255 199 154 15 255 255 255 66 255 113 255 255 142 255 237 255
    13 12 255 255 255 183 180 61 19 255 150 255 122 0 72 255 255 255 255
    48 213 56 16 249 255 255 218 58 121 15 255 233 255 146 124 255 2 255
    22 255 104 77 255 203 49 255 35 22 227 255 191 255 75 200 45 93 255
    81 225 31 255 188 255 111 192 255 255 222 116 255 70 2 131 104 255
    114 195 255 255 22 43 255 255 126 176 109 89 244 255 255 255 153 255
    255 25 225 255 4 174 156 255 255 255 151 255 64 162 131 255 52 152
    107 255 148 90 233 198 255 128 164 255 255 212 255 63 46 255 30 255
    253 203 73 71 48 255 9 228 255 255 10 255 255 191 255 38 143 255 255
    222 133 141 255 230 28 255 113 88 33 152 62 42 203 135 172 203 99
    255 186 255 200 26 255 27 255 255 161 184 171 255 255 255 110 255
    126 71 232 122 255 255 188 255 222 163 85 126 255 97 255 96 217 255
    24 255 22 251 255 27 255 255 251 255 128 255 148 187 121 251 255 92
    88 16 255 255 150 48 2 70 255 255 254 255 161 82 255 255 255 255 255
    180 15 19 222 234 255 187 135 56 255 230 255 255 174 206 206 43 0
    166 255 244 41 255 255 37 255 255 102 217 103 4 39 107 255 78 56 239
    121 221 0 255 203 236 19 111 68 230 137 255 255 255 249 255 111 101
    251 255 82 70 255 40 96 19 119 255 83 149 0 255 79 19 220 158 20 225
    25 255 98 192 12 133 177 90 11 206 154 255 34 255 255 98 255 253 98
    255 227 3 255 255 255 232 51 255 213 41 159 14 244 53 255 24 255 147
    255 55 213 133 57 208 255 255 241 255 78 255 255 90 155 255 33 60
    255 56 255 255 131 171 255 255 255 255 218 255 255 49 255 255 46 89
    255 215 255 255 134 61 255 5 241 17 255 72 152 149 148 118 255 255
    71 255 43 255 53 152 94 172 255 212 7 255 255 200 255 255 255 255
    255 26 200 255 74 255 255 3 201 255 255 255 255 244 255 81 255 113
    255 255 255 188 234 255 96 243 255 137 177 164 218 70 212 255 93 255
    255 1 255 255 198 2 255 78 104 255 255 237 255 7 255 255 236 255 51
    132 24 255 57 254 143 207 255 182 87 246 58 157 210 255 206 249 255
    199 85 137 255 210 255 104 227 255 138 191 255 225 87 255 204 255
    255 8 255 255 247 208 255 225 255 255 243 164 255 255 68 255 229 255
    255 169 113 255 129 205 255 116 255 152 255 255 242 50 255 133 27
    255 255 255 39 229 226 255 255 187 255 173 94 255 203 34 126 255 26
    107 255 85 235 255 255 255 255 157 255 255 185 255 113 60 176 68 41
    167 255 11 218 190 255 255 255 169 159 221 243 255 255 94 255 255
    127 255 255 255 255 255 49 255 255 232 143 253 255 255 255 255 179
    255 196 255 255 228 14 255 255 255 255 128 38 255 49 255 19 98 255
    21 86 217 246 255 232 233 129 46 255 128 97 167 20 255 118 0 255 255
    207 255 255 255 135 53 48 210 255 26 255 255 147 255 255 127 44 2 48
    148 175 46 43 255 8 255 255 49 181 197 255 255 141 255 148 255 15
    255 38 255 87 220 38 3 255 105 43 39 22 254 255 49 70 255 234 27 255
    121 255 171 11 255 143 255 68 255 64 255 255 202 181 255 162 82 141
    239 167 255 255 255 47 5 255 255 255 140 255 63 169 11 255 255 128
    200 0 220 89 242 8 207 255 105 225 51 255 206 65 255 249 145 255 255
    159 167 255 255 68 89 255 133 248 218 255 189 255 216 255 137 105
    153 255 248 255 255 255 255 255 255 200 5 255 89 183 6 138 255 251
    16 198 255 255 63 49 132 255 255 255 0 255 251 140 255 33 20 255 120
    109 39 139 255 255 155 255 229 55 234 255 14 255 197 196 255 43 203
    255 182 56 255 116 255 10 71 255 12 255 135 255 83 52 255 255 247 29
    62 108 255 175 82 113 255 78 189 203 255 119 253 26 73 255 98 255 39
    255 242 255 161 255 54 59 205 159 104 68 255 49 164 255 150 9 210
    146 114 73 255 255 4 198 72 255 105 152 255 188 255 158 185 160 235
    19 48 120 18 167 62 129 109 255 204 255 242 255 41 21 255 75 255 59
    255 99 255 131 208 188 255 4 120 0 255 50 255 176 255 255 255 255
    159 105 10 255 255 123 255 255 255 255 255 132 48 255 31 184 255 230
    255 167 135 255 186 11 164 216 139 166 223 183 166 255 108 255 255
    255 195 111 255 7 255 255 255 86 181 43 83 230 80 255 221 255 255
    255 166 255 7 255 255 98 255 79 16 255 195 174 255 88 162 220 255
    255 255 24 188 255 221 180 32 255 172 20 255 255 97 75 49 80 139 134
    138 255 255 67 54 74 77 255 243 58 255 255 217 255 101 222 255 151
    239 255 0 255 197 255 255 199 233 133 250 172 75 255 25 255 255 132
    189 128 255 114 255 80 255 255 110 255 255 27 255 255 23 255 62 129
    142 255 3 255 98 97 200 0 27 14 38 255 255 255 94 255 197 189 43 11
    162 189 154 255 152 255 183 188 255 255 116 124 255 72 88 255 145
    190 10 154 255 120 255 193 255 255 255 255 80 15 255 140 255 228 189
    255 109 255 229 221 14 255 255 159 255 255 200 30 125 65 255 20 27
    193 225 224 255 248 255 13 240 196 180 255 135 193 64 242 255 125 96
    255 151 255 255 72 224 255 121 195 191 161 255 255 80 230 246 158
    255 124 159 162 250 255 255 131 211 155 195 140 49 255 140 159 255
    255 255 150 255 172 255 255 201 255 82 255 244 255 255 255 189 96
    255 255 102 126 255 75 175 255 255 255 31 150 13 31 255 45 49 119
    255 255 255 173 80 255 47 27 75 255 161 118 255 255 255 255 108 191
    141 89 255 250 64 188 79 38 172 255 187 255 11 97 61 73 217 253 255
    170 38 62 70 131 255 142 70 255 248 96 32 97 255 148 255 174 255 120
    84 255 140 183 199 248 97 255 255 17 17 44 255 133 42 225 51 249 27
    206 113 255 109 168 140 255 255 255 255 173 2 255 255 227 255 165
    255 255 255 217 8 202 67 255 177 174 255 224 89 255 217 255 184 255
    255 255 143 255 255 75 255 51 56 255 255 38 255 255 67 255 206 52
    174 255 195 255 24 255 255 255 158 255 255 188 101 238 255 24 32 90
    51 255 128 255 203 179 232 205 76 121 17 234 206 255 255 217 255 154
    203 255 255 255 255 176 255 255 14 58 255 25 251 58 158 255 17 86 24
    218 247 17 81 27 237 255 255 255 94 255 2 255 93 249 244 52 255 255
    206 255 255 255 75 129 7 255 255 194 255 255 129 189 255 101 70 255
    22 255 163 255 255 212 67 119 255 255 255 208 203 53 255 120 255 146
    255 255 255 194 27 159 57 179 229 188 255 216 95 255 255 255 3 71
    241 107 64 68 148 45 135 213 255 64 135 255 241 78 141 113 114 69
    203 255 255 255 215 255 136 255 255 222 34 143 179 68 255 170 135 36
    255 9 255 101 255 255 255 171 182 255 68 251 149 255 101 255 255 255
    255 39 255 255 255 103 85 10 255 90 116 255 139 46 255 195 116 156
    34 255 238 33 203 193 38 177 244 255 70 255 200 255 54 134 92 255 57
    36 19 255 255 255 255 255 188 0 229 75 255 195 2 38 189 229 234 152
    255 15 244 255 180 255 34 16 255 122 154 84 201 254 85 255 16 255
    167 255 143 255 255 255 236 255 255 255 255 255 255 255 217 23 187
    255 171 53 255 175 255 130 255 222 152 255 23 255 255 255 36 255 255
    150 255 112 167 255 229 255 169 170 154 255 188 51 210 159 44 255 14
    255 255 255 255 197 128 131 255 98 255 242 255 0 60 42 49 255 55 255
    255 37 255 60 255 44 255 94 255 137 48 121 141 188 198 184 179 89
    227 255 255 255 255 255 255 110 255 255 41 39 255 209 189 176 80 99
    255 226 169 255 37 255 255 158 87 255 49 255 255 255 82 159 255 255
    175 255 176 255 143 255 255 199 159 206 255 255 255 138 155 255 255
    116 39 200 255 255 255 255 221 151 255 255 105 255 255 255 113 255
    20 104 176 132 2 255 136 179 24 41 107 114 255 255 233 65 97 0 89
    255 191 255 255 255 49 145 71 144 242 255 125 255 253 63 53 54 224
    169 0 53 184 255 50 78 255 41 154 139 0 99 255 35 255 255 189 255 58
    255 253 191 172 253 216 225 255 114 147 67 255 131 255 47 112 255 60
    255 255 255 187 255 13 165 255 255 136 51 255 129 133 28 255 155 203
    255 75 186 22 181 66 255 255 220 177 152 255 255 152 236 127 255 255
    149 255 218 18 26 255 16 255 56 255 193 255 255 82 255 209 255 255
    255 255 56 204 196 255 150 67 255 4 255 255 255 90 255 15 255 62 154
    246 128 202 133 255 15 196 99 255 255 173 67 255 0 65 60 73 63 65
    255 255 43 28 61 255 255 255 205 255 255 201 26 3 82 182 70 241 205
    255 172 255 236 255 255 35 196 255 157 255 21 179 114 49 35 237 255
    255 255 188 255 70 173 200 104 255 225 247 255 255 73 208 116 92 255
    165 142 34 131 193 221 99 191 255 255 255 255 255 167 218 255 255
    255 196 234 255 104 154 184 255 255 233 255 166 255 144 12 105 255
    148 255 255 255 54 3 31 255 108 255 255 255 208 255 143 222 255 252
    73 188 255 255 255 125 9 216 112 255 255 241 255 255 255 255 208 229
    78 255 27 255 255 127 49 255 217 247 34 255 67 225 255 255 255 255
    255 21 94 205 227 45 191 26 255 255 255 255 80 255 44 12 231 134 111
    255 195 26 255 19 255 255 255 255 255 255 255 255 255 255 195 255
    254 56 46 242 255 65 255 253 89 255 255 255 255 38 59 255 255 255
    255 137 151 255 208 255 43 30 57 224 255 120 255 201 132 255 116 117
    133 141 255 84 165 38 3 69 149 138 255 234 241 255 60 116 71 40 255
    111 15 255 244 202 255 255 93 255 255 255 82 116 154 107 255 184 142
    255 255 111 255 95 58 255 116 255 255 68 70 51 91 53 195 255 212 255
    255 255 212 255 253 255 83 63 255 241 32 255 255 73 53 254 232 150 3
    255 255 38 77 43 70 255 218 177 255 255 255 177 255 125 196 83 91
    174 255 219 20 255 255 255 255 243 126 133 151 255 88 255 255 255
    255 24 60 149 177 195 63 10 255 129 255 21 255 255 71 255 255 133
    244 255 255 14 51 255 26 255 255 146 254 255 11 220 178 123 255 255
    164 255 167 82 255 212 20 255 28 164 130 47 129 255 182 169 255 188
    255 225 188 165 43 220 255 157 212 236 241 184 124 255 165 49 249
    255 255 255 107 173 255 255 146 181 255 218 255 255 65 255 255 225
    255 255 64 78 255 44 73 255 102 46 255 86 255 28 255 255 49 255 145
    255 255 34 139 255 96 167 228 126 248 254 255 255 228 255 255 255
    198 255 255 38 77 255 249 255 168 15 255 255 116 159 129 90 255 255
    80 255 180 167 6 255 255 188 176 255 90 255 142 152 101 249 255 37
    255 255 42 255 255 184 72 255 159 130 255 170 213 255 41 176 197 93
    80 107 161 184 66 159 255 255 255 215 227 189 255 15 179 255 191 170
    255 255 169 255 255 214 255 47 255 85 255 41 82 255 56 17 255 102
    215 195 142 255 214 19 255 101 161 255 236 255 125 199 207 255 47 59
    255 255 90 123 255 251 210 255 255 191 146 255 203 96 222 27 255 255
    255 255 83 143 255 194 14 255 95 102 255 200 251 255 70 255 92 168
    34 255 120 166 30 16 176 255 255 237 11 255 255 255 255 51 146 185
    255 158 194 255 113 213 255 197 255 36 255 166 255 255 71 246 255
    237 255 255 255 255 255 85 255 4 61 255 255 243 255 58 52 126 255
    237 48 255 255 255 101 41 2 71 123 116 238 155 255 255 140 255 214
    254 255 255 136 184 255 255 102 255 255 55 11 222 0 180 206 22 229
    18 55 150 97 255 255 27 255 242 249 5 255 116 177 188 114 15 176 251
    255 255 110 255 255 200 255 146 255 255 137 149 255 116 255 255 255
    143 206 255 183 89 255 68 169 148 207 255 201 255 109 255 243 36 255
    222 9 255 255 255 255 8 61 255 255 255 9 191 255 255 74 14 81 233
    255 58 120 150 210 57 167 39 40 94 229 26 255 255 255 255 255 252
    150 111 26 255 47 7 215 156 255 255 101 29 121 178 59 255 143 123
    254 255 79 34 255 255 89 96 63 55 32 86 244 13 31 255 178 255 73 75
    61 164 255 255 14 255 52 87 124 83 85 199 199 255 236 255 215 255
    202 208 255 68 189 51 136 183 220 136 111 184 114 255 159 209 255
    255 180 212 255 72 154 96 234 255 233 248 255 255 243 247 54 123 125
    248 95 255 64 124 114 255 206 99 255 255 255 107 105 255 255 22 255
    98 85 39 28 91 255 255 255 189 124 8 255 131 102 255 255 207 255 255
    255 101 225 184 255 11 179 255 36 255 255 205 255 174 255 255 58 191
    78 255 255 25 241 255 255 255 105 244 55 186 102 255 255 199 255 15
    222 255 255 134 222 116 98 255 169 255 255 180 195 249 240 247 255
    255 199 255 30 168 255 255 255 224 255 254 255 195 68 255 255 8 128
    28 179 145 255 155 92 225 150 255 255 247 193 58 8 206 255 169 145
    255 195 255 255 255 222 62 86 255 193 31 152 81 22 162 255 218 255
    255 255 181 184 255 213 255 101 36 9 42 94 255 0 255 11 218 247 255
    91 150 143 255 9 255 255 137 255 237 167 143 35 255 255 95 72 255
    255 227 28 187 255 225 172 255 197 255 118 150 19 118 255 255 255
    255 90 255 255 255 3 32 255 255 255 134 255 255 79 255 255 106 172
    255 255 157 255 255 255 255 176 255 255 254 255 255 255 239 144 255
    174 255 248 58 218 93 255 255 144 177 84 48 225 255 29 19 45 245 183
    156 101 255 242 181 58 205 125 142 193 135 255 143 255 255 39 179 31
    255 138 101 191 252 255 255 56 255 45 125 255 255 195 24 255 169 189
    156 48 44 218 255 255 103 57 10 107 18 195 255 72 255 255 255 176
    255 255 255 238 255 255 255 255 80 167 255 3 206 60 181 255 255 34
    45 113 210 73 41 255 26 4 128 11 135 255 255 57 255 225 12 255 255
    237 73 255 109 5 19 125 255 255 215 227 83 247 201 176 202 255 47
    109 22 255 255 154 15 1 159 255 255 102 77 255 94 227 252 55 255 255
    210 15 106 255 163 102 205 255 245 152 188 200 255 205 255 255 229
    255 255 255 255 255 255 35 255 255 153 24 255 204 89 75 78 255 101
    95 255 255 30 255 255 162 255 255 101 255 255 255 84 216 224 255 75
    255 255 39 222 65 255 229 255 255 144 154 248 46 239 49 181 174 255
    255 169 255 255 84 253 48 255 36 200 255 173 15 255 255 57 255 255
    112 255 180 255 220 105 72 255 255 20 73 122 191 255 77 255 174 47
    189 200 255 55 121 169 255 230 255 233 36 152 86 26 161 241 218 13
    136 130 255 25 119 88 255 198 255 125 154 255 157 142 255 255 107
    255 162 246 15 210 222 9 34 51 255 255 203 255 154 111 210 65 174
    255 112 254 255 75 3 255 45 15 216 255 24 23 65 60 255 140 255 156
    255 255 98 255 63 227 255 255 120 53 70 255 191 36 255 255 63 255
    255 14 84 20 26 221 255 224 19 255 253 103 33 255 255 38 255 122 255
    255 255 228 255 103 172 171 250 255 106 218 34 255 255 232 255 73
    125 56 98 255 255 255 123 80 255 249 255 62 83 99 255 95 164 4 249
    20 201 255 80 58 153 203 75 255 255 32 200 255 83 48 255 124 255 255
    246 255 133 236 72 201 255 194 90 255 255 255 255 255 237 0 255 255
    255 101 255 255 255 179 255 255 34 161 191 189 182 255 255 4 255 242
    180 255 255 255 255 255 167 173 255 255 142 184 255 78 254 32 75 72
    53 255 220 255 3 255 255 76 154 197 237 84 255 15 255 255 146 255
    255 255 255 62 4 145 248 87 55 158 154 255 62 255 172 131 23 38 255
    61 188 248 71 113 255 255 255 105 76 239 71 255 255 34 229 255 255
    255 251 255 204 104 248 255 255 250 86 255 114 255 41 30 71 34 8 255
    255 255 131 31 255 52 255 101 129 255 118 255 255 242 255 201 159 23
    137 235 209 255 255 255 255 255 255 39 246 143 15 255 162 138 255
    218 244 251 244 255 255 255 255 255 7 255 28 255 217 255 135 255 255
    34 255 218 240 176 220 170 201 158 20 255 233 255 255 56 255 184 255
    83 44 146 243 200 255 228 203 92 12 22 253 8 255 73 174 255 107 234
    255 255 71 255 255 240 53 255 138 255 176 71 206 28 255 255 255 86
    174 64 188 3 255 255 255 17 255 179 255 169 255 206 219 143 255 195
    150 255 55 49 186 255 237 8 136 247 255 93 255 255 236 255 47 153
    255 75 116 114 255 101 43 255 79 255 109 129 167 255 142 172 124 233
    249 90 255 255 255 29 39 255 108 255 255 20 126 94 16 82 225 75 118
    255 255 123 133 3 255 244 83 164 36 176 227 255 217 255 62 209 237
    255 195 255 75 124 255 255 30 44 255 138 77 107 255 255 184 165 155
    152 68 255 255 35 232 38 255 203 165 71 43 84 30 255 69 33 96 255
    113 38 201 155 255 141 86 255 107 67 137 255 255 255 64 255 68 255
    236 255 255 12 218 255 255 255 83 90 169 255 93 255 255 255 230 246
    16 255 221 67 255 62 129 255 41 75 109 221 255 255 92 255 160 255
    211 80 255 40 142 255 198 246 255 23 87 255 255 160 53 125 58 105 95
    167 255 219 60 45 131 255 255 255 249 109 194 32 169 85 26 165 255
    255 255 255 201 255 104 255 150 255 49 205 187 96 24 128 255 84 255
    255 101 255 255 255 55 44 255 129 184 255 249 255 41 255 255 233 255
    249 159 255 232 210 80 255 47 248 78 255 255 85 255 91 188 107 76
    255 94 166 36 135 196 255 255 127 77 2 233 160 255 149 46 32 239 26
    171 55 201 45 97 107 255 255 177 216 255 43 98 255 14 255 194 24 238
    255 255 88 255 241 161 56 9 255 243 255 255 93 77 255 232 34 66 116
    255 255 245 217 118 25 15 83 255 255 255 80 255 214 135 237 19 255
    255 255 12 196 255 255 20 131 255 61 255 42 255 255 93 255 144 109
    255 238 22 255 255 181 255 255 162 145 255 255 255 255 123 12 255 27
    251 255 154 255 255 161 255 255 232 116 255 255 255 41 27 255 255
    255 255 30 0 97 255 255 237 255 110 255 255 33 77 255 255 255 255
    248 137 255 255 201 255 255 215 58 255 137 173 228 9 56 29 255 255
    255 255 255 189 255 26 255 49 255 85 255 255 255 55 178 255 255 255
    29 255 173 61 26 255 255 157 255 150 255 255 113 254 255 140 255 4
    226 229 73 255 138 36 67 255 255 224 255 242 255 84 38 233 255 161
    105 99 255 255 229 255 98 255 24 255 255 255 3 137 255 176 48 60 16
    215 255 157 255 62 255 255 156 255 198 231 255 235 255 127 225 71
    108 53 255 121 218 255 233 255 255 172 5 0 26 49 251 210 148 255 59
    201 167 192 147 197 123 255 255 12 218 255 11 152 156 230 162 253
    144 97 255 241 38 205 131 189 77 74 255 225 34 255 255 7 255 255 255
    237 150 76 186 255 72 97 137 194 255 150 49 92 246 229 230 186 131
    255 98 255 255 231 116 164 255 138 255 69 191 78 255 255 255 255 239
    2 216 255 255 255 30 254 255 236 255 255 252 255 255 255 255 250 255
    255 255 255 255 235 199 255 255 16 210 248 82 255 169 106 118 255 59
    89 255 236 160 255 46 255 255 255 255 169 255 255 158 230 255 255
    234 97 255 255 210 156 255 255 255 42 255 173 132 255 255 161 255 2
    98 255 255 203 29 255 79 198 255 127 255 255 78 255 255 27 255 255
    248 169 21 243 255 159 209 255 36 236 255 255 16 94 73 147 179 66
    105 87 255 255 184 255 123 118 32 131 102 255 255 148 255 255 255
    255 188 73 225 30 255 68 255 255 255 42 241 126 169 106 84 255 130
    255 255 27 255 255 123 11 99 255 4 255 12 197 255 255 15 198 255 235
    150 68 180 191 255 255 188 255 255 104 203 255 255 60 255 255 255
    118 34 60 176 184 255 255 22 255 9 80 31 238 254 255 255 50 39 255
    255 126 255 72 255 255 255 255 244 218 208 227 237 237 84 63 203 255
    144 255 17 255 222 255 255 12 114 203 97 255 173 126 227 255 255 96
    255 255 167 83 118 30 67 255 255 237 255 255 195 109 255 86 255 255
    172 255 255 153 234 161 233 255 255 44 22 41 0 109 62 82 191 255 150
    17 255 64 116 255 172 255 255 255 111 255 72 189 255 236 255 255 121
    63 227 20 143 143 255 255 126 229 48 19 128 177 255 181 255 255 202
    41 58 19 237 255 140 255 171 255 198 255 255 9 169 30 111 255 255
    244 255 23 255 248 79 255 255 72 186 255 136 177 15 228 104 255 104
    9 98 255 164 17 166 121 255 149 255 45 203 241 255 234 255 173 255
    125 4 49 150 129 255 239 195 255 255 255 241 104 69 159 255 255 4
    155 255 221 174 255 255 255 255 177 255 255 255 29 255 117 198 244
    149 193 205 101 184 255 162 101 255 31 255 236 153 213 255 78 255
    255 255 230 103 119 107 255 19 3 191 255 225 109 255 142 255 255 255
    255 255 87 255 255 130 255 255 255 255 132 255 255 255 255 255 5 255
    101 70 255 255 86 22 220 254 255 255 211 255 255 164 255 17 255 101
    246 164 255 255 87 246 255 206 184 255 255 255 255 183 137 255 255 0
    210 236 119 255 255 255 84 143 210 159 224 7 255 79 255 154 255 118
    255 255 253 201 101 53 255 192 255 255 89 255 109 165 220 255 129
    255 163 221 60 210 86 255 255 102 255 255 191 109 116 27 97 255 255
    255 255 234 255 8 26 255 255 255 255 41 109 38 73 255 135 255 30 244
    81 255 210 255 125 63 255 180 255 94 121 255 86 123 43 30 230 60 107
    255 188 141 78 77 158 255 39 255 255 255 255 170 179 255 150 26 171
    255 3 255 241 239 255 244 255 255 180 114 175 176 48 69 214 68 240
    229 255 49 117 162 150 181 26 255 64 72 143 123 255 101 255 235 167
    124 255 111 255 255 109 101 255 255 255 101 255 129 255 56 255 130
    255 127 255 107 109 235 255 35 198 128 255 227 144 99 255 24 255 255
    173 114 255 21 53 49 255 30 118 41 83 96 255 255 255 109 255 255 255
    113 160 255 224 255 167 93 255 255 191 212 255 176 255 84 174 157 66
    255 24 186 255 255 150 109 26 193 194 77 19 42 255 21 255 135 255 83
    101 103 255 51 137 255 255 255 7 229 73 181 255 71 4 94 17 138 34
    240 65 44 206 237 140 26 154 255 71 42 123 255 207 235 135 255 255
    255 255 255 158 94 162 255 166 255 186 64 49 253 45 242 255 255 255
    19 53 147 255 29 72 255 26 255 96 94 166 43 255 255 191 196 255 38
    200 205 225 255 128 101 222 63 255 255 244 154 56 242 255 143 255 49
    114 107 34 255 255 255 247 255 255 255 255 255 87 255 255 12 147 152
    207 255 107 255 255 255 198 31 86 226 131 197 255 26 255 233 255 255
    60 198 255 119 255 255 14 73 255 255 188 8 203 3 159 254 121 129 99
    65 135 228 255 175 255 255 255 144 171 255 131 96 246 255 186 255
    241 155 255 252 169 96 5 162 73 252 224 255 34 255 231 196 164 255
    20 255 255 255 24 159 255 137 21 255 255 255 116 80 175 255 255 124
    48 255 144 85 255 24 255 255 107 27 72 255 3 206 255 255 255 199 233
    235 223 255 255 255 255 225 255 31 255 223 255 43 133 3 224 255 232
    255 255 91 255 163 255 49 255 144 255 255 179 109 175 74 255 255 255
    255 23 151 255 255 174 152 255 192 255 255 255 10 255 57 251 255 86
    157 255 221 255 255 255 97 255 60 247 255 217 152 253 255 255 238 18
    255 255 255 96 146 158 255 255 195 255 255 255 255 255 61 255 150
    245 99 154 255 148 255 139 96 255 228 58 255 44 36 233 255 183 175
    157 255 58 255 177 255 155 255 255 138 255 255 222 49 161 255 225
    255 224 164 208 98 143 101 255 176 161 153 109 253 219 255 255 192
    130 107 165 184 186 52 49 182 60 34 255 255 255 41 55 118 255 173
    119 190 142 179 156 35 253 255 255 155 255 226 174 111 117 135 255
    181 119 216 0 166 128 150 246 199 214 26 39 138 255 255 255 188 255
    87 20 47 195 148 150 255 255 255 166 189 255 44 255 184 78 67 255 15
    63 255 52 232 23 255 255 255 105 19 255 123 255 255 214 218 107 255
    55 255 129 7 255 101 255 240 255 177 90 219 2 255 255 189 9 180 251
    45 255 206 205 255 205 208 255 116 191 71 75 255 50 237 255 214 38
    255 255 20 255 117 244 255 255 255 58 188 166 255 255 255 94 247 12
    11 255 247 188 52 255 255 15 44 255 255 241 255 85 203 255 170 255
    255 255 255 255 5 184 36 255 200 45 202 255 255 14 255 255 243 155
    255 40 32 36 34 255 255 255 2 83 95 201 19 153 148 161 16 222 255
    255 255 255 255 255 131 247 126 190 255 255 60 255 184 6 89 255 77
    255 247 45 139 255 255 132 159 109 11 255 137 255 255 218 91 155 225
    59 255 146 239 20 255 255 157 255 68 255 154 65 96 15 254 61 255 99
    38 255 255 255 53 144 229 197 209 255 255 255 255 161 64 201 113 221
    7 255 237 255 139 185 255 255 255 137 255 249 162 178 136 213 255
    135 208 255 63 89 255 143 255 96 255 143 60 80 255 167 10 255 255 56
    116 255 218 254 4 255 78 126 199 255 116 233 255 49 76 96 135 255 56
    255 79 24 81 255 255 191 35 150 83 26 255 114 255 67 75 14 255 255
    23 255 150 243 255 255 255 237 255 249 63 255 255 73 99 199 188 255
    255 212 173 63 20 255 255 56 58 255 230 83 255 41 255 204 152 255
    236 246 255 199 255 163 99 235 118 228 205 255 5 82 255 184 253 173
    255 82 223 255 255 11 255 142 255 85 78 255 114 255 71 255 201 255
    184 255 255 34 101 15 255 70 126 255 215 255 79 140 180 244 255 255
    89 137 173 255 255 255 151 255 255 222 255 114 157 97 255 222 255
    255 35 255 255 255 174 188 4 255 255 56 89 71 254 106 255 98 104 178
    255 255 255 255 255 255 255 255 120 72 255 137 191 92 255 67 255 255
    204 255 84 173 255 223 255 148 81 7 104 255 251 255 90 44 255 253
    173 137 253 255 128 54 189 0 236 102 229 255 255 251 255 158 255 0
    255 19 255 139 196 255 255 5 255 214 61 88 255 101 255 255 212 83 27
    12 120 168 255 23 105 255 255 200 255 133 255 119 137 196 89 255 255
    87 255 255 5 255 202 255 66 162 31 190 255 171 161 255 12 255 198 78
    255 211 128 255 12 230 238 168 255 255 34 255 38 116 196 255 184 143
    118 125 222 255 117 104 114 142 116 255 26 55 229 4 195 255 240 255
    255 86 255 206 18 255 255 20 65 120 199 255 113 196 80 255 104 255
    255 173 255 6 255 255 255 174 242 231 38 29 255 236 255 66 18 255
    255 255 230 255 172 82 11 169 9 167 44 255 255 40 82 255 255 85 255
    45 154 255 56 255 255 168 34 242 255 255 96 255 255 255 70 183 144
    221 255 133 26 255 235 95 255 255 166 255 255 87 255 255 198 61 227
    255 255 216 255 255 128 42 255 255 143 255 148 185 235 143 191 255
    188 74 97 193 255 43 68 71 200 255 222 255 255 110 10 180 209 39 83
    174 255 255 214 195 240 187 255 255 49 131 255 254 255 221 170 73
    255 76 130 203 203 68 129 255 249 255 27 73 13 38 254 148 255 255 77
    214 75 255 170 125 49 33 191 56 255 255 173 255 255 75 131 255 43
    134 255 255 177 157 131 42 255 255 22 255 139 3 255 255 255 145 255
    224 101 255 255 254 208 255 255 135 255 137 255 106 183 15 255 46 26
    116 255 255 109 255 255 170 159 137 170 131 255 85 133 49 8 222 54
    255 255 255 146 255 255 0 255 255 255 255 225 251 56 218 255 67 148
    255 255 255 255 27 109 255 255 255 75 148 235 199 255 66 248 255 56
    165 255 109 97 9 36 255 84 255 85 9 253 255 133 83 177 255 135 18
    128 180 177 78 34 159 255 255 22 154 240 42 241 158 172 65 255 255
    255 255 70 94 255 255 51 240 255 80 255 229 160 60 222 255 255 1 255
    255 230 155 255 255 220 255 112 255 255 151 15 113 10 255 255 170
    255 53 203 255 255 233 208 255 188 255 163 240 126 255 255 205 255
    170 39 128 112 174 66 189 152 156 56 0 68 146 255 116 134 78 88 128
    130 124 234 224 255 1 176 26 18 230 126 255 138 255 10 255 41 255
    227 255 19 255 255 255 15 161 75 255 90 254 135 255 10 255 255 255
    213 255 215 255 255 53 116 255 255 255 255 104 255 255 120 255 169
    188 255 41 255 234 255 255 109 165 200 255 255 155 255 255 255 249
    255 239 44 190 255 77 107 228 225 255 255 255 158 23 82 255 50 19
    255 46 255 223 219 152 255 204 55 43 109 77 253 159 29 2 255 255 141
    233 255 51 255 255 178 75 255 15 114 177 9 40 118 255 255 133 154
    229 212 255 93 255 255 11 61 13 41 118 220 26 65 255 214 90 255 255
    55 255 80 87 255 243 255 255 35 150 255 64 255 255 255 55 0 255 29
    255 85 217 255 255 255 255 60 255 255 255 242 184 124 255 255 159
    255 255 255 255 255 198 255 99 198 107 255 128 82 158 34 34 231 97
    65 75 129 255 255 67 255 233 234 255 175 10 255 161 0 255 173 159 84
    255 254 38 255 255 51 255 120 222 255 0 255 143 255 38 208 41 229 17
    108 176 255 120 113 255 188 0 92 255 255 255 202 60 47 4 255 255 255
    255 255 12 34 255 138 255 54 86 27 227 255 232 255 78 34 81 131 82
    255 113 198 131 255 208 218 255 255 255 112 255 129 204 255 255 154
    68 255 255 68 255 252 255 169 86 205 255 255 36 255 234 174 244 98
    193 116 138 255 9 146 97 32 255 0 206 255 208 94 255 224 255 179 213
    255 255 255 248 195 188 255 255 152 32 207 255 159 255 220 238 120
    20 203 191 255 255 102 17 255 255 130 253 97 90 255 16 255 255 91 63
    255 102 215 255 177 215 255 10 181 167 87 67 101 181 255 66 255 61
    250 108 255 77 154 255 242 42 255 255 99 255 235 110 253 255 255 255
    255 255 255 255 154 255 54 93 159 255 80 255 105 255 255 195 255 106
    255 78 255 49 255 255 255 255 121 81 82 249 152 53 255 171 165 155
    111 114 241 255 180 140 152 55 255 255 90 255 15 112 104 255 179 255
    19 20 255 58 221 102 255 189 253 216 142 255 199 255 255 255 38 255
    255 40 94 255 191 203 83 228 60 236 41 255 255 255 255 113 255 255
    34 49 29 255 188 217 255 123 56 255 11 53 203 255 255 255 165 255
    255 255 255 227 230 183 255 33 255 199 206 255 201 244 99 124 106
    102 223 255 255 255 138 181 255 255 255 190 255 255 255 161 255 255
    243 246 255 177 177 73 72 46 161 89 220 255 49 17 255 29 12 32 200
    107 255 255 109 197 255 255 43 228 188 255 124 255 255 252 255 163
    217 176 203 75 255 26 225 255 255 184 255 255 93 60 38 255 255 62
    255 255 255 255 114 251 86 255 43 87 255 255 125 255 255 255 255 203
    181 255 255 0 34 255 42 14 30 55 171 255 134 255 105 189 255 210 63
    255 255 65 39 255 255 56 165 168 9 255 29 38 242 22 78 255 255 255
    163 214 34 255 15 255 255 33 89 225 255 128 161 41 48 255 49 255 255
    255 255 133 15 255 255 83 67 255 44 255 210 255 206 84 162 255 255
    215 10 38 158 99 255 55 255 246 240 255 255 202 200 171 18 200 94
    255 255 71 44 249 2 245 255 83 18 255 39 31 255 120 114 39 255 63 19
    233 173 255 255 255 255 255 255 255 255 255 255 220 112 255 255 255
    255 240 255 224 188 22 39 255 3 78 255 85 63 255 147 255 255 170 246
    255 134 255 9 255 255 126 33 38 137 150 255 233 255 224 255 57 255
    255 255 255 120 18 75 124 71 255 190 179 135 81 83 82 255 104 255
    107 63 255 24 213 96 255 112 222 173 82 72 255 89 125 4 245 255 255
    158 255 163 209 67 255 48 255 220 128 249 167 34 255 99 196 68 255
    255 113 255 41 44 244 252 255 255 222 255 139 255 15 129 255 188 148
    89 255 66 255 255 255 209 171 184 164 255 255 255 225 233 40 255 58
    146 212 167 187 78 255 255 159 233 255 255 255 255 14 255 248 255
    255 72 255 255 237 246 255 14 255 101 196 255 212 195 255 255 255 0
    255 119 255 163 127 255 255 67 255 255 123 255 45 255 12 191 11 255
    255 90 26 114 120 255 161 127 164 255 255 137 114 234 255 169 89 255
    86 67 255 13 150 114 255 255 137 118 211 181 255 251 215 36 86 255
    255 232 70 255 177 255 255 181 164 238 153 142 255 255 44 255 104
    255 255 255 255 8 140 205 255 255 164 255 109 218 255 124 162 111 42
    255 214 16 189 255 5 255 24 255 255 255 150 154 197 251 251 53 255
    155 255 239 255 255 82 0 255 127 255 96 120 160 69 7 171 255 255 137
    235 255 255 79 63 162 255 255 140 255 255 143 8 119 169 255 139 251
    255 221 255 2 50 255 255 255 121 255 255 169 71 120 118 171 87 230 0
    93 118 255 202 213 75 45 255 255 195 7 171 79 225 51 15 255 255 255
    82 105 176 255 255 138 7 255 255 101 126 56 255 178 215 48 28 75 121
    255 108 201 248 255 104 255 22 255 231 217 87 255 255 255 216 188
    145 28 150 65 255 255 176 255 120 77 255 210 17 79 139 255 255 221
    255 255 255 255 71 37 121 255 255 255 221 132 222 255 255 235 144
    151 255 255 116 232 56 179 255 255 170 255 255 143 193 240 139 255
    39 255 3 4 251 255 255 230 249 141 179 201 143 255 255 38 119 255
    255 255 166 128 10 70 255 168 77 255 67 126 255 22 90 255 56 255 47
    172 255 255 91 255 186 30 99 255 108 255 255 68 255 41 255 255 32 8
    255 193 46 255 195 211 49 90 207 255 255 72 171 143 215 106 255 155
    255 255 255 84 255 255 255 255 255 255 255 218 225 120 61 255 238
    255 39 169 255 15 255 30 75 255 206 96 255 255 186 79 234 255 159
    187 255 255 237 188 255 252 255 255 144 255 255 132 255 216 255 255
    255 255 177 240 16 196 186 255 121 208 255 255 255 86 60 231 106 255
    255 226 255 186 199 255 255 121 255 255 255 97 75 143 0 255 177 201
    255 225 255 188 198 200 238 255 255 255 255 189 255 204 19 47 116 82
    255 255 10 90 230 60 21 101 255 193 135 255 19 195 253 154 46 137 83
    144 177 255 57 111 255 255 255 255 241 235 208 85 14 195 113 255 131
    234 0 255 165 191 255 255 123 255 140 255 255 254 148 242 131 255
    216 55 102 133 55 60 173 68 49 255 40 118 167 183 87 126 204 255 255
    31 255 255 61 85 49 255 246 231 80 24 246 255 70 133 255 255 98 255
    255 118 52 255 255 252 205 201 65 65 158 255 72 255 29 85 255 68 186
    255 89 255 165 255 140 171 191 53 255 120 255 103 108 249 255 254
    255 255 80 255 62 132 12 129 131 154 111 59 160 255 255 61 255 179
    31 212 135 181 124 228 255 178 255 255 99 255 14 255 147 239 169 83
    157 255 200 89 255 49 255 210 70 255 255 76 255 223 172 255 229 255
    255 255 144 111 255 187 44 116 127 255 238 255 255 255 127 255 221
    255 131 195 98 255 255 116 75 255 255 113 255 158 255 255 34 255 41
    135 212 98 157 162 255 154 174 255 159 49 210 180 75 255 195 255 39
    192 164 255 5 255 255 255 255 47 41 179 28 46 255 255 255 138 141
    255 255 255 78 255 255 52 255 128 240 255 255 82 249 255 155 75 255
    255 255 154 15 255 148 117 255 45 131 97 255 27 94 45 255 125 255
    166 159 216 169 126 152 135 255 255 127 90 255 255 133 32 239 255
    255 255 119 41 155 255 101 243 255 26 209 255 122 239 255 210 255
    255 208 112 255 255 213 82 101 255 255 11 255 255 255 255 235 255 71
    159 255 8 131 41 229 255 175 255 255 180 169 255 255 221 255 197 0
    251 103 255 101 255 255 189 126 27 255 255 16 70 71 1 255 193 143 53
    64 234 208 255 42 255 88 128 152 255 19 53 255 127 255 255 19 201
    255 116 130 163 255 232 255 82 186 11 42 255 214 166 160 255 255 56
    255 155 255 92 46 255 13 94 255 71 191 56 255 23 109 255 173 130 255
    138 212 255 91 133 255 29 255 28 255 104 251 255 126 255 23 255 129
    255 255 255 255 255 92 55 222 26 255 255 56 255 41 208 158 255 255
    108 155 199 40 255 255 134 255 255 104 193 255 16 177 30 255 255 255
    255 188 53 1 255 255 184 5 58 255 131 24 27 53 101 181 171 255 255
    89 255 255 99 255 173 255 255 255 150 66 104 102 9 61 255 251 174
    166 255 211 255 229 255 255 184 44 17 255 41 96 255 255 255 255 98
    255 255 255 255 255 82 85 255 255 97 214 252 160 255 255 200 255 255
    255 139 251 255 21 119 255 64 86 12 148 8 80 255 104 255 255 154 109
    231 255 126 255 181 255 235 124 125 255 31 174 73 255 255 255 255 63
    201 255 255 253 255 255 143 255 227 255 153 255 212 255 44 255 112
    235 255 255 27 255 177 61 32 151 123 221 255 227 176 199 14 199 207
    157 255 15 255 255 33 255 255 255 218 39 255 44 227 154 184 255 124
    22 255 255 113 255 64 119 255 255 255 255 255 255 83 18 80 255 53
    164 250 150 255 255 134 27 6 45 70 156 185 77 0 86 255 255 252 255
    184 255 67 116 255 34 128 16 137 255 255 38 255 255 94 188 7 58 221
    25 241 99 64 0 255 219 67 51 127 167 34 255 225 255 255 255 54 255
    24 206 255 164 255 138 184 84 71 212 255 34 255 103 255 155 64 90 5
    255 255 255 126 255 77 23 200 60 199 232 26 255 255 255 255 4 255
    122 255 255 255 150 184 152 30 196 210 255 111 99 94 255 255 149 157
    69 128 255 223 42 140 255 114 255 242 55 15 32 255 255 28 255 193
    107 255 255 107 53 160 178 31 255 255 255 255 255 48 255 126 196 255
    255 255 255 255 129 217 24 225 167 158 255 255 190 48 255 255 123
    255 244 4 255 255 255 227 118 255 225 255 132 255 255 82 255 4 255
    38 143 18 255 255 255 255 255 255 255 250 155 164 255 255 255 195
    239 255 173 255 184 75 255 92 83 83 255 86 72 130 101 255 183 255 19
    255 255 98 218 56 94 9 45 255 255 255 185 89 99 225 164 255 255 174
    255 180 255 205 119 72 205 255 255 118 198 9 255 210 255 221 255 195
    175 63 255 255 226 225 88 134 176 126 136 101 99 255 235 255 5 186
    90 203 255 71 38 29 255 249 135 169 166 255 98 255 184 255 255 255
    141 53 20 238 16 255 178 255 255 103 214 255 255 255 174 81 255 82
    15 206 179 255 180 152 255 255 255 39 172 254 255 255 107 255 161
    255 255 135 255 235 255 96 255 255 255 255 255 255 79 44 20 64 255
    72 255 132 255 255 255 114 111 243 255 38 219 65 77 255 255 255 184
    104 139 61 235 203 236 24 255 255 255 99 138 73 255 245 46 255 255
    255 255 255 119 255 198 188 255 243 255 216 255 255 45 255 215 148
    14 255 255 116 254 255 102 255 255 252 162 255 109 143 255 149 186
    163 219 84 190 0 217 255 189 255 45 255 255 255 203 255 6 108 174
    255 225 177 255 151 255 186 93 19 255 76 255 255 255 36 255 46 218
    178 255 255 255 55 135 255 214 255 49 255 150 8 48 255 255 162 247
    84 245 26 141 234 255 205 170 73 255 255 99 255 55 184 9 249 255 54
    16 107 88 230 96 165 3 58 165 255 20 255 221 154 255 255 225 255 89
    253 255 255 255 255 110 218 68 29 48 103 75 235 255 200 255 248 25
    72 71 255 147 88 10 148 255 211 206 255 40 90 255 146 87 255 213 24
    255 251 107 255 114 255 156 173 10 255 63 232 255 255 195 199 19 255
    212 255 255 92 165 255 236 255 171 77 80 63 255 23 179 69 95 255 71
    210 58 96 41 242 47 255 255 159 255 104 231 255 255 255 101 255 255
    5 104 255 151 90 255 198 167 159 27 255 111 255 148 158 247 255 131
    106 96 255 157 191 255 143 255 24 255 80 131 19 225 255 154 255 214
    93 255 255 4 255 255 121 255 13 61 162 255 71 196 21 68 17 53 98 255
    83 155 255 173 237 255 116 226 90 255 15 244 30 255 255 253 221 255
    255 255 196 255 25 255 255 143 72 62 255 255 47 255 128 231 192 255
    244 31 255 15 255 255 175 255 113 159 161 255 23 128 217 255 10 255
    255 93 255 255 61 142 255 255 210 255 255 255 133 213 39 255 248 31
    165 217 150 255 162 255 255 255 255 255 252 49 184 72 255 238 82 111
    255 105 75 92 255 255 105 120 14 182 125 201 255 255 255 148 243 61
    255 140 31 255 26 241 223 104 255 11 192 9 255 86 255 255 196 113 49
    185 60 9 230 67 255 255 78 255 210 92 255 218 255 11 255 255 255 67
    255 175 255 255 169 255 255 244 222 255 255 16 255 255 102 12 255
    241 26 255 61 3 255 255 196 255 199 255 101 187 255 255 211 186 255
    85 255 62 222 255 255 164 255 188 196 159 51 255 255 255 128 89 255
    255 84 255 255 200 54 243 255 0 129 255 244 229 255 107 247 181 255
    29 255 255 44 237 58 22 85 255 255 255 255 106 137 28 252 232 103
    255 80 227 146 58 176 144 130 98 255 61 255 255 191 83 255 229 62 78
    41 255 143 97 255 255 206 229 181 184 56 221 166 255 226 48 60 255
    255 255 35 255 255 247 5 53 86 138 255 255 133 32 19 255 56 187 63
    66 255 43 255 168 251 118 173 222 143 3 255 255 124 27 148 19 234
    143 5 51 92 37 155 212 254 255 114 255 255 161 113 48 176 113 96 255
    106 155 19 131 75 255 191 157 255 75 255 255 157 27 255 255 84 223
    255 255 255 255 255 120 121 255 255 159 70 255 131 97 255 255 19 227
    63 229 176 23 101 193 98 119 131 251 48 178 255 255 255 86 255 167
    78 255 244 46 255 58 229 234 77 125 32 250 255 177 255 210 77 156 57
    53 255 222 75 113 255 31 131 255 72 229 102 235 39 249 201 64 86 255
    255 61 162 114 255 218 248 132 200 255 255 249 255 255 3 255 56 97
    255 255 82 120 22 177 191 255 208 255 149 218 158 255 255 135 217
    181 218 22 255 139 127 255 169 255 255 8 179 255 36 255 255 255 229
    142 248 255 128 101 44 255 255 255 255 255 1 232 229 218 24 255 224
    255 255 71 215 255 129 206 255 255 255 255 255 102 49 244 137 255
    195 255 255 255 255 255 255 255 24 225 181 255 99 77 49 7 160 92 255
    255 255 255 241 216 255 255 255 165 255 214 255 32 255 255 255 229
    147 255 255 255 212 32 23 255 161 143 41 255 61 27 94 15 12 255 255
    80 255 136 200 255 211 255 255 255 159 154 99 255 32 255 255 137 153
    255 2 119 60 255 255 26 60 153 104 255 30 167 19 177 255 81 249 143
    255 187 255 105 164 125 255 255 217 255 123 255 114 153 255 73 168
    255 62 255 27 255 255 222 60 85 191 107 154 176 75 151 193 255 30 48
    255 116 215 255 7 255 92 82 131 255 98 43 255 93 160 251 255 255 255
    255 119 56 72 237 113 255 195 83 210 255 120 91 255 255 164 255 255
    95 255 255 255 131 255 50 60 255 255 104 255 174 255 197 194 121 255
    255 195 124 255 77 255 232 255 251 98 241 223 239 255 255 255 49 255
    121 255 255 255 97 109 255 26 255 142 51 113 67 118 255 224 73 255
    53 255 255 4 235 124 91 116 255 151 255 255 23 255 122 144 255 167
    104 255 163 234 15 255 25 255 255 230 225 255 255 24 156 53 10 255
    75 255 148 255 99 255 132 255 255 255 109 21 134 255 255 85 227 255
    89 255 255 65 255 255 142 255 255 159 125 255 93 32 92 226 255 255
    255 255 255 255 176 255 123 82 255 143 255 255 255 246 255 131 255
    255 20 255 255 255 255 255 177 255 51 249 39 242 176 29 15 14 89 244
    4 121 255 172 5 255 8 255 255 255 9 68 255 255 255 198 255 26 195 36
    255 225 255 255 53 0 116 215 55 161 89 255 255 255 78 11 79 255 105
    25 99 206 48 147 182 127 255 214 214 255 26 93 89 8 255 2 64 165 80
    206 241 249 255 144 249 216 255 196 53 61 255 56 198 22 255 59 255
    244 46 184 79 255 198 255 255 147 255 226 123 240 172 242 253 37 255
    208 255 48 255 236 60 227 255 255 255 255 116 126 22 43 26 236 56
    223 143 58 255 255 53 34 195 255 66 123 29 94 85 38 255 166 167 24
    166 121 19 240 106 255 15 255 143 142 253 201 255 255 255 189 140
    255 125 186 206 184 255 255 255 255 255 157 255 255 15 255 255 108
    137 255 200 166 248 251 189 255 219 235 255 241 150 255 140 176 255
    23 3 156 195 150 152 15 109 152 38 235 255 184 109 184 255 255 111
    72 80 103 255 121 116 219 39 255 218 188 103 35 255 255 165 241 255
    89 78 255 169 184 255 79 87 255 255 113 19 255 230 199 247 82 90 113
    133 255 196 255 131 255 172 255 114 255 255 176 205 188 218 255 137
    45 255 255 198 77 255 255 166 255 42 0 45 25 41 255 174 255 255 10
    29 161 161 255 36 255 255 216 233 255 133 255 113 255 164 138 255
    255 101 255 112 20 135 206 255 173 255 49 255 255 90 235 191 198 75
    158 255 255 181 255 68 255 229 240 57 239 255 157 171 54 255 255 227
    120 255 197 139 218 171 139 255 19 255 84 255 174 90 255 52 166 255
    206 96 109 71 63 124 230 255 255 78 255 98 154 119 255 255 111 118
    134 9 159 60 9 246 255 48 233 136 218 255 70 255 180 68 53 133 213
    17 251 255 38 255 243 215 255 255 36 171 243 229 154 64 255 255 154
    255 255 19 255 13 19 255 255 255 255 66 215 255 255 53 255 171 1 255
    216 207 70 255 255 255 178 30 193 240 108 255 255 82 123 152 185 131
    28 105 201 255 255 27 143 255 249 135 255 239 58 19 152 255 146 78
    116 194 255 255 7 246 255 50 213 255 109 65 255 57 20 13 255 24 255
    119 255 255 169 255 188 110 242 255 151 29 255 109 255 137 233 255
    255 59 255 255 194 242 150 27 255 79 150 189 69 174 101 255 56 255
    19 240 128 26 63 99 255 155 215 255 161 201 255 134 179 150 121 72
    98 255 65 36 102 133 163 75 255 242 249 255 208 185 217 77 140 171
    255 255 255 255 255 101 255 98 131 255 169 255 255 57 255 255 161
    255 19 244 255 255 255 125 120 228 255 255 27 125 175 164 254 255
    183 255 66 127 255 255 255 255 255 85 255 255 255 205 30 255 27 71
    198 242 13 142 78 165 8 255 6 109 239 255 255 255 255 255 0 53 125
    220 38 255 255 253 217 255 53 255 12 255 155 27 236 255 152 255 245
    92 45 224 60 64 255 145 255 255 206 255 157 5 231 93 255 255 177 234
    255 151 29 255 129 253 38 219 255 255 255 255 255 143 255 255 5 101
    255 198 255 255 255 255 150 99 255 193 255 164 244 185 131 255 37
    255 255 65 249 242 255 43 255 128 65 255 255 255 47 102 145 188 125
    225 255 101 67 105 237 255 139 89 255 255 255 255 255 10 255 69 23
    167 255 120 119 186 15 126 255 165 44 255 255 72 255 255 206 146 31
    255 255 255 27 92 169 203 255 75 225 79 255 166 133 61 198 92 180
    255 188 53 255 36 255 255 255 255 31 178 170 196 255 155 255 255 68
    217 255 230 135 227 255 255 255 255 229 255 255 255 255 147 109 255
    142 186 0 255 255 13 228 162 251 255 102 193 245 87 47 255 160 84
    135 255 255 255 255 148 232 94 163 255 255 255 74 255 255 255 255
    176 224 255 191 251 41 255 255 253 88 255 255 54 229 154 255 5 255
    255 55 255 255 236 255 235 221 116 220 105 87 103 60 255 146 230 255
    88 255 255 255 247 255 255 44 77 255 211 20 240 213 255 191 110 255
    201 202 255 68 42 255 94 140 60 255 255 255 255 61 227 255 180 230
    255 255 255 255 179 255 107 12 27 8 105 208 255 166 201 45 41 58 111
    255 255 255 211 179 75 59 106 212 90 89 178 82 217 255 255 174 178
    206 255 255 132 48 255 206 0 255 31 15 190 255 255 255 224 255 255
    255 179 54 7 255 98 255 255 255 255 255 255 14 255 38 158 215 255
    127 255 133 255 255 255 255 48 220 255 255 98 110 212 255 215 241
    235 255 255 255 252 92 101 192 255 15 3 0 255 209 255 255 30 255 144
    16 255 17 255 255 255 255 0 242 139 230 49 255 255 253 207 198 255
    195 201 255 254 188 255 255 201 255 87 255 255 191 255 24 255 255 54
    202 193 255 228 5 167 255 131 255 255 239 255 132 255 214 101 255
    255 25 255 255 188 31 144 255 164 131 181 196 255 95 255 143 157 255
    255 59 229 235 255 255 255 255 255 126 85 255 255 101 255 235 68 3
    248 57 255 255 53 72 210 177 32 114 120 102 255 240 99 197 234 56
    255 121 255 255 230 255 47 198 255 255 209 87 218 10 97 255 134 255
    255 219 10 212 5 140 71 22 68 77 255 255 255 68 189 255 15 242 21
    110 255 233 179 255 255 255 53 180 162 255 191 42 255 208 91 200 203
    75 255 255 125 128 255 255 255 26 210 255 240 74 87 131 217 244 165
    240 255 43 71 255 255 198 255 137 123 7 255 131 109 43 255 176 159
    255 255 255 55 114 233 233 48 66 144 255 36 14 255 238 140 255 19
    172 162 255 12 255 255 162 34 154 179 215 255 255 255 255 5 51 255
    106 255 255 207 171 255 255 255 255 117 166 255 228 101 255 113 27
    255 255 255 255 48 36 197 232 10 180 252 0 240 22 44 255 255 255 255
    67 154 255 222 255 122 87 255 113 3 208 184 255 255 45 139 239 176
    89 68 255 86 251 62 140 241 221 128 255 150 76 106 206 241 171 255
    233 188 255 183 255 75 104 166 255 183 255 255 132 72 43 20 172 229
    144 222 255 5 255 139 215 255 255 104 154 255 57 155 135 11 255 88
    97 49 184 255 159 255 255 251 255 255 255 186 255 255 255 255 229
    255 3 255 255 149 255 47 255 241 199 255 255 227 85 138 24 255 255
    255 106 172 88 207 123 15 124 206 236 255 22 148 104 255 255 14 142
    137 255 255 4 219 171 255 255 101 255 219 160 133 211 255 180 187
    222 255 255 97 255 255 41 255 52 20 101 134 162 152 255 85 255 206
    255 255 146 255 242 113 22 4 255 237 255 232 255 255 30 244 178 3
    255 255 245 119 73 255 255 116 254 186 159 45 179 144 102 255 152
    224 17 255 218 128 116 210 255 229 255 169 255 180 208 109 79 68 248
    26 255 81 244 77 250 170 123 75 155 97 201 179 206 253 181 142 255
    173 255 255 162 255 255 255 255 88 26 118 255 255 255 212 125 255
    238 42 255 118 255 254 255 82 255 255 181 181 255 123 235 255 255
    255 195 255 255 255 236 254 255 255 44 255 30 255 255 255 234 218
    236 70 60 124 255 11 255 125 9 255 255 255 255 255 255 255 255 255
    99 94 49 89 255 75 255 246 255 104 166 255 255 160 255 255 255 163
    255 61 167 166 255 255 241 36 205 34 101 255 82 255 0 65 255 255 255
    68 206 255 121 255 7 255 255 114 255 17 80 58 255 255 255 105 195
    255 255 154 58 24 255 195 255 255 7 255 136 255 255 70 160 255 255
    255 248 194 0 255 255 206 113 16 255 98 255 87 195 241 186 255 33
    255 255 11 92 255 255 137 255 29 94 255 203 255 255 255 255 255 159
    102 113 72 128 98 140 89 255 202 145 255 177 255 255 155 102 47 75
    235 255 196 255 227 22 239 255 116 169 38 64 255 255 255 208 255 89
    119 255 138 2 255 64 255 255 147 27 255 65 167 96 29 14 77 214 7 135
    252 232 255 7 206 88 30 255 96 195 255 111 255 210 255 46 242 81 41
    210 197 49 212 255 121 255 75 14 135 193 109 255 227 198 167 182 255
    255 255 255 72 135 255 56 71 27 255 139 159 128 255 44 217 184 127
    22 255 187 255 13 234 116 201 255 26 255 255 49 205 33 255 255 255
    255 150 164 89 255 97 46 206 255 111 255 76 255 255 105 87 238 57 96
    255 78 255 255 75 177 255 150 20 255 60 255 255 149 106 41 125 191
    51 255 255 255 255 176 255 221 212 255 176 255 150 38 107 255 142
    159 255 202 215 255 91 183 255 158 255 255 249 255 255 46 255 255
    206 255 122 255 85 13 213 255 255 64 255 141 82 131 180 255 244 235
    255 255 79 255 43 53 255 89 255 207 34 109 254 169 255 209 254 75 15
    60 38 185 255 255 139 234 173 179 116 255 1 53 171 188 5 231 10 53
    51 173 255 255 23 147 255 215 63 235 213 193 255 98 164 94 200 255
    169 7 150 255 16 255 161 80 89 255 255 92 199 255 255 34 255 254 184
    255 51 92 248 255 255 199 255 255 29 140 229 33 206 255 101 152 255
    255 255 255 255 53 255 221 255 38 116 188 34 52 255 54 98 82 38 255
    92 255 23 20 255 243 220 255 255 215 28 255 169 255 87 17 193 75 234
    255 252 36 36 128 133 197 121 208 88 20 255 90 65 255 216 240 230
    178 255 77 255 241 255 255 255 27 255 63 255 255 34 255 206 255 138
    255 10 188 255 226 172 220 226 255 255 99 148 255 159 239 255 110
    119 79 224 167 227 109 179 255 83 172 255 255 255 186 183 201 255
    142 67 255 255 48 30 252 133 0 241 255 255 211 255 131 120 255 255
    221 255 128 239 255 45 155 255 68 255 255 99 255 255 79 255 159 71
    255 55 210 215 255 255 240 255 77 232 255 255 61 5 19 255 255 45 168
    195 255 229 255 218 255 24 255 23 255 28 114 41 255 11 255 90 255
    218 165 232 255 255 59 255 255 161 215 71 147 255 58 49 89 238 57
    106 154 255 255 255 255 99 255 48 225 255 229 255 131 164 154 205
    255 174 206 211 65 220 85 111 229 247 255 255 255 255 255 181 191 21
    209 205 161 165 253 255 255 51 255 75 255 246 255 255 255 35 255 201
    196 255 233 255 242 128 106 255 255 255 255 182 29 87 255 60 39 255
    144 39 255 161 55 255 63 255 107 255 70 255 76 191 255 255 246 255
    168 255 56 255 142 255 255 121 143 60 239 255 108 75 47 94 147 218
    244 255 101 104 73 148 139 96 255 192 43 94 78 255 255 125 181 8 31
    215 101 7 227 255 255 255 255 8 121 92 255 34 8 170 89 255 128 224
    255 112 255 148 177 255 109 48 255 210 255 255 255 192 123 23 42 253
    17 255 80 49 68 38 221 89 255 255 255 96 255 195 255 255 255 255 26
    169 102 159 255 68 255 255 255 118 239 255 255 240 225 118 255 15
    255 53 206 255 241 255 220 90 147 8 41 255 113 5 201 53 255 255 120
    255 55 45 255 237 255 109 255 255 248 212 255 255 65 255 101 38 255
    5 72 139 255 58 255 117 255 43 166 255 62 255 196 255 41 142 255 59
    51 105 25 159 90 255 104 255 254 67 255 244 255 255 168 255 137 255
    255 255 129 130 17 255 255 255 255 255 246 168 26 255 99 17 255 177
    225 255 255 255 51 255 65 255 209 26 53 188 255 255 255 255 255 151
    255 255 52 255 120 255 255 255 116 246 135 198 126 41 140 213 255
    255 255 233 87 193 255 68 78 255 255 67 255 102 177 255 123 97 246
    255 255 180 255 255 0 224 255 255 255 201 255 255 255 9 104 176 255
    255 255 34 34 189 253 79 77 206 247 126 171 139 229 4 255 195 255
    244 255 218 176 113 122 15 230 92 31 198 54 52 85 248 255 255 195
    164 255 255 29 255 255 255 247 255 8 217 255 255 34 255 209 255 255
    97 150 73 93 10 255 230 138 255 132 87 210 255 46 255 67 217 255 60
    255 75 25 2 79 95 255 212 35 255 109 255 255 255 105 255 34 189 189
    255 87 255 255 102 255 255 144 255 77 222 32 255 229 159 255 255 137
    96 198 255 161 45 255 79 215 27 21 48 48 163 30 255 225 218 188 255
    255 107 255 255 89 124 255 224 255 56 255 255 1 111 199 255 20 109
    159 255 255 53 255 32 181 255 255 255 255 255 237 217 54 147 32 255
    60 148 250 255 255 255 33 63 255 255 106 218 174 255 120 124 179 171
    15 0 255 128 53 255 255 177 255 57 102 255 204 255 255 206 255 236
    234 123 66 23 255 221 245 131 255 255 255 126 251 155 255 71 133 255
    188 172 58 147 184 53 232 255 68 22 27 47 255 84 94 255 255 255 255
    56 156 150 255 24 255 255 255 240 255 255 123 230 165 90 255 79 255
    255 255 236 255 235 207 244 255 56 215 255 255 38 233 255 253 255
    157 255 255 255 255 255 55 255 255 34 234 159 255 87 255 49 193 255
    108 39 255 143 255 225 255 255 9 255 255 30 244 255 255 12 65 88 61
    255 246 139 255 255 87 255 255 94 255 6 7 196 99 189 152 195 204 118
    255 255 53 148 44 201 240 29 255 158 105 255 255 94 200 244 155 255
    197 249 196 197 4 20 101 188 31 255 255 244 53 255 68 38 180 255 62
    218 255 116 45 195 255 222 255 231 226 255 255 232 255 150 230 255
    105 251 255 116 164 255 178 255 27 255 22 255 255 218 255 221 255
    255 210 146 213 255 29 255 255 191 253 225 42 255 188 255 255 255 94
    145 197 72 227 173 82 104 186 109 255 255 14 27 214 255 152 165 181
    87 223 255 255 193 255 116 244 255 255 165 154 177 161 75 77 17 203
    36 255 59 46 255 3 255 116 255 191 255 176 255 32 244 224 71 99 253
    77 204 255 68 98 131 146 188 203 210 65 255 139 179 255 56 89 46 223
    244 99 19 15 255 195 226 255 137 71 63 94 255 96 255 209 224 255 255
    94 255 136 104 255 255 255 255 151 255 255 255 255 206 221 255 255
    33 195 255 233 179 137 255 130 255 255 255 19 215 255 246 255 255 8
    177 255 255 255 255 62 255 255 255 255 198 255 194 145 255 151 255
    255 42 255 255 255 196 190 161 255 255 46 247 255 3 255 122 174 255
    255 189 255 32 46 169 19 255 255 45 150 203 250 110 255 255 222 255
    116 38 68 255 38 167 255 255 255 45 149 109 255 144 255 137 151 217
    8 94 15 255 139 255 255 255 255 158 255 255 255 41 147 255 3 255 146
    209 68 255 20 24 255 226 255 86 255 227 103 255 29 255 255 227 128
    33 255 64 46 255 255 222 229 255 52 58 0 5 97 86 255 32 255 255 183
    255 255 17 218 255 255 94 71 39 68 255 255 190 140 237 131 203 239
    188 255 254 255 128 255 133 255 255 195 239 255 255 255 255 92 213
    114 193 255 255 66 18 193 255 53 255 216 135 255 255 150 78 96 184
    99 99 119 255 69 198 160 92 150 32 156 255 121 64 245 255 255 125
    255 255 70 255 255 108 255 126 255 0 143 176 255 255 255 255 255 105
    68 255 0 234 255 204 215 92 5 254 255 255 198 122 255 255 92 53 171
    255 222 255 250 63 206 109 124 255 255 44 29 255 255 255 171 119 77
    81 23 179 255 225 67 141 200 78 255 255 36 255 95 255 255 70 72 41
    200 255 255 45 255 43 255 255 238 200 255 235 255 32 255 188 46 231
    27 255 255 255 203 34 83 255 255 228 255 182 194 255 36 179 255 28
    255 32 56 169 183 193 108 188 255 99 255 255 255 184 19 192 255 255
    191 251 216 82 255 255 162 255 255 255 255 255 110 255 34 252 255
    193 76 179 4 207 31 250 45 177 17 46 255 255 255 27 199 138 218 255
    108 220 255 119 255 118 113 116 199 128 255 255 255 106 255 176 38
    255 255 53 90 207 155 255 245 208 47 255 14 248 106 255 208 127 255
    255 255 255 21 114 255 30 255 255 251 113 255 56 37 230 255 255 255
    255 255 234 255 255 255 105 93 125 246 46 186 255 78 104 255 176 255
    83 217 255 236 102 75 255 7 255 113 255 255 255 255 142 255 157 255
    255 159 255 169 255 0 255 191 255 255 112 255 255 255 217 255 230 12
    122 232 75 255 138 255 4 159 255 64 183 255 238 185 118 4 87 130 143
    121 255 255 146 255 199 27 255 255 46 255 221 230 255 161 119 65 120
    255 247 255 255 188 227 75 255 255 255 193 255 105 255 250 139 227
    255 8 193 90 1 80 58 204 68 255 214 255 255 255 9 255 153 44 255 195
    36 15 240 60 255 108 237 165 110 106 255 149 19 255 255 227 81 120
    24 156 172 255 255 226 255 188 144 241 122 0 255 88 95 101 255 255
    255 158 57 255 255 78 255 255 41 255 255 255 255 114 134 200 62 255
    77 51 222 150 235 159 169 255 224 255 15 46 203 190 213 255 255 5
    255 86 237 29 255 146 138 255 240 255 255 41 142 214 255 43 58 200
    73 227 185 224 96 255 189 255 255 255 205 187 255 255 187 99 255 95
    255 255 215 148 13 255 186 255 188 32 236 255 255 38 110 255 109 255
    255 255 255 255 255 143 125 255 255 48 90 191 12 68 42 255 197 151
    255 88 128 128 221 200 172 26 93 130 56 255 32 116 129 255 225 158
    255 221 255 51 255 255 147 255 136 65 255 243 255 96 255 255 255 57
    39 193 179 255 53 112 38 255 255 255 210 3 164 131 252 145 255 255
    193 156 255 111 255 45 255 216 59 63 114 65 171 9 255 255 255 20 255
    158 226 234 255 255 255 90 255 255 255 105 255 255 255 255 9 55 255
    173 255 123 255 150 12 255 255 205 255 40 164 75 255 242 51 255 19
    255 255 255 255 166 34 137 138 255 114 255 128 26 255 255 255 244
    255 156 114 255 255 59 176 255 90 2 195 255 255 56 255 189 191 195
    70 255 255 255 255 106 255 101 72 255 255 229 17 38 211 255 218 194
    55 255 44 205 36 70 255 255 255 255 180 255 255 255 98 255 255 155
    255 255 1 150 220 255 255 201 176 242 255 195 255 229 255 130 255 63
    255 154 255 255 255 104 255 255 98 217 255 113 82 68 255 109 79 237
    49 255 240 14 255 251 255 17 224 97 73 255 152 255 232 255 255 241
    67 173 255 242 255 217 212 88 1 119 255 155 255 255 255 217 255 255
    135 118 247 255 255 142 179 122 105 106 116 224 255 250 255 255 255
    97 237 255 255 255 154 255 26 255 106 65 158 98 255 77 83 53 255 153
    195 255 225 218 255 42 255 255 255 189 255 31 255 255 189 193 176
    255 255 114 240 255 255 80 255 255 255 12 255 255 46 161 255 131 255
    237 255 251 173 55 71 255 254 255 255 255 255 38 227 255 255 12 255
    214 255 98 117 198 255 255 239 255 125 255 152 1 102 255 249 244 212
    16 255 235 255 255 23 255 140 116 14 111 255 7 29 255 218 2 159 169
    255 255 255 36 255 170 147 255 255 241 255 68 22 255 241 255 105 255
    255 255 255 46 124 55 255 6 146 255 43 255 255 255 4 32 107 230 77
    146 237 85 255 225 92 255 52 143 255 59 255 214 206 255 255 255 84
    255 162 255 17 200 220 203 55 237 255 27 255 141 164 78 26 91 106 56
    219 32 255 173 118 255 87 77 38 255 255 255 255 244 24 22 49 255 170
    53 17 255 198 135 164 255 83 63 255 255 120 255 255 225 247 255 139
    196 103 255 166 199 255 78 124 255 255 246 12 203 255 254 205 255
    255 255 167 10 109 255 199 101 255 185 140 255 255 255 159 255 255
    255 191 255 116 255 114 255 255 255 255 38 36 220 255 107 81 5 255
    255 255 87 128 255 164 255 255 3 255 239 152 255 255 255 255 41 255
    60 252 255 255 198 255 32 119 203 255 255 206 255 138 217 53 219 174
    2 159 72 255 255 193 255 255 142 135 255 208 13 99 61 73 255 191 255
    255 172 129 240 255 255 185 73 111 255 255 255 181 255 53 187 148
    255 187 80 255 255 255 15 80 29 128 181 255 79 80 255 250 64 58 116
    255 142 118 40 255 255 255 255 13 68 255 107 45 255 255 255 193 221
    255 255 126 255 44 214 255 7 255 255 177 135 150 176 88 136 14 109
    48 234 255 30 255 186 97 176 23 155 255 255 255 255 255 200 255 255
    16 224 210 79 60 255 251 126 255 198 225 255 140 77 255 255 138 255
    98 38 255 255 247 255 221 38 206 255 255 255 255 255 23 255 70 159
    204 113 26 255 82 124 255 15 92 180 255 255 204 154 255 165 255 210
    255 99 199 211 254 235 209 255 73 255 255 220 255 154 47 255 255 255
    255 205 255 255 118 101 255 255 4 255 255 193 94 10 79 255 255 255
    174 104 62 224 104 255 72 12 255 104 159 255 255 48 255 255 34 39
    255 255 75 188 36 30 184 255 255 166 255 163 249 171 225 131 97 255
    233 255 255 105 255 21 194 255 141 237 255 255 255 3 73 255 255 53
    94 255 255 99 10 255 255 255 255 255 12 90 255 9 83 46 212 255 8 20
    220 194 10 255 207 184 255 255 68 39 180 249 152 63 255 255 255 159
    255 255 67 129 68 255 250 203 255 255 153 255 255 211 255 98 244 84
    184 44 140 13 169 32 21 49 113 41 203 255 58 16 255 255 255 171 94
    170 255 255 255 255 255 71 255 255 255 255 235 255 213 229 218 232
    176 97 119 221 239 188 255 255 10 176 79 138 255 124 255 255 215 34
    107 71 255 255 53 255 141 237 255 255 83 172 30 162 137 231 255 255
    143 41 48 255 132 36 163 255 255 105 104 255 255 255 246 223 255 255
    152 255 101 255 196 34 182 255 255 99 239 97 255 25 32 75 108 255 23
    27 255 255 229 119 221 219 186 255 91 255 133 255 14 255 230 255 186
    255 255 255 11 255 88 179 255 45 142 255 255 134 10 255 211 222 28
    255 255 255 14 255 255 255 164 255 10 87 240 154 255 216 255 48 69
    240 255 255 155 255 9 191 255 255 210 255 19 184 255 135 154 255 255
    184 255 255 113 255 255 194 101 84 255 255 54 255 255 120 138 255
    255 3 220 255 255 29 6 192 92 255 255 255 255 29 101 255 98 249 255
    255 166 255 98 255 255 57 67 255 113 121 255 217 67 94 255 177 255
    132 255 62 255 255 255 255 61 255 65 150 244 19 82 101 169 3 0 189
    255 9 8 164 28 248 234 242 254 227 255 4 255 255 7 142 255 157 255
    159 136 78 255 255 254 255 247 255 182 144 67 255 173 87 255 255 113
    238 255 164 242 169 255 255 255 160 255 110 188 88 255 255 255 144
    34 184 57 255 49 214 255 193 255 255 255 0 166 255 16 247 21 173 249
    255 16 212 103 86 255 113 206 255 255 184 32 255 64 78 34 49 255 233
    255 7 169 105 255 255 80 181 255 157 255 255 161 255 233 31 41 255
    200 255 255 187 176 197 255 255 96 255 179 113 255 255 214 188 22
    255 170 67 163 55 255 201 55 255 51 255 68 86 18 255 9 3 99 19 255
    215 188 14 255 255 120 152 205 119 255 75 236 255 255 189 255 214 30
    147 150 72 255 255 41 36 255 189 255 17 123 9 255 60 36 255 33 99 41
    194 133 190 255 167 255 255 255 255 27 255 64 131 174 39 240 19 255
    255 208 255 50 55 251 211 255 242 191 255 235 211 135 244 217 222
    199 255 255 255 57 255 4 14 32 221 229 198 203 255 255 98 67 255 86
    255 90 255 40 212 255 255 255 190 255 255 122 219 255 197 153 162
    205 166 5 255 181 203 255 108 234 56 255 255 255 203 140 255 134 255
    255 214 171 144 155 255 255 248 255 255 18 94 79 34 255 32 127 65
    255 255 255 122 203 14 203 255 255 214 20 102 255 56 255 255 200 48
    167 232 255 137 255 205 255 247 255 6 194 255 255 14 148 9 255 232
    255 72 255 255 203 255 255 61 58 203 34 72 255 255 154 94 106 143 9
    82 119 255 255 255 255 255 255 255 255 255 255 255 184 227 255 152
    229 206 118 105 146 255 220 255 255 19 247 133 255 189 20 51 27 181
    19 255 255 255 202 48 255 50 255 255 255 101 255 255 255 99 202 160
    255 255 109 255 90 191 255 80 65 255 94 137 255 27 193 255 3 131 255
    237 22 163 255 196 255 174 15 9 45 255 36 125 167 255 255 140 150
    207 60 216 255 55 158 195 255 255 177 195 255 30 255 255 214 255 255
    199 255 255 7 255 255 144 251 255 207 188 255 124 102 161 11 49 171
    255 166 24 132 255 231 194 255 161 255 67 246 255 53 255 255 255 167
    255 255 182 82 145 255 144 255 250 169 255 255 255 160 214 121 255
    255 125 255 255 252 20 255 217 255 255 143 26 255 255 255 49 217 255
    116 147 41 158 195 237 19 48 255 111 42 255 129 161 255 214 255 85
    255 255 68 255 53 255 255 138 255 197 209 247 255 255 253 255 251
    193 77 149 255 13 18 89 223 94 121 159 221 106 195 162 67 122 255
    255 23 63 65 255 33 68 26 35 255 128 229 72 56 33 154 255 255 49 255
    61 234 255 255 142 143 70 143 54 255 133 103 95 247 255 255 255 255
    255 85 233 187 121 26 125 255 255 129 255 255 33 203 255 255 255 250
    64 255 255 255 255 255 139 255 111 124 255 255 255 67 79 144 97 255
    116 148 124 7 255 169 255 255 255 255 22 255 159 255 66 25 255 220
    251 102 73 255 203 143 230 53 255 124 255 246 105 7 54 16 255 161
    245 255 255 255 255 255 214 255 255 50 255 173 170 255 26 255 85 233
    225 255 206 0 137 255 22 255 255 255 225 53 138 255 105 222 255 161
    159 188 255 255 96 214 255 218 244 106 255 255 20 232 255 53 232 251
    187 97 255 255 198 210 169 65 255 255 255 250 76 255 175 129 255 255
    172 254 253 229 255 255 172 247 255 86 36 165 26 255 51 123 255 255
    211 255 111 106 200 191 255 247 255 150 206 255 233 46 169 3 10 51
    76 255 58 87 174 255 213 241 43 117 255 99 162 140 131 64 255 255 65
    255 163 30 188 103 172 255 83 109 44 255 37 255 206 215 255 255 5
    255 255 11 208 255 215 143 210 206 255 227 255 255 255 56 255 158 26
    244 34 225 255 255 255 244 86 255 160 205 198 255 186 76 113 255 213
    75 255 71 90 255 151 255 255 106 106 64 211 255 19 83 255 255 255
    218 240 210 72 255 248 154 2 166 241 163 19 242 255 162 186 255 168
    255 113 3 255 47 38 46 255 255 255 255 102 255 220 255 154 176 164
    210 255 200 198 255 34 116 208 11 255 214 255 3 255 199 46 197 97 14
    159 121 198 248 255 255 17 184 255 135 4 123 255 119 242 255 144 255
    38 23 179 255 213 255 255 25 135 255 213 138 113 255 181 175 149 255
    255 207 255 255 125 119 197 255 41 255 48 189 116 255 167 9 140 255
    135 106 255 255 89 255 0 83 118 255 80 255 43 173 53 255 255 184 84
    255 244 205 7 148 255 255 96 255 219 205 255 255 255 255 255 89 255
    255 198 255 113 255 255 128 87 255 1 22 255 168 82 188 29 255 255 57
    227 131 5 80 255 153 255 255 114 63 255 123 84 6 255 3 255 217 255
    255 206 255 182 76 34 175 45 255 255 20 255 255 151 138 109 225 255
    255 79 75 255 239 191 180 255 255 251 1 255 66 143 255 143 26 123 15
    50 234 111 162 36 255 173 133 220 248 73 79 33 159 86 33 255 255 213
    84 255 255 255 255 255 255 255 151 255 255 165 254 98 99 253 255 67
    38 255 255 48 45 49 137 191 110 249 255 79 189 4 203 255 255 31 78
    255 255 17 156 206 255 244 173 41 255 117 130 81 255 255 137 239 96
    255 60 255 186 255 255 255 255 255 255 173 75 137 255 255 178 255
    255 103 120 222 255 114 195 255 255 220 255 1 84 201 91 255 193 42
    255 255 125 31 244 221 133 71 255 60 255 255 169 36 191 255 161 255
    12 255 237 75 83 255 239 154 255 255 255 255 255 255 255 255 255 239
    255 255 41 255 227 48 44 255 255 70 255 215 255 216 255 77 255 48
    119 255 140 0 161 198 130 203 194 224 255 255 34 21 125 2 255 12 181
    255 255 255 92 132 72 203 255 255 13 255 255 23 200 255 255 16 255
    62 63 255 255 198 43 255 200 255 255 146 255 255 226 255 83 50 255
    41 157 215 255 255 241 255 255 255 221 255 109 255 30 78 255 135 255
    150 125 255 255 255 203 41 26 255 255 0 24 255 138 36 152 82 239 216
    255 255 233 48 46 255 5 255 11 255 244 47 25 255 255 255 49 36 120
    31 255 1 135 182 255 174 255 255 48 255 20 135 182 158 255 83 20 24
    0 128 255 68 215 255 216 124 75 255 255 164 190 251 255 255 4 249
    255 187 116 229 255 89 77 34 61 51 8 255 221 45 255 131 129 255 141
    105 58 255 255 154 255 151 255 255 151 31 238 255 29 178 225 255 250
    255 255 255 255 255 255 255 255 124 1 255 255 191 154 229 255 255
    255 151 242 193 185 80 86 255 215 36 26 255 152 161 152 255 206 255
    182 5 142 255 4 78 171 252 196 255 90 218 103 255 159 255 255 38 255
    19 255 255 226 215 135 128 255 220 56 255 34 255 255 66 134 15 146
    29 10 53 157 171 255 99 205 109 11 196 54 63 0 255 105 205 251 255
    230 137 42 255 255 151 237 41 108 29 30 180 78 255 217 107 255 255
    210 137 48 111 255 221 208 158 82 217 169 177 255 255 147 255 141
    109 3 255 82 96 225 149 255 255 3 255 90 90 255 255 131 255 193 255
    255 255 168 255 135 75 255 36 44 61 11 177 255 235 56 183 255 255
    242 146 108 73 173 98 255 83 255 255 51 255 255 34 121 118 255 83 61
    255 93 255 201 110 255 255 255 84 51 244 145 205 131 164 248 255 255
    255 30 255 255 255 255 53 44 255 255 1 113 53 255 137 255 229 2 255
    128 225 180 14 255 24 255 255 255 255 186 255 255 179 0 255 31 255
    161 255 255 124 147 255 4 145 255 255 255 156 189 143 17 255 55 68
    184 94 255 255 137 84 239 65 255 255 255 255 61 212 81 255 56 255
    127 70 255 127 68 255 255 255 92 74 171 58 44 251 161 206 242 255
    206 255 255 0 63 236 154 162 77 255 96 244 229 255 255 226 14 255 48
    255 255 240 154 255 210 255 68 44 55 255 255 239 165 232 53 11 255
    222 223 65 255 255 56 96 255 53 167 255 191 174 255 222 239 255 202
    135 214 255 22 182 255 191 84 255 255 118 255 255 197 255 68 255 7
    177 244 158 255 131 255 72 255 237 255 229 116 255 255 166 235 255
    255 254 255 159 255 255 255 255 129 150 119 255 233 114 53 255 113
    73 123 19 255 140 255 255 74 241 167 255 255 156 75 99 255 1 255 184
    164 241 2 109 255 98 40 72 188 228 255 255 187 255 49 63 34 255 57
    193 158 255 255 99 255 255 255 16 9 120 255 34 255 200 96 169 255
    255 255 209 251 227 34 255 240 255 34 255 93 164 53 183 193 218 255
    255 255 255 255 255 64 87 255 255 34 186 78 67 148 255 101 109 128
    14 255 207 255 21 146 150 255 108 63 255 53 255 114 255 255 109 255
    255 255 79 111 19 255 255 143 105 34 158 98 255 107 225 96 255 255
    237 255 75 255 92 255 184 255 244 201 242 255 255 137 255 130 255
    169 213 53 154 114 255 19 51 255 79 133 66 153 96 23 219 172 21 35
    235 255 75 196 255 60 255 255 226 0 21 42 36 233 131 17 81 109 10
    255 224 255 255 4 188 255 255 244 171 225 44 253 230 255 255 255 255
    255 255 101 184 222 255 255 114 224 255 5 255 255 146 203 255 165
    255 17 255 255 255 109 255 248 255 222 19 255 133 255 60 255 9 78 9
    94 255 176 24 236 126 255 185 78 255 172 36 190 217 121 206 255 206
    66 55 255 255 3 255 255 0 255 24 255 255 255 140 188 255 146 255 253
    255 85 156 169 169 60 136 255 255 255 155 255 255 255 8 165 227 150
    25 251 255 59 255 255 199 255 180 48 255 255 255 255 28 255 255 188
    255 174 131 117 20 235 255 255 255 30 255 128 157 255 251 191 232
    255 27 241 146 255 94 26 151 253 255 255 253 197 173 255 255 255 255
    236 191 255 113 255 22 255 173 255 86 144 102 71 218 104 255 42 255
    131 255 96 255 64 255 238 140 188 255 255 255 139 101 255 255 236
    255 169 174 9 124 135 150 26 108 46 199 44 237 255 19 255 255 181
    255 255 56 255 15 255 255 111 234 255 255 46 255 255 131 255 255 70
    19 197 114 255 54 27 10 4 123 5 255 142 123 156 114 154 90 59 14 255
    87 133 205 154 255 118 89 255 255 57 198 255 255 130 199 18 246 255
    255 109 255 164 225 64 99 107 128 255 255 255 200 255 214 15 196 146
    255 255 255 185 82 255 166 60 175 35 255 255 198 255 39 136 135 15
    104 255 255 241 255 109 248 255 60 255 255 34 12 78 165 199 188 73
    255 255 99 255 255 255 170 227 246 33 255 255 255 198 255 27 255 255
    255 255 131 255 70 246 132 102 81 79 152 255 34 138 54 191 255 152
    53 255 240 207 255 244 207 29 84 237 255 255 251 133 255 125 130 107
    255 255 255 131 255 105 198 142 199 255 36 255 67 195 255 218 154
    255 168 171 180 174 14 206 210 255 19 195 17 255 93 255 255 105 255
    218 255 255 251 210 255 191 218 255 41 22 184 255 249 253 255 109
    255 111 3 20 188 255 255 62 4 176 255 162 222 146 168 206 255 110 77
    68 38 255 53 202 242 182 18 135 159 161 255 188 245 12 255 31 203
    255 219 255 203 3 255 255 31 255 255 5 119 255 255 255 51 25 255 255
    105 255 191 255 123 114 76 255 238 157 255 255 50 198 255 7 27 255
    255 189 255 50 246 255 222 255 255 106 255 133 221 148 176 119 255
    253 33 255 235 123 255 255 4 109 255 97 255 255 91 255 49 255 143
    255 139 255 255 16 125 79 225 75 73 188 255 255 140 234 255 164 255
    120 15 255 255 209 60 154 41 255 159 45 203 255 142 255 103 255 67
    255 247 255 184 105 255 227 121 255 158 255 179 165 255 255 2 165
    255 231 49 195 255 255 60 255 194 210 253 154 255 223 255 203 255
    255 65 255 110 255 64 255 101 255 64 49 99 55 121 165 255 255 255
    109 237 238 248 255 255 255 255 255 198 255 255 119 212 255 255 255
    190 255 193 229 232 255 201 157 255 255 181 249 255 196 20 116 255
    200 255 255 255 107 255 255 53 63 174 255 99 255 163 222 31 255 138
    239 255 185 142 255 225 255 81 176 255 58 7 255 107 129 255 255 147
    126 131 15 51 255 173 60 255 168 249 255 255 164 255 138 196 255 127
    239 101 114 195 255 183 239 208 158 255 255 60 255 58 255 188 255 71
    255 101 255 255 255 1 101 255 211 90 178 239 255 101 255 255 223 158
    157 255 255 196 60 189 26 255 38 255 255 194 235 255 61 58 34 42 48
    32 255 31 255 255 255 235 65 255 255 85 255 255 49 14 77 255 116 255
    109 39 255 41 20 6 191 176 255 86 140 255 110 217 255 147 255 66 255
    234 191 255 24 255 112 255 45 255 255 255 1 255 255 147 201 133 233
    255 161 102 255 255 104 255 255 44 255 255 218 123 173 255 43 66 239
    101 83 255 255 255 255 205 255 52 184 34 89 181 43 8 208 255 255 164
    206 255 255 161 38 215 255 255 255 255 82 255 255 87 3 255 255 255
    255 157 255 255 255 142 255 146 203 199 44 254 176 93 142 120 168
    152 208 57 181 255 209 60 255 255 255 255 74 246 255 255 145 24 120
    255 98 255 255 60 255 94 255 255 205 143 255 32 255 248 255 255 99
    255 255 214 255 56 18 237 182 255 227 88 232 188 255 255 241 255 149
    111 255 169 176 255 249 118 255 255 75 240 255 227 126 169 255 64
    206 239 255 241 48 98 254 255 255 255 213 236 144 255 255 255 116
    255 209 235 195 155 118 126 219 41 255 255 102 75 255 255 255 59 148
    255 218 255 53 239 7 94 255 189 255 255 255 116 166 255 255 131 255
    205 12 255 255 255 106 178 183 48 126 168 208 208 255 255 255 23 246
    255 176 121 255 86 174 255 255 255 150 5 255 255 159 230 28 183 255
    255 255 255 255 99 200 180 188 255 34 68 60 9 255 255 188 125 255
    205 61 255 255 75 193 255 255 255 255 48 255 255 202 255 255 187 22
    255 180 137 175 255 152 255 59 22 255 255 154 126 154 152 255 113 73
    255 168 17 173 230 193 199 255 255 255 255 148 216 154 255 255 233
    255 255 255 255 255 165 255 255 255 255 255 23 171 214 181 255 159
    255 213 4 162 255 255 255 255 255 255 140 126 249 43 210 89 169 255
    224 255 255 200 142 58 147 255 255 68 255 199 38 255 45 255 29 182
    56 96 255 3 125 214 104 31 4 89 255 62 239 255 210 124 9 197 95 255
    255 16 116 255 255 255 255 86 113 255 192 38 236 194 255 163 188 154
    255 31 51 141 200 10 255 138 169 255 23 255 109 215 164 150 240 186
    2 146 14 255 254 230 154 157 255 58 255 255 9 255 80 255 44 38 188
    247 56 255 45 255 253 146 255 255 255 255 255 138 255 54 217 48 205
    255 195 128 68 255 255 192 183 56 228 255 210 203 135 51 74 210 32
    255 12 255 35 109 255 233 255 169 48 255 159 255 255 255 120 254 255
    27 94 255 97 201 197 255 126 28 31 121 255 255 225 4 255 255 255 154
    90 255 42 169 77 255 104 255 219 255 255 153 255 255 183 20 255 12
    73 255 255 255 214 82 255 206 255 174 255 255 155 255 52 171 124 45
    68 255 157 166 255 213 255 255 248 138 255 255 255 255 89 14 255 255
    253 255 191 255 255 56 255 255 170 255 19 5 135 144 18 80 255 41 255
    255 166 51 34 206 160 178 0 58 49 12 229 255 226 82 60 53 157 225
    255 138 255 52 255 255 255 255 255 116 137 255 255 255 154 203 65 11
    255 254 255 11 255 255 225 255 167 70 255 84 135 113 255 60 255 255
    29 255 188 0 82 184 255 27 255 42 116 250 199 255 255 255 255 255
    136 5 19 255 255 255 165 255 36 255 78 114 64 255 255 158 255 92 255
    218 141 240 255 255 255 255 71 204 255 43 93 255 116 255 208 68 172
    106 77 255 169 120 56 56 255 93 160 255 230 75 210 255 255 120 52
    255 255 125 255 255 109 255 30 211 14 255 142 255 255 70 206 38 93
    239 255 255 251 124 232 255 75 198 255 255 22 255 26 237 255 62 217
    14 255 255 255 255 113 133 184 52 255 255 255 56 255 249 255 255 27
    255 255 132 121 223 138 38 255 255 116 255 173 255 184 147 255 255
    241 126 182 200 12 54 200 255 255 203 255 255 125 36 255 106 67 255
    247 49 152 214 227 255 101 255 255 68 255 255 101 255 255 174 255 26
    120 255 255 82 255 176 154 217 251 89 34 255 158 255 255 255 249 23
    255 3 124 225 255 255 8 255 255 149 198 255 255 203 49 34 255 146
    106 255 255 165 162 255 82 118 255 204 255 255 255 255 98 68 29 255
    26 46 229 255 51 111 195 255 32 97 200 255 170 255 220 187 189 36
    127 244 203 255 255 205 144 17 236 154 148 152 166 255 197 8 255 214
    127 255 126 255 119 255 176 152 255 131 181 143 239 183 144 158 177
    255 255 255 205 204 251 255 23 73 175 255 255 26 255 205 255 243 255
    83 8 255 103 255 255 41 255 255 255 255 36 96 255 113 49 255 255 255
    105 255 69 204 255 255 109 255 128 129 235 255 207 111 139 255 255
    255 185 255 255 60 255 255 255 255 120 45 41 242 254 255 139 153 157
    255 71 255 255 255 220 135 67 255 223 57 125 94 209 224 255 247 251
    255 99 255 248 255 255 255 226 29 176 198 140 255 170 73 255 76 0
    255 189 189 255 255 7 0 255 157 250 255 255 255 255 32 255 138 255
    255 79 255 236 255 255 255 113 7 9 46 135 210 255 121 255 72 255 255
    59 113 255 195 68 223 16 255 255 83 10 159 244 53 159 20 87 255 29
    20 255 200 255 246 183 114 255 37 169 248 79 15 251 255 255 255 158
    24 113 255 255 143 255 113 255 102 255 21 25 159 255 147 255 0 16
    255 199 183 5 51 239 255 4 255 160 255 147 188 246 15 247 255 196
    255 208 255 155 199 228 198 17 255 94 199 249 0 58 177 210 141 183
    255 223 255 255 227 34 255 201 255 114 23 255 255 231 215 0 255 236
    205 17 254 255 216 35 15 184 255 12 255 255 150 43 16 255 255 158
    106 250 176 147 255 121 255 255 255 61 233 136 255 255 165 255 175
    79 15 141 255 70 255 255 138 34 255 255 255 172 218 255 252 255 255
    90 255 255 144 255 255 255 255 255 252 255 193 65 121 184 255 106
    251 255 255 255 157 227 156 255 113 53 255 215 190 128 203 255 138
    169 255 228 92 255 72 205 21 136 131 159 224 255 255 255 160 255 255
    255 41 61 53 255 248 14 220 44 70 45 44 255 191 74 70 255 120 255
    244 5 90 255 255 255 229 52 255 23 255 224 255 12 72 255 255 106 255
    49 111 191 218 191 47 37 255 255 27 0 255 29 80 195 255 167 208 255
    255 86 239 94 255 255 94 118 255 48 255 40 166 255 222 255 255 214
    255 64 27 155 114 218 191 255 30 255 255 165 255 171 45 22 38 255
    166 246 255 255 255 45 97 255 255 255 41 80 217 98 106 255 255 10
    255 255 255 255 255 76 130 111 64 255 242 255 254 255 213 119 128
    255 255 86 255 255 255 70 200 255 83 255 255 90 255 240 255 255 255
    18 255 236 93 169 255 3 255 255 218 255 238 255 29 156 37 188 113
    255 97 255 48 255 255 225 213 238 95 229 235 154 164 255 239 137 255
    255 102 231 80 239 255 244 255 255 185 10 51 166 255 114 255 138 53
    255 200 84 255 14 236 140 208 111 255 205 180 78 255 81 30 255 255
    170 65 90 123 255 111 136 251 255 215 72 255 34 237 53 172 46 255 67
    73 255 123 230 255 219 255 165 172 39 255 136 63 141 1 198 255 192
    56 255 229 253 111 79 128 255 164 164 64 233 27 49 255 255 255 255
    255 13 255 152 21 192 255 255 44 60 124 35 166 79 191 255 120 255 85
    255 162 225 255 124 255 124 97 9 210 67 29 255 244 254 225 16 181
    255 255 90 255 168 255 255 12 77 150 83 255 255 255 255 255 252 255
    84 101 255 120 237 255 223 255 241 195 151 157 240 40 14 255 161 203
    255 113 109 98 1 255 255 45 142 214 97 128 45 177 143 114 138 94 248
    218 217 131 255 46 126 243 140 255 127 255 255 219 255 186 155 217
    255 255 255 255 255 111 255 255 126 255 105 56 255 169 255 242 255
    255 86 82 255 255 50 89 255 255 60 26 109 150 39 159 154 255 134 49
    255 255 255 255 95 255 75 247 201 255 93 10 83 196 255 238 72 255
    255 255 255 223 121 255 107 19 137 68 174 116 255 10 232 255 224 63
    255 203 253 173 173 92 255 67 229 51 209 3 68 72 255 39 255 255 190
    255 212 255 255 255 255 188 145 255 80 241 146 168 255 235 228 255
    244 117 255 255 255 99 220 45 189 255 255 143 111 89 102 255 38 255
    225 203 32 255 255 148 255 255 41 128 80 49 15 255 101 255 60 255
    255 255 255 255 90 255 255 254 255 255 158 101 255 30 147 109 196
    255 255 20 147 54 136 73 255 255 246 0 93 255 255 183 227 51 196 255
    255 87 255 255 255 58 255 116 255 255 5 255 255 98 177 255 255 43
    255 255 255 255 255 36 148 53 205 255 80 255 255 157 126 210 104 179
    225 37 255 206 5 255 255 255 55 255 206 73 143 192 80 233 255 255
    227 255 44 255 30 75 98 255 39 255 136 166 255 129 68 255 192 138
    255 255 191 193 251 255 103 255 255 171 110 123 94 108 68 255 254 65
    255 255 255 79 221 143 255 138 133 47 55 10 4 0 77 255 255 61 107
    206 255 255 143 107 255 95 36 208 168 227 255 117 235 255 14 97 255
    255 201 255 255 255 169 22 255 39 195 255 255 255 255 248 94 255 255
    244 107 120 255 160 144 4 140 4 202 255 253 199 26 255 176 189 218
    230 255 255 102 255 255 33 53 255 207 255 255 233 255 73 179 56 255
    206 242 255 255 255 191 29 255 246 255 237 143 255 255 255 198 255
    193 255 255 38 46 196 255 151 102 126 35 217 240 104 49 103 255 174
    231 255 147 109 170 255 255 75 255 255 8 159 255 135 128 30 179 177
    255 255 255 255 114 255 64 53 188 92 225 255 255 209 2 255 255 111
    255 72 224 171 112 255 236 255 255 223 55 255 150 114 255 255 255
    255 98 255 255 148 255 255 109 52 147 144 19 34 107 255 255 255 147
    32 255 210 255 255 185 65 255 78 255 255 188 255 255 213 2 255 255
    195 39 75 255 255 57 154 255 255 239 255 23 255 111 255 85 255 49
    255 199 72 107 255 117 255 96 35 10 255 255 118 255 218 131 255 173
    255 41 117 255 255 65 53 60 67 244 163 199 27 255 0 177 242 124 123
    94 255 255 255 255 63 77 25 32 79 255 53 255 121 96 255 248 255 255
    255 255 255 142 203 255 79 10 255 255 255 235 29 200 229 72 255 220
    64 34 146 142 147 212 162 92 231 52 255 255 22 116 9 254 206 255 55
    193 255 255 167 255 255 255 255 230 255 255 189 255 13 35 85 227 149
    255 255 255 255 210 255 255 159 255 111 255 240 255 255 255 255 255
    210 255 8 114 255 0 221 255 47 255 140 255 255 255 188 200 255 255
    255 159 32 8 255 2 255 255 255 53 31 255 255 255 255 174 208 255 79
    188 255 255 34 255 255 255 41 255 12 255 255 255 255 230 220 19 12
    61 255 166 255 47 82 255 19 29 255 68 89 255 253 78 75 255 255 0 255
    255 255 255 249 255 255 185 179 191 255 255 255 255 255 255 185 255
    13 1 206 180 255 255 255 181 104 190 50 255 66 207 235 186 52 152 17
    158 212 41 251 119 191 215 255 23 150 208 84 25 255 255 252 15 255
    243 113 223 146 46 244 240 255 255 232 27 139 52 116 255 112 218 255
    170 14 255 30 255 163 255 131 75 229 106 124 127 255 255 85 254 255
    255 255 255 234 255 144 255 255 255 255 220 56 255 255 255 247 255
    15 255 255 62 255 255 255 56 255 133 129 89 161 161 3 238 254 65 255
    189 255 131 1 255 13 255 239 255 83 155 255 255 2 255 255 171 96 243
    255 255 61 70 255 255 255 0 252 160 43 106 255 223 226 255 58 255
    210 255 226 239 255 143 130 167 33 15 45 176 255 255 255 70 255 158
    130 216 245 38 116 255 255 53 108 12 143 49 235 221 16 113 107 222
    212 190 237 255 30 255 255 255 239 255 255 224 78 84 255 148 255 255
    255 66 83 255 255 255 255 255 78 191 255 206 215 41 0 60 161 83 255
    255 248 176 208 249 255 255 162 255 255 255 143 41 255 255 255 97
    160 148 255 241 9 244 46 255 239 234 47 165 229 255 255 255 255 30
    255 77 172 247 255 18 148 109 211 179 255 255 213 255 117 133 255 23
    255 255 255 255 206 15 27 212 255 255 255 255 19 255 64 255 236 179
    208 0 128 176 255 236 171 92 27 186 114 164 78 255 139 255 47 228 10
    54 90 29 255 255 140 255 255 94 255 144 255 193 251 255 221 45 70
    255 255 196 109 255 29 36 104 247 161 185 255 255 255 111 255 16 255
    159 255 255 71 153 218 9 131 251 41 255 56 255 255 255 175 83 70 255
    29 143 255 119 111 255 46 43 255 255 77 255 20 5 255 86 126 214 255
    213 255 168 254 255 159 246 218 98 255 255 255 241 167 166 142 109
    180 255 255 147 255 255 188 128 255 232 255 255 37 176 255 29 176 81
    181 12 163 85 244 161 44 255 193 149 166 34 255 255 107 7 9 255 12
    107 113 78 224 255 221 242 73 255 255 255 255 255 66 255 36 161 255
    58 133 83 255 255 33 235 218 192 24 141 255 255 255 93 107 255 33
    255 255 189 255 148 255 119 173 199 217 255 154 255 6 255 255 255
    255 255 255 165 255 248 255 102 255 60 15 255 184 118 175 60 130 255
    255 131 212 202 255 165 255 73 94 140 186 238 176 220 19 99 101 231
    255 102 255 255 29 255 255 255 101 143 34 236 251 172 64 255 255 56
    78 244 81 255 128 255 31 255 120 188 99 143 255 255 212 142 255 255
    248 255 169 255 51 255 255 205 255 135 107 255 168 128 99 16 140 9
    255 241 79 199 60 30 255 255 255 202 229 255 67 255 255 40 96 156
    255 160 255 38 255 6 114 217 251 26 255 255 255 217 236 255 255 255
    166 92 111 53 255 255 166 255 255 74 255 214 255 210 255 172 176 39
    48 203 163 55 255 255 255 255 36 202 255 255 255 255 69 255 106 255
    247 27 255 14 200 255 10 255 77 222 255 255 110 107 255 75 255 133
    239 255 242 57 3 229 8 5 246 255 63 255 26 27 255 255 255 255 106 53
    255 8 189 255 60 255 255 124 200 255 192 255 109 143 77 255 217 255
    255 204 255 255 239 65 39 60 198 133 90 213 128 19 225 255 225 32
    255 150 128 255 192 106 30 83 255 255 232 121 49 95 72 255 240 255
    255 16 102 255 27 123 255 25 213 255 79 235 255 225 166 255 255 75
    255 37 217 255 102 255 255 255 208 255 53 255 255 255 193 255 64 255
    250 255 255 45 254 255 218 121 255 9 131 142 255 203 3 255 255 183
    255 255 96 255 176 255 51 233 255 133 255 255 231 211 111 255 255
    255 175 255 70 176 41 255 255 139 206 255 255 171 255 105 255 195 0
    255 159 183 96 255 140 148 255 255 227 122 184 255 208 241 255 124
    255 254 255 184 255 38 76 255 163 112 63 255 247 183 255 217 255 201
    67 255 41 255 104 255 119 255 51 234 255 62 95 85 19 94 172 238 255
    255 255 1 255 255 255 215 255 144 255 255 203 201 81 157 5 255 249
    208 118 38 107 9 27 255 255 19 255 255 255 200 111 222 126 23 117
    130 255 40 255 255 255 177 255 225 255 73 230 255 122 228 244 255
    255 5 186 196 255 214 255 255 188 181 150 98 255 49 199 211 255 255
    233 255 28 224 255 88 255 255 255 109 227 188 255 73 111 53 255 152
    154 166 255 123 58 255 255 20 255 254 227 255 53 255 255 218 67 221
    78 143 255 19 145 255 214 255 255 78 0 250 15 125 184 255 255 122
    255 218 191 63 63 103 255 114 175 87 172 255 57 242 255 255 130 255
    34 255 255 108 24 186 207 0 255 191 26 94 255 60 255 200 255 28 60
    234 255 213 255 79 255 177 255 255 255 38 211 68 208 4 68 255 55 152
    255 232 255 135 129 255 158 85 154 255 196 128 28 248 17 255 146 9
    255 29 255 255 255 68 255 64 255 255 150 155 255 222 116 165 215 193
    255 10 255 255 49 32 154 202 128 255 169 255 24 255 128 49 254 191
    17 29 230 144 82 218 255 204 255 128 255 255 180 255 255 255 72 255
    66 89 255 58 247 255 255 10 203 107 140 255 62 161 255 255 244 14
    206 232 255 165 50 137 255 121 242 71 142 56 255 128 12 255 110 32
    255 187 128 255 255 247 231 110 255 255 98 24 255 87 255 32 128 255
    225 3 39 171 164 60 169 83 255 255 34 253 58 116 235 79 247 255 255
    243 14 255 191 39 90 255 255 255 255 255 255 5 255 195 255 222 193
    34 63 182 71 255 255 233 154 195 113 230 255 117 80 28 255 17 255
    180 195 255 255 142 98 255 179 255 191 102 255 255 255 34 80 196 71
    255 255 88 255 90 43 210 255 146 243 255 21 181 177 201 207 255 255
    255 43 250 131 116 118 255 217 255 211 113 235 151 20 88 255 10 255
    149 239 255 255 255 255 83 244 255 234 27 255 22 55 255 159 255 255
    255 68 109 40 179 69 101 133 169 225 237 255 101 208 223 255 208 163
    255 131 255 237 131 60 116 27 71 72 10 255 15 123 255 255 255 176
    188 179 53 255 255 255 255 116 235 255 255 255 255 198 255 255 72
    225 98 67 118 213 213 255 255 172 255 255 85 255 224 255 193 5 255 4
    139 255 105 157 148 176 255 255 255 239 186 111 255 193 107 121 255
    81 82 137 51 135 255 255 50 205 255 102 70 86 131 169 255 70 255 210
    184 255 255 101 196 161 8 128 255 98 206 165 78 255 167 85 255 99
    109 130 79 83 255 255 12 101 191 255 227 205 183 94 255 134 255 255
    162 255 255 134 2 137 177 255 255 255 234 255 255 140 139 104 215
    255 169 213 255 255 255 4 149 255 195 1 255 255 120 255 255 110 34
    238 248 205 195 60 255 118 255 255 206 15 41 169 78 123 135 255 31
    223 50 167 255 255 255 255 8 169 227 237 255 144 255 255 47 41 255
    255 196 130 38 0 36 255 48 10 9 151 154 255 255 104 255 35 201 154
    79 63 255 173 20 255 211 255 101 70 255 178 64 255 255 196 255 255
    255 12 2 219 255 255 91 203 105 248 235 255 255 255 152 255 237 255
    131 63 156 207 255 255 56 7 255 255 152 175 23 157 255 255 255 216
    211 235 191 132 213 255 255 70 36 79 227 255 147 9 28 255 85 255 25
    255 206 49 249 255 44 244 255 255 255 255 255 255 255 255 249 54 41
    58 223 109 255 242 255 255 141 240 34 255 174 255 126 82 255 255 255
    164 163 255 9 255 140 31 255 180 227 238 255 206 51 255 255 195 102
    255 255 128 27 255 229 145 26 255 164 255 22 255 111 34 241 250 25
    102 90 255 234 30 18 255 101 218 73 41 210 210 255 135 234 64 72 255
    255 255 255 34 56 131 30 29 255 255 255 255 158 168 255 49 65 255 58
    213 72 6 144 255 255 255 41 255 165 89 126 121 126 21 234 255 255 70
    224 255 255 255 94 255 255 255 169 142 255 204 232 248 131 255 255
    255 255 56 74 55 193 255 24 255 206 96 99 255 255 255 189 191 197 83
    255 38 40 148 255 255 44 255 18 75 114 243 208 178 255 255 216 105
    255 53 255 255 255 255 77 255 68 255 255 125 251 255 169 218 171 255
    255 255 128 242 255 116 73 255 135 41 197 33 94 255 255 67 39 213
    255 8 183 41 255 255 255 246 159 255 255 243 255 255 255 143 39 255
    255 13 255 255 255 255 167 186 211 255 255 255 96 62 149 255 152 23
    255 26 68 155 255 34 87 255 255 60 255 168 73 141 255 255 255 255
    121 176 33 36 240 255 244 56 172 255 94 255 78 255 170 255 6 94 255
    86 95 195 201 255 225 255 255 255 255 60 255 255 180 255 173 87 255
    255 255 10 75 0 43 210 183 162 255 255 255 251 0 237 60 174 255 214
    255 133 75 255 255 255 255 160 30 248 29 255 26 229 255 116 63 255
    29 205 141 149 255 175 222 255 24 218 234 206 5 255 233 165 255 255
    255 255 171 123 247 255 18 255 171 172 255 255 243 255 255 191 174
    255 85 195 255 255 102 255 177 255 255 70 255 255 0 107 32 106 150
    167 20 255 255 194 222 255 233 84 240 255 148 255 23 255 255 123 234
    255 255 72 203 154 255 208 187 80 255 67 242 255 255 255 158 255 255
    255 164 255 21 181 143 124 22 162 208 125 255 96 129 255 255 34 255
    206 138 14 165 0 2 28 255 167 255 117 246 205 117 222 107 44 227 146
    20 131 38 67 255 103 149 244 23 71 255 124 10 255 84 255 15 255 185
    255 30 127 255 255 192 184 227 117 232 69 188 142 255 34 102 0 255
    249 133 157 218 203 255 89 186 215 255 75 255 255 255 255 242 255 23
    255 101 255 27 255 219 255 255 255 255 255 233 253 255 255 97 131
    127 255 255 165 206 201 185 255 66 255 255 255 22 255 240 214 255
    255 72 121 191 166 254 255 159 255 156 255 255 255 35 255 248 255 80
    81 64 137 69 110 255 116 255 10 208 200 255 255 125 154 255 129 0 75
    30 255 225 97 44 216 255 255 255 117 140 251 222 246 188 203 195 255
    79 255 54 204 167 255 61 244 255 255 0 255 255 255 190 255 39 255
    217 255 255 255 12 144 255 255 255 255 255 255 255 255 21 74 195 173
    31 255 54 209 55 255 12 145 81 255 255 182 67 0 66 116 78 255 63 255
    255 226 246 188 255 255 255 112 255 84 16 7 205 255 241 109 59 92 24
    255 22 255 255 22 255 80 251 255 255 206 96 144 84 255 150 157 255
    93 92 182 168 46 255 229 183 135 89 255 36 224 254 47 138 255 255
    207 255 250 129 94 255 143 148 255 255 255 30 20 255 242 72 255 255
    129 255 255 255 255 34 255 255 216 105 39 148 255 167 197 49 255 255
    243 48 255 143 255 248 199 20 129 243 255 255 48 255 39 63 255 238
    255 5 169 56 255 255 44 46 195 23 255 255 255 220 165 181 224 32 34
    255 173 35 130 255 38 96 114 255 19 255 232 87 255 179 255 0 93 255
    165 225 99 255 169 75 255 67 206 190 230 249 255 232 255 255 234 255
    255 165 184 75 53 128 255 254 255 53 255 255 255 211 255 255 200 255
    255 172 255 255 170 172 120 146 67 201 113 255 86 72 130 255 161 92
    131 119 255 99 153 255 51 15 255 0 255 143 255 116 255 113 120 75
    128 82 125 208 206 48 255 188 155 6 56 235 255 210 255 255 149 198
    75 159 225 255 168 90 109 114 255 255 244 255 113 4 184 165 255 251
    92 40 114 255 245 254 203 181 255 41 255 56 255 162 255 186 112 68 4
    116 255 64 174 255 150 59 255 255 229 147 98 222 109 58 34 232 225
    29 34 163 255 121 255 75 174 255 124 255 250 255 56 109 106 119 255
    255 230 49 240 157 255 94 183 255 127 177 201 200 239 6 255 255 17
    255 255 255 255 255 116 143 246 218 255 255 255 255 255 90 217 247
    255 184 255 141 255 255 255 254 255 114 221 255 255 101 181 255 26
    70 255 225 255 51 127 255 235 255 227 178 15 130 154 195 140 255 255
    67 255 78 61 111 255 242 171 26 206 235 102 186 83 64 9 255 45 22
    124 255 255 197 255 73 255 187 255 255 255 130 255 255 255 133 41 94
    255 67 102 49 1 48 253 210 94 139 255 106 148 110 10 96 106 92 11 75
    48 19 255 255 248 255 147 206 105 255 120 255 255 255 255 73 255 37
    101 255 183 255 28 255 255 255 255 5 193 239 20 255 255 255 186 255
    255 71 255 55 255 211 255 120 217 255 255 76 255 255 240 49 255 218
    125 255 101 73 208 56 255 167 255 255 255 209 255 255 5 73 210 172
    184 255 95 255 197 255 255 86 217 160 84 34 56 255 241 9 255 34 130
    38 255 255 255 255 2 77 150 167 152 8 157 103 27 255 201 50 255 92
    68 126 199 11 155 13 210 138 255 184 181 255 12 113 255 244 255 255
    53 255 235 255 255 103 254 142 255 255 48 255 158 73 255 82 235 255
    159 116 199 207 24 36 255 255 255 255 255 26 38 200 13 241 255 255
    255 255 73 200 181 66 255 56 118 128 255 255 87 75 137 255 255 255
    255 255 255 213 121 94 134 255 255 255 242 71 255 255 118 157 150
    255 75 189 255 255 255 201 91 255 255 134 87 182 106 101 255 255 85
    158 255 255 255 95 128 4 217 152 255 255 104 231 142 255 49 179 20
    255 195 155 51 97 235 208 155 143 159 255 225 255 71 255 236 42 162
    152 74 255 255 251 222 255 146 148 190 255 56 255 38 154 255 75 41
    255 255 255 133 228 255 255 48 255 214 38 232 255 173 255 255 200
    255 255 239 119 255 215 19 255 31 5 47 31 255 206 95 247 225 127 212
    165 174 113 197 123 169 233 46 255 81 174 212 255 198 218 255 4 230
    107 53 109 156 255 255 255 154 126 180 200 90 135 86 171 255 30 154
    28 102 255 88 93 97 255 255 255 255 255 255 43 113 255 36 229 227
    111 169 255 255 196 255 255 105 255 255 80 22 146 255 101 255 56 255
    255 255 94 161 40 114 255 237 169 114 4 78 255 124 255 255 255 78
    195 243 3 56 72 255 4 16 77 255 149 255 148 37 101 58 255 99 255 60
    235 255 128 87 109 255 217 28 255 255 255 255 186 255 187 255 229 68
    255 83 217 255 122 241 99 255 233 255 182 215 255 0 254 145 255 136
    125 255 198 255 255 221 255 255 255 242 255 67 255 17 149 80 255 255
    179 255 16 102 214 255 0 152 255 201 210 255 255 255 252 51 255 221
    255 248 255 116 255 114 15 163 138 255 169 44 61 86 91 138 255 255
    255 242 64 0 255 99 46 206 18 255 255 233 78 255 255 164 255 149 255
    255 153 255 255 255 157 255 147 174 201 255 255 255 76 255 206 56
    255 84 196 85 39 101 255 54 22 90 68 10 77 144 255 255 255 90 255 68
    237 114 255 255 255 255 3 5 137 255 255 242 255 255 255 161 36 175
    128 255 105 215 29 186 224 230 255 255 150 152 255 2 255 255 255 56
    93 63 13 121 106 180 33 176 255 244 255 255 120 255 255 179 255 255
    23 222 231 34 167 32 255 5 41 187 255 255 214 96 255 33 3 255 174
    235 255 113 232 62 83 167 255 120 7 255 134 255 111 206 255 28 255
    249 2 244 254 17 255 218 255 255 70 255 217 61 105 255 255 255 245
    142 255 255 255 255 87 255 255 237 2 255 102 255 105 12 247 210 194
    5 175 217 255 205 38 26 84 3 157 210 255 255 77 55 55 255 255 206
    255 255 36 216 222 200 255 1 210 188 23 0 255 192 255 255 99 61 6 98
    255 255 15 121 148 255 24 255 255 130 255 4 255 255 255 255 103 237
    255 246 255 253 36 34 229 255 234 128 13 15 254 255 135 164 92 165
    39 71 237 60 150 78 255 255 239 255 255 48 27 242 95 75 255 255 56
    188 65 159 75 127 195 255 183 26 255 206 87 32 255 255 15 136 119
    255 255 210 255 29 213 199 75 255 255 59 43 255 255 255 255 114 255
    236 255 255 255 63 125 158 124 102 28 166 218 150 22 255 210 218 255
    223 97 19 154 41 113 45 16 255 203 159 217 255 4 225 255 255 150 49
    255 2 255 22 255 255 215 208 64 154 255 255 151 255 15 243 0 255 49
    73 255 199 181 229 255 255 255 255 171 51 213 255 255 105 160 255
    161 218 199 219 150 83 255 39 255 255 255 144 255 51 255 239 205 255
    255 255 255 255 174 255 166 77 165 99 255 255 102 255 227 106 255
    255 162 255 131 255 14 255 255 208 210 74 102 255 232 255 96 114 75
    64 255 201 135 134 255 255 191 27 255 55 162 255 200 255 255 151 78
    255 226 255 165 94 205 255 255 255 255 147 12 255 63 78 159 104 255
    255 240 253 62 215 235 111 75 255 255 131 212 225 255 143 38 164 125
    255 191 232 255 255 255 77 109 255 255 19 255 255 255 220 255 101
    171 152 255 255 255 169 255 255 23 198 255 255 255 255 165 255 255
    19 188 255 16 121 244 255 234 255 255 38 92 255 255 255 52 255 205
    170 63 255 71 255 255 166 232 218 185 39 255 211 255 255 203 138 56
    255 29 77 15 208 255 146 5 255 124 166 255 255 148 255 14 255 255
    164 255 255 255 90 169 142 255 255 255 41 255 8 224 116 0 255 128 70
    255 26 255 255 45 125 92 255 176 135 43 109 255 231 224 184 19 102
    255 103 255 17 255 255 255 255 162 200 220 255 43 129 255 32 188 185
    140 176 71 255 255 40 255 101 89 195 201 153 142 255 234 102 255 125
    255 255 255 255 225 67 206 159 255 73 255 198 255 0 255 205 255 252
    75 163 255 255 223 187 255 4 196 255 94 255 255 69 255 255 199 80
    255 255 93 208 255 48 255 255 255 255 8 25 101 9 63 255 51 86 255
    255 144 65 246 168 239 41 172 101 255 228 255 255 108 255 6 255 125
    165 234 109 159 225 255 251 98 131 255 173 255 255 146 137 255 189
    68 45 230 255 84 48 90 255 255 26 255 136 255 255 225 145 126 243
    255 255 30 255 255 255 255 255 57 84 255 117 255 79 134 19 255 151
    237 255 119 191 255 16 242 255 221 138 255 232 242 255 245 255 191
    255 255 255 134 77 30 68 15 255 129 255 255 104 63 19 217 70 191 83
    255 255 18 96 36 255 104 255 110 162 255 59 227 255 255 225 6 147
    255 255 89 255 49 164 87 255 7 255 36 255 49 15 23 255 75 129 255
    220 161 255 255 187 201 240 15 255 255 255 255 111 255 90 47 71 255
    255 191 210 128 26 255 255 183 255 255 79 87 255 255 255 171 0 22
    255 247 255 28 149 179 158 90 255 120 85 255 255 255 167 255 255 157
    255 154 255 11 255 188 255 1 212 178 134 218 251 165 255 255 213 255
    56 252 157 255 255 53 62 255 15 8 255 255 255 255 255 184 134 150
    158 255 119 255 191 210 137 255 235 178 25 145 255 172 78 255 86 206
    255 26 255 255 59 242 255 255 255 253 213 255 178 255 148 255 179
    255 158 228 255 255 255 67 255 164 255 133 104 196 94 78 38 255 255
    5 47 196 224 79 255 255 255 80 255 255 255 237 19 244 17 255 131 12
    255 164 255 79 255 177 203 89 255 24 247 255 92 99 255 255 225 255
    255 255 255 255 26 10 255 38 22 36 255 255 23 86 68 255 116 99 248
    254 67 79 109 255 255 1 255 81 23 22 255 50 255 255 174 230 28 5 255
    242 154 113 171 105 15 137 255 255 49 255 237 28 255 255 251 255 154
    242 116 255 255 40 90 255 168 255 255 198 101 167 44 131 129 19 255
    90 255 255 255 151 32 255 255 51 255 255 255 255 255 46 150 255 39
    255 64 255 208 59 255 255 200 196 173 244 137 184 218 140 111 255
    255 255 255 67 255 89 255 255 89 255 255 10 186 255 117 213 54 174
    255 255 249 109 255 87 181 238 255 92 99 128 255 101 153 255 255 255
    255 169 61 113 105 218 68 227 37 104 240 129 60 88 255 255 32 89 84
    128 255 255 229 48 255 208 71 143 255 255 255 227 63 253 255 94 198
    255 255 19 235 180 255 255 108 128 255 239 255 255 45 10 216 113 255
    255 147 255 255 101 255 116 248 208 173 255 255 26 244 215 255 229
    39 113 20 72 255 59 22 116 248 255 255 239 255 255 37 137 49 255 227
    255 97 255 81 87 255 13 173 255 255 255 48 205 255 255 255 221 255
    255 38 234 49 234 227 242 203 169 64 255 239 36 42 255 255 255 24
    255 22 255 197 255 177 152 215 20 253 110 65 212 255 255 231 45 255
    32 38 255 101 255 255 51 255 188 58 57 119 255 236 109 81 101 255
    255 221 255 41 139 58 161 255 193 32 255 179 190 195 255 255 255 131
    79 255 43 255 40 255 51 161 255 236 90 43 255 204 255 255 105 159
    255 255 255 255 226 157 118 255 159 220 255 200 255 255 255 124 241
    255 214 200 255 137 222 255 26 187 7 88 187 255 0 188 188 235 48 148
    255 183 255 38 247 255 255 93 160 255 155 255 212 251 255 255 219
    255 255 219 255 255 150 225 255 46 255 255 183 237 133 255 12 255
    211 227 233 1 208 255 25 255 199 226 255 255 44 123 255 129 255 41
    255 255 255 72 75 255 59 255 214 214 255 253 255 65 212 255 225 255
    198 255 216 38 123 203 41 24 255 42 162 255 248 255 255 255 255 255
    241 255 255 75 255 255 255 87 255 165 235 255 191 135 255 174 255
    188 196 255 154 27 26 255 135 255 186 151 255 229 68 255 92 202 159
    255 138 87 17 128 131 255 40 255 212 101 255 255 233 19 28 125 78
    178 185 255 201 255 255 255 226 46 98 255 212 158 237 31 255 89 232
    255 146 255 205 254 44 8 132 255 255 255 242 81 50 184 255 98 206
    255 255 217 24 123 255 255 255 189 255 5 241 6 241 32 255 240 255
    255 150 255 165 151 255 255 255 49 255 12 255 129 7 255 2 203 255
    111 255 255 94 147 255 255 110 116 15 55 255 148 241 255 255 147 255
    148 82 225 218 214 241 19 254 77 96 255 255 248 240 125 255 255 99
    255 123 255 208 255 255 143 60 255 154 108 255 141 154 255 159 255
    176 49 185 183 255 255 255 255 46 24 255 15 68 255 255 61 178 169 24
    255 12 174 255 255 12 255 255 171 15 255 251 88 219 255 191 255 255
    118 67 65 255 255 255 255 53 78 255 255 255 248 168 255 90 177 196
    255 255 55 98 109 133 255 67 255 255 224 179 176 151 106 255 14 184
    39 255 255 255 255 255 26 89 255 231 255 174 255 116 164 128 206 183
    255 255 34 255 123 97 120 98 106 98 109 255 255 42 255 34 214 255
    255 143 206 255 255 255 43 224 72 195 255 131 11 255 255 255 60 155
    165 146 255 255 124 70 255 255 235 255 200 166 255 255 249 255 19 82
    180 255 255 235 120 195 135 255 255 255 255 222 176 255 229 221 255
    104 255 49 255 255 255 206 60 196 255 146 80 255 206 162 200 255 255
    131 255 185 131 45 255 255 255 11 162 255 226 87 255 74 123 255 86
    255 255 255 5 45 255 255 21 166 140 88 185 255 34 101 65 255 255 201
    188 255 29 255 135 32 135 23 160 216 218 255 255 255 255 227 41 203
    255 255 84 86 146 255 255 210 255 71 255 255 255 229 189 75 155 116
    255 221 41 255 123 15 255 215 255 255 176 78 41 248 10 17 221 255 90
    86 255 255 72 255 116 46 255 141 226 31 255 64 255 199 196 162 255
    11 188 255 74 24 143 170 26 255 40 0 255 255 255 255 89 145 255 16
    255 169 70 109 66 221 255 141 255 224 45 176 68 161 174 255 169 191
    157 255 255 3 240 255 255 23 166 121 133 34 234 255 255 164 255 195
    255 255 234 255 255 114 225 255 200 239 175 143 255 73 95 43 56 12
    135 255 240 77 242 237 255 255 255 29 68 255 147 84 255 198 255 255
    255 255 162 24 144 174 72 141 150 237 122 207 55 255 153 198 171 94
    68 118 112 255 255 245 255 66 90 255 19 68 255 255 82 167 255 206
    230 255 45 255 255 27 255 0 255 198 255 90 255 253 210 255 255 102
    68 208 139 255 255 255 152 62 86 255 66 184 255 64 149 255 244 192
    65 156 255 53 103 252 51 255 68 99 159 255 255 255 185 255 255 204
    255 199 162 255 146 247 255 21 1 61 131 10 255 244 144 123 131 80 99
    255 245 217 255 20 255 98 255 255 248 209 255 178 255 0 163 177 255
    79 82 255 255 255 255 45 255 255 248 255 65 255 255 200 255 183 255
    255 48 181 255 8 38 255 237 255 218 97 218 235 3 63 255 125 184 255
    255 255 118 221 255 26 164 255 19 255 255 255 121 107 255 199 227
    255 172 82 225 19 255 220 146 255 255 187 89 92 255 171 255 255 97
    250 255 17 255 255 255 199 180 255 255 255 255 148 255 224 11 38 31
    227 40 254 255 255 251 255 255 220 255 230 29 255 195 53 210 37 92
    133 255 145 255 26 177 9 255 235 124 194 255 21 211 255 103 255 3
    128 16 255 255 12 255 244 166 212 113 255 49 255 173 255 167 244 255
    184 158 154 206 184 255 255 154 255 255 116 255 203 255 96 255 188
    253 255 255 241 156 249 27 255 57 255 255 255 255 255 255 63 75 86
    49 165 214 67 69 65 255 197 255 184 77 207 255 34 255 147 21 255 255
    255 213 255 227 255 116 255 138 255 255 109 255 88 12 255 169 180
    113 98 57 210 255 55 195 206 143 255 255 255 227 255 255 255 255 255
    65 255 20 130 255 189 0 255 168 255 43 19 244 255 255 246 255 166
    255 255 255 167 122 151 186 250 34 126 114 89 133 255 204 90 73 255
    75 255 247 255 62 218 255 88 44 255 175 196 255 120 255 255 255 37
    225 255 255 255 255 86 255 255 89 7 8 209 61 163 33 162 255 35 255
    11 121 255 235 243 68 235 157 29 214 194 255 255 255 255 231 214 75
    255 138 107 90 255 255 255 53 255 255 252 249 255 209 138 255 255
    255 255 124 142 255 59 188 15 121 102 51 228 67 255 166 70 161 255
    255 255 1 255 113 225 255 116 255 230 255 135 255 6 1 255 255 255 24
    139 222 193 255 91 255 109 229 255 71 158 255 201 255 255 255 255
    188 255 89 255 152 83 255 24 255 43 255 196 201 161 255 142 255 65
    255 17 89 200 255 219 234 255 255 254 255 108 255 255 95 17 255 112
    130 36 255 255 255 106 9 32 233 251 255 35 255 120 34 183 186 82 255
    255 146 255 8 144 237 255 12 255 255 255 255 255 93 255 255 82 121
    255 255 255 236 26 222 255 63 255 144 179 19 251 213 255 242 70 255
    223 222 255 38 215 255 255 255 255 255 176 253 73 255 255 255 210
    164 6 255 255 255 255 26 36 255 255 156 255 186 167 161 217 86 255 7
    68 255 255 141 20 255 186 146 255 255 139 181 41 188 255 255 255 255
    255 222 49 83 255 51 255 164 255 83 228 135 62 116 213 169 255 255
    84 78 255 255 104 246 255 255 143 17 89 70 58 255 15 167 75 255 19
    120 247 255 255 237 255 64 169 255 154 255 225 247 36 255 153 255
    255 3 255 255 162 90 90 255 177 229 23 255 255 159 255 210 60 255
    255 213 205 141 151 255 68 55 126 148 255 255 191 67 255 255 226 255
    34 204 251 235 12 208 240 7 255 150 70 55 161 3 255 255 195 14 255
    255 210 255 255 255 156 83 255 255 255 212 255 42 78 214 218 255 205
    150 186 240 53 92 255 14 51 4 134 61 233 55 255 255 30 213 255 8 255
    255 191 143 255 12 255 77 255 186 255 251 181 255 14 255 255 101 255
    152 255 255 193 255 249 205 90 237 105 241 247 238 195 179 23 249
    206 71 71 255 255 224 85 255 255 162 251 255 255 255 112 255 144 198
    205 49 48 80 255 255 17 255 52 172 58 33 255 255 25 217 4 150 255
    221 158 217 233 255 99 255 254 55 255 0 29 255 26 208 150 166 78 255
    255 55 88 48 255 135 225 201 255 22 169 255 82 63 255 8 164 255 185
    255 255 221 215 255 27 255 195 19 246 253 185 255 255 20 73 255 29
    20 223 187 246 161 60 234 255 150 255 255 255 128 135 123 97 255 255
    255 238 37 255 255 211 111 255 228 174 255 255 255 182 255 255 255
    255 255 255 162 255 246 27 167 255 155 255 220 131 255 163 202 102
    186 239 255 99 1 255 212 255 255 255 87 255 255 131 232 255 174 61
    255 173 133 96 255 255 255 52 255 255 82 255 255 27 255 255 255 246
    223 42 172 220 185 255 255 91 43 144 181 169 255 255 15 255 221 213
    255 97 38 173 22 198 255 255 17 51 255 255 165 27 255 255 255 14 73
    124 255 171 64 255 51 191 255 53 255 255 156 1 10 238 98 255 75 255
    255 84 185 26 255 134 123 255 72 255 9 108 224 251 15 38 60 26 147
    255 255 255 4 119 255 255 173 255 255 11 255 255 243 254 6 255 138
    159 94 0 255 124 7 56 255 255 64 26 220 255 165 255 43 255 215 126
    215 255 255 174 255 255 255 17 255 117 166 255 189 255 255 90 239 92
    136 85 255 3 138 255 87 255 236 255 60 255 14 255 255 255 255 186
    198 255 255 194 255 150 4 177 186 188 5 131 74 255 255 159 56 105 16
    255 182 255 255 188 255 138 255 255 255 255 56 255 255 37 200 255
    254 94 81 121 118 163 55 5 255 12 255 182 255 29 13 105 255 214 255
    255 41 95 123 45 210 255 39 35 41 43 251 255 255 214 140 255 211 116
    0 255 177 255 255 152 255 151 255 131 25 255 255 63 255 208 113 17
    120 135 123 152 57 5 255 219 20 255 37 174 229 52 96 255 60 255 53
    255 89 201 61 249 77 60 61 255 64 255 158 255 255 246 209 135 28 255
    247 144 255 255 216 255 255 255 30 123 24 121 12 66 255 255 255 255
    239 146 14 255 255 14 164 227 255 193 255 255 255 255 255 167 15 109
    255 81 177 249 24 202 164 150 203 82 143 25 48 255 129 255 255 255
    213 255 85 255 255 165 109 216 70 255 90 255 241 255 8 162 13 202
    218 141 198 171 66 85 255 122 60 255 169 44 135 195 159 46 64 147
    255 255 255 255 99 255 210 223 255 255 64 247 255 255 41 254 171 255
    186 186 255 255 255 255 26 60 74 39 71 26 195 49 255 255 255 255 126
    255 255 255 242 5 255 255 71 26 255 233 255 176 219 255 79 188 255
    255 255 72 114 165 237 96 157 60 255 14 90 255 239 255 255 255 142
    255 151 49 255 41 78 255 217 9 255 255 225 154 252 255 255 248 92
    255 196 255 255 255 111 255 241 255 255 3 255 36 128 186 255 184 44
    255 225 61 210 50 255 229 27 203 201 131 255 208 48 205 114 19 255
    154 247 96 255 255 255 128 75 82 111 75 255 255 117 198 41 53 51 152
    255 255 250 70 255 73 255 232 255 131 14 255 25 10 255 255 107 255
    255 247 113 255 99 182 20 255 62 149 255 73 255 78 90 79 113 255 255
    20 255 255 10 255 255 137 255 255 145 195 170 138 255 255 104 255
    125 210 255 26 135 133 5 255 223 255 239 255 255 255 255 247 49 135
    10 255 255 14 220 255 172 255 255 109 116 114 162 255 128 225 255
    255 35 82 255 128 255 255 129 255 128 127 255 255 46 164 205 214 135
    255 255 255 17 79 255 24 61 255 255 29 128 88 255 254 253 98 137 56
    71 255 255 149 255 255 255 255 171 255 241 79 44 255 32 157 255 220
    255 32 255 195 255 68 149 255 208 255 186 246 255 113 163 255 3 214
    121 255 255 14 179 212 255 255 255 255 80 137 106 255 201 200 255 60
    124 150 113 255 255 255 255 255 255 5 255 8 20 20 255 183 90 255 219
    255 255 234 104 30 188 255 154 255 89 255 255 220 255 10 77 255 251
    55 255 255 232 197 113 179 212 29 255 255 255 183 255 255 218 94 8
    218 178 255 72 255 240 255 255 255 43 255 98 102 92 255 255 98 252
    215 255 243 255 99 101 255 19 108 255 28 53 49 255 236 12 255 8 102
    255 33 255 114 229 133 255 255 255 203 110 201 139 198 148 11 97 205
    255 0 230 255 230 58 255 255 217 255 143 255 169 132 130 255 191 234
    58 255 255 56 123 255 255 65 99 180 222 15 77 255 67 255 255 255 203
    249 109 133 78 255 139 135 179 13 255 56 255 255 255 49 255 41 255
    219 255 182 3 255 255 189 255 36 97 255 197 255 244 240 255 255 255
    108 255 143 255 186 41 255 72 180 19 198 169 255 195 197 40 152 47
    44 196 49 255 208 229 3 43 195 33 19 39 0 255 255 255 224 255 132 7
    255 255 90 251 255 255 255 14 255 255 33 27 231 8 191 255 217 255
    255 255 140 195 255 255 255 78 255 122 71 255 21 226 255 206 174 255
    255 80 24 255 60 255 39 154 58 244 255 41 69 125 255 255 71 191 255
    83 87 43 70 255 240 45 131 32 255 184 129 147 5 49 255 24 255 83 255
    135 108 229 195 255 7 255 12 255 205 255 142 255 255 255 255 27 255
    255 255 222 255 155 15 255 255 255 184 245 254 49 101 195 255 45 255
    255 255 255 45 65 135 2 8 166 255 172 255 69 221 255 255 35 150 255
    255 255 255 187 255 255 67 38 255 89 206 255 249 179 152 124 255 220
    255 75 255 244 212 255 85 27 233 255 193 169 131 255 255 255 255 32
    255 255 255 5 227 255 147 9 255 255 181 255 234 20 214 251 255 255
    20 255 255 19 255 6 211 255 255 255 36 255 255 255 255 188 104 255
    243 255 36 255 109 171 154 255 229 56 53 69 255 126 124 202 255 255
    146 10 203 217 255 101 255 255 83 155 255 255 255 65 210 34 198 139
    26 142 255 248 255 238 249 255 255 255 155 255 37 97 255 138 255 255
    255 255 30 95 113 255 16 77 255 147 138 71 255 255 255 192 255 128
    198 15 227 5 60 193 255 27 73 255 176 255 255 27 255 173 20 255 219
    63 169 101 114 92 196 255 9 200 118 240 23 48 184 196 255 255 89 193
    255 255 241 56 248 255 255 209 205 176 255 97 255 67 255 131 34 255
    255 255 255 175 189 152 109 230 255 255 255 96 137 219 184 58 255
    255 255 255 255 250 70 255 255 138 3 255 255 255 84 255 130 75 68
    255 77 255 255 220 255 128 15 170 255 255 99 255 113 255 90 255 14
    255 255 255 255 159 40 255 255 241 82 105 255 213 169 243 235 6 26
    53 255 114 10 255 64 157 116 192 255 255 162 255 6 225 255 96 255
    118 255 255 20 255 211 255 255 3 142 255 31 186 24 255 255 201 209
    19 182 255 125 255 119 255 77 255 130 255 48 118 176 46 255 137 124
    148 255 109 160 201 255 255 255 49 87 233 243 208 255 166 38 255 222
    255 144 102 253 191 106 255 255 16 77 210 140 148 255 98 19 255 194
    43 156 52 255 255 255 55 6 222 138 114 255 255 255 38 255 255 20 255
    255 255 255 255 255 255 129 255 84 255 209 94 255 255 255 129 110
    251 190 255 255 135 222 143 148 255 255 79 214 203 255 169 255 150
    255 169 43 255 255 39 135 109 255 159 121 255 255 90 62 164 227 98
    161 80 36 140 65 255 25 255 28 244 92 255 45 164 99 82 143 255 15 82
    255 35 255 64 192 15 129 255 176 255 255 188 255 75 82 255 95 255
    178 16 128 255 255 140 255 179 255 255 255 157 114 255 255 28 116 32
    128 162 255 188 64 63 114 255 200 255 15 255 173 48 255 143 243 193
    255 144 94 255 217 255 158 139 229 255 97 12 64 165 113 0 255 159
    255 170 255 2 31 255 255 255 205 229 187 255 255 226 255 4 91 56 255
    104 7 62 189 123 229 188 181 255 18 145 39 5 255 165 52 255 235 25
    237 92 255 255 17 59 255 255 151 22 206 75 118 235 16 49 114 255 255
    255 16 14 193 7 10 99 67 210 229 188 61 255 255 255 221 33 255 255
    50 157 19 255 255 255 243 255 41 136 205 56 72 210 255 136 195 231
    70 203 152 70 255 255 187 255 255 26 179 255 224 255 205 255 255 34
    72 224 255 199 255 255 215 242 124 255 143 255 33 200 203 68 255 255
    71 255 109 255 255 229 7 227 255 255 242 255 255 255 188 85 255 255
    255 22 255 37 255 255 255 92 255 162 255 255 106 255 255 98 255 255
    255 255 255 255 114 24 14 157 253 236 213 214 71 224 235 255 155 159
    161 255 235 237 206 255 233 94 255 170 255 255 192 106 88 131 107
    255 16 255 255 255 138 19 154 255 163 255 255 255 106 255 255 255
    255 96 127 82 255 196 143 255 16 230 220 46 213 255 85 114 255 33
    255 255 85 255 255 187 232 94 255 255 41 5 255 255 255 60 2 192 255
    255 119 255 229 255 255 47 255 255 255 240 255 38 131 255 62 55 150
    255 106 255 128 94 255 13 255 255 255 60 255 124 26 255 255 252 155
    191 135 58 68 131 255 255 114 212 255 248 195 255 255 179 195 247
    104 255 255 38 255 174 255 255 255 61 64 249 255 103 112 255 255 255
    114 116 232 116 233 143 255 255 217 255 165 206 255 255 76 255 255
    255 255 255 132 255 242 255 137 255 228 255 255 199 218 255 46 177
    255 31 255 135 192 75 255 64 255 255 221 255 255 60 255 114 169 255
    255 147 255 163 254 255 210 131 179 255 1 235 225 255 255 11 74 53 4
    255 73 255 68 255 124 204 255 180 222 255 255 176 22 235 63 255 173
    255 123 203 105 121 255 239 239 24 104 184 71 11 9 128 78 220 255
    255 255 255 44 241 171 10 255 235 154 89 86 166 70 220 255 213 21
    155 255 133 255 85 255 157 162 231 117 17 220 48 255 255 128 255 116
    67 87 129 86 51 71 217 234 129 255 255 255 10 255 255 64 255 255 85
    72 255 121 255 255 64 255 255 206 3 255 255 255 225 255 157 255 255
    255 131 255 147 122 150 255 255 106 255 43 255 255 255 134 255 64
    255 255 156 76 239 0 180 162 255 132 193 255 255 51 96 255 255 11
    143 255 19 214 48 38 199 152 195 255 255 255 50 255 240 139 255 139
    112 162 69 38 255 114 44 255 126 90 206 255 244 27 148 255 5 47 158
    164 41 204 121 227 255 255 255 11 255 135 176 58 255 239 255 255 151
    49 255 255 255 255 255 255 255 255 255 23 70 255 255 22 255 255 120
    255 255 204 169 51 255 58 45 222 68 135 229 255 150 18 208 255 55
    255 0 184 171 255 86 255 255 255 97 235 255 255 255 255 10 255 255
    255 64 172 166 201 38 32 135 203 255 255 78 255 98 29 255 4 34 99
    212 217 210 73 255 235 255 95 78 141 70 255 255 236 255 229 248 218
    255 75 82 178 247 255 19 255 255 255 176 133 255 255 72 47 255 255
    255 255 255 156 99 241 163 125 183 144 44 118 154 29 34 120 255 255
    114 75 145 195 80 97 101 224 67 210 255 7 255 226 255 255 131 255
    255 102 255 126 52 254 135 53 48 255 147 164 255 255 255 191 255 255
    128 218 92 19 110 255 255 164 255 135 189 68 184 155 48 141 116 147
    255 60 82 191 255 255 255 255 10 255 232 133 255 255 239 255 45 200
    255 191 174 255 75 61 43 55 171 229 255 148 94 255 247 158 112 140
    39 247 255 51 255 145 88 99 206 255 252 241 255 135 234 255 101 255
    255 255 255 36 110 230 255 125 189 2 244 188 64 255 255 255 207 255
    79 99 218 116 157 198 107 217 53 255 64 255 255 255 224 122 159 114
    255 109 255 255 116 255 191 50 206 255 27 255 255 199 255 73 150 162
    84 255 255 201 70 160 255 61 242 30 199 255 244 64 241 223 27 36 255
    206 255 255 255 65 154 59 99 255 57 255 255 255 135 255 79 255 53 3
    255 220 255 255 255 255 171 233 202 78 255 113 191 255 255 255 255
    225 235 255 142 101 180 154 255 255 255 255 188 247 70 255 255 255
    191 38 19 113 255 7 205 70 255 41 162 101 214 23 44 255 255 255 231
    255 255 255 196 147 255 161 5 107 35 255 216 168 19 120 255 135 182
    132 255 56 172 106 255 53 255 255 82 255 255 75 255 255 140 255 150
    42 101 24 153 119 38 136 166 255 147 255 255 27 10 205 116 246 255
    168 125 231 42 255 255 255 196 186 255 218 34 249 53 154 255 80 223
    157 227 2 255 255 255 189 255 8 71 255 255 98 102 255 158 255 255 44
    255 255 124 255 255 86 87 255 50 255 255 255 44 103 255 67 255 245
    51 94 195 99 28 67 237 255 11 255 255 33 255 235 150 119 45 255 17
    32 89 213 255 252 61 255 204 193 167 191 65 255 229 82 255 255 123
    13 233 255 129 44 255 109 255 111 38 213 255 139 19 119 255 255 241
    32 37 203 240 95 196 255 255 255 255 31 208 255 240 213 90 26 255
    255 255 255 180 60 229 156 213 205 255 236 181 255 255 116 231 135
    255 208 91 255 255 42 255 56 236 222 41 255 152 255 255 217 255 255
    123 15 217 255 32 61 140 255 255 255 15 255 160 255 75 244 68 255
    255 178 4 222 255 138 113 255 255 160 51 255 255 255 251 138 255 93
    121 9 241 14 28 83 84 66 218 255 255 1 58 255 255 77 135 241 255 233
    255 224 255 10 254 255 230 255 13 56 255 255 255 255 88 117 255 39
    255 255 208 255 26 255 124 241 180 255 61</data></my_img>
<your_img type_id="opencv-matrix">
  <rows>100</rows>
  <cols>100</cols>
  <dt>"3u"</dt>
  <data>
    38 255 254 75 255 255 234 255 255 173 0 255 255 255 238 218 255 128
    255 226 56 20 255 190 210 46 178 141 255 255 234 26 255 255 127 255
    255 255 255 216 255 242 255 255 255 60 255 158 153 255 255 212 107
    255 255 18 228 255 133 78 255 255 204 255 54 122 89 220 255 181 191
    255 165 255 255 135 255 182 255 255 192 255 6 104 254 255 182 234
    255 52 255 197 255 255 101 255 255 255 236 255 255 255 255 255 60 64
    255 255 255 255 158 14 30 64 255 58 206 71 255 128 127 115 255 236
    255 36 165 54 255 255 255 255 129 255 255 254 255 98 255 255 255 197
    255 226 6 255 255 255 139 255 101 240 144 255 255 255 255 255 250 73
    131 42 255 139 255 187 255 166 255 255 96 255 42 94 46 20 255 123
    255 255 139 175 255 255 255 136 255 248 78 255 2 168 255 189 142 255
    255 180 123 75 196 6 52 214 255 255 255 79 255 255 115 255 34 143
    123 255 255 155 255 16 255 250 255 139 2 34 255 108 255 255 150 255
    0 54 255 255 248 255 255 255 58 60 255 255 73 66 255 107 180 242 255
    114 255 255 96 255 165 255 255 255 216 255 195 72 64 218 255 255 173
    96 255 255 76 127 105 244 255 191 188 255 255 144 0 171 255 255 255
    255 255 255 60 255 255 255 189 230 54 12 255 255 255 24 255 68 187
    255 48 255 255 111 255 255 153 95 255 255 255 255 66 255 255 2 255
    214 2 255 255 255 255 126 99 255 196 201 255 254 255 179 255 228 255
    100 2 255 255 115 113 118 255 255 40 255 255 154 131 60 255 218 255
    255 161 255 130 2 255 255 255 236 32 226 30 240 117 252 255 255 26
    244 238 149 255 255 255 255 255 8 255 26 147 255 81 255 255 203 32
    255 230 181 148 62 255 116 187 214 255 183 255 255 255 255 255 255
    255 226 255 131 216 255 255 202 159 255 168 255 255 88 255 255 152
    141 255 130 2 255 10 56 255 70 42 255 64 42 68 170 255 24 204 171 60
    122 149 105 255 121 255 255 255 240 255 60 79 10 255 145 255 69 147
    255 255 255 28 255 175 188 255 255 94 255 234 162 163 255 255 42 171
    248 165 255 255 255 199 255 131 255 255 50 255 255 255 255 172 255
    255 255 189 129 82 255 255 255 121 255 250 255 255 255 216 255 255
    255 255 28 255 255 255 255 255 255 255 12 255 255 255 88 255 255 198
    255 255 134 44 22 255 32 70 162 236 181 255 68 255 255 153 216 156
    255 255 255 255 115 255 255 255 70 115 255 120 255 4 255 255 143 72
    161 255 255 255 73 208 255 255 236 255 139 112 54 252 255 255 255 60
    242 127 255 244 255 255 195 255 2 137 4 98 255 16 255 255 167 152
    191 255 255 255 135 255 255 79 255 119 255 202 187 255 220 255 255
    182 147 167 255 255 32 255 145 255 255 255 129 6 255 42 255 255 255
    255 143 255 12 85 255 84 163 255 255 145 255 255 255 255 255 226 255
    184 255 255 255 255 133 158 255 6 26 255 255 255 137 189 144 216 255
    255 40 185 255 255 255 242 6 255 255 210 224 18 255 255 255 69 255
    132 255 255 166 255 255 255 14 18 255 255 255 214 191 89 22 255 218
    255 129 0 84 255 255 255 255 70 250 60 24 255 255 255 255 62 177 18
    255 255 255 155 181 255 2 255 26 255 151 90 255 255 58 255 52 26 240
    255 224 255 109 234 48 135 255 85 255 36 255 255 255 117 255 255 255
    255 136 255 101 2 139 151 255 121 255 255 255 32 50 255 255 148 187
    159 104 255 255 255 255 222 255 255 36 255 255 6 204 165 255 255 255
    220 255 68 236 154 255 75 178 113 255 174 95 255 232 255 187 192 255
    255 248 255 91 54 255 44 255 255 255 86 75 70 255 10 255 255 255 14
    255 255 255 255 40 209 255 255 255 156 149 255 255 30 255 132 93 48
    178 66 62 238 143 250 238 105 255 218 255 255 30 255 40 255 255 234
    216 181 255 255 255 161 255 133 103 255 129 255 255 199 255 255 173
    123 148 255 141 255 101 255 255 26 255 26 255 255 32 255 255 255 255
    187 255 157 255 142 255 255 108 93 24 255 255 218 56 2 101 255 255
    255 255 171 119 255 255 255 255 255 255 18 20 255 255 255 255 158 60
    255 255 255 255 204 218 255 50 0 242 255 255 60 255 255 54 255 255
    149 254 109 6 46 113 255 92 60 255 142 234 0 255 214 255 22 117 99
    255 145 255 255 255 255 255 117 147 255 255 119 82 255 58 112 20 173
    255 87 216 0 255 115 22 232 230 24 238 36 255 103 255 14 141 255 106
    12 255 180 255 50 255 255 143 255 255 143 255 240 4 255 255 255 255
    54 255 250 44 232 16 255 77 255 26 255 172 255 79 250 141 83 244 255
    255 255 255 113 255 255 131 182 255 48 70 255 81 255 255 191 200 255
    255 255 255 255 255 255 71 255 255 68 104 255 255 255 255 195 72 255
    8 255 18 255 84 161 216 174 125 255 255 75 255 50 255 77 178 99 250
    255 224 10 255 255 255 255 255 255 255 255 38 234 255 107 255 255 4
    236 255 255 255 255 255 255 85 255 132 255 255 255 199 255 255 101
    255 255 145 255 192 230 101 248 255 135 255 255 2 255 255 255 2 255
    113 122 255 255 255 255 10 255 255 255 255 54 193 28 255 83 255 151
    255 255 193 127 255 62 228 246 255 255 255 255 255 100 145 255 246
    255 151 255 255 201 224 255 255 102 255 255 255 255 12 255 255 255
    244 255 255 255 255 255 192 255 255 80 255 255 255 255 246 132 255
    189 240 255 169 255 161 255 255 255 73 255 141 40 255 255 255 46 242
    255 255 255 255 255 183 137 255 214 50 148 255 38 126 255 123 255
    255 255 255 255 228 255 255 255 255 119 87 206 71 60 196 255 16 255
    201 255 255 255 246 186 234 255 255 255 137 255 255 185 255 255 255
    255 255 71 255 255 255 168 255 255 255 255 255 210 255 255 255 255
    255 16 255 255 255 255 187 44 255 71 255 20 143 255 22 125 254 255
    255 255 246 189 54 255 187 114 177 30 255 125 0 255 255 255 255 255
    255 158 56 70 246 255 38 255 255 214 255 255 185 52 2 70 174 185 68
    50 255 12 255 255 71 212 208 255 255 149 255 174 255 22 255 40 255
    102 232 56 4 255 153 50 42 32 255 255 71 82 255 255 32 255 177 255
    181 16 255 151 255 80 255 93 255 255 255 212 255 236 96 149 255 196
    255 255 255 50 8 255 255 255 164 255 91 198 12 255 255 135 255 0 232
    129 255 8 255 255 111 255 60 255 255 76 255 255 170 255 255 186 177
    255 255 71 129 255 141 255 255 255 255 255 228 255 160 111 222 255
    255 255 255 255 255 255 255 255 6 255 129 214 6 201 255 255 24 232
    255 255 74 52 193 255 255 255 0 255 255 164 255 48 24 255 175 128 42
    203 255 255 226 255 242 79 255 255 20 255 208 255 255 46 255 255 193
    81 255 123 255 12 75 255 14 255 197 255 87 75 255 255 255 34 66 157
    255 185 119 132 255 113 222 214 255 140 255 38 86 255 143 255 42 255
    255 255 234 255 58 85 240 169 151 80 255 71 192 255 218 10 222 212
    134 77 255 255 4 255 84 255 153 178 255 255 255 167 255 188 248 28
    56 127 26 196 66 189 128 255 255 255 255 255 48 22 255 88 255 85 255
    105 255 154 220 255 255 4 175 0 255 73 255 187 255 255 255 255 186
    111 14 255 255 179 255 255 255 255 255 193 56 255 46 216 255 255 255
    177 197 255 197 16 192 228 203 194 236 255 194 255 157 255 255 255
    228 117 255 8 255 255 255 91 255 50 87 255 94 255 255 255 255 255
    194 255 10 255 255 143 255 83 24 255 206 254 255 93 236 255 255 255
    255 26 255 255 234 255 38 255 250 24 255 255 114 79 71 94 147 195
    162 255 255 78 58 107 90 255 255 68 255 255 254 255 147 255 255 220
    255 255 0 255 208 255 255 210 255 156 255 250 88 255 36 255 255 193
    222 135 255 134 255 117 255 255 161 255 255 40 255 255 34 255 66 189
    166 255 4 255 103 141 234 0 40 16 40 255 255 255 137 255 208 255 50
    12 236 222 163 255 178 255 255 220 255 255 136 131 255 84 93 255 170
    201 14 180 255 175 255 205 255 255 255 255 94 16 255 164 255 255 222
    255 159 255 242 255 16 255 255 186 255 255 234 32 183 76 255 30 32
    205 255 255 255 255 255 14 255 230 191 255 158 205 93 255 255 183
    112 255 220 255 255 105 255 255 177 228 203 234 255 255 117 255 255
    230 255 131 232 190 255 255 255 139 255 182 206 205 58 255 205 186
    255 255 255 159 255 202 255 255 236 255 119 255 255 255 255 255 255
    112 255 255 120 133 255 88 185 255 255 255 46 176 14 46 255 48 71
    140 255 255 255 183 117 255 50 40 88 255 234 138 255 255 255 255 157
    224 149 129 255 255 93 220 83 56 202 255 255 255 12 141 72 77 255
    255 255 248 44 66 101 154 255 207 82 255 255 112 34 141 255 157 255
    204 255 175 98 255 205 214 210 255 114 255 255 20 18 64 255 141 62
    255 54 255 32 218 165 255 115 244 164 255 255 255 255 252 2 255 255
    255 255 240 255 255 255 254 8 255 78 255 255 204 255 255 104 255 255
    255 195 255 255 255 209 255 255 109 255 54 81 255 255 56 255 255 97
    255 218 75 204 255 255 255 26 255 255 255 230 255 255 255 118 252
    255 28 34 131 60 255 187 255 214 255 255 216 111 142 18 255 242 255
    255 254 255 224 238 255 255 255 255 255 255 255 20 68 255 36 255 62
    230 255 18 125 28 230 255 20 85 40 255 255 255 255 99 255 2 255 135
    255 255 75 255 255 255 255 255 255 88 137 10 255 255 255 255 255 189
    222 255 147 82 255 32 255 173 255 255 224 97 140 255 255 255 220 255
    62 255 175 255 155 255 255 255 255 32 169 83 210 242 255 255 228 139
    255 255 255 4 75 255 126 68 99 174 48 197 250 255 93 158 255 255 92
    149 165 134 73 255 255 255 255 252 255 199 255 255 255 40 151 255 80
    255 248 158 38 255 10 255 147 255 255 255 200 193 255 80 255 216 255
    107 255 255 255 255 46 255 255 255 109 123 12 255 131 136 255 203 54
    255 255 136 165 50 255 252 48 238 205 56 208 255 255 82 255 255 255
    58 195 108 255 83 42 20 255 255 255 255 255 199 0 255 79 255 228 2
    56 222 242 255 178 255 22 255 255 255 255 36 24 255 129 224 98 212
    255 100 255 24 255 177 255 168 255 255 255 250 255 255 255 255 255
    255 255 254 24 255 255 181 77 255 185 255 152 255 255 178 255 34 255
    255 255 42 255 255 176 255 163 196 255 255 255 179 248 180 255 255
    60 222 232 52 255 20 255 255 255 255 208 187 154 255 143 255 255 255
    0 64 62 58 255 79 255 255 54 255 64 255 52 255 137 255 145 70 142
    149 255 232 195 255 104 240 255 255 255 255 255 255 161 255 255 60
    46 255 255 222 187 117 116 255 255 198 255 54 255 255 230 102 255 71
    255 255 255 96 169 255 255 185 255 206 255 209 255 255 255 186 218
    255 255 255 201 182 255 255 136 42 255 255 255 255 255 234 220 255
    255 153 255 255 255 132 255 30 122 187 193 2 255 199 210 26 60 126
    121 255 255 246 95 114 0 129 255 203 255 255 255 71 170 75 210 255
    255 183 255 255 91 62 58 255 198 0 77 216 255 73 92 255 60 180 147 0
    116 255 52 255 255 255 255 62 255 255 203 250 255 228 255 255 121
    214 78 255 191 255 50 163 255 64 255 255 255 255 255 14 240 255 255
    199 60 255 189 156 30 255 182 214 255 88 197 32 212 69 255 255 232
    255 178 255 255 178 250 185 255 255 216 255 230 26 30 255 24 255 60
    255 226 255 255 96 255 255 255 255 255 255 60 255 230 255 218 78 255
    6 255 255 255 106 255 22 255 66 224 255 135 255 156 255 22 230 105
    255 255 183 97 255 0 95 70 77 91 76 255 255 50 30 89 255 255 255 240
    255 255 236 28 4 96 193 101 255 216 255 202 255 255 255 255 52 230
    255 228 255 22 255 134 52 52 255 255 255 255 199 255 82 183 255 122
    255 255 255 255 255 86 220 169 108 255 240 166 36 191 226 234 145
    224 255 255 255 255 255 196 230 255 255 255 255 255 255 151 180 195
    255 255 246 255 194 255 210 14 111 255 174 255 255 255 58 4 36 255
    157 255 255 255 244 255 209 255 255 255 86 199 255 255 255 183 10
    228 163 255 255 255 255 255 255 255 220 255 92 255 40 255 255 185 58
    255 255 255 36 255 78 238 255 255 255 255 255 22 137 240 240 66 224
    28 255 255 255 255 94 255 64 14 244 195 130 255 255 30 255 28 255
    255 255 255 255 255 255 255 255 255 206 255 255 60 68 255 255 95 255
    255 129 255 255 255 255 40 85 255 255 255 255 145 220 255 220 255 50
    32 83 255 255 175 255 212 193 255 123 171 156 149 255 98 175 56 4 73
    216 162 255 255 255 255 87 136 75 58 255 117 22 255 255 255 255 255
    135 255 255 255 96 123 224 126 255 255 166 255 255 130 255 139 68
    255 169 255 255 99 82 54 133 62 206 255 248 255 255 255 224 255 255
    255 121 74 255 255 38 255 255 86 56 255 255 159 4 255 255 56 90 46
    101 255 230 255 255 255 255 208 255 183 230 87 133 204 255 255 24
    255 255 255 255 255 148 141 220 255 93 255 255 255 255 28 64 216 208
    206 91 12 255 189 255 22 255 255 75 255 255 141 255 255 255 20 60
    255 38 255 255 212 255 255 16 255 189 179 255 255 238 255 177 119
    255 224 30 255 30 238 152 50 189 255 193 246 255 199 255 255 199 240
    50 232 255 184 224 255 255 195 181 255 175 71 255 255 255 255 113
    252 255 255 212 212 255 255 255 255 95 255 255 255 255 255 93 92 255
    64 86 255 149 54 255 125 255 30 255 255 52 255 170 255 255 40 147
    255 112 177 255 148 255 255 255 255 255 255 255 255 232 255 255 44
    81 255 255 255 244 18 255 255 136 169 189 106 255 255 94 255 255 196
    6 255 255 199 255 255 95 255 166 161 147 255 255 54 255 255 62 255
    255 255 84 255 232 152 255 248 250 255 60 206 208 135 94 113 234 216
    69 232 255 255 255 252 240 255 255 16 255 255 203 248 255 255 246
    255 255 255 255 50 255 100 255 60 96 255 81 20 255 149 252 206 207
    255 226 28 255 107 234 255 250 255 146 210 255 255 50 85 255 255 131
    144 255 255 246 255 255 224 155 255 238 101 255 32 255 255 255 255
    121 168 255 255 16 255 139 120 255 255 255 255 101 255 97 244 40 255
    175 194 32 24 206 255 255 255 12 255 255 255 255 60 155 255 255 167
    255 255 119 255 255 208 255 42 255 242 255 255 103 255 255 255 255
    255 255 255 255 123 255 4 89 255 255 255 255 62 75 148 255 255 56
    255 255 255 107 60 2 75 179 136 252 226 255 255 205 255 226 255 255
    255 199 216 255 255 120 255 255 64 12 255 0 191 255 26 242 26 64 159
    141 255 255 40 255 255 255 6 255 169 208 199 167 18 187 255 255 255
    161 255 255 255 255 155 255 255 145 216 255 123 255 255 255 209 242
    255 255 104 255 99 198 157 255 255 212 255 128 255 255 42 255 255 10
    255 255 255 255 12 72 255 255 255 10 255 255 255 107 16 85 255 255
    62 175 176 222 83 196 42 58 110 242 38 255 255 255 255 255 255 176
    117 38 255 50 10 252 165 255 255 107 42 142 189 85 255 151 179 255
    255 115 40 255 255 104 101 91 64 34 125 255 14 46 255 189 255 86 79
    89 192 255 255 16 255 75 102 131 121 100 210 255 255 250 255 252 255
    255 244 255 99 222 54 199 214 232 199 130 195 167 255 169 255 255
    255 255 248 255 105 180 101 255 255 246 255 255 255 255 255 58 179
    146 255 139 255 68 181 134 255 255 116 255 255 255 113 153 255 255
    32 255 103 123 46 30 133 255 255 255 222 131 12 255 139 149 255 255
    255 255 255 255 118 238 255 255 12 255 255 38 255 255 216 255 204
    255 255 68 203 113 255 255 36 255 255 255 255 111 255 64 197 149 255
    255 255 255 16 255 255 255 195 255 123 143 255 179 255 255 191 255
    255 254 255 255 255 255 255 32 244 255 255 255 255 255 255 255 206
    99 255 255 12 150 30 255 170 255 226 108 238 218 255 255 255 226 62
    12 242 255 246 170 255 255 255 255 255 255 66 125 255 205 46 178 85
    32 190 255 255 255 255 255 212 195 255 250 255 147 42 10 62 110 255
    0 255 12 255 255 255 133 176 151 255 10 255 255 160 255 255 196 151
    52 255 255 139 84 255 255 255 30 255 255 238 250 255 208 255 138 159
    28 138 255 255 255 255 131 255 255 255 4 34 255 255 255 195 255 255
    115 255 255 155 202 255 255 184 255 255 255 255 255 255 255 255 255
    255 255 255 153 255 204 255 255 68 230 135 255 255 210 208 89 70 255
    255 42 22 48 255 214 165 147 255 255 255 68 216 183 166 205 197 255
    151 255 255 42 255 36 255 201 118 203 255 255 255 81 255 48 183 255
    255 255 28 255 246 222 165 70 52 230 255 255 109 83 12 113 26 228
    255 105 255 255 255 206 255 255 255 252 255 255 255 255 94 177 255 4
    218 87 212 255 255 40 48 165 246 77 60 255 28 6 150 12 197 255 255
    83 255 238 18 255 255 255 86 255 159 6 20 183 255 255 255 255 87 255
    236 187 255 255 50 159 26 255 255 180 16 2 186 255 255 120 81 255
    110 240 255 64 255 255 246 16 155 255 173 149 240 255 255 178 199
    255 255 216 255 255 242 255 255 255 255 255 255 52 255 255 222 28
    255 255 104 79 113 255 107 139 255 255 44 255 255 236 255 255 147
    255 255 255 98 228 255 255 79 255 255 42 255 76 255 255 255 255 210
    180 255 68 255 52 255 204 255 255 198 255 255 98 255 70 255 38 255
    255 183 22 255 255 83 255 255 163 255 191 255 255 111 105 255 255 30
    86 129 255 255 81 255 204 50 255 234 255 79 142 179 255 255 255 255
    42 161 125 30 171 255 255 14 199 152 255 36 140 93 255 232 255 183
    180 255 228 166 255 255 126 255 236 255 16 255 255 10 50 60 255 255
    238 255 224 130 222 95 204 255 163 255 255 109 4 255 66 18 228 255
    28 24 95 70 255 205 255 165 255 255 103 255 74 240 255 255 127 77 82
    255 255 42 255 255 74 255 255 16 89 30 30 234 255 255 20 255 255 109
    48 255 255 56 255 129 255 255 255 255 255 109 250 200 255 255 124
    230 50 255 255 255 255 77 183 66 103 255 255 255 179 94 255 255 255
    66 121 116 255 139 192 4 255 24 212 255 94 62 222 238 79 255 255 34
    255 255 87 70 255 131 255 255 255 255 156 250 105 236 255 255 106
    255 255 255 255 255 255 0 255 255 255 147 255 255 255 210 255 255 40
    171 255 222 193 255 255 4 255 255 191 255 255 255 255 255 177 252
    255 255 207 216 255 113 255 34 109 84 56 255 255 255 4 255 255 111
    180 208 255 98 255 22 255 255 212 255 255 255 255 66 6 170 255 127
    64 167 224 255 66 255 202 139 34 44 255 89 220 255 103 132 255 255
    255 111 111 255 75 255 255 36 255 255 255 255 255 255 255 122 255
    255 255 255 125 255 121 255 48 32 103 40 8 255 255 255 191 36 255 75
    255 107 189 255 125 255 255 255 255 236 169 34 160 248 255 255 255
    255 255 255 255 46 255 209 18 255 236 162 255 255 255 255 255 255
    255 255 255 255 10 255 30 255 254 255 197 255 255 50 255 230 255 206
    232 248 236 167 30 255 246 255 255 60 255 216 255 121 52 155 255 234
    255 255 238 97 18 26 255 12 255 77 254 255 113 255 255 255 103 255
    255 255 62 255 201 255 187 103 242 30 255 255 255 125 204 68 255 4
    255 255 255 18 255 210 255 246 255 218 255 168 255 255 176 255 79 58
    197 255 255 8 199 255 255 135 255 255 255 255 50 222 255 79 169 134
    255 147 50 255 115 255 115 189 196 255 207 202 131 255 255 95 255
    255 255 42 46 255 157 255 255 30 148 99 24 96 238 109 138 255 255
    144 141 4 255 255 121 192 38 255 255 255 255 255 66 255 255 255 255
    255 79 181 255 255 44 52 255 201 90 113 255 255 195 240 182 161 99
    255 255 52 255 40 255 238 175 103 50 89 44 255 73 48 112 255 165 44
    212 226 255 149 125 255 113 97 160 255 255 255 68 255 80 255 255 255
    255 18 255 255 255 255 87 131 198 255 135 255 255 255 255 255 24 255
    234 97 255 66 189 255 44 109 128 234 255 255 97 255 188 255 255 94
    255 58 166 255 255 255 255 34 102 255 255 188 56 183 68 111 139 196
    255 255 70 48 191 255 255 255 255 115 255 38 179 123 30 175 255 255
    255 255 236 255 151 255 159 255 58 216 255 112 26 187 255 89 255 255
    107 255 255 255 79 52 255 189 216 255 255 255 44 255 255 246 255 255
    169 255 255 222 117 255 50 255 92 255 255 100 255 133 220 113 111
    255 99 242 42 143 255 255 255 185 90 2 255 188 255 216 54 34 255 30
    181 79 236 48 141 126 255 255 208 228 255 50 103 255 16 255 255 28
    252 255 255 93 255 255 171 81 10 255 255 255 255 135 90 255 255 40
    69 169 255 255 255 254 125 36 18 87 255 255 255 117 255 226 197 255
    20 255 255 255 18 230 255 255 24 139 255 72 255 62 255 255 135 255
    153 159 255 252 32 255 255 255 255 255 236 170 255 255 255 255 179
    14 255 40 255 255 224 255 255 234 255 255 255 136 255 255 255 44 40
    255 255 255 255 32 0 114 255 255 255 255 161 255 255 48 90 255 255
    255 255 255 160 255 255 236 255 255 252 62 255 160 183 255 10 60 42
    255 255 255 255 255 255 255 28 255 58 255 123 255 255 255 64 189 255
    255 255 42 255 183 89 30 255 255 184 255 218 255 255 165 255 255 205
    255 4 255 255 77 255 162 38 97 255 255 255 255 255 255 98 40 255 255
    171 153 116 255 255 255 255 143 255 26 255 255 255 4 160 255 255 56
    64 24 252 255 228 255 66 255 255 165 255 232 244 255 255 255 185 255
    75 157 62 255 177 255 255 255 255 255 250 6 0 38 58 255 255 174 255
    85 236 177 255 172 208 179 255 255 18 255 255 16 178 165 255 190 255
    210 114 255 255 44 216 191 222 81 107 255 238 50 255 255 10 255 255
    255 255 159 111 218 255 105 114 145 255 255 159 71 108 255 255 255
    197 191 255 103 255 255 244 169 192 255 201 255 73 255 92 255 255
    255 255 255 2 228 255 255 255 44 255 255 255 255 255 255 255 255 255
    255 255 255 255 255 255 255 248 255 255 255 24 246 255 119 255 179
    155 138 255 85 104 255 255 188 255 68 255 255 255 255 179 255 255
    167 255 255 255 255 114 255 255 246 165 255 255 255 62 255 183 193
    255 255 234 255 2 143 255 255 255 34 255 115 232 255 185 255 255 113
    255 255 40 255 255 255 198 22 255 255 169 255 255 38 255 255 255 24
    110 77 214 210 69 153 102 255 255 216 255 179 138 34 191 120 255 255
    174 255 255 255 255 255 86 238 44 255 71 255 255 255 62 255 133 246
    124 89 255 152 255 255 32 255 255 144 12 145 255 4 255 14 208 255
    255 16 255 255 248 218 80 191 255 255 255 255 255 255 151 238 255
    255 70 255 255 255 125 50 70 187 255 255 255 32 255 10 117 36 252
    255 255 255 73 46 255 255 148 255 105 255 255 255 255 255 255 244
    240 255 255 89 91 238 255 210 255 18 255 255 255 255 14 121 255 114
    255 252 148 240 255 255 101 255 255 177 121 138 32 97 255 255 255
    255 255 255 128 255 125 255 255 250 255 255 222 255 171 255 255 255
    64 26 44 0 128 66 119 224 255 218 20 255 93 136 255 250 255 255 255
    130 255 105 222 255 255 255 255 177 74 240 30 168 151 255 255 133
    255 56 20 187 208 255 255 255 255 255 48 62 28 255 255 205 255 181
    255 232 255 255 10 179 44 130 255 255 255 255 34 255 255 115 255 255
    105 218 255 199 208 16 255 122 255 151 10 103 255 192 18 242 142 255
    216 255 48 255 255 255 255 255 183 255 146 4 71 176 137 255 255 206
    255 255 255 255 122 73 232 255 255 6 182 255 255 204 255 255 255 255
    255 255 255 255 34 255 171 232 255 216 226 216 147 216 255 236 118
    255 46 255 250 222 250 255 113 255 255 255 255 109 173 126 255 28 4
    203 255 255 115 255 166 255 255 255 255 255 102 255 255 152 255 255
    255 255 193 255 255 255 255 255 8 255 107 101 255 255 125 26 232 255
    255 255 255 255 255 238 255 18 255 118 255 238 255 255 127 255 255
    255 216 255 255 255 255 255 160 255 255 0 222 255 140 255 255 255 89
    209 246 169 255 8 255 115 255 163 255 138 255 255 255 212 147 62 255
    255 255 255 129 255 115 240 255 255 189 255 173 255 70 222 125 255
    255 149 255 255 255 128 123 40 114 255 255 255 255 255 255 8 38 255
    255 255 255 44 159 44 77 255 158 255 44 255 85 255 246 255 183 74
    255 255 255 99 177 255 91 179 50 32 255 70 113 255 220 149 113 90
    167 255 46 255 255 255 255 248 210 255 218 30 181 255 4 255 255 255
    255 255 255 255 255 134 185 255 56 73 255 80 254 255 255 52 171 190
    159 255 30 255 93 84 151 179 255 107 255 255 177 181 255 117 255 255
    115 147 255 255 255 118 255 189 255 60 255 152 255 185 255 113 159
    255 255 52 232 135 255 255 153 145 255 26 255 255 183 167 255 22 77
    58 255 44 138 44 121 112 255 255 255 115 255 255 255 165 188 255 255
    255 177 135 255 255 255 248 255 255 255 89 254 184 69 255 28 197 255
    255 159 159 30 205 255 90 20 62 255 22 255 158 255 121 118 109 255
    60 145 255 255 255 10 255 77 255 255 75 6 110 18 201 40 254 95 52
    218 255 164 28 224 255 75 62 144 255 255 255 143 255 255 255 255 255
    167 137 190 255 242 255 197 93 58 255 66 255 255 255 255 20 77 172
    255 42 84 255 38 255 101 137 194 46 255 255 203 255 255 40 255 240
    238 255 150 107 255 74 255 255 255 163 81 255 255 209 255 52 167 126
    36 255 255 255 255 255 255 255 255 255 127 255 255 18 172 161 255
    255 113 255 255 255 255 36 91 255 154 208 255 30 255 255 255 255 87
    232 255 173 255 255 20 86 255 255 220 8 255 4 169 255 142 137 145 76
    143 255 255 185 255 255 255 210 200 255 191 112 255 255 218 255 255
    182 255 255 198 101 8 190 77 255 255 255 50 255 244 255 192 255 30
    255 255 255 28 169 255 160 22 255 255 255 169 94 185 255 255 131 70
    255 153 123 255 26 255 255 113 40 84 255 4 242 255 255 255 210 255
    255 236 255 255 255 255 255 255 46 255 236 255 50 141 4 255 255 255
    255 255 133 255 173 255 58 255 210 255 255 255 128 185 107 255 255
    255 255 24 220 255 255 254 178 255 255 255 255 255 12 255 83 255 255
    125 184 255 255 255 255 255 114 255 87 255 255 255 178 255 255 255
    252 26 255 255 255 112 155 230 255 255 255 255 255 255 255 255 89
    255 159 255 116 163 255 174 255 203 112 255 255 68 255 64 42 246 255
    214 185 228 255 62 255 208 255 226 255 255 201 255 255 255 58 171
    255 255 255 255 192 220 143 168 107 255 206 171 222 128 255 255 255
    255 255 152 113 240 216 197 75 58 193 87 40 255 255 255 44 79 138
    255 252 140 201 207 210 165 52 255 255 255 182 255 255 204 117 171
    158 255 255 140 228 0 194 135 218 255 210 255 30 42 201 255 255 255
    220 255 127 24 50 255 174 159 255 255 255 242 222 255 64 255 195 113
    78 255 22 74 255 75 255 24 255 255 255 153 22 255 179 255 255 255
    255 113 255 64 255 189 8 255 147 255 254 255 208 95 255 2 255 255
    222 10 255 255 48 255 242 216 255 240 220 255 136 203 103 88 255 73
    255 255 255 44 255 255 24 255 171 255 255 255 255 62 255 194 255 255
    255 99 255 14 12 255 255 199 75 255 255 22 52 255 255 255 255 123
    238 255 248 255 255 255 255 255 8 216 38 255 234 48 255 255 255 20
    255 255 255 182 255 58 38 38 50 255 255 255 2 87 139 236 20 222 174
    171 24 255 255 255 255 255 255 255 139 255 148 201 255 255 64 255
    216 6 129 255 81 255 255 48 203 255 255 193 186 115 16 255 145 255
    255 230 133 182 238 85 255 155 255 24 255 255 184 255 99 255 163 95
    112 16 255 72 255 145 44 255 255 255 56 210 255 208 255 255 255 255
    255 171 93 236 119 255 8 255 255 255 147 255 255 255 255 160 255 255
    190 189 199 250 255 197 244 255 91 104 255 209 255 101 255 168 64
    117 255 177 14 255 255 81 136 255 255 255 4 255 92 133 255 255 123
    255 255 52 111 112 143 255 66 255 115 28 85 255 255 203 52 176 87 38
    255 121 255 78 79 20 255 255 34 255 159 255 255 255 255 255 255 255
    74 255 255 86 105 255 220 255 255 248 183 91 24 255 255 66 62 255
    255 87 255 48 255 255 178 255 255 255 255 255 255 173 145 255 125
    255 240 255 8 96 255 255 255 183 255 96 236 255 255 12 255 166 255
    123 92 255 167 255 75 255 236 255 255 255 255 50 118 16 255 82 133
    255 252 255 115 164 191 255 255 255 129 160 183 255 255 255 220 255
    255 255 255 121 228 114 255 255 255 255 52 255 255 255 204 199 6 255
    255 81 104 75 255 124 255 143 122 189 255 255 255 255 255 255 255
    255 127 105 255 145 255 108 255 97 255 255 255 255 89 252 255 236
    255 174 85 10 122 255 255 255 95 64 255 255 252 160 255 255 150 58
    255 0 250 149 255 255 255 255 255 230 255 0 255 22 255 203 230 255
    255 6 255 255 72 93 255 118 255 255 248 87 40 14 127 244 255 24 153
    255 255 255 255 141 255 140 145 255 104 255 255 102 255 255 6 255
    255 255 69 236 36 201 255 200 171 255 14 255 255 92 255 255 150 255
    18 255 252 244 255 255 50 255 40 169 230 255 255 168 125 183 255 255
    171 122 121 207 136 255 38 64 242 6 228 255 255 255 255 125 255 218
    26 255 255 30 76 127 255 255 119 255 94 255 151 255 255 252 255 6
    255 255 255 254 255 244 56 34 255 255 255 69 26 255 255 255 255 255
    250 96 12 246 10 177 64 255 255 58 96 255 255 100 255 66 180 255 81
    255 255 244 40 255 255 255 101 255 255 255 101 214 153 255 255 141
    38 255 248 139 255 255 242 255 255 127 255 255 255 72 240 255 255
    228 255 255 135 62 255 255 209 255 157 255 255 151 255 255 199 107
    114 205 255 50 71 103 234 255 255 255 255 161 12 191 255 46 87 254
    255 255 255 228 254 255 255 255 71 154 255 255 255 234 248 86 255
    111 152 214 255 80 137 255 255 255 40 86 14 56 255 157 255 255 81
    255 88 255 248 146 52 48 224 60 255 255 183 255 255 79 191 255 46
    195 255 255 255 184 139 62 255 255 32 255 147 4 255 255 255 170 255
    255 118 255 255 255 220 255 255 143 255 160 255 155 214 16 255 54 28
    169 255 255 159 255 255 248 186 145 248 154 255 123 156 52 12 255 58
    255 255 255 212 255 255 0 255 255 255 255 238 255 66 230 255 78 157
    255 255 255 255 32 115 255 255 255 109 174 248 255 255 69 255 255 60
    240 255 115 141 10 38 255 98 255 123 10 255 255 156 87 255 255 143
    26 150 191 255 92 36 232 255 255 32 180 254 62 255 167 250 76 255
    255 255 255 101 110 255 255 60 254 255 94 255 255 188 64 255 255 255
    2 255 255 255 182 255 255 255 255 163 255 255 220 18 119 14 255 255
    248 255 56 255 255 255 255 244 255 255 255 173 255 148 255 255 240
    255 248 46 135 163 204 69 255 178 165 81 0 71 212 255 123 195 92 93
    187 152 131 255 255 255 2 206 28 26 255 133 255 162 255 14 255 44
    255 255 255 28 255 255 255 18 171 109 255 95 255 158 255 14 255 255
    255 250 255 255 255 255 77 136 255 255 255 255 151 255 255 175 255
    179 255 255 44 255 255 255 255 128 175 255 255 255 226 255 255 255
    255 255 255 52 201 255 90 113 255 255 255 255 255 167 34 96 255 73
    22 255 68 255 236 255 178 255 255 64 46 159 90 255 232 34 2 255 255
    149 255 255 54 255 255 189 109 255 16 167 208 10 58 138 255 255 156
    163 255 248 255 135 255 255 16 72 14 60 138 232 38 76 255 255 106
    255 255 64 255 117 102 255 255 255 255 52 176 255 93 255 255 255 64
    0 255 34 255 123 254 255 255 255 255 87 255 255 255 255 195 181 255
    255 232 255 255 255 255 255 255 255 105 255 126 255 187 96 167 50 40
    244 141 76 79 189 255 255 97 255 246 255 255 185 14 255 171 0 255
    183 232 98 255 255 44 255 255 60 255 175 255 255 0 255 151 255 44
    220 60 255 18 157 206 255 175 132 255 255 0 97 255 255 255 255 70 50
    6 255 255 255 255 255 18 40 255 201 255 58 125 32 240 255 255 255
    113 40 85 191 96 255 165 232 139 255 244 230 255 255 255 163 255 137
    255 255 255 224 80 255 255 80 255 255 255 179 125 240 255 255 42 255
    255 204 255 143 226 123 201 255 10 212 114 34 255 0 218 255 244 99
    255 255 255 255 250 255 255 255 255 255 220 255 255 178 34 255 255
    169 255 255 252 175 24 214 255 255 255 149 20 255 255 152 255 141
    106 255 24 255 255 133 74 255 149 252 255 255 252 255 14 212 177 127
    78 107 255 255 69 255 72 255 157 255 81 224 255 255 62 255 255 145
    255 248 161 255 255 255 255 255 255 255 255 224 255 58 135 186 255
    117 255 111 255 255 206 255 124 255 113 255 52 255 255 255 255 142
    85 119 255 161 77 255 181 240 182 117 167 255 255 255 164 161 79 255
    255 131 255 16 163 122 255 255 255 20 30 255 62 255 120 255 255 255
    228 207 255 210 255 255 255 56 255 255 58 110 255 255 238 87 255 70
    250 60 255 255 255 255 119 255 255 36 71 34 255 255 254 255 179 66
    255 16 62 214 255 255 255 240 255 255 255 255 240 255 214 255 48 255
    210 255 255 212 255 116 131 155 120 236 255 255 255 201 212 255 255
    255 201 255 255 255 234 255 255 255 255 255 255 208 77 105 54 171
    129 255 255 71 20 255 42 14 34 255 126 255 255 128 208 255 255 46
    255 220 255 181 255 255 255 255 173 255 206 214 109 255 28 255 255
    255 255 255 255 135 70 40 255 255 66 255 255 255 255 134 255 125 255
    46 127 255 255 183 255 255 255 255 214 255 255 255 0 40 255 62 16 32
    79 200 255 195 255 111 255 255 222 91 255 255 95 46 255 255 66 175
    244 10 255 42 44 255 32 92 255 255 255 173 255 40 255 22 255 255 48
    104 238 255 150 171 60 56 255 71 255 255 255 255 141 22 255 255 121
    78 255 64 255 222 255 242 89 236 255 255 255 12 40 230 116 255 79
    255 255 255 255 255 255 234 181 26 234 99 255 255 75 64 255 2 255
    255 87 26 255 42 46 255 127 167 46 255 91 22 246 252 255 255 255 255
    255 255 255 255 255 255 232 163 255 255 255 255 254 255 255 199 32
    46 255 4 92 255 123 74 255 214 255 255 248 255 255 195 255 10 255
    255 133 48 44 145 218 255 246 255 255 255 83 255 255 255 255 127 26
    88 131 103 255 201 255 158 85 121 96 255 151 255 113 91 255 26 255
    112 255 163 255 183 119 84 255 129 146 4 255 255 255 230 255 173 255
    78 255 70 255 232 187 255 177 50 255 105 255 80 255 255 132 255 60
    52 255 255 255 255 255 255 147 255 18 137 255 220 157 129 255 69 255
    255 255 255 200 195 238 255 255 255 255 246 58 255 62 212 248 177
    255 92 255 255 186 246 255 255 255 255 16 255 255 255 255 105 255
    255 255 255 255 20 255 107 255 255 224 255 255 255 255 0 255 173 255
    173 185 255 255 97 255 255 179 255 48 255 14 203 16 255 255 131 30
    121 175 255 171 185 192 255 255 160 121 255 255 179 129 255 91 97
    255 14 218 134 255 255 160 125 255 212 255 255 252 38 125 255 255
    255 82 255 255 255 255 255 192 252 222 166 255 255 52 255 151 255
    255 255 255 8 205 240 255 255 192 255 159 255 255 181 190 117 62 255
    226 24 222 255 8 255 26 255 255 255 218 180 208 255 255 56 255 182
    255 255 255 255 119 0 255 185 255 101 175 188 73 10 200 255 255 160
    248 255 255 83 91 190 255 255 164 255 255 168 8 173 198 255 203 255
    255 255 255 2 73 255 255 255 142 255 255 198 75 175 138 181 127 255
    0 135 138 255 255 250 79 66 255 255 255 8 181 115 255 54 22 255 255
    255 96 111 255 255 255 201 8 255 255 118 133 81 255 189 255 56 30
    109 142 255 157 236 255 255 122 255 32 255 244 255 102 255 255 255
    228 255 170 30 218 76 255 255 206 255 175 90 255 255 20 83 203 255
    255 255 255 255 255 255 75 54 142 255 255 255 234 193 255 255 255
    255 153 220 255 255 169 255 60 255 255 255 248 255 255 209 226 254
    203 255 42 255 4 4 255 255 255 255 255 149 255 236 151 255 255 40
    173 255 255 255 194 135 14 82 255 244 90 255 97 148 255 32 106 255
    81 255 50 250 255 255 133 255 197 44 116 255 157 255 255 99 255 44
    255 255 34 12 255 205 68 255 206 255 58 95 255 255 255 105 200 151
    255 124 255 226 255 255 255 98 255 255 255 255 255 255 255 255 255
    127 89 255 252 255 46 179 255 18 255 44 88 255 255 112 255 255 218
    83 255 255 169 255 255 255 255 220 255 255 255 255 210 255 255 193
    255 228 255 255 255 255 208 254 24 230 197 255 142 220 255 255 255
    125 70 244 155 255 255 255 255 197 255 255 255 177 255 255 255 114
    79 209 0 255 255 236 255 255 255 199 255 234 252 255 255 255 255 222
    255 255 22 50 169 96 255 255 12 95 255 70 22 147 255 205 197 255 20
    255 255 163 68 160 87 210 208 255 83 130 255 255 255 255 255 255 220
    123 16 206 165 255 139 255 0 255 240 224 255 255 144 255 205 255 255
    255 174 255 191 255 228 79 120 141 79 70 183 99 58 255 58 138 177
    255 102 133 255 255 255 46 255 255 89 100 52 255 255 244 117 28 255
    255 82 141 255 255 103 255 255 125 75 255 255 255 240 212 95 76 167
    255 84 255 42 100 255 99 218 255 129 255 175 255 164 181 255 62 255
    175 255 109 157 255 255 255 255 255 117 255 66 193 14 137 191 180
    117 85 188 255 255 72 255 255 36 224 197 212 131 255 255 189 255 255
    105 255 16 255 214 255 179 121 184 255 255 104 255 71 255 222 101
    255 255 111 255 236 250 255 242 255 255 255 210 130 255 255 52 123
    185 255 252 255 255 255 185 255 234 255 154 206 143 255 255 169 88
    255 255 132 255 230 255 255 50 255 44 197 248 103 228 190 255 224
    204 255 232 58 222 255 88 255 255 255 42 255 192 255 8 255 255 255
    255 50 60 210 30 68 255 255 255 162 149 255 255 255 113 255 255 75
    255 135 255 255 255 119 255 255 226 88 255 255 255 163 22 255 157
    171 255 48 191 114 255 40 110 48 255 146 255 242 186 228 246 148 161
    197 255 255 185 106 255 255 156 34 255 255 255 255 140 44 226 255
    107 255 255 28 255 255 129 255 255 222 255 255 220 163 255 255 255
    96 107 255 255 12 255 255 255 255 255 255 103 186 255 12 154 44 255
    255 185 255 255 191 246 255 255 255 255 208 0 255 109 255 118 255
    255 222 133 40 255 255 24 82 75 2 255 205 209 62 68 255 244 255 62
    255 93 187 178 255 28 62 255 185 255 255 28 236 255 169 152 173 255
    255 255 119 218 12 62 255 226 242 188 255 255 66 255 226 255 97 68
    255 14 137 255 75 255 66 255 34 128 255 252 152 255 201 248 255 133
    156 255 42 255 30 255 122 255 255 148 255 34 255 137 255 255 255 255
    255 97 79 255 28 255 255 60 255 48 220 230 255 255 157 182 210 58
    255 255 195 255 255 151 226 255 24 208 32 255 255 255 255 220 56 2
    255 255 255 6 62 255 154 26 40 62 107 255 200 255 255 104 255 255
    116 255 252 255 255 255 176 69 151 120 10 89 255 255 254 194 255 255
    255 242 255 255 195 64 20 255 60 112 255 255 255 255 143 255 255 255
    255 255 119 100 255 255 114 226 255 188 255 255 234 255 255 255 147
    255 255 22 173 255 68 125 14 157 12 94 255 151 255 255 224 128 244
    255 148 255 255 255 248 181 146 255 46 204 77 255 255 255 255 74 212
    255 255 255 255 255 151 255 255 255 222 255 224 255 52 255 163 255
    255 255 32 255 255 72 34 220 144 234 255 255 187 255 16 210 255 184
    255 22 255 255 48 255 255 255 255 42 255 52 240 224 216 255 181 26
    255 255 132 255 93 140 255 255 255 255 255 255 87 26 94 255 77 192
    255 218 255 255 195 32 6 66 82 165 255 90 0 125 255 255 255 255 195
    255 78 123 255 40 135 24 160 255 255 44 255 255 110 199 10 68 234 36
    255 105 93 0 255 255 78 54 185 196 36 255 255 255 255 255 58 255 28
    218 255 192 255 201 216 89 103 248 255 50 255 109 255 182 68 131 6
    255 255 255 133 255 90 24 255 70 210 255 30 255 255 255 255 6 255
    129 255 255 255 218 216 161 44 230 222 255 130 105 137 255 255 216
    184 73 187 255 236 62 164 255 167 255 255 79 18 34 255 255 30 255
    226 113 255 255 113 77 188 189 46 255 255 255 255 255 70 255 133 255
    255 255 255 255 255 189 254 26 255 196 167 255 255 201 70 255 255
    179 255 255 6 255 255 255 255 125 255 255 255 193 255 255 119 255 4
    255 44 151 26 255 255 255 255 255 255 255 255 226 192 255 255 255
    206 255 255 183 255 216 79 255 108 87 121 255 91 105 152 107 255 214
    255 28 255 255 143 255 60 137 10 48 255 255 255 255 104 105 255 192
    255 255 204 255 255 255 216 173 84 216 255 255 125 255 10 255 255
    255 234 255 228 185 91 255 255 255 255 93 195 206 133 199 118 105
    255 255 255 8 218 95 255 255 75 56 34 255 255 158 179 242 255 103
    255 216 255 255 255 149 77 24 252 24 255 189 255 255 109 255 255 255
    255 204 85 255 96 16 255 210 255 255 178 255 255 255 42 250 255 255
    255 126 255 234 255 255 197 255 248 255 112 255 255 255 255 255 255
    83 64 24 68 255 84 255 193 255 255 255 134 117 255 255 40 255 76 81
    255 255 255 255 122 147 89 255 214 255 28 255 255 255 105 201 86 255
    255 54 255 255 255 255 255 140 255 255 220 255 255 255 228 255 255
    48 255 252 157 20 255 255 169 255 255 149 255 255 255 190 255 159
    168 255 216 218 173 255 98 201 0 254 255 255 255 48 255 255 255 255
    255 6 157 204 255 255 208 255 220 255 197 135 22 255 111 255 255 255
    42 255 68 255 189 255 255 255 79 158 255 255 255 52 255 176 8 70 255
    255 236 255 89 255 30 149 255 255 216 248 86 255 255 116 255 79 216
    10 255 255 58 24 126 93 255 112 175 4 68 175 255 24 255 255 180 255
    255 255 255 129 255 255 255 255 255 161 255 71 42 56 109 109 255 255
    255 255 255 36 84 75 255 172 93 14 174 255 255 242 255 58 106 255
    212 102 255 255 28 255 255 126 255 167 255 165 252 12 255 91 255 255
    255 228 210 28 255 224 255 255 97 240 255 250 255 200 81 117 74 255
    34 210 73 139 255 75 255 68 101 60 255 50 255 255 169 255 122 244
    255 255 255 147 255 255 8 122 255 220 106 255 255 196 169 40 255 117
    255 174 167 255 255 139 155 112 255 228 224 255 209 255 26 255 94
    139 28 255 255 224 255 226 135 255 255 6 255 255 177 255 14 89 190
    255 103 230 22 99 20 56 143 255 87 226 255 183 255 255 123 255 106
    255 22 255 32 255 255 255 255 255 255 255 230 255 36 255 255 209 84
    66 255 255 50 255 150 244 255 255 255 46 255 16 255 255 185 255 132
    169 234 255 24 187 254 255 14 255 255 135 255 255 89 166 255 255 246
    255 255 255 141 255 46 255 255 36 175 255 176 255 236 255 255 255
    255 255 255 58 195 105 255 252 119 130 255 153 88 97 255 255 111 175
    16 193 183 236 255 255 255 157 255 72 255 205 36 255 38 255 236 151
    255 12 255 10 255 125 255 255 255 132 52 255 70 10 255 78 255 255 92
    255 255 108 255 255 255 12 255 255 255 97 255 185 255 255 179 255
    255 255 255 255 255 24 255 255 149 14 255 255 30 255 89 4 255 255
    230 255 255 255 107 255 255 255 255 218 255 123 255 66 255 255 255
    238 255 199 255 186 54 255 255 255 187 104 255 255 98 255 255 234 58
    255 255 0 189 255 255 255 255 113 255 212 255 42 255 255 64 255 62
    32 100 255 255 255 255 155 160 30 255 255 109 255 94 240 212 68 187
    210 152 103 255 72 255 255 224 87 255 255 66 113 48 255 209 114 255
    255 242 242 255 216 60 255 194 255 255 56 64 255 255 255 52 255 255
    255 6 56 125 162 255 255 156 34 28 255 60 255 74 69 255 50 255 244
    255 125 252 255 151 4 255 255 181 32 157 28 255 151 8 60 97 54 182
    224 255 255 121 255 255 171 165 56 187 165 112 255 155 182 20 191 88
    255 255 184 255 109 255 255 228 32 255 255 98 236 255 255 255 255
    255 127 177 255 255 232 82 255 191 114 255 255 22 240 91 255 187 34
    118 205 143 140 139 255 56 189 255 255 255 125 255 177 113 255 255
    68 255 62 255 255 81 183 38 255 255 208 255 255 90 165 83 62 255 255
    88 119 255 36 139 255 84 242 149 255 42 255 236 68 125 255 255 89
    190 121 255 255 255 193 234 255 255 255 255 255 4 255 81 114 255 255
    96 127 32 208 203 255 244 255 216 255 167 255 255 143 255 212 230 32
    255 147 185 255 179 255 255 8 255 255 38 255 255 255 255 166 255 255
    150 107 64 255 255 255 255 255 2 255 242 255 28 255 255 255 255 103
    252 255 189 242 255 255 255 255 255 120 52 255 160 255 255 255 255
    255 255 255 255 255 26 255 212 255 145 90 52 10 188 97 255 255 255
    255 255 228 255 255 255 240 255 226 255 38 255 255 255 242 214 255
    255 255 248 34 34 255 171 209 48 255 89 32 99 22 14 255 255 94 255
    199 234 255 255 255 255 255 186 163 145 255 34 255 255 145 222 255 2
    173 70 255 255 30 64 222 122 255 44 196 20 255 255 85 255 168 255
    255 255 111 238 146 255 255 254 255 179 255 121 222 255 77 244 255
    66 255 32 255 255 255 64 123 224 113 224 206 79 220 226 255 44 56
    255 169 252 255 10 255 97 119 154 255 143 50 255 135 188 255 255 255
    255 255 140 60 105 255 119 255 228 87 255 255 127 133 255 255 238
    255 255 139 255 255 255 154 255 73 70 255 255 122 255 254 255 208
    255 142 255 255 228 131 255 90 255 255 255 255 143 255 236 255 255
    255 255 58 255 177 255 255 255 114 115 255 30 255 207 60 119 97 138
    255 255 86 255 77 255 255 6 255 131 133 136 255 220 255 255 34 255
    129 210 255 177 151 255 173 255 18 255 36 255 255 255 255 255 255 28
    165 77 12 255 109 255 157 255 116 255 193 255 255 255 128 22 195 255
    255 123 255 255 129 255 255 95 255 255 207 255 255 232 146 255 135
    38 97 255 255 255 255 255 255 255 206 255 179 96 255 209 255 255 255
    255 255 191 255 255 30 255 255 255 255 255 255 255 54 255 46 255 255
    34 16 20 104 255 6 142 255 250 6 255 12 255 255 255 10 71 255 255
    255 255 255 28 255 42 255 255 255 255 77 0 123 255 64 171 129 255
    255 255 92 12 115 255 111 36 116 218 70 172 193 185 255 226 255 255
    28 135 104 8 255 2 68 240 94 218 255 255 255 210 255 228 255 230 56
    89 255 60 255 26 255 85 255 255 68 216 83 255 232 255 255 172 255
    255 144 254 250 255 255 54 255 220 255 56 255 255 70 240 255 255 255
    255 136 133 32 50 28 255 66 236 209 68 255 255 62 36 255 255 69 179
    34 99 123 44 255 242 196 26 242 142 20 255 124 255 22 255 151 207
    255 212 255 255 255 255 164 255 183 218 218 255 255 255 255 255 255
    228 255 255 22 255 255 157 160 255 255 194 255 255 222 255 255 255
    255 255 176 255 205 206 255 34 4 165 255 176 161 22 128 161 56 255
    255 255 128 195 255 255 117 105 94 109 255 142 123 255 46 255 255
    220 109 52 255 255 240 255 255 129 92 255 246 216 255 115 102 255
    255 132 20 255 255 210 255 96 95 165 156 255 255 255 139 255 202 255
    167 255 255 255 240 199 255 255 145 66 255 255 255 90 255 255 194
    255 62 0 48 36 48 255 254 255 255 14 34 171 234 255 38 255 255 228
    255 255 141 255 132 255 238 162 255 255 118 255 163 24 143 255 255
    183 255 58 255 255 106 248 255 232 79 230 255 255 255 255 71 255 255
    254 83 255 255 228 200 58 255 255 240 175 255 208 203 255 181 203
    255 20 255 98 255 254 106 255 75 194 255 255 112 115 103 74 131 255
    255 255 113 255 103 224 140 255 255 130 125 195 10 169 87 10 255 255
    56 246 199 255 255 101 255 191 99 62 141 255 20 255 255 44 255 255
    252 255 255 42 181 255 255 163 93 255 255 224 255 255 28 255 14 28
    255 255 255 255 69 255 255 255 77 255 181 2 255 228 255 82 255 255
    255 189 44 226 254 157 255 255 119 144 161 255 154 30 153 236 255
    255 32 151 255 255 143 255 255 62 28 178 255 212 92 123 255 255 255
    10 255 255 73 250 255 159 76 255 83 24 14 255 28 255 173 255 255 246
    255 199 161 255 255 220 34 255 159 255 145 255 255 255 85 255 255
    255 255 159 40 255 83 218 222 73 254 118 255 81 255 20 255 150 28 91
    116 255 226 252 255 234 236 255 195 210 159 177 84 103 255 76 38 149
    156 173 109 255 255 255 255 220 255 254 81 205 200 255 255 255 255
    255 118 255 143 154 255 246 255 255 83 255 255 234 255 20 255 255
    255 255 146 127 255 255 255 40 146 185 238 255 255 255 255 69 185
    255 255 255 255 255 123 255 255 255 240 32 255 32 75 255 255 14 207
    92 175 12 255 6 159 255 255 255 255 255 255 0 56 183 255 40 255 255
    255 255 255 56 255 14 255 226 32 250 255 178 255 255 108 48 255 70
    68 255 170 255 255 242 255 228 6 244 135 255 255 255 255 255 220 34
    255 189 255 40 255 255 255 255 255 255 209 255 255 8 118 255 255 255
    255 255 255 159 145 255 205 255 192 255 255 154 255 54 255 255 95
    255 255 255 50 255 187 76 255 255 255 50 149 170 199 183 255 255 147
    78 111 255 255 147 129 255 255 255 255 255 14 255 73 34 196 255 175
    140 197 22 148 255 240 52 255 255 84 255 255 242 155 46 255 255 255
    32 97 246 238 255 109 255 83 255 194 141 89 232 97 255 255 199 77
    255 38 255 255 255 255 36 189 248 230 255 226 255 255 99 254 255 255
    158 240 255 255 255 255 255 255 255 255 255 214 128 255 207 218 0
    255 255 14 255 190 255 255 120 205 255 102 50 255 188 89 197 255 255
    255 255 157 255 110 173 255 255 255 107 255 255 255 255 187 255 255
    203 255 48 255 255 255 93 255 255 58 255 180 255 8 255 255 79 255
    255 255 255 248 255 136 232 153 102 109 87 255 155 255 255 93 255
    255 255 255 255 255 64 90 255 255 24 254 255 255 203 161 255 212 255
    255 71 62 255 99 205 70 255 255 255 255 89 255 255 255 255 255 255
    255 255 255 255 113 18 32 8 153 244 255 242 236 48 60 68 117 255 255
    255 255 210 79 85 124 224 131 104 189 119 254 255 255 204 189 255
    255 255 193 56 255 255 0 255 46 18 201 255 255 255 255 255 255 255
    210 58 10 255 103 255 255 255 255 255 255 20 255 40 230 252 255 185
    255 141 255 255 255 255 56 232 255 255 103 161 248 255 255 255 248
    255 255 255 255 108 107 255 255 16 4 0 255 255 255 255 44 255 153 24
    255 18 255 255 255 255 0 255 203 255 52 255 255 255 255 232 255 255
    236 255 255 220 255 255 236 255 127 255 255 255 255 26 255 255 58
    255 226 255 255 6 177 255 154 255 255 255 255 193 255 226 147 255
    255 36 255 255 255 36 153 255 192 139 255 230 255 139 255 151 228
    255 255 85 255 248 255 255 255 255 255 133 123 255 255 147 255 248
    99 4 255 83 255 255 77 84 222 255 38 121 175 120 255 255 116 208 255
    66 255 177 255 255 255 255 50 255 255 255 255 102 230 14 114 255 195
    255 255 255 12 224 8 164 75 32 80 81 255 255 255 99 222 255 22 255
    22 161 255 246 255 255 255 255 62 191 236 255 203 62 255 220 133 234
    214 109 255 255 183 150 255 255 255 28 255 255 254 107 102 139 255
    255 175 255 255 46 103 255 255 255 255 145 179 8 255 191 128 46 255
    206 169 255 255 255 79 134 246 255 56 69 210 255 38 20 255 252 205
    255 20 250 190 255 18 255 255 236 40 163 255 252 255 255 255 255 8
    60 255 155 255 255 255 200 255 255 255 255 171 194 255 255 118 255
    165 32 255 255 255 255 70 42 208 255 12 191 255 0 254 32 52 255 255
    255 255 97 180 255 255 255 129 127 255 119 4 244 195 255 255 48 203
    255 187 129 80 255 125 255 66 205 255 234 187 255 159 111 124 218
    255 200 255 255 220 255 255 255 79 151 194 255 255 255 255 193 84 46
    30 202 242 210 255 255 8 255 147 255 255 255 151 180 255 83 182 143
    16 255 93 141 58 195 255 186 255 255 255 255 255 255 197 255 255 255
    255 255 255 4 255 255 216 255 50 255 255 210 255 255 240 123 162 26
    255 255 255 155 202 93 255 144 16 181 242 250 255 26 157 151 255 255
    20 166 145 255 255 4 255 200 255 255 118 255 255 188 141 255 255 191
    255 255 255 255 114 255 255 48 255 75 24 107 195 190 161 255 100 255
    255 255 255 212 255 255 165 26 4 255 255 255 255 255 255 44 255 189
    4 255 255 255 140 77 255 255 123 255 218 169 66 210 153 149 255 161
    255 20 255 255 150 123 255 255 242 255 198 255 255 244 115 115 80
    255 38 255 85 255 90 255 248 144 79 226 114 212 255 242 255 255 166
    255 252 255 255 236 255 255 255 255 93 38 138 255 255 255 224 183
    255 252 62 255 125 255 255 255 119 255 255 255 212 255 179 255 255
    255 255 206 255 255 255 255 255 255 255 52 255 44 255 255 255 255
    230 255 82 64 181 255 12 255 146 10 255 255 255 255 255 255 255 255
    255 145 110 52 129 255 79 255 255 255 151 194 255 255 188 255 255
    255 173 255 72 177 242 255 255 255 42 216 50 118 255 119 255 0 95
    255 255 255 80 218 255 142 255 10 255 255 167 255 18 117 68 255 255
    255 111 255 255 255 224 68 26 255 228 255 255 8 255 199 255 255 101
    188 255 255 255 255 255 0 255 255 242 119 24 255 103 255 102 206 255
    218 255 48 255 255 16 108 255 255 160 255 42 110 255 255 255 255 255
    255 255 232 120 119 105 150 103 205 104 255 255 170 255 255 255 255
    226 120 50 109 255 255 255 255 240 32 255 255 169 198 40 93 255 255
    255 244 255 129 140 255 201 2 255 93 255 255 214 32 255 95 196 101
    42 16 81 255 8 143 255 255 255 10 242 93 44 255 101 255 255 117 255
    246 255 68 255 85 60 246 208 71 248 255 177 255 79 20 158 205 159
    255 240 255 196 193 255 255 255 255 84 143 255 66 75 40 255 147 232
    150 255 64 254 195 185 26 255 255 255 14 255 136 212 255 30 255 255
    58 216 48 255 255 255 255 159 238 104 255 141 54 218 255 130 255 111
    255 255 153 102 252 83 112 255 113 255 255 109 208 255 218 24 255 87
    255 255 216 124 44 183 224 54 255 255 255 255 206 255 255 248 255
    255 255 159 56 126 255 207 186 255 255 252 255 133 214 255 230 255
    255 255 255 255 68 255 255 255 255 129 255 100 14 255 255 255 93 255
    149 119 154 191 255 255 248 255 255 83 255 50 56 255 104 255 255 40
    115 255 198 255 255 255 79 22 70 40 255 255 255 203 255 183 255 136
    255 2 62 181 255 6 244 14 62 54 252 255 255 34 172 255 255 74 248
    255 226 255 143 192 99 255 255 179 10 176 255 24 255 171 117 104 255
    255 108 210 255 255 36 255 255 195 255 60 97 255 255 255 255 255 255
    42 164 242 48 242 255 147 178 255 255 255 255 255 62 255 255 255 40
    169 220 36 75 255 58 143 96 40 255 108 255 34 24 255 255 255 255 255
    252 30 255 198 255 127 20 205 109 255 255 255 42 38 187 156 208 177
    244 93 30 255 95 95 255 228 255 255 189 255 90 255 255 255 255 255
    32 255 91 255 255 50 255 218 255 162 255 14 220 255 255 202 232 255
    255 255 145 174 255 232 255 255 161 140 83 255 196 240 159 210 255
    121 202 255 255 255 197 255 236 255 207 78 255 255 56 32 255 156 0
    255 255 255 255 255 139 175 255 255 255 255 135 255 255 48 226 255
    71 255 255 105 255 255 83 255 186 75 255 64 222 255 255 255 255 255
    81 255 255 255 89 6 20 255 255 48 244 228 255 255 255 230 255 28 255
    34 255 30 167 48 255 16 255 95 255 255 175 255 255 255 85 255 255
    234 252 75 214 255 62 71 104 252 83 124 163 255 255 255 255 116 255
    70 255 255 255 255 139 238 180 216 255 204 218 255 76 232 123 130
    242 255 255 255 255 255 255 255 224 22 255 240 171 240 255 255 255
    60 255 109 255 255 255 255 255 52 255 212 255 255 246 255 255 135
    155 255 255 255 255 193 42 102 255 87 46 255 210 46 255 234 64 255
    91 255 113 255 82 255 111 224 255 255 255 255 244 255 60 255 166 255
    255 142 151 87 255 255 157 88 50 137 172 230 255 255 107 151 86 157
    203 112 255 255 50 99 113 255 255 183 212 8 46 252 107 10 255 255
    255 255 255 12 142 97 255 40 8 248 104 255 187 255 255 163 255 157
    255 255 115 70 255 222 255 255 255 255 144 24 62 255 18 255 94 52 99
    44 234 129 255 255 255 112 255 255 255 255 255 255 28 246 120 169
    255 80 255 255 255 125 255 255 255 255 255 125 255 18 255 77 242 255
    255 255 232 131 172 8 60 255 119 8 236 56 255 255 127 255 64 48 255
    255 255 159 255 255 255 248 255 255 76 255 147 44 255 8 84 147 255
    68 255 171 255 46 242 255 66 255 230 255 60 166 255 85 60 111 36 186
    95 255 122 255 255 78 255 255 255 255 244 255 145 255 255 255 189
    152 18 255 255 255 255 255 255 244 30 255 145 20 255 255 255 255 255
    255 54 255 76 255 255 30 56 255 255 255 255 255 255 220 255 255 75
    255 127 255 255 255 169 255 143 255 148 44 205 250 255 255 255 246
    127 226 255 99 92 255 255 78 255 149 208 255 179 114 255 255 255 191
    255 255 0 255 255 255 255 236 255 255 255 10 151 206 255 255 255 36
    50 222 255 115 90 218 255 148 181 203 255 4 255 228 255 255 255 230
    255 132 129 22 255 97 46 232 58 75 100 255 255 255 206 238 255 255
    42 255 255 255 255 255 12 254 255 255 40 255 255 255 255 141 176 77
    135 12 255 255 162 255 193 102 222 255 54 255 97 254 255 87 255 79
    36 2 83 139 255 224 52 255 115 255 255 255 153 255 36 255 222 255
    127 255 255 149 255 255 210 255 81 255 38 255 255 186 255 255 160
    101 255 255 171 66 255 83 255 32 22 70 56 173 44 255 238 255 220 255
    255 126 255 255 104 131 255 255 255 81 255 255 2 130 210 255 24 115
    232 255 255 77 255 34 255 255 255 255 255 255 255 254 58 214 38 255
    87 174 255 255 255 255 48 74 255 255 124 230 254 255 127 181 210 181
    22 0 255 187 62 255 255 208 255 83 120 255 255 255 255 255 255 250
    255 144 69 34 255 234 255 154 255 255 255 133 255 182 255 103 156
    255 255 202 62 214 216 56 255 255 71 32 32 50 255 98 99 255 255 255
    255 66 165 218 255 26 255 255 255 255 255 255 179 255 175 131 255 83
    255 255 255 255 255 248 255 255 255 81 252 255 255 44 246 255 255
    255 228 255 255 255 255 255 79 255 255 50 255 169 255 102 255 71 226
    255 157 46 255 209 255 238 255 255 10 255 255 32 255 255 255 18 76
    93 89 255 255 203 255 255 127 255 255 137 255 6 10 230 105 255 178
    206 255 138 255 255 62 157 64 236 254 42 255 167 153 255 255 137 234
    255 226 255 208 255 230 208 6 24 107 255 36 255 255 255 56 255 80 40
    255 255 66 255 255 123 66 228 255 255 255 244 255 255 255 255 255
    159 255 255 111 255 255 123 238 255 189 255 32 255 32 255 255 255
    255 234 255 255 222 212 250 255 42 255 255 255 255 238 62 255 199
    255 255 255 137 170 208 105 255 183 119 122 197 159 255 255 20 32
    226 255 178 175 255 102 236 255 255 205 255 136 255 255 255 175 224
    208 171 109 90 18 255 42 255 85 54 255 4 255 123 255 224 255 255 255
    34 255 255 75 145 255 81 255 255 71 143 154 155 255 238 222 95 255
    147 255 255 60 129 54 236 255 116 20 22 255 206 255 255 145 103 74
    99 255 112 255 255 255 255 255 110 255 199 122 255 255 255 255 220
    255 255 255 255 218 255 255 255 48 228 255 255 210 145 255 152 255
    255 255 20 255 255 255 255 255 8 255 255 255 255 255 66 255 255 255
    255 232 255 255 170 255 220 255 255 62 255 255 255 230 201 234 255
    255 68 255 255 4 255 129 254 255 255 255 255 34 68 198 20 255 255 48
    218 238 255 161 255 255 255 255 123 56 80 255 56 196 255 255 255 48
    216 128 255 210 255 145 220 254 8 137 18 255 203 255 255 255 255 167
    255 255 255 60 172 255 4 255 155 255 80 255 30 28 255 255 255 91 255
    255 109 255 34 255 255 255 135 48 255 68 68 255 255 255 255 255 75
    68 0 8 114 91 255 38 255 255 214 255 255 20 230 255 255 99 103 46 71
    255 255 201 205 255 139 255 255 199 255 255 255 187 255 141 255 255
    206 255 255 255 255 255 97 255 134 205 255 255 69 26 226 255 77 255
    228 197 255 255 218 92 101 255 116 105 173 255 73 255 188 97 218 38
    165 255 142 68 255 255 255 183 255 255 101 255 255 157 255 133 255 0
    151 255 255 255 255 255 255 153 80 255 0 255 255 255 252 97 8 255
    255 255 232 129 255 255 97 77 200 255 255 255 255 91 242 115 181 255
    255 64 34 255 255 255 181 173 90 85 34 210 255 255 78 149 255 92 255
    255 42 255 139 255 255 101 84 44 255 255 255 66 255 46 255 255 252
    255 255 248 255 38 255 255 54 244 40 255 255 255 238 36 121 255 255
    255 255 193 255 255 38 255 255 30 255 38 60 246 214 205 157 220 255
    145 255 255 255 216 20 255 255 255 255 255 228 119 255 255 236 255
    255 255 255 255 161 255 36 255 255 205 111 210 4 255 36 255 66 208
    18 68 255 255 255 32 210 201 255 255 157 255 255 173 255 125 165 136
    210 187 255 255 255 124 255 255 44 255 255 62 95 255 182 255 255 244
    50 255 16 255 155 255 220 185 255 255 255 255 22 167 255 32 255 255
    255 165 255 60 54 255 255 255 255 255 255 255 255 255 255 111 135
    146 255 68 218 255 113 122 255 255 255 87 255 255 250 149 88 255 10
    255 119 255 255 255 255 166 255 228 255 255 232 255 179 255 0 255
    255 255 255 163 255 255 255 254 255 255 14 129 255 88 255 201 255 4
    232 255 68 255 255 252 255 138 4 127 152 151 177 255 255 212 255 210
    40 255 255 68 255 234 255 255 171 173 76 127 255 255 255 255 220 240
    109 255 255 255 226 255 153 255 255 203 255 255 12 226 95 2 94 62
    255 80 255 255 255 255 255 10 255 222 52 255 255 42 16 255 70 255
    157 255 175 161 124 255 216 22 255 255 255 85 175 28 165 250 255 255
    255 255 199 210 255 129 0 255 93 139 118 255 255 255 167 83 255 255
    113 255 255 60 255 255 255 255 121 195 234 66 255 90 54 255 176 248
    232 198 255 255 255 16 68 238 201 255 255 255 8 255 91 255 34 255
    212 162 255 255 255 255 60 166 226 255 50 62 255 86 240 255 255 101
    255 222 255 255 255 216 255 255 255 255 116 255 139 255 255 255 174
    14 255 218 255 255 38 250 255 255 40 161 255 115 255 255 255 255 255
    255 209 146 255 255 56 95 255 14 71 62 255 208 220 255 93 187 150
    234 255 202 28 135 152 60 255 38 123 189 255 238 230 255 234 255 60
    255 255 172 255 199 76 255 255 255 101 255 255 255 83 46 205 255 255
    56 163 44 255 255 255 222 4 192 139 255 170 255 255 226 165 255 130
    255 66 255 228 85 74 121 95 200 10 255 255 255 30 255 167 255 255
    255 255 255 95 255 255 255 153 255 255 255 255 10 79 255 183 255 144
    255 218 14 255 255 240 255 58 192 79 255 255 54 255 22 255 255 255
    255 242 40 145 201 255 121 255 150 28 255 255 255 255 255 165 167
    255 255 85 206 255 131 2 206 255 255 60 255 222 203 255 82 255 255
    255 255 155 255 107 105 255 255 255 20 40 255 255 230 255 64 255 64
    240 38 101 255 255 255 255 191 255 255 255 143 255 255 226 255 255 2
    176 232 255 255 212 255 255 255 255 255 242 255 152 255 91 255 163
    255 255 255 151 255 255 143 254 255 165 96 71 255 128 83 255 58 255
    255 16 255 255 255 18 255 114 77 255 178 255 255 255 255 255 78 183
    255 255 255 255 248 93 2 140 255 226 255 255 255 254 255 255 158 125
    255 255 255 207 210 129 153 124 123 255 255 255 255 255 255 141 255
    255 255 255 163 255 30 255 155 76 167 143 255 81 121 62 255 222 228
    255 255 255 255 62 255 255 255 222 255 46 255 255 255 226 187 255
    255 121 255 255 255 117 255 255 255 14 255 255 54 171 255 154 255
    255 255 255 252 64 75 255 255 255 255 255 255 56 255 255 255 14 255
    255 255 103 171 232 255 255 255 255 183 255 161 2 120 255 255 255
    224 24 255 248 255 255 24 255 164 123 20 130 255 10 34 255 255 2 169
    246 255 255 255 42 255 248 172 255 255 255 255 99 26 255 255 255 111
    255 255 255 255 54 131 79 255 6 212 255 46 255 255 255 6 38 113 255
    90 155 255 100 255 255 108 255 75 168 255 85 255 226 255 255 255 255
    98 255 236 255 18 255 255 214 79 255 255 40 255 149 238 92 28 133
    124 60 255 38 255 252 138 255 127 90 40 255 255 255 255 255 26 32 58
    255 248 62 18 255 232 143 238 255 87 91 255 255 175 255 255 255 255
    255 203 230 109 255 194 210 255 92 131 255 255 255 18 238 255 255
    240 255 255 255 177 14 128 255 255 118 255 255 164 255 255 255 169
    255 255 255 255 255 123 255 134 255 255 255 255 56 42 232 255 126 85
    8 255 255 255 102 135 255 192 255 255 4 255 255 178 255 255 255 255
    60 255 64 255 255 255 255 255 34 173 238 255 255 242 255 201 254 56
    255 204 2 232 84 255 255 226 255 255 166 143 255 244 14 145 72 77
    255 224 255 255 202 137 255 255 255 255 86 117 255 255 255 255 255
    56 255 174 255 255 94 255 255 255 16 117 34 135 255 255 83 117 255
    255 93 68 123 255 166 125 58 255 255 255 255 14 99 255 113 66 255
    255 255 226 234 255 255 133 255 52 226 255 8 255 255 208 143 218 206
    93 199 16 115 70 255 255 44 255 197 141 206 24 226 255 255 255 255
    255 255 255 255 24 255 222 115 70 255 255 148 255 255 255 255 205 90
    255 255 162 255 143 44 255 255 255 255 255 44 218 255 255 255 255
    255 24 255 82 169 255 132 28 255 96 131 255 18 97 255 255 255 255
    180 255 240 255 222 255 116 210 255 255 248 255 255 77 255 255 232
    255 180 50 255 255 255 255 240 255 255 138 107 255 255 4 255 255 205
    137 12 83 255 255 255 254 122 66 255 122 255 105 14 255 151 186 255
    255 56 255 255 40 42 255 255 79 255 42 32 255 255 255 242 255 173
    255 200 238 191 114 255 255 255 255 153 255 22 255 255 149 255 255
    255 255 4 77 255 255 56 137 255 255 145 12 255 255 255 255 255 14 95
    255 10 87 68 248 255 12 24 232 255 12 255 255 216 255 255 80 42 255
    255 161 91 255 255 255 186 255 255 78 137 99 255 255 255 255 255 222
    255 255 255 255 103 255 98 195 64 164 14 246 38 22 71 132 44 255 255
    62 24 255 255 255 200 99 248 255 255 255 255 255 103 255 255 255 255
    248 255 250 242 255 255 187 141 140 234 255 220 255 255 12 187 115
    162 255 181 255 255 255 40 113 103 255 255 77 255 149 255 255 255
    121 202 32 236 160 244 255 255 151 60 56 255 193 42 173 255 255 111
    151 255 255 255 255 236 255 255 161 255 118 255 255 40 193 255 255
    105 255 114 255 36 38 79 157 255 24 40 255 255 255 140 234 255 218
    255 133 255 141 255 16 255 255 255 197 255 255 255 16 255 93 255 255
    48 207 255 255 195 12 255 255 255 30 255 255 255 20 255 255 255 192
    255 14 102 254 224 255 228 255 56 73 255 255 255 226 255 10 255 255
    255 255 255 20 255 255 143 224 255 255 255 255 255 165 255 255 255
    118 89 255 255 58 255 255 127 201 255 255 4 255 255 255 34 6 255 108
    255 255 255 255 42 118 255 143 255 255 255 194 255 143 255 255 83 78
    255 165 142 255 255 78 99 255 208 255 193 255 66 255 255 255 255 72
    255 95 176 255 28 96 107 246 4 0 255 255 10 12 192 30 255 255 255
    255 255 255 6 255 255 10 166 255 228 255 169 199 92 255 255 255 255
    255 255 193 210 78 255 252 102 255 255 132 252 255 192 255 246 255
    255 255 188 255 161 220 93 255 255 255 210 40 195 83 255 52 255 255
    205 255 255 255 0 194 255 24 255 22 252 255 255 24 248 109 125 255
    119 255 255 255 255 38 255 93 92 36 71 255 246 255 8 179 153 255 255
    117 212 255 228 255 255 234 255 246 46 48 255 255 255 255 255 206
    208 255 255 101 255 210 119 255 255 226 255 26 255 248 78 173 79 255
    212 79 255 54 255 80 91 26 255 10 4 116 20 255 252 199 20 255 255
    175 178 216 173 255 79 255 255 255 255 255 226 44 172 159 105 255
    255 60 42 255 255 255 18 179 10 255 87 42 255 48 116 44 255 156 201
    255 196 255 255 255 255 40 255 68 191 204 42 255 22 255 255 244 255
    73 64 255 255 255 255 255 255 248 255 158 255 255 255 210 255 255
    255 83 255 4 20 38 234 255 232 214 255 255 103 97 255 91 255 106 255
    58 248 255 255 255 201 255 255 129 255 255 208 222 190 216 242 6 255
    255 238 255 157 255 60 255 255 255 255 164 255 195 255 255 255 200
    153 226 255 255 255 255 255 26 110 83 50 255 34 185 76 255 255 255
    129 255 16 214 255 255 226 30 120 255 81 255 255 255 56 177 255 255
    145 255 240 255 255 255 6 255 255 255 20 174 10 255 255 255 105 255
    255 255 255 255 89 68 214 50 84 255 255 180 99 155 168 10 119 140
    255 255 255 255 255 255 255 255 255 255 255 216 240 255 178 242 255
    138 111 212 255 232 255 255 20 255 156 255 255 24 54 40 212 20 255
    255 255 255 56 255 73 255 255 255 118 255 255 255 105 255 188 255
    255 128 255 131 224 255 117 76 255 137 160 255 40 226 255 4 154 255
    255 26 173 255 230 255 254 18 10 66 255 38 183 196 255 255 164 159
    255 70 228 255 64 167 255 255 255 255 228 255 44 255 255 255 255 255
    255 255 255 10 255 255 210 255 255 255 220 255 181 120 171 16 58 181
    255 194 26 193 255 244 255 255 171 255 78 255 255 62 255 255 255 177
    255 255 193 119 170 255 210 255 255 246 255 255 255 188 226 177 255
    255 183 255 255 255 24 255 255 255 255 209 30 255 255 255 52 255 255
    123 214 48 167 255 255 20 70 255 117 62 255 137 234 255 226 255 100
    255 255 80 255 77 255 255 201 255 208 255 255 255 255 255 255 255
    226 81 216 255 14 26 104 236 137 142 169 255 124 206 236 78 129 255
    255 24 91 76 255 48 80 28 52 255 135 255 84 60 48 180 255 255 58 255
    89 255 255 255 166 151 101 168 58 255 156 109 139 255 255 255 255
    255 255 100 246 255 142 28 183 255 255 189 255 255 48 238 255 255
    255 255 93 255 255 255 255 255 203 255 117 181 255 255 255 78 83 210
    114 255 169 174 131 10 255 179 255 255 255 255 26 255 232 255 69 36
    255 232 255 120 77 255 238 151 255 62 255 181 255 255 153 8 58 24
    255 171 255 255 255 255 255 255 255 255 255 73 255 183 248 255 28
    255 100 246 255 255 218 0 160 255 32 255 255 255 255 56 201 255 111
    255 255 171 232 220 255 255 112 226 255 255 255 155 255 255 30 255
    255 77 255 255 255 114 255 255 232 222 246 76 255 255 255 255 111
    255 185 189 255 255 250 255 255 255 255 255 250 255 255 125 42 175
    38 255 54 179 255 255 255 255 117 155 234 203 255 255 255 218 242
    255 255 54 179 4 12 54 111 255 62 127 204 255 255 255 46 171 255 105
    236 164 139 93 255 255 95 255 173 44 220 109 250 255 87 159 52 255
    54 255 218 255 255 255 8 255 255 16 244 255 255 168 222 255 255 240
    255 255 255 81 255 167 38 255 36 255 255 255 255 255 91 255 188 216
    255 255 197 111 132 255 255 88 255 103 106 255 220 255 255 155 124
    68 255 255 20 121 255 255 255 255 254 255 84 255 255 180 2 242 255
    173 28 255 255 236 218 255 244 255 119 4 255 50 56 54 255 255 255
    255 149 255 232 255 180 187 238 246 255 255 232 255 50 136 220 16
    255 226 255 4 255 255 54 208 141 16 169 177 232 255 255 255 18 255
    255 143 6 144 255 173 255 255 210 255 40 34 210 255 255 255 255 36
    158 255 255 162 119 255 212 185 216 255 255 255 255 255 183 140 208
    255 48 255 70 222 123 255 196 10 205 255 143 155 255 255 129 255 0
    121 138 255 117 255 46 252 62 255 255 216 89 255 255 216 10 174 255
    255 112 255 255 240 255 255 255 255 255 104 255 255 232 255 165 255
    255 187 102 255 2 26 255 244 96 199 42 255 255 83 255 139 8 94 255
    222 255 255 167 74 255 179 98 6 255 4 255 255 255 255 255 255 193
    111 40 185 66 255 255 30 255 255 220 162 115 255 255 255 115 88 255
    255 224 191 255 255 255 2 255 69 209 255 151 38 144 16 73 255 117
    236 42 255 252 156 232 255 86 83 48 186 91 48 255 255 255 98 255 255
    255 255 255 255 255 220 255 255 240 255 103 145 255 255 97 44 255
    255 56 48 71 160 203 161 255 255 115 222 4 255 255 255 46 92 255 255
    20 165 255 255 255 252 48 255 171 152 85 255 255 145 255 112 255 87
    255 197 255 255 255 255 255 255 252 88 145 255 255 189 255 255 109
    175 255 255 167 228 255 255 255 255 2 98 212 133 255 205 62 255 255
    183 36 255 255 156 75 255 70 255 255 198 38 255 255 171 255 14 255
    255 88 87 255 255 163 255 255 255 255 255 255 255 255 255 255 255
    255 60 255 240 70 52 255 255 82 255 255 255 228 255 90 255 70 140
    255 205 0 171 255 152 214 255 255 255 255 40 22 183 2 255 18 212 255
    255 255 97 193 84 214 255 255 14 255 255 24 255 255 255 24 255 66 91
    255 255 255 50 255 255 255 255 212 255 255 255 255 87 73 255 44 228
    252 255 255 255 255 255 255 234 255 128 255 44 92 255 197 255 159
    183 255 255 255 238 44 38 255 255 0 28 255 201 42 161 119 255 228
    255 255 246 70 54 255 8 255 12 255 255 50 36 255 255 255 58 38 175
    36 255 2 158 193 255 204 255 255 56 255 30 158 193 230 255 87 30 28
    0 187 255 71 255 255 228 181 88 255 255 192 201 255 255 255 6 255
    255 255 136 242 255 104 81 50 72 54 12 255 234 66 255 139 189 255
    149 153 68 255 255 180 255 220 255 255 220 36 252 255 34 189 255 255
    255 255 255 255 255 255 255 255 255 131 2 255 255 255 180 242 255
    255 255 220 255 205 255 94 91 255 252 38 38 255 161 234 178 255 255
    255 193 8 166 255 6 92 181 255 230 255 131 255 109 255 186 255 255
    44 255 28 255 255 255 252 143 187 255 232 81 255 36 255 255 69 195
    18 155 42 12 56 228 200 255 145 240 115 16 230 58 91 0 255 153 240
    255 255 255 145 62 255 255 220 255 44 157 34 32 255 92 255 255 126
    255 255 246 145 70 130 255 255 244 167 119 254 179 255 255 255 214
    255 149 159 4 255 119 112 238 216 255 255 4 255 95 131 255 255 191
    255 205 255 255 255 244 255 143 109 255 38 64 72 12 255 255 248 81
    214 255 255 255 155 157 86 183 143 255 87 255 255 54 255 255 36 177
    138 255 121 72 255 135 255 212 161 255 255 255 98 54 255 170 216 191
    192 255 255 255 255 44 255 255 255 255 56 64 255 255 2 132 56 255
    160 255 255 2 255 187 255 191 20 255 26 255 255 255 255 218 255 255
    210 0 255 36 255 234 255 255 181 172 255 6 170 255 255 255 165 255
    168 18 255 64 71 255 110 255 255 160 89 255 76 255 255 255 255 89
    248 85 255 66 255 185 82 255 185 80 255 255 255 97 107 200 62 64 255
    171 255 255 255 255 255 255 0 74 250 224 190 81 255 112 255 255 255
    255 255 16 255 70 255 255 255 180 255 255 255 71 64 64 255 255 255
    175 255 62 12 255 255 236 95 255 255 81 112 255 77 196 255 255 204
    255 255 255 255 255 158 226 255 26 193 255 224 89 255 255 125 255
    255 208 255 80 255 10 208 255 230 255 139 255 84 255 255 255 242 169
    255 255 242 255 255 255 255 255 232 255 255 255 255 137 218 140 255
    255 134 56 255 132 77 179 22 255 205 255 255 107 255 177 255 255 165
    109 116 255 2 255 195 238 255 2 159 255 103 58 84 199 255 255 255
    255 255 52 91 40 255 83 226 167 255 255 105 255 255 255 24 10 127
    255 40 255 255 112 179 255 255 255 255 255 240 50 255 254 255 40 255
    135 192 56 255 226 230 255 255 255 255 255 255 93 102 255 255 40 197
    113 78 157 255 118 115 187 16 255 255 255 22 212 176 255 157 74 255
    77 255 121 255 255 115 255 255 255 115 130 20 255 255 151 153 40 167
    143 255 113 255 112 255 255 255 255 109 255 97 255 216 255 255 236
    255 255 255 145 255 152 255 246 250 56 224 134 255 28 60 255 115 156
    69 222 112 24 255 202 22 52 255 255 109 230 255 87 255 255 255 0 22
    62 42 246 191 20 85 159 12 255 255 255 255 6 220 255 255 255 181 255
    52 255 255 255 255 255 255 255 255 118 195 255 255 255 167 255 255 8
    255 255 212 238 255 240 255 18 255 255 255 159 255 255 255 255 20
    255 156 255 87 255 10 113 10 99 255 206 26 255 148 255 255 92 255
    250 42 201 255 142 218 255 242 69 79 255 255 4 255 255 0 255 26 255
    255 255 205 220 255 212 255 255 255 100 165 246 198 64 199 255 255
    255 182 255 255 255 8 240 255 159 36 255 255 85 255 255 255 255 191
    70 255 255 255 255 30 255 255 199 255 204 139 171 24 248 255 255 255
    44 255 135 228 255 255 255 255 255 40 255 155 255 110 28 220 255 255
    255 255 208 252 255 255 255 255 250 255 255 119 255 26 255 252 255
    91 210 120 75 255 122 255 62 255 139 255 112 255 93 255 252 205 220
    255 255 255 147 147 255 255 255 255 179 254 10 131 197 176 28 157 54
    210 64 255 255 28 255 255 255 255 255 81 255 16 255 255 117 255 255
    255 68 255 255 191 255 255 101 22 208 167 255 58 40 12 4 179 6 255
    207 144 165 167 180 95 85 16 255 127 156 216 224 255 125 129 255 255
    83 232 255 255 152 210 26 255 255 255 128 255 238 255 68 145 126 135
    255 255 255 255 255 226 22 230 155 255 255 255 255 96 255 242 70 185
    52 255 255 255 255 42 199 158 16 151 255 255 255 255 115 255 255 64
    255 255 36 18 92 175 255 220 77 255 255 105 255 255 255 248 255 255
    48 255 255 255 232 255 40 255 255 255 255 139 255 82 255 193 120 85
    115 178 255 50 162 58 255 255 161 77 255 254 255 255 255 255 34 89
    255 255 255 255 156 255 183 152 113 255 255 255 191 255 111 255 166
    210 255 42 255 97 228 255 255 180 255 244 200 191 254 16 218 255 255
    20 255 20 255 135 255 255 153 255 230 255 255 255 255 255 203 255
    255 44 32 216 255 255 255 255 159 255 117 4 24 199 255 255 66 6 206
    255 236 255 155 244 242 255 161 90 71 56 255 56 255 255 193 26 158
    169 234 255 199 255 14 255 46 238 255 255 255 214 4 255 255 46 255
    255 8 140 255 255 255 54 36 255 255 153 255 203 255 144 121 111 255
    252 228 255 255 73 232 255 10 32 255 255 222 255 73 255 255 255 255
    255 155 255 141 255 174 187 173 255 255 48 255 248 179 255 255 6 128
    255 141 255 255 133 255 52 255 168 255 203 255 255 24 146 83 255 88
    77 255 255 255 205 255 255 238 255 127 22 255 255 255 70 163 60 255
    169 66 238 255 207 255 109 255 78 255 255 255 195 153 255 240 177
    255 167 255 210 175 255 255 2 240 255 244 71 228 255 255 70 255 255
    246 255 224 255 236 255 238 255 255 76 255 161 255 68 255 118 255 93
    58 105 79 142 175 255 255 255 159 255 252 255 255 255 255 255 255
    255 255 255 173 248 255 255 255 201 255 226 242 255 255 212 228 255
    255 255 255 255 255 24 123 255 234 255 255 255 113 255 255 56 91 204
    255 145 255 173 255 36 255 201 255 255 255 166 255 255 255 85 255
    255 62 10 255 113 189 255 255 214 148 139 22 60 255 252 70 255 244
    255 255 255 192 255 201 230 255 185 255 107 167 228 255 255 255 220
    230 255 255 87 255 62 255 220 255 103 255 107 255 255 255 2 118 255
    255 106 189 255 255 107 255 255 236 230 184 255 255 230 64 255 30
    255 56 255 255 255 255 255 89 68 36 62 56 34 255 36 255 255 255 248
    95 255 255 123 255 255 71 16 81 255 136 255 159 46 255 60 24 6 255
    206 255 125 164 255 161 254 255 214 255 69 255 255 203 255 28 255
    163 255 48 255 255 255 2 255 255 214 236 141 255 255 171 149 255 255
    151 255 255 64 255 255 255 144 183 255 50 69 255 118 87 255 255 255
    255 240 255 75 216 36 129 212 46 12 244 255 255 192 218 255 255 171
    56 252 255 255 255 255 119 255 255 127 4 255 255 255 255 228 255 255
    255 166 255 212 238 210 64 255 187 135 166 127 244 178 220 83 212
    255 255 70 255 255 255 255 107 255 255 255 170 26 175 255 103 255
    255 64 255 110 255 255 240 151 255 38 255 255 255 255 145 255 255
    255 255 60 26 255 193 255 255 93 255 220 255 255 255 255 216 130 255
    246 206 255 255 138 255 255 88 254 255 255 133 246 255 68 255 255
    255 255 56 103 255 255 255 255 250 250 210 255 255 255 136 255 255
    255 206 226 138 133 255 48 255 255 120 79 255 255 255 85 174 255 255
    255 56 255 8 99 255 222 255 255 255 123 242 255 255 191 255 216 18
    255 255 255 124 189 255 56 133 244 244 220 255 255 255 34 255 255
    255 142 255 125 204 255 255 255 159 8 255 255 232 255 30 255 255 255
    255 255 255 145 234 191 255 255 36 99 70 10 255 255 199 183 255 216
    89 255 255 109 226 255 255 255 255 70 255 255 255 255 255 255 26 255
    255 160 185 255 178 255 85 26 255 255 180 133 224 178 255 165 86 255
    244 20 183 255 226 210 255 255 255 255 174 228 224 255 255 255 255
    255 255 255 255 240 255 255 255 255 255 34 200 226 255 255 169 255
    250 4 236 255 255 255 255 255 255 164 133 255 50 222 129 198 255 255
    255 255 255 166 62 214 255 255 99 255 210 56 255 48 255 34 193 81
    112 255 4 146 226 151 36 4 129 255 66 255 255 222 181 10 208 139 255
    255 24 136 255 255 255 255 125 132 255 255 44 250 255 255 173 255
    180 255 46 60 149 255 12 255 201 198 255 34 255 115 255 192 159 255
    218 2 212 16 255 255 255 163 228 255 62 255 255 10 255 94 255 64 44
    199 255 66 255 66 255 255 212 255 255 255 255 255 201 255 58 255 56
    216 255 228 135 99 255 255 255 214 60 255 255 222 255 158 54 107 246
    34 255 14 255 52 128 255 255 255 179 70 255 169 255 255 255 175 255
    255 40 110 255 141 236 208 255 148 30 46 142 255 255 255 4 255 255
    255 224 106 255 62 198 81 255 122 255 255 255 255 222 255 255 255 24
    255 18 86 255 255 255 226 119 255 218 255 204 255 255 182 255 75 200
    131 66 80 255 228 194 255 255 255 255 255 162 255 255 255 255 129 16
    255 255 255 255 255 255 255 81 255 255 248 255 20 8 158 153 26 94
    255 60 255 255 242 60 36 255 188 189 0 68 52 18 255 255 255 96 64 77
    184 238 255 162 255 75 255 255 255 255 255 169 160 255 255 255 163
    255 76 12 255 255 255 16 255 255 255 255 177 101 255 89 197 132 255
    87 255 255 42 255 199 0 96 195 255 32 255 62 136 255 255 255 255 255
    255 255 199 6 20 255 255 255 240 255 38 255 92 121 93 255 255 230
    255 97 255 255 149 255 255 255 255 255 75 255 255 46 135 255 123 255
    244 71 250 124 81 255 198 127 81 66 255 135 188 255 255 88 222 255
    255 127 75 255 255 183 255 255 159 255 32 255 16 255 207 255 255 101
    242 40 135 255 255 255 255 131 255 255 79 255 255 255 32 255 28 255
    255 66 255 16 255 255 255 255 165 156 195 75 255 255 255 66 255 255
    255 255 40 255 255 193 142 236 201 44 255 255 136 255 252 255 195
    214 255 255 255 148 193 255 14 58 255 255 255 255 255 255 183 42 255
    155 78 255 255 58 161 255 255 255 147 255 255 99 255 255 147 255 255
    254 255 28 175 255 255 119 255 187 224 254 255 129 40 255 230 255
    255 255 255 24 255 4 131 255 255 255 12 255 255 216 232 255 255 238
    52 50 255 155 155 255 255 240 190 255 119 138 255 255 255 255 255
    255 103 99 34 255 38 54 242 255 60 117 255 255 34 141 234 255 248
    255 232 255 222 38 185 255 214 255 255 216 210 20 250 224 174 161
    242 255 208 12 255 226 185 255 133 255 140 255 255 178 255 191 212
    151 255 214 153 230 208 255 255 255 216 255 255 255 34 86 185 255
    255 28 255 240 255 255 255 87 12 255 109 255 255 44 255 255 255 255
    42 101 255 132 52 255 255 255 153 255 73 255 255 255 159 255 135 189
    255 255 255 130 147 255 255 255 255 255 255 87 255 255 255 255 127
    66 48 255 255 255 147 222 184 255 103 255 255 255 255 143 97 255 236
    83 146 99 255 255 255 255 255 255 145 255 255 255 255 255 255 34 187
    255 164 255 248 86 255 111 0 255 255 222 255 255 8 0 255 184 255 255
    255 255 255 38 255 201 255 255 115 255 250 255 255 255 165 8 10 68
    158 222 255 142 255 105 255 255 85 132 255 255 80 236 24 255 255 121
    12 169 255 62 169 30 102 255 42 24 255 255 255 255 255 134 255 54
    198 255 115 18 255 255 255 255 230 28 119 255 255 151 255 132 255
    149 255 22 36 186 255 214 255 0 24 255 210 255 6 54 255 255 4 255
    188 255 214 220 255 22 255 255 255 255 220 255 182 210 255 232 18
    255 110 210 255 0 62 255 246 149 255 255 236 255 255 240 50 255 212
    255 134 24 255 255 244 255 0 255 255 240 18 255 255 228 52 18 195
    255 14 255 255 176 46 24 255 255 230 124 255 255 172 255 177 255 255
    255 72 246 199 255 255 240 255 185 115 18 149 255 82 255 255 162 36
    255 255 255 250 255 255 255 255 255 131 255 255 210 255 255 255 255
    255 255 255 205 95 142 195 255 124 255 255 255 255 228 255 165 255
    132 56 255 252 201 187 238 255 201 198 255 255 108 255 105 240 22
    199 154 169 255 255 255 255 188 255 255 255 44 89 62 255 255 16 232
    64 82 48 64 255 203 107 82 255 175 255 255 8 106 255 255 255 242 75
    255 24 255 255 255 18 84 255 255 124 255 71 130 203 255 224 50 54
    255 255 40 0 255 42 94 206 255 196 220 255 255 91 255 110 255 255
    110 125 255 56 255 58 194 255 255 255 255 255 255 68 40 182 121 255
    224 255 44 255 255 240 255 181 66 26 40 255 194 255 255 255 255 66
    114 255 255 255 44 117 254 103 155 255 255 14 255 255 255 255 255
    111 152 117 93 255 255 255 255 255 255 140 135 255 255 91 255 255
    255 101 234 255 121 255 255 131 255 254 255 255 255 26 255 250 135
    198 255 4 255 255 255 255 252 255 34 165 54 220 119 255 114 255 70
    255 255 255 250 252 139 255 248 224 192 255 255 160 255 255 120 244
    117 255 255 255 255 255 255 12 54 242 255 121 255 162 56 255 234 89
    255 16 250 205 244 117 255 240 191 113 255 85 44 255 255 248 76 95
    179 255 117 199 255 255 255 84 255 50 255 56 250 54 255 97 86 255
    179 255 255 255 255 175 250 46 255 199 74 149 2 232 255 255 66 255
    255 255 117 115 150 255 238 192 68 255 32 52 255 255 255 255 255 14
    255 178 22 255 255 255 64 70 131 52 194 83 255 255 127 255 100 255
    236 255 255 181 255 131 141 10 222 97 34 255 255 255 238 24 212 255
    255 106 255 244 255 255 18 90 159 121 255 255 255 255 255 255 255 89
    147 255 127 255 255 236 255 255 206 220 184 254 58 16 255 234 238
    255 165 128 103 2 255 255 66 166 226 141 150 48 255 168 121 201 110
    255 255 254 139 255 54 133 255 164 255 185 255 255 255 255 197 226
    254 255 255 255 255 255 130 255 255 148 255 153 66 255 246 255 255
    255 255 91 119 255 255 73 104 255 255 70 28 159 176 42 232 180 255
    195 58 255 255 255 255 139 255 79 255 236 255 135 12 87 255 255 252
    105 255 255 255 255 236 177 255 113 28 160 71 254 136 255 14 255 255
    255 74 255 255 255 183 252 108 255 97 255 54 255 4 71 105 255 42 255
    255 201 255 248 255 255 255 255 255 170 255 117 255 155 244 255 248
    255 255 255 171 255 255 255 116 232 66 222 255 255 168 117 129 120
    255 56 255 238 255 38 255 255 174 255 255 48 135 117 58 16 255 118
    255 87 255 255 255 255 255 131 255 255 255 255 255 230 118 255 44
    172 115 255 255 255 30 172 58 199 86 255 255 255 0 135 255 255 255
    255 54 255 255 255 127 255 255 255 68 255 169 255 255 8 255 255 143
    208 255 255 50 255 255 255 255 255 42 157 77 240 255 117 255 255 228
    148 222 151 210 238 54 255 218 8 255 255 255 64 255 255 86 151 255
    94 246 255 255 240 255 52 255 44 88 103 255 46 255 199 194 255 189
    80 255 255 162 255 255 224 205 255 255 109 255 255 181 161 144 99
    157 80 255 255 76 255 255 255 83 255 168 255 201 156 50 79 12 4 0 90
    255 255 72 113 255 255 255 209 126 255 139 42 220 244 255 255 171
    255 255 20 114 255 255 236 255 255 255 179 32 255 42 255 255 255 255
    255 255 137 255 255 255 126 127 255 188 153 6 164 4 255 255 255 255
    30 255 255 222 230 255 255 255 149 255 255 48 62 255 255 255 255 255
    255 77 255 66 255 255 255 255 255 255 203 42 255 255 255 255 151 255
    255 255 255 255 205 255 255 40 68 230 255 220 120 133 52 254 254 151
    58 109 255 204 244 255 172 115 248 255 255 109 255 255 12 186 255
    197 150 32 255 208 255 255 255 255 167 255 68 77 220 97 255 255 255
    255 2 255 255 130 255 105 255 181 163 255 250 255 255 236 79 255 159
    167 255 255 255 255 103 255 255 157 255 255 115 75 172 153 28 40 113
    255 255 255 214 38 255 255 255 255 255 76 255 113 255 255 255 255
    255 255 2 255 255 228 42 109 255 255 83 180 255 255 255 255 34 255
    117 255 100 255 71 255 210 105 126 255 171 255 101 52 12 255 255 138
    255 255 154 255 252 255 44 171 255 255 95 62 64 97 255 173 255 32
    255 0 208 255 181 144 99 255 255 255 255 74 81 36 38 83 255 62 255
    177 112 255 255 255 255 255 255 255 207 238 255 115 12 255 255 255
    248 42 234 242 105 255 232 93 40 155 207 172 224 236 108 244 75 255
    255 32 136 10 255 242 255 79 226 255 255 196 255 255 255 255 255 255
    255 255 255 14 52 100 240 216 255 255 255 255 222 255 255 169 255
    130 255 255 255 255 255 255 255 255 255 8 167 255 0 255 255 50 255
    164 255 255 255 199 255 255 255 255 186 34 12 255 2 255 255 255 77
    36 255 255 255 255 254 244 255 115 220 255 255 40 255 255 255 44 255
    14 255 255 255 255 255 255 20 18 72 255 242 255 50 119 255 20 42 255
    71 129 255 255 113 88 255 255 0 255 255 255 255 255 255 255 255 210
    203 255 255 255 255 255 255 255 255 14 2 242 191 255 255 255 255 122
    201 73 255 69 255 255 197 75 178 18 230 248 44 255 140 203 255 255
    24 218 244 89 36 255 255 255 18 255 255 132 236 212 54 255 255 255
    255 255 32 147 75 136 255 163 255 255 248 16 255 44 255 173 255 154
    79 255 124 131 185 255 255 123 255 255 255 255 255 255 255 153 255
    255 255 255 255 60 255 255 255 255 255 16 255 255 66 255 255 255 81
    255 141 189 104 171 234 4 252 255 76 255 255 255 139 2 255 14 255
    255 255 121 182 255 255 2 255 255 200 101 255 255 255 89 82 255 255
    255 0 255 188 46 155 255 236 255 255 62 255 246 255 255 255 255 209
    152 177 48 18 48 255 255 255 255 82 255 230 152 228 255 44 123 255
    255 56 157 14 151 71 255 234 24 132 113 255 248 201 255 255 32 255
    255 255 255 255 255 255 92 89 255 174 255 255 255 69 121 255 255 255
    255 255 113 224 255 255 252 44 0 70 171 121 255 255 255 206 220 255
    255 255 236 255 255 255 168 44 255 255 255 141 188 157 255 255 10
    255 54 255 255 255 50 240 255 255 255 255 255 44 255 81 250 255 255
    26 174 115 255 210 255 255 250 255 171 156 255 34 255 255 255 255
    218 22 32 224 255 255 255 255 22 255 93 255 250 255 244 0 187 206
    255 255 200 97 40 218 121 238 92 255 203 255 50 255 12 58 131 34 255
    255 164 255 255 110 255 210 255 205 255 255 234 66 82 255 255 230
    115 255 34 38 151 255 171 255 255 255 255 130 255 24 255 169 255 255
    75 222 255 10 191 255 44 255 66 255 255 255 185 121 82 255 42 168
    255 173 130 255 68 50 255 255 90 255 30 6 255 125 148 226 255 250
    255 244 255 255 232 255 230 143 255 255 255 255 177 242 166 115 255
    255 255 214 255 255 255 150 255 255 255 255 54 206 255 42 206 85 255
    14 173 123 255 171 64 255 205 216 194 36 255 255 113 10 10 255 18
    126 119 113 255 255 255 255 77 255 255 255 255 255 69 255 42 171 255
    68 141 121 255 255 48 255 230 255 28 149 255 255 255 135 126 255 48
    255 255 255 255 157 255 140 183 255 254 255 224 255 6 255 255 255
    255 255 255 240 255 255 255 120 255 87 18 255 255 138 185 87 152 255
    255 154 224 255 255 175 255 86 99 205 218 252 255 255 20 145 118 244
    255 120 255 255 34 255 255 255 107 209 40 250 255 202 68 255 255 60
    113 255 85 255 150 255 46 255 127 255 116 151 255 255 224 207 255
    255 255 255 179 255 60 255 255 240 255 197 126 255 244 150 105 24
    164 10 255 255 83 255 70 32 255 255 255 255 255 255 97 255 255 58
    112 165 255 188 255 56 255 6 167 254 255 38 255 255 255 254 250 255
    255 255 242 108 117 77 255 255 242 255 255 107 255 226 255 246 255
    250 206 42 70 238 173 79 255 255 255 255 38 255 255 255 255 255 73
    255 124 255 255 32 255 20 234 255 14 255 81 255 255 255 161 126 255
    109 255 141 255 255 255 83 4 242 12 6 255 255 74 255 38 32 255 255
    255 255 155 62 255 12 222 255 87 255 255 181 234 255 255 255 115 209
    90 255 255 255 255 255 255 255 255 76 42 87 232 141 131 250 135 28
    255 255 255 38 255 218 150 255 255 124 32 121 255 255 255 142 52 139
    84 255 255 255 255 24 120 255 40 144 255 36 250 255 115 255 255 255
    194 255 255 88 255 54 254 255 149 255 255 255 244 255 77 255 255 255
    226 255 93 255 255 255 255 48 255 255 230 177 255 10 191 166 255 255
    4 255 255 214 255 255 112 255 255 255 54 255 255 141 255 255 244 255
    130 255 255 255 185 255 82 187 60 255 255 203 242 255 255 200 255
    153 255 206 0 255 169 255 112 255 205 174 255 255 255 129 255 255
    220 255 255 131 255 255 255 255 255 40 111 255 173 163 74 255 255
    214 255 255 255 212 97 255 44 255 122 255 173 255 54 255 255 66 139
    100 20 137 202 252 255 255 255 2 255 255 255 252 255 210 255 255 255
    236 85 228 6 255 255 244 125 56 126 10 40 255 255 28 255 255 255 234
    117 255 148 24 171 152 255 58 255 255 255 208 255 255 255 77 255 255
    129 255 255 255 255 6 197 255 255 226 255 255 199 255 176 103 255 58
    210 255 255 255 255 255 30 255 255 93 255 255 255 159 255 199 255 86
    117 77 255 161 224 194 255 179 68 255 255 24 255 255 255 255 77 255
    255 255 78 234 113 168 255 28 170 255 255 255 255 113 0 255 22 146
    195 255 255 129 255 255 203 91 74 109 255 134 185 127 202 255 83 255
    255 255 152 255 50 255 255 157 28 197 255 0 255 255 30 99 255 70 255
    255 255 30 87 255 255 255 255 83 255 208 255 255 255 40 255 80 220 6
    80 255 79 178 255 255 255 143 189 255 167 123 180 255 255 150 30 255
    20 255 212 10 255 42 255 255 255 80 255 93 255 255 218 182 255 255
    136 175 255 226 255 14 255 255 71 38 163 255 150 255 246 255 26 255
    150 52 255 224 18 42 255 153 119 255 255 255 255 135 255 255 191 255
    255 255 105 255 69 129 255 62 255 255 255 14 238 113 205 255 66 234
    255 255 255 16 218 255 255 175 73 160 255 177 255 75 207 66 255 187
    14 255 161 38 255 255 150 255 255 255 244 161 255 255 143 28 255 127
    255 34 187 255 238 4 46 181 238 70 179 121 255 255 50 255 62 169 255
    83 255 255 255 255 16 255 255 46 95 255 255 255 255 255 255 8 255
    206 255 255 205 50 74 193 103 255 255 255 180 206 165 255 255 171 94
    30 255 20 255 255 228 255 255 166 103 255 210 255 255 120 255 255
    255 36 117 230 75 255 255 93 255 106 46 255 255 155 255 255 22 255
    208 212 255 255 255 255 50 255 191 136 125 255 254 255 255 132 248
    220 24 93 255 12 255 216 255 255 255 255 255 121 255 255 255 32 255
    32 64 255 232 255 255 255 80 115 58 210 73 147 156 179 255 255 255
    147 244 236 255 244 173 255 154 255 255 154 64 169 32 75 105 12 255
    22 144 255 255 255 187 255 210 56 255 255 255 255 136 248 255 255
    255 255 232 255 255 84 238 143 78 125 255 250 255 255 202 255 255
    100 255 255 255 205 8 255 4 203 255 111 228 174 187 255 255 255 255
    218 117 255 226 113 177 255 85 119 160 54 197 255 255 73 240 255 149
    82 91 191 198 255 101 255 222 255 255 255 147 230 171 12 150 255 143
    242 175 113 255 177 123 255 105 159 152 83 121 255 255 18 118 203
    255 255 216 255 110 255 195 255 255 236 255 255 195 2 145 255 255
    255 255 255 255 255 164 147 151 252 255 246 250 255 255 255 4 216
    255 206 2 255 255 175 255 255 161 40 252 255 240 206 87 255 125 255
    255 218 22 48 179 113 144 143 255 36 236 73 196 255 255 255 255 12
    198 240 255 255 153 255 255 50 60 255 255 255 152 40 0 42 255 70 12
    10 220 180 255 255 122 255 52 236 163 115 74 255 252 24 255 255 255
    107 101 255 189 93 255 255 255 255 255 255 14 2 255 255 255 133 238
    111 255 255 255 255 255 161 255 255 255 191 74 165 255 255 255 81 8
    255 255 178 185 34 184 255 255 255 228 255 255 203 193 250 255 255
    82 38 115 255 255 214 10 30 255 100 255 36 255 218 71 255 255 64 255
    255 255 255 255 255 255 255 255 255 58 60 68 236 159 255 255 255 255
    149 255 40 255 254 255 133 119 255 255 255 192 173 255 10 255 205 36
    255 255 255 252 255 242 54 255 255 206 149 255 255 187 32 255 255
    170 28 255 192 255 32 255 117 50 255 255 36 120 95 255 255 32 26 255
    107 255 86 44 255 246 255 197 255 68 105 255 255 255 255 36 81 154
    32 42 255 255 255 255 167 244 255 52 95 255 62 255 84 6 210 255 255
    255 48 255 240 104 133 177 148 22 255 255 255 101 255 255 255 255 99
    255 255 255 246 166 255 255 255 255 191 255 255 255 255 60 107 64
    205 255 28 255 255 112 105 255 255 255 255 224 208 121 255 40 58 174
    255 255 52 255 26 88 121 255 244 189 255 255 228 153 255 56 255 255
    255 255 90 255 99 255 255 183 255 255 246 255 181 255 255 255 187
    255 255 169 86 255 197 48 208 48 110 255 255 78 42 255 255 8 255 48
    255 255 255 255 232 255 255 255 255 255 255 168 42 255 255 14 255
    255 255 255 196 197 255 255 255 255 112 66 216 255 161 34 255 28 99
    182 255 50 102 255 255 70 255 244 86 149 255 255 255 255 142 187 48
    42 254 255 255 60 250 255 99 255 92 255 248 255 6 137 255 91 139 228
    212 255 255 255 255 255 255 87 255 255 255 255 183 127 255 255 255
    12 79 0 50 222 255 190 255 255 255 255 0 255 64 254 255 226 255 156
    79 255 255 255 255 188 32 255 34 255 38 255 255 169 74 255 42 240
    149 216 255 185 255 255 26 255 255 218 8 255 246 240 255 255 255 255
    181 179 255 255 26 255 181 250 255 255 255 255 255 255 204 255 123
    228 255 255 120 255 255 255 255 101 255 255 0 126 34 155 176 177 30
    255 255 255 255 255 255 98 254 255 174 255 34 255 255 179 255 255
    255 84 214 224 255 220 255 94 255 97 255 255 255 255 167 255 255 255
    238 255 22 255 168 131 32 190 220 183 255 101 189 255 255 50 255 218
    201 16 175 0 2 30 255 196 255 171 255 216 171 255 113 64 255 155 30
    154 40 97 255 109 216 255 24 103 255 131 14 255 89 255 18 255 255
    255 32 185 255 255 255 216 240 171 255 73 255 166 255 50 120 0 255
    255 141 228 255 214 255 104 197 255 255 79 255 255 255 255 255 255
    34 255 107 255 32 255 255 255 255 255 255 255 255 255 255 255 114
    139 185 255 255 240 242 212 255 255 69 255 255 255 32 255 254 255
    255 255 105 142 203 242 255 255 232 255 165 255 255 255 52 255 255
    255 94 85 93 160 73 161 255 123 255 12 220 255 255 255 183 180 255
    189 0 79 44 255 238 141 52 228 255 255 255 171 164 255 255 255 199
    255 228 255 115 255 58 255 196 255 89 255 255 255 0 255 255 255 201
    255 46 255 255 255 255 255 14 153 255 255 255 255 255 255 255 255 22
    107 228 183 46 255 58 255 64 255 18 170 85 255 255 193 97 0 69 169
    92 255 91 255 255 255 255 199 255 255 255 163 255 89 24 8 216 255
    255 115 85 108 26 255 26 255 255 26 255 117 255 255 255 242 101 210
    98 255 218 184 255 135 108 193 244 54 255 255 214 143 129 255 38 255
    255 50 201 255 255 255 255 255 189 110 255 209 174 255 255 255 32 30
    255 255 105 255 255 189 255 255 255 255 36 255 255 228 153 46 157
    255 196 208 71 255 255 255 56 255 209 255 255 255 24 137 255 255 255
    70 255 42 91 255 252 255 6 179 81 255 255 64 54 206 34 255 255 255
    255 175 255 255 34 50 255 183 52 152 255 56 112 121 255 22 255 255
    102 255 255 255 0 135 255 175 255 116 255 246 88 255 97 242 201 255
    255 255 255 255 255 255 255 255 240 216 79 77 150 255 255 255 56 255
    255 255 255 255 255 255 255 255 250 255 255 248 202 127 212 78 212
    165 255 91 105 152 255 234 108 139 173 255 105 222 255 54 22 255 0
    255 168 255 169 255 119 175 88 135 119 146 220 255 56 255 255 182 6
    81 255 255 255 255 255 216 232 79 232 255 255 244 106 115 167 255
    255 255 255 119 6 216 175 255 255 97 58 134 255 255 255 214 255 255
    44 255 66 255 236 255 197 163 80 4 169 255 68 254 255 159 85 255 255
    255 172 103 255 128 62 50 255 238 42 40 173 255 142 255 109 204 255
    181 255 255 255 66 115 155 140 255 255 255 52 255 184 255 137 214
    255 185 208 212 255 255 6 255 255 18 255 255 255 255 255 123 209 255
    230 255 255 255 255 255 95 255 255 255 255 255 149 255 255 255 255
    255 121 255 255 255 147 212 255 38 82 255 255 255 54 185 255 248 255
    255 189 22 152 163 255 164 255 255 78 255 113 72 117 255 255 181 38
    242 248 149 218 87 93 10 255 66 26 131 255 255 208 255 86 255 255
    255 255 255 152 255 255 255 141 60 110 255 97 120 52 2 56 255 255
    110 147 255 124 157 161 12 101 155 108 12 109 56 20 255 255 255 255
    172 218 153 255 127 255 255 255 255 86 255 54 118 255 255 255 30 255
    255 255 255 6 205 255 24 255 255 255 197 255 255 75 255 64 255 255
    255 127 255 255 255 111 255 255 255 58 255 255 146 255 147 86 220 81
    255 177 255 255 255 255 255 255 8 86 222 250 216 255 139 255 208 255
    255 91 255 188 89 50 66 255 255 10 255 50 152 40 255 255 255 255 2
    81 218 196 161 12 184 109 40 255 212 73 255 97 99 148 210 16 182 14
    255 162 255 255 212 255 18 132 255 255 255 255 77 255 248 255 255
    109 255 166 255 255 56 255 230 86 255 119 255 255 232 136 210 255 28
    38 255 255 255 255 255 28 56 234 14 255 255 255 255 255 77 255 212
    69 255 66 125 187 255 255 127 88 145 255 255 255 255 255 255 255 142
    99 195 255 255 255 255 75 255 255 125 228 176 255 109 222 255 255
    255 212 133 255 255 195 102 193 155 118 255 255 100 167 255 255 255
    139 150 4 255 178 255 255 122 244 207 255 52 255 24 255 255 182 54
    141 255 220 226 168 169 255 255 255 103 255 250 62 190 161 107 255
    255 255 255 255 212 174 201 255 66 255 56 180 255 109 48 255 255 255
    141 255 255 255 70 255 226 56 255 255 252 255 255 255 255 255 255
    140 255 255 22 255 46 6 50 46 255 218 139 255 238 185 248 175 254
    132 208 179 198 246 68 255 85 254 248 255 255 255 255 6 255 113 77
    128 165 255 255 255 224 148 191 255 106 143 125 200 255 44 180 30
    149 255 93 135 114 255 255 255 255 255 255 46 165 255 38 255 255 117
    246 255 255 255 255 255 153 255 255 117 26 155 255 118 255 81 255
    255 255 110 171 58 134 255 255 198 121 6 92 255 181 255 255 255 92
    206 255 4 60 105 255 4 24 90 255 216 255 157 54 118 62 255 116 255
    87 255 255 187 102 115 255 254 30 255 255 255 255 218 255 255 255
    242 99 255 87 255 255 129 255 116 255 255 255 193 255 255 0 255 170
    255 199 146 255 255 255 255 255 255 255 255 255 255 97 255 18 216 94
    255 255 210 255 24 120 226 255 0 161 255 236 222 255 255 255 255 60
    255 255 255 255 255 136 255 167 18 173 201 255 179 64 72 91 133 162
    255 255 255 255 93 0 255 145 54 218 26 255 255 255 92 255 255 192
    255 216 255 255 222 255 255 255 184 255 214 204 212 255 255 255 111
    255 218 81 255 89 255 100 42 147 255 58 32 106 71 14 90 153 255 255
    255 131 255 71 255 134 255 255 255 255 4 6 145 255 255 255 255 255
    255 234 42 185 187 255 111 255 34 197 255 255 255 255 176 161 255 2
    255 255 255 60 135 74 14 177 124 191 48 206 255 255 255 255 175 255
    255 255 255 255 34 255 244 50 196 34 255 6 44 255 255 255 255 112
    255 48 4 255 254 255 255 165 255 66 121 196 255 175 8 255 195 255
    117 255 255 30 255 255 2 255 255 18 255 255 255 255 82 255 255 72
    111 255 255 255 255 166 255 255 255 255 127 255 255 255 2 255 149
    255 111 18 255 222 255 6 185 255 255 216 56 30 89 4 184 222 255 255
    81 79 64 255 255 242 255 255 42 228 255 234 255 2 246 199 34 0 255
    255 255 255 145 72 6 143 255 255 22 142 157 255 28 255 255 152 255 6
    255 255 255 255 109 255 255 255 255 255 38 50 255 255 255 150 14 22
    255 255 197 192 97 240 46 75 255 70 159 113 255 255 255 255 255 70
    32 255 139 88 255 255 66 199 95 186 79 185 228 255 255 30 255 255
    102 34 255 255 16 199 140 255 255 246 255 42 250 210 109 255 255 85
    50 255 255 255 255 167 255 250 255 255 255 91 146 167 181 120 30 242
    255 159 32 255 222 255 255 236 141 22 163 60 132 48 24 255 214 232
    254 255 6 255 255 255 176 52 255 2 255 32 255 255 255 244 68 224 255
    255 220 255 16 255 0 255 71 86 255 255 212 242 255 255 255 255 200
    54 255 255 255 153 188 255 234 255 210 255 176 87 255 46 255 255 255
    153 255 60 255 255 240 255 255 255 255 255 204 255 242 90 175 145
    255 255 149 255 240 155 255 255 236 255 139 255 16 255 255 244 222
    107 120 255 255 255 101 167 88 68 255 236 143 195 255 255 255 32 255
    79 190 255 255 255 255 220 92 255 255 255 175 137 240 255 255 255
    255 214 14 255 91 92 169 151 255 255 255 255 66 255 255 117 109 255
    255 191 248 238 255 168 40 238 146 255 255 255 255 255 255 81 159
    255 255 28 255 255 255 255 255 147 200 161 255 255 255 246 255 255
    34 232 255 255 255 255 240 255 255 28 220 255 24 142 255 255 255 255
    255 44 97 255 255 255 75 255 216 248 74 255 103 255 255 242 255 230
    255 46 255 255 255 255 255 162 60 255 34 81 22 244 255 212 6 255 181
    194 255 255 174 255 20 255 255 238 255 255 255 106 179 207 255 255
    255 48 255 12 255 123 0 255 135 101 255 28 255 255 48 183 108 255
    255 158 46 159 255 244 255 216 20 149 255 109 255 20 255 255 255 255
    236 234 232 255 50 137 255 38 199 255 164 187 103 255 255 58 255 107
    129 228 212 222 166 255 255 120 255 183 255 255 255 255 238 97 242
    169 255 86 255 255 255 0 255 240 255 255 88 173 255 255 236 255 255
    4 255 255 99 255 255 73 255 255 210 117 255 255 135 244 255 70 255
    255 255 255 8 36 118 10 91 255 54 125 255 255 210 76 255 244 255 44
    250 118 255 255 255 255 157 255 6 255 146 175 255 128 169 255 255
    255 143 154 255 252 255 255 212 160 255 255 80 48 255 255 89 70 106
    255 255 30 255 199 255 255 255 170 133 255 255 255 44 255 255 255
    255 255 83 98 255 171 255 83 195 22 255 220 255 255 173 224 255 24
    255 255 255 162 255 255 255 255 255 255 203 255 255 255 195 90 32 99
    18 255 189 255 255 151 74 20 255 82 203 121 255 255 26 112 38 255
    122 255 161 190 255 85 255 255 255 255 6 214 255 255 129 255 52 238
    102 255 10 255 38 255 58 16 34 255 79 189 255 232 234 255 255 255
    236 254 22 255 255 255 255 117 255 106 50 103 255 255 255 246 135 38
    255 255 255 255 255 115 102 255 255 255 181 0 26 255 255 255 30 216
    210 167 131 255 127 123 255 255 255 196 255 255 184 255 224 255 12
    255 220 255 2 248 189 195 255 255 240 255 255 255 255 60 255 184 255
    255 62 66 255 18 8 255 255 255 255 255 195 195 176 167 255 140 255
    255 246 145 255 255 189 36 170 255 250 92 255 125 242 255 38 255 255
    85 255 255 255 255 255 255 255 189 255 174 255 255 255 167 255 255
    255 255 78 255 238 255 141 151 230 99 113 44 255 255 6 50 255 255 83
    255 255 255 117 255 255 255 255 20 255 20 255 191 14 255 238 255 83
    255 208 214 129 255 26 255 255 97 145 255 255 255 255 255 255 255
    255 38 12 255 56 26 38 255 255 24 125 80 255 169 116 255 255 78 83
    159 255 255 2 255 85 34 26 255 73 255 255 254 255 30 8 255 255 224
    132 181 153 18 145 255 255 52 255 255 30 255 255 255 255 180 255 169
    255 255 58 106 255 244 255 255 255 118 177 64 154 137 28 255 95 255
    255 255 220 38 255 255 60 255 255 255 255 255 54 159 255 46 255 93
    255 220 85 255 255 255 230 183 255 160 195 255 164 117 255 255 255
    255 78 255 129 255 255 129 255 255 14 218 255 171 250 58 254 255 255
    255 128 255 127 212 252 255 108 105 187 255 107 222 255 255 255 255
    179 89 132 111 255 80 240 54 122 254 189 70 93 255 255 34 129 98 135
    255 255 242 70 255 220 103 168 255 255 255 240 91 255 255 137 232
    255 255 22 248 255 255 255 157 150 255 255 255 255 66 12 228 165 255
    255 214 255 255 147 255 123 255 244 183 255 255 28 255 252 255 255
    46 119 30 84 255 85 26 123 255 255 255 255 255 255 54 160 52 255 255
    255 141 255 85 127 255 14 252 255 255 255 56 216 255 255 255 255 255
    255 56 255 52 255 255 255 255 198 68 255 255 38 62 255 255 255 28
    255 32 255 208 255 208 161 255 24 255 161 76 224 255 255 244 66 255
    34 56 255 107 255 255 54 255 220 62 83 140 255 255 128 85 147 255
    255 255 255 44 203 68 171 255 226 34 255 210 201 255 255 255 255 154
    83 255 50 255 58 255 54 234 255 250 131 50 255 255 255 255 153 186
    255 255 255 255 255 184 125 255 186 232 255 234 255 255 255 131 255
    255 226 255 255 145 255 255 28 255 8 93 255 255 0 255 220 248 70 174
    255 255 255 40 255 255 255 135 188 255 226 255 224 255 255 255 255
    255 255 255 255 255 218 255 255 68 255 255 255 255 141 255 14 255
    255 255 246 2 244 255 36 255 210 255 255 255 64 144 255 189 255 44
    255 255 255 105 88 255 85 255 226 255 255 255 255 76 224 255 255 255
    255 255 228 56 144 214 60 28 255 62 190 255 255 255 255 255 255 255
    255 255 255 109 255 255 255 102 255 240 255 255 255 158 255 254 255
    199 255 255 163 40 30 255 197 255 197 220 255 242 99 255 97 255 186
    255 201 102 18 187 154 255 58 255 224 147 255 255 255 22 30 183 92
    189 255 255 212 255 255 255 255 54 103 255 248 167 255 36 255 129
    255 255 212 255 216 255 52 8 193 255 255 255 255 85 73 216 255 143
    242 255 255 254 26 179 255 255 255 222 255 8 255 6 255 38 255 255
    255 255 218 255 175 220 255 255 255 58 255 18 255 137 10 255 2 255
    255 117 255 255 99 214 255 255 161 136 16 79 255 157 255 255 255 214
    255 157 119 255 230 255 255 20 255 90 101 255 255 255 255 146 255
    255 116 255 179 255 220 255 255 151 87 255 163 157 255 149 224 255
    169 255 206 52 255 214 255 255 255 255 68 28 255 22 80 255 255 72
    189 246 28 255 18 204 255 255 14 255 255 200 16 255 255 93 255 255
    203 255 255 125 97 76 255 255 255 255 77 92 255 255 255 255 244 255
    95 255 230 255 255 64 103 159 156 255 97 255 255 255 210 187 220 124
    255 20 216 42 255 255 255 255 255 28 129 255 244 255 204 255 169 192
    135 255 214 255 255 40 255 179 114 127 143 124 103 159 255 255 62
    255 36 255 255 255 209 242 255 255 255 46 255 84 206 255 154 12 255
    255 255 87 182 175 212 255 255 181 82 255 255 255 255 255 194 255
    255 255 255 28 96 191 255 255 248 175 228 143 255 255 255 255 255
    187 255 255 234 255 122 255 71 255 255 255 242 64 255 255 155 117
    255 218 236 234 255 255 154 255 255 154 48 255 255 255 16 190 255
    255 102 255 107 144 255 125 255 255 255 6 48 255 255 22 242 164 93
    255 255 36 147 76 255 255 236 199 255 34 255 197 38 143 34 188 228
    255 255 255 255 255 240 60 238 255 255 98 91 212 255 255 255 255 75
    255 255 255 255 222 79 226 136 255 255 48 255 179 18 255 255 255 255
    255 92 44 255 12 18 255 255 95 125 255 255 105 255 123 68 255 149
    255 36 255 93 255 210 255 190 255 16 220 255 107 28 151 248 30 255
    58 0 255 255 255 255 129 170 255 24 255 179 101 128 69 255 255 149
    255 255 48 255 80 171 254 255 179 255 184 255 255 4 254 255 255 24
    242 142 141 50 255 255 255 192 255 255 255 255 255 255 255 167 255
    255 255 255 185 209 255 77 139 50 60 18 158 255 255 90 255 255 255
    255 255 34 71 255 172 89 255 232 255 255 255 255 236 28 153 254 84
    149 218 255 129 255 64 255 222 232 181 137 80 125 163 255 255 255
    255 69 131 255 20 99 255 255 119 196 255 255 255 255 66 255 255 40
    255 0 255 232 255 131 255 255 255 255 255 149 80 220 203 255 255 255
    178 66 125 255 69 255 255 68 216 255 255 255 76 165 255 62 109 255
    60 255 99 116 169 255 255 255 255 255 255 255 255 210 236 255 155
    255 255 22 2 72 139 14 255 255 210 144 139 117 116 255 255 254 255
    30 255 103 255 255 255 255 255 189 255 0 173 255 255 83 119 255 255
    255 255 48 255 255 255 255 76 255 255 234 255 255 255 255 70 212 255
    12 44 255 255 255 230 141 255 248 4 74 255 183 216 255 255 255 125
    255 255 28 238 255 20 255 255 255 177 126 255 255 255 255 250 96 238
    28 255 232 212 255 255 255 104 97 255 200 255 255 114 255 255 20 255
    255 255 210 255 255 255 255 255 157 255 255 12 56 36 240 58 255 255
    255 255 255 255 255 255 255 34 255 255 62 222 54 108 141 255 170 255
    38 208 10 255 255 131 255 255 22 255 255 109 255 4 135 24 255 255 18
    255 255 242 248 119 255 58 255 252 255 177 255 255 195 230 180 218
    255 255 255 224 255 255 169 255 214 255 112 255 255 255 255 255 255
    165 255 32 255 83 255 255 255 255 255 255 74 79 125 58 175 255 78 73
    95 255 208 255 216 81 255 255 36 255 172 22 255 255 255 255 255 240
    255 136 255 201 255 255 159 255 93 18 255 179 255 132 103 83 246 255
    79 228 218 209 255 255 255 255 255 255 255 255 255 76 255 30 152 255
    255 0 255 244 255 46 28 255 255 255 255 255 242 255 255 255 196 129
    220 218 255 50 148 121 129 156 255 255 106 77 255 88 255 255 255 66
    255 255 93 64 255 185 255 255 127 255 255 255 54 255 255 255 255 255
    125 255 255 129 8 8 255 72 173 48 190 255 52 255 12 177 255 248 255
    80 248 228 34 226 255 255 255 255 255 244 255 88 255 201 126 95 255
    255 255 77 255 255 255 255 255 255 162 255 255 255 255 181 166 255
    85 220 16 177 120 54 255 78 255 242 82 171 255 255 255 2 255 119 255
    255 123 255 255 255 197 255 6 2 255 255 255 28 147 255 226 255 133
    255 115 255 255 75 230 255 212 255 255 255 255 220 255 129 255 161
    121 255 26 255 50 255 255 236 171 255 166 255 95 255 18 129 234 255
    255 255 255 255 255 255 157 255 255 139 20 255 163 152 38 255 255
    255 155 10 34 255 255 255 52 255 127 50 214 197 119 255 255 212 255
    8 210 255 255 18 255 255 255 255 255 135 255 255 119 142 255 255 255
    250 38 255 255 91 255 153 255 22 255 255 255 255 101 255 236 255 255
    40 255 255 255 255 255 255 255 255 77 255 255 255 255 192 6 255 255
    255 255 30 38 255 255 165 255 218 177 234 254 91 255 8 71 255 255
    149 30 255 197 212 255 255 203 212 44 255 255 255 255 255 255 255 58
    87 255 60 255 238 255 87 255 158 66 169 250 179 255 255 89 113 255
    255 151 255 255 255 168 18 129 82 62 255 18 177 109 255 20 175 255
    255 255 255 255 93 198 255 224 255 238 255 42 255 222 255 255 4 255
    255 236 106 95 255 208 242 34 255 255 232 255 222 87 255 255 255 240
    149 220 255 71 79 148 157 255 255 203 97 255 255 255 255 36 255 255
    248 18 244 254 10 255 159 101 64 171 4 255 255 255 16 255 255 246
    255 255 255 165 121 255 255 255 248 255 62 92 226 255 255 216 218
    218 254 77 108 255 20 60 4 195 72 246 79 255 255 44 250 255 12 255
    255 255 168 255 18 255 81 255 218 255 255 212 255 20 255 255 147 255
    161 255 255 205 255 255 216 131 255 111 255 255 252 255 210 24 255
    242 75 103 255 255 255 100 255 255 190 255 255 255 255 163 255 153
    255 240 52 70 94 255 255 20 255 75 202 62 48 255 255 36 254 4 218
    255 234 230 254 246 255 116 255 255 64 255 0 34 255 38 244 159 242
    92 255 255 64 93 70 255 143 255 236 255 32 198 255 119 74 255 12 192
    255 255 255 255 255 252 255 40 255 206 28 255 255 255 255 255 30 86
    255 42 24 236 255 255 171 87 255 255 218 255 255 255 150 143 179 114
    255 255 255 252 54 255 255 255 130 255 255 204 255 255 255 193 255
    255 255 255 255 255 236 255 255 40 196 255 226 255 232 191 255 173
    255 120 197 255 255 105 2 255 224 255 255 255 127 255 255 191 255
    255 254 72 255 252 156 101 255 255 255 75 255 255 119 255 255 40 255
    255 255 255 236 62 202 232 255 255 255 133 50 153 255 198 255 255 18
    255 255 250 255 141 44 183 32 232 255 255 20 54 255 255 175 40 255
    255 255 16 77 181 255 181 93 255 54 255 255 56 255 255 165 2 12 252
    143 255 79 255 255 89 255 30 255 195 144 255 105 255 10 157 255 255
    22 44 64 38 172 255 255 255 4 173 255 255 252 255 255 16 255 255 255
    255 6 255 162 169 137 0 255 181 8 60 255 255 68 38 255 255 240 255
    46 255 252 133 255 255 255 254 255 255 255 20 255 171 194 255 255
    255 255 131 255 97 199 100 255 4 162 255 127 255 250 255 70 255 20
    255 255 255 255 197 255 255 255 255 255 159 6 208 197 255 6 139 107
    255 255 232 66 111 24 255 193 255 255 199 255 162 255 255 255 255 81
    255 255 54 234 255 255 110 85 177 138 173 79 6 255 18 255 193 255 34
    14 153 255 226 255 255 44 139 144 48 255 255 42 52 48 46 255 255 255
    255 164 255 255 136 0 255 208 255 255 178 255 220 255 139 36 255 255
    91 255 220 165 20 127 197 144 161 83 6 255 255 24 255 54 204 242 75
    112 255 87 255 56 255 104 212 89 255 81 87 72 255 93 255 167 255 255
    255 255 158 30 255 255 153 255 255 228 255 255 255 44 144 26 177 14
    69 255 255 255 255 255 155 20 255 255 20 192 240 255 226 255 255 255
    255 255 196 16 159 255 85 255 255 26 255 192 159 255 96 151 36 56
    255 189 255 255 255 250 255 123 255 255 240 128 228 101 255 95 255
    255 255 12 190 14 255 255 149 255 200 69 123 255 129 87 255 179 64
    158 206 232 54 68 214 255 255 255 255 105 255 246 236 255 255 68 255
    255 255 60 255 181 255 218 197 255 255 255 255 30 64 107 46 75 38
    228 52 255 255 255 255 148 255 255 255 255 8 255 255 103 30 255 255
    255 187 255 255 83 255 255 255 255 84 121 240 255 101 228 70 255 20
    106 255 255 255 255 255 166 255 220 58 255 60 92 255 255 10 255 255
    255 163 255 255 255 255 108 255 255 255 255 255 130 255 255 255 255
    4 255 38 187 218 255 255 52 255 255 72 222 73 255 242 40 238 212 191
    255 220 70 240 121 28 255 163 255 112 255 255 255 135 109 96 117 109
    255 255 171 232 44 77 60 161 255 255 255 101 255 77 255 255 255 191
    16 255 36 12 255 255 126 255 255 255 119 255 116 193 30 255 66 216
    255 77 255 92 95 115 132 255 255 24 255 255 12 255 255 160 255 255
    170 206 248 162 255 255 122 255 183 246 255 38 158 141 8 255 236 255
    255 255 255 255 255 255 58 143 14 255 255 20 255 255 250 255 255 159
    136 121 236 255 135 255 255 255 52 96 255 187 255 255 189 255 135
    185 255 255 68 192 216 255 158 255 255 255 18 115 255 26 89 255 255
    42 150 93 255 255 255 143 160 60 103 255 255 216 255 255 255 255 181
    255 255 83 64 255 34 228 255 232 255 38 255 255 255 71 216 255 220
    255 218 255 255 132 173 255 4 226 177 255 255 20 210 224 255 255 255
    255 94 145 155 255 212 255 255 64 181 176 119 255 255 255 255 255
    255 8 255 8 30 24 255 255 106 255 255 255 255 255 122 32 255 255 163
    255 104 255 255 255 255 14 90 255 255 64 255 255 255 208 165 210 224
    42 255 255 255 214 255 255 255 99 12 255 189 255 84 255 255 255 255
    255 50 255 143 120 97 255 255 103 255 252 255 255 255 105 147 255 20
    157 255 30 77 58 255 255 14 255 12 120 255 48 255 121 255 156 255
    255 255 214 161 236 147 255 174 12 141 240 255 0 255 255 255 68 255
    255 254 255 209 255 179 193 152 255 255 255 62 255 255 60 179 255
    255 95 116 191 255 18 81 255 78 255 255 255 214 255 128 141 113 255
    147 197 210 14 255 66 255 255 255 52 255 48 255 255 255 193 4 255
    255 255 255 38 141 255 208 255 255 254 255 255 255 157 255 151 255
    218 44 255 84 191 28 232 179 255 228 208 58 178 50 64 230 52 255 244
    242 4 50 206 48 22 42 0 255 255 255 255 255 193 8 255 255 106 255
    255 255 255 20 255 255 48 32 244 12 224 255 255 255 255 255 164 206
    255 255 255 113 255 129 103 255 22 255 255 218 254 255 255 117 28
    255 87 255 42 224 68 255 255 48 73 183 255 255 103 224 255 121 102
    46 101 255 254 66 154 34 255 216 137 214 6 52 255 28 255 121 255 143
    157 255 206 255 8 255 18 255 216 255 166 255 255 255 255 40 255 255
    255 255 255 226 18 255 255 255 195 255 255 52 147 228 255 66 255 255
    255 255 48 95 158 2 12 194 255 250 255 73 255 255 255 52 176 255 255
    255 255 255 255 255 97 44 255 129 242 255 255 210 161 181 255 232
    255 88 255 255 248 255 123 32 246 255 226 179 191 255 255 255 255 34
    255 255 255 8 255 255 214 10 255 255 212 255 255 24 226 255 255 255
    30 255 255 28 255 6 255 255 255 255 42 255 255 255 255 255 122 255
    255 255 38 255 128 181 224 255 242 81 62 73 255 148 131 255 255 255
    212 12 214 255 255 107 255 255 87 226 255 255 255 76 222 50 232 147
    38 166 255 255 255 252 255 255 255 255 182 255 54 114 255 201 255
    255 255 255 32 139 132 255 24 90 255 214 162 75 255 255 255 255 255
    135 255 18 240 8 70 205 255 32 77 255 206 255 255 32 255 252 24 255
    255 74 179 147 134 97 255 255 10 255 138 254 34 56 195 255 255 255
    129 226 255 255 255 60 255 255 255 255 240 187 255 114 255 97 255
    139 50 255 255 255 255 185 255 178 115 255 255 255 255 112 145 255
    216 62 255 255 255 255 255 255 101 255 255 201 4 255 255 255 89 255
    152 79 99 255 81 255 255 232 255 150 16 248 255 255 145 255 119 255
    106 255 20 255 255 255 255 169 58 255 255 255 96 111 255 250 179 255
    255 6 38 62 255 167 12 255 93 184 123 255 255 255 236 255 6 255 255
    101 255 138 255 255 24 255 255 255 255 4 166 255 46 218 26 255 255
    212 255 22 193 255 146 255 173 255 81 255 152 255 70 138 187 68 255
    145 181 174 255 159 188 212 255 255 255 71 102 246 255 244 255 242
    44 255 255 255 153 149 255 203 155 255 255 24 90 222 205 174 255 143
    22 255 255 50 165 75 255 255 255 64 6 255 162 121 255 255 255 56 255
    255 30 255 255 255 255 255 255 255 137 255 98 255 255 110 255 255
    255 137 161 255 201 255 255 143 255 168 157 255 255 83 255 238 255
    246 255 159 255 198 46 255 255 42 197 128 255 232 142 255 255 106 66
    238 255 103 234 94 38 205 76 255 36 255 30 255 108 255 66 192 105
    119 168 255 22 96 255 52 255 68 255 18 137 255 206 255 255 220 255
    109 96 255 139 255 189 24 150 255 255 164 255 255 255 255 255 184
    121 255 255 30 169 38 135 236 255 199 93 74 121 255 234 255 22 255
    183 70 255 151 255 226 255 210 110 255 255 255 167 203 255 255 141
    14 68 240 132 0 255 186 255 248 255 2 46 255 255 255 240 242 255 255
    255 255 255 4 133 66 255 151 8 66 255 144 242 255 212 255 26 170 42
    8 255 175 75 255 248 36 255 97 255 255 18 85 255 255 220 26 218 109
    138 248 24 58 121 255 255 255 24 16 205 10 12 105 97 246 242 255 72
    255 255 255 234 48 255 255 73 184 20 255 255 255 255 255 44 199 240
    60 105 246 255 199 228 244 101 238 161 101 255 255 255 255 255 38
    210 255 255 255 216 255 255 36 105 255 255 255 255 255 255 255 131
    255 168 255 48 234 214 99 255 255 103 255 115 255 255 242 10 255 255
    255 255 255 255 255 199 123 255 255 255 26 255 54 255 255 255 108
    255 236 255 255 155 255 255 143 255 255 255 255 255 255 134 26 20
    184 255 255 250 226 103 255 248 255 182 169 234 255 248 255 242 255
    255 110 255 248 255 255 255 124 93 191 126 255 24 255 255 255 162 20
    224 255 173 255 255 255 155 255 255 255 255 101 185 96 255 255 168
    255 24 255 232 68 250 255 123 134 255 48 255 255 123 255 255 255 255
    99 255 255 44 8 255 255 255 70 2 255 255 255 173 255 242 255 255 50
    255 255 255 255 255 40 191 255 66 79 176 255 155 255 135 137 255 14
    255 255 255 87 255 131 38 255 255 255 182 203 197 68 71 191 255 255
    167 248 255 255 228 255 255 210 206 255 122 255 255 44 255 254 255
    255 255 72 68 255 255 109 163 255 255 255 134 123 255 136 246 209
    255 255 255 255 175 255 255 255 111 255 255 255 255 255 193 255 255
    255 160 255 255 255 255 255 255 255 68 208 255 46 255 143 255 88 255
    93 255 255 255 255 255 87 255 121 246 255 255 214 255 173 255 255
    222 191 210 255 2 255 238 255 255 12 107 62 4 255 86 255 99 255 131
    255 255 191 255 255 255 255 26 248 91 255 183 255 144 214 153 142
    255 255 255 26 151 216 75 16 10 135 113 255 255 255 255 255 64 255
    181 14 255 248 224 104 91 242 82 232 255 250 22 226 255 141 255 100
    255 228 190 244 171 20 232 70 255 255 187 255 123 97 102 137 125 60
    75 255 255 137 255 255 255 14 255 255 93 255 255 123 84 255 177 255
    255 93 255 255 255 4 255 255 255 238 255 184 255 255 255 139 255 172
    129 218 255 255 155 255 46 255 255 255 195 255 68 255 255 165 111
    255 0 255 190 255 193 226 255 255 60 101 255 255 12 209 255 20 255
    56 40 255 178 206 255 255 255 73 255 254 203 255 147 163 190 73 56
    255 121 64 255 133 131 242 255 255 32 157 255 6 50 230 192 44 255
    142 240 255 255 255 16 255 143 255 68 255 255 255 255 220 58 255 255
    255 255 255 255 255 255 255 24 101 255 255 32 255 255 175 255 255
    255 198 54 255 68 48 255 80 143 255 255 159 26 244 255 79 255 0 255
    200 255 125 255 255 255 114 248 255 255 255 255 12 255 255 255 68
    250 194 212 56 38 143 255 255 255 113 255 103 42 255 4 50 116 224
    255 246 77 255 255 255 139 92 149 101 255 255 255 255 242 255 255
    255 109 96 189 255 255 20 255 255 255 255 156 255 255 84 50 255 255
    255 255 255 165 145 255 173 183 214 153 64 138 163 42 40 127 255 255
    121 109 170 206 117 114 107 255 78 222 255 8 255 255 255 255 191 255
    255 149 255 133 75 255 143 77 56 255 214 192 255 255 255 203 255 255
    135 255 108 20 161 255 255 238 255 143 255 80 195 226 56 149 169 172
    255 87 96 203 255 255 255 255 12 255 255 156 255 255 255 255 66 234
    255 255 204 255 109 72 46 79 200 242 255 174 99 255 255 167 163 164
    42 255 255 54 255 170 93 145 242 255 255 255 255 197 255 255 147 255
    255 255 255 38 161 255 255 183 222 2 255 220 68 255 255 255 255 255
    83 145 255 123 228 232 113 255 62 255 93 255 255 255 255 129 232 134
    255 159 255 255 169 255 203 73 242 255 40 255 255 255 255 77 218 190
    89 255 255 212 101 188 255 89 255 32 255 255 255 93 255 236 40 42
    255 255 255 255 255 76 163 85 116 255 83 255 255 255 158 255 115 255
    56 4 255 232 255 255 255 255 200 246 255 92 255 165 224 255 255 255
    255 255 255 255 207 118 191 224 255 255 255 255 199 255 82 255 255
    255 203 56 22 119 255 8 216 101 255 44 236 118 226 34 52 255 255 255
    244 255 255 255 255 172 255 234 6 113 52 255 228 244 22 127 255 158
    193 193 255 60 250 124 255 77 255 255 119 255 255 109 255 255 205
    255 159 62 118 26 222 140 40 199 194 255 214 255 255 40 12 216 169
    255 255 244 146 244 62 255 255 255 230 197 255 255 36 255 62 163 255
    94 236 228 255 2 255 255 255 255 255 8 103 255 255 143 120 255 230
    255 255 64 255 255 181 255 255 125 102 255 73 255 255 255 52 109 255
    78 255 255 60 99 255 116 30 97 255 255 16 255 255 48 255 248 218 140
    48 255 20 34 129 250 255 255 72 255 255 226 177 255 76 255 255 96
    255 255 144 14 255 255 137 64 255 115 255 130 40 255 255 147 28 140
    255 255 255 34 54 238 254 139 230 255 255 255 255 46 244 255 255 250
    95 38 255 255 255 255 191 87 255 165 255 240 255 255 212 255 255 136
    244 197 255 220 133 255 255 62 255 60 255 255 44 255 178 255 255 254
    255 255 144 16 255 255 34 89 164 255 255 255 16 255 188 255 109 255
    71 255 255 189 6 255 255 201 132 255 255 188 54 255 255 255 255 162
    255 135 142 10 255 16 30 121 98 69 255 255 255 2 68 255 255 90 143
    255 255 246 255 255 255 14 255 255 255 255 14 81 255 255 255 255 93
    171 255 42 255 255 220 255 30 255 181 255 191 255 72</data></your_img>
</opencv_storage>
