<?xml version="1.0"?>
<opencv_storage>
<L2_diff>7.9115736108564397e+03</L2_diff>
<test_img type_id="opencv-matrix">
  <rows>100</rows>
  <cols>100</cols>
  <dt>"3u"</dt>
  <data>
    99 55 26 205 96 139 189 91 53 192 209 245 58 87 135 181 47 230 170 3
    224 57 74 25 56 90 246 242 77 89 209 78 7 20 68 135 204 207 142 158
    116 115 79 178 82 250 13 20 150 155 112 231 142 151 237 67 133 58 68
    69 196 180 229 151 239 26 72 99 191 157 88 127 181 117 190 120 246
    248 253 41 57 67 211 228 39 26 255 142 41 108 146 82 10 158 77 186
    38 85 174 47 195 87 192 192 116 135 173 152 116 53 159 130 134 219
    125 199 187 248 115 203 30 90 48 235 97 216 105 229 250 9 192 0 48
    105 89 206 23 229 181 6 162 141 117 11 159 13 189 185 199 188 228
    202 89 119 6 83 36 232 14 26 189 207 185 25 5 25 96 45 31 73 155 8
    167 44 249 149 231 227 113 5 159 193 220 176 32 187 232 250 145 85
    214 133 73 0 117 151 69 4 110 117 92 178 204 153 60 51 124 161 1 150
    146 167 182 140 147 186 84 96 119 236 22 98 131 48 10 137 200 12 132
    130 85 165 53 148 177 145 131 15 159 206 194 94 187 219 175 249 17
    21 193 89 103 149 255 197 172 240 36 118 243 137 216 128 113 102 44
    147 48 96 26 22 251 197 193 202 7 211 85 209 49 223 76 217 116 164
    94 103 188 142 143 78 241 142 79 58 105 78 224 252 182 45 120 219 25
    20 97 145 190 55 138 55 7 178 176 243 198 79 84 167 245 50 46 130 86
    216 16 120 117 178 184 63 190 67 115 161 104 211 63 219 131 29 103
    162 114 238 73 56 64 129 163 133 119 91 180 120 204 19 75 194 168 69
    215 147 98 135 25 167 123 86 213 54 227 12 22 183 92 137 225 246 85
    163 28 124 103 222 154 101 81 254 193 215 9 114 99 227 238 73 108
    240 54 145 228 226 100 253 131 54 156 44 199 67 36 111 73 251 219
    254 110 178 130 1 119 184 81 10 65 54 71 176 87 250 195 200 173 14
    209 47 45 10 26 174 236 41 101 38 215 60 18 57 195 7 98 174 31 131
    41 193 81 65 15 143 34 235 25 195 180 136 9 253 172 93 186 83 100 16
    53 250 232 149 54 133 204 238 211 230 41 21 2 223 100 37 49 81 50 94
    62 25 175 186 230 7 52 163 192 26 184 245 24 28 12 255 56 146 133
    189 14 64 222 65 100 61 174 144 35 175 7 68 177 254 240 46 202 175
    111 111 23 18 147 171 202 99 118 187 252 248 77 0 45 73 34 70 69 223
    1 154 39 252 103 203 219 224 131 147 28 147 63 6 115 219 79 183 17
    46 88 122 211 31 52 97 231 142 232 167 73 122 116 207 122 223 160
    152 39 29 231 36 168 219 231 89 245 147 33 31 52 102 1 76 172 86 144
    39 122 19 48 155 142 144 204 200 72 143 83 173 224 84 28 219 44 206
    33 15 175 196 90 219 189 218 88 169 30 225 72 187 117 103 129 154 11
    67 120 151 70 125 40 42 225 248 34 133 108 101 221 25 111 146 141
    183 20 135 142 149 125 155 184 69 173 132 33 10 203 47 205 221 160
    89 71 120 218 17 232 47 111 231 64 167 70 165 206 76 157 208 102 8
    208 17 207 207 197 208 79 28 78 100 217 250 227 105 238 56 149 161
    96 86 25 254 34 17 181 151 139 71 120 16 72 133 175 254 23 166 22
    112 189 122 191 65 57 148 38 87 176 155 156 68 173 24 38 99 170 145
    35 136 71 227 179 251 78 128 104 160 222 195 249 196 190 116 175 39
    215 196 196 240 6 162 51 95 126 226 160 72 108 42 51 55 83 67 105 72
    73 246 25 184 253 192 112 213 21 29 211 57 26 86 163 53 132 64 38
    219 131 20 241 78 208 199 25 25 222 85 4 236 75 101 89 47 125 153
    253 229 84 169 240 25 92 184 148 255 228 87 230 22 251 245 239 113
    127 125 121 6 99 176 4 149 216 120 9 249 29 177 195 241 224 248 196
    190 5 201 129 201 146 214 7 25 87 119 158 3 225 24 6 43 204 100 189
    36 55 99 77 69 158 183 141 120 36 103 161 6 205 22 244 99 54 43 59
    135 239 199 60 125 19 10 165 164 214 161 118 157 110 186 138 202 48
    188 71 153 250 116 204 78 7 178 98 179 101 61 214 16 25 124 235 35
    177 58 171 74 251 194 198 46 176 12 88 29 198 176 4 255 11 10 186 51
    126 85 39 15 115 25 196 25 219 82 127 145 111 71 229 144 57 22 253
    252 232 230 3 254 191 142 222 246 98 29 57 213 100 198 26 133 235
    139 36 15 117 61 113 81 248 204 170 127 153 199 241 9 247 9 22 182
    91 19 162 94 19 0 13 228 49 67 251 183 105 162 0 57 53 234 20 219
    157 95 181 215 236 244 36 5 239 242 105 53 177 253 227 100 254 56 94
    54 211 76 16 8 173 86 254 34 80 19 217 173 56 191 145 31 147 118 1
    144 17 125 179 229 154 136 52 45 54 165 133 193 220 107 60 98 102
    173 223 154 89 19 40 104 107 53 34 34 21 20 84 194 49 127 81 133 61
    124 223 58 60 103 17 230 121 80 117 120 6 195 148 247 170 105 132
    118 246 72 244 118 105 154 57 213 235 189 39 198 110 229 152 79 185
    16 236 2 233 5 103 10 135 191 123 110 96 17 54 32 125 10 152 220 123
    26 254 53 185 130 89 226 77 46 239 12 62 88 177 216 36 85 218 223 93
    180 113 211 114 242 38 143 247 15 96 142 124 81 135 118 8 115 96 173
    104 6 41 148 79 213 204 162 181 79 155 40 27 218 77 57 52 121 104 84
    166 115 81 30 68 210 155 70 119 236 136 192 1 177 140 54 76 158 229
    203 43 96 201 140 107 80 92 120 94 118 143 97 220 52 58 240 79 71
    118 101 142 52 151 177 253 171 144 74 182 2 163 243 44 26 131 209
    183 71 84 223 210 115 58 10 210 173 81 202 191 40 2 190 56 173 9 21
    180 143 102 41 92 206 70 25 16 63 91 111 189 128 102 192 2 22 73 90
    116 146 110 223 196 188 13 63 47 156 111 243 122 50 120 224 182 140
    77 200 110 230 231 154 48 67 122 194 26 50 201 127 110 155 56 13 201
    40 78 180 120 111 28 19 48 31 152 27 65 15 89 39 221 238 33 206 140
    208 61 51 247 50 104 162 183 20 65 168 254 187 19 188 25 71 35 241
    182 33 104 125 245 148 186 176 95 126 203 136 77 47 147 214 110 161
    164 13 91 143 1 77 188 167 31 25 101 213 10 235 242 71 42 211 198 22
    244 161 136 180 214 239 25 53 184 48 126 31 117 85 139 120 1 161 210
    21 192 128 161 90 192 186 130 195 8 113 118 126 9 144 229 12 237 40
    132 236 70 213 209 15 104 254 64 245 110 89 219 33 161 184 12 166 1
    90 89 240 68 87 144 176 210 198 48 250 146 134 176 171 27 235 122
    121 73 37 219 241 219 215 190 140 44 78 91 126 63 204 27 164 139 20
    27 239 159 30 89 37 72 31 81 101 220 165 51 235 14 59 140 124 237
    253 214 20 42 66 178 130 154 66 24 23 139 52 87 91 219 6 84 247 64
    14 103 88 129 242 31 192 104 21 128 215 45 147 46 178 99 151 200 153
    215 111 135 106 234 233 147 236 7 54 32 25 206 175 73 105 9 245 236
    135 135 129 84 93 141 121 108 127 228 63 114 201 166 77 216 33 110
    201 172 167 216 84 137 161 246 191 237 46 24 171 180 240 144 231 162
    205 244 90 196 109 129 164 76 194 240 181 204 24 197 70 213 36 236
    102 58 69 131 4 225 97 250 141 231 30 97 114 99 64 69 243 244 52 226
    119 16 192 67 125 249 130 28 80 236 14 131 20 28 78 167 21 189 235
    133 248 153 188 231 175 115 206 162 15 72 150 19 115 237 77 195 220
    46 42 174 91 194 76 131 182 197 113 117 20 250 3 13 192 204 172 104
    199 82 205 89 37 130 130 117 232 136 157 69 184 151 36 135 132 238
    227 71 108 70 173 9 48 32 75 157 123 19 148 167 83 13 30 91 99 143
    65 128 108 143 187 230 224 162 189 243 28 209 67 208 216 14 196 222
    70 96 131 54 140 235 155 72 40 28 127 238 53 152 27 109 229 161 65
    163 102 161 84 219 33 193 34 114 83 153 218 57 12 4 240 93 46 228
    254 83 32 122 156 236 133 222 170 32 141 76 231 218 195 34 4 142 98
    10 222 111 119 121 133 68 161 144 243 227 80 46 131 234 92 36 197
    166 120 37 208 182 242 36 223 188 179 239 213 228 196 133 65 200 11
    239 109 210 157 166 162 249 43 211 122 139 177 65 30 132 172 137 102
    6 235 234 176 232 66 249 203 255 182 67 63 8 189 246 126 187 189 14
    227 68 49 22 230 237 184 213 109 118 88 78 234 216 83 209 242 15 184
    247 52 68 230 2 157 107 98 66 255 180 232 61 29 119 54 60 177 161 92
    14 1 112 24 223 7 14 113 192 25 43 231 80 215 133 118 28 87 89 192
    120 60 0 19 122 241 114 177 193 139 82 17 104 98 215 161 119 81 220
    165 152 237 85 159 62 144 123 205 97 78 96 249 109 39 52 5 94 188
    238 156 183 133 89 228 23 32 108 82 207 105 186 19 172 86 17 190 186
    95 167 164 202 150 202 97 189 120 98 37 38 71 225 183 37 32 235 195
    242 84 8 8 65 49 183 158 253 30 253 41 21 209 10 217 96 229 41 158
    237 77 111 166 247 113 46 234 235 1 17 17 157 238 83 66 200 188 189
    237 72 115 244 30 93 5 100 195 114 166 226 215 218 220 191 56 15 244
    229 196 181 64 22 109 68 11 95 225 5 78 150 158 176 219 209 55 205
    132 64 128 18 150 116 114 217 20 99 105 212 3 83 55 162 54 23 251
    222 230 140 96 115 135 231 22 45 43 90 137 208 13 129 138 71 86 195
    188 127 36 199 115 164 130 49 67 144 28 22 60 93 103 129 174 253 76
    46 158 95 106 16 201 226 233 139 2 180 56 129 118 6 255 189 240 207
    206 111 230 8 204 188 147 83 111 180 157 132 236 201 76 107 33 196
    195 180 79 97 170 104 50 194 4 36 165 228 21 223 173 68 207 109 243
    7 143 200 131 67 242 236 155 132 75 57 191 123 37 33 173 10 226 125
    175 214 172 173 129 53 233 118 189 106 246 159 156 159 185 90 6 227
    123 86 163 121 22 80 62 55 229 252 197 188 60 123 117 58 23 143 17
    226 207 196 94 86 124 185 249 215 61 100 193 27 21 231 195 115 66 94
    25 153 111 166 241 92 31 233 148 38 223 52 186 216 30 29 3 170 15
    202 237 228 85 206 251 204 38 249 138 95 164 30 232 96 239 231 236
    83 162 88 188 222 200 100 226 154 50 228 6 255 56 235 3 207 156 170
    51 180 4 12 34 234 221 175 180 211 59 74 127 103 11 45 126 126 181
    243 106 222 177 17 161 216 95 210 95 106 76 161 139 213 128 219 175
    15 60 55 85 114 85 155 170 50 8 205 133 245 96 236 157 187 73 197 74
    128 74 97 29 232 11 158 99 139 181 92 205 101 158 162 149 20 232 154
    85 35 99 211 77 111 171 56 106 129 172 75 20 40 211 106 225 38 13 91
    232 137 130 149 48 100 209 90 112 244 183 62 25 50 88 150 79 92 202
    195 124 210 213 184 208 176 32 147 41 64 20 26 219 117 93 234 200 94
    105 142 167 157 65 70 95 20 186 60 196 126 167 164 173 12 176 129
    123 109 5 124 149 128 148 136 50 156 117 56 231 29 191 20 32 106 160
    18 71 205 76 245 67 125 235 166 71 241 255 63 167 87 164 68 2 204
    121 212 253 241 180 205 176 228 243 117 106 56 193 123 86 172 212
    146 112 208 31 44 120 214 203 96 131 135 56 206 126 99 183 137 228
    111 159 160 179 76 39 221 195 113 1 186 38 175 126 144 2 254 103 65
    213 50 231 195 73 75 136 41 200 166 95 81 91 45 186 30 37 198 29 211
    22 4 177 123 208 200 161 103 128 100 28 0 114 208 247 27 216 194 115
    169 44 35 38 177 132 125 61 151 38 194 53 31 185 75 49 44 157 78 0
    195 183 123 231 87 210 46 4 107 7 14 49 23 16 206 214 131 66 128 129
    132 17 69 191 65 12 137 219 128 226 144 72 136 120 163 111 119 160
    213 67 213 74 241 116 150 10 144 229 249 32 9 8 62 246 254 11 185
    109 60 194 40 203 243 56 223 9 73 252 140 230 198 198 155 94 6 0 64
    138 188 167 186 83 154 124 124 97 214 249 35 30 107 64 56 65 185 53
    171 236 180 72 60 36 197 232 68 228 251 165 83 212 145 211 148 130
    48 242 53 254 249 135 52 99 248 206 108 213 184 113 133 249 8 218
    110 101 218 170 148 46 66 123 227 237 178 228 246 181 95 11 147 52
    107 106 249 111 185 0 54 223 4 235 127 108 128 79 81 67 33 100 162
    12 92 28 119 40 114 33 131 203 228 204 89 123 79 153 51 157 101 19
    92 210 250 185 100 9 153 58 94 18 145 92 26 213 185 133 82 214 212
    17 29 56 13 177 8 2 165 255 107 209 227 183 168 181 30 114 165 75 29
    124 34 197 170 17 214 245 160 166 49 43 39 162 36 211 223 53 159 67
    127 28 174 76 126 52 166 160 10 111 40 210 75 254 195 119 193 36 63
    129 116 152 80 239 173 252 251 229 221 26 51 29 103 146 202 122 236
    73 49 14 103 204 169 229 65 20 202 197 48 73 110 178 191 40 57 225
    136 121 5 163 252 122 21 255 254 236 127 71 9 116 131 157 21 165 142
    136 132 234 82 16 4 53 214 206 16 252 174 230 183 194 210 254 164 2
    68 136 125 203 36 29 230 233 7 14 114 241 159 23 107 168 71 175 148
    192 43 192 97 147 147 219 118 60 251 156 166 83 41 80 158 183 10 27
    100 40 11 193 226 83 227 34 87 75 232 135 38 220 221 225 55 251 241
    31 102 239 41 201 66 32 76 236 163 55 195 78 197 118 101 16 28 113
    192 63 119 153 12 239 62 58 242 127 172 165 13 249 64 83 0 227 180
    227 119 108 149 6 42 223 224 224 9 88 206 96 225 113 99 208 78 83 43
    245 117 90 46 47 201 116 84 77 37 225 173 81 72 17 244 249 79 48 36
    118 151 196 235 249 79 98 245 11 62 172 101 8 173 97 111 36 227 74
    215 40 255 161 144 83 74 158 167 63 191 154 1 68 174 12 163 161 105
    45 10 79 11 91 138 135 129 61 247 40 185 225 159 212 128 4 202 14 70
    53 81 157 136 132 87 135 196 100 177 23 242 6 96 182 228 146 247 126
    210 23 112 106 141 106 100 73 89 162 10 235 205 53 69 190 212 224
    225 235 11 237 114 253 19 189 154 58 183 210 156 6 18 106 122 67 252
    169 164 138 212 99 158 78 29 187 104 202 60 110 211 216 176 21 239
    64 149 107 76 167 202 131 57 39 164 184 39 135 104 16 90 26 255 205
    132 40 55 111 40 196 16 77 106 26 52 240 27 89 17 3 101 223 181 210
    185 89 83 101 234 104 207 73 198 108 132 251 247 5 138 229 234 80 98
    11 177 50 78 239 230 125 65 147 234 222 231 199 49 27 165 148 67 34
    224 146 25 0 163 80 38 43 252 251 227 64 21 25 54 0 36 7 232 176 25
    169 227 69 111 218 252 69 55 79 112 17 15 165 108 39 182 93 173 197
    255 13 8 74 226 13 44 59 3 19 127 251 76 59 111 198 244 20 220 239
    30 17 44 195 109 221 81 217 49 209 233 248 164 60 212 234 230 238
    121 253 207 6 120 140 151 51 16 18 97 119 245 122 190 87 36 37 12 37
    88 160 200 125 189 59 109 89 192 236 218 1 218 117 19 86 118 115 200
    21 222 78 253 107 72 131 38 187 84 26 182 171 87 41 115 177 38 48
    104 146 134 19 30 88 41 196 172 62 2 121 37 150 223 98 135 79 63 148
    0 101 84 0 250 251 28 17 130 92 107 19 239 51 142 11 227 68 73 212
    164 24 146 135 76 237 115 137 62 194 118 188 2 231 77 172 99 130 160
    91 125 130 36 76 37 158 128 165 76 181 31 65 218 12 139 172 37 166
    51 28 222 57 177 117 63 33 72 139 170 125 78 254 123 3 144 109 62
    181 216 242 159 178 14 95 18 136 69 78 35 13 242 58 148 201 12 88
    225 48 9 151 71 28 4 201 209 220 7 193 86 52 16 39 228 182 56 183
    181 175 238 30 22 43 125 202 200 19 246 88 177 130 214 5 14 248 190
    38 52 91 126 254 81 68 147 197 17 106 228 233 134 77 183 201 175 9
    237 138 22 147 173 197 82 72 203 225 226 161 199 106 69 143 249 0
    246 28 174 13 50 68 124 79 38 15 204 110 225 89 66 21 140 163 41 255
    23 18 241 5 76 30 130 40 31 149 67 1 65 229 55 17 31 224 15 174 183
    39 158 48 131 204 92 198 82 230 24 14 231 184 147 12 187 42 203 244
    165 52 173 217 138 75 28 54 59 2 93 40 98 182 124 116 126 30 169 192
    92 147 93 239 73 223 27 168 61 223 132 235 150 239 140 64 240 102
    117 48 34 89 13 95 176 92 89 238 71 38 210 137 196 137 157 193 198
    226 79 201 222 251 75 28 231 236 55 76 171 51 22 203 109 50 215 45
    88 234 170 200 251 1 105 7 133 103 58 77 211 9 59 243 198 174 235
    114 225 208 98 96 144 241 114 201 149 183 207 161 14 6 32 239 28 241
    242 99 90 122 129 56 140 174 113 244 184 97 48 78 211 160 0 253 16
    28 247 103 117 137 200 252 202 190 153 253 50 110 160 245 186 95 27
    39 135 231 12 202 224 115 47 202 98 174 184 135 251 189 212 86 178 0
    41 22 242 116 224 168 202 92 9 179 192 255 184 198 245 163 254 235
    188 146 89 35 37 141 91 38 81 89 139 157 68 0 29 163 108 79 190 31
    184 89 230 159 62 226 193 198 226 142 97 22 156 4 108 116 46 143 24
    170 226 217 139 97 98 209 72 24 15 182 134 241 189 119 232 244 87 18
    28 241 90 52 23 255 120 190 27 236 205 124 163 10 179 125 14 215 62
    37 139 98 245 183 163 179 4 33 99 81 39 235 210 49 100 115 178 120
    228 215 132 47 77 93 212 176 58 225 103 196 82 189 231 32 241 94 231
    172 148 141 248 47 150 183 140 221 189 215 236 190 146 177 8 19 218
    28 21 247 10 145 22 45 32 42 8 206 193 11 53 190 16 5 232 103 160
    203 74 45 181 55 71 247 66 216 201 108 188 48 140 102 155 20 21 192
    112 242 96 69 214 195 94 23 236 128 96 84 76 228 93 14 65 176 122
    255 93 137 225 210 104 113 143 82 57 90 140 39 85 248 117 142 144 84
    233 202 87 140 102 2 62 104 116 86 139 252 113 30 130 203 40 103 143
    47 207 240 174 56 182 39 5 215 95 113 80 177 162 102 223 199 141 125
    58 17 61 87 91 138 18 237 5 91 56 247 129 38 134 151 186 50 156 45
    52 99 109 110 66 152 169 147 82 200 212 45 145 100 38 95 210 123 132
    244 226 204 1 14 251 73 8 135 38 43 73 229 110 216 214 49 207 165
    128 185 232 255 106 133 29 70 31 5 254 164 217 37 134 60 200 84 70
    102 232 152 113 9 18 38 215 16 113 213 182 179 193 161 210 200 212
    146 140 193 130 126 47 49 203 81 117 23 52 227 221 65 55 114 19 194
    86 254 85 189 223 21 20 74 131 71 185 202 232 64 247 90 93 240 111
    169 141 103 108 127 117 247 72 158 220 122 231 31 131 193 47 185 114
    93 224 89 80 218 136 105 163 18 157 156 93 120 203 192 238 155 64
    134 143 250 89 229 123 235 201 116 104 184 160 159 15 243 111 246
    137 132 218 222 180 160 122 122 107 193 86 249 108 14 74 2 104 28
    214 216 37 163 41 5 139 202 23 30 185 71 120 229 239 215 36 118 49
    51 72 103 224 228 61 120 17 21 53 89 35 33 1 31 90 87 250 11 228 252
    197 20 197 136 65 136 113 120 19 63 192 160 70 158 95 2 87 75 13 113
    45 206 93 99 192 83 25 235 194 255 251 246 229 194 120 222 71 115
    242 33 94 8 66 20 38 245 221 147 173 65 120 212 18 26 15 31 31 22 35
    182 51 44 172 70 133 137 253 80 186 24 89 42 55 144 90 176 105 179
    232 215 82 3 83 246 205 186 19 204 243 251 82 25 68 117 95 67 244
    137 94 96 176 231 107 231 16 143 147 166 40 156 112 39 234 194 41
    230 99 246 214 241 2 91 60 253 58 116 143 123 65 36 100 13 62 30 191
    155 94 124 103 140 65 235 76 195 206 87 33 197 111 247 86 129 222
    179 143 218 208 38 58 237 74 72 105 162 148 131 82 111 142 148 5 161
    99 55 144 253 114 185 143 210 178 210 68 215 111 111 40 28 171 64
    189 129 122 204 201 238 45 161 202 93 227 80 224 47 41 119 219 200
    175 171 43 241 252 184 240 217 54 179 210 42 223 11 42 101 190 107
    163 83 104 119 232 108 3 232 244 154 34 100 163 45 79 174 188 34 245
    241 121 236 77 149 79 106 230 75 28 41 86 84 38 113 193 36 36 119
    114 56 216 18 12 206 220 33 167 209 136 29 146 15 91 145 230 236 37
    70 182 103 166 17 20 139 107 36 8 190 5 174 153 183 255 171 206 253
    100 171 97 228 148 108 211 180 53 164 34 201 62 128 63 177 214 88 96
    221 203 161 169 192 88 249 210 111 117 206 38 76 78 97 150 142 16
    106 139 133 15 81 171 69 79 23 59 245 185 172 82 246 56 65 91 63 40
    73 110 255 182 106 225 158 240 162 142 235 177 227 182 143 254 216
    45 188 27 118 147 22 90 16 143 215 244 226 243 10 249 48 95 201 216
    46 142 253 53 112 25 110 137 102 78 14 233 227 49 63 67 128 76 159
    33 230 91 132 255 77 46 234 184 117 19 200 189 152 167 114 158 114
    36 187 189 83 208 27 202 1 130 15 11 228 115 29 40 242 117 205 100
    125 168 23 2 180 235 151 43 227 64 105 215 116 73 87 40 161 7 64 153
    137 27 49 191 201 7 228 136 148 242 200 227 102 130 211 50 143 155
    173 139 160 220 106 153 181 66 81 36 116 28 73 47 52 175 159 162 225
    124 164 198 186 217 201 175 146 247 123 114 79 51 250 112 184 254 18
    195 44 118 21 84 159 85 136 7 129 113 26 112 115 66 250 136 83 113
    123 80 50 225 230 177 64 165 116 101 77 235 185 105 13 23 151 233 28
    55 138 56 250 47 30 59 11 115 21 49 53 161 92 103 201 185 153 15 206
    80 140 227 228 154 141 168 191 126 50 51 146 186 112 99 185 87 33 6
    46 204 46 81 91 149 13 26 71 118 104 125 226 175 142 72 162 132 209
    181 230 5 180 250 95 42 58 93 184 221 37 139 158 63 232 62 29 185
    125 132 65 3 163 174 16 221 25 34 117 251 200 229 72 145 244 13 197
    29 72 127 6 186 87 21 16 247 68 213 174 27 223 97 158 252 12 73 194
    86 253 121 194 20 118 202 36 111 52 208 124 65 14 103 247 219 75 145
    119 112 191 208 158 224 38 178 254 4 177 31 3 50 28 169 199 114 233
    215 149 160 119 97 254 129 208 191 162 83 112 140 199 102 154 43 197
    143 239 4 33 44 184 57 110 200 42 83 179 19 57 230 220 7 140 162 202
    174 230 110 218 216 240 219 132 181 117 180 151 234 142 242 134 69
    117 112 129 11 168 149 194 201 207 14 250 192 1 23 22 46 149 79 35
    180 95 138 131 203 47 244 181 149 253 136 116 155 34 135 247 130 219
    207 10 159 12 8 179 50 5 207 72 108 170 2 76 94 0 49 215 212 196 229
    203 242 108 240 114 143 234 204 124 195 213 92 207 142 44 77 252 178
    238 69 3 184 100 129 78 231 165 117 39 207 153 186 241 5 205 249 34
    163 144 174 46 253 86 200 246 4 232 254 202 51 203 249 105 6 221 188
    235 142 46 24 218 87 16 126 200 211 181 36 182 169 119 24 57 63 177
    114 140 126 32 229 180 48 225 183 67 185 29 127 91 212 154 167 133
    193 212 81 220 123 104 147 21 73 121 20 141 177 28 151 19 7 86 93 68
    214 78 162 202 29 47 201 167 215 118 182 207 118 58 179 214 255 27
    18 47 196 126 124 147 114 242 195 39 244 173 124 253 1 211 191 115
    78 45 38 143 114 108 115 129 30 192 80 92 183 249 92 170 217 155 193
    177 45 66 112 8 39 143 108 75 134 131 97 248 206 204 201 224 140 161
    163 185 128 154 76 195 150 4 66 250 240 192 166 124 226 68 222 72 0
    127 208 41 159 83 235 202 186 22 53 179 176 8 105 20 74 52 142 187
    13 119 199 243 183 224 231 66 225 35 100 202 110 156 9 175 255 197
    51 97 150 255 20 61 4 55 213 21 142 41 210 243 194 126 101 171 225
    240 41 0 224 46 94 31 125 32 23 47 155 157 165 253 111 41 58 19 231
    201 147 238 234 82 88 3 103 249 115 72 97 247 145 217 247 118 127 17
    100 113 192 91 75 234 241 217 161 77 124 186 28 157 215 64 9 143 232
    104 179 255 125 50 96 122 150 109 0 120 202 199 250 152 149 12 35 68
    68 239 63 60 213 119 213 23 39 232 133 139 93 217 183 60 118 185 108
    149 234 3 227 16 95 248 221 170 231 138 121 187 92 25 1 240 152 187
    73 224 160 153 145 153 230 214 247 245 13 106 78 187 215 42 203 67
    230 40 12 192 182 37 162 86 5 48 240 104 38 87 49 249 181 195 189
    120 11 36 73 141 111 100 150 201 233 175 9 209 101 149 58 175 157 9
    160 230 17 59 135 5 150 5 243 99 128 153 237 151 226 171 16 249 199
    231 16 253 190 212 201 47 6 211 80 75 125 235 148 31 87 124 174 39
    101 150 239 6 177 202 218 237 64 47 55 71 184 113 212 166 24 177 157
    45 237 79 84 58 70 213 194 81 122 133 224 14 244 97 178 192 216 95
    82 12 199 203 76 231 169 196 185 181 100 180 49 238 113 173 136 123
    141 154 51 188 245 142 70 103 205 235 213 142 209 105 36 82 128 143
    73 87 64 184 133 123 99 210 222 53 14 161 53 108 9 231 15 94 111 64
    29 207 116 35 151 37 71 221 0 205 219 210 135 184 112 134 137 142
    117 213 221 8 204 26 58 140 199 8 111 51 72 79 175 107 138 61 26 117
    255 67 53 246 86 175 175 108 151 171 149 148 10 52 194 154 239 174
    65 52 106 182 26 156 253 175 88 52 144 62 41 86 49 2 1 105 1 83 127
    211 8 155 36 75 225 220 113 203 14 181 26 151 64 42 202 30 238 175
    131 90 228 97 155 111 195 250 206 193 221 93 70 167 121 161 95 172
    176 175 42 78 134 63 19 243 45 2 24 174 18 82 145 34 19 136 170 215
    98 0 123 101 13 132 52 97 105 120 185 148 142 64 233 64 96 239 61
    192 205 130 143 157 132 252 14 42 37 243 130 13 8 189 8 2 80 174 131
    199 47 183 54 31 75 76 4 191 238 183 101 172 41 175 231 158 131 236
    13 72 76 176 86 233 100 155 35 236 76 127 93 254 159 83 146 240 242
    79 216 142 139 7 53 65 96 248 182 27 86 88 14 54 185 210 194 208 62
    14 12 199 68 245 172 203 109 215 91 212 56 141 58 49 164 185 155 95
    171 149 248 179 212 129 98 3 19 111 191 59 17 244 99 30 126 90 105
    153 183 157 150 46 23 250 172 189 198 27 79 78 245 48 125 4 62 175
    13 71 101 54 234 69 145 8 241 205 11 157 53 25 184 225 60 205 69 39
    101 116 190 3 36 243 99 107 154 22 179 206 113 149 9 137 89 53 106
    22 160 183 145 208 189 124 208 197 209 196 37 239 215 118 216 153
    225 150 58 39 181 178 49 223 212 114 162 104 251 224 91 99 129 34
    212 84 10 216 185 47 215 208 134 232 226 39 56 19 71 34 184 25 171
    244 142 128 38 111 57 69 108 91 62 145 207 29 127 44 48 150 71 80 64
    151 214 114 171 226 120 255 112 77 210 153 139 179 117 220 182 149
    102 141 76 215 121 47 244 48 215 29 116 15 108 252 116 81 174 240
    191 57 162 48 98 149 16 202 130 238 177 48 12 176 31 28 39 242 125
    124 191 51 111 12 52 184 20 186 86 28 230 8 229 130 142 83 120 203
    43 119 227 25 244 58 220 186 248 109 141 114 73 209 72 48 130 199
    211 179 108 144 61 36 46 24 55 18 225 88 247 170 209 93 17 62 71 112
    46 88 242 8 229 12 196 193 120 12 173 111 99 203 2 86 189 133 107
    210 96 81 214 33 45 145 131 6 109 18 43 149 203 240 242 162 22 146
    55 203 244 232 23 79 89 156 33 207 162 69 96 21 50 55 106 236 95 12
    135 105 200 167 177 81 220 218 95 85 117 245 189 178 53 213 236 131
    193 26 19 59 104 199 132 191 137 36 46 224 75 117 93 9 105 203 219
    224 90 104 43 152 166 123 63 115 33 193 181 222 72 87 170 235 203
    120 23 39 148 151 29 225 179 146 26 16 53 92 30 68 245 211 128 127
    184 77 89 144 141 144 119 8 159 109 63 72 242 177 53 100 53 223 134
    46 112 11 206 160 204 239 38 116 247 173 100 215 120 203 160 225 82
    56 94 34 45 140 111 238 205 169 247 171 127 2 1 199 239 182 4 118
    254 210 184 188 245 65 196 71 119 25 121 253 155 232 116 141 150 26
    118 24 178 83 251 4 61 147 181 131 61 12 224 181 168 148 55 90 235
    218 94 10 198 156 174 245 42 39 59 142 136 194 8 176 214 182 246 108
    18 249 181 163 178 172 133 233 91 103 144 95 24 140 116 13 147 78 78
    175 88 39 171 236 165 213 141 7 62 143 68 118 56 216 167 121 148 205
    163 145 157 252 74 118 241 83 124 110 90 105 86 248 44 184 103 166
    30 105 235 127 126 99 152 152 45 87 123 236 173 55 148 143 13 30 55
    30 120 86 52 7 14 169 80 42 251 128 245 9 204 184 69 99 48 104 12
    251 117 193 218 30 174 251 152 180 251 173 11 213 34 200 162 126 43
    8 183 228 156 255 176 220 136 65 241 246 223 67 62 168 26 192 5 82
    46 137 15 135 11 7 132 234 101 5 143 30 253 60 241 143 33 87 231 33
    109 129 111 190 182 182 27 34 155 177 50 12 19 44 226 18 254 50 98
    128 149 255 95 172 13 134 192 149 106 241 182 137 81 2 207 202 85
    189 117 137 248 5 103 155 66 60 169 38 214 40 218 79 87 223 119 254
    137 123 229 215 168 240 54 67 61 35 234 169 11 213 246 51 236 119
    129 54 116 239 230 135 167 33 6 32 231 67 35 51 134 218 137 63 122
    46 117 147 247 69 48 241 142 72 184 37 132 59 22 18 100 60 242 247 7
    12 247 42 80 60 118 229 50 66 75 49 64 71 91 160 56 165 171 72 182
    61 225 187 133 17 236 55 24 215 234 87 164 56 125 165 149 231 104 9
    136 243 204 229 29 16 199 243 100 74 252 110 209 199 160 1 66 132
    156 77 89 217 20 13 37 192 7 147 49 64 102 235 215 94 116 143 209 48
    103 30 46 252 115 30 63 34 219 199 21 154 214 31 62 233 240 64 210
    221 189 72 145 86 218 137 107 102 58 222 26 7 230 165 148 238 160 54
    116 120 216 21 101 254 142 202 91 28 1 190 141 250 211 192 194 111
    31 123 17 125 45 35 77 102 184 173 248 140 211 255 96 16 69 103 89
    12 188 189 74 96 42 200 136 135 23 79 118 128 231 12 76 7 117 65 97
    35 156 72 251 120 32 36 152 7 60 44 27 123 184 50 76 91 90 241 63 59
    185 167 131 248 177 181 252 86 240 158 174 63 60 95 179 245 236 218
    90 196 172 107 140 60 32 91 220 136 138 245 111 55 216 80 1 24 78
    224 58 205 249 36 132 163 232 150 192 149 169 29 138 213 31 42 172
    86 140 78 183 43 45 116 9 225 223 87 195 203 164 140 182 2 112 155
    120 245 152 230 3 254 41 104 197 91 57 153 103 61 56 253 81 188 223
    28 116 220 12 108 50 93 77 238 123 48 37 2 82 105 142 116 39 98 141
    253 176 188 26 245 216 45 51 207 162 233 144 88 127 56 35 124 50 207
    87 60 180 153 61 54 181 158 168 94 29 77 26 131 255 3 199 184 219
    181 52 177 227 87 118 234 145 40 80 33 163 91 221 163 72 132 128 150
    116 6 204 128 136 224 244 118 154 231 194 214 208 71 110 101 138 59
    134 152 87 164 150 151 30 222 192 122 24 191 207 173 17 251 244 222
    39 172 100 92 74 86 79 136 47 100 70 71 176 178 61 181 211 225 240
    174 165 16 107 167 44 33 222 139 246 123 174 201 133 203 236 179 63
    90 66 75 129 213 120 133 233 35 3 189 78 157 199 168 187 38 29 199
    29 255 205 96 220 184 236 18 226 211 191 68 125 175 102 5 243 12 78
    118 219 74 24 107 19 133 131 154 171 152 32 117 189 194 58 254 157
    70 178 29 154 88 112 137 201 18 89 235 128 84 124 128 43 93 65 201
    216 134 194 53 164 243 15 134 181 178 85 113 227 159 0 102 237 28
    159 232 195 164 163 183 202 149 172 202 210 247 116 231 49 68 159
    119 82 60 25 100 189 249 125 103 193 19 20 177 131 18 71 231 179 173
    227 166 228 31 100 152 198 77 48 7 58 86 119 125 71 95 64 124 54 218
    127 115 82 136 40 112 190 125 123 122 217 108 248 248 16 33 249 67
    135 201 226 147 233 64 238 28 91 245 39 133 67 191 228 76 167 15 131
    241 217 212 213 10 84 255 67 161 75 74 147 216 102 181 82 248 253
    215 127 245 9 227 149 55 8 252 238 167 165 231 171 246 97 244 191
    153 238 170 19 72 195 189 136 161 238 184 155 17 70 186 207 151 5
    144 115 251 127 98 167 95 51 44 184 176 156 73 152 197 154 96 44 133
    63 200 153 18 125 38 23 3 234 108 150 181 81 240 147 196 241 101 188
    47 174 43 183 5 99 83 40 141 120 103 186 142 0 119 181 232 83 145
    131 23 54 48 109 217 94 11 0 252 92 104 95 139 28 24 24 26 152 180
    78 236 81 163 159 117 231 117 122 226 7 182 73 114 63 135 157 103 40
    90 201 182 111 64 13 86 241 194 0 145 99 245 43 186 0 131 150 29 144
    204 18 78 5 208 248 69 50 154 26 73 198 184 211 202 240 168 87 92
    242 188 128 89 105 192 50 145 115 255 5 181 141 145 31 54 124 216
    194 107 142 100 84 42 232 71 160 1 159 195 53 167 241 205 116 128
    215 186 168 248 88 103 82 182 41 24 248 156 136 197 236 109 128 132
    82 208 39 68 143 18 201 67 144 120 80 195 79 248 239 44 63 145 61
    239 115 162 167 25 232 178 170 30 158 116 211 21 92 157 250 128 12
    250 114 227 123 32 55 255 83 137 139 76 3 15 120 30 27 224 117 130
    238 11 118 26 225 255 77 173 162 234 7 249 115 73 248 31 22 172 228
    176 124 172 229 31 67 4 186 78 147 120 85 22 27 65 124 77 137 80 85
    87 250 174 84 60 145 201 47 175 90 236 0 160 81 181 119 159 66 235
    226 55 98 42 185 95 51 56 239 236 166 255 115 93 118 151 1 34 249 15
    76 226 0 225 102 136 189 129 121 87 113 152 179 241 215 5 154 53 200
    51 145 74 29 217 228 194 224 210 88 235 203 208 34 45 32 251 71 40
    141 22 146 97 21 29 48 154 93 240 232 127 76 36 117 232 161 35 90
    108 54 177 86 181 186 244 70 241 109 95 8 247 36 92 6 225 123 204 74
    188 176 110 122 156 56 120 125 233 21 180 233 17 126 132 91 159 210
    188 48 90 186 179 34 225 18 127 23 249 115 73 206 96 190 199 79 251
    203 22 254 64 74 232 101 4 166 238 11 174 75 84 223 248 99 243 141
    37 197 195 93 27 241 164 68 126 186 64 80 164 203 56 98 12 244 38 24
    185 131 25 16 148 103 226 56 229 251 238 179 2 208 67 127 134 247 16
    1 171 177 197 207 14 197 139 243 177 18 151 104 110 226 219 127 12
    162 165 181 102 164 19 35 1 77 151 236 180 27 243 205 100 216 238 37
    64 161 85 193 149 210 60 126 230 171 245 89 203 214 22 29 184 41 38
    211 36 29 29 162 230 79 5 112 25 105 233 132 6 168 138 246 232 232
    193 234 86 47 208 40 136 21 64 244 49 56 224 134 9 180 102 51 38 31
    164 66 14 34 167 190 228 60 196 70 201 170 51 60 131 7 39 89 146 233
    11 143 19 120 44 115 73 255 143 49 173 204 255 153 173 170 199 22
    145 129 182 72 245 51 2 220 33 149 251 217 71 50 247 78 125 29 244
    168 249 131 70 167 187 196 231 35 57 187 92 60 189 197 222 165 237
    151 55 157 207 119 131 231 114 40 195 224 173 240 226 132 236 3 120
    160 162 43 37 198 190 89 205 101 127 13 161 73 210 199 123 229 101
    68 48 185 195 118 185 113 102 169 189 255 172 227 76 68 112 119 95 6
    72 96 182 81 122 170 65 48 136 191 192 186 74 163 220 230 30 246 18
    236 248 30 44 15 29 240 167 107 221 23 68 100 56 190 171 159 218 224
    71 24 212 255 62 223 48 159 28 130 148 22 250 171 96 15 24 219 179
    148 71 76 146 150 207 125 226 146 60 249 115 99 201 184 29 192 80
    236 134 145 198 135 164 62 43 157 199 217 239 170 231 69 248 102 39
    190 86 170 45 133 95 42 55 208 124 155 16 110 5 6 52 230 125 130 82
    218 147 213 173 131 236 45 69 41 216 16 59 202 234 108 255 74 59 10
    202 246 176 58 24 187 251 47 69 142 1 189 116 252 150 5 220 6 91 211
    122 255 196 74 148 172 120 246 174 84 97 108 8 135 96 53 59 126 14
    206 133 121 169 19 196 61 41 214 177 65 204 118 192 254 157 19 94
    125 35 2 239 41 6 204 88 249 88 54 130 66 103 234 141 133 114 153 8
    209 31 161 61 50 217 94 12 69 43 196 72 59 82 95 62 166 21 155 247
    187 211 195 5 60 34 168 39 226 172 41 36 182 217 142 41 214 54 161
    228 127 147 119 61 53 169 171 214 42 42 202 252 218 86 181 238 233
    34 116 248 55 63 219 212 171 195 121 225 57 223 234 130 250 140 44
    243 118 34 188 26 57 89 134 131 65 103 180 94 235 226 131 87 62 245
    146 71 144 253 179 95 15 174 238 131 139 169 33 47 212 67 6 189 11
    234 89 13 207 68 7 67 28 38 200 241 120 244 113 154 102 183 251 109
    156 62 160 43 66 219 131 159 139 32 125 72 255 65 93 125 83 91 54
    130 160 12 111 118 121 68 221 43 27 95 191 204 207 94 111 187 134
    215 128 7 1 138 29 174 112 115 11 47 178 140 126 213 205 18 199 132
    11 120 134 51 1 172 35 183 91 33 31 113 208 101 26 132 221 148 73 90
    222 143 238 53 236 27 36 44 42 209 149 99 167 82 225 39 140 154 110
    49 107 85 54 131 61 26 108 0 68 189 158 222 215 132 137 137 240 59
    136 94 30 110 239 37 86 73 253 151 162 118 52 100 129 73 46 233 164
    100 38 114 55 238 229 212 65 8 85 146 66 235 245 103 29 82 186 140
    199 101 251 62 158 70 158 10 1 255 114 77 130 78 166 66 96 235 243
    119 132 238 206 48 156 92 32 245 246 126 204 48 31 35 84 121 105 140
    209 34 197 163 250 32 194 51 94 126 171 4 107 42 228 219 155 83 45
    240 93 176 122 121 179 59 201 152 9 125 204 88 209 35 183 157 248 78
    140 154 120 117 253 147 130 47 186 138 129 79 37 156 141 181 121 150
    30 109 20 207 55 7 76 121 255 156 26 251 150 110 33 58 165 72 124
    173 75 109 236 199 1 161 48 115 114 55 71 167 245 225 250 151 134
    251 175 138 171 81 127 194 78 36 32 29 190 20 25 205 197 162 0 253
    78 159 86 206 196 165 134 72 33 71 176 90 18 240 215 117 19 144 165
    248 10 88 34 12 231 66 247 12 118 56 37 107 73 149 230 213 40 166
    154 99 174 76 144 37 91 195 178 20 226 233 89 80 20 214 165 123 145
    24 27 83 179 77 37 181 156 21 37 88 160 41 219 233 105 64 130 119
    213 86 156 126 2 137 254 145 167 237 49 69 95 152 134 212 254 48 169
    36 224 38 39 201 8 32 61 180 109 20 206 18 16 203 141 187 103 106 61
    180 49 202 196 119 214 248 183 176 255 197 56 13 170 83 232 229 137
    72 22 39 133 206 148 149 18 196 79 52 66 208 107 37 100 226 183 138
    170 57 161 66 224 122 243 90 17 28 196 51 206 15 229 148 134 20 244
    11 133 100 213 72 197 197 135 254 195 170 228 60 23 162 199 179 40
    211 48 160 68 160 190 136 52 133 127 251 26 215 228 207 188 67 103
    177 120 131 23 114 90 129 82 211 205 226 7 157 96 99 99 100 40 135
    54 104 33 227 150 140 245 66 232 25 32 88 151 47 76 60 253 43 255 36
    16 75 182 69 89 122 246 84 6 14 114 58 73 174 190 249 29 0 125 83
    132 199 62 171 84 155 13 66 67 197 84 23 255 38 35 101 242 8 213 66
    2 8 105 4 7 3 128 243 149 170 43 143 117 150 119 185 245 223 123 103
    130 68 151 27 143 147 190 195 218 111 116 75 23 195 68 110 26 255
    245 121 151 239 150 71 192 66 250 66 23 151 110 115 97 75 111 26 8
    44 78 7 244 44 175 51 64 167 91 58 39 200 32 20 174 35 223 184 140
    108 218 238 119 82 60 214 246 250 38 45 58 107 220 184 114 143 34 53
    23 254 35 225 236 116 218 185 83 114 38 254 44 54 93 10 66 78 223 94
    2 114 71 76 140 11 95 246 1 177 153 34 238 96 156 63 251 71 183 129
    204 30 115 14 253 195 101 199 163 152 10 134 106 244 233 142 121 254
    185 102 94 195 9 83 181 153 174 140 220 4 84 128 228 62 185 91 240
    203 27 15 96 242 245 95 0 67 157 144 115 163 27 81 12 3 211 8 254
    157 6 161 55 0 108 211 32 143 252 247 212 240 27 97 7 118 223 45 6
    110 67 103 80 116 36 44 65 95 58 86 68 26 235 132 168 56 177 198 73
    217 17 126 56 153 93 197 217 37 241 86 76 240 216 238 157 234 105 80
    182 45 30 214 145 175 159 230 53 47 115 63 172 35 112 219 88 52 8
    149 124 11 3 245 58 64 152 67 238 141 166 112 35 208 130 142 110 232
    115 181 65 161 173 54 110 166 24 159 101 200 106 121 202 40 205 204
    70 56 61 134 248 185 250 90 52 183 234 9 23 175 9 246 249 145 93 195
    233 75 248 227 31 23 216 16 13 224 19 207 154 73 244 145 17 245 181
    65 141 240 152 67 30 119 107 211 254 38 50 115 142 52 144 90 59 19
    156 60 190 176 223 244 232 149 158 219 16 232 183 121 215 66 213 80
    143 13 31 210 23 113 8 100 247 107 123 20 252 174 92 194 187 236 42
    179 210 121 184 191 106 234 188 236 185 84 8 104 101 123 47 64 82
    181 79 121 66 175 167 221 199 159 52 8 147 134 194 156 167 29 198
    231 104 0 81 87 54 140 171 118 56 115 226 31 37 186 66 223 32 217
    157 76 95 199 129 80 138 105 216 183 157 37 76 214 193 90 111 221
    159 2 192 211 51 75 95 10 181 25 177 248 98 226 117 233 134 226 109
    76 224 172 66 236 206 192 178 216 84 73 88 127 227 43 157 91 230 142
    118 140 159 120 85 169 41 213 82 234 255 232 246 0 128 250 186 199
    218 183 156 194 120 19 141 101 167 44 74 77 100 35 189 219 81 12 162
    154 1 113 28 10 173 18 2 194 36 176 174 155 16 217 238 151 123 113
    45 207 164 0 67 83 173 196 32 251 20 28 167 202 135 193 212 198 0
    213 227 55 195 168 20 118 167 141 65 64 199 93 241 242 253 8 250 238
    29 43 23 65 212 74 116 28 239 119 197 30 116 208 128 184 55 235 7
    208 42 238 184 13 240 185 100 35 235 159 53 165 201 119 23 86 226 67
    233 66 244 25 119 202 149 234 158 251 153 75 237 31 175 95 40 202
    210 50 155 181 10 93 110 210 19 209 219 43 114 136 44 96 15 57 23 41
    239 251 236 133 57 240 88 144 107 42 69 224 160 239 105 38 33 197
    168 73 92 153 50 197 151 77 90 106 53 69 235 50 155 3 33 192 178 155
    52 130 230 120 97 233 34 223 108 222 185 19 57 134 59 219 18 59 99
    232 49 55 190 65 119 198 46 15 93 82 157 13 72 65 155 202 149 43 59
    210 166 228 77 238 153 128 46 79 216 167 73 216 24 190 185 201 86
    157 105 143 68 74 192 61 141 5 9 120 170 80 20 95 173 90 57 144 175
    170 20 21 151 157 188 229 125 202 233 14 216 218 250 201 231 65 12
    16 231 238 172 33 24 131 141 211 245 68 201 160 60 233 247 58 226 26
    144 78 153 54 211 146 224 90 51 94 108 36 167 117 86 67 138 45 75
    240 177 147 206 155 126 139 194 178 29 224 163 50 77 178 141 70 10 9
    139 55 73 245 205 29 80 65 186 26 246 99 31 194 14 23 87 188 53 202
    1 2 180 101 242 150 35 208 10 12 241 220 230 89 94 73 114 173 77 32
    38 110 79 179 31 63 96 195 213 204 173 24 190 252 224 170 44 212 55
    9 10 146 195 111 61 240 131 168 57 27 115 62 159 165 118 130 18 238
    94 1 210 128 183 72 186 139 254 242 89 41 68 199 124 202 48 117 196
    59 245 39 41 106 145 108 79 119 146 120 183 246 148 167 107 38 47
    155 173 174 137 10 158 211 252 210 89 91 208 49 83 39 247 4 73 208
    151 11 177 6 66 40 137 166 247 67 168 106 212 71 34 224 203 52 183
    119 169 69 224 5 38 51 97 70 111 105 160 194 8 162 154 97 57 3 103
    249 2 35 242 245 9 176 86 190 1 211 44 238 139 188 43 65 4 132 202
    106 201 53 37 25 229 239 86 109 139 60 44 0 250 0 96 21 95 157 209
    99 141 46 39 205 41 32 7 152 181 221 190 26 204 51 41 86 17 112 199
    197 80 51 221 57 73 30 246 173 98 7 103 93 9 176 176 231 254 74 196
    197 146 176 217 7 44 124 126 33 98 178 102 111 52 177 151 7 54 26 71
    93 11 189 144 238 103 157 235 210 18 68 195 198 197 24 234 67 151
    135 242 223 199 73 237 113 115 61 240 255 111 244 236 220 0 148 73
    235 148 8 88 231 74 27 87 117 94 63 129 140 241 67 121 146 247 217
    145 86 250 198 207 66 78 46 137 113 201 204 63 178 100 188 63 46 244
    248 205 93 157 71 55 34 73 70 116 201 17 0 222 250 77 25 60 230 194
    241 89 1 244 177 2 36 101 199 71 159 238 95 176 7 191 194 3 72 198
    60 235 64 46 107 64 140 173 239 60 147 179 101 165 108 35 175 158 50
    160 129 229 194 140 50 142 117 236 180 140 98 169 49 137 219 159 1
    184 241 3 209 212 220 124 110 71 47 34 29 45 159 59 49 62 243 53 219
    87 109 44 137 31 117 0 143 35 145 245 34 68 14 1 127 55 103 49 227
    92 197 137 36 163 102 168 66 154 142 208 7 173 196 212 125 64 143
    133 56 18 159 98 150 54 142 155 207 168 54 49 37 238 51 185 120 191
    243 243 209 12 177 220 3 220 222 162 124 234 136 110 214 85 123 182
    249 29 221 173 212 32 118 150 255 133 20 172 11 138 71 60 221 34 193
    76 74 14 222 150 227 71 215 66 185 16 95 8 181 76 134 173 231 40 146
    247 131 255 164 178 125 136 145 130 33 191 118 189 215 138 73 210 19
    132 51 210 178 209 174 214 230 250 143 212 52 66 111 90 194 206 222
    7 21 70 25 162 254 166 227 185 190 94 43 18 35 190 89 144 218 121 68
    28 164 190 108 78 61 52 190 3 43 101 177 242 138 196 67 166 241 252
    244 172 208 229 236 215 93 146 8 194 25 164 53 211 241 108 221 84 76
    183 230 5 213 17 229 129 243 8 252 105 100 101 17 181 154 8 70 7 146
    147 139 91 22 223 128 85 149 26 126 188 186 172 201 86 249 130 59
    202 67 69 105 177 97 87 126 91 110 213 162 147 111 236 176 43 73 118
    211 102 87 16 86 201 206 152 205 214 242 219 14 212 46 137 125 104
    145 12 233 192 224 12 249 157 232 168 230 97 241 178 156 240 174 225
    144 223 203 123 20 198 180 12 109 160 161 254 140 176 127 146 42 169
    162 35 198 210 43 43 110 52 129 115 248 186 65 27 246 249 232 46 117
    82 188 219 51 199 134 57 58 89 238 160 170 185 223 210 254 189 110
    190 108 152 203 225 51 39 36 105 28 101 20 255 164 213 190 65 15 175
    201 200 243 201 5 179 100 245 212 24 59 49 109 68 11 49 231 67 119
    228 14 11 83 185 16 244 130 128 120 14 38 237 17 167 59 71 203 175
    22 85 4 204 230 72 245 143 104 129 54 1 190 137 93 68 171 245 218
    206 149 68 239 32 185 162 32 210 74 216 170 55 218 181 74 244 160
    178 223 149 80 183 21 63 52 234 194 10 94 234 39 12 176 254 194 176
    113 176 53 137 131 66 140 174 87 62 126 218 224 44 182 163 189 198
    120 183 6 223 214 126 119 118 8 113 167 53 109 154 25 221 184 173
    146 86 160 125 152 241 33 80 221 166 251 111 8 181 115 39 55 174 22
    3 67 239 12 50 42 254 131 193 248 23 81 7 66 160 31 135 150 39 140
    233 42 166 186 227 213 85 92 138 84 237 12 113 175 118 32 184 170
    211 219 233 214 12 212 158 251 30 176 144 223 6 166 36 11 243 83 232
    31 169 131 37 51 114 119 233 190 4 194 246 196 46 145 200 118 173 70
    76 61 183 95 18 84 26 148 53 117 201 116 74 64 219 55 50 53 227 235
    204 164 234 209 172 215 215 3 83 58 185 29 200 108 241 144 101 100
    138 168 208 191 163 51 165 186 50 175 138 132 215 110 119 17 135 164
    247 237 204 168 117 102 92 79 214 145 182 7 15 158 38 104 199 191
    205 117 176 165 43 138 222 5 84 255 96 147 43 127 228 127 234 13 154
    222 11 15 1 222 240 50 109 72 25 204 78 239 55 92 100 138 215 117 45
    25 249 60 117 94 208 242 217 88 150 226 50 94 24 255 175 196 104 221
    198 32 151 16 183 42 2 207 130 243 185 199 19 36 42 92 172 89 243
    239 177 169 226 133 128 60 184 5 248 151 236 221 217 188 150 213 198
    113 134 43 105 237 24 80 63 230 212 19 147 220 71 150 57 16 44 187
    205 50 192 33 251 74 27 115 96 139 143 201 162 130 192 30 167 183 92
    127 89 221 143 236 122 107 160 12 31 82 64 16 178 186 36 204 159 118
    50 159 22 64 239 186 200 80 235 130 24 143 236 115 193 63 112 248 57
    255 242 53 186 68 34 12 48 96 1 8 149 133 212 15 112 39 100 13 53
    167 19 133 26 94 117 87 81 184 107 167 11 225 58 91 68 218 98 1 116
    115 120 55 215 121 62 138 88 83 66 9 84 10 137 75 237 110 255 229 53
    114 114 241 94 91 182 2 227 146 185 22 79 218 139 183 215 122 93 152
    79 223 13 79 10 143 23 132 184 119 91 117 168 92 62 43 116 65 106
    205 94 137 241 194 178 131 226 170 227 60 159 219 77 233 86 178 37
    136 137 106 215 250 16 95 90 142 227 177 121 90 70 135 115 209 3 166
    201 77 160 108 236 146 203 185 12 50 47 45 199 207 81 169 90 251 85
    86 112 205 230 78 111 2 191 184 173 37 59 131 152 40 155 144 195 40
    108 99 18 30 52 50 70 136 129 84 29 80 171 238 183 192 193 179 64 90
    146 143 107 123 174 24 44 135 25 3 197 111 8 250 31 12 10 100 75 139
    43 193 217 242 8 179 221 106 252 42 92 163 47 93 222 33 92 141 179
    101 177 230 41 115 99 149 7 84 55 58 27 82 62 178 152 169 72 165 197
    233 172 55 209 161 234 10 185 112 42 170 243 242 92 15 248 181 101
    98 221 220 69 68 3 253 241 128 175 160 61 12 97 78 167 223 90 78 150
    189 36 82 51 217 165 174 121 35 174 32 133 22 168 58 15 26 178 205
    117 45 155 19 57 125 230 21 10 30 120 25 229 191 1 156 117 185 84
    239 64 208 26 176 154 56 106 103 125 88 181 230 221 77 89 103 61 79
    181 179 198 201 244 30 164 151 149 5 24 38 221 96 208 17 177 243 236
    90 236 62 84 177 200 200 223 245 26 181 144 250 183 204 131 111 36
    254 83 239 77 36 143 171 119 210 168 125 106 99 162 235 48 137 186
    161 78 148 166 155 108 181 226 43 26 196 135 63 138 52 24 153 90 172
    212 50 153 228 144 105 242 181 1 211 103 50 90 132 86 180 250 8 151
    115 10 127 197 0 250 195 100 203 188 217 254 84 174 47 168 90 84 21
    64 51 239 177 85 192 152 37 172 42 207 227 45 120 97 72 54 50 68 141
    133 48 143 213 69 95 19 9 143 255 171 241 40 76 138 105 245 231 12 3
    55 234 215 239 54 173 128 204 237 51 225 152 215 248 130 53 69 226
    129 214 177 166 114 86 16 230 130 4 197 165 217 61 135 149 118 61 90
    53 168 18 85 252 243 83 158 76 31 37 36 62 37 202 177 220 87 155 123
    51 92 151 82 40 107 251 82 21 188 49 231 154 147 80 53 231 190 81
    161 120 12 145 224 38 7 116 203 35 24 106 61 143 65 98 11 215 216
    239 86 126 158 44 214 164 203 88 4 201 161 68 79 170 37 237 47 237
    83 136 214 165 136 148 135 75 85 73 5 80 204 199 185 216 68 161 82
    104 198 59 125 105 168 200 229 119 25 63 54 19 76 108 240 237 224
    237 154 158 225 189 230 140 184 201 157 8 110 116 22 200 224 19 84
    191 121 178 31 163 177 150 145 126 184 110 180 106 247 219 225 235
    151 83 37 96 212 221 174 239 164 157 5 81 16 84 247 233 17 249 172
    71 123 213 35 87 99 56 187 57 53 199 251 196 26 241 229 165 42 40
    163 171 250 164 29 0 59 174 235 231 119 94 55 60 40 115 224 43 0 132
    137 212 196 116 247 33 153 51 40 112 34 81 29 249 152 8 166 101 32
    51 201 124 195 98 19 166 239 19 242 170 8 27 7 92 85 253 119 100 220
    111 208 92 104 144 247 67 161 195 28 8 103 143 78 207 193 78 189 148
    254 37 96 39 89 238 48 178 45 159 43 232 162 36 33 97 22 211 119 113
    21 233 233 101 178 102 121 146 190 174 22 196 115 45 66 13 56 198
    156 113 162 202 106 37 227 145 146 254 236 51 74 147 26 81 235 208
    143 147 200 221 227 193 174 221 250 148 188 179 93 175 120 163 230 1
    182 252 207 104 247 39 124 9 50 133 186 229 228 41 76 91 183 97 14
    19 204 249 234 250 138 76 118 215 71 30 128 163 100 151 31 251 5 47
    240 198 200 141 80 5 112 209 27 193 155 216 203 92 128 42 34 166 231
    156 65 131 224 177 48 134 173 162 24 88 249 167 146 26 119 136 100
    164 190 0 193 67 246 153 255 38 10 229 195 129 241 21 38 180 157 33
    152 225 116 135 69 177 207 98 104 96 0 41 34 167 181 152 173 49 219
    111 115 161 110 136 213 209 134 172 187 133 33 96 129 221 88 112 8
    209 24 153 58 42 184 49 26 7 66 82 123 13 240 222 193 108 160 83 236
    162 1 226 104 191 61 127 187 61 48 143 39 13 42 20 152 200 45 156
    212 88 82 127 75 122 48 165 129 20 28 111 89 141 245 214 60 167 230
    199 221 214 229 25 190 204 77 159 39 139 22 219 164 84 197 231 132
    208 64 230 97 190 103 32 210 191 211 19 180 58 142 109 163 241 199
    45 159 98 155 229 54 95 187 136 183 251 20 106 101 249 201 0 0 101
    15 194 156 205 108 100 205 82 86 117 210 199 57 81 14 178 254 146
    196 116 4 237 177 125 27 38 211 92 20 107 132 74 146 115 132 50 218
    180 14 91 157 48 38 33 46 104 58 119 29 16 9 146 142 242 86 184 226
    83 193 161 132 140 93 92 147 223 85 218 159 19 143 131 102 129 7 40
    26 174 2 159 180 9 166 110 222 244 186 229 189 169 237 3 124 183 53
    204 73 84 97 11 211 31 99 81 64 242 35 203 53 100 194 194 47 136 96
    142 25 9 221 172 190 202 94 58 130 83 126 140 101 209 210 12 73 103
    78 239 139 171 103 218 92 169 167 102 201 179 121 122 229 151 74 51
    114 183 198 137 205 54 127 1 237 9 55 219 59 166 195 227 69 232 5
    116 255 175 230 174 80 240 85 211 14 28 149 202 66 23 14 216 211 10
    60 81 212 42 248 71 249 239 51 1 34 230 229 173 12 192 130 70 67 234
    245 220 30 47 16 142 29 98 129 77 185 230 228 214 25 22 218 52 245
    124 154 223 24 252 230 197 131 39 64 49 190 248 238 28 139 137 11 2
    103 203 231 39 230 117 11 11 131 251 86 215 108 82 156 228 149 145
    96 27 149 89 109 115 54 115 33 74 117 229 20 239 23 248 58 131 210 6
    191 43 211 24 9 50 201 116 77 39 127 126 44 35 93 210 5 228 187 254
    146 39 190 93 99 25 174 86 68 179 226 56 161 107 248 53 192 42 28
    217 199 240 55 25 29 104 206 121 233 183 234 99 225 103 191 28 95 49
    233 13 146 53 117 3 77 231 182 34 22 55 229 157 95 113 85 207 145 80
    172 171 187 84 160 108 45 16 134 231 82 64 231 223 111 108 153 81 46
    160 93 149 43 225 12 85 174 27 1 240 0 232 10 128 240 143 225 56 89
    180 179 219 110 15 211 228 58 161 84 192 174 217 210 248 56 102 190
    30 56 133 9 46 247 235 123 161 219 91 133 193 29 80 56 129 206 115
    250 93 130 188 145 19 66 136 183 206 161 223 20 152 109 250 95 204
    223 207 228 229 255 240 99 109 150 156 201 33 62 7 108 140 205 239
    10 60 239 16 200 182 144 140 103 111 250 63 22 46 133 19 42 194 122
    41 157 173 37 163 124 176 120 235 107 190 175 11 243 9 45 212 187
    129 189 154 28 141 87 55 70 61 239 116 100 251 238 47 97 53 142 121
    174 250 140 7 136 241 36 135 198 120 163 200 23 138 222 25 192 84 81
    24 13 141 73 91 8 89 51 104 95 109 237 238 232 141 254 125 225 109
    155 240 166 25 29 254 67 88 58 55 240 119 81 79 155 177 46 212 250
    112 145 130 102 221 166 35 189 81 218 182 184 194 56 234 214 136 29
    246 147 21 221 232 201 61 209 61 64 250 87 35 196 136 232 56 105 30
    123 208 213 38 152 44 188 199 139 69 169 241 53 56 102 109 151 130
    29 229 212 155 230 49 177 99 158 184 238 25 176 167 70 52 129 75 17
    59 25 58 80 190 58 81 8 51 235 113 143 27 169 5 250 110 236 92 69 61
    42 149 86 33 111 111 209 105 11 105 235 52 220 114 35 3 195 184 66
    108 211 190 22 107 136 126 151 193 51 22 42 113 191 72 130 76 27 127
    246 187 48 144 158 100 99 135 9 242 127 24 170 190 25 59 20 52 85
    247 175 87 179 6 241 225 210 169 22 108 107 72 86 18 23 237 133 248
    97 72 92 50 147 157 118 96 14 223 148 3 181 235 15 136 45 79 202 213
    167 155 137 46 185 149 251 237 226 56 98 212 218 68 58 30 246 187
    128 166 88 104 145 248 158 11 38 128 52 247 230 148 58 90 175 212 48
    146 104 19 184 206 172 122 13 87 203 208 192 53 196 69 166 8 44 159
    213 226 145 115 29 77 48 179 125 43 234 47 204 50 125 231 67 151 51
    196 49 108 122 159 13 188 240 104 37 117 249 171 118 4 22 100 110 3
    101 90 138 220 101 97 139 56 226 127 211 193 91 107 42 252 121 68
    134 144 185 255 7 152 132 99 225 186 172 83 51 103 228 102 233 205
    133 119 23 228 248 49 139 5 126 17 250 116 187 160 234 169 11 208
    198 134 157 191 178 165 190 43 106 91 36 96 128 21 71 42 179 93 210
    203 171 54 128 240 18 134 225 219 66 244 77 37 7 252 247 123 132 78
    12 176 75 11 139 77 33 245 248 230 114 60 214 226 139 208 198 229
    119 155 150 178 127 150 27 161 185 28 182 180 35 72 250 97 236 132
    134 245 153 45 191 81 214 14 216 126 53 200 28 200 175 7 152 10 74
    104 7 99 217 151 26 32 164 139 49 128 121 150 109 135 202 104 143
    103 6 232 41 126 27 244 67 112 243 207 10 95 32 185 129 230 33 157
    178 22 187 164 99 120 67 103 160 4 76 72 110 252 68 192 116 241 125
    37 111 186 73 177 190 127 166 253 194 201 148 119 111 1 140 194 171
    186 76 20 202 56 236 203 118 177 149 14 166 229 66 55 226 202 106
    105 36 208 213 125 3 156 237 24 14 139 96 163 205 51 42 152 174 71
    143 57 60 166 177 111 80 192 206 80 24 52 114 92 98 157 223 38 42
    146 92 3 45 52 44 188 111 243 60 228 142 217 79 163 172 248 133 57
    79 5 24 127 54 201 54 79 85 123 124 151 95 96 74 13 110 154 115 154
    26 234 49 91 210 110 167 63 142 121 130 74 188 159 198 21 9 202 12
    97 102 46 246 65 102 173 197 96 9 10 216 245 106 85 96 180 35 125 71
    240 154 104 182 106 203 99 122 140 112 136 207 111 132 253 167 59
    169 174 130 251 157 176 22 74 204 124 183 45 80 23 122 92 221 235
    205 60 10 218 81 127 21 237 240 51 114 51 186 94 131 90 151 0 109 8
    3 24 107 64 198 199 96 199 69 18 59 111 45 133 177 72 7 95 95 71 25
    100 176 28 30 164 246 116 166 254 77 130 107 9 204 44 122 145 77 31
    111 157 192 96 119 248 19 169 254 70 249 30 243 53 168 200 152 60 69
    176 57 201 31 149 41 159 4 134 13 202 109 121 174 148 149 6 136 133
    233 182 180 88 157 22 159 150 30 161 157 102 128 78 232 63 147 173
    112 10 175 127 172 88 193 103 78 42 253 192 171 207 14 207 160 71 29
    79 46 74 1 211 255 163 198 219 197 131 140 151 122 46 12 93 161 164
    110 139 79 136 214 17 190 149 190 67 43 146 104 84 218 189 226 158
    129 236 198 30 58 31 13 231 61 250 180 22 64 73 232 108 62 142 43 50
    174 134 147 72 185 42 81 200 20 25 153 56 164 241 217 184 70 48 52
    15 249 219 47 43 56 53 245 154 197 202 209 99 139 4 91 92 28 226 80
    245 159 179 12 251 16 154 249 225 226 171 182 183 237 221 90 233 204
    197 216 40 154 108 115 156 200 232 3 209 243 253 26 78 211 110 191
    46 30 106 0 213 186 197 196 213 146 203 121 25 97 247 180 112 212
    120 79 84 17 236 75 144 228 168 50 225 26 12 84 95 56 93 189 62 122
    82 171 59 242 97 115 78 153 39 205 115 155 234 13 31 180 133 181 236
    190 0 53 215 49 247 167 11 240 60 231 134 176 203 246 59 1 111 138
    235 75 167 186 63 168 247 217 99 56 62 110 33 96 247 249 224 22 221
    120 117 14 1 204 230 234 160 188 44 168 141 253 218 45 80 105 99 27
    99 141 195 26 243 228 60 121 240 251 171 34 15 170 198 210 99 163
    214 146 11 80 83 167 87 171 78 170 45 122 0 40 254 141 125 13 224 35
    29 61 108 255 55 137 201 26 206 186 40 0 240 212 128 100 109 160 152
    166 32 28 73 252 172 148 40 174 143 157 13 170 250 227 137 223 138
    225 249 253 168 27 182 151 206 1 112 222 89 183 226 149 216 41 93
    182 214 232 82 68 96 66 201 8 38 244 104 196 182 96 99 48 113 119
    136 45 72 158 64 153 184 128 155 217 182 186 190 36 67 51 118 71 166
    199 143 41 225 49 249 112 169 137 178 46 244 28 90 228 228 2 12 114
    121 31 34 141 155 229 223 26 139 233 138 212 91 110 2 65 54 179 69
    153 196 85 91 154 183 158 153 233 109 171 24 117 49 130 155 199 91
    237 7 227 43 137 14 66 103 225 89 121 10 19 21 0 209 186 82 252 211
    142 253 74 50 204 190 126 186 131 113 181 17 75 14 18 104 102 184
    220 73 137 232 243 211 225 44 203 211 20 136 50 169 50 81 230 208
    172 90 198 73 224 230 182 24 73 108 177 85 91 217 86 249 69 199 240
    75 24 87 60 232 157 189 149 96 51 20 4 81 230 124 46 124 230 213 71
    175 118 21 140 140 80 118 200 235 195 16 144 225 200 164 189 114 197
    49 21 250 99 65 210 125 12 75 95 43 60 105 181 29 71 94 155 128 219
    60 207 51 224 108 60 201 191 119 212 55 168 231 192 155 116 171 154
    167 173 255 237 132 194 57 70 97 67 193 185 156 124 147 207 202 105
    120 163 53 134 157 117 110 221 157 128 148 233 235 146 230 34 176 80
    41 58 115 57 249 188 83 36 167 134 86 190 64 245 198 243 223 71 240
    137 146 37 116 243 211 218 193 161 104 241 51 119 86 127 214 131 31
    17 97 51 92 24 227 73 242 72 193 5 134 186 246 163 177 198 83 142
    194 211 170 241 189 177 82 23 15 92 211 163 37 72 42 105 5 114 133
    173 45 99 132 175 47 132 221 181 101 12 138 126 223 42 102 233 165
    250 39 176 106 93 109 192 241 252 77 39 69 172 197 35 34 178 111 58
    179 117 78 99 167 126 76 208 69 32 93 11 205 159 22 8 150 140 38 7
    93 107 161 32 20 70 165 61 35 237 30 17 199 43 78 32 188 221 142 28
    125 23 236 45 229 186 194 19 145 241 196 22 73 12 245 10 37 35 94 5
    228 200 255 37 50 139 254 187 54 249 236 157 83 193 56 42 21 82 140
    45 104 195 85 191 187 16 174 166 187 109 212 210 213 127 98 45 119
    91 37 119 73 64 32 16 191 110 159 23 234 108 178 236 204 11 149 211
    245 206 29 84 137 155 170 227 184 194 24 47 237 104 82 114 53 102
    202 237 57 161 85 125 11 75 79 206 45 44 93 82 201 6 220 126 113 166
    141 190 54 195 185 33 238 233 209 58 44 124 240 187 192 200 71 191
    174 152 239 88 241 39 182 253 177 227 28 253 150 160 196 133 120 240
    36 14 102 103 175 197 128 197 167 221 207 21 33 228 116 80 156 113
    15 138 252 236 242 192 29 219 7 115 36 226 72 71 28 217 180 238 174
    144 10 22 250 61 169 4 14 203 121 39 10 116 63 49 88 41 24 219 132
    79 88 131 234 206 36 142 184 165 104 228 175 123 75 246 126 112 86
    165 154 58 185 144 59 133 32 133 166 75 167 68 15 158 188 79 154 10
    194 190 102 111 230 150 206 1 42 245 13 85 93 102 113 191 121 139 97
    240 220 127 43 97 182 22 99 30 70 120 171 198 224 72 231 152 82 198
    254 25 224 95 25 93 161 158 102 36 110 23 65 119 78 225 248 75 230
    140 176 172 227 92 168 203 158 52 210 123 97 175 238 232 101 168 22
    0 179 137 189 238 188 146 202 234 190 41 111 166 66 124 236 182 195
    70 237 190 245 143 1 59 97 129 43 103 118 176 210 226 144 55 142 119
    44 32 111 179 204 165 139 250 230 114 198 229 229 192 190 193 252 59
    56 133 156 143 73 146 149 102 252 33 164 28 14 20 12 120 241 74 114
    247 65 141 42 59 255 164 60 111 42 238 77 168 112 214 89 110 99 219
    52 246 103 53 71 95 208 21 136 29 63 221 84 2 130 38 4 128 50 145 78
    7 206 185 169 82 222 215 67 46 107 44 236 138 229 74 153 133 215 172
    5 77 93 122 134 134 68 80 38 194 85 4 185 137 158 58 23 19 47 186 2
    189 185 173 47 220 98 197 219 185 10 81 141 152 152 244 140 241 61 2
    111 247 120 9 115 39 231 148 160 139 197 91 245 32 123 231 243 32
    215 117 70 219 106 48 48 56 120 111 83 67 48 91 98 202 112 159 52 35
    55 239 135 58 45 79 126 35 152 172 98 136 116 172 108 88 199 244 188
    207 202 176 194 138 227 130 33 177 186 220 88 133 214 223 94 192 165
    154 61 27 15 100 92 132 25 34 105 40 218 70 204 88 14 237 54 62 207
    141 95 232 81 52 216 177 244 120 242 199 57 145 192 100 109 30 154
    30 80 214 79 66 94 48 92 210 150 0 190 21 201 108 141 148 151 109 36
    17 143 118 4 146 89 119 214 51 235 142 7 27 162 15 170 0 25 70 196
    173 58 81 146 41 179 196 231 10 198 241 123 6 139 61 164 137 168 213
    181 183 217 128 139 88 71 151 211 7 47 111 26 122 124 111 47 234 75
    38 227 131 52 112 59 246 13 51 103 23 24 146 191 233 216 193 148 129
    138 144 153 109 235 52 131 106 101 217 179 254 180 7 61 63 110 52
    166 78 63 94 41 13 149 135 213 8 101 64 52 174 65 158 93 188 44 18
    200 34 241 14 85 138 182 54 35 147 170 227 244 147 6 239 132 30 248
    134 148 203 195 131 159 248 173 217 150 128 216 126 189 118 47 118
    78 223 73 196 122 33 11 51 54 167 191 119 7 214 239 114 192 97 251
    36 84 222 83 38 38 218 201 40 85 244 195 75 27 15 157 93 73 159 23
    142 90 200 67 245 155 178 16 211 182 79 180 189 230 238 84 222 248
    236 67 218 9 126 236 51 19 64 217 11 33 207 74 217 104 63 162 103 49
    248 41 248 92 123 44 221 93 128 187 67 167 213 83 173 57 87 173 206
    227 148 155 114 251 178 239 248 170 39 124 14 83 35 108 248 211 86
    91 173 46 66 248 206 116 200 183 152 207 111 242 134 150 69 190 166
    11 0 30 11 45 222 150 85 124 229 170 255 80 67 239 255 103 109 253
    142 33 67 189 67 246 75 34 222 108 56 241 51 47 50 58 170 244 173
    157 59 83 174 140 34 161 107 37 73 39 78 53 234 75 127 213 13 94 155
    35 249 225 171 5 218 114 232 167 235 180 164 236 154 180 13 193 93
    195 192 94 167 172 44 38 225 134 126 101 207 2 126 51 39 221 94 89
    45 139 194 147 235 221 40 48 12 153 136 131 36 34 45 111 44 39 96
    146 233 203 138 150 87 118 143 2 86 0 195 141 76 226 100 90 32 61
    160 101 70 224 109 82 179 57 204 25 48 84 70 231 2 21 34 140 106 253
    55 163 24 155 41 156 91 254 200 57 117 25 11 84 204 66 27 103 224 15
    153 243 14 47 58 1 214 216 34 157 189 229 17 75 207 186 110 20 24 70
    78 104 16 89 226 235 36 82 94 143 165 207 12 15 179 202 110 7 32 71
    92 123 193 82 49 9 224 206 12 60 157 195 138 62 237 161 239 144 26
    228 243 2 237 254 174 77 101 156 155 12 6 238 190 75 234 124 53 59 4
    23 111 182 60 236 163 217 142 56 111 216 240 207 53 197 68 69 117 1
    163 246 86 19 229 162 77 254 193 244 34 246 212 95 29 76 55 137 15
    57 169 238 3 147 109 219 94 238 77 239 242 36 36 10 34 199 79 207
    240 115 83 238 30 245 48 102 58 8 50 54 79 123 129 16 86 65 189 204
    16 85 212 163 179 139 170 184 8 241 154 146 15 115 78 105 239 177
    106 218 216 114 233 130 145 117 125 187 4 60 255 188 117 218 249 112
    164 213 78 219 59 201 156 238 131 89 33 118 245 31 139 89 50 141 163
    244 202 204 32 84 145 33 107 251 172 253 109 76 222 117 135 134 14
    239 158 255 28 74 142 89 175 251 252 218 75 134 31 50 186 140 250
    174 131 96 150 188 204 121 29 215 110 5 85 29 196 145 23 189 48 30
    248 91 10 101 139 48 71 243 41 180 189 4 68 24 21 134 181 49 138 66
    164 146 47 32 80 128 115 222 87 1 8 142 47 171 244 24 14 201 13 202
    63 120 239 91 203 113 75 150 235 178 15 14 33 43 97 224 235 34 59
    250 173 238 58 190 242 120 212 127 197 128 24 21 155 178 49 81 254
    224 156 148 150 67 97 54 236 107 246 62 171 43 44 37 59 37 192 44
    220 67 120 131 66 243 121 163 198 21 145 216 165 9 87 91 7 92 190 67
    96 60 82 9 245 170 224 71 231 101 56 36 188 193 40 91 244 223 230 66
    130 41 18 187 187 30 161 188 91 110 154 26 244 74 5 202 188 122 9
    220 105 165 0 91 118 187 52 16 56 29 215 208 9 229 50 217 99 135 74
    10 77 168 64 69 125 25 138 194 160 30 43 162 48 6 141 72 229 186 248
    1 183 112 179 96 45 158 139 50 133 91 120 218 87 199 214 162 50 31
    190 149 235 240 179 26 31 140 60 36 55 100 19 114 207 207 47 9 19 51
    203 243 96 239 69 29 141 176 86 5 241 107 191 226 216 183 180 239
    213 75 49 154 161 193 29 0 138 194 47 183 86 210 43 48 113 25 219
    152 153 18 235 156 173 254 64 105 85 110 196 27 193 52 83 241 129
    221 18 169 251 229 40 75 113 48 66 37 90 210 2 186 37 94 188 115 225
    198 63 21 32 235 0 216 212 154 113 188 217 103 242 150 84 176 196 32
    240 147 235 174 70 63 64 247 177 17 212 140 173 153 114 69 146 55 11
    250 165 216 51 123 198 12 226 247 8 205 247 133 55 119 80 53 150 39
    177 83 199 180 215 8 25 92 119 89 156 107 1 146 76 80 209 50 13 14
    132 222 119 238 17 1 216 91 251 200 71 193 135 233 91 70 106 186 140
    70 54 188 230 1 160 8 128 51 25 53 142 167 195 134 46 5 224 236 102
    230 193 59 198 197 187 91 139 130 36 14 29 146 18 205 13 203 20 76
    246 185 101 90 222 96 52 60 212 144 204 217 77 74 141 220 233 199
    103 245 45 102 147 120 231 177 81 97 238 237 194 105 101 146 145 255
    83 205 182 140 194 107 204 23 234 41 218 248 11 14 101 46 255 195
    102 242 98 167 141 166 196 2 113 85 27 95 58 58 154 202 142 187 10
    111 74 208 92 249 47 165 16 0 238 72 232 144 113 7 233 255 73 229 78
    246 105 76 224 62 238 1 0 167 216 248 73 205 234 155 56 191 213 18
    42 50 70 75 198 238 189 48 186 137 122 54 45 96 22 200 105 91 248
    239 47 101 235 99 89 36 152 70 22 158 203 34 211 140 245 149 245 247
    183 2 112 112 201 46 233 152 140 232 178 206 85 251 166 177 152 47
    19 126 61 100 213 250 252 78 94 143 129 94 123 149 59 112 35 81 12
    186 66 55 78 84 48 174 20 200 69 3 188 127 239 98 156 26 49 14 13
    225 137 151 220 230 96 69 43 48 39 178 3 144 4 227 88 220 93 167 230
    68 173 43 75 1 80 29 55 185 111 57 110 68 243 107 112 170 187 233 75
    93 124 142 166 82 12 41 152 46 119 15 235 179 226 144 161 49 67 82
    109 177 239 237 178 139 146 142 223 104 72 245 67 154 132 246 236
    208 45 181 170 236 182 196 103 59 50 10 106 17 10 248 254 219 25 152
    58 253 30 21 152 8 232 227 12 94 70 20 17 135 19 163 239 9 215 180
    19 28 50 209 63 138 218 140 236 26 93 220 107 231 182 101 109 45 169
    37 207 76 162 13 76 68 129 223 151 169 98 52 87 150 85 16 61 17 177
    54 104 56 111 2 127 127 201 241 234 112 202 200 199 248 159 133 169
    129 35 217 171 122 178 88 8 21 14 39 99 199 169 59 209 98 249 27 47
    238 62 140 194 255 66 17 16 180 67 254 142 102 244 253 2 119 183 50
    211 16 242 29 78 139 17 133 128 133 202 240 191 168 19 21 201 68 135
    229 81 174 201 0 227 1 205 66 173 110 93 67 225 93 205 216 15 223 5
    55 242 36 107 170 70 87 98 212 210 120 19 67 30 201 29 32 246 237 93
    149 50 60 96 39 97 170 47 146 5 37 206 48 137 192 91 34 212 73 21 28
    172 66 223 0 88 178 16 131 78 127 31 184 161 195 192 194 153 1 90
    246 70 49 164 199 189 47 150 42 195 114 111 87 77 238 4 211 111 179
    21 184 10 246 46 18 199 20 244 205 183 195 44 102 5 221 47 135 87 59
    167 105 151 205 251 49 106 151 244 154 156 55 170 199 234 208 206 5
    38 253 18 16 4 96 159 26 73 172 237 60 99 242 176 130 212 21 24 82
    51 157 73 195 211 133 211 127 50 126 80 223 26 212 52 212 120 156 9
    243 66 61 50 197 140 103 146 16 120 174 112 30 113 39 121 3 240 239
    79 71 190 105 87 66 31 180 55 192 211 33 203 168 206 121 86 155 27 0
    220 175 110 174 233 183 147 5 48 181 97 251 140 31 27 183 74 69 123
    251 247 239 97 237 102 148 70 111 100 229 112 223 22 143 162 34 79
    202 197 150 27 130 253 211 11 119 17 16 223 250 254 34 141 239 111
    205 211 143 165 253 84 133 58 131 124 226 123 231 45 252 49 79 53
    149 5 244 78 91 194 13 95 143 186 167 81 7 116 16 219 222 241 106
    144 223 122 198 105 54 102 49 180 232 87 81 2 243 159 0 157 145 152
    237 38 130 131 54 3 105 56 186 167 40 106 11 46 237 139 253 184 184
    147 253 122 180 90 179 43 31 66 165 58 32 36 8 171 169 102 8 241 196
    153 120 75 109 159 36 55 25 230 23 110 196 201 138 152 9 23 113 147
    251 153 118 117 254 36 237 15 185 166 251 240 149 187 70 10 126 103
    168 44 7 214 146 112 64 68 136 205 134 137 161 242 102 23 199 97 213
    236 53 77 208 179 237 221 178 209 225 162 128 64 237 146 187 28 169
    250 4 168 54 249 148 0 42 11 106 233 243 35 92 144 180 230 165 104
    98 160 251 240 162 202 114 134 218 254 101 92 21 193 144 119 142 89
    23 220 121 63 111 174 96 99 24 130 26 248 40 161 158 149 25 224 243
    137 5 36 110 162 173 192 60 43 153 88 248 206 79 48 139 79 26 69 67
    35 216 73 226 226 147 80 191 237 189 99 210 93 128 48 217 144 178
    112 184 240 108 129 13 115 233 25 150 26 81 176 202 157 125 52 209
    129 157 208 62 149 176 172 166 11 43 157 84 121 127 30 247 214 250
    80 91 245 73 119 26 134 168 231 233 211 177 91 174 0 225 24 83 74
    202 15 230 33 50 163 224 37 251 249 15 20 214 211 203 199 56 122 0
    38 220 91 207 192 208 137 157 152 188 112 155 7 170 130 237 218 12
    80 5 70 50 16 106 241 229 115 156 34 34 156 99 34 127 97 51 91 8 239
    79 150 176 201 247 179 66 152 191 142 145 19 32 194 138 202 237 207
    87 107 210 88 146 174 197 83 214 29 75 116 136 43 95 144 177 219 202
    88 92 249 112 255 177 210 150 126 27 95 162 142 65 156 133 103 208
    218 244 172 109 13 194 47 103 180 80 118 67 177 147 48 4 80 138 253
    4 199 111 36 204 22 45 118 95 22 29 109 156 141 195 126 35 14 154
    246 183 234 5 19 41 61 43 2 205 175 224 165 188 145 80 60 30 34 160
    33 132 235 81 237 159 179 94 233 86 160 108 223 245 11 183 99 17 196
    185 208 223 63 245 22 30 96 144 71 73 160 116 110 46 19 231 217 129
    222 223 146 201 98 215 220 81 212 129 129 78 244 67 210 200 139 233
    170 141 178 75 240 132 17 113 215 184 143 177 60 85 166 182 120 186
    104 59 219 12 218 166 244 91 254 98 50 128 87 222 237 67 75 226 255
    31 36 25 214 206 250 182 249 14 212 114 156 39 202 22 54 189 244 95
    12 193 30 91 30 8 220 242 1 70 122 251 1 105 153 57 61 53 181 86 37
    140 136 224 40 204 183 60 204 81 181 74 120 44 204 5 116 75 38 169
    25 9 216 97 239 0 35 119 43 249 108 82 74 197 185 201 250 76 177 69
    166 153 213 46 167 54 50 82 14 61 156 9 166 203 221 177 204 226 150
    175 165 167 72 82 56 1 140 19 79 118 131 196 72 164 72 60 205 69 166
    94 91 77 101 255 181 185 12 180 190 159 132 247 29 160 79 3 72 60 48
    91 205 39 32 208 141 35 134 76 127 153 130 254 4 1 236 138 117 31
    102 200 97 128 169 238 236 19 120 49 162 87 232 204 81 165 205 139
    130 153 153 234 236 26 237 206 125 52 63 234 94 82 48 99 179 204 6
    200 13 151 169 153 222 10 53 28 48 157 234 238 94 18 30 90 29 130 23
    163 49 190 194 234 215 136 94 95 101 70 44 33 172 0 74 242 164 165
    165 255 0 147 214 153 34 131 34 34 15 59 155 120 82 254 177 239 70
    227 111 173 164 186 236 177 54 12 248 245 2 191 60 134 28 111 64 156
    4 65 140 255 25 50 32 176 87 197 151 216 254 38 114 170 61 104 20 72
    49 115 103 25 206 16 139 22 237 211 66 116 123 59 192 55 136 106 133
    192 207 200 240 74 154 207 177 184 204 122 204 137 75 172 199 0 134
    241 130 211 149 225 63 39 217 167 129 229 234 19 112 199 112 179 56
    151 104 71 145 63 90 97 134 143 9 22 176 245 65 15 203 96 69 38 19
    246 228 219 99 165 228 61 171 255 124 71 29 241 218 240 58 109 65
    199 231 110 161 16 7 98 67 232 223 10 100 25 29 115 56 68 28 234 122
    3 229 140 97 170 85 255 6 233 187 136 39 162 136 34 105 79 60 100 44
    159 100 161 68 122 131 100 14 131 168 88 60 202 45 211 18 77 188 47
    150 158 95 227 84 112 68 97 104 205 69 37 91 160 19 30 36 78 81 134
    55 111 107 232 209 162 253 200 66 207 175 90 124 24 42 60 250 173
    145 31 31 39 214 204 208 117 188 152 248 55 190 29 74 123 55 83 110
    18 230 216 148 156 225 219 42 240 29 145 234 160 154 222 79 182 147
    84 37 150 147 170 33 54 243 217 13 22 247 128 30 119 186 111 60 141
    202 86 218 5 164 6 195 62 123 165 56 103 131 128 86 14 77 29 105 239
    86 69 74 220 59 19 10 156 250 15 248 182 62 179 180 201 187 151 15
    160 115 61 231 138 62 156 79 252 152 124 124 174 128 62 31 211 215
    189 23 95 80 26 251 177 170 130 226 100 200 43 206 13 43 119 8 45 44
    110 98 17 171 171 242 166 91 126 206 85 42 141 55 23 16 11 78 36 8
    47 199 232 71 134 36 149 104 76 142 168 213 131 83 187 145 27 29 10
    103 112 34 157 206 236 247 239 51 47 85 175 63 41 213 184 251 232
    205 127 186 110 37 208 21 96 253 134 211 172 16 9 231 58 80 64 15 8
    141 217 69 195 174 203 95 205 72 67 176 126 40 32 199 50 34 217 232
    33 33 27 172 239 14 202 55 177 231 96 45 177 14 11 242 196 34 173
    252 63 204 39 44 129 161 17 94 200 174 181 95 0 139 32 30 15 34 29
    85 88 173 108 74 255 138 235 42 109 192 224 72 123 122 163 223 184
    31 177 135 151 35 85 179 182 248 212 123 235 250 48 101 112 168 220
    196 167 101 114 91 41 15 199 90 156 233 103 82 227 196 209 92 161
    139 27 107 142 233 179 132 7 62 40 52 37 71 247 37 158 252 218 168
    162 235 241 167 68 206 46 174 111 76 48 45 16 98 171 113 10 255 95
    133 138 0 17 55 175 104 43 13 217 222 164 205 170 239 202 230 167
    189 220 240 237 186 221 25 126 111 215 67 149 73 159 143 23 255 33
    235 241 186 232 238 221 167 180 178 111 162 8 39 141 135 195 11 24
    218 155 44 236 33 190 250 27 158 225 118 182 228 191 232 202 81 3 89
    185 214 43 117 183 47 152 237 71 29 14 154 94 220 190 92 28 199 50
    79 109 119 207 52 72 158 233 147 254 21 68 6 249 6 27 156 54 19 27
    130 232 119 39 47 172 216 43 219 213 227 142 164 205 3 164 237 140
    152 230 220 115 212 229 222 123 219 165 28 105 250 197 69 160 39 49
    189 140 125 71 106 37 130 66 9 200 246 23 91 215 180 145 87 155 250
    222 229 250 144 175 94 88 69 91 84 185 67 219 67 128 126 21 166 209
    167 15 48 65 83 255 83 143 116 197 168 145 255 110 124 119 33 131
    201 175 170 3 146 124 69 160 107 150 95 61 246 64 167 164 152 119
    181 164 186 63 105 234 128 255 63 90 83 123 30 10 109 66 211 71 37
    200 147 123 146 145 237 88 197 232 86 19 150 112 32 212 57 99 121
    236 87 222 215 158 225 121 35 148 194 57 236 17 177 83 245 195 239
    255 226 168 152 154 174 163 19 139 200 217 204 116 4 80 78 167 187
    10 64 212 209 6 233 124 111 175 254 241 156 115 60 31 88 125 32 23
    102 57 176 174 90 227 155 255 17 168 142 17 42 114 158 166 91 63 179
    161 154 106 120 3 16 103 161 188 223 185 118 169 63 144 80 5 78 249
    195 136 171 67 106 16 85 124 6 144 96 188 43 35 131 109 216 48 250 3
    38 152 3 152 233 254 47 153 48 47 52 146 229 212 165 149 16 161 240
    195 146 46 189 105 193 231 85 238 30 36 3 239 7 63 151 103 129 100
    199 187 101 251 218 137 6 137 184 125 255 241 90 84 193 246 205 134
    253 67 196 237 195 102 241 133 196 109 185 174 111 27 208 237 230
    228 124 182 199 95 156 120 219 223 20 58 124 201 60 11 80 109 33 224
    158 224 41 32 1 193 185 163 99 117 84 209 228 91 211 64 101 105 228
    140 15 251 101 220 103 196 99 229 153 222 235 125 138 79 100 0 204
    38 191 139 220 173 13 142 72 166 108 71 144 195 4 4 21 68 131 229
    255 99 133 215 2 131 50 131 40 122 31 167 170 168 137 2 98 52 128 41
    21 238 215 9 44 229 234 250 78 150 44 179 239 183 97 190 60 43 131
    179 59 178 57 57 235 75 198 62 46 232 109 177 109 128 70 95 223 146
    76 219 85 221 14 183 73 255 191 138 191 237 179 231 178 128 133 178
    48 138 121 150 120 126 29 16 175 88 130 250 216 179 20 156 87 219
    111 143 26 234 244 181 133 19 151 41 166 130 160 98 170 243 249 11
    221 44 120 39 212 82 11 50 150 105 235 61 63 126 120 241 162 174 19
    93 179 252 83 19 6 53 80 46 47 138 219 194 219 189 125 57 213 8 47
    125 110 195 107 208 219 187 63 242 7 8 36 73 170 190 37 119 149 52
    248 34 233 189 60 22 167 161 16 242 12 63 211 136 207 38 82 24 22 23
    215 81 21 4 84 118 199 233 99 197 46 199 6 28 57 60 6 11 178 230 188
    252 23 158 22 45 166 165 195 166 165 189 70 236 148 10 108 187 81
    174 218 249 130 52 162 103 109 9 236 148 35 81 47 103 51 61 64 196
    40 128 201 93 149 76 149 158 216 9 16 122 184 208 94 62 229 17 17 46
    155 141 108 226 105 106 209 0 152 252 188 199 224 184 67 77 59 98
    244 117 246 99 250 188 139 253 91 146 255 3 27 15 216 31 72 155 205
    175 239 25 174 118 96 38 32 139 162 171 206 194 61 242 57 60 225 127
    220 52 5 14 215 0 203 45 80 177 194 213 156 220 68 243 121 123 174
    91 129 143 62 149 16 57 151 167 199 249 162 34 27 181 114 67 137 249
    191 217 30 141 30 33 101 1 78 185 252 232 142 183 20 1 100 153 171
    171 62 0 174 177 169 186 158 0 102 52 70 188 29 106 181 54 2 253 212
    54 176 242 180 234 154 115 103 147 115 122 62 8 168 223 95 221 189
    217 204 9 74 73 99 30 8 91 239 87 128 91 253 67 28 185 13 124 99 85
    241 22 144 161 27 157 156 120 62 43 48 181 210 63 210 221 11 59 70
    205 208 41 99 52 6 239 73 246 105 177 153 11 34 36 72 51 130 82 104
    198 172 20 180 135 20 131 193 103 160 232 195 8 255 29 154 190 235
    189 223 125 231 202 216 142 196 44 216 155 213 238 130 30 46 181 4
    137 49 67 40 112 153 15 124 121 94 141 74 52 80 35 133 47 167 124 64
    187 225 49 231 227 219 203 69 67 241 13 117 206 26 4 130 124 51 187
    68 31 34 209 93 191 176 164 58 71 152 195 220 54 120 222 189 43 185
    139 46 87 100 196 203 44 114 5 15 22 47 202 47 158 87 22 3 8 57 251
    144 226 186 212 156 253 247 201 222 243 112 34 134 160 52 222 154 10
    130 122 112 248 141 182 11 84 251 34 171 69 13 151 123 252 118 247
    255 175 8 139 146 7 32 18 33 153 238 235 132 66 60 53 126 52 89 133
    201 85 106 227 62 132 26 87 173 118 246 31 24 203 143 176 236 227 14
    219 168 47 4 179 198 126 92 235 48 231 245 166 129 121 14 231 28 49
    52 32 193 250 250 134 107 247 127 33 21 154 231 217 245 102 73 119
    34 22 72 141 72 168 106 59 167 59 247 67 200 242 112 243 188 41 109
    241 131 7 189 246 208 123 164 104 97 125 194 153 178 169 109 112 195
    242 208 148 126 247 13 177 23 169 146 217 151 222 120 199 248 9 242
    106 61 199 197 60 251 83 126 99 0 254 28 203 239 239 214 7 29 45 246
    197 127 35 205 40 213 255 245 112 250 49 135 0 216 233 171 55 84 196
    208 116 169 122 188 50 93 80 170 55 121 65 209 25 7 32 64 121 47 17
    166 75 141 253 70 101 74 10 226 175 43 222 58 227 81 213 90 163 201
    242 82 85 14 168 0 127 43 118 51 117 199 83 114 178 65 26 125 6 223
    25 20 189 113 12 246 148 146 121 149 55 240 115 59 229 111 232 30 48
    247 91 179 110 11 248 4 200 124 27 44 218 189 93 212 57 69 128 159
    95 36 190 228 11 234 138 13 244 59 117 94 176 160 241 52 89 76 125
    233 22 150 169 200 252 144 127 141 155 22 167 108 165 112 160 29 128
    250 203 45 18 12 18 110 74 96 54 220 155 29 79 110 233 76 58 46 238
    16 84 106 9 160 58 145 147 127 128 217 99 149 92 138 57 117 170 179
    66 146 48 135 152 218 236 172 225 216 73 232 189 192 208 160 134 172
    116 106 138 155 50 40 108 212 81 130 231 10 231 201 92 76 118 49 32
    96 148 92 121 250 206 214 45 61 128 164 113 125 11 123 225 143 73 54
    190 58 52 105 233 121 40 8 144 131 21 23 216 14 17 33 29 171 242 224
    128 156 218 245 130 101 178 130 154 228 159 241 209 170 73 54 115 56
    173 7 27 124 138 202 86 255 125 49 6 138 60 147 191 6 54 33 8 59 128
    112 254 245 2 99 48 234 216 9 55 24 221 198 53 202 21 140 223 209
    238 193 40 59 54 36 173 39 230 109 108 244 5 203 207 124 231 108 225
    246 31 202 204 223 178 100 50 165 189 146 188 1 63 139 209 210 177
    233 56 147 239 197 150 137 176 190 3 123 245 163 159 51 208 60 57
    233 55 63 0 232 95 239 38 225 196 197 113 171 60 253 125 23 66 195
    222 187 254 4 60 144 148 189 246 216 48 127 61 120 48 72 203 25 190
    186 68 87 92 22 172 26 45 164 162 140 22 33 200 124 86 46 103 65 240
    214 29 165 245 91 197 161 3 33 174 61 91 178 45 100 64 30 247 221 72
    1 63 15 206 63 235 221 177 247 87 247 120 248 250 241 250 146 70 215
    217 118 197 249 131 59 213 102 122 31 202 249 173 112 207 62 161 245
    121 241 203 93 72 64 81 27 56 38 181 105 6 160 32 241 187 59 36 161
    164 245 91 19 136 4 53 65 102 166 16 253 165 115 85 85 165 29 17 164
    133 224 124 125 153 104 136 233 194 76 30 79 211 253 17 133 171 116
    130 83 123 16 86 149 61 68 252 164 77 155 17 116 6 20 175 199 235
    229 156 175 234 232 130 135 109 17 17 151 137 52 163 229 224 248 229
    77 166 79 9 24 81 97 142 63 234 24 112 13 11 34 59 239 89 129 54 76
    143 253 9 3 203 224 138 51 51 183 66 181 224 45 252 144 196 237 124
    41 64 72 168 222 161 222 126 182 213 28 150 202 209 150 102 24 106
    76 55 250 238 102 117 190 187 149 14 94 127 163 50 72 179 28 240 6
    198 70 138 222 79 169 57 108 197 56 248 144 198 14 20 225 230 129
    205 139 79 46 32 145 150 15 45 146 201 185 110 213 151 213 98 38 179
    217 150 95 21 250 90 50 210 177 32 102 87 194 141 5 56 50 35 136 125
    82 246 142 220 93 76 192 110 196 13 207 105 206 11 11 227 69 232 75
    2 176 172 239 78 117 233 174 198 97 24 116 127 220 26 128 152 23 39
    32 183 113 72 234 16 11 5 142 64 207 153 155 103 229 159 25 217 82
    50 169 249 101 65 198 211 235 86 253 210 64 197 179 15 173 30 167
    121 41 36 49 149 130 73 246 232 235 176 182 239 32 16 75 23 87 87
    127 208 129 138 191 64 166 72 249 113 217 158 120 202 75 214 16 76
    212 91 83 164 115 183 179 234 137 20 157 215 24 255 98 212 231 205
    129 108 173 221 127 177 38 45 132 240 94 71 25 27 253 188 243 94 186
    107 37 172 16 197 248 64 203 194 203 99 49 50 64 137 95 3 192 98 59
    11 71 126 7 184 101 179 125 252 80 228 152 41 136 37 204 100 54 121
    75 7 180 87 219 254 217 244 218 195 3 19 200 195 248 130 212 88 22
    82 213 223 102 148 161 22 153 81 219 140 66 125 184 179 23 194 122
    169 44 179 202 209 133 230 97 241 208 191 35 168 235 137 213 2 217
    135 142 236 187 202 64 5 128 226 87 52 96 106 158 202 12 97 181 141
    228 16 13 244 97 161 145 39 201 230 160 120 86 159 94 153 50 57 116
    144 238 53 176 174 49 129 99 89 27 244 77 229 71 129 197 171 37 205
    138 141 190 47 110 47 19 218 199 207 117 90 207 167 101 213 92 34
    135 209 187 60 36 213 232 122 26 60 70 102 88 100 146 153 131 80 91
    241 195 165 220 10 118 27 194 93 178 37 198 214 152 144 10 22 79 144
    1 152 74 225 174 171 225 145 145 10 127 162 244 57 50 25 230 237 254
    168 60 34 254 163 236 88 207 223 94 137 151 14 110 0 53 227 79 248
    116 24 114 218 92 176 64 253 223 21 51 67 117 119 234 192 84 10 80
    52 87 203 221 164 87 20 112 187 191 31 135 147 67 23 82 146 179 63
    192 166 86 119 21 127 228 114 218 147 246 235 78 226 222 148 63 77
    60 40 36 41 24 127 165 232 186 117 106 197 30 117 15 236 203 48 183
    212 132 213 228 181 205 133 68 211 137 57 65 246 145 235 97 133 185
    111 103 115 34 203 29 186 169 220 254 39 185 235 91 217 47 141 15
    107 231 142 140 75 11 125 107 169 175 2 134 230 247 219 160 169 105
    3 173 30 104 146 104 78 208 35 11 102 6 142 129 231 37 237 105 75
    122 102 114 253 190 120 64 213 230 197 189 255 82 239 86 179 143 57
    31 237 52 44 148 182 54 204 158 149 8 156 131 131 27 18 138 191 122
    53 146 252 98 115 39 123 84 149 51 91 106 7 220 25 200 213 252 244
    37 64 216 205 139 104 237 57 109 76 133 60 95 120 194 136 247 142 54
    110 6 92 210 98 204 14 40 22 30 185 81 255 239 31 166 71 142 15 62
    102 22 50 221 167 193 230 145 31 112 127 54 12 10 115 150 136 251 45
    171 143 29 110 176 204 98 235 237 245 27 177 237 64 199 188 230 32
    246 171 243 255 255 133 118 252 136 71 103 172 246 183 251 251 5 15
    178 108 215 195 88 153 210 51 132 52 24 50 150 242 253 79 18 86 57
    136 38 36 134 106 173 97 171 66 0 11 87 234 151 246 77 198 162 95
    207 191 30 3 64 233 14 28 23 108 143 70 98 130 69 53 34 103 173 64
    90 180 174 26 31 217 111 107 62 82 214 3 217 36 158 189 96 238 140
    221 184 150 48 137 130 109 78 84 31 151 112 7 55 190 56 95 34 157
    134 200 102 213 186 219 233 214 96 236 209 230 78 31 164 46 255 230
    138 110 185 45 189 22 244 66 203 239 45 223 237 232 104 103 52 131
    235 94 129 120 3 215 210 63 135 185 250 77 37 130 167 175 11 151 152
    206 175 235 105 146 163 219 175 254 101 122 230 119 135 67 42 190
    243 206 65 160 225 21 207 195 119 76 83 177 143 26 253 250 195 240
    77 108 188 39 135 122 170 147 239 93 204 199 29 207 81 11 185 193 44
    230 97 42 43 60 133 132 38 80 39 83 212 181 99 125 197 194 4 229 227
    110 148 9 83 111 160 214 230 156 8 68 88 163 189 57 224 153 52 76
    255 164 173 103 116 226 61 32 55 152 19 176 58 38 110 81 170 128 26
    10 73 163 151 212 148 191 107 169 61 241 190 102 9 88 13 245 202 85
    106 129 67 18 172 231 246 173 196 123 70 252 38 229 139 26 84 100 17
    76 248 127 228 220 150 150 53 6 133 241 113 44 171 81 154 26 227 180
    202 163 64 239 135 79 252 5 106 44 215 16 152 162 120 130 110 192 83
    19 249 57 71 142 59 122 56 169 9 210 246 57 33 76 45 195 237 49 138
    16 170 207 75 181 106 211 36 65 28 149 22 48 43 117 155 173 74 253
    152 146 209 24 125 145 231 76 19 49 35 140 108 163 154 219 162 240
    181 192 168 58 252 223 1 59 193 52 151 127 208 31 6 162 205 192 116
    130 4 220 175 230 34 140 113 136 254 26 178 137 104 16 55 122 80 126
    157 96 218 121 51 186 4 143 120 184 231 26 144 154 155 217 195 221
    96 80 212 177 140 231 12 172 97 229 241 253 214 146 221 136 88 181
    91 113 42 167 22 74 190 174 202 232 153 151 24 210 50 20 251 31 38
    248 167 140 54 138 227 115 65 212 5 97 67 141 175 175 53 25 15 202
    22 12 191 241 42 163 125 96 228 140 196 28 57 71 215 11 55 91 224
    145 180 80 14 60 11 58 134 171 94 66 162 198 74 114 119 141 246 115
    177 72 116 103 127 217 169 206 5 224 81 180 165 101 119 118 96 190
    111 87 111 143 125 237 22 110 122 254 150 63 17 151 22 27 243 126 38
    174 224 133 170 112 148 68 111 243 6 1 139 55 59 109 93 233 254 126
    69 126 3 122 161 1 25 132 173 235 139 169 152 10 71 211 70 185 176
    57 56 113 168 205 123 144 22 129 128 79 116 66 118 109 247 160 245 9
    122 121 198 175 0 88 105 189 134 59 153 117 176 24 168 7 191 150 118
    83 181 125 91 71 148 116 170 195 174 22 92 229 96 192 237 116 30 164
    184 184 72 73 115 131 180 80 176 51 64 254 220 239 17 73 212 152 38
    232 84 108 163 65 165 150 17 173 0 67 51 186 56 130 189 61 191 129
    26 179 34 206 21 113 213 57 157 49 33 193 149 190 51 231 196 10 172
    4 119 151 81 29 58 194 147 69 107 81 150 244 157 237 40 164 159 45
    78 188 251 144 3 120 23 23 148 157 168 247 192 215 86 31 118 88 60
    215 29 250 254 241 242 188 137 132 31 229 171 75 109 48 121 89 204
    77 170 40 82 124 180 142 54 158 189 142 43 62 67 177 213 23 171 108
    172 85 54 74 244 131 245 7 156 134 161 98 108 102 121 153 135 170
    146 37 191 121 185 131 74 1 196 1 112 246 25 95 139 65 151 232 88 3
    175 185 35 72 85 227 131 223 230 56 240 75 36 71 188 134 6 56 93 190
    156 67 112 152 244 104 133 218 161 245 170 232 85 52 49 114 92 36
    179 151 148 240 110 181 199 188 229 36 84 186 227 53 249 116 103 138
    31 209 207 159 136 166 212 160 222 253 37 219 141 152 64 102 147 141
    186 240 251 69 94 46 255 32 244 142 229 181 3 82 75 143 119 201 200
    128 18 86 254 20 28 185 136 72 48 165 44 119 232 108 198 88 46 187
    134 52 122 78 14 30 147 197 221 103 234 221 99 246 76 184 6 240 216
    87 42 227 125 231 137 6 74 166 244 129 157 83 106 82 181 41 37 128
    31 9 11 76 86 19 218 255 84 136 230 175 169 107 128 234 116 113 208
    179 39 195 246 208 75 40 19 20 142 94 108 142 16 35 54 97 254 205
    184 102 210 201 167 154 250 142 228 107 103 26 183 143 133 254 85 28
    111 87 225 98 7 170 104 41 175 33 115 23 84 163 190 106 81 52 5 141
    153 122 225 68 127 234 158 207 221 194 240 144 59 111 123 154 103 73
    232 216 235 134 156 187 94 226 117 138 122 72 53 122 163 126 102 237
    248 219 152 113 111 146 71 213 255 218 229 1 242 79 62 178 232 217
    190 45 205 186 169 164 197 201 173 206 33 67 249 102 123 234 60 176
    4 178 46 177 123 38 141 84 76 45 123 47 178 213 5 149 132 68 183 72
    67 70 166 3 58 51 171 234 169 105 79 46 37 112 29 33 68 22 136 75 90
    226 197 14 204 46 168 71 169 19 50 9 12 203 162 141 101 92 192 29
    129 113 114 171 101 9 246 247 100 190 90 163 124 218 59 36 209 215
    192 18 146 53 144 6 125 3 119 183 206 205 31 43 177 108 111 227 204
    46 195 90 172 249 120 7 52 211 158 124 144 103 236 170 134 115 145
    142 221 171 20 181 127 98 232 254 152 210 4 200 41 63 57 184 47 133
    182 90 98 115 216 33 221 174 40 180 197 92 107 64 92 10 220 186 186
    99 236 149 190 65 198 181 53 43 79 148 223 64 29 19 110 48 237 157
    188 128 153 114 186 156 48 62 23 34 105 107 192 183 65 194 243 222 8
    161 211 113 189 186 181 130 128 149 52 221 49 193 30 67 67 53 122 93
    79 103 242 45 236 30 130 216 186 173 172 47 1 97 167 102 71 67 135
    194 166 166 81 162 52 232 31 122 93 120 62 62 174 208 76 196 218 94
    225 134 133 7 125 178 186 115 81 135 95 196 202 32 56 210 117 144 2
    107 122 80 156 220 189 77 5 119 41 46 182 194 67 68 121 150 127 70
    112 55 38 154 209 136 219 53 233 91 102 185 129 180 27 94 254 0 107
    123 3 104 84 221 40 113 240 65 185 117 159 254 135 101 57 13 17 178
    163 113 67 104 67 21 94 179 163 228 125 236 130 133 98 198 11 1 205
    137 195 219 126 83 100 182 142 212 82 93 175 145 63 61 61 183 98 182
    218 126 31 184 225 12 204 119 169 157 222 108 164 217 108 80 11 138
    89 21 44 2 148 100 190 32 39 104 220 10 123 179 60 50 37 201 148 205
    176 104 107 26 226 48 89 156 230 230 159 170 198 20 193 186 199 136
    194 136 170 150 144 184 237 241 93 104 51 223 134 60 219 74 87 64 99
    66 242 19 194 95 228 243 57 100 9 108 140 149 168 168 171 212 162
    158 74 131 60 204 91 196 45 250 165 13 43 185 183 159 42 8 154 144 6
    23 100 132 254 61 131 231 19 100 253 157 169 184 198 18 8 41 248 87
    95 219 188 82 144 126 229 157 160 18 148 224 107 5 122 55 140 164
    248 49 54 131 152 111 9 65 114 33 43 102 11 163 189 149 248 179 61
    90 60 185 62 126 201 142 91 61 147 84 174 35 86 10 49 67 255 96 173
    148 9 140 49 3 129 185 122 7 33 236 95 98 23 186 111 11 80 114 98 26
    82 120 212 198 96 80 152 20 133 83 119 61 131 89 169 5 44 249 18 225
    76 53 107 24 25 149 194 1 113 101 23 82 107 153 168 177 247 92 218
    220 126 120 139 231 41 168 55 136 59 222 211 210 155 36 212 135 11
    210 7 79 166 154 244 248 118 97 217 124 239 10 163 46 141 90 123 145
    68 143 194 112 4 106 208 83 115 22 120 67 233 0 243 82 129 46 156
    105 208 166 68 64 120 103 202 2 12 222 197 86 152 21 66 48 79 203
    123 85 240 117 178 245 221 130 137 117 219 75 159 255 164 248 109
    219 252 190 176 33 172 199 143 159 68 225 212 185 51 228 228 127 128
    224 241 199 224 172 201 20 29 52 191 26 72 197 234 251 178 102 30 8
    78 168 254 188 40 51 26 224 100 246 235 240 156 42 109 5 16 60 194
    243 222 161 3 240 245 177 191 153 33 165 88 47 88 252 136 81 138 124
    129 176 26 32 63 157 208 115 112 79 152 12 218 47 138 225 211 215
    195 66 220 189 191 183 179 191 203 109 49 245 83 92 62 24 161 76 85
    30 117 171 24 23 136 22 122 24 107 23 89 141 133 160 154 124 125 2
    234 139 165 21 178 35 147 254 155 246 88 38 85 38 218 181 243 11 115
    99 170 204 66 105 1 208 7 96 120 73 16 84 68 159 179 70 92 28 220
    156 112 51 196 158 179 100 58 212 135 137 59 169 77 178 136 16 93 82
    89 159 102 179 66 49 103 112 155 72 74 9 168 147 31 138 198 255 175
    186 251 89 116 162 31 78 37 89 221 250 212 199 251 121 42 86 141 162
    97 185 119 92 238 235 221 29 31 34 37 246 239 179 60 132 193 95 118
    98 243 236 97 168 122 72 189 137 141 145 186 61 151 175 215 126 178
    70 89 23 53 243 161 192 143 67 16 112 146 134 192 141 130 56 41 248
    169 22 234 3 127 158 36 234 9 12 198 91 125 102 168 189 201 236 247
    49 244 19 162 137 67 176 140 135 20 227 156 129 153 117 79 129 182
    214 235 109 157 195 109 35 179 10 42 123 54 191 47 62 120 147 136
    186 187 209 50 225 240 0 255 236 46 215 195 116 38 233 0 182 79 111
    199 23 150 216 196 170 248 142 107 127 3 120 30 167 98 152 230 59 62
    191 28 150 247 170 108 85 16 55 182 72 10 195 47 174 180 2 67 60 30
    29 223 247 152 147 203 107 242 15 205 114 61 29 67 142 181 207 67 60
    243 89 120 147 182 25 186 18 235 125 1 230 33 184 190 70 159 89 209
    171 228 67 145 6 184 44 167 170 63 65 121 152 241 29 245 148 115 150
    81 6 115 176 29 203 195 247 210 68 112 36 2 236 240 38 122 192 120
    65 26 85 143 52 27 163 101 220 26 174 168 104 77 227 9 48 172 250
    185 160 239 199 29 178 31 51 40 209 34 240 176 0 170 66 247 70 21
    237 241 124 180 124 30 101 148 200 223 70 54 164 201 109 233 162 101
    66 71 254 197 31 75 74 237 106 71 148 68 0 130 153 46 53 180 197 111
    208 200 164 176 152 123 171 247 93 251 49 83 98 59 55 120 211 60 234
    235 222 62 44 161 130 163 113 213 57 110 244 17 43 73 46 97 143 185
    24 109 116 115 39 99 149 85 135 84 188 187 51 107 66 18 219 214 166
    229 208 242 52 151 43 105 218 129 111 120 105 165 52 94 238 232 166
    235 240 118 133 254 68 128 201 55 49 159 5 130 88 47 240 27 87 133
    110 94 46 115 98 161 179 188 71 164 60 237 82 157 91 164 13 88 166
    230 11 234 32 57 230 166 42 22 235 126 53 118 239 164 127 71 47 246
    54 185 176 38 64 224 139 173 98 74 116 52 162 71 183 235 76 23 152
    217 168 55 59 145 190 91 47 216 25 99 235 242 36 242 78 241 80 143
    37 87 124 195 147 156 163 141 100 210 174 123 166 117 38 160 44 198
    201 92 29 171 165 167 170 87 194 43 9 43 230 194 8 68 72 25 12 252
    24 42 241 192 234 13 5 93 234 111 67 110 218 202 179 247 47 220 10
    187 108 72 87 41 143 109 95 134 56 95 96 205 202 23 172 123 78 66
    202 179 74 23 170 150 116 251 52 195 61 195 245 240 137 224 104 85
    49 127 78 200 73 170 34 70 225 133 105 135 107 48 71 71 59 6 38 102
    78 172 136 167 245 5 57 192 240 220 72 1 140 71 192 211 238 214 224
    221 216 34 207 223 210 164 225 130 133 186 67 56 8 184 108 161 112
    211 241 153 220 220 79 173 126 23 244 182 149 236 176 10 110 160 123
    24 42 217 78 217 243 140 35 52 88 171 108 179 231 18 185 165 43 197
    96 40 167 167 80 206 247 223 60 113 186 124 215 36 6 208 59 21 89 82
    252 26 239 213 49 50 165 230 169 131 96 134 28 164 239 144 97 2 6 91
    209 164 146 251 41 159 42 233 174 108 66 110 174 142 140 47 22 131
    104 78 17 145 76 59 181 230 78 100 99 221 88 198 150 52 184 225 238
    66 201 14 230 253 50 76 19 127 30 12 188 147 230 59 164 4 40 9 113
    206 205 19 77 204 143 171 78 9 199 65 185 79 239 10 172 194 125 15
    19 169 32 208 69 158 91 213 10 10 151 88 206 215 35 214 55 89 117 59
    224 127 70 192 15 6 253 119 51 241 94 73 141 248 227 204 235 96 223
    51 85 62 185 177 64 140 143 117 58 176 239 74 241 123 201 158 28 203
    198 95 45 68 46 84 127 92 31 234 245 99 225 98 120 0 201 218 62 65
    115 4 252 106 38 177 34 99 52 63 245 25 137 187 243 40 250 80 238
    210 67 25 220 171 80 254 101 192 64 165 172 177 102 166 248 25 76 48
    117 155 104 150 36 0 213 28 240 129 22 250 21 95 38 15 253 143 243
    30 77 99 38 252 104 69 221 215 65 141 151 201 190 117 222 7 141 206
    119 35 93 13 227 43 239 84 81 9 35 145 101 106 68 77 190 23 106 13
    57 208 2 192 134 70 171 25 237 215 34 34 169 93 20 163 143 56 181 36
    108 158 72 149 207 153 70 170 46 95 241 230 12 16 173 254 107 71 222
    82 216 225 152 100 99 52 211 49 50 88 108 205 244 184 245 64 27 104
    95 59 213 162 159 60 159 219 50 190 177 185 213 103 197 16 40 152 90
    152 56 205 124 62 211 40 194 8 240 144 228 29 24 188 136 194 40 116
    249 32 176 162 38 212 140 61 182 227 167 128 25 242 23 137 169 159
    120 230 16 188 252 45 37 116 7 48 159 17 232 91 36 74 149 226 36 100
    124 13 161 143 42 2 34 183 231 232 199 17 87 184 79 203 25 233 13
    124 212 87 254 147 131 155 94 153 12 198 149 80 189 0 30 3 71 42 29
    78 20 242 251 134 34 201 32 243 16 128 83 31 154 38 125 115 191 181
    23 183 85 204 52 132 14 40 140 231 162 220 156 42 52 96 218 111 220
    96 218 7 206 27 152 36 169 63 1 176 32 66 190 225 81 191 141 85 97 1
    93 144 28 17 0 61 43 87 128 74 223 51 117 225 143 10 195 53 231 19
    134 130 13 94 234 212 71 232 75 47 239 74 187 243 85 153 249 25 76
    166 80 138 252 29 90 61 77 0 66 70 248 71 35 43 103 13 95 142 29 55
    19 144 150 179 66 65 184 79 11 25 34 204 129 135 235 87 78 194 76
    155 75 177 151 118 34 190 138 43 75 228 80 136 28 28 32 156 229 10
    52 19 123 191 255 253 152 55 238 44 163 153 132 197 59 239 70 225 47
    134 87 2 52 234 84 88 120 160 244 78 164 206 204 194 155 6 214 214 0
    215 245 173 47 238 19 151 235 181 37 106 70 179 40 186 80 227 19 88
    213 86 228 70 128 214 83 30 189 162 120 169 139 44 145 135 85 82 113
    178 165 74 165 233 32 176 247 239 161 59 59 99 180 244 177 85 196 30
    27 35 169 156 74 161 169 112 33 143 32 249 222 147 254 240 184 218
    87 66 82 254 253 141 96 46 201 11 144 38 28 54 159 1 225 8 110 56 4
    255 172 234 170 19 21 234 12 53 213 181 68 23 202 30 221 197 243 164
    209 151 72 158 166 192 239 181 168 60 53 165 148 165 78 104 143 46
    187 60 179 34 168 36 168 242 237 160 188 103 6 233 59 29 176 215 134
    220 171 195 86 115 32 1 253 179 199 7 10 150 194 236 232 29 161 35
    229 3 139 180 90 157 215 191 88 83 127 120 39 170 228 110 55 233 45
    223 40 91 13 145 33 196 9 220 0 71 2 40 136 183 235 191 34 224 114
    184 97 198 163 115 140 55 217 86 177 153 142 32 200 98 200 9 100 104
    209 14 179 75 165 41 99 182 38 164 253 217 202 84 154 128 170 30 235
    21 132 74 150 128 52 40 109 112 243 28 77 92 204 175 7 98 179 80 254
    9 29 24 65 96 195 255 177 255 59 75 48 9 205 128 115 172 84 94 174
    186 50 195 48 247 119 26 185 177 96 127 116 65 179 108 198 160 97
    136 79 107 31 223 159 22 107 82 56 14 109 19 88 92 118 254 144 24
    212 194 167 80 250 35 228 112 254 146 143 251 151 238 110 3 244 22
    180 251 75 146 73 131 220 128 252 48 55 228 37 229 18 237 197 59 195
    170 12 134 29 159 123 74 137 228 124 121 187 27 51 73 111 120 140 16
    25 68 92 106 158 129 35 224 254 225 136 217 240 242 153 245 38 197
    248 60 188 88 121 216 36 67 114 147 250 178 52 42 249 222 198 209
    104 129 51 90 42 223 18 213 147 48 216 145 2 201 6 120 195 43 235 68
    115 105 125 196 108 122 207 202 64 177 144 167 158 226 157 227 81
    157 45 106 157 199 70 213 214 253 142 82 170 12 59 28 173 51 25 14
    123 29 235 182 133 159 134 136 97 185 14 48 70 249 134 173 137 248
    127 80 47 105 25 44 62 48 76 69 162 101 167 69 159 149 232 170 207
    190 158 188 99 35 170 228 192 39 154 14 30 62 98 213 68 251 102 187
    143 30 217 169 216 168 55 92 47 132 84 146 199 23 105 207 60 254 43
    238 123 76 238 202 16 37 29 246 222 187 49 70 247 92 227 51 11 182
    175 96 132 120 73 97 40 234 183 28 8 225 235 252 133 41 14 86 23 48
    154 219 230 204 186 165 121 177 22 200 79 185 1 29 2 81 51 177 62
    202 243 191 20 119 211 71 246 21 95 253 203 161 101 168 160 172 49
    80 38 197 94 118 247 95 15 232 192 98 72 91 7 118 76 189 17 11 223
    34 14 243 189 134 166 157 172 58 209 186 56 42 17 223 202 64 240 178
    80 130 118 96 62 20 59 216 37 117 239 179 63 168 113 31 125 118 126
    76 2 220 3 68 148 209 230 132 45 0 113 169 1 236 110 117 146 7 40 44
    16 74 76 243 228 202 96 230 141 62 72 40 2 200 28 95 10 140 6 40 7
    197 26 155 8 168 198 212 198 254 29 211 184 167 193 41 15 10 110 216
    224 34 95 44 78 45 52 237 105 21 200 82 153 184 244 126 252 180 223
    142 3 8 219 60 198 144 240 127 241 122 31 179 92 186 37 97 189 180
    225 12 202 192 109 186 130 125 11 232 249 168 194 9 234 122 62 87
    132 73 6 139 91 12 195 40 27 48 155 190 203 93 214 155 118 179 111
    114 132 229 235 187 197 142 109 91 203 208 51 161 146 110 98 184 22
    228 218 134 136 109 248 14 80 80 77 223 41 114 72 241 209 128 155 25
    239 199 76 56 78 56 247 184 104 175 56 118 1 93 1 40 167 52 232 100
    111 221 82 161 134 130 9 193 141 35 67 195 249 236 66 170 59 240 225
    206 54 49 90 96 121 232 117 217 223 26 184 226 16 91 86 133 173 59
    97 95 208 231 191 28 196 77 210 62 147 220 102 231 34 192 105 190
    216 152 49 110 66 24 217 17 124 205 245 249 172 181 227 148 249 159
    222 39 93 0 56 205 209 132 19 47 179 29 217 77 183 126 35 230 119 83
    234 121 44 166 226 18 105 178 42 94 42 209 208 226 105 23 178 33 222
    248 203 134 55 113 132 148 149 170 52 172 140 92 182 250 77 106 91
    94 137 171 191 189 85 154 9 211 18 144 250 255 56 37 148 150 115 57
    48 141 67 132 107 71 195 192 191 91 214 199 71 90 200 10 184 31 255
    167 31 40 248 81 183 77 191 181 204 128 12 204 165 63 190 208 60 238
    132 1 148 127 130 2 224 94 84 87 109 95 139 101 183 60 219 69 45 77
    140 30 142 25 36 77 168 100 220 240 11 249 174 115 92 32 107 10 172
    253 132 92 118 200 185 34 224 52 137 50 26 68 155 45 142 37 206 246
    95 22 191 86 78 109 211 193 78 7 216 31 244 66 106 225 23 35 248 222
    29 5 131 112 116 1 115 66 66 179 180 58 255 99 15 122 204 27 244 148
    217 27 218 37 27 94 34 118 90 200 21 93 215 44 9 0 221 11 224 55 88
    211 194 214 174 42 46 52 145 222 98 197 143 105 55 98 228 19 150 133
    205 242 231 101 228 57 242 135 160 93 199 125 137 217 50 145 198 193
    203 16 41 90 108 128 246 236 121 227 76 39 121 38 137 93 56 131 31
    135 101 206 117 92 24 27 78 81 165 91 24 166 94 47 215 156 180 236
    235 176 141 38 36 94 82 100 149 104 222 245 25 87 21 19 37 104 23
    149 117 198 204 107 230 150 29 38 87 232 165 73 156 210 179 163 126
    131 71 43 137 153 101 99 20 249 6 215 249 127 231 36 237 73 83 126
    123 241 243 17 202 246 174 25 206 133 100 39 30 191 69 0 198 51 55
    58 38 58 43 45 191 219 250 210 231 129 149 136 66 170 131 179 14 212
    172 72 86 178 71 26 112 165 103 58 243 188 18 173 220 56 61 34 53 78
    90 201 119 86 4 130 136 188 37 20 114 90 238 4 45 42 225 35 241 44
    246 119 144 247 24 141 39 139 122 11 21 164 5 102 57 22 249 238 9
    163 72 188 161 82 214 48 243 121 135 206 45 116 156 15 35 82 99 20
    117 44 101 98 120 63 181 84 184 66 146 164 12 82 240 250 195 72 168
    45 83 50 10 160 207 100 143 40 67 126 184 251 65 204 218 79 164 43
    161 235 4 220 247 114 65 158 62 65 40 230 32 29 134 70 103 127 144
    168 135 49 166 221 119 220 83 137 71 131 193 43 30 212 247 38 230 47
    134 202 137 140 39 141 32 156 255 224 188 188 29 152 138 104 153 221
    101 236 227 248 179 198 16 185 97 105 230 246 1 180 21 90 89 195 32
    29 13 97 21 113 21 197 207 69 217 135 40 89 138 201 55 18 118 148
    137 232 160 252 125 52 228 153 124 210 243 58 100 90 171 25 160 0
    109 156 234 64 196 131 22 91 11 76 5 208 219 150 166 227 0 57 118 98
    54 250 106 116 132 144 181 45 234 38 91 225 129 56 133 125 90 50 85
    38 154 232 170 127 151 170 178 167 174 60 233 99 231 67 4 59 220 171
    40 211 65 137 107 158 186 46 10 82 252 39 221 109 91 49 172 23 56
    145 190 59 137 0 87 27 11 104 65 202 239 94 2 143 120 147 192 41 145
    223 194 47 18 180 61 223 183 154 202 131 36 221 66 179 34 119 202
    167 93 246 45 201 200 69 170 253 158 104 241 112 208 242 192 137 148
    192 37 174 200 200 243 176 9 225 66 2 80 64 114 184 118 204 54 185
    98 248 27 193 10 140 222 31 155 63 146 48 209 232 91 98 144 159 40
    85 214 79 28 45 225 80 57 254 140 196 161 35 71 74 78 232 198 228
    206 139 212 222 140 118 233 187 107 217 127 68 45 145 160 253 88 227
    233 148 182 66 168 108 133 112 144 155 68 188 64 225 99 24 236 160
    83 185 114 89 58 230 159 123 163 181 74 217 147 164 39 116 39 116 20
    153 166 200 243 177 67 192 105 255 213 165 136 196 105 137 144 164
    106 3 53 154 126 228 14 173 239 48 125 101 78 157 114 155 134 183
    235 13 248 130 229 67 223 209 36 241 85 150 81 152 252 30 21 193 124
    106 135 9 194 97 56 205 191 98 253 217 110 39 24 157 166 133 166 145
    103 182 96 98 211 86 231 118 206 9 240 64 23 153 42 202 151 125 127
    146 230 159 192 250 179 248 5 1 79 161 158 232 225 227 2 170 22 47
    47 176 26 62 84 172 103 208 141 114 150 64 151 9 248 70 226 129 48
    148 157 84 143 183 57 180 168 19 124 98 80 70 143 25 206 68 250 148
    79 122 221 49 247 169 219 202 238 15 176 117 140 56 179 170 51 84 53
    246 234 229 185 3 22 25 131 60 200 127 217 143 201 81 207 39 209 62
    175 30 209 249 44 12 4 243 141 238 241 159 80 240 14 7 164 76 78 76
    158 162 230 5 53 51 198 202 165 98 79 137 70 224 124 243 244 187 252
    83 186 246 183 145 9 51 209 14 4 197 109 79 208 146 212 247 185 45
    74 209 164 159 110 69 237 86 94 114 255 103 244 50 162 98 108 144
    239 226 167 245 110 12 47 114 126 125 238 52 184 122 148 172 237 23
    222 207 114 40 155 36 181 73 84 156 153 63 214 82 154 3 54 141 102
    194 186 202 101 84 130 84 169 121 44 21 33 74 83 1 73 252 146 141
    172 25 142 46 16 247 23 64 122 6 144 63 205 132 78 52 81 186 130 236
    95 158 208 79 224 32 31 178 100 197 115 99 83 164 49 200 110 75 90
    61 39 37 230 50 142 50 115 37 222 113 90 53 124 43 132 73 13 123 59
    3 154 19 102 72 28 190 153 83 54 17 159 231 116 49 58 109 245 60 141
    49 15 140 77 80 145 93 239 79 127 188 22 125 111 39 141 102 238 118
    97 77 233 209 208 238 60 226 181 192 121 119 241 145 53 96 73 110
    178 79 163 65 225 86 243 47 148 221 31 147 97 127 218 39 52 201 85
    237 158 129 154 124 4 9 49 122 244 109 55 77 155 105 57 89 22 226 26
    32 208 12 107 240 46 238 116 144 144 83 34 243 6 255 44 98 178 188
    160 186 16 27 66 178 46 43 246 100 63 167 126 1 239 94 8 156 26 51
    78 59 104 203 133 233 193 154 253 228 219 29 179 244 121 60 126 50
    102 67 98 209 43 223 247 196 40 98 156 235 245 50 234 84 76 146 159
    169 210 2 219 72 210 231 207 80 5 121 25 82 51 20 100 253 66 132 226
    73 206 97 244 237 128 55 182 182 242 84 212 41 192 170 224 199 58
    249 158 222 75 77 176 115 158 38 29 56 50 12 36 120 63 242 215 72
    160 126 31 117 64 14 54 49 59 209 242 198 115 138 163 129 232 94 39
    138 150 244 11 56 240 232 239 214 241 94 221 53 68 138 25 92 243 124
    111 148 90 102 201 106 108 143 137 254 63 234 247 118 186 204 154 41
    59 141 91 130 211 152 14 145 5 137 1 210 244 87 241 232 228 71 34 63
    160 117 35 44 194 79 120 159 84 107 22 125 217 182 177 242 92 192 90
    229 90 88 235 111 238 245 234 46 27 89 98 52 70 40 113 87 134 227 4
    25 237 250 242 0 142 98 29 113 203 98 32 154 101 214 29 241 63 248
    99 37 200 170 57 40 95 30 198 202 232 191 222 49 176 89 164 213 229
    179 198 169 237 178 219 101 29 44 188 53 241 253 81 52 63 183 210
    234 226 231 85 252 12 187 91 248 222 165 144 201 136 176 67 162 147
    134 215 120 49 219 252 52 19 57 226 184 207 166 247 91 147 127 104
    165 221 131 198 5 238 205 136 42 33 211 38 212 231 17 136 99 47 44
    208 127 44 93 77 71 51 248 210 189 224 4 235 193 140 49 68 97 13 196
    82 185 235 212 145 116 43 67 148 180 238 99 99 4 183 72 53 114 29
    251 125 66 223 235 234 163 180 245 191 148 194 95 196 129 100 142
    176 19 52 154 104 116 10 12 156 101 141 126 24 104 226 204 32 169
    185 231 18 11 54 63 226 160 135 104 79 176 109 77 194 181 69 194 83
    142 214 129 162 74 60 54 61 144 253 58 129 15 74 40 254 188 214 56
    193 84 13 253 117 12 233 20 219 77 26 79 17 173 78 168 41 103 228 91
    188 198 29 169 10 124 100 128 171 110 89 186 62 150 224 61 188 159
    214 2 26 213 108 199 172 255 207 132 24 80 182 236 48 203 202 54 233
    185 218 246 11 100 233 231 219 44 228 134 161 246 10 149 21 87 59 60
    26 12 177 163 72 237 102 65 111 40 60 31 214 104 185 54 107 221 188
    17 138 49 103 21 59 168 89 176 248 167 213 50 243 252 87 221 117 107
    90 133 230 124 133 205 237 111 110 180 157 58 56 172 139 170 119 172
    173 135 214 74 37 213 170 133 161 253 198 221 134 194 24 130 181 26
    59 46 241 60 86 18 184 72 19 181 138 20 240 190 162 175 223 186 45
    93 174 175 63 2 34 134 154 221 15 164 116 94 73 198 149 138 8 92 23
    53 224 24 220 7 50 95 211 190 65 56 255 22 154 89 196 33 56 254 132
    147 95 41 8 34 201 183 191 65 27 62 7 201 182 223 179 87 212 233 68
    29 51 22 86 11 204 152 225 182 11 16 181 39 229 64 15 169 227 20 197
    119 228 60 148 148 250 32 151 113 183 92 66 191 59 236 161 169 114
    176 170 66 199 215 115 29 129 63 151 21 250 225 197 10 220 95 148
    211 95 48 116 102 241 192 203 171 129 169 59 216 142 110 56 218 23
    146 150 239 79 77 166 165 91 194 42 63 118 231 219 157 218 188 100
    184 238 204 177 107 96 74 147 168 178 240 146 65 120 170 24 178 100
    166 1 242 4 42 185 150 97 181 36 160 95 75 155 160 105 229 226 131
    120 198 41 174 202 158 206 140 209 233 19 212 80 252 44 135 149 152
    172 18 158 161 127 225 175 61 122 18 13 144 93 143 127 166 122 229
    255 192 116 241 55 202 122 250 66 15 173 58 153 23 204 219 12 69 166
    194 150 121 74 90 249 6 153 76 198 17 130 114 200 121 245 63 87 117
    241 148 135 222 61 152 253 176 32 251 148 98 157 173 112 239 54 59
    198 30 169 163 30 167 167 103 235 124 67 177 111 214 74 208 137 146
    15 13 22 199 249 25 180 154 211 246 105 14 148 4 137 70 140 162 133
    76 233 176 238 143 15 108 72 121 100 228 225 105 85 200 93 8 33 191
    186 163 173 38 113 166 54 221 184 253 208 89 117 200 19 219 138 198
    46 57 53 136 2 179 10 74 68 13 56 137 89 131 218 116 53 211 75 33 76
    93 255 98 30 188 11 85 178 216 150 151 251 185 247 87 127 255 93 188
    32 220 8 243 196 172 2 206 27 78 211 100 200 23 224 207 124 240 240
    195 115 232 129 236 143 122 70 212 61 127 175 34 149 101 235 110 177
    48 200 214 41 219 196 173 33 136 207 97 70 207 96 52 134 110 3 173
    30 228 164 75 5 173 208 147 7 41 165 46 109 16 97 33 178 87 51 167
    170 142 23 136 234 115 16 219 203 137 6 166 5 17 238 104 134 10 28
    211 231 214 228 227 202 41 156 221 143 221 246 225 60 28 106 48 39
    104 243 218 184 238 84 71 177 126 60 117 172 86 22 228 177 136 103
    242 157 231 164 122 208 20 182 146 136 94 71 59 11 1 21 124 129 28
    106 27 57 18 61 143 143 86 11 5 175 79 2 245 110 5 221 159 216 167
    100 139 240 200 4 136 172 175 32 164 45 177 112 108 123 160 38 162
    33 219 254 84 254 227 14 99 206 17 174 30 231 79 112 213 250 173 226
    84 98 32 162 201 254 198 73 205 50 252 222 88 78 125 157 251 158 20
    252 119 169 198 178 66 8 7 192 205 144 18 222 7 75 98 207 8 156 236
    50 107 194 167 108 68 204 115 208 81 178 157 122 48 21 49 234 221
    132 211 78 215 48 33 142 169 122 136 252 17 126 46 22 199 61 163 75
    237 230 191 38 138 138 120 111 81 71 210 229 41 124 210 188 89 81 48
    235 155 65 90 211 189 139 27 90 235 80 148 116 49 9 76 210 231 218
    161 202 255 156 192 244 63 183 124 123 164 183 148 27 101 253 238 31
    30 219 237 249 208 150 96 218 158 162 164 113 135 24 247 3 75 203
    143 245 8 77 137 230 163 52 63 189 248 46 126 145 115 212 163 1 86 9
    242 168 31 189 209 208 45 174 201 122 95 24 206 9 149 120 236 147
    241 105 11 72 166 11 43 84 204 139 230 226 104 228 227 93 2 170 218
    157 193 110 211 219 29 225 168 44 129 67 245 96 245 46 189 98 213 47
    221 72 145 245 77 223 159 251 89 12 174 33 126 20 123 213 191 121
    102 43 49 182 26 32 222 21 165 13 42 136 171 240 186 221 236 251 126
    90 39 27 122 26 214 144 159 15 245 66 149 95 49 207 42 86 125 78 139
    189 120 54 29 3 86 107 138 202 133 133 25 46 153 228 196 35 113 60
    115 48 41 168 94 239 65 14 205 61 88 169 163 24 159 152 119 105 18
    25 183 13 202 233 140 89 139 5 237 67 60 167 114 172 82 43 201 156
    36 44 4 172 137 89 33 170 176 28 115 242 163 157 225 48 73 189 254
    198 255 74 132 197 1 152 228 29 170 99 126 177 183 124 77 35 120 7
    105 253 59 129 193 188 108 91 202 31 15 136 224 85 64 5 232 81 201
    187 30 139 185 29 182 143 135 236 10 26 124 116 122 198 190 136 153
    255 47 151 26 211 249 26 238 59 103 96 184 19 240 25 242 205 196 82
    172 160 9 143 174 240 25 202 39 111 157 66 65 152 182 98 188 23 155
    40 247 245 57 231 132 109 139 105 39 186 129 190 195 142 0 154 148
    212 244 253 204 53 136 223 103 13 152 59 36 168 59 14 222 139 0 27
    191 161 139 205 137 236 95 106 228 184 98 144 200 255 157 152 20 185
    81 78 127 208 174 41 171 209 168 222 206 253 45 101 217 64 143 154
    208 14 49 255 254 15 182 171 18 144 68 20 111 122 85 217 158 37 168
    72 229 48 192 1 225 89 58 139 33 36 27 25 149 44 42 221 54 223 230
    91 61 56 24 244 253 50 211 46 194 187 238 17 17 141 21 88 62 204 247
    6 118 164 86 194 37 214 199 232 69 186 45 167 98 48 136 199 53 123
    67 240 166 165 208 230 102 135 12 49 26 3 199 196 62 117 239 200 135
    18 197 28 133 168 239 111 198 13 41 122 69 254 51 70 103 162 205 186
    77 237 66 213 53 130 122 233 238 56 252 176 233 192 216 232 203 205
    8 200 60 45 174 102 67 7 10 98 7 90 66 202 180 54 51 222 210 26 150
    22 196 227 98 207 81 179 20 91 97 122 49 242 213 229 115 6 192 63
    175 228 43 157 1 107 9 42 47 1 104 46 20 193 217 3 122 133 24 109
    227 75 85 203 105 132 85 236 69 193 143 96 114 152 131 170 107 54
    201 222 54 53 150 53 137 12 198 110 153 64 67 236 182 250 173 197
    164 211 165 232 147 45 96 236 149 224 40 238 22 24 85 158 159 4 0 60
    190 78 116 30 30 109 239 213 219 19 119 250 242 97 174 175 228 200
    31 202 172 115 102 42 90 223 16 34 49 71 76 43 158 130 154 78 169
    209 106 49 146 176 16 218 55 19 201 12 172 46 72 24 196 75 152 5 7
    178 7 186 80 149 75 219 115 73 199 190 148 220 36 213 201 37 42 246
    17 177 105 189 224 69 127 63 147 164 203 156 82 75 89 6 105 193 215
    88 128 60 56 63 213 223 62 113 58 63 189 103 99 217 238 105 211 203
    91 77 153 44 15 125 243 253 129 61 208 142 91 12 237 44 163 196 235
    41 14 123 238 71 71 0 0 10 128 78 85 131 35 11 227 121 55 33 37 181
    247 177 6 90 11 75 135 222 79 246 79 122 43 86 155 176 74 190 148 75
    235 66 222 168 94 77 175 245 134 128 167 33 96 127 119 118 128 179
    47 80 162 155 168 51 251 202 101 195 13 32 86 77 202 69 112 140 14
    109 20 15 30 54 154 107 174 60 245 70 205 177 53 131 152 93 29 130
    40 241 251 55 204 141 30 53 64 92 133 159 239 26 37 181 60 43 95 48
    166 176 220 36 129 68 177 64 189 123 232 11 102 171 45 41 173 78 183
    78 248 105 23 19 120 29 66 109 126 247 5 105 2 127 230 202 239 132
    116 167 152 38 136 157 45 161 8 48 153 153 128 17 211 107 167 157
    117 185 34 233 55 183 191 29 141 202 243 141 176 135 102 96 2 175
    113 216 13 206 23 202 194 204 179 56 60 31 236 214 227 164 13 188 97
    47 147 235 162 36 77 118 150 254 124 76 26 250 247 188 255 217 249
    77 97 37 16 16 161 82 146 85 176 27 222 74 9 21 173 116 204 1 182
    171 20 134 38 154 190 206 201 240 109 10 19 249 91 174 24 42 180 30
    81 50 77 36 41 109 46 61 99 228 81 16 182 84 54 166 211 16 127 185
    250 10 147 143 25 34 100 16 88 255 121 132 116 17 16 129 43 135 99
    109 121 110 229 43 124 156 137 66 79 50 249 157 73 77 39 180 7 198
    147 146 131 31 198 17 8 87 77 135 121 211 225 109 106 122 149 101 23
    192 209 0 147 91 165 21 196 210 215 188 111 148 41 170 175 143 119
    128 178 179 79 202 69 125 252 222 168 225 120 202 82 152 144 200 227
    229 18 113 155 128 254 246 39 69 120 77 76 125 141 69 136 250 206 47
    108 171 226 147 90 207 21 109 147 27 152 120 47 16 144 35 163 5 101
    18 66 159 185 54 4 42 235 30 74 143 124 146 109 175 120 245 100 241
    109 148 132 203 74 134 124 65 11 177 92 56 129 4 76 133 42 208 28
    229 71 5 57 131 41 78 234 31 132 163 183 78 226 81 215 83 225 252 6
    238 137 61 189 132 34 23 185 33 222 62 67 7 174 246 69 243 14 222
    253 218 217 25 36 220 202 21 43 248 251 114 75 61 135 190 213 246
    241 234 176 51 21 143 111 168 245 229 251 120 204 129 101 182 137
    241 174 103 163 233 211 141 133 79 73 73 141 242 224 41 240 42 90 48
    232 198 204 251 141 207 230 232 1 92 39 251 2 63 54 134 15 141 134
    157 230 23 165 240 176 58 12 137 193 223 215 239 108 40 91 103 229
    219 89 197 134 12 33 207 184 57 124 131 150 182 79 106 55 10 36 185
    198 54 252 93 32 119 75 7 88 155 18 125 124 55 7 37 77 29 138 125
    220 20 149 66 137 198 196 252 1 165 190 204 149 11 158 65 204 116
    221 166 120 206 166 198 227 82 180 245 201 205 152 99 149 75 71 70
    80 67 67 163 20 9 127 184 180 172 182 143 119 26 33 213 130 154 44
    119 81 38 41 172 237 137 236 252 27 136 217 138 187 135 10 40 105
    187 144 184 172 10 204 43 75 215 102 145 109 236 51 65 98 4 72 244
    222 131 218 167 37 65 12 128 232 25 140 64 186 78 193 79 208 181 92
    173 209 141 117 43 46 26 251 46 237 115 101 28 151 17 173 164 39 101
    66 20 221 119 255 195 205 123 93 30 210 32 10 36 228 146 54 244 34
    165 254 205 137 239 253 5 176 7 6 226 188 216 84 147 183 249 146 226
    253 50 55 251 158 80 217 168 87 237 39 125 77 63 125 168 45 235 175
    169 22 164 71 196 160 90 55 181 198 106 235 135 66 60 241 31 137 151
    197 209 115 129 2 189 18 227 224 104 217 14 80 25 95 83 249 55 151
    209 231 63 173 249 139 55 146 131</data></test_img>
<my_img type_id="opencv-matrix">
  <rows>100</rows>
  <cols>100</cols>
  <dt>"3u"</dt>
  <data>
    165 62 33 255 108 177 255 102 67 255 235 255 97 98 172 255 53 255
    255 3 255 95 83 32 93 101 255 255 87 113 255 88 9 33 77 172 255 233
    181 255 131 146 132 200 104 255 15 25 250 174 143 255 160 192 255 75
    169 97 77 88 255 203 255 251 255 33 120 111 243 255 99 162 255 132
    242 200 255 255 255 46 73 112 238 255 65 29 255 236 46 137 243 92 13
    255 87 237 63 96 221 78 220 111 255 216 148 225 195 193 193 60 202
    216 151 255 208 224 238 255 129 255 50 101 61 255 109 255 175 255
    255 15 216 0 80 118 113 255 26 255 255 7 206 235 132 14 255 15 241
    255 224 239 255 227 113 198 7 106 60 255 18 43 213 255 255 28 6 42
    108 57 52 82 197 13 188 56 255 168 255 255 127 6 255 217 255 255 36
    238 255 255 185 142 241 169 122 0 149 251 78 5 183 132 117 255 230
    195 100 57 158 255 1 191 243 188 232 233 165 237 140 108 151 255 25
    125 218 54 13 228 225 15 220 146 108 255 60 188 255 163 167 25 179
    255 255 106 238 255 197 255 28 24 246 148 116 190 255 222 219 255 41
    150 255 154 255 213 127 130 73 165 61 160 29 28 255 222 246 255 8
    255 142 235 62 255 86 255 193 185 120 171 212 181 238 88 255 236 89
    74 175 88 255 255 205 57 200 247 32 33 109 185 255 62 176 92 8 227
    255 255 252 132 95 213 255 56 59 216 97 255 27 135 149 255 207 80
    255 75 146 255 117 255 105 247 167 48 116 206 190 255 93 93 72 164
    255 150 151 151 203 153 255 21 95 255 189 88 255 165 125 225 28 213
    205 97 255 90 255 15 37 206 117 228 253 255 142 183 36 206 116 255
    255 114 103 255 217 255 15 128 126 255 255 93 180 255 69 241 255 255
    166 255 167 90 176 56 255 75 46 185 82 255 255 255 140 255 146 1 198
    207 103 17 73 69 118 198 111 255 220 255 255 16 255 78 51 13 43 196
    255 68 114 48 255 68 23 95 220 9 163 196 39 218 46 246 135 73 19 238
    38 255 42 220 229 226 10 255 255 105 237 138 113 20 88 255 255 248
    61 169 255 255 255 255 46 27 3 251 127 62 55 103 83 106 79 42 197
    237 255 8 66 255 216 33 255 255 31 47 14 255 93 164 169 255 16 81
    255 73 127 102 196 183 58 197 9 113 199 255 255 52 255 255 125 141
    38 20 187 255 227 126 196 211 255 255 87 0 75 82 43 117 78 255 2 173
    50 255 116 255 255 252 167 245 32 187 105 7 146 255 89 233 28 52 112
    203 238 39 87 109 255 236 255 213 122 137 148 255 137 255 255 171 50
    48 255 46 255 247 255 148 255 187 55 35 66 170 1 97 255 97 183 65
    137 24 80 174 181 240 230 255 120 161 106 255 252 107 47 247 56 255
    37 19 255 221 115 255 213 255 147 190 38 255 81 238 195 116 164 255
    12 85 200 170 89 208 45 53 255 255 43 221 122 129 255 28 141 243 159
    233 33 152 181 248 141 197 255 78 220 220 37 13 255 53 255 255 180
    113 118 135 255 28 255 60 185 255 81 255 79 210 255 86 200 255 115
    10 255 19 255 255 222 255 132 32 99 166 244 255 255 118 255 93 168
    205 160 97 32 255 38 22 255 170 177 118 135 20 120 150 223 255 26
    211 37 126 241 203 215 83 95 167 48 145 198 197 255 77 220 40 43 126
    255 163 45 226 80 255 255 255 99 213 117 204 255 220 255 255 214 148
    255 44 255 255 221 255 10 182 65 158 142 255 255 81 137 70 57 70 138
    75 134 120 82 255 42 207 255 255 126 255 35 33 255 95 29 109 255 60
    168 107 43 255 218 23 255 130 234 253 42 28 255 142 5 255 125 114
    113 78 141 195 255 255 107 255 255 32 153 207 188 255 255 111 255 25
    255 255 255 144 211 141 154 10 111 224 7 168 255 200 10 255 48 199
    248 255 252 255 255 214 6 255 145 255 243 241 9 42 98 151 255 3 255
    40 7 55 255 113 241 60 62 126 128 78 201 255 159 153 60 116 205 10
    231 28 255 111 69 72 66 172 255 224 76 208 21 13 255 185 255 255 133
    200 183 209 176 255 54 239 118 172 255 193 230 99 12 200 125 255 114
    78 255 18 32 206 255 45 255 65 218 123 255 247 255 52 224 20 99 37
    255 198 5 255 12 13 255 57 160 142 44 19 191 28 249 42 247 104 211
    163 141 118 255 183 95 25 255 255 255 255 5 255 243 236 250 255 163
    33 73 255 113 252 43 150 255 231 41 19 195 69 144 135 255 255 255
    143 195 255 255 11 255 10 28 255 102 24 255 106 24 0 15 255 82 75
    255 255 118 206 0 64 67 255 23 255 255 107 230 255 255 255 60 6 255
    255 118 67 255 255 255 166 255 71 156 61 255 127 18 10 255 97 255 57
    90 24 255 195 71 255 163 39 245 133 1 240 19 159 255 255 196 226 59
    57 90 186 169 255 248 136 100 110 130 255 251 196 148 21 51 173 120
    67 57 38 27 33 95 247 82 143 103 221 69 158 255 65 76 171 19 255 201
    90 149 200 7 248 246 255 216 175 149 150 255 81 255 196 118 196 95
    240 255 255 44 252 183 255 193 132 208 20 255 2 255 8 116 13 225 215
    157 183 108 22 90 36 159 17 171 255 205 29 255 88 208 165 148 254 98
    77 255 15 103 99 225 255 41 108 255 251 118 255 127 255 190 255 48
    238 255 19 160 160 158 135 152 150 13 129 122 255 117 8 68 167 101
    255 230 206 255 89 197 67 30 255 128 64 66 201 117 107 255 129 103
    50 77 255 255 79 151 255 153 244 2 199 178 90 86 201 255 229 55 160
    226 178 178 90 117 200 106 150 238 109 255 87 65 255 132 80 150 168
    160 66 251 199 255 255 162 94 255 2 207 255 50 33 218 235 233 118 95
    255 255 129 74 17 236 220 135 227 243 67 2 242 93 195 11 35 203 182
    170 46 117 255 79 32 27 71 116 185 213 163 170 216 3 37 82 115 193
    164 140 255 221 239 22 71 60 255 125 255 203 56 153 255 205 178 128
    225 140 255 255 196 80 75 155 255 29 64 255 143 140 255 63 17 255 45
    99 255 135 141 47 21 61 52 171 34 108 17 113 65 249 255 55 232 178
    255 69 65 255 56 132 255 206 25 108 189 255 255 21 239 42 80 45 255
    205 42 173 141 255 246 209 224 158 142 255 226 87 60 245 241 140 255
    185 17 151 161 1 128 212 213 52 28 129 255 11 255 255 80 53 255 223
    28 255 181 173 255 241 255 42 60 234 80 142 39 195 96 177 200 1 205
    255 24 244 213 181 115 255 209 165 255 9 144 196 142 11 240 255 15
    255 45 168 255 79 255 255 17 132 255 72 255 183 100 255 55 181 234
    20 187 1 150 100 255 113 98 183 255 236 252 80 255 186 223 198 218
    45 255 155 201 82 47 255 255 255 255 214 178 73 88 116 210 71 255 45
    185 177 33 30 255 255 34 113 62 81 39 135 114 255 255 57 255 23 66
    178 206 255 255 255 23 53 110 200 165 255 74 31 38 156 66 145 102
    255 10 95 255 107 16 131 147 145 255 52 216 132 35 144 255 75 165 59
    255 111 192 255 172 255 185 152 135 255 255 187 255 8 69 53 28 255
    255 82 134 15 255 255 225 152 164 140 105 179 201 122 162 255 71 145
    255 187 98 255 37 140 255 194 213 255 95 174 255 255 243 255 52 31
    255 203 255 240 255 206 255 255 115 255 123 164 255 86 247 255 204
    255 40 222 89 255 41 255 170 65 88 218 5 255 161 255 179 255 34 123
    190 111 81 115 255 255 87 254 151 27 216 85 208 255 165 47 90 255 23
    147 25 47 88 213 35 213 255 221 255 195 255 255 223 191 232 206 25
    81 191 32 129 255 128 220 255 77 47 221 151 218 97 218 205 251 188
    132 25 255 3 17 255 230 219 173 224 104 255 100 47 216 146 149 255
    153 200 115 207 192 60 152 168 255 255 90 180 79 220 15 54 41 125
    177 157 32 167 213 138 15 38 151 111 182 108 144 137 238 211 255 255
    182 241 255 32 255 112 234 255 23 221 255 117 108 167 90 158 255 255
    81 51 47 143 255 88 171 34 181 255 205 108 183 130 255 95 255 55 217
    43 190 93 195 255 64 15 7 255 118 77 255 255 138 36 155 255 255 169
    255 191 41 235 86 255 255 220 43 7 160 125 17 250 141 198 136 169
    113 181 183 255 255 102 77 147 255 153 41 251 255 135 47 255 205 255
    60 251 239 255 255 255 255 221 169 108 225 14 255 123 255 255 187
    206 255 48 255 203 156 225 108 34 168 255 154 130 10 255 255 255 255
    84 255 229 255 255 75 80 13 213 255 210 211 241 23 255 87 82 25 255
    255 207 255 181 133 112 130 255 255 138 235 255 25 207 255 87 77 255
    3 177 136 163 74 255 255 255 78 48 134 69 100 199 205 153 16 1 186
    27 255 12 16 144 255 28 55 255 90 255 221 133 36 145 100 244 200 68
    0 32 137 255 190 199 246 231 92 22 173 110 255 255 134 103 255 186
    193 255 96 202 103 162 157 255 109 99 160 255 139 65 59 6 156 212
    255 255 206 169 148 255 29 53 122 104 255 118 237 32 194 109 28 214
    237 158 188 209 255 169 255 161 213 153 163 42 48 118 253 233 62 36
    255 255 255 107 13 9 83 82 206 201 255 34 255 68 24 255 17 244 122
    255 46 201 255 87 141 255 255 144 77 255 255 2 19 22 255 255 106 110
    225 239 255 255 92 191 255 38 155 6 127 255 128 211 255 242 255 255
    215 71 25 255 255 255 204 81 37 123 87 18 107 255 8 88 191 255 198
    255 255 62 255 220 72 163 30 169 148 190 244 25 165 118 255 5 93 70
    255 61 29 255 250 255 233 108 146 225 255 28 75 48 115 228 234 17
    215 155 90 143 220 239 211 41 253 191 185 165 82 75 183 47 25 76 155
    116 164 255 255 97 77 178 121 176 18 255 255 255 177 3 203 71 215
    133 8 255 213 255 255 232 141 255 9 255 255 165 106 185 203 200 220
    255 255 127 120 42 255 220 229 132 109 216 173 56 247 7 41 210 255
    24 255 255 77 255 181 255 9 238 225 167 112 255 255 255 149 95 95
    215 157 62 37 220 17 254 159 255 241 219 255 145 67 255 133 241 176
    255 202 255 179 235 150 7 255 205 97 207 201 25 102 103 62 255 255
    222 239 100 138 149 97 26 182 28 254 255 255 106 109 206 208 255 255
    69 127 255 30 27 255 220 146 110 106 32 255 125 211 255 104 39 255
    167 48 255 59 237 255 34 37 5 191 19 255 255 255 142 232 255 255 43
    255 230 107 209 50 255 122 255 255 255 138 182 112 255 250 255 166
    254 196 83 255 8 255 63 255 5 233 199 255 57 229 7 14 43 255 249 223
    255 238 75 123 143 131 18 51 160 210 204 255 176 250 225 28 181 255
    158 236 121 176 86 205 231 240 163 255 197 19 100 62 108 190 96 197
    255 56 10 255 150 255 160 255 200 255 82 251 123 144 94 161 33 255
    18 178 126 231 204 117 255 114 201 255 168 25 255 173 108 58 111 255
    128 125 218 93 119 164 255 84 25 67 238 135 255 43 17 151 255 174
    216 168 61 166 235 115 186 255 233 103 28 64 147 169 101 153 227 248
    206 236 255 255 234 224 53 165 52 107 23 33 255 132 118 255 225 120
    175 160 213 255 73 89 158 23 237 100 221 160 255 185 220 20 198 164
    205 123 6 206 168 163 246 153 64 255 132 71 255 33 243 33 36 135 255
    20 90 255 86 255 112 141 255 255 80 255 255 71 213 145 185 87 3 230
    154 255 255 255 255 231 224 255 255 149 176 63 246 205 97 219 255
    164 143 255 35 56 200 241 255 160 147 172 93 232 160 165 206 174 255
    125 202 255 201 97 65 249 248 188 1 237 63 197 160 240 2 255 171 73
    255 83 255 248 122 84 173 68 225 211 158 91 116 75 209 38 62 223 37
    255 25 5 255 138 255 255 181 131 213 113 36 0 128 255 255 30 255 255
    129 215 73 39 48 255 149 159 102 170 48 255 60 39 255 84 62 73 177
    99 0 220 233 205 255 111 255 52 5 178 8 18 82 26 20 255 241 167 110
    144 164 220 19 88 255 73 15 228 247 163 255 162 92 226 135 207 185
    134 204 255 75 255 123 255 148 250 11 183 255 255 41 15 9 79 255 255
    14 255 123 76 255 45 255 255 63 255 15 82 255 233 255 252 255 174
    120 10 0 81 230 212 213 255 93 196 206 140 123 255 255 45 50 120 81
    93 73 235 88 192 255 255 81 76 60 222 255 113 255 255 255 93 255 241
    238 188 216 54 255 88 255 255 225 59 126 255 232 137 255 207 144 221
    255 10 255 124 129 255 191 188 77 74 157 255 255 227 255 255 230 158
    12 187 87 120 135 255 125 235 0 61 255 7 255 162 180 144 101 135 75
    42 166 182 15 153 32 151 67 128 42 218 229 255 255 100 157 132 172
    65 255 114 24 153 236 255 255 113 11 255 65 120 30 163 117 43 240
    235 221 92 255 255 19 37 93 15 225 13 2 210 255 120 255 255 206 214
    255 34 145 255 84 37 206 38 251 255 19 255 255 180 211 82 48 50 255
    41 255 255 60 202 112 143 36 255 86 160 87 187 204 17 125 51 255 84
    255 255 134 246 60 71 164 193 171 102 255 195 255 255 255 255 43 57
    37 171 164 255 203 255 93 82 16 131 255 190 255 108 23 255 255 54 93
    183 200 243 67 64 255 226 136 6 255 255 155 35 255 255 255 143 90 15
    131 167 255 24 210 236 153 168 255 92 20 7 60 255 255 18 255 255 255
    233 255 236 255 255 2 87 226 141 255 60 33 255 255 8 18 190 255 202
    38 120 214 118 197 188 255 48 244 161 165 187 255 133 76 255 176 211
    138 46 102 255 206 13 45 113 51 18 217 255 138 255 43 145 84 255 225
    43 255 255 253 70 255 255 39 170 255 52 255 74 41 127 255 207 92 220
    99 255 133 129 27 32 144 255 71 151 255 14 255 103 65 255 211 194
    210 22 255 81 138 0 255 255 255 151 180 168 8 70 251 255 255 10 112
    255 108 255 188 111 255 130 93 55 255 132 115 77 53 255 193 95 98 62
    253 220 135 81 22 255 255 101 80 41 150 251 221 255 255 89 125 255
    12 79 255 114 10 255 109 141 60 255 94 255 45 255 255 162 106 123
    178 213 105 215 196 2 77 221 20 183 205 175 51 13 132 12 116 230 152
    164 102 255 51 255 253 202 255 144 5 255 16 89 88 91 200 226 149 111
    225 221 127 255 26 255 10 108 232 255 164 255 210 236 29 186 119 179
    176 113 93 148 182 13 255 231 67 115 214 255 255 253 255 18 255 145
    255 21 241 255 65 233 255 176 8 30 119 155 112 255 215 255 155 255
    165 178 99 48 211 132 255 68 140 255 243 224 35 255 81 248 120 97
    255 227 167 95 44 209 255 44 172 173 18 115 43 255 255 220 45 70 185
    45 249 27 87 135 43 59 255 45 100 22 5 114 255 255 236 235 148 93
    129 255 117 255 122 223 137 220 255 255 8 155 255 255 90 125 18 199
    64 130 255 255 208 73 187 255 250 255 255 55 34 255 167 85 57 252
    186 42 0 207 133 43 55 255 255 255 107 24 32 90 0 46 12 255 224 42
    190 255 115 125 255 255 78 70 132 126 22 25 186 137 65 205 118 255
    222 255 22 9 94 255 15 56 98 3 24 211 255 97 98 125 252 255 23 255
    255 34 22 73 220 139 255 91 255 82 235 255 255 185 76 255 255 255
    255 136 255 255 7 153 233 170 65 27 20 123 198 255 155 255 98 46 62
    14 47 147 180 255 208 213 75 181 100 244 255 245 1 255 132 24 143
    133 146 255 24 255 130 255 136 120 147 48 255 95 33 255 192 111 68
    129 225 63 54 132 243 151 24 50 99 52 255 194 79 3 136 47 250 251
    125 225 89 80 246 0 129 140 0 255 255 32 22 216 104 136 32 255 65
    236 12 255 113 82 255 255 27 186 225 86 255 191 154 79 255 133 239 3
    255 98 255 111 165 255 102 159 216 41 97 62 178 163 255 86 230 52 73
    255 20 156 219 62 187 65 47 250 73 255 132 80 55 81 177 255 141 99
    255 138 4 240 123 79 255 243 255 255 200 18 158 20 173 115 88 45 22
    255 74 246 226 15 147 253 61 15 170 90 47 5 255 255 248 9 255 97 66
    27 44 255 255 63 233 255 197 255 50 25 55 208 227 255 32 255 112 255
    146 255 8 16 255 255 43 66 151 142 255 135 77 187 255 19 135 255 255
    171 128 206 255 255 10 255 230 25 187 255 222 104 120 229 255 255
    181 253 176 78 182 255 0 255 47 196 17 83 77 158 132 43 19 255 124
    255 148 74 27 233 183 52 255 26 23 255 6 97 50 146 51 52 168 85 2 73
    255 92 19 39 255 17 221 255 44 201 80 147 255 153 223 104 255 27 18
    255 207 187 20 211 53 255 255 210 87 195 255 230 84 36 90 66 3 155
    45 125 255 140 148 210 34 215 255 104 187 155 255 93 255 30 214 102
    251 168 255 169 255 233 72 255 170 132 61 57 100 17 158 198 117 148
    255 90 63 236 174 255 154 200 255 223 255 132 226 255 255 84 36 255
    255 70 127 192 65 37 229 139 83 242 57 147 255 216 255 255 1 175 8
    169 171 65 98 255 10 75 255 223 221 255 128 255 255 110 122 240 255
    145 255 168 233 255 181 18 10 36 255 47 255 255 165 101 155 215 63
    178 255 127 255 255 109 61 130 238 204 0 255 20 47 255 131 195 154
    255 255 227 242 255 255 64 183 180 255 255 107 34 65 152 255 20 227
    255 191 53 255 163 196 234 225 255 241 255 97 227 0 46 28 255 131
    255 255 227 117 15 201 244 255 207 252 255 183 255 255 212 186 148
    39 47 235 102 48 135 100 177 255 77 0 48 183 137 132 214 39 255 100
    255 255 70 255 255 223 255 236 109 28 255 5 137 193 52 182 40 191
    255 255 156 123 163 235 92 40 17 232 223 255 241 198 255 255 145 20
    36 255 101 66 38 255 153 255 30 255 255 140 207 17 201 159 23 242 79
    62 156 125 255 206 207 255 5 42 165 91 50 255 236 62 166 129 227 200
    255 255 220 53 98 155 239 224 97 253 131 255 92 241 255 36 255 156
    255 219 246 159 255 78 169 233 233 249 241 255 255 242 243 199 10 32
    245 36 35 255 13 241 25 57 53 47 10 255 217 14 88 214 20 8 255 131
    255 229 94 75 204 70 118 255 84 255 226 137 255 54 178 170 174 25 35
    216 143 255 108 88 255 220 120 38 255 163 160 95 97 255 105 18 108
    198 155 255 105 174 255 236 132 188 161 104 95 101 178 65 96 255 195
    160 183 140 255 255 145 158 130 3 70 132 193 97 177 255 127 38 216
    229 51 171 161 60 255 255 221 93 205 50 8 242 121 188 90 225 255 115
    255 255 159 159 97 19 78 145 102 176 30 255 6 151 63 255 215 43 171
    251 209 64 255 51 66 165 123 140 110 171 215 245 92 255 255 51 185
    166 43 121 255 138 168 255 254 255 2 16 255 122 9 172 63 48 93 255
    124 255 255 55 255 255 144 235 255 255 135 221 33 89 52 6 255 255
    244 47 223 68 255 140 79 130 255 171 144 15 20 48 255 18 144 255 205
    228 255 181 255 255 239 186 233 217 165 210 53 62 255 91 149 38 59
    255 255 73 70 190 21 247 143 255 108 255 251 27 33 83 167 118 208
    255 255 72 255 150 105 255 185 190 179 171 122 162 195 255 92 255
    248 155 255 35 167 255 53 235 190 105 255 148 90 255 226 118 207 30
    177 199 155 135 255 255 255 197 107 151 182 255 100 255 205 255 255
    193 117 234 255 179 19 255 125 255 228 149 255 255 203 204 203 137
    136 255 97 255 180 16 94 3 117 36 255 243 47 255 46 6 231 227 29 50
    208 90 200 255 255 255 41 150 82 57 92 171 252 255 102 135 22 35 60
    113 58 37 1 52 101 111 255 12 255 255 222 25 255 153 83 226 127 153
    32 71 244 255 79 201 158 2 111 125 15 144 75 232 118 165 216 106 42
    255 247 255 255 255 255 218 153 255 80 146 255 37 120 13 74 25 63
    255 255 245 195 83 200 239 23 43 17 39 52 25 45 255 57 56 255 79 169
    228 255 102 255 27 113 70 62 183 150 198 134 255 255 255 137 3 106
    255 231 237 32 230 255 255 92 32 113 132 121 112 255 174 156 108 224
    255 120 255 27 161 187 255 45 199 186 44 255 255 46 255 165 255 255
    255 2 116 100 255 74 193 161 157 108 41 127 22 70 38 255 174 120 206
    116 178 108 255 97 255 232 111 55 222 141 255 97 164 255 201 182 255
    234 48 97 255 94 120 118 206 246 147 104 185 160 188 8 181 126 92
    162 255 190 208 182 255 200 255 113 242 141 185 45 36 255 72 241 215
    137 255 255 255 57 255 227 118 255 90 255 78 46 151 255 225 223 255
    48 255 255 207 255 255 61 228 255 47 255 18 47 129 255 120 207 138
    117 151 255 122 4 255 255 196 57 113 207 75 89 221 255 38 255 255
    136 255 128 168 101 176 255 95 47 46 109 140 43 144 255 41 46 198
    128 71 255 20 15 255 248 42 255 235 173 48 164 19 151 163 255 255 42
    89 255 116 211 28 23 177 178 41 10 255 6 221 255 206 255 255 232 255
    166 192 123 255 167 137 255 203 67 255 38 255 103 144 80 255 241 112
    160 249 255 255 190 244 147 255 255 185 132 255 63 86 99 161 169 181
    27 119 177 221 17 103 255 78 101 38 66 255 255 194 104 255 63 83 151
    71 51 122 124 255 255 119 255 255 255 206 236 255 225 255 205 182
    255 243 57 255 30 150 245 25 115 27 161 255 255 254 255 17 255 61
    158 226 255 77 160 255 88 126 32 183 154 130 130 16 255 255 55 80
    112 144 97 255 37 255 151 149 255 128 52 255 255 132 24 255 213 193
    255 128 201 190 41 238 255 93 255 45 227 1 216 17 14 255 129 37 67
    255 149 255 113 159 255 26 3 255 255 192 72 255 81 175 242 148 122
    98 51 255 8 81 255 154 34 82 215 255 12 255 173 246 255 255 255 115
    165 255 56 182 255 195 177 255 248 135 255 204 84 135 41 148 47 82
    60 87 197 202 255 253 158 255 223 237 255 226 223 243 255 157 190 89
    65 255 126 234 255 20 248 73 133 27 140 179 108 226 8 164 188 29 143
    191 74 255 226 93 144 205 90 64 255 255 225 107 186 148 168 87 255
    255 118 17 38 170 255 47 62 176 93 255 60 50 66 14 191 24 62 88 181
    117 171 226 235 255 17 255 133 158 255 255 173 179 255 215 160 83 57
    186 255 126 126 255 98 42 10 52 255 77 91 116 248 15 33 118 133 132
    208 254 223 236 81 206 220 235 230 255 6 229 255 107 53 97 105 234
    255 42 177 255 71 255 103 33 235 208 149 83 5 183 221 27 249 32 57
    132 255 255 255 92 241 255 17 255 33 92 211 7 237 145 24 20 255 77
    255 255 30 255 161 178 255 20 82 247 143 255 154 255 23 150 255 41
    141 87 234 158 108 16 131 255 247 95 241 134 143 255 234 201 255 43
    227 255 5 225 52 3 64 47 190 253 190 255 255 248 180 151 161 255 164
    255 215 206 138 126 178 255 115 196 72 222 182 255 5 42 73 207 73
    183 225 53 138 201 24 95 255 255 12 158 206 255 196 255 183 245 255
    255 247 168 255 132 229 251 255 181 255 151 88 195 126 164 18 189
    190 255 226 255 23 255 244 2 26 28 77 168 101 58 203 121 230 147 255
    78 255 230 248 255 173 193 174 43 225 255 165 255 233 13 255 14 10
    255 56 6 255 81 137 255 2 97 156 0 62 255 239 249 255 229 255 180
    255 145 238 255 255 206 220 255 153 233 181 73 87 255 255 255 88 5
    207 127 215 88 255 255 132 50 255 172 237 255 6 255 255 38 207 240
    196 59 255 97 255 255 5 255 255 227 65 255 255 134 10 249 239 255
    160 59 40 245 111 27 142 255 255 204 46 255 190 151 40 64 80 255 128
    178 210 36 255 255 54 255 255 75 235 48 143 116 255 173 213 221 217
    255 135 248 157 173 165 27 122 136 25 235 199 36 251 21 9 143 105 87
    255 88 206 255 33 60 255 188 255 196 205 255 196 65 228 255 255 34
    30 53 249 210 140 187 190 255 248 65 255 220 206 255 1 255 215 146
    130 51 48 238 128 137 191 145 38 255 90 117 255 255 117 255 244 197
    255 199 57 110 126 10 65 161 137 125 151 167 161 255 255 255 226 255
    233 181 207 255 144 196 127 220 191 7 74 255 255 216 211 206 254 87
    255 81 0 211 234 52 255 93 255 255 209 28 88 201 224 13 118 25 123
    59 181 255 15 151 255 255 233 255 255 84 255 39 127 255 124 199 15
    197 255 255 57 123 250 255 25 102 5 70 255 24 181 68 236 255 255 142
    129 255 253 255 68 0 255 77 106 39 208 36 29 78 174 200 255 255 141
    68 65 24 255 226 187 255 255 104 147 3 131 255 129 92 161 255 185
    255 255 150 211 19 127 188 216 116 125 255 255 255 181 98 206 209 36
    255 242 81 15 161 255 173 201 255 208 56 122 203 169 139 0 135 255
    255 255 193 248 14 45 113 77 255 105 68 255 198 240 29 65 255 169
    231 105 255 255 68 150 255 122 190 255 3 255 27 107 255 255 191 255
    230 136 238 153 28 1 255 171 238 122 252 204 255 163 195 255 241 255
    255 15 135 130 211 255 70 229 85 255 45 15 255 205 47 255 97 6 80
    255 132 63 98 62 255 204 248 255 135 14 60 82 179 185 113 191 255
    255 223 15 235 129 248 65 223 255 10 204 255 19 75 225 6 191 8 255
    126 213 172 255 251 254 218 27 255 253 255 18 255 255 239 255 78 7
    255 133 84 159 255 167 39 145 140 221 65 114 191 255 7 225 255 245
    255 107 53 70 118 207 144 255 187 31 255 177 57 255 89 107 97 79 255
    255 91 155 221 252 18 255 109 227 255 243 121 137 14 253 255 86 255
    255 221 235 255 113 229 82 255 144 255 153 157 235 173 65 255 255
    181 117 116 255 255 240 181 255 118 46 137 144 182 122 98 81 255 150
    157 165 236 255 88 16 205 88 122 11 255 17 120 185 72 37 255 131 45
    251 42 90 255 0 255 255 236 172 255 126 171 228 160 149 255 249 10
    255 29 74 233 224 10 185 57 92 132 197 136 230 69 33 195 255 85 88
    255 109 255 197 137 251 192 190 246 11 66 255 173 255 255 73 66 176
    205 33 255 255 223 147 59 183 103 46 109 82 2 1 175 1 106 211 238 10
    255 41 95 255 248 144 255 16 230 43 170 81 70 227 38 255 197 167 150
    255 123 255 125 248 255 232 246 255 105 89 255 136 205 158 194 224
    255 47 99 223 71 24 255 51 3 40 196 23 137 163 43 32 153 216 255 110
    0 205 114 17 220 59 123 175 135 235 246 160 81 255 72 122 255 69 244
    255 146 182 255 149 255 23 47 47 255 146 17 13 213 10 3 90 221 218
    224 60 255 61 39 125 86 5 255 255 233 168 194 52 255 255 201 218 255
    17 120 86 224 143 255 127 255 39 255 127 143 118 255 179 106 243 255
    255 132 243 181 231 8 67 108 108 255 255 30 109 147 16 69 255 236
    247 255 70 18 20 224 87 255 194 255 181 242 116 255 63 179 97 55 209
    255 174 121 255 168 255 255 239 164 163 3 24 185 215 75 28 255 126
    50 142 115 175 172 233 255 169 59 38 255 219 255 223 34 132 88 255
    80 141 5 103 197 17 118 114 69 255 78 185 13 255 255 18 177 67 42
    207 255 100 231 88 65 114 148 255 3 46 255 111 136 255 25 228 255
    127 190 15 154 113 88 119 28 255 206 185 255 213 158 255 222 255 255
    42 255 255 133 255 255 253 191 97 44 230 255 55 255 255 128 206 173
    255 255 151 111 164 57 239 107 17 243 235 78 242 255 223 255 255 65
    63 24 118 38 234 42 192 255 236 144 48 185 64 88 180 102 79 241 233
    37 211 50 61 250 80 102 107 170 255 190 192 255 200 255 143 128 236
    195 231 201 149 255 205 190 170 159 97 255 136 60 255 54 255 48 131
    19 180 255 148 135 196 255 255 64 206 80 110 190 27 227 165 255 199
    61 20 198 39 47 44 255 208 140 243 85 125 15 87 207 25 255 97 36 255
    9 255 216 160 106 200 229 55 198 255 32 255 65 255 255 255 139 235
    128 93 255 81 61 216 224 255 255 122 183 102 41 59 40 62 23 255 99
    255 255 235 118 28 70 90 186 52 112 255 9 255 20 221 246 200 14 220
    185 111 255 3 97 241 221 120 255 160 91 255 55 51 185 218 7 139 30
    48 190 255 255 255 255 25 186 92 229 255 255 26 101 148 176 42 255
    182 88 160 24 64 92 119 255 158 14 172 175 225 213 255 91 255 255
    107 108 195 255 241 255 60 255 255 147 246 43 21 75 173 224 168 255
    154 46 77 252 95 195 105 11 175 229 255 255 101 132 72 171 211 205
    71 146 55 217 230 255 81 111 255 255 255 200 26 50 246 170 37 255
    201 186 43 18 67 153 34 87 255 238 163 211 207 98 148 162 179 240
    134 10 255 123 80 120 255 225 88 113 67 255 151 59 186 12 255 255
    230 255 63 131 255 255 113 255 200 229 204 255 92 71 156 38 57 233
    125 255 255 190 255 255 143 3 2 224 255 255 5 150 255 236 234 255
    255 83 255 80 151 42 136 255 255 255 148 235 169 33 196 27 227 138
    255 5 102 165 230 218 69 15 255 204 214 246 62 115 255 245 120 17
    223 199 255 255 53 65 66 181 226 218 10 255 241 232 255 122 23 255
    204 207 255 194 169 255 102 131 240 107 31 233 131 17 245 88 99 255
    99 50 255 255 210 255 159 9 103 161 87 196 63 255 255 136 188 255
    183 185 255 255 94 196 255 106 206 124 115 175 97 255 73 207 131 255
    34 134 255 143 160 165 171 193 75 98 157 255 195 70 246 161 17 50 62
    38 200 97 66 12 16 215 133 47 255 213 255 11 255 207 88 165 54 132
    20 255 149 255 245 38 255 255 193 255 255 220 18 240 43 255 182 160
    72 9 233 255 176 255 255 248 173 108 255 255 255 75 79 255 29 244 8
    92 59 228 17 172 18 8 168 255 114 6 238 34 255 100 255 182 55 98 255
    55 123 164 185 214 232 255 30 43 255 199 64 20 21 56 255 20 255 83
    110 163 248 255 121 255 15 171 255 168 135 255 205 174 135 2 255 255
    96 241 195 154 255 8 116 197 110 68 215 63 241 51 255 89 111 255 134
    255 228 138 255 255 189 255 90 75 78 58 255 215 18 240 255 85 255
    151 215 61 148 255 255 172 255 37 8 53 255 85 58 57 171 255 154 80
    203 52 149 245 255 88 80 255 181 120 207 47 220 66 28 30 113 76 255
    255 9 20 255 53 133 68 150 255 56 84 125 55 81 118 102 204 93 186
    218 120 205 78 255 211 169 28 255 70 40 242 255 145 185 71 208 186
    190 255 117 11 226 255 255 255 33 20 255 255 127 123 255 140 255 224
    204 2 74 168 255 87 113 255 23 17 62 216 9 245 55 81 170 255 255 156
    131 182 255 54 131 50 52 255 191 34 80 57 247 253 35 173 255 52 70
    255 255 72 255 255 213 92 241 97 255 228 120 130 97 250 33 12 255
    210 246 255 204 90 131 153 255 24 129 255 160 255 151 32 1 255 159
    255 255 216 247 185 35 157 28 141 57 58 87 130 255 195 255 233 238
    255 160 18 88 171 100 15 255 213 94 160 47 255 226 152 29 132 133
    163 255 14 97 12 132 83 161 39 199 120 255 153 53 41 193 12 68 56 45
    138 234 83 86 116 150 255 80 98 208 213 218 255 225 255 255 109 255
    178 221 105 68 121 255 255 255 255 101 249 255 120 178 100 36 116
    255 153 176 255 125 70 255 90 1 40 88 255 97 231 255 60 149 207 255
    169 244 248 190 37 230 240 39 70 194 109 233 88 233 72 51 148 15 253
    255 145 220 255 255 158 232 3 126 197 200 255 193 255 3 255 68 117
    251 151 64 195 171 69 71 255 91 239 255 32 148 255 14 137 83 105 98
    255 138 61 62 2 104 175 160 148 65 110 179 255 198 239 43 255 255 75
    57 255 255 255 183 147 143 71 58 140 64 255 98 76 255 172 78 90 204
    201 255 106 37 128 29 167 255 3 253 255 247 230 87 199 255 145 133
    255 241 45 102 55 183 116 255 183 92 220 144 191 193 7 255 213 153
    255 255 133 196 255 218 255 255 80 140 168 155 75 223 171 111 255
    169 192 50 250 244 203 27 243 255 195 22 255 255 255 65 194 127 153
    83 109 132 153 60 166 79 90 255 200 78 255 238 255 255 196 210 27
    120 213 73 37 255 231 255 157 255 226 169 255 255 228 105 101 84 125
    145 255 200 150 255 58 3 241 130 177 253 255 211 48 48 224 37 255
    231 122 255 207 255 30 254 255 255 77 159 255 115 6 255 14 99 196
    247 94 40 120 24 221 147 196 255 171 41 195 213 247 97 255 200 117
    200 37 255 99 143 228 226 23 148 255 163 140 140 163 72 105 83 255
    243 171 255 60 209 255 17 171 255 200 108 188 255 202 0 115 255 47
    179 255 255 185 207 255 227 190 255 227 255 255 131 255 82 77 202
    198 92 76 42 113 241 255 141 131 255 21 25 255 147 23 118 255 228
    255 255 211 255 35 127 253 223 98 80 8 74 143 134 159 118 107 81 206
    61 255 211 129 104 226 45 143 255 141 157 203 244 137 255 255 20 55
    255 85 225 226 255 245 255 81 255 32 116 255 44 169 112 215 255 127
    188 19 218 255 255 255 240 13 140 255 85 255 84 94 245 243 130 255
    92 255 255 242 162 255 10 255 248 62 10 255 255 213 255 255 218 255
    109 255 255 172 255 255 21 92 255 213 173 255 255 234 255 19 89 255
    233 192 8 162 146 255 143 125 255 107 65 73 207 224 255 82 193 255
    173 122 73 150 80 255 172 23 208 43 29 5 255 137 250 204 103 255 165
    249 255 114 239 78 196 55 255 6 126 138 45 179 200 116 237 236 0 151
    255 255 106 241 147 29 90 54 139 255 106 14 0 255 117 173 107 177 47
    27 31 43 171 229 130 255 103 255 179 149 255 132 155 255 8 232 122
    128 80 225 177 131 67 101 255 255 125 81 22 97 255 255 0 185 165 255
    55 255 0 167 250 33 183 255 20 99 8 234 255 115 56 196 43 82 252 255
    238 255 255 189 111 153 255 239 213 100 134 255 56 185 191 255 6 255
    159 185 52 61 158 255 218 136 236 113 107 70 255 90 255 1 202 255 60
    213 255 231 148 213 242 237 255 255 112 171 92 232 68 27 255 255 153
    251 255 123 163 220 92 255 65 77 182 30 226 85 240 135 102 255 89
    255 255 50 80 241 69 255 191 182 213 42 255 227 255 34 201 193 238
    27 153 177 255 213 14 255 190 255 157 53 62 255 138 154 177 127 3 19
    200 34 34 255 132 165 255 12 150 43 253 255 128 195 206 255 8 255
    191 82 255 52 25 219 255 198 158 255 255 39 112 5 237 130 165 153
    142 25 34 108 140 98 228 90 108 145 255 221 140 68 185 255 53 223
    150 255 0 255 91 230 198 179 84 255 254 70 163 47 235 158 57 71 255
    255 211 255 129 118 196 170 1 57 255 19 127 254 0 255 115 173 255
    145 154 145 127 193 255 255 255 8 173 67 255 57 185 123 33 255 255
    218 255 255 99 255 255 234 43 75 36 255 118 45 179 37 164 123 35 33
    61 255 105 255 255 143 97 60 132 255 255 39 115 180 61 225 143 204
    237 255 79 255 181 107 10 255 41 117 10 253 157 255 83 239 255 124
    155 255 63 153 208 255 27 255 255 22 210 149 116 255 236 239 80 101
    237 255 38 255 30 143 29 255 129 93 255 108 242 255 89 255 255 25
    255 107 83 255 168 5 211 255 12 221 125 95 255 255 111 255 235 42
    251 255 105 34 255 185 87 210 209 81 133 185 255 93 110 15 255 43 31
    255 147 32 27 167 131 255 63 255 255 255 228 3 234 85 211 151 255 27
    1 218 255 222 255 23 222 177 255 199 23 251 117 140 255 247 162 20
    182 210 255 115 209 32 39 1 128 170 255 255 30 255 255 113 255 255
    42 81 255 96 246 248 236 76 210 255 218 255 100 255 255 25 37 255 46
    48 255 41 37 48 182 255 132 6 143 42 118 255 220 7 214 230 255 255
    255 217 255 143 53 255 67 153 27 107 255 62 93 252 171 15 203 130 85
    43 39 255 74 18 57 188 242 255 68 249 117 226 216 85 68 167 12 44
    113 243 255 14 238 21 153 73 129 93 255 161 62 255 230 255 255 195
    216 255 25 185 215 205 92 255 57 3 255 37 190 255 244 90 83 255 99
    208 33 255 255 255 167 117 188 238 255 255 45 95 211 117 100 213 251
    255 186 255 251 62 200 255 134 167 255 128 51 255 252 220 255 254
    168 255 3 153 255 182 55 62 223 242 148 231 129 211 15 205 122 236
    253 205 255 129 113 54 235 255 133 235 188 115 215 255 255 219 255
    86 87 186 134 121 10 81 122 255 91 155 255 73 61 226 215 244 255 83
    207 255 255 38 255 20 255 255 34 56 25 33 255 255 120 255 38 77 127
    93 214 218 255 245 255 118 27 255 255 70 255 80 179 36 216 167 28
    255 192 122 25 27 255 255 167 90 127 164 191 255 141 255 243 68 255
    191 111 255 255 33 244 133 255 171 241 223 172 255 70 55 255 224 255
    255 191 255 115 255 130 65 214 109 255 51 169 158 47 70 255 140 197
    27 124 6 10 59 255 208 146 104 255 165 255 255 147 255 75 78 52 255
    18 75 255 255 137 255 83 75 17 227 255 255 65 31 255 255 60 115 160
    1 255 131 255 250 6 255 10 102 255 203 255 249 123 167 219 200 255
    221 140 109 137 13 152 122 88 66 160 23 232 169 201 190 24 255 69 52
    255 199 83 255 133 244 255 177 24 156 141 45 3 255 52 10 230 112 255
    99 69 216 74 131 255 159 169 190 172 10 255 35 205 102 56 255 156 14
    88 72 221 92 98 92 121 103 187 27 255 255 238 255 220 6 100 38 214
    65 254 219 68 41 232 255 160 52 255 61 205 255 143 187 198 69 67 255
    192 255 70 47 255 255 245 109 255 255 255 57 131 255 92 71 255 255
    192 248 201 253 73 255 255 165 255 158 56 255 133 43 255 29 73 148
    151 167 108 116 229 156 255 255 218 98 79 255 164 90 240 255 228 158
    17 221 255 147 177 255 37 60 255 75 8 255 12 255 148 15 255 113 8 85
    47 43 255 255 135 255 188 173 130 255 255 139 255 70 204 72 74 255
    218 179 177 53 141 92 255 73 118 208 93 116 90 146 204 20 125 150
    201 77 255 72 30 121 255 230 255 156 125 238 223 242 163 12 1 176 48
    196 143 191 12 60 255 158 160 255 231 23 255 149 14 200 151 65 2 194
    45 255 102 42 52 127 255 168 29 168 255 167 93 150 250 182 255 60
    255 45 41 56 70 235 190 165 188 104 255 44 178 255 124 62 178 96 69
    218 69 33 180 0 87 255 178 255 255 149 174 228 255 75 226 106 38 183
    255 47 143 82 255 251 182 150 87 113 164 122 52 255 255 113 48 190
    62 255 255 239 83 13 96 186 110 255 255 171 33 104 255 158 253 168
    255 79 255 79 201 17 1 255 190 87 165 130 187 84 160 255 255 198 149
    255 255 54 199 153 36 255 255 142 255 80 35 45 140 136 134 233 235
    43 255 183 255 53 218 65 156 142 218 7 120 53 255 247 197 138 51 255
    155 198 155 201 201 75 255 171 11 208 230 112 255 39 233 255 255 99
    233 173 153 195 255 187 216 53 237 230 145 101 62 176 179 255 136
    191 50 123 25 255 62 9 127 136 255 255 29 255 250 124 42 97 186 92
    206 195 95 181 255 253 2 181 61 191 128 70 118 188 255 255 255 192
    223 255 223 230 192 103 211 218 99 60 36 37 255 23 32 255 222 206 0
    255 99 255 97 255 255 186 171 120 37 90 255 101 23 255 242 149 32
    162 210 255 11 112 57 14 255 110 255 15 196 63 47 178 82 190 255 240
    51 255 173 126 255 86 183 62 102 248 255 23 255 255 100 102 33 241
    210 205 163 31 45 93 228 128 42 230 255 24 47 147 180 52 255 255 134
    107 146 151 255 97 199 210 2 174 255 163 213 255 55 88 158 171 171
    255 255 61 255 41 255 63 44 255 13 36 78 255 123 25 255 20 20 255
    159 238 171 119 78 255 55 255 255 134 255 255 206 224 255 222 71 22
    191 106 255 255 174 120 25 50 221 232 188 248 20 249 132 59 84 255
    120 47 166 254 233 230 191 73 255 74 255 203 255 115 28 32 249 85
    232 19 255 167 171 33 255 14 221 113 255 120 222 251 225 255 248 255
    255 76 38 182 253 255 45 255 80 180 87 255 214 173 87 150 162 255 29
    255 255 233 239 112 116 225 200 147 29 190 101 164 137 238 255 255 8
    200 160 111 126 166 45 172 90 117 42 255 169 178 255 74 255 42 36
    112 251 53 97 100 255 55 255 41 20 125 205 88 148 137 255 140 7 18
    190 65 93 255 214 255 48 0 159 138 149 253 103 192 107 255 15 84 112
    222 107 38 255 48 58 114 255 13 240 84 3 9 134 7 8 4 213 255 190 255
    48 182 195 169 151 255 255 255 205 116 165 113 170 34 238 165 242
    255 245 141 193 84 29 255 77 140 43 255 255 201 170 255 250 80 244
    110 255 84 38 170 140 191 109 95 185 29 10 73 88 9 255 50 223 85 72
    213 151 65 50 255 36 25 255 39 255 255 158 137 255 255 151 137 68
    255 255 255 48 75 65 136 255 207 145 238 38 67 38 255 45 255 255 148
    255 208 106 190 43 255 73 61 118 17 74 99 255 106 3 190 80 97 233 12
    121 255 1 225 255 38 255 160 176 80 255 80 233 215 230 38 191 16 255
    255 114 253 255 171 13 223 119 255 255 160 154 255 208 130 156 220
    11 138 204 195 255 158 255 7 95 163 255 70 235 151 255 255 45 17 122
    255 255 121 0 75 200 240 129 207 45 91 15 5 238 10 255 177 8 255 62
    0 180 238 41 238 255 255 255 255 34 161 8 150 255 51 8 183 75 131
    133 131 46 73 73 121 97 97 87 43 255 168 255 63 225 255 82 255 28
    142 71 255 105 251 255 42 255 143 86 255 255 255 200 255 118 102 255
    51 38 255 163 223 255 255 67 78 129 80 255 39 143 255 99 66 13 168
    158 18 3 255 97 72 193 112 255 179 255 126 45 255 146 181 183 255
    146 255 73 205 255 61 140 255 27 202 168 225 135 201 227 51 255 230
    89 93 69 171 255 208 255 150 59 233 255 10 29 255 10 255 255 163 118
    255 255 95 255 255 39 38 243 20 22 252 24 255 173 93 255 163 22 255
    204 83 235 255 193 112 34 151 178 238 255 63 56 146 236 59 183 150
    66 24 255 68 242 255 251 255 255 168 201 255 18 255 255 136 255 110
    240 102 238 15 39 255 26 144 13 113 255 178 138 25 255 196 117 255
    211 255 70 201 255 201 207 243 176 255 239 255 208 107 13 117 129
    205 53 81 137 204 101 201 74 223 255 249 253 255 59 10 245 151 247
    255 188 37 255 255 132 0 91 111 90 158 218 196 63 146 255 35 47 255
    74 255 53 244 200 127 107 253 215 90 176 175 243 233 255 42 97 255
    217 115 185 249 202 3 216 255 85 84 121 17 204 32 255 255 125 255
    132 255 223 254 139 127 252 219 110 255 255 255 200 255 140 82 112
    211 255 55 255 102 255 236 133 178 255 135 108 255 46 255 137 255
    255 255 255 0 213 255 237 255 245 233 255 218 153 32 159 129 255 50
    94 128 113 45 255 247 103 20 182 196 2 127 36 17 195 23 3 218 46 255
    196 197 27 244 255 251 138 144 75 233 209 0 75 106 255 221 41 255 23
    36 255 227 172 255 239 252 0 240 255 92 220 214 33 133 213 235 73 81
    255 105 255 255 255 10 255 255 37 72 26 83 255 83 148 47 255 151 255
    34 148 255 144 234 92 255 9 255 47 255 255 15 255 255 113 45 255 179
    67 255 226 151 38 97 255 112 255 84 255 28 151 255 168 255 255 255
    195 125 255 39 255 107 51 255 236 64 255 204 13 155 124 255 32 235
    255 72 128 173 73 108 19 95 26 52 255 255 255 221 64 255 147 162 136
    70 78 255 255 255 134 63 37 251 255 82 117 255 56 251 251 87 115 176
    60 88 255 56 197 5 37 244 255 174 66 216 255 153 161 255 43 255 122
    255 255 21 73 223 66 255 30 66 126 255 55 70 255 73 151 255 52 19
    155 92 200 22 81 83 255 227 190 72 66 255 255 255 98 255 172 163 77
    89 255 255 82 255 40 214 235 255 97 200 175 161 87 123 216 78 235 6
    11 200 191 102 33 107 220 150 64 183 255 191 25 35 170 200 255 255
    159 255 255 18 255 245 255 255 255 83 20 18 255 255 194 42 40 147
    179 255 255 87 255 180 76 255 255 74 255 29 183 130 172 69 255 164
    255 150 57 120 180 41 213 195 97 85 230 51 95 255 199 187 255 174
    160 231 218 227 48 252 207 83 87 227 235 79 13 15 156 70 122 255 255
    48 90 83 255 29 255 165 35 247 23 26 111 255 60 255 2 2 229 168 255
    191 58 234 13 20 255 255 255 100 120 122 128 220 128 36 48 183 89
    228 52 71 122 255 240 255 255 27 242 255 252 216 73 239 70 15 11 186
    255 125 78 255 147 214 95 30 146 103 179 210 196 146 23 255 106 1
    255 144 233 120 209 177 255 255 113 68 77 253 206 227 61 195 221 75
    255 44 52 176 163 137 132 134 186 200 206 255 246 188 136 63 53 197
    255 196 174 17 178 255 255 236 113 151 234 62 138 44 255 7 82 255
    251 12 225 10 74 51 228 187 255 112 189 135 255 80 43 255 229 66 255
    134 215 115 252 6 63 57 123 117 125 134 255 218 10 255 173 123 95 3
    131 255 2 45 255 255 11 255 97 242 2 238 56 255 156 239 72 73 5 220
    227 135 255 60 47 42 255 255 143 123 177 100 50 0 255 0 122 35 107
    200 255 111 179 77 44 255 68 36 9 253 204 255 255 29 255 85 46 109
    28 126 253 255 90 65 255 64 93 50 255 220 163 8 131 155 10 224 255
    255 255 123 221 251 243 198 255 12 50 158 210 37 125 255 115 141 87
    199 192 12 61 33 118 105 14 255 162 255 171 177 255 255 20 87 255
    223 251 40 255 85 251 152 255 255 224 93 255 127 146 102 255 255 185
    255 255 255 0 188 122 255 188 13 99 255 123 30 111 195 106 80 215
    158 255 112 136 186 255 244 185 143 255 252 255 74 99 77 154 144 255
    230 80 255 113 239 105 52 255 255 231 118 255 80 70 57 82 89 193 226
    22 0 250 255 128 28 76 255 218 255 148 1 255 255 2 46 168 224 90 255
    255 121 255 8 243 255 3 92 255 68 255 107 52 136 107 158 220 255 68
    187 255 114 210 180 39 223 255 56 204 215 255 247 233 56 181 195 255
    229 233 110 215 82 154 255 255 1 234 255 3 255 255 248 158 183 80 60
    57 33 57 255 66 62 103 255 67 255 98 139 73 154 39 195 0 182 58 163
    255 57 77 18 2 143 70 171 55 255 153 222 174 60 183 130 255 74 196
    236 234 9 255 221 255 208 72 182 221 63 23 255 110 191 90 160 197
    255 189 69 82 42 255 85 208 153 255 255 255 255 14 225 255 3 255 255
    182 158 255 153 140 255 96 157 255 255 37 255 195 255 53 133 191 255
    150 25 255 12 176 118 68 255 57 217 97 123 16 255 250 255 90 255 74
    235 27 107 10 255 86 171 255 255 51 243 255 167 255 185 227 208 153
    185 216 37 243 196 213 255 230 82 255 32 149 65 255 200 255 255 241
    255 255 161 255 87 74 141 150 218 255 255 8 27 117 28 206 255 187
    255 255 214 120 72 20 45 255 100 183 255 136 87 47 185 242 180 88 78
    87 214 4 72 114 225 255 155 249 112 187 255 255 255 219 255 255 255
    255 105 186 13 218 32 255 60 255 255 122 255 140 86 233 255 6 255 28
    255 164 255 9 255 175 113 129 28 204 196 13 79 9 243 165 177 151 25
    255 213 96 190 43 142 239 255 194 255 143 255 165 98 227 85 115 118
    225 161 98 160 151 124 255 255 165 141 255 198 55 122 133 255 170 98
    20 143 226 255 253 231 255 255 247 18 255 52 174 208 117 185 20 255
    244 255 14 255 255 255 214 255 109 255 255 176 255 255 253 183 255
    229 157 33 223 229 20 123 204 255 255 178 255 143 186 70 190 206 58
    223 255 72 48 140 87 145 146 255 209 83 45 255 255 255 52 149 137
    212 255 85 224 171 95 65 113 255 180 216 255 251 255 255 213 140 255
    122 193 255 253 65 65 41 134 47 114 25 255 185 255 255 73 19 255 226
    255 255 226 6 255 113 255 255 27 75 82 123 87 18 55 255 112 134 255
    23 12 106 255 18 255 216 144 153 23 43 255 28 188 75 118 229 223 37
    96 5 255 255 92 255 161 132 215 61 1 255 154 118 113 192 255 255 232
    190 113 255 41 255 182 41 255 83 255 255 62 255 255 83 255 255 200
    255 248 90 233 35 71 66 255 218 13 156 255 50 20 198 255 255 198 144
    255 60 174 218 74 178 255 98 79 210 245 255 73 205 207 255 223 153
    255 7 255 255 142 151 196 9 144 255 60 139 255 28 255 255 195 186
    143 180 159 253 255 42 133 249 211 255 125 10 255 129 50 92 196 28 5
    75 255 20 56 53 255 147 246 255 26 103 12 74 204 52 152 191 65 158
    255 70 187 237 255 240 108 153 155 107 255 14 144 255 133 41 255 191
    255 255 255 255 20 239 201 255 34 224 240 251 8 255 41 14 255 93 255
    52 190 167 62 57 145 198 255 242 7 218 255 255 52 185 255 133 220
    117 86 78 255 107 23 140 29 188 88 132 255 193 83 81 255 62 64 88
    255 255 255 185 255 255 194 255 255 3 106 97 208 37 255 122 255 240
    114 127 230 189 255 255 183 65 255 209 64 255 155 168 255 124 151 28
    152 209 255 255 255 255 132 130 153 89 255 241 205 9 25 178 48 173
    224 243 255 132 224 255 48 176 255 6 107 255 108 187 72 143 255 211
    255 17 255 250 14 25 1 255 255 56 139 120 28 255 130 255 70 153 113
    176 255 132 57 42 255 76 195 106 255 255 244 112 250 254 64 156 27
    255 255 221 132 255 223 41 251 18 233 70 2 255 216 255 235 255 21 46
    70 104 219 148 255 255 255 190 255 221 144 76 255 6 255 251 255 255
    255 212 191 255 223 144 223 48 134 255 27 102 105 255 255 32 165 255
    118 169 73 27 50 238 255 56 244 55 255 94 45 129 122 231 161 255 255
    146 244 50 188 233 153 143 113 255 161 255 203 120 204 20 35 104 107
    18 227 255 41 255 255 133 64 255 25 81 255 209 255 133 255 165 40
    161 255 191 217 80 186 255 73 255 255 67 255 77 43 20 54 122 2 9 190
    221 239 19 186 44 127 22 60 213 32 150 33 156 132 111 135 207 136
    255 12 255 97 102 87 255 110 1 193 129 153 92 242 154 103 155 112
    138 74 11 140 11 174 125 255 140 255 255 67 190 128 255 156 102 232
    3 255 186 255 25 101 255 156 233 255 137 118 253 89 255 22 89 13 238
    26 168 255 134 116 195 189 117 103 48 148 108 119 255 156 154 255
    255 200 167 255 191 255 100 179 255 128 255 109 255 42 173 228 119
    255 255 18 121 150 160 255 255 136 115 117 152 146 255 3 211 255 87
    204 180 255 186 255 208 15 83 53 57 255 233 103 255 101 255 142 97
    143 255 255 99 185 2 243 255 195 47 98 147 193 67 174 183 255 45 137
    165 20 38 87 56 89 226 145 107 48 90 218 255 206 244 255 201 81 150
    164 182 178 138 221 40 50 172 42 3 251 185 9 255 52 14 13 166 84 177
    72 217 255 255 9 228 255 119 255 70 104 207 78 105 255 55 104 179
    255 114 225 255 46 146 165 168 9 140 62 74 45 92 79 255 171 215 120
    186 251 255 194 70 255 181 255 17 208 143 70 191 255 255 104 19 255
    204 129 163 249 255 115 77 4 255 255 163 255 180 78 20 109 99 255
    251 115 130 169 241 60 92 65 255 186 221 201 39 221 53 150 28 255 65
    19 43 200 255 195 51 197 32 64 159 255 24 13 50 135 32 255 215 1 255
    132 235 140 255 81 255 29 224 255 63 135 171 141 112 255 255 255 128
    100 131 102 89 230 255 223 255 255 34 209 251 168 6 40 43 255 160
    234 22 255 255 255 150 255 79 140 199 255 255 251 255 43 204 183 255
    206 255 218 125 46 255 93 255 128 41 182 255 134 255 255 141 135 165
    182 255 80 154 237 255 88 188 255 174 137 255 254 55 43 221 172 105
    155 66 40 172 115 255 239 64 255 255 183 175 255 230 2 238 131 83
    101 168 143 203 255 13 170 146 17 143 251 0 255 248 166 229 239 255
    255 107 255 53 214 150 95 27 107 57 255 255 96 244 253 42 219 70 233
    255 75 135 123 120 61 64 113 159 169 80 161 255 115 107 24 15 161
    255 255 255 51 127 155 134 255 255 15 5 62 255 255 255 69 255 144
    255 255 57 255 253 242 255 216 60 88 255 145 255 255 187 145 143 18
    255 216 5 251 255 244 78 225 168 150 102 101 67 255 20 108 255 255
    106 255 86 39 62 41 79 62 227 225 255 98 197 205 57 117 251 92 51
    178 255 104 35 212 62 255 173 187 133 60 255 255 91 205 200 14 185
    255 43 9 193 229 45 40 119 78 238 73 125 18 242 255 255 97 160 255
    50 255 255 229 112 7 226 205 113 89 216 62 255 60 255 93 173 255 186
    173 246 152 95 142 82 6 133 230 253 255 243 87 255 92 132 255 66 159
    175 189 255 255 134 32 105 61 24 127 122 255 255 252 255 255 178 255
    255 255 178 255 226 200 13 124 148 37 225 255 32 95 243 201 200 39
    255 199 191 241 142 234 183 203 135 255 247 255 255 170 106 62 108
    255 255 196 255 255 177 6 135 18 107 255 255 22 255 194 90 205 240
    45 145 111 71 255 64 67 255 255 249 43 255 255 255 47 51 255 192 255
    255 33 0 98 196 255 255 134 120 92 68 51 191 252 55 0 149 174 255
    221 148 255 37 195 85 45 143 57 91 37 255 171 10 255 114 41 85 226
    158 255 110 24 255 255 24 255 191 10 45 8 117 142 255 151 166 248
    141 255 104 132 240 255 85 255 220 36 13 116 182 130 233 246 130 213
    188 255 42 122 65 100 255 80 200 57 255 48 255 255 41 42 161 25 255
    198 127 27 255 255 129 255 115 154 243 214 221 37 221 146 75 74 17
    93 223 199 188 182 255 176 42 255 241 164 255 255 57 94 245 29 103
    255 234 182 245 225 255 255 217 221 255 255 188 255 201 118 255 135
    207 255 1 232 255 233 132 255 44 158 15 56 169 255 255 255 68 86 116
    255 109 18 32 230 255 255 255 176 127 133 255 118 34 163 255 113 192
    52 255 6 78 255 252 255 159 102 8 126 255 45 217 197 255 229 117 213
    47 43 255 255 199 108 147 255 255 54 171 255 182 31 147 255 213 243
    29 151 226 113 209 255 0 246 112 255 195 255 43 13 255 220 164 255
    24 48 255 177 42 253 253 148 225 78 225 255 110 132 160 0 52 57 188
    230 253 195 62 255 125 146 255 124 173 255 235 171 255 211 169 55
    108 164 255 99 143 13 235 31 255 65 53 255 55 33 12 74 104 205 15
    255 255 217 137 255 93 255 255 1 255 173 215 78 211 211 78 80 161 50
    22 47 25 253 225 57 255 239 112 137 143 95 203 54 210 215 23 36 185
    100 179 255 241 76 255 255 253 255 241 255 42 214 255 128 179 50 231
    25 255 255 95 251 255 149 255 107 255 123 255 116 41 255 215 255 32
    203 74 236 123 207 255 224 57 255 110 197 255 61 121 255 153 233 255
    23 135 168 255 255 0 0 129 25 218 199 255 122 127 255 92 109 195 236
    253 95 91 18 255 255 186 255 131 5 255 199 159 45 43 255 153 23 136
    220 83 186 191 149 64 255 203 18 151 177 61 63 37 59 173 65 151 48
    18 11 243 160 255 143 207 255 138 217 205 220 158 118 153 165 255
    142 245 202 32 161 167 170 145 9 67 29 221 3 179 229 15 187 140 255
    255 237 255 213 215 255 3 158 255 60 255 122 95 123 18 238 39 165 91
    81 255 39 255 88 113 247 255 53 173 160 160 32 15 249 219 255 227
    120 97 146 106 210 158 129 255 236 15 122 116 99 255 156 218 171 245
    117 255 188 130 255 201 154 203 255 192 123 57 145 255 223 174 255
    61 162 2 255 11 92 247 75 255 220 255 115 255 6 193 255 223 255 196
    102 255 96 255 23 32 190 255 74 29 23 243 255 17 68 103 255 47 255
    118 255 255 85 1 43 255 255 220 20 216 165 117 75 255 255 248 38 78
    18 181 48 110 164 128 208 255 255 241 32 37 245 66 255 140 196 255
    27 255 255 222 167 65 72 62 255 255 255 47 156 174 18 2 131 255 255
    50 255 132 14 18 147 255 143 242 137 137 176 255 248 163 122 45 168
    113 181 129 69 191 37 94 195 255 25 255 26 255 97 147 255 10 215 55
    255 27 11 83 226 148 128 44 162 210 50 45 155 236 6 255 211 255 243
    44 242 155 111 32 255 97 87 255 254 71 255 120 255 88 216 53 47 244
    253 255 62 32 48 117 255 201 255 233 255 111 255 171 215 36 158 55
    255 22 164 67 195 3 98 255 205 43 37 62 255 255 107 144 142 233 185
    133 194 218 255 95 204 180 51 20 223 255 104 107 255 255 185 122 195
    135 52 204 155 168 55 255 14 108 255 30 1 255 0 255 17 144 255 238
    253 71 148 203 228 255 124 19 255 255 74 255 95 244 255 244 255 255
    63 130 255 34 71 221 10 59 255 255 157 255 247 116 221 217 37 133 63
    164 255 129 255 155 146 239 241 21 84 226 206 255 255 251 25 253 123
    255 158 230 255 255 255 255 255 255 126 181 169 199 255 37 79 12 122
    178 255 255 13 100 255 20 255 205 183 233 116 141 255 71 28 77 150
    24 70 218 155 68 177 220 62 183 158 255 135 255 178 214 223 18 255
    11 75 239 238 215 213 196 47 159 111 92 79 78 255 131 127 255 255 60
    161 60 181 201 196 255 233 8 173 255 41 172 255 135 207 255 26 176
    255 28 244 140 91 31 22 159 93 151 9 113 85 117 121 181 255 255 255
    159 255 208 253 139 255 255 211 42 33 255 112 99 74 92 255 151 135
    89 197 255 52 255 255 126 185 216 115 255 255 39 241 135 245 232 255
    218 71 255 241 173 48 255 187 35 249 255 255 69 255 102 72 255 145
    39 249 226 255 71 175 34 157 255 240 48 253 50 239 255 156 88 255
    255 67 93 115 139 251 146 37 255 239 197 255 55 225 165 178 234 255
    28 224 255 79 66 215 84 22 98 28 74 133 214 74 135 9 65 255 127 182
    45 190 6 255 124 255 153 78 78 70 168 109 55 125 141 255 118 14 175
    255 66 255 128 45 5 220 234 110 122 255 255 25 136 226 142 192 255
    57 28 70 127 243 120 146 97 45 143 255 255 54 183 255 113 126 225 10
    255 211 27 216 255 28 75 33 59 108 255 197 111 255 7 255 255 236 215
    37 122 136 120 97 23 38 255 169 255 109 92 153 56 187 255 133 122 23
    251 188 5 204 255 25 153 57 132 227 255 255 174 174 77 208 190 255
    255 255 93 110 255 255 77 74 50 255 238 213 187 112 173 163 255 255
    12 48 213 59 255 255 167 74 150 197 255 80 164 132 32 207 255 255
    137 17 145 229 255 255 60 249 115 187 10 73 179 255 255 163 146 48
    87 61 255 141 55 255 53 255 83 141 255 112 170 65 255 55 137 203 179
    17 255 255 132 62 132 255 255 133 5 37 113 140 5 114 115 230 248 129
    161 156 71 255 143 255 255 102 136 70 255 154 113 151 183 255 255 9
    253 149 126 255 209 219 138 57 131 255 115 255 255 150 151 38 255
    255 82 156 6 210 19 255 193 211 204 255 190 14 255 223 171 255 215
    227 255 214 55 176 102 46 160 144 27 118 47 228 155 236 255 255 61
    163 255 20 171 255 247 84 255 87 47 12 255 255 205 149 99 20 198 95
    18 156 98 55 255 255 255 128 76 255 254 177 255 223 255 198 174 191
    255 143 191 45 181 235 47 205 229 58 81 255 161 255 168 223 255 195
    75 215 103 255 16 255 210 60 255 47 225 223 12 171 13 123 117 9 165
    244 192 43 36 209 231 55 163 201 169 139 225 227 132 238 116 8 255
    46 160 45 255 85 186 255 255 17 107 41 255 145 255 55 177 227 37 211
    209 165 135 85 171 180 5 127 81 140 255 77 244 193 255 159 62 125
    237 122 199 242 211 187 255 255 226 188 198 125 1 233 218 218 255 86
    25 255 63 255 255 133 225 248 16 211 255 74 70 255 227 135 175 41
    255 255 141 4 255 255 31 23 156 122 255 231 65 70 171 221 118 161 73
    100 187 225 185 90 244 255 90 31 87 128 117 163 177 255 63 47 186
    153 3 57 87 50 239 185 255 76 255 160 255 132 183 219 255 150 73 132
    6 31 211 61 255 90 89 108 205 140 192 158 108 94 22 124 196 191 173
    33 255 55 116 255 124 213 105 160 154 216 83 239 255 223 27 15 227
    15 161 115 59 255 73 130 255 222 122 15 11 255 255 119 108 160 203
    45 208 80 255 255 117 232 176 229 126 203 158 143 226 233 141 220
    255 213 98 190 221 216 255 200 255 25 94 255 140 233 75 90 29 203
    104 255 255 231 76 17 245 103 211 24 255 255 57 145 85 209 120 218
    101 192 0 123 10 5 27 136 107 223 253 160 224 88 30 66 141 75 150
    225 120 8 121 158 80 32 166 198 36 50 185 255 193 187 255 128 146
    136 15 230 56 203 163 98 52 125 200 255 108 151 255 21 215 255 79
    255 50 255 67 255 225 193 100 78 224 95 226 39 248 46 202 7 151 17
    255 123 154 255 167 190 10 153 169 255 205 229 147 177 28 255 169 38
    255 177 130 213 88 255 105 165 220 186 11 223 211 194 112 255 116 99
    70 255 244 255 233 18 255 180 90 48 89 59 123 1 255 255 183 252 255
    222 167 233 170 155 77 14 118 255 185 140 231 89 173 255 19 242 248
    214 85 72 164 132 140 245 241 255 178 164 255 223 38 97 35 17 255 69
    255 255 25 81 122 255 137 103 160 55 83 196 171 245 81 235 70 91 255
    33 28 195 93 185 255 255 207 89 80 59 19 255 247 60 72 63 67 255 173
    251 255 235 126 231 5 116 153 32 255 133 255 202 255 14 255 27 173
    255 255 254 218 255 206 255 255 101 255 255 222 255 67 173 137 191
    176 255 255 3 255 255 255 33 130 238 140 255 52 38 176 0 255 255 222
    249 255 164 255 201 28 123 255 203 143 255 135 101 140 19 255 125
    162 255 255 56 255 43 14 107 158 63 118 255 70 155 137 192 75 255
    109 146 130 172 50 255 129 197 255 15 39 255 150 230 255 214 0 88
    242 62 255 188 14 255 68 255 223 198 255 255 66 1 185 155 255 125
    188 237 105 189 255 255 111 71 103 124 42 160 255 255 255 25 255 200
    132 18 2 230 255 255 180 239 73 189 179 255 245 57 133 118 126 45
    111 179 255 29 255 255 68 154 255 255 218 57 17 216 255 236 126 255
    241 186 18 90 106 255 98 218 130 191 57 203 0 51 255 159 159 22 252
    45 48 69 137 255 62 174 255 29 255 255 45 0 255 239 163 166 123 204
    253 187 41 47 82 255 255 167 51 255 161 200 22 191 255 255 154 255
    230 253 255 255 189 34 255 170 255 2 126 255 148 206 255 248 243 52
    155 205 255 255 92 87 160 74 255 13 43 255 173 221 232 160 111 61
    188 134 173 75 81 201 107 172 234 213 174 255 255 209 242 60 75 65
    196 80 211 255 161 52 255 55 255 186 190 174 255 52 255 47 101 255
    255 2 15 190 136 39 57 159 197 255 251 33 231 255 176 255 102 140 3
    73 69 255 78 195 255 96 116 255 206 201 255 255 139 255 27 149 82
    146 197 255 102 255 12 255 55 228 16 84 171 253 113 201 11 24 35 0
    255 255 92 255 255 160 255 123 56 255 255 142 237 218 127 230 28 84
    18 30 117 130 255 248 93 228 255 255 255 253 56 255 238 25 226 56
    215 83 91 255 255 194 115 255 82 255 255 205 31 122 122 225 142 102
    255 143 255 88 255 255 95 40 98 76 255 177 241 248 108 65 33 5 103
    255 140 59 206 255 255 118 197 150 35 158 178 133 133 255 255 220 20
    240 253 255 255 213 145 255 55 27 255 111 83 255 141 15 125 107 55
    100 118 230 48 80 120 255 144 255 100 233 65 255 122 76 255 215 151
    255 62 214 255 216 197 193 192 196 255 195 255 255 149 247 95 79 123
    112 217 235 255 140 187 255 227 134 200 183 67 223 177 149 183 249
    200 213 167 255 255 164 255 57 198 102 68 65 146 95 255 239 138 41
    213 223 97 242 107 255 252 255 251 90 255 154 186 62 131 255 255 245
    246 255 117 255 85 134 109 211 241 167 52 19 123 85 104 31 255 82
    255 120 217 6 223 209 255 255 199 252 138 160 247 255 191 255 255
    199 104 38 17 117 255 183 47 120 47 134 8 128 169 255 51 126 220 197
    60 220 249 230 168 14 176 210 251 53 170 255 210 255 44 224 176 105
    139 255 255 255 128 44 88 255 222 45 57 200 141 97 201 149 130 111
    213 210 86 255 115 36 118 18 231 202 37 9 191 233 43 9 155 120 205
    53 23 89 255 69 45 255 34 22 255 48 99 53 212 255 236 32 159 38 255
    57 255 209 247 32 163 255 255 25 93 20 255 13 62 39 120 8 255 255
    255 42 64 231 255 238 90 255 255 255 93 246 93 47 27 137 158 57 173
    220 108 255 211 20 255 187 238 181 239 255 255 143 125 75 134 116 62
    134 93 107 36 20 255 124 202 38 255 137 255 255 255 18 168 255 255
    232 37 140 154 197 255 255 234 255 27 60 255 117 104 190 60 130 255
    255 73 255 96 159 18 84 101 255 51 56 155 92 255 10 248 160 188 187
    179 255 61 248 255 37 255 255 235 74 73 140 255 255 216 255 118 215
    221 253 255 112 255 44 232 255 199 255 47 255 191 255 221 169 200
    255 46 23 115 131 255 222 163 255 188 255 255 24 42 255 131 102 255
    127 19 230 255 255 255 216 37 255 8 146 60 254 92 118 32 255 255 255
    221 240 11 28 255 69 215 7 16 255 201 44 13 193 71 62 147 46 31 255
    149 101 147 147 255 255 41 181 255 186 132 255 197 157 125 255 160
    186 97 210 255 65 235 240 66 169 53 150 211 125 188 87 25 178 239
    132 173 13 255 214 130 185 255 191 255 1 53 255 15 108 155 115 144
    255 136 177 161 255 255 211 48 123 255 25 126 50 79 153 255 223 255
    120 255 193 137 223 255 42 252 121 42 105 205 255 115 46 183 26 83
    198 88 255 255 84 255 233 198 219 255 104 214 255 178 66 255 138 123
    255 255 255 168 189 28 0 201 174 255 255 239 243 227 255 255 46 141
    255 74 158 255 205 248 117 255 242 255 161 1 98 109 164 72 116 150
    255 236 255 240 62 181 198 50 41 185 201 255 255 156 255 255 128 252
    255 255 244 255 217 255 98 63 169 255 161 93 243 168 130 255 37 209
    47 16 25 20 135 255 123 128 255 108 159 53 98 255 209 100 125 53 255
    87 214 186 241 113 183 111 255 87 255 131 88 80 121 255 24 173 48 71
    255 140 2 165 63 5 163 83 163 99 12 232 235 255 92 255 255 75 59 178
    50 255 230 255 94 255 150 255 255 6 98 155 137 171 223 77 102 63 218
    108 7 208 174 255 65 29 32 53 237 3 213 235 255 53 255 163 222 255
    255 11 103 235 171 193 255 158 255 102 2 141 255 135 11 191 44 255
    246 180 177 255 102 255 53 138 255 255 36 255 195 79 255 176 54 61
    93 135 141 138 75 61 151 110 255 186 179 66 58 62 255 225 65 57 132
    142 45 253 194 125 226 131 219 180 99 253 255 212 255 255 198 247
    230 255 165 55 199 237 255 99 169 255 251 120 255 186 196 102 30 19
    166 104 168 42 38 134 67 245 89 255 99 18 255 61 79 255 159 121 255
    91 66 255 199 255 200 255 253 95 163 244 166 123 38 255 34 102 255
    89 84 156 54 117 255 169 0 255 24 255 180 159 188 251 123 46 28 161
    150 7 164 113 198 241 65 255 160 9 45 182 19 255 0 32 117 221 220 97
    91 186 68 201 249 255 11 252 255 138 8 231 69 209 228 189 255 255
    206 255 213 156 112 118 170 255 12 53 141 43 137 158 185 53 255 125
    43 255 218 59 143 98 255 17 85 116 29 40 164 243 255 243 246 246 145
    176 240 172 139 255 59 167 176 114 255 255 255 229 12 69 80 183 59
    211 130 71 120 68 15 190 225 240 10 168 72 66 255 73 201 155 212 56
    30 225 43 255 16 108 230 205 69 58 165 216 255 255 187 10 255 168 50
    255 171 246 229 248 218 179 255 255 244 191 213 243 160 255 133 60
    196 88 255 122 221 155 55 12 65 90 188 243 198 8 255 255 128 244 161
    255 46 140 250 106 63 43 255 255 45 108 255 220 95 45 17 200 155 82
    202 38 160 115 255 75 255 255 200 20 255 205 101 255 213 255 255 95
    255 255 255 85 255 10 160 255 57 24 107 244 14 55 233 94 255 117 80
    255 116 62 255 46 255 153 138 56 255 105 163 255 75 213 255 93 220
    95 98 220 255 255 188 255 128 255 255 255 255 255 44 158 23 93 45
    180 255 255 143 102 220 77 74 255 255 131 255 255 171 255 185 255
    171 250 78 242 255 12 0 50 12 57 255 169 108 206 255 216 255 90 85
    255 255 131 181 255 181 55 75 241 112 255 95 57 250 137 93 255 65 78
    56 74 255 255 220 255 66 106 255 158 43 255 120 47 122 44 99 88 255
    95 211 240 17 156 174 45 255 253 218 8 245 145 255 188 255 255 185
    255 255 203 17 255 105 248 255 106 213 255 50 48 255 151 160 168 233
    3 210 57 50 255 106 113 75 156 247 245 255 255 67 54 15 255 153 167
    60 38 57 185 50 50 160 164 255 255 155 191 145 133 182 3 97 0 255
    159 97 255 113 115 53 69 204 168 79 255 181 92 228 95 230 32 80 95
    89 255 2 27 57 158 135 255 62 207 40 174 52 255 102 255 255 64 149
    42 12 107 255 74 34 171 252 19 255 255 18 78 65 1 255 243 43 255 213
    255 28 84 255 255 124 25 40 79 99 173 18 113 255 255 46 137 106 182
    255 233 15 25 201 255 183 8 41 118 104 157 255 92 62 15 252 255 20
    68 200 255 155 79 255 181 255 240 29 255 255 2 255 255 196 98 168
    176 197 20 7 255 255 84 255 206 60 75 7 26 141 255 68 255 255 244
    181 93 125 255 255 233 67 255 77 88 195 1 207 255 97 24 255 182 98
    255 217 255 57 255 255 158 33 97 92 154 19 95 190 255 5 165 139 255
    106 255 128 255 255 60 41 13 57 224 101 255 255 146 138 255 38 255
    54 130 97 9 64 90 89 157 215 18 109 108 213 255 27 96 255 255 201
    177 255 207 10 255 173 186 25 129 99 175 255 225 176 245 255 190 255
    165 241 132 159 255 5 76 255 212 149 255 255 143 255 240 99 255 66
    255 255 255 167 148 37 150 255 35 177 148 56 179 255 255 255 255 36
    107 241 37 136 255 194 255 181 86 255 195 152 171 23 255 201 255 32
    94 236 100 223 255 255 255 125 151 39 83 209 178 255 196 167 160 169
    239 255 136 37 255 124 6 142 33 249 241 26 241 80 34 255 151 11 129
    231 54 90 255 46 229 255 5 87 40 24 171 255 55 176 110 185 186 78 36
    102 213 129 255 145 1 10 236 53 218 255 27 18 255 15 255 105 135 255
    151 229 144 125 169 255 255 17 18 55 48 123 255 255 43 98 255 220
    255 65 242 255 135 255 211 222 163 40 24 197 255 55 103 255 252 199
    246 169 85 161 61 255 178 255 79 255 48 56 62 66 47 255 50 255 112
    135 167 110 255 154 255 223 27 241 243 210 15 98 116 12 104 242 112
    108 76 137 10 255 255 252 90 255 114 71 60 212 246 67 102 255 255
    255 84 216 46 23 255 211 38 255 212 116 183 173 33 255 83 6 255 212
    155 15 248 134 255 0 116 196 211 66 27 63 37 255 234 11 255 56 255
    165 152 94 17 87 214 107 78 159 42 155 247 255 34 55 255 54 8 235 81
    255 255 255 1 255 126 228 160 51 201 231 56 169 151 135 255 145 224
    255 255 56 39 255 168 255 255 201 33 52 158 76 60 62 127 32 128 255
    255 53 11 32 57 255 255 108 255 115 33 179 255 97 6 255 120 243 255
    243 233 255 255 255 125 55 196 255 217 37 0 155 247 78 206 109 255
    48 61 188 28 255 253 172 23 255 176 220 255 72 134 142 124 249 45
    217 66 138 255 164 255 20 215 255 255 51 125 127 61 110 42 115 255 2
    237 62 106 239 191 253 252 105 24 41 255 0 255 255 173 144 255 244
    131 255 169 107 255 221 41 255 165 255 255 79 80 107 255 225 28 239
    178 255 172 145 115 164 70 18 255 210 255 57 157 255 14 255 255 9
    255 255 150 70 198 90 67 250 44 225 138 224 229 255 9 32 153 134 113
    255 120 1 243 86 102 255 56 17 23 149 255 198 255 22 2 243 116 255
    225 90 255 152 255 151 79 135 255 158 89 90 212 255 2 180 10 213 57
    32 88 160 213 255 151 59 8 252 255 170 255 246 98 223 251 255 102
    177 216 41 18 48 164 23 255 15 255 33 86 255 255 114 115 255 108 66
    100 239 183 255 244 98 123 159 255 255 224 131 255 51 130 245 135
    255 255 91 123 255 255 247 175 114 186 241 255 106 255 205 178 255
    120 255 38 255 52 255 255 14 23 114 59 255 220 130 255 110 213 235
    187 249 3 127 108 45 107 74 97 173 255 236 211 13 185 83 255 153 255
    60 255 18 0 255 81 255 240 127 9 255 255 93 255 88 255 175 86 255
    103 255 1 0 188 255 255 82 255 255 174 71 255 240 23 70 56 89 125
    223 255 255 54 237 228 137 69 75 108 28 255 118 116 255 255 60 168
    255 126 148 41 193 117 25 201 255 38 255 233 255 190 255 255 233 3
    126 143 255 52 255 253 158 255 255 232 108 255 187 225 253 53 24 210
    69 127 255 255 255 130 106 182 215 106 157 248 66 143 58 91 15 255
    74 70 130 95 61 255 23 255 115 3 239 211 255 125 255 29 62 23 15 255
    228 170 255 255 108 88 72 54 50 255 3 183 7 255 112 255 105 213 255
    77 220 72 84 1 133 33 70 255 125 73 183 77 255 178 126 216 255 255
    95 155 140 181 255 92 15 68 171 59 198 17 255 255 254 183 255 55 85
    137 123 225 255 255 227 231 164 181 255 117 92 255 75 196 220 255
    255 255 51 230 255 255 232 255 116 75 83 11 135 28 11 255 255 247 32
    253 65 255 50 24 193 13 255 255 20 106 89 33 19 172 32 183 255 15
    242 229 32 32 64 255 71 176 255 158 255 43 105 255 178 255 232 168
    123 57 255 42 255 127 182 17 127 77 164 255 170 215 163 59 111 250
    96 20 102 19 225 90 117 71 185 2 162 211 226 255 255 126 255 255 224
    255 255 150 215 215 39 255 255 137 227 147 9 27 23 44 126 255 190 75
    255 110 255 45 53 255 103 158 247 255 74 22 27 203 85 255 160 130
    255 255 3 198 206 64 255 18 255 48 88 177 28 150 163 221 227 255 255
    189 24 35 226 87 225 255 103 255 226 0 255 1 255 110 195 140 155 75
    255 155 231 255 25 251 6 92 255 46 178 191 89 145 110 255 255 135 24
    112 34 255 48 36 255 255 105 190 83 68 122 65 109 216 78 164 6 62
    232 61 228 216 116 57 239 93 35 32 219 110 251 0 147 200 20 218 88
    162 52 207 205 255 216 247 255 1 115 255 79 62 255 224 241 78 169 53
    255 128 141 145 87 255 7 238 141 255 24 234 17 255 59 30 224 25 255
    231 233 255 50 130 8 249 60 225 98 75 255 118 192 255 255 62 176 170
    255 255 176 70 255 224 255 255 232 6 63 255 23 27 5 122 255 29 93
    255 255 76 165 255 224 216 239 27 40 92 65 255 82 248 255 150 255
    211 56 160 133 251 33 255 59 255 200 176 11 255 74 78 83 222 178 171
    164 20 200 196 143 50 127 50 201 3 255 255 89 90 255 118 111 110 35
    229 92 216 255 55 229 214 255 136 109 255 30 0 255 197 140 255 255
    233 245 6 61 255 109 255 233 35 34 255 83 88 205 255 255 255 109 255
    170 167 89 185 113 255 186 251 28 238 182 43 132 227 251 250 30 165
    255 238 14 198 19 20 255 255 255 57 159 255 185 231 255 238 186 255
    140 150 74 218 140 255 205 255 57 255 55 101 88 168 6 255 88 116 255
    15 121 238 209 213 135 8 148 27 247 255 255 119 183 255 137 252 175
    61 130 82 203 255 145 91 3 255 179 0 255 163 193 255 43 165 218 61 4
    175 63 237 255 45 135 18 52 255 231 255 234 255 165 255 203 203 115
    255 48 39 110 186 74 53 41 10 255 190 130 13 255 249 255 135 95 181
    179 46 92 28 255 38 124 249 255 155 193 15 26 144 245 255 195 196
    132 255 60 255 19 255 187 255 255 168 238 117 11 160 171 189 56 12
    241 186 186 72 87 226 231 171 228 181 255 170 26 253 161 240 255 88
    87 255 255 255 255 255 235 255 255 144 81 255 164 238 47 190 255 7
    189 69 255 167 0 70 12 135 255 255 45 153 162 229 255 186 132 163
    180 255 255 182 255 190 151 255 255 114 117 35 217 183 198 160 113
    38 248 154 105 125 221 160 111 31 216 29 255 67 181 201 248 28 255
    255 154 6 60 124 206 255 216 76 72 172 112 255 232 101 80 156 101 43
    78 85 58 243 93 255 254 187 133 215 255 255 111 255 155 144 61 255
    162 227 186 207 255 180 145 17 191 255 32 250 29 103 255 227 200 208
    59 255 215 177 255 103 168 224 255 187 14 72 177 107 201 143 38 255
    241 255 133 102 255 122 134 33 223 189 255 255 238 225 151 196 0 255
    27 106 123 227 19 255 37 64 255 252 47 255 255 19 33 241 255 255 224
    71 203 0 48 255 102 255 255 234 174 255 171 239 186 174 9 255 146
    255 255 14 102 8 79 64 27 119 255 255 129 199 57 38 199 165 38 162
    161 57 116 13 255 101 250 198 255 255 201 84 253 215 181 241 21 41
    255 155 255 255 233 111 178 236 112 243 196 251 138 241 37 125 131
    173 72 107 183 255 247 255 147 104 255 186 255 225 255 169 160 45
    107 206 236 73 199 221 116 255 255 255 219 181 15 247 78 116 229 133
    133 85 255 165 61 7 90 176 255 5 253 185 41 255 37 51 150 158 25 37
    181 176 179 255 142 45 23 173 255 255 255 6 32 46 78 72 2 255 255
    252 210 255 163 102 100 34 43 255 37 168 255 91 255 255 201 120 255
    97 204 180 251 255 18 206 126 28 221 235 255 251 80 255 25 38 160
    162 90 122 180 148 183 52 24 255 244 164 255 251 186 255 110 255 255
    91 255 215 145 99 255 75 255 255 156 255 255 159 227 125 255 168 28
    127 255 255 161 225 100 96 211 255 135 237 173 66 255 20 245 211 255
    102 255 163 56 163 145 250 255 112 84 255 255 35 46 42 241 255 255
    205 255 23 239 145 255 44 255 37 61 241 255 107 15 255 34 116 50 9
    255 255 1 89 203 255 1 175 172 73 102 60 230 143 42 178 226 252 51
    255 206 76 255 91 230 123 135 56 255 6 148 125 43 215 42 10 255 161
    255 0 58 134 55 255 122 104 123 222 235 255 255 97 255 78 211 255
    240 59 255 61 64 137 16 78 255 10 211 255 249 225 255 254 191 255
    186 213 120 92 71 2 158 24 132 133 167 255 81 209 120 68 255 115 187
    120 151 87 129 255 204 235 20 203 242 255 149 255 48 180 101 5 81 76
    80 102 255 65 36 255 235 39 171 127 143 195 216 255 5 2 255 176 195
    35 130 255 109 163 255 255 255 32 135 62 255 98 255 255 91 210 255
    156 165 255 172 255 255 29 255 255 141 66 105 255 120 137 54 126 255
    230 8 255 15 192 255 172 255 17 60 36 80 177 255 255 106 23 50 101
    37 216 26 207 82 214 247 255 242 173 156 107 129 117 50 42 255 0 94
    255 185 210 255 255 0 245 241 195 57 147 43 57 17 75 255 135 104 255
    199 255 117 255 141 255 185 237 255 199 69 20 255 255 3 215 76 223
    32 141 107 176 5 108 158 255 42 56 41 255 98 251 251 243 255 63 128
    216 102 117 25 120 55 146 171 28 255 27 156 28 255 238 84 193 138 75
    255 62 173 176 150 244 255 225 255 123 173 255 255 207 255 203 230
    174 125 194 253 0 151 255 216 238 190 255 71 50 255 188 164 255 255
    24 186 224 143 255 63 192 173 80 185 105 101 123 223 161 11 37 198
    255 108 17 255 160 78 48 32 255 255 255 111 210 255 69 218 255 140
    90 48 255 255 255 65 139 108 224 255 183 181 20 12 110 85 255 251 13
    166 28 37 191 63 87 47 255 155 5 255 178 161 191 108 255 7 255 255
    153 50 255 153 43 175 89 76 166 50 202 166 181 87 203 147 127 23 147
    214 147 68 255 75 238 23 128 212 60 250 178 121 255 95 143 113 109
    132 255 78 47 151 180 24 50 41 99 135 151 70 185 120 255 255 182 255
    255 74 255 255 101 158 40 47 76 255 195 185 52 35 50 255 230 255 195
    212 193 255 62 242 48 83 157 92 93 140 30 255 255 246 176 255 255 47
    255 48 163 255 255 173 255 132 205 187 140 42 191 245 191 42 90 255
    255 22 25 255 213 34 151 255 125 76 235 227 109 255 6 209 10 220 79
    205 186 71 171 147 163 143 16 98 48 118 255 143 78 94 255 66 24 17
    176 255 25 255 232 103 201 229 255 211 192 25 180 146 102 255 176
    103 176 101 255 171 158 206 196 163 103 35 255 255 213 29 158 90 33
    255 199 216 216 254 127 255 48 255 22 48 151 13 51 56 183 110 22 255
    192 255 255 102 160 255 96 53 235 62 29 27 12 99 60 9 60 255 255 90
    223 41 190 173 86 181 255 240 167 138 211 185 45 33 13 171 126 43
    255 232 255 255 255 65 78 96 223 105 46 255 255 255 255 255 143 237
    183 42 255 35 108 255 223 238 219 27 10 255 97 90 81 25 9 179 255 78
    248 255 229 121 255 81 85 255 142 51 53 224 64 57 244 255 55 37 34
    255 255 18 255 62 225 255 108 57 255 16 14 255 221 43 255 255 80 255
    44 56 215 181 22 156 225 221 255 107 0 231 36 38 25 38 37 142 99 220
    180 83 255 230 255 53 181 216 255 120 138 155 255 251 234 52 199 172
    251 39 108 255 205 255 255 138 255 255 54 129 186 189 255 255 188
    129 190 102 52 25 224 115 255 255 131 137 255 249 255 104 205 231 30
    136 236 255 228 220 8 79 67 59 47 118 255 47 255 255 255 255 182 255
    255 188 87 255 52 221 185 86 61 75 18 125 255 127 13 255 107 169 230
    0 22 92 197 132 72 15 255 255 185 255 255 255 255 255 188 241 255
    255 255 255 249 32 210 125 255 112 168 93 255 161 29 255 37 255 255
    209 255 255 249 213 255 200 141 255 9 50 235 152 248 18 27 255 255
    50 255 55 214 255 45 178 255 196 205 255 255 255 255 135 3 113 255
    241 55 195 206 60 253 255 90 48 16 196 156 248 242 153 32 253 83 89
    139 198 233 66 120 178 255 245 255 27 113 7 255 10 30 199 90 21 34
    216 255 151 65 53 219 255 48 255 255 255 181 255 231 4 255 255 178
    253 255 255 191 239 255 255 138 255 255 32 134 255 222 88 255 44 62
    255 158 159 118 119 47 216 74 11 255 255 29 151 242 229 241 98 197
    255 250 255 255 162 223 156 99 88 151 95 235 112 247 85 213 142 27
    255 235 213 25 54 83 138 255 106 238 131 251 255 163 255 183 140 151
    55 147 255 255 191 4 243 140 88 255 120 191 158 69 255 107 188 209
    253 134 230 255 209 80 175 255 163 255 71 115 138 138 38 17 123 84
    255 80 47 255 165 157 243 163 255 147 222 255 143 21 191 186 36 255
    95 111 154 255 98 255 255 178 255 201 39 188 255 64 255 28 199 106
    255 220 255 255 254 214 253 173 221 255 21 177 255 244 255 193 5 102
    130 188 238 17 72 255 255 7 255 206 125 223 255 255 199 191 68 39
    147 141 41 38 115 73 255 196 115 255 174 255 28 189 181 28 47 145
    255 187 116 105 201 205 255 119 153 5 18 131 255 212 255 255 133 215
    105 162 102 8 88 255 255 153 218 112 119 20 142 140 8 240 108 239 72
    39 167 181 243 61 255 3 48 253 3 193 255 255 60 255 54 60 87 164 255
    255 186 190 27 181 255 255 164 59 255 118 246 255 96 255 50 41 4 255
    8 80 251 116 164 166 224 238 168 255 255 228 7 174 255 141 255 255
    101 107 255 255 255 223 255 85 255 255 248 170 255 169 255 123 235
    255 125 34 255 255 255 255 140 232 255 107 199 200 247 255 33 65 158
    255 68 14 133 123 42 255 178 255 68 36 1 255 208 207 165 132 107 255
    255 116 255 72 129 175 255 178 25 255 129 255 116 249 165 255 195
    255 255 159 230 89 127 0 230 48 255 156 255 255 15 181 120 187 137
    118 162 248 7 5 27 113 147 255 255 111 169 255 2 167 83 147 51 203
    35 213 255 189 174 3 110 66 213 46 27 255 242 11 73 255 255 255 88
    191 73 201 255 255 109 242 100 48 167 255 66 227 95 64 255 125 223
    79 77 255 139 255 123 163 117 107 255 243 86 255 142 249 18 255 82
    255 255 155 243 255 201 255 255 144 169 255 54 176 201 169 153 210
    33 20 255 99 165 255 243 228 33 176 111 255 125 182 43 255 255 255
    150 24 251 46 211 216 180 125 255 255 255 18 249 56 200 44 255 137
    12 64 250 118 255 102 71 160 200 255 206 255 21 118 255 255 106 32 7
    67 133 52 60 230 247 247 255 213 159 95 240 10 78 141 140 255 120
    255 255 211 80 255 8 10 60 82 216 255 42 151 248 59 255 57 255 241
    100 25 213 255 18 255 20 71 255 226 233 48 137 27 28 38 242 103 35 5
    107 196 224 255 165 222 59 255 7 36 95 68 8 18 200 255 255 255 29
    255 25 57 255 186 248 255 186 241 117 255 188 17 122 238 135 196 255
    255 146 66 255 116 139 15 255 188 58 91 60 171 57 78 107 221 51 213
    226 118 248 86 190 255 243 11 27 137 234 255 106 79 255 19 22 77 174
    179 180 254 134 176 235 0 253 255 239 255 252 234 112 87 75 163 255
    149 255 111 255 255 156 255 151 164 255 5 30 19 255 35 92 255 231
    223 255 28 221 196 108 48 53 156 206 255 232 247 102 255 73 100 253
    162 255 59 6 23 242 0 255 51 102 255 218 255 255 248 87 255 136 157
    255 102 164 238 70 190 27 64 192 255 224 255 255 38 34 255 128 85
    228 255 243 255 34 179 50 37 129 2 88 235 255 255 181 255 23 1 166
    172 218 255 70 0 255 199 215 255 178 0 170 59 89 255 33 135 255 61 3
    255 239 69 255 255 229 255 173 146 171 165 146 203 70 10 255 251 121
    255 213 255 255 10 94 122 111 38 13 102 255 145 144 116 255 75 36
    255 15 158 165 96 255 37 162 205 45 177 199 200 70 55 80 204 255 105
    236 255 18 66 89 255 234 52 165 59 8 255 82 255 175 199 195 18 38 46
    120 57 165 137 117 252 255 23 229 225 23 167 255 116 204 255 220 10
    255 33 196 255 255 241 255 141 255 255 243 181 255 50 255 255 240
    255 216 34 59 255 5 174 82 75 51 186 172 19 206 136 120 235 83 66
    133 39 169 78 188 158 107 211 255 82 255 255 255 229 88 112 255 17
    195 232 33 7 146 158 85 211 87 52 38 255 155 215 224 255 65 90 253
    220 255 90 135 255 255 48 235 231 52 111 166 221 255 73 128 6 25 25
    60 255 53 201 145 25 4 13 64 255 240 254 237 255 176 255 255 226 255
    255 126 43 223 180 66 255 173 13 216 137 143 255 159 232 18 95 255
    57 192 88 22 170 157 255 133 255 255 197 10 231 164 9 53 20 42 255
    255 255 220 74 76 88 142 66 148 150 255 142 119 255 103 149 33 145
    195 150 255 35 31 255 161 224 255 255 18 255 189 60 7 201 252 210
    104 255 80 255 255 255 145 154 23 255 36 82 59 41 255 255 255 223
    120 255 211 37 27 255 255 255 255 115 93 198 38 28 120 159 92 255
    119 75 255 66 255 112 225 255 186 255 239 68 123 255 218 8 241 255
    234 157 255 117 123 208 218 195 255 190 139 186 220 255 255 167 160
    255 15 225 38 190 186 255 170 255 200 224 255 15 255 135 102 224 251
    100 255 106 210 111 0 255 32 255 255 255 255 12 33 57 255 222 162 58
    231 51 255 255 255 186 255 62 225 0 255 255 192 70 140 221 255 193
    190 155 255 56 118 133 191 70 201 73 255 42 8 41 107 136 60 28 187
    95 235 255 89 168 83 13 255 197 55 255 65 255 135 240 115 255 226
    255 137 96 18 255 0 162 72 133 65 195 224 106 190 200 83 43 141 8
    255 28 25 255 127 15 255 167 186 201 168 70 255 129 75 255 125 255
    50 54 255 151 201 140 18 255 5 255 140 34 73 245 241 155 239 73 115
    144 202 158 41 242 255 12 255 230 15 255 98 132 120 255 180 255 87
    100 97 208 255 28 250 190 255 255 162 162 235 174 28 255 122 210 186
    180 37 213 255 255 75 20 15 30 124 94 160 61 255 255 33 101 183 255
    97 97 52 255 27 95 135 15 180 74 241 165 162 213 244 126 248 104 176
    95 132 216 255 74 186 80 152 193 255 255 219 255 243 93 255 213 244
    255 180 171 255 131 135 230 174 64 67 122 255 135 146 255 17 255 255
    153 86 150 82 36 122 246 104 154 255 232 255 75 69 163 255 127 159
    18 138 255 238 82 69 255 65 66 175 255 154 67 9 183 218 24 29 255 16
    22 55 33 218 255 252 163 255 245 255 216 114 227 216 173 255 255 255
    255 255 82 69 191 63 220 12 30 158 230 227 109 255 141 62 10 155 76
    245 215 8 90 37 10 98 144 143 255 255 3 165 54 255 255 10 70 40 249
    252 88 227 27 233 251 255 255 217 51 98 61 46 255 44 255 181 122 255
    8 229 255 206 255 137 255 255 39 255 230 255 255 113 64 255 213 186
    255 1 80 231 235 255 255 255 71 245 255 251 250 154 224 255 3 157
    255 183 202 85 234 76 95 255 70 105 0 255 158 255 48 255 221 251 188
    192 76 255 141 29 110 220 255 255 255 5 100 162 188 255 255 255 80
    143 78 200 54 92 255 28 242 255 77 111 153 25 219 43 51 209 255 158
    28 55 225 158 143 52 131 108 255 255 48 186 255 151 222 205 5 37 221
    102 102 227 75 113 81 50 255 255 120 1 80 25 232 80 255 249 225 255
    98 255 200 255 255 255 255 186 117 242 255 196 222 255 218 66 255
    170 137 39 255 255 220 186 233 79 255 255 154 255 229 118 120 72 103
    45 63 48 255 118 8 255 36 255 255 66 46 255 185 255 151 21 173 7 60
    83 170 187 20 255 186 146 142 96 210 48 19 209 221 252 158 208 172
    132 226 255 247 127 34 101 255 255 22 221 192 148 216 93 157 27 97
    190 102 77 255 255 87 197 28 131 8 33 197 253 255 255 199 255 255
    255 216 152 139 28 19 192 228 59 207 255 252 255 255 87 211 132 10
    31 135 109 181 105 255 31 186 15 14 57 66 255 148 145 69 127 161 255
    15 3 255 255 155 65 85 206 84 255 252 57 255 162 249 255 140 52 107
    81 214 255 181 255 210 205 255 47 169 255 255 169 130 40 119 97 92
    255 255 170 132 242 255 168 18 156 143 207 83 81 228 47 255 8 255 79
    176 255 89 215 95 122 251 93 255 183 255 16 25 255 255 164 255 156
    101 77 36 185 250 17 57 243 226 235 183 240 192 255 110 48 255 244
    191 158 24 255 150 56 255 255 36 130 145 218 179 8 63 64 58 153 159
    137 255 181 255 105 97 255 124 249 22 233 134 255 12 14 255 78 255
    125 2 224 255 255 99 195 255 221 255 109 31 193 143 255 43 144 193
    38 44 41 255 127 92 255 18 14 8 160 81 255 172 197 171 255 202 42
    244 104 83 190 255 168 73 252 255 255 109 255 236 81 255 201 19 255
    34 213 201 46 46 82 168 165 122 255 255 255 198 232 255 36 20 125 26
    111 145 143 255 215 155 243 107 187 92 255 127 255 255 135 255 125
    241 20 127 239 116 138 185 146 255 201 255 228 23 200 255 27 255 163
    239 255 255 145 137 255 249 162 255 43 57 220 255 120 118 28 34 255
    212 255 156 209 136 62 194 20 255 255 81 255 218 255 165 55 64 107
    154 121 5 216 125 98 12 90 210 8 234 168 201 159 255 90 255 253 46
    173 62 230 127 90 136 95 12 203 111 255 255 255 255 245 248 5 21 255
    255 255 165 255 99 28 137 240 255 170 167 205 37 172 103 255 158 84
    208 207 228 38 218 155 255 50 228 255 235 169 255 109 255 255 215 45
    255 255 174 255 2 255 225 160 255 255 227 81 8 144 255 145 59 122
    176 178 255 20 109 230 235 255 20 22 255 123 255 163 50 255 255 204
    200 97 202 156 172 64 95 131 183 255 60 224 255 55 164 165 100 34
    255 87 255 118 145 251 255 42 255 230 159 242 78 124 60 32 245 253
    255 132 115 255 188 129 255 104 43 225 235 238 100 41 255 255 137 33
    100 79 130 147 113 186 255 147 102 151 255 248 255 248 13 196 30 247
    155 200 47 255 241 193 240 11 28 132 162 1 253 83 255 255 192 255
    241 163 13 211 182 255 95 56 32 255 255 255 255 68 43 255 183 255
    147 233 255 156 154 192 23 124 0 88 255 101 255 131 31 190 245 117
    255 72 255 255 24 65 112 132 151 255 216 107 17 90 66 145 229 255
    255 98 25 186 211 243 52 152 187 112 26 104 243 201 80 255 187 109
    198 24 162 255 128 255 245 255 255 130 254 255 246 71 98 100 45 46
    68 27 162 255 255 237 195 119 251 50 132 19 255 229 61 255 239 168
    255 255 230 255 150 87 255 154 73 108 255 185 255 109 169 255 125
    131 191 38 255 48 209 215 255 255 50 255 255 116 255 53 179 25 120
    255 236 158 95 18 141 136 255 197 3 223 255 255 255 180 215 175 3
    220 50 117 186 173 88 255 58 12 130 10 160 164 255 42 255 175 84 155
    170 128 255 255 135 81 255 255 251 255 255 104 255 97 228 238 64 39
    255 59 56 246 205 69 255 178 190 13 176 167 218 30 23 230 215 155 88
    164 255 163 129 50 205 95 190 85 102 135 12 248 32 255 240 255 255
    42 81 255 231 177 173 255 73 181 86 169 100 107 153 255 153 255 236
    61 140 10 104 255 163 230 18 67 25 38 255 91 255 255 35 211 118 160
    19 103 115 28 83 249 213 255 255 185 52 126 162 90 14 13 191 169 173
    255 51 218 238 33 140 255 230 125 255 255 255 45 199 255 107 224 239
    255 36 255 255 255 255 255 150 150 255 153 90 171 194 255 255 255
    255 8 17 227 180 242 248 147 172 255 85 149 66 40 56 191 255 255 101
    30 97 73 226 43 46 223 119 220 161 192 84 0 12 111 255 170 255 128
    223 206 158 233 243 50 3 81 255 16 36 38 122 182 117 110 165 115 60
    43 171 195 81 150 203 221 43 35 255 185 120 79 137 241 4 255 41 201
    255 108 255 233 249 234 250 54 174 216 123 99 140 35 192 186 8 70
    255 63 121 57 177 171 255 115 255 255 247 255 255 108 255 255 255 99
    52 185 59 255 255 176 183 208 57 255 25 255 110 229 255 75 251 255
    255 117 131 87 147 255 156 145 153 5 242 255 105 152 235 255 87 47
    216 188 223 18 170 193 255 197 255 175 164 207 255 197 255 168 137
    255 198 152 85 70 214 255 255 73 204 255 24 255 255 134 97 138 199
    182 43 255 255 255 255 98 180 212 50 225 137 216 245 255 118 255 224
    37 255 91 14 255 217 56 255 109 53 72 68 169 220 43 102 65 93 255
    255 111 159 255 218 5 255 255 140 246 10 106 185 180 255 255 176 10
    113 99 207 255 64 255 255 59 97 255 185 220 171 131 255 102 36 70
    253 21 224 97 43 140 135 191 163 43 11 93 255 170 255 246 215 136
    255 69 255 255 115 11 147 15 255 255 96 135 215 75 23 255 255 255
    255 221 157 117 255 48 255 156 33 140 113 22 127 255 162 255 248 191
    250 60 8 221 255 144 73 192 103 255 29 255 255 227 207 107 255 172
    132 255 6 176 50 255 27 171 206 200 146 140 255 93 24 255 64 90 236
    66 155 93 190 11 255 255 73 55 86 57 255 255 62 230 18 216 255 84
    230 176 238 46 108 32 190 37 54 55 195 174 220 123 255 193 243 235
    31 208 163 255 127 21 62 58 158 137 255 173 255 255 255 230 255 189
    74 255 251 1 98 217 66 251 143 255 52 7 206 255 216 148 216 5 255
    255 255 43 233 127 173 255 29 227 228 117 20 92 137 102 210 177 122
    255 136 65 255 5 182 200 207 255 43 162 196 255 244 248 255 108 102
    255 199 178 255 14 219 161 255 255 255 241 186 255 153 112 255 102
    144 70 188 28 123 214 221 255 255 195 251 27 255 83 23 255 52 43 255
    255 158 69 230 255 146 108 239 6 161 75 179 255 197 67 42 17 255 37
    14 243 255 47 207 208 108 255 233 221 36 95 80 255 18 62 116 255 163
    229 133 16 76 18 65 171 255 106 84 255 223 94 190 134 179 255 129
    225 120 131 131 211 244 215 255 6 255 135 203 210 168 134 150 160
    214 141 145 125 182 208 255 28 183 137 255 250 71 22 251 25 34 255
    142 48 255 252 169 255 126 188 113 125 255 10 1 177 92 66 139 155
    255 255 210 78 160 5 137 205 2 28 168 255 255 177 255 171 13 118 238
    89 255 198 73 93 127 214 255 138 183 37 145 163 132 131 84 196 123
    255 255 255 11 203 136 252 255 0 112 175 213 171 98 172 149 255 27
    214 12 215 191 196 93 230 208 102 90 246 131 216 255 196 28 153 255
    122 255 255 148 50 185 234 255 81 93 191 147 229 133 198 65 107 255
    255 255 19 93 255 171 48 255 95 137 255 73 210 250 19 220 0 75 65
    255 63 165 255 69 243 215 29 228 57 232 27 188 240 73 255 55 42 255
    168 242 85 255 249 17 194 5 198 170 103 48 65 247 245 78 136 135 169
    255 255 255 51 255 179 57 130 212 255 240 3 153 38 26 188 255 189
    255 255 242 109 52 133 112 100 242 37 255 255 255 255 212 174 220 35
    255 255 84 139 80 136 113 255 87 216 67 92 158 255 160 69 255 213
    181 72 70 85 255 240 29 255 122 219 142 61 94 255 147 255 12 176 171
    255 110 137 170 136 195 225 191 186 62 215 154 255 147 94 2 221 1
    186 255 32 158 156 83 251 255 112 5 197 235 58 81 108 255 147 255
    255 63 255 125 41 90 255 151 8 93 105 242 255 75 143 253 255 132 221
    245 205 255 191 255 142 59 62 190 104 46 255 170 188 255 124 230 255
    212 255 60 95 237 255 60 255 193 116 176 52 235 255 255 153 211 255
    180 255 255 42 255 235 171 81 170 165 179 255 255 255 115 106 59 255
    36 255 236 255 230 5 92 95 238 134 255 255 144 23 143 255 25 47 208
    173 120 54 210 73 134 255 180 223 112 77 211 171 87 137 99 23 34 187
    255 249 131 255 249 126 255 86 234 10 255 255 145 47 255 208 255 174
    10 83 211 255 145 200 138 119 104 255 46 47 213 35 11 18 86 109 32
    245 255 140 153 255 255 190 136 213 255 148 188 234 228 65 220 255
    255 84 51 32 23 181 156 122 181 27 39 69 161 255 255 255 115 255 255
    188 196 255 160 255 178 116 33 255 161 169 255 96 36 185 98 255 163
    8 216 173 46 223 55 129 29 140 183 242 176 91 66 8 159 195 203 253
    87 211 255 201 255 249 247 255 162 75 185 138 196 171 82 255 255 255
    171 255 211 120 255 132 176 203 81 67 203 183 160 170 255 255 255
    171 144 185 164 90 255 255 255 255 1 255 132 70 227 255 244 242 75
    231 237 255 185 251 255 195 255 55 75 255 170 138 255 100 198 5 255
    52 225 205 43 179 140 86 57 205 53 227 255 6 190 220 77 233 120 75
    89 255 3 74 85 192 255 255 118 101 77 42 143 48 37 87 37 153 95 150
    254 251 23 230 59 255 80 215 32 56 11 20 229 206 235 114 117 255 33
    164 188 128 218 168 10 255 255 113 242 150 183 158 255 66 46 255 242
    244 30 164 67 240 7 159 5 134 233 255 231 39 72 199 137 185 255 255
    77 220 115 255 255 153 12 59 255 255 140 183 171 255 216 223 129 185
    236 249 218 33 204 162 163 255 255 253 236 5 255 46 80 95 207 60 221
    205 115 163 129 255 55 249 221 67 203 251 153 120 81 153 11 255 255
    209 126 255 168 242 108 223 230 88 48 101 246 251 81 48 21 140 80
    255 200 255 144 195 190 209 199 80 70 29 57 118 136 255 206 83 255
    255 255 13 181 255 188 213 237 255 146 163 248 59 255 82 217 38 112
    75 67 203 105 101 171 255 57 255 34 165 255 209 220 255 53 1 161 188
    130 118 75 172 255 187 211 135 182 66 255 35 155 155 135 79 103 196
    255 127 221 255 156 253 171 221 8 159 255 209 146 135 152 121 255
    227 41 93 236 149 240 2 136 203 90 199 255 213 98 8 134 52 77 205
    247 112 77 154 250 143 89 186 62 48 255 235 173 255 60 255 151 115
    235 215 203 34 156 255 0 178 138 4 173 95 255 67 127 255 108 208 149
    255 255 172 168 64 17 28 200 207 188 75 132 112 24 120 255 183 255
    208 255 165 221 110 252 18 1 255 228 220 255 210 93 127 255 160 255
    137 105 223 241 71 78 102 206 125 255 245 160 52 207 255 20 230 151
    255 177 255 180 185 255 180 90 14 230 100 27 73 2 188 166 214 41 65
    117 255 17 138 228 100 56 47 255 167 255 255 117 136 43 254 61 148
    176 255 255 179 216 255 23 246 255 224 173 255 153 216 250 162 234
    255 255 118 173 57 255 223 68 255 123 98 81 165 74 255 32 218 121
    255 255 73 166 10 137 233 168 214 255 192 255 255 178 94 218 68 255
    151 221 57 255 186 17 72 208 233 255 47 10 255 162 8 38 113 168 255
    69 167 255 21 127 255 177 215 255 223 23 13 46 255 145 107 255 255
    92 183 210 255 200 255 20 188 255 120 6 203 62 178 255 255 62 90 147
    193 185 10 83 190 37 55 170 12 207 255 168 255 255 69 115 100 208 79
    210 226 181 151 69 187 140 196 45 143 11 62 112 255 122 255 167 11
    233 55 4 215 208 155 12 37 255 158 110 29 255 125 14 133 128 125 43
    92 153 255 223 122 133 171 25 221 93 151 102 147 113 255 6 56 255 20
    255 127 60 136 40 28 190 255 1 144 168 26 104 178 172 214 255 255
    117 255 248 160 200 156 255 68 189 70 226 66 255 255 236 197 60 239
    172 18 236 9 132 187 196 255 255 150 161 244 158 255 11 207 77 159
    115 205 163 87 238 218 143 7 119 255 138 129 28 200 75 255 0 255 104
    215 52 199 175 234 211 113 72 153 171 227 3 20 250 251 143 171 27
    110 54 101 255 138 108 255 132 227 255 249 165 228 132 255 125 179
    255 255 255 139 255 255 242 255 37 219 255 161 202 113 253 255 255
    57 255 255 143 163 255 255 253 255 194 255 33 33 66 255 29 92 255
    255 255 255 115 38 13 88 214 255 212 51 85 29 255 166 255 255 255
    176 53 181 6 20 100 218 255 255 181 4 255 255 225 255 172 42 255 99
    60 147 255 173 135 155 158 215 198 33 53 71 200 255 129 143 132 171
    15 255 53 176 255 238 255 255 74 255 255 215 233 255 215 255 181 55
    255 138 104 79 40 181 97 142 34 149 255 27 29 226 25 155 40 120 29
    148 159 169 255 173 158 208 2 255 231 186 27 255 39 187 255 174 255
    147 43 108 63 245 230 255 12 146 165 191 255 110 118 1 255 8 122 200
    82 20 140 77 202 255 79 117 47 248 199 186 57 249 255 201 127 97 239
    172 228 66 215 128 200 173 27 105 104 148 179 130 255 74 62 171 126
    197 120 83 11 255 165 39 230 223 255 255 209 255 148 131 206 52 88
    47 148 249 255 255 224 255 201 47 109 235 182 123 255 134 117 255
    255 255 48 35 43 62 255 255 255 68 168 255 107 150 163 255 255 161
    189 155 120 213 174 235 163 237 102 170 223 255 142 227 117 100 29
    88 255 205 255 161 85 27 126 186 223 216 179 216 63 52 255 190 28
    255 3 162 255 41 255 15 14 252 151 141 130 255 213 255 255 255 62
    255 21 206 228 75 224 233 152 25 255 176 164 255 132 101 215 205 255
    255 123 200 255 123 45 255 11 53 205 61 243 78 70 153 245 153 237
    255 235 64 255 255 0 255 255 59 255 220 148 63 255 0 255 89 141 255
    26 191 255 221 216 255 160 136 211 3 153 50 188 125 253 255 75 103
    215 36 250 255 216 180 96 20 92 205 92 17 220 60 255 203 3 112 68 38
    48 251 255 253 165 255 178 255 19 255 128 78 48 75 181 255 233 85
    100 255 113 200 165 232 42 209 23 255 141 1 255 37 234 255 79 202
    148 235 218 255 75 185 10 207 56 255 191 80 108 136 193 255 33 255
    246 129 191 135 7 146 255 33 255 255 255 255 113 126 46 3 255 255 63
    137 244 200 73 33 142 161 66 45 183 129 255 29 221 255 117 98 255 10
    61 255 255 235 255 255 253 48 200 39 85 45 255 57 255 224 0 191 84
    255 79 27 255 255 158 255 140 38 168 167 255 255 79 69 255 226 139
    255 182 129 110 80 255 255 35 95 123 255 135 118 167 87 0 146 195 77
    60 229 255 125 255 255 185 224 253 138 218 255 105 255 82 93 125 98
    62 153 255 68 255 255 250 79 73 181 165 255 127 255 95 124 255 28 48
    93 77 109 182 255 27 139 193 129 50 165 168 108 225 95 239 255 57
    136 110 20 255 255 187 255 255 255 66 251 48 134 255 145 141 200 118
    210 87 106 255 255 187 255 255 133 169 255 77 163 255 62 62 255 6
    165 147 53 255 45 98 169 183 106 59 191 110 205 255 212 90 255 68
    255 137 177 116 255 15 112 255 255 14 255 36 73 255 187 53 37 255
    160 88 133 255 255 143 90 78 255 69 255 198 48 107 252 177 255 110
    94 193 59 206 118 206 255 127 26 193 255 189 70 98 163 242 151 53
    255 42 111 255 255 41 255 130 255 102 238 42 111 206 220 187 255 183
    179 166 236 221 205 187 149 63 180 56 255 226 117 48 192 210 255 191
    111 255 48 11 72 255 247 13 77 92 42 14 255 40 47 255 255 255 17 8
    105 255 185 75 140 255 227 228 255 53 255 17 211 137 120 98 52 238
    123 121 223 63 121 160 231 255 38 194 157 130 74 255 255 83 29 255
    169 148 255 59 248 102 220 255 255 154 255 173 96 62 211 88 255 122
    191 43 117 253 169 175 152 136 80 80 90 98 7 48 170 88 219 226 188
    255 8 64 244 255 248 92 2 158 90 255 238 255 255 252 255 255 38 255
    255 236 209 255 146 169 255 75 71 13 207 137 255 126 255 255 172 255
    255 89 220 210 26 255 255 168 255 255 11 140 255 138 31 70 244 99
    255 255 178 58 59 112 255 122 228 255 20 235 255 48 251 160 45 213
    255 90 255 255 251 76 188 209 158 255 41 8 255 66 27 148 92 255 43
    255 255 82 56 210 255 190 167 160 151 36 255 255 183 161 2 8 151 235
    209 243 255 52 255 47 255 255 122 84 183 196 181 233 53 28 218 117
    99 28 163 97 98 204 255 130 113 126 255 99 252 250 59 234 255 255 84
    255 16 255 255 56 97 32 143 38 20 212 187 255 66 209 7 45 11 188 232
    255 32 87 255 238 192 99 15 224 83 255 89 255 17 194 247 208 17 24
    255 36 255 115 178 116 255 11 13 251 99 255 255 39 255 92 100 149 98
    252 162 117 216 19 10 255 151 85 255 120 122 159 255 255 230 255 160
    251 65 142 70 235 255 72 178 238 132 74 255 255 94 255 138 255 255
    32 255 255 107 57 113 52 107 211 104 39 255 255 126 255 110 153 0
    226 255 103 73 146 7 255 135 63 199 43 165 59 80 255 28 174 255 255
    51 255 90 255 255 75 32 255 192 102 255 114 244 107 186 219 255 115
    211 255 28 97 80 132 197 173 169 46 0 240 36 255 145 28 255 24 121
    63 17 255 238 255 38 128 111 48 255 117 88 255 242 83 235 170 255
    255 132 255 12 159 255 198 39 118 22 255 55 255 95 103 15 39 185 168
    119 87 128 214 29 176 15 73 255 2 244 223 79 218 42 255 255 57 38
    215 155 23 207 238 63 230 60 122 201 120 168 255 255 79 216 77 107
    255 255 14 20 255 255 136 118 250 104 255 253 193 166 111 66 255 55
    64 147 122 255 255 207 255 107 30 132 158 66 255 255 179 76 255 247
    64 255 199 235 255 116 251 27 45 193 150 171 71 255 140 79 255 45
    247 13 255 183 255 33 31 255 153 247 67 131 255 53 198 206 63 239
    178 102 205 255 255 144 32 255 26 174 255 179 153 255 18 239 255 51
    47 193 8 61 255 19 255 151 41 94 248 254 46 166 140 17 255 161 53 3
    38 233 255 255 253 28 98 234 132 229 32 255 15 158 255 98 255 245
    147 197 156 172 15 255 168 102 255 0 38 5 80 53 48 88 25 255 255 171
    57 226 41 255 18 163 138 35 196 63 141 146 255 204 29 255 96 255 87
    149 18 67 158 255 255 248 199 70 59 122 255 125 255 160 245 9 255 30
    193 60 190 80 2 198 41 110 214 255 135 215 179 142 109 1 155 162 36
    28 0 78 72 98 163 123 251 65 195 253 182 17 220 67 255 21 171 216 15
    120 255 239 90 255 84 60 255 83 238 255 96 195 255 28 97 255 90 176
    255 33 115 102 87 0 110 79 255 118 39 55 171 15 121 236 33 70 32 162
    191 255 74 83 255 89 14 42 38 255 215 152 255 145 88 247 127 174 95
    255 170 150 57 214 176 72 84 255 133 153 36 47 36 199 255 11 66 32
    138 243 255 255 193 92 255 56 255 172 168 255 66 255 117 253 60 223
    98 3 87 255 107 147 135 204 255 88 209 255 230 247 255 7 255 255 0
    255 255 195 60 255 21 192 255 204 47 176 79 228 67 209 102 255 21
    112 255 97 255 117 144 255 138 34 241 255 135 215 231 50 185 225 96
    104 188 200 210 123 186 255 53 198 255 255 181 75 98 111 229 255 199
    108 255 34 34 58 190 199 123 181 215 186 37 182 53 255 255 245 255
    255 255 245 111 110 92 255 255 159 122 77 226 14 240 43 36 90 179 1
    255 9 140 93 5 255 255 255 216 32 24 255 20 60 255 255 77 29 255 34
    255 255 255 209 255 170 92 255 187 244 255 204 214 100 60 210 246
    186 99 173 161 59 255 68 228 57 189 46 255 255 255 255 212 131 10
    255 75 48 198 255 223 248 218 255 97 146 53 1 255 255 224 9 17 169
    247 255 255 37 255 39 255 5 156 229 150 177 255 255 99 106 211 135
    50 255 255 140 92 255 57 255 45 116 22 163 42 255 10 255 0 80 3 67
    153 233 255 215 43 255 128 234 161 223 207 191 158 70 255 97 225 255
    160 41 255 110 255 15 113 132 255 16 228 125 186 52 165 205 48 255
    255 255 255 95 196 213 191 38 255 24 168 123 169 163 87 45 139 186
    255 36 128 104 255 255 8 125 255 90 255 15 33 31 108 108 248 255 199
    255 98 84 61 15 231 163 191 194 107 156 196 237 83 220 61 255 134 33
    255 199 122 211 131 83 255 122 252 255 109 173 132 120 39 255 179 28
    178 92 71 23 123 24 147 104 150 255 162 31 255 218 213 133 255 45
    255 126 255 243 161 255 251 255 140 5 255 28 255 255 95 243 82 167
    255 144 255 80 62 255 62 255 23 255 222 75 255 191 15 223 33 202 205
    83 174 255 140 154 255 30 65 122 125 153 233 18 32 113 104 135 255
    145 45 255 255 255 226 244 255 255 172 255 63 222 255 100 212 112
    201 243 46 112 128 187 255 200 66 70 255 255 255 235 132 215 57 115
    70 251 23 255 165 61 255 163 3 255 7 153 255 48 255 113 129 134 208
    221 137 203 233 255 107 199 183 255 178 255 255 255 103 255 51 135
    255 224 89 255 241 255 236 92 216 20 66 36 255 57 32 23 138 37 255
    205 169 255 151 173 161 208 18 80 79 255 223 195 174 255 143 102 78
    118 32 73 70 61 127 78 206 168 188 88 255 168 255 255 233 242 255
    212 126 58 191 255 255 44 196 23 34 79 163 240 87 255 115 238 238 34
    255 255 243 214 92 104 60 220 95 186 255 26 134 255 68 255 72 255
    157 127 255 255 27 42 37 255 250 238 82 79 255 153 255 65 18 205 223
    160 149 153 122 109 51 255 206 36 13 253 255 255 150 52 23 97 29 80
    173 255 255 230 237 255 136 225 37 225 101 255 1 37 3 91 65 255 70
    255 255 215 25 198 238 90 255 24 121 255 229 205 168 189 204 255 55
    102 63 222 120 196 255 121 25 255 244 163 81 116 12 133 97 255 19 14
    255 38 18 255 213 171 255 177 219 97 235 237 93 47 22 255 227 81 255
    200 102 216 133 122 103 23 75 255 42 149 255 201 80 255 127 39 208
    133 160 127 2 255 5 77 188 255 255 168 75 0 144 255 1 255 183 132
    186 12 45 56 27 83 97 255 255 255 160 255 179 103 81 51 3 225 36 158
    11 178 10 45 9 255 29 197 13 189 252 255 223 255 48 238 234 255 217
    52 25 11 140 255 252 43 158 50 99 75 59 255 175 24 255 137 172 234
    255 142 255 255 251 181 5 9 255 100 223 183 255 143 255 203 35 228
    153 209 47 161 213 229 255 14 255 255 123 237 216 141 14 255 255 214
    255 10 255 203 70 111 220 82 8 231 102 15 255 45 34 80 174 242 255
    105 255 255 133 228 185 128 168 255 255 238 255 160 139 151 229 255
    85 181 186 183 110 234 37 255 255 223 153 139 255 16 102 133 87 255
    68 128 92 255 235 163 255 28 255 255 86 71 130 63 255 255 117 223 93
    133 1 155 1 51 255 59 255 166 125 255 137 181 171 216 10 246 235 39
    85 255 255 255 110 191 75 255 253 255 90 55 115 160 136 255 195 244
    255 43 207 255 27 102 109 221 195 75 161 107 255 255 215 36 255 87
    255 103 165 255 170 255 43 255 118 242 255 171 62 183 74 31 255 19
    158 255 255 255 255 204 255 246 255 202 255 44 118 0 63 255 255 149
    24 78 201 37 255 87 233 210 39 255 198 93 255 201 50 211 255 20 134
    255 47 120 70 235 255 255 118 29 255 37 255 255 229 171 92 127 168
    246 168 216 87 194 178 153 205 255 128 119 116 156 154 218 255 213
    108 255 10 255 30 162 255 255 63 47 246 169 146 95 54 179 112 149
    136 118 220 244 255 102 255 255 80 115 255 11 234 52 255 213 52 45
    255 135 206 98 255 204 255 213 14 255 255 71 242 255 68 255 220 1
    188 211 146 3 255 106 107 145 123 121 231 114 233 100 247 88 75 87
    178 50 160 32 60 87 214 166 248 255 18 255 221 191 104 41 178 11 219
    255 149 117 196 225 235 57 252 66 228 56 33 113 174 57 236 42 255
    255 107 28 255 97 99 181 238 246 130 8 255 52 255 84 176 253 29 58
    255 255 48 6 167 186 131 1 191 74 84 255 203 74 255 111 19 203 230
    34 255 167 255 45 245 47 45 106 43 196 101 255 35 105 255 73 10 0
    255 12 255 92 99 255 255 241 221 70 52 66 241 250 125 255 161 134 92
    110 255 32 169 169 255 255 255 168 255 73 255 152 204 155 224 159
    228 244 64 241 223 246 255 18 52 150 122 163 255 255 154 255 86 50
    201 43 174 155 63 167 52 152 129 255 132 117 40 30 99 135 186 116 40
    187 120 78 242 199 255 255 255 255 159 48 60 106 104 166 168 132 255
    255 32 145 24 24 62 117 29 248 132 252 255 120 255 250 33 48 145 255
    210 122 176 255 255 183 160 218 80 55 228 172 129 165 23 255 10 242
    255 211 255 46 255 82 106 210 138 255 255 19 255 255 196 32 255 150
    127 65 34 243 115 0 252 85 62 74 63 65 55 75 215 255 255 236 255 215
    168 173 110 191 167 255 16 255 255 81 109 255 80 33 186 186 131 97
    255 239 30 195 255 93 69 43 88 88 115 255 134 109 7 146 173 255 42
    25 190 101 255 7 51 53 255 39 255 73 255 151 240 255 31 235 44 177
    203 12 27 255 6 130 95 25 255 255 10 207 120 212 205 137 241 61 255
    136 172 255 51 148 255 17 45 137 111 25 195 50 129 163 135 80 255 95
    234 110 164 209 20 92 255 255 220 92 255 51 106 83 11 204 255 113
    182 67 75 160 255 255 83 255 245 101 255 48 205 255 5 255 255 128 83
    255 70 83 67 255 41 48 151 89 171 143 183 255 152 62 255 249 151 255
    93 174 118 147 246 72 34 255 255 43 255 78 151 255 228 158 50 235 36
    199 255 252 239 255 33 193 230 117 195 255 114 255 255 255 228 255
    18 235 161 118 255 255 1 229 35 101 113 255 36 37 22 109 27 188 24
    251 255 78 255 225 45 113 230 226 70 30 133 188 228 255 204 255 141
    66 255 172 158 255 255 74 166 101 218 42 180 0 181 176 255 107 221
    167 37 102 14 127 6 255 255 169 211 255 0 73 196 110 69 255 119 148
    220 162 230 75 255 48 151 253 164 93 150 159 150 56 108 63 173 255
    255 143 192 255 200 213 255 68 255 165 255 85 7 66 255 255 45 255
    108 154 136 255 209 59 17 92 255 65 249 139 151 55 219 38 63 185 255
    66 174 0 98 34 18 117 83 255 255 120 3 161 153 245 216 52 241 251
    247 78 20 229 102 251 233 255 227 167 60 249 84 255 38 151 255 188
    118 255 51 255 255 78 216 255 178 132 255 126 255 255 216 174 246
    216 47 255 225 255 255 198 11 255 74 3 133 72 145 255 133 255 90 208
    125 255 30 246 17 158 255 52 174 80 243 54 255 255 102 125 240 179
    51 142 241 101 47 51 255 133 64 255 233 221 205 58 80 94 130 255 252
    255 232 177 255 250 178 196 255 238 178 244 162 113 51 185 255 255
    112 255 255 188 255 74 214 180 150 143 240 174 87 255 72 255 165 27
    255 255 93 235 190 100 74 255 179 157 255 204 94 255 165 209 65 131
    50 193 23 195 255 225 255 255 75 244 175 255 255 255 153 249 175 154
    183 255 119 4 88 173 160 255 16 220 255 54 159 168 88 200 190 174
    171 255 255 17 255 146 255 112 251 255 60 255 108 250 91 193 255 34
    27 255 140 135 225 10 247 161 63 255 255 110 255 255 124 50 40 177
    211 221 187 185 171 205 122 163 238 109 255 133 255 15 255 81 38 172
    53 255 170 159 211 164 255 255 216 255 255 255 6 2 89 205 255 255
    255 255 2 216 37 53 60 255 29 79 140 194 131 255 159 145 250 72 192
    15 255 89 255 145 61 246 177 107 238 206 73 255 189 24 206 110 102
    117 161 32 255 77 255 246 89 155 255 55 255 255 247 255 255 17 224
    195 158 71 255 191 65 140 60 255 255 255 235 5 25 32 218 68 255 211
    244 182 255 91 255 65 235 79 255 34 255 255 50 15 7 255 179 255 255
    202 133 255 18 12 185 97 130 86 201 255 255 6 88 57 252 255 186 125
    132 154 89 255 140 255 255 211 255 138 209 255 255 163 11 85 235 18
    7 222 139 132 234 186 255 255 235 75 83 255 255 179 140 115 255 109
    156 128 255 171 255 64 255 110 137 240 255 255 255 255 140 20 53 145
    210 141 255 87 207 155 246 194 255 38 250 255 190 45 197 60 204 93
    140 176 195 105 241 104 255 3 69 235 115 247 255 227 129 140 146 107
    255 136 56 35 37 94 138 1 93 255 164 179 255 28 181 77 18 255 38 72
    155 10 162 80 255 149 99 87 91 237 216 255 121 255 234 101 255 36 39
    255 113 251 191 111 106 255 55 255 183 84 115 102 44 47 255 56 181
    83 129 47 255 127 115 88 140 55 220 82 17 205 66 4 255 21 130 120 32
    242 255 93 69 28 179 255 193 55 74 181 255 76 235 55 19 233 87 102
    241 105 255 132 143 239 37 141 141 65 159 130 255 133 123 128 255
    255 255 255 76 255 204 244 201 134 255 241 60 122 122 124 227 132
    183 83 255 97 255 78 167 255 52 165 123 211 245 50 87 226 108 255
    178 164 255 140 5 15 55 155 255 123 70 128 174 134 95 100 28 255 29
    41 255 14 136 255 52 255 193 162 183 138 38 255 10 255 56 163 200
    239 255 209 20 45 74 227 77 48 255 166 71 213 210 1 255 156 9 199 43
    57 99 98 117 255 221 255 246 255 255 255 255 33 228 255 136 76 210
    56 130 112 110 255 72 251 255 255 45 125 255 255 255 83 255 107 127
    164 202 255 236 3 255 81 255 255 233 102 8 136 32 137 57 25 166 255
    84 220 254 93 255 109 255 255 144 70 255 205 255 140 239 52 255 191
    255 255 65 255 255 250 95 128 198 146 255 43 37 93 56 15 60 135 80
    255 242 92 255 142 39 195 72 18 90 55 75 255 255 252 191 155 207 215
    255 120 65 155 191 255 12 71 255 255 255 255 255 120 255 60 87 230
    28 117 255 140 141 246 101 130 255 119 137 238 154 255 105 255 255
    196 209 255 255 46 75 235 102 165 255 171 18 241 6 174 2 236 255 145
    255 255 255 80 43 105 180 149 58 50 247 132 135 202 140 120 28 208
    244 232 255 255 117 255 101 255 150 99 255 185 255 255 255 52 34 148
    110 66 117 45 144 145 151 255 7 28 255 255 255 0 236 110 37 188 229
    125 53 173 129 255 33 255 105 255 126 62 225 216 95 45 121 50 223
    255 255 215 255 82 198 113 255 240 255 255 223 215 255 200 255 168
    33 56 255 60 255 255 91 66 105 206 255 255 254 255 142 255 15 255
    102 255 255 186 183 255 153 224 112 182 187 223 242 153 82 247 255
    87 21 73 255 207 255 255 255 116 245 143 132 255 249 167 255 6 255
    255 153 53 55 238 48 255 255 22 226 111 60 73 234 162 73 105 98 118
    57 255 255 213 255 7 255 246 233 55 87 161 15 249 137 208 255 255
    163 148 72 75 188 255 255 126 165 5 233 120 60 145 48 255 159 110
    251 255 255 183 229 255 215 188 255 107 249 215 113 181 255 21 66
    255 117 148 17 14 199 168 159 160 40 117 255 255 36 215 255 255 23
    18 61 80 255 180 172 173 89 224 181 87 247 255 78 247 138 160 255
    215 182 94 100 61 78 240 255 74 215 17 94 67 255 239 255 63 246 140
    15 255 195 14 255 33 247 98 43 89 22 255 88 214 68 116 255 151 212
    252 48 190 13 206 113 163 255 124 113 255 70 191 255 69 239 255 241
    3 43 240 137 255 194 255 255 149 31 133 205 255 80 229 255 90 255
    235 255 255 14 166 255 255 255 50 255 223 181 255 17 168 27 145 66
    76 43 14 225 255 81 255 170 73 141 67 68 39 255 117 235 90 120 255
    255 19 176 82 116 27 98 189 113 255 255 213 255 56 255 255 98 255
    195 120 115 221 255 158 221 231 255 185 124 229 255 65 71 255 156
    216 198 194 220 225 241 94 62 240 216 221 181 255 255 249 171 255 27
    165 255 29 75 77 255 76 143 20 234 120 21 230 230 23 255 255 182 223
    255 209 57 155 196 223 105 2 43 223 173 255 25 185 148 156 82 252
    248 155 10 153 26 67 255 27 255 12 56 121 255 214 83 93 255 28 255
    100 249 55 63 255 220 165 121 68 9 43 255 206 243 108 30 79 12 226
    232 255 201 111 255 255 87 48 57 28 143 12 255 253 253 232 18 18 230
    65 255 81 25 190 255 33 222 151 255 68 188 246 255 41 251 127 233
    153 74 243 98 255 205 255 128 224 255 74 253 255 129 37 215 71 192
    35 255 255 255 11 255 158 167 255 158 54 148 170 255 244 255 192 164
    255 66 255 236 124 71 255 26 186 250 255 101 128 187 210 151 218 53
    105 133 255 255 177 255 255 113 234 255 230 225 178 108 94 245 189
    227 255 164 83 200 191 31 255 113 211 2 255 5 70 208 191 161 204 46
    255 107 95 255 180 134 255 254 167 200 223 52 255 227 201 255 158
    255 255 21 255 133 255 56 225 168 193 255 20 201 255 143 255 255 69
    155 30 15 183 155 161 162 255 137 255 255 216 148 255 62 255 203 255
    84 25 195 74 255 26 255 255 14 88 255 218 191 201 83 115 255 7 195
    127 223 22 216 128 255 201 255 80 145 132 255 246 152 255 102 171
    255 255 36 255 246 110 200 255 126 255 90 66 252 50 190 207 50 188
    213 171 255 158 112 199 141 255 83 255 228 164 19 22 25 253 255 28
    229 255 238 255 175 16 188 7 154 89 233 182 169 127 255 224 255 161
    19 180 81 154 166 255 255 175 96 255 155 9 42 255 209 207 255 43 144
    255 61 255 255 255 255 148 132 255 32 247 176 255 52 73 88 153 3 255
    11 94 113 15 71 228 100 167 255 131 67 255 84 42 127 105 255 163 34
    239 18 96 227 255 169 192 255 208 255 145 143 255 155 212 41 255 9
    255 255 194 3 255 30 99 255 113 255 38 252 255 206 255 255 255 129
    255 215 255 182 203 79 255 102 143 223 57 168 129 255 124 225 80 225
    255 68 247 249 255 37 173 255 109 89 255 108 66 223 124 4 255 34 255
    255 84 6 255 234 187 12 46 210 77 123 20 161 37 227 145 57 213 255
    160 29 226 255 146 27 247 255 228 7 211 8 19 255 173 151 13 47 238
    255 255 255 255 255 46 199 255 161 255 255 253 76 47 119 61 65 117
    255 255 207 255 140 80 225 210 68 149 255 97 28 255 199 173 171 255
    200 255 185 155 255 23 232 243 153 120 118 66 14 2 24 158 215 32 135
    45 64 23 102 161 182 143 12 6 255 89 3 255 124 6 255 179 255 255 113
    177 255 225 5 226 194 223 53 185 57 255 126 137 205 180 48 255 37
    255 255 95 255 255 16 126 255 19 221 50 255 101 186 240 255 255 254
    107 163 36 206 255 255 252 122 231 64 255 250 112 130 141 200 255
    178 25 255 134 215 255 200 84 13 8 244 255 162 23 255 8 95 163 233
    10 255 255 64 178 218 213 180 77 255 191 234 103 255 177 155 80 24
    62 255 249 168 255 88 255 80 37 181 255 137 173 255 19 160 77 25 253
    102 183 95 255 255 243 63 155 176 200 125 103 118 236 255 68 140 255
    255 100 103 80 255 197 108 101 255 255 156 34 150 255 102 246 131 62
    15 86 255 255 245 205 255 255 199 255 255 80 255 140 157 255 206 188
    45 114 255 255 35 38 255 255 255 255 169 122 255 178 206 255 127 172
    40 255 4 125 229 182 255 9 98 228 255 207 87 71 241 255 52 160 241
    129 255 255 1 109 15 255 214 52 213 255 255 51 221 255 137 121 40
    232 11 248 135 255 245 255 134 18 81 211 18 48 107 255 156 255 255
    117 255 255 105 3 255 245 200 255 124 255 255 33 255 255 50 164 112
    255 122 255 52 241 163 240 60 255 81 185 255 87 255 255 255 113 20
    196 42 210 23 157 255 215 154 170 48 62 255 29 41 255 24 210 22 47
    173 255 255 237 255 255 255 210 101 50 45 137 33 255 162 202 25 255
    84 248 107 62 255 47 109 208 88 177 255 135 69 48 3 109 178 155 255
    221 150 32 77 172 255 255 39 144 100 129 61 68 189 120 255 73 18 255
    69 112 255 183 31 255 171 151 175 20 32 255 15 255 255 158 113 231 6
    255 112 68 213 190 194 104 72 226 199 60 50 5 255 154 113 55 191 224
    47 129 255 255 177 255 80 82 241 255 223 255 123 149 251 2 171 255
    48 191 126 210 199 233 206 87 45 200 8 134 255 66 164 255 212 137
    151 227 39 25 153 255 142 72 6 255 91 255 255 34 177 255 33 232 238
    152 255 17 29 158 193 137 252 255 153 195 255 53 192 43 238 255 43
    255 75 171 108 234 32 255 32 255 231 249 137 194 204 15 161 221 255
    28 255 65 125 200 110 73 193 255 110 239 38 174 51 255 255 73 255
    149 139 231 118 50 255 145 242 255 160 0 255 167 255 255 255 255 88
    153 255 171 15 193 98 41 214 98 16 255 231 0 34 255 181 177 255 154
    255 158 119 255 255 110 183 255 255 200 253 23 235 135 88 162 255
    196 52 255 235 214 255 232 255 75 114 255 107 161 196 255 16 62 255
    255 19 255 192 23 240 77 25 185 137 108 255 178 47 255 81 255 80 216
    1 255 100 74 231 37 46 45 28 190 73 47 255 90 251 255 151 69 71 40
    255 255 83 238 59 255 211 255 28 19 179 35 99 79 255 255 8 196 185
    109 255 42 255 255 255 88 255 51 213 163 54 173 255 60 157 112 255
    211 255 234 255 170 152 15 82 29 4 255 221 79 195 255 255 225 20 251
    47 150 214 255 125 252 22 46 155 115 255 65 117 116 206 255 209 98
    255 74 255 88 146 155 255 255 71 255 198 255 255 243 255 255 231 10
    255 68 57 255 115 85 12 11 125 12 101 84 255 203 69 85 250 255 43
    169 28 255 255 125 255 91 228 33 102 123 203 55 255 255 255 146 10
    216 80 255 255 55 255 1 136 15 47 60 2 117 59 33 217 255 5 137 169
    40 123 255 125 96 255 175 149 108 255 78 246 238 108 145 253 147 216
    178 61 255 255 61 67 250 60 174 20 223 140 255 72 85 255 205 255 255
    222 209 255 186 255 245 51 122 255 168 255 67 255 28 40 96 201 255 5
    0 100 214 99 193 34 38 181 255 255 255 21 151 255 255 123 255 197
    255 255 35 255 255 129 130 70 101 255 27 38 62 118 86 55 255 146 196
    130 190 255 176 55 186 255 18 255 92 21 255 20 194 59 120 27 249 125
    171 6 12 200 9 255 90 190 125 247 146 122 224 242 246 248 46 255 226
    47 70 255 22 255 118 241 255 78 162 105 165 209 255 176 104 125 100
    8 175 217 255 147 144 76 93 71 255 255 70 144 97 71 241 171 111 255
    255 118 255 255 102 98 255 50 19 208 255 255 215 69 255 236 102 15
    255 50 207 255 255 52 23 138 255 118 80 0 0 11 163 130 96 167 58 12
    255 201 62 42 62 204 255 255 7 115 18 84 172 255 89 255 132 137 55
    143 174 224 123 214 188 125 255 84 255 189 120 128 197 255 223 144
    213 55 108 162 198 133 163 255 53 102 255 174 214 85 255 255 168 220
    17 53 97 98 255 78 143 233 16 139 33 17 38 90 173 136 255 68 255 117
    231 225 88 147 193 155 33 165 67 255 255 92 230 179 50 60 81 153 150
    202 255 29 47 255 68 55 158 54 211 255 248 46 215 77 225 107 213 157
    255 12 130 255 51 52 255 88 233 130 255 134 38 21 153 48 74 139 210
    255 6 175 2 162 255 227 255 220 131 213 253 43 173 255 51 205 13 54
    195 255 144 22 255 120 213 255 132 235 57 255 70 255 215 37 235 227
    255 235 198 172 170 108 3 255 127 255 22 232 29 255 218 255 255 63
    76 52 255 255 255 185 17 255 109 60 245 255 206 60 87 150 250 255
    158 127 29 255 255 212 255 255 255 98 161 42 20 27 181 104 243 96
    224 45 250 94 15 24 220 193 230 1 255 192 25 223 43 196 255 232 255
    255 123 13 32 255 116 255 27 53 255 34 103 83 87 46 68 123 59 102
    111 255 135 18 232 140 61 211 255 18 162 255 255 13 245 161 32 57
    113 20 147 255 154 220 131 22 27 145 55 225 111 139 201 124 255 72
    140 199 228 74 101 83 255 200 122 87 50 255 8 252 245 164 167 52 223
    22 13 98 98 225 136 255 255 123 135 203 168 129 38 216 255 0 165 116
    255 24 249 255 242 239 185 167 52 255 197 182 198 144 227 255 89 255
    115 141 255 255 189 255 200 227 104 253 162 255 255 255 23 188 174
    163 255 255 50 115 135 98 127 141 179 115 153 255 255 53 137 255 254
    187 150 233 27 181 165 34 253 135 60 27 162 45 255 6 129 30 74 202
    255 61 5 70 255 38 123 161 158 243 123 223 200 255 127 255 123 188
    220 229 94 223 140 83 18 199 117 93 145 5 127 150 53 255 32 255 118
    6 73 218 46 99 255 35 168 255 206 99 255 91 255 138 253 255 10 255
    174 102 213 168 57 26 235 55 250 79 112 8 221 255 78 255 23 250 255
    255 244 32 60 248 255 35 48 255 255 128 95 102 152 242 255 255 255
    255 198 65 35 161 141 255 255 255 255 135 255 215 114 232 228 255
    221 171 183 255 255 159 169 132 82 93 235 255 255 68 255 53 150 54
    255 255 230 255 235 233 255 255 1 117 65 255 3 105 61 171 25 159 171
    255 255 29 255 255 224 97 14 174 255 251 255 255 122 51 151 116 255
    255 100 251 223 14 42 255 207 73 206 147 191 255 89 135 92 11 46 255
    223 69 255 105 41 198 84 9 147 174 23 208 140 70 12 42 98 48 155 159
    255 23 190 110 154 252 255 255 1 255 214 255 248 12 201 108 230 148
    255 187 153 255 187 252 255 92 229 255 226 255 253 111 190 125 80 89
    133 75 85 255 23 11 211 207 229 255 205 182 198 29 42 255 146 196 73
    134 103 63 46 219 255 154 255 255 30 173 255 155 238 225 11 51 175
    211 183 255 194 13 255 48 95 255 115 185 181 255 65 108 110 5 120
    255 255 218 245 213 62 73 15 213 255 32 233 72 237 130 217 101 255
    204 117 255 235 179 195 48 59 43 255 59 255 129 129 47 170 22 255
    185 50 168 74 25 255 134 255 255 231 157 155 34 255 53 11 46 255 164
    69 255 38 210 255 231 174 255 255 6 255 8 8 255 212 255 140 165 233
    255 164 255 255 56 70 255 178 102 255 189 111 255 44 159 128 71 159
    255 51 255 255 190 28 255 80 249 255 101 70 255 223 135 255 152 84
    100 255 39 228 170 251 255 129 164 3 213 23 255 252 132 255 16 102
    42 107 106 255 62 192 255 255 80 255 255 177 92 164 167</data></my_img>
<your_img type_id="opencv-matrix">
  <rows>100</rows>
  <cols>100</cols>
  <dt>"3u"</dt>
  <data>
    197 110 52 255 193 255 255 183 106 255 255 255 115 175 255 255 94
    255 255 6 255 113 148 50 111 181 255 255 154 178 255 156 14 40 136
    255 255 255 255 255 233 230 157 255 164 255 26 40 255 255 224 255
    255 255 255 134 255 115 136 138 255 255 255 255 255 52 143 199 255
    255 177 254 255 235 255 239 255 255 255 82 114 133 255 255 78 52 255
    255 82 216 255 165 20 255 154 255 76 171 255 94 255 174 255 255 232
    255 255 255 231 106 255 255 255 255 249 255 255 255 231 255 60 181
    96 255 195 255 209 255 255 18 255 0 96 211 178 255 46 255 255 12 255
    255 235 22 255 26 255 255 255 255 255 255 178 237 12 166 72 255 28
    52 255 255 255 50 10 50 193 90 62 146 255 16 255 88 255 255 255 255
    227 10 255 255 255 255 64 255 255 255 255 169 255 255 145 0 234 255
    138 8 219 235 184 255 255 255 119 102 248 255 2 255 255 255 255 255
    255 255 167 193 238 255 44 196 255 96 20 255 255 24 255 255 170 255
    106 255 255 255 255 30 255 255 255 189 255 255 255 255 34 42 255 177
    207 255 255 255 255 255 72 236 255 255 255 255 227 204 88 255 96 191
    52 44 255 255 255 255 14 255 169 255 98 255 152 255 231 255 188 205
    255 255 255 156 255 255 158 116 209 156 255 255 255 90 239 255 50 40
    195 255 255 110 255 109 14 255 255 255 255 157 169 255 255 100 92
    255 173 255 32 241 234 255 255 126 255 134 230 255 209 255 125 255
    255 58 207 255 227 255 146 111 128 255 255 255 238 181 255 240 255
    38 150 255 255 138 255 255 196 255 50 255 245 173 255 107 255 24 44
    255 184 255 255 255 169 255 56 247 207 255 255 203 162 255 255 255
    18 229 198 255 255 146 215 255 108 255 255 255 199 255 255 107 255
    88 255 134 72 221 146 255 255 255 220 255 255 2 237 255 162 20 130
    108 141 255 174 255 255 255 255 28 255 94 90 20 52 255 255 82 203 76
    255 120 36 113 255 14 195 255 62 255 82 255 161 130 30 255 68 255 50
    255 255 255 18 255 255 187 255 165 201 32 105 255 255 255 108 255
    255 255 255 255 82 42 4 255 200 74 98 162 99 189 124 50 255 255 255
    14 104 255 255 52 255 255 48 56 24 255 111 255 255 255 28 128 255
    130 200 121 255 255 70 255 14 135 255 255 255 92 255 255 223 222 46
    36 255 255 255 198 235 255 255 255 154 0 90 146 68 139 138 255 2 255
    78 255 207 255 255 255 255 255 56 255 125 12 230 255 158 255 34 92
    176 243 255 62 103 195 255 255 255 255 145 245 232 255 245 255 255
    255 78 58 255 72 255 255 255 177 255 255 66 62 104 203 2 152 255 173
    255 78 245 38 96 255 255 255 255 255 143 255 166 255 255 168 56 255
    88 255 66 30 255 255 180 255 255 255 175 255 60 255 144 255 233 207
    255 255 22 134 239 255 140 249 80 84 255 255 68 255 217 202 255 50
    222 255 255 255 40 255 255 255 251 255 255 138 255 255 66 20 255 94
    255 255 255 178 141 241 255 34 255 94 221 255 128 255 140 255 255
    152 255 255 205 16 255 34 255 255 255 255 157 56 156 199 255 255 255
    211 255 111 255 255 191 173 50 255 68 34 255 255 255 141 241 32 143
    255 255 255 46 255 44 225 255 243 255 130 113 255 76 173 255 255 255
    136 255 48 76 198 255 255 70 255 142 255 255 255 156 255 209 255 255
    255 255 255 255 232 255 78 255 255 255 255 12 255 102 189 253 255
    255 144 216 84 102 110 165 134 210 143 146 255 50 255 255 255 225
    255 42 58 255 113 52 172 255 106 255 127 76 255 255 40 255 155 255
    255 50 50 255 169 8 255 149 203 178 94 251 255 255 255 168 255 255
    50 183 255 255 255 255 174 255 44 255 255 255 226 253 251 242 12 199
    255 8 255 255 239 18 255 58 255 255 255 255 255 255 255 10 255 255
    255 255 255 14 50 175 238 255 6 255 48 12 86 255 201 255 72 110 198
    153 138 255 255 255 240 72 207 255 12 255 44 255 199 108 86 118 255
    255 255 120 249 38 20 255 255 255 255 237 255 219 255 255 255 96 255
    141 255 255 231 255 156 14 255 196 255 203 122 255 32 50 247 255 70
    255 116 255 147 255 255 255 92 255 24 177 58 255 255 8 255 22 20 255
    102 252 169 78 30 229 50 255 50 255 164 253 255 222 141 255 255 113
    44 255 255 255 255 6 255 255 255 255 255 195 58 114 255 201 255 52
    255 255 255 72 30 233 122 226 161 255 255 255 255 255 255 255 18 255
    18 44 255 183 38 255 189 38 0 26 255 98 134 255 255 211 255 0 114
    106 255 40 255 255 191 255 255 255 255 72 10 255 255 211 106 255 255
    255 199 255 112 187 108 255 151 32 16 255 173 255 68 160 38 255 255
    112 255 255 62 255 237 2 255 34 250 255 255 255 255 104 90 107 255
    255 255 255 214 119 197 204 255 255 255 177 38 80 207 215 106 68 68
    42 40 169 255 98 255 162 255 122 248 255 116 120 205 34 255 241 160
    234 239 12 255 255 255 255 209 255 236 255 144 255 235 211 255 113
    255 255 255 78 255 219 255 255 157 255 32 255 4 255 10 207 20 255
    255 246 219 193 34 107 64 250 20 255 255 245 52 255 105 255 255 177
    255 154 92 255 24 123 177 255 255 72 170 255 255 186 255 227 255 227
    255 76 255 255 30 191 255 248 161 255 236 16 231 192 255 209 12 82
    255 158 255 255 255 255 158 255 80 54 255 153 114 104 241 209 168
    255 231 162 60 136 255 255 140 238 255 255 255 2 255 255 107 152 255
    255 255 86 191 255 255 213 160 184 239 189 236 255 195 255 103 116
    255 157 142 236 201 255 104 255 255 255 255 255 148 255 4 255 255 88
    52 255 255 255 141 169 255 255 231 116 20 255 255 161 255 255 80 4
    255 111 255 18 42 255 255 203 82 184 255 140 50 32 126 182 221 255
    255 203 255 4 44 146 180 231 255 220 255 255 255 26 126 94 255 223
    255 243 100 240 255 255 255 153 255 220 255 255 255 96 134 244 255
    52 100 255 255 220 255 112 26 255 80 156 255 241 222 56 38 96 62 255
    54 129 30 178 78 255 255 66 255 255 255 122 102 255 100 208 255 255
    40 129 255 255 255 38 255 50 142 70 255 255 66 207 251 255 255 255
    255 189 253 255 255 154 94 255 255 220 255 255 26 181 255 2 153 255
    255 62 50 202 255 20 255 255 142 84 255 255 44 255 255 255 255 255
    255 50 106 255 96 253 62 233 171 255 239 2 255 255 42 255 255 255
    180 255 255 255 255 16 226 235 253 18 255 255 24 255 80 255 255 140
    255 255 30 208 255 128 255 219 179 255 66 255 255 24 255 2 179 179
    255 135 175 255 255 255 255 96 255 255 255 255 255 54 255 244 241
    146 74 255 255 255 255 255 255 88 156 182 251 126 255 54 255 255 40
    54 255 255 60 178 74 144 62 161 203 255 255 102 255 28 118 255 247
    255 255 255 40 84 131 255 255 255 132 48 46 255 104 173 183 255 12
    169 255 127 28 206 175 255 255 62 255 208 42 255 255 90 255 92 255
    199 255 255 255 255 221 255 212 255 255 255 255 14 108 64 50 255 255
    146 210 18 255 255 255 255 255 167 187 255 241 217 254 255 126 228
    255 255 154 255 66 220 255 255 255 255 169 255 255 255 255 255 92 48
    255 255 255 255 255 255 255 255 180 255 219 255 255 152 255 255 255
    255 48 255 140 255 72 255 203 116 138 255 8 255 193 255 255 255 60
    194 227 199 128 137 255 255 103 255 238 32 255 134 249 255 255 56
    160 255 28 255 40 56 156 255 42 255 255 255 255 255 255 255 255 229
    255 255 30 144 255 38 231 255 153 255 255 92 84 255 181 255 152 255
    255 255 225 235 40 255 6 26 255 255 255 207 255 164 255 179 74 255
    255 234 255 255 255 137 255 255 72 255 255 255 255 142 215 140 255
    18 96 64 149 255 246 38 255 255 165 26 60 181 199 255 129 255 216
    255 255 255 255 255 255 255 56 255 133 255 255 28 255 255 139 193
    255 107 255 255 255 144 80 56 255 255 105 255 54 217 255 255 129 255
    204 255 169 255 66 255 68 227 167 255 255 114 24 8 255 186 92 255
    255 165 64 244 255 255 255 255 255 64 255 152 255 255 255 68 8 255
    196 20 255 222 237 243 255 135 255 255 255 255 160 92 255 255 183 72
    255 255 241 74 255 255 255 72 255 255 255 255 255 255 255 255 129
    255 22 255 219 255 255 255 255 255 86 255 243 255 255 129 60 255 255
    255 204 12 255 255 255 255 132 255 255 255 255 134 126 16 255 255
    251 255 255 28 255 136 98 44 255 255 255 255 217 237 176 155 255 255
    165 255 255 30 255 255 103 136 255 4 255 214 195 132 255 255 255 122
    58 239 108 119 255 255 183 28 2 223 48 255 14 28 226 255 50 86 255
    160 255 255 237 56 173 179 255 239 120 0 38 245 255 227 255 255 255
    165 34 207 197 255 255 239 162 255 255 255 255 171 255 123 255 246
    255 195 156 191 255 218 78 104 10 187 255 255 255 255 255 177 255 46
    64 217 164 255 211 255 38 255 172 34 255 255 189 255 255 255 255 255
    193 255 240 195 74 76 141 255 255 74 64 255 255 255 168 16 16 130 98
    255 255 255 60 255 82 42 255 20 255 192 255 82 255 255 154 222 255
    255 226 92 255 255 2 34 34 255 255 166 131 255 255 255 255 144 229
    255 60 185 10 200 255 229 255 255 255 255 255 255 112 30 255 255 255
    255 128 44 219 136 22 191 255 10 156 255 255 255 255 255 110 255 255
    128 255 36 255 232 227 255 40 197 211 255 6 167 110 255 108 46 255
    255 255 255 193 230 255 255 44 90 86 180 255 255 26 255 255 142 171
    255 255 253 72 255 229 255 255 98 134 255 56 44 120 185 207 255 255
    255 152 92 255 190 211 32 255 255 255 255 4 255 112 255 237 12 255
    255 255 255 255 222 255 16 255 255 255 166 221 255 255 255 255 255
    151 215 66 255 255 255 157 195 255 207 100 255 8 72 255 255 42 255
    255 136 255 217 255 14 255 255 255 133 255 255 255 255 150 113 255
    246 74 66 255 20 255 250 255 255 255 255 255 106 255 237 255 211 255
    255 255 255 255 179 12 255 245 173 255 241 44 160 123 110 255 255
    255 255 119 247 234 115 46 255 34 255 255 255 189 172 247 255 255
    255 122 200 255 54 42 255 255 230 131 189 50 255 223 255 255 185 62
    255 255 76 255 104 255 255 60 58 6 255 30 255 255 255 169 255 255
    255 76 255 255 191 255 60 255 192 255 255 255 165 255 176 255 255
    255 199 255 255 99 255 12 255 112 255 6 255 255 255 102 255 8 24 68
    255 255 255 255 255 118 147 255 206 22 90 252 251 255 255 211 255
    255 34 255 255 189 255 190 211 152 255 255 255 255 255 255 30 119
    110 170 227 171 255 255 100 16 255 255 255 191 255 255 255 146 255
    147 255 148 193 58 255 22 255 198 255 255 184 255 203 255 255 255 40
    255 255 170 70 199 255 153 223 255 111 213 255 255 150 40 80 255 212
    255 76 26 181 255 255 255 255 96 199 255 180 223 255 255 123 50 100
    175 255 158 183 255 255 247 255 255 255 255 255 64 255 82 127 40 52
    255 235 186 255 255 188 209 255 255 255 130 140 189 40 255 119 255
    252 255 255 255 24 255 255 245 219 10 247 255 255 255 255 100 255
    235 112 255 58 255 40 64 212 255 36 142 255 152 255 133 251 255 255
    142 255 255 126 255 173 255 136 4 255 242 255 255 255 255 255 255
    255 255 234 211 112 255 245 173 255 255 255 224 255 62 88 239 255
    255 191 255 255 111 255 252 197 255 255 255 223 255 255 255 152 78
    255 255 225 2 255 76 255 252 255 4 255 205 130 255 99 255 255 145
    150 255 82 255 255 189 163 182 90 255 60 74 255 58 255 44 8 255 247
    255 255 255 206 255 201 56 0 229 255 255 54 255 255 231 255 88 70 76
    255 255 250 121 255 76 255 106 62 255 150 98 88 255 156 0 255 255
    245 255 174 255 92 8 213 14 28 98 46 32 255 255 255 131 255 255 255
    34 138 255 130 24 255 255 255 255 255 144 255 241 255 221 239 255
    255 134 255 147 255 232 255 20 255 255 255 64 18 16 124 255 255 22
    255 219 120 255 80 255 255 112 255 18 146 255 255 255 255 255 255
    188 12 0 128 255 255 255 255 167 255 247 249 194 255 255 70 60 215
    128 111 130 255 105 255 255 255 144 120 72 255 255 135 255 255 255
    167 255 255 255 255 255 96 255 105 255 255 255 104 198 255 255 216
    255 255 226 255 255 16 255 221 202 255 255 255 92 132 246 255 255
    255 255 255 255 189 22 255 103 215 212 255 223 255 0 108 255 8 255
    254 215 255 158 161 134 66 199 255 24 183 56 238 80 229 66 255 255
    255 255 179 246 157 255 102 255 203 38 183 255 255 255 201 18 255
    116 188 36 255 184 52 255 255 255 165 255 255 34 58 111 26 255 16 4
    255 255 215 255 255 255 255 255 60 228 255 150 58 247 68 255 255 34
    255 255 255 255 98 86 78 255 72 255 255 106 255 133 255 56 255 152
    252 103 255 255 20 223 80 255 150 255 255 239 255 72 126 255 231 255
    160 255 255 255 255 255 255 52 102 58 205 255 255 243 255 146 98 28
    206 255 255 255 129 40 255 255 96 146 219 255 255 80 114 255 255 243
    10 255 255 244 42 255 255 255 255 142 18 233 255 255 42 255 255 255
    255 255 165 32 8 106 255 255 32 255 255 255 255 255 255 255 255 4
    136 255 251 255 72 58 255 255 14 28 227 255 255 46 215 255 141 255
    255 255 86 255 193 255 255 255 237 120 255 255 255 165 82 160 255
    255 20 54 201 80 22 255 255 165 255 68 173 150 255 255 76 255 255
    255 110 255 255 62 203 255 82 255 132 64 151 255 255 109 255 156 255
    237 202 32 56 226 255 126 238 255 24 255 123 116 255 253 255 255 26
    255 128 165 0 255 255 255 238 215 255 12 84 255 255 255 18 176 255
    193 255 225 199 255 155 167 86 255 235 180 92 94 255 231 169 154 74
    255 255 161 144 34 255 255 158 96 72 236 255 255 255 255 158 196 255
    22 124 255 203 16 255 195 222 72 255 148 255 80 255 255 255 166 147
    255 255 125 255 255 2 136 255 24 255 255 209 90 20 157 22 182 255
    255 255 121 255 80 255 255 255 255 255 8 255 28 140 105 163 255 255
    255 174 255 255 200 255 46 255 12 193 255 255 255 255 251 255 46 223
    213 255 211 201 146 177 255 20 255 255 106 137 255 255 255 255 255
    22 255 228 255 38 255 255 116 255 255 255 12 36 213 244 133 255 255
    255 255 255 197 255 156 58 255 208 255 120 220 255 255 255 42 255
    128 255 215 152 255 255 255 113 78 255 255 78 255 207 32 180 52 255
    255 255 80 110 221 80 255 32 154 212 52 104 255 54 179 34 6 203 255
    255 255 255 177 167 202 255 209 255 145 255 216 255 255 255 10 255
    255 255 160 196 22 255 100 155 255 255 249 130 255 255 255 255 255
    98 54 255 255 134 68 255 255 50 0 255 159 76 86 255 255 255 127 42
    50 107 0 72 14 255 255 50 255 255 137 223 255 255 138 110 157 225 34
    30 255 216 78 255 186 255 255 255 26 16 148 255 26 88 117 6 38 253
    255 152 117 223 255 255 40 255 255 60 34 88 255 218 255 163 255 98
    255 255 255 255 120 255 255 255 255 243 255 255 12 240 255 255 102
    32 36 194 237 255 244 255 175 72 74 24 74 175 255 255 249 255 118
    217 179 255 255 255 2 255 235 38 171 237 230 255 42 255 155 255 214
    143 255 76 255 169 52 255 255 174 82 231 255 76 96 208 255 255 38 60
    177 82 255 255 124 4 243 74 255 255 196 255 158 126 255 0 202 167 0
    255 255 56 34 255 185 214 38 255 102 255 22 255 135 146 255 255 48
    255 255 152 255 229 255 124 255 237 255 4 255 154 255 199 255 255
    183 250 255 72 152 74 255 255 255 152 255 62 130 255 24 255 255 74
    255 102 56 255 114 255 235 126 66 144 255 255 251 156 255 247 6 255
    219 124 255 255 255 255 255 28 189 36 255 137 156 70 26 255 116 255
    255 24 175 255 96 18 255 142 56 8 255 255 255 14 255 173 104 32 78
    255 255 112 255 255 255 255 60 44 86 249 255 255 38 255 176 255 255
    255 10 28 255 255 76 104 181 253 255 161 136 255 255 34 212 255 255
    255 153 255 255 255 18 255 255 44 255 255 255 164 143 255 255 255
    255 255 211 138 255 255 0 255 56 255 26 99 136 248 157 76 30 255 221
    255 177 132 42 255 255 82 255 46 36 255 10 152 60 255 80 62 255 134
    2 130 255 109 34 62 255 30 255 255 78 255 96 255 255 183 255 164 255
    48 28 255 255 255 24 255 84 255 255 255 103 255 255 255 150 56 107
    118 4 185 80 196 255 249 232 251 60 255 255 185 255 185 255 146 255
    54 255 121 255 255 255 255 255 255 128 255 203 235 96 68 179 26 189
    255 184 177 255 142 76 255 255 255 255 255 255 255 255 157 255 255
    255 150 56 255 255 110 151 255 102 44 255 218 99 255 90 175 255 255
    255 255 2 209 14 255 205 116 154 255 18 118 255 255 255 255 229 255
    255 197 192 255 255 228 255 255 255 255 255 28 12 64 255 56 255 255
    197 181 244 255 112 255 255 227 255 255 195 96 155 255 255 0 255 32
    56 255 206 233 255 255 255 255 255 255 255 100 219 255 255 255 191
    54 78 255 255 24 255 255 229 94 255 195 255 255 255 255 255 255 173
    255 0 82 44 255 233 255 255 255 184 18 255 255 255 255 255 255 255
    255 255 255 255 177 70 74 255 183 76 161 179 255 255 136 0 58 255
    216 157 255 62 255 179 255 255 124 255 255 255 255 255 195 44 255 8
    216 231 92 255 48 255 255 255 255 194 195 255 144 48 30 255 255 255
    255 237 255 255 173 36 56 255 181 104 46 255 240 255 54 255 255 249
    255 20 255 250 28 255 124 74 255 196 255 255 255 255 8 66 197 163 78
    255 255 98 199 231 255 239 255 255 255 94 154 185 255 255 115 255
    206 255 165 255 255 64 255 187 255 255 255 255 255 94 255 255 255
    255 255 255 255 255 255 255 16 38 255 56 42 255 20 255 44 90 64 84
    16 255 255 22 105 255 32 10 255 206 255 255 148 90 255 110 141 255
    132 255 255 216 255 96 255 203 255 40 42 255 224 255 193 138 255 255
    188 46 255 255 191 169 152 255 187 28 129 255 244 255 187 255 255
    255 208 225 255 164 113 181 255 78 171 255 233 255 255 167 255 255
    173 255 204 4 124 208 231 173 255 255 227 60 255 255 80 205 255 94
    255 255 255 111 255 78 10 255 190 225 160 255 255 205 255 255 255
    250 115 34 122 173 183 255 36 255 10 181 112 255 255 76 255 255 255
    100 255 90 104 197 219 220 131 255 255 255 165 255 255 90 255 199 76
    190 255 247 255 255 255 255 2 28 255 145 16 255 76 86 146 255 221
    255 255 98 255 255 255 255 255 255 212 255 58 140 62 10 255 255 255
    74 255 120 255 167 140 204 255 255 226 18 36 76 255 32 226 255 255
    255 255 255 255 255 255 255 255 255 255 251 94 98 255 163 234 46 104
    255 255 130 110 227 38 255 171 255 170 255 255 42 40 148 255 141 255
    255 255 128 255 179 187 255 221 255 255 205 217 254 233 255 144 255
    255 244 255 62 255 255 94 255 227 187 255 177 160 255 255 211 255 36
    255 255 185 241 255 255 255 255 127 255 255 255 179 255 245 255 255
    231 209 255 255 255 30 255 223 255 255 255 255 255 255 255 243 245
    214 255 173 255 215 28 148 4 209 56 255 255 74 255 82 10 255 255 46
    60 255 142 239 255 255 255 72 236 98 102 144 205 255 255 121 241 34
    42 106 178 70 66 2 62 181 174 255 22 255 255 255 40 255 255 130 255
    227 240 38 126 255 255 140 255 189 4 174 149 26 226 90 255 186 197
    255 166 50 255 255 255 255 255 255 255 240 255 142 230 255 66 188 16
    132 40 76 255 255 255 255 130 239 255 36 52 30 62 62 44 70 255 102
    88 255 140 255 255 255 160 255 48 178 84 110 255 179 255 210 255 255
    255 163 6 166 255 255 255 38 255 255 255 165 50 135 235 190 133 255
    255 187 193 255 255 215 255 32 255 255 255 80 255 223 78 255 255 82
    255 197 255 255 255 4 182 119 255 116 231 255 246 129 72 200 26 124
    60 255 255 188 247 207 255 129 255 152 255 255 174 66 255 222 255
    173 255 255 255 255 255 255 76 115 255 148 143 211 255 255 255 164
    221 255 255 10 255 198 109 255 255 227 255 255 255 255 255 135 255
    222 221 80 56 255 128 255 255 245 255 255 255 90 255 255 186 255 160
    255 94 82 238 255 255 255 255 86 255 255 255 255 255 108 255 255 84
    255 22 84 202 255 215 255 165 209 238 255 217 6 255 255 255 68 201
    255 90 158 255 255 68 255 255 243 255 153 255 158 211 255 150 56 82
    172 167 76 226 255 72 72 237 229 112 255 36 24 255 255 66 255 255
    255 58 255 30 181 255 255 255 74 140 255 207 255 34 40 255 213 72 16
    255 10 255 255 255 255 255 255 255 199 255 194 255 255 216 255 255
    106 255 68 255 123 255 126 255 255 176 191 255 255 255 255 255 175
    255 255 221 235 255 76 152 156 193 255 255 32 213 255 255 30 162 255
    138 158 46 118 255 255 255 164 255 112 130 181 126 80 145 221 255
    255 213 255 255 255 255 255 255 255 255 255 255 255 255 90 255 54
    236 255 44 180 32 255 255 255 255 255 20 255 96 189 255 255 92 255
    255 105 225 50 219 255 204 155 28 255 255 98 126 133 255 152 255 66
    255 181 255 255 153 92 255 255 235 38 255 255 255 255 229 255 227 72
    255 255 167 255 54 255 2 255 30 22 255 231 58 80 255 234 255 201 250
    255 46 4 255 255 255 86 255 128 209 255 232 145 175 80 255 14 128
    255 255 54 98 255 255 14 255 255 255 255 255 255 205 255 255 100 255
    255 255 255 255 255 212 255 255 132 161 72 232 56 146 94 103 255 255
    255 255 248 255 255 255 255 255 255 255 255 246 227 158 102 255 225
    255 255 36 255 88 237 42 167 255 170 255 14 255 225 52 224 229 132
    255 255 167 226 245 160 100 255 255 255 127 255 232 201 154 255 255
    211 26 46 255 255 56 110 255 111 255 94 60 118 22 229 42 98 105 255
    184 205 255 255 255 30 255 159 255 255 255 255 255 255 255 252 99
    102 255 255 225 198 255 175 66 12 92 255 92 163 182 255 26 52 141
    237 208 249 255 255 255 144 255 255 255 255 255 10 255 255 191 84
    115 187 255 255 74 255 255 126 255 123 58 255 249 255 130 6 255 255
    32 255 50 68 235 255 255 255 144 255 255 26 255 58 144 253 12 255
    173 42 32 255 136 255 255 54 255 193 255 255 24 146 255 171 255 242
    255 40 236 255 72 222 103 255 248 129 28 206 255 255 150 255 239 224
    255 255 255 255 76 255 255 8 255 62 6 100 56 255 255 227 255 255 255
    255 238 193 255 255 255 255 255 165 225 255 255 205 255 86 255 255
    255 8 66 88 255 114 219 255 84 165 255 38 113 255 255 14 255 255 255
    255 255 219 255 255 255 255 255 255 235 255 255 255 255 255 255 138
    233 225 255 22 255 255 255 255 255 28 255 255 2 46 44 92 255 158 70
    255 190 255 255 255 94 255 255 255 255 255 231 255 68 255 255 255
    255 255 20 255 24 16 255 100 10 255 144 216 255 4 152 187 0 98 255
    255 255 255 255 255 215 255 228 255 255 255 247 255 255 183 255 255
    88 154 255 255 255 138 6 255 200 255 156 255 255 235 78 255 255 255
    255 10 255 255 68 255 255 255 92 255 173 255 255 8 255 255 255 102
    255 255 210 12 255 255 255 255 92 48 255 174 32 253 255 255 255 72
    255 255 238 48 114 126 255 229 255 251 64 255 255 96 255 255 134 255
    58 255 182 255 255 255 255 255 255 161 255 246 207 255 42 145 243 40
    255 255 56 255 38 14 171 187 136 255 156 255 255 58 94 255 255 255
    235 255 255 235 116 255 255 255 54 36 94 255 251 249 255 227 255 255
    78 255 255 247 255 2 255 255 230 155 90 76 255 229 216 229 255 60
    255 160 184 255 255 184 255 255 255 255 255 90 131 225 16 78 255 216
    149 255 255 193 255 255 255 255 255 255 255 255 255 255 255 151 255
    255 8 132 255 255 255 255 247 255 136 255 144 0 253 255 82 255 167
    255 255 255 44 105 255 255 16 211 40 147 104 255 255 26 238 255 255
    255 255 255 132 255 70 200 255 221 255 18 255 255 255 102 194 255
    255 40 121 8 110 255 42 255 82 255 255 255 253 202 255 255 255 82 0
    255 92 189 62 249 64 46 94 255 255 255 255 222 82 116 38 255 255 255
    255 255 164 175 6 206 255 231 144 193 255 255 255 255 236 253 34 200
    225 255 182 149 255 255 255 255 154 247 255 56 255 255 128 18 255
    255 207 255 255 249 100 192 243 255 218 0 241 255 255 255 255 255 24
    70 135 136 255 125 120 255 237 255 46 78 255 255 255 187 255 255 120
    236 255 217 255 255 6 255 32 191 255 255 255 255 255 243 255 183 50
    2 255 255 255 145 255 255 255 255 255 255 255 255 255 26 212 155 255
    255 84 255 134 255 80 24 255 255 74 255 173 10 96 255 208 76 175 98
    255 255 255 255 241 22 72 146 255 221 201 255 255 255 255 18 255 202
    255 116 255 255 18 255 255 34 118 255 10 255 10 255 198 255 255 255
    255 255 255 32 255 255 255 32 255 255 255 255 94 12 255 159 150 250
    255 255 62 173 249 255 78 203 255 255 12 255 255 255 255 127 94 110
    141 255 226 255 255 48 255 255 90 255 158 168 115 140 255 255 163
    244 255 255 28 255 195 255 255 255 190 163 24 255 255 152 255 255
    255 255 255 201 255 98 255 226 255 255 246 255 255 102 255 255 255
    139 207 255 255 255 255 255 211 72 163 255 255 145 175 128 255 255
    246 197 255 255 105 28 255 105 217 18 255 30 188 221 128 58 255 233
    70 255 74 142 255 0 255 255 255 255 255 225 255 255 255 234 255 255
    16 255 52 116 255 255 16 221 102 144 157 255 214 255 122 52 233 255
    134 105 255 172 255 255 216 255 255 255 255 20 104 255 255 255 255
    130 104 211 255 52 255 255 255 175 104 255 123 82 172 98 4 2 209 2
    166 253 255 16 255 72 150 255 255 226 255 28 255 52 255 128 84 255
    60 255 255 255 179 255 194 255 223 255 255 255 255 255 187 140 255
    243 255 189 255 255 255 84 156 255 126 38 255 90 4 48 255 36 163 255
    68 38 255 255 255 197 0 245 203 26 255 104 194 209 241 255 255 255
    128 255 128 192 255 122 255 255 255 255 255 255 255 28 84 74 255 255
    26 16 255 16 4 160 255 255 255 94 255 108 62 149 152 8 255 255 255
    201 255 82 255 255 255 255 255 26 143 152 255 171 255 200 255 70 255
    151 255 186 255 255 166 255 255 255 157 255 255 255 14 106 129 193
    255 255 54 172 175 28 108 255 255 255 255 124 28 24 255 136 255 255
    255 217 255 182 255 112 255 115 98 255 255 255 190 255 255 255 255
    255 255 195 6 38 221 255 118 34 255 198 60 253 180 209 255 255 255
    255 92 46 255 255 255 255 54 157 156 255 96 251 8 123 255 26 141 203
    108 255 138 255 16 255 255 22 255 106 50 255 255 119 255 138 78 203
    232 255 6 72 255 199 214 255 44 255 255 227 255 18 255 178 105 213
    44 255 255 255 255 255 248 255 255 255 255 74 255 255 237 255 255
    255 255 115 78 255 255 98 255 255 229 255 207 255 255 181 199 255 68
    255 168 20 255 255 94 255 255 255 255 255 78 112 38 141 68 255 50
    255 255 255 255 76 221 114 138 215 183 124 255 255 58 253 88 96 255
    142 160 127 255 255 227 255 255 239 255 224 153 255 255 255 255 234
    255 255 255 203 255 152 255 243 94 255 96 255 58 233 30 215 255 232
    161 255 255 255 114 255 96 197 255 32 255 255 255 255 96 24 255 62
    56 78 255 249 249 255 101 223 24 103 255 40 255 173 56 255 16 255
    255 255 166 239 255 86 237 255 50 255 116 255 255 255 218 255 229
    146 255 144 96 255 255 255 255 217 255 121 72 92 48 110 36 255 177
    255 255 255 186 34 124 142 223 92 176 255 16 255 24 255 255 239 24
    255 221 199 255 4 173 255 255 215 255 191 163 255 66 90 255 255 12
    218 36 86 255 255 255 255 255 44 255 109 255 255 255 46 158 177 255
    66 255 255 138 191 42 100 109 213 255 189 24 255 209 255 255 255 163
    255 255 191 170 233 255 255 255 106 255 255 255 255 52 38 118 207
    255 255 255 255 72 92 255 150 233 187 18 209 255 255 255 181 208 86
    255 255 245 126 230 66 255 255 255 144 174 255 255 255 239 46 78 255
    255 58 255 255 255 52 32 106 183 60 136 255 255 255 253 255 154 177
    255 255 255 239 16 255 219 126 143 255 255 105 201 106 255 255 92
    223 22 255 255 255 255 76 233 255 255 201 255 239 255 255 255 165
    112 187 68 90 255 223 255 255 255 255 255 255 4 2 255 255 255 8 236
    255 255 255 255 255 130 255 142 238 50 243 255 255 255 232 255 255
    52 235 48 255 165 255 8 121 255 255 255 122 24 255 255 255 255 110
    180 255 255 188 20 255 255 255 255 84 78 118 255 255 255 16 255 255
    255 255 217 36 255 255 255 255 255 255 255 183 206 255 191 48 255
    233 26 255 156 156 255 177 78 255 255 255 255 255 14 123 255 136 235
    112 255 255 243 255 255 255 255 255 255 148 235 255 166 247 221 180
    209 173 255 88 255 206 255 60 210 255 255 252 197 255 255 90 175 246
    255 255 110 255 255 26 60 110 60 239 173 104 14 28 255 159 84 255
    255 255 18 255 255 138 197 96 208 24 255 234 255 255 60 255 255 255
    255 255 255 22 255 68 255 255 252 86 16 255 255 255 255 255 255 255
    129 255 255 255 134 124 255 52 255 10 165 92 255 30 255 22 14 255
    255 203 10 255 60 255 119 255 255 66 175 255 66 219 255 221 255 255
    255 54 68 255 255 100 24 38 88 255 36 255 99 197 255 255 255 190 255
    26 255 255 255 212 255 255 255 161 4 255 255 171 255 233 255 255 10
    207 255 131 120 255 76 255 80 255 158 174 255 239 255 255 247 255
    255 255 255 107 134 122 70 255 255 22 255 255 101 255 238 255 108
    232 255 255 255 255 66 12 64 255 134 70 102 255 255 255 126 243 92
    234 255 255 138 96 255 255 143 255 74 255 118 44 36 201 120 255 255
    14 24 255 84 159 120 236 255 100 132 149 98 128 141 183 255 111 255
    255 143 255 122 255 255 255 34 255 110 48 255 255 173 255 112 249
    255 255 255 209 18 255 255 255 255 58 32 255 255 200 147 255 220 255
    255 255 2 132 255 255 154 178 255 40 26 74 255 14 255 98 128 203 255
    255 187 233 255 255 96 206 60 92 255 229 60 126 68 255 255 42 255
    255 62 124 255 255 128 255 255 255 144 255 173 255 255 215 204 115
    255 52 14 255 255 255 255 255 107 233 240 255 42 202 255 255 255 181
    56 2 255 255 255 255 255 255 221 62 246 34 251 90 70 154 204 255 255
    255 255 255 255 191 32 138 205 179 24 255 255 148 191 84 255 255 255
    46 157 237 255 255 24 152 14 235 130 193 70 255 143 255 240 64 72
    255 14 120 88 54 247 255 99 152 182 179 255 126 117 255 255 255 255
    255 255 255 172 255 255 255 125 120 190 255 255 255 255 181 255 255
    215 255 119 64 182 255 255 255 255 223 110 255 160 2 48 156 255 115
    255 255 72 255 255 255 255 255 255 255 58 255 255 62 84 255 172 255
    156 255 86 90 232 18 255 255 173 255 255 255 255 255 4 225 255 239
    255 255 255 6 255 82 209 255 181 114 255 205 122 112 255 163 255 255
    56 232 255 24 216 99 187 154 255 247 96 74 4 164 209 255 232 78 197
    255 255 255 255 52 255 255 90 102 255 255 255 255 175 255 112 70 249
    100 255 175 120 255 255 122 107 255 255 255 189 58 153 52 255 255 6
    255 255 255 255 103 255 255 173 237 255 255 80 160 66 255 182 255
    255 144 255 255 255 231 12 255 255 255 255 255 237 255 255 255 255
    255 142 220 201 255 118 255 255 174 255 255 255 60 255 255 243 48
    255 255 255 34 255 255 255 78 255 200 183 148 172 157 255 94 199 140
    142 255 255 122 255 255 255 255 255 255 32 215 255 88 66 255 255 255
    246 255 255 255 255 255 255 125 181 132 149 255 255 239 255 255 70 6
    255 155 255 255 255 255 76 58 255 58 255 255 192 255 255 255 36 255
    255 255 136 250 255 205 10 255 24 156 235 255 148 48 215 38 255 255
    255 255 255 64 233 255 255 115 255 255 139 255 58 255 177 224 255
    255 36 177 255 255 167 249 255 86 187 130 255 255 255 255 106 255
    255 30 255 255 255 170 225 255 255 0 205 255 56 255 255 255 255 255
    255 255 255 255 255 255 255 233 255 98 136 255 237 165 120 50 201
    255 255 251 206 255 38 40 255 255 36 141 255 255 255 255 255 255 62
    200 255 255 154 96 14 116 171 239 250 141 191 128 247 108 255 253
    231 164 255 80 224 255 251 246 243 255 216 255 255 32 66 255 134 255
    255 255 255 255 128 255 56 182 255 78 255 133 255 255 151 255 30 255
    255 255 255 255 20 167 255 134 255 150 148 255 255 204 255 165 255
    255 255 254 255 18 255 255 110 16 255 255 255 255 255 255 255 195
    255 255 255 255 255 38 144 255 255 255 255 255 255 255 34 140 255
    255 255 10 255 230 255 255 196 255 191 102 88 255 255 255 146 255
    255 255 192 88 255 126 255 255 36 249 76 46 6 255 216 255 255 162
    255 255 255 255 203 255 94 255 86 255 10 198 165 80 255 239 207 255
    255 0 238 255 255 166 255 255 46 107 96 218 255 189 22 0 255 184 207
    191 255 56 48 48 52 255 255 155 255 162 255 255 234 255 235 244 255
    14 255 145 229 126 255 255 206 80 181 255 255 223 128 26 173 255 255
    0 255 197 255 86 255 0 255 255 58 255 255 36 156 10 255 255 137 100
    255 52 146 255 255 255 255 255 255 174 183 255 255 255 179 210 255
    100 255 229 255 10 255 255 255 62 108 248 255 255 214 255 201 168 84
    255 142 255 2 255 255 106 255 255 255 232 255 255 255 255 255 176
    205 165 255 82 48 255 255 255 255 255 219 255 255 165 255 78 136 255
    36 255 134 255 241 160 255 158 255 255 88 126 255 122 255 229 255
    255 50 255 255 255 60 255 231 255 42 183 255 255 255 24 255 227 255
    246 64 110 255 165 255 255 151 6 30 239 60 54 255 235 255 255 22 236
    52 255 255 153 255 255 255 14 255 229 146 255 62 44 255 255 255 248
    255 255 62 133 8 255 155 255 240 169 44 54 129 249 154 255 160 170
    173 255 255 167 120 255 255 94 255 179 255 0 255 163 255 237 255 132
    255 255 110 195 84 255 189 102 112 255 255 255 255 231 186 235 255 2
    68 255 30 151 255 0 255 205 255 255 255 242 173 227 255 255 255 255
    10 255 106 255 102 255 147 58 255 255 255 255 255 177 255 255 255 68
    90 64 255 141 80 255 44 255 194 42 58 96 255 187 255 255 255 152 72
    235 255 255 70 180 215 108 255 171 255 255 255 140 255 217 191 16
    255 72 184 12 255 246 255 148 255 255 221 244 255 112 240 249 255 42
    255 255 34 251 255 182 255 255 255 96 181 255 255 68 255 36 255 46
    255 231 146 255 193 255 255 158 255 255 44 255 127 148 255 201 8 255
    255 22 255 149 169 255 255 199 255 255 74 255 255 187 54 255 255 136
    251 255 128 159 255 255 111 197 24 255 76 48 255 255 50 32 255 206
    255 112 255 255 255 255 4 255 134 253 255 255 32 2 255 255 255 255
    28 255 255 255 255 36 255 209 220 255 255 254 24 255 255 255 205 255
    38 70 2 153 255 255 255 54 255 255 201 255 255 74 128 255 171 255
    255 255 120 251 255 255 255 179 255 255 44 58 255 82 76 255 72 58 58
    255 255 157 10 224 50 211 255 255 12 255 255 255 255 255 255 255 171
    94 255 80 255 42 127 255 98 111 255 255 18 255 204 101 76 62 255 132
    28 68 255 255 255 120 255 139 255 255 101 120 255 14 78 178 255 255
    22 255 38 240 88 231 146 255 255 98 255 255 255 255 255 255 255 44
    255 255 255 144 255 102 4 255 66 255 255 255 142 99 255 156 249 58
    255 255 255 255 139 255 255 255 255 70 113 255 184 119 255 255 255
    255 255 255 110 255 255 239 255 255 229 80 255 255 255 255 255 255
    255 6 240 255 255 86 74 255 255 177 255 202 253 26 255 145 255 255
    245 255 202 135 96 255 255 237 255 225 205 255 255 255 255 255 152
    136 223 239 190 12 144 192 255 163 244 255 130 96 255 255 255 255
    148 255 255 255 60 255 36 255 255 60 88 30 58 255 255 215 255 46 136
    200 111 255 255 255 255 255 141 48 255 255 124 255 96 255 56 255 255
    44 255 255 192 30 48 255 255 255 142 151 255 255 255 251 255 255 120
    255 229 199 255 255 58 255 159 255 255 255 255 255 255 124 86 255
    255 255 255 255 255 137 255 204 78 255 172 255 90 255 189 84 110 255
    249 255 32 221 10 12 104 255 249 255 164 255 255 255 255 255 255 90
    138 82 255 32 118 255 255 216 255 148 118 20 255 255 255 116 48 255
    255 94 137 255 2 255 233 255 255 10 255 12 183 255 243 255 255 147
    255 255 239 255 255 167 195 216 16 255 192 105 118 252 28 255 255
    241 255 38 255 122 82 255 255 130 255 237 255 255 255 38 187 251 70
    4 255 82 12 255 176 255 177 108 255 132 206 255 255 255 227 255 16
    255 62 255 121 100 255 187 24 138 86 255 144 117 165 190 123 255 42
    255 255 255 255 255 10 119 68 255 78 255 255 82 72 255 255 255 82
    255 108 255 255 255 255 237 122 106 255 255 255 84 84 255 255 255
    172 255 255 255 68 233 255 109 126 255 255 255 255 241 255 114 255
    255 255 255 255 88 255 237 68 255 52 114 177 255 255 129 207 255 187
    255 255 255 175 124 255 255 142 255 255 255 189 30 255 255 255 255
    255 66 94 255 134 12 255 22 255 177 26 255 135 14 134 56 76 255 255
    241 255 225 255 204 255 255 218 255 124 255 86 132 255 255 255 255
    64 251 144 255 130 186 249 167 182 107 255 255 24 223 236 241 136
    255 86 54 190 255 255 255 187 223 255 255 255 255 14 2 255 58 255
    224 229 22 94 255 255 252 255 255 36 255 255 22 239 255 102 2 255 70
    255 183 66 62 227 255 201 52 255 255 255 146 179 255 255 255 106 255
    54 72 88 84 255 255 197 255 164 255 78 255 255 221 98 213 171 108
    255 122 52 215 0 136 255 255 255 255 255 255 255 255 118 255 189 60
    219 255 74 171 146 255 255 255 236 103 201 255 145 92 255 255 201 76
    227 110 255 255 255 130 16 171 255 131 255 255 205 58 164 255 255
    255 201 255 124 255 140 255 20 2 255 227 154 255 155 255 132 191 255
    255 237 255 255 255 96 255 183 64 255 255 253 255 96 62 70 167 243
    210 255 255 68 255 255 255 64 255 102 187 253 255 8 215 84 255 255
    255 165 90 255 185 255 244 241 255 118 255 255 18 249 255 176 255 70
    255 255 255 156 255 255 240 233 255 255 255 94 255 255 255 158 74
    255 255 255 243 255 60 219 40 255 110 14 151 243 255 255 52 255 255
    221 66 115 255 144 247 255 150 217 255 255 2 255 96 229 229 110 141
    255 255 255 255 255 255 255 255 255 255 162 253 255 156 72 64 58 255
    40 50 255 255 255 0 255 156 255 173 255 255 255 255 143 66 142 255
    181 36 255 255 234 38 255 255 255 20 176 68 24 255 131 255 24 235
    112 74 213 146 255 255 255 80 255 255 198 255 152 255 74 183 255 255
    40 255 255 179 160 40 255 255 245 255 48 54 167 255 153 74 255 255
    42 74 175 255 82 255 255 210 127 255 238 255 173 255 251 4 255 255
    255 255 255 98 138 189 255 255 255 255 96 255 72 255 76 78 255 16 64
    122 255 219 40 255 36 32 255 255 255 205 213 122 255 98 255 255 239
    255 255 255 255 255 255 112 26 255 166 255 255 255 143 44 78 255 255
    255 255 36 255 157 104 132 255 215 74 199 255 255 255 255 114 255
    132 255 243 255 180 34 56 255 101 255 30 255 255 255 40 255 22 255
    201 255 143 255 255 255 255 255 255 255 120 46 255 255 255 80 255 96
    255 136 255 255 255 103 255 254 255 52 255 255 255 255 133 207 255
    239 255 46 227 181 255 163 255 255 255 14 255 191 199 198 199 80 255
    107 209 66 255 255 255 255 132 255 50 64 176 255 94 152 119 255 86
    255 72 32 149 255 138 177 245 255 167 12 28 227 116 146 255 255 255
    58 0 250 165 255 255 123 255 168 255 26 132 133 255 168 46 255 76 70
    203 255 16 255 132 4 16 210 8 14 6 255 255 255 255 86 255 233 255
    238 255 255 255 245 207 255 135 255 54 255 255 255 255 255 222 231
    150 46 255 136 220 52 255 255 241 255 255 255 142 255 131 255 132 46
    255 220 229 195 150 221 52 16 88 156 14 255 88 255 101 128 255 181
    116 78 255 64 40 255 70 255 255 255 216 255 255 238 163 120 255 255
    255 76 90 116 214 255 255 228 255 68 106 46 255 70 255 255 232 255
    255 166 227 76 255 88 108 186 20 132 156 255 189 4 227 142 152 255
    22 190 255 2 255 255 68 255 191 255 126 255 142 255 255 255 60 229
    28 255 255 203 255 255 255 20 255 213 255 255 255 242 255 255 204
    187 255 18 165 255 255 255 255 255 8 169 255 255 124 255 181 255 255
    54 30 192 255 255 190 0 134 255 255 231 255 54 163 24 6 255 16 255
    255 12 255 110 0 215 255 64 255 255 255 255 255 54 193 14 236 255 90
    12 219 134 206 159 233 72 88 130 190 115 173 136 52 255 255 255 112
    255 255 146 255 34 253 112 255 187 255 255 74 255 171 152 255 255
    255 255 255 211 160 255 90 60 255 255 255 255 255 106 94 231 126 255
    70 224 255 177 104 16 255 248 22 6 255 115 128 255 133 255 255 255
    225 70 255 255 255 219 255 230 255 130 255 255 108 220 255 48 255
    201 255 212 241 255 80 255 255 140 111 122 255 255 255 255 179 104
    255 255 18 46 255 18 255 255 255 186 255 255 150 255 255 62 46 255
    32 26 255 38 255 255 146 255 255 34 255 255 130 255 255 255 133 60
    238 213 255 255 76 100 230 255 104 255 179 118 38 255 120 255 255
    255 255 255 255 255 255 32 255 255 243 255 131 255 160 255 26 62 255
    46 226 16 201 255 213 247 40 255 255 184 255 255 255 84 255 255 241
    255 255 211 255 255 255 255 168 16 209 202 245 94 128 163 255 158
    241 132 255 255 255 255 255 104 16 255 255 255 255 255 58 255 255
    208 0 163 174 107 255 255 235 112 230 255 62 74 255 132 255 64 255
    255 151 191 255 255 160 255 209 255 255 255 74 152 255 255 180 221
    255 255 4 255 255 101 150 190 20 255 50 255 255 196 255 235 255 255
    255 218 151 255 255 131 255 255 255 255 255 167 146 176 253 255 86
    255 183 255 255 237 255 255 241 170 255 82 255 163 255 255 255 255 0
    255 255 255 255 255 255 255 255 240 38 255 202 255 88 148 153 201 70
    255 255 162 24 255 255 2 227 56 20 255 36 4 255 72 255 255 255 32
    255 255 255 247 226 90 255 255 0 134 166 255 255 64 255 40 56 255
    255 255 255 255 255 0 255 255 109 255 255 40 237 255 255 130 128 255
    187 255 255 255 16 255 255 58 86 46 130 255 148 232 56 255 238 255
    60 232 255 255 255 109 255 14 255 84 255 255 26 255 255 201 70 255
    255 106 255 255 238 46 173 255 133 255 132 255 50 238 255 255 255
    255 255 255 149 255 62 255 191 80 255 255 100 255 255 20 185 221 255
    38 255 255 86 229 255 88 193 30 113 46 82 255 255 255 255 114 255
    175 255 214 84 138 255 255 255 210 76 66 255 255 146 184 255 100 255
    255 154 180 211 106 138 255 100 255 6 66 255 255 255 104 255 255 240
    193 255 68 255 217 255 255 38 114 255 118 255 36 118 198 255 98 110
    255 130 238 255 92 30 185 165 255 26 144 130 255 255 255 86 118 255
    255 255 154 255 255 255 92 158 255 255 146 255 48 255 255 255 173
    255 209 255 136 147 255 122 255 10 18 239 255 160 40 191 255 179 114
    255 255 255 40 42 255 255 255 255 250 255 255 28 255 255 255 255 255
    130 24 32 255 255 255 66 48 255 255 255 255 136 255 255 120 255 255
    116 255 52 255 155 255 108 255 255 255 179 102 188 215 72 255 233
    173 134 255 90 150 255 255 255 255 255 252 255 255 255 58 255 255 99
    154 255 255 140 20 18 255 110 145 255 255 58 160 130 255 52 255 197
    62 255 28 46 174 255 106 255 2 4 255 201 255 255 70 255 20 24 255
    255 255 179 188 145 229 255 153 64 76 219 158 255 62 126 192 255 255
    255 255 48 255 255 255 255 88 255 110 18 20 255 255 223 122 255 255
    255 113 54 230 123 255 255 235 255 36 255 189 2 255 255 255 143 255
    255 255 255 178 82 136 255 247 255 96 233 255 118 255 78 82 211 255
    216 157 239 255 239 255 255 255 255 214 76 94 255 255 255 255 20 255
    255 255 255 178 181 255 98 165 78 255 8 146 255 255 22 255 12 132 80
    255 255 255 133 255 212 255 142 68 255 255 104 255 239 255 137 255
    10 76 102 194 139 223 210 255 255 16 255 255 194 113 6 206 255 4 70
    255 255 18 255 173 255 2 255 88 255 255 255 86 130 8 255 255 212 255
    106 74 50 255 255 171 219 255 119 88 0 255 0 192 42 191 255 255 199
    255 92 78 255 82 64 14 255 255 255 255 52 255 101 82 172 34 225 255
    255 160 102 255 114 146 60 255 255 195 14 206 185 18 255 255 255 255
    147 255 255 255 255 255 14 88 248 251 66 196 255 205 222 103 255 255
    14 108 52 141 187 22 255 255 255 205 255 255 255 36 136 255 255 255
    48 255 134 255 255 255 255 255 146 255 227 230 121 255 255 221 255
    255 255 0 255 145 255 255 16 177 255 147 54 174 233 189 126 255 255
    255 133 243 255 255 255 255 171 255 255 255 132 156 92 255 226 255
    255 126 255 201 255 125 92 255 255 255 186 255 142 110 68 146 140
    231 255 34 0 255 255 153 50 120 255 255 255 177 2 255 255 4 72 201
    255 142 255 255 190 255 14 255 255 6 144 255 120 255 127 92 214 127
    255 255 255 120 255 255 203 255 215 70 255 255 100 255 255 255 255
    255 100 255 233 255 255 255 197 255 98 255 255 255 2 255 255 6 255
    255 255 248 219 142 94 68 58 90 255 118 98 123 255 106 255 175 218
    88 255 62 233 0 255 70 255 255 68 136 28 2 255 110 205 98 255 183
    255 255 72 255 204 255 132 255 255 255 14 255 255 255 249 128 255
    255 112 36 255 197 255 107 255 255 255 255 108 98 74 255 101 255 240
    255 255 255 255 24 255 255 6 255 255 255 248 255 255 220 255 171 246
    255 255 58 255 255 255 64 237 255 255 255 40 255 22 255 141 120 255
    68 255 152 147 28 255 255 255 142 255 132 255 32 191 16 255 152 255
    255 255 80 255 255 255 255 255 255 249 255 255 255 66 255 235 255
    255 255 146 255 38 255 102 255 255 255 255 255 255 255 255 255 103
    132 222 179 255 255 255 14 42 139 50 255 255 255 255 255 255 188 86
    36 70 255 179 255 255 243 136 56 255 255 215 156 122 103 255 6 86
    203 255 255 255 255 133 255 255 255 255 255 255 255 255 255 187 255
    16 255 50 255 106 255 255 217 255 167 152 255 255 10 255 34 255 255
    255 16 255 209 201 202 34 255 255 16 140 14 255 255 255 181 44 255
    255 171 255 52 253 255 255 255 255 171 255 255 117 255 134 137 211
    255 193 175 252 181 221 255 255 255 222 255 255 86 145 237 255 203
    175 32 171 255 255 255 255 255 255 255 28 255 92 255 249 209 255 24
    255 255 255 24 255 255 255 255 255 195 255 255 255 255 255 255 255
    255 255 246 40 255 255 24 219 255 255 255 255 255 255 255 84 255 255
    70 255 255 86 86 220 103 255 230 255 255 130 54 255 255 255 92 234
    163 255 255 101 255 255 113 116 178 255 255 255 255 255 255 255 255
    220 255 217 255 255 255 102 78 72 210 56 203 40 255 255 255 255 130
    30 255 255 255 255 255 10 255 201 255 255 48 118 98 219 136 22 98
    255 133 239 255 28 22 166 255 32 255 255 255 240 28 76 255 34 255
    118 141 255 255 44 171 8 255 255 144 255 255 208 255 108 2 255 255
    186 135 255 255 255 255 255 135 255 64 255 255 64 255 148 255 255
    110 255 255 148 255 255 255 255 255 160 255 42 126 104 255 255 20
    187 255 78 24 255 255 255 255 226 255 106 255 255 132 255 255 175
    124 251 255 255 88 255 255 255 255 240 255 12 255 255 253 238 235 16
    226 255 106 218 255 50 255 255 255 255 171 255 250 255 255 66 159
    255 255 255 223 16 255 231 78 109 255 44 6 134 255 24 100 84 255 255
    255 255 46 162 14 132 255 62 255 255 78 255 255 84 255 255 255 255
    170 183 255 168 255 24 226 255 237 64 255 255 255 255 255 255 24 255
    255 255 60 255 255 255 12 255 72 22 255 167 255 62 255 255 74 102
    228 237 255 255 8 255 255 255 92 255 255 237 255 139 152 122 255 191
    36 167 52 255 105 235 255 231 148 128 255 110 100 105 255 255 255
    255 255 255 255 255 255 6 166 115 255 58 255 217 255 255 203 200 255
    255 255 255 255 102 255 255 100 255 255 255 255 221 238 34 255 255
    255 255 255 255 235 204 183 158 255 255 255 14 30 255 76 207 255 255
    255 235 255 255 86 255 255 10 168 255 193 255 86 255 255 253 255 26
    255 255 22 30 2 255 255 100 218 143 50 255 155 255 110 183 201 255
    255 235 90 50 255 120 233 189 255 255 255 176 255 255 100 187 48 255
    255 255 208 255 255 64 255 32 255 84 4 255 255 255 255 255 38 72 84
    185 255 177 255 255 255 255 255 255 255 120 255 10 255 255 255 255
    255 255 255 255 255 226 255 86 210 255 48 160 125 255 255 38 255 255
    141 255 114 32 88 255 255 100 255 66 255 148 54 231 192 255 255 255
    255 255 255 60 255 255 183 255 178 255 255 255 243 215 255 24 62 164
    127 32 255 255 72 255 255 237 100 255 44 128 255 255 255 159 255 255
    48 255 255 229 255 126 223 255 114 255 255 106 255 136 68 24 96 192
    2 16 255 255 255 30 223 78 200 26 106 255 38 255 52 187 235 174 161
    255 214 255 22 255 115 183 136 255 197 2 231 231 240 109 255 242 123
    255 176 165 132 18 167 20 255 149 255 220 255 255 106 227 229 255
    187 183 255 4 255 255 255 44 158 255 255 255 255 245 186 255 158 255
    26 158 20 255 46 255 255 239 182 233 255 184 123 86 232 129 213 255
    187 255 255 255 255 255 255 255 255 119 255 255 153 255 172 255 74
    255 255 213 255 255 32 190 179 255 255 255 243 180 139 255 230 255 6
    255 255 154 255 215 255 255 255 255 24 99 94 90 255 255 162 255 181
    255 169 173 224 255 255 156 221 4 255 255 255 74 117 255 255 80 255
    255 255 80 216 197 36 60 103 100 140 255 255 168 58 160 255 255 255
    255 255 255 128 179 255 255 213 247 255 48 88 255 50 6 255 221 16
    255 62 24 20 199 150 255 86 255 255 255 16 255 255 213 255 84 185
    255 94 187 255 66 185 255 255 203 255 255 82 230 197 255 14 167 110
    116 54 165 124 255 255 255 143 255 255 255 255 110 255 255 255 20
    255 224 84 255 255 255 185 30 255 255 202 195 255 255 137 136 6 255
    255 255 255 255 122 24 195 156 255 255 180 155 255 255 72 165 102
    255 255 255 241 70 255 64 255 44 255 116 30 52 255 255 233 90 255 38
    114 250 255 42 20 60 241 50 255 255 2 255 235 255 167 255 128 255 52
    255 255 112 212 205 251 176 255 255 255 153 179 206 121 158 255 255
    255 255 255 60 255 255 255 10 48 76 255 191 255 34 255 255 255 179
    255 124 167 255 255 255 255 255 52 255 255 255 255 255 255 223 72
    255 167 255 153 72 255 255 239 255 255 251 212 197 255 255 96 255
    255 255 156 255 255 255 216 255 255 86 52 255 255 125 255 104 48 255
    180 255 255 100 255 255 255 209 255 255 2 255 206 99 181 255 171 255
    255 16 255 230 20 255 255 0 255 255 199 255 255 255 255 168 255 94
    255 179 169 42 127 102 255 255 171 255 255 74 255 84 255 255 90 241
    194 143 108 100 135 255 255 96 255 255 137 191 38 18 255 255 255 255
    80 151 255 210 255 255 24 6 110 255 255 255 108 255 255 255 255 102
    255 255 255 255 255 106 138 255 255 255 255 255 228 171 32 255 255 8
    255 255 255 122 255 255 236 121 181 106 255 36 170 255 255 166 255
    152 62 74 72 124 74 255 255 255 175 255 245 102 184 255 165 80 213
    255 164 42 255 98 255 255 255 159 106 255 255 163 255 239 24 255 255
    76 14 231 255 70 48 213 122 255 130 196 22 255 255 255 173 252 255
    88 255 255 255 176 8 255 255 135 158 255 74 255 94 255 167 255 255
    255 255 255 255 150 169 146 10 159 255 255 255 255 136 255 165 208
    255 118 250 209 255 255 255 239 50 125 108 38 151 217 255 255 255
    255 255 255 255 255 255 255 255 255 255 16 221 232 44 255 255 38 169
    255 241 255 62 255 255 255 255 253 255 219 255 212 255 255 255 255
    255 166 74 193 255 255 255 255 255 255 10 161 32 168 255 255 34 255
    255 142 245 255 70 173 199 112 255 114 106 255 255 255 52 255 255
    255 84 80 255 255 255 255 58 0 117 255 255 255 239 188 109 120 80
    229 255 86 0 255 255 255 255 232 255 66 255 101 80 224 68 163 58 255
    255 16 255 203 64 101 255 248 255 197 38 255 255 38 255 255 16 54 14
    184 169 255 238 199 255 222 255 185 208 255 255 134 255 255 56 16
    207 255 155 255 255 155 255 255 255 74 192 78 179 255 96 255 90 255
    86 255 255 72 66 193 44 255 237 227 42 255 255 202 255 205 242 255
    255 255 44 255 230 90 132 26 111 255 255 225 255 255 211 74 255 255
    255 255 255 102 148 255 52 162 255 255 255 255 255 255 255 255 255
    255 255 255 255 255 186 255 241 255 255 2 255 255 255 208 255 78 248
    18 100 255 255 255 255 82 152 182 255 195 28 38 255 255 255 255 255
    151 237 255 141 60 255 255 201 255 62 255 10 94 255 255 255 255 160
    10 225 255 54 255 255 255 255 184 255 84 68 255 255 255 129 255 255
    255 96 255 255 255 48 175 255 255 255 52 238 255 201 255 255 0 255
    133 255 255 255 76 20 255 255 255 255 42 76 255 255 66 255 255 232
    255 138 255 255 197 208 191 0 82 68 255 255 255 255 98 255 223 230
    255 221 255 255 255 255 255 255 255 66 193 255 255 177 224 16 255 48
    255 116 84 255 98 52 14 132 164 245 26 255 255 255 216 255 167 255
    255 2 255 207 255 122 253 255 122 96 255 78 26 84 40 255 255 90 255
    255 176 163 255 150 243 96 255 255 40 56 221 179 255 255 255 120 255
    255 255 255 255 255 50 255 255 153 255 78 255 44 255 255 169 255 255
    255 255 127 255 194 255 207 64 255 255 255 38 255 116 255 219 255
    255 255 90 255 197 255 255 108 190 255 255 255 255 40 212 201 255
    255 0 0 202 30 255 255 255 217 200 255 165 172 233 255 255 113 163
    28 255 255 255 255 233 8 255 255 250 54 76 255 183 40 214 255 148
    255 229 255 100 255 255 28 181 255 96 76 66 92 207 116 238 58 32 18
    255 255 255 171 255 255 165 255 255 255 255 186 183 255 255 169 255
    255 38 255 255 203 255 14 80 52 255 4 255 255 18 255 220 255 255 255
    255 255 255 255 6 248 255 106 255 145 169 194 22 255 62 197 163 128
    255 70 255 105 201 255 255 94 255 191 255 50 18 255 255 255 255 188
    115 255 166 251 255 202 255 255 24 145 207 156 255 255 255 205 255
    184 255 255 204 255 255 242 243 255 255 147 102 228 255 255 255 255
    108 254 2 255 18 109 255 118 255 255 255 137 255 10 231 255 255 255
    255 160 255 171 255 28 56 255 255 132 46 28 255 255 20 120 162 255
    84 255 141 255 255 101 2 68 255 255 255 24 255 255 139 134 255 255
    255 60 94 32 255 58 197 255 153 255 255 255 255 50 44 255 104 255
    249 255 255 48 255 255 255 255 78 128 98 255 255 255 56 255 255 22 4
    206 255 255 78 255 235 22 22 255 255 171 255 216 163 255 255 255 255
    192 54 255 178 217 231 108 229 66 148 233 255 40 255 46 255 115 255
    255 12 255 86 255 48 18 99 255 232 153 78 254 251 88 70 185 255 10
    255 255 255 255 78 255 185 199 50 255 173 136 255 255 112 255 215
    255 105 255 84 56 255 255 255 110 50 58 209 255 241 255 255 255 199
    255 205 255 56 189 98 255 26 255 106 233 6 154 255 255 68 44 110 255
    255 191 226 169 255 255 159 255 255 255 169 255 215 90 32 255 255
    164 127 255 255 221 217 255 161 92 255 185 255 86 255 24 170 255 54
    2 255 0 255 20 255 255 255 255 112 177 255 255 255 221 30 255 255
    116 255 169 255 255 255 255 255 112 204 255 60 112 255 18 92 255 255
    246 255 255 182 255 255 58 159 112 255 255 231 255 185 255 255 255
    38 132 255 255 255 255 255 40 255 219 255 189 255 255 255 255 255
    255 255 198 217 255 255 255 66 124 14 217 255 255 255 20 119 255 32
    255 255 255 255 207 222 255 126 44 92 255 38 84 255 244 82 255 255
    74 255 248 255 241 255 213 255 255 22 255 18 90 255 255 255 255 255
    56 255 174 109 140 122 255 233 200 255 255 94 193 106 255 241 255
    255 255 14 255 255 72 255 255 241 255 255 46 255 255 50 255 167 163
    48 26 255 146 181 16 178 101 209 190 217 255 255 255 255 255 249 255
    218 255 255 255 50 58 255 133 177 116 109 255 238 161 158 255 255 92
    255 255 225 255 255 205 255 255 70 255 161 255 255 255 255 112 255
    255 255 58 255 255 42 255 255 255 122 255 121 128 255 173 70 255 255
    255 112 209 60 246 255 255 76 255 88 255 255 255 138 255 255 106 111
    205 218 255 255 58 255 255 255 255 98 255 197 255 255 255 50 255 255
    140 104 255 150 34 117 50 116 159 255 116 161 16 102 255 227 255 54
    255 10 255 221 255 183 138 122 84 255 172 66 223 222 255 211 22 209
    255 104 255 229 70 6 255 255 131 217 255 255 44 214 255 253 255 255
    102 44 84 227 255 143 255 152 54 255 255 255 96 255 255 201 198 255
    18 255 253 48 255 255 50 118 40 104 170 255 255 174 255 12 255 255
    255 255 44 217 214 143 173 36 46 255 255 255 195 144 183 100 255 255
    237 192 28 255 255 6 255 255 30 255 90 157 255 255 255 255 255 92
    255 255 255 255 255 111 197 255 255 136 116 60 255 255 255 255 176
    207 255 255 255 22 76 255 104 255 255 255 116 179 255 255 96 255 208
    38 255 255 255 245 26 173 255 255 255 106 255 137 255 16 88 255 255
    255 255 230 58 154 96 255 251 86 255 94 255 99 251 255 133 255 102
    255 98 216 243 255 26 255 255 208 74 235 255 255 237 8 44 201 220 6
    203 180 255 255 202 193 255 112 255 255 255 255 183 214 84 255 242
    135 255 255 255 255 14 255 255 198 255 255 255 165 102 206 255 205
    255 255 255 238 46 255 255 98 255 10 251 34 255 231 255 255 255 255
    22 255 255 255 255 255 255 255 255 86 211 183 72 191 255 42 141 84
    255 185 255 255 255 108 255 255 36 255 255 255 132 255 154 74 14 255
    255 245 255 156 24 255 150 22 255 154 66 255 255 255 229 120 255 255
    255 255 255 255 237 255 255 255 255 255 54 255 255 56 255 255 70 144
    255 193 255 255 255 255 255 90 255 162 255 28 255 251 106 255 56 255
    255 14 255 20 147 209 14 197 255 255 52 64 255 255 98 255 241 255
    218 255 255 208 255 207 12 255 82 252 54 255 134 223 255 255 20 191
    64 255 255 255 66 255 255 44 255 255 197 241 134 205 255 8 151 144
    220 255 136 255 231 255 250 74 223 255 145 255 255 253 255 255 255
    255 255 237 223 2 255 255 255 255 152 40 255 112 255 255 237 255 255
    28 255 255 132 110 255 255 212 209 72 255 255 251 6 255 255 48 28
    255 192 255 255 102 84 255 255 141 255 114 119 255 255 221 160 255
    255 160 48 103 229 184 195 255 255 76 84 255 183 6 90 103 88 255 221
    255 120 255 255 255 157 255 255 255 255 114 157 10 48 253 108 255
    107 158 170 245 249 255 189 193 148 26 221 255 229 255 52 255 98 182
    255 221 255 125 255 242 255 148 255 255 255 42 18 255 24 193 205 92
    255 130 204 255 255 192 18 20 255 255 213 170 191 255 70 249 142 255
    255 209 255 211 255 198 243 255 224 255 255 222 255 255 255 117 255
    255 255 255 255 255 44 148 255 249 255 90 160 46 243 185 255 255 255
    120 20 255 162 253 42 255 255 102 228 101 255 188 255 181 255 0 219
    16 6 48 214 127 255 255 191 255 138 36 118 222 90 255 255 143 14 190
    189 142 50 199 255 56 60 255 255 231 255 255 153 255 214 18 255 88
    243 255 154 62 223 255 255 193 238 255 38 255 255 140 255 60 255 106
    255 255 255 119 138 255 113 255 62 255 82 255 8 255 26 255 219 242
    255 255 255 12 255 255 255 255 255 175 255 44 255 255 60 255 255 204
    255 156 255 125 255 255 223 20 255 253 255 176 255 207 156 84 255
    255 255 255 28 255 255 142 58 158 92 147 2 255 255 255 255 255 255
    255 255 255 244 92 24 186 255 255 220 255 158 255 255 34 255 255 255
    134 86 255 208 167 255 255 255 255 255 255 255 60 115 62 26 255 122
    255 255 44 128 145 255 216 123 255 86 99 255 255 255 144 255 84 163
    255 40 50 255 111 255 255 255 255 140 96 104 30 255 255 94 86 112
    106 255 255 255 255 255 198 255 8 182 183 56 255 159 255 255 255 24
    255 32 255 255 255 255 255 255 255 255 255 181 255 255 255 255 80
    255 216 229 255 255 255 6 255 255 255 52 155 255 220 255 92 60 211 0
    255 255 255 255 255 255 255 241 50 194 255 255 224 255 241 158 167
    34 255 149 255 255 255 100 255 52 24 168 189 112 186 255 124 244 163
    255 118 255 195 230 155 255 78 255 231 255 255 26 62 255 255 255 255
    255 0 105 255 98 255 255 22 255 120 255 255 255 255 255 118 2 221
    255 255 149 255 255 125 255 255 255 199 112 123 221 66 191 255 255
    255 44 255 239 235 28 2 255 255 255 255 255 88 255 255 255 255 90
    159 211 198 54 199 255 255 52 255 255 120 242 255 255 255 68 30 255
    255 255 198 255 255 255 22 160 166 255 175 255 155 255 90 243 0 80
    255 255 250 26 255 70 58 122 216 255 110 255 255 52 255 255 80 0 255
    255 255 199 219 255 255 255 64 56 146 255 255 255 80 255 255 255 26
    255 255 255 255 255 255 255 255 255 255 54 255 255 255 2 225 255 177
    255 255 255 255 82 185 255 255 255 165 136 191 132 255 16 76 255 207
    255 255 191 199 96 225 239 255 90 144 255 127 255 255 255 255 255
    255 255 255 72 134 102 235 142 255 255 255 82 255 98 255 223 255 255
    255 92 255 56 181 255 255 4 24 227 243 62 68 255 255 255 255 52 255
    255 255 255 183 220 4 130 108 255 138 255 255 171 182 255 255 255
    255 255 218 255 48 234 98 255 255 255 183 255 14 255 86 255 28 132
    205 255 178 241 20 38 42 0 255 255 165 255 255 255 255 147 100 255
    255 253 255 255 227 255 34 150 28 36 209 204 255 255 146 255 255 255
    255 255 88 255 255 40 255 100 255 99 163 255 255 255 180 255 146 255
    255 255 48 145 217 255 169 183 255 171 255 138 255 255 150 48 175
    120 255 255 255 255 193 102 40 8 162 255 249 92 247 255 255 141 255
    236 42 255 255 159 237 255 255 255 32 255 255 255 255 255 228 255 98
    42 255 199 130 255 251 24 149 191 86 119 211 255 58 142 188 255 255
    255 119 255 102 255 217 120 255 255 238 255 110 255 255 255 255 231
    255 255 255 255 255 255 255 255 113 140 194 133 255 255 255 249 255
    255 255 210 239 255 106 255 255 234 219 255 255 255 255 255 255 255
    255 68 255 160 82 116 230 113 255 255 165 72 255 255 173 255 127 255
    255 255 255 142 255 255 255 74 233 255 255 255 255 255 209 255 101
    239 172 253 255 255 62 34 194 101 185 48 255 146 255 143 255 10 255
    255 255 255 255 255 165 255 255 255 255 255 255 255 164 46 30 184
    255 255 74 143 84 210 10 229 255 255 90 198 255 255 94 255 255 255
    201 24 255 251 255 84 203 255 255 255 78 255 211 187 218 255 255 255
    153 78 138 255 255 70 68 255 222 115 255 234 155 199 255 251 152 255
    137 64 186 22 255 255 44 16 255 255 76 14 185 215 255 64 40 140 255
    122 70 255 60 34 255 86 156 64 255 255 255 56 250 46 255 90 255 255
    255 38 255 255 255 44 146 24 255 20 74 70 188 10 255 255 255 74 100
    255 255 255 107 255 255 255 167 255 111 84 42 163 255 90 207 255 170
    255 255 32 255 255 255 217 255 255 255 255 196 90 239 182 74 239 146
    127 64 32 255 221 255 46 255 216 255 255 255 22 255 255 255 255 58
    167 255 255 255 255 255 255 48 94 255 209 164 227 106 204 255 255
    114 255 171 250 22 150 158 255 90 88 185 165 255 12 255 252 225 255
    255 255 108 255 255 66 255 255 255 116 88 249 255 255 255 255 141
    255 255 255 255 176 255 78 255 255 255 255 56 255 255 255 255 255
    239 255 72 28 205 206 255 255 255 255 255 255 255 42 66 255 233 160
    255 227 30 255 255 255 255 255 58 255 14 230 72 255 144 141 56 255
    255 255 255 255 20 44 255 122 255 8 28 255 241 78 20 231 126 98 175
    82 48 255 255 158 175 255 255 255 72 255 255 255 208 255 255 246 149
    255 252 223 173 255 255 116 255 255 118 255 64 255 255 149 255 136
    30 255 255 157 255 20 255 255 204 221 255 255 255 2 84 255 26 170
    185 205 226 255 243 255 193 255 255 253 86 194 255 44 198 60 140 240
    255 255 255 143 255 255 163 255 255 50 255 190 50 187 255 255 205 72
    219 46 130 237 156 255 255 150 255 255 255 255 255 185 255 255 255
    104 255 247 194 255 255 255 201 255 44 0 255 255 255 255 255 255 255
    255 255 82 222 255 132 248 255 255 255 139 255 255 255 255 2 117 195
    255 86 207 236 255 255 255 255 110 255 237 88 64 221 255 255 255 255
    255 255 229 255 255 255 255 255 255 255 117 112 255 255 255 146 255
    255 204 255 66 255 56 28 40 24 241 255 147 229 255 129 255 84 117
    255 255 119 223 84 255 154 255 223 255 178 219 199 255 103 255 206
    105 142 190 255 42 255 58 126 255 167 4 255 76 8 255 99 255 156 14
    255 255 255 165 255 255 134 92 213 88 255 255 255 148 255 255 255
    255 10 154 185 245 255 255 136 160 76 255 170 8 255 255 255 116 46
    38 94 255 4 255 255 255 94 255 195 255 255 255 20 162 255 255 255
    255 255 255 121 4 222 255 241 18 229 78 255 255 255 255 255 183 255
    64 247 255 255 64 255 233 140 255 211 96 96 111 241 222 165 134 96
    181 197 255 223 255 104 70 110 255 255 116 90 157 253 70 255 255 196
    255 233 255 215 177 255 255 255 255 255 255 255 255 255 255 66 255
    255 255 177 255 255 255 188 255 255 255 121 54 30 199 185 255 50 68
    210 80 255 140 255 177 28 255 108 124 255 255 190 255 163 104 255
    255 255 239 255 255 113 255 255 199 219 60 255 60 160 255 158 132
    187 96 184 255 255 0 255 42 255 215 255 255 255 219 72 34 255 236 8
    255 178 237 255 102 255 255 14 54 255 30 255 0 50 139 255 255 115
    163 255 82 255 255 255 20 255 255 247 12 255 122 255 255 255 255 255
    255 255 255 255 176 141 255 255 14 94 222 52 245 248 221 94 255 149
    76 255 255 104 224 117 255 26 101 207 46 48 255 255 255 255 255 255
    255 255 255 255 218 255 104 255 211 203 255 255 255 255 14 122 126
    219 104 255 155 126 188 82 26 255 255 255 16 201 128 104 255 130 255
    185 255 88 36 255 68 255 28 170 255 255 108 70 255 255 255 255 255
    12 255 255 60 255 255 255 255 255 255 255 255 255 255 255 255 255
    252 255 237 94 235 156 255 145 255 244 66 22 102 107 255 255 237 14
    255 255 229 255 193 255 72 167 255 166 76 76 255 255 80 170 255 255
    150 54 30 255 185 146 255 46 255 180 255 134 255 255 255 32 255 255
    158 255 255 255 255 169 255 255 255 134 255 18 252 255 102 38 127
    255 22 66 255 148 255 209 126 255 207 98 255 82 255 183 247 88 255
    187 255 255 134 255 255 167 255 113 175 255 255 255 255 255 229 255
    255 255 255 255 78 248 28 167 70 215 255 255 171 183 255 92 132 255
    255 233 255 255 255 255 221 255 255 255 138 255 255 22 0 60 22 90
    255 255 170 247 255 255 255 160 134 255 255 206 217 255 255 66 134
    255 133 255 150 68 255 216 111 255 102 94 100 116 255 255 255 255
    118 166 255 255 68 255 215 74 145 78 156 105 255 150 253 255 26 187
    255 70 255 255 255 10 255 228 255 255 255 255 255 255 255 255 26 255
    187 255 255 189 255 255 88 76 255 255 252 201 255 4 251 102 78 255
    189 178 90 255 255 255 255 255 80 96 24 255 255 255 72 68 90 221 88
    78 191 255 255 255 255 255 173 237 255 4 173 0 255 255 152 255 201
    180 64 122 255 201 140 255 217 165 255 113 255 50 96 169 140 255 4
    42 68 255 212 255 110 255 48 255 82 255 183 255 255 114 234 50 22
    168 255 132 54 205 255 30 255 255 28 94 116 2 255 255 68 255 255 255
    34 150 255 255 221 40 48 140 156 207 32 178 255 255 72 163 189 255
    255 255 24 30 255 255 219 14 64 141 185 246 255 165 98 18 255 255 24
    120 255 255 255 124 255 255 255 255 52 255 255 4 255 255 255 154 201
    255 255 24 12 255 255 150 255 247 106 118 8 46 222 255 120 255 255
    255 255 111 223 255 255 255 106 255 136 138 233 2 255 255 173 38 255
    255 154 255 255 255 68 255 255 189 58 152 109 255 30 113 255 255 6
    255 218 255 189 255 153 255 255 72 72 20 68 255 158 255 255 230 165
    255 60 255 96 204 115 16 100 107 158 246 255 32 172 129 255 255 32
    171 255 255 255 255 255 255 16 255 255 255 30 231 156 209 255 255
    211 255 255 227 255 255 255 235 250 255 8 120 255 255 234 255 255
    224 255 255 156 255 118 255 255 255 255 177 66 236 255 62 255 177
    100 255 255 255 255 255 64 168 255 66 214 255 255 255 217 152 255
    233 255 255 28 255 255 255 56 148 255 179 255 255 255 255 149 255 62
    99 255 255 255 255 255 191 255 255 255 243 58 255 221 10 169 58 255
    255 46 255 96 60 255 181 20 202 255 96 142 255 82 255 255 8 136 48
    42 255 255 98 255 131 255 255 94 64 160 255 231 255 173 2 16 255 94
    255 255 48 28 255 26 255 125 241 255 181 255 226 149 255 255 255 30
    28 66 86 194 255 255 68 117 255 255 255 116 255 255 241 255 253 255
    255 48 42 255 255 98 162 255 255 255 255 255 134 193 108 255 213 255
    124 255 86 88 74 118 74 255 88 255 133 241 255 131 255 242 255 255
    42 255 255 255 18 175 182 14 185 255 133 193 120 163 18 255 255 255
    142 255 203 112 72 255 255 80 183 255 255 255 132 255 82 36 255 255
    60 255 255 182 219 255 52 255 148 10 255 255 244 18 255 210 255 0
    182 235 255 104 32 112 58 255 255 18 255 100 255 197 255 148 20 154
    255 127 138 250 50 255 255 255 60 86 255 96 12 255 144 255 255 255 2
    255 225 255 191 90 255 255 100 255 181 241 255 173 255 255 255 100
    62 255 255 255 255 255 52 62 255 120 72 110 200 38 229 255 255 94 18
    38 102 255 255 193 255 137 58 255 255 173 10 255 215 255 255 255 255
    255 255 255 149 98 255 255 255 58 0 255 255 94 255 172 255 86 96 225
    50 255 255 255 36 255 255 255 255 128 210 169 221 255 54 255 104 165
    255 255 255 36 255 255 255 80 149 227 96 131 74 180 255 4 255 74 189
    255 229 255 255 125 42 64 255 0 255 255 255 226 255 255 206 255 255
    168 255 255 64 255 255 255 255 140 126 127 255 255 34 255 255 255
    255 228 137 255 110 22 255 255 255 102 246 255 24 255 255 16 255 255
    255 110 237 160 106 255 78 255 165 255 255 255 16 50 183 239 178 255
    215 2 255 152 160 255 100 26 28 255 255 237 255 34 2 255 182 255 255
    142 255 255 255 181 140 212 255 255 140 107 255 255 2 255 16 255 102
    50 105 255 255 255 255 92 10 255 255 203 255 255 117 255 255 255 183
    255 255 72 28 58 255 36 255 26 255 40 152 255 255 203 180 255 193
    104 119 255 255 255 255 154 147 255 255 255 255 206 255 90 204 255
    241 255 255 163 194 255 255 255 209 203 255 255 255 166 255 255 255
    255 215 255 46 255 82 255 255 22 28 203 92 255 255 204 255 197 255
    255 255 255 4 227 170 54 191 116 115 255 255 255 255 20 221 148 255
    183 255 94 255 32 0 255 144 255 255 227 14 255 255 146 255 156 255
    209 152 255 123 255 2 0 255 255 255 146 255 255 255 112 255 255 36
    84 100 140 149 255 255 255 96 255 255 245 108 90 193 44 255 211 182
    255 255 94 201 255 198 177 72 255 139 44 255 255 68 255 255 255 255
    255 255 255 4 225 224 255 92 255 255 255 255 255 255 170 255 255 255
    255 94 38 251 122 200 255 255 255 155 189 255 255 189 246 255 118
    224 70 163 24 255 132 110 155 169 96 255 40 255 137 6 255 253 255
    196 255 52 98 28 26 255 255 255 255 255 193 138 86 96 78 255 6 255 8
    255 176 255 187 255 255 136 255 86 150 2 159 58 110 255 223 114 219
    136 255 213 225 255 255 255 150 185 249 255 255 165 24 82 255 92 237
    30 255 255 255 255 255 98 134 163 219 255 255 255 255 255 255 255
    255 209 144 255 134 255 255 255 255 255 90 255 255 255 255 255 207
    118 99 20 212 34 20 255 255 255 50 255 116 255 60 42 255 16 255 255
    24 189 140 40 34 255 38 255 255 18 255 255 38 56 100 255 126 255 255
    255 255 52 187 255 213 255 255 201 219 90 255 74 255 151 255 26 151
    136 255 255 255 255 195 104 174 255 171 32 121 34 255 107 209 112
    221 4 254 253 255 255 255 225 255 255 255 255 255 255 255 255 70 255
    255 245 255 175 16 42 28 78 198 255 255 118 255 197 255 54 94 255
    123 255 255 255 132 34 32 255 134 255 255 204 255 255 4 237 255 100
    255 32 255 58 156 255 34 255 255 255 255 255 255 255 38 42 255 136
    255 255 162 255 255 0 255 2 255 131 255 220 185 134 255 185 255 255
    30 255 10 109 255 72 213 255 140 173 197 255 255 241 38 133 60 255
    58 64 255 255 187 255 99 120 192 78 195 255 94 255 10 74 255 96 255
    255 182 68 255 146 42 56 255 131 255 0 175 255 32 255 156 254 62 255
    255 255 255 255 255 2 180 255 140 98 255 255 255 94 255 84 255 229
    222 173 154 255 8 255 222 255 42 255 20 255 92 36 255 40 255 255 255
    255 88 204 10 255 94 255 175 118 255 211 255 255 255 98 211 255 255
    255 255 110 255 255 255 255 255 10 76 255 36 32 8 192 255 52 146 255
    255 120 197 255 255 255 255 42 48 165 102 255 146 255 255 255 255
    253 100 252 159 255 52 255 104 255 239 255 18 255 132 122 99 255 255
    205 255 32 239 255 224 60 227 78 241 6 255 255 158 142 255 211 174
    131 62 255 109 255 255 66 255 255 255 243 172 255 54 0 255 255 220
    255 255 255 255 10 96 255 195 255 255 62 54 255 148 138 245 255 255
    255 195 255 203 255 140 221 201 255 223 255 44 255 255 68 157 255
    255 255 54 255 255 255 22 237 34 32 255 255 255 68 255 255 221 255
    255 255 255 255 167 255 116 255 249 255 245 255 90 255 98 158 105
    255 10 255 156 182 255 26 190 255 255 255 161 14 232 32 255 255 255
    213 255 255 245 255 209 108 204 98 255 255 173 163 4 255 255 0 255
    255 255 255 76 255 255 108 6 209 112 255 255 80 212 22 92 255 255
    255 255 255 255 255 243 255 180 255 86 62 131 255 116 64 72 16 255
    255 204 16 255 255 255 241 150 217 255 72 109 50 255 46 221 255 255
    255 255 18 46 226 255 255 255 235 235 255 72 255 30 255 255 255 255
    255 255 139 20 252 205 255 88 14 255 255 223 128 136 255 255 255 255
    255 255 203 46 255 193 255 255 105 154 255 255 255 255 255 255 255
    255 255 128 255 255 255 56 255 255 8 255 108 255 255 0 84 22 212 255
    255 70 183 255 255 255 255 208 195 255 255 255 255 255 227 255 255
    255 203 184 42 255 255 237 255 178 46 255 242 125 223 255 191 199 48
    255 52 255 80 255 255 255 50 255 255 255 10 72 221 255 255 255 120
    86 255 176 255 255 158 96 255 158 52 138 134 70 255 146 255 255 255
    159 255 255 255 199 255 185 255 96 255 255 255 223 255 255 215 255
    26 229 255 50 255 52 162 255 255 255 249 104 255 255 255 255 123 255
    255 255 255 22 86 255 168 241 255 60 255 255 255 159 183 255 145 239
    52 255 255 255 255 255 255 181 255 0 255 48 166 147 255 30 255 66
    100 255 255 74 255 255 30 40 255 255 255 255 112 243 0 76 255 183
    255 255 255 255 255 255 255 223 255 14 255 255 255 255 24 160 10 140
    100 32 213 255 255 231 255 68 68 255 197 68 254 193 102 182 16 255
    158 255 255 255 255 255 132 255 255 255 255 38 64 255 255 255 255
    255 174 213 255 176 255 255 255 165 255 58 149 233 255 86 191 255
    255 255 255 175 185 255 223 255 255 255 255 252 54 191 255 255 130
    255 255 207 255 255 255 255 217 26 255 94 207 255 159 237 134 255
    255 96 8 160 255 255 8 255 221 72 255 44 90 236 189 44 58 217 255
    255 255 253 70 28 255 255 255 255 10 38 82 122 86 4 255 255 255 255
    255 255 160 119 60 68 255 66 255 255 163 255 255 255 188 255 173 255
    215 255 255 22 255 198 34 255 255 255 255 126 255 44 60 191 255 142
    145 255 232 219 92 38 255 255 255 255 255 255 255 197 255 255 163
    255 255 255 156 255 134 255 255 255 255 255 255 255 149 255 255 34
    227 255 255 255 255 119 171 255 255 241 255 207 118 255 24 255 255
    255 183 255 195 100 255 173 255 255 133 150 255 255 62 72 50 255 255
    255 255 255 28 255 228 255 78 255 44 108 255 255 191 24 255 60 182
    60 16 255 255 2 140 243 255 2 209 255 114 121 106 255 171 74 255 255
    255 80 255 255 120 255 163 255 147 241 88 255 10 232 149 76 255 50
    18 255 193 255 0 70 239 86 255 217 164 147 255 255 255 255 152 255
    138 255 255 255 92 255 108 100 163 28 122 255 18 255 255 255 255 255
    255 255 255 255 255 143 165 112 2 255 38 157 237 255 255 144 255 143
    120 255 137 255 188 181 154 202 255 255 255 24 255 255 255 255 255
    58 255 158 6 144 120 96 183 255 78 64 255 255 70 255 151 255 255 255
    255 8 2 255 255 233 62 204 255 195 255 255 255 255 38 241 98 255 175
    255 255 163 255 255 255 255 255 255 255 255 52 255 255 251 104 125
    255 188 163 96 198 255 255 12 255 26 255 255 255 255 20 106 56 96
    255 255 255 189 36 60 181 58 255 46 255 98 255 255 255 255 255 187
    191 202 139 88 66 255 0 148 255 255 255 255 255 0 255 255 255 68 255
    68 68 30 118 255 241 164 255 255 255 139 255 222 255 255 255 255 255
    108 24 255 255 4 255 120 255 56 222 127 255 8 129 255 255 50 100 64
    255 175 255 255 255 255 76 229 255 121 209 40 143 98 230 205 50 255
    32 255 44 255 255 132 231 247 118 255 110 255 211 255 255 255 255
    255 147 255 255 255 255 255 243 255 255 149 255 255 0 255 255 255
    255 255 255 126 78 255 255 255 255 255 38 223 255 224 255 112 255
    207 142 255 125 181 194 255 255 18 44 255 255 129 30 255 191 138 76
    38 255 255 255 199 255 255 122 255 255 249 142 58 255 255 255 116
    218 129 255 255 219 255 32 14 197 134 255 255 20 199 50 58 229 112
    136 56 255 244 6 255 255 193 255 170 255 12 255 255 255 78 255 255
    68 209 158 120 199 88 255 199 255 136 243 255 200 28 255 255 175 120
    255 90 255 36 153 255 94 255 255 190 255 169 224 135 195 208 255 138
    74 181 255 38 60 72 156 161 255 110 221 215 255 255 255 255 255 132
    255 255 181 248 48 84 120 255 255 255 62 62 78 255 255 255 233 255
    255 255 110 255 58 148 246 109 167 220 36 255 255 255 255 255 255 84
    255 58 255 255 255 255 255 157 255 255 167 74 255 255 255 66 107 255
    255 26 44 255 255 60 238 255 223 120 255 255 172 255 10 255 12 255
    124 245 255 112 205 255 255 171 28 154 58 211 255 171 138 148 255
    118 38 20 255 255 30 255 255 123 255 255 255 255 255 30 255 230 121
    255 255 123 255 158 255 255 248 247 255 255 123 62 255 255 255 46
    189 160 52 255 255 255 255 255 200 255 86 255 26 86 238 16 90 88 219
    197 34 255 255 255 255 183 252 255 171 84 255 110 46 32 22 156 72 16
    94 255 255 142 255 72 255 207 152 255 255 255 255 165 255 255 54 58
    20 205 225 68 255 255 255 255 255 102 94 171 255 125 82 255 255 255
    255 255 255 255 219 74 255 42 193 255 255 255 255 32 18 255 115 160
    128 30 16 255 255 138 255 255 255 190 255 144 134 255 253 80 64 255
    100 68 255 255 66 66 54 255 255 28 255 110 255 255 193 90 255 28 22
    255 255 68 255 255 126 255 78 88 255 255 34 187 255 255 255 191 0
    255 64 60 30 68 58 169 177 255 215 148 255 255 255 84 217 255 255
    143 247 244 255 255 255 62 255 255 255 70 170 255 255 255 255 247
    255 255 96 202 223 255 255 255 255 202 227 183 82 30 255 180 255 255
    206 163 255 255 255 185 255 255 54 214 255 255 255 255 14 124 80 104
    74 141 255 74 255 255 255 255 255 255 255 255 136 255 92 255 221 152
    96 90 32 196 255 227 20 255 191 255 255 0 34 109 255 208 86 26 255
    255 255 255 255 255 255 255 255 255 255 255 255 255 255 50 251 223
    255 133 255 146 255 255 46 255 66 255 255 255 255 255 255 255 255
    255 222 255 16 78 255 255 255 22 48 255 255 88 255 66 255 255 54 255
    255 235 255 255 255 255 255 161 6 178 255 255 86 233 255 94 255 255
    142 58 28 255 187 255 255 183 56 255 99 158 218 237 255 104 143 255
    255 255 255 42 135 12 255 12 54 255 107 38 54 255 255 238 78 94 255
    255 86 255 255 255 255 255 255 6 255 255 255 255 255 255 229 255 255
    255 247 255 255 56 210 255 255 138 255 78 98 255 255 250 141 213 74
    255 132 18 255 255 46 181 255 255 255 175 255 255 255 255 255 255
    255 187 177 138 181 169 255 133 255 134 255 253 42 255 255 255 30 96
    130 165 255 166 255 233 255 255 255 255 219 249 238 66 255 255 255
    255 6 255 249 138 255 215 255 189 122 255 127 255 255 255 239 255
    255 255 126 209 255 255 255 126 180 165 247 60 20 219 132 255 142 74
    255 255 246 255 255 255 175 255 255 171 38 255 223 64 255 113 199
    242 255 175 255 255 255 255 241 70 255 255 114 255 34 255 166 255
    255 255 255 255 255 255 255 255 255 38 255 255 255 255 231 8 160 155
    255 255 20 128 255 255 12 255 247 223 255 255 255 255 229 120 62 175
    251 64 46 205 114 255 255 180 255 255 255 34 255 255 34 84 228 255
    255 182 125 255 255 255 213 240 6 32 206 255 255 255 255 237 255 125
    255 160 10 156 255 255 255 255 133 213 32 169 249 12 255 193 255 86
    70 255 217 255 96 255 6 76 255 6 255 255 255 94 255 96 94 103 255
    255 255 255 255 32 255 255 255 255 92 255 211 255 255 171 255 60 72
    6 255 14 126 255 207 255 199 255 255 201 255 255 255 12 255 255 251
    255 255 181 168 255 255 255 255 255 134 255 255 255 203 255 255 255
    219 255 255 223 54 255 255 255 255 249 255 255 191 255 239 255 255
    40 116 248 255 120 22 159 219 66 255 255 255 82 64 2 255 255 255 197
    235 168 255 255 182 255 128 202 209 255 255 30 255 202 255 207 255
    197 255 255 255 255 250 255 158 200 0 255 76 255 255 255 255 26 255
    143 255 216 141 255 255 8 8 42 135 255 255 255 199 255 255 4 255 99
    255 80 243 62 255 255 255 255 4 197 104 255 82 42 255 255 18 88 255
    255 255 156 255 88 255 255 255 195 255 119 86 255 255 118 255 113
    114 255 149 255 124 92 255 218 255 219 255 139 191 255 255 152 255
    169 255 28 255 146 255 255 255 255 255 255 255 255 255 255 255 96
    255 241 255 240 251 58 32 255 177 255 255 255 255 40 255 174 255 223
    255 52 255 255 255 255 38 255 82 255 255 255 196 255 255 255 22 255
    88 239 78 255 163 22 100 255 211 255 121 126 252 239 255 255 255 38
    186 255 255 166 38 12 106 159 92 94 255 255 255 255 255 250 113 255
    16 94 251 220 255 215 255 255 255 126 255 14 16 72 146 255 255 74
    238 255 104 255 68 255 255 119 44 255 255 32 255 24 126 255 255 255
    76 163 48 44 46 255 162 42 8 168 235 255 255 197 255 92 255 12 56
    113 120 12 22 255 255 255 255 46 255 44 90 255 255 255 255 255 255
    139 255 255 20 217 255 161 255 255 255 255 104 255 207 218 18 255
    255 70 163 94 205 102 122 127 255 80 255 255 186 255 152 255 255 255
    18 32 245 255 255 189 124 255 34 34 92 255 255 215 255 210 211 255 0
    255 255 255 255 255 255 133 154 118 195 255 234 255 199 255 255 255
    255 181 255 255 6 54 30 255 62 144 255 255 255 255 50 255 235 193 76
    64 255 255 255 255 255 121 255 114 119 255 254 255 104 10 28 255 0
    255 90 160 255 255 255 255 255 136 255 243 246 255 183 255 255 124
    255 32 114 255 255 255 255 255 68 54 255 229 134 255 255 255 255 60
    255 60 66 202 2 156 255 255 255 255 255 40 2 199 255 255 255 124 0
    255 255 255 255 255 0 203 104 140 255 58 212 255 108 4 255 255 108
    255 255 255 255 255 230 205 255 230 243 124 16 255 255 190 255 255
    255 255 18 148 145 199 60 16 183 255 173 255 182 255 134 56 255 26
    248 197 171 255 44 255 255 54 255 255 239 124 86 96 255 255 125 255
    255 22 118 140 255 255 82 197 104 12 255 146 255 209 255 255 22 68
    72 143 102 255 163 209 255 255 40 255 255 40 255 255 207 255 255 255
    16 255 58 255 255 255 255 255 251 255 255 255 255 255 88 255 255 255
    255 255 60 92 255 8 255 98 134 80 223 255 30 247 243 188 255 148 104
    159 70 255 94 255 248 127 255 255 98 255 255 255 255 138 133 255 26
    233 255 52 8 255 248 101 255 136 62 68 255 185 255 255 255 116 142
    255 255 255 107 241 255 255 86 255 255 92 174 199 255 255 88 229 10
    30 44 94 255 94 255 173 44 6 16 114 255 255 255 255 255 255 255 255
    255 255 255 225 68 255 255 104 255 255 20 255 245 224 255 255 255 22
    169 255 68 255 138 26 255 246 255 237 255 255 255 16 255 255 14 64
    36 66 255 255 255 255 132 120 105 253 104 177 255 255 169 213 255
    123 255 52 173 255 236 255 62 48 255 255 255 255 255 28 255 255 94 8
    255 255 251 185 255 96 255 255 255 255 242 28 255 56 98 104 64 255
    255 255 255 215 255 253 66 42 255 255 255 255 205 146 237 68 44 143
    255 144 255 213 118 255 118 255 133 255 255 223 255 255 82 219 255
    255 14 255 255 255 246 255 209 194 249 255 255 255 255 218 223 255
    255 255 255 252 255 26 255 46 255 255 255 255 255 239 255 255 18 255
    212 121 255 255 119 255 166 251 199 0 255 56 255 255 255 255 14 58
    90 255 255 254 70 255 80 255 255 255 223 255 98 255 0 255 255 255
    110 167 255 255 231 255 244 255 100 186 159 255 110 241 130 255 50
    14 64 127 243 94 34 255 150 255 255 140 201 148 20 255 255 86 255
    116 255 161 255 180 255 255 255 163 171 28 255 0 254 86 237 102 233
    255 166 227 255 130 52 251 12 255 50 40 255 227 24 255 255 255 241
    255 110 255 231 118 255 223 255 60 96 255 181 255 220 22 255 8 255
    249 54 88 255 255 185 255 114 137 255 255 189 72 255 255 22 255 255
    26 255 117 235 188 255 255 255 103 179 152 249 255 44 255 255 255
    255 255 254 255 255 44 255 217 255 223 255 58 255 255 255 90 36 24
    36 221 148 191 108 255 255 58 158 219 255 152 115 92 255 32 169 212
    18 255 116 255 255 254 255 255 198 255 185 255 113 235 255 255 132
    255 96 255 255 255 255 255 255 255 146 255 255 255 255 255 255 255
    233 212 255 255 100 80 217 255 161 255 255 20 255 255 183 152 236 98
    64 192 255 185 242 255 255 255 90 122 255 255 227 250 22 247 255 255
    146 108 255 116 104 209 255 242 80 16 255 255 42 46 255 28 34 66 58
    255 255 255 255 255 255 255 255 203 255 255 255 255 255 255 255 255
    146 108 229 112 255 14 54 248 255 255 172 255 251 98 12 255 120 255
    255 12 107 66 16 117 255 224 255 255 4 197 96 255 255 18 110 48 255
    255 105 255 42 255 255 255 255 255 80 117 108 72 255 78 255 217 217
    255 10 255 255 247 255 216 255 255 62 255 255 255 255 201 100 255
    255 255 255 2 126 255 255 255 255 255 112 255 255 255 255 255 255
    255 6 246 255 255 255 101 255 120 113 255 110 125 0 255 189 255 76
    255 255 255 225 255 120 255 251 46 131 255 255 255 255 8 119 255 255
    255 255 255 96 255 122 239 96 144 255 50 255 255 136 174 183 44 255
    52 90 255 255 255 44 66 255 248 171 92 206 129 255 255 58 255 255
    181 255 255 6 66 255 121 183 255 90 201 128 60 255 255 143 2 126 30
    255 126 255 255 255 255 175 255 239 255 255 255 255 255 139 255 255
    235 255 255 255 118 255 203 245 62 255 255 255 223 255 124 255 255
    242 255 255 186 143 128 162 54 112 76 255 211 12 255 64 255 255 118
    72 255 255 255 181 38 255 8 106 130 203 255 32 255 255 230 169 171
    255 58 34 255 255 255 248 249 255 208 255 255 255 151 60 158 255 255
    34 255 255 232 255 167 246 32 173 255 121 136 255 255 154 255 34 233
    12 40 255 255 255 255 255 255 255 255 255 255 218 34 34 255 255 104
    255 255 255 255 255 154 255 157 18 48 161 195 255 125 255 48 223 26
    22 68 118 255 177 255 108 151 255 255 18 6 255 255 255 102 101 255
    132 255 255 90 255 255 255 255 249 82 127 144 255 255 255 255 251
    255 255 56 255 255 255 255 204 48 213 152 109 255 255 203 235 255
    255 255 28 187 255 255 99 144 255 56 255 12 255 140 255 255 158 255
    113 217 255 111 255 255 255 28 40 255 255 255 255 255 158 92 64 255
    255 30 90 255 255 255 219 255 255 255 197 76 255 255 255 189 42 255
    179 100 255 255 64 204 173 255 255 10 112 100 70 255 250 163 255 255
    255 187 152 255 221 255 26 255 210 255 22 22 255 138 255 149 4 255
    255 255 156 233 255 255 255 195 48 231 255 255 52 255 255 46 78 64
    255 227 144 255 32 22 10 255 128 255 255 255 205 255 255 50 255 164
    99 255 255 201 130 255 255 255 172 255 255 128 255 255 30 255 60 255
    241 82 72 98 255 255 145 255 255 255 255 255 255 64 32 149 46 174
    173 255 255 255 255 255 127 255 144 255 227 255 255 241 255 149 255
    32 151 255 182 165 255 230 255 255 255 255 40 255 255 48 255 195 255
    255 255 255 216 255 255 254 255 76 90 255 255 188 141 50 54 255 255
    255 187 255 214 74 255 32 255 255 128 255 255 255 197 98 100 127 255
    190 6 255 196 117 22 142 251 14 255 201 255 250 255 160 255 255 82
    255 74 255 200 107 243 150 14 255 174 255 255 255 255 255 255 6 38
    255 255 255 255 255 177 44 163 255 255 203 255 255 44 255 162 255
    255 132 249 255 255 46 255 244 255 88 255 255 255 255 255 195 255
    255 255 70 255 255 255 255 4 255 255 255 255 255 255 128 10 255 255
    173 104 192 211 255 255 24 195 255 255 255 32 26 255 194 255 255 78
    255 255 255 239 173 255 187 255 100 113 233 255 255 106 255 255 98
    255 197 179 54 255 154 255 141 255 255 255 74 255 255 255 255 94 221
    94 38 255 255 255 235 180 255 255 202 255 185 68 255 255 255 119 72
    255 255 245 52 119 140 204 175 201 255 255 255 160 181 255 255 255
    255 20 235 54 255 185 255 74 255 255 255 255 20 44 157 255 2 255 148
    255 255 255 255 255 255 20 253 255 255 113 100 50 255 255 255 255
    120 68 255 255 255 175 255 255 187 255 255 28 221 0 105 255 158 255
    233 48 227 255 184 255 128 255 255 42 102 133 235 238 255 255 168 20
    160 104 173 255 255 255 175 40 223 255 255 62 255 255 133 46 164 255
    255 126 255 255 172 237 42 254 255 229 255 255 255 255 155 255 255
    255 126 154 119 80 72 82 48 254 255 255 255 233 213 255 60 235 30
    255 255 96 255 255 255 255 255 255 255 255 136 255 255 114 129 255
    255 255 195 255 255 223 206 229 68 255 58 255 255 255 255 78 255 255
    182 255 94 255 30 215 255 255 255 150 22 251 214 255 255 4 255 255
    255 255 255 255 209 6 255 60 209 255 207 156 255 70 22 204 12 255
    255 255 74 255 209 150 244 203 229 255 255 241 128 255 255 255 255
    255 164 255 173 255 255 114 62 255 104 88 255 255 108 255 255 255 16
    255 255 255 54 36 255 255 244 105 255 255 195 231 78 245 169 255 101
    183 212 14 255 50 255 255 255 255 74 128 255 255 255 207 255 114 217
    152 255 119 191 240 255 255 255 255 108 220 12 185 255 195 255 28 80
    44 60 255 163 255 255 62 255 141 255 30 123 205 44 99 255 255 255
    255 255 62 225 254 107 24 20 229 255 255 255 90 255 255 58 220 255
    255 196 255 255 255 54 255 255 127 255 255 255 64 255 255 255 255
    255 255 236 255 255 142 205 255 255 255 255 255 10 30 255 215 255
    255 175 255 255 101 255 104 48 100 255 255 255 158 36 173 114 255 76
    72 255 213 255 193 255 132 0 22 174 255 255 255 153 255 255 189 255
    255 60 6 128 255 28 56 46 217 255 139 197 255 137 106 68 205 255 128
    179 255 255 52 62 255 221 215 124 163 255 6 255 72 255 255 193 255
    255 255 255 255 96 255 255 219 156 167 62 255 223 14 110 255 112 190
    68 255 255 255 205 255 255 255 255 255 193 255 255 255 156 62 255 92
    255 255 255 219 255 90 255 44 255 131 255 255 90 255 255 255 209 206
    103 255 255 187 255 240 6 255 255 125 255 255 255 154 74 255 255 255
    22 255 255 255 255 255 209 255 255 255 255 255 201 245 255 237 255
    134 84 255 255 255 130 255 255 42 255 255 239 152 165 255 255 52 255
    255 255 255 154 215 255 78 255 245 255 255 255 186 255 255 58 255
    163 22 255 255 88 255 195 84 86 120 255 255 76 160 78 167 255 255
    199 250 255 255 8 255 255 220 255 18 166 221 255 255 255 255 16 135
    177 255 255 114 255 255 104 152 255 255 255 205 233 255 121 64 110
    255 38 255 115 76 220 161 255 255 52 20 146 255 255 255 255 255 214
    255 122 255 255 205 18 175 26 255 255 171 212 255 134 36 255 255 255
    255 255 246 139 255 76 255 255 52 167 201 34 151 255 254 255 255 255
    255 106 12 255 255 226 88 255 162 255 52 255 255 255 255 127 255 255
    157 255 10 211 88 255 32 255 255 239 255 220 255 167 38 255 114 142
    255 118 244 111 255 18 255 255 114 66 152 90 255 255 98 255 32 255
    255 150 255 211 255 72 129 56 255 44 96 86 233 255 255 147 255 255
    255 255 48 249 255 255 151 38 98 70 255 216 255 255 255 255 255 255
    255 255 116 255 255 2 117 255 104 255 255 255 62 12 255 255 255 232
    255 8 255 255 255 68 255 227 255 255 52 255 255 209 32 109 245 160
    251 255 192 255 243 102 255 8 255 239 255 255 52 255 255 255 255 255
    255 193 160 255 255 255 255 24 255 193 255 255 255 255 255 255 255
    176 255 183 226 84 255 44 147 255 255 255 255 255 255 48 255 99 40
    255 62 76 255 255 255 108 255 255 230 129 255 10 193 134 255 255 255
    106 50 30 255 44 24 255 255 84 255 249 193 255 255 255 56 113 142
    255 22 110 182 255 255 255 159 28 120 22 116 255 255 189 132 255 255
    148 227 239 255 255 231 255 143 233 206 253 255 255 255 10 255 161
    255 255 201 239 236 191 255 222 173 223 255 249 255 44 219 245 255
    255 126 34 255 44 54 255 253 76 255 255 255 255 225 255 135 223 255
    12 2 255 109 118 218 185 255 255 251 138 252 6 245 255 2 50 255 255
    255 255 255 255 20 141 255 140 255 255 114 111 227 255 255 247 255
    44 255 255 157 233 132 235 219 255 255 255 18 243 243 255 255 0 176
    209 255 255 117 255 234 255 48 255 14 255 255 235 167 255 249 183
    142 255 233 255 255 255 44 183 255 192 255 255 232 60 255 255 255
    144 146 229 255 255 159 255 102 127 255 255 255 34 146 255 255 76
    255 169 216 255 130 255 255 34 255 0 134 102 255 112 255 255 122 255
    255 52 255 68 255 42 225 255 114 255 98 66 255 255 255 101 255 255
    20 255 8 237 255 162 58 116 255 255 138 214 161 255 255 255 255 80
    255 255 90 155 255 255 255 6 240 46 46 255 255 255 255 255 255 172
    62 237 176 119 255 58 255 255 255 255 255 255 255 62 255 255 150 218
    96 243 178 255 154 255 80 165 248 255 255 108 255 255 255 86 124 134
    255 255 46 255 217 255 169 108 148 255 255 255 14 255 255 255 197
    216 203 243 255 255 255 255 74 255 242 255 255 148 2 255 2 223 255
    50 189 255 130 255 255 176 6 255 255 70 144 170 255 255 255 255 112
    255 149 72 142 255 255 12 111 187 255 255 134 224 255 255 208 255
    255 255 255 255 255 169 104 98 227 185 72 255 255 255 255 221 255
    255 255 255 72 169 255 255 106 255 231 207 255 62 255 255 255 255
    255 255 255 255 255 74 255 255 255 128 203 255 255 255 255 255 137
    189 92 255 64 255 255 255 255 6 165 150 255 239 255 255 255 36 171
    255 40 56 255 255 143 96 255 88 239 255 215 255 176 92 255 255 103
    245 156 28 60 255 255 255 206 255 255 198 255 152 255 12 255 255 173
    84 255 249 255 255 12 148 255 255 255 255 165 213 164 255 82 74 255
    62 18 22 152 172 38 255 255 167 255 255 255 255 214 255 255 232 225
    255 255 78 255 255 255 150 80 38 40 255 187 217 255 32 70 108 193
    255 255 255 205 255 255 255 255 255 255 255 213 207 52 255 255 255
    255 171 56 221 175 255 195 14 255 207 82 255 66 231 46 167 255 255
    211 163 104 10 255 255 243 255 136 253 255 255 255 255 255 255 255
    118 221 247 255 205 146 255 255 255 255 255 255 188 255 235 255 243
    144 106 243 255 252 203 255 255 255 255 226 221 255 142 255 255 255
    255 2 255 157 124 255 255 255 255 90 255 255 255 255 255 255 255 255
    66 134 255 203 247 255 119 255 8 255 92 255 245 76 255 167 152 90
    245 94 255 255 10 255 255 136 255 143 134 140 255 6 116 101 255 255
    255 211 158 92 74 224 58 66 136 44 255 150 179 255 255 28 255 92 255
    142 255 38 100 18 24 255 255 255 203 184 255 58 255 225 229 255 201
    18 255 255 201 255 179 255 248 255 118 72 255 255 255 36 255 106 255
    12 250 6 239 255 255 255 62 86 255 216 221 255 255 92 255 180 255
    255 240 14 104 255 255 249 255 205 255 255 255 231 255 255 255 255
    40 255 254 195 255 255 255 255 8 255 82 126 113 255 94 255 255 180
    195 231 255 66 255 255 80 255 255 183 215 128 183 20 255 255 255 198
    255 255 255 129 255 255 105 86 158 255 255 128 58 38 220 96 255 255
    255 255 255 227 255 255 96 124 46 68 211 214 255 255 130 255 255 255
    16 255 255 225 255 255 255 255 255 255 104 255 98 255 60 133 134 106
    243 187 158 205 255 90 255 60 255 255 255 255 255 94 2 193 255 204
    141 134 255 255 255 255 161 255 104 255 62 244 185 241 124 123 255
    255 151 255 255 187 255 255 255 14 250 255 255 230 161 255 190 255
    255 64 111 255 234 255 4 214 243 160 255 255 255 154 10 239 82 92
    255 255 133 136 242 255 255 140 223 110 76 255 255 255 255 106 255
    181 205 255 255 255 54 187 255 0 213 247 6 207 169 255 80 227 255
    129 255 234 255 255 255 201 114 26 34 255 255 225 134 208 133 42 188
    255 255 255 249 255 255 255 197 255 22 2 255 255 255 255 251 167 200
    255 255 255 163 187 255 255 126 122 121 255 196 255 255 252 62 255
    255 24 255 238 255 255 255 215 255 255 215 160 22 255 179 42 88 4
    255 199 255 64 78 209 255 20 247 255 119 100 74 255 255 255 255 209
    214 52 255 96 177 255 255 255 255 255 255 40 255 255 255 255 255 255
    255 255 255 255 255 255 186 207 102 255 255 120 255 147 175 128 197
    132 255 38 255 190 255 255 114 199 18 216 255 255 255 255 255 255
    255 255 148 255 120 255 181 255 90 255 255 26 86 255 255 255 84 16
    255 255 12 46 201 255 255 122 255 255 38 200 255 255 255 255 255 36
    16 82 255 173 191 255 255 165 255 251 255 255 255 36 255 255 215 10
    243 110 255 255 255 98 107 255 255 221 18 130 227 66 86 203 22 255
    255 255 255 255 122 180 119 255 124 251 255 255 181 122 255 167 255
    70 171 20 98 133 255 192 255 255 18 255 98 6 255 255 244 14 66 255
    189 197 46 255 223 22 159 229 196 52 165 240 255 255 192 159 255 40
    255 167 238 121 255 178 255 10 88 255 36 255 151 106 214 48 50 255
    255 2 226 201 46 164 213 255 255 255 255 184 255 255 252 239 255 255
    82 255 110 255 118 255 255 255 255 72 255 255 22 255 14 157 255 255
    255 255 236 193 255 248 255 20 255 92 255 180 245 255 136 255 255
    224 8 213 255 165 231 44 239 134 255 0 255 164 255 92 255 209 255
    255 135 128 240 205 255 4 24 255 255 171 255 42 131 96 158 255 247
    170 255 235 255 255 255 255 255 235 255 149 255 255 255 255 218 255
    255 255 255 66 255 255 255 255 135 255 255 255 102 255 255 255 255
    255 255 255 255 255 255 40 58 104 255 52 144 255 255 255 255 205 60
    16 156 255 255 255 80 101 52 255 199 255 255 255 255 84 217 10 32
    119 255 255 255 255 6 255 255 255 255 255 66 255 177 94 175 255 255
    161 255 248 255 255 52 64 126 255 255 231 224 157 255 24 255 94 255
    255 255 255 255 132 255 255 255 255 255 255 255 217 98 255 165 185
    124 48 255 152 169 60 234 255 48 46 255 44 244 48 215 46 177 255 255
    255 255 248 249 4 255 255 255 42 255 70 255 255 255 255 175 76 170
    76 255 255 255 22 230 197 255 255 131 211 2 255 14 192 239 146 32
    167 136 255 255 140 184 56 255 255 223 102 255 255 255 200 115 255
    255 255 118 255 153 255 255 32 187 164 177 255 204 255 132 98 205
    225 255 143 148 18 255 255 62 255 255 255 255 255 255 177 233 255 62
    156 74 177 255 255 255 255 255 241 84 172 255 255 194 255 239 184
    255 255 255 58 62 68 74 255 255 255 120 255 255 191 236 195 255 255
    193 255 244 143 255 255 255 255 255 121 255 255 255 253 255 139 179
    46 105 255 255 255 255 134 32 225 255 255 255 255 255 112 82 255 255
    44 255 6 254 255 72 255 18 24 255 181 251 204 255 255 255 255 255 98
    255 38 255 255 134 255 255 255 40 255 255 255 255 235 158 255 255
    255 255 219 255 255 219 70 255 20 84 245 108 255 94 124 240 255 255
    255 255 255 100 255 255 0 255 255 92 255 255 232 76 255 0 255 158
    222 255 46 255 255 255 255 255 255 214 253 6 240 60 255 196 255 255
    118 123 255 56 255 255 255 215 171 32 109 255 144 20 255 94 255 255
    4 133 120 60 58 255 255 255 255 255 213 255 30 255 229 122 58 134
    255 255 255 134 119 255 178 239 255 255 50 255 36 255 251 2 255 66
    255 255 140 255 177 255 255 255 134 255 12 255 88 255 255 126 129
    243 255 255 58 255 255 231 255 161 12 230 255 58 255 255 255 255 135
    225 72 4 255 255 76 245 255 239 130 52 169 255 104 54 255 202 255 52
    255 255 209 154 255 18 96 255 255 255 255 255 255 58 255 62 101 80
    255 68 255 255 0 255 132 255 140 42 255 255 248 255 249 60 201 255
    255 255 140 108 255 255 218 255 255 202 131 142 255 255 62 150 147
    255 212 141 255 136 0 255 255 92 106 255 255 223 255 255 255 255 255
    247 255 255 187 255 98 167 196 117 110 240 255 120 255 255 255 124
    88 255 255 255 227 255 113 221 255 34 86 146 92 195 255 255 48 218
    231 231 78 197 255 170 255 169 255 255 102 214 131 36 255 255 255
    255 255 255 104 255 86 210 255 255 222 239 211 255 103 189 255 255
    255 255 255 237 255 255 136 255 255 110 98 255 10 255 175 94 255 54
    175 255 219 189 92 229 197 255 255 255 142 255 120 255 163 255 182
    255 26 176 255 255 22 255 64 114 255 255 84 44 255 252 105 237 255
    255 255 142 94 255 108 255 255 76 127 255 255 255 197 148 231 104
    255 141 255 255 151 46 255 255 255 110 117 255 255 181 94 255 50 199
    255 255 72 255 155 255 160 255 74 174 247 255 255 255 255 255 199
    255 255 245 255 234 76 255 88 255 255 184 58 255 255 255 255 174 255
    86 18 86 255 255 16 136 144 50 24 255 48 84 255 255 255 26 10 187
    255 221 134 220 255 255 255 255 94 255 20 255 216 143 175 82 255 219
    190 255 112 190 191 255 255 46 255 246 155 132 255 255 148 46 255
    255 232 255 104 255 121 255 255 255 255 255 207 171 98 253 156 255
    145 255 68 139 255 255 209 255 214 96 142 142 117 12 76 203 156 255
    255 255 255 10 114 255 255 255 144 2 255 142 255 255 255 255 255 255
    255 68 255 255 255 255 255 255 255 255 134 112 16 255 216 255 225
    255 255 255 255 255 158 255 251 46 255 255 255 255 255 20 220 255
    247 48 84 255 156 255 255 255 70 104 176 255 217 255 255 36 255 255
    86 255 191 80 255 255 160 255 255 255 120 225 255 248 255 72 12 255
    118 42 177 165 255 52 255 255 98 100 255 255 255 255 191 255 56 255
    255 255 193 4 12 181 255 255 255 255 82 255 84 255 255 217 132 219
    255 255 255 94 44 255 209 156 34 255 152 117 255 255 155 201 198 255
    177 255 255 104 255 255 255 132 255 28 255 255 100 152 38 255 60 24
    255 255 255 118 255 8 80 18 225 255 255 38 154 255 255 255 156 18
    255 130 255 158 255 20 255 255 249 30 38 255 64 255 137 255 182 255
    20 20 255 177 255 255 70 255 109 179 234 117 255 254 139 255 30 12
    255 238 101 255 188 145 255 255 255 255 255 191 255 102 169 124 255
    255 128 255 255 235 116 255 255 148 255 247 255 255 56 255 255 191
    90 135 92 168 253 185 62 255 255 198 255 197 240 0 255 255 123 130
    230 8 255 212 76 255 68 197 104 126 255 50 255 255 255 80 255 160
    255 255 134 50 255 255 160 255 203 255 127 255 255 255 205 255 255
    50 152 96 235 255 207 255 72 0 255 56 255 255 44 255 42 190 76 30
    255 255 255 60 153 199 76 255 209 138 255 255 130 255 255 255 255
    235 255 14 255 255 237 70 186 26 255 86 255 169 162 18 70 255 201
    213 136 153 255 46 211 26 114 255 4 255 255 140 255 50 255 255 68 68
    255 185 40 255 255 112 255 72 217 255 143 255 255 255 140 255 92 191
    255 255 24 32 255 255 214 141 255 164 255 255 255 199 199 104 255 98
    100 175 217 255 255 255 255 127 54 208 189 118 255 255 255 120 255
    255 100 255 255 255 255 207 255 32 80 255 179 255 112 255 249 124
    255 80 255 16 255 255 255 58 48 255 255 255 80 233 255 64 255 255 76
    255 255 121 255 255 255 255 50 255 46 255 255 255 240 255 32 255 255
    90 74 231 14 96 255 34 255 181 72 148 255 255 72 199 249 26 255 255
    84 4 68 255 255 255 255 34 175 255 157 255 50 255 26 248 255 175 255
    255 255 255 187 255 24 255 255 160 255 0 60 6 142 84 58 156 40 255
    255 255 68 255 64 255 32 255 165 62 255 76 251 230 255 255 46 255
    171 255 103 255 28 80 255 255 255 255 255 84 104 192 255 223 255 191
    255 14 255 54 255 72 255 126 2 255 64 131 255 255 161 255 255 169
    195 2 185 255 56 34 0 122 86 175 255 147 255 102 233 255 255 20 255
    106 255 38 255 255 26 188 255 255 142 255 150 94 255 148 255 255 171
    255 255 50 152 255 160 255 255 58 180 121 154 0 131 140 255 141 70
    86 205 26 190 255 58 110 38 255 255 255 132 130 255 158 22 50 68 255
    255 255 255 173 156 255 151 255 150 255 255 236 68 255 255 86 150
    255 159 255 56 56 64 255 255 20 104 38 247 255 255 255 255 109 255
    88 255 255 255 255 118 255 139 255 94 255 175 4 103 255 168 175 241
    255 255 156 255 255 255 255 255 12 255 255 0 255 255 255 94 255 38
    255 255 255 74 211 140 255 80 255 160 255 38 176 255 173 255 139 255
    255 165 60 255 255 241 255 255 88 255 255 171 164 225 255 255 147
    255 255 64 255 255 255 255 118 117 199 255 255 255 170 255 60 54 70
    255 255 147 255 255 223 66 255 64 255 255 255 255 255 255 255 174
    131 165 255 255 255 192 92 255 22 255 76 56 107 255 2 255 16 220 111
    8 255 255 255 255 38 42 255 24 106 255 255 136 46 255 60 255 255 255
    255 255 255 144 255 255 255 255 255 255 119 106 255 255 255 156 207
    255 92 255 120 255 68 255 72 255 255 255 255 255 206 12 255 118 58
    255 255 255 255 255 255 173 230 64 2 255 255 255 14 20 255 255 255
    255 58 255 70 255 6 255 255 179 255 255 255 177 166 253 241 78 255
    255 220 109 255 90 255 80 182 26 255 66 255 18 255 0 142 4 80 255
    255 255 255 68 255 229 255 193 255 255 229 255 110 255 173 255 255
    255 64 255 197 255 18 201 208 255 28 255 149 255 82 197 255 76 255
    255 255 255 169 255 255 255 60 255 42 255 147 255 255 103 80 218 223
    255 56 153 185 255 255 14 196 255 160 255 18 58 48 129 193 255 255
    255 255 117 150 96 18 255 255 229 255 168 187 255 255 99 255 96 255
    239 52 255 255 192 253 233 130 255 217 255 255 195 255 157 215 62
    255 255 44 213 165 112 28 219 38 175 185 236 255 255 48 255 255 255
    159 255 70 255 225 255 255 255 255 255 255 220 6 255 44 255 255 150
    255 146 255 255 255 255 96 110 255 74 255 36 255 255 118 255 255 24
    255 58 255 245 148 255 255 249 242 255 54 102 145 223 240 255 32 50
    135 185 212 255 255 70 255 255 255 255 255 255 255 255 255 76 255
    255 119 255 176 241 255 72 133 229 255 255 255 104 84 255 255 255
    255 208 255 102 180 84 255 36 255 255 96 255 255 4 255 12 240 255 86
    255 135 231 210 249 255 216 243 255 255 127 255 255 255 255 255 255
    255 162 255 90 212 255 255 140 255 255 255 255 165 255 24 118 56 255
    102 50 28 247 58 255 255 255 255 255 255 193 255 28 96 140 255 255
    255 255 255 255 160 94 211 50 88 124 96 151 138 255 201 255 138 255
    255 255 255 255 255 255 255 198 70 255 255 255 78 255 28 60 124 195
    255 136 255 205 255 255 60 255 255 255 255 109 185 94 255 169 255
    255 46 210 255 120 255 86 255 246 151 255 255 32 74 58 255 255 255
    98 140 255 183 255 102 22 255 255 191 255 240 145 195 80 255 255 56
    16 255 255 255 255 82 28 173 46 96 255 255 255 255 255 255 243 255
    44 255 158 255 2 58 4 163 102 255 124 255 255 255 40 237 255 142 255
    42 190 255 255 255 201 255 255 255 98 160 76 255 188 235 255 190 30
    255 255 195 144 182 14 237 152 255 34 22 255 68 28 255 255 255 255
    255 255 115 255 255 111 84 34 255 255 128 255 255 160 255 237 192
    123 40 118 255 74 234 255 255 126 255 227 62 249 237 252 151 4 255 6
    136 255 255 255 255 90 0 226 255 2 255 219 235 255 14 80 88 32 148
    152 255 255 255 191 255 255 123 144 80 4 255 56 189 20 255 12 80 14
    255 52 255 16 255 255 255 255 255 58 255 255 255 255 82 30 20 220
    255 255 68 189 88 156 90 104 255 209 42 255 163 255 255 255 253 255
    255 255 255 6 16 255 119 255 255 255 255 255 243 62 255 183 255 74
    193 255 255 255 24 255 255 219 255 255 251 22 255 255 255 255 18 255
    243 124 174 255 146 12 255 183 24 255 80 54 96 255 255 255 187 255
    255 237 255 221 229 255 255 255 255 255 255 218 181 255 255 101 255
    255 219 197 255 44 255 255 255 255 218 255 28 160 159 154 255 82 229
    144 255 255 255 255 50 255 255 152 112 155 112 255 255 209 255 111
    237 2 185 2 80 255 104 255 199 223 255 163 255 255 255 18 255 255 70
    134 255 255 255 131 255 118 255 255 255 107 98 180 191 243 255 233
    255 255 52 255 255 32 183 172 255 255 118 193 191 255 255 255 56 255
    154 255 123 255 255 203 255 68 255 211 255 255 255 98 219 132 48 255
    34 248 255 255 255 255 255 255 255 255 255 255 78 186 0 112 255 255
    255 38 94 255 58 255 154 255 251 70 255 237 167 255 241 88 255 255
    36 210 255 84 188 84 255 255 255 211 46 255 66 255 255 255 255 109
    227 255 255 255 255 103 255 255 183 255 255 153 213 182 187 255 255
    255 255 170 255 18 255 36 255 255 255 112 74 255 255 230 113 96 255
    133 255 214 141 255 255 255 183 255 255 142 180 255 20 255 62 255
    255 62 80 255 161 255 154 255 255 255 255 24 255 255 126 255 255 120
    255 255 2 255 253 255 4 255 189 168 173 219 190 255 203 255 119 255
    138 90 154 255 60 255 50 72 154 255 199 255 255 22 255 255 229 185
    64 213 20 255 255 255 184 235 255 255 68 255 104 255 100 52 135 255
    90 255 74 255 255 191 44 255 173 156 217 255 255 155 14 255 62 255
    132 211 255 46 70 255 255 58 10 255 223 233 2 229 132 132 255 255
    116 255 199 30 243 255 54 255 255 255 54 255 74 54 189 68 235 181
    255 42 187 255 88 18 0 255 22 255 109 177 255 255 255 255 84 92 104
    255 255 196 255 255 210 109 197 255 38 255 255 255 255 255 201 255
    114 255 255 255 185 255 250 255 255 100 255 255 255 255 32 82 179
    217 255 255 255 242 255 152 78 241 76 255 185 112 255 62 255 202 255
    235 184 48 54 156 161 255 182 48 255 188 94 255 255 255 255 255 255
    255 76 72 189 164 199 255 208 255 255 50 173 42 38 74 209 46 255 235
    255 255 215 255 255 58 76 173 255 255 145 255 255 255 255 252 255
    142 86 255 255 202 197 40 255 12 255 255 253 255 72 255 146 166 251
    247 255 255 34 255 255 255 50 255 255 200 78 60 255 137 0 255 101
    110 116 76 116 86 90 255 255 255 255 255 255 255 255 131 255 255 255
    28 255 255 144 172 255 142 52 223 255 206 115 255 255 36 255 255 111
    122 68 105 156 180 255 239 172 8 255 255 255 74 40 227 181 255 8 90
    84 255 70 255 88 255 238 255 255 48 255 78 255 243 22 42 255 10 204
    113 44 255 255 18 255 143 255 255 163 255 96 255 243 255 255 90 232
    255 30 70 163 199 40 233 88 202 195 241 126 255 169 255 131 255 255
    24 165 255 255 255 144 255 90 166 99 20 255 255 201 255 80 134 252
    255 255 130 255 255 158 255 86 255 255 8 255 255 229 130 255 124 130
    80 255 64 58 255 140 205 255 255 255 255 98 255 255 238 255 167 255
    141 255 255 86 60 255 255 76 255 94 255 255 255 255 78 255 64 255
    255 255 255 255 58 255 255 209 255 255 203 255 255 255 255 255 32
    255 193 211 255 255 2 255 42 181 178 255 64 58 26 195 42 225 42 255
    255 138 255 255 80 178 255 255 110 36 237 255 255 255 255 255 251
    104 255 255 248 255 255 116 199 181 255 50 255 0 217 255 255 127 255
    255 44 183 22 151 10 255 255 255 255 255 0 114 235 197 108 255 213
    232 255 255 255 90 255 76 181 255 255 111 255 250 179 100 170 76 255
    255 255 255 255 255 255 255 255 120 255 197 255 134 8 118 255 255 80
    255 129 255 214 255 255 92 20 165 255 78 255 218 181 98 255 46 112
    255 255 118 255 0 175 54 22 209 130 255 255 188 4 255 240 255 255 82
    255 255 255 94 36 255 121 255 255 255 255 255 72 255 132 255 68 238
    255 255 186 255 90 255 255 138 255 255 255 208 255 225 255 255 255
    255 255 255 74 255 255 255 255 255 18 255 132 4 159 128 228 255 237
    255 107 255 196 255 54 255 20 255 255 62 255 126 255 96 255 255 183
    196 255 255 80 169 255 158 56 90 255 159 114 255 255 255 255 70 142
    148 155 255 255 255 255 255 255 255 255 235 255 255 213 255 254 135
    90 255 255 255 176 255 255 255 255 132 255 215 255 224 255 255 136
    255 128 255 197 48 255 255 167 255 227 179 116 255 255 246 255 255
    148 255 255 255 78 233 78 231 40 255 255 255 255 255 134 255 209 255
    255 255 255 255 209 255 255 255 213 6 105 255 252 255 28 255 255 96
    250 201 156 255 227 255 255 255 255 26 255 255 255 133 255 255 72
    255 170 255 163 255 255 60 42 255 249 212 255 18 255 193 112 255 255
    197 255 255 221 78 48 255 255 255 255 255 205 255 192 195 255 172
    255 237 255 18 255 128 46 255 84 255 255 250 253 255 255 255 255 255
    255 255 10 2 158 255 255 255 255 255 4 255 44 94 94 255 52 124 167
    255 206 255 255 228 255 128 255 18 255 140 255 255 96 255 255 168
    255 255 114 255 255 38 247 197 160 139 255 50 255 136 255 255 158
    244 255 98 255 255 255 255 255 30 255 233 255 112 255 255 102 167
    106 255 255 255 255 6 44 50 255 120 255 253 255 255 255 163 255 78
    255 124 255 60 255 255 88 24 8 255 255 255 255 255 159 255 28 14 255
    152 155 152 255 255 255 10 105 102 255 255 255 196 157 255 140 255
    249 255 255 255 255 165 255 255 255 255 18 101 255 28 8 255 218 157
    255 255 255 255 255 90 148 255 255 255 220 137 255 172 187 229 255
    205 255 100 255 197 216 255 255 255 255 255 220 24 94 228 251 251
    255 103 255 244 255 255 255 46 255 255 227 80 255 72 255 146 167 255
    255 125 255 164 255 6 108 255 205 255 255 255 202 167 255 168 255
    243 88 42 66 148 165 2 146 255 255 255 255 50 255 92 32 255 46 128
    244 12 255 126 255 255 156 103 163 255 255 255 190 255 255 158 255
    64 62 255 201 255 229 199 166 255 98 255 219 150 180 121 78 74 255
    100 255 99 231 74 255 227 180 105 249 86 255 146 26 245 118 6 255 38
    204 143 56 255 255 167 108 34 255 255 231 98 116 217 255 120 255 98
    30 255 154 160 255 187 255 157 255 255 44 251 222 78 255 204 255 237
    194 153 255 255 255 255 120 255 255 255 241 239 255 255 106 192 145
    221 255 157 255 130 255 173 255 94 255 255 62 255 194 253 255 78 103
    255 170 255 255 255 255 249 8 18 98 244 255 219 110 153 255 210 113
    179 44 255 52 64 255 24 214 255 92 255 231 255 255 165 68 255 12 255
    88 195 255 255 255 255 32 54 132 255 92 86 255 199 126 255 251 2 255
    187 16 255 52 102 156 117 209 255 255 255 255 255 255 255 255 58 255
    255 243 120 251 100 204 133 197 255 86 255 255 255 80 196 255 255
    255 99 255 168 151 255 255 255 255 4 255 144 255 255 255 160 10 243
    50 163 102 40 199 255 132 255 255 146 255 195 255 255 255 110 255
    255 255 167 255 82 255 255 255 255 116 255 255 255 150 153 255 230
    255 76 58 111 100 24 72 241 126 255 255 144 255 253 62 233 128 28
    107 98 118 255 255 255 229 255 255 255 255 188 78 255 255 255 22 112
    255 255 255 255 255 188 255 106 136 255 50 184 255 249 222 255 181
    204 255 213 216 255 255 255 125 255 255 235 255 255 255 82 118 255
    183 255 255 255 28 255 10 255 2 255 255 173 255 255 255 142 68 125
    255 234 70 88 255 157 241 255 167 215 44 249 255 255 255 255 184 255
    181 255 179 177 255 221 255 255 255 92 54 177 197 104 139 80 226 173
    255 255 8 50 255 255 255 0 255 197 58 225 255 196 64 255 202 255 58
    255 125 255 198 74 255 255 113 80 190 60 255 255 255 255 255 98 255
    178 255 255 255 255 255 255 255 255 255 201 58 88 255 106 255 255
    163 104 125 255 255 255 255 255 169 255 24 255 183 255 255 255 255
    255 255 255 133 255 255 255 255 240 98 255 255 103 38 114 255 255
    255 255 255 182 255 255 208 255 255 255 255 10 255 255 255 84 66 255
    76 255 255 34 255 199 94 88 255 254 88 187 154 141 102 255 255 255
    255 8 255 255 255 98 136 193 26 255 163 255 255 255 255 232 86 134
    255 255 255 198 197 8 255 143 106 228 58 255 250 131 255 255 255 255
    255 255 255 255 255 191 255 255 201 255 255 38 104 255 209 232 20 24
    255 201 255 252 48 209 255 255 64 255 255 255 36 22 108 126 255 255
    255 207 158 255 217 154 255 255 138 255 165 255 255 255 255 148 119
    108 122 255 255 116 255 30 148 80 255 255 255 112 255 167 26 255 233
    24 255 40 255 154 52 158 34 255 156 255 82 207 255 181 255 255 58
    255 20 247 201 255 255 221 178 255 124 255 255 122 255 255 255 4 52
    255 216 255 255 255 255 255 48 159 255 255 96 255 255 107 255 255
    255 255 22 199 255 255 255 88 255 255 255 255 20 255 42 173 118 120
    52 24 255 255 144 255 203 130 222 80 120 62 255 209 255 107 215 255
    255 34 255 98 207 42 117 255 178 255 255 255 255 100 255 255 175 255
    233 215 180 255 255 248 255 255 255 221 221 255 255 116 112 255 255
    255 237 255 255 255 255 148 74 255 255 255 255 255 255 255 255 255
    48 255 255 52 118 92 255 120 171 36 255 143 38 255 255 40 255 255
    255 255 255 255 90 185 255 255 125 4 68 255 255 255 30 255 232 187
    146 255 255 255 16 183 46 106 255 48 255 14 100 190 255 255 130 111
    255 44 255 179 255 66 112 255 255 255 190 82 16 68 255 255 255 129
    54 124 14 255 255 255 255 174 255 255 136 58 102 44 171 22 255 255
    255 255 22 32 255 78 255 128 30 255 255 40 255 238 255 120 255 255
    255 64 255 227 255 183 132 255 117 255 255 255 229 255 255 132 255
    255 231 58 255 126 255 42 255 255 255 20 255 189 255 255 189 96 232
    203 255 255 255 255 255 255 118 255 255 221 112 255 46 255 255 255
    158 153 255 255 181 255 84 125 237 255 255 255 255 255 201 255 255
    255 255 213 193 148 255 255 255 255 255 130 239 255 48 255 201 255 2
    255 8 84 255 255 193 255 72 255 191 150 255 255 210 255 255 255 239
    255 82 255 255 255 255 255 255 255 38 255 159 255 88 255 255 255 255
    36 255 255 255 255 255 122 244 36 26 255 185 255 254 255 245 255 255
    255 232 255 110 255 243 255 132 30 255 116 255 46 255 255 24 138 255
    255 255 241 148 180 255 12 255 151 255 34 255 229 255 241 255 126
    173 235 255 255 255 255 121 255 255 255 64 255 255 197 255 255 225
    255 107 118 255 60 255 255 60 255 255 205 255 248 133 255 222 255
    148 255 255 255 30 26 44 255 255 50 255 255 255 255 209 28 255 8 255
    140 255 255 255 151 255 255 255 255 30 215 144 242 199 255 255 209
    171 255 185 16 66 255 255 255 255 76 226 255 108 255 255 255 255 177
    235 255 38 255 255 255 92 114 105 255 4 255 20 148 135 26 112 255
    179 255 255 233 106 255 150 66 151 187 255 195 60 255 22 171 255 255
    255 255 255 255 255 173 255 255 185 255 64 255 16 255 255 255 4 255
    54 156 255 201 255 46 255 255 247 255 255 255 231 255 255 255 255
    243 140 255 121 255 255 68 255 202 255 221 255 96 255 255 82 255 255
    255 66 255 255 195 140 255 193 104 255 221 6 255 60 255 255 150 10
    255 255 255 14 82 255 92 219 32 193 66 255 173 102 255 255 255 46
    255 255 230 32 255 255 255 12 255 10 34 255 207 255 20 56 255 255
    255 255 255 255 82 255 255 255 255 255 255 120 56 213 96 78 209 255
    255 255 255 167 142 255 251 120 234 255 173 44 255 255 255 205 255
    255 255 255 244 255 40 255 255 255 188 141 118 22 2 42 248 255 56
    212 54 114 36 121 255 255 171 22 10 255 158 4 255 221 10 255 255 255
    255 201 255 255 255 8 255 255 255 64 255 90 255 225 216 245 255 76
    255 66 255 255 169 255 255 28 198 255 34 255 60 255 158 223 255 255
    255 255 168 195 64 255 255 255 255 145 255 100 255 255 176 155 251
    255 255 255 40 255 239 255 255 255 132 16 14 255 255 255 36 255 14
    150 195 255 16 255 255 100 213 255 255 215 136 255 229 255 162 255
    255 244 96 42 98 255 255 255 255 156 255 96 66 255 255 245 255 255
    34 252 92 44 255 121 255 150 255 255 255 76 255 255 239 223 162 141
    255 255 82 249 255 255 179 162 96 255 255 129 181 255 255 255 54 179
    255 160 255 233 98 18 152 255 255 255 255 255 255 255 255 255 126
    255 249 246 255 255 255 54 203 255 255 62 60 255 255 255 255 255 192
    255 255 255 255 227 255 48 255 6 149 255 255 255 16 154 255 255 255
    103 126 255 255 92 252 255 231 255 255 2 172 18 255 255 62 255 255
    255 90 255 255 245 190 48 255 18 255 241 255 255 255 210 22 144 255
    22 86 168 255 255 255 255 209 255 255 187 4 255 255 255 255 221 255
    255 58 255 255 88 255 133 255 192 255 92 255 195 255 94 255 144 255
    255 154 255 255 255 178 24 255 66 251 40 246 255 255 242 203 86 98
    255 52 64 255 42 255 26 84 255 255 255 255 255 255 255 251 181 78 54
    245 52 255 255 255 30 255 132 255 191 98 255 84 172 249 156 255 255
    241 108 58 6 172 213 255 255 255 255 50 92 255 255 255 70 226 119
    231 96 82 255 188 255 130 28 255 122 176 255 255 48 255 255 238 209
    36 50 255 26 255 255 255 178 255 10 255 133 120 255 227 255 164 86
    255 255 72 88 8 255 255 178 66 255 255 56 231 255 255 255 255 96 146
    255 255 255 255 147 255 255 2 255 255 58 255 198 251 255 255 247 154
    70 239 14 210 255 118 255 255 255 216 181 255 62 30 255 255 169 128
    10 255 163 255 255 60 255 255 58 255 255 255 255 20 52 248 231 245
    255 255 255 255 255 94 255 52 255 255 52 255 118 205 193 255 38 255
    50 255 255 255 163 255 255 18 255 255 255 50 255 78 223 255 131 130
    255 255 197 255 46 255 80 255 255 114 255 255 218 255 211 78 255 255
    255 255 255 0 255 255 255 255 255 255 105 255 255 205 26 255 117 72
    255 117 28 255 255 0 54 255 255 255 255 255 255 189 213 255 255 197
    255 255 255 255 255 40 255 161 156 254 255 255 82 255 255 255 255
    255 255 90 203 255 127 255 255 255 28 98 255 255 30 255 255 36 255
    136 40 221 245 170 255 255 74 255 144 255 96 255 2 255 179 116 255
    66 72 54 50 255 88 84 255 107 255 255 181 122 112 48 255 255 99 255
    92 255 255 255 34 34 255 42 177 124 255 255 12 235 255 172 255 74
    255 255 255 138 255 90 255 195 96 255 255 106 246 133 255 255 255
    255 255 203 255 24 98 52 6 255 255 124 233 255 255 255 36 255 56 255
    255 255 223 255 26 82 244 137 255 102 139 207 255 255 255 154 255
    132 255 105 255 244 255 255 112 255 255 255 255 255 255 255 255 16
    255 120 90 255 205 134 14 20 196 14 181 132 255 255 108 101 255 255
    52 255 44 255 255 196 255 163 255 40 183 194 243 98 255 255 255 230
    12 255 126 255 255 86 255 2 214 18 84 94 2 209 92 40 255 255 6 245
    255 48 219 255 149 171 255 209 255 170 255 138 255 255 193 228 255
    255 255 213 108 255 255 108 106 255 106 255 24 255 220 255 128 134
    255 255 255 255 255 255 255 255 255 255 90 192 255 255 255 80 255 44
    48 171 255 255 8 0 119 255 156 231 60 60 217 255 255 255 38 238 255
    255 194 255 255 255 255 62 255 255 231 204 84 181 255 32 68 98 141
    152 86 255 255 255 155 255 255 211 98 255 255 32 255 109 38 255 24
    255 92 143 48 255 149 255 10 14 255 14 255 160 255 149 255 230 145
    255 255 255 255 72 255 255 74 84 255 34 255 211 255 255 138 254 125
    255 255 255 255 164 149 179 12 209 255 255 175 255 120 111 126 255
    255 124 226 115 126 255 205 199 255 255 211 255 255 183 154 255 88
    30 249 255 255 255 122 255 255 183 24 255 88 255 255 255 82 28 247
    255 141 142 0 0 20 255 155 171 255 70 22 255 241 110 66 74 255 255
    255 12 180 22 150 255 255 158 255 157 245 86 171 255 255 147 255 255
    149 255 132 255 255 188 153 255 255 255 255 255 66 193 254 237 237
    255 255 94 160 255 255 255 101 255 255 201 255 26 64 173 154 255 138
    224 255 28 218 40 30 60 107 255 214 255 120 255 139 255 255 105 255
    255 185 58 255 80 255 255 109 255 255 60 106 128 183 255 255 255 52
    74 255 120 86 189 96 255 255 255 72 255 136 255 127 255 246 255 22
    204 255 90 82 255 156 255 155 255 210 46 38 240 58 132 218 251 255
    10 209 4 254 255 255 255 255 233 255 255 76 255 255 90 255 16 96 255
    255 255 34 255 215 255 255 235 255 68 255 110 255 255 58 255 255 255
    255 255 255 203 193 4 255 227 255 26 255 46 255 255 255 255 112 120
    62 255 255 255 255 26 255 195 94 255 255 255 72 154 236 255 255 248
    151 52 255 255 255 255 255 255 154 193 74 32 32 255 164 255 171 255
    54 255 148 18 42 255 231 255 2 255 255 40 255 76 255 255 255 255 255
    219 20 38 255 182 255 48 84 255 60 162 99 154 72 82 219 92 121 199
    255 161 32 255 167 108 255 255 32 254 255 255 20 255 255 50 68 201
    32 175 255 242 255 233 34 32 255 86 255 199 218 241 221 255 86 249
    255 255 132 158 99 255 255 145 154 78 255 14 255 255 255 255 62 255
    34 16 175 154 255 243 255 255 219 212 243 255 202 46 255 255 0 255
    182 255 42 255 255 255 255 221 255 82 255 255 255 237 255 255 255
    158 255 137 251 255 255 255 255 239 255 164 255 255 255 255 255 36
    225 255 255 255 255 78 137 241 154 151 251 255 137 255 255 255 94
    216 255 255 255 179 255 42 217 255 54 255 241 94 32 255 70 255 10
    202 36 132 255 255 108 8 84 255 60 147 255 248 255 219 255 239 255
    200 255 219 255 255 255 148 255 249 130 22 255 184 111 255 8 151 255
    84 255 56 255 141 10 114 255 82 156 255 62 255 255 255 156 255 163
    255 165 255 255 12 255 255 121 255 255 68 46 255 66 255 124 133 14
    255 255 138 255 28 255 255 255 255 50 72 255 255 42 86 255 255 229
    150 121 255 255 255 255 255 255 255 102 42 255 222 255 255 255 255
    241 255 255 203 255 255 255 255 205 255 255 255 255 255 157 146 146
    255 255 255 82 255 84 179 96 255 255 255 255 255 255 255 255 2 184
    78 255 4 125 108 255 30 255 255 255 255 46 255 255 255 115 24 255
    255 255 255 255 217 80 181 207 255 255 179 255 255 24 66 255 255 114
    247 255 255 255 158 212 109 20 72 255 255 108 255 187 64 237 150 14
    175 255 36 249 249 110 14 74 154 58 255 250 255 40 255 131 255 255
    255 255 2 255 255 255 255 22 255 129 255 232 255 255 240 255 255 255
    255 165 255 255 255 255 255 199 255 149 142 140 159 134 134 255 40
    18 253 255 255 255 255 255 237 52 66 255 255 255 88 239 162 76 82
    255 255 255 255 255 54 255 255 255 255 255 20 80 209 255 255 255 255
    20 255 86 150 255 205 255 217 255 102 129 197 8 143 255 255 255 255
    255 74 130 24 255 255 50 255 128 255 155 255 158 255 255 184 255 255
    255 233 86 92 52 255 92 255 231 202 56 255 34 255 255 78 201 132 40
    255 239 255 255 255 246 185 60 255 64 20 72 255 255 108 255 68 255
    255 255 255 255 255 10 255 14 12 255 255 255 167 255 255 255 255 255
    255 100 110 255 255 160 255 255 174 255 78 250 153 126 250 255 90
    255 255 255 44 255 142 255 255 181 110 255 255 212 255 255 132 119
    255 62 255 255 255 255 231 255 4 255 36 255 255 208 255 28 160 50
    191 166 255 110 255 255 255 126 255 255 255 109 255 255</data></your_img>
</opencv_storage>
