<?xml version="1.0"?>
<opencv_storage>
<L2_diff>7.9661520196390929e+03</L2_diff>
<test_img type_id="opencv-matrix">
  <rows>100</rows>
  <cols>100</cols>
  <dt>"3u"</dt>
  <data>
    232 225 157 138 92 218 7 40 236 96 207 252 44 146 122 179 115 56 76
    247 178 219 38 29 18 125 23 155 96 181 251 119 177 93 254 63 252 168
    19 217 246 80 48 9 34 23 61 26 53 34 156 80 170 130 208 99 99 15 174
    174 96 152 231 52 18 243 252 201 199 233 156 42 164 37 97 108 251
    115 8 26 27 139 12 101 144 130 44 73 144 245 167 21 95 132 235 1 80
    251 196 215 15 99 110 245 254 235 139 0 1 39 60 51 78 152 53 213 116
    18 223 74 192 74 38 234 61 207 65 162 206 193 200 196 199 41 212 49
    15 204 61 205 140 164 86 218 194 64 127 238 198 140 123 58 14 102 68
    108 244 145 75 148 29 33 110 184 126 111 12 153 116 111 116 252 207
    39 156 69 97 233 62 100 183 35 21 233 127 238 225 186 239 158 85 71
    72 199 216 63 115 60 109 99 152 165 219 166 216 176 112 214 118 137
    192 91 159 68 170 254 65 104 74 15 113 54 44 246 163 177 106 163 57
    194 177 50 203 115 140 91 113 200 97 60 146 66 235 80 78 189 106 48
    189 128 10 160 197 130 168 69 233 23 212 132 52 136 107 19 199 200
    121 189 178 199 52 195 186 135 212 85 59 178 219 222 76 235 65 2 234
    151 97 244 46 216 85 94 134 73 65 146 72 54 112 57 176 108 235 76 76
    60 61 131 244 219 0 144 201 196 103 245 218 231 66 104 161 166 229
    30 179 102 34 99 226 91 18 249 34 220 255 192 55 52 5 138 9 246 21
    68 157 78 15 241 57 235 168 8 105 191 89 174 229 221 195 95 233 86
    227 152 80 245 177 91 106 156 195 217 14 52 34 174 117 221 20 58 201
    37 28 215 254 204 127 134 172 195 94 0 203 68 32 243 243 21 46 144
    34 74 218 46 183 99 96 249 207 187 203 3 226 130 90 161 96 209 114
    119 61 240 139 52 175 199 54 214 85 13 98 108 30 128 161 150 38 110
    86 87 158 191 100 83 240 240 156 196 15 121 60 123 174 63 135 68 162
    223 59 174 208 95 36 49 233 82 158 185 226 191 61 201 235 58 59 154
    30 212 19 217 126 116 191 254 69 60 10 139 56 150 184 7 227 221 233
    109 206 46 75 70 19 68 81 81 200 62 87 7 56 168 194 136 81 144 142
    75 240 101 238 149 127 156 16 236 98 76 208 193 217 108 181 192 183
    242 134 109 204 184 10 53 175 245 75 188 4 203 122 236 179 175 226
    69 95 152 43 239 190 152 198 254 73 229 130 79 67 169 206 213 182 3
    31 34 168 171 196 92 254 42 127 205 128 102 15 51 114 148 3 244 75
    114 29 20 5 91 110 225 242 254 62 205 255 68 54 105 217 39 150 226
    96 25 180 87 247 174 50 45 124 138 121 9 77 167 165 191 189 102 78
    89 93 8 38 233 1 91 53 78 179 131 156 239 138 107 239 255 48 133 65
    165 253 18 16 10 248 248 123 0 239 177 233 132 56 152 57 227 125 231
    200 92 109 112 121 61 218 36 5 250 24 156 182 62 161 68 218 173 181
    95 128 75 135 58 40 38 203 140 164 132 74 108 213 67 24 25 13 6 156
    207 230 251 247 159 143 86 6 189 135 134 9 70 209 103 235 5 238 114
    177 140 23 11 176 252 85 17 66 126 37 168 60 12 88 36 239 162 253 61
    235 21 250 69 108 203 48 187 17 79 2 34 40 72 95 219 226 241 114 13
    12 120 96 69 73 3 48 60 186 253 98 181 140 65 32 57 205 130 244 37
    140 199 250 9 10 52 57 63 71 80 127 31 185 169 204 61 131 78 179 170
    207 75 136 120 79 251 28 64 179 63 164 139 98 169 69 76 251 52 193
    17 140 129 196 228 53 196 113 128 110 43 52 130 16 64 117 255 232
    119 141 20 207 61 182 188 3 154 228 170 217 114 57 154 12 45 199 94
    136 61 181 5 163 106 64 144 201 48 103 183 208 193 62 87 188 98 112
    145 76 245 112 229 138 219 2 48 150 46 119 144 209 123 36 177 131
    227 212 131 147 192 80 11 138 63 164 247 50 225 235 142 187 144 191
    152 206 221 16 93 126 186 64 226 243 100 231 45 158 164 71 98 172 15
    219 74 216 221 63 126 125 242 7 194 90 241 69 230 114 249 94 92 144
    154 135 8 99 154 20 169 69 203 36 129 189 114 252 199 81 49 250 65
    208 83 181 177 255 107 169 112 135 126 118 51 45 44 8 46 103 169 97
    158 163 195 79 153 200 128 120 124 71 155 101 124 87 20 49 158 244
    171 210 234 131 202 44 239 99 205 3 76 155 235 222 203 94 165 106
    172 65 83 246 24 88 162 2 88 94 46 191 192 163 129 224 68 231 7 237
    12 130 47 244 39 17 244 111 171 60 142 175 172 168 169 223 105 93
    108 37 201 253 21 236 125 227 193 10 124 252 62 95 26 79 12 97 245
    190 212 144 198 40 143 162 28 31 136 27 183 250 223 28 112 63 112
    212 139 235 122 237 177 75 26 61 57 73 37 141 170 129 13 103 91 224
    96 97 92 142 223 6 116 25 219 63 30 32 157 227 115 235 220 220 84 62
    180 69 48 159 253 249 148 166 223 200 31 86 255 166 86 192 178 64 60
    122 119 238 176 41 113 248 242 122 25 33 206 135 3 200 58 217 114 73
    19 220 184 175 220 99 58 50 68 146 112 232 50 3 103 172 70 17 247
    172 225 57 189 4 62 114 223 58 229 236 194 231 97 218 171 204 233 66
    199 10 34 225 120 112 91 165 154 133 233 153 114 76 9 3 229 103 59
    140 119 96 204 223 42 15 143 84 248 60 207 228 76 208 179 167 141
    241 40 215 109 174 85 233 147 231 68 149 19 172 176 193 201 199 222
    52 246 164 64 214 110 124 32 122 230 18 57 84 197 100 145 73 162 67
    205 15 49 91 97 219 15 70 115 48 194 43 6 19 144 102 227 4 229 97
    110 241 39 227 67 18 237 170 54 144 22 158 69 128 176 89 29 178 199
    196 135 93 202 45 24 10 30 151 15 14 99 109 56 222 137 36 129 97 45
    24 97 77 168 152 196 123 208 38 24 121 70 13 41 151 32 248 99 81 177
    67 81 121 96 23 214 153 66 205 171 3 109 8 130 157 205 210 184 30 27
    123 237 189 163 231 81 211 139 43 17 143 189 31 163 102 36 99 228
    137 1 60 166 94 162 31 169 61 252 91 125 228 246 38 71 102 247 171
    244 70 121 125 6 97 251 73 92 170 125 68 18 19 44 154 41 103 241 116
    145 193 234 156 64 115 28 118 127 134 152 146 78 44 194 73 151 243
    17 254 35 71 150 95 14 157 94 57 109 204 145 103 226 255 52 140 208
    71 19 70 76 77 172 229 100 112 71 132 11 217 148 50 17 177 186 27 32
    54 0 132 116 54 180 169 21 224 165 152 147 121 222 61 179 21 232 90
    116 233 128 72 214 81 4 219 74 202 201 243 246 238 180 219 141 80
    108 152 135 90 34 23 239 105 97 211 112 146 5 158 191 189 99 170 212
    204 131 141 144 204 194 236 60 102 98 245 12 136 188 209 168 9 226
    34 230 234 74 178 118 187 49 176 148 173 94 60 202 209 26 187 179
    250 109 57 54 83 188 149 66 229 131 175 118 254 64 201 16 206 46 152
    253 7 157 4 231 44 15 139 49 90 71 38 242 154 146 71 50 61 82 52 211
    120 150 157 1 241 67 175 21 151 234 254 209 60 183 221 224 147 78
    236 137 207 97 217 93 184 241 0 219 190 108 205 2 140 221 52 52 116
    126 233 163 92 240 49 100 248 191 125 31 151 151 87 187 255 238 189
    229 216 48 68 251 150 82 126 83 43 130 113 179 19 195 81 233 50 92
    81 211 81 234 99 186 65 158 94 218 59 67 163 189 97 44 167 18 119 92
    117 252 255 50 183 90 22 207 113 237 113 136 233 231 229 18 243 80
    81 244 11 137 155 99 97 224 178 88 93 157 56 52 86 92 247 22 241 163
    44 202 159 235 184 15 59 255 133 232 39 210 179 237 181 172 95 52
    223 204 146 202 212 228 160 84 63 75 99 251 121 31 140 22 80 117 50
    252 210 216 227 209 213 1 253 15 164 35 139 14 162 223 20 21 185 198
    68 236 41 191 129 7 114 115 50 32 122 37 243 164 121 125 60 1 175 21
    158 41 193 109 211 161 140 95 142 56 110 195 227 4 199 25 99 36 10
    210 141 227 211 21 131 63 167 46 38 208 127 30 56 102 20 213 21 5
    175 187 76 215 152 106 147 210 238 150 42 136 78 226 204 74 108 250
    193 236 207 140 136 204 3 23 81 224 66 252 36 119 156 121 195 210
    170 104 151 84 24 98 155 25 82 188 240 204 96 239 61 251 182 110 89
    115 114 234 186 153 87 113 224 219 253 53 21 36 251 209 47 211 73
    192 212 181 189 91 109 55 93 204 149 208 220 156 132 172 33 248 63
    138 160 163 222 210 218 119 105 32 102 225 153 136 150 114 181 63
    238 96 199 175 154 96 159 160 252 255 239 136 202 158 36 228 234 185
    86 91 62 184 26 105 53 206 31 48 203 117 243 170 35 213 175 167 135
    10 174 141 229 121 179 216 201 0 229 63 241 72 218 201 64 183 0 246
    248 89 98 191 143 253 131 34 28 141 210 9 123 161 39 202 30 71 202
    39 145 211 209 27 188 37 72 234 178 85 167 145 230 21 171 208 136
    248 254 16 92 181 227 247 174 223 38 144 109 255 56 54 73 123 157 40
    77 176 95 192 232 71 64 167 211 219 245 144 109 222 185 224 204 232
    171 137 32 176 221 159 87 225 37 215 108 202 14 101 19 164 17 236
    147 27 208 53 92 119 227 170 87 43 222 87 30 2 144 241 211 170 8 11
    48 151 146 36 196 152 180 221 87 212 212 27 155 201 212 196 231 226
    104 218 215 17 144 117 133 135 59 206 106 103 119 183 220 195 186 66
    36 212 22 218 236 168 127 174 184 250 223 52 194 211 51 75 10 94 238
    58 97 94 16 153 89 181 39 186 38 66 3 14 245 214 147 154 224 196 200
    129 44 207 255 190 15 189 202 124 33 75 240 14 157 255 146 112 212
    46 183 76 162 23 154 41 116 6 107 66 113 176 144 26 179 183 25 34
    206 36 219 253 134 117 142 105 7 144 40 233 5 122 93 107 232 185 42
    25 208 30 197 105 121 67 53 138 1 148 132 56 251 252 174 100 173 96
    62 59 217 32 8 52 103 76 223 179 249 146 18 41 72 228 67 219 167 236
    122 231 52 227 10 110 24 98 142 172 75 232 28 156 193 188 191 192 21
    171 93 176 110 70 230 73 81 179 83 128 167 180 53 66 123 127 127 20
    165 247 192 226 63 18 202 88 148 40 87 254 137 143 158 86 130 255 13
    181 169 78 88 161 157 209 7 55 125 102 118 118 41 139 98 240 218 82
    161 233 147 134 24 0 24 60 187 229 97 105 141 107 245 228 235 168 17
    80 88 235 222 12 103 40 5 46 218 140 167 144 186 50 74 120 233 10
    144 156 10 50 213 173 250 32 246 212 245 138 117 118 122 87 34 110
    35 204 16 191 43 12 3 133 125 175 175 191 225 20 121 54 48 124 14
    201 249 50 58 185 97 25 59 68 39 191 156 111 13 178 206 14 113 119
    92 88 127 68 248 32 156 62 32 133 77 114 213 83 25 113 149 11 171
    158 5 157 128 247 228 13 215 125 108 151 227 79 73 44 14 128 117 56
    29 103 128 227 241 12 199 57 235 108 179 191 14 69 253 141 97 101
    240 197 242 251 39 39 103 82 126 46 22 123 30 224 194 51 74 82 6 17
    253 110 121 62 190 131 111 223 254 186 164 146 110 226 236 91 184 70
    23 10 103 41 174 101 42 127 242 84 242 26 150 118 47 151 54 18 194
    219 40 2 133 0 252 248 249 145 222 40 146 197 221 192 179 233 160
    130 148 242 188 250 80 240 72 110 160 115 157 26 172 91 47 205 198
    55 112 157 147 110 166 220 76 220 27 50 105 220 243 103 194 156 49
    132 84 32 27 66 126 138 108 231 125 200 232 104 74 159 205 109 253
    82 147 23 71 119 150 211 139 172 86 173 221 165 127 53 45 212 154 5
    141 152 13 27 83 221 168 120 214 156 216 253 0 89 200 12 115 44 103
    215 246 117 234 180 100 6 50 229 223 217 120 110 226 245 27 145 95
    110 236 88 238 16 3 166 206 194 119 188 109 89 177 206 92 84 24 249
    213 219 165 206 102 52 118 153 182 85 95 50 85 61 121 210 77 24 56
    188 175 74 163 106 0 138 216 239 202 251 59 121 168 28 2 126 38 55
    18 0 132 24 149 232 23 171 219 166 81 154 241 187 133 120 218 217
    219 186 31 54 91 147 166 89 82 22 95 139 161 38 118 124 59 101 83
    142 244 11 158 89 47 219 219 121 251 8 210 151 99 147 157 251 253 26
    189 132 201 216 20 1 228 66 213 172 119 63 91 144 203 227 253 122
    183 138 243 63 227 152 117 144 236 133 152 228 39 48 233 10 60 82 0
    26 154 4 41 139 209 123 126 183 141 218 51 140 146 7 46 154 109 180
    156 167 145 247 58 186 220 13 67 27 252 218 181 60 82 183 61 209 149
    19 91 210 140 251 179 100 60 72 191 220 72 81 211 224 67 251 119 23
    88 27 92 232 116 36 150 195 148 11 213 237 182 144 226 164 196 79 59
    226 100 57 74 231 76 99 21 152 80 113 57 38 108 189 58 171 234 70 49
    202 87 144 250 189 114 21 22 227 113 178 111 216 122 74 99 228 218
    226 149 167 117 231 179 99 14 252 214 103 158 58 0 42 110 94 65 156
    99 217 222 87 226 202 168 155 66 247 224 141 225 61 152 234 146 126
    212 197 223 249 170 96 40 214 6 43 26 103 171 36 207 91 176 112 85
    195 228 221 65 64 171 249 232 51 181 153 11 119 90 140 198 128 84
    237 211 190 5 98 197 52 51 191 228 20 241 120 153 239 3 178 85 5 190
    29 69 248 6 250 33 212 26 132 62 181 168 167 162 193 10 245 73 41
    192 244 225 239 14 174 195 35 15 129 4 96 50 67 117 235 59 25 251
    225 89 179 105 48 36 161 134 250 228 153 97 144 16 163 95 20 150 219
    189 244 62 71 1 105 141 72 48 30 119 153 119 178 126 67 148 98 17
    106 246 136 172 193 107 150 25 181 63 90 79 96 138 132 30 96 155 67
    205 57 38 242 131 203 218 80 51 153 77 173 69 175 59 49 64 157 37
    163 7 231 197 205 251 144 0 211 236 101 102 19 113 10 27 221 219 27
    183 52 221 184 58 184 19 32 74 177 141 26 160 150 105 69 36 153 127
    182 41 97 96 76 246 114 102 147 0 231 15 69 155 196 227 64 120 32 11
    107 78 100 114 248 166 93 65 152 236 47 139 6 239 40 177 19 140 123
    233 232 86 119 114 126 156 198 164 196 202 72 64 226 235 70 15 11 12
    242 64 78 54 162 209 103 217 130 23 167 95 209 152 110 230 16 89 155
    53 8 221 230 117 144 126 114 59 45 121 47 177 138 197 111 235 2 242
    137 100 9 205 198 168 164 4 196 7 65 251 121 195 71 196 116 163 209
    177 126 93 72 92 167 126 108 85 155 123 205 151 127 6 207 74 0 4 15
    48 47 60 173 243 255 248 53 9 43 127 115 118 190 41 52 71 221 82 205
    188 116 221 127 136 96 42 68 94 143 114 10 253 225 38 80 1 60 78 234
    138 62 59 114 107 157 171 86 138 52 175 148 167 33 43 130 15 113 250
    99 41 59 108 154 112 137 37 139 16 196 236 219 214 169 240 109 165
    54 2 78 188 78 111 156 1 61 181 243 57 85 157 46 54 74 117 199 108
    189 197 230 35 45 249 122 208 255 149 13 192 68 57 117 125 156 63
    178 237 244 111 156 120 250 67 243 8 98 191 69 204 2 65 136 5 172
    117 10 158 94 122 155 210 97 101 200 32 19 61 34 126 244 251 107 186
    235 153 3 230 244 168 69 158 131 102 39 242 42 86 230 109 84 188 121
    45 245 48 212 253 144 217 156 137 120 152 215 8 75 98 92 3 29 228
    166 188 99 116 33 39 232 55 158 186 47 0 215 33 33 170 0 192 120 17
    193 184 241 69 4 40 84 182 174 152 146 167 207 236 101 16 231 206
    255 127 220 54 193 175 128 186 6 178 176 122 81 30 20 116 147 15 107
    181 248 175 241 42 79 106 114 98 166 120 170 242 182 31 162 71 210
    217 179 135 137 131 103 42 32 243 55 74 142 166 51 135 142 255 87 22
    234 104 81 222 2 95 1 194 193 101 223 68 249 249 179 211 236 134 195
    221 146 78 47 232 82 219 53 250 201 152 64 228 95 211 180 41 237 22
    134 120 169 12 223 244 111 151 18 29 58 141 15 13 203 39 176 147 159
    91 228 99 63 73 178 89 16 46 169 226 40 233 86 116 130 151 51 36 89
    49 106 7 244 73 61 219 86 245 58 222 230 127 241 255 35 21 255 132
    184 175 241 234 228 15 165 163 129 25 136 230 93 78 157 128 5 244
    226 27 149 179 46 61 219 102 251 23 176 25 210 219 169 140 181 191
    59 208 61 221 106 75 93 172 171 153 111 229 97 48 3 63 226 82 49 112
    220 83 179 7 110 234 94 214 165 83 231 92 215 26 222 83 77 75 14 104
    29 166 244 8 219 80 214 83 38 18 56 62 253 199 219 181 85 96 133 164
    128 147 187 190 203 52 104 233 197 129 102 201 200 254 1 44 172 119
    32 180 14 5 141 213 39 170 148 93 190 55 74 156 12 216 245 240 50
    173 169 222 248 236 146 73 95 171 84 26 230 251 77 65 6 84 152 156
    183 81 63 195 157 77 246 24 106 110 155 40 154 23 16 166 240 26 8
    220 113 146 212 124 161 192 28 108 195 159 73 48 33 70 124 253 219
    199 235 94 36 167 51 48 196 93 143 57 239 110 214 210 184 229 232 53
    254 16 171 192 162 219 9 33 109 167 5 210 60 108 212 79 46 233 148
    210 207 114 185 15 24 239 201 233 225 42 129 95 141 50 181 22 201 71
    240 90 51 177 161 241 216 238 147 83 95 84 157 106 213 9 51 30 5 145
    153 21 247 132 152 224 72 212 27 215 11 128 177 1 38 122 192 176 221
    214 191 55 182 21 95 1 10 225 245 176 90 28 108 18 126 236 239 92 31
    66 179 190 79 2 83 109 8 132 128 49 70 188 15 74 107 46 167 79 24
    198 161 31 221 178 18 25 150 0 246 112 111 90 190 200 158 54 167 54
    7 67 59 16 123 216 244 8 154 115 74 135 115 123 50 191 36 235 52 74
    100 90 68 212 110 215 49 32 206 186 42 234 119 55 211 83 185 143 15
    198 94 135 0 169 91 193 144 238 52 26 181 173 67 111 88 140 198 181
    106 160 148 23 73 156 50 64 244 39 63 89 57 216 55 92 0 197 94 247
    226 160 79 36 178 189 210 173 116 96 155 139 104 210 121 79 192 134
    25 70 15 53 109 18 135 245 115 206 173 39 146 46 5 232 211 122 158
    29 101 221 155 244 100 145 72 69 95 233 222 89 57 79 133 112 238 85
    5 1 98 102 31 61 200 81 237 170 94 23 99 143 109 125 202 97 193 140
    72 33 182 130 151 85 50 3 136 138 250 109 218 142 237 9 236 211 209
    3 233 34 219 27 132 175 26 40 174 22 106 15 233 244 159 236 36 67 63
    38 146 23 193 64 29 35 173 149 137 173 69 200 225 139 176 194 135
    144 145 7 141 22 152 172 69 76 179 186 189 187 216 229 159 88 160
    203 87 210 140 172 125 157 182 3 16 163 31 69 146 98 213 147 50 19
    106 64 38 104 58 66 27 121 95 220 241 38 110 189 124 198 94 226 246
    81 171 46 203 50 113 106 140 2 71 68 182 65 110 200 119 165 183 53
    251 235 206 224 19 126 51 60 62 100 113 140 133 174 212 75 139 223
    183 136 44 76 95 103 107 248 149 199 106 255 127 249 234 171 102 139
    153 251 5 23 184 249 92 224 77 104 207 130 154 121 244 109 181 158
    82 114 147 65 197 59 13 193 25 152 179 117 210 58 49 110 72 162 124
    179 138 40 51 80 182 33 176 66 0 30 122 161 205 79 10 43 152 173 76
    131 111 53 69 234 43 206 1 24 28 188 142 234 141 222 125 222 155 146
    34 158 180 177 241 159 190 50 206 107 238 51 137 27 232 131 141 226
    201 154 85 228 27 247 91 177 104 143 55 83 178 211 53 115 191 136
    120 42 92 224 80 100 41 160 191 177 169 76 202 143 174 255 128 27
    122 219 43 253 215 135 72 39 193 159 199 64 47 222 42 41 201 71 251
    163 145 65 246 30 124 170 172 170 241 214 54 163 23 32 20 152 195
    175 32 133 126 109 181 147 189 161 136 113 63 189 161 186 177 58 26
    223 64 163 66 122 32 199 212 144 25 251 191 104 70 119 51 229 193
    165 240 106 108 184 65 222 99 147 42 131 175 189 140 155 215 206 28
    54 248 20 221 6 23 8 64 97 70 21 242 219 243 2 55 160 196 16 96 127
    9 106 213 187 131 57 19 42 7 41 96 217 255 89 37 183 119 27 207 153
    225 159 152 213 222 249 79 67 192 90 131 235 72 240 191 149 42 203
    132 217 149 50 78 26 120 25 55 226 28 171 10 195 215 230 215 213 62
    202 191 172 233 250 83 143 14 122 43 50 188 6 85 234 177 129 215 1 5
    232 93 175 149 57 105 29 139 67 26 5 125 156 223 190 192 40 246 141
    248 185 183 125 170 201 201 131 166 187 157 249 125 163 96 61 14 86
    209 10 117 151 107 89 163 162 14 194 41 194 74 130 213 170 70 60 56
    186 150 143 100 80 34 52 243 97 71 130 252 242 5 103 179 90 140 189
    180 9 131 204 196 227 249 36 109 70 101 200 181 35 223 14 191 30 101
    195 184 233 67 100 115 160 203 175 105 91 136 226 168 247 252 117 80
    212 171 253 241 129 235 141 132 139 191 6 231 200 138 21 238 104 129
    194 104 235 23 28 207 240 45 196 228 149 26 84 100 27 90 18 50 82 71
    127 195 97 172 73 9 214 243 252 251 19 244 216 4 178 82 229 131 171
    112 113 164 64 88 252 44 47 207 50 175 213 221 75 46 80 163 15 191
    155 70 89 96 7 40 54 139 235 156 191 96 36 241 254 173 1 236 227 248
    178 169 36 146 246 227 54 7 145 189 142 121 205 112 144 24 206 15
    151 161 95 74 135 70 182 254 30 5 189 219 228 114 190 247 100 46 16
    79 236 82 108 147 187 193 11 251 83 83 91 190 239 230 168 157 45 13
    80 143 9 148 46 253 66 76 65 152 102 80 204 220 213 138 209 207 232
    100 103 127 134 28 174 84 185 164 90 244 119 157 226 172 16 124 252
    88 211 95 109 205 253 247 139 165 26 89 214 126 191 30 195 150 153
    30 131 108 27 183 205 67 242 123 183 212 177 128 103 118 111 229 164
    152 73 121 77 44 192 129 234 213 51 87 140 36 40 70 49 96 183 54 87
    247 115 117 225 127 166 202 96 110 57 48 2 233 16 6 204 115 6 61 52
    76 30 160 9 32 148 237 230 119 206 179 98 243 106 22 91 241 198 191
    83 199 61 16 53 24 228 181 167 79 16 173 121 178 235 35 220 106 211
    88 100 122 142 201 209 65 164 77 197 83 193 251 234 205 183 89 68 40
    135 230 20 37 150 101 60 50 172 103 132 197 109 131 78 63 176 117 64
    133 2 101 187 213 128 40 23 30 168 138 83 232 35 69 104 94 33 177
    182 207 115 17 78 174 103 145 133 124 147 76 210 189 165 16 193 118
    209 47 168 245 190 32 167 82 44 131 42 233 139 130 93 196 43 197 114
    127 32 138 187 72 207 130 52 215 47 217 27 182 188 208 84 173 12 237
    228 192 156 251 165 174 178 176 58 201 29 199 201 35 154 172 39 73
    105 161 230 255 95 117 53 231 213 27 2 151 161 126 120 200 49 164
    187 33 204 186 72 132 66 81 254 3 157 232 224 240 251 40 64 189 175
    48 181 91 139 151 125 225 169 232 165 172 141 241 180 187 133 111
    153 255 88 142 223 81 30 133 75 230 194 164 52 85 55 164 213 10 174
    199 2 15 166 188 167 103 106 249 233 53 70 229 49 12 203 9 31 54 9
    62 200 58 106 95 130 236 65 66 20 12 142 149 193 121 100 95 14 8 136
    20 33 175 96 80 131 119 136 172 169 228 186 34 182 53 160 70 14 34
    127 96 84 111 17 37 228 226 250 83 99 26 153 39 230 39 252 120 139
    160 71 5 241 65 105 135 156 120 10 182 67 137 192 122 118 125 158
    160 116 114 200 55 55 163 100 216 239 163 173 7 239 230 213 36 218
    143 236 140 31 67 61 183 77 172 162 238 255 57 160 235 59 142 217 95
    20 239 130 237 48 144 112 124 151 216 73 70 109 182 121 91 114 56 73
    101 133 217 114 242 20 241 141 164 144 113 205 240 195 95 243 236 89
    204 9 194 207 214 21 198 135 250 6 80 97 50 119 2 43 14 157 220 197
    67 150 129 107 154 125 135 242 16 158 3 96 121 171 99 119 227 196 22
    253 178 151 170 128 52 124 142 185 191 20 42 199 162 166 155 228 213
    60 133 210 126 35 213 237 22 80 52 79 181 0 15 63 44 80 53 21 126 75
    16 10 234 146 103 106 45 130 52 23 188 43 166 62 90 6 44 175 3 139
    19 219 223 156 32 229 241 138 66 7 14 244 211 139 85 53 37 20 1 232
    150 44 168 123 101 61 180 7 94 254 140 108 124 205 122 116 244 113
    10 37 225 157 121 88 21 120 24 115 236 136 91 48 25 209 54 11 219
    123 12 127 242 104 39 120 169 60 225 173 115 167 92 255 244 67 74 20
    88 0 219 147 101 3 5 225 95 245 189 247 73 229 228 103 38 141 208
    168 33 173 212 47 169 91 21 84 42 207 64 0 57 216 132 15 247 85 20
    105 207 105 223 118 5 231 123 2 171 210 174 40 239 0 202 180 46 229
    132 24 91 50 116 255 195 248 46 142 210 241 189 207 194 93 126 14
    245 33 99 59 27 20 90 105 82 247 134 71 155 184 65 176 136 156 118
    40 131 4 142 99 154 194 196 250 217 98 97 87 111 123 155 145 222 185
    219 13 216 201 74 222 238 180 146 148 60 153 212 119 52 25 103 75 40
    184 197 216 133 53 231 72 30 189 170 24 32 6 226 222 4 32 254 182
    240 241 108 5 186 193 84 19 142 97 67 106 142 158 12 218 190 177 204
    97 124 162 239 155 62 208 140 62 33 222 128 204 224 86 182 177 196
    126 39 156 113 100 33 30 90 140 97 222 177 24 116 64 235 249 73 205
    155 17 223 7 202 31 189 214 227 103 6 17 72 58 134 109 158 138 2 88
    9 171 203 2 80 106 168 3 5 22 23 242 11 218 49 169 25 20 188 30 239
    163 87 189 251 163 112 71 111 65 49 148 141 74 210 189 89 217 114 61
    227 160 131 61 118 139 207 9 169 211 186 130 147 28 65 51 87 82 138
    29 239 160 91 98 146 6 71 134 53 214 159 35 221 234 85 197 67 77 29
    246 160 5 223 156 134 107 236 176 66 234 233 52 95 131 137 200 175
    147 221 146 134 80 76 15 167 251 131 75 59 33 104 194 201 171 170
    123 225 115 21 144 13 127 241 224 201 114 124 149 99 220 216 200 134
    119 5 107 206 77 45 72 150 127 85 116 78 192 149 151 177 78 57 41
    181 32 57 46 91 255 101 114 46 244 243 21 136 118 54 73 100 253 184
    236 117 117 210 75 38 168 253 126 102 235 207 136 110 208 102 249
    111 250 91 224 10 16 155 112 111 38 73 217 153 134 59 49 70 23 188
    27 211 213 80 140 206 7 5 61 119 211 192 192 74 243 137 167 197 165
    153 46 38 200 13 131 234 229 122 177 32 70 98 57 227 29 240 44 48 93
    114 23 78 241 228 190 137 47 49 7 79 228 33 113 6 230 7 69 132 38
    114 153 164 75 199 192 44 244 49 172 159 90 37 125 170 14 157 81 10
    125 255 177 210 27 240 133 18 224 108 11 144 123 55 163 232 208 119
    200 143 10 214 241 1 108 8 28 129 214 218 208 150 93 110 166 80 96
    242 80 86 211 202 185 160 91 79 82 198 241 18 40 223 69 200 131 24
    62 149 249 228 89 138 126 88 15 77 99 134 253 78 47 123 246 101 249
    37 110 114 42 205 35 4 206 75 10 158 54 85 109 99 56 81 196 11 28 93
    70 254 163 143 14 58 65 197 205 29 188 82 157 120 154 167 78 38 139
    95 191 205 248 42 199 91 240 235 241 53 134 178 192 146 52 131 218
    51 44 63 97 191 168 1 87 115 187 160 247 8 242 112 178 66 146 27 230
    224 213 234 65 63 170 37 229 242 212 187 177 76 33 115 74 63 169 109
    236 218 240 110 155 237 124 100 84 5 126 73 21 153 25 172 109 97 162
    234 111 94 187 46 116 4 175 241 52 30 108 197 234 173 16 63 99 232
    239 37 218 34 194 151 91 120 127 233 205 137 20 196 78 246 247 253
    116 59 70 187 106 71 143 113 121 48 231 208 26 155 172 36 176 205
    178 84 204 99 103 182 255 249 247 156 166 179 255 69 108 78 135 60
    67 223 17 225 77 178 56 200 195 200 94 18 195 192 124 113 138 79 56
    23 188 109 248 95 61 74 236 9 244 234 3 126 112 230 174 171 179 79
    181 7 177 71 112 22 186 205 36 112 7 75 135 131 3 15 197 32 251 96
    201 149 133 222 234 223 166 76 53 191 122 41 182 154 28 199 152 155
    245 97 226 222 64 26 231 74 86 69 16 154 164 100 63 248 46 67 39 112
    239 74 144 153 120 40 48 50 51 203 249 95 119 189 142 243 25 44 51
    252 223 249 98 162 152 4 240 24 47 13 7 202 0 98 31 125 170 174 8
    232 181 242 13 145 46 87 244 2 121 159 61 44 117 117 184 8 87 124 82
    23 244 90 44 185 78 152 145 59 182 238 88 96 136 128 87 112 185 159
    5 249 188 93 116 218 204 120 138 171 237 109 42 110 185 144 214 1
    200 147 180 76 135 110 52 244 140 115 101 22 236 233 232 23 202 58
    91 72 18 248 49 90 25 242 122 155 124 221 10 194 200 52 93 0 31 250
    111 136 108 36 21 56 221 114 203 120 209 81 35 248 60 5 151 105 75
    16 80 225 4 22 71 212 207 193 195 237 8 12 99 5 58 19 14 32 98 119
    123 162 81 34 49 136 15 129 175 217 156 41 134 46 135 223 208 227
    153 109 240 163 14 52 88 111 80 244 254 115 86 127 25 44 168 240 226
    171 65 253 9 158 5 112 1 251 34 30 220 94 79 222 5 34 38 246 160 50
    116 107 210 189 47 134 106 204 38 67 177 115 198 32 120 46 43 56 72
    150 248 179 47 116 3 28 57 24 39 60 120 69 22 193 11 227 152 186 232
    129 184 172 211 26 124 134 81 39 163 232 184 98 236 213 109 171 72
    50 212 208 102 168 176 253 180 75 161 69 202 132 225 15 221 204 100
    118 234 222 242 44 54 42 22 172 55 241 16 42 18 198 90 125 211 134
    93 87 245 214 70 164 255 96 232 98 48 180 164 64 75 53 215 111 7 166
    40 156 33 94 248 225 139 123 167 153 41 35 167 175 242 133 55 115
    154 57 219 9 4 31 119 246 184 146 48 61 230 79 235 118 191 69 7 90
    199 253 147 249 245 52 50 142 100 250 192 74 148 76 222 148 194 174
    53 73 16 16 200 32 117 242 244 96 12 165 233 165 35 99 237 113 241
    212 28 47 243 177 66 75 26 133 232 27 239 127 239 60 76 150 181 30
    107 93 2 68 89 139 84 85 222 253 10 204 123 204 251 20 98 185 11 114
    1 68 157 160 162 163 71 58 12 41 178 203 42 19 77 205 13 5 73 0 120
    185 22 221 169 117 107 81 102 181 174 63 234 202 7 208 128 111 29 1
    249 233 127 167 107 57 214 207 30 3 85 98 236 182 115 85 52 29 177
    25 198 129 223 97 141 148 142 26 24 22 160 178 53 216 116 172 249 64
    111 38 167 185 251 98 183 32 255 211 61 106 163 166 224 98 14 191 90
    14 132 253 193 155 32 106 5 108 215 3 43 5 85 73 211 120 160 175 138
    214 7 86 224 176 138 138 204 109 94 230 11 215 178 175 40 44 63 195
    7 133 81 228 120 182 247 224 243 9 45 154 65 9 144 37 233 77 181 255
    11 252 249 34 115 13 232 176 182 212 123 127 175 75 111 50 178 40 78
    166 44 187 128 93 183 56 130 192 83 216 185 120 181 93 5 245 19 150
    15 130 162 19 236 95 222 183 205 77 230 123 202 68 213 86 223 150
    202 243 109 60 87 91 150 34 2 177 52 124 242 232 138 219 242 123 130
    135 61 91 122 134 254 28 123 161 114 48 239 159 79 58 185 183 193 36
    81 75 176 0 10 8 151 88 1 35 35 137 68 0 16 221 68 77 114 72 96 141
    114 194 194 80 6 246 243 75 199 153 118 249 135 27 186 133 241 241
    11 178 158 13 4 23 96 74 246 141 216 167 83 46 5 213 254 64 78 196
    124 135 68 203 2 169 242 166 213 23 113 169 90 183 241 49 253 122
    206 96 80 44 82 46 137 170 232 91 108 183 171 109 61 21 88 205 194
    236 3 210 69 114 148 179 69 243 159 46 103 117 114 17 24 234 110 203
    150 160 175 195 162 25 38 42 211 61 7 94 194 91 253 64 161 231 77
    100 172 215 66 67 22 63 156 142 67 97 35 22 91 98 198 237 12 202 165
    115 143 151 35 225 220 118 86 211 70 242 205 235 235 159 230 22 203
    5 89 252 119 209 225 115 203 236 208 163 65 53 16 144 185 44 20 151
    138 169 79 121 33 241 35 135 17 100 105 242 98 195 11 213 124 166 52
    207 112 154 140 91 199 167 181 61 104 99 186 19 45 92 40 76 143 115
    109 239 70 197 1 240 62 23 195 83 210 6 155 104 35 54 153 120 152
    187 248 149 190 100 157 235 98 129 75 126 79 196 148 205 222 162 163
    225 253 59 93 4 58 147 232 239 3 149 134 191 202 176 67 3 119 210
    114 57 214 159 83 188 186 117 115 143 139 43 111 32 100 211 126 44
    255 167 195 205 43 14 131 62 46 172 182 11 246 243 168 69 229 134
    215 115 207 191 125 45 159 4 93 148 146 192 169 27 120 212 230 29
    184 0 138 19 100 52 242 171 31 63 71 57 23 170 143 1 190 189 151 249
    39 115 147 49 61 97 236 5 104 129 236 218 185 187 158 161 124 50 158
    241 74 183 241 198 52 219 213 244 11 24 215 86 34 253 211 18 39 233
    191 70 51 55 132 53 117 79 171 122 73 175 27 36 113 104 201 111 1
    138 20 144 7 146 209 236 194 251 24 143 60 132 185 10 191 0 234 94
    94 68 213 116 179 54 241 72 232 227 235 112 162 91 45 191 217 180
    147 236 94 66 127 207 190 156 46 156 79 66 104 140 211 247 155 62
    117 11 3 176 65 74 14 116 123 145 243 247 39 212 149 70 83 184 239
    160 242 235 132 6 70 225 13 197 138 64 53 87 70 32 22 81 26 131 35
    207 24 176 29 149 209 217 7 173 192 3 147 110 98 216 59 192 107 38
    92 66 230 115 51 17 142 44 200 39 36 194 172 142 56 70 67 47 249 21
    235 238 151 6 202 12 120 140 72 111 189 197 22 69 94 166 200 174 144
    4 78 176 202 133 189 87 184 147 209 255 97 64 173 249 111 101 155
    136 239 139 186 222 177 65 176 83 141 225 212 232 230 206 100 214
    243 231 84 248 173 198 183 213 109 103 101 216 162 36 7 134 50 229
    39 197 13 101 119 122 162 112 32 42 252 8 115 79 61 169 213 21 34 80
    217 133 78 171 4 2 240 132 107 28 66 7 161 233 208 0 230 58 43 80 10
    213 219 40 26 235 44 7 78 81 177 217 161 161 133 172 232 64 114 252
    69 109 244 107 91 36 150 110 84 33 1 229 59 158 215 96 119 203 51 33
    119 211 230 11 89 173 70 45 190 191 61 6 67 165 57 139 250 186 179
    84 233 76 220 138 60 50 211 149 201 246 24 138 116 16 42 17 45 225
    119 226 176 50 123 71 33 64 86 68 94 80 155 11 118 247 139 157 45
    162 117 137 225 86 41 246 6 102 225 120 206 77 113 189 30 253 109 98
    184 40 69 115 139 171 45 228 125 254 27 226 148 5 138 62 175 142 59
    108 103 113 55 36 199 193 82 244 73 52 67 39 118 240 187 8 254 217
    113 168 127 248 185 89 83 210 245 62 116 176 95 7 35 123 147 84 181
    222 36 147 95 130 31 122 117 251 182 160 222 212 155 186 122 57 227
    155 134 151 21 0 37 118 149 11 149 220 182 43 137 229 88 24 244 234
    87 179 48 175 243 74 129 251 253 116 184 86 156 239 152 142 95 218
    30 34 163 187 79 147 181 179 224 204 116 187 170 6 47 151 97 145 7
    33 79 144 9 138 110 75 189 172 202 15 126 153 96 226 63 249 115 24
    130 187 241 7 138 0 169 247 153 136 121 225 230 139 98 148 116 249
    50 0 184 207 229 11 120 179 199 180 18 254 69 192 165 27 185 57 48
    77 250 54 139 49 106 168 18 200 211 179 252 89 99 60 90 168 19 187
    128 148 148 193 77 170 36 70 83 76 245 39 98 247 138 224 151 22 246
    122 158 127 64 169 48 238 253 124 219 65 248 214 37 53 68 61 129 28
    200 129 3 63 255 171 47 157 237 84 60 44 108 18 243 37 116 226 23
    207 224 147 218 146 31 209 171 112 18 68 158 229 41 247 49 202 83
    175 73 162 51 106 45 39 194 111 196 63 203 21 160 11 53 113 121 159
    19 225 214 112 254 69 193 231 127 16 140 130 253 95 215 59 215 153
    99 214 138 157 82 66 224 23 2 207 91 3 193 5 73 155 248 161 212 179
    78 108 142 243 218 232 6 125 182 173 37 248 193 209 173 204 24 198 8
    190 25 22 86 151 143 21 87 148 186 2 175 225 248 32 131 234 181 157
    192 22 2 65 119 107 16 139 90 86 134 193 118 132 164 121 49 221 90 4
    201 21 27 172 45 175 43 75 28 25 107 47 161 189 173 219 80 41 185
    149 146 65 236 243 55 120 180 8 46 60 156 235 9 32 35 7 64 108 115
    91 241 197 10 224 16 100 245 113 181 1 122 82 124 0 122 153 110 150
    114 187 42 155 140 204 22 185 154 242 233 152 99 242 86 9 159 64 199
    31 9 142 245 67 72 236 140 104 33 200 127 188 80 252 227 100 95 65
    245 105 71 34 19 124 115 159 57 221 104 245 135 10 76 103 85 248 61
    190 50 208 138 62 96 155 184 132 204 39 146 12 68 37 1 239 10 116 97
    223 60 176 232 143 41 206 159 242 68 245 155 70 145 195 243 56 247
    71 78 91 32 148 230 11 142 154 180 110 100 69 79 207 231 192 228 31
    245 253 105 191 20 43 146 109 240 125 232 129 120 118 25 228 41 109
    80 167 225 67 163 21 16 1 63 74 239 191 202 27 152 87 245 137 133
    127 208 45 205 63 248 42 148 24 63 38 78 83 15 123 46 3 25 241 224
    58 220 230 66 218 74 150 32 143 112 87 65 177 92 188 184 192 244 31
    150 30 7 74 39 56 2 155 139 128 47 203 87 78 22 47 57 8 156 203 211
    161 246 182 96 125 149 134 255 63 95 157 70 65 187 69 14 220 99 156
    215 173 16 181 167 101 113 45 22 139 107 28 211 11 120 105 113 71
    191 247 54 230 46 25 61 133 100 6 176 118 226 25 41 169 65 82 83 66
    44 13 25 170 145 171 55 115 101 41 39 93 109 34 31 64 9 128 175 246
    43 133 195 249 86 237 238 186 28 200 122 93 34 100 88 54 145 38 49
    61 114 170 55 144 149 130 123 198 110 91 215 138 251 231 79 133 23
    34 61 225 222 164 129 157 225 72 223 198 88 115 3 158 237 21 63 229
    250 249 126 240 56 82 117 18 165 108 95 124 28 71 63 105 241 215 119
    173 151 254 142 33 178 99 106 51 195 144 14 64 69 220 101 220 76 66
    66 75 176 58 167 86 134 45 133 72 196 14 208 173 150 88 101 8 156 15
    174 74 26 50 94 58 221 31 223 129 238 105 6 132 81 124 185 194 112
    21 72 230 201 13 127 98 115 30 17 247 56 34 66 139 123 192 46 159 27
    162 146 89 156 122 108 219 223 88 231 40 19 33 16 204 152 226 194
    232 228 200 135 62 110 114 208 37 133 8 26 12 250 15 182 159 27 133
    140 207 31 143 123 247 8 25 17 125 29 12 78 88 250 55 38 46 223 86
    75 225 50 21 43 133 207 238 167 94 190 22 253 113 183 124 58 88 144
    11 22 120 248 164 83 229 197 112 139 155 208 102 235 118 221 12 250
    17 44 117 114 28 172 71 11 231 102 61 18 194 147 250 154 110 203 91
    83 15 155 156 247 127 108 155 61 130 95 101 46 69 211 160 176 29 161
    244 26 182 10 71 17 210 117 216 50 191 233 115 49 138 71 59 129 125
    178 229 115 197 188 19 221 248 197 163 1 242 127 94 52 45 165 80 133
    56 94 226 213 159 120 86 214 240 115 143 86 110 46 89 179 103 193
    114 207 85 48 138 137 45 75 44 214 204 67 64 28 142 122 158 19 249
    243 236 225 10 53 232 202 116 109 32 82 143 83 231 211 95 80 46 36
    145 113 193 239 235 85 62 186 142 255 252 22 45 102 66 229 123 45
    121 117 210 110 232 170 136 4 136 183 253 65 68 72 192 160 107 63 47
    140 158 226 252 173 35 218 255 205 186 30 175 60 63 254 65 159 205
    247 63 146 41 82 54 161 251 62 206 203 34 17 131 252 241 20 191 121
    245 130 188 58 252 29 92 58 211 201 42 161 137 43 61 35 192 9 58 19
    93 157 117 186 204 24 251 168 126 247 105 35 29 124 184 248 171 124
    174 212 137 77 76 16 89 180 235 191 172 106 168 79 175 138 68 216
    112 248 158 234 66 247 144 25 37 71 10 188 139 218 207 196 160 206
    47 56 66 9 0 71 64 28 79 55 242 119 157 249 175 154 185 207 90 18 49
    111 104 194 152 207 239 225 144 50 147 163 40 236 213 28 14 203 37
    87 32 185 104 169 249 203 16 1 97 168 23 152 239 159 241 127 29 64
    151 231 7 121 232 228 51 77 47 73 2 160 58 108 210 247 160 125 130
    123 193 253 94 36 35 139 27 10 164 255 195 84 226 151 173 238 129 49
    85 23 60 22 171 233 75 97 172 249 248 102 104 230 244 189 10 233 29
    248 90 64 244 3 160 186 45 147 59 195 42 96 74 47 105 13 192 179 220
    227 98 125 99 137 109 5 116 127 92 195 174 75 182 41 156 57 167 13
    105 129 166 169 88 10 161 162 105 190 117 17 172 81 199 104 233 23
    161 246 206 18 124 238 68 134 249 107 172 201 170 136 248 218 177 12
    246 191 47 238 106 18 243 94 0 242 172 212 100 112 106 26 47 67 119
    136 33 116 210 157 132 159 149 157 129 59 15 191 91 45 42 144 221 6
    219 251 185 73 101 222 54 247 56 44 127 186 198 191 147 136 5 112
    130 47 45 66 22 58 194 28 155 239 162 23 64 148 14 42 220 60 146 218
    17 254 43 90 43 73 27 91 133 110 98 29 10 190 169 153 12 236 19 54
    202 88 6 29 99 70 188 84 172 94 21 117 5 150 241 20 119 124 56 115
    137 26 239 85 103 68 12 130 209 105 156 195 194 10 147 33 66 103 85
    128 45 81 17 132 116 21 151 233 134 44 208 180 145 194 215 56 251 28
    177 177 97 74 4 240 49 254 28 251 225 118 61 244 82 235 64 124 252
    235 143 59 220 83 99 167 170 134 53 240 20 172 82 139 87 201 161 11
    89 24 178 96 215 250 141 231 56 106 58 84 182 174 174 37 249 166 218
    166 139 94 238 134 139 148 225 1 226 226 78 8 249 65 67 156 37 89
    121 153 92 163 217 75 49 132 36 9 19 187 40 196 83 75 122 228 97 17
    141 231 63 60 169 181 152 181 243 70 59 205 79 165 166 126 206 63
    229 97 51 244 35 57 24 150 82 2 118 31 150 110 60 113 82 112 140 112
    3 174 232 54 8 224 66 72 100 217 118 198 89 215 100 92 26 27 147 146
    50 174 56 210 29 241 4 254 41 152 109 15 172 123 138 28 17 86 134
    201 151 40 100 148 76 4 49 144 89 84 45 213 124 230 29 97 47 167 137
    2 13 184 197 95 83 50 143 25 64 81 90 135 97 249 123 78 23 67 104
    220 91 12 201 4 122 64 194 247 16 166 47 223 189 51 70 115 84 136
    176 82 71 92 18 220 70 141 15 128 201 221 223 109 21 43 41 166 70
    225 251 197 226 228 79 5 165 94 61 30 229 55 193 17 111 174 215 32
    231 80 106 55 202 144 34 24 222 124 202 214 199 48 60 148 170 52 121
    170 14 208 174 189 88 43 11 108 101 10 203 44 124 9 148 20 54 28 103
    174 176 125 46 5 13 11 219 69 183 199 13 197 200 16 140 184 233 35
    68 0 58 228 216 157 237 107 67 101 203 16 195 199 64 140 68 105 14
    169 96 228 2 125 173 221 253 215 18 81 113 59 125 138 168 89 78 62
    139 20 95 18 172 226 72 111 32 7 166 2 212 208 7 124 17 163 205 164
    223 57 141 7 12 132 150 206 53 123 56 109 244 69 58 142 11 218 73 24
    144 112 213 92 109 164 219 117 190 84 3 244 91 191 242 46 223 79 128
    225 253 36 78 75 19 108 74 54 241 234 102 48 110 234 212 46 243 97
    251 154 28 168 233 244 205 75 81 2 30 60 111 180 130 71 57 238 126
    128 218 172 116 56 62 214 167 137 109 90 105 72 93 92 101 240 44 144
    200 175 36 93 136 113 112 97 170 161 22 85 254 28 186 234 5 90 128
    169 228 221 172 36 71 38 10 104 118 127 60 84 112 52 149 194 84 211
    90 6 20 118 162 125 81 232 23 49 35 228 137 71 77 195 212 90 160 179
    40 193 242 126 130 213 53 205 13 55 196 203 251 35 38 194 65 2 197
    29 229 62 213 155 33 61 224 252 251 80 162 50 202 81 55 35 173 137
    88 52 211 150 108 228 167 56 65 163 186 140 15 48 92 8 29 84 88 222
    156 224 56 171 85 185 21 237 38 155 121 67 24 129 1 142 69 214 81
    103 16 172 190 203 79 197 29 238 132 107 123 172 191 11 202 179 184
    151 178 187 216 84 70 170 251 84 186 176 46 174 7 173 89 220 90 211
    11 79 116 126 5 178 197 211 80 223 107 219 41 157 158 139 95 211 214
    4 3 57 231 215 159 178 130 206 222 235 172 106 197 207 219 237 4 59
    220 172 140 176 16 56 183 47 1 95 250 174 230 103 9 48 84 224 211
    142 213 64 72 71 9 134 208 144 132 92 81 69 88 134 222 92 231 66 133
    65 220 130 251 176 140 130 27 193 154 182 162 154 246 38 33 210 95
    146 218 131 232 153 73 134 169 30 89 213 195 26 38 146 202 157 182
    190 188 97 150 36 237 166 223 123 26 234 23 36 176 136 252 236 130
    129 9 49 83 167 65 76 4 252 63 35 233 223 227 77 160 144 3 31 96 144
    249 121 187 229 71 236 197 65 243 47 90 232 138 222 165 104 237 245
    208 144 38 219 17 250 44 139 58 247 40 171 110 30 113 21 25 203 59
    72 151 126 210 57 79 38 98 94 228 71 41 210 175 110 12 25 242 6 39
    90 110 26 14 219 129 179 67 107 220 204 58 88 166 57 173 33 140 65
    120 163 249 217 39 198 15 200 165 161 55 73 176 240 74 193 124 124
    81 138 59 70 71 104 119 191 151 153 145 93 96 122 233 195 146 31 206
    105 129 98 43 203 72 157 34 83 132 82 233 219 52 99 32 81 119 119
    173 80 28 38 238 56 186 86 42 33 209 30 44 106 110 65 60 99 21 32
    175 62 109 81 165 201 175 129 142 173 105 210 82 25 243 217 190 44
    130 253 24 177 126 36 101 19 44 54 206 149 119 234 163 160 212 9 161
    54 232 239 9 208 89 159 59 247 208 199 151 239 208 55 34 170 189 250
    113 5 178 40 233 187 3 49 238 250 157 121 55 152 79 88 42 95 113 110
    218 238 51 153 85 207 36 116 194 54 25 184 108 148 135 203 177 146
    203 58 206 234 154 92 0 155 144 24 107 15 100 96 109 38 6 1 28 116
    101 213 58 147 191 69 69 77 160 9 116 143 194 125 143 35 245 221 22
    79 120 58 129 8 239 108 226 62 18 250 8 100 72 166 119 152 250 205
    179 70 72 99 13 192 244 105 50 33 78 5 58 248 240 109 180 32 211 198
    85 140 205 64 225 28 5 167 100 79 148 210 193 20 17 160 106 67 100
    187 96 206 74 250 58 183 18 52 111 7 147 127 151 61 110 102 163 210
    254 141 202 107 218 56 151 88 159 112 17 135 198 81 69 26 98 26 9 72
    69 150 38 221 92 53 116 168 56 205 68 157 166 245 46 36 17 98 48 111
    49 219 21 203 214 233 127 55 166 89 6 67 247 90 150 40 253 209 212
    166 181 191 35 190 105 246 218 103 45 241 16 208 136 168 182 4 158
    27 139 213 54 76 145 3 182 126 131 52 20 249 98 105 53 218 8 67 126
    254 247 123 108 215 29 177 191 30 68 145 4 212 78 73 232 201 235 242
    54 31 121 99 182 171 167 163 163 14 52 46 74 143 129 16 194 21 125
    223 168 120 12 117 226 49 54 175 17 105 135 117 28 144 2 242 171 188
    176 122 139 231 160 36 42 100 2 194 183 25 175 250 211 32 244 217 58
    148 63 91 119 175 110 164 49 15 243 8 192 123 225 44 127 195 151 112
    178 76 78 102 63 187 180 3 156 220 46 137 102 242 32 233 77 71 40
    213 33 52 42 237 189 152 161 48 6 170 223 248 200 140 31 14 217 35
    59 23 23 97 69 223 42 187 113 208 37 12 171 183 100 146 157 241 210
    145 123 248 69 97 50 187 128 183 133 132 13 211 54 193 115 159 119
    200 48 167 255 119 86 157 217 244 169 199 223 52 77 152 250 98 245
    154 232 12 19 18 73 79 24 150 9 66 26 144 53 198 83 82 65 91 180 71
    5 62 42 73 185 212 101 146 2 228 183 241 217 147 208 40 33 176 31
    198 163 206 12 118 112 220 165 18 97 143 195 16 95 104 10 155 56 106
    103 220 214 70 62 148 250 71 56 116 17 135 79 196 52 38 57 146 101
    64 43 85 151 36 62 76 224 207 83 158 252 210 184 10 26 23 92 138 10
    169 83 238 245 240 68 121 30 55 71 241 123 145 19 13 18 251 67 243
    131 246 219 16 47 97 15 55 77 60 25 156 61 170 165 127 102 86 176
    161 14 234 46 17 50 107 149 150 140 207 5 201 35 245 220 116 238 131
    250 1 93 46 179 109 219 243 187 22 1 246 234 39 83 180 154 4 211 164
    233 240 200 11 66 192 47 204 248 156 226 188 174 218 150 170 180 33
    114 24 0 78 54 104 50 170 253 91 50 101 22 104 216 205 132 106 64 10
    226 209 205 45 214 137 195 2 14 223 5 34 68 61 157 16 89 205 143 137
    243 224 10 205 7 33 157 128 50 78 119 121 96 116 236 12 219 82 167
    11 124 49 1 194 203 221 255 98 55 92 218 201 71 65 186 173 239 133
    187 108 159 27 103 234 44 39 71 69 137 120 15 96 157 197 28 97 223
    52 85 2 205 56 211 115 25 158 237 201 202 36 228 87 165 190 169 42
    60 8 49 103 79 135 60 78 13 227 50 175 192 231 219 73 194 250 90 159
    199 35 228 85 188 242 63 197 96 118 236 158 242 137 234 135 206 101
    44 255 251 128 153 68 19 76 23 232 2 3 135 118 76 237 253 101 247
    204 83 167 122 197 57 13 175 129 232 70 122 251 31 46 12 205 72 131
    205 13 210 138 90 217 76 36 73 40 210 86 94 61 244 110 1 214 152 71
    133 211 145 244 210 123 167 29 158 223 68 195 208 109 206 119 63 204
    18 198 254 251 102 193 10 83 14 53 173 195 173 119 65 143 123 210 41
    179 70 174 55 171 62 193 136 153 49 220 92 38 44 12 185 165 185 242
    246 204 171 82 190 21 227 86 62 58 52 240 251 192 19 78 2 173 25 63
    25 0 29 52 79 43 131 187 122 61 217 111 139 20 30 104 184 179 201
    213 197 24 160 57 37 124 160 233 34 133 67 205 120 170 10 183 176 76
    235 64 117 182 168 152 226 100 229 178 41 148 160 10 255 41 35 95 31
    114 172 184 90 17 193 96 244 67 123 153 73 1 247 32 101 178 241 108
    187 121 64 152 192 48 66 104 50 80 84 62 206 103 182 155 153 212 103
    247 170 187 235 241 220 234 135 107 0 133 222 153 146 125 102 51 214
    7 180 144 29 20 146 181 2 60 241 44 194 150 49 112 119 188 143 196
    77 51 148 89 0 178 47 198 211 179 144 84 23 230 77 172 110 0 176 20
    7 175 50 49 2 43 115 116 36 188 84 203 118 172 217 83 99 205 104 250
    242 240 49 20 23 135 130 200 107 141 149 233 189 255 76 45 142 203
    237 117 197 172 225 100 8 127 119 5 64 168 150 209 21 112 0 224 248
    87 197 163 9 59 250 117 127 131 161 62 96 223 209 190 29 211 240 210
    255 5 58 36 90 96 228 40 159 191 117 243 146 86 124 99 128 49 90 162
    244 132 163 199 125 32 73 190 40 115 198 142 166 236 166 33 30 10 87
    117 134 9 84 236 217 144 186 84 208 128 224 55 36 47 239 133 15 22
    158 106 238 136 70 196 209 238 170 155 27 21 204 42 179 102 187 136
    56 137 150 167 177 106 81 76 186 241 130 211 47 36 96 221 15 208 107
    16 242 224 8 232 229 225 208 90 208 111 225 163 128 165 76 241 50
    239 105 106 127 173 239 86 236 220 230 54 233 155 213 190 44 112 55
    91 39 149 109 244 31 51 3 194 59 170 140 90 173 154 251 183 81 162 6
    125 26 246 95 143 67 13 143 239 28 228 60 100 211 162 201 161 253
    195 248 38 213 227 168 169 123 233 233 127 183 78 56 182 98 30 183 7
    112 192 184 56 220 34 174 140 109 118 109 193 78 78 81 40 139 40 57
    149 229 21 55 184 4 188 173 75 49 222 29 252 22 172 137 213 254 150
    210 50 32 94 50 116 3 165 134 95 166 43 125 193 110 253 64 225 61
    155 62 152 8 99 236 78 2 79 34 50 185 102 235 231 154 52 16 200 46
    20 197 23 37 208 211 109 177 62 236 91 43 73 136 67 29 28 87 90 174
    15 230 123 107 168 121 146 235 129 92 87 241 19 186 94 214 57 1 94
    30 188 239 12 223 105 167 237 243 209 231 40 50 51 129 56 56 10 209
    92 112 53 177 113 160 227 39 249 156 150 53 155 208 139 86 235 67 62
    37 40 104 116 59 23 20 201 220 114 43 240 213 208 62 86 51 22 135 78
    32 204 11 129 97 168 108 34 93 120 94 66 207 115 129 248 156 134 36
    13 72 134 218 212 74 186 237 170 25 75 242 242 19 57 105 137 28 116
    114 110 113 82 131 203 202 36 236 232 206 41 131 238 233 187 218 197
    39 145 215 46 240 163 3 114 42 165 6 226 117 115 7 42 167 40 234 34
    120 203 184 220 51 215 74 138 248 204 187 139 21 168 188 76 169 55
    10 49 140 74 237 146 169 131 64 92 60 228 136 172 174 117 213 81 86
    56 250 235 141 130 20 120 244 116 209 60 130 135 230 252 115 137 96
    139 86 201 119 247 49 39 220 96 45 204 201 248 96 162 215 246 116
    143 24 239 101 122 89 115 118 213 137 250 211 54 212 94 225 76 94
    158 208 19 190 230 19 199 216 126 251 100 226 14 21 108 171 158 30
    89 24 125 114 111 169 229 44 0 20 213 58 7 98 152 202 216 133 162
    248 71 139 185 132 159 231 175 239 37 37 71 236 216 131 173 162 87
    27 11 12 195 21 43 100 127 0 196 225 101 172 60 38 1 146 210 20 198
    85 3 74 13 17 56 46 14 64 193 142 190 172 149 207 66 200 214 26 17
    190 95 29 232 182 115 132 29 227 212 203 10 251 184 198 167 96 109
    137 31 195 115 252 237 152 223 50 112 71 1 164 59 79 146 44 70 194
    233 152 189 110 181 41 69 187 180 183 194 22 232 39 139 123 192 139
    8 76 51 27 110 34 229 227 25 80 182 166 226 50 62 207 201 71 99 61
    161 26 18 246 3 174 39 94 145 108 51 175 110 17 251 69 232 106 131
    87 207 113 110 144 217 121 33 57 201 110 227 237 59 162 151 113 161
    97 221 14 183 24 45 158 245 224 196 9 206 98 93 210 52 171 6 63 29
    90 66 88 3 205 177 157 227 76 141 156 60 20 9 47 43 164 193 11 183
    123 62 148 99 26 184 185 113 141 131 105 34 143 189 249 139 78 113
    159 91 75 47 250 54 97 255 93 138 113 119 157 199 121 175 83 20 106
    158 121 80 151 72 207 236 108 249 93 220 42 243 87 218 166 87 128
    231 42 226 125 226 178 186 52 192 167 40 178 35 185 215 41 206 67
    102 51 173 167 124 246 126 63 33 227 100 255 225 89 120 24 116 126
    125 141 176 114 20 165 255 37 171 157 246 199 54 90 137 200 230 211
    114 56 195 239 126 84 254 253 103 131 30 10 187 60 168 70 7 193 227
    245 215 184 200 59 146 226 172 168 75 144 70 222 56 227 148 198 84
    237 2 88 222 40 34 26 91 19 30 175 169 130 101 125 128 244 229 176
    18 112 162 123 151 232 167 85 70 116 142 68 132 123 209 132 96 217
    233 186 87 112 158 187 215 218 75 60 206 162 112 137 11 112 134 200
    9 199 144 146 142 36 75 44 178 226 36 231 254 115 221 175 8 185 40
    254 55 102 167 160 191 164 16 105 213 62 39 185 169 246 33 157 194
    218 217 100 174 96 57 142 89 21 63 123 71 13 138 56 169 154 131 28
    80 34 94 0 95 212 72 120 66 81 181 40 197 8 100 25 201 65 65 213 201
    126 19 146 36 180 13 249 138 3 182 201 160 114 243 196 130 159 208
    207 58 28 208 187 135 23 215 188 126 60 217 214 180 55 2 17 55 110
    68 107 61 239 82 31 126 201 201 171 54 178 47 131 108 220 167 99 90
    16 151 44 234 187 2 192 104 55 154 168 15 147 61 86 113 176 118 138
    101 152 78 134 166 70 33 131 107 89 182 178 138 147 49 168 7 8 65
    106 121 177 119 177 157 8 31 132 44 242 69 12 209 64 85 64 187 39
    187 242 246 98 20 9 16 104 252 210 6 64 216 254 200 148 71 243 165
    191 173 131 80 224 106 67 124 159 76 42 136 105 143 233 8 107 230
    118 50 9 217 185 88 90 163 87 168 212 49 200 48 57 131 129 153 163
    47 35 199 191 94 196 152 79 245 107 2 77 49 170 82 40 227 2 200 47
    175 246 228 251 86 231 189 205 33 121 79 172 186 103 148 5 213 162
    198 249 124 225 142 2 26 9 130 234 155 117 122 226 152 146 208 48
    160 55 221 191 122 48 221 234 81 226 118 142 108 152 217 151 214 41
    44 193 80 201 209 206 65 106 14 251 51 186 52 72 154 31 18 100 79
    191 216 39 224 91 238 93 214 13 155 155 92 119 40 29 91 250 69 224
    108 100 56 179 188 2 25 255 215 208 23 29 229 177 249 252 96 200 29
    45 103 123 151 140 236 172 188 100 111 148 167 156 66 114 243 93 56
    30 217 118 34 240 13 166 3 74 6 92 107 171 161 198 7 244 44 120 247
    9 119 170 155 54 211 225 243 153 208 189 188 131 120 59 65 238 251
    48 211 234 164 42 0 245 173 210 145 228 228 244 82 176 80 153 179
    249 254 242 249 26 63 136 97 133 207 128 41 151 173 151 183 176 60
    118 252 100 212 110 183 119 5 228 31 165 4 47 191 49 200 41 194 242
    167 128 51 202 178 207 68 45 125 232 227 177 137 74 120 144 123 185
    189 229 129 29 129 251 176 172 154 24 222 238 71 0 140 29 173 196
    174 12 234 134 28 48 150 53 44 217 48 166 4 67 175 167 219 162 231
    82 123 91 135 175 166 16 84 47 83 111 201 238 94 154 61 53 120 165
    202 219 253 186 16 32 21 225 92 170 125 15 239 109 178 26 75 75 82
    176 170 104 173 255 11 54 17 41 106 169 54 47 159 115 143 132 12 166
    58 81 16 235 0 216 87 76 165 114 232 255 217 73 13 60 191 89 163 216
    129 28 83 250 253 226 23 185 203 51 184 94 80 127 171 9 71 207 120
    227 13 22 186 110 10 63 148 43 99 4 1 167 71 220 91 17 226 101 49
    211 139 170 199 109 253 143 193 237 180 18 246 21 35 185 178 229 138
    150 124 163 150 66 201 43 155 200 15 220 7 151 204 99 161 98 132 204
    142 5 182 205 203 4 135 33 177 245 144 35 194 37 191 129 6 188 76 90
    12 247 0 199 111 252 23 233 227 254 217 201 126 177 251 179 149 210
    55 223 86 61 209 39 117 0 132 185 227 210 188 230 144 213 176 138
    168 21 175 187 160 118 12 165 237 151 188 43 25 135 126 63 125 121
    192 10 118 97 213 21 212 143 125 181 167 184 222 127 248 94 51 9 218
    9 195 84 184 187 255 97 133 107 15 126 229 163 241 143 171 28 107
    185 155 250 239 235 235 103 60 141 74 214 43 0 18 122 192 234 38 61
    82 21 237 171 218 98 252 80 7 105 116 238 122 92 107 68 105 155 54
    10 149 159 107 189 195 72 125 172 250 105 180 183 209 229 209 221 76
    16 166 142 19 74 152 68 150 111 153 191 162 225 147 218 79 139 178
    234 159 95 63 219 231 76 44 134 19 4 237 232 13 165 158 172 229 193
    24 48 170 143 178 170 45 63 2 242 233 29 31 28 124 95 205 32 92 202
    187 110 83 143 10 255 84 9 165 36 101 58 11 228 198 74 105 154 74
    213 228 211 250 46 94 136 174 169 216 76 62 236 35 160 217 31 138
    163 33 157 103 119 103 51 133 253 239 199 55 76 254 11 40 62 211 154
    158 55 195 212 68 64 39 36 228 154 112 22 208 50 119 141 145 16 65
    182 243 56 208 92 16 91 177 66 242 112 21 116 30 83 190 79 198 92
    135 172 241 80 56 8 89 54 29 36 238 33 8 85 27 155 7 132 210 110 97
    191 105 153 95 93 122 95 124 208 8 164 89 71 18 156 19 92 70 144 189
    75 96 128 182 238 119 136 216 199 70 65 0 80 138 222 69 219 163 29
    84 87 250 43 126 248 246 129 36 215 101 247 48 194 16 92 17 16 120
    77 135 59 93 58 91 6 2 15 191 53 135 79 236 163 159 181 83 88 211 24
    152 43 246 135 30 95 244 148 149 117 142 78 187 212 37 1 170 21 241
    122 122 133 190 14 165 98 77 193 87 225 18 167 201 70 189 75 111 39
    63 237 202 148 122 54 107 218 25 188 144 38 163 245 89 208 32 100 4
    110 244 5 207 108 44 22 31 145 135 96 33 47 140 6 149 213 109 102
    130 99 231 103 164 236 214 90 242 140 6 43 188 202 103 174 36 159
    113 33 210 222 246 241 69 68 236 81 234 106 63 33 30 214 217 33 55
    162 239 113 71 4 116 115 248 250 36 164 12 176 124 41 51 252 19 105
    70 163 23 118 159 211 47 37 227 228 89 129 8 68 243 48 54 221 54 248
    209 78 114 217 253 130 19 129 126 136 138 189 142 235 94 30 50 64
    140 36 66 81 15 4 108 157 180 39 71 194 114 199 21 217 150 233 109
    40 107 251 12 180 40 176 69 188 249 129 73 22 94 127 251 54 76 14
    211 229 132 51 203 242 219 108 53 125 102 233 132 106 7 82 248 72 76
    11 112 64 198 117 53 135 46 171 216 254 90 190 24 242 66 61 219 5
    188 212 66 241 232 217 210 196 238 181 141 132 110 36 83 15 179 16
    242 199 172 54 211 254 209 168 156 120 177 32 242 69 172 90 158 86 9
    240 103 211 171 181 24 146 148 66 78 109 96 242 229 216 203 120 85
    117 59 176 86 215 192 141 214 231 221 21 68 186 114 146 81 245 115
    226 127 79 88 21 194 159 10 112 149 25 163 209 139 167 148 83 116 53
    24 111 194 166 54 140 76 127 24 2 54 6 219 9 69 96 71 239 108 16 142
    133 157 204 130 186 172 102 98 210 72 107 189 222 226 115 158 230
    139 147 157 149 232 30 14 159 168 159 174 152 131 68 37 35 212 78 63
    33 108 222 53 176 6 4 240 51 34 75 72 81 99 117 156 193 227 7 177 43
    254 153 147 191 8 143 49 254 196 89 97 230 222 92 85 81 184 212 72
    250 160 76 66 217 18 101 77 238 77 238 55 95 41 17 96 125 15 73 208
    89 91 195 168 10 86 214 160 64 68 194 171 210 224 178 61 148 183 42
    0 120 248 233 79 27 137 235 255 64 62 92 72 75 185 152 201 238 132
    63 119 96 25 243 66 75 45 146 82 61 218 154 207 45 43 135 27 154 129
    94 90 194 96 103 67 89 187 212 179 186 146 6 223 174 69 40 59 215
    153 156 112 179 208 226 82 33 247 209 36 90 170 68 188 214 250 105
    40 31 177 95 81 237 148 13 245 223 81 91 96 33 69 189 47 91 201 175
    103 146 59 108 235 35 193 189 138 202 56 2 33 94 131 76 86 1 207 238
    121 132 246 79 90 162 54 46 116 194 155 96 34 211 164 105 105 53 35
    33 18 134 80 44 238 130 142 109 35 34 190 87 169 13 123 173 104 206
    195 198 177 113 74 176 244 202 45 224 49 14 70 116 134 95 172 113 53
    53 103 220 1 181 225 99 64 3 202 136 9 67 193 164 34 171 85 232 145
    217 168 225 106 23 183 0 196 90 30 35 173 227 54 83 190 229 209 59
    175 58 127 108 50 30 189 163 22 162 148 207 255 150 174 104 222 229
    66 149 106 226 166 186 8 154 231 204 238 254 148 238 200 24 173 3
    191 185 235 213 125 183 155 69 152 213 62 255 241 53 246 88 139 96
    77 102 178 17 213 171 25 209 44 74 8 203 100 142 154 206 89 137 152
    134 98 170 82 12 127 166 193 211 33 192 39 54 41 76 81 138 118 191
    59 130 232 29 139 37 161 3 98 222 5 120 66 152 221 162 227 223 42
    235 232 134 13 99 124 192 214 240 47 26 101 83 84 223 47 62 203 204
    198 151 30 71 57 25 53 140 77 70 210 180 192 173 79 206 78 131 230
    80 203 144 10 246 40 128 208 74 158 161 35 198 148 236 82 163 197 13
    74 203 121 126 19 110 240 206 148 243 71 9 165 231 25 74 182 219 50
    204 142 104 153 78 232 211 98 118 131 18 31 10 134 111 105 82 187
    200 9 74 44 180 241 138 58 221 189 36 11 160 250 3 175 136 4 66 24
    203 245 131 1 244 16 176 83 180 59 243 232 40 58 10 140 97 13 161 94
    211 157 34 197 114 54 19 177 33 143 6 238 68 207 112 178 3 175 28 97
    180 118 147 137 52 20 34 91 138 209 89 155 155 33 224 102 64 187 138
    181 3 170 87 54 228 37 244 116 52 8 255 99 17 232 87 94 15 118 84
    163 136 238 33 252 167 44 108 10 127 160 22 247 223 193 79 248 89
    233 146 56 252 71 172 155 241 151 113 194 197 147 118 249 17 37 208
    139 130 169 142 125 77 39 178 65 231 154 220 51 91 60 19 125 248 25
    199 135 71 134 35 106 117 51 116 57 117 243 39 151 62 141 55 212 148
    159 160 42 98 212 50 59 113 90 146 85 146 33 232 227 112 189 245 177
    49 5 109 247 193 70 229 62 31 71 191 112 131 115 152 37 181 99 50 47
    9 227 134 90 154 217 12 120 44 36 86 189 32 154 152 176 189 185 10
    143 145 231 1 53 148 237 4 206 22 124 228 254 237 35 27 242 78 131
    115 90 50 136 66 255 147 244 72 255 206 14 35 191 178 32 88 50 223
    102 61 65 141 24 225 212 131 31 64 63 167 169 92 188 77 253 168 246
    8 20 42 161 182 168 140 46 57 164 207 167 74 63 201 169 0 203 70 91
    134 237 233 138 160 71 123 128 169 175 152 216 8 117 19 241 218 53 6
    80 242 242 125 225 28 232 6 11 174 189 149 51 159 30 183 52 197 132
    37 163 209 209 104 153 34 195 223 63 188 76 85 145 40 73 54 234 29
    242 47 114 249 64 194 144 64 141 184 106 64 75 245 216 10 230 235 65
    151 51 6 236 78 66 71 216 220 51 127 199 9 176 228 176 19 251 173 36
    254 126 26 148 40 208 56 124 103 240 45 92 183 4 146 199 1 72 243 13
    192 17 31 18 134 19 219 36 22 43 168 216 241 139 98 141 91 57 95 92
    19 232 101 61 122 136 250 172 107 111 32 166 247 67 109 195 214 186
    110 134 178 75 192 26 54 89 243 251 28 71 60 81 224 187 16 16 231
    120 53 164 92 62 69 176 103 121 178 193 171 76 51 233 37 251 144 52
    144 142 7 167 240 184 214 58 246 182 240 250 95 220 192 115 70 172
    121 81 119 75 217 225 0 3 247 3 245 138 209 69 205 114 15 81 51 11
    39 64 94 50 3 19 243 6 242 173 109 12 97 148 216 43 25 163 195 255
    43 143 254 115 144 226 181 199 12 221 163 213 249 236 127 126 216 48
    22 194 109 176 148 233 31 153 17 95 21 217 9 30 69 48 177 27 10 140
    178 112 120 216 113 180 227 187 249 5 102 23 66 163 197 196 134 135
    201 81 39 76 18 10 13 138 18 77 174 163 19 201 233 185 159 149 74 46
    118 216 47 53 210 205 129 86 64 197 235 221 76 159 32 183 238 246
    199 111 126 161 116 184 151 109 105 137 104 85 135 22 86 182 40 129
    30 16 29 15 204 166 255 88 149 77 89 18 192 89 118 6 188 207 95 45
    234 17 156 24 132 62 156 149 112 198 160 158 68 120 169 69 212 5 176
    84 114 162 218 115 46 236 137 207 202 128 99 145 236 37 168 83 184
    35 76 205 171 40 49 210 113 79 207 169 58 120 116 158 240 0 252 165
    207 233 236 68 58 105 146 2 189 29 134 16 89 185 190 238 174 172 13
    250 166 233 165 4 224 123 43 154 186 87 60 87 157 167 142 26 184 81
    159 224 241 30 220 216 175 93 177 135 225 69 132 76 177 41 37 210
    195 41 85 153 115 19 63 231 58 179 249 50 24 203 148 185 188 187 176
    54 129 33 187 130 143 242 11 229 171 109 59 73 54 179 236 90 79 150
    218 199 31 61 71 52 239 157 217 107 78 141 22 247 82 52 78 30 60 200
    18 173 0 74 82 138 142 240 169 23 0 71 190 237 3 67 214 110 179 249
    144 124 133 252 193 52 246 149 193 137 99 250 64 169 19 182 80 201
    198 80 94 238 221 194 221 60 80 119 142 22 6 128 106 17 155 235 4 69
    6 161 86 205 99 119 15 57 158 182 65 70 182 88 103 96 95 231 66 36
    97 195 243 159 108 239 28 180 92 222 103 96 86 228 88 118 161 171
    108 222 38 98 0 94 139 224 2 161 249 43 79 172 64 170 130 255 62 195
    200 15 92 115 96 85 64 123 83 53 5 36 119 5 197 106 134 50 6 32 82
    24 75 76 16 152 146 144 46 196 115 140 29 67 231 164 2 195 82 4 206
    65 12 186 0 123 208 199 189 190 31 103 38 251 70 24 249 202 63 104
    227 254 205 0 135 90 146 184 51 128 186 222 28 54 101 122 90 195 192
    52 50 202 233 84 12 9 201 31 187 128 165 40 215 247 22 140 143 56 17
    200 135 114 149 116 180 230 91 18 221 67 40 217 216 176 1 235 25 55
    49 109 161 165 69 247 5 114 71 188 115 21 230 210 95 36 41 157 180
    69 144 212 49 26 74 56 46 94 53 147 47 49 105 87 40 63 114 73 234
    123 126 172 218 49 171 28 107 126 226 110 178 66 222 203 14 80 206
    47 186 85 40 176 22 251 219 241 251 1 238 73 192 34 94 125 152 123
    14 34 69 216 86 18 43 152 8 127 168 62 140 117 60 50 61 122 8 34 146
    95 84 249 95 213 47 116 132 139 138 133 149 154 132 113 188 240 31
    155 165 172 176 53 136 231 178 86 208 21 15 129 253 17 73 18 168 28
    57 251 11 103 99 197 111 207 13 30 253 50 124 215 220 166 249 51 235
    68 97 148 95 74 175 57 209 156 223 239 170 11 192 31 99 55 117 249
    182 90 38 187 30 63 69 185 228 143 250 81 197 191 51 22 120 180 40
    58 202 21 113 194 60 205 243 152 129 234 53 160 8 26 220 93 189 2
    254 139 20 169 130 210 26 19 42 68 104 128 144 158 75 223 254 174 58
    249 134 155 1 103 159 116 221 172 31 27 196 131 144 98 104 88 35 36
    104 19 190 245 98 42 145 196 121 137 122 29 143 118 87 85 83 240 10
    250 162 88 140 222 145 158 24 170 42 85 198 127 30 137 246 250 234
    186 241 110 188 195 172 115 212 254 74 11 43 242 209 247 94 137 98
    42 208 118 107 145 217 7 111 35 72 86 202 5 115 140 89 151 28 104
    186 136 190 30 51 191 12 29 59 98 205 163 231 49 179 67 25 206 252
    159 156 19 97 53 220 156 232 46 34 119 166 183 173 194 109 251 46 62
    60 119 172 205 136 197 233 110 213 79 111 224 30 107 49 57 187 48 96
    158 93 65 21 192 200 234 146 128 173 170 4 24 26 187 112 211 204 212
    114 45 196 195 4 250 165 240 50 213 253 186 26 10 7 72 92 166 232
    234 250 186 232 123 15 135 183 238 238 54 63 137 167 21 197 202 100
    166 66 196 212 77 48 8 206 47 121 69 128 90 219 239 2 163 111 187
    134 7 124 116 35 172 125 227 62 65 12 50 30 153 145 172 193 216 208
    250 118 225 209 134 5 221 165 45 108 69 235 171 207 117 225 148 46
    45 107 68 51 27 89 160 209 141 229 20 122 99 188 144 186 158 29 65
    253 119 170 203 33 88 119 191 69 198 92 15 132 115 242 214 1 61 134
    132 196 221 132 226 15 81 178 46 193 196 169 30 4 161 127 106 103
    228 248 33 158 195 171 248 212 68 47 120 66 164 198 58 99 125 17 238
    157 43 136 12 2 79 174 224 176 224 1 157 59 85 39 129 45 215 68 251
    248 227 55 121 74 183 8 167 99 239 250 37 50 112 183 249 78 55 176
    226 124 220 158 30 125 103 207 223 107 220 147 160 15 84 97 51 161
    21 183 120 141 29 246 0 56 239 204 137 193 169 58 194 6 235 15 138
    67 108 85 239 160 190 146 116 190 85 233 30 78 217 18 12 126 89 241
    234 190 120 192 164 103 44 204 136 25 209 65 162 41 128 61 252 34
    204 101 130 52 40 227 150 73 149 170 128 19 123 173 5 31 68 209 125
    84 29 167 168 114 130 140 72 61 213 136 89 102 0 44 66 223 47 204
    217 134 30 137 136 30 191 86 130 79 181 20 64 1 241 193 39 146 186
    41 19 73 121 67 99 70 35 22 156 60 100 253 134 89 54 201 165 41 112
    174 100 232 53 11 87 153 189 2 34 162 252 124 152 213 151 109 135
    207 35 73 245 137 38 249 184 239 18 53 181 139 84 149 126 240 86 116
    215 255 54 250 199 42 208 185 244 220 72 4 23 169 134 204 137 37 119
    249 107 138 55 141 96 250 240 168 37 173 205 240 168 89 236 9 19 88
    194 131 154 53 243 107 35 139 229 37 233 78 17 206 10 241 71 6 209
    18 80 218 206 206 237 157 112 94 169 106 87 123 216 0 213 242 254
    201 104 200 26 151 49 11 5 24 28 191 28 175 120 32 54 52 165 225 2
    224 107 252 155 111 37 127 68 78 139 5 46 26 189 180 11 35 53 55 64
    145 153 171 226 145 116 11 184 90 253 3 162 118 94 192 26 181 77 49
    156 69 3 118 188 136 63 81 61 111 16 247 233 153 117 200 125 54 9
    215 122 7 149 57 3 164 66 185 80 50 155 126 21 85 219 139 188 35 105
    11 218 52 208 141 108 12 73 75 133 16 193 104 85 124 170 242 92 178
    61 191 224 201 87 68 181 161 18 6 175 71 20 215 108 7 120 112 220
    244 179 19 214 196 236 43 122 168 35 27 182 1 42 170 152 182 104 186
    195 189 30 155 100 107 86 66 81 14 240 230 33 7 45 25 148 198 148
    254 130 216 112 209 141 228 255 0 13 162 45 161 71 128 158 107 88
    149 145 117 89 15 117 77 119 41 107 188 74 56 158 148 83 72 223 62
    53 255 59 146 104 86 12 77 162 236 75 89 225 235 14 80 66 227 195 64
    187 173 105 115 185 231 34 136 47 140 107 127 147 44 254 28 79 83
    231 72 9 55 207 114 48 199 73 40 154 130 14 15 185 26 10 174 36 95
    219 142 28 133 253 92 132 234 204 24 121 212 90 39 240 190 138 67
    201 1 124 238 24 239 126 175 114 205 150 239 53 136 147 86 230 58
    208 52 189 154 119 57 30 239 60 223 189 9 246 104 99 198 93 149 117
    95 135 57 159 205 214 255 65 232 210 233 146 165 36 202 16 36 34 35
    63 38 61 183 100 161 192 97 229 149 60 153 132 58 123 132 143 247
    133 175 218 38 161 158 54 16 45 238 198 232 36 162 172 74 38 155 8
    86 239 123 25 247 9 232 42 221 71 106 61 253 174 239 112 106 215 217
    125 86 144 106 73 87 23 47 99 218 247 119 99 22 42 93 214 248 255
    200 114 81 60 190 68 2 210 255 255 235 73 92 207 158 250 68 155 183
    163 147 67 251 110 174 228 225 40 8 29 179 54 65 47 214 115 231 10
    174 40 83 238 48 204 95 21 243 27 160 136 37 41 151 158 199 217 104
    35 48 43 19 232 89 151 153 189 208 92 122 37 229 204 183 215 120 97
    29 234 221 174 142 143 220 185 155 204 165 27 79 159 250 104 204 60
    166 220 150 12 2 228 7 45 212 241 46 232 134 57 49 72 226 8 76 180
    153 78 7 216 11 138 43 130 242 54 71 94 66 36 208 172 206 69 209 117
    64 209 113 237 52 212 93 59 157 115 199 25 196 211 180 232 182 171
    48 27 201 226 192 85 178 120 17 147 75 164 81 247 12 195 203 224 102
    150 43 36 13 96 244 241 237 245 246 82 13 232 179 198 159 224 106 89
    40 191 218 226 15 157 5 150 93 4 162 18 53 184 97 30 97 66 42 185 10
    75 167 254 186 149 146 127 166 229 87 171 246 193 205 126 0 73 189
    55 210 61 132 120 232 74 61 88 186 151 82 202 13 21 62 180 23 245
    245 150 77 61 213 74 95 210 95 163 134 15 11 134 209 180 214 195 200
    202 186 39 149 192 215 46 155 239 24 39 214 232 51 120 189 176 165
    135 56 11 229 106 168 49 155 70 39 67 68 38 35 136 179 119 6 117 97
    168 155 115 157 84 140 143 72 112 242 58 218 183 207 251 193 241 5
    210 46 168 103 235 182 30 18 7 158 73 166 11 31 72 180 247 244 199
    219 55 152 38 41 178 87 8 27 213 214 242 116 201 137 50 203 249 81
    33 141 65 196 82 143 192 6 251 103 112 46 166 87 235 13 216 2 249 28
    166 19 123 110 186 93 90 171 84 45 175 79 156 57 53 9 242 2 5 140
    236 138 209 154 121 55 196 108 197 73 6 150 205 20 186 179 15 84 62
    67 16 218 234 160 105 188 165 134 102 82 56 12 99 143 188 219 71 121
    7 190 23 69 191 197 190 226 31 178 237 150 114 230 172 138 229 185
    72 0 100 167 143 64 0 188 58 37 125 126 154 173 221 101 208 227 89
    24 68 79 148 169 228 128 203 115 204 222 88 117 182 104 31 216 54
    159 77 29 228 10 120 121 149 12 109 213 231 122 149 104 158 158 45
    186 123 0 108 104 184 224 54 211 161 106 150 107 52 227 140 97 248
    86 126 253 51 241 49 200 103 77 152 219 109 206 92 16 174 33 57 193
    241 143 241 141 218 2 200 149 82 147 53 160 34 80 125 60 54 217 155
    22 251 189 8 38 84 16 129 220 48 2 233 15 195 70 150 154 60 215 166
    136 174 119 108 137 59 109 218 216 26 48 142 127 123 58 215 208 190
    45 252 107 214 121 208 217 130 141 163 213 173 177 82 46 191 46 175
    234 219 68 216 159 190 50 140 222 48 140 220 16 162 245 114 202 239
    18 179 208 231 168 115 92 45 21 16 122 157 42 139 36 212 46 235 73
    243 173 231 223 84 231 204 213 110 102 66 190 137 250 153 176 135 51
    29 138 50 29 139 209 125 246 245 32 120 158 227 243 193 8 171 236
    108 223 16 111 90 200 35 94 20 122 186 109 25 122 180 44 149 65 211
    56 208 22 162 145 161 13 114 179 158 224 145 253 221 203 116 86 59
    136 173 196 253 176 209 204 166 143 158 124 201 168 54 32 63 201 183
    31 227 38 191 253 82 51 32 110 21 185 88 200 17 208 255 113 78 66
    235 207 171 204 146 105 63 131 150 180 180 215 131 253 20 143 251 7
    69 209 234 35 77 136 210 149 107 121 182 138 254 43 179 22 30 16 8
    151 170 108 241 33 171 49 191 176 126 90 172 217 119 62 33 40 241 82
    210 230 162 148 131 98 188 91 81 31 212 37 115 194 73 8 171 237 15
    64 105 235 166 214 11 24 133 212 154 11 91 40 72 144 6 162 18 172
    231 70 198 40 36 194 223 38 170 174 55 219 209 244 64 234 225 155 57
    209 145 7 16 171 203 251 31 1 99 57 118 174 25 202 67 145 40 74 34
    129 58 1 186 218 128 171 60 116 149 140 75 9 221 170 179 245 2 161
    126 65 223 243 246 4 49 167 88 253 219 241 253 207 89 192 4 247 188
    112 42 212 106 223 14 129 225 93 206 67 208 10 227 3 23 145 253 94
    192 120 113 197 52 33 126 171 81 56 7 197 183 44 75 119 181 75 83
    195 10 81 193 68 204 22 195 208 166 20 80 24 88 175 103 154 142 122
    23 159 169 96 252 153 167 68 26 185 216 225 254 165 5 162 242 148
    237 71 85 254 140 100 232 197 135 168 11 239 111 236 195 217 242 164
    53 229 246 191 155 141 71 90 32 47 218 237 247 226 42 155 3 165 225
    174 147 146 213 49 201 119 201 173 175 165 251 21 177 89 126 35 219
    45 127 223 68 172 3 125 215 145 57 107 141 90 201 24 113 98 143 30
    71 190 131 110 63 92 214 252 247 244 183 236 148 90 226 232 241 151
    215 49 247 19 82 16 47 127 11 195 176 178 6 245 94 121 208 95 56 64
    209 56 35 217 179 142 14 204 180 174 93 242 204 15 101 214 8 70 73
    227 110 209 208 2 27 251 158 211 107 61 177 181 110 48 56 54 181 30
    47 4 203 13 214 125 228 185 181 194 160 244 30 251 97 176 255 183
    138 145 149 100 94 79 131 248 98 64 126 118 44 39 239 44 1 49 57 244
    57 27 1 219 65 251 108 211 233 63 202 8 31 135 250 205 76 95 49 63
    53 208 57 107 253 26 25 94 75 115 168 134 168 32 223 201 205 197 68
    120 167 36 99 84 153 106 197 228 135 69 107 36 192 66 101 247 42 34
    49 226 239 237 94 222 8 83 225 86 52 92 132 142 136 129 223 37 88 42
    126 20 148 149 175 103 199 95 255 54 0 120 136 166 232 178 17 5 83
    37 118 115 224 244 99 207 166 59 177 116 138 181 243 95 240 11 216
    204 86 33 42 90 87 147 87 27 242 137 62 209 81 149 219 216 35 141 41
    101 244 118 27 123 159 78 56 118 213 165 28 61 20 171 78 17 32 77
    106 206 9 226 162 55 21 102 39 74 103 173 34 207 76 34 171 60 159
    156 131 102 6 106 171 180 2 88 149 163 222 0 143 108 248 16 47 112
    184 251 179 107 156 92 113 110 232 248 18 122 103 155 48 135 12 130
    184 144 71 72 140 37 39 219 61 213 151 214 44 27 236 127 174 76 167
    109 183 175 14 230 6 219 228 154 19 17 53 35 43 18 142 23 231 118 76
    31 179 112 168 236 26 115 144 164 51 83 11 179 182 167 191 224 195
    60 193 40 52 25 250 7 56 98 213 194 60 192 213 148 97 171 99 165 51
    33 94 182 135 134 114 186 39 206 144 38 42 63 199 185 232 137 241
    175 40 32 3 172 171 71 4 66 38 140 196 45 130 169 62 89 236 161 95
    139 96 100 249 60 17 51 86 14 222 67 109 41 231 142 12 177 175 5 198
    224 219 230 175 245 192 50 2 113 123 120 53 175 59 98 137 193 246
    213 198 174 116 128 185 107 91 198 243 151 82 81 22 150 35 171 217
    132 180 0 215 244 200 101 203 194 32 58 243 253 68 235 191 5 18 254
    120 45 19 59 252 140 61 32 120 42 58 27 227 172 125 97 219 160 8 247
    174 220 249 24 82 111 121 104 36 76 49 248 140 103 138 196 97 101
    148 63 51 55 118 136 82 97 43 71 144 210 214 117 29 143 69 68 146 23
    120 83 224 171 240 50 110 88 239 172 188 193 3 213 208 244 7 59 36
    98 188 239 93 20 106 119 208 157 97 179 40 239 211 139 221 202 142
    180 145 82 2 210 46 86 203 146 154 103 61 239 85 238 181 84 90 231
    47 145 242 15 162 163 136 144 215 249 242 192 117 15 45 208 11 2 163
    111 8 136 188 88 153 246 49 6 124 105 4 206 109 2 125 220 59 136 108
    237 184 213 64 195 185 110 178 113 195 5 168 166 199 164 8 62 46 110
    164 186 141 211 129 202 234 75 146 122 96 94 8 128 183 226 78 237 42
    111 242 85 126 195 234 13 135 128 31 212 208 25 167 238 115 124 101
    153 243 77 209 44 96 80 223 220 28 32 228 239 92 27 103 116 166 10
    224 47 102 81 153 98 245 132 254 42 77 225 67 139 20 202 107 228 159
    222 83 61 223 41 0 131 190 78 140 191 180 37 185 173 242 110 219 195
    192 75 126 232 192 71 103 78 233 247 123 138 92 65 21 96 215 131 9
    181 30 173 112 215 69 104 73 87 123 65 22 30 167 217 26 98 19 24 126
    172 39 151 11 52 156 217 197 37 131 241 189 220 58 29 175 143 95 60
    121 140 181 80 203 205 188 96 234 102 46 102 100 94 1 81 142 156 64
    47 170 105 144 58 124 41 41 1 103 249 244 132 202 188 125 23 57 187
    143 49 38 251 210 230 102 4 199 105 129 40 105 221 51 117 23 167 196
    254 126 175 156 216 191 43 12 69 213 254 114 5 105 54 106 0 97 123
    80 56 204 83 33 168 21 19 133 234 62 200 200 76 99 200 244 223 248
    161 224 235 177 209 157 10 92 168 140 105 174 171 137 29 88 100 241
    154 15 162 136 117 36 88 243 109 127 212 108 105 197 96 77 242 30
    127 40 114 179 133 22 98 69 241 85 72 181 54 194 166 239 76 110 179
    164 221 149 194 127 92 236 167 214 22 243 126 25 52 212 136 9 161
    177 237 250 56 29 216 112 214 49 218 95 130 1 227 32 35 113 100 190
    106 2 46 39 30 136 113 83 254 48 115 223 1 201 222 181 75 40 93 138
    215 110 10 177 227 250 90 8 78 135 30 212 183 167 208 251 204 106
    189 226 54 140 23 248 231 255 77 121 161 145 111 153 82 140 237 103
    25 68 131 121 148 47 101 225 16 88 155 122 209 117 161 227 35 70 50
    66 77 13 112 14 240 99 169 3 108 215 83 204 34 47 182 14 179 205 217
    86 46 100 95 180 68 52 2 123 246 104 241 19 96 211 215 190 142 47 35
    3 67 27 198 183 143 214 207 106 216 25 126 147 195 84 167 138 191
    102 84 115 101 79 125 252 222 122 74 36 27 144 230 121 116 53 146
    174 8 125 35 90 157 215 253 108 221 213 87 235 36 183 112 2 111 74
    21 197 146 140 183 202 75 96 147 173 180 197 7 229 188 20 96 163 99
    192 33 162 206 84 130 65 116 209 205 1 27 133 28 213 79 121 251 69
    127 175 213 44 113 233 84 223 91 237 224 165 255 4 138 224 109 199
    238 8 239 62 3 54 192 105 241 106 41 230 243 195 212 49 84 189 20
    186 191 85 5 114 247 96 209 90 36 181 7 24 1 82 71 183 182 1 12 251
    1 236 165 224 198 101 112 240 27 232 81 145 84 237 194 137 131 21
    252 23 76 114 254 36 32 0 26 176 231 8 208 26 172 120 47 35 234 102
    217 39 86 54 255 198 249 218 201 77 40 91 208 245 118 214 170 167 74
    184 4 163 143 212 64 222 88 138 1 54 75 69 189 215 57 147 4 137 101
    145 88 99 180 24 105 70 29 249 74 57 43 49 174 229 159 93 245 78 145
    195 164 233 74 246 80 189 72 180 47 227 146 49 226 39 252 220 61 135
    246 21 145 221 59 104 216 253 0 77 35 64 112 129 80 17 121 114 245
    103 161 138 108 111 206 49 72 206 41 89 211 55 108 90 220 90 52 221
    73 218 1 183 85 63 245 35 11 116 116 222 12 70 0 19 155 69 197 141
    85 161 49 47 37 98 185 158 53 232 16 17 45 117 107 75 121 149 34 255
    220 103 17 161 156 207 100 172 78 46 206 139 172 81 84 206 103 15
    199 235 183 52 41 139 70 12 171 132 200 236 153 176 31 37 115 242
    203 71 188 213 6 227 46 103 207 129 93 167 121 23 218 144 61 188 171
    160 213 21 251 167 25 96 121 252 231 64 243 77 170 246 70 211 137 84
    150 97 130 87 40 69 185 124 10 37 175 158 59 173 146 52 174 139 30
    42 13 219 2 152 162 154 221 179 11 24 187 74 90 104 187 134 195 161
    74 227 243 163 28 247 127 244 186 87 112 152 188 220 46 26 244 230
    71 43 8 67 143 206 124 21 117 225 242 184 179 71 78 15 186 27 47 159
    233 162 45 129 35 133 124 27 101 238 58 99 51 206 0 72 212 111 140
    166 23 246 185 251 57 203 152 56 199 117 176 123 37 151 75 13 210
    200 115 66 95 147 193 71 117 29 95 54 188 176 123 197 82 54 43 95 65
    142 96 251 157 30 17 127 244 176 232 41 144 81 201 6 135 171 123 217
    116 157 247 86 69 170 1 26 208 190 57 188 139 241 115 61 79 188 171
    12 100 113 144 3 127 155 99 211 187 255 187 22 60 36 63 123 37 95 74
    92 196 181 81 23 214 203 54 119 147 166 62 105 208 244 164 48 161
    192 92 214 221 161 232 204 255 183 240 180 74 230 3 63 97 156 225 3
    57 0 68 23 190 146 136 126 95 216 102 5 110 211 197 189 78 196 204
    135 248 118 34 21 202 139 18 50 205 50 253 75 93 160 138 43 142 84 1
    40 220 74 235 156 79 50 19 210 55 79 208 34 226 249 4 125 77 148 52
    95 172 88 150 157 40 125 208 26 110 6 52 210 57 103 151 147 148 133
    178 187 35 171 44 45 82 163 141 197 118 140 173 74 28 63 181 168 196
    232 202 158 170 62 198 119 128 19 204 13 213 247 40 182 197 42 61 88
    86 165 13 41 252 209 51 55 65 10 14 39 18 104 10 168 51 76 244 200
    97 99 131 30 121 208 77 48 36 198 6 158 51 1 151 156 190 117 39 208
    83 34 174 5 140 52 90 52 198 74 206 129 23 215 119 66 82 72 101 165
    199 22 143 29 191 234 193 128 45 248 5 239 179 213 35 205 90 137 224
    197 184 173 246 83 15 117 251 108 17 34 52 40 28 125 19 255 122 44 5
    145 113 244 198 195 225 42 189 194 75 230 48 6 93 121 68 56 41 156
    127 169 202 56 7 85 38 237 81 107 44 2 183 94 35 10 227 9 39 172 63
    242 10 51 63 69 141 134 148 79 76 39 175 131 167 131 233 121 164 2
    212 190 147 237 225 109 77 195 236 65 69 123 71 53 170 47 95 39 67
    11 167 247 114 79 140 25 72 85 105 47 49 109 150 107 203 254 34 229
    89 210 47 64 145 69 80 218 10 3 247 102 255 205 252 206 135 114 35
    247 31 214 157 28 127 226 64 209 78 243 32 37 99 86 125 108 11 198
    171 3 239 69 53 96 226 120 128 29 232 140 173 226 50 252 248 129 220
    112 95 185 119 223 140 138 47 27 247 221 150 3 22 250 224 125 103 81
    101 202 91 32 218 96 166 184 177 5 251 178 30 146 159 162 180 205
    174 194 196 126 95 209 68 75 198 234 246 150 158 11 39 66 199 34 75
    45 59 133 129 106 93 200 132 111 240 233 241 52 68 50 31 29 77 185
    187 165 165 114 46 96 69 46 120 103 102 77 214 28 106 131 189 64 4
    223 69 244 37 225 188 144 48 70 109 223 118 30 148 78 239 0 68 1 179
    104 8 104 31 129 24 126 244 239 102 154 110 177 35 190 209 107 206
    10 101 177 146 248 95 162 170 250 211 188 225 181 130 87 215 57 236
    104 158 178 93 76 238 230 92 162 239 188 142 243 185 1 231 90 156 49
    102 115 200 143 183 180 170 136 229 157 4 167 229 239 31 135 168 193
    85 36 25 238 157 128 190 10 162 12 180 188 246 89 52 22 41 203 92 71
    58 1 208 120 133 10 19 235 79 67 178 111 232 212 99 73 90 98 164 10
    187 135 197 167 39 128 139 138 135 252 75 80 90 132 50 249 234 119
    43 85 50 209 78 71 197 180 223 129 86 65 70 47 199 174 29 230 165
    140 144 112 23 9 202 159 69 39 57 81 10 129 89 99 236 98 159 62 176
    111 230 109 40 86 59 161 252 71 13 157 73 171 184 184 157 172 182 24
    250 23 167 225 128 179 73 157 165 65 157 172 83 183 168 38 81 87 76
    238 60 192 43 239 232 171 229 152 150 9 121 192 17 188 157 147 51
    213 183 62 28 104 83 249 34 131 58 250 42 206 35 142 226 239 28 197
    90 166 89 102 72 36 32 138 160 115 65 228 190 186 150 52 217 177 52
    58 211 231 59 214 4 29 92 54 92 194 140 146 103 221 3 82 165 32 59
    133 156 34 18 66 208 242 173 189 173 217 243 46 44 226 54 4 197 180
    247 217 239 116 38 167 189 237 231 136 203 4 153 69 72 69 140 63 10
    5 123 202 156 175 214 166 149 127 9 166 82 228 41 136 95 241 30 198
    226 118 248 166 235 18 107 141 23 169 62 224 73 62 162 107 213 227
    215 215 58 24 85 189 156 246 69 69 193 70 23 75 118 84 241 147 238
    18 242 124 190 50 207 70 172 231 162 234 66 210 242 17 224 165 145
    44 36 200 93 244 46 223 35 28 77 221 254 97 238 35 198 140 80 155 59
    230 39 207 150 76 185 236 219 241 166 217 238 66 128 162 226 69 134
    206 25 158 119 190 158 14 60 155 116 182 148 171 135 154 114 19 1
    203 215 137 119 39 10 214 189 189 156 205 235 85 145 62 28 253 30 58
    77 0 168 231 81 51 253 231 107 112 79 244 244 127 223 118 129 206 43
    221 252 230 150 209 61 173 181 89 95 112 88 72 244 86 72 13 37 88
    167 138 159 30 156 183 108 33 134 163 86 198 202 205 2 111 91 50 188
    128 141 92 222 198 104 85 3 158 97 53 153 251 122 243 185 199 132
    104 108 197 14 185 208 252 218 139 155 113 246 144 247 38 83 156 111
    173 172 174 6 246 184 103 82 118 58 153 47 50 205 138 32 182 147 60
    16 164 172 213 216 176 222 54 134 151 114 215 149 14 66 10 41 140
    207 177 244 220 88 117 45 20 100 95 19 85 148 110 210 61 223 98 231
    179 137 67 26 27 173 81 80 60 34 63 148 54 141 91 15 42 68 59 161
    233 101 231 188 24 108 35 70 177 113 70 1 124 146 74 1 208 59 80 17
    226 85 180 237 54 196 169 41 166 26 78 199 118 3 156 132 192 199 189
    110 141 6 129 96 144 13 169 74 15 27 222 126 54 29 59 82 16 154 235
    13 73 213 117 97 119 63 140 162 248 199 208 218 145 212 36 93 107
    208 131 125 52 67 103 45 239 129 136 24 107 199 108 109 35 124 125
    42 168 219 161 14 36 162 208 33 177 173 230 213 105 184 135 231 226
    61 225 112 115 159 221 142 139 218 20 92 181 92 19 164 138 158 113
    103 113 241 208 77 251 207 166 30 58 223 44 87 168 86 19 255 148 104
    37 217 43 54 173 6 53 192 221 13 194 116 130 247 182 214 111 215 19
    111 52 193 157 95 151 97 99 21 225 180 128 237 15 166 22 157 94 199
    26 49 228 249 155 254 161 8 117 210 65 190 109 137 31 14 241 100 178
    225 197 48 2 43 179 202 73 58 107 233 6 68 65 106 100 166 174 211
    249 180 208 8 203 247 175 156 5 141 52 215 42 181 194 222 113 131
    176 21 4 157 140 196 82 12 59 167 244 19 217 148 178 191 104 174 74
    121 94 127 217 3 239 180 128 32 189 37 140 29 233 75 25 219 148 39
    86 218 78 137 142 202 15 13 150 54 11 140 6 172 32 154 13 148 20 85
    211 159 183 228 165 215 104 1 243 191 226 96 191 98 65 31 178 95 178
    52 204 167 22 37 245 74 20 84 12 206 9 141 176 250 157 178 18 114 32
    86 137 175 4 25 42 152 76 8 134 235 110 44 180 70 112 111 174 211 28
    183 8 235 222 96 80 138 34 70 38 71 118 0 28 77 127 88 78 137 33 202
    79 195 107 141 141 183 48 143 242 27 185 187 167 83 114 198 198 167
    243 10 175 3 144 129 145 146 188 59 204 100 94 73 121 76 204 6 253
    99 122 150 223 87 77 239 232 126 205 123 205 218 64 49 107 141 166
    233 40 237 73 46 241 238 4 101 67 156 202 76 99 206 202 24 209 163
    144 98 154 212 121 169 112 98 116 157 225 36 133 134 181 47 133 98
    155 38 164 242 41 222 5 253 68 162 134 118 53 248 26 118 65 247 4
    235 81 42 86 93 214 250 144 189 171 35 215 221 177 232 26 4 61 226
    183 35 4 131 170 74 101 165 242 27 183 48 179 193 230 167 249 60 54
    14 30 203 202 99 22 153 162 108 36 167 188 124 192 221 53 63 26 142
    17 88 140 112 85 160 133 89 183 245 71 102 253 251 173 233 50 184
    176 231 73 240 10 11 107 46 253 99 236 133 225 239 44 134 163 139
    194 32 184 62 211 74 3 47 142 108 207 42 8 252 157 87 21 123 30 116
    192 171 235 73 41 61 122 187 148 218 50 165 164 156 188 254 148 181
    127 240 126 30 167 206 76 47 139 45 150 77 211 166 141 38 86 207 53
    10 191 32 213 176 130 204 228 116 169 131 126 251 63 23 205 79 112
    26 98 34 62 201 0 151 122 99 116 235 84 55 120 114 98 178 22 216 76
    171 253 124 246 146 102 148 86 144 149 106 98 2 187 101 178 69 179
    56 164 233 104 132 250 65 203 84 38 173 96 215 57 92 80 139 20 161
    175 63 204 94 43 243 223 128 80 119 75 127 170 117 191 129 11 247 65
    60 187 129 163 206 44 53 2 157 147 167 219 122 138 104 208 251 80
    169 170 79 27 204 4 59 230 119 4 217 185 227 95 191 111 128 200 163
    148 56 101 204 232 59 20 12 220 185 65 144 72 238 75 246 216 138 184
    235 62 127 229 236 137 22 3 70 191 215 69 23 36 158 14 79 154 133 39
    159 101 130 197 221 171 216 84 148 103 215 61 108 48 43 231 126 164
    245 129 228 58 98 125 253 157 190 190 157 55 100 157 227 198 6 104
    76 156 170 33 142 209 175 198 248 182 127 3 212 146 114 142 81 79
    210 100 181 175 244 203 171 143 209 142 4 72 155 103 41 188 100 60
    170 73 66 187 19 41 122 254 220 136 235 103 230 198 9 234 188 158
    172 19 250 82 88 153 162 4 36 212 197 92 196 223 30 58 190 39 240
    128 71 84 222 248 65 83 200 181 45 100 89 248 9 100 149 52 122 122
    144 26 201 180 5 112 85 85 92 228 50 120 39 101 176 5 198 24 42 145
    86 212 119 225 224 70 186 67 43 78 115 250 98 232 253 133 210 176
    196 127 166 68 173 131 157 14 17 87 56 190 164 47 58 43 53 246 131
    130 68 47 84 58 35 76 221 213 112 129 67 204 84 180 164 63 80 128
    235 180 249 67 57 117 250 226 61 91 15 12 100 252 255 208 189 100
    232 48 189 194 55 117 22 240 108 88 149 237 46 108 108 84 32 133 199
    79 101 131 4 91 224 58 53 200 92 213 59 61 47 13 162 235 241 208 95
    225 57 177 89 163 105 151 157 192 14 219 243 16 135 84 119 42 14 241
    2 116 58 242 245 182 100 119 13 127 223 229 185 30 215 184 61 44 185
    15 153 123 152 231 124 70 167 181 179 196 227 33 184 238 42 232 231
    133 35 204 170 163 39 83 20 24 162 80 66 170 51 115 253 42 75 159 26
    24 137 102 201 65 139 190 155 127 198 151 197 2 5 249 225 42 237 195
    11 51 178 213 34 132 102 56 78 218 177 28 26 248 65 102 94 37 191
    219 208 9 54 38 97 103 47 35 97 92 193 66 55 193 68 56 13 170 172
    222 95 53 69 32 22 58 167 8 21 208 179 188 151 100 13 126 187 61 146
    218 208 233 214 234 121 92 244 38 250 191 207 226 142 140 167 199
    101 210 201 154 149 6 182 120 49 184 108 168 201 94 151 224 51 117
    91 254 244 140 60 103 251 113 147 121 50 189 183 93 177 170 138 44
    172 81 221 49 111 17 192 109 54 91 234 146 185 175 36 139 25 209 97
    164 17 212 195 115 229 81 63 136 93 33 194 62 67 88 126 88 254 245
    105 46 193 36 151 185 224 54 159 227 89 36 137 171 225 111 11 195 29
    182 108 49 202 179 242 158 48 177 165 47 68 245 240 164 132 48 51 10
    222 53 18 208 162 25 177 107 89 102 149 186 142 165 191 224 165 79
    99 231 240 57 58 189 125 147 31 139 140 92 135 192 241 202 112 203
    221 237 228 180 178 101 152 255 180 95 128 17 240 68 45 57 116 51
    118 69 147 225 129 173 140 93 215 47 21 148 75 117 244 98 199 198
    246 123 216 10 113 89 177 182 249 152 215 61 178 79 4 89 33 31 195
    109 254 49 26 182 143 97 77 6 234 147 135 102 34 203 49 140 166 207
    74 12 195 65 6 219 241 126 149 28 101 115 161 119 197 119 129 117
    127 227 220 109 79 132 206 44 86 232 53 31 177 125 145 185 84 79 29
    8 164 121 113 64 156 147 179 61 202 250 250 140 243 39 85 52 192 147
    73 191 103 121 2 124 68 55 227 46 218 142 60 165 28 156 185 100 79
    129 190 225 246 89 144 57 24 24 224 96 226 80 204 215 203 162 209
    166 13 58 93 31 88 175 14 202 192 245 115 23 38 27 193 0 43 230 34
    74 203 224 175 177 44 115 166 54 131 228 44 37 204 93 91 41 197 63
    24 204 11 109 49 11 34 138 184 208 117 50 217 125 140 171 48 118 125
    105 187 193 197 223 124 139 245 114 194 98 11 191 155 55 219 138 112
    114 120 195 233 135 44 103 58 127 48 40 206 21 107 54 200 114 72 158
    87 10 53 103 168 108 248 247 143 38 38 163 234 221 13 22 1 132 39 36
    247 111 57 59 61 32 99 127 229 39 200 143 218 175 33 42 12 173 101
    174 106 119 179 128 69 86 100 42 86 199 16 5 7 190 3 55 120 163 68
    41 251 9 199 215 5 43 108 43 83 220 85 198 86 62 23 190 168 250 129
    209 54 88 176 154 249 30 116 13 109 163 203 219 11 92 6 51 229 139
    176 151 107 209 212 169 213 37 186 179 69 17 2 78 176 48 6 159 75 72
    7 98 36 51 232 177 40 63 196 147 19 238 115 161 99 89 144 177 126 15
    34 70 188 34 132 117 222 107 222 160 77 43 254 89 122 197 158 170 20
    103 220 48 43 209 216 135 174 105 82 120 87 24 164 167 155 57 233
    187 223 170 24 128 156 96 36 86 65 183 99 209 104 221 74 34 35 80 48
    82 140 174 190 166 201 28 26 37 97 221 79 251 116 164 148 74 223 224
    166 49 118 124 174 32 187 115 34 226 117 246 207 234 165 61 131 114
    57 210 69 33 140 191 24 176 45 128 194 86 137 252 0 105 244 191 139
    173 10 208 143 213 224 88 210 127 77 75 206 4 83 36 20 147 209 141
    235 229 53 75 26 0 96 142 28 229 30 47 230 7 195 213 196 217 247 180
    0 43 107 49 248 151 77 164 214 229 192 66 61 150 104 179 85 219 237
    197 2 46 1 183 170 0 68 157 77 57 54 252 58 213 186 28 178 188 154
    253 156 80 174 186 21 44 76 160 8 239 55 158 199 233 8 254 79 115 39
    72 8 151 234 241 164 19 130 92 10 89 160 138 56 67 221 95 137 241
    216 160 2 128 142 179 174 195 137 43 87 112 254 95 182 69 3 61 177
    92 246 122 219 88 49 150 140 69 108 112 204 217 56 146 123 31 171 88
    91 19 236 24 120 173 21 134 45 13 161 167 3 30 124 44 94 219 190 169
    128 44 143 167 38 41 232 129 167 125 209 109 199 143 216 127 138 181
    134 82 110 232 102 42 62 141 0 135 81 175 4 120 91 34 212 159 250
    201 89 88 22 166 32 172 205 218 151 222 135 18 233 130 185 39 88 110
    46 76 71 228 169 124 145 55 67 209 216 177 175 200 196 104 184 151
    210 200 143 168 198 68 21 159 224 72 156 208 39 119 173 31 74 202
    190 54 68 104 156 130 193 192 64 84 145 6 57 59 237 235 38 197 144
    198 130 161 7 247 131 254 76 9 7 41 56 157 97 51 205 197 45 218 54
    74 142 176 102 37 30 83 51 119 243 150 204 41 194 26 194 193 84 157
    52 80 238 164 117 78 176 79 185 3 245 145 115 55 208 227 220 34 106
    6 176 142 174 220 63 11 136 195 5 140 42 226 55 156 166 84 195 150
    197 81 180 169 24 239 87 230 46 83 94 188 44 66 138 189 99 158 123
    126 83 87 62 89 9 149 72 248 208 202 57 128 107 38 164 181 124 157
    241 43 187 25 255 184 84 68 140 136 142 22 248 119 22 125 197 65 45
    111 214 125 251 88 57 11 246 110 114 37 68 205 205 96 204 113 119
    230 234 172 191 48 240 5 110 36 235 204 237 29 26 125 177 90 161 184
    187 68 63 223 76 7 28 245 125 62 27 174 173 159 173 188 91 164 240
    15 247 134 220 47 239 137 28 130 212 147 88 198 67 159 248 63 92 13
    33 127 208 202 33 103 98 219 55 253 132 189 37 207 100 66 204 40 238
    29 35 149 170 47 20 125 249 140 173 172 66 83 221 62 169 168 136 32
    12 235 28 149 19 68 135 153 63 241 225 7 24 215 128 170 76 132 195
    178 2 151 215 107 132 87 169 92 57 5 133 237 135 61 25 147 245 72 84
    84 76 120 113 190 3 159 110 222 65 115 58 58 220 224 139 13 41 231 6
    78 25 191 227 95 204 35 157 92 61 169 43 47 144 92 249 209 145 71
    183 23 239 109 34 174 242 36 172 202 202 127 109 173 116 14 241 5 95
    113 186 10 86 41 68 121 56 37 55 159 235 42 236 105 103 102 12 74
    179 216 37 18 229 8 35 92 53 16 195 63 244 225 70 155 231 240 6 179
    110 219 218 84 164 41 21 49 171 19 147 139 55 141 7 3 101 211 201
    153 199 97 109 239 185 95 48 20 127 135 156 45 105 68 88 196 135 53
    249 135 58 108 14 98 14 191 139 190 224 32 224 111 241 119 94 219
    179 181 222 130 77 39 190 48 120 119 123 51 106 90 210 151 45 225 48
    105 217 145 73 152 87 3 175 232 181 192 54 115 101 174 215 82 174
    112 114 215 222 36 51 71 88 128 207 130 73 56 112 117 219 213 246 12
    34 214 30 49 67 216 243 134 166 100 71 226 52 196 109 138 165 246 98
    95 22 14 23 16 14 140 66 175 23 52 207 171 193 202 217 154 118 211 4
    202 136 56 42 178 130 127 225 182 41 69 225 86 95 74 250 240 194 98
    42 222 114 4 69 57 130 84 232 76 135 157 72 205 17 121 142 240 142
    122 162 136 245 72 245 205 36 212 149 183 32 211 120 249 168 57 68
    31 87 10 57 125 36 226 244 228 231 4 79 165 240 113 218 222 134 190
    245 88 150 15 92 13 83 181 205 155 42 172 137 183 50 211 96 14 160
    102 189 28 61 62 103 173 135 158 251 55 15 90 130 241 189 239 229
    191 35 136 102 108 113 30 90 5 120 14 56 110 109 153 129 208 181 189
    25 8 67 149 26 23 222 174 26 218 191 39 180 5 207 68 233 135 34 173
    49 1 249 138 14 81 35 36 191 54 239 26 168 41 144 51 227 0 52 222
    165 62 61 28 17 167 178 227 89 108 39 172 96 25 37 183 4 239 211 101
    185 43 75 83 83 198 29 176 82 74 14 236 202 16 67 36 187 16 187 16
    27 235 245 103 197 252 100 61 49 8 253 228 99 77 165 131 169 33 205
    226 46 103 71 176 161 178 241 79 4 15 21 48 157 18 35 229 118 191
    212 94 235 210 150 70 180 178 63 1 201 45 88 77 33 137 211 28 68 177
    106 240 181 72 104 66 16 185 222 17 107 226 153 31 47 105 59 48 70
    47 53 101 233 105 91 38 36 211 2 4 88 57 209 58 58 0 229 149 15 176
    87 225 38 163 142 35 205 207 136 93 235 96 162 109 87 92 91 240 169
    179 0 36 135 100 44 133 108 186 190 6 13 7 67 7 167 189 21 143 168
    184 84 122 254 171 208 70 252 78 204 80 54 57 54 255 41 12 226 162
    26 13 27 117 113 225 120 16 18 181 69 200 56 55 38 215 59 238 213
    199 112 106 163 34 31 50 228 255 240 212 131 189 21 142 179 65 222
    78 231 7 236 36 225 122 154 190 208 155 186 136 235 94 144 18 242 55
    196 22 30 58 219 11 119 152 127 177 124 73 186 31 157 97 85 41 113
    217 124 222 250 35 219 27 54 31 191 183 171 74 214 47 9 177 130 119
    238 213 43 173 50 152 231 96 251 159 34 229 186 170 245 59 106 224
    150 106 48 152 232 166 164 15 29 211 166 175 101 215 118 123 120 147
    32 76 93 221 142 148 246 4 229 232 175 130 118 194 26 79 19 0 4 26
    81 220 145 73 73 63 15 17 164 56 96 34 17 161 144 110 131 151 116
    124 132 16 154 143 198 116 147 153 52 240 229 29 220 93 152 40 114
    230 97 216 148 190 92 157 212 24 147 27 156 195 29 11 4 76 240 79 71
    26 140 172 121 16 160 120 106 226 184 137 40 196 214 189 174 86 164
    3 31 188 217 78 9 113 106 159 174 89 140 57 43 97 146 194 92 163 174
    254 5 241 80 140 245 150 145 231 67 204 108 95 70 68 73 218 78 195 6
    214 170 209 169 109 79 122 24 13 107 254 9 6 194 69 207 106 215 236
    171 116 78 163 202 3 239 251 102 180 223 130 241 106 232 200 220 126
    167 2 30 239 144 251 80 220 22 203 194 60 186 113 52 212 249 75 71
    104 159 130 8 124 54 122 24 181 186 156 200 101 190 154 212 255 255
    16 155 189 41 149 119 142 149 217 78 244 221 61 11 119 86 194 168 61
    29 55 89 66 200 30 186 251 211 102 187 98 64 63 29 254 109 54 24 45
    10 136 60 19 134 205 41 127 92 64 190 152 45 19 70 252 4 71 88 216
    147 171 135 229 246 162 158 225 2 195 85 114 70 239 10 106 253 206
    14 128 101 198 183 41 167 220 239 217 21 144 64 131 235 19 191 184
    109 179 70 42 13 3 32 113 21 27 160 77 107 51 152 98 217 181 111 80
    227 224 178 175 164 180 209 151 66 69 201 5 235 248 27 158 11 4 204
    237 158 168 143 111 75 53 76 95 203 224 57 99 46 181 143 152 50 129
    56 15 220 95 106 65 140 84 32 119 209 176 216 213 28 140 203 149 113
    43 101 251 48 172 209 171 29 139 95 159 3 80 72 39 14 78 13 179 13
    62 62 15 171 172 65 53 2 242 51 175 29 9 193 160 36 70 25 238 238
    119 219 209 148 41 105 12 42 110 28 142 154 126 21 100 182 58 129 26
    196 71 152 38 151 90 163 8 212 2 0 59 149 123 164 105 99 17 25 183
    239 118 130 110 47 177 117 67 234 216 216 179 217 174 91 53 142 89 0
    120 35 113 85 160 162 1 18 130 252 46 174 253 45 240 30 115 72 86 41
    31 163 176 85 159 46 178 252 218 164 54 155 74 237 147 232 22 65 68
    246 29 241 200 57 66 187 9 84 247 206 18 73 246 214 12 169 1 216 7
    15 216 30 4 99 112 14 210 91 147 98 94 63 242 236 5 253 176 247 221
    41 195 32 33 227 99 22 141 207 160 125 200 241 244 217 13 174 28 247
    85 21 252 254 151 172 164 249 63 122 153 39 196 122 219 245 44 20
    175 183 198 76 225 102 109 168 86 140 225 118 27 109 146 90 129 163
    214 158 207 140 48 194 192 207 81 37 252 122 24 245 172 192 184 146
    180 113 186 37 234 91 212 124 197 10 3 115 74 60 208 162 145 101 48
    217 77 21 188 71 86 69 37 50 9 239 254 4 24 87 61 132 44 227 211 150
    88 14 49 221 1 52 97 246 148 181 165 209 102 127 8 68 199 220 255
    230 154 168 81 87 58 52 75 139 122 50 21 229 193 126 114 72 72 216
    33 35 208 37 239 181 145 102 56 135 136 205 249 125 222 189 213 93
    254 116 145 150 194 23 109 87 246 36 51 245 75 232 155 24 47 86 39 1
    195 171 75 23 60 131 124 90 95 103 248 49 126 205 205 211 134 196
    248 174 228 79 21 4 52 156 130 153 64 222 67 86 90 248 53 228 229
    156 243 106 27 122 216 180 96 177 8 100 71 139 237 154 114 22 158 89
    198 113 37 47 14 90 23 121 56 225 230 169 5 15 82 14 237 64 0 122
    139 58 84 125 150 126 113 254 201 148 213 196 217 125 21 149 83 122
    200 17 32 156 33 76 248 22 207 117 168 54 212 224 90 228 2 127 171
    249 150 80 191 33 178 28 169 100 41 166 59 245 245 24 74 163 23 58
    165 114 124 96 236 145 34 44 60 106 108 254 73 197 225 76 224 245
    203 139 45 251 186 34 58 106 19 154 11 81 202 252 184 96 92 76 73
    133 109 183 211 213 213 83 71 119 215 176 249 6 80 175 183 21 150
    102 108 141 76 86 225 21 189 202 4 101 231 184 81 222 175 53 129 244
    20 253 117 26 46 85 128 62 62 248 238 177 179 120 51 193 31 127 72
    60 141 167 248 111 210 58 170 150 7 30 168 13 112 24 1 74 31 131 76
    225 200 126 22 248 211 51 154 49 148 215 144 171 32 82 140 84 28 97
    124 109 229 125 74 184 252 19 31 63 111 7 171 57 196 243 20 254 65
    72 62 28 36 43 194 230 168 239 131 179 105 145 242 162 48 140 160 90
    122 95 79 62 37 225 237 39 148 108 227 9 225 206 3 149 196 219 28 54
    168 247 217 203 127 255 26 40 98 185 202 175 128 57 158 249 124 169
    98 193 14 169 248 124 213 122 16 241 162 0 192 213 163 83 96 155 237
    58 127 158 25 190 192 19 177 151 228 232 37 252 77 95 192 69 128 168
    212 30 167 182 155 44 5 93 182 206 183 117 149 128 28 55 217 218 168
    155 96 185 18 170 136 124 253 23 77 181 115 1 80 93 216 26 204 8 162
    48 255 123 247 115 44 120 136 247 155 44 22 21 210 45 76 120 8 180
    210 243 252 181 121 132 110 13 150 19 205 197 150 41 134 55 211 70
    12 89 7 21 163 69 91 120 147 20 0 31 58 54 78 158 147 77 205 190 64
    101 181 241 253 213 3 59 31 198 141 117 74 14 3 110 48 160 217 32 8
    5 241 199 194 63 47 33 30 130 33 244 103 172 48 180 196 121 168 254
    92 82 163 159 137 15 209 192 23 85 177 134 254 124 120 202 26 64 42
    214 21 106 45 111 44 57 165 42 173 197 51 173 77 62 101 48 65 64 244
    159 136 181 80 171 140 232 238 238 119 212 215 57 41 236 147 50 236
    124 73 60 248 247 77 85 29 182 110 252 138 251 155 232 183 242 29
    244 52 244 161 2 250 26 73 33 55 71 93 104 38 29 255 20 206 9 203
    219 48 99 199 40 95 141 24 113 165 131 141 227 49 189 182 72 78 198
    5 102 110 241 158 219 75 211 147 104 229 156 233 188 121 201 144 146
    75 192 137 59 113 17 84 33 162 145 146 204 206 7 59 147 87 156 101
    214 114 100 156 251 219 135 233 70 177 205 139 159 110 70 84 167 176
    58 80 160 148 109 103 221 102 238 75 152 63 198 245 161 4 96 116 196
    89 126 183 203 34 188 111 249 178 178 8 246 52 210 33 85 120 170 253
    112 149 232 234 8 26 108 91 51 151 13 108 47 253 52 112 117 252 83
    31 75 57 131 153 73 92 30 158 9 248 179 237 101 187 126 61 123 148
    199 69 83 93 30 214 49 93 94 190 161 5 107 36 113 8 149 226 75 185
    53 43 113 184 238 147 219 165 92 30 54 15 27 140 84 191 171 27 225
    220 59 125 28 223 245 120 64 139 55 80 241 83 17 87 4 38 60 136 108
    96 119 36 142 136 163 117 113 236 128 36 117 124 91 98 121 10 229 84
    220 46 39 15 243 207 29 185 100 206 19 102 79 115 181 3 101 132 27
    156 189 237 185 45 206 175 23 225 205 248 242 243 58 173 110 42 119
    250 37 51 30 135 198 195 241 85 253 237 231 90 73 160 178 58 166 174
    20 225 109 152 30 206 157 223 58 215 17 32 74 20 12 39 49 162 160
    255 165 167 235 162 254 67 135 144 90 131 18 94 150 194 209 228 14
    214 148 156 50 163 237 199 134 170 137 230 40 50 44 199 211 223 133
    214 195 120 218 100 99 239 63 221 163 64 60 145 154 71 3 160 166 174
    141 224 143 208 23 246 132 77 135 135 68 20 99 128 123 184 221 180
    125 139 197 217 34 93 207 1 83 20 169 241 50 57 165 61 190 51 56 187
    87 210 189 19 201 169 183 238 248 35 113 237 183 87 217 8 179 151
    178 41 225 227 69 119 212 63 169 228 97 183 32 235 188 64 205 204 2
    37 83 82 137 196 166 48 132 150 16 202 105 135 132 104 43 255 83 36
    233 220 228 191 5 26 240 56 195 44 193 12 241 218 14 87 64 12 237
    138 239 44 43 113 73 56 153 59 202 70 117 148 46 18 118 124 171 222
    236 30 128 6 35 188 247 224 94 156 89 210 237 39 66 68 44 27 84 119
    22 17 208 193 11 51 221 0 43 205 7 135 230 36 17 113 230 96 123 115
    177 85 137 79 211 233 11 54 211 119 241 247 153 51 27 42 103 127 26
    5 255 149 123 189 224 103 137 40 199 82 104 0 231 86 94 170 11 228
    136 78 190 188 115 109 105 232 108 215 197 231 27 220 252 20 26 22
    101 206 151 18 63 220 8 39 245 161 13 65 55 82 79 41 145 203 130 12
    208 24 147 202 91 54 169 115 41 249 118 65 166 38 64 10 119 43 201
    199 215 102 228 157 77 131 86 215 237 67 55 95 14 111 145 55 202 221
    103 170 195 109 108 77 246 130 234 132 148 117 108 183 200 235 4 236
    94 10 118 151 155 246 159 18 191 109 162 1 239 185 217 252 65 114
    207 94 16 33 122 248 10 235 110 238 154 226 163 173 64 229 36 4 136
    118 58 129 21 254 155 151 7 174 213 155 117 41 99 231 8 116 208 133
    101 251 92 5 108 243 119 98 183 173 153 200 147 35 180 171 116 200
    126 74 193 182 133 75 192 10 162 226 170 231 248 114 156 226 234 77
    65 198 176 52 4 184 32 121 26 8 133 190 49 15 48 135 53 151 143 203
    234 110 56 140 182 84 20 14 178 20 81 26 120 211 160 247 222 186 28
    66 233 67 38 174 199 245 52 72 90 191 246 57 149 118 206 60 87 164
    204 246 155 33 236 187 25 156 176 4 89 12 166 211 249 38 182 193 110
    20 180 158 210 194 217 41 182 145 108 212 159 100 246 156 68 49 168
    3 127 199 144 199 126 191 154 236 4 224 160 7 73 203 86 105 105 232
    93 116 37 217 136 44 185 147 68 98 126 233 132 25 236 156 120 43 234
    115 79 194 209 204 185 177 46 232 82 103 178 219 176 120 65 81 222 0
    150 134 35 110 159 217 48 122 241 172 255 170 135 136 170 11 227 144
    128 110 156 137 58 164 215 156 12 118 166 164 79 253 50 19 28 121 14
    246 118 181 232 53 176 170 232 255 202 131 175 174 129 6 177 201 124
    108 146 145 189 159 197 229 212 56 43 91 142 139 166 129 130 207 211
    184 106 210 60 160 203 42 16 243 186 197 133 138 188 127 42 233 103
    149 166 160 110 146 188 32 46 106 217 104 185 184 158 253 39 87 214
    92 167 11 157 180 158 170 195 201 251 159 166 72 77 211 204 144 26
    112 29 188 35 182 80 14 253 190 158 54 187 8 52 172 133 247 100 92
    20 38 98 16 41 233 19 177 251 25 236 198 21 55 193 75 13 64 234 84
    186 118 148 140 208 133 212 161 16 76 143 120 42 28 225 244 59 3 238
    177 185 166 135 223 196 175 215 28 8 108 100 131 211 102 163 105 113
    110 124 134 27 119 209 107 178 239 76 49 153 208 14 131 48 14 181
    150 77 235 117 100 157 174 177 152 247 164 133 31 155 230 222 94 243
    56 153 238 114 159 206 90 163 211 40 8 208 243 155 112 90 136 122 61
    167 23 221 244 141 110 127 230 143 168 224 2 56 104 171 224 225 19
    146 248 217 119 161 233 217 168 25 57 180 200 65 207 2 114 218 132
    225 69 24 114 100 65 44 131 183 253 67 163 34 8 2 227 2 194 233 53
    72 135 200 11 37 238 37 65 104 202 27 181 77 0 33 161 254 141 250
    104 172 163 116 156 140 160 250 132 66 37 12 216 59 179 19 191 248
    19 27 42 23 21 26 1 51 96 170 194 68 5 122 147 22 193 78 219 11 198
    43 105 181 149 171 66 99 74 32 139 234 235 10 99 249 111 40 93 70
    197 51 109 51 4 224 255 22 20 210 122 12 170 131 67 37 53 245 125
    179 166 180 236 140 119 183 3 254 108 99 9 83 35 37 183 237 30 164
    166 120 47 75 224 129 131 107 102 77 101 77 194 124 63 119 110 50
    133 36 234 137 105 92 231 244 116 48 90 5 189 133 75 80 151 2 95 94
    27 138 188 166 116 62 238 236 57 59 177 195 5 210 155 223 228 72 77
    67 56 86 39 45 220 142 236 178 68 242 105 236 124 58 17 97 19 105 15
    222 49 45 10 68 104 160 68 6 172 48 73 68 109 115 22 153 214 120 142
    235 237 33 105 237 130 82 249 195 170 32 220 54 191 18 27 189 128
    109 130 181 251 211 81 49 52 164 244 148 155 1 174 101 245 225 1 97
    73 81 89 218 189 63 245 40 149 43 122 12 197 12 3 245 206 31 163 200
    244 134 245 60 28 86 99 173 214 35 47 188 77 82 128 94 33 65 70 224
    40 4 177 72 182 56 217 234 210 20 178 184 116 155 108 136 251 45 2
    169 232 218 237 110 135 58 238 147 202 97 187 130 114 89 76 226 224
    121 102 79 189 97 180 148 99 215 89 3 121 67 94 89 202 74 205 199 6
    124 80 160 129 131 85 122 4 176 102 201 236 141 177 59 236 39 51 79
    127 156 102 141 221 100 149 12 50 210 88 183 76 99 67 185 98 182 135
    13 72 45 154 136 33 111 95 231 241 72 74 199 17 202 200 206 181 198
    108 173 60 121 40 222 180 65 103 242 98 100 43 201 171 222 177 50
    111 172 55 251 110 134 85 128 59 237 1 175 59 182 200 154 77 34 138
    84 210 225 180 87 34 200 13 181 137 233 89 236 170 72 28 225 113 52
    60 50 220 226 187 120 166 179 236 132 51 31 166 53 180 40 1 237 228
    105 27 77 80 29 245 113 73 187 94 63 168 55 153 89 211 154 77 112
    135 66 183 62 206 202 2 230 219 165 12 198 177 211 146 120 82 2 54
    206 15 229 27 104 231 32 84 137 17 107 208 43 95 66 230 165 172 21
    135 14 221 128 220 100 126 245 235 18 11 231 247 216 163 140 22 238
    34 104 199 91 59 3 78 42 196 215 208 30 90 70 219 25 219 127 205 108
    172 130 112 112 62 163 195 24 51 48 16 73 220 66 214 121 137 118 55
    121 252 87 222 136 56 162 69 145 23 71 245 74 99 25 155 27 25 115
    237 126 107 64 181 110 56 90 104 104 7 46 26 78 191 114 202 173 181
    11 6 165 73 155 213 170 134 3 99 214 83 48 222 253 246 252 175 243
    81 30 107 26 207 85 38 79 10 183 61 170 146 192 104 140 18 236 147
    119 91 109 168 240 233 94 56 14 152 144 157 87 66 143 68 62 83 116
    72 120 252 229 25 131 212 29 9 111 30 247 48 19 69 148 136 251 144
    169 67 12 47 231 145 211 127 202 143 40 173 192 87 219 1 197 216 170
    37 103 153 200 188 162 168 8 160 86 79 124 192 196 94 227 8 147 149
    107 51 241 39 215 220 174 182 5 83 224 137 215 206 63 26 95 173 23
    104 242 210 205 4 129 137 28 135 231 214 177 35 134 211 235 88 255
    51 154 172 79 30 29 138 46 219 172 76 194 193 195 221 28 8 172 70
    196 177 203 63 49 229 119 39 239 6 61 5 36 158 39 49 43 132 164 13
    165 87 201 133 63 252 151 141 172 100 185 235 67 190 206 214 246 78
    186 246 232 175 167 62 220 42 237 68 131 182 188 81 171 156 7 65 141
    77 58 1 80 8 7 133 19 12 94 119 253 145 4 234 231 52 166 97 28 197
    186 198 6 184 26 254 7 166 101 28 110 254 78 5 36 251 21 10 97 146
    252 151 100 5 32 164 170 49 84 146 61 87 124 206 211 202 128 68 61
    26 160 149 17 88 215 145 94 41 191 174 103 177 5 140 191 55 161 197
    228 57 164 88 11 140 142 215 56 196 99 0 84 201 150 243 18 24 204
    191 21 74 236 179 145 56 9 181 48 189 100 181 251 181 118 201 12 174
    174 103 235 82 114 210 227 2 232 226 190 193 29 0 26 253 224 28 19
    204 45 156 121 109 99 140 29 27 114 175 247 90 55 71 223 13 66 133 2
    10 226 118 83 38 106 246 142 1 173 246 32 210 65 107 196 66 233 73
    233 185 44 206 199 163 167 25 165 187 201 178 73 228 237 29 114 216
    233 189 186 104 234 170 247 148 151 1 234 189 13 69 95 38 28 113 201
    165 71 10 182 123 15 14 83 43 52 85 86 69 218 159 33 154 32 90 4 208
    2 162 92 146 239 210 122 34 180 164 29 215 240 144 149 231 114 116
    142 222 67 222 56 193 149 179 122 252 226 145 71 149 172 122 169 77
    105 154 37 244 177 12 85 23 53 211 138 81 83 234 196 71 143 237 206
    85 208 28 189 163 97 69 237 113 150 247 191 222 137 190 162 156 158
    139 194 129 103 255 93 81 91 103 158 167 150 111 116 180 208 82 40
    124 177 38 199 1 25 196 178 139 40 178 177 18 146 50 38 146 65 53 27
    111 120 104 96 125 245 90 112 143 1 189 111 65 76 33 204 202 225 35
    2 238 188 96 252 176 181 124 85 88 93 46 188 54 168 118 211 191 246
    116 145 109 207 13 120 90 148 161 56 78 180 63 217 111 194 83 69 187
    6 115 77 25 227 87 149 196 37 131 56 16 100 200 168 89 35 67 109 6
    184 221 201 69 154 65 36 161 123 244 91 233 158 35 171 155 236 90
    162 249 16 39 137 32 61 206 121 94 145 145 19 196 251 38 91 224 126
    24 139 129 234 137 121 202 55 180 73 7 255 46 115 47 129 167 126 5
    69 195 123 144 66 94 168 108 25 224 96 9 195 110 247 155 46 232 148
    250 83 45 43 170 193 42 162 218 232 68 97 99 249 164 141 8 222 146
    250 77 168 236 130 47 172 67 152 197 148 193 132 15 65 58 20 181 190
    220 92 66 227 135 88 147 61 124 57 151 208 176 47 93 34 122 18 171
    103 49 175 44 18 5 48 21 247 240 152 64 147 178 125 84 206 250 200
    129 169 38 120 101 61 179 22 39 169 28 156 228 242 36 173 56 20 222
    74 145 28 45 176 222 221 23 28 155 215 52 168 187 112 212 83 64 143
    6 247 107 231 177 193 34 240 81 232 59 213 66 135 250 11 224 163 28
    98 18 177 59 72 118 234 96 74 200 128 138 171 146 173 142 252 232
    227 248 215 7 96 220 122 221 11 230 64 109 214 25 250 120 116 176 94
    135 233 253 203 41 183 69 197 60 127 117 59 66 142 219 241 193 160
    125 134 243 126 26 72 44 239 88 56 30 225 182 89 142 128 57 231 87
    80 231 206 138 189 188 118 49 22 69 190 234 14 123 135 64 29 171 245
    165 166 31 123 239 233 131 213 50 182 212 235 164 28 31 142 126 255
    86 102 79 9 7 30 153 136 142 26 88 193 41 27 30 61 207 35 66 42 116
    191 163 205 216 223 245 1 195 210 188 70 188 81 197 144 90 85 45 120
    67 35 80 247 243 245 202 176 13 115 170 67 30 234 201 34 193 159 108
    96 125 24 65 48 174 102 71 139 53 79 28 17 255 62 215 250 71 188 29
    163 208 112 176 239 241 9 226 121 218 220 105 255 237 21 98 234 18
    78 80 11 195 16 11 9 100 169 223 180 93 63 159 39 191 229 1 129 93
    235 88 122 136 228 62 210 250 177 159 44 249 157 119 72 181 55 80 90
    148 254 125 224 109 64 95 220 188 79 39 190 116 168 85 54 4 155 110
    204 114 9 241 252 238 56 93 161 159 101 130 226 187 184 255 236 120
    240 24 160 68 54 82 57 176 55 46 222 218 18 61 249 202 211 198 5 156
    68 18 222 110 13 61 197 43 191 254 5 6 20 186 50 113 95 77 180 58 64
    238 28 133 137 66 241 61 198 144 243 80 135 72 75 7 200 9 182 85 108
    118 47 238 166 246 87 192 8 201 164 241 80 201 170 29 234 68 137 41
    172 250 93 119 84 146 55 122 109 204 46 26 249 59 57 124 105 116 24
    16 88 91 70 236 116 70 86 58 190 69 72 64 122 57 31 232 251 90 206
    183 248 87 27 104 184 194 91 60 106 7 31 104 181 30 178 206 43 9 88
    64 58 184 0 65 181 215 240 149 221 54 103 171 224 12 9 198 156 142
    171 13 105 179 71 217 195 49 71 35 32 157 182 226 160 55 251 70 29
    23 140 120 78 15 97 239 140 82 205 171 202 169 134 245 218 49 59 202
    32 128 84 45 90 204 212 190 248 222 113 101 217 3 194 215 191 127
    215 1 104 58 12 178 144 184 113 208 24 212 232 182 92 88 39 107 31
    223 183 246 242 89 1 23 77 80 163 237 96 235 176 225 170 94 0 15 132
    182 80 145 194 63 196 188 120 175 250 113 199 29 59 139 140 49 83
    215 186 209 224 237 10 8 119 217 235 223 228 23 101 200 62 7 112 134
    249 207 194 45 83 59 174 8 93 120 140 229 86 154 86 9 86 52 212 4
    205 130 191 122 204 39 50 168 76 93 149 217 239 68 184 123 167 176
    170 105 132 160 13 220 44 214 142 164 180 17 159 212 83 107 238 44
    204 8 109 148 255 83 111 236 188 69 132 141 149 209 172 220 173 252
    178 232 177 212 69 235 196 196 48 227 232 98 97 236 147 20 117 216
    249 133 237 24 55 139 68 214 8 251 56 131 240 90 13 128 90 14 0 139
    112 2 224 167 17 225 11 208 25 241 121 54 108 27 230 159 222 116 255
    207 185 236 220 87 199 195 102 33 118 97 230 86 123 67 30 233 136
    230 208 230 81 163 214 42 51 58 77 54 154 136 157 224 104 38 137 180
    15 242 157 36 100 210 137 75 112 247 220 9 85 50 34 132 56 87 72 39
    123 232 119 185 76 116 243 33 114 4 10 108 42 131 22 193 53 210 180
    159 96 83 163 248 172 24 30 255 223 67 39 62 184 54 13 80 166 184 58
    48 183 7 46 38 35 230 149 167 240 145 125 51 11 57 234 158 161 224
    216 172 171 73 16 121 136 231 209 119 134 100 154 10 139 194 18 32
    233 139 116 20 151 175 25 36 8 57 231 233 179 36 16 122 162 145 177
    85 20 51 125 65 183 247 169 62 199 242 249 170 209 156 99 26 3 108
    196 66 194 105 197 39 98 248 24 29 64 177 182 1 134 17 166 114 145
    233 230 212 220 118 52 255 13 34 156 112 76 95 241 183 242 63 47 8
    86 117 128 118 26 164 126 134 36 64 184 63 148 105 72 233 233 160
    222 182 115 77 123 112 233 114 102 60 254 228 218 102 210 95 47 80
    179 121 83 220 127 185 33 140 163 199 245 7 149 51 206 236 200 180
    99 15 36 204 168 75 8 76 82 103 226 81 244 155 181 231 4 14 219 88
    146 102 167 98 145 173 76 155 100 115 119 70 0 234 126 206 113 78
    200 255 56 215 53 2 110 113 38 23 230 172 148 65 73 172 184 129 78
    58 102 217 148 118 135 109 135 186 98 11 220 215 108 185 254 248 232
    159 142 78 181 97 245 68 121 110 23 70 114 229 72 119 91 26 154 4
    235 95 71 222 106 13 45 144 158 178 148 226 8 108 147 235 153 119 57
    104 13 252 150 214 213 89 163 201 171 71 161 79 234 25 161 137 17
    118 30 11 169 84 126 66 199 236 11 12 154 13 124 98 253 158 175 102
    176 156 27 133 215 189 143 83 123 68 4 91 106 46 243 135 190 121 203
    206 211 121 158 77 66 173 194 124 160 8 30 7 69 178 221 124 50 129
    123 90 132 17 45 0 183 199 194 246 70 70 12 101 155 155 43 188 63
    238 2 12 188 129 57 250 131 149 84 28 193 42 2 119 40 67 150 21 142
    168 22 174 239 104 242 175 140 148 174 161 217 87 86 173 229 129 136
    156 91 50 2 95 139 40 191 179 130 253 123 240 239 221 44 89 121 193
    152 228 68 229 9 44 29 214 116 181 181 17 53 57 114 205 108 37 205
    175 58 192 73 208 208 156 95 156 64 141 143 14 103 156 158 111 210
    156 37 6 239 160 8 61 228 171 89 225 139 91 69 227 50 255 215 188
    161 196 209 1 186 242 250 67 20 19 53 161 250 106 75 38 173 48 42
    201 196 88 46 228 4 242 113 81 213 101 76 139 83 230 194 178 149 152
    48 248 17 167 235 14 117 161 171 60 47 137 103 224 244 210 126 83
    185 118 48 114 26 183 76 244 33 110 239 227 15 223 246 125 97 230
    160 173 93 219 101 37 149 101 17 150 221 133 229 18 97 180 164 26 68
    150 98 42 61 82 136 188 156 205 61 147 63 26 36 23 210 183 216 233
    119 24 172 180 134 210 59 204 47 127 237 106 132 170 19 160 46 66
    226 25 193 15 251 246 88 217 126 174 8 228 41 139 151 23 0 42 244 90
    60 74 168 102 78 40 63 212 23 48 204 149 153 130 13 188 196 42 242
    126 64 30 151 184 163 246 115 147 70 197 5 232 63 160 186 54 193 169
    194 167 225 156 209 200 11 66 232 29 175 158 14 168 139 71 1 234 196
    82 228 136 207 53 20 198 216</data></test_img>
<my_img type_id="opencv-matrix">
  <rows>100</rows>
  <cols>100</cols>
  <dt>"3u"</dt>
  <data>
    255 253 200 227 104 255 12 45 255 158 233 255 72 164 156 255 130 71
    125 255 227 255 43 37 30 141 29 255 108 231 255 134 226 153 255 80
    255 189 24 255 255 102 79 10 43 38 69 33 87 38 199 132 191 166 255
    111 126 25 196 222 158 171 255 86 20 255 255 226 254 255 176 54 255
    42 124 178 255 147 13 29 34 229 14 129 237 146 56 120 162 255 255 24
    121 217 255 1 132 255 250 255 17 126 181 255 255 255 157 0 2 44 76
    84 88 194 87 240 148 30 251 94 255 83 48 255 69 255 107 182 255 255
    225 250 255 46 255 81 17 255 100 231 178 255 97 255 255 72 162 255
    223 178 202 65 18 168 77 138 255 163 96 244 33 42 181 207 161 183 14
    195 191 125 148 255 233 50 255 78 124 255 70 127 255 39 27 255 143
    255 255 209 255 255 96 91 119 224 255 104 130 76 179 111 194 255 247
    212 255 198 143 255 133 175 255 102 203 112 191 255 107 117 94 25
    127 69 72 255 208 255 119 208 94 218 226 82 229 147 230 102 144 255
    109 76 240 74 255 132 88 241 174 54 241 211 11 204 255 146 214 114
    255 29 255 149 66 224 120 24 255 225 154 255 200 254 86 220 237 222
    239 108 97 200 255 255 86 255 107 2 255 249 109 255 76 243 108 155
    151 93 107 164 92 89 126 73 255 122 255 125 86 76 100 148 255 255 0
    184 255 221 131 255 245 255 109 117 205 255 255 38 255 115 43 163
    255 116 30 255 43 255 255 245 91 59 6 227 10 255 35 77 200 128 17
    255 94 255 214 13 118 244 146 196 255 255 220 121 255 97 255 250 90
    255 255 102 135 255 220 255 23 59 43 255 132 255 33 65 255 61 32 255
    255 230 162 221 194 249 155 0 255 112 36 255 255 24 59 237 38 94 255
    52 233 163 108 255 255 211 255 5 255 166 148 181 122 255 128 152 100
    255 177 86 197 254 89 241 108 21 110 138 49 144 205 247 43 140 142
    98 201 255 113 106 255 255 199 255 17 154 99 139 222 104 152 87 255
    251 75 255 234 121 59 55 255 135 178 236 255 215 78 255 255 74 97
    173 38 255 21 255 207 131 244 255 78 76 16 157 71 247 207 9 255 249
    255 179 232 59 123 79 24 112 91 103 255 70 111 12 63 214 255 153 103
    237 160 96 255 114 255 245 143 199 26 255 125 125 234 246 255 122
    231 255 206 255 221 123 255 255 11 68 255 255 96 255 5 255 201 255
    228 255 255 88 156 171 55 255 214 194 255 255 93 255 146 101 110 190
    255 255 205 4 51 38 214 255 221 117 255 47 162 255 144 130 25 57 145
    244 3 255 123 128 37 33 6 116 181 253 255 255 70 255 255 77 69 173
    244 50 247 255 122 41 203 111 255 196 64 74 140 176 199 10 98 255
    186 244 255 115 99 146 105 10 63 255 1 150 60 99 255 148 199 255 155
    136 255 255 61 219 73 210 255 20 20 16 255 255 202 0 255 255 255 168
    92 171 73 255 141 255 255 104 139 184 136 78 255 41 6 255 27 199 255
    70 205 112 245 221 255 107 163 123 152 74 66 43 255 230 185 168 122
    122 255 110 27 32 21 7 199 255 255 255 255 179 182 142 7 241 222 151
    11 115 235 131 255 6 255 188 199 178 38 12 224 255 96 22 109 142 47
    255 68 15 145 41 255 255 255 78 255 24 255 114 122 255 79 211 22 130
    2 43 66 81 121 255 255 255 188 15 15 198 108 88 120 3 61 99 209 255
    161 204 178 107 36 73 255 146 255 61 158 254 255 10 13 86 64 80 117
    90 162 51 208 215 255 69 167 128 202 217 255 84 173 198 89 255 46 72
    228 104 185 177 161 190 88 125 255 66 255 19 178 212 221 255 87 221
    144 211 124 55 86 146 20 105 132 255 255 134 180 33 233 78 255 212 4
    253 255 217 255 128 73 253 14 57 255 106 173 100 204 6 255 119 82
    237 226 61 170 206 255 255 70 111 255 110 143 239 86 255 184 255 176
    255 2 61 247 52 152 237 235 157 59 199 167 255 239 167 242 216 102
    18 155 80 255 255 64 255 255 181 255 162 244 250 232 255 26 105 161
    255 72 255 255 113 255 74 178 209 117 110 219 25 247 94 255 249 80
    207 141 255 12 218 115 255 78 255 188 255 120 151 162 196 222 9 126
    253 23 215 114 229 46 212 213 145 255 224 103 81 255 83 255 93 231
    255 255 136 255 126 172 207 133 65 74 50 10 76 116 215 160 178 208
    255 89 195 255 144 153 204 80 198 166 140 111 33 55 201 255 193 255
    255 148 255 72 255 126 255 3 97 255 255 255 255 106 210 174 194 83
    137 255 31 145 182 3 145 106 59 255 216 208 212 252 87 255 8 255 20
    146 60 255 44 22 255 125 218 99 160 223 255 189 215 255 118 119 178
    42 255 255 24 255 206 255 246 16 140 255 102 107 33 130 14 124 255
    214 255 237 223 51 235 182 36 51 153 34 255 255 255 46 126 80 184
    239 177 255 137 255 255 84 33 100 64 93 61 159 217 212 15 131 150
    252 122 160 104 181 255 7 148 41 247 80 49 36 200 255 130 255 255
    248 107 102 203 88 79 179 255 255 167 212 255 225 40 142 255 212 142
    216 227 105 68 156 196 255 224 67 127 255 255 137 32 54 232 172 5
    225 74 255 128 93 31 248 235 255 248 126 95 56 87 240 126 255 82 3
    131 255 79 22 255 194 255 94 213 5 102 128 255 95 255 255 255 255
    124 255 193 255 255 74 254 16 38 255 198 126 116 255 173 170 255 172
    145 125 10 4 255 116 75 230 134 122 255 251 54 25 161 107 255 68 255
    255 86 255 255 188 180 255 45 255 179 196 108 255 166 255 112 168 24
    255 198 246 255 224 255 86 255 209 105 241 140 204 36 156 255 20 73
    138 222 127 239 82 207 110 231 19 81 102 124 255 17 89 189 54 247 71
    7 24 237 115 255 7 255 124 181 255 50 255 75 23 255 191 69 237 25
    201 114 144 224 146 33 227 255 221 172 153 227 57 40 11 38 249 17 18
    163 123 71 255 154 46 212 109 57 40 109 98 255 171 250 202 234 48 40
    136 89 21 46 193 53 255 126 133 199 85 133 136 122 38 241 195 109
    231 218 5 123 10 214 177 255 255 207 38 44 139 255 255 184 255 133
    238 177 71 19 182 255 35 208 168 41 126 255 154 1 99 187 120 255 35
    215 100 255 116 206 255 255 63 80 130 255 193 255 115 136 159 10 109
    255 120 104 217 206 77 23 31 50 196 67 116 255 191 163 246 255 176
    82 189 32 150 209 151 194 240 88 56 255 82 193 255 19 255 58 80 191
    156 16 200 155 64 139 255 163 131 255 255 66 230 234 91 31 79 97 127
    194 255 165 126 91 217 12 255 244 56 22 255 209 34 53 61 0 217 131
    69 255 190 27 255 186 194 242 136 255 100 202 27 255 101 148 255 144
    92 255 91 5 255 83 255 255 255 255 255 203 255 232 90 138 250 152
    115 56 26 255 173 109 255 184 164 6 255 215 241 163 191 255 255 148
    180 237 230 247 255 68 130 161 255 15 224 212 255 255 10 255 56 255
    255 122 200 150 255 55 224 244 195 120 99 227 255 43 211 228 255 123
    73 89 93 240 245 74 255 216 197 150 255 72 255 26 232 59 250 255 9
    255 5 255 72 17 177 81 101 91 63 255 196 240 80 64 100 92 66 255 135
    191 255 1 255 110 197 27 249 255 255 255 68 233 255 252 187 128 255
    175 255 109 255 153 207 255 0 247 242 178 231 3 230 249 66 86 131
    161 255 184 117 255 55 127 255 215 159 51 170 193 143 211 255 255
    213 255 255 54 87 255 169 105 207 93 55 214 127 228 31 220 103 255
    56 117 133 238 103 255 111 237 107 178 120 255 66 85 255 213 124 72
    188 23 196 104 149 255 255 64 255 101 28 255 127 255 186 153 255 255
    255 23 255 90 103 255 12 175 255 111 124 255 200 112 153 177 71 86
    97 117 255 25 255 255 50 255 255 255 235 25 66 255 219 255 50 255
    202 255 255 194 121 86 251 255 240 227 255 255 180 107 104 84 126
    255 136 40 230 25 102 193 56 255 255 243 255 255 240 1 255 17 209 58
    157 18 255 251 25 35 208 252 112 255 52 255 145 9 188 130 64 53 137
    47 255 185 154 206 68 1 255 24 201 67 217 139 255 181 178 156 160 71
    181 220 255 7 224 32 163 41 13 255 159 255 255 24 167 104 188 59 63
    234 162 49 63 130 33 240 27 8 197 238 125 242 194 174 166 255 255
    169 54 224 88 255 255 83 138 255 217 255 255 158 173 255 3 29 133
    252 84 255 41 152 255 136 249 255 191 133 249 95 31 161 175 32 135
    212 255 255 108 255 100 255 232 181 100 147 188 255 237 252 98 144
    255 247 255 87 24 46 255 235 60 255 82 245 255 204 241 150 123 70
    153 230 190 255 248 199 217 194 42 255 71 176 255 184 255 255 245
    152 173 36 130 255 172 173 247 128 231 104 255 122 255 197 196 158
    179 204 255 255 255 224 227 201 59 255 255 255 97 116 102 207 33 173
    60 255 51 54 255 193 255 217 58 240 223 255 152 13 255 159 255 199
    202 255 255 0 255 104 255 92 255 226 82 255 0 255 255 100 125 255
    161 255 216 38 36 232 236 11 202 181 50 255 34 91 255 44 185 255 235
    34 255 42 92 255 200 108 255 163 255 35 193 255 224 255 255 26 104
    231 255 255 222 255 43 184 179 255 71 89 82 157 255 45 98 255 107
    245 255 80 82 255 238 255 255 162 139 255 208 255 255 255 218 225 36
    224 255 179 111 255 42 255 178 227 18 166 21 209 28 255 187 44 234
    68 151 134 255 255 98 55 255 98 38 3 162 255 255 191 10 18 54 193
    240 41 250 250 203 255 143 239 255 44 175 255 255 221 255 255 117
    255 255 19 184 193 150 172 97 232 135 170 134 233 255 220 237 109 41
    255 36 245 255 255 143 222 255 255 255 86 218 255 84 84 13 155 255
    74 160 106 20 252 100 231 64 209 48 109 3 18 255 241 187 253 252 250
    255 145 56 255 255 242 25 213 255 204 37 96 255 16 200 255 164 143
    255 52 233 125 182 29 253 46 148 10 120 84 186 198 184 43 202 233 41
    38 255 59 247 255 221 132 181 173 8 184 66 255 6 201 105 136 255 208
    54 41 234 38 255 118 154 110 60 176 2 167 168 92 255 255 255 113 221
    158 70 75 255 36 10 86 116 97 255 202 255 240 20 52 119 255 85 255
    188 255 201 255 66 255 11 140 40 110 181 255 84 255 46 176 246 255
    215 245 35 193 119 255 124 89 255 82 103 255 93 163 255 203 68 109
    139 162 209 23 210 255 216 255 104 20 255 145 167 51 143 255 175 235
    178 110 214 255 17 255 190 99 145 181 200 255 8 70 206 115 150 194
    46 177 161 255 255 135 181 255 242 151 31 0 27 76 255 255 124 173
    159 136 255 255 255 255 19 102 145 255 255 20 116 51 8 52 255 230
    188 184 255 56 94 198 255 13 237 176 13 82 240 221 255 36 255 255
    255 176 193 133 156 143 38 140 58 230 20 255 48 15 5 150 159 255 197
    244 255 23 154 89 54 158 23 226 255 82 65 236 160 28 75 112 44 244
    255 125 17 255 232 18 186 134 117 145 143 87 255 36 199 102 36 170
    127 128 255 137 28 144 245 12 218 255 6 200 211 255 255 21 242 159
    178 170 255 130 82 56 23 144 149 92 33 131 211 255 255 20 224 73 255
    122 228 255 16 88 255 159 124 166 255 251 255 255 50 64 116 105 207
    52 28 202 34 255 255 57 94 135 7 22 255 124 154 102 214 167 183 251
    255 255 185 186 181 255 255 150 207 89 38 11 131 67 196 129 69 143
    255 138 255 33 247 133 60 249 61 23 255 247 51 3 150 0 255 255 255
    239 250 51 240 222 255 255 202 255 255 146 189 255 212 255 132 255
    92 181 180 147 255 29 219 150 53 255 255 62 143 255 166 140 255 248
    97 255 30 64 173 248 255 170 218 199 81 149 107 53 30 84 207 155 138
    255 141 255 255 117 94 255 231 139 255 92 187 38 80 152 247 238 177
    255 97 221 255 186 162 87 51 255 253 6 180 250 15 34 137 249 214 198
    241 199 255 255 0 146 225 15 189 50 131 255 255 149 255 203 127 10
    56 255 255 244 153 181 255 255 44 163 121 181 255 112 255 18 4 255
    232 247 196 212 139 146 199 255 151 95 31 255 240 255 255 232 130 86
    133 195 255 96 121 82 96 78 199 236 98 40 63 240 255 83 208 174 0
    176 255 255 255 255 66 154 255 32 3 207 43 70 30 0 168 40 168 255 38
    193 255 255 91 196 255 211 170 198 245 255 255 209 40 89 102 187 255
    100 105 36 107 177 255 43 150 204 66 129 137 160 255 18 178 113 77
    247 255 199 255 10 255 170 126 242 177 255 255 29 241 217 226 255 33
    1 255 109 240 219 196 71 116 237 229 255 255 137 233 227 255 80 255
    171 149 237 255 170 250 255 50 79 255 13 99 92 0 43 173 5 67 157 255
    202 142 233 232 245 65 230 164 9 76 173 139 255 176 213 239 255 74
    255 248 17 110 30 255 255 204 76 135 206 78 255 168 24 150 236 178
    255 202 127 99 81 244 255 81 103 255 252 85 255 134 29 145 30 117
    255 131 46 247 220 189 18 240 255 255 162 255 255 221 101 97 255 127
    94 83 255 125 111 27 250 90 144 94 43 138 255 65 218 255 79 62 255
    98 184 255 213 145 35 25 255 186 200 142 255 137 94 163 255 255 255
    168 213 193 255 228 163 16 255 255 116 201 95 0 54 181 106 83 255
    111 255 255 98 255 255 189 198 109 255 255 232 253 78 250 255 186
    207 239 251 255 255 217 158 45 255 10 48 33 170 193 46 255 102 224
    184 96 249 255 249 83 105 193 255 255 57 231 252 12 152 148 158 252
    211 95 255 255 214 6 161 222 66 84 215 255 33 255 153 252 255 4 255
    96 6 255 33 88 255 7 255 54 239 33 217 70 231 255 188 207 255 11 255
    120 46 245 255 253 255 23 196 249 58 17 164 7 108 64 110 132 255 97
    28 255 255 100 228 173 54 46 255 151 255 255 172 124 237 18 208 156
    23 191 255 213 255 102 80 1 173 159 92 79 34 152 252 134 227 207 75
    189 161 19 135 255 153 219 255 120 191 41 204 80 148 89 122 227 149
    38 158 175 85 255 64 48 255 148 255 255 90 65 252 87 221 114 197 75
    81 72 200 61 184 9 255 222 255 255 162 0 255 255 129 168 21 144 16
    30 255 255 30 233 86 249 235 95 207 24 53 83 226 232 29 204 247 118
    88 59 172 162 255 46 124 158 86 255 188 115 187 0 255 19 114 175 250
    255 72 153 53 12 136 128 113 145 255 187 119 107 171 255 77 157 8
    255 45 226 31 158 157 255 255 110 196 128 161 255 223 209 255 227 92
    105 255 255 115 17 14 20 255 82 128 61 207 255 116 255 214 26 213
    156 235 194 181 255 20 146 175 68 13 249 255 193 162 161 188 66 57
    199 53 226 227 222 142 255 2 255 225 113 11 255 223 214 255 5 250 12
    73 255 199 220 91 255 131 208 255 199 161 153 81 117 255 142 138 140
    175 157 255 170 162 10 233 94 0 5 19 79 53 76 255 255 255 255 60 11
    71 143 147 194 214 52 86 80 255 135 231 240 191 249 162 224 108 54
    112 106 182 188 11 255 255 43 102 2 68 99 255 155 79 97 128 136 255
    193 110 227 59 223 244 188 42 71 146 19 186 255 126 67 66 138 253
    126 175 61 157 20 255 255 255 255 190 255 179 186 69 3 88 240 128
    125 199 2 69 231 255 64 108 255 52 69 122 132 254 178 213 251 255 39
    57 255 137 255 255 168 17 255 77 73 193 141 199 104 200 255 255 125
    199 198 255 85 255 9 125 255 78 255 3 73 173 8 194 149 16 178 120
    201 175 255 160 114 255 53 21 78 56 142 255 255 120 237 255 172 4
    255 255 214 114 178 167 168 44 255 69 97 255 179 95 240 199 51 255
    79 239 255 237 244 199 225 135 194 255 9 96 161 104 4 48 255 212 255
    111 148 54 44 255 91 178 237 77 0 255 54 37 217 0 216 153 28 217 235
    255 78 5 66 95 232 255 171 186 255 233 255 166 18 255 255 255 162
    255 61 246 255 144 237 10 200 224 201 91 38 33 131 187 25 120 231
    255 197 255 69 89 135 188 110 212 198 191 255 255 35 207 117 236 255
    255 152 175 216 116 54 53 255 70 122 160 212 84 152 181 255 98 28
    255 117 103 255 2 121 2 218 246 166 251 87 255 255 228 255 255 171
    255 249 186 128 53 255 135 247 68 255 226 194 105 255 121 255 203 52
    255 25 171 198 190 15 255 255 142 249 20 37 95 159 19 21 229 50 255
    166 203 150 255 126 104 82 227 146 18 59 255 255 51 255 97 148 214
    170 65 59 100 62 174 8 255 120 69 255 142 255 74 255 255 162 255 255
    45 35 255 168 255 197 255 255 255 19 255 184 164 41 153 255 153 88
    200 211 6 255 255 30 190 255 52 78 255 115 255 38 198 32 255 247 215
    230 204 244 97 234 78 255 119 96 153 194 218 252 125 255 160 54 4
    104 255 105 81 126 255 137 202 9 181 255 120 255 186 106 255 104 255
    43 250 106 127 84 18 171 33 212 255 9 255 132 241 106 63 20 71 102
    255 254 255 204 108 158 150 209 211 166 238 255 229 66 171 255 251
    212 115 255 255 255 1 72 194 152 53 203 18 8 159 255 64 191 189 153
    214 70 122 176 15 255 255 255 82 195 215 255 255 255 240 82 121 255
    95 33 255 255 98 107 7 107 250 176 233 133 71 249 255 87 255 40 119
    140 255 45 196 38 18 212 255 29 10 255 127 186 255 140 205 255 32
    138 255 179 93 79 37 89 204 255 255 255 255 120 59 188 65 79 221 119
    235 64 255 181 241 255 255 255 255 87 255 20 255 216 207 255 10 42
    179 188 6 255 68 138 255 89 59 255 167 255 255 128 236 25 27 255 255
    255 255 69 145 121 232 56 231 36 226 91 255 101 65 255 181 255 255
    255 187 137 107 107 255 119 255 15 57 38 8 163 195 35 255 168 250
    252 92 255 30 255 18 144 226 2 43 156 255 198 255 255 215 70 255 24
    121 2 11 255 255 198 115 46 122 23 207 255 255 151 35 84 255 214 101
    3 93 139 13 149 163 81 79 240 25 83 136 76 188 101 40 223 205 51 249
    227 30 28 191 0 255 143 183 101 242 255 178 69 255 61 9 110 66 20
    202 243 255 13 173 147 122 152 147 202 56 244 59 255 66 122 113 115
    112 239 140 255 55 41 255 209 54 255 134 70 255 93 236 235 17 252
    155 152 0 255 102 246 237 255 66 43 204 221 110 125 112 230 223 231
    174 180 189 38 82 199 82 72 255 64 71 113 94 243 70 151 0 251 155
    255 255 255 89 46 255 213 255 255 131 122 255 157 133 255 136 101
    255 151 32 115 17 68 179 20 172 255 130 255 255 44 186 76 6 255 255
    137 201 48 114 255 255 255 127 239 81 88 156 255 255 146 64 101 219
    126 255 140 6 1 161 115 40 100 225 103 255 191 120 38 111 182 179
    141 255 160 217 178 119 37 232 214 170 108 82 3 173 227 255 139 255
    160 255 15 255 255 255 3 255 56 247 34 217 197 33 66 196 28 174 17
    255 255 179 255 59 75 80 63 164 29 255 72 37 58 195 190 225 195 88
    255 253 177 255 218 172 237 163 9 232 25 194 255 78 97 255 209 241
    255 243 255 255 99 204 255 98 255 230 194 159 255 205 4 26 184 40
    114 164 125 255 166 64 31 119 82 63 117 74 109 30 154 156 248 255 63
    124 241 204 223 120 255 255 103 255 52 255 82 127 135 230 2 91 112
    205 83 181 225 152 255 206 68 255 255 255 255 21 161 84 68 79 165
    127 178 219 196 255 123 157 255 255 153 56 125 107 131 176 255 190
    255 119 255 209 255 255 255 115 177 252 255 6 38 207 255 151 252 98
    171 233 166 253 136 255 179 204 201 135 128 187 107 222 75 21 217 32
    250 202 149 255 65 62 181 81 207 204 202 176 66 57 102 255 37 224
    109 0 38 201 181 255 130 11 55 250 195 97 216 125 68 114 255 55 255
    1 31 46 212 181 255 159 255 206 250 198 240 38 201 255 199 255 255
    214 64 255 120 255 84 154 34 255 148 180 255 226 196 140 255 34 255
    102 226 171 161 70 137 200 255 87 130 244 224 135 54 151 252 102 165
    46 204 255 199 215 125 227 182 255 255 163 44 137 255 71 255 255 222
    81 50 255 179 254 105 53 255 69 46 255 117 255 208 239 73 255 49 140
    217 255 191 255 255 61 208 38 36 25 250 220 223 53 150 161 179 204
    187 255 181 173 186 71 241 255 209 226 95 29 255 105 184 84 201 36
    254 255 162 32 255 215 133 115 134 65 255 217 210 255 119 138 255 73
    255 163 166 54 216 197 241 230 175 255 255 32 69 255 23 255 10 26 10
    105 109 89 35 255 255 255 2 70 255 221 20 158 143 11 174 240 238 216
    64 24 69 8 52 158 244 255 146 42 233 196 30 255 252 253 203 250 240
    255 255 89 85 255 101 167 255 81 255 255 168 54 255 149 255 245 56
    99 43 135 32 91 255 36 255 11 249 255 255 255 255 70 255 255 194 255
    255 93 182 23 137 55 82 212 8 140 255 226 212 242 1 8 255 119 255
    168 73 173 33 177 110 29 6 206 176 255 255 216 51 255 159 255 255
    206 159 255 226 255 216 187 238 255 255 159 255 108 78 23 97 255 16
    132 193 176 100 208 255 16 247 67 218 94 214 240 217 115 68 71 255
    169 182 165 90 43 86 255 124 117 146 255 255 6 131 255 101 178 255
    203 11 216 230 250 255 255 46 179 79 129 255 204 45 255 16 244 49
    114 249 255 255 85 165 130 204 255 197 134 150 153 255 255 255 255
    193 90 255 255 255 255 212 255 180 217 157 244 10 255 255 227 24 255
    171 145 247 171 255 29 46 233 255 74 221 255 245 29 107 165 30 115
    30 56 105 117 143 249 160 194 93 15 241 255 255 255 24 255 243 5 255
    92 255 216 193 143 186 185 82 145 255 56 77 233 64 255 240 255 123
    52 102 255 17 244 255 79 113 158 8 51 89 157 255 255 215 122 59 255
    255 255 1 255 255 255 227 255 41 186 255 255 69 12 163 241 234 136
    255 184 162 31 255 17 193 255 107 94 222 79 232 255 34 6 255 247 255
    188 214 255 165 52 20 130 255 105 178 166 238 255 12 255 137 93 116
    255 255 255 255 177 57 21 90 182 15 167 59 255 74 97 107 171 130 132
    230 255 255 155 255 255 255 127 170 143 171 46 196 107 255 185 115
    255 134 200 255 194 20 204 255 112 255 107 139 255 255 255 229 186
    33 146 241 161 255 34 249 247 172 38 216 122 34 255 231 85 255 139
    233 255 199 163 170 133 142 255 185 194 120 136 98 72 216 164 255
    240 65 143 158 46 66 79 62 158 206 69 143 255 147 193 253 162 255
    227 122 181 64 61 3 255 20 10 230 147 10 69 66 125 34 204 15 36 189
    255 255 152 255 202 125 255 119 28 150 255 252 255 93 254 100 18 68
    40 255 231 255 89 20 255 136 227 255 39 255 174 238 112 165 137 181
    255 235 83 255 87 251 137 217 255 255 231 233 146 77 51 222 255 25
    61 169 129 99 56 219 170 149 251 179 148 99 104 198 149 105 150 3
    166 211 255 211 45 29 49 189 176 137 255 45 114 117 120 54 199 232
    255 130 22 128 196 131 239 150 158 242 86 255 255 186 20 255 133 255
    77 189 255 255 36 213 135 50 167 69 255 177 214 105 250 71 222 145
    209 36 176 255 81 255 214 59 255 77 244 34 255 212 255 138 195 15
    255 255 245 255 255 210 255 200 224 95 226 37 255 226 45 253 194 50
    120 118 205 255 255 121 193 60 255 255 30 3 249 181 161 198 225 62
    255 211 42 255 209 92 217 74 103 255 3 200 255 252 255 255 45 82 255
    197 61 255 102 177 249 141 255 255 255 210 255 159 255 255 211 170
    183 172 255 145 160 255 133 34 170 123 255 247 255 59 108 91 185 255
    16 196 254 3 17 212 255 188 131 174 255 255 87 79 255 81 14 255 15
    35 69 15 70 255 95 119 121 214 255 83 109 23 15 234 168 246 199 113
    121 23 9 173 33 37 223 158 90 167 196 153 219 255 255 237 56 205 68
    255 79 18 56 143 122 138 125 22 61 255 255 255 93 126 43 172 50 255
    44 255 198 157 204 117 6 255 107 118 172 255 135 13 255 75 175 255
    137 150 206 178 204 191 128 255 91 62 208 165 243 255 255 195 9 255
    255 255 59 245 182 255 158 40 110 69 233 127 194 207 255 255 73 255
    255 75 234 244 121 33 255 166 255 54 184 184 140 193 255 82 89 179
    205 154 150 128 71 120 114 170 255 128 255 33 255 180 255 162 144
    255 255 249 156 255 255 146 230 11 255 233 255 35 223 172 255 7 102
    160 56 152 3 48 18 255 248 251 110 169 164 176 173 159 222 255 20
    255 3 122 199 193 126 196 255 250 36 255 227 249 191 163 86 140 181
    255 215 25 69 224 207 255 175 255 255 68 170 255 142 45 255 255 28
    132 59 101 255 0 19 104 50 102 87 24 161 123 18 13 255 164 131 174
    51 166 86 26 240 71 187 79 148 7 56 255 3 177 31 247 255 255 36 255
    255 155 84 12 16 255 255 157 108 87 42 25 2 255 191 72 189 157 166
    69 229 12 106 255 230 122 158 255 137 148 255 127 13 61 253 200 199
    99 27 198 27 147 255 153 116 79 28 255 89 12 255 202 14 162 255 117
    50 198 190 76 255 195 147 255 104 255 255 75 94 33 99 0 255 166 129
    5 6 255 156 255 241 255 82 255 255 116 48 232 234 214 54 195 255 77
    190 116 35 95 54 255 72 0 94 243 168 25 255 108 33 118 255 173 251
    150 8 255 157 3 193 255 255 45 255 0 227 229 76 255 168 40 102 64
    191 255 249 255 52 181 255 255 241 255 218 119 207 16 255 54 111 75
    44 23 115 173 92 255 221 80 198 255 73 224 224 176 150 66 148 5 234
    111 196 255 221 255 255 110 124 143 125 157 255 163 255 255 247 17
    255 226 94 255 255 229 240 167 76 252 239 152 86 28 131 123 45 235
    255 243 170 87 255 92 49 213 217 40 36 8 255 250 5 53 255 232 255
    255 138 8 209 246 138 21 181 160 75 135 234 178 15 255 214 226 255
    109 158 255 255 198 102 234 178 102 37 255 211 230 255 142 205 226
    255 142 50 255 127 127 54 34 115 230 109 255 255 27 148 105 255 255
    120 231 198 28 251 9 255 35 241 255 255 131 10 19 92 95 151 139 255
    155 3 145 10 218 255 2 102 174 189 4 8 25 29 255 12 255 81 190 32 33
    212 38 255 184 111 255 255 208 184 80 142 107 55 189 232 83 255 255
    100 255 188 69 255 255 148 78 194 157 255 15 190 255 255 146 187 46
    73 65 143 92 176 48 255 204 150 110 186 10 80 171 87 241 203 58 249
    255 140 222 85 127 33 255 255 6 255 255 151 136 255 198 84 255 255
    66 156 148 175 255 197 187 255 164 171 132 86 19 255 255 167 123 66
    42 171 218 255 255 191 157 255 130 27 237 15 162 255 252 255 188 140
    190 163 248 255 255 151 152 8 120 255 127 51 92 247 143 108 191 88
    245 245 170 226 128 64 52 255 36 73 76 102 255 166 128 59 255 255 27
    224 133 69 120 113 255 255 255 149 193 236 96 63 189 255 207 115 255
    255 153 140 255 115 255 183 255 116 255 11 20 255 126 142 63 82 255
    252 151 75 81 79 29 255 30 255 255 90 178 255 8 6 100 134 255 255
    216 94 255 154 213 255 186 195 76 43 255 21 148 255 255 137 226 53
    79 125 94 255 37 255 50 61 153 128 29 128 255 255 255 154 60 81 8
    101 255 37 144 10 255 9 114 149 48 188 172 209 123 224 245 72 255 62
    255 179 115 61 141 217 23 177 103 16 141 255 255 236 34 255 150 23
    255 122 14 237 139 70 255 255 255 196 225 182 16 241 255 2 122 10 46
    145 255 255 234 191 153 124 212 132 108 255 132 97 255 255 208 204
    150 89 105 255 255 23 66 251 88 255 148 31 102 168 255 255 100 176
    207 99 19 127 111 171 255 88 60 202 255 129 255 42 140 188 47 255 58
    5 255 123 11 201 89 96 139 163 63 103 255 12 36 153 79 255 255 161
    18 95 73 251 255 33 240 135 177 153 253 188 99 63 157 121 255 231
    255 69 224 116 255 255 255 87 151 227 255 164 66 216 245 65 72 71
    124 255 189 1 143 130 238 255 255 10 255 126 227 109 164 34 255 252
    255 255 73 80 255 42 255 255 239 238 255 86 42 189 83 80 255 123 255
    255 255 140 255 255 158 165 95 6 207 82 27 252 28 219 179 109 207
    255 125 120 255 52 148 7 197 255 86 34 138 255 255 221 26 71 126 255
    255 47 255 38 247 249 102 153 209 255 255 225 23 250 128 255 255 255
    131 75 115 211 135 117 161 144 199 54 255 255 29 198 255 41 224 255
    200 107 255 111 131 255 255 255 255 176 212 255 255 88 178 88 172 99
    75 255 28 253 98 255 63 255 255 225 120 30 220 245 204 127 176 130
    63 29 255 123 255 156 69 94 255 10 255 255 3 161 184 255 222 255 202
    101 255 8 226 117 126 28 255 231 46 184 8 96 222 148 4 25 222 41 255
    108 255 245 150 255 255 251 212 125 60 244 201 46 232 253 32 254 250
    175 255 160 255 255 105 29 255 122 97 88 26 173 209 165 71 255 76 75
    50 184 255 94 237 172 153 66 54 64 84 229 255 156 134 241 234 255 32
    72 57 255 255 255 125 255 171 5 255 27 60 21 8 255 0 110 40 206 191
    222 13 255 231 255 15 185 76 98 255 3 136 203 100 50 149 193 207 10
    143 140 105 38 255 115 72 208 99 250 163 75 255 255 112 158 153 163
    143 126 236 255 6 255 255 105 148 255 230 153 227 193 255 179 47 140
    255 162 255 2 225 187 255 86 172 181 59 255 230 130 129 36 255 255
    255 26 255 95 102 92 30 255 62 148 28 255 201 175 158 255 11 247 255
    59 119 0 35 255 183 153 138 59 24 71 255 128 255 198 235 103 58 255
    76 8 170 134 123 18 102 255 5 28 117 239 255 255 220 255 13 14 126 8
    65 24 23 36 125 196 139 207 133 38 62 224 17 164 255 244 199 67 151
    59 222 251 255 255 172 139 255 184 18 86 99 142 132 255 255 189 97
    162 41 50 214 255 255 218 107 255 11 255 6 143 2 255 43 49 248 120
    130 250 6 56 43 255 255 56 148 176 236 241 77 151 135 255 43 85 255
    130 252 53 135 59 71 63 92 247 255 228 77 131 4 46 64 31 64 68 153
    114 25 246 18 255 194 255 255 164 255 194 255 43 140 171 133 44 208
    255 207 125 255 240 139 255 81 64 255 234 130 255 198 255 255 84 205
    114 227 168 255 17 255 255 113 150 255 250 255 72 61 54 36 194 70
    255 18 54 30 223 115 206 238 171 153 98 255 255 79 209 255 108 255
    161 54 229 255 72 96 87 242 142 12 187 51 255 37 120 255 253 177 202
    188 195 67 39 213 255 255 170 91 130 196 94 247 11 7 35 152 255 207
    186 79 69 255 130 255 150 255 78 9 148 224 255 242 255 255 86 56 181
    165 255 245 122 167 97 255 167 247 255 60 93 26 18 255 53 132 255
    255 108 15 255 255 210 58 111 255 186 255 255 46 53 255 255 74 96 43
    150 255 44 255 162 255 68 97 247 204 38 176 105 3 112 100 177 138 96
    255 255 11 255 202 230 255 33 110 236 18 128 1 112 177 204 255 184
    91 95 14 52 255 229 54 31 87 255 21 6 93 0 135 236 36 249 215 193
    120 103 168 204 222 104 255 255 12 234 163 183 33 1 255 255 162 255
    120 73 255 233 38 5 96 125 255 205 147 140 59 37 255 28 252 212 251
    124 232 167 181 43 27 28 255 200 68 255 131 219 255 72 142 63 188
    236 255 110 233 53 255 255 100 119 208 255 252 125 23 215 115 23 149
    255 255 175 41 174 6 138 255 3 55 8 96 93 255 135 204 255 155 255 12
    97 255 255 155 176 255 123 120 255 12 255 255 197 51 72 71 249 12
    150 103 255 135 232 255 252 255 15 51 196 107 10 184 61 255 98 255
    255 14 255 255 43 189 15 255 255 205 255 202 143 223 123 125 64 255
    45 99 255 50 238 211 105 233 92 146 245 137 243 236 198 204 119 8
    255 24 247 17 166 255 21 255 156 250 233 255 87 255 202 227 87 255
    97 255 247 227 255 179 68 111 150 169 43 3 199 66 204 255 255 227
    247 255 202 146 172 100 102 156 221 255 36 202 181 145 79 255 203
    130 65 236 255 217 46 133 84 224 0 11 10 249 99 1 58 39 175 112 0 20
    255 77 98 188 81 122 232 128 247 255 90 8 255 255 96 255 172 150 255
    152 34 255 150 255 255 12 227 255 15 5 38 108 94 255 159 255 255 93
    59 8 240 255 105 88 250 204 152 87 255 2 215 255 187 255 38 127 215
    148 206 255 81 255 156 255 108 102 72 92 59 225 191 255 150 122 233
    255 123 78 35 99 255 255 255 4 255 78 145 244 202 88 255 179 59 170
    132 145 28 27 255 181 229 191 255 197 249 255 28 48 69 238 78 12 106
    247 150 255 82 255 255 98 165 194 255 109 75 28 104 176 181 110 109
    45 36 102 125 255 255 15 255 186 147 235 170 45 255 248 150 142 238
    89 255 231 255 255 179 255 36 229 6 146 255 152 255 253 147 255 255
    255 255 73 68 26 162 236 72 23 193 227 190 101 199 37 255 58 152 22
    165 118 255 161 220 14 255 140 212 86 233 143 253 158 116 255 188
    231 100 117 126 255 21 57 151 45 97 235 130 139 255 79 251 2 255 79
    38 220 106 255 7 198 171 39 69 252 135 194 255 255 190 255 113 200
    255 110 164 123 142 101 255 167 255 255 182 208 255 255 75 153 5 74
    242 255 255 5 168 171 255 227 224 110 3 152 255 128 73 255 179 106
    255 209 149 189 161 177 71 125 41 165 238 161 72 255 213 255 231 55
    23 148 79 76 194 232 18 255 255 255 78 255 221 242 147 255 215 159
    74 179 5 153 167 186 255 190 34 198 239 255 48 207 0 227 21 127 86
    255 218 51 71 91 94 26 217 235 1 242 255 170 255 64 130 187 81 69
    124 255 6 133 212 255 255 255 211 201 255 140 64 255 255 94 255 255
    252 86 247 255 255 12 31 255 97 43 255 238 23 64 255 244 115 57 70
    217 60 149 130 193 156 120 197 34 59 127 133 255 125 1 227 23 184 12
    164 255 255 218 255 40 161 76 217 208 13 255 0 255 155 106 87 255
    131 228 89 255 92 255 255 255 184 182 116 74 215 255 255 166 255 155
    74 162 255 214 199 76 176 101 109 117 178 255 255 198 102 132 14 5
    198 83 122 16 148 202 163 255 255 44 255 245 79 106 255 255 204 255
    255 168 10 79 255 21 222 176 105 60 111 115 36 28 133 29 167 58 233
    31 255 33 190 255 244 9 255 216 4 242 124 125 255 66 245 176 43 117
    109 255 147 84 19 181 72 225 50 59 218 219 234 63 89 110 53 255 35
    255 255 249 7 255 20 135 178 119 125 241 255 25 88 155 187 255 255
    162 5 128 198 255 219 213 111 255 166 255 255 109 82 255 255 142 166
    175 173 255 157 237 255 199 83 255 93 180 255 239 255 255 232 127
    255 255 255 138 255 221 255 206 255 179 116 129 255 182 46 12 151 64
    255 44 251 21 114 152 201 182 143 53 47 255 13 130 101 100 190 255
    35 38 102 255 150 99 255 5 3 255 149 136 46 74 9 255 255 255 0 255
    74 71 90 13 255 247 51 43 255 56 12 88 103 255 244 205 255 150 219
    255 72 145 255 78 139 255 120 116 59 169 140 138 37 1 255 66 201 255
    108 152 255 57 42 196 238 255 18 100 221 115 51 242 255 69 8 110 186
    73 229 255 237 255 95 255 125 248 176 99 56 255 245 226 255 40 155
    148 26 47 22 74 253 152 255 198 64 202 80 42 105 97 87 155 90 198 18
    133 255 229 177 57 255 132 175 255 97 52 255 7 130 255 135 255 127
    127 241 49 255 139 161 207 51 114 130 177 255 51 255 206 255 34 255
    167 6 227 70 223 234 66 138 170 127 70 59 224 246 135 255 93 86 75
    50 194 255 238 13 255 255 186 189 162 255 208 113 137 236 255 102
    131 224 156 8 45 202 166 107 255 250 46 242 107 166 51 137 149 255
    205 204 255 239 198 255 137 73 255 175 171 249 24 0 61 133 190 18
    168 255 255 48 175 255 99 31 255 255 111 255 54 223 255 83 164 255
    255 148 255 97 199 255 171 181 156 245 38 56 184 238 130 166 231 255
    252 255 191 211 217 10 53 193 160 163 9 54 89 184 15 155 140 123 213
    219 255 17 161 252 108 255 104 255 147 40 146 238 255 8 176 0 190
    255 252 153 154 255 255 177 161 167 148 255 56 0 255 233 255 18 135
    228 255 203 23 255 78 245 255 30 236 94 54 98 255 61 177 81 119 214
    30 225 255 255 255 113 163 68 115 255 21 238 211 167 189 255 87 217
    59 79 106 125 255 50 161 255 176 255 170 28 255 137 201 209 72 215
    79 255 255 204 247 83 255 241 47 87 77 78 212 32 255 212 3 80 255
    193 60 255 255 107 99 50 138 30 255 47 191 255 29 255 252 187 255
    164 40 255 193 143 30 77 201 255 46 255 81 227 106 255 82 207 84 119
    57 64 218 142 255 71 255 35 180 14 87 127 154 255 21 255 255 126 255
    114 217 255 209 18 178 214 255 121 255 66 255 252 111 255 227 177
    105 109 252 29 3 233 116 5 217 6 120 175 255 255 239 228 128 122 181
    255 245 255 10 141 232 255 42 255 255 235 221 255 27 252 13 214 32
    36 97 193 235 24 111 244 209 3 255 253 255 53 148 255 255 177 245 36
    2 83 196 120 20 229 101 110 221 217 150 217 185 154 81 249 115 7 226
    27 44 194 57 255 48 96 46 28 136 77 181 241 255 247 102 67 208 190
    240 73 255 255 62 153 255 9 59 99 176 255 15 36 45 12 72 138 189 102
    255 255 11 255 26 113 255 186 204 1 201 92 158 0 137 195 181 169 145
    255 47 198 230 230 28 255 173 255 255 171 126 255 97 11 255 72 254
    51 10 181 255 75 92 255 158 133 54 225 162 255 90 255 255 113 121
    107 255 134 117 38 24 204 130 203 94 249 133 255 152 13 125 116 108
    255 69 242 82 234 176 102 108 198 255 149 255 64 164 15 112 42 1 255
    11 148 160 251 76 255 255 182 67 232 203 255 77 255 255 79 185 255
    255 71 255 80 99 150 36 189 255 12 181 253 203 140 165 78 101 255
    255 245 255 35 255 255 118 244 33 48 186 179 255 159 255 145 153 194
    28 255 67 123 102 255 253 85 255 24 20 2 71 94 255 215 255 44 171
    111 255 154 170 209 234 57 255 71 255 69 167 31 104 43 99 137 17 157
    76 3 32 255 252 74 255 255 84 255 83 191 53 161 143 143 73 226 151
    212 235 255 255 40 247 34 9 122 44 71 3 175 177 211 53 255 143 88 28
    77 64 10 255 229 255 255 255 232 158 141 190 221 255 80 156 177 89
    107 211 88 23 248 126 255 242 221 26 204 213 166 127 57 36 157 136
    46 238 14 198 118 144 117 215 255 89 255 59 41 69 170 165 7 224 194
    255 32 67 190 83 135 93 84 72 15 32 255 163 218 91 130 129 67 44 119
    179 38 40 105 10 163 255 255 55 219 220 255 142 255 255 255 32 255
    201 105 43 165 99 69 239 43 62 100 128 217 91 162 190 214 139 252
    181 102 255 227 255 255 130 150 29 56 69 255 255 185 164 255 253 92
    255 223 112 189 3 201 255 24 80 255 255 255 207 255 71 135 132 23
    255 122 121 204 32 91 104 118 255 255 134 221 249 255 181 54 200 126
    174 57 249 237 16 82 114 248 129 255 86 84 109 84 224 95 188 110 221
    51 170 119 221 18 255 195 191 145 114 10 255 17 222 122 29 64 155 65
    255 51 251 164 255 118 8 217 91 158 255 218 143 35 81 255 255 15 162
    161 130 38 28 255 71 56 74 177 202 216 59 255 30 207 240 100 199 201
    122 255 255 99 255 66 21 42 26 230 194 255 218 255 255 225 172 102
    124 145 255 42 170 13 29 15 255 17 232 255 30 170 230 233 40 235 139
    255 13 28 22 206 33 15 128 99 255 91 43 59 255 97 96 255 56 27 71
    150 255 255 188 120 255 25 255 186 206 158 95 99 184 18 25 153 255
    185 106 255 222 143 229 175 255 168 255 150 255 14 255 28 50 149 188
    32 219 117 12 255 168 69 23 255 166 255 253 124 255 150 93 19 255
    176 255 209 122 198 100 146 121 166 52 88 255 180 224 48 181 255 43
    205 13 117 19 255 193 243 64 255 255 147 81 155 91 97 145 159 255
    255 147 255 212 24 255 255 251 255 1 255 209 106 66 74 186 102 219
    63 120 255 240 203 198 97 255 255 130 182 142 124 59 146 202 131 255
    128 255 140 54 176 225 51 96 72 241 255 110 72 36 234 137 201 31 255
    255 255 253 13 87 255 255 191 123 41 135 161 106 255 238 121 132 52
    46 239 127 246 255 255 108 102 209 181 255 255 28 74 115 84 255 139
    57 199 132 255 181 255 217 224 5 173 255 255 83 112 81 245 255 120
    80 77 158 201 255 255 221 58 245 255 255 209 38 255 68 80 255 73 203
    255 255 80 240 46 105 89 181 255 102 232 255 56 19 167 255 255 25
    255 136 255 214 212 74 255 33 117 95 238 255 69 181 175 71 69 45 255
    10 74 31 105 200 193 209 255 40 255 214 207 255 134 58 33 158 255
    255 218 204 196 255 225 87 97 26 100 229 255 215 219 174 189 101 255
    155 87 255 126 255 255 255 84 255 162 32 61 80 13 255 157 255 255
    221 204 255 53 71 109 10 0 117 72 36 130 62 255 196 177 255 255 173
    236 255 101 23 81 125 133 255 171 255 255 253 184 82 166 208 66 255
    255 46 16 255 61 98 41 255 117 215 255 229 20 2 109 214 38 171 255
    255 255 162 48 72 193 255 8 154 255 255 65 127 53 93 3 180 74 178
    236 255 255 141 166 202 217 255 155 41 45 229 30 13 255 255 249 138
    255 193 255 255 164 81 96 29 99 25 218 255 84 124 255 255 255 168
    117 255 255 213 13 255 33 255 148 72 255 5 180 237 74 166 75 255 47
    122 122 53 134 21 216 228 255 255 125 206 111 175 179 6 148 209 104
    249 255 84 232 67 176 73 255 15 134 212 187 215 145 11 205 255 118
    242 193 19 219 133 224 133 255 26 205 255 232 23 204 255 87 221 255
    136 255 226 217 224 255 255 255 14 255 255 53 255 174 20 255 155 0
    255 255 239 127 184 119 33 77 75 152 224 37 148 255 177 168 255 168
    200 212 66 19 255 102 57 69 162 255 10 247 255 255 82 129 255 61 255
    92 50 162 255 223 244 242 153 6 184 146 60 74 74 28 95 218 36 255
    255 207 38 72 189 23 47 255 99 164 255 28 255 55 148 48 93 44 102
    170 181 110 37 16 214 215 252 14 255 31 61 255 145 7 37 163 79 240
    138 194 120 35 132 6 247 255 25 196 140 71 189 154 33 255 96 131 112
    14 166 255 118 199 255 218 13 242 37 84 170 96 163 74 91 22 217 131
    27 249 255 171 72 234 229 239 218 255 92 255 36 255 199 124 122 5
    255 81 255 36 255 253 150 100 255 105 255 72 158 255 255 182 97 248
    106 163 188 217 221 60 255 33 194 105 229 98 255 255 12 113 40 200
    122 255 255 180 255 63 135 95 95 232 255 196 47 255 187 255 255 157
    120 255 151 177 244 253 1 255 255 99 13 255 83 110 176 47 146 136
    195 151 184 255 123 55 168 59 10 24 255 45 250 137 84 156 255 109 22
    232 255 80 99 190 231 250 204 255 115 66 255 130 186 212 207 232 80
    255 109 65 255 39 73 40 169 105 3 133 40 247 124 76 186 92 143 230
    126 4 255 255 69 13 252 84 119 113 255 194 223 113 255 113 117 43 30
    187 240 56 222 92 236 37 255 5 255 67 171 139 25 194 157 227 32 22
    142 151 255 249 45 127 244 86 5 81 162 113 138 51 255 204 255 37 160
    53 213 225 2 17 255 222 121 137 56 182 41 72 103 148 152 124 255 139
    99 38 75 133 255 102 15 255 5 156 105 218 255 26 187 60 255 213 65
    115 130 107 224 198 105 117 104 23 255 79 180 25 144 255 255 251 139
    35 48 52 255 79 255 255 222 255 255 89 6 255 106 78 49 255 70 255 19
    142 255 242 41 255 90 135 91 227 184 56 27 255 204 227 255 255 54 76
    244 191 66 199 191 18 255 196 241 145 48 14 178 114 13 255 50 158 15
    167 25 89 32 131 255 198 159 76 6 17 18 247 88 255 224 17 255 225 20
    230 207 255 58 77 0 95 255 255 255 255 136 110 114 255 26 220 254
    105 158 87 173 16 215 158 255 3 206 195 255 255 242 23 133 127 75
    206 155 214 146 88 79 229 23 121 30 194 255 119 125 41 12 187 3 255
    234 9 204 19 208 255 185 255 94 159 9 20 149 191 255 60 157 92 123
    255 114 65 181 18 245 93 40 162 143 255 104 139 255 247 149 255 95 4
    255 102 244 255 52 255 130 144 255 255 41 99 123 21 138 122 61 255
    255 115 61 181 255 255 76 255 124 255 173 36 255 255 255 255 84 103
    3 34 76 183 203 166 117 64 255 207 144 255 255 131 71 102 241 213
    225 123 115 173 81 119 151 114 255 72 162 255 255 41 119 224 127 143
    160 191 205 36 96 255 46 209 255 8 101 163 255 255 255 255 41 91 63
    11 133 194 143 76 138 126 66 245 218 107 255 101 8 33 133 207 206 91
    255 38 55 45 255 154 91 127 220 255 148 180 228 66 217 255 207 146
    255 87 231 17 91 221 255 255 39 48 255 73 3 255 33 255 102 240 198
    54 69 255 255 255 102 255 56 255 133 62 45 255 154 112 86 238 191
    178 255 213 92 73 208 255 158 19 79 104 10 48 95 112 255 176 255 92
    193 108 255 24 255 63 175 154 110 27 164 2 160 88 255 91 131 26 194
    242 255 89 251 48 255 168 176 139 219 255 12 255 255 207 193 255 211
    255 138 79 217 255 95 237 255 52 222 12 195 113 255 101 255 18 89
    148 207 6 227 255 238 102 255 120 255 67 177 201 229 107 255 255 5 4
    94 255 255 255 200 166 255 250 255 255 119 251 255 247 255 7 66 255
    255 158 224 26 63 233 77 1 121 255 196 255 170 10 61 138 252 255 234
    240 82 119 80 11 221 234 184 217 104 103 114 99 171 255 104 255 109
    150 83 255 146 255 255 158 166 44 217 196 255 182 196 255 43 42 255
    107 186 255 148 255 252 82 171 255 34 113 255 220 33 63 164 255 255
    205 242 255 109 191 59 255 212 255 139 33 255 26 46 255 153 255 255
    146 164 15 55 106 255 73 97 7 255 80 58 255 255 255 87 204 237 3 40
    158 162 255 199 211 255 117 255 251 107 255 60 148 255 176 255 186
    133 255 255 255 237 43 255 28 255 56 229 65 255 66 193 140 49 127 27
    41 229 75 119 170 161 255 64 101 63 110 120 255 80 52 255 197 140 20
    28 255 10 44 115 181 29 18 255 145 228 110 120 255 255 65 112 255 64
    221 54 158 83 198 184 255 255 44 252 25 225 210 255 62 93 255 255 94
    255 140 158 133 155 75 115 80 133 196 215 193 252 163 119 158 137
    255 255 164 40 255 118 164 161 48 255 119 177 43 137 149 105 255 247
    66 163 36 103 196 134 221 132 32 48 255 63 237 142 47 42 255 34 56
    174 124 83 99 111 27 53 197 79 179 91 210 255 197 164 234 195 134
    255 92 32 255 244 242 72 146 255 40 199 161 59 114 24 72 61 255 245
    134 255 255 180 255 15 181 69 255 255 11 255 100 203 97 255 255 255
    170 255 255 62 43 255 213 255 186 6 227 66 255 238 5 55 255 255 177
    154 91 171 101 145 47 121 186 124 255 255 57 195 140 233 46 191 218
    69 41 207 138 244 152 255 255 164 255 95 232 255 253 104 0 255 162
    31 176 17 127 158 123 48 10 1 36 191 114 255 95 166 244 114 78 98
    255 10 148 235 218 159 235 39 255 255 25 101 198 65 164 13 255 138
    255 70 23 255 9 127 119 187 152 250 255 255 255 79 92 163 15 245 255
    118 64 54 88 6 95 255 255 179 203 41 255 223 108 230 231 82 255 32 6
    255 113 101 244 236 246 33 19 204 174 75 127 255 108 255 122 255 74
    255 20 66 183 8 187 209 170 78 181 115 208 255 255 180 255 120 255
    92 170 112 255 126 22 222 223 103 114 29 125 43 10 92 114 169 48 255
    104 68 191 189 71 255 77 200 255 255 59 59 19 125 79 125 62 255 24
    255 255 255 162 91 187 113 10 75 255 148 169 51 255 235 255 255 204
    244 58 214 134 255 245 131 74 255 20 255 153 214 255 5 201 44 157
    255 89 86 185 5 205 161 216 59 25 255 110 134 87 245 10 110 142 255
    255 139 138 255 33 226 255 34 87 239 5 255 128 82 255 255 255 255 89
    35 154 163 205 218 255 184 208 23 59 59 122 161 164 26 218 27 206
    251 214 198 14 149 255 55 69 255 19 134 222 132 36 237 2 255 255 212
    224 201 157 255 255 41 54 165 2 247 255 28 223 255 238 41 255 244 74
    244 71 116 196 197 140 255 55 19 255 9 245 202 253 56 209 220 193
    184 200 97 128 115 80 255 203 4 255 248 59 225 115 255 53 255 98 117
    45 255 54 59 54 255 213 194 255 54 8 255 251 255 255 158 40 23 244
    45 97 26 29 160 78 255 69 211 144 255 42 15 255 206 127 240 177 255
    255 163 157 255 78 124 82 211 163 255 150 168 21 238 69 255 130 203
    196 225 61 255 255 152 142 177 255 255 190 254 255 59 98 250 255 125
    255 173 255 20 21 23 120 89 31 247 10 84 43 162 68 255 93 105 107
    102 229 117 6 79 69 82 236 255 114 186 3 255 233 255 244 187 255 45
    42 255 35 252 255 232 15 194 126 255 255 20 124 235 220 20 156 117
    13 255 63 135 170 248 255 115 70 189 255 80 71 191 19 172 130 221 66
    63 64 186 166 72 55 140 170 46 102 86 255 255 93 201 255 236 235 16
    29 29 151 155 13 255 93 255 255 255 87 199 34 70 117 255 157 239 21
    17 30 255 85 255 148 255 255 18 60 160 17 70 127 68 32 255 69 217
    255 143 130 142 198 205 23 255 59 28 56 136 245 169 178 255 6 255 58
    255 255 191 255 167 255 1 119 76 202 139 255 255 238 36 1 255 255 44
    106 255 173 5 255 185 255 255 225 14 109 216 60 255 255 199 255 212
    222 255 169 217 255 37 145 40 0 99 89 117 64 255 255 116 82 114 28
    171 243 255 217 119 82 16 255 255 255 51 255 225 220 3 23 251 6 56
    77 78 255 18 113 255 161 175 255 252 13 255 8 42 255 144 64 128 134
    154 158 131 255 20 247 105 255 12 158 81 1 247 255 249 255 161 62
    117 255 226 91 107 209 221 255 150 238 178 179 34 170 255 56 64 80
    88 225 135 19 158 177 251 46 109 255 86 96 3 255 63 255 189 28 201
    255 226 255 59 255 111 255 214 215 69 68 10 81 116 101 222 68 99 21
    255 64 255 216 255 255 82 247 255 101 203 255 39 255 140 212 255 104
    222 122 194 255 201 255 154 255 222 232 129 72 255 255 211 172 87 31
    86 29 255 2 4 222 133 97 255 255 129 255 230 106 255 137 251 94 15
    223 212 255 89 201 255 40 76 14 255 119 148 255 21 236 176 148 244
    97 59 82 51 255 97 120 100 255 140 2 241 194 117 150 255 239 255 255
    202 188 37 255 251 87 255 234 139 255 134 80 255 20 252 255 255 130
    255 11 106 23 60 221 255 195 152 107 161 157 255 46 228 115 196 70
    255 70 246 224 172 62 255 104 48 72 14 236 255 208 255 255 230 218
    135 214 27 255 97 79 95 59 255 255 216 24 128 2 221 41 71 32 0 33 66
    130 48 167 255 137 78 255 125 177 33 34 133 255 202 255 255 222 31
    255 64 47 204 180 255 56 150 85 255 135 217 16 206 224 125 255 82
    193 205 214 250 255 127 255 200 52 244 180 13 255 46 45 156 35 145
    255 207 115 28 217 122 255 75 157 252 82 1 255 36 129 255 255 138
    255 136 82 250 216 61 109 117 64 132 95 79 255 116 232 255 172 255
    170 255 217 255 255 255 255 255 172 176 0 170 255 172 186 206 115 65
    255 8 229 237 33 25 240 204 3 99 255 56 255 169 62 184 134 240 235
    221 98 84 167 113 0 200 60 255 238 228 237 95 29 255 87 219 181 0
    224 33 8 223 82 55 3 71 130 148 59 212 107 255 133 219 255 93 126
    255 117 255 255 255 62 33 26 172 214 225 136 232 168 255 255 255 97
    74 160 255 255 132 251 255 253 127 13 143 152 8 72 214 247 235 27
    184 0 255 255 98 251 255 10 75 255 132 162 216 181 79 158 251 255
    255 33 255 255 236 255 8 65 46 148 108 255 66 179 244 193 255 186
    142 140 126 211 55 115 255 255 168 255 224 159 53 82 242 66 130 252
    234 187 255 255 37 38 16 98 149 221 10 107 255 244 184 255 95 255
    211 252 70 59 53 255 219 17 28 255 119 255 224 79 250 255 255 217
    255 30 27 255 47 228 168 211 173 92 154 191 255 199 135 133 86 237
    255 146 255 77 41 122 255 17 255 176 18 255 255 9 255 255 253 255
    148 234 142 255 184 163 255 86 255 82 255 134 174 143 221 255 97 255
    255 255 69 255 175 255 255 50 143 91 102 50 245 123 255 51 57 4 255
    66 217 230 101 221 253 255 233 133 182 8 206 29 255 156 161 85 21
    161 255 46 255 76 165 238 207 255 181 255 255 255 48 255 255 214 255
    139 255 255 143 233 128 63 232 161 34 233 12 126 245 255 63 255 56
    196 178 179 133 139 255 88 99 133 45 177 66 64 190 255 24 70 255 5
    240 255 84 62 255 33 255 36 194 175 255 255 191 255 56 41 155 56 148
    5 186 171 156 187 55 206 217 140 255 72 255 100 175 79 250 9 126 255
    88 3 130 38 64 255 115 255 255 173 66 26 225 59 33 222 29 61 234 255
    179 199 79 255 102 55 120 153 85 48 32 111 148 196 19 255 139 136
    255 136 186 255 145 117 143 255 24 255 106 255 94 1 120 49 212 255
    20 251 134 255 255 255 255 255 51 82 57 164 92 63 13 255 104 143 87
    199 144 255 255 50 255 176 191 87 175 255 229 97 255 110 70 47 66
    117 148 97 26 25 255 248 145 71 255 255 255 70 110 84 25 172 128 36
    255 18 145 124 255 122 43 153 135 120 109 233 147 212 255 199 221 41
    17 119 151 255 255 83 237 255 191 32 123 255 255 31 64 134 225 32
    148 188 124 144 135 148 255 255 41 255 255 232 52 216 255 255 255
    245 251 64 163 255 76 255 208 5 128 54 255 7 255 193 130 9 69 188 51
    255 38 153 255 207 255 84 242 94 227 255 255 255 157 27 255 212 97
    255 62 13 81 158 94 255 164 215 216 72 117 99 255 173 255 196 149
    255 91 110 92 255 255 232 146 25 198 255 148 255 68 166 222 255 255
    189 154 122 229 97 255 196 255 62 64 248 122 74 230 255 255 108 207
    255 255 148 235 27 255 166 137 113 189 133 255 225 255 255 89 239
    120 255 86 120 255 234 24 255 255 24 255 243 161 255 113 255 23 24
    138 255 178 38 146 27 159 188 125 215 255 50 0 33 240 74 12 110 194
    255 243 170 255 255 91 229 208 168 255 255 223 255 42 47 117 255 255
    216 195 207 143 30 14 20 220 27 71 113 162 0 221 255 166 194 76 63 1
    186 255 23 252 140 3 94 21 19 71 76 16 82 255 160 242 255 168 255
    109 225 255 43 19 242 156 33 255 255 130 168 48 255 255 255 11 255
    255 223 213 158 123 175 51 220 147 255 255 194 255 56 143 117 1 209
    97 89 186 72 79 247 255 171 241 181 204 52 114 211 229 255 218 28
    255 44 177 202 216 177 13 86 65 44 124 43 255 255 32 132 205 212 255
    56 79 255 226 91 163 69 205 43 20 255 5 196 50 155 163 138 84 197
    140 28 255 88 255 119 167 143 233 144 181 162 255 199 37 73 255 124
    255 255 66 207 249 127 205 160 249 18 255 27 57 255 255 255 255 10
    255 161 105 255 86 193 8 104 33 115 109 99 4 255 199 200 255 86 180
    255 68 25 15 53 55 255 217 14 255 139 79 244 111 33 255 208 144 232
    148 134 56 161 241 255 157 99 186 179 116 123 53 255 89 109 255 153
    155 144 196 177 254 199 197 106 33 119 201 199 90 193 119 233 255
    178 255 119 255 47 255 143 245 212 143 144 255 69 255 159 255 200
    237 86 216 213 66 200 45 255 242 52 255 75 130 84 195 213 204 255
    161 104 37 255 165 255 255 146 135 31 191 142 159 232 198 145 33 186
    255 61 193 200 255 224 69 148 154 255 255 238 145 92 220 255 207 95
    255 255 116 167 49 11 238 99 189 89 12 217 255 255 242 235 255 66
    186 255 194 214 123 162 89 255 63 255 244 223 107 255 2 112 255 45
    43 43 102 24 49 197 215 214 114 159 211 255 255 255 20 143 255 139
    193 255 188 108 115 131 181 112 149 157 255 149 122 255 255 237 143
    126 201 255 242 255 123 68 255 255 126 175 18 126 171 255 10 254 237
    164 181 59 84 56 255 255 46 255 255 147 255 197 10 255 45 255 91 115
    213 255 215 209 26 118 255 102 44 236 255 255 42 255 218 255 255 113
    222 158 64 181 146 24 80 202 80 17 227 63 215 253 148 36 132 38 120
    0 107 255 119 135 84 133 204 51 255 9 127 41 226 83 107 240 255 207
    21 186 59 203 17 255 155 4 255 226 204 188 255 250 214 179 255 255
    65 36 255 211 172 38 242 240 207 68 255 255 203 70 3 19 70 181 77
    136 100 255 105 51 142 255 255 193 69 255 53 167 178 248 213 163 101
    20 249 50 255 255 2 245 171 62 196 255 17 187 100 97 144 255 133 176
    166 171 99 221 187 89 54 148 136 146 205 227 227 166 62 255 8 10 107
    119 154 255 134 226 255 9 40 217 50 255 114 14 255 105 96 82 255 44
    238 255 255 125 33 10 20 171 255 255 10 72 255 255 225 189 117 255
    210 255 195 167 132 252 135 110 140 203 125 47 173 173 161 255 13
    120 255 194 56 11 255 208 112 148 184 111 255 239 62 255 54 73 216
    145 195 255 53 45 255 215 120 255 171 101 255 120 3 127 55 217 135
    45 255 3 225 60 255 255 255 255 97 255 255 231 42 199 89 219 255 116
    189 8 240 207 255 255 158 255 160 3 43 10 166 255 175 149 201 255
    194 240 234 61 255 62 255 255 137 61 255 255 103 255 133 181 178 171
    255 249 241 52 72 217 102 255 235 255 107 119 18 255 57 237 86 81
    196 51 20 127 130 215 255 64 252 116 255 105 255 21 175 198 151 134
    51 48 102 255 114 252 138 165 63 228 255 2 32 255 242 255 38 33 255
    255 255 255 158 225 37 74 116 157 249 158 255 255 212 127 183 167
    213 255 74 145 255 105 71 49 244 150 56 255 17 255 3 94 10 104 136
    255 181 252 12 255 56 198 255 11 196 191 198 89 238 255 255 172 255
    255 212 167 198 66 83 255 255 61 255 255 209 69 0 255 255 236 185
    255 255 255 135 198 102 252 202 255 255 255 255 43 71 173 160 150
    255 211 46 193 255 170 233 255 68 150 255 113 255 181 206 152 8 255
    40 255 5 60 255 55 255 67 218 255 255 144 65 255 200 255 112 51 159
    255 255 226 225 83 153 237 139 236 255 255 164 48 145 255 255 194
    196 40 250 255 117 0 178 48 195 250 255 14 255 221 32 61 247 60 56
    255 54 212 7 75 223 255 247 207 255 92 157 150 152 223 255 18 107 77
    93 142 255 255 120 253 69 68 198 186 255 255 255 237 26 36 27 255
    104 217 206 17 255 179 200 33 123 84 105 255 191 133 255 255 14 89
    19 52 174 190 69 77 179 147 235 149 15 255 65 103 26 255 0 255 98 97
    255 128 255 255 244 93 21 68 244 146 184 255 212 32 106 255 255 255
    38 208 255 84 207 120 132 143 218 15 80 255 198 255 17 36 209 140 16
    71 189 71 111 5 2 188 91 255 102 22 255 114 62 255 157 217 255 123
    255 235 217 255 255 20 255 35 39 236 255 255 176 247 140 208 247 74
    255 71 175 255 25 248 9 249 230 126 255 110 168 255 160 6 255 231
    255 7 152 42 255 255 184 58 218 47 255 145 8 255 86 115 20 255 0 255
    125 255 38 255 255 255 244 255 207 199 255 255 168 255 91 251 110
    100 235 50 193 0 168 255 255 255 255 255 184 255 198 176 255 24 223
    255 180 150 20 186 255 249 212 55 41 152 161 104 141 154 255 11 150
    160 240 27 255 161 159 255 188 235 255 143 255 155 57 11 255 10 249
    138 207 238 255 109 170 176 17 161 255 184 255 235 193 36 176 208
    198 255 255 255 255 116 76 232 83 255 71 0 23 201 216 255 63 69 105
    35 255 218 255 110 255 132 8 134 191 255 156 151 120 87 173 175 69
    16 168 203 176 213 249 119 141 219 255 118 229 255 235 255 255 249
    97 26 187 181 31 83 194 112 169 142 252 215 207 255 166 255 130 157
    227 255 179 121 104 247 255 125 50 171 31 5 255 255 15 210 255 194
    255 255 27 61 255 161 227 255 51 80 3 255 255 48 35 36 204 107 255
    53 104 255 255 124 106 235 11 255 138 10 210 59 114 74 18 255 252
    122 118 196 122 240 255 255 255 59 155 153 222 255 243 97 102 255 45
    255 244 40 227 184 42 255 116 152 170 57 170 255 255 254 91 86 255
    18 45 79 255 173 201 91 220 255 112 72 50 59 255 196 184 25 255 82
    134 180 239 18 83 255 255 71 255 104 20 150 199 84 255 126 27 191 34
    106 255 89 252 151 152 219 255 90 71 13 100 69 48 41 255 54 9 108 44
    175 9 217 236 140 160 215 134 252 107 119 201 107 158 255 9 209 146
    80 23 255 21 117 115 162 241 123 108 163 255 255 152 224 243 254 115
    73 0 132 155 255 114 247 208 48 95 111 255 48 161 255 255 164 59 242
    129 255 54 247 26 104 22 26 135 98 222 66 119 95 102 8 3 17 244 87
    152 101 255 184 203 255 93 112 255 27 194 71 255 172 49 107 255 244
    168 149 234 88 238 255 42 1 255 24 255 201 137 170 255 16 210 161 87
    246 143 253 23 255 226 89 255 84 142 64 71 255 255 167 156 89 120
    255 41 212 184 63 184 255 146 234 41 165 5 140 255 6 255 178 50 28
    51 163 172 158 37 60 230 7 190 255 123 130 214 111 255 170 185 255
    255 101 255 230 7 55 255 227 131 255 41 203 186 37 255 255 255 255
    114 77 255 133 255 135 104 37 38 255 244 42 91 182 255 186 80 5 191
    130 255 255 41 209 20 198 158 67 57 255 31 118 89 255 26 150 255 238
    60 61 255 255 146 145 10 112 255 61 89 249 69 255 235 99 188 244 255
    214 21 164 207 153 176 255 160 255 155 34 64 105 158 46 109 91 19 7
    122 200 255 44 91 255 128 254 35 244 191 255 123 51 176 255 15 255
    45 224 114 212 255 212 82 28 155 143 255 89 86 18 255 255 168 84 229
    255 255 122 68 206 115 255 217 119 9 135 255 92 125 12 143 105 223
    149 87 152 59 255 243 255 148 214 31 255 74 78 255 6 240 255 74 255
    255 244 255 255 255 231 232 149 140 59 93 19 255 18 255 255 194 69
    255 255 255 255 176 153 255 36 255 114 194 115 255 97 11 255 116 255
    255 204 31 240 167 84 128 123 122 255 255 255 255 135 108 193 66 224
    142 242 245 232 241 255 255 24 87 255 128 186 133 255 147 255 143
    101 145 24 247 255 11 143 245 28 208 255 157 213 244 93 148 87 27
    142 255 187 69 230 86 162 40 2 69 10 247 11 114 108 91 255 122 20
    234 150 200 255 146 237 255 115 125 255 81 136 255 250 255 189 178
    255 229 166 200 245 255 38 23 179 214 255 196 194 216 77 47 58 239
    99 104 37 138 255 60 224 10 5 255 84 38 96 119 91 126 193 176 246
    255 8 226 71 255 195 242 215 10 235 55 255 255 100 124 255 250 117
    140 91 235 255 81 255 255 86 84 255 20 129 127 255 98 255 62 121 67
    19 122 206 17 93 255 100 116 255 189 13 142 241 204 105 77 247 255
    236 255 255 69 189 255 47 0 198 255 255 130 30 175 255 255 82 102
    104 92 123 208 194 255 255 168 104 134 122 41 255 84 123 51 186 135
    69 255 253 233 57 71 152 34 253 145 120 148 218 122 170 75 113 255
    239 228 255 164 8 255 196 88 66 66 255 252 176 143 255 234 255 135
    37 255 255 41 115 255 77 240 255 255 134 66 35 226 156 91 255 244 15
    255 255 91 116 158 37 88 255 53 116 255 197 131 240 66 138 255 39
    246 255 155 255 92 2 42 155 148 97 142 1 255 255 136 168 255 89 115
    255 61 59 191 218 198 158 38 255 255 118 134 87 39 42 30 151 102 72
    255 166 234 123 45 56 214 111 255 15 157 255 117 255 255 223 226 186
    83 224 255 227 57 255 55 18 115 131 171 156 194 144 87 60 131 255 1
    231 255 111 82 5 227 173 15 75 246 255 38 218 140 255 185 255 189
    255 174 26 233 0 221 115 49 39 221 255 61 106 255 255 255 97 197 74
    209 122 64 49 213 208 36 182 189 255 255 191 255 117 255 255 74 190
    174 255 212 255 9 196 255 230 255 255 167 255 255 27 221 5 215 236
    255 240 159 255 175 88 250 240 79 255 255 68 255 99 177 158 87 130
    255 19 255 255 28 255 72 83 10 255 113 181 253 232 113 225 171 171
    161 191 105 20 143 212 255 238 42 255 44 69 67 86 103 227 133 244 97
    146 255 48 157 47 255 3 125 255 6 153 109 171 255 255 255 255 69 255
    255 221 15 126 204 216 255 255 53 33 166 93 107 255 53 79 255 230
    252 249 34 91 94 28 68 230 87 89 255 203 245 255 89 255 128 148 255
    132 229 184 16 255 51 211 234 94 255 181 45 255 167 255 135 184 251
    21 83 255 199 142 24 181 255 255 244 255 91 15 186 255 41 83 232 255
    56 255 234 117 195 128 255 255 161 133 167 30 35 13 221 125 134 135
    211 255 15 83 56 255 255 176 95 249 241 59 12 204 255 3 223 224 5 84
    40 229 255 216 1 255 26 198 106 255 66 255 255 45 74 16 158 124 21
    181 120 255 177 43 255 128 69 31 199 42 235 7 255 112 233 143 255 3
    223 46 109 229 194 166 175 86 23 43 150 155 255 146 175 198 54 252
    130 105 211 176 255 3 217 143 61 255 61 255 148 86 9 255 163 19 255
    143 106 19 194 95 208 224 255 42 255 188 56 178 11 162 255 25 255
    255 217 101 255 100 255 240 63 255 117 194 198 255 170 144 255 222
    187 194 255 22 61 234 177 214 190 181 206 87 50 255 73 255 253 248
    65 150 68 24 206 255 32 255 152 91 221 39 135 193 57 148 94 132 255
    64 170 79 232 62 255 244 179 204 69 110 255 82 66 144 148 164 108
    240 37 255 255 126 241 255 199 62 8 123 255 255 79 255 102 35 91 255
    126 167 189 171 47 255 111 64 77 10 255 221 101 196 255 14 153 72 41
    110 255 36 196 250 198 241 255 11 182 239 255 1 87 167 255 7 232 28
    204 255 255 255 39 34 255 88 167 189 101 64 224 74 255 242 255 92
    255 232 18 58 215 227 53 99 64 255 115 78 107 159 31 255 239 167 51
    72 80 255 190 117 255 87 255 255 255 10 33 47 205 255 189 178 76 64
    209 255 188 94 104 226 215 0 229 89 150 151 255 255 155 204 117 139
    163 255 197 194 255 9 149 31 255 255 87 7 102 255 255 159 255 32 255
    10 12 222 255 168 65 255 34 233 86 222 168 61 184 255 255 117 195 56
    220 255 104 212 97 140 163 51 120 61 255 48 255 60 188 255 82 255
    162 82 232 207 135 105 84 255 255 11 255 255 73 193 84 7 255 128 74
    91 255 248 65 209 224 11 255 255 224 31 255 221 59 255 161 43 167 51
    255 63 158 170 255 57 151 206 5 240 224 1 119 255 17 255 19 40 30
    151 24 255 41 28 71 189 255 255 157 125 232 102 73 156 104 24 255
    114 78 201 153 255 255 120 142 53 187 255 110 123 249 255 209 140
    221 200 96 255 29 69 146 255 255 46 80 76 133 252 238 26 18 255 198
    60 209 151 70 88 255 116 154 255 217 218 125 57 255 61 255 184 86
    162 181 12 188 255 255 241 74 255 205 255 255 107 255 255 130 89 255
    136 103 196 84 255 255 0 4 255 3 255 227 235 88 255 128 19 133 57 14
    64 72 120 82 3 24 255 7 255 255 123 15 160 167 255 71 28 208 255 255
    55 235 255 147 237 255 231 255 14 255 255 240 255 255 143 161 255 54
    28 255 123 224 244 255 40 252 19 121 35 244 11 49 78 61 255 30 13
    230 200 143 198 243 144 255 255 238 255 6 130 38 74 208 255 221 171
    222 226 103 64 86 23 16 15 176 30 87 222 255 21 255 255 208 203 245
    83 59 194 243 60 87 236 255 212 97 82 255 255 255 125 179 41 255 255
    255 255 125 161 255 131 235 249 123 134 225 117 108 222 25 110 255
    45 164 49 18 37 25 230 212 255 99 190 127 100 23 255 100 150 10 212
    255 156 51 255 28 176 31 217 70 199 245 126 252 255 178 87 198 190
    88 255 6 224 138 128 207 255 130 59 255 154 255 255 144 126 239 255
    47 255 93 235 58 86 255 255 45 62 255 127 101 255 190 74 198 131 201
    255 0 255 255 233 255 255 77 74 173 164 3 255 33 171 26 100 236 255
    255 222 255 15 255 255 255 210 7 252 157 71 173 237 143 68 111 255
    188 181 43 207 103 255 252 255 49 248 255 255 105 226 222 253 88 217
    86 226 67 42 255 255 46 108 252 130 24 104 255 74 255 255 64 40 229
    189 255 212 238 255 61 164 54 211 166 235 255 14 255 193 139 97 82
    69 255 255 115 130 169 255 255 35 78 117 59 255 255 244 136 128 159
    28 255 92 66 128 34 76 255 20 221 0 83 105 227 160 255 255 26 0 117
    214 255 5 75 255 181 202 255 237 140 170 255 217 66 255 168 246 225
    111 255 105 190 24 255 90 255 255 90 120 255 249 247 255 68 102 196
    160 28 10 144 135 28 175 255 7 78 8 255 97 255 163 134 19 94 178 232
    107 79 232 145 116 122 156 255 84 59 109 249 255 179 138 255 32 229
    151 250 131 158 97 255 145 133 205 255 122 255 63 110 0 155 157 255
    3 181 255 71 89 219 105 191 166 255 70 249 255 17 117 189 108 108
    105 139 106 87 6 46 196 6 251 174 151 64 10 36 105 40 84 97 26 171
    186 237 52 250 189 158 37 110 255 209 3 220 105 7 232 83 20 209 0
    202 234 254 255 214 40 170 43 255 115 27 255 255 71 133 255 255 255
    0 152 115 240 207 65 211 209 255 46 61 129 201 101 249 255 59 64 255
    255 107 20 10 255 51 211 163 255 45 255 255 25 178 235 63 22 255 152
    145 245 131 229 255 102 23 255 75 51 255 243 224 2 255 32 91 55 139
    255 186 88 255 6 145 117 212 147 35 255 255 156 41 52 255 203 88 237
    239 62 43 83 71 76 106 68 242 53 62 173 98 51 104 128 93 255 139 161
    255 245 62 255 32 136 207 255 140 255 74 255 255 16 102 255 53 237
    140 45 224 36 255 255 255 255 1 255 82 245 56 106 159 250 139 18 56
    78 255 142 20 55 250 9 162 255 70 178 193 68 64 100 137 10 56 164
    121 138 255 121 255 53 148 217 157 176 219 168 196 217 127 240 255
    35 198 255 194 224 87 153 255 255 97 255 35 17 164 255 19 93 30 189
    36 94 255 14 170 111 251 183 233 17 49 255 64 204 242 255 255 255 65
    255 77 124 244 107 94 255 64 255 255 251 255 255 12 245 51 111 70
    193 255 232 148 43 238 49 71 88 255 255 182 255 91 251 255 57 28 198
    203 51 95 227 27 186 218 76 255 255 194 212 255 68 255 9 33 255 105
    241 3 255 177 33 190 166 255 29 24 69 77 133 211 162 201 123 251 255
    255 65 255 221 175 1 170 179 148 255 194 40 44 221 167 237 110 133
    145 39 46 171 21 242 255 110 54 239 221 154 225 137 37 235 133 111
    140 93 255 16 255 207 145 158 255 239 178 31 255 47 108 255 143 38
    225 255 255 255 209 255 181 212 249 255 130 255 255 83 14 71 255 255
    255 106 175 161 47 255 194 120 185 255 8 142 58 81 110 255 6 147 230
    100 193 46 117 237 224 214 38 84 215 15 48 66 125 255 184 255 81 202
    85 41 232 255 255 176 24 160 60 255 255 255 59 56 134 212 255 195
    247 179 255 59 102 68 152 255 231 173 255 255 140 255 89 142 255 34
    136 81 64 238 79 108 201 153 73 27 255 225 255 240 144 221 255 5 31
    43 211 143 255 230 255 188 51 250 255 5 255 255 255 64 255 255 237
    43 11 9 119 104 212 255 255 255 255 255 157 25 152 233 255 255 69
    104 154 213 35 222 255 165 187 84 255 239 98 79 9 255 77 136 88 211
    101 255 255 2 208 183 211 171 12 140 148 58 194 159 255 70 83 20 56
    38 252 163 219 255 243 255 255 133 255 255 151 6 255 186 57 178 78
    255 255 233 149 255 167 59 74 120 87 84 30 113 255 235 180 255 23
    156 163 212 184 255 178 37 107 255 152 255 229 42 145 134 244 114
    223 117 25 149 147 255 241 1 100 151 168 255 249 168 255 17 103 255
    52 246 255 190 38 7 181 162 174 116 255 255 37 201 255 193 255 255
    77 60 198 74 209 255 65 126 206 19 255 255 48 173 20 2 101 255 252
    224 255 1 200 97 96 50 212 51 255 112 255 255 255 62 154 122 206 10
    255 111 255 255 42 64 184 206 255 128 62 224 255 140 255 255 34 159
    170 233 255 176 248 187 255 17 107 160 57 205 35 206 153 232 33 255
    0 63 255 255 154 246 255 65 247 10 255 19 227 75 138 140 255 204 255
    164 148 255 96 255 49 88 255 30 14 161 146 255 255 255 135 245 255
    116 56 255 153 32 255 73 207 67 144 78 255 38 255 166 146 66 66 255
    191 120 168 217 211 21 157 255 6 40 112 235 159 138 33 213 255 128
    166 230 81 78 255 153 113 168 0 56 109 251 60 255 244 171 49 154 173
    49 215 110 214 89 231 33 72 1 255 217 50 240 209 52 31 82 154 110
    111 89 58 25 199 99 113 255 221 100 69 255 186 52 184 196 127 255 60
    14 143 172 241 3 38 207 255 140 194 255 170 139 222 233 45 120 255
    175 63 255 235 255 20 68 255 157 107 245 142 255 142 131 255 255 61
    255 255 47 255 255 255 255 119 5 29 255 151 255 225 42 152 255 120
    176 91 159 122 255 255 214 61 195 255 255 189 113 255 10 24 145 218
    167 253 60 255 176 39 177 255 42 255 128 19 255 16 255 91 10 235 23
    132 245 255 255 255 200 184 106 215 174 98 157 255 0 255 255 255 255
    171 225 33 249 55 14 8 27 36 255 32 223 198 36 69 86 186 255 3 252
    136 255 175 142 61 143 87 128 157 6 76 29 241 255 12 45 87 62 82 239
    172 218 255 163 148 18 207 115 255 3 207 194 106 245 43 204 98 81
    176 88 5 133 240 224 71 103 100 125 20 255 255 195 193 225 159 89 10
    255 201 8 190 94 3 209 109 208 102 82 175 161 35 96 255 229 212 45
    173 12 255 86 234 180 178 14 93 123 150 20 255 117 108 204 191 255
    151 200 78 255 252 255 143 77 231 255 20 8 255 80 25 255 122 9 198
    126 255 255 202 24 255 221 255 71 137 214 58 30 232 2 47 217 250 205
    133 255 220 241 49 175 127 176 97 84 133 16 255 255 37 9 74 28 189
    255 167 255 214 243 143 255 159 255 255 0 17 255 51 205 117 144 201
    176 99 190 239 132 113 25 132 98 196 46 136 255 83 71 255 167 106
    119 251 79 87 255 75 240 117 110 20 87 207 255 84 113 255 255 18 132
    74 255 255 72 238 255 118 147 255 255 43 224 53 178 176 143 187 72
    255 36 130 93 255 119 10 70 255 128 61 255 82 51 253 146 18 25 208
    33 16 196 46 156 247 181 46 150 255 151 149 255 255 27 154 255 101
    50 255 214 176 110 226 1 204 255 31 255 142 223 188 231 191 255 60
    173 242 97 255 95 234 66 255 173 152 94 34 255 99 251 241 15 255 133
    163 223 119 245 132 121 222 64 203 255 241 255 107 255 255 255 164
    210 59 227 20 59 38 45 104 43 78 255 113 205 255 109 255 245 68 195
    217 65 157 217 161 255 219 197 255 63 181 201 89 18 57 255 223 255
    59 182 219 122 43 198 13 97 255 202 28 255 15 255 54 255 80 135 100
    255 222 255 126 135 255 244 159 142 162 135 120 98 29 77 111 255 255
    134 126 36 47 119 255 255 255 255 128 103 99 214 87 3 236 255 255
    255 93 151 233 201 255 77 198 255 184 187 110 255 140 255 255 255 66
    9 37 255 61 83 77 241 147 255 11 222 66 93 255 79 230 121 35 255 34
    255 153 47 67 170 201 255 244 133 58 54 55 31 255 113 249 172 241
    255 104 156 61 255 255 255 242 153 160 33 255 255 196 181 235 248
    236 255 230 210 44 89 203 255 117 255 99 187 255 247 14 3 255 8 57
    255 255 59 255 151 73 81 81 255 13 86 229 252 88 9 255 12 176 71 146
    255 89 80 120 109 41 255 255 232 88 255 132 82 255 127 255 86 239
    119 97 177 147 255 28 250 255 203 255 255 193 61 44 226 255 255 96
    227 198 19 187 123 185 103 255 14 249 255 252 130 247 48 46 21 108
    255 255 255 255 255 92 17 255 202 252 255 252 135 146 45 244 255 255
    19 255 6 191 153 5 207 30 60 235 160 34 124 109 47 236 16 84 213 255
    209 190 240 143 212 255 98 218 255 217 255 207 0 93 255 62 255 100
    149 153 255 83 78 145 209 193 135 227 17 35 70 229 38 255 255 247 87
    78 255 83 121 255 107 208 221 17 14 221 235 229 255 220 255 255 209
    50 245 216 255 76 175 255 40 44 255 255 57 153 255 198 210 222 63 14
    255 119 214 81 175 89 64 75 87 63 39 173 255 134 8 193 109 214 255
    130 200 138 158 182 119 126 255 95 245 233 255 255 246 255 6 255 76
    189 131 255 205 38 30 8 201 120 187 14 51 81 229 255 255 254 255 62
    194 63 46 227 143 9 34 255 241 255 191 226 175 82 229 255 133 37 180
    107 221 105 235 216 8 255 116 143 76 187 111 255 15 255 3 255 36 255
    21 157 181 209 119 148 193 107 74 197 101 255 64 68 15 255 3 8 158
    255 227 235 196 199 62 250 178 222 93 10 169 255 33 209 228 25 95 79
    110 18 255 255 180 134 255 186 171 168 92 71 20 111 182 255 247 91
    199 8 242 38 78 244 255 214 255 51 200 255 247 128 255 255 155 255
    255 81 0 165 188 182 105 0 240 95 42 159 207 173 221 255 114 255 255
    100 31 112 89 189 255 255 163 255 130 255 255 99 149 255 117 40 255
    61 203 127 33 255 16 135 154 245 14 139 255 255 156 245 117 201 255
    51 237 202 0 138 171 207 255 89 238 205 174 169 136 86 255 178 160
    255 110 207 255 65 255 55 255 170 87 194 255 123 255 151 18 222 54
    64 246 255 161 255 232 245 3 255 168 105 242 60 204 56 90 159 99 61
    255 255 25 255 255 9 48 138 18 164 255 54 3 255 17 249 115 169 196
    99 242 212 224 196 152 178 154 75 179 245 255 43 54 181 209 139 74
    255 234 242 74 255 136 255 136 255 255 146 180 255 240 221 255 92 59
    255 52 223 255 247 87 255 179 242 82 158 255 79 158 255 26 182 255
    188 227 255 30 202 255 255 189 147 151 51 27 26 137 200 69 157 46
    255 52 255 120 255 221 255 251 107 255 230 255 181 115 84 255 154
    255 252 198 172 84 33 176 82 33 177 255 141 255 255 36 153 255 255
    255 255 9 218 255 122 255 26 125 115 255 39 120 33 137 237 179 28
    156 255 50 190 107 238 71 255 25 207 239 181 17 188 202 201 255 163
    255 255 229 148 142 66 173 255 221 255 255 235 255 255 161 201 204
    226 214 89 36 80 255 206 40 255 43 244 255 92 65 53 124 27 255 99
    255 28 234 255 186 88 84 255 233 218 255 164 134 104 148 191 255 203
    255 216 255 25 235 255 9 114 235 255 58 87 173 255 168 136 199 205
    176 255 48 228 36 34 20 13 170 217 178 255 42 255 55 244 255 142 115
    255 244 152 102 37 51 255 92 255 255 182 189 216 110 240 150 91 40
    255 42 147 255 82 10 255 255 19 105 118 255 255 241 14 40 150 255
    253 12 116 66 81 184 10 182 23 255 255 89 255 45 46 255 251 48 255
    196 70 255 235 255 105 255 255 255 64 255 239 8 20 255 229 255 51 1
    126 94 133 222 41 227 85 239 45 94 56 145 74 2 209 255 211 193 76
    191 168 178 123 10 255 255 202 255 3 181 161 107 251 255 255 5 62
    255 99 255 255 255 255 255 100 245 7 255 240 184 47 255 174 251 18
    212 253 119 255 75 255 16 255 4 38 163 255 155 216 153 186 222 66 54
    142 218 133 63 9 255 206 56 123 134 231 123 93 249 16 91 246 112 230
    28 255 234 212 33 90 31 145 197 131 253 160 156 38 179 215 158 255
    195 255 77 33 255 243 255 255 186 6 255 255 189 255 80 108 255 158
    127 255 222 172 255 12 255 183 255 249 255 255 209 87 255 255 255
    175 180 117 101 41 77 245 255 255 255 54 255 3 210 255 196 187 240
    240 62 255 134 255 255 197 210 255 24 226 146 142 45 255 51 162 255
    77 219 5 141 255 239 64 136 232 101 255 40 127 125 235 34 91 255 148
    140 104 104 255 255 255 255 255 255 189 148 255 255 255 170 255 81
    255 24 135 18 60 209 12 249 255 200 8 255 106 154 255 107 71 105 235
    71 58 244 228 234 16 255 255 196 119 255 230 19 166 241 10 115 82
    255 181 235 255 3 30 255 255 238 136 100 199 231 181 54 71 89 204 38
    77 5 255 21 241 159 255 208 231 255 180 255 49 255 124 255 255 233
    227 163 190 165 106 101 216 255 125 105 142 150 72 44 255 72 1 62 94
    255 73 44 1 255 107 255 138 255 255 80 255 9 40 222 255 255 125 107
    62 104 60 255 94 120 255 43 28 120 123 130 214 221 189 41 255 226
    255 255 77 153 255 41 126 138 172 135 255 255 172 114 120 46 255 74
    129 255 47 43 81 255 255 255 106 255 13 93 255 142 59 117 217 160
    173 212 251 47 145 47 161 33 167 190 255 116 254 156 255 69 0 135
    173 255 255 227 28 6 106 61 133 147 255 255 126 255 187 75 255 131
    176 255 255 121 255 12 255 255 97 42 69 101 111 242 98 34 255 154 79
    255 91 190 255 243 45 232 46 129 255 133 34 202 179 99 92 133 255
    255 32 78 33 193 99 28 36 98 174 232 11 255 182 70 35 115 50 122 116
    221 56 233 97 56 193 76 255 176 167 168 7 135 255 203 3 145 168 208
    255 0 182 178 255 20 77 126 235 255 202 136 255 104 144 181 255 255
    30 137 131 255 54 172 20 146 235 237 80 92 230 42 50 255 69 255 249
    241 56 44 255 162 255 86 213 179 206 223 23 255 8 255 255 196 31 19
    68 58 48 23 234 26 255 194 86 40 255 126 214 255 29 147 237 185 65
    137 12 228 255 188 244 255 220 76 255 45 66 41 255 9 92 110 255 255
    68 245 255 167 124 255 111 210 84 37 120 255 152 171 188 209 50 255
    162 48 69 71 254 255 255 175 255 197 51 53 3 219 255 80 5 109 43 178
    255 51 166 255 70 113 255 181 121 229 108 127 255 68 22 84 97 18 255
    75 139 67 255 181 20 199 223 8 223 255 255 255 223 255 216 64 3 127
    157 198 60 223 97 110 175 255 255 255 255 196 148 211 208 136 150
    223 255 249 92 103 36 169 45 255 244 168 255 0 255 255 225 129 255
    218 41 95 255 255 112 255 244 8 20 255 198 51 24 97 255 178 100 36
    153 69 65 34 255 194 159 160 247 204 13 255 222 255 255 31 135 125
    154 171 41 97 81 255 178 170 155 250 160 114 189 104 57 70 194 153
    105 160 48 91 237 236 255 193 33 182 114 77 186 38 135 106 255 193
    255 82 124 112 255 194 240 255 3 255 255 255 9 97 41 125 255 255 119
    33 119 152 255 177 124 255 45 255 255 157 255 255 160 229 239 92 3
    255 52 110 255 164 196 170 69 255 140 255 231 138 101 255 77 163 255
    25 182 208 224 162 255 255 255 245 193 17 57 255 12 3 255 125 10 224
    212 112 252 255 62 10 140 134 7 232 139 3 141 255 97 153 138 255 207
    255 105 220 236 181 200 144 255 6 214 255 224 209 13 70 59 181 185
    237 232 238 164 255 255 96 240 137 122 155 9 163 255 255 99 255 47
    142 255 96 161 255 255 17 222 144 40 255 234 32 255 255 147 204 114
    195 255 87 255 72 108 102 255 248 36 53 255 255 151 30 131 191 187
    13 255 53 130 133 172 125 255 149 255 69 87 255 110 157 25 255 120
    255 255 250 106 100 251 52 0 148 242 128 158 244 255 42 236 255 255
    140 255 220 245 123 142 255 255 80 131 128 255 255 202 155 117 107
    24 122 255 148 11 255 34 221 184 242 88 171 82 111 202 73 28 49 188
    255 43 110 24 40 142 219 64 170 14 86 176 255 255 42 167 255 213 255
    95 33 223 235 107 76 199 158 231 132 229 255 255 108 255 168 52 130
    165 106 1 133 160 199 105 53 217 173 162 74 204 46 52 2 116 255 255
    149 255 255 141 29 94 211 182 81 43 255 255 255 130 7 224 134 212 45
    134 255 57 149 38 188 250 255 142 223 255 243 244 71 14 88 255 255
    145 8 118 69 174 0 124 202 90 71 255 93 42 255 24 24 219 255 79 255
    225 97 163 225 255 255 255 205 255 255 226 255 177 13 151 189 178
    173 196 218 225 33 112 165 255 196 25 182 173 193 41 112 255 123 162
    255 122 134 255 108 98 255 34 162 66 128 228 219 25 125 114 255 108
    119 204 69 255 187 255 125 124 228 255 249 190 255 143 117 255 188
    255 36 255 161 41 59 255 224 10 205 255 255 255 92 33 255 184 241 62
    255 107 166 2 255 41 58 127 127 255 119 3 76 44 38 224 127 106 255
    54 147 255 1 255 255 204 96 66 105 176 255 124 13 255 255 255 148 9
    99 222 34 255 255 188 255 255 230 135 255 255 69 230 26 255 255 255
    98 199 181 185 183 172 105 230 255 131 41 77 167 199 167 60 166 253
    20 145 175 156 255 132 205 255 39 89 82 74 98 21 126 18 255 111 215
    5 122 255 137 230 43 77 205 18 255 231 255 142 52 127 156 203 87 86
    2 157 255 117 255 31 108 255 255 214 181 77 39 4 110 30 252 255 161
    255 255 119 255 41 142 187 255 95 213 227 215 130 138 130 129 130
    141 255 255 137 94 59 30 184 255 136 148 87 164 222 13 141 45 148
    177 255 255 122 255 255 98 255 59 206 143 3 125 94 35 222 186 230
    206 255 123 108 187 255 203 251 12 255 240 33 108 208 163 216 42 255
    232 107 214 73 148 255 231 1 44 150 36 255 89 154 255 78 162 255 240
    56 186 255 107 255 102 255 255 186 255 7 155 255 179 224 255 13 255
    79 5 61 245 173 255 135 67 255 255 255 239 62 138 213 25 255 215 108
    8 128 255 158 235 115 59 204 9 40 1 105 117 206 232 2 14 255 2 255
    210 255 223 129 184 255 34 255 91 185 138 255 247 225 148 27 255 26
    97 188 255 46 53 0 33 255 255 10 255 29 219 198 53 45 255 115 255 64
    97 69 255 223 255 255 226 98 66 102 255 255 133 255 255 188 94 255 5
    208 235 239 82 255 99 176 2 61 96 114 213 255 94 166 5 225 114 185
    145 111 229 40 118 89 48 255 94 94 48 62 255 255 203 153 255 99 239
    220 209 255 83 255 132 213 92 255 53 255 240 55 255 64 255 255 100
    152 255 35 163 255 97 117 255 255 0 98 58 72 143 212 90 22 199 128
    255 170 181 176 178 125 255 81 81 255 67 100 255 91 122 115 255 101
    66 255 82 255 2 206 108 104 255 45 18 131 148 255 14 89 0 21 198 114
    222 180 140 181 62 77 42 125 255 178 68 255 18 22 74 132 136 123 136
    190 56 255 255 170 19 205 255 233 127 255 88 59 255 157 219 133 95
    255 170 17 254 255 206 66 67 157 89 20 193 168 255 255 195 255 35 47
    189 255 255 117 212 255 10 255 59 170 233 164 153 188 154 38 245 184
    100 212 218 255 240 27 255 188 32 158 136 255 255 72 255 127 191 255
    115 238 175 138 169 124 214 98 51 114 208 158 16 42 223 255 66 221
    240 59 222 229 34 54 21 247 3 250 182 196 255 202 14 40 211 94 148
    117 238 221 220 205 122 255 255 255 32 255 209 255 237 143 126 194
    255 248 59 43 255 255 117 48 10 110 161 255 204 24 149 255 255 235
    255 80 99 25 209 34 77 179 255 255 51 164 58 150 158 44 114 255 95
    111 65 255 0 92 255 125 178 255 26 255 255 255 73 255 171 71 255 132
    224 202 42 193 123 15 255 255 130 84 156 166 246 117 132 37 156 61
    240 255 139 251 135 61 55 156 73 181 158 255 200 49 19 162 255 198
    255 67 162 103 255 7 172 255 139 255 191 177 255 142 78 217 2 29 255
    255 64 240 229 255 147 100 89 240 255 14 127 186 162 4 209 175 126
    255 211 255 255 25 76 59 71 157 61 107 94 151 221 231 133 26 255 255
    61 152 242 187 79 173 234 255 255 54 205 255 104 255 255 181 255 255
    255 233 255 203 94 255 3 80 160 176 255 5 64 0 112 26 242 240 153
    161 156 243 130 8 124 255 255 213 99 255 230 172 255 133 43 35 227
    177 30 56 255 82 255 96 153 180 176 71 160 107 2 45 255 122 255 199
    130 56 24 255 62 101 255 38 255 255 5 159 127 167 66 156 194 112 247
    177 51 206 234 33 181 7 66 255 64 131 249 166 189 219 200 238 58 193
    56 74 92 208 232 222 150 230 195 94 46 71 231 255 221 255 255 178
    217 102 223 152 211 21 255 21 240 255 66 205 251 69 69 112 142 186
    17 67 255 255 84 62 83 16 16 50 30 117 13 255 57 97 255 225 124 163
    148 38 199 234 98 79 41 252 10 178 65 2 170 199 255 132 50 255 93 43
    255 6 178 86 101 66 255 83 255 212 26 255 196 74 105 119 114 210 255
    25 182 48 215 255 255 144 57 255 6 255 255 240 45 255 101 175 255
    222 235 255 255 106 25 132 255 178 19 43 86 45 36 206 21 255 201 50
    6 239 127 255 255 220 255 69 213 247 123 255 61 10 105 154 112 63 52
    255 143 215 255 63 9 140 43 255 133 120 56 3 206 120 58 11 255 15 44
    219 104 255 13 84 71 88 232 151 189 130 86 50 255 148 213 216 255
    154 255 2 255 255 166 255 255 123 98 255 255 83 114 139 91 87 191 60
    156 44 85 18 188 255 188 89 178 41 81 108 173 53 62 179 169 136 255
    255 43 255 100 255 77 72 185 114 90 255 16 3 255 168 255 255 255 232
    172 188 39 255 51 241 200 46 143 255 105 235 99 255 36 47 163 97 159
    178 12 252 255 3 255 114 60 122 255 135 163 48 255 178 255 255 64
    255 255 164 255 126 121 255 134 255 230 155 60 44 255 255 247 3 28
    255 252 159 170 91 129 255 102 41 255 108 212 255 199 6 255 200 38
    240 179 207 255 231 222 255 221 161 156 235 87 123 223 255 255 169
    201 18 44 84 255 38 96 74 66 170 212 119 119 255 149 142 255 255 255
    86 77 64 51 33 98 255 211 210 255 128 59 158 78 59 198 116 130 127
    241 36 174 148 241 105 5 255 114 255 47 255 212 184 79 79 139 255
    133 38 244 88 255 0 77 1 255 117 10 171 35 164 40 142 255 255 115
    196 181 199 45 255 235 136 255 11 129 255 164 255 156 182 217 255
    238 240 255 204 166 143 242 73 255 117 201 255 105 97 255 255 117
    255 255 240 234 255 236 2 255 115 255 55 130 189 225 182 255 203 217
    224 255 200 7 188 255 255 35 172 255 217 108 59 28 255 255 144 242
    16 182 15 255 212 255 146 59 28 67 229 117 117 65 1 255 135 170 16
    21 255 130 75 227 183 255 255 163 82 115 161 185 13 255 152 251 255
    44 163 229 155 172 255 84 102 148 149 64 255 255 152 71 96 64 255 88
    91 255 203 255 212 97 83 115 53 254 255 33 255 255 158 184 184 26 11
    255 179 88 64 64 103 16 145 113 163 255 125 255 70 224 183 255 139
    66 97 75 255 255 91 21 177 93 255 207 235 255 194 232 40 255 29 255
    253 163 255 82 200 255 73 200 255 93 233 255 43 103 143 86 255 99
    216 55 255 255 218 255 171 191 15 136 245 28 212 200 242 57 255 255
    70 36 171 93 255 56 148 74 255 47 255 58 160 255 255 32 251 148 187
    113 168 81 46 53 155 204 189 73 255 255 209 191 86 244 226 86 65 255
    255 66 255 7 33 117 89 104 247 230 164 131 255 3 105 255 36 75 219
    176 43 30 74 255 255 195 241 255 244 255 76 50 255 89 5 251 255 255
    255 255 131 48 255 213 255 255 153 255 7 172 88 119 78 178 104 11 6
    202 227 199 255 241 212 245 143 11 255 92 255 67 153 121 255 34 252
    255 133 255 255 255 23 176 159 29 255 70 255 120 70 207 176 240 255
    255 242 74 40 96 241 255 255 88 114 217 89 38 84 150 138 255 187 255
    20 255 204 214 64 255 79 219 255 182 255 109 236 255 28 252 210 239
    50 46 255 105 255 76 251 45 46 87 255 255 109 255 58 223 178 132 175
    75 255 44 255 247 86 236 255 247 255 255 244 255 109 144 207 255 78
    171 255 28 201 196 214 201 23 68 198 191 205 189 255 152 196 188 21
    1 255 242 175 196 44 13 255 213 241 255 231 255 140 163 79 46 255 38
    95 87 0 255 255 103 84 255 255 176 126 101 255 255 162 255 133 164
    255 48 255 255 255 191 255 69 221 255 100 121 184 99 92 255 97 92 21
    42 112 255 155 203 49 176 233 178 37 171 255 97 252 255 231 3 183
    102 64 255 144 180 151 250 252 171 96 4 255 109 68 252 255 156 255
    208 254 217 117 138 255 16 236 255 255 255 229 175 144 255 162 255
    63 93 199 183 195 219 255 7 255 255 116 105 194 65 195 77 56 255 227
    36 232 242 68 20 255 194 255 255 198 255 89 151 193 188 242 190 23
    74 13 67 158 255 255 255 255 145 132 57 33 113 121 31 96 189 181 236
    78 255 110 255 255 154 85 43 30 221 133 90 76 56 71 189 89 159 116
    25 47 87 97 181 255 166 255 240 40 122 45 115 199 144 115 1 158 240
    83 1 255 66 102 28 255 108 255 255 69 255 190 52 255 29 99 255 133 4
    255 149 245 255 213 140 232 7 164 158 162 17 255 83 19 44 250 161 89
    33 75 135 18 196 255 15 93 255 132 124 196 71 178 255 255 254 255
    245 185 255 41 119 176 234 167 206 59 85 170 51 255 212 153 31 176
    224 138 179 39 158 206 47 214 255 181 18 59 182 255 54 199 221 255
    240 134 255 152 255 255 69 255 184 130 203 255 160 177 255 23 117
    255 104 24 255 155 201 186 116 144 255 234 98 255 233 212 49 65 255
    72 98 214 142 21 255 244 117 47 255 48 69 255 7 68 255 249 17 255
    131 166 255 205 255 183 242 24 183 59 246 255 107 193 160 111 27 255
    203 163 255 17 212 36 177 120 255 29 62 255 255 198 255 181 10 193
    236 83 255 123 175 51 16 255 165 200 255 255 54 3 71 202 255 120 65
    136 255 7 87 107 119 127 255 196 255 255 203 255 13 229 255 255 176
    6 232 59 255 69 204 247 255 127 167 255 24 5 255 158 250 135 14 75
    255 255 24 255 167 227 255 117 222 122 136 120 209 244 4 255 203 163
    53 213 47 230 33 255 123 28 255 244 44 110 255 88 175 234 227 19 21
    169 69 18 158 8 255 36 196 21 167 25 140 238 203 255 255 210 255 117
    1 255 215 255 158 215 125 107 35 227 156 200 66 255 188 28 61 255 94
    33 95 15 255 10 180 255 255 200 255 20 145 53 97 175 255 5 32 69 171
    97 13 151 255 181 50 229 115 126 142 255 238 36 255 9 255 255 108
    102 227 38 89 63 80 150 0 32 98 209 99 99 225 37 255 130 220 136 232
    159 233 79 161 255 44 208 238 255 93 145 255 223 213 255 11 223 5
    162 164 239 164 240 97 230 127 155 82 154 125 230 8 255 111 156 247
    251 111 127 255 255 207 231 157 255 245 82 81 120 180 255 255 51 255
    82 59 255 255 5 166 75 199 255 86 126 255 227 31 255 184 184 161 173
    255 199 190 143 161 131 200 255 41 170 221 204 60 219 110 198 63 185
    255 67 250 6 255 77 207 221 133 68 255 29 150 107 255 5 255 91 54
    142 105 255 255 162 241 255 39 255 255 199 255 43 5 78 255 206 45 7
    148 217 122 114 210 255 30 233 79 202 246 255 188 255 99 61 18 49
    229 255 163 25 195 255 122 46 255 212 158 255 249 68 104 29 181 28
    99 178 184 96 204 219 100 233 255 80 130 255 255 221 255 56 235 255
    255 93 255 11 14 176 52 255 163 255 170 255 255 56 221 184 177 255
    36 235 102 238 94 5 53 181 178 233 54 13 255 200 143 24 157 49 131
    245 255 255 93 67 69 156 255 167 255 82 186 209 255 212 255 244 204
    162 255 142 38 255 232 97 77 157 57 247 87 255 255 159 48 142 233 68
    16 215 41 255 198 166 255 255 148 255 148 161 255 71 29 255 89 143
    43 110 43 102 226 0 249 137 126 191 255 107 91 135 145 161 200 28
    255 86 218 255 140 255 240 115 189 142 162 190 174 110 3 255 114 227
    114 202 71 255 255 133 217 255 83 255 95 48 255 108 255 94 104 102
    229 23 205 255 71 255 155 48 255 255 144 102 196 84 162 255 132 244
    212 12 255 107 68 238 212 184 255 72 60 3 255 166 213 255 137 176
    171 234 255 132 190 217 130 30 255 7 66 255 196 5 255 255 255 121
    255 125 163 255 184 189 92 114 255 255 66 25 20 248 236 107 162 92
    255 84 255 255 155 235 255 70 162 255 255 175 36 3 89 255 242 88 38
    41 201 23 89 196 219 44 203 166 146 251 255 193 255 138 167 131 255
    69 138 79 48 255 207 185 255 212 255 74 161 141 255 255 214 242 255
    62 127 255 255 252 10 117 97 255 191 42 234 235 223 255 255 232 209
    3 255 240 128 181 133 89 255 165 204 223 255 229 218 235 235 181 7
    81 198 170 46 240 165 68 217 120 74 238 31 46 156 255 248 173 255
    116 255 255 10 255 255 178 219 31 255 105 145 172 207 7 41 255 255
    104 250 255 34 74 255 44 255 211 80 107 255 255 83 137 225 231 74
    113 113 255 10 127 245 59 156 201 162 33 255 203 6 184 96 108 151
    255 64 198 44 129 255 6 252 40 47 185 142 239 152 255 252 89 255 75
    55 128 130 255 161 255 255 219 236 224 255 143 212 112 195 167 255
    16 22 143 63 242 255 53 74 71 60 255 216 146 87 77 95 74 58 86 255
    255 126 164 110 230 107 255 185 80 132 144 255 255 255 85 94 132 255
    255 69 116 25 14 127 255 255 255 255 113 255 79 213 247 91 132 28
    255 122 112 245 255 59 178 122 107 53 150 254 130 114 167 7 102 255
    95 60 255 151 240 75 100 53 17 255 255 255 255 107 255 94 199 113
    255 118 193 255 216 18 255 255 20 222 95 152 69 16 255 3 131 74 255
    255 232 165 134 17 209 251 255 255 34 255 255 69 56 255 17 195 202
    171 255 204 79 213 255 202 250 255 37 235 255 47 255 255 150 45 255
    191 208 64 93 25 40 182 102 109 191 65 189 255 54 123 179 33 40 154
    130 255 73 177 255 175 162 255 170 251 3 6 255 255 47 255 255 12 65
    255 240 43 217 115 71 128 245 226 46 29 255 107 115 120 61 215 255
    255 10 69 63 109 131 77 39 124 151 217 84 91 217 87 92 15 217 255
    250 121 87 78 41 36 65 213 13 24 255 255 212 193 165 15 161 255 69
    186 255 234 255 255 255 154 151 255 48 255 215 255 255 160 178 255
    224 129 255 226 196 245 7 232 198 55 235 178 189 255 155 170 255 84
    132 116 255 255 178 99 116 255 186 166 154 82 213 233 153 199 217
    227 50 219 133 249 62 183 19 245 179 61 116 255 164 236 255 41 177
    41 235 124 255 19 255 255 130 255 133 71 173 153 37 247 102 75 112
    207 99 255 255 118 59 255 41 193 255 252 69 255 255 113 59 154 218
    255 125 14 255 33 232 178 55 255 255 255 201 79 199 210 77 77 255
    255 185 168 79 57 13 255 60 23 255 182 32 255 120 113 168 168 237
    234 186 244 255 186 101 163 255 255 94 65 241 206 166 40 229 158 117
    222 216 255 255 126 255 255 255 255 255 200 129 250 255 229 156 144
    22 255 77 57 94 131 65 194 78 187 255 145 221 230 105 255 77 24 189
    123 132 255 161 224 252 255 139 255 16 127 113 255 205 255 250 242
    78 255 89 5 146 37 40 255 123 255 81 29 232 235 109 98 10 255 187
    222 115 43 255 55 178 255 233 94 20 220 83 10 247 255 207 168 36 166
    130 205 196 222 152 212 132 162 255 248 139 130 149 255 72 97 255 87
    35 226 206 163 236 138 89 37 13 185 154 186 72 199 242 202 78 255
    255 255 230 255 50 140 59 245 242 82 244 170 136 3 204 77 70 255 52
    255 234 68 210 46 176 236 165 89 164 255 253 255 146 162 73 40 27
    255 158 255 102 255 242 255 255 235 212 21 65 119 51 99 223 23 227
    245 255 130 29 63 30 246 0 48 255 56 83 255 255 197 226 72 130 212
    89 148 255 72 42 255 153 102 52 255 71 31 255 12 139 81 12 43 227
    207 255 193 56 255 206 158 218 79 133 159 173 211 246 255 251 158
    229 255 145 255 110 14 255 175 70 255 155 143 188 135 249 255 152 56
    170 65 162 79 45 255 35 120 69 255 128 92 255 98 13 87 116 214 178
    255 255 235 43 48 255 255 255 21 25 1 217 44 46 255 125 73 97 69 41
    163 143 255 64 225 182 255 197 42 69 14 221 166 196 135 196 202 163
    114 97 127 69 97 254 26 6 9 255 3 70 198 184 87 67 255 11 255 242 6
    71 122 55 137 248 108 255 97 79 38 214 214 255 145 255 89 99 224 253
    255 38 191 15 139 255 229 255 18 104 8 84 255 177 255 170 136 255
    239 215 255 42 237 255 78 22 3 88 224 79 7 203 123 81 9 161 41 65
    255 199 51 104 221 187 31 255 147 255 111 113 237 199 161 25 38 89
    255 38 168 193 250 136 255 180 98 71 255 113 201 222 201 255 23 131
    255 54 55 255 243 172 255 118 105 198 98 31 255 188 198 94 255 238
    255 191 31 211 176 122 59 97 83 255 111 255 171 249 94 56 39 102 79
    92 178 255 214 212 255 32 33 61 109 255 130 255 148 255 167 94 255
    252 212 81 133 158 255 36 238 189 38 255 193 255 255 255 186 78 216
    128 73 255 78 42 230 215 31 255 51 163 255 97 175 255 0 134 255 215
    177 255 11 255 235 240 255 145 236 162 127 84 255 7 93 46 33 166 255
    232 255 255 87 84 33 0 108 181 46 255 38 77 255 9 255 240 250 255
    255 229 0 48 136 81 255 193 127 185 255 255 216 84 100 169 133 255
    96 255 255 222 3 76 1 233 255 0 87 255 87 73 89 255 74 255 209 36
    255 212 196 255 176 102 255 209 27 72 86 204 13 255 70 255 224 255
    13 255 101 189 44 92 13 170 255 255 185 24 214 104 13 146 180 176 92
    75 255 156 154 255 255 180 3 211 160 228 255 220 175 71 98 143 255
    107 232 114 3 78 255 104 255 201 247 112 81 169 178 114 122 143 255
    244 71 240 139 40 255 99 116 31 255 31 198 195 27 221 51 17 255 188
    4 49 140 56 155 247 242 255 144 56 235 188 48 67 255 164 255 141 255
    179 224 182 255 143 176 255 151 105 181 255 130 69 70 180 0 152 103
    255 5 153 150 38 255 255 255 255 146 99 28 255 36 219 255 245 193
    255 152 23 255 146 236 64 99 140 76 86 91 255 190 158 239 62 85 255
    243 226 255 225 250 171 207 193 255 225 182 255 223 87 35 179 255
    119 176 255 64 134 221 51 83 255 255 61 87 171 176 166 255 216 82
    138 163 8 94 66 255 255 43 251 237 223 166 255 8 255 216 255 97 15 8
    52 92 177 124 84 231 251 74 245 69 122 160 224 168 42 38 137 57 152
    255 169 255 67 218 33 255 217 107 255 59 102 255 185 149 128 198 101
    255 3 255 239 130 70 255 255 255 56 119 8 255 160 222 255 71 14 224
    220 6 230 47 255 91 176 212 138 220 191 255 91 229 255 27 255 143
    255 59 137 106 240 72 74 176 255 111 201 202 142 106 143 70 113 15
    168 92 255 234 255 94 144 136 63 185 231 204 177 255 71 211 32 255
    207 107 112 158 173 234 25 255 196 25 159 255 73 57 183 241 159 255
    99 73 18 255 140 188 42 87 255 231 122 255 127 152 255 255 219 255
    54 255 8 124 46 255 230 255 48 29 159 255 101 205 255 211 87 104 251
    97 12 32 255 206 70 34 255 195 203 255 212 116 255 255 19 255 151
    255 77 255 175 46 146 255 242 99 252 110 179 255 104 104 17 54 143
    255 255 37 131 161 247 70 255 149 241 61 233 127 109 230 51 255 33
    45 245 191 60 33 141 255 230 195 219 109 93 255 102 190 214 224 36
    15 255 32 190 31 77 172 252 71 255 255 8 31 255 144 217 125 149 249
    255 2 193 255 120 168 143 190 117 94 6 170 255 152 78 41 166 255 119
    95 107 125 135 144 255 3 203 181 250 83 189 65 74 255 252 177 21 46
    255 10 88 32 255 255 121 255 39 200 151 69 215 71 53 184 151 255 255
    239 80 233 38 255 139 56 196 255 59 194 255 255 143 139 255 131 18
    255 6 121 186 209 13 142 46 87 199 63 47 91 179 255 69 255 134 170
    115 15 122 202 255 61 20 255 13 39 117 87 18 249 104 255 255 115 175
    255 255 7 228 181 247 255 138 185 52 35 55 218 31 166 177 91 159 9 5
    114 255 255 172 254 160 123 255 255 107 61 33 143 172 255 51 134 112
    99 250 222 60 255 222 65 138 23 110 18 255 157 242 255 36 255 183
    255 152 155 247 228 255 250 166 127 44 242 79 135 152 202 57 135 148
    236 193 74 253 61 173 244 185 120 171 111 5 197 255 255 216 69 189
    114 222 255 92 222 184 128 255 255 41 65 117 99 163 255 146 93 92
    126 149 255 240 255 20 38 255 49 55 85 255 255 171 255 113 91 255 59
    250 179 155 210 255 110 121 36 16 29 26 16 178 109 197 29 86 233 218
    255 227 255 253 133 255 7 227 173 92 47 227 214 143 255 255 46 88
    255 97 121 122 255 255 255 110 54 255 128 5 114 64 166 138 255 97
    222 177 92 255 19 154 234 255 181 201 182 173 255 81 255 255 41 255
    245 206 41 255 135 255 255 64 87 51 98 13 94 141 46 255 255 255 255
    5 101 255 255 144 255 250 171 255 255 112 247 17 117 21 93 231 255
    175 54 255 154 233 82 238 122 23 180 130 255 32 78 102 116 221 222
    178 255 91 17 115 214 255 241 255 255 244 58 153 130 178 127 38 148
    6 153 23 63 140 179 172 164 255 204 241 41 9 85 245 29 29 255 196 33
    255 215 50 255 6 255 112 255 172 56 195 62 2 255 176 23 91 45 59 215
    69 255 29 214 67 162 65 255 0 66 255 186 79 100 32 22 255 200 255
    146 122 50 255 108 32 61 206 5 255 238 129 255 48 96 137 93 252 48
    198 105 122 16 255 255 18 85 59 211 20 255 18 34 255 255 131 255 255
    127 100 55 10 255 255 126 127 186 167 255 37 255 255 52 131 117 198
    205 255 255 101 7 17 27 79 177 23 58 255 150 255 239 120 255 236 191
    115 203 227 104 1 255 74 99 98 54 154 255 46 77 226 174 255 231 119
    117 84 26 208 255 28 120 255 252 35 60 173 66 61 115 53 68 166 255
    134 150 43 46 255 2 5 145 64 255 95 65 0 255 168 19 255 98 255 63
    184 181 58 231 255 224 105 255 158 182 139 143 104 116 255 190 228 0
    41 172 165 50 170 178 209 242 10 15 9 110 8 213 255 24 182 255 207
    107 201 255 218 255 79 255 128 230 102 89 64 69 255 46 15 255 182 33
    21 30 149 186 253 153 26 20 231 114 225 71 91 43 255 97 255 255 255
    126 135 255 38 40 82 255 255 255 239 167 255 24 181 255 73 255 128
    255 9 255 41 255 201 173 242 255 175 237 224 255 120 237 20 255 91
    221 28 49 65 255 18 134 194 209 199 158 120 209 40 255 109 108 67
    127 255 204 250 255 58 247 34 89 35 244 255 193 94 255 53 11 255 146
    152 255 240 55 255 56 194 255 108 255 255 38 255 255 191 255 97 119
    255 247 119 61 250 255 212 255 17 37 255 187 223 166 242 150 202 135
    187 53 86 119 255 160 189 255 5 255 255 197 166 194 218 33 130 21 0
    7 29 103 255 163 93 120 71 19 28 185 71 158 38 22 255 162 140 216
    170 148 204 149 20 253 161 252 191 166 195 86 255 255 48 248 119 250
    45 145 255 109 255 244 214 117 255 239 31 242 30 199 255 33 14 7 86
    255 130 80 33 230 194 154 26 180 153 174 255 235 225 45 250 255 213
    222 142 185 4 51 212 255 128 10 144 174 179 222 146 158 73 71 109
    186 255 104 208 255 255 6 255 90 178 255 169 185 255 75 255 178 107
    89 112 82 255 128 220 8 255 191 255 255 123 101 201 27 17 176 255 11
    10 218 88 255 119 255 255 193 148 128 184 255 5 255 255 168 203 255
    214 255 135 255 225 255 207 188 3 49 255 184 255 90 255 36 229 247
    99 209 144 86 239 255 123 80 133 255 146 10 204 61 156 40 204 237
    255 225 129 255 173 255 255 255 20 255 213 52 245 134 181 245 244 99
    255 249 78 18 134 110 255 189 78 48 62 113 109 225 38 255 255 255
    168 211 125 105 71 37 255 123 69 40 51 13 224 68 24 221 231 52 209
    104 82 255 171 57 31 79 255 7 80 112 255 166 218 222 255 255 255 178
    255 3 220 108 188 79 255 16 119 255 255 16 163 166 223 233 67 188
    255 255 244 27 237 72 167 255 21 244 255 123 228 115 47 17 5 36 144
    35 30 204 127 120 65 250 110 255 255 125 102 255 252 227 255 185 229
    255 170 84 114 226 6 255 255 34 255 12 5 255 255 201 255 161 142 123
    60 97 156 229 255 94 111 59 255 161 194 82 145 71 25 248 121 174 73
    178 138 36 152 255 198 255 255 32 178 255 168 144 71 114 255 79 194
    255 255 33 177 156 179 4 132 81 50 23 88 17 255 15 79 102 17 218 255
    73 68 3 255 65 255 33 11 255 180 46 115 28 255 255 134 255 255 167
    52 173 14 54 181 32 181 253 142 27 165 205 74 212 29 250 117 171 48
    249 101 208 13 239 3 0 66 190 202 185 134 163 19 32 255 255 150 214
    124 60 255 132 85 255 243 255 255 244 222 150 60 181 146 0 153 58
    127 108 255 182 1 30 146 255 76 196 255 74 255 38 189 81 110 67 35
    208 255 96 203 76 200 255 255 185 69 255 83 255 242 255 28 107 77
    255 48 255 255 94 74 238 15 95 255 255 20 93 255 241 15 255 1 255 12
    17 255 49 5 126 184 16 255 150 166 125 155 71 255 255 6 255 255 255
    255 67 220 41 54 255 126 36 159 255 255 141 255 255 255 255 21 196
    36 255 96 27 255 255 193 255 185 255 104 137 195 64 221 156 255 255
    56 33 197 233 255 86 255 168 123 214 142 158 255 194 30 139 240 101
    164 255 241 201 255 158 61 255 216 255 133 42 255 201 27 255 255 216
    235 240 203 144 255 42 255 150 239 158 255 11 4 189 83 76 255 182
    185 166 54 255 127 24 240 117 97 88 61 56 11 255 255 5 40 98 78 217
    50 255 255 169 112 23 55 255 2 59 124 255 167 231 255 235 130 209 9
    87 255 248 255 255 173 214 133 98 74 86 84 177 201 56 27 255 217 161
    188 81 92 255 37 45 255 42 255 255 163 130 92 152 173 255 255 159
    255 213 255 153 255 148 239 169 247 38 123 111 255 41 65 255 84 255
    255 27 60 142 44 1 255 193 96 38 68 167 204 101 121 170 255 62 207
    231 255 255 151 250 255 196 255 130 24 5 86 176 166 252 72 255 110
    97 115 255 60 255 255 176 255 174 30 156 255 203 122 255 9 127 117
    157 255 253 128 28 255 100 252 186 42 60 23 101 29 199 63 255 255
    190 6 25 92 18 255 72 0 201 157 74 138 141 191 207 127 255 255 167
    255 255 244 159 35 168 106 201 225 22 53 176 42 125 255 28 255 132
    214 89 239 255 148 255 3 209 193 255 247 90 244 54 200 36 255 113 52
    255 66 255 255 27 94 255 26 74 255 128 158 158 255 185 56 50 76 174
    122 255 120 222 255 125 252 255 255 157 57 255 209 43 95 119 24 253
    12 103 255 255 235 158 104 97 120 150 139 255 238 255 255 93 91 196
    242 224 255 7 102 255 206 27 247 115 138 232 86 110 255 24 241 255 5
    129 255 207 103 255 197 68 212 255 25 255 132 33 76 96 163 102 70
    255 255 199 228 198 57 246 51 143 92 99 159 213 255 125 255 95 191
    191 12 34 214 21 126 31 2 83 40 216 86 255 255 142 28 255 238 65 253
    55 189 255 162 218 53 92 178 138 32 124 204 123 255 206 83 235 255
    21 40 104 125 9 255 64 250 255 23 255 107 81 79 46 41 55 255 255 214
    255 148 228 173 163 255 255 54 178 255 101 156 156 89 79 61 253 255
    64 167 138 255 10 255 255 3 190 255 247 36 89 189 255 255 229 162
    255 29 51 161 208 255 255 144 73 255 255 158 255 110 246 23 190 255
    204 240 156 26 255 207 0 216 255 255 93 122 255 255 74 209 178 32
    255 216 24 255 170 255 255 42 255 127 107 245 114 144 214 255 34 213
    255 175 56 8 105 232 255 206 149 245 144 36 91 244 255 255 175 122
    255 20 217 224 140 255 38 87 231 189 1 102 153 243 33 255 9 207 79
    255 157 255 130 56 198 153 255 255 50 28 35 236 57 125 135 10 255
    236 255 255 204 154 217 124 17 247 21 255 255 169 52 221 62 255 115
    14 113 12 24 208 114 102 153 242 23 0 51 65 69 128 178 187 127 231
    242 105 114 231 255 255 255 5 66 40 255 159 149 122 16 4 181 54 204
    255 36 10 8 255 254 255 71 60 54 34 166 54 255 131 255 54 229 255
    136 214 255 104 105 255 179 175 25 235 245 38 96 226 221 255 158 198
    227 33 105 47 255 35 119 57 183 50 73 255 47 221 255 57 221 127 70
    129 79 73 82 255 179 173 255 90 218 230 255 255 255 134 255 255 64
    52 255 166 64 255 140 93 99 255 255 127 96 37 255 124 255 227 255
    198 255 206 255 48 255 66 255 181 3 255 29 93 54 62 91 153 117 48 48
    255 25 255 10 255 255 54 126 255 45 121 232 27 144 255 148 180 255
    55 241 255 81 99 255 6 130 181 255 201 255 84 255 242 117 255 255
    255 240 199 226 184 240 84 245 225 66 144 28 95 42 255 163 186 255
    232 9 97 166 111 255 114 255 188 113 199 255 247 172 255 79 226 255
    157 203 181 79 107 255 198 74 132 180 189 179 116 255 168 255 96 250
    71 252 255 181 5 158 131 250 146 142 233 255 38 240 183 255 227 255
    9 255 86 236 42 140 135 217 255 126 190 255 255 10 43 122 116 84 170
    17 178 53 255 86 126 149 255 93 40 123 64 167 252 82 117 49 178 11
    255 202 255 166 211 161 100 139 189 255 78 106 153 34 255 81 105 120
    255 181 6 176 41 144 13 168 255 123 208 68 71 127 235 255 166 255
    255 104 38 89 17 34 230 95 244 255 30 255 255 66 159 46 251 255 198
    72 177 91 90 255 137 19 111 7 43 76 224 122 122 196 41 181 224 184
    149 186 255 163 59 132 158 150 110 154 16 255 107 255 52 50 25 255
    255 48 208 127 255 21 130 130 130 231 5 114 168 44 176 241 255 208
    57 255 197 29 255 231 255 255 255 74 255 124 54 196 255 47 84 34 172
    255 220 255 140 255 255 255 101 93 255 200 74 255 196 25 255 123 194
    49 232 200 255 65 255 28 36 94 33 14 50 81 182 204 255 186 213 255
    182 255 110 152 184 148 148 23 155 169 247 255 255 18 255 167 199 82
    184 255 255 151 217 225 255 51 82 50 254 255 251 170 255 220 153 255
    113 126 255 71 255 255 72 76 239 173 91 5 180 212 255 159 255 235
    234 29 255 149 98 222 152 87 33 111 163 202 207 255 255 141 177 255
    244 43 153 233 1 137 23 215 255 56 73 255 69 242 84 63 238 143 236
    241 31 226 215 255 255 255 58 127 255 255 98 255 13 202 193 255 46
    255 255 78 152 255 71 215 255 109 233 53 255 240 105 231 255 3 42
    106 135 154 250 255 54 168 247 18 255 173 152 168 171 48 255 137 41
    255 255 255 244 8 29 255 92 220 56 255 14 255 255 16 111 105 14 255
    227 255 56 71 127 93 92 172 75 255 79 149 244 52 23 194 140 218 255
    255 38 211 7 45 255 255 255 155 176 113 255 255 50 109 77 56 44 95
    152 36 19 255 255 12 65 255 0 55 255 8 172 255 41 22 186 255 122 202
    130 226 140 154 101 255 255 14 89 238 152 255 255 195 84 30 54 170
    143 33 8 255 190 202 213 255 170 154 51 255 92 133 0 255 110 155 191
    14 255 153 99 255 212 147 179 118 255 178 242 251 255 30 255 255 23
    33 36 114 255 249 20 80 255 9 50 255 181 17 107 62 105 130 46 185
    255 146 15 255 27 187 255 102 69 255 130 52 255 133 83 255 43 82 16
    134 55 255 224 255 168 255 200 127 148 110 255 255 85 91 107 18 183
    163 70 255 249 131 255 220 139 178 87 255 214 255 168 244 132 138
    255 225 255 7 255 120 16 133 193 255 255 203 30 215 139 255 1 255
    255 244 255 107 128 255 155 18 42 201 255 13 255 124 255 253 255 208
    255 72 255 59 5 173 194 65 164 35 255 198 249 8 222 255 175 149 67
    111 255 13 131 255 219 114 255 151 6 138 255 134 125 255 195 195 255
    166 45 255 193 148 255 142 94 255 205 170 123 216 13 255 255 217 255
    255 145 255 255 255 127 73 252 255 59 5 255 36 154 43 9 170 255 55
    19 79 152 68 249 161 255 255 124 71 230 205 107 33 16 227 33 91 33
    198 238 204 255 250 237 46 74 255 110 43 222 255 255 66 119 101 244
    255 64 190 194 232 76 143 185 255 255 175 42 255 211 32 255 198 5
    146 14 212 255 255 48 255 217 140 33 203 201 255 218 255 67 205 185
    178 239 203 165 255 199 112 55 214 5 143 254 237 224 161 255 173 255
    7 252 204 12 82 255 142 118 134 255 105 148 61 244 173 72 208 187
    112 110 161 255 149 32 255 176 153 71 255 147 130 218 255 255 208
    226 76 255 105 170 200 255 255 135 83 133 250 0 247 151 45 181 179
    255 79 137 255 255 255 217 222 153 217 18 255 184 211 124 199 225 65
    209 255 176 15 194 187 209 130 255 64 31 32 154 23 255 150 255 255
    68 255 191 255 255 227 167 255 196 164 10 199 255 204 122 186 239
    213 203 255 255 255 92 48 116 234 157 212 212 146 255 255 207 135
    255 68 204 255 47 20 255 209 251 219 155 240 209 47 255 170 168 212
    255 124 186 255 36 59 174 244 133 255 207 201 255 44 111 255 104 213
    18 177 229 255 191 249 255 255 203 255 81 98 255 230 184 43 126 37
    255 39 232 132 16 255 255 178 69 255 9 66 255 150 255 165 104 25 63
    110 20 67 255 24 255 255 32 255 223 27 91 217 96 21 72 255 138 209
    150 244 158 255 219 239 205 26 86 182 198 47 36 255 255 75 5 255 226
    255 187 172 255 221 223 255 32 10 178 113 167 255 115 208 173 127
    140 204 151 34 196 235 136 255 255 97 81 172 255 23 148 61 23 204
    191 127 255 149 165 177 222 255 171 255 255 150 40 255 255 255 155
    255 71 252 255 145 255 232 115 255 238 51 13 234 255 255 126 115 224
    137 78 255 26 255 255 159 140 209 255 182 255 252 3 92 117 218 255
    253 24 240 255 255 196 181 255 255 189 32 94 203 255 107 233 3 188
    245 168 255 78 31 188 113 83 72 148 233 255 75 208 56 9 3 255 2 247
    255 60 92 222 225 14 61 255 47 107 117 255 44 204 98 0 37 205 255
    159 255 171 194 208 191 176 178 255 255 168 109 42 15 255 66 228 31
    215 255 31 30 54 38 24 33 2 57 122 255 218 87 8 137 187 36 217 99
    255 12 252 71 118 231 245 193 84 163 83 41 229 255 255 16 111 255
    183 45 119 115 222 65 179 57 5 255 255 28 33 236 156 20 191 167 110
    42 68 255 141 228 255 203 255 230 134 233 5 255 138 163 10 106 58 42
    233 255 34 209 255 135 60 123 252 164 216 120 130 127 114 98 255 140
    80 196 124 64 219 41 255 225 118 117 255 255 148 79 101 6 255 150 96
    132 170 3 156 106 34 227 212 212 191 70 255 255 64 75 255 220 6 255
    175 255 255 81 98 110 63 110 64 51 255 234 255 227 112 255 134 255
    140 74 28 109 24 173 17 255 81 51 13 112 117 204 112 7 219 79 82 87
    179 130 28 252 241 153 234 255 255 54 118 255 214 92 255 255 191 41
    255 61 244 30 30 241 211 123 166 255 255 255 133 55 66 255 255 189
    255 1 222 166 255 255 2 109 93 133 100 255 255 71 255 66 168 55 201
    14 251 20 3 255 255 35 208 255 255 171 255 68 36 142 111 221 255 39
    60 255 87 105 211 106 42 107 79 255 66 5 226 119 205 71 255 255 255
    33 200 235 191 175 138 224 255 57 3 190 255 255 255 140 222 65 255
    242 227 124 255 146 145 146 86 255 255 136 130 130 213 124 255 167
    126 255 100 4 199 75 120 146 227 94 255 224 8 204 90 204 212 148 108
    201 5 224 168 226 255 232 199 75 255 44 65 130 143 199 168 159 255
    165 168 15 82 236 112 255 86 126 110 208 125 255 152 17 119 51 196
    224 37 142 156 255 255 119 83 254 28 227 255 255 204 252 178 195 76
    199 45 255 255 73 131 255 110 127 71 226 218 255 199 64 183 194 70
    255 124 171 140 144 75 255 1 223 97 205 255 253 87 43 227 95 255 255
    203 111 56 225 17 255 154 255 146 255 217 119 32 255 186 59 76 82
    248 255 255 135 212 255 255 168 84 35 212 87 203 51 2 255 255 173 30
    98 132 33 255 186 82 238 155 71 214 91 172 113 255 173 98 184 152 84
    255 70 255 255 2 255 255 186 15 255 199 255 240 135 105 3 61 255 25
    255 34 171 255 41 138 154 22 176 234 55 156 74 255 255 194 27 222 16
    255 211 248 127 207 255 255 30 12 255 255 243 208 230 25 255 56 117
    254 150 66 4 128 47 250 255 234 38 148 79 255 41 247 162 255 122 219
    214 126 143 102 184 249 40 57 61 26 82 255 109 241 154 225 133 70
    199 255 111 255 153 71 255 78 185 38 80 255 122 111 32 255 30 32 189
    255 161 176 72 231 181 63 115 171 117 9 76 29 99 255 128 255 255 204
    14 10 186 93 255 240 217 221 3 126 255 93 61 255 255 255 255 197 255
    133 34 136 43 233 108 63 89 13 255 69 217 240 216 133 230 20 255 242
    134 116 179 189 255 255 106 71 23 171 184 255 98 84 235 77 79 137
    131 92 198 255 255 41 148 255 48 10 142 49 255 61 31 78 189 224 255
    184 255 75 15 77 255 185 255 143 255 235 45 221 255 98 255 2 222 255
    255 42 131 252 225 240 255 189 10 255 97 101 204 216 250 155 255 10
    242 168 136 84 255 50 255 248 222 255 6 106 255 154 255 255 71 33
    156 195 29 171 255 255 255 5 164 225 32 172 255 241 226 58 151 255
    255 99 255 84 173 219 130 34 37 227 52 255 255 86 247 255 220 255 46
    9 219 115 221 226 255 71 62 255 134 50 255 7 78 8 41 201 64 55 55
    217 185 17 255 98 255 219 71 255 249 159 219 165 208 255 110 214 255
    255 255 99 255 255 255 255 188 79 255 47 255 112 148 232 255 91 218
    255 8 83 232 87 74 2 90 10 12 150 24 20 106 152 255 163 5 255 255 66
    255 109 36 255 209 252 10 207 33 255 8 212 166 32 140 255 88 6 59
    255 27 16 109 186 255 170 127 8 36 209 255 55 107 240 69 111 204 232
    255 255 144 87 100 29 204 245 19 112 255 163 120 67 215 222 170 199
    6 230 215 70 255 222 255 94 185 112 18 158 181 255 63 250 163 0 107
    255 169 255 30 27 255 255 24 94 255 202 185 92 10 231 79 213 127 255
    255 231 194 226 15 255 196 131 255 92 145 255 255 3 255 255 242 255
    33 0 43 255 255 46 21 255 74 176 154 179 111 178 48 30 145 255 255
    115 91 80 255 21 74 170 3 11 255 194 93 48 174 255 181 2 195 255 53
    236 83 176 221 84 255 82 255 255 50 255 255 184 213 41 186 238 255
    200 93 255 255 37 188 243 255 255 209 133 255 191 255 244 170 1 255
    213 17 114 107 48 46 127 255 255 80 13 255 139 19 23 93 55 86 96 110
    114 245 203 54 173 41 148 5 255 3 182 117 240 255 255 201 38 229 255
    33 255 255 162 190 255 128 148 234 250 85 255 63 246 245 202 156 255
    255 185 117 168 219 201 190 98 173 173 47 255 199 15 140 26 68 255
    155 103 137 255 250 117 161 255 255 96 255 46 213 208 160 78 255 186
    169 255 255 250 175 255 182 199 255 157 247 212 116 255 153 91 116
    170 178 213 247 125 148 255 234 105 66 140 226 63 224 1 41 221 227
    229 45 227 255 20 186 82 43 186 107 60 34 183 135 133 158 141 255
    148 126 182 2 213 142 107 86 42 255 227 255 58 2 255 255 108 255 255
    204 158 140 99 119 76 212 69 255 133 255 255 255 148 239 123 255 21
    135 115 244 181 71 128 203 80 255 125 247 137 78 238 10 130 98 41
    255 111 245 221 47 216 63 20 165 225 214 146 39 85 179 7 235 255 226
    88 253 73 46 255 139 255 150 255 201 58 193 198 255 101 207 255 18
    50 225 36 78 255 136 120 239 163 24 255 255 48 150 252 161 40 157
    164 255 154 154 255 62 229 120 8 255 76 130 60 212 188 161 8 78 249
    202 162 84 155 189 138 41 252 122 15 220 140 255 175 59 255 167 255
    137 51 55 255 217 54 255 245 255 112 109 126 255 185 180 13 250 186
    255 87 214 255 146 60 255 75 194 255 167 246 217 17 83 95 23 231 255
    248 117 109 255 172 145 166 78 204 64 193 255 198 60 153 38 156 30
    193 131 81 197 56 30 6 61 35 255 255 250 72 187 255 141 107 255 255
    255 212 190 48 198 114 78 255 25 50 255 32 199 255 255 46 255 63 25
    255 83 185 46 51 224 255 249 29 46 175 255 86 189 238 184 239 106
    105 161 8 255 120 255 255 217 43 255 91 255 97 240 84 222 255 14 255
    184 36 161 20 226 97 81 150 255 108 94 255 144 176 255 164 221 234
    255 255 255 255 255 12 108 255 201 249 14 255 72 139 255 28 255 198
    131 224 155 152 255 255 229 52 255 78 251 99 143 149 97 74 181 255
    255 246 255 141 171 255 142 33 119 50 255 145 63 38 255 205 113 234
    144 73 255 98 102 255 232 176 255 212 150 81 25 88 255 255 18 202
    152 82 48 193 255 255 187 40 202 255 255 216 240 64 255 239 255 255
    32 40 234 142 255 142 115 101 15 8 38 252 153 181 43 99 246 67 30 38
    100 233 45 109 47 148 255 184 255 255 251 255 2 220 255 255 79 240
    133 222 184 148 96 57 198 75 45 132 255 255 255 227 224 21 130 217
    110 34 255 255 38 246 255 122 122 206 27 83 79 196 130 117 157 68
    130 32 22 255 70 255 255 80 240 48 184 255 184 198 255 255 10 255
    199 245 255 173 255 255 35 110 255 30 88 102 18 220 20 18 10 127 255
    251 229 153 71 203 64 215 255 2 145 119 255 99 156 224 255 79 255
    255 226 255 50 255 255 134 92 255 62 102 148 167 255 206 252 139 105
    107 255 255 89 50 255 131 214 140 61 5 255 124 255 188 10 255 255
    255 71 153 181 203 166 146 255 255 207 255 255 135 255 40 180 87 89
    92 73 255 62 59 255 245 23 100 255 255 255 223 6 255 77 23 255 124
    17 100 222 55 255 255 6 10 23 237 82 127 121 127 203 74 105 255 36
    219 154 84 255 69 252 237 255 102 222 81 96 12 225 11 255 96 138 194
    53 255 255 255 111 255 9 255 255 255 102 255 191 37 255 77 175 67
    194 255 153 134 107 240 62 156 179 230 59 43 255 75 94 140 134 191
    27 20 145 102 89 255 131 89 142 65 242 114 81 82 201 64 40 255 255
    115 255 206 255 143 30 133 255 218 116 99 119 9 51 117 231 49 200
    255 71 10 112 105 65 235 0 73 231 255 255 190 255 61 131 255 252 15
    15 223 199 234 193 17 173 202 91 255 220 62 117 39 41 255 205 255
    255 62 255 115 33 29 230 135 99 25 109 255 230 92 255 255 227 215
    221 255 255 81 66 255 53 144 107 74 101 255 255 214 255 255 127 129
    255 3 247 255 215 162 255 1 133 95 14 227 237 207 144 255 27 255 255
    205 117 145 44 136 51 251 233 255 255 113 2 26 98 132 184 255 158
    255 224 255 191 120 0 17 168 255 90 185 255 71 250 255 135 223 255
    127 254 48 66 177 230 55 106 255 209 255 255 255 13 13 134 255 255
    251 255 38 114 255 102 8 143 221 255 255 255 51 106 97 196 10 153
    135 178 255 97 196 142 10 110 86 239 5 255 146 244 201 230 50 82 189
    97 153 168 255 255 77 235 202 188 224 255 118 168 255 15 255 72 241
    181 255 203 22 255 239 106 176 255 56 255 9 139 244 255 106 183 255
    240 114 149 180 245 235 219 255 195 255 255 255 226 255 78 255 255
    221 61 255 255 125 160 255 187 33 132 255 255 150 255 40 62 177 112
    241 10 255 63 167 255 101 17 211 101 18 0 157 143 3 252 213 28 253
    14 255 28 255 199 61 138 44 255 203 255 131 255 255 208 255 255 98
    254 255 115 42 194 109 255 142 139 85 49 255 173 255 234 255 133 184
    255 69 57 74 127 61 196 224 177 255 171 43 175 255 17 255 255 41 127
    255 154 96 184 255 255 15 96 64 56 149 71 143 81 50 202 255 152 255
    86 148 255 37 145 7 11 138 69 148 28 255 60 255 255 179 122 137 184
    255 255 27 38 255 251 85 64 70 235 89 15 102 255 207 74 79 206 9 76
    43 45 255 168 213 255 163 159 84 12 73 255 178 205 255 243 219 255
    82 20 199 153 255 255 134 171 165 173 13 229 218 23 53 255 177 191
    23 193 255 28 46 13 64 255 255 202 46 26 137 207 239 199 108 33 57
    159 107 206 255 255 70 254 255 255 217 255 176 126 43 3 138 255 74
    247 173 222 50 161 255 31 48 72 226 255 1 171 28 187 145 239 255 255
    255 248 150 86 255 17 56 176 143 125 107 255 255 255 80 77 9 110 193
    144 150 43 185 161 221 41 82 255 71 189 173 81 255 255 180 255 255
    130 98 202 126 255 188 115 76 255 255 255 168 236 121 77 90 228 199
    93 255 209 208 42 230 184 254 255 8 190 84 232 255 255 203 126 25 41
    255 255 84 10 125 92 131 255 91 255 255 204 255 7 16 255 145 164 130
    255 110 185 255 86 198 165 130 152 115 0 255 207 232 144 128 225 255
    92 242 68 3 124 144 63 26 255 255 167 83 120 194 235 212 88 74 168
    244 189 194 152 139 222 209 125 18 248 255 178 208 255 255 255 203
    234 88 231 160 255 87 199 124 29 115 128 255 119 134 116 43 173 5
    255 107 91 255 119 17 74 162 201 255 167 255 13 122 187 255 172 152
    94 117 17 255 169 255 255 100 208 255 193 91 255 89 255 41 181 175
    28 133 38 18 190 107 207 74 254 255 12 15 253 15 158 161 255 201 255
    115 224 255 30 170 255 213 182 137 139 87 7 102 135 76 255 172 255
    136 255 255 238 154 255 87 84 255 218 158 255 9 38 12 78 227 255 140
    64 212 139 115 217 19 57 0 206 254 255 255 89 115 14 129 255 175 55
    255 71 255 3 14 240 212 64 255 216 168 107 46 217 54 3 134 51 110
    169 27 234 189 28 255 255 133 255 197 178 244 196 205 255 98 110 255
    255 164 224 176 116 82 2 121 229 45 244 255 146 255 202 255 255 255
    50 113 199 217 194 255 77 255 15 50 37 255 131 231 255 19 68 94 128
    255 178 42 255 255 65 245 120 234 255 255 107 199 105 159 182 23 116
    199 255 125 255 255 42 8 255 180 10 100 255 218 146 253 177 150 78
    255 82 255 255 255 181 250 255 1 237 255 255 85 33 21 68 255 255 135
    123 43 221 79 47 255 255 99 59 255 5 255 186 91 255 166 86 177 137
    255 247 255 168 194 79 255 22 255 255 18 193 181 218 99 53 175 170
    252 255 255 142 106 255 133 61 188 29 233 125 255 42 181 255 255 25
    251 255 206 109 255 255 195 119 255 114 47 245 114 22 247 249 170
    255 20 124 255 185 33 112 169 125 69 69 105 224 212 199 255 69 187
    104 29 46 38 236 233 255 255 152 40 194 229 221 236 75 255 53 162
    255 119 168 255 21 204 76 74 255 41 217 19 255 255 112 255 142 222
    13 255 52 229 170 29 0 47 255 148 68 94 255 115 99 66 71 255 38 54
    255 245 172 166 21 212 250 69 255 161 105 34 193 255 184 255 189 166
    89 255 6 255 104 180 237 89 217 215 255 188 255 255 235 255 18 74
    255 48 197 201 23 189 177 117 1 255 255 92 255 224 233 68 33 223 255</data></my_img>
<your_img type_id="opencv-matrix">
  <rows>100</rows>
  <cols>100</cols>
  <dt>"3u"</dt>
  <data>
    255 255 255 255 184 255 14 80 255 194 255 255 89 255 245 255 230 112
    153 255 255 255 76 58 36 250 46 255 192 255 255 238 255 188 255 126
    255 255 38 255 255 160 97 18 68 46 122 52 107 68 255 161 255 255 255
    198 199 30 255 255 194 255 255 105 36 255 255 255 255 255 255 84 255
    74 195 218 255 231 16 52 54 255 24 203 255 255 88 147 255 255 255 42
    191 255 255 2 161 255 255 255 30 199 222 255 255 255 255 0 2 78 120
    103 156 255 107 255 233 36 255 148 255 148 76 255 122 255 131 255
    255 255 255 255 255 82 255 99 30 255 123 255 255 255 172 255 255 128
    255 255 255 255 248 116 28 206 136 217 255 255 150 255 58 66 222 255
    253 224 24 255 234 222 233 255 255 78 255 138 195 255 124 201 255 70
    42 255 254 255 255 255 255 255 170 142 145 255 255 127 230 120 220
    198 255 255 255 255 255 255 225 255 236 255 255 182 255 137 255 255
    131 208 148 30 226 108 89 255 255 255 212 255 115 255 255 101 255
    231 255 182 227 255 194 120 255 132 255 161 156 255 214 96 255 255
    20 255 255 255 255 139 255 46 255 255 104 255 214 38 255 255 243 255
    255 255 105 255 255 255 255 170 119 255 255 255 152 255 131 4 255
    255 194 255 93 255 170 190 255 146 131 255 144 109 224 114 255 216
    255 153 152 120 123 255 255 255 0 255 255 255 207 255 255 255 133
    208 255 255 255 60 255 204 68 200 255 183 36 255 68 255 255 255 111
    104 10 255 18 255 42 136 255 157 30 255 115 255 255 16 210 255 180
    255 255 255 255 191 255 172 255 255 160 255 255 182 213 255 255 255
    28 104 68 255 234 255 40 116 255 75 56 255 255 255 255 255 255 255
    190 0 255 137 64 255 255 42 92 255 68 148 255 92 255 200 192 255 255
    255 255 6 255 255 182 255 193 255 228 239 123 255 255 105 255 255
    109 255 170 26 196 217 61 255 255 255 76 221 173 174 255 255 200 166
    255 255 255 255 30 243 121 246 255 127 255 136 255 255 118 255 255
    191 73 98 255 165 255 255 255 255 122 255 255 116 119 255 60 255 38
    255 254 232 255 255 138 120 20 255 112 255 255 14 255 255 255 220
    255 92 151 140 38 137 162 162 255 124 174 14 112 255 255 255 162 255
    255 150 255 202 255 255 254 255 32 255 197 153 255 255 255 216 255
    255 255 255 255 218 255 255 20 106 255 255 150 255 8 255 246 255 255
    255 255 138 192 255 86 255 255 255 255 255 146 255 255 158 135 255
    255 255 255 6 63 68 255 255 255 185 255 84 255 255 255 205 30 102
    229 255 6 255 151 228 58 40 10 183 222 255 255 255 124 255 255 136
    108 212 255 78 255 255 193 50 255 174 255 255 100 91 248 255 244 18
    154 255 255 255 255 204 156 180 186 16 77 255 2 184 106 156 255 255
    255 255 255 215 255 255 96 255 130 255 255 36 32 20 255 255 248 0
    255 255 255 255 113 255 114 255 250 255 255 184 219 226 242 122 255
    72 10 255 48 255 255 124 255 137 255 255 255 190 255 151 255 116 81
    76 255 255 255 255 149 216 255 135 48 50 26 12 255 255 255 255 255
    255 255 173 12 255 255 255 18 141 255 207 255 10 255 230 255 255 46
    22 255 255 170 34 133 252 74 255 120 24 178 72 255 255 255 122 255
    42 255 139 216 255 97 255 34 159 4 68 81 144 191 255 255 255 230 26
    24 242 192 138 147 6 96 121 255 255 198 255 255 131 64 114 255 255
    255 75 255 255 255 18 20 105 114 126 143 160 255 63 255 255 255 122
    255 157 255 255 255 150 255 242 158 255 56 128 255 127 255 255 198
    255 138 153 255 104 255 34 255 255 255 255 107 255 227 255 220 86
    105 255 32 129 234 255 255 238 255 40 255 122 255 255 6 255 255 255
    255 228 114 255 24 90 255 188 255 123 255 10 255 212 128 255 255 96
    208 255 255 255 124 174 255 196 225 255 152 255 226 255 255 255 4 96
    255 92 239 255 255 247 73 255 255 255 255 255 255 255 160 22 255 126
    255 255 100 255 255 255 255 255 255 255 255 255 32 186 253 255 128
    255 255 200 255 91 255 255 143 196 255 30 255 148 255 255 126 254
    250 255 14 255 181 255 138 255 230 255 189 186 255 255 255 16 199
    255 40 255 139 255 72 255 255 229 255 255 162 99 255 130 255 166 255
    255 255 215 255 224 255 254 236 102 91 88 16 93 206 255 196 255 255
    255 158 255 255 255 241 250 142 255 204 248 174 40 98 255 255 255
    255 255 255 255 89 255 199 255 6 152 255 255 255 255 188 255 214 255
    130 167 255 48 178 255 4 178 188 92 255 255 255 255 255 136 255 14
    255 24 255 94 255 78 34 255 222 255 121 255 255 255 255 255 255 210
    187 218 74 255 255 42 255 252 255 255 20 248 255 125 190 52 159 24
    195 255 255 255 255 255 80 255 255 56 63 255 54 255 255 255 56 224
    126 226 255 255 255 244 255 255 150 52 123 114 146 75 255 255 255 26
    207 184 255 193 196 184 255 255 12 233 50 255 126 61 64 255 255 230
    255 255 255 168 125 255 138 97 255 255 255 255 255 255 255 62 173
    255 255 173 255 255 129 120 245 240 255 255 83 226 255 255 244 50 67
    255 255 6 255 116 255 228 146 38 255 255 255 255 199 117 100 136 255
    224 255 101 6 207 255 140 34 255 255 255 115 255 8 125 228 255 117
    255 255 255 255 195 255 255 255 255 132 255 20 68 255 242 224 183
    255 255 255 255 255 229 153 18 6 255 206 118 255 238 193 255 255 84
    30 255 168 255 120 255 255 152 255 255 255 255 255 80 255 220 255
    170 255 255 255 137 255 38 255 255 255 255 255 255 105 255 255 129
    255 221 250 64 245 255 36 114 169 255 201 255 146 255 135 255 30 99
    182 195 255 30 140 232 96 255 87 12 38 255 204 255 8 255 195 222 255
    78 255 134 36 255 255 108 255 44 255 139 255 255 180 58 255 255 255
    255 188 255 90 48 20 60 255 30 28 200 218 112 255 255 72 255 194 90
    48 194 154 255 255 255 248 255 76 48 242 140 26 82 255 65 255 199
    163 255 134 163 242 193 46 255 255 133 255 255 6 218 16 255 255 255
    255 255 60 54 246 255 255 255 255 163 255 255 87 34 255 255 62 255
    206 72 199 255 255 2 121 255 189 255 62 255 123 255 183 252 255 255
    77 142 205 255 255 255 141 242 251 12 194 255 147 184 255 252 136 36
    38 88 255 83 206 255 234 255 255 255 255 128 232 56 237 255 255 255
    255 156 88 255 146 255 255 34 255 71 142 255 192 28 255 190 114 219
    255 255 207 255 255 104 255 255 142 38 140 152 155 255 255 202 224
    142 255 22 255 255 100 34 255 255 54 65 108 0 255 232 108 255 255 42
    255 255 255 255 242 255 123 255 42 255 180 233 255 255 144 255 162 8
    255 148 255 255 255 255 255 255 255 255 160 217 255 255 181 69 46
    255 212 194 255 226 255 10 255 255 255 200 255 255 255 255 255 255
    255 255 255 120 205 198 255 24 255 255 255 255 18 255 69 255 255 149
    255 237 255 98 255 255 255 189 121 255 255 52 255 255 255 218 114
    109 166 255 255 132 255 255 255 237 255 128 255 32 255 92 255 255 14
    255 8 255 89 30 255 99 180 142 77 255 255 255 142 100 123 164 104
    255 240 255 255 2 255 135 255 42 255 255 255 255 120 255 255 255 255
    157 255 255 255 194 255 188 255 255 0 255 255 218 255 4 255 255 104
    105 232 253 255 255 185 255 98 201 255 255 251 63 255 255 175 255
    255 255 255 255 255 96 136 255 255 164 254 166 86 255 226 255 38 255
    162 255 100 185 163 255 162 255 198 255 131 255 189 255 118 134 255
    255 195 89 255 36 240 184 235 255 255 100 255 180 44 255 226 255 228
    255 255 255 255 36 255 160 162 255 22 255 255 198 195 255 255 177
    188 255 112 105 172 185 255 44 255 255 88 255 255 255 255 30 118 255
    255 255 78 255 255 255 255 255 191 105 255 255 255 255 255 255 255
    168 127 150 199 255 242 62 255 44 160 236 100 255 255 255 255 255
    255 2 255 30 255 71 255 28 255 255 40 42 255 255 137 255 82 255 255
    14 230 230 100 65 244 74 255 255 243 252 120 2 255 42 255 83 255 219
    255 255 255 192 255 112 222 255 255 8 255 50 200 72 20 255 255 255
    255 42 255 127 255 92 77 255 255 61 112 205 40 255 42 10 255 255 153
    255 255 214 255 255 255 255 84 255 156 255 255 148 217 255 255 255
    255 255 255 255 6 46 163 255 132 255 72 239 255 242 255 255 255 209
    255 168 48 198 255 50 165 255 255 255 192 255 123 255 255 222 178
    231 230 255 255 255 174 227 255 255 255 107 42 72 255 255 94 255 146
    255 255 255 255 184 218 110 188 255 255 255 255 255 255 255 66 255
    126 255 255 255 255 255 255 239 212 64 205 255 255 255 255 228 255
    127 255 193 255 255 255 194 255 255 255 255 255 255 255 255 73 255
    255 255 172 183 125 255 52 212 106 255 63 96 255 236 255 255 71 255
    255 255 255 20 255 255 255 244 255 255 255 0 255 127 255 144 255 255
    128 255 0 255 255 178 197 255 255 255 255 68 56 255 255 18 248 255
    78 255 60 142 255 78 255 255 255 54 255 74 144 255 255 170 255 255
    255 42 255 255 255 255 255 32 184 255 255 255 255 255 76 255 220 255
    112 109 146 247 255 80 154 255 190 255 255 142 128 255 255 255 255
    255 219 255 255 255 255 255 255 255 64 255 255 255 174 255 74 255
    218 255 28 204 38 255 34 255 255 54 255 106 186 238 255 255 174 86
    255 174 60 4 255 255 255 255 16 22 96 255 255 72 255 255 255 255 175
    255 255 54 255 255 255 255 255 255 208 255 255 34 255 236 255 255
    119 255 213 208 238 255 255 255 255 133 72 255 44 255 255 255 254
    255 255 255 255 105 255 255 103 150 20 190 255 116 196 188 32 255
    178 255 79 255 76 133 6 28 255 255 255 255 255 255 255 255 88 255
    255 255 30 255 255 250 66 150 255 28 255 255 255 225 255 92 255 153
    255 46 255 82 233 12 214 132 228 255 255 52 255 255 50 68 255 73 255
    255 255 234 255 212 14 255 81 255 10 246 186 215 255 255 84 50 255
    60 255 210 243 135 106 255 2 255 255 113 255 255 255 200 255 194 124
    118 255 64 16 105 206 152 255 255 255 255 36 82 145 255 134 255 255
    255 246 255 104 255 20 221 48 196 255 255 150 255 56 255 255 255 255
    255 42 255 187 255 220 140 255 146 162 255 166 255 255 255 106 133
    246 255 255 40 255 255 255 255 127 36 255 178 255 80 175 255 255 255
    255 172 255 255 26 255 255 156 178 255 255 255 14 110 252 204 237
    238 82 255 198 255 255 165 255 255 255 255 48 0 48 120 255 255 195
    212 255 215 255 255 255 255 34 160 178 255 255 24 206 80 10 92 255
    255 255 255 255 100 148 242 255 20 255 255 20 101 255 255 255 64 255
    255 255 255 236 236 245 175 68 221 71 255 32 255 86 24 6 255 251 255
    255 255 255 40 243 109 96 249 28 255 255 101 116 255 196 50 118 137
    78 255 255 222 26 255 255 28 228 238 185 178 254 136 255 64 255 125
    64 255 155 228 255 167 50 227 255 22 255 255 10 255 255 255 255 26
    255 251 218 255 255 159 146 88 28 255 235 113 58 207 255 255 255 24
    255 114 255 216 255 255 28 138 255 255 195 204 255 255 255 255 78 79
    206 164 254 92 44 248 60 255 255 102 148 165 12 34 255 220 243 125
    255 255 224 255 255 255 255 255 222 255 255 184 255 140 46 20 207 83
    255 203 85 254 255 169 255 52 255 236 94 255 108 36 255 255 80 4 255
    0 255 255 255 255 255 80 255 255 255 255 255 255 255 255 255 255 255
    255 161 255 144 222 255 231 255 52 255 184 94 255 255 110 225 255
    255 221 255 255 152 255 54 100 212 255 255 208 255 255 99 255 168 65
    54 132 254 255 217 255 250 255 255 208 148 255 255 219 255 164 255
    46 142 239 255 255 255 255 172 255 255 255 255 107 90 255 255 10 255
    255 26 54 167 255 255 242 255 255 255 255 0 180 255 24 232 88 207
    255 255 235 255 255 201 12 100 255 255 255 241 222 255 255 54 255
    191 222 255 177 255 32 6 255 255 255 240 255 219 180 255 255 186 168
    48 255 255 255 255 255 205 105 236 255 255 170 191 101 170 122 244
    255 154 48 112 255 255 148 255 214 0 255 255 255 255 255 118 243 255
    56 4 254 76 110 36 0 255 48 255 255 46 255 255 255 162 255 255 255
    255 242 255 255 255 255 62 109 182 255 255 178 164 44 190 255 255 76
    237 250 118 203 167 255 255 22 255 179 95 255 255 244 255 16 255 255
    199 255 255 255 255 52 255 255 255 255 40 2 255 133 255 255 240 126
    183 255 255 255 255 244 255 255 255 126 255 255 235 255 255 255 255
    255 78 97 255 20 121 164 0 52 255 8 83 255 255 248 252 255 255 255
    102 255 255 14 93 255 219 255 255 255 255 255 116 255 255 26 135 54
    255 255 255 120 165 255 122 255 255 38 184 255 255 255 255 201 121
    144 255 255 144 162 255 255 134 255 238 46 178 54 185 255 232 72 255
    255 255 22 255 255 255 255 255 255 255 158 119 255 201 115 148 255
    153 198 42 255 160 227 115 76 217 255 116 255 255 140 98 255 174 255
    255 255 229 42 44 255 228 255 223 255 244 148 200 255 255 255 255
    255 236 255 255 200 28 255 255 206 255 117 0 84 222 188 130 255 198
    255 255 174 255 255 255 255 133 255 255 255 255 122 255 255 255 254
    255 255 255 255 255 194 80 255 12 86 52 208 255 72 255 182 255 226
    170 255 255 255 130 129 255 255 255 102 255 255 22 239 182 255 255
    255 168 255 255 255 10 198 255 104 103 255 255 40 255 241 255 255 6
    255 170 10 255 58 138 255 12 255 67 255 52 255 124 255 255 255 255
    255 20 255 147 82 255 255 255 255 28 255 255 71 30 255 8 192 100 135
    234 255 119 50 255 255 178 255 212 96 72 255 255 255 255 255 195 255
    32 255 192 40 255 255 255 255 125 142 2 212 255 144 97 60 239 255
    238 255 254 134 255 198 34 213 255 255 255 255 214 255 50 255 126
    182 158 193 255 255 60 194 255 134 255 114 76 255 255 255 255 160
    102 255 154 255 139 255 118 99 128 255 75 255 14 255 255 255 255 255
    0 255 255 203 206 38 227 20 54 255 255 54 255 105 255 255 117 255 38
    65 148 255 255 52 255 255 210 138 73 255 255 255 82 195 194 152 255
    230 204 255 0 255 30 139 255 255 255 128 241 65 22 215 157 200 229
    255 255 187 131 255 255 95 255 12 255 80 255 38 255 247 255 255 172
    240 228 253 255 255 255 255 255 144 129 255 255 141 30 22 24 255 128
    157 108 255 255 206 255 255 46 255 192 255 255 222 255 32 180 255
    106 16 255 255 236 255 253 230 118 90 244 94 255 255 255 223 255 4
    255 255 200 18 255 255 255 255 8 255 14 130 255 244 255 142 255 232
    255 255 255 253 188 144 185 255 252 217 171 255 247 255 255 255 12
    255 148 0 8 30 97 94 120 255 255 255 255 106 18 87 254 231 238 255
    82 105 142 255 165 255 255 234 255 255 255 192 84 137 188 255 230 20
    255 255 76 160 2 120 156 255 255 124 119 228 215 255 255 172 255 104
    255 255 255 66 87 255 30 228 255 199 83 118 217 255 224 255 75 255
    32 255 255 255 255 255 255 220 255 108 4 156 255 157 222 255 2 122
    255 255 114 170 255 92 108 149 234 255 218 255 255 255 70 90 255 244
    255 255 255 26 255 136 114 236 250 255 127 255 255 255 222 255 242
    255 134 255 16 197 255 138 255 4 130 255 10 255 235 20 255 189 246
    255 255 196 202 255 65 38 122 69 252 255 255 214 255 255 255 6 255
    255 255 139 255 255 206 78 255 85 172 255 220 168 255 244 90 255 97
    255 255 255 255 255 255 240 255 255 16 150 198 184 6 58 255 255 255
    198 233 67 78 255 111 255 255 95 0 255 67 66 255 0 255 241 34 255
    255 255 138 8 81 168 255 255 255 255 255 255 255 204 32 255 255 255
    255 255 108 255 255 255 255 12 255 255 246 162 60 40 232 255 30 214
    255 255 255 255 85 158 213 230 196 255 242 255 255 255 62 255 143
    255 255 255 255 255 255 206 84 65 255 110 149 255 255 103 255 255
    255 174 44 255 208 162 255 4 191 2 255 255 204 255 136 255 255 255
    255 255 255 255 255 255 157 94 255 165 255 106 255 255 255 129 255
    191 255 255 82 255 44 255 242 255 24 255 255 223 255 36 58 117 255
    30 26 255 78 255 255 255 184 255 199 127 146 255 180 32 92 255 255
    80 255 172 233 255 255 102 73 178 98 214 14 255 147 122 255 173 255
    116 255 255 255 255 255 70 42 255 255 255 255 255 255 255 30 255 255
    255 50 255 255 188 156 255 255 10 255 255 54 255 255 92 122 255 204
    255 46 255 50 255 255 255 255 255 255 119 255 122 255 212 150 188
    255 255 255 222 255 196 96 6 127 255 164 99 224 255 167 255 14 222
    255 189 255 255 166 255 184 255 52 255 166 155 150 28 210 58 255 255
    16 255 161 255 166 77 36 112 125 255 255 255 255 170 194 255 255 255
    255 255 255 255 104 210 255 255 255 204 255 255 255 2 89 255 239 65
    255 28 10 255 255 79 255 255 188 255 110 149 255 24 255 255 255 101
    255 255 255 255 255 255 146 191 255 168 52 255 255 154 131 12 168
    255 255 255 163 126 255 255 154 255 48 212 221 255 80 255 46 32 255
    255 52 16 255 226 255 255 248 255 255 56 217 255 255 146 97 66 140
    250 255 255 255 255 189 73 255 102 97 255 187 255 114 255 222 255
    255 255 255 255 107 255 32 255 255 255 255 18 66 220 255 10 255 120
    217 255 158 92 255 255 255 255 228 255 30 48 255 255 255 255 85 255
    191 255 100 255 44 255 142 255 180 102 255 255 255 255 255 255 167
    190 168 255 212 255 18 102 60 10 255 255 42 255 255 255 255 144 255
    54 255 22 255 255 2 76 245 255 255 255 255 255 110 255 42 191 2 20
    255 255 255 181 56 216 36 254 255 255 186 62 132 255 255 158 4 166
    219 16 255 255 99 140 255 30 148 215 93 255 158 48 255 255 63 255
    255 36 50 255 0 255 225 224 180 255 255 255 108 255 108 14 135 118
    32 248 255 255 16 255 231 149 255 231 248 100 255 73 255 104 149 200
    181 137 255 221 255 98 64 255 255 84 255 238 110 255 166 255 255 30
    255 190 255 0 255 182 255 255 255 104 52 255 255 135 222 177 255 255
    255 214 255 255 46 146 255 101 128 255 79 126 179 115 255 110 186 0
    255 190 255 255 255 158 72 255 255 255 255 232 193 255 255 209 255
    242 158 255 255 50 141 30 106 220 36 255 255 230 255 255 78 255 93
    10 255 255 244 255 58 202 255 255 255 201 255 144 138 192 255 255
    180 114 158 255 224 255 171 10 2 198 204 62 123 255 162 255 255 189
    46 198 255 220 250 255 196 255 255 145 66 255 255 255 170 101 6 255
    255 255 219 255 255 255 18 255 255 255 6 255 69 255 54 255 255 52 81
    255 44 214 30 255 255 255 255 73 134 126 77 255 46 255 128 58 71 255
    255 255 255 138 255 255 255 255 255 255 255 255 14 255 44 255 255
    138 152 255 255 255 255 255 255 255 176 255 255 174 255 255 255 251
    255 255 6 32 255 62 139 255 197 255 255 100 38 212 128 77 208 116
    133 54 243 192 255 255 77 220 255 250 255 189 255 255 162 255 92 255
    101 226 213 255 4 142 137 255 130 222 255 239 255 255 106 255 255
    255 255 38 253 103 120 124 202 226 255 255 255 255 151 255 255 255
    255 88 153 190 207 216 255 255 255 212 255 255 255 255 255 204 255
    255 255 10 46 255 255 186 255 154 210 255 255 255 242 255 220 255
    255 165 228 255 131 255 118 26 255 50 255 255 235 255 116 98 222 144
    255 250 255 255 81 102 160 255 66 255 133 0 60 246 255 255 159 20 86
    255 255 152 255 222 106 139 255 86 255 2 48 56 255 255 255 255 255
    252 255 255 255 68 255 255 255 255 255 255 100 255 214 255 103 255
    54 255 255 255 255 255 255 171 255 54 255 182 255 210 255 110 167
    255 255 107 230 255 255 240 84 186 255 160 202 82 255 255 255 255
    153 255 255 255 255 255 54 244 255 87 255 255 255 144 78 255 255 255
    129 94 255 85 82 255 143 255 255 255 130 255 61 248 255 255 255 255
    255 108 255 46 64 40 255 255 255 65 255 253 220 255 255 255 255 255
    228 126 255 255 255 255 117 52 255 129 255 132 246 64 255 255 255 50
    255 255 209 141 238 102 255 255 255 255 212 217 255 130 255 200 255
    84 255 255 255 255 255 255 255 56 108 255 40 255 12 46 16 129 194
    140 42 255 255 255 4 110 255 255 32 194 254 18 214 255 255 255 114
    38 85 14 82 194 255 255 180 74 255 240 54 255 255 255 255 255 255
    255 255 158 134 255 180 255 255 144 255 255 255 84 255 255 255 255
    100 156 52 240 50 111 255 56 255 20 255 255 255 255 255 124 255 255
    255 255 255 166 255 28 244 86 101 255 12 171 255 255 255 255 2 10
    255 187 255 255 114 212 58 255 135 52 10 252 255 255 255 255 80 255
    255 255 255 255 251 255 255 255 255 255 255 255 255 251 255 192 122
    28 172 255 20 234 255 216 178 255 255 28 255 83 255 148 255 255 255
    141 120 112 255 255 255 202 160 68 105 255 195 143 255 255 255 10
    207 255 180 255 255 255 18 255 255 255 255 255 72 220 140 203 255
    255 70 255 28 255 61 202 255 255 255 134 202 230 255 255 255 211 184
    255 255 255 255 255 236 160 255 255 255 255 255 255 255 255 255 255
    12 255 255 255 42 255 210 255 255 210 255 46 56 255 255 91 255 255
    255 52 168 202 54 181 36 100 164 143 254 255 196 255 146 18 255 255
    255 255 38 255 255 8 255 164 255 255 255 225 228 255 128 178 255 88
    95 255 100 255 255 255 151 92 160 255 30 255 255 140 179 194 14 80
    109 255 255 255 255 193 73 255 255 255 2 255 255 255 255 255 72 255
    255 255 108 14 255 255 255 242 255 226 255 48 255 30 255 255 190 148
    255 140 255 255 60 10 255 255 255 230 255 255 202 92 32 159 255 164
    218 255 255 255 22 255 167 166 183 255 255 255 255 255 90 26 160 255
    18 255 92 255 132 152 131 255 205 161 255 255 255 255 255 255 255
    201 208 254 255 56 255 168 255 255 181 255 238 255 255 255 32 250
    255 177 255 190 219 255 255 255 255 255 52 180 255 253 255 60 255
    255 255 60 255 216 54 255 255 134 255 246 255 255 255 255 208 236
    223 255 255 255 147 242 154 89 255 255 255 255 102 175 255 72 81 140
    98 194 255 108 175 255 231 236 255 255 255 255 193 222 114 96 4 255
    32 12 255 231 12 122 104 153 60 255 18 64 255 255 255 239 255 255
    197 255 212 44 184 255 255 255 166 255 123 32 106 48 255 255 255 158
    32 255 242 255 255 70 255 214 255 177 202 244 255 255 255 130 255
    154 255 167 255 255 255 255 255 180 136 80 255 255 40 75 255 203 121
    100 255 208 255 255 220 255 156 127 255 235 129 255 4 204 255 255
    255 80 46 61 255 255 167 255 70 139 208 189 67 255 255 255 230 34
    157 255 207 255 255 249 255 152 255 255 255 32 255 236 255 95 255
    255 255 64 255 165 88 255 85 255 255 255 186 255 87 255 229 255 64
    255 255 144 255 255 104 255 95 255 54 255 255 255 169 255 24 255 255
    255 255 255 255 255 255 255 117 255 58 255 255 70 255 255 78 147 210
    255 255 255 191 236 106 255 255 54 4 255 255 253 242 255 98 255 255
    66 255 255 144 255 132 162 255 6 255 255 255 255 255 80 128 255 255
    96 255 182 255 255 250 255 255 255 255 255 255 255 255 255 255 224
    255 255 178 255 255 163 60 255 151 255 255 255 104 170 111 255 255
    20 255 255 4 30 255 255 255 207 214 255 255 107 140 255 99 24 255 18
    62 108 18 124 255 117 212 191 255 255 130 133 40 24 255 255 255 244
    200 191 28 16 255 40 66 255 194 160 255 240 255 255 255 255 255 69
    255 106 255 140 28 69 254 193 169 222 34 75 255 255 255 166 199 52
    255 78 255 78 255 242 255 255 143 10 255 131 210 255 255 240 20 255
    134 255 255 244 237 252 255 255 234 228 255 111 110 255 202 255 255
    255 255 14 255 255 255 73 255 255 255 255 62 135 122 255 155 255 255
    255 255 114 255 255 118 255 255 191 40 255 255 255 96 255 226 248
    255 255 146 140 220 255 243 184 228 112 147 202 255 255 228 255 40
    255 255 255 255 227 255 255 255 192 255 255 180 255 18 255 255 255
    42 255 255 255 12 160 196 100 239 4 86 28 255 255 255 135 255 255
    216 255 251 255 255 32 255 6 193 244 255 199 240 255 255 44 255 255
    255 255 255 105 248 255 255 255 40 85 255 255 255 255 255 255 120
    255 255 252 70 255 255 44 161 104 158 255 0 30 127 88 160 107 42 253
    151 32 20 255 255 207 214 90 255 105 46 255 87 255 124 182 12 88 255
    6 255 38 255 255 255 64 255 255 255 132 14 28 255 255 255 170 107 74
    40 2 255 255 89 255 247 204 122 255 14 188 255 255 216 249 255 244
    233 255 226 20 75 255 255 244 176 42 242 48 231 255 255 183 97 50
    255 109 22 255 248 24 255 255 208 78 242 255 120 255 255 231 255 184
    255 255 134 148 40 176 0 255 255 203 6 10 255 192 255 255 255 146
    255 255 206 76 255 255 255 67 255 255 95 255 183 42 168 84 255 128 0
    115 255 255 30 255 170 40 210 255 212 255 237 10 255 247 4 255 255
    255 80 255 0 255 255 93 255 255 48 182 100 234 255 255 255 92 255
    255 255 255 255 255 187 254 28 255 67 198 118 54 40 181 212 164 255
    255 142 255 255 130 255 255 255 237 81 255 8 255 198 255 255 255 255
    255 196 195 175 222 247 255 255 255 255 255 26 255 255 148 255 255
    255 255 255 120 255 255 239 105 50 207 151 80 255 255 255 255 107
    255 144 61 255 255 48 64 12 255 255 8 65 255 255 255 255 217 10 255
    255 169 38 255 196 134 213 255 255 24 255 255 255 255 194 249 255
    255 255 125 255 255 125 66 255 255 255 255 173 255 255 255 252 78
    255 226 201 67 60 181 255 194 255 255 48 233 129 255 255 147 255 255
    34 255 14 255 62 255 255 255 207 12 34 144 117 255 219 255 255 4 178
    18 255 255 4 160 214 255 6 10 44 46 255 22 255 99 255 50 40 255 60
    255 255 174 255 255 255 226 142 223 131 98 255 255 148 255 255 178
    255 230 122 255 255 255 122 238 255 255 18 255 255 255 255 255 56
    130 102 175 164 255 58 255 255 184 196 255 12 142 255 107 255 255 71
    255 255 171 255 134 155 58 255 255 10 255 255 255 215 255 255 132
    255 255 104 192 255 255 255 255 255 255 255 255 161 152 30 255 255
    255 151 118 66 210 255 255 255 255 247 255 230 42 255 26 255 255 255
    255 230 248 255 200 255 255 255 255 239 10 214 255 155 90 144 255
    254 170 234 156 255 255 255 255 157 114 82 255 64 114 93 182 255 204
    228 92 255 255 42 255 236 108 147 200 255 255 255 235 236 255 150 77
    255 255 254 204 255 255 255 221 255 204 255 224 255 183 255 20 32
    255 224 223 77 146 255 255 255 118 99 140 46 255 54 255 255 160 255
    255 14 10 123 238 255 255 255 148 255 255 255 255 255 255 93 76 255
    26 255 255 255 244 255 65 140 197 115 255 58 255 88 96 188 228 46
    157 255 255 255 255 94 99 14 158 255 66 227 12 255 14 139 255 76 230
    255 255 151 255 255 89 255 98 255 255 181 75 250 255 28 255 162 20
    250 255 255 255 54 255 255 36 255 216 22 255 246 110 255 255 255 240
    255 255 20 255 255 2 216 16 56 255 255 255 255 255 188 220 255 161
    192 255 161 172 255 255 255 255 184 158 164 255 255 36 81 255 138
    255 255 48 125 255 255 255 178 255 254 176 30 155 198 255 255 156 94
    248 255 203 255 74 221 230 84 255 71 8 255 151 20 255 109 170 219
    200 112 162 255 22 56 188 140 255 255 255 28 117 130 255 255 58 255
    165 255 241 255 255 156 77 255 191 255 255 255 85 255 183 255 255
    255 107 255 255 255 255 104 255 255 102 89 126 195 255 255 2 175 230
    255 255 255 16 255 224 255 133 255 54 255 255 255 255 130 126 255 74
    255 255 255 255 255 152 66 232 148 126 255 218 255 255 255 221 255
    255 249 202 168 10 254 146 42 255 50 255 220 194 255 255 222 189 255
    92 233 8 255 255 105 60 217 255 255 255 32 126 199 255 255 74 255 68
    255 255 182 241 255 255 255 255 40 255 157 255 255 255 232 118 141
    255 213 143 255 227 244 96 255 255 52 255 255 72 255 255 255 168 255
    198 207 255 255 255 255 255 255 255 255 138 218 156 255 121 134 255
    34 255 154 255 112 255 255 255 189 36 255 255 250 226 255 159 112 46
    255 218 255 192 122 148 255 18 255 255 6 253 226 255 255 255 255 158
    255 14 255 143 224 44 255 255 72 226 14 150 255 255 6 30 255 64 255
    192 255 255 255 255 255 255 255 153 106 255 246 82 255 255 56 255
    255 255 255 196 255 255 129 52 255 149 172 138 32 255 255 202 126
    255 93 134 78 226 255 148 255 255 241 81 96 100 103 255 255 192 238
    255 255 255 50 89 102 255 255 255 197 255 255 8 255 48 94 26 14 255
    0 196 62 252 255 255 16 255 255 255 26 255 93 174 255 4 242 255 123
    88 235 236 255 16 175 248 164 46 255 181 89 255 156 255 255 118 255
    255 177 194 255 255 175 224 255 255 10 255 255 186 233 255 255 241
    255 255 255 220 84 221 255 255 255 2 255 255 255 152 255 222 104 255
    255 230 203 44 255 255 255 46 255 117 182 144 36 255 98 182 50 255
    246 255 249 255 20 255 255 104 187 0 62 255 224 255 217 73 42 112
    255 228 255 242 255 162 71 255 120 10 255 211 151 32 160 255 8 44
    143 255 255 255 255 255 16 24 199 10 116 38 28 64 197 240 246 255
    163 68 98 255 30 255 255 255 255 83 255 92 255 255 255 255 255 219
    255 255 28 105 176 223 161 255 255 232 172 255 50 88 255 255 255 255
    131 255 18 255 10 225 2 255 68 61 255 189 159 255 10 69 76 255 255
    100 233 216 255 255 95 255 213 255 76 134 255 230 255 65 240 92 87
    112 144 255 255 255 95 232 6 56 114 48 79 120 241 139 44 255 22 255
    255 255 255 255 255 255 255 52 248 255 163 78 255 255 255 197 255
    255 219 255 144 100 255 255 205 255 255 255 255 150 255 139 255 255
    255 30 255 255 200 237 255 255 255 89 108 84 44 255 110 255 32 84 36
    255 181 252 255 255 188 174 255 255 140 255 255 192 255 198 96 255
    255 128 150 107 255 223 14 255 80 255 66 189 255 255 255 248 255 255
    83 70 255 255 255 255 111 230 255 115 255 18 8 62 239 255 255 255 97
    122 255 159 255 237 255 138 14 182 255 255 255 255 255 105 100 255
    202 255 255 149 255 152 255 255 255 255 106 146 32 32 255 65 234 255
    255 192 24 255 255 255 71 198 255 228 255 255 56 94 255 255 132 150
    52 255 255 54 255 255 255 120 152 255 255 60 216 186 4 137 178 255
    169 170 255 255 20 255 248 255 255 40 196 255 22 228 2 137 255 255
    255 255 142 117 24 82 255 255 84 38 154 255 26 10 146 0 240 255 44
    255 255 236 214 162 206 255 255 127 255 255 14 255 255 224 58 2 255
    255 255 255 214 114 255 255 60 6 170 197 255 255 231 171 104 58 255
    50 255 255 255 195 255 255 255 52 48 44 255 255 106 255 232 255 255
    128 223 77 255 255 255 196 255 65 255 255 123 212 255 255 255 197 28
    255 181 28 255 255 255 255 64 214 10 217 255 6 86 10 170 146 255 240
    255 255 255 255 14 172 255 255 255 255 255 218 189 255 22 255 255
    255 80 89 126 255 14 255 162 255 240 255 255 255 255 18 90 255 131
    18 255 75 255 154 255 255 22 255 255 68 232 26 255 255 255 255 248
    254 255 151 222 100 255 80 156 255 88 255 255 186 255 113 255 255
    167 255 255 242 255 187 10 255 38 255 30 255 255 38 255 192 255 255
    255 154 255 248 255 136 255 172 255 255 255 255 220 120 174 184 255
    68 4 255 104 250 255 255 255 255 255 248 255 255 123 182 245 255 255
    56 248 255 229 97 255 255 159 116 255 255 255 72 163 150 255 0 20 16
    255 176 2 71 70 255 137 0 32 255 136 154 230 144 193 255 228 255 255
    160 12 255 255 150 255 255 237 255 255 54 255 255 255 255 22 255 255
    26 8 46 192 148 255 255 255 255 166 92 10 255 255 129 156 255 250
    255 136 255 4 255 255 255 255 46 226 255 182 255 255 99 255 245 255
    192 160 89 164 92 255 255 255 184 216 255 255 218 122 42 176 255 255
    255 6 255 138 229 255 255 138 255 255 92 208 234 229 34 48 255 222
    255 255 255 255 255 255 50 76 85 255 122 14 188 255 184 255 128 255
    255 154 202 255 255 133 134 44 127 255 255 135 194 70 44 182 197 255
    255 24 255 255 231 255 255 70 255 255 237 173 255 140 255 255 255
    255 255 255 44 255 10 180 255 239 255 255 231 255 255 255 255 130
    106 32 255 255 89 40 255 255 255 158 244 66 255 71 255 34 202 210
    255 198 255 22 255 248 255 105 255 225 255 255 183 255 255 255 123
    208 199 255 38 90 186 80 152 255 230 219 255 140 255 2 255 124 46
    255 166 255 12 255 210 70 108 255 240 255 255 255 255 255 200 255
    255 196 255 151 252 158 255 255 255 255 255 255 255 255 118 188 8
    116 255 255 255 6 255 255 255 255 255 135 6 239 255 228 114 255 255
    166 255 255 235 232 255 255 87 222 64 202 255 253 89 255 255 255 255
    86 28 255 124 93 255 255 22 255 255 255 138 255 255 255 231 255 255
    251 91 255 8 188 255 255 255 255 54 242 255 255 58 255 0 255 38 201
    105 255 255 63 126 142 115 46 255 255 2 255 255 255 255 79 230 255
    99 122 195 255 10 209 255 255 255 255 255 255 255 248 100 255 255
    148 255 255 255 105 255 255 255 22 48 255 172 68 255 255 36 79 255
    255 141 102 110 255 106 235 159 255 245 147 255 54 73 226 209 255
    222 2 255 40 255 14 255 255 255 255 255 48 255 120 255 255 20 255 0
    255 190 188 136 255 232 255 109 255 144 255 255 255 226 255 183 91
    255 255 255 255 255 190 132 255 255 255 255 93 255 158 133 208 255
    255 255 255 125 234 22 6 255 130 149 28 233 248 255 255 255 78 255
    255 140 166 255 255 255 255 255 255 12 140 255 26 255 255 129 106
    174 141 64 44 163 52 255 71 255 48 255 58 255 255 255 14 255 255 6
    255 220 197 255 118 255 216 76 185 133 255 231 103 34 255 89 255 78
    73 255 255 255 112 140 135 94 255 42 255 255 255 12 255 24 240 255
    145 222 255 255 44 138 190 255 255 255 255 8 157 255 255 255 255 174
    255 255 255 255 194 128 255 255 223 204 255 255 255 255 255 255 255
    130 255 166 255 255 255 255 255 255 201 255 255 255 169 255 255 255
    255 255 220 206 203 255 255 72 14 255 100 255 78 255 26 202 239 246
    255 225 65 84 255 16 230 158 123 255 255 42 68 160 255 255 156 255 8
    4 255 255 215 56 132 14 255 255 255 0 255 116 87 160 20 255 255 80
    52 255 88 14 156 162 255 255 255 255 255 255 255 128 229 255 138 219
    255 214 183 73 255 221 169 66 2 255 118 255 255 192 239 255 102 66
    240 255 255 22 178 255 141 90 255 255 122 12 135 255 114 255 255 255
    255 168 255 153 255 255 121 100 255 255 255 255 48 255 233 32 84 34
    91 255 239 255 255 100 248 142 66 129 172 136 190 160 255 22 236 255
    255 255 90 255 234 255 255 172 82 255 12 205 255 240 255 155 226 255
    61 255 219 198 255 80 139 230 255 255 90 255 252 255 54 255 255 10
    255 124 255 255 118 217 208 226 110 73 255 255 165 255 146 105 134
    78 238 255 255 16 255 255 228 255 255 255 255 179 167 255 255 125
    232 255 192 14 70 248 255 168 255 255 72 255 190 255 63 244 235 255
    255 255 255 255 255 255 244 114 255 255 255 255 42 0 75 236 255 22
    255 255 255 86 255 255 176 48 255 255 174 255 96 255 255 148 255 255
    255 233 255 172 255 255 255 255 192 255 60 69 255 255 159 255 255
    255 255 255 234 255 255 12 94 255 196 255 14 67 158 255 18 255 221
    151 255 255 255 30 253 255 192 255 127 255 231 48 255 255 255 14 255
    0 255 255 255 255 243 255 255 255 198 255 233 255 100 0 255 255 255
    22 240 255 255 255 36 255 138 255 255 54 255 115 96 154 255 108 255
    99 212 255 36 255 255 255 255 179 200 120 181 255 38 255 255 255 255
    255 154 255 73 140 166 153 255 78 198 255 255 255 255 44 255 244 255
    255 128 255 97 255 255 250 255 130 255 255 74 107 136 122 255 56 255
    255 6 126 255 255 94 255 255 168 121 88 217 36 255 74 234 255 46 255
    255 255 255 255 62 255 255 225 36 136 255 255 82 255 99 255 166 255
    146 255 103 212 90 79 255 223 255 126 255 42 255 22 107 226 243 255
    38 255 255 224 255 139 255 255 255 32 255 255 255 191 255 118 255
    255 198 255 255 255 164 133 255 46 4 255 183 6 255 10 147 255 255
    255 255 255 157 216 255 255 255 255 12 250 255 255 74 255 255 255
    255 255 48 255 16 255 50 44 172 255 255 42 174 255 255 4 255 255 255
    65 255 255 255 255 255 44 4 130 240 214 32 255 180 172 255 255 237
    255 255 243 99 255 181 8 255 42 54 255 90 255 86 150 56 50 215 95
    255 255 255 255 160 83 255 255 255 130 255 255 110 241 255 16 92 121
    255 255 18 64 70 14 128 217 232 182 255 255 20 255 32 200 255 228
    255 2 246 164 249 0 244 255 222 255 229 255 84 255 255 255 44 255
    255 255 255 255 199 255 172 18 255 128 255 63 18 255 255 134 144 255
    255 209 67 255 255 255 160 255 255 200 191 131 255 211 143 68 38 250
    230 255 115 255 209 255 255 20 153 206 170 255 122 255 101 255 255
    125 192 255 255 255 255 79 255 24 137 74 2 255 20 233 196 255 120
    255 255 255 83 255 255 255 136 255 255 140 255 255 255 112 255 142
    156 184 64 255 255 22 255 255 255 221 202 138 158 255 255 255 255 62
    255 255 210 255 40 86 255 220 255 251 255 255 241 238 50 255 83 218
    160 255 255 134 255 42 32 2 126 148 255 255 255 54 255 174 255 255
    255 255 255 90 255 126 255 85 255 48 127 76 156 167 30 247 93 6 50
    255 255 116 255 255 132 255 148 255 65 255 225 175 130 255 186 255
    255 255 255 62 255 60 14 149 78 112 4 255 255 255 94 255 175 156 44
    95 114 16 255 255 255 255 255 255 194 250 255 255 255 126 192 255
    140 131 255 138 28 255 199 255 255 255 32 255 255 204 226 90 44 255
    215 56 255 22 242 210 227 143 255 255 109 255 92 50 122 255 202 12
    255 238 255 50 83 255 130 165 166 132 89 26 50 255 255 255 111 230
    203 83 78 187 220 68 62 129 18 255 255 255 86 255 255 255 173 255
    255 255 56 255 246 186 68 202 176 108 255 76 98 123 228 255 111 255
    255 255 246 255 222 182 255 255 255 255 159 255 46 69 122 255 255
    255 255 255 255 144 255 255 177 232 6 255 255 42 126 255 255 255 254
    255 112 165 234 36 255 216 191 250 56 142 127 210 255 255 238 255
    255 255 255 67 255 199 214 102 255 255 28 128 139 255 203 255 152
    132 133 150 255 117 255 172 255 90 255 145 255 28 255 255 255 178
    202 16 255 30 255 149 52 100 190 116 255 63 255 255 255 210 12 255
    162 249 255 255 225 42 144 255 255 26 255 198 230 60 34 255 112 69
    132 255 248 255 92 255 54 255 255 178 255 246 216 255 255 176 255 81
    38 66 32 255 255 255 255 255 255 255 255 125 220 229 255 74 255 16
    52 24 255 30 255 255 54 255 255 255 62 255 246 255 16 50 34 252 58
    24 157 176 255 111 76 92 255 172 150 255 100 42 87 255 255 255 255
    189 255 44 255 228 255 249 117 176 255 22 44 241 255 255 166 255 255
    225 255 255 255 206 255 237 255 24 255 34 88 235 230 56 255 143 22
    255 206 122 36 255 255 255 255 220 255 184 166 30 255 255 255 255
    216 255 123 255 191 204 92 138 255 255 255 58 255 255 52 255 20 143
    34 255 236 255 100 255 255 231 99 255 142 119 255 251 255 255 231
    255 255 38 255 255 255 255 2 255 255 188 104 91 255 160 255 112 189
    255 255 255 242 172 255 255 230 255 173 220 92 180 255 207 255 228
    255 171 96 255 255 90 150 89 255 255 135 128 56 255 244 255 38 255
    255 255 255 20 107 255 255 234 218 64 165 255 166 255 255 191 161 92
    72 255 226 255 255 255 170 125 255 255 255 255 44 91 204 132 255 246
    90 244 234 255 222 255 255 255 8 255 255 255 130 137 144 255 255 214
    126 95 255 255 255 255 255 71 255 255 255 255 60 255 120 126 255 130
    255 255 255 126 255 82 164 109 255 255 125 255 255 69 34 255 255 255
    40 255 242 255 255 255 116 255 58 185 117 255 255 85 255 255 87 122
    70 255 18 116 38 186 255 236 255 255 48 255 255 254 255 211 71 58
    249 255 255 255 250 255 255 255 154 152 32 178 255 255 255 255 214
    255 158 255 255 136 255 224 255 255 255 132 255 255 50 75 142 20 255
    255 255 255 255 255 255 94 112 133 18 0 143 128 56 159 110 255 240
    255 255 255 255 255 255 180 36 99 222 209 255 255 255 255 255 255
    101 255 255 81 255 255 56 28 255 75 174 64 255 208 255 255 255 32 2
    194 255 46 255 255 255 255 255 58 128 255 255 14 243 255 255 102 155
    94 146 4 255 116 218 255 255 255 250 255 248 255 255 190 72 70 255
    54 20 255 255 255 169 255 255 255 255 255 99 170 46 121 44 255 255
    150 195 255 255 255 206 208 255 255 255 20 255 58 255 182 128 255 6
    255 255 91 255 118 255 84 193 149 94 211 26 255 255 255 255 197 252
    198 255 220 10 233 255 184 255 255 150 255 83 255 114 255 26 211 255
    255 255 178 20 255 255 210 255 236 34 255 163 255 209 255 46 255 255
    255 36 250 255 136 255 255 215 255 255 255 255 255 255 255 24 255
    255 94 255 214 36 255 190 0 255 255 255 201 226 212 52 95 134 239
    255 66 233 255 255 255 255 255 255 255 118 30 255 182 90 85 255 255
    12 255 255 255 146 203 255 108 255 113 88 255 255 255 255 255 255 10
    226 255 94 91 132 44 117 255 56 255 255 255 46 128 255 28 84 255 121
    255 255 34 255 86 182 86 146 54 182 255 222 196 58 20 255 255 255 24
    255 38 108 255 178 12 58 200 140 255 169 255 189 42 234 10 255 255
    40 240 248 112 232 255 52 255 170 207 137 24 255 255 210 255 255 255
    20 255 66 132 208 170 255 91 162 34 255 232 42 255 255 255 89 255
    255 255 255 255 113 255 56 255 255 195 149 8 255 99 255 56 255 255
    237 123 255 164 255 128 249 255 255 255 119 255 166 200 255 255 255
    106 255 40 255 164 255 174 255 255 22 179 48 255 193 255 255 255 255
    112 213 117 168 255 255 255 74 255 255 255 255 255 189 255 255 255
    255 255 2 255 255 156 16 255 130 135 255 74 180 242 255 186 255 255
    151 98 255 73 18 38 255 80 255 167 150 245 255 194 34 255 255 126
    121 255 255 255 255 255 141 118 255 159 255 255 254 255 126 255 194
    102 255 70 114 48 255 164 4 236 62 255 220 120 228 164 225 255 224 6
    255 255 108 16 255 132 145 200 255 238 255 179 255 200 185 52 54 255
    255 100 255 113 255 58 255 8 255 83 255 219 30 255 247 255 56 34 173
    255 255 255 80 201 255 152 8 99 255 179 169 90 255 250 255 58 196 94
    255 255 4 26 255 255 191 167 100 255 50 128 162 182 255 195 255 246
    156 46 134 209 255 182 24 255 8 245 129 255 255 32 255 94 255 255
    102 141 230 168 255 255 164 143 184 36 255 140 255 30 255 255 255
    255 219 42 86 82 255 140 255 255 255 255 255 158 10 255 188 122 61
    255 110 255 34 223 255 255 64 255 160 213 111 255 255 69 48 255 250
    255 255 255 96 120 255 255 104 244 255 28 255 255 255 178 86 22 218
    202 20 255 88 249 18 255 40 109 56 207 255 255 251 93 10 26 22 255
    138 255 255 26 255 255 32 255 255 255 71 136 0 117 255 255 255 255
    215 135 202 255 32 255 255 129 255 136 212 28 255 194 255 4 252 255
    255 255 255 36 163 226 118 252 255 255 180 156 124 255 40 191 36 255
    255 145 222 64 14 255 4 255 255 14 250 34 255 255 255 255 115 255 14
    24 255 255 255 106 247 113 218 255 139 116 255 22 255 146 48 255 225
    255 184 219 255 255 235 255 168 6 255 182 255 255 92 255 159 255 255
    255 72 156 151 38 217 149 108 255 255 204 96 222 255 255 93 255 195
    255 255 56 255 255 255 255 150 162 4 60 120 224 255 255 143 114 255
    254 255 255 255 232 112 125 255 255 255 218 181 212 144 187 186 202
    255 89 255 255 255 72 187 255 226 225 196 255 255 44 170 255 56 255
    255 10 180 255 255 255 255 255 72 142 77 20 209 238 254 120 169 224
    104 255 255 168 255 180 12 40 236 255 252 162 255 46 98 70 255 255
    142 155 255 255 182 255 255 81 255 255 254 255 255 107 255 26 111
    255 255 255 70 76 255 130 4 255 58 255 125 255 255 67 122 255 255
    255 160 255 100 255 163 110 70 255 255 177 105 255 255 218 255 255
    113 130 255 255 255 30 97 184 16 58 168 177 255 255 255 113 255 170
    255 42 255 77 255 243 135 48 255 2 255 138 255 162 207 32 255 255
    255 158 255 58 255 255 216 246 255 255 22 255 255 255 255 255 255
    255 169 140 255 255 168 255 255 92 255 14 255 179 255 180 255 22 158
    233 254 10 255 255 255 160 255 214 255 83 255 255 255 190 255 255 8
    6 115 255 255 255 255 255 255 255 255 255 212 255 255 255 255 8 118
    255 255 255 255 32 112 255 95 2 191 255 255 255 208 18 96 169 255
    255 255 255 128 145 142 18 255 255 255 255 184 162 139 176 255 255
    184 255 133 255 130 255 255 255 255 255 255 54 255 255 255 255 255
    255 76 66 255 190 255 255 255 255 255 146 255 255 60 179 255 255 52
    77 255 255 255 255 255 255 194 255 73 255 255 255 246 52 255 46 72
    255 255 255 255 255 255 18 98 166 255 130 152 8 255 126 71 255 255
    255 154 255 255 6 62 194 255 255 244 255 255 143 255 255 131 255 94
    182 255 255 255 255 209 255 255 255 255 76 255 34 255 88 255 116 255
    81 255 221 61 226 42 50 255 118 145 255 253 255 114 158 77 196 189
    255 142 82 255 255 221 24 50 255 12 78 181 222 52 28 255 255 255 135
    214 255 255 116 177 255 114 255 67 255 130 242 255 255 255 78 255 30
    255 255 255 110 146 255 255 148 255 248 249 163 255 118 141 142 209
    240 255 255 255 255 187 194 244 255 255 255 62 255 210 255 198 86
    255 145 255 68 167 255 164 255 255 104 200 64 162 240 238 255 161 56
    76 255 112 255 173 84 66 255 60 88 214 220 130 121 198 42 65 255 124
    220 162 255 255 255 255 255 255 211 255 164 50 255 255 255 89 255
    255 48 255 253 73 202 38 89 108 255 255 238 255 255 255 255 18 255
    108 255 255 18 255 178 255 119 255 255 255 255 255 255 110 68 255
    255 255 228 10 255 81 255 255 6 98 255 255 255 243 111 255 158 178
    84 191 228 220 255 255 102 255 171 255 72 234 255 108 50 255 217 255
    255 255 255 255 255 117 255 255 255 184 0 255 255 48 216 30 201 194
    218 76 12 2 56 234 202 255 117 255 255 139 138 154 255 18 233 255
    255 251 255 70 255 255 44 158 242 116 255 16 255 217 255 124 36 255
    16 201 145 255 239 255 255 255 255 140 144 200 26 255 255 210 100 67
    156 10 117 255 255 220 255 64 255 255 170 255 255 128 255 56 10 255
    200 158 255 255 255 40 34 255 214 134 201 255 192 255 149 255 116
    255 36 104 224 14 255 255 255 122 222 204 255 255 255 255 255 214
    255 113 255 177 255 224 34 255 255 162 139 52 197 52 18 144 139 255
    76 255 184 106 234 255 112 255 136 255 255 255 92 73 34 197 97 222
    98 255 42 255 255 255 255 111 255 179 12 134 255 182 255 80 255 255
    255 255 255 255 71 255 211 255 255 207 91 255 32 255 255 255 255 8
    255 54 255 255 109 152 255 6 255 253 255 104 40 255 196 211 107 255
    16 135 252 255 255 246 217 255 58 255 255 60 136 255 8 255 157 146
    255 255 255 255 109 62 243 200 255 255 255 255 255 28 104 92 149 255
    255 32 255 42 252 255 255 242 24 235 255 98 108 255 34 211 255 234
    56 255 4 255 255 255 255 246 255 255 255 72 84 202 4 255 255 50 255
    255 255 64 255 255 116 255 126 183 240 255 221 255 98 30 255 16 255
    248 255 88 255 255 255 226 255 152 157 204 126 255 255 6 255 255 92
    255 204 255 65 255 154 143 80 255 67 104 84 255 255 255 255 96 12
    255 255 255 255 255 62 28 255 70 119 46 46 196 138 255 85 255 227
    255 74 24 255 255 201 255 255 255 255 255 247 255 138 195 101 255
    255 255 255 255 26 255 108 255 230 255 240 255 96 255 255 239 173
    255 255 255 255 255 255 104 154 255 255 197 255 255 255 24 38 36 147
    158 48 255 18 132 52 255 106 255 166 164 131 182 255 143 10 124 85
    146 255 255 202 255 4 255 255 255 255 255 255 80 66 255 62 255 255
    255 24 238 224 255 255 36 195 255 255 32 192 208 20 255 112 213 208
    255 255 141 124 255 255 142 112 234 34 255 159 255 104 77 114 255
    204 128 86 171 255 72 125 152 255 255 166 255 255 255 255 20 52 46
    186 255 20 255 166 255 255 255 136 244 60 110 143 255 247 255 38 26
    36 255 134 255 255 255 255 32 94 196 30 110 155 120 50 255 122 255
    255 254 205 173 255 255 28 255 92 34 100 215 255 255 255 255 10 255
    71 255 255 234 255 255 255 2 187 93 255 219 255 255 255 44 2 255 255
    78 166 255 255 8 255 255 255 255 255 22 133 255 94 255 255 255 255
    255 255 255 255 255 255 66 229 48 0 156 109 208 100 255 255 183 101
    202 44 210 255 255 255 212 128 20 255 255 255 90 255 255 255 4 28
    255 10 69 136 122 255 32 179 255 255 255 255 255 20 255 14 66 255
    255 100 157 238 243 194 232 255 24 255 164 255 22 249 99 2 255 255
    255 255 198 110 185 255 255 142 131 255 255 255 255 255 218 255 54
    208 255 88 79 142 138 255 240 30 194 255 255 56 194 255 105 170 4
    255 112 255 232 50 255 255 255 255 73 255 174 255 255 255 85 120 16
    99 206 158 255 120 156 26 255 100 255 255 255 255 146 255 255 180
    255 255 70 255 171 255 255 127 255 193 238 255 255 255 255 255 255
    255 203 89 255 255 255 255 136 38 152 46 255 4 6 255 236 152 255 255
    203 255 255 166 255 244 255 115 26 255 255 255 140 246 255 62 93 24
    255 145 255 255 26 255 255 182 255 152 73 146 80 255 172 189 123 255
    221 2 255 255 143 255 255 255 255 255 248 255 58 255 255 136 255 255
    219 255 238 126 255 36 255 255 255 205 255 20 166 28 106 255 255 255
    239 131 255 247 255 82 255 141 255 110 255 124 255 255 255 98 255
    184 76 89 24 255 255 255 255 255 255 255 165 255 42 255 172 124 117
    104 255 255 255 38 157 4 255 50 126 50 0 58 104 159 86 255 255 244
    122 255 222 255 40 60 209 255 255 255 255 255 48 255 114 74 250 255
    255 69 255 134 255 240 255 20 255 255 153 255 128 236 255 255 255
    255 201 255 255 82 255 255 20 255 82 70 192 62 229 255 255 181 34
    255 193 255 134 247 255 146 2 255 64 203 255 255 217 255 242 128 255
    255 96 133 208 100 161 168 124 255 206 255 255 255 255 208 255 255
    255 255 255 255 255 255 216 0 255 255 255 255 252 204 102 255 14 255
    255 58 40 255 255 4 121 255 88 255 255 98 226 238 255 255 255 154
    103 255 179 0 255 94 255 255 255 255 168 46 255 154 255 222 0 255 40
    14 255 101 98 4 87 230 233 73 255 168 255 236 255 255 166 199 255
    208 255 255 255 98 40 46 255 255 255 215 255 255 255 255 255 152 91
    255 255 255 234 255 255 255 201 16 254 239 10 128 255 255 255 42 226
    0 255 255 174 255 255 18 118 255 234 255 255 255 124 194 255 255 255
    58 255 255 255 255 10 116 72 182 192 255 81 255 255 236 255 255 173
    248 199 255 98 181 255 255 255 255 255 251 65 146 255 81 230 255 255
    255 255 255 66 60 20 174 235 255 18 168 255 255 255 255 168 255 255
    255 110 73 94 255 255 30 44 255 212 255 255 140 255 255 255 255 255
    54 42 255 84 255 206 255 255 113 255 255 255 255 213 163 152 255 255
    255 255 95 72 193 255 30 255 216 32 255 255 16 255 255 255 255 182
    255 223 255 255 255 255 152 255 101 255 211 214 254 255 255 172 255
    255 255 108 255 255 255 255 88 225 111 182 78 255 218 255 63 102 6
    255 118 255 255 180 255 255 255 255 163 255 12 252 52 255 192 255
    134 26 255 255 56 255 120 202 255 255 255 255 255 255 255 76 255 255
    255 255 246 255 255 254 255 157 112 255 198 60 255 14 224 255 255
    112 255 69 255 255 220 236 219 255 156 156 163 80 255 81 114 255 255
    42 110 255 8 255 255 150 98 255 58 255 44 255 255 255 255 255 255
    100 64 190 100 233 6 255 255 192 255 86 252 255 221 255 128 255 123
    255 124 255 16 199 255 156 4 159 68 100 255 204 255 255 255 104 32
    255 92 40 255 46 75 255 255 220 255 124 255 182 86 147 255 134 58 56
    174 182 255 30 255 246 215 255 242 255 255 255 185 175 255 38 255
    188 255 115 2 189 61 255 255 24 255 211 255 255 255 255 255 80 101
    102 255 113 112 20 255 184 225 107 255 227 255 255 78 255 255 255
    107 255 255 255 172 255 135 124 74 81 208 233 119 46 40 255 255 229
    87 255 255 255 124 172 103 44 255 157 64 255 22 255 195 255 216 68
    188 240 189 133 255 231 255 255 255 255 72 26 145 255 255 255 148
    255 255 255 50 151 255 255 38 114 211 255 56 233 230 220 227 165 255
    255 255 72 255 255 255 82 255 255 255 255 255 255 79 255 255 93 255
    255 6 228 84 255 12 255 236 230 14 85 255 80 255 68 241 255 255 255
    103 255 148 255 255 255 255 255 42 255 255 152 255 110 20 99 255 148
    255 255 255 255 128 185 121 255 255 255 255 235 255 162 172 113 255
    255 255 255 40 242 255 233 255 120 255 255 255 255 232 255 193 255
    172 255 240 255 98 79 255 193 91 255 255 255 192 255 255 255 233 255
    48 255 204 244 179 232 236 255 255 255 255 109 255 189 255 152 189
    255 255 38 255 255 38 255 255 253 255 200 255 28 42 217 255 255 60
    180 48 251 230 222 255 255 88 0 40 255 116 14 196 255 255 255 255
    255 255 142 255 255 255 255 255 255 255 74 74 143 255 255 255 255
    255 175 54 22 24 255 42 87 200 255 0 255 255 204 255 120 77 2 255
    255 40 255 171 6 148 26 34 112 93 28 128 255 255 255 255 255 255 133
    255 255 52 34 255 192 58 255 255 230 255 58 255 255 255 20 255 255
    255 255 194 218 255 63 255 231 255 255 255 255 100 225 143 2 255 119
    158 255 89 140 255 255 255 255 222 255 82 139 255 255 255 255 44 255
    78 255 248 255 255 16 152 102 54 220 68 255 255 50 161 255 255 255
    100 124 255 255 142 200 122 255 52 36 255 6 255 78 190 255 217 103
    255 221 34 255 138 255 212 255 175 255 227 222 255 255 244 66 114
    255 220 255 255 118 255 255 226 255 196 255 28 255 48 90 255 255 255
    255 18 255 198 186 255 105 255 12 127 58 181 133 176 6 255 255 255
    255 152 255 255 120 40 18 94 86 255 255 22 255 246 124 255 198 52
    255 255 227 255 255 211 69 255 255 255 255 156 228 255 183 151 94
    255 109 194 255 188 255 227 240 255 255 244 255 166 40 212 255 244
    160 255 145 255 255 218 255 187 255 84 255 175 255 255 175 255 255
    85 255 251 255 255 255 105 255 255 81 255 70 255 255 82 255 134 205
    103 255 255 250 255 253 127 66 255 202 255 255 180 240 48 234 252
    251 255 255 229 40 255 255 75 255 255 255 255 108 182 255 255 255
    255 229 113 255 255 254 168 255 255 206 255 61 20 255 121 255 140 14
    255 255 255 255 255 255 118 255 255 255 255 151 255 140 255 112 255
    255 255 168 255 4 177 255 80 68 52 182 38 61 255 255 255 202 251 255
    255 255 255 36 225 255 246 255 255 255 170 141 232 255 137 255 247
    255 255 193 255 255 255 175 224 255 255 255 255 151 120 255 255 224
    255 22 224 255 255 18 255 255 255 255 73 150 88 255 255 72 255 255
    231 255 255 16 255 80 255 111 204 255 255 255 255 32 210 255 125 78
    255 255 255 66 255 255 255 255 200 255 194 114 255 180 42 126 248
    142 26 255 112 255 255 255 56 161 68 189 0 190 255 145 240 132 163
    255 80 255 16 201 50 255 130 131 255 255 254 38 255 73 255 26 255
    255 6 255 255 255 230 255 255 255 255 255 255 116 56 255 255 255 46
    255 255 254 120 255 255 255 110 4 34 110 222 136 215 123 255 164 63
    252 255 255 255 108 255 94 255 218 255 255 200 180 32 255 88 255 255
    4 255 210 110 255 255 30 255 123 172 227 255 236 255 204 255 156 255
    255 140 67 255 215 180 255 255 255 255 98 255 14 16 131 212 243 255
    238 255 255 16 62 255 88 255 139 24 255 129 170 128 255 78 255 255
    255 197 40 18 32 210 255 255 12 128 255 255 255 255 143 255 255 255
    255 255 161 255 213 135 248 255 153 84 255 212 255 255 16 214 255
    238 100 18 255 255 177 182 255 174 255 255 98 255 96 114 255 255 255
    255 94 70 255 255 189 255 255 158 255 214 4 155 98 255 165 80 255 4
    255 94 255 255 255 255 172 255 255 255 66 244 158 255 255 206 255 10
    255 255 255 255 249 255 255 4 52 18 255 255 255 235 246 255 255 255
    255 96 255 110 255 255 244 96 255 255 162 255 236 255 218 255 255
    255 255 82 89 255 160 255 255 255 131 212 28 255 102 255 105 144 255
    63 36 201 159 255 255 79 255 183 255 186 255 26 255 255 186 238 80
    58 182 255 139 255 217 202 112 255 255 4 50 255 255 255 46 58 255
    255 255 255 194 255 58 91 206 247 255 255 255 255 255 201 224 255
    255 255 132 229 255 186 112 61 255 237 69 255 26 255 6 148 12 184
    215 255 255 255 14 255 88 242 255 18 240 255 255 109 255 255 255 255
    255 255 255 255 242 118 130 255 255 96 255 255 255 85 0 255 255 255
    255 255 255 255 165 255 160 255 255 255 255 255 255 52 126 255 196
    255 255 255 82 255 255 255 255 255 120 237 255 200 255 222 255 239
    10 255 62 255 8 94 255 98 255 83 255 255 255 255 102 255 255 255 137
    90 251 255 255 255 255 148 241 255 246 255 255 255 255 58 255 255
    255 255 255 48 255 255 143 0 255 58 255 255 255 24 255 255 56 96 255
    106 88 255 96 255 8 134 255 255 255 255 255 164 247 184 255 255 255
    32 168 95 166 223 255 255 189 255 122 106 242 255 255 255 255 255 32
    64 42 255 184 255 252 30 255 220 255 52 151 150 164 255 255 209 255
    255 22 109 34 82 214 255 108 95 255 231 255 255 24 255 116 162 32
    255 0 255 174 152 255 228 255 255 255 146 26 120 255 180 255 255 255
    56 166 255 255 255 46 255 255 103 255 189 161 254 255 18 142 255 242
    255 26 44 255 221 20 126 255 87 198 8 2 255 142 255 182 34 255 202
    98 255 255 255 255 218 255 255 255 255 255 36 255 42 70 255 255 255
    255 255 248 255 255 132 255 87 255 255 30 255 14 255 255 199 255 196
    255 255 255 10 255 255 255 8 255 66 255 255 255 71 255 74 255 255 12
    255 152 181 24 255 0 255 222 255 46 255 255 255 255 255 254 255 255
    255 255 255 111 255 172 123 255 78 236 0 255 255 255 255 255 255 255
    255 255 255 255 42 255 255 255 237 24 255 255 255 255 86 50 255 253
    127 250 243 255 20 237 196 255 42 255 255 251 255 255 255 255 254
    255 190 102 18 255 18 255 169 255 255 255 194 255 216 30 253 255 255
    255 255 255 56 216 255 255 255 255 255 255 206 120 255 148 255 87 0
    36 246 255 255 77 122 164 42 255 255 255 196 255 161 14 211 234 255
    245 186 214 136 212 255 108 20 255 255 216 255 255 145 250 255 255
    210 255 255 255 255 255 255 152 32 255 255 38 148 255 137 255 223
    255 255 255 255 255 255 159 255 255 255 255 191 127 255 255 153 88
    255 38 8 255 255 26 255 255 255 255 255 48 96 255 255 255 255 90 126
    4 255 255 58 62 56 250 190 255 65 184 255 255 220 166 255 20 255 169
    18 255 73 202 116 22 255 255 149 210 255 149 255 255 255 255 92 190
    255 255 255 255 152 125 255 70 255 255 62 255 255 66 255 206 239 208
    102 255 255 255 255 111 152 255 22 80 124 255 255 255 111 255 255
    137 128 78 73 255 255 226 44 255 101 238 255 255 32 130 255 255 112
    255 184 32 184 255 132 255 224 42 234 60 166 255 158 255 186 255 255
    255 160 112 16 178 108 58 72 255 67 16 170 54 255 14 255 255 221 196
    255 211 255 190 187 246 190 249 255 16 255 180 142 36 255 38 185 141
    255 255 151 192 255 255 255 239 255 255 255 141 130 0 161 255 255
    139 255 255 58 168 174 255 86 253 255 255 255 73 255 203 255 96 255
    32 184 34 32 240 154 255 118 187 117 182 12 4 30 255 107 255 158 255
    255 255 255 166 177 255 48 255 87 255 255 61 190 255 255 255 235 255
    156 255 255 74 2 255 42 255 246 244 255 255 28 255 198 154 255 175
    255 36 255 255 140 255 150 223 79 126 255 255 255 245 109 214 255 50
    255 255 77 255 255 180 255 64 202 8 221 255 10 255 218 88 44 63 255
    255 194 66 94 255 12 255 255 218 205 255 198 255 208 255 255 255 180
    255 255 12 86 255 255 207 255 72 255 228 66 255 255 255 255 139 136
    255 163 255 213 127 66 60 255 255 66 111 255 255 228 142 8 234 230
    255 255 72 255 24 255 249 83 102 255 38 210 140 255 46 237 255 255
    94 75 255 255 180 255 16 137 255 96 109 255 108 255 255 156 230 255
    255 255 38 255 254 255 255 255 255 255 190 60 100 129 255 72 133 162
    30 8 216 255 255 78 142 255 228 255 42 255 255 255 218 80 216 255 24
    255 80 255 139 255 255 255 146 44 190 254 255 109 152 28 255 255 255
    103 255 255 255 216 106 252 204 255 255 212 14 165 255 144 153 22
    225 129 255 235 107 255 92 255 255 255 182 255 48 255 132 122 255 10
    255 255 132 255 255 255 255 255 255 255 255 255 221 73 166 30 255 32
    255 255 255 108 255 255 255 255 255 241 255 64 255 139 255 181 255
    172 18 255 206 255 255 255 48 255 255 132 157 218 193 255 255 255
    255 240 170 236 118 255 173 255 255 255 255 255 255 42 136 255 228
    255 163 255 231 255 254 158 178 42 255 255 20 225 255 50 255 255 255
    255 255 166 233 107 48 223 255 255 108 255 152 255 48 4 108 12 255
    18 139 192 142 255 216 32 255 255 255 255 255 255 255 204 197 255
    144 215 255 255 255 232 255 255 255 255 255 255 255 60 28 255 255
    255 255 255 255 136 74 71 255 156 127 66 217 255 106 255 12 8 255
    103 68 150 145 162 199 236 255 255 255 14 255 87 255 255 255 255 16
    255 98 255 255 178 195 255 255 185 171 162 255 255 144 255 255 152
    132 255 36 203 155 255 154 255 110 191 83 34 193 252 30 146 255 178
    183 255 255 20 173 255 255 129 136 255 255 255 255 255 122 255 255
    84 0 242 255 255 159 54 255 255 255 128 125 184 144 151 255 255 255
    255 255 127 238 193 50 255 132 151 90 255 165 122 255 255 255 90 87
    255 54 255 255 189 182 255 193 208 134 179 255 255 255 255 255 12
    255 255 138 81 118 255 255 255 225 255 255 255 165 66 255 255 72 181
    255 136 255 255 255 211 81 62 255 192 162 255 255 26 255 255 162 183
    194 66 138 255 94 183 255 255 207 255 118 217 255 70 255 255 255 255
    113 4 66 190 255 152 173 2 255 255 242 255 255 158 181 255 108 92
    234 255 255 194 68 255 255 210 211 107 70 66 36 255 160 89 255 255
    255 218 70 69 255 174 255 26 247 255 208 255 255 255 255 228 148 255
    255 255 90 255 98 28 141 232 255 192 255 227 107 106 207 255 2 255
    255 198 128 6 255 255 18 134 255 255 68 255 171 255 255 255 255 255
    214 46 255 0 255 181 61 70 255 255 108 166 255 255 255 119 255 116
    255 216 100 61 255 255 44 255 255 255 255 255 255 208 255 255 132
    255 214 255 255 255 16 255 255 255 255 255 255 255 255 48 255 6 255
    255 255 255 251 255 255 138 255 255 124 255 255 106 255 176 255 194
    154 205 255 34 255 255 50 255 89 148 16 255 200 255 255 255 179 255
    255 255 198 255 164 24 254 255 255 255 66 255 78 108 83 152 162 255
    236 255 119 255 255 58 255 74 255 6 197 255 10 241 133 255 255 255
    255 255 85 255 255 255 26 199 250 255 255 255 94 52 204 166 168 255
    94 124 255 255 255 255 60 142 115 50 106 255 154 140 255 255 255 255
    158 255 157 255 255 161 255 255 20 255 80 255 255 148 255 255 70 255
    255 255 165 255 255 26 148 255 244 252 38 222 255 255 255 255 142 18
    255 255 50 148 255 255 100 255 255 208 255 157 255 255 198 236 255
    36 62 20 255 222 211 165 255 255 18 148 88 255 255 255 117 255 255
    73 22 255 255 6 255 255 8 132 48 255 255 255 2 255 32 255 166 255
    118 255 255 80 116 20 255 195 26 255 189 255 255 68 255 228 108 38
    255 66 255 12 255 137 255 225 255 6 255 56 194 255 238 255 255 105
    40 68 184 255 255 180 255 255 67 255 205 129 255 255 255 6 255 175
    108 255 75 255 233 105 16 255 200 34 255 175 188 30 238 168 255 255
    255 66 255 255 88 218 20 255 255 44 255 255 255 158 255 178 255 255
    112 255 143 255 255 255 255 227 255 255 255 238 255 34 75 255 255
    255 255 255 252 154 78 255 130 255 255 255 102 184 120 38 252 255 50
    255 255 142 255 70 213 236 102 233 115 234 255 79 255 124 255 110
    255 255 255 255 85 196 255 101 118 227 182 255 170 255 66 255 255
    224 255 255 255 98 10 218 255 255 140 255 125 62 142 255 224 255 232
    255 74 255 198 100 95 18 255 255 180 255 255 24 241 89 72 172 255 64
    255 255 255 255 255 20 255 255 255 2 107 255 255 8 255 44 250 255
    255 255 70 54 255 156 255 232 180 100 255 132 255 255 255 144 255
    255 28 71 255 255 65 176 100 255 204 122 131 255 48 255 255 255 63
    128 126 255 255 185 255 154 255 255 255 16 40 84 255 255 255 255 93
    114 255 255 255 148 127 255 255 0 255 140 184 255 255 255 255 255
    143 246 255 255 255 255 255 16 235 38 255 255 107 12 160 255 255 251
    255 56 255 12 22 255 255 255 102 255 60 255 105 255 255 75 255 255
    255 208 255 69 255 255 127 255 152 171 255 80 147 108 255 58 255 94
    230 255 128 255 255 128 255 255 213 129 150 255 255 20 255 255 130
    255 103 12 255 157 132 142 255 255 102 255 255 18 255 255 255 38 255
    255 73 255 253 52 255 80 255 112 249 208 255 90 186 255 8 255 255 2
    145 255 26 255 34 62 36 255 38 255 72 44 87 255 255 255 255 197 255
    182 114 192 184 38 255 202 122 246 255 255 255 214 223 65 255 255
    135 218 255 255 255 221 255 255 150 255 52 108 180 255 255 56 142
    120 163 255 255 32 32 255 242 106 255 186 124 138 255 206 243 255
    255 255 153 102 255 75 255 255 105 255 255 14 255 255 255 255 116
    255 255 255 255 190 255 255 230 140 255 242 162 240 150 255 255 0 6
    255 6 255 255 255 138 255 228 30 163 102 22 79 128 189 101 6 38 255
    12 255 255 218 24 196 255 255 87 50 255 255 255 86 255 255 231 255
    255 255 255 24 255 255 255 255 255 254 253 255 96 44 255 218 255 255
    255 62 255 34 191 42 255 18 61 138 96 255 54 20 255 255 225 242 255
    227 255 255 255 255 10 205 46 132 255 255 255 255 255 255 162 79 152
    36 20 26 255 36 154 255 255 38 255 255 255 255 255 148 92 238 255 94
    107 255 255 255 172 128 255 255 255 153 255 64 255 255 255 255 222
    253 255 232 255 255 218 211 255 208 170 255 44 172 255 80 255 61 32
    58 30 255 255 255 176 255 155 178 36 255 178 237 12 255 255 192 90
    255 34 255 48 255 124 255 255 224 255 255 255 136 242 255 138 255 10
    255 169 228 255 255 230 92 255 255 255 255 255 199 255 255 74 255
    166 255 71 152 255 255 80 98 255 226 158 255 255 116 242 232 255 255
    0 255 255 255 255 255 136 116 212 255 4 255 58 255 32 178 255 255
    255 255 255 26 255 255 255 255 8 255 247 87 255 255 175 120 174 255
    255 255 52 255 162 255 255 255 61 255 255 255 186 255 255 255 138
    255 152 255 83 74 255 255 82 170 255 230 38 127 255 116 255 255 100
    48 255 255 255 255 255 255 108 255 67 255 255 255 255 22 255 255 219
    119 146 108 255 255 181 159 255 255 255 62 122 143 104 255 255 255
    215 157 255 44 255 164 104 157 60 120 255 36 255 0 148 164 255 255
    255 255 46 0 143 255 255 6 134 255 222 255 255 255 248 255 255 255
    104 255 255 255 255 198 255 129 255 38 255 160 255 255 160 189 255
    255 255 255 120 160 240 255 44 12 255 213 34 255 255 8 138 12 255
    172 255 200 238 30 115 255 255 131 140 255 178 206 193 192 255 132
    73 194 255 255 255 217 255 56 255 186 255 207 194 172 255 178 236
    255 255 216 255 77 196 0 190 255 255 4 255 255 87 158 255 129 255
    255 255 124 255 255 30 185 232 192 170 129 246 166 107 10 72 240 10
    255 214 255 100 12 64 164 48 150 152 32 255 255 255 92 255 232 255
    58 135 255 255 4 255 164 8 255 130 24 255 0 248 255 255 255 255 62
    208 76 255 141 48 255 255 126 209 255 255 255 0 255 181 255 255 102
    255 255 255 56 108 203 246 180 255 255 104 100 255 255 168 24 18 255
    63 255 255 255 80 255 255 44 255 255 112 34 255 255 229 255 232 255
    255 182 36 255 134 80 255 255 255 2 255 50 111 98 219 255 255 138
    255 10 229 143 255 231 42 255 255 192 72 82 255 255 138 255 255 98
    52 148 112 93 188 106 255 94 98 212 174 80 127 228 146 255 246 253
    255 255 98 255 56 215 254 255 221 255 132 255 255 28 160 255 94 255
    171 80 255 44 255 255 255 255 2 255 146 255 69 188 251 255 246 28 69
    138 255 173 36 86 255 16 255 255 124 255 236 120 100 123 244 16 69
    255 191 169 255 191 255 94 233 255 255 255 255 255 255 255 226 255
    255 62 255 255 255 255 107 255 255 255 172 255 42 30 255 255 34 146
    36 255 56 115 255 22 208 198 255 224 255 26 61 255 100 250 255 255
    255 255 102 255 136 195 255 190 148 255 114 255 255 255 255 255 22
    255 63 198 110 236 255 255 182 76 255 61 126 138 255 255 255 255 162
    255 255 102 44 242 255 80 117 255 42 228 255 120 255 255 255 255 255
    106 255 16 52 255 186 255 4 255 255 40 255 255 255 52 38 85 136 209
    255 255 255 151 255 255 255 116 255 255 255 2 208 255 233 255 255 62
    54 255 255 255 196 209 178 70 72 210 38 255 255 196 84 255 255 243
    255 244 58 255 236 174 171 166 255 20 255 255 178 255 255 255 255 48
    255 84 170 255 254 60 255 255 255 255 255 255 222 255 255 255 230
    255 255 148 22 87 255 255 255 188 255 198 84 255 238 214 255 255 14
    223 71 144 172 255 10 231 255 178 255 56 208 255 255 255 60 103 255
    24 58 118 197 255 255 255 99 255 134 50 255 255 255 255 38 196 106
    255 255 255 92 69 238 255 255 255 255 220 255 92 125 120 239 255 255
    255 255 255 221 255 158 223 255 60 215 99 114 255 97 192 255 188 130
    42 255 255 255 255 255 255 255 8 48 52 255 225 255 255 255 230 90
    255 255 8 255 255 255 100 255 255 255 52 20 14 145 184 255 255 255
    255 255 255 247 30 255 255 255 255 108 127 255 255 42 255 255 202
    255 132 255 255 154 97 16 255 95 242 138 255 180 255 255 4 255 224
    255 255 14 248 233 71 255 251 255 124 130 24 100 60 255 255 255 255
    255 255 255 236 255 255 255 10 255 255 90 218 138 255 255 255 235
    255 255 92 91 214 136 103 54 179 255 255 255 255 40 245 200 255 255
    255 255 58 131 255 239 255 255 66 178 238 255 139 255 185 30 255 231
    255 255 2 123 255 255 255 255 255 255 30 162 255 92 255 255 255 60 8
    255 255 214 206 255 255 66 255 255 255 255 255 136 94 242 132 255
    255 116 199 252 34 255 255 86 255 24 4 158 255 255 255 255 2 255 119
    170 78 255 90 255 137 255 255 255 110 243 149 255 16 255 198 255 255
    74 100 226 255 255 157 110 255 255 248 255 255 60 251 208 255 255
    216 255 255 255 30 168 196 102 255 42 255 241 255 58 255 0 112 255
    255 255 255 255 116 255 12 255 30 255 134 217 171 255 255 255 255
    233 255 170 255 61 156 255 36 24 253 180 255 255 255 240 255 255 206
    88 255 255 50 255 130 255 83 255 122 255 68 255 204 255 104 81 255
    255 147 255 255 255 38 247 255 10 62 137 255 251 169 58 255 255 228
    255 255 144 122 255 255 179 206 0 88 133 255 94 255 255 255 61 255
    255 61 255 172 255 158 255 40 128 2 255 255 78 255 255 82 38 146 243
    135 198 140 71 44 255 121 200 255 255 178 108 255 255 82 226 255 201
    255 106 22 175 255 255 4 68 255 255 248 255 255 255 219 255 255 70
    147 255 255 77 255 255 255 36 106 255 255 168 255 252 255 173 232
    255 255 108 255 255 84 255 255 255 255 145 8 46 255 255 255 255 74
    239 255 214 255 111 255 193 255 255 255 75 255 255 255 255 179 255
    18 38 178 255 255 255 106 255 216 70 255 255 74 255 157 34 255 20
    255 142 12 255 36 161 255 255 255 255 255 226 188 255 214 174 247
    255 0 255 255 255 255 210 255 52 255 98 22 10 48 56 255 56 255 242
    64 108 105 255 255 4 255 215 255 255 223 75 254 136 157 255 10 93 52
    255 255 22 70 107 110 128 255 255 255 255 255 233 22 255 181 255 6
    255 238 188 255 52 255 154 99 255 138 6 236 255 255 126 162 123 222
    32 255 255 255 236 255 251 109 18 255 246 14 255 115 6 255 133 255
    160 101 255 253 42 170 255 255 255 70 212 22 255 105 255 255 218 24
    146 151 255 32 255 208 170 250 255 255 186 255 122 255 255 255 175
    136 255 255 36 12 255 142 40 255 216 14 242 224 255 255 255 38 255
    255 255 87 244 255 71 54 255 2 84 255 255 255 209 255 255 255 61 255
    201 216 172 132 163 28 255 255 66 14 91 50 255 255 255 255 255 255
    225 255 255 255 255 0 26 255 90 255 143 255 255 216 176 255 255 234
    179 30 234 154 240 82 215 255 148 112 255 255 166 145 255 124 107
    255 118 255 208 172 24 154 255 255 150 179 255 255 28 161 132 255
    255 128 255 255 210 231 255 255 68 255 94 255 216 254 255 89 255 56
    159 166 255 145 18 110 255 228 96 255 146 80 255 255 28 30 255 52 20
    255 72 192 255 255 56 255 255 186 255 255 255 48 243 255 180 78 255
    255 255 135 255 2 250 255 48 255 252 255 230 255 255 255 106 255 255
    172 255 117 255 104 255 255 239 115 60 255 121 255 255 18 255 209
    200 255 187 255 234 191 255 114 255 255 255 255 131 255 255 255 255
    255 73 255 32 73 68 70 127 76 122 255 200 255 255 194 255 255 120
    255 255 116 247 255 255 255 255 255 255 77 255 255 109 32 90 255 255
    255 73 255 255 149 76 255 16 172 255 248 50 255 18 255 84 255 142
    213 123 255 255 255 224 213 255 255 251 173 255 213 147 174 46 95
    198 255 255 238 199 44 84 187 255 255 255 255 228 162 121 255 136 4
    255 255 255 255 146 186 255 255 255 136 255 255 255 255 135 255 221
    255 255 255 81 16 58 255 108 130 95 255 231 255 20 255 81 166 255 97
    255 191 42 255 54 255 255 74 83 255 255 255 255 209 71 96 86 38 255
    179 255 255 255 255 184 245 75 255 255 255 255 241 196 58 255 255
    255 255 255 255 255 255 255 255 54 158 255 255 208 255 121 255 255
    255 24 4 255 14 90 255 255 92 255 255 114 99 144 255 16 152 255 255
    156 14 255 22 255 87 255 255 109 142 189 133 72 255 255 255 138 255
    234 128 255 226 255 105 255 187 119 255 231 255 50 255 255 255 255
    255 255 96 54 255 255 255 170 255 242 34 255 151 255 162 255 24 255
    255 255 205 255 86 72 26 192 255 255 255 255 255 164 26 255 255 255
    255 255 213 180 80 255 255 255 30 255 10 255 188 8 255 36 106 255
    196 60 195 133 84 255 20 150 255 255 255 255 255 254 255 255 174 255
    255 255 255 254 0 146 255 110 255 123 255 241 255 148 122 178 255
    255 165 255 26 42 124 255 46 255 255 255 154 122 255 148 191 255 190
    255 255 30 22 255 255 255 255 255 255 255 255 78 255 255 255 93 255
    255 48 78 255 255 102 241 255 255 255 255 112 22 255 212 255 99 255
    140 79 134 136 77 70 255 255 238 12 236 194 255 255 230 255 169 255
    255 145 224 255 117 255 255 255 255 255 255 10 255 93 255 207 255
    255 60 36 14 255 147 255 22 63 144 255 255 255 255 255 110 255 77 82
    255 175 16 54 255 255 255 234 255 255 101 255 255 163 66 255 131 255
    164 255 255 12 255 206 225 93 255 174 255 26 255 4 255 56 255 38 247
    222 255 187 182 255 168 91 255 158 255 114 106 18 255 4 10 255 255
    255 255 255 244 110 255 218 255 146 12 255 255 40 255 255 30 168 124
    135 32 255 255 255 211 255 255 255 206 164 112 24 198 255 255 255
    142 244 14 255 46 138 255 255 255 255 63 255 255 255 228 255 255 255
    255 255 144 0 202 255 255 129 0 255 117 74 251 254 255 255 255 202
    255 255 178 48 137 158 255 255 255 255 255 230 255 255 176 235 255
    208 62 255 108 255 155 58 255 20 240 243 255 24 219 255 255 245 255
    208 255 255 90 255 248 0 217 210 255 255 109 255 255 214 255 215 105
    255 255 196 255 172 254 255 102 255 98 255 208 154 255 255 218 255
    186 32 255 67 114 255 255 255 255 255 255 4 255 255 164 255 106 255
    69 160 251 121 108 255 255 44 255 255 16 76 169 32 255 255 96 4 255
    30 255 141 255 255 121 255 255 255 255 239 218 255 118 220 255 255
    52 96 255 255 246 116 255 255 255 91 255 215 255 242 255 255 255 255
    255 255 255 255 164 92 255 92 255 255 255 136 255 255 255 101 255
    255 97 255 255 32 255 255 230 255 255 36 255 255 255 255 231 186 90
    42 32 244 255 85 255 72 255 92 255 147 255 255 255 255 168 255 255
    255 222 204 132 255 255 255 255 255 255 103 58 255 101 58 255 255
    250 255 255 64 241 255 255 255 255 16 255 255 216 255 32 222 181 255
    70 189 40 244 255 220 50 245 255 88 255 131 255 112 255 44 255 255
    255 26 230 255 255 255 255 255 255 255 233 173 118 255 255 255 255
    255 255 255 255 255 255 250 255 255 109 64 126 255 255 62 255 76 255
    255 164 102 65 220 42 255 176 255 34 255 255 228 156 132 255 255 255
    255 255 211 127 255 255 255 255 255 255 255 40 255 255 14 139 255
    255 71 154 255 255 255 215 244 255 255 255 86 255 44 60 32 16 255
    255 218 255 66 255 98 255 255 252 181 255 255 239 125 66 80 255 164
    255 255 255 255 255 196 255 184 162 62 255 74 231 255 146 16 255 255
    30 129 210 255 255 255 22 48 255 255 255 22 183 81 144 255 12 255 36
    255 255 140 255 80 72 255 255 76 255 255 110 255 255 255 129 255 255
    255 114 255 255 14 32 255 255 255 63 2 199 115 236 255 50 255 134
    255 80 148 69 255 116 2 255 255 255 255 120 234 255 255 151 18 255
    255 255 255 4 255 253 131 255 255 255 8 98 255 176 255 255 255 255
    255 178 255 8 255 255 226 84 255 214 255 28 255 255 187 255 134 255
    20 255 6 46 255 255 190 255 241 228 255 104 67 252 255 163 112 14
    255 255 88 151 238 255 151 166 255 20 162 255 137 255 44 255 255 255
    40 160 48 178 255 207 255 255 245 46 255 255 194 255 255 255 136 52
    255 255 255 255 255 10 255 255 255 255 142 170 255 255 201 255 255
    255 255 22 255 224 255 255 255 255 255 107 255 255 255 255 255 143
    180 64 95 255 255 255 255 84 255 6 255 255 255 255 255 255 98 255
    238 255 255 255 255 255 42 255 180 252 70 255 90 255 255 136 255 6
    250 255 255 114 215 255 180 255 48 226 197 255 60 142 255 255 221
    127 184 255 255 255 255 255 255 255 182 255 255 255 255 255 99 255
    38 165 32 94 255 22 255 255 255 12 255 188 243 255 190 112 129 255
    112 71 255 255 255 28 255 255 255 187 255 255 30 204 255 16 141 146
    255 222 255 255 4 54 255 255 255 215 123 255 255 222 96 112 109 255
    60 95 8 255 26 255 251 255 255 255 255 255 255 61 255 195 255 255
    255 255 255 255 202 188 158 255 255 197 129 252 237 89 78 255 89 2
    98 115 255 114 54 2 255 131 255 217 255 255 126 255 16 62 255 255
    255 153 190 98 127 106 255 115 214 255 52 50 189 151 230 255 255 255
    64 255 255 255 255 136 241 255 72 199 169 255 213 255 255 255 139
    214 72 255 132 203 255 84 68 99 255 255 255 188 255 16 166 255 173
    104 185 255 255 255 255 255 74 178 84 253 40 255 255 255 206 255 192
    255 108 0 240 255 255 255 255 34 10 166 75 236 231 255 255 199 255
    255 118 255 232 255 255 255 191 255 22 255 255 172 66 85 180 174 255
    174 54 255 255 124 255 162 255 255 255 70 255 82 203 255 236 54 248
    255 156 113 236 255 255 56 122 40 255 156 34 64 154 214 255 18 255
    255 110 42 204 78 149 206 255 69 255 152 69 255 120 255 255 255 206
    12 213 255 255 4 178 255 255 255 0 255 218 255 32 95 224 255 255 255
    215 255 184 227 222 255 255 36 244 207 255 96 255 24 255 255 255 142
    144 255 74 78 255 122 255 255 255 88 54 255 255 255 152 255 220 255
    255 28 255 12 255 255 255 38 34 106 71 86 36 255 46 255 238 152 62
    255 224 255 255 52 231 255 255 102 167 22 255 255 255 255 255 255
    120 255 80 104 50 255 14 113 196 255 255 120 255 255 255 195 255 198
    255 103 66 189 255 255 255 230 255 78 255 255 76 85 126 255 255 255
    255 255 255 80 65 6 255 255 142 8 133 76 255 255 90 255 255 124 179
    255 255 191 255 192 201 255 120 34 103 172 28 255 134 219 83 255 255
    24 255 255 10 255 255 255 255 255 255 255 100 4 226 247 242 106 255
    119 196 255 255 255 255 255 255 233 255 255 215 184 255 255 255 164
    162 44 255 70 255 255 255 255 0 255 255 255 203 255 255 64 117 255
    255 137 255 255 10 36 255 242 90 38 119 255 255 123 64 241 85 116 54
    255 255 251 196 255 255 16 255 255 255 255 48 165 222 243 210 72 152
    99 255 255 208 255 255 196 202 255 127 102 110 238 255 164 196 86
    142 255 255 255 236 58 255 139 136 255 46 240 166 255 255 255 101
    220 177 255 255 255 255 6 255 255 255 14 119 72 197 255 255 187 40
    212 239 255 255 195 255 80 255 255 255 255 255 255 255 255 164 4 255
    92 172 255 255 255 208 122 255 171 255 255 169 180 255 95 255 255 30
    255 255 255 255 255 255 255 255 236 30 90 255 22 4 255 222 16 255
    255 177 255 255 98 12 248 211 8 255 219 4 250 255 119 255 217 255
    255 255 129 255 255 222 255 227 255 10 255 255 255 255 16 124 92 222
    255 255 255 255 255 255 255 150 255 244 193 190 16 255 255 255 156
    255 84 223 255 170 253 255 255 26 255 255 62 255 255 50 255 255 231
    250 202 255 255 154 255 89 192 160 255 255 56 65 255 255 186 54 207
    234 255 20 255 94 205 163 255 197 255 255 255 85 154 255 135 255 40
    255 214 255 255 255 166 123 255 82 0 255 255 157 255 255 255 74 255
    255 255 221 255 255 255 151 252 255 255 142 207 157 255 255 248 255
    185 131 42 193 255 255 18 255 60 255 226 255 138 210 146 174 248 130
    44 61 255 255 52 196 38 48 252 255 79 255 22 105 255 255 255 74 255
    255 255 255 117 58 255 255 190 120 244 255 255 161 255 255 255 192
    255 206 92 205 202 188 2 163 255 255 129 94 255 212 255 116 250 82
    82 2 206 255 255 255 255 255 250 46 115 255 255 99 76 255 255 255
    205 8 255 211 255 80 211 255 102 235 46 255 255 255 252 255 255 255
    255 87 24 138 255 255 229 10 210 108 214 0 195 248 160 112 255 166
    66 255 42 38 255 255 124 255 255 152 200 255 255 255 255 255 255 255
    255 255 255 20 186 255 255 212 255 255 255 58 177 202 255 255 30 255
    255 236 72 177 255 218 255 255 216 211 255 192 154 255 60 255 81 228
    255 255 44 197 139 255 170 145 255 108 255 255 255 153 220 255 255
    255 255 255 254 185 255 255 255 44 255 253 50 104 255 255 18 255 255
    255 255 113 58 255 226 255 98 255 190 255 2 255 64 71 226 201 255
    212 4 93 78 60 255 226 166 255 96 231 255 2 255 255 255 150 81 186
    255 255 220 20 255 255 255 182 16 156 255 60 255 255 255 255 255 255
    213 255 255 108 255 46 255 255 255 154 244 255 255 224 255 164 255
    255 207 50 136 255 244 255 94 204 255 32 178 255 245 255 234 255 255
    70 140 101 132 154 26 224 28 255 198 255 6 216 255 167 255 68 95 255
    28 255 255 255 173 92 201 192 255 136 105 4 247 255 208 255 38 192
    255 255 255 255 95 70 6 135 54 255 255 255 255 255 212 255 50 252
    255 255 168 255 255 255 205 169 230 203 159 250 255 255 244 148 73
    54 255 255 242 233 107 255 255 16 250 70 182 255 255 255 216 255 255
    174 255 73 255 225 4 222 148 42 255 255 255 255 255 151 192 255 255
    255 255 14 255 255 40 192 255 200 255 66 255 255 168 255 130 233 255
    255 2 54 255 56 255 158 243 255 138 255 255 255 88 228 255 168 255
    182 255 255 255 255 8 255 255 220 255 255 16 255 124 6 108 255 212
    255 213 83 255 255 255 255 98 169 255 40 255 255 170 10 228 255 194
    255 181 73 255 14 48 2 164 143 255 255 2 24 255 2 255 255 255 255
    203 226 255 54 255 162 255 169 255 255 255 255 42 255 46 152 230 255
    72 65 0 52 255 255 16 255 52 255 242 94 70 255 204 255 79 172 108
    255 255 255 255 255 154 81 182 255 255 236 255 255 255 148 255 8 255
    255 255 128 255 176 255 2 108 150 139 255 255 115 255 8 255 202 255
    178 198 255 48 210 140 58 255 148 115 86 98 255 255 255 188 255 156
    255 255 255 255 148 255 161 255 144 255 94 255 255 98 255 79 255 255
    123 255 255 42 255 255 119 208 255 255 0 154 71 128 225 255 160 34
    244 228 255 208 255 255 218 222 255 99 144 255 83 178 255 111 216
    181 255 180 104 255 146 255 2 255 170 127 255 70 22 232 233 255 24
    140 0 38 255 139 255 255 171 255 98 95 74 197 255 255 106 255 32 34
    91 234 215 151 242 255 69 255 255 208 34 255 255 255 201 255 156 92
    255 255 255 163 168 255 208 30 255 255 255 104 83 255 140 24 255 255
    255 255 255 255 62 74 232 255 255 143 255 255 12 255 92 208 255 255
    188 255 243 46 255 255 123 255 255 255 255 42 255 255 50 194 242 255
    255 128 255 155 255 255 141 255 255 169 255 195 255 174 80 139 255
    249 20 74 255 255 118 255 255 104 255 255 60 84 26 255 4 255 255 255
    255 255 22 48 255 148 182 208 255 255 255 255 149 255 255 255 56 255
    255 255 255 175 224 255 255 255 92 52 255 255 143 86 16 135 255 255
    250 42 235 255 255 255 255 142 156 30 255 54 95 255 255 255 90 255
    71 255 249 54 202 255 117 198 102 255 0 144 255 222 255 255 46 255
    255 255 114 255 255 112 255 234 255 248 74 255 151 26 255 255 230
    132 192 255 255 143 234 58 192 108 255 255 246 255 165 108 86 192
    130 255 194 255 255 61 34 255 255 255 255 83 255 162 255 12 255 255
    246 255 234 255 255 173 138 255 2 52 255 255 114 255 255 255 231 123
    158 255 255 24 201 228 255 6 255 255 199 255 255 255 255 44 120 73
    126 247 75 190 148 186 255 255 163 46 255 255 108 239 255 255 124
    212 255 255 255 96 255 255 184 255 255 255 255 255 255 255 255 255
    148 255 6 126 196 255 255 6 114 0 137 46 255 255 255 253 192 255 205
    10 220 255 255 255 156 255 255 255 255 236 68 42 255 255 36 100 255
    101 255 150 188 255 255 87 255 168 2 80 255 149 255 255 159 100 38
    255 110 158 255 68 255 255 8 251 155 255 104 192 255 177 255 255 80
    252 255 52 222 12 104 255 114 207 255 255 255 255 255 255 71 255 88
    91 164 255 255 255 237 255 255 148 56 126 255 255 255 255 255 255
    255 125 255 239 255 38 255 26 255 255 81 255 255 85 122 177 173 255
    26 83 255 255 103 110 130 20 28 78 36 208 20 255 102 152 255 255 195
    200 255 60 244 255 154 97 72 255 12 255 102 2 255 255 255 234 78 255
    166 68 255 10 255 105 180 104 255 148 255 255 46 255 240 132 164 145
    202 255 255 44 255 58 255 255 255 255 90 255 10 255 255 255 70 255
    180 255 255 255 255 255 255 166 30 234 255 218 34 68 105 80 56 252
    38 255 246 88 10 255 226 255 255 255 255 85 255 255 151 255 96 12
    186 243 137 112 82 255 254 255 255 112 14 171 76 255 163 214 88 4
    255 189 71 20 255 18 78 255 127 255 20 103 126 138 255 255 255 159
    152 78 255 255 255 255 255 243 255 4 255 255 255 255 255 218 154 255
    255 130 139 246 142 107 255 94 192 78 134 22 255 255 230 158 255 50
    144 170 212 94 98 220 255 215 255 255 68 255 178 255 95 128 255 139
    160 255 20 6 255 206 255 255 255 255 255 230 70 255 63 255 255 56
    254 255 129 255 156 255 64 74 200 172 251 218 22 255 255 6 255 139
    106 193 255 240 255 58 255 255 255 255 100 255 255 255 255 224 191
    255 238 255 255 255 94 54 255 255 255 6 44 255 255 251 208 162 203
    255 182 64 255 192 255 255 255 10 255 255 60 255 255 255 255 255 255
    255 255 253 192 255 136 151 255 255 255 255 255 22 78 132 255 68 150
    91 118 255 255 212 187 255 255 223 255 255 255 105 136 100 63 58 154
    255 255 255 255 228 92 194 138 92 242 206 205 155 255 56 214 255 255
    129 8 255 139 255 74 255 255 255 97 140 219 255 236 60 255 156 255 0
    136 2 255 208 16 210 62 255 48 252 255 255 204 255 222 255 70 255
    255 215 255 20 203 255 255 255 192 255 255 255 255 255 255 255 255
    175 255 114 255 208 255 255 186 152 255 255 185 255 255 255 255 255
    255 2 255 181 255 98 205 232 255 255 255 255 255 255 255 255 8 255
    255 255 62 255 255 255 170 73 50 255 255 255 255 20 255 24 255 255
    255 180 104 44 83 255 185 143 116 2 255 240 255 20 38 255 159 134
    255 224 255 255 200 146 181 198 255 20 255 255 255 255 78 255 255
    255 255 255 150 160 182 255 100 255 255 239 87 170 100 255 156 142
    255 255 255 255 172 130 141 94 255 255 58 255 255 255 255 226 46 18
    255 255 138 79 114 162 20 255 179 200 255 197 255 124 255 224 255
    219 81 172 118 255 255 142 26 255 146 255 255 255 255 255 255 48 255
    46 255 255 255 255 146 255 255 130 255 255 166 255 255 76 162 175
    152 255 121 255 86 255 255 255 255 255 255 18 242 255 34 255 255 255
    102 255 255 124 56 210 166 255 69 255 116 255 84 255 71 255 255 255
    56 255 182 255 179 206 144 72 65 255 255 232 130 255 255 255 255 105
    255 255 105 116 255 255 118 255 8 58 185 109 184 255 255 255 207 255
    6 164 255 64 118 255 255 68 36 132 255 255 255 255 255 255 255 93 88
    255 109 8 255 255 255 255 255 232 76 255 255 255 255 255 255 8 255
    138 145 138 255 127 20 10 248 255 255 255 255 255 255 254 18 255 164
    255 83 255 191 255 60 255 255 236 255 255 255 36 216 255 46 255 124
    255 147 124 255 216 255 255 255 255 116 48 170 255 255 255 138 139
    255 140 46 150 237 169 255 255 255 36 255 250 255 100 255 140 255
    255 255 255 133 255 255 34 255 255 255 88 72 255 186 255 93 255 70
    56 154 255 255 194 255 71 255 255 161 255 118 255 78 255 255 152 255
    255 255 255 255 255 255 133 255 255 255 138 255 255 50 255 240 255
    255 28 120 255 234 255 255 255 255 255 230 38 2 255 255 255 240 78
    20 255 255 255 255 255 255 171 255 124 56 255 60 117 154 0 255 255
    162 103 255 255 216 224 158 255 255 255 255 236 255 255 86 255 255
    255 255 255 122 255 255 178 191 226 176 144 255 172 144 26 74 177
    255 255 255 61 255 255 218 66 255 255 172 255 255 255 4 224 182 100
    255 255 255 186 255 255 210 170 6 255 194 106 255 255 245 255 255
    255 255 208 217 255 28 255 255 255 255 255 255 227 255 255 255 77
    166 255 224 255 255 255 12 255 255 206 164 238 116 255 95 100 255
    255 64 255 255 120 32 255 255 255 255 255 255 109 255 255 230 255
    255 28 132 20 83 255 255 255 255 255 178 234 90 40 200 191 38 170
    255 222 255 122 255 196 255 255 255 134 52 54 255 163 160 120 69 126
    255 109 255 183 30 84 136 119 255 255 204 255 255 48 216 70 141 255
    227 141 2 249 255 148 2 255 118 160 34 255 170 255 255 108 255 255
    82 255 52 156 255 236 6 255 255 255 255 255 221 255 12 255 194 255
    26 255 148 30 54 255 253 109 58 118 165 32 255 255 26 146 255 234
    195 240 126 255 255 255 255 255 255 255 255 72 187 216 255 255 252
    104 134 208 90 255 255 255 48 216 255 217 220 70 249 252 84 255 255
    255 28 73 255 255 67 255 255 255 255 211 255 255 255 255 122 255 226
    230 255 255 255 255 255 40 185 255 184 38 255 255 255 228 206 227
    255 255 154 255 255 255 61 116 255 89 174 255 173 38 255 255 208 74
    255 86 108 255 12 106 255 255 26 255 232 255 255 255 255 224 255 38
    224 104 255 255 190 255 196 198 42 255 255 255 255 30 255 44 255 189
    255 52 98 255 255 255 255 255 16 236 255 130 255 218 255 63 28 255
    202 255 255 255 96 4 87 255 255 147 116 215 255 12 136 131 212 201
    255 255 255 255 255 255 16 255 255 255 255 10 255 104 255 85 255 255
    255 226 255 255 42 8 255 255 255 165 24 118 255 255 38 255 255 255
    255 208 255 149 242 189 255 255 6 255 255 255 65 255 74 255 58 255
    151 50 255 255 78 172 255 156 255 255 255 30 26 255 108 22 255 12
    255 64 255 26 255 40 171 255 255 255 255 255 255 208 2 255 255 255
    194 255 197 131 62 255 192 255 104 255 255 44 75 255 148 40 168 24
    255 18 255 255 255 255 255 36 229 65 172 255 255 8 50 85 255 152 16
    255 255 222 88 255 141 224 223 255 255 56 255 16 255 255 192 160 255
    68 140 77 142 237 0 56 154 255 176 156 255 66 255 159 255 215 255
    255 255 97 255 255 54 255 255 255 166 229 255 255 255 255 20 255 6
    255 255 255 255 255 119 255 201 190 146 243 153 255 12 255 198 245
    255 255 174 155 255 255 254 255 247 255 255 128 99 214 255 255 255
    80 255 146 92 255 255 8 204 134 255 255 152 199 255 255 48 255 255
    255 198 255 255 244 255 225 198 232 255 255 72 255 255 255 94 255
    196 255 77 255 255 83 255 10 255 136 255 255 236 106 255 52 237 131
    255 8 255 162 84 173 186 255 255 255 255 255 70 255 255 255 255 52 8
    122 255 255 70 8 255 255 149 202 255 255 54 255 97 255 255 255 255
    255 121 108 28 61 255 255 200 44 255 255 216 72 255 255 249 255 255
    106 127 52 255 34 176 255 226 170 255 255 178 255 255 142 205 255
    255 255 255 100 255 255 255 146 255 20 22 216 92 255 200 255 255 255
    255 88 255 255 255 255 64 255 125 255 148 6 94 255 218 255 84 16 255
    255 175 42 247 61 232 255 255 255 146 83 122 245 255 255 255 101 255
    255 255 255 255 255 255 255 255 252 60 255 255 152 95 255 90 255 154
    255 255 255 76 173 255 106 20 255 64 255 255 255 255 255 233 255 255
    253 255 126 46 255 158 225 52 196 68 125 255 0 255 244 199 234 255
    168 111 240 229 198 255 44 255 152 255 255 248 255 255 204 255 173
    255 255 214 196 4 255 202 255 139 255 112 255 255 209 255 255 130
    255 168 76 255 192 255 115 184 160 255 40 255 255 126 255 190 86 255
    255 255 160 240 150 255 255 234 255 255 22 255 131 120 255 255 255
    255 89 106 4 255 255 255 255 244 255 210 255 255 161 255 255 159 54
    255 8 118 255 240 8 255 255 255 191 255 222 255 255 255 255 113 202
    255 255 118 40 24 255 255 131 255 144 255 150 255 255 255 255 255
    124 255 255 255 255 44 6 140 255 255 138 46 72 255 28 158 255 255 78
    255 204 255 255 255 255 255 169 255 207 255 122 217 97 86 255 254
    255 255 255 255 116 198 250 255 255 255 255 255 110 201 255 255 255
    12 208 152 255 255 66 255 255 255 255 255 255 255 6 255 255 228 255
    163 158 255 202 255 255 255 255 255 255 255 255 8 144 255 208 82 255
    202 120 255 147 132 255 38 82 245 255 255 255 255 206 255 255 18 255
    255 255 255 38 255 164 178 255 255 8 72 255 255 184 255 255 60 116
    255 78 255 255 142 168 255 255 130 167 255 255 91 200 179 255 18 201
    255 104 245 246 255 52 255 255 10 226 170 170 186 255 100 242 78 203
    255 10 255 48 84 255 173 255 239 255 255 140 255 134 86 157 230 255
    198 255 255 255 255 255 255 254 255 137 255 255 255 28 34 175 112
    255 255 94 116 87 106 255 255 255 136 95 168 116 71 152 255 255 224
    255 135 255 168 255 255 126 161 255 255 255 255 134 115 234 255 255
    122 183 30 24 201 255 255 255 255 200 255 97 255 255 111 234 44 255
    216 177 255 255 92 218 216 168 65 255 255 159 202 255 8 182 255 117
    106 255 186 255 118 123 94 26 255 255 255 255 190 255 115 255 179
    255 210 255 255 255 28 255 255 32 255 168 239 85 28 255 4 232 116
    255 255 255 202 238 26 255 255 255 255 60 255 255 122 88 255 30 255
    248 255 255 250 140 255 255 255 255 255 66 255 255 84 255 255 255 70
    255 255 255 79 166 40 48 255 160 133 255 102 232 255 84 151 255 52
    48 255 205 255 130 255 255 255 255 255 255 255 4 10 255 255 84 255
    255 22 102 255 255 68 255 204 112 157 255 255 56 52 255 131 204 189
    75 255 255 255 18 108 77 194 207 95 70 195 186 255 132 111 255 136
    113 26 255 255 255 191 107 138 64 44 116 255 16 42 255 255 255 255
    202 26 253 255 122 255 255 255 255 255 255 243 186 255 76 255 255
    255 255 255 255 255 255 203 255 255 255 255 12 255 242 98 255 218
    255 255 190 255 255 103 234 183 255 255 255 121 206 255 228 255 243
    101 255 255 188 255 255 255 88 255 163 255 98 224 34 255 220 108 183
    255 255 255 255 72 255 50 255 195 255 34 255 255 230 255 163 126 255
    188 66 255 125 134 177 254 176 255 255 210 92 255 72 255 255 255 108
    255 255 179 73 255 255 255 222 22 255 58 255 218 98 255 255 255 255
    97 255 255 95 136 255 255 255 255 97 102 20 255 106 36 255 255 50
    255 214 179 206 255 255 255 255 255 255 255 158 200 255 255 115 116
    255 252 255 62 255 255 185 255 255 255 255 224 255 255 255 255 255
    255 203 255 255 255 192 255 34 255 136 90 115 232 102 238 138 255
    255 255 255 255 186 255 95 42 255 151 234 255 198 255 255 255 246
    255 20 226 179 255 255 255 255 255 122 255 158 8 180 66 62 255 218
    255 99 52 255 255 194 154 12 255 255 255 204 68 255 98 255 255 255
    148 24 255 130 12 255 255 254 255 56 204 230 255 240 255 239 255 234
    255 255 255 219 159 255 255 89 172 255 107 62 255 252 255 255 169
    158 58 16 255 243 228 128 255 255 255 122 255 255 255 255 255 78 171
    104 255 255 146 255 208 242 4 250 136 110 255 92 255 255 120 255 56
    255 255 202 158 255 255 255 255 180 255 114 48 48 255 194 255 160
    255 255 255 255 255 255 26 116 187 63 176 255 28 255 255 255 230 46
    77 54 255 0 86 255 69 148 255 255 255 255 89 230 255 109 255 255 89
    74 255 188 182 82 255 126 48 255 22 219 99 22 68 255 255 255 236 100
    255 252 255 255 97 236 251 212 255 255 255 255 249 255 255 229 255
    196 22 255 255 110 255 255 225 230 240 255 255 255 88 208 116 255 97
    80 255 42 214 108 255 228 144 255 174 20 107 206 255 218 255 255 255
    76 76 255 255 255 26 44 2 255 78 72 255 222 114 119 122 64 200 254
    255 79 255 255 255 255 66 85 24 255 204 255 213 240 255 255 139 172
    201 85 172 255 32 10 14 255 6 110 242 255 136 83 255 18 255 255 10
    87 216 86 167 255 170 255 172 124 46 255 255 255 255 255 109 176 255
    255 255 60 234 26 219 255 255 255 22 184 12 103 255 255 255 255 215
    255 255 255 255 74 255 255 138 34 4 156 255 97 12 255 151 144 14 198
    72 102 255 255 80 127 255 255 38 255 231 255 198 179 255 255 253 30
    68 140 255 68 255 236 255 215 255 255 154 87 255 179 246 255 255 255
    40 207 255 96 86 255 255 255 255 210 164 242 174 48 255 255 255 115
    255 255 255 255 48 255 255 193 73 172 130 255 198 255 210 255 148 69
    70 160 97 164 255 255 255 255 255 56 52 75 194 255 159 255 233 255
    255 148 255 255 255 99 236 249 255 64 255 232 68 255 236 255 255 255
    255 122 255 228 114 255 138 66 255 255 48 255 90 255 255 172 255 255
    0 211 255 255 255 255 20 255 255 255 255 178 255 255 155 150 255 8
    166 72 40 255 255 255 255 255 107 150 52 0 192 255 56 255 60 95 255
    14 255 255 255 255 255 255 0 86 215 99 255 255 155 255 255 255 255
    132 123 255 209 255 170 255 255 255 4 93 2 255 255 0 136 255 154 114
    109 255 116 255 255 56 255 255 255 255 255 160 255 255 42 89 152 255
    16 255 110 255 255 255 16 255 158 232 78 144 16 255 255 255 255 38
    255 184 20 180 255 255 113 134 255 192 255 255 255 255 4 255 255 255
    255 255 255 87 174 225 255 190 255 139 6 122 255 184 255 246 255 177
    99 255 255 139 216 225 255 255 112 255 246 62 255 176 183 38 255 48
    242 255 42 255 90 26 255 255 6 61 248 88 190 255 255 255 255 88 255
    255 76 83 255 255 255 250 255 220 255 255 255 254 255 255 255 164
    222 255 205 85 124 255 0 255 162 255 8 241 184 68 255 255 255 255
    180 176 44 255 64 255 255 255 255 255 255 36 255 255 255 79 176 221
    93 152 142 255 255 249 255 110 134 255 255 255 255 255 255 210 255
    255 255 255 255 255 255 136 42 255 255 145 255 255 79 238 255 63 148
    255 255 108 136 210 255 255 255 255 128 169 255 12 115 118 255 255
    76 255 255 255 255 255 14 255 255 255 152 18 14 82 113 255 195 103
    255 255 91 255 108 149 255 255 206 74 60 167 102 239 255 255 255 83
    255 52 255 255 168 255 104 160 255 255 235 157 255 158 255 6 255 255
    230 110 255 255 255 69 212 12 255 255 255 255 126 22 255 255 10 255
    84 255 111 255 255 169 255 255 255 162 255 255 48 255 175 255 92 167
    188 255 89 132 255 255 198 255 248 252 166 175 124 179 18 255 144
    255 255 255 115 255 215 77 255 255 250 255 255 87 255 50 255 255 168
    137 255 255 255 44 255 240 44 251 255 130 90 224 255 251 255 176 114
    22 255 221 230 74 136 255 255 193 255 226 239 255 255 255 255 96 255
    10 220 72 255 255 255 58 52 251 255 180 255 255 255 136 127 255 152
    14 56 255 252 124 54 255 255 255 255 255 183 255 255 30 255 255 255
    95 255 255 56 255 255 255 176 255 135 255 255 127 184 26 67 254 255
    255 66 207 198 255 110 255 255 255 75 255 201 133 255 80 255 58 70
    255 255 94 40 250 255 255 255 255 133 166 255 125 255 255 255 64 24
    255 56 255 38 136 255 255 126 255 255 14 48 255 255 255 153 255 255
    255 4 255 255 214 255 175 255 185 115 10 255 255 255 122 50 255 255
    145 168 168 153 240 227 255 6 255 222 255 130 232 116 116 255 255
    255 26 82 255 12 156 50 255 255 191 255 70 255 186 122 255 87 94 255
    186 255 255 255 142 255 46 255 219 69 255 255 73 255 255 255 254 219
    255 232 28 255 10 191 228 255 20 173 82 136 244 112 74 111 255 255
    85 255 211 208 204 24 149 255 255 75 36 255 16 70 185 107 32 255 127
    255 255 141 255 255 255 12 255 222 255 255 169 255 82 42 98 255 38
    255 255 111 255 14 6 202 255 255 255 255 196 218 255 255 190 96 40
    254 255 255 90 211 137 176 255 255 106 255 255 116 217 28 196 28 255
    255 255 255 64 255 224 255 239 190 255 255 255 255 255 155 78 255 97
    240 239 248 102 213 182 255 255 91 255 96 212 255 255 147 255 174 6
    255 255 255 255 108 232 202 255 255 164 255 226 228 255 255 72 102
    143 176 255 255 255 146 113 224 235 255 255 255 24 68 255 61 98 134
    255 255 255 255 200 142 255 104 255 220 255 255 255 196 191 44 28 46
    32 28 255 133 255 46 105 255 255 255 255 255 255 236 255 8 255 255
    113 84 255 255 254 255 255 82 138 255 172 191 149 255 255 255 196 84
    255 228 8 139 114 255 169 255 152 255 255 144 255 34 243 255 255 255
    246 255 255 255 144 255 255 72 255 255 255 64 255 240 255 255 114
    136 63 174 20 115 250 72 255 255 255 255 8 158 255 255 227 255 255
    255 255 255 177 255 30 185 26 166 255 255 255 84 255 255 255 101 255
    193 28 255 205 255 56 122 125 206 255 255 255 255 111 30 181 255 255
    255 255 255 255 71 255 205 218 226 60 182 10 241 28 112 221 220 255
    255 255 255 255 50 16 134 255 52 46 255 255 52 255 255 78 255 10 255
    137 255 255 69 255 98 2 255 255 28 162 70 73 255 108 255 52 255 83
    255 102 255 0 104 255 255 124 123 56 34 255 255 255 180 216 78 255
    192 50 75 255 8 255 255 203 255 86 150 167 166 255 58 255 164 149 28
    255 255 32 134 73 255 32 255 32 54 255 255 207 255 255 201 123 98 16
    255 255 199 155 255 255 255 66 255 255 92 207 143 255 255 255 255
    158 8 30 42 97 255 36 71 255 237 255 255 189 255 255 255 141 255 255
    127 2 255 91 176 154 67 255 255 56 136 255 214 255 255 145 208 132
    32 255 255 34 214 255 255 62 94 212 118 96 141 94 106 204 255 211
    184 76 72 255 4 8 178 114 255 117 116 0 255 255 30 255 174 255 77
    255 255 71 255 255 255 186 255 194 255 219 175 184 183 255 255 255 0
    72 255 202 88 255 218 255 255 12 26 14 135 14 255 255 42 255 255 255
    168 246 255 255 255 140 255 157 255 160 109 114 108 255 82 24 255
    255 52 26 54 235 228 255 241 32 36 255 139 255 112 111 76 255 119
    255 255 255 224 213 255 68 62 101 255 255 255 255 255 255 42 255 255
    130 255 157 255 14 255 72 255 246 255 255 255 255 255 255 255 189
    255 36 255 111 255 44 61 116 255 22 238 255 255 255 249 147 255 62
    255 194 170 83 226 255 250 255 255 71 255 54 109 62 255 255 255 148
    255 94 18 255 255 239 255 255 86 255 100 255 255 192 255 255 68 255
    255 255 255 119 212 255 255 212 96 255 255 255 255 30 58 255 255 255
    204 255 237 248 240 255 65 152 187 255 255 255 255 8 255 255 255 255
    238 255 52 159 38 0 8 52 162 255 255 146 147 126 30 34 255 112 194
    68 34 255 255 221 255 255 233 250 255 32 255 255 255 234 255 255 105
    255 255 58 255 187 255 80 229 255 194 255 255 255 185 255 255 48 255
    54 255 255 58 22 8 152 255 159 142 52 255 255 243 32 255 241 214 255
    255 255 80 255 255 255 255 173 255 6 63 255 255 157 18 227 214 255
    255 180 255 114 87 194 255 255 184 255 255 255 10 255 160 255 255
    255 255 255 134 255 218 190 140 137 146 255 157 255 12 255 255 255
    255 218 158 246 48 26 216 255 18 12 255 138 255 212 255 255 255 233
    157 255 255 6 255 255 206 255 255 255 255 213 255 255 255 254 255 4
    61 255 255 255 160 255 44 255 255 121 255 227 105 255 255 151 142
    209 255 255 16 250 108 245 48 255 255 255 255 203 255 255 255 255
    255 32 255 255 82 255 238 255 255 255 156 255 255 122 22 238 172 255
    255 122 58 110 179 133 255 60 255 255 255 206 255 197 129 126 58 255
    218 108 48 90 20 255 120 38 255 255 82 255 184 128 255 255 90 38 140
    255 8 142 177 255 255 255 255 255 255 255 255 255 4 255 170 230 140
    255 20 212 255 255 28 255 204 255 255 83 255 255 255 255 42 255 128
    255 255 38 255 255 218 255 141 84 26 6 64 227 42 54 255 155 214 102
    255 196 255 255 222 160 255 255 255 255 255 255 255 255 132 139 255
    10 255 255 54 255 22 8 255 255 255 255 255 223 151 106 152 192 255
    255 115 198 92 255 255 255 101 255 112 30 255 191 214 130 255 169 64
    239 255 255 255 255 56 255 255 255 227 87 202 255 97 255 255 255 58
    255 192 255 6 161 144 78 28 156 26 255 26 124 125 30 255 255 130 106
    4 255 102 255 58 18 255 255 72 141 50 255 255 238 255 255 255 82 212
    24 84 222 56 255 255 252 42 202 255 116 255 52 255 143 255 76 255
    180 255 16 255 4 0 118 255 248 255 211 200 34 50 255 255 237 255 220
    94 255 234 134 255 255 255 255 255 255 184 106 255 180 0 241 71 226
    170 255 255 2 36 255 255 93 255 255 91 255 60 232 144 172 83 62 255
    255 170 255 93 255 255 255 255 108 255 148 255 255 255 44 131 136
    255 58 255 255 115 132 255 18 168 255 255 36 146 255 255 24 255 2
    255 14 30 255 61 8 199 226 28 255 184 255 197 190 126 255 255 10 255
    255 255 255 83 255 64 67 255 199 44 255 255 255 250 255 255 255 255
    26 255 56 255 170 42 255 255 255 255 255 255 127 244 255 79 255 245
    255 255 88 40 255 255 255 152 255 206 218 255 173 255 255 238 54 219
    255 180 255 255 255 255 255 255 96 255 255 255 163 74 255 246 48 255
    255 255 255 255 255 227 255 74 255 184 255 249 255 20 6 232 148 120
    255 255 255 204 96 255 155 42 255 143 172 138 75 100 18 255 255 8 48
    174 122 255 88 255 255 255 177 28 98 255 2 104 195 255 255 255 255
    255 205 255 16 136 255 255 255 255 255 255 163 174 116 105 150 255
    246 100 42 255 255 253 230 144 144 255 66 70 255 74 255 255 255 205
    113 255 255 255 255 251 255 255 255 188 255 233 255 255 255 46 218
    174 255 72 102 255 150 255 255 48 94 173 78 2 255 255 150 46 120 255
    250 180 191 208 255 98 254 255 255 255 255 255 255 255 255 159 42 8
    105 255 255 255 128 255 135 172 181 255 106 255 255 255 255 214 54
    245 255 255 193 255 16 201 143 255 255 255 228 44 255 178 255 228 74
    94 28 180 46 244 112 255 255 255 10 30 164 28 255 128 0 246 255 116
    169 250 255 254 226 255 255 255 255 255 255 251 42 255 166 246 255
    34 65 255 66 153 255 44 255 234 255 109 255 255 182 255 4 255 255
    255 255 160 255 67 255 56 255 200 82 255 118 255 255 48 148 255 46
    116 255 228 249 194 255 255 69 88 120 214 216 255 147 255 255 153
    255 255 255 255 90 255 255 68 117 212 38 255 22 162 255 255 255 194
    184 152 147 255 219 255 255 255 255 166 142 240 255 255 255 12 160
    255 255 42 255 204 217 255 152 172 255 42 255 255 8 203 255 255 162
    255 255 106 255 255 40 255 234 52 93 170 255 125 124 255 255 255 255
    242 102 255 63 254 144 121 255 255 255 222 255 117 255 255 14 60 255
    26 224 48 2 148 62 255 152 255 255 252 44 255 255 102 255 98 255 255
    255 255 65 164 255 169 56 195 250 218 255 252 148 255 255 38 62 127
    222 14 255 114 255 255 40 255 131 144 124 56 72 86 255 255 255 255
    255 255 212 255 255 255 96 255 255 180 245 192 158 124 75 255 255 79
    255 217 255 18 255 255 6 255 255 255 56 109 255 255 255 255 255 255
    52 80 198 255 255 255 255 114 255 255 249 255 196 255 28 255 255 250
    255 245 32 255 255 0 255 255 255 166 193 255 255 116 255 255 50 255
    255 38 255 255 255 255 74 255 155 190 255 139 255 255 255 60 255 255
    255 88 10 186 255 255 255 235 255 255 56 111 255 255 255 255 193 255
    36 255 255 248 255 46 154 255 232 2 160 188 255 52 255 16 255 97 255
    247 255 230 88 242 255 255 255 88 44 42 255 90 153 240 16 255 255
    255 255 255 243 255 220 26 255 38 255 255 255 82 255 110 255 141 24
    179 14 42 255 139 182 241 255 40 0 63 116 108 157 255 255 155 255
    255 129 202 255 255 255 255 6 118 62 255 255 235 149 28 6 222 96 255
    255 64 16 10 255 255 255 126 94 67 60 255 67 255 207 255 96 255 255
    242 255 255 184 164 255 255 255 30 255 255 46 170 255 255 255 249
    242 255 52 129 84 255 42 212 90 224 88 114 255 84 255 255 102 255
    155 124 203 97 130 128 255 255 255 255 160 255 255 255 255 255 238
    255 255 114 82 255 255 100 255 248 146 121 255 255 155 170 58 255
    220 255 255 255 255 255 255 255 58 255 104 255 255 4 255 52 146 67
    110 142 188 208 76 58 255 40 255 18 255 255 96 199 255 80 191 255 48
    227 255 255 255 255 98 255 255 144 156 255 10 205 222 255 255 255
    150 255 255 208 255 255 255 255 244 255 255 255 150 255 255 118 227
    34 168 66 255 255 255 255 255 14 119 255 174 255 202 255 230 200 255
    255 255 255 255 140 255 255 255 255 222 140 168 255 255 116 161 255
    255 220 206 255 206 255 150 255 126 255 255 255 8 194 232 255 180
    252 255 255 68 255 224 255 255 255 16 255 105 255 66 171 240 255 255
    224 255 255 255 16 52 216 183 103 255 26 218 94 255 105 224 235 255
    166 62 151 114 255 255 146 185 61 255 18 255 255 255 204 255 253 123
    246 255 255 138 166 188 60 255 99 186 189 255 255 10 216 72 227 16
    255 255 151 255 106 87 226 255 255 255 255 255 184 60 109 30 54 255
    168 255 255 54 255 255 118 251 56 255 255 242 128 255 111 160 255
    167 34 174 8 76 120 255 216 193 240 72 255 255 255 235 228 255 255
    73 234 249 184 196 243 20 255 168 255 92 78 30 255 255 58 255 201
    255 38 205 159 230 255 6 202 255 54 255 255 255 255 90 255 255 46
    255 255 255 255 255 116 255 220 84 240 255 74 103 60 255 255 255 255
    171 255 255 255 180 146 255 255 116 255 255 40 255 218 255 61 255
    255 255 116 255 34 64 148 40 24 78 99 255 255 255 255 255 255 255
    255 135 255 255 182 255 36 190 255 255 255 255 28 255 255 255 101
    255 255 255 255 255 255 255 80 101 88 255 255 255 255 255 255 241
    255 200 199 255 126 255 255 128 120 255 255 142 6 255 255 255 255
    255 255 255 46 255 255 154 255 255 136 40 198 255 248 255 255 255
    250 255 255 255 68 188 255 2 167 40 255 255 100 114 255 122 255 103
    112 255 175 255 255 38 255 255 255 255 255 71 226 255 255 174 255 16
    255 255 255 82 255 255 138 239 255 126 255 255 194 255 65 255 255
    129 255 255 4 74 166 165 255 255 255 96 255 255 32 255 212 255 255
    210 86 255 167 72 255 255 255 255 10 52 255 113 255 88 255 24 255
    255 28 174 129 24 255 255 255 88 87 226 146 113 255 118 255 140 235
    255 92 36 238 248 255 255 255 60 255 12 70 255 255 255 190 255 179
    255 255 78 133 136 88 54 168 239 44 34 255 255 22 102 255 0 86 255
    14 255 255 72 34 228 255 193 248 230 255 171 255 158 255 255 22 109
    255 239 255 255 255 103 54 84 208 254 52 10 255 255 248 255 255 208
    255 80 255 164 209 0 255 172 190 255 22 255 255 156 255 255 231 220
    210 255 218 255 255 255 54 255 255 40 52 44 202 255 255 36 126 255
    16 78 255 255 26 131 110 164 159 82 255 255 255 24 255 48 255 255
    182 108 255 230 82 255 236 130 255 76 128 20 238 86 255 255 255 206
    255 255 155 255 172 255 255 134 111 190 28 224 255 110 255 255 207
    255 255 219 218 154 255 255 255 255 255 234 217 255 255 255 8 255
    189 20 236 255 255 255 255 36 255 219 255 2 255 255 255 255 131 228
    255 190 32 66 246 255 20 255 220 255 255 255 255 255 128 255 73 8
    255 238 116 255 42 255 255 255 14 255 255 255 235 83 198 255 16 232
    255 255 202 255 186 10 217 255 238 197 255 255 255 255 255 70 255
    255 233 255 252 148 255 255 255 151 255 20 255 255 255 255 255 229
    255 255 255 155 130 255 255 104 8 255 64 243 52 16 255 255 98 30 97
    255 106 255 255 255 255 220 112 255 255 168 40 28 255 40 162 52 242
    255 255 255 255 255 56 132 255 135 76 255 255 255 104 145 180 255
    255 114 255 238 255 120 175 255 255 255 255 66 255 255 50 255 255 8
    180 24 255 255 255 76 255 255 221 40 255 255 255 255 255 83 255 255
    218 255 255 202 255 255 137 98 255 6 254 255 255 255 253 255 255 255
    8 255 255 14 146 255 173 210 211 255 186 233 75 255 255 89 255 255
    137 196 253 255 255 50 255 255 241 87 255 231 159 255 255 255 255
    255 93 255 164 208 255 255 255 240 130 163 255 0 255 255 70 222 255
    255 97 244 255 255 255 255 255 255 255 22 255 255 255 220 255 255
    116 255 255 255 24 238 255 255 159 255 100 38 56 243 28 255 237 255
    255 106 255 255 255 255 255 255 255 255 255 12 255 255 250 216 255
    255 255 255 255 255 255 113 86 183 255 255 255 255 255 255 255 255
    213 255 120 255 255 84 32 255 255 255 255 255 255 255 84 255 208 255
    255 255 220 255 255 64 92 214 255 209 255 255 255 255 78 174 255 184
    255 22 255 255 255 255 255 255 255 255 255 144 154 255 255 255 52
    224 58 255 70 255 161 28 255 255 255 108 255 16 104 255 255 255 202
    184 40 77 196 32 83 255 38 255 255 50 255 255 42 111 255 150 26 128
    255 169 255 237 255 255 255 255 255 255 32 152 255 242 84 56 255 255
    118 6 255 255 255 255 255 255 255 255 255 56 16 218 200 255 255 204
    255 212 226 221 250 255 54 240 255 215 255 255 152 99 255 255 28 255
    96 28 255 255 155 255 235 202 255 255 255 255 255 255 255 62 255 255
    255 190 255 112 255 255 229 255 255 181 255 255 80 16 255 255 255
    224 181 255 244 122 255 46 255 255 255 221 255 255 255 255 255 4 113
    208 255 255 255 38 255 255 255 240 255 255 255 255 50 115 255 255
    131 255 4 230 255 255 255 138 48 230 200 130 89 255 255 255 134 255
    69 16 4 255 4 255 255 106 144 255 255 22 75 255 74 131 208 255 54
    255 154 0 66 255 255 255 255 210 255 255 234 255 255 255 255 255 133
    74 24 255 118 255 38 255 255 38 54 84 46 42 52 2 102 193 255 255 136
    10 244 255 44 255 156 255 22 255 87 210 255 255 255 132 200 148 64
    255 255 255 20 198 255 224 80 187 141 255 102 220 102 8 255 255 44
    40 255 245 24 255 255 135 74 106 255 250 255 255 255 255 255 238 255
    6 255 217 200 18 166 71 74 255 255 60 255 255 240 94 151 255 255 255
    214 205 155 202 154 255 248 126 240 220 100 255 72 255 255 210 185
    255 255 233 97 180 10 255 255 150 161 255 4 192 188 54 255 255 255
    234 124 255 255 114 118 255 255 10 255 255 255 255 144 154 135 112
    172 79 90 255 255 255 255 137 255 211 255 248 116 34 194 38 212 30
    255 99 90 20 137 208 255 137 12 255 97 146 136 220 230 44 255 255
    241 255 255 255 67 210 255 255 164 255 255 255 64 255 108 255 36 54
    255 255 218 255 255 255 255 163 98 104 255 255 255 255 2 255 204 255
    255 2 194 146 163 178 255 255 126 255 81 255 86 246 24 255 24 6 255
    255 62 255 255 255 255 255 120 56 173 198 255 255 70 94 255 154 164
    255 188 66 131 140 255 81 8 255 145 255 112 255 255 255 40 255 255
    234 255 217 255 255 90 4 255 255 255 255 221 255 116 255 255 255 195
    255 255 229 180 152 255 255 242 205 159 255 195 255 255 199 255 178
    6 244 134 189 180 255 148 255 255 12 250 160 255 255 255 170 246 8
    255 206 255 255 255 255 118 255 78 102 159 254 255 206 255 255 202
    255 24 101 255 177 255 152 199 135 255 197 255 255 26 145 90 255 255
    66 223 192 255 255 145 148 255 34 255 255 255 255 255 218 255 120
    244 80 255 255 130 207 255 196 201 87 255 255 255 255 100 224 255
    110 255 220 255 171 255 118 255 2 255 119 255 255 255 154 68 255 168
    255 255 255 174 69 255 26 255 255 255 180 255 255 145 56 255 228 104
    120 101 255 255 255 240 255 255 255 255 103 62 255 107 255 80 2 255
    255 212 54 154 161 58 255 228 146 255 190 126 255 111 255 179 255
    255 154 226 255 132 255 124 255 255 4 255 255 255 24 255 255 255 255
    240 164 4 108 255 30 255 54 210 255 64 169 255 34 216 255 86 192 132
    255 255 255 42 255 28 255 255 255 201 254 255 255 36 22 255 255 255
    255 255 44 255 69 208 255 184 118 6 157 84 255 255 255 60 182 140
    255 50 255 255 255 216 255 255 224 225 125 255 255 48 102 96 32 146
    255 133 255 243 255 236 110 244 255 174 255 255 112 255 138 255 46
    142 255 149 198 50 255 54 50 232 255 253 216 128 255 222 112 181 210
    208 14 93 52 156 255 228 255 255 255 22 12 255 146 255 255 255 255 6
    199 255 166 96 255 255 255 255 255 255 163 60 215 52 255 170 77 158
    20 255 122 255 255 255 209 255 36 255 255 238 183 220 255 255 255
    188 112 28 255 255 255 174 132 255 136 124 167 232 144 242 255 255
    50 255 255 58 18 223 61 255 96 38 138 255 255 255 255 255 134 24 95
    255 255 255 254 255 255 80 255 255 174 255 2 255 255 255 74 207 255
    255 255 255 255 16 255 172 158 250 255 255 190 255 16 255 255 215
    103 255 78 255 255 255 255 10 166 255 255 255 255 126 52 192 255 46
    210 255 255 255 8 255 255 56 255 255 255 255 71 255 255 255 176 255
    103 255 255 159 60 58 255 92 255 255 152 255 255 255 255 56 16 255
    141 255 255 255 126 98 255 238 78 255 12 122 10 72 255 79 98 86 255
    255 26 255 174 255 255 126 255 255 255 255 202 255 255 135 255 255
    255 255 156 255 255 255 255 255 124 255 84 255 137 255 255 255 162
    255 255 14 130 255 154 116 2 160 16 14 255 38 24 188 239 255 255 8
    255 255 104 255 194 56 255 255 255 12 255 52 255 14 255 204 56 221
    255 156 10 73 255 42 20 194 255 255 255 201 10 64 255 255 98 168 255
    122 174 250 255 255 255 255 136 123 52 255 255 34 177 255 255 189 83
    255 255 208 255 10 255 255 110 255 255 255 115 255 177 22 255 255
    255 112 255 200 0 168 255 255 255 36 48 255 255 42 148 255 255 255
    113 18 255 97 255 201 255 255 255 238 255 24 255 255 207 255 164 229
    255 255 4 255 255 255 255 58 0 52 255 255 56 38 255 91 255 243 220
    198 255 58 54 229 255 255 181 111 142 255 26 132 255 4 20 255 238
    166 76 214 255 255 2 255 255 65 255 130 216 255 132 255 146 255 255
    88 255 255 255 255 50 255 255 255 255 146 255 255 58 230 255 255 255
    255 209 255 255 255 255 255 2 255 255 26 139 190 76 56 226 255 255
    142 20 255 246 30 28 166 86 105 170 172 139 255 255 67 255 64 182 8
    255 4 255 185 255 255 255 246 68 255 255 58 255 255 255 255 255 228
    233 255 255 134 255 112 255 255 255 245 255 255 255 143 255 255 246
    255 154 212 255 74 255 255 24 171 46 106 255 255 162 167 255 255 143
    255 255 255 170 255 56 255 255 196 138 255 228 255 255 255 255 255
    255 255 255 255 255 255 255 206 255 188 162 183 208 255 255 255 222
    233 255 255 164 81 248 255 77 255 2 50 255 255 255 80 255 255 36 255
    101 76 255 131 106 54 224 240 209 194 250 255 182 224 255 2 255 223
    131 152 66 255 255 255 71 4 255 255 192 255 255 255 249 171 176 187
    93 255 108 255 236 255 255 255 233 255 218 255 26 240 181 255 255
    112 157 255 126 255 222 255 167 138 255 12 230 154 50 255 174 255
    255 74 255 112 32 202 255 255 180 70 134 220 12 255 255 255 138 255
    130 72 255 246 255 184 255 255 71 255 255 255 180 255 255 32 78 255
    64 122 255 242 189 255 255 38 255 255 76 184 255 253 48 255 255 255
    255 243 255 110 255 147 14 255 93 230 94 255 255 253 10 138 255 248
    255 132 190 255 217 50 255 193 18 255 221 255 255 92 255 255 255 167
    90 86 255 255 84 255 255 255 137 194 199 255 255 255 16 255 255 255
    154 255 255 255 94 255 134 255 255 255 255 255 30 130 117 40 255 255
    255 185 133 255 255 178 255 122 250 114 255 255 255 94 188 68 245 36
    255 207 99 255 88 36 10 96 42 255 255 255 128 255 255 250 168 255
    255 255 255 255 76 242 202 122 255 44 78 255 56 255 255 255 72 255
    112 40 255 148 255 56 90 255 255 255 46 56 255 255 105 255 255 226
    255 166 129 255 12 255 214 255 255 255 68 255 162 255 119 255 132
    255 255 22 255 255 56 198 36 255 119 144 237 255 192 148 255 255 255
    255 255 255 255 255 255 255 255 255 14 192 255 246 255 22 255 128
    219 255 50 255 242 232 255 190 255 255 255 255 82 255 138 255 121
    254 235 119 132 255 255 255 255 255 250 255 255 252 52 145 88 255
    178 112 60 255 255 179 255 255 114 255 174 160 255 255 255 255 255
    237 99 44 138 255 255 28 248 255 128 58 255 255 255 255 62 248 255
    255 255 255 100 255 255 255 255 56 62 255 252 255 173 204 158 18 14
    60 255 255 255 52 176 255 83 54 60 123 255 70 133 84 233 255 255 255
    255 255 255 2 255 255 255 140 255 163 255 255 182 170 90 242 134 70
    161 255 255 255 255 255 26 230 255 135 60 255 255 68 255 255 216 193
    252 48 130 97 255 205 143 255 106 159 56 34 255 124 255 255 142 255
    58 255 255 226 255 255 255 18 255 244 255 255 212 255 255 42 196 255
    36 156 160 22 255 32 22 18 201 255 255 255 188 126 255 79 255 255 2
    255 187 255 176 245 255 255 124 255 255 255 255 88 255 255 238 144
    255 110 160 182 255 255 252 255 219 129 190 255 255 158 78 255 232
    255 171 108 8 255 220 255 230 18 255 255 255 112 188 255 255 204 255
    255 255 255 255 255 240 255 48 255 136 109 164 114 255 110 92 255
    255 36 123 255 255 255 255 10 255 136 36 255 220 26 123 255 86 255
    255 10 12 40 255 101 226 191 155 255 116 129 255 56 255 255 132 255
    122 255 255 255 160 255 144 150 14 255 18 255 170 217 238 94 255 255
    255 174 255 16 255 255 255 160 255 255 58 255 136 255 83 255 255 188
    238 168 255 110 245 220 255 92 52 255 118 115 248 211 234 48 32 178
    182 140 255 232 140 173 116 255 139 144 128 246 114 62 255 255 181
    255 255 255 175 54 209 255 255 183 121 212 14 63 208 255 61 255 255
    87 18 177 129 116 255 0 130 255 255 255 255 255 108 207 255 255 24
    18 255 255 255 255 26 212 255 142 255 255 98 143 70 64 255 255 255
    255 110 255 141 58 46 255 240 156 30 194 255 255 164 255 255 255 255
    255 255 255 99 118 255 65 255 168 91 180 255 255 255 255 255 226 203
    255 6 255 255 255 255 255 2 209 117 24 255 255 255 227 255 48 255
    255 255 185 178 78 215 63 255 255 255 255 179 2 46 154 161 255 255
    194 255 255 255 255 189 0 30 255 255 160 255 255 126 255 255 240 255
    255 226 255 58 118 255 255 98 166 255 255 255 255 255 20 16 238 255
    255 255 255 46 202 255 125 14 225 255 255 255 255 90 166 119 255 16
    188 240 255 255 172 255 173 18 172 105 255 8 255 255 255 246 255 78
    101 255 152 188 255 255 255 136 255 248 255 255 255 210 255 255 26
    255 89 255 255 255 255 34 255 255 166 216 255 88 255 16 219 255 255
    166 224 255 255 139 255 255 255 255 255 255 255 255 255 255 255 255
    138 255 255 255 96 255 255 197 196 255 255 40 234 255 255 255 255 48
    110 255 137 255 16 255 112 255 255 180 26 255 180 28 0 255 225 4 255
    255 34 255 22 255 50 255 244 108 217 54 255 255 255 232 255 255 255
    255 255 174 255 255 204 66 238 194 255 173 246 134 61 255 255 255
    255 255 163 255 255 85 102 116 155 108 255 255 255 255 210 76 255
    255 30 255 255 72 201 255 255 150 226 255 255 18 170 100 69 255 112
    175 144 78 248 255 239 255 152 233 255 66 229 8 20 217 85 255 44 255
    106 255 255 255 193 167 255 255 255 48 60 255 255 134 79 124 255 109
    26 160 255 255 116 97 255 14 93 76 70 255 255 255 255 255 251 103 22
    114 255 255 255 255 255 255 255 146 32 244 255 255 255 238 255 202
    255 20 255 255 36 65 255 255 234 40 255 255 50 72 16 114 255 255 255
    72 32 244 255 255 255 170 40 102 251 131 255 255 255 124 255 255 255
    255 255 255 199 52 6 217 255 132 255 212 255 78 198 255 48 58 128
    255 255 2 255 34 255 229 255 255 255 255 255 237 105 255 26 69 255
    225 153 190 255 255 255 126 95 16 172 236 255 237 52 255 253 255 72
    128 255 126 255 212 144 255 255 255 255 255 230 154 248 224 255 230
    204 120 255 255 255 206 255 191 95 160 255 244 166 255 255 255 66
    255 255 255 255 14 255 103 255 255 255 255 199 30 72 255 255 150 16
    153 164 207 255 162 255 255 255 255 8 28 255 178 255 205 255 196 255
    255 152 255 202 230 239 141 0 255 254 255 227 157 255 255 113 255
    106 4 220 227 77 46 255 255 255 130 147 255 255 255 156 116 206 255
    255 238 255 219 255 255 197 22 255 255 218 255 255 255 255 255 255
    156 255 196 255 136 244 220 46 141 228 255 145 238 183 52 255 8 255
    190 142 255 212 26 91 255 255 255 255 255 16 216 255 255 255 239 115
    208 26 255 255 255 255 178 255 255 255 142 255 158 255 50 255 255 34
    236 60 22 255 168 254 132 255 255 22 24 255 26 249 198 255 255 255
    204 255 255 54 255 255 255 255 167 246 136 8 182 213 93 255 255 255
    242 255 255 255 243 255 154 132 255 255 249 255 16 60 14 138 255 255
    248 100 255 246 181 255 34 90 0 255 255 255 255 140 141 24 203 255
    255 86 255 126 255 4 24 255 255 114 255 255 255 168 56 255 84 4 238
    80 135 255 42 255 255 44 255 255 209 255 255 255 255 255 255 255 174
    172 255 255 255 255 255 183 101 4 191 255 80 255 255 255 255 248 255
    255 255 88 179 244 255 255 255 136 255 18 88 58 255 232 255 255 34
    106 115 228 255 218 74 255 255 116 255 147 255 255 255 190 255 129
    255 255 28 206 255 255 222 255 255 74 12 255 255 16 123 255 255 180
    255 255 184 138 255 101 255 255 255 255 255 255 2 255 255 255 134 40
    38 106 255 255 213 151 76 255 97 84 255 255 176 92 255 8 255 228 162
    255 204 152 255 167 255 255 255 255 255 97 255 34 255 255 28 236 255
    255 121 94 255 208 255 255 255 252 166 255 236 96 230 52 255 153 255
    66 222 255 255 30 255 255 252 194 255 255 255 187 255 202 74 255 202
    34 255 255 255 255 36 195 255 255 52 137 255 197 85 122 164 255 255
    255 255 122 255 127 52 72 46 255 255 255 255 239 48 255 255 255 255
    118 255 94 255 255 212 255 255 38 255 93 132 255 50 255 30 255 255
    177 255 252 255 16 255 82 255 255 46 0 84 255 182 120 148 255 204
    156 81 126 255 46 96 255 255 255 255 26 255 255 85 255 253 129 60
    255 255 255 255 232 255 140 255 10 255 127 255 255 109 255 255 255
    255 255 255 255 255 22 132 255 58 255 255 28 255 255 143 2 255 255
    164 255 255 255 106 40 255 255</data></your_img>
</opencv_storage>
