<?xml version="1.0"?>
<opencv_storage>
<L2_diff>8.3174081299404806e+03</L2_diff>
<test_img type_id="opencv-matrix">
  <rows>100</rows>
  <cols>100</cols>
  <dt>"3u"</dt>
  <data>
    11 144 3 136 107 90 207 39 56 10 75 42 54 201 68 150 214 232 204 117
    88 178 109 6 0 172 36 66 65 148 46 30 199 212 73 229 136 221 104 196
    80 139 148 92 135 153 211 150 155 7 163 162 53 146 182 255 122 105
    109 136 67 123 14 193 129 127 4 230 179 178 112 205 155 131 156 220
    98 32 95 119 48 105 73 49 215 97 29 39 111 73 176 111 123 241 135 73
    137 110 69 115 48 51 122 141 163 93 41 81 195 26 34 167 232 159 95
    132 10 99 189 226 11 38 134 168 179 89 136 86 15 105 124 58 132 107
    23 28 45 64 177 181 139 141 14 35 131 251 179 44 98 67 135 72 17 245
    206 212 73 36 95 102 133 212 19 63 94 64 246 169 213 177 207 2 8 245
    29 46 202 144 159 114 122 54 168 173 164 68 208 220 194 14 112 151
    193 8 244 167 0 8 68 161 131 78 158 54 0 144 42 49 38 130 80 6 123
    47 129 104 36 250 204 231 159 183 240 38 168 160 82 181 192 20 118
    120 158 0 184 41 240 87 31 117 101 212 191 254 40 184 15 177 21 147
    181 7 152 239 214 186 23 243 238 168 46 223 46 209 115 209 70 108 41
    219 233 91 211 212 249 22 170 55 30 164 47 161 210 145 176 97 70 248
    69 8 63 2 180 169 101 72 109 219 18 74 175 34 159 13 180 163 134 107
    16 138 18 251 241 162 82 220 219 176 4 21 251 52 31 38 108 226 219
    212 248 71 178 214 126 111 61 25 148 243 183 14 173 131 71 32 176
    228 143 248 133 68 172 65 79 13 254 212 68 55 50 159 120 78 156 235
    44 137 91 208 90 34 237 207 137 105 190 65 110 79 152 174 212 97 125
    20 66 150 53 102 34 238 79 181 158 171 177 235 173 33 3 230 235 177
    70 248 143 208 113 89 101 104 12 78 154 138 114 184 101 80 168 23
    195 212 97 87 19 162 7 154 188 22 99 151 210 31 75 137 46 238 184 65
    58 221 201 199 240 126 113 191 168 203 82 221 135 70 251 65 145 248
    238 185 90 139 32 145 14 202 156 112 179 196 112 222 226 173 185 137
    48 131 209 193 77 170 72 230 163 98 152 85 82 77 133 83 96 140 74
    154 197 108 208 183 184 218 77 250 246 31 39 168 125 199 38 211 135
    171 123 17 195 193 36 77 252 28 79 226 112 75 31 252 121 239 105 223
    12 228 2 205 246 125 231 183 142 157 24 203 176 220 43 124 35 209 80
    100 254 240 14 4 57 197 144 175 239 57 227 156 241 103 88 116 39 59
    24 96 252 215 61 231 73 40 36 151 196 248 49 101 14 247 243 241 252
    135 165 138 210 3 178 239 80 12 143 27 94 56 121 213 119 244 99 65
    172 219 188 117 113 30 17 145 63 255 107 177 73 214 26 23 87 39 238
    103 136 230 84 53 61 11 184 202 60 123 67 39 243 128 163 217 172 26
    33 5 19 215 251 3 183 22 169 230 4 157 73 73 2 153 65 184 168 53 75
    111 55 60 181 21 178 9 211 116 73 41 217 20 96 54 179 29 65 201 222
    236 206 246 83 4 122 199 29 214 50 98 134 44 92 9 41 31 5 39 10 175
    106 237 238 83 40 113 248 115 212 33 179 133 232 178 181 162 164 88
    7 232 98 49 181 53 70 101 75 35 242 218 106 121 197 234 159 132 17
    239 65 26 195 171 209 83 153 126 16 162 101 252 136 102 88 6 248 140
    83 95 58 159 246 255 68 49 236 26 160 131 57 92 133 126 161 86 138
    237 101 42 55 139 207 139 192 242 151 108 135 104 163 69 216 96 85
    212 218 219 120 168 125 45 75 106 201 233 168 38 139 2 140 124 111
    15 38 112 112 0 140 230 20 248 243 45 218 34 244 112 169 99 57 195
    36 185 231 125 154 22 210 180 27 24 240 136 155 173 176 248 120 56
    249 111 143 88 67 215 241 234 166 51 15 235 109 171 63 121 249 198
    139 7 96 196 66 254 210 18 126 27 61 149 113 220 71 92 210 117 149
    173 36 71 145 92 123 120 95 214 73 238 90 115 255 26 140 215 206 81
    135 182 17 245 162 248 212 110 82 51 252 189 91 121 90 112 214 74 23
    30 168 37 119 86 111 116 189 149 150 78 151 160 53 176 107 1 145 184
    30 4 107 245 162 239 33 191 153 114 217 109 107 216 206 134 53 175
    160 150 200 25 205 254 92 79 68 239 158 117 21 98 110 29 58 11 120
    195 213 22 216 30 92 244 60 121 211 24 110 175 222 162 100 103 175
    78 170 195 97 215 104 202 159 91 255 41 248 191 208 188 137 46 38
    193 189 150 190 128 83 96 60 132 116 45 225 28 221 221 38 69 65 108
    181 136 201 35 1 95 66 187 234 49 72 119 244 26 76 66 205 226 28 123
    127 71 147 163 105 95 10 112 228 130 195 52 60 19 3 46 172 107 125
    11 233 23 124 63 184 98 147 29 115 242 198 239 214 11 131 124 244 81
    224 172 107 87 62 132 168 232 54 25 193 49 179 185 49 4 48 220 13
    176 161 95 146 240 29 4 11 44 222 189 113 255 104 216 53 235 207 27
    24 252 250 137 185 111 43 216 150 54 59 122 105 190 245 60 216 171
    154 116 245 102 196 35 56 122 218 120 25 141 67 172 229 192 140 64
    231 47 127 235 128 138 239 50 208 110 200 153 244 110 67 123 179 240
    182 39 195 120 207 103 46 47 78 16 1 83 73 112 75 104 5 51 211 233
    226 212 88 154 176 53 40 152 174 110 81 202 145 61 90 197 50 118 53
    254 39 61 122 224 135 52 136 213 113 66 137 146 110 29 238 110 34
    241 217 198 90 181 179 191 173 65 33 142 213 6 43 229 29 12 145 39 0
    29 183 148 189 113 188 232 18 191 17 157 77 155 179 86 62 237 85 64
    157 180 111 132 255 240 59 40 168 8 184 151 88 86 229 32 207 64 33
    12 230 229 51 240 164 36 76 227 209 154 110 32 86 234 9 120 27 151
    159 160 242 171 183 201 64 173 251 68 80 101 48 108 150 201 166 162
    197 141 76 47 244 145 5 205 2 239 146 162 40 69 121 180 40 196 249
    84 57 76 119 157 152 5 145 149 14 143 238 37 133 134 31 18 42 47 196
    253 185 28 208 36 95 141 216 42 255 251 52 97 200 217 210 126 148 63
    240 52 182 97 96 122 78 12 173 156 196 80 98 24 199 98 61 81 165 24
    55 24 172 90 17 120 133 109 141 110 193 64 10 67 54 140 36 232 76
    228 242 69 154 49 151 89 4 29 209 160 19 85 64 129 135 17 9 225 134
    55 177 225 129 126 151 173 193 99 113 82 136 70 214 62 192 155 15
    189 222 120 6 253 137 129 246 232 236 245 204 251 127 91 24 32 14
    151 195 44 153 219 159 62 195 78 58 178 235 218 115 9 200 11 217 96
    15 97 107 103 225 213 85 89 64 255 184 173 97 254 80 123 204 173 222
    93 10 173 177 164 223 150 88 197 200 8 100 192 30 95 228 219 186 220
    166 26 175 59 226 232 10 65 212 231 250 59 188 182 178 11 225 193 19
    228 81 156 118 70 21 11 48 108 180 231 168 36 114 253 104 142 170
    176 183 28 25 157 109 220 111 221 8 253 198 87 12 44 83 61 134 221
    90 91 25 59 169 68 72 159 52 60 70 2 244 232 71 11 5 16 38 246 237 3
    218 41 95 160 13 112 92 145 131 77 168 51 167 58 191 162 4 181 87
    184 255 42 59 40 57 231 115 195 1 91 252 186 44 158 212 255 82 246
    159 121 187 166 196 162 89 232 30 14 93 77 205 132 202 108 132 196
    188 34 188 217 89 1 157 173 169 163 178 223 182 213 54 121 41 45 128
    177 6 193 26 203 50 251 74 68 27 91 84 176 70 140 101 88 248 237 109
    185 196 118 18 231 250 215 178 248 194 55 27 23 9 9 137 7 2 236 119
    81 120 156 192 154 89 221 144 152 83 249 57 66 89 243 13 89 230 123
    198 58 157 89 160 177 190 12 141 81 106 75 113 154 191 197 193 102
    38 149 207 58 126 174 200 122 63 51 91 161 99 45 243 173 97 92 226
    133 230 196 30 33 251 18 199 247 239 208 0 158 146 202 235 95 112 73
    178 209 192 90 241 18 165 110 30 52 22 162 243 242 178 57 39 27 236
    67 62 201 69 164 27 98 172 63 188 141 157 18 113 0 250 230 177 244
    203 89 57 99 34 241 52 188 209 177 231 122 154 168 193 87 216 6 217
    118 97 34 97 214 206 134 53 209 49 28 206 107 158 180 226 29 234 132
    32 194 119 180 60 171 131 163 177 151 33 65 118 106 24 244 6 118 82
    188 207 5 11 7 147 202 60 54 207 46 184 233 69 51 213 156 201 251
    198 235 169 239 176 111 180 220 209 96 245 74 39 13 123 243 179 221
    45 102 54 96 175 157 179 95 110 91 92 230 71 207 214 35 50 16 104 34
    124 240 98 37 116 173 190 40 80 189 83 136 216 35 174 243 46 207 4
    115 166 234 237 210 223 127 108 61 46 241 27 168 35 135 62 133 236
    129 85 47 18 232 222 4 236 148 200 30 199 58 58 16 80 48 212 131 172
    64 101 168 189 61 33 198 25 73 251 132 158 200 93 84 70 76 21 128
    205 177 135 197 73 117 181 136 249 40 245 215 228 135 68 16 123 115
    193 69 156 126 66 44 143 243 151 253 185 48 60 78 173 112 162 128 10
    252 91 118 73 237 66 101 113 234 29 102 238 195 213 26 72 245 182
    225 155 39 190 200 4 158 196 34 252 162 111 234 194 230 30 178 163
    59 134 133 110 103 37 98 195 173 2 210 253 187 118 71 31 199 63 220
    49 124 108 146 183 30 231 137 206 81 238 40 8 231 93 250 11 32 172
    218 53 119 155 152 18 11 68 151 124 201 90 246 213 49 170 3 41 68 59
    128 46 77 81 111 5 248 176 212 9 242 0 12 117 9 26 236 235 128 27 2
    23 153 182 254 95 10 10 135 126 26 200 180 175 236 4 138 175 136 24
    194 187 245 184 194 216 189 125 127 87 87 79 80 148 111 234 19 253
    86 155 147 95 71 72 106 80 143 240 65 44 223 145 198 67 26 198 246
    136 106 240 94 250 196 91 149 221 200 88 88 210 49 94 224 209 10 76
    57 105 13 41 160 118 251 48 94 170 225 129 108 189 84 132 11 240 22
    172 251 124 193 210 145 199 137 159 228 126 157 228 221 26 10 139
    195 177 220 232 235 145 46 159 201 8 228 172 65 154 33 108 14 225
    157 205 21 136 128 113 62 75 52 192 203 136 118 189 12 25 223 73 117
    92 20 171 81 70 250 238 237 39 205 138 108 214 132 21 22 65 73 33
    153 16 80 10 239 5 122 203 27 198 224 42 141 197 89 71 84 156 46 224
    90 57 35 230 40 181 24 195 211 166 8 97 76 91 247 85 64 93 196 121
    19 78 216 247 130 198 101 105 212 240 18 52 105 21 64 102 54 175 30
    246 45 32 102 76 67 83 44 236 122 3 129 13 180 187 109 91 96 68 68
    160 246 188 100 213 166 84 246 182 227 237 35 220 70 3 175 162 50
    131 205 124 34 73 211 176 72 255 236 5 17 72 43 32 150 114 125 56
    197 96 82 90 109 122 230 65 56 26 194 196 0 70 104 179 73 125 241 77
    188 143 210 169 76 143 168 218 186 4 98 66 41 140 119 173 252 184 85
    120 39 113 29 40 97 87 50 9 44 97 135 115 80 219 156 112 69 66 168
    247 82 28 98 82 159 35 31 129 170 82 2 50 196 27 27 95 168 131 134
    24 237 235 188 124 100 64 185 173 53 23 181 158 63 225 141 241 232
    227 13 94 163 224 2 204 245 141 77 160 210 151 13 78 212 246 94 182
    230 30 6 67 6 78 163 23 155 228 5 88 249 236 179 56 177 13 78 170
    178 83 227 227 79 227 50 126 70 20 82 241 73 104 166 114 13 146 206
    32 216 83 237 34 116 11 170 38 172 221 124 152 158 122 108 145 163
    156 104 114 28 64 203 237 215 0 145 57 133 244 125 182 247 181 8 19
    32 213 117 221 9 218 90 189 125 251 213 190 184 15 255 231 78 81 97
    138 204 223 104 125 56 44 9 174 81 8 218 243 150 160 110 4 234 224
    205 181 166 139 231 197 94 28 51 36 129 197 2 249 26 20 86 130 93 46
    1 117 183 111 64 6 159 63 55 97 182 241 243 223 242 106 16 64 73 137
    185 116 72 92 109 14 160 22 222 193 36 70 202 20 251 207 225 231 147
    74 46 205 128 238 174 141 4 119 136 167 17 190 187 4 92 174 122 170
    193 111 115 39 152 15 138 76 223 252 21 158 103 208 191 58 144 106
    187 35 115 55 240 209 171 11 199 72 187 70 243 35 192 236 114 82 204
    18 40 16 128 95 253 176 82 13 255 117 139 130 236 160 192 38 90 250
    108 186 206 201 204 94 132 71 132 212 186 179 60 74 81 183 186 152
    239 171 27 9 246 214 125 122 129 151 106 178 163 10 72 232 100 227
    13 34 206 219 85 106 237 34 19 36 118 133 177 102 28 81 145 244 204
    101 132 57 236 50 231 12 172 193 147 73 240 63 130 89 210 170 57 97
    211 57 202 233 135 203 119 87 129 243 81 127 135 27 239 227 151 50
    172 104 151 113 123 70 200 144 105 31 128 9 174 178 99 234 110 189 6
    72 155 142 225 124 23 224 242 160 222 19 232 28 204 195 116 112 131
    133 131 119 9 214 14 184 75 216 117 197 34 102 48 222 65 49 60 55 90
    246 218 93 106 106 136 93 253 129 148 163 186 58 8 66 6 152 110 5
    179 148 158 116 149 131 4 231 3 67 209 239 18 90 217 144 230 148 78
    57 197 47 183 161 115 93 174 249 105 160 17 51 35 156 174 243 220 90
    86 145 24 30 244 122 112 25 4 106 44 61 202 243 98 160 48 208 44 114
    114 68 113 115 64 165 187 122 208 119 29 119 223 73 176 127 29 42
    215 210 122 65 166 98 21 98 75 63 85 112 180 122 96 245 200 204 114
    228 90 144 215 100 136 56 236 224 55 153 88 46 16 201 91 233 201 88
    56 196 127 229 74 232 192 63 53 74 32 208 61 15 211 118 188 255 248
    228 4 148 29 191 194 61 107 18 48 105 36 13 57 31 198 12 44 202 149
    17 170 1 64 10 41 69 8 81 238 25 25 36 174 32 40 94 15 210 7 240 139
    49 137 251 181 178 124 163 36 42 113 226 119 217 28 121 237 53 24
    139 226 177 145 30 215 61 251 198 103 69 72 140 189 51 247 10 173
    219 53 98 245 172 67 92 161 254 14 14 49 157 37 84 183 24 243 9 61 2
    176 20 0 164 102 142 124 9 126 177 17 4 50 172 137 199 211 53 56 221
    33 122 110 201 217 194 47 116 232 109 243 240 134 12 198 201 212 202
    53 71 55 186 95 163 109 73 87 199 106 53 14 211 223 254 153 83 155
    55 31 95 52 255 239 241 97 223 26 205 173 163 234 66 31 29 238 0 104
    0 21 146 59 35 121 174 97 181 136 10 59 38 139 139 188 90 244 221
    155 153 55 38 245 157 243 202 216 61 244 127 237 51 107 176 199 248
    171 52 182 53 249 59 208 30 95 114 176 233 249 143 97 168 90 182 96
    215 36 34 186 131 47 70 48 56 174 217 84 42 104 120 205 207 50 154
    59 30 142 220 197 102 74 193 72 124 1 75 118 162 70 146 100 253 91
    155 67 55 10 110 213 166 233 87 241 7 197 155 139 160 83 9 224 119
    156 117 119 161 163 163 200 6 43 34 207 164 52 3 119 161 221 179 128
    30 126 195 139 238 163 152 165 167 110 117 238 245 198 14 94 235 82
    12 153 242 184 150 41 6 165 96 113 149 19 102 98 85 21 44 233 122
    244 78 31 125 43 195 253 67 71 144 77 243 152 194 58 11 236 195 227
    56 138 159 161 47 64 85 35 135 65 114 73 26 26 74 24 7 242 155 126
    49 246 246 175 188 252 175 233 177 99 131 44 120 177 218 111 210 164
    222 8 56 52 149 222 20 148 103 135 50 44 19 1 72 238 114 72 195 253
    101 171 195 153 92 196 219 168 70 224 68 157 94 138 100 108 187 107
    19 211 6 195 140 213 9 4 20 98 138 224 163 23 44 208 77 157 183 193
    75 46 210 170 114 167 107 188 28 137 169 72 178 32 64 251 156 87 106
    95 192 21 17 125 117 190 218 52 59 52 69 88 23 218 172 107 173 79 89
    86 58 32 74 133 214 150 93 81 99 118 231 78 128 184 22 241 44 121 64
    232 80 116 254 92 59 114 211 9 149 206 33 198 81 246 103 8 67 193 97
    94 19 65 50 253 136 245 83 26 173 143 58 161 119 94 244 254 158 92
    181 153 117 148 4 246 100 204 111 215 7 2 150 193 35 111 71 171 36
    33 27 78 234 211 211 56 36 100 141 69 208 28 55 33 215 193 237 118
    185 84 94 179 135 160 77 1 245 69 69 9 177 0 81 183 81 225 250 40
    176 252 161 59 191 30 25 208 47 193 179 170 79 149 23 11 131 201 162
    121 219 31 72 62 227 192 251 199 146 156 175 199 226 250 67 112 250
    195 238 27 249 252 128 68 37 101 59 35 194 45 248 86 207 18 76 180
    34 190 133 243 5 234 244 164 131 239 113 131 234 30 70 171 15 159
    190 153 13 90 188 11 253 70 120 162 3 252 202 119 87 192 172 183 213
    117 180 12 57 206 37 82 180 16 147 216 228 57 41 33 17 135 31 46 185
    255 205 211 172 126 49 67 22 120 163 93 192 200 101 254 73 163 169
    14 204 51 110 10 147 225 193 115 19 0 25 117 195 213 238 26 37 249
    136 94 185 20 236 235 221 115 111 48 20 28 83 126 49 203 254 138 112
    173 22 234 177 85 78 159 19 186 193 245 170 242 174 81 167 190 211
    46 67 188 78 185 137 252 198 25 204 0 216 134 142 18 242 183 164 71
    86 112 30 70 207 244 68 189 135 118 77 26 160 128 159 166 80 116 218
    241 113 65 199 174 107 196 109 95 59 91 16 213 132 88 250 157 253 26
    27 115 92 136 243 79 241 169 129 107 96 142 159 239 225 234 42 130
    175 22 63 92 76 94 135 155 40 8 233 154 101 111 235 131 32 132 89 11
    36 71 100 19 211 58 75 246 86 215 106 171 36 136 114 64 160 47 53
    214 65 165 93 230 162 39 72 169 150 244 102 20 129 96 173 193 54 114
    159 104 49 66 127 230 69 231 20 95 79 18 192 109 15 15 58 53 124 105
    218 48 95 128 8 162 140 111 186 108 155 218 255 8 16 3 29 169 216
    100 251 28 248 114 247 14 118 28 67 238 171 42 46 162 241 205 110 63
    219 31 140 23 223 251 50 88 42 167 27 68 79 0 151 131 46 55 129 102
    42 207 79 157 141 228 247 16 179 184 80 246 248 200 21 195 197 241
    116 175 56 9 185 40 16 192 183 84 217 6 225 73 136 43 254 33 232 148
    223 92 239 45 96 157 138 207 101 135 113 157 206 4 232 0 16 209 74
    26 187 88 150 233 106 197 179 91 119 48 247 65 157 197 155 185 111
    59 28 119 234 27 100 110 191 108 203 8 217 108 13 57 74 106 140 117
    182 230 31 244 27 135 62 104 218 17 17 149 30 99 78 102 86 235 83 84
    64 184 168 92 194 31 94 135 112 167 141 202 172 141 29 233 37 110
    176 202 38 246 165 250 5 106 147 32 119 233 11 42 61 3 160 27 192
    170 73 2 180 197 242 179 117 67 116 243 116 159 235 24 174 255 126
    161 229 180 210 255 93 164 37 115 179 217 254 144 8 180 218 162 5
    234 188 138 109 68 8 135 33 48 37 110 218 21 33 2 232 116 51 220 50
    221 96 7 15 89 41 116 144 241 230 0 4 241 132 187 90 233 65 237 66
    35 206 20 166 127 0 11 108 7 105 237 65 67 56 98 108 75 108 3 56 137
    56 146 58 198 95 155 173 37 119 161 120 160 119 214 249 19 214 253
    151 16 86 166 34 72 22 27 239 134 110 254 45 253 148 133 27 93 135
    178 170 124 121 229 55 243 233 252 151 71 65 91 239 115 166 170 15
    202 164 113 225 50 192 17 14 199 193 240 0 199 52 245 169 27 124 223
    60 71 234 45 37 141 46 229 223 37 8 181 144 143 21 113 91 3 89 69
    176 53 212 138 220 143 156 118 137 166 131 59 34 134 71 99 21 169
    190 181 197 152 70 41 186 218 142 10 155 21 247 211 47 202 99 88 147
    235 50 34 93 155 250 189 155 212 235 202 187 15 205 82 207 162 227
    84 211 144 22 66 211 203 33 173 169 200 39 166 90 205 161 161 250
    129 1 61 13 134 149 192 101 212 9 41 28 228 32 63 38 108 47 154 251
    105 62 7 229 82 181 61 199 13 133 205 146 110 86 227 77 144 92 187
    88 111 210 20 127 113 159 141 171 143 144 59 168 68 159 199 92 113
    224 66 135 185 210 47 51 113 13 13 21 32 58 39 215 160 128 76 245
    114 44 190 162 201 171 138 52 172 247 32 74 151 137 88 107 159 15
    182 218 209 114 96 59 183 213 176 43 22 65 43 49 81 45 164 36 226 43
    141 186 78 59 162 193 120 110 94 42 250 211 181 87 106 238 175 65 44
    43 54 75 100 102 86 98 40 197 131 156 15 56 152 182 143 101 23 235
    254 240 113 114 4 132 32 203 239 107 73 78 208 111 102 80 11 81 88
    17 16 144 118 188 148 170 25 59 110 107 37 77 186 59 99 181 100 157
    142 163 92 221 240 213 112 225 65 185 220 109 199 128 223 15 16 4 10
    241 133 203 74 217 216 196 24 65 18 123 245 162 173 225 188 68 112
    224 63 122 19 20 130 120 46 72 17 210 224 117 196 171 50 252 22 125
    242 9 76 237 209 54 172 8 81 98 120 203 1 37 17 51 160 213 136 120
    19 121 218 99 255 122 234 11 166 201 78 210 243 44 119 42 151 32 199
    2 52 162 184 147 174 9 110 121 132 27 28 205 151 201 249 252 210 72
    198 37 214 172 230 120 81 243 36 235 35 59 182 71 37 221 159 159 83
    61 105 152 146 226 10 193 249 255 196 133 148 162 40 90 253 140 153
    32 67 9 54 201 153 24 203 16 23 76 55 59 53 198 135 196 76 120 107
    135 109 72 0 211 162 159 41 72 49 103 214 239 184 43 81 107 180 243
    238 127 225 85 241 40 45 135 17 132 47 157 188 243 49 255 201 44 230
    252 253 14 62 153 193 6 185 185 158 246 239 4 26 247 185 114 228 100
    2 106 111 172 120 52 173 58 131 21 205 22 70 210 119 159 221 154 85
    54 132 19 66 9 69 49 77 204 113 233 6 214 45 47 120 185 104 239 142
    188 24 236 156 2 253 168 47 218 58 27 2 165 28 176 118 249 211 154
    164 187 145 100 35 112 193 236 234 254 14 240 248 118 86 126 51 133
    52 207 102 248 159 17 28 85 87 71 235 124 78 178 184 6 99 252 127
    154 167 187 123 146 74 39 82 30 205 73 169 221 4 65 1 255 16 248 31
    41 147 59 102 123 213 83 22 148 238 60 95 220 75 183 116 142 76 238
    223 104 201 126 240 61 39 149 150 189 126 57 57 92 209 202 82 169
    159 4 136 92 146 204 108 6 116 33 5 117 248 39 234 47 161 105 28 244
    43 23 11 171 112 128 177 64 185 108 7 237 92 195 152 89 114 23 2 173
    247 44 22 29 207 35 207 182 91 34 22 179 241 118 209 219 109 161 38
    2 19 206 235 44 119 90 170 18 177 28 124 82 178 56 154 209 51 181
    189 135 245 25 74 117 79 38 219 123 216 223 141 253 101 62 94 147
    205 183 138 92 169 62 218 164 153 25 22 84 42 105 70 249 104 148 75
    218 180 242 169 248 218 91 122 93 169 25 21 180 220 9 252 148 80 126
    109 133 87 236 72 180 84 252 10 49 238 159 129 81 107 18 10 107 139
    218 226 146 41 141 97 79 248 128 237 214 39 26 41 136 15 103 188 62
    183 91 241 183 159 102 196 156 158 219 219 14 146 194 107 78 80 186
    202 28 121 6 180 43 63 145 59 63 241 65 97 114 62 35 237 3 125 228
    16 7 231 246 150 37 67 23 20 107 127 95 184 185 221 209 56 126 94 66
    220 88 203 61 205 133 206 75 10 204 46 149 41 173 180 28 127 228 198
    227 71 45 57 47 50 77 24 190 40 111 230 111 222 107 43 79 91 1 142
    234 93 233 60 222 162 185 246 165 94 239 204 91 110 207 164 111 34
    231 190 13 7 123 120 154 123 218 85 188 101 16 232 16 151 128 228
    254 110 106 53 80 182 43 125 130 100 178 92 224 137 53 193 225 199
    108 136 71 134 70 73 245 220 114 122 91 215 72 51 63 50 67 202 218
    150 74 122 250 95 9 179 146 247 151 227 64 139 56 179 200 194 130
    255 246 26 114 233 85 32 50 41 214 121 193 45 245 70 73 15 234 70
    247 233 211 8 126 246 78 108 36 213 249 133 135 143 18 150 17 3 95
    166 85 213 155 8 10 113 214 18 189 96 230 51 243 69 48 23 251 187 16
    100 107 234 154 226 29 134 18 124 4 163 119 247 163 148 3 101 120 3
    181 192 164 5 230 3 222 182 101 25 65 203 26 104 140 230 69 131 61
    225 74 234 182 155 86 33 97 4 150 80 217 214 192 85 208 151 42 82
    228 105 183 221 62 234 230 213 234 180 221 51 165 56 162 200 85 164
    36 141 188 30 117 58 42 89 152 204 218 168 116 194 137 37 231 57 222
    155 211 87 82 51 83 231 64 117 113 156 47 53 216 183 222 230 72 1
    135 215 9 209 93 145 51 204 183 239 210 147 169 166 254 100 237 207
    85 183 115 121 5 126 247 189 67 7 104 114 25 253 146 28 224 168 182
    229 42 177 70 71 15 254 93 71 48 219 186 117 188 217 20 146 54 96
    114 236 175 2 159 2 170 32 154 174 99 181 7 41 253 233 31 202 95 155
    200 17 112 197 77 78 36 196 50 74 27 80 160 248 67 31 214 219 219
    254 9 239 149 130 5 233 166 151 46 158 126 39 72 54 127 146 125 103
    250 44 115 228 159 181 197 28 130 185 158 44 208 44 213 210 40 0 29
    95 0 49 124 132 22 143 8 159 37 54 142 140 177 23 209 65 190 241 47
    67 75 198 240 247 232 212 178 129 85 173 216 78 195 255 46 93 92 212
    48 246 250 121 8 61 192 180 194 204 93 162 240 1 222 160 162 245 238
    186 19 37 48 181 211 146 42 239 26 214 17 8 66 225 208 254 128 153
    86 34 52 241 87 146 85 237 206 150 62 146 177 55 155 125 253 119 249
    168 160 254 53 44 65 85 207 232 153 184 239 99 168 224 41 35 13 184
    196 251 13 126 40 238 158 220 171 135 99 234 219 4 96 134 40 86 208
    158 226 31 155 59 1 203 2 180 41 90 169 67 151 167 33 185 24 193 229
    6 50 68 20 151 57 72 40 252 185 231 8 254 168 13 2 145 132 7 12 136
    254 59 122 61 204 232 104 3 244 158 241 217 48 11 67 117 163 8 26
    150 18 91 46 104 140 231 3 106 104 227 44 167 89 34 24 1 128 163 61
    174 163 137 50 226 85 68 71 209 154 129 121 192 183 121 180 97 17
    228 204 146 202 130 33 239 11 16 244 186 228 141 85 50 215 112 157
    141 98 229 129 168 172 113 57 189 23 132 239 215 92 142 151 144 10
    163 2 60 138 219 211 184 51 91 84 23 80 73 88 21 67 76 28 155 159
    179 200 193 15 83 216 1 245 116 45 111 252 85 22 14 88 96 243 228
    174 235 20 19 153 244 203 67 211 182 182 1 158 27 130 97 233 155 78
    253 152 97 66 192 81 119 96 104 109 229 71 241 247 104 146 18 119 19
    75 143 159 239 12 211 250 14 65 202 187 13 132 187 18 245 157 177 12
    228 53 123 120 140 124 18 138 155 50 44 70 173 3 85 247 206 60 93 77
    55 163 177 138 238 31 157 218 200 182 140 63 253 211 100 117 43 44
    206 20 70 25 142 131 79 240 185 51 111 43 53 24 232 142 89 236 150
    205 84 224 198 81 236 91 142 118 30 196 124 61 31 135 16 109 177 91
    39 43 19 12 81 90 243 161 91 105 19 45 151 39 241 246 45 232 153 25
    254 59 86 47 160 1 231 30 231 50 238 30 103 194 205 191 235 214 142
    205 88 24 133 138 81 65 154 230 23 28 139 186 89 134 147 38 24 158
    131 139 81 236 151 166 174 154 139 105 145 193 163 94 179 2 73 135
    108 102 184 242 35 254 147 34 223 50 11 243 180 39 133 129 24 48 137
    158 71 57 118 210 117 217 249 106 147 97 188 116 71 48 1 60 210 189
    99 232 122 162 43 7 27 177 233 52 248 103 55 53 61 117 182 138 83 5
    21 32 98 104 209 159 146 72 198 248 47 187 183 76 46 44 95 150 7 128
    132 103 171 35 58 36 93 131 135 185 130 99 28 54 118 96 126 56 238
    76 192 85 179 117 157 108 4 88 223 212 242 106 18 162 9 214 14 4 49
    208 186 230 123 117 205 249 185 66 120 39 62 10 68 162 237 166 38 98
    179 67 189 17 48 157 205 82 230 113 213 255 228 21 72 177 191 37 122
    8 255 16 73 143 222 180 102 25 141 45 137 211 211 23 78 54 247 203
    81 100 245 149 132 59 26 175 190 57 241 18 71 128 79 246 103 216 141
    201 37 74 109 178 248 133 127 22 113 49 216 22 73 189 48 56 202 183
    56 110 254 108 125 94 145 184 112 127 172 47 23 209 143 33 64 249 93
    216 110 30 91 66 151 86 54 179 121 122 29 219 80 151 19 255 203 168
    114 27 5 60 16 147 141 38 177 189 138 44 35 142 184 176 129 133 251
    83 133 165 145 10 235 90 222 161 117 36 237 97 253 39 31 118 114 97
    231 247 142 82 82 7 204 171 123 240 9 42 146 38 64 121 97 1 30 162
    217 187 39 180 234 118 206 118 152 60 86 30 233 147 106 37 195 239
    30 233 155 73 51 31 32 130 172 52 64 222 48 233 99 151 175 230 105
    71 229 245 55 158 28 112 226 114 73 152 132 94 161 252 112 153 3 252
    98 47 5 116 219 162 6 23 159 205 163 35 133 166 95 117 125 114 108
    136 37 137 23 251 210 128 90 5 255 54 133 76 26 195 106 23 174 172
    56 177 34 66 133 252 30 132 0 72 186 97 94 139 61 19 19 116 51 72 88
    68 59 195 122 108 106 227 22 44 115 169 30 163 125 46 200 128 176 63
    189 152 255 92 55 208 82 102 254 9 121 229 152 45 83 174 46 163 207
    80 225 231 148 213 59 58 57 68 54 58 99 23 0 125 213 46 220 204 91
    61 88 126 93 157 57 23 171 224 130 124 74 120 153 130 234 238 118 54
    247 213 68 25 112 148 8 192 94 13 206 241 223 187 145 53 235 15 181
    161 197 241 1 29 60 18 221 214 66 251 148 155 197 179 149 70 245 13
    184 82 223 202 83 116 135 242 209 55 110 168 4 71 130 83 132 204 221
    161 82 235 55 158 136 217 84 196 64 112 85 93 18 242 225 13 149 75
    96 72 77 229 30 16 237 240 3 224 59 252 71 56 86 244 26 29 51 121 72
    55 150 198 121 135 126 169 19 199 174 220 177 170 217 63 40 19 18
    251 48 228 223 128 3 39 69 57 34 125 127 249 75 53 70 255 12 94 192
    214 34 137 97 132 220 8 117 99 169 176 130 243 118 66 117 159 30 33
    117 42 27 249 100 197 99 39 24 97 103 132 244 122 176 113 65 24 226
    210 16 51 116 10 89 109 184 53 150 216 135 150 245 110 18 59 14 244
    228 167 109 110 13 242 251 213 220 13 187 94 222 172 79 98 200 68
    117 157 235 142 187 140 150 13 30 116 234 20 208 88 159 44 103 54 10
    205 137 95 14 76 228 95 13 137 107 172 119 73 99 1 150 193 197 118 0
    25 217 18 39 246 82 75 118 173 78 116 160 109 60 65 166 44 234 85
    203 161 134 246 12 244 24 126 182 163 93 49 117 44 9 56 79 235 54 53
    23 129 236 247 244 80 108 101 180 5 0 22 90 224 218 7 143 9 203 110
    212 167 111 194 94 170 223 222 244 80 77 237 215 97 127 79 168 159
    214 159 115 74 143 149 208 223 175 150 95 6 164 11 28 173 95 14 35
    95 220 84 44 127 243 232 129 233 241 203 22 191 199 206 214 210 225
    110 161 178 137 164 2 118 154 6 171 132 183 151 145 148 245 57 11 58
    218 214 54 199 225 241 41 69 126 233 186 43 83 155 172 198 90 16 164
    78 83 217 137 123 226 254 28 82 20 124 29 141 154 0 175 34 17 21 207
    230 187 132 13 226 247 66 178 192 3 52 218 20 105 152 60 162 65 27
    94 19 221 18 137 112 176 41 209 54 107 88 187 54 63 8 0 54 101 186
    196 99 213 189 252 228 230 17 115 31 172 47 18 208 139 163 248 162
    149 71 239 53 126 163 187 55 5 69 221 61 81 52 156 6 106 10 66 62
    210 91 26 63 161 48 151 237 35 82 134 236 153 9 5 52 28 59 236 116
    194 229 107 202 53 204 48 142 131 30 54 202 246 84 9 200 183 242 216
    104 36 210 89 195 125 66 78 90 35 82 247 252 249 234 155 252 6 179
    138 42 247 231 21 32 172 122 153 64 61 121 224 207 251 0 79 26 235 8
    209 195 192 70 245 111 86 0 20 97 147 154 164 88 140 76 133 238 3
    138 56 170 90 190 157 73 252 40 253 141 140 24 36 240 103 129 11 139
    151 80 181 106 226 29 62 237 205 162 19 252 6 142 59 255 77 78 43
    184 254 185 108 197 175 11 70 74 39 88 196 36 209 197 97 31 27 221
    103 83 228 144 163 28 238 25 105 56 254 152 121 230 186 252 31 244
    144 170 64 41 198 200 167 4 216 69 237 113 7 244 242 169 102 78 15
    220 236 242 209 67 18 18 158 20 241 216 91 19 204 232 200 53 57 193
    217 200 255 137 105 7 112 175 2 219 230 61 179 75 84 49 235 37 165
    203 87 60 200 254 142 105 11 74 217 25 71 207 48 81 250 115 154 239
    252 152 35 32 231 97 234 179 108 153 7 170 88 93 172 164 183 35 94
    244 179 234 53 165 76 24 227 100 133 122 45 254 166 50 184 228 179
    42 29 104 224 246 126 32 147 77 132 132 184 235 218 245 41 88 126 6
    242 64 135 117 119 32 64 87 81 106 80 236 38 52 204 74 177 37 167
    110 160 67 50 253 180 214 202 99 222 97 199 130 49 226 9 189 98 81
    188 213 132 117 66 219 7 254 201 222 76 77 120 241 245 64 86 114 122
    157 240 16 40 51 50 22 227 193 3 175 93 124 131 254 23 204 212 38 51
    67 180 71 25 28 60 154 45 38 230 172 112 80 100 84 227 56 64 10 33
    21 53 118 43 87 78 90 241 185 250 96 19 183 148 81 24 103 83 134 115
    147 36 110 219 73 2 166 2 72 90 30 106 232 216 98 220 11 223 189 93
    37 75 23 120 131 100 250 99 27 227 87 213 185 162 218 190 102 221
    224 19 68 39 148 193 42 151 251 119 7 154 86 154 12 41 5 169 180 90
    177 232 116 0 52 3 18 78 102 154 46 46 185 65 86 238 34 177 24 60
    110 164 243 83 57 195 115 193 244 123 116 231 251 62 32 179 24 174
    212 255 47 172 61 3 206 71 165 217 72 4 16 170 63 4 14 119 88 39 155
    202 15 160 97 76 68 134 223 108 74 7 117 230 22 102 45 39 225 237 36
    101 4 252 203 227 209 53 126 15 162 240 18 253 132 38 176 108 214
    143 171 173 18 239 98 64 116 128 40 180 99 169 61 238 248 190 250
    108 32 23 180 95 31 44 136 124 245 222 208 198 0 53 111 57 79 164
    162 11 5 236 7 137 229 151 24 99 141 24 240 31 12 217 170 27 178 158
    136 79 247 100 87 137 198 129 94 151 47 79 201 186 95 77 214 188 57
    7 205 7 250 175 242 77 61 27 159 107 189 14 89 211 143 114 13 211
    139 97 247 247 94 217 64 208 250 227 46 181 222 248 118 74 41 220 55
    233 199 37 159 228 6 75 244 111 114 8 187 252 144 203 48 36 156 103
    36 214 78 155 249 51 57 133 169 38 55 236 145 68 226 74 19 171 25
    170 210 196 115 92 14 226 67 230 121 73 43 202 129 112 44 207 21 70
    9 179 229 52 136 244 98 240 190 195 49 201 169 129 129 63 80 114 228
    243 44 150 102 190 8 148 106 157 179 102 3 68 135 117 140 63 234 238
    28 195 37 161 187 136 127 241 244 35 37 43 206 27 150 47 182 105 38
    122 101 182 80 34 16 164 254 190 117 72 155 240 15 13 23 89 20 81
    246 12 147 74 74 109 235 150 124 206 252 205 10 117 151 82 84 89 99
    17 228 37 48 197 158 51 129 150 3 150 27 91 37 115 198 158 206 22
    188 120 219 29 212 58 165 246 205 73 84 127 20 76 117 66 72 227 101
    9 93 151 187 83 142 3 145 216 189 131 46 75 76 87 72 66 32 122 49
    245 67 163 79 4 246 237 128 250 9 165 199 136 132 218 192 212 21 219
    40 15 71 47 204 116 238 162 110 255 135 32 41 221 40 231 26 76 194
    25 192 217 147 239 1 92 54 56 14 136 69 188 205 78 73 128 194 84 91
    15 151 29 125 51 109 212 97 4 162 103 185 17 227 141 111 217 190 83
    71 134 114 167 199 82 21 249 209 152 49 195 247 31 2 211 105 37 131
    243 57 95 12 244 243 26 121 228 51 112 156 184 75 255 154 151 139 60
    66 11 139 207 56 47 189 208 154 150 176 248 18 101 116 11 69 142 56
    182 175 213 80 227 18 238 143 242 139 218 140 5 83 200 112 11 197
    191 174 201 240 195 143 137 46 177 6 116 54 11 127 206 73 136 25 181
    221 193 232 252 1 157 16 97 248 159 220 199 109 72 163 28 216 50 5
    112 221 201 202 65 129 31 0 48 244 219 187 228 166 244 253 68 73 96
    48 202 11 24 254 71 213 30 255 105 255 141 30 1 159 141 165 60 185
    229 114 71 160 233 169 52 182 255 164 135 159 3 49 140 3 15 251 221
    236 240 75 228 108 218 120 10 160 100 38 99 164 121 241 133 177 234
    250 204 255 181 1 198 94 141 249 253 1 143 143 7 169 156 112 239 100
    107 231 51 4 63 94 187 57 12 94 88 244 54 31 194 180 126 53 227 12
    221 160 218 71 91 12 162 21 254 66 46 251 35 47 51 85 211 98 106 148
    119 35 235 252 251 54 27 98 224 160 90 0 171 144 3 6 248 169 130 223
    9 125 178 92 162 73 72 251 62 99 14 46 194 25 223 204 20 95 20 187
    229 77 39 188 113 168 109 69 87 241 175 192 108 126 240 128 220 219
    182 129 34 146 87 128 128 30 22 69 197 77 157 62 106 193 177 133 106
    112 139 124 250 175 166 165 42 121 220 229 57 120 112 95 202 60 208
    229 245 19 231 131 157 40 228 163 93 209 41 57 136 192 105 164 138
    199 124 170 137 81 111 84 82 66 235 198 64 12 229 211 153 99 84 159
    48 106 241 99 197 233 207 127 164 238 235 37 124 206 205 206 194 247
    45 192 67 72 228 249 75 217 181 117 202 131 234 255 175 147 251 64
    58 255 43 172 99 52 181 251 141 149 168 91 59 60 52 32 34 46 188 200
    253 134 201 6 139 29 254 69 108 209 35 245 115 115 214 218 5 97 10
    58 122 168 93 212 195 47 30 98 9 151 146 248 2 235 126 168 162 130
    96 96 106 108 140 207 186 149 244 36 37 52 126 217 251 111 9 30 133
    141 89 92 159 138 21 6 19 134 33 16 176 245 187 4 64 33 79 229 152
    78 74 194 85 73 17 201 233 211 91 170 47 234 218 203 161 118 225 109
    229 113 252 106 221 161 208 23 124 213 224 241 52 77 243 37 192 210
    181 220 217 147 167 241 197 123 38 175 167 49 47 241 168 43 253 85
    150 28 255 171 185 172 81 12 62 4 77 113 157 80 218 92 7 135 53 106
    4 119 18 54 58 89 185 209 6 49 116 56 108 184 88 207 37 130 27 162
    39 174 147 160 22 172 233 162 9 14 206 255 151 188 171 119 43 183
    219 191 240 200 11 166 29 4 71 184 238 231 132 101 13 134 38 179 44
    39 253 220 94 57 151 121 106 141 133 63 249 30 230 19 42 156 215 217
    249 50 114 21 89 24 178 150 66 79 18 13 75 118 189 154 70 153 71 33
    210 233 89 27 47 242 226 241 14 131 156 114 151 71 205 187 183 48 1
    14 173 9 9 253 169 230 63 104 23 198 168 57 105 89 243 241 215 223
    213 127 129 138 115 252 249 35 201 20 1 35 218 159 110 193 117 67
    187 254 123 241 196 11 202 123 93 43 217 167 165 10 46 198 213 42 73
    165 162 183 4 99 198 160 88 114 25 240 97 126 198 55 182 140 83 235
    247 250 141 167 144 135 149 98 131 3 47 44 98 16 8 13 229 5 157 195
    215 211 103 181 109 248 147 100 54 91 150 145 25 178 247 248 169 84
    225 28 105 67 143 195 190 173 130 117 163 120 176 175 77 112 156 37
    70 159 219 220 147 39 223 181 135 214 93 98 228 204 54 101 225 111
    223 208 235 135 131 115 91 92 20 70 73 210 235 238 113 133 116 67
    152 133 166 232 251 148 252 221 53 207 218 12 112 62 252 75 238 231
    6 110 65 70 55 229 124 208 4 1 47 102 154 51 99 21 26 104 209 120
    177 132 147 150 9 105 203 130 116 198 203 232 241 12 22 155 224 192
    235 30 183 235 4 156 99 115 186 113 169 122 253 112 68 238 53 198
    147 35 141 137 132 143 167 221 145 112 234 43 175 173 80 99 146 114
    248 132 60 175 63 72 235 167 246 51 144 5 119 171 25 184 160 202 253
    157 229 61 44 225 209 244 57 148 32 0 186 197 6 58 237 62 160 187
    235 9 48 153 41 246 124 94 76 240 182 228 190 58 103 204 182 159 75
    74 128 60 184 137 19 133 35 204 248 31 19 99 82 28 25 40 54 224 47
    15 61 229 191 191 62 175 226 67 231 50 211 58 215 186 156 137 113
    155 84 120 57 173 171 169 47 145 104 82 137 43 84 143 157 98 192 228
    120 152 70 61 16 96 19 85 105 128 67 48 216 116 162 161 30 112 125
    83 224 97 97 9 137 163 189 109 195 7 118 159 42 153 4 27 230 12 97
    209 242 151 148 204 213 97 40 20 60 204 54 153 219 74 111 163 42 163
    195 148 198 229 143 237 127 231 118 217 223 96 202 96 94 14 32 189
    196 238 204 191 161 1 249 23 59 88 248 83 112 108 150 71 115 236 204
    120 65 40 42 213 195 35 90 246 116 109 12 255 170 116 64 3 104 125
    203 106 52 93 49 125 233 82 84 178 249 41 25 44 202 198 107 173 206
    45 143 58 61 205 43 38 166 207 224 64 219 48 243 135 35 115 51 200
    35 73 251 120 5 206 217 144 177 94 186 227 34 3 236 73 7 52 161 186
    253 173 210 126 40 3 193 11 7 23 150 27 97 127 227 156 180 183 196
    134 28 5 41 132 155 247 39 235 58 19 158 59 242 31 235 68 12 187 231
    36 241 201 43 249 235 182 230 248 251 35 53 143 20 155 31 25 31 187
    255 72 241 34 88 236 220 96 13 169 145 195 78 162 49 136 82 9 140
    194 87 225 82 0 40 71 114 137 98 158 35 211 14 211 10 117 110 113 59
    15 180 111 193 128 112 84 210 193 0 226 73 173 139 147 60 177 151
    255 171 248 78 242 150 20 47 211 239 79 175 192 145 114 93 83 202 23
    125 201 32 55 163 26 8 154 244 124 48 210 235 58 161 171 122 50 189
    1 236 214 93 126 90 96 139 191 179 195 100 194 188 80 105 218 238
    154 27 253 236 49 92 20 6 161 109 81 42 247 197 23 29 67 157 78 125
    128 73 150 3 44 142 78 210 75 12 91 56 90 168 180 227 162 137 245
    150 248 106 126 133 217 83 185 63 220 182 132 132 21 137 213 221 228
    218 6 211 19 131 36 122 31 92 109 90 110 51 248 252 111 225 87 109
    27 208 60 57 96 199 135 137 118 255 136 41 96 51 140 77 3 34 63 12
    100 130 142 118 33 245 121 192 138 191 165 108 86 167 39 229 188 67
    200 48 221 128 127 3 105 149 129 111 171 211 18 248 114 138 205 35
    29 40 47 85 176 195 53 170 75 123 177 107 149 12 32 124 154 182 55
    23 29 120 14 12 185 160 170 206 207 210 9 224 186 192 65 190 148 114
    32 83 70 132 126 22 225 64 238 123 196 173 148 255 21 20 107 150 159
    56 245 137 54 173 119 193 174 93 186 76 229 201 239 106 63 252 51
    186 109 253 199 227 115 132 52 231 86 201 116 52 11 63 202 242 130
    215 218 16 218 187 81 46 171 209 212 229 177 247 100 181 81 51 41
    109 36 14 74 251 125 106 19 57 6 118 97 253 65 223 69 169 226 2 197
    128 202 28 147 129 252 250 117 54 17 219 85 34 233 232 16 33 188 224
    93 255 237 12 232 213 221 84 5 214 4 139 215 53 123 34 180 90 90 13
    218 12 87 74 201 164 247 247 123 231 243 1 81 233 197 117 49 52 201
    7 53 224 78 223 40 25 97 198 144 39 233 21 164 106 55 2 151 225 2
    184 179 112 169 27 110 250 176 113 224 80 167 45 228 97 47 210 23 99
    22 172 180 181 172 215 28 1 48 245 15 150 86 91 85 224 221 112 86 33
    233 27 243 114 156 48 245 55 110 51 60 135 96 238 146 254 180 61 176
    240 154 100 232 20 72 208 71 139 141 73 88 76 214 116 167 88 224 192
    107 147 113 85 228 58 208 236 185 167 223 119 35 116 196 144 68 107
    113 145 132 165 7 93 64 102 212 191 183 47 205 37 176 228 133 147 56
    33 163 118 192 48 14 180 185 143 179 247 154 124 185 98 68 180 135
    96 53 121 123 220 113 152 88 230 132 220 6 20 193 133 102 115 154
    119 165 29 119 30 133 52 180 216 3 108 159 9 46 156 224 85 100 182
    210 63 180 166 166 16 69 13 42 189 164 196 230 210 202 173 218 118
    197 174 249 118 218 72 19 130 76 157 157 10 175 215 233 162 75 148
    231 113 114 171 212 197 43 84 30 8 164 236 39 42 141 14 78 58 227 53
    65 204 186 241 201 149 137 30 54 101 44 229 227 174 198 116 128 94
    125 53 127 148 46 69 14 156 94 126 161 195 147 192 163 216 150 65
    192 83 135 216 221 228 134 166 214 29 34 232 177 213 4 140 5 83 125
    70 146 135 2 6 62 158 207 71 180 24 100 31 52 124 101 169 189 179 59
    236 54 94 158 72 81 228 252 120 128 164 134 116 57 223 178 143 205
    12 86 97 222 163 27 94 232 182 120 31 5 241 204 7 69 21 246 213 162
    251 97 161 68 217 124 222 249 169 32 237 0 248 8 201 112 11 52 64
    156 57 247 181 210 228 149 66 64 180 122 1 210 124 209 30 151 82 145
    96 75 49 169 177 15 159 197 133 181 232 51 255 139 167 72 41 95 198
    79 144 223 23 62 126 88 47 122 101 175 74 40 152 7 22 237 209 103 70
    13 170 236 60 169 173 122 156 38 126 158 61 114 54 17 38 129 2 137
    54 191 21 251 215 179 241 26 32 104 97 3 97 67 19 135 240 87 245 73
    165 90 163 107 160 86 194 206 231 40 216 244 193 99 155 201 21 144
    146 105 178 51 29 94 114 250 79 135 33 118 75 164 240 91 247 38 242
    47 153 237 119 188 221 231 182 156 59 94 245 184 144 125 131 13 218
    22 125 122 190 236 121 5 187 59 218 38 198 30 244 201 85 206 214 211
    86 109 240 58 16 19 67 77 132 112 21 95 5 141 193 220 65 193 135 97
    48 217 26 172 59 181 109 108 229 132 200 17 118 224 185 50 148 14 89
    123 152 110 186 105 178 234 17 41 224 201 202 32 105 9 241 137 66
    139 177 194 96 159 203 254 171 141 2 168 194 2 12 9 115 52 51 64 159
    101 91 168 117 245 64 52 164 15 131 140 101 230 50 24 182 208 50 180
    49 214 243 116 82 41 40 186 244 127 35 218 118 91 111 209 177 155 74
    228 242 67 198 88 246 10 244 41 146 156 101 92 156 97 33 8 134 116
    10 185 39 185 84 202 144 66 242 182 30 118 216 122 13 52 236 84 187
    44 174 135 182 233 120 36 204 214 118 134 62 114 71 213 197 219 158
    165 118 202 126 163 174 113 228 46 99 10 64 85 91 155 90 188 91 104
    174 27 57 174 54 20 244 168 97 34 150 239 204 35 222 124 233 13 14
    32 194 195 90 77 234 56 19 91 11 204 91 250 135 101 132 126 99 23
    111 219 192 200 110 172 99 11 0 208 81 191 250 128 173 87 106 88 180
    44 181 60 88 68 102 37 209 62 243 78 2 156 126 56 86 15 84 204 129
    127 41 202 161 228 208 16 60 115 60 112 190 59 255 78 90 41 171 250
    195 60 110 165 198 169 222 230 186 244 127 88 217 91 74 58 73 96 165
    48 174 117 47 125 151 35 91 243 2 194 224 67 34 230 72 44 217 173 8
    192 125 75 234 6 186 62 83 70 187 16 253 150 195 6 146 77 132 55 185
    164 167 226 104 228 156 166 148 170 215 255 30 36 97 97 121 73 61 74
    76 225 3 69 243 241 248 139 103 69 4 243 211 93 22 137 139 146 189
    107 221 22 56 194 238 174 229 103 99 76 135 58 13 128 240 180 114
    151 222 102 176 201 198 125 42 12 212 79 155 111 74 71 232 124 159
    126 20 92 194 97 5 48 233 126 12 77 181 42 121 249 229 216 129 191
    166 46 57 220 165 57 213 187 232 251 199 168 12 161 119 98 4 117 147
    1 181 99 123 33 84 33 115 233 48 156 134 88 207 255 217 85 197 93 58
    122 95 74 70 151 51 115 105 227 220 197 233 253 31 69 80 0 167 6 184
    14 93 174 41 41 15 178 55 201 174 83 164 231 215 85 185 131 133 11
    249 25 237 10 166 128 193 197 56 158 193 17 241 65 76 129 53 189 1
    78 189 198 169 29 73 218 164 28 163 146 149 107 123 142 112 37 74
    171 23 158 26 158 174 79 240 77 170 85 86 191 31 48 234 236 119 225
    237 106 142 91 130 213 224 105 34 64 32 233 116 173 25 179 201 153
    177 222 126 245 140 159 195 129 102 16 219 137 228 185 213 112 9 201
    6 52 175 81 164 70 99 82 134 34 196 45 249 189 225 65 37 13 241 3
    134 210 125 179 208 137 32 78 121 39 207 186 119 51 229 162 35 247
    74 167 166 143 19 222 17 218 100 9 142 7 206 87 65 60 6 144 135 210
    175 42 230 33 43 204 183 42 202 248 150 198 111 119 62 55 85 4 133
    253 196 59 92 246 170 195 202 213 137 49 111 28 14 14 31 237 68 185
    170 102 166 84 253 101 178 79 10 252 193 157 237 68 202 49 49 84 220
    81 186 131 129 199 183 201 39 203 208 131 15 0 237 110 197 181 203 7
    254 87 76 20 41 240 19 16 124 56 109 60 160 116 55 175 57 51 61 56
    164 38 35 90 217 36 54 182 110 186 44 175 207 99 155 69 120 167 122
    145 140 183 149 215 43 39 91 170 189 147 88 4 171 88 77 133 72 122
    155 156 80 142 88 151 111 228 11 70 140 28 226 167 202 30 64 234 35
    239 235 216 153 254 118 91 160 98 28 73 144 166 81 115 112 203 239
    216 112 233 109 53 101 114 127 92 207 59 226 24 14 193 154 15 202 71
    71 159 8 180 99 51 5 158 240 56 5 107 146 51 133 79 141 8 219 38 3
    151 172 56 86 222 142 44 13 44 175 59 75 47 73 173 205 83 123 151
    223 90 182 123 217 196 9 82 63 229 223 28 77 24 117 120 92 198 235
    171 141 150 94 74 52 98 84 199 237 253 47 62 70 172 176 211 152 176
    13 9 52 63 131 40 251 20 37 77 1 16 158 211 85 9 107 151 151 193 234
    191 220 35 7 199 39 107 100 54 5 119 245 220 193 84 151 229 186 115
    115 39 112 230 172 185 41 237 175 121 56 151 186 146 79 31 141 208
    67 221 88 131 92 231 194 164 160 57 24 94 22 188 96 217 12 159 44
    219 148 99 255 103 162 158 113 137 225 0 128 173 153 37 254 251 115
    153 93 65 243 16 169 223 120 126 88 241 61 130 200 222 12 42 63 77
    44 176 183 66 226 54 10 234 130 2 240 201 77 55 74 37 161 114 14 32
    142 222 172 40 141 138 217 228 98 122 56 233 30 22 146 223 219 236
    204 157 109 210 75 180 49 247 46 87 45 179 82 141 131 124 35 133 184
    161 209 1 13 209 29 177 119 185 248 126 6 1 122 189 60 192 195 32
    170 209 125 33 184 173 154 95 56 31 251 173 135 100 95 52 160 124
    137 29 96 31 186 48 190 218 171 182 120 100 80 172 142 11 170 124 83
    233 38 176 131 207 16 58 224 19 246 104 97 16 187 95 53 135 75 122 2
    179 28 247 245 54 110 52 166 225 122 121 34 195 193 206 41 228 50
    109 79 171 206 152 227 148 167 254 204 165 42 225 246 195 237 173
    213 218 244 33 246 81 69 223 255 241 222 35 204 128 142 12 38 200 92
    14 47 172 141 142 30 87 157 80 253 139 116 9 48 177 31 74 212 186
    189 74 104 86 182 236 168 230 155 14 184 58 45 69 168 24 236 242 86
    224 46 223 83 227 80 73 115 166 235 86 252 124 248 43 182 36 88 6 90
    109 17 217 57 9 69 87 109 8 201 106 242 247 143 233 102 118 157 168
    248 94 135 80 95 232 141 193 46 229 223 245 181 35 99 226 79 43 167
    62 169 86 64 36 240 50 95 148 47 27 162 200 2 51 74 79 237 123 172
    10 156 1 224 130 185 32 29 77 139 59 59 11 34 100 83 242 238 56 61
    86 146 12 247 136 73 157 17 191 208 157 75 56 192 249 115 128 197 50
    244 138 224 82 55 176 201 213 20 51 237 78 213 12 65 145 182 51 117
    161 190 98 56 56 211 217 182 249 134 166 210 176 219 74 193 27 32
    119 220 20 19 39 120 126 120 157 181 129 9 69 41 200 198 59 78 250
    52 114 255 79 7 86 170 86 185 86 56 131 3 103 78 205 194 64 226 23
    24 87 182 20 152 199 222 24 50 89 97 146 193 203 183 216 136 37 107
    53 198 197 82 84 33 82 62 253 223 8 22 126 149 169 190 158 158 207
    246 124 202 56 192 21 27 96 92 82 202 203 130 212 150 245 126 8 175
    237 235 251 71 14 112 34 141 242 169 237 61 21 136 107 31 231 1 12
    225 120 91 133 205 140 85 88 54 105 143 72 189 189 60 213 171 101
    159 225 238 189 103 240 77 189 220 170 138 50 231 32 52 125 57 119
    158 30 94 51 188 130 3 116 10 181 197 97 201 16 178 244 182 31 185
    163 219 181 145 7 45 172 173 44 184 40 200 230 1 14 44 220 6 251 44
    237 210 81 208 20 54 181 115 216 177 236 17 48 173 97 176 88 16 252
    217 124 247 220 238 10 200 60 163 238 226 210 179 50 52 220 154 66
    50 120 43 63 39 139 18 140 25 69 100 232 136 3 159 155 213 104 102
    18 21 11 222 13 179 81 248 140 188 243 202 25 35 176 38 34 105 105
    64 165 119 168 60 39 140 234 12 91 199 199 181 11 101 209 159 11 191
    60 110 173 35 240 18 110 112 166 106 175 172 186 144 90 181 241 165
    188 144 17 82 182 153 215 94 101 185 60 136 154 165 228 161 68 149
    251 51 252 182 70 139 120 49 243 35 61 84 56 103 16 96 166 198 6 17
    174 161 23 89 126 98 199 8 213 134 71 22 51 247 221 22 213 47 108 14
    68 238 80 154 50 251 5 228 99 194 82 15 231 33 227 53 162 159 176 31
    234 66 193 247 130 14 190 176 79 104 71 217 74 129 245 248 146 164
    127 254 175 93 250 46 35 1 222 52 234 192 71 72 84 47 66 239 201 189
    166 60 141 128 98 46 221 24 19 93 90 88 186 104 79 205 217 111 13 6
    231 12 70 244 6 90 113 156 121 46 152 214 91 39 102 123 12 74 179
    250 121 12 65 113 146 10 64 209 156 238 87 104 12 128 3 184 161 169
    202 18 99 215 147 132 87 174 167 85 186 128 241 224 143 155 12 95
    191 7 249 64 9 234 229 35 71 245 180 223 246 167 52 255 76 99 123
    211 95 120 102 1 23 86 2 35 69 223 102 190 54 86 74 36 97 13 43 106
    164 8 235 49 9 193 213 62 224 17 159 135 170 244 46 115 146 250 204
    17 215 65 136 128 120 178 244 67 186 51 191 240 170 211 36 133 241
    216 149 33 10 81 43 159 108 131 15 186 246 69 91 214 185 246 149 231
    100 173 169 201 107 16 221 234 237 83 223 31 110 61 65 191 228 45 72
    128 118 133 35 209 117 136 111 140 131 197 185 85 23 50 15 60 31 11
    193 39 182 3 182 51 197 97 226 200 22 34 71 126 0 227 44 231 97 11
    254 186 45 174 94 49 165 156 117 181 148 223 166 38 173 213 93 32 95
    122 90 224 82 111 159 5 208 66 4 143 97 228 164 50 228 248 80 117 82
    44 162 54 161 238 106 163 69 55 15 163 103 229 106 81 101 232 91 95
    252 217 68 156 124 157 121 220 106 127 180 29 238 95 53 215 164 255
    142 84 187 102 127 52 221 203 184 19 209 216 89 178 195 50 234 156
    196 151 183 197 44 117 66 138 106 103 119 79 127 165 208 240 69 237
    118 39 136 180 231 173 180 160 154 185 56 105 31 161 186 132 174 73
    67 112 41 212 166 154 248 31 132 233 26 16 134 235 215 127 78 20 28
    84 206 200 29 48 43 137 19 178 39 193 12 27 27 165 121 250 198 241
    121 183 132 224 224 149 94 97 3 164 127 29 66 78 146 38 74 137 211
    100 161 67 248 92 90 203 62 162 24 70 101 52 40 6 77 83 169 202 10
    129 191 131 41 31 94 106 181 54 147 112 146 166 152 137 123 116 121
    67 248 16 125 242 133 239 232 132 57 253 153 250 1 128 218 96 50 157
    75 179 51 33 248 187 63 170 242 141 104 238 24 7 160 194 105 224 22
    99 167 150 63 102 227 41 238 208 4 87 132 221 44 102 104 233 72 15
    58 25 201 94 60 213 180 236 240 208 52 35 6 196 118 157 67 220 15 68
    169 142 251 127 55 37 150 93 197 27 230 164 231 228 245 117 89 5 225
    111 96 11 38 95 151 66 0 167 23 105 48 167 20 154 34 7 47 12 252 149
    96 240 10 227 154 210 115 210 104 152 8 227 1 124 242 62 162 197 212
    147 124 220 165 222 218 74 157 200 16 9 165 29 118 151 109 120 121
    196 163 200 3 116 239 49 96 5 133 196 98 171 82 161 204 29 49 33 193
    21 21 220 85 73 235 50 186 167 226 51 233 5 222 85 112 193 156 149
    245 54 194 228 107 203 54 122 183 28 248 139 250 59 88 58 203 9 229
    224 81 207 68 165 5 253 224 103 232 101 33 205 187 96 138 38 155 61
    192 193 186 241 217 95 54 148 166 111 0 138 15 238 196 104 62 177 68
    227 9 158 20 133 226 120 133 164 124 11 161 59 114 112 201 46 72 65
    59 16 107 31 166 138 72 7 182 27 197 99 24 139 68 72 227 93 31 48
    113 191 121 75 180 122 67 203 166 8 147 228 152 59 12 128 238 36 149
    131 148 9 217 243 42 172 51 176 171 153 101 216 89 209 87 226 16 154
    34 92 156 82 91 64 129 227 63 162 112 45 161 62 67 39 196 18 136 23
    17 101 225 46 111 43 228 108 217 148 124 227 212 187 108 83 37 86
    167 196 112 170 218 192 22 197 182 72 101 202 200 16 252 6 123 59
    210 101 204 206 65 25 184 215 123 86 125 150 8 180 203 154 40 207
    122 114 252 57 220 71 10 9 14 205 143 91 48 159 32 63 85 194 111 26
    252 177 166 168 213 55 254 19 3 204 123 208 128 90 219 52 194 149 60
    244 174 117 71 246 69 144 168 177 212 18 110 53 40 173 7 86 144 24
    235 228 138 98 139 186 154 165 127 254 242 61 210 243 192 173 131
    121 148 20 6 90 133 176 115 196 116 130 207 9 2 172 154 218 81 242
    144 168 110 193 73 145 237 63 55 0 1 147 23 64 166 180 57 196 125
    245 29 126 0 107 38 195 251 109 45 74 106 230 80 109 144 94 72 58 10
    210 214 114 91 156 152 40 83 215 46 172 249 102 228 99 118 83 253
    112 56 228 19 156 24 245 97 161 77 197 221 87 252 86 104 244 140 114
    239 194 247 53 28 244 245 219 201 190 59 28 245 233 224 181 5 193
    238 27 142 100 146 116 25 13 163 148 131 220 160 190 111 8 239 99 75
    74 197 171 150 54 205 82 214 203 155 253 198 5 223 241 167 132 153
    227 147 180 240 153 21 250 29 206 139 48 84 29 209 185 36 22 66 231
    42 96 49 158 210 71 181 128 183 4 240 215 33 112 11 47 119 32 84 164
    74 4 191 102 158 248 174 63 22 77 127 201 103 202 243 159 251 243
    137 225 194 95 158 246 35 64 171 60 133 135 65 56 242 165 135 246
    160 122 148 147 196 29 169 75 22 87 118 29 150 121 21 242 190 177 87
    27 38 42 172 179 213 16 228 226 7 77 17 58 124 213 52 142 48 110 114
    222 180 66 203 24 255 37 190 52 50 37 235 17 246 13 5 109 113 233
    130 7 92 181 234 63 221 87 58 12 208 24 160 255 84 244 228 140 156
    106 252 131 164 45 27 170 221 105 15 195 88 12 226 94 64 190 105 38
    204 168 118 146 40 111 93 235 242 6 130 252 47 166 142 47 65 39 68
    104 9 163 244 60 125 176 237 56 156 81 104 230 149 223 58 196 176
    118 220 171 224 81 28 108 121 243 140 249 214 129 70 205 116 42 159
    126 20 166 61 25 17 196 87 141 125 52 233 70 26 105 59 128 176 162
    32 78 236 184 217 177 20 115 219 146 79 47 118 248 99 90 195 35 232
    211 226 8 138 25 149 25 239 77 71 170 170 62 140 8 144 109 171 82 39
    242 202 4 213 20 86 91 180 249 123 88 187 94 70 146 242 6 53 187 33
    63 40 133 126 243 164 250 127 50 189 17 104 241 57 68 104 83 106 76
    148 128 41 163 79 46 222 186 251 246 63 196 163 56 253 11 76 206 54
    251 202 185 63 114 106 171 167 119 2 182 182 209 176 240 11 8 75 100
    56 117 38 123 63 193 222 40 32 169 91 203 22 229 125 42 238 154 31
    206 165 146 236 31 14 49 112 114 46 106 193 156 51 245 232 11 25 124
    123 229 115 36 132 133 225 87 23 144 70 132 189 193 91 135 130 196
    73 11 182 90 32 199 255 46 20 248 213 24 208 216 202 81 183 86 10
    151 191 234 73 212 113 114 35 64 37 87 79 166 217 238 25 182 195 73
    14 197 213 128 168 248 135 9 233 171 191 98 35 231 140 10 71 178 66
    16 114 136 64 31 221 13 28 65 201 66 38 4 96 163 236 91 120 153 18
    83 193 103 191 205 237 70 167 223 120 202 205 64 23 190 191 9 194
    185 128 214 175 113 15 217 115 238 163 197 102 126 103 6 202 32 174
    240 73 62 103 133 148 241 121 24 36 184 248 113 234 78 133 235 211
    189 212 74 157 120 8 53 85 12 45 104 196 176 223 17 254 34 90 249 32
    184 228 86 204 160 208 25 63 66 204 54 144 115 34 144 68 165 156 25
    217 208 136 171 9 43 89 82 180 44 174 168 134 32 62 162 169 150 141
    209 42 153 182 89 130 70 232 74 26 34 84 97 118 243 130 51 1 191 175
    63 12 118 237 158 100 70 163 244 47 208 82 127 218 13 138 176 213
    152 221 92 3 203 94 242 162 193 0 88 23 14 207 60 183 247 136 135 71
    22 38 188 227 146 1 219 156 1 46 238 129 36 47 114 17 219 171 139
    206 18 87 186 152 119 207 171 172 241 116 84 26 123 246 69 151 16
    136 218 224 36 188 200 217 252 165 128 41 195 82 107 43 34 140 110
    161 182 87 251 164 133 223 17 39 217 128 218 233 134 240 166 181 76
    203 72 139 86 8 81 239 26 151 158 147 158 182 24 96 177 107 158 223
    21 100 148 85 165 222 131 140 7 115 216 113 198 189 235 197 122 219
    184 215 49 34 12 221 123 199 241 6 111 216 53 219 197 82 218 52 108
    219 150 137 148 236 147 137 179 175 28 178 206 115 135 55 57 20 125
    73 59 205 148 165 27 51 246 243 140 150 151 25 243 238 42 56 139 126
    179 26 53 50 159 119 41 244 145 9 178 59 54 19 27 238 9 161 39 227
    164 180 136 19 99 29 213 209 16 180 254 210 183 161 255 88 229 18 42
    54 243 249 155 55 27 232 19 157 23 97 27 82 107 221 152 144 189 225
    140 56 113 204 135 226 165 42 3 92 142 30 228 3 61 245 229 204 160
    31 155 100 175 157 91 122 146 5 47 237 87 186 146 184 32 52 52 253
    72 65 14 155 29 169 14 88 223 5 120 104 55 121 58 78 202 36 0 45 249
    145 205 217 207 70 101 81 89 228 124 32 125 154 4 74 102 104 48 232
    105 79 36 147 250 23 32 238 142 57 188 91 204 54 120 0 138 22 12 247
    61 210 154 143 196 174 237 63 252 41 92 215 95 45 216 192 97 30 53
    37 141 222 178 43 104 228 212 97 149 61 157 70 84 125 126 111 244 48
    142 193 52 106 166 100 84 238 15 136 15 238 15 226 6 57 81 159 59
    244 234 85 44 125 163 20 97 202 239 200 68 232 131 110 117 107 143
    31 204 151 30 231 146 146 180 245 178 12 201 207 112 25 213 91 138
    133 55 139 1 195 210 206 237 66 228 17 13 167 174 209 112 28 249 128
    78 137 159 170 204 201 151 51 65 146 160 165 88 171 219 184 182 73
    28 55 173 214 168 62 115 86 161 95 64 237 203 11 243 253 50 18 20 94
    112 96 98 80 87 209 237 197 33 7 155 205 47 111 222 116 112 156 161
    65 10 216 179 128 26 30 173 173 90 82 155 208 120 187 122 83 101 217
    28 230 14 30 1 206 69 131 65 79 201 230 17 92 206 213 68 85 165 39
    89 122 127 39 27 46 164 81 59 132 48 85 245 62 184 24 145 76 114 96
    143 172 186 95 51 166 189 74 34 194 15 238 235 245 136 99 57 178 34
    238 172 84 211 44 10 102 64 215 196 173 231 71 161 68 55 219 117 47
    12 17 119 235 50 59 56 62 221 75 186 18 228 78 86 198 125 93 38 124
    71 182 190 137 208 123 205 61 238 33 171 94 184 186 78 6 204 172 93
    64 171 120 205 233 7 135 48 48 48 236 142 139 69 187 118 135 170 2
    95 170 175 104 240 64 182 253 38 114 207 68 102 136 160 198 61 198
    216 122 222 7 193 66 151 147 87 184 217 175 99 236 82 69 15 250 138
    133 208 16 12 75 60 203 168 189 162 105 186 27 32 65 234 210 47 95
    25 246 43 13 229 45 88 168 68 51 82 221 241 103 4 144 238 176 75 55
    203 224 154 20 90 77 143 226 94 247 163 145 133 239 229 228 135 177
    145 51 115 145 136 177 71 16 228 36 248 89 213 24 219 125 238 1 211
    112 246 134 154 133 14 193 44 238 1 188 104 48 56 15 1 136 210 178
    166 230 210 229 58 111 177 201 133 253 20 237 164 42 45 96 228 31
    132 125 138 252 221 21 92 78 2 3 85 26 61 128 246 224 103 121 196
    221 242 18 31 39 54 146 37 124 63 98 60 210 96 86 62 62 31 13 85 151
    79 77 98 76 70 111 237 32 95 143 154 151 173 129 202 33 86 60 165
    182 228 40 184 82 174 16 59 20 188 211 202 156 221 51 176 222 82 205
    94 74 246 144 58 96 158 12 1 173 62 40 30 178 213 102 195 61 163 180
    138 77 248 173 71 67 208 69 77 180 83 67 114 220 164 58 196 116 8
    253 120 150 150 252 198 32 249 86 72 70 18 147 133 119 243 47 173 56
    20 215 2 217 199 241 42 24 201 226 150 167 254 44 127 132 150 166 99
    32 1 134 182 156 121 45 155 198 22 49 100 197 239 237 230 153 233
    167 67 38 249 123 40 72 216 38 232 88 106 34 56 85 76 63 205 135 23
    88 214 51 68 203 201 99 204 183 125 7 38 68 245 36 96 0 141 231 108
    228 29 206 220 157 158 83 250 60 66 92 20 109 199 186 216 1 92 252
    113 11 150 217 121 195 207 195 234 168 123 36 100 216 158 62 23 244
    223 35 216 208 134 152 228 134 249 223 104 207 237 228 203 129 72
    140 242 162 250 251 78 237 100 214 16 161 65 82 76 86 176 138 249
    180 186 200 96 135 11 83 172 252 19 199 212 29 90 160 254 205 70 149
    8 71 110 147 11 108 128 51 107 207 120 122 96 164 52 102 204 231 2
    68 180 63 17 214 156 192 142 87 222 144 9 246 68 123 239 90 137 76
    88 78 226 123 241 26 3 45 238 40 251 134 147 202 219 52 108 126 254
    212 0 183 170 172 128 109 251 154 24 233 26 227 217 84 99 122 197
    136 82 39 176 14 71 107 229 83 230 238 41 60 211 76 251 124 69 30
    203 154 80 66 209 92 82 160 156 244 217 172 77 94 103 164 182 150 97
    185 46 45 219 1 137 254 30 55 199 181 40 129 78 187 79 131 33 230
    253 27 42 129 94 97 228 46 31 238 245 169 225 36 203 141 190 199 97
    201 255 46 82 111 111 9 108 125 40 121 34 244 207 234 170 232 99 17
    42 109 106 38 90 153 146 70 82 104 110 133 36 71 69 73 66 178 119
    138 228 189 231 199 158 212 222 142 127 103 169 229 11 102 112 134
    59 55 68 91 213 37 233 51 236 135 168 48 84 74 144 88 65 179 60 28
    81 217 145 254 173 155 13 103 169 78 43 40 162 32 162 200 186 210
    197 167 101 230 140 220 173 61 38 72 244 106 202 54 155 114 71 99
    173 19 99 19 198 119 83 226 173 7 27 123 227 25 18 154 149 118 245
    194 245 239 132 166 71 47 86 12 95 81 153 219 126 118 204 248 111 65
    196 215 178 40 141 230 29 249 73 221 125 199 238 133 7 150 210 152
    27 12 216 157 87 194 245 109 92 157 58 10 226 7 106 85 167 5 186 65
    76 171 96 0 167 144 117 109 103 249 254 30 111 145 230 98 175 73 159
    119 186 103 176 79 32 233 198 127 250 26 19 150 253 16 156 143 199
    43 117 206 50 106 189 121 18 29 250 91 75 188 126 94 58 110 106 11
    108 232 176 70 156 198 112 10 35 248 38 74 144 16 56 250 72 114 240
    79 117 147 242 237 97 187 207 9 100 190 48 179 89 199 167 157 60 203
    79 255 190 182 91 145 183 33 151 37 253 236 238 10 72 208 177 97 108
    37 208 160 139 172 234 250 30 244 10 72 38 155 136 35 139 52 140 123
    24 241 117 196 35 29 142 85 245 146 241 30 223 87 134 118 127 91 29
    91 0 46 184 232 28 204 86 251 3 217 226 158 114 244 63 50 251 187 40
    228 202 206 200 69 74 38 198 210 162 236 109 60 186 9 16 215 239 194
    194 105 232 211 91 196 192 219 47 123 89 105 131 36 204 101 59 219
    125 54 76 89 238 74 103 75 99 232 44 59 12 25 27 15 138 198 20 21 43
    29 51 118 72 29 77 76 96 197 172 52 157 110 177 187 60 115 108 118
    199 16 147 194 233 254 10 213 210 181 7 195 70 183 226 150 57 253 20
    57 241 236 22 116 249 235 47 101 209 118 250 54 180 241 73 25 11 77
    248 165 143 40 185 55 137 133 13 236 196 93 235 61 171 1 152 72 101
    137 181 235 13 168 121 87 121 209 130 78 79 125 184 193 148 157 61
    148 133 20 159 129 93 161 161 9 207 120 76 45 233 187 252 163 122
    190 206 70 113 15 200 102 54 30 66 235 16 82 57 229 45 178 11 181 11
    166 183 231 245 229 167 70 68 3 123 128 21 146 81 137 246 206 111
    176 83 61 26 229 130 126 66 67 148 92 173 71 185 235 55 65 78 113 96
    172 101 233 5 185 33 73 128 114 109 40 213 191 248 91 209 230 133
    126 204 150 28 88 121 211 83 182 239 144 70 34 94 112 109 132 180
    150 25 87 13 78 254 66 127 110 199 23 19 96 189 135 16 48 73 173 208
    33 3 234 188 144 108 212 103 85 103 233 34 240 102 174 202 108 150
    137 83 69 199 170 225 152 112 184 14 80 127 252 182 73 59 15 174 29
    118 238 176 167 174 234 242 20 57 97 173 181 117 90 182 94 181 185
    18 131 56 91 239 195 104 208 130 105 35 192 76 125 70 228 58 42 59
    93 79 227 70 247 159 212 133 229 134 177 94 3 242 59 230 30 10 127
    255 113 19 133 136 83 202 72 4 165 184 229 7 5 153 35 114 168 104
    116 193 183 205 11 131 6 122 165 82 32 248 52 143 40 214 10 116 95
    155 244 183 188 9 140 124 57 152 226 60 78 125 133 40 213 165 232
    213 60 51 238 161 0 140 80 252 230 81 80 18 12 166 21 179 169 120
    197 236 17 98 160 180 192 84 249 147 218 167 235 189 57 10 66 155 77
    194 186 14 59 201 240 203 49 63 7 209 2 45 139 194 242 78 8 58 146
    170 15 21 174 138 199 131 10 25 171 21 211 199 157 92 253 132 96 76
    31 209 69 123 88 146 74 153 229 231 179 142 95 208 181 163 215 126
    113 142 86 196 37 146 70 37 178 123 197 76 82 67 128 99 85 169 171
    200 152 96 152 157 219 137 78 221 153 182 24 178 120 46 214 129 144
    66 146 66 149 236 203 136 13 9 174 5 206 205 38 221 215 180 78 224
    224 142 95 210 22 254 159 46 45 24 237 84 81 226 229 185 201 224 201
    165 150 61 140 73 113 8 250 51 11 25 41 140 63 82 102 98 15 24 57 55
    131 215 204 95 196 79 130 12 157 71 17 192 80 217 34 243 14 185 86
    174 181 154 43 95 34 56 34 168 192 37 179 233 88 129 227 85 130 127
    47 77 153 234 113 6 13 117 172 140 77 141 115 156 67 50 133 178 119
    141 215 89 47 200 134 163 175 14 94 165 50 79 254 152 77 126 57 224
    128 244 101 63 64 68 120 236 250 225 81 200 246 144 107 47 45 184 13
    50 2 139 209 91 61 227 248 244 34 50 166 46 125 223 204 75 102 159
    109 117 59 233 135 78 33 51 229 159 15 222 255 186 97 26 157 9 57
    183 139 76 42 198 169 93 34 73 212 14 81 170 196 246 253 76 220 33
    190 119 239 125 82 244 64 47 219 107 82 1 130 135 165 205 91 189 36
    86 31 221 121 27 5 140 111 249 6 67 97 73 212 194 19 187 137 252 113
    140 84 79 61 36 80 200 239 141 21 33 169 52 203 216 52 124 249 218
    236 126 205 203 167 33 136 30 230 110 15 172 230 182 178 232 199 164
    41 173 246 35 249 20 123 193 24 252 17 172 101 69 184 178 40 204 191
    208 71 53 152 254 130 7 115 125 165 14 70 34 144 224 167 90 80 208
    18 91 14 39 228 240 54 183 198 40 73 181 127 192 4 234 153 100 173
    17 42 165 66 155 155 11 244 60 134 102 185 91 30 86 249 141 154 72
    95 146 186 22 95 40 173 93 55 175 203 172 28 14 23 70 207 123 207
    231 139 147 228 142 28 234 251 209 143 201 212 230 156 53 19 60 6
    183 182 247 35 244 165 106 120 105 184 68 76 179 240 155 28 15 21 47
    90 53 198 106 141 242 45 81 71 116 213 160 117 156 127 136 247 246
    62 35 110 150 29 77 173 35 148 43 154 13 240 167 228 98 203 23 33 43
    38 110 89 94 93 188 67 90 217 81 222 134 139 21 69 242 155 92 5 166
    167 120 25 108 201 152 190 44 211 35 210 46 120 183 96 124 56 189
    169 214 215 137 50 80 134 29 90 177 59 202 174 40 178 237 136 199
    158 133 134 213 84 96 77 16 112 111 1 115 11 169 133 8 59 185 210
    182 65 165 165 103 145 255 168 111 158 48 160 120 138 93 56 28 148
    18 79 16 48 141 15 69 164 183 213 4 186 194 177 42 162 197 181 137
    59 37 204 104 197 117 110 225 139 127 246 190 234 143 195 174 61 49
    15 72 138 60 30 144 181 74 110 46 234 227 126 189 158 188 180 108
    128 80 164 86 66 166 118 38 133 166 48 145 86 103 83 116 209 95 45
    23 205 42 16 241 246 164 27 226 79 237 44 88 44 150 58 155 200 60
    178 162 195 232 54 148 78 116 234 211 99 153 14 177 56 224 191 4 224
    101 174 124 5 169 240 102 10 91 230 255 45 13 125 143 164 111 52 197
    117 116 185 223 235 107 78 53 49 38 148 120 98 156 78 18 239 97 151
    254 66 240 90 48 51 153 150 21 213 198 145 95 37 96 240 118 233 242
    89 120 105 232 32 111 30 159 181 111 105 54 198 61 41 86 243 152 253
    136 209 59 104 203 189 192 122 246 172 245 22 101 0 15 63 216 193
    219 74 232 63 218 25 228 163 236 43 135 103 205 136 69 95 224 51 118
    67 63 154 48 121 231 153 120 198 75 111 152 129 124 83 233 206 79
    249 149 121 110 142 91 106 195 126 161 162 70 100 116 79 50 180 65
    56 122 205 154 176 67 201 21 187 23 119 109 214 156 249 104 1 92 55
    244 3 201 200 244 89 28 35 130 82 165 155 200 167 103 99 164 151 21
    153 233 95 61 230 138 172 70 161 123 146 182 166 189 175 112 238 182
    25 138 221 85 151 88 154 236 107 187 182 86 133 206 98 186 70 254
    138 124 57 223 186 181 241 63 108 253 244 185 125 167 40 61 158 66
    114 32 24 59 106 36 37 80 95 107 236 93 34 194 218 218 220 4 17 55
    42 97 233 225 215 40 109 226 91 195 9 63 149 162 228 83 221 9 154 73
    219 28 146 72 126 68 34 224 232 234 52 51 143 150 89 223 252 31 146
    37 39 203 173 209 1 225 97 81 187 116 105 42 218 216 50 161 245 111
    159 172 133 74 34 232 172 138 72 42 40 161 228 85 29 130 25 87 191
    12 190 180 123 163 209 13 217 208 242 174 201 149 13 103 156 32 146
    133 105 71 164 68 84 7 102 2 114 233 13 253 150 163 51 41 85 136 149
    27 114 108 111 244 254 2 24 222 246 206 162 175 87 120 77 232 232
    141 74 152 148 212 38 85 133 120 211 155 161 215 43 177 94 33 212
    127 229 254 32 249 237 170 44 140 176 250 192 185 255 231 196 182 47
    165 142 153 191 162 64 9 255 109 95 5 28 209 253 63 55 198 225 66
    241 189 15 58 223 229 59 210 13 216 106 50 69 140 202 216 203 38 7
    90 136 234 118 78 124 249 28 220 170 83 55 159 157 148 204 185 101
    138 126 164 36 168 125 247 65 206 77 35 25 52 203 33 152 209 120 19
    125 48 243 112 49 25 229 142 110 125 71 70 93 194 239 92 237 54 145
    138 129 19 92 8 152 162 65 58 186 102 244 243 119 243 137 187 176
    178 100 203 60 30 53 18 235 75 196 150 150 207 131 53 10 156 138 8
    162 231 28 58 232 22 219 107 13 1 221 139 87 4 212 48 234 138 255
    198 105 102 163 167 140 111 204 105 191 76 35 231 195 26 168 255 18
    226 10 93 232 241 49 226 190 191 209 200 145 91 114 16 186 145 76
    161 122 122 17 6 47 20 124 239 34 102 26 220 16 163 32 201 55 161
    181 240 245 251 2 92 146 36 68 2 31 144 245 57 73 49 39 188 82 101
    194 146 98 57 105 254 153 204 187 62 227 22 209 155 143 36 183 184
    126 221 148 40 223 136 153 108 158 216 40 124 144 48 143 109 143 229
    53 147 65 28 80 8 36 231 205 200 181 157 89 66 88 88 193 41 241 185
    182 164 187 26 216 123 32 41 134 196 61 255 28 38 69 48 108 90 215
    24 213 60 196 79 134 133 178 105 81 228 239 35 87 91 24 59 133 129
    136 159 137 184 116 246 34 238 86 128 43 140 216 26 107 24 179 109
    165 194 205 79 157 18 75 217 52 136 39 127 154 245 185 248 226 237
    113 189 190 108 65 225 51 0 19 164 149 226 205 16 43 129 112 0 90 73
    57 8 129 196 45 183 96 24 128 54 62 197 175 91 165 68 64 93 64 120
    146 148 228 203 102 100 236 208 11 74 225 222 177 225 188 127 80 179
    88 227 170 140 93 75 34 117 89 73 199 2 62 130 163 227 152 207 180
    63 106 167 126 156 100 119 141 56 205 199 15 196 92 33 44 189 226
    182 99 136 49 34 174 140 99 167 87 60 69 89 240 226 196 6 104 218 20
    23 251 40 111 125 114 149 87 55 9 171 231 184 23 182 18 213 34 56 29
    90 196 57 214 96 23 172 83 15 11 32 98 244 169 91 203 23 86 129 246
    197 104 52 226 74 155 21 170 204 118 118 194 134 147 180 233 180 126
    167 208 204 91 119 93 168 102 179 208 6 192 175 229 146 74 251 203
    214 128 80 206 91 188 111 251 254 158 170 82 42 240 122 90 163 97 45
    46 73 89 98 161 120 29 29 52 210 202 143 104 20 62 68 61 26 89 253
    212 166 208 41 164 140 131 182 140 102 111 165 178 198 114 24 183
    122 141 77 87 206 185 80 25 247 170 92 211 78 171 17 139 62 246 23
    201 134 37 71 79 122 74 69 107 76 164 104 205 171 126 89 244 15 79
    192 194 218 22 186 227 198 183 155 104 197 104 181 52 133 7 134 60
    186 132 252 22 243 240 167 161 27 180 212 12 88 50 93 217 57 59 53
    56 6 118 202 101 116 106 136 87 18 91 192 33 68 88 11 227 70 114 10
    251 222 189 254 163 17 140 114 168 188 110 218 111 100 180 247 218
    53 5 131 9 127 225 130 126 238 51 203 29 230 46 69 145 211 1 85 229
    230 168 210 60 101 173 136 22 241 247 58 123 190 222 88 48 205 208
    221 153 93 127 190 243 5 236 201 53 194 12 193 9 186 115 96 81 232
    225 192 46 100 33 231 17 79 104 227 89 61 247 5 185 43 206 5 208 61
    70 245 118 4 119 122 170 149 66 38 162 53 18 58 129 184 107 151 241
    28 158 42 62 45 131 249 219 119 52 213 49 59 64 55 108 225 52 215
    190 121 101 42 18 191 125 188 4 58 88 156 31 77 166 23 157 46 143
    214 235 126 48 104 148 171 222 134 250 182 129 95 245 238 34 159 179
    99 174 60 165 92 188 90 108 100 162 66 109 161 190 21 73 70 80 36
    143 8 94 143 122 100 99 189 169 178 201 74 171 131 54 83 84 47 167
    172 113 191 50 188 51 227 63 54 192 91 104 219 79 40 106 182 136 140
    240 117 15 23 26 168 141 239 254 78 77 200 78 219 95 33 23 56 252
    169 218 53 145 99 175 213 251 32 67 89 23 44 92 135 231 191 222 102
    201 162 5 174 95 89 100 37 31 199 156 243 243 60 4 82 56 141 197 43
    2 150 164 107 111 217 96 223 205 131 145 160 230 142 183 107 153 64
    189 199 65 47 123 131 247 198 197 32 156 46 244 129 49 220 187 57
    111 71 145 154 202 90 185 97 152 191 126 228 79 6 55 182 72 41 155
    88 246 224 112 16 17 44 222 77 188 183 216 85 213 99 75 204 219 120
    55 95 219 7 232 215 31 80 84 157 115 91 70 81 186 173 250 227 157
    255 143 24 82 254 47 130 197 57 57 195 62 43 77 79 255 112 78 98 134
    107 106 80 9 90 11 241 208 0 117 252 100 38 209 184 40 7 112 97 186
    31 53 87 119 210 154 80 50 76 74 109 32 65 214 126 161 244 104 64 45
    200 81 193 125 216 35 71 184 227 88 190 65 100 205 94 168 75 95 126
    232 94 65 132 178 8 229 7 38 64 93 245 83 8 117 70 66 131 38 101 180
    120 212 89 204 173 92 35 241 192 36 245 68 70 166 223 115 88 31 34 2
    98 155 121 174 106 141 6 7 24 134 56 245 67 155 200 182 76 115 41
    195 118 125 40 88 2 3 100 7 177 241 12 250 76 155 178 191 7 233 54
    89 214 76 224 146 34 11 167 9 201 61 160 53 123 91 250 5 215 166 109
    236 241 172 130 0 126 184 143 122 209 166 118 213 172 234 109 53 27
    123 95 199 29 246 202 93 5 177 147 145 218 176 104 144 171 85 76 99
    163 166 58 175 143 20 35 209 61 79 111 253 215 115 206 84 154 64 136
    230 218 19 113 26 209 39 75 181 116 120 104 131 188 66 3 61 149 13
    161 176 224 106 96 25 224 141 128 63 213 218 158 52 247 45 212 236
    23 60 224 24 68 110 80 167 173 253 163 190 25 40 84 133 214 77 208
    143 127 86 49 37 68 229 22 101 251 65 91 61 166 218 224 118 153 85
    176 115 30 198 235 113 63 207 100 226 123 18 15 75 248 0 139 82 87
    33 159 192 122 11 144 220 190 122 224 15 82 109 224 136 127 96 158
    137 12 48 125 235 42 5 224 148 25 7 113 76 181 211 173 57 86 176 84
    53 139 210 152 194 186 57 80 95 31 106 239 224 192 115 114 225 62
    102 155 103 241 170 124 56 202 18 193 88 6 156 75 168 73 110 213 91
    183 116 38 159 10 212 185 112 126 207 12 189 173 195 15 228 14 196
    47 120 56 208 72 215 94 210 177 131 151 105 50 143 103 100 171 218
    30 12 187 218 54 65 108 192 128 202 215 145 66 237 213 181 71 243
    198 181 156 57 167 96 14 82 121 111 231 140 164 100 127 247 220 113
    228 27 49 56 25 132 58 91 210 80 3 34 222 164 135 72 241 236 171 13
    146 209 252 18 215 149 27 147 251 157 88 164 169 98 250 71 9 192 228
    66 101 93 54 83 39 223 246 90 146 17 59 9 212 211 61 79 105 196 116
    139 46 203 50 245 193 95 28 80 187 75 104 144 11 153 16 18 84 6 147
    253 157 72 97 195 139 196 105 45 78 13 207 112 12 100 119 124 244 15
    179 180 252 117 232 19 70 69 243 132 241 230 210 52 211 206 199 109
    78 17 240 15 13 150 184 178 132 102 228 241 21 31 92 142 236 125 90
    24 20 173 91 25 118 48 13 129 166 157 226 121 154 21 208 126 169 28
    147 99 204 116 100 8 118 159 218 235 185 65 98 88 192 76 126 188 139
    81 146 109 201 246 61 77 63 63 147 216 170 252 157 74 239 225 187
    178 218 198 226 13 198 86 186 10 142 22 7 179 157 247 88 227 252 148
    121 254 145 192 215 155 93 99 89 88 146 113 237 39 36 94 204 26 79
    130 247 69 242 65 125 38 171 66 204 223 71 155 42 241 52 208 52 189
    62 59 61 87 81 77 9 114 96 67 203 224 14 1 52 102 206 6 223 198 104
    157 37 164 122 170 200 50 4 236 246 88 86 188 37 29 47 217 189 186
    217 110 60 205 214 102 183 151 4 35 158 63 156 38 211 180 139 200 66
    150 192 233 183 99 88 72 138 28 185 182 187 5 98 181 50 28 65 64 205
    78 164 192 52 87 166 75 85 99 211 216 0 160 242 74 34 184 156 243 8
    241 95 168 129 166 41 171 74 6 10 96 169 151 3 131 81 197 130 233
    167 243 100 55 50 154 180 212 68 223 180 190 196 164 103 5 61 172
    238 111 153 15 47 44 223 180 16 104 127 213 82 60 141 103 247 90 14
    193 231 136 240 38 94 99 101 190 142 228 71 79 107 52 197 109 245
    179 47 104 89 255 49 144 219 102 162 107 3 217 215 5 94 157 119 107
    72 12 84 68 70 207 246 89 192 129 72 10 215 176 127 182 234 214 65
    89 123 198 61 55 189 51 254 98 60 162 4 53 82 79 174 73 5 109 19 114
    112 76 153 235 230 92 187 58 232 106 79 81 228 241 125 43 29 155 161
    67 234 106 9 157 159 248 225 7 219 52 98 129 17 158 208 57 23 236
    236 202 187 135 71 38 212 97 21 124 47 148 245 181 223 102 202 139
    24 55 4 197 124 31 239 169 121 12 21 187 209 1 54 97 206 155 169 78
    181 35 215 239 45 45 9 255 20 248 122 33 121 118 249 64 69 214 205
    130 254 206 227 135 193 26 76 231 178 4 151 136 21 4 208 52 97 102
    83 95 94 26 239 86 65 199 27 198 142 19 112 208 13 164 254 155 172
    158 182 82 169 5 24 30 66 248 236 227 157 241 175 176 32 39 248 91
    248 24 9 219 61 13 58 209 140 39 205 205 134 186 166 134 167 206 48
    59 88 131 126 85 139 25 202 15 225 122 226 9 97 129 12 61 99 106 250
    16 230 171 124 210 61 116 105 157 5 6 50 109 167 77 40 136 233 28
    151 53 236 253 116 225 37 216 207 93 114 233 112 238 73 200 182 56 9
    122 199 207 77 92 50 57 180 18 25 206 248 73 249 240 181 29 59 13 78
    82 4 242 126 236 5 254 88 19 98 100 70 108 76 210 114 42 109 155 130
    217 169 247 49 2 118 105 61 230 173 179 89 4 28 108 212 138 234 6 55
    81 219 235 8 94 55 82 53 161 53 104 153 201 52 35 169 204 186 3 131
    52 44 154 203 152 227 245 82 120 112 118 92 199 139 25 168 165 12
    176 249 44 172 97 109 228 28 90 252 13 1 223 26 77 217 6 25 78 244
    78 204 236 137 6 75 92 186 202 204 215 196 97 171 13 239 112 0 144
    131 63 195 43 87 57 17 76 232 221 177 48 71 232 158 85 91 229 185
    236 205 74 97 15 135 230 187 31 162 69 160 121 43 65 212 236 161 141
    4 125 71 14 58 93 119 97 126 220 213 38 81 27 37 234 107 47 155 213
    91 39 201 145 82 244 155 34 60 56 32 199 204 12 85 85 105 232 145
    192 113 52 42 47 248 198 121 68 32 62 120 41 118 186 255 170 109 171
    89 238 250 236 112 106 29 210 181 60 173 44 182 227 137 209 214 41
    143 7 244 218 160 15 56 121 85 26 238 22 39 57 243 65 128 167 111
    145 188 254 150 84 90 212 180 15 45 82 92 79 13 174 176 173 137 233
    93 214 163 68 32 138 166 197 202 123 91 96 38 58 210 10 51 115 125
    53 63 143 126 102 160 187 182 110 209 47 118 141 186 32 231 226 102
    186 162 5 90 208 146 177 81 251 235 49 213 85 137 50 44 177 98 189
    55 126 52 251 86 179 11 44 188 80 146 164 255 24 234 43 217 20 39 13
    75 99 147 36 213 255 93 145 238 51 126 120 129 31 140 103 5 54 63
    105 66 109 0 22 47 22 146 63 76 231 47 13 1 176 170 211 255 238 195
    155 91 182 22 129 144 177 217 114 208 150 201 91 37 168 193 151 170
    228 179 99 230 218 115 255 88 116 118 215 213 15 254 18 138 23 103
    12 154 28 130 231 252 156 17 162 34 244 232 198 113 224 9 125 51 100
    224 40 58 42 81 233 94 148 105 60 209 139 226 165 64 134 239 49 224
    136 226 62 18 96 84 239 96 189 219 75 44 133 134 115 154 223 36 56
    211 53 214 26 167 82 141 192 195 248 154 101 245 181 246 192 1 36
    211 115 173 146 137 188 104 218 252 177 243 180 194 242 40 16 251 99
    177 212 78 164 8 187 215 23 83 115 14 194 190 126 181 11 198 121 10
    162 182 12 149 52 88 38 169 191 198 240 20 201 167 75 131 190 184
    156 121 96 126 164 97 86 255 217 252 10 195 27 179 55 71 42 96 56 75
    105 151 201 92 60 194 53 217 135 14 245 140 179 162 11 116 232 224
    28 3 112 130 186 211 144 39 79 2 204 86 37 189 171 136 119 210 32
    121 5 116 125 4 6 65 117 139 61 129 142 159 46 194 202 196 203 238
    14 13 19 251 183 115 205 218 158 233 71 181 123 111 54 70 244 120 76
    18 23 52 229 177 248 138 128 193 96 108 77 100 223 203 51 67 143 10
    2 61 213 135 133 142 167 194 82 53 28 213 207 79 169 135 33 67 19
    193 193 254 98 254 1 14 28 157 156 210 112 93 89 162 152 212 107 49
    66 219 67 208 47 201 155 117 131 86 105 171 218 19 219 18 144 145 26
    46 17 70 13 120 13 119 129 181 24 67 182 128 89 67 251 245 31 124
    147 14 116 39 236 28 182 226 41 152 162 44 37 91 33 165 34 111 240
    202 183 176 221 209 125 215 211 119 211 123 225 133 125 83 209 194
    31 48 13 181 249 227 171 200 162 205 184 81 29 227 51 246 111 94 56
    52 51 240 154 164 122 58 34 16 69 81 152 17 3 3 1 127 35 49 1 17 171
    225 209 154 39 79 10 120 175 212 189 133 126 177 34 246 106 172 177
    71 217 71 98 143 247 152 140 199 232 52 121 162 12 102 203 190 104
    70 234 118 202 64 253 10 194 11 249 114 235 138 172 172 86 9 201 191
    51 135 18 128 181 62 137 146 39 27 89 15 189 97 173 19 142 7 247 5
    131 11 153 66 137 229 115 140 238 178 150 195 132 20 218 11 64 68
    154 118 161 157 169 33 65 59 55 30 2 26 182 55 195 198 246 12 46 97
    132 248 23 220 164 109 195 68 52 108 210 243 241 174 138 41 89 64
    209 178 39 145 62 30 137 189 147 142 17 124 28 46 203 216 136 91 248
    251 218 173 203 251 201 20 45 135 207 51 111 128 157 55 103 208 96
    106 184 82 167 223 14 132 246 115 98 11 6 197 73 222 52 54 151 141
    12 187 56 144 248 125 206 195 165 126 170 76 12 71 30 174 198 144
    244 232 95 171 28 199 69 9 172 243 204 30 94 237 142 22 21 204 96
    191 171 35 191 143 62 174 236 176 160 138 71 237 189 97 88 184 20
    247 218 108 137 166 201 206 181 143 141 44 7 41 44 250 144 122 132
    229 5 51 155 206 83 24 151 91 203 141 21 47 29 24 115 18 4 178 157
    111 250 144 224 24 53 191 152 26 104 172 19 154 44 131 211 231 47 89
    58 87 166 246 35 84 253 243 57 9 58 11 121 58 118 75 74 20 229 81
    211 160 46 193 244 19 91 223 138 36 167 246 139 84 54 204 98 12 53
    98 27 148 1 28 26 239 54 174 183 219 42 47 178 180 157 109 153 23
    149 90 62 2 230 162 4 237 242 68 244 245 24 117 153 95 255 99 176 19
    38 218 4 252 97 248 254 74 208 80 69 148 129 42 223 68 191 104 174
    251 51 51 28 89 193 255 130 88 142 2 238 92 202 213 15 51 228 12 31
    197 170 168 210 242 7 56 113 228 115 24 72 50 3 172 24 34 0 44 251
    76 230 15 228 24 52 243 78 47 48 181 17 179 53 214 114 28 59 91 3 66
    22 172 132 151 154 211 40 35 254 220 64 255 143 29 153 162 98 126 32
    86 13 109 239 149 66 23 62 52 38 128 14 72 130 201 34 248 170 8 39
    242 104 56 85 80 191 49 142 164 40 65 178 254 104 130 147 74 150 15
    197 195 88 251 244 72 197 57 68 111 179 212 59 17 203 44 138 251 95
    123 99 1 108 178 229 222 193 115 229 18 37 222 94 197 92 242 10 251
    127 209 47 142 144 15 148 149 90 211 30 248 229 135 34 97 69 42 221
    95 108 214 40 227 174 33 14 108 115 105 173 101 103 9 163 204 48 94
    243 133 70 218 46 205 177 134 92 43 71 231 58 222 205 220 66 82 135
    253 242 215 116 64 135 227 122 62 42 63 132 251 120 58 132 111 186
    20 53 21 152 114 0 17 73 238 77 94 141 46 165 62 2 49 154 187 15 56
    55 49 150 208 114 80 204 213 201 95 106 99 199 86 252 30 53 3 203 78
    57 191 66 214 198 176 253 193 76 48 197 207 179 18 51 158 176 108
    193 185 195 244 78 231 95 88 219 105 190 243 108 157 247 178 236 186
    125 9 230 193 210 75 174 171 5 8 214 240 245 154 44 165 47 198 128
    23 213 6 105 165 24 53 244 48 101 14 97 75 107 81 175 12 44 63 195
    69 165 118 47 115 174 220 253 40 250 104 198 20 226 219 158 183 99
    87 0 188 2 15 59 149 141 61 233 2 81 24 83 158 81 242 103 200 107
    125 59 186 9 153 126 143 138 51 239 165 80 141 98 230 29 69 24 4 106
    110 56 133 167 212 245 230 233 138 31 181 245 221 65 13 250 209 86
    164 32 249 248 231 155 231 77 70 105 158 179 231 215 171 74 123 179
    59 247 35 138 107 90 148 251 250 244 12 161 50 66 186 186 197 89 90
    169 230 92 204 50 180 8 188 84 249 128 68 188 54 120 255 31 191 142
    82 167 42 217 117 190 249 33 45 199 202 241 222 136 247 153 17 130
    179 102 189 147 204 125 75 48 58 222 16 57 101 51 180 207 116 137 27
    130 5 58 49 184 119 23 194 216 58 59 142 71 159 112 237 97 70 100 88
    170 39 65 107 178 81 111 43 232 179 192 177 103 87 80 167 127 240
    167 145 34 196 16 124 253 144 29 22 3 119 203 138 104 237 39 98 31
    247 141 249 255 159 236 221 215 46 222 134 124 39 232 214 19 33 163
    134 68 192 60 180 238 44 5 60 60 70 237 165 93 65 51 153 63 189 95 8
    125 181 253 136 4 64 250 64 104 191 91 118 205 54 53 52 205 154 126
    37 100 205 226 79 136 160 65 100 1 92 148 218 125 97 215 230 21 254
    213 56 147 218 162 184 137 195 45 154 154 25 42 66 90 16 244 239 70
    156 42 56 120 6 3 218 75 216 157 189 72 93 173 40 141 89 112 14 71
    11 42 204 194 79 122 216 213 107 88 24 112 172 126 216 4 188 205 120
    34 54 171 62 214 122 34 96 46 239 72 222 120 86 227 172 86 122 103
    10 246 19 43 127 157 187 7 228 68 67 207 164 135 224 247 225 52 146
    141 88 247 230 253 106 98 157 228 210 115 129 169 184 206 55 125 211
    155 198 60 174 192 94 104 36 68 248 237 194 55 30 88 192 161 63 176
    11 169 188 161 248 35 92 51 115 31 97 90 226 173 15 110 41 168 29
    111 125 221 1 84 19 60 61 6 69 77 195 110 96 145 138 188 132 109 170
    37 8 63 83 235 235 251 30 202 196 161 169 107 134 45 107 65 88 150
    43 109 57 238 239 157 213 154 99 54 63 245 86 176 2 231 123 27 72
    179 170 113 186 174 94 109 237 67 68 129 35 28 81 44 251 197 3 107
    43 89 116 175 205 67 98 218 230 20 166 121 86 7 241 194 138 142 97
    103 59 179 238 68 101 236 103 168 252 153 45 12 148 215 166 196 227
    216 29 173 216 147 153 84 222 21 52 252 107 110 41 194 192 152 55
    100 200 109 198 189 62 78 155 75 6 64 156 12 129 254 167 197 100 81
    245 85 68 137 86 225 33 152 141 63 189 84 255 127 49 78 226 237 91
    12 66 1 7 207 110 176 252 22 85 122 237 97 81 34 203 50 0 248 25 211
    226 12 45 131 35 84 17 116 175 241 7 88 131 164 100 245 66 148 39 59
    167 146 21 248 198 76 4 33 23 229 39 153 27 47 212 49 14 218 170 84
    173 210 195 202 204 155 204 104 178 226 17 244 199 218 203 18 54 67
    56 29 126 165 180 210 46 238 101 253 22 68 188 74 183 167 210 192 90
    53 152 213 109 180 181 64 9 138 210 153 228 235 145 92 243 110 50
    142 188 150 113 30 64 168 226 223 65 230 48 235 236 35 14 148 77 70
    151 155 145 225 157 8 49 245 245 245 158 155 215 144 98 90 255 83
    174 41 128 194 177 22 102 76 20 167 238 64 114 19 241 155 41 30 245
    201 24 48 140 105 156 159 210 47 5 129 177 31 39 219 110 168 116 114
    105 72 71 109 66 201 157 206 139 127 52 248 41 192 240 210 26 173
    126 74 7 70 215 123 246 154 115 98 86 101 18 120 4 150 138 109 78
    245 216 30 220 31 194 115 143 35 245 172 1 105 197 70 186 202 72 146
    243 156 164 53 100 215 199 86 55 214 186 193 143 184 211 37 9 122
    178 9 226 183 15 75 185 225 190 60 69 44 16 62 215 94 163 165 70 226
    38 129 229 47 223 52 175 19 214 126 157 191 79 81 244 253 216 190 61
    171 148 140 162 190 27 241 48 237 254 135 168 103 77 174 176 166 84
    132 198 183 26 22 62 133 41 188 148 137 215 87 223 107 130 186 4 1
    223 161 232 28 243 100 141 246 188 111 101 171 81 23 134 122 174 240
    100 127 201 237 166 68 35 89 122 244 92 186 111 247 162 234 37 201
    22 81 7 35 80 54 29 58 8 210 204 144 153 252 139 133 222 78 56 72
    126 156 213 146 31 69 231 48 48 251 199 241 171 134 47 72 197 252
    121 233 199 248 254 157 253 168 139 169 194 144 71 233 63 244 237
    253 142 254 119 246 245 63 80 51 14 132 42 14 28 5 239 63 247 184
    240 93 39 32 183 205 74 204 71 231 176 239 128 138 237 62 81 162 197
    79 36 93 114 50 38 197 179 75 96 173 136 255 67 203 107 202 17 135
    25 125 106 101 180 59 171 168 169 54 107 66 213 34 122 221 90 10 17
    13 0 94 150 172 71 106 229 18 156 2 229 11 210 90 171 221 176 142 7
    194 200 133 190 244 247 238 140 165 210 5 9 252 110 245 209 212 169
    69 150 108 94 43 198 5 38 130 241 1 128 47 183 85 68 204 232 226 233
    245 240 91 15 107 227 222 174 45 34 225 180 146 245 168 203 49 240
    229 217 46 112 107 200 94 224 50 95 83 210 60 110 243 43 116 90 220
    231 59 25 193 18 220 173 168 166 208 147 38 185 137 226 119 168 171
    11 140 28 209 111 110 112 250 237 171 49 195 204 75 155 175 67 77
    221 238 51 218 76 127 182 198 144 179 167 29 188 178 31 116 10 125
    97 4 197 217 43 108 58 179 95 89 101 177 55 52 179 211 76 106 192 95
    142 144 157 188 235 171 218 204 246 239 194 62 57 17 154 250 241 25
    145 16 247 131 5 144 230 87 25 148 230 97 62 147 171 253 130 87 214
    237 20 183 49 157 81 107 76 178 146 153 218 253 115 163 193 91 69
    123 61 15 49 206 7 230 91 86 225 69 55 21 168 38 76 178 17 71 215
    193 212 68 249 116 25 56 127 3 65 77 63 205 139 67 188 125 64 137
    182 197 232 159 226 144 111 192 130 38 18 220 86 129 51 194 69 98
    153 122 204 128 75 222 88 222 216 170 202 230 172 89 193 134 99 127
    92 154 116 239 233 144 107 10 249 3 201 74 157 59 197 228 97 75 234
    65 149 43 4 145 1 158 154 152 99 129 3 40 6 233 132 62 236 185 149
    38 219 195 115 6 113 241 146 133 34 224 44 244 15 84 83 126 57 4 60
    77 10 54 129 246 33 62 77 224 205 101 52 211 251 158 95 2 8 85 203
    38 199 162 24 213 49 230 128 214 27 146 193 38 195 33 183 75 202 216
    199 35 245 189 198 1 156 160 54 39 182 146 91 80 80 190 32 30 224
    250 124 122 212 154 61 248 117 111 59 118 194 190 240 80 236 83 145
    151 147 206 178 180 113 59 6 6 114 251 67 109 231 111 202 229 156
    157 252 254 55 126 10 111 166 14 5 180 76 109 100 211 12 34 118 76
    217 153 185 121 29 77 75 230 240 42 240 165 180 117 94 76 238 244
    106 123 29 6 134 79 122 160 106 0 112 249 92 59 61 116 15 41 223 229
    33 129 1 91 234 232 6 193 208 148 45 144 35 189 178 28 135 199 140
    61 151 66 182 214 165 157 183 197 223 177 243 46 28 5 234 160 139
    187 137 88 57 161 39 36 15 177 199 247 130 15 6 37 155 174 128 123
    229 204 152 218 138 205 82 93 14 140 168 195 37 53 176 52 76 28 70
    221 51 62 122 139 67 220 243 69 235 120 114 173 162 41 230 184 189
    29 39 18 228 0 215 242 93 152 116 203 90 84 217 139 134 109 141 57
    138 67 120 60 144 67 150 101 11 206 18 111 41 6 162 91 206 208 130
    228 86 120 105 207 60 68 105 174 30 102 101 57 168 192 246 78 166
    239 36 227 100 38 139 62 8 50 40 112 242 85 137 57 52 167 234 94 89
    238 106 49 236 140 75 132 141 152 114 224 204 110 117 184 201 206 73
    92 115 62 48 116 175 67 212 81 40 211 51 233 6 156 224 44 196 92 186
    180 113 31 232 0 16 55 74 177 143 110 2 174 199 105 246 37 204 135
    62 63 197 78 249 214 26 127 2 71 216 195 28 5 168 46 224 9 88 236 25
    85 160 226 164 204 130 233 250 217 94 204 138 185 246 96 247 26 136
    82 159 152 142 36 194 188 192 121 170 150 183 209 8 125 86 106 149
    193 16 234 94 76 77 2 226 133 169 185 185 20 63 180 120 140 11 117 5
    162 23 138 102 110 79 177 46 216 206 37 228 21 241 230 220 196 167
    168 121 128 197 233 248 24 185 251 48 24 156 177 0 38 93 181 143 173
    144 33 125 57 213 48 156 13 223 187 38 131 184 65 62 107 117 184 78
    47 12 81 50 111 214 199 34 141 70 215 33 224 124 30 169 42 110 108
    65 139 244 43 237 37 140 239 88 235 22 166 87 78 219 108 73 8 85 64
    212 245 12 145 31 228 32 203 169 94 202 95 70 54 20 201 76 244 228
    51 80 77 28 19 54 155 3 106 93 24 252 29 229 168 245 38 48 204 87 11
    5 43 252 74 255 121 183 235 179 59 208 127 133 169 217 130 185 109
    187 84 163 22 43 130 145 120 183 139 142 193 179 10 141 206 77 168
    100 98 254 32 67 144 205 99 77 38 77 237 245 31 142 128 119 125 81
    23 82 111 166 17 211 198 87 249 222 247 91 22 89 78 223 113 226 27
    155 99 188 2 226 26 16 188 189 160 75 35 37 137 254 252 109 171 79
    11 162 18 144 253 97 91 171 47 100 111 201 139 11 212 199 211 253 73
    17 235 104 192 234 248 239 175 30 127 205 88 110 154 45 243 94 162
    175 9 148 21 153 61 12 159 35 84 224 103 149 15 37 6 185 68 223 36
    210 166 200 239 252 37 201 151 152 176 21 25 246 31 188 166 186 154
    146 137 7 129 5 247 119 213 61 213 144 218 202 253 34 237 170 116 43
    196 218 233 154 195 31 28 93 7 142 151 210 252 141 219 235 51 246
    182 251 209 110 159 121 20 185 155 25 109 135 132 154 200 163 52 78
    102 99 115 13 220 175 226 12 74 78 27 212 127 195 82 120 149 184 197
    166 32 205 115 51 62 57 114 231 138 34 192 142 126 173 66 241 228
    250 33 130 185 77 106 193 252 183 237 128 32 131 2 26 222 181 180
    190 97 212 62 64 57 23 99 195 73 185 45 33 83 215 223 8 212 4 157
    110 101 55 199 163 14 185 82 85 153 47 15 12 158 74 100 153 175 182
    89 63 37 243 246 60 2 103 54 205 251 31 146 146 95 212 215 9 92 226
    17 179 64 241 107 199 118 214 232 148 9 245 115 180 5 124 231 121
    236 202 56 84 126 160 251 70 16 222 146 245 124 51 98 206 29 12 102
    195 5 236 240 243 163 100 101 93 173 194 139 116 86 219 226 116 111
    19 221 6 222 100 208 132 143 168 111 176 247 166 135 150 173 229 190
    96 32 143 210 73 40 218 67 230 151 63 114 243 4 160 129 126 15 193 0
    63 114 61 14 70 10 209 119 10 134 44 234 35 71 57 126 197 109 113 97
    138 54 195 1 88 130 43 10 255 171 120 142 223 255 215 160 37 105 108
    90 180 125 249 200 141 238 86 252 110 77 60 137 105 66 17 65 12 153
    70 204 57 115 254 208 228 131 157 233 0 146 238 41 234 35 82 182 131
    100 88 146 168 77 92 59 78 222 228 109 245 246 170 75 196 81 10 155
    62 89 162 84 39 217 116 179 172 203 53 189 68 26 55 159 103 73 134
    149 160 128 95 56 65 3 216 90 117 189 91 17 7 103 188 119 26 231 193
    188 130 62 116 223 179 75 191 183 154 30 124 9 132 144 195 200 4 72
    53 242 243 133 153 108 19 203 120 230 77 229 60 130 160 209 126 136
    194 77 176 116 171 182 15 84 138 243 125 105 189 234 147 196 30 101
    93 36 7 133 194 58 73 98 7 45 83 15 62 190 177 255 112 199 161 169
    85 154 245 188 247 159 176 83 180 123 200 239 215 68 31 8 87 108 70
    138 237 45 239 155 9 232 131 1 8 220 79 123 37 217 165 154 245 175
    34 237 146 147 168 232 112 139 137 238 212 172 120 52 127 11 9 135
    99 117 239 212 120 17 15 58 183 201 92 115 62 159 247 135 76 166 97
    194 198 111 173 107 17 170 56 85 73 229 148 248 132 46 23 194 22 168
    110 207 183 150 243 78 119 55 252 112 37 182 37 46 245 187 148 123
    40 12 138 30 15 161 198 201 38 99 89 250 115 243 217 82 101 144 186
    201 122 90 83 184 154 101 227 166 125 233 208 88 214 18 13 114 83
    222 149 203 212 175 218 117 77 114 33 151 193 70 190 1 248 56 216
    154 187 228 50 241 155 14 158 34 122 137 220 35 53 61 95 214 101 105
    53 191 156 132 148 183 80 152 228 22 42 56 138 249 78 142 167 203 2
    105 193 71 246 158 36 38 178 121 6 91 183 130 27 151 217 175 237 85
    86 218 56 87 115 82 37 195 189 93 57 21 240 57 61 234 131 231 112
    170 238 3 83 22 77 197 156 38 226 110 5 94 123 41 39 37 239 186 3 81
    136 221 71 72 170 235 129 48 230 118 35 24 6 118 1 234 123 67 149
    167 7 143 29 235 54 99 178 58 231 155 158 229 190 196 64 173 81 171
    9 42 186 168 145 170 223 75 122 220 255 138 102 65 219 27 80 72 191
    79 55 16 35 125 32 244 129 5 0 221 180 5 156 227 222 146 231 215 166
    23 49 14 72 234 71 253 75 17 228 41 147 15 170 180 212 196 118 56 29
    39 31 162 226 199 59 80 27 135 118 254 113 127 83 124 233 129 28 241
    53 218 64 154 55 86 197 15 45 168 42 3 242 11 18 169 24 41 243 248
    91 59 63 195 132 182 58 201 193 198 177 24 167 26 112 91 95 245 186
    91 126 144 61 165 31 51 62 59 68 138 16 155 104 159 76 148 17 221
    153 253 81 40 126 215 76 191 95 142 113 111 99 27 97 15 218 244 208
    56 229 191 105 135 140 140 202 119 199 154 7 188 30 226 73 156 186
    91 12 25 247 200 72 28 62 139 162 21 246 237 225 35 223 63 94 186
    183 124 14 157 81 23 142 106 79 40 205 233 221 40 95 83 159 178 160
    23 121 75 84 95 116 68 43 52 69 204 38 90 215 126 20 214 181 1 47 32
    208 236 162 2 205 49 87 2 137 181 171 171 245 30 229 130 26 206 175
    84 8 122 230 178 0 36 73 56 38 250 66 5 35 66 73 177 55 78 39 117
    213 48 60 250 22 93 66 219 201 105 169 101 48 113 156 17 97 70 71
    237 192 44 243 47 4 204 37 211 231 246 218 32 167 223 162 77 79 147
    207 246 221 79 200 235 239 78 194 110 218 215 235 80 167 101 189 23
    250 15 71 70 9 169 127 111 129 83 184 78 88 109 92 76 38 92 227 46
    179 189 234 136 90 127 12 101 6 22 168 211 198 78 140 226 81 227 234
    27 167 56 180 49 88 65 30 119 230 122 78 223 208 140 180 148 227 65
    61 161 62 22 240 171 180 28 152 181 46 227 17 2 75 252 247 39 55 179
    183 54 12 103 198 182 117 44 157 14 239 112 93 84 189 183 79 207 107
    173 125 142 255 181 86 73 4 193 178 193 45 63 186 88 171 255 156 93
    11 131 32 72 246 164 110 166 118 238 152 120 8 88 159 122 157 139 46
    72 17 229 90 188 75 124 80 159 19 141 81 78 152 70 232 82 249 238
    185 251 89 44 90 20 32 154 173 192 71 202 254 170 88 62 126 128 64
    162 131 20 173 51 61 31 69 133 215 70 231 233 58 223 146 203 76 29
    40 194 31 57 2 180 148 39 21 183 78 129 28 33 109 10 218 100 89 95
    123 139 64 87 100 57 49 54 171 11 86 123 91 176 129 211 191 249 66
    112 12 160 77 148 83 146 189 63 196 187 58 199 184 143 243 209 157
    255 145 195 134 162 200 228 115 7 80 19 211 198 41 207 160 172 44
    168 73 98 196 28 36 253 185 156 20 46 234 83 106 132 222 37 224 205
    91 31 112 155 12 137 138 21 147 25 24 91 239 98 229 168 72 49 95 135
    114 206 70 158 254 226 237 81 147 224 16 184 225 91 33 179 181 134
    178 44 151 237 80 245 159 176 139 204 50 135 198 111 145 150 177 159
    188 244 60 220 176 215 37 34 43 18 197 97 39 116 107 73 114 189 133
    40 211 194 188 163 91 205 239 229 22 158 244 7 197 236 19 255 30 96
    137 207 32 209 69 234 118 3 186 102 4 105 210 255 7 73 110 120 194
    188 88 19 15 14 253 234 196 26 198 26 118 44 50 2 167 233 39 216 202
    219 36 43 176 227 193 136 143 88 198 4 200 115 205 187 67 50 166 12
    255 103 136 192 114 207 144 241 64 1 163 167 142 229 217 206 186 76
    202 8 76 59 239 109 124 220 128 15 177 138 107 61 56 138 109 165 197
    113 18 82 141 180 157 206 3 197 68 101 197 202 248 184 167 204 208
    144 190 100 196 63 23 139 209 215 126 95 120 55 186 227 235 24 220
    43 216 162 229 122 182 248 161 24 236 252 120 149 140 39 128 150 22
    231 178 92 239 242 181 142 23 46 195 154 58 75 127 176 210 196 105
    104 176 234 19 134 248 139 25 151 208 221 44 252 118 67 62 220 23 44
    25 141 200 119 68 54 79 88 10 92 248 195 158 16 100 95 69 223 64 81
    83 246 91 105 239 174 17 3 91 111 83 240 143 110 177 57 248 243 236
    132 199 155 148 85 219 128 235 110 37 225 233 152 36 182 222 22 59
    120 71 76 105 237 251 114 172 0 118 89 49 17 179 90 55 22 116 212
    245 16 157 72 218 120 1 230 176 41 219 193 75 17 9 245 63 254 123
    185 62 192 72 185 255 135 79 114 200 71 32 108 91 127 22 142 222 53
    96 40 142 238 1 164 7 111 109 147 76 134 249 205 126 39 89 198 29
    255 127 201 17 169 34 255 66 17 81 53 153 242 125 149 70 97 23 171
    148 229 184 10 246 54 86 113 170 13 143 165 242 219 156 68 242 192
    72 136 172 17 140 163 67 110 202 11 123 103 161 103 0 162 6 34 15 89
    102 39 82 33 32 178 232 234 134 43 41 32 240 27 54 151 29 192 42 84
    3 148 187 195 79 50 236 213 91 178 237 89 46 241 24 75 222 190 196
    213 129 16 244 192 15 15 245 194 73 154 50 90 44 238 168 132 136 172
    255 22 240 212 209 123 85 130 232 248 36 229 120 134 46 191 144 54
    142 171 78 58 124 89 70 176 244 24 105 117 186 33 189 105 186 33 15
    52 100 166 241 197 113 184 224 51 167 3 221 137 147 68 115 187 1 197
    226 179 91 41 16 226 205 7 117 24 130 54 65 149 230 212 85 126 148
    100 5 230 6 152 9 173 252 111 178 144 108 247 22 255 152 30 121 232
    247 98 85 170 8 72 211 48 25 205 64 188 164 114 88 74 223 73 179 232
    76 55 139 234 173 218 45 29 84 98 95 43 179 248 183 67 128 20 121
    144 102 74 211 196 136 107 57 17 136 55 41 214 71 167 65 201 144 242
    102 2 178 152 108 220 51 32 109 161 234 194 3 172 164 202 165 112
    180 146 1 233 184 215 83 157 214 204 237 201 214 239 186 42 112 126
    135 15 65 237 47 200 96 130 173 196 159 135 80 26 80 161 209 249 113
    196 198 31 236 78 203 221 187 197 90 116 153 233 27 78 226 9 233 253
    54 42 73 180 67 40 177 255 67 0 206 254 35 218 149 142 229 181 233
    18 79 35 24 68 33 5 97 73 199 52 237 223 1 45 206 134 44 98 217 227
    53 246 1 67 210 30 72 44 32 232 100 229 252 69 134 70 75 189 197 229
    14 240 197 243 122 62 211 147 87 187 211 243 25 53 122 89 230 58 231
    246 29 202 45 182 157 63 131 151 174 170 6 29 87 158 2 218 157 121
    228 226 130 251 255 16 230 156 70 89 53 68 133 72 251 171 50 214 187
    215 148 183 63 222 248 201 26 177 49 141 179 18 175 68 106 13 10 238
    233 31 69 111 169 7 54 141 147 43 144 111 23 219 151 198 192 189 128
    26 242 241 60 69 54 81 51 90 71 61 215 237 248 229 11 187 8 75 17
    167 99 221 10 35 114 13 105 151 39 208 86 107 250 120 79 88 78 21
    128 140 247 217 18 41 42 231 14 89 83 180 36 249 77 161 244 11 30 83
    123 77 67 203 239 71 118 129 152 195 92 205 209 15 54 197 236 39 206
    191 36 7 207 105 5 104 180 141 255 192 27 37 243 1 227 62 165 31 104
    69 135 135 228 216 103 142 221 62 119 124 101 200 114 20 88 57 136
    209 186 135 251 77 103 20 70 179 148 155 152 51 38 151 100 95 184 54
    196 212 69 92 156 68 78 13 24 129 117 37 208 112 82 249 151 243 91 6
    238 129 185 250 93 196 58 24 39 109 64 10 151 70 210 12 118 26 157
    130 179 139 215 186 209 54 39 239 211 9 89 44 133 47 29 229 200 134
    64 241 170 156 9 42 109 27 190 131 168 241 158 42 226 49 194 217 137
    224 210 250 181 203 242 37 134 88 8 205 2 226 85 250 53 116 18 83 0
    56 117 69 66 162 202 35 140 157 66 228 94 117 176 53 255 252 194 37
    220 187 69 96 71 169 33 58 43 118 155 23 113 63 185 255 71 160 120
    204 192 126 37 212 143 175 2 193 173 2 233 29 42 102 224 66 38 94
    157 85 141 81 194 111 144 92 217 127 175 56 25 193 117 29 243 66 101
    164 238 244 54 147 172 104 218 118 121 75 24 12 220 192 42 28 94 36
    31 68 236 41 186 210 119 240 158 108 153 239 212 246 16 101 245 148
    161 136 246 5 55 53 137 186 124 167 65 191 83 154 188 232 164 21 240
    34 93 154 203 74 51 58 106 223 146 193 188 209 168 63 207 27 174 62
    113 113 58 101 115 81 190 45 239 85 101 56 198 122 93 62 189 127 139
    211 115 20 214 249 104 202 181 201 54 96 61 176 247 177 126 95 36
    145 117 120 239 248 46 32 122 222 186 171 238 87 145 8 63 6 200 100
    186 135 10 228 135 245 102 243 146 118 84 100 16 26 29 31 24 223 113
    195 98 228 204 240 149 134 247 133 166 253 227 84 155 16 194 57 186
    121 119 222 116 252 133 65 236 139 35 184 27 193 29 63 151 3 12 89
    182 252 56 135 254 240 23 41 19 84 196 190 254 255 180 160 124 167
    144 14 142 161 198 117 8 247 77 202 67 84 193 10 98 210 205 151 50
    17 242 70 36 252 157 160 21 215 85 144 25 87 115 183 77 247 77 248
    189 152 134 255 52 17 159 167 250 112 115 163 109 177 68 167 89 99
    159 249 249 66 192 176 196 31 192 230 59 14 108 172 161 160 1 14 96
    232 0 84 46 63 27 223 161 239 70 174 131 66 105 6 36 33 18 228 57
    198 153 249 6 210 218 20 172 75 73 225 25 158 173 120 122 161 137
    213 86 143 222 242 69 15 92 243 72 5 255 160 105 125 182 225 67 107
    150 148 87 198 184 33 208 230 106 109 201 205 82 11 23 108 98 61 3
    35 73 98 204 18 169 224 232 207 98 200 203 65 54 206 46 106 214 164
    170 142 185 212 10 216 25 125 143 188 76 138 162 173 107 124 98 3 85
    177 171 38 102 11 124 231 252 202 218 198 247 221 136 85 17 98 205
    237 119 44 19 164 49 154 212 242 47 44 25 189 121 252 28 114 226 220
    234 187 177 92 222 228 100 31 81 236 247 250 218 17 115 108 141 81
    106 68 20 10 142 220 106 16 182 168 47 216 107 143 208 196 251 173
    148 28 54 163 182 84 77 94 65 134 214 93 30 165 189 253 83 27 164 77
    9 182 117 150 63 203 127 53 252 150 255 32 227 101 68 157 204 137
    239 178 88 121 90 193 26 33 162 84 163 222 7 18 20 192 150 195 95 83
    147 166 141 118 10 197 249 31 124 36 66 244 53 34 0 2 21 60 242 208
    196 23 206 249 78 32 24 249 110 238 222 132 230 230 136 149 59 212
    22 236 135 193 125 0 212 86 234 243 230 82 97 229 33 152 253 187 74
    200 74 176 103 168 226 126 169 129 71 128 156 105 145 197 237 124 78
    141 201 81 73 245 219 242 251 80 185 240 130 114 212 18 68 224 1 236
    39 135 203 20 140 157 172 116 136 156 73 201 141 209 4 11 35 221 29
    56 210 145 251 27 125 187 80 234 225 76 142 182 239 61 225 239 117
    230 151 240 205 216 118 27 186 120 61 228 42 148 126 176 5 24 232
    219 41 50 188 196 16 27 22 92 165 69 11 13 187 190 70 51 152 234 48
    129 244 44 195 35 208 125 85 205 138 72 220 173 191 220 187 75 53
    239 77 159 115 149 8 220 8 65 233 179 84 110 153 209 73 78 203 186
    148 210 110 178 235 169 82 187 123 14 205 110 58 152 135 14 160 117
    226 18 182 108 204 80 24 176 32 89 209 51 162 3 72 149 60 109 85 181
    86 50 27 177 91 225 136 210 135 49 162 113 185 223 222 237 21 139
    241 47 109 92 14 193 252 160 158 157 154 116 173 249 252 206 156 79
    21 101 77 194 186 176 123 10 104 235 93 168 195 213 118 158 234 110
    144 75 198 46 201 99 246 6 243 78 9 2 125 120 114 138 113 145 205
    109 222 141 86 146 163 185 90 148 183 94 90 6 181 23 14 89 134 10
    108 33 31 239 159 211 236 68 194 30 25 75 137 183 116 106 98 20 19
    119 137 31 250 98 220 45 38 134 253 174 88 202 154 224 123 221 164
    87 208 200 41 177 42 178 119 84 0 140 181 202 187 86 36 230 7 197
    140 79 70 151 150 175 6 12 192 111 197 38 230 17 215 105 212 130 133
    171 126 166 157 77 224 9 225 174 221 243 255 148 60 76 70 146 56 7
    123 89 238 65 57 167 47 244 18 205 125 150 229 152 112 91 202 169
    208 39 24 120 49 17 45 249 227 193 236 80 3 183 184 72 133 180 51
    134 20 111 20 200 77 100 208 239 12 8 230 253 178 54 154 99 150 174
    48 99 85 226 234 90 206 110 206 205 72 12 198 11 148 67 199 153 249
    165 193 29 185 227 37 178 46 103 237 251 165 162 63 71 74 134 73 55
    174 38 27 153 95 183 115 197 24 29 72 51 114 104 114 12 58 185 164
    16 107 148 104 43 152 223 243 97 63 147 126 147 250 158 96 89 159 7
    206 185 147 132 203 45 182 159 146 58 88 30 176 199 230 194 17 217
    249 157 78 225 226 106 239 30 97 133 201 227 56 81 82 189 29 116 75
    84 81 95 147 219 212 3 75 208 213 68 130 75 19 78 28 102 178 74 50
    215 14 117 172 15 138 253 32 125 75 56 127 201 18 37 137 13 128 139
    132 227 230 40 192 134 195 71 141 80 169 187 237 219 13 127 143 187
    228 191 52 131 221 30 66 85 69 66 35 22 218 111 169 249 244 79 253
    18 44 113 246 178 220 136 162 215 28 122 245 194 25 114 206 137 27
    52 101 65 181 151 97 49 193 39 112 152 160 245 34 68 86 221 140 52
    70 164 85 145 38 246 14 60 237 66 15 18 162 161 10 230 231 55 77 225
    55 198 142 18 121 154 62 218 16 188 244 9 28 56 220 163 92 146 216
    136 137 52 153 220 96 184 183 7 177 93 5 143 186 255 123 55 174 135
    51 200 131 115 27 233 176 169 30 208 183 0 46 33 153 8 237 84 212 72
    105 113 204 123 205 195 78 205 20 162 75 186 70 52 165 144 111 130
    140 235 151 224 130 183 246 155 138 57 99 115 56 61 84 81 253 189
    163 129 98 1 255 138 84 173 83 208 38 181 193 13 150 106 253 160 87
    59 95 226 76 82 49 42 120 233 248 116 224 192 116 177 110 65 180 253
    135 35 127 244 43 9 243 51 250 176 182 218 142 229 121 33 145 4 146
    84 255 160 157 125 9 76 46 214 180 65 61 45 242 14 203 207 174 182
    34 238 162 150 82 8 249 31 69 44 51 156 105 148 26 192 2 167 189 157
    182 156 197 68 153 73 19 149 7 130 142 223 253 97 34 48 104 19 73 59
    19 52 161 72 118 218 153 159 211 80 246 20 124 81 146 249 222 241 17
    151 43 215 225 94 218 210 27 57 63 209 72 109 170 161 165 43 140 168
    204 164 186 252 243 217 170 222 216 223 213 196 196 235 255 147 74
    239 71 100 135 136 19 223 149 14 7 7 49 89 231 199 127 2 103 184 162
    211 23 113 112 93 117 89 3 12 243 205 32 122 160 60 96 151 21 67 115
    11 237 207 229 203 164 99 145 164 69 110 75 210 171 149 39 253 108
    30 111 123 228 251 43 221 122 56 239 250 44 194 174 60 98 122 20 80
    107 0 23 85 194 15 12 72 144 253 209 157 187 29 144 139 173 251 47
    65 5 231 28 41 9 149 233 185 43 123 215 36 119 193 233 112 64 114
    245 214 32 159 3 220 126 151 0 248 21 161 247 23 172 100 160 159 251
    69 196 192 142 180 74 106 56 214 157 196 155 182 220 22 125 169 11
    22 242 111 238 66 11 183 137 228 114 246 198 35 21 182 191 74 95 214
    195 88 51 87 106 69 51 211 128 9 126 45 146 213 230 167 134 42 167
    254 228 172 196 129 194 235 151 131 172 228 175 86 104 52 61 206 105
    32 80 179 184 58 127 119 173 120 215 63 47 117 137 144 119 76 41 106
    234 244 160 195 115 90 136 63 12 95 79 158 58 45 107 34 31 73 119
    181 183 49 241 95 139 51 167 57 17 46 181 157 12 160 251 63 178 117
    155 106 173 9 112 237 70 71 18 251 137 46 192 32 8 172 175 184 92 25
    30 92 238 122 183 77 233 206 154 39 105 45 196 88 247 39 120 96 66
    27 3 176 47 224 115 22 26 134 120 14 102 27 189 114 39 219 29 57 254
    63 199 236 171 202 108 84 79 178 80 204 219 207 106 235 49 147 147
    149 163 118 8 127 37 171 94 231 154 165 44 23 159 5 12 253 151 178
    62 9 51 172 14 204 2 122 174 118 115 71 94 216 138 172 179 89 132 3
    133 244 57 116 6 18 247 251 86 242 205 19 26 118 66 82 32 21 223 61
    215 243 134 50 179 25 122 175 248 120 193 254 132 93 136 116 132 52
    4 36 101 14 246 69 202 156 245 104 116 238 199 158 120 25 90 249 81
    102 223 179 122 88 7 3 116 151 243 153 57 164 145 223 115 142 131 69
    235 123 83 230 114 96 108 178 38 194 239 236 157 114 209 61 226 31
    231 155 82 218 235 124 72 190 0 216 174 176 120 198 225 100 82 73
    111 3 16 70 181 8 95 149 113 50 144 86 6 184 203 151 19 162 138 35
    224 157 247 221 160 228 80 106 0 165 49 138 133 34 216 154 184 23
    136 126 185 205 236 62 166 191 8 92 102 170 83 49 103 93 131 96 197
    190 110 134 216 202 43 60 130 6 172 246 163 217 147 237 111 67 65
    219 120 157 83 212 230 17 79 118 65 56 130 56 28 58 144 211 127 61
    203 173 152 158 33 90 196 229 148 117 112 168 78 239 23 64 203 41 3
    218 113 49 101 236 5 173 74 212 115 65 75 125 157 239 105 80 136 0
    240 164 158 38 7 113 143 243 9 95 124 186 95 117 2 105 136 251 179
    172 63 205 153 101 61 128 91 164 95 192 179 215 11 151 44 239 121
    178 7 59 142 46 7 84 45 206 120 77 34 56 2 101 195 141 73 217 158 27
    162 27 171 60 154 115 5 98 93 218 165 205 226 11 221 95 190 115 68
    222 107 223 38 16 36 116 201 36 169 29 78 220 235 199 200 248 93 233
    158 13 247 47 151 115 25 182 114 30 94 221 36 5 23 170 180 28 105
    134 123 37 113 251 122 35 134 119 50 111 207 105 147 56 80 155 114
    53 203 209 22 88 69 245 206 192 160 46 86 26 97 237 189 143 91 203
    160 140 221 183 180 107 156 60 235 247 90 111 118 26 9 109 63 93 156
    6 133 210 103 30 145 197 155 3 235 229 167 149 77 168 205 6 245 14
    49 96 219 62 151 199 84 125 99 70 156 81 146 50 57 83 236 8 220 143
    123 161 211 216 64 167 124 192 230 252 142 180 39 62 165 32 144 188
    45 240 33 55 205 24 34 177 92 198 213 2 138 55 120 100 66 85 226 199
    213 48 123 162 241 7 242 26 230 20 101 176 170 230 194 9 1 90 180
    223 60 33 144 163 118 155 45 71 142 212 140 155 233 5 171 173 217 71
    37 175 122 103 13 209 77 180 103 170 109 145 114 132 95 125 200 129
    7 107 33 253 70 63 69 108 146 151 221 89 238 69 49 90 110 176 174
    176 15 127 149 199 216 189 255 19 136 48 26 104 230 48 167 246 183 0
    254 135 22 214 106 238 172 155 64 36 165 32 64 61 46 166 227 52 230
    145 223 202 116 70 11 77 96 109 246 217 149 101 66 5 191 72 232 12
    63 84 79 73 23 224 178 90 101 166 101 108 36 77 32 174 141 63 17 144
    141 106 205 48 14 18 162 180 51 51 21 236 63 116 87 28 157 229 206
    117 60 108 255 81 70 8 215 47 43 35 87 47 31 41 250 9 10 187 53 118
    38 2 175 129 230 136 252 9 252 241 41 11 122 5 235 94 212 202 37 44
    37 22 33 253 80 183 197 36 166 211 195 119 244 26 2 114 23 198 176
    186 162 230 185 29 245 33 91 116 63 134 207 153 204 179 91 197 152 9
    120 160 9 220 47 12 69 24 201 117 89 3 10 59 11 134 206 170 250 206
    220 103 134 32 211 55 68 183 132 9 184 206 236 225 17 40 180 143 154
    124 204 119 195 135 108 39 255 120 230 71 113 61 199 228 41 44 19
    217 169 61 196 88 21 22 154 18 49 18 206 109 108 137 46 255 8 244 4
    211 157 228 252 237 101 177 141 63 185 231 197 173 137 152 127 206
    195 175 50 83 173 3 47 203 176 191 130 238 156 103 148 82 62 24 139
    36 68 35 37 143 130 120 66 165 194 102 0 76 157 89 192 249 46 108
    129 147 145 49 102 241 97 233 225 44 89 102 9 111 134 97 95 140 167
    58 23 154 199 7 207 191 236 234 125 213 232 126 216 50 58 133 167
    127 40 244 164 239 60 230 126 120 45 85 37 121 165 127 81 46 4 245
    160 10 202 137 240 1 249 14 179 187 39 97 241 124 181 208 156 160
    237 235 137 24 44 141 178 142 181 55 49 21 250 121 98 116 11 95 23
    234 218 46 60 171 231 188 30 145 120 105 38 121 101 60 139 87 113
    160 33 110 14 135 15 151 219 136 19 31 167 123 17 45 239 7 188 217
    220 212 238 223 201 117 237 112 120 37 113 203 235 222 242 153 7 146
    206 56 142 207 140 103 211 51 204 90 6 172 91 17 210 87 161 158 32
    191 198 180 102 107 96 142 252 239 179 198 178 124 234 17 152 56 223
    65 96 150 98 36 254 141 129 205 239 73 195 69 71 180 81 192 114 245
    7 133 155 113 199 215 65 7 223 44 40 15 194 146 214 58 204 109 147
    99 181 157 122 197 61 162 225 169 188 155 16 169 195 110 224 30 251
    175 136 205 72 1 27 120 114 51 148 250 206 254 52 167 76 59 75 62
    139 114 183 96 125 136 19 205 104 85 24 157 110 65 112 23 205 144 24
    150 22 124 34 174 63 81 76 142 134 15 196 193 198 151 160 143 252
    104 151 156 246 176 206 44 40 127 229 34 50 195 110 83 29 237 244
    178 195 111 78 120 212 91 207 30 102 88 114 210 228 103 161 31 25 28
    170 228 148 245 85 248 83 61 125 158 96 65 217 15 76 63 21 83 230 64
    97 185 172 162 16 243 61 252 166 73 26 190 200 138 246 123 45 77 221
    206 213 242 197 183 147 118 168 157 204 190 209 150 74 148 16 46 177
    241 116 246 120 91 67 249 243 74 135 122 29 223 200 230 112 85 21 41
    60 99 59 65 66 235 76 55 144 101 123 252 218 220 40 73 243 252 124
    39 206 141 114 207 32 16 77 3 18 88 73 175 145 223 141 85 216 66 169
    91 8 196 148 15 47 107 121 122 97 86 222 180 226 213 185 188 50 237
    250 126 230 91 216 133 165 15 186 206 127 40 183 58 226 32 137 231
    217 167 160 83 167 165 28 204 4 101 95 234 165 200 180 141 116 23
    137 142 56 255 98 68 202 185 144 141 244 53 135 42 230 184 120 35
    251 174 15 140 91 162 114 227 28 104 122 219 148 67 126 132 172 204
    81 215 132 162 39 138 221 243 173 104 70 152 117 253 72 116 55 15 83
    16 163 93 109 57 221 50 109 140 121 158 2 139 51 138 86 49 240 19 45
    86 164 164 96 100 39 220 94 3 163 40 199 39 74 90 224 125 168 237
    118 188 240 194 245 16 201 77 206 227 189 12 13 155 163 217 218 49
    232 145 46 162 11 198 174 48 251 66 100 127 129 12 204 146 226 11 22
    44 243 225 108 170 124 18 47 241 117 90 196 241 94 25 83 229 40 108
    162 80 79 250 100 50 8 164 96 116 37 205 11 58 40 194 192 153 168
    219 190 76 146 90 215 49 40 229 201 62 149 98 174 220 202 154 125
    230 174 189 121 49 213 114 112 32 45 11 50 139 57 206 206 65 56 11
    214 10 82 187 75 117 240 16 22 114 219 225 55 26 136 35 13 206 1 156
    37 185 104 58 219 234 19 199 72 199 34 167 63 55 49 134 188 152 221
    136 228 146 29 67 90 120 202 153 15 198 174 93 128 194 62 26 32 155
    3 132 69 187 116 211 238 45 250 212 63 70 40 188 235 51 197 12 240
    130 18 232 36 33 206 254 150 156 197 147 69 231 70 1 49 190 123 201
    230 97 174 0 162 136 167 33 89 22 233 170 22 236 72 169 253 217 75
    223 7 234 174 111 129 158 151 57 2 46 182 26 136 201 12 68 171 110
    162 12 99 176 54 117 240 168 246 22 14 106 177 205 202 49 168 100
    222 220 255 177 61 87 166 178 45 240 218 138 82 41 191 119 121 205
    70 188 32 168 31 249 144 38 180 15 171 139 247 54 115 254 253 246
    250 212 236 26 83 54 166 44 68 81 9 230 117 139 210 161 149 173 4 71
    87 111 230 65 47 28 86 163 230 211 187 101 171 21 70 48 138 31 218
    92 78 114 125 156 51 237 86 171 35 67 109 174 213 202 254 36 187 84
    244 229 208 157 52 158 76 60 67 188 1 228 15 107 213 10 154 30 136
    178 113 46 142 95 160 149 114 74 51 30 96 103 241 86 45 84 81 78 242
    19 29 38 80 139 89 96 89 252 4 82 191 224 29 209 225 199 158 95 196
    138 167 22 92 182 42 16 5 158 204 60 159 124 2 76 43 162 96 220 108
    49 199 212 91 224 44 247 197 155 62 47 182 241 218 43 179 44 161 91
    255 237 40 123 96 188 62 150 7 161 90 244 83 249 58 146 19 35 26 53
    93 14 16 198 150 254 143 198 40</data></test_img>
<my_img type_id="opencv-matrix">
  <rows>100</rows>
  <cols>100</cols>
  <dt>"3u"</dt>
  <data>
    14 151 3 173 112 97 255 41 60 13 78 45 69 210 73 191 224 250 255 122
    95 227 114 6 0 180 39 84 68 159 59 31 214 255 76 246 173 231 112 249
    84 149 188 96 145 195 221 161 197 7 175 206 55 157 232 255 131 134
    114 146 85 129 15 246 135 137 5 240 193 227 117 220 197 137 168 255
    102 34 121 124 52 134 76 53 255 101 31 50 116 79 224 116 132 255 141
    79 174 115 74 146 50 55 155 147 175 118 43 87 248 27 37 213 243 171
    121 138 11 126 198 243 14 40 144 214 187 96 173 90 16 134 130 62 168
    112 25 36 47 69 225 189 149 179 15 38 167 255 193 56 102 72 172 75
    18 255 215 228 93 38 102 130 139 228 24 66 101 81 255 182 255 185
    223 3 8 255 37 48 217 183 166 123 155 56 181 220 171 73 255 230 209
    18 117 162 246 8 255 213 0 9 87 168 141 99 165 58 0 151 45 62 40 140
    102 6 132 60 135 112 46 255 219 255 166 197 255 40 181 204 86 195
    244 21 127 153 165 0 234 43 255 111 32 126 129 222 205 255 42 198 19
    185 23 187 189 8 193 250 230 237 24 255 255 176 49 255 48 225 146
    218 75 137 43 236 255 95 227 255 255 24 216 57 32 209 49 173 255 152
    189 123 73 255 88 8 68 3 188 182 129 75 117 255 19 80 223 36 171 17
    188 175 171 112 17 176 19 255 255 169 88 255 229 189 5 22 255 66 32
    41 137 236 236 255 255 76 227 224 136 141 64 27 188 254 197 18 181
    141 90 33 189 255 149 255 169 71 185 83 83 14 255 222 73 70 52 171
    153 82 168 255 46 147 116 217 97 43 248 223 174 110 204 83 115 85
    193 182 228 123 131 22 84 157 57 130 36 255 101 189 170 218 185 253
    220 34 3 255 246 190 89 255 154 255 118 96 129 109 13 99 161 148 145
    192 109 102 176 25 248 222 104 111 20 174 9 161 202 28 103 162 255
    32 81 174 48 255 234 68 62 255 210 214 255 132 122 243 176 218 104
    231 145 89 255 70 185 255 255 235 94 149 41 152 15 255 163 120 228
    205 120 255 236 186 235 143 52 167 218 208 98 178 77 255 170 105 193
    89 88 98 139 89 122 146 80 196 206 116 255 191 198 255 80 255 255 32
    42 214 131 214 48 221 145 218 129 18 248 202 39 98 255 30 101 236
    120 95 32 255 154 250 113 255 13 245 3 214 255 159 241 197 181 164
    26 255 184 237 55 130 38 255 84 108 255 251 15 5 60 212 183 183 255
    73 237 168 255 108 95 148 41 63 31 100 255 255 64 248 93 42 39 192
    205 255 62 106 15 255 254 255 255 141 177 176 220 3 227 250 86 15
    149 29 120 59 130 255 124 255 126 68 185 255 197 126 144 31 18 185
    66 255 136 185 79 255 27 25 111 41 255 131 142 247 107 55 66 14 192
    217 76 129 72 50 254 138 207 227 185 33 34 5 24 225 255 4 191 24 215
    240 4 200 76 79 3 160 70 234 176 57 95 116 59 76 189 23 227 9 227
    148 76 44 255 21 103 69 187 31 83 210 239 255 215 255 106 4 131 253
    30 230 64 102 144 56 96 10 52 32 5 50 10 188 135 248 255 106 42 122
    255 120 228 42 187 143 255 186 195 206 171 95 9 243 105 62 189 57 89
    106 81 45 253 234 135 126 212 255 166 142 22 250 70 33 204 184 255
    87 165 160 17 174 129 255 146 130 92 6 255 146 89 121 61 171 255 255
    73 62 247 28 204 137 61 117 139 136 205 90 148 255 106 45 70 145 223
    177 201 255 192 113 145 132 170 74 255 100 91 255 228 236 153 176
    134 57 78 114 255 244 181 48 145 2 178 130 119 19 40 120 143 0 151
    255 21 255 255 47 234 43 255 120 215 103 61 248 38 199 255 131 166
    28 220 194 34 25 255 173 162 186 224 255 129 71 255 119 182 92 72
    255 252 252 211 53 16 255 114 184 80 126 255 252 145 8 122 205 71
    255 220 19 160 28 66 190 118 237 90 96 226 149 156 186 46 74 156 117
    129 129 121 224 79 255 94 124 255 27 151 255 215 87 172 190 18 255
    169 255 255 115 88 65 255 203 116 126 97 143 224 80 29 31 181 47 124
    92 141 121 203 190 157 84 192 167 57 224 112 1 185 192 32 5 112 255
    206 250 35 243 160 123 255 114 115 255 215 144 67 183 172 191 209 27
    255 255 99 101 71 255 201 122 23 125 115 31 74 11 129 248 223 24 255
    31 99 255 63 130 255 25 118 223 232 174 127 108 188 99 178 210 123
    225 112 255 166 98 255 43 255 243 217 202 174 48 41 246 198 161 242
    134 89 122 63 142 148 47 242 36 231 238 48 72 70 137 189 146 255 37
    1 121 69 201 255 51 77 151 255 28 97 69 220 255 29 132 162 74 158
    207 110 102 13 117 245 165 204 56 76 20 3 59 180 115 159 11 251 29
    130 68 234 102 158 37 120 255 252 250 230 14 137 133 255 85 241 219
    112 94 79 138 181 255 56 27 246 51 193 235 51 4 61 230 14 224 168
    102 186 251 31 5 11 47 255 198 122 255 109 232 67 246 223 34 25 255
    255 143 199 141 45 232 191 56 63 155 110 204 255 63 232 218 161 125
    255 107 211 45 59 131 255 125 27 179 70 185 255 201 151 81 241 51
    162 246 138 176 250 54 255 115 215 195 255 118 85 129 193 255 190 42
    248 125 223 131 48 51 99 17 1 106 76 120 95 109 5 65 221 251 255 222
    95 196 184 57 51 159 187 140 85 217 185 64 97 251 52 127 67 255 42
    78 128 241 172 54 146 255 118 71 174 153 118 37 249 118 43 252 233
    252 94 195 228 200 186 83 34 153 255 6 46 255 30 13 185 41 0 37 191
    159 241 118 202 255 19 205 22 164 83 197 187 92 79 248 91 81 164 194
    141 138 255 255 62 43 214 8 198 192 92 92 255 33 223 81 34 13 255
    239 55 255 171 39 97 237 225 196 115 34 109 245 10 153 28 162 202
    167 255 218 191 216 81 181 255 87 84 109 61 113 161 255 174 174 251
    147 82 60 255 156 6 214 2 255 153 174 51 72 130 229 42 211 255 88 61
    97 124 169 193 5 156 190 15 154 255 39 143 171 32 19 53 49 211 255
    193 30 255 38 102 179 226 45 255 255 56 123 209 233 255 132 159 80
    251 56 232 101 103 155 82 13 220 163 211 102 102 26 253 102 66 103
    172 26 70 25 185 115 18 129 169 114 152 140 202 69 13 70 58 178 38
    250 97 238 255 88 161 53 192 93 4 37 218 172 24 89 69 164 141 18 11
    235 144 70 185 242 164 132 162 220 202 106 144 86 146 89 224 67 244
    162 16 241 232 129 8 255 147 164 255 250 255 255 219 255 133 98 31
    33 15 192 204 47 195 229 171 79 204 84 74 186 253 255 120 10 255 11
    233 122 16 104 136 108 242 255 89 96 81 255 198 220 101 255 102 129
    219 220 232 100 13 181 190 209 233 161 112 206 215 10 105 206 38 99
    245 255 194 237 211 27 188 75 236 250 13 68 228 255 255 63 239 190
    191 14 235 208 24 238 87 199 123 75 27 11 52 137 188 248 214 38 123
    255 109 153 216 184 197 36 26 169 139 230 119 255 8 255 252 91 13 56
    87 66 171 231 97 116 26 63 215 71 77 202 54 65 89 2 255 255 74 12 6
    17 41 255 248 3 255 43 102 204 14 120 117 152 141 98 176 55 213 61
    205 206 4 195 111 192 255 53 62 43 73 241 124 248 1 98 255 194 47
    201 222 255 104 255 171 154 195 179 249 169 96 255 31 15 118 80 220
    168 211 116 168 205 202 43 197 233 113 1 169 220 177 175 227 233 196
    255 56 130 52 47 138 225 6 208 33 212 54 255 77 73 34 95 90 224 73
    151 129 92 255 255 114 199 249 123 19 255 255 231 227 255 209 70 28
    25 11 9 147 9 2 254 151 85 129 199 201 166 113 231 155 193 87 255 73
    69 96 255 14 96 255 129 213 74 164 96 204 185 204 15 147 87 135 78
    122 196 200 212 246 107 41 190 216 62 160 182 215 155 66 55 116 168
    106 57 254 186 123 96 243 169 240 211 38 34 255 23 208 255 255 217 0
    201 153 217 255 99 120 93 186 225 244 94 255 23 172 118 38 54 24 206
    254 255 227 60 42 34 247 72 79 210 74 209 28 105 219 66 202 179 164
    19 144 0 255 255 185 255 255 93 61 126 36 255 66 197 225 225 241 131
    196 176 208 111 226 6 255 123 104 43 101 230 255 140 57 255 51 30
    255 112 170 229 236 31 255 138 34 247 124 194 76 179 141 207 185 162
    42 68 127 135 25 255 8 123 88 239 216 5 14 7 158 255 63 58 255 48
    198 255 72 55 255 163 216 255 207 253 215 250 189 141 188 237 255
    100 255 94 41 14 157 254 193 255 47 110 69 100 188 200 187 102 140
    95 99 255 74 223 255 37 54 20 109 37 158 251 105 47 121 186 242 42
    86 241 87 146 255 37 187 255 48 223 5 120 179 255 248 226 255 133
    116 78 48 255 34 176 38 172 65 143 255 135 91 60 19 250 255 4 254
    188 209 32 253 61 62 20 84 52 255 137 185 81 106 181 241 64 35 252
    26 79 255 138 170 255 97 90 89 79 23 163 214 190 172 206 79 149 189
    146 255 42 255 255 238 145 87 17 132 146 202 74 199 132 71 56 149
    255 192 255 199 61 63 84 220 117 174 163 10 255 116 123 79 255 69
    109 144 245 31 130 249 210 255 27 77 255 190 242 197 41 204 255 4
    170 249 36 255 206 116 252 247 240 32 227 170 63 171 139 118 131 39
    105 248 181 2 255 255 201 150 74 33 253 66 237 62 130 116 186 191 32
    255 143 222 103 249 43 10 241 100 255 11 34 219 228 57 151 162 163
    23 11 73 192 130 216 115 255 229 62 178 3 52 71 63 163 48 83 103 116
    5 255 184 228 11 253 0 15 122 10 33 247 253 163 28 2 29 160 196 255
    99 11 13 141 136 33 209 194 223 247 4 176 183 146 31 203 201 255 192
    209 255 198 134 162 91 94 101 84 159 141 245 20 255 90 167 187 99 76
    92 111 86 182 251 70 56 233 156 252 70 28 252 255 146 135 251 101
    255 205 98 190 231 215 112 92 226 62 98 241 255 10 82 73 110 14 52
    167 127 255 50 101 216 235 139 137 198 90 168 11 255 28 180 255 158
    202 226 185 208 147 202 238 136 200 238 238 33 10 149 248 185 237
    255 246 156 59 166 216 10 238 185 83 161 35 137 15 242 200 214 23
    173 134 122 79 78 56 244 212 146 150 198 13 32 233 79 149 96 22 218
    85 75 255 249 255 50 214 148 137 224 142 27 23 70 93 34 165 20 84 11
    255 5 131 255 28 213 255 44 152 251 93 76 107 163 49 255 94 61 45
    240 43 230 25 210 255 174 9 123 79 98 255 89 69 118 205 130 24 82
    232 255 136 213 129 110 228 255 19 56 134 22 69 130 56 188 38 255 48
    41 107 82 85 87 47 255 128 3 164 14 194 238 114 98 122 71 73 204 255
    202 127 223 179 107 255 196 255 248 38 255 73 3 223 169 54 167 214
    133 43 76 227 224 75 255 255 5 18 92 45 34 191 119 134 71 206 103
    104 94 117 155 240 70 71 27 209 249 0 75 132 187 79 159 252 83 239
    149 226 215 79 154 214 228 200 5 102 71 52 146 128 220 255 198 108
    125 42 144 30 43 123 91 54 11 46 104 172 120 86 255 163 120 88 69
    181 255 86 30 125 86 171 45 32 139 216 86 2 64 205 29 34 99 181 167
    140 26 255 246 202 158 105 69 235 181 57 29 189 170 80 235 152 255
    243 244 17 98 175 255 2 219 255 147 83 204 220 162 17 82 228 255 98
    196 255 31 6 85 6 84 207 24 167 255 5 95 255 247 193 71 185 14 99
    178 191 106 237 244 101 237 54 160 73 22 104 252 79 132 174 123 17
    153 222 41 226 89 255 36 125 14 178 41 219 231 133 193 165 131 137
    152 175 199 109 123 36 67 218 255 225 0 185 60 143 255 131 196 255
    189 9 24 33 229 149 231 10 255 94 203 159 255 229 242 192 16 255 241
    84 103 101 148 255 233 112 159 59 47 11 182 87 10 228 255 191 167
    118 5 245 241 255 189 179 177 241 212 120 29 55 46 135 212 3 255 28
    25 90 140 118 48 1 149 191 119 81 6 171 80 57 104 232 252 255 255
    253 114 20 67 79 174 193 125 92 96 117 18 167 24 255 202 39 89 211
    22 255 216 242 255 154 80 59 214 138 255 182 152 5 124 146 213 18
    204 238 4 99 221 128 183 246 116 124 50 159 16 176 79 240 255 22 170
    131 217 205 74 151 114 238 37 124 70 251 225 218 11 214 92 195 75
    255 37 206 255 119 88 255 19 43 20 134 102 255 184 88 17 255 126 177
    136 254 204 201 41 115 255 116 237 215 216 255 98 142 90 138 228 237
    187 65 94 85 197 237 159 255 218 28 10 255 224 134 155 135 162 135
    186 175 13 75 250 127 237 14 43 215 236 108 111 255 43 20 39 150 139
    190 130 29 87 185 255 219 129 138 61 255 52 248 15 180 208 187 76
    255 80 136 96 255 178 61 123 221 61 255 244 145 255 124 94 164 254
    87 162 141 29 255 237 162 64 180 112 192 118 132 89 209 155 134 32
    138 11 182 191 126 245 118 241 6 77 197 148 242 158 24 241 255 167
    239 24 243 30 255 204 125 143 137 143 167 124 10 255 15 198 95 226
    126 251 36 110 61 232 70 62 63 59 115 255 234 118 111 114 173 97 255
    164 155 175 237 61 9 84 6 163 140 5 193 188 165 125 190 137 4 255 3
    72 255 250 19 115 227 155 255 155 84 73 206 51 233 168 124 118 182
    255 134 167 18 65 37 168 221 254 237 115 90 156 31 31 255 155 117 27
    5 111 47 78 211 255 125 167 52 255 46 123 145 71 122 146 67 177 238
    128 224 151 30 128 255 76 189 162 30 45 255 220 131 83 174 105 27
    102 81 80 89 120 229 128 103 255 209 219 145 238 97 183 225 108 173
    59 254 255 57 165 112 48 17 255 95 251 255 92 60 249 133 246 94 243
    206 80 55 80 41 217 66 19 221 127 239 255 255 255 4 159 37 200 209
    78 112 19 61 110 39 17 60 33 252 13 47 255 156 18 216 1 69 13 43 74
    10 85 255 32 26 39 221 33 43 120 16 226 9 251 149 62 143 255 230 186
    133 207 38 45 144 236 128 255 29 130 255 55 26 177 236 190 185 31
    231 78 255 213 131 72 77 178 198 55 255 10 186 255 55 105 255 180 72
    117 168 255 18 15 53 200 39 90 233 25 255 11 64 2 224 21 0 209 107
    153 158 9 136 225 18 4 64 180 147 253 221 57 71 231 35 155 115 216
    255 203 51 148 243 117 255 251 144 15 207 216 255 211 57 90 57 200
    121 170 117 93 91 214 135 55 15 255 233 255 195 87 167 70 32 102 66
    255 255 255 101 240 33 214 186 207 245 71 39 30 255 0 109 0 27 153
    63 45 126 187 123 189 146 13 62 41 177 145 202 115 255 238 197 160
    59 48 255 169 255 211 232 78 255 137 255 53 115 224 208 255 218 54
    196 67 255 63 255 31 102 145 184 251 255 149 104 214 94 196 122 225
    39 43 194 141 60 73 52 71 182 233 107 44 112 153 214 223 64 161 63
    38 148 237 251 107 80 246 75 133 1 78 127 206 73 157 127 255 98 197
    70 59 13 115 229 211 244 94 255 7 212 197 145 172 106 9 241 151 163
    126 151 168 175 207 209 6 55 36 223 209 54 3 151 168 238 228 134 32
    160 204 149 255 170 163 210 175 118 149 249 255 252 15 101 255 86 13
    195 253 198 191 43 6 210 100 122 190 20 110 125 89 23 56 244 131 255
    82 33 159 45 210 255 70 76 183 80 255 193 203 62 14 247 210 255 59
    148 202 168 51 81 89 38 172 68 123 93 27 28 94 25 8 255 162 136 62
    255 255 223 197 255 223 244 190 126 137 47 153 185 234 141 220 176
    255 8 60 66 156 239 25 155 111 172 52 47 24 1 77 255 119 77 248 255
    109 218 204 165 117 205 236 214 73 241 87 164 101 176 105 116 238
    112 20 255 6 210 178 223 10 5 21 105 176 234 175 29 46 224 98 164
    197 246 78 49 255 178 123 213 112 202 36 143 182 92 186 34 81 255
    168 111 111 102 244 22 18 159 122 204 255 54 63 66 72 95 29 228 185
    136 181 85 113 90 62 41 77 143 255 157 100 103 103 127 255 82 138
    234 23 255 56 126 69 255 84 125 255 96 63 145 221 10 190 215 35 252
    85 255 131 8 72 246 101 101 24 68 54 255 142 255 106 27 186 182 61
    173 151 98 255 255 165 99 230 160 126 188 4 255 127 213 119 255 7 2
    191 202 38 141 74 184 46 34 29 99 245 227 255 59 39 127 147 74 255
    29 59 42 225 208 255 123 199 107 98 193 172 167 83 1 255 74 88 9 190
    0 85 197 103 235 255 51 184 255 205 62 205 38 26 224 60 202 193 216
    83 160 29 11 141 255 169 130 255 32 77 79 237 206 255 208 157 199
    183 214 255 255 72 143 255 210 255 28 255 255 134 73 47 106 63 45
    203 48 255 90 223 23 79 194 43 199 143 255 5 252 255 171 141 255 118
    141 255 31 75 218 16 171 242 160 14 115 197 12 255 73 129 206 3 255
    255 124 94 244 180 197 255 122 194 15 60 222 47 86 194 20 154 232
    255 60 44 42 18 145 39 48 199 255 214 227 219 132 53 85 23 129 207
    97 206 255 106 255 93 170 182 18 213 55 140 10 158 255 202 124 24 0
    27 149 204 229 255 27 40 255 142 101 235 21 254 255 231 124 141 50
    22 36 87 136 62 212 255 176 117 186 28 245 190 108 82 171 24 194 208
    255 178 255 221 85 180 242 221 49 85 197 84 235 143 255 252 26 219 0
    226 144 181 19 255 233 171 76 109 117 32 89 216 255 87 198 145 150
    80 28 204 134 171 211 84 125 255 252 122 83 208 187 136 205 117 121
    62 98 20 223 142 112 255 169 255 27 29 146 96 146 255 83 255 215 135
    115 122 148 171 255 235 252 53 136 188 28 66 99 97 98 145 197 42 9
    255 161 109 141 246 141 41 138 96 14 38 76 127 20 227 74 78 255 109
    225 114 218 38 146 145 67 172 60 55 230 83 172 100 255 169 42 92 177
    161 255 107 22 164 100 186 246 56 123 202 109 53 84 133 247 88 241
    22 121 83 19 244 114 16 19 61 57 158 110 234 61 99 138 10 169 151
    141 194 116 197 228 255 10 17 3 37 177 232 127 255 30 255 119 255 18
    123 30 85 249 184 53 48 174 255 214 118 80 229 33 178 24 240 255 52
    95 53 175 29 87 83 0 192 137 49 70 135 110 53 216 85 200 147 245 255
    17 193 234 84 255 255 209 23 248 206 255 148 183 60 11 193 43 20 201
    197 107 227 6 255 76 146 55 255 35 255 155 240 117 250 48 122 164
    148 255 106 145 144 164 222 5 243 0 20 218 80 33 195 95 191 244 114
    251 187 98 151 50 255 83 164 212 197 193 119 75 29 128 255 28 108
    140 200 116 255 8 233 137 14 61 94 111 151 149 190 247 39 255 29 172
    65 112 255 18 18 190 31 106 99 107 92 255 87 90 81 192 181 117 203
    33 120 141 120 213 147 217 219 147 31 255 39 118 224 211 41 255 172
    255 6 111 158 41 124 251 14 44 66 4 167 29 244 178 79 3 188 212 255
    187 126 85 121 255 148 166 253 31 182 255 160 168 246 229 220 255
    118 171 40 146 187 233 255 151 9 229 228 174 6 245 202 176 114 73 10
    141 35 61 39 118 255 22 35 3 243 125 65 230 54 255 100 8 19 93 44
    148 151 255 255 0 4 255 138 201 115 244 70 255 69 38 255 21 179 162
    0 12 137 7 113 255 68 72 71 102 116 95 113 3 71 143 60 186 61 213
    121 162 186 47 124 173 153 167 128 255 255 20 255 255 162 20 90 179
    43 75 24 34 250 144 140 255 48 255 155 143 34 97 145 227 178 133 154
    239 59 255 244 255 192 74 70 116 250 124 211 178 16 255 171 122 255
    52 206 22 15 214 246 251 0 253 54 255 215 28 133 255 63 76 255 47 40
    179 48 246 255 39 9 230 151 154 27 118 98 4 93 74 224 55 228 176 230
    154 199 123 147 211 137 63 43 140 76 126 22 182 242 189 212 193 73
    44 237 228 153 13 162 23 255 221 51 255 103 95 187 246 54 43 97 167
    255 198 167 255 246 217 238 16 220 104 216 174 255 88 227 183 23 71
    255 212 35 220 177 215 50 174 97 255 168 173 255 135 1 78 14 144 190
    201 109 255 9 44 36 238 34 80 40 116 60 161 255 134 65 8 255 86 195
    78 208 14 169 214 157 140 90 244 98 151 99 238 92 119 255 21 137 144
    166 152 218 149 155 75 176 73 202 208 99 144 234 71 172 193 226 60
    53 122 17 14 23 41 61 42 255 167 138 97 255 123 56 199 174 255 179
    148 66 180 255 41 77 162 174 92 115 202 16 196 255 218 123 122 62
    197 255 184 46 28 68 46 62 85 48 209 38 243 55 147 200 99 62 174 246
    125 118 120 44 255 255 189 94 135 249 188 83 46 46 69 78 108 130 90
    105 51 206 141 199 16 60 193 190 154 129 24 253 255 251 122 145 4
    142 41 212 255 136 76 84 255 116 110 102 11 87 112 18 17 183 123 202
    188 178 27 75 115 115 47 80 200 75 103 195 127 164 153 207 96 238
    255 223 120 255 68 199 255 114 214 163 233 16 20 4 11 255 139 218 94
    227 232 249 25 70 23 129 255 206 181 242 239 71 120 255 66 131 24 21
    140 153 48 77 22 220 241 149 205 184 64 255 24 159 253 10 97 248 225
    69 180 9 103 102 129 255 1 40 22 53 172 255 142 129 24 126 234 126
    255 131 255 11 179 255 82 226 255 46 128 53 158 34 253 2 56 206 192
    158 221 9 118 154 138 29 36 214 162 255 255 255 255 75 213 47 224
    185 255 125 87 255 38 253 45 62 196 90 39 238 202 166 89 78 110 163
    186 236 11 246 255 255 249 139 159 206 42 97 255 146 165 41 70 10 69
    210 165 31 212 17 29 79 59 75 55 213 172 205 82 153 112 145 139 75 0
    255 169 171 52 75 53 131 224 255 234 45 87 136 188 255 255 133 242
    108 252 43 57 141 18 168 49 169 239 254 53 255 210 47 255 255 255 18
    65 165 246 6 199 235 165 255 255 4 28 255 193 123 255 105 2 135 116
    185 153 54 186 74 137 23 255 23 75 255 124 171 255 161 91 69 138 20
    84 9 74 62 80 219 144 244 6 255 47 51 153 193 112 255 148 202 31 247
    168 3 255 181 60 228 62 34 2 177 36 184 127 255 221 166 209 195 156
    127 37 120 246 247 252 255 15 255 255 123 92 160 53 143 66 216 110
    255 166 18 36 89 94 90 246 133 99 186 198 8 103 255 162 161 180 238
    129 157 94 41 88 38 214 79 215 231 4 83 1 255 20 255 33 52 154 63
    130 129 229 106 23 159 255 63 102 255 78 197 148 148 82 255 233 112
    255 132 255 78 41 160 191 198 136 73 60 99 255 211 88 215 166 4 173
    96 157 255 113 6 148 34 5 149 255 42 255 49 173 134 29 255 55 24 12
    218 117 138 225 67 199 137 7 255 117 204 163 113 119 25 3 181 255 56
    23 31 255 37 223 232 95 37 28 187 255 150 218 236 139 168 41 3 20
    222 255 46 128 115 178 19 225 29 133 104 186 60 196 218 55 230 198
    145 255 26 80 149 83 41 255 129 232 255 147 255 129 65 101 187 214
    197 176 96 182 79 228 176 195 26 24 107 44 113 89 255 112 188 78 234
    229 253 182 255 228 98 155 97 182 32 22 194 255 9 255 188 84 136 139
    139 94 255 75 194 107 255 11 62 249 171 164 85 115 23 10 115 177 228
    243 186 43 152 123 83 255 163 248 230 50 27 44 173 16 111 239 65 197
    116 252 197 202 107 211 199 165 236 255 15 157 247 112 84 102 194
    217 36 126 6 229 45 68 185 62 68 255 68 104 145 65 38 255 3 134 255
    17 8 255 255 161 47 70 25 25 112 137 121 192 199 255 218 60 160 98
    71 255 92 218 78 214 143 255 78 11 255 48 160 52 181 194 36 133 245
    252 237 76 57 60 51 64 80 26 242 42 119 255 116 239 136 45 85 116 1
    153 255 97 251 76 232 174 235 255 177 120 250 219 116 115 223 209
    116 37 255 199 14 9 129 129 196 129 234 108 197 109 20 243 17 192
    134 245 255 115 114 67 84 196 55 131 140 127 186 99 255 143 57 246
    235 214 137 142 76 171 73 79 255 230 123 155 95 231 92 53 68 64 70
    217 255 157 80 155 255 102 11 187 157 255 158 244 81 145 60 228 209
    209 165 255 255 33 119 251 108 33 54 52 224 130 246 47 255 89 76 16
    255 73 255 255 221 9 160 255 84 137 38 229 255 139 145 182 19 161 22
    3 102 211 89 229 197 8 11 144 224 19 241 100 247 65 254 74 61 24 255
    238 17 108 136 245 166 255 30 144 23 130 4 207 124 255 207 155 3 129
    125 3 230 201 176 6 240 3 255 190 109 32 68 218 33 109 151 255 72
    141 78 235 80 255 190 167 109 34 104 5 157 86 255 224 206 108 217
    162 53 86 245 134 191 238 79 245 247 255 245 194 255 53 177 71 169
    215 108 171 39 179 197 32 149 61 45 113 159 219 255 176 125 247 143
    40 255 60 239 197 221 94 104 53 89 255 67 126 144 163 51 67 226 197
    255 240 77 1 141 231 11 218 100 185 53 219 233 250 226 187 177 179
    255 105 255 255 89 197 146 126 5 160 255 203 85 7 112 145 26 255 186
    29 241 214 190 246 53 185 75 90 16 255 118 74 52 255 194 126 239 227
    22 186 56 103 145 247 188 3 166 2 216 33 166 221 103 195 9 43 255
    255 32 217 121 162 215 22 117 212 98 82 39 249 52 80 34 84 172 255
    70 33 255 229 236 255 9 255 190 136 5 255 174 162 59 165 136 50 75
    58 162 153 134 131 255 47 146 238 171 230 206 30 165 193 170 56 217
    47 255 220 43 0 30 102 0 51 133 168 23 154 10 166 40 69 148 151 225
    24 225 83 199 255 60 70 81 252 251 255 255 222 191 164 89 186 255 82
    210 255 48 100 117 222 52 255 255 130 10 64 206 229 203 219 118 169
    255 1 232 172 206 255 255 237 20 40 61 189 227 186 44 255 33 224 18
    10 69 242 255 255 138 195 90 37 66 252 94 186 89 255 255 157 67 186
    185 59 197 131 255 151 255 181 204 255 57 56 68 91 255 243 165 234
    250 106 214 234 44 45 14 198 249 255 14 160 42 255 201 230 184 172
    103 252 255 4 103 171 42 92 255 165 243 39 162 63 1 212 2 229 43 97
    215 70 162 213 34 199 31 202 246 8 52 73 25 158 61 92 42 255 235 241
    9 255 176 14 3 152 142 9 13 146 255 62 131 78 213 250 132 3 255 201
    252 233 61 11 72 149 170 9 33 157 19 116 48 112 178 241 3 135 109
    244 56 175 96 43 25 1 163 170 66 221 170 147 64 236 91 87 74 225 196
    135 130 244 191 130 229 101 18 255 213 157 255 136 35 255 11 17 255
    194 245 179 89 54 255 117 169 179 102 246 164 176 185 144 60 203 29
    138 255 255 96 153 192 151 11 207 2 65 176 229 227 234 53 98 107 24
    86 93 92 23 85 79 30 197 166 193 255 202 16 106 226 1 255 121 48 141
    255 91 28 15 95 122 254 245 221 246 22 24 160 255 255 70 227 232 190
    1 201 28 140 123 244 167 99 255 163 123 69 206 103 124 103 132 114
    246 90 252 255 132 153 19 151 20 81 182 166 255 15 221 255 18 68 217
    238 14 142 238 19 255 200 185 13 255 55 132 153 146 133 23 144 167
    64 46 75 220 3 91 255 215 65 118 80 59 207 185 148 255 32 169 255
    209 196 178 66 255 255 105 126 55 46 222 25 73 27 181 137 85 255 193
    55 141 45 57 31 243 153 113 247 161 255 88 241 252 85 254 116 148
    127 38 205 133 78 32 145 20 114 190 116 41 46 24 13 87 115 254 173
    116 110 20 57 158 42 255 255 48 255 160 27 255 62 92 60 167 1 255 31
    248 64 249 32 131 203 220 243 246 230 181 214 95 31 139 148 103 68
    166 255 24 30 177 194 96 171 154 41 31 165 141 177 85 254 192 174
    187 196 145 113 185 202 175 120 187 2 93 141 116 130 192 255 45 255
    158 43 233 54 14 254 194 50 139 139 31 50 147 201 74 61 150 220 126
    255 255 114 187 101 202 148 74 52 1 63 226 241 103 250 155 169 46 9
    28 190 255 54 255 131 57 57 78 122 196 176 87 5 27 33 105 132 218
    171 186 75 213 255 49 201 233 79 49 56 99 161 9 134 142 131 179 38
    74 38 100 167 141 199 165 103 30 69 123 103 160 59 255 97 201 91 228
    122 169 137 4 95 255 222 255 135 19 174 11 224 15 5 51 224 237 240
    132 149 214 255 235 69 129 50 65 11 87 169 255 211 40 105 228 70 203
    22 50 169 255 86 247 144 223 255 255 22 77 225 200 40 155 8 255 20
    76 154 255 188 110 32 147 48 174 221 227 29 82 58 255 212 87 127 255
    160 168 62 28 223 199 61 255 19 76 163 83 255 131 226 152 255 39 80
    139 186 255 169 133 24 144 51 232 28 76 203 61 59 217 233 59 118 255
    113 134 120 152 198 143 133 185 60 24 225 182 34 69 255 97 232 140
    31 98 84 158 92 69 187 130 155 30 236 102 158 20 255 212 181 145 28
    5 76 17 158 179 40 190 241 144 47 45 148 198 224 135 143 255 87 143
    210 152 11 255 94 239 205 122 39 255 101 255 50 32 127 145 101 248
    255 148 88 104 7 219 218 129 255 11 44 157 48 67 130 123 1 32 206
    227 201 50 188 252 150 215 127 193 63 92 38 244 158 135 39 210 255
    31 251 197 76 55 39 33 140 219 54 69 255 50 251 126 158 188 255 110
    76 255 255 59 201 29 120 255 119 79 193 138 101 205 255 120 195 3
    255 125 49 5 148 229 174 8 24 171 255 170 38 169 174 102 149 131 123
    137 142 40 174 24 255 255 134 97 6 255 58 169 79 28 248 111 25 221
    180 60 225 36 71 169 255 32 168 0 77 237 101 101 177 64 20 24 121 55
    92 92 73 75 204 131 137 111 244 28 46 124 215 31 175 159 48 215 163
    184 68 241 159 255 117 57 224 104 107 255 11 126 246 193 47 89 221
    48 175 255 84 242 255 155 229 75 61 61 87 56 62 126 24 0 159 223 49
    255 213 98 78 92 136 118 164 61 29 179 241 165 130 80 153 160 140
    255 249 127 69 255 229 87 26 120 188 8 206 120 14 222 255 233 201
    185 55 253 19 189 173 251 252 1 37 63 19 255 224 71 255 155 167 251
    187 160 89 255 14 234 86 240 255 87 125 172 253 225 70 115 181 5 74
    140 106 138 219 255 168 88 255 57 170 173 227 90 249 67 120 108 97
    19 255 235 14 190 78 103 92 80 246 38 17 255 255 3 241 75 255 76 71
    90 255 33 30 55 154 75 59 191 207 130 172 132 182 24 208 187 255 185
    183 255 66 43 24 19 255 61 238 240 163 3 42 88 60 37 159 133 255 95
    55 75 255 13 101 244 224 37 174 101 142 255 8 126 126 177 189 165
    254 127 84 122 171 38 34 126 53 28 255 127 206 106 50 25 104 131 138
    255 155 184 122 83 25 243 255 17 55 148 10 96 139 192 57 191 226 145
    191 255 118 23 62 15 255 238 180 139 115 14 255 255 229 255 14 201
    120 232 185 101 102 215 87 122 169 255 148 201 178 157 14 38 121 252
    25 217 95 202 46 111 69 10 220 174 99 15 97 238 102 17 143 115 219
    124 79 126 1 161 246 206 127 0 26 233 23 41 255 104 78 127 220 82
    125 204 114 65 83 174 47 255 89 218 205 140 255 15 255 26 160 190
    175 118 51 126 56 9 60 101 246 58 67 24 139 255 255 255 102 113 109
    229 5 0 28 94 241 255 7 154 11 212 118 255 175 119 247 98 183 255
    232 255 102 80 255 255 101 137 101 176 171 255 166 124 94 149 160
    255 233 188 191 99 6 209 11 30 220 99 15 45 99 237 107 46 137 255
    243 139 255 252 218 28 200 214 255 224 226 255 115 173 227 143 176 3
    123 166 8 179 142 233 158 156 188 255 61 14 61 234 255 56 214 255
    252 44 88 132 251 237 45 89 197 180 213 115 17 176 99 87 233 174 129
    243 255 29 88 25 130 31 179 161 0 223 36 18 27 216 247 238 138 14
    255 255 71 227 201 3 66 228 22 134 159 65 206 68 29 120 20 238 23
    143 120 224 43 225 69 112 95 238 56 68 10 0 58 129 194 211 126 223
    203 255 238 247 22 120 33 219 49 19 255 145 175 255 169 160 90 250
    57 160 170 201 70 5 74 255 64 87 66 163 6 135 10 71 79 220 98 33 66
    173 61 158 255 45 86 144 255 160 10 6 54 30 75 247 125 247 239 115
    255 55 219 61 148 141 38 56 217 255 88 10 255 191 255 255 109 39 255
    93 210 159 69 84 115 37 88 255 255 255 255 162 255 8 187 148 53 255
    248 27 33 185 155 160 69 78 126 241 255 255 0 101 27 253 10 218 210
    244 73 255 141 90 0 25 101 158 196 171 95 178 79 143 255 3 148 71
    178 97 242 164 79 255 42 255 179 146 26 46 251 111 164 11 149 192 84
    195 135 236 31 79 248 220 206 20 255 8 148 63 255 80 84 55 192 255
    235 113 212 223 11 75 94 41 95 249 38 225 251 101 33 34 231 111 106
    238 155 207 29 255 32 110 60 255 159 130 255 194 255 39 255 155 216
    67 44 252 209 180 5 226 74 255 118 8 255 253 182 130 82 16 255 247
    255 255 70 19 23 165 22 255 226 98 24 213 250 255 55 61 246 227 215
    255 143 113 9 117 188 3 229 247 78 187 81 107 51 253 47 172 218 111
    63 215 255 148 113 14 77 233 32 74 223 61 85 255 146 161 255 255 159
    38 41 241 104 255 187 116 195 7 183 112 97 185 209 191 38 120 255
    193 255 55 177 97 25 244 127 139 131 57 255 179 64 192 245 228 44 31
    132 234 255 160 33 158 98 138 142 234 246 234 255 43 95 160 6 255 81
    141 126 151 33 69 111 85 114 102 247 41 66 213 80 225 39 180 140 167
    72 64 255 194 255 211 106 255 101 214 165 51 243 11 198 105 103 197
    229 168 122 71 255 7 255 255 232 82 98 125 255 255 67 92 145 128 169
    255 17 43 65 52 24 255 202 3 223 97 133 167 255 25 255 222 41 65 70
    194 90 26 30 76 161 48 48 240 185 143 84 108 107 237 60 81 10 35 27
    55 127 55 91 84 115 252 199 255 100 20 233 155 87 31 108 89 171 120
    158 46 115 236 93 2 179 3 75 97 38 111 250 255 102 237 14 233 203
    118 39 81 29 125 141 127 255 106 34 237 94 255 193 174 255 199 110
    255 234 20 87 41 159 246 44 162 255 124 8 196 90 166 15 43 5 215 188
    97 225 243 125 0 54 3 23 82 110 196 48 49 235 68 92 255 36 190 31 63
    118 209 254 89 73 204 124 246 255 132 148 241 255 79 33 193 31 182
    228 255 49 185 78 3 222 90 172 233 92 4 17 216 66 4 18 124 95 50 162
    217 19 167 104 97 71 144 255 113 80 9 122 247 28 107 48 50 235 255
    46 106 4 255 212 244 255 55 136 19 169 255 23 255 142 48 184 116 255
    149 184 220 19 255 125 67 125 163 42 194 126 177 66 255 255 204 255
    113 34 29 188 102 39 46 146 158 255 239 255 207 0 67 116 61 101 171
    174 14 5 254 9 143 246 192 25 106 179 25 255 39 13 233 216 28 191
    201 142 85 255 105 94 174 207 139 120 158 51 101 210 200 121 80 230
    239 60 8 255 7 255 223 253 83 78 28 171 136 198 15 113 221 154 145
    14 227 177 101 255 255 98 233 81 217 255 255 48 195 255 255 127 94
    43 237 70 244 214 47 166 245 8 78 255 141 119 9 238 255 155 255 50
    39 199 108 39 255 82 167 255 53 61 169 177 41 70 247 156 87 236 80
    24 179 27 216 220 211 146 96 15 255 70 247 154 76 46 255 135 120 56
    216 23 89 9 193 255 54 146 255 102 255 242 204 53 255 177 139 164 66
    86 145 238 255 56 157 110 242 8 159 135 164 193 130 3 73 172 122 151
    80 245 255 36 204 40 205 195 146 162 252 255 45 39 46 255 28 161 60
    190 113 48 128 109 232 84 37 20 171 255 242 122 77 197 251 16 17 24
    96 25 85 255 15 154 80 94 114 253 191 130 222 255 214 11 149 158 88
    107 93 106 22 238 40 61 206 170 65 135 161 4 157 29 116 39 124 252
    165 222 28 197 129 255 30 228 74 172 255 255 76 90 162 21 82 149 69
    77 255 106 10 118 158 201 106 148 3 185 226 203 167 48 81 97 91 77
    84 33 131 62 255 72 207 83 4 255 248 138 255 9 177 253 142 142 255
    201 228 27 229 43 19 74 51 255 121 255 206 115 255 172 33 44 255 42
    248 33 79 209 32 201 233 187 250 1 117 56 60 18 142 74 239 214 84 93
    134 209 107 95 16 192 30 134 65 114 228 123 4 174 131 193 18 255 147
    119 255 199 89 90 140 123 213 208 88 27 255 225 193 51 210 255 32 2
    255 110 40 167 254 61 121 13 255 255 27 130 255 53 120 199 192 81
    255 161 162 177 63 71 14 145 223 71 49 203 255 161 161 224 255 19
    129 121 12 88 148 60 232 183 229 102 237 19 255 149 255 177 228 151
    6 87 215 143 11 212 243 182 216 255 204 154 174 48 190 8 121 58 14
    133 222 93 142 27 230 231 208 255 255 1 200 17 104 255 166 237 253
    114 77 207 29 232 64 5 120 255 210 217 83 135 33 0 50 255 255 195
    245 211 255 255 87 76 103 61 211 12 31 255 76 255 31 255 134 255 152
    38 1 171 179 172 65 235 239 123 90 167 251 215 54 196 255 171 145
    202 3 53 178 3 16 255 231 254 255 78 245 137 228 129 13 167 108 48
    103 176 154 252 143 225 245 255 255 255 195 1 207 101 179 255 255 1
    149 154 9 177 168 143 250 108 136 241 55 5 66 101 238 60 13 120 92
    255 69 32 209 229 132 57 255 13 238 204 228 76 116 13 174 27 255 71
    59 255 38 60 53 91 255 102 114 188 124 38 255 255 255 69 28 105 255
    167 97 0 179 155 4 6 255 215 136 240 11 131 191 117 169 79 92 255 67
    126 15 49 247 26 240 255 21 102 25 195 246 98 41 202 144 176 117 88
    91 255 223 201 116 160 251 138 255 229 196 164 36 157 111 134 138 38
    23 74 251 80 169 79 111 208 225 139 114 143 145 133 255 183 179 210
    44 130 255 239 61 153 117 102 255 63 224 255 255 20 255 137 169 51
    238 175 118 218 44 73 142 206 134 171 148 253 130 183 174 85 119 107
    86 71 255 207 69 15 239 227 195 103 90 202 50 114 255 103 212 255
    216 137 209 249 253 47 130 222 255 215 209 255 47 206 85 75 245 255
    78 233 230 122 217 167 245 255 223 154 255 81 61 255 55 180 106 66
    189 255 179 156 181 116 62 65 66 33 37 59 197 215 255 140 216 8 145
    31 255 72 116 255 37 255 146 120 230 255 5 104 13 61 131 214 97 228
    248 49 32 125 9 162 186 255 2 255 132 181 206 136 103 122 111 116
    178 216 200 190 255 39 47 54 136 255 255 119 11 31 143 179 93 99 202
    144 23 8 20 144 42 17 189 255 195 4 81 34 85 255 159 84 94 203 91 93
    18 216 255 221 98 216 49 252 255 212 173 150 235 117 255 118 255 135
    231 173 255 24 133 255 234 255 66 80 255 47 201 226 230 230 233 187
    175 255 251 129 41 223 175 53 60 252 181 55 255 91 191 29 255 218
    193 185 103 13 67 5 80 122 200 84 234 117 7 145 67 111 4 151 19 58
    74 93 199 255 6 53 148 59 116 234 92 223 47 136 29 206 41 187 187
    167 24 219 244 174 11 15 222 255 158 202 218 124 46 233 229 205 255
    209 12 211 30 4 90 192 255 255 138 109 17 140 41 228 46 42 255 230
    101 73 158 130 135 147 143 80 255 32 255 20 45 199 225 233 255 52
    123 27 93 26 227 157 71 101 19 14 95 123 203 196 73 165 90 34 226
    255 93 29 60 253 243 255 15 141 199 119 162 90 214 201 233 50 1 18
    181 10 11 255 182 255 66 112 29 207 181 73 110 96 255 252 231 255
    223 137 164 144 124 255 255 38 255 21 1 45 228 171 140 202 126 85
    195 255 157 252 211 14 211 132 118 45 233 213 172 11 59 207 229 53
    76 177 206 191 4 126 207 172 112 119 27 255 101 136 252 57 196 178
    87 253 255 255 152 213 151 145 190 102 141 4 49 47 125 17 9 17 239 5
    200 204 231 255 108 195 139 255 158 127 56 98 191 152 27 227 255 255
    215 88 242 36 110 72 182 204 204 220 136 126 207 125 189 223 80 120
    199 39 75 202 229 237 187 41 240 230 141 230 118 102 245 255 56 109
    255 116 240 255 246 145 167 120 98 117 21 75 93 220 253 255 118 143
    148 70 163 169 174 250 255 155 255 255 55 223 255 13 120 79 255 81
    255 241 6 140 68 75 70 239 133 255 4 1 60 107 166 65 103 23 33 109
    225 153 185 142 187 157 10 134 212 140 148 207 218 255 252 13 28 162
    241 244 246 32 233 246 4 199 103 124 237 118 182 155 255 120 87 249
    57 252 154 38 179 143 142 182 175 238 185 117 252 55 183 186 102 103
    157 145 255 142 76 183 68 92 246 180 255 53 155 6 124 184 32 192 172
    255 255 169 255 64 47 255 218 255 73 155 34 0 194 212 8 61 255 79
    167 201 255 9 52 195 43 255 158 98 82 255 190 245 242 61 111 255 190
    171 95 77 138 76 192 147 24 139 38 255 255 33 24 103 88 36 26 43 69
    234 51 19 64 246 243 200 67 223 236 72 255 52 227 74 225 200 199 143
    122 197 88 129 73 181 184 215 49 156 132 86 147 55 88 154 200 102
    206 255 125 163 89 64 17 122 20 91 134 134 72 61 226 125 206 168 32
    143 131 89 255 101 104 11 143 175 241 114 210 9 123 171 53 160 4 34
    240 13 123 218 255 192 155 219 255 101 43 25 63 219 69 160 236 94
    116 175 53 170 210 188 207 246 182 248 137 255 123 233 255 100 217
    122 98 15 41 198 211 255 213 205 205 1 255 29 62 95 255 87 120 137
    157 76 146 247 219 153 68 43 53 223 210 45 94 255 148 114 13 255 178
    125 81 3 112 159 212 114 66 97 53 159 244 88 107 186 255 52 26 47
    255 207 115 220 215 48 182 61 66 255 45 41 211 216 241 81 229 52 255
    141 38 146 53 215 45 76 255 153 5 222 255 151 190 120 194 244 43 3
    254 93 7 56 205 194 255 220 220 136 51 3 208 14 7 25 191 28 104 162
    237 168 229 191 211 171 29 5 52 138 167 255 41 253 74 20 170 75 253
    33 255 71 13 238 241 39 255 210 46 255 246 196 255 255 255 45 55 154
    25 162 33 32 32 201 255 75 255 43 92 254 255 100 14 215 152 210 99
    169 53 173 86 10 178 203 94 255 86 0 51 74 123 174 102 170 45 221 15
    255 10 126 140 118 63 19 188 119 246 134 120 107 220 208 0 236 79
    220 145 158 76 185 162 255 179 255 99 253 161 25 49 227 255 83 188
    244 152 123 118 87 217 29 131 216 41 57 175 33 8 166 255 130 52 255
    246 62 205 179 131 64 198 1 255 224 100 160 94 103 177 200 193 248
    105 209 239 84 113 255 249 166 34 255 254 62 96 22 8 168 117 103 44
    255 251 24 31 85 164 84 159 134 79 191 3 47 181 82 226 95 13 98 71
    94 181 229 237 174 174 255 161 255 111 136 169 227 89 235 66 237 232
    138 142 27 143 229 255 238 234 8 221 20 167 38 131 39 96 117 115 115
    55 255 255 119 255 91 117 34 217 65 73 100 214 172 143 127 255 142
    44 122 53 151 98 3 37 80 13 108 165 148 127 42 255 130 244 144 205
    210 113 92 213 41 246 239 70 215 61 231 138 162 3 113 190 135 119
    218 221 19 255 119 148 255 37 31 51 49 91 224 204 57 216 78 132 225
    112 160 15 33 133 196 190 59 29 30 129 18 13 199 204 178 222 255 220
    10 255 194 206 83 199 159 145 33 89 89 138 136 28 235 69 255 129 211
    220 155 255 27 21 115 191 166 60 255 143 58 220 124 208 221 97 200
    97 239 216 255 111 68 255 53 200 139 255 214 255 120 142 66 241 92
    255 121 56 14 66 217 255 136 231 255 17 234 238 85 49 218 218 228
    255 185 255 127 189 87 65 43 117 46 15 80 255 131 114 24 60 6 150
    101 255 83 233 74 215 236 2 251 134 217 36 154 139 255 255 126 69 18
    236 108 36 251 255 17 35 239 234 100 255 248 13 255 223 238 107 5
    230 5 145 231 67 129 37 229 94 97 17 228 13 111 77 216 209 255 255
    157 241 255 1 85 251 251 122 53 66 210 8 67 234 84 255 42 27 123 207
    155 50 244 23 209 111 59 3 158 242 3 192 193 143 177 29 140 255 189
    144 234 86 213 47 245 123 49 226 29 103 24 219 188 195 219 225 30 1
    50 255 19 157 92 116 89 241 255 117 92 42 244 29 255 119 168 61 255
    59 140 53 65 172 100 255 186 255 194 78 184 255 196 105 250 25 75
    224 90 145 152 93 92 82 255 121 180 112 234 206 136 154 122 108 238
    62 255 247 199 213 233 128 45 121 211 183 71 115 144 152 142 210 7
    100 81 107 228 243 191 51 255 39 189 255 139 158 71 34 175 150 201
    52 18 188 199 182 187 255 196 130 199 125 71 194 172 100 57 154 129
    237 144 159 95 255 138 237 8 21 208 169 107 124 196 124 177 37 124
    32 169 54 194 255 3 116 202 9 49 199 234 91 127 190 226 80 188 179
    211 17 74 17 44 203 209 205 247 255 211 186 255 123 212 221 255 127
    255 75 20 165 79 169 200 10 188 255 244 174 95 155 248 144 119 184
    255 206 46 107 31 9 209 247 42 53 147 15 99 61 244 67 68 219 237 252
    216 190 143 32 69 106 47 255 237 187 252 121 138 120 131 57 162 155
    49 88 15 168 120 132 173 248 154 206 207 226 161 83 201 89 172 226
    238 255 140 179 255 30 37 255 185 229 5 146 5 106 131 75 186 141 2 8
    65 170 255 74 194 31 105 33 66 130 109 215 198 193 75 247 58 120 165
    77 103 238 255 153 134 176 171 121 61 255 186 154 255 13 92 123 232
    175 34 98 250 232 125 33 6 252 219 9 72 23 255 223 174 255 101 173
    87 227 133 255 255 182 41 248 0 255 8 216 143 11 56 81 163 61 255
    189 226 255 156 71 81 188 131 1 220 133 255 31 162 104 152 103 95 51
    182 225 16 171 251 139 195 255 53 255 177 175 77 52 99 213 101 151
    240 29 65 136 112 49 131 129 183 80 51 159 8 28 248 225 131 73 14
    216 247 65 215 181 131 199 40 136 201 64 123 69 18 41 164 2 147 69
    200 23 255 225 193 255 27 34 132 101 3 123 70 20 172 251 94 255 76
    177 115 170 115 204 90 209 255 241 43 255 255 208 126 162 216 27 151
    157 134 186 55 37 98 123 255 83 145 42 123 81 209 251 98 255 40 255
    60 160 255 151 197 238 255 190 168 75 98 255 234 151 134 167 14 234
    28 131 131 242 247 130 6 195 63 255 40 213 38 255 216 108 215 230
    255 90 117 255 61 17 24 70 83 168 117 23 121 5 152 246 230 70 246
    141 104 61 227 28 219 62 195 139 113 246 168 209 18 150 234 199 64
    155 15 113 129 163 140 194 113 227 245 18 52 234 216 255 33 113 11
    252 147 84 145 190 247 100 171 255 255 184 179 2 181 247 2 13 11 120
    56 65 67 171 129 95 181 149 255 69 66 171 16 167 146 109 255 52 26
    232 217 54 229 51 230 255 121 88 52 42 200 255 133 38 255 123 98 141
    218 190 197 77 245 255 70 213 112 255 11 255 43 157 199 106 99 199
    101 35 10 140 125 13 193 42 235 88 217 183 69 255 232 31 127 255 128
    14 66 247 90 238 46 187 172 190 251 153 38 219 255 123 144 79 119 76
    255 206 236 201 172 127 255 132 175 221 118 245 59 103 11 81 89 98
    197 94 202 116 109 187 34 60 187 69 21 255 214 101 37 191 250 219 45
    232 133 255 14 15 41 203 210 115 80 252 71 20 98 14 213 98 255 141
    109 168 132 106 29 116 236 244 209 118 219 103 12 0 217 87 243 255
    138 220 91 114 112 188 47 230 63 95 87 107 40 255 65 255 99 2 168
    160 59 92 19 88 219 164 133 44 255 168 245 255 17 65 146 63 120 242
    62 255 99 94 44 218 255 210 76 115 177 252 177 239 255 194 255 162
    92 233 116 77 62 93 100 177 61 182 126 60 131 162 45 95 255 3 203
    241 85 36 247 92 46 233 220 8 206 159 78 252 8 194 67 106 73 201 20
    255 161 248 6 157 98 138 59 235 171 180 255 109 245 199 174 159 216
    225 255 38 38 104 123 126 79 78 77 82 255 3 74 255 252 255 177 108
    74 5 254 227 118 23 147 177 153 203 136 231 24 71 203 255 221 239
    111 126 79 145 74 14 138 255 188 123 192 232 110 224 210 213 159 44
    13 255 83 167 141 77 76 255 130 171 160 21 99 247 101 5 61 244 136
    15 80 195 53 126 255 255 226 139 243 174 49 73 230 177 73 223 201
    255 255 214 214 13 173 151 102 4 149 154 1 230 103 132 42 88 35 146
    244 52 199 140 95 255 255 233 108 206 100 74 128 102 94 73 162 65
    120 113 255 230 212 255 255 33 88 84 0 213 6 198 18 97 187 52 43 16
    227 57 216 221 87 176 255 225 91 235 137 143 14 255 27 255 10 179
    163 202 212 71 165 208 22 252 70 97 135 57 241 1 84 241 207 182 37
    76 234 209 29 175 186 156 115 157 148 120 47 77 184 29 165 28 201
    182 85 255 80 183 108 90 205 39 50 252 255 124 242 255 111 153 116
    136 229 255 110 37 81 33 251 148 181 27 228 210 165 225 232 136 255
    146 171 248 135 110 20 229 147 255 193 229 143 9 216 8 54 188 103
    171 75 126 86 144 43 205 48 255 198 242 83 39 14 255 3 144 255 131
    193 255 143 34 99 126 42 255 194 128 65 239 174 45 255 80 213 174
    154 24 232 18 255 105 10 181 7 222 111 68 65 8 151 145 255 183 45
    255 34 46 255 191 45 255 255 161 252 116 128 79 57 91 5 139 255 249
    62 99 255 178 210 255 223 147 62 116 30 18 15 33 255 71 199 216 107
    179 107 255 109 227 83 11 255 202 169 255 71 217 62 51 90 255 85 200
    167 135 214 233 210 42 255 217 141 19 0 255 140 206 195 255 7 255
    111 79 22 52 251 20 20 130 60 139 63 172 148 57 188 73 53 66 71 171
    41 45 94 233 46 56 196 140 194 47 223 216 106 197 72 129 213 128 156
    178 191 160 255 45 42 116 178 203 187 92 4 218 92 83 169 75 131 197
    163 86 181 92 162 141 238 12 89 146 30 255 175 217 38 67 252 45 250
    253 255 160 255 150 95 172 125 29 79 183 174 87 146 117 218 255 226
    120 255 114 57 129 119 137 117 216 63 255 25 15 246 161 16 255 74 76
    202 8 194 126 53 5 201 251 60 6 112 157 65 139 85 179 8 236 48 3 162
    219 59 92 255 148 47 17 46 188 75 78 51 93 181 220 106 129 162 255
    94 196 157 227 211 11 86 68 255 233 30 98 25 126 153 96 213 255 179
    152 191 98 80 66 102 90 253 248 255 60 65 75 219 184 227 193 184 14
    11 54 68 167 42 255 25 39 83 1 17 170 255 89 10 136 158 162 246 245
    205 255 37 8 253 41 115 127 56 5 151 255 237 246 88 162 255 194 124
    146 41 120 255 180 199 52 248 188 154 59 162 237 153 85 39 147 224
    85 231 95 167 96 248 247 171 172 73 25 101 28 197 103 255 13 171 56
    229 159 126 255 111 206 165 122 174 235 0 163 181 165 47 255 255 146
    160 100 83 254 17 215 233 129 160 92 255 78 136 215 255 13 45 80 80
    47 224 191 71 255 56 11 255 136 2 255 210 83 70 77 40 205 119 15 41
    148 239 219 42 152 176 227 245 125 128 60 255 31 24 186 233 236 255
    213 169 139 220 81 229 51 255 59 91 48 228 86 152 167 130 38 169 192
    173 255 1 14 255 30 190 151 193 255 160 6 1 155 198 65 244 204 34
    216 218 134 42 192 186 196 99 60 39 255 186 172 105 102 66 167 133
    174 30 103 39 194 52 242 228 184 232 125 108 102 180 153 14 178 133
    106 244 41 224 137 223 20 61 241 24 255 112 123 17 201 121 55 145 95
    128 2 228 29 255 255 56 118 66 174 242 155 126 37 248 202 222 52 238
    54 139 83 184 255 159 244 188 175 255 255 172 45 255 255 210 255 181
    229 255 255 35 255 85 74 255 255 255 255 37 219 163 148 13 48 209 99
    18 49 185 179 148 32 111 164 86 255 145 125 11 50 190 39 77 228 237
    198 80 132 90 196 255 176 247 197 15 198 74 47 74 214 25 254 255 90
    241 59 233 89 255 84 79 146 174 253 109 255 133 255 45 196 46 92 6
    115 114 18 255 60 10 88 91 117 10 210 114 255 255 154 255 107 127
    200 176 255 120 141 86 121 243 152 246 48 246 255 255 195 45 103 243
    101 45 180 79 177 92 81 38 255 64 99 159 60 28 174 255 2 55 94 83
    255 157 180 11 199 1 241 165 193 34 37 80 149 75 62 12 43 105 89 255
    249 60 78 90 157 15 255 146 93 164 18 243 217 169 95 59 206 255 120
    138 251 52 255 176 234 88 70 184 216 255 21 55 255 82 229 15 68 156
    232 53 126 205 199 105 71 59 227 255 190 255 171 174 226 224 229 80
    246 28 34 151 230 22 24 41 129 160 125 169 230 135 10 88 43 215 252
    62 84 255 54 123 255 83 8 109 178 92 235 90 60 167 3 111 99 214 209
    81 236 25 31 91 196 25 159 214 255 25 54 113 101 157 246 212 197 255
    142 40 136 55 213 251 86 90 42 86 67 255 233 9 28 132 160 215 199
    170 201 216 255 158 211 60 244 22 29 122 96 88 255 212 140 255 157
    255 160 8 188 255 246 255 90 15 120 43 147 255 215 248 66 27 142 115
    39 241 1 15 235 129 116 139 220 178 89 95 69 110 154 92 198 203 76
    223 184 129 166 242 255 198 111 255 80 203 255 178 148 64 241 34 66
    131 61 151 165 32 120 53 202 165 3 125 13 189 212 123 210 17 227 255
    196 39 193 175 255 189 156 9 47 185 220 46 198 51 209 247 1 15 47
    255 6 255 56 248 226 103 217 22 69 189 124 255 185 254 22 50 186 123
    184 95 20 255 233 158 255 237 255 10 215 76 170 255 255 220 193 64
    54 237 196 69 54 153 45 68 50 145 19 178 26 74 127 243 146 4 166 167
    255 109 110 23 22 12 255 14 193 103 255 151 239 254 217 32 37 189 48
    36 113 134 67 177 151 176 65 50 146 252 15 95 214 253 189 12 129 218
    171 14 200 65 140 181 38 255 19 118 143 174 114 223 180 200 183 94
    195 255 172 202 183 18 88 232 160 231 120 106 199 76 142 166 210 238
    173 87 156 255 65 255 196 89 145 129 62 254 38 78 88 60 131 17 103
    211 207 6 22 182 173 29 93 136 125 208 9 255 140 76 28 53 255 255 23
    229 60 113 15 87 249 86 196 52 255 6 238 106 247 86 16 255 34 244 67
    169 171 224 32 252 84 202 255 165 15 204 224 83 112 90 227 80 164
    255 255 186 171 137 255 183 100 255 48 38 1 232 56 255 201 76 92 88
    51 84 250 216 241 174 65 179 134 105 59 231 26 24 97 97 112 194 112
    101 214 233 141 14 6 255 13 75 255 6 97 144 163 130 59 159 230 116
    41 110 157 13 80 228 255 130 15 68 122 186 10 69 255 163 255 111 109
    13 163 3 198 205 177 217 23 103 231 187 138 94 221 175 91 237 134
    255 255 149 167 15 99 205 9 255 69 11 245 246 45 74 255 229 233 255
    213 54 255 97 103 132 255 99 129 130 1 25 109 2 38 88 233 110 242 56
    92 94 38 104 17 45 114 209 8 253 62 9 208 255 65 241 22 166 145 216
    255 49 146 153 255 255 18 231 83 142 138 153 186 255 85 194 55 243
    251 183 255 38 143 255 226 160 42 10 87 55 166 116 167 16 200 255 72
    98 255 193 255 190 241 108 220 177 216 136 17 238 255 248 89 255 32
    118 78 68 205 255 47 77 163 123 143 45 218 126 173 116 151 167 206
    199 108 24 54 19 63 33 14 202 42 232 3 196 65 206 104 255 209 24 43
    74 136 0 237 47 255 101 12 255 194 48 221 98 53 210 163 126 230 155
    240 211 40 186 255 97 34 121 128 97 255 86 119 202 5 224 84 4 154
    123 238 176 64 238 255 102 122 88 56 169 58 205 249 114 207 72 59 19
    170 111 255 111 87 129 243 98 121 255 233 87 163 133 200 126 237 135
    133 194 37 249 102 67 225 176 255 148 90 238 107 137 66 231 218 234
    20 225 255 93 191 248 52 252 199 205 162 233 206 47 149 69 148 135
    108 128 101 133 177 255 251 74 255 123 42 173 188 248 220 188 172
    196 193 60 134 32 173 237 138 187 93 70 120 52 222 179 196 255 33
    168 244 28 20 140 253 255 133 84 25 29 90 255 209 31 61 45 147 24
    186 42 246 13 29 34 172 130 255 207 255 154 191 142 255 234 160 120
    101 3 209 133 31 84 82 157 48 77 147 255 105 173 85 255 99 115 212
    67 206 25 75 129 54 43 8 80 89 215 211 11 164 200 141 52 32 101 135
    189 58 187 117 157 211 159 147 157 121 130 85 255 17 159 253 143 255
    243 142 73 255 165 255 1 138 255 100 54 200 78 193 65 34 255 238 66
    183 255 147 112 255 25 8 204 203 113 255 23 106 213 157 68 130 237
    44 255 217 4 111 138 238 56 107 112 255 75 16 74 26 216 120 63 229
    229 247 255 255 54 38 8 205 127 200 70 237 19 71 182 181 255 137 70
    39 161 118 206 29 255 171 248 255 255 126 113 5 242 141 100 12 48 99
    162 84 0 180 29 110 52 213 21 166 43 7 51 15 255 160 122 251 11 255
    161 226 146 220 112 193 8 244 1 130 255 79 169 212 255 154 133 255
    172 239 255 77 169 255 17 10 210 30 127 192 114 129 154 205 175 255
    3 125 255 51 103 6 139 211 125 179 88 205 213 31 62 34 208 27 22 237
    108 76 253 64 194 180 255 53 251 6 232 91 143 202 168 190 255 58 247
    238 115 255 56 131 233 29 255 177 255 63 112 61 218 11 239 241 103
    216 73 210 5 255 255 108 250 129 34 220 238 100 148 48 162 66 244
    202 200 255 227 102 69 155 179 141 0 148 19 249 211 132 65 190 87
    237 10 201 21 143 255 125 143 209 130 12 205 62 123 143 210 49 92 68
    63 20 112 33 211 144 77 9 190 29 251 103 26 177 71 77 255 97 33 61
    118 205 154 78 194 155 70 218 211 8 158 255 159 63 15 134 255 46 156
    141 188 9 233 255 44 185 65 184 184 195 106 232 113 218 94 255 17
    166 43 96 168 104 95 69 164 237 68 206 117 48 205 65 72 50 205 19
    173 24 18 129 235 49 141 45 245 137 227 159 158 237 228 238 113 89
    47 90 180 249 117 183 255 201 24 251 190 77 129 211 215 20 255 6 157
    62 226 129 213 222 83 26 198 255 129 92 159 157 9 229 212 166 51 216
    131 145 255 61 255 74 11 11 15 220 182 95 52 202 33 68 108 203 119
    33 255 190 211 176 229 70 255 20 4 213 132 255 134 97 255 54 209 190
    63 255 221 122 76 255 72 155 214 185 228 23 115 57 51 181 8 109 151
    26 255 238 148 125 145 200 196 172 137 255 253 66 255 254 206 220
    137 130 188 21 6 115 139 189 146 205 125 165 216 10 3 180 166 255 85
    255 183 176 118 246 76 156 255 66 59 0 1 158 29 67 179 229 60 211
    159 255 31 160 0 115 48 204 255 139 47 80 135 240 86 139 151 101 92
    61 11 255 224 123 116 163 163 51 87 231 59 180 255 130 238 106 150
    87 255 143 59 245 24 163 26 255 101 173 98 206 238 111 255 92 132
    255 151 145 250 209 255 55 30 255 255 236 255 199 63 36 255 251 255
    189 5 246 249 29 181 105 157 148 26 14 207 155 141 255 167 204 141 8
    255 126 78 80 251 179 161 69 214 88 255 212 167 255 207 5 255 252
    180 168 160 244 187 188 255 195 22 255 37 215 149 61 88 31 255 193
    39 28 69 248 53 100 53 201 220 76 230 134 197 5 251 231 42 117 12 60
    124 34 107 171 80 5 200 110 201 255 187 80 23 83 162 210 111 255 254
    171 255 254 147 255 203 102 201 255 38 81 179 65 169 141 70 71 253
    177 172 255 172 155 155 158 249 30 182 95 23 94 150 30 161 154 22
    255 242 185 94 34 40 45 219 187 229 20 238 243 9 80 18 74 130 229 66
    148 52 140 119 239 229 69 218 31 255 40 242 54 54 47 246 18 255 14 5
    139 118 251 165 7 99 230 245 68 255 91 62 15 217 26 204 255 90 255
    238 151 199 111 255 167 171 48 34 178 238 134 16 210 112 13 243 120
    67 204 134 40 219 214 123 157 51 116 100 255 253 6 165 255 51 211
    148 51 83 41 73 132 9 175 255 63 134 224 248 60 199 85 112 255 156
    240 74 205 189 150 230 184 255 85 30 137 126 255 178 255 230 164 73
    220 148 44 171 160 21 179 78 26 18 249 91 152 159 54 251 89 27 113
    75 134 189 206 33 84 255 192 233 225 21 124 255 153 85 60 123 255
    126 94 210 45 243 227 255 8 148 32 156 27 255 80 76 216 178 67 178 8
    155 139 179 88 50 253 217 5 223 22 109 95 194 255 129 95 238 98 75
    186 253 6 67 195 35 80 42 143 160 254 176 255 133 54 241 18 112 255
    60 73 132 87 114 97 155 138 52 170 85 59 232 200 255 255 68 249 170
    60 255 11 82 255 56 255 255 193 68 145 111 184 213 124 2 232 190 225
    224 251 12 10 78 108 71 122 41 157 66 208 255 42 34 215 95 218 28
    239 134 53 249 166 39 215 177 186 247 33 18 51 120 145 48 114 246
    163 55 255 243 12 32 130 132 255 120 39 168 139 242 111 24 155 89
    138 203 246 95 145 165 205 79 14 190 97 41 208 255 59 21 255 255 25
    224 255 211 87 233 90 11 192 200 252 93 222 122 145 37 69 47 91 85
    211 227 255 32 190 210 93 15 212 255 134 181 255 141 10 255 179 205
    125 37 248 178 10 76 227 69 17 145 142 69 39 231 14 36 68 216 84 40
    4 122 170 254 116 125 165 23 87 208 131 200 220 255 73 180 255 125
    217 255 67 25 242 200 10 247 193 138 255 183 122 19 227 124 255 170
    212 130 132 111 8 211 34 221 251 79 79 108 143 188 252 130 31 38 198
    255 118 252 99 139 253 255 198 228 94 164 129 10 55 91 15 47 112 249
    184 240 22 255 37 115 255 34 234 238 92 255 167 224 32 66 71 255 56
    155 146 36 155 87 172 168 32 227 224 173 179 10 55 93 88 229 46 187
    214 140 34 79 169 182 191 147 225 53 160 196 113 136 75 255 77 28 43
    88 104 150 254 140 65 1 205 223 66 13 150 248 170 127 73 175 255 49
    224 104 133 234 17 144 189 255 159 238 117 3 218 120 253 174 246 0
    95 29 15 223 76 191 255 173 141 76 28 40 202 255 153 1 255 163 1 59
    249 139 46 49 123 22 229 184 177 215 19 111 194 163 151 216 184 219
    252 125 107 27 132 255 72 162 20 142 234 255 38 202 255 227 255 210
    134 44 248 86 115 55 36 151 140 168 196 111 255 176 169 233 18 50
    227 138 255 244 144 255 174 195 97 212 77 177 90 9 103 250 28 192
    165 158 201 190 26 122 185 115 201 233 23 127 155 91 210 232 141 178
    7 124 255 118 213 241 246 212 155 229 198 255 51 37 15 231 132 253
    252 6 141 226 57 255 206 88 255 54 116 255 157 147 188 247 158 174
    187 188 36 186 222 146 141 59 73 21 134 93 62 220 188 172 29 65 255
    255 178 157 162 32 254 255 53 59 149 160 187 28 67 52 171 151 43 255
    185 9 191 75 56 20 34 249 10 205 41 244 209 188 146 24 103 31 255
    218 17 229 255 226 233 168 255 112 239 19 53 56 255 255 162 59 34
    243 20 200 24 104 34 86 115 255 159 155 241 235 151 71 118 219 172
    236 177 53 3 99 181 31 245 4 64 255 255 213 172 39 162 108 223 164
    98 155 153 5 60 248 94 237 153 198 41 54 56 255 75 70 18 162 31 215
    15 95 255 5 129 132 57 130 74 82 217 46 0 48 255 152 220 255 216 75
    129 85 96 255 130 34 159 161 4 94 107 112 61 243 113 101 38 158 255
    24 34 255 148 61 239 95 219 69 125 0 176 23 13 255 64 226 196 149
    211 221 248 68 255 43 99 255 99 48 255 201 104 38 55 40 179 232 191
    55 109 245 255 101 160 78 164 75 107 131 136 141 255 52 181 202 56
    135 174 108 107 249 16 173 16 255 19 236 6 73 85 171 75 255 252 108
    46 134 207 21 104 255 250 215 87 243 141 140 122 115 182 32 219 192
    31 248 186 153 194 255 186 13 255 216 120 32 223 98 176 139 59 177 1
    210 255 215 255 84 238 18 17 175 187 255 117 30 255 134 84 174 166
    183 255 210 162 65 68 157 204 172 95 218 229 198 232 76 30 70 181
    230 214 65 124 109 168 102 81 248 218 14 254 255 64 19 22 120 117
    103 125 84 94 255 248 212 42 7 167 255 49 119 255 121 120 199 168 70
    13 226 193 163 27 32 220 181 97 104 162 224 153 195 131 106 106 233
    36 240 15 38 1 222 88 137 70 101 210 247 22 96 222 255 71 91 210 41
    96 155 133 42 34 48 176 103 62 142 61 89 255 79 192 26 185 79 123
    122 149 185 237 99 55 211 198 80 43 203 16 255 246 255 173 103 61
    227 36 255 219 88 227 56 10 110 81 225 211 220 241 76 205 71 59 255
    122 51 15 18 128 255 52 63 71 65 238 95 194 19 255 82 92 252 131 100
    48 130 76 232 199 147 255 129 220 78 249 35 218 98 198 237 82 6 255
    180 100 81 179 129 255 244 8 172 50 52 61 247 153 177 72 201 150 141
    183 3 99 183 223 109 255 81 190 255 48 119 223 87 107 146 204 207 66
    252 226 131 255 7 208 84 158 158 111 192 233 223 103 254 104 72 16
    255 144 143 255 17 13 95 63 218 214 198 174 134 194 29 41 68 252 255
    49 102 32 255 46 17 239 48 112 176 73 65 86 238 255 108 4 183 249
    189 95 57 218 255 161 22 115 80 154 255 98 255 207 152 143 255 239
    245 172 185 156 65 120 156 173 185 76 20 238 39 255 93 229 31 229
    134 255 1 227 143 255 144 196 139 15 246 46 255 1 197 112 61 59 16 1
    142 226 227 174 247 255 239 62 141 185 216 169 255 22 255 171 45 57
    100 245 39 138 134 176 255 238 27 96 84 3 3 91 33 64 138 255 234 111
    154 205 238 255 19 33 50 56 157 47 130 68 125 63 226 122 90 67 79 32
    14 108 158 85 98 102 82 89 116 255 41 99 154 196 158 186 164 211 35
    109 63 177 232 238 43 234 86 187 20 62 22 239 221 217 199 231 55 224
    232 88 255 98 80 255 151 62 122 165 13 1 181 67 51 31 191 255 107
    210 78 170 194 176 80 255 220 74 72 255 72 83 229 87 72 145 230 176
    74 205 125 10 255 129 191 157 255 252 33 255 109 75 75 23 154 143
    151 254 51 220 59 22 255 2 233 253 252 45 31 210 243 191 175 255 56
    133 142 191 174 106 41 1 144 232 163 130 57 162 213 28 51 108 251
    250 255 255 160 251 213 70 41 255 129 43 92 226 41 255 92 114 43 59
    91 97 66 220 172 24 95 255 53 73 255 210 106 255 191 134 9 40 73 255
    38 103 0 147 248 137 238 31 255 230 169 201 87 255 76 69 99 25 114
    214 237 226 1 117 255 122 14 157 233 154 204 223 248 245 181 157 38
    108 255 165 67 29 255 240 45 226 224 171 159 245 171 255 240 132 216
    255 255 212 139 92 146 255 206 255 255 99 248 108 255 17 173 83 86
    82 109 184 148 255 188 200 255 100 145 14 87 185 255 20 214 255 30
    97 204 255 220 89 156 9 90 115 158 14 113 138 65 112 223 153 128 103
    209 54 110 255 241 2 87 188 68 22 224 168 244 148 94 255 151 10 255
    71 132 255 94 147 97 92 84 255 129 255 33 3 48 255 42 255 171 154
    217 255 54 116 160 255 228 0 191 183 219 134 117 255 161 26 255 27
    244 255 88 106 155 206 146 104 41 189 18 74 115 255 87 247 255 43 65
    255 79 255 158 72 32 255 161 86 84 218 99 104 167 168 255 227 185 98
    98 111 209 190 161 123 193 49 57 229 1 174 255 32 70 208 195 51 135
    84 238 83 141 42 240 255 34 44 139 120 101 245 59 32 255 255 177 242
    46 212 152 242 208 104 255 255 49 104 116 119 11 113 134 51 126 37
    255 216 252 216 243 106 22 44 117 135 40 97 195 153 75 104 109 118
    169 38 76 88 76 71 227 124 148 255 198 248 253 165 228 255 148 137
    131 177 246 14 107 120 171 62 59 87 95 229 47 244 55 255 141 181 61
    88 80 183 92 70 228 63 30 103 227 156 255 181 167 17 108 182 99 45
    43 206 33 174 255 194 226 251 175 109 255 146 237 220 64 41 92 255
    114 255 56 167 145 74 106 220 20 106 24 207 128 106 236 186 9 28 132
    255 26 19 196 156 127 255 203 255 255 138 179 90 49 92 15 99 87 195
    229 136 150 213 255 141 68 211 255 186 43 179 240 31 255 76 238 159
    208 255 169 7 161 255 159 29 15 226 169 111 203 255 139 96 169 74 10
    243 9 111 91 213 5 200 83 79 184 122 0 180 183 122 117 131 255 255
    38 116 156 255 102 188 93 166 128 237 108 189 101 33 251 252 133 255
    33 20 161 255 17 168 182 208 46 149 215 54 135 198 130 23 30 255 116
    78 202 160 98 62 140 111 12 137 243 189 89 163 213 143 10 38 255 40
    80 183 17 60 255 75 123 255 83 126 187 253 255 123 195 223 11 105
    204 61 187 96 253 175 169 76 212 85 255 199 196 116 152 197 42 158
    40 255 247 255 13 75 224 225 101 116 47 217 172 177 180 252 255 31
    255 13 75 41 197 142 38 177 54 151 157 25 255 149 205 38 37 148 91
    255 153 255 38 233 94 171 123 137 116 30 98 0 48 198 255 29 219 109
    255 3 255 236 170 145 255 68 64 255 201 51 238 217 255 209 74 94 40
    213 255 169 254 139 63 200 11 17 231 255 203 209 134 243 227 116 205
    206 255 49 132 113 110 141 46 213 109 75 229 134 69 79 96 255 77 111
    95 103 250 56 62 13 32 28 16 176 207 22 27 45 31 65 123 77 37 80 82
    122 206 185 66 164 118 225 195 65 146 113 127 253 17 158 247 244 255
    13 223 226 230 7 210 89 191 243 191 60 255 25 60 255 255 23 125 255
    246 51 129 218 127 255 56 194 255 76 27 14 80 255 210 149 43 235 57
    147 169 14 254 249 97 253 78 179 1 193 75 109 174 189 253 17 176 130
    111 126 225 165 82 85 159 192 208 188 164 66 188 139 22 202 135 100
    205 168 10 255 125 82 57 244 201 255 170 131 242 215 75 144 16 215
    130 56 32 84 246 17 104 60 246 57 186 12 230 11 179 233 241 255 255
    175 75 87 3 132 163 22 157 103 143 255 255 116 189 106 64 28 255 136
    136 84 70 159 117 181 76 235 246 59 83 82 122 122 180 109 255 5 199
    42 76 138 145 114 43 255 200 255 116 218 247 169 132 219 191 29 95
    154 221 89 232 250 155 89 36 101 143 114 142 229 157 27 111 14 84
    255 69 137 140 208 25 24 100 203 172 17 52 93 181 224 42 3 252 239
    151 116 255 108 91 131 244 37 255 107 187 255 113 161 174 87 74 253
    178 242 193 117 198 18 84 137 255 190 79 75 16 187 37 123 255 224
    175 187 255 253 22 73 101 186 230 122 97 232 98 195 235 19 141 71 95
    255 248 109 224 165 110 38 244 79 134 89 238 62 53 62 100 101 237 75
    255 166 228 169 239 144 225 98 3 255 62 247 38 10 137 255 118 20 169
    142 89 255 75 4 210 192 246 9 5 165 45 119 181 132 121 208 233 214
    12 167 6 131 210 86 34 255 54 154 51 224 11 148 99 167 255 191 202
    11 146 133 73 159 243 76 82 134 169 42 229 210 243 229 76 53 255 205
    0 151 102 255 247 103 84 19 15 174 23 228 177 129 251 247 18 125 167
    194 244 88 255 187 228 180 255 198 61 13 69 167 98 203 200 18 62 216
    255 212 53 80 7 225 3 47 149 247 253 84 10 61 157 216 16 23 221 144
    214 167 10 27 218 22 227 253 164 99 255 138 103 97 32 225 88 129 95
    186 77 165 255 241 193 181 99 224 230 170 231 160 118 153 109 205 40
    186 73 40 227 129 212 97 86 72 163 103 91 215 179 215 193 100 163
    200 229 147 99 231 165 232 25 191 153 48 230 164 151 71 186 69 160
    255 212 146 17 9 187 6 215 220 48 231 231 229 82 241 255 148 102 255
    23 255 202 48 48 31 248 90 103 236 246 235 210 241 255 172 161 78
    146 79 144 8 255 65 11 27 52 146 68 104 107 105 19 25 61 70 137 231
    255 99 211 101 136 13 200 74 18 244 84 233 43 254 15 235 90 187 230
    161 46 121 36 60 43 176 206 47 187 251 112 135 244 108 136 137 60 80
    165 255 118 6 17 122 185 178 80 152 146 163 72 64 139 191 151 147
    231 113 49 215 171 170 188 18 98 177 64 83 255 193 80 136 73 234 138
    255 106 68 81 71 129 255 255 242 103 209 255 183 112 51 57 192 14 64
    2 149 255 95 66 255 255 255 43 52 179 59 131 240 255 78 110 202 114
    126 75 244 145 99 34 55 255 166 16 255 255 200 123 27 169 11 60 197
    177 79 45 252 177 100 43 76 228 18 85 183 249 255 255 97 230 35 242
    124 255 159 86 255 81 49 236 136 86 1 165 141 177 255 95 203 46 90
    33 255 126 29 6 146 119 255 6 72 123 76 228 247 20 201 174 255 122
    178 88 85 78 38 86 255 250 152 27 34 182 66 212 232 66 130 255 255
    247 136 255 212 180 42 142 32 255 115 16 219 240 196 227 243 214 209
    43 186 255 37 255 25 129 208 31 255 18 219 106 74 234 186 43 255 200
    224 90 55 163 255 136 8 146 131 177 18 73 37 183 234 180 115 84 224
    23 95 15 50 238 255 69 191 213 51 76 195 162 201 4 255 160 108 220
    18 45 210 69 167 197 11 255 76 140 110 235 95 32 109 255 152 196 75
    102 186 194 24 121 42 186 118 57 188 255 180 30 18 24 75 255 129 223
    255 145 158 255 148 30 255 255 225 182 210 228 255 163 57 24 63 6
    233 190 255 45 255 177 135 125 113 234 71 82 228 251 167 36 16 23 60
    94 57 252 111 152 255 47 87 90 121 229 204 122 168 162 142 255 255
    65 38 140 157 31 98 181 38 188 45 166 17 251 180 255 102 218 29 34
    46 48 115 96 120 97 202 85 94 233 103 232 144 177 22 74 255 162 99 6
    174 180 153 26 116 255 159 204 56 221 38 255 48 129 233 100 133 71
    198 182 255 225 147 64 84 144 37 94 190 75 211 187 51 186 255 173
    208 170 169 140 229 107 100 83 20 117 119 1 120 12 215 139 9 75 193
    226 232 68 177 210 108 156 255 176 119 201 50 172 153 144 100 71 29
    159 23 83 17 61 147 16 88 171 197 255 4 200 247 185 45 206 206 195
    174 62 40 255 109 212 149 115 242 177 133 255 242 245 154 248 182 66
    62 16 77 176 63 32 183 189 80 140 48 252 255 132 203 201 197 194 137
    134 86 209 90 71 211 123 41 169 174 52 185 90 111 106 121 225 121 47
    25 255 44 17 255 255 176 34 236 85 255 46 95 56 157 62 197 209 65
    227 169 210 255 56 159 99 121 252 255 103 165 18 185 60 255 200 4
    255 106 187 158 5 182 255 107 11 116 240 255 57 14 134 182 171 119
    66 206 126 148 193 240 255 112 84 67 51 41 188 125 105 199 82 19 255
    101 162 255 69 255 115 50 55 195 157 23 255 207 156 121 39 103 255
    123 251 255 93 129 134 243 34 141 31 171 230 116 113 69 207 66 52 90
    255 193 255 146 255 62 112 255 198 206 155 255 185 255 23 109 0 16
    68 255 202 236 94 243 68 255 26 245 207 247 46 172 108 220 173 72
    102 255 53 127 85 66 166 61 126 248 195 125 213 95 116 163 164 130
    89 255 215 85 255 156 130 140 148 98 135 204 136 205 169 75 127 121
    85 64 188 70 71 128 220 196 184 72 255 22 201 29 124 117 255 163 255
    132 1 99 70 255 3 255 209 255 113 29 38 165 86 177 197 209 180 131
    103 176 192 22 165 255 99 66 255 144 185 89 168 132 186 190 179 241
    183 120 255 190 27 176 231 91 192 92 166 255 112 201 232 90 143 255
    102 200 89 255 148 158 60 240 237 189 255 80 113 255 255 193 134 213
    42 66 201 69 123 41 25 63 135 38 40 102 99 115 255 97 37 247 228 234
    255 4 18 70 44 104 255 235 231 51 114 243 116 204 10 80 156 174 255
    87 238 11 161 79 255 29 157 92 132 73 43 234 250 255 54 55 182 157
    96 255 255 33 186 39 42 255 181 225 1 235 104 103 195 125 134 44 234
    255 52 173 255 116 171 219 139 80 43 243 185 176 75 45 51 168 245
    108 30 140 32 91 205 15 199 194 157 170 225 17 227 224 255 182 216
    190 14 111 199 33 157 169 110 76 209 71 90 9 107 2 145 244 14 255
    157 175 65 43 91 173 156 29 145 113 119 255 255 2 31 232 255 255 169
    188 111 125 83 255 243 152 94 159 159 255 40 91 169 125 227 197 168
    231 55 185 101 42 222 137 255 255 34 255 248 183 56 146 189 255 201
    199 255 241 211 232 49 177 181 160 205 206 67 10 255 114 102 6 29
    225 255 66 59 252 235 71 255 198 16 74 233 246 75 220 14 255 111 54
    88 146 217 255 212 41 9 94 146 255 123 84 158 255 30 255 178 89 70
    166 169 188 213 199 129 144 136 209 38 181 159 255 70 255 80 38 32
    54 218 42 159 225 153 20 134 61 254 120 62 26 246 181 115 134 90 73
    100 247 250 99 255 56 156 176 135 20 117 8 163 206 68 62 237 107 255
    255 124 255 174 195 189 227 105 218 76 31 57 23 246 81 249 157 161
    255 137 57 13 163 148 10 169 248 36 61 250 28 229 115 17 1 238 177
    91 4 255 50 252 176 255 213 134 107 175 213 146 119 255 110 205 97
    37 248 248 27 181 255 19 243 13 97 250 255 51 243 242 200 225 255
    152 98 145 17 200 185 79 173 155 128 18 8 49 22 158 250 37 130 27
    237 20 170 34 255 57 173 230 251 255 255 2 99 186 38 73 3 32 155 255
    60 79 62 41 202 104 106 209 186 102 61 134 255 165 255 195 67 255 23
    225 197 149 39 233 192 136 255 155 43 255 142 165 137 165 232 51 130
    155 61 149 117 182 239 57 187 68 30 102 8 39 255 214 215 230 164 96
    84 92 95 246 43 255 235 190 176 238 27 232 157 33 44 171 205 66 255
    29 41 88 50 116 115 225 26 255 63 211 101 140 143 227 110 87 255 250
    38 111 95 26 75 139 139 173 166 147 234 121 255 43 249 92 163 45 151
    255 27 115 31 187 117 210 203 220 101 164 19 95 227 56 173 41 137
    196 255 199 255 236 255 144 198 204 137 68 242 65 0 20 209 156 243
    255 17 46 164 117 0 115 76 61 10 135 211 57 191 103 31 134 58 79 206
    188 116 172 73 81 97 69 153 153 159 255 212 110 127 247 224 14 77
    242 255 185 242 239 133 86 228 92 244 216 146 100 95 36 126 113 76
    214 3 65 140 207 237 163 255 188 68 135 175 136 199 105 128 179 59
    220 253 16 211 117 34 47 241 236 196 126 142 53 43 182 151 126 175
    94 76 72 96 255 236 211 8 109 234 25 24 255 51 116 134 145 156 94 70
    9 184 255 192 25 232 19 229 43 59 31 115 205 61 255 100 25 219 87 16
    14 33 105 255 177 98 255 24 92 164 255 212 132 54 243 94 162 23 216
    213 127 150 203 144 187 188 251 229 132 180 255 213 98 151 97 181
    130 187 224 8 201 188 255 153 80 255 212 230 163 84 222 116 197 119
    255 255 170 216 86 45 255 128 97 207 101 48 59 76 96 125 168 129 37
    30 56 255 211 154 132 21 67 87 64 28 113 255 228 211 217 44 209 146
    141 232 146 110 141 172 191 252 119 26 233 128 152 98 91 222 235 84
    27 255 178 99 255 82 184 22 145 67 255 24 216 171 39 76 101 128 80
    88 112 82 209 109 220 218 132 96 255 16 85 244 203 234 28 194 244
    252 191 167 132 206 112 230 54 143 9 140 65 237 138 255 28 254 255
    213 168 29 229 222 13 112 52 100 255 60 63 67 59 6 150 211 109 148
    111 146 111 19 98 244 34 73 112 11 244 89 119 11 255 232 203 255 170
    18 178 119 181 239 115 234 141 105 194 255 228 57 6 137 10 162 235
    140 160 249 55 255 30 247 59 72 156 255 1 91 255 240 181 255 63 109
    220 142 24 255 255 62 157 199 239 112 50 220 255 231 165 118 133 204
    255 5 254 255 55 209 15 202 10 237 120 103 103 243 242 244 48 108 42
    241 18 101 109 244 113 64 255 6 193 46 255 5 224 78 73 255 150 4 128
    155 178 160 84 40 174 67 19 62 164 192 115 192 252 30 201 44 67 57
    137 255 255 124 56 255 51 63 81 57 116 255 54 231 242 126 109 53 19
    205 159 197 4 74 92 168 39 80 179 29 164 49 182 224 253 160 50 112
    188 179 239 171 255 196 164 99 255 255 36 171 228 103 187 76 172 99
    239 94 116 127 169 71 139 168 204 27 76 75 102 38 154 10 98 154 155
    105 106 241 177 191 255 77 184 167 56 89 107 49 180 219 118 205 64
    197 55 255 66 58 244 95 112 255 83 43 135 190 146 178 251 126 19 24
    28 214 147 255 255 82 83 255 82 236 121 34 25 71 255 182 255 55 156
    126 183 229 255 33 72 113 24 47 117 141 248 243 232 110 255 169 5
    221 99 96 127 39 33 253 163 255 255 63 4 104 59 152 251 45 2 191 171
    115 141 227 103 255 214 141 185 167 247 181 191 115 195 67 203 253
    68 51 157 137 255 252 206 34 199 48 255 164 51 237 238 60 119 90 152
    166 255 94 199 123 159 205 160 238 85 8 57 196 92 43 167 112 255 241
    143 17 18 56 232 83 239 191 232 108 223 106 95 213 236 153 57 102
    255 7 250 255 32 86 107 164 124 116 73 87 237 181 255 255 164 255
    182 25 88 255 49 140 251 60 61 248 65 46 98 83 255 143 82 105 171
    112 114 102 9 97 14 252 224 0 122 255 127 40 225 234 42 8 143 101
    200 39 55 94 151 220 166 102 52 82 94 114 34 83 224 136 205 255 112
    81 47 215 103 202 134 255 37 76 234 237 95 242 68 108 255 98 181 95
    99 136 255 98 70 168 186 9 255 7 41 81 97 255 106 8 126 89 69 141 48
    106 194 153 222 96 255 181 99 45 252 206 46 255 73 89 174 240 146 92
    33 43 2 105 197 126 187 135 147 6 9 25 144 71 255 72 197 209 196 97
    120 44 248 123 134 51 92 2 4 105 8 225 252 13 255 79 167 227 200 8
    255 56 96 255 79 241 186 36 12 213 9 216 78 167 57 157 95 255 6 225
    179 139 247 255 219 136 0 160 192 154 155 218 179 150 223 185 255
    114 57 34 129 102 253 30 255 255 97 5 225 154 156 255 184 112 183
    179 91 97 103 175 211 61 188 182 21 38 255 64 85 141 255 231 146 215
    90 196 67 146 255 228 20 144 27 225 50 78 195 148 125 112 167 197 71
    4 64 160 17 168 189 255 111 103 32 234 152 163 66 229 255 165 56 255
    47 228 255 24 65 255 25 73 140 84 180 220 255 175 242 26 43 107 139
    230 98 217 154 162 90 53 47 71 246 28 106 255 83 95 66 211 228 241
    150 160 91 224 120 32 252 246 122 80 216 108 255 129 19 19 78 255 0
    145 88 111 34 171 244 128 12 183 230 204 155 234 16 104 114 241 173
    133 103 201 143 13 61 131 253 53 5 241 188 26 8 144 79 195 255 181
    61 109 184 90 67 145 226 193 203 200 73 84 102 39 111 255 255 201
    124 145 235 67 130 162 111 255 178 133 71 211 19 246 92 6 199 78 181
    93 115 229 116 191 125 48 166 11 255 193 120 160 216 13 241 181 210
    19 238 15 249 49 129 71 217 77 255 98 226 225 137 162 134 52 154 131
    105 184 255 31 13 238 228 58 83 113 206 163 211 231 185 69 255 255
    189 76 255 207 195 199 60 180 122 15 88 154 116 248 178 171 108 162
    255 237 144 238 29 62 59 27 168 61 98 255 84 3 43 232 176 172 75 255
    255 179 14 186 218 255 23 225 160 34 154 255 200 92 176 215 102 255
    90 9 206 255 69 109 118 56 89 50 233 255 115 153 18 75 9 228 255 64
    85 134 205 125 177 48 218 64 255 208 121 29 86 238 78 112 183 11 165
    20 19 90 8 154 255 200 75 104 248 145 211 134 47 84 17 216 120 15
    105 128 158 255 16 228 188 255 149 243 20 89 72 255 168 252 247 255
    54 227 255 208 117 99 18 255 19 14 161 234 186 142 130 238 255 27 32
    99 181 247 134 115 25 22 220 95 27 150 50 14 164 174 169 255 126 166
    27 217 136 215 29 158 126 213 125 127 8 127 202 228 253 235 68 105
    112 201 82 160 197 149 103 153 117 255 255 66 98 66 68 187 226 183
    255 164 80 255 235 201 227 228 213 255 14 213 109 194 11 181 23 8
    228 164 255 112 237 255 188 126 255 185 201 231 197 97 106 113 92
    157 144 248 42 46 98 219 33 83 140 255 72 255 83 131 41 218 69 219
    255 74 167 53 252 56 255 54 203 79 62 66 111 85 83 11 119 103 85 212
    241 18 1 56 130 215 6 255 207 112 200 39 176 155 178 215 64 4 254
    255 92 92 239 39 31 60 227 203 237 227 118 76 214 230 130 191 162 5
    37 170 80 163 41 255 188 149 255 69 161 244 244 197 126 92 77 176 29
    199 232 195 5 125 189 54 36 68 69 255 82 176 244 54 94 211 78 91 126
    221 232 0 167 255 94 36 198 199 254 9 255 99 181 164 174 44 218 77 6
    13 100 182 192 3 141 103 206 140 255 175 255 127 57 54 196 188 228
    87 233 194 242 205 176 131 5 66 219 249 119 195 16 51 56 233 194 20
    109 137 255 86 65 179 108 255 115 15 208 255 142 255 48 98 106 129
    199 153 255 74 85 136 54 212 139 255 193 60 109 96 255 51 155 255
    107 174 136 3 233 255 5 101 200 124 115 92 13 90 87 73 223 255 93
    206 164 75 11 255 184 137 232 245 230 83 93 132 252 64 59 241 53 255
    125 63 174 5 55 88 101 182 79 6 114 20 145 117 82 195 246 247 117
    195 62 255 111 85 103 238 255 159 45 31 197 168 72 255 111 10 200
    166 255 255 7 236 66 102 139 22 165 224 73 24 254 255 211 201 172 74
    41 255 101 23 158 49 159 255 189 240 130 211 149 31 57 4 251 130 33
    255 177 130 15 22 201 255 1 58 123 215 167 215 82 195 45 225 255 57
    47 10 255 21 255 155 34 130 150 255 69 88 224 220 165 255 222 255
    141 208 33 79 248 227 4 162 173 22 4 255 54 104 130 87 102 120 27
    255 109 68 214 34 207 153 24 117 224 17 171 255 197 180 170 232 86
    182 6 25 32 84 255 254 255 164 255 223 184 34 50 255 98 255 25 10
    255 64 14 74 218 151 50 214 220 171 194 179 171 175 222 61 62 95 167
    132 91 177 26 217 19 235 131 255 9 104 164 13 66 126 111 255 20 240
    184 158 220 66 148 110 169 6 6 54 139 175 83 51 142 251 36 158 57
    255 255 125 255 39 232 255 97 123 255 117 255 93 209 196 71 9 131
    253 216 83 117 52 61 229 19 27 255 255 79 255 251 195 37 62 14 99 86
    4 255 132 254 6 255 95 24 102 108 89 113 82 255 119 45 139 162 140
    255 177 255 62 2 127 134 64 247 220 187 96 5 29 116 255 144 252 8 57
    87 255 246 9 120 57 88 67 168 57 132 160 216 66 37 182 255 194 3 167
    54 47 196 212 163 255 255 88 153 117 127 117 208 149 32 176 177 15
    184 255 56 180 104 139 238 30 115 255 14 1 233 28 98 227 6 32 82 255
    99 213 254 174 6 81 117 194 217 255 225 211 123 179 14 255 117 0 183
    137 68 248 45 94 73 18 82 255 231 190 61 74 250 201 89 98 255 193
    254 255 77 104 19 141 247 238 32 174 88 167 130 55 68 228 255 168
    152 5 131 76 18 61 100 151 101 136 255 223 41 103 28 40 255 112 51
    197 223 98 50 210 156 104 255 167 43 63 60 41 208 219 15 89 91 134
    243 156 244 118 56 53 49 255 252 126 73 41 65 129 52 123 200 255 178
    117 218 93 255 255 247 120 135 30 226 230 63 186 56 190 244 174 218
    230 52 149 8 255 228 172 19 59 130 108 27 255 28 41 61 255 68 138
    213 116 156 239 255 161 107 94 228 229 16 48 104 96 85 17 182 189
    220 143 251 118 224 175 87 33 148 211 206 217 157 95 103 48 61 226
    13 53 124 159 55 68 182 132 110 204 195 196 140 218 51 150 147 200
    41 241 243 130 194 174 6 94 224 186 185 87 255 246 53 255 89 147 64
    46 190 125 198 59 160 54 255 109 187 12 56 197 86 186 171 255 31 245
    46 255 21 42 17 78 106 187 38 229 255 97 156 255 53 136 153 135 33
    178 108 5 69 66 113 84 114 0 28 49 24 186 66 82 255 49 14 1 184 183
    255 255 255 248 162 98 232 23 139 183 185 233 145 217 161 255 95 40
    214 202 162 216 238 193 126 240 234 146 255 95 148 123 231 255 16
    255 23 144 25 131 13 166 36 136 248 255 163 18 206 36 255 255 207
    122 255 9 134 65 105 241 51 61 45 103 244 101 188 110 65 255 145 243
    210 67 144 255 51 241 173 236 67 23 100 90 255 100 203 255 78 47 169
    140 124 196 233 39 71 221 57 255 27 180 104 147 206 248 255 166 129
    255 195 255 201 1 46 221 124 220 153 147 239 109 234 255 185 255 229
    203 255 51 17 255 126 185 228 99 171 9 238 225 25 106 120 15 247 199
    136 230 11 213 154 10 174 232 13 160 66 92 41 215 200 213 255 21 216
    213 78 141 242 192 168 154 100 136 209 101 92 255 227 255 13 204 29
    228 57 76 53 100 60 95 110 162 255 96 65 247 55 233 172 15 255 178
    187 174 14 121 250 255 29 3 143 136 200 255 151 42 101 2 219 109 39
    203 218 142 128 255 33 130 6 121 134 5 6 70 149 145 66 164 148 171
    59 203 217 249 212 255 18 14 20 255 191 124 255 228 170 255 74 195
    157 116 58 89 255 129 97 19 25 66 239 190 255 144 138 246 100 116 98
    105 240 255 53 72 182 10 2 78 223 145 169 148 180 247 86 57 36 223
    223 101 177 145 42 70 20 246 202 255 125 255 1 18 29 169 199 220 120
    118 93 174 193 222 115 62 69 236 85 217 51 255 162 126 167 90 113
    218 228 20 255 19 155 185 27 49 22 73 14 153 14 128 164 189 26 85
    190 138 113 70 255 255 32 133 187 15 125 50 247 30 232 236 44 193
    169 47 47 95 35 210 36 119 255 211 197 224 231 225 159 225 227 151
    221 132 255 139 134 106 218 209 39 50 14 230 255 244 218 209 174 255
    192 87 37 237 55 255 116 101 71 54 55 255 161 176 155 61 37 20 72 87
    193 18 3 4 1 137 45 51 1 22 179 242 255 161 42 101 10 129 223 222
    203 169 132 190 43 255 114 219 185 76 255 74 105 182 255 163 178 208
    250 66 126 174 15 107 218 242 109 75 255 123 217 81 255 11 247 11
    255 145 246 148 219 180 92 11 210 205 65 141 19 163 189 67 174 153
    42 34 93 16 241 101 186 24 148 8 255 5 141 14 160 71 174 239 124 178
    249 191 191 204 142 25 228 12 81 71 166 150 168 169 215 34 70 75 57
    32 3 27 196 70 204 213 255 13 49 123 138 255 29 230 176 139 204 73
    66 113 226 255 252 187 176 43 96 81 218 191 50 152 67 38 143 203 187
    148 18 158 29 49 255 226 146 116 255 255 255 181 218 255 210 22 57
    141 223 65 116 138 200 57 111 255 100 114 234 86 180 255 15 142 255
    120 105 14 6 212 93 232 56 69 158 152 15 195 60 183 255 134 255 204
    177 160 178 82 15 74 32 221 207 155 255 243 102 218 29 214 88 9 185
    255 213 32 120 248 153 28 22 219 122 200 184 45 200 154 79 182 254
    224 167 148 90 248 203 123 92 198 25 255 234 137 143 179 255 215 195
    182 147 47 9 43 47 255 151 131 168 239 5 65 162 222 106 25 162 116
    212 152 27 49 31 31 120 19 5 186 169 141 255 155 255 25 57 243 159
    28 132 180 20 196 46 141 255 241 51 113 61 94 211 255 38 107 255 255
    73 9 62 14 126 62 150 78 80 25 239 87 255 167 49 246 255 20 116 233
    148 46 175 255 177 88 58 255 102 13 67 102 29 188 1 30 33 250 58 221
    191 236 53 49 191 229 164 117 195 24 160 115 65 2 255 169 4 255 253
    73 255 255 26 149 160 102 255 103 189 24 40 234 5 255 104 255 255 80
    255 84 74 188 135 45 255 71 205 132 182 255 65 53 30 113 202 255 165
    92 153 3 249 99 255 223 16 65 238 13 39 206 183 214 220 255 9 59 122
    255 120 26 92 52 3 219 25 37 0 46 255 97 240 16 255 25 56 255 82 51
    61 189 18 228 55 230 145 29 63 116 3 71 28 180 142 192 161 227 51 37
    255 255 67 255 182 30 165 206 102 136 41 90 14 139 250 160 84 24 67
    66 40 138 18 75 140 255 36 255 216 8 42 255 109 60 108 84 205 62 148
    176 51 68 191 255 109 140 187 77 161 19 206 210 112 255 255 92 206
    61 87 116 193 255 62 18 255 46 148 255 99 132 126 1 116 227 239 239
    246 120 246 23 39 239 120 206 99 255 10 255 162 218 51 181 151 16
    188 156 97 255 31 255 255 141 37 123 72 45 255 99 116 255 42 244 221
    34 15 137 120 113 220 106 111 11 170 219 61 98 255 169 73 234 59 214
    190 171 96 46 90 241 62 255 214 237 84 86 145 255 253 231 148 67 145
    255 128 67 53 66 142 255 125 62 168 116 200 25 55 23 193 119 0 22 76
    255 98 98 152 59 172 67 3 51 166 238 16 60 70 51 161 255 119 86 255
    223 216 121 111 106 253 90 255 38 55 3 255 82 61 243 69 230 252 184
    255 246 79 52 251 216 193 23 53 170 224 113 208 235 204 255 99 241
    102 112 229 113 242 254 116 200 255 191 255 194 134 11 240 208 255
    78 187 218 5 9 255 251 255 196 46 177 60 207 138 29 223 6 134 172 26
    67 255 52 129 15 104 95 112 87 223 13 47 80 204 74 210 123 51 146
    182 237 255 42 255 132 207 22 255 229 170 233 103 94 0 197 2 19 62
    160 179 64 251 3 85 26 106 165 87 255 108 215 136 131 63 237 9 165
    160 149 148 65 250 177 102 147 105 255 30 74 31 4 114 140 59 143 213
    222 255 255 244 148 39 189 255 255 68 14 255 218 92 209 33 255 255
    241 167 255 80 75 134 165 193 255 225 184 94 129 193 75 255 38 176
    112 97 188 255 255 255 13 173 64 69 200 237 206 96 115 177 247 117
    213 54 229 8 202 107 255 138 87 197 58 153 255 33 243 148 88 213 44
    233 149 199 255 42 47 214 255 252 239 173 255 165 22 136 193 130 198
    158 255 131 81 61 61 239 20 60 109 65 188 223 148 143 29 165 5 62 62
    192 128 29 203 232 74 62 153 90 166 120 255 101 75 127 92 183 50 68
    115 227 85 119 55 243 193 244 185 111 111 84 180 162 251 180 185 36
    211 20 130 255 183 30 24 4 124 218 176 109 255 50 102 33 255 147 255
    255 166 254 255 225 49 255 140 133 50 243 230 24 34 175 171 71 206
    76 188 255 56 5 65 76 73 255 210 97 70 65 160 68 241 99 9 159 189
    255 173 4 69 255 67 112 243 95 127 255 56 57 66 214 166 160 39 108
    255 236 85 173 167 70 127 1 99 188 228 134 123 225 247 27 255 229 71
    154 234 206 192 147 248 47 166 196 26 45 84 94 17 255 250 75 199 44
    60 153 6 3 255 78 232 200 198 77 118 181 43 179 93 120 18 74 12 53
    213 209 101 128 232 255 112 95 31 117 185 160 226 4 239 214 129 43
    56 184 79 224 131 43 100 49 255 75 239 153 90 244 219 90 131 131 10
    255 24 45 137 200 195 8 255 71 72 255 171 145 255 255 242 66 153 152
    112 255 247 255 111 105 200 238 226 146 135 182 234 215 59 159 221
    167 252 63 187 244 98 112 46 71 255 255 203 59 38 92 206 205 66 189
    14 177 202 205 255 38 117 53 124 39 101 97 255 181 16 140 43 181 37
    116 134 255 1 90 24 63 66 8 72 83 248 115 103 185 144 202 168 114
    183 47 8 68 106 246 253 255 31 217 249 168 182 136 140 48 136 68 95
    191 45 117 73 249 255 200 223 166 126 56 68 255 90 189 3 241 132 34
    75 193 216 118 200 221 98 117 255 70 73 164 37 30 103 46 255 251 3
    115 55 93 125 223 214 72 125 228 247 25 174 130 109 7 255 247 144
    153 123 108 63 228 249 73 129 247 111 214 255 165 57 13 159 255 174
    211 255 226 31 220 226 158 195 88 239 27 54 255 136 115 44 247 201
    163 70 105 215 139 207 203 79 82 167 95 6 69 199 13 139 255 175 212
    127 85 255 108 71 147 109 235 35 193 147 68 241 88 255 162 51 84 255
    248 98 15 69 1 9 216 118 224 255 24 108 128 255 123 85 37 255 52 0
    255 26 227 255 13 48 167 37 90 22 121 188 255 7 95 167 171 108 255
    69 159 50 62 180 186 22 255 252 79 4 42 24 246 50 160 29 60 222 53
    18 228 183 107 181 226 248 211 219 197 213 112 227 236 18 255 208
    234 255 19 58 85 59 31 160 172 194 255 48 255 129 255 24 87 197 80
    233 175 226 244 94 57 193 223 117 229 189 69 11 144 226 195 238 253
    185 96 255 140 52 153 239 157 122 38 67 181 255 233 70 255 50 253
    255 37 15 188 80 75 192 162 156 255 164 9 62 255 255 255 165 167 255
    151 105 115 255 89 221 43 138 247 185 24 130 79 22 213 249 69 145 20
    255 197 43 32 255 210 26 61 146 113 199 166 226 60 5 139 225 32 42
    255 115 181 148 119 113 92 74 117 84 210 169 255 145 137 66 255 44
    244 251 226 33 181 136 94 7 75 255 129 255 196 120 105 109 106 19
    153 4 161 176 114 84 255 226 32 255 32 209 146 149 38 255 180 1 134
    206 75 237 211 77 186 254 168 209 55 108 255 208 92 70 224 200 246
    149 198 255 39 10 155 186 10 255 191 16 95 193 242 242 63 74 56 17
    67 255 98 175 210 73 243 48 135 246 60 233 56 223 20 230 160 164 205
    101 85 255 255 226 204 78 179 159 178 169 204 34 252 52 255 255 145
    214 108 83 221 184 179 107 138 213 233 27 24 79 139 44 239 155 147
    255 91 240 136 136 200 5 1 240 205 243 30 255 105 152 255 197 119
    129 179 87 29 140 131 221 251 108 162 210 255 211 71 38 113 128 255
    117 194 119 255 169 252 47 210 24 103 7 38 102 56 31 74 8 226 255
    151 165 255 145 143 255 82 60 92 132 168 255 153 33 88 241 52 61 255
    214 255 179 144 60 75 212 255 126 251 253 255 255 200 255 181 177
    177 209 183 74 251 80 255 255 255 148 255 151 255 255 80 84 55 18
    138 45 18 29 5 255 66 255 234 251 100 50 33 197 255 77 219 90 241
    189 255 134 148 255 65 87 206 206 85 46 97 123 64 40 212 228 78 103
    220 142 255 85 212 115 255 18 145 32 131 114 129 188 63 218 176 182
    69 112 71 255 36 131 255 94 11 22 14 0 120 157 185 90 111 246 23 163
    2 255 11 226 115 179 238 224 148 8 247 209 143 242 255 255 255 146
    177 255 5 10 255 115 255 255 222 182 88 157 116 120 45 213 6 40 140
    255 1 138 60 191 91 87 213 250 255 244 255 255 95 16 136 237 239 221
    47 37 255 188 157 255 176 218 62 251 246 255 48 120 136 209 101 255
    52 102 106 220 65 140 254 46 148 94 237 255 62 27 246 19 237 220 176
    179 255 154 41 235 143 243 151 176 184 14 146 30 255 116 118 143 255
    255 218 51 210 255 78 167 223 70 83 255 249 55 255 79 137 232 207
    155 228 175 31 239 186 33 148 10 134 123 4 212 255 45 116 74 187 102
    113 106 190 70 54 193 255 79 114 244 99 153 183 164 202 255 179 234
    255 255 255 247 65 61 22 161 255 255 26 156 20 255 141 6 151 247 111
    26 159 255 101 67 187 179 255 165 91 230 255 21 197 62 164 87 136 79
    191 186 160 234 255 120 175 246 95 74 157 64 16 62 215 8 255 95 92
    255 72 59 27 176 41 97 186 18 90 225 208 255 71 255 148 26 60 162 3
    70 98 66 220 177 70 202 159 67 147 232 206 250 202 236 155 141 201
    140 48 19 237 109 135 55 247 72 105 195 128 219 163 78 239 112 232
    232 216 211 247 219 93 208 171 103 137 117 161 125 255 244 155 136
    10 255 4 210 80 200 62 212 255 101 81 255 68 160 55 4 156 1 165 166
    193 103 139 4 42 6 255 138 67 255 193 160 48 229 210 146 6 122 255
    153 143 43 234 47 255 16 90 106 132 61 5 63 83 13 56 139 255 34 67
    98 234 220 129 54 227 255 165 102 3 8 91 255 40 214 206 25 229 62
    240 138 255 28 157 246 40 210 42 191 81 255 226 214 45 255 203 252 1
    168 204 56 42 232 153 98 102 84 204 41 31 241 255 130 131 255 161 66
    255 122 119 75 123 209 242 251 86 255 87 156 192 154 222 227 188 122
    75 6 6 145 255 72 139 241 119 255 239 168 200 255 255 70 132 11 141
    174 15 6 188 82 139 105 227 15 36 127 97 227 165 235 126 31 98 78
    247 255 44 255 210 188 126 120 79 255 255 111 132 37 6 144 101 128
    172 135 0 120 255 96 63 78 121 16 52 233 246 42 135 1 116 245 250 8
    202 224 188 47 155 45 198 191 36 141 214 178 64 162 84 190 230 210
    164 197 251 233 190 255 48 30 6 245 172 177 195 147 112 60 173 50 38
    16 225 208 255 165 16 6 47 162 187 163 129 246 255 159 234 176 214
    88 118 15 151 214 204 40 67 184 56 97 29 75 255 53 67 155 145 72 255
    254 74 255 125 123 220 169 44 255 192 203 37 41 19 255 0 231 255 97
    163 148 212 97 107 227 149 171 114 152 73 144 72 153 63 155 85 157
    109 14 215 19 141 43 6 206 95 222 255 136 245 109 125 113 255 63 73
    134 182 32 130 106 61 214 201 255 99 174 255 46 237 108 48 145 67 10
    52 43 143 253 91 174 60 56 213 245 101 113 249 114 62 247 151 95 138
    152 193 119 241 255 115 126 234 210 222 93 96 124 79 50 125 223 70
    228 103 42 227 65 244 6 199 234 47 249 96 200 229 118 33 255 0 17 70
    77 190 182 115 2 221 208 113 255 39 219 172 65 68 251 82 255 255 27
    137 3 74 232 248 29 5 214 48 241 11 92 254 32 89 172 255 171 219 165
    244 255 255 98 219 176 193 255 122 255 28 173 86 171 193 148 39 247
    197 206 154 178 161 233 218 9 159 90 114 190 202 17 255 98 82 98 2
    243 169 177 199 235 21 68 229 125 151 14 122 5 206 24 148 130 115 85
    225 48 232 255 39 245 27 252 247 255 205 180 214 126 138 251 244 255
    31 193 255 61 25 168 225 0 41 118 189 154 220 151 35 159 60 229 61
    163 14 255 195 41 167 192 70 79 112 126 234 82 51 15 85 54 141 224
    214 43 147 75 255 34 241 158 31 182 53 115 116 83 145 255 55 248 40
    178 250 95 255 23 179 111 82 236 137 76 9 108 67 228 255 13 156 39
    238 34 255 177 101 255 99 75 69 21 216 97 255 245 65 84 83 36 20 58
    197 3 114 118 25 255 37 239 181 255 40 52 255 91 12 6 45 255 94 255
    130 233 246 193 75 217 137 169 177 233 165 193 117 238 88 175 28 45
    140 185 125 197 177 148 208 228 10 152 255 80 181 127 102 255 41 70
    155 255 103 83 48 80 255 255 32 153 163 124 134 103 24 88 141 174 18
    255 207 94 255 232 255 116 23 96 99 233 122 255 28 167 126 197 2 255
    27 17 239 198 172 95 37 40 174 255 255 139 179 85 14 169 19 183 255
    104 116 179 51 127 116 216 177 11 228 253 221 255 93 18 253 132 201
    252 255 250 188 38 133 220 112 115 166 57 254 101 206 183 10 188 22
    165 78 13 171 45 88 241 131 156 16 47 6 199 87 233 39 255 174 215
    255 255 40 255 158 163 224 22 27 255 32 202 211 194 166 186 143 8
    164 5 255 151 223 66 255 151 234 255 255 37 255 178 125 55 205 234
    255 161 210 39 29 100 9 148 162 255 255 152 255 246 55 255 190 255
    255 115 171 154 21 199 197 26 117 172 138 166 255 170 56 99 107 106
    146 14 237 223 236 13 94 82 29 255 133 210 104 125 160 234 206 179
    41 214 124 65 65 61 145 241 148 43 201 153 160 181 71 255 238 255 42
    136 199 98 111 208 255 191 255 163 33 141 3 27 239 230 188 204 123
    222 67 81 60 25 126 204 79 235 47 35 106 225 240 10 222 4 200 115
    109 70 208 175 18 193 88 108 160 51 19 13 170 94 105 165 223 190 96
    80 39 255 255 63 2 131 56 220 255 32 157 186 99 228 255 9 99 255 18
    193 81 252 115 253 123 230 255 155 10 255 120 194 6 130 248 154 247
    217 71 88 136 204 255 75 20 232 157 255 130 55 125 215 31 15 107 210
    6 247 255 255 170 108 129 97 186 247 145 125 109 229 243 148 116 20
    255 6 239 127 217 142 182 176 119 224 255 179 172 157 186 255 199
    103 41 149 226 93 42 234 85 240 162 80 119 255 5 167 139 160 16 208
    0 66 123 78 15 75 13 218 128 13 140 47 255 37 76 73 132 212 139 118
    104 176 56 210 1 92 140 55 10 255 218 125 153 255 255 231 204 39 113
    137 94 194 159 255 215 179 249 92 255 115 83 76 143 113 84 18 70 15
    160 75 255 60 124 255 217 245 167 164 251 0 153 255 52 245 38 104
    190 141 127 92 157 214 80 99 75 82 239 255 114 255 255 178 81 249 85
    11 197 65 96 206 88 42 255 121 193 219 212 57 241 71 28 70 166 111
    93 140 160 204 134 102 71 68 3 255 94 126 241 95 18 9 108 202 151 27
    248 246 197 140 79 121 240 228 78 205 233 161 32 158 9 142 183 204
    215 5 75 57 255 254 143 195 113 20 255 125 247 98 239 65 165 167 225
    160 142 209 98 184 125 218 190 16 107 144 255 159 110 203 255 154
    211 38 106 100 46 7 143 247 61 79 125 7 48 106 16 67 242 185 255 143
    208 173 215 89 166 255 197 255 202 184 89 229 129 215 255 225 73 39
    8 94 137 73 148 255 47 255 197 9 250 167 1 9 255 83 132 47 227 177
    196 255 188 43 248 157 187 176 250 143 145 147 255 222 185 153 54
    137 14 9 145 126 122 255 255 125 18 19 61 197 255 96 124 79 166 255
    172 79 179 123 203 213 141 181 115 22 178 60 108 76 246 188 255 142
    59 24 209 28 176 118 255 191 161 255 82 128 70 255 120 47 190 40 59
    255 201 188 129 43 15 144 32 19 168 213 255 40 106 113 255 124 255
    227 88 129 151 200 255 128 97 106 192 166 129 237 179 159 244 224
    112 224 19 17 119 89 255 156 218 255 183 234 149 80 123 42 158 208
    89 199 1 255 59 232 196 195 245 64 252 167 18 165 37 155 143 237 45
    55 66 121 224 109 134 55 205 199 138 159 233 84 163 255 23 45 71 144
    255 99 148 180 255 2 113 246 74 255 201 38 41 227 126 6 116 191 140
    34 158 233 223 248 91 109 228 60 111 120 88 47 204 203 118 60 23 255
    60 66 255 137 248 143 178 255 4 87 24 98 206 168 48 236 118 6 98 132
    52 41 40 255 194 3 103 142 238 90 75 183 255 135 52 255 123 38 31 6
    127 1 245 132 85 156 180 9 149 31 255 56 106 227 61 248 197 165 246
    242 205 69 220 85 184 11 44 200 214 152 183 255 78 131 255 255 148
    130 68 236 34 84 77 243 83 59 20 37 134 41 255 139 6 0 238 229 5 168
    255 232 157 255 225 179 29 51 15 92 245 76 255 78 18 255 43 158 19
    178 194 255 205 127 71 30 42 39 169 243 253 62 86 34 141 127 255 118
    137 106 130 251 164 29 255 67 228 69 196 57 92 251 16 48 214 44 3
    255 11 19 215 25 44 255 255 98 75 66 210 168 190 62 255 202 213 225
    25 180 33 117 98 121 255 200 116 132 155 78 172 33 65 65 63 87 144
    17 197 109 171 97 155 18 255 160 255 103 42 136 255 79 205 121 148
    122 141 103 29 123 16 234 255 217 60 255 200 113 172 146 151 255 124
    214 196 7 202 38 236 79 199 194 98 15 26 255 255 75 30 79 145 174 27
    255 255 255 37 240 80 98 200 233 130 15 200 85 25 181 111 85 51 214
    251 255 42 102 106 166 191 204 24 130 95 88 102 148 71 46 66 72 219
    48 94 231 160 21 230 230 1 51 41 217 254 206 2 220 62 91 2 174 189
    184 218 255 32 255 136 28 255 183 90 10 128 247 227 0 39 93 59 41
    255 69 5 45 69 79 225 57 84 50 122 229 61 63 255 28 97 71 255 210
    113 215 106 52 144 163 18 123 73 76 255 201 47 255 49 4 255 39 227
    255 255 234 41 175 240 206 80 85 187 216 255 255 83 215 255 250 84
    247 115 234 255 246 86 213 106 203 29 255 16 90 73 10 215 133 119
    164 87 198 99 92 117 117 79 41 117 237 49 228 198 252 173 94 137 15
    106 6 28 176 227 252 82 151 255 85 244 255 28 180 71 188 53 112 68
    32 151 240 131 99 233 224 178 188 159 255 68 66 205 65 24 255 179
    194 36 159 195 59 237 18 3 78 255 255 41 59 228 191 58 15 108 213
    232 122 47 200 15 255 143 97 90 241 191 85 255 112 186 159 148 255
    230 90 79 5 202 191 246 47 68 237 92 184 255 163 100 14 137 34 92
    255 176 140 174 127 255 159 129 10 92 171 155 164 149 59 75 18 255
    94 202 95 130 86 202 20 152 103 82 163 89 243 88 255 249 199 255 93
    47 115 21 34 196 181 206 90 211 255 216 92 67 160 134 69 206 137 22
    220 53 66 39 72 143 255 73 248 255 61 240 186 212 82 37 42 209 39 60
    2 229 155 42 27 191 84 164 29 35 139 10 234 127 93 102 157 145 69
    111 105 61 62 56 184 14 90 132 116 184 139 255 200 255 84 117 13 204
    80 159 106 153 203 80 205 201 74 208 198 182 254 225 200 255 156 248
    140 174 255 238 124 9 84 20 255 207 44 255 167 185 56 176 79 125 205
    30 46 255 199 199 21 49 255 87 114 168 232 40 255 214 98 39 117 167
    15 143 148 27 154 27 31 95 255 125 239 181 92 51 102 172 119 222 89
    165 255 255 248 87 187 234 17 234 235 98 42 187 195 171 186 47 192
    248 86 255 166 189 177 213 54 172 207 119 185 157 190 202 197 255 76
    230 189 255 39 37 55 19 212 123 41 125 136 76 123 241 139 43 255 203
    202 207 95 220 255 239 24 201 255 8 251 247 20 255 31 103 174 216 34
    255 72 252 150 3 200 130 4 113 255 255 8 93 115 129 247 197 95 24 16
    15 255 245 211 33 207 28 150 46 54 3 175 251 50 226 217 255 38 46
    224 237 208 173 149 95 252 4 215 146 214 201 85 52 179 15 255 111
    173 201 123 255 151 255 81 1 175 213 148 246 255 215 200 97 211 9 97
    62 255 139 130 237 163 16 190 176 112 66 71 144 117 210 206 122 23
    86 152 229 164 222 4 206 73 129 206 217 255 192 180 255 217 155 242
    105 211 80 24 149 255 225 136 121 125 59 237 237 253 31 230 46 255
    169 246 155 190 255 205 25 254 255 125 160 178 41 138 191 23 248 227
    96 255 255 189 153 29 48 210 196 61 81 162 184 226 249 110 112 224
    245 20 171 255 149 32 158 224 255 46 255 150 70 67 255 24 47 32 147
    215 151 71 58 101 92 11 117 255 210 201 17 108 121 72 240 81 85 89
    255 95 113 255 182 18 4 95 119 106 251 154 140 185 61 255 254 254
    168 208 167 188 89 236 163 246 118 47 235 251 193 38 196 255 23 63
    153 74 82 134 248 255 145 180 0 150 93 53 22 187 97 70 23 125 255
    255 17 200 75 234 153 1 247 224 43 236 246 78 18 11 255 68 255 129
    199 79 201 77 235 255 145 101 119 215 90 33 116 116 133 24 181 232
    57 122 42 153 255 1 176 9 116 117 187 79 144 255 214 136 50 93 213
    37 255 137 255 18 182 43 255 71 22 85 57 195 253 134 190 73 104 29
    179 159 255 192 11 255 56 92 144 178 14 182 172 255 255 163 73 255
    201 77 173 180 18 178 170 72 140 211 12 157 108 173 131 0 174 8 36
    16 113 107 42 104 34 34 227 243 252 171 45 44 41 251 29 69 158 31
    244 44 90 4 155 201 248 83 54 255 223 98 227 248 96 59 252 26 95 232
    204 249 223 139 20 255 206 19 16 255 247 76 166 64 94 47 255 176 142
    173 180 255 28 251 228 255 129 91 165 243 255 46 239 129 171 48 205
    183 56 153 218 82 62 158 93 75 224 255 26 134 122 200 42 198 113 237
    34 16 66 105 179 255 206 122 234 234 55 213 3 238 174 154 73 146 195
    1 251 236 193 116 43 17 255 214 8 149 25 140 69 68 160 255 222 91
    160 155 108 6 240 6 193 9 186 255 116 191 183 113 255 28 255 163 38
    126 250 255 102 91 216 8 77 255 50 27 255 67 202 209 119 95 94 233
    79 228 243 82 70 145 252 220 228 48 37 88 105 121 45 193 255 191 72
    163 21 130 183 107 80 255 205 146 136 60 18 173 57 44 255 74 180 83
    210 155 255 107 2 227 159 116 255 53 34 139 168 252 247 3 185 209
    211 177 143 188 157 1 244 198 255 87 169 255 213 255 255 224 255 237
    44 120 160 141 16 83 248 51 255 100 140 220 205 171 172 84 28 102
    168 225 255 118 211 252 32 254 99 212 238 238 206 97 148 160 251 34
    82 243 11 244 255 69 44 79 229 70 43 225 255 72 0 215 255 45 228 160
    181 239 195 255 19 85 45 25 73 42 5 104 93 208 56 255 233 1 57 215
    144 56 102 233 255 55 255 1 70 226 38 75 47 41 243 108 255 255 74
    171 73 81 241 206 246 18 251 212 255 128 67 255 154 94 238 221 255
    32 55 131 113 240 62 255 255 31 255 47 196 200 66 141 192 182 183 8
    30 94 201 2 234 200 126 245 255 136 255 255 17 247 199 73 96 67 71
    143 92 255 184 64 224 201 255 155 197 80 232 255 255 27 190 62 147
    193 23 183 73 135 14 11 255 244 33 88 116 182 9 56 152 187 45 155
    141 24 236 192 207 206 241 134 28 255 252 65 88 56 87 65 94 76 78
    225 255 255 239 12 238 8 81 22 175 106 255 10 38 145 14 113 192 41
    224 109 112 255 153 83 95 99 22 138 178 255 233 23 43 45 255 15 96
    106 188 39 255 80 173 255 11 32 106 129 83 85 212 255 90 123 139 193
    204 99 255 218 16 69 206 254 50 215 205 46 7 223 134 5 112 229 147
    255 244 28 40 255 1 244 79 172 33 132 72 145 172 238 232 131 148 238
    79 124 133 129 209 123 25 92 61 173 218 200 172 255 83 131 21 75 228
    155 167 193 53 41 192 105 102 234 56 211 255 72 99 199 71 84 17 25
    139 149 39 224 143 86 255 192 254 98 8 249 139 235 255 100 249 61 26
    50 114 69 13 158 75 255 13 127 33 164 140 228 145 231 237 218 58 50
    250 227 11 93 47 169 49 31 255 209 144 81 252 183 199 9 45 139 28
    204 167 176 255 201 44 243 62 203 233 174 234 226 255 189 218 255 39
    144 112 8 220 3 236 91 255 55 125 23 87 0 71 122 74 84 169 217 45
    146 169 84 238 101 149 184 57 255 255 209 47 230 201 88 100 76 215
    34 62 55 123 167 29 118 68 235 255 76 204 125 219 244 132 40 255 149
    188 3 202 186 3 244 31 53 107 241 84 40 101 200 89 152 103 203 119
    183 96 233 162 183 60 32 202 126 37 254 71 129 171 255 255 56 158
    219 109 234 150 126 81 31 13 237 244 44 30 120 38 33 87 247 44 237
    220 128 255 165 116 195 250 228 255 17 109 255 155 173 173 255 5 70
    55 147 237 130 180 83 200 89 196 197 250 209 22 255 43 97 166 255 77
    55 74 111 240 186 202 202 255 176 68 255 28 187 79 118 122 74 106
    124 103 199 48 255 89 109 71 207 131 118 65 203 162 145 227 146 21
    230 255 109 217 230 210 58 122 64 189 255 185 136 121 38 156 149 125
    255 255 48 34 155 232 200 218 249 94 185 8 68 8 209 108 237 141 11
    255 141 255 130 254 157 150 88 108 20 27 31 39 25 240 144 204 105
    255 213 255 190 140 255 169 174 255 255 88 167 20 203 61 237 126 128
    255 121 255 169 68 254 177 37 198 34 202 31 80 158 3 15 93 196 255
    59 145 255 251 25 52 20 90 249 199 255 255 188 172 158 175 155 18
    148 173 252 122 9 255 80 217 85 88 208 13 102 226 255 158 54 22 253
    75 46 255 169 204 22 231 108 151 27 111 120 197 98 255 83 255 198
    163 171 255 56 22 166 180 255 117 124 207 114 190 87 175 96 126 166
    255 255 69 206 224 205 33 244 240 63 18 113 185 205 167 1 18 100 250
    0 88 49 80 28 240 205 250 75 221 137 71 134 6 39 42 19 245 73 207
    165 255 6 226 255 21 185 95 76 242 32 165 186 153 128 173 174 223 92
    182 232 255 88 16 99 255 75 5 255 167 113 159 190 242 85 112 161 188
    91 213 234 34 224 255 111 117 255 214 88 14 24 116 125 64 3 45 76
    105 255 19 182 255 243 223 125 209 218 83 56 222 59 111 230 209 178
    153 235 222 11 255 26 134 182 197 82 176 169 186 136 130 105 4 89
    190 218 40 110 14 130 248 255 211 234 252 255 238 173 89 18 125 214
    255 151 46 20 209 51 166 255 253 51 56 26 203 154 255 30 145 236 237
    255 195 190 117 232 245 127 32 87 255 255 255 255 18 124 137 147 87
    135 71 22 13 148 237 135 17 196 214 49 232 136 149 224 249 255 186
    188 29 58 207 190 90 98 98 70 171 224 100 38 172 203 255 87 29 209
    80 10 232 122 161 80 212 137 67 255 161 255 33 244 129 71 169 255
    143 255 227 92 130 115 202 28 42 169 90 207 232 8 23 21 206 191 204
    102 106 154 179 179 123 11 251 255 33 158 38 71 255 55 37 0 2 23 76
    253 224 249 24 222 255 82 34 31 255 118 255 232 142 255 240 146 190
    62 228 28 247 145 246 131 0 255 90 252 255 240 88 123 239 35 193 255
    201 94 209 80 224 108 181 255 132 182 164 74 138 199 110 156 251 248
    133 99 147 216 103 76 255 255 253 255 102 193 255 165 119 228 23 71
    241 1 247 42 172 212 22 178 164 185 148 142 168 93 210 152 255 4 12
    45 231 31 71 220 156 255 28 134 238 84 252 255 79 153 232 250 66 255
    250 126 255 158 255 255 226 127 34 194 129 78 238 45 188 132 189 6
    25 250 255 43 54 239 205 17 34 23 99 210 72 12 17 195 204 89 53 163
    255 50 139 255 46 210 45 217 134 108 214 148 92 230 186 243 230 201
    95 55 255 98 166 124 190 8 237 10 68 251 228 88 118 195 218 79 99
    212 200 188 220 118 227 246 182 104 195 132 18 214 118 74 159 145 18
    167 126 255 19 196 137 213 86 31 184 34 113 218 55 206 3 77 190 63
    117 108 189 92 64 28 190 116 235 146 255 141 53 206 118 199 255 232
    255 27 145 255 60 114 99 18 202 255 204 165 169 196 121 186 255 255
    222 199 83 23 129 80 209 237 184 132 13 109 253 118 176 210 255 123
    170 255 115 155 95 207 49 255 103 255 8 254 84 11 2 134 153 119 148
    144 152 220 139 232 152 109 153 175 235 94 159 233 98 97 8 189 25 18
    93 144 13 113 35 39 250 171 255 247 73 247 31 27 95 143 197 148 111
    105 25 20 128 174 32 255 125 230 48 48 140 255 221 92 217 196 234
    132 255 171 94 255 209 44 225 44 191 151 88 0 178 189 217 238 90 39
    255 7 212 178 83 75 192 157 188 8 13 206 141 206 41 255 18 231 134
    222 140 169 179 136 211 164 83 255 9 242 221 231 255 255 155 65 97
    73 157 71 7 132 113 249 70 73 175 51 255 19 220 159 157 246 193 117
    98 255 177 224 50 25 129 62 18 48 255 237 208 255 84 3 233 192 77
    169 188 55 171 21 119 25 209 83 127 217 255 15 8 247 255 186 58 196
    103 161 221 50 106 108 236 252 115 215 118 255 214 77 15 207 12 188
    70 214 195 255 177 246 30 199 255 39 191 59 108 255 255 172 174 80
    74 80 171 76 59 221 40 29 195 99 197 146 206 26 37 75 55 145 109 123
    15 61 199 209 17 115 188 109 46 193 233 255 123 66 158 160 154 255
    201 100 96 202 7 222 235 154 142 255 47 196 202 153 62 112 31 189
    253 240 209 22 227 255 200 82 242 255 111 255 38 101 143 255 237 60
    103 86 203 37 121 81 107 85 102 187 229 228 4 78 224 255 71 140 95
    20 84 36 107 191 94 52 231 18 122 185 19 144 255 41 131 81 71 133
    216 23 39 147 17 134 149 168 237 247 51 201 144 248 74 152 102 177
    201 255 229 14 162 149 201 255 200 56 167 231 32 84 89 74 84 37 24
    255 116 182 255 255 85 255 19 47 144 255 191 255 142 174 255 29 131
    255 203 27 145 215 147 34 54 109 83 189 162 123 51 208 50 117 163
    204 255 37 87 90 238 178 54 75 209 89 156 48 255 15 76 248 71 19 19
    174 205 10 247 255 57 83 255 57 213 181 19 130 196 65 234 20 197 255
    11 29 60 255 170 99 186 226 146 174 54 165 255 100 198 233 7 190 118
    5 154 237 255 132 70 182 145 65 209 141 146 28 251 224 177 32 255
    191 0 59 34 165 10 248 90 255 75 113 144 213 132 255 204 84 255 21
    174 95 194 75 66 172 155 141 136 151 255 158 241 165 191 255 197 144
    61 126 120 60 78 88 87 255 198 175 164 102 1 255 144 90 220 87 224
    48 189 208 17 157 114 255 167 94 75 99 243 97 86 53 53 125 251 255
    121 241 244 121 190 140 68 194 255 141 38 162 255 46 11 254 55 255
    184 196 255 148 246 154 34 156 5 153 90 255 167 169 159 9 82 59 224
    194 83 64 48 255 15 218 255 182 196 43 249 174 191 86 9 255 32 74 56
    53 168 134 155 28 244 2 180 241 164 196 199 206 73 195 76 20 190 7
    140 181 233 255 123 36 52 132 20 79 75 20 56 205 75 127 255 160 171
    255 84 255 25 130 87 186 255 239 255 18 162 55 225 242 120 228 226
    34 60 68 255 75 117 216 168 177 55 146 181 255 171 200 255 254 233
    216 232 232 255 223 211 249 246 255 187 77 255 90 105 145 173 20 240
    190 15 8 9 51 96 255 208 137 3 108 198 206 221 25 144 117 100 149 93
    3 15 254 220 41 128 172 76 100 162 27 70 124 14 248 223 255 212 176
    126 152 176 88 115 81 255 179 160 50 255 116 38 116 132 255 255 46
    255 128 60 255 255 47 247 182 65 125 128 22 102 112 0 29 89 209 19
    13 77 183 255 225 200 195 31 183 145 186 255 49 70 6 241 30 52 9 160
    255 193 46 157 225 39 151 202 251 143 67 123 255 224 34 202 3 237
    160 158 0 255 22 173 255 24 185 127 167 171 255 72 211 244 148 194
    94 111 60 255 164 211 197 190 237 28 131 182 14 23 255 141 249 71 14
    191 147 255 119 255 252 37 23 232 200 80 121 224 210 112 53 94 135
    72 55 255 134 10 160 47 157 255 240 180 171 44 180 255 238 185 249
    135 209 255 158 141 219 238 188 109 109 56 78 215 113 41 84 193 234
    61 137 151 181 129 255 66 51 149 143 155 151 79 44 135 245 255 204
    204 124 115 142 68 15 99 85 201 61 48 136 36 33 93 124 195 233 51
    255 121 145 55 213 60 18 59 189 169 15 167 255 80 186 126 197 111
    186 11 117 255 89 74 19 255 143 49 244 33 9 219 183 198 117 26 32
    117 249 131 233 80 251 255 161 42 134 47 211 112 255 42 153 100 71
    34 3 189 60 234 124 28 27 144 153 15 110 34 198 123 50 229 31 73 255
    68 253 247 184 255 113 90 101 186 86 255 229 223 135 246 53 187 154
    160 207 123 9 162 39 184 120 241 166 210 46 25 202 5 13 255 158 191
    79 9 55 219 15 219 3 128 187 150 120 76 120 226 148 219 187 96 168 3
    143 255 60 125 8 19 255 255 90 255 255 20 28 150 69 88 41 22 240 78
    225 255 171 52 193 32 128 188 255 125 208 255 138 100 173 121 142 66
    4 39 129 15 255 88 211 168 255 109 125 255 208 170 153 26 97 255 85
    110 255 187 131 112 7 3 148 158 255 195 60 176 185 233 124 181 137
    74 255 129 89 255 119 103 137 186 41 247 250 254 200 119 225 78 236
    33 255 162 88 255 246 133 92 199 0 255 182 189 153 207 242 127 86 79
    141 3 17 89 189 9 121 156 122 64 151 92 8 192 218 192 20 174 176 37
    241 200 255 238 204 238 86 135 0 177 62 144 143 43 226 166 234 24
    146 160 193 220 255 65 179 243 8 99 130 178 89 62 108 100 167 100
    212 242 115 144 255 211 46 76 136 6 219 255 175 255 154 255 141 70
    70 255 125 169 106 222 247 22 83 127 83 59 140 71 29 62 183 221 137
    78 212 186 193 165 35 115 205 246 188 122 120 214 82 255 29 67 218
    52 3 234 144 51 109 255 5 186 94 222 124 83 78 134 200 250 113 102
    142 0 255 171 170 48 7 122 182 254 10 121 130 200 121 122 2 134 142
    255 228 180 68 255 160 109 78 134 98 209 99 206 228 225 12 192 46
    255 154 186 8 75 148 49 9 88 48 255 125 83 43 59 2 129 204 152 93
    227 170 34 169 29 218 63 166 146 5 105 118 228 177 255 236 12 255 99
    204 146 71 239 136 233 41 20 38 125 255 38 182 37 82 237 255 208 215
    255 97 251 201 14 255 60 158 124 32 190 123 38 98 238 46 5 25 216
    188 30 134 140 132 47 118 255 155 37 144 151 52 119 255 110 158 71
    84 167 145 55 218 255 23 95 88 255 222 244 167 49 109 27 104 255 198
    154 116 212 172 178 231 197 229 112 168 76 246 255 115 116 127 33 9
    117 80 97 168 8 139 226 131 31 156 251 162 3 255 239 180 190 80 181
    255 6 255 18 51 103 255 65 162 253 88 134 126 73 168 103 153 54 73
    87 254 10 230 154 157 168 227 255 67 180 158 201 247 255 148 194 50
    65 177 41 151 202 57 251 35 70 214 26 43 185 99 252 223 2 176 57 129
    127 69 91 255 208 229 61 129 174 255 7 255 33 240 22 129 184 183 255
    203 10 1 94 194 255 63 35 183 170 127 197 47 76 181 222 151 197 244
    5 218 181 233 90 39 188 155 108 14 255 80 194 131 178 117 185 119
    142 121 131 215 164 7 115 42 255 75 80 72 116 186 158 238 113 249 74
    62 94 118 224 182 189 19 133 160 253 226 203 255 20 146 61 27 112
    255 50 180 255 191 0 255 141 24 255 111 255 219 162 69 46 172 34 81
    64 49 211 237 56 255 152 240 255 121 75 14 80 103 139 255 233 190
    106 71 6 200 77 255 13 68 107 83 79 29 234 191 115 106 179 129 113
    39 98 33 187 179 66 18 183 147 114 255 50 15 23 169 194 65 53 23 255
    66 125 111 29 169 255 215 126 76 113 255 103 73 9 255 49 46 45 91 51
    39 43 255 11 10 201 67 123 41 3 183 139 255 142 255 11 255 255 52 11
    131 6 246 101 255 211 40 56 39 24 42 255 86 233 206 39 211 221 210
    151 255 28 3 119 25 252 184 200 206 240 199 37 255 35 116 121 68 171
    216 165 255 187 98 251 159 10 153 167 10 255 49 13 88 25 216 149 93
    3 13 62 12 171 215 183 255 215 237 131 140 34 255 57 73 233 138 10
    234 215 254 255 18 43 229 149 166 158 213 128 248 141 116 50 255 129
    255 74 122 78 208 245 52 46 20 255 177 66 249 92 23 28 161 19 62 19
    222 139 113 147 59 255 9 255 4 227 200 238 255 255 106 190 179 66
    199 255 206 186 174 159 137 255 204 188 64 87 186 4 49 218 224 200
    140 255 163 111 188 86 67 31 145 39 87 37 40 182 136 129 84 172 209
    130 0 82 200 93 206 255 48 116 164 154 156 62 107 255 123 244 242 56
    93 110 11 116 144 123 99 151 213 61 25 196 208 8 255 200 254 255 131
    229 255 132 232 64 61 143 213 133 43 255 171 255 76 240 136 153 47
    91 47 126 177 162 85 49 5 255 172 13 211 147 255 1 255 18 187 201 50
    101 255 158 189 224 199 167 255 255 143 26 56 147 191 181 189 59 62
    22 255 154 102 125 14 99 25 255 228 49 76 179 248 239 31 156 153 110
    41 154 106 65 177 91 122 204 34 118 18 141 16 192 229 146 24 32 180
    157 18 48 255 7 202 255 230 228 255 233 216 149 248 120 153 39 122
    255 246 239 255 160 8 186 215 60 181 216 151 131 221 55 255 94 6 219
    95 18 255 91 173 201 33 205 252 188 110 136 100 153 255 250 193 252
    186 133 255 18 163 71 233 70 122 157 105 46 255 152 164 214 255 93
    204 74 90 188 87 244 119 255 9 139 167 144 208 231 83 7 240 56 42 16
    247 153 230 74 213 117 187 103 195 200 128 212 78 169 242 215 197
    167 20 177 210 140 234 32 255 183 146 255 75 1 34 125 123 65 155 255
    255 255 56 213 79 63 95 65 149 145 191 103 159 142 20 255 109 91 31
    164 118 83 117 25 255 151 26 191 23 133 43 182 68 103 79 153 171 16
    211 246 207 162 204 149 255 132 158 168 255 184 222 56 42 137 255 36
    54 248 115 89 37 248 255 227 204 119 99 125 228 116 216 32 130 92
    123 255 238 111 205 32 27 36 178 245 188 255 91 255 87 66 159 165
    103 83 227 16 97 66 23 106 240 69 123 193 185 206 17 255 78 255 179
    93 27 204 255 144 255 157 47 83 255 215 229 255 206 197 187 123 181
    200 213 204 255 157 80 188 17 49 225 252 125 255 125 98 85 255 255
    94 141 131 37 233 215 255 117 91 27 43 65 126 62 70 84 246 82 70 151
    109 157 255 234 255 42 79 255 255 133 50 215 152 145 216 34 20 80 3
    23 92 79 223 152 240 179 89 232 84 177 98 10 205 159 19 49 115 154
    128 104 109 232 194 255 223 199 239 52 255 255 132 247 116 226 143
    210 16 200 255 133 43 233 61 243 41 143 248 255 175 172 106 175 177
    36 213 4 129 99 252 210 209 194 179 121 25 174 148 60 255 102 73 255
    193 155 179 255 57 172 44 247 234 125 38 255 182 16 178 95 174 145
    237 30 132 128 236 188 70 136 168 180 219 103 225 142 206 41 148 255
    254 186 132 73 163 149 255 77 148 57 16 106 17 175 118 114 61 255 52
    117 178 126 170 3 145 55 176 90 53 255 20 48 109 171 176 122 105 42
    255 98 3 207 42 214 50 77 97 255 131 181 255 123 202 255 203 255 20
    210 83 255 237 203 15 14 167 207 227 234 62 243 156 59 169 12 252
    182 52 255 69 108 162 135 13 255 153 243 14 23 47 255 235 116 216
    130 19 60 252 126 115 205 255 120 26 89 255 42 116 206 84 85 255 105
    54 10 171 103 148 39 220 14 61 43 247 201 165 214 229 204 97 153 97
    255 51 43 255 210 67 190 102 187 255 211 166 159 240 187 241 126 53
    255 119 120 41 47 12 64 145 61 255 215 70 71 11 230 13 86 201 95 122
    255 20 23 123 255 235 59 33 142 38 17 215 1 199 39 199 132 61 236
    255 20 214 92 208 37 213 66 59 62 140 202 193 231 146 255 153 31 85
    94 129 255 160 16 252 182 100 163 203 67 33 33 167 4 138 74 238 121
    227 255 47 255 255 66 75 51 197 253 65 206 13 255 136 19 255 38 35
    255 255 161 199 206 158 88 241 75 1 51 204 157 210 247 123 182 0 206
    142 180 42 93 24 255 178 24 255 75 182 255 227 81 255 7 252 221 116
    139 201 158 61 3 48 196 33 142 216 15 71 184 140 169 13 126 184 58
    149 251 181 255 23 15 135 185 220 255 51 181 127 232 237 255 185 66
    111 174 191 57 251 234 176 86 44 243 124 130 255 73 202 41 176 33
    255 151 41 229 16 184 177 255 58 146 255 255 255 255 228 255 27 89
    69 174 47 87 85 10 255 122 149 255 168 160 220 4 76 111 116 247 83
    49 30 109 170 247 255 195 109 218 22 75 61 144 33 255 96 84 145 131
    168 65 248 92 218 37 72 139 182 229 255 255 39 238 88 255 255 217
    169 66 165 82 76 70 202 1 238 16 136 223 11 196 31 146 227 118 49
    181 99 172 190 119 80 65 31 103 131 252 92 57 88 87 99 253 20 37 40
    86 177 93 103 113 255 4 104 200 241 37 218 242 253 165 102 249 144
    180 28 96 196 53 17 5 201 213 65 202 130 2 97 45 174 122 230 116 62
    208 228 116 234 47 255 206 167 79 49 196 255 228 46 228 46 173 116
    255 255 51 129 103 239 65 161 9 168 97 255 87 255 74 153 20 45 27 57
    118 15 17 252 157 255 182 207 43</data></my_img>
<your_img type_id="opencv-matrix">
  <rows>100</rows>
  <cols>100</cols>
  <dt>"3u"</dt>
  <data>
    21 218 5 255 162 159 255 59 99 19 114 74 103 255 120 255 255 255 255
    177 156 255 165 11 0 255 64 126 99 255 88 45 255 255 111 255 255 255
    184 255 121 246 255 139 239 255 255 255 255 11 255 255 80 255 255
    255 216 201 165 241 128 186 25 255 196 225 8 255 255 255 170 255 255
    199 255 255 149 57 182 180 85 201 111 87 255 147 51 75 168 129 255
    168 218 255 205 129 255 167 122 220 73 90 233 214 255 178 62 143 255
    39 60 255 255 255 182 200 18 189 255 255 21 58 237 255 255 158 255
    130 27 201 188 103 252 162 41 54 68 113 255 255 246 255 21 62 250
    255 255 84 149 119 255 109 30 255 255 255 140 55 168 195 202 255 36
    95 166 122 255 255 255 255 255 4 12 255 55 70 255 255 241 202 233 82
    255 255 249 120 255 255 255 27 170 255 255 12 255 255 0 14 130 244
    232 149 239 96 0 218 74 94 58 230 153 9 218 90 196 184 69 255 255
    255 241 255 255 58 255 255 124 255 255 30 209 229 239 0 255 62 255
    166 47 207 193 255 255 255 61 255 29 255 37 255 255 12 255 255 255
    255 35 255 255 255 81 255 70 255 220 255 124 206 62 255 255 138 255
    255 255 39 255 83 53 255 71 255 255 220 255 185 106 255 132 12 111 4
    255 255 193 109 193 255 27 131 255 52 255 25 255 255 255 162 28 255
    27 255 255 246 145 255 255 255 8 32 255 99 47 67 206 255 255 255 255
    126 255 255 223 212 92 44 255 255 255 27 255 232 136 49 255 255 217
    255 254 103 255 124 120 23 255 255 120 105 76 255 229 118 255 255 67
    242 174 255 159 65 255 255 255 159 255 124 167 140 255 255 255 185
    189 35 126 227 94 195 52 255 151 255 255 255 255 255 255 50 5 255
    255 255 134 255 253 255 171 158 193 158 21 149 233 244 218 255 179
    153 255 41 255 255 172 166 29 255 13 233 255 42 150 255 255 47 133
    255 70 255 255 99 103 255 255 255 255 191 200 255 255 255 157 255
    239 134 255 115 255 255 255 255 136 246 61 220 25 255 236 198 255
    255 198 255 255 255 255 208 85 250 255 255 147 255 127 255 247 173
    255 129 145 147 202 147 183 212 131 255 255 191 255 255 255 255 117
    255 255 47 69 255 189 255 73 255 239 255 186 30 255 255 64 147 255
    50 151 255 198 143 47 255 231 255 186 255 18 255 4 255 255 239 255
    255 255 238 42 255 255 255 82 188 62 255 121 177 255 255 25 8 86 255
    255 255 255 109 255 255 255 156 156 222 59 104 46 146 255 255 92 255
    140 61 64 255 255 255 94 153 25 255 255 255 255 205 255 255 255 5
    255 255 142 23 217 48 180 85 214 255 180 255 189 99 255 255 255 207
    216 45 30 255 95 255 204 255 129 255 39 41 166 59 255 197 206 255
    161 80 108 21 255 255 115 186 119 75 255 227 255 255 255 50 50 9 36
    255 255 6 255 39 255 255 7 255 111 129 4 232 115 255 255 94 143 168
    97 115 255 37 255 14 255 222 111 73 255 30 170 103 255 51 124 255
    255 255 255 255 159 6 216 255 44 255 96 149 237 84 139 16 78 47 9 75
    15 255 203 255 255 159 61 200 255 174 255 63 255 235 255 255 255 255
    249 156 13 255 173 94 255 94 134 153 133 67 255 255 203 183 255 255
    241 234 32 255 115 50 255 255 255 126 255 241 24 255 193 255 241 195
    133 11 255 212 147 182 88 255 255 255 120 94 255 46 255 199 101 176
    202 223 255 130 244 255 153 74 105 211 255 255 255 255 255 164 239
    199 247 122 255 146 150 255 255 255 229 255 221 86 114 188 255 255
    255 73 211 4 255 188 196 29 58 198 214 0 248 255 30 255 255 68 255
    65 255 198 255 150 101 255 55 255 255 189 255 42 255 255 52 36 255
    255 235 255 255 255 212 107 255 196 255 133 119 255 255 255 255 77
    27 255 165 255 120 183 255 255 211 12 183 255 117 255 255 32 241 41
    108 255 171 255 136 139 255 224 226 255 69 108 255 176 186 212 182
    255 129 255 136 204 255 39 248 255 255 143 255 255 30 255 246 255
    255 167 145 97 255 255 174 183 159 214 255 131 44 45 255 71 180 152
    212 176 255 255 227 138 255 243 94 255 162 2 255 255 53 8 162 255
    255 255 58 255 232 202 255 165 189 255 255 237 101 255 255 255 255
    44 255 255 163 151 103 255 255 177 37 187 167 51 111 17 212 255 255
    39 255 45 163 255 91 214 255 36 195 255 255 255 191 156 255 149 255
    255 185 255 184 255 241 161 255 62 255 255 255 255 255 70 67 255 255
    255 255 194 147 183 91 234 222 68 255 54 255 255 73 105 115 206 255
    241 255 53 2 182 100 255 255 74 127 227 255 46 145 100 255 255 42
    218 243 108 255 255 159 168 19 170 255 248 255 92 115 29 5 88 255
    189 239 17 255 44 188 111 255 149 255 55 174 255 255 255 255 21 199
    219 255 123 255 255 162 154 118 200 255 255 82 44 255 74 255 255 74
    7 92 255 23 255 244 168 255 255 51 8 17 78 255 255 200 255 158 255
    101 255 255 52 36 255 255 208 255 212 65 255 255 82 104 233 159 255
    255 91 255 255 233 205 255 155 255 67 85 216 255 182 44 255 102 255
    255 255 248 122 255 83 243 255 227 255 255 88 255 167 255 255 255
    195 128 186 255 255 255 69 255 182 255 197 70 83 149 24 2 159 111
    198 143 158 9 97 255 255 255 255 156 255 255 94 76 230 255 210 123
    255 255 92 159 255 76 209 101 255 69 117 185 255 255 79 241 255 171
    117 255 221 195 55 255 195 65 255 255 255 136 255 255 255 255 124 50
    251 255 9 76 255 44 21 255 59 0 55 255 255 255 171 255 255 27 255 32
    238 136 255 255 152 118 255 150 122 238 255 212 200 255 255 89 71
    255 12 255 255 133 152 255 49 255 122 50 21 255 255 90 255 249 64
    145 255 255 255 167 57 164 255 16 229 41 255 255 243 255 255 255 255
    122 255 255 130 121 179 92 164 255 255 252 255 255 214 135 90 255
    255 10 255 4 255 221 255 76 105 214 255 61 255 255 127 101 145 180
    255 255 8 255 255 21 253 255 56 235 255 47 32 80 71 255 255 255 50
    255 55 168 255 255 74 255 255 92 185 255 255 255 191 255 120 255 92
    255 147 170 233 118 21 255 236 255 153 149 42 255 149 108 155 250 42
    105 36 255 172 26 212 254 165 250 210 255 113 19 102 96 255 55 255
    145 255 255 132 233 87 255 135 7 55 255 255 36 129 113 247 205 30 17
    255 237 105 255 255 247 191 255 255 255 175 216 124 241 134 255 110
    255 235 27 255 255 212 11 255 242 247 255 255 255 255 255 255 193
    161 46 49 25 255 255 78 255 255 255 118 255 138 111 255 255 255 174
    16 255 17 255 183 23 172 204 156 255 255 129 158 122 255 255 255 147
    255 153 186 255 255 255 165 19 255 255 255 255 255 168 255 255 15
    152 255 57 144 255 255 255 255 255 39 255 113 255 255 19 99 255 255
    255 104 255 255 255 21 255 255 36 255 143 255 179 124 40 17 85 206
    255 255 255 55 202 255 158 251 255 255 255 54 38 255 208 255 196 255
    12 255 255 132 21 84 126 108 255 255 159 174 38 104 255 103 127 255
    79 106 134 3 255 255 108 19 10 24 67 255 255 5 255 62 168 255 20 198
    176 220 232 147 255 90 255 88 255 255 6 255 166 255 255 80 89 71 109
    255 204 255 2 161 255 255 78 255 255 255 157 255 255 231 255 255 255
    246 158 255 45 25 178 117 255 252 255 191 252 255 255 65 255 255 170
    2 255 255 255 255 255 255 255 255 82 214 78 68 227 255 9 255 50 255
    88 255 112 120 52 138 149 255 106 248 193 133 255 255 165 255 255
    179 32 255 255 255 255 255 255 105 41 41 17 14 242 13 3 255 227 123
    212 255 255 255 170 255 255 255 126 255 109 100 158 255 20 158 255
    186 255 111 238 158 255 255 255 23 214 143 203 114 200 255 255 255
    255 155 67 255 255 103 241 255 255 233 95 90 174 244 175 86 255 255
    185 139 255 254 255 255 57 50 255 34 255 255 255 255 0 255 221 255
    255 144 198 140 255 255 255 136 255 34 250 195 57 79 39 255 255 255
    255 86 69 52 255 119 118 255 122 255 41 173 255 95 255 255 238 32
    216 0 255 255 255 255 255 135 101 189 52 255 99 255 255 255 255 216
    255 255 255 166 255 11 255 179 172 65 147 255 255 203 94 255 74 50
    255 162 255 255 255 51 255 200 57 255 180 255 115 255 232 255 255
    255 63 99 209 203 36 255 11 179 145 255 255 9 21 11 255 255 91 96
    255 70 255 255 105 90 255 236 255 255 255 255 255 255 255 212 255
    255 255 146 255 141 59 23 235 255 255 255 68 181 103 146 255 255 255
    168 210 138 163 255 108 255 255 53 88 31 158 60 237 255 173 71 176
    255 255 61 142 255 126 241 255 53 255 255 70 255 8 174 255 255 255
    255 255 193 191 117 70 255 52 255 62 255 94 235 255 196 150 90 27
    255 255 6 255 255 255 53 255 88 103 31 121 85 255 199 255 122 153
    255 255 92 58 255 38 129 255 200 255 255 141 149 134 115 37 245 255
    255 255 255 129 224 255 241 255 61 255 255 255 239 130 24 218 220
    255 122 255 191 117 84 217 255 255 255 255 92 91 138 255 170 255 245
    15 255 174 179 129 255 100 179 216 255 51 195 255 255 255 39 127 255
    255 255 255 59 255 255 6 255 255 52 255 255 168 255 255 255 53 255
    247 104 255 202 195 197 56 173 255 255 4 255 255 255 226 108 55 255
    95 255 94 188 191 255 255 53 255 208 255 155 255 71 15 255 165 255
    17 57 255 255 94 227 235 255 34 17 120 255 188 255 172 255 255 94
    255 5 78 103 104 245 70 136 155 168 9 255 255 255 17 255 0 23 177 16
    50 255 255 245 41 4 44 232 255 255 144 18 19 205 223 50 255 255 255
    255 7 255 255 241 46 255 255 255 255 255 255 255 221 243 132 154 151
    121 255 212 255 34 255 130 255 255 144 126 138 161 142 255 255 115
    84 255 255 255 102 46 255 255 241 203 255 166 255 255 161 255 255
    255 168 133 255 94 142 255 255 15 135 109 159 23 78 243 209 255 73
    166 255 255 228 206 255 149 252 17 255 42 255 255 237 255 255 255
    255 242 255 255 223 255 255 255 50 15 246 255 255 255 255 255 255 88
    241 255 15 255 255 124 233 58 206 21 255 255 255 37 255 194 200 118
    114 92 255 255 241 226 255 21 48 255 129 224 139 35 255 123 124 255
    255 255 75 255 244 206 255 234 40 33 115 140 50 255 31 121 18 255 8
    216 255 41 255 255 64 250 255 135 126 161 236 81 255 136 101 67 255
    71 255 36 255 255 252 14 185 115 161 255 129 113 178 255 214 36 118
    255 255 197 255 193 159 255 255 27 92 201 32 113 195 82 255 57 255
    80 61 155 135 128 126 78 255 185 5 247 20 255 255 165 161 183 103
    120 255 255 255 191 255 255 161 255 255 255 255 62 255 106 5 255 246
    88 250 255 219 65 111 255 255 109 255 255 8 30 138 65 57 255 173 221
    107 255 170 157 136 193 233 255 115 107 39 255 255 0 124 199 255 129
    239 255 136 255 217 255 255 115 253 255 255 255 8 149 117 78 212 211
    255 255 255 162 182 69 216 44 71 185 132 88 17 67 172 255 174 142
    255 236 198 132 100 255 255 124 50 187 124 255 67 47 228 255 124 4
    96 255 48 52 144 255 250 203 42 255 255 255 237 152 113 255 255 94
    44 255 255 120 255 250 255 255 255 25 142 255 255 3 255 255 214 136
    255 255 255 25 118 255 255 142 255 255 45 11 128 9 138 255 35 255
    255 8 156 255 255 255 107 255 23 149 255 255 159 255 255 151 255 88
    241 106 35 157 255 129 199 252 202 25 221 255 61 255 147 255 52 205
    21 255 67 255 255 219 255 239 216 206 220 255 255 158 202 54 97 255
    255 255 0 255 86 235 255 189 255 255 255 14 36 49 255 224 255 16 255
    136 255 239 255 255 255 255 27 255 255 138 155 147 244 255 255 184
    239 85 78 17 255 143 15 255 255 255 243 195 8 255 255 255 255 255
    255 255 255 180 42 90 69 196 255 4 255 46 38 130 230 178 70 2 224
    255 196 122 9 255 120 83 172 255 255 255 255 255 188 31 97 129 255
    255 205 138 139 193 27 243 39 255 255 64 134 255 35 255 255 255 255
    223 131 88 255 227 255 255 250 8 180 241 255 26 255 255 6 163 255
    185 255 255 168 204 75 230 27 255 115 255 255 32 255 197 255 255 111
    218 188 255 53 204 105 255 255 255 17 255 138 255 124 255 53 255 255
    173 145 255 27 71 31 194 168 255 255 145 25 255 207 255 197 255 255
    255 67 172 255 191 255 255 255 255 142 234 136 200 255 255 255 106
    141 123 255 255 230 255 255 41 16 255 255 221 233 196 255 203 255
    255 19 109 255 191 255 23 65 255 255 162 161 255 65 29 64 226 202
    255 195 42 143 255 255 255 193 200 101 255 76 255 23 255 255 255 111
    255 120 197 158 255 255 101 185 255 101 255 255 239 255 180 154 247
    255 143 243 205 48 255 255 255 96 255 184 255 171 218 134 255 255
    201 47 227 17 255 255 189 255 195 255 9 127 255 215 255 237 35 255
    255 243 255 36 255 50 255 255 205 214 199 235 250 180 16 255 21 255
    143 255 207 255 52 181 92 255 115 94 91 97 172 255 255 178 161 188
    255 141 255 247 224 255 255 88 14 126 9 255 210 8 255 255 239 205
    255 199 7 255 5 119 255 255 32 172 255 255 255 224 138 109 255 83
    255 244 204 178 255 255 201 243 30 97 53 255 255 255 255 172 130 255
    46 45 255 233 170 44 8 161 78 117 255 255 187 243 85 255 67 202 218
    103 200 220 97 255 255 185 255 227 44 211 255 111 255 243 44 74 255
    255 216 124 252 173 40 149 133 120 129 198 255 185 170 255 255 255
    218 255 159 255 255 177 255 85 255 255 83 255 168 70 28 255 138 255
    255 133 99 255 193 255 141 255 255 120 80 131 61 255 108 29 255 209
    255 255 255 255 6 255 55 255 255 117 162 32 92 159 64 25 86 55 255
    18 78 255 226 30 255 2 113 19 62 122 15 123 255 48 38 64 255 49 71
    180 23 255 13 255 246 94 208 255 255 255 219 255 55 74 216 255 211
    255 42 214 255 80 42 255 255 255 255 45 255 117 255 255 197 105 127
    255 255 90 255 15 255 255 80 173 255 255 119 176 244 255 27 21 87
    255 56 149 255 36 255 17 92 4 255 30 0 255 155 251 237 14 223 255 26
    7 96 255 242 255 255 94 107 255 58 233 167 255 255 255 83 222 255
    193 255 255 237 23 255 255 255 255 94 136 83 255 182 247 193 140 132
    255 203 80 25 255 255 255 255 126 255 105 47 168 99 255 255 255 147
    255 50 255 255 255 255 117 59 44 255 0 158 0 40 221 104 67 183 255
    185 255 241 19 89 67 255 211 255 172 255 255 255 232 97 73 255 255
    255 255 255 117 255 225 255 77 189 255 255 255 255 79 255 101 255
    104 255 45 168 218 255 255 255 217 172 255 136 255 183 255 64 65 255
    232 90 106 85 107 255 255 161 64 184 229 255 255 96 233 104 57 215
    255 255 155 131 255 109 219 2 114 209 255 106 255 191 255 161 255
    102 97 19 167 255 255 255 154 255 11 255 255 211 255 159 14 255 227
    236 207 227 244 255 255 255 11 82 52 255 255 79 5 227 244 255 255
    194 53 241 255 246 255 247 255 255 253 195 224 255 255 255 21 166
    255 124 21 255 255 255 255 62 11 255 146 200 255 29 181 187 129 37
    84 255 216 255 118 55 239 65 255 255 102 126 255 117 255 255 255 103
    21 255 255 255 85 244 255 244 83 122 129 62 255 99 202 140 39 46 141
    36 12 255 235 223 94 255 255 255 255 255 255 255 255 189 199 78 229
    255 255 212 255 255 255 12 99 99 226 255 38 224 182 255 76 78 36 2
    127 255 173 127 255 255 179 255 255 255 176 255 255 255 106 255 130
    238 166 255 152 191 255 162 34 255 9 255 255 255 16 8 30 173 255 255
    255 44 67 255 147 238 255 255 114 81 255 255 202 255 162 255 54 208
    255 138 255 57 122 255 255 166 161 168 255 32 30 239 177 255 255 79
    104 99 105 156 44 255 255 204 255 140 170 130 103 61 112 235 255 227
    165 155 150 209 255 118 227 255 33 255 84 183 113 255 121 205 255
    139 104 218 255 16 255 255 58 255 123 255 197 12 119 255 147 166 36
    99 88 255 206 255 159 39 255 255 88 255 227 142 255 255 239 163 255
    232 207 255 6 255 191 255 196 255 11 4 255 255 62 212 108 255 69 50
    48 149 255 255 255 85 64 191 214 122 255 42 97 63 255 255 255 179
    255 161 142 255 255 243 136 2 255 122 132 14 255 0 123 255 155 255
    255 76 255 255 255 89 255 57 38 255 90 255 255 255 120 255 44 17 232
    255 246 214 255 47 127 118 255 255 255 255 255 255 255 255 255 255
    119 214 255 255 255 41 255 255 194 120 71 153 104 67 255 80 255 130
    255 34 115 255 65 255 235 255 8 255 255 249 232 255 171 232 255 45
    124 255 23 255 255 232 23 172 255 19 255 106 212 255 5 255 255 180
    154 255 255 255 255 177 255 23 86 255 71 124 255 31 223 255 255 86
    73 63 26 239 59 70 255 255 255 255 255 191 87 128 33 212 255 141 255
    255 153 255 140 247 255 27 255 90 210 15 255 255 255 204 36 0 44 224
    255 255 255 39 65 255 206 166 255 30 255 255 255 204 212 73 35 54
    126 223 94 255 255 255 170 255 42 255 255 162 118 255 36 255 255 255
    255 255 255 123 255 255 255 81 128 255 138 255 208 255 255 38 255 0
    255 237 255 27 255 255 249 126 164 170 53 134 255 255 130 255 239
    226 117 46 255 194 255 255 121 205 255 255 200 124 255 255 204 255
    193 182 89 161 31 255 234 168 255 255 255 39 48 220 139 241 255 120
    255 255 196 189 183 215 255 255 255 255 80 197 255 42 95 163 145 142
    239 255 61 14 255 233 179 212 255 232 61 200 158 21 55 126 191 29
    255 111 114 255 164 255 188 255 55 241 218 97 255 90 80 255 124 250
    165 255 246 69 138 255 255 255 155 35 247 146 255 255 82 202 255 158
    87 126 193 255 132 255 35 182 120 32 255 165 27 29 88 94 237 159 255
    92 144 227 15 246 248 212 255 191 255 255 255 15 24 5 55 255 255 191
    255 50 255 173 255 27 179 50 128 255 255 80 70 255 255 255 195 120
    255 55 255 35 255 255 76 156 80 253 48 130 120 0 255 199 81 105 196
    181 80 255 140 255 214 255 255 24 255 255 121 255 255 255 37 255 255
    255 222 255 99 17 255 71 31 255 255 161 255 11 255 111 241 82 255 58
    255 224 255 176 255 80 183 238 244 255 153 239 216 238 255 8 255 0
    31 255 131 50 255 156 255 255 188 255 255 161 227 73 255 124 238 255
    255 255 196 113 42 211 255 41 177 210 255 191 255 12 255 206 20 101
    141 161 248 224 255 255 59 255 48 255 94 184 255 26 30 255 45 175
    149 155 152 255 126 149 122 255 255 176 255 55 180 205 198 255 214
    255 255 214 51 255 56 195 255 255 67 255 250 255 10 161 255 61 180
    255 21 64 108 6 243 48 255 255 129 4 255 255 255 255 207 128 176 255
    222 241 255 46 255 255 241 244 255 255 255 255 178 249 65 220 255
    255 255 218 14 255 255 255 10 255 255 255 165 120 15 205 58 92 56
    195 255 32 58 4 255 205 97 255 88 255 146 12 29 135 73 222 218 255
    255 0 7 255 200 255 172 255 115 255 100 62 255 30 255 243 0 19 206
    11 186 255 99 119 107 149 191 143 164 5 107 208 99 255 88 255 182
    235 255 71 180 255 229 243 211 255 255 34 255 255 255 31 130 255 65
    109 39 52 255 237 210 255 80 255 224 235 52 141 239 255 255 219 231
    255 97 255 255 255 255 108 115 174 255 204 255 255 27 255 249 200
    255 76 255 32 21 255 255 255 0 255 79 255 255 41 219 255 91 126 255
    68 65 255 70 255 255 56 14 255 218 253 40 171 161 6 135 122 255 80
    255 255 255 253 255 179 242 255 199 104 65 203 126 189 32 255 255
    255 255 255 106 73 255 255 251 19 235 37 255 255 83 255 150 156 255
    255 88 65 141 255 255 255 255 255 255 255 255 23 255 157 255 255 255
    127 255 255 33 117 255 255 58 255 255 255 75 252 159 255 244 255 255
    196 2 117 20 237 255 255 179 255 14 73 54 255 57 120 58 191 90 233
    255 201 94 12 255 124 255 117 255 23 254 255 255 210 130 255 147 218
    163 255 133 196 255 30 225 216 241 250 255 217 255 113 255 120 255
    255 163 216 255 117 255 255 255 90 77 200 25 20 37 61 88 69 255 243
    227 145 255 202 84 255 255 255 255 244 99 255 255 61 112 255 255 133
    189 255 23 255 255 255 202 183 89 255 255 255 76 42 99 76 94 123 80
    255 55 255 82 214 255 149 89 255 255 182 195 180 64 255 255 255 154
    203 255 255 124 67 76 103 114 177 195 130 173 76 255 232 255 23 99
    255 255 253 193 35 255 255 255 200 218 6 234 61 255 255 204 111 138
    255 168 181 153 17 143 168 26 28 255 179 255 255 255 44 113 167 189
    71 117 255 113 150 255 191 238 251 255 139 255 255 255 198 255 99
    255 255 165 255 245 255 27 31 6 18 255 202 255 141 255 255 255 36
    115 34 186 255 255 255 255 255 103 198 255 95 216 36 30 230 229 70
    127 32 255 255 224 255 255 96 255 39 239 255 16 145 255 255 103 255
    14 155 149 212 255 2 65 32 77 255 255 206 212 36 183 255 189 255 216
    255 17 255 255 118 255 255 67 211 80 229 57 255 3 92 255 255 255 255
    14 195 231 200 48 54 255 255 255 255 255 255 109 255 71 255 255 255
    182 143 255 55 255 67 89 255 136 56 255 255 241 147 117 159 255 255
    255 18 255 255 255 255 202 255 255 61 159 255 212 255 61 102 16 103
    255 255 46 255 28 44 115 97 113 80 255 255 255 135 229 162 239 208
    109 0 255 246 255 78 109 87 197 255 255 255 65 143 204 255 255 255
    193 255 162 255 71 86 205 30 252 71 255 255 255 87 255 255 78 255
    255 255 27 94 255 255 9 255 255 239 255 255 6 46 255 255 202 255 152
    4 203 168 255 229 79 255 111 199 37 255 33 124 255 180 255 255 233
    150 103 200 34 126 14 122 94 117 255 216 255 11 255 68 83 229 255
    184 255 215 255 46 255 255 4 255 255 90 255 103 52 3 255 54 255 209
    255 255 255 255 255 255 191 53 198 255 255 255 255 21 255 255 179
    152 241 77 235 99 255 181 255 241 30 54 129 154 136 255 219 149 255
    255 11 150 255 243 233 255 255 186 255 141 59 145 57 255 129 255 255
    7 124 2 255 31 255 55 78 223 104 195 186 255 159 33 255 255 91 168
    255 114 255 222 215 135 255 255 184 255 191 255 117 59 255 255 255
    223 109 86 163 255 255 145 255 241 7 255 139 255 255 164 11 222 50 9
    224 255 69 255 71 255 201 42 255 82 35 19 255 170 227 255 97 255 206
    11 255 176 255 255 170 173 41 4 255 255 84 33 51 255 53 255 255 138
    60 42 255 255 226 255 255 208 244 67 4 29 255 255 67 211 172 255 32
    255 42 219 157 255 99 255 255 90 255 255 239 255 38 131 224 120 67
    255 186 255 255 214 255 193 94 166 255 255 255 255 139 255 118 255
    255 255 38 39 161 64 186 134 255 184 255 114 255 255 255 255 255 255
    161 233 141 255 48 32 255 255 14 255 255 121 223 208 202 154 255 109
    255 161 255 18 94 255 255 247 123 189 34 15 189 255 255 255 255 62
    250 185 120 255 245 255 255 75 39 73 255 23 182 255 94 255 174 255
    255 255 155 255 255 239 255 255 21 255 255 162 138 153 255 255 54
    183 11 255 65 111 255 89 111 255 99 172 218 94 62 255 5 221 255 24
    12 255 255 255 71 102 41 38 162 225 182 255 255 255 255 99 241 142
    117 255 133 255 117 255 235 255 114 18 255 70 255 78 255 255 54 193
    255 255 255 126 86 86 83 96 117 42 255 61 196 255 168 255 204 65 140
    174 2 251 255 141 255 115 255 255 255 255 255 180 255 255 174 167
    255 255 168 60 255 255 23 13 186 212 255 186 255 162 255 179 31 255
    28 255 194 255 255 167 188 101 121 255 82 189 230 191 255 163 255
    208 94 255 255 255 206 206 126 255 106 129 255 255 202 233 138 255
    138 77 111 96 102 255 255 227 131 233 255 168 17 255 255 255 229 255
    122 211 99 255 255 255 248 255 255 50 173 255 162 49 88 78 255 214
    255 68 255 134 111 27 255 106 255 255 255 14 241 255 138 206 55 255
    255 202 239 255 27 255 32 5 168 255 129 255 255 12 18 216 255 32 255
    146 255 97 255 122 92 35 255 255 24 177 204 255 255 255 44 237 34
    188 7 255 180 255 255 224 5 193 182 5 255 255 255 10 255 5 255 255
    179 48 99 255 50 158 248 255 105 232 117 255 131 255 255 255 164 50
    172 8 227 142 255 255 255 162 255 255 80 124 255 201 255 255 118 255
    255 255 255 255 255 77 255 107 246 255 162 249 64 255 255 53 224 88
    74 170 230 255 255 255 205 255 208 65 255 86 255 255 255 154 157 77
    147 255 97 207 216 236 83 101 255 255 255 255 127 2 205 255 17 255
    165 255 77 255 255 255 255 255 255 255 255 152 255 255 129 255 220
    183 9 241 255 255 128 11 184 218 38 255 255 42 255 255 255 255 80
    255 124 136 23 255 178 108 85 255 255 207 255 255 35 255 82 170 218
    255 255 4 241 4 255 49 255 255 150 255 13 62 255 255 47 255 182 235
    255 32 170 255 147 118 64 255 76 131 52 121 255 255 102 55 255 255
    255 255 14 255 255 197 9 255 252 255 88 239 223 75 109 96 243 221
    221 197 255 78 220 255 255 255 255 50 248 255 255 84 255 78 255 255
    71 0 44 168 0 74 219 252 33 253 15 241 65 103 215 248 255 35 255 124
    255 255 90 102 133 255 255 255 255 255 255 247 129 255 255 118 255
    255 70 165 176 255 85 255 255 214 15 92 255 255 255 255 178 246 255
    2 255 255 255 255 255 255 29 65 92 255 255 255 64 255 50 255 30 15
    100 255 255 255 227 255 130 60 99 255 154 255 129 255 255 227 110
    255 255 97 255 189 255 227 255 255 255 255 94 84 99 150 255 255 255
    255 255 175 255 255 73 67 20 255 255 255 23 241 61 255 255 255 255
    255 150 255 255 6 170 255 61 152 255 239 255 59 235 104 2 255 4 255
    62 159 255 102 255 255 50 255 46 255 255 11 76 120 38 229 101 138 61
    255 255 255 14 255 255 23 4 220 234 13 18 241 255 89 216 117 255 255
    199 5 255 255 255 255 92 17 119 224 247 14 50 227 32 174 70 184 255
    255 5 203 158 255 84 253 158 65 36 2 245 247 108 255 247 242 96 255
    150 130 108 255 255 196 214 255 255 214 255 147 30 255 255 255 255
    197 58 255 17 28 255 255 255 255 129 88 255 170 255 255 149 255 247
    255 255 216 86 255 44 200 255 255 139 251 255 218 18 255 3 106 255
    255 255 255 77 161 161 35 142 140 133 37 128 115 50 255 241 255 255
    255 27 159 255 2 255 176 80 212 255 150 42 21 156 183 255 255 255
    255 35 36 232 255 255 102 255 255 255 2 255 41 230 185 255 255 149
    255 255 185 100 255 155 180 170 199 165 255 136 255 255 199 221 32
    227 29 133 255 241 255 23 255 255 27 99 255 255 20 234 255 27 255
    255 255 21 255 80 218 229 212 219 34 209 255 96 67 124 255 5 150 255
    255 106 178 117 97 255 255 244 255 47 255 255 255 255 255 95 255 255
    152 207 82 67 255 38 106 44 255 199 140 255 255 90 212 65 94 46 255
    251 170 255 255 255 127 255 255 123 255 174 215 209 57 255 219 117
    47 239 31 165 255 174 59 76 36 18 143 172 255 255 174 159 34 86 229
    69 255 255 80 255 232 44 255 89 152 90 243 2 255 45 255 96 255 53
    197 255 255 255 255 255 255 255 156 46 202 244 155 99 255 255 35 50
    255 255 158 255 223 67 46 239 232 255 123 255 255 252 255 255 211
    186 255 255 255 180 255 4 140 205 191 195 255 255 67 255 255 65 255
    88 21 255 255 75 202 228 46 73 242 255 108 101 226 255 207 255 255
    188 255 147 255 222 108 85 2 91 255 255 150 255 233 246 76 13 41 255
    255 79 255 197 83 94 117 177 255 255 126 9 40 49 173 199 255 255 255
    109 255 255 71 255 255 115 81 84 144 255 13 194 234 197 255 62 111
    55 165 250 205 255 248 150 50 103 179 170 241 85 255 145 255 150 255
    177 255 206 6 156 255 255 255 203 27 255 17 255 25 8 74 255 255 255
    218 224 255 255 255 100 212 75 94 18 130 246 255 255 58 173 255 102
    255 32 73 255 255 124 255 216 255 255 255 32 127 255 255 65 233 12
    255 31 111 253 255 255 181 48 214 80 255 255 255 44 118 96 255 255
    143 191 255 255 252 89 46 255 255 101 255 27 126 245 120 255 197 255
    250 255 56 131 208 255 255 254 193 39 216 74 255 42 111 255 92 85
    255 255 85 195 255 164 221 180 220 255 214 193 255 90 35 255 255 50
    113 255 141 255 210 45 161 126 229 152 103 255 214 233 44 255 153
    229 34 255 255 255 218 41 9 115 24 255 255 58 255 255 209 78 67 215
    255 255 196 235 255 126 235 255 220 18 255 136 255 255 177 64 255
    147 255 75 47 209 218 147 255 255 215 145 157 11 255 255 186 255 17
    64 255 73 97 214 185 2 53 255 255 255 75 255 255 226 255 209 255 91
    152 57 255 255 203 56 255 255 45 255 255 111 90 59 49 230 255 79 113
    255 73 255 189 229 255 255 159 126 255 255 97 255 42 198 255 173 129
    255 200 166 255 255 198 255 5 255 187 71 9 222 255 255 11 35 255 255
    247 62 254 252 168 224 189 202 206 206 65 255 35 255 255 194 159 10
    255 96 254 115 46 255 161 41 255 255 99 255 52 117 254 255 53 252 0
    127 255 147 166 255 92 34 36 176 90 138 133 120 113 255 216 206 161
    255 42 67 204 255 45 255 239 70 255 245 255 111 255 230 255 176 83
    255 157 155 255 17 183 255 255 68 147 255 70 255 255 121 255 255 224
    255 113 88 101 130 82 103 189 35 0 239 255 81 255 255 161 117 133
    223 178 238 101 44 255 255 248 188 131 229 232 230 255 255 209 103
    255 255 130 38 198 255 12 255 180 20 255 255 255 255 255 80 255 29
    255 255 255 255 2 55 91 32 255 255 117 255 224 255 255 255 255 134
    255 23 255 124 255 255 126 205 255 255 255 105 167 255 8 108 230 159
    200 255 255 244 145 255 83 255 255 255 149 255 97 198 162 141 32 255
    255 23 255 114 170 138 117 255 57 24 255 255 5 255 113 255 126 107
    130 255 50 44 90 231 109 97 255 255 214 255 191 255 36 255 255 255
    255 255 255 95 71 36 27 255 92 255 255 245 5 69 132 86 60 239 193
    255 143 80 124 255 18 166 255 255 60 255 147 234 255 12 207 189 255
    255 248 255 209 126 177 255 57 50 207 80 41 255 191 255 175 75 36
    172 197 200 255 233 255 200 124 36 255 255 24 90 222 15 158 208 255
    94 255 255 239 255 255 195 34 89 25 255 255 255 208 167 23 255 255
    255 255 20 255 180 255 255 151 149 255 130 177 255 255 215 255 255
    227 23 57 176 255 38 255 156 255 67 182 103 15 255 255 144 25 145
    255 168 25 208 189 255 180 129 189 2 255 255 255 209 0 38 255 34 59
    255 157 114 209 255 118 205 255 165 106 124 252 78 255 129 255 255
    203 255 23 255 42 241 255 255 178 74 207 84 14 99 151 255 96 101 35
    228 255 255 255 153 164 179 255 8 0 42 136 255 255 11 253 17 255 195
    255 253 196 255 142 255 255 255 255 153 117 255 255 147 225 151 255
    255 255 241 204 141 217 255 255 255 255 255 144 11 255 17 50 255 144
    25 67 144 255 161 67 225 255 255 228 255 255 255 42 255 255 255 255
    255 255 167 255 255 208 255 4 179 255 11 255 234 255 229 255 255 255
    101 21 88 255 255 82 255 255 255 73 132 191 255 255 65 147 255 255
    255 172 24 255 149 126 255 255 186 255 255 42 145 38 188 51 255 233
    0 255 52 30 40 255 255 255 200 23 255 255 117 255 255 5 99 255 35
    201 230 106 255 99 48 180 29 255 34 208 198 255 62 255 103 162 156
    255 82 111 15 0 96 193 255 255 189 255 255 255 255 255 32 174 55 255
    71 32 255 211 255 255 246 255 136 255 94 241 247 255 105 8 122 255
    92 143 99 236 11 203 15 117 118 255 161 50 95 255 92 229 255 67 124
    237 255 232 16 10 79 50 113 255 205 255 255 189 255 80 255 92 215
    232 57 82 255 255 127 16 255 255 255 255 158 64 255 135 255 239 100
    138 172 53 145 255 255 255 255 235 255 11 255 244 80 255 255 40 49
    255 233 232 113 117 183 255 255 255 0 151 39 255 15 255 255 255 106
    255 212 130 0 38 147 255 255 249 156 255 115 235 255 5 244 107 255
    159 255 238 129 255 61 255 255 212 42 69 255 182 247 17 246 255 121
    255 203 255 51 118 255 255 255 29 255 11 215 104 255 117 138 82 255
    255 255 164 255 255 17 124 141 59 156 255 55 255 255 147 55 52 255
    182 159 255 255 255 42 255 48 159 99 255 230 214 255 255 255 59 255
    255 255 97 73 255 255 255 8 255 122 255 171 12 255 255 255 195 118
    27 255 255 255 255 102 32 34 239 35 255 255 161 36 255 255 255 80
    101 255 255 255 255 208 186 13 170 255 4 255 255 117 255 133 161 74
    255 71 250 255 166 91 255 255 215 186 21 112 255 48 108 255 92 123
    255 220 233 255 255 230 62 61 255 172 255 255 191 255 11 255 168 141
    255 255 255 62 180 255 255 255 80 255 145 36 255 191 202 216 86 255
    255 96 255 255 255 64 51 199 255 255 241 49 255 147 200 234 255 255
    255 255 62 156 241 9 255 122 205 207 227 49 113 166 123 188 153 255
    67 99 255 131 255 56 255 210 243 119 96 255 255 255 255 175 255 147
    255 248 74 255 17 255 173 155 255 255 252 177 117 255 11 255 255 255
    135 147 182 255 255 97 152 218 185 255 255 24 71 97 76 39 255 255 5
    255 141 219 250 255 41 255 255 67 97 102 255 136 38 50 115 233 80 73
    255 255 214 121 177 161 255 99 122 15 58 40 80 209 82 132 138 172
    255 255 255 146 34 255 224 143 46 156 147 255 174 255 69 167 255 140
    3 255 4 109 159 57 161 255 255 149 255 21 255 255 178 56 133 44 182
    232 191 255 175 52 255 154 255 255 255 255 255 181 255 255 34 130 59
    255 255 64 255 255 180 12 255 130 255 23 62 9 255 255 159 255 255
    205 0 79 5 34 118 181 255 70 81 255 99 152 255 52 255 46 91 195 255
    255 147 109 255 204 255 255 218 222 255 255 118 49 255 46 255 255
    255 71 255 117 5 255 136 250 255 138 6 28 255 95 7 27 180 156 75 235
    255 29 243 172 145 103 237 255 164 131 13 177 255 42 155 80 75 255
    255 69 153 7 255 255 255 255 80 223 29 246 255 34 255 234 73 255 191
    255 217 255 255 27 255 187 97 205 245 61 255 189 255 108 255 255 255
    255 164 57 44 255 168 59 67 241 237 255 255 255 255 0 101 168 101
    151 249 255 21 8 255 13 208 255 255 36 175 255 36 255 59 18 255 255
    41 255 255 206 140 255 152 154 255 255 228 180 229 83 151 255 255
    182 117 255 255 86 12 255 11 255 255 255 136 117 41 255 204 255 25
    170 255 253 218 20 255 255 147 255 255 142 255 122 255 255 255 70
    255 255 255 209 141 62 255 105 255 255 71 241 255 11 114 255 212 173
    14 255 255 255 255 73 64 255 156 64 255 118 255 255 77 101 254 255
    67 105 255 255 130 255 131 36 255 44 255 255 255 220 139 25 255 102
    255 231 111 76 255 196 198 84 255 37 134 14 255 255 79 241 255 149
    255 255 255 87 255 255 228 247 95 142 218 255 255 84 227 181 255 12
    255 203 238 255 195 5 120 255 177 248 120 255 255 54 255 65 255 255
    241 243 255 255 67 56 76 255 41 255 90 255 186 73 185 179 255 121 60
    31 249 255 255 177 127 255 255 27 25 35 158 38 123 255 23 223 131
    141 165 255 255 188 255 255 255 18 224 229 145 161 135 175 32 255 65
    92 255 255 97 196 255 6 227 48 174 56 204 255 239 255 42 255 212 255
    44 255 111 250 255 255 111 149 243 30 135 224 100 127 255 153 16 178
    229 255 159 215 5 255 255 255 250 70 133 145 132 127 126 49 216 94
    255 119 255 120 7 255 255 227 255 14 255 255 206 234 255 255 255 40
    255 71 29 108 83 255 176 255 255 167 255 255 49 73 255 61 255 50 115
    255 48 255 255 255 255 2 176 82 99 27 206 122 255 255 138 140 194
    255 161 138 27 255 44 221 97 165 255 185 6 255 197 255 30 255 214
    196 255 255 147 136 203 202 255 255 145 40 255 255 255 74 255 255 47
    4 255 159 65 250 255 101 182 18 255 255 39 214 255 77 198 255 255
    133 255 233 255 255 91 117 21 211 255 107 71 255 255 233 255 255 255
    32 193 176 19 132 215 99 255 255 255 153 255 32 255 217 255 255 255
    248 10 126 255 214 17 255 255 255 255 255 255 253 255 70 255 11 176
    96 21 193 255 140 206 44 255 255 255 255 255 2 255 24 172 255 241
    255 255 165 127 255 42 255 96 8 198 255 255 255 124 196 55 0 73 255
    255 255 255 255 255 255 130 111 170 92 255 19 46 255 126 255 45 255
    201 255 250 57 2 255 255 250 106 255 255 202 136 243 255 255 79 255
    255 249 239 255 5 87 255 5 27 255 255 255 255 114 255 206 255 212 19
    243 177 73 150 255 231 255 235 255 255 255 255 255 255 2 255 166 255
    255 255 2 217 253 13 255 255 214 255 177 204 255 90 8 95 166 255 86
    21 180 133 255 103 47 255 255 191 94 255 18 255 255 255 126 174 18
    255 40 255 117 88 255 62 90 77 150 255 149 188 255 180 62 255 255
    255 103 41 173 255 243 159 0 255 255 6 9 255 255 197 255 17 189 255
    176 246 129 138 255 110 189 21 81 255 38 255 255 30 168 38 255 255
    147 59 255 216 255 193 132 132 255 255 255 191 241 255 227 255 255
    255 247 52 255 166 194 227 57 33 122 255 117 255 118 161 255 255 202
    188 214 211 219 255 255 255 255 64 214 255 255 101 229 170 168 255
    91 255 255 255 34 255 199 255 76 255 255 178 255 73 109 206 255 201
    249 244 255 188 255 255 123 196 161 124 117 255 255 113 23 255 255
    255 150 149 255 73 188 255 150 255 255 255 225 255 255 255 71 188
    255 255 255 255 255 68 255 128 109 255 255 114 255 255 177 255 250
    255 255 255 223 255 122 88 255 82 255 175 99 255 255 255 226 255 174
    89 106 99 49 60 88 255 255 255 203 255 11 211 51 255 105 191 255 53
    255 220 174 255 255 8 172 19 88 216 255 141 255 255 71 53 187 14 255
    255 255 4 255 191 255 255 197 170 183 161 191 255 255 255 255 255 64
    71 79 223 255 255 196 17 45 235 255 135 163 255 209 37 11 29 237 63
    24 255 255 255 7 122 50 140 255 230 138 141 255 150 140 26 255 255
    255 161 255 71 255 255 255 255 226 255 193 255 171 255 203 255 255
    255 35 219 255 255 255 99 117 255 71 255 255 255 255 255 255 253 255
    255 186 67 255 253 87 90 255 255 82 255 150 255 42 255 255 255 255
    155 18 110 8 117 200 255 121 255 176 11 239 101 161 7 227 27 96 111
    135 255 255 9 87 222 85 191 255 133 255 71 197 48 255 59 255 255 243
    39 255 255 255 17 21 255 255 229 255 255 180 76 255 255 255 255 255
    19 255 44 7 136 255 255 255 200 179 25 203 67 255 67 69 255 255 166
    109 229 214 203 214 235 120 255 53 255 29 74 255 255 255 255 76 202
    40 135 42 255 227 117 151 27 23 143 179 255 255 106 255 136 50 255
    255 135 48 90 255 255 255 21 232 255 173 255 136 255 255 255 73 2 27
    255 16 17 255 255 255 95 184 44 255 255 109 159 158 255 255 255 255
    255 225 247 209 204 255 255 62 255 30 2 67 255 255 210 255 207 128
    255 255 235 255 255 21 255 218 178 65 255 255 250 18 88 255 255 80
    111 255 255 255 7 189 255 255 168 173 44 255 147 223 255 83 255 255
    126 255 255 255 250 255 218 239 255 149 232 6 71 78 187 24 14 25 255
    9 255 255 255 255 156 255 208 255 255 191 82 161 255 220 44 255 255
    255 255 127 255 54 159 119 255 255 255 255 197 207 255 182 255 255
    117 198 255 56 124 255 255 255 255 59 255 255 205 255 178 149 255
    255 82 179 255 168 255 255 255 239 250 174 161 176 30 124 140 255
    255 255 171 235 222 102 255 254 252 255 255 224 255 255 80 255 255
    18 198 118 255 133 255 255 11 210 99 124 105 255 219 255 6 2 90 155
    255 97 150 37 50 158 255 229 255 234 255 227 16 201 255 230 222 255
    255 255 255 21 42 235 255 255 255 53 255 255 7 255 150 204 255 171
    255 233 255 198 130 255 94 255 223 62 255 208 234 255 253 255 255
    170 255 82 255 255 153 150 255 218 255 234 115 255 111 138 255 255
    255 77 255 10 180 255 48 255 255 255 255 255 255 92 78 255 255 255
    109 224 57 0 255 255 11 88 255 118 243 255 255 14 85 255 62 255 237
    142 135 255 255 255 255 88 182 255 255 255 143 112 227 115 255 242
    36 202 62 255 255 55 36 150 145 54 38 71 103 255 83 29 92 255 255
    255 110 255 255 119 255 76 255 111 255 255 255 208 200 255 127 212
    109 255 255 255 71 255 199 124 242 82 127 253 255 149 255 255 182
    255 134 92 28 183 29 150 201 194 119 92 255 205 255 244 53 214 189
    147 255 147 172 17 208 255 255 165 255 13 179 255 80 232 7 52 255 21
    185 255 255 255 224 255 255 147 71 38 91 255 103 232 255 141 168 255
    80 247 255 255 255 255 255 255 225 255 179 255 255 146 255 183 142
    25 61 255 255 255 255 255 255 2 255 44 89 156 255 126 198 206 227
    126 220 255 255 229 99 71 80 255 255 67 136 255 222 165 21 255 255
    205 122 5 184 239 255 188 99 141 87 239 255 145 161 255 255 78 38 78
    255 255 189 255 255 80 255 88 108 255 65 67 255 255 255 122 255 85
    255 205 62 220 77 255 67 111 255 229 8 255 255 218 255 180 255 255
    65 5 255 140 11 92 255 255 255 255 255 223 76 5 255 21 11 41 255 41
    172 243 255 255 255 255 255 255 42 9 78 200 255 255 59 255 111 29
    255 113 255 55 255 103 21 255 255 64 255 255 76 255 255 255 255 255
    255 67 80 253 38 235 55 48 47 255 255 109 255 65 133 255 255 146 23
    255 220 255 149 246 87 255 124 16 255 255 154 255 124 0 76 108 202
    255 149 255 67 255 25 255 15 207 210 171 104 29 255 196 255 194 198
    161 255 255 0 255 129 255 211 255 115 255 255 255 255 255 149 255
    255 38 71 255 255 120 255 255 220 202 178 126 255 44 189 255 61 83
    255 50 12 255 255 188 85 255 255 103 255 255 216 96 255 2 255 255
    165 241 136 170 255 255 255 255 152 255 255 121 186 255 255 255 52
    255 255 94 139 35 11 244 193 155 64 255 255 35 51 128 238 138 239
    194 129 255 5 78 255 118 255 143 18 161 107 136 255 255 255 255 255
    255 255 255 161 223 254 255 147 255 95 255 255 200 234 40 208 255
    255 255 255 11 255 34 250 55 216 59 139 193 172 167 90 255 255 196
    255 132 193 52 255 106 109 146 255 255 208 209 255 206 73 183 77 248
    147 5 60 120 18 177 248 215 209 63 255 214 255 209 255 255 164 152
    255 59 255 255 102 255 92 255 227 243 5 186 255 196 196 255 255 32
    255 173 244 255 53 51 76 71 150 255 255 94 255 114 218 255 162 255
    23 49 219 255 255 97 44 44 212 27 18 255 255 255 255 255 255 16 255
    255 255 124 255 255 218 49 147 134 200 223 42 255 113 255 186 255
    255 224 255 40 30 189 255 241 99 255 208 96 255 180 255 255 141 255
    145 255 255 255 161 111 255 77 255 208 255 255 255 174 234 99 255
    152 255 176 92 21 95 255 255 197 255 255 24 255 255 123 81 255 255
    255 255 255 255 191 255 143 97 62 193 69 21 131 255 189 188 36 86 11
    226 147 255 124 255 122 255 255 4 255 194 255 54 223 228 255 255 207
    103 26 255 162 52 255 255 24 58 255 255 165 255 255 21 255 255 255
    161 8 255 8 211 255 101 186 60 255 136 159 25 255 21 166 112 255 255
    255 255 235 255 255 2 123 255 255 177 87 99 255 12 101 255 138 255
    61 44 185 255 255 75 255 37 255 161 97 4 229 255 4 255 255 214 255
    48 210 255 255 216 255 142 255 68 255 185 71 255 44 150 39 255 255
    255 255 255 50 2 73 255 29 227 152 174 129 255 255 170 152 63 255 48
    255 173 255 92 255 97 210 77 106 255 146 255 255 255 255 117 255 255
    255 152 255 38 109 255 136 211 250 140 133 135 255 176 255 168 255
    255 204 223 200 162 255 103 255 255 255 255 255 211 67 176 255 255
    103 189 216 220 234 255 11 165 122 155 255 255 255 83 255 56 255 255
    202 255 107 50 255 226 255 85 27 255 255 255 255 255 255 188 255 187
    103 255 255 146 94 231 186 255 216 230 156 255 200 255 11 30 255 254
    155 204 255 180 255 55 180 53 254 79 255 255 5 191 255 14 81 255 255
    150 191 255 255 120 255 255 255 24 122 25 64 255 255 255 255 255 255
    255 255 179 255 255 255 209 255 109 34 248 115 255 255 15 255 255
    255 255 143 224 255 216 173 255 255 255 76 161 45 14 255 255 69 80
    214 25 149 88 255 101 99 255 255 255 255 255 208 53 103 153 78 255
    255 255 255 176 227 180 189 94 243 224 81 132 21 255 180 191 255 255
    223 255 255 255 255 124 255 147 255 255 255 255 203 255 255 44 60
    255 255 255 8 212 9 159 189 124 255 205 4 11 94 255 255 108 255 46
    152 55 99 188 179 255 255 255 113 255 96 180 239 127 155 255 255 229
    194 255 255 176 101 255 255 253 255 18 152 185 255 255 52 142 255
    255 182 55 10 255 255 13 105 37 255 255 255 255 147 255 130 255 219
    255 255 255 61 255 0 255 12 255 214 17 92 122 236 101 255 255 255
    255 226 117 122 255 216 2 255 219 255 45 255 157 220 170 143 74 255
    255 23 255 255 202 255 255 77 255 255 253 127 78 144 255 151 218 255
    44 94 223 168 71 216 193 255 131 76 230 12 42 255 255 197 106 23 255
    255 106 255 255 216 255 58 223 255 92 202 103 26 67 247 3 242 103
    255 37 255 255 255 255 39 57 199 147 5 185 102 34 255 255 154 255
    111 255 172 247 189 255 130 255 255 255 71 255 255 255 189 235 255
    40 218 255 201 255 90 55 142 202 255 120 239 63 179 133 255 255 161
    255 58 255 90 232 255 227 255 255 255 255 255 113 142 255 255 218
    221 250 20 255 42 189 216 255 255 214 10 255 104 255 58 255 57 255
    255 162 255 255 255 130 193 255 88 28 36 102 136 252 170 37 182 8
    250 255 255 115 255 205 172 92 255 46 255 89 255 208 164 255 252 255
    30 226 255 255 96 224 25 170 186 255 210 255 186 255 255 30 78 255
    255 255 49 186 17 255 242 126 211 255 255 146 255 255 255 255 255 3
    255 255 3 21 17 174 92 97 97 255 193 138 255 224 255 113 99 249 27
    250 212 179 255 76 42 255 255 88 255 74 255 255 176 145 78 61 255
    255 193 62 255 179 161 212 255 255 255 112 255 255 102 255 168 255
    18 255 62 255 255 153 163 255 147 58 15 203 205 19 255 69 255 127
    255 255 100 255 255 45 209 255 185 23 99 255 149 255 67 255 255 255
    255 229 55 255 255 179 237 118 173 126 255 255 255 255 250 209 255
    191 255 255 171 255 88 150 18 122 129 161 255 136 255 174 158 255 52
    86 255 103 30 255 255 147 60 255 255 255 67 255 219 255 20 25 61 255
    255 172 117 255 107 29 161 21 255 161 255 205 179 252 191 175 44 168
    255 255 255 195 255 150 19 0 255 143 255 255 227 255 132 188 168 255
    78 255 91 156 130 155 65 255 94 255 149 3 255 241 85 152 29 127 255
    247 193 73 255 244 255 255 24 106 220 91 198 255 89 255 149 136 73
    255 255 255 115 167 255 255 255 255 255 255 255 243 133 255 174 112
    103 140 146 255 92 255 207 90 189 255 67 138 255 4 255 255 128 52
    255 138 67 255 255 12 255 239 114 255 11 255 110 159 106 255 31 255
    255 255 9 255 147 200 97 255 249 255 255 158 255 255 252 255 255 255
    255 57 55 172 185 183 129 117 112 135 255 5 122 255 255 255 255 156
    122 8 255 255 178 33 242 255 221 255 204 255 39 107 255 255 255 255
    182 189 115 239 111 20 227 255 255 202 255 255 181 255 255 255 239
    64 21 255 120 255 212 112 126 255 188 255 241 30 163 255 147 9 92
    255 223 23 117 255 80 183 255 255 255 228 255 252 81 109 255 255 109
    255 255 255 255 255 255 18 255 227 149 7 224 223 2 255 150 218 63
    127 58 220 255 85 255 203 156 255 255 255 162 255 165 111 185 168
    141 106 255 97 174 186 255 255 255 255 255 55 132 121 0 255 9 255 27
    141 255 78 62 27 255 83 255 255 126 255 255 255 150 255 199 235 21
    255 44 255 15 255 245 255 255 107 239 255 32 255 115 145 196 94 255
    2 138 255 255 255 55 111 255 255 42 255 255 226 189 235 215 198 71
    112 255 44 239 46 255 255 140 255 117 255 162 130 255 59 73 255 255
    180 255 255 161 251 174 197 255 255 159 60 122 49 255 222 255 44 255
    255 255 255 255 223 255 212 255 255 196 181 31 255 242 255 255 255
    214 14 255 11 79 255 155 249 124 189 124 237 65 255 80 255 255 255
    124 56 23 255 5 237 255 189 255 255 208 57 149 183 69 255 255 211 97
    255 255 67 255 131 255 252 253 36 255 30 255 152 16 255 11 255 166
    99 106 11 218 239 255 255 74 255 50 76 255 255 74 255 255 255 255
    168 211 118 83 150 8 202 255 255 89 163 255 255 255 255 255 242 94
    168 50 27 21 55 255 103 255 255 155 255 161 255 179 255 120 18 255
    255 255 255 103 255 94 74 149 255 123 255 250 196 255 255 255 69 255
    255 232 29 0 255 210 255 255 255 11 255 166 115 35 78 255 34 31 188
    99 208 91 255 222 83 255 109 77 108 107 249 67 67 136 255 69 82 255
    210 255 78 255 255 175 255 105 212 255 185 255 255 255 255 255 65 69
    174 255 255 255 133 7 255 133 136 254 109 216 255 236 142 255 133
    255 212 255 19 134 212 50 255 253 255 57 97 255 67 255 255 255 232
    255 226 138 255 187 42 129 255 252 143 220 170 255 255 255 198 255
    165 94 193 173 225 176 255 104 255 36 25 255 233 27 255 108 126 255
    12 255 189 77 9 255 255 99 10 162 255 97 202 140 255 12 255 73 5 255
    255 85 152 255 215 78 25 67 255 113 114 83 140 255 255 159 186 255
    255 136 255 235 255 255 17 124 111 255 255 50 147 36 207 229 139 255
    255 255 250 255 142 131 99 149 149 255 255 255 90 94 124 255 255 255
    255 255 23 17 79 111 250 61 255 38 56 136 2 24 255 255 129 16 204
    229 255 255 255 255 255 53 12 255 59 189 191 82 9 227 255 255 255
    127 255 255 255 204 220 59 198 255 255 255 78 255 255 231 85 255 255
    221 140 59 214 255 128 255 156 250 139 255 255 249 255 109 36 166 42
    255 170 255 18 255 84 255 255 189 255 182 255 239 200 255 255 0 245
    255 255 71 255 255 220 232 165 124 255 28 255 255 212 241 133 255
    117 197 255 255 18 74 120 117 78 255 255 117 255 82 18 255 197 4 255
    255 136 105 112 65 255 173 25 61 215 255 255 61 250 255 255 255 187
    185 99 255 45 39 255 255 255 255 255 255 208 255 133 255 74 255 88
    132 80 255 124 250 250 188 62 254 255 255 255 2 23 255 44 255 227
    255 255 241 9 2 233 255 106 255 255 57 255 255 221 63 255 255 255
    144 99 59 255 255 255 152 168 99 243 219 255 44 170 59 255 85 255
    255 255 255 182 177 153 255 251 21 255 219 159 255 67 255 199 255 31
    88 255 36 255 184 185 24 255 182 80 239 143 185 4 255 42 255 255 82
    195 99 252 255 233 183 60 255 255 255 78 255 88 208 120 255 255 230
    255 255 253 255 255 250 74 255 255 255 255 255 255 255 255 58 255
    123 122 255 255 255 255 53 255 245 215 21 73 255 163 27 71 255 255
    215 53 166 238 142 255 211 205 17 73 255 59 112 255 255 255 131 199
    130 255 255 255 255 255 21 255 111 68 122 255 36 255 255 130 255 88
    255 147 255 121 129 220 252 255 164 255 219 255 65 255 69 133 11 172
    165 30 255 86 16 132 132 193 15 255 188 255 255 253 255 155 209 255
    255 255 180 205 142 182 255 250 255 70 255 255 255 255 67 150 255
    151 65 255 118 255 152 122 55 255 96 144 255 90 41 255 255 3 90 141
    120 255 235 255 18 255 2 255 248 255 57 55 117 246 113 89 19 65 152
    147 255 255 99 117 130 255 23 255 241 140 238 30 255 255 255 143 85
    255 255 174 227 255 76 255 255 255 145 105 255 255 255 30 90 255 118
    255 23 99 255 255 77 207 255 255 173 107 85 255 255 255 255 255 252
    255 255 255 131 255 41 57 227 255 35 36 59 212 241 182 255 255 196
    16 132 62 255 255 89 138 255 79 202 255 120 12 164 255 152 255 130
    99 250 5 182 149 255 255 122 255 41 46 132 255 38 230 255 255 36 88
    170 147 255 255 255 255 255 206 65 204 80 255 255 124 149 63 124 110
    255 255 14 42 191 255 255 255 255 255 255 255 237 255 99 255 32 48
    183 139 145 255 255 230 255 227 255 241 12 255 255 255 255 136 21
    198 65 214 255 255 255 108 40 206 189 59 255 2 23 255 212 174 202
    255 255 129 156 103 159 253 138 255 255 115 255 255 193 241 255 255
    255 182 255 117 255 255 255 244 96 255 57 99 189 101 227 239 53 180
    77 255 248 5 205 19 255 255 185 255 28 255 255 255 59 255 255 255
    255 255 13 68 255 255 67 255 76 255 255 2 21 78 255 9 255 84 255 255
    155 255 35 103 255 204 255 255 255 32 73 255 185 255 156 31 255 255
    237 255 255 255 15 255 115 247 255 255 255 255 96 79 255 255 100 88
    229 65 111 75 211 32 255 38 122 191 255 241 6 241 255 255 158 181 34
    32 19 255 20 255 155 255 248 255 255 255 48 53 255 73 52 186 201 97
    255 227 255 106 75 212 255 23 138 255 255 255 19 193 255 255 21 255
    106 210 255 62 255 27 195 214 252 188 255 255 255 255 136 255 255
    250 255 255 26 145 255 232 255 180 153 255 115 206 255 255 255 255
    130 226 255 97 255 255 134 211 212 94 255 62 117 127 99 197 24 170
    255 255 11 32 255 255 44 135 223 187 255 14 255 203 126 42 77 255
    255 33 255 90 164 25 130 255 142 255 76 255 10 255 175 255 124 27
    255 50 255 101 246 255 255 47 255 126 255 255 248 21 255 255 120 184
    136 255 131 247 255 255 255 249 225 255 255 165 255 70 62 2 255 92
    255 255 126 138 127 83 126 255 255 255 252 106 255 194 173 88 255 42
    36 141 159 168 255 184 151 255 255 212 20 11 255 18 124 255 9 159
    216 236 214 88 230 255 174 59 181 235 18 131 255 255 214 23 99 200
    255 15 113 255 236 255 166 158 21 245 5 255 255 255 255 34 150 255
    255 200 154 255 253 150 255 194 255 255 217 255 23 144 255 13 255
    113 17 255 255 67 108 255 255 255 255 255 79 255 145 150 218 255 144
    212 195 2 41 164 3 62 132 255 181 255 82 152 141 55 172 25 65 188
    255 12 255 94 14 255 255 94 255 32 241 239 255 255 81 220 221 255
    255 26 255 124 206 227 229 255 255 128 255 90 255 255 255 255 55 235
    255 255 255 63 15 143 82 241 191 250 23 255 255 105 161 255 255 255
    255 255 177 255 255 255 204 24 255 255 255 147 255 47 195 117 99 255
    255 68 127 245 179 235 67 255 207 255 168 248 250 255 255 162 35 88
    29 91 55 21 255 69 255 5 255 97 255 172 255 255 39 65 108 223 0 255
    78 255 147 19 255 255 80 255 142 87 255 236 207 255 224 255 255 58
    255 255 141 57 182 185 159 255 124 196 255 8 255 126 6 253 185 255
    255 96 255 255 153 177 145 84 246 96 255 255 188 255 105 97 29 247
    182 255 161 143 193 255 161 182 255 255 130 236 219 255 183 255 203
    193 255 55 255 168 101 255 255 255 215 149 255 155 225 99 255 255
    255 29 255 255 135 255 255 76 255 255 255 255 255 255 78 224 100 244
    203 156 211 151 193 255 255 255 122 255 179 69 255 255 255 255 255
    255 255 255 99 201 47 255 255 200 255 140 102 198 78 255 255 255 255
    55 252 255 46 31 203 255 255 193 138 38 42 149 255 255 51 92 65 242
    36 255 69 255 18 48 52 250 214 255 255 255 231 255 234 255 255 255
    180 147 5 255 193 51 126 118 255 73 112 242 255 152 255 128 255 163
    172 255 110 255 36 124 193 79 71 11 117 147 255 255 18 247 255 232
    78 47 166 203 255 96 255 170 255 255 230 242 235 176 214 128 255 28
    239 255 235 255 255 234 109 255 255 255 2 227 255 146 88 255 114 255
    97 50 255 255 95 255 255 214 184 255 36 12 255 255 186 255 33 175
    255 227 111 195 255 73 255 255 7 166 200 255 84 155 184 255 109 27
    111 38 255 180 91 255 255 255 255 255 79 62 11 255 209 255 102 255
    29 103 255 255 255 225 105 56 255 178 255 48 255 249 255 255 255 207
    170 8 255 212 146 19 73 144 255 126 0 255 44 159 85 255 30 255 65 11
    83 23 255 255 183 255 18 255 233 255 220 255 184 255 12 255 2 188
    255 118 246 255 255 223 219 255 250 255 255 112 255 255 24 16 255 44
    209 255 165 212 231 255 255 255 5 205 255 74 170 10 202 255 187 255
    145 255 255 51 94 50 255 40 32 255 162 111 255 96 255 255 255 77 255
    10 255 150 214 255 255 255 255 96 255 255 189 255 82 216 255 42 255
    255 255 104 168 88 255 17 255 255 155 255 120 255 8 255 255 156 255
    193 50 255 255 146 244 73 235 108 255 255 255 255 255 168 103 224
    255 212 0 244 29 255 255 199 94 255 130 255 16 255 30 235 255 182
    235 255 188 19 255 89 202 214 255 81 138 99 104 31 162 55 255 209
    127 13 255 48 255 150 42 255 103 127 255 141 55 92 171 255 231 114
    255 233 102 255 255 12 255 255 230 104 23 194 255 69 226 232 255 14
    255 255 64 255 97 255 255 255 153 255 170 255 154 255 24 255 65 139
    255 157 138 113 247 255 111 255 170 80 255 94 119 75 255 32 255 35
    30 193 255 81 212 65 255 206 255 255 237 255 255 255 164 147 71 130
    255 255 170 255 255 255 39 255 255 127 193 255 255 31 255 11 235 89
    255 193 255 255 124 38 255 255 186 152 239 227 14 255 255 255 76 255
    216 218 255 101 255 108 18 17 21 255 255 138 85 255 49 111 162 255
    196 50 255 255 255 255 255 105 255 34 6 255 218 255 194 159 255 79
    255 255 91 255 255 177 126 255 105 255 255 255 255 34 167 94 76 255
    12 164 218 42 255 255 244 187 211 255 255 250 225 255 255 108 255
    255 255 255 199 214 255 30 11 172 202 255 220 255 205 248 255 16 4
    255 255 255 123 255 255 255 195 255 111 255 255 95 97 0 2 255 44 97
    255 255 86 255 239 255 51 241 0 189 73 255 255 208 68 131 203 255
    142 208 218 166 138 88 18 255 255 202 174 236 255 76 126 255 88 255
    255 195 255 175 226 126 255 214 85 255 36 236 42 255 147 255 147 255
    255 166 255 152 199 255 248 218 255 255 255 80 50 255 255 255 255
    255 104 54 255 255 255 255 9 255 255 48 255 152 255 222 38 23 255
    224 232 255 243 255 212 12 255 189 114 131 255 255 255 103 255 145
    255 255 255 255 255 9 255 255 255 252 232 255 255 255 255 255 32 255
    55 255 246 92 127 51 255 255 64 42 100 255 80 146 87 255 255 126 255
    194 255 8 255 255 63 170 19 90 180 57 161 249 131 8 255 181 255 255
    255 120 33 136 243 255 182 255 255 255 255 255 242 255 255 168 255
    255 62 122 255 106 254 205 115 107 255 255 255 255 255 233 224 255
    255 44 255 143 33 154 226 44 255 231 32 255 255 255 154 52 58 74 255
    255 255 31 255 255 13 117 30 111 188 255 99 215 85 210 173 255 255
    100 255 46 255 65 255 79 88 71 255 30 255 20 9 208 171 255 248 11
    163 255 255 111 255 132 103 23 255 42 255 255 149 255 255 248 255
    161 255 250 249 80 52 255 255 201 23 255 168 18 255 180 97 255 201
    58 255 255 179 255 76 168 165 255 255 11 248 255 83 255 215 83 124
    59 120 199 14 255 255 91 221 255 255 99 255 123 184 255 226 255 111
    255 255 226 255 255 255 123 50 206 183 255 255 255 255 247 106 255
    222 64 255 241 30 255 117 38 30 255 132 250 239 79 255 134 39 186
    113 194 255 255 49 138 255 255 255 255 30 204 255 221 140 90 179 255
    189 136 255 67 255 255 255 12 244 48 226 44 255 117 126 255 255 110
    255 12 255 208 255 145 75 255 255 8 255 35 164 138 255 255 186 156
    255 142 124 255 255 11 101 255 58 120 61 235 241 255 255 255 193 88
    255 26 184 255 86 120 199 126 188 145 224 227 78 247 140 88 255 255
    255 255 111 255 247 99 255 17 135 255 82 255 255 255 111 218 161 255
    255 180 4 255 255 255 255 255 19 15 114 177 107 177 67 235 95 255
    255 61 57 255 138 255 42 255 221 80 255 255 59 255 255 255 255 55 27
    74 198 218 70 188 255 236 90 255 255 19 48 188 218 255 174 64 252
    202 255 166 35 255 134 200 255 255 138 239 248 255 129 21 255 159 61
    255 255 88 30 255 255 36 255 255 255 143 255 130 18 255 255 255 140
    255 200 218 53 113 71 132 140 255 255 255 48 255 255 140 21 255 255
    194 255 255 205 16 255 255 255 187 53 255 255 15 126 255 100 28 218
    206 113 59 255 23 54 99 255 126 58 7 183 247 255 174 182 255 34 126
    255 197 255 255 255 106 255 255 182 255 255 97 41 255 255 16 255 255
    227 255 255 200 29 255 204 255 247 255 195 191 182 11 255 57 255 255
    129 118 156 235 255 255 214 46 55 255 255 171 255 149 202 255 255
    255 255 141 238 212 15 80 150 23 68 184 255 255 255 32 255 60 172
    255 57 255 255 152 255 243 255 48 95 117 255 82 255 220 52 255 130
    250 255 48 255 255 255 255 16 82 135 145 255 67 255 255 203 57 118
    246 255 255 214 255 80 232 255 170 197 124 255 112 46 65 127 172 226
    255 230 97 2 255 255 95 21 226 255 255 191 106 255 255 71 255 157
    193 255 25 209 255 255 230 255 176 5 255 180 255 255 255 0 156 44 21
    255 115 255 255 255 205 126 42 58 255 255 221 2 255 236 2 88 255 228
    69 71 202 32 255 255 255 255 32 166 255 255 227 255 255 255 255 205
    161 39 218 255 105 255 31 206 255 255 55 255 255 255 255 255 194 73
    255 124 189 82 52 248 210 244 255 166 255 255 254 255 30 75 255 227
    255 255 237 255 252 255 145 255 127 255 130 14 155 255 46 255 239
    255 255 255 42 183 255 189 255 255 37 191 224 150 255 255 232 255 11
    204 255 171 255 255 255 255 233 255 255 255 74 60 23 255 218 255 255
    11 212 255 94 255 255 145 255 79 191 255 227 242 255 255 255 255 255
    255 54 255 255 220 205 97 109 30 221 140 89 255 255 250 48 97 255
    255 255 227 255 48 255 255 80 85 246 241 255 46 101 76 255 227 62
    255 255 14 255 113 82 34 52 255 16 255 59 255 255 255 241 36 150 51
    255 255 28 255 255 255 255 244 255 168 255 32 80 82 255 255 235 97
    52 255 34 255 35 172 52 124 189 255 230 255 255 255 248 107 171 255
    255 255 255 80 5 163 255 45 255 6 92 255 255 255 255 59 235 177 255
    238 161 233 221 9 90 255 154 255 221 255 61 79 92 255 109 115 27 235
    51 255 21 156 255 8 212 199 83 214 111 118 255 69 0 80 255 220 255
    255 255 124 193 123 158 255 188 57 239 233 7 141 155 184 92 255 186
    151 55 255 255 35 57 255 215 101 255 138 255 103 182 0 255 33 21 255
    92 255 255 217 255 255 255 111 255 62 163 255 144 80 255 255 172 57
    80 65 255 255 255 82 158 255 255 147 255 117 238 124 161 189 223 212
    255 85 255 255 92 203 252 177 161 255 27 255 23 255 29 255 11 109
    123 255 113 255 255 162 67 221 255 30 172 255 255 255 130 255 232
    210 177 189 255 47 255 255 45 255 255 221 255 255 255 21 255 255 198
    48 255 161 255 202 97 255 2 255 255 255 255 126 255 30 25 253 255
    255 170 50 255 194 138 255 241 255 255 255 255 97 99 255 255 250 156
    255 255 255 255 111 50 105 255 255 255 94 204 164 244 168 122 255
    255 21 255 255 96 27 35 180 170 170 187 121 154 255 255 255 63 11
    255 255 71 196 255 176 198 255 244 115 19 255 255 245 39 53 255 255
    159 157 235 255 229 255 216 159 153 255 54 255 25 57 2 255 132 199
    115 151 255 255 32 139 255 255 103 150 255 59 158 233 193 69 52 70
    255 155 89 234 92 129 255 118 255 42 255 115 202 183 217 255 255 144
    90 255 255 131 65 255 27 255 255 255 255 150 101 255 52 255 255 127
    255 84 15 181 122 255 255 255 255 126 255 103 97 255 177 83 23 26
    211 255 76 104 107 94 255 143 255 32 255 118 152 255 189 165 73 188
    126 255 255 242 255 186 255 117 255 58 255 142 255 255 118 11 255
    255 165 122 255 212 255 255 12 255 73 85 92 255 251 255 105 255 226
    205 255 4 144 255 255 158 255 122 255 255 73 173 255 130 155 241 255
    255 108 255 255 216 255 11 255 126 229 255 166 255 255 255 150 255
    157 105 27 255 209 235 255 24 21 143 91 255 255 255 255 201 255 48
    61 99 255 255 71 168 48 255 76 25 255 80 168 255 120 97 124 255 255
    156 7 255 255 255 143 83 255 255 233 35 172 117 253 255 142 255 255
    220 235 255 255 255 255 255 255 97 174 255 255 255 126 31 255 64 255
    135 255 46 255 221 255 2 255 214 255 237 255 202 25 255 67 255 2 255
    184 92 85 27 2 206 255 255 252 255 255 255 103 212 255 255 254 255
    35 255 249 74 86 146 255 59 200 221 255 255 255 40 139 138 4 5 150
    50 92 227 255 255 182 231 255 255 255 27 55 75 82 255 71 188 111 187
    91 255 183 130 110 118 47 23 162 229 140 147 149 135 134 168 255 61
    144 253 255 229 255 247 255 58 164 91 255 255 255 71 255 124 255 31
    89 35 255 255 255 255 255 90 255 255 145 255 142 131 255 218 103 183
    239 21 2 255 110 76 45 255 255 155 255 117 247 255 255 117 255 255
    108 119 255 105 136 255 126 119 218 255 255 111 255 205 15 255 212
    255 227 255 255 49 255 164 109 124 34 223 235 227 255 83 255 85 35
    255 3 255 255 255 74 46 255 255 255 253 255 84 193 234 255 252 175
    61 2 237 255 236 214 86 235 255 42 74 177 255 255 255 255 232 255
    255 102 67 255 186 71 138 255 67 255 133 188 65 85 150 145 95 255
    255 35 156 255 77 120 255 255 175 255 255 221 13 58 120 255 55 170 0
    214 255 206 255 51 255 255 255 255 126 255 115 100 163 38 165 255
    255 255 2 176 255 200 21 227 255 231 255 255 255 255 255 235 55 177
    255 239 110 44 255 255 67 255 255 255 230 255 255 255 255 199 255
    255 255 255 228 138 212 255 255 255 255 149 255 177 255 24 255 124
    124 135 164 255 244 255 255 255 255 146 239 21 126 255 255 29 255
    255 44 159 255 255 255 134 226 14 136 167 255 21 164 227 97 162 255
    229 185 170 255 79 181 255 255 4 130 255 111 32 255 255 255 215 154
    255 218 16 255 103 218 255 136 242 145 133 138 255 186 255 50 5 80
    255 61 255 255 223 255 255 79 191 241 255 255 0 255 255 255 194 193
    255 233 42 255 39 255 255 127 175 233 255 241 157 59 255 27 108 189
    255 126 255 255 62 106 255 115 255 237 105 53 255 233 142 126 255
    163 157 243 255 255 255 255 147 142 182 255 255 255 185 255 81 86
    255 2 255 255 53 105 255 255 76 196 138 255 120 232 63 255 255 52 64
    228 180 147 255 88 47 255 255 255 255 69 255 250 255 255 172 255 255
    81 157 168 196 17 164 221 76 183 60 255 255 255 255 255 175 32 64
    193 203 58 159 255 221 124 157 158 195 254 55 126 132 111 117 255
    180 244 255 255 255 255 239 255 255 215 225 197 255 255 21 155 198
    255 89 97 130 138 255 71 255 90 255 205 255 92 127 131 255 133 115
    255 91 50 155 255 255 255 255 255 25 156 255 149 65 71 255 49 255
    255 255 255 255 253 179 255 212 255 255 92 67 138 255 188 255 82 255
    218 108 175 255 29 175 36 255 211 159 255 255 13 41 218 255 38 32
    255 226 209 255 255 255 255 200 255 136 71 152 23 144 143 255 255
    223 226 255 255 212 99 255 255 255 71 255 255 51 255 111 255 239 255
    255 254 11 255 255 230 48 23 255 255 166 255 255 208 139 255 111 15
    255 13 161 150 255 8 255 124 115 255 183 0 255 255 177 193 197 255
    255 57 168 255 255 149 255 140 241 211 255 156 255 151 49 255 255
    193 255 50 29 255 255 24 255 255 255 76 224 255 88 203 255 214 34 44
    255 174 114 255 241 142 103 210 161 19 206 255 255 134 236 255 214
    15 62 255 58 131 255 24 99 255 109 202 255 120 207 255 255 255 185
    255 255 17 152 255 92 255 158 255 253 255 115 255 140 255 255 255
    174 220 255 63 229 65 255 255 255 19 109 255 255 147 191 71 255 255
    255 255 255 255 45 255 19 109 67 255 206 62 255 79 248 235 36 255
    224 255 62 55 215 150 255 221 255 57 255 154 255 179 225 174 44 161
    0 70 255 255 42 255 164 255 5 255 255 255 218 255 111 96 255 255 76
    255 255 255 255 122 141 58 255 255 246 255 208 91 255 17 24 255 255
    255 255 201 255 255 174 255 255 255 71 218 170 159 232 69 255 179
    113 255 221 103 115 158 255 112 182 143 150 255 84 89 21 48 41 27
    255 255 35 40 65 51 97 179 127 55 117 135 183 255 255 99 238 195 255
    255 106 220 164 209 255 24 255 255 255 255 19 255 255 255 11 255 134
    255 255 255 86 255 38 86 255 255 33 205 255 255 83 193 255 209 255
    82 255 255 111 44 21 117 255 255 217 71 255 83 242 254 20 255 255
    141 255 117 255 2 255 109 179 255 255 255 25 255 214 166 183 255 248
    118 140 239 255 255 255 238 108 255 202 35 255 196 165 255 244 16
    255 182 135 86 255 255 255 247 216 255 255 124 216 23 255 195 82 53
    126 255 28 157 86 255 86 255 19 255 17 255 255 255 255 255 253 124
    130 5 218 245 32 255 155 208 255 255 168 255 159 92 46 255 197 223
    126 102 255 176 255 126 255 255 97 124 118 200 183 255 179 255 8 255
    63 111 227 218 165 71 255 255 255 174 255 255 254 191 255 255 42 156
    231 255 147 255 255 255 134 52 166 214 165 234 255 227 44 166 20 138
    255 100 225 210 255 41 36 146 255 255 24 85 140 255 255 63 5 255 255
    218 191 255 156 150 197 255 60 255 155 255 255 164 255 255 126 122
    255 255 255 255 170 255 27 121 225 255 255 129 113 23 255 55 179 255
    255 253 255 255 255 35 109 147 255 255 177 159 255 142 255 255 27
    232 107 138 255 255 158 255 248 159 62 255 115 221 134 255 103 80 89
    165 151 255 124 255 241 255 254 255 237 255 142 5 255 89 255 57 15
    225 255 171 34 254 206 147 255 109 7 255 255 255 13 8 255 67 173 255
    199 176 255 255 255 19 250 9 216 255 124 57 255 79 253 76 255 18 222
    144 255 255 255 255 17 212 219 109 230 255 115 118 221 254 61 255
    255 255 255 115 77 255 255 0 248 153 255 255 155 121 32 23 252 37
    255 255 212 255 255 30 187 243 255 255 127 255 255 255 255 255 255
    101 19 100 255 147 255 255 27 89 255 255 255 87 120 11 255 4 68 246
    255 255 138 15 88 255 255 23 37 255 209 255 250 15 44 255 32 255 255
    238 163 255 200 170 145 47 255 132 186 156 255 112 255 255 255 255
    255 144 255 255 247 255 241 171 251 164 255 65 255 106 65 255 186
    255 145 124 119 245 150 150 255 255 255 255 146 255 255 255 242 149
    255 255 255 36 255 229 70 255 247 218 117 255 100 255 255 255 241 25
    14 255 10 255 255 73 255 255 255 118 255 255 215 168 255 33 255 255
    70 80 46 255 149 155 255 255 255 255 255 255 250 255 117 212 129 216
    12 255 97 17 44 78 212 111 157 155 173 29 36 101 105 199 255 255 144
    255 151 197 21 255 108 30 255 121 255 65 255 25 255 130 255 255 233
    76 182 52 99 65 255 255 71 255 255 168 196 255 162 197 225 90 117
    255 255 171 11 25 177 255 255 117 250 220 236 119 96 202 255 227 214
    255 170 71 255 255 247 255 27 142 255 96 120 255 255 117 223 109 255
    227 255 153 111 122 103 212 255 255 255 155 255 255 255 162 83 86
    255 23 96 3 246 255 138 108 255 255 255 65 76 255 88 189 255 255 114
    181 255 165 207 113 255 239 149 50 90 255 241 27 255 255 255 185 39
    255 17 86 255 255 115 74 255 255 165 65 111 255 27 123 255 255 255
    255 145 255 58 255 180 255 239 124 255 122 71 255 204 124 2 248 205
    255 255 138 255 69 130 55 255 183 48 10 212 196 255 9 119 185 111
    255 255 29 255 255 255 200 255 127 140 117 55 142 255 255 250 40 50
    255 99 255 255 99 188 255 255 255 223 255 255 255 63 206 53 255 167
    27 255 255 255 255 255 255 255 62 255 255 53 255 38 186 255 46 255
    30 255 153 122 255 255 71 255 255 255 136 80 255 255 197 12 220 189
    255 27 106 60 255 255 255 172 121 255 34 138 25 75 255 255 103 255
    255 76 111 255 243 255 7 255 232 177 255 26 74 255 100 255 255 17
    255 115 203 181 255 138 53 164 255 250 255 109 168 255 255 39 182 61
    255 178 83 255 255 255 50 27 35 124 255 186 255 255 211 255 255 215
    50 255 255 255 255 255 255 255 236 94 36 91 11 255 255 255 67 255
    255 203 182 186 255 103 135 255 255 255 54 23 37 90 136 94 255 161
    250 255 68 143 136 176 255 255 177 255 243 206 255 255 94 62 210 227
    51 147 255 62 255 65 255 25 255 255 255 149 255 44 50 76 73 167 158
    180 141 255 128 136 255 155 255 237 255 32 122 255 235 163 10 252
    255 229 38 191 255 230 255 84 255 62 255 70 212 255 146 219 107 255
    255 255 255 242 96 121 237 55 136 255 113 255 255 76 255 255 255 255
    255 254 203 255 161 146 136 31 170 196 2 174 19 255 202 14 113 255
    255 255 99 255 255 156 255 255 255 196 255 73 255 229 209 165 107 42
    255 34 120 28 92 214 27 132 249 255 255 6 255 255 255 74 255 255 255
    255 89 65 255 158 255 224 167 255 255 193 255 255 255 253 255 255
    108 94 23 127 255 91 53 255 255 131 210 70 255 255 191 255 255 255
    255 206 194 142 255 130 117 255 179 67 254 252 85 255 130 182 159
    176 255 182 68 41 255 64 28 255 255 255 52 255 140 255 67 156 84 227
    103 255 255 106 255 246 255 255 82 255 149 176 255 255 150 255 27
    255 99 255 255 7 255 153 255 237 8 255 255 155 18 174 255 255 86 20
    221 255 249 196 99 255 207 222 255 255 255 162 138 101 74 67 255 182
    173 255 118 32 255 147 255 255 100 255 172 73 90 255 227 37 255 255
    255 182 56 170 255 179 255 255 135 212 201 255 57 212 45 255 255 168
    186 103 255 108 78 130 255 255 255 241 255 89 184 255 255 255 233
    255 255 255 33 179 0 23 111 255 255 255 141 255 111 255 38 255 255
    255 76 255 156 255 255 105 168 255 77 209 128 95 255 92 183 255 255
    182 255 143 168 255 247 188 147 255 255 140 255 226 214 210 215 161
    203 255 223 255 246 124 191 176 140 96 255 115 107 185 255 255 255
    119 255 32 255 44 180 193 255 236 255 199 2 163 105 255 5 255 255
    255 170 42 62 248 124 255 255 255 255 197 150 255 255 32 255 255 144
    108 255 209 255 134 244 218 255 255 255 255 255 198 255 255 44 255
    255 150 255 133 255 255 162 255 255 130 235 255 149 255 134 255 244
    237 86 255 255 255 255 120 164 255 255 255 221 255 61 108 255 100
    202 61 36 104 203 55 65 153 144 189 255 141 60 255 255 255 255 6 30
    105 64 172 255 255 255 76 165 255 174 255 16 120 226 255 255 126 255
    17 233 129 255 42 255 138 191 120 65 255 255 255 79 90 255 227 158
    255 255 55 255 56 69 255 255 255 2 255 172 155 255 205 201 64 255
    255 76 255 255 168 255 255 202 131 65 255 255 255 109 74 76 244 255
    162 44 230 48 132 255 23 255 255 235 247 255 25 255 255 255 255 255
    255 20 182 255 49 255 254 159 126 255 103 149 13 155 4 218 255 23
    255 227 255 97 62 150 255 226 48 218 164 196 255 255 4 46 255 255
    255 246 255 166 182 136 255 255 250 141 230 255 255 58 150 254 182
    255 255 244 255 82 255 166 63 255 225 255 255 57 255 255 255 84 212
    255 255 255 255 255 255 255 255 71 255 255 232 255 255 97 16 255 165
    168 10 42 255 255 95 97 255 255 117 255 255 27 111 255 255 113 255
    23 255 161 88 132 212 255 255 255 67 13 136 241 255 179 138 237 255
    50 255 255 147 105 241 255 255 255 255 193 209 223 255 55 255 239
    255 115 255 117 62 48 79 255 63 230 255 229 29 221 92 255 198 94 38
    255 255 167 221 136 106 165 255 255 163 255 82 255 255 196 34 176 12
    255 255 99 103 255 155 255 255 180 255 255 255 255 255 152 255 115
    45 94 34 255 133 255 227 255 255 199 94 19 236 244 15 246 255 54 88
    255 42 255 189 25 2 255 255 132 7 255 73 255 255 255 255 201 155 255
    255 212 196 255 159 255 145 53 255 255 39 255 255 27 255 19 141 255
    255 74 255 255 255 255 255 220 161 218 24 255 255 115 255 233 185 30
    11 71 35 237 255 60 195 39 255 31 247 57 255 83 255 255 255 255 255
    3 163 255 55 120 4 47 255 255 86 129 94 59 255 157 153 255 255 149
    101 201 255 255 255 255 110 255 33 255 255 217 64 255 255 223 255
    224 71 255 206 255 206 239 255 76 188 255 92 217 193 255 255 94 255
    99 50 153 12 64 255 255 255 255 238 158 126 133 156 255 62 255 255
    255 255 255 39 255 235 49 73 255 255 108 255 42 67 132 73 191 172
    255 42 255 91 255 151 203 235 255 159 143 255 255 62 166 138 42 113
    202 228 255 241 242 255 176 255 65 255 152 245 65 248 255 39 189 46
    255 193 255 255 255 151 238 32 143 255 92 255 59 225 255 255 255 255
    255 255 216 255 255 206 99 255 97 0 34 255 226 255 255 24 76 247 170
    0 172 111 101 15 196 255 86 255 170 46 194 96 118 255 255 174 250
    120 122 141 113 229 221 255 255 255 181 191 255 255 21 112 255 255
    255 255 255 193 142 255 133 255 255 212 165 143 52 207 170 111 255 4
    94 230 255 255 255 255 255 111 203 253 223 255 152 211 255 85 255
    255 23 255 176 50 78 255 255 255 189 206 87 65 255 248 189 253 154
    115 105 158 255 255 255 11 158 255 38 35 255 76 168 221 218 226 154
    105 14 255 255 255 41 255 27 255 65 85 51 172 255 101 255 146 41 255
    126 27 21 49 173 255 255 161 255 35 152 247 255 255 199 79 255 141
    235 37 255 255 209 226 255 237 255 255 255 255 191 255 255 255 161
    227 141 255 195 255 255 11 255 255 255 221 131 255 255 255 245 121
    255 174 255 196 255 255 255 255 124 74 255 185 159 255 147 80 88 111
    158 187 244 212 55 44 92 255 255 253 199 30 110 130 92 46 170 255
    255 255 255 73 255 212 232 255 212 181 212 250 255 255 173 42 255
    185 250 147 132 255 255 121 44 255 255 163 255 118 255 32 211 110
    255 35 255 255 56 126 151 185 131 132 162 135 255 158 255 255 191
    158 255 23 140 255 255 255 42 255 255 255 255 255 199 255 184 255 79
    235 13 203 106 255 200 255 42 255 255 255 244 48 255 255 21 168 76
    165 255 86 104 101 85 11 226 255 179 222 161 241 166 27 161 255 50
    120 168 17 255 134 173 18 255 255 255 255 247 30 255 173 255 255 167
    255 212 152 255 255 255 94 10 199 16 243 255 230 241 255 90 255 44
    255 88 105 255 255 2 150 255 255 255 255 91 179 255 206 39 255 255
    103 235 255 255 168 73 255 255 255 255 178 193 255 255 8 255 255 80
    255 23 255 16 255 174 170 155 255 255 255 70 177 63 255 30 151 158
    255 170 92 255 10 255 76 255 8 255 117 106 255 226 6 211 233 255 255
    126 58 255 101 27 103 247 255 189 255 255 50 255 64 110 86 199 255
    255 180 92 255 74 104 122 83 191 255 79 255 255 183 179 80 27 255
    239 255 7 111 133 255 59 117 255 44 238 81 255 255 255 241 73 184
    255 255 255 255 255 255 247 144 255 255 52 255 255 150 255 115 250
    163 255 136 191 191 246 117 208 244 255 40 111 124 153 55 253 15 142
    253 233 152 175 255 255 255 255 112 255 250 82 147 161 71 255 255
    171 255 96 255 90 255 95 96 255 138 184 255 120 71 203 255 241 255
    255 207 29 35 46 255 214 255 255 118 136 255 118 255 182 50 41 107
    255 255 255 80 255 189 255 255 255 49 119 170 35 78 176 205 255 255
    255 181 255 246 9 255 144 158 191 56 55 255 236 255 255 91 7 157 85
    250 255 65 4 255 249 189 212 255 170 255 255 232 255 243 255 255 255
    189 255 97 255 255 99 83 235 199 255 255 255 57 255 70 255 247 74
    255 255 86 196 136 220 255 255 136 255 185 230 255 241 255 140 11 83
    255 138 62 255 168 255 255 214 24 30 84 255 136 255 255 255 162 255
    175 143 255 255 229 83 168 255 11 255 255 47 142 161 238 204 174 106
    143 255 255 255 255 238 255 255 36 145 255 71 230 255 86 101 255 94
    76 147 120 255 214 118 173 255 162 188 153 14 159 21 255 255 0 177
    255 191 58 255 255 61 12 214 147 255 59 80 154 227 255 255 153 76
    135 141 165 57 124 255 223 255 255 184 122 68 255 155 255 221 255 53
    126 255 255 156 255 99 177 255 142 255 143 144 223 255 142 115 252
    255 14 255 11 67 122 141 255 159 12 207 134 100 232 73 153 255 229
    255 158 255 255 163 67 255 255 69 255 120 134 252 255 220 133 55 65
    3 173 255 183 255 203 214 11 13 36 237 107 255 119 255 255 255 145
    174 73 255 179 221 76 133 4 6 152 12 255 255 21 255 115 255 255 255
    12 255 82 158 255 115 255 255 52 19 255 14 255 117 243 94 235 138
    255 10 255 255 208 255 255 255 197 0 241 255 253 233 255 255 226 255
    255 255 165 94 52 186 168 255 44 255 255 141 9 255 223 255 255 255
    184 255 255 150 145 150 255 255 88 255 255 30 62 255 92 140 212 255
    255 220 255 149 255 97 241 255 255 34 216 39 255 75 114 255 222 182
    184 250 255 117 6 92 255 25 244 255 255 161 170 48 255 250 245 95
    255 255 239 92 255 68 255 255 35 106 255 36 120 210 121 255 255 255
    255 255 38 71 161 202 255 147 255 253 243 130 87 71 103 255 42 153
    255 124 138 108 255 255 255 226 232 150 255 174 53 255 255 200 120
    255 177 255 186 32 29 114 255 0 211 145 166 50 255 255 185 19 255
    255 255 233 255 27 157 165 255 255 193 170 255 208 21 92 189 255 80
    8 255 255 38 12 216 115 255 255 255 101 164 255 149 101 211 255 255
    255 255 109 121 168 59 161 255 255 255 204 218 255 110 195 235 182
    255 255 219 107 255 32 255 133 11 255 114 255 140 167 255 174 255
    205 73 241 18 255 255 198 241 255 21 255 255 255 29 255 25 255 71
    212 107 255 127 255 142 255 255 199 255 201 76 253 197 152 255 255
    45 21 255 255 96 124 164 255 245 255 255 255 100 255 255 255 126 255
    255 255 255 86 255 183 21 145 231 168 255 255 249 177 243 255 255
    216 255 48 94 85 44 252 88 161 255 121 5 65 255 255 255 109 255 255
    255 23 255 255 255 34 255 255 52 223 255 255 133 255 255 149 255 136
    14 255 255 100 179 178 82 147 75 255 255 172 221 30 113 14 255 255
    92 140 201 255 205 255 70 255 96 255 255 182 42 142 255 114 184 255
    17 255 31 27 149 11 223 255 255 109 172 255 211 255 201 68 138 25
    255 198 23 152 211 237 255 27 255 255 255 224 255 34 134 105 255 252
    255 255 255 79 255 255 255 193 149 26 255 29 20 255 255 255 234 195
    255 255 40 47 163 255 255 221 172 36 35 255 138 44 226 73 23 247 252
    255 255 183 255 40 255 223 255 42 255 189 255 205 191 12 209 255 255
    255 255 99 173 168 255 135 241 255 246 155 221 193 255 255 108 147
    95 111 255 255 255 255 238 131 255 255 255 255 255 255 255 20 255
    164 255 18 255 33 12 255 238 255 168 255 255 255 183 255 255 255 255
    255 141 175 170 133 255 216 255 69 69 142 255 50 120 230 255 105 255
    124 189 67 255 100 255 255 108 255 80 255 92 255 79 255 118 89 108
    166 123 136 17 173 170 128 255 255 27 2 92 195 255 11 255 255 184
    255 56 255 233 255 255 96 6 255 255 133 152 255 56 51 90 255 255 255
    255 195 115 255 255 195 255 255 8 53 255 120 236 67 255 255 246 255
    100 255 255 255 255 189 133 127 255 42 255 255 255 9 187 255 88 54
    99 113 255 118 255 255 79 154 255 114 150 189 255 255 0 243 255 141
    52 255 255 255 14 255 144 255 247 252 73 255 112 11 19 146 255 255 5
    232 155 255 230 255 253 255 191 83 88 255 255 255 130 255 255 255
    255 255 197 8 108 255 255 196 255 23 83 84 255 255 31 158 225 255
    124 106 255 156 255 172 21 255 255 206 255 73 142 175 193 255 251
    255 108 140 204 79 255 208 255 255 90 158 158 255 74 255 255 155 255
    204 5 255 255 8 166 255 180 189 138 18 149 130 106 255 255 135 255
    247 109 18 255 255 225 255 255 255 124 135 218 255 92 97 255 77 255
    187 91 255 8 80 145 151 255 129 10 165 34 218 170 135 255 255 255
    176 255 103 255 161 140 155 255 255 239 65 51 255 244 119 255 161 16
    255 241 255 255 11 255 99 149 228 32 239 255 109 35 255 255 255 255
    255 108 67 255 147 37 237 71 255 255 255 255 195 255 246 46 83 7 255
    188 55 255 255 214 23 32 255 255 2 96 185 255 255 255 118 255 67 255
    255 86 68 16 255 30 255 233 50 214 226 255 113 132 255 255 248 255
    255 255 205 255 50 115 255 255 6 255 255 32 7 255 79 172 195 126 168
    180 39 255 164 99 255 52 255 251 36 170 255 25 249 255 255 255 255
    255 124 255 10 36 53 126 255 255 255 238 255 255 255 57 75 255 161
    255 36 16 255 92 23 111 255 248 75 255 255 255 255 255 255 253 255
    92 89 156 250 191 150 255 38 255 29 255 216 255 14 172 247 18 108
    189 161 255 31 255 255 237 255 108 222 159 255 10 9 88 208 253 136
    76 206 255 54 229 94 255 255 205 255 56 255 255 141 202 255 170 255
    140 255 255 107 14 216 255 255 136 176 76 101 255 27 44 255 255 129
    255 255 255 55 89 23 149 124 7 255 191 255 10 255 156 36 149 177 134
    164 135 255 173 74 208 235 230 255 255 255 94 3 209 201 92 255 255
    255 158 8 42 191 255 209 255 11 83 143 255 255 14 180 83 145 101 244
    94 199 232 255 99 53 255 255 255 5 250 79 78 255 255 255 255 255 145
    229 170 209 176 255 246 48 255 255 23 255 255 84 255 172 208 255 50
    172 255 23 2 255 46 147 255 11 48 118 255 149 255 255 255 9 133 176
    255 255 255 255 255 185 255 23 255 170 0 255 199 111 255 65 154 109
    26 135 255 255 255 92 108 255 255 129 161 255 255 255 255 112 172 29
    205 255 255 47 255 132 243 214 82 99 255 255 244 250 8 189 126 27 88
    165 227 147 223 255 255 67 155 41 65 255 162 83 255 255 161 75 255
    255 157 255 255 65 91 99 61 255 255 23 129 150 201 255 255 255 171
    92 80 71 255 255 183 120 61 94 212 78 179 255 255 255 193 255 135
    255 255 255 198 203 44 255 255 91 255 84 255 255 255 255 255 78 217
    12 255 255 255 29 85 214 162 39 255 42 59 101 255 99 227 255 168 255
    255 255 255 161 136 255 255 23 80 157 139 140 25 255 255 255 208 255
    178 255 255 130 49 244 255 255 255 235 138 170 73 88 255 19 77 204
    239 80 111 255 191 181 255 255 255 210 255 83 226 214 255 61 255 255
    195 255 255 10 136 255 255 255 143 255 255 87 255 129 242 96 67 255
    187 255 97 241 79 255 164 255 19 84 255 142 255 249 255 46 255 76
    255 30 69 25 114 175 255 55 255 255 141 255 255 77 223 229 196 55
    255 156 9 103 95 186 126 165 0 42 71 39 255 95 135 255 71 23 2 255
    255 255 255 255 255 235 161 255 33 228 255 255 255 218 255 255 255
    138 65 255 255 255 255 255 255 189 255 255 220 255 156 222 179 255
    255 23 255 34 209 41 197 18 255 54 197 255 255 236 30 255 52 255 255
    255 200 255 14 221 97 152 255 76 88 74 155 255 166 255 159 106 255
    211 255 255 97 237 255 74 255 255 255 110 34 146 149 255 146 255 255
    114 78 254 203 204 255 255 64 107 255 94 255 39 255 157 214 255 255
    255 255 193 255 255 255 255 2 69 255 204 255 221 242 255 158 255 255
    255 255 255 255 255 76 24 255 189 255 255 149 249 14 255 255 41 159
    174 25 255 255 223 255 17 255 231 15 255 255 18 255 99 133 67 255
    255 255 255 30 255 255 114 232 255 255 255 231 146 223 255 147 152
    255 255 255 19 255 48 255 83 126 80 146 99 143 159 255 255 139 106
    255 80 255 255 21 255 255 255 255 21 176 255 255 42 5 214 197 255
    255 218 69 151 3 255 164 56 255 255 206 211 255 49 214 10 176 221 8
    9 115 224 211 108 247 215 255 88 255 255 255 255 255 27 20 34 255
    255 204 255 255 255 255 108 255 235 168 96 134 255 212 145 27 41 99
    255 255 255 209 227 255 146 191 147 152 255 255 77 119 255 15 4 117
    255 239 254 215 255 255 124 94 54 255 255 151 255 239 63 102 34 255
    255 255 187 255 2 27 42 255 255 255 198 178 135 255 255 255 189 94
    100 255 128 255 83 255 235 207 250 130 186 255 255 34 255 27 255 255
    39 81 32 106 23 229 20 211 247 255 42 128 255 227 170 102 255 255 47
    219 255 21 205 75 255 50 255 255 73 255 246 78 71 138 58 255 52 196
    255 255 255 255 255 255 239 255 255 227 255 218 255 202 221 159 255
    255 59 73 23 255 255 255 255 255 255 255 255 143 55 255 90 255 168
    166 107 79 90 255 233 255 233 88 60 31 105 143 255 26 5 6 2 225 67
    74 2 32 255 255 255 233 69 151 15 212 255 255 255 254 191 255 65 255
    188 255 255 126 255 108 173 255 255 255 255 255 255 99 183 255 23
    155 255 255 158 124 255 179 255 122 255 18 255 17 255 218 255 244
    255 255 152 17 255 255 97 205 32 245 255 110 255 221 69 52 135 27
    255 147 255 36 215 12 255 8 232 21 232 117 255 255 204 255 255 255
    255 255 234 38 255 19 122 103 255 226 244 255 255 50 115 113 83 53 4
    39 255 105 255 255 255 18 81 185 200 255 44 255 255 208 255 120 99
    164 255 255 255 255 255 62 158 122 255 255 75 220 110 57 208 255 255
    215 30 237 42 81 255 255 241 174 255 255 255 255 255 255 255 35 86
    205 255 97 168 227 255 83 182 255 146 188 255 124 255 255 21 234 255
    174 173 21 9 255 140 255 92 103 229 250 23 255 99 255 255 221 255
    255 255 241 255 135 23 108 53 255 255 255 255 255 168 255 42 255 132
    14 255 255 255 53 180 255 251 42 32 255 183 255 255 67 255 253 118
    255 255 255 243 244 136 255 255 185 133 255 38 255 255 206 208 255
    255 255 255 255 214 78 13 62 78 255 218 216 252 255 9 97 235 255 159
    36 255 174 255 250 40 71 51 46 174 32 8 255 255 212 255 255 255 36
    94 255 230 46 199 255 34 255 67 232 255 255 83 170 88 154 255 255 62
    161 255 255 109 14 103 21 183 103 226 114 131 38 255 143 255 243 81
    255 255 34 174 255 244 69 253 255 255 127 96 255 149 21 101 149 48
    255 2 50 50 255 96 255 255 255 80 71 255 255 238 193 255 35 255 172
    94 4 255 246 7 255 255 120 255 255 42 224 232 168 255 150 255 36 58
    255 8 255 172 255 255 131 255 121 122 255 196 74 255 103 255 199 255
    255 97 77 50 170 255 255 248 133 251 4 255 163 255 255 27 97 255 21
    59 255 255 255 255 255 13 85 200 255 174 42 138 76 5 255 36 60 0 67
    255 145 255 27 255 36 92 255 118 83 92 255 30 255 80 255 218 42 104
    174 5 117 42 255 234 255 233 255 76 53 255 255 97 255 255 44 255 255
    149 223 61 130 23 208 255 255 126 35 110 99 58 227 27 109 230 255 52
    255 255 12 69 255 158 99 162 121 255 94 215 255 76 99 255 255 158
    230 255 112 255 29 255 255 168 255 255 138 255 101 130 168 255 255
    89 30 255 67 244 255 144 218 189 2 191 255 255 255 255 174 255 34 56
    255 180 255 163 255 15 255 243 255 83 255 218 27 255 226 159 255 45
    255 255 205 60 185 105 74 255 144 191 255 61 255 255 50 25 206 174
    186 255 153 182 17 247 255 92 142 255 254 106 255 88 255 255 255 139
    76 136 255 103 255 255 255 126 124 239 255 255 255 222 97 239 255
    185 110 80 95 234 255 182 103 252 168 255 38 80 37 255 173 0 32 111
    255 147 142 250 88 250 110 4 74 255 255 23 99 105 74 255 255 173 142
    255 255 255 182 161 175 255 130 255 57 80 5 255 118 101 255 100 255
    255 255 255 255 115 85 255 255 255 34 77 255 255 164 255 255 255 255
    149 255 168 168 255 186 255 255 191 255 255 255 255 255 221 17 255
    255 255 114 255 255 8 14 255 255 255 255 67 255 90 255 227 44 255 11
    201 250 42 101 255 85 193 21 172 143 162 143 255 18 78 120 255 122
    255 179 83 220 255 255 255 61 255 199 255 35 255 255 255 255 150 154
    0 255 4 29 89 255 255 92 255 4 123 42 159 239 143 255 156 255 204
    189 104 255 14 255 241 217 244 97 255 255 153 214 173 255 44 122 46
    6 188 210 85 235 255 255 255 255 255 244 59 255 255 255 99 23 255
    255 152 255 49 255 255 255 255 255 117 124 201 239 255 255 255 255
    141 186 255 113 255 62 255 162 159 255 255 255 255 18 255 96 100 255
    255 255 158 172 255 255 176 255 88 255 12 255 161 255 227 130 255 96
    229 255 55 255 215 145 255 64 255 224 255 255 63 68 255 255 255 255
    255 255 255 32 197 255 195 255 255 255 189 133 92 88 255 31 86 179
    97 255 255 222 208 48 248 8 103 94 255 211 44 255 255 111 89 251 136
    241 198 255 147 124 191 133 255 75 99 189 255 123 196 82 255 255 255
    255 182 166 121 255 243 255 255 255 52 255 31 188 255 255 44 39 6
    180 255 255 158 255 75 149 55 255 214 255 255 241 255 255 255 81 255
    203 219 75 255 255 36 50 255 255 103 255 115 255 255 84 8 106 115
    106 255 255 141 115 97 232 111 255 144 14 239 255 255 255 6 113 255
    97 184 255 138 209 255 82 94 99 255 255 241 56 177 255 255 140 255
    243 115 191 2 163 255 255 221 185 255 255 40 255 255 107 223 255 255
    255 242 255 68 255 255 38 74 126 136 28 255 255 124 255 64 99 229 9
    5 255 114 255 255 255 127 178 255 71 255 135 198 27 108 19 80 255
    255 151 185 255 255 162 156 46 170 255 241 255 7 255 255 212 65 82
    255 118 255 216 65 146 81 255 109 255 229 130 255 255 130 216 197 15
    255 36 65 225 255 255 12 255 103 119 255 249 239 255 255 255 99 221
    250 168 255 255 255 161 173 255 255 255 220 196 255 255 255 97 239
    255 255 255 91 255 255 142 184 69 103 255 255 255 97 57 133 255 255
    95 255 21 255 255 255 255 62 176 77 204 59 147 159 255 255 27 210 62
    255 55 168 221 255 2 149 36 91 108 11 105 136 255 167 170 255 209
    255 252 165 255 71 12 111 159 255 255 255 45 255 255 244 255 204 203
    80 204 99 156 255 65 193 109 255 255 255 255 255 189 82 111 255 130
    255 4 255 218 52 109 255 255 171 255 255 142 193 255 102 120 247 53
    50 155 67 255 255 5 189 82 135 205 255 255 119 187 255 255 38 252
    214 164 11 255 255 209 251 185 156 104 255 255 120 193 255 182 255
    255 255 86 18 255 255 252 255 255 255 51 255 255 255 255 127 255 40
    79 255 204 167 73 255 255 255 105 152 255 208 255 255 118 118 255
    143 9 113 255 18 228 255 253 255 191 123 255 162 103 242 164 255 58
    255 214 111 255 127 255 243 74 138 255 255 161 23 100 2 13 255 195
    255 255 39 162 185 255 185 123 60 255 76 0 255 38 255 255 18 80 250
    53 149 32 176 255 255 11 156 250 249 177 255 100 255 75 89 255 255
    32 255 255 115 7 63 35 255 75 232 48 90 255 87 27 255 255 161 255
    255 255 255 255 255 255 184 255 255 30 255 255 255 255 27 96 128 85
    51 241 250 255 255 70 255 193 255 39 130 255 131 255 253 255 255 136
    94 255 255 193 255 255 113 17 209 255 255 255 255 255 139 255 210 76
    251 255 227 200 57 97 255 255 255 115 255 73 255 255 53 25 255 117
    124 255 235 255 255 238 14 94 255 255 255 239 255 255 218 173 172
    255 147 255 62 227 255 255 39 195 115 35 255 255 113 218 29 255 255
    62 53 255 255 42 92 212 186 255 241 255 90 8 228 255 47 69 255 167
    255 222 173 186 138 108 193 126 255 255 255 211 225 99 255 73 255
    255 255 50 255 223 141 11 124 255 186 255 255 174 173 164 153 32 229
    6 255 255 165 138 255 255 53 255 47 255 220 217 62 255 255 2 201 255
    124 255 255 127 255 255 255 255 80 177 255 255 152 105 255 255 255
    217 255 255 56 16 233 255 16 255 255 27 143 255 255 255 91 122 84 24
    110 255 142 255 255 106 255 73 196 255 90 255 92 255 29 255 241 238
    255 151 123 255 255 255 255 117 255 255 255 246 255 52 255 85 255
    255 239 255 156 136 255 255 255 161 200 255 255 39 39 118 202 73 255
    224 242 255 132 255 204 197 255 8 2 255 255 255 50 255 152 250 255
    255 196 193 255 143 44 203 216 255 255 177 243 255 255 255 103 62
    170 185 255 176 255 196 255 246 255 71 255 39 155 11 62 153 82 51
    111 12 255 255 218 255 255 211 235 255 118 99 138 191 255 255 221 55
    132 255 85 92 255 255 255 255 237 90 109 255 255 183 255 255 255 255
    255 255 255 255 255 255 255 108 255 120 255 255 255 215 255 227 255
    255 120 121 90 27 200 74 27 42 9 255 95 255 255 255 165 75 49 255
    255 112 255 136 255 255 255 194 244 255 94 143 255 255 140 69 141
    202 96 58 255 255 114 170 255 206 255 128 255 189 255 26 239 48 189
    188 193 255 104 255 255 255 103 162 117 255 52 216 255 136 18 32 20
    0 180 227 255 136 161 255 34 236 4 255 17 255 172 255 255 255 215 12
    255 255 235 255 255 255 255 212 255 255 8 16 255 167 255 255 255 255
    132 227 191 180 65 255 10 58 230 255 2 227 90 255 150 130 255 255
    255 255 255 255 138 27 204 255 255 255 68 60 255 255 255 255 255 255
    94 255 255 255 70 198 204 255 166 255 76 168 159 255 106 210 255 76
    222 136 255 255 89 44 255 27 255 255 255 255 255 223 67 255 208 255
    227 255 255 21 212 50 255 168 195 214 255 255 255 74 255 255 114 255
    255 102 136 255 255 90 255 115 225 255 255 255 255 253 51 255 255 55
    222 15 221 185 6 255 255 65 191 111 255 168 170 153 255 105 79 255
    255 115 188 255 144 251 255 238 255 255 255 255 255 255 255 255 94
    101 32 233 255 255 38 255 31 255 232 10 218 255 166 38 255 255 147
    110 255 255 255 248 132 255 255 30 255 94 238 143 204 115 255 255
    232 255 255 174 255 255 138 122 235 92 27 94 255 12 255 138 152 255
    105 97 40 255 67 145 255 30 136 255 255 255 103 255 222 38 99 243 5
    115 147 95 255 255 102 255 239 97 242 255 255 255 255 255 255 212
    255 230 73 27 255 164 196 90 255 105 173 255 185 255 245 114 255 168
    255 255 255 255 255 255 135 255 255 150 225 176 233 205 255 255 255
    204 15 255 6 255 131 255 89 255 255 147 133 255 99 255 82 6 255 2
    239 255 255 150 228 6 61 11 255 200 110 255 255 255 73 255 255 220 9
    200 255 221 235 65 255 78 255 23 149 159 191 101 8 91 136 19 82 228
    255 50 110 147 255 255 193 79 255 255 239 168 4 12 150 255 58 255
    255 36 255 94 255 227 255 41 255 255 58 255 63 255 133 255 255 255
    67 255 255 255 2 255 255 82 69 255 221 161 153 121 255 61 45 255 255
    188 216 255 233 108 255 177 196 113 179 255 255 255 142 255 126 255
    255 223 255 255 255 200 113 9 11 218 255 119 208 255 196 255 255 255
    255 255 255 105 191 18 212 252 25 10 255 135 208 152 255 23 52 209
    145 255 255 255 183 51 147 114 255 255 64 255 255 255 207 180 115
    255 255 161 218 55 9 237 151 185 255 203 0 198 255 139 104 117 176
    27 78 255 255 63 196 2 174 255 255 11 255 255 255 68 255 67 255 255
    54 205 255 255 92 255 126 255 255 255 238 255 255 255 255 255 70 50
    10 255 255 255 255 242 168 86 255 75 55 27 255 255 255 248 23 11 71
    235 255 245 186 255 255 230 255 255 255 145 178 21 248 255 255 65
    101 255 92 145 42 124 255 77 110 233 211 119 255 255 122 255 182 202
    255 246 73 255 255 255 55 59 32 255 0 255 255 141 255 222 255 159
    161 255 246 255 165 250 109 209 119 229 91 255 128 227 179 21 255 32
    212 62 11 255 138 255 255 197 255 164 182 186 255 91 120 201 255 53
    195 153 101 255 255 255 149 252 255 69 255 177 73 211 110 15 76 71
    214 255 150 255 86 92 255 255 166 170 255 188 94 255 248 143 200 250
    255 173 255 255 167 207 255 255 255 140 139 204 118 73 205 255 102
    255 155 61 255 97 255 11 255 255 78 255 139 255 255 171 55 255 0 28
    105 112 255 255 167 4 255 255 186 255 56 255 255 94 111 255 118 255
    255 39 225 4 108 255 255 42 9 255 70 255 17 133 255 48 129 255 255
    249 255 248 255 255 255 142 255 255 255 255 183 255 46 255 124 255
    255 215 64 255 255 255 231 255 255 255 255 14 239 130 188 255 255 28
    255 142 135 147 3 255 254 255 255 255 30 111 255 182 248 21 177 9
    255 35 244 195 167 140 255 70 255 255 56 255 40 255 255 255 255 255
    255 183 227 255 255 255 46 255 255 92 36 255 255 0 67 178 255 253
    255 218 58 239 86 255 92 236 23 255 255 67 250 255 115 118 162 207
    255 118 83 23 123 88 212 255 255 65 214 124 255 50 255 237 45 255 80
    167 191 124 211 255 82 255 65 255 255 156 255 33 255 166 118 255 206
    111 14 162 97 255 255 18 255 59 255 57 255 255 166 255 144 124 103
    30 255 145 255 255 97 121 136 54 29 96 255 5 188 178 36 255 55 255
    255 255 58 85 255 132 19 10 65 255 141 255 214 255 255 255 113 255
    225 254 255 255 248 255 193 255 127 255 42 65 230 255 182 255 255
    215 255 255 15 250 255 117 255 191 149 255 61 102 255 255 150 136 73
    117 255 255 47 251 245 180 221 155 35 145 212 252 30 255 255 154 255
    255 255 174 33 158 149 255 200 255 41 255 189 255 4 255 39 28 255
    255 255 143 53 65 255 255 255 208 255 140 21 246 32 255 255 172 174
    255 83 191 168 255 255 17 255 255 255 255 140 26 255 199 255 255 255
    255 255 57 193 255 168 167 255 86 255 166 255 255 16 255 32 255 117
    18 255 67 127 255 197 226 27 71 9 255 130 255 64 255 252 255 255 255
    65 255 229 255 255 32 44 255 47 255 255 255 255 255 208 12 247 8 255
    227 255 108 255 218 255 255 255 60 255 255 205 82 255 255 255 233
    255 59 42 165 13 215 255 255 255 250 255 255 90 255 255 255 255 167
    255 231 30 255 255 38 193 255 200 255 255 247 92 149 155 175 220 20
    255 255 255 21 141 118 48 255 193 255 157 182 255 255 255 255 61 255
    204 97 94 101 218 255 244 65 255 251 241 255 117 255 255 255 63 197
    255 147 161 255 255 255 255 245 49 232 4 39 255 255 255 255 185 255
    110 122 86 41 189 255 129 255 68 58 159 255 255 15 255 7 255 167 179
    105 255 255 27 255 145 162 232 83 29 18 255 141 152 255 255 255 158
    120 56 255 255 91 4 197 82 255 255 47 255 255 144 255 255 14 163 255
    26 255 122 255 189 255 179 255 255 224 16 255 174 255 10 188 255 231
    255 255 107 127 223 255 255 124 31 255 255 255 188 90 187 255 51 23
    155 255 10 255 255 255 247 177 193 141 255 255 211 205 164 255 255
    222 168 34 255 9 255 191 255 234 255 255 196 255 255 255 255 227 255
    255 255 170 61 217 255 140 61 255 128 255 255 120 173 255 8 243 228
    241 23 255 0 95 202 117 21 124 19 255 211 19 203 78 255 53 126 109
    191 255 208 171 172 255 82 255 2 133 230 82 15 255 255 182 251 255
    255 255 255 56 186 206 136 255 239 255 255 255 255 152 255 167 136
    115 208 186 126 26 115 23 232 124 255 86 204 255 255 255 250 238 255
    0 221 255 78 255 62 157 255 232 191 133 255 255 117 163 113 118 255
    255 165 255 255 255 133 255 123 18 255 94 158 255 127 69 255 176 255
    255 255 94 255 103 46 105 241 182 140 203 255 255 194 168 107 99 5
    255 136 207 255 138 30 13 156 255 227 39 255 255 255 230 118 176 255
    255 114 255 255 233 53 237 14 234 255 255 255 8 109 94 255 255 235
    255 164 34 255 182 255 147 255 106 248 243 255 241 206 255 147 255
    205 255 255 27 161 209 255 239 159 255 255 223 255 57 153 165 69 11
    235 255 88 129 187 11 80 159 23 110 255 255 255 214 255 255 255 129
    255 255 255 255 255 255 147 255 186 255 255 255 120 59 12 154 206
    106 244 255 68 255 255 14 255 250 2 14 255 120 218 71 255 255 255
    255 255 65 255 255 255 255 255 214 211 242 255 255 255 229 79 225 21
    14 239 189 177 255 255 182 30 29 88 255 255 139 204 118 241 255 255
    115 255 185 255 255 212 255 189 32 255 99 162 111 255 255 255 234 88
    35 255 42 255 195 255 255 255 255 118 211 105 255 198 71 255 65 88
    255 255 255 186 71 23 209 53 29 244 255 255 58 175 170 255 204 255
    255 145 193 218 255 255 185 159 159 255 255 193 255 255 239 255 255
    168 255 32 25 173 147 255 226 255 255 255 255 224 117 202 63 229 255
    134 255 2 255 85 255 255 255 255 96 255 255 27 239 60 233 208 255 67
    80 108 182 255 179 201 80 255 255 200 255 255 121 255 255 33 74 107
    209 255 149 215 255 255 3 186 255 108 255 255 55 67 255 183 11 174
    255 230 52 229 255 255 255 150 164 255 99 166 174 145 71 255 255 178
    86 37 255 86 108 255 199 255 214 255 255 6 126 39 147 255 255 73 255
    195 10 142 218 78 59 65 255 255 5 155 206 255 136 109 255 255 196 85
    255 179 62 46 9 209 2 255 218 128 226 255 13 217 51 255 82 175 255
    88 255 255 239 255 255 255 113 255 123 255 17 64 255 255 220 255 255
    114 216 255 255 244 195 99 255 52 121 127 255 120 97 31 53 221 61
    255 228 10 0 255 255 8 255 255 255 255 255 255 255 44 74 25 138 255
    126 255 114 30 255 62 255 29 255 255 255 255 209 107 44 69 59 246
    255 255 89 142 52 205 209 255 171 225 159 188 255 247 42 255 101 255
    113 255 83 152 255 23 80 255 64 5 255 17 32 255 36 73 255 255 161
    113 95 255 252 255 103 255 255 255 255 36 255 50 170 161 182 255 255
    174 191 255 117 250 55 97 94 104 130 209 28 255 158 255 145 224 30
    255 232 255 155 61 223 255 115 255 182 215 200 212 150 48 185 23 255
    255 255 99 255 255 186 255 212 248 255 180 255 255 11 255 57 255 129
    255 255 161 23 38 255 255 109 50 118 211 255 40 255 255 255 53 255
    120 142 255 255 188 25 255 123 41 255 161 140 76 255 255 255 61 168
    159 241 255 255 35 214 143 127 168 222 103 76 99 105 255 73 136 255
    241 30 255 255 2 83 61 255 255 255 3 255 94 132 4 255 255 255 255
    255 53 255 197 46 255 255 149 15 185 255 255 0 64 140 85 67 255 100
    9 67 100 129 255 83 138 75 177 255 92 91 255 42 141 117 255 255 186
    255 153 85 216 236 30 185 106 126 255 255 78 255 71 7 255 56 255 255
    255 255 61 253 255 255 117 140 255 255 255 255 120 255 255 255 138
    255 167 255 255 255 142 255 153 255 44 255 27 136 106 16 255 193 196
    247 126 255 149 133 193 176 115 67 176 255 81 255 255 255 255 136
    225 23 153 11 42 255 255 255 118 248 255 123 255 255 41 255 107 255
    87 168 99 53 227 255 216 149 255 255 255 255 255 255 99 108 255 94
    39 255 255 255 54 230 255 88 255 30 4 114 255 255 59 97 255 255 96
    23 156 255 255 177 78 255 21 255 214 141 149 255 255 140 255 162 255
    239 215 255 255 130 129 8 255 255 255 68 111 255 133 255 255 236 165
    21 199 57 138 255 255 210 252 209 255 230 212 15 133 255 233 238 246
    88 109 30 255 136 255 143 188 142 255 29 250 155 118 255 134 255 145
    255 255 255 255 135 78 172 30 57 255 255 255 136 255 255 255 133 110
    241 194 113 255 199 35 255 77 108 59 105 235 255 106 255 255 88 255
    255 255 135 55 61 255 59 86 4 255 224 69 40 255 138 247 42 58 208 15
    255 191 135 168 235 211 113 166 152 101 94 82 255 21 130 218 174 255
    228 255 255 255 126 170 21 255 117 255 159 221 255 120 255 255 111
    255 255 255 255 255 255 255 255 255 203 255 255 255 204 13 121 34
    255 255 73 255 243 255 84 255 129 187 255 50 69 255 255 255 30 81
    255 126 188 252 255 65 255 255 161 59 170 255 23 208 244 40 223 44
    46 138 255 187 255 255 138 74 168 255 173 255 134 239 255 255 255
    143 255 255 28 255 255 161 63 255 255 255 255 78 255 255 142 255 241
    255 255 255 88 255 255 196 255 227 255 255 255 255 115 255 255 255
    56 60 82 27 255 185 59 205 204 111 202 255 202 71 255 255 255 255
    138 255 255 255 39 255 255 12 255 255 34 255 45 170 255 255 57 255
    105 255 226 5 255 195 6 186 255 255 12 140 167 212 255 255 156 36 23
    25 255 255 255 50 255 46 226 67 88 4 253 255 75 255 255 255 55 76
    255 255 255 255 217 156 255 6 255 220 255 255 128 76 255 23 255 182
    255 255 202 255 218 255 122 2 255 255 215 255 255 255 255 145 255 14
    145 89 255 208 188 255 245 23 255 255 162 108 107 209 193 255 255
    200 34 124 250 255 238 255 6 255 120 193 255 255 255 255 255 255 255
    255 255 152 255 120 35 246 255 255 223 182 182 97 255 255 255 46 255
    76 255 246 255 233 255 255 255 36 255 255 182 255 255 59 227 255 33
    255 255 139 255 255 255 251 44 70 255 255 88 133 243 255 255 255 159
    184 255 255 34 255 255 246 48 229 255 255 67 255 226 102 110 255 35
    78 48 214 255 227 103 96 151 133 18 176 255 255 255 24 177 182 105
    255 122 123 147 255 138 186 255 255 30 6 138 196 159 255 253 210 255
    101 255 255 255 252 255 255 255 129 255 245 255 195 71 255 255 255
    55 255 255 33 104 229 108 135 201 255 255 218 255 0 226 135 87 32
    255 159 105 33 205 255 255 28 255 109 255 229 2 255 255 62 255 255
    114 30 17 255 111 255 186 255 118 255 127 255 255 239 151 173 255
    136 49 191 174 193 39 255 255 94 183 61 251 255 2 255 13 168 193 255
    115 237 255 255 223 75 135 255 55 255 225 255 26 255 65 255 117 32
    123 94 255 255 221 255 106 172 44 255 255 255 255 18 255 82 152 216
    255 23 255 250 255 255 236 120 255 255 127 255 255 30 255 247 119
    210 255 19 235 156 255 197 0 255 11 52 27 170 155 69 157 50 57 255
    255 255 255 65 73 61 255 48 103 229 51 255 64 149 6 224 255 255 120
    88 255 255 161 255 255 158 88 255 42 143 255 255 255 255 228 31 255
    255 29 23 255 255 111 255 96 136 78 255 255 234 255 255 255 42 255
    255 255 186 150 248 255 255 69 255 212 255 70 255 255 82 251 255 118
    103 237 135 124 255 255 42 201 177 255 63 255 186 255 50 27 99 152
    255 255 255 200 255 255 90 255 5 255 255 223 120 220 255 2 255 255
    255 174 62 28 255 255 12 224 36 230 103 99 255 255 255 150 241 224
    177 10 255 11 255 14 255 255 168 255 255 164 255 42 255 255 57 183
    255 255 149 150 255 12 127 255 73 44 255 97 255 255 173 156 141 255
    129 255 255 135 105 211 255 255 255 80 55 127 173 182 65 255 255 255
    119 245 30 214 255 155 131 255 255 241 204 86 30 255 83 73 255 108
    255 124 255 255 255 155 4 255 230 191 255 77 57 208 244 255 255 5
    255 255 255 255 214 255 255 2 255 255 255 126 255 255 255 255 255
    255 255 255 64 198 241 205 27 124 255 83 255 146 230 255 255 255 255
    121 46 153 244 255 255 171 255 255 47 255 149 255 255 255 255 159
    222 232 255 52 118 255 17 255 255 103 64 129 255 102 71 255 255 119
    0 255 255 67 255 255 255 255 255 255 27 140 67 36 120 63 8 172 140
    255 92 255 255 2 86 255 237 84 149 255 255 80 255 2 102 255 57 109
    78 61 255 177 255 255 122 255 106 133 255 255 255 27 255 255 255 185
    110 255 223 154 255 255 255 48 80 216 170 255 103 255 255 51 255 68
    255 255 95 232 255 255 255 11 44 154 255 3 255 255 183 255 255 197
    255 255 24 255 255 106 158 101 103 235 138 255 255 96 255 255 255
    224 255 120 255 255 255 39 255 94 214 255 34 255 120 203 20 18 255
    255 55 132 168 255 13 82 250 255 65 255 212 35 255 255 255 255 255
    194 46 255 255 106 132 82 143 97 136 126 117 255 255 255 255 19 255
    12 133 32 253 175 255 15 62 218 20 186 255 59 255 164 162 255 229
    120 156 149 32 227 255 255 255 34 62 74 255 21 158 159 255 64 255
    117 255 255 17 53 159 186 136 128 255 255 136 179 228 255 255 163
    255 255 27 103 255 255 75 255 255 69 11 255 201 8 184 255 214 255
    255 41 65 255 2 255 118 250 55 199 105 239 255 255 255 197 215 255
    118 180 219 193 255 202 38 133 101 255 255 255 255 255 136 197 30
    124 255 224 255 255 77 67 255 152 168 255 82 255 255 105 163 255 103
    138 25 36 228 224 56 255 214 124 255 255 255 161 11 255 228 255 255
    165 255 88 42 75 165 113 19 229 124 255 18 209 50 238 230 255 211
    255 255 255 96 75 255 255 17 135 78 254 71 51 255 255 237 122 255
    255 255 14 74 208 41 255 250 255 255 255 64 255 94 255 255 255 255
    255 255 255 255 255 56 237 168 12 255 4 255 150 255 80 205 34 126 0
    107 177 122 126 246 255 67 212 255 126 255 166 224 255 94 255 255
    255 71 255 255 132 146 126 255 50 103 82 179 255 44 171 111 255 255
    126 255 182 255 255 191 65 255 217 255 4 255 255 4 255 51 80 155 255
    126 58 166 255 129 250 155 255 196 255 139 255 243 255 99 48 255 207
    55 255 117 193 249 255 255 82 255 255 158 255 226 183 133 46 18 255
    255 64 50 180 55 55 130 255 73 255 255 211 255 239 191 255 255 255
    255 24 179 255 224 255 255 255 9 105 80 242 255 188 255 124 255 147
    255 255 255 255 32 255 65 141 255 255 112 90 111 161 255 255 255 255
    255 255 111 255 41 255 118 171 200 111 153 204 155 255 80 255 129
    179 107 255 216 178 94 255 243 211 255 220 30 255 255 158 255 255
    255 96 183 92 255 255 255 223 182 55 255 224 182 255 255 70 57 233
    255 255 255 255 154 255 12 111 11 255 177 255 205 18 255 205 255 195
    255 255 226 127 177 31 39 51 59 36 255 216 255 173 255 255 255 255
    203 255 254 252 255 255 127 255 31 255 101 255 183 211 255 176 255
    254 99 255 255 53 255 52 255 51 120 229 5 23 135 255 255 85 239 255
    255 41 78 29 149 255 255 255 255 255 255 237 253 255 27 215 255 255
    177 14 255 117 255 128 127 255 19 149 255 255 229 88 32 255 124 69
    255 255 255 32 255 162 218 44 166 174 255 147 255 136 255 255 255
    255 255 92 32 241 255 255 170 204 255 165 255 130 253 158 189 241
    255 255 100 255 255 255 55 255 255 104 27 164 255 255 243 2 27 146
    255 0 127 81 120 41 255 255 255 124 255 199 117 201 9 64 63 27 255
    109 255 255 255 9 255 255 30 255 143 111 255 48 239 255 229 185 255
    255 255 152 255 255 255 132 23 163 255 109 9 255 243 186 239 255 255
    128 162 255 255 132 255 255 50 255 255 161 193 255 255 145 21 35 191
    187 92 5 67 111 173 255 27 255 255 255 255 187 255 255 124 82 255 88
    161 255 255 255 251 255 255 18 255 38 221 255 255 135 255 246 255
    204 188 173 6 129 255 255 58 181 21 188 255 255 255 255 255 255 255
    255 129 30 187 255 255 227 67 34 255 74 255 255 255 83 84 38 255 231
    255 50 218 255 255 255 255 255 176 255 255 191 47 143 255 255 255
    255 26 204 206 214 143 203 103 35 19 215 255 203 24 255 255 71 255
    204 217 255 255 255 255 255 42 96 255 255 149 147 142 115 255 255
    165 57 250 255 255 126 48 255 117 16 255 177 255 120 255 225 101 255
    255 255 49 255 193 103 255 255 208 255 255 133 214 172 255 46 63 246
    149 255 255 12 34 30 255 255 255 168 159 223 255 255 179 18 255 255
    55 237 55 117 255 80 60 0 3 37 115 255 255 255 35 255 255 118 57 46
    255 195 255 255 234 255 255 241 255 89 255 42 255 239 255 189 0 255
    130 255 255 255 145 185 255 58 255 255 255 141 255 131 255 156 255
    255 191 255 247 108 227 255 159 255 255 255 219 149 214 255 155 111
    255 255 255 255 153 255 255 248 173 255 34 103 255 2 255 69 255 255
    35 255 238 255 222 206 255 140 255 250 255 6 19 67 255 51 107 255
    255 255 41 221 255 121 255 255 115 251 255 255 108 255 255 207 255
    229 255 255 255 209 52 255 212 117 255 74 255 191 255 10 36 255 255
    62 88 255 255 28 52 33 163 255 105 19 25 255 255 134 77 255 255 73
    228 255 67 255 67 255 221 162 255 244 138 255 255 255 255 255 143 80
    255 147 241 204 255 12 255 15 99 255 255 127 195 255 255 129 149 255
    255 255 255 195 255 255 255 157 255 218 27 255 195 111 230 239 27
    243 207 255 27 255 206 255 142 46 255 57 170 255 90 255 5 127 255 91
    193 162 255 152 96 41 255 174 255 241 255 205 87 255 171 255 255 255
    255 40 211 255 90 165 163 27 255 255 255 239 255 255 176 255 255 255
    255 255 120 37 193 117 255 255 255 218 19 158 255 178 255 255 255
    179 255 255 167 255 143 255 81 255 150 255 11 255 138 17 3 221 229
    173 244 216 220 255 208 255 250 164 221 255 255 136 255 255 142 159
    11 255 41 27 135 237 19 164 58 59 255 255 255 255 120 255 45 44 143
    208 255 222 161 173 38 29 211 255 47 255 187 255 80 73 203 255 255
    133 255 255 255 218 255 249 154 255 255 73 255 64 255 227 127 0 255
    255 255 255 130 64 255 11 255 255 120 124 255 227 255 11 18 255 212
    255 67 255 26 255 201 255 230 254 255 223 255 238 136 255 14 255 255
    255 255 255 224 106 145 106 255 107 11 218 170 255 115 109 253 83
    255 27 255 239 227 255 255 170 161 255 255 255 75 36 212 94 26 80
    255 255 255 255 121 5 255 255 127 254 255 90 255 30 196 38 255 136
    191 255 255 23 12 255 255 255 96 255 150 255 255 73 175 162 255 255
    172 255 195 255 255 127 23 255 19 255 102 255 255 255 255 255 44 255
    255 56 255 88 156 255 255 250 255 120 108 131 255 111 97 255 58 48
    255 144 255 220 255 42 55 109 90 218 158 202 23 88 255 255 24 189
    255 158 76 255 255 255 185 95 255 241 223 255 255 146 158 255 11 255
    255 223 234 255 68 255 255 221 103 168 45 255 255 255 255 32 255 255
    255 118 255 255 161 255 57 147 235 255 255 99 155 124 255 55 176 133
    161 123 168 255 255 255 6 114 255 255 103 230 143 29 138 54 155 255
    141 76 255 27 177 255 29 209 255 61 189 133 107 193 255 34 56 242 25
    194 246 252 255 255 76 255 237 255 108 250 153 255 255 255 255 23
    243 217 255 255 255 92 250 255 53 126 129 122 126 53 39 255 168 255
    255 255 140 255 27 78 216 255 255 255 206 255 255 42 216 255 255 44
    218 255 242 52 79 179 124 255 255 185 74 255 75 170 255 255 255 60
    130 130 255 255 79 124 255 129 255 73 255 25 115 255 117 29 27 255
    255 15 255 255 83 136 255 83 255 255 27 214 255 94 255 31 255 255 17
    42 99 255 247 163 255 255 241 255 79 255 255 146 255 255 11 255 178
    8 253 255 255 218 105 255 239 97 255 232 220 41 255 255 255 53 255
    255 0 88 50 255 15 255 149 255 109 186 216 255 218 255 255 138 255
    30 255 143 255 124 99 250 255 212 197 248 255 229 255 248 255 255
    255 209 101 189 174 99 117 127 143 255 255 255 247 149 2 255 209 149
    255 126 255 73 255 255 25 227 188 255 243 154 113 144 255 145 124 87
    80 182 255 255 176 255 255 176 255 210 99 255 255 205 62 243 255 76
    17 255 90 255 255 255 255 215 255 231 50 255 8 221 149 255 243 255
    239 14 135 88 255 255 124 92 80 255 21 255 255 255 255 65 255 255
    255 124 14 255 47 122 84 77 255 201 224 46 255 3 255 255 238 255 255
    255 120 255 111 34 255 11 230 255 255 255 185 52 85 199 29 129 113
    29 92 255 109 209 255 232 255 255 121 255 38 188 143 255 255 255 255
    26 255 82 255 255 180 255 255 52 86 111 255 109 193 255 244 255 82
    212 255 255 249 255 255 255 255 255 255 255 255 255 255 255 255 255
    255 112 255 136 152 239 255 29 255 255 21 12 13 74 158 255 255 225 4
    156 255 255 255 41 216 170 165 224 135 5 23 255 255 61 185 255 115
    146 255 40 102 204 21 255 255 255 255 255 189 220 255 132 167 133
    255 255 255 75 255 191 57 168 218 255 255 76 255 185 99 255 255 78
    255 255 106 187 185 35 153 162 0 44 129 255 29 18 127 255 255 255
    255 255 51 255 211 255 255 71 115 10 255 50 78 14 255 255 255 76 235
    255 64 227 255 255 214 97 202 255 255 57 255 5 255 241 229 0 255 32
    255 255 35 255 191 243 255 255 105 255 255 215 255 141 161 99 255
    238 255 255 255 255 42 189 255 21 33 255 212 255 117 21 255 242 255
    173 255 255 53 37 255 255 131 182 255 255 168 77 154 203 105 90 255
    194 16 241 68 255 255 255 255 255 64 255 255 255 255 255 196 255 255
    229 232 255 255 255 164 158 92 117 255 186 61 121 255 255 88 225 227
    255 212 255 95 83 224 208 255 227 115 73 203 255 255 255 255 204 172
    206 111 23 144 140 255 88 80 204 52 55 140 180 255 255 74 255 182
    211 90 255 86 30 88 255 255 23 243 255 120 255 207 255 161 255 17
    170 255 134 108 32 255 208 81 255 49 14 255 255 255 176 38 53 176
    255 216 255 117 255 255 233 69 201 68 255 168 255 69 229 146 117 52
    5 255 90 255 204 42 39 237 229 21 181 52 255 202 75 255 51 109 255
    111 255 255 255 255 164 149 151 255 142 255 255 255 203 255 87 255
    223 255 255 179 14 243 56 255 180 255 255 255 67 41 255 8 21 255 229
    255 118 14 90 255 21 255 4 185 255 226 174 126 180 255 244 255 255
    158 252 5 235 255 86 205 11 27 255 255 130 255 255 29 46 226 100 145
    61 32 255 117 255 255 255 76 255 48 185 255 255 182 255 255 200 165
    255 176 234 99 6 64 193 21 255 132 255 255 255 158 205 255 255 255
    229 38 159 255 123 181 255 255 216 168 11 5 222 229 255 255 86 255
    255 255 204 255 199 122 255 186 147 255 173 170 206 255 67 255 255
    255 255 173 255 117 255 55 255 235 145 255 255 219 138 255 0 255 255
    255 229 255 255 191 124 129 212 5 28 134 255 14 182 226 200 96 218
    152 11 255 255 255 29 255 255 53 255 255 255 255 255 255 142 203 0
    255 94 209 235 65 255 255 255 35 241 241 255 255 255 94 255 255 12
    163 195 255 147 94 156 165 250 146 255 255 167 237 255 255 76 115
    197 11 255 255 255 255 223 255 212 102 115 255 182 255 159 255 255
    32 120 209 124 85 230 107 42 103 255 255 225 117 255 255 255 239 58
    172 255 255 255 177 198 255 118 255 44 97 255 78 5 255 216 74 179
    255 8 255 141 255 204 124 114 221 255 255 186 153 206 0 255 249 255
    73 11 200 255 255 16 182 188 255 182 177 4 201 206 255 255 255 111
    255 232 179 117 194 161 255 144 255 255 255 19 255 67 255 231 255 12
    113 215 81 13 127 80 255 182 136 65 85 4 193 255 250 140 255 255 52
    246 48 255 91 255 220 8 173 178 255 255 255 255 19 255 144 255 220
    103 255 204 255 67 31 55 205 255 55 255 55 118 255 255 255 255 255
    141 255 255 20 255 90 229 204 48 255 202 57 142 255 69 8 41 255 255
    50 201 203 218 71 171 255 233 53 237 227 76 196 255 159 255 107 121
    255 218 80 255 255 33 156 132 255 255 255 243 81 164 39 172 255 255
    253 174 255 255 255 255 255 255 162 255 115 255 255 172 168 209 50
    14 193 120 141 255 11 202 255 197 45 255 255 235 5 255 255 255 255
    117 255 255 9 255 27 74 170 255 94 255 255 127 221 189 106 255 155
    221 88 109 126 255 15 255 253 235 244 255 255 97 255 237 255 255 255
    215 255 75 94 255 61 218 255 86 255 58 105 255 42 65 255 163 255 255
    4 255 83 212 191 100 150 255 255 255 92 186 255 255 11 255 50 255 35
    193 255 255 255 255 16 2 136 255 255 91 58 255 247 209 255 68 126
    255 255 248 255 255 9 255 255 255 136 56 255 233 156 23 255 117 255
    197 255 193 255 173 234 182 189 255 247 11 189 63 255 124 120 105
    191 255 229 255 170 255 122 94 136 195 255 255 255 29 193 255 255
    255 255 255 29 241 92 39 184 255 73 255 255 255 0 255 205 39 255 161
    255 255 235 113 69 250 57 122 92 81 255 255 92 255 220 255 255 176
    124 21 117 170 208 255 255 255 153 117 10 255 127 255 18 111 161 120
    129 44 255 255 172 153 255 193 164 64 147 49 255 255 95 30 255 214
    188 255 73 25 34 246 255 97 77 37 255 95 205 166 42 255 255 255 207
    115 164 255 155 106 14 255 71 76 67 132 83 59 62 255 17 15 255 101
    179 67 4 255 228 255 206 255 17 255 255 78 17 216 10 255 166 255 255
    65 84 56 39 63 255 142 255 255 64 255 255 255 227 255 46 4 173 41
    255 255 255 255 255 255 55 255 58 174 176 111 255 255 255 255 255
    161 255 230 16 229 243 16 255 71 21 132 36 255 224 135 5 19 89 19
    255 255 255 255 255 255 197 203 57 255 83 120 255 200 16 255 255 255
    255 26 71 255 217 255 237 255 211 255 205 191 75 255 212 255 108 200
    117 255 255 78 67 34 255 255 108 255 133 37 42 233 32 94 27 255 208
    164 242 88 255 14 255 6 255 255 255 255 255 153 255 255 95 255 255
    255 255 255 230 225 255 255 255 96 126 255 6 71 255 255 255 230 255
    236 182 255 124 110 46 211 64 130 53 65 255 197 212 126 250 255 195
    0 135 255 135 255 255 70 191 247 223 255 94 155 255 185 255 255 84
    135 181 17 168 237 185 144 248 255 88 41 255 255 12 255 255 255 255
    189 255 255 191 255 96 88 235 255 193 71 255 249 255 115 255 223 229
    68 150 71 183 255 243 123 81 8 255 255 19 255 242 255 2 255 27 255
    255 75 147 255 237 255 255 255 243 255 255 208 42 84 214 255 255 255
    97 94 32 255 231 149 205 21 144 41 255 255 81 115 255 255 255 45 255
    229 159 67 231 153 106 255 132 200 255 50 195 27 205 27 255 255 241
    36 47 255 235 26 80 255 11 255 255 255 255 255 255 255 224 255 198
    229 56 200 255 255 255 255 232 12 255 255 99 255 255 248 197 255 90
    255 136 11 255 138 30 255 132 255 255 49 255 255 255 181 204 146 251
    255 255 255 255 255 219 255 26 255 107 255 115 183 227 173 69 255
    250 247 255 255 140 255 122 136 255 143 255 173 255 13 202 255 216
    255 255 124 11 255 84 61 27 255 221 255 111 255 193 255 150 255 255
    185 255 117 246 255 255 255 255 31 255 255 210 255 53 255 255 241
    255 109 2 52 182 202 97 224 255 255 255 92 255 115 104 143 94 246
    218 255 170 239 206 34 255 158 150 46 238 195 124 170 41 255 218 42
    255 33 219 65 255 111 155 115 251 255 23 255 255 255 255 255 217 255
    199 229 255 255 255 255 84 61 225 255 52 88 255 167 147 55 255 255
    255 255 196 149 182 255 174 255 53 195 133 202 255 255 182 255 47 44
    54 255 255 255 255 150 255 126 108 239 239 170 124 255 27 145 95 37
    159 255 113 185 255 255 255 24 255 117 255 255 140 39 255 255 209
    255 235 68 136 255 255 255 255 255 255 255 179 255 255 255 255 255
    227 131 255 24 81 255 255 205 255 182 161 128 255 255 141 205 216 55
    255 255 255 170 150 40 62 106 189 89 115 126 255 135 105 218 179 235
    255 255 255 61 129 255 255 219 75 255 250 218 255 57 31 117 5 34 133
    129 255 220 255 255 129 255 126 255 161 15 255 255 29 71 189 231 185
    172 164 255 255 255 255 255 255 76 255 255 191 255 174 255 235 255
    23 255 255 193 71 255 88 255 61 208 255 255 253 255 159 253 255 54
    255 7 193 144 255 255 255 255 255 176 41 255 215 99 255 149 120 255
    255 255 255 255 94 255 64 255 255 182 62 255 255 27 255 138 255 218
    255 50 199 185 255 255 102 223 252 255 255 155 255 234 255 59 244
    255 255 255 199 106 255 224 255 127 222 83 27 159 24 255 178 165 101
    255 76 193 255 183 255 4 211 90 255 130 87 255 29 80 164 249 255 183
    152 69 255 142 5 255 61 255 75 112 159 255 189 255 255 179 255 255
    255 255 31 255 136 255 255 255 23 20 255 255 255 255 94 255 255 88
    246 19 255 255 85 255 100 177 243 196 21 255 221 255 21 33 78 255
    255 191 255 188 32 90 255 207 172 255 255 180 38 147 255 61 191 255
    121 140 255 152 88 15 249 170 222 56 255 21 88 71 255 255 255 255
    255 255 145 221 159 255 74 71 255 255 110 255 149 255 255 255 255
    239 255 255 255 183 87 255 173 198 61 68 19 96 211 101 255 255 115
    107 17 255 19 124 255 143 177 255 31 33 202 255 255 97 50 206 62 25
    255 2 255 56 255 199 88 255 255 29 255 138 255 60 255 95 97 94 203
    255 255 255 241 255 221 51 128 136 212 255 232 27 255 255 165 245
    255 110 50 49 255 6 200 122 255 176 255 255 68 255 255 95 124 76 255
    255 97 255 21 255 197 32 255 55 58 255 255 255 255 255 255 132 255
    124 2 74 255 235 255 255 185 255 0 255 206 255 63 135 39 255 255 39
    255 109 255 255 255 133 255 11 255 255 168 228 255 229 101 4 70 255
    50 206 255 23 103 255 210 246 21 189 255 96 224 255 255 255 33 25
    203 255 255 255 74 255 191 255 255 255 255 108 166 252 255 86 255
    255 255 124 73 255 180 214 255 106 255 61 255 55 255 218 67 255 23
    255 255 255 96 220 255 255 255 255 255 255 39 147 103 252 78 130 123
    16 255 177 246 255 244 255 255 6 126 166 168 255 124 71 50 164 247
    255 255 255 179 255 32 124 92 209 55 255 139 138 218 189 255 97 255
    152 255 53 119 208 255 255 255 255 64 255 127 255 255 255 255 99 239
    135 115 102 255 2 255 27 204 255 18 255 45 241 255 171 81 255 144
    255 255 173 131 97 45 170 197 255 152 86 127 143 149 255 34 55 58
    142 255 135 170 170 255 7 157 255 255 55 255 255 255 239 168 255 209
    255 42 139 255 80 24 9 255 255 106 255 188 4 145 65 255 183 255 191
    94 255 255 174 255 78 255 255 255 118 71 255 255 255 76 255 67 255
    174 255 255 76 186 170 255 94 255 13 244 159 255 126 255 111 221 34
    67 39 94 178 21 28 255 227 255 255 255 71</data></your_img>
</opencv_storage>
