<?xml version="1.0"?>
<opencv_storage>
<L2_diff>7.9903322208779282e+03</L2_diff>
<test_img type_id="opencv-matrix">
  <rows>100</rows>
  <cols>100</cols>
  <dt>"3u"</dt>
  <data>
    47 17 218 161 58 201 238 75 50 158 94 161 8 164 207 140 71 30 255
    134 65 168 177 178 225 71 233 145 163 43 144 63 220 219 28 111 240
    17 238 248 115 251 11 32 195 143 102 29 143 145 170 55 120 159 167
    153 53 168 186 135 64 127 98 206 229 38 109 251 77 153 203 58 210
    194 255 77 145 157 6 143 131 79 131 175 184 150 207 166 110 181 223
    204 237 7 187 91 85 104 93 59 132 216 221 206 46 177 114 65 44 216
    235 219 232 197 26 222 153 96 239 80 55 223 188 144 243 236 183 54
    53 9 249 135 12 149 100 111 71 98 96 17 3 81 67 87 196 255 139 89
    118 155 59 201 122 128 82 210 227 196 17 176 0 122 166 231 57 147
    107 30 1 109 204 29 232 99 226 32 127 9 120 72 46 241 128 190 146
    112 230 126 199 240 50 239 161 5 34 143 158 14 21 2 96 18 40 109 230
    193 80 74 224 93 151 19 55 237 103 175 235 5 84 198 106 56 127 4 72
    179 49 178 131 52 90 17 247 250 221 16 111 1 86 156 156 51 150 80 33
    95 209 166 109 240 59 43 122 173 232 66 40 186 31 163 195 182 244
    116 223 172 104 180 59 4 60 139 84 14 114 135 4 169 175 211 129 45
    141 46 230 63 34 98 210 187 202 202 127 6 101 90 66 250 92 255 180
    140 79 204 36 104 114 182 85 164 185 165 242 75 164 189 115 109 12
    179 221 221 2 220 253 128 236 18 163 33 187 222 217 37 200 82 72 212
    215 2 195 134 132 225 122 118 9 36 45 8 230 67 206 207 42 90 216 111
    146 9 43 179 144 30 197 219 205 239 178 131 38 5 74 200 199 217 241
    6 119 195 220 238 211 170 59 29 86 71 242 144 215 21 144 85 52 152
    138 68 192 210 10 110 146 183 163 155 26 93 6 108 90 212 147 94 17 3
    204 183 89 82 13 168 194 199 127 229 165 87 242 28 50 216 131 33 179
    183 33 12 216 107 232 64 99 105 180 64 166 161 27 98 2 78 48 91 110
    225 174 191 8 184 129 128 228 40 21 243 211 64 93 26 27 209 91 95 1
    122 169 242 24 182 132 95 183 168 210 8 43 147 34 249 96 163 102 2
    54 176 103 239 145 202 207 34 129 182 74 241 225 238 255 84 83 119
    187 246 134 189 81 58 107 236 184 70 118 61 137 85 130 176 191 30
    124 76 175 7 232 64 194 39 69 250 59 109 194 124 169 11 12 12 137 13
    141 48 70 41 36 138 87 89 174 136 185 94 186 141 143 252 250 167 11
    206 25 216 217 9 74 107 9 207 168 72 159 219 233 49 110 151 167 189
    234 92 148 60 116 111 57 3 126 240 162 94 70 143 128 247 107 242 108
    208 93 172 87 134 236 216 20 116 191 239 13 29 165 42 212 254 94 43
    143 115 200 173 155 148 196 112 144 246 207 207 151 173 67 37 85 24
    116 106 143 156 255 134 233 61 243 149 230 146 177 99 213 115 193 24
    230 154 113 1 98 136 242 3 103 163 187 115 91 37 178 23 205 20 7 155
    52 137 191 152 230 182 171 195 33 118 41 115 110 44 43 80 126 244
    156 194 154 243 109 213 200 78 30 187 110 200 213 249 119 15 98 7 21
    150 93 62 203 206 5 239 122 175 161 93 255 215 251 117 248 221 234
    138 142 195 116 147 31 122 215 32 112 98 67 65 106 8 28 117 85 194
    184 107 173 157 217 68 41 184 130 166 138 233 45 91 98 90 137 27 165
    123 218 183 117 132 168 12 63 153 226 76 38 188 228 108 115 153 154
    29 46 4 71 134 243 12 107 105 247 133 51 158 82 143 212 192 221 100
    81 10 99 17 144 134 154 94 184 49 95 34 44 56 247 255 155 240 137 46
    86 54 203 127 102 136 62 112 18 71 55 110 167 27 235 8 158 128 218
    69 69 24 206 249 22 154 39 138 187 8 202 227 197 58 66 219 255 153
    175 88 5 20 201 33 232 201 211 47 3 196 53 86 86 212 4 124 212 251
    16 155 38 53 124 113 157 158 32 242 23 86 76 161 65 207 186 52 33 31
    219 226 112 1 218 109 56 208 158 79 187 46 8 111 231 180 158 117 67
    209 172 176 109 244 56 149 220 220 229 68 33 212 59 160 120 201 77
    212 230 232 220 207 111 247 43 123 189 16 74 6 143 213 81 145 118
    243 18 111 218 102 217 113 1 47 160 112 57 5 21 80 193 79 21 48 193
    241 211 4 166 161 228 203 181 6 250 253 207 58 159 96 95 114 48 81
    64 98 50 115 161 159 113 120 111 212 127 85 137 30 66 10 175 45 4
    135 168 20 194 95 86 14 11 111 152 168 255 208 129 146 69 49 35 7
    202 164 122 105 11 106 38 209 14 83 128 45 165 168 100 50 23 250 224
    105 138 167 7 40 254 18 185 215 152 75 230 226 86 112 211 151 12 237
    228 131 17 83 203 55 171 63 38 56 198 102 77 133 140 138 241 116 166
    138 187 51 99 143 50 236 89 96 244 42 52 165 192 1 33 240 220 194
    106 51 80 31 134 72 16 81 229 25 6 62 146 106 55 78 73 228 115 98
    253 50 159 219 164 122 171 40 242 208 116 202 50 240 91 24 113 3 28
    210 39 238 218 114 9 140 254 85 96 122 176 105 82 202 59 209 18 191
    62 236 92 39 171 190 136 101 163 87 84 147 2 18 194 58 187 169 231
    69 62 128 175 119 231 183 126 110 192 42 250 207 150 9 180 206 76 58
    85 40 136 66 5 74 94 190 131 51 14 54 173 38 81 232 17 142 30 198
    250 66 153 221 143 243 135 88 235 39 148 87 214 15 232 135 95 150
    199 151 189 18 30 170 228 192 29 142 70 246 212 11 231 179 152 198
    150 152 219 232 140 18 21 162 106 65 65 141 0 24 27 39 20 33 81 114
    212 244 205 128 132 114 192 188 217 238 48 87 204 106 183 10 33 14
    56 150 8 167 42 8 233 29 230 60 146 157 208 122 222 158 17 235 43
    144 218 158 220 136 210 192 128 125 85 91 254 25 91 62 224 172 175
    120 121 18 79 110 31 149 10 28 62 186 173 85 86 114 66 136 174 60 15
    203 160 196 3 214 87 152 120 249 154 60 145 246 201 132 236 215 177
    170 39 59 75 181 128 241 239 40 245 179 17 130 105 91 70 182 28 136
    17 9 123 111 247 113 124 38 215 195 210 96 81 225 50 233 53 71 242
    17 22 79 46 37 105 191 53 52 127 38 4 202 208 156 238 50 152 154 12
    31 71 150 18 147 166 57 108 208 137 222 253 140 119 31 205 244 64 24
    48 114 43 6 101 244 47 188 164 56 57 232 196 175 252 185 115 152 68
    254 231 68 74 22 246 110 246 74 67 239 176 238 193 140 158 209 53
    164 149 3 139 104 169 142 184 176 186 123 88 127 65 79 114 127 113
    123 153 35 161 208 32 19 107 233 26 226 195 5 51 105 214 176 119 5
    51 36 189 186 223 112 61 198 145 29 3 5 211 213 121 229 151 53 60 32
    205 85 195 225 54 240 132 48 164 101 77 150 153 48 189 223 162 66
    150 166 134 237 119 204 54 233 14 67 212 204 85 221 209 8 195 220 85
    23 24 134 68 98 245 121 17 173 90 57 110 63 235 211 117 15 104 164
    229 55 86 157 34 66 196 181 144 54 46 206 79 243 154 138 21 224 133
    134 72 77 118 10 226 220 172 111 219 56 239 139 71 6 133 140 220 24
    203 201 198 181 243 50 222 98 57 140 116 108 132 65 174 104 163 93
    204 226 55 108 209 60 229 161 126 34 217 209 226 59 210 84 221 11
    123 21 51 152 8 194 19 48 147 216 93 152 44 90 55 33 145 45 157 24
    126 179 167 141 68 25 215 182 156 209 69 244 61 42 123 241 32 92 8
    122 231 20 255 149 138 118 59 228 113 63 148 86 46 75 116 168 60 199
    228 241 246 90 26 183 128 53 80 245 113 117 225 117 227 186 234 23
    187 175 157 13 95 127 84 1 6 216 35 40 239 241 180 104 245 137 94 73
    251 89 223 29 26 85 112 30 181 37 170 223 238 211 73 70 58 135 77
    220 239 162 193 81 165 113 5 138 146 19 12 158 136 172 207 158 99 42
    144 82 142 114 99 234 7 126 49 174 102 1 175 160 165 147 101 197 8
    230 124 199 181 91 57 51 212 247 177 217 14 234 162 226 165 221 108
    215 245 103 88 195 108 156 217 143 66 227 255 161 81 212 157 177 247
    158 76 78 227 154 125 195 3 115 152 135 180 188 189 51 109 61 44 185
    198 43 123 63 196 252 7 102 239 181 218 100 164 136 168 53 127 155
    149 39 145 189 67 231 110 54 6 128 20 141 159 60 146 246 219 165 23
    171 169 227 15 188 73 133 41 226 16 101 127 31 118 91 79 185 13 107
    13 222 84 248 209 128 50 42 60 143 8 74 228 43 105 188 105 130 251
    252 100 60 205 171 2 82 77 198 142 86 211 106 189 76 248 131 146 69
    122 143 52 101 149 242 6 10 231 18 228 128 157 72 202 180 111 105
    155 189 103 197 121 171 195 11 79 222 40 75 232 179 106 6 143 242
    183 210 156 187 102 157 220 7 75 248 132 225 190 94 75 5 237 212 7
    150 163 75 27 231 155 185 234 171 116 157 170 77 242 97 141 38 83
    248 68 4 214 78 137 128 140 181 167 217 91 19 219 37 232 78 128 241
    95 103 84 93 40 223 214 171 149 15 10 212 92 239 184 0 51 45 12 97
    170 210 52 8 248 203 121 165 241 19 160 10 0 241 188 82 211 30 226
    165 55 83 233 58 213 165 176 235 37 120 147 229 191 124 225 76 246
    112 173 205 177 5 141 130 153 158 183 72 180 77 193 151 254 135 105
    116 122 96 97 118 132 1 6 167 97 192 25 139 90 51 61 86 9 51 73 99
    134 29 112 202 25 120 13 184 124 24 110 240 181 135 195 208 230 123
    207 107 86 229 15 139 40 233 4 189 113 104 13 240 158 86 4 115 133
    233 84 117 172 60 227 42 59 50 114 141 152 136 254 93 108 196 85 129
    140 74 9 138 229 41 16 114 218 95 11 98 53 243 196 111 168 74 221 24
    225 90 62 24 49 24 16 125 173 77 141 159 137 126 104 15 26 81 115
    121 70 68 53 139 170 133 123 28 191 8 88 253 93 235 113 59 200 43 7
    90 219 33 19 10 144 64 9 159 7 61 137 55 159 110 231 164 151 130 205
    103 208 134 153 146 94 126 250 42 197 80 242 67 99 165 219 62 8 80
    202 66 231 144 198 135 46 133 104 201 144 248 145 35 73 133 146 69
    85 167 185 8 106 147 88 236 78 195 3 124 22 31 15 210 247 18 73 124
    192 235 171 219 240 5 168 141 13 252 240 77 106 184 115 101 198 242
    128 20 29 71 7 156 252 252 205 148 227 4 51 114 53 95 11 221 138 234
    11 61 240 70 122 60 35 62 120 214 147 100 252 77 128 93 231 158 183
    247 81 252 35 237 31 102 33 174 62 142 98 199 240 0 249 160 144 177
    127 17 23 180 48 223 27 247 44 56 217 137 100 101 169 197 28 50 28
    148 121 212 11 229 130 20 8 151 111 63 89 224 159 160 202 253 107
    197 182 174 213 57 236 180 36 243 110 168 143 15 170 225 152 24 47
    148 42 93 150 40 99 50 239 232 211 247 140 15 9 173 38 102 36 167
    184 78 18 54 196 224 132 114 87 179 199 64 37 187 157 155 99 30 117
    56 47 206 151 120 240 170 250 230 32 105 230 251 228 129 131 176 231
    211 191 139 130 182 116 61 162 214 165 234 161 80 241 73 206 42 197
    232 38 107 167 183 134 133 12 251 73 178 49 4 105 124 76 237 171 165
    1 51 212 115 83 244 233 187 175 227 94 201 204 189 11 214 203 22 85
    255 126 196 168 244 185 13 48 53 196 38 246 46 91 8 107 164 218 154
    88 52 143 192 110 58 168 158 190 58 247 236 206 6 252 251 120 27 246
    112 202 5 31 141 197 186 179 12 137 121 147 87 110 252 202 32 53 243
    138 203 64 194 82 1 12 88 123 161 135 148 26 78 101 123 74 70 151
    247 56 14 246 159 75 16 252 22 37 157 184 165 39 83 96 120 77 53 56
    211 214 250 124 39 139 78 95 183 118 172 152 39 24 26 132 9 231 1
    142 71 126 188 91 255 100 96 223 43 224 136 60 169 19 59 247 222 181
    51 74 231 102 186 166 164 209 224 251 119 120 228 224 130 226 11 5 3
    35 34 83 109 74 129 253 188 182 69 32 86 220 123 70 7 100 129 79 121
    14 207 206 58 100 143 59 64 35 46 106 237 200 240 227 214 124 101
    118 114 85 241 196 43 14 86 239 9 189 102 132 217 125 107 12 29 37
    169 190 78 223 35 34 99 244 214 113 59 9 96 192 254 153 59 131 236
    232 239 220 214 152 200 217 132 216 217 215 214 193 233 168 58 208
    17 212 235 214 74 62 84 10 132 185 0 208 58 118 69 249 161 64 105
    171 90 204 114 55 88 49 225 175 27 230 77 143 81 34 58 44 177 156
    112 170 147 214 112 103 48 134 215 136 136 186 110 155 73 141 160 16
    240 128 153 208 48 128 11 206 66 237 29 85 78 243 247 0 48 188 130
    175 248 90 162 58 17 145 191 96 110 10 160 64 103 123 44 233 131 177
    121 180 209 107 192 149 230 156 167 242 184 143 10 74 79 58 148 131
    143 100 148 159 116 103 120 101 52 43 1 247 35 144 242 125 17 117 90
    9 184 80 31 26 122 65 202 71 198 138 147 107 182 179 197 126 121 248
    83 90 133 105 20 217 131 68 237 134 88 220 129 157 102 230 199 91 86
    63 191 255 66 28 33 50 241 56 119 159 85 233 152 1 132 247 194 144
    114 62 94 216 55 62 67 64 139 146 9 237 28 136 145 236 29 28 18 10
    84 223 30 78 223 62 2 93 225 241 8 77 59 170 52 73 179 229 247 37 43
    92 30 144 229 199 58 218 117 118 181 214 28 218 79 226 146 77 144 85
    52 226 5 136 203 236 121 244 34 34 50 37 79 33 153 26 226 160 95 32
    18 157 92 224 157 192 46 203 226 130 132 92 137 28 112 198 140 95
    216 50 121 157 72 141 53 37 209 195 38 71 155 144 193 145 209 194
    159 143 70 10 91 91 88 205 7 169 35 222 245 191 155 159 8 203 5 228
    89 109 124 119 206 194 42 199 211 101 145 69 137 80 30 42 177 52 129
    43 176 77 211 66 140 9 204 27 149 194 234 55 9 196 10 78 66 104 171
    98 84 89 239 7 163 116 63 154 224 108 100 52 8 139 186 66 197 200
    211 232 26 67 26 128 180 125 38 190 15 174 162 27 102 248 191 19 85
    150 117 14 215 154 204 115 144 175 205 22 199 109 168 147 74 38 30
    201 207 214 97 47 104 114 220 215 145 51 101 196 65 24 231 200 97
    192 217 229 225 164 151 66 171 79 242 168 125 162 238 209 13 66 192
    52 221 195 211 13 88 109 142 237 164 223 233 145 73 244 87 244 130
    119 93 242 231 165 205 226 144 94 16 234 178 194 148 26 37 65 226
    205 243 139 233 131 238 153 177 24 98 246 243 150 53 176 223 231 48
    24 78 215 84 158 17 241 58 162 95 98 63 134 131 217 54 156 243 204
    173 65 36 203 84 54 34 125 107 7 2 162 164 203 159 17 197 116 116 22
    30 233 70 143 163 21 20 137 20 13 52 229 183 164 240 49 77 97 101
    178 30 17 247 230 101 167 165 132 175 33 8 40 22 80 10 8 251 108 155
    121 9 78 200 220 56 53 36 120 126 114 223 224 222 5 132 227 146 57
    31 77 230 240 9 142 71 179 239 199 138 66 231 241 103 174 155 179
    251 146 115 214 142 24 75 20 88 239 84 64 143 39 54 150 61 14 253 81
    37 205 16 59 60 197 153 113 16 207 82 202 124 94 104 208 22 246 83
    165 180 212 244 150 13 49 112 236 55 128 239 219 191 129 192 240 178
    103 249 164 41 253 27 195 66 52 16 23 51 253 72 180 135 5 175 18 69
    197 5 61 90 145 156 19 166 46 166 128 105 140 102 168 245 238 229
    254 250 30 252 169 116 192 135 234 89 181 28 10 15 21 149 59 63 240
    118 187 153 236 213 178 130 12 75 222 29 72 46 102 184 198 100 146
    248 13 39 59 162 83 235 167 91 101 195 78 115 179 14 96 61 70 166 77
    1 92 209 19 11 73 77 164 191 212 48 3 206 185 130 4 102 4 192 7 230
    95 173 120 127 160 249 51 55 56 24 141 43 41 159 48 175 162 138 197
    178 65 139 20 24 158 53 2 205 114 15 14 54 64 151 96 144 214 169 110
    107 130 182 171 165 103 53 117 34 46 73 59 57 181 185 89 221 177 218
    92 155 136 184 103 26 33 57 138 228 203 2 56 130 180 26 216 244 230
    39 87 147 194 122 221 4 175 187 190 139 37 197 208 244 67 98 3 48
    177 156 5 51 132 188 238 95 18 123 48 136 49 204 241 39 194 156 136
    77 89 71 111 134 243 190 6 91 1 133 69 18 230 167 170 164 2 96 234
    160 110 158 116 28 61 159 239 94 146 212 139 195 169 103 168 210 151
    72 225 82 67 136 79 77 114 255 168 135 240 64 105 63 233 167 214 44
    114 84 38 11 74 111 176 165 113 219 243 209 190 55 222 154 62 224
    150 143 6 91 12 202 38 151 102 109 223 152 189 184 181 174 125 154
    75 60 41 173 224 93 50 202 76 29 80 34 136 100 60 236 175 160 250 51
    123 243 19 236 65 190 156 53 167 89 159 100 38 52 251 153 122 4 232
    47 173 213 34 120 186 224 5 134 80 51 104 116 32 210 144 122 163 89
    172 241 251 45 93 133 141 170 139 161 148 122 111 100 223 82 213 47
    192 86 167 43 201 35 184 242 245 11 212 97 116 178 145 7 38 121 29
    77 37 114 177 16 229 105 245 127 166 186 20 223 247 233 236 245 222
    249 215 237 197 3 45 76 236 114 86 14 108 57 196 47 95 78 90 143 27
    184 136 5 169 156 49 24 190 74 122 108 193 114 230 19 2 115 17 132
    168 112 242 56 93 249 114 244 118 171 8 176 11 61 187 169 197 159 84
    98 147 214 41 95 99 142 36 123 217 240 34 65 13 59 82 3 161 79 105
    77 4 219 191 83 41 74 62 136 99 89 106 178 191 218 51 132 64 156 162
    193 81 210 185 102 118 3 76 213 211 55 246 71 210 58 248 250 183 217
    231 251 79 227 167 79 131 104 46 118 117 27 182 32 209 47 79 101 126
    153 97 121 237 132 107 180 238 114 162 100 84 92 81 72 136 97 36 196
    193 32 188 193 219 185 182 23 137 43 198 55 139 145 73 86 243 57 115
    129 249 222 98 156 77 174 229 236 216 22 250 39 119 149 123 11 203 7
    174 116 148 95 231 121 76 115 145 147 169 56 47 121 46 3 114 55 49
    170 132 15 129 198 210 120 144 0 203 27 138 208 191 175 165 13 13 40
    170 173 209 122 145 22 6 118 4 126 191 115 45 151 165 232 189 121 63
    92 151 221 171 21 37 98 5 121 202 0 73 227 28 84 57 115 193 28 15 91
    181 211 240 225 223 115 31 191 122 2 4 8 179 17 121 98 123 200 101
    117 215 16 68 208 20 121 236 83 107 248 240 175 35 242 49 43 100 255
    208 41 123 186 108 88 211 171 46 181 220 136 241 38 161 127 50 107
    97 224 182 61 84 189 188 185 135 82 27 114 253 66 81 209 179 45 254
    156 221 142 161 223 49 39 47 15 151 92 234 201 88 115 216 164 236
    145 132 139 0 120 138 224 246 168 27 97 206 120 179 59 27 57 151 101
    89 81 135 226 80 63 41 205 222 150 115 231 135 128 112 181 106 131
    195 225 136 9 125 36 20 69 247 186 231 152 173 112 32 36 16 167 176
    219 189 21 122 165 176 119 185 243 255 250 78 211 215 111 63 133 189
    88 140 87 228 0 134 33 72 216 149 142 159 104 184 158 197 10 15 213
    213 140 37 60 226 50 244 173 197 167 40 235 97 96 162 178 76 227 133
    89 104 205 14 131 215 28 107 123 187 15 86 30 90 65 37 246 171 61 75
    104 98 147 143 239 111 94 219 123 32 5 182 89 163 193 18 160 213 36
    185 103 115 157 30 170 221 169 247 7 131 225 183 160 180 93 91 210
    236 50 244 151 220 217 75 83 207 199 180 230 7 246 11 241 148 146 13
    62 82 59 98 8 141 138 33 150 100 45 184 142 118 28 241 105 31 129
    220 60 27 215 232 219 243 134 241 244 64 66 172 107 111 247 159 13
    145 32 170 57 1 176 34 148 195 89 149 179 247 50 47 84 214 168 123
    11 235 235 107 115 157 187 106 0 228 43 73 254 21 99 88 232 184 214
    133 242 208 178 218 51 230 32 15 6 24 239 50 49 224 198 59 187 240
    234 19 143 46 66 66 81 166 24 63 48 87 119 165 120 120 96 207 136
    177 87 238 252 84 165 114 158 189 118 91 139 15 6 167 186 9 38 178
    110 137 252 225 0 222 213 139 182 69 89 168 231 233 213 24 168 162
    232 172 104 179 106 151 199 103 208 187 105 222 19 211 149 176 192
    23 213 7 43 11 255 57 41 112 117 84 159 171 74 65 113 223 80 3 79
    238 176 27 187 6 186 177 107 214 189 204 60 249 2 130 253 137 206
    118 92 77 196 14 16 26 111 26 151 7 173 247 182 221 124 214 220 253
    148 122 22 17 32 209 224 220 36 141 25 25 198 234 160 78 119 181 36
    252 26 119 36 72 100 179 99 95 44 222 213 147 241 229 153 36 120 248
    153 143 122 67 32 176 234 135 161 177 150 170 63 53 0 35 159 170 134
    58 99 5 80 132 240 113 83 145 121 139 176 252 220 15 137 60 234 74
    170 90 168 47 233 191 30 64 205 126 248 133 75 229 94 95 192 220 191
    3 225 106 152 7 79 251 74 134 18 231 235 165 144 224 58 133 184 18
    122 93 196 233 123 56 255 84 31 226 196 245 158 28 48 189 194 205 39
    8 86 131 83 0 164 247 31 249 80 20 177 233 69 98 10 13 93 238 0 112
    111 144 191 137 207 51 68 246 112 194 55 204 159 244 189 210 77 160
    46 178 67 61 31 213 81 151 47 16 167 68 250 140 22 96 30 7 127 157
    119 132 70 116 188 63 254 73 2 76 153 118 4 94 160 214 101 23 157
    220 133 120 42 200 222 242 237 148 81 11 244 108 158 39 67 115 88 11
    123 178 239 17 159 8 168 132 10 121 107 98 106 57 27 98 236 183 202
    140 126 29 66 39 116 31 134 244 143 219 4 175 169 90 104 52 53 240
    113 24 219 242 52 172 192 155 149 55 107 68 81 2 99 191 221 56 11 16
    73 253 103 199 232 247 136 29 43 132 174 162 249 202 38 35 166 144
    10 41 67 33 74 59 57 155 11 59 161 153 0 112 92 32 80 155 230 39 229
    144 35 149 151 127 120 59 183 194 212 42 106 213 80 96 179 11 79 100
    228 213 15 35 128 240 182 98 171 234 166 235 223 245 19 137 74 228
    65 129 6 208 254 234 156 72 56 55 61 51 140 206 240 201 169 245 246
    255 15 17 83 17 216 21 191 127 28 37 222 147 179 5 204 108 209 66
    157 132 252 4 235 81 148 212 184 240 35 127 73 225 234 40 21 84 141
    18 179 19 226 145 103 127 125 115 46 241 251 186 200 97 108 22 204
    135 150 79 11 190 87 115 209 53 206 41 124 124 38 135 230 238 178 20
    86 6 9 31 214 248 9 167 185 231 96 12 93 157 231 213 192 13 203 202
    178 32 237 163 179 8 93 91 113 222 2 183 21 35 138 208 209 149 153
    60 211 33 152 227 158 181 182 174 109 237 244 25 194 175 161 106 231
    150 50 251 84 67 149 178 25 82 33 152 6 177 96 237 210 46 60 158 83
    124 83 80 161 111 53 6 90 99 197 166 53 253 76 130 105 230 176 38
    193 115 53 214 64 28 222 163 169 172 18 15 7 216 254 163 247 247 213
    245 21 177 16 70 205 48 177 11 198 179 47 217 35 36 115 7 73 239 177
    112 20 247 172 216 249 169 130 245 121 36 58 253 134 150 58 128 216
    185 8 123 73 76 182 166 162 32 229 247 150 205 25 228 195 98 208 187
    96 190 131 255 94 240 132 125 95 162 14 127 216 241 117 22 126 157
    127 188 236 178 173 158 30 142 216 189 163 182 172 204 200 246 149
    91 110 250 252 211 180 70 156 166 231 238 79 133 111 79 236 82 5 121
    138 53 98 30 218 148 219 124 78 200 64 186 150 159 67 168 231 29 226
    3 93 172 105 95 192 181 111 30 101 88 108 122 72 68 201 100 120 200
    179 201 91 43 208 94 9 254 226 203 67 139 67 87 116 187 177 122 211
    56 154 92 11 96 231 28 66 86 175 63 190 49 122 145 197 11 134 123 60
    10 87 244 133 11 232 80 15 180 48 128 39 169 174 253 136 156 36 89
    78 185 110 223 47 241 159 12 10 47 192 19 73 198 102 103 91 11 208
    95 240 204 46 138 164 21 14 203 234 209 70 26 33 157 111 135 61 3
    186 48 119 96 221 61 106 13 125 59 1 75 38 232 210 48 111 135 25 178
    5 159 8 224 148 249 196 188 160 206 225 48 137 129 39 204 0 229 192
    8 49 196 16 17 158 165 18 239 245 9 53 111 23 101 12 142 159 194 19
    236 37 69 233 83 46 155 226 61 167 155 141 30 144 130 213 70 21 137
    229 20 64 218 213 237 222 207 196 199 189 7 87 8 122 132 159 188 232
    186 146 224 160 65 4 250 78 48 177 105 101 20 62 12 61 173 168 191
    39 135 119 125 1 57 99 228 236 120 213 195 55 169 166 115 151 43 99
    162 149 47 10 36 71 194 239 3 82 214 234 153 239 82 13 6 76 70 170
    233 238 138 104 236 178 70 248 76 187 104 23 192 171 251 18 199 54
    51 108 111 154 144 93 221 92 156 133 6 88 35 253 93 81 118 137 137
    15 114 51 121 62 122 46 192 119 153 224 21 220 159 196 124 0 82 219
    117 133 147 68 18 52 216 190 211 226 130 147 185 40 210 83 62 116
    135 88 5 221 200 211 99 181 101 133 88 101 218 227 203 140 188 13 1
    254 184 158 38 94 5 69 123 226 226 90 9 180 165 113 192 207 113 227
    167 7 62 116 200 115 9 14 119 189 21 227 145 13 4 61 105 228 75 158
    217 143 77 177 170 64 144 35 173 78 105 114 169 134 153 72 255 245
    155 127 72 237 96 36 223 203 2 136 129 27 27 188 216 88 85 21 135
    214 65 170 153 140 113 196 222 152 143 12 210 118 218 114 126 18 88
    178 57 134 249 18 208 195 159 41 231 130 141 43 35 134 92 148 218
    165 85 168 160 38 0 67 31 9 142 209 150 20 173 164 184 75 216 137
    111 143 179 137 63 50 120 43 224 94 41 25 211 136 149 126 17 64 20
    242 251 71 128 0 130 111 93 106 147 6 64 171 232 244 92 224 112 182
    127 97 78 11 172 113 239 119 213 175 154 236 195 229 194 33 143 210
    228 8 50 177 75 80 175 33 105 124 47 51 16 164 120 211 162 69 187
    251 195 153 45 33 141 42 87 161 134 148 187 51 83 3 50 137 77 193
    212 30 157 191 13 42 174 240 43 83 19 108 100 49 228 186 11 21 109
    252 188 105 86 150 59 2 80 100 42 215 74 34 77 254 189 76 34 180 247
    198 32 62 31 31 176 7 16 87 202 85 23 28 247 141 57 64 94 160 44 23
    54 70 44 239 105 152 164 36 139 171 35 55 195 250 120 245 232 105 40
    51 186 213 170 94 154 24 181 189 186 115 73 11 15 220 91 59 36 89 83
    146 40 23 38 252 9 89 46 149 181 74 248 85 114 192 203 205 68 127
    172 7 78 163 23 228 193 140 182 212 204 130 62 96 139 131 127 141
    194 71 99 59 34 100 149 216 64 241 131 9 15 134 57 150 115 54 2 172
    162 133 30 243 42 154 137 198 170 7 22 132 169 128 47 1 141 109 73
    76 76 30 21 239 173 152 56 224 204 133 171 183 140 118 19 232 90 105
    42 22 239 60 152 66 105 97 210 21 92 97 78 39 45 151 131 3 146 248
    202 248 229 132 100 213 242 250 238 178 125 154 221 104 6 49 173 149
    0 225 227 24 5 161 14 9 224 36 53 147 215 122 62 105 38 224 154 87
    148 9 36 176 238 85 124 225 150 235 118 68 240 125 82 206 90 227 96
    182 163 175 237 130 4 234 44 218 115 93 51 218 167 167 3 158 28 235
    170 115 138 173 183 50 247 92 105 216 150 165 8 141 146 33 37 188
    206 17 32 241 126 234 71 122 89 168 82 69 166 240 207 200 187 213 66
    142 75 212 3 235 119 68 168 25 44 152 59 24 98 82 226 41 73 217 80
    118 143 86 196 60 192 76 17 149 46 127 136 161 19 109 99 133 8 214
    97 133 13 205 232 248 135 215 238 79 129 200 69 64 137 227 133 28
    161 98 67 217 178 225 13 229 34 186 79 30 1 149 148 160 180 242 16
    124 17 202 136 28 244 154 250 173 252 253 109 83 239 57 62 21 187
    230 141 255 245 222 99 224 224 50 59 145 33 236 180 239 84 75 86 245
    74 12 159 198 4 113 21 232 11 56 34 204 250 173 197 136 116 43 122
    144 162 236 192 121 98 4 4 21 166 28 9 218 217 104 170 251 210 211 9
    148 19 226 5 26 163 90 227 228 228 183 71 44 54 71 251 117 9 27 149
    201 209 44 231 90 9 239 69 54 212 70 137 13 14 240 141 160 46 33 243
    217 100 87 87 223 51 149 42 181 141 118 125 131 157 68 32 28 186 126
    240 13 143 26 115 7 238 196 121 236 59 21 181 97 136 41 30 31 63 213
    116 56 40 158 181 3 189 206 216 67 186 6 135 122 37 6 113 26 152 177
    182 143 239 193 220 81 240 145 204 94 63 164 223 137 219 109 175 174
    11 198 237 96 155 48 250 202 236 46 181 42 103 186 33 173 151 53 42
    159 193 7 108 170 107 61 15 234 53 161 240 115 223 130 193 124 244
    42 122 98 51 100 104 130 196 94 223 230 221 234 16 23 186 49 193 53
    225 248 234 82 77 51 236 134 3 241 107 37 36 205 254 238 237 196 110
    95 39 92 144 134 122 158 106 231 159 137 246 247 128 115 99 205 236
    61 129 216 11 226 61 20 252 228 124 211 226 91 19 29 54 88 253 248
    34 72 126 212 116 11 165 196 178 65 123 129 190 250 182 18 126 188
    110 192 25 252 95 220 70 112 255 182 213 1 83 53 191 53 211 171 75
    148 191 217 114 243 232 100 128 26 116 51 53 49 35 208 56 162 87 99
    10 159 197 186 138 146 4 236 89 200 236 113 223 28 128 111 37 245
    133 119 20 154 67 17 121 30 13 144 78 191 208 123 134 3 5 192 213
    214 153 150 65 42 182 80 200 27 126 137 205 226 39 8 38 89 11 172 43
    214 45 228 100 150 7 167 240 114 85 53 142 2 210 139 142 255 218 17
    204 246 233 94 87 27 25 157 199 221 0 55 55 215 28 112 125 34 58 252
    215 98 22 87 178 198 152 158 232 216 15 241 128 118 99 70 74 43 249
    73 102 23 241 218 219 14 77 163 65 10 246 209 18 159 237 117 106 131
    212 224 87 133 144 112 252 100 164 59 34 70 165 78 176 233 199 104
    234 197 193 181 66 213 76 211 79 147 247 18 86 14 251 16 85 90 232
    169 143 208 100 33 2 156 139 202 217 204 168 91 83 81 160 65 177 126
    5 84 138 244 103 77 251 11 17 105 59 104 33 24 193 106 4 17 18 37 90
    180 202 230 201 135 194 29 189 140 96 102 80 104 145 45 213 228 251
    145 201 116 240 241 255 117 149 115 223 17 214 76 133 88 60 167 234
    75 212 201 113 83 104 252 72 152 222 248 248 90 17 252 69 184 56 35
    157 27 228 116 59 118 97 205 105 91 102 104 20 114 89 167 234 50 197
    248 104 145 66 212 40 136 169 130 237 212 243 185 110 142 229 11 132
    91 112 142 59 243 204 116 183 110 182 95 103 143 61 66 52 221 5 212
    186 201 205 156 6 253 108 87 247 98 163 60 105 157 55 133 164 12 176
    101 31 199 78 139 31 126 81 83 100 185 172 93 96 125 216 68 24 139
    103 158 78 124 128 248 142 140 228 37 186 103 52 245 85 197 173 204
    170 118 86 80 219 206 51 150 222 108 209 68 236 123 145 25 217 6 107
    164 56 116 6 208 196 150 106 24 80 114 109 240 219 180 216 112 62 80
    114 201 157 252 46 80 239 51 130 83 164 211 189 58 17 128 153 250 33
    4 171 91 20 173 104 166 85 221 213 75 33 32 60 28 173 249 110 132
    154 228 215 59 111 200 40 198 19 184 115 152 156 28 138 41 224 75
    175 198 134 171 152 97 190 136 240 160 234 225 172 99 17 47 197 164
    160 146 190 30 30 108 77 155 2 14 8 203 243 198 210 4 152 209 218
    213 104 90 175 210 176 174 200 217 30 237 2 103 11 51 98 101 182 150
    44 139 242 128 32 119 69 71 166 235 178 115 142 87 21 201 159 79 213
    167 19 16 63 111 77 45 27 187 35 47 104 251 83 8 90 83 207 153 244
    122 142 234 205 23 80 122 237 79 60 23 89 166 50 245 188 24 190 104
    209 114 7 191 110 102 178 118 67 14 229 30 172 174 13 167 219 226 94
    139 195 43 83 193 167 140 79 235 45 132 17 21 161 228 14 156 204 96
    12 43 126 189 115 129 101 199 141 172 20 6 9 249 151 11 244 189 90
    64 171 223 74 197 236 180 232 154 166 183 115 240 243 40 156 188 231
    53 232 38 24 107 169 20 91 13 171 19 253 243 70 112 134 242 117 9
    127 212 63 231 151 4 25 20 237 170 40 191 163 138 128 237 233 45 30
    188 236 58 149 239 230 97 29 232 122 168 239 61 163 178 159 160 133
    132 126 34 177 22 174 86 198 112 149 228 23 22 59 157 91 32 44 147
    83 160 25 135 98 140 36 155 183 168 215 48 41 46 38 178 3 172 203
    252 38 250 247 140 11 94 234 187 83 15 238 78 185 68 224 8 50 100
    103 129 39 181 178 42 24 92 30 161 237 146 28 28 71 178 127 130 4 16
    170 61 198 48 94 124 245 125 16 85 29 181 63 131 31 84 39 192 30 125
    248 241 174 42 207 32 197 151 15 97 184 237 152 35 154 148 78 166
    182 82 244 198 190 234 150 141 165 152 92 122 197 7 142 136 178 124
    176 122 67 28 87 175 80 93 203 220 198 98 191 101 153 27 130 241 32
    216 18 37 112 168 98 214 186 83 129 158 168 219 24 207 210 20 247 27
    60 98 53 253 35 83 245 240 160 49 227 155 98 34 26 19 32 239 153 215
    97 195 226 222 187 166 91 68 157 177 54 37 168 93 191 170 123 211 31
    157 175 125 223 74 84 82 196 104 1 191 200 238 163 249 139 84 47 98
    172 173 212 139 65 118 2 114 56 105 107 1 118 97 57 43 134 216 88 46
    126 145 24 110 121 244 44 216 79 103 214 160 157 169 101 248 51 222
    42 118 108 100 7 57 190 121 74 223 150 131 12 195 130 149 209 255 23
    136 35 131 72 150 191 154 33 155 124 93 228 188 10 146 5 105 59 146
    83 153 200 237 44 217 91 142 156 180 251 12 41 156 29 245 136 2 58
    57 181 17 104 248 240 13 243 221 61 174 212 136 145 207 237 103 188
    24 238 23 40 200 233 157 96 222 149 172 70 99 155 5 208 221 11 53
    181 5 222 196 100 217 220 127 60 254 53 133 194 189 46 66 177 185 32
    205 217 94 211 21 199 29 65 238 30 74 50 174 55 146 12 117 184 212
    125 91 54 160 246 70 139 177 153 59 200 45 175 97 176 199 143 205 32
    193 224 164 155 26 173 169 62 137 20 230 112 11 172 104 101 159 209
    206 220 222 47 156 155 16 192 93 40 163 134 197 47 30 28 10 114 177
    225 249 134 194 75 47 89 238 121 198 221 212 179 245 82 11 50 95 186
    51 198 57 97 0 213 46 7 215 92 123 45 12 235 152 163 92 151 237 42
    56 35 25 141 229 211 2 80 214 31 60 190 72 141 233 33 12 182 243 225
    238 102 194 160 11 26 20 53 46 103 116 133 130 111 61 98 79 112 237
    122 60 199 105 42 34 113 38 47 199 138 191 165 18 75 216 168 103 125
    163 199 76 18 246 77 236 234 251 22 170 32 94 13 28 193 110 188 18
    222 219 227 238 149 159 186 176 79 190 83 152 251 136 175 94 181 66
    80 6 154 24 75 103 213 212 119 87 152 2 146 222 114 160 238 96 1 233
    64 213 178 168 226 27 39 28 177 128 132 169 113 85 205 27 70 95 65
    161 203 151 149 241 178 176 223 232 71 121 36 112 23 142 158 254 191
    139 140 239 162 247 113 24 249 201 96 208 32 164 222 149 88 37 28 34
    53 72 135 57 95 7 84 206 53 83 76 158 182 60 72 77 190 227 151 206
    233 8 132 13 58 64 135 69 243 74 128 16 229 35 56 95 130 84 110 43
    129 137 81 117 220 228 56 22 65 14 162 194 216 79 99 213 108 213 166
    96 144 37 142 63 212 180 61 144 61 125 36 157 140 249 189 181 145 37
    195 50 122 148 18 218 210 152 100 159 250 44 45 0 60 91 63 86 26 147
    177 114 91 136 219 221 33 241 235 181 61 201 185 127 108 16 129 36
    78 3 212 124 215 92 39 97 17 17 102 158 224 109 251 177 174 3 10 211
    248 18 58 66 93 154 72 195 236 166 163 9 45 121 100 27 120 15 53 96
    102 32 38 112 63 239 105 70 158 105 234 12 65 73 42 122 138 72 128
    43 6 106 125 79 232 129 143 172 99 248 4 66 202 188 242 47 72 167 56
    36 253 102 30 108 228 182 102 142 252 137 177 147 99 155 102 12 95
    234 174 222 74 93 223 24 34 217 243 214 75 44 251 41 114 47 215 36
    107 168 132 237 89 138 94 210 42 37 108 241 81 94 238 225 46 141 212
    153 60 42 79 94 239 217 92 102 56 251 44 109 195 195 243 30 75 170
    21 249 137 119 44 202 4 80 56 44 30 207 45 214 167 49 38 72 77 238
    123 102 108 243 232 112 56 181 49 106 3 93 75 165 253 61 161 204 123
    50 210 82 180 104 111 224 180 213 115 78 181 116 26 173 244 49 201
    90 18 205 21 173 187 91 159 112 75 224 143 105 149 7 7 11 90 111 61
    194 219 177 77 250 176 63 17 124 33 203 86 163 59 32 96 95 163 153
    33 155 37 198 83 33 145 2 112 228 32 149 94 119 173 69 194 205 174
    206 220 91 181 130 230 46 44 193 44 213 54 123 194 249 186 213 64
    104 29 134 39 224 120 19 164 136 14 245 213 173 166 196 18 235 201
    48 52 78 235 5 83 218 138 8 51 11 5 48 248 201 92 5 91 146 83 58 31
    32 117 202 31 165 47 92 122 8 172 117 30 126 106 191 62 82 108 52
    220 191 233 246 52 125 77 148 241 148 173 225 38 206 127 160 204 200
    232 23 57 73 150 154 73 85 102 124 147 109 217 185 172 16 173 47 71
    209 193 56 246 23 53 162 0 226 234 74 8 109 222 253 9 114 120 204
    237 68 51 79 122 167 66 64 204 255 49 253 121 93 100 11 202 146 95
    112 141 230 65 52 180 241 102 72 208 212 118 177 158 103 86 8 60 53
    107 249 54 13 160 117 142 3 132 255 61 58 138 234 42 5 182 2 209 108
    225 87 3 20 243 221 1 21 49 214 28 165 131 83 99 220 150 189 134 26
    120 52 53 242 197 141 159 76 82 60 105 88 116 155 235 184 17 197 153
    77 200 77 184 41 150 143 191 22 181 125 97 198 28 29 6 209 156 135
    194 145 170 77 32 54 71 81 122 245 230 83 43 225 202 127 200 240 241
    213 79 238 180 104 167 54 34 12 108 235 26 85 71 28 112 87 99 182 80
    213 173 170 214 170 213 147 209 23 150 103 112 89 221 250 117 219 62
    77 189 93 98 160 86 197 130 194 108 248 28 167 210 80 102 58 165 207
    251 206 131 127 95 161 81 213 254 77 160 32 222 43 202 84 77 240 33
    122 15 3 109 242 250 9 145 95 88 179 33 98 197 52 0 157 177 48 14
    106 211 108 48 173 239 218 190 20 174 197 225 174 226 9 52 110 140
    205 14 118 124 222 98 246 72 55 230 46 255 201 3 38 81 35 127 222
    124 201 107 41 108 20 103 218 245 60 171 51 55 16 88 105 85 149 89
    163 116 25 82 132 112 21 0 45 110 114 43 17 127 59 168 93 38 199 123
    116 193 163 5 152 253 200 255 211 184 203 101 84 220 101 158 217 166
    145 143 68 85 55 208 173 70 23 239 135 210 185 29 248 45 191 132 222
    19 26 203 155 179 15 121 75 130 42 237 159 71 230 225 165 48 206 110
    229 185 135 188 174 0 255 220 56 123 221 176 25 57 99 248 70 64 158
    3 144 52 33 233 60 241 145 101 160 132 211 199 40 150 107 160 103
    184 227 84 7 251 29 38 204 34 74 246 70 187 132 159 248 47 170 100
    125 220 234 103 46 191 209 158 101 130 55 82 54 171 117 54 230 179
    210 99 223 114 54 172 117 143 58 118 224 60 142 144 224 1 223 20 167
    72 189 16 76 160 211 151 104 42 49 232 42 123 36 216 166 44 141 109
    102 204 58 126 93 81 173 50 243 91 135 153 146 3 202 145 124 190 20
    183 107 49 93 186 165 188 158 212 90 154 122 170 150 65 207 12 132
    141 176 191 167 134 135 131 57 87 89 49 233 78 203 168 173 244 53 36
    221 55 111 87 148 32 90 103 24 230 83 157 169 43 99 219 4 75 233 250
    187 222 217 47 118 37 250 10 131 1 179 224 54 196 117 82 142 152 169
    54 131 96 135 35 202 66 219 154 114 171 142 25 6 137 24 99 82 54 53
    253 81 35 92 166 215 242 186 63 166 20 114 117 102 227 23 215 127
    236 220 219 88 192 235 17 249 0 116 73 3 39 144 65 6 64 175 23 222
    179 168 131 252 131 191 204 138 163 53 42 152 251 216 25 230 5 28 63
    29 199 10 170 40 196 193 36 228 172 41 9 215 188 61 9 176 41 60 6
    149 201 190 77 108 82 31 203 135 15 17 64 105 115 221 120 33 129 63
    185 89 67 190 255 221 111 4 16 164 121 209 238 16 112 29 53 104 160
    2 113 107 39 60 219 240 113 131 156 46 210 218 80 19 23 236 168 124
    64 58 74 166 2 137 15 2 28 53 86 95 113 118 203 67 246 113 2 79 166
    121 114 165 13 225 251 199 136 174 129 210 175 239 244 212 68 202
    116 90 132 53 6 40 215 172 35 90 65 210 244 72 161 58 71 148 114 201
    210 2 37 172 250 50 144 238 52 38 205 119 50 93 236 177 204 96 192
    46 65 180 175 87 190 30 231 224 52 154 180 31 179 183 147 65 23 53
    155 107 148 78 216 209 9 78 155 247 227 8 243 114 122 228 230 129
    168 1 222 54 250 223 159 165 59 21 151 207 179 136 61 139 13 83 159
    17 243 91 144 220 249 69 22 139 168 124 23 82 164 218 87 62 181 10
    243 102 158 245 161 57 47 162 6 200 238 173 110 10 110 201 31 85 17
    54 83 202 141 142 227 45 163 205 233 59 56 224 68 113 29 191 71 183
    29 115 175 117 214 152 60 144 149 213 65 112 152 97 180 75 122 42 13
    104 253 83 96 21 135 163 103 62 157 52 61 159 50 159 227 42 151 70
    45 235 186 71 209 130 198 210 189 197 85 239 129 79 185 18 77 88 209
    213 224 97 110 180 135 49 161 161 15 192 163 77 196 122 24 196 12
    115 244 129 73 103 38 74 189 64 109 96 148 46 184 82 176 196 34 169
    83 167 242 68 198 49 160 193 56 168 23 214 188 91 133 228 244 54 143
    2 161 71 126 63 195 110 188 235 165 202 192 123 81 163 25 255 204 28
    25 2 47 4 178 120 186 47 44 32 210 33 255 187 194 77 236 227 219 196
    88 18 55 188 130 130 204 40 56 83 247 114 187 32 48 5 68 168 10 118
    55 199 64 9 114 154 146 42 247 41 123 214 208 184 27 199 16 20 186
    74 132 32 11 18 76 21 245 42 48 120 2 100 112 81 11 26 27 166 122 80
    207 87 237 180 81 57 54 76 162 73 170 52 175 236 229 65 115 237 165
    119 219 205 130 238 180 25 163 43 235 98 229 97 26 141 92 178 42 6
    131 10 29 78 204 245 106 204 132 247 46 194 173 242 67 79 57 246 96
    108 181 28 230 215 99 226 186 61 213 129 146 30 130 197 53 97 188
    124 30 64 133 188 245 123 87 53 105 90 117 122 90 24 29 86 91 195
    115 66 159 84 248 235 168 100 254 91 241 229 7 99 31 103 191 83 57
    48 4 19 161 21 13 196 100 223 239 20 237 157 123 44 205 97 135 20
    161 221 177 252 74 39 47 62 32 7 74 250 249 186 210 100 173 72 134
    156 193 217 177 231 139 252 111 250 200 71 236 197 233 164 15 120 92
    115 167 202 166 247 55 164 217 67 83 149 177 114 35 146 231 144 25
    173 100 132 152 164 138 120 159 133 219 148 106 221 68 20 51 41 192
    41 71 16 165 144 32 150 179 109 153 245 53 58 12 230 29 55 49 80 136
    44 116 177 215 221 253 222 199 74 178 110 109 6 24 77 103 136 151
    229 252 133 198 53 25 85 57 215 111 160 114 241 37 6 139 150 124 96
    12 234 64 173 75 94 144 117 170 120 145 240 255 107 47 123 185 82
    167 171 45 55 130 116 123 39 244 186 96 26 14 9 105 248 170 1 161 54
    93 17 168 111 1 37 36 238 106 75 62 199 3 235 156 5 151 5 246 101 91
    4 96 205 245 240 179 196 223 6 169 176 133 135 226 187 203 54 76 206
    166 157 81 98 34 68 14 203 44 56 157 134 202 78 153 70 20 213 180
    161 38 14 217 83 247 119 28 31 54 61 153 88 94 142 29 55 245 76 66 4
    22 8 23 76 96 27 146 50 176 88 180 128 234 150 177 73 59 247 176 222
    183 194 128 105 91 243 79 245 176 142 239 241 52 212 187 162 208 95
    206 129 225 110 27 147 157 104 50 26 54 254 31 95 184 28 96 251 27
    147 98 170 199 137 37 22 118 5 242 182 227 177 20 123 126 125 222 47
    246 38 149 82 116 11 218 252 237 62 147 180 213 242 154 8 97 54 124
    11 127 223 24 222 166 4 203 94 10 119 243 2 136 169 237 155 176 205
    44 123 235 240 207 216 30 49 145 75 157 165 75 18 175 140 234 26 248
    251 95 250 27 162 82 66 162 192 90 139 93 165 56 34 126 216 46 143
    76 136 190 45 158 140 179 45 204 127 162 15 15 35 74 179 109 118 78
    228 211 253 139 173 154 13 242 166 128 172 231 81 85 16 38 224 33 57
    37 38 50 94 7 195 55 133 2 59 170 230 69 21 37 206 253 137 85 88 94
    50 222 92 147 14 243 88 37 170 92 208 202 112 199 6 34 226 43 160 76
    222 26 215 204 62 10 187 38 162 122 41 52 68 57 120 87 216 161 40 19
    87 250 38 223 152 135 82 192 96 23 118 228 210 155 198 18 76 68 61
    48 16 28 183 20 135 148 184 53 137 134 245 227 113 89 109 226 91 125
    185 121 182 21 176 89 74 16 26 183 244 10 128 68 144 95 215 244 63
    108 59 33 195 219 28 224 246 201 83 7 79 120 61 141 49 60 121 116 59
    210 8 64 131 80 28 63 185 52 147 96 155 168 221 33 184 11 168 14 45
    187 55 210 34 35 217 121 178 143 73 28 145 248 103 208 234 12 77 24
    39 82 175 102 102 243 199 230 112 56 157 112 168 92 82 118 127 199
    152 115 196 253 27 44 61 86 143 79 44 255 187 5 81 138 0 166 216 68
    1 57 201 216 205 137 233 138 158 69 21 17 226 116 87 157 29 205 204
    187 193 232 8 180 76 161 247 111 75 230 85 35 114 157 114 90 92 51
    175 44 81 3 14 155 82 62 24 238 217 28 150 9 238 123 78 165 229 172
    219 231 68 70 25 7 233 66 187 24 36 246 105 152 224 17 43 121 61 182
    132 93 45 111 43 96 36 119 115 220 0 119 179 210 30 23 206 192 34
    136 177 199 8 219 233 159 35 20 116 23 249 118 1 70 224 50 22 227
    114 93 141 61 14 120 236 93 173 74 204 116 151 39 131 228 179 196
    218 28 7 139 65 104 212 54 7 134 109 111 193 73 0 174 112 53 21 115
    54 195 201 1 159 140 66 226 170 225 215 55 199 12 242 190 30 107 133
    51 253 140 46 193 107 90 144 136 244 214 68 204 123 105 74 100 2 244
    12 149 96 57 157 50 252 209 125 118 179 127 55 71 56 112 129 134 27
    112 75 114 168 132 96 228 242 135 63 19 18 242 17 20 124 186 104 206
    135 151 47 168 142 176 214 211 30 143 179 242 255 159 42 1 177 231
    164 218 218 20 187 205 34 2 11 136 41 104 31 208 2 70 133 36 59 119
    151 235 13 160 245 105 110 88 37 0 202 45 122 44 206 30 85 241 173
    61 16 168 233 134 21 136 222 184 83 50 80 159 91 106 74 186 173 123
    235 252 44 243 63 174 84 67 160 246 1 54 241 54 30 209 181 158 27 12
    162 62 200 88 143 217 166 77 227 196 239 246 186 86 171 5 138 188
    118 242 196 30 2 127 83 15 86 37 181 50 224 101 138 151 29 165 25
    180 130 66 241 64 5 79 200 210 31 210 150 59 154 111 45 49 190 198
    157 94 190 110 119 222 98 19 0 141 145 112 88 22 3 117 102 199 147
    240 168 50 116 223 43 173 195 202 204 73 225 181 83 138 42 200 138
    200 243 103 77 249 35 34 126 107 145 149 126 58 93 185 180 235 78 81
    90 7 72 199 187 173 166 241 63 57 246 143 69 231 151 224 113 228 243
    209 186 99 120 14 209 20 163 165 0 217 226 46 97 121 102 150 249 158
    71 133 183 3 102 208 87 76 179 74 186 13 6 29 63 168 193 82 122 252
    70 171 109 35 175 198 147 182 116 115 7 215 1 188 136 194 232 48 207
    134 26 66 190 233 137 187 30 172 163 126 26 93 50 95 7 155 44 198
    176 31 187 72 180 148 12 65 235 179 210 166 127 51 184 45 166 140 34
    91 100 116 237 132 235 64 69 226 203 92 139 193 102 62 180 205 13
    208 244 163 229 178 177 166 44 78 120 184 62 125 103 57 32 23 158
    216 65 191 168 129 166 100 155 45 116 180 147 242 235 188 83 141 48
    105 100 248 44 201 117 116 109 166 24 44 48 152 20 63 58 78 59 140
    43 14 3 23 79 91 42 193 119 198 184 3 66 162 145 116 193 200 73 193
    169 108 13 230 4 240 145 94 186 227 150 241 72 158 112 96 5 5 154
    239 142 27 181 93 243 230 34 228 70 92 14 143 200 248 178 134 21 101
    36 253 251 204 76 177 158 2 132 47 62 129 251 72 212 172 35 41 157
    115 44 150 65 250 249 193 147 40 42 95 189 160 157 37 226 197 28 112
    227 36 190 72 5 220 69 200 221 189 149 26 115 37 222 133 143 148 61
    220 82 116 220 3 123 113 88 77 61 133 90 82 1 160 19 102 64 184 191
    59 211 59 122 52 8 117 198 172 166 18 222 62 138 245 71 100 110 168
    176 24 171 168 89 172 223 247 192 169 217 115 103 240 195 105 219
    196 79 73 149 98 179 182 132 230 227 99 124 17 179 84 227 37 35 93
    164 181 5 200 202 160 36 243 164 116 73 173 64 170 29 173 157 119
    201 201 86 253 162 250 225 73 45 62 73 218 193 10 160 6 63 15 149
    151 212 163 165 95 96 81 253 14 58 115 189 239 60 11 197 58 87 136
    73 75 131 104 255 110 107 158 163 4 57 122 159 132 193 120 5 43 127
    175 3 252 238 235 251 166 182 57 8 134 68 8 91 144 113 198 117 66
    172 97 34 254 167 225 227 34 236 160 179 195 102 243 40 120 203 108
    154 251 73 45 149 110 150 229 73 211 57 223 209 15 145 170 112 187
    174 247 98 101 70 133 59 117 65 65 104 151 166 95 252 179 238 106
    133 141 178 68 171 174 32 207 75 239 133 161 80 76 21 111 100 169
    169 119 13 109 118 68 167 70 9 91 204 4 44 146 234 154 14 226 43 97
    207 215 205 139 120 13 171 18 127 245 253 248 83 8 55 116 228 24 63
    56 122 59 229 9 43 142 133 18 138 179 95 13 38 89 23 121 35 51 181
    143 82 34 228 162 238 43 184 3 181 23 182 91 100 66 110 49 42 96 134
    33 55 13 181 208 88 67 58 212 137 187 92 111 9 76 169 226 238 219 56
    45 79 194 163 76 162 107 213 215 131 120 37 174 104 143 154 172 103
    61 246 54 195 178 22 235 246 139 77 17 82 204 169 79 146 25 155 143
    62 173 32 159 235 141 201 23 157 122 229 14 108 166 21 175 60 67 58
    217 160 39 211 89 195 166 152 189 184 184 139 185 167 50 7 181 163
    219 228 205 62 105 137 48 44 198 251 198 68 228 93 183 147 99 162 70
    236 24 215 41 249 10 157 215 253 116 58 59 147 238 222 158 96 118
    148 194 49 13 67 191 103 119 119 218 76 207 168 159 143 80 80 252
    183 131 78 224 145 49 182 198 93 156 123 188 93 198 224 125 115 33
    39 119 172 178 212 230 217 231 70 81 54 46 172 190 155 128 179 6 246
    249 201 52 247 114 151 5 237 190 89 143 16 54 22 232 32 188 184 0
    225 180 230 164 199 55 8 37 146 118 197 193 22 57 104 176 72 2 119
    74 3 148 80 233 108 171 85 227 178 74 119 180 13 9 205 220 11 161
    181 107 20 216 49 146 41 204 224 241 192 80 151 229 45 17 241 69 12
    130 197 165 126 146 200 191 164 212 62 204 224 132 5 53 58 65 201
    173 220 115 198 14 139 153 56 158 57 169 31 145 28 169 34 96 247 9
    95 115 50 74 147 91 161 222 160 171 215 81 205 4 15 174 2 169 65 177
    195 5 52 129 20 34 35 41 39 116 195 113 25 215 10 141 156 149 19 73
    180 152 200 231 14 164 12 220 131 138 37 76 74 205 167 81 198 219
    254 147 126 238 218 139 205 148 77 113 8 207 164 43 100 100 87 145
    233 14 43 56 23 86 186 200 171 224 178 148 151 30 154 176 24 178 52
    223 210 68 23 216 13 55 166 168 129 57 135 211 133 233 206 80 4 238
    61 73 144 76 207 144 199 206 42 113 251 181 8 49 112 170 57 167 200
    140 70 118 207 28 148 238 150 206 143 170 132 162 198 84 170 240 124
    164 194 143 254 249 26 103 201 37 165 150 143 222 130 40 29 72 116
    16 158 215 217 154 3 63 187 122 131 255 148 52 185 108 226 236 195
    38 104 253 78 237 193 132 68 19 70 26 162 201 168 62 103 234 233 96
    34 4 229 242 118 233 227 95 241 192 195 145 196 68 142 181 34 54 188
    117 50 10 182 84 67 55 135 25 17 101 73 29 90 213 227 246 208 125
    244 141 100 50 206 125 224 163 206 119 251 237 144 101 195 53 164 48
    31 15 175 236 133 179 123 225 125 163 128 144 120 100 170 146 161
    186 42 37 75 239 175 109 159 242 232 1 194 143 107 80 175 199 99 15
    175 150 43 42 202 8 247 44 232 32 167 76 196 115 243 164 81 52 216
    62 10 14 145 8 152 108 127 207 140 170 175 99 77 159 123 53 6 220
    234 156 224 216 39 244 67 114 215 232 250 109 218 92 143 87 96 59
    206 80 219 1 141 218 22 143 122 252 232 207 119 156 132 21 2 81 150
    178 157 187 142 15 177 225 241 190 207 99 95 17 31 141 109 98 25 54
    84 9 186 71 207 213 1 159 167 98 64 87 158 149 244 247 87 236 231
    123 117 54 80 233 137 186 35 89 28 190 126 206 20 240 204 83 7 6 3
    196 180 57 111 104 114 83 8 105 33 244 235 176 207 94 153 154 25 36
    41 226 96 239 162 110 87 84 223 24 50 45 9 203 61 156 66 34 249 218
    235 104 187 219 100 139 17 93 173 19 71 110 30 182 53 149 99 224 216
    229 60 7 77 138 3 127 117 247 150 252 142 202 141 248 36 158 193 232
    175 0 155 179 187 230 23 138 153 245 88 65 206 27 4 35 37 28 250 155
    240 14 183 183 136 79 62 188 232 134 207 119 69 246 233 152 207 2
    138 90 101 172 179 181 168 232 86 49 21 27 233 58 175 150 151 164 58
    248 98 227 56 187 189 13 252 37 24 24 57 36 249 205 73 209 33 158
    240 194 244 65 159 87 90 77 207 90 128 205 32 69 21 214 79 77 183 96
    28 47 25 8 132 48 225 35 32 88 229 84 140 218 180 212 31 224 91 250
    185 156 39 77 208 168 117 17 141 130 226 132 193 238 246 146 41 76
    85 118 133 111 99 160 191 184 125 116 4 31 228 69 35 101 218 229 151
    200 7 127 139 182 237 124 208 224 68 222 203 111 246 157 168 161 90
    123 159 33 148 255 215 36 137 10 77 94 90 195 134 237 41 107 103 3
    232 103 231 29 165 206 157 253 158 117 174 190 79 94 30 226 187 116
    1 10 159 72 125 177 134 54 207 82 21 68 69 69 172 5 129 231 132 253
    187 56 247 66 92 14 117 76 77 55 180 42 78 68 132 218 125 253 47 56
    36 123 144 14 134 34 156 213 183 189 140 22 168 83 10 22 182 41 247
    70 56 121 242 3 224 102 242 69 97 132 52 206 41 212 241 44 139 19
    139 252 220 234 199 72 116 131 171 8 105 175 168 170 2 194 171 209
    138 5 184 240 184 227 156 105 248 236 230 255 194 76 27 68 249 23
    165 3 40 138 10 93 211 179 55 121 171 222 221 73 125 205 103 153 197
    151 233 19 168 167 14 227 199 189 15 159 163 201 40 165 160 139 237
    90 133 188 206 102 24 111 226 139 55 90 104 2 157 201 37 118 36 71
    106 242 185 143 23 102 21 35 26 155 89 152 193 135 230 23 201 119
    188 9 88 167 83 141 160 142 20 87 160 122 97 252 42 36 12 16 16 148
    136 221 219 180 23 120 78 235 149 92 140 14 129 132 34 222 230 163
    113 168 199 201 212 131 175 162 168 131 173 207 103 108 203 250 156
    148 154 181 50 76 25 133 56 7 221 219 184 102 70 152 162 186 245 136
    19 216 77 210 0 192 22 107 215 251 18 7 110 137 227 71 173 12 247 53
    179 159 214 161 242 38 134 59 151 24 203 214 171 13 83 125 148 152
    230 216 242 174 246 11 237 131 45 45 19 190 184 120 57 13 53 131 135
    107 71 146 230 73 212 18 82 61 82 98 82 108 93 62 226 244 15 8 226
    232 106 236 26 243 171 219 100 168 98 252 182 55 154 40 41 160 25 52
    60 144 102 59 246 143 18 205 142 210 137 39 234 229 157 255 84 199 1
    119 194 134 179 187 40 122 69 79 232 161 208 124 43 250 185 115 40
    107 160 34 116 121 197 242 54 149 206 62 73 32 123 75 138 43 42 119
    43 9 164 166 86 88 23 79 20 225 212 204 179 185 249 99 171 107 63 92
    182 2 37 169 181 196 188 63 62 106 2 226 24 199 62 54 228 91 132 127
    55 2 107 220 18 39 58 77 117 186 141 100 156 252 82 66 129 100 212
    90 214 160 57 163 33 73 49 230 109 220 155 162 73 129 96 86 168 136
    106 216 249 46 29 92 14 235 113 123 223 172 30 162 54 234 162 60 217
    227 111 239 235 167 175 36 19 30 209 63 214 197 12 79 165 222 141 68
    211 115 231 121 93 136 60 112 245 177 50 232 253 32 238 60 150 187
    124 143 254 27 106 140 218 174 158 3 18 178 160 65 139 137 20 251
    222 12 215 128 27 107 124 96 74 219 220 226 152 154 52 74 126 242 60
    101 87 136 31 139 122 20 138 216 109 249 62 156 217 70 185 64 14 97
    141 108 209 183 67 155 249 215 109 94 136 198 166 31 26 36 84 178
    161 221 86 178 245 149 166 190 165 233 186 202 120 133 35 68 118 227
    31 67 3 205 82 128 165 217 101 72 134 51 4 149 200 108 69 54 105 143
    128 13 145 230 242 117 116 247 109 205 76 10 234 68 58 48 9 35 128
    26 28 61 137 28 210 232 148 115 55 82 52 241 13 91 116 155 88 254
    218 251 107 45 81 245 231 169 75 195 232 89 101 105 213 226 51 237
    34 131 94 229 155 68 202 157 22 249 255 74 37 65 192 32 194 101 137
    201 171 90 56 28 10 173 199 160 3 53 139 224 22 122 150 42 88 187 63
    16 56 171 228 203 165 27 175 215 119 229 218 143 247 5 186 214 119
    109 219 158 71 172 105 24 71 23 69 153 30 200 216 78 5 77 222 205
    233 120 40 27 17 40 80 247 67 18 37 23 214 130 210 147 33 131 237
    199 7 107 116 117 26 123 136 124 202 185 59 146 233 108 167 176 91
    109 205 184 155 101 3 102 11 173 198 40 42 144 79 13 242 111 188 155
    215 84 29 254 119 145 226 4 94 9 207 217 61 106 148 245 171 60 27 13
    34 21 192 143 224 154 192 21 27 89 240 253 231 228 149 8 188 252 120
    96 78 233 13 233 250 94 131 211 93 146 97 130 205 81 104 189 64 71
    151 245 177 125 226 88 46 184 42 100 176 103 104 168 144 76 159 89
    235 132 147 21 58 149 231 152 174 130 243 133 129 153 36 180 98 243
    110 113 60 119 66 218 79 110 120 32 100 74 116 88 248 72 104 187 151
    80 25 49 193 248 11 136 214 8 198 80 235 98 190 189 185 150 217 87
    80 217 79 155 172 247 8 66 250 255 16 54 116 183 54 30 156 225 14 17
    248 160 132 46 130 213 0 9 167 157 179 84 12 199 207 97 42 100 46 26
    113 168 187 171 254 179 170 76 184 146 80 4 58 61 131 249 229 241 66
    197 21 237 120 233 242 19 221 81 54 82 78 236 130 136 134 95 106 253
    47 47 115 223 151 208 13 96 103 116 12 142 168 139 254 39 89 169 10
    168 226 134 151 187 132 154 166 177 176 82 168 250 74 173 34 104 100
    131 165 194 154 46 222 54 86 233 89 117 105 50 30 76 172 187 79 56
    111 242 212 33 141 148 254 19 220 255 229 130 227 165 117 57 249 124
    139 247 156 95 198 205 65 124 41 88 151 29 54 208 150 145 53 245 100
    172 54 57 254 3 50 155 132 131 124 170 95 16 180 163 183 54 17 188
    167 224 156 94 134 153 121 36 20 56 216 102 139 193 108 242 192 61 8
    52 140 11 137 85 115 117 186 0 127 0 243 196 232 241 164 210 137 87
    18 11 201 88 140 149 115 181 4 186 229 140 172 182 217 174 247 21 27
    35 214 148 228 49 227 128 49 107 155 156 5 37 145 142 223 183 20 63
    115 84 11 76 31 118 146 199 58 104 197 210 242 204 209 42 140 4 101
    122 53 42 174 192 175 79 219 18 33 56 75 107 192 20 13 34 229 126
    212 230 112 158 191 100 230 130 40 103 155 162 128 26 190 20 22 88
    219 118 87 63 41 137 177 9 198 160 125 191 12 61 53 122 55 36 85 188
    171 132 95 240 147 108 191 88 196 35 188 135 72 156 121 18 70 209
    135 121 53 161 96 167 62 117 2 98 32 156 0 84 90 31 81 79 105 107
    230 176 31 7 75 120 104 73 219 42 247 141 50 191 78 28 56 102 252
    149 189 241 158 250 139 46 166 104 176 154 186 105 89 1 231 65 40
    108 249 219 54 204 81 170 94 244 196 175 134 79 125 224 111 63 18 71
    16 98 64 211 16 75 75 13 50 204 194 104 88 139 197 41 184 31 217 246
    243 27 137 210 38 134 86 119 193 227 196 190 245 230 252 15 119 189
    122 84 208 96 218 187 142 10 20 111 192 100 249 245 161 26 171 68
    109 206 32 78 187 249 133 100 148 50 151 165 145 227 93 36 239 111
    238 211 247 193 174 179 192 142 34 107 237 156 11 92 128 201 90 180
    125 105 58 23 52 17 187 59 150 30 72 95 171 54 123 173 235 184 110
    229 147 107 229 153 228 30 57 123 30 188 133 246 211 203 216 43 196
    39 70 13 110 58 223 121 56 18 66 20 224 203 150 137 127 156 128 240
    205 96 56 50 79 51 78 23 43 155 9 128 165 55 144 165 169 253 234 66
    13 248 105 66 246 238 39 119 174 145 233 119 55 43 212 223 37 235
    208 41 30 116 64 252 143 225 90 147 134 2 149 229 30 114 170 149 27
    66 205 198 116 51 92 34 255 239 211 201 202 208 41 17 160 143 205
    172 114 62 151 167 7 115 174 126 211 54 137 34 158 26 85 202 105 158
    253 142 27 86 54 34 64 231 185 60 134 228 157 77 95 112 157 3 221 89
    224 13 230 99 104 134 158 159 196 17 163 190 160 149 66 92 88 229
    179 229 119 86 215 148 246 139 225 132 243 15 207 187 254 254 233 62
    253 71 97 121 213 233 232 104 245 204 165 132 0 93 195 122 172 24 58
    188 98 34 47 251 216 32 200 38 134 171 64 49 79 255 112 26 56 94 89
    71 142 89 89 226 106 167 65 68 116 34 227 204 71 181 238 243 79 78
    149 2 209 65 26 145 197 172 106 127 13 76 43 36 109 227 219 242 148
    239 111 56 43 190 242 190 39 120 85 0 92 54 145 35 40 149 168 12 184
    198 153 71 17 94 105 119 183 242 27 77 103 228 200 72 221 235 75 208
    126 80 37 233 174 254 148 50 40 29 55 183 133 120 82 150 226 229 57
    246 8 126 140 22 133 18 247 232 150 215 104 34 187 118 74 35 69 10
    54 174 177 245 72 53 143 136 91 227 43 130 63 158 116 174 223 74 124
    97 52 85 220 253 221 251 226 213 155 155 211 43 168 222 254 205 86
    131 231 81 121 76 193 36 159 86 83 137 21 59 134 20 95 42 109 29 236
    130 238 230 131 107 143 54 252 24 91 213 102 224 36 11 38 74 55 138
    66 19 254 225 124 15 165 72 117 166 25 118 76 163 156 29 58 220 126
    253 118 27 28 117 62 94 147 121 64 226 5 112 25 116 94 202 241 163
    94 165 107 54 165 163 68 34 49 245 87 52 152 129 139 255 92 3 187 69
    85 33 13 247 147 155 240 137 215 208 78 16 177 139 131 80 239 75 136
    236 46 195 148 120 104 4 251 186 103 92 8 171 103 233 185 36 196 101
    185 50 186 247 113 188 25 197 54 199 233 110 64 102 151 210 237 173
    194 91 11 66 103 16 85 38 67 212 14 118 69 25 83 162 165 68 123 252
    44 47 96 226 59 202 169 58 65 242 224 187 238 155 90 35 6 145 153 17
    69 132 215 181 201 249 157 232 95 75 145 14 144 81 198 55 9 60 218
    127 191 193 10 24 202 128 84 75 136 133 33 24 4 83 119 205 25 61 38
    145 64 134 132 125 65 250 152 189 196 95 119 152 22 174 201 71 255
    179 118 135 3 204 156 203 27 170 30 55 13 102 18 205 43 94 213 10
    104 232 49 139 253 173 236 184 40 115 197 48 231 9 106 13 11 19 29
    239 78 11 55 250 39 250 150 79 211 33 223 200 134 226 230 42 160 144
    98 72 29 209 193 178 127 202 196 195 100 11 152 74 62 59 203 33 188
    13 113 214 210 124 195 186 74 180 136 220 44 72 97 62 86 223 100 71
    90 171 246 78 81 229 71 26 106 203 254 7 39 24 48 177 96 214 145 70
    136 246 11 149 46 250 180 34 59 14 172 9 162 73 102 180 50 153 183
    178 63 20 168 205 49 68 52 185 116 92 230 121 27 246 228 172 120 102
    248 122 86 6 133 252 84 151 14 165 217 201 162 169 134 206 224 24
    119 151 31 48 171 224 55 191 205 108 208 52 98 1 24 194 244 240 205
    87 222 21 125 122 191 243 30 239 208 227 64 202 97 135 179 118 179
    189 93 29 63 241 45 240 169 222 17 169 136 7 77 240 210 15 87 107
    108 243 56 26 128 49 7 252 249 24 90 232 243 163 217 60 192 48 5 45
    110 15 80 254 55 81 210 108 47 248 196 208 95 143 195 88 97 216 232
    50 38 100 184 150 25 200 166 216 174 110 52 254 128 211 194 211 120
    127 104 160 115 142 65 25 193 252 127 104 113 69 187 215 49 70 80
    205 187 134 137 159 125 46 151 129 248 226 89 170 16 81 251 2 135
    156 75 102 206 133 153 140 221 119 162 189 110 175 109 92 195 188 22
    123 81 237 128 79 62 25 27 77 207 139 44 17 10 219 132 32 112 212 2
    78 216 93 92 11 29 65 180 205 43 13 96 231 178 178 230 219 220 39 74
    24 142 146 177 100 207 125 28 83 183 235 89 35 49 40 76 194 17 98
    219 136 130 74 23 134 4 153 109 9 242 73 120 202 78 251 253 24 157
    164 163 94 194 96 236 173 238 195 42 80 125 191 170 27 59 25 57 162
    136 16 86 227 144 184 136 152 197 143 154 156 38 4 8 177 98 93 33
    113 79 37 52 233 135 87 156 106 120 226 81 212 51 27 177 88 173 174
    224 219 1 66 232 100 157 17 16 206 69 99 237 18 111 38 119 152 63 21
    48 24 0 95 114 96 198 71 169 119 57 13 159 250 181 45 100 57 251 234
    41 134 241 128 238 166 69 16 151 118 226 179 12 136 165 33 173 225
    119 29 79 104 40 197 156 14 239 163 92 220 93 41 235 26 123 231 51
    253 119 22 235 47 160 223 176 141 104 55 59 38 11 208 187 80 120 54
    146 200 174 119 152 86 36 69 142 30 95 196 32 110 134 204 58 114 35
    210 40 195 41 253 61 118 184 156 169 89 112 155 44 92 160 229 92 241
    119 225 47 54 86 149 102 80 135 228 119 20 75 107 63 125 189 104 70
    142 98 161 56 33 170 163 180 99 197 56 102 215 69 21 29 35 46 224 55
    131 37 106 63 153 34 19 224 248 12 70 32 154 110 18 164 78 186 175
    16 52 236 53 164 55 180 109 213 196 52 192 3 207 250 28 37 245 249
    179 236 7 198 249 215 72 103 152 112 173 82 12 82 225 166 54 86 168
    200 154 217 7 25 151 208 239 130 81 88 119 144 232 131 184 126 225
    65 103 16 2 182 195 59 168 249 109 207 42 29 36 12 207 71 44 23 237
    216 54 71 175 194 211 14 8 12 175 46 195 96 214 72 105 83 13 165 198
    147 63 31 172 30 105 156 156 10 153 13 48 78 37 11 20 62 177 167 4
    15 169 201 201 91 2 118 5 6 155 151 89 172 12 165 28 222 15 142 7
    166 116 24 79 189 62 62 24 1 209 231 217 131 218 162 167 240 184 104
    8 254 78 59 121 27 216 134 52 19 91 11 255 153 138 70 95 171 187 83
    75 43 99 81 134 59 69 40 17 94 159 29 242 73 214 142 66 50 63 50 53
    114 168 63 192 158 131 68 56 101 131 226 223 20 127 20 188 109 145
    248 196 44 66 40 234 249 43 255 94 84 253 80 81 110 25 236 146 25 32
    251 43 142 5 217 129 117 76 56 24 152 159 121 94 59 141 92 87 100
    140 93 121 76 114 69 172 242 135 78 204 234 211 63 229 52 111 38 64
    185 12 156 250 59 40 192 186 252 156 154 156 91 250 219 95 69 135
    170 44 115 206 232 47 200 203 139 72 163 178 241 249 63 103 252 95
    177 109 170 190 47 4 183 46 206 166 57 226 54 11 193 235 104 47 138
    202 163 116 240 168 168 155 4 247 22 210 138 32 90 87 158 231 202
    193 171 22 22 110 247 143 162 207 162 204 143 26 33 137 247 186 49 0
    148 216 1 13 56 235 111 229 123 218 186 109 250 84 140 86 219 46 70
    42 229 229 174 206 246 254 21 74 82 179 107 61 70 94 147 229 183 75
    0 52 143 85 243 237 32 206 53 46 19 19 111 61 140 168 51 161 12 138
    57 156 211 253 231 143 147 239 163 204 102 148 198 76 150 185 176
    230 49 164 9 161 112 175 162 196 28 97 236 224 40 233 91 247 211 66
    182 47 110 126 193 34 89 219 201 10 5 10 81 208 137 139 187 211 151
    132 2 165 36 175 218 33 80 15 37 126 181 196 226 167 211 208 203 123
    143 1 114 22 240 117 75 89 160 107 98 71 158 74 110 172 69 9 69 21
    213 149 120 78 133 94 178 254 96 95 88 84 191 181 241 231 60 117 133
    156 160 94 60 148 56 157 27 4 16 252 103 87 81 205 117 44 193 184
    177 158 161 251 255 135 102 141 209 204 92 160 217 41 98 143 197 40
    237 175 221 95 141 1 142 132 148 21 207 110 131 119 101 153 218 96
    223 247 155 93 148 171 191 94 129 53 9 199 20 30 173 212 225 28 83
    201 207 129 5 227 103 124 149 60 246 60 113 110 90 84 73 166 42 37
    187 55 188 231 68 3 247 217 157 35 93 152 105 94 105 167 120 63 55
    209 216 105 147 10 118 253 185 130 132 245 147 194 10 47 250 155 236
    55 28 216 179 111 15 85 184 110 106 1 27 127 189 8 14 221 146 16 178
    201 36 112 167 23 80 190 90 233 30 111 196 161 37 161 80 147 4 244
    112 12 26 170 157 166 4 52 103 147 51 146 179 249 206 232 10 36 121
    139 74 109 227 187 147 198 155 102 70 114 64 60 35 217 111 153 61 94
    97 209 158 157 12 179 110 109 94 132 93 94 180 219 23 231 200 38 179
    13 237 48 79 252 55 130 159 42 165 139 202 161 86 87 218 4 20 242 91
    11 0 233 213 247 136 252 121 201 141 12 57 225 29 20 40 78 119 8 226
    114 60 135 45 143 157 230 62 10 189 71 30 29 60 93 95 162 142 99 200
    102 39 100 186 47 12 146 71 195 211 186 130 13 227 148 165 52 65 151
    2 176 227 124 164 68 32 193 67 153 69 67 197 249 192 229 82 5 216 42
    139 192 120 212 82 39 238 50 165 213 185 1 218 121 223 139 226 132
    44 17 251 182 97 14 35 152 0 154 61 179 106 165 125 76 213 130 198
    166 20 36 241 28 230 190 44 154 234 175 47 71 242 133 93 201 37 164
    9 180 31 46 58 195 64 181 82 48 7 136 99 55 233 27 19 24 205 84 151
    32 16 16 128 89 160 124 193 152 243 246 234 204 239 225 155 160 171
    156 253 118 13 7 82 139 186 115 132 241 46 105 205 217 240 2 57 78
    21 217 161 38 246 50 75 41 175 122 165 177 175 138 4 208 34 99 36 55
    70 237 215 88 15 62 228 98 244 102 194 68 20 250 89 243 245 218 210
    122 31 184 47 125 188 219 204 38 227 130 163 105 41 246 125 159 129
    7 165 163 53 178 193 161 67 217 54 11 129 23 130 162 89 183 202 115
    33 216 79 223 151 65 27 50 81 153 35 196 204 31 52 209 34 47 188 133
    229 72 208 83 168 210 93 28 221 185 191 76 197 163 66 21 160 81 215
    9 135 226 247 209 36 21 13 161 22 224 39 57 222 207 205 184 174 192
    123 62 80 244 95 250 105 214 129 191 65 238 158 31 75 164 12 6 22 55
    38 85 120 103 19 255 101 141 223 128 163 137 158 23 56 227 128 127
    173 246 150 20 236 247 129 247 77 75 255 164 235 232 13 60 202 37
    115 83 48 240 14 1 27 40 52 190 210 189 55 161 121 63 181 185 180 48
    189 203 248 19 155 47 64 105 97 196 109 225 107 108 42 243 165 196
    132 24 254 203 163 117 149 226 145 75 66 71 17 235 55 88 193 159 95
    168 38 228 142 44 235 238 111 152 154 171 206 220 252 111 39 139 94
    182 251 52 179 34 110 225 26 139 38 139 242 255 76 157 135 96 122
    223 6 133 222 47 82 103 82 81 90 42 198 22 89 108 32 113 21 67 39
    237 134 41 88 186 161 50 115 77 78 201 102 181 104 205 41 59 141 187
    145 118 172 255 74 246 36 10 28 158 212 244 181 82 45 220 71 210 182
    192 59 24 113 151 143 150 47 128 123 61 33 145 246 206 165 75 127 90
    201 222 134 1 121 40 165 26 85 104 92 24 123 138 182 206 10 135 147
    254 111 41 230 178 243 126 50 176 124 50 89 188 107 120 98 17 232 32
    100 195 173 179 150 68 222 76 107 130 91 212 15 212 225 185 154 80
    114 29 240 127 201 21 252 215 246 222 204 124 79 135 53 26 200 52
    225 6 53 192 215 50 73 224 120 23 209 150 185 196 68 160 196 32 138
    14 41 97 183 135 246 15 237 230 93 2 148 115 198 227 131 77 42 120
    10 86 190 229 97 246 177 229 220 104 227 67 239 114 80 101 38 7 61
    36 210 254 190 248 42 66 211 220 187 113 99 60 211 23 6 204 65 209
    239 210 12 187 33 56 207 127 39 177 78 158 87 100 30 122 160 254 233
    24 46 128 103 150 176 165 23 26 181 10 41 2 127 200 150 8 69 61 198
    6 91 70 191 225 80 169 164 72 176 190 129 137 134 3 145 63 23 178 88
    195 151 18 163 71 211 105 38 117 25 114 209 38 69 88 15 65 202 164
    91 48 89 135 27 209 96 117 54 134 138 39 235 250 108 230 149 170 119
    179 220 233 193 123 186 147 47 46 107 50 197 54 222 223 81 163 59 49
    132 103 130 126 24 14 90 232 64 124 141 25 53 96 164 43 37 165 114
    99 251 205 196 222 121 204 140 8 227 151 95 42 233 59 160 240 40 139
    219 252 31 182 146 175 223 100 253 102 44 199 10 137 164 197 36 141
    6 132 30 196 90 12 152 76 204 104 11 195 252 62 115 188 161 66 3 75
    147 43 66 69 29 72 90 181 108 72 182 25 117 245 144 161 137 201 79
    55 81 73 113 241 111 45 89 246 165 58 128 188 182 124 46 41 104 38
    160 77 64 243 162 82 38 158 117 102 52 49 61 136 210 87 146 219 162
    167 120 188 93 85 84 11 163 217 244 222 51 10 212 231 86 134 251 208
    28 82 191 174 251 113 197 239 9 33 4 151 31 106 169 64 168 134 186
    194 19 92 104 223 109 219 48 227 145 35 59 53 39 12 15 8 33 7 129 27
    226 156 187 185 32 85 73 117 65 112 196 151 109 154 208 238 15 16
    221 43 234 164 30 151 18 243 23 49 120 143 232 1 13 94 180 192 118
    119 119 6 169 190 197 228 59 35 81 18 45 103 40 201 241 145 80 137
    33 217 245 170 159 75 217 172 50 240 164 18 143 5 64 183 20 235 235
    226 208 79 191 4 181 73 147 43 79 98 103 41 152 221 192 124 162 215
    200 101 185 204 19 31 237 78 44 219 122 156 182 212 235 123 52 116 0
    75 19 203 235 139 113 74 38 81 77 173 198 75 241 187 107 87 130 197
    173 21 123 0 239 235 255 167 158 78 22 253 31 20 88 142 198 12 70
    144 249 163 111 56 40 72 244 126 184 105 4 38 82 94 114 240 105 21
    253 105 164 197 43 233 111 143 71 243 199 170 176 227 116 48 212 241
    137 70 94 170 17 44 46 27 28 207 60 224 169 96 183 120 244 143 148
    252 0 133 148 147 187 167 42 227 203 73 169 92 205 244 100 195 1 200
    234 220 160 97 61 90 64 213 192 31 24 227 65 162 67 210 23 19 154 32
    19 57 245 161 196 232 240 187 243 140 182 70 251 100 176 41 162 93
    72 30 177 130 84 78 37 40 196 124 39 36 64 192 244 105 18 119 183 60
    43 243 99 118 171 228 102 1 166 51 86 57 223 60 141 26 36 82 137 226
    103 135 188 36 8 62 192 77 24 64 23 137 107 69 255 169 7 143 22 158
    28 174 195 133 93 160 42 120 53 234 71 62 103 177 243 173 180 217
    221 181 40 67 214 129 107 10 139 229 50 128 178 114 17 224 113 93 40
    166 129 187 205 105 199 116 107 111 251 4 238 211 123 242 9 33 50 24
    241 196 22 25 30 114 210 207 68 84 16 190 101 234 124 35 33 24 176
    240 212 128 190 138 27 52 213 20 107 97 170 196 47 226 220 71 57 195
    95 42 129 113 243 56 31 149 61 110 28 192 237 16 92 73 95 108 194
    244 37 83 5 186 247 129 208 142 121 208 147 46 50 74 169 11 79 246
    198 203 34 15 198 23 189 240 143 244 251 63 73 165 14 144 135 156
    128 237 186 45 121 220 111 29 128 208 192 14 128 76 53 144 36 238
    120 32 108 144 132 15 62 153 24 41 245 57 135 243 249 3 215 145 93
    191 93 247 209 216 249 167 81 92 234 241 173 143 173 231 116 115 129
    9 16 223 233 24 2 169 141 216 92 27 139 221 245 127 166 32 5 92 29
    86 195 232 159 84 77 68 193 168 150 79 249 13 224 32 19 127 156 227
    34 129 207 54 0 40 33 247 94 39 234 134 48 51 38 130 213 205 237 118
    169 164 131 25 137 155 188 152 34 231 248 254 129 181 149 156 216 59
    9 157 177 171 128 70 234 251 66 212 104 112 253 36 181 14 204 171
    165 63 18 186 95 131 134 123 216 158 223 232 152 161 26 98 241 98
    194 7 120 39 76 170 96 46 75 24 156 224 162 20 236 242 43 73 224 166
    191 86 52 214 25 217 106 158 195 227 255 246 131 10 175 41 75 31 169
    191 81 30 150 103 63 205 96 193 217 116 27 236 241 35 47 140 182 169
    1 234 195 99 108 100 247 219 184 46 210 250 115 27 221 168 131 67
    199 54 116 78 225 91 42 134 206 155 162 127 98 1 103 72 41 21 114
    108 77 101 240 141 137 26 173 113 143 11 97 43 223 151 175 7 147 236
    136 198 13 25 119 92 49 207 15 46 68 80 119 184 21 39 26 38 78 232
    46 67 22 2 208 163 112 170 126 235 245 9 70 63 246 38 62 62 249 43
    100 155 216 161 141 21 206 94 246 71 7 233 225 15 150 76 114 98 88
    200 101 68 216 245 146 245 7 172 75 111 155 153 87 168 99 206 228
    212 91 228 91 34 42 123 189 9 197 148 175 200 104 247 80 59 8 171 10
    6 221 229 11 109 72 70 154 139 155 29 171 146 29 30 167 223 170 121
    137 108 119 196 34 225 85 191 222 71 77 197 237 58 252 16 59 172 74
    12 9 25 131 246 84 215 239 64 42 239 91 150 99 2 99 55 90 171 245
    131 159 32 184 185 183 109 230 4 234 105 143 73 8 18 230 26 171 241
    66 125 44 28 61 3 197 251 147 202 71 5 196 244 118 46 157 54 168 242
    127 151 98 61 36 18 0 194 46 87 103 45 113 76 50 125 222 9 93 203
    137 246 124 227 123 24 36 95 102 232 190 183 100 12 177 94 28 152
    127 201 77 187 133 33 184 151 0 122 132 239 123 181 122 47 66 76 130
    8 245 33 221 154 205 103 80 76 60 230 231 204 54 252 220 193 125 31
    40 48 153 166 127 249 252 119 195 130 44 148 254 75 166 138 224 0 20
    13 239 22 178 252 42 240 82 247 113 183 126 123 43 115 136 96 90 118
    52 1 3 132 147 3 38 112 184 149 14 222 100 153 128 213 113 198 72
    137 66 229 109 158 215 248 81 144 212 141 249 116 90 171 183 230 148
    55 5 215 60 118 217 87 168 29 126 144 155 139 237 203 184 88 135 227
    200 60 161 21 24 44 169 196 222 142 138 73 26 3 0 108 248 156 233
    115 122 202 150 40 42 26 158 90 154 100 253 245 83 21 147 227 57 80
    245 90 32 3 81 62 224 123 239 113 144 123 105 53 232 184 211 55 99
    90 170 131 178 190 27 98 96 234 79 109 69 115 133 57 180 171 197 122
    203 214 50 22 105 201 15 130 72 56 223 141 33 138 83 245 161 135 96
    99 146 59 189 124 76 232 185 134 129 171 194 107 243 10 82 45 60 171
    188 1 173 151 77 119 190 7 242 151 155 124 229 243 230 229 163 171
    135 161 107 102 186 202 85 206 219 121 215 179 226 166 133 71 123 48
    197 42 9 165 19 73 100 139 71 242 227 61 44 150 61 128 119 7 83 164
    229 185 197 33 47 241 80 255 165 129 191 73 201 128 206 167 27 139
    217 26 142 121 169 51 59 14 156 34 193 87 55 142 30 208 39 167 210
    142 84 190 72 191 78 90 157 91 85 134 193 240 248 60 68 254 150 96
    189 124 22 216 58 39 75 75 61 64 236 169 2 140 24 48 48 47 95 104 40
    24 107 46 20 119 148 81 127 160 200 116 106 104 68 252 44 88 98 34
    77 49 101 167 238 124 79 135 184 101 80 247 31 163 248 139 55 123 63
    187 131 155 101 255 139 152 236 39 229 97 26 56 101 120 245 122 250
    53 104 106 96 8 180 100 218 192 20 5 229 45 177 64 216 182 243 51
    135 85 30 197 122 130 220 116 88 120 62 226 80 73 245 77 156 86 3 77
    164 162 156 8 237 19 14 26 178 77 238 253 204 245 108 187 30 57 193
    136 157 203 196 228 236 182 173 194 103 179 113 74 76 84 243 139 140
    67 255 55 40 40 66 174 123 48 66 60 103 178 149 178 151 215 158 199
    167 13 234 60 178 107 24 202 88 221 121 130 246 95 253 181 129 62 18
    132 195 216 27 65 193 64 249 15 146 67 105 42 244 132 169 125 77 7
    54 184 35 102 189 244 0 122 36 139 61 216 238 125 97 211 228 30 197
    84 172 41 188 209 243 23 255 40 79 31 105 88 237 11 105 127 169 216
    197 118 76 33 168 171 127 195 82 254 0 33 140 187 37 112 219 153 117
    224 233 5 189 176 237 214 171 6 225 236 137 222 222 98 213 81 47 110
    0 244 201 117 140 167 24 42 29 126 110 123 204 114 11 215 21 250 188
    43 11 58 203 125 32 108 129 156 40 159 186 63 181 208 114 43 214 183
    137 11 156 236 68 109 138 215 197 81 215 156 0 217 134 45 226 230 70
    236 216 82 210 147 246 244 135 164 208 13 237 40 139 108 86 203 251
    197 62 227 227 222 246 204 6 146 16 24 53 238 89 223 235 207 2 143
    123 108 239 87 63 240 64 107 126 118 56 202 34 210 10 93 63 32 38 60
    176 36 176 105 196 82 181 0 111 214 207 202 105 34 12 154 113 130 74
    170 85 177 139 158 231 36 22 216 135 91 186 119 18 189 112 222 141
    134 13 181 120 19 247 217 104 25 72 202 13 137 153 156 31 80 90 148
    89 161 255 15 183 241 36 248 141 208 119 206 194 231 168 65 250 68
    46 163 64 66 173 173 214 144 96 181 94 67 221 10 235 112 182 81 25
    84 41 59 224 236 134 132 71 144 94 223 184 157 121 21 165 59 161 199
    121 69 203 192 106 33 43 54 14 244 165 111 125 36 214 93 88 45 129
    249 201 124 59 119 24 134 254 8 152 171 83 123 245 71 193 175 26 38
    67 33 73 77 48 127 40 137 254 130 134 28 42 137 108 243 173 248 71 8
    133 8 155 222 4 138 28 159 174 62 86 239 20 200 184 74 82 92 154 229
    105 211 94 26 90 64 243 80 220 181 27 91 29 224 12 118 96 95 168 46
    179 141 143 218 223 107 179 129 221 162 139 219 119 193 152 61 185
    53 247 51 18 224 176 77 176 16 98 54 135 76 239 242 156 169 230 217
    26 237 145 127 100 185 23 199 221 221 239 238 23 105 158 138 76 136
    48 185 99 127 186 177 126 33 126 5 252 181 59 248 116 28 13 184 142
    71 199 147 139 251 224 180 246 56 147 48 163 24 184 216 146 165 239
    207 183 238 121 205 247 188 192 254 103 230 164 12 19 160 237 181
    107 122 31 217 28 104 82 32 111 38 235 178 250 66 181 9 22 102 1 211
    27 127 92 65 237 1 7 143 113 132 185 156 86 19 248 119 243 137 79 73
    176 99 151 110 115 41 222 44 27 34 64 177 61 26 217 113 199 161 133
    160 170 200 39 249 89 200 166 203 13 122 129 235 109 202 240 171 120
    205 226 34 145 69 149 137 6 37 63 210 150 112 173 19 155 162 27 168
    107 47 48 128 138 160 145 154 199 14 10 9 239 225 247 62 160 59 163
    124 124 238 222 231 254 66 80 142 133 56 161 167 193 53 90 146 164
    172 47 111 77 203 231 177 0 111 113 162 209 239 223 51 117 77 114
    186 18 14 132 22 0 104 212 141 215 144 89 92 74 176 244 180 249 34
    127 29 187 129 62 212 226 217 59 168 255 3 8 20 218 103 192 136 28
    22 192 145 244 241 141 15 156 251 126 248 111 132 188 234 119 164
    221 34 39 49 44 184 226 89 36 75 146 82 100 191 203 129 165 80 167
    38 54 122 49 101 93 80 247 158 89 23 193 26 177 70 160 72 103 228 25
    201 11 1 29 34 222 43 65 57 5 28 57 109 225 86 209 78 62 198 15 204
    152 8 248 55 208 236 76 62 37 212 11 44 228 138 5 149 95 246 191 47
    71 161 169 83 41 139 197 132 243 85 192 220 72 147 77 16 208 148 197
    119 52 112 67 69 39 142 247 57 157 29 104 6 49 11 94 29 180 213 69
    195 96 85 37 182 129 118 117 77 103 200 202 69 179 161 225 137 9 68
    19 27 222 219 251 125 204 206 192 151 175 38 224 123 84 139 240 37
    216 190 18 163 73 104 123 250 110 215 63 130 153 134 197 77 199 133
    185 66 221 202 94 89 179 162 62 107 107 137 20 50 179 250 69 199 139
    79 76 35 156 254 47 224 150 240 244 59 14 105 235 110 23 166 104 3
    132 230 137 45 33 70 82 185 39 94 157 116 103 89 221 16 20 166 166
    123 99 212 2 150 154 163 131 152 127 212 198 225 217 179 23 157 156
    118 209 162 238 209 198 69 189 120 104 116 173 176 242 4 120 213 66
    143 123 19 126 62 121 139 166 176 205 217 209 21 115 221 44 222 146
    209 217 3 58 31 238 60 98 157 98 90 64 208 234 144 51 204 26 15 150
    14 24 41 30 71 36 222 30 220 38 109 239 88 112 93 94 146 113 237 159
    10 200 161 208 183 77 57 60 119 48 164 181 86 86 215 6 253 169 26
    202 41 200 172 40 7 140 58 38 112 161 154 135 57 205 26 120 34 111
    239 74 51 49 42 67 145 38 228 188 177 21 164 210 127 22 135 52 217
    26 126 168 214 214 165 95 150 8 157 176 204 174 30 106 66 147 67 82
    133 70 188 236 78 5 33 145 72 97 26 52 58 145 26 122 40 143 255 42 7
    8 152 243 123 61 118 58 60 144 225 55 159 219 11 65 17 107 182 106
    129 89 202 198 239 133 190 106 191 231 210 23 101 234 95 245 145 109
    89 75 68 7 126 227 245 222 136 146 162 223 118 186 177 66 23 200 243
    97 19 102 60 224 119 192 126 3 38 146 28 166 123 15 96 84 174 250 22
    10 20 8 123 218 47 207 162 131 118 141 233 114 80 121 132 110 25 98
    53 86 219 50 88 202 19 189 154 2 255 70 14 165 55 239 74 123 75 80 7
    146 207 66 90 106 42 231 232 149 184 11 246 230 112 91 203 223 161
    109 213 66 127 245 94 241 139 2 182 217 0 156 92 22 124 82 16 231
    105 109 188 216 106 231 147 218 90 60 135 49 169 144 186 25 131 71
    217 168 31 143 84 57 72 224 3 213 115 183 50 251 32 35 202 200 161
    19 242 155 190 144 96 68 88 65 186 73 224 15 130 127 105 239 214 118
    209 134 119 225 246 187 122 32 219 23 169 39 106 144 56 23 53 67 154
    40 224 170 147 54 135 203 88 113 67 185 82 215 124 59 71 84 250 186
    26 107 135 219 153 10 108 50 253 31 218 104 63 61 12 155 177 6 88 74
    62 245 239 165 84 61 144 249 27 109 239 159 131 58 50 202 156 125
    235 59 93 245 60 54 116 132 66 101 54 132 246 218 247 142 61 30 27
    34 207 71 103 229 63 146 209 59 49 238 179 69 79 22 53 158 20 253
    187 254 169 56 141 231 149 193 9 73 12 83 115 124 169 107 102 204
    148 24 232 70 92 6 52 185 244 57 228 79 37 225 247 183 169 250 83
    153 226 212 51 145 164 8 167 159 145 236 7 98 232 168 75 47 29 68
    110 203 173 225 165 159 148 232 152 73 254 139 38 57 86 12 133 238
    146 59 141 85 172 188 199 245 72 227 13 57 212 18 126 54 244 76 180
    27 225 253 176 83 109 116 84 68 35 226 77 228 95 26 94 218 69 191
    164 78 226 98 35 134 23 85 128 126 75 182 167 76 226 196 44 217 90
    138 214 121 72 90 161 200 198 95 21 170 133 76 39 13 10 62 202 7 72
    158 27 133 178 224 143 156 148 83 101 254 110 165 133 168 158 38 245
    128 133 206 207 11 212 235 195 250 14 111 122 4 60 164 88 93 203 85
    21 124 245 214 124 56 240 136 159 50 49 22 7 1 223 103 172 214 166
    197 78 84 151 22 137 5 96 118 1 100 131 236 211 159 215 19 245 175
    129 203 36 107 165 210 130 33 25 54 19 253 50 208 81 249 254 189 108
    2 52 163 255 232 201 109 63 130 1 92 87 60 101 173 138 62 235 102
    215 208 122 186 177 173 69 216 152 98 72 80 5 175 21 118 149 197 156
    55 100 149 181 54 105 38 103 53 173 143 198 90 3 170 173 124 73 162
    75 30 134 173 148 143 200 94 68 188 12 161 198 105 243 199 142 234
    79 101 70 100 171 231 210 125 241 51 38 134 108 178 230 189 214 245
    172 172 114 222 163 41 250 21 237 212 178 152 169 193 246 50 245 248
    49 95 159 34 241 216 131 210 63 163 237 50 131 151 14 228 114 102
    201 239 12 177 176 195 11 9 217 19 35 59 114 84 56 3 49 2 66 90 212
    102 155 18 145 75 136 216 184 45 70 77 180 151 173 122 125 167 173
    236 6 109 71 45 202 104 240 237 154 157 136 233 190 133 234 211 17
    223 25 213 237 243 244 126 42 2 223 29 88 15 255 27 249 16 133 222
    48 250 47 167 38 87 56 255 87 249 96 166 109 40 29 156 10 223 239
    139 32 123 120 101 125 53 229 98 17 69 204 36 38 206 197 69 230 190
    123 231 92 77 235 243 136 203 56 144 135 227 237 91 56 211 91 232
    182 31 50 42 56 28 85 7 146 195 239 141 210 93 9 220 147 74 247 71
    16 81 12 9 146 188 141 214 195 255 41 18 46 213 151 156 238 76 78
    237 194 231 58 163 46 176 201 6 246 38 158 204 139 184 93 20 65 214
    167 226 66 87 40 136 32 165 90 48 99 158 78 24 217 65 147 107 170
    171 48 170 73 189 112 207 248 233 154 165 14 160 184 253 101 190 36
    227 151 44 245 189 67 249 62 89 164 49 140 206 231 118 147 182 133
    238 225 251 78 208 215 113 41 138 111 175 141 130 69 35 172 30 6 165
    241 200 161 30 122 214 92 78 24 223 75 12 224 85 34 69 77 134 153 40
    101 103 236 220 137 224 113 126 41 120 58 202 16 45 117 71 168 169
    11 118 179 205 179 228 226 200 23 241 211 14 2 219 249 233 135 81 83
    167 113 95 229 124 162 146 239 43 142 129 11 220 141 240 25 168 249
    141 30 57 46 151 98 215 243 111 6 134 137 47 53 127 61 66 36 118 188
    50 102 131 36 16 113 182 138 23 240 49 111 253 91 248 139 199 87 93
    170 40 164 75 170 122 125 124 178 74 134 140 211 34 168 182 4 217 58
    170 239 33 85 97 233 232 86 64 149 198 48 135 187 128 194 153 252 17
    127 146 231 166 9 255 100 57 212 26 163 105 104 21 147 101 15 56 14
    68 209 160 108 222 76 187 220 255 138 3 114 234 36 177 229 198 152
    87 174 243 4 247 246 127 49 109 117 23 127 37 246 38 183 36 30 15 31
    78 49 182 11 252 108 127 186 249 27 127 141 208 1 233 125 63 174 51
    130 69 18 1 118 150 179 88 219 121 71 66 211 99 211 181 133 38 15 19
    68 190 137 157 19 32 45 49 232 11 156 68 68 19 123 228 34 53 134 101
    172 6 184 190 127 237 139 68 127 227 129 253 253 134 198 104 79 182
    12 36 64 240 10 30 48 96 11 170 238 90 150 83 16 183 128 254 13 177
    208 149 252 166 157 175 174 61 7 157 77 232 64 87 75 191 151 221 179
    245 248 102 97 177 172 2 235 29 17 230 140 1 170 162 171 191 202 249
    242 149 220 154 170 180 98 163 25 214 186 73 127 27 175 168 223 112
    57 98 179 12 89 127 121 175 176 80 54 114 7 93 204 124 254 60 111 3
    158 124 117 178 246 148 254 37 73 244 36 149 130 206 184 24 134 17
    179 193 85 168 184 8 77 225 15 65 230 159 39 193 82 175 19 71 149
    197 13 180 1 2 138 152 126 99 3 121 215 19 137 41 111 42 73 65 92
    169 220 249 246 60 16 37 165 37 11 253 214 47 138 113 119 20 241 234
    236 204 183 39 68 253 84 147 198 20 131 249 255 49 192 235 223 84
    141 208 166 29 213 156 43 232 224 112 134 252 59 197 42 131 111 73
    87 80 173 180 81 254 117 105 139 228 24 125 163 25 212 207 74 32 159
    212 83 207 114 67 241 254 68 68 156 20 0 208 117 224 144 156 6 152
    244 130 231 95 165 133 39 116 98 13 213 234 245 119 64 60 209 248
    235 9 141 234 76 146 117 190 7 208 81 108 158 227 14 145 189 17 135
    233 171 31 80 93 115 9 234 246 253 144 149 60 40 93 156 234 68 0 186
    155 110 50 229 198 237 5 138 184 118 42 225 99 182 177 52 112 76 47
    109 47 129 17 17 196 19 22 44 183 192 74 16 201 153 59 107 62 48 16
    221 141 38 136 60 192 115 75 239 197 167 168 61 249 20 255 170 157
    195 36 240 96 206 137 122 52 67 176 198 71 147 127 77 31 41 21 36 68
    95 130 9 169 115 168 62 167 134 30 207 67 139 31 13 180 52 108 172
    200 121 161 249 51 158 210 145 72 36 7 110 81 103 111 74 163 133 239
    76 171 155 84 181 217 75 49 15 65 190 127 58 7 22 75 136 166 205 230
    200 7 183 143 10 5 49 239 146 245 175 197 47 196 183 139 132 63 80
    21 125 37 171 230 104 210 156 152 188 89 197 2 208 234 170 54 178
    122 91 135 163 189 214 128 27 148 24 42 117 40 209 61 98 15 110 194
    104 109 79 29 69 65 140 69 146 111 31 249 90 233 190 11 183 14 109
    216 188 50 96 147 42 236 131 99 123 38 187 68 142 130 246 15 121 85
    182 231 10 228 110 224 180 200 172 85 16 114 76 200 185 61 29 72 7
    155 197 74 42 242 82 139 97 165 187 21 179 210 66 156 202 157 55 73
    231 180 110 122 229 103 33 44 206 45 144 132 253 189 213 239 5 194
    161 96 162 245 38 212 122 223 21 27 99 46 7 129 57 254 216 61 217
    224 239 153 21 58 179 144 58 227 231 46 159 194 133 41 141 88 26 116
    7 217 60 68 117 116 157 211 48 163 38 107 79 222 162 150 35 50 174
    131 22 146 225 82 62 146 105 59 133 187 78 131 213 189 239 202 39
    146 134 50 239 73 42 136 150 48 14 151 145 150 76 44 170 26 98 113
    125 242 239 200 184 236 219 214 226 154 68 181 101 179 139 122 0 105
    119 125 148 199 26 98 109 198 80 39 37 35 217 145 194 170 77 79 124
    40 62 165 15 105 128 225 7 9 147 122 228 74 161 129 66 227 59 53 249
    191 43 152 55 253 216 134 194 56 127 90 115 214 108 38 204 128 61 29
    94 223 172 100 228 229 158 237 200 140 216 143 141 156 139 168 213
    10 47 61 139 198 226 58 44 59 45 191 165 152 148 94 220 236 211 74
    161 179 187 166 217 27 251 142 48 32 170 101 247 123 142 185 7 88
    224 133 55 31 119 34 110 248 20 226 47 45 98 197 32 60 28 47 140 180
    162 77 228 53 80 48 227 30 94 86 129 168 85 118 137 8 2 131 115 152
    216 43 242 213 193 228 103 160 97 38 124 132 5 96 28 53 47 194 241 5
    99 102 155 62 199 245 202 170 108 154 168 169 86 180 128 26 22 165
    115 36 125 51 121 47 95 104 193 160 200 251 84 248 181 88 203 226
    248 70 154 156 104 211 109 90 94 181 127 95 124 56 243 39 235 133
    119 1 54 159 7 11 211 64 148 224 158 62 123 129 86 198 176 10 114
    117 84 100 59 146 35 246 173 48 192 228 101 53 151 195 229 247 59
    247 141 39 59 112 16 98 13 134 235 28 55 120 85 42 41 74 104 174 120
    8 229 69 171 243 224 75 74 212 224 215 168 158 171 152 16 108 190
    241 159 119 54 193 72 125 240 254 217 87 236 69 168 114 211 238 225
    183 191 84 75 43 144 147 8 104 3 38 210 91 109 182 135 130 82 152
    182 106 211 115 203 50 6 111 37 250 40 84 33 147 26 245 66 11 171 88
    121 101 245 62 8 105 150 226 92 131 131 218 4 134 77 180 80 74 188
    180 201 149 159 88 26 189 226 112 174 251 82 39 118 185 219 141 15 1
    122 157 52 211 109 169 1 139 120 9 56 41 2 206 45 99 253 79 235 96
    24 229 143 240 212 47 27 10 178 208 1 247 227 211 97 47 12 251 38
    171 36 243 129 88 106 143 238 17 232 101 177 69 164 62 210 56 191
    250 96 20 222 102 220 64 85 221 200 56 78 23 65 244 220 184 208 57
    175 213 163 132 167 137 42 224 41 132 157 93 37 187 186 169 117 100
    141 24 124 23 193 88 117 236 242 34 45 132 202 45 33 141 253 91 227
    204 1 133 146 49 95 145 22 19 204 161 140 119 188 204 198 145 241
    137 34 137 18 69 93 174 227 18 196 213 48 13 233 99 32 244 78 149 8
    107 64 210 0 187 169 199 225 196 212 64 246 144 111 253 199 247 210
    70 181 119 203 17 109 149 118 115 46 129 127 205 103 77 57 32 12 66
    203 6 6 182 174 222 221 4 72 229 28 11 5 241 59 205 184 23 142 101
    211 247 5 200 122 19 122 230 178 63 74 243 7 167 213 51 96 102 149
    116 49 239 80 184 245 131 165 147 172 43 246 243 76 1 2 169 61 83
    219 62 133 161 168 125 32 199 187 243 213 160 17 158 186 233 167 214
    144 70 0 160 106 66 228 8 120 120 215 65 164 112 40 212 155 220 88
    197 52 68 169 82 246 184 39 152 81 205 198 114 252 127 165 239 18
    118 70 107 33 61 59 215 131 248 25 188 46 12 18 69 181 255 35 243 8
    146 208 243 243 223 93 202 157 36 129 166 122 49 20 81 111 114 104
    248 154 8 70 24 174 148 216 70 194 243 80 196 81 230 222 42 45 90 20
    196 81 121 80 122 99 84 34 247 132 211 242 16 247 193 106 110 223
    135 102 173 154 78 128 79 245 226 116 233 12 152 184 209 106 158 89
    129 0 239 55 45 144 46 11 180 106 227 186 124 167 73 236 122 20 100
    195 142 214 251 116 155 160 58 16 36 38 252 109 179 57 50 33 139 250
    250 189 135 106 23 235 63 139 143 244 95 178 238 64 140 81 214 178
    33 164 83 206 55 19 72 113 142 34 220 22 186 34 194 132 194 51 244
    20 91 252 8 111 230 206 167 38 159 57 215 141 229 223 77 33 155 236
    134 229 0 223 53 167 54 64 235 28 23 251 116 218 47 195 95 244 97 55
    161 248 251 243 142 148 81 86 206 57 45 247 110 83 133 66 13 208 59
    48 225 200 127 15 184 190 209 155 59 60 66 113 246 240 127 155 19
    193 140 151 209 85 161 220 121 14 226 43 236 71 39 192 217 238 250
    47 40 225 231 163 67 60 128 106 54 123 190 27 64 75 167 200 120 22
    74 40 98 8 177 195 106 249 87 66 137 176 189 107 74 135 186 250 69
    87 75 81 169 223 206 148 35 53 255 225 132 221 110 17 223 227 161
    204 85 219 58 198 19 240 120 153 101 211 119 0 168 121 28 206 5 235
    244 192 203 187 141 182 135 225 58 139 180 133 195 46 222 88 167 62
    104 80 226 69 147 253 72 6 94 76 219 139 183 153 83 38 52 217 93 119
    88 18 160 237 32 56 193 102 88 121 142 114 29 101 202 18 17 141 59
    106 178 206 72 111 93 231 152 53 215 22 63 173 229 110 46 69 159 231
    13 115 213 165 84 42 163 206 108 250 57 151 82 199 16 93 147 27 144
    47 248 56 183 33 68 131 87 159 250 68 156 95 28 155 209 238 92 242
    198 11 213 59 185 17 160 90 54 112 167 63 187 197 26 130 215 1 66
    126 223 93 93 175 149 28 67 145 148 155 101 171 47 75 107 51 222 251
    9 47 206 92 73 240 178 155 16 86 223 123 172 114 237 121 250 5 18
    231 117 33 198 29 49 58 139 60 155 136 223 27 29 37 106 137 67 29
    170 191 218 231 179 230 224 157 50 142 226 50 223 218 61 161 231 220
    71 78 168 206 112 154 136 10 148 143 5 135 22 201 96 44 142 46 228
    120 86 123 229 38 98 15 14 99 213 112 85 45 1 237 113 76 233 163 79
    130 79 205 247 59 227 252 225 184 241 145 163 251 137 154 107 43 87
    200 178 2 99 118 249 253 252 197 129 113 45 189 238 109 104 157 160
    50 156 221 87 254 177 29 158 196 158 180 219 144 234 3 250 224 57 90
    86 172 149 121 116 102 38 178 90 246 145 219 35 189 223 130 227 176
    106 235 201 216 88 99 139 216 14 51 190 225 221 14 155 81 60 50 25
    194 121 149 79 31 175 25 233 188 86 135 119 126 176 34 92 127 83 134
    246 30 203 34 129 125 180 89 123 45 18 74 130 103 142 156 68 68 105
    224 138 174 15 190 63 186 175 250 239 227 178 85 254 162 11 26 234
    28 25 4 251 87 1 198 148 216 209 19 242 5 98 89 147 3 231 95 52 20
    66 181 114 112 48 88 105 95 51 249 18 24 67 34 47 95 3 151 236 95
    187 73 174 171 238 36 92 197 8 213 238 164 30 140 16 186 33 72 39
    214 21 174 250 250 54 0 243 189 138 225 61 181 226 157 203 235 170
    99 97 110 236 69 214 20 113 172 134 237 241 43 246 87 128 49 64 209
    46 177 114 131 128 181 59 114 185 62 125 183 241 30 115 176 252 43
    180 48 106 98 43 50 239 111 17 212 194 63 111 75 89 234 99 102 206 5
    149 208 69 9 13 40 176 14 87 133 143 46 59 36 211 120 207 203 237
    158 227 120 54 80 80 57 219 116 172 206 50 64 102 229 141 21 138 133
    156 57 225 97 158 105 246 186 70 166 68 5 6 146 130 49 63 213 39 50
    53 113 137 15 220 236 211 38 25 83 21 242 155 212 197 132 117 216
    215 21 150 57 175 112 31 196 53 187 182 76 216 211 210 152 105 55 66
    59 230 234 246 218 226 240 140 226 220 57 156 102 72 248 78 165 2 75
    82 60 253 34 4 52 35 221 114 144 103 15 15 150 102 121 247 205 170
    238 58 1 213 205 41 10 130 206 215 144 178 90 35 233 38 78 183 21 62
    185 207 169 164 42 17 178 172 93 48 155 36 229 29 30 24 39 33 151
    237 57 134 181 193 115 133 107 234 34 128 243 183 194 91 192 181 204
    11 31 180 131 179 57 66 223 88 148 170 111 1 67 47 238 237 230 73
    118 242 110 124 134 29 205 6 144 67 18 35 86 183 223 149 223 203 207
    238 90 9 44 117 139 154 16 0 169 118 62 142 109 23 251 161 156 204
    160 83 63 172 223 138 154 146 242 168 166 89 188 50 144 133 181 85
    116 238 96 27 192 62 169 239 242 97 173 91 156 181 155 20 30 22 155
    47 102 105 250 106 254 150 206 242 9 51 181 0 103 186 123 76 85 211
    243 125 239 236 85 218 203 18 240 18 19 138 83 176 91 0 179 166 22
    203 130 165 191 31 182 247 107 202 228 147 150 13 194 169 121 204 41
    228 81 205 25 66 206 84 152 107 223 86 138 203 250 215 54 68 182 135
    144 251 57 180 16 176 150 98 82 220 173 162 253 180 198 158 10 158
    196 75 13 218 57 45 79 199 65 174 14 148 241 254 58 17 30 10 199 65
    85 106 199 40 141 33 157 120 94 30 91 123 129 159 101 12 155 238 4
    121 97 199 161 142 248 10 166 160 212 95 18 250 235 91 187 112 72 48
    50 21 149 37 171 75 37 245 112 208 62 107 178 72 88 52 212 20 93 235
    174 72 159 227 239 147 98 212 1 223 154 55 199 46 125 183 111 149
    223 20 114 119 197 71 81 132 51 20 61 143 182 3 15 24 32 42 182 131
    217 133 156 12 18 59 0 174 196 5 131 232 64 84 80 180 72 138 240 184
    245 181 113 181 70 171 112 226 47 216 207 16 23 214 222 159 251 196
    117 115 228 55 147 74 98 8 112 233 13 79 13 186 130 114 168 88 234
    180 69 109 211 177 62 197 238 32 27 136 77 230 162 56 62 193 91 254
    134 91 126 64 108 67 246 174 238 198 207 135 231 178 71 214 105 59
    136 107 245 112 237 8 65 194 134 184 218 244 9 33 64 27 170 72 239
    163 248 115 181 156 99 213 239 179 126 52 55 202 70 171 243 232 103
    79 18 15 9 171 170 223 156 161 163 154 80 91 44 16 200 79 176 87 114
    111 164 13 14 244 155 81 65 159 37 44 235 164 48 190 203 178 81 166
    62 180 184 119 20 88 117 39 42 192 169 108 28 50 139 4 17 35 20 224
    56 234 239 167 205 203 5 20 236 60 87 104 211 55 118 129 24 32 80 80
    50 29 253 194 213 251 92 109 84 177 133 73 112 145 133 0 130 182 81
    62 11 237 68 227 115 26 128 194 3 141 235 233 131 237 20 147 48 12
    190 20 5 187 147 92 204 123 112 177 80 195 62 223 97 120 188 58 208
    74 69 158 217 123 200 28 60 18 155 243 203 66 201 52 0 168 224 232
    168 154 238 132 177 78 76 40 227 149 224 107 120 138 173 2 229 23
    120 243 212 69 226 175 44 86 28 219 24 34 209 3 41 81 188 126 147
    145 136 123 189 88 180 89 207 113 170 165 35 107 153 67 168 219 175
    222 66 233 181 196 204 34 127 55 207 46 97 68 142 200 167 131 67 211
    93 52 33 77 133 185 76 162 239 241 67 205 186 99 106 250 197 120 139
    110 94 248 118 196 194 137 6 73 120 77 201 246 0 217 42 20 16 152
    231 177 49 161 88 130 11 167 95 45 211 233 112 5 41 161 194 255 2
    226 74 168 11 122 213 14 234 59 112 118 165 79 134 132 237 248 128 2
    189 77 35 84 61 176 97 44 238 129 146 75 61 189 147 80 139 159 63 59
    73 15 135 36 253 33 155 92 15 13 227 52 132 134 105 247 36 90 233
    166 103 238 192 193 89 136 239 66 222 158 223 192 154 173 182 108
    145 185 51 136 219 53 227 222 190 160 172 127 189 13 205 53 251 120
    164 91 100 194 38 81 9 74 42 56 154 3 49 203 223 145 171 45 223 186
    7 213 234 13 188 128 125 69 228 171 114 27 99 172 114 219 57 231 31
    90 88 128 126 207 39 68 160 51 67 171 108 85 14 164 6 156 63 63 252
    235 98 230 29 244 120 177 55 160 172 191 15 165 85 160 110 240 188
    66 78 153 232 2 72 182 72 155 177 3 223 205 119 123 71 64 193 220
    117 153 155 108 205 28 73 92 251 7 195 248 102 14 247 155 243 148 75
    152 181 94 34 18 147 167 49 58 247 45 129 48 184 211 9 170 69 148
    147 250 255 24 249 213 219 153 35 210 218 254 70 206 159 199 192 54
    96 35 227 160 194 209 69 9 253 23 154 135 219 181 140 235 44 166 54
    10 166 36 164 241 221 24 87 201 3 72 186 172 136 51 27 45 190 213
    244 93 125 88 184 47 140 62 75 97 5 252 218 24 242 194 151 227 26
    127 249 21 68 100 255 171 176 90 203 29 102 154 29 70 105 218 219 27
    22 45 226 215 83 38 179 105 25 40 151 16 22 245 15 151 82 159 231
    194 255 203 83 103 181 57 235 105 74 3 63 10 169 216 167 170 66 102
    222 166 203 95 246 69 72 3 113 223 79 248 62 65 133 14 154 98 124 40
    162 23 248 48 31 24 245 194 26 101 4 141 31 182 184 3 203 70 5 246
    65 33 38 190 152 118 234 65 26 111 209 102 27 218 118 201 0 79 86 13
    123 27 73 26 189 141 175 68 42 245 171 165 185 228 119 64 36 21 81 4
    110 219 183 216 102 186 75 37 165 127 76 63 22 100 31 116 212 50 186
    219 227 33 181 233 239 228 29 65 40 181 37 220 228 160 132 194 217
    126 253 48 60 133 252 29 145 28 169 236 122 62 106 65 157 11 212 25
    29 74 216 53 143 236 74 45 113 103 208 177 138 137 223 162 173 168
    79 4 6 95 219 177 233 68 249 254 242 89 50 181 50 182 142 22 149 24
    12 8 44 107 133 120 159 233 73 85 126 180 59 229 109 127 216 216 124
    186 217 3 118 169 106 48 87 33 121 43 139 67 252 53 91 128 86 27 244
    243 194 119 189 116 131 149 5 42 237 243 122 241 186 254 52 195 63
    200 132 232 202 219 108 123 131 232 111 147 148 194 54 161 155 192
    199 74 102 110 195 85 169 200 241 48 211 192 204 214 17 122 244 157
    243 225 59 9 5 191 176 32 101 177 245 131 35 78 193 202 187 70 88 79
    3 140 111 145 15 203 46 123 240 205 19 246 66 176 237 234 39 134 80
    87 168 192 111 60 31 31 226 17 187 109 26 16 5 22 212 19 59 98 165
    29 128 5 50 133 84 69 84 3 115 161 239 168 174 61 83 107 135 171 190
    195 8 31 20 200 33 124 146 185 181 164 221 43 42 73 217 1 184 173
    167 245 64 229 205 114 23 248 169 116 18 121 145 14 1 60 16 128 195
    67 54 18 73 126 127 195 229 61 113 206 74 228 74 172 150 90 156 87
    26 194 32 37 37 204 178 103 232 53 10 107 242 181 229 137 153 22 176
    214 29 186 253 200 106 58 53 174 163 214 168 54 116 30 165 208 40 37
    199 20 107 138 81 130 57 218 49 108 205 211 188 235 137 162 166 91
    52 160 173 161 244 124 104 155 1 121 59 55 237 208 16 126 124 26 86
    165 38 126 94 224 75 249 39 202 49 214 255 53 119 24 235 253 255 47
    75 87 192 27 123 74 70 201 112 173 186 162 177 4 27 126 212 196 58
    157 67 18 223 40 150 124 187 219 66 24 13 55 107 129 54 244 51 192
    228 84 66 128 161 104 233 39 121 93 147 6 248 112 98 158 12 181 240
    84 104 75 245 46 141 97 180 82 23 152 1 196 201 14 189 75 105 98 163
    43 65 90 185 28 247 190 116 37 207 166 12 255 77 240 67 148 99 146
    219 194 189 135 83 4 158 89 57 181 230 151 249 99 6 79 212 78 125
    244 70 210 46 21 134 54 117 107 168 141 46 214 204 168 37 99 132 157
    165 105 78 59 3 48 69 20 180 174 132 126 105 122 178 178 241 63 214
    82 14 216 176 248 67 235 59 38 167 254 247 104 249 10 87 153 15 245
    181 247 245 169 67 118 149 253 222 228 223 91 32 95 202 132 156 188
    168 52 108 159 176 90 213 126 49 231 79 226 87 18 148 149 149 205
    190 193 229 33 172 219 3 178 16 17 77 66 64 171 43 196 165 131 249
    241 251 211 125 237 90 250 78 45 184 72 89 2 175 185 211 239 41 1
    108 123 94 100 82 128 32 118 217 26 103 148 124 179 92 241 163 151
    116 34 111 134 92 146 66 168 84 62 52 248 139 18 251 63 177 139 223
    192 107 249 90 18 35 112 95 170 123 151 129 34 214 31 32 139 89 22
    177 34 12 220 95 21 31 97 111 208 61 240 67 58 132 123 177 141 38 29
    175 169 162 218 221 222 78 216 160 226 170 183 62 177 114 217 19 236
    98 57 204 132 178 210 54 30 46 202 51 44 23 71 212 47 155 201 78 231
    170 77 145 116 210 95 217 107 76 148 67 188 3 120 70 4 63 184 235
    149 28 243 220 40 80 123 234 143 210 234 40 77 11 44 165 155 213 183
    3 190 217 25 150 8 254 147 133 174 57 139 72 253 251 24 240 22 133 8
    108 2 92 10 125 230 94 61 225 10 166 243 43 145 147 155 87 123 193
    114 137 240 135 135 217 57 83 54 98 109 115 70 94 63 155 115 76 23 5
    122 73 82 4 136 225 150 71 106 48 197 105 115 198 238 66 215 112 240
    152 77 112 216 66 169 245 35 31 133 45 209 140 19 194 179 142 203
    111 77 202 98 88 152 142 115 117 108 240 197 243 59 47 46 78 60 198
    250 157 182 11 9 91 251 228 221 216 152 80 68 34 69 150 138 169 215
    55 188 43 171 143 67 41 4 232 176 234 236 70 162 181 80 134 109 209
    9 93 10 199 113 18 175 48 25 190 202 93 195 191 203 64 244 135 14
    199 130 24 6 121 94 152 188 206 188 44 200 6 88 87 220 151 169 10
    158 233 48 212 37 41 122 204 227 214 141 0 230 38 202 111 71 2 20
    238 115 15 138 205 186 104 137 135 186 168 244 43 249 49 3 142 101
    36 90 119 21 189 41 220 111 98 168 17 245 183 116 101 51 109 29 200
    44 46 80 220 42 224 222 91 86 57 95 119 233 39 37 66 67 120 251 241
    3 251 245 115 31 126 18 64 199 235 146 41 75 242 5 125 148 23 180
    159 85 223 207 136 68 154 69 164 24 147 199 176 16 33 226 39 161 150
    251 79 102 21 96 155 195 207 176 155 26 20 233 20 8 173 64 173 60
    211 175 48 233 1 84 169 215 144 146 121 110 28 217 254 182 188 111
    239 172 46 67 72 170 222 47 210 88 106 227 122 61 154 124 246 233 89
    177 84 139 91 15 172 241 27 86 42 113 197 83 243 13 80 125 30 136
    142 2 222 127 27 65 154 142 162 183 215 226 135 144 151 243 3 255 1
    86 171 67 166 183 125 0 38 27 103 230 133 170 90 94 1 7 164 109 12
    219 219 195 9 63 146 158 110 108 59 185 179 182 23 16 82 202 64 222
    65 146 142 6 119 165 165 49 245 56 26 6 214 187 124 237 89 2 24 19 4
    38 11 186 186 4 163 225 207 250 96 233 19 164 134 186 222 125 178 5
    235 98 40 254 62 17 48 145 131 180 67 135 210 57 123 88 17 141 5 74
    60 94 193 142 1 151 138 243 36 245 124 199 4 15 181 61 145 148 79
    193 164 142 21 151 179 243 209 242 238 8 1 161 253 230 135 94 20 187
    6 204 145 26 51 88 124 38 205 252 71 205 240 35 88 207 104 200 119
    78 201 197 214 61 213 236 110 41 180 254 77 96 202 70 5 35 22 73 174
    225 72 37 114 165 208 4 113 98 87 43 230 220 245 50 159 245 168 104
    109 225 33 25 70 141 208 140 45 162 96 211 106 163 29 170 206 83 106
    207 118 197 56 13 53 181 192 41 115 216 119 36 157 243 44 154 107 92
    247 150 227 181 61 138 173 230 1 129 161 236 232 168 34 74 84 93 59
    131 31 16 249 180 0 159 217 225 236 76 123 203 46 3 167 10 98 190
    100 30 34 196 1 250 79 238 193 196 62 121 156 206 33 77 14 58 47 132
    220 135 137 145 152 221 59 238 179 180 145 202 143 67 164 9 222 63
    43 211 70 221 94 202 241 229 70 168 105 48 62 208 104 216 43 116 212
    122 238 73 169 5 164 39 226 232 224 94 3 53 231 20 199 154 70 138 29
    41 219 167 241 116 175 11 30 164 40 49 41 225 196 33 156 49 134 197
    187 90 144 18 206 196 73 200 166 202 175 106 199 42 79 151 160 87 16
    61 182 116 160 215 164 228 103 189 96 47 239 136 23 133 245 56 162
    181 129 185 183 177 104 66 203 76 189 204 140 94 114 2 168 233 5 254
    63 127 78 120 139 245 27 93 144 45 235 252 101 155 136 228 206 148
    139 204 158 102 78 4 208 249 250 147 127 54 198 212 250 3 146 247
    167 137 24 28 23 182 92 46 41 188 241 220 192 127 65 80 191 32 119
    189 99 119 37 221 52 68 185 33 119 211 219 245 92 27 90 16 170 122
    39 70 166 223 171 241 43 140 21 6 34 114 251 162 198 252 57 167 59
    99 202 151 37 70 246 103 27 178 11 251 213 183 202 181 220 10 223 7
    231 229 86 12 123 85 200 121 174 36 30 120 5 243 70 102 158 94 118
    137 160 218 70 225 56 31 253 133 146 75 50 232 19 205 12 16 41 147
    165 84 161 250 7 85 88 105 240 95 24 238 61 55 69 60 111 80 246 181
    51 11 125 234 236 212 55 94 143 199 252 46 12 45 255 29 146 61 182
    215 244 253 242 154 122 60 237 181 135 78 239 129 160 36 91 106 124
    78 25 232 230 165 253 177 9 105 188 143 89 96 203 183 52 75 125 77
    134 147 0 15 231 37 49 56 226 21 249 93 97 199 76 136 164 222 25 104
    46 63 164 64 31 24 30 140 216 12 209 82 107 225 41 5 28 53 115 215
    197 192 239 46 217 170 81 166 98 121 45 133 199 239 29 58 20 90 3 36
    235 164 62 119 51 124 250 66 78 201 255 231 235 68 252 85 229 206 79
    105 15 81 221 15 102 91 206 21 29 88 228 4 229 246 70 91 100 159 89
    161 220 62 67 104 123 78 138 72 150 151 32 47 253 223 38 86 252 212
    25 203 186 195 238 201 134 227 189 88 186 2 51 120 190 246 223 157
    30 75 124 4 102 151 97 99 20 225 207 181 233 172 116 162 164 66 18
    109 122 71 97 54 4 171 59 239 96 238 46 150 168 121 161 149 36 95 85
    140 227 29 22 90 86 103 94 221 155 6 44 61 9 119 21 9 65 237 103 230
    166 114 157 148 9 103 196 151 169 212 216 132 119 129 120 171 107 6
    226 241 151 211 235 189 81 131 193 226 167 239 113 50 22 142 29 166
    148 236 110 99 247 60 84 1 154 250 18 74 82 71 215 24 77 57 0 126
    176 183 52 204 47 167 151 139 194 86 42 140 221 227 79 170 83 22 140
    63 137 136 175 51 10 194 254 117 218 74 146 195 213 61 187 68 127
    238 74 101 136 214 15 235 251 164 70 60 120 14 70 82 56 85 80 88 70
    57 168 12 58 255 149 202 11 128 27 247 247 185 191 56 15 156 208 87
    225 174 56 65 72 173 94 206 104 172 172 80 17 197 33 227 99 134 241
    51 245 124 5 69 75 119 51 28 9 18 136 71 126 6 218 173 141 130 102 9
    182 226 198 99 114 223 88 243 159 48 177 173 176 188 212 57 200 23 6
    31 85 174 187 99 220 67 192 214 63 61 155 241 152 47 128 99 242 217
    27 86 154 234 105 149 81 5 67 11 78 34 127 179 12 56 89 57 110 111
    44 215 188 133 130 202 120 64 189 60 182 130 59 113 163 221 143 37
    114 97 63 251 25 144 163 226 44 232 231 188 63 167 114 174 136 84
    216 14 10 41 198 115 67 183 119 255 237 179 77 184 22 233 171 22 151
    133 253 188 199 195 181 170 177 255 12 163 89 202 124 111 117 73 36
    63 112 156 186 87 229 53 148 212 91 42 15 15 123 15 130 214 101 151
    240 178 239 20 208 241 111 159 143 70 96 155 18 251 216 204 220 129
    171 185 119 18 180 111 125 220 129 135 77 14 108 74 253 176 26 82 31
    220 234 117 0 198 139 241 168 115 96 169 56 179 17 11 127 8 7 70 56
    85 140 158 61 35 32 243 207 43 164 74 49 24 15 163 162 106 98 233
    143 207 17 249 101 137 120 28 195 89 57 83 102 188 140 136 64 248 40
    64 121 152 196 245 31 83 163 156 97 138 122 178 27 236 16 250 80 145
    175 63 195 236 59 151 60 130 165 126 246 201 63 179 128 183 241 41
    178 216 185 243 110 217 137 80 63 107 226 114 46 9 236 198 219 239
    126 78 126 249 129 23 228 224 175 240 174 176 190 185 14 43 254 243
    126 209 36 175 147 140 16 159 130 95 6 71 223 107 108 72 72 54 180
    154 3 238 250 29 231 87 154 70 243 70 241 248 241 190 32 42 213 8
    213 181 167 222 1 42 218 173 153 160 236 78 158 213 150 253 132 56
    235 42 83 42 112 98 124 63 203 52 136 119 118 200 65 59 132 2 11 218
    119 139 89 126 38 31 40 254 130 241 124 102 116 129 186 167 228 84
    71 76 26 178 95 247 81 0 251 249 243 74 190 80 72 244 160 138 125
    185 197 212 197 213 165 10 93 195 244 205 167 226 82 233 177 139 180
    129 38 249 227 157 108 114 98 242 196 45 200 235 128 248 203 173 209
    130 53 183 85 144 165 43 25 182 220 73 110 250 132 111 152 108 188
    64 105 117 231 202 183 193 15 75 89 205 82 191 14 74 86 136 223 228
    251 52 111 135 111 90 139 91 109 185 16 196 147 15 245 178 87 52 230
    189 7 103 46 72 25 195 134 158 33 29 220 207 200 179 181 250 157 17
    104 215 1 129 161 9 13 148 83 93 244 166 14 8 161 244 174 203 191 1
    223 208 76 218 231 161 89 172 185 31 166 216 206 73 106 98 122 31
    122 126 127 190 102 121 112 45 149 221 43 174 175 124 34 208 171 42
    135 87 122 189 177 162 58 50 30 61 129 220 164 58 198 226 185 141
    165 68 103 163 147 127 180 255 223 84 4 54 165 185 212 171 161 161
    22 182 245 50 163 66 42 191 242 73 243 78 93 191 7 135 175 172 192
    193 93 92 80 158 75 51 161 209 110 14 28 104 194 43 7 211 189 176
    230 29 46 49 130 196 90 152 107 205 56 137 211 14 187 28 79 46 8 9
    153 175 135 141 88 48 158 119 177 104 198 135 244 102 202 183 78 53
    110 173 178 212 86 197 207 217 160 185 217 137 209 85 225 22 231 58
    25 37 119 151 204 145 69 144 211 130 46 158 107 211 60 80 143 220
    219 240 104 181 225 139 4 239 32 14 143 44 89 131 180 113 155 42 245
    245 181 161 117 125 213 183 46 118 118 146 254 189 234 223 57 172 45
    230 173 158 140 26 228 86 163 238 128 93 214 216 177 121 113 72 35
    143 82 243 53 254 112 214 47 167 183 229 222 67 87 123 179 75 12 51
    239 65 105 64 114 141 237 43 38 135 126 18 247 250 39 228 221 121 85
    124 220 114 25 220 201 39 31 77 137 111 128 103 102 157 166 43 175
    164 216 19 53 83 139 199 153 136 232 145 17 226 15 55 171 204 183
    242 228 36 206 202 79 196 203 131 4 35 251 142 119 242 35 178 176 46
    27 90 135 209 44 178 13 9 97 250 114 234 68 205 247 61 53 192 36 135
    225 103 230 94 81 34 152 218 54 94 44 165 92 17 110 239 174 34 211
    240 84 142 168 15 2 54 212 27 128 12 218 112 79 117 214 233 131 79
    158 229 0 108 237 140 210 111 180 196 199 121 161 243 154 55 31 117
    251 122 223 112 170 28 162 178 113 78 181 214 47 10 115 243 130 96
    52 217 112 196 111 89 202 129 133 97 76 155 216 103 73 240 201 8 199
    42 122 174 165 110 207 102 115 174 176 247 128 177 92 186 77 236 243
    190 223 242 147 61 136 78 192 36 212 59 16 29 231 183 148 166 56 112
    245 42 99 91 77 23 154 66 98 98 153 221 22 130 189 95 165 12 3 49 37
    152 116 105 104 87 6 174 241 177 231 232 249 97 237 157 59 62 74 46
    188 80 161 150 207 61 173 111 69 9 174 171 105 134 168 142 84 246
    225 48 40 176 24 212 182 90 85 30 228 91 224 161 134 245 210 176 23
    215 35 86 19 114 181 27 66 218 104 14 118 175 156 221 108 161 252
    203 125 187 197 218 89 232 204 4 104 55 232 167 111 19 191 195 29 56
    30 125 182 250 213 55 80 110 110 106 67 93 206 184 213 226 210 72
    243 231 149 67 79 92 249 95 211 28 107 175 41 14 83 35 192 155 234
    93 83 138 230 219 49 8 255 139 185 13 110 105 22 206 227 205 6 71 63
    145 152 194 17 55 130 165 51 181 68 148 106 237 205 252 242 137 184
    47 238 15 66 146 207 63 150 236 91 193 80 34 224 224 190 52 55 35
    210 88 96 158 130 225 240 223 26 162 48 239 100 48 37 20 115 230 184
    219 81 125 45 72 235 190 61 141 179 70 17 79 200 197 7 28 37 98 174
    210 205 156 13 197 129 128 235 240 134 226 185 210 226 118 118 150
    139 75 144 174 246 184 246 111 214 93 251 70 147 40 88 207 247 132
    36 218 221 116 178 110 211 107 22 4 51 25 216 48 140 112 179 25 245
    249 89 231 179 180 100 201 200 186 53 144 144 16 216 227 149 23 32
    148 47 69 252 52 227 164 208 190 120 187 40 211 150 25 168 27 48 192
    35 127 187 195 89 177 120 19 130 114 1 10 31 125 54 36 94 193 216 88
    77 168 126 20 12 85 35 33 156 188 24 151 255 32 110 34 56 71 86 168
    147 166 20 217 23 158 163 128 85 211 177 78 129 123 85 174 249 118
    40 135 218 234 235 21 5 37 192 149 63 90 79 49 139 27 184 107 118
    233 221 6 70 199 114 66 43 136 110 220 173 151 254 197 38 124 238
    241 172 52 173 202 70 130 17 103 204 34 212 111 91 187 228 251 187
    180 57 251 139 84 110 183 232 41 212 62 21 168 118 66 240 198 186
    109 30 253 189 57 79 153 24 127 99 227 174 244 155 119 96 137 9 159
    112 48 28 41 85 210 157 135 22 147 73 151 236 184 173 98 88 57 21
    190 130 255 89 94 100 225 164 6 21 6 181 184 80 187 8 22 6 91 148
    136 94 202 214 0 51 203 57 122 56 242 51 138 139 94 1 207 84 253 214
    15 75 246 197 66 97 209 203 125 239 255 141 123 255 4 83 187 164 246
    189 38 38 221 207 65 40 244 143 86 106 171 180 34 149 147 95 108 196
    0 33 253 18 64 233 31 127 28 200 156 199 71 5 90 229 219 51 192 50
    135 182 220 24 114 25 165 55 54 13 116 208 234 29 228 203 36 179 52
    5 104 100 233 80 151 123 150 229 231 90 75 42 155 130 148 208 6 132
    119 9 0 254 118 174 249 11 14 96 145 59 163 2 226 202 61 184 185 27
    12 248 64 27 98 28 77 246 167 177 136 119 72 53 251 246 204 241 12
    28 245 216 183 42 218 180 147 155 118 12 200 13 89 187 137 222 28
    242 24 85 147 208 74 133 89 59 71 50 131 55 228 214 151 72 96 104
    249 133 96 69 32 165 18 159 161 130 188 82 98 208 193 217 198 36 129
    253 139 174 39 136 233 114 21 60 162 191 165 39 44 202 182 248 125
    76 153 238 240 252 130 118 130 71 94 239 50 78 64 203 8 254 44 101
    134 163 15 99 139 216 239 90 4 228 96 160 35 82 33 17 38 81 51 72
    226 98 89 131 0 218 92 62 155 161 77 125 56 165 37 20 83 87 167 186
    91 247 68 250 138 46 191 46 208 246 29 217 88 220 34 124 232 108 197
    160 32 123 76 166 137 63 97 251 201 186 88 105 150 122 238 16 103
    214 202 195 4 109 154 178 133 200 9 36 232 22 218 14 171 3 107 113
    73 57 21 110 158 56 238 192 122 33 213 18 225 8 98 80 245 125 229 70
    101 138 234 41 223 86 73 130 183 56 252 4 194 74 41 119 133 132 25
    250 224 29 135 139 42 112 123 0 209 16 214 146 99 46 196 32 165 212
    90 6 87 71 41 172 53 255 197 140 241 20 107 222 213 174 25 65 2 2
    183 175 244 217 139 80 126 171 48 232 164 217 85 118 88 144 9 35 48
    35 154 73 158 224 106 198 170 107 75 179 77 157 211 26 60 97 233 221
    47 165 127 19 81 169 159 37 37 108 142 108 81 133 249 234 249 97 129
    92 48 6 20 222 106 12 177 202 250 220 39 248 199 3 23 114 169 42 249
    1 17 145 116 21 19 28 192 23 67 174 215 157 71 180 85 116 187 133
    153 110 12 95 139 50 151 118 103 78 212 142 19 187 245 52 51 177 31
    21 47 207 171 75 120 51 226 254 243 151 166 162 160 38 60 139 96 11
    99 210 214 80 233 216 37 245 13 180 23 158 203 108 122 44 90 220 29
    28 63 6 169 58 39 127 201 84 221 80 134 135 51 209 31 141 208 145 29
    56 55 230 148 139 100 205 203 46 146 128 90 151 239 128 144 42 183
    156 23 97 21 107 214 238 2 56 27 80 251 208 209 71 193 110 118 213
    104 1 153 162 21 220 28 109 190 51 20 139 241 120 93 116 81 238 152
    115 89 255 232 54 180 42 217 190 251 150 138 135 115 153 163 236 76
    73 120 49 111 85 56 2 22 10 135 157 88 6 190 45 98 26 74 174 111 87
    146 17 143 72 219 252 25 65 219 33 14 64 23 79 171 179 244 136 13 65
    209 38 196 136 86 143 48 119 37 190 29 138 93 74 97 252 150 225 96
    102 123 143 172 63 203 95 198 18 7 46 127 235 39 84 178 143 132 226
    120 245 40 59 38 128 183 170 64 7 114 52 217 17 142 147 218 16 182
    131 218 32 93 114 154 147 182 64 1 219 2 20 255 213 205 254 144 177
    244 82 42 30 192 7 248 1 243 5 48 4 205 248 226 156 53 142 151 189
    165 198 23 243 218 84 52 35 218 215 60 154 55 38 163 254 229 228 64
    79 161 153 85 84 170 192 58 121 41 19 107 224 154 137 61 17 192 57
    35 95 158 99 173 157 151 172 111 38 19 38 43 10 75 137 91 1 94 175
    252 238 185 54 35 71 193 164 208 252 189 204 87 88 36 207 70 215 136
    241 101 250 176 237 156 53 210 26 45 185 211 142 205 234 246 184 193
    235 101 161 83 216 2 104 39 63 180 106 7 15 236 150 23 84 58 17 240
    58 207 198 219 226 167 249 143 136 248 105 65 23 206 85 254 12 205
    36 93 161 191 81 235 5 118 62 73 254 0 129 203 246 232 244 107 12
    152 137 87 48 145 208 20 230 51 254 7 4 45 201 71 21 139 0 150 181
    55 150 233 248 214 105 214 253 169 207 87 34 26 8 122 21 22 241 153
    87 12 118 124 173 203 18 106 234 8 196 153 29 80 141 25 128 83 191 9
    70 252 10 4 123 175 170 86 118 16 184 191 35 22 163 92 200 46 117
    196 59 25 184 154 119 247 249 88 65 87 200 232 53 187 216 88 245 134
    163 148 163 249 6 240 218 1 16 250 237 144 191 130 188 188 87 101
    120 7 120 244 82 201 97 112 142 98 235 28 31 82 59 102 205 98 191 72
    182 234 68 202 39 27 93 183 0 20 164 30 40 97 244 67 44 205 172 239
    68 153 209 143 170 7 156 44 87 179 91 51 123 217 154 13 250 156 57
    73 210 48 172 2 200 15 75 108 132 110 216 230 207 228 176 50 184 208
    48 26 254 57 15 181 67 68 237 100 151 40 187 22 119 210 9 235 210 45
    26 36 112 182 87 35 45 189 140 213 192 131 0 13 4 157 77 240 242 101
    88 247 160 65 117 72 117 81 48 67 9 246 113 249 37 137 247 85 87 212
    179 159 111 6 234 164 20 238 207 169 104 148 8 162 145 126 253 143
    59 115 168 226 1 139 74 14 208 31 181 107 169 110 108 162 169 207 16
    163 83 186 14 79 163 9 47 169 20 65 87 96 37 188 142 137 60 10 221
    20 244 239 191 117 234 7 146 84 98 229 136 219 38 68 46 57 82 85 102
    138 187 5 159 161 175 241 167 230 12 48 209 147 42 83 96 254 218 189
    153 230 50 5 191 85 236 146 100 207 111 73 249 25 167 147 144 206 15
    71 8 50 30 200 205 244 103 211 83 164 60 14 196 145 88 222</data></test_img>
<my_img type_id="opencv-matrix">
  <rows>100</rows>
  <cols>100</cols>
  <dt>"3u"</dt>
  <data>
    78 19 255 255 65 254 255 84 63 255 106 204 13 184 255 232 80 38 255
    151 82 255 199 225 255 80 255 240 183 54 239 71 255 255 31 140 255
    19 255 255 129 255 18 36 247 237 115 37 237 163 215 91 135 201 255
    172 67 255 209 171 106 143 124 255 255 48 181 255 97 254 228 73 255
    218 255 128 163 199 10 161 166 131 147 221 255 169 255 255 124 229
    255 229 255 12 210 115 141 117 118 98 148 255 255 232 58 255 128 82
    73 243 255 255 255 249 43 250 194 159 255 101 91 251 238 239 255 255
    255 61 67 15 255 171 20 168 126 184 80 124 159 19 4 134 75 110 255
    255 176 147 133 196 98 226 154 212 92 255 255 220 22 255 0 154 255
    255 72 244 120 38 2 123 255 48 255 125 255 36 161 15 135 91 76 255
    162 255 164 142 255 142 252 255 56 255 255 6 43 237 178 18 35 2 121
    30 45 138 255 217 101 123 252 118 250 21 70 255 116 221 255 6 106
    255 119 71 210 4 91 255 55 225 217 58 114 28 255 255 255 18 140 2 97
    197 255 57 190 133 37 120 255 187 138 255 66 54 202 195 255 109 45
    235 51 183 247 255 255 147 255 193 132 255 66 5 99 156 106 23 128
    171 7 190 221 255 145 57 234 52 255 104 38 124 255 210 255 255 143 8
    167 101 83 255 103 255 255 157 100 255 40 132 189 205 108 255 208
    209 255 84 207 255 129 138 20 201 255 255 2 255 255 144 255 30 183
    42 255 250 255 61 225 104 119 238 255 3 219 169 219 253 154 196 10
    46 75 9 255 111 232 255 70 101 255 184 164 11 71 201 182 50 222 255
    255 255 225 217 43 6 123 225 252 255 255 8 197 219 255 255 237 215
    98 33 109 118 255 182 255 24 182 141 58 192 229 76 243 255 11 139
    242 206 206 255 29 118 10 121 114 255 165 119 28 3 255 255 100 104
    22 189 245 255 143 255 255 98 255 46 56 255 217 37 226 255 37 15 255
    120 255 106 111 133 255 72 210 255 30 124 3 88 61 151 124 255 255
    215 10 255 145 162 255 45 27 255 237 81 154 29 34 255 102 120 2 137
    214 255 27 230 219 107 231 255 236 10 71 165 43 255 108 206 169 2 68
    255 116 255 240 227 255 56 145 230 123 255 255 255 255 106 138 134
    237 255 151 239 134 65 135 255 207 89 196 69 173 141 146 223 255 34
    157 126 197 9 255 72 245 65 78 255 98 123 245 205 190 14 20 13 173
    22 159 61 116 46 46 229 98 113 255 153 234 156 209 178 237 255 255
    255 12 255 41 243 255 15 83 135 15 233 213 119 179 255 255 55 139
    250 188 239 255 103 187 99 130 140 94 3 159 255 182 119 116 161 162
    255 120 255 179 234 118 255 98 169 255 243 25 192 215 255 22 33 209
    70 238 255 156 48 181 191 225 219 255 166 248 186 162 255 255 233
    191 255 75 47 141 27 147 176 161 197 255 151 255 101 255 188 255 164
    224 164 240 145 255 27 255 255 127 1 162 153 255 5 116 206 255 129
    115 61 200 29 255 22 9 255 58 173 255 171 255 255 192 247 55 133 52
    191 124 56 71 90 159 255 175 245 255 255 138 255 225 99 50 210 139
    255 240 255 197 17 124 12 24 190 154 70 255 255 6 255 202 197 204
    154 255 255 255 132 255 255 255 175 235 219 147 244 35 154 255 36
    142 162 75 82 176 9 35 194 96 245 255 120 219 255 244 86 68 207 164
    255 155 255 75 102 124 149 154 34 255 138 255 255 132 167 255 13 80
    254 254 96 63 211 255 179 129 194 255 33 58 7 80 169 255 13 135 174
    255 168 85 178 104 237 238 243 255 112 102 17 111 22 239 151 195 156
    207 62 157 38 56 93 255 255 255 255 173 76 97 68 255 143 129 225 70
    142 30 80 70 182 188 34 255 9 200 212 245 87 114 27 255 255 25 195
    65 155 237 13 227 255 255 65 83 255 255 194 255 99 6 33 226 42 255
    226 255 78 3 248 88 97 109 255 4 157 255 255 20 255 43 67 205 127
    199 255 36 255 38 97 96 255 73 255 255 58 42 51 246 255 186 1 255
    181 63 255 255 89 237 76 9 140 255 202 200 194 75 255 255 198 138
    255 63 188 255 247 255 113 37 255 98 180 152 255 87 255 255 255 255
    255 125 255 71 138 239 27 83 8 237 240 102 240 133 255 30 125 255
    169 244 143 2 53 202 186 64 6 35 90 244 131 24 61 255 255 255 7 187
    204 255 228 229 10 255 255 255 65 201 159 107 144 80 91 81 162 56
    145 255 179 143 199 125 255 210 96 173 50 74 13 255 51 5 224 189 25
    255 107 109 23 12 140 252 189 255 255 145 185 114 55 44 12 227 207
    202 118 14 176 43 255 23 93 162 75 186 213 166 56 29 255 252 133 229
    188 9 66 255 23 255 242 192 124 255 255 142 126 255 250 13 255 255
    147 22 138 228 70 255 71 48 93 223 129 128 150 177 229 255 147 255
    155 237 85 111 181 83 255 113 159 255 53 86 186 243 2 37 255 255 218
    134 85 90 39 222 81 20 134 255 32 10 70 185 176 62 99 121 255 145
    162 255 63 255 246 207 202 192 51 255 234 147 255 56 255 151 27 143
    5 31 255 65 255 255 189 10 177 255 96 121 202 198 133 136 227 75 255
    20 242 103 255 116 65 192 240 225 114 206 144 94 186 3 20 245 96 210
    214 255 78 78 212 197 151 255 206 159 182 216 53 255 233 190 15 202
    255 126 65 108 66 153 83 8 83 119 255 147 65 23 61 219 63 91 255 28
    160 38 255 255 83 254 249 181 255 152 111 255 44 187 144 241 19 255
    152 120 249 224 191 255 20 38 255 255 243 48 160 89 255 238 14 255
    201 192 255 169 192 255 255 177 30 24 205 176 73 82 234 0 30 45 44
    25 55 91 144 255 255 255 212 148 144 255 211 255 255 54 110 255 119
    231 17 37 18 93 169 10 255 47 10 255 33 255 99 164 199 255 137 255
    255 19 255 71 162 255 255 247 172 255 216 162 207 96 115 255 28 115
    103 252 218 255 135 153 30 89 139 51 168 13 46 70 235 255 96 109 189
    74 172 255 67 19 255 180 248 5 241 110 252 135 255 255 67 183 255
    226 167 255 242 224 255 44 75 124 204 162 255 255 51 255 201 22 215
    118 115 116 205 35 225 19 11 204 125 255 187 139 48 255 219 255 159
    91 255 83 255 67 118 255 22 36 89 58 61 118 242 88 58 161 63 4 255
    255 175 255 83 171 195 20 35 90 249 20 186 255 64 137 255 154 255
    255 157 151 51 231 255 106 27 61 189 48 8 167 255 59 255 184 71 94
    255 248 255 255 234 191 171 86 255 255 86 123 25 255 182 255 94 111
    255 223 255 217 177 255 235 67 255 168 4 230 117 214 235 207 223 255
    138 111 210 73 100 189 143 143 204 172 44 255 234 40 31 120 255 43
    254 247 8 57 133 255 198 151 8 57 46 255 209 255 186 69 250 240 33 4
    8 237 255 200 255 191 88 67 40 255 96 247 255 61 255 219 54 207 167
    87 190 254 54 239 255 182 83 249 187 169 255 134 255 89 255 18 111
    238 255 141 249 255 13 219 255 141 26 30 222 76 124 255 136 22 255
    101 72 182 71 255 255 132 19 172 184 255 91 97 199 56 74 248 255 162
    68 76 232 100 255 173 175 35 252 168 222 81 97 196 11 255 255 193
    140 255 63 255 230 80 8 220 157 255 40 228 254 255 204 255 83 250
    124 94 157 147 179 148 82 255 117 206 154 229 255 91 121 255 99 255
    204 209 38 255 255 254 75 255 94 255 18 138 27 85 171 10 255 21 61
    244 243 118 252 49 114 91 37 183 75 177 30 209 201 211 234 76 32 255
    205 197 255 78 255 101 47 156 255 36 116 13 137 255 33 255 188 229
    133 75 255 127 80 245 97 58 124 130 213 99 224 255 255 255 114 43
    206 162 88 90 255 187 132 255 194 255 235 255 26 237 255 177 16 157
    143 106 2 7 255 58 45 255 255 202 132 255 154 119 121 255 113 255 33
    33 141 126 38 255 42 215 255 255 255 121 79 73 224 87 255 255 182
    244 134 186 143 8 155 185 31 13 200 225 193 255 255 111 53 239 92
    180 189 111 255 12 142 62 255 115 1 255 180 209 244 114 249 13 255
    157 255 204 115 94 57 255 255 199 255 23 255 205 255 186 255 179 242
    255 171 99 247 179 175 255 237 74 255 255 181 102 255 177 224 255
    178 96 129 255 195 207 219 4 191 171 171 255 211 239 85 123 77 73
    208 250 71 138 80 255 255 9 169 255 229 255 112 207 225 189 67 210
    174 188 65 163 239 111 255 139 89 7 162 33 159 201 99 164 255 255
    186 29 255 190 255 25 211 92 220 46 255 27 114 161 51 133 115 131
    208 16 177 15 255 139 255 255 212 56 53 99 161 10 123 255 54 174 211
    133 215 255 255 166 67 255 255 2 104 128 223 180 142 237 134 255 85
    255 217 164 87 202 161 66 167 168 255 10 11 255 30 255 162 255 81
    255 255 125 133 255 213 130 255 136 216 255 12 100 255 45 95 255 201
    134 10 161 255 255 236 197 255 115 199 255 8 95 255 148 255 255 106
    95 8 255 255 12 169 206 124 30 255 255 208 255 255 130 199 255 87
    255 161 159 48 138 255 86 7 241 99 227 144 177 255 188 255 151 21
    255 61 255 99 212 255 120 171 94 118 66 251 255 255 168 19 17 238
    116 255 207 0 85 51 15 161 191 255 86 9 255 255 136 209 255 21 202
    17 0 255 255 92 255 50 254 209 91 93 255 96 240 209 255 255 47 199
    165 255 255 139 255 126 255 142 255 231 224 8 159 164 254 178 231
    119 202 97 255 170 255 224 118 147 202 108 123 196 148 1 10 188 123
    255 28 176 149 57 77 142 10 65 121 111 169 48 126 255 41 135 16 255
    139 30 182 255 229 224 219 255 255 138 255 177 97 255 25 156 51 255
    4 239 187 117 16 255 178 109 7 129 168 255 94 148 255 67 255 70 66
    63 189 159 192 225 255 118 179 220 108 214 157 94 15 155 255 68 18
    144 255 107 14 162 60 255 255 125 213 123 249 30 255 101 78 40 55 30
    27 141 219 128 159 201 227 142 132 25 29 102 191 136 89 113 60 176
    255 150 156 46 215 10 146 255 118 255 127 75 255 48 9 149 246 42 31
    11 182 106 10 201 12 69 173 91 179 139 255 184 191 215 231 130 255
    151 194 242 106 159 255 47 249 133 255 85 164 186 255 103 9 101 255
    74 255 239 223 171 76 150 132 255 162 255 240 39 92 220 164 87 141
    188 234 13 119 186 146 255 99 255 3 157 36 35 19 255 255 23 121 139
    243 255 192 255 255 6 213 234 15 255 255 87 134 255 129 128 255 255
    162 33 33 90 12 175 255 255 231 187 255 4 65 189 60 120 18 249 175
    255 12 77 255 79 154 99 39 78 199 241 186 166 255 97 212 105 255 255
    206 255 134 255 44 255 35 129 55 196 78 235 110 252 255 0 255 255
    162 224 210 19 29 255 54 255 45 255 56 93 244 173 166 114 214 255 31
    63 46 166 153 255 12 255 215 22 10 250 125 80 147 252 201 255 227
    255 177 222 230 255 240 72 255 202 46 255 124 213 237 17 215 255 171
    30 78 166 53 154 169 51 164 56 255 255 237 255 232 17 11 255 43 129
    60 188 233 129 20 68 255 252 167 189 98 226 255 72 47 255 177 196
    164 34 148 93 53 255 250 135 255 255 255 255 53 118 255 255 255 163
    217 198 255 255 215 176 215 205 147 101 182 255 255 255 204 133 255
    92 255 47 249 255 43 135 255 206 169 220 13 255 121 200 62 7 118 157
    126 255 216 255 1 65 255 129 105 255 255 237 255 255 119 255 229 239
    18 241 255 36 96 255 209 220 213 255 208 16 80 60 248 63 255 58 151
    9 135 255 245 195 146 58 181 255 124 73 255 178 240 96 255 255 255 7
    255 255 135 34 255 126 255 8 35 178 255 209 226 20 154 153 244 98
    139 255 227 40 88 255 175 255 72 245 136 1 15 146 138 204 224 166 33
    129 114 156 123 79 191 255 63 18 255 179 95 27 255 28 61 177 233 255
    44 105 159 135 97 88 63 255 255 255 157 65 156 99 157 206 149 255
    171 49 40 29 167 15 255 1 235 80 159 255 102 255 166 108 255 71 252
    172 99 190 24 98 255 255 255 57 94 255 115 235 255 184 255 255 255
    151 199 255 255 215 254 14 8 3 44 56 93 138 123 145 255 255 205 87
    53 97 255 204 79 9 166 145 100 200 16 255 255 65 126 237 66 81 58 52
    134 255 225 255 255 241 157 167 133 144 141 255 248 71 16 109 255 10
    239 169 148 255 207 120 15 48 42 214 255 88 255 58 38 125 255 241
    143 98 10 121 255 255 194 98 147 255 255 255 255 255 171 253 255 148
    255 255 242 255 255 255 213 96 234 22 255 255 255 123 70 106 17 148
    234 0 234 73 196 78 255 255 72 133 255 101 255 189 62 111 81 253 221
    45 255 97 237 91 43 96 49 224 255 126 215 244 241 142 171 54 169 255
    153 172 255 124 196 121 159 202 27 255 162 254 234 61 212 12 255 109
    255 37 141 88 255 255 0 61 255 146 221 255 101 205 96 19 183 255 108
    139 17 180 81 171 138 56 255 147 224 200 202 255 177 216 188 255 175
    211 255 207 181 17 83 100 96 166 166 237 112 187 255 130 130 199 114
    66 71 1 255 58 162 255 207 19 148 149 10 233 133 35 33 202 73 255
    118 223 175 244 120 230 255 222 159 200 255 105 149 150 133 33 244
    166 113 255 169 146 247 163 255 115 255 255 102 109 104 215 255 109
    31 42 83 255 71 197 179 108 255 171 1 219 255 245 239 128 78 156 243
    70 103 75 81 230 164 11 255 31 172 240 255 37 46 20 13 139 251 38
    129 251 78 3 105 255 255 9 97 98 191 66 121 201 255 255 42 54 152 34
    182 255 224 73 255 132 149 255 241 35 255 89 255 242 87 182 141 58
    255 8 153 255 255 136 255 56 38 63 61 89 42 254 29 255 255 107 40 30
    177 116 255 177 243 76 228 255 215 148 116 227 31 142 255 157 120
    255 56 153 255 81 178 88 42 255 255 43 90 255 162 244 240 235 245
    255 161 89 17 102 115 146 231 9 255 39 255 255 215 196 255 9 255 8
    255 113 181 139 151 255 218 53 255 237 128 240 78 173 133 34 53 255
    58 163 71 198 97 255 74 177 15 229 34 247 218 255 91 10 248 17 88 83
    172 192 124 139 100 255 12 183 147 104 173 255 179 112 66 13 156 235
    109 222 253 255 255 33 111 29 162 255 141 48 255 17 220 255 30 129
    255 215 24 141 169 148 23 242 195 255 129 182 255 231 28 255 123 213
    244 83 48 50 226 255 255 109 59 172 128 255 255 163 65 167 220 82 40
    255 253 161 216 255 255 253 207 250 74 216 131 255 213 207 182 255
    255 15 83 255 58 255 255 237 16 146 123 180 255 184 255 255 163 92
    255 98 255 215 134 118 255 255 209 255 254 182 156 18 255 255 218
    187 43 42 82 255 231 255 230 255 166 255 172 224 40 110 255 255 169
    67 255 251 255 80 27 99 255 94 200 28 255 73 255 107 124 104 151 166
    255 61 197 255 229 219 108 40 255 139 61 43 207 120 9 3 182 207 255
    179 22 255 130 147 36 34 255 116 161 206 35 22 173 33 15 66 255 206
    207 255 55 97 161 114 225 50 19 255 255 114 211 255 148 221 55 9 51
    36 90 13 13 255 137 255 136 11 129 225 255 93 60 46 199 142 144 255
    252 255 8 148 255 242 64 39 128 255 255 15 160 90 255 255 252 229 74
    255 255 116 220 255 201 255 242 129 255 235 27 95 33 99 255 139 72
    181 65 61 190 101 16 255 134 42 255 27 66 76 255 172 143 27 233 104
    255 139 119 172 234 28 255 93 209 255 238 255 249 15 62 186 255 70
    212 255 255 255 145 243 255 200 130 255 184 52 255 30 247 109 58 20
    38 57 255 119 202 171 8 197 23 114 222 6 101 101 183 255 21 210 76
    187 162 174 157 129 255 255 255 255 255 255 50 255 214 192 216 171
    255 100 229 46 11 19 35 168 75 104 255 149 255 172 255 255 200 164
    20 84 255 48 81 58 169 207 250 166 164 255 22 44 75 255 93 255 255
    102 128 255 88 145 255 16 121 101 79 210 128 1 116 255 21 14 121 87
    207 255 238 61 5 232 234 215 4 129 7 216 9 255 107 219 199 143 202
    255 57 70 93 27 178 71 46 201 80 197 205 229 222 225 108 156 25 40
    178 67 3 231 144 25 16 68 106 170 121 239 241 214 182 120 164 255
    192 209 171 60 148 56 52 92 98 64 229 255 100 255 255 245 116 255
    153 233 171 29 42 94 155 255 255 2 71 215 202 33 255 255 255 65 98
    186 255 137 255 7 197 237 255 156 47 255 234 255 111 110 4 80 199
    197 8 57 167 255 255 120 30 138 61 225 55 255 255 44 245 255 153 97
    147 80 140 222 255 240 10 102 1 220 78 23 255 188 215 255 2 121 255
    180 139 255 130 35 101 179 255 156 164 255 230 219 214 171 189 255
    250 81 255 136 75 172 131 87 144 255 189 171 255 72 133 104 255 211
    255 49 144 139 43 14 123 125 223 255 127 255 255 235 240 91 250 195
    103 252 190 237 7 115 20 227 48 250 115 138 255 171 239 255 204 220
    207 173 95 99 46 219 255 105 63 255 85 37 133 38 172 166 67 255 255
    180 255 85 138 255 31 255 82 255 175 67 255 100 201 166 43 66 255
    172 154 7 255 59 255 240 43 199 209 255 8 151 101 85 117 147 53 236
    182 202 183 113 255 255 255 75 105 168 234 191 176 255 166 154 184
    112 255 136 240 59 255 97 211 71 226 44 255 255 255 18 238 123 192
    200 183 12 43 153 48 87 47 189 199 20 255 118 255 210 187 235 33 251
    255 255 255 255 255 255 255 255 222 4 75 85 255 189 97 18 179 64 248
    78 107 99 149 161 34 255 153 6 255 175 62 40 214 94 202 121 244 189
    255 24 3 129 22 219 189 142 255 63 118 255 128 255 196 192 10 255 12
    77 255 190 249 255 94 124 244 241 52 157 111 180 60 138 255 255 38
    82 22 66 104 5 181 100 174 87 5 255 215 105 68 83 78 225 111 113 176
    200 242 255 57 167 106 175 205 255 91 255 255 115 149 5 85 255 255
    62 255 118 236 73 255 255 231 255 255 255 131 255 211 131 147 132 76
    133 148 45 205 40 255 53 100 167 142 194 161 136 255 219 120 228 255
    128 205 166 94 116 134 81 172 161 40 248 255 36 238 255 246 234 255
    26 173 71 223 70 230 163 92 142 255 72 191 145 255 255 110 197 128
    196 255 255 243 28 255 44 151 247 138 14 255 8 220 192 166 120 255
    136 96 191 163 186 255 63 59 200 52 4 189 62 62 255 148 19 214 223
    255 199 162 0 255 30 175 255 215 221 255 15 16 66 191 219 255 137
    183 36 7 149 7 142 242 191 51 191 255 255 239 200 71 116 250 249 216
    35 42 124 8 136 255 0 82 255 46 94 72 191 217 35 25 102 229 255 255
    255 255 129 39 255 137 3 7 9 226 28 136 124 204 225 128 194 242 20
    113 234 25 200 255 105 177 255 255 255 39 255 81 48 126 255 234 52
    204 209 137 146 237 216 76 204 255 225 255 48 255 143 63 177 109 255
    255 69 106 255 211 234 224 92 34 189 255 83 134 235 226 75 255 197
    255 160 204 255 55 49 78 17 191 152 255 254 146 129 255 255 255 183
    219 156 0 199 155 255 255 189 34 161 232 152 255 66 34 94 170 128
    147 91 171 255 90 80 68 231 255 249 129 255 224 144 142 255 119 166
    255 253 172 15 141 46 33 78 255 255 255 192 255 126 40 60 18 211 255
    246 239 35 137 209 255 134 234 255 255 255 129 237 255 184 71 168
    255 99 177 144 255 0 222 37 91 255 168 180 255 117 233 255 222 13 25
    240 255 232 42 76 255 56 255 255 222 211 66 255 123 159 182 225 126
    255 168 147 117 255 23 147 255 46 120 156 255 17 109 50 101 82 61
    255 216 101 84 132 162 165 181 255 125 119 255 138 40 8 205 113 255
    217 23 255 240 46 255 116 145 255 34 215 255 190 255 12 147 255 255
    180 228 154 102 255 255 56 255 250 247 255 124 93 255 255 202 255 12
    255 14 255 166 185 22 70 104 98 110 10 234 155 42 249 112 57 255 160
    149 46 255 133 51 145 255 99 30 255 255 246 255 222 255 255 106 74
    218 177 125 255 255 15 183 53 191 72 2 198 43 245 219 113 247 201
    255 83 53 106 255 189 156 18 255 255 177 129 199 255 119 0 255 48 92
    255 24 125 146 255 233 255 150 255 255 200 255 85 255 40 25 7 30 255
    56 62 255 223 75 255 255 255 31 161 58 109 74 102 255 27 80 80 98
    151 255 135 152 159 233 172 255 98 255 255 94 209 189 178 239 196
    102 176 25 7 211 255 10 48 255 124 173 255 253 0 255 240 176 255 78
    113 255 255 255 255 27 213 255 255 218 172 201 134 250 224 130 255
    210 133 255 21 255 247 198 243 38 240 9 71 12 255 94 46 142 194 94
    201 255 83 82 187 251 101 5 89 255 255 30 237 10 209 224 177 241 239
    255 67 255 3 146 255 227 232 149 152 87 248 23 18 33 184 29 191 12
    195 255 255 249 157 255 247 255 245 137 28 28 36 255 255 247 46 234
    28 32 255 255 202 129 134 229 60 255 33 197 40 91 166 201 125 157 49
    255 255 165 255 255 172 46 199 255 194 237 137 85 53 198 255 224 181
    224 249 191 80 88 0 44 255 191 169 96 111 6 133 148 255 187 93 183
    200 156 223 255 247 19 227 67 255 123 191 114 255 53 255 255 34 81
    255 142 255 220 84 255 156 107 243 255 215 4 255 119 192 12 89 255
    123 151 23 255 255 209 239 252 73 220 207 23 202 105 248 255 138 71
    255 94 39 255 220 255 255 31 61 255 218 255 65 9 109 217 93 0 255
    255 39 255 90 25 255 255 87 162 11 16 154 255 0 186 125 182 255 154
    255 85 76 255 186 218 70 255 179 255 255 236 97 255 52 225 111 69 39
    255 91 191 78 18 211 113 255 177 36 108 38 12 143 199 197 148 89 192
    211 80 255 82 3 126 172 149 7 106 202 255 114 29 255 247 168 199 47
    253 255 255 255 245 91 14 255 121 200 65 75 145 146 12 156 255 255
    22 255 9 213 219 11 153 177 110 134 94 30 124 255 206 255 232 142 37
    109 44 147 51 151 255 237 246 5 255 190 114 172 58 67 255 127 30 255
    255 66 255 216 196 247 62 135 113 91 3 164 215 255 93 12 20 121 255
    130 255 255 255 225 33 54 219 196 205 255 227 48 58 187 182 17 46 85
    55 83 75 94 174 14 98 181 194 0 126 116 53 90 196 255 44 255 239 39
    188 250 143 152 98 206 245 255 47 134 255 90 121 255 12 100 166 255
    255 25 39 162 255 205 124 255 255 210 255 251 255 31 154 94 255 73
    163 10 234 255 255 175 91 93 62 77 85 157 255 255 226 214 255 255
    255 25 19 105 28 243 27 255 143 35 61 250 186 255 6 255 179 235 83
    255 148 255 7 255 102 245 238 233 255 39 161 121 253 255 66 24 106
    234 20 226 31 254 183 171 143 158 191 52 255 255 209 253 161 121 28
    255 152 190 131 12 240 144 129 255 88 232 52 205 139 48 224 255 255
    255 22 109 10 10 39 255 255 11 255 208 255 159 13 118 255 255 255
    255 15 255 255 200 40 255 183 226 13 105 115 187 250 3 255 24 44 229
    234 255 247 172 76 255 37 192 255 178 229 255 196 138 255 255 32 255
    197 204 176 255 190 83 255 106 111 168 225 41 92 42 252 7 224 159
    255 255 76 67 200 138 139 105 133 181 140 88 7 114 164 222 210 88
    255 96 215 118 255 255 43 244 191 60 255 106 31 255 255 190 218 30
    17 9 255 255 206 255 255 255 255 24 224 27 79 255 80 199 14 255 201
    59 255 39 46 191 8 92 255 199 142 33 255 218 255 255 214 215 255 153
    60 65 255 222 169 73 212 243 234 13 138 92 126 205 210 255 36 255
    255 169 255 41 255 247 162 234 237 159 214 166 255 106 255 219 141
    120 255 16 161 255 255 148 36 142 199 210 211 255 255 195 200 50 160
    255 255 183 230 255 229 253 255 168 115 182 255 255 255 202 89 255
    187 255 255 89 168 184 89 255 136 6 153 229 60 124 50 245 187 255
    139 99 255 72 235 249 179 85 255 255 37 255 3 118 255 118 120 255
    204 140 50 114 111 179 137 91 113 226 126 199 225 226 255 102 54 255
    106 11 255 254 255 111 156 85 144 130 237 255 137 255 93 173 116 18
    108 255 46 74 109 255 71 240 81 137 183 255 12 169 204 67 13 144 255
    168 18 255 101 25 202 61 212 44 214 255 255 172 255 40 113 129 208
    139 255 53 255 255 13 13 78 216 24 121 223 129 171 102 14 255 107
    255 255 52 175 255 24 18 255 255 255 116 29 42 255 125 171 101 3 235
    80 134 121 255 69 134 22 141 75 2 84 48 255 236 61 184 152 32 255 6
    201 13 252 187 255 220 238 255 232 255 80 154 163 65 229 0 255 216
    10 81 220 20 28 178 209 30 255 255 15 60 140 38 114 15 235 179 245
    31 255 47 114 255 105 76 174 255 101 188 196 234 34 182 215 240 89
    35 154 255 33 72 255 255 255 255 255 220 252 255 8 110 13 137 167
    255 211 255 255 164 255 255 73 5 255 88 61 255 118 128 33 70 15 101
    195 213 255 44 171 197 141 1 94 111 255 255 135 255 255 62 214 255
    129 191 71 111 205 247 53 13 60 80 245 255 3 104 255 255 194 255 92
    16 10 85 89 255 255 255 229 117 255 255 79 255 126 210 132 38 216
    216 255 20 252 89 57 137 184 173 182 154 249 116 255 150 8 146 39
    255 154 91 149 227 154 19 189 57 153 103 137 58 255 134 194 255 24
    255 255 220 157 0 92 255 194 150 186 113 20 66 255 214 255 255 146
    186 255 45 255 138 70 147 224 99 6 255 225 255 164 204 128 220 99
    128 255 255 255 232 211 16 2 255 233 255 43 119 8 78 156 255 254 114
    15 202 209 187 216 255 187 255 211 12 70 147 255 129 11 23 134 239
    35 255 183 22 4 77 174 255 95 255 244 181 128 199 215 106 162 44 255
    88 133 189 190 169 254 81 255 255 174 161 119 255 121 60 251 255 3
    153 163 45 30 238 255 99 108 35 152 255 108 191 194 232 127 248 255
    171 181 20 236 149 255 128 159 30 99 225 94 151 255 30 234 247 255
    46 255 215 159 54 58 151 116 245 245 209 141 189 202 63 0 85 51 10
    180 255 169 25 255 184 233 124 243 173 184 161 226 227 71 63 199 48
    255 156 46 32 255 153 188 209 19 81 33 255 255 118 144 0 215 125 118
    176 165 8 106 192 255 255 103 255 186 205 161 161 88 14 255 127 255
    197 240 221 255 255 247 255 218 42 237 236 255 13 56 224 124 90 221
    55 118 157 78 57 20 255 135 255 255 78 237 255 219 194 75 37 178 70
    98 204 222 166 237 85 93 4 83 154 97 255 238 38 255 215 16 70 196
    255 71 93 24 179 112 62 255 209 14 35 123 255 255 118 109 249 66 3
    133 112 53 255 83 43 128 255 239 126 38 228 255 223 40 103 35 39 255
    8 20 144 227 108 38 31 255 234 64 81 156 180 56 38 61 89 73 255 133
    252 184 46 230 192 44 91 219 255 199 255 255 174 45 65 255 240 215
    156 173 30 255 213 235 191 82 14 25 247 115 98 40 113 138 164 51 38
    43 255 15 100 58 247 204 94 255 96 144 255 228 255 113 143 218 12 88
    206 38 255 244 232 205 255 255 146 78 159 156 166 210 159 245 118
    111 75 56 112 188 255 72 255 217 10 19 222 64 190 191 61 3 255 182
    168 50 255 53 255 154 250 255 8 28 219 190 162 78 1 178 181 82 96
    126 34 27 255 195 192 93 252 255 220 192 231 232 133 24 255 101 133
    70 25 255 99 171 83 174 109 255 35 103 123 129 44 57 250 147 4 242
    255 255 255 255 167 166 240 255 255 255 225 207 173 255 172 7 62 255
    168 0 255 255 30 8 181 18 15 252 46 88 165 255 202 70 133 63 252 195
    144 166 11 60 198 255 141 139 255 249 255 149 113 255 158 136 232
    114 255 108 230 255 197 255 215 4 255 73 245 145 154 57 255 255 188
    4 255 31 255 255 129 175 255 206 63 255 103 133 255 169 209 13 159
    185 55 42 238 255 19 40 255 142 255 118 137 113 255 92 87 255 255
    255 255 210 255 109 160 95 255 3 255 197 76 213 41 49 192 98 27 124
    136 254 52 121 244 101 196 161 109 255 67 243 126 19 188 76 143 172
    255 21 138 164 150 10 255 109 168 22 231 255 255 152 255 255 89 163
    255 78 81 227 255 168 46 181 124 111 244 225 255 15 255 56 209 100
    50 1 188 245 180 228 255 18 157 28 227 172 46 255 195 255 195 255
    255 123 105 255 64 78 35 210 255 234 255 255 255 111 255 255 56 75
    240 37 255 255 255 106 124 97 255 123 13 201 255 4 143 35 255 14 93
    38 255 255 195 249 225 130 54 202 162 205 255 216 153 162 4 5 35 187
    35 15 245 255 172 191 255 255 237 11 245 21 255 8 29 206 149 255 255
    255 206 90 73 61 90 255 132 11 45 168 254 255 49 255 149 10 255 114
    61 255 116 154 16 23 255 178 255 52 42 255 244 126 144 98 255 85 168
    53 255 159 149 207 147 199 113 36 35 255 142 255 22 161 33 191 8 255
    255 136 255 98 24 229 161 153 52 50 35 80 255 130 71 66 178 229 5
    213 255 255 75 235 10 152 154 61 7 143 43 171 224 255 161 255 255
    247 102 255 163 255 156 71 207 255 154 255 181 197 220 18 223 255
    159 174 61 255 227 255 76 204 53 171 209 42 255 170 67 70 179 244 12
    121 215 177 69 19 255 60 204 255 129 255 215 217 157 255 47 154 162
    57 126 172 146 248 156 251 255 255 255 20 38 209 62 255 60 255 255
    255 104 128 57 255 222 3 255 177 42 46 255 255 255 255 220 139 157
    44 116 239 151 154 255 119 255 255 154 255 255 144 145 164 231 255
    101 145 255 18 254 77 33 255 255 205 237 255 151 21 37 89 99 255 255
    38 91 209 238 147 18 186 248 255 73 156 214 214 255 255 20 159 255
    124 243 41 255 120 255 79 142 255 205 255 2 93 67 255 60 255 255 84
    187 255 244 144 255 255 126 212 29 147 85 60 62 58 234 71 255 98 125
    17 179 249 255 155 185 7 255 113 255 255 143 255 31 162 184 42 255
    220 134 25 255 75 22 200 34 16 239 88 242 255 138 169 5 6 243 255
    241 194 249 73 53 255 90 253 45 142 173 255 254 49 13 43 113 18 193
    54 255 51 255 166 169 9 255 255 144 141 60 180 3 236 176 235 255 255
    28 229 255 255 106 110 45 28 199 255 249 0 91 62 255 46 126 158 56
    65 255 255 110 28 144 200 250 252 178 255 255 17 255 212 133 125 116
    83 54 255 82 129 38 255 255 255 16 97 255 73 13 255 235 23 255 255
    148 176 147 255 255 98 168 239 126 255 166 184 75 56 79 209 129 198
    255 255 117 255 255 217 229 109 240 96 255 89 186 255 20 109 23 255
    20 141 101 255 255 161 255 166 37 3 255 156 255 255 229 213 151 93
    102 255 73 224 209 6 106 229 255 130 128 255 14 28 118 75 172 37 30
    255 119 5 28 20 47 149 202 255 255 226 171 255 33 239 232 108 129
    133 117 183 75 240 255 255 163 254 192 255 255 255 132 188 191 251
    22 255 85 168 146 67 211 255 84 255 255 127 105 172 255 91 252 250
    255 255 101 22 255 78 233 93 39 199 45 255 147 98 133 123 255 118
    115 169 117 25 189 100 211 255 56 249 255 117 183 109 238 51 225 190
    164 255 238 255 255 124 180 255 12 167 151 126 180 98 255 255 192
    206 139 255 107 130 237 69 83 86 249 6 255 209 254 255 175 8 255 121
    110 255 110 206 99 118 199 91 150 207 20 198 128 51 224 99 230 35
    159 134 93 126 255 193 118 159 141 255 113 27 176 171 178 99 205 144
    255 235 157 255 61 209 130 86 255 108 255 195 255 255 133 109 133
    246 255 85 169 255 179 235 86 255 138 183 41 244 8 177 184 71 192 7
    255 255 169 134 40 90 144 181 255 255 255 243 142 103 90 144 255 177
    255 76 90 255 85 146 105 255 237 239 96 19 162 254 255 42 7 192 115
    33 195 132 255 96 255 255 84 42 53 67 35 255 255 139 219 173 255 255
    66 140 255 45 250 31 207 145 252 175 35 229 46 255 124 197 250 222
    192 192 161 214 172 255 180 255 255 193 125 28 53 249 255 180 185
    255 34 38 179 87 196 3 16 10 255 255 250 255 4 192 255 245 255 172
    101 221 255 198 220 255 244 38 255 2 130 18 57 124 167 205 190 73
    156 255 212 36 151 114 80 210 255 200 145 235 98 27 255 179 100 255
    188 24 27 71 140 128 51 34 255 39 59 172 255 105 13 101 105 255 172
    255 202 160 255 255 26 101 202 255 100 99 26 113 255 56 255 255 27
    240 172 235 144 12 215 139 169 200 149 111 16 255 50 193 220 22 188
    255 255 106 176 255 48 105 255 188 177 131 255 57 219 19 27 255 255
    18 255 229 121 20 48 159 255 129 163 167 224 178 255 22 8 15 255 191
    18 255 239 149 72 216 255 83 249 255 202 255 255 187 231 191 255 255
    66 175 238 255 60 255 63 27 135 255 22 115 22 192 24 255 255 89 186
    151 255 194 10 161 255 71 255 250 4 32 33 255 215 66 215 206 229 144
    255 255 51 38 255 255 73 247 255 255 161 33 255 202 189 255 101 183
    225 255 180 168 219 142 43 255 25 220 142 223 142 247 255 29 36 66
    199 151 36 56 244 93 202 41 152 124 232 40 196 255 189 255 80 46 58
    63 200 4 255 228 255 63 255 255 232 12 119 255 210 105 25 255 99 255
    76 255 13 56 126 171 145 49 255 200 53 40 103 38 255 255 185 46 31
    90 255 143 164 7 18 215 101 223 61 156 139 255 207 18 108 48 204 80
    217 35 106 65 216 38 207 255 255 255 47 255 53 222 191 25 109 233
    255 171 44 255 166 99 255 205 104 255 223 240 255 169 178 255 171
    116 202 222 9 235 153 225 205 198 154 111 31 110 255 90 118 255 247
    250 162 215 128 254 30 164 255 36 255 30 42 142 255 110 255 255 93
    163 255 189 255 40 233 255 33 255 34 99 110 67 255 39 105 255 255
    202 81 255 196 162 38 33 31 36 255 254 242 123 255 254 255 255 187
    115 113 177 224 89 42 213 154 215 215 204 237 39 255 197 158 255 83
    106 136 220 132 2 215 253 255 183 255 230 94 59 162 193 219 255 156
    82 196 2 144 93 118 135 2 133 123 94 48 169 255 99 58 209 163 30 182
    136 255 73 243 100 171 241 202 255 190 128 255 57 255 70 133 137 166
    8 72 255 136 94 255 169 166 20 219 164 247 235 255 38 153 44 217 81
    190 255 173 42 255 139 118 255 211 13 242 6 133 98 164 105 254 225
    255 73 244 115 235 175 228 255 13 52 255 33 255 225 2 73 94 204 22
    172 255 255 22 255 255 101 196 255 225 163 255 255 116 238 40 255 29
    66 225 255 255 108 255 247 193 89 164 174 6 255 249 14 88 204 6 255
    220 126 255 247 161 99 255 67 220 218 239 76 74 224 255 36 255 255
    106 255 35 224 37 108 255 38 123 56 220 91 164 15 194 207 255 207
    102 68 255 255 89 230 199 194 98 225 57 255 109 223 255 161 255 53
    217 255 255 174 33 255 190 78 227 22 255 186 12 218 172 114 201 255
    232 255 255 53 197 255 18 243 154 45 206 222 222 59 50 31 13 189 199
    255 255 151 245 124 53 113 255 136 250 255 238 226 255 92 14 83 107
    235 85 223 72 161 0 255 76 8 255 152 138 57 20 255 192 255 103 191
    255 47 71 58 28 178 255 237 3 133 241 39 99 214 91 234 255 42 20 205
    255 255 255 129 255 180 14 43 22 67 76 116 147 220 146 140 101 110
    100 186 255 154 99 224 133 70 38 143 63 53 252 229 215 209 30 84 255
    255 116 158 255 224 96 30 255 97 255 255 255 36 191 40 156 15 35 255
    124 238 30 250 255 255 255 188 255 209 223 131 214 105 252 255 172
    255 106 229 109 90 8 255 27 95 171 240 255 197 98 192 3 164 255 189
    180 255 159 1 255 106 240 225 255 254 34 65 31 224 212 148 214 187
    96 255 45 79 120 108 181 255 250 168 255 255 198 255 255 80 153 60
    126 29 235 178 255 255 156 177 255 182 255 187 27 255 255 108 255 53
    184 255 247 99 47 46 38 67 119 152 72 157 8 106 255 60 105 126 178
    230 99 81 97 255 255 191 255 255 10 219 15 73 106 152 87 255 83 162
    27 255 44 93 107 164 139 124 54 214 154 102 194 247 255 93 25 82 23
    182 245 255 89 125 255 121 255 255 108 182 61 160 80 255 202 77 239
    69 158 60 177 177 255 213 229 240 42 247 83 137 187 30 245 255 252
    112 201 255 49 57 0 67 115 104 97 33 244 199 144 151 153 255 255 37
    255 255 204 77 255 208 161 179 18 163 60 88 4 255 139 255 152 44 123
    28 19 129 255 252 138 255 199 220 5 11 255 255 20 73 109 105 195 119
    219 255 255 183 11 75 136 126 45 135 19 88 108 129 53 43 142 104 255
    133 116 178 133 255 13 82 121 47 154 229 81 162 71 7 134 207 89 255
    214 161 218 164 255 5 109 227 238 255 53 91 255 63 46 255 115 38 179
    255 230 169 160 255 227 199 186 164 174 129 20 107 255 255 250 94
    154 251 30 56 244 255 255 84 56 255 46 144 78 242 46 177 189 167 255
    100 175 156 236 53 61 121 255 134 106 255 255 52 178 255 172 76 70
    89 119 255 244 116 169 63 255 73 123 247 255 255 38 124 191 27 255
    154 151 73 227 5 133 63 56 50 233 57 255 188 62 63 81 97 255 138 129
    179 255 255 186 63 229 81 119 4 154 84 209 255 69 204 255 138 63 255
    92 228 172 125 255 255 240 145 129 204 147 43 195 255 81 226 114 30
    231 27 255 210 115 255 126 95 255 161 133 247 8 9 18 101 140 101 218
    255 255 87 255 255 71 22 205 37 255 142 183 75 53 108 120 255 172 42
    255 42 250 138 37 183 3 126 255 53 168 119 197 195 87 255 231 220
    255 247 115 255 146 255 76 49 244 73 240 68 204 218 255 255 240 81
    172 33 169 65 252 152 31 184 172 23 255 255 255 187 248 30 255 254
    80 58 99 255 6 105 255 155 10 85 12 6 80 255 254 152 6 115 242 93 73
    51 36 148 255 35 209 78 103 154 13 193 148 50 142 134 255 70 104 179
    58 255 255 255 255 86 141 97 245 255 187 255 253 48 255 143 202 255
    225 255 38 64 92 249 173 92 141 115 157 244 123 255 255 193 20 255
    53 90 255 217 71 255 26 67 255 0 255 255 83 10 181 250 255 15 128
    152 255 255 86 85 89 154 255 74 81 255 255 62 255 136 118 166 12 255
    242 107 142 234 255 82 86 202 255 169 81 255 255 133 224 255 116 109
    13 67 67 177 255 68 22 180 148 235 3 167 255 69 73 229 255 53 8 205
    3 255 121 255 144 3 25 255 249 1 35 55 255 46 186 166 138 111 255
    249 213 169 43 135 66 88 255 249 234 179 96 136 67 133 146 130 196
    255 207 22 255 172 97 255 87 233 68 169 181 255 25 229 207 109 250
    46 33 8 255 175 171 255 163 215 128 36 68 118 91 154 255 255 105 71
    253 255 210 225 255 255 240 100 255 202 132 255 61 43 20 121 255 43
    96 90 46 126 110 164 205 101 255 195 215 255 191 255 244 235 29 249
    116 142 147 249 255 194 246 78 128 213 118 162 180 109 255 146 245
    179 255 35 255 236 101 169 65 209 255 255 255 217 143 120 255 91 255
    255 87 202 53 250 54 255 94 97 255 37 154 25 3 138 255 255 11 240
    107 111 255 37 124 255 58 0 255 199 61 23 119 255 179 54 219 255 245
    240 33 196 249 255 196 255 15 58 139 232 231 18 196 139 255 162 255
    91 91 255 58 255 226 4 63 91 44 210 250 157 255 120 52 179 22 130
    255 255 76 255 57 70 27 99 133 141 168 113 255 130 32 136 148 142 35
    0 57 182 128 54 28 143 75 255 105 48 255 138 147 255 183 6 252 255
    253 255 237 233 255 114 106 255 114 200 255 187 183 237 76 108 91
    234 219 116 26 255 224 236 234 48 255 57 255 148 255 31 29 255 255
    201 19 200 84 164 70 255 201 118 255 255 255 54 255 182 255 234 224
    211 220 0 255 255 93 138 255 255 28 72 164 255 89 106 178 4 239 58
    42 255 67 255 240 114 202 219 237 252 66 169 135 255 116 233 255 94
    9 255 33 48 255 38 94 255 79 237 219 179 255 78 191 126 207 247 255
    171 52 242 255 178 128 215 62 104 89 192 148 89 255 226 255 111 255
    189 61 218 194 161 73 196 252 76 235 162 255 2 251 25 255 81 239 27
    85 202 255 170 132 70 55 255 70 138 46 255 187 56 234 123 129 255 65
    159 154 91 219 83 255 115 224 172 185 5 227 183 205 214 25 255 120
    62 154 209 209 255 178 255 149 173 154 255 169 82 255 13 167 234 198
    242 255 151 171 217 64 110 147 55 255 129 228 213 255 255 67 60 249
    70 184 98 187 53 101 130 40 255 105 255 190 54 164 246 5 124 255 255
    255 250 255 78 133 47 255 11 166 2 201 255 89 220 148 136 160 192
    255 61 166 159 152 44 255 74 255 255 128 216 235 28 8 227 27 125 136
    61 67 255 91 44 152 187 255 255 209 80 255 22 144 194 115 255 38 242
    161 255 247 255 146 216 255 28 255 0 192 82 4 65 162 82 10 72 221 38
    250 226 255 147 255 217 215 255 229 183 67 70 171 255 255 28 255 8
    31 80 48 224 13 255 45 248 255 40 255 255 46 11 255 211 77 15 198 52
    99 7 188 255 214 97 179 92 39 255 152 19 28 72 133 191 249 152 55
    145 80 255 100 85 255 255 255 184 4 20 255 136 255 255 18 142 48 60
    132 255 2 143 177 44 76 255 255 143 217 175 58 255 245 101 31 26 255
    255 139 81 96 83 210 3 154 19 3 31 67 142 107 143 196 228 85 255 127
    3 131 187 153 189 186 16 255 255 252 225 196 163 255 197 255 255 238
    86 255 130 114 219 60 8 66 242 218 58 101 82 255 255 91 255 65 90
    245 128 254 255 2 47 255 255 63 239 255 66 63 231 151 83 105 255 255
    229 121 255 52 82 255 197 110 255 34 255 255 58 195 255 35 226 255
    165 82 38 60 196 177 166 99 255 235 11 129 174 255 255 9 255 189 137
    255 255 145 213 2 250 68 255 251 201 255 66 27 250 233 226 225 69
    176 22 93 201 28 255 115 239 247 255 114 25 176 255 139 29 136 184
    255 144 70 229 17 255 129 255 255 204 94 53 205 10 225 255 255 124
    13 182 226 39 141 19 68 138 227 178 235 255 57 255 231 255 98 63 255
    113 127 37 255 80 231 48 129 221 194 241 192 99 162 188 255 73 142
    252 109 228 124 137 53 22 117 255 138 108 27 224 183 130 103 177 66
    101 179 63 255 255 53 250 79 57 255 209 90 255 146 250 255 213 249
    141 255 163 131 208 23 128 99 255 255 252 123 182 202 171 81 181 204
    25 216 206 128 220 154 40 220 15 191 255 163 121 116 48 123 213 81
    181 108 187 76 207 104 255 220 43 255 93 211 255 76 250 81 180 244
    93 189 29 255 211 115 220 255 255 89 161 3 255 80 159 104 219 139
    255 255 209 255 216 156 134 183 32 255 229 35 41 2 59 7 200 152 255
    53 56 53 236 42 255 210 245 128 255 255 255 220 111 30 62 238 215
    146 255 66 63 105 255 128 237 53 54 6 113 189 13 196 62 252 106 10
    144 255 164 53 255 46 156 255 234 233 45 224 20 33 209 94 219 36 14
    30 85 27 255 47 61 199 2 126 186 91 14 43 30 210 202 90 255 144 255
    228 134 64 68 126 182 92 255 58 221 255 255 82 191 255 209 197 246
    255 215 255 228 41 183 54 255 110 255 161 29 178 152 200 53 10 147
    13 48 88 255 255 119 255 219 255 58 255 195 255 111 89 72 255 108
    137 255 31 255 255 111 255 255 69 255 214 164 38 215 222 67 161 211
    157 50 72 168 255 255 156 144 60 133 149 132 154 149 27 37 142 102
    247 191 74 201 139 255 255 255 112 255 151 255 255 12 111 39 171 215
    105 94 54 5 31 181 27 22 220 126 255 255 25 255 177 156 73 231 123
    224 22 204 255 199 255 123 44 59 103 36 9 123 255 255 255 236 126
    255 81 169 255 217 255 255 255 176 255 125 255 255 80 255 255 255
    207 25 135 116 191 188 255 255 255 70 255 244 85 138 168 224 189 39
    185 255 162 32 255 112 167 252 184 175 199 179 168 255 166 134 255
    76 25 85 46 243 68 80 20 255 162 40 249 201 138 254 255 67 96 13 255
    48 62 62 133 153 56 192 199 255 255 255 255 255 83 225 182 123 8 40
    87 130 225 170 255 255 150 250 88 28 108 94 242 140 255 128 255 61 7
    176 249 139 121 20 255 81 255 84 119 239 132 215 199 163 255 255 120
    59 204 208 104 255 192 57 91 146 147 204 44 255 255 108 33 23 10 133
    255 191 1 255 61 118 28 189 140 2 42 46 255 119 95 103 224 4 255 175
    6 250 6 255 167 102 5 159 231 255 255 201 248 255 7 214 255 150 171
    255 210 255 89 85 255 255 177 102 162 38 86 23 228 56 93 177 169 255
    88 194 116 22 255 255 181 48 23 244 105 255 134 35 51 61 77 254 99
    119 235 33 70 255 85 83 7 25 10 38 85 121 45 164 63 255 99 228 212
    255 190 255 82 75 255 198 255 255 218 162 174 102 255 131 255 223
    235 255 255 86 238 237 255 234 120 255 145 255 182 30 186 255 117 63
    43 61 255 51 107 233 46 108 255 45 165 124 255 224 173 61 25 149 8
    255 230 255 199 25 204 142 158 255 53 255 63 168 104 192 12 255 255
    255 78 244 202 255 255 173 10 161 61 157 18 143 255 40 250 210 7 228
    119 17 134 255 3 153 214 255 174 223 255 49 156 255 255 255 255 34
    62 240 84 199 255 84 23 255 157 255 43 255 255 157 255 34 255 92 83
    255 216 114 230 105 209 93 38 159 255 52 181 126 153 240 75 178 177
    255 51 255 210 182 19 25 39 94 255 123 149 129 255 255 255 156 219
    255 15 255 255 144 218 255 91 108 27 43 255 55 64 47 63 56 119 12
    219 70 220 2 75 255 255 87 35 42 255 255 154 108 146 106 63 255 103
    186 23 255 111 61 191 116 255 227 142 255 7 43 255 48 202 126 250 33
    255 229 78 17 210 48 255 137 52 86 76 72 199 98 255 255 45 24 144
    255 48 255 171 171 136 216 121 38 133 255 255 174 250 30 85 86 101
    54 20 46 206 25 224 166 233 88 154 169 255 255 143 147 123 255 151
    141 234 200 205 27 255 100 94 27 29 231 255 11 162 113 162 120 255
    255 80 179 66 42 255 246 35 255 255 254 138 8 100 199 69 178 81 67
    153 192 66 255 13 72 166 133 31 80 255 58 186 159 174 213 255 37 233
    18 189 18 75 210 70 255 38 44 255 136 225 237 82 35 240 255 130 255
    255 15 128 27 49 136 197 129 169 255 252 255 126 71 255 126 213 152
    92 149 210 224 192 191 220 255 45 49 77 142 161 100 73 255 237 8 91
    175 0 187 255 113 1 72 255 243 255 227 255 175 255 78 27 28 254 147
    144 177 37 255 229 237 255 255 10 255 85 204 255 125 95 255 96 44
    189 177 144 149 103 65 255 49 102 5 16 196 136 70 30 255 244 35 249
    10 255 204 88 209 255 193 255 255 76 89 41 8 255 109 210 30 60 255
    133 252 252 22 71 136 77 255 148 118 75 125 54 159 40 151 191 247 0
    197 201 255 50 26 255 255 38 172 255 224 10 255 255 201 58 22 147 38
    255 149 2 79 255 83 25 255 189 105 178 101 16 152 255 105 219 123
    229 147 250 44 166 255 201 248 255 31 9 230 73 132 255 61 9 222 123
    140 255 82 0 255 126 67 35 129 68 255 226 1 255 157 83 255 191 255
    255 62 252 20 255 240 50 120 168 85 255 177 76 217 135 149 162 172
    255 241 86 255 138 133 123 112 3 255 13 188 159 64 199 83 255 255
    207 133 226 210 62 90 93 126 163 222 30 142 124 128 213 219 108 255
    255 152 80 31 20 255 28 22 157 255 117 255 224 170 59 255 160 223
    255 237 38 237 201 255 255 179 53 2 199 255 255 245 255 33 210 255
    56 2 14 225 46 132 51 234 3 116 150 46 98 134 191 255 15 202 255 118
    139 146 42 0 255 51 154 73 232 38 141 255 219 101 18 213 255 151 27
    225 250 233 138 56 101 255 102 134 123 209 219 204 255 255 73 255 80
    255 94 85 255 255 1 89 255 68 50 235 229 255 30 15 255 70 253 146
    161 255 255 87 255 255 255 255 255 97 216 8 155 238 196 255 248 50 2
    161 138 17 109 61 204 63 255 114 175 250 33 209 41 202 164 109 255
    81 8 89 253 255 35 255 249 66 195 184 51 62 255 223 199 156 214 139
    197 250 124 31 0 178 240 126 111 36 3 148 169 224 186 255 189 63 192
    251 54 255 219 255 255 82 255 255 93 175 70 225 175 255 255 130 128
    255 44 56 142 135 240 168 159 96 105 234 255 255 99 134 101 9 119
    224 237 255 187 255 104 64 255 237 78 255 250 252 143 255 255 255
    255 111 152 23 235 25 255 186 0 255 254 58 161 136 129 249 255 200
    118 150 231 5 115 255 144 85 226 123 209 16 10 33 80 255 217 104 202
    255 89 255 123 44 255 223 186 255 130 145 12 242 1 255 153 245 255
    54 255 222 29 83 255 255 173 255 34 218 255 142 33 154 56 120 12 174
    56 255 198 39 255 81 228 245 13 82 255 201 255 255 143 65 255 51 210
    232 38 115 166 130 255 219 255 81 114 254 255 152 156 244 169 70 228
    255 15 255 255 183 255 255 199 210 73 88 152 255 70 158 171 64 40 38
    178 255 108 215 213 214 187 126 255 51 147 255 165 255 255 211 105
    234 54 133 166 255 56 255 132 147 181 187 30 73 54 192 33 71 73 129
    66 177 71 16 4 38 89 115 70 217 151 255 207 4 109 182 183 192 217
    253 121 217 214 179 15 255 7 255 183 156 209 255 249 255 91 255 126
    121 8 6 195 255 160 34 255 105 255 255 38 255 116 103 18 237 225 255
    255 151 27 167 40 255 255 229 96 255 178 3 219 53 78 214 255 91 255
    193 44 68 177 145 73 169 82 255 255 244 244 45 53 157 213 202 255 42
    255 255 31 142 255 40 240 119 6 255 114 225 255 255 168 33 191 42
    255 220 161 187 101 247 104 192 247 4 204 127 111 128 69 168 149 92
    1 255 21 129 106 207 242 98 237 75 202 58 10 194 223 218 255 20 255
    103 155 255 118 112 139 255 198 30 255 189 113 255 251 255 255 190
    255 191 116 255 255 118 255 255 89 92 247 110 226 255 148 255 255
    111 157 28 201 106 255 42 44 154 184 229 8 225 255 255 40 255 255
    130 92 255 72 215 48 195 199 197 226 254 142 255 205 255 253 92 75
    70 92 255 217 13 255 7 80 25 168 191 255 183 209 157 108 102 255 16
    73 191 213 255 99 12 249 96 98 172 121 84 166 172 255 139 177 178
    206 7 64 154 255 148 244 199 6 54 210 197 4 255 255 255 255 187 230
    94 9 169 113 9 115 239 127 250 194 74 218 161 38 255 255 253 255 56
    255 202 255 219 129 255 45 152 255 121 195 255 82 57 247 124 190 255
    82 255 94 251 255 25 163 215 186 210 220 255 110 128 116 150 75 194
    73 82 172 170 210 157 255 226 255 119 168 234 200 86 255 196 40 255
    84 255 220 181 101 126 24 140 166 190 214 197 15 138 196 76 211 116
    10 115 255 4 56 242 255 195 23 254 54 161 233 255 255 156 152 22 192
    23 210 255 255 255 93 10 91 130 255 40 71 71 202 66 255 15 48 180
    220 20 175 255 107 16 63 100 29 200 39 65 255 161 104 56 255 205 255
    48 233 5 204 29 255 102 126 109 124 62 70 108 169 55 62 16 255 234
    111 111 65 255 227 210 116 184 10 96 255 254 255 255 63 57 131 218
    206 126 182 135 255 242 166 199 42 220 172 161 195 255 116 77 255 61
    247 255 25 255 255 156 97 28 92 255 255 89 185 41 174 181 103 195 40
    255 255 178 255 26 199 202 255 18 179 187 27 255 67 85 96 244 202 65
    237 113 255 187 192 255 207 233 230 208 211 83 8 229 255 246 255 255
    70 133 227 54 56 255 255 250 113 255 118 255 165 125 255 79 255 40
    242 52 255 11 199 255 255 147 96 66 186 255 250 200 159 133 187 255
    55 16 111 215 130 197 134 255 126 233 213 255 161 101 133 255 231
    217 88 255 240 55 230 255 105 197 204 211 118 255 252 158 191 37 49
    197 193 225 255 255 255 255 79 102 89 52 218 255 174 162 255 7 255
    255 226 66 255 128 191 8 255 240 147 161 20 89 25 255 53 211 233 0
    253 228 255 184 252 91 9 47 242 133 249 255 25 72 172 198 91 3 134
    94 5 166 101 255 121 216 141 255 225 123 134 228 22 10 255 255 12
    204 255 120 25 255 55 185 68 229 255 255 216 101 250 255 57 28 255
    87 20 146 249 255 142 185 255 215 207 255 70 255 255 148 6 88 65 82
    255 195 255 191 223 18 230 172 71 255 64 214 51 163 35 255 38 121
    255 10 120 191 56 94 244 102 204 255 180 216 255 91 255 7 17 220 3
    190 82 255 219 6 86 145 25 56 39 52 65 130 247 187 28 255 17 159 197
    247 21 92 255 171 253 255 16 207 20 247 166 229 42 96 123 231 211
    134 223 255 255 165 159 255 245 176 255 166 97 187 9 255 255 48 126
    166 98 183 255 16 54 93 26 109 255 225 216 255 200 187 250 34 195
    255 27 225 86 251 255 113 26 255 22 62 210 255 145 72 224 237 168
    255 232 101 7 255 77 121 162 96 255 162 252 255 47 143 255 204 10 81
    126 215 94 188 253 232 79 149 255 31 187 255 169 255 237 191 167 255
    223 106 255 255 157 255 218 181 255 255 33 171 226 47 255 169 181
    255 146 51 48 81 147 27 178 255 255 173 4 104 210 154 217 255 187 86
    208 137 255 255 247 63 117 255 129 255 244 219 76 24 116 29 205 255
    189 78 171 255 255 159 38 5 255 255 149 255 255 120 255 216 247 240
    220 86 235 204 43 89 211 148 83 11 230 139 75 70 224 28 22 167 82 37
    149 240 255 255 234 158 255 159 126 83 232 158 255 183 255 197 255
    255 239 114 247 88 184 61 51 17 221 255 150 226 204 253 158 255 144
    182 199 112 215 242 181 235 70 42 95 255 197 138 255 255 255 2 218
    181 177 90 221 255 111 19 255 169 54 70 227 10 255 49 255 53 188 96
    255 129 255 255 91 66 255 70 13 23 163 10 252 121 161 255 157 215
    255 111 97 255 138 67 10 247 255 255 252 255 65 255 85 189 242 255
    255 123 255 152 161 110 159 66 255 133 246 1 234 245 28 237 137 255
    255 233 151 255 148 27 3 91 190 255 177 237 235 17 224 255 255 240
    255 111 120 28 35 178 181 110 32 89 94 11 255 80 255 255 1 201 255
    110 81 144 178 188 255 255 110 255 255 156 194 61 101 255 154 235 58
    100 35 255 142 255 33 255 255 138 8 8 5 220 228 94 125 132 189 93 10
    174 37 255 255 198 255 156 172 195 41 40 52 255 108 255 255 124 110
    139 251 30 83 51 11 255 69 197 109 38 255 255 255 132 255 246 126
    230 19 118 255 21 90 182 34 230 88 168 125 255 243 255 99 8 97 229 3
    161 194 255 190 255 160 255 234 255 46 255 217 255 255 0 196 255 210
    255 38 155 194 255 99 82 255 30 5 58 42 35 255 174 255 23 206 231
    225 89 78 255 255 169 255 134 87 255 255 192 255 2 175 149 114 218
    255 204 213 255 97 62 35 30 255 96 197 190 250 184 73 255 110 255 93
    210 239 22 255 47 40 27 72 60 255 255 121 235 42 255 255 245 255 73
    201 144 101 97 255 101 162 255 36 87 35 241 100 128 206 121 46 53 32
    13 148 61 255 39 40 146 255 106 232 245 228 255 35 255 151 255 234
    255 44 97 255 189 148 28 159 164 255 148 244 255 255 185 68 85 108
    196 150 140 164 180 242 255 141 147 7 35 255 114 39 128 255 255 191
    255 8 161 230 205 255 205 234 255 113 250 255 184 255 199 255 181
    114 204 179 42 245 255 255 60 154 13 128 106 114 255 151 255 68 120
    130 5 255 130 255 33 209 255 177 255 255 132 220 255 89 119 50 254
    237 192 1 13 255 81 158 255 151 68 255 92 27 113 78 87 255 6 163 255
    148 255 255 63 255 109 103 18 194 85 97 91 202 53 129 76 167 255 141
    255 78 63 46 204 162 18 222 38 197 255 206 239 232 25 213 138 11 28
    255 46 255 116 63 153 255 3 255 169 255 87 161 148 66 255 46 255 255
    49 176 31 156 255 255 255 252 119 130 166 255 9 133 255 189 215 3
    218 216 255 155 6 255 255 233 255 175 133 255 255 255 255 218 96 45
    76 255 38 186 4 66 155 13 154 237 226 91 136 216 255 249 92 207 231
    130 254 222 191 255 21 213 255 16 255 255 213 19 255 183 254 66 186
    202 230 255 114 220 211 255 169 27 140 255 156 70 149 117 3 255 226
    47 196 40 90 176 255 234 237 26 129 35 39 33 255 100 192 255 152 255
    38 226 151 255 10 111 255 93 178 255 160 25 144 180 154 161 255 53
    60 13 20 27 166 172 255 246 228 38 135 99 255 168 116 232 16 163 219
    38 255 255 183 143 255 224 254 255 147 221 255 189 166 255 233 130
    179 228 255 255 166 195 255 56 96 41 150 71 12 249 255 255 115 89
    252 182 235 255 153 24 255 87 255 0 216 28 177 242 255 30 8 139 227
    255 90 255 13 255 88 201 201 255 181 255 63 151 75 250 27 255 255
    192 16 138 141 187 252 255 255 255 196 255 18 255 166 75 51 24 255
    207 152 94 15 67 217 152 135 118 164 255 121 238 23 136 69 104 162
    92 137 154 70 255 255 17 10 255 255 134 255 29 255 255 246 126 255
    110 255 255 62 195 66 46 202 41 58 76 239 115 75 255 161 23 255 160
    255 227 44 255 255 177 255 139 224 1 197 218 169 255 210 51 202 78
    100 255 181 255 205 48 255 255 129 51 177 180 43 192 136 249 255 61
    188 255 70 92 53 138 95 229 48 53 197 48 11 255 187 109 146 26 100
    33 253 255 255 201 234 255 111 216 177 71 116 255 2 47 255 204 248
    255 71 78 176 2 255 40 224 78 89 255 115 219 143 70 3 120 255 30 44
    73 128 132 235 234 112 197 255 92 83 214 112 255 149 241 202 94 183
    42 121 55 255 181 247 196 255 82 163 159 97 213 225 119 255 255 52
    37 152 16 255 187 138 255 255 34 205 89 255 205 99 244 255 184 255
    255 255 197 46 31 34 255 104 241 249 20 89 209 255 159 86 255 129
    255 200 105 172 99 126 255 255 56 255 255 36 255 99 169 237 205 161
    255 45 119 177 255 196 200 5 20 225 255 73 176 227 22 255 255 13 255
    212 30 135 205 108 94 255 247 255 252 173 66 123 142 255 99 114 110
    225 35 176 202 22 175 255 123 255 103 175 255 116 208 81 23 109 178
    179 235 231 111 174 255 255 123 119 225 223 210 51 29 46 139 200 204
    255 97 225 255 168 210 255 186 255 255 227 152 220 39 86 196 255 39
    111 3 255 136 144 209 255 114 91 222 57 5 247 225 137 114 61 133 237
    144 16 240 255 255 194 130 255 181 231 96 17 255 86 96 54 11 58 144
    33 46 69 173 46 236 255 245 129 70 136 58 255 22 102 147 255 99 255
    255 255 135 75 91 255 255 190 95 255 255 113 167 118 255 255 57 255
    56 147 119 255 174 86 255 177 28 255 255 94 61 73 243 53 218 128 227
    226 216 149 63 35 17 195 252 255 3 67 230 252 28 202 169 53 146 210
    80 27 63 216 255 228 209 45 197 255 197 255 255 237 255 6 255 241
    151 181 246 200 118 193 133 40 80 29 114 172 38 255 243 99 8 87 255
    255 255 152 66 30 22 66 90 255 111 20 47 38 241 164 255 165 42 217
    255 252 12 120 147 194 29 156 225 139 255 255 66 185 255 121 211 255
    102 138 255 207 196 167 3 129 18 195 250 66 47 182 131 15 255 184
    211 196 255 94 37 255 134 183 255 4 119 15 233 255 101 119 187 255
    192 76 45 15 43 35 216 181 255 173 243 35 30 113 255 255 255 255 168
    10 255 255 152 159 88 255 22 255 255 156 147 255 154 164 123 215 231
    102 172 213 81 118 170 255 255 141 255 146 52 233 70 112 223 171 117
    213 239 85 201 147 255 167 244 24 73 247 255 192 255 146 255 220 145
    194 60 202 124 255 124 143 99 134 83 255 89 139 199 36 126 123 130
    111 255 81 132 255 170 101 41 55 244 255 12 172 255 9 250 133 255
    124 255 213 234 249 244 110 133 244 100 255 193 255 13 74 255 255 18
    68 192 206 68 50 175 255 23 19 255 255 148 58 215 240 0 15 188 199
    255 94 15 255 233 123 70 112 58 43 127 213 255 192 255 255 191 96
    255 164 101 7 65 77 217 255 255 255 74 249 35 255 152 255 255 24 255
    91 68 136 88 255 215 153 169 157 119 255 78 53 145 255 170 255 22
    108 130 192 13 180 255 156 255 65 100 214 17 189 255 222 170 237 219
    173 210 255 198 104 255 255 94 255 38 132 166 147 209 255 173 58 255
    61 109 255 100 148 174 56 38 126 193 237 131 63 140 255 238 42 234
    166 255 31 247 255 255 146 255 255 132 72 255 139 176 255 175 120
    255 231 82 205 46 111 250 33 68 255 169 183 88 255 126 255 61 72 255
    3 63 255 148 166 205 191 120 27 202 206 255 61 22 255 188 255 255
    106 169 254 136 46 33 63 255 169 156 244 179 255 243 101 9 66 232 12
    173 141 129 148 255 0 161 0 255 248 255 255 207 255 154 110 30 12
    254 146 157 188 191 204 5 255 255 177 255 205 255 255 255 27 45 39
    255 245 255 62 255 144 62 177 174 197 8 42 183 235 251 231 33 71 145
    139 12 96 51 133 185 255 65 132 255 236 255 255 235 53 232 4 128 202
    60 53 255 216 221 131 246 23 55 63 95 177 216 25 22 38 255 209 238
    255 186 178 242 166 255 164 66 116 196 255 144 33 255 22 28 146 246
    149 144 71 52 227 199 11 255 180 158 255 13 77 88 137 70 60 96 238
    255 148 120 255 165 137 255 99 248 58 211 171 119 175 153 30 79 255
    224 136 67 255 108 211 103 132 3 162 36 197 0 94 114 51 91 100 174
    120 255 255 35 9 124 135 132 121 246 53 255 159 63 255 88 35 93 115
    255 247 213 255 255 255 176 76 187 132 255 173 235 174 100 1 255 73
    51 179 255 255 89 229 102 255 106 255 255 197 169 131 141 255 184 71
    23 118 18 124 106 237 20 124 84 16 83 229 245 172 99 176 255 46 233
    51 244 255 255 30 173 255 43 169 142 134 244 255 220 240 255 255 255
    25 134 239 202 94 255 159 245 237 235 11 25 184 216 126 255 255 204
    43 192 86 181 232 40 129 210 255 220 112 187 83 170 209 240 255 118
    60 255 140 255 237 255 255 196 226 255 160 43 177 255 197 18 103 162
    255 101 228 207 118 73 38 58 22 255 66 190 50 81 120 255 61 156 255
    255 233 182 255 186 177 255 194 255 34 72 204 34 238 220 255 255 255
    243 54 255 44 89 22 124 73 255 136 71 30 74 25 255 228 190 227 143
    197 212 255 255 159 63 63 131 57 99 38 48 196 15 144 209 91 162 209
    255 255 255 109 15 255 174 74 255 255 44 151 255 163 255 197 62 54
    255 251 47 255 234 52 50 130 81 255 161 255 149 165 169 3 168 255 50
    128 215 247 30 83 255 223 147 85 103 43 255 255 255 255 227 255 68
    19 202 237 231 218 189 70 191 255 8 145 255 142 255 89 154 43 255 29
    108 255 118 200 255 160 34 142 61 43 106 255 234 99 151 255 255 87
    120 186 177 4 255 100 255 22 255 125 172 151 200 255 220 22 255 214
    202 247 74 116 146 255 226 255 134 109 255 166 255 230 253 167 255
    17 255 255 255 255 255 70 255 118 109 153 255 255 255 172 255 255
    255 148 0 154 219 154 255 27 73 255 110 43 78 255 255 53 225 48 222
    192 81 81 89 255 186 29 71 156 100 90 235 100 113 255 119 211 108 76
    147 56 255 255 118 204 255 255 89 99 247 2 255 108 29 183 255 193
    134 210 15 96 71 40 138 255 246 255 245 255 140 93 48 240 255 214 49
    199 96 0 152 61 183 58 45 188 255 13 233 255 172 90 28 106 133 197
    206 255 45 87 130 255 225 91 255 255 95 255 142 101 61 255 220 255
    166 63 66 33 70 255 150 152 136 169 255 255 64 255 13 142 177 36 150
    23 255 255 190 255 117 43 255 133 94 58 78 13 89 196 224 255 81 67
    237 153 115 255 48 164 104 178 147 255 251 94 205 109 66 141 247 255
    255 255 255 255 174 196 255 48 213 255 255 255 142 147 255 134 136
    96 255 40 201 142 93 173 35 66 169 33 107 53 181 33 255 215 255 255
    217 120 181 89 255 30 151 240 129 255 40 14 63 83 70 229 74 24 255
    253 157 25 186 91 194 187 32 196 85 206 255 33 73 255 142 255 196 30
    35 194 70 119 244 136 81 255 6 142 41 130 119 255 255 206 156 186
    135 89 186 206 113 38 62 255 98 66 252 145 176 255 103 4 255 78 108
    55 15 255 244 174 255 227 242 255 129 18 224 230 147 101 255 84 172
    255 52 247 245 135 132 7 255 235 171 103 10 255 116 255 255 40 248
    167 208 63 255 255 143 255 28 249 89 224 255 182 72 129 250 236 255
    255 218 115 18 74 130 27 96 48 111 238 18 196 78 32 138 182 209 113
    138 255 73 53 121 255 66 255 255 65 82 255 252 237 255 174 114 58 7
    183 254 19 87 219 242 229 255 255 199 255 107 95 240 16 182 134 223
    70 15 67 255 210 215 244 17 27 255 212 94 95 225 150 42 40 4 105 197
    231 32 101 43 183 106 151 167 207 73 255 252 213 248 157 134 192 36
    196 254 118 255 226 196 152 4 255 175 255 45 191 38 91 15 129 30 231
    54 156 240 13 172 255 62 230 255 219 255 207 51 191 222 61 255 10
    134 22 12 24 48 255 99 18 62 255 65 255 190 131 237 42 255 225 169
    255 255 53 255 162 124 119 33 255 255 200 161 255 220 247 166 12 192
    123 70 75 255 37 238 22 127 255 255 139 247 255 83 228 225 247 56
    119 109 78 142 251 126 118 101 216 255 88 102 255 80 33 176 228 255
    12 44 30 80 199 121 255 163 89 225 255 14 247 52 255 255 38 75 23
    193 11 255 82 129 255 56 194 255 200 80 33 189 255 81 76 66 255 130
    116 255 136 34 255 255 218 199 115 255 202 97 8 220 255 106 250 16
    209 255 226 205 255 151 255 255 27 151 250 35 61 255 252 70 255 231
    137 255 58 124 2 27 245 255 255 255 144 250 27 207 137 242 255 34
    255 255 255 81 255 109 171 255 133 226 255 105 37 104 255 57 255 190
    255 28 190 172 12 87 255 255 17 110 177 121 255 93 29 162 81 8 255
    255 27 114 255 255 206 255 67 243 80 6 57 182 17 101 255 62 102 255
    121 59 255 220 255 157 161 247 146 109 255 255 56 48 166 207 190 41
    225 210 255 196 139 86 255 162 255 218 255 199 143 132 255 129 180
    108 28 244 255 143 132 187 78 237 255 55 89 133 231 237 222 154 201
    207 52 191 214 255 255 147 191 20 134 255 3 224 175 95 169 232 168
    254 157 255 197 182 239 182 197 138 152 219 238 36 138 102 255 144
    100 103 28 34 128 233 176 73 19 13 255 148 40 186 238 3 129 243 118
    152 12 37 108 202 255 71 15 121 255 200 225 255 246 255 65 83 30 235
    164 224 166 233 158 46 93 231 255 100 44 81 45 96 255 19 124 255 153
    164 123 26 169 7 172 138 15 255 92 199 227 99 255 255 30 255 184 206
    156 218 121 255 195 255 255 47 101 207 215 215 45 66 32 94 182 172
    27 97 255 239 207 172 252 222 181 255 175 48 7 9 224 162 105 42 187
    89 47 86 255 171 144 175 134 199 254 102 255 57 34 255 99 219 255
    252 255 2 74 255 166 177 22 27 232 87 164 255 23 184 43 151 252 71
    27 80 27 0 157 128 121 255 80 214 197 64 16 255 255 229 75 112 72
    255 255 52 222 255 162 255 187 87 27 170 149 255 201 15 225 186 42
    255 253 151 48 89 132 66 222 197 23 255 206 152 247 118 68 255 33
    204 255 65 255 134 28 255 53 202 255 198 178 172 62 75 63 12 255 255
    90 152 89 164 253 255 134 192 142 40 87 235 34 120 255 36 139 222
    229 73 189 39 255 66 219 52 255 69 149 255 175 214 147 126 196 73
    103 202 255 103 255 197 253 59 89 97 188 169 90 171 255 134 25 124
    120 80 207 213 132 116 160 124 255 63 42 255 183 228 164 222 71 169
    242 87 35 33 44 76 252 70 217 42 134 104 172 43 31 252 255 20 79 40
    255 124 23 255 88 235 255 18 66 255 60 207 91 202 138 255 220 66 255
    3 255 255 31 47 255 255 226 255 8 250 255 242 91 171 171 142 255 92
    15 136 253 210 89 97 213 255 173 255 12 28 191 255 255 164 134 99
    151 239 255 166 255 142 255 108 116 20 3 205 247 98 189 255 181 233
    53 48 40 15 255 80 56 38 255 255 89 80 221 255 237 18 13 13 221 76
    219 121 255 81 133 138 15 209 255 165 80 51 193 38 174 175 197 17
    172 16 80 88 47 18 22 78 255 188 5 25 190 254 255 102 3 196 6 8 255
    170 113 255 13 209 46 250 19 235 8 210 192 27 100 255 70 78 40 1 255
    255 244 166 255 182 211 255 207 132 13 255 99 98 136 34 255 151 66
    31 102 14 255 172 175 116 107 216 255 93 95 71 111 102 222 66 87 66
    19 119 255 33 255 121 241 180 109 56 80 83 60 144 255 71 243 255 147
    86 93 114 166 255 251 25 210 22 238 181 163 255 255 49 83 66 255 255
    71 255 119 139 255 101 134 124 32 255 164 32 53 255 54 235 6 255 214
    132 96 93 27 192 255 136 119 98 159 116 144 112 177 154 136 96 189
    78 218 255 152 99 255 255 255 104 255 66 184 43 81 255 13 197 255 66
    51 255 209 255 255 173 197 151 255 255 157 78 171 255 49 145 255 255
    59 255 228 176 119 183 225 255 255 80 171 255 120 255 123 215 255 53
    5 255 52 255 255 64 255 89 12 244 255 117 59 229 227 206 192 255 213
    255 174 5 255 25 255 229 36 114 144 178 255 255 217 216 36 25 139
    255 161 205 255 182 255 237 29 42 227 255 235 81 0 187 255 1 16 93
    255 140 255 138 255 255 123 255 139 157 109 255 52 89 70 255 255 255
    232 255 255 24 94 136 201 135 101 79 119 244 255 231 124 0 66 237 96
    255 255 36 255 88 52 24 31 125 77 232 189 65 255 13 175 94 175 255
    255 255 181 244 255 206 255 115 187 255 85 190 255 198 255 81 184 11
    255 126 221 255 220 35 161 255 255 66 255 115 255 237 83 255 53 139
    209 217 43 147 246 254 17 6 13 134 234 173 230 210 255 250 148 3 255
    40 221 255 37 101 25 42 159 255 220 255 255 237 255 255 138 181 2
    128 28 255 132 95 147 180 135 162 80 200 123 124 218 114 10 87 35
    240 188 199 88 168 156 200 255 159 107 111 139 215 229 255 255 76
    194 150 197 255 106 76 245 63 199 45 4 20 255 116 110 134 231 148 73
    217 233 255 178 204 255 255 171 169 159 255 255 103 202 255 46 124
    237 222 51 255 197 255 157 159 1 235 148 187 35 233 139 217 134 128
    254 245 121 255 255 196 154 166 216 255 106 163 88 10 252 33 34 219
    255 253 35 138 226 255 214 6 255 171 139 188 99 255 76 187 124 114
    139 82 210 70 42 237 91 211 255 113 3 255 255 177 44 154 171 133 156
    118 211 199 71 70 255 243 133 244 11 149 255 208 164 219 255 186 255
    11 59 255 174 255 91 31 255 255 125 19 141 207 139 176 1 34 210 213
    10 23 249 185 27 200 254 60 126 211 38 90 240 149 255 38 184 220 204
    61 181 101 244 4 255 186 13 33 255 177 210 7 58 130 244 57 185 255
    255 255 255 11 46 200 156 94 181 255 237 244 223 196 169 79 144 106
    67 44 255 125 194 101 106 123 255 178 199 20 201 139 181 106 167 154
    106 228 255 26 255 255 43 226 22 255 61 131 255 70 215 179 53 255
    156 255 255 97 110 255 4 25 255 102 14 0 255 255 255 153 255 200 226
    178 20 64 255 48 22 51 129 134 10 255 128 76 224 51 181 255 255 78
    17 213 90 50 33 76 154 107 205 235 111 253 169 44 126 255 53 15 242
    80 247 255 209 164 22 255 187 255 58 82 250 2 223 255 139 207 113 36
    244 111 172 87 111 222 255 255 255 104 8 243 53 230 216 152 255 92
    49 255 56 209 255 208 1 255 136 255 230 254 167 73 19 255 255 109 18
    58 171 0 255 69 226 176 186 158 126 240 164 255 187 25 60 255 35 255
    214 56 255 255 221 78 80 255 220 105 254 61 184 11 255 35 58 96 219
    81 255 92 61 12 153 125 91 255 34 31 27 255 139 170 40 27 18 162 147
    180 157 255 171 255 255 255 255 255 253 196 255 192 197 255 133 16
    12 92 176 255 129 167 255 52 133 255 244 255 3 64 99 35 244 204 63
    255 63 124 46 221 202 186 224 255 155 5 255 38 125 60 62 89 255 242
    111 25 70 255 162 255 129 255 76 25 255 100 255 255 245 255 202 35
    233 78 141 238 255 229 48 255 146 206 174 46 255 207 179 163 12 186
    206 88 200 244 255 75 255 89 12 163 38 146 205 147 206 255 191 37
    255 131 251 191 108 30 63 134 172 44 255 229 39 86 235 43 78 211 168
    255 81 255 138 189 255 154 31 255 255 215 96 255 183 83 35 180 102
    255 10 171 255 255 255 60 24 16 255 25 255 65 64 255 255 231 233 255
    216 156 103 90 255 157 255 133 255 145 242 108 255 200 51 84 207 20
    7 28 91 43 108 199 116 24 255 114 178 255 144 206 227 178 29 93 255
    162 210 195 255 249 22 255 255 145 255 128 84 255 255 255 255 22 67
    255 61 129 105 80 255 18 2 30 51 86 214 255 255 62 204 200 71 229
    255 202 61 255 228 255 31 174 59 106 118 123 255 123 255 177 121 53
    255 186 248 219 27 255 255 183 148 247 254 183 124 74 90 28 255 70
    146 217 201 157 189 48 255 160 56 255 255 140 252 173 216 255 247
    255 184 44 176 156 205 255 86 201 43 182 253 33 230 43 176 255 255
    96 255 152 121 202 251 8 220 250 59 136 116 104 134 101 53 255 25
    113 179 36 143 35 75 49 255 151 52 146 209 204 83 129 97 129 226 129
    255 117 255 68 66 178 255 163 149 255 255 94 255 40 13 46 178 255
    255 204 104 75 247 90 255 205 243 98 27 143 250 161 190 78 144 156
    101 37 183 255 232 209 124 143 114 255 250 169 2 136 51 255 29 108
    172 103 30 204 155 230 255 11 171 244 255 140 68 255 225 255 142 63
    255 139 63 147 211 135 199 110 22 255 36 126 255 195 226 249 76 255
    126 120 164 151 238 19 255 253 234 255 90 144 48 255 161 255 24 255
    255 255 255 255 139 100 224 60 33 255 58 255 10 60 243 255 56 92 255
    135 29 255 169 234 255 76 202 255 36 175 23 46 123 255 152 255 25
    255 255 154 2 187 191 223 255 217 87 53 199 11 109 255 255 123 255
    199 255 255 117 255 111 255 144 133 114 48 12 69 46 255 255 240 255
    47 83 255 247 237 187 111 76 255 26 8 255 73 255 255 236 15 255 37
    71 255 143 49 255 88 200 144 112 38 202 180 255 255 27 58 212 116
    190 255 186 29 43 204 13 68 2 161 255 169 10 114 69 250 10 102 89
    255 253 101 255 184 91 255 214 163 227 151 4 240 71 29 255 99 247
    250 20 206 118 237 133 63 132 32 189 235 48 114 99 19 108 227 207
    151 54 113 224 30 255 159 132 68 222 155 49 255 255 137 255 168 215
    197 201 255 255 217 156 255 165 59 76 120 63 255 61 255 255 91 206
    98 55 167 171 146 159 40 16 114 255 72 157 234 28 67 159 184 54 61
    186 144 164 255 255 255 250 153 255 157 10 255 170 120 70 255 75 255
    255 51 230 246 255 51 205 185 255 251 126 255 115 56 255 11 173 255
    222 46 234 7 167 50 220 114 20 171 96 255 117 14 255 255 78 191 211
    204 109 3 95 244 48 83 114 33 91 149 204 137 119 205 32 194 255 182
    255 154 254 131 62 102 121 127 255 184 51 113 255 186 73 212 211 230
    205 52 52 172 43 202 128 72 255 255 92 48 255 132 129 86 55 77 225
    236 110 242 246 205 255 135 238 154 96 106 18 183 255 255 250 65 17
    238 255 142 151 255 255 31 104 255 196 255 187 222 255 15 37 5 250
    35 134 255 72 213 222 209 245 31 103 132 255 123 255 80 255 183 58
    66 67 65 13 19 13 37 9 214 30 255 255 210 234 53 96 92 194 73 142
    255 170 138 255 234 255 25 18 255 71 255 207 50 170 23 255 26 62 199
    161 255 2 15 119 255 216 149 197 134 8 255 214 249 255 66 44 134 20
    57 171 45 254 255 163 101 227 37 255 255 191 201 124 244 218 83 255
    207 30 161 6 106 206 25 255 255 255 255 89 242 7 204 92 244 48 100
    162 116 52 252 249 243 205 182 255 255 114 234 255 21 39 255 88 56
    255 137 197 255 238 255 204 58 147 0 84 24 255 255 176 187 83 48 134
    87 219 255 84 255 255 120 110 215 222 219 35 138 0 255 255 255 255
    178 99 36 255 39 33 99 180 255 13 89 239 255 206 184 63 51 119 255
    159 255 118 5 63 92 119 189 255 133 35 255 133 255 222 54 255 125
    181 118 255 252 255 198 255 192 54 255 255 154 89 156 191 22 73 52
    34 46 233 76 255 190 121 255 135 255 237 166 255 0 150 187 244 210
    211 70 255 255 121 190 116 255 255 126 255 1 253 255 247 202 161 69
    114 106 240 243 51 27 255 108 182 85 255 26 24 255 36 24 94 255 204
    255 255 255 255 255 177 255 79 255 166 198 52 255 105 91 50 199 164
    139 88 47 66 220 157 65 40 81 255 255 133 30 134 231 99 48 255 164
    133 216 255 115 1 255 57 109 94 251 76 234 29 46 136 154 255 171 152
    238 60 9 78 255 87 30 106 26 173 177 78 255 255 8 181 36 178 35 255
    219 168 154 180 53 199 60 255 118 70 130 255 255 219 255 244 255 255
    45 85 255 145 135 17 156 255 83 144 225 189 19 255 187 105 51 255
    145 237 255 118 252 192 120 140 255 4 255 255 138 255 15 37 63 40
    255 248 36 28 38 189 236 255 113 94 20 255 114 255 205 39 42 40 198
    255 255 144 240 229 30 66 255 22 135 161 191 248 78 254 255 118 64
    247 157 47 163 187 255 71 51 168 77 182 31 243 255 18 116 121 107
    137 255 255 47 138 6 235 255 145 255 235 136 255 244 52 63 123 190
    14 131 255 250 255 38 19 255 26 239 255 161 255 255 71 92 255 16 182
    224 175 162 255 209 57 200 247 140 48 144 255 255 16 162 126 60 182
    60 255 152 53 121 182 219 17 78 254 27 52 255 64 171 255 255 4 255
    163 118 255 105 255 255 243 255 255 91 116 255 255 219 237 195 255
    192 129 163 15 18 255 255 27 3 255 159 255 152 30 176 255 255 161
    255 36 6 152 33 109 255 255 201 139 87 86 255 189 190 131 255 16 255
    36 24 210 175 255 56 145 255 89 0 51 55 255 119 65 255 169 80 57 48
    215 240 255 255 133 214 255 147 32 227 174 238 252 38 255 255 255
    163 255 168 197 255 66 11 255 199 216 212 79 255 255 74 255 172 126
    255 60 204 18 255 192 209 104 20 235 157 147 169 204 243 200 255 255
    192 255 29 124 255 110 245 12 135 49 126 191 121 76 84 30 255 252
    205 33 255 255 71 82 255 255 215 109 86 241 32 255 119 200 255 255
    255 255 147 13 255 46 95 51 190 242 134 34 190 171 71 255 159 217
    255 192 30 255 255 39 59 232 205 214 2 255 247 164 121 126 255 246
    233 76 236 255 191 30 255 255 147 85 255 61 147 129 253 115 70 151
    255 255 182 161 162 1 130 119 46 27 189 121 97 167 255 178 227 29
    219 187 161 14 161 48 255 250 197 9 244 255 172 255 15 32 197 103 62
    255 17 58 113 90 151 255 24 49 43 43 99 255 52 85 36 2 255 255 126
    215 209 255 255 15 79 80 255 43 78 103 255 54 166 174 255 255 159 27
    255 106 255 118 8 255 255 17 190 126 128 124 146 225 128 113 243 255
    242 255 9 255 84 140 255 172 110 255 111 255 255 238 115 255 102 43
    70 138 239 15 222 187 255 225 132 255 90 75 13 192 13 10 249 255 18
    123 91 116 173 176 255 33 216 242 33 38 255 251 215 200 154 137 197
    220 43 255 96 242 255 80 97 255 255 73 255 18 75 255 83 15 15 28 166
    255 94 255 255 72 53 255 102 190 164 2 125 91 101 216 255 147 201 53
    207 234 255 123 255 7 255 133 237 82 10 30 255 33 255 255 83 207 49
    35 101 3 249 255 165 255 118 6 248 255 133 58 255 61 213 255 143 191
    162 69 46 30 0 245 76 98 130 75 127 96 83 141 255 15 105 255 227 255
    157 255 138 30 60 107 129 255 214 231 166 13 224 156 31 192 210 226
    97 255 150 42 255 170 0 202 148 255 204 204 154 78 74 96 215 9 255
    55 249 195 255 116 101 126 67 255 255 229 68 255 247 244 207 35 51
    80 172 210 210 255 255 197 219 164 73 166 255 124 187 175 255 0 25
    22 255 28 255 255 53 255 92 255 187 206 159 204 48 145 225 108 114
    196 58 1 5 148 186 5 43 142 255 168 18 255 112 194 212 240 143 255
    81 173 109 255 138 255 242 255 134 162 255 234 255 147 149 192 231
    255 166 70 8 242 76 196 244 110 255 33 159 239 174 176 255 228 233
    146 152 255 255 67 204 35 27 56 255 220 255 235 155 92 43 3 0 179
    255 197 255 129 154 255 169 51 70 29 200 149 173 126 255 255 105 35
    165 255 94 90 255 149 36 4 134 70 255 204 255 143 239 138 133 88 255
    233 255 62 125 149 191 166 255 214 34 162 108 255 131 123 87 191 150
    72 255 192 249 202 228 255 83 25 133 255 17 164 119 63 255 234 37
    175 138 255 204 224 108 125 242 66 239 205 85 255 255 151 163 255
    218 135 255 11 104 75 67 216 255 1 219 250 87 151 255 8 255 250 174
    157 255 255 255 255 183 216 224 181 135 169 209 255 141 232 255 200
    242 226 255 187 168 118 138 61 255 47 11 255 21 92 166 156 90 255
    255 77 73 169 77 212 134 9 138 184 255 255 222 42 78 255 101 255 186
    163 255 82 254 212 232 211 45 156 255 43 160 153 255 57 75 23 175 43
    255 98 70 235 34 255 65 188 255 235 94 240 119 215 99 149 177 115
    141 151 244 255 255 76 113 255 190 159 213 157 36 243 73 65 84 95
    101 72 255 255 2 177 40 54 61 78 107 132 66 27 135 76 22 151 245 91
    161 255 225 147 176 117 86 255 49 111 162 38 97 81 114 211 255 139
    100 224 207 128 133 255 39 255 255 176 91 138 80 255 147 196 167 255
    176 252 255 49 255 109 33 93 114 152 255 137 255 88 117 134 159 9
    228 166 245 243 33 6 255 75 199 81 255 205 255 85 152 108 50 222 154
    215 247 147 146 135 78 255 90 92 255 87 197 142 3 97 255 182 197 13
    255 24 23 29 225 128 255 255 255 255 137 255 34 72 255 153 199 255
    220 255 255 205 219 255 116 226 187 83 96 139 255 176 232 75 255 91
    45 51 109 196 156 80 74 76 171 200 188 255 170 255 255 224 211 22
    255 76 255 120 30 255 99 255 200 146 255 157 255 229 214 70 23 219
    219 255 45 73 244 106 255 19 242 75 133 70 255 167 255 141 97 12 61
    233 58 115 239 255 0 154 60 156 77 255 255 158 161 237 255 50 222
    106 255 46 238 255 255 29 255 45 100 51 118 111 255 12 133 210 190
    255 255 133 96 55 189 216 210 219 104 255 0 42 232 210 47 186 246
    194 194 252 255 8 213 223 255 241 216 10 253 255 227 250 255 162 240
    102 78 124 0 255 226 148 232 188 30 70 33 159 182 138 255 189 12 255
    35 255 238 71 12 73 255 141 40 179 145 197 66 179 235 104 204 255
    189 48 255 255 154 14 255 255 86 181 155 255 255 91 255 255 0 255
    222 51 255 255 79 255 255 92 255 244 255 255 224 184 255 22 255 51
    230 121 109 255 255 249 103 255 255 255 255 255 10 164 20 40 60 255
    147 251 255 255 2 181 204 121 255 144 71 255 106 120 159 196 63 255
    56 236 13 154 71 40 63 67 223 60 198 133 255 92 229 0 125 255 255
    227 133 56 13 195 187 146 94 255 96 224 230 178 255 60 25 255 224
    102 235 197 20 239 186 250 178 222 15 229 199 21 255 255 117 32 119
    227 16 227 172 197 51 90 114 245 100 204 255 17 231 255 40 255 234
    234 151 255 218 255 255 73 255 113 52 206 106 74 219 255 241 182 159
    204 119 111 249 13 255 126 230 134 28 106 68 66 255 255 151 167 118
    162 119 255 207 199 200 24 209 98 181 252 200 78 255 255 119 42 71
    61 18 255 186 140 207 40 255 154 99 57 214 255 254 205 66 151 40 151
    255 13 171 216 138 138 255 118 217 221 43 43 85 55 82 97 80 143 51
    227 255 164 222 31 53 227 121 255 255 255 90 13 150 10 255 250 5 229
    31 201 255 70 109 255 22 253 255 83 104 152 173 255 174 237 119 43
    101 81 255 90 255 255 30 115 48 252 15 196 108 120 255 52 226 234
    161 255 255 120 226 214 249 205 230 246 151 255 171 77 255 60 255 85
    20 255 255 87 223 27 110 68 224 85 255 255 175 214 255 244 33 255
    163 161 166 208 29 255 249 255 255 255 29 174 178 175 126 153 61 255
    111 161 255 199 159 55 142 6 255 204 75 255 130 35 22 207 180 118
    224 186 230 255 255 255 255 71 244 54 206 40 207 255 242 186 255 255
    206 255 200 231 255 255 216 255 171 255 207 20 21 202 255 204 135
    202 35 255 46 117 104 53 125 48 255 200 255 109 204 11 36 115 1 255
    30 161 152 73 255 2 8 181 187 148 234 255 97 24 255 134 255 227 89
    92 255 111 191 182 129 52 255 49 34 56 72 224 101 29 255 187 224 204
    220 180 215 255 44 255 147 225 210 255 15 154 214 255 138 255 255
    216 199 231 255 56 163 87 247 154 8 61 71 255 249 126 219 31 174 205
    45 189 135 78 54 162 229 180 183 255 224 18 17 10 255 255 255 78 255
    66 206 205 139 255 255 255 255 109 90 180 220 63 204 255 217 67 149
    164 207 255 53 140 128 228 255 255 0 140 187 182 255 255 251 65 194
    87 144 255 20 18 219 25 0 172 238 178 255 162 113 152 83 223 255 202
    255 56 143 37 255 145 78 255 254 255 98 189 255 5 9 25 255 116 243
    225 31 28 255 163 255 255 159 19 255 255 159 255 125 167 255 255 151
    255 249 43 65 55 56 255 254 113 60 84 185 136 112 242 255 145 209
    133 188 48 89 137 62 167 105 101 255 178 113 38 217 33 255 79 202
    119 116 255 41 226 14 2 33 43 255 48 82 94 6 35 94 123 255 142 235
    99 103 223 19 255 171 10 255 62 255 255 85 78 61 238 14 73 255 175 8
    168 120 255 215 59 118 181 214 138 46 176 255 148 255 141 216 255
    119 165 97 27 234 187 255 134 66 186 75 87 65 160 255 94 177 37 172
    7 62 18 106 37 255 240 87 255 108 108 61 205 163 196 132 97 171 225
    255 114 201 204 255 154 11 113 21 34 255 246 255 207 229 255 255 170
    221 63 252 156 139 156 255 61 243 240 30 183 92 172 138 255 182 242
    80 215 172 169 255 87 252 220 208 83 255 227 119 147 201 205 103 120
    135 227 22 63 255 255 87 255 156 100 126 39 197 255 53 255 249 255
    255 98 16 133 255 124 29 255 117 4 219 255 173 75 37 89 136 208 49
    156 177 147 171 100 255 27 22 210 255 138 125 255 2 190 255 183 166
    252 143 255 255 253 255 255 26 199 255 133 255 255 255 255 255 78
    239 199 117 147 255 198 255 7 135 255 109 161 156 31 142 78 200 156
    210 255 231 255 255 24 145 255 49 255 242 235 255 5 65 39 255 67 124
    255 110 114 106 234 255 239 57 255 43 17 190 23 27 52 50 80 46 255
    34 255 63 123 255 146 126 118 156 164 143 255 179 13 255 181 255 255
    87 72 99 134 61 255 204 109 142 242 8 255 190 33 255 46 253 255 45 9
    232 65 48 186 181 195 224 64 255 43 135 43 184 255 94 85 55 53 111
    163 48 255 211 224 35 184 255 210 25 171 86 244 33 209 189 255 255
    186 120 249 9 199 255 229 220 50 119 83 244 75 104 220 79 238 255 88
    6 55 163 91 161 29 66 96 163 33 202 45 181 255 47 9 13 171 255 204
    69 149 96 67 182 255 62 201 255 12 82 28 120 230 176 145 113 255 223
    255 220 214 134 255 255 255 38 114 255 157 255 183 181 100 95 113 8
    159 255 255 255 225 164 205 255 133 235 255 74 29 255 255 123 31 115
    76 255 134 243 209 3 48 242 31 210 204 17 121 139 196 255 36 11 25
    13 138 255 78 233 205 217 133 178 255 128 101 200 148 139 41 110 67
    142 246 63 146 227 24 255 173 3 255 79 18 255 62 255 123 138 95 133
    8 185 255 74 114 176 47 255 255 168 233 18 255 255 186 102 255 255
    181 138 255 74 161 255 106 255 230 2 230 255 0 197 152 25 157 136 18
    255 174 123 238 255 119 255 244 245 114 99 152 62 255 162 235 41 147
    90 255 189 39 237 94 72 119 252 4 255 129 231 83 255 40 58 227 253
    255 21 255 255 214 182 159 76 111 108 209 92 255 17 164 210 118 255
    255 133 255 222 134 255 255 210 154 53 246 29 255 44 134 239 63 29
    88 75 195 66 252 215 244 61 171 255 99 143 111 208 104 255 139 75
    118 94 255 255 29 135 224 246 194 17 121 63 255 35 255 172 71 77 20
    174 224 10 99 94 103 255 255 255 94 77 239 255 34 181 255 201 217 65
    63 255 175 158 255 66 118 255 67 68 192 148 83 167 61 167 255 245
    255 235 69 38 45 38 255 118 116 255 104 164 255 98 55 255 255 78 100
    36 60 200 33 255 237 255 190 71 234 255 188 255 10 92 20 93 145 205
    190 135 169 229 187 40 255 89 152 7 66 255 255 72 255 89 47 255 255
    231 255 255 105 254 254 255 85 163 207 13 188 201 240 255 9 162 255
    213 124 53 37 113 124 255 255 253 209 255 166 255 252 82 255 230 43
    72 142 13 168 255 164 75 234 96 218 255 224 255 119 255 16 94 238 23
    209 61 255 126 202 34 255 255 223 138 123 147 139 76 44 255 87 255
    157 29 119 255 78 242 255 88 255 162 39 169 38 96 162 209 84 230 255
    85 255 255 49 255 149 155 255 200 81 114 255 225 250 157 24 215 220
    85 49 22 11 78 255 8 91 255 30 168 255 252 181 255 166 105 167 255
    139 255 150 213 255 43 255 212 150 255 255 12 255 255 219 255 23 125
    154 7 67 207 146 105 255 141 24 157 255 241 157 93 255 172 255 56 62
    36 8 1 255 116 218 255 187 249 129 94 191 36 154 6 159 133 1 166 147
    255 255 179 255 31 255 221 214 228 46 177 186 255 215 37 32 89 21
    255 83 234 102 255 255 239 179 2 66 255 255 255 255 123 80 215 1 116
    144 67 128 255 155 78 255 115 255 255 137 235 255 195 87 255 171 124
    119 90 6 255 24 149 247 222 197 91 112 188 255 61 133 63 116 67 255
    161 250 149 3 215 255 139 92 255 84 38 222 195 187 237 225 119 113
    211 15 255 223 133 255 224 180 255 89 128 116 112 216 255 236 158
    255 57 48 222 121 225 255 213 255 255 193 218 189 250 206 68 255 27
    255 238 225 252 190 244 255 56 255 255 55 120 255 38 255 255 147 255
    104 183 255 83 147 191 23 255 144 169 226 255 20 199 223 255 12 11
    255 21 44 98 128 106 93 3 62 3 74 114 255 115 196 30 163 95 225 243
    233 75 79 97 255 170 219 202 141 211 255 255 8 181 80 57 255 117 255
    255 173 199 225 255 240 220 255 255 28 251 32 255 255 255 255 142 53
    3 251 37 146 17 255 45 255 20 220 250 61 255 53 211 63 98 71 255 98
    255 159 187 138 66 33 197 17 251 255 230 36 156 199 114 158 88 255
    124 28 78 255 60 43 255 255 78 255 255 138 255 152 87 255 255 153
    255 93 162 171 255 255 115 93 237 115 255 205 39 83 47 71 46 96 9
    242 219 255 234 236 118 15 247 186 123 255 90 27 91 15 15 164 238
    234 241 247 255 46 23 76 240 191 255 255 96 129 255 245 255 65 206
    76 198 254 10 255 48 255 229 176 255 105 25 108 241 211 255 74 110
    66 153 40 255 101 61 164 178 99 40 244 82 244 120 215 255 54 215 121
    213 142 255 255 255 255 186 18 255 207 255 167 214 46 255 170 56 255
    213 85 255 70 113 255 55 177 255 255 149 244 205 168 255 253 255 129
    234 255 187 46 175 184 197 178 215 78 44 255 34 8 255 255 253 255 34
    154 255 103 99 40 251 95 20 252 108 56 78 97 222 172 51 167 116 255
    255 154 255 187 142 52 199 65 255 27 51 148 118 189 214 18 133 226
    255 201 255 255 225 29 255 237 18 3 246 255 255 152 102 138 188 143
    157 255 157 255 164 255 71 160 163 18 247 178 255 28 213 255 159 38
    94 52 191 162 242 255 184 7 169 227 53 67 210 69 83 60 133 238 83
    115 166 60 18 143 255 155 29 255 55 140 255 102 255 230 224 110 154
    191 51 255 84 215 202 141 157 255 83 169 232 237 43 255 205 5 255 65
    215 255 37 108 161 255 255 142 72 188 255 54 171 255 144 245 254 255
    22 210 164 255 255 10 255 166 64 255 43 183 133 172 24 186 167 17 71
    23 76 255 255 121 255 126 210 255 255 155 4 189 255 46 255 255 250
    252 98 220 255 4 255 255 143 62 181 132 29 210 42 255 63 206 46 50
    17 39 129 55 230 18 255 137 210 209 255 45 143 178 255 1 255 207 71
    220 85 146 87 30 1 149 249 201 111 255 136 90 109 237 125 255 204
    168 63 17 24 113 214 173 255 21 40 75 55 255 18 175 86 113 21 156
    255 38 67 222 114 218 10 207 240 210 255 176 113 143 255 214 255 255
    222 223 132 131 205 15 60 72 255 17 34 61 159 12 215 255 101 190 138
    18 231 212 255 16 255 234 188 255 187 199 255 196 77 12 177 97 255
    72 110 124 215 191 255 201 255 255 115 123 255 193 3 255 33 22 255
    157 1 255 182 216 255 227 255 255 168 255 255 191 228 162 183 32 255
    209 92 210 30 221 255 251 142 94 110 226 20 100 161 200 197 223 133
    61 144 12 105 255 205 255 76 184 3 200 205 132 225 255 166 255 61 82
    255 60 168 164 255 207 30 222 19 226 255 96 213 255 9 97 255 17 82
    255 179 49 255 92 221 31 80 188 255 15 228 2 2 175 252 142 125 5 136
    255 31 154 52 184 47 92 108 103 214 255 255 255 99 18 47 255 42 14
    255 241 59 229 127 151 33 255 255 255 229 231 65 76 255 139 165 250
    33 147 255 255 55 243 255 251 106 234 234 210 48 240 197 71 255 255
    186 151 255 98 222 53 217 125 92 144 90 219 255 91 255 194 118 176
    255 27 158 255 28 255 255 83 40 255 238 105 255 128 85 255 255 86
    113 175 25 0 234 148 255 162 197 10 171 255 215 255 120 255 150 49
    192 110 16 255 255 255 197 72 76 255 255 255 15 159 255 126 164 148
    255 8 255 134 121 200 255 16 183 255 19 171 255 192 39 133 105 145
    15 255 255 255 162 188 99 45 118 255 255 86 0 209 196 182 56 255 255
    255 6 229 207 149 70 253 125 255 199 66 186 85 59 181 53 163 28 19
    248 31 25 56 255 216 94 27 226 194 98 120 78 80 18 255 234 43 172 99
    216 145 124 255 249 255 189 77 255 22 255 255 177 247 60 255 121 255
    154 154 86 75 223 255 80 186 210 87 39 68 24 46 113 107 164 15 190
    145 255 70 211 222 34 255 111 156 39 22 202 66 179 193 253 200 181
    255 85 178 255 240 81 46 12 124 102 171 125 94 255 150 255 126 192
    196 139 204 255 124 55 19 108 214 161 96 8 28 124 153 210 255 255
    253 12 206 181 17 6 62 255 164 255 255 222 59 255 206 176 219 71 101
    35 141 47 255 255 132 255 175 192 255 100 249 3 234 255 255 61 225
    202 102 171 255 213 255 212 30 187 40 47 148 66 235 77 162 17 139
    255 117 138 131 33 87 108 157 87 242 125 39 255 101 255 255 12 231
    23 123 255 255 56 121 244 47 255 217 111 156 63 210 86 235 146 255
    25 136 108 255 255 13 255 124 255 255 225 218 141 18 144 126 225 234
    101 33 91 12 174 249 123 47 255 136 156 123 255 210 27 255 236 83
    255 227 199 91 82 255 255 124 154 255 116 42 73 232 57 239 148 255
    255 240 255 8 218 204 159 182 255 63 238 154 255 24 34 164 52 9 214
    64 255 255 69 255 255 255 194 35 65 226 239 65 255 255 52 201 255
    150 52 234 99 33 192 8 255 99 76 148 192 177 255 80 183 48 177 89
    255 255 169 44 83 196 166 36 164 255 136 70 185 174 66 168 255 88
    166 255 213 255 255 44 185 222 56 255 121 47 172 249 54 18 250 163
    190 126 49 215 43 110 143 207 255 255 255 207 255 255 241 255 255 76
    229 167 201 176 202 0 133 197 141 187 255 29 124 181 223 101 65 42
    44 255 163 245 255 87 100 205 45 78 255 17 133 212 253 9 15 165 154
    255 83 204 214 74 255 98 60 255 255 48 192 91 255 255 222 218 71 210
    101 145 255 121 48 255 144 77 48 106 255 255 112 255 255 178 255 255
    157 255 237 159 197 230 189 255 17 53 77 230 223 255 96 49 75 75 215
    209 252 166 119 255 255 255 123 181 226 255 187 255 45 255 180 80 36
    215 167 255 156 235 208 9 146 252 168 91 35 151 56 124 255 33 254 59
    75 110 249 53 67 35 78 157 228 255 87 255 88 90 61 255 34 119 142
    145 213 141 133 173 13 2 166 191 171 255 71 255 255 255 255 130 255
    109 48 205 148 6 159 31 67 78 218 255 8 111 129 255 70 252 255 227
    215 179 173 213 255 97 228 212 29 28 255 129 46 207 57 153 78 107
    132 255 180 253 255 94 255 255 99 255 255 255 89 255 175 132 255 123
    114 156 204 161 157 139 71 255 44 255 220 134 1 89 179 9 18 237 81
    245 252 200 103 138 163 142 223 223 17 128 148 139 112 75 242 39 255
    255 54 243 255 114 67 250 219 255 255 66 255 234 44 75 186 18 124 22
    151 255 46 62 152 141 47 52 123 117 220 199 9 255 114 192 255 255 84
    94 255 252 255 255 178 216 252 18 137 255 255 201 197 61 244 119 141
    255 255 244 110 255 78 213 189 237 255 255 206 242 139 84 54 239 165
    10 172 3 48 255 102 138 255 152 164 136 171 230 176 237 145 255 56 8
    184 42 255 66 94 42 244 29 255 109 12 216 146 136 128 255 70 10 174
    169 255 152 147 166 255 4 169 128 202 101 123 211 228 255 168 201
    146 29 239 255 126 220 255 92 49 196 208 255 234 17 1 202 177 66 255
    123 214 2 156 152 15 63 52 3 232 57 164 255 100 255 108 30 255 161
    255 255 53 34 17 200 255 2 255 255 255 109 59 20 255 48 255 40 255
    214 99 134 237 255 22 255 114 224 114 184 78 255 63 242 255 108 25
    255 115 255 106 96 255 255 63 99 38 73 255 255 207 255 94 197 255
    255 148 211 227 47 255 68 148 199 154 42 237 255 190 148 166 159 30
    205 26 244 146 132 255 255 38 57 219 227 57 55 159 255 151 255 255 2
    150 185 81 107 183 36 21 255 255 157 151 255 229 250 240 255 173 56
    154 23 114 105 220 255 20 248 255 54 16 255 111 40 255 88 188 13 120
    81 255 0 237 255 224 255 255 238 81 255 162 140 255 224 255 255 79
    229 197 228 22 181 168 149 191 52 163 210 231 130 128 64 40 20 74
    255 10 7 230 255 250 255 7 81 255 46 12 6 255 66 255 255 26 180 167
    237 255 8 225 154 31 137 255 255 71 94 255 8 211 255 57 121 169 168
    147 81 255 101 255 255 166 255 165 218 71 255 255 126 1 3 255 69 105
    255 70 168 255 189 158 53 224 237 255 240 202 28 178 235 255 188 255
    239 79 0 255 119 83 255 9 152 199 242 82 255 126 51 255 174 255 146
    222 66 113 190 104 255 207 49 252 91 255 255 128 255 210 186 255 30
    133 89 177 37 77 98 242 166 255 28 238 76 13 23 114 204 255 58 255
    10 242 234 255 255 251 118 255 177 46 214 187 154 81 22 102 184 128
    132 255 173 10 116 27 220 245 243 89 255 255 101 255 91 255 255 47
    57 149 22 248 134 136 101 202 111 106 56 255 167 255 255 20 255 217
    134 182 251 171 169 195 195 129 144 100 255 254 147 255 13 192 255
    235 134 255 100 163 0 255 70 75 162 58 18 202 134 255 209 157 255 82
    255 202 22 126 255 160 255 255 130 196 255 65 20 60 43 255 181 201
    72 83 37 176 255 255 239 224 119 29 255 71 176 237 255 120 255 255
    81 232 91 255 255 37 207 138 232 70 31 81 143 235 38 255 36 209 43
    255 148 245 85 255 25 151 255 10 184 255 255 255 43 201 94 242 178
    255 251 97 55 174 255 222 255 0 255 60 211 89 72 255 46 26 255 192
    245 59 255 107 255 161 62 204 255 255 255 235 166 102 142 232 72 75
    255 139 138 150 83 22 234 75 80 253 253 210 17 233 255 235 196 98 67
    83 187 255 255 210 174 24 255 157 191 255 96 204 255 136 18 255 48
    255 118 44 243 255 255 255 78 45 255 255 183 85 99 144 134 89 138
    240 45 72 95 255 225 152 36 83 51 162 9 224 255 119 255 144 74 173
    255 213 135 123 152 235 255 78 110 124 91 214 255 232 187 58 60 255
    255 148 255 182 19 255 255 181 255 141 246 73 255 21 255 199 172 128
    255 134 0 255 136 35 255 6 255 255 216 255 255 159 230 224 253 73
    230 202 168 255 52 255 146 188 78 172 90 255 114 165 255 119 7 119
    126 246 176 255 172 105 63 58 255 154 134 111 30 180 255 53 63 244
    169 99 153 235 128 37 167 227 23 28 159 75 176 200 255 119 125 118
    255 171 67 255 25 80 255 255 139 76 78 201 255 15 145 255 186 106 70
    183 255 179 255 72 250 92 252 27 105 186 45 162 59 255 63 231 55 76
    166 144 179 255 113 175 120 46 174 255 255 103 255 255 12 255 98 208
    22 255 101 68 186 188 80 255 222 33 215 242 1 109 142 255 154 105
    221 247 31 85 240 166 196 167 192 59 124 120 65 255 255 11 78 232
    116 121 255 225 255 18 109 255 138 218 189 255 153 255 6 23 255 132
    42 255 33 62 96 156 76 255 153 255 45 33 47 176 154 85 48 191 242
    255 255 226 255 252 199 83 160 255 83 251 255 101 181 255 255 80 99
    255 232 142 255 153 13 245 161 6 224 25 254 159 49 180 76 255 152
    142 138 255 63 110 19 23 111 255 186 96 57 2 255 143 126 255 206 131
    146 100 255 255 75 255 255 255 255 255 183 255 255 173 255 120 54
    144 225 225 3 111 149 255 255 255 255 145 143 75 213 255 181 117 199
    255 56 197 255 98 255 255 33 200 255 178 228 255 162 255 5 255 255
    94 101 109 255 168 153 192 115 48 255 101 255 240 246 44 255 251 164
    255 198 134 255 226 255 146 111 176 255 16 65 255 253 255 23 174 102
    99 56 32 255 136 188 131 35 221 41 255 238 142 152 151 209 198 43
    152 143 105 222 255 38 255 38 163 207 202 113 204 51 23 123 146 130
    235 175 86 113 118 255 229 196 19 255 71 235 255 255 255 255 200 108
    255 182 14 43 255 35 41 4 255 144 1 250 245 243 255 31 255 6 162 100
    186 5 255 120 86 22 83 255 128 142 80 99 133 157 57 255 30 27 85 56
    53 120 5 170 255 157 210 92 255 192 255 60 103 249 13 240 255 255 34
    177 27 209 42 119 44 255 35 196 255 255 61 0 255 213 175 255 69 229
    255 177 255 255 191 125 161 124 255 114 241 25 187 193 169 255 255
    54 255 98 162 81 72 255 76 199 144 217 144 229 98 128 234 103 141
    231 255 34 145 255 255 54 255 54 134 162 48 63 255 125 22 255 218 80
    184 84 113 255 111 129 255 6 188 255 78 11 22 45 223 23 98 168 237
    52 75 60 237 152 255 228 255 255 255 152 89 90 101 94 246 147 255
    232 63 106 115 255 234 24 175 220 175 72 255 109 200 174 255 235 116
    187 86 8 7 185 215 55 80 255 44 63 88 127 173 25 247 255 255 43 32
    138 24 255 255 238 249 219 132 255 255 24 190 94 197 142 51 220 67
    255 205 96 255 237 255 252 118 70 109 66 255 255 255 255 255 255 177
    255 247 72 255 115 91 255 88 209 3 84 104 99 255 43 7 58 44 255 128
    182 171 17 19 249 115 153 255 231 215 255 65 1 255 231 52 17 146 255
    255 162 225 149 39 255 63 88 231 35 70 234 255 190 207 70 19 225 255
    105 61 255 40 255 48 34 30 65 37 191 255 64 169 255 217 145 220 120
    255 56 144 255 255 218 115 255 204 255 18 35 228 217 201 72 109 251
    111 245 191 140 2 75 59 255 255 255 121 133 255 182 139 169 48 231 8
    239 75 23 58 97 231 255 168 255 255 233 255 149 10 56 194 156 195 27
    0 214 196 70 180 181 26 255 255 175 255 255 93 80 255 251 175 255
    164 255 255 187 113 255 56 182 220 204 108 192 255 121 45 216 78 255
    255 255 161 195 115 255 204 196 33 34 28 255 53 129 174 255 134 255
    169 255 255 10 65 255 0 130 255 138 96 141 237 255 207 255 255 141
    245 255 30 255 23 31 155 105 255 102 0 255 187 28 255 146 209 255 35
    230 255 120 255 255 165 190 22 218 214 200 229 52 255 91 255 41 74
    255 139 171 135 255 97 175 255 255 255 89 76 230 224 162 255 94 202
    20 255 169 124 136 247 219 255 255 228 255 178 13 255 220 95 22 245
    72 75 89 252 108 196 18 245 255 255 96 19 38 17 224 82 141 119 252
    66 159 42 255 135 119 50 102 156 214 179 128 20 174 255 7 136 123
    255 181 180 255 11 210 255 238 120 30 255 255 151 210 142 119 54 63
    35 168 47 255 84 47 255 126 255 103 120 225 119 99 66 255 22 118 255
    196 91 255 255 255 244 110 255 2 251 195 91 224 58 207 206 140 247
    251 25 189 134 249 118 91 167 85 22 77 237 205 4 25 27 40 70 205 166
    255 150 197 20 20 75 0 196 248 8 147 255 106 94 101 255 81 175 255
    207 255 255 127 229 116 192 142 255 53 255 255 18 29 255 250 201 255
    220 148 191 255 70 244 83 124 13 126 255 22 89 16 255 146 144 255 99
    255 255 78 138 255 199 78 255 255 40 45 153 97 255 182 71 103 217
    115 255 151 115 209 72 137 111 255 220 255 223 255 224 255 225 118
    241 133 98 153 135 255 126 255 13 73 245 222 207 255 255 10 42 106
    30 215 119 255 206 255 129 229 255 111 255 255 201 159 86 62 255 116
    192 255 255 116 100 30 17 11 255 191 255 255 181 206 255 90 115 73
    18 253 131 198 110 189 125 207 22 16 255 255 91 82 255 42 56 255 184
    61 255 228 225 134 187 78 255 207 151 33 99 148 65 47 243 255 121 35
    83 156 5 28 39 25 255 63 255 255 188 255 255 6 25 255 67 110 172 237
    70 196 145 30 53 90 101 83 33 255 255 240 255 152 123 106 255 150 92
    186 163 168 0 146 230 134 70 14 255 76 255 191 29 162 255 3 178 255
    255 166 255 22 186 80 13 240 33 6 237 244 103 255 204 126 224 133
    219 78 255 109 152 255 65 255 123 78 200 255 138 253 46 67 23 255
    255 255 109 226 66 0 189 255 255 189 195 255 148 224 129 85 51 255
    168 255 177 135 175 255 2 255 38 135 255 255 78 255 255 49 109 46
    246 30 56 235 4 68 91 238 209 165 183 225 138 239 146 202 113 255
    127 215 255 39 135 254 75 213 255 197 255 109 255 229 255 229 43 210
    62 255 76 109 86 235 225 211 217 75 255 154 58 42 128 150 234 126
    182 255 255 75 255 255 111 134 255 222 152 230 124 119 255 133 248
    255 154 8 121 135 97 255 255 0 255 47 25 27 171 255 255 55 204 146
    146 14 255 107 57 255 255 142 8 46 204 255 255 3 255 83 213 18 137
    255 23 255 75 186 133 209 131 151 167 255 255 162 3 213 97 58 94 77
    255 109 56 255 145 185 124 69 239 244 90 176 255 71 75 121 17 171 60
    255 42 255 103 19 22 255 66 219 151 133 255 40 114 255 187 130 255
    216 244 147 153 255 109 250 200 255 216 195 255 205 137 240 208 65
    225 246 67 255 250 240 255 193 161 255 15 255 88 255 152 255 102 126
    255 43 102 15 83 53 93 173 4 81 228 255 240 192 57 255 209 9 255 255
    16 255 144 158 114 255 216 189 30 125 255 128 255 94 255 39 149 99
    162 209 233 49 113 180 65 111 192 137 141 16 207 10 175 80 104 255
    255 162 255 37 255 135 224 91 180 218 255 17 209 141 180 139 255 211
    83 129 172 255 3 81 230 119 174 224 5 251 255 197 138 90 106 217 255
    194 172 196 179 231 35 121 103 255 12 219 255 169 16 255 255 255 187
    124 171 229 156 38 23 244 188 62 96 255 57 214 54 233 255 10 215 114
    166 186 255 255 30 255 240 255 254 39 255 255 255 89 255 179 252 255
    61 121 58 255 202 255 235 87 15 255 29 255 152 255 255 157 255 73
    187 68 17 187 46 255 255 255 40 98 254 5 81 235 255 153 65 45 51 240
    255 255 118 207 99 233 78 157 78 124 109 6 255 245 30 255 218 191
    255 29 161 255 24 86 166 255 216 255 101 255 48 115 195 48 79 133
    255 246 34 36 51 255 255 93 48 255 118 32 66 170 20 36 255 19 250 92
    201 255 218 255 255 93 130 255 64 255 174 83 4 104 11 214 255 188
    215 109 115 255 255 228 120 255 78 91 5 127 255 131 255 78 108 150
    18 255 110 157 66 182 29 255 54 39 40 255 245 43 114 5 234 35 230
    255 3 255 116 6 255 108 37 48 255 171 149 255 73 33 184 235 129 45
    245 149 255 0 100 142 15 156 45 82 33 255 159 221 113 47 255 255 186
    234 255 134 81 60 24 102 7 124 255 255 243 129 255 84 47 255 143 96
    104 25 126 51 130 255 83 209 255 255 37 229 255 255 255 48 73 51 255
    42 255 255 180 167 255 244 159 255 54 76 220 255 37 240 31 214 255
    137 78 176 73 199 18 238 32 48 83 255 88 161 255 123 51 143 171 234
    224 229 154 255 255 195 213 131 4 8 157 246 224 255 76 255 255 255
    113 83 204 63 255 160 28 247 27 15 13 49 135 220 135 201 255 82 108
    209 202 75 255 123 161 255 243 157 255 244 4 196 190 134 80 98 42
    200 48 176 111 255 67 151 144 109 45 255 255 255 134 239 192 147 188
    8 47 255 255 137 255 255 255 66 255 71 253 219 255 255 255 121 156
    217 255 140 244 166 245 89 181 196 255 224 94 169 124 247 141 190
    253 255 54 255 255 229 255 28 137 255 255 255 255 98 10 6 255 198 40
    167 199 255 217 39 99 255 227 237 116 99 100 5 157 140 240 17 255 76
    138 255 255 21 255 109 198 255 255 44 169 133 98 213 255 125 76 51
    35 255 28 210 138 43 18 6 36 238 24 98 110 209 48 144 6 83 150 106
    114 94 4 191 181 255 255 196 77 138 120 171 255 214 247 13 35 25 255
    37 157 242 208 229 255 249 54 70 82 255 2 207 219 255 255 81 255 231
    144 38 255 214 192 20 153 240 16 1 99 18 162 255 75 68 30 82 159 210
    219 255 101 127 255 123 255 94 255 169 114 255 98 33 255 36 47 61
    229 225 171 255 67 17 120 255 255 255 173 254 25 223 255 33 235 255
    225 134 96 60 220 255 241 213 89 130 38 255 234 51 61 224 25 177 155
    102 215 64 255 81 121 255 255 211 255 227 182 210 151 58 202 255 181
    255 205 117 196 2 136 75 91 255 255 27 142 157 43 97 209 63 142 119
    255 84 255 65 227 62 255 255 67 197 27 255 255 255 59 124 98 243 45
    138 94 116 226 142 255 209 205 255 4 34 209 238 248 96 177 85 30 251
    51 249 139 237 255 74 30 22 62 135 214 61 255 85 216 255 139 74 162
    255 117 255 65 136 118 244 7 255 186 110 200 20 204 255 139 117 95
    255 52 178 161 202 104 38 171 1 255 226 18 255 84 133 162 183 54 108
    101 234 46 255 240 192 42 255 255 13 255 128 255 85 245 111 185 255
    218 239 224 93 5 255 100 72 255 255 191 255 111 8 131 238 99 207 255
    89 255 52 27 222 61 148 177 189 178 76 241 255 255 42 125 219 177
    209 174 88 75 5 54 87 33 202 220 219 142 133 202 200 225 255 71 255
    136 16 255 255 255 85 255 66 48 255 255 255 172 255 13 144 172 19
    255 204 255 255 190 85 196 168 255 255 255 255 151 36 120 255 148
    197 255 189 66 179 179 223 149 240 159 81 255 100 255 98 23 245 168
    188 255 214 244 255 37 218 255 3 225 27 19 97 109 72 216 71 220 209
    217 255 255 255 237 158 255 101 255 129 51 233 119 100 3 255 208 255
    255 46 1 179 138 119 166 92 162 53 133 255 43 116 187 205 201 116
    255 183 191 192 38 140 222 103 185 109 189 106 103 58 255 230 20 255
    104 199 176 255 216 135 255 101 23 58 126 120 255 138 191 214 38 255
    51 36 176 147 25 224 56 13 255 157 24 39 161 125 255 101 255 85 96
    148 156 255 159 48 48 197 214 255 245 255 255 88 255 255 254 215 255
    70 224 189 244 24 255 110 72 255 148 225 255 61 38 76 227 65 73 26
    90 255 53 196 255 88 255 255 87 183 192 236 120 255 120 96 245 75
    238 5 135 89 7 71 233 255 168 35 255 247 51 133 138 255 237 236 255
    66 87 14 73 186 196 255 206 4 255 244 32 249 9 255 244 150 220 94
    156 91 255 255 30 255 25 168 13 121 3 152 11 158 255 106 77 255 11
    210 255 48 183 244 174 110 204 217 144 227 255 171 224 244 72 138 61
    124 181 129 89 156 71 196 191 85 29 8 137 92 136 4 172 255 169 90
    176 54 249 174 129 250 255 74 255 186 255 192 128 126 255 109 190
    255 58 35 168 75 235 177 31 218 226 235 228 140 128 227 124 146 171
    180 191 132 137 255 222 255 98 53 58 129 67 250 255 177 230 18 10
    115 255 255 255 255 171 101 113 38 87 249 155 214 255 62 238 71 192
    181 111 46 5 255 198 255 255 79 205 255 90 169 181 235 11 154 11 252
    187 20 221 80 28 240 255 105 247 255 228 81 255 152 18 255 146 30 10
    136 119 252 211 255 255 49 253 10 99 110 255 170 214 17 178 255 80
    238 47 68 137 255 255 241 178 0 255 48 255 125 90 3 22 255 191 17
    175 255 209 132 227 152 235 255 255 54 255 55 4 235 114 46 149 134
    27 255 46 255 184 110 213 28 255 231 192 114 65 181 33 253 73 52 101
    255 47 255 255 102 109 94 107 151 255 44 47 109 75 152 255 255 4 255
    255 145 51 142 23 106 224 255 242 46 95 255 6 158 245 26 228 255 96
    255 255 153 86 255 78 207 40 165 252 255 18 42 255 44 204 249 255
    100 169 24 121 255 219 255 255 174 33 33 255 25 13 195 81 255 67 255
    255 54 255 2 94 214 255 162 185 200 124 35 255 255 230 255 125 255
    255 52 85 119 191 255 78 236 111 176 255 154 101 173 157 255 255 113
    255 94 176 151 17 218 255 30 109 70 127 249 138 255 16 133 141 38
    225 160 3 255 143 34 108 173 180 255 206 255 255 152 182 250 255 4
    255 1 109 255 75 210 255 141 0 63 30 130 255 150 215 149 106 1 12
    184 138 20 246 255 255 10 80 242 178 139 179 66 234 255 205 29 27 92
    255 106 250 82 242 160 8 197 186 209 81 255 71 43 7 255 255 139 255
    147 2 30 31 4 48 18 209 235 7 183 255 255 255 121 255 21 207 222 209
    255 207 200 6 255 110 51 255 70 22 80 163 166 255 75 171 255 64 156
    146 19 178 8 83 76 156 217 180 2 170 175 255 40 255 205 224 5 25 204
    77 240 166 100 255 184 180 35 170 226 255 235 255 255 9 1 255 255
    255 224 106 25 255 7 255 240 29 65 146 139 48 255 255 90 255 255 44
    146 233 132 255 134 99 255 222 255 101 240 255 182 46 228 255 87 121
    255 79 6 58 25 92 255 253 91 61 128 209 255 4 143 162 98 54 255 247
    255 83 179 255 255 117 138 255 37 32 116 159 255 232 51 205 159 237
    134 255 33 215 255 93 134 255 133 249 93 15 67 255 216 52 191 243
    151 60 177 255 73 173 135 152 255 190 255 204 77 229 195 255 2 145
    204 255 255 213 56 83 106 154 66 166 51 18 255 255 0 201 255 253 255
    126 138 255 76 3 211 17 110 240 166 34 43 255 1 255 131 255 244 255
    70 153 255 232 42 128 16 73 78 148 255 224 154 183 252 249 75 255
    201 228 240 227 181 111 184 11 255 71 54 255 79 255 156 227 255 255
    79 213 174 54 78 255 117 255 71 130 255 202 255 92 255 6 207 65 254
    255 255 106 4 88 255 25 255 173 89 229 33 52 255 188 255 192 197 14
    50 184 51 81 46 255 255 37 197 81 151 249 255 101 182 30 232 248 121
    225 210 255 197 134 255 47 100 250 180 110 27 69 230 192 180 255 255
    255 130 255 108 59 255 153 29 220 255 71 255 204 163 255 206 224 172
    74 255 126 213 255 232 106 144 3 189 255 8 255 80 210 88 152 230 255
    34 154 162 57 255 255 128 255 153 255 255 166 176 255 178 129 129 4
    255 255 255 186 210 61 250 255 255 4 242 255 211 227 27 35 38 205
    116 76 46 238 255 247 243 210 73 101 255 36 151 255 111 151 61 249
    66 113 208 42 197 237 255 255 103 34 149 18 215 202 44 89 255 251
    216 255 48 177 35 7 43 189 255 205 255 255 72 255 66 125 255 170 47
    116 255 130 45 200 14 255 240 231 255 204 255 17 251 9 255 255 109
    20 138 108 255 136 220 60 34 152 8 255 89 169 178 119 196 154 202
    255 79 255 93 35 255 220 164 95 83 255 24 255 13 20 68 165 209 139
    181 255 12 96 111 174 255 120 40 255 77 91 78 76 184 90 255 255 57
    14 207 255 255 255 62 119 237 224 255 76 13 57 255 33 185 101 205
    255 255 255 255 255 137 76 255 204 171 129 255 163 255 40 115 176
    139 99 41 255 255 255 255 224 15 118 238 237 100 121 255 206 66 124
    141 97 222 165 0 25 255 47 81 63 255 35 255 118 161 224 96 225 184
    255 41 117 58 104 184 81 51 27 38 232 243 15 255 92 135 255 46 6 46
    60 145 255 222 243 255 52 255 255 91 210 162 136 57 220 224 255 48
    65 25 149 3 46 255 184 78 197 57 157 255 74 99 255 255 255 255 76
    255 141 255 255 131 118 19 134 249 19 169 102 255 35 33 111 255 4
    255 255 79 115 166 179 113 255 247 78 111 117 156 129 155 91 249 170
    40 78 255 255 63 97 255 255 28 255 255 219 255 255 151 255 255 99
    235 3 57 152 255 255 255 255 34 95 205 4 129 250 109 125 33 253 255
    255 255 218 192 182 207 109 20 138 202 80 123 89 4 216 98 255 121
    255 52 190 255 136 204 247 40 120 141 157 255 48 25 114 142 116 119
    255 174 8 73 69 11 197 24 11 108 255 130 255 187 144 255 166 11 171
    220 191 255 238 255 219 134 163 199 192 135 10 254 255 250 237 255
    255 91 166 255 254 211 255 127 63 36 160 37 255 166 255 182 111 255
    99 94 1 255 255 23 123 92 90 255 27 97 94 0 159 255 206 66 255 53
    211 250 156 245 142 47 177 255 255 100 255 93 28 232 71 173 225 197
    65 17 218 255 194 245 94 242 219 255 101 210 86 210 255 94 167 153
    255 25 255 255 255 79 76 199 16 89 136 63 108 133 99 89 94 189 15 96
    255 188 255 12 162 45 255 255 255 215 71 25 175 255 144 253 220 93
    73 91 255 106 255 172 193 218 133 19 249 55 255 125 222 255 65 255
    139 6 114 84 151 85 31 11 30 153 90 209 7 255 255 159 164 169 10 230
    255 223 125 189 251 111 255 179 61 255 195 223 255 238 72 255 26 8
    51 96 220 255 111 255 111 216 255 104 69 196 255 171 59 212 111 255
    255 30 109 255 255 133 247 91 6 111 12 99 56 143 226 20 63 113 94
    124 140 73 242 238 220 146 255 199 72 239 99 205 164 98 127 206 255
    161 47 189 109 80 255 28 182 255 254 56 255 255 238 104 188 144 255
    153 106 255 16 13 68 223 145 111 206 151 255 255 226 128 207 28 255
    192 28 250 150 255 255 224 247 255 191 224 255 13 206 147 227 157
    184 132 92 60 71 142 255 209 110 255 60 187 255 102 53 25 17 156 25
    146 255 167 170 255 255 255 25 255 255 140 255 161 89 159 174 23 255
    243 255 255 145 216 255 134 23 255 125 158 255 145 171 128 16 137
    123 255 223 43 92 39 255 255 148 0 223 176 255 189 145 159 190 71
    255 19 14 210 9 9 116 63 108 232 178 77 58 36 255 255 48 207 123 55
    30 25 183 205 176 110 255 237 233 22 255 114 173 199 31 247 147 64
    105 169 211 177 225 72 255 66 72 153 252 220 255 51 93 206 255 109
    175 202 200 34 255 18 255 133 163 221 104 219 255 98 170 76 215 186
    159 255 226 80 255 144 231 255 46 225 255 208 255 182 244 173 133 71
    135 255 128 58 15 255 250 255 255 159 129 142 255 214 26 255 255 197
    255 255 198 240 255 16 54 255 255 159 255 40 221 244 157 20 255 146
    120 10 80 255 177 121 91 119 61 228 255 3 255 255 33 255 144 173 89
    255 79 255 255 255 240 53 47 255 13 240 229 255 250 1 70 245 219 254
    180 255 129 178 255 249 255 167 93 255 53 138 47 142 162 139 80 255
    58 172 197 133 253 108 66 167 3 12 255 197 156 113 209 43 39 66 255
    164 255 139 129 192 145 235 255 255 106 118 85 33 255 107 255 134 0
    255 255 255 94 255 90 91 255 180 175 207 208 249 255 222 255 255 11
    118 255 255 255 255 254 104 255 199 176 255 145 48 255 255 199 179
    128 124 255 220 57 255 255 162 255 228 219 255 146 67 255 96 182 255
    48 32 255 247 92 182 255 167 184 171 137 255 72 133 194 255 255 255
    217 19 124 100 255 136 215 18 123 97 172 255 255 255 86 125 171 184
    101 176 151 123 234 27 220 186 25 255 225 144 58 255 255 8 130 76 81
    32 255 151 200 55 33 255 255 225 226 255 255 199 28 117 255 2 145
    204 15 15 187 138 105 255 255 16 10 255 255 220 255 215 1 255 234 96
    255 255 204 147 193 234 51 187 255 255 82 134 162 137 39 202 142 161
    255 115 153 186 51 188 255 48 220 255 139 43 255 192 53 224 98 154
    255 199 205 96 56 38 101 145 255 255 65 250 255 208 178 255 76 130
    255 165 161 255 255 255 139 4 68 255 208 255 255 181 204 36 205 255
    83 183 83 70 215 255 121 255 99 154 215 9 224 197 218 255 217 118
    152 90 200 124 57 204 255 124 18 46 117 245 71 8 255 255 198 255 48
    52 62 215 220 114 252 120 255 93 154 255 23 210 35 131 52 10 15 172
    221 224 159 111 80 178 151 255 117 250 224 255 129 255 206 99 88 124
    219 255 238 109 255 233 255 255 208 255 227 235 108 255 25 255 96 28
    47 197 170 255 240 78 182 255 146 58 255 120 255 99 90 181 255 246
    255 172 204 255 230 4 255 53 16 181 73 100 166 255 127 196 70 255
    255 255 181 148 207 240 231 76 133 149 242 255 239 255 251 72 255 51
    255 255 178 177 43 255 109 255 255 162 154 241 255 255 136 143 119
    39 181 136 255 67 255 126 255 78 188 231 255 250 85 144 138 226 124
    13 65 255 73 133 106 128 178 255 48 48 224 142 23 255 255 49 255 249
    153 141 139 255 189 28 255 255 44 39 128 154 140 212 116 129 255 187
    54 255 184 255 31 60 105 230 224 194 225 255 183 28 254 19 91 192
    255 255 255 255 60 232 255 131 220 255 217 4 44 255 160 151 255 39
    225 255 52 34 149 152 255 73 200 16 15 109 255 189 255 86 255 255 77
    88 216 46 224 253 130 255 106 102 56 171 255 89 106 56 255 103 22
    182 255 220 56 237 255 139 160 213 25 2 68 255 30 162 20 245 142 131
    132 255 255 147 100 255 255 0 179 255 177 255 125 228 255 224 153
    255 255 195 91 35 148 255 137 255 186 191 35 255 200 143 129 204 255
    78 11 145 255 146 121 86 244 142 255 125 113 255 145 168 161 85 196
    255 116 92 255 226 10 255 47 154 255 186 139 255 115 145 255 198 255
    212 199 116 255 87 255 255 214 255 255 165 77 225 88 243 60 238 75
    27 33 255 255 166 210 93 126 255 70 111 115 128 26 195 109 110 124
    254 249 28 215 213 120 255 13 4 81 42 192 192 118 132 144 7 220 255
    199 255 255 255 123 255 177 75 103 83 58 255 90 204 249 233 77 255
    125 87 15 196 216 174 151 213 235 94 255 255 54 51 255 27 255 255
    101 108 50 255 115 255 181 169 255 236 223 38 242 44 142 21 144 255
    30 83 255 117 18 196 197 197 255 121 204 255 228 158 255 222 255 147
    255 255 7 117 70 255 188 140 31 215 247 48 63 38 207 205 255 255 62
    101 182 124 134 111 105 255 255 240 255 255 81 255 255 168 85 131
    103 255 157 237 35 177 197 52 23 93 44 255 174 255 154 93 175 255
    246 62 13 255 176 255 15 139 174 25 255 255 231 8 118 71 183 252 218
    22 91 146 209 85 204 86 245 119 255 255 255 255 227 207 59 255 17 83
    242 233 80 249 255 115 255 90 43 255 252 240 86 62 44 255 99 121 255
    146 255 255 251 33 255 54 255 166 54 47 33 129 255 255 246 102 207
    51 91 255 214 77 234 201 89 28 89 253 255 8 35 61 110 220 255 231
    197 22 222 163 212 255 255 222 254 234 255 254 149 196 169 176 124
    162 220 255 207 255 184 241 118 255 79 186 66 99 255 255 148 46 255
    249 147 255 124 255 177 25 5 85 28 255 80 157 142 255 28 255 255 100
    255 255 202 126 255 225 235 88 162 182 27 243 255 247 26 40 245 53
    87 255 58 255 255 234 240 199 210 51 255 169 32 255 30 61 255 39 161
    255 219 113 255 135 24 215 128 1 17 35 158 89 40 119 255 243 111 128
    189 159 33 13 108 58 37 197 255 27 191 255 36 139 56 63 90 142 189
    186 255 22 255 38 178 206 212 96 255 255 88 163 204 96 220 255 133
    51 224 245 255 255 24 6 61 216 188 104 101 100 81 156 34 255 120 149
    255 249 8 116 224 144 109 48 172 182 247 219 250 255 249 63 139 255
    255 193 66 255 227 89 215 19 130 255 38 255 184 102 237 255 255 237
    255 64 255 230 94 139 255 255 52 255 70 27 255 133 83 255 223 235
    181 34 255 255 64 100 254 27 161 164 255 220 255 174 151 159 154 11
    255 126 61 46 46 108 255 177 171 36 165 92 250 255 233 255 110 111
    94 24 240 215 255 113 156 112 255 255 7 27 10 204 233 133 210 10 36
    7 115 245 153 119 255 241 0 85 228 72 202 63 255 85 155 176 156 1
    255 139 255 255 25 84 255 255 74 123 255 228 158 255 255 178 204 255
    5 138 210 207 255 213 48 63 249 255 108 45 255 237 97 134 255 202 43
    247 165 120 179 220 0 55 255 23 106 255 39 210 31 253 255 224 90 8
    101 255 255 57 243 83 152 230 255 27 144 41 186 70 89 15 147 255 255
    37 255 228 46 255 58 6 172 112 255 133 170 156 249 255 255 149 84 53
    255 146 187 255 7 167 197 10 0 255 133 220 255 12 18 159 163 75 255
    2 255 255 69 233 255 30 15 255 72 34 162 31 97 255 188 224 225 134
    91 88 255 255 255 255 15 46 255 255 255 47 255 255 165 196 196 13
    253 22 100 237 227 250 35 255 27 108 244 234 94 220 100 75 118 56
    166 91 255 255 250 81 121 172 255 168 159 78 40 255 20 201 255 146
    238 136 110 255 255 244 250 60 145 255 230 196 49 225 255 144 35 67
    205 255 186 49 73 227 230 255 141 96 254 255 255 255 146 149 215 80
    119 255 56 99 106 228 10 255 49 128 222 183 19 164 156 255 255 101 5
    255 108 202 58 92 42 28 43 102 85 81 255 162 100 166 0 245 116 103
    174 204 128 141 71 255 42 25 138 98 211 255 102 255 113 255 175 76
    215 58 255 255 37 255 99 255 56 139 255 179 222 202 53 138 96 255
    154 80 161 255 254 255 99 133 249 137 255 27 116 255 255 219 5 181
    173 225 220 225 11 60 255 28 255 16 216 5 120 143 121 64 27 182 178
    71 255 216 154 55 240 23 255 9 124 133 255 158 255 79 128 229 255 52
    255 97 92 215 206 71 255 4 245 123 46 151 220 148 32 255 252 37 224
    156 53 186 138 0 255 18 255 242 111 58 255 36 209 255 101 8 144 80
    52 255 60 255 255 157 255 33 120 255 255 196 32 108 2 3 255 197 255
    255 156 101 209 192 61 255 184 255 141 133 111 239 10 44 80 39 195
    121 178 255 176 223 215 177 84 226 128 177 255 43 67 123 255 249 59
    255 143 24 134 190 201 61 42 137 235 121 102 220 255 255 255 109 163
    152 54 8 33 250 134 20 199 255 255 247 49 255 224 4 38 128 214 70
    255 1 28 163 147 35 21 35 255 26 85 255 242 199 118 202 108 192 210
    168 254 124 15 157 156 63 250 133 130 129 238 180 31 210 255 86 57
    224 51 24 59 255 192 95 199 57 255 255 255 191 255 182 202 63 67 176
    159 12 125 255 241 101 255 243 47 255 15 228 38 178 255 179 137 56
    149 247 37 46 71 8 255 65 49 210 226 106 255 90 169 224 57 255 51
    159 255 240 33 71 91 255 187 230 112 255 255 52 185 212 101 191 255
    144 182 70 206 197 38 109 27 177 241 255 3 63 34 133 255 255 255 80
    244 182 133 255 172 1 194 255 24 255 46 123 240 85 22 176 255 135
    118 192 91 255 252 129 113 255 255 68 255 47 255 255 255 190 229 152
    145 254 183 255 126 82 152 81 125 108 93 2 28 17 152 199 146 7 240
    75 110 33 123 196 140 144 164 22 237 81 255 255 28 82 255 37 18 106
    26 100 255 201 255 225 15 82 255 43 248 225 97 181 80 134 47 255 33
    175 154 83 123 255 169 255 159 115 156 237 193 80 255 107 250 30 8
    58 210 255 49 139 200 181 219 254 152 255 45 75 63 144 231 255 72 9
    189 58 255 28 160 186 255 18 230 217 245 40 154 128 195 244 205 81 2
    246 3 33 255 255 255 255 182 255 255 104 70 34 243 12 255 1 255 6 61
    7 231 255 255 175 67 235 170 239 255 223 29 255 245 106 86 39 255
    255 67 195 91 43 206 255 255 255 106 89 204 254 96 106 255 216 73
    200 46 24 177 252 195 227 69 22 255 64 44 157 178 125 255 177 191
    255 125 48 31 43 54 17 84 173 151 1 119 255 255 255 255 61 44 118
    217 207 255 255 239 255 98 111 60 233 89 255 153 255 167 255 223 255
    175 67 255 29 57 255 237 180 255 255 255 255 217 255 167 181 105 255
    2 132 65 71 228 176 8 19 255 169 29 139 65 22 255 65 255 255 246 255
    255 255 181 225 255 133 108 26 255 141 255 15 255 40 118 255 215 102
    255 6 149 103 82 255 0 145 255 255 255 255 177 13 192 227 98 61 240
    234 25 255 57 255 12 4 57 255 80 27 230 0 190 255 62 190 255 255 255
    174 241 255 255 233 110 56 29 10 202 24 28 255 172 110 20 133 157
    255 228 23 176 255 10 255 172 37 133 159 32 212 93 242 15 79 255 17
    4 156 255 191 109 196 18 233 255 39 28 255 103 253 76 132 248 98 28
    233 255 134 255 255 99 82 144 225 255 88 210 255 146 255 169 255 166
    206 255 7 255 255 1 20 255 255 182 255 146 238 255 98 128 199 8 152
    255 92 254 161 126 180 162 255 35 51 92 75 169 231 124 255 81 230
    255 76 255 65 30 118 255 0 25 255 34 51 161 255 85 73 231 218 255 76
    194 255 161 215 12 175 56 144 201 115 85 138 255 255 15 255 255 64
    92 255 54 218 3 225 19 124 121 167 182 243 255 255 255 223 83 207
    255 80 29 255 94 17 229 111 76 255 166 170 51 255 25 151 255 10 255
    255 51 33 60 126 230 144 39 57 255 157 255 255 147 0 22 4 199 128
    255 255 167 99 255 255 73 148 119 132 102 80 75 11 255 127 255 61
    154 255 141 98 255 255 179 140 10 255 207 33 255 255 255 117 187 13
    182 183 209 255 181 98 129 213 255 1 176 123 16 255 51 204 135 255
    124 137 255 190 255 27 183 105 255 16 100 255 10 59 255 22 82 144
    108 47 255 160 173 99 11 255 33 255 255 255 132 255 12 164 106 162
    255 172 255 43 86 76 64 104 141 115 175 255 6 201 255 197 255 255
    255 15 80 235 186 70 93 121 255 245 239 254 255 63 8 215 108 255 164
    126 255 125 92 255 28 211 244 162 255 25 80 10 83 34 253 255 255 130
    255 93 207 99 16 248 240 99 255</data></my_img>
<your_img type_id="opencv-matrix">
  <rows>100</rows>
  <cols>100</cols>
  <dt>"3u"</dt>
  <data>
    95 34 255 255 116 255 255 150 100 255 187 255 16 255 255 255 142 60
    255 255 130 255 255 255 255 142 255 255 255 86 255 126 255 255 56
    222 255 34 255 255 229 255 22 64 255 255 203 58 255 255 255 111 239
    255 255 255 106 255 255 255 129 253 196 255 255 76 219 255 154 255
    255 116 255 255 255 155 255 255 12 255 255 159 255 255 255 255 255
    255 219 255 255 255 255 14 255 182 171 207 186 119 255 255 255 255
    92 255 227 130 89 255 255 255 255 255 52 255 255 193 255 160 111 255
    255 255 255 255 255 108 106 18 255 255 24 255 200 223 142 196 193 34
    6 163 134 174 255 255 255 179 235 255 119 255 244 255 163 255 255
    255 34 255 0 244 255 255 114 255 213 60 2 217 255 58 255 198 255 64
    254 18 239 144 93 255 255 255 255 224 255 251 255 255 100 255 255 10
    68 255 255 28 42 4 192 36 80 218 255 255 160 149 255 186 255 38 110
    255 205 255 255 10 168 255 211 112 255 8 144 255 98 255 255 104 180
    34 255 255 255 32 222 2 171 255 255 102 255 161 66 190 255 255 218
    255 118 86 246 255 255 133 80 255 62 255 255 255 255 232 255 255 208
    255 118 8 121 255 168 28 227 255 8 255 255 255 255 90 255 92 255 127
    68 196 255 255 255 255 253 12 203 179 132 255 183 255 255 255 158
    255 72 208 229 255 170 255 255 255 255 150 255 255 229 218 24 255
    255 255 4 255 255 255 255 36 255 66 255 255 255 74 255 164 145 255
    255 4 255 255 255 255 244 237 18 72 91 16 255 135 255 255 85 179 255
    223 255 18 87 255 255 60 255 255 255 255 255 255 76 10 149 255 255
    255 255 12 239 255 255 255 255 255 119 58 172 143 255 255 255 42 255
    171 104 255 255 136 255 255 20 220 255 255 255 255 52 186 12 215 180
    255 255 188 34 6 255 255 177 164 26 255 255 255 253 255 255 173 255
    56 100 255 255 66 255 255 66 24 255 213 255 129 197 210 255 128 255
    255 54 196 4 156 96 183 219 255 255 255 16 255 255 255 255 80 42 255
    255 128 187 52 54 255 181 190 2 243 255 255 48 255 255 189 255 255
    255 16 87 255 68 255 191 255 205 4 108 255 205 255 255 255 255 68
    255 255 149 255 255 255 255 168 167 237 255 255 255 255 163 116 214
    255 255 140 237 122 255 171 255 255 255 60 248 153 255 14 255 128
    255 78 138 255 119 217 255 250 255 22 24 24 255 26 255 96 141 82 72
    255 173 178 255 255 255 189 255 255 255 255 255 255 22 255 50 255
    255 18 148 214 18 255 255 145 255 255 255 98 220 255 255 255 255 183
    255 121 231 222 115 6 252 255 255 188 141 255 255 255 213 255 217
    255 186 255 173 255 255 255 40 233 255 255 26 58 255 85 255 255 189
    86 255 231 255 255 255 255 255 225 255 255 255 255 255 255 134 74
    171 48 232 213 255 255 255 255 255 123 255 255 255 255 255 199 255
    230 255 48 255 255 225 2 197 255 255 6 205 255 255 229 182 74 255 46
    255 40 14 255 104 255 255 255 255 255 255 255 66 235 82 231 219 88
    87 160 252 255 255 255 255 255 218 255 255 156 60 255 220 255 255
    255 239 30 196 14 42 255 187 124 255 255 10 255 246 255 255 187 255
    255 255 233 255 255 255 255 255 255 232 255 62 244 255 64 224 197
    134 130 213 16 56 235 169 255 255 213 255 255 255 136 83 255 255 255
    255 255 91 181 196 181 255 54 255 245 255 255 233 255 255 24 126 255
    255 152 76 255 255 217 229 255 255 58 92 8 142 255 255 24 214 211
    255 255 103 255 164 255 255 255 255 199 162 20 197 34 255 255 255
    189 255 98 191 68 88 113 255 255 255 255 255 93 171 108 255 253 204
    255 124 224 36 142 110 221 255 54 255 16 255 255 255 138 139 48 255
    255 44 255 78 255 255 16 255 255 255 116 132 255 255 255 255 175 10
    40 255 66 255 255 255 95 6 255 107 171 172 255 8 248 255 255 32 255
    76 106 250 225 255 255 64 255 46 171 152 255 130 255 255 104 66 62
    255 255 225 2 255 219 112 255 255 158 255 93 16 222 255 255 255 235
    134 255 255 255 218 255 112 255 255 255 255 137 66 255 119 255 240
    255 154 255 255 255 255 255 221 255 87 245 255 32 148 12 255 255 162
    255 235 255 36 221 255 205 255 226 2 94 255 225 114 10 42 160 255
    159 42 96 255 255 255 8 255 255 255 255 255 12 255 255 255 116 255
    193 189 228 97 161 128 197 100 230 255 255 226 242 221 255 255 169
    255 60 132 20 255 90 8 255 255 40 255 189 172 28 22 222 255 255 255
    255 255 255 139 98 70 14 255 255 246 209 22 213 76 255 28 165 255 91
    255 255 201 100 46 255 255 210 255 255 14 81 255 36 255 255 255 151
    255 255 173 223 255 255 24 255 255 255 34 167 255 110 255 126 76 113
    255 204 155 255 255 255 255 232 255 255 255 103 197 255 101 255 178
    193 255 84 105 255 255 2 66 255 255 255 212 103 160 62 255 144 32
    163 255 50 12 124 255 213 110 156 147 255 230 197 255 100 255 255
    255 246 255 80 255 255 232 255 100 255 183 48 226 6 56 255 78 255
    255 229 18 255 255 169 192 246 255 210 165 255 118 255 36 255 125
    255 184 78 255 255 255 201 255 175 167 255 4 36 255 117 255 255 255
    138 124 255 255 238 255 255 252 221 255 84 255 255 255 18 255 255
    153 116 170 81 255 132 10 148 188 255 255 102 28 108 255 76 161 255
    34 255 60 255 255 132 255 255 255 255 255 176 255 78 255 175 255 30
    255 255 190 255 255 255 255 36 60 255 255 255 58 255 140 255 255 22
    255 255 255 255 255 255 255 255 255 36 42 255 213 130 130 255 0 48
    54 78 40 66 161 228 255 255 255 255 255 228 255 255 255 255 96 174
    255 211 255 20 66 28 113 255 16 255 84 16 255 58 255 121 255 255 255
    243 255 255 34 255 87 255 255 255 255 255 255 255 255 252 169 182
    255 50 182 125 255 255 255 239 242 36 158 220 62 255 20 56 124 255
    255 169 172 229 132 255 255 120 30 255 255 255 6 255 174 255 239 255
    255 120 255 255 255 255 255 255 255 255 78 118 151 255 255 255 255
    80 255 255 34 255 209 182 141 255 56 255 34 18 248 221 255 227 247
    76 255 255 255 193 161 255 101 255 106 143 255 34 44 158 92 74 209
    255 107 104 254 76 8 255 255 255 255 101 255 255 24 62 142 255 36
    255 255 114 216 255 255 255 255 255 238 62 255 255 129 48 96 229 86
    12 203 255 94 255 255 112 115 255 255 255 255 255 231 255 136 255
    255 136 149 44 255 221 255 148 135 255 255 255 255 255 255 255 106
    255 255 6 255 207 255 255 255 255 255 245 176 255 130 158 229 253
    226 248 255 70 255 255 64 38 213 255 52 255 255 10 102 210 255 255
    238 10 102 72 255 255 255 225 122 255 255 58 6 10 255 255 244 255
    255 107 120 64 255 169 255 255 108 255 255 96 255 203 154 255 255 96
    255 255 255 132 255 255 255 255 237 255 109 255 28 135 255 255 171
    255 255 16 255 255 171 46 48 255 136 196 255 241 34 255 179 114 221
    126 255 255 233 30 209 255 255 111 171 255 68 132 255 255 255 108 93
    255 158 255 255 255 42 255 255 255 144 154 237 20 255 255 255 222
    255 112 255 255 142 12 255 255 255 48 255 255 255 255 255 101 255
    196 115 255 232 217 255 130 255 207 255 187 255 255 111 215 255 121
    255 255 254 68 255 255 255 118 255 167 255 22 245 42 103 255 16 255
    38 96 255 255 186 255 88 180 111 66 255 91 255 48 254 255 255 255
    136 50 255 255 255 255 138 255 123 84 246 255 64 184 16 243 255 40
    255 255 255 235 118 255 225 126 255 171 92 151 231 255 121 255 255
    255 255 180 52 255 255 107 160 255 227 233 255 235 255 255 255 46
    255 255 255 26 191 253 168 2 12 255 70 80 255 255 255 208 255 255
    188 147 255 178 255 58 52 171 223 60 255 74 255 255 255 255 147 140
    116 255 154 255 255 255 255 163 255 226 10 255 255 38 24 255 255 255
    255 255 197 84 255 163 255 229 197 255 14 251 98 255 203 2 255 255
    255 255 201 255 16 255 248 255 255 182 115 102 255 255 255 255 28
    255 255 255 255 255 217 255 255 207 175 255 217 255 255 255 132 255
    255 255 162 255 255 255 255 255 152 157 255 255 252 255 6 231 255
    255 255 255 255 103 217 122 89 255 255 87 245 126 255 255 14 205 255
    255 255 199 255 255 255 106 255 255 255 78 255 255 135 255 220 109
    12 255 40 255 255 121 255 255 255 255 46 255 255 255 30 255 146 255
    82 255 32 201 254 62 235 182 159 255 26 215 26 255 169 255 255 255
    100 84 121 255 16 149 255 86 211 255 210 255 255 255 201 120 255 255
    4 164 155 255 255 173 255 212 255 152 255 255 255 138 246 255 104
    203 255 255 12 20 255 36 255 255 255 144 255 255 221 210 255 255 206
    255 241 255 255 22 158 255 80 150 255 255 212 12 255 255 255 255 255
    255 203 255 255 14 150 255 255 255 255 187 150 10 255 255 14 255 255
    151 54 255 255 255 255 255 231 255 255 154 255 195 255 76 167 255
    136 8 255 156 255 255 255 255 255 255 183 38 255 74 255 156 255 255
    190 207 167 186 81 255 255 255 255 30 20 255 184 255 255 0 103 90 24
    195 255 255 105 16 255 255 241 255 255 38 255 20 0 255 255 163 255
    60 255 255 111 165 255 117 255 255 255 255 74 242 255 255 255 247
    255 153 255 224 255 255 255 10 255 255 255 255 255 145 255 154 255
    255 255 255 209 232 246 191 194 237 255 2 12 255 194 255 50 255 181
    102 122 173 18 102 147 197 255 58 223 255 50 239 26 255 247 48 221
    255 255 255 255 255 255 245 255 215 171 255 30 255 80 255 8 255 227
    207 26 255 255 172 8 229 255 255 167 234 255 120 255 85 118 100 229
    255 255 255 255 186 217 255 170 255 255 148 18 255 255 83 32 228 255
    189 22 197 106 255 255 221 255 149 255 48 255 179 124 48 98 48 32
    249 255 155 255 255 255 251 208 30 52 162 231 241 140 137 106 255
    255 255 246 56 255 16 177 255 186 255 225 118 255 86 14 181 255 66
    38 20 255 129 18 255 14 122 255 111 255 220 255 255 255 255 255 206
    255 255 255 255 187 252 255 84 255 161 255 134 199 255 255 125 16
    160 255 132 255 255 255 255 93 255 208 255 255 255 255 70 146 255
    255 138 171 255 255 16 211 255 177 255 156 255 6 248 44 62 30 255
    255 36 147 247 255 255 255 255 255 10 255 255 26 255 255 154 212 255
    229 202 255 255 255 40 58 142 14 255 255 255 255 255 255 8 102 229
    106 190 22 255 255 255 22 122 255 140 244 121 70 124 242 255 255 201
    255 154 255 185 255 255 255 255 163 255 70 255 62 204 66 255 124 255
    195 255 255 0 255 255 255 255 255 34 46 255 96 255 54 255 88 113 255
    255 201 201 255 255 56 100 56 255 242 255 22 255 255 40 16 255 221
    126 179 255 255 255 255 255 215 255 255 255 255 114 255 255 72 255
    219 255 255 30 255 255 255 48 95 255 84 187 255 80 199 100 255 255
    255 255 255 30 18 255 76 204 72 255 255 157 36 108 255 255 255 229
    173 255 255 128 74 255 255 255 199 60 234 113 94 255 255 239 255 255
    255 255 64 209 255 255 255 255 255 255 255 255 255 255 255 255 232
    123 255 255 255 255 255 161 255 146 255 84 255 255 76 214 255 255
    255 255 24 255 147 255 98 8 209 248 153 255 255 255 2 102 255 229
    166 255 255 255 255 255 188 255 255 255 22 255 255 44 169 255 254
    255 255 255 255 26 97 106 255 76 255 92 183 16 214 255 255 255 177
    104 255 255 219 116 255 255 255 117 255 255 255 12 255 255 239 54
    255 223 255 10 62 255 255 255 255 24 255 242 255 173 220 255 255 64
    107 255 255 255 128 255 165 2 24 177 245 255 255 255 52 157 201 246
    149 140 255 255 112 28 255 255 150 32 255 44 74 255 255 255 78 166
    193 239 154 107 112 255 255 255 248 78 255 156 191 255 236 255 255
    78 48 52 255 18 255 2 255 142 252 255 181 255 201 191 255 87 255 255
    121 255 38 119 255 255 255 102 148 255 203 255 255 255 255 255 255
    238 242 255 255 255 255 22 10 6 70 68 165 218 149 255 255 255 255
    138 64 171 255 248 140 14 201 255 158 244 28 255 255 116 200 255 118
    128 70 92 212 255 255 255 255 255 248 203 235 228 171 255 255 87 28
    172 255 18 255 205 255 255 252 213 24 58 74 255 255 156 255 70 68
    198 255 255 226 119 18 192 255 255 255 119 255 255 255 255 255 255
    255 255 255 255 255 255 255 255 255 255 255 117 255 34 255 255 255
    149 124 168 20 255 255 0 255 116 237 138 255 255 128 210 255 179 255
    229 110 176 99 255 255 54 255 154 255 161 68 117 88 255 255 223 255
    255 255 224 207 96 255 255 255 255 255 219 255 147 255 255 32 255
    255 255 255 96 255 22 255 133 255 58 171 156 255 255 0 96 255 255
    255 255 179 255 117 34 255 255 191 220 20 255 128 207 245 88 255 255
    255 244 255 255 215 255 255 255 255 255 255 255 255 20 148 158 117
    255 255 255 199 255 255 231 206 242 201 104 87 2 255 70 255 255 252
    34 234 181 18 255 161 62 52 246 130 255 143 255 255 255 213 255 255
    255 252 244 255 166 181 255 210 40 255 255 137 255 255 177 255 255
    255 203 255 255 181 172 127 255 255 133 56 66 101 255 112 239 255
    170 255 255 2 255 255 255 255 227 124 189 255 110 125 134 128 255
    255 18 255 56 255 255 255 58 56 36 20 169 255 60 157 255 124 4 185
    255 255 16 154 119 255 104 147 255 255 255 74 86 185 60 255 255 255
    116 255 233 236 255 255 56 255 158 255 255 154 255 171 104 255 10
    255 255 255 241 255 68 68 100 74 158 66 255 52 255 255 189 64 36 255
    184 255 255 255 93 255 255 255 255 184 255 56 224 255 255 190 255
    100 242 255 144 255 107 74 255 255 76 142 255 255 255 255 255 255
    255 255 140 20 181 182 177 255 14 255 70 255 255 255 255 255 16 255
    10 255 178 219 247 238 255 255 84 255 255 202 255 138 255 161 60 84
    255 104 255 87 255 154 255 132 255 18 255 54 255 255 255 111 18 255
    20 156 132 209 255 196 169 177 255 14 255 232 127 255 255 217 199
    104 16 255 255 133 255 255 255 255 52 135 52 255 255 249 76 255 30
    255 255 54 204 255 255 38 171 255 234 28 255 255 255 229 255 255 255
    44 255 217 255 255 148 76 60 255 255 255 193 94 209 227 255 255 255
    102 203 255 130 48 255 255 195 255 255 255 255 255 255 132 255 159
    255 255 252 255 255 255 26 132 255 104 255 255 255 26 177 217 255
    255 255 255 255 255 146 255 173 255 255 237 186 255 255 255 255 255
    255 189 32 255 255 255 255 52 74 130 255 255 255 255 255 255 255 255
    255 48 195 255 255 255 106 255 255 255 97 48 156 255 167 255 34 255
    116 255 189 196 127 255 255 255 108 255 255 255 255 131 72 255 169
    108 68 252 213 14 4 255 255 255 255 34 255 231 232 44 60 255 141 255
    255 42 40 255 40 26 104 255 255 255 255 98 154 195 201 255 60 34 255
    255 201 255 255 255 255 66 16 80 44 160 20 16 255 216 255 241 18 157
    255 255 113 106 72 242 251 228 255 255 255 10 255 255 255 114 62 155
    255 255 18 255 142 255 255 255 255 132 255 255 205 255 255 255 255
    255 229 255 255 48 150 40 175 255 169 128 255 78 108 255 123 28 255
    163 74 255 32 118 120 255 255 226 32 255 164 255 247 188 209 255 44
    255 165 255 255 255 255 255 26 98 225 255 110 255 255 255 255 255
    255 255 255 206 255 255 82 255 54 255 133 104 32 46 102 255 145 255
    255 10 255 36 139 255 10 123 179 255 255 38 255 93 255 255 211 255
    204 255 255 255 255 255 255 60 255 255 233 255 255 255 177 255 56 20
    30 42 255 118 127 255 236 255 255 255 255 255 255 24 150 255 58 144
    92 205 255 255 201 255 255 26 78 118 255 165 255 255 181 202 255 156
    230 255 28 192 123 140 255 155 2 184 255 38 22 147 154 255 255 255
    96 6 255 255 255 8 204 8 255 14 255 189 255 242 253 255 255 102 110
    113 48 255 87 82 255 97 255 255 255 255 255 131 255 40 48 255 106 4
    255 228 30 28 108 129 255 192 255 255 255 221 213 255 255 255 255
    207 106 234 68 92 146 119 114 255 255 177 255 255 255 184 255 255
    255 207 52 66 115 255 255 255 4 112 255 255 52 255 255 255 78 173
    255 255 243 255 8 255 255 255 255 74 255 255 255 135 195 6 97 255
    255 10 102 255 255 255 190 36 245 96 255 98 255 255 78 255 255 255
    154 179 142 222 255 255 255 12 181 2 255 138 36 255 255 255 255 4
    192 255 255 220 255 231 56 123 255 255 189 255 255 255 255 255 207
    255 255 255 144 255 165 134 255 159 154 228 255 255 255 255 128 210
    127 255 255 255 88 228 169 76 22 149 221 255 255 225 255 255 255 255
    111 255 255 125 255 255 255 12 182 24 255 76 255 203 218 255 255 255
    255 255 255 252 255 150 121 82 255 255 185 100 255 152 58 161 68 255
    201 120 255 255 255 255 103 245 255 38 255 130 255 255 106 255 177
    255 201 76 104 255 255 244 8 255 94 255 255 68 242 255 255 10 255
    160 103 207 232 64 255 255 246 255 178 255 255 255 91 185 255 255
    255 255 255 255 244 223 199 255 165 255 94 255 171 255 87 255 70 255
    255 255 22 255 194 233 255 255 14 76 242 58 154 74 229 255 32 255
    209 255 255 255 255 40 255 255 255 255 255 255 255 255 255 255 6 91
    152 255 229 171 28 217 114 255 95 189 156 181 255 54 255 255 10 255
    255 98 48 255 148 246 215 255 229 255 38 4 229 34 255 255 224 255
    112 186 255 227 255 237 255 16 255 22 122 255 255 255 255 167 196
    255 255 82 191 197 255 72 245 255 255 68 130 26 118 164 6 255 158
    211 154 8 255 255 166 83 148 124 255 197 178 213 255 255 255 102 255
    129 255 255 255 161 255 255 203 236 6 152 255 255 110 255 143 255
    116 255 255 255 255 255 255 159 255 255 159 255 208 93 235 234 54
    255 64 255 94 158 203 251 255 195 241 255 255 213 255 255 227 255
    201 167 184 163 144 255 195 72 255 255 64 255 255 255 255 255 46 255
    87 255 110 255 255 146 173 255 114 231 255 255 255 195 255 155 255
    255 255 255 44 255 78 238 255 245 22 255 14 255 233 255 190 255 241
    152 231 255 255 255 112 94 244 92 6 229 110 98 255 255 30 255 255
    255 242 255 0 255 54 255 255 255 255 255 26 26 81 255 255 255 243
    255 44 12 236 8 251 255 231 90 255 255 255 255 244 126 184 255 255
    255 42 74 196 10 241 255 0 146 255 56 167 114 231 255 56 30 181 255
    255 255 255 255 229 62 255 243 4 8 16 255 34 241 196 248 255 202 235
    255 32 137 255 40 244 255 166 215 255 255 255 70 255 99 86 200 255
    255 82 248 255 216 177 255 255 93 255 255 255 255 76 255 253 100 215
    193 255 255 122 168 255 255 255 255 163 54 229 255 132 163 255 255
    91 255 255 255 255 255 255 98 78 95 30 255 185 255 255 177 229 255
    255 255 255 255 255 0 242 255 255 255 255 54 195 255 240 255 118 54
    115 255 202 179 161 255 255 160 126 83 255 255 255 229 255 255 255
    224 255 211 255 255 255 255 18 249 72 40 138 255 255 255 255 255 223
    64 72 32 255 255 255 255 42 243 255 255 237 255 255 255 255 157 255
    255 223 126 255 255 175 255 175 255 0 255 66 144 255 255 255 255 207
    255 255 255 20 30 255 255 255 74 120 255 100 255 255 255 255 81 255
    194 193 255 255 153 255 255 179 207 255 28 255 255 56 213 246 255 30
    172 60 179 130 74 255 255 123 150 208 197 255 255 255 221 188 255
    245 64 10 255 178 255 255 36 255 255 72 255 205 230 255 60 255 255
    255 255 14 255 255 255 255 255 187 181 255 255 100 255 255 255 255
    151 165 255 255 255 255 14 255 22 255 255 255 26 124 164 119 195 16
    255 255 66 255 199 90 255 255 236 56 255 210 62 255 255 121 54 255
    255 255 255 255 255 255 129 132 255 215 221 255 255 26 255 64 255
    114 2 255 68 255 255 178 255 255 255 101 94 168 255 255 246 22 255
    255 215 229 255 255 211 0 255 86 146 255 42 198 177 255 255 255 255
    255 255 255 255 103 255 64 30 12 48 255 100 98 255 255 118 255 255
    255 38 255 92 133 132 162 255 48 126 97 173 238 255 239 240 193 255
    255 255 173 255 255 167 255 229 255 255 237 181 255 30 12 255 255 18
    76 255 219 255 255 255 0 255 255 255 255 138 178 255 255 255 255 48
    255 255 255 255 209 255 212 255 255 206 255 255 210 255 38 255 255
    255 255 46 255 14 87 22 255 115 82 224 235 167 255 255 148 130 227
    255 160 6 158 255 255 54 255 12 255 255 215 255 255 255 120 255 4
    255 255 255 255 236 185 154 255 28 32 52 223 52 255 14 255 255 255
    255 248 255 255 255 255 243 44 34 64 255 255 255 72 255 50 50 255
    255 255 157 237 255 72 255 52 239 72 144 201 255 198 191 88 255 255
    255 255 255 255 72 242 255 255 255 243 134 64 255 255 255 255 255
    255 255 126 107 0 70 255 255 255 117 197 10 161 255 255 227 165 255
    244 255 255 255 255 30 255 120 255 149 255 180 255 94 255 255 60 128
    255 251 255 255 150 255 189 189 255 255 255 6 255 211 255 14 158 255
    149 255 36 255 255 255 255 255 116 255 255 36 246 185 255 255 245
    112 255 167 62 255 255 255 255 56 96 255 255 255 78 16 172 255 165 0
    255 255 62 255 160 40 255 255 138 197 20 26 187 255 0 225 221 255
    255 255 255 103 136 255 225 255 110 255 255 255 255 255 154 255 92
    255 135 122 62 255 161 255 95 32 255 137 255 255 44 191 60 14 253
    255 239 255 140 233 255 126 255 146 4 153 255 236 8 187 255 255 201
    46 255 255 255 242 84 255 255 255 255 255 161 22 255 215 255 78 134
    230 177 22 246 255 255 34 255 16 255 255 20 242 215 195 212 115 54
    196 255 255 255 255 251 58 133 78 232 62 255 255 255 255 8 255 255
    180 209 104 106 255 225 48 255 255 104 255 255 255 255 110 214 137
    161 4 199 255 255 113 22 32 147 255 206 255 255 255 255 58 86 255
    255 255 255 255 76 70 255 255 20 82 134 66 148 118 115 255 22 119
    255 255 0 223 184 64 160 255 255 78 255 255 70 255 255 253 240 119
    255 255 255 84 212 255 160 192 255 22 158 201 255 255 30 70 255 255
    255 196 255 255 255 255 255 255 38 255 148 255 130 255 12 255 255
    255 255 144 113 110 122 103 255 255 255 255 255 255 255 255 30 34
    166 34 255 42 255 253 56 74 255 255 255 10 255 217 255 132 255 255
    255 8 255 162 255 255 255 255 70 254 147 255 255 81 42 168 255 36
    255 38 255 255 207 253 250 231 92 255 255 255 255 195 215 44 255 255
    255 159 22 255 175 229 255 107 255 82 250 247 76 255 255 255 255 40
    172 12 18 62 255 255 18 255 255 255 193 24 186 255 255 255 255 26
    255 255 255 64 255 255 255 16 185 182 227 255 4 255 42 70 255 255
    255 255 255 120 255 66 255 255 255 255 255 255 218 255 255 50 255
    255 255 213 255 255 101 255 168 135 255 255 50 163 66 255 12 255 193
    255 255 93 120 255 167 247 166 161 255 222 107 12 180 199 255 255
    107 255 152 255 209 255 255 76 255 231 106 255 129 56 255 255 255
    255 36 30 14 255 255 255 255 255 255 255 42 255 32 140 255 97 255 22
    255 255 94 255 70 72 231 14 146 255 255 224 40 255 255 255 255 255
    255 255 242 72 116 255 255 255 116 255 255 255 16 245 146 153 255
    255 255 64 255 255 255 255 50 255 255 197 255 255 193 255 255 255
    187 255 255 249 190 255 28 254 255 255 234 44 251 255 255 255 255
    255 255 255 60 255 255 255 255 255 255 255 255 255 255 182 221 255
    255 255 255 140 255 255 255 255 158 255 223 158 255 165 10 242 255
    106 196 60 255 255 255 247 156 255 128 255 255 255 134 255 255 58
    255 6 186 255 209 190 255 255 222 60 201 176 217 243 144 137 255 200
    242 255 255 255 181 86 255 187 18 255 255 255 135 255 134 175 231
    255 255 243 255 113 255 184 22 191 255 56 132 172 255 126 255 99 243
    255 255 22 255 248 120 20 175 255 255 22 255 160 30 255 96 255 78
    255 255 255 255 255 72 178 157 255 220 255 94 255 255 24 20 95 255
    38 147 255 204 207 181 22 255 189 255 255 92 255 255 42 28 255 255
    255 141 52 66 255 221 255 123 6 255 97 237 192 255 122 212 26 249
    118 2 150 76 255 255 96 223 255 50 255 10 255 16 255 255 255 255 255
    255 255 255 97 255 255 78 255 0 255 255 16 99 255 32 34 255 255 36
    255 255 18 106 222 46 201 24 255 255 255 38 255 74 139 255 166 93
    255 255 123 255 255 255 60 255 255 255 140 42 255 255 40 128 255 255
    255 255 255 255 255 255 14 174 16 243 255 255 255 255 255 255 255
    255 130 8 255 156 96 255 209 202 40 124 24 123 255 255 255 78 255
    239 249 2 115 197 255 255 239 255 255 110 255 255 229 255 87 197 255
    255 94 20 72 142 255 255 6 164 255 255 255 255 163 26 12 152 140 255
    255 255 255 207 255 255 140 255 153 255 208 46 255 255 255 36 255
    109 102 216 223 255 255 187 255 184 255 255 12 177 70 255 187 161
    236 255 255 30 229 102 242 125 243 92 255 237 255 255 42 255 255 255
    248 0 163 255 235 255 255 137 36 104 255 255 255 255 255 255 255 80
    255 167 124 232 255 175 10 255 255 255 199 255 202 255 175 202 255
    255 255 255 255 26 2 255 255 255 76 188 10 138 246 255 255 180 18
    255 255 227 255 255 227 255 255 14 124 232 255 229 18 28 237 255 42
    255 255 26 8 122 211 255 150 255 255 255 155 255 255 129 255 70 255
    156 210 229 255 255 255 144 255 255 255 254 145 255 192 72 255 255 4
    255 255 54 54 255 255 175 170 42 255 255 131 255 255 255 225 255 255
    255 255 24 255 236 255 227 252 36 175 255 115 255 255 36 255 255 255
    82 255 255 255 86 70 255 184 255 255 255 171 255 255 76 0 134 62 18
    255 255 255 40 255 255 255 151 255 255 223 255 255 255 126 100 242
    86 255 189 82 50 255 255 255 254 34 128 40 255 255 143 255 0 255 221
    186 213 255 12 129 255 255 255 183 255 225 255 254 195 156 22 255
    225 255 239 255 255 255 255 255 255 255 66 255 255 255 16 100 255
    151 160 255 66 209 248 95 102 32 255 239 255 255 138 255 255 255 255
    91 66 255 85 173 255 255 255 255 103 165 6 101 255 154 255 255 60
    255 255 26 85 255 255 87 165 38 217 199 98 255 255 22 42 217 255 255
    209 172 255 118 4 161 199 84 255 148 68 155 255 255 153 68 255 255
    255 64 125 62 62 255 14 32 175 255 170 46 56 255 255 114 128 189 255
    88 46 108 140 89 255 210 255 255 72 255 255 70 111 255 255 242 255
    255 211 80 102 255 255 255 189 255 48 255 255 255 231 146 22 30 255
    182 119 72 178 167 255 80 46 76 255 18 177 92 255 255 148 255 169
    228 255 255 255 137 253 255 14 156 255 46 255 255 255 255 255 255
    255 124 193 255 255 255 255 255 143 197 118 68 199 255 255 128 255
    255 18 30 255 114 255 231 108 4 255 255 255 60 255 84 255 255 255
    255 14 44 255 255 255 95 2 255 219 146 152 153 60 42 255 255 255 113
    255 255 255 255 255 255 235 38 255 179 210 85 44 255 121 255 132 211
    193 255 42 183 194 157 78 90 255 255 6 255 255 255 255 255 255 201
    255 255 255 255 255 252 255 255 209 12 98 255 255 0 255 255 48 10
    255 28 18 255 72 107 255 255 246 124 210 76 255 255 175 255 18 72
    255 255 171 247 255 255 255 236 137 255 250 165 255 180 255 191 255
    255 255 255 255 8 255 89 255 230 187 102 255 255 255 6 255 56 255
    255 229 255 255 255 100 255 183 210 255 255 255 16 255 255 66 74 255
    255 34 64 255 251 255 143 243 178 255 163 138 255 255 255 255 255
    255 133 255 150 255 6 255 239 136 255 50 88 255 119 48 196 165 255
    82 147 255 160 237 255 172 255 120 255 153 34 255 93 253 255 255 38
    218 199 255 16 255 193 255 26 255 255 255 255 255 255 158 255 255
    138 128 255 255 255 56 255 196 135 255 255 255 26 255 68 255 158 60
    2 255 255 255 255 255 32 248 34 255 255 56 255 255 255 255 255 255
    217 166 255 114 124 42 255 255 255 255 255 255 197 255 255 100 118
    255 66 255 255 255 168 151 171 255 149 24 255 255 8 226 42 255 22
    113 68 255 255 255 255 255 231 86 246 255 255 255 255 242 197 8 8 42
    255 56 18 255 255 209 255 255 255 255 18 255 38 255 10 52 255 181
    255 255 255 255 142 89 108 142 255 233 18 54 255 255 255 88 255 181
    18 255 139 108 255 141 255 26 28 255 255 255 92 66 255 255 200 175
    173 255 103 255 84 255 255 236 252 255 255 137 64 56 255 251 255 26
    255 52 231 14 255 255 241 255 119 42 255 195 255 82 60 62 126 255
    231 112 81 255 255 6 255 255 255 134 255 12 255 244 74 12 226 52 255
    255 255 255 255 255 255 162 255 255 255 189 126 255 255 255 255 219
    255 255 22 255 255 193 255 96 255 255 255 93 255 84 207 255 66 255
    255 106 85 255 255 14 215 255 215 122 30 255 106 255 255 229 255 255
    255 248 255 84 244 197 102 200 209 255 255 189 255 255 255 255 32 46
    255 98 255 106 255 255 255 164 155 102 255 255 6 255 215 74 72 255
    255 255 255 255 220 191 78 184 255 255 244 255 211 255 255 255 255
    255 255 230 199 255 255 123 255 255 22 255 122 40 255 255 250 255
    255 183 38 58 109 175 255 255 68 144 254 255 232 22 255 255 255 130
    246 255 255 255 255 36 252 255 219 255 50 255 190 255 140 224 255
    255 255 2 165 106 255 106 255 255 150 255 255 255 228 255 255 200
    255 52 232 103 106 98 70 255 112 255 173 198 20 255 255 255 255 255
    8 255 178 255 255 226 255 56 255 223 74 255 255 237 40 255 134 34
    244 60 26 255 156 255 255 245 255 6 10 255 255 255 255 255 130 84
    255 160 255 54 251 255 255 255 78 16 76 178 22 255 86 255 90 255 201
    255 14 255 255 228 171 106 255 4 255 255 255 255 255 34 255 255 255
    187 174 54 50 255 255 255 0 111 110 255 56 223 250 68 116 255 255
    195 44 175 255 255 255 255 255 255 30 255 255 235 198 141 148 86 255
    146 204 46 255 255 255 28 154 255 130 20 255 255 36 255 255 234 213
    255 255 255 173 255 255 223 255 201 255 118 68 140 255 157 255 255
    255 207 255 255 255 255 133 255 152 255 158 255 255 36 172 28 255 32
    171 179 255 255 255 255 201 66 4 255 255 255 255 255 255 183 165 162
    255 130 255 254 10 168 255 255 206 155 255 22 34 209 118 209 66 48
    255 211 8 34 36 74 181 255 255 255 255 255 255 58 255 255 191 204
    161 207 255 91 255 255 255 255 255 233 255 255 255 233 255 231 255
    34 255 152 255 177 120 255 255 150 255 255 225 166 209 255 144 255
    255 255 255 179 34 255 138 255 113 70 255 54 255 232 119 235 194 255
    209 182 205 207 40 229 177 255 255 100 255 255 207 255 133 255 80
    255 255 255 255 255 255 255 219 255 255 22 255 183 223 255 119 255
    255 233 255 220 255 189 206 255 122 132 105 255 10 255 255 255 255
    255 12 255 215 174 255 195 255 121 209 255 111 255 255 24 255 202 62
    255 156 255 62 252 163 165 200 255 255 186 193 249 255 137 48 255
    207 255 156 250 255 255 255 255 255 74 255 206 105 255 170 255 255
    255 255 235 172 161 255 255 103 255 255 217 255 136 255 245 255 50
    255 12 215 255 112 233 12 255 255 255 212 48 160 228 219 255 255 255
    255 224 125 160 228 255 255 255 93 160 255 103 255 166 255 255 255
    117 34 255 255 255 66 8 255 182 40 255 208 255 169 255 255 150 66 64
    120 56 255 255 220 255 255 255 255 118 222 255 80 255 38 255 230 255
    255 56 255 82 255 151 255 255 255 255 255 195 255 255 255 255 255
    255 255 198 34 94 255 255 255 255 255 60 60 217 154 255 4 28 16 255
    255 255 255 8 255 255 255 255 209 179 255 255 255 255 255 255 60 255
    4 206 22 102 196 203 255 255 89 255 255 255 64 238 139 142 255 255
    255 230 255 173 42 255 255 158 255 255 38 32 126 222 155 90 54 255
    70 94 209 255 166 16 179 166 255 255 255 246 255 255 255 46 160 246
    255 158 121 46 178 255 100 255 255 48 255 209 255 228 14 255 220 205
    255 236 135 28 255 60 255 255 26 255 255 255 187 255 255 86 166 255
    255 255 159 255 90 255 34 42 255 255 28 255 255 192 24 86 252 255
    229 255 203 255 255 255 40 12 18 255 255 22 255 255 181 128 255 255
    148 255 255 255 255 255 255 255 231 255 255 81 255 255 255 106 255
    76 48 214 255 40 182 26 255 38 255 255 140 225 255 255 235 18 254
    255 126 255 255 8 50 40 255 255 81 255 255 255 255 255 255 90 60 255
    255 116 255 255 255 195 58 255 246 255 255 123 255 255 255 255 255
    255 251 68 255 44 255 173 255 224 255 255 46 44 118 255 183 64 88
    255 165 255 50 255 196 255 72 255 255 255 255 97 82 92 76 255 6 255
    255 255 76 255 255 255 22 188 255 255 166 30 255 156 255 136 255 16
    100 200 207 255 78 255 255 84 48 183 60 255 255 255 56 56 142 255
    253 255 8 32 255 123 255 96 189 247 255 252 32 170 58 255 126 255 62
    168 78 255 60 252 255 255 255 84 255 64 255 255 30 193 255 255 255
    70 255 255 156 255 255 164 255 255 255 255 255 255 255 255 184 246
    255 14 255 255 255 250 255 244 135 56 174 255 160 186 255 255 255
    197 255 202 255 54 255 255 64 255 36 74 224 255 195 255 255 165 255
    255 255 255 48 255 255 40 255 54 121 195 106 255 70 166 255 255 255
    99 255 255 197 68 52 38 64 255 255 255 194 255 255 255 255 255 182
    137 255 255 109 74 255 187 255 255 248 255 62 255 255 250 255 148
    168 165 255 208 2 255 255 255 255 255 255 167 94 197 255 255 255 255
    130 237 4 228 113 209 214 2 235 194 115 86 255 255 175 92 254 255 48
    221 241 255 89 255 158 207 255 255 255 255 202 255 102 255 85 235
    216 201 14 114 255 241 148 255 255 255 24 255 255 255 255 255 46 255
    70 255 144 255 255 255 66 255 247 186 255 255 20 255 10 210 119 255
    166 255 255 255 89 255 182 255 255 255 255 24 82 255 58 255 255 4
    116 115 255 34 209 255 255 26 255 255 123 255 255 255 255 255 255
    205 255 48 255 46 81 255 255 255 191 255 255 255 140 199 255 10 255
    255 22 107 255 10 255 255 200 255 255 254 121 255 106 255 255 255 93
    132 255 255 64 255 255 187 255 42 255 58 131 255 60 149 100 255 111
    255 24 235 255 255 252 181 108 255 255 140 255 255 255 119 255 90
    255 193 255 255 255 255 64 255 255 255 255 52 255 255 124 255 40 255
    225 22 255 209 201 255 255 255 255 255 94 255 255 32 255 187 80 255
    255 255 94 60 56 20 229 255 255 255 255 255 151 94 178 255 241 255
    255 255 255 255 163 22 101 189 255 103 255 114 195 0 255 93 14 255
    185 245 90 24 255 255 255 183 255 255 84 112 70 50 255 255 255 4 161
    255 62 121 255 144 255 255 66 24 255 255 255 255 204 255 255 22 52
    40 106 93 205 232 255 255 222 123 195 158 225 255 244 121 255 210 85
    68 226 76 94 255 255 255 255 36 150 255 255 205 250 255 255 152 36
    255 154 255 255 255 44 255 64 189 26 56 255 219 255 36 255 255 255
    255 255 255 255 255 159 255 166 255 255 255 255 187 255 133 160 12
    255 48 150 207 255 255 239 173 255 4 255 255 229 255 255 193 2 255
    129 255 255 255 255 54 78 56 255 255 255 255 227 169 255 54 140 190
    131 255 255 255 255 255 255 255 255 255 142 242 72 223 46 255 255
    255 255 255 255 255 255 255 227 48 255 255 191 255 64 255 255 255
    175 74 56 68 106 145 255 114 191 14 168 255 106 166 153 255 255 121
    144 154 255 255 255 255 255 16 255 26 116 129 255 138 255 148 255 32
    255 70 113 189 255 169 219 86 255 255 162 235 255 255 113 44 130 28
    255 255 255 158 198 255 215 255 255 191 255 74 255 126 255 255 122
    255 122 250 72 255 255 255 255 255 255 74 255 101 243 255 36 255 255
    255 199 255 255 88 90 0 120 182 127 171 52 255 255 228 183 255 255
    255 66 255 255 255 122 255 255 254 217 32 255 72 156 6 255 247 255
    185 78 194 34 34 204 255 255 218 255 255 255 6 20 255 255 36 116 133
    185 255 145 255 255 255 255 18 91 241 200 54 239 30 107 191 204 64
    76 224 127 255 210 141 255 210 255 24 130 147 84 244 255 144 255 87
    12 212 252 158 255 255 255 255 199 255 8 133 255 255 255 94 144 255
    112 72 255 203 60 217 255 255 205 255 255 255 255 255 199 255 204 24
    189 255 255 255 148 187 255 48 68 255 255 255 150 88 255 82 228 95
    255 72 215 255 255 255 177 255 189 255 84 74 215 255 163 187 255 255
    92 255 255 255 120 85 158 188 255 255 184 205 112 255 89 217 255 255
    255 60 151 255 42 255 255 238 89 255 8 161 112 88 60 255 90 255 255
    98 76 144 154 255 245 204 217 255 255 225 112 255 99 211 6 187 150
    255 255 122 255 255 245 100 255 163 255 209 221 255 255 255 230 157
    255 232 52 255 255 99 255 180 36 255 42 255 255 182 255 223 150 255
    255 210 255 14 14 22 179 222 123 255 255 255 154 255 255 126 34 250
    66 255 173 255 118 64 191 190 255 255 66 255 74 255 167 66 255 4 223
    255 64 255 188 239 255 138 255 255 255 255 255 182 255 255 255 93 88
    255 89 255 108 248 255 255 255 255 128 209 58 255 78 255 240 38 255
    255 28 255 255 255 255 255 36 255 255 97 104 156 255 10 166 255 255
    16 103 22 10 97 255 255 185 10 182 255 165 116 62 64 234 255 62 255
    95 183 244 16 255 234 60 251 212 255 124 164 217 104 255 255 255 255
    105 249 154 255 255 255 255 255 76 255 253 255 255 255 255 46 114
    146 255 255 146 171 203 248 255 217 255 255 255 32 255 94 142 255
    255 112 255 46 106 255 0 255 255 148 16 219 255 255 18 227 240 255
    255 136 103 158 244 255 132 128 255 255 98 255 241 186 201 22 255
    255 189 224 255 255 130 105 255 255 205 144 255 255 235 255 255 205
    172 16 120 106 215 255 108 26 255 234 255 6 255 255 122 116 255 255
    84 10 255 4 255 215 255 175 6 40 255 255 2 42 98 255 56 255 255 167
    197 255 255 255 255 52 239 104 107 255 255 255 255 152 165 120 210
    177 231 255 255 255 34 255 255 154 255 154 255 83 255 255 255 44 255
    252 193 255 56 58 12 255 255 255 255 255 255 155 64 108 143 161 244
    255 255 166 87 255 255 255 255 255 255 255 158 255 255 208 255 108
    68 24 215 255 52 169 142 56 223 174 199 255 160 255 255 255 255 255
    255 255 255 46 255 205 224 179 255 255 235 255 124 155 255 186 197
    255 172 255 255 255 217 255 56 255 255 160 205 116 255 255 255 255
    255 253 190 255 161 255 255 154 255 64 255 86 255 167 154 255 66 244
    30 6 218 255 255 18 255 189 176 255 66 196 255 104 0 255 255 96 28
    211 255 217 96 255 255 255 255 40 255 255 255 255 255 18 104 220 255
    255 28 237 247 255 197 255 144 111 255 92 255 255 6 76 161 70 255
    255 248 255 213 82 217 40 206 255 255 120 255 102 110 32 175 210 171
    255 178 255 231 50 165 255 224 42 0 90 221 227 86 34 253 118 255 185
    76 255 245 232 255 255 10 255 255 255 255 255 255 255 201 168 255
    201 255 255 255 255 255 136 170 111 255 255 141 46 255 255 255 255
    58 255 90 255 255 255 38 52 255 255 255 30 244 150 255 85 255 255
    143 255 255 255 96 255 221 255 255 255 255 255 0 255 255 113 245 255
    255 50 114 199 255 140 129 255 6 255 104 66 255 120 255 255 201 255
    255 255 255 81 255 214 255 205 255 255 167 14 255 58 76 255 68 148
    255 140 255 255 255 255 95 255 200 252 255 255 207 92 255 255 255
    202 255 110 164 109 255 234 109 255 255 255 197 255 229 108 255 235
    255 116 237 255 120 255 255 255 2 255 40 255 144 255 32 152 255 255
    255 208 85 98 255 85 245 72 255 255 88 255 217 204 255 116 252 187
    161 255 101 255 182 255 255 255 6 255 255 250 255 40 255 213 98 187
    255 255 255 255 255 181 255 244 255 255 130 255 24 255 255 255 255
    255 255 255 255 114 174 179 98 255 157 255 255 255 255 106 72 255
    110 223 173 255 64 179 206 48 255 166 255 255 86 199 255 8 151 255
    255 255 255 255 95 235 74 255 20 255 2 255 255 109 255 234 165 255
    255 255 108 255 193 255 70 255 132 255 255 227 255 255 50 12 255 48
    198 165 108 106 255 161 70 185 255 255 255 255 126 255 40 228 235
    203 255 46 255 254 255 255 255 177 255 255 34 255 0 233 146 6 78 255
    130 12 128 255 46 255 255 255 255 255 255 255 255 255 255 106 85 255
    255 255 50 255 10 56 126 58 255 20 255 80 255 255 72 255 255 82 18
    255 255 122 18 255 82 121 12 255 255 255 154 217 163 62 255 255 30
    34 128 210 231 255 240 66 255 126 255 177 134 255 255 255 223 8 32
    255 241 255 255 32 224 58 106 208 255 4 226 215 78 120 255 255 226
    255 255 92 255 255 160 38 46 255 255 247 128 117 148 255 4 255 30 4
    56 106 173 189 226 237 255 134 255 225 4 159 255 242 229 255 26 255
    255 255 255 255 255 255 255 255 255 255 136 255 231 180 255 106 12
    81 255 255 70 179 130 255 255 144 255 116 142 255 227 255 255 4 74
    255 255 100 255 255 104 76 255 238 101 185 255 255 255 192 255 92
    130 255 255 174 255 60 255 255 104 255 255 62 255 255 255 130 46 106
    255 215 255 156 255 255 18 157 255 255 255 16 255 229 243 255 255
    255 255 2 255 108 255 255 255 255 118 42 255 255 255 255 122 255 26
    165 255 34 255 182 255 255 255 139 44 255 255 247 46 165 255 255 175
    124 255 20 255 204 255 255 255 115 94 255 12 255 255 255 219 20 221
    255 62 171 34 108 167 255 255 255 255 90 255 255 255 119 112 255 137
    225 58 255 142 255 58 229 255 235 255 255 121 255 255 255 130 224
    255 193 255 151 243 84 26 207 255 167 191 42 255 255 206 125 255 104
    123 255 100 255 255 84 255 140 90 255 255 142 255 255 255 255 255
    255 171 255 255 159 255 36 155 175 255 255 255 194 221 255 255 99
    255 255 30 255 255 155 255 244 48 255 24 231 255 255 147 205 76 149
    255 128 219 191 255 93 255 164 255 255 68 255 165 255 255 136 255 99
    255 255 113 255 46 255 255 182 255 255 255 109 255 4 255 142 252 127
    255 220 255 255 255 255 255 246 163 255 50 255 255 56 50 4 94 8 255
    240 255 94 88 64 255 66 255 255 255 155 255 255 255 255 176 36 110
    255 255 255 255 81 112 166 255 227 255 64 96 10 137 255 20 237 110
    255 129 18 228 255 255 84 255 82 246 255 255 255 54 255 32 40 255
    148 255 64 22 36 152 42 255 84 96 242 4 200 225 161 22 52 54 255 246
    160 255 175 255 255 163 114 108 153 255 146 255 104 255 255 255 130
    231 255 255 239 255 255 255 255 255 50 255 86 255 195 255 195 52 255
    185 255 84 12 255 20 58 156 255 255 211 255 255 255 92 255 255 255
    135 158 114 255 191 216 255 56 255 255 197 255 255 122 255 255 255
    60 255 255 106 195 255 248 60 128 255 255 255 246 175 106 210 181
    233 244 181 48 58 173 181 255 231 132 255 169 255 255 255 199 255
    183 255 255 14 197 62 207 255 166 115 96 8 38 255 42 26 255 200 255
    255 40 255 255 246 89 255 194 255 40 255 255 255 255 149 78 94 125
    64 14 149 255 255 255 255 200 255 144 255 255 255 255 255 255 255
    255 221 255 255 142 255 255 255 255 30 239 184 231 255 255 255 255
    110 255 255 134 167 255 255 229 70 255 255 255 50 255 199 255 255
    255 255 242 255 255 255 255 212 255 136 40 103 82 255 83 142 32 255
    255 64 255 255 218 255 255 106 117 24 255 58 110 98 161 255 88 233
    255 255 255 255 255 255 148 255 221 217 12 48 154 206 255 255 255
    255 255 255 107 50 170 115 255 222 255 227 255 74 12 255 255 247 192
    24 255 128 255 150 188 255 233 255 242 255 255 255 213 94 248 255
    164 255 255 90 111 255 232 248 78 255 255 191 52 28 18 210 255 255 2
    255 108 186 34 255 222 2 74 72 255 211 150 125 255 6 255 255 10 255
    10 255 203 181 8 193 255 255 255 255 255 255 12 255 255 255 255 255
    255 255 109 152 255 255 255 162 197 68 136 28 255 88 113 255 255 255
    156 255 141 40 255 255 255 76 28 255 166 255 237 56 62 108 122 255
    175 188 255 58 110 255 152 132 8 44 16 46 152 192 54 255 100 255 175
    255 255 255 255 255 146 118 255 255 255 255 255 255 211 181 255 159
    255 255 255 255 255 105 255 255 255 255 190 255 255 255 221 54 255
    255 207 100 52 108 255 62 189 255 56 191 255 54 255 196 255 255 255
    74 44 236 10 255 255 255 255 40 248 251 250 255 94 255 76 255 164
    233 22 255 255 255 124 255 255 255 255 255 16 195 108 248 22 253 255
    48 255 255 8 255 188 20 237 255 4 255 255 255 255 255 255 88 246 255
    255 255 255 60 98 255 150 255 255 150 36 255 255 255 52 255 255 191
    255 54 255 163 132 255 255 180 255 185 255 113 68 252 255 92 255 153
    255 255 91 255 255 255 90 255 255 255 30 30 70 148 255 217 236 157
    255 255 255 255 255 255 26 255 255 255 255 255 161 170 32 76 255 66
    114 74 76 100 188 14 255 110 255 4 118 255 255 138 42 74 255 255 255
    170 177 187 100 255 183 255 28 255 176 74 255 184 255 255 224 255 12
    68 255 86 255 153 255 52 255 255 124 20 255 76 255 243 82 105 136
    114 242 173 255 255 80 38 175 255 76 255 255 255 165 255 192 46 235
    255 255 255 255 36 152 136 123 96 32 56 255 40 255 255 255 107 255
    255 255 255 226 179 217 255 183 249 255 244 255 42 255 177 148 32 52
    255 255 20 255 137 255 190 255 255 126 217 118 66 255 255 56 255 255
    255 167 14 158 242 122 255 99 120 242 233 118 255 16 128 255 161 56
    126 255 104 255 193 255 255 255 66 255 22 255 28 91 255 110 255 68
    70 255 241 255 255 146 56 255 255 206 255 255 24 155 48 78 165 255
    204 205 255 255 255 223 112 255 223 255 185 163 236 255 255 255 231
    255 255 54 88 122 173 255 158 89 255 255 10 161 255 0 255 255 137 2
    114 255 255 255 255 255 255 255 138 42 34 255 232 175 255 58 255 255
    255 255 255 16 255 152 255 255 221 150 255 169 70 229 255 228 181
    183 102 255 88 162 6 28 255 165 124 48 255 255 56 255 18 255 248 156
    255 255 255 255 255 136 140 50 14 255 133 255 48 72 255 210 255 255
    34 87 241 122 255 255 186 91 221 86 193 72 238 231 255 0 239 255 255
    60 46 255 255 68 255 255 255 16 255 255 255 70 40 232 46 255 236 2
    140 255 101 44 255 229 185 255 123 28 240 255 185 255 149 255 232
    255 78 255 255 255 255 255 56 14 255 130 208 255 108 14 255 217 222
    255 146 0 255 223 106 42 229 108 255 255 2 255 255 132 255 255 255
    255 110 255 24 255 255 60 213 255 103 255 255 93 255 214 181 255 255
    255 255 136 255 245 210 149 199 4 255 24 255 193 114 255 101 255 255
    252 235 255 255 110 142 113 223 255 255 54 224 151 227 255 255 191
    255 255 255 126 38 36 255 34 40 248 255 207 255 255 255 94 255 255
    255 255 255 60 255 255 255 255 255 84 2 255 255 255 255 255 40 255
    255 68 4 22 255 82 208 62 255 4 141 255 72 119 237 255 255 26 255
    255 209 220 177 74 0 255 90 244 89 255 60 171 255 255 123 32 255 255
    255 42 255 255 255 167 100 160 255 181 212 149 255 255 248 255 255
    89 255 126 255 167 134 255 255 2 109 255 108 60 255 255 255 54 24
    255 124 255 177 255 255 255 154 255 255 255 255 255 171 255 10 255
    255 237 255 255 60 4 254 167 30 172 74 255 100 255 201 255 255 58
    255 50 255 255 133 255 128 10 158 255 255 62 255 255 118 255 223 90
    98 255 255 255 189 255 220 239 255 196 38 0 255 255 223 176 44 6 234
    205 255 255 255 255 100 233 255 86 255 255 255 255 146 255 255 165
    255 85 255 255 255 255 206 155 255 70 68 251 214 255 255 252 117 185
    255 255 255 156 163 179 14 145 255 255 255 255 255 127 114 255 255
    138 255 255 255 226 255 255 255 255 197 240 28 255 40 255 255 0 255
    255 92 195 241 204 255 255 255 143 255 255 6 203 255 175 152 255 149
    255 26 12 58 126 255 255 164 246 255 140 255 217 70 255 255 255 255
    231 230 14 255 2 255 255 255 255 96 255 255 52 132 255 255 255 255
    60 255 255 251 52 187 100 190 14 255 88 255 255 62 255 144 255 255
    24 130 255 255 255 255 253 102 255 90 255 255 68 182 201 231 255 255
    255 128 139 255 255 185 255 255 205 124 255 255 26 255 255 255 255
    255 255 255 89 156 240 255 124 250 207 114 64 46 255 255 131 255 255
    255 255 200 255 90 232 255 255 255 255 255 166 255 96 210 201 255 88
    255 233 232 219 255 48 89 96 255 40 126 116 157 118 255 87 28 6 46
    158 182 85 255 238 255 255 6 133 255 255 233 255 255 147 255 255 217
    26 255 8 255 255 189 255 255 255 255 144 255 223 192 10 10 255 255
    255 54 255 185 255 255 68 255 141 183 28 255 255 255 255 255 42 203
    72 255 255 255 152 255 255 4 255 94 124 255 255 144 255 255 70 83
    255 230 89 255 130 255 255 255 255 80 84 191 255 255 255 74 255 255
    56 224 255 72 255 145 10 255 139 255 255 255 255 52 231 74 255 255
    255 255 123 255 164 233 255 6 248 225 176 155 122 255 181 163 2 255
    38 204 129 255 255 119 255 118 246 104 16 235 255 255 255 36 255 125
    255 255 143 199 220 255 255 48 255 255 178 255 255 255 255 255 255
    231 205 255 255 209 255 255 158 146 255 195 255 255 255 255 255 197
    248 34 255 168 255 74 70 187 255 255 10 255 255 255 72 255 255 231
    146 255 128 255 58 255 255 239 255 255 173 255 255 255 255 146 91
    124 146 255 255 20 255 12 126 30 255 255 255 255 255 191 191 162 255
    28 116 231 255 255 121 22 255 117 173 255 147 150 255 209 255 220
    215 255 255 8 114 244 255 255 255 242 10 86 255 255 6 255 255 255
    255 255 255 115 16 255 137 16 182 255 225 255 235 132 255 195 68 255
    255 255 255 68 255 255 255 255 204 255 80 240 255 215 255 255 146 90
    255 219 255 255 146 255 115 255 255 30 255 255 225 255 255 255 195
    202 141 255 118 235 130 130 209 255 255 191 255 255 255 211 255 255
    255 136 255 255 64 255 150 255 255 255 160 153 42 222 201 255 255
    239 26 218 237 136 255 141 18 182 255 8 88 255 255 255 28 255 86 195
    255 255 255 255 240 26 255 36 255 255 255 255 165 16 111 231 255 48
    126 112 246 118 255 18 86 255 255 36 255 255 189 26 76 177 46 244 70
    102 255 255 164 68 255 255 255 86 255 6 255 46 255 181 200 133 219
    98 85 191 255 66 110 26 255 255 176 135 116 255 255 255 184 223 18
    152 255 255 255 255 112 90 159 255 255 153 255 214 255 255 255 242
    74 255 209 255 255 255 205 122 255 108 255 255 44 255 255 255 154 34
    163 255 255 158 255 50 255 255 125 255 64 255 255 255 255 46 255 246
    255 28 217 255 42 255 120 134 117 255 255 78 255 178 255 255 255 255
    255 255 255 255 255 101 14 255 255 255 255 255 124 210 255 96 88 255
    255 255 137 255 186 255 255 198 255 140 255 48 255 82 255 20 255 255
    255 232 117 118 255 255 255 255 193 235 255 255 98 26 135 255 206
    239 237 255 153 255 255 255 255 160 161 255 255 255 156 255 255 98
    255 255 185 255 248 255 186 255 255 250 231 66 78 239 255 255 255
    255 255 255 140 162 109 92 255 255 255 255 255 12 255 255 255 104
    255 227 255 10 255 255 179 255 32 109 44 255 64 255 255 0 255 255
    255 255 255 111 16 74 255 235 255 255 44 114 209 255 144 4 237 148 6
    255 160 255 215 255 171 255 255 149 237 255 26 18 255 255 22 255 255
    213 40 255 98 255 83 255 255 255 255 160 255 255 90 34 255 138 24
    255 255 255 251 255 255 255 255 255 124 255 255 255 10 107 116 130
    255 255 255 231 255 28 255 255 112 255 114 255 62 255 56 255 68 192
    255 18 190 231 100 148 255 181 255 255 255 255 255 161 255 8 30 255
    4 255 130 255 255 10 105 255 40 68 70 82 78 231 255 227 50 255 20
    255 255 255 38 146 255 255 255 255 28 255 24 255 255 255 74 152 149
    255 255 163 255 255 255 255 252 255 255 255 255 255 154 227 16 255
    255 86 200 201 173 255 255 28 86 113 46 172 255 255 255 255 255 255
    255 60 255 255 48 255 105 255 255 137 46 255 26 110 255 255 255 114
    255 255 255 255 255 160 8 255 122 147 255 152 255 255 255 255 84 226
    255 255 16 99 223 255 115 255 255 255 140 236 255 56 255 255 255 255
    255 255 255 255 255 168 255 255 248 255 255 255 255 255 52 207 255
    74 255 255 255 255 255 80 58 144 232 32 255 255 255 255 6 127 255
    244 255 255 255 105 255 216 255 255 255 76 207 255 157 255 255 255
    136 38 141 52 255 255 255 124 207 255 255 193 68 8 255 255 236 255
    255 190 255 255 255 255 255 136 255 255 68 109 255 234 101 20 255
    169 134 110 255 50 34 203 146 58 181 255 255 255 255 250 255 255 200
    101 255 250 255 255 255 239 255 255 255 201 255 107 255 96 62 30 255
    255 255 255 248 255 250 255 255 255 242 199 255 255 255 255 85 74
    150 255 255 218 255 255 255 2 255 255 215 160 255 255 197 30 255 255
    86 85 255 16 255 88 255 64 255 152 255 229 255 255 161 104 255 124
    20 28 255 16 255 215 254 255 255 255 255 197 154 255 245 106 12 255
    255 255 255 255 78 255 134 229 255 255 255 217 255 185 255 174 193
    118 255 161 255 2 255 255 44 255 243 255 255 255 238 255 255 42 4
    161 255 255 255 255 255 30 255 255 255 255 255 197 190 34 62 255 219
    195 50 109 167 18 255 142 255 255 2 255 255 195 128 175 255 255 255
    255 174 255 255 246 235 108 160 255 255 255 70 177 56 255 251 255 40
    255 255 167 14 12 6 255 255 115 221 208 229 165 16 211 66 255 255
    255 255 189 255 255 50 72 82 255 191 255 255 219 174 169 255 48 101
    90 18 255 122 255 133 68 255 255 255 208 255 255 200 255 34 186 255
    38 142 221 60 255 107 255 198 255 255 255 121 14 154 255 6 254 235
    255 255 255 255 255 255 255 72 255 255 255 255 0 255 255 255 255 46
    255 255 255 175 130 255 54 8 70 74 56 255 255 255 28 255 255 255 158
    124 255 255 255 255 237 138 255 255 255 255 4 255 181 201 255 255
    255 255 255 171 98 42 54 255 117 255 255 255 255 116 255 195 255 113
    255 255 26 255 74 48 48 114 72 255 255 147 255 66 255 255 255 255
    130 255 175 179 154 255 179 255 255 64 138 42 255 158 155 255 192 56
    94 50 16 255 96 255 70 64 177 255 168 255 255 255 255 62 255 183 255
    255 255 78 154 255 255 234 34 255 255 255 255 255 255 255 255 83 152
    170 237 255 222 199 255 255 255 249 232 8 62 255 139 70 202 255 255
    255 255 14 254 255 255 255 250 255 255 137 255 255 223 255 255 255
    255 180 248 255 66 255 255 255 72 255 20 155 187 180 255 255 255 83
    213 206 6 255 206 255 58 255 255 255 255 255 233 255 255 158 188 60
    255 255 233 2 20 255 144 250 255 255 108 255 163 42 137 138 138 255
    10 255 255 255 255 255 112 255 133 183 28 235 152 154 111 255 84 157
    136 255 255 249 255 95 112 72 248 255 28 255 68 255 255 255 255 255
    44 255 167 20 44 255 82 255 141 112 242 255 6 255 205 255 138 195
    255 104 255 82 255 255 88 255 38 255 255 255 255 255 145 231 255 255
    16 210 255 255 255 4 255 255 255 255 10 255 255 255 255 255 210 255
    255 255 255 255 152 54 136 255 46 255 6 81 255 20 187 255 255 111
    241 255 255 255 146 252 255 206 255 255 255 255 38 255 255 28 255
    255 255 30 255 255 255 81 255 255 255 255 180 255 255 255 205 48 222
    255 255 110 181 207 4 255 255 74 237 72 142 213 255 255 255 46 204
    42 70 52 255 177 255 255 255 255 46 255 238 255 18 176 255 165 255
    255 255 40 175 255 244 195 255 84 72 24 32 32 255 255 255 255 255 46
    239 156 255 255 184 255 28 255 255 68 255 255 255 226 255 255 255
    255 255 255 255 255 255 255 255 206 217 255 255 255 255 255 255 100
    152 50 255 112 14 255 255 255 203 140 255 255 255 255 255 38 255 154
    255 0 255 44 215 255 255 36 14 220 255 255 142 255 24 255 107 255
    255 255 255 255 76 255 118 255 48 255 255 255 26 167 249 255 255 255
    255 255 255 255 22 255 255 91 90 38 255 255 240 115 26 106 255 255
    214 143 255 255 147 255 36 165 122 164 197 163 216 187 124 255 255
    30 16 255 255 212 255 52 255 255 255 200 255 195 255 255 110 255 81
    82 255 50 104 120 255 203 118 255 255 36 255 255 255 255 78 255 255
    255 255 169 255 2 239 255 255 255 255 80 246 138 158 255 255 255 250
    86 255 255 229 80 215 255 68 233 241 255 255 108 255 255 124 146 64
    245 150 255 86 84 239 86 18 255 255 172 177 46 158 40 255 255 255
    255 255 255 197 255 215 126 184 255 4 74 255 255 255 255 126 124 213
    4 255 48 255 124 109 255 182 255 253 110 4 213 255 36 78 116 155 233
    255 255 199 255 255 163 132 255 199 255 181 255 255 115 255 66 147
    98 255 219 255 255 255 146 255 193 171 255 255 211 255 255 92 58 185
    28 255 227 245 255 255 60 255 109 255 255 121 255 255 223 255 255
    255 255 72 38 60 255 127 255 255 24 158 255 255 255 136 255 229 255
    244 185 255 121 223 255 255 100 255 255 64 255 121 255 255 250 255
    255 54 211 255 255 255 255 6 36 255 255 130 255 255 40 255 255 24
    255 255 54 214 250 191 148 255 255 255 255 255 104 149 251 255 121
    201 174 255 62 255 246 40 255 255 217 255 125 255 255 141 255 128 28
    193 255 217 255 255 135 255 255 255 217 188 255 255 255 62 52 72 169
    255 255 255 171 255 255 255 255 255 255 255 255 255 240 255 70 136
    237 255 62 135 6 255 165 255 255 255 201 144 255 102 8 255 255 216
    139 108 210 255 255 26 255 255 255 235 231 255 219 255 152 20 255
    136 117 96 18 70 255 52 56 122 255 56 255 255 255 229 110 165 104
    255 26 181 232 255 175 255 255 255 214 91 161 255 255 255 150 255
    255 178 203 209 255 255 102 255 68 255 188 255 255 136 255 255 44
    255 255 148 74 130 255 64 255 202 255 255 255 181 112 56 20 255 255
    255 6 106 255 255 44 246 255 84 177 255 126 32 112 255 255 255 255
    54 255 255 239 255 255 255 255 10 255 255 238 219 255 255 143 255
    210 48 142 46 139 255 60 255 255 156 10 154 255 255 255 240 81 54 34
    81 160 255 135 36 74 46 255 255 255 255 66 255 255 255 14 213 232
    235 52 246 255 247 255 255 118 255 255 215 255 255 181 218 255 255
    255 203 6 204 22 255 255 81 84 255 159 26 255 223 255 255 255 167 58
    255 237 255 255 8 188 18 255 255 123 211 255 255 255 120 54 26 68 42
    255 255 255 255 255 42 54 178 255 255 255 255 255 16 255 255 240 193
    156 255 26 255 255 189 255 255 187 255 194 255 255 162 209 255 128
    143 255 255 255 249 255 177 92 255 85 199 255 207 207 255 255 152
    255 179 255 255 255 42 116 255 255 255 255 255 255 255 255 255 72
    255 196 255 219 226 121 237 132 255 158 220 242 64 200 149 231 176
    255 144 208 255 255 160 50 98 255 255 22 255 255 16 255 161 255 196
    255 255 255 255 255 174 161 255 158 255 255 255 16 132 255 255 32
    108 233 255 108 60 255 255 28 34 255 255 255 92 255 255 0 18 255 255
    255 167 24 255 255 194 85 199 92 52 225 255 255 255 255 255 255 152
    255 255 160 8 116 122 255 255 255 255 132 255 42 255 240 255 255 38
    255 161 108 165 156 255 255 255 255 191 211 255 95 94 230 255 255
    255 26 191 206 233 24 255 255 255 255 78 177 255 20 255 255 255 255
    255 255 255 255 255 255 164 255 255 148 255 68 208 201 255 255 255
    255 92 255 108 172 255 177 234 211 100 60 153 255 255 159 112 222
    255 255 66 255 255 255 38 255 255 255 255 255 255 233 114 255 247
    255 255 255 190 255 255 130 250 82 176 255 58 108 255 255 255 107
    255 200 255 108 114 255 6 100 255 255 255 250 255 190 32 255 255 255
    108 34 255 255 255 255 187 255 255 241 72 40 112 255 205 255 255 217
    255 255 123 16 104 255 22 255 171 229 234 255 0 254 0 255 255 255
    255 255 255 255 174 36 22 255 177 255 255 231 255 8 255 255 255 255
    255 255 255 255 42 54 70 255 255 255 98 255 255 98 215 255 255 10 74
    255 255 255 255 40 126 230 169 22 152 62 235 255 255 116 208 255 255
    255 255 255 84 255 8 202 246 106 84 255 255 255 159 255 36 66 112
    150 215 255 40 26 68 255 254 255 255 225 255 255 201 255 255 81 205
    255 255 255 52 255 40 44 177 255 236 175 126 82 255 255 18 255 255
    250 255 24 122 107 243 110 72 169 255 255 255 190 255 255 216 255
    175 255 70 255 255 145 255 242 36 140 255 255 241 106 255 191 255
    125 233 4 197 64 255 0 167 180 62 161 158 211 213 255 255 62 14 151
    239 208 147 255 84 255 255 100 255 156 56 113 203 255 255 255 255
    255 255 255 93 255 208 255 255 255 211 177 2 255 130 80 217 255 255
    109 255 162 255 187 255 255 255 255 159 249 255 223 126 36 143 32
    196 129 255 32 151 150 26 101 255 255 209 175 255 255 82 255 62 255
    255 255 54 255 255 76 255 173 237 255 255 255 255 255 255 255 30 237
    255 246 167 255 193 255 255 255 20 40 223 255 200 255 255 255 52 255
    136 219 255 64 157 255 255 255 199 255 101 255 255 255 255 186 72
    255 222 255 255 255 255 255 255 255 255 68 215 255 255 22 183 255
    255 179 255 252 209 116 46 104 34 255 118 255 60 144 190 255 108 246
    255 255 255 221 255 255 215 255 255 255 60 114 248 60 255 255 255
    255 255 255 86 255 78 140 26 219 116 255 241 112 36 132 40 255 255
    255 255 253 255 255 255 255 193 112 100 159 102 156 46 86 255 18 255
    255 111 255 255 255 255 255 133 26 255 211 132 255 255 78 238 255
    255 255 239 110 86 255 255 74 255 255 82 60 231 128 255 255 255 181
    255 255 4 255 255 60 227 255 255 54 132 255 255 232 103 183 68 255
    255 255 255 255 255 83 34 255 255 255 255 229 124 255 255 14 230 255
    251 255 109 255 68 255 52 170 255 209 255 255 255 54 173 108 68 129
    255 255 121 255 255 255 154 190 225 255 6 255 177 255 26 255 198 209
    255 255 255 255 34 255 255 255 255 132 184 177 255 255 255 237 172
    255 255 255 255 255 255 255 30 255 255 255 255 255 124 255 143 193
    242 255 255 255 209 255 255 255 255 0 187 255 244 255 48 116 255 195
    68 95 255 255 64 255 76 255 255 128 99 158 255 225 52 112 189 177
    142 255 177 178 255 211 255 131 136 232 68 255 255 143 255 255 255
    158 156 255 4 255 131 52 255 255 255 212 255 26 152 87 72 218 255
    255 255 255 255 222 113 86 255 255 255 78 242 169 0 185 108 255 70
    80 255 255 24 255 255 255 142 34 187 210 239 255 255 54 154 206 255
    255 144 255 255 150 255 251 160 74 255 255 255 255 100 81 58 110 255
    255 240 165 255 255 255 114 255 16 251 255 44 255 36 255 255 255 255
    207 68 255 235 148 70 138 20 109 255 255 255 144 106 255 255 182 255
    86 255 127 255 232 255 255 148 250 193 104 171 255 255 255 255 255
    255 255 255 255 86 255 255 255 255 173 255 255 163 241 152 255 72
    255 173 165 255 42 118 255 40 189 84 219 58 255 255 255 255 255 213
    255 109 255 48 183 255 204 255 72 22 76 148 110 255 132 38 255 255
    248 30 255 144 235 255 50 237 152 255 255 58 116 255 251 255 237 54
    56 235 124 188 255 241 128 255 10 224 50 231 188 255 255 255 189 255
    214 109 255 255 137 68 98 255 173 104 255 255 255 255 183 6 255 138
    170 66 26 255 255 255 255 255 255 255 157 32 255 255 255 160 255 150
    255 255 92 255 255 239 208 8 255 255 207 183 16 255 205 255 255 72
    255 203 255 100 255 255 226 255 50 255 109 255 255 221 128 204 255
    255 255 255 255 182 22 132 206 32 169 76 135 255 28 237 138 50 167
    255 255 137 245 255 89 94 192 255 118 255 255 116 130 255 255 255
    255 255 180 70 12 255 255 34 138 255 255 255 255 255 255 255 189 150
    255 28 255 163 255 110 18 120 255 255 255 255 20 48 255 255 167 150
    255 255 66 48 8 166 239 255 50 123 76 255 129 255 255 252 130 255
    255 255 255 191 237 255 44 255 255 143 255 255 237 255 6 255 255 255
    54 255 60 111 26 204 36 255 86 189 255 20 209 255 98 255 255 255 255
    255 80 231 255 96 255 18 212 26 22 38 58 255 156 22 110 255 78 255
    255 159 255 66 255 255 255 255 255 84 255 255 196 145 58 255 255 255
    254 255 255 255 201 22 255 149 124 118 255 66 255 26 225 255 255 247
    255 255 148 255 255 255 88 145 193 124 173 255 200 143 179 255 255
    156 162 255 142 52 213 255 255 14 78 48 97 255 192 255 255 140 255
    255 22 255 92 255 255 68 118 28 255 18 255 146 204 255 100 255 255
    255 126 40 255 255 99 136 104 255 231 184 255 241 54 255 255 255 242
    203 255 246 171 12 255 255 168 255 28 255 255 255 255 255 255 255
    255 48 238 255 62 96 255 255 110 255 255 216 255 104 196 2 48 255
    255 255 255 175 255 42 252 243 255 255 60 255 255 255 128 255 193
    255 255 235 255 255 185 58 127 255 90 255 255 255 34 255 255 14 154
    255 255 30 174 215 215 255 113 52 255 99 14 255 255 48 180 255 255
    255 255 120 255 97 10 90 221 30 160 255 110 162 255 215 94 255 255
    255 191 255 255 177 193 255 255 100 76 201 255 255 50 255 255 255
    255 220 105 255 255 255 255 255 242 253 208 255 229 255 131 50 255
    255 253 208 227 138 255 255 98 140 161 255 255 255 255 255 252 92
    255 255 255 255 179 255 32 163 255 4 255 255 150 205 255 255 255 255
    255 239 255 255 221 255 218 185 255 255 44 245 162 255 255 158 125
    50 54 155 255 255 89 34 20 255 255 64 225 255 4 157 255 186 185 22
    58 131 255 255 87 26 192 255 255 255 255 255 255 78 148 48 255 255
    255 201 255 250 56 165 255 255 177 70 99 80 152 255 34 196 255 255
    255 149 46 255 8 255 218 18 255 146 242 255 156 255 255 48 255 255
    255 189 255 192 255 255 255 255 84 160 252 255 255 54 118 50 115 255
    255 32 171 255 255 255 255 255 255 255 255 255 76 8 16 255 197 185
    66 227 158 74 105 255 255 175 255 212 242 255 162 255 102 54 255 175
    255 255 255 255 2 132 255 201 255 34 32 255 138 199 255 36 223 76
    238 255 126 42 97 48 0 191 227 192 255 142 255 239 114 26 255 255
    255 91 199 114 255 255 82 255 255 255 255 255 138 32 255 236 255 255
    24 255 255 66 255 255 238 58 158 208 81 255 255 28 255 255 185 255
    186 83 255 52 248 255 102 255 237 44 255 94 255 255 255 255 209 110
    118 76 22 255 255 160 240 109 255 255 255 237 255 173 72 138 255 60
    190 255 64 220 255 255 116 229 70 255 81 255 82 255 122 236 255 255
    255 179 223 255 89 183 255 255 183 255 239 255 94 109 171 255 205
    160 255 255 237 40 151 213 126 252 255 208 141 255 196 255 112 66
    255 255 255 199 255 112 205 255 138 42 58 70 93 255 110 255 74 212
    127 255 68 38 255 255 24 140 64 255 219 36 255 156 255 255 32 104
    255 106 255 111 255 218 255 255 104 255 6 255 255 56 74 255 255 255
    255 14 255 255 255 144 207 255 224 255 163 24 165 255 255 109 171
    255 255 255 255 14 50 255 255 255 255 163 175 238 255 255 255 255
    251 255 131 205 32 4 255 255 119 255 255 219 255 84 58 72 24 255 142
    88 46 255 255 109 142 255 255 255 28 16 24 255 93 255 192 255 144
    210 167 26 255 255 255 126 62 255 60 211 255 255 20 255 26 97 156 74
    22 40 124 255 255 8 30 255 255 255 181 4 237 10 12 255 255 178 255
    24 255 56 255 30 255 14 255 233 48 158 255 124 124 48 2 255 255 255
    255 255 255 255 255 255 208 16 255 156 119 241 54 255 255 104 38 181
    22 255 255 255 141 189 255 255 165 150 87 197 162 255 118 138 81 34
    188 255 58 255 147 255 255 133 100 126 101 106 228 255 126 255 255
    255 136 113 201 255 255 255 40 255 40 255 219 255 255 255 88 132 81
    255 255 87 255 188 169 255 160 163 219 50 255 255 50 64 255 86 255
    10 255 255 233 152 113 48 255 255 241 188 119 255 184 175 199 255
    187 241 152 229 138 255 255 255 156 255 255 255 127 255 104 223 76
    128 255 24 255 255 118 80 255 255 255 255 255 255 183 255 255 191
    138 255 255 88 230 255 255 94 255 255 255 145 255 255 255 255 126
    207 255 190 255 217 255 255 94 8 255 92 255 255 114 255 109 22 255
    255 207 94 255 255 255 233 255 255 255 255 8 255 44 255 255 64 180
    175 255 255 255 255 255 44 44 220 255 255 255 255 255 255 255 52 66
    255 255 255 99 0 255 255 2 26 113 255 222 255 245 255 255 217 255
    169 255 172 255 92 140 85 255 255 255 255 255 255 42 148 165 255 214
    123 140 188 255 255 255 151 0 104 255 169 255 255 64 255 107 92 38
    38 221 122 255 255 102 255 24 255 115 255 255 255 255 255 255 255
    255 255 203 255 255 152 255 255 255 255 99 255 18 255 223 255 255
    255 56 195 255 255 81 255 182 255 255 132 255 94 220 254 255 68 179
    255 255 20 10 20 163 255 255 255 255 255 255 255 4 255 72 255 255 66
    160 30 74 252 255 255 255 255 255 255 255 245 255 2 227 44 255 233
    150 179 255 214 197 142 255 149 219 255 139 18 138 42 255 255 242
    156 255 189 255 255 193 189 176 169 255 255 255 255 120 235 255 255
    255 187 120 255 112 255 54 8 32 255 205 174 163 255 234 89 255 255
    255 255 255 255 255 255 205 255 255 255 183 255 255 82 196 255 255
    80 255 255 255 191 255 2 255 255 255 42 255 220 255 237 202 255 255
    192 255 255 255 187 255 255 255 187 255 107 18 255 40 60 255 255 255
    56 167 255 255 255 10 255 207 247 255 121 255 120 227 219 180 169
    146 255 85 74 255 111 255 255 137 6 255 255 255 70 187 255 210 189
    209 255 242 126 110 255 255 210 255 20 236 255 255 255 255 255 255
    255 20 94 255 255 255 111 56 255 255 221 30 171 255 220 213 2 54 255
    255 16 28 255 255 32 255 255 72 223 255 46 160 255 181 255 60 223
    255 255 74 255 160 255 8 255 225 24 52 255 255 255 8 104 206 255 102
    255 255 255 255 255 20 72 244 255 148 219 255 255 255 255 255 205
    140 228 129 120 70 255 221 255 123 187 194 255 255 255 24 255 220
    219 187 255 187 187 255 255 46 255 255 76 255 26 255 96 159 255 110
    255 255 84 255 255 255 255 171 174 255 8 40 255 181 22 0 255 255 255
    255 255 244 255 255 24 114 255 58 40 80 157 237 16 255 227 120 255
    90 255 255 255 124 20 255 142 60 58 120 187 189 255 255 197 255 205
    78 200 255 94 24 255 142 255 255 255 255 26 255 255 255 104 130 255
    4 255 255 247 255 137 64 255 135 255 138 135 255 255 255 255 164 10
    255 84 255 255 240 255 163 78 255 100 255 255 255 2 255 241 255 255
    255 255 89 34 255 255 193 28 70 255 0 255 122 255 213 255 250 153
    255 255 255 255 40 72 255 56 255 255 88 255 255 255 95 142 255 255
    185 255 74 255 18 255 62 92 117 255 128 255 163 96 14 255 198 111
    255 54 38 48 255 169 255 64 32 32 255 179 255 248 255 255 255 255
    255 255 255 255 255 255 255 255 255 235 26 14 163 255 255 229 255
    255 92 210 255 255 255 4 114 156 42 255 255 76 255 100 151 82 255
    246 255 255 255 255 8 255 68 198 72 110 140 255 255 176 30 124 255
    197 255 204 255 136 40 255 177 255 255 255 255 246 62 255 95 249 255
    255 255 76 255 255 255 211 82 255 252 255 255 14 255 255 107 255 255
    255 134 255 109 22 255 46 255 255 179 255 255 231 66 255 159 255 255
    131 54 100 163 255 70 255 255 62 105 255 68 95 255 255 255 144 255
    167 255 255 187 56 255 255 255 152 255 255 132 42 255 162 255 18 255
    255 255 255 72 42 26 255 44 255 78 114 255 255 255 255 255 255 246
    125 160 255 191 255 210 255 255 255 131 255 255 62 150 255 24 12 44
    111 76 170 242 205 38 255 201 255 255 255 255 255 255 46 113 255 255
    255 255 255 255 40 255 255 255 255 155 150 255 255 255 255 26 120
    255 74 229 166 97 255 28 2 54 80 105 255 255 255 110 255 244 126 255
    255 255 96 255 255 255 38 255 94 129 209 194 255 217 255 215 215 84
    255 255 255 255 48 255 255 255 234 255 255 255 151 132 142 34 255
    110 177 255 255 191 255 76 255 255 88 255 255 222 255 255 255 255
    255 255 223 78 255 189 255 255 105 255 68 221 255 52 255 76 255 255
    255 152 255 255 192 246 255 12 255 255 94 165 205 164 163 179 84 255
    44 178 217 64 226 42 134 78 255 255 82 177 255 255 101 229 154 157
    255 204 255 207 255 83 118 255 255 255 236 255 255 148 255 72 20 56
    255 255 255 255 164 91 255 142 255 255 255 119 48 226 255 255 255 95
    255 246 123 66 255 255 255 255 151 253 180 255 255 255 2 241 80 255
    52 170 209 183 48 248 255 255 255 20 255 255 255 222 83 255 255 255
    251 100 255 247 100 179 255 214 242 195 34 255 64 200 255 255 255
    255 136 255 153 213 255 183 255 30 255 255 255 255 160 228 58 255
    254 255 42 255 255 255 255 255 247 158 255 106 52 255 104 255 12 106
    255 255 100 146 255 239 46 255 255 255 255 136 255 255 64 255 28 82
    194 255 255 255 30 255 255 187 4 255 231 255 255 255 154 84 242 20
    172 255 255 194 255 255 255 255 207 255 135 255 228 161 201 76 14
    122 72 255 255 255 255 84 132 255 255 255 227 197 120 255 46 12 255
    130 255 255 255 24 255 66 112 255 253 78 255 156 255 175 199 60 246
    255 255 255 48 92 255 205 255 255 255 46 52 255 20 83 4 254 255 255
    16 139 122 255 12 181 140 255 255 160 255 255 144 255 255 255 255
    255 6 255 126 46 255 175 255 255 36 255 143 255 210 76 233 50 229
    255 76 139 175 30 131 255 255 183 96 178 255 54 255 193 233 108 255
    255 78 255 255 216 255 255 255 239 255 255 255 255 246 255 255 94 93
    213 100 255 108 255 255 161 255 119 98 255 207 255 252 48 28 180 255
    128 248 255 50 106 193 255 86 74 255 228 199 255 255 255 255 242 255
    255 16 255 255 190 85 255 118 255 255 80 255 255 255 62 255 255 255
    255 200 255 203 88 255 20 255 255 255 72 255 12 255 60 255 180 24
    255 152 255 207 22 255 255 124 231 255 255 133 6 150 255 86 132 139
    58 144 181 255 216 145 255 50 235 255 255 255 255 255 159 110 162
    147 225 255 223 90 178 255 255 116 255 255 255 250 92 82 209 76 255
    155 128 255 255 163 76 255 233 204 105 98 122 255 255 174 255 255
    255 255 239 255 187 169 168 22 255 255 255 255 102 20 255 255 173
    255 255 255 56 164 255 255 255 227 255 255 18 66 8 255 62 212 255
    128 255 255 255 255 38 183 208 255 217 255 97 255 255 70 118 106 78
    24 30 16 66 14 255 54 255 255 255 255 64 169 146 235 130 224 255 255
    218 255 255 255 30 32 255 87 255 255 60 255 36 255 46 98 242 255 255
    2 26 188 255 255 236 239 237 12 255 255 255 255 118 70 163 36 90 207
    80 255 255 255 160 255 66 255 255 255 255 151 255 255 101 255 255 36
    255 10 129 255 40 255 255 255 255 158 255 8 255 146 255 86 158 197
    205 82 255 255 255 250 255 255 255 201 255 255 38 62 255 156 88 255
    243 255 255 255 255 248 104 232 0 150 38 255 255 255 227 148 76 163
    154 255 255 150 255 255 213 174 255 255 255 42 245 0 255 255 255 255
    255 156 44 255 62 40 175 255 255 24 140 255 255 255 223 112 80 145
    255 252 255 209 8 76 163 188 229 255 210 42 255 210 255 255 86 255
    221 255 143 255 255 255 255 255 233 96 255 255 255 140 189 255 34 89
    92 54 56 255 120 255 255 192 255 239 255 255 255 255 0 255 255 255
    255 255 85 255 255 147 255 184 255 255 200 255 2 255 255 255 255 195
    122 180 129 255 255 62 48 255 131 255 134 255 46 38 255 64 38 115
    255 255 255 255 255 255 255 255 255 140 255 201 255 82 255 185 144
    60 255 255 169 156 74 81 255 248 78 72 128 255 255 210 36 237 255
    121 86 255 199 235 255 255 203 2 255 102 172 115 255 120 255 52 72
    165 255 255 207 255 255 72 16 124 255 154 48 129 46 255 215 138 255
    255 14 255 44 255 56 255 255 255 187 255 84 242 106 255 143 124 206
    255 255 255 255 255 255 255 80 134 255 255 214 20 255 255 101 255
    255 229 34 255 227 185 80 255 255 255 255 209 255 233 213 222 255 8
    255 255 245 255 18 66 100 48 255 255 44 50 60 229 255 255 137 167 32
    255 201 255 250 70 66 48 255 255 255 255 255 255 54 104 255 40 214
    195 255 255 95 255 255 143 114 255 191 84 255 227 255 112 62 255 122
    221 56 255 255 32 184 147 189 216 255 255 74 167 10 255 255 255 255
    255 241 255 255 92 100 149 255 22 159 255 255 255 68 30 255 46 255
    255 255 255 255 126 146 255 28 255 255 255 255 255 255 90 244 255
    222 58 255 255 255 28 255 153 106 255 72 255 240 64 215 255 255 30
    124 255 48 82 255 114 255 255 255 6 255 255 186 255 185 255 255 255
    255 255 161 184 255 255 255 255 255 255 233 229 255 18 32 255 255 48
    4 255 255 255 185 54 255 255 255 254 255 64 10 185 58 172 255 255
    255 169 154 136 255 255 255 159 255 26 255 64 38 255 255 255 68 255
    255 109 0 80 66 255 188 78 255 255 97 102 76 255 255 255 255 235 255
    255 255 50 255 255 255 255 68 255 255 255 255 255 255 255 255 118 18
    255 255 255 255 140 255 255 132 255 209 223 255 72 255 28 255 255
    255 127 36 255 191 255 255 248 255 255 255 255 255 255 52 196 255
    195 255 14 239 78 153 255 192 93 150 48 255 255 255 40 255 255 87
    146 255 255 255 172 105 255 50 255 211 255 255 255 255 255 255 20
    255 82 150 62 255 255 163 60 255 207 126 255 193 255 255 233 54 255
    255 70 94 255 255 255 2 255 255 199 215 200 255 255 255 93 255 255
    231 54 255 255 255 134 255 108 232 157 255 182 85 255 255 255 255
    254 197 2 206 145 82 42 229 215 154 203 255 255 255 52 255 227 255
    22 195 86 255 255 255 14 255 255 255 255 26 50 239 183 98 255 30 92
    137 160 238 255 42 78 52 76 156 255 92 134 44 4 255 255 223 255 254
    255 255 18 140 126 255 76 124 125 255 86 201 255 255 255 255 42 255
    187 255 143 14 255 255 30 255 153 227 196 177 255 202 137 255 255
    255 255 14 255 150 222 255 255 174 255 197 255 255 255 182 255 181
    68 85 245 255 18 255 255 255 255 208 255 160 118 16 255 20 12 255
    255 22 217 144 141 255 255 255 58 255 255 58 60 255 255 255 244 255
    216 239 255 68 255 169 255 255 142 154 255 255 116 255 32 118 255
    148 24 18 50 255 255 167 255 255 128 84 255 181 255 199 4 198 111
    179 255 255 255 255 64 255 255 255 217 255 8 255 210 255 146 16 36
    255 52 255 255 132 252 88 56 123 6 255 255 255 255 143 10 255 255
    235 92 255 108 255 255 253 255 197 122 72 36 0 255 93 173 206 91 225
    152 101 249 255 18 185 255 255 255 248 255 245 48 72 189 204 255 255
    255 201 24 255 189 56 255 255 255 154 255 255 66 255 255 0 246 255
    255 248 255 244 95 132 152 255 16 255 66 255 255 255 205 160 153 120
    255 255 255 108 255 255 255 252 62 80 97 255 255 255 255 255 239 255
    255 89 255 255 151 255 255 255 0 40 26 255 44 255 255 84 255 163 255
    227 255 252 248 86 230 255 191 180 237 104 2 6 255 255 6 76 224 255
    255 28 255 199 255 255 255 226 255 144 255 133 255 218 255 255 255
    163 255 255 255 255 232 181 255 255 255 255 110 10 255 120 237 255
    174 255 58 252 255 255 255 255 255 255 177 255 255 255 120 255 42 48
    88 255 255 255 255 255 146 52 6 0 217 255 255 255 229 244 255 255 80
    85 52 255 181 255 200 255 255 166 42 255 255 115 160 255 181 64 6
    163 124 255 248 255 226 255 245 210 107 255 255 255 110 198 181 255
    255 255 255 54 197 191 255 159 217 138 231 255 114 255 255 255 246
    255 255 101 44 210 255 30 255 145 112 255 255 66 255 167 255 255 255
    191 198 255 118 255 250 152 255 255 255 255 255 255 214 255 20 164
    91 120 255 255 2 255 255 154 238 255 14 255 255 255 248 255 255 255
    255 255 255 255 255 214 205 255 255 171 255 255 244 255 255 255 255
    255 143 245 96 255 84 18 255 38 146 201 255 142 255 255 122 89 255
    122 255 237 14 167 255 255 255 255 66 95 255 160 255 255 255 255 146
    255 255 255 255 54 255 255 52 255 242 255 102 118 28 255 68 255 173
    110 255 60 255 78 255 255 255 167 255 145 255 156 181 255 182 171
    255 255 255 255 120 137 255 255 193 255 248 44 255 116 78 150 150
    123 128 255 255 4 255 48 96 96 95 189 208 81 48 214 93 40 238 255
    161 254 255 255 232 213 207 136 255 88 176 197 68 154 99 201 255 255
    247 158 255 255 202 161 255 62 255 255 255 111 245 126 255 255 255
    203 255 255 255 255 78 255 193 52 113 201 240 255 243 255 107 207
    212 193 16 255 201 255 255 40 10 255 91 255 128 255 255 255 103 255
    170 60 255 244 255 255 232 177 239 124 255 160 146 255 154 255 173 6
    154 255 255 255 16 255 38 28 52 255 155 255 255 255 255 216 255 60
    114 255 255 255 255 255 255 255 255 255 255 205 255 227 148 152 169
    255 255 255 134 255 111 80 80 133 255 246 97 132 120 207 255 255 255
    255 255 255 255 255 26 255 120 255 213 48 255 175 255 244 255 255
    191 255 255 255 124 36 255 255 255 54 130 255 129 255 30 255 134 210
    85 255 255 255 249 154 14 108 255 70 203 255 255 0 244 72 255 122
    255 255 250 195 255 255 60 255 168 255 82 255 255 255 46 255 80 158
    62 209 176 255 22 210 255 255 255 255 235 152 66 255 255 255 255 164
    255 0 66 255 255 74 225 255 255 235 255 255 10 255 255 255 255 255
    12 255 255 255 255 255 197 255 162 95 219 0 255 255 234 255 255 48
    85 58 252 221 245 255 229 22 255 42 255 255 87 22 116 255 249 64 217
    255 255 81 255 255 127 255 255 229 86 255 255 255 22 255 255 136 219
    255 255 255 161 255 255 0 255 255 90 255 255 140 255 255 163 255 255
    255 255 255 255 255 26 255 80 255 215 172 255 255 255 125 255 255
    255 255 255 12 255 32 48 106 255 179 255 255 255 4 255 248 215 255
    175 126 255 129 213 252 237 112 255 68 255 20 187 126 64 76 120 255
    72 255 210 255 163 255 0 221 255 255 255 210 68 24 255 227 255 148
    255 169 255 255 255 255 72 44 255 255 181 255 239 36 255 225 255 255
    255 26 255 242 38 255 255 207 50 145 255 26 255 255 255 62 160 180
    255 177 255 255 30 255 255 72 255 255 255 238 255 255 255 255 130
    255 137 92 255 129 132 255 255 255 255 193 255 188 135 255 20 255
    223 255 163 50 168 83 118 255 255 255 255 143 255 188 255 255 255
    244 42 255 119 255 255 244 138 255 255 211 66 87 108 28 255 255 222
    252 72 255 187 175 90 255 255 255 250 118 238 48 255 255 16 255 255
    167 245 255 143 255 255 52 76 134 66 146 154 97 253 80 255 255 255
    255 56 84 255 215 255 255 255 142 16 255 16 255 255 8 255 56 255 255
    124 172 255 40 255 255 148 164 185 255 255 211 255 188 52 179 128
    255 160 255 255 54 182 58 255 24 237 191 190 255 92 255 255 255 255
    255 213 255 255 255 255 255 255 238 255 255 122 255 106 255 103 36
    255 255 154 255 32 195 108 255 152 255 255 255 255 255 255 52 255
    255 254 201 255 46 255 255 255 255 255 46 211 255 255 153 255 96 255
    197 254 255 255 252 66 251 10 255 255 118 255 231 56 26 255 255 143
    255 255 255 255 255 255 255 112 255 96 255 48 255 255 255 255 255
    255 255 255 244 255 255 255 255 255 207 255 255 24 38 255 255 255
    214 246 62 255 56 207 164 64 221 76 255 255 255 133 255 18 44 203 2
    255 54 254 185 130 255 2 14 255 227 255 255 255 171 38 255 237 255
    255 158 146 255 197 255 221 229 82 255 88 54 68 128 255 123 52 255
    227 255 255 255 255 255 255 78 255 179 255 255 255 26 244 255 255
    218 255 255 255 242 255 255 68 255 138 255 255 12 74 126 255 255 223
    255 38 255 255 54 255 214 95 96 255 255 255 255 255 255 28 20 18 255
    255 255 124 255 118 255 250 247 255 255 255 255 133 160 255 255 112
    255 255 255 106 181 255 255 255 94 222 155 255 255 255 0 222 227 255
    255 255 255 102 235 154 228 255 36 28 255 44 0 209 255 255 255 255
    178 185 148 255 255 255 255 68 253 58 255 255 124 255 255 255 119
    255 255 6 16 40 255 205 255 255 56 44 255 255 255 255 255 30 255 255
    252 255 221 255 255 255 238 255 255 68 78 98 88 255 255 178 72 150
    255 165 199 255 255 255 255 161 255 76 109 243 98 203 185 160 255
    255 178 46 255 52 255 140 255 145 205 255 50 255 22 2 58 68 255 86
    130 115 10 56 115 217 255 173 255 156 125 255 30 255 255 16 255 110
    255 255 152 124 74 255 22 89 255 255 10 255 190 255 255 94 143 255
    255 167 82 255 255 255 255 171 255 255 145 255 154 32 255 255 255
    237 104 225 134 138 78 255 255 115 255 58 209 12 98 22 187 58 255
    255 138 255 191 170 74 255 255 237 233 154 207 255 255 139 255 255
    255 255 18 137 38 54 255 255 255 252 255 255 255 255 255 76 255 246
    169 255 255 74 255 255 36 255 146 209 245 255 221 255 126 255 255
    255 255 154 255 255 255 132 255 255 188 179 255 255 125 213 214 255
    40 100 255 255 138 255 255 158 153 70 255 255 94 255 255 255 255 119
    28 210 255 219 46 255 207 6 255 255 255 91 66 140 165 255 78 189 255
    232 207 177 255 32 40 255 255 245 198 255 4 255 255 255 255 255 253
    255 255 255 255 255 46 255 255 235 255 255 255 255 255 138 255 242
    207 232 255 255 255 8 239 255 133 255 246 38 251 124 244 255 255 255
    255 255 255 42 230 255 88 255 255 255 255 6 116 62 255 120 196 255
    195 180 129 255 255 255 102 255 52 30 255 28 48 82 60 142 72 255 60
    255 76 217 255 177 223 186 189 255 226 255 255 20 255 255 255 255
    154 114 121 237 96 255 255 172 173 255 12 255 255 52 255 82 255 255
    80 14 255 116 76 225 255 255 255 114 255 52 239 68 223 255 148 103
    98 84 135 255 76 255 255 255 42 255 255 255 44 255 105 255 52 254
    255 255 255 255 190 255 16 255 255 255 255 60 211 132 255 134 164
    255 140 255 255 156 10 66 255 144 195 52 104 117 255 52 246 80 255
    255 84 14 16 255 255 248 122 236 117 120 255 255 110 255 255 22 130
    34 213 255 213 255 178 255 255 255 255 255 212 255 255 255 46 201
    255 191 255 255 219 177 150 137 14 252 255 255 255 255 255 255 255
    235 255 255 132 46 255 255 194 38 203 120 255 237 255 254 6 76 255
    56 255 248 30 192 169 255 255 44 20 40 16 245 255 95 255 255 255 235
    255 255 227 160 244 255 220 50 195 106 173 255 100 177 255 38 255
    255 4 255 140 28 255 110 255 149 245 150 161 14 255 255 132 180 213
    84 255 255 255 255 22 255 255 225 181 255 255 255 218 255 132 254
    255 187 255 255 4 255 255 0 255 185 44 248 165 32 255 211 217 255
    255 211 255 255 255 180 121 255 98 255 255 255 50 255 142 255 255 62
    255 167 114 145 255 6 255 229 255 101 255 64 70 255 255 255 38 255
    255 255 255 193 136 176 131 255 146 255 30 255 255 209 255 255 235
    255 255 237 255 255 255 244 64 255 46 255 78 212 255 112 46 107 134
    255 81 255 255 255 108 255 255 175 226 135 255 164 255 247 118 143
    167 255 255 52 214 255 255 255 20 215 100 255 62 255 209 126 122 24
    255 255 12 175 148 125 255 255 255 167 122 255 255 54 219 255 255
    255 116 100 255 255 250 255 118 186 255 120 108 233 255 132 203 108
    255 255 255 255 255 122 60 54 68 255 143 205 255 127 255 255 119 98
    255 255 138 158 44 106 255 40 255 255 255 255 112 255 255 255 255 18
    146 24 165 230 250 255 214 205 255 255 48 255 140 185 12 104 255 255
    114 255 158 74 255 255 255 255 255 166 255 255 255 103 255 255 16
    255 255 255 255 14 197 255 255 151 94 58 137 219 255 255 255 255 255
    255 255 255 146 255 255 76 114 173 24 255 255 255 118 255 169 255
    255 255 255 145 255 26 115 255 36 254 108 255 153 255 54 255 255 255
    167 217 232 169 136 70 255 154 255 191 52 188 255 138 255 255 156
    255 197 70 255 46 169 255 254 150 255 255 152 255 255 88 255 181 255
    255 244 144 180 255 255 255 191 42 255 255 152 78 26 20 124 255 14
    144 255 54 255 255 255 255 255 255 166 203 255 220 255 255 255 255
    76 255 255 255 255 255 22 255 255 255 255 28 221 244 8 120 255 177
    185 255 171 42 248 255 255 248 113 255 255 255 100 98 44 14 2 255
    205 255 255 255 255 157 167 255 44 255 10 193 235 2 201 255 255 255
    255 255 38 255 255 255 255 72 215 255 255 255 66 50 109 38 255 101
    255 162 255 255 255 217 4 104 255 255 255 255 217 126 255 2 184 175
    120 202 255 255 124 255 203 255 255 243 255 255 255 138 255 255 196
    145 160 10 255 42 236 255 255 255 111 199 255 255 108 210 76 205 106
    255 255 255 181 6 255 255 247 146 255 150 60 255 255 255 255 255 188
    137 255 24 255 255 210 255 255 255 255 158 202 141 199 255 255 255
    250 255 102 76 255 215 255 255 255 255 255 255 255 229 255 255 83
    255 42 255 255 255 255 255 255 255 100 255 255 98 190 255 68 255 255
    255 255 127 255 255 101 255 255 28 255 228 205 255 255 24 255 255
    255 22 18 255 38 70 119 227 168 113 6 98 4 132 180 255 203 255 36
    255 150 255 255 255 91 140 154 255 255 255 246 249 255 255 255 12
    219 142 90 255 207 255 255 255 255 255 255 255 255 255 255 34 255 50
    255 255 255 255 251 84 4 255 58 177 30 255 54 255 32 255 255 96 255
    94 255 76 173 112 255 173 255 193 255 218 81 58 255 20 255 255 255
    64 246 242 201 250 107 255 196 34 138 255 72 76 255 255 138 255 255
    245 255 185 154 255 255 255 255 113 255 255 255 255 182 113 255 182
    255 255 62 101 84 112 56 169 14 255 255 255 255 255 186 18 255 255
    149 255 142 32 161 24 18 255 255 255 255 255 255 82 36 93 255 255
    255 255 152 157 255 255 255 116 255 93 255 255 12 255 76 255 255 255
    255 185 40 131 255 255 255 132 174 81 255 64 255 179 96 199 255 156
    48 255 130 255 213 255 255 96 255 147 255 224 255 255 255 255 255 28
    255 255 255 203 255 72 255 255 88 255 255 134 255 124 178 255 98 255
    255 255 236 255 255 255 255 255 255 157 255 255 227 82 255 223 255
    255 255 138 70 255 60 12 255 255 255 255 60 244 255 183 156 48 255
    150 24 255 170 68 138 154 255 255 80 203 205 255 255 255 255 227 251
    82 242 116 255 32 90 234 143 255 255 22 235 255 255 255 255 255 255
    46 255 255 28 4 255 255 255 255 162 167 255 226 191 255 248 255 255
    255 87 255 255 22 255 255 255 50 255 255 255 60 115 92 255 197 255
    255 223 12 255 255 94 106 255 122 132 72 235 255 101 203 255 72 32
    226 255 255 46 255 98 222 255 181 255 255 255 174 187 255 80 255 150
    255 246 249 248 255 148 255 255 255 68 255 255 8 255 116 255 255 66
    170 195 255 255 173 128 255 255 96 255 255 255 255 255 255 34 255
    255 255 255 18 255 201 114 255 52 255 210 209 42 255 203 30 112 28
    136 255 255 215 255 153 255 255 255 255 6 229 255 72 255 255 255 255
    173 255 255 8 255 255 253 98 219 233 46 255 74 255 76 255 72 60 30
    62 157 98 255 22 255 216 255 255 255 54 253 255 255 2 255 252 126
    255 103 255 138 36 2 236 255 255 176 255 241 142 133 255 198 255 255
    255 76 30 38 137 255 255 255 38 64 91 98 255 22 255 136 137 38 246
    255 68 106 255 201 255 12 255 255 255 255 255 137 253 255 255 255
    255 255 255 208 159 255 24 72 128 255 20 60 96 193 22 255 255 179
    255 167 32 255 255 255 26 255 255 255 255 255 255 255 255 122 14 255
    154 255 128 174 151 255 255 255 255 255 255 203 194 255 255 4 255 58
    34 255 255 2 255 255 255 255 255 255 255 255 255 255 255 255 197 255
    50 255 255 146 255 54 255 255 255 224 115 195 255 24 177 254 244 255
    255 161 108 228 14 185 255 250 255 120 223 6 255 250 233 255 255 255
    255 74 146 255 72 255 255 255 255 48 255 34 255 255 169 255 255 16
    154 255 30 130 255 255 78 255 163 255 38 142 255 255 26 255 2 4 255
    255 251 198 6 241 255 38 255 82 223 84 146 131 183 255 255 255 255
    121 32 74 255 74 22 255 255 94 255 225 238 40 255 255 255 255 255 78
    136 255 169 255 255 40 255 255 255 98 255 255 255 168 255 255 255 58
    255 255 87 255 255 225 255 255 119 255 84 255 221 146 175 160 255
    255 161 255 235 209 255 255 48 250 255 50 255 255 148 64 255 255 166
    255 227 134 255 255 136 137 255 40 0 255 234 255 255 255 12 255 255
    255 255 190 255 255 78 233 195 26 255 255 255 239 128 120 255 255
    255 18 255 255 153 255 234 255 14 255 163 215 255 255 28 255 255 34
    255 255 255 62 161 185 230 18 255 255 255 255 255 121 80 186 255 255
    136 0 255 255 221 100 255 255 255 10 255 255 236 85 255 198 255 255
    104 225 152 94 219 94 255 34 34 255 38 44 88 255 255 148 32 255 255
    119 213 124 97 32 255 255 76 255 121 255 230 151 255 255 255 255 122
    255 40 255 255 255 255 72 255 192 255 255 244 105 134 255 255 142
    255 255 154 62 83 42 72 137 189 255 18 255 230 255 124 255 255 60
    255 135 255 62 26 255 104 217 255 255 244 255 255 103 255 255 255
    144 72 14 219 162 207 221 148 255 255 255 153 255 255 169 255 255
    151 98 30 131 255 254 117 14 44 151 255 255 255 255 255 14 255 255
    20 10 98 255 255 255 255 255 94 255 255 255 255 126 160 42 249 74
    255 255 208 255 255 255 255 177 255 4 255 255 255 108 255 246 181
    255 255 255 255 255 54 255 48 84 234 81 255 122 197 30 220 255 207
    218 159 58 138 131 255 138 255 221 62 255 179 255 255 22 255 28 217
    255 255 100 192 255 84 255 255 197 246 76 255 136 255 255 255 30 241
    170 255 255 20 255 219 255 255 255 255 171 32 228 153 255 255 123 58
    144 14 255 255 149 84 255 165 255 194 255 255 42 255 255 132 255 255
    255 111 146 255 255 219 244 255 205 66 89 255 90 255 255 255 255 255
    255 10 255 255 193 255 255 76 255 244 255 42 54 199 92 14 255 114
    255 255 122 255 255 255 255 42 116 255 255 116 255 255 92 255 255
    255 82 255 175 52 233 14 255 121 136 234 233 255 255 97 255 76 215
    158 255 255 255 70 101 255 255 44 255 255 165 124 255 211 118 255
    255 156 255 255 255 255 255 78 255 255 100 255 147 84 255 255 96 28
    255 255 255 153 88 255 52 195 226 252 255 255 255 255 255 255 255
    255 255 136 255 203 255 255 246 0 210 239 249 255 255 52 196 219 255
    160 78 74 70 255 255 255 255 154 158 250 80 124 255 30 210 255 255
    14 18 255 244 255 148 255 255 132 255 119 106 255 255 86 255 111 255
    255 255 255 112 255 179 230 255 215 76 255 255 122 58 187 255 255
    199 255 255 255 255 255 255 255 255 255 255 255 255 255 20 94 122
    255 255 255 117 88 118 91 255 255 255 255 188 255 255 255 149 255
    255 255 255 255 54 255 255 97 64 255 203 255 246 255 255 14 177 255
    255 111 62 238 68 219 255 40 255 94 91 195 255 64 120 56 95 255 255
    255 154 255 107 160 96 255 60 188 173 255 255 171 235 255 16 4 255
    231 255 255 87 255 255 255 255 206 255 193 76 250 255 10 193 56 106
    95 255 255 10 197 204 255 124 255 255 255 255 217 255 255 255 171
    255 255 52 44 255 229 72 252 102 242 95 189 208 255 255 255 255 167
    255 255 175 255 255 255 140 255 255 208 255 217 180 189 255 254 191
    247 112 255 78 255 255 237 2 109 255 14 22 255 128 255 255 255 125
    245 255 173 255 255 20 227 234 169 199 118 255 70 255 255 96 255 255
    201 106 255 255 255 255 118 255 255 78 118 225 32 196 26 255 255 56
    110 240 171 84 82 149 207 255 242 16 255 139 255 255 255 150 148 255
    255 255 255 255 255 255 32 216 255 255 255 239 108 255 145 249 255
    255 255 174 255 138 255 229 255 255 255 255 255 169 150 86 255 255
    16 209 6 76 255 181 218 255 255 255 165 255 255 213 255 230 255 100
    12 223 74 255 81 167 66 255 52 255 133 22 255 177 241 202 255 124 16
    211 255 255 185 255 255 255 8 255 155 255 160 149 255 255 255 255
    255 177 52 255 255 223 255 255 163 78 237 255 255 255 30 2 246 255
    104 255 217 255 2 255 240 18 112 82 4 255 90 199 255 158 255 191 48
    255 255 255 255 94 54 20 255 255 2 255 255 255 193 94 24 255 76 255
    72 255 255 175 212 255 255 34 255 201 255 139 255 124 255 112 255
    255 191 40 255 203 255 129 169 255 255 112 156 46 130 255 255 255
    255 115 255 255 255 255 255 255 84 255 83 255 255 187 74 255 255 255
    234 201 255 48 250 46 255 177 233 255 255 68 90 255 255 90 66 255
    255 183 255 255 2 255 255 99 189 255 44 38 255 255 255 238 255 255
    255 255 255 255 68 255 36 139 185 255 255 36 255 255 96 26 255 197
    64 255 156 255 16 213 128 255 0 255 255 255 255 255 255 128 255 255
    222 255 255 255 255 140 255 239 255 34 219 255 236 231 92 255 255
    255 206 155 114 64 24 132 255 12 12 255 255 255 255 8 144 255 56 22
    10 255 118 255 255 46 255 203 255 255 10 255 244 38 243 255 255 126
    148 255 14 255 255 102 192 205 255 232 99 255 160 255 255 255 255
    255 255 87 255 255 153 2 4 255 122 166 255 124 255 255 255 250 64
    255 255 255 255 255 34 255 255 255 255 255 255 140 0 255 211 132 255
    16 240 242 255 130 255 223 80 255 255 255 177 255 104 137 255 164
    255 255 78 255 161 255 255 227 255 255 255 255 36 235 140 215 66 122
    119 255 255 255 50 255 93 24 36 139 255 255 70 255 16 255 255 255
    255 255 186 255 255 72 255 255 244 99 40 162 223 227 208 255 255 16
    141 48 255 255 255 140 255 255 160 255 161 255 255 84 90 181 40 255
    163 241 160 246 197 168 68 255 255 255 255 32 255 255 212 221 255
    255 205 255 255 157 255 158 255 255 232 255 24 255 255 255 212 255
    177 255 0 255 110 91 255 92 22 255 212 255 255 248 255 146 255 246
    40 200 255 255 255 255 231 255 255 116 32 72 76 255 219 255 114 101
    66 255 255 255 255 255 211 46 255 126 255 255 255 190 255 255 128
    255 161 255 255 66 255 167 255 110 38 144 226 255 68 255 44 255 68
    255 255 255 103 255 40 183 255 16 223 255 255 255 76 255 115 255 255
    255 255 154 66 255 255 255 255 0 255 106 255 109 128 255 56 46 255
    233 255 94 255 189 255 195 110 255 255 255 255 255 255 162 173 255
    114 91 255 220 167 255 132 26 255 118 97 255 255 255 30 255 255 255
    255 119 120 132 227 255 255 255 255 38 255 255 255 255 169 255 255
    241 28 255 86 255 143 78 255 255 255 255 95 80 255 255 255 134 121
    255 212 109 245 255 54 128 150 255 255 240 44 148 80 197 16 255 255
    211 255 175 132 255 255 255 214 149 255 255 255 138 174 151 161 255
    255 255 255 70 106 255 255 255 255 221 34 255 255 255 255 171 255
    116 255 38 255 242 255 202 255 237 0 255 241 56 255 10 255 255 255
    255 255 255 255 255 255 116 255 255 255 255 92 255 177 255 124 209
    160 255 139 255 255 145 12 188 153 255 255 255 255 166 76 104 255
    187 237 176 36 255 255 64 112 255 205 175 242 255 227 58 203 255 36
    34 255 118 213 255 255 145 221 186 255 255 106 255 44 126 255 255
    220 93 138 255 255 26 230 255 255 168 85 255 255 217 255 114 255 163
    255 32 185 255 54 255 94 255 112 255 66 136 255 175 255 255 137 255
    190 56 255 255 255 183 255 255 22 255 119 255 34 255 179 108 225 255
    126 255 255 52 255 255 2 133 251 255 187 185 255 255 56 134 255 255
    255 203 255 94 151 213 102 255 255 18 95 255 184 147 255 255 255 32
    172 255 245 255 229 255 242 255 10 36 255 233 66 255 58 98 117 255
    120 255 255 255 54 58 74 213 255 134 58 255 255 255 255 255 255 255
    255 101 255 255 101 255 255 123 255 255 255 142 156 255 255 224 255
    255 20 255 255 10 255 44 255 193 88 255 93 255 240 173 245 255 76
    195 30 28 197 255 225 169 90 2 255 226 153 255 255 159 255 158 255
    255 118 255 255 255 255 255 255 255 255 255 255 213 86 175 255 255 4
    197 236 255 255 255 255 255 226 91 255 255 219 207 255 255 100 255
    255 173 255 255 58 255 255 255 255 255 255 255 6 255 255 115 179 172
    255 255 242 233 203 76 255 179 255 255 255 70 255 255 255 255 255
    212 255 255 255 177 197 255 255 28 102 255 255 255 28 255 162 121
    100 50 255 241 255 159 62 255 50 255 255 173 255 238 254 255 68 185
    253 166 255 255 60 255 68 255 252 255 178 248 90 36 149 255 206 255
    255 136 137 209 255 255 255 30 255 126 255 255 255 255 255 255 170
    255 255 22 52 255 56 50 8 255 175 2 255 255 255 255 38 255 10 197
    177 255 6 255 190 105 40 132 255 227 224 97 175 210 191 102 255 36
    48 134 68 94 190 6 255 255 191 255 146 255 255 255 72 183 255 16 255
    255 255 60 255 32 255 66 145 78 255 42 255 255 255 108 0 255 255 255
    255 122 255 255 255 255 255 255 198 195 219 255 139 255 40 227 255
    255 255 255 86 255 173 255 99 128 255 93 255 228 255 255 255 119 227
    255 125 249 255 255 60 230 255 255 86 255 96 212 197 86 100 255 221
    34 255 255 126 223 150 178 255 197 204 255 10 255 255 138 18 26 80
    255 28 173 255 255 92 118 72 255 240 255 255 255 255 255 240 109 160
    160 115 255 232 255 255 100 129 203 255 255 42 255 255 255 114 255
    193 255 211 255 255 141 255 136 10 12 255 255 98 126 255 78 100 107
    225 255 30 255 255 255 76 50 167 42 255 255 255 255 255 233 255 255
    42 255 115 255 224 62 255 106 255 255 152 255 255 255 255 209 110
    133 118 255 255 255 255 255 255 255 255 255 114 255 203 144 255 156
    255 4 150 164 121 255 68 8 104 70 255 227 255 207 30 30 255 203 242
    255 255 255 255 116 2 255 255 82 20 255 255 255 255 255 181 70 255
    76 156 255 42 124 255 255 255 255 85 34 255 255 185 96 255 72 255 58
    60 48 78 66 255 255 114 255 255 255 230 255 213 255 68 255 255 255
    255 182 255 255 255 22 62 255 255 255 114 133 255 176 255 255 222 2
    134 94 255 255 255 147 235 255 221 247 255 58 255 12 255 134 36 70
    171 255 255 255 255 255 255 255 181 18 88 235 255 255 32 0 255 237
    124 255 219 46 255 255 255 255 255 165 126 255 255 255 255 255 255
    255 255 178 255 100 255 255 255 170 233 255 192 54 255 124 255 255
    255 195 255 182 255 255 255 40 60 44 255 94 204 211 255 212 255 255
    255 255 18 102 255 0 206 255 245 152 171 255 255 252 255 255 171 255
    255 36 255 36 38 255 166 255 181 0 255 255 44 255 255 255 255 62 255
    255 213 255 255 255 255 26 255 255 244 255 82 255 161 255 50 132 255
    169 255 214 255 171 255 255 255 255 109 136 255 255 255 255 115 255
    32 255 255 196 165 255 255 255 255 255 255 255 20 255 255 150 26 255
    114 91 158 255 131 255 28 255 255 255 117 34 60 20 255 130 171 211
    255 81 255 66 255 239 188 60 181 246 255 255 202 24 255 255 8 241
    194 255 255 255 255 20 255 255 255 190 36 255 255 183 255 224 145 96
    100 42 255 74 255 150 74 255 223 255 125 213 255 145 175 104 255 40
    186 255 255 144 255 255 255 255 195 255 2 255 255 111 255 92 252 255
    222 255 255 40 229 237 255 143 161 255 103 40 122 255 255 6 30 48 64
    85 255 255 255 255 255 24 36 118 0 255 255 10 255 255 129 167 160
    255 144 255 255 255 255 255 225 255 141 255 224 255 94 255 255 32 46
    255 255 255 255 255 234 231 255 110 255 148 196 16 223 255 26 158 26
    255 255 228 255 175 255 255 138 218 255 255 124 255 255 64 54 255
    154 255 255 112 125 255 182 255 255 182 254 128 216 135 255 255 255
    255 255 255 255 255 143 255 210 119 255 214 255 223 255 16 130 255
    255 255 255 255 18 66 129 54 255 145 255 255 255 229 255 255 197 255
    255 255 252 105 110 255 141 255 255 255 205 158 36 30 18 255 255 255
    255 255 255 255 160 182 89 32 255 159 255 174 229 221 255 26 28 255
    255 161 130 255 74 88 255 255 96 255 255 255 163 255 124 255 255 238
    40 175 234 78 84 255 255 215 56 101 255 8 34 70 40 255 112 255 255
    255 255 255 10 40 255 120 174 209 255 110 237 255 48 64 160 160 101
    58 255 255 255 255 185 217 168 255 255 146 225 255 255 0 255 255 163
    124 22 255 136 255 231 52 255 255 6 255 255 255 255 255 40 255 97 24
    255 40 10 255 255 183 255 248 223 255 161 255 124 255 193 240 255
    116 255 149 138 255 255 245 255 56 120 36 255 255 255 133 255 104 0
    255 255 255 255 255 255 255 255 157 152 80 255 255 255 215 239 255
    255 4 255 46 239 255 255 138 255 255 88 172 56 255 48 68 255 6 83
    161 255 254 255 255 255 245 255 177 255 178 255 225 255 255 70 214
    255 134 255 255 255 255 133 255 255 255 255 68 255 110 255 93 193
    136 255 255 255 255 134 255 187 104 66 155 255 255 153 255 255 255
    134 255 255 197 212 255 255 240 255 219 188 255 235 255 255 255 12
    147 239 154 255 255 0 255 84 40 32 255 255 255 98 255 177 255 22 255
    189 90 255 255 224 10 82 255 255 255 4 255 148 255 22 243 255 28 255
    118 225 235 255 159 255 255 255 255 255 4 255 154 70 167 122 255 193
    88 255 255 255 151 122 255 255 160 255 255 126 118 147 30 255 72 255
    66 255 183 30 26 255 104 255 255 210 255 72 180 255 255 206 255 255
    255 179 255 255 133 255 255 255 255 255 255 255 216 255 255 102 255
    255 106 255 255 255 255 255 254 255 26 255 107 255 240 255 181 200
    255 76 162 18 148 84 113 255 6 99 255 255 255 255 90 255 255 14 255
    255 26 255 255 250 139 255 255 229 54 198 255 227 255 115 255 62 181
    175 255 254 255 78 137 255 102 135 255 216 171 28 255 12 255 126 127
    255 255 197 255 58 255 239 255 111 255 255 255 30 255 171 255 220
    255 255 132 157 255 255 4 144 255 145 255 255 6 255 255 239 245 142
    129 255 255 235 255 255 217 255 56 147 183 255 14 255 255 205 28 255
    255 255 255 151 255 255 189 68 36 255 255 98 117 255 90 255 96 255
    255 18 255 139 255 255 255 255 48 255 255 255 255 70 255 255 255 140
    255 255 255 255 108 192 70 255 255 255 255 138 18 255 46 255 255 255
    255 255 255 89 255 108 20 255 72 255 255 255 48 173 255 6 144 255
    255 255 102 54 90 255 255 255 186 252 175 255 95 255 124 151 193 10
    255 255 48 255 255 255 255 52 254 255 42 136 201 255 255 255 179 255
    58 203 255 58 140 210 255 255 54 44 90 255 255 165 76 255 209 50 81
    255 32 44 255 30 255 163 255 255 255 255 255 165 206 255 114 255 211
    148 6 127 20 255 255 255 255 133 203 255 255 255 190 255 138 144 6
    225 255 159 255 124 131 255 28 255 195 248 81 255 46 255 96 62 48
    255 255 52 201 8 255 62 255 255 6 255 141 10 255 131 66 76 255 255
    236 255 130 52 223 255 204 54 255 236 255 0 158 173 26 246 54 146 52
    255 255 255 137 84 255 255 255 255 255 237 128 72 42 162 8 219 255
    255 255 204 255 150 74 255 253 152 127 44 200 62 231 255 101 255 255
    255 66 255 255 255 255 58 130 80 255 74 255 255 255 255 255 255 252
    255 96 120 255 255 58 255 56 255 255 243 124 213 130 255 22 255 50
    58 148 255 107 255 255 149 90 226 207 255 255 255 255 255 255 255
    255 159 8 12 191 255 255 255 136 255 255 255 178 101 255 100 255 255
    44 255 48 24 16 88 214 255 239 255 255 146 170 254 255 118 255 217
    254 255 255 248 255 255 6 237 255 212 97 173 66 244 86 255 135 255
    106 183 255 172 54 255 255 255 237 255 233 255 255 10 84 255 255 243
    255 255 255 104 255 126 255 255 255 255 255 215 246 255 255 222 255
    255 255 109 255 255 255 255 148 205 219 255 171 255 255 255 96 255
    255 255 255 34 243 255 255 255 255 119 18 10 255 255 64 203 255 255
    255 70 156 255 255 255 141 175 158 6 255 222 255 30 255 93 245 255
    255 38 255 133 255 255 255 78 255 161 173 255 255 221 120 62 62 255
    34 255 218 52 32 10 44 255 38 119 195 255 58 255 10 101 255 168 139
    167 6 231 255 255 255 255 122 167 213 255 255 255 255 16 62 40 255
    66 248 255 255 255 255 255 86 85 146 255 2 255 255 255 255 128 255
    255 228 46 255 255 233 36 242 255 28 2 121 32 255 255 134 108 36 146
    252 255 255 255 123 225 255 149 255 148 255 255 180 255 173 52 255
    64 74 74 255 255 207 255 106 20 213 255 255 255 255 255 44 255 255
    58 255 255 255 212 117 106 255 255 255 255 109 231 60 255 255 80 74
    255 40 215 255 162 255 114 255 99 215 255 255 255 255 255 255 255
    183 104 255 255 255 255 250 207 255 2 241 118 111 255 255 32 251 248
    52 171 255 76 251 188 255 150 255 78 255 98 255 255 106 239 48 255
    255 255 94 151 173 255 54 245 148 141 255 224 255 255 255 255 8 54
    254 255 255 117 255 134 36 255 80 255 247 255 255 132 48 26 110 214
    255 108 255 103 255 255 169 132 255 255 207 255 78 241 186 255 12
    255 225 195 255 24 255 255 169 207 150 255 92 255 195 255 164 46 255
    2 255 255 28 255 150 210 197 255 86 131 179 255 56 255 255 233 74
    255 255 24 255 155 255 134 255 197 255 255 255 255 255 165 8 255 177
    114 255 255 255 255 197 12 159 255 156 252 255 140 255 92 42 255 108
    234 215 255 255 93 255 255 255 74 198 255 255 255 211 156 118 6 96
    138 40 255 255 255 251 210 246 255 255 255 126 255 165 28 255 255
    255 134 255 118 76 255 255 255 209 255 20 175 255 30 255 255 255 255
    255 134 237 255 255 255 255 255 183 64 190 255 255 255 255 255 104
    217 255 255 181 255 252 99 255 158 255 173 36 255 255 255 255 255
    255 255 66 255 255 6 255 32 34 154 133 128 255 87 255 255 255 255
    255 255 255 250 255 179 255 157 90 255 145 177 4 255 255 255 255 82
    2 217 245 188 201 163 255 64 235 255 52 205 255 250 255 184 255 255
    255 233 68 222 255 183 255 133 255 168 125 104 255 255 36 255 127
    255 255 255 255 214 255 179 36 70 223 190 255 245 255 255 68 255 62
    64 255 179 44 255 68 24 255 191 42 62 195 221 255 123 255 134 117
    255 246 255 255 76 58 255 255 255 255 255 255 156 255 255 255 255
    255 124 255 229 255 38 255 195 114 255 255 255 255 108 60 93 255 102
    89 46 142 255 94 255 255 156 255 255 154 255 233 255 190 255 213 152
    255 134 255 6 239 140 8 126 255 255 255 56 255 255 80 161 245 255
    255 255 255 81 154 22 89 255 255 255 255 6 255 255 50 255 16 255 255
    255 255 115 255 144 255 255 48 255 44 255 16 215 4 185 20 250 255
    187 122 255 20 255 255 86 255 255 255 174 248 255 228 255 255 255
    255 255 114 167 108 196 219 229 140 189 126 255 231 152 46 10 243
    146 165 8 255 255 255 142 213 96 255 211 229 255 255 132 255 225 255
    255 155 223 255 133 255 255 70 62 255 91 255 255 38 255 255 255 255
    222 155 255 196 177 255 255 231 233 216 255 255 255 119 94 92 157
    120 255 255 255 255 22 18 182 255 255 255 255 255 160 137 68 138 255
    255 255 255 110 255 87 255 255 135 82 8 255 255 255 255 140 255 255
    160 255 219 255 18 187 20 255 227 36 255 97 50 255 255 185 255 255
    255 128 255 255 28 255 255 48 12 241 188 255 255 255 255 88 255 12
    175 174 255 255 255 20 255 255 97 255 74 83 243 255 255 255 255 0
    255 76 255 221 142 4 40 255 231 30 255 255 255 208 255 255 255 255
    255 86 255 98 6 255 201 72 181 237 42 255 82 255 223 195 255 34 255
    255 233 201 102 219 58 255 89 92 160 255 84 255 255 181 172 115 189
    238 255 78 74 133 134 240 255 255 6 255 255 230 62 251 36 129 255
    255 255 82 150 255 10 250 255 46 255 255 169 255 255 255 136 255 138
    255 48 255 255 255 32 66 255 78 255 255 255 158 205 42 192 255 255
    255 255 255 52 40 255 40 16 255 128 255 120 255 255 96 255 2 167 255
    255 255 255 244 219 56 255 255 255 255 221 255 255 92 134 145 255
    255 95 255 176 213 255 244 123 255 248 255 255 178 255 167 255 183
    30 255 255 54 172 85 225 255 167 255 26 161 249 60 255 255 4 255 253
    54 131 255 255 255 255 255 255 255 255 255 255 6 255 2 172 255 134
    255 255 249 0 76 54 206 255 255 255 181 187 2 14 255 218 24 255 255
    255 18 126 255 255 220 217 118 255 255 255 46 32 163 255 129 255 130
    255 255 12 239 255 255 99 255 112 52 12 255 255 247 255 179 4 48 38
    8 76 22 255 255 8 255 255 255 255 192 255 38 255 255 255 255 252 255
    10 255 195 80 255 124 34 97 255 255 255 134 255 255 114 246 177 34
    255 10 148 120 189 255 255 2 255 255 255 72 255 250 255 8 30 255 122
    255 255 158 255 255 255 42 255 255 255 255 255 255 16 2 255 255 255
    255 187 40 255 12 255 255 52 102 177 247 76 255 255 142 255 255 70
    177 255 208 255 237 156 255 255 255 123 255 255 221 82 255 255 154
    192 255 140 10 70 44 146 255 255 144 74 227 255 255 8 226 197 173 86
    255 255 255 101 255 255 255 207 218 255 66 50 141 255 255 255 90 255
    193 255 212 255 58 255 255 165 212 255 235 255 113 26 106 255 255 82
    231 255 238 72 255 255 89 255 214 185 255 255 255 255 122 255 255
    255 2 255 255 255 255 255 68 148 168 187 118 255 62 32 255 255 0 255
    255 255 255 153 245 255 93 6 255 20 195 255 201 60 68 255 2 255 159
    255 255 255 124 242 255 255 66 155 28 116 95 255 255 255 255 255 255
    255 118 255 255 255 255 255 255 135 255 18 255 126 86 255 140 255
    189 255 255 255 140 255 211 96 124 255 207 255 87 231 255 246 255
    146 255 10 255 78 255 255 255 187 6 107 255 40 255 255 140 255 58 82
    255 255 255 233 255 22 60 255 80 99 82 255 255 66 255 99 255 255 255
    179 255 36 255 255 147 255 255 255 255 212 255 84 158 255 255 174 32
    122 255 233 255 255 255 255 206 255 191 94 255 255 46 255 255 112
    255 255 255 255 255 255 209 132 255 153 255 255 255 187 228 4 255
    255 10 255 126 255 156 240 255 255 54 187 255 90 255 255 202 255 255
    255 255 255 255 255 255 204 157 8 255 255 255 255 255 108 255 255
    255 6 255 255 255 255 48 56 46 255 184 93 82 255 255 255 255 255 130
    160 255 64 238 255 197 238 74 255 104 137 255 66 239 255 255 255 183
    54 181 32 255 246 78 140 255 255 255 255 86 255 42 12 68 229 255 255
    255 255 114 255 118 198 255 255 74 141 255 206 54 255 22 255 255 255
    255 255 255 20 255 14 255 255 172 24 245 170 255 241 255 72 60 240
    10 255 140 205 255 188 237 255 255 255 140 255 113 62 255 255 255
    150 101 255 38 255 24 32 83 255 255 169 255 255 14 169 176 211 255
    190 48 255 122 111 138 120 223 160 255 255 102 22 252 255 255 255
    110 188 255 255 255 93 24 90 255 58 255 123 255 255 255 255 255 255
    243 120 255 255 255 157 255 255 255 72 182 213 247 156 50 255 255
    255 255 255 18 209 255 255 177 192 255 255 104 151 249 154 255 255 0
    30 255 74 99 112 255 42 255 186 195 255 152 255 255 255 50 207 92
    127 255 128 62 48 60 255 255 24 255 163 214 255 82 10 56 106 230 255
    255 255 255 92 255 255 161 255 197 241 90 255 255 255 58 116 40 181
    6 72 255 255 124 239 102 248 255 132 156 255 255 255 255 136 255 171
    255 255 159 209 30 163 255 30 205 181 255 42 58 176 255 8 255 255
    140 182 201 255 178 255 255 124 135 207 246 157 255 144 255 255 64
    95 255 255 76 171 255 255 50 255 255 255 255 255 255 255 255 175 255
    4 102 240 255 255 255 255 60 150 250 8 204 255 193 198 40 255 255
    255 255 255 233 255 255 133 36 218 246 142 194 109 8 255 119 255 192
    255 92 255 255 241 255 255 72 190 171 255 255 58 44 180 173 205 188
    255 255 12 89 122 18 239 42 18 131 255 206 255 255 228 255 255 18
    207 255 255 255 255 255 255 237 255 242 255 214 12 255 255 255 255
    255 255 161 255 255 255 255 255 225 100 44 255 58 255 255 255 221
    197 255 121 167 2 255 255 36 149 163 142 255 48 154 115 0 252 255
    255 104 255 94 255 255 255 255 173 84 255 255 255 158 255 165 44 255
    126 255 255 255 102 20 255 255 235 255 148 255 255 255 123 255 136
    255 255 148 203 255 255 30 255 255 255 140 120 242 28 140 165 112
    170 161 175 140 115 255 24 117 255 255 255 22 255 54 255 255 255 255
    112 30 255 255 175 255 255 113 130 144 255 187 255 209 255 255 161
    34 255 66 255 198 255 255 102 255 247 10 139 150 238 103 56 18 36
    255 142 254 12 255 255 255 255 205 18 255 255 255 198 229 255 176
    255 255 96 255 255 255 255 255 114 255 46 12 62 169 255 255 197 255
    135 255 255 127 122 255 255 255 94 255 197 255 255 54 172 255 255
    210 255 161 10 135 22 156 68 253 255 24 112 178 115 219 222 89 255
    255 255 255 255 242 128 255 121 255 255 119 225 255 255 255 74 229
    193 126 255 50 255 255 255 88 255 255 255 127 255 228 255 255 168
    255 28 20 83 255 230 135 255 238 255 255 255 155 255 44 255 255 44
    255 255 255 255 255 255 255 255 255 255 24 255 179 255 248 223 233
    146 72 126 224 255 255 174 255 106 255 255 181 84 30 30 246 30 255
    255 203 255 255 255 255 40 255 255 222 255 255 140 193 255 36 255
    255 255 255 255 255 255 237 36 255 221 250 255 255 255 155 28 216
    149 255 255 52 163 62 255 255 234 0 255 255 255 255 230 193 255 112
    255 34 22 255 16 14 141 112 170 255 255 122 70 64 255 255 86 255 149
    98 48 30 255 255 213 195 255 255 255 34 255 201 255 242 56 255 179
    114 166 205 255 255 255 128 255 81 128 242 255 255 255 62 165 255
    255 193 255 246 255 54 255 32 255 161 255 255 127 255 255 119 255
    120 255 255 252 255 255 126 255 255 255 255 82 255 255 255 255 221
    255 255 161 126 214 255 227 92 18 255 255 255 255 252 157 251 255
    255 46 255 255 255 255 255 255 255 255 28 86 255 255 252 255 72 255
    255 255 32 255 255 190 12 142 255 215 215 144 145 108 255 255 6 255
    255 58 255 175 255 140 255 140 255 255 255 255 64 84 255 16 255 255
    255 255 2 85 255 255 255 255 255 157 255 255 255 255 255 113 255 84
    167 84 224 197 247 126 255 104 255 239 235 255 131 118 255 4 22 255
    239 255 178 254 76 62 81 255 255 255 247 204 233 255 255 255 255 168
    143 152 52 255 189 255 163 0 255 255 255 148 255 160 144 255 255 255
    252 255 255 255 255 255 255 20 186 255 255 255 255 255 164 255 255
    255 255 255 76 255 255 255 217 227 196 255 255 90 255 255 255 255
    255 255 255 255 106 255 169 255 255 86 50 255 255 146 221 255 255
    223 255 216 255 128 210 235 255 255 255 255 30 151 177 255 165 255
    28 149 171 255 255 255 255 105 221 255 223 179 255 183 217 255 32
    255 255 30 255 255 175 104 255 255 14 206 93 144 50 255 255 255 66
    58 255 255 255 255 255 255 255 34 207 255 2 255 255 18 26 255 167
    185 255 255 28 16 255 255 255 255 255 2 255 255 152 255 255 255 179
    255 255 62 255 255 255 146 212 197 243 62 246 251 254 255 203 242
    225 90 255 255 86 255 255 247 68 255 255 84 255 173 244 255 255 255
    117 100 60 123 255 255 255 116 255 255 255 255 255 136 206 255 255
    254 255 255 255 169 8 108 255 255 255 255 255 255 44 255 255 101 255
    132 85 255 255 147 255 156 187 255 14 255 255 255 255 255 186 185
    160 255 151 102 255 255 219 28 56 207 255 87 14 255 255 255 255 58
    92 98 255 255 180 255 213 255 113 255 255 28 255 56 159 92 16 18 255
    255 255 255 176 97 255 238 255 207 255 255 255 204 255 255 156 107
    219 255 255 255 172 255 255 255 255 255 255 255 255 170 255 44 255
    117 50 74 239 255 255 255 138 255 255 255 92 255 213 255 121 160 255
    255 255 255 209 255 255 255 8 255 64 28 255 89 177 255 255 225 255
    85 255 255 255 255 234 252 255 255 93 235 236 255 255 255 255 255
    114 255 90 255 255 255 255 52 255 172 255 255 255 187 255 255 255
    241 226 145 70 255 165 255 106 255 223 255 95 255 255 255 255 134
    175 245 255 151 24 102 255 130 210 129 227 255 255 86 76 255 251 36
    255 255 78 255 255 242 171 247 255 229 50 255 255 78 62 155 255 222
    255 205 204 255 255 86 255 255 255 38 106 166 255 255 255 255 255
    255 34 255 30 111 255 255 255 255 255 72 255 255 159 255 255 255 8
    70 255 255 238 255 70 255 255 92 54 181 255 255 89 255 26 18 193 255
    229 255 136 255 255 122 107 255 72 255 255 206 255 187 162 68 255
    255 109 187 88 255 183 34 221 255 255 68 255 255 169 255 255 30 4
    108 255 54 255 24 255 224 159 233 255 255 255 158 255 255 0 217 255
    255 255 221 255 255 255 242 255 255 255 111 62 234 255 243 255 225
    255 56 255 255 226 157 255 255 95 20 230 255 255 192 105 255 224 255
    221 178 255 255 255 195 152 255 255 205 146 255 255 16 255 84 244
    255 255 220 255 203 230 255 255 255 255 255 184 255 154 255 255 255
    255 255 255 122 255 156 255 72 255 118 32 58 255 255 255 255 113 223
    255 85 197 182 155 46 255 133 195 196 255 255 44 255 255 190 255 24
    6 99 74 255 233 209 208 175 12 255 255 255 255 255 255 194 255 255
    118 125 148 92 255 160 255 255 255 122 255 221 138 18 255 255 211
    255 255 255 167 255 255 96 80 255 48 255 255 179 170 60 255 182 255
    255 255 255 255 255 46 255 70 173 38 228 255 54 132 255 207 28 237
    255 255 255 215 255 255 255 250 255 255 255 179 255 255 8 207 110
    255 255 222 38 255 255 58 112 60 252 255 255 255 110 160 221 219 212
    135 185 255 255 255 255 255 144 255 255 255 134 159 183 255 191 255
    56 215 255 82 28 165 70 255 255 255 187 165 255 255 255 98 16 255
    255 255 26 220 211 44 255 255 255 12 143 126 255 255 255 34 111 255
    255 103 255 136 255 211 255 255 255 255 255 255 94 255 30 132 255
    255 126 255 255 182 255 160 68 255 255 255 105 110 70 255 175 192
    255 255 255 255 255 52 255 96 255 201 96 74 40 229 255 255 255 162
    252 90 144 255 255 122 255 255 140 34 158 255 255 14 56 74 195 255
    255 255 255 26 255 255 255 255 255 255 255 255 255 255 236 237 255
    255 151 255 255 255 255 255 223 255 186 255 140 255 81 175 255 255
    255 72 255 255 232 255 219 255 215 44 8 103 50 255 97 255 224 255 50
    255 255 177 255 255 255 200 255 255 255 107 255 255 32 255 255 255
    46 64 255 94 138 255 104 255 255 255 255 242 255 80 255 255 50 255
    54 96 255 70 254 255 255 178 255 239 38 255 227 2 20 62 250 109 72
    188 255 255 176 155 255 252 40 24 170 70 66 255 255 48 255 255 64
    220 68 112 142 173 255 255 255 40 255 46 255 255 255 169 255 255 156
    255 248 169 255 255 235 80 255 255 255 255 42 10 74 255 255 127 179
    158 99 255 54 255 213 236 255 255 12 141 255 228 133 86 255 221 255
    255 255 255 255 76 247 255 255 255 104 255 255 140 255 34 206 255 68
    255 223 181 255 255 255 255 255 114 255 255 167 220 255 255 82 255
    124 42 255 235 132 255 255 255 219 60 255 255 114 158 255 48 254 199
    255 255 255 255 238 193 255 18 255 223 96 56 82 170 255 255 255 44
    255 146 255 255 255 255 195 176 115 42 255 255 255 178 189 199 255
    255 12 42 12 255 255 161 255 16 44 12 182 255 255 188 255 255 0 103
    255 114 246 112 255 103 255 255 189 2 255 169 255 255 30 150 255 255
    132 194 255 255 250 255 255 255 248 255 8 167 255 255 255 255 76 76
    255 255 131 80 255 255 171 212 255 255 68 255 255 190 217 255 0 66
    255 36 129 255 62 255 56 255 255 255 142 10 179 255 255 102 255 101
    255 255 255 48 228 50 255 110 109 26 232 255 255 58 255 255 72 255
    104 10 209 199 255 161 255 246 255 255 255 181 150 84 255 255 255
    255 12 255 239 18 0 255 235 255 255 22 28 193 255 118 255 4 255 255
    122 255 255 54 24 255 128 54 197 56 154 255 255 255 255 237 144 107
    255 255 255 255 24 56 255 255 255 84 255 255 255 255 237 24 255 26
    177 255 255 255 56 255 48 170 255 255 148 255 177 118 143 100 255
    111 255 255 255 144 192 209 255 255 193 138 64 255 36 255 255 255
    255 165 195 255 255 255 255 72 255 255 255 255 78 255 255 228 42 120
    255 255 255 78 89 255 255 255 249 152 255 255 255 255 255 236 255
    142 188 255 100 156 129 255 16 255 88 202 255 255 30 199 255 255 255
    179 8 255 191 255 70 163 66 34 76 162 103 144 255 197 177 255 0 255
    184 125 255 255 155 249 112 255 74 40 167 173 255 255 181 255 137
    255 255 93 255 92 255 255 58 255 175 255 68 247 255 217 255 255 64
    245 152 255 255 126 195 255 255 255 175 210 255 243 255 32 205 255
    255 255 8 219 255 255 255 255 18 72 255 44 255 28 255 6 213 226 147
    114 42 221 255 112 255 255 244 66 255 36 255 16 196 161 255 250 255
    140 202 255 255 82 255 171 146 255 255 112 255 8 255 149 82 238 255
    255 50 255 255 58 255 255 84 225 245 0 255 32 255 255 197 92 255 64
    255 255 179 12 175 142 82 255 106 255 255 255 255 40 213 255 255 255
    50 131 4 4 255 255 255 255 255 160 254 255 96 255 255 255 171 235
    176 255 18 70 97 70 255 147 255 255 213 255 255 215 150 255 155 255
    255 52 120 194 255 255 94 255 253 38 163 255 255 74 74 216 255 215
    162 255 255 255 255 193 255 185 96 12 40 255 212 24 255 255 255 255
    78 255 255 6 46 227 255 85 255 2 34 255 232 42 38 56 255 46 134 255
    255 255 143 255 170 233 255 255 255 219 24 191 255 100 255 235 206
    157 255 255 38 255 255 105 102 255 62 42 94 255 255 150 242 102 255
    255 255 255 255 255 255 76 120 255 193 22 198 255 255 160 255 255 74
    255 26 255 46 255 255 217 243 88 181 255 58 56 126 12 255 116 78 255
    255 168 255 160 255 255 102 255 62 255 255 255 58 112 111 255 255
    255 199 255 255 92 255 255 179 255 255 255 255 85 255 255 46 193 42
    215 255 255 4 112 54 161 255 255 255 142 255 221 235 255 209 2 255
    255 42 255 56 217 255 103 40 255 255 239 186 233 161 255 255 229 178
    255 255 108 255 84 255 255 255 255 255 255 230 255 255 255 153 146
    240 99 221 170 113 4 44 20 255 255 177 12 255 91 195 52 149 255 222
    175 255 34 255 144 255 255 50 130 255 66 28 129 46 158 255 255 255
    255 26 130 255 76 255 255 171 255 97 237 74 255 58 255 187 148 194
    255 255 255 193 203 246 255 255 126 255 189 255 36 14 92 255 255 78
    169 255 255 255 255 240 255 80 118 76 255 255 255 128 14 229 104 255
    34 255 255 255 32 255 255 255 64 187 227 255 255 255 128 2 255 4 40
    255 255 255 255 255 255 255 164 85 60 255 14 255 2 255 10 96 8 255
    255 255 255 106 255 255 255 255 255 46 255 255 168 105 70 255 255
    120 255 111 76 255 255 255 255 129 158 255 255 169 168 255 255 116
    244 82 38 215 255 255 255 122 34 255 114 70 191 255 198 255 255 255
    255 221 76 38 76 86 20 150 255 183 2 188 255 255 255 255 108 70 143
    255 255 255 255 255 255 173 176 72 255 140 255 255 255 203 255 255
    255 255 106 255 52 90 255 255 255 255 255 255 255 255 255 203 255
    166 255 4 208 78 126 255 213 14 30 255 255 46 169 116 34 255 116 255
    255 255 255 255 255 255 255 255 210 131 46 255 171 255 24 255 72 186
    255 255 162 255 10 236 125 146 255 0 255 255 255 255 255 215 24 255
    255 173 96 255 255 40 255 102 255 14 8 90 255 142 42 255 0 255 255
    110 255 255 255 255 211 255 255 255 255 174 68 52 16 246 42 44 255
    255 174 24 235 248 255 255 36 213 255 16 255 255 58 161 255 50 255
    165 255 18 140 255 20 8 246 255 255 172 237 32 255 255 70 44 255 183
    255 93 233 255 119 50 255 255 237 255 255 175 130 175 255 255 107
    255 255 177 255 255 255 255 255 255 12 255 255 2 32 255 255 255 255
    255 255 255 173 202 242 14 240 255 163 255 195 223 255 197 255 56 62
    163 118 205 255 196 255 144 255 255 136 255 78 54 186 255 0 40 255
    60 80 195 255 134 89 255 255 255 136 255 255 255 255 14 255 88 175
    255 182 103 245 255 255 26 255 255 114 146 255 96 255 4 255 30 151
    215 255 221 255 255 255 255 255 101 255 255 97 52 255 115 30 255 135
    136 255 201 255 80 255 44 238 255 18 255 255 90 52 72 223 255 175 70
    90 255 255 255 255 255 0 26 8 255 155 255 255 203 175 255 255 130
    234 145 233 162 97 134 18 255 225 255 74 255 255 171 173 255 255 255
    222 12 255 255 40 255 255 255 207 255 16 255 255 254 255 255 119 229
    255 255 2 255 149 28 255 62 255 214 255 219 216 255 255 255 32 255
    166 255 28 158 255 18 94 255 40 130 175 191 74 255 255 255 121 20
    255 40 255 255 255 233 255 14 255 168 197 255 255 255 76 136 93 114
    164 171 203 255 255 10 255 255 255 255 255 255 24 97 255 255 85 165
    192 255 255 255 255 255 100 10 255 170 255 255 200 255 221 146 255
    50 255 255 255 255 30 142 16 101 60 255 255 255 206 255 165 255 121
    28 255 255 175 255</data></your_img>
</opencv_storage>
