<?xml version="1.0"?>
<opencv_storage>
<L2_diff>3.6390912327118153e+03</L2_diff>
<test_img type_id="opencv-matrix">
  <rows>100</rows>
  <cols>100</cols>
  <dt>"3u"</dt>
  <data>
    95 55 160 240 115 178 251 48 167 59 123 123 74 223 122 32 199 75 26
    228 227 253 204 161 254 167 63 216 235 111 220 20 64 118 108 20 62
    21 242 235 145 239 187 51 25 95 120 4 83 65 204 138 184 93 0 233 110
    14 34 21 82 38 237 253 189 110 193 147 26 7 33 226 15 78 183 25 20
    214 81 125 118 10 216 178 158 89 12 229 169 44 115 132 18 199 120 74
    142 27 146 139 238 110 134 148 241 120 16 46 108 238 191 246 65 113
    242 85 52 151 138 227 169 41 7 101 55 149 161 140 91 13 133 93 71 17
    33 21 163 46 34 0 107 31 249 175 210 192 87 154 6 167 81 133 86 18
    237 72 214 21 204 219 173 84 204 120 43 87 113 0 187 227 219 105 208
    30 27 95 206 222 208 175 93 48 62 101 229 186 130 170 69 44 234 111
    227 70 152 80 174 30 192 207 31 246 87 212 149 40 180 178 12 255 79
    201 65 97 0 222 47 71 214 123 8 75 190 151 234 68 129 51 93 26 111
    57 34 250 93 252 109 197 118 233 85 100 137 47 33 168 122 232 176 50
    7 10 224 109 162 7 130 95 175 48 114 63 46 49 248 130 155 10 143 0
    114 56 214 153 37 0 203 46 92 238 68 203 203 33 227 142 113 238 2 41
    84 109 177 108 220 191 166 75 56 94 64 49 91 155 23 138 185 207 39
    25 246 183 82 61 95 29 78 16 1 52 65 86 6 33 183 105 7 34 11 55 59
    158 212 2 78 105 100 163 192 243 149 179 111 128 208 155 217 172 70
    137 125 60 26 10 213 40 76 10 73 226 250 72 34 102 66 81 132 64 58
    51 224 2 130 150 103 218 253 14 8 148 172 218 41 130 126 132 19 69
    107 173 58 104 15 42 172 91 89 24 193 111 14 218 193 152 227 169 182
    148 233 9 212 189 42 69 170 34 221 91 208 160 243 149 170 176 249
    126 101 201 81 64 169 64 16 7 183 9 154 111 133 164 168 160 176 183
    41 63 233 99 197 233 192 15 240 2 78 248 104 182 133 38 43 102 36
    203 50 177 222 244 121 209 132 127 236 86 109 10 43 231 158 48 212
    41 76 239 35 152 120 167 53 131 53 110 236 233 69 68 34 136 36 80
    143 25 165 244 117 136 61 135 155 23 52 238 182 245 115 237 243 108
    84 205 237 91 126 201 4 223 235 186 66 143 213 9 253 230 62 223 6 47
    149 5 218 94 249 35 242 233 123 100 160 53 192 253 64 228 15 210 235
    178 180 123 122 70 200 49 108 157 15 101 10 66 87 138 213 152 104
    120 74 32 194 161 69 5 11 123 84 0 79 210 179 163 51 176 29 57 80 87
    152 25 57 64 202 29 52 120 149 127 139 28 2 219 4 66 12 137 14 102
    94 11 138 53 127 37 227 184 168 144 139 134 80 114 6 71 169 235 157
    104 104 100 196 35 178 7 139 51 100 63 229 62 132 152 15 200 80 169
    16 126 28 50 209 74 253 35 176 193 218 109 156 234 168 48 16 157 62
    128 76 2 79 143 37 228 9 212 142 62 176 163 7 113 163 79 147 99 140
    136 69 202 100 214 136 101 141 125 2 73 40 34 207 176 12 75 241 112
    239 2 219 124 29 66 7 65 45 225 15 47 192 84 213 59 193 152 254 222
    73 21 137 244 193 234 202 93 128 39 86 205 164 215 23 106 80 38 205
    21 241 204 101 132 115 87 174 134 77 74 81 28 188 235 117 238 72 172
    126 41 116 218 135 168 168 97 146 105 210 30 65 39 173 92 132 35 212
    83 166 31 96 71 135 178 34 225 51 249 212 50 148 208 142 238 69 73
    244 113 49 247 48 179 25 121 17 171 209 51 110 35 246 33 170 222 162
    253 172 75 61 129 161 13 241 245 174 44 162 163 120 115 237 152 48
    138 35 22 86 219 239 177 138 188 210 20 189 38 167 17 243 232 54 9
    252 94 38 101 151 163 46 83 125 0 85 53 5 35 239 123 56 218 212 251
    232 135 170 146 69 149 132 211 16 8 28 171 176 80 67 207 200 188 18
    34 187 63 241 145 251 100 33 247 95 219 165 32 93 217 86 94 153 54
    255 250 106 203 55 131 241 82 83 102 248 250 225 152 33 196 35 195
    44 50 158 68 4 241 163 145 61 52 34 137 142 130 199 21 160 26 53 55
    64 149 221 83 184 177 168 231 191 133 236 150 195 222 155 47 200 156
    147 111 100 65 200 244 71 218 234 100 26 151 109 48 80 117 249 6 54
    173 194 75 216 9 164 53 116 68 214 125 48 186 103 51 154 144 228 234
    204 106 152 136 44 165 60 19 137 186 45 239 98 153 97 77 187 109 46
    91 218 79 78 248 132 250 1 43 217 45 58 233 74 70 28 70 218 120 169
    138 177 198 253 37 87 184 197 131 8 25 67 102 135 61 13 90 153 238
    178 242 173 156 60 244 211 116 225 12 110 90 192 197 240 171 11 250
    209 213 197 215 86 101 82 248 168 75 207 161 20 59 128 203 176 236
    175 16 101 235 13 52 253 207 156 64 124 86 76 164 235 61 153 151 79
    238 21 179 110 217 118 58 215 158 117 254 230 245 159 4 64 128 178
    84 223 221 205 234 165 204 218 188 226 95 252 21 253 221 176 180 98
    113 86 67 79 104 143 149 64 10 174 193 179 27 139 245 174 220 2 88
    220 119 97 88 34 83 165 25 159 179 173 170 90 3 63 44 77 120 106 193
    225 121 137 24 92 206 110 209 253 228 144 8 22 252 144 155 170 215
    222 134 182 35 204 203 13 13 92 132 47 194 119 88 87 181 176 150 54
    166 58 119 145 223 251 31 62 37 153 151 92 90 168 126 2 1 43 253 11
    68 98 47 239 65 92 54 197 237 221 188 77 78 208 195 7 152 131 200 37
    237 137 168 174 179 164 226 173 167 44 247 9 32 241 163 103 49 182
    48 211 241 139 235 200 154 37 108 165 72 245 127 124 218 38 252 21
    202 155 64 151 22 235 204 0 50 187 0 4 111 92 128 242 104 60 245 103
    3 249 176 110 53 51 194 87 173 88 197 228 27 58 173 0 8 137 185 86
    127 109 221 156 235 153 88 16 111 61 238 7 147 52 59 39 244 168 130
    205 53 7 136 168 103 61 110 21 175 188 211 255 189 37 22 236 63 7 13
    35 207 142 192 29 224 237 173 111 254 210 194 70 95 157 2 132 110 36
    245 49 119 46 191 199 152 175 42 164 70 78 173 35 220 32 118 28 224
    21 15 36 170 246 197 187 126 235 236 106 61 50 107 134 48 139 80 145
    237 32 34 22 35 242 77 79 58 137 194 209 178 239 215 174 234 151 87
    142 33 232 77 43 21 238 246 115 159 157 224 30 124 146 79 84 195 234
    54 91 185 138 173 204 116 191 103 207 207 34 30 125 84 69 180 108
    211 93 218 222 210 208 38 15 13 23 14 70 56 72 91 130 22 121 53 174
    183 241 188 22 2 38 211 97 137 237 124 218 250 7 81 100 38 29 165 59
    247 43 90 140 152 245 37 174 4 123 247 179 202 62 25 139 151 224 126
    4 193 16 219 81 19 81 228 5 141 0 83 49 132 48 222 198 50 144 193
    177 145 116 121 121 194 39 225 138 99 80 181 173 133 238 52 30 229
    104 124 217 185 105 18 97 153 11 8 249 123 126 149 71 93 246 130 213
    165 34 177 250 240 229 247 120 132 119 196 160 183 209 174 0 122 24
    221 33 55 169 201 9 95 115 176 107 13 7 97 231 91 231 36 76 199 131
    173 54 113 181 140 188 237 106 126 27 154 211 115 149 89 24 234 254
    201 148 99 67 171 112 22 113 101 175 224 187 93 166 31 170 134 165
    165 161 1 18 110 144 177 149 66 56 82 176 26 205 94 8 247 95 102 81
    233 45 3 179 192 58 39 140 3 243 23 200 232 91 143 81 201 13 69 192
    184 87 149 162 235 21 124 171 207 170 208 89 51 100 112 107 144 5
    201 16 235 98 160 171 136 163 160 202 1 218 105 174 98 177 45 34 140
    142 161 65 199 111 8 224 3 21 44 141 38 160 213 124 78 156 134 63 15
    33 244 9 182 57 157 180 16 154 230 104 25 61 171 95 143 108 49 156
    237 29 224 210 3 96 29 117 216 60 129 68 253 92 77 82 34 162 172 94
    74 206 158 155 17 91 255 77 203 129 72 68 43 67 158 153 173 102 244
    165 52 68 203 112 217 160 10 205 53 11 102 89 213 255 49 213 224 90
    255 77 95 102 251 247 195 108 108 109 152 154 193 208 81 243 220 187
    85 18 24 236 22 38 31 25 226 197 77 155 28 134 138 223 3 221 195 4
    156 86 161 18 63 162 206 147 70 156 98 182 241 242 215 22 162 96 142
    89 169 71 243 92 230 65 166 103 60 54 183 185 50 12 104 248 109 72
    45 21 200 72 124 178 80 76 193 198 68 131 212 120 12 229 136 213 173
    96 12 187 242 42 131 73 133 145 171 79 133 99 254 100 54 65 105 245
    49 224 141 8 239 111 71 197 191 91 48 113 204 127 173 122 138 193 41
    100 90 97 102 215 8 220 236 135 38 52 48 159 132 216 53 5 32 158 175
    201 68 1 240 185 21 106 45 7 12 207 69 255 48 128 181 146 99 103 4
    239 121 122 200 241 60 169 150 183 47 23 163 86 102 126 238 98 25
    212 79 87 100 125 58 18 205 133 13 101 237 173 101 196 76 145 140
    197 118 50 213 51 99 177 114 243 69 149 180 158 242 230 213 136 230
    215 30 240 74 122 253 196 135 186 64 105 85 211 232 146 171 228 205
    134 138 252 3 96 188 17 128 163 30 8 60 196 31 120 106 143 196 108
    136 28 182 178 178 14 23 151 140 20 176 140 213 176 202 215 252 176
    37 53 132 39 48 38 115 67 47 234 101 54 67 147 132 244 155 220 93 44
    240 136 60 103 90 19 104 207 2 196 206 176 173 155 126 211 237 16 45
    204 12 85 184 246 242 44 9 64 168 0 139 123 35 189 31 188 1 44 204
    138 219 110 170 227 32 46 4 196 169 167 165 124 38 125 250 166 229
    236 103 121 109 209 242 180 75 18 7 144 146 192 70 52 227 126 212
    198 14 58 237 69 175 196 248 18 131 124 167 36 55 55 84 210 42 193
    184 202 57 115 54 99 64 184 75 70 232 66 43 191 98 23 211 173 63 14
    201 214 79 116 109 86 118 12 250 171 168 141 111 31 180 81 64 161
    224 166 227 197 28 97 235 113 86 40 137 63 111 16 151 49 191 43 47
    44 190 49 218 243 128 14 93 96 57 210 53 62 117 67 223 143 137 108
    237 35 78 33 122 49 133 93 175 14 168 166 185 111 255 255 72 250 81
    32 242 117 244 70 152 156 14 229 206 73 87 167 245 106 196 226 74
    235 153 29 147 60 29 33 3 167 114 6 206 52 234 184 140 100 132 96
    204 189 210 9 76 117 109 148 127 143 221 167 243 129 85 37 249 63 45
    140 26 223 252 19 91 80 124 49 166 63 181 3 17 93 136 230 92 182 24
    32 127 226 173 175 31 217 194 255 98 107 144 120 16 46 77 228 214
    190 173 14 77 130 163 231 81 209 245 254 62 65 27 225 84 202 202 106
    72 135 32 157 10 6 221 41 61 133 204 224 210 70 31 234 147 196 71
    245 159 203 7 1 51 179 7 32 146 135 38 189 150 37 236 53 218 162 24
    181 231 200 224 17 233 226 238 136 246 39 194 91 49 5 93 85 232 245
    173 102 2 147 195 223 213 118 141 224 110 225 226 233 26 253 220 195
    184 164 182 120 138 43 12 224 156 228 84 81 242 133 96 61 71 50 254
    110 8 32 93 6 132 20 160 80 145 163 215 0 32 129 139 115 25 135 19
    62 25 179 52 225 172 243 170 180 80 217 159 156 38 197 42 153 240 7
    37 114 37 123 27 208 104 65 125 86 162 236 149 115 250 165 26 254
    157 5 214 179 201 170 147 58 137 67 171 210 205 44 83 5 21 26 80 202
    192 8 140 169 191 72 74 178 254 87 115 68 167 197 238 171 162 253 60
    188 20 112 15 242 82 206 103 24 58 169 192 57 33 165 232 175 251 38
    18 170 20 133 34 20 207 160 167 231 74 194 51 14 140 244 1 243 235
    89 223 27 148 116 250 42 164 15 81 180 154 77 64 71 224 194 70 158
    81 44 88 198 152 203 255 209 77 67 120 58 111 52 80 190 192 244 108
    27 169 161 180 40 33 3 194 12 25 243 97 107 176 69 92 42 6 67 255
    100 215 208 113 32 56 152 14 87 16 229 173 224 91 212 187 57 45 148
    186 40 10 114 166 5 156 39 143 126 183 132 199 50 182 248 224 143
    108 244 255 84 47 225 158 159 126 249 71 242 235 232 22 93 82 177
    190 99 127 225 120 17 66 90 231 84 137 122 32 0 146 233 179 194 115
    20 104 25 93 197 20 107 227 202 168 249 153 88 193 68 166 246 144
    108 127 40 146 18 148 2 231 167 42 134 115 249 241 216 140 194 82 90
    154 222 75 219 203 201 136 55 22 47 254 54 127 156 103 142 103 21 38
    98 56 77 52 38 68 222 220 87 29 27 93 144 204 254 117 190 255 200 86
    242 132 238 144 62 252 112 98 251 199 194 57 14 181 44 83 143 123 56
    224 41 8 214 218 241 104 9 229 167 211 119 181 28 173 186 41 212 154
    25 60 17 53 131 226 52 85 28 88 92 161 129 153 50 37 140 75 143 96 5
    82 86 139 0 221 244 55 155 193 37 203 14 146 192 140 252 254 113 62
    46 209 144 238 6 219 108 153 207 60 197 180 105 222 240 105 124 32
    142 108 145 203 92 185 27 151 76 26 207 34 210 176 126 30 29 94 195
    68 103 44 188 155 224 218 140 210 82 7 74 38 92 149 19 41 184 155 75
    52 151 97 73 2 151 102 122 246 97 14 213 127 166 173 196 211 77 7
    166 92 143 7 157 4 93 96 23 137 241 17 76 185 15 43 181 32 96 14 27
    43 180 74 245 206 74 105 145 221 176 153 76 69 97 203 152 125 86 210
    176 70 147 151 52 177 94 145 101 60 2 219 39 37 68 173 79 237 0 224
    225 188 68 178 146 192 81 216 144 182 118 145 252 147 113 214 49 65
    189 100 48 159 156 114 148 16 46 26 225 252 197 185 80 255 72 31 178
    181 107 124 91 101 157 200 54 77 100 70 165 12 155 156 41 230 207 76
    152 211 20 90 201 119 136 47 207 227 120 43 26 236 218 56 70 39 105
    86 84 195 167 187 162 96 142 250 111 104 197 70 236 248 97 73 90 192
    203 231 40 102 167 166 184 60 170 3 211 245 4 205 96 6 189 215 109
    241 72 223 106 30 62 193 91 33 204 150 17 133 168 237 141 220 116 61
    213 61 4 93 132 54 23 17 22 81 172 73 255 100 19 217 107 187 2 37
    198 60 107 26 74 193 78 105 96 152 167 236 30 114 55 244 149 3 43 6
    128 241 141 6 114 33 107 154 223 133 135 39 55 124 175 131 123 50
    194 1 69 37 19 63 18 180 216 227 235 40 178 177 25 211 143 109 53
    129 184 189 90 0 118 81 125 136 222 206 199 39 59 33 203 79 69 135
    225 39 191 129 122 53 111 73 163 147 221 182 243 183 18 89 202 22
    255 21 41 50 221 35 247 96 117 22 141 120 165 140 4 130 143 212 18
    192 65 52 53 30 102 250 137 79 99 63 158 3 43 31 48 37 110 11 6 103
    184 207 201 224 154 162 101 149 223 17 187 49 11 99 248 71 5 169 239
    21 29 251 190 63 86 160 250 81 73 81 198 34 146 127 164 21 181 44
    105 108 130 117 237 85 54 152 214 115 160 36 220 155 84 224 119 172
    60 26 63 68 227 15 159 77 55 111 102 158 182 236 208 190 86 21 24
    106 233 187 100 190 190 11 211 193 232 169 43 220 92 204 117 200 29
    96 198 162 166 184 113 148 99 227 139 165 41 23 182 253 90 68 177 95
    235 177 136 66 11 64 197 67 43 167 178 152 123 6 237 26 202 178 27
    11 235 98 11 239 126 83 77 200 7 53 31 62 174 72 175 21 226 189 3 81
    195 253 56 92 212 1 233 77 209 25 105 83 107 217 18 5 83 87 8 247
    119 6 113 202 221 132 192 108 8 70 153 65 122 66 127 59 181 128 80
    85 206 9 40 181 140 40 200 219 231 93 159 71 151 82 131 38 204 189
    174 42 50 15 198 184 85 199 78 38 68 71 66 15 248 225 7 201 240 183
    133 209 254 104 92 108 20 191 229 169 40 141 222 74 240 157 224 30
    219 29 132 184 199 25 139 235 151 163 77 209 58 220 221 161 211 17
    18 76 207 76 125 93 59 100 78 212 183 67 0 201 172 236 27 180 37 201
    219 118 70 208 33 170 170 141 89 61 140 40 25 57 123 171 155 203 93
    198 8 186 213 238 97 87 158 67 1 28 115 64 209 157 36 38 142 117 100
    51 51 108 81 126 122 254 104 166 125 70 7 101 160 2 173 212 105 10
    30 62 128 70 70 33 131 188 190 15 149 87 219 204 120 183 95 200 195
    200 223 4 110 151 172 205 190 115 25 160 41 31 245 107 238 94 247 0
    147 240 161 8 245 31 121 147 209 2 193 215 251 201 17 202 128 91 203
    115 57 87 199 114 182 31 213 177 17 39 174 234 161 152 138 69 201 10
    162 187 185 162 102 161 36 86 106 248 190 173 214 130 37 201 57 228
    53 136 6 26 114 78 73 69 21 236 125 229 168 131 146 93 10 236 133 85
    49 49 182 66 159 200 33 246 130 87 185 85 247 92 192 109 51 237 96
    41 218 131 126 75 42 153 180 170 182 122 212 44 249 101 20 20 61 55
    251 39 245 122 168 121 95 208 49 169 90 55 225 164 23 30 108 252 187
    18 104 251 183 73 27 202 43 184 102 210 255 76 205 175 13 58 148 9
    163 181 234 61 202 24 208 211 144 202 119 197 203 163 217 48 10 216
    73 201 134 61 67 117 145 153 150 76 46 63 170 239 65 29 172 153 92
    140 112 163 190 216 85 40 83 113 107 203 241 172 143 241 85 104 15
    204 171 241 28 221 125 5 141 187 170 87 207 36 57 56 181 151 107 55
    139 51 239 169 80 184 57 177 170 240 1 191 246 240 214 203 32 184 87
    107 112 67 44 51 221 128 118 158 167 12 121 4 212 28 98 123 15 124
    125 63 100 62 55 137 136 100 118 49 111 3 8 186 255 255 235 237 58
    112 94 75 99 89 20 44 253 236 207 199 137 185 198 203 103 33 253 241
    128 27 194 29 70 168 58 114 147 20 182 152 62 105 3 72 62 74 45 172
    19 3 146 216 107 249 135 189 224 49 28 216 41 58 78 86 119 243 51
    121 162 174 40 89 220 206 133 150 70 165 210 254 74 108 85 120 108 1
    136 9 180 94 33 102 145 108 119 156 33 238 94 222 98 127 165 143 232
    229 122 189 196 151 25 205 237 178 170 217 237 55 19 235 207 24 199
    203 240 215 68 123 62 148 221 217 62 251 198 53 217 99 117 196 164
    229 191 16 7 194 43 255 113 85 181 123 221 155 96 107 228 217 101
    121 55 220 121 8 67 153 45 100 56 12 194 51 163 28 59 179 251 243
    175 2 111 61 204 6 9 114 168 232 193 121 124 9 121 46 14 82 251 138
    128 97 15 141 27 48 148 250 221 37 211 159 165 139 68 66 236 98 69
    233 1 241 77 42 49 199 178 244 239 181 24 88 247 79 109 58 16 101
    104 217 152 127 193 116 164 186 33 221 205 18 19 238 170 112 230 187
    167 145 69 197 18 9 90 242 62 142 192 179 32 195 204 120 250 10 164
    154 235 97 81 211 2 233 213 16 184 9 224 117 18 238 29 243 218 123
    248 138 145 85 1 28 144 139 150 169 174 93 114 203 167 199 247 110
    33 140 69 215 156 191 162 45 62 125 153 208 192 212 240 143 77 231
    54 231 16 194 31 83 169 52 112 169 147 194 241 0 236 25 44 118 147
    183 189 173 108 0 44 47 246 150 240 62 25 86 15 36 199 175 20 252
    231 155 185 5 236 224 213 26 37 71 247 193 90 237 76 168 84 167 8
    168 66 55 236 25 209 171 200 136 219 201 218 203 77 216 36 236 67
    167 183 17 150 155 86 173 242 98 165 238 140 69 94 185 89 42 115 87
    196 75 136 75 219 249 168 130 183 48 93 97 84 184 55 155 19 18 140
    183 18 119 167 199 177 192 1 255 183 164 192 72 232 10 139 31 48 200
    74 182 220 227 188 236 115 143 104 47 78 174 109 228 22 1 220 249 20
    93 240 72 164 93 153 7 243 253 74 205 227 88 78 243 193 188 95 92 15
    39 43 249 189 241 14 234 60 8 52 115 194 244 243 168 238 131 163 140
    206 91 208 101 129 122 183 61 164 186 4 222 28 189 145 138 245 196 2
    71 63 239 240 46 107 249 75 47 103 38 70 113 164 164 205 246 177 219
    231 252 127 91 231 2 177 235 235 22 157 128 188 156 98 246 246 217
    114 241 8 47 61 187 35 250 174 54 109 240 191 249 203 151 83 243 178
    54 28 202 182 51 4 160 59 199 240 173 87 74 36 179 243 222 63 68 191
    49 59 81 145 148 188 152 217 85 70 59 230 198 117 112 100 135 153
    236 20 231 4 60 66 19 233 96 221 226 254 210 35 29 13 26 127 214 255
    246 126 165 117 128 59 49 31 61 71 132 88 53 202 249 90 225 116 213
    151 88 22 33 142 239 72 211 171 28 133 25 112 56 65 252 199 201 174
    143 22 123 114 153 239 55 209 105 29 130 107 235 190 45 68 73 1 180
    102 112 122 155 234 166 231 147 79 31 244 182 3 207 130 89 78 10 81
    160 105 115 37 10 13 81 101 155 116 252 86 212 25 89 67 6 25 254 37
    61 74 99 249 218 13 113 165 89 200 65 185 185 186 97 211 44 111 51
    236 111 95 207 230 18 247 94 31 124 167 129 16 180 66 197 62 147 231
    205 150 48 136 164 38 58 177 36 185 163 79 183 94 182 136 155 203 3
    194 148 106 154 211 4 29 207 81 69 170 125 27 109 59 17 186 196 4 35
    65 115 191 224 214 237 0 72 19 42 158 221 59 184 242 218 185 27 39
    192 35 249 23 128 48 187 58 56 175 208 181 245 97 165 101 2 193 241
    16 0 178 36 249 6 89 179 202 22 9 130 240 168 203 145 255 105 114 5
    37 38 152 32 101 252 20 93 243 97 227 212 44 45 211 28 237 196 252
    86 36 15 78 80 9 236 29 65 76 52 137 57 47 139 110 12 134 198 128 60
    21 190 213 224 60 71 178 202 17 184 77 94 247 168 245 69 147 194 43
    244 242 192 248 3 46 249 169 50 120 124 44 156 130 121 136 96 6 201
    193 250 224 72 101 98 49 74 109 229 129 84 111 83 145 222 64 242 52
    71 50 27 84 183 54 82 40 22 20 247 110 178 235 238 74 37 224 227 46
    144 18 90 62 252 198 154 131 29 236 121 83 231 246 211 27 15 194 142
    234 179 156 76 195 220 183 24 29 207 213 151 206 138 141 197 11 207
    35 192 40 96 190 181 72 125 201 220 32 42 71 208 158 225 11 220 18
    109 145 144 83 159 26 253 26 150 5 208 221 236 25 95 230 162 184 233
    158 248 7 203 214 140 251 36 184 64 214 118 214 135 138 208 193 11
    216 232 230 238 180 75 159 57 217 105 118 195 79 163 214 233 98 10
    134 153 82 34 32 54 165 234 148 1 139 129 166 113 0 120 87 95 112 33
    8 131 9 246 67 90 112 105 20 146 94 158 170 99 90 123 178 118 123
    150 120 148 37 189 70 18 87 71 253 5 29 124 157 22 228 232 23 114
    165 110 9 250 20 139 102 235 5 55 45 102 60 181 139 192 77 98 100
    169 115 162 153 243 245 1 99 244 254 248 35 149 187 96 48 0 18 223
    240 61 100 150 73 231 62 58 181 156 179 206 36 122 164 169 98 223
    245 242 66 247 156 32 124 135 152 174 159 97 126 101 139 75 32 142
    94 68 26 172 201 127 107 78 33 200 248 115 224 34 71 65 183 181 217
    20 178 241 28 65 162 88 159 187 200 69 130 242 121 228 59 124 53 247
    162 96 53 239 122 114 11 164 15 151 180 25 197 104 61 43 108 150 82
    41 142 214 231 91 148 136 11 196 61 235 207 115 96 126 54 168 156 40
    238 46 2 91 132 176 47 170 93 151 220 191 53 55 18 202 55 219 39 152
    74 131 209 89 238 7 183 26 203 141 226 173 253 247 139 14 69 14 64
    122 2 112 27 245 245 120 109 38 168 189 7 224 140 241 64 80 198 139
    165 42 196 208 17 51 77 226 4 76 100 133 45 86 191 111 176 245 57
    170 173 175 243 114 227 15 26 51 127 240 126 83 137 104 197 194 223
    181 209 181 233 206 70 186 61 93 111 252 81 243 13 172 142 55 93 107
    66 51 234 32 224 105 83 208 198 202 62 147 108 225 156 137 19 220
    170 179 247 254 230 45 103 124 162 212 160 213 80 182 3 71 87 194
    126 98 103 106 97 62 151 44 208 114 21 244 6 123 170 192 42 87 103
    119 80 129 233 126 49 170 154 8 192 58 252 250 195 129 42 214 179
    248 54 152 4 37 14 160 128 239 116 72 67 48 229 152 113 4 94 169 184
    193 118 29 39 189 18 164 208 207 12 25 116 85 40 50 178 207 117 14
    17 113 93 221 116 179 148 33 179 51 106 49 109 156 193 65 152 97 204
    183 143 111 229 187 136 41 135 191 138 1 4 111 252 201 112 173 69
    182 47 165 57 3 133 66 115 74 167 172 21 181 33 107 232 1 240 199 58
    249 23 64 135 45 121 13 105 20 183 157 61 33 243 192 57 76 77 110
    232 83 161 232 153 48 206 74 246 243 21 184 95 238 71 80 171 229 225
    87 93 169 146 69 183 45 85 138 58 220 129 35 8 205 167 131 90 178 62
    96 94 237 60 149 29 49 163 59 208 27 57 47 240 97 1 128 164 167 200
    80 37 1 40 94 123 189 114 148 47 9 85 80 16 114 100 96 135 233 222
    123 200 128 182 168 210 253 68 20 37 179 34 3 40 41 101 140 220 119
    192 126 172 133 39 137 60 147 122 164 160 51 126 180 174 92 196 46
    178 219 91 209 39 57 180 97 244 35 194 38 13 140 71 47 28 43 189 184
    170 135 204 72 109 10 111 182 46 185 201 128 205 195 184 221 222 59
    70 97 154 20 137 152 238 123 140 152 0 114 230 236 165 81 4 1 63 230
    18 139 3 203 68 112 159 213 203 97 62 70 146 172 93 102 248 6 113
    101 133 69 104 6 2 195 14 233 144 253 177 195 85 153 114 66 121 190
    117 187 45 180 120 51 199 235 63 85 240 215 143 12 127 71 219 20 105
    93 166 73 101 216 175 255 222 233 211 93 127 165 75 51 249 25 50 95
    131 74 5 230 111 173 146 162 207 199 43 40 24 52 146 209 209 172 183
    242 175 25 170 77 91 182 2 150 88 84 85 60 204 24 19 238 4 118 11
    164 251 154 239 168 107 215 35 45 164 189 219 238 96 186 13 6 243
    107 220 80 196 252 6 101 194 57 171 8 64 16 188 22 242 103 201 165
    69 118 170 119 24 119 36 44 194 178 109 214 0 67 246 228 31 251 118
    122 77 14 107 126 241 235 106 234 133 109 81 132 196 85 149 87 252
    202 139 167 144 188 231 3 125 246 225 78 24 110 178 59 217 3 242 249
    34 180 59 191 79 134 188 197 68 252 47 240 169 190 233 164 183 194
    93 98 45 166 234 236 132 20 228 219 138 211 17 157 119 7 178 155 187
    120 112 164 149 12 21 96 19 201 208 244 72 98 195 142 178 143 194
    255 122 19 106 146 204 191 182 176 150 101 126 244 0 197 127 105 27
    174 67 240 40 36 236 245 213 239 9 7 95 30 162 135 30 202 220 75 247
    33 178 169 34 133 113 113 184 238 215 172 252 138 10 175 28 221 200
    229 12 5 252 218 255 81 147 192 151 46 146 136 23 157 161 87 216 117
    40 97 75 101 73 6 163 54 182 148 253 211 116 166 47 118 3 130 89 47
    210 169 30 208 127 71 119 101 137 36 97 129 57 21 8 183 148 3 3 53
    36 134 105 47 32 53 67 191 130 106 5 183 19 230 220 29 16 230 193 79
    109 144 112 84 180 97 106 68 80 97 30 141 108 188 217 247 143 127
    203 105 151 149 208 176 123 146 191 16 117 34 220 156 25 83 245 36
    55 2 251 147 82 42 9 209 94 43 103 31 204 174 163 166 133 112 165
    145 71 168 76 213 214 92 199 184 195 117 49 72 26 229 164 136 51 203
    113 242 96 60 21 104 102 192 231 13 248 77 125 184 124 231 143 39
    150 16 143 252 212 219 71 188 67 179 230 146 26 37 103 176 72 94 58
    167 98 32 133 185 57 29 1 69 34 22 70 61 156 45 148 36 125 45 60 80
    175 184 44 213 192 13 10 232 227 228 173 36 111 235 46 203 14 170
    195 176 198 209 225 192 3 21 21 248 135 128 186 166 203 19 200 252
    215 59 27 104 155 229 61 144 1 18 79 160 129 196 43 201 245 218 230
    183 136 130 16 115 99 222 236 114 230 116 50 41 45 111 57 35 92 211
    66 178 14 50 37 20 182 62 30 186 140 218 193 201 170 15 6 246 30 27
    199 66 5 115 56 70 77 216 171 249 125 76 103 76 78 159 124 203 32 96
    194 50 248 61 247 147 72 50 224 21 239 245 103 61 175 163 50 189 108
    252 227 4 114 135 145 209 252 114 220 64 242 208 80 0 49 94 105 94
    87 255 231 21 26 18 197 12 242 238 86 111 109 254 188 65 52 224 144
    72 115 59 232 168 106 28 187 183 58 230 44 219 235 45 58 119 14 112
    102 241 121 172 101 162 225 137 137 61 185 26 139 27 116 16 248 229
    78 20 79 113 0 54 36 112 248 197 44 26 76 124 21 187 229 25 254 237
    5 181 182 124 227 23 40 210 113 152 154 248 185 135 151 70 33 42 2
    235 95 174 243 158 249 213 56 71 29 19 98 61 246 167 108 100 2 231
    66 210 97 236 210 64 99 158 106 9 217 218 163 186 203 21 145 196 119
    77 10 131 131 68 66 49 101 195 100 208 174 21 31 57 129 89 128 240
    202 163 195 61 58 103 233 249 250 71 52 217 227 122 190 140 126 3
    116 33 76 61 95 160 216 116 145 238 76 17 138 46 65 12 33 255 71 228
    39 232 122 143 182 107 139 233 195 46 6 103 160 32 201 182 238 165
    192 86 29 159 131 250 217 137 239 67 237 214 254 96 8 236 69 21 195
    52 9 19 182 121 97 70 218 196 31 200 163 217 67 0 79 221 253 120 185
    253 50 229 230 87 247 201 255 134 131 218 30 130 242 106 219 52 18
    223 169 42 193 82 150 228 242 254 189 142 12 197 59 24 110 189 232
    183 69 215 234 117 161 24 190 240 62 236 234 100 51 248 62 231 181
    252 218 64 121 32 17 161 133 67 229 94 46 139 252 111 87 210 7 54
    180 61 167 154 160 249 21 123 3 239 188 82 248 66 232 124 188 9 60
    190 179 3 128 164 203 161 244 247 168 145 153 98 110 10 30 198 87 33
    228 219 138 26 85 12 231 217 199 113 115 87 225 46 201 170 65 85 41
    79 137 166 49 172 189 32 210 237 140 26 92 90 231 159 239 52 94 45
    171 53 7 94 178 184 28 127 24 81 136 81 27 191 218 150 180 38 40 251
    91 98 30 207 24 30 43 39 212 44 19 165 51 52 61 107 0 54 52 188 30
    244 233 60 37 81 110 180 19 52 221 192 77 237 107 251 129 23 245 71
    193 156 55 76 119 2 17 77 173 220 207 195 37 21 196 57 34 252 210
    223 106 65 33 138 232 91 186 227 14 186 220 218 139 154 217 30 170
    207 180 223 215 75 31 146 157 168 100 154 214 204 120 25 53 128 80 4
    23 214 119 74 148 79 81 60 123 223 149 10 62 0 10 193 229 203 1 146
    82 2 120 38 168 177 89 121 58 177 218 10 100 74 7 66 157 31 48 159
    137 92 197 243 103 161 147 240 139 176 235 233 49 60 250 75 113 139
    242 231 179 95 226 237 127 91 211 171 105 227 146 229 58 201 36 27
    137 110 38 221 216 167 72 134 136 19 91 188 190 253 203 164 160 65
    129 139 5 220 155 53 141 73 175 226 191 169 249 137 140 110 56 154
    187 123 52 51 243 0 120 124 21 136 130 151 227 145 94 83 127 67 102
    228 208 1 50 109 10 33 83 106 179 163 95 136 151 121 50 104 199 143
    101 79 76 69 149 239 246 36 83 16 42 129 104 27 58 224 50 5 183 54
    141 89 230 122 192 223 98 184 124 146 209 247 68 29 39 153 3 211 228
    31 89 55 203 38 140 38 44 16 27 30 180 246 132 100 1 235 22 140 164
    67 127 132 231 243 85 113 33 244 2 249 145 160 140 88 58 221 189 196
    174 58 28 19 243 57 102 105 174 80 188 99 222 145 149 137 194 172
    153 141 236 187 248 238 45 138 199 238 120 238 9 255 7 38 176 164
    103 246 159 168 237 224 149 125 144 39 174 115 254 133 82 148 220
    208 185 46 23 232 255 196 9 138 184 59 97 143 214 33 8 172 156 198
    26 12 110 143 16 123 249 19 236 29 92 150 143 16 158 143 105 106 147
    233 154 114 4 149 190 172 228 208 48 110 255 186 79 30 248 125 9 124
    48 146 130 225 58 46 186 63 67 144 26 232 223 175 28 253 203 79 22
    44 74 21 34 154 189 250 134 75 6 17 55 136 147 114 115 231 123 101
    21 206 192 173 202 84 206 202 51 59 13 237 94 34 160 30 253 52 141
    138 111 159 247 68 5 65 0 191 68 111 67 170 153 46 157 181 59 121
    235 53 100 202 182 216 40 11 78 10 116 164 91 230 136 112 183 82 76
    206 136 124 33 163 9 122 252 127 88 20 118 1 79 26 63 118 107 84 127
    8 241 21 158 115 209 130 53 141 13 181 58 79 9 231 112 123 216 254
    204 91 203 108 107 75 198 18 63 68 190 11 150 198 136 239 86 254 112
    122 17 1 55 74 59 101 122 93 150 110 106 85 54 11 124 96 122 147 76
    34 123 255 155 204 201 56 108 122 229 187 16 26 244 12 99 9 194 135
    51 85 34 155 91 163 124 57 143 62 223 99 192 184 217 96 174 118 12
    211 210 210 30 51 228 198 17 9 129 117 74 62 153 241 227 37 59 41
    100 138 27 161 30 150 47 8 88 9 134 86 190 133 113 203 238 248 208
    38 129 28 72 236 162 13 58 63 25 139 136 27 239 254 150 145 87 122 0
    116 217 191 235 167 253 152 74 153 183 198 44 55 5 193 71 60 17 131
    46 168 161 33 36 130 197 70 32 240 131 44 79 157 132 31 102 136 159
    237 52 12 165 121 91 248 99 219 14 231 77 247 158 155 150 10 219 225
    194 243 120 9 30 170 191 236 190 195 215 84 251 106 118 226 90 70 10
    114 232 87 92 201 221 87 72 100 107 54 116 95 230 106 41 25 59 86 31
    123 202 137 125 102 197 87 75 157 185 154 192 28 166 133 106 127 229
    30 148 251 236 129 165 9 238 31 191 238 159 2 189 177 138 219 10 158
    53 14 164 194 144 179 51 124 16 211 164 69 90 69 112 95 125 110 227
    169 158 12 236 59 231 251 185 111 133 174 162 73 56 22 235 0 199 90
    246 241 129 120 151 216 54 41 230 147 235 219 63 15 247 14 203 160
    79 190 74 212 194 130 225 43 119 26 251 215 203 97 225 128 235 14 5
    188 62 182 198 29 220 140 210 161 144 116 182 165 128 71 144 212 238
    19 123 82 78 56 54 23 142 4 18 155 106 93 235 203 250 125 199 63 19
    26 199 153 141 106 98 17 66 165 222 34 191 159 180 34 214 108 166
    174 253 148 232 104 215 32 83 118 142 183 150 135 152 233 142 195 77
    124 206 39 33 128 184 84 236 167 122 79 134 137 246 206 215 177 220
    97 93 43 0 0 23 176 143 51 243 239 94 50 99 79 77 85 43 212 237 220
    156 238 163 203 161 191 78 8 146 250 70 173 240 151 168 89 158 105
    111 63 138 192 5 245 170 134 40 27 95 62 25 125 166 40 210 33 132 54
    23 226 86 36 69 58 90 37 41 32 71 172 180 196 134 2 87 218 176 166
    25 91 52 237 128 211 17 200 231 54 2 168 180 72 45 120 195 49 26 28
    176 250 202 213 102 48 112 37 128 232 132 97 251 136 232 144 121 81
    100 210 182 31 185 212 30 230 77 208 191 153 178 194 37 233 110 84
    170 164 102 37 118 134 102 175 219 148 79 11 231 65 168 171 48 205
    223 208 136 20 93 90 249 235 151 30 124 14 24 148 170 68 185 228 226
    101 60 186 109 125 44 130 223 172 169 116 135 82 151 61 162 176 45
    117 88 100 175 226 32 58 241 17 82 175 152 38 210 176 87 52 141 150
    233 13 162 81 205 183 10 146 242 168 27 252 165 186 150 28 116 81 37
    35 128 35 58 85 176 189 148 174 139 229 31 216 85 39 223 229 55 61
    153 60 229 50 27 216 103 0 221 142 160 180 178 190 76 102 190 140
    180 185 159 166 112 41 213 226 11 236 125 159 201 35 223 135 54 155
    174 186 65 193 227 214 23 15 168 180 76 84 113 219 214 56 234 115
    207 25 151 60 162 169 58 31 245 167 131 209 107 222 171 228 87 124
    58 149 161 158 134 49 223 16 239 144 172 146 196 123 247 185 69 31
    255 219 113 179 95 127 154 84 70 114 174 27 225 38 70 204 33 97 253
    191 62 24 171 33 38 236 125 60 26 1 62 29 45 16 232 206 101 87 192
    130 197 131 206 159 71 9 76 223 18 115 255 203 202 103 113 91 39 38
    25 110 91 19 2 139 76 146 185 145 2 137 83 156 217 250 12 158 61 89
    130 188 187 200 224 108 195 27 58 115 132 54 147 31 238 255 13 228
    141 119 181 252 28 58 43 237 85 119 27 93 2 34 32 222 118 195 47 195
    101 101 228 89 145 158 67 95 224 200 208 179 219 144 87 143 25 34
    180 242 79 82 96 75 88 93 99 230 10 167 186 238 102 178 194 44 25 88
    50 169 8 206 151 37 129 206 165 68 137 82 137 187 195 211 144 184
    235 37 101 242 94 92 108 69 19 247 35 84 192 41 243 170 65 142 124
    78 246 149 165 219 111 22 28 33 86 153 21 10 209 167 105 235 236 204
    60 220 221 233 251 15 82 8 60 134 240 8 62 1 36 142 28 63 208 224 37
    94 68 130 206 99 48 100 121 12 129 62 21 247 203 3 216 67 76 105 118
    182 13 145 214 182 62 149 156 25 123 240 99 9 212 253 1 115 121 10
    132 35 155 155 130 174 111 186 220 232 187 241 66 135 82 63 237 178
    47 135 25 69 201 151 89 12 212 127 171 118 38 212 71 214 110 129 70
    158 100 60 171 172 224 133 34 77 50 126 175 246 251 206 194 73 174
    61 163 62 202 174 147 152 12 152 208 2 43 109 219 101 102 170 25 94
    37 228 197 187 61 98 80 53 190 160 58 38 0 212 232 252 239 138 38 60
    218 6 77 239 221 205 162 60 206 96 105 253 0 45 12 68 192 150 157
    102 107 200 176 78 179 71 64 206 24 196 152 67 2 72 182 1 203 80 2
    121 53 171 243 42 185 99 29 216 170 32 228 186 22 0 243 16 243 200
    43 173 239 108 168 158 198 249 114 83 24 198 169 154 124 16 17 3 93
    92 137 124 253 220 241 209 87 96 239 174 57 178 154 48 37 55 161 118
    249 91 220 147 183 111 125 75 174 55 133 202 24 172 194 250 2 52 115
    114 183 123 69 181 41 139 147 28 174 124 115 211 249 42 66 70 188 52
    135 237 112 66 18 239 160 179 77 38 153 198 180 167 238 174 168 178
    14 134 111 117 164 76 228 241 38 136 203 234 126 18 133 29 190 193
    10 30 130 68 186 47 9 207 228 206 5 213 127 106 28 36 59 165 30 114
    112 189 161 67 34 168 205 189 208 37 1 132 11 36 233 31 106 117 194
    110 199 85 8 59 57 29 224 214 54 224 83 178 179 244 163 180 212 48 3
    195 145 115 89 237 50 247 249 130 191 106 211 243 30 158 141 20 241
    245 128 119 101 22 99 156 43 116 69 60 67 225 222 12 145 234 192 67
    183 86 105 126 18 210 98 141 137 131 28 90 224 219 204 43 14 38 138
    98 233 51 8 94 22 93 74 182 139 95 128 116 110 169 240 13 133 93 247
    79 243 173 19 178 230 51 98 21 60 33 49 18 16 238 69 24 243 149 95
    37 183 149 15 211 100 120 200 137 110 187 170 53 145 46 213 84 4 148
    15 227 140 218 24 132 137 253 31 10 75 171 27 97 85 49 153 87 163
    165 37 132 191 153 149 184 79 15 115 110 65 199 217 206 106 187 169
    184 201 128 199 113 159 233 33 181 22 14 34 37 154 194 214 21 105 87
    141 31 236 121 87 52 227 195 61 159 193 35 201 106 28 76 153 83 139
    24 221 206 58 235 102 152 123 6 220 156 248 65 40 139 204 120 57 21
    159 16 27 239 150 17 50 2 32 30 137 254 117 153 2 100 248 24 17 252
    174 41 86 59 182 228 188 105 166 122 39 0 113 40 92 171 1 144 50 193
    48 184 20 40 145 147 50 35 180 213 151 222 12 171 0 131 249 134 250
    239 70 166 75 48 252 174 49 200 57 136 117 103 107 16 110 254 24 127
    78 151 92 222 216 193 146 197 211 219 122 68 149 70 83 112 129 90
    159 144 93 232 228 240 121 57 238 193 91 112 232 249 226 96 251 48
    143 60 62 218 65 81 138 54 244 163 116 105 99 67 229 164 10 152 90
    236 153 149 159 72 0 76 239 122 75 140 41 82 1 190 139 236 245 102
    219 81 138 182 15 159 203 79 139 53 43 58 128 220 250 29 2 96 250
    170 5 248 120 46 247 129 171 31 171 74 207 0 11 9 196 88 23 159 165
    41 62 255 186 113 105 180 167 202 98 247 113 81 70 52 193 214 241
    174 247 22 175 95 227 3 39 11 57 63 173 191 232 17 15 78 25 182 122
    194 59 181 15 97 38 237 206 91 120 53 68 38 222 175 230 160 15 70
    195 251 249 218 112 187 13 91 129 6 238 82 58 253 218 51 58 113 44
    136 136 214 20 193 158 190 75 169 211 138 202 155 10 81 177 159 254
    209 204 7 217 190 146 219 84 185 128 138 57 64 75 1 7 140 28 179 130
    101 62 72 12 62 95 140 28 102 185 123 242 214 189 80 221 56 18 95
    209 149 98 39 132 222 105 92 202 254 220 85 66 131 125 142 2 0 43
    171 63 165 89 203 69 219 228 244 130 113 232 164 143 12 114 33 141
    205 106 168 174 82 203 47 93 175 13 11 66 158 149 39 27 179 1 85 128
    46 92 92 208 2 132 5 151 183 254 206 62 209 116 18 10 41 119 60 252
    52 226 76 81 238 249 223 231 206 105 207 12 254 47 145 48 108 52 41
    247 58 125 142 76 207 111 241 8 22 105 217 13 13 184 55 211 43 67
    251 188 103 135 49 137 10 83 231 84 212 15 166 106 128 184 28 250
    117 252 99 175 34 220 221 239 91 9 62 241 52 224 9 200 177 178 210
    24 239 134 223 166 230 244 204 202 68 95 34 229 204 200 147 84 93
    196 210 92 63 190 18 223 119 245 209 41 221 255 186 92 71 54 49 40
    137 177 78 23 152 138 107 231 78 51 206 18 78 166 128 138 197 18 197
    184 11 215 190 106 152 81 127 63 134 70 114 115 45 163 73 28 221 16
    1 197 198 118 97 117 140 5 129 16 238 214 118 249 206 130 85 56 4
    171 135 247 182 3 12 79 238 62 186 229 110 181 213 88 248 238 89 50
    105 68 26 36 55 222 37 80 218 85 245 224 28 48 39 72 171 19 44 202
    216 185 96 182 141 140 218 71 232 224 113 50 206 3 50 97 119 159 9
    212 62 196 148 229 77 119 147 168 140 102 121 111 141 190 82 205 218
    45 184 237 232 23 174 194 198 239 168 118 14 203 213 133 79 98 99
    227 47 164 31 140 128 43 204 129 13 140 45 67 28 109 1 202 247 216
    72 172 217 100 108 87 62 22 180 5 158 127 171 187 62 245 118 36 220
    41 187 141 142 251 255 122 253 37 170 205 40 195 223 189 205 216 125
    129 151 135 84 100 254 170 119 191 228 162 153 71 20 223 197 229 23
    3 90 10 152 152 47 32 23 129 80 129 227 3 240 90 195 241 35 185 161
    226 17 225 247 198 126 38 172 88 239 160 143 83 76 112 166 71 140
    155 169 189 239 49 182 44 35 165 41 190 224 142 117 63 139 162 95
    210 82 179 86 25 151 115 234 225 193 44 151 80 157 114 200 114 223
    152 240 154 122 208 179 46 3 196 234 112 102 147 255 132 84 151 149
    139 108 234 1 108 162 102 170 205 174 65 243 136 185 218 40 237 179
    166 130 160 175 8 153 31 148 83 13 177 20 147 231 33 134 58 137 30
    211 214 216 154 133 125 21 75 147 189 68 144 173 169 251 143 35 216
    235 215 96 109 8 72 181 85 162 206 248 87 225 142 155 196 58 104 2
    77 6 225 83 133 151 130 115 32 29 196 118 220 159 207 21 5 183 61 15
    152 158 145 109 82 137 52 238 16 70 150 68 189 204 228 111 198 165
    34 151 171 102 177 85 69 32 70 114 247 4 76 177 96 241 124 66 220 24
    199 252 229 140 1 93 209 134 6 181 5 159 3 152 112 74 105 0 33 94
    223 32 121 138 165 204 153 186 171 110 8 127 248 165 40 210 30 3 253
    128 67 35 68 130 206 84 222 130 95 61 127 4 54 236 252 2 158 124 224
    98 102 186 189 106 52 174 122 153 151 36 119 22 58 172 203 209 185
    35 158 157 91 49 246 29 15 88 241 70 148 40 58 107 237 47 46 79 93
    106 164 191 15 120 57 163 58 56 52 103 221 182 86 222 225 191 145
    180 75 144 223 114 138 139 23 203 162 214 60 128 223 32 48 16 57 54
    211 217 45 203 241 207 136 226 81 12 24 43 235 110 79 87 180 45 158
    62 207 246 208 145 131 110 69 3 13 132 22 162 235 65 81 36 90 102
    173 85 108 131 184 234 48 24 177 208 103 95 178 250 198 202 148 210
    10 93 15 62 118 12 6 167 244 198 11 180 181 88 105 142 92 115 142 40
    141 102 234 185 2 147 215 228 8 160 12 32 80 216 66 34 170 141 7 11
    230 131 35 8 89 37 177 93 36 76 40 155 109 180 187 156 246 167 99 75
    58 87 95 185 171 11 214 12 92 216 182 129 138 144 230 49 43 67 166
    220 191 247 112 74 207 61 49 110 177 85 244 94 138 200 24 44 69 105
    143 180 32 185 13 110 96 62 24 217 11 27 106 159 207 140 212 100 18
    208 72 236 109 246 131 105 40 210 103 73 150 164 125 226 101 48 167
    135 238 190 187 144 206 12 73 82 53 225 217 185 73 111 112 152 138
    170 157 62 216 177 228 166 172 184 149 54 218 153 110 188 97 223 101
    99 243 9 246 238 106 169 165 182 198 32 204 123 73 143 125 88 187 58
    84 118 63 40 213 35 221 212 35 55 241 37 218 159 198 11 249 158 4
    241 4 214 90 150 138 15 4 117 62 51 238 56 191 226 217 116 191 146
    104 223 242 154 38 193 199 66 160 227 26 202 91 208 53 144 223 107
    14 164 151 74 0 28 107 230 26 119 88 152 164 133 90 136 127 16 79
    172 116 54 242 233 161 62 40 60 40 71 70 46 106 33 113 121 69 214 76
    148 227 183 155 138 185 31 222 90 80 244 225 255 172 41 28 88 255
    100 173 46 90 168 6 25 22 234 198 88 69 76 250 103 195 87 87 206 83
    15 43 188 149 102 32 246 15 239 18 114 40 120 141 18 242 191 116 47
    217 185 85 191 131 7 164 194 70 96 23 132 174 237 29 113 235 236 254
    139 143 34 26 113 255 69 85 23 161 171 212 146 28 90 237 69 128 186
    100 96 194 8 94 225 84 208 70 160 24 133 139 36 49 196 63 254 82 210
    219 122 81 167 166 247 138 59 73 59 77 117 255 233 165 251 199 157
    121 13 165 40 196 30 112 140 13 245 236 113 60 253 103 132 32 219 59
    67 99 117 89 51 227 128 115 166 119 50 3 253 83 25 86 115 205 212
    238 101 90 142 234 189 224 248 52 187 217 152 154 195 9 143 22 248
    36 68 23 19 129 221 177 83 42 206 221 154 95 83 227 144 238 54 173
    180 15 72 20 172 83 39 142 131 157 227 13 217 27 228 197 116 242 140
    17 52 79 182 251 98 23 145 68 205 191 234 110 229 77 72 43 111 122
    220 21 86 120 63 241 174 245 96 250 82 27 143 54 239 179 33 149 33
    153 159 224 150 81 48 182 97 108 44 11 52 170 48 242 71 143 90 149
    84 42 70 208 38 217 156 160 85 184 107 248 107 201 40 173 94 28 183
    179 211 216 43 136 80 244 194 184 165 172 212 191 148 41 216 196 149
    98 247 157 115 158 86 48 253 109 36 98 102 4 24 68 120 53 233 54 52
    159 89 255 118 216 28 101 174 34 126 167 182 159 53 205 139 73 17 1
    189 98 81 66 76 245 232 117 78 60 249 239 159 100 151 155 206 72 169
    83 250 177 87 205 82 87 231 60 164 235 27 140 126 209 162 93 70 166
    63 197 249 122 208 103 199 152 64 232 95 152 63 211 118 198 1 65 153
    76 181 45 211 249 100 54 191 78 206 59 95 58 67 188 231 175 146 249
    242 241 41 66 131 239 197 186 108 8 193 240 54 23 126 117 234 102
    167 73 29 193 219 18 134 42 211 157 176 9 245 44 24 22 173 255 4 168
    206 199 17 24 247 233 150 47 230 215 127 43 48 92 60 67 81 200 0 82
    86 69 161 134 85 7 204 79 67 185 70 173 205 142 70 235 235 69 117
    222 231 55 154 203 174 52 54 249 172 40 191 254 129 82 48 116 10 95
    146 118 41 41 154 192 144 158 2 112 243 233 160 163 20 98 45 6 83
    247 75 236 208 64 7 231 212 17 173 44 60 233 219 79 126 9 224 218
    225 232 222 227 203 86 98 54 140 66 85 8 203 120 65 129 154 225 78
    200 38 204 144 134 241 174 50 16 225 159 110 67 1 94 58 202 59 236
    68 212 248 168 171 0 159 213 235 11 104 75 154 69 168 148 87 189 130
    123 191 220 228 210 215 184 20 145 40 75 181 63 219 102 173 100 160
    28 57 179 131 231 77 131 61 104 155 208 161 164 184 125 56 229 201
    150 192 156 57 26 148 75 87 115 245 125 125 86 228 202 192 175 69 21
    249 141 175 204 93 157 170 31 143 220 228 207 69 10 34 142 28 69 225
    223 104 178 62 136 16 218 34 18 153 45 191 221 209 51 87 26 44 245
    232 207 145 151 72 69 240 38 191 85 224 207 197 157 175 39 100 36
    239 235 81 12 130 173 118 56 218 183 18 245 129 21 69 117 144 138
    105 124 212 15 221 183 158 166 146 105 10 74 87 153 188 247 224 13
    224 232 141 54 122 24 47 95 100 30 59 89 8 13 249 15 211 247 67 59
    86 128 232 13 24 202 88 147 220 218 3 33 58 32 208 82 2 153 225 246
    141 224 199 202 195 249 191 1 203 1 183 114 207 251 126 91 61 148
    133 157 248 12 72 187 27 210 156 55 206 209 161 99 178 140 20 224
    145 195 161 35 182 26 237 100 41 245 238 167 223 29 26 103 252 121
    76 37 25 12 40 145 102 118 144 126 183 206 74 79 93 33 161 168 249
    94 249 128 240 217 68 180 165 214 25 74 66 135 110 60 139 47 185 155
    10 166 109 72 68 79 246 94 131 140 62 158 66 70 27 55 80 11 238 134
    56 114 204 209 237 33 200 32 99 251 180 105 171 25 112 3 165 161 228
    219 58 146 97 164 49 19 222 40 46 236 142 74 218 68 222 5 85 233 65
    153 253 194 106 67 111 65 116 148 150 153 137 165 74 99 164 89 149
    200 141 210 36 231 179 25 18 112 115 33 215 251 51 16 81 24 197 30
    50 165 191 239 234 87 131 175 22 242 51 225 64 169 66 112 238 113 48
    171 24 221 97 114 117 60 60 159 23 188 113 43 229 5 65 218 244 185
    77 33 174 167 163 82 244 97 90 120 55 48 152 114 216 130 213 238 238
    114 56 200 254 128 210 102 157 134 197 252 173 91 30 223 144 108 84
    145 58 149 20 99 112 7 183 74 86 19 171 103 131 210 198 143 14 72
    241 155 8 112 40 61 211 210 23 240 98 38 177 28 208 236 179 235 1
    104 158 172 234 28 56 117 169 209 89 188 197 237 216 217 198 30 141
    120 189 220 99 126 144 69 173 109 240 112 171 99 214 60 202 230 132
    229 189 226 37 19 118 134 62 41 255 83 12 68 144 173 182 72 91 66
    174 244 199 193 95 181 153 236 235 130 111 21 63 123 64 187 6 131
    120 177 240 68 111 77 159 49 42 49 86 100 14 198 213 57 52 126 175
    156 225 115 138 163 218 87 136 2 30 91 137 64 208 222 112 34 42 47
    88 146 151 244 106 62 232 156 214 211 122 234 174 222 137 178 244 8
    179 138 65 122 162 232 238 177 30 128 183 253 42 27 164 35 18 228 72
    48 50 172 9 198 131 161 24 121 237 95 179 168 162 62 219 157 170 162
    62 241 87 147 67 246 185 207 247 52 222 24 88 44 98 1 14 47 193 70
    51 179 135 158 125 99 195 113 53 240 152 46 140 84 58 218 213 35 157
    176 1 80 8 168 192 120 198 26 15 160 164 38 196 243 251 49 45 94 209
    101 63 137 36 231 155 194 189 89 109 43 245 207 51 230 55 142 217
    182 106 4 67 109 49 50 185 166 244 226 167 93 59 234 11 113 183 203
    98 45 186 66 76 210 124 123 145 124 156 185 225 111 183 91 200 239
    202 185 210 31 208 215 79 13 72 227 159 32 174 93 196 214 241 234 90
    17 148 200 250 239 120 113 157 40 142 52 70 142 238 139 101 91 135
    190 157 96 46 167 177 202 145 14 154 176 193 238 227 75 227 238 251
    128 157 183 173 114 116 226 129 109 134 99 102 11 241 165 167 194
    111 177 21 201 167 118 138 45 140 5 99 17 28 197 160 34 144 194 65
    57 137 155 211 45 43 240 166 213 40 90 107 214 246 156 21 163 82 90
    2 123 172 142 88 255 98 211 62 108 159 43 238 114 84 219 68 197 157
    60 161 30 223 161 171 78 246 87 226 109 24 81 175 20 93 237 171 58
    87 50 116 93 90 177 79 122 8 112 120 200 13 245 154 48 60 233 106
    123 173 118 69 223 194 170 220 217 4 69 232 166 43 245 2 7 70 139 92
    10 175 28 128 78 138 3 54 61 19 13 144 34 37 87 183 233 238 209 123
    115 65 184 58 129 15 225 135 129 135 121 89 3 218 168 82 233 143 104
    108 213 196 59 30 104 50 255 124 38 147 95 215 121 157 51 223 30 220
    138 119 199 119 95 114 111 193 241 24 29 73 121 8 171 114 86 106 162
    51 5 126 211 189 39 251 75 65 23 199 196 61 42 114 168 8 213 159 246
    126 184 240 65 11 214 233 16 233 35 143 171 139 57 56 173 208 37 5
    250 184 69 252 55 208 197 139 25 105 106 111 113 3 126 29 133 129 26
    159 243 222 115 75 10 193 212 161 20 87 151 19 193 79 112 181 184 54
    185 48 72 5 159 238 64 138 56 13 17 73 209 78 160 121 111 131 7 227
    49 121 97 28 236 44 227 244 151 121 216 52 16 34 149 63 179 91 36
    179 117 93 151 69 168 121 144 70 70 150 132 148 113 95 242 34 20 165
    52 157 104 162 180 161 193 124 230 123 226 137 141 65 87 191 157 162
    42 119 34 249 187 250 116 176 156 47 36 239 11 52 84 216 249 141 5
    98 143 249 44 244 105 179 130 63 101 164 27 210 124 210 24 112 48
    250 160 178 66 35 142 185 171 19 166 129 154 137 28 125 25 235 242
    118 180 121 225 34 149 36 132 85 180 29 205 235 18 245 184 138 46
    160 22 150 101 146 171 30 193 219 182 252 114 6 93 192 27 14 62 120
    157 189 15 13 151 2 46 207 131 250 159 218 25 81 69 191 156 242 57
    72 183 80 244 200 97 241 212 191 217 96 103 249 238 124 234 127 12
    210 228 237 176 173 41 149 180 107 204 22 66 32 148 99 11 118 156 34
    168 4 8 241 207 74 5 139 209 107 207 84 185 149 10 14 136 84 21 7
    101 160 155 33 211 189 212 214 236 24 60 233 147 134 99 236 232 18
    71 33 97 103 105 21 121 164 60 34 25 161 131 144 122 47 203 138 33
    85 117 106 251 73 55 250 85 251 197 235 101 52 124 234 92 71 154 210
    162 191 165 118 231 188 172 160 92 168 179 203 67 71 147 153 188 44
    85 43 10 39 209 88 116 162 191 207 46 208 251 233 180 1 31 26 51 142
    16 177 97 200 132 209 30 56 64 124 6 78 196 90 121 88 206 241 188
    228 17 148 97 104 231 8 17 150 220 13 45 209 119 71 200 178 22 64
    150 24 140 76 111 211 10 198 62 219 187 198 135 16 109 45 200 11 151
    141 61 181 185 195 190 13 168 177 107 97 111 29 149 249 161 134 254
    142 14 198 166 15 238 32 55 243 66 195 162 139 35 199 245 78 154 144
    161 146 246 217 178 71 46 120 1 121 179 127 97 180 151 152 149 10 99
    120 238 199 153 135 127 154 162 252 242 178 216 80 224 166 52 100
    182 22 29 166 126 22 225 4 89 234 148 118 140 213 19 33 4 27 205 150
    181 1 133 219 14 25 162 88 220 152 86 181 12 7 150 166 4 181 98 146
    90 52 98 241 204 183 46 8 61 249 45 40 26 156 32 207 82 163 0 117
    149 247 55 59 118 225 14 172 35 82 60 127 2 195 148 17 184 84 25 160
    131 238 20 55 92 40 139 116 29 18 25 162 144 150 34 5 14 254 51 190
    231 29 180 163 132 246 227 232 200 178 119 106 211 212 222 19 22 59
    45 34 143 154 76 193 45 158 24 223 30 167 166 124 198 55 220 89 222
    14 198 174 169 4 66 123 92 174 115 223 10 221 28 247 55 229 192 190
    252 94 87 172 42 67 35 190 213 45 207 238 159 102 157 202 252 84 138
    249 97 108 195 12 180 138 102 168 14 129 81 202 76 125 214 97 82 86
    186 254 56 24 183 15 55 48 80 152 192 106 141 42 222 208 193 50 90
    139 61 143 48 147 169 17 111 102 66 136 125 147 166 206 43 42 112
    101 128 208 169 39 179 107 33 234 28 194 119 33 59 194 172 102 197
    180 213 230 23 7 77 97 234 90 65 125 156 193 166 152 181 55 61 178
    185 131 129 68 55 32 94 18 34 245 25 150 206 116 253 59 250 137 82
    60 129 117 71 165 90 95 121 52 224 173 9 68 75 253 160 99 19 31 173
    101 72 48 17 90 219 157 168 46 103 207 221 95 126 213 118 133 132
    174 44 34 219 7 36 241 213 190 122 146 22 112 217 104 155 16 76 162
    182 49 54 101 180 50 131 18 175 38 45 178 103 222 189 138 138 96 141
    8 63 109 91 250 21 181 157 21 2 193 33 176 173 113 105 115 46 167
    115 133 133 11 104 20 62 247 168 55 21 123 66 128 115 101 86 144 181
    152 72 232 115 101 102 158 40 71 200 9 83 170 201 177 63 49 168 74
    223 171 133 200 177 95 246 34 227 84 163 107 186 110 249 75 86 34
    183 69 103 12 69 152 83 253 113 191 40 150 128 226 22 42 149 0 153
    205 40 60 175 216 81 242 82 144 101 51 1 163 240 39 187 222 133 229
    226 5 29 219 86 37 153 9 249 21 16 238 76 227 181 46 80 204 143 160
    39 176 156 214 244 5 138 183 196 133 218 50 102 45 123 251 5 129 200
    162 199 145 210 113 21 50 109 38 230 63 45 212 61 189 87 120 129 90
    95 25 132 55 43 144 29 223 62 250 82 126 173 162 161 131 121 235 75
    193 5 43 115 147 198 5 207 117 204 223 7 116 22 91 76 185 125 108 35
    239 153 109 201 136 79 250 204 85 192 84 228 68 160 96 37 44 50 214
    119 138 36 178 248 14 145 219 188 255 59 72 125 149 108 234 86 48
    220 77 151 97 200 73 9 203 58 247 191 204 147 91 68 8 179 22 207 121
    186 96 239 221 87 124 166 177 223 89 54 11 222 4 7 71 115 120 169
    202 105 144 96 197 229 153 251 19 248 252 24 139 108 121 54 173 62
    40 140 221 119 53 67 122 214 189 108 11 255 141 226 253 11 85 152
    140 246 233 189 242 224 167 197 88 12 68 40 35 22 194 236 166 74 205
    207 73 193 83 150 21 28 126 85 214 147 186 238 172 222 6 127 53 18
    53 242 158 80 86 74 147 162 77 26 216 56 42 191 54 121 75 34 134 218
    124 100 128 246 157 237 75 246 112 105 135 124 137 248 118 156 255
    179 59 121 138 163 107 190 91 156 248 116 36 185 57 17 80 245 35 224
    89 180 169 152 175 203 160 10 96 213 39 213 192 220 0 72 121 61 90
    71 166 219 229 77 217 220 246 17 247 129 253 7 76 49 94 174 89 225
    49 6 223 164 21 222 176 136 125 172 214 91 111 67 103 170 203 67 124
    16 152 97 69 175 146 14 216 1 33 164 247 79 74 239 13 66 197 170 214
    216 125 181 245 154 8 20 209 166 140 70 38 163 221 190 254 202 131
    101 91 32 62 172 233 67 198 65 95 151 95 83 189 1 111 193 205 103 94
    82 216 195 218 152 24 8 80 84 162 95 99 16 124 202 125 220 72 48 160
    70 58 47 118 44 201 241 163 132 227 172 124 248 193 51 55 224 214
    246 160 192 211 100 213 173 128 42 12 67 113 237 250 112 133 92 115
    155 173 27 147 185 234 58 196 33 243 64 253 23 236 247 141 100 190
    58 195 142 111 51 156 249 132 105 191 226 253 74 209 170 238 87 81 4
    137 133 101 121 57 17 130 153 137 31 125 54 111 57 168 147 194 223
    239 177 189 74 212 70 5 114 65 6 63 149 144 185 113 36 239 241 93 34
    48 18 99 225 169 202 10 57 204 13 242 216 5 2 79 81 15 56 121 228
    113 169 243 111 241 81 104 162 214 42 162 190 62 180 13 161 148 81
    91 187 18 147 182 177 176 143 30 227 8 140 103 57 230 103 104 91 85
    135 134 139 7 239 37 120 118 234 240 126 252 73 161 151 96 41 6 28
    199 136 231 59 55 53 22 109 206 122 18 116 68 252 176 224 19 203 194
    157 155 94 180 185 193 103 194 10 108 103 75 206 188 204 243 85 230
    211 2 238 146 175 1 173 193 253 177 244 248 4 89 118 251 29 183 114
    80 199 71 71 157 133 207 134 117 30 137 195 59 218 167 3 52 151 21
    168 42 135 168 131 117 14 47 231 235 171 228 160 52 108 110 142 25
    179 249 224 19 231 72 47 187 249 11 42 101 103 234 16 22 28 197 193
    64 223 96 21 46 102 197 248 46 235 70 216 154 205 70 65 249 214 230
    136 149 113 186 252 216 148 161 201 32 138 26 51 55 58 218 3 67 232
    32 88 53 88 84 63 68 164 232 121 93 26 194 68 46 141 225 202 180 93
    103 183 203 1 79 87 25 31 150 193 239 9 181 209 76 45 116 233 70 119
    29 157 134 20 227 148 209 17 36 23 136 94 28 69 103 245 146 197 81 3
    2 252 127 189 226 167 42 221 196 220 247 26 91 129 194 242 218 9 43
    203 156 57 140 28 213 147 41 106 175 14 229 14 90 208 163 181 223
    135 144 246 34 55 53 174 233 93 221 210 1 118 60 85 18 168 184 132
    224 51 75 183 91 102 211 130 58 109 250 230 15 226 40 110 99 108 177
    38 139 102 8 31 16 56 182 127 9 51 212 222 233 158 21 135 248 13 184
    78 55 216 157 115 110 130 166 88 84 44 33 244 232 120 19 252 157 6
    89 206 147 64 29 42 228 180 99 9 245 0 204 121 250 178 188 67 4 117
    55 80 47 177 22 130 224 174 194 75 79 166 129 198 183 103 73 163 246
    145 129 82 82 96 99 46 105 108 81 178 208 152 237 6 44 112 123 239
    232 72 191 88 193 113 253 9 148 92 114 179 55 217 96 110 102 249 84
    46 243 86 231 70 239 40 100 54 238 176 80 187 164 114 227 212 33 115
    56 18 175 79 74 166 79 252 115 113 230 145 204 137 216 24 8 164 110
    204 180 108 209 251 64 168 193 185 196 141 146 129 44 239 233 51 64
    106 27 120 218 96 64 163 168 98 22 192 99 156 173 206 67 164 228 84
    205 175 92 217 63 169 96 131 171 149 130 4 65 37 118 169 105 54 100
    118 211 36 32 33 107 110 58 164 148 8 112 247 169 214 94 25 54 138
    64 38 223 0 37 88 10 99 230 240 115 104 60 230 84 99 168 96 104 228
    236 149 31 51 232 202 199 152 218 230 240 27 91 179 124 212 73 125
    184 236 126 138 172 242 70 121 219 62 63 11 6 232 70 251 10 112 225
    48 211 38 67 77 44 156 246 33 191 76 199 11 149 44 103 148 197 89 92
    14 176 98 182 197 31 240 134 24 48 2 124 3 49 113 73 57 230 93 20
    250 223 241 66 200 111 86 137 54 154 189 77 205 165 130 36 35 174 14
    164 67 241 238 251 100 45 54 37 230 76 149 103 176 165 65 169 47 209
    101 170 251 217 145 174 110 104 0 171 229 34 193 194 94 168 55 96 90
    64 70 132 139 15 21 185 59 43 79 91 38 188 206 173 44 89 187 50 27
    207 44 169 44 150 174 64 212 45 198 67 192 235 91 47 227 57 187 171
    49 210 124 113 129 14 192 140 73 121 232 188 158 223 111 97 246 209
    234 224 119 214 100 242 217 145 68 96 213 81 137 78 187 212 199 4
    194 25 64 69 176 204 215 201 100 77 13 121 100 186 201 142 252 207
    244 202 75 91 121 115 46 252 79 85 199 203 241 82 195 134 243 255
    158 115 12 143 172 232 71 227 33 22 213 28 81 144 102 206 50 135 181
    209 217 20 212 225 64 131 27 251 65 63 146 154 155 111 172 20 32 64
    238 178 205 11 7 252 251 216 204 190 121 197 19 46 40 50 240 251 142
    253 77 255 182 227 90 12 181 11 249 242 208 143 199 18 193 122 54
    184 60 104 78 131 239 169 197 236 104 136 149 137 238 168 201 106
    120 144 49 208 71 217 227 129 120 130 73 58 128 100 208 141 8 18 7
    21 210 202 188 71 140 48 225 61 42 177 150 88 7 163 189 65 66 254 20
    36 157 113 35 73 146 108 242 192 200 37 79 184 75 113 6 150 80 189
    63 150 129 184 222 44 64 11 127 211 104 15 147 84 12 67 99 132 78
    170 197 0 165 193 39 114 95 13 203 85 64 10 46 161 157 25 181 242
    191 57 234 133 189 167 215 248 198 180 169 255 146 41 146 219 128
    202 162 188 48 95 23 253 22 177 117 144 189 187 235 1 202 52 104 20
    133 5 15 200 223 166 61 231 38 216 209 186 198 30 96 84 12 81 139
    143 148 208 142 95 29 227 219 53 79 25 56 124 13 228 165 130 227 9
    84 113 41 58 169 194 180 153 22 130 84 192 98 194 18 26 14 251 134
    198 143 217 22 102 209 183 187 165 11 107 217 40 209 82 79 77 44 204
    43 179 96 250 118 25 163 178 215 76 13 148 80 97 95 203 29 72 157
    214 142 201 97 209 36 75 211 248 187 110 54 151 92 241 65 78 195 45
    48 167 240 116 116 160 62 115 245 54 113 6 2 25 185 86 172 5 164 21
    12 134 6 160 179 33 8 120 93 123 148 35 184 97 202 183 0 160 122 224
    146 208 227 66 186 251 42 84 67 5 170 76 158 152 200 67 197 192 20
    34 34 211 145 229 93 240 194 98 222 118 18 92 181 203 23 109 99 163
    136 73 69 187 172 61 13 147 116 106 75 96 109 65 66 14 51 156 23 61
    50 138 180 106 183 187 10 170 188 107 133 172 158 105 8 158 30 50 90
    34 179 214 136 55 8 126 188 117 118 84 236 119 163 175 26 159 190
    136 94 30 177 16 158 15 102 51 163 109 24 114 127 234 78 252 82 48
    169 139 103 133 36 43 129 134 203 242 243 51 140 108 207 72 207 145
    233 151 116 183 14 243 8 233 96 72 176 162 145 82 122 56 26 91 39
    234 244 24 239 47 15 112 25 189 37 172 128 131 107 127 19 210 124
    145 227 65 90 138 97 77 243 250 90 58 118 109 112 235 174 126 89 37
    151 114 157 178 24 209 215 124 203 51 103 184 230 130 20 253 229 177
    215 138 182 10 254 106 62 34 126 229 181 232 45 163 17 26 223 155
    135 120 55 222 187 163 38 42 176 120 85 225 78 165 50 55 44 55 156
    214 173 230 202 52 173 98 209 179 149 99 27 19 130 224 158 222 174
    78 140 101 131 101 155 254 39 177 9 80 155 149 97 55 6 254 108 45
    155 125 172 117 137 174 129 138 1 9 99 173 158 169 232 199 88 153
    179 62 90 233 211 165 134 110 120 71 153 124 58 1 86 102 109 209 238
    55 52 253 96 15 83 52 190 1 90 232 0 247 175 146 186 95 181 113 154
    116 31 226 96 248 123 79 238 73 203 6 44 180 45 240 254 171 224 11
    161 176 179 165 203 192 118 113 93 35 214 21 134 123 244 227 163 127
    120 190 98 78 59 56 210 218 114 20 125 10 176 3 196 1 84 216 249 119
    198 66 205 236 51 236 232 83 206 109 159 200 166 95 193 100 181 13
    241 211 76 207 246 152 144 124 8 221 92 134 69 166 221 198 167 104
    59 193 20 162 187 207 138 118 79 171 242 51 89 17 31 3 64 11 51 210
    40 15 31 187 87 142 192 152 30 160 110 115 140 55 192 85 119 15 97
    106 240 16 54 26 102 215 225 0 215 185 163 74 252 103 7 64 11 155
    229 92 194 86 185 121 56 216 157 17 240 201 153 166 127 249 62 62
    227 23 193 216 37 35 1 41 246 104 238 90 205 124 52 12 138 160 240
    108 238 129 71 141 46 50 64 31 236 0 60 126 184 58 21 27 175 213 58
    114 108 75 67 111 229 253 36 253 157 55 225 240 33 103 107 62 200
    156 200 59 77 248 54 124 99 159 23 9 254 132 96 23 169 142 134 16 60
    56 175 152 13 216 97 192 44 4 162 177 134 153 83 249 222 192 221 85
    110 27 168 148 238 177 130 116 192 166 163 1 28 57 28 212 138 0 171
    98 184 63 137 155 247 187 246 116 83 85 240 28 78 106 59 235 11 78
    176 255 9 27 226 235 67 164 114 254 181 197 58 127 218 199 9 169 187
    140 177 60 183 36 76 118 168 59 16 157 162 90 195 74 225 205 218 77
    151 208 8 147 79 201 170 15 54 92 139 73 56 208 149 212 67 1 121 2
    113 186 217 233 95 209 207 177 96 190 59 193 131 233 1 45 1 129 255
    153 35 108 194 181 203 104 92 99 218 242 88 192 55 234 99 61 183 54
    137 175 98 230 21 230 130 73 73 193 170 84 102 202 170 231 1 188 37
    10 197 139 19 26 10 182 34 219 176 94 128 145 139 165 113 245 10 155
    194 123 175 202 7 221 205 194 195 134 201 41 196 86 225 95 248 194
    28 70 74 143 135 116 248 111 232 48 241 116 105 11 2 13 20 169 187
    68 95 138 64 74 71 245 15 52 110 242 243 160 250 91 214 11 236 114
    139 202 167 88 114 202 135 73 66 126 158 250 143 53 144 94 220 252
    144 31 142 18 74 3 102 233 159 5 118 34 204 82 62 73 203 253 18 24
    208 237 222 172 249 21 53 20 217 234 123 153 165 133 168 1 212 19
    181 140 221 108 133 200 214 249 36 217 59 108 44 86 113 161 173 40
    137 96 150 66 55 7 94 98 111 183 145 131 133 137 85 137 168 139 214
    160 247 74 232 227 246 28 209 18 146 186 233 231 128 252 116 222 250
    53 155 242 58 51 46 208 156 220 37 182 161 63 15 246 202 134 116 211
    122 20 255 28 212 56 245 205 28 126 216 88 44 79 214 33 138 213 248
    164 235 178 18 10 27 198 186 239 225 201 81 138 105 49 27 151 80 4
    36 210 36 221 74 69 191 123 20 192 236 96 218 43 115 116 90 94 24
    111 100 229 130 156 73 191 41 123 214 66 87 87 151 78 90 98 233 159
    198 183 130 48 80 111 248 22 24 238 122 12 204 240 14 245 179 121 2
    72 191 32 217 13 212 94 250 222 203 117 13 76 172 220 66 170 145 1 7
    186 195 16 171 121 212 233 139 164 176 246 11 234 124 251 189 153 80
    81 38 96 252 57 183 170 62 165 213 72 187 51 13 215 35 87 43 171 237
    249 138 156 143 200 99 155 119 135 115 35 157 115 222 68 131 237 105
    101 129 125 2 139 110 132 184 161 69 139 74 90 246 234 146 21 206
    225 178 34 43 39 237 190 223 10 164 152 225 173 162 212 190 131 252
    141 42 222 195 124 87 179 150 132 23 74 163 88 4 156 67 160 104 198
    233 2 216 37 221 179 77 51 65 31 173 141 192 85 152 86 49 100 191
    238 249 224 64 203 64 155 84 132 11 254 48 221 216 231 47 67 44 209
    45 75 26 59 169 2 3 93 196 144 12 101 245 101 231 168 255 235 191
    230 5 210 77 251 81 50 64 80 255 230 151 195 141 178 214 144 86 22
    206 245 51 251 77 168 113 11 26 227 17 93 117 221 4 172 251 68 224
    203 22 17 4 122 192 234 225 160 66 146 45 226 212 237 151 255 175
    108 104 127 129 99 7 155 81 123 16 218 90 175 153 75 102 157 108 141
    237 49 134 92 46 215 3 237 251 26 104 156 230 134 27 16 65 203 131
    224 58 187 93 201 117 2 14 58 235 0 143 101 120 220 17 95 15 179 248
    130 87 163 215 63 188 97 1 220 88 58 6 140 146 31 206 81 238 101 249
    164 65 245 14 217 123 43 103 54 13 128 153 179 17 114 120 176 248 51
    41 177 26 80 221 143 10 247 208 198 28 137 170 154 193 43 127 74 73
    228 97 233 161 73 80 39 210 193 139 142 128 75 55 230 77 34 22 127
    210 175 82 110 12 253 35 121 211 241 50 247 26 231 231 187 116 164
    138 4 46 119 198 89 253 224 144 42 233 30 252 125 46 52 107 232 134
    67 219 106 21 220 8 71 137 150 62 28 56 8 66 87 89 154 237 82 114 5
    125 168 136 2 118 5 138 134 113 220 255 75 184 84 132 36 28 38 233
    252 219 141 37 175 177 183 120 99 87 95 39 232 138 241 70 106 65 109
    67 152 27 114 240 71 101 235 208 155 125 255 206 236 157 74 191 219
    49 203 153 233 73 156 188 231 234 41 76 14 157 57 125 228 3 74 172
    173 36 240 168 101 178 53 189 238 126 195 138 136 221 197 137 18 254
    109 177 78 174 148 243 227 117 119 36 141 188 82 118 56 166 53 192
    251 152 229 219 100 155 73 233 174 156 208 134 179 122 200 241 69
    125 16 22 112 168 135 211 83 84 101 194 162 47 30 189 41 206 249 116
    87 250 246 87 217 98 77 71 206 209 243 150 111 123 127 166 252 82
    105 72 53 107 173 188 101 165 126 111 121 60 186 151 65 115 142 120
    167 159 67 180 223 170 98 184 193 14 158 31 176 115 45 168 76 135
    124 60 74 89 249 19 2 184 34 25 171 118 96 180 52 159 29 78 131 112
    111 190 219 23 218 108 166 187 78 87 97 193 12 67 186 244 208 112
    174 114 152 225 241 32 134 250 77 7 13 22 218 7 56 61 84 177 65 67
    92 217 45 71 145 92 181 97 13 187 150 120 157 56 44 255 21 206 49
    141 68 49 65 205 46 110 64 195 249 17 124 255 219 193 105 87 87 183
    189 36 11 231 124 136 241 41 144 73 199 161 131 238 87 38 3 24 202
    183 166 198 25 75 149 61 231 75 169 151 87 44 136 22 68 239 241 78
    215 35 144 124 68 119 244 1 10 111 50 80 217 131 68 168 123 200 213
    9 126 111 82 48 142 158 225 77 137 238 238 14 155 38 209 178 182 156
    185 148 40 101 11 37 152 14 161 15 18 144 67 224 133 123 240 214 38
    61 93 124 123 69 18 151 26 102 115 177 68 38 227 113 158 133 123 65
    52 146 209 179 52 178 5 172 206 157 78 213 162 240 154 200 18 6 211
    183 142 247 140 122 122 135 113 123 176 96 176 183 208 98 76 37 67
    165 130 130 146 153 171 86 113 86 148 120 242 197 19 37 89 224 205
    179 114 132 168 53 4 57 55 250 177 79 57 61 138 3 65 149 98 47 61
    195 255 175 144 115 116 26 203 140 88 172 198 93 132 97 152 176 73
    138 21 14 36 250 135 76 31 12 144 15 155 35 40 158 68 187 146 173 54
    168 64 21 201 147 46 51 241 102 11 46 216 3 50 52 200 32 63 192 9 0
    250 239 4 61 107 130 142 137 122 93 129 119 101 242 157 104 146 112
    166 29 222 197 105 15 40 41 9 96 61 92 16 59 169 216 114 202 213 74
    35 149 203 173 13 0 207 104 82 72 214 104 190 4 39 152 198 52 199
    168 203 26 118 1 96 82 153 158 86 30 227 195 63 62 144 220 134 81 42
    125 93 90 10 247 114 123 156 117 29 27 119 220 187 252 82 226 44 41
    201 30 137 14 20 156 167 11 249 67 236 28 175 52 24 125 4 199 110
    218 139 190 148 178 254 152 133 223 52 132 16 201 152 10 82 255 220
    250 174 81 211 146 147 175 237 17 174 198 188 201 80 191 105 104 25
    61 110 81 187 89 86 118 32 199 14 144 53 27 54 203 87 139 95 114 176
    209 21 194 159 33 42 142 205 254 251 226 242 62 176 39 31 94 228 126
    235 58 111 157 166 212 2 205 215 60 221 215 105 6 226 4 0 161 121
    182 185 117 191 205 184 38 123 245 242 22 149 197 61 145 76 99 190
    157 196 18 98 102 187 6 74 4 59 240 203 254 179 249 139 28 122 161
    41 17 40 40 199 205 224 157 203 192 69 173 173 231 85 113 186 109
    140 233 176 127 152 12 22 235 31 70 246 138 201 75 85 216 38 173 219
    84 150 167 172 130 125 96 193 191 70 185 88 155 251 30 74 131 57 177
    73 41 70 71 193 112 135 119 96 168 129 8 142 129 182 92 220 175 108
    173 225 180 76 143 254 78 125 102 119 26 233 129 169 210 2 103 221
    145 36 43 66 103 29 53 147 170 40 245 142 37 60 227 164 122 141 222
    128 190 170 82 186 26 167 251 208 217 204 135 127 35 116 148 235 146
    52 254 148 226 168 162 100 245 37 195 229 35 185 46 130 13 181 214
    125 185 152 215 150 36 197 19 252 56 0 166 195 159 254 202 24 248
    176 63 231 230 155 255 142 143 254 30 125 215 69 131 151 9 225 96
    160 238 244 242 102 48 43 77 108 197 26 92 151 108 205 115 95 96 126
    81 67 46 225 61 155 82 51 25 58 162 25 141 171 185 114 161 187 38 49
    142 221 241 121 220 66 188 145 236 48 154 137 179 163 87 56 145 15
    55 78 157 136 125 220 5 194 55 43 188 183 64 173 190 152 193 76 94 9
    101 44 251 68 34 119 235 161 213 52 135 230 81 162 37 64 206 185 184
    88 95 67 248 110 126 74 42 74 55 158 19 17 106 200 103 192 216 13 52
    185 144 64 31 192 127 126 56 174 134 230 174 138 21 177 230 65 214
    207 36 60 45 173 97 75 109 184 46 40 57 165 17 231 238 180 147 225
    23 106 97 229 203 251 60 224 107 129 37 213 221 8 75 47 179 235 111
    242 87 212 110 87 17 100 243 186 120 127 44 218 217 117 218 14 82
    166 19 28 225 132 171 30 156 48 175 77 229 250 197 252 51 79 114 81
    143 50 195 61 244 45 89 46 113 139 49 55 207 3 157 70 183 220 17 40
    204 251 143 86 175 243 14 206 175 28 212 168 77 77 67 254 79 21 48
    55 231 137 31 125 218 246 236 2 71 123 179 41 92 142 254 42 82 86 19
    112 100 84 2 179 165 115 4 246 6 232 22 80 138 156 170 212 201 128
    211 204 194 178 193 2 162 157 15 184 60 34 28 248 25 62 151 209 13
    200 171 29 249 64 132 53 72 151 87 142 1 32 138 157 55 188 12 244 23
    112 150 167 200 9 139 131 66 245 241 178 41 94 25 90 248 60 5 230 1
    44 47 155 97 34 41 249 16 250 65 168 114 127 213 17 9 164 215 178 65
    33 94 136 180 158 245 142 43 195 128 132 45 152 183 50 199 228 149
    134 255 78 123 127 139 59 161 165 159 25 39 157 166 177 45 57 186
    236 186 7 187 153 17 64 160 81 167 83 75 250 154 77 139 149 108 136
    16 242 136 18 255 156 48 69 85 0 87 61 36 28 138 186 222 125 158 186
    22 192 99 83 255 193 143 31 219 120 65 234 19 126 203 124 143 179
    138 227 20 89 16 184 228 235 168 171 111 204 107 167 214 14 12 184
    180 56 57 115 147 19 239 167 85 147 209 172 22 208 237 8 6 116 194
    125 204 113 153 130 223 217 39 140 61 188 85 7 122 64 17 100 15 146
    190 169 1 255 167 46 26 254 6 40 114 71 46 42 210 143 78 183 31 27
    69 136 201 138 146 114 218 214 0 137 90 7 223 43 221 211 142 122 157
    169 112 107 240 12 122 16 251 15 5 239 191 1 32 114 168 4 182 51 73
    106 236 188 41 132 114 224 213 210 223 2 94 30 88 191 28 20 27 25 57
    91 70 64 22 14 102 123 105 33 45 79 154 84 47 244 30 47 62 38 63 193
    210 31 53 159 141 122 116 195 0 51 7 9 1 58 138 109 182 220 212 2
    178 8 174 120 63 22 182 154 102 181 62 108 51 60 186 132 8 160 18
    214 207 159 74 51 133 87 63 136 56 216 201 100 69 51 103 248 210 45
    147 116 94 123 7 32 98 157 45 2 147 57 210 131 70 211 195 7 62 158
    104 86 74 201 17 222 92 57 138 26 226 8 145 146 174 56 116 9 204 75
    104 97 35 200 193 115 37 130 9 253 204 199 14 223 71 143 107 46 67
    154 98 75 217 160 2 31 89 99 207 80 241 133 126 36 245 88 105 23 149
    211 50 7 251 188 45 112 17 120 158 194 100 89 150 83 131 222 198 4
    14 179 28 19 229 62 113 125 220 140 162 22 236 88 155 2 112 208 123
    197 193 151 136 102 85 104 5 228 157 168 231 103 192 255 1 25 14 99
    253 20 121 105 230 215 41 148 235 202 1 80 243 6 13 249 118 202 148
    47 230 211 167 122 37 37 62 213 121 182 214 207 128 236 131 21 5 52
    168 216 24 24 200 60 139 208 34 193 135 202 39 55 150 170 98 229 48
    224 56 158 39 179 43 183 234 90 4 134 80 187 137 172 30 168 118 27
    71 81 88 12 119 97 252 133 229 112 206 37 79 163 1 114 226 71 82 243
    138 5 47 98 105 138 228 253 6 224 128 115 201 85 89 65 71 135 34 94
    37 119 129 89 105 184 133 21 3 100 44 254 255 239 4 178 26 237 59
    235 153 45 15 147 108 63 253 241 5 92 154 45 148 199 129 225 142 219
    228 168 17 13 120 140 5 156 180 60 190 27 214 252 127 142 183 203 87
    179 181 255 109 233 104 113 163 155 40 2 50 212 220 21 173 216 238
    40 134 134 57 163 193 151 240 177 41 181 220 236 169 16 82 148 13
    119 237 62 58 231 87 190 97 22 38 194 15 172 151 130 192 125 108 93
    8 110 193 11 250 159 171 113 130 57 126 105 68 237 99 116 62 247 176
    218 228 65 166 83 148 84 39 123 228 79 200 134 42 227 64 187 121 138
    107 130 52 109 28 176 25 217 155 157 229 74 249 188 150 124 228 168
    223 42 69 165 249 19 240 108 56 0 165 219 195 54 243 26 105 199 168
    82 111 174 174 100 7 182 192 65 50 248 70 13 40 0 210 186 154 131
    251 88 31 100 199 5 6 150 108 87 136 197 86 41 49 38 6 221 158 188
    39 9 49 39 181 10 246 61 43 159 76 178 146 138 54 168 187 63 140 224
    11 75 67 124 142 166 26 218 225 96 229 216 19 158 75 208 244 111 22
    130 220 143 52 121 230 164 249 20 45 81 168 54 14 156 97 224 192 25
    156 175 129 95 228 105 87 82 228 150 22 81 219 34 49 57 169 3 237 70
    150 66 185 67 44 199 173 65 4 9 80 170 71 130 73 242 23 64 225 96
    238 153 49 221 76 64 251 161 222 184 224 198 117 148 250 215 231 252
    216 248 16 112 144 120 76 99 58 150 184 11 76 247 222 95 118 197 105
    127 35 21 128 38 251 95 88 160 178 109 172 92 183 111 115 87 180 30
    157 46 127 74 28 216 103 198 94 236 194 127 87 79 141 90 199 53 129
    121 113 95 160 18 81 175 206 41 76 37 222 62 216 108 88 83 143 141
    170 185 8 33 107 228 63 148 248 238 49 126 11 216 39 220 10 80 47 79
    169 26 192 155 107 214 48 244 137 107 49 112 143 244 6 154 84 130
    213 216 127 115 198 17 166 38 240 182 22 91 106 104 44 2 49 161 135
    252 213 205 204 117 140 84 230 193 216 3 97 134 10 211 117 178 250
    93 252 170 63 174 199 67 194 252 126 109 190 30 45 200 228 206 150
    79 60 135 31 250 172 73 121 171 64 222 26 78 15 99 7 201 184 9 7 234
    189 119 65 68 18 136 80 110 56 153 98 162 128 248 219 216 132 238
    168 78 236 39 157 203 73 244 238 121 249 110 55 199 91 78 153 53 198
    71 222 146 27 41 36 96 27 191 95 145 248 189 132 65 160 19 167 113
    76 117 6 33 17 248 134 181 169 178 105 237 91 8 215 133 126 178 63
    127 183 38 79 25 248 126 126 227 118 207 157 101 192 155 9 58 161 95
    101 178 253 172 215 228 124 249 147 175 9 76 176 120 98 70 196 252
    144 81 9 126 230 153 116 14 14 49 228 209 236 221 88 34 25 247 231
    189 31 234 19 72 36 223 25 226 255 198 14 230 247 110 138 143 17 34
    50 154 195 141 130 206 156 177 111 238 114 223 177 31 63 14 161 90
    246 20 10 123 27 106 236 132 113 209 57 90 207 209 245 101 30 153 44
    141 93 247 53 228 142 201 141 73 192 146 186 187 27 141 157 224 194
    45 105 75 242 13 92 171 215 177 171 114 219 178 143 146 116 102 223
    230 220 91 4 142 36 64 183 214 105 208 137 115 103 111 8 161 137 76
    204 47 166 3 115 9 102 22 27 189 122 20 252 56 74 11 43 167 207 94
    132 219 73 216 225 66 51 68 76 186 249 187 194 54 163 165 59 161 147
    182 153 61 66 175 34 204 27 136 27 176 88 231 78 243 50 88 250 221
    157 118 33 140 15 213 17 138 241 60 171 200 158 10 116 12 252 22 29
    204 129 217 29 13 110 26 245 82 109 188 149 36 70 127 252 156 70 40
    201 12 231 30 228 155 125 147 27 190 68 177 11 18 223 1 24 114 76 27
    10 77 212 246 74 177 4 126 66 83 79 253 60 134 189 121 133 3 184 42
    250 80 85 0 253 174 152 72 116 104 56 10 182 211 138 145 34 212 254
    210 228 245 125 123 192 226 185 184 123 181 243 94 174 120 26 121 81
    155 153 150 112 5 111 111 231 158 10 178 185 174 197 94 168 189 119
    10 36 89 68 127 167 254 38 65 239 64 131 142 213 222 59 21 169 131
    32 180 107 193 93 207 105 8 119 75 198 26 212 141 95 157 139 64 183
    122 57 207 238 203 83 12 126 255 167 107 223 239 83 40 54 3 81 129
    190 78 205 162 127 13 161 175 192 215 162 28 40 47 91 218 185 39 105
    65 211 126 189 10 233 157 205 144 192 129 218 202 24 93 97 231 226
    210 107 158 125 63 193 152 0 128 124 4 41 8 126 102 250 228 132 124
    86 24 167 46 15 200 217 54 85 10 206 77 241 212 38 208 58 98 159 85
    164 84 59 69 93 249 90 250 3 83 2 175 238 133 180 4 255 218 31 46
    244 54 64 16 94 201 136 138 255 114 27 253 74 235 162 91 248 17 2 34
    44 32 236 37 203 178 120 119 224 159 150 36 225 96 176 121 228 197
    52 233 61 230 179 141 76 115 56 190 27 66 232 203 59 207 189 237 99
    102 206 157 79 7 144 252 30 220 235 125 104 67 162 81 16 133 27 193
    112 202 161 189 194 177 109 6 223 167 168 18 102 167 158 81 85 253
    32 159 27 172 82 248 38 134 189 200 160 130 111 230 130 72 232 7 55
    48 144 202 157 34 123 217 176 231 66 126 217 63 107 37 61 125 184 88
    27 165 239 221 26 149 227 119 204 252 41 106 205 235 220 172 79 115
    55 54 195 223 211 31 242 74 95 91 173 165 31 108 41 80 124 44 184
    106 203 170 165 196 162 4 247 214 161 2 0 191 187 227 23 229 191 131
    60 28 150 224 120 211 78 101 222 177 44 149 32 63 103 84 69 19 250
    82 233 90 12 219 105 118 113 189 244 111 122 247 116 142 212 168 220
    79 236 41 57 234 248 112 247 127 251 176 131 160 165 95 114 100 103
    221 182 36 176 38 132 204 144 208 9 65 191 126 204 239 21 109 19 235
    179 220 165 202 100 222 213 170 237 54 122 192 108 72 0 138 248 165
    62 173 78 213 123 156 69 21 133 182 89 57 38 68 114 198 144 119 200
    189 137 48 241 156 239 17 241 200 109 163 91 157 178 211 117 40 180
    215 221 70 195 50 157 43 151 217 122 41 162 250 101 31 102 184 255
    111 7 55 217 147 43 81 24 134 164 213 74 213 230 134 239 58 226 133
    245 191 66 67 34 142 246 135 188 4 48 212 79 103 209 169 148 164 85
    95 24 146 22 93 85 143 187 237 106 98 241 201 31 102 27 11 21 210 4
    245 202 158 94 133 98 168 105 126 138 41 177 173 107 165 135 175 55
    121 8 86 176 223 244 105 172 79 207 181 171 21 252 231 55 211 156 57
    237 42 77 9 194 132 206 148 192 68 43 82 128 216 211 108 10 56 46
    196 92 58 120 109 39 53 37 0 0 188 194 171 180 108 115 72 135 8 103
    62 4 76 205 111 234 199 233 147 142 221 113 126 248 170 129 158 66
    51 212 35 112 99 15 157 29 163 92 49 3 98 35 149 7 244 227 184 160
    113 158 198 71 236 203 177 174 91 106 124 169 113 215 201 185 162
    155 92 113 150 67 213 46 71 110 79 173 217 245 162 149 231 97 231 61
    47 19 218 86 146 103 136 54 142 69 136 34 140 70 12 239 190 117 179
    51 68 40 28 93 227 133 138 129 211 88 87 214 38 86 78 232 243 191
    147 49 26 225 18 153 130 65 67 13 3 6 100 42 67 213 212 197 116 162
    97 149 10 95 6 178 150 38 82 15 95 196 173 217 60 201 246 29 142 76
    80 20 210 101 190 92 252 1 49 211 55 241 161 42 214 117 240 187 98
    204 247 205 221 92 21 210 75 37 221 49 109 44 61 25 26 120 191 91
    223 65 204 119 172 3 77 66 37 50 237 90 155 74 14 183 46 39 186 137
    104 125 65 68 29 142 52 32 37 28 86 232 130 75 149 68 107 43 83 208
    154 175 224 230 35 145 153 25 25 9 160 226 70 33 191 75 155 132 82
    187 161 8 26 78 135 235 159 235 65 247 73 22 56 15 254 46 139 108 52
    42 224 191 204 119 33 91 64 61 231 85 12 33 215 50 242 54 112 67 20
    186 124 46 183 104 38 121 23 51 28 208 169 24 0 89 140 42 240 22 209
    238 151 52 92 126 247 34 175 184 44 127 174 78 36 96 234 44 253 51
    126 57 19 11 218 27 104 70 58 194 57 24 27 78 234 136 204 113 126
    109 67 56 235 82 86 182 156 94 212 199 52 204 22 8 66 76 111 132 36
    151 236 242 231 111 249 141 165 12 111 63 42 25 130 234 194 130 169
    151 178 58 86 123 4 229 240 158 244 144 143 17 42 190 214 218 48 25
    75 37 155 195 178 6 94 145 239 211 191 221 51 201 59 21 77 82 186
    181 217 42 165 20 93 22 166 33 199 244 10 56 84 191 176 146 201 114
    233 192 114 194 56 86 188 153 137 86 10 11 180 224 169 6 174 34 137
    171 220 220 12 219 76 7 101 168 214 95 227 229 112 17 231 113 28 47
    66 120 235 183 37 113 161 244 11 97 132 95 105 3 161 99 165 161 18
    20 235 197 116 253 31 161 101 127 188 41 176 235 186 84 211 53 59 65
    88 194 55 107 99 34 63 19 87 49 25 241 177 127 35 168 47 138 152 17
    128 251 253 137 185 87 29 146 193 46 105 98 69 17 96 140 242 158 215
    25 34 158 145 122 94 155 68 13 30 214 192 207 179 182 149 126 63 156
    3 255 68 216 209 81 145 98 219 104 120 120 182 248 186 154 237 146
    24 83 18 213 37 22 60 170 226 174 162 252 237 150 174 102 115 179
    126 56 101 10 56 41 211 49 217 229 12 10 166 203 27 90 54 34 112 60
    24 117 71 204 14 115 150 232 152 182 232 234 103 64 167 60 16 244
    148 145 164 195 244 20 210 104 192 11 19 156 13 46 47 192 245 235 50
    69 37 65 229 136 85 81 91 36 207 8 176 156 106 220 122 8 157 238 16
    94 45 40 204 17 121 170 205 123 198 162 254 155 99 210 172 231 145
    206 190 39 163 237 173 133 208 0 89 5 219 15 156 213 80 219 78 198
    135 148 184 133 220 128 44 176 163 8 98 111 79 27 31 246 171 42 58
    81 2 223 133 193 39 242 186 116 96 37 53 246 128 151 89 207 137 221
    86 246 98 196 217 60 31 183 114 202 151 43 239 152 217 90 173 61 187
    7 156 154 214 211 233 171 15 120 165 43 219 147 74 108 120 146 79
    199 43 48 75 67 67 242 107 248 209 223 165 58 135 166 93 237 155 236
    38 121 65 174 87 17 52 166 74 229 32 214 205 42 86 212 17 214 2 142
    123 252 251 152 210 86 118 64 254 151 58 170 23 196 21 5 107 119 106
    204 119 99 154 56 158 168 1 115 108 68 11 232 119 133 0 82 122 154
    239 104 234 5 164 69 90 210 9 177 141 41 105 238 49 128 141 120 72
    221 89 89 118 106 180 231 168 248 230 171 188 212 54 219 147 84 95
    229 33 140 46 224 107 97 142 20 30 201 245 87 138 122 177 30 189 9
    148 2 165 0 211 244 78 226 152 44 80 8 24 12 61 105 22 123 7 250 79
    131 91 169 229 213 64 204 49 128 213 44 26 87 10 27 23 99 246 216 72
    122 211 134 96 7 169 182 106 170 210 211 140 159 88 15 90 231 5 144
    211 126 186 22 137 238 234 43 231 151 45 19 233 186 245 181 229 82
    209 236 225 230 9 34 58 115 176 215 137 243 187 85 216 213 100 128
    201 48 238 53 128 28 36 110 190 182 58 124 135 222 134 2 209 137 3
    69 232 124 81 117 36 29 129 216 217 12 240 224 61 27 178 209 237 229
    160 183 154 24 223 93 101 218 49 225 255 244 73 5 236 60 195 251 206
    153 100 249 130 37 62 3 82 242 195 69 23 47 176 149 219 212 103 29
    113 191 107 104 140 11 145 112 215 211 215 89 212 205 107 208 95 90
    26 51 69 79 119 63 128 246 217 41 181 108 226 211 178 193 2 24 245
    54 73 233 46 130 176 98 78 144 199 152 199 58 127 151 201 104 211
    241 182 150 39 72 52 243 30 114 177 211 6 237 72 245 90 229 68 186
    249 36 100 122 238 153 29 136 28 95 240 171 40 236 13 184 95 32 114
    23 31 16 214 190 186 251 245 82 100 99 201 57 102 100 92 201 47 197
    146 85 188 61 209 235 151 124 75 197 109 90 247 187 220 169 198 151
    201 224 220 100 3 140 51 248 65 148 180 95 226 81 17 247 234 58 196
    204 79 191 158 1 172 210 48 215 190 238 70 195 198 97 135 176 5 117
    48 221 134 93 143 176 24 47 60 1 33 185 174 212 51 154 188 104 157
    171 202 47 115 15 124 247 27 63 119 8 76 94 178 17 186 176 88 136 91
    2 190 94 85 246 241 110 4 6 129 58 66 167 239 244 202 136 4 145 168
    69 78 178 76 253 246 172 177 66 54 232 254 38 50 151 184 207 185 214
    204 74 124 47 255 251 52 196 97 159 82 97 219 165 255 175 240 78 101
    20 13 34 55 145 205 140 76 11 190 36 181 214 8 222 255 149 140 105 8
    3 144 70 14 138 30 88 57 202 115 14 147 88 52 169 187 14 125 28 116
    127 174 229 153 10 71 77 63 127 64 48 28 74 43 119 231 38 8 241 146
    75 197 95 165 253 151 252 66 143 128 69 108 231 155 148 135 142 143
    239 82 154 14 75 73 32 188 230 251 56 149 182 164 171 97 228 247 228
    154 127 81 161 216 96 118 70 133 53 170 57 104 166 103 91 27 227 233
    146 33 91 62 148 177 70 67 219 228 82 71 2 198 223 146 198 120 248
    53 114 111 144 73 123 130 33 204 197 204 95 122 81 48 92 214 116 81
    227 216 244 108 203 156 74 136 114 205 41 213 111 35 77 1 30 150 189
    240 252 131 26 187 15 225 138 20 92 155 150 34 191 69 134 7 105 159
    69 189 227 126 235 5 191 91 172 38 161 12 245 203 139 77 148 244 223
    172 196 106 243 55 150 186 171 31 215 245 8 23 171 243 10 68 244 7
    20 154 154 32 227 90 66 98 202 45 56 229 71 132 229 1 163 205 222 8
    187 225 45 7 199 43 181 195 132 228 240 73 221 240 11 230 229 139
    179 64 56 141 140 26 238 32 160 163 246 14 78 21 56 91 11 162 34 29
    41 128 46 105 96 160 184 117 10 123 218 220 187 173 187 135 181 112
    179 160 18 210 194 67 56 202 28 187 218 16 209 182 227 46 199 8 95
    106 14 130 140 6 151 229 96 144 0 26 21 235 29 162 226 73 118 50 165
    104 4 115 167 251 45 252 122 41 191 199 110 201 18 20 205 13 102 240
    136 252 60 236 204 216 160 158 3 239 104 69 24 152 23 158 40 16 244
    61 223 25 238 32 101 6 67 255 87 31 225 110 215 0 219 89 15 184 79
    28 15 102 30 26 119 6 205 135 26 48 31 144 69 45 232 58 186 89 80
    158 12 241 187 191 105 24 8 183 11 26 134 187 225 110 129 241 145
    175 38 116 93 30 72 22 44 99 20 196 128 69 149 168 242 131 89 40 189
    22 142 189 216 175 251 49 196 251 205 134 72 212 28 242 141 15 169
    27 235 2 25 204 141 158 194 31 115 124 136 227 69 188 142 210 222
    152 1 118 165 59 254 180 149 231 8 91 48 197 21 5 162 110 50 253 173
    81 141 147 76 164 53 17 245 62 107 8 152 110 132 180 147 20 131 195
    78 164 77 123 224 249 91 148 187 33 235 82 103 120 29 48 165 217 119
    0 244 197 28 244 12 80 45 193 193 21 102 81 249 54 57 182 106 125
    180 76 249 111 87 9 81 130 96 62 197 110 40 85 210 114 98 77 104 243
    129 28 118 66 215 79 107 45 203 35 109 116 65 27 27 100 29 194 126
    130 239 215 58 92 16 248 41 134 249 183 241 93 69 91 247 37 192 172
    9 205 122 6 64 104 210 146 219 99 145 200 32 199 144 88 92 169 7 54
    100 96 81 54 195 60 117 100 9 17 189 83 238 151 154 173 185 221 144
    213 157 243 70 206 51 115 183 89 66 8 76 252 8 199 103 145 161 254
    165 127 229 190 147 92 218 109 187 14 159 165 57 161 116 45 183 111
    137 102 159 95 175 25 237 192 99 198 252 112 188 126 10 160 115 129
    64 13 196 82 19 85 16 205 216 22 121 251 52 5 147 76 64 226 104 116
    89 249 152 19 129 150 48 242 210 207 217 84 168 93 105 11 82 164 245
    79 71 7 99 9 88 129 177 137 125 87 182 35 35 207 61 14 208 28 195
    121 130 247 194 218 28 27 102 64 123 237 127 160 28 180 141 149 186
    136 183 178 122 147 215 91 135 253 199 28 186 176 35 252 56 179 107
    112 184 169 204 89 206 244 236 24 146 186 179 193 208 120 69 132 8
    59 117 255 158 115 164 23 10 112 189 0 4 105 29 163 153 89 118 119
    13 140 25 82 166 186 51 153 53 144 170 11 227 44 9 212 14 169 228
    211 81 104 94 172 47 97 112 47 208 27 176 105 72 35 211 193 251 254
    24 14 238 142 78 219 234 83 149 188 199 44 137 72 198 15 133 101 239
    8 93 100 163 208 89 3 191 41 161 126 250 84 177 150 219 122 27 11
    209 151 155 5 62 32 254 66 244 90 23 233 56 175 24 38 57 215 137 73
    201 203 149 129 184 110 111 35 154 174 28 119 104 25 231 8 89 125
    243 43 104 101 133 250 106 241 163 62 32 174 200 228 179 129 203 161
    146 88 3 54 7 33 53 64 204 156 242 42 225 97 148 244 1 128 170 39
    255 176 148 225 69 133 121 13 6 202 3 4 118 69 209 51 206 2 248 95
    226 85 183 27 181 198 13 107 28 58 205 219 101 243 48 200 199 205 9
    83 15 252 15 55 121 180 80 53 37 246 29 34 196 78 42 138 174 88 110
    37 247 242 103 11 50 45 26 220 81 160 221 82 138 113 6 179 76 5 122
    109 206 42 31 18 144 166 160 69 198 223 178 103 144 46 197 94 139
    119 180 78 186 232 98 76 239 85 245 253 174 131 180 195 171 251 15
    98 98 74 207 87 129 145 18 53 21 32 228 92 225 128 243 73 242 10 205
    23 215 55 130 162 171 218 171 209 176 14 242 187 30 9 197 219 174
    252 219 204 36 116 62 167 149 75 222 234 103 124 194 183 208 49 207
    172 152 74 189 84 10 52 57 198 5 66 254 173 95 2 234 246 141 57 41
    106 235 155 0 200 38 49 25 122 14 186 73 45 153 81 173 228 180 70
    235 107 249 102 228 13 223 245 171 214 12 140 38 122 6 218 201 148
    166 108 32 205 238 210 106 170 227 122 58 55 109 68 237 144 16 39 28
    15 95 115 174 35 84 66 118 86 200 232 138 241 158 104 130 132 79 144
    169 84 203 84 94 109 54 11 136 152 199 200 254 13 32 92 123 216 222
    66 228 226 6 146 85 121 247 84 79 112 28 199 102 183 96 68 208 117
    226 197 12 170 230 14 227 169 157 1 34 145 43 206 84 244 194 143 92
    72 179 74 226 220 8 186 242 51 210 69 150 67 65 241 236 145 78 223
    22 237 134 142 243 44 234 63 132 186 138 16 15 4 3 80 208 114 107
    226 192 167 95 116 195 244 107 173 176 115 181 26 166 26 79 215 139
    161 37 121 2 2 240 130 180 77 31 210 178 146 138 78 57 235 180 253
    211 235 56 71 202 228 94 50 233 212 245 236 148 210 31 161 53 72 226
    177 60 10 13 46 205 219 186 40 243 229 103 182 42 15 72 116 138 166
    229 132 205 120 24 29 70 96 254 108 10 190 155 62 108 180 186 138
    222 48 91 226 18 251 158 184 14 40 60 198 82 180 80 32 129 29 76 9
    23 57 119 38 207 41 105 249 156 180 132 96 247 3 71 155 157 33 176
    38 134 69 23 148 28 190 73 218 118 119 229 131 96 201 224 109 250
    241 46 71 173 25 124 22 68 2 97 13 197 44 52 142 240 56 206 164 153
    202 8 61 165 170 40 124 125 26 95 165 60 131 30 82 99 104 18 14 72
    65 21 147 233 181 112 213 121 56 184 247 67 9 202 215 127 18 46 175
    35 253 117 15 102 110 253 24 59 227 175 5 74 100 127 105 129 85 124
    198 91 194 248 62 198 96 191 101 153 237 176 217 47 10 29 0 197 223
    188 24 193 21 129 235 93 149 240 136 149 41 107 33 180 55 186 215
    157 223 132 166 97 67 127 212 137 24 96 178 39 215 4 177 243 190 246
    48 153 243 240 102 160 215 191 141 91 53 20 46 126 56 70 112 105 235
    71 174 139 160 143 178 155 217 231 87 2 203 129 122 243 18 80 53 126
    200 13 149 156 84 199 193 96 228 111 42 189 32 57 221 147 69 142 11
    26 175 41 214 230 148 242 206 185 43 86 41 60 126 123 179 230 216
    125 29 26 126 113 176 132 50 50 29 130 167 20 135 170 172 227 136 65
    241 125 21 204 3 245 102 254 93 21 106 186 191 135 253 158 98 23 44
    102 60 201 14 86 96 19 62 29 161 131 254 61 166 199 210 81 158 231
    104 227 27 154 229 210 58 101 187 248 166 7 64 21 229 158 130 58 86
    14 131 211 17 216 144 1 162 88 129 132 229 208 182 243 230 212 197
    248 160 181 254 89 109 55 205 167 181 89 139 125 47 218 101 217 154
    199 169 148 141 217 136 152 43 79 86 147 31 16 124 217 37 182 149 7
    188 117 74 175 147 54 15 197 239 131 219 20 48 28 129 115 199 123
    251 244 137 119 171 128 237 238 51 102 9 244 133 244 33 161 237 131
    67 94 213 152 59 118 53 22 66 250 136 95 221 150 232 79 189 181 116
    166 175 75 215 193 3 233 40 158 105 211 106 251 22 168 35 122 56 208
    156 48 13 147 222 126 158 184 230 254 123 88 81 40 12 166 216 237
    205 233 185 182 50 46 197 16 229 124 16 104 182 155 143 21 107 52
    135 103 181 226 202 247 44 119 136 170 34 146 136 83 86 72 149 159
    218 17 249 100 17 34 8 115 81 49 151 223 171 156 117 62 42 20 21 251
    133 110 134 216 13 87 51 112 109 69 214 18 162 97 216 179 154 179 87
    189 108 184 45 97 11 208 74 52 240 187 81 50 143 147 164 133 59 180
    122 230 116 97 155 120 126 154 205 7 59 38 189 90 150 107 66 73 140
    234 26 174 97 201 63 213 252 143 18 47 33 172 54 98 142 31 120 124
    191 109 20 4 191 86 241 145 98 13 239 108 183 90 39 124 22 222 73 22
    117 12 148 223 132 207 1 123 39 239 156 75 151 162 126 190 115 127
    78 254 220 75 97 200 195 13 226 53 147 209 115 147 141 93 255 187 20
    228 214 69 252 147 210 11 179 179 49 180 191 42 243 238 124 76 197
    154 138 172 131 50 235 143 233 160 70 145 152 223 226 217 103 232
    156 18 194 164 163 52 137 18 230 228 152 68 234 100 17 5 13 137 207
    180 130 124 56 169 222 244 174 183 168 9 66 204 229 80 199 86 147 68
    127 254 187 25 209 196 131 160 237 0 166 58 115 21 210 234 238 165
    172 82 159 46 49 72 110 8 64 168 62 140 212 26 68 170 195 230 250
    126 61 143 35 84 206 175 237 220 28 208 142 177 94 235 47 87 30 220
    52 152 181 53 30 243 51 253 22 81 131 19 31 178 111 197 161 253 203
    216 182 66 33 125 227 72 30 77 23 214 146 10 204 176 248 116 152 169
    138 234 169 73 214 54 194 162 226 190 227 140 182 76 41 27 149 228
    176 193 206 72 80 172 243 212 207 253 113 187 93 192 12 52 21 82 139
    27 115 145 211 177 243 240 133 17 66 95 167 219 189 86 156 192 212 1
    42 65 77 51 76 88 84 156 244 97 228 69 78 154 113 31 47 190 20 246
    112 113 106 22 236 196 55 99 251 159 37 157 174 232 81 151 213 188
    99 1 110 144 19 3 80 37 9 204 11 28 117 51 195 186 251 160 131 229
    241 178 69 89 141 136 203 208 140 124 6 103 158 224 87 153 72 171 21
    180 92 162 128 229 134 128 21 121 247 71 18 91 75 36 191 19 97 174
    69 159 160 97 45 32 242 160 89 111 165 205 127 45 127 61 26 19 60
    151 46 59 196 66 152 190 134 49 100 219 30 115 221 9 175 123 76 63
    172 122 115 14 217 18 169 70 83 26 79 14 114 105 55 77 245 96 223
    226 58 85 100 190 239 84 39 66 64 21 211 242 13 16 93 152 251 67 131
    103 52 154 239 68 61 237 42 17 103 10 72 2 14 19 213 90 60 131 89 53
    97 60 24 119 151 203 230 13 110 80 101 161 179 180 156 228 71 100
    143 4 214 201 138 244 142 174 143 57 214 187 50 66 23 138 26 246 245
    211 74 100 22 172 213 74 105 141 144 152 88 167 189 169 6 97 185 251
    176 221 214 218 223 162 137 166 3 240 115 172 51 27 148 44 193 204
    21 197 149 38 194 167 201 11 74 56 233 207 151 22 133 229 65 176 181
    15 249 199 210 22 68 1 20 229 20 49 35 245 141 192 106 129 141 214
    11 63 98 94 161 236 250 169 14 13 117 60 75 24 230 11 198 80 119 79
    127 147 41 251 80 35 250 132 105 200 171 17 81 174 0 170 108 236 129
    86 6 193 239 18 182 36 96 25 110 196 26 151 86 162 175 64 178 241 84
    72 119 112 81 214 173 156 25 25 170 251 253 216 111 153 107 105 150
    177 70 215 195 72 148 41 86 10 173 152 109 155 61 229 235 168 99 51
    153 235 88 164 6 164 17 51 239 143 247 157 85 200 171 13 203 162 72
    53 145 169 1 241 219 65 254 116 120 140 0 44 82 44 83 49 113 222 60
    154 230 44 10 246 31 219 237 253 101 83 63 202 254 156 209 183 138
    200 135 180 45 199 17 76 74 108 219 35 166 231 108 225 66 176 117
    224 255 185 153 114 131 119 89 148 120 160 20 37 224 19 64 186 160
    144 69 22 84 183 161 17 32 141 123 205 119 234 95 154 67 191 246 225
    21 134 202 206 63 88 13 152 50 53 174 161 141 253 32 202 118 58 211
    65 142 236 231 184 161 20 81 240 15 135 18 125 127 32 175 186 191 76
    242 132 67 189 45 133 7 243 98 224 102 124 183 31 148 184 247 120
    184 12 60 113 194 149 217 123 124 21 246 51 98 62 137 19 78 152 253
    82 208 231 241 109 47 182 194 180 120 220 61 36 7 103 126 135 25 162
    165 114 79 0 179 39 60 104 186 208 13 131 218 42 28 105 210 207 103
    58 80 164 7 104 152 98 42 45 62 203 17 16 215 40 89 194 226 244 196
    118 133 117 121 190 216 59 24 160 221 177 243 82 130 135 239 243 114
    47 49 194 11 98 223 164 160 208 168 88 253 63 135 182 213 212 67 156
    53 231 95 191 102 238 187 101 155 12 55 219 156 174 210 126 169 193
    184 90 171 107 174 217 218 199 129 115 245 250 23 229 205 223 73 195
    167 249 9 188 16 65 104 41 174 243 131 40 129 14 93 76 64 80 71 169
    254 240 158 58 180 163 16 196 73 126 25 250 98 212 236 42 51 209 6
    106 161 243 87 212 165 162 22 162 65 241 76 194 97 159 122 76 156 98
    182 85 66 232 207 143 38 129 76 112 73 194 189 28 61 189 104 118 106
    237 39 231 12 13 72 8 184 16 248 229 195 168 119 79 212 65 238 175
    246 38 255 226 19 7 45 27 25 2 75 123 109 25 63 169 114 86 174 84 23
    127 106 20 79 183 21 220 79 239 249 182 39 110 43 15 167 208 83 248
    202 143 197 76 184 106 215 105 206 184 105 62 100 198 237 195 25 75
    36 138 123 117 155 223 238 132 187 113 223 50 35 21 163 11 55 107
    125 210 66 83 46 111 189 100 93 123 116 110 49 161 200 132 253 201
    238 154 134 248 118 179 157 55 249 147 153 147 232 157 110 0 79 54
    156 246 114 240 246 240 233 222 211 115 7 179 124 242 43 161 37 249
    156 196 133 133 224 38 64 102 203 202 36 224 239 227 248 238 143 120
    10 15 26 75 245 189 52 219 155 1 164 85 220 95 189 38 165 232 167
    201 230 241 178 13 178 252 175 215 161 115 175 40 215 171 88 174 85
    230 71 211 15 240 221 190 39 37 20 177 138 203 214 90 217 173 199 15
    169 72 133 46 67 138 50 5 206 242 10 219 111 101 15 32 253 186 141
    135 87 255 50 86 221 123 152 184 228 12 213 20 215 25 108 243 96 180
    83 8 143 42 179 1 38 29 185 99 118 210 128 121 251 223 41 12 102 178
    216 103 250 253 89 158 23 61 245 17 89 171 107 116 245 33 201 163 25
    52 45 82 188 26 228 89 187 226 51 189 29 104 229 191 190 100 213 164
    250 41 35 139 165 219 248 44 152 231 48 107 92 11 125 131 116 240
    220 209 45 242 171 175 66 220 243 87 119 50 76 140 16 2 17 251 138
    210 114 236 180 59 84 23 186 184 246 114 220 133 120 163 189 200 24
    127 246 41 161 169 88 64 79 18 96 172 32 23 172 42 81 7 178 143 109
    227 24 228 191 20 23 164 38 67 30 86 191 78 159 6 71 148 48 154 211
    55 34 27 126 4 95 5 236 196 196 57 8 86 32 117 218 96 133 56 33 106
    228 64 206 28 229 42 45 34 182 44 164 79 0 89 162 11 135 61 253 112
    242 195 48 80 23 139 205 19 191 108 61 19 115 34 169 95 102 22 227
    25 253 218 101 132 123 203 7 165 60 248 166 49 59 80 81 89 21 255
    222 5 28 249 34 236 90 10 73 51 205 142 253 224 218 79 79 198 75 196
    205 27 135 155 181 95 212 128 108 33 171 165 10 181 29 253 249 189
    72 62 88 42 9 126 121 147 201 95 195 163 230 174 37 205 54 152 131
    15 47 33 58 11 174 203 182 172 151 86 157 42 4 160 70 193 63 197 242
    70 161 87 176 245 144 111 50 152 246 181 204 85 251 200 125 47 167
    121 155 112 141 242 68 108 47 128 99 154 169 200 3 255 254 207 12 28
    231 40 188 67 134 73 55 93 94 190 64 47 145 109 172 37 76 198 156
    195 30 129 11 214 135 244 115 99 255 230 224 126 220 151 79 47 206
    76 3 155 13 124 103 249 177 115 136 120 11 249 122 92 184 3 180 145
    125 84 110 210 39 27 9 83 239 32 131 6 2 24 50 234 197 90 12 100 226
    62 43 193 130 152 164 15 95 244 183 118 3 156 60 1 13 219 143 60 10
    155 186 128 109 71 111 67 45 151 159 83 109 206 41 9 86 134 96 60 43
    70 197 23 238 211 248 94 4 80 76 190 112 61 1 223 74 194 231 135 253
    159 166 71 183 65 110 55 221 126 60 135 223 244 143 51 209 228 86
    125 194 252 80 121 30 28 50 172 229 49 219 139 34 176 49 1 183 0 11
    19 120 58 230 117 116 16 154 89 113 186 65 243 238 106 93 156 50 31
    118 8 7 197 156 183 214 237 62 25 216 97 38 220 24 145 249 221 86
    164 63 249 54 104 116 241 102 82 214 89 0 56 123 101 83 14 150 188
    19 39 60 182 129 239 2 30 51 163 50 232 88 95 190 85 212 77 33 144
    171 173 183 92 8 221 46 152 160 159 47 144 200 48 138 232 243 21 77
    211 184 71 204 192 43 244 229 58 5 205 242 179 28 75 29 114 19 136
    148 19 221 75 194 135 149 42 77 71 166 31 204 246 79 215 52 115 117
    208 23 99 186 26 14 41 104 148 192 50 79 216 81 226 225 32 129 114 9
    159 152 83 72 35 183 147 199 197 148 87 43 172 130 247 197 41 50 143
    101 176 155 13 40 0 3 137 6 171 55 90 33 213 166 120 146 90 139 253
    231 125 101 250 37 7 94 193 67 232 90 119 125 243 94 157 111 120 95
    85 119 148 57 5 216 113 188 156 116 13 156 72 212 191 213 118 207
    161 29 41 127 221 232 221 233 166 224 106 213 40 218 175 166 15 95 8
    195 176 36 107 105 122 229 207 209 117 10 29 167 53 1 110 120 0 14
    220 132 213 238 202 48 112 198 138 1 144 188 9 63 156 223 59 35 140
    26 85 236 116 231 53 111 159 220 85 107 185 220 164 36 156 235 104
    33 171 80 35 32 172 49 14 140 253 159 65 238 173 132 130 174 18 167
    5 112 222 34 124 198 64 109 152 211 157 107 109 217 87 249 182 47
    178 56 211 22 254 30 64 37 168 199 206 110 89 179 205 213 3 78 191
    172 50 107 181 164 112 159 92 16 151 18 143 209 122 230 205 110 14
    172 104 167 92 9 133 87 204 203 203 237 162 102 216 53 232 246 154
    226 147 85 216 126 188 107 118 240 142 228 142 78 22 26 24 12 213
    103 159 210 51 197 134 208 74 0 82 255 196 209 188 59 229 165 81 209
    188 191 160 165 32 30 172 188 161 73 220 248 210 151 168 182 5 42 77
    19 110 32 159 120 118 86 139 221 217 7 227 149 60 16 36 164 206 226
    204 11 39 26 148 177 58 130 240 120 191 245 58 164 152 102 158 46 13
    146 134 50 234 185 36 186 74 161 233 26 12 150 55 124 160 126 63 0
    88 109 71 50 212 223 248 190 60 95 53 90 78 78 222 114 87 67 163 161
    103 19 56 189 248 197 200 62 125 208 235 199 93 135 123 164 251 50
    237 91 249 115 64 165 13 95 201 124 166 24 18 92 102 34 25 242 239
    29 171 205 129 227 215 5 184 119 153 115 249 107 61 153 49 206 135
    247 233 114 179 250 8 114 210 31 201 118 101 99 108 30 57 49 183 219
    245 127 184 223 86 157 11 193 70 136 104 233 178 113 53 159 254 85
    51 48 208 199 39 144 182 232 192 222 60 180 27 110 111 71 142 86 91
    209 69 238 65 162 4 80 183 27 251 183 110 39 40 179 30 229 75 125
    144 207 174 94 188 87 9 91 18 236 95 62 55 198 191 104 148 97 42 141
    133 195 99 176 196 20 33 247 219 237 154 25 108 56 147 138 173 101
    250 243 65 206 13 129 12 45 227 7 155 186 100 92 167 66 228 171 212
    164 98 133 134 28 116 242 202 133 227 181 229 219 114 159 234 152 66
    75 30 55 241 157 208 231 25 93 252 70 1 205 206 95 204 114 112 103
    134 111 229 195 34 185 95 7 158 38 170 139 238 42 157 217 156 33 191
    239 140 199 224 127 209 116 227 143 68 206 127 72 119 84 6 112 248
    20 128 42 105 152 198 6 97 41 192 115 238 49 243 2 116 206 159 115
    228 63 125 130 247 27 213 145 217 65 118 196 110 12 231 97 50 59 106
    138 187 183 72 221 87 173 34 169 228 166 97 203 204 41 122 75 92 123
    92 223 89 110 38 66 39 160 172 170 121 242 107 222 98 193 68 248 86
    25 70 168 171 83 115 43 148 248 30 46 7 109 229 125 140 99 146 109
    65 117 192 125 100 169 28 148 130 222 45 232 135 103 117 16 241 44
    254 46 248 195 147 184 244 109 40 2 38 129 34 218 201 112 188 119
    216 146 248 217 101 119 195 123 179 127 8 122 164 54 200 90 107 1
    166 193 129 222 101 28 47 88 142 246 113 86 196 4 66 5 255 201 123
    28 220 194 205 190 194 169 39 54 205 58 247 227 44 104 92 200 183 8
    201 175 82 61 141 203 32 98 223 195 41 111 239 244 105 25 95 250 120
    50 230 116 146 127 212 52 121 100 236 131 11 168 24 183 249 124 149
    50 108 101 255 115 165 17 212 18 109 162 50 95 211 153 223 239 225
    58 118 118 162 81 94 183 75 180 254 28 42 210 241 89 51 96 44 140
    229 3 181 14 74 104 220 232 230 176 105 189 87 8 243 127 15 66 206 8
    250 127 94 97 237 171 62 16 41 6 174 36 221 212 5 7 158 114 128 37
    137 247 8 111 129 94 40 149 0 194 138 21 49 158 21 207 85 226 247
    237 0 238 240 251 83 91 54 124 145 114 45 181 145 246 54 201 237 151
    223 242 125 167 238 178 12 160 95 131 174 100 24 205 51 99 26 72 224
    2 212 157 61 39 112 34 103 150 157 16 246 225 15 132 133 188 167 72
    24 226 63 113 244 152 74 75 24 67 238 59 153 207 43 135 203 238 194
    193 29 190 254 226 101 117 128 254 160 161 100 54 13 166 154 199 228
    119 51 68 12 24 11 180 170 83 210 31 82 86 255 137 83 183 100 239 22
    201 18 88 219 52 14 105 14 195 75 24 228 206 181 53 233 169 199 73
    12 43 238 212 191 3 115 235 38 117 109 111 130 253 63 55 157 205 148
    166 215 106 138 244 166 183 43 73 168 2 183 178 138 138 121 111 36
    82 150 208 167 121 152 202 201 154 94 99 155 166 122 11 187 179 185
    105 84 255 232 95 255 136 9 118 193 109 28 104 68 99 131 124 65 126
    54 95 53 46 177 77 160 170 41 161 172 107 83 177 157 253 129 235 146
    87 191 165 126 31 165 89 248 91 93 204 131 168 44 79 64 73 83 131 94
    122 27 170 239 84 224 241 115 123 97 71 142 129 102 48 191 21 69 63
    235 185 201 164 65 167 188 69 239 62 215 110 197 232 47 218 131 61
    218 152 208 127 33 61 143 178 37 224 76 221 254 9 241 13 153 226 98
    30 95 250 169 118 81 214 78 33 115 190 246 114 102 136 227 79 174 69
    56 237 213 54 111 10 114 195 0 39 251 10 201 100 107 228 176 176 72
    4 79 143 251 31 205 160 215 88 30 45 18 37 98 64 177 250 89 51 227
    66 116 53 188 71 17 156 110 94 132 194 107 156 25 46 125 226 114 151
    141 105 138 89 200 113 201 42 197 11 235 169 12 99 180 111 115 72 19
    196 13 182 100 198 75 94 172 213 212 95 10 158 182 157 214 243 163
    185 106 62 77 146 134 57 66 86 79 31 174 128 123 73 255 236 196 250
    112 181 90 149 113 67 114 3 74 48 47 244 173 12 18 95 158 146 248 84
    173 218 123 243 214 73 96 35 225 233 22 6 180 47 4 194 152 45 208 85
    61 168 79 16 252 20 102 67 189 122 239 117 232 118 176 197 134 143
    85 108 85 83 134 51 84 214 113 56 0 190 247 138 123 173 227 52 153
    192 2 125 135 89 135 195 228 82 91 68 151 241 86 0 31 58 69 161 199
    145 35 104 129 165 31 23 78 152 248 59 29 127 58 156 14 219 187 83
    134 82 254 250 17 195 5 152 76 183 60 151 44 198 96 178 189 5 231 91
    48 59 187 28 216 110 34 241 247 90 58 95 202 34 19 222 55 150 65 175
    121 169 137 76 49 88 164 208 148 180 205 42 97 40 157 211 232 246 33
    28 185 1 28 140 169 122 145 13 94 248 146 57 141 88 20 82 142 158
    145 173 23 36 139 252 123 89 93 126 182 98 106 43 168 245 167 235 42
    96 1 135 31 15 25 13 241 86 95 119 76 29 91 114 214 115 89 253 103
    221 216 189 68 222 29 130 245 18 244 236 148 163 85 37 226 189 205
    26 209 5 74 107 29 0 145 209 125 126 226 201 192 163 190 125 225 12
    203 178 252 84 56 31 118 191 117 184 225 105 244 73 155 227 188 33
    99 235 65 208 229 209 174 150 196 46 78 199 79 74 126 249 188 138 97
    40 239 61 170 130 93 86 147 221 19 157 191 121 99 20 197 193 74 218
    1 43 27 11 154 137 158 81 169 255 18 151 126 34 89 49 183 226 83 133
    151 49 215 232 192 155 8 78 148 116 155 150 249 114 63 92 47 172 67
    57 133 53 64 169 206 66 119 172 44 98 80 128 130 22 45 137 155 203
    226 193 6 138 195 15 77 109 129 191 240 96 143 21 51 102 219 94 135
    243 140 48 248 191 227 121 19 249 62 131 234 227 167 164 180 229 141
    161 215 254 86 182 88 144 133 95 68 24 131 216 80 73 222 92 168 104
    173 243 55 100 165 111 123 130 12 48 201 135 123 103 236 12 101 33
    50 16 95 148 66 33 170 27 16 167 160 142 106 96 165 106 178 180 35
    19 80 130 126 221 93 91 149 55 178 238 214 88 185 156 104 250 185
    224 94 92 172 170 246 196 129 247 137 15 72 72 217 149 140 43 58 122
    239 111 224 45 32 106 101 32 171 77 93 198 250 109 45 185 181 122 47
    206 110 166 107 168 159 22 148 130 23 92 251 154 198 72 183 178 195
    74 81 43 93 35 97 28 211 210 92 162 98 246 153 162 184 165 219 19
    171 10 160 93 245 62 183 231 130 109 150 27 207 113 234 3 222 13 221
    117 34 123 109 148 194 73 142 210 58 183 193 230 49 144 224 0 93 97
    92 180 236 135 255 211 12 186 133 219 11 242 179 128 128 156 54 171
    142 205 245 206 213 61 17 240 2 39 178 99 25 113 85 60 46 91 231 211
    186 15 32 250 130 35 152 7 249 166 55 193 129 20 99 104 61 113 233
    35 4 216 37 9 51 6 211 41 28 228 15 53 54 134 72 163 135 168 122 247
    78 122 134 249 60 11 187 89 117 179 98 172 51 172 15 192 210 191 235
    255 46 113 80 137 166 245 102 219 12 184 6 44 169 229 37 17 150 188
    147 186 77 85 62 53 61 109 76 122 245 108 223 130 132 82 192 34 83
    30 209 104 244 50 5 247 235 226 152 248 98 241 24 69 117 253 129 160
    72 107 228 132 111 180 198 72 228 40 185 31 194 72 186 14 8 24 235
    147 86 36 186 105 184 12 237 237 25 40 252 190 174 201 58 246 149
    187 79 69 237 221 24 251 106 185 84 229 100 127 151 253 25 130 45
    150 199 77 39 169 27 68 55 76 132 15 44 232 56 16 29 23 226 117 84
    67 163 225 234 83 102 87 214 204 214 45 166 135 5 233 131 238 249
    155 9 67 28 86 14 69 195 147 196 65 72 43 198 30 199 64 249 124 96
    21 154 28 49 94 25 112 155 250 53 242 233 15 223 150 221 253 20 181
    79 212 174 84 61 4 249 97 216 22 127 149 186 234 245 58 130 59 31
    236 204 109 102 27 167 230 162 56 179 154 58 219 111 25 22 235 111
    249 154 89 93 73 204 60 20 38 33 221 165 45 230 110 10 117 174 66 41
    226 19 251 182 52 253 31 59 223 137 103 15 192 64 147 211 128 229
    250 51 209 128 56 86 89 200 220 149 135 84 157 21 172 127 97 214 175
    68 120 52 115 228 54 206 237 229 171 27 219 222 236 131 78 198 41
    220 68 11 114 158 56 184 10 198 119 144 22 17 94 21 20 250 201 70
    192 235 61 223 218 166 123 243 128 21 124 108 68 106 197 111 254 131
    189 37 177 77 87 187 5 108 156 207 107 29 200 188 163 119 217 113 38
    80 240 155 242 175 34 254 144 223 42 171 237 242 1 191 155 14 84 61
    196 177 76 96 56 91 114 70 135 92 232 9 10 12 101 16 11 228 171 103
    77 28 130 92 85 18 130 225 139 137 203 80 113 248 6 58 2 150 129 224
    235 192 213 244 62 138 126 53 163 18 21 9 33 152 4 51 11 94 240 53
    172 2 240 13 216 212 10 217 123 206 103 89 161 221 164 109 116 158
    119 227 57 233 209 237 42 91 255 240 61 10 47 48 199 9 130 153 233
    214 142 167 246 123 227 248 199 214 216 37 34 89 218 233 102 16 17
    151 137 131 225 59 226 13 226 53 235 59 226 26 27 141 23 37 45 198
    51 138 153 36 180 236 42 249 219 168 0 25 210 144 215 226 158 178 89
    101 70 19 111 134 14 208 76 37 144 110 68 111 131 167 9 169 28 12 75
    227 36 130 108 165 138 252 213 47 43 79 101 21 127 221 138 85 221 52
    21 170 121 60 156 69 245 207 50 226 136 117 51 69 201 106 71 34 38
    227 167 55 197 61 254 240 151 4 69 253 137 138 83 232 196 246 38 39
    78 228 121 20 215 133 54 213 124 134 167 181 103 209 210 232 207 71
    183 159 230 187 164 51 114 98 148 97 0 78 0 14 163 244 204 58 108 90
    77 184 101 104 150 54 225 180 210 135 14 77 124 122 44 45 207 228 87
    134 42 67 170 63 231 70 60 14 159 206 91 86 61 122 108 207 140 175
    67 142 212 113 32 88 10 58 106 234 189 98 131 138 112 229 36 128 243
    217 12 195 106 245 217 29 231 82 166 70 245 27 90 96 37 117 34 26
    251 8 48 98 225 68 118 224 75 140 215 203 153 162 203 89 203 205 39
    67 77 12 44 168 37 114 140 122 67 20 208 171 43 26 74 137 252 196 52
    196 139 237 98 49 39 188 50 11 25 127 59 84 17 142 124 214 4 158 171
    75 106 125 201 229 186 225 213 187 62 214 63 168 102 13 192 193 85
    120 240 149 133 152 186 138 244 120 102 134 224 50 90 139 35 41 167
    90 195 6 47 190 173 14 89 135 117 31 39 167 17 67 188 65 111 123 144
    250 17 103 112 209 187 155 104 110 215 37 109 10 185 76 223 160 199
    219 7 199 73 178 69 74 178 22 163 51 142 161 249 99 165 0 63 245 15
    107 67 83 152 189 139 33 117 29 237 146 155 19 250 39 201 202 248
    206 218 207 94 18 67 176 111 129 106 49 212 153 116 43 0 104 34 53
    135 199 179 35 12 125 238 0 209 134 63 204 90 91 244 49 197 124 21
    228 167 37 3 245 235 87 245 178 56 7 2 23 249 236 48 99 31 54 36 107
    49 15 41 234 180 38 111 163 113 224 172 39 126 156 215 185 62 35 108
    93 251 61 83 232 179 96 149 7 103 42 146 37 102 19 207 60 145 26 32
    47 241 197 45 126 72 179 87 253 165 110 213 40 184 209 102 42 179 56
    255 110 221 138 16 142 79 158 94 162 164 239 30 246 222 165 177 10
    168 61 98 238 26 31 101 68 37 119 138 133 236 219 233 47 97 15 194
    143 237 134 220 152 135 131 133 152 100 212 136 81 48 19 254 209 216
    13 57 253 202 51 95 104 79 28 3 73 17 186 184 242 25 239 39 116 151
    15 140 245 74 115 76 80 117 154 228 176 35 57 82 249 176 6 117 44
    235 181 61 21 169 92 180 73 61 4 17 59 12 187 201 77 157 14 114 238
    18 249 44 104 45 57 187 24 107 255 132 109 54 218 72 81 165 93 185
    198 54 43 226 164 83 89 138 154 141 131 67 141 224 244 17 46 117 146
    130 138 9 197 52 119 243 246 201 203 121 65 201 177 128 118 147 224
    162 6 150 161 190 37 246 209 20 76 169 90 38 38 143 231 236 163 156
    242 252 173 34 229 13 17 235 56 61 6 44 201 197 165 86 186 102 30 13
    48 253 181 16 243 38 142 227 4 239 158 234 231 239 73 47 116 195 6
    38 110 212 64 193 4 206 160 154 170 63 86 136 157 75 197 158 199 250
    202 183 0 50 216 197 255 24 2 86 37 4 91 26 116 204 170 106 36 139
    215 1 197 58 134 242 62 190 60 178 54 126 97 64 80 202 190 67 75 58
    207 245 20 226 201 255 88 46 154 1 24 192 164 79 102 139 46 90 110
    54 15 241 174 21 42 153 135 143 155 17 228 129 84 135 11 78 183 223
    105 173 71 0 94 89 164 248 105 89 98 83 80 224 94 244 52 159 255 64
    57 191 81 223 130 61 51 220 214 41 86 86 191 141 189 34 153 63 242
    230 97 226 101 180 92 55 89 0 196 27 120 242 96 101 0 161 2 122 248
    78 172 201 129 191 157 168 247 57 136 115 57 90 8 97 154 36 71 225 3
    26 237 223 60 224 131 153 134 25 199 38 79 149 125 47 208 220 176
    215 11 123 138 215 79 205 219 185 192 23 112 34 100 33 11 62 211 23
    90 243 84 172 210 217 173 191 134 175 209 105 48 142 235 244 116 115
    157 141 255 52 217 34 88 71 15 248 182 221 162 137 243 67 112 44 155
    123 238 204 179 135 90 249 180 75 202 83 61 2 71 116 236 101 231 246
    216 211 73 71 164 27 100 167 97 172 22 51 246 171 189 201 242 118
    253 13 196 237 21 10 173 23 155 80 100 145 145 149 49 142 175 24 115
    142 241 225 254 55 195 203 198 93 227 38 218 205 118 27 92 60 155 2
    224 211 173 55 111 238 96 140 232 107 77 99 53 152 249 167 19 8 243
    66 154 12 46 161 140 15 126 165 93 68 176 70 190 187 176 120 96 18
    208 151 207 239 228 95 211 147 214 102 255 229 118 37 194 238 16 119
    36 207 16 9 239 229 20 40 166 239 87 204 225 185 212 237 164 14 184
    10 215 245 214 249 6 181 197 181 242 126 122 221 204 20 179 99 199
    53 3 187 144 58 147 240 220 99 47 244 161 44 230 121 41 96 169 166
    164 198 25 219 184 135 204 234 186 173 56 191 234 253 219 55 94 170
    205 39 103 244 55 74 20 121 165 157 7 12 46 154 71 131 11 43 104 94
    51 206 185 183 217 16 25 138 9 17 15 38 69 159 78 191 161 236 140 15
    241 9 38 8 89 245 183 0 159 222 222 203 112 146 159 248 193 106 31
    187 219 243 25 164 25 252 170 82 22 74 116 59 36 131 197 38 204 107
    241 68 158 10 235 90 175 118 6 98 35 133 97 105 219 68 247 222 76
    242 94 213 200 154 83 38 116 51 64 122 225 89 30 201 186 252 220 36
    157 0 43 11 156 242 76 115 151 58 12 34 120 198 26 50 161 111 88 136
    135 247 212 39 237 78 123 32 223 232 73 31 21 213 81 68 181 202 27
    55 16 27 69 99 40 208 138 248 48 32 7 190 215 213 141 138 218 115
    107 227 46 138 1 169 116 151 89 160 40 29 129 50 94 26 168 111 59
    247 222 28 106 248 28 198 175 215 71 223 66 56 101 221 149 154 120
    107 226 136 217 15 215 48 68 198 171 182 212 121 122 106 75 97 53
    146 73 209 107 91 206 81 228 10 178 241 230 194 154 40 219 225 100
    32 41 126 141 43 194 136 209 78 119 56 12 222 48 186 7 224 124 167
    112 230 201 115 238 193 250 113 4 224 164 38 213 112 149 180 220 17
    93 26 138 66 204 57 204 167 60 105 14 162 130 180 189 143 68 105 91
    243 209 198 102 46 201 102 82 224 179 204 109 209 160 150 7 70 153
    251 1 136 219 175 239 122 101 40 39 113 218 69 56 208 15 252 149 179
    168 183 240 93 34 232 234 98 212 171 104 32 61 193 161 199 35 144
    124 31 155 75 206 136 134 92 249 0 44 40 41 146 24 101 234 35 135 74
    228 186 201 20 202 215 136 249 160 30 170 137 130 108 215 165 223
    102 221 242 0 3 33 21 26 188 245 63 57 157 58 22 171 19 36 176 3 47
    167 105 49 143 65 236 121 169 114 176 250 107 229 13 109 170 88 177
    178 128 171 205 123 171 63 35 65 85 131 34 248 223 70 56 243 109 225
    26 173 220 178 231 37 144 247 56 225 148 51 40 101 194 51 87 107 147
    9 66 249 222 70 140 113 161 79 58 33 101 97 205 215 74 148 195 202
    69 206 118 141 237 105 3 216 12 233 153 244 126 137 143 222 49 195
    250 6 138 187 88 42 188 148 32 134 132 125 72 186 38 185 235 148 252
    70 205 14 213 116 229 30 85 118 234 23 236 109 204 47 206 157 195
    176 85 180 182 33 184 47 52 93 228 92 119 241 8 111 19 174 23 218
    209 77 151 87 0 206 236 96 130 79 218 99 106 200 65 50 133 8 253 201
    250 239 164 223 110 49 164 135 227 160 120 94 163 183 83 90 118 117
    2 92 14 176 38 27 138 116 67 66 248 30 254 36 210 222 48 215 13 65
    161 183 164 49 84 243 38 11 234 217 110 241 195 127 0 168 103 145
    137 4 234 151 221 147 156 209 99 143 255 203 188 120 15 201 16 129
    97 114 46 0 161 50 19 147 152 71 32 153 155 151 249 227 152 12 3 121
    109 131 119 30 7 52 170 205 202 15 9 142 190 138 155 103 230 215 56
    241 192 182 200 189 246 46 174 235 119 102 138 39 48 30 220 116 127
    155 109 196 149 92 253 204 108 14 217 219 144 135 106 122 17 177 54
    172 145 0 129 98 72 184 240 254 55 103 232 133 138 159 191 192 97
    229 254 22 18 213 113 158 43</data></test_img>
<my_img type_id="opencv-matrix">
  <rows>100</rows>
  <cols>100</cols>
  <dt>"3u"</dt>
  <data>
    179 76 255 255 159 255 255 66 255 111 170 210 139 255 208 60 255 128
    49 255 255 255 255 255 255 230 107 255 255 189 255 28 109 222 149 34
    117 29 255 255 200 255 255 70 43 179 166 7 156 90 255 255 254 159 0
    255 188 26 47 36 154 52 255 255 255 188 255 203 44 13 46 255 28 108
    255 47 28 255 152 172 201 19 255 255 255 123 20 255 233 75 216 182
    31 255 166 126 255 37 249 255 255 188 252 204 255 226 22 78 203 255
    255 255 90 193 255 117 89 255 190 255 255 57 12 190 76 254 255 193
    155 24 184 159 134 23 56 40 225 78 64 0 182 58 255 255 255 255 148
    255 8 255 152 184 147 34 255 123 255 29 255 255 239 143 255 166 73
    164 156 0 255 255 255 198 255 51 51 131 255 255 255 255 175 66 106
    190 255 255 245 235 118 83 255 189 255 97 255 150 240 51 255 255 53
    255 120 255 255 55 255 255 17 255 149 255 111 182 0 255 88 98 255
    231 11 128 255 208 255 128 178 87 175 36 189 107 47 255 175 255 186
    255 163 255 160 138 234 88 46 255 229 255 255 94 10 17 255 150 255
    13 179 162 255 66 194 119 63 84 255 179 255 19 197 0 214 77 255 255
    51 0 255 63 157 255 94 255 255 46 255 255 156 255 4 57 143 205 244
    184 255 255 255 141 77 160 120 68 155 255 32 235 255 255 67 47 255
    255 154 84 162 55 108 27 2 72 111 162 8 56 255 145 12 64 15 94 111
    218 255 4 108 179 188 225 255 255 206 255 209 177 255 255 255 255
    132 189 213 113 36 17 255 55 130 19 101 255 255 99 58 192 91 138 248
    88 99 96 255 3 245 207 176 255 255 24 15 204 255 255 57 222 237 182
    32 130 148 255 109 144 26 79 237 155 167 33 255 209 19 255 255 210
    255 255 251 252 255 12 255 255 58 118 255 47 255 171 255 255 255 206
    255 255 255 215 190 255 138 120 233 109 30 10 255 17 212 189 250 226
    255 255 243 255 77 87 255 186 255 255 255 21 255 4 108 255 196 251
    227 71 59 174 68 255 85 255 255 255 228 255 225 239 255 147 205 14
    73 255 218 82 255 57 130 255 48 255 226 230 90 246 73 188 255 255
    118 128 47 232 68 110 244 47 228 255 220 188 104 254 214 39 98 255
    255 255 159 255 255 149 143 255 255 155 237 255 7 255 255 255 124
    197 255 17 255 255 117 255 10 88 206 9 255 130 255 66 255 255 231
    138 255 100 255 255 120 255 26 255 255 255 255 170 208 132 255 84
    203 217 26 190 14 113 164 190 255 255 144 205 139 44 255 255 95 9 21
    170 143 0 109 255 255 225 87 255 40 97 150 120 255 47 79 109 255 40
    89 226 206 217 255 39 3 255 6 113 23 189 24 192 130 19 255 73 217 70
    255 255 255 199 237 252 110 194 11 98 255 255 217 177 196 138 255 66
    246 12 255 70 171 119 255 106 248 210 26 255 110 255 30 174 48 94
    255 126 255 48 255 255 255 186 255 255 255 90 22 255 117 177 130 4
    109 244 70 255 15 255 196 106 255 225 12 213 225 135 255 137 239 255
    95 255 188 255 232 190 195 213 4 101 68 64 255 255 23 103 255 211
    255 3 255 171 49 124 10 111 85 255 26 88 255 143 255 81 255 255 255
    255 137 29 234 255 255 255 255 128 218 73 119 255 255 255 39 199 110
    65 255 29 255 255 139 225 216 120 255 252 106 126 152 39 255 255 161
    255 135 237 215 77 160 255 254 232 255 182 201 179 255 41 111 73 239
    157 248 48 255 156 229 53 181 98 230 255 47 255 96 255 255 94 204
    255 255 255 118 137 255 193 92 255 82 255 34 206 32 236 255 96 152
    60 255 46 255 255 224 255 255 103 104 243 222 22 255 255 255 83 224
    255 226 159 255 255 66 235 66 30 147 255 255 255 255 255 255 38 255
    65 255 23 255 255 75 15 255 130 65 190 208 255 87 115 213 0 117 90 9
    48 255 231 77 255 255 255 255 254 235 249 130 206 225 255 22 14 53
    236 255 150 92 255 255 255 31 64 255 107 255 200 255 188 46 255 179
    255 255 60 128 255 162 130 255 102 255 255 199 255 94 246 255 140
    156 141 255 255 255 255 62 255 60 255 61 85 255 94 7 255 225 247 115
    72 58 255 196 222 255 29 255 49 73 94 120 206 255 156 254 255 255
    255 255 250 255 255 255 255 255 88 255 255 255 153 171 122 255 255
    134 255 255 188 36 255 205 66 136 220 255 10 102 239 255 141 255 15
    255 73 198 128 255 213 90 255 176 96 212 246 255 255 255 199 210 232
    83 228 102 36 189 255 85 255 167 255 134 131 255 150 78 171 255 135
    147 255 225 255 1 73 255 62 99 255 102 119 53 97 255 226 233 235 255
    255 255 70 120 255 255 181 14 47 92 174 254 84 22 169 211 255 255
    255 255 255 83 255 255 160 255 23 152 154 255 255 255 255 15 255 255
    255 255 255 119 172 154 255 255 141 255 255 38 81 218 255 243 255
    255 22 172 255 18 89 255 255 255 120 171 147 143 226 255 115 211 255
    149 255 36 255 152 255 222 80 255 255 161 255 255 255 255 8 88 218
    255 116 255 255 255 255 255 255 255 255 255 162 255 29 255 255 243
    255 184 156 147 126 109 177 255 206 109 19 240 255 255 37 237 255
    240 255 4 121 255 224 134 150 64 115 255 47 219 255 255 235 154 6 87
    75 145 166 181 255 255 206 255 33 157 255 152 255 255 255 246 15 30
    255 255 214 255 255 255 229 255 48 255 255 18 22 173 182 80 255 164
    150 164 250 255 255 75 255 109 164 247 255 255 53 117 51 255 255 127
    154 255 174 3 2 59 255 21 94 167 88 255 111 173 75 255 255 255 255
    145 108 255 255 10 255 246 255 63 255 189 255 255 247 255 255 239
    255 83 255 15 60 255 255 194 68 255 90 255 255 255 255 255 255 51
    184 255 99 255 239 171 255 71 255 36 255 214 109 255 30 255 255 0 85
    255 0 7 209 127 218 255 144 102 255 142 5 255 243 188 100 70 255 164
    239 150 255 255 46 109 239 0 15 189 255 162 175 186 255 215 255 255
    121 27 209 84 255 13 203 89 111 54 255 255 179 255 100 10 232 255
    142 104 207 29 255 255 255 255 255 51 38 255 87 12 24 48 255 255 255
    49 255 255 255 209 255 255 255 97 162 255 3 225 207 50 255 92 164 78
    255 255 255 255 58 255 132 108 255 66 255 55 222 39 255 40 21 61 255
    255 255 255 174 255 255 146 104 94 148 229 90 192 136 255 255 55 64
    30 60 255 106 135 109 189 255 255 246 255 255 240 255 255 120 242 62
    255 131 81 29 255 255 159 255 255 255 51 233 201 135 158 255 255 102
    126 255 255 239 255 218 255 176 255 255 58 56 172 143 130 248 184
    255 128 255 255 255 255 71 21 22 43 19 119 105 99 155 245 30 206 100
    240 255 255 255 38 4 52 255 182 189 255 233 255 255 13 112 171 71 40
    255 111 255 73 169 193 255 255 51 255 8 170 255 255 255 106 47 192
    255 255 174 7 255 22 255 152 26 138 255 7 240 0 115 84 248 66 255
    255 69 246 255 244 247 218 167 206 255 54 255 255 137 136 255 239
    227 255 72 51 255 144 211 255 255 179 34 134 255 21 11 255 231 174
    254 134 128 255 245 255 255 64 244 255 255 255 255 226 182 203 255
    221 255 255 240 0 229 33 255 62 76 255 255 12 162 216 243 182 24 10
    165 255 126 255 68 105 255 246 239 92 213 250 239 255 255 181 237 37
    255 255 159 254 167 33 255 255 255 252 186 92 255 211 30 193 190 241
    255 255 128 255 58 235 229 255 228 255 2 25 188 255 244 254 124 77
    140 255 36 255 177 11 255 179 141 138 255 62 5 255 255 99 73 193 5
    255 32 255 255 126 244 152 255 22 130 255 255 164 206 255 255 29 211
    255 255 255 255 123 87 188 155 182 255 7 255 30 255 167 255 236 232
    255 221 255 2 255 179 255 135 255 85 47 239 255 222 111 255 153 14
    255 4 36 83 195 65 255 255 211 147 215 229 119 21 56 255 12 255 107
    217 255 30 212 255 196 34 104 255 131 244 203 68 255 255 40 255 255
    4 164 55 161 255 113 178 116 255 127 131 154 47 255 255 130 126 255
    218 255 32 126 255 145 255 220 135 94 73 126 218 255 255 141 255 255
    72 116 255 155 255 255 14 255 100 15 174 167 255 255 92 255 255 169
    255 131 179 141 255 255 255 184 203 150 255 255 255 255 152 255 255
    255 117 31 45 255 38 71 43 43 255 255 131 255 39 229 255 255 5 255
    255 7 255 119 255 34 87 255 255 203 119 255 135 255 255 255 255 41
    224 164 255 123 255 134 255 157 255 90 255 194 83 92 255 255 85 23
    144 255 205 99 77 40 255 123 233 246 136 143 255 255 128 181 255 226
    17 255 255 255 255 181 17 255 255 58 223 137 184 247 255 109 227 186
    255 171 102 90 179 255 68 255 255 11 255 209 98 255 255 126 82 213
    255 217 255 168 235 255 57 171 169 134 174 255 11 255 255 186 65 98
    66 255 248 255 90 9 44 255 255 255 116 2 255 255 40 146 77 13 17 255
    130 255 82 241 250 249 186 142 7 255 167 208 255 255 102 255 207 255
    88 32 255 162 141 215 255 135 43 255 109 148 188 172 99 34 255 227
    24 139 255 255 139 255 143 200 239 255 163 85 255 70 169 255 157 255
    130 206 255 255 255 255 255 188 255 255 41 255 139 168 255 255 186
    255 120 145 145 255 255 249 255 255 255 252 190 255 6 132 255 32 177
    255 56 11 102 255 43 205 199 197 255 203 188 48 255 246 255 26 32
    255 255 28 255 255 255 255 255 255 255 255 51 90 248 54 82 71 159
    114 88 255 172 102 92 251 248 255 255 255 128 75 255 188 102 194 124
    32 196 255 3 255 255 255 255 214 215 255 255 27 85 255 20 160 254
    255 255 61 15 120 232 0 255 170 60 255 43 255 2 61 255 255 255 188
    255 255 55 87 6 255 255 230 255 233 52 213 255 229 255 255 142 206
    205 255 255 255 103 31 13 199 249 255 97 89 255 174 255 255 19 99
    255 95 255 255 255 31 246 171 255 68 76 94 158 255 72 255 254 255
    107 159 92 186 88 255 141 97 255 124 59 255 184 32 255 255 87 24 255
    255 135 218 150 147 222 17 255 255 232 240 209 43 255 152 88 255 255
    229 255 255 39 165 255 156 147 75 189 107 209 22 255 92 255 73 88 61
    255 92 255 255 241 19 159 181 79 255 100 86 200 126 255 244 255 149
    255 66 108 56 229 68 227 175 241 24 255 229 255 209 255 255 135 255
    138 60 255 200 255 97 255 255 19 255 255 101 148 255 255 181 255 255
    126 255 211 49 255 83 49 62 4 255 214 8 255 98 255 255 255 138 225
    181 255 255 255 12 130 220 150 252 239 197 255 255 255 220 160 51
    255 119 62 239 49 255 255 36 126 136 233 68 255 119 250 5 32 128 232
    255 127 255 45 44 217 255 239 255 58 255 255 255 135 182 255 166 27
    87 106 255 255 255 255 26 106 222 255 255 138 255 255 255 117 90 46
    255 116 255 255 146 123 254 44 255 19 8 255 77 84 227 255 255 255
    132 43 255 255 255 121 255 219 255 13 1 87 255 10 55 255 186 65 255
    207 63 255 73 255 255 33 255 255 255 255 32 255 255 255 188 255 73
    255 155 92 7 159 160 255 255 255 141 3 255 255 255 255 163 240 255
    152 255 255 255 44 255 255 255 255 226 255 226 190 73 23 255 255 255
    116 138 255 184 164 115 98 85 255 152 14 60 128 10 248 28 255 150
    200 255 255 0 55 243 192 196 47 186 32 117 34 255 98 255 255 255 235
    255 150 255 255 255 52 255 79 211 255 13 51 194 70 170 46 255 144
    111 235 119 255 255 206 196 255 228 44 255 217 9 255 247 255 255 203
    99 255 92 255 255 255 75 156 7 36 49 110 255 255 11 239 255 255 123
    139 246 255 164 159 116 255 255 255 255 224 255 113 255 34 211 21
    255 154 255 176 45 80 255 255 79 56 255 255 255 255 52 31 255 28 227
    64 28 255 255 230 255 139 255 87 26 193 255 2 255 255 167 255 46 255
    160 255 79 226 26 152 248 255 145 88 121 255 255 119 255 112 75 166
    255 255 255 255 255 145 92 205 109 153 89 150 255 255 255 149 46 255
    222 255 75 46 5 255 17 43 255 134 182 255 95 157 79 8 114 255 138
    255 255 156 55 105 210 24 164 22 255 255 255 155 255 255 97 85 204
    255 75 14 194 255 7 255 73 197 215 255 182 255 94 251 255 255 197
    184 255 255 143 88 255 255 255 174 255 134 255 255 255 30 159 154
    244 255 186 175 255 226 23 113 169 255 143 255 168 55 0 201 255 255
    255 196 38 144 43 175 255 34 201 255 255 255 255 255 166 255 116 255
    255 246 203 175 68 255 25 252 4 255 255 79 185 196 255 255 255 255
    255 140 169 212 255 141 255 255 255 188 94 41 65 255 102 175 255 194
    196 176 40 52 167 105 106 89 71 94 255 255 120 49 51 128 246 255 255
    200 255 255 255 162 255 225 255 199 106 255 155 167 255 255 255 107
    19 255 83 115 244 231 77 255 77 11 255 255 255 177 17 255 255 255
    164 255 53 239 255 77 255 255 47 83 29 100 181 255 98 117 48 166 127
    255 243 211 85 70 193 128 255 132 9 154 119 237 0 255 255 103 214
    255 70 255 24 255 255 239 255 255 193 117 63 255 255 255 10 255 149
    255 255 83 255 255 145 255 255 145 211 60 196 184 255 255 157 255 37
    255 143 36 255 64 255 255 237 41 49 177 255 116 194 61 255 255 255
    255 255 255 140 13 102 65 173 206 32 77 254 255 141 72 255 182 101 3
    255 141 208 255 134 24 255 175 255 255 255 255 145 10 255 173 197 12
    255 6 159 181 32 234 255 23 130 255 21 73 255 44 164 26 37 73 255
    102 255 255 102 179 255 255 255 255 105 118 182 255 255 235 119 255
    255 97 251 255 72 255 177 200 172 113 3 255 73 51 116 255 109 255 0
    255 255 255 94 255 255 255 138 255 199 255 222 200 255 255 156 255
    92 90 255 188 66 255 255 157 252 30 63 44 255 255 255 255 110 255
    135 43 255 255 148 211 171 139 255 255 75 131 188 97 255 23 214 255
    77 255 255 143 210 255 38 124 255 224 188 80 255 255 205 81 36 255
    255 77 119 73 145 147 158 255 255 255 224 164 255 255 189 196 255
    119 255 255 165 137 124 255 255 255 68 192 230 255 255 83 255 6 255
    255 8 255 164 11 255 255 205 255 123 255 146 51 117 255 155 62 255
    255 32 184 255 255 195 255 218 84 255 115 6 159 248 75 39 32 30 138
    255 101 255 188 26 255 201 255 3 70 255 102 201 36 126 255 108 179
    181 210 255 255 41 194 103 255 254 6 59 10 241 255 240 11 157 56 201
    212 255 250 186 67 103 171 255 246 170 85 255 1 118 70 26 107 34 248
    255 255 255 68 255 244 43 255 197 186 100 178 255 255 124 0 222 112
    213 255 255 255 255 54 101 62 255 135 130 186 255 73 255 220 229 73
    189 137 225 251 255 251 255 255 25 152 255 30 255 40 57 85 255 48
    255 181 161 38 255 166 255 255 6 222 255 255 31 255 90 89 100 41 174
    255 189 135 186 87 255 6 59 53 90 51 188 21 8 176 255 255 255 255
    212 255 190 206 255 32 255 84 21 137 255 134 7 255 255 29 49 255 255
    107 162 221 255 152 101 138 255 47 249 239 226 36 255 61 179 203 179
    200 255 117 92 255 255 196 255 50 255 255 116 255 224 237 102 49 87
    116 255 21 255 145 76 189 192 218 255 255 255 255 162 29 41 199 255
    255 188 255 255 21 255 255 255 233 73 255 127 255 220 255 49 181 255
    255 255 254 193 255 137 255 255 228 70 43 251 255 169 94 255 179 255
    255 255 91 19 120 255 114 81 230 255 255 170 10 255 36 255 255 37 19
    255 135 19 255 174 142 145 255 12 100 43 106 255 99 255 40 255 255 6
    112 255 255 77 157 255 1 255 145 255 43 198 115 182 255 25 9 156 120
    14 255 164 10 213 255 255 248 255 184 15 97 255 122 168 113 239 81
    255 241 110 145 255 12 68 255 193 68 255 255 255 175 219 121 255 113
    223 71 255 255 255 58 85 28 255 255 160 255 133 71 94 121 124 21 255
    255 10 255 255 253 227 255 255 177 173 149 34 255 255 255 75 195 255
    139 255 255 255 41 255 55 182 255 255 34 237 255 208 255 145 255 99
    255 255 255 255 23 31 143 255 130 235 128 101 188 108 255 255 92 0
    255 237 255 51 248 63 255 255 201 132 255 56 255 235 240 167 84 239
    75 34 97 231 236 255 255 128 255 15 255 255 255 134 148 255 92 2 53
    159 109 255 217 61 71 196 200 188 70 87 203 112 215 229 255 177 255
    172 119 13 139 255 4 239 255 198 14 51 117 177 119 132 46 223 255
    255 26 255 120 255 255 166 255 179 255 255 255 255 7 207 208 255 255
    255 196 47 221 70 58 255 182 255 130 255 0 203 255 255 11 255 58 167
    251 255 3 255 255 255 255 32 255 218 171 255 196 107 120 255 214 251
    53 255 244 29 73 240 255 255 210 235 130 255 17 255 255 255 255 141
    255 68 119 181 255 255 255 255 179 63 255 79 255 100 188 10 49 157
    133 137 95 36 255 172 255 255 181 249 175 14 255 250 117 84 92 251
    113 255 255 56 255 179 148 255 117 255 173 255 186 96 255 164 77 255
    223 237 103 72 255 248 255 255 168 255 83 255 172 38 28 104 103 255
    67 255 168 255 228 131 255 92 233 154 103 255 255 43 41 184 255 255
    31 196 255 255 137 37 255 81 254 174 255 255 130 255 241 22 109 204
    15 255 250 255 115 255 41 255 255 246 255 164 255 255 225 255 90 14
    255 137 255 229 115 92 200 255 211 255 143 63 107 255 255 111 55 237
    255 173 193 191 255 255 255 160 55 142 213 148 255 255 237 244 255
    117 177 28 255 255 255 39 255 235 7 240 255 235 148 255 50 97 105
    250 255 201 76 237 96 255 255 150 254 97 255 235 255 2 255 255 255
    255 255 60 254 148 201 155 114 83 70 255 241 163 255 255 17 206 8
    255 48 184 170 26 233 172 107 188 86 94 255 188 171 222 68 189 6 11
    255 255 255 255 255 80 191 177 103 169 167 28 75 255 255 255 255 189
    255 255 255 176 62 255 255 241 37 255 55 97 255 109 157 251 38 251
    255 117 145 5 135 86 126 85 237 32 6 201 255 201 255 230 255 255 84
    53 255 70 109 108 147 224 255 87 228 224 255 75 123 255 255 184 255
    132 228 255 255 102 184 160 166 184 2 188 15 255 130 56 192 200 184
    224 215 56 255 130 255 184 175 255 255 255 255 229 255 255 255 34
    255 255 246 255 255 255 94 36 255 255 45 255 255 255 255 116 231 86
    252 255 255 106 255 255 90 255 137 200 255 226 255 255 22 12 255 59
    255 213 117 255 231 255 255 181 148 255 255 139 206 103 255 206 15
    92 255 85 138 96 23 255 87 255 39 101 255 255 255 255 3 189 115 255
    10 17 157 255 255 255 206 233 12 206 87 19 140 255 190 218 182 21
    240 51 66 252 255 255 63 255 219 255 255 94 113 255 135 118 255 1
    255 145 58 84 255 246 255 255 250 41 166 255 135 205 80 27 190 144
    255 255 175 255 218 226 255 62 255 255 34 26 255 255 155 255 255 230
    247 130 255 31 17 124 255 117 196 255 255 44 255 255 166 255 19 226
    255 255 134 138 255 3 255 255 22 255 17 255 200 34 255 49 255 255
    210 255 190 247 160 1 48 255 192 255 255 240 159 214 255 255 255 255
    188 62 193 118 255 215 255 255 62 106 235 211 255 255 255 255 255
    106 255 102 255 27 255 43 142 255 72 191 255 203 255 255 0 255 47 61
    201 255 253 255 255 149 0 83 65 255 255 255 106 47 119 26 68 255 255
    38 255 255 255 255 9 255 255 255 49 51 121 255 255 154 255 105 255
    158 230 14 255 91 94 255 34 255 255 255 232 255 255 255 255 106 255
    68 255 114 255 253 29 255 214 147 255 255 167 255 255 239 130 130
    255 167 58 196 164 255 128 255 103 255 255 232 222 255 66 159 182
    116 255 103 214 32 34 193 255 34 164 255 255 244 255 2 255 255 255
    255 123 255 14 237 58 66 255 139 251 255 255 255 255 216 197 177 88
    108 255 205 255 38 2 255 255 38 128 255 135 226 159 255 10 255 255
    102 255 255 121 133 255 255 255 179 127 26 73 59 255 255 255 24 255
    83 14 98 159 255 255 255 255 255 181 255 255 255 155 255 139 220 229
    253 104 255 255 7 255 39 255 255 190 255 255 3 121 119 255 255 87
    148 255 141 65 176 71 97 193 255 226 255 255 244 255 255 255 217 171
    255 3 255 255 255 41 217 218 255 215 167 255 255 255 214 255 14 88
    84 255 66 255 255 102 150 255 255 255 255 255 115 255 255 75 48 255
    251 87 8 221 101 255 255 255 164 102 61 255 255 255 119 94 255 92 81
    138 255 204 255 255 255 145 132 81 255 255 161 191 188 186 255 255
    28 255 8 83 113 36 255 164 255 255 255 255 48 49 24 36 217 255 255
    255 237 228 200 241 81 84 58 84 121 248 121 90 255 255 154 255 160
    255 255 121 38 62 196 255 135 255 255 53 184 43 211 77 111 255 255
    255 255 197 38 231 157 255 255 76 255 198 40 222 201 255 255 85 94
    125 2 248 174 211 168 255 255 229 255 255 109 53 255 251 5 255 179
    152 147 14 138 255 145 196 70 14 22 152 139 255 218 255 147 255 34
    152 126 8 43 255 51 104 139 137 255 255 18 193 255 123 255 122 255
    255 255 134 255 83 153 87 255 153 162 255 255 31 255 130 53 233 230
    220 30 248 113 255 86 251 255 255 255 90 188 255 71 80 255 68 255
    255 149 253 160 255 188 255 255 4 255 255 146 255 255 6 49 255 112
    118 255 172 46 205 81 29 255 255 7 66 90 196 255 255 255 255 0 123
    36 58 255 255 81 255 255 255 255 51 54 255 66 255 39 241 66 255 109
    77 255 255 250 255 182 228 172 4 255 255 30 0 255 68 255 10 167 247
    255 41 12 222 255 232 255 255 255 179 214 7 63 71 210 55 190 255 34
    175 255 165 255 255 75 85 255 48 255 255 255 162 50 26 147 110 15
    255 40 111 143 72 234 107 65 237 207 17 229 255 177 102 40 255 255
    255 83 121 255 255 29 255 106 160 255 232 255 130 203 255 81 255 255
    255 255 5 87 255 255 94 166 211 83 215 222 228 188 164 11 255 255
    255 255 123 190 135 84 139 150 255 243 116 189 156 200 255 120 255
    89 134 69 46 158 253 92 154 55 38 38 255 188 255 255 255 139 51 255
    255 63 246 34 124 106 255 255 255 246 40 255 228 115 255 255 255 46
    28 255 242 255 247 255 143 255 255 255 33 49 255 255 255 255 190 240
    255 15 255 66 255 68 181 255 255 135 172 255 255 44 72 134 255 255
    255 15 255 34 150 247 255 115 255 49 255 44 255 7 255 255 255 43 179
    255 255 255 255 255 255 10 255 255 193 255 68 254 109 255 163 255
    254 190 255 255 15 255 255 255 255 255 103 255 107 255 179 222 255
    135 255 255 255 184 14 229 255 113 58 60 75 255 255 204 2 255 178
    255 213 0 205 164 131 191 62 11 223 17 255 114 169 155 179 38 201
    160 255 235 169 169 170 255 222 170 255 226 204 63 255 97 31 164 98
    255 9 40 211 255 30 255 255 32 194 255 152 15 255 28 237 192 255 9
    103 62 174 113 250 237 255 106 167 188 233 196 255 211 255 255 1 169
    255 255 255 66 206 255 181 66 0 34 255 255 115 138 255 137 255 106
    109 250 255 255 255 61 229 226 255 184 255 255 255 91 255 255 44 211
    254 210 255 255 134 215 190 192 128 60 196 160 128 36 255 255 175
    182 147 46 255 255 159 255 64 98 111 255 250 255 38 246 255 53 90
    255 166 219 255 255 95 222 255 167 255 111 171 90 255 224 164 100
    255 208 214 15 255 28 208 255 47 255 177 115 59 184 255 113 70 255
    255 255 171 204 232 21 255 104 255 255 196 181 174 92 255 215 68 255
    63 3 171 182 255 88 235 159 255 255 255 100 76 31 255 76 255 73 210
    126 246 255 152 255 10 255 49 255 240 255 239 255 255 192 24 130 19
    109 229 3 191 51 255 255 226 150 65 255 255 12 255 193 255 120 110
    255 255 228 72 255 255 29 96 106 255 8 105 171 250 62 147 255 153
    255 255 79 255 255 241 255 214 255 26 49 70 217 255 174 142 255 144
    255 255 255 255 255 250 255 255 97 255 115 128 189 255 112 255 24
    237 242 103 128 182 124 70 255 60 255 179 156 255 255 255 86 251 203
    255 255 255 26 255 255 247 255 255 255 77 194 171 255 255 221 255
    150 251 5 134 120 255 237 135 176 199 134 106 255 61 255 214 29 255
    11 170 255 255 58 148 194 164 136 243 255 215 92 235 255 15 255 99
    255 255 255 243 58 255 255 255 92 255 6 63 26 221 218 255 160 123
    126 66 255 255 156 7 177 233 255 255 163 49 73 255 31 255 255 255 23
    34 198 160 55 85 255 255 200 26 23 193 175 255 198 255 204 56 255 70
    181 92 150 255 255 90 255 182 255 255 255 153 255 255 188 70 254 255
    235 2 6 189 255 255 191 255 95 255 88 228 97 6 184 113 216 102 255
    255 29 255 62 148 255 2 255 255 109 255 39 120 186 77 228 18 179 38
    253 255 115 46 255 255 79 130 145 152 255 156 222 255 255 66 255 139
    255 255 40 254 162 255 98 136 255 255 255 164 128 255 255 95 255 85
    117 235 109 255 220 66 11 255 255 181 154 255 86 164 177 255 102 255
    40 84 255 81 255 51 79 80 255 134 2 241 226 255 255 110 63 2 55 160
    231 255 194 255 65 15 160 110 27 214 138 164 254 255 255 231 255 218
    255 232 255 255 94 34 70 247 58 6 55 70 190 193 255 224 255 215 255
    184 67 255 83 251 229 226 255 96 174 255 255 127 255 87 246 255 171
    255 67 107 248 165 255 48 255 71 18 239 134 65 48 81 255 255 255 186
    255 135 150 17 209 251 78 255 255 218 255 255 255 255 255 101 132
    134 255 38 189 255 255 170 239 255 0 194 255 255 255 152 6 2 119 255
    31 255 4 255 128 155 255 255 255 165 117 97 249 255 128 174 255 8
    193 190 184 118 196 8 3 255 19 255 255 255 255 255 117 255 214 91
    206 255 161 255 85 248 205 96 255 255 119 117 255 255 197 20 239 98
    255 38 145 159 255 101 172 255 241 255 255 255 255 175 175 255 141
    70 255 47 69 162 246 102 9 255 153 255 255 224 255 255 59 68 45 72
    249 255 255 255 255 255 255 47 235 131 171 251 3 255 121 143 160 83
    255 45 26 255 8 163 19 255 255 255 255 232 182 255 48 77 255 255 255
    255 132 255 24 8 255 201 255 136 255 255 10 190 255 97 255 11 109 30
    255 38 255 142 255 255 95 201 255 164 41 224 50 75 255 246 186 255 0
    114 255 255 53 255 163 208 145 19 182 237 255 255 199 255 227 205
    112 225 255 117 254 164 255 255 255 230 246 255 255 5 235 255 255
    147 33 188 255 81 255 6 255 255 64 248 101 255 109 229 255 255 116
    255 65 255 255 255 255 255 253 255 175 135 77 255 255 255 248 28 255
    255 190 255 32 217 203 13 246 255 255 166 191 255 206 20 40 132 32
    255 255 255 135 135 255 255 246 244 255 255 208 36 146 249 255 255
    255 255 207 172 237 255 0 255 175 179 51 240 114 255 55 61 255 255
    255 255 12 12 179 41 255 254 41 255 255 103 255 62 246 255 64 184
    193 213 254 255 255 237 255 255 14 255 53 255 255 255 17 9 255 255
    255 152 203 255 255 63 249 255 32 255 255 120 255 220 55 165 141 139
    125 11 225 92 255 204 255 255 160 255 88 163 5 245 123 80 255 233 51
    255 175 121 224 139 234 68 134 220 107 29 14 255 204 5 6 73 61 252
    145 80 60 73 114 255 179 181 9 253 32 255 255 49 30 255 255 149 150
    246 211 116 255 182 146 116 150 134 51 255 149 255 255 255 244 239
    255 179 255 206 255 255 170 249 255 22 200 64 255 255 47 115 255 68
    76 3 255 203 140 79 12 255 177 59 176 58 255 255 255 229 227 211 228
    247 134 232 130 255 255 157 255 254 255 220 68 123 49 255 255 255 70
    255 213 255 164 113 29 177 192 255 255 24 255 131 235 254 211 255
    197 67 255 22 244 255 255 255 134 255 114 255 255 249 49 51 176 255
    99 160 109 230 167 60 184 255 107 40 2 130 47 38 132 84 255 85 204
    61 235 62 102 150 241 255 83 255 255 24 14 255 255 255 255 68 153
    255 87 255 24 255 255 255 255 255 255 255 4 36 40 255 230 241 255
    255 255 26 255 255 255 101 51 144 255 255 84 246 2 25 135 255 178
    255 81 255 255 255 255 255 255 179 27 216 137 255 255 157 255 218 69
    70 85 153 97 66 127 255 124 246 24 94 51 34 255 86 51 255 193 255
    255 255 255 28 8 255 56 37 255 124 7 196 105 97 131 255 236 255 235
    105 176 143 108 255 233 255 55 181 255 85 255 84 255 255 99 85 255
    29 255 255 142 104 255 225 85 255 149 255 255 6 194 254 200 255 255
    157 255 120 255 255 150 0 84 177 145 160 164 255 255 40 36 31 255 17
    255 255 119 189 205 255 255 122 72 255 255 99 196 111 255 255 199 39
    255 255 80 255 83 255 255 85 80 203 26 155 174 255 167 255 190 224
    255 255 189 104 255 36 237 51 160 27 255 255 133 38 109 193 0 75 61
    211 255 255 83 36 130 233 29 255 255 34 255 255 7 255 255 171 255 43
    55 255 213 210 255 255 255 230 255 97 56 79 3 255 179 240 255 255
    255 255 105 98 49 36 135 104 255 230 184 188 3 255 124 255 165 255
    255 109 186 218 181 17 255 255 255 255 255 40 200 255 224 106 17 246
    181 116 124 68 172 255 138 255 255 29 53 107 178 152 241 255 255 255
    255 104 109 142 255 255 255 121 98 255 255 229 255 239 237 4 198 62
    105 104 179 221 255 218 200 255 143 23 235 87 90 20 62 255 121 255
    54 255 229 197 255 201 192 255 255 63 10 194 221 55 255 251 255 255
    255 147 55 219 223 255 255 234 255 92 255 255 255 164 15 255 118 40
    255 89 17 26 255 228 134 119 255 255 53 255 225 255 126 0 135 255
    255 205 255 255 85 255 255 148 255 255 255 252 181 255 56 179 255
    199 255 89 34 255 255 79 255 140 255 255 255 255 255 242 23 255 101
    45 152 255 255 253 118 255 255 200 255 33 255 255 86 255 255 138 87
    255 86 255 255 255 255 120 167 55 32 222 227 126 255 160 87 192 255
    209 120 255 13 75 255 115 230 255 255 255 36 231 4 255 255 113 255
    124 255 211 255 12 102 255 247 5 241 226 255 255 255 255 255 200 255
    184 152 17 56 255 148 62 255 255 255 36 145 23 255 255 255 156 196
    164 255 78 255 235 111 160 57 135 255 229 84 255 255 55 255 255 239
    49 127 154 255 219 255 98 130 77 255 73 12 177 246 255 53 175 41 152
    188 138 51 255 255 255 248 65 75 255 155 184 41 255 45 41 73 73 255
    75 36 228 87 98 84 182 0 75 89 255 41 255 255 83 63 152 152 255 36
    72 255 255 106 255 201 255 220 43 255 121 255 215 94 143 164 3 32
    106 255 255 255 255 70 29 255 107 47 255 255 255 181 122 46 235 255
    126 255 255 19 255 255 255 237 255 255 51 255 255 255 255 255 128 58
    201 255 255 138 255 255 255 205 47 73 218 150 6 39 255 164 126 255
    109 138 113 170 255 255 14 106 0 14 255 255 255 2 255 113 3 226 52
    255 255 123 206 109 244 255 19 138 126 13 91 255 58 66 255 255 127
    255 255 142 255 255 255 237 255 255 255 92 83 255 141 156 237 255
    255 255 179 255 255 239 126 255 255 145 255 255 255 99 255 50 46 255
    152 65 255 255 255 135 185 232 36 126 255 255 255 255 255 221 111
    243 192 9 255 214 90 255 101 255 255 255 255 255 189 239 207 77 255
    255 170 89 96 255 0 226 171 36 255 179 255 255 200 160 156 175 114
    192 255 255 2 69 186 19 46 142 199 247 255 179 188 255 228 69 177
    255 197 172 149 105 118 255 255 255 68 115 27 79 178 177 51 80 255
    94 7 255 102 195 152 255 168 255 255 135 255 233 201 255 255 94 49
    73 211 5 255 255 53 167 76 255 71 193 65 83 22 46 56 248 255 248 138
    2 255 30 239 255 92 217 248 255 255 160 156 56 255 3 255 255 221 239
    166 80 255 255 255 255 109 39 32 255 79 174 198 240 136 255 137 255
    255 206 234 255 237 255 255 255 255 255 255 77 255 255 255 226 255
    15 255 10 65 255 226 176 255 219 255 255 255 254 235 199 67 255 159
    255 250 113 252 255 255 255 87 32 255 255 255 15 255 254 101 182 197
    255 62 11 255 255 255 44 23 152 244 30 170 255 36 255 49 173 207 244
    30 218 244 198 146 251 255 212 194 8 206 255 255 255 255 90 152 255
    255 109 51 255 172 15 233 66 249 245 255 99 87 255 107 126 199 44
    255 255 255 53 255 255 149 30 75 139 29 58 255 255 255 252 103 10 32
    76 232 255 157 196 255 170 172 40 255 255 255 255 143 255 255 87 111
    18 255 177 47 255 56 255 89 255 190 189 255 255 116 9 90 0 255 94
    189 126 235 255 87 217 255 111 167 255 100 138 255 255 255 68 21 108
    17 218 226 155 255 188 191 255 113 130 255 188 211 62 225 15 229 255
    217 166 28 201 2 109 44 119 163 182 158 175 14 255 29 255 216 255
    222 100 195 22 255 80 135 17 255 191 231 255 255 255 126 255 203 148
    128 255 25 107 128 255 19 255 255 232 255 119 255 211 168 29 2 76
    126 111 139 208 175 207 188 199 117 92 21 171 164 229 203 130 64 170
    255 255 255 255 105 149 208 255 255 27 49 255 20 186 12 255 254 70
    145 64 214 155 255 171 97 255 86 255 186 255 255 255 132 255 222 17
    255 255 255 51 96 255 255 32 12 220 220 102 106 255 255 255 70 81 70
    188 190 46 255 41 255 88 11 150 17 185 147 255 184 193 255 255 255
    255 52 220 53 99 255 255 18 99 119 34 237 255 37 255 255 207 247 164
    168 0 218 255 255 255 230 255 255 102 255 255 255 75 103 7 255 134
    83 29 246 63 255 255 46 61 245 255 119 60 255 223 83 109 255 248 43
    174 255 219 255 98 17 255 228 126 255 186 255 24 255 106 255 255 214
    255 19 255 255 255 255 205 17 41 255 255 255 255 255 255 143 255 146
    201 255 124 119 19 157 255 164 127 255 255 120 123 188 148 92 218
    131 255 199 57 43 111 119 53 231 255 234 235 141 255 164 103 255 255
    212 255 53 229 227 199 175 255 56 204 255 255 178 255 17 255 53 255
    255 255 4 255 255 255 255 17 255 73 24 255 255 246 255 70 211 30 255
    255 130 124 118 211 131 213 207 255 255 255 17 255 111 255 255 255
    153 227 255 224 125 105 30 255 0 255 154 255 255 220 226 208 255 102
    57 255 255 255 255 119 21 255 26 255 255 149 255 126 255 255 222 255
    59 203 49 255 255 255 134 255 241 255 24 9 255 106 255 255 49 255
    193 255 255 199 198 255 228 218 134 199 255 255 26 210 154 108 96
    102 32 242 8 25 255 199 128 255 255 255 213 255 87 32 49 255 255 255
    146 167 32 91 255 255 47 255 255 248 58 255 149 255 255 255 252 255
    144 255 60 115 201 255 253 255 254 210 255 255 255 131 233 255 67 62
    177 255 158 255 255 229 109 229 255 255 255 255 244 255 182 128 73 0
    0 39 255 197 87 255 255 160 94 137 135 145 117 73 255 255 255 255
    255 255 255 222 255 147 11 249 255 97 255 255 208 255 167 218 179
    209 87 235 255 7 255 255 185 68 51 131 106 47 172 255 75 255 56 248
    75 39 255 119 61 130 80 154 70 57 55 134 237 255 255 185 3 164 255
    255 255 34 155 98 255 218 255 23 255 255 75 3 255 248 123 85 166 255
    92 36 48 255 255 255 255 141 82 211 51 218 255 182 165 255 188 255
    255 167 138 188 255 255 58 255 255 56 255 131 255 255 255 255 255 63
    255 152 143 255 226 174 70 163 229 192 241 255 255 109 19 255 90 255
    255 66 255 255 255 232 38 128 154 255 255 255 56 171 24 45 204 255
    128 255 255 255 139 102 255 150 213 83 179 255 255 233 198 254 113
    255 115 224 255 85 161 150 188 241 255 60 80 255 32 113 255 255 52
    255 255 120 89 255 207 255 24 224 138 255 253 17 255 255 255 51 255
    255 255 207 48 218 112 63 66 177 60 109 117 255 255 204 255 255 255
    53 255 117 67 255 255 94 115 211 102 255 69 46 255 142 0 255 196 255
    255 246 255 143 141 255 255 248 255 255 229 191 77 255 255 21 255
    213 255 255 60 255 186 92 255 240 255 122 255 255 255 32 26 255 248
    130 158 156 255 255 77 255 216 255 43 255 83 255 255 80 53 255 230
    223 255 148 255 255 255 148 233 80 254 255 218 229 92 255 27 255 199
    255 255 255 210 255 255 118 58 255 255 213 247 162 239 212 143 132
    157 255 51 255 65 132 255 56 182 255 255 117 33 255 62 52 255 235 83
    44 2 86 49 85 22 255 255 139 148 255 179 255 246 255 255 134 12 130
    255 25 196 255 255 255 194 156 155 73 52 43 207 126 32 4 192 130 255
    255 247 4 189 142 255 255 255 23 218 104 167 179 255 255 255 255 203
    255 46 109 159 225 102 203 53 255 255 22 255 195 203 255 255 48 109
    59 255 160 164 46 175 3 58 60 255 201 255 65 255 190 139 255 167 200
    255 126 131 255 255 255 255 255 199 148 255 34 58 255 255 135 154
    132 128 166 128 169 255 14 255 255 255 174 255 255 75 47 121 85 255
    11 255 255 51 220 255 228 116 255 113 234 255 255 255 255 254 255 70
    139 255 177 127 184 130 26 255 66 116 255 77 255 255 122 196 211 147
    255 254 255 255 189 41 39 56 162 211 36 19 255 255 198 255 255 255
    83 255 255 255 255 28 113 14 113 185 255 15 86 2 68 196 48 119 255
    255 70 130 116 245 255 169 90 138 206 23 178 106 40 255 255 6 255
    114 143 145 201 255 18 247 255 251 106 255 215 43 231 255 169 17 255
    255 2 159 206 19 182 60 255 214 222 255 153 255 255 255 255 255 91
    230 154 87 255 255 65 230 47 95 255 255 123 20 255 175 255 222 52
    255 134 255 188 243 97 255 188 83 255 255 255 227 64 106 85 237 241
    255 255 255 255 137 240 104 255 86 255 255 203 255 23 210 255 4 59
    186 255 139 174 255 34 160 70 255 255 255 84 167 150 73 255 255 80
    65 0 255 255 255 255 235 71 83 255 11 106 255 255 255 255 113 255
    164 198 255 0 85 17 116 255 207 255 192 148 255 255 108 255 134 88
    255 45 255 255 126 3 123 255 1 255 150 3 206 100 236 255 79 255 169
    55 255 255 60 255 255 41 0 255 30 255 255 81 239 255 203 232 255 255
    255 194 156 33 255 255 212 211 30 23 5 175 127 234 233 255 255 255
    255 148 181 255 255 107 246 255 90 51 94 255 163 255 171 255 251 255
    153 213 141 240 94 250 255 41 255 255 255 4 72 196 214 253 210 130
    250 70 255 203 48 255 171 196 255 255 72 124 97 255 98 186 255 211
    91 31 255 221 255 145 52 255 255 248 255 255 240 255 255 19 229 209
    161 255 143 255 255 71 188 255 255 174 31 250 40 255 255 14 51 245
    94 255 88 12 255 255 255 9 255 175 181 53 50 101 255 41 194 211 255
    255 126 47 255 255 255 255 70 1 225 21 50 255 58 146 200 255 152 255
    160 11 101 107 40 255 255 75 255 156 246 255 255 225 255 255 66 5
    255 200 196 167 255 85 255 255 222 255 146 255 255 41 255 255 28 255
    255 177 203 190 30 169 255 59 198 130 83 114 255 255 20 255 255 255
    126 253 147 198 174 31 255 135 240 255 181 48 169 255 255 255 59 24
    71 190 167 255 70 14 177 30 159 139 251 237 179 177 198 207 233 255
    24 184 159 255 109 255 255 26 255 255 70 167 40 83 56 92 25 27 255
    95 41 255 206 162 70 253 254 28 255 171 226 255 234 207 255 255 100
    200 78 255 116 7 255 21 255 255 255 41 248 189 255 58 14 128 255 37
    165 160 68 255 164 225 255 70 182 255 255 206 255 149 21 196 207 90
    255 255 255 181 255 233 255 255 177 255 213 219 255 62 250 38 26 47
    63 255 255 255 40 145 148 255 43 255 228 120 89 255 255 104 255 255
    60 255 146 48 143 211 142 255 33 255 255 80 255 192 210 210 11 255
    255 255 90 68 255 255 205 107 29 255 30 37 255 255 23 85 4 44 51 255
    255 200 255 3 171 255 33 29 255 240 70 162 81 255 255 255 179 255
    168 67 0 156 68 173 236 2 255 69 255 90 254 34 75 200 251 94 48 255
    255 208 255 23 236 0 246 255 229 255 255 119 255 103 82 255 240 84
    255 79 232 220 142 182 30 152 255 45 175 133 255 127 255 255 255 249
    255 255 255 229 94 254 132 115 191 243 124 255 255 128 255 255 255
    206 107 255 255 171 155 255 255 255 164 255 66 244 113 86 255 122
    112 235 102 255 255 218 145 169 126 255 255 19 210 154 255 211 254
    255 99 0 143 255 208 141 193 70 154 1 255 255 255 255 192 255 138
    255 251 26 255 255 135 255 73 73 109 177 255 255 40 3 181 255 255 9
    255 205 87 255 220 255 43 255 139 255 0 21 12 255 166 32 255 255 57
    106 255 255 193 198 248 255 255 135 255 213 112 119 98 255 255 255
    240 255 41 241 162 255 4 67 21 79 107 255 255 255 32 21 133 47 251
    208 255 81 255 28 134 65 255 255 155 226 73 116 71 255 255 255 221
    26 132 255 255 255 255 191 255 18 155 243 8 255 154 80 255 255 70 99
    213 61 232 255 255 34 255 218 255 141 233 255 255 255 255 19 112 255
    255 255 255 255 10 255 255 201 255 158 255 218 255 79 109 141 1 12
    255 39 255 245 139 106 135 17 106 179 193 48 192 255 210 255 255 255
    150 255 96 34 131 255 255 135 67 248 255 179 173 255 255 255 117 113
    246 172 242 4 0 73 255 87 255 167 255 118 255 255 255 245 156 255
    255 197 20 214 46 240 255 146 255 255 113 255 88 128 255 24 15 113
    255 206 67 51 247 2 160 177 78 173 127 255 4 182 9 255 253 255 255
    86 255 218 25 17 77 164 102 255 72 255 143 112 255 255 255 255 255
    145 255 23 255 80 255 66 184 98 57 255 109 172 242 143 255 189 255
    11 38 198 255 22 24 254 94 255 59 114 255 255 176 254 68 234 19 115
    255 158 255 26 255 146 218 255 39 255 220 255 169 255 47 255 255 255
    155 17 86 255 98 255 15 255 244 255 255 33 255 252 255 255 255 255
    255 255 94 162 64 255 255 255 203 143 175 255 255 173 87 255 34 255
    203 255 255 70 255 255 255 173 98 92 92 55 234 255 108 39 255 190
    182 255 108 87 255 25 133 255 177 235 255 25 255 255 15 255 255 146
    255 152 175 107 252 97 194 216 62 255 137 39 255 30 1 255 255 163
    165 220 193 9 243 22 255 255 163 255 255 179 145 105 6 255 254 255
    255 6 17 135 255 86 255 255 152 255 255 121 255 255 123 85 198 94 44
    68 76 255 70 110 255 160 255 255 53 66 67 135 236 32 83 255 255 255
    132 255 255 193 255 134 255 255 213 69 255 6 69 165 224 219 15 255
    86 255 255 255 131 224 203 255 255 141 206 209 195 255 154 255 255
    85 254 255 255 32 255 255 255 255 255 163 24 255 255 227 149 135 169
    255 65 255 58 193 218 81 255 220 24 193 77 126 39 186 2 255 255 255
    99 255 255 138 184 164 86 38 255 7 255 239 236 255 117 255 201 68
    255 70 255 195 242 255 255 208 255 51 255 255 55 255 255 255 255 255
    172 220 255 186 143 188 255 255 224 255 255 255 211 121 38 255 255
    255 32 5 169 14 255 255 65 55 43 178 136 243 255 5 255 124 255 255
    48 255 255 255 29 255 255 255 237 52 255 166 255 255 255 115 130 211
    229 121 255 214 255 255 255 84 255 61 60 255 57 255 255 196 200 119
    192 255 179 255 140 255 119 43 255 159 255 255 255 75 255 110 255
    214 255 194 255 210 255 255 168 255 255 63 5 255 255 191 192 203 255
    248 116 255 255 192 184 255 1 184 255 141 255 255 240 111 255 188
    255 255 55 255 255 229 222 255 241 14 255 43 252 156 18 255 38 203
    255 62 185 99 255 41 255 255 255 255 250 172 36 141 203 255 128 199
    255 255 255 244 66 255 255 255 132 186 15 99 255 160 224 255 255 120
    255 255 214 255 109 144 3 145 8 255 156 184 255 245 159 55 55 255
    201 255 219 255 40 7 255 115 21 255 255 200 186 154 189 89 255 22
    119 255 94 255 255 255 189 255 228 58 255 236 174 255 117 118 60 97
    194 255 6 130 255 132 255 233 91 255 45 255 255 255 193 2 175 255
    229 11 250 9 255 4 255 211 102 179 0 46 160 255 44 206 255 228 255
    255 255 255 207 11 217 255 228 68 255 41 5 255 177 114 66 94 222 255
    116 255 245 131 104 239 6 92 255 255 3 255 171 255 184 141 255 255
    146 89 255 168 255 255 50 203 41 80 255 255 255 255 66 218 255 171
    68 255 55 21 150 255 97 252 75 80 182 255 65 78 149 128 181 255 255
    26 226 79 255 109 77 89 194 255 255 162 255 255 255 200 255 141 199
    255 214 190 237 43 255 255 255 83 218 255 44 82 30 79 92 255 255 77
    255 255 255 255 255 138 23 33 73 255 152 135 164 248 77 255 86 255
    255 255 247 246 152 118 6 18 225 41 224 255 122 112 61 169 141 255
    160 149 223 255 255 82 45 244 255 194 131 255 255 255 255 255 255 17
    175 21 106 222 17 10 255 255 255 21 248 255 166 145 242 173 159 242
    75 195 174 255 255 3 255 255 255 15 221 20 60 110 255 124 47 255 255
    10 19 255 181 60 15 123 63 255 128 61 143 55 255 205 248 255 255 255
    255 186 103 99 164 131 255 255 15 255 23 127 255 255 178 235 255 255
    84 81 92 255 255 255 255 211 102 255 115 68 188 255 117 255 177 190
    255 45 61 118 198 197 255 60 255 22 207 132 106 45 255 19 51 146 255
    255 193 255 188 25 255 135 255 186 255 181 179 75 255 176 137 207
    255 235 255 172 90 230 230 255 255 255 255 255 20 137 113 90 255 255
    255 137 153 191 255 190 255 255 86 255 255 255 255 255 254 254 102
    255 255 207 255 165 255 139 169 255 12 255 255 146 255 255 251 255
    60 255 210 137 197 213 166 255 99 158 163 107 75 255 60 255 255 60
    103 255 63 255 219 255 21 255 255 8 255 7 255 124 255 255 21 7 220
    86 87 255 77 255 255 255 198 255 201 177 255 255 255 71 255 255 124
    221 255 49 255 155 255 73 246 255 148 24 255 208 126 0 39 182 255 36
    203 166 210 255 250 124 232 239 22 135 255 160 92 255 255 255 117 55
    102 75 98 119 87 146 56 213 167 118 255 105 252 255 253 255 255 255
    53 255 124 136 255 255 255 255 57 48 166 255 171 255 63 154 255 8 43
    41 255 255 166 95 130 255 142 255 164 120 255 156 21 73 255 206 174
    60 255 26 255 25 194 75 166 240 34 255 255 218 65 255 255 117 255
    246 10 255 255 97 164 43 182 255 255 40 193 255 255 255 255 197 58
    49 156 255 130 117 39 255 236 255 255 39 154 255 95 218 255 138 164
    255 11 160 255 116 255 132 221 41 250 192 61 92 255 107 255 113 255
    255 168 138 255 229 255 255 81 125 111 106 200 255 255 255 255 255
    255 228 18 255 75 255 51 211 193 22 255 255 193 113 255 176 248 44
    255 111 92 169 220 123 87 255 177 196 255 164 85 6 255 142 47 119
    196 255 255 255 190 124 242 255 255 255 255 72 255 255 210 255 255
    12 244 41 255 61 128 32 32 243 255 255 156 58 255 255 212 162 156
    255 246 255 75 255 255 21 123 38 237 142 73 196 223 255 255 22 255
    37 255 255 160 255 255 23 89 149 251 255 184 32 247 128 255 255 255
    152 255 145 99 73 209 168 255 40 119 205 119 255 255 255 132 255 154
    37 244 102 255 255 62 206 56 255 219 255 255 112 82 255 134 184 83
    15 89 255 66 255 134 197 154 255 116 72 132 255 65 255 215 255 160
    254 182 255 148 255 75 239 160 53 253 255 255 255 73 255 110 255 255
    254 255 255 255 255 255 57 255 255 206 167 255 217 196 255 119 82
    255 150 61 184 141 7 45 94 205 100 255 92 98 219 152 255 163 255 53
    139 255 64 174 255 255 219 90 255 192 125 32 1 255 184 112 113 143
    255 255 220 108 102 255 255 255 188 208 255 255 99 255 156 255 255
    164 255 140 164 255 102 255 255 46 255 174 255 255 128 119 255 87
    255 255 168 255 194 255 255 120 255 162 255 87 255 222 255 2 122 211
    130 255 62 255 255 138 92 255 108 255 111 131 99 126 255 255 255 201
    255 255 255 70 124 181 255 255 255 184 15 255 255 102 32 215 220 255
    174 255 101 49 255 255 31 252 58 255 255 243 15 255 61 41 41 239 255
    8 232 255 255 23 41 255 255 255 88 255 255 239 59 82 173 83 114 152
    255 0 154 119 118 255 185 145 13 255 135 126 255 119 255 255 242 132
    255 255 130 161 255 255 76 255 255 240 89 102 255 255 75 255 255 243
    113 82 218 14 162 255 163 70 77 212 255 255 218 3 211 255 255 255
    225 34 184 62 10 156 255 128 255 255 109 13 255 255 32 239 75 113
    255 255 149 174 15 255 255 255 255 255 255 255 119 167 102 193 113
    160 11 255 226 90 220 255 255 133 255 52 255 255 185 255 255 69 27
    255 219 188 126 1 160 109 255 101 255 94 255 255 232 255 0 219 255
    255 15 177 141 212 118 255 204 148 255 179 210 255 255 255 255 255
    255 38 200 68 141 250 107 255 141 255 188 221 48 107 247 223 255 106
    223 115 144 255 255 222 255 255 172 96 255 255 255 255 215 97 49 204
    128 164 159 255 235 172 147 255 255 255 255 95 36 255 195 255 255
    128 255 255 43 244 255 255 255 130 14 58 255 39 118 255 255 177 255
    86 232 30 255 58 34 211 77 255 255 255 96 120 44 83 255 255 255 200
    255 135 95 255 71 255 145 255 255 255 255 241 67 188 50 255 255 112
    20 245 239 201 105 255 255 34 255 220 40 95 200 255 190 179 233 255
    26 255 253 255 255 201 179 19 102 148 255 255 255 255 18 255 255 195
    92 229 33 80 179 138 51 111 123 14 24 255 26 255 255 114 111 119 218
    255 18 41 255 121 251 255 255 5 62 80 55 255 113 3 255 255 255 255
    255 255 255 255 255 255 1 255 2 253 194 255 255 215 171 84 252 250
    217 255 23 99 255 51 255 255 103 255 255 255 137 255 255 28 255 255
    255 255 66 251 44 255 138 70 255 255 255 255 40 44 194 255 206 143
    51 43 23 55 247 192 163 246 237 253 255 139 109 159 62 222 255 255
    130 255 241 255 255 128 248 255 255 34 126 124 186 188 113 192 80
    255 214 17 255 150 123 128 109 255 177 181 239 117 218 113 132 37 94
    150 15 255 252 77 194 255 255 255 62 255 55 186 255 255 198 236 43
    211 4 255 255 255 255 109 201 165 255 68 32 255 55 78 255 196 126
    255 94 255 9 117 255 122 211 255 255 146 114 209 90 198 255 207 255
    255 228 126 186 226 152 255 255 240 255 50 255 255 34 31 211 159 56
    255 255 87 30 112 41 255 41 85 255 255 255 255 120 223 255 30 255 96
    255 109 255 91 191 255 156 82 255 33 255 182 157 200 113 83 255 43
    255 193 81 255 9 122 255 255 255 106 56 255 230 255 154 255 165 169
    166 94 90 210 194 255 179 255 255 255 194 105 255 255 241 255 174
    255 185 255 255 239 155 56 255 246 203 116 247 109 206 34 186 155 12
    255 102 147 36 236 176 246 255 255 255 19 123 255 214 14 211 55 104
    255 255 39 255 135 65 255 39 255 255 247 255 2 144 255 255 255 48
    105 161 255 255 123 255 255 255 255 255 255 51 255 166 255 255 137
    215 255 95 255 205 255 191 255 137 255 113 255 255 248 255 255 255
    51 32 222 185 106 77 255 142 23 94 246 255 251 123 171 91 255 255
    255 255 179 250 255 255 255 222 209 29 107 231 88 255 11 181 205 255
    255 116 209 106 255 92 58 84 162 138 24 255 255 97 98 174 255 255
    255 196 255 225 255 164 188 3 56 126 234 120 255 255 211 47 72 88
    121 249 255 255 181 117 255 255 255 255 208 255 240 255 255 246 255
    15 247 235 122 168 255 255 255 255 56 177 255 255 58 46 255 48 31
    255 99 82 94 237 15 255 181 255 45 167 255 179 247 255 255 86 255
    255 235 255 117 255 148 255 92 255 255 255 255 98 255 41 166 61 167
    2 19 80 255 97 87 255 186 255 235 137 255 213 73 255 255 63 239 158
    80 255 255 48 255 255 1 136 15 232 255 226 255 44 28 221 255 71 255
    255 255 68 77 177 255 172 119 189 61 255 214 255 255 123 186 81 255
    255 96 255 94 255 255 255 199 6 114 205 68 85 255 229 255 255 230
    159 111 255 19 213 253 255 184 62 255 124 105 255 233 170 247 233
    215 255 255 153 255 171 255 255 255 255 255 58 255 255 149 18 123
    255 219 55 255 128 255 255 255 255 169 23 252 255 255 255 226 156
    255 75 196 89 132 196 255 255 139 155 254 255 255 181 63 255 255 255
    247 26 212 255 255 255 255 141 255 255 255 177 255 255 239 194 218
    255 220 205 185 169 192 15 255 255 230 255 209 244 36 255 230 201
    255 62 239 9 137 29 53 255 255 64 199 255 122 79 234 255 255 77 81
    255 255 255 55 154 201 255 255 255 29 255 154 124 3 231 237 242 166
    255 167 255 86 184 255 59 255 214 116 255 128 255 255 113 222 51 255
    222 255 147 255 148 255 150 41 152 241 34 175 255 255 109 120 85 218
    128 154 255 109 208 15 155 205 255 18 255 255 66 102 255 146 210 255
    163 118 255 255 255 255 255 7 130 255 255 81 255 3 13 97 237 173 14
    255 53 177 133 255 4 92 115 26 22 255 47 63 164 253 255 255 255 210
    216 90 255 109 178 26 255 186 220 254 167 152 6 255 255 154 255 244
    196 149 255 255 81 51 196 69 255 233 52 251 179 255 206 255 70 255
    56 255 235 224 255 203 179 157 189 255 255 41 55 101 206 15 236 194
    162 146 255 96 7 215 255 255 67 255 103 111 43 255 255 115 58 194
    255 11 255 255 255 215 255 255 111 21 255 255 30 255 60 255 236 237
    107 77 255 255 51 9 255 254 118 255 76 255 255 192 43 198 146 189
    213 4 215 55 184 220 49 219 255 255 159 128 19 255 255 255 28 148
    255 26 255 149 155 255 255 75 255 90 99 9 255 255 109 255 77 22 32
    101 255 147 221 206 209 181 12 255 68 206 182 39 255 83 255 255 255
    167 255 98 22 58 255 87 255 171 50 255 220 128 255 130 232 206 255
    97 119 255 182 252 213 131 255 64 28 255 98 217 177 255 248 255 255
    171 255 231 255 234 255 90 148 255 217 255 79 164 58 255 255 255 218
    243 255 88 50 255 21 72 143 255 255 240 9 135 244 255 61 255 198 247
    222 119 139 255 51 255 211 255 33 191 90 255 255 255 91 60 255 255
    255 36 229 220 255 189 48 235 34 255 255 163 255 228 255 58 255 50
    225 160 248 49 255 255 31 255 254 235 87 221 38 255 139 249 255 41
    255 255 251 255 214 8 159 255 37 24 117 166 255 255 21 22 255 3 78
    255 181 255 255 255 43 152 95 255 255 255 97 135 253 136 255 255 165
    255 255 255 255 132 176 255 255 211 255 175 20 255 255 255 255 239
    70 255 248 182 255 30 113 60 204 169 21 163 255 64 232 7 15 255 255
    139 7 237 255 148 255 158 255 254 19 19 232 158 29 12 190 221 255 62
    255 255 255 255 255 45 83 255 255 185 169 255 255 31 134 46 165 194
    145 36 228 226 102 64 34 255 246 199 208 88 255 235 62 117 200 199
    255 125 103 255 145 255 255 255 190 72 211 255 127 121 255 255 255
    255 228 201 255 255 255 255 127 255 255 255 114 134 203 255 255 61
    145 81 14 67 255 121 198 255 255 255 87 255 255 255 248 2 58 36 87
    255 22 255 182 255 225 255 41 96 120 171 10 147 255 154 228 121 255
    255 255 255 32 204 165 196 255 14 32 207 255 24 62 255 224 98 255
    255 30 109 255 33 239 143 153 255 19 255 106 255 255 255 254 22 186
    85 255 19 255 195 104 255 255 255 255 18 255 255 148 165 209 40 254
    255 222 229 255 196 24 255 229 26 255 44 94 255 91 255 255 192 60
    255 255 133 255 199 255 255 255 255 255 98 78 226 1 206 255 175 165
    255 208 255 255 14 169 226 255 255 255 186 217 255 224 255 255 246
    255 150 255 255 98 138 255 41 40 255 237 30 255 8 123 255 255 163
    239 255 26 56 8 37 255 255 250 2 250 255 24 47 224 150 255 210 147
    255 17 12 255 229 7 255 135 249 169 72 167 255 255 255 87 11 104 255
    62 68 49 215 55 255 113 255 0 161 254 255 76 101 222 255 24 255 48
    140 113 175 3 255 204 29 255 116 43 255 181 255 38 76 157 75 192 198
    55 25 43 255 199 255 64 7 24 255 70 255 255 40 255 255 182 255 255
    255 255 255 164 181 255 255 255 36 30 101 85 47 244 255 105 255 85
    218 41 255 41 255 255 171 255 103 255 152 255 19 255 255 233 7 124
    170 157 255 159 255 19 255 48 255 76 255 255 255 255 177 120 255 79
    92 60 255 255 77 255 255 255 192 217 255 255 116 235 255 134 184 255
    17 255 255 141 255 26 178 138 255 105 213 255 134 140 162 255 255
    105 33 255 28 76 82 150 210 255 199 195 72 255 255 255 94 124 237
    115 197 82 255 233 29 209 141 113 255 172 251 255 255 73 79 155 172
    241 255 255 73 247 182 62 255 48 255 164 56 111 255 255 192 255 255
    255 255 39 13 106 165 255 124 111 235 215 255 255 210 255 103 84 255
    255 181 220 128 76 55 177 25 58 255 34 255 255 160 255 111 255 234
    154 83 220 220 98 255 169 131 206 98 255 255 17 94 128 255 221 169
    36 43 255 190 99 82 32 124 255 255 232 78 194 255 255 179 174 255
    222 184 225 255 61 58 255 10 61 255 255 255 229 201 38 211 255 177
    255 22 130 255 251 84 102 139 255 94 181 31 255 52 77 255 142 255
    255 190 235 181 195 14 119 150 155 255 29 255 255 29 3 255 46 255
    255 156 179 216 63 255 216 184 227 21 144 34 117 255 255 103 29 210
    124 177 196 190 119 246 255 210 123 255 159 172 192 218 68 134 255
    15 156 235 255 255 87 84 255 102 255 255 184 255 255 131 255 64 255
    143 255 148 255 207 255 128 162 47 255 130 142 20 130 210 142 255
    156 255 75 207 218 255 30 72 255 0 255 255 55 102 255 255 138 255
    113 246 190 70 2 255 255 67 255 255 227 255 255 9 55 255 147 70 211
    15 255 29 27 255 105 255 255 63 136 255 197 255 73 243 255 255 255 9
    255 253 255 250 255 85 192 62 210 255 7 220 255 224 255 255 255 193
    40 69 186 71 255 107 85 255 104 255 120 205 243 124 162 47 182 94 81
    199 49 255 86 255 154 174 255 255 222 223 228 255 128 255 7 73 216
    203 255 9 255 200 255 255 12 218 30 155 143 255 213 203 48 255 255
    150 255 255 109 255 255 117 255 158 255 116 255 132 63 83 69 255 224
    190 61 255 255 24 255 255 255 255 81 123 235 206 184 255 119 82 255
    106 255 182 255 125 17 255 99 255 255 255 255 126 116 15 247 38 255
    167 255 181 255 255 164 171 255 255 255 152 102 15 255 8 10 121 216
    166 255 255 145 246 181 255 255 255 255 32 255 255 41 255 149 206
    102 239 106 75 193 255 224 73 114 229 255 255 203 15 255 255 255 255
    21 117 255 255 255 255 255 255 255 255 255 150 23 94 68 66 30 255
    255 229 126 255 255 125 255 115 255 40 39 215 160 255 251 255 255
    255 255 8 217 100 25 90 255 218 136 162 102 251 255 106 44 255 77 72
    255 75 206 141 47 229 255 171 171 241 255 255 255 103 255 211 145
    230 233 189 255 222 215 255 255 81 206 255 225 182 255 126 255 255
    160 61 255 79 29 150 255 60 255 123 255 255 210 255 255 221 17 181
    255 67 255 255 255 0 99 206 115 124 121 255 255 255 145 255 255 255
    23 255 243 255 12 143 68 160 255 123 255 92 8 255 255 29 255 255 188
    213 255 255 155 209 92 176 255 255 114 233 22 255 182 95 255 255 19
    255 2 46 255 255 109 126 255 18 113 255 235 255 255 172 255 255 212
    14 38 255 255 255 97 65 255 255 255 255 255 223 190 126 55 117 237
    255 126 255 111 179 208 162 156 255 2 209 255 255 194 130 140 255
    255 255 255 33 14 150 116 255 179 137 27 233 255 213 255 99 82 255
    97 99 88 163 75 255 255 255 248 255 255 233 255 255 96 76 255 255
    255 255 255 255 171 255 239 218 79 17 114 213 255 255 211 184 157
    216 214 255 51 203 255 255 80 255 62 255 109 255 32 255 255 195 171
    255 80 255 255 153 87 255 255 225 198 255 255 255 102 255 255 255
    148 152 6 234 250 139 206 107 23 222 255 189 53 235 75 189 107 232
    251 255 255 255 255 255 126 255 97 9 214 90 10 119 206 246 255 156
    61 255 255 159 64 66 31 186 255 255 255 14 97 255 18 255 255 7 3 149
    112 26 105 167 255 213 233 255 209 255 138 196 224 255 79 224 255
    117 248 22 255 204 138 171 255 31 255 251 255 255 197 51 255 11 239
    194 79 255 194 144 155 160 186 229 255 10 255 70 166 201 255 255 215
    255 101 255 255 132 70 11 39 255 255 255 101 103 73 38 205 255 208
    34 160 116 255 243 255 36 255 255 255 214 160 255 255 255 194 255 17
    203 142 128 255 255 255 255 117 255 255 3 255 255 241 2 255 255 255
    255 255 255 8 123 201 255 40 255 214 110 255 134 98 255 250 255 229
    220 41 234 255 81 255 255 4 89 255 29 255 79 186 255 246 161 24 88
    255 255 255 255 255 98 149 188 255 34 255 255 255 32 255 99 80 255
    255 19 79 139 176 255 22 38 53 255 255 120 255 164 40 63 174 255 255
    78 255 97 255 255 255 119 122 255 255 255 188 254 213 255 255 255
    204 255 255 44 235 49 70 94 109 255 5 126 255 55 166 73 150 158 87
    116 255 255 206 175 36 255 128 63 240 255 255 255 175 142 255 255 1
    135 164 34 53 255 255 255 17 250 255 143 62 198 255 97 203 55 217
    229 38 255 252 255 23 61 43 188 160 53 95 176 255 201 255 152 4 3
    255 175 255 255 230 72 255 255 255 255 36 155 243 255 255 255 12 73
    255 215 97 255 39 255 255 57 181 255 19 255 26 124 255 255 250 255
    254 199 255 64 76 90 255 255 159 255 255 2 222 83 145 34 232 255 248
    255 87 141 253 155 192 255 222 109 150 255 255 21 255 75 152 169 203
    244 65 255 141 14 58 22 96 255 175 15 96 255 255 255 218 36 254 255
    22 255 108 94 255 217 196 207 179 255 166 116 75 62 255 255 226 26
    255 255 8 152 255 203 109 55 58 255 255 137 15 255 0 255 228 255 255
    255 92 7 220 76 136 88 244 38 245 255 255 255 103 135 255 178 255
    255 142 125 255 255 247 243 113 140 181 137 78 198 149 138 255 255
    255 255 8 75 211 170 255 255 99 255 166 255 193 255 12 252 173 157
    255 103 255 164 207 141 255 158 63 255 162 255 119 255 55 171 102
    255 255 150 255 255 214 255 255 62 159 96 34 241 135 139 229 135 255
    159 193 255 200 255 255 255 41 15 226 188 255 248 184 255 255 109
    255 255 255 255 195 249 243 61 255 255 70 109 199 37 205 255 132 109
    255 232 167 41 255 169 255 239 255 126 226 255 158 255 255 173 255
    107 255 132 223 255 206 222 8 90 63 222 233 179 102 138 201 255 50
    55 62 148 188 109 226 252 15 155 255 255 255 160 47 75 235 120 52
    255 0 51 150 19 137 255 255 159 177 113 255 143 186 232 164 196 255
    255 255 43 87 255 255 255 255 255 255 255 37 155 255 171 255 137 172
    255 255 174 235 255 255 119 228 255 106 119 15 10 255 97 255 19 155
    255 90 255 65 126 106 75 255 255 56 255 105 255 21 206 75 194 204
    255 167 127 24 255 135 255 255 43 255 252 33 82 4 171 5 92 156 125
    107 255 159 38 255 255 255 91 255 209 119 234 102 212 255 145 255
    255 245 50 60 255 19 255 126 255 255 255 138 77 102 51 255 143 206
    176 255 228 111 255 65 255 190 235 255 255 200 255 207 144 0 255 255
    58 255 255 160 255 76 164 169 88 119 248 192 26 40 255 101 81 109
    155 71 255 255 255 61 152 255 69 46 255 61 255 83 207 255 120 255 77
    255 92 255 255 126 80 255 79 255 255 68 255 233 156 220 26 255 239
    137 167 255 255 218 255 209 134 255 255 255 255 224 255 171 255 255
    247 128 132 255 152 189 133 255 255 255 8 255 43 120 95 255 255 255
    255 188 106 22 228 138 255 255 196 255 255 255 255 141 126 206 216
    63 255 149 117 255 255 255 140 255 185 255 255 218 196 23 197 255
    255 98 255 62 30 255 53 112 246 192 255 85 254 250 255 255 28 255
    255 88 223 51 255 111 119 201 255 255 153 255 38 44 109 255 246 255
    21 10 255 255 255 255 255 167 255 36 63 68 94 255 255 255 255 131
    255 251 255 169 17 255 21 255 255 255 197 255 34 255 208 102 254 102
    196 108 223 255 233 255 255 144 232 255 189 255 255 255 181 226 199
    84 255 98 255 255 178 205 245 101 99 241 138 255 255 11 31 13 29 255
    255 255 121 255 66 255 115 58 255 255 121 12 255 255 111 124 255 34
    68 217 193 66 101 249 203 255 255 255 51 135 255 103 193 11 207 136
    255 87 255 243 254 255 83 88 19 239 255 177 28 203 143 23 92 169 248
    108 255 255 0 255 255 54 194 179 18 255 160 88 17 87 222 255 47 250
    255 255 79 255 250 255 255 255 255 255 255 233 255 255 57 249 255
    177 255 255 255 82 179 32 255 41 244 200 255 255 255 255 1 255 98
    144 34 250 7 26 255 255 255 115 255 65 255 255 255 255 41 164 158 17
    138 255 197 252 255 196 162 55 255 255 100 109 43 105 171 22 255 228
    222 255 12 143 213 57 99 255 255 255 255 30 222 158 255 167 255 25
    44 26 255 229 255 197 255 41 141 255 255 255 255 21 148 255 75 255
    140 149 106 75 255 59 255 181 255 201 47 225 255 255 105 22 255 110
    165 179 255 49 135 217 255 255 255 165 255 50 128 255 255 255 207 75
    255 173 255 111 147 255 77 90 230 255 218 160 255 117 159 255 102
    156 10 4 34 255 162 237 9 255 29 20 252 8 255 255 46 14 226 128 210
    255 48 255 182 255 255 0 221 208 255 201 255 255 91 255 255 58 143
    126 7 255 143 218 255 255 92 255 255 28 58 64 255 247 255 128 255
    255 135 255 222 25 157 255 255 39 205 137 255 255 101 118 255 237
    104 24 203 198 199 103 164 205 90 113 26 70 255 43 84 85 255 248 181
    255 255 17 255 255 182 250 237 255 198 11 255 56 69 154 64 247 255
    255 76 14 237 255 200 222 116 255 224 225 255 49 219 255 255 130 51
    255 22 255 28 141 87 255 150 41 214 175 255 147 255 140 90 233 237
    194 184 61 81 178 229 255 255 255 96 193 184 255 99 255 255 255 255
    218 253 24 255 11 255 181 99 255 255 200 140 229 77 44 171 54 255
    255 33 255 88 21 191 47 255 63 255 177 223 201 175 32 255 171 247
    255 90 154 255 134 131 255 255 154 109 163 186 211 255 255 237 123
    63 255 157 255 255 33 255 255 171 255 96 142 255 255 179 34 255 255
    255 255 190 255 19 255 181 117 47 215 255 250 255 85 225 29 49 255
    255 254 166 94 255 255 255 71 58 255 226 117 255 147 228 85 103 61
    94 255 255 255 255 255 89 255 135 255 255 206 169 51 26 222 255 218
    255 255 108 239 190 181 172 255 255 67 255 12 136 255 206 165 103 8
    255 203 62 255 235 237 200 255 240 220 255 1 15 186 239 255 255 255
    255 166 211 255 117 124 255 255 228 229 207 166 121 255 171 99 2 119
    174 205 255 255 103 72 255 181 21 142 98 255 2 169 255 0 255 241 249
    255 131 255 213 212 198 58 255 164 255 170 135 255 101 255 11 61 255
    85 255 255 255 255 19 255 243 255 255 255 255 222 156 159 66 255 36
    252 170 255 255 225 217 226 255 167 147 81 96 255 255 194 38 172 17
    255 4 255 2 116 255 255 164 255 124 255 255 96 255 255 156 255 186
    255 255 255 179 255 171 255 18 255 255 105 255 255 210 246 233 11
    255 173 185 118 255 255 255 255 144 101 255 28 255 255 255 235 222
    109 255 255 70 152 32 43 5 120 15 87 255 55 26 58 255 148 255 255
    255 56 221 188 216 193 94 255 117 203 28 134 181 255 22 92 49 141
    255 255 0 255 255 225 126 255 142 12 120 15 255 255 127 255 162 255
    206 105 255 255 32 255 255 255 229 217 255 86 106 255 32 255 255 51
    60 2 57 255 196 255 154 255 171 89 23 190 255 255 149 255 243 98 240
    87 69 109 58 255 0 113 174 255 109 29 46 255 255 99 214 149 128 126
    153 255 255 50 255 255 76 255 255 46 176 201 86 255 255 255 101 145
    255 92 233 137 255 43 12 255 248 132 39 255 196 229 30 83 96 255 210
    22 255 134 255 83 6 255 255 185 255 156 255 255 255 255 145 207 37
    255 255 255 255 245 160 255 255 225 2 53 79 48 255 190 0 255 135 255
    119 189 255 255 255 255 218 115 145 255 39 133 199 81 255 21 108 255
    255 12 46 255 255 114 255 157 255 255 255 99 239 255 255 17 233 255
    255 244 102 255 50 130 222 232 101 30 217 255 169 255 126 255 255
    255 145 208 255 15 203 135 255 235 26 102 127 237 137 77 255 255 255
    114 2 167 3 213 255 255 255 131 255 255 244 164 255 81 255 246 255 2
    85 1 220 255 211 60 203 255 255 255 144 157 186 255 255 166 255 94
    255 137 104 255 75 234 255 135 255 40 255 222 137 101 255 255 116
    174 255 235 255 2 255 63 19 255 237 36 36 17 255 47 255 255 130 218
    255 192 255 213 255 17 255 255 210 255 255 12 255 255 255 255 185
    255 77 255 147 255 131 255 255 39 119 139 197 230 218 255 189 255 66
    255 218 145 19 4 18 34 255 255 116 179 190 109 139 98 255 28 72 188
    255 255 255 255 126 255 21 255 194 255 255 255 166 157 255 254 101
    113 237 218 255 255 73 246 177 255 255 255 43 242 34 102 5 192 255
    255 9 163 58 255 113 106 137 255 255 34 33 255 255 255 255 255 29 90
    38 255 255 231 211 255 250 232 2 255 26 255 255 255 184 250 255 255
    255 50 255 111 149 75 162 156 255 255 55 234 181 207 113 103 10 160
    184 153 255 255 181 227 255 117 234 255 192 255 255 255 126 255 255
    255 53 255 31 255 255 255 255 177 255 218 255 255 100 214 255 109 70
    78 255 215 255 70 251 255 119 21 255 255 185 198 255 168 34 255 39
    255 105 255 255 53 174 255 166 61 135 255 46 235 255 255 255 255 246
    31 19 37 255 255 255 255 255 112 235 198 68 46 255 110 7 68 255 61
    255 102 118 255 170 34 255 255 164 255 59 196 218 124 160 45 153 171
    255 179 255 137 255 70 231 255 113 164 120 255 147 124 167 255 219
    255 255 179 82 150 153 255 41 33 255 229 17 255 255 19 255 255 167 3
    135 255 55 255 18 255 177 255 255 255 161 22 143 237 255 124 235 247
    2 10 255 255 22 255 228 255 255 255 226 255 255 15 255 233 255 255
    255 110 138 71 132 255 107 253 255 117 228 255 135 255 87 24 255 60
    164 59 255 255 255 235 255 197 255 186 214 203 254 159 60 255 159
    255 128 181 255 198 139 220 235 3 237 207 182 255 255 95 237 139 124
    255 255 201 36 255 255 255 64 59 67 255 255 255 19 226 255 255 239
    255 255 255 223 255 195 72 255 255 211 164 247 255 248 32 126 255
    121 7 255 92 255 196 255 255 4 255 63 255 247 131 96 90 53 255 195
    255 160 210 147 92 138 255 255 255 255 120 255 109 255 116 225 21
    255 82 255 255 255 88 92 75 255 62 128 49 81 255 4 4 159 255 199 20
    190 255 172 255 232 255 255 255 255 9 255 131 255 112 85 120 110 255
    255 208 255 255 246 255 255 119 38 255 255 87 255 106 255 213 15 44
    255 23 159 220 255 7 255 255 116 255 255 38 32 6 208 255 255 255 255
    91 249 85 255 255 255 208 255 255 149 177 239 178 169 13 214 138 231
    22 255 169 241 255 141 141 255 203 195 255 92 185 157 87 255 5 255
    255 44 196 215 255 252 37 27 122 255 223 255 80 255 175 255 200 4 19
    99 255 0 244 190 166 255 32 131 26 255 255 222 164 225 255 119 255
    165 2 255 150 109 8 239 255 43 255 152 255 172 255 226 111 255 19
    255 231 59 176 102 18 218 255 247 29 214 166 255 255 70 70 255 36
    136 255 197 17 255 255 255 53 189 255 255 255 73 239 102 125 255 134
    255 255 101 136 73 255 255 255 196 218 141 76 255 145 47 38 239 255
    255 154 152 20 255 48 206 255 255 85 255 36 255 255 255 198 255 190
    7 87 164 255 167 255 255 255 58 255 56 255 213 87 72 182 255 185 114
    255 146 36 255 11 121 255 207 106 53 77 14 124 120 152 255 255 140
    214 7 213 255 188 3 222 7 235 252 156 255 255 103 255 158 182 61 53
    52 255 255 255 240 70 241 255 255 166 169 164 131 67 255 190 255 132
    146 111 205 92 255 51 157 255 134 139 255 255 214 213 255 255 255
    255 102 255 255 68 255 255 255 125 255 255 255 255 57 130 26 217 97
    235 255 5 139 237 255 68 255 255 190 246 90 255 255 215 255 190 232
    255 255 234 34 255 186 255 108 255 255 255 255 220 164 61 255 255
    140 222 77 255 100 255 255 255 255 255 188 214 125 255 240 255 255
    185 255 229 255 255 130 172 27 41 155 255 254 255 142 158 139 255
    255 65 51 255 57 255 255 160 148 255 255 148 255 135 131 134 255 255
    255 207 189 231 175 255 255 113 179 135 73 182 255 255 172 255 174
    189 228 83 255 255 90 196 255 166 255 255 92 255 255 235 167 255 255
    24 255 43 255 216 62 255 143 186 211 113 102 152 255 26 3 255 47 43
    255 163 164 255 72 255 55 108 223 211 153 255 255 32 255 203 229 255
    147 120 165 255 17 114 255 255 255 211 240 194 255 255 255 60 185
    255 145 10 22 41 255 12 105 84 143 255 90 114 173 255 77 134 200 157
    255 134 22 255 207 205 255 77 75 255 29 255 92 195 116 92 90 255 87
    152 109 255 255 29 233 255 255 255 145 148 164 253 255 68 15 255 233
    188 255 77 199 125 255 222 223 255 120 65 6 33 255 255 229 255 47
    103 254 115 255 128 255 208 148 83 188 38 128 255 255 147 255 60 255
    171 116 224 255 2 19 153 85 150 255 223 128 232 210 255 255 15 237
    153 140 90 196 255 255 106 234 255 255 24 255 52 255 255 251 255 255
    204 68 190 15 63 255 19 255 28 25 246 126 255 227 231 255 255 71 84
    159 233 170 118 34 208 44 192 159 255 128 52 255 213 218 227 231 90
    89 255 255 255 98 246 9 255 255 255 147 255 255 255 212 255 34 8 255
    255 196 255 255 168 208 254 156 210 255 132 255 255 255 167 143 51
    114 255 179 222 255 211 255 162 156 147 255 166 255 255 26 63 167
    255 255 255 157 225 255 73 7 107 76 255 255 109 97 115 190 5 122 206
    167 88 84 255 255 241 246 216 160 44 255 193 150 255 255 159 248 134
    255 255 101 235 40 19 61 255 186 130 58 17 246 28 214 60 75 218 116
    255 201 255 102 232 109 40 255 251 87 70 255 192 15 78 255 4 85 98
    255 55 119 255 15 0 255 255 8 84 182 245 196 234 229 128 220 224 139
    255 255 144 249 211 229 49 255 255 179 28 55 70 17 132 104 173 22
    101 255 255 194 255 255 126 66 206 255 255 18 0 255 144 140 135 255
    177 255 6 67 255 255 89 255 232 255 49 163 2 181 113 255 255 119 51
    255 255 107 117 199 255 252 112 72 235 128 154 19 255 194 231 215
    200 55 37 203 255 255 255 154 255 75 77 255 51 255 19 34 255 230 19
    255 92 255 53 241 89 45 172 7 255 152 255 255 255 252 255 255 255
    250 255 89 248 22 255 255 14 140 255 255 255 255 112 255 255 203 255
    255 23 255 255 255 255 150 255 179 196 34 104 207 112 255 167 119
    201 60 255 24 255 73 46 102 255 148 255 131 194 255 255 36 255 219
    56 79 196 255 255 255 255 255 86 255 73 43 160 255 174 255 109 153
    255 255 255 3 255 255 102 255 255 179 11 255 7 0 222 206 255 255 200
    255 255 255 71 170 255 255 30 254 255 84 247 143 137 255 255 255 31
    184 141 255 11 102 7 111 255 255 255 247 255 255 39 208 255 57 29 75
    55 255 255 255 255 255 255 118 255 239 255 160 156 255 205 193 255
    255 175 255 23 30 255 58 97 255 255 255 128 160 255 65 255 255 143
    255 230 255 245 172 164 255 255 119 255 121 255 255 41 126 246 79
    255 137 57 119 134 255 191 254 164 164 255 178 14 255 178 255 173
    255 255 203 239 255 255 105 244 255 108 213 192 164 44 255 178 255
    255 3 176 255 200 61 81 91 176 55 73 251 255 55 255 255 51 102 255
    226 208 255 255 218 255 235 140 255 36 255 255 255 255 255 186 217
    66 160 252 255 201 89 255 204 255 255 224 171 255 51 255 255 48 255
    87 179 22 255 255 213 255 210 255 255 50 255 36 255 96 0 229 255 255
    255 255 45 255 255 119 255 255 255 255 242 255 255 51 235 255 118
    246 208 15 255 132 255 255 255 255 192 66 73 145 149 255 49 127 255
    203 255 196 179 132 215 152 92 78 255 84 255 154 70 43 109 224 43
    255 236 255 214 222 255 71 68 242 255 255 206 255 91 255 255 255 82
    255 189 255 255 120 96 255 21 94 147 217 232 235 255 9 255 76 73 255
    253 109 255 255 255 255 105 160 17 139 75 255 94 58 224 255 255 255
    72 230 255 112 255 70 88 255 255 254 150 179 92 255 207 174 126 79
    102 94 255 26 29 199 255 176 255 255 22 98 255 246 120 43 255 239
    174 96 255 185 255 255 190 36 255 255 111 255 255 61 113 62 255 182
    103 186 255 63 68 107 228 29 255 255 255 255 255 39 199 134 255 255
    255 102 255 148 220 70 255 255 15 103 80 255 255 189 255 120 255 207
    120 29 188 255 255 226 175 75 255 255 200 255 19 140 255 26 48 255
    182 255 56 215 82 255 106 255 255 255 255 96 109 194 152 197 85 255
    84 255 85 123 78 213 192 84 103 255 5 255 97 255 255 23 68 255 255
    244 162 241 255 26 255 255 53 255 255 145 106 114 255 109 36 90 76
    255 255 43 213 255 255 255 4 98 210 255 57 157 255 255 72 154 119 32
    211 138 143 4 247 255 216 6 255 11 255 38 150 190 255 255 255 255
    241 255 255 255 246 255 4 224 255 28 254 102 64 39 255 47 86 255 255
    18 255 255 40 255 120 182 90 135 208 148 255 1 55 255 217 94 255 17
    255 43 155 255 255 255 15 255 181 113 255 255 255 77 130 43 169 255
    102 9 255 2 83 65 255 182 47 70 255 22 255 122 232 194 239 255 29 17
    226 255 255 90 56 177 188 255 255 255 242 81 255 218 248 62 255 255
    69 255 255 206 229 255 108 210 239 192 101 255 228 255 47 54 255 255
    244 77 107 255 255 255 10 255 255 23 109 255 112 255 156 103 255 255
    106 237 255 149 232 30 255 232 34 255 255 90 95 145 0 120 104 68 39
    235 255 255 213 255 255 38 255 137 142 255 255 244 58 255 205 122
    255 32 237 255 211 255 247 235 255 28 152 30 254 255 255 232 255 209
    255 182 255 255 24 23 254 255 105 79 196 255 26 255 255 117 251 255
    237 38 255 255 14 11 160 255 235 255 193 255 179 255 255 54 239 115
    255 145 13 168 109 32 138 26 255 255 255 2 255 255 87 36 255 11 55
    194 134 63 72 255 197 133 255 43 46 130 188 255 255 201 194 255 255
    0 255 124 12 255 59 255 255 196 208 255 233 191 201 255 20 229 22
    255 28 7 255 255 1 55 214 232 7 255 70 125 199 255 255 77 182 194
    255 255 255 255 3 160 56 121 255 53 28 46 47 79 155 132 88 38 26 141
    210 198 46 77 149 212 143 88 255 51 88 86 65 119 255 255 58 73 255
    255 168 198 255 0 87 13 12 2 109 190 186 255 255 255 4 246 14 255
    166 107 41 251 255 192 250 106 203 70 102 255 182 14 255 25 255 255
    219 126 96 184 148 119 188 96 255 255 171 130 70 176 255 255 77 255
    160 160 231 10 55 184 217 77 4 203 97 255 181 119 255 255 12 117 218
    177 162 102 255 32 255 157 107 190 44 255 11 247 255 240 96 218 12
    255 141 144 165 66 255 255 216 51 222 17 255 255 255 19 255 134 197
    182 87 92 255 184 103 255 255 3 53 167 137 255 150 255 227 237 50
    255 166 145 39 255 255 85 13 255 255 85 155 29 226 218 255 188 123
    255 156 181 255 255 6 24 255 39 32 255 86 193 235 255 239 255 30 255
    166 214 3 211 255 210 255 255 255 255 141 145 196 7 255 255 232 255
    194 255 255 2 34 24 186 255 34 228 145 255 255 57 252 255 255 2 150
    255 10 24 255 201 255 204 80 255 255 255 229 51 63 117 255 206 255
    255 255 241 255 223 40 7 89 255 255 41 45 255 102 255 255 58 255 186
    255 73 76 255 255 135 255 90 255 96 255 54 255 81 253 255 169 6 229
    150 255 234 255 41 255 222 37 121 152 121 20 224 134 255 250 255 191
    255 51 135 255 1 194 255 98 140 255 190 9 88 135 179 255 255 255 11
    255 218 216 255 145 167 90 121 254 47 160 70 164 220 167 145 255 250
    29 5 188 61 255 255 255 7 255 36 255 111 255 255 85 21 251 203 87
    255 255 7 157 255 62 252 255 178 255 255 255 255 255 23 22 226 193 9
    255 248 102 255 37 255 255 175 242 255 255 148 255 250 255 205 255
    177 213 225 255 75 3 85 255 255 36 255 255 255 75 185 229 107 225
    255 255 255 255 77 250 255 255 233 27 154 204 22 224 255 106 109 255
    148 255 134 38 71 255 26 255 208 222 255 172 184 175 11 188 255 15
    255 255 236 193 245 79 215 198 94 255 186 160 106 255 243 255 255 90
    255 156 204 143 73 170 255 149 255 229 79 255 109 255 167 235 201
    179 89 205 39 255 47 255 255 255 255 126 255 255 255 233 255 255 255
    58 118 255 255 32 255 149 96 0 228 255 255 75 255 49 145 255 255 113
    189 255 240 171 13 251 255 122 69 255 132 18 68 0 255 255 255 181
    255 166 43 171 255 7 10 255 149 148 255 255 147 77 68 65 11 255 255
    255 54 15 92 54 255 19 255 104 81 219 130 255 201 235 102 232 255
    119 193 255 21 103 114 233 196 255 49 255 255 181 255 255 36 218 128
    255 255 189 41 179 255 255 72 206 255 226 255 38 62 138 255 75 24
    255 134 255 255 34 255 255 178 162 255 145 148 154 255 255 41 112
    255 64 68 97 255 4 255 132 207 113 255 92 75 255 239 111 8 12 136
    255 98 222 137 255 39 120 255 164 255 211 84 255 105 109 255 222 255
    255 255 255 220 204 255 255 255 255 255 255 27 211 199 205 143 137
    99 255 254 19 143 255 255 179 163 255 198 175 60 40 177 65 255 131
    150 255 246 186 255 127 255 209 159 148 255 41 255 87 175 126 53 255
    176 255 130 255 255 175 148 149 195 154 255 73 220 228 156 162 255
    25 138 255 255 70 143 51 255 117 255 184 166 115 244 255 235 255 15
    46 182 255 87 252 255 255 84 237 15 255 73 255 17 150 65 135 255 36
    255 255 148 255 90 255 234 201 68 191 255 255 10 255 116 222 255 255
    217 216 255 29 255 52 255 255 30 155 199 144 75 4 68 255 254 255 255
    255 255 200 255 116 255 255 255 5 182 185 17 255 161 255 255 128 255
    255 87 255 255 92 255 255 174 186 255 41 77 255 255 255 255 109 102
    254 43 255 255 101 206 255 88 255 49 108 26 186 10 255 255 12 12 255
    255 203 122 94 31 255 110 188 105 211 167 255 177 255 255 255 225
    255 232 133 255 54 255 255 101 255 255 167 255 207 76 255 171 108
    255 100 255 121 255 201 46 77 50 164 51 255 162 255 255 255 248 90
    255 36 230 193 143 161 10 62 23 255 252 250 255 255 145 255 171 11
    255 250 174 255 119 175 255 71 109 43 255 174 215 255 163 255 255
    139 255 255 12 99 255 131 172 255 255 255 255 255 211 255 203 255 17
    105 255 226 135 119 255 255 246 152 12 215 255 211 198 26 19 84 255
    255 255 255 121 58 47 255 255 255 43 255 36 99 61 255 34 255 255 255
    24 255 255 188 255 197 29 64 69 255 255 195 222 255 215 255 209 255
    194 255 244 53 119 19 255 169 255 34 19 170 46 199 255 225 213 255
    97 169 255 255 255 139 51 255 61 240 175 255 90 255 196 255 255 101
    255 255 255 255 51 195 255 255 255 77 198 103 255 24 127 255 255 244
    255 214 255 255 255 201 198 192 255 255 255 126 7 255 50 109 255 255
    179 255 189 196 194 153 14 255 189 130 255 65 255 6 159 15 192 30 46
    255 168 34 255 77 126 21 59 255 255 130 225 255 101 255 255 91 87
    128 105 255 255 255 255 102 225 255 111 222 251 255 211 104 124 241
    58 255 37 232 51 243 150 255 108 255 94 121 255 255 217 201 62 193
    26 255 23 235 255 83 255 255 218 17 218 17 255 41 40 255 243 255 49
    24 152 44 255 113 186 255 206 61 132 175 255 255 97 68 255 17 255 56
    255 255 235 203 46 255 94 255 21 25 255 2 33 194 143 37 17 145 255
    255 139 244 7 237 91 142 149 255 102 252 255 206 250 4 255 79 255
    136 160 0 255 255 210 123 218 144 96 19 251 255 255 200 58 255 255
    255 255 255 213 231 255 255 255 254 210 255 255 160 255 166 44 228
    112 255 255 207 191 9 153 189 255 218 17 255 255 255 255 130 255 255
    164 17 68 123 116 239 230 255 71 90 255 120 181 242 255 255 101 40
    233 223 60 248 182 255 128 255 198 11 203 141 255 44 255 195 162 255
    192 109 255 168 97 255 255 255 156 17 215 255 230 182 255 255 142 75
    75 5 152 178 255 147 255 255 239 18 255 255 255 255 255 39 68 88 126
    255 255 54 179 122 255 215 255 14 255 255 255 246 255 178 255 255 33
    159 182 255 255 255 148 255 235 87 255 255 0 218 233 6 70 15 174 174
    255 255 225 233 119 41 255 63 26 255 255 92 160 14 255 145 255 255
    71 255 99 184 219 145 255 116 101 130 128 255 169 255 5 156 3 255
    255 184 255 8 255 255 58 63 255 102 88 27 177 255 232 255 255 194 51
    255 126 255 224 155 255 23 3 64 61 55 255 51 255 255 166 203 255 219
    255 68 255 164 255 167 255 255 72 255 115 255 255 255 105 196 105
    255 46 124 255 255 111 255 255 255 137 174 255 217 135 13 199 255 56
    255 255 235 144 114 255 112 27 250 37 255 211 255 255 255 255 255
    205 8 255 255 232 31 192 230 255 152 117 255 60 219 46 255 113 255
    71 185 255 255 221 222 209 255 222 135 255 12 103 66 246 255 217 58
    231 255 255 255 91 215 255 87 182 70 84 213 255 121 46 255 255 255
    49 206 255 224 255 255 77 146 255 255 255 255 149 159 94 102 255 255
    255 43 255 139 131 155 255 228 53 203 57 136 233 61 255 199 255 255
    255 255 255 8 255 255 255 3 0 255 255 255 43 255 255 246 83 48 255
    255 205 255 108 172 255 244 75 255 44 107 194 116 118 36 255 140 255
    124 20 255 145 201 213 255 255 209 168 255 218 196 255 255 255 135
    255 57 97 255 255 191 255 175 255 255 181 255 255 131 194 188 142
    255 255 50 255 71 182 255 255 255 15 122 255 215 255 255 36 205 26
    255 255 255 255 255 138 255 255 235 255 102 168 255 203 99 0 255 255
    255 117 239 133 255 170 255 130 29 227 255 123 97 71 94 194 255 199
    203 255 255 234 90 255 255 255 23 255 255 150 255 171 217 255 255
    161 68 255 255 255 132 255 85 255 59 255 255 168 70 255 255 172 58
    141 255 255 153 12 103 255 251 81 112 41 252 226 255 139 255 255 252
    255 99 255 184 255 255 91 114 64 196 255 254 255 7 90 255 135 194
    255 255 255 226 145 179 33 249 41 128 145 255 255 255 199 135 255
    255 43 174 51 15 36 255 6 255 255 218 160 250 135 255 198 174 235 77
    244 255 201 228 230 255 76 206 15 119 255 255 255 179 255 109 255
    255 236 36 255 255 94 255 215 97 255 58 131 17 255 225 255 204 255
    128 59 140 241 255 255 203 14 96 87 255 157 109 166 186 73 73 63 0 0
    255 255 236 255 203 159 123 254 11 176 117 6 130 255 153 255 255 255
    251 255 255 193 237 255 255 243 218 113 96 255 60 211 137 26 255 40
    255 173 68 5 184 48 254 13 255 255 255 221 193 255 255 121 255 255
    255 255 126 181 233 233 193 255 255 255 255 214 157 213 207 114 255
    63 121 207 109 255 255 255 255 255 255 165 255 84 80 36 255 147 255
    142 232 102 196 118 255 47 239 132 17 255 255 161 255 96 94 68 53
    128 255 250 190 220 255 121 148 255 52 147 147 255 255 255 203 84 49
    255 31 255 179 111 126 18 5 11 138 72 126 255 255 255 160 255 182
    206 17 179 8 255 255 52 140 28 131 255 255 255 102 255 255 49 255
    105 136 38 255 172 255 127 255 2 68 255 103 255 255 79 255 200 255
    255 167 255 255 255 255 127 36 255 103 63 255 68 186 83 84 43 49 166
    255 171 255 111 255 164 255 6 106 113 70 69 255 169 214 126 26 253
    78 73 255 234 196 172 111 128 40 242 98 44 63 53 119 255 245 103 254
    128 148 73 156 255 255 255 255 255 66 200 255 47 34 15 255 255 119
    62 255 128 255 182 140 255 222 14 49 108 230 255 219 255 122 255 125
    41 77 26 255 63 237 203 72 72 255 255 255 224 46 155 120 84 255 160
    17 56 255 69 255 102 155 114 38 255 211 87 253 177 71 167 39 96 39
    255 255 33 0 167 193 72 255 30 255 255 208 89 173 174 255 64 241 255
    83 175 255 147 50 164 255 61 255 96 174 97 36 15 255 51 144 119 109
    255 97 45 37 133 255 188 255 213 174 186 126 77 255 154 119 255 255
    130 255 255 72 255 41 11 113 143 153 225 68 208 255 255 255 189 255
    195 255 23 153 107 79 34 222 255 255 222 255 208 255 109 119 210 8
    255 255 255 255 246 255 23 72 255 255 255 90 34 128 70 214 255 255 8
    160 255 255 255 255 255 87 255 81 36 145 113 255 255 255 72 255 28
    159 41 229 56 255 255 17 105 116 255 255 201 255 214 255 255 214 255
    96 162 255 255 255 119 17 21 248 255 255 8 255 64 189 255 255 255 20
    255 105 12 190 232 255 179 255 255 211 23 255 213 39 80 124 166 255
    255 51 193 255 255 19 182 182 162 198 4 255 186 228 255 34 28 255
    255 160 255 58 222 172 239 255 70 255 255 255 158 255 90 111 90 150
    255 76 182 186 47 107 36 120 84 47 255 255 239 48 255 88 190 255 32
    177 255 255 189 255 164 40 249 255 63 179 184 95 29 181 193 255 255
    255 43 64 218 247 229 130 255 128 18 51 255 255 255 255 251 254 237
    87 255 6 255 116 255 255 138 255 135 255 196 166 205 255 255 255 255
    255 249 45 115 31 255 51 38 113 235 255 255 224 255 255 207 255 192
    159 255 237 77 172 19 77 70 255 68 255 255 17 17 255 255 46 169 75
    58 211 83 41 220 98 255 26 159 255 255 210 255 255 255 176 120 230
    102 30 255 252 255 226 255 255 28 255 196 255 19 36 215 22 87 65 255
    255 255 85 130 51 111 255 188 145 152 126 61 255 11 255 255 146 255
    229 11 255 255 22 160 85 55 255 32 167 255 255 170 255 255 255 255
    186 255 255 255 200 255 255 54 255 255 239 227 255 0 152 9 255 26
    255 255 136 255 108 255 254 204 255 250 255 218 83 243 255 15 135
    189 149 37 53 255 236 72 109 112 3 255 184 255 73 255 255 218 132 63
    100 255 218 255 123 255 255 255 147 255 135 255 255 83 53 255 157
    255 255 59 255 255 255 154 255 84 255 13 215 255 255 255 255 255 21
    205 255 59 255 255 102 184 226 201 135 255 59 82 141 92 114 255 148
    255 255 255 255 109 186 255 175 255 255 255 52 206 122 240 148 32 72
    255 139 255 55 255 255 72 162 255 29 255 3 242 231 255 255 255 255
    147 222 88 255 255 80 255 43 255 36 9 148 203 199 255 203 186 212 96
    255 232 2 216 149 116 21 255 203 250 0 140 229 212 255 196 255 9 255
    95 154 255 12 255 255 57 179 255 68 218 255 166 123 255 123 152 222
    146 255 255 232 255 255 236 255 255 75 255 255 116 162 255 46 239 87
    255 182 182 196 34 56 255 255 164 190 208 255 41 255 17 204 3 255 0
    255 255 108 255 255 61 136 15 33 20 115 145 38 231 10 255 149 181
    155 255 255 255 120 255 84 241 255 75 49 120 17 51 32 169 255 255
    123 229 255 229 181 10 255 255 146 255 255 255 239 255 121 26 169
    255 9 255 255 215 255 30 234 255 255 73 255 208 77 36 255 255 255
    250 255 154 255 255 255 255 15 64 80 196 255 255 234 255 255 145 255
    255 171 241 255 82 255 73 218 53 50 188 255 251 99 233 186 255 252 3
    255 255 4 118 255 171 138 220 50 49 243 255 255 23 255 255 115 37
    255 255 255 255 255 253 255 45 255 159 190 255 84 255 255 255 137 7
    255 113 255 255 255 211 171 255 179 63 117 4 140 255 255 118 43 65
    255 255 255 255 194 40 193 255 148 177 255 15 247 211 255 255 255
    123 255 255 148 255 179 124 44 96 95 135 224 87 218 255 255 70 255
    149 255 255 246 255 4 33 255 102 101 255 87 179 255 184 108 246 255
    210 255 109 175 255 255 144 255 255 251 255 73 99 89 255 41 194 255
    255 10 255 99 255 169 255 116 255 255 61 188 168 255 255 40 232 53
    131 255 255 55 255 24 254 162 60 157 39 58 22 255 255 255 255 255
    113 171 186 255 97 192 138 157 255 65 255 255 117 255 115 255 255
    255 171 128 255 150 154 255 255 255 255 255 255 255 255 255 188 4
    239 96 255 111 255 248 162 255 112 29 255 255 99 255 255 135 255 218
    2 255 255 82 255 255 255 132 255 255 182 186 255 9 161 82 255 185
    159 255 243 41 88 83 2 62 255 255 255 70 255 255 144 255 255 255 80
    216 21 211 255 37 107 224 11 130 177 246 29 255 243 150 255 126 3
    255 130 145 255 255 188 8 8 220 109 91 255 255 255 255 255 6 247 255
    95 133 255 105 255 255 237 255 124 75 255 255 52 85 255 254 255 255
    255 255 139 171 80 255 255 89 255 134 255 154 134 255 255 255 255
    255 108 172 38 18 58 103 200 255 255 105 19 255 50 255 255 11 255
    255 206 239 198 11 5 255 97 24 255 41 150 107 255 196 26 203 150 98
    233 255 26 172 48 218 175 255 255 211 17 134 106 107 239 88 82 53
    102 73 224 255 65 15 255 249 141 255 162 255 255 255 255 91 244 241
    95 184 255 214 252 254 196 244 255 113 255 26 103 125 60 255 255 255
    77 254 255 226 255 182 255 255 255 212 217 152 222 255 181 163 119
    250 73 255 107 144 255 194 126 46 255 255 249 62 126 106 255 244 119
    126 255 255 154 98 3 255 255 249 255 166 255 100 157 189 255 101 210
    245 46 255 255 255 162 229 112 82 173 255 198 152 255 255 255 149
    255 255 102 232 214 255 70 255 153 60 145 1 51 255 255 255 255 181
    44 255 21 255 255 28 157 255 207 58 255 95 229 13 145 255 130 255
    255 237 255 9 255 126 255 71 222 20 255 255 237 145 204 255 255 237
    255 199 255 94 255 255 255 58 255 255 15 32 255 255 14 116 255 10 34
    255 212 55 255 124 113 184 255 77 105 255 121 248 255 2 255 255 255
    15 255 255 85 10 255 81 250 255 248 255 255 137 255 255 21 255 255
    255 247 109 105 195 239 49 255 55 255 225 255 26 108 36 105 126 19
    255 47 49 77 177 78 198 132 255 255 161 17 231 255 255 255 239 255
    254 250 191 255 221 31 255 255 114 105 255 48 255 255 27 255 251 255
    87 255 14 179 146 24 245 193 10 255 255 164 255 0 44 40 255 49 255
    255 125 222 69 255 196 6 196 255 255 77 255 168 70 255 255 188 255
    25 34 255 18 174 255 188 255 113 255 255 255 221 255 6 255 177 130
    33 255 43 218 68 30 255 104 255 34 255 60 139 10 126 255 148 58 255
    188 255 0 255 167 21 255 149 39 26 192 41 44 224 8 255 254 36 82 58
    199 118 85 255 99 255 123 136 255 17 255 255 255 179 45 11 255 21 36
    229 255 255 188 243 255 247 255 52 198 175 41 123 41 61 169 38 255
    218 130 206 255 255 181 152 75 255 38 255 255 255 255 255 84 255 255
    255 252 99 255 53 255 240 28 233 46 255 3 43 255 195 255 255 43 196
    233 188 255 130 255 242 255 255 255 2 163 255 111 255 255 255 255 14
    171 66 255 40 7 255 207 69 255 255 112 240 255 105 255 100 23 255
    117 148 14 255 152 225 255 203 34 246 255 133 255 106 210 255 255
    155 255 255 56 255 113 176 226 40 82 255 255 203 0 255 255 53 255 20
    150 62 255 255 29 174 152 255 92 107 251 181 235 248 130 255 153 148
    17 112 222 181 86 255 207 55 145 255 157 167 145 144 255 243 39 201
    124 255 135 201 62 255 66 150 198 122 37 46 188 40 255 237 179 255
    255 80 157 30 255 70 252 255 255 255 128 118 171 255 63 255 237 15
    255 168 10 120 144 255 255 255 169 255 255 55 255 199 150 173 233 12
    102 138 164 152 75 255 113 161 171 17 23 255 156 255 255 255 239 255
    255 199 255 255 255 119 255 70 196 255 123 113 15 105 255 15 255 176
    255 222 255 255 175 255 255 203 157 255 150 255 26 219 255 107 222
    198 85 253 189 255 141 255 179 241 43 255 255 169 255 255 191 255
    174 17 255 159 220 120 18 255 154 26 145 30 255 255 41 167 255 98 7
    251 143 88 255 196 160 152 255 210 32 243 207 82 255 255 255 255 116
    255 175 145 19 154 226 255 149 98 12 186 12 150 243 244 234 235 120
    255 66 48 255 115 19 255 53 255 206 245 255 255 255 39 46 192 88 210
    255 175 255 53 248 240 255 255 232 255 246 208 255 255 155 254 255
    255 53 255 255 66 255 96 255 148 191 255 233 255 167 255 255 255 33
    249 255 247 255 255 166 118 248 11 101 220 255 255 216 226 39 19 155
    255 0 6 179 55 225 255 167 163 203 24 193 43 154 229 255 96 211 90
    255 235 19 255 61 15 255 19 255 255 255 138 196 130 255 88 134 191
    88 255 46 255 145 123 66 255 255 255 255 41 26 255 242 147 255 255
    156 206 255 255 61 234 135 255 26 250 139 255 15 128 171 255 255 152
    6 255 70 255 174 255 158 244 255 255 168 46 21 255 255 255 7 106 60
    255 113 255 124 39 255 77 255 45 52 97 255 189 125 255 255 254 243
    254 188 209 48 255 255 39 203 196 34 255 15 123 213 255 59 177 190
    184 255 199 255 255 117 44 255 255 255 255 243 255 255 255 121 5 102
    10 56 100 88 255 255 255 72 255 134 252 255 1 218 255 54 255 255 204
    255 130 184 206 24 8 255 6 6 201 130 255 87 255 3 255 179 255 145
    255 37 255 255 18 182 53 80 255 255 139 255 90 255 255 255 12 142 28
    255 26 103 167 255 150 73 63 255 40 58 255 108 72 255 240 150 207 51
    255 255 142 19 94 62 44 255 112 255 255 113 235 213 8 255 143 7 208
    205 255 72 58 25 246 255 221 118 255 255 255 194 199 78 255 130 237
    224 248 133 255 255 167 143 255 145 255 255 255 246 248 255 255 255
    26 184 135 126 255 120 220 255 25 90 40 44 255 173 255 218 255 101
    255 19 255 39 255 76 222 255 236 255 255 255 255 26 255 255 56 12
    255 255 240 255 255 255 61 218 86 255 255 103 255 255 142 211 255
    253 255 92 255 255 255 102 255 158 14 89 107 255 9 124 255 255 179 3
    255 255 195 97 77 146 255 255 0 255 71 68 43 229 19 255 137 62 255
    152 239 255 255 97 255 201 255 174 255 18 255 255 236 255 23 193 65
    229 8 255 255 204 255 203 44 255 255 255 181 255 255 208 109 76 186
    128 255 246 30 54 48 28 131 196 255 48 143 124 163 147 255 255 235
    255 218 177 245 182 135 255 233 143 255 116 160 205 75 19 255 210
    255 255 255 22 60 127 210 255 255 113 255 255 10 255 117 206 255 116
    135 211 39 255 192 253 164 128 255 200 255 255 20 255 255 24 255 233
    255 2 47 247 81 255 143 255 255 244 173 99 255 139 255 255 15 255
    255 96 255 118 255 92 111 255 255 247 147 255 38 255 185 242 255 61
    255 119 182 255 255 22 26 8 4 136 255 157 182 255 255 255 179 160
    255 255 148 255 255 159 255 49 229 44 149 255 237 255 51 206 4 3 255
    245 248 131 58 255 255 255 190 133 107 255 255 255 255 255 105 98
    255 255 130 85 255 255 255 255 204 255 58 222 90 135 255 255 113 14
    22 87 255 255 255 55 255 255 142 255 79 21 123 218 190 255 255 182
    255 226 33 49 132 132 255 203 14 255 255 86 184 255 255 235 255 66
    155 255 25 255 255 254 24 75 83 255 154 248 136 60 178 49 143 12 39
    107 164 65 255 57 179 255 215 255 248 132 255 6 98 255 255 46 255 71
    185 118 43 204 48 255 101 255 222 164 255 246 132 255 255 150 255
    255 63 121 255 34 211 41 94 3 182 18 255 83 72 242 255 77 255 255
    211 255 15 84 255 255 55 211 235 36 162 255 83 223 56 113 169 196 25
    24 135 90 36 255 255 255 211 255 206 105 254 255 126 12 255 255 175
    31 87 241 60 255 161 26 192 152 255 45 81 255 255 7 126 188 175 179
    243 117 211 255 126 255 255 86 255 181 255 172 255 255 255 255 65 17
    55 0 255 255 255 41 255 29 220 255 128 254 255 188 254 77 148 56 255
    76 255 255 217 255 248 229 165 126 175 255 255 33 164 255 54 255 8
    244 255 255 255 82 255 255 255 192 221 255 255 195 155 100 28 78 237
    77 119 211 145 255 134 240 237 255 197 255 255 255 255 164 3 255 243
    168 255 34 110 90 237 255 22 255 215 143 255 255 164 255 153 72 255
    44 97 255 203 118 255 15 44 255 57 255 255 204 255 255 255 73 162 57
    102 237 170 255 255 255 213 55 36 215 213 243 225 94 69 49 245 230
    34 254 235 255 255 188 111 255 172 36 255 4 255 192 255 159 40 146
    255 255 186 255 255 135 39 83 141 102 255 19 147 181 26 106 55 222
    223 255 84 255 255 255 138 255 255 177 255 37 255 255 255 99 190 255
    255 255 10 109 40 255 255 245 80 147 26 181 255 32 255 246 2 224 150
    243 182 255 255 251 255 255 255 255 255 221 255 255 123 186 103 255
    255 255 123 237 235 65 255 190 255 255 255 233 252 255 255 232 255
    59 135 162 203 53 30 171 255 70 251 254 13 255 200 139 241 251 102
    21 255 255 181 255 38 66 48 243 159 255 231 255 255 255 164 255 241
    255 255 96 141 15 255 184 255 62 222 255 246 92 160 255 210 101 222
    73 38 124 255 232 179 255 255 255 109 255 255 160 255 255 103 255
    255 4 255 75 218 179 255 146 255 41 232 60 229 77 255 255 66 22 255
    255 215 255 254 255 255 170 150 152 55 20 255 255 255 255 255 255
    255 69 78 255 22 255 233 22 177 255 214 244 40 148 89 254 142 255
    255 255 255 83 164 232 255 47 249 255 115 147 135 206 255 255 23 255
    188 23 58 15 159 138 92 208 255 255 215 200 117 58 34 40 255 227 207
    185 255 24 120 87 211 150 118 255 25 255 182 255 255 255 247 148 255
    149 255 85 134 19 255 102 89 255 255 138 94 197 251 255 184 101 255
    168 255 218 134 255 226 174 255 255 10 101 71 255 154 255 148 113
    137 193 255 49 240 165 255 87 255 255 197 31 88 46 255 102 135 242
    58 166 211 255 150 34 8 255 147 255 200 167 24 255 184 255 124 67
    233 30 255 137 30 200 23 204 255 248 255 2 231 54 255 255 103 255
    255 174 255 216 175 133 255 255 128 182 255 255 24 255 90 255 255
    196 255 195 159 255 255 34 255 255 118 255 203 255 21 247 255 92 248
    255 79 255 255 233 105 255 255 190 255 246 69 255 255 255 255 132
    200 255 255 255 255 194 255 255 34 255 255 255 72 234 34 255 255 255
    94 255 188 23 9 24 189 255 255 179 211 105 233 255 255 240 255 255
    12 113 255 255 136 255 119 251 128 175 255 255 34 255 255 181 255
    255 0 255 109 159 36 255 255 255 255 237 140 255 63 84 135 152 14
    120 232 106 255 255 44 128 235 255 255 255 215 115 197 60 158 255
    255 255 255 48 255 196 255 177 255 80 164 41 255 98 210 255 100 41
    255 96 255 38 152 181 32 58 246 189 255 222 255 255 255 255 124 46
    213 255 99 51 145 32 255 255 14 255 255 255 198 255 233 235 255 233
    125 255 75 255 255 255 255 255 193 255 143 57 46 255 255 255 255 255
    123 150 237 255 255 255 255 213 255 159 255 17 89 40 113 237 51 159
    247 255 244 255 255 184 29 124 131 255 255 255 147 255 255 255 2 58
    111 145 70 130 166 116 255 255 134 255 130 108 255 213 43 80 255 28
    255 211 156 181 41 255 255 103 137 255 255 51 255 255 255 138 255
    255 255 186 1 188 255 26 5 150 51 15 255 15 48 220 70 255 255 255
    255 246 255 255 255 95 152 255 188 255 255 193 211 11 142 255 255
    120 255 135 236 36 255 127 255 241 255 229 241 29 206 255 98 31 171
    103 61 255 26 165 255 95 255 255 134 77 60 255 255 167 153 255 255
    175 77 239 84 44 36 83 255 87 81 255 124 210 255 252 68 171 255 41
    196 255 12 255 231 105 107 255 168 196 26 255 31 255 97 142 49 109
    24 214 145 94 145 255 164 255 255 99 160 138 255 255 116 67 124 88
    36 255 255 22 30 128 255 255 92 223 194 72 255 255 94 104 255 58 29
    194 14 123 4 19 32 255 124 102 246 123 90 182 83 41 224 208 255 255
    18 188 150 139 255 255 248 255 255 98 171 255 6 255 255 190 255 255
    240 244 107 255 255 94 91 39 255 36 255 255 255 126 188 30 255 255
    102 179 255 199 255 166 230 255 255 8 165 255 255 255 255 255 255
    255 224 234 255 4 255 216 237 87 51 204 75 255 255 36 255 206 65 255
    230 255 21 102 96 255 255 255 41 184 255 122 243 255 28 255 255 255
    30 116 2 28 255 38 68 60 255 195 255 199 178 240 255 15 107 184 130
    255 255 255 255 26 18 200 113 103 41 255 15 255 150 164 135 239 203
    70 255 110 60 255 182 179 255 236 29 152 240 0 255 149 255 243 119
    10 255 255 31 255 50 164 47 152 255 49 208 147 255 241 109 255 255
    143 135 164 191 152 255 255 255 34 43 255 255 255 255 153 255 201
    145 255 255 97 255 255 99 252 77 119 17 255 210 186 255 84 255 255
    232 169 96 211 255 166 226 10 255 23 87 255 197 255 255 117 255 255
    18 255 255 99 90 255 233 2 255 255 111 255 160 205 255 0 75 154 61
    142 92 156 255 113 212 255 83 14 255 58 255 255 255 139 142 119 255
    255 255 255 255 255 255 230 255 62 255 32 105 126 203 255 60 255 255
    184 255 91 255 220 255 255 255 211 194 246 164 152 255 166 255 38 51
    255 36 88 255 255 199 118 41 116 255 255 23 55 255 170 255 224 255
    162 255 92 255 255 255 36 252 255 255 119 121 22 255 69 90 255 222
    240 255 44 255 222 80 255 122 196 255 255 254 255 38 112 255 28 186
    31 235 175 55 255 255 255 143 255 225 126 255 77 250 10 255 184 255
    174 233 253 53 255 254 255 226 254 20 113 156 255 255 255 210 233 29
    255 96 135 106 255 26 133 255 255 140 255 255 255 205 65 255 255 248
    205 255 84 61 13 142 215 254 34 255 255 157 135 0 247 67 113 144 255
    255 18 223 255 58 48 198 255 255 194 80 136 255 10 177 255 135 72 85
    86 255 32 22 255 75 123 255 255 255 255 222 184 200 228 255 255 111
    33 255 255 244 255 154 179 230 255 255 194 88 68 255 21 135 255 255
    221 255 255 121 255 119 186 255 255 255 114 255 73 255 179 255 174
    255 255 172 255 17 94 255 215 255 255 174 255 255 254 154 255 148
    255 255 255 255 243 159 255 255 32 255 255 255 125 255 230 255 17
    255 27 122 144 70 255 255 223 75 178 24 175 105 109 150 98 255 255
    255 255 109 248 255 30 255 125 237 34 255 184 255 255 79 70 255 11
    146 255 255 120 255 255 224 38 255 90 255 143 255 165 255 168 130
    255 135 255 160 91 255 255 197 65 243 105 191 137 255 255 53 84 255
    196 163 181 255 54 255 23 18 123 15 254 27 255 255 255 255 164 135
    255 90 255 255 255 65 255 255 32 13 62 46 47 3 128 231 150 43 119
    233 194 162 240 143 43 175 181 38 109 255 40 255 135 255 255 255 73
    152 73 28 230 255 156 255 255 255 255 130 255 146 255 198 255 255
    198 86 171 255 255 255 47 103 61 255 170 200 255 255 255 248 255 193
    255 69 60 40 225 19 103 148 213 255 91 142 87 153 255 188 128 210
    218 152 84 255 255 225 255 255 255 255 185 255 222 247 255 103 255
    251 255 203 255 255 152 0 149 75 255 255 157 255 255 255 255 255 255
    196 13 247 211 255 59 255 70 255 255 255 184 227 255 52 109 192 255
    255 68 255 255 255 255 255 255 166 17 28 36 128 255 255 89 255 214 2
    255 117 255 179 255 65 255 255 255 255 255 255 255 18 255 255 241
    255 255 159 255 75 255 255 166 240 145 255 98 255 28 255 255 255 54
    63 38 244 235 255 255 154 255 239 255 28 233 123 250 63 114 255 69 9
    255 255 17 255 153 172 28 44 255 255 195 230 164 255 85 162 255 210
    255 254 255 23 255 34 255 34 184 255 132 255 156 11 244 79 247 2 71
    40 255 186 163 255 241 167 255 255 57 20 192 246 255 194 255 255 167
    218 39 115 255 29 167 236 182 218 255 56 255 225 43 98 62 140 255 36
    255 167 255 255 96 255 49 196 255 255 255 138 255 255 255 70 66 192
    255 255 255 75 255 255 82 201 127 19 235 181 198 255 255 255 85 255
    255 255 91 255 255 120 203 94 105 239 30 3 29 255 190 255 214 255
    255 111 116 39 255 254 255 214 255 227 226 225 255 255 33 217 255 57
    255 255 121 109 149 25 164 255 44 39 255 58 138 13 246 244 205 255
    41 255 255 34 43 226 65 126 41 147 255 108 255 11 98 252 90 212 255
    103 47 46 237 6 162 9 255 255 255 79 14 162 44 200 255 132 227 105
    46 181 255 88 255 53 255 72 85 47 255 83 226 135 0 123 255 21 186
    104 255 155 255 255 66 136 43 192 255 36 255 184 115 26 196 64 233
    162 192 30 255 47 255 255 190 182 210 255 10 255 113 255 255 92 81
    136 152 123 36 255 255 9 53 255 58 255 124 17 137 70 255 255 255 255
    255 109 135 255 103 255 255 37 230 255 250 162 255 177 184 62 236
    255 19 250 49 255 255 255 135 86 150 79 12 215 228 203 255 179 255
    255 255 240 63 255 75 255 246 21 80 62 80 19 255 255 255 255 208 147
    255 58 7 255 97 255 119 255 255 132 222 148 255 255 246 209 69 255
    255 250 255 160 255 255 235 65 255 228 214 191 255 255 116 203 65
    218 186 212 255 255 4 255 255 255 20 53 255 68 255 92 229 137 76 159
    177 255 109 88 200 186 255 51 130 255 215 255 56 178 19 255 186 255
    216 137 255 255 255 215 255 208 135 88 255 130 6 214 22 233 142 255
    255 159 232 226 15 255 229 127 255 6 248 247 235 116 188 255 54 46
    17 115 255 60 181 10 4 33 85 255 255 154 23 138 255 117 59 255 245
    210 255 28 131 255 255 163 5 255 83 2 24 255 244 113 14 255 255 177
    186 134 153 114 85 208 255 156 150 255 77 12 147 252 132 102 81 97
    255 43 255 255 255 130 7 150 105 255 211 84 2 255 102 255 255 186
    255 255 229 121 255 90 188 103 255 215 113 186 255 255 197 87 255
    255 147 235 255 255 150 167 51 53 69 255 255 68 255 255 47 255 92 1
    255 0 15 32 226 80 255 220 160 27 255 123 193 255 90 255 255 146 159
    255 69 53 222 11 12 255 215 255 255 255 106 47 255 165 71 255 41 255
    255 255 162 226 107 255 75 177 218 255 174 154 255 152 0 77 210 190
    115 24 255 255 32 73 83 255 243 255 3 56 70 255 94 255 150 179 255
    145 255 106 56 255 236 255 255 127 14 255 63 255 255 219 80 255 255
    82 255 255 255 40 106 255 255 98 255 255 59 255 255 80 9 255 255 255
    53 103 49 214 26 232 255 26 255 141 255 230 255 58 131 134 229 53
    255 255 135 255 72 196 220 255 39 186 255 44 26 57 177 255 255 85
    149 255 138 255 255 55 243 157 15 255 210 142 135 48 255 255 255 255
    255 120 73 255 179 255 255 57 85 255 139 255 255 18 68 0 4 234 11
    236 94 169 46 255 255 166 249 169 192 255 255 172 172 255 51 12 177
    255 114 255 124 203 235 255 160 255 153 205 179 117 203 255 79 9 255
    156 255 255 160 22 255 99 255 255 255 201 255 222 49 77 175 255 255
    255 255 255 255 181 255 55 255 255 229 26 179 11 255 255 50 182 198
    168 255 255 255 200 19 40 255 100 1 188 226 0 24 255 182 255 255 255
    82 211 255 235 2 199 255 17 87 255 255 81 60 255 36 145 255 160 255
    100 153 255 255 117 182 255 255 255 68 215 255 196 46 255 150 48 55
    255 68 24 255 255 255 122 255 255 248 179 255 34 230 9 211 255 58
    233 255 109 205 210 255 255 148 186 255 120 255 255 65 255 105 255
    38 255 41 109 70 232 255 255 152 152 255 255 255 6 108 255 255 69
    182 255 226 191 255 127 27 255 25 244 255 168 255 255 152 24 255 144
    255 173 12 227 164 255 255 255 255 255 192 255 90 255 255 255 255
    203 145 255 174 255 201 163 255 255 255 242 147 30 44 45 17 255 194
    219 255 96 255 229 255 102 0 154 255 255 255 255 101 255 228 138 255
    255 255 255 228 55 56 237 255 255 101 255 255 255 255 255 251 9 79
    106 32 207 44 255 226 163 147 255 255 255 13 255 254 113 22 61 255
    255 255 255 15 67 49 204 255 109 179 255 226 255 255 109 226 255 192
    218 78 24 201 229 94 255 255 68 255 126 255 255 44 23 207 94 233 221
    215 119 0 150 205 98 85 255 255 255 255 83 162 100 124 133 147 255
    194 164 92 255 255 142 32 105 255 255 255 255 106 235 255 255 255
    128 230 231 226 255 94 255 155 255 159 109 255 18 162 255 171 255 45
    25 157 192 47 43 255 255 49 255 255 220 255 255 9 255 164 255 216
    255 182 115 211 84 255 186 255 255 157 255 255 11 194 255 43 255 222
    139 169 203 41 97 92 253 255 255 175 255 255 119 255 21 255 119 255
    144 255 255 156 90 255 255 145 96 66 255 255 54 246 255 255 255 255
    83 255 51 152 189 134 196 147 171 255 118 255 90 255 8 110 255 51
    255 255 207 54 68 255 41 255 141 172 246 255 240 160 255 120 15 171
    25 255 179 86 94 255 255 177 255 134 72 255 184 255 186 243 255 38
    46 255 255 255 255 47 149 96 255 190 255 190 255 255 122 255 22 243
    17 77 255 10 255 255 138 157 255 91 255 255 255 255 184 184 229 53
    160 255 255 184 255 255 255 255 214 219 255 255 91 128 56 76 255 255
    255 255 47 128 255 132 1 255 255 131 255 214 155 176 252 153 255 255
    47 255 179 10 255 71 235 237 255 58 255 255 215 56 255 255 239 255
    255 217 255 160 255 255 94 255 239 99 203 158 8 191 255 28 218 79
    145 255 255 8 165 77 255 196 255 68 255 4 160 255 255 159 255 119
    172 222 255 37 255 255 255 111 222 255 188 23 255 165 94 81 181 255
    255 255 135 255 148 255 47 255 255 229 165 255 255 70 229 103 157
    231 127 255 167 152 65 124 54 255 255 235 206 255 148 255 184 255
    116 255 119 43 132 232 255 156 159 73 255 255 51 87 10 186 255 172
    239 186 201 186 122 161 255 235 138 255 53 204 222 255 62 255 254
    142 200 30 255 75 255 63 255 255 203 255 255 150 68 4 52 220 64 255
    255 211 255 203 255 201 255 255 139 203 255 170 255 239 11 208 255
    75 255 169 148 2 255 255 220 255 139 48 88 121 242 255 156 147 255 6
    113 9 255 255 231 39 255 255 255 255 255 233 67 102 255 99 255 255
    75 196 127 255 255 11 255 255 113 104 255 255 55 184 255 255 77 153
    255 255 145 43 179 255 205 94 255 198 255 175 255 98 167 171 255 181
    19 255 33 255 255 171 254 94 149 172 255 159 255 32 255 31 205 224
    85 179 255 255 255 255 255 109 163 201 255 112 160 255 103 255 255
    39 72 255 255 152 96 132 75 255 255 5 255 19 126 196 255 255 255 243
    179 255 120 14 255 175 26 124 255 14 255 175 160 182 255 255 117 22
    70 11 240 61 255 255 9 13 218 194 241 51 234 255 11 189 243 130 68
    255 0 255 255 29 84 255 29 255 160 255 255 255 0 255 255 255 142 171
    75 211 255 157 77 255 200 255 102 255 255 255 255 255 235 230 255
    255 17 255 179 181 255 188 33 255 96 137 44 135 255 3 255 217 104 73
    155 58 194 207 255 30 255 255 28 182 227 255 230 123 45 255 107 213
    255 255 139 103 41 126 255 101 255 255 73 254 255 255 255 255 49 255
    255 255 190 161 218 255 221 255 188 75 22 255 212 255 255 164 87 128
    17 41 21 248 255 156 255 53 154 119 255 255 115 255 188 255 38 255
    25 150 255 72 24 198 19 255 141 33 255 255 250 90 255 233 255 137 17
    73 255 255 255 6 159 255 71 161 186 209 179 255 119 76 255 255 204
    255 255 146 235 255 229 255 81 101 255 4 253 255 255 190 206 209 50
    140 255 255 255 228 210 255 255 212 160 186 214 255 229 15 255 255
    255 179 158 255 255 179 255 232 17 163 255 205 39 177 128 137 223
    233 90 215 102 131 90 87 244 131 255 235 70 255 237 182 156 244 255
    255 178 255 255 120 255 255 174 53 255 123 255 171 128 255 246 232
    75 149 88 125 156 181 160 229 37 255 255 116 255 255 159 210 182 98
    242 243 141 82 255 29 118 119 255 255 255 226 111 255 255 118 255 86
    255 207 255 255 88 255 223 115 255 255 255 175 56 115 197 255 70 255
    130 255 255 15 255 18 255 255 135 51 179 255 255 222 112 255 147 46
    196 255 255 194 192 188 255 149 240 118 105 255 255 102 153 17 214
    255 0 73 255 17 255 138 182 255 243 255 135 6 135 255 255 53 255 221
    255 166 41 77 34 51 167 120 244 255 167 70 255 124 160 90 255 98 29
    255 152 160 248 255 182 255 34 78 235 255 194 255 195 179 255 123
    255 213 255 72 255 15 255 255 17 169 255 153 196 135 26 255 24 251
    171 255 103 160 255 255 255 179 14 255 255 217 255 255 225 255 199
    86 131 255 185 97 124 119 135 58 240 218 231 101 255 255 255 255 211
    250 154 255 156 114 214 4 126 90 65 255 255 17 31 179 218 249 255
    116 255 255 170 255 255 101 164 66 255 255 41 8 255 88 6 255 255 62
    255 160 84 255 149 22 255 38 141 114 255 168 255 220 255 201 255 255
    229 255 117 184 160 115 229 96 116 255 213 77 0 255 255 235 231 239
    255 98 211 255 4 172 230 167 186 255 255 113 155 128 208 255 162 0
    53 109 95 255 255 200 60 196 178 255 58 32 133 255 255 101 55 175 99
    255 19 255 255 115 229 154 255 255 32 255 9 255 105 255 113 208 75
    255 132 255 255 7 255 171 66 101 255 39 255 207 47 255 255 124 99
    179 255 58 36 255 94 255 90 255 228 233 234 143 68 150 255 255 252
    255 255 72 182 55 255 255 255 255 62 39 255 2 39 239 255 168 247 24
    130 255 255 79 240 166 28 140 255 218 247 255 32 61 255 255 210 167
    128 215 255 135 181 81 232 255 255 255 72 181 1 230 58 21 43 24 255
    147 179 164 130 55 126 194 255 159 152 255 142 255 255 255 116 255
    40 222 255 25 255 255 204 255 160 51 255 255 255 44 255 7 126 201 40
    0 255 255 213 237 255 255 255 225 255 235 255 20 255 246 255 158 77
    53 222 255 200 255 255 179 255 101 255 255 255 56 186 255 111 255
    255 255 255 207 255 87 108 255 149 102 215 255 255 235 182 55 255
    115 235 222 175 119 251 255 26 255 255 167 169 38 255 255 139 255 2
    81 37 19 255 189 255 152 233 255 34 208 215 64 123 84 255 255 142
    250 208 84 255 255 255 255 11 133 255 160 255 255 255 194 119 127 80
    255 92 97 250 73 109 255 255 113 224 237 75 184 110 218 245 30 77
    255 214 255 255 255 10 255 255 26 145 150 220 255 255 164 255 29 87
    192 255 160 254 255 239 90 255 255 255 167 32 255 86 223 255 255 255
    255 248 255 255 222 255 255 119 255 166 199 227 179 94 41 246 255
    136 137 255 157 255 144 255 255 76 171 255 153 210 245 17 82 255 186
    210 194 255 20 190 46 85 30 131 252 124 46 255 51 22 255 255 196 181
    181 228 181 255 248 60 36 110 222 237 255 159 171 206 94 255 255 255
    166 255 255 196 255 255 255 130 157 255 235 255 255 178 255 255 21
    123 135 255 254 255 59 99 229 255 189 255 62 55 199 139 55 255 106
    159 255 255 186 85 255 255 229 65 255 207 229 182 255 219 38 255 179
    39 173 255 255 255 99 255 255 255 126 152 59 159 66 134 48 255 255
    157 255 135 255 255 224 255 255 255 32 255 14 255 175 255 106 255
    255 222 205 207 46 255 156 255 6 255 22 255 161 58 231 150 252 255
    101 242 255 80 255 255 255 84 255 255 0 175 134 157 255 255 230 255
    255 20 255 184 255 21 255 255 241 177 255 102 236 242 255 255 255
    255 84 29 255 3 67 255 137 43 213 117 102 87 126 255 255 255 26 60
    255 222 66 210 12 255 229 94 255 178 34 186 144 104 213 255 60 8 255
    63 17 70 10 255 57 48 255 21 90 102 185 123 255 186 255 229 255 133
    229 185 255 113 15 255 167 161 255 184 237 87 255 21 255 255 255 255
    255 63 193 150 189 255 255 141 255 23 254 10 83 233 255 70 23 255
    255 203 255 145 117 106 100 84 186 143 168 255 203 255 222 248 113
    255 64 115 51 255 144 255 94 7 255 255 255 255 255 135 255 45 95 200
    255 178 255 135 148 255 248 153 255 255 99 255 75 255 53 255 99 255
    26 11 41 255 203 147 68 255 179 255 17 255 255 34 68 255 255 255 255
    80 255 255 255 135 130 255 255 45 255 181 255 116 255 188 175 255
    255 34 222 85 207 255 145 54 255 51 94 94 143 182 26 83 255 96 30 40
    39 255 161 143 126 225 255 255 115 174 164 255 255 255 62 255 254 7
    255 246 255 255 255 12 114 53 119 24 130 255 251 255 90 123 81 255
    51 255 88 255 233 132 36 255 39 84 177 34 191 255 255 90 255 255 26
    255 207 255 255 28 255 149 255 255 158 84 7 255 134 255 41 175 254
    255 255 255 109 179 101 58 255 255 205 141 46 255 255 255 105 247
    255 109 255 189 47 30 255 209 255 255 167 128 125 255 83 34 71 46
    255 255 62 255 207 14 200 255 91 70 255 26 255 255 72 255 58 81 255
    255 142 26 255 88 251 255 177 255 255 70 255 241 77 147 167 255 255
    255 186 143 255 29 255 239 134 255 255 94 205 98 159 255 102 255 255
    255 236 46 255 255 255 246 108 255 77 255 116 21 157 255 105 254 17
    255 164 246 41 23 160 40 28 255 255 97 255 255 84 255 255 229 210
    255 177 36 233 149 116 199 255 189 255 181 255 70 244 131 164 255 9
    203 215 255 201 40 255 255 225 203 255 156 65 150 255 255 255 241 58
    255 199 255 79 236 255 255 1 255 255 19 143 115 255 255 143 132 96
    171 157 119 254 127 255 17 14 20 190 22 19 255 236 176 145 39 222
    173 117 31 245 255 237 255 255 136 213 255 10 109 3 255 243 255 255
    255 255 255 117 190 215 100 225 31 40 12 56 255 6 87 21 130 255 100
    237 3 255 18 255 255 14 255 231 255 176 167 222 255 255 150 198 255
    164 255 107 255 255 255 58 155 255 255 104 19 65 82 255 12 222 255
    255 255 255 230 255 231 255 255 255 255 255 70 47 152 255 255 174 30
    23 255 255 181 255 111 255 22 255 73 255 111 255 44 51 195 39 70 62
    255 96 190 255 68 248 255 79 255 255 255 0 43 255 199 255 255 218
    255 167 139 119 36 153 229 26 255 130 70 199 188 128 153 223 255 12
    255 53 17 128 255 50 222 203 228 235 255 255 80 81 109 172 40 175
    255 255 117 255 98 29 255 228 83 255 130 255 255 94 255 232 220 70
    118 255 146 121 64 52 255 255 76 255 115 255 255 255 6 118 255 189
    235 156 255 255 255 52 67 147 255 206 38 255 227 102 255 211 252 230
    255 194 255 255 255 255 121 255 219 255 255 226 87 214 135 252 182 0
    133 0 19 255 255 255 99 203 124 131 255 139 177 255 75 255 255 255
    230 26 106 211 229 61 77 255 255 148 252 58 114 255 87 255 132 83 24
    255 255 155 162 84 208 203 255 239 255 92 242 255 156 55 166 14 99
    199 255 255 184 181 235 211 255 61 241 255 255 23 255 181 255 255 49
    255 113 255 132 255 46 169 132 63 220 47 44 255 11 82 184 255 116
    222 255 128 255 255 255 255 224 255 167 255 255 73 92 131 23 61 255
    70 157 239 229 92 34 255 236 73 49 102 234 255 255 89 255 192 255
    184 68 67 255 69 19 47 175 101 158 23 242 233 255 7 255 236 128 199
    172 255 255 255 255 255 255 106 255 87 255 192 18 255 255 117 205
    255 206 227 255 255 235 255 166 174 252 255 85 169 192 60 77 230 154
    255 8 80 255 239 24 167 186 200 58 54 255 32 92 255 122 153 210 255
    255 29 194 155 255 255 214 177 207 255 63 205 14 255 143 255 255 255
    255 12 255 101 255 130 102 255 41 225 87 255 222 255 186 228 0 119
    255 26 201 92 142 255 255 237 62 161 49 255 201 255 36 255 67 255
    255 255 255 255 255 177 25 114 255 153 220 199 68 255 255 160 73 0
    144 58 100 186 255 255 48 20 235 255 0 255 185 107 255 124 155 255
    68 255 233 29 255 255 51 5 255 255 148 255 246 96 13 3 39 255 255 82
    186 43 92 68 148 84 28 57 255 255 52 189 255 156 255 255 54 215 255
    255 255 117 48 184 175 255 104 156 255 255 181 206 12 194 58 249 70
    141 32 255 83 247 49 44 80 255 255 77 237 99 255 164 255 255 207 255
    68 255 255 174 79 247 96 255 152 255 255 22 242 149 218 160 255 226
    255 56 255 255 255 244 17 255 84 167 255 36 53 190 94 63 224 190 227
    255 255 255 88 134 26 255 197 255 252 255 255 254 181 227 255 138
    255 255 112 82 36 255 255 255 18 97 255 255 87 179 144 135 53 4 125
    32 255 255 255 34 255 73 160 255 28 193 255 139 159 130 150 161 255
    255 243 60 107 113 255 255 8 200 83 255 255 115 29 255 173 248 125
    115 6 29 111 17 255 255 106 255 26 157 255 34 255 75 196 62 97 255
    33 182 255 182 186 102 255 123 152 228 159 255 255 92 81 255 255 156
    123 235 255 195 223 126 195 255 255 23 78 220 201 222 255 12 255 98
    164 255 255 255 255 228 90 255 255 177 201 255 255 255 11 207 255
    255 51 255 255 28 130 255 124 65 71 197 255 255 225 255 255 255 255
    64 255 22 32 255 96 115 8 75 255 255 255 162 255 174 56 18 82 255
    250 27 255 52 242 255 6 255 255 255 255 255 101 80 218 255 10 71 152
    255 120 255 7 255 221 255 255 87 147 255 217 128 255 218 255 255 255
    255 0 69 255 255 255 41 4 119 63 8 126 44 218 255 255 199 50 237 255
    1 255 109 185 255 117 255 102 255 75 215 182 88 136 255 255 114 141
    80 255 255 28 255 255 255 150 87 212 2 45 255 255 149 141 237 87 124
    188 102 21 255 255 29 72 255 186 244 255 23 255 243 116 230 21 108
    255 255 145 255 134 0 160 167 226 255 198 123 167 156 110 255 177
    255 89 255 255 109 107 255 138 255 179 104 96 255 255 77 119 147 255
    195 255 64 211 107 255 255 165 255 139 255 173 76 152 0 255 46 226
    255 164 190 0 255 4 168 255 147 237 255 243 255 255 255 255 97 255
    159 97 169 11 165 255 50 121 255 4 44 255 255 102 255 181 255 252 34
    255 71 109 254 235 65 255 255 243 255 21 170 235 255 109 255 255 255
    255 43 155 58 188 46 19 117 255 39 169 255 143 255 255 255 255 255
    229 255 255 179 90 196 255 255 160 196 255 195 255 98 255 58 166 98
    26 255 251 255 255 189 255 126 155 75 255 170 255 255 247 230 169
    255 255 141 255 142 115 3 121 218 255 172 255 255 255 255 101 121
    255 37 171 255 134 255 41 70 255 255 255 255 255 163 255 24 255 255
    40 14 255 43 214 136 188 200 247 255 68 242 255 33 196 255 255 255
    255 76 255 255 255 159 255 52 255 255 163 46 173 83 255 4 255 255
    255 76 189 255 132 239 255 148 131 186 73 255 255 230 32 15 255 113
    255 17 78 255 193 26 237 228 159 128 243 119 255 255 255 226 132 31
    255 208 255 255 255 162 255 203 255 192 255 255 222 51 255 255 22
    203 68 255 27 17 255 255 38 55 255 255 120 255 255 255 255 255 226
    24 255 14 255 255 255 255 11 250 255 255 255 215 229 255 255 38 247
    169 255 73 5 255 199 99 255 255 255 186 65 255 255 61 255 228 57 164
    255 229 255 255 34 255 255 186 255 255 255 255 105 255 255 255 255
    94 177 235 255 73 142 255 103 102 34 228 228 255 13 17 78 255 98 223
    21 59 177 177 70 255 255 253 255 30 34 235 17 23 26 71 95 255 147
    255 255 255 193 26 255 12 65 15 123 255 255 0 255 255 255 255 211
    201 255 255 255 181 58 255 255 255 34 255 47 255 255 154 30 126 218
    81 61 246 255 65 255 148 255 128 218 17 255 124 255 222 8 167 66 184
    165 198 255 116 255 255 130 255 130 255 255 212 142 71 160 87 120
    168 255 167 41 255 255 255 255 68 217 0 81 15 255 255 105 196 255 80
    20 64 166 255 49 69 255 209 121 232 254 255 255 73 255 133 231 44
    255 255 101 53 40 255 138 128 250 255 51 76 27 51 95 169 75 255 235
    255 66 55 13 255 255 255 195 235 255 159 182 255 63 235 2 233 198
    255 123 255 75 40 220 94 130 44 255 153 101 255 255 48 199 255 48
    255 241 255 134 255 113 105 139 255 255 212 205 201 255 232 255 21
    255 90 94 255 255 251 255 228 168 181 141 134 90 255 101 255 201 126
    255 152 255 17 255 255 255 255 212 68 255 255 171 60 57 215 255 59
    255 255 255 133 224 77 20 255 66 255 13 255 211 255 155 255 255 159
    255 255 255 193 8 255 255 71 255 191 255 248 255 32 128 44 255 91
    255 107 255 255 113 145 24 255 179 255 255 197 116 198 126 255 255
    255 174 87 255 174 154 255 255 255 150 255 255 207 12 132 211 255 2
    188 255 255 255 208 190 55 67 213 255 118 105 255 26 255 206 255 255
    253 255 175 47 255 255 135 255 255 144 55 115 255 255 255 48 246 233
    43 255 141 255 232 252 127 255 0 61 68 77 201 41 190 255 60 254 102
    255 255 255 34 255 255 232 255 221 51 255 189 222 203 255 255 255
    141 255 255 0 5 62 29 44 255 255 107 107 217 99 41 236 32 68 243 5
    88 230 179 92 197 111 255 167 255 214 243 255 201 255 22 205 235 150
    255 246 218 255 255 210 255 87 60 122 117 223 64 255 255 132 77 255
    205 255 44 255 255 255 255 51 246 255 77 255 255 70 68 190 255 87
    164 148 251 17 91 255 255 97 239 213 222 135 109 46 172 182 255 255
    139 204 255 255 95 255 222 195 255 198 4 255 23 255 255 255 174 234
    255 255 84 255 255 10 255 255 150 79 255 252 60 185 225 235 99 255
    71 255 255 255 255 119 255 19 255 218 255 51 160 163 255 43 255 186
    255 65 255 255 255 255 160 248 255 62 254 80 98 128 255 173 164 255
    15 153 32 255 32 255 255 106 255 164 0 255 255 132 222 149 255 169
    199 255 111 94 184 14 255 255 255 255 226 255 207 68 255 254 255 255
    226 130 255 255 115 154 222 161 3 173 19 255 71 37 235 218 92 113
    255 41 255 68 255 255 90 255 22 122 222 255 255 68 143 255 52 19 255
    255 188 255 255 217 0 232 176 255 189 7 255 208 255 255 215 255 186
    197 255 255 255 205 28 255 27 243 134 194 87 0 255 94 26 251 255 98
    55 255 214 255 255 255 255 23 4 206 205 181 203 56 10 89 255 255 255
    28 12 242 255 190 255 194 255 255 105 255 255 255 255 255 255 63 255
    255 164 174 255 54 82 56 255 198 239 214 186 255 206 157 255 255 184
    26 255 255 255 186 181 229 23 255 102 237 247 0 178 167 135 254 255
    255 76 176 255 184 235 255 255 255 182 255 255 41 25 255 213 218 73</data></my_img>
<your_img type_id="opencv-matrix">
  <rows>100</rows>
  <cols>100</cols>
  <dt>"3u"</dt>
  <data>
    187 104 255 255 218 255 255 91 255 116 233 235 146 255 233 63 255
    143 51 255 255 255 255 255 255 255 120 255 255 212 255 38 122 232
    205 38 122 40 255 255 255 255 255 97 48 187 227 8 163 123 255 255
    255 178 0 255 210 28 64 40 161 72 255 255 255 210 255 255 50 14 63
    255 30 148 255 49 38 255 159 237 225 20 255 255 255 169 23 255 255
    84 226 250 34 255 227 141 255 51 255 255 255 210 255 255 255 236 30
    88 213 255 255 255 123 216 255 161 99 255 255 255 255 78 13 199 104
    255 255 255 174 26 252 178 140 32 63 41 255 88 67 0 204 61 255 255
    255 255 166 255 11 255 159 252 164 35 255 137 255 40 255 255 255 160
    255 227 82 171 214 0 255 255 255 207 255 57 53 180 255 255 255 255
    183 91 118 199 255 255 255 255 132 87 255 212 255 133 255 158 255 57
    255 255 59 255 165 255 255 76 255 255 23 255 156 255 124 191 0 255
    93 135 255 242 15 143 255 255 255 134 244 97 183 49 212 112 64 255
    183 255 208 255 224 255 167 190 255 93 63 255 240 255 255 98 13 19
    255 207 255 14 246 181 255 91 218 124 87 94 255 246 255 20 255 0 224
    106 255 255 70 0 255 87 176 255 129 255 255 63 255 255 214 255 4 78
    160 215 255 206 255 255 255 148 106 179 126 93 174 255 44 255 255
    255 74 49 255 255 161 116 181 57 148 31 2 99 124 169 11 63 255 199
    13 67 21 105 116 255 255 4 148 200 197 255 255 255 255 255 219 243
    255 255 255 255 138 255 239 118 49 19 255 76 145 20 138 255 255 136
    65 201 125 155 255 121 111 100 255 4 255 255 197 255 255 27 16 255
    255 255 78 248 248 250 36 136 203 255 114 197 29 83 255 174 175 45
    255 219 27 255 255 255 255 255 255 255 255 17 255 255 80 132 255 64
    255 179 255 255 255 255 255 255 255 241 199 255 155 126 255 122 32
    13 255 18 255 212 255 255 255 255 255 255 81 119 255 195 255 255 255
    28 255 4 148 255 205 255 254 75 81 195 71 255 95 255 255 255 238 255
    252 250 255 164 215 19 82 255 255 92 255 78 145 255 66 255 236 255
    101 255 100 210 255 255 132 134 64 255 71 152 255 49 255 255 230 255
    116 255 255 44 102 255 255 255 218 255 255 205 160 255 255 174 248
    255 8 255 255 255 130 255 255 18 255 255 122 255 11 93 255 10 255
    178 255 69 255 255 242 190 255 104 255 255 126 255 29 255 255 255
    255 233 233 138 255 94 213 255 29 199 19 126 171 255 255 255 197 229
    146 61 255 255 131 10 22 233 160 0 150 255 255 255 97 255 55 109 158
    165 255 49 108 122 255 55 99 236 255 242 255 53 4 255 8 126 24 255
    27 201 178 21 255 100 242 73 255 255 255 255 255 255 152 218 12 135
    255 255 255 199 205 190 255 69 255 13 255 97 191 124 255 118 255 255
    29 255 152 255 32 239 53 98 255 141 255 66 255 255 255 208 255 255
    255 95 30 255 122 243 145 4 150 255 73 255 17 255 255 118 255 255 13
    222 255 151 255 188 255 255 131 255 197 255 255 199 255 239 4 138 76
    67 255 255 24 142 255 221 255 4 255 235 55 130 13 124 89 255 29 93
    255 160 255 112 255 255 255 255 144 40 255 255 255 255 255 176 244
    77 163 255 255 255 44 209 152 73 255 40 255 255 191 252 226 165 255
    255 146 141 159 53 255 255 222 255 142 255 241 81 220 255 255 255
    255 191 255 200 255 57 124 77 255 176 255 66 255 163 255 59 189 135
    255 255 64 255 100 255 255 98 255 255 255 255 132 144 255 216 96 255
    92 255 47 231 33 255 255 100 208 67 255 63 255 255 255 255 255 142
    116 254 255 25 255 255 255 87 255 255 236 218 255 255 91 255 69 42
    164 255 255 255 255 255 255 39 255 73 255 32 255 255 102 17 255 178
    73 199 255 255 91 157 239 0 161 101 10 66 255 242 106 255 255 255
    255 255 255 255 136 255 252 255 30 15 55 255 255 158 127 255 255 255
    34 67 255 120 255 255 255 197 63 255 187 255 255 63 176 255 169 178
    255 106 255 255 209 255 105 255 255 157 163 193 255 255 255 255 65
    255 67 255 83 95 255 129 8 255 255 255 120 99 65 255 255 248 255 40
    255 51 100 105 126 255 255 163 255 255 255 255 255 255 255 255 255
    255 255 93 255 255 255 210 191 128 255 255 140 255 255 197 49 255
    215 91 153 230 255 11 106 255 255 148 255 17 255 100 221 134 255 239
    95 255 197 100 255 255 255 255 255 209 255 255 87 255 115 37 255 255
    89 255 187 255 184 147 255 207 88 179 255 151 154 255 252 255 2 82
    255 85 111 255 140 134 55 133 255 236 255 255 255 255 255 73 165 255
    255 248 15 49 127 195 255 116 25 177 255 255 255 255 255 255 114 255
    255 220 255 24 208 172 255 255 255 255 21 255 255 255 255 255 163
    193 161 255 255 148 255 255 39 112 244 255 255 255 255 30 193 255 25
    99 255 255 255 126 235 164 150 255 255 120 255 255 156 255 40 255
    208 255 232 110 255 255 222 255 255 255 255 8 121 244 255 159 255
    255 255 255 255 255 255 255 255 181 255 40 255 255 255 255 193 214
    164 132 150 199 255 255 122 20 255 255 255 51 255 255 255 255 4 167
    255 234 184 168 67 157 255 49 255 255 255 255 172 6 119 84 152 227
    202 255 255 231 255 45 176 255 208 255 255 255 255 16 42 255 255 255
    255 255 255 255 255 66 255 255 25 25 181 250 90 255 226 168 171 255
    255 255 102 255 114 226 255 255 255 59 122 70 255 255 174 172 255
    239 4 2 81 255 22 129 187 93 255 124 181 102 255 255 255 255 152 148
    255 255 13 255 255 255 71 255 255 255 255 255 255 255 255 255 87 255
    17 63 255 255 203 93 255 95 255 255 255 255 255 255 70 206 255 136
    255 250 235 255 75 255 40 255 255 122 255 42 255 255 0 95 255 0 8
    219 174 244 255 197 115 255 195 6 255 255 210 104 97 255 171 255 168
    255 255 52 114 255 0 16 255 255 169 241 208 255 255 255 255 167 31
    219 116 255 14 255 99 116 74 255 255 246 255 104 13 255 255 195 116
    217 40 255 255 255 255 255 70 42 255 119 13 26 66 255 255 255 55 255
    255 255 219 255 255 255 133 181 255 4 252 217 68 255 96 226 88 255
    255 255 255 80 255 138 148 255 69 255 61 232 53 255 41 28 69 255 255
    255 255 239 255 255 201 116 98 203 255 95 255 153 255 255 61 67 42
    67 255 146 151 114 255 255 255 255 255 255 255 255 255 165 255 65
    255 147 85 40 255 255 218 255 255 255 57 244 255 151 165 255 255 106
    172 255 255 255 255 228 255 197 255 255 65 59 237 160 136 255 206
    255 176 255 255 255 255 75 28 25 45 27 134 110 136 174 255 42 231
    104 255 255 255 255 42 4 72 255 191 255 255 244 255 255 14 154 191
    75 55 255 116 255 82 177 255 255 255 70 255 8 233 255 255 255 118 49
    255 255 255 239 8 255 30 255 159 36 155 255 9 255 0 157 94 255 91
    255 255 95 255 255 255 255 228 229 231 255 74 255 255 188 153 255
    255 254 255 99 57 255 197 237 255 255 200 35 184 255 22 15 255 242
    239 255 140 176 255 255 255 255 67 255 255 255 255 255 236 250 227
    255 255 255 255 255 0 240 45 255 65 104 255 255 17 181 226 255 204
    26 13 185 255 172 255 71 144 255 255 255 103 222 255 255 255 255 202
    248 51 255 255 218 255 175 45 255 255 255 255 195 127 255 221 42 216
    199 255 255 255 176 255 61 255 255 255 255 255 2 34 210 255 255 255
    130 106 157 255 49 255 185 15 255 187 193 155 255 85 6 255 255 111
    77 255 6 255 44 255 255 172 255 159 255 25 136 255 255 171 255 255
    255 40 237 255 255 255 255 169 97 197 212 204 255 9 255 32 255 187
    255 255 255 255 255 255 2 255 200 255 186 255 89 64 255 255 255 124
    255 210 15 255 6 40 87 255 73 255 255 237 154 255 255 124 28 63 255
    17 255 112 255 255 32 255 255 205 47 116 255 180 255 213 93 255 255
    55 255 255 6 183 57 222 255 118 244 130 255 174 147 161 64 255 255
    178 141 255 255 255 33 172 255 152 255 246 142 129 82 132 255 255
    255 193 255 255 99 130 255 212 255 255 19 255 104 21 195 175 255 255
    96 255 255 177 255 147 187 193 255 255 255 206 213 207 255 255 255
    255 159 255 255 255 161 34 47 255 42 75 59 48 255 255 147 255 53 255
    255 255 6 255 255 8 255 163 255 35 119 255 255 255 134 255 186 255
    255 255 255 43 255 183 255 169 255 140 255 176 255 123 255 203 114
    103 255 255 95 24 197 255 215 136 86 41 255 137 244 255 153 150 255
    255 134 248 255 236 23 255 255 255 255 189 23 255 255 80 250 144 252
    255 255 150 254 195 255 191 106 123 200 255 93 255 255 15 255 219
    135 255 255 172 92 222 255 242 255 231 255 255 78 191 177 184 195
    255 15 255 255 255 73 102 91 255 255 255 101 10 61 255 255 255 130 2
    255 255 41 201 86 14 23 255 136 255 92 252 255 255 195 195 8 255 229
    233 255 255 115 255 255 255 93 44 255 169 193 241 255 186 48 255 150
    166 197 237 111 35 255 254 26 191 255 255 191 255 150 255 255 255
    224 95 255 97 189 255 216 255 136 255 255 255 255 255 255 255 255
    255 57 255 146 231 255 255 255 255 126 199 162 255 255 255 255 255
    255 255 255 255 6 182 255 33 243 255 59 15 115 255 59 229 209 255
    255 213 255 53 255 255 255 28 44 255 255 38 255 255 255 255 255 255
    255 255 70 101 255 74 92 75 218 128 93 255 193 106 127 255 255 255
    255 255 176 84 255 255 115 203 171 36 205 255 4 255 255 255 255 255
    241 255 255 31 89 255 23 167 255 255 255 83 17 126 255 0 255 233 67
    255 59 255 2 83 255 255 255 210 255 255 61 91 8 255 255 255 255 244
    72 239 255 255 255 255 195 231 215 255 255 255 142 34 14 255 255 255
    133 99 255 239 255 255 27 111 255 131 255 255 255 34 255 235 255 71
    104 105 165 255 80 255 255 255 112 218 103 195 121 255 148 133 255
    130 81 255 193 44 255 255 119 27 255 255 151 228 207 164 232 23 255
    255 255 255 219 59 255 159 121 255 255 255 255 255 53 185 255 214
    164 79 255 120 219 30 255 96 255 82 93 83 255 96 255 255 252 27 178
    189 108 255 104 118 223 132 255 255 255 205 255 69 148 63 240 93 254
    183 255 27 255 255 255 219 255 255 142 255 155 63 255 223 255 133
    255 255 27 255 255 138 166 255 255 202 255 255 141 255 255 55 255
    114 55 65 6 255 224 11 255 102 255 255 255 190 252 189 255 255 255
    17 145 230 207 255 250 255 255 255 255 246 167 70 255 124 85 255 51
    255 255 37 172 153 244 93 255 124 255 6 33 176 255 255 174 255 47 61
    242 255 255 255 61 255 255 255 186 204 255 227 31 91 146 255 255 255
    255 28 146 248 255 255 155 255 255 255 122 123 52 255 159 255 255
    201 137 255 61 255 20 11 255 81 116 254 255 255 255 138 59 255 255
    255 136 255 255 255 14 2 97 255 13 61 255 255 73 255 255 71 255 100
    255 255 45 255 255 255 255 33 255 255 255 255 255 77 255 174 96 9
    178 167 255 255 255 193 4 255 255 255 255 224 255 255 208 255 255
    255 50 255 255 255 255 255 255 236 255 82 24 255 255 255 159 155 255
    252 183 120 135 95 255 208 15 63 176 11 255 38 255 158 255 255 255 0
    61 254 255 220 49 255 36 122 47 255 102 255 255 255 255 255 158 255
    255 255 72 255 83 255 255 14 70 218 73 233 52 255 197 124 246 163
    255 255 255 220 255 255 50 255 255 10 255 255 255 255 255 111 255
    127 255 255 255 84 163 9 40 51 152 255 255 15 255 255 255 137 146
    255 255 171 218 130 255 255 255 255 255 255 118 255 38 221 28 255
    161 255 197 47 110 255 255 108 63 255 255 255 255 72 34 255 38 254
    67 38 255 255 255 255 146 255 97 28 255 255 2 255 255 175 255 52 255
    220 255 83 255 29 159 255 255 152 121 136 255 255 134 255 154 84 173
    255 255 255 255 255 152 127 229 114 210 99 158 255 255 255 205 52
    255 255 255 79 63 6 255 23 48 255 184 204 255 131 176 83 11 128 255
    190 255 255 214 61 110 255 27 171 30 255 255 255 174 255 255 109 89
    255 255 79 19 218 255 9 255 77 255 241 255 250 255 98 255 255 255
    255 206 255 255 160 93 255 255 255 239 255 140 255 255 255 42 178
    161 255 255 195 241 255 236 32 126 177 255 160 255 231 61 0 255 255
    255 255 220 39 197 48 183 255 38 211 255 255 255 255 255 173 255 130
    255 255 255 213 241 76 255 34 255 4 255 255 83 254 220 255 255 255
    255 255 157 177 255 255 148 255 255 255 255 105 43 89 255 106 241
    255 203 255 197 41 72 187 110 146 99 75 129 255 255 165 55 53 176
    255 255 255 223 255 255 255 169 255 252 255 255 118 255 212 187 255
    255 255 112 27 255 87 157 255 242 106 255 81 15 255 255 255 199 18
    255 255 255 226 255 55 255 255 81 255 255 49 114 32 104 248 255 102
    161 53 173 174 255 254 255 95 73 255 143 255 182 10 161 163 255 0
    255 255 108 255 255 73 255 27 255 255 255 255 255 216 122 87 255 255
    255 11 255 205 255 255 114 255 255 199 255 255 199 237 63 255 206
    255 255 176 255 51 255 150 49 255 67 255 255 248 57 55 185 255 130
    203 83 255 255 255 255 255 255 157 14 140 73 181 255 36 81 255 255
    148 99 255 191 138 4 255 193 233 255 184 27 255 241 255 255 255 255
    152 13 255 181 255 13 255 8 178 189 44 255 255 32 145 255 28 82 255
    61 183 28 51 82 255 140 255 255 140 200 255 255 255 255 144 132 191
    255 255 246 163 255 255 133 255 255 99 255 185 255 193 118 4 255 77
    70 130 255 150 255 0 255 255 255 129 255 255 255 155 255 255 255 232
    255 255 255 214 255 96 123 255 197 91 255 255 216 255 32 87 50 255
    255 255 255 152 255 142 59 255 255 203 237 179 191 255 255 102 147
    197 133 255 24 255 255 81 255 255 150 255 255 39 171 255 234 255 90
    255 255 229 85 49 255 255 106 134 77 199 164 165 255 255 255 255 183
    255 255 212 205 255 134 255 255 185 144 171 255 255 255 76 201 255
    255 255 114 255 6 255 255 8 255 183 12 255 255 215 255 137 255 201
    57 122 255 174 65 255 255 33 252 255 255 255 255 228 116 255 120 8
    178 255 102 44 33 42 155 255 138 255 197 36 255 211 255 4 73 255 115
    211 49 141 255 148 200 189 255 255 255 57 218 108 255 255 6 81 11
    252 255 255 12 216 63 211 255 255 255 255 74 108 235 255 255 233 95
    255 2 132 73 36 120 35 255 255 255 255 76 255 255 48 255 255 208 104
    244 255 255 171 0 232 154 239 255 255 255 255 74 113 65 255 151 136
    255 255 77 255 246 240 100 212 144 255 255 255 255 255 255 34 170
    255 42 255 41 78 95 255 66 255 189 222 42 255 227 255 255 8 248 255
    255 34 255 123 99 104 57 195 255 255 151 195 119 255 6 81 59 95 70
    210 22 11 197 255 255 255 255 255 255 199 255 255 33 255 94 22 188
    255 140 9 255 255 40 55 255 255 120 169 255 255 159 138 155 255 64
    255 250 255 40 255 83 200 213 246 223 255 161 103 255 255 220 255 68
    255 255 159 255 234 255 115 51 119 130 255 28 255 152 104 212 201
    255 255 255 255 255 169 40 46 209 255 255 197 255 255 22 255 255 255
    255 82 255 174 255 230 255 55 189 255 255 255 255 216 255 188 255
    255 255 78 45 255 255 177 129 255 187 255 255 255 125 21 126 255 128
    85 255 255 255 233 11 255 49 255 255 51 21 255 186 21 255 239 158
    152 255 13 104 59 118 255 136 255 41 255 255 6 154 255 255 106 176
    255 2 255 152 255 48 207 157 204 255 34 10 163 165 15 255 226 11 222
    255 255 255 255 206 16 133 255 128 231 126 250 112 255 252 152 162
    255 17 76 255 255 76 255 255 255 183 255 136 255 155 250 75 255 255
    255 80 95 30 255 255 167 255 149 75 129 136 130 28 255 255 13 255
    255 255 254 255 255 199 181 205 38 255 255 255 79 255 255 146 255
    255 255 57 255 57 250 255 255 47 255 255 255 255 152 255 111 255 255
    255 255 32 34 150 255 145 246 176 113 197 148 255 255 127 0 255 255
    255 53 255 71 255 255 225 138 255 63 255 255 255 175 116 255 79 47
    109 242 255 255 255 176 255 16 255 255 255 184 166 255 127 2 55 218
    122 255 255 69 75 255 223 197 97 97 213 154 241 240 255 199 255 237
    134 14 191 255 4 255 255 207 19 57 122 243 134 138 63 250 255 255 29
    255 165 255 255 227 255 187 255 255 255 255 8 217 255 255 255 255
    220 49 255 78 61 255 204 255 178 255 0 255 255 255 15 255 61 229 255
    255 4 255 255 255 255 33 255 244 179 255 220 112 165 255 224 255 59
    255 255 32 77 255 255 255 255 255 136 255 19 255 255 255 255 193 255
    71 163 202 255 255 255 255 246 71 255 108 255 104 255 11 51 216 149
    144 131 40 255 237 255 255 248 255 183 19 255 255 161 94 96 255 126
    255 255 63 255 246 166 255 161 255 181 255 208 100 255 183 81 255
    250 248 142 80 255 255 255 255 231 255 87 255 193 39 38 116 108 255
    74 255 231 255 238 180 255 96 255 172 108 255 255 45 57 206 255 255
    34 205 255 255 144 51 255 85 255 195 255 255 145 255 255 25 114 255
    17 255 255 255 120 255 46 255 255 255 255 226 255 255 255 255 95 19
    255 144 255 255 120 127 223 255 255 255 150 87 120 255 255 124 57
    255 255 181 255 214 255 255 255 167 76 158 222 203 255 255 255 255
    255 161 199 30 255 255 255 53 255 246 9 255 255 255 166 255 68 109
    110 255 255 211 104 255 100 255 255 158 255 109 255 255 255 2 255
    255 255 255 255 63 255 166 211 212 128 87 97 255 252 224 255 255 23
    231 8 255 53 193 233 29 244 237 120 197 118 105 255 255 191 232 93
    212 6 15 255 255 255 255 255 110 214 185 142 189 175 38 84 255 255
    255 255 255 255 255 255 197 65 255 255 252 51 255 57 133 255 114 216
    255 39 255 255 122 199 6 142 118 141 89 255 36 6 255 255 211 255 255
    255 255 94 55 255 78 114 148 164 234 255 97 238 255 255 79 169 255
    255 252 255 138 255 255 255 140 206 167 227 206 2 255 17 255 178 63
    201 255 206 234 255 63 255 178 255 193 241 255 255 255 255 240 255
    255 255 47 255 255 255 255 255 255 105 37 255 255 47 255 255 255 255
    130 242 118 255 255 255 118 255 255 101 255 188 223 255 255 255 255
    30 13 255 81 255 222 161 255 242 255 255 189 203 255 255 191 231 108
    255 231 16 127 255 89 190 107 24 255 97 255 53 113 255 255 255 255 4
    212 120 255 11 18 216 255 255 255 231 244 17 231 91 27 157 255 255
    244 191 28 255 53 91 255 255 255 71 255 255 255 255 129 126 255 186
    132 255 2 255 152 80 94 255 255 255 255 255 46 173 255 151 215 110
    31 199 197 255 255 241 255 228 255 255 65 255 255 35 36 255 255 212
    255 255 255 255 136 255 34 18 171 255 122 255 255 255 61 255 255 227
    255 20 255 255 255 184 155 255 4 255 255 30 255 18 255 223 35 255 55
    255 255 235 255 255 255 167 2 53 255 255 255 255 255 178 224 255 255
    255 255 210 65 255 132 255 255 255 255 85 118 246 255 255 255 255
    255 255 146 255 106 255 31 255 59 158 255 99 214 255 255 255 255 0
    255 49 83 225 255 255 255 255 205 0 87 89 255 255 255 118 49 163 29
    71 255 255 39 255 255 255 255 10 255 255 255 51 70 136 255 255 172
    255 144 255 165 255 15 255 125 105 255 47 255 255 255 255 255 255
    255 255 146 255 71 255 128 255 255 32 255 255 164 255 255 187 255
    255 255 136 178 255 175 80 220 171 255 143 255 142 255 255 255 248
    255 91 178 191 159 255 108 255 36 35 255 255 35 226 255 255 255 255
    2 255 255 255 255 137 255 19 255 61 91 255 146 255 255 255 255 255
    226 255 199 93 148 255 215 255 42 2 255 255 39 176 255 142 255 178
    255 13 255 255 140 255 255 167 149 255 255 255 187 174 29 77 81 255
    255 255 27 255 114 15 102 218 255 255 255 255 255 248 255 255 255
    174 255 191 246 240 255 116 255 255 8 255 53 255 255 255 255 255 4
    136 124 255 255 91 203 255 148 89 197 75 133 216 255 255 255 255 255
    255 255 255 242 179 255 4 255 255 255 43 255 244 255 255 187 255 255
    255 224 255 15 93 116 255 69 255 255 106 207 255 255 255 255 255 157
    255 255 102 53 255 255 97 8 255 113 255 255 255 171 140 69 255 255
    255 124 129 255 96 112 155 255 255 255 255 255 162 138 112 255 255
    222 214 197 255 255 255 38 255 8 114 126 37 255 183 255 255 255 255
    66 55 26 49 242 255 255 255 248 255 223 252 112 94 61 116 136 255
    167 101 255 255 172 255 220 255 255 167 42 65 255 255 142 255 255 55
    252 48 221 106 124 255 255 255 255 255 42 242 216 255 255 104 255
    207 55 248 211 255 255 89 129 139 2 255 195 221 231 255 255 255 255
    255 150 59 255 255 6 255 246 170 154 19 155 255 199 220 73 19 25 159
    191 255 228 255 164 255 47 170 132 11 48 255 70 116 146 188 255 255
    25 216 255 169 255 128 255 255 255 184 255 87 210 97 255 210 181 255
    255 34 255 178 59 244 255 246 32 255 126 255 118 255 255 255 255 95
    255 255 75 110 255 71 255 255 156 255 179 255 255 255 255 6 255 255
    201 255 255 8 55 255 154 132 255 237 52 215 112 32 255 255 8 69 123
    220 255 255 255 255 0 137 37 80 255 255 112 255 255 255 255 53 74
    255 69 255 44 252 91 255 114 106 255 255 255 255 191 255 193 4 255
    255 32 0 255 71 255 11 175 255 255 43 17 248 255 255 255 255 255 200
    224 9 71 75 255 61 199 255 38 183 255 185 255 255 84 89 255 53 255
    255 255 169 68 29 154 152 17 255 55 124 150 99 255 112 89 255 217 23
    255 255 243 115 41 255 255 255 114 136 255 255 32 255 146 179 255
    255 255 136 255 255 85 255 255 255 255 6 91 255 255 98 227 237 87
    255 248 238 255 183 12 255 255 255 255 137 199 186 94 146 207 255
    254 159 212 163 255 255 126 255 99 140 95 52 165 255 103 161 76 42
    39 255 210 255 255 255 146 70 255 255 87 255 35 171 118 255 255 255
    255 55 255 238 157 255 255 255 52 30 255 255 255 255 255 150 255 255
    255 45 55 255 255 255 255 255 255 255 21 255 69 255 76 189 255 255
    142 237 255 255 61 80 140 255 255 255 21 255 35 207 255 255 157 255
    51 255 50 255 9 255 255 255 48 187 255 255 255 255 255 255 13 255
    255 255 255 71 255 122 255 224 255 255 255 255 255 21 255 255 255
    255 255 142 255 112 255 200 232 255 151 255 255 255 193 19 255 255
    155 65 63 102 255 255 255 2 255 244 255 222 0 229 171 180 214 65 15
    250 18 255 128 177 212 200 39 255 179 255 255 189 177 233 255 232
    233 255 236 255 71 255 133 34 171 135 255 10 55 237 255 42 255 255
    44 218 255 208 17 255 38 255 201 255 10 108 85 195 118 255 255 255
    146 187 197 255 220 255 255 255 255 2 189 255 255 255 69 255 255 189
    91 0 35 255 255 120 190 255 144 255 118 114 255 255 255 255 69 240
    255 255 193 255 255 255 125 255 255 61 237 255 255 255 255 184 241
    199 255 143 63 255 179 134 49 255 255 241 204 154 63 255 255 218 255
    67 135 124 255 255 255 39 255 255 55 123 255 173 255 255 255 131 248
    255 229 255 116 235 101 255 255 183 104 255 233 224 21 255 30 255
    255 49 255 199 120 81 206 255 155 78 255 255 255 179 255 255 22 255
    116 255 255 220 189 239 103 255 255 76 255 87 4 179 250 255 93 255
    178 255 255 255 104 104 34 255 104 255 77 255 141 255 255 170 255 13
    255 51 255 255 255 255 255 255 255 27 136 27 122 240 4 214 53 255
    255 236 207 73 255 255 13 255 255 255 126 152 255 255 255 80 255 255
    32 100 146 255 8 144 191 255 85 164 255 210 255 255 108 255 255 255
    255 224 255 29 51 97 242 255 239 158 255 197 255 255 255 255 255 255
    255 255 133 255 120 176 212 255 154 255 26 255 255 108 176 204 130
    97 255 63 255 200 163 255 255 255 118 255 213 255 255 255 36 255 255
    255 255 255 255 86 203 235 255 255 255 255 158 255 6 140 165 255 248
    186 197 209 184 118 255 83 255 224 40 255 12 233 255 255 80 166 203
    226 153 254 255 241 96 255 255 16 255 111 255 255 255 254 80 255 255
    255 103 255 8 71 28 255 244 255 220 137 132 91 255 255 214 8 185 255
    255 255 224 55 77 255 34 255 255 255 24 47 221 167 76 95 255 255 223
    28 32 216 183 255 221 255 255 63 255 97 202 96 207 255 255 123 255
    191 255 255 255 210 255 255 255 78 255 255 255 2 8 212 255 255 214
    255 131 255 93 255 109 6 252 126 226 140 255 255 40 255 65 203 255 2
    255 255 114 255 44 126 255 86 238 25 200 39 255 255 120 63 255 255
    108 145 152 208 255 163 255 255 255 91 255 146 255 255 41 255 181
    255 135 153 255 255 255 171 176 255 255 131 255 89 161 255 114 255
    246 69 15 255 255 248 172 255 118 183 185 255 115 255 55 94 255 112
    255 53 108 90 255 184 2 252 255 255 255 152 71 2 76 179 242 255 218
    255 89 17 167 152 31 224 190 183 255 255 255 242 255 244 255 255 255
    255 129 38 73 255 65 6 76 78 199 255 255 234 255 241 255 252 74 255
    114 255 240 255 255 100 239 255 255 174 255 91 255 255 179 255 74
    112 255 185 255 66 255 75 25 255 140 89 53 85 255 255 255 255 255
    142 207 19 219 255 88 255 255 244 255 255 255 255 255 113 138 184
    255 39 255 255 255 233 255 255 0 218 255 255 255 159 8 2 124 255 34
    255 6 255 134 212 255 255 255 185 122 133 255 255 176 195 255 11 216
    199 252 132 205 11 4 255 27 255 255 255 255 255 161 255 224 125 231
    255 222 255 89 255 229 100 255 255 124 161 255 255 255 23 250 135
    255 39 199 178 255 138 193 255 255 255 255 255 255 183 241 255 148
    97 255 49 95 181 255 140 10 255 210 255 255 255 255 255 81 76 47 99
    255 255 255 255 255 255 255 49 255 147 179 255 4 255 167 160 167 114
    255 47 36 255 8 224 21 255 255 255 255 255 204 255 66 86 255 255 255
    255 182 255 26 11 255 211 255 153 255 255 11 199 255 109 255 15 122
    32 255 42 255 195 255 255 131 225 255 226 46 234 68 84 255 255 208
    255 0 128 255 255 59 255 224 233 152 27 204 248 255 255 209 255 254
    215 154 252 255 161 255 171 255 255 255 255 255 255 255 6 246 255
    255 154 45 210 255 112 255 6 255 255 67 255 113 255 150 255 255 255
    130 255 89 255 255 255 255 255 255 255 183 186 86 255 255 255 255 38
    255 255 255 255 33 255 227 14 255 255 255 227 214 255 255 23 41 182
    36 255 255 255 142 186 255 255 255 255 255 255 233 37 201 255 255
    255 255 255 255 193 248 255 0 255 241 200 53 255 128 255 76 69 255
    255 255 255 17 13 187 57 255 255 57 255 255 142 255 65 255 255 67
    252 216 222 255 255 255 255 255 255 19 255 55 255 255 255 23 10 255
    255 255 159 255 255 255 87 255 255 44 255 255 165 255 230 76 185 148
    191 139 12 255 103 255 255 255 255 220 255 93 224 6 255 169 90 255
    255 57 255 241 136 234 191 255 71 184 246 112 40 15 255 255 6 6 100
    69 255 199 90 63 100 128 255 246 202 10 255 36 255 255 55 32 255 255
    156 207 255 221 159 255 191 201 130 158 184 57 255 205 255 255 255
    255 250 255 200 255 255 255 255 233 255 255 30 223 67 255 255 49 157
    255 71 104 4 255 255 157 83 17 255 185 81 197 61 255 255 255 255 254
    221 255 255 140 255 145 255 255 176 255 255 255 230 93 137 51 255
    255 255 97 255 222 255 183 118 40 199 201 255 255 26 255 147 246 255
    237 255 255 74 255 30 255 255 255 255 140 255 128 255 255 255 51 70
    197 255 136 179 114 255 187 63 252 255 112 55 2 136 64 42 138 116
    255 89 255 69 246 85 115 158 255 255 87 255 255 26 19 255 255 255
    255 71 210 255 91 255 27 255 255 255 255 255 255 255 6 40 41 255 255
    252 255 255 255 36 255 255 255 113 53 197 255 255 116 255 2 34 151
    255 244 255 85 255 255 255 255 255 255 246 31 226 188 255 255 216
    255 228 95 78 89 210 109 69 174 255 130 255 27 98 70 38 255 118 57
    255 255 255 255 255 255 30 11 255 59 51 255 130 9 220 110 133 147
    255 255 255 246 144 197 150 148 255 244 255 61 189 255 95 255 116
    255 255 136 95 255 40 255 255 195 116 255 255 95 255 205 255 255 8
    218 255 255 255 255 216 255 126 255 255 158 0 94 185 199 179 171 255
    255 41 49 34 255 23 255 255 163 212 215 255 255 128 99 255 255 136
    220 116 255 255 209 53 255 255 110 255 87 255 255 89 110 227 28 212
    195 255 229 255 199 255 255 255 255 116 255 49 255 53 220 31 255 255
    149 39 150 216 0 102 69 221 255 255 87 49 145 244 40 255 255 47 255
    255 9 255 255 235 255 45 76 255 222 255 255 255 255 255 255 133 63
    83 4 255 187 255 255 255 255 255 110 135 55 37 186 116 255 255 206
    197 4 255 130 255 185 255 255 122 195 255 202 18 255 255 255 255 255
    41 255 255 234 146 19 255 248 130 130 93 193 255 190 255 255 40 59
    112 244 170 252 255 255 255 255 116 114 195 255 255 255 136 102 255
    255 240 255 255 248 6 221 65 144 116 187 255 255 228 255 255 150 32
    255 91 123 23 65 255 136 255 74 255 240 255 255 211 255 255 255 87
    11 203 255 61 255 255 255 255 255 164 57 255 250 255 255 255 255 127
    255 255 255 183 16 255 132 41 255 99 18 36 255 238 184 134 255 255
    59 255 255 255 132 0 151 255 255 229 255 255 95 255 255 166 255 255
    255 255 248 255 59 246 255 209 255 99 35 255 255 83 255 157 255 255
    255 255 255 255 24 255 113 47 208 255 255 255 132 255 255 223 255 45
    255 255 118 255 255 190 97 255 118 255 255 255 255 126 229 61 33 255
    254 132 255 179 91 255 255 219 165 255 14 102 255 120 255 255 255
    255 40 242 6 255 255 155 255 130 255 237 255 17 115 255 255 6 252
    255 255 255 255 255 255 255 255 193 208 19 59 255 166 65 255 255 255
    49 162 24 255 255 255 214 220 171 255 88 255 255 124 167 78 151 255
    255 94 255 255 61 255 255 255 51 174 172 255 255 255 102 178 86 255
    100 13 185 255 255 55 241 46 159 255 155 53 255 255 255 255 73 79
    255 174 193 57 255 47 57 82 77 255 84 37 255 97 102 116 204 0 102 99
    255 57 255 255 114 71 159 208 255 37 99 255 255 146 255 211 255 246
    45 255 136 255 255 105 150 226 4 33 146 255 255 255 255 73 40 255
    112 64 255 255 255 202 128 63 255 255 172 255 255 27 255 255 255 255
    255 255 57 255 255 255 255 255 143 61 255 255 255 190 255 255 255
    229 49 100 244 158 8 44 255 226 141 255 150 155 118 233 255 255 19
    118 0 19 255 255 255 2 255 155 4 236 72 255 255 169 231 114 255 255
    20 190 141 14 125 255 61 91 255 255 174 255 255 195 255 255 255 255
    255 255 255 96 114 255 148 214 255 255 255 255 187 255 255 250 172
    255 255 199 255 255 255 111 255 68 52 255 208 73 255 255 255 142 254
    255 37 172 255 255 255 255 255 255 124 254 255 10 255 255 101 255
    138 255 255 255 255 255 255 255 217 106 255 255 233 99 100 255 0 236
    235 40 255 246 255 255 255 179 163 241 128 201 255 255 2 95 208 20
    63 158 209 255 255 187 255 255 238 95 199 255 255 193 156 144 132
    255 255 255 71 157 31 83 244 199 53 110 255 98 9 255 106 255 170 255
    231 255 255 186 255 244 255 255 255 129 55 77 255 6 255 255 59 175
    104 255 75 255 73 87 30 52 59 255 255 255 190 2 255 42 255 255 127
    242 255 255 255 167 214 63 255 4 255 255 255 255 173 110 255 255 255
    255 114 53 36 255 108 195 207 255 153 255 188 255 255 255 255 255
    255 255 255 255 255 255 255 86 255 255 255 236 255 17 255 13 73 255
    255 197 255 255 255 255 255 255 246 255 74 255 218 255 255 155 255
    255 255 255 91 44 255 255 255 17 255 255 113 191 255 255 65 15 255
    255 255 50 24 208 255 32 233 255 37 255 55 181 255 255 32 255 255
    207 201 255 255 255 218 8 255 255 255 255 255 95 208 255 255 150 57
    255 237 17 244 91 255 255 255 111 91 255 120 132 255 50 255 255 255
    55 255 255 156 42 84 146 40 65 255 255 255 255 142 11 33 104 255 255
    216 220 255 233 193 41 255 255 255 255 160 255 255 97 116 25 255 185
    64 255 59 255 99 255 255 212 255 255 130 10 123 0 255 129 212 132
    255 255 91 255 255 116 229 255 104 190 255 255 255 76 22 148 19 228
    255 174 255 255 214 255 155 145 255 255 237 65 255 17 240 255 242
    173 38 225 2 150 50 124 224 204 165 241 15 255 40 255 226 255 248
    104 255 25 255 110 151 18 255 214 242 255 255 255 172 255 213 203
    143 255 34 120 134 255 21 255 255 255 255 163 255 221 231 32 2 104
    141 116 191 233 183 255 210 209 161 103 22 235 183 240 255 145 67
    233 255 255 255 255 110 205 233 255 255 31 51 255 23 195 17 255 255
    97 162 67 255 174 255 235 109 255 118 255 195 255 255 255 182 255
    232 23 255 255 255 57 100 255 255 33 17 246 230 140 118 255 255 255
    73 112 78 197 255 52 255 57 255 93 15 168 18 254 164 255 252 216 255
    255 255 255 72 246 55 136 255 255 25 111 124 47 255 255 51 255 255
    255 255 171 231 0 228 255 255 255 255 255 255 140 255 255 255 84 108
    9 255 140 114 32 255 87 255 255 63 69 255 255 134 63 255 250 87 150
    255 255 59 195 255 255 255 102 23 255 238 172 255 195 255 27 255 146
    255 255 255 255 20 255 255 255 255 229 18 57 255 255 255 255 255 255
    160 255 201 225 255 171 134 20 216 255 171 174 255 255 165 137 197
    203 103 228 180 255 209 78 48 116 163 59 242 255 255 246 193 255 171
    142 255 255 255 255 55 255 254 209 241 255 59 255 255 255 244 255 18
    255 59 255 255 255 4 255 255 255 255 19 255 100 27 255 255 255 255
    97 237 32 255 255 136 171 132 221 180 239 217 255 255 255 23 255 116
    255 255 255 210 254 255 255 139 110 42 255 0 255 172 255 255 246 236
    255 255 106 78 255 255 255 255 124 28 255 28 255 255 156 255 141 255
    255 248 255 81 227 51 255 255 255 184 255 252 255 27 10 255 118 255
    255 55 255 255 255 255 255 221 255 255 244 140 255 255 255 36 235
    161 148 107 106 44 255 8 34 255 209 176 255 255 255 239 255 119 36
    51 255 255 255 201 187 33 125 255 255 64 255 255 255 65 255 205 255
    255 255 255 255 197 255 63 157 225 255 255 255 255 255 255 255 255
    147 244 255 74 65 243 255 165 255 255 240 150 255 255 255 255 255
    255 255 191 176 82 0 0 44 255 255 97 255 255 179 98 188 151 152 161
    82 255 255 255 255 255 255 255 255 255 154 15 255 255 133 255 255
    255 255 175 255 200 219 119 255 255 9 255 255 254 76 53 180 118 49
    237 255 79 255 63 255 102 44 255 163 69 136 110 172 73 78 61 140 255
    255 255 254 4 171 255 255 255 47 174 102 255 244 255 32 255 255 102
    4 255 255 137 89 227 255 96 49 53 255 255 255 255 193 92 221 70 244
    255 250 185 255 255 255 255 229 155 197 255 255 61 255 255 59 255
    147 255 255 255 255 255 71 255 208 160 255 255 195 73 224 255 201
    255 255 255 150 21 255 123 255 255 91 255 255 255 255 39 176 172 255
    255 255 59 235 27 47 255 255 134 255 255 255 191 115 255 207 239 87
    246 255 255 255 221 255 155 255 120 255 255 89 222 168 197 255 255
    63 110 255 33 155 255 255 72 255 255 165 99 255 255 255 26 255 155
    255 255 19 255 255 255 53 255 255 255 255 53 228 154 71 69 243 67
    114 161 255 255 255 255 255 255 59 255 161 74 255 255 105 120 255
    115 255 95 52 255 195 0 255 255 255 255 255 255 150 193 255 255 255
    255 255 255 214 81 255 255 22 255 239 255 255 67 255 255 103 255 255
    255 128 255 255 255 44 29 255 255 145 165 214 255 255 106 255 226
    255 48 255 114 255 255 110 59 255 255 250 255 203 255 255 255 166
    244 110 255 255 255 255 96 255 31 255 255 255 255 255 235 255 255
    132 61 255 255 222 255 181 250 255 160 138 216 255 53 255 73 138 255
    63 191 255 255 122 45 255 65 72 255 246 114 50 2 118 55 89 30 255
    255 191 166 255 246 255 255 255 255 140 17 145 255 34 220 255 255
    255 203 214 174 77 72 48 217 172 36 4 255 145 255 255 255 4 255 158
    255 255 255 24 255 116 175 246 255 255 255 255 213 255 52 114 218
    252 106 255 59 255 255 25 255 255 227 255 255 53 114 81 255 167 226
    52 183 4 65 63 255 225 255 89 255 199 191 255 175 255 255 132 180
    255 255 255 255 255 255 166 255 47 65 255 255 151 161 182 143 173
    176 189 255 19 255 255 255 195 255 255 84 49 167 95 255 15 255 255
    70 246 255 255 130 255 155 255 255 255 255 255 255 255 73 191 255
    185 174 206 136 36 255 69 159 255 81 255 255 128 255 237 154 255 255
    255 255 212 43 53 63 169 255 40 20 255 255 207 255 255 255 114 255
    255 255 255 30 155 15 118 254 255 16 118 2 71 255 53 124 255 255 73
    178 130 255 255 189 95 190 231 24 244 118 41 255 255 6 255 128 150
    199 225 255 25 255 255 255 118 255 255 48 242 255 189 18 255 255 2
    218 231 20 250 67 255 255 248 255 210 255 255 255 255 255 125 255
    161 119 255 255 89 255 49 131 255 255 169 23 255 241 255 232 72 255
    140 255 210 254 133 255 197 114 255 255 255 254 67 146 95 248 255
    255 255 255 255 144 255 116 255 118 255 255 255 255 24 255 255 4 81
    208 255 191 195 255 47 179 73 255 255 255 116 187 158 100 255 255
    110 73 0 255 255 255 255 255 75 114 255 12 146 255 255 255 255 118
    255 183 207 255 0 89 23 130 255 255 255 201 203 255 255 148 255 140
    121 255 47 255 255 132 4 137 255 2 255 158 4 231 104 255 255 83 255
    189 57 255 255 63 255 255 43 0 255 32 255 255 85 255 255 213 255 255
    255 255 218 163 45 255 255 255 237 32 32 6 183 174 255 244 255 255
    255 255 166 189 255 255 112 255 255 95 70 105 255 224 255 179 255
    255 255 210 239 148 255 105 255 255 46 255 255 255 4 99 220 224 255
    235 136 255 78 255 255 53 255 235 220 255 255 80 130 133 255 102 255
    255 221 125 34 255 255 255 152 72 255 255 255 255 255 255 255 255 27
    255 219 222 255 150 255 255 75 255 255 255 239 34 255 55 255 255 19
    57 255 129 255 93 17 255 255 255 10 255 241 202 55 68 113 255 57 218
    221 255 255 132 64 255 255 255 255 73 2 252 22 68 255 61 201 223 255
    208 255 167 15 113 112 55 255 255 102 255 163 255 255 255 255 255
    255 91 6 255 255 220 175 255 95 255 255 248 255 201 255 255 57 255
    255 38 255 255 243 227 199 42 189 255 81 221 136 114 128 255 255 23
    255 255 255 132 255 164 207 239 34 255 186 255 255 248 53 177 255
    255 255 81 27 75 255 187 255 97 15 185 42 178 146 255 255 187 243
    221 217 255 255 26 252 178 255 150 255 255 36 255 255 97 187 41 114
    63 96 34 31 255 131 46 255 255 181 73 255 255 30 255 191 236 255 255
    217 255 255 104 255 88 255 159 8 255 28 255 255 255 46 255 255 255
    61 19 143 255 51 185 167 93 255 171 255 255 73 250 255 255 255 255
    156 28 220 217 123 255 255 255 202 255 255 255 255 243 255 222 255
    255 65 255 42 28 64 71 255 255 255 41 199 166 255 59 255 238 165 99
    255 255 116 255 255 67 255 201 53 150 255 158 255 45 255 255 110 255
    201 255 235 12 255 255 255 123 76 255 255 229 112 40 255 32 51 255
    255 32 95 4 61 57 255 255 223 255 4 191 255 45 32 255 255 78 169 112
    255 255 255 200 255 231 74 0 214 76 181 255 2 255 95 255 95 255 38
    79 255 255 98 66 255 255 255 255 24 255 0 255 255 255 255 255 134
    255 142 92 255 255 94 255 108 255 230 195 204 32 208 255 47 241 149
    255 174 255 255 255 255 255 255 255 240 129 255 138 157 214 254 171
    255 255 176 255 255 255 231 112 255 255 179 212 255 255 255 183 255
    91 255 118 118 255 128 154 255 106 255 255 228 199 189 132 255 255
    20 255 172 255 255 255 255 136 0 150 255 233 148 255 78 161 2 255
    255 255 255 201 255 155 255 255 29 255 255 151 255 100 82 114 243
    255 255 55 4 189 255 255 10 255 229 91 255 246 255 59 255 146 255 0
    22 17 255 173 44 255 255 78 118 255 255 216 207 255 255 255 186 255
    222 154 134 102 255 255 255 255 255 43 255 181 255 6 74 22 108 120
    255 255 255 33 28 149 49 255 233 255 112 255 30 184 73 255 255 174
    236 100 130 75 255 255 255 255 29 138 255 255 255 255 214 255 25 174
    254 11 255 161 110 255 255 97 111 222 83 255 255 255 38 255 255 255
    148 255 255 255 255 255 20 154 255 255 255 255 255 13 255 255 255
    255 165 255 244 255 108 122 148 2 13 255 53 255 255 191 118 142 23
    118 187 255 53 201 255 235 255 255 255 158 255 107 35 180 255 255
    186 74 255 255 200 181 255 255 255 161 126 255 237 255 4 0 82 255
    119 255 175 255 132 255 255 255 255 214 255 255 255 23 224 63 255
    255 201 255 255 155 255 93 176 255 26 21 126 255 255 74 53 255 2 167
    243 88 181 174 255 4 250 10 255 255 255 255 118 255 228 34 19 81 226
    115 255 99 255 150 154 255 255 255 255 255 199 255 24 255 90 255 91
    206 102 78 255 114 237 255 150 255 212 255 15 42 207 255 25 26 255
    105 255 81 128 255 255 197 255 93 255 20 157 255 165 255 29 255 201
    244 255 53 255 230 255 189 255 64 255 255 255 174 18 118 255 102 255
    17 255 255 255 255 45 255 255 255 255 255 255 255 255 129 181 67 255
    255 255 255 160 183 255 255 181 119 255 35 255 227 255 255 78 255
    255 255 181 135 103 96 76 255 255 148 44 255 255 204 255 148 97 255
    34 149 255 243 255 255 34 255 255 21 255 255 201 255 159 241 120 255
    133 218 226 85 255 144 53 255 32 2 255 255 224 185 230 255 10 254 30
    255 255 224 255 255 246 162 110 8 255 255 255 255 6 23 151 255 118
    255 255 208 255 255 167 255 255 169 95 207 129 50 71 104 255 73 152
    255 167 255 255 55 91 74 142 255 36 87 255 255 255 182 255 255 255
    255 140 255 255 222 95 255 6 95 185 234 255 17 255 118 255 255 255
    147 234 255 255 255 193 231 219 255 255 161 255 255 89 255 255 255
    44 255 255 255 255 255 224 27 255 255 254 156 186 189 255 89 255 61
    255 244 85 255 246 26 255 86 132 53 208 2 255 255 255 136 255 255
    190 206 171 118 42 255 9 255 250 255 255 122 255 225 71 255 78 255
    255 255 255 255 233 255 70 255 255 76 255 255 255 255 255 237 246
    255 255 160 197 255 255 234 255 255 255 255 136 39 255 255 255 44 6
    177 19 255 255 89 61 45 244 153 254 255 6 255 171 255 255 66 255 255
    255 32 255 255 255 248 72 255 173 255 255 255 157 145 221 255 136
    255 255 255 255 255 94 255 83 67 255 78 255 255 255 223 124 255 255
    187 255 157 255 163 48 255 218 255 255 255 84 255 152 255 224 255
    218 255 255 255 255 231 255 255 87 6 255 255 214 201 255 255 255 159
    255 255 255 206 255 2 206 255 193 255 255 255 124 255 255 255 255 76
    255 255 255 248 255 255 15 255 59 255 163 25 255 39 255 255 65 254
    111 255 57 255 255 255 255 255 237 40 148 255 255 134 255 255 255
    255 255 69 255 255 255 182 208 16 136 255 167 255 255 255 165 255
    255 255 255 114 197 4 152 11 255 163 252 255 255 218 61 57 255 225
    255 255 255 41 9 255 120 28 255 255 255 208 161 255 99 255 30 134
    255 129 255 255 255 212 255 255 65 255 255 195 255 161 132 63 133
    218 255 8 145 255 182 255 244 125 255 47 255 255 255 255 2 183 255
    255 12 255 10 255 6 255 221 140 200 0 63 179 255 61 231 255 255 255
    255 255 255 217 15 242 255 255 76 255 57 6 255 243 128 69 129 248
    255 159 255 255 180 116 250 8 103 255 255 4 255 235 255 193 193 255
    255 201 99 255 231 255 255 68 227 43 110 255 255 255 255 69 255 255
    179 93 255 57 28 168 255 133 255 79 110 204 255 89 88 156 176 202
    255 255 29 236 108 255 114 106 99 203 255 255 169 255 255 255 255
    255 148 255 255 224 255 255 45 255 255 255 114 244 255 61 92 32 108
    103 255 255 86 255 255 255 255 255 155 24 45 82 255 208 151 171 255
    86 255 118 255 255 255 255 255 208 132 6 25 252 43 255 255 128 154
    69 177 193 255 167 205 250 255 255 92 47 255 255 203 180 255 255 255
    255 255 255 19 183 28 118 232 23 11 255 255 255 22 255 255 173 199
    255 181 218 255 79 255 195 255 255 4 255 255 255 16 255 23 63 152
    255 130 64 255 255 13 21 255 248 67 16 169 71 255 176 69 150 76 255
    215 255 255 255 255 255 195 142 111 171 180 255 255 21 255 24 174
    255 255 244 255 255 255 94 85 127 255 255 255 255 221 140 255 120 93
    210 255 161 255 185 255 255 47 83 132 207 255 255 63 255 25 217 182
    118 47 255 21 53 201 255 255 255 255 197 34 255 142 255 208 255 248
    200 79 255 197 144 255 255 246 255 193 95 255 255 255 255 255 255
    255 23 144 155 101 255 255 255 144 210 214 255 255 255 255 118 255
    255 255 255 255 255 255 106 255 255 217 255 185 255 191 189 255 17
    255 255 201 255 255 255 255 63 255 235 144 255 239 173 255 111 165
    224 120 79 255 67 255 255 67 108 255 71 255 255 255 22 255 255 8 255
    8 255 171 255 255 28 8 230 118 97 255 106 255 255 255 221 255 255
    199 255 255 255 75 255 255 130 255 255 51 255 174 255 100 255 255
    203 27 255 255 141 0 53 204 255 49 227 173 255 255 255 171 255 250
    30 151 255 220 103 255 255 255 122 76 115 79 135 134 91 201 63 222
    229 132 255 144 255 255 255 255 255 255 59 255 171 153 255 255 255
    255 78 53 173 255 191 255 87 172 255 11 48 43 255 255 173 131 145
    255 195 255 171 165 255 163 28 82 255 255 195 63 255 29 255 34 218
    79 227 255 35 255 255 228 89 255 255 161 255 255 13 255 255 133 183
    45 250 255 255 55 216 255 255 255 255 255 65 51 214 255 136 161 44
    255 255 255 255 53 172 255 131 244 255 190 183 255 15 179 255 159
    255 138 255 46 255 255 69 96 255 120 255 155 255 255 231 155 255 255
    255 255 112 139 116 146 223 255 255 255 255 255 255 238 25 255 79
    255 57 221 255 25 255 255 216 118 255 197 255 61 255 116 127 189 230
    169 97 255 243 220 255 226 95 6 255 158 49 163 220 255 255 255 199
    171 255 255 255 255 255 99 255 255 255 255 255 17 255 43 255 69 134
    44 36 254 255 255 163 80 255 255 255 181 163 255 255 255 102 255 255
    28 137 39 255 158 77 255 250 255 255 25 255 51 255 255 220 255 255
    32 99 156 255 255 193 44 255 134 255 255 255 208 255 152 136 82 219
    231 255 41 163 229 124 255 255 255 182 255 161 51 255 106 255 255 65
    255 63 255 255 255 255 154 92 255 184 206 87 21 99 255 91 255 140
    255 172 255 159 80 138 255 73 255 255 255 167 255 204 255 203 255 79
    255 179 55 255 255 255 255 82 255 152 255 255 255 255 255 255 255
    255 78 255 255 255 187 255 255 220 255 163 92 255 207 69 193 193 8
    47 129 229 104 255 103 102 255 170 255 224 255 55 191 255 67 239 255
    255 255 101 255 255 139 33 2 255 193 154 126 150 255 255 230 148 115
    255 255 255 197 255 255 255 136 255 163 255 255 171 255 157 171 255
    115 255 255 52 255 239 255 255 176 134 255 119 255 255 231 255 203
    255 255 126 255 181 255 119 255 232 255 2 128 255 145 255 85 255 255
    190 103 255 148 255 116 180 111 132 255 255 255 255 255 255 255 78
    130 248 255 255 255 206 16 255 255 106 44 241 230 255 195 255 138 55
    255 255 34 255 80 255 255 255 17 255 83 46 43 255 255 8 255 255 255
    32 46 255 255 255 93 255 255 250 81 92 181 114 128 159 255 0 161 163
    132 255 254 162 14 255 151 132 255 134 255 255 255 138 255 255 136
    222 255 255 104 255 255 255 99 106 255 255 79 255 255 254 155 92 228
    19 181 255 224 78 81 255 255 255 255 4 221 255 255 255 255 38 193 85
    11 163 255 143 255 255 122 14 255 255 33 255 84 118 255 255 156 239
    17 255 255 255 255 255 255 255 163 187 106 255 126 167 15 255 236
    123 246 255 255 149 255 72 255 255 254 255 255 95 31 255 255 210 132
    2 179 114 255 113 255 129 255 255 255 255 0 255 255 255 21 199 148
    255 132 255 255 166 255 246 235 255 255 255 255 255 255 39 255 76
    148 255 120 255 193 255 197 255 53 112 255 250 255 146 250 120 197
    255 255 255 255 255 237 107 255 255 255 255 255 109 51 255 143 171
    218 255 246 237 164 255 255 255 255 131 40 255 255 255 255 176 255
    255 59 255 255 255 255 136 19 65 255 53 132 255 255 199 255 118 255
    32 255 65 35 255 86 255 255 255 100 165 50 87 255 255 255 255 255
    142 131 255 75 255 162 255 255 255 255 255 74 197 68 255 255 154 23
    255 255 225 110 255 255 35 255 246 41 131 223 255 255 200 244 255 29
    255 255 255 255 255 200 20 140 166 255 255 255 255 25 255 255 255
    103 240 45 90 187 190 57 116 169 15 26 255 29 255 255 128 116 163
    244 255 25 46 255 167 255 255 255 6 65 110 61 255 155 4 255 255 255
    255 255 255 255 255 255 255 2 255 2 255 218 255 255 241 179 116 255
    255 255 255 24 136 255 53 255 255 108 255 255 255 188 255 255 38 255
    255 255 255 69 255 50 255 190 78 255 255 255 255 55 50 203 255 231
    150 70 48 24 76 255 201 224 255 248 255 255 146 150 178 65 255 255
    255 178 255 252 255 255 134 255 255 255 47 141 130 255 210 118 255
    90 255 255 19 255 207 137 134 150 255 185 248 255 122 255 126 138 51
    105 158 21 255 255 106 218 255 255 255 65 255 61 195 255 255 207 255
    48 221 6 255 255 255 255 114 255 185 255 93 36 255 76 88 255 255 141
    255 129 255 10 161 255 128 255 255 255 201 128 219 123 221 255 255
    255 255 255 141 195 255 170 255 255 255 255 68 255 255 47 34 221 218
    63 255 255 97 32 154 46 255 57 95 255 255 255 255 165 250 255 42 255
    100 255 122 255 125 214 255 214 92 255 45 255 191 216 223 118 114
    255 45 255 216 85 255 10 128 255 255 255 146 63 255 255 255 161 255
    185 177 227 105 95 255 218 255 246 255 255 255 218 110 255 255 252
    255 195 255 254 255 255 255 174 59 255 255 213 159 255 114 255 38
    195 212 13 255 140 164 37 255 197 255 255 255 255 27 137 255 255 15
    221 76 116 255 255 44 255 186 73 255 53 255 255 255 255 2 197 255
    255 255 53 110 222 255 255 169 255 255 255 255 255 255 57 255 227
    255 255 188 241 255 131 255 215 255 214 255 188 255 118 255 255 255
    255 255 255 70 36 232 254 118 81 255 158 24 129 255 255 255 137 179
    125 255 255 255 255 187 255 255 255 255 248 219 40 120 242 121 255
    12 248 229 255 255 130 219 146 255 96 80 94 169 190 27 255 255 109
    102 239 255 255 255 220 255 255 255 171 255 4 59 172 255 126 255 255
    221 64 80 93 167 255 255 255 202 122 255 255 255 255 233 255 255 255
    255 255 255 16 255 255 128 231 255 255 255 255 59 243 255 255 80 52
    255 66 34 255 136 92 98 255 17 255 248 255 47 229 255 187 255 255
    255 118 255 255 255 255 122 255 166 255 127 255 255 255 255 102 255
    46 173 83 187 2 27 90 255 133 97 255 255 255 246 188 255 222 100 255
    255 87 255 165 110 255 255 66 255 255 2 153 16 255 255 236 255 50 30
    255 255 75 255 255 255 93 86 185 255 193 124 255 69 255 255 255 255
    169 208 85 255 255 100 255 105 255 255 255 209 8 128 215 93 95 255
    255 255 255 255 178 116 255 21 222 255 255 193 85 255 130 144 255
    244 233 255 244 255 255 255 210 255 179 255 255 255 255 255 61 255
    255 156 25 137 255 255 61 255 176 255 255 255 255 177 32 255 255 255
    255 236 214 255 79 255 99 138 255 255 255 191 174 255 255 255 189 87
    255 255 255 255 28 255 255 255 255 255 148 255 255 255 243 255 255
    255 218 228 255 246 215 254 189 201 21 255 255 255 255 219 255 40
    255 255 225 255 85 255 10 188 32 55 255 255 67 255 255 128 108 255
    255 255 86 85 255 255 255 76 172 211 255 255 255 40 255 161 171 4
    242 255 255 173 255 187 255 118 206 255 81 255 224 159 255 134 255
    255 118 255 57 255 255 255 154 255 166 255 207 46 159 255 38 183 255
    255 114 165 95 228 176 172 255 150 233 16 212 229 255 25 255 255 91
    115 255 201 235 255 224 132 255 255 255 255 255 8 136 255 255 85 255
    4 14 133 255 181 19 255 55 243 149 255 6 103 120 36 25 255 64 71 171
    255 255 255 255 235 226 123 255 114 244 29 255 255 246 255 229 170 6
    255 255 161 255 255 205 205 255 255 112 57 205 95 255 244 72 255 187
    255 231 255 97 255 59 255 255 234 255 227 187 216 212 255 255 46 57
    138 231 16 255 218 169 201 255 100 9 241 255 255 74 255 142 124 45
    255 255 120 80 218 255 15 255 255 255 241 255 255 124 22 255 255 32
    255 67 255 255 255 112 106 255 255 70 10 255 255 132 255 104 255 255
    255 48 207 201 212 222 6 241 57 252 246 51 255 255 255 218 143 20
    255 255 255 38 166 255 36 255 156 212 255 255 102 255 95 136 10 255
    255 122 255 106 25 33 138 255 154 255 231 219 248 13 255 93 231 191
    53 255 87 255 255 255 229 255 102 30 65 255 119 255 179 68 255 230
    176 255 136 255 231 255 133 134 255 250 255 222 180 255 67 38 255
    102 255 199 255 255 255 255 235 255 242 255 255 255 123 166 255 255
    255 83 226 65 255 255 255 228 255 255 93 68 255 22 99 160 255 255
    255 10 186 255 255 83 255 207 255 248 124 191 255 53 255 237 255 45
    214 95 255 255 255 125 67 255 255 255 37 255 246 255 255 53 246 47
    255 255 224 255 238 255 65 255 68 252 167 255 55 255 255 34 255 255
    255 91 255 42 255 191 255 255 57 255 255 255 255 224 11 178 255 51
    27 122 227 255 255 28 25 255 4 88 255 248 255 255 255 48 159 131 255
    255 255 109 142 255 153 255 255 185 255 255 255 255 182 197 255 255
    237 255 241 23 255 255 255 255 255 78 255 255 204 255 42 126 63 255
    189 22 224 255 67 255 8 16 255 255 146 9 255 255 203 255 165 255 255
    20 27 255 165 40 13 199 255 255 65 255 255 255 255 255 47 114 255
    255 254 189 255 255 34 140 63 185 203 199 40 238 255 115 67 47 255
    255 255 233 93 255 255 65 161 223 209 255 139 108 255 162 255 255
    255 199 99 237 255 174 136 255 255 255 255 255 225 255 255 255 255
    174 255 255 255 128 140 255 255 255 83 162 85 19 74 255 167 221 255
    255 255 91 255 255 255 255 2 61 49 97 255 30 255 191 255 252 255 57
    107 126 235 11 154 255 172 238 167 255 255 255 255 33 255 185 205
    255 15 33 255 255 26 85 255 234 135 255 255 42 122 255 45 255 150
    210 255 20 255 118 255 255 255 255 30 208 89 255 21 255 255 116 255
    255 255 255 25 255 255 203 185 219 55 255 255 255 255 255 255 27 255
    255 29 255 61 105 255 125 255 255 255 67 255 255 149 255 255 255 255
    255 255 255 135 88 236 2 231 255 241 185 255 255 255 255 19 189 236
    255 255 255 255 242 255 255 255 255 255 255 158 255 255 102 190 255
    43 55 255 248 42 255 8 169 255 255 224 255 255 36 63 8 51 255 255
    255 2 255 255 27 49 255 168 255 255 164 255 23 13 255 255 8 255 186
    255 177 99 187 255 255 255 91 15 116 255 85 76 51 255 61 255 155 255
    0 222 255 255 104 113 232 255 27 255 66 157 118 241 4 255 255 32 255
    159 48 255 248 255 39 104 176 79 255 221 57 34 48 255 255 255 67 9
    27 255 97 255 255 55 255 255 250 255 255 255 255 255 226 202 255 255
    255 37 42 113 89 64 255 255 144 255 89 255 46 255 57 255 255 235 255
    108 255 170 255 27 255 255 255 8 130 233 176 255 218 255 20 255 53
    255 104 255 255 255 255 185 165 255 83 127 67 255 255 86 255 255 255
    201 255 255 255 159 255 255 184 206 255 23 255 255 193 255 28 244
    155 255 144 239 255 184 157 169 255 255 110 45 255 30 104 92 158 255
    255 209 255 80 255 255 255 98 171 255 120 255 92 255 255 32 219 193
    126 255 237 255 255 255 82 83 212 193 252 255 255 77 255 204 65 255
    53 255 226 63 116 255 255 201 255 255 255 255 44 14 146 185 255 171
    124 246 255 255 255 255 255 108 116 255 255 248 246 134 104 61 185
    34 65 255 47 255 255 220 255 116 255 255 161 114 246 230 135 255 177
    180 231 102 255 255 18 129 143 255 255 189 37 59 255 199 136 92 33
    171 255 255 255 88 203 255 255 187 239 255 232 252 252 255 83 65 255
    13 69 255 255 255 240 255 42 221 255 199 255 30 145 255 255 94 106
    191 255 98 248 34 255 72 86 255 195 255 255 255 255 189 255 15 124
    207 174 255 40 255 255 40 4 255 63 255 255 214 200 226 87 255 226
    252 254 22 197 38 122 255 255 108 40 235 130 243 220 199 163 255 255
    255 137 255 218 193 201 255 76 140 255 17 163 255 255 255 119 94 255
    140 255 255 252 255 255 180 255 67 255 160 255 203 255 217 255 143
    169 64 255 136 195 23 136 255 158 255 214 255 79 255 244 255 42 80
    255 0 255 255 76 115 255 255 155 255 155 255 199 97 2 255 255 74 255
    255 254 255 255 10 57 255 164 73 255 17 255 40 31 255 144 255 255 87
    153 255 255 255 77 255 255 255 255 10 255 255 255 255 255 95 201 85
    235 255 9 246 255 255 255 255 255 216 41 95 208 75 255 120 89 255
    116 255 165 229 254 171 181 49 250 105 85 255 55 255 118 255 161 239
    255 255 255 250 238 255 143 255 9 82 226 255 255 10 255 223 255 255
    13 228 42 174 150 255 239 213 66 255 255 207 255 255 150 255 255 161
    255 165 255 130 255 182 71 87 95 255 234 255 69 255 255 27 255 255
    255 255 112 137 246 255 206 255 163 92 255 146 255 191 255 139 18
    255 111 255 255 255 255 172 130 16 255 42 255 229 255 189 255 255
    171 235 255 255 255 170 106 21 255 8 13 136 226 227 255 255 199 255
    189 255 255 255 255 36 255 255 46 255 205 231 106 255 118 79 255 255
    234 100 128 240 255 255 213 21 255 255 255 255 22 161 255 255 255
    255 255 255 255 255 255 168 24 129 76 69 42 255 255 255 141 255 255
    139 255 157 255 41 53 241 167 255 255 255 255 255 255 11 242 104 34
    101 255 255 153 169 140 255 255 146 50 255 106 80 255 102 231 148 64
    255 255 235 191 252 255 255 255 142 255 221 199 255 244 255 255 232
    255 255 255 112 231 255 255 204 255 172 255 255 220 69 255 108 32
    158 255 67 255 169 255 255 255 255 255 255 19 189 255 74 255 255 255
    0 136 231 120 171 136 255 255 255 152 255 255 255 32 255 254 255 13
    150 93 179 255 169 255 96 11 255 255 40 255 255 255 239 255 255 174
    219 127 197 255 255 128 244 30 255 191 131 255 255 27 255 2 63 255
    255 150 141 255 25 126 255 255 255 255 237 255 255 255 15 39 255 255
    255 133 73 255 255 255 255 255 250 199 172 61 122 255 255 132 255
    124 187 255 181 163 255 2 219 255 255 203 178 157 255 255 255 255 45
    15 158 159 255 187 188 31 244 255 239 255 136 92 255 133 111 93 224
    84 255 255 255 255 255 255 244 255 255 100 104 255 255 255 255 255
    255 191 255 255 244 83 23 128 222 255 255 221 252 176 226 255 255 53
    255 255 255 110 255 65 255 122 255 44 255 255 255 191 255 110 255
    255 210 97 255 255 252 207 255 255 255 140 255 255 255 166 159 8 255
    255 191 231 112 32 248 255 255 59 246 102 212 112 255 255 255 255
    255 255 255 141 255 133 10 224 123 11 124 255 255 255 214 69 255 255
    178 67 91 34 195 255 255 255 19 109 255 25 255 255 9 4 156 154 29
    110 229 255 222 255 255 219 255 155 205 255 255 83 255 255 122 255
    25 255 255 155 179 255 34 255 255 255 255 255 57 255 15 255 203 108
    255 203 197 174 167 255 255 255 13 255 73 227 225 255 255 241 255
    138 255 255 182 78 12 53 255 255 255 113 108 100 42 215 255 233 35
    220 130 255 255 255 37 255 255 255 255 179 255 255 255 203 255 19
    213 195 143 255 255 255 255 161 255 255 4 255 255 255 2 255 255 255
    255 255 255 8 169 225 255 55 255 224 152 255 140 135 255 255 255 255
    230 57 255 255 112 255 255 6 99 255 40 255 83 255 255 255 222 27 93
    255 255 255 255 255 102 205 210 255 47 255 255 255 36 255 136 90 255
    255 21 83 191 197 255 30 42 55 255 255 126 255 183 41 87 195 255 255
    88 255 133 255 255 255 134 128 255 255 255 255 255 222 255 255 255
    255 255 255 61 255 51 97 105 114 255 6 132 255 61 173 100 168 165
    119 130 255 255 231 183 49 255 134 87 255 255 255 255 183 195 255
    255 2 151 171 47 59 255 255 255 18 255 255 150 85 221 255 133 227 57
    255 255 39 255 255 255 32 69 45 255 179 55 131 197 255 255 255 159 6
    4 255 241 255 255 255 80 255 255 255 255 49 174 254 255 255 255 17
    82 255 255 109 255 53 255 255 78 202 255 27 255 28 171 255 255 255
    255 255 255 255 67 104 101 255 255 178 255 255 2 232 114 162 35 255
    255 255 255 97 148 255 174 201 255 248 114 207 255 255 28 255 79 208
    189 213 255 73 255 193 15 61 30 107 255 241 17 100 255 255 255 255
    40 255 255 25 255 148 105 255 255 220 217 246 255 173 159 84 65 255
    255 236 36 255 255 11 170 255 255 122 57 80 255 255 188 17 255 0 255
    238 255 255 255 127 8 230 104 153 93 255 42 255 255 255 255 142 151
    255 244 255 255 195 139 255 255 255 254 155 157 189 188 88 207 205
    155 255 255 255 255 11 84 221 233 255 255 136 255 173 255 216 255 17
    255 181 216 255 108 255 183 217 193 255 165 87 255 169 255 134 255
    76 191 106 255 255 158 255 255 224 255 255 65 218 107 35 255 151 146
    255 151 255 218 216 255 255 255 255 255 46 16 255 210 255 255 206
    255 255 122 255 255 255 255 255 255 254 83 255 255 97 122 209 51 229
    255 182 122 255 255 187 43 255 189 255 255 255 132 255 255 165 255
    255 181 255 120 255 182 250 255 255 248 8 123 71 232 255 200 106 190
    225 255 68 61 65 203 210 114 255 255 16 212 255 255 255 179 49 102
    255 126 72 255 0 70 168 20 188 255 255 218 199 118 255 160 195 255
    183 205 255 255 255 59 97 255 255 255 255 255 255 255 51 174 255 235
    255 144 237 255 255 239 255 255 255 134 238 255 118 124 21 11 255
    133 255 20 212 255 95 255 73 132 146 84 255 255 63 255 144 255 22
    255 84 203 255 255 175 174 27 255 186 255 255 59 255 255 45 92 4 235
    6 96 214 139 112 255 178 39 255 255 255 125 255 219 163 255 106 255
    255 152 255 255 255 68 67 255 27 255 132 255 255 255 190 86 106 70
    255 150 255 197 255 255 124 255 89 255 199 255 255 255 255 255 217
    197 0 255 255 65 255 255 179 255 104 183 177 121 134 255 255 29 41
    255 113 85 150 174 75 255 255 255 83 170 255 95 52 255 83 255 87 255
    255 126 255 86 255 127 255 255 172 90 255 108 255 255 93 255 244 214
    246 28 255 255 144 229 255 255 255 255 219 184 255 255 255 255 234
    255 191 255 255 255 134 182 255 159 255 149 255 255 255 8 255 48 126
    131 255 255 255 255 197 146 25 238 190 255 255 255 255 255 255 255
    148 172 231 226 87 255 156 161 255 255 255 157 255 254 255 255 255
    220 24 255 255 255 135 255 65 42 255 55 154 255 201 255 95 255 255
    255 255 38 255 255 121 250 53 255 124 124 255 255 255 210 255 39 61
    122 255 255 255 22 13 255 255 255 255 255 229 255 37 87 76 98 255
    255 255 255 147 255 255 255 177 23 255 22 255 255 255 255 255 35 255
    233 106 255 115 205 148 250 255 255 255 255 197 255 255 255 255 255
    255 202 236 255 94 255 135 255 255 244 229 255 138 111 252 190 255
    255 15 34 14 40 255 255 255 136 255 91 255 120 80 255 255 167 13 255
    255 124 130 255 38 71 255 216 69 138 255 213 255 255 255 70 151 255
    142 216 12 255 153 255 119 255 254 255 255 87 121 21 250 255 199 30
    255 160 24 127 189 255 148 255 255 0 255 255 74 218 187 25 255 167
    121 19 91 255 255 49 255 255 255 108 255 255 255 255 255 255 255 255
    255 255 255 78 255 255 243 255 255 255 92 187 44 255 43 255 223 255
    255 255 255 2 255 102 197 38 255 9 29 255 255 255 120 255 73 255 255
    255 255 57 183 165 23 155 255 255 255 255 255 181 57 255 255 104 150
    48 110 235 25 255 255 248 255 17 160 222 78 111 255 255 255 255 42
    248 165 255 187 255 34 50 28 255 255 255 255 255 43 193 255 255 255
    255 22 203 255 79 255 157 156 146 84 255 81 255 189 255 225 49 255
    255 255 144 25 255 152 185 187 255 55 142 255 255 255 255 185 255 68
    143 255 255 255 217 102 255 181 255 124 154 255 86 95 255 255 228
    220 255 122 218 255 106 214 11 4 47 255 169 255 10 255 40 23 255 11
    255 255 63 15 236 176 235 255 66 255 191 255 255 0 255 233 255 255
    255 255 125 255 255 80 160 132 9 255 150 255 255 255 127 255 255 38
    65 67 255 255 255 176 255 255 186 255 232 34 176 255 255 44 215 188
    255 255 138 132 255 255 116 26 255 221 209 142 183 215 123 126 28 97
    255 45 116 95 255 255 202 255 255 19 255 255 204 255 255 255 207 15
    255 59 95 172 67 255 255 255 104 15 248 255 223 232 159 255 234 255
    255 51 255 255 255 178 57 255 30 255 30 193 97 255 207 46 224 241
    255 154 255 157 95 255 255 203 252 69 85 244 255 255 255 255 100 255
    206 255 136 255 255 255 255 228 255 27 255 15 255 189 136 255 255
    255 157 240 106 50 179 74 255 255 45 255 93 28 214 49 255 71 255 243
    250 211 241 36 255 235 255 255 123 172 255 184 147 255 255 172 114
    224 208 221 255 255 248 169 71 255 216 255 255 45 255 255 235 255
    100 195 255 255 246 38 255 255 255 255 255 255 20 255 202 122 64 241
    255 255 255 89 255 32 51 255 255 255 227 105 255 255 255 75 80 255
    236 161 255 154 255 95 108 83 105 255 255 255 255 255 99 255 186 255
    255 255 189 53 36 248 255 255 255 255 148 255 199 248 193 255 255 74
    255 17 153 255 255 185 108 11 255 213 85 255 246 255 223 255 255 246
    255 2 17 195 255 255 255 255 255 173 255 255 122 171 255 255 255 255
    217 227 136 255 235 111 2 163 195 215 255 255 108 99 255 189 28 158
    102 255 2 177 255 0 255 255 255 255 180 255 222 255 221 61 255 183
    255 233 151 255 138 255 12 83 255 89 255 255 255 255 21 255 255 255
    255 255 255 232 214 178 69 255 40 255 233 255 255 255 242 236 255
    187 154 112 107 255 255 218 39 237 19 255 6 255 2 159 255 255 226
    255 130 255 255 100 255 255 163 255 208 255 255 255 187 255 191 255
    25 255 255 144 255 255 255 255 244 15 255 181 254 132 255 255 255
    255 197 113 255 38 255 255 255 255 232 150 255 255 97 170 33 59 6
    126 21 97 255 76 29 61 255 166 255 255 255 59 255 210 226 255 105
    255 161 227 30 184 202 255 30 103 51 193 255 255 0 255 255 255 141
    255 195 13 126 21 255 255 174 255 169 255 231 110 255 255 33 255 255
    255 255 242 255 118 118 255 44 255 255 70 67 2 78 255 205 255 172
    255 235 99 24 255 255 255 205 255 254 135 255 91 95 122 61 255 0 118
    239 255 114 40 52 255 255 111 224 205 143 132 210 255 255 68 255 255
    104 255 255 63 197 211 118 255 255 255 113 152 255 103 244 188 255
    45 17 255 255 182 44 255 255 255 32 114 107 255 255 25 255 184 255
    87 8 255 255 254 255 163 255 255 255 255 162 217 51 255 255 255 255
    255 220 255 255 255 2 55 108 53 255 255 0 255 186 255 124 255 255
    255 255 255 228 157 162 255 53 149 209 112 255 22 148 255 255 17 52
    255 255 128 255 216 255 255 255 111 250 255 255 18 255 255 255 255
    115 255 68 145 232 255 113 32 255 255 177 255 141 255 255 255 152
    255 255 16 255 151 255 255 29 106 174 255 144 106 255 255 255 128 2
    229 4 222 255 255 255 180 255 255 255 183 255 112 255 255 255 2 89 2
    246 255 255 67 213 255 255 255 197 176 195 255 255 173 255 105 255
    188 116 255 102 255 255 186 255 41 255 248 144 138 255 255 159 195
    255 255 255 2 255 71 20 255 255 37 49 19 255 64 255 255 178 244 255
    255 255 222 255 19 255 255 235 255 255 13 255 255 255 255 254 255 81
    255 164 255 180 255 255 53 134 146 255 255 228 255 212 255 91 255
    228 199 21 4 25 38 255 255 130 187 255 122 146 135 255 30 99 210 255
    255 255 255 172 255 22 255 218 255 255 255 173 216 255 255 138 126
    248 255 255 255 100 255 185 255 255 255 59 255 35 140 6 201 255 255
    10 224 65 255 155 118 144 255 255 35 45 255 255 255 255 255 40 101
    39 255 255 242 255 255 255 255 2 255 36 255 255 255 206 255 255 255
    255 68 255 116 205 84 169 214 255 255 76 255 189 255 126 108 13 179
    193 210 255 255 248 254 255 161 255 255 255 255 255 255 141 255 255
    255 55 255 34 255 255 255 255 243 255 228 255 255 104 255 255 114 97
    88 255 255 255 73 255 255 124 28 255 255 254 221 255 231 38 255 53
    255 110 255 255 55 239 255 173 83 151 255 63 255 255 255 255 255 255
    34 20 51 255 255 255 255 255 154 255 207 93 52 255 152 8 71 255 69
    255 140 132 255 233 38 255 255 183 255 81 220 228 171 179 47 210 191
    255 246 255 144 255 78 242 255 126 171 165 255 154 171 187 255 255
    255 255 246 92 158 210 255 43 45 255 240 23 255 255 27 255 255 229 4
    142 255 61 255 25 255 185 255 255 255 222 25 150 255 255 130 255 255
    2 13 255 255 30 255 238 255 255 255 255 255 255 21 255 244 255 255
    255 152 155 75 182 255 112 255 255 122 255 255 142 255 97 26 255 67
    171 81 255 255 255 255 255 255 255 195 255 227 255 218 67 255 218
    255 134 248 255 207 191 246 246 4 255 217 250 255 255 131 255 146
    171 255 255 255 40 255 255 255 67 81 74 255 255 255 20 255 255 255
    255 255 255 255 250 255 255 80 255 255 237 171 255 255 255 44 141
    255 167 8 255 127 255 205 255 255 4 255 71 255 255 147 100 123 59
    255 255 255 167 255 164 96 190 255 255 255 255 126 255 122 255 159
    252 22 255 92 255 255 255 93 127 84 255 85 143 51 112 255 4 6 178
    255 255 23 199 255 193 255 255 255 255 255 255 10 255 147 255 154 95
    126 152 255 255 255 255 255 255 255 255 163 42 255 255 97 255 146
    255 222 21 50 255 32 178 230 255 8 255 255 130 255 255 42 33 8 233
    255 255 255 255 125 255 89 255 255 255 255 255 255 205 199 250 244
    189 14 255 155 242 30 255 177 255 255 148 193 255 213 255 255 96 254
    176 91 255 6 255 255 50 205 255 255 255 51 31 128 255 250 255 110
    255 183 255 223 4 27 111 255 0 255 199 227 255 33 180 29 255 255 248
    171 255 255 124 255 185 2 255 168 114 11 255 255 59 255 159 255 193
    255 255 124 255 27 255 242 81 197 106 25 244 255 255 32 224 227 255
    255 97 78 255 49 153 255 255 19 255 255 255 55 255 255 255 255 82
    250 140 139 255 184 255 255 138 153 77 255 255 255 255 244 148 104
    255 152 64 42 250 255 255 161 208 23 255 66 231 255 255 95 255 49
    255 255 255 221 255 255 8 91 226 255 175 255 255 255 80 255 59 255
    239 91 99 204 255 254 128 255 201 40 255 15 136 255 255 118 55 106
    15 130 165 170 255 255 157 224 9 239 255 255 4 232 9 255 255 214 255
    255 142 255 165 250 69 55 72 255 255 255 255 73 255 255 255 227 189
    171 180 74 255 255 255 138 201 124 215 127 255 53 216 255 140 191
    255 255 255 239 255 255 255 255 140 255 255 93 255 255 255 139 255
    255 255 255 78 145 28 255 109 246 255 6 146 255 255 71 255 255 199
    255 101 255 255 241 255 255 255 255 255 255 35 255 208 255 148 255
    255 255 255 230 226 69 255 255 157 232 106 255 104 255 255 255 255
    255 197 255 139 255 255 255 255 254 255 240 255 255 136 237 31 43
    212 255 255 255 158 165 191 255 255 89 57 255 78 255 255 220 166 255
    255 166 255 186 147 140 255 255 255 255 212 242 241 255 255 155 200
    142 100 204 255 255 193 255 239 212 238 114 255 255 123 220 255 227
    255 255 127 255 255 255 187 255 255 27 255 59 255 226 85 255 150 255
    237 118 140 170 255 36 4 255 64 48 255 224 183 255 99 255 57 148 250
    221 210 255 255 44 255 213 255 255 154 165 185 255 23 128 255 255
    255 221 255 218 255 255 255 63 254 255 152 13 25 43 255 13 110 116
    160 255 123 128 181 255 86 140 255 176 255 184 25 255 255 229 255
    106 84 255 40 255 96 255 130 96 123 255 91 208 122 255 255 32 244
    255 255 255 199 166 171 255 255 71 21 255 244 255 255 81 255 139 255
    255 250 255 165 73 6 45 255 255 255 255 49 142 255 120 255 143 255
    255 166 87 255 42 134 255 255 154 255 67 255 235 130 234 255 2 20
    210 95 158 255 250 134 255 235 255 255 17 248 210 157 95 255 255 255
    146 255 255 255 27 255 72 255 255 255 255 255 255 76 199 21 71 255
    27 255 30 34 255 132 255 254 242 255 255 75 116 178 244 233 132 35
    255 50 201 218 255 134 72 255 222 255 254 242 123 99 255 255 255 102
    255 10 255 255 255 154 255 255 255 255 255 35 11 255 255 255 255 255
    231 233 255 214 235 255 182 255 255 255 187 150 70 128 255 246 248
    255 255 255 169 214 164 255 227 255 255 36 71 175 255 255 255 216
    252 255 100 8 112 104 255 255 150 109 120 255 6 128 255 187 93 116
    255 255 255 255 226 220 50 255 255 168 255 255 178 255 184 255 255
    138 255 41 27 69 255 255 145 61 23 255 30 255 67 79 255 130 255 255
    255 106 255 122 41 255 255 91 97 255 201 21 88 255 6 95 102 255 61
    124 255 17 0 255 255 8 116 204 255 255 255 240 176 246 234 191 255
    255 197 255 221 255 55 255 255 200 30 76 78 18 182 116 181 30 113
    255 255 218 255 255 141 69 255 255 255 25 0 255 197 157 142 255 199
    255 8 74 255 255 99 255 255 255 51 224 2 189 155 255 255 163 57 255
    255 120 122 255 255 255 154 80 246 176 172 20 255 218 242 255 223 57
    51 227 255 255 255 161 255 84 81 255 57 255 27 38 255 255 21 255 127
    255 55 255 99 47 237 8 255 208 255 255 255 255 255 255 255 255 255
    99 255 30 255 255 19 157 255 255 255 255 154 255 255 255 255 255 32
    255 255 255 255 158 255 200 205 47 116 217 154 255 175 163 225 63
    255 27 255 100 52 106 255 166 255 180 218 255 255 40 255 255 63 83
    255 255 255 255 255 255 118 255 77 59 179 255 239 255 114 210 255
    255 255 4 255 255 115 255 255 200 12 255 8 0 255 231 255 255 223 255
    255 255 75 233 255 255 42 255 255 116 255 150 188 255 255 255 34 193
    193 255 12 140 8 116 255 255 255 255 255 255 53 233 255 78 32 79 76
    255 255 255 255 255 255 132 255 255 255 167 214 255 215 255 255 255
    241 255 24 42 255 61 133 255 255 255 143 167 255 73 255 255 160 255
    255 255 255 237 183 255 255 134 255 167 255 255 57 141 255 108 255
    144 78 134 140 255 214 255 226 183 255 244 15 255 244 255 181 255
    255 213 255 255 255 144 255 255 148 239 201 226 50 255 244 255 255 4
    197 255 255 69 85 125 197 57 100 255 255 76 255 255 70 115 255 255
    233 255 255 244 255 255 157 255 49 255 255 255 255 255 255 242 69
    220 255 255 255 99 255 255 255 255 255 191 255 70 255 255 66 255 91
    246 25 255 255 239 255 255 255 255 68 255 37 255 107 0 255 255 255
    255 255 47 255 255 124 255 255 255 255 255 255 255 57 246 255 132
    255 255 17 255 182 255 255 255 255 201 91 82 152 205 255 51 174 255
    213 255 220 187 182 241 159 127 88 255 116 255 161 97 48 114 255 48
    255 255 255 224 255 255 75 93 255 255 255 231 255 125 255 255 255 92
    255 255 255 255 165 107 255 28 105 154 255 255 246 255 10 255 104 82
    255 255 122 255 255 255 255 144 179 18 191 84 255 129 65 234 255 255
    255 99 255 255 154 255 73 121 255 255 255 168 187 127 255 217 239
    141 83 140 105 255 36 32 209 255 197 255 255 25 102 255 255 126 59
    255 250 239 107 255 254 255 255 255 40 255 255 124 255 255 69 118 85
    255 191 142 208 255 87 76 112 255 32 255 255 255 255 255 44 209 184
    255 255 255 115 255 203 246 73 255 255 16 142 90 255 255 212 255 165
    255 217 165 32 197 255 255 236 241 84 255 255 223 255 27 157 255 36
    53 255 250 255 59 255 92 255 146 255 255 255 255 100 150 218 159 255
    95 255 116 255 89 169 88 222 255 94 108 255 6 255 133 255 255 32 76
    255 255 255 169 255 255 28 255 255 55 255 255 152 146 128 255 150 40
    95 104 255 255 59 239 255 255 255 4 135 235 255 78 176 255 255 80
    161 163 36 221 190 160 4 255 255 226 8 255 12 255 42 158 255 255 255
    255 255 252 255 255 255 255 255 4 255 255 30 255 115 67 53 255 49
    118 255 255 25 255 255 55 255 126 250 101 142 255 166 255 2 61 255
    255 105 255 23 255 45 212 255 255 255 17 255 248 126 255 255 255 81
    178 48 177 255 115 10 255 2 87 89 255 191 64 78 255 30 255 128 255
    218 250 255 32 18 255 255 255 123 63 185 255 255 255 255 255 85 255
    244 255 85 255 255 95 255 255 255 255 255 148 235 250 255 113 255
    255 255 49 74 255 255 255 86 112 255 255 255 13 255 255 32 122 255
    154 255 163 142 255 255 146 255 255 205 255 32 255 255 35 255 255 95
    131 162 0 165 116 71 53 255 255 255 239 255 255 42 255 188 158 255
    255 255 61 255 229 128 255 36 248 255 237 255 255 255 255 38 170 32
    255 255 255 255 255 219 255 204 255 255 27 24 255 255 110 108 220
    255 36 255 255 161 255 255 255 42 255 255 15 12 220 255 246 255 216
    255 246 255 255 74 255 120 255 162 14 231 122 33 190 29 255 255 255
    2 255 255 91 49 255 12 76 218 140 87 80 255 255 149 255 59 52 136
    255 255 255 255 218 255 255 0 255 171 13 255 81 255 255 255 233 255
    255 214 211 255 23 240 30 255 30 9 255 255 2 61 224 255 8 255 97 139
    209 255 255 81 250 218 255 255 255 255 4 179 59 167 255 55 38 52 49
    108 174 138 121 42 28 193 235 207 63 86 156 255 160 93 255 57 93 118
    73 124 255 255 61 100 255 255 231 221 255 0 97 14 17 2 114 255 208
    255 255 255 4 255 15 255 227 120 43 255 255 201 255 118 213 97 115
    255 250 15 255 34 255 255 255 141 100 252 166 124 255 107 255 255
    191 136 97 197 255 255 86 255 220 179 242 13 61 193 255 86 4 255 109
    255 248 134 255 255 13 122 255 199 169 140 255 33 255 176 112 255 50
    255 15 255 255 255 107 228 17 255 148 197 185 69 255 255 226 70 248
    18 255 255 255 27 255 140 255 204 91 127 255 193 142 255 255 4 59
    175 188 255 158 255 254 248 68 255 173 199 44 255 255 95 14 255 255
    89 212 32 236 255 255 197 169 255 163 248 255 255 8 27 255 53 36 255
    118 216 246 255 255 255 42 255 173 255 4 221 255 235 255 255 255 255
    193 162 205 9 255 255 255 255 203 255 255 2 47 27 195 255 38 238 199
    255 255 78 255 255 255 2 158 255 11 26 255 225 255 255 90 255 255
    255 240 70 71 122 255 231 255 255 255 252 255 250 41 9 99 255 255 46
    47 255 115 255 255 65 255 255 255 77 104 255 255 186 255 95 255 107
    255 74 255 85 255 255 177 8 255 158 255 255 255 57 255 232 51 136
    159 167 23 234 184 255 255 255 214 255 70 151 255 2 218 255 135 157
    255 255 10 93 186 200 255 255 255 12 255 244 226 255 162 175 123 136
    255 64 179 73 226 246 175 199 255 255 40 6 197 83 255 255 255 8 255
    49 255 116 255 255 89 28 255 213 119 255 255 9 176 255 85 255 255
    244 255 255 255 255 255 32 25 236 255 10 255 255 115 255 51 255 255
    241 255 255 255 166 255 255 255 215 255 199 222 255 255 79 4 95 255
    255 40 255 255 255 79 254 255 112 255 255 255 255 255 81 255 255 255
    255 31 161 255 25 234 255 118 114 255 166 255 184 42 75 255 29 255
    255 248 255 237 206 183 15 210 255 21 255 255 255 216 255 108 241
    207 129 255 195 220 118 255 255 255 255 123 255 163 255 160 77 233
    255 156 255 255 83 255 122 255 229 255 211 246 99 215 53 255 49 255
    255 255 255 141 255 255 255 244 255 255 255 80 132 255 255 36 255
    205 107 0 255 255 255 102 255 51 199 255 255 155 212 255 255 191 14
    255 255 128 95 255 138 25 76 0 255 255 255 248 255 173 59 191 255 9
    11 255 205 166 255 255 164 81 93 73 12 255 255 255 74 17 96 74 255
    20 255 116 85 255 145 255 255 255 106 255 255 124 255 255 22 142 128
    244 255 255 51 255 255 189 255 255 37 255 143 255 255 212 43 246 255
    255 99 231 255 255 255 39 85 155 255 102 27 255 184 255 255 47 255
    255 244 181 255 199 166 161 255 255 43 154 255 67 93 109 255 6 255
    138 255 126 255 127 84 255 255 124 8 17 153 255 135 248 144 255 44
    126 255 183 255 255 94 255 144 122 255 255 255 255 255 255 230 255
    255 255 255 255 255 255 31 221 255 229 150 188 111 255 255 21 150
    255 255 187 224 255 207 241 67 41 243 73 255 180 168 255 255 208 255
    174 255 219 218 166 255 57 255 91 241 141 55 255 197 255 178 255 255
    241 166 156 255 172 255 100 246 238 214 181 255 34 155 255 255 78
    150 70 255 122 255 206 173 157 255 255 255 255 16 63 204 255 119 255
    255 255 94 248 21 255 77 255 19 158 89 151 255 49 255 255 203 255 95
    255 255 211 93 214 255 255 11 255 159 248 255 255 242 226 255 32 255
    72 255 255 42 174 209 197 84 4 93 255 255 255 255 255 255 223 255
    159 255 255 255 6 191 254 19 255 222 255 255 176 255 255 119 255 255
    127 255 255 239 208 255 57 86 255 255 255 255 150 115 255 59 255 255
    138 231 255 121 255 51 148 29 195 13 255 255 17 13 255 255 227 128
    129 34 255 152 210 110 255 187 255 243 255 255 255 252 255 255 149
    255 74 255 255 138 255 255 229 255 217 104 255 179 148 255 104 255
    136 255 255 52 81 68 183 53 255 181 255 255 255 255 123 255 37 255
    216 150 222 11 65 32 255 255 255 255 255 199 255 179 15 255 255 239
    255 124 241 255 75 150 48 255 239 241 255 224 255 255 191 255 255 17
    111 255 180 193 255 255 255 255 255 237 255 255 255 18 144 255 236
    186 134 255 255 255 159 17 241 255 255 221 28 27 94 255 255 255 255
    167 65 49 255 255 255 59 255 37 136 69 255 47 255 255 255 27 255 255
    210 255 255 32 67 95 255 255 255 248 255 255 255 219 255 218 255 255
    59 124 27 255 177 255 38 20 233 52 209 255 252 222 255 109 177 255
    255 255 191 57 255 83 255 183 255 101 255 255 255 255 138 255 255
    255 255 53 255 255 255 255 86 207 142 255 26 174 255 255 255 255 224
    255 255 255 255 221 201 255 255 255 172 8 255 68 122 255 255 200 255
    255 220 203 210 15 255 255 145 255 89 255 6 218 17 201 42 52 255 231
    38 255 106 141 22 81 255 255 178 252 255 138 255 255 125 97 134 144
    255 255 255 255 106 255 255 116 255 255 255 255 116 130 255 65 255
    51 255 53 255 168 255 148 255 98 167 255 255 255 225 65 255 29 255
    32 255 255 114 255 255 255 19 228 23 255 43 55 255 254 255 55 26 208
    50 255 155 208 255 255 69 138 241 255 255 133 76 255 23 255 59 255
    255 246 255 52 255 129 255 22 34 255 2 45 218 150 51 19 152 255 255
    146 255 8 248 125 158 156 255 115 255 255 231 255 6 255 83 255 153
    167 0 255 255 255 137 228 197 107 20 255 255 255 255 65 255 255 255
    255 255 239 242 255 255 255 255 235 255 255 179 255 227 50 238 154
    255 255 255 214 10 210 212 255 255 19 255 255 255 255 178 255 255
    226 19 71 169 130 250 255 255 75 123 255 126 248 255 255 255 113 41
    255 250 63 255 204 255 176 255 207 15 227 148 255 50 255 255 181 255
    255 122 255 231 109 255 255 255 163 23 241 255 255 204 255 255 158
    79 102 6 159 244 255 154 255 255 250 25 255 255 255 255 255 53 76 93
    172 255 255 74 200 128 255 241 255 19 255 255 255 255 255 244 255
    255 45 178 191 255 255 255 203 255 246 119 255 255 0 244 244 8 78 16
    239 195 255 255 252 244 163 46 255 87 29 255 255 103 167 19 255 152
    255 255 75 255 111 193 255 162 255 159 113 136 176 255 177 255 6 163
    4 255 255 252 255 8 255 255 61 87 255 106 121 31 185 255 255 255 255
    218 53 255 141 255 255 174 255 32 4 67 83 61 255 70 255 255 227 227
    255 255 255 71 255 183 255 229 255 255 99 255 120 255 255 255 144
    220 110 255 52 130 255 255 116 255 255 255 188 195 255 255 151 14
    255 255 59 255 255 246 197 128 255 154 31 255 51 255 221 255 255 255
    255 255 215 11 255 255 255 34 201 255 255 159 161 255 63 255 52 255
    155 255 75 254 255 255 255 248 219 255 248 142 255 13 108 91 255 255
    255 65 242 255 255 255 125 241 255 119 204 73 116 239 255 167 52 255
    255 255 51 255 255 234 255 255 81 201 255 255 255 255 156 218 105
    106 255 255 255 59 255 146 180 174 255 255 59 213 78 153 244 83 255
    209 255 255 255 255 255 8 255 255 255 4 0 255 255 255 45 255 255 255
    114 53 255 255 229 255 148 193 255 255 84 255 61 120 203 159 132 37
    255 157 255 171 23 255 199 225 222 255 255 219 231 255 228 255 255
    255 255 151 255 78 109 255 255 214 255 241 255 255 248 255 255 180
    218 197 195 255 255 68 255 75 250 255 255 255 17 128 255 241 255 255
    40 215 36 255 255 255 255 255 190 255 255 255 255 106 231 255 213
    136 0 255 255 255 122 255 149 255 233 255 136 40 254 255 169 109 75
    129 218 255 255 227 255 255 255 95 255 255 255 32 255 255 207 255
    179 255 255 255 222 76 255 255 255 138 255 95 255 81 255 255 231 78
    255 255 193 61 193 255 255 210 13 108 255 255 85 154 46 255 255 255
    146 255 255 255 255 111 255 252 255 255 125 128 67 255 255 255 255 8
    95 255 151 203 255 255 255 255 162 187 45 255 43 176 162 255 255 255
    209 186 255 255 59 195 53 21 40 255 8 255 255 255 179 255 186 255
    207 239 255 81 255 255 211 255 255 255 104 231 16 163 255 255 255
    200 255 150 255 255 255 40 255 255 105 255 255 109 255 80 147 18 255
    252 255 255 255 134 81 157 252 255 255 213 19 107 91 255 176 114 227
    208 77 100 71 0 0 255 255 255 255 213 218 137 255 15 197 122 8 145
    255 210 255 255 255 255 255 255 216 248 255 255 254 255 126 100 255
    67 221 188 29 255 55 255 181 93 6 193 66 255 14 255 255 255 255 216
    255 255 136 255 255 255 255 172 202 244 255 216 255 255 255 255 255
    176 222 255 128 255 87 136 217 150 255 255 255 255 255 255 185 255
    116 90 37 255 164 255 195 255 106 255 132 255 64 255 138 23 255 255
    222 255 100 129 76 55 176 255 255 255 246 255 167 166 255 72 164 154
    255 255 255 255 94 51 255 34 255 246 124 132 25 6 12 190 80 132 255
    255 255 220 255 191 255 19 187 11 255 255 72 157 30 180 255 255 255
    115 255 255 55 255 144 153 39 255 193 255 174 255 2 93 255 108 255
    255 83 255 223 255 255 187 255 255 255 255 174 40 255 142 71 255 93
    208 87 116 48 51 227 255 179 255 124 255 226 255 6 146 126 73 95 255
    177 255 141 28 255 88 77 255 255 205 237 124 134 55 255 102 61 71 55
    163 255 255 142 255 134 203 82 163 255 255 255 255 255 69 255 255 49
    47 17 255 255 134 65 255 143 255 250 157 255 255 15 51 148 255 255
    255 255 128 255 139 43 106 29 255 87 255 213 99 80 255 255 255 234
    63 174 126 116 255 167 23 63 255 95 255 106 212 128 39 255 237 91
    255 199 75 229 44 100 53 255 255 45 0 175 255 80 255 42 255 255 255
    99 181 239 255 67 255 255 87 241 255 154 68 183 255 83 255 100 239
    109 37 21 255 53 197 134 114 255 109 47 51 149 255 255 255 222 239
    208 132 106 255 161 163 255 255 178 255 255 99 255 43 15 126 150 210
    252 71 255 255 255 255 212 255 255 255 24 210 120 83 47 248 255 255
    248 255 255 255 114 163 235 8 255 255 255 255 255 255 32 80 255 255
    255 95 47 143 73 255 255 255 11 179 255 255 255 255 255 97 255 112
    40 152 155 255 255 255 80 255 38 178 43 255 63 255 255 19 110 159
    255 255 255 255 224 255 255 224 255 107 169 255 255 255 163 19 22
    255 255 255 11 255 67 255 255 255 255 23 255 144 13 199 255 255 187
    255 255 221 32 255 222 53 90 130 227 255 255 70 216 255 255 21 191
    250 181 207 6 255 195 255 255 35 38 255 255 220 255 61 255 193 250
    255 78 255 255 255 165 255 101 116 123 168 255 104 204 195 64 120 37
    165 94 49 255 255 250 66 255 93 255 255 33 243 255 255 255 255 171
    55 255 255 87 200 193 131 32 189 255 255 255 255 48 67 255 255 240
    178 255 134 25 57 255 255 255 255 255 255 248 119 255 6 255 130 255
    255 155 255 186 255 205 227 229 255 255 255 255 255 255 47 157 34
    255 70 42 118 255 255 255 255 255 255 255 255 201 218 255 248 106
    193 20 106 78 255 93 255 255 23 19 255 255 52 177 102 65 221 114 46
    230 135 255 28 218 255 255 255 255 255 255 197 126 255 115 32 255
    255 255 255 255 255 38 255 205 255 21 37 255 25 91 89 255 255 255 95
    136 70 124 255 255 162 159 172 69 255 15 255 255 201 255 240 15 255
    255 30 179 89 76 255 33 229 255 255 233 255 255 255 255 195 255 255
    255 255 255 255 74 255 255 255 254 255 0 170 10 255 29 255 255 153
    255 148 255 255 255 255 255 255 244 87 255 255 16 186 212 156 51 59
    255 255 80 114 154 4 255 252 255 77 255 255 228 182 71 104 255 244
    255 169 255 255 255 164 255 186 255 255 114 59 255 216 255 255 81
    255 255 255 172 255 116 255 14 255 255 255 255 255 255 28 229 255 81
    255 255 140 206 236 255 151 255 81 92 148 127 128 255 203 255 255
    255 255 114 255 255 183 255 255 255 72 231 128 255 166 33 99 255 146
    255 61 255 255 80 169 255 32 255 4 255 242 255 255 255 255 164 232
    121 255 255 110 255 45 255 40 10 203 227 209 255 227 195 255 107 255
    255 2 226 205 130 22 255 227 255 0 157 240 255 255 205 255 10 255
    131 172 255 17 255 255 78 200 255 93 244 255 227 137 255 169 170 232
    201 255 255 255 255 255 255 255 255 102 255 255 159 181 255 63 255
    91 255 204 191 255 38 59 255 255 171 255 233 255 57 255 18 255 4 255
    0 255 255 148 255 255 83 153 16 45 23 120 199 42 242 13 255 156 248
    174 255 255 255 126 255 94 252 255 84 51 165 19 53 44 189 255 255
    137 240 255 255 189 13 255 255 201 255 255 255 255 255 167 29 177
    255 10 255 255 241 255 42 255 255 255 82 255 255 86 37 255 255 255
    255 255 161 255 255 255 255 17 67 110 220 255 255 255 255 255 162
    255 255 191 252 255 92 255 100 244 55 68 210 255 255 111 244 255 255
    255 4 255 255 6 132 255 235 155 230 68 55 254 255 255 24 255 255 120
    51 255 255 255 255 255 255 255 47 255 178 199 255 94 255 255 255 144
    9 255 118 255 255 255 255 191 255 246 71 122 6 157 255 255 132 45 89
    255 255 255 255 203 55 216 255 203 199 255 21 255 221 255 255 255
    169 255 255 203 255 187 171 50 100 131 151 234 119 244 255 255 78
    255 205 255 255 255 255 4 45 255 106 138 255 91 246 255 193 148 255
    255 255 255 114 241 255 255 197 255 255 255 255 77 136 99 255 57 218
    255 255 11 255 136 255 177 255 130 255 255 69 197 231 255 255 55 255
    55 180 255 255 76 255 26 255 181 63 216 44 61 30 255 255 255 255 255
    155 191 195 255 109 201 190 176 255 89 255 255 161 255 120 255 255
    255 235 143 255 207 172 255 255 255 255 255 255 255 255 255 197 6
    255 100 255 124 255 255 181 255 154 32 255 255 111 255 255 151 255
    255 2 255 255 92 255 255 255 138 255 255 191 255 255 10 222 92 255
    254 178 255 255 46 93 114 2 65 255 255 255 97 255 255 197 255 255
    255 90 226 28 237 255 51 120 234 15 145 185 255 32 255 255 168 255
    172 4 255 178 162 255 255 210 8 11 246 114 125 255 255 255 255 255 8
    255 255 131 149 255 144 255 255 255 255 130 102 255 255 72 95 255
    255 255 255 255 255 146 235 90 255 255 99 255 184 255 161 184 255
    255 255 255 255 148 193 39 25 65 108 255 255 255 144 21 255 68 255
    255 15 255 255 255 255 207 15 6 255 133 27 255 57 168 112 255 220 28
    255 168 102 255 255 28 237 53 228 241 255 255 255 19 140 146 120 250
    121 92 55 140 82 234 255 73 16 255 255 148 255 181 255 255 255 255
    125 255 252 131 206 255 255 255 255 255 255 255 155 255 28 142 139
    63 255 255 255 106 255 255 255 255 191 255 255 255 255 242 159 255
    255 189 224 134 255 100 255 112 197 255 203 172 52 255 255 255 65
    172 118 255 255 134 132 255 255 161 135 4 255 255 255 255 227 255
    104 216 212 255 138 235 255 63 255 255 255 181 240 154 92 181 255
    221 159 255 255 255 205 255 255 140 255 224 255 78 255 210 67 152 2
    57 255 255 255 255 248 50 255 28 255 255 38 176 255 255 65 255 131
    255 14 199 255 136 255 255 248 255 10 255 172 255 75 255 23 255 255
    255 152 255 255 255 255 255 209 255 105 255 255 255 61 255 255 16 44
    255 255 19 130 255 13 38 255 255 61 255 171 126 193 255 86 110 255
    136 255 255 2 255 255 255 16 255 255 89 13 255 85 255 255 255 255
    255 144 255 255 22 255 255 255 255 122 110 255 255 51 255 61 255 255
    255 28 148 40 110 172 21 255 64 55 81 243 88 207 182 255 255 222 19
    242 255 255 255 255 255 255 255 214 255 255 34 255 255 128 110 255
    53 255 255 31 255 255 255 91 255 15 187 201 27 255 255 11 255 255
    183 255 0 50 41 255 55 255 255 139 232 95 255 205 8 220 255 255 86
    255 231 78 255 255 210 255 34 38 255 25 195 255 255 255 118 255 255
    255 255 255 6 255 199 136 45 255 45 255 76 32 255 116 255 47 255 63
    191 11 132 255 166 61 255 210 255 0 255 175 28 255 156 53 29 201 57
    50 234 11 255 255 49 92 61 255 132 89 255 111 255 169 153 255 23 255
    255 255 200 47 15 255 22 49 255 255 255 210 254 255 255 255 72 221
    183 57 137 43 83 189 39 255 244 136 255 255 255 248 170 79 255 42
    255 255 255 255 255 94 255 255 255 255 136 255 55 255 255 30 255 52
    255 4 48 255 255 255 255 59 220 244 255 255 136 255 255 255 255 255
    2 224 255 116 255 255 255 255 15 179 91 255 41 9 255 217 95 255 255
    154 255 255 144 255 104 32 255 122 203 15 255 208 252 255 255 38 255
    255 149 255 146 235 255 255 174 255 255 63 255 155 197 236 55 92 255
    255 227 0 255 255 55 255 23 158 85 255 255 40 195 159 255 103 112
    255 202 246 255 145 255 210 166 18 154 248 189 118 255 217 76 162
    255 216 187 152 197 255 254 53 225 130 255 151 211 85 255 69 207 221
    128 51 52 197 55 255 248 246 255 255 110 176 32 255 78 255 255 255
    255 176 132 179 255 71 255 255 17 255 231 11 126 197 255 255 255 189
    255 255 61 255 255 168 181 255 13 106 190 183 159 102 255 118 222
    191 18 32 255 163 255 255 255 255 255 255 255 255 255 255 134 255 97
    220 255 169 126 16 144 255 16 255 197 255 255 255 255 241 255 255
    255 176 255 207 255 28 255 255 112 255 221 89 255 212 255 193 255
    187 255 48 255 255 189 255 255 214 255 239 19 255 218 246 126 25 255
    161 36 162 32 255 255 43 229 255 102 9 255 150 121 255 205 220 170
    255 255 36 254 255 92 255 255 255 255 159 255 183 199 21 161 255 255
    156 135 13 195 17 168 254 255 255 246 165 255 69 66 255 120 27 255
    55 255 231 255 255 255 255 53 52 201 121 235 255 241 255 55 255 255
    255 255 255 255 255 233 255 255 174 255 255 255 55 255 255 69 255
    107 255 203 214 255 255 255 175 255 255 255 45 255 255 255 255 255
    227 132 255 15 113 230 255 255 226 255 44 20 212 255 0 8 200 57 255
    255 175 224 227 26 255 48 161 255 255 100 255 101 255 255 21 255 83
    17 255 27 255 255 255 155 205 178 255 93 184 214 93 255 52 255 199
    137 69 255 255 255 255 46 28 255 255 154 255 255 163 255 255 255 83
    255 142 255 29 255 191 255 16 176 191 255 255 170 6 255 78 255 239
    255 165 255 255 255 231 52 22 255 255 255 9 118 63 255 126 255 171
    44 255 106 255 47 72 109 255 255 139 255 255 255 254 255 210 219 66
    255 255 53 227 205 47 255 16 169 239 255 81 199 199 252 255 209 255
    255 122 61 255 255 255 255 254 255 255 255 167 6 106 13 63 104 121
    255 255 255 80 255 184 255 255 2 244 255 74 255 255 255 255 136 252
    231 26 11 255 6 8 225 136 255 97 255 4 255 187 255 162 255 51 255
    255 25 204 55 110 255 255 191 255 95 255 255 255 17 158 30 255 29
    108 229 255 158 100 71 255 55 65 255 148 80 255 255 168 217 70 255
    255 195 21 98 85 50 255 154 255 255 155 255 222 11 255 150 9 233 215
    255 80 61 34 255 255 255 132 255 255 255 203 255 88 255 178 255 234
    255 149 255 255 187 150 255 162 255 255 255 255 255 255 255 255 29
    193 186 141 255 165 246 255 34 101 41 61 255 181 255 244 255 138 255
    20 255 44 255 104 248 255 255 255 255 255 255 28 255 255 59 17 255
    255 255 255 255 255 69 228 118 255 255 142 255 255 195 237 255 255
    255 96 255 255 255 140 255 165 19 99 112 255 10 130 255 255 187 4
    255 255 255 109 81 201 255 255 0 255 75 93 48 240 27 255 144 85 255
    159 255 255 255 133 255 211 255 195 255 25 255 255 255 255 24 255 73
    240 11 255 255 255 255 213 61 255 255 255 202 255 255 233 114 104
    208 134 255 255 32 74 53 30 180 220 255 66 160 130 224 164 255 255
    255 255 255 199 255 250 151 255 255 160 255 159 179 215 102 21 255
    255 255 255 255 25 63 174 235 255 255 126 255 255 11 255 161 231 255
    159 151 221 53 255 201 255 183 134 255 223 255 255 23 255 255 27 255
    255 255 2 64 255 85 255 160 255 255 255 181 136 255 146 255 255 16
    255 255 100 255 132 255 127 124 255 255 255 154 255 42 255 254 255
    255 83 255 124 250 255 255 30 29 8 6 153 255 216 204 255 255 255 187
    220 255 255 203 255 255 218 255 51 255 50 156 255 255 255 70 231 4 4
    255 255 255 147 61 255 255 255 255 149 112 255 255 255 255 255 110
    135 255 255 178 95 255 255 255 255 255 255 61 255 101 142 255 255
    118 19 25 91 255 255 255 76 255 255 195 255 83 28 137 228 255 255
    255 250 255 236 45 55 138 182 255 213 19 255 255 118 206 255 255 255
    255 91 174 255 34 255 255 255 27 79 114 255 161 255 153 63 244 55
    150 17 44 112 226 73 255 78 200 255 255 255 255 182 255 6 135 255
    255 63 255 75 254 132 45 255 53 255 138 255 232 226 255 255 182 255
    255 207 255 255 87 136 255 47 237 43 129 4 191 25 255 87 99 255 255
    106 255 255 255 255 16 116 255 255 76 237 246 49 181 255 114 250 59
    155 189 205 34 27 142 123 40 255 255 255 221 255 231 110 255 255 132
    17 255 255 241 34 91 255 67 255 222 29 201 208 255 47 112 255 255 9
    141 197 241 200 254 161 237 255 172 255 255 118 255 189 255 193 255
    255 255 255 89 19 57 0 255 255 255 46 255 40 246 255 176 255 255 255
    255 81 203 63 255 104 255 255 255 255 255 255 185 132 241 255 255 45
    183 255 74 255 8 255 255 255 255 92 255 255 255 201 255 255 255 255
    174 104 38 88 248 106 134 221 199 255 140 255 255 255 255 255 255
    255 255 171 4 255 254 231 255 35 152 101 248 255 25 255 255 160 255
    255 183 255 210 80 255 61 109 255 255 132 255 21 50 255 78 255 255
    255 255 255 255 82 169 78 115 248 233 255 255 255 239 57 49 241 222
    255 252 98 95 55 255 255 38 255 255 255 255 255 124 255 237 40 255 6
    255 201 255 178 41 201 255 255 255 255 255 186 44 87 193 115 255 27
    164 189 36 118 57 255 250 255 116 255 255 255 155 255 255 199 255 51
    255 255 255 111 199 255 255 255 13 122 41 255 255 255 110 164 28 248
    255 33 255 255 2 255 168 254 250 255 255 255 255 255 255 255 255 255
    255 255 169 208 108 255 255 255 169 255 246 89 255 199 255 255 255
    255 255 255 255 255 255 81 151 169 255 59 32 235 255 73 255 255 14
    255 223 146 255 255 106 28 255 255 248 255 39 91 53 254 218 255 242
    255 255 255 226 255 252 255 255 100 193 17 255 252 255 65 255 255
    255 127 179 255 255 113 232 100 42 130 255 255 187 255 255 255 150
    255 255 220 255 255 142 255 255 6 255 79 255 200 255 201 255 43 255
    67 240 106 255 255 91 25 255 255 241 255 255 255 255 233 168 159 76
    23 255 255 255 255 255 255 255 95 88 255 30 255 244 30 199 255 255
    255 41 203 99 255 195 255 255 255 255 87 226 255 255 64 255 255 157
    164 142 255 255 255 32 255 197 32 65 16 218 155 96 255 255 255 255
    223 122 80 38 41 255 254 217 254 255 26 165 97 221 207 132 255 34
    255 191 255 255 255 255 166 255 205 255 89 184 21 255 140 99 255 255
    155 98 255 255 255 252 113 255 231 255 228 184 255 236 239 255 255
    13 113 75 255 172 255 203 126 144 255 255 51 255 185 255 119 255 255
    255 34 93 63 255 106 186 255 61 227 237 255 207 38 8 255 164 255 255
    187 26 255 206 255 171 74 244 42 255 144 42 223 24 255 255 255 255 2
    242 74 255 255 142 255 255 239 255 226 241 149 255 255 143 191 255
    255 26 255 101 255 255 220 255 255 178 255 255 38 255 255 132 255
    255 255 22 255 255 96 255 255 83 255 255 244 144 255 255 255 255 255
    95 255 255 255 255 138 255 255 255 255 255 203 255 255 35 255 255
    255 99 255 35 255 255 255 129 255 197 32 10 26 255 255 255 246 237
    110 255 255 255 255 255 255 17 126 255 255 153 255 163 255 134 241
    255 255 47 255 255 248 255 255 0 255 114 218 40 255 255 255 255 255
    157 255 87 94 142 208 15 126 255 118 255 255 50 134 255 255 255 255
    241 120 255 67 165 255 255 255 255 53 255 255 255 185 255 90 171 57
    255 102 255 255 104 57 255 100 255 42 159 248 36 61 255 212 255 255
    255 255 255 255 130 63 239 255 136 57 152 44 255 255 19 255 255 255
    221 255 255 255 255 255 139 255 102 255 255 255 255 255 255 255 150
    78 52 255 255 255 255 255 137 158 255 255 255 255 255 222 255 178
    255 23 99 41 155 255 53 218 255 255 255 255 255 252 32 130 180 255
    255 255 164 255 255 255 2 80 124 152 97 145 173 159 255 255 184 255
    136 148 255 222 59 90 255 38 255 221 214 202 43 255 255 108 188 255
    255 70 255 255 255 155 255 255 255 195 2 210 255 36 6 158 70 17 255
    21 53 230 97 255 255 255 255 255 255 255 255 131 170 255 255 255 255
    255 237 12 195 255 255 165 255 142 255 40 255 174 255 252 255 255
    252 40 231 255 135 34 179 142 69 255 36 185 255 131 255 255 184 86
    63 255 255 175 210 255 255 241 86 250 116 50 37 114 255 91 112 255
    130 255 255 255 93 191 255 57 220 255 17 255 242 144 120 255 231 220
    28 255 34 255 133 158 51 150 27 224 199 105 152 255 183 255 255 111
    167 190 255 255 159 74 130 121 40 255 255 25 32 176 255 255 127 250
    203 99 255 255 129 116 255 80 32 203 19 137 4 27 36 255 171 115 255
    169 101 191 114 46 234 255 255 255 25 210 158 191 255 255 255 255
    255 135 191 255 8 255 255 255 255 255 255 255 112 255 255 98 125 44
    255 49 255 255 255 141 197 42 255 255 140 200 255 255 255 173 255
    255 255 11 185 255 255 255 255 255 255 255 255 255 255 6 255 226 255
    97 53 255 84 255 255 40 255 255 73 255 255 255 22 140 107 255 255
    255 43 252 255 128 255 255 30 255 255 255 42 130 2 38 255 39 93 67
    255 255 255 209 244 255 255 21 120 193 178 255 255 255 255 28 25 223
    118 142 46 255 21 255 158 226 151 250 255 78 255 152 67 255 250 200
    255 255 32 159 255 0 255 205 255 254 163 11 255 255 34 255 68 183 49
    208 255 51 255 164 255 255 122 255 255 160 142 226 214 159 255 255
    255 47 48 255 255 255 255 210 255 211 199 255 255 133 255 255 136
    255 81 163 19 255 255 208 255 116 255 255 255 189 100 255 255 173
    255 11 255 32 97 255 255 255 255 161 255 255 25 255 255 136 101 255
    255 2 255 255 124 255 220 229 255 0 84 161 83 158 96 214 255 118 255
    255 87 19 255 61 255 255 255 191 158 124 255 255 255 255 255 255 255
    255 255 85 255 33 144 141 213 255 67 255 255 206 255 125 255 230 255
    255 255 255 218 255 226 170 255 227 255 39 70 255 37 121 255 255 255
    132 43 159 255 255 32 61 255 233 255 234 255 181 255 127 255 255 255
    40 255 255 255 124 167 25 255 95 101 255 255 255 255 61 255 232 110
    255 128 255 255 255 255 255 39 154 255 30 255 34 246 241 61 255 255
    255 150 255 252 132 255 86 255 13 255 193 255 195 244 255 59 255 255
    255 236 255 23 118 214 255 255 255 235 244 40 255 100 186 118 255 36
    149 255 255 157 255 255 255 215 89 255 255 255 229 255 116 69 14 195
    241 255 47 255 255 216 151 0 255 74 118 197 255 255 25 250 255 80 53
    207 255 255 203 110 153 255 13 199 255 186 80 89 118 255 33 30 255
    79 169 255 255 255 255 232 252 223 238 255 255 116 45 255 255 255
    255 161 246 255 255 255 218 93 93 255 22 186 255 255 255 255 255 167
    255 124 255 255 255 255 128 255 100 255 187 255 195 255 255 193 255
    23 105 255 255 255 255 239 255 255 255 172 255 203 255 255 255 255
    254 218 255 255 44 255 255 255 139 255 255 255 18 255 31 128 197 78
    255 255 250 79 244 27 183 144 122 158 135 255 255 255 255 114 255
    255 32 255 139 248 47 255 193 255 255 83 97 255 12 201 255 255 165
    255 255 255 42 255 123 255 150 255 185 255 231 145 255 186 255 167
    125 255 255 255 73 254 144 214 144 255 255 55 116 255 205 224 202
    255 74 255 24 25 137 16 255 31 255 255 255 255 226 151 255 123 255
    255 255 73 255 255 36 14 85 52 49 4 143 242 207 48 124 255 218 169
    255 160 45 241 202 39 150 255 41 255 151 255 255 255 77 208 82 30
    255 255 163 255 255 255 255 145 255 201 255 207 255 255 207 118 191
    255 255 255 49 142 69 255 233 223 255 255 255 255 255 216 255 95 67
    41 255 21 108 203 239 255 125 158 91 210 255 197 176 235 228 208 94
    255 255 252 255 255 255 255 254 255 232 255 255 108 255 255 255 255
    255 255 208 0 156 102 255 255 216 255 255 255 255 255 255 220 14 255
    237 255 81 255 73 255 255 255 252 254 255 72 122 201 255 255 71 255
    255 255 255 255 255 227 19 30 49 143 255 255 99 255 255 2 255 161
    255 187 255 73 255 255 255 255 255 255 255 25 255 255 255 255 255
    218 255 79 255 255 173 255 162 255 135 255 30 255 255 255 74 71 39
    255 255 255 255 172 255 255 255 30 255 137 255 87 128 255 95 10 255
    255 19 255 210 193 30 61 255 255 255 255 171 255 95 169 255 235 255
    255 255 24 255 38 255 47 206 255 182 255 163 15 255 83 255 2 75 55
    255 195 224 255 252 229 255 255 78 23 201 255 255 203 255 255 175
    255 44 120 255 32 175 255 204 228 255 63 255 255 48 102 85 157 255
    49 255 175 255 255 100 255 55 205 255 255 255 190 255 255 255 78 69
    255 255 255 255 84 255 255 92 211 174 21 246 248 221 255 255 255 89
    255 255 255 125 255 255 165 227 98 144 255 32 4 32 255 255 255 224
    255 255 116 159 44 255 255 255 224 255 254 236 255 255 255 45 242
    255 78 255 255 167 122 156 34 183 255 61 44 255 80 155 14 255 255
    215 255 46 255 255 38 45 255 73 132 57 164 255 148 255 12 135 255 95
    255 255 108 64 52 248 8 181 10 255 255 255 108 15 169 61 223 255 182
    254 110 63 202 255 121 255 55 255 80 89 64 255 87 255 151 0 169 255
    22 255 116 255 212 255 255 91 153 45 255 255 37 255 206 120 36 220
    67 255 181 201 42 255 49 255 255 199 250 235 255 13 255 118 255 255
    96 112 153 159 169 40 255 255 10 55 255 65 255 171 19 144 97 255 255
    255 255 255 150 151 255 142 255 255 51 255 255 255 181 255 243 206
    65 255 255 20 255 55 255 255 255 142 118 168 83 17 241 238 255 255
    187 255 255 255 255 71 255 102 255 255 28 90 65 110 21 255 255 255
    255 255 164 255 80 8 255 133 255 124 255 255 138 255 166 255 255 255
    219 95 255 255 255 255 167 255 255 246 89 255 238 255 214 255 255
    130 213 89 244 195 255 255 255 6 255 255 255 23 55 255 76 255 127
    255 144 104 178 185 255 122 93 255 208 255 70 145 255 255 255 59 244
    21 255 255 255 226 188 255 255 255 241 255 255 151 93 255 145 6 255
    25 244 195 255 255 218 255 236 21 255 240 174 255 6 255 255 246 159
    210 255 74 52 18 157 255 63 248 11 4 45 95 255 255 172 24 190 255
    122 81 255 255 255 255 30 180 255 255 224 6 255 114 2 26 255 255 118
    19 255 255 243 208 140 210 128 89 255 255 163 207 255 81 17 164 255
    182 115 85 133 255 45 255 255 255 178 8 158 144 255 221 116 2 255
    140 255 255 255 255 255 255 136 255 123 210 108 255 241 118 255 255
    255 255 97 255 255 164 246 255 255 158 229 57 55 95 255 255 93 255
    255 64 255 96 2 255 0 21 36 236 110 255 230 220 31 255 169 216 255
    123 255 255 201 178 255 95 59 232 15 13 255 255 255 255 255 118 49
    255 185 75 255 46 255 255 255 169 255 120 255 102 199 228 255 195
    161 255 170 0 106 235 199 157 27 255 255 36 77 114 255 254 255 4 59
    97 255 98 255 168 187 255 162 255 146 63 255 255 255 255 174 15 255
    87 255 255 255 90 255 255 92 255 255 255 41 146 255 255 135 255 255
    81 255 255 110 10 255 255 255 55 142 55 224 36 255 255 36 255 148
    255 255 255 80 147 140 255 59 255 255 151 255 99 220 230 255 44 195
    255 50 28 78 199 255 255 95 156 255 155 255 255 61 254 216 17 255
    255 158 142 66 255 255 255 255 255 165 82 255 246 255 255 78 95 255
    191 255 255 25 76 0 6 255 12 255 105 177 63 255 255 227 255 177 255
    255 255 237 193 255 70 13 185 255 128 255 171 227 246 255 179 255
    210 229 187 161 227 255 108 10 255 214 255 255 220 25 255 136 255
    255 255 225 255 255 55 81 241 255 255 255 255 255 255 202 255 76 255
    255 255 29 187 15 255 255 68 204 207 231 255 255 255 223 20 55 255
    104 2 210 236 0 27 255 250 255 255 255 92 221 255 255 2 255 255 18
    119 255 255 112 67 255 49 162 255 220 255 104 210 255 255 161 204
    255 255 255 71 255 255 205 63 255 158 66 61 255 93 27 255 255 255
    128 255 255 255 246 255 35 255 10 221 255 65 244 255 122 215 255 255
    255 203 208 255 165 255 255 89 255 110 255 42 255 57 122 73 255 255
    255 208 170 255 255 255 6 148 255 255 95 204 255 255 214 255 174 31
    255 34 255 255 231 255 255 208 27 255 197 255 181 17 254 171 255 255
    255 255 255 201 255 101 255 255 255 255 255 162 255 239 255 211 224
    255 255 255 255 154 42 50 47 23 255 203 255 255 100 255 255 255 140
    0 161 255 255 255 255 113 255 255 155 255 255 255 255 255 61 59 255
    255 255 138 255 255 255 255 255 255 10 83 146 36 217 61 255 236 224
    164 255 255 255 14 255 255 118 30 69 255 255 255 255 21 74 51 255
    255 114 246 255 236 255 255 114 255 255 201 255 88 26 255 255 98 255
    255 71 255 141 255 255 50 24 255 105 244 255 241 124 0 168 215 135
    95 255 255 255 255 114 181 104 171 149 154 255 218 171 127 255 255
    195 36 110 255 255 255 255 118 246 255 255 255 176 255 242 255 255
    98 255 174 255 218 122 255 25 181 255 235 255 47 34 176 201 64 48
    255 255 55 255 255 246 255 255 10 255 226 255 226 255 204 120 255 94
    255 255 255 255 216 255 255 15 218 255 59 255 232 191 189 213 57 109
    96 255 255 255 241 255 255 163 255 22 255 134 255 197 255 255 214
    101 255 255 162 100 91 255 255 74 255 255 255 255 255 114 255 53 208
    212 140 255 164 179 255 132 255 123 255 8 152 255 53 255 255 217 74
    76 255 57 255 148 237 255 255 255 179 255 165 17 179 34 255 187 118
    105 255 255 199 255 184 80 255 252 255 195 255 255 39 63 255 255 255
    255 49 205 107 255 255 255 199 255 255 128 255 25 254 23 86 255 13
    255 255 190 176 255 125 255 255 255 255 193 252 255 55 220 255 255
    252 255 255 255 255 224 255 255 255 125 143 59 104 255 255 255 255
    49 176 255 138 2 255 255 180 255 224 212 197 255 210 255 255 64 255
    187 13 255 75 255 255 255 80 255 255 255 63 255 255 255 255 255 242
    255 220 255 255 129 255 250 136 227 165 11 214 255 38 244 83 199 255
    255 11 185 81 255 220 255 93 255 4 220 255 255 218 255 124 237 248
    255 51 255 255 255 124 232 255 210 24 255 185 98 112 202 255 255 255
    142 255 166 255 64 255 255 255 185 255 255 78 240 142 176 242 174
    255 175 208 73 130 74 255 255 255 231 255 203 255 193 255 130 255
    163 48 138 255 255 163 218 82 255 255 57 91 13 208 255 237 255 195
    255 208 128 222 255 246 190 255 55 255 248 255 85 255 255 195 223 32
    255 84 255 87 255 255 255 255 255 207 76 4 72 246 67 255 255 221 255
    227 255 255 255 255 191 227 255 233 255 250 15 233 255 102 255 177
    203 2 255 255 246 255 191 53 93 167 255 255 214 164 255 8 126 10 255
    255 242 53 255 255 255 255 255 255 74 106 255 111 255 255 84 205 174
    255 255 15 255 255 155 116 255 255 61 193 255 255 81 210 255 255 199
    48 187 255 229 98 255 221 255 241 255 102 229 191 255 248 21 255 45
    255 255 235 255 98 205 193 255 218 255 33 255 34 215 255 95 187 255
    255 255 255 255 114 224 225 255 154 179 255 142 255 255 53 80 255
    255 170 100 182 84 255 255 6 255 27 141 205 255 255 255 255 200 255
    165 15 255 241 29 130 255 15 255 241 179 191 255 255 122 30 78 12
    255 69 255 255 10 14 255 218 252 70 255 255 15 212 254 178 76 255 0
    255 255 40 94 255 40 255 167 255 255 255 0 255 255 255 158 179 102
    237 255 216 86 255 255 255 106 255 255 255 255 255 246 255 255 255
    23 255 187 248 255 197 45 255 100 188 50 142 255 4 255 255 116 77
    212 65 203 255 255 32 255 255 30 250 254 255 255 137 47 255 120 222
    255 255 146 142 46 132 255 113 255 255 82 255 255 255 255 255 55 255
    255 255 199 222 244 255 255 255 197 102 25 255 255 255 255 226 97
    134 23 46 22 255 255 163 255 59 161 163 255 255 157 255 197 255 42
    255 34 168 255 99 27 207 27 255 148 45 255 255 255 101 255 255 255
    144 23 82 255 255 255 6 218 255 75 222 208 219 246 255 124 104 255
    255 255 255 255 201 255 255 255 255 85 138 255 4 255 255 255 255 231
    219 68 157 255 255 255 238 255 255 255 255 179 195 255 255 240 21
    255 255 255 200 165 255 255 187 255 255 18 224 255 215 53 199 134
    188 250 244 123 241 106 180 101 91 255 147 255 255 78 255 255 204
    163 255 255 255 244 255 255 165 255 255 239 59 255 169 255 179 176
    255 255 255 84 156 121 139 163 248 179 240 51 255 255 159 255 255
    218 235 191 135 255 254 193 92 255 40 132 124 255 255 255 255 124
    255 255 132 255 118 255 217 255 255 93 255 250 120 255 255 255 241
    63 120 255 255 73 255 145 255 255 17 255 25 255 255 186 57 187 255
    255 232 154 255 154 63 220 255 255 218 201 255 255 156 255 132 110
    255 255 106 210 19 224 255 0 77 255 19 255 190 204 255 255 255 142 8
    151 255 255 59 255 255 255 173 57 86 35 70 187 126 255 255 175 97
    255 130 220 101 255 135 32 255 208 179 255 255 204 255 47 88 246 255
    218 255 255 200 255 169 255 222 255 80 255 21 255 255 23 189 255 210
    220 142 36 255 26 255 191 255 142 179 255 255 255 187 19 255 255 255
    255 255 255 255 209 118 147 255 254 109 130 163 151 61 255 244 242
    138 255 255 255 255 221 255 172 255 214 128 224 6 141 95 89 255 255
    23 34 187 255 255 255 159 255 255 233 255 255 138 183 69 255 255 43
    11 255 93 8 255 255 85 255 167 116 255 156 30 255 39 193 128 255 231
    255 230 255 225 255 255 255 255 161 206 167 157 255 100 159 255 222
    106 0 255 255 255 242 255 255 102 255 255 4 237 255 175 255 255 255
    155 174 134 255 255 169 0 59 114 131 255 255 255 67 205 244 255 61
    44 149 255 255 113 57 241 111 255 27 255 255 157 255 161 255 255 33
    255 10 255 144 255 118 255 84 255 182 255 255 9 255 179 91 113 255
    53 255 217 64 255 255 171 111 187 255 65 37 255 105 255 123 255 238
    255 255 150 93 168 255 255 255 255 255 80 191 76 255 255 255 255 65
    53 255 2 53 255 255 231 255 26 178 255 255 108 255 173 38 157 255
    255 255 255 44 69 255 255 235 175 176 241 255 186 202 85 255 255 255
    255 80 189 2 255 61 28 48 26 255 164 187 226 145 57 172 218 255 218
    170 255 195 255 255 255 130 255 55 248 255 34 255 255 255 255 167 70
    255 255 255 50 255 9 141 211 55 0 255 255 239 248 255 255 255 255
    255 246 255 23 255 255 255 165 106 59 232 255 223 255 255 200 255
    138 255 255 255 63 195 255 124 255 255 255 255 255 255 91 148 255
    156 140 241 255 255 255 191 76 255 120 255 248 183 163 255 255 36
    255 255 229 189 39 255 255 146 255 2 85 51 21 255 255 255 159 255
    255 35 255 241 67 169 94 255 255 158 255 255 94 255 255 255 255 15
    149 255 220 255 255 255 218 124 174 90 255 127 109 255 100 122 255
    255 126 234 255 84 193 152 244 255 42 86 255 255 255 255 255 11 255
    255 29 152 207 246 255 255 183 255 40 97 201 255 179 255 255 255 95
    255 255 255 229 36 255 118 250 255 255 255 255 255 255 255 255 255
    255 163 255 173 255 254 187 129 46 255 255 153 144 255 176 255 197
    255 255 104 191 255 210 235 255 23 92 255 255 235 203 255 23 199 63
    95 32 180 255 130 63 255 53 30 255 255 255 202 189 255 202 255 255
    67 37 152 248 248 255 178 179 255 105 255 255 255 173 255 255 205
    255 255 255 178 176 255 255 255 255 244 255 255 28 137 142 255 255
    255 81 111 240 255 212 255 85 61 209 191 61 255 146 178 255 255 208
    89 255 255 240 89 255 217 255 204 255 255 42 255 246 44 181 255 255
    255 136 255 255 255 141 159 81 178 69 184 53 255 255 176 255 186 255
    255 255 255 255 255 36 255 19 255 183 255 118 255 255 248 215 255 52
    255 214 255 6 255 25 255 222 65 242 207 255 255 138 255 255 110 255
    255 255 94 255 255 0 183 184 176 255 255 255 255 255 23 255 252 255
    22 255 255 252 243 255 106 255 255 255 255 255 255 116 32 255 4 74
    255 188 48 222 161 115 91 172 255 255 255 29 63 255 248 69 255 13
    255 255 105 255 244 38 195 197 116 222 255 67 8 255 71 18 97 11 255
    78 53 255 28 101 106 254 137 255 255 255 240 255 149 240 254 255 118
    21 255 175 222 255 193 255 97 255 28 255 255 255 255 255 87 216 158
    255 255 255 193 255 24 255 11 87 255 255 73 32 255 255 255 255 152
    161 118 104 116 208 150 231 255 213 255 248 255 155 255 67 157 57
    255 197 255 98 9 255 255 255 255 255 186 255 47 131 223 255 244 255
    142 203 255 255 210 255 255 136 255 79 255 59 255 136 255 28 15 46
    255 255 164 71 255 200 255 23 255 255 47 76 255 255 255 255 110 255
    255 255 151 136 255 255 47 255 202 255 159 255 197 241 255 255 47
    248 89 255 255 152 74 255 53 129 105 150 250 29 87 255 107 32 55 44
    255 222 160 132 255 255 255 157 195 171 255 255 255 85 255 255 9 255
    255 255 255 255 17 128 55 163 27 136 255 255 255 123 137 85 255 57
    255 121 255 244 182 40 255 53 94 185 47 214 255 255 101 255 255 29
    255 255 255 255 38 255 156 255 255 165 116 8 255 184 255 43 241 255
    255 255 255 114 246 113 61 255 255 215 193 52 255 255 255 110 255
    255 114 255 212 49 42 255 219 255 255 175 176 139 255 114 38 75 63
    255 255 85 255 217 19 223 255 125 78 255 36 255 255 99 255 61 112
    255 255 195 29 255 121 255 255 243 255 255 97 255 252 106 164 175
    255 255 255 255 160 255 40 255 250 184 255 255 129 229 102 218 255
    106 255 255 255 255 52 255 255 255 255 148 255 81 255 130 22 216 255
    110 255 19 255 226 255 43 32 179 41 38 255 255 133 255 255 116 255
    255 255 235 255 243 40 244 205 130 209 255 212 255 248 255 73 255
    147 171 255 10 213 255 255 211 55 255 255 255 227 255 214 73 158 255
    255 255 255 65 255 255 255 83 255 255 255 2 255 255 27 160 120 255
    255 150 182 107 179 216 134 255 174 255 18 19 23 199 30 21 255 255
    197 152 53 248 181 161 34 255 255 255 255 255 153 222 255 11 114 4
    255 254 255 255 255 255 255 122 255 241 104 255 34 41 17 63 255 8 97
    22 178 255 104 255 4 255 25 255 255 19 255 242 255 197 175 255 255
    255 207 221 255 226 255 112 255 255 255 80 174 255 255 116 20 89 92
    255 17 248 255 255 255 255 255 255 242 255 255 255 255 255 73 64 170
    255 255 195 32 32 255 255 248 255 116 255 25 255 100 255 116 255 50
    53 255 44 73 85 255 100 255 255 71 255 255 83 255 255 255 0 48 255
    255 255 255 255 255 175 191 134 37 210 255 28 255 145 73 255 210 134
    210 250 255 17 255 55 23 143 255 68 248 213 255 255 255 255 90 85
    150 193 41 241 255 255 161 255 102 40 255 238 114 255 136 255 255 98
    255 255 230 97 132 255 201 136 67 72 255 255 104 255 120 255 255 255
    8 132 255 255 255 163 255 255 255 72 74 154 255 231 39 255 254 106
    255 237 255 255 255 203 255 255 255 255 136 255 255 255 255 255 97
    224 186 255 191 0 149 0 27 255 255 255 111 213 171 147 255 191 199
    255 102 255 255 255 255 28 146 237 240 83 86 255 255 166 255 80 128
    255 119 255 138 114 27 255 255 174 169 116 233 213 255 255 255 127
    255 255 214 61 173 19 111 209 255 255 193 248 255 221 255 69 252 255
    255 24 255 202 255 255 55 255 155 255 138 255 52 177 182 71 230 64
    50 255 15 92 193 255 130 232 255 143 255 255 255 255 255 255 175 255
    255 77 127 147 24 83 255 73 216 255 240 127 38 255 255 82 51 140 255
    255 255 99 255 255 255 193 93 74 255 95 21 49 241 113 165 32 255 244
    255 8 255 255 143 209 237 255 255 255 255 255 255 118 255 119 255
    201 25 255 255 161 229 255 255 254 255 255 255 255 227 195 255 255
    95 177 255 67 81 255 172 255 11 90 255 255 27 175 255 223 61 74 255
    33 127 255 128 210 235 255 255 32 203 212 255 255 255 199 217 255 71
    215 19 255 150 255 255 255 255 13 255 138 255 136 140 255 43 255 97
    255 255 255 195 255 0 124 255 29 211 127 158 255 255 255 65 222 55
    255 255 255 37 255 74 255 255 255 255 255 255 185 34 128 255 210 246
    209 93 255 255 220 82 0 197 65 104 255 255 255 66 23 246 255 0 255
    254 120 255 171 174 255 93 255 244 40 255 255 70 6 255 255 166 255
    255 107 14 4 44 255 255 92 195 59 103 71 203 94 30 78 255 255 72 212
    255 214 255 255 74 241 255 255 255 122 66 206 183 255 116 163 255
    255 189 255 13 203 80 255 73 193 36 255 114 255 51 61 90 255 255 86
    248 136 255 171 255 255 217 255 76 255 255 195 83 255 107 255 208
    255 255 30 255 156 255 179 255 255 255 59 255 255 255 255 19 255 116
    187 255 49 59 199 129 71 234 255 254 255 255 255 93 184 29 255 255
    255 255 255 255 255 248 254 255 190 255 255 154 92 37 255 255 255 25
    109 255 255 97 187 197 151 55 6 139 33 255 255 255 47 255 77 220 255
    30 255 255 146 218 145 158 222 255 255 255 67 112 155 255 255 11 223
    87 255 255 120 40 255 181 255 139 120 8 32 116 23 255 255 146 255 28
    216 255 35 255 84 205 85 109 255 45 204 255 250 208 106 255 137 159
    255 178 255 255 103 85 255 255 163 169 255 255 255 250 132 255 255
    255 32 88 230 255 248 255 17 255 102 226 255 255 255 255 238 123 255
    255 243 225 255 255 255 12 255 255 255 70 255 255 38 145 255 171 73
    75 255 255 255 255 255 255 255 255 67 255 25 33 255 107 120 11 84
    255 255 255 169 255 195 59 25 92 255 255 31 255 72 255 255 8 255 255
    255 255 255 138 90 228 255 11 75 208 255 126 255 8 255 255 255 255
    119 164 255 255 143 255 255 255 255 255 255 0 95 255 255 255 46 4
    163 71 8 172 50 228 255 255 209 68 255 255 2 255 114 254 255 122 255
    115 255 102 241 191 121 153 255 255 128 148 110 255 255 38 255 255
    255 168 91 255 2 47 255 255 156 193 255 91 171 210 106 28 255 255 40
    80 255 255 255 255 32 255 254 159 255 22 148 255 255 199 255 140 0
    179 175 255 255 207 169 187 163 152 255 185 255 99 255 255 122 112
    255 155 255 246 116 100 255 255 81 163 164 255 255 255 67 255 120
    255 255 185 255 191 255 181 104 170 0 255 52 236 255 183 199 0 255 4
    231 255 154 255 255 254 255 255 255 255 109 255 218 109 177 15 185
    255 68 136 255 6 50 255 255 115 255 248 255 255 47 255 75 150 255
    246 89 255 255 255 255 22 233 255 255 150 255 255 255 255 45 212 65
    197 63 21 122 255 44 177 255 160 255 255 255 255 255 255 255 255 200
    95 255 255 255 220 220 255 255 255 102 255 65 173 135 29 255 255 255
    255 255 255 132 212 84 255 233 255 255 255 255 177 255 255 148 255
    158 120 4 136 228 255 193 255 255 255 255 138 136 255 51 191 255 184
    255 43 97 255 255 255 255 255 224 255 26 255 255 41 19 255 45 255
    153 197 255 255 255 93 255 255 45 220 255 255 255 255 104 255 255
    255 178 255 72 255 255 224 52 181 114 255 4 255 255 255 104 212 255
    182 255 255 203 147 195 100 255 255 255 36 16 255 126 255 23 88 255
    255 29 248 255 178 134 255 134 255 255 255 236 182 34 255 255 255
    255 255 181 255 255 255 201 255 255 232 70 255 255 30 227 71 255 31
    18 255 255 39 76 255 255 165 255 255 255 255 255 255 27 255 19 255
    255 255 255 12 255 255 255 255 241 240 255 255 39 255 189 255 100 6
    255 255 111 255 255 255 195 89 255 255 83 255 238 78 183 255 255 255
    255 47 255 255 255 255 255 255 255 110 255 255 255 255 105 185 255
    255 77 195 255 108 140 38 238 255 255 14 23 88 255 135 250 22 81 199
    185 97 255 255 255 255 32 47 255 18 32 29 75 131 255 154 255 255 255
    255 29 255 17 73 16 169 255 255 0 255 255 255 255 221 255 255 255
    255 202 61 255 255 255 47 255 49 255 255 161 42 141 228 112 69 255
    255 73 255 203 255 134 255 19 255 171 255 232 11 187 69 252 185 207
    255 130 255 255 145 255 178 255 255 255 158 75 220 97 126 231 255
    175 57 255 255 255 255 71 255 0 85 21 255 255 144 220 255 110 23 67
    227 255 51 95 255 219 167 255 255 255 255 77 255 149 242 61 255 255
    138 59 41 255 155 134 255 255 53 104 31 53 131 189 79 255 255 255 91
    61 14 255 255 255 255 255 255 218 204 255 87 255 2 255 221 255 169
    255 79 55 246 98 178 50 255 210 113 255 255 53 209 255 53 255 255
    255 140 255 126 110 191 255 255 255 229 211 255 255 255 28 255 95
    129 255 255 255 255 238 231 202 148 184 101 255 138 255 211 172 255
    159 255 19 255 255 255 255 255 76 255 255 191 63 78 241 255 81 255
    255 255 149 234 106 23 255 91 255 14 255 237 255 212 255 255 218 255
    255 255 216 8 255 255 75 255 214 255 255 255 33 176 50 255 125 255
    112 255 255 118 199 27 255 246 255 255 255 130 207 172 255 255 255
    195 91 255 195 161 255 255 255 207 255 255 255 13 138 255 255 2 255
    255 255 255 233 199 76 74 222 255 132 110 255 29 255 255 255 255 255
    255 183 64 255 255 186 255 255 197 61 120 255 255 255 66 255 244 59
    255 148 255 255 255 174 255 0 83 76 81 255 46 199 255 67 255 140 255
    255 255 38 255 255 255 255 255 57 255 255 248 213 255 255 255 193
    255 255 0 6 65 40 50 255 255 120 112 255 111 43 255 36 71 255 6 93
    255 200 96 255 124 255 229 255 224 255 255 211 255 25 215 255 168
    255 255 244 255 255 235 255 119 67 128 161 250 67 255 255 138 106
    255 215 255 50 255 255 255 255 70 255 255 106 255 255 97 76 199 255
    97 171 203 255 18 125 255 255 133 255 222 255 151 114 63 193 191 255
    255 146 255 255 255 131 255 232 255 255 207 6 255 24 255 255 255 239
    255 255 255 94 255 255 11 255 255 168 83 255 255 63 254 252 246 136
    255 75 255 255 255 255 134 255 27 255 228 255 57 167 224 255 45 255
    208 255 89 255 255 255 255 167 255 255 65 255 90 102 176 255 181 226
    255 16 210 36 255 44 255 255 146 255 171 0 255 255 182 248 156 255
    189 209 255 124 98 252 15 255 255 255 255 255 255 217 93 255 255 255
    255 236 178 255 255 157 172 232 222 4 181 27 255 75 51 255 228 127
    126 255 57 255 71 255 255 95 255 25 128 255 255 255 93 160 255 72 21
    255 255 210 255 255 242 0 255 197 255 255 8 255 255 255 255 255 255
    195 255 255 255 255 229 30 255 31 254 184 218 91 0 255 98 36 255 255
    135 61 255 255 255 255 255 255 24 6 231 215 248 227 59 13 99 255 255
    255 30 17 255 255 255 255 203 255 255 110 255 255 255 255 255 255 87
    255 255 226 195 255 74 92 59 255 221 250 255 208 255 255 176 255 255
    206 28 255 255 255 255 202 240 32 255 106 255 255 0 244 187 142 255
    255 255 104 197 255 252 255 255 255 255 191 255 255 43 34 255 222
    255 82</data></your_img>
</opencv_storage>
