<?xml version="1.0"?>
<opencv_storage>
<L2_diff>1.0546026171027645e+04</L2_diff>
<test_img type_id="opencv-matrix">
  <rows>100</rows>
  <cols>100</cols>
  <dt>"3u"</dt>
  <data>
    188 58 140 236 200 109 34 18 188 12 103 175 47 11 205 7 100 223 253
    139 56 247 122 134 59 234 240 108 22 99 235 186 52 189 145 112 67
    208 234 102 83 26 92 105 153 21 1 2 232 82 55 110 7 129 66 220 215
    161 24 70 249 109 12 53 177 206 67 109 8 179 148 6 129 212 247 251
    157 222 252 248 118 226 240 88 211 24 121 157 81 242 128 213 239 23
    98 231 105 36 241 51 242 88 183 214 42 135 123 208 254 77 165 173
    235 143 75 193 152 162 211 128 188 49 254 222 199 144 90 221 199 19
    189 236 243 69 168 218 197 125 254 33 119 64 24 94 69 126 32 84 132
    104 83 32 6 112 189 110 132 128 139 22 36 1 5 192 245 176 91 173 49
    13 131 217 249 54 99 140 232 64 86 108 12 33 179 215 124 80 201 221
    99 9 172 67 47 151 200 58 115 127 125 220 14 84 126 35 51 222 178 82
    62 146 226 159 176 113 219 58 41 149 228 62 131 215 198 128 51 23 86
    27 134 36 195 246 120 106 59 2 143 181 80 115 55 129 184 239 129 14
    137 59 93 140 43 198 114 246 153 113 208 247 138 208 181 101 156 205
    4 59 54 173 184 69 79 234 183 77 78 223 216 157 92 76 99 216 91 189
    29 94 174 92 158 192 247 5 29 126 236 219 2 161 238 50 136 158 87
    170 184 145 150 126 58 232 178 237 117 181 210 73 135 129 178 68 122
    171 223 166 192 208 176 169 56 103 180 2 148 254 75 42 56 157 118 19
    224 227 58 187 198 64 108 61 106 130 144 185 75 42 186 37 159 152 7
    60 152 35 8 4 226 100 179 138 223 56 140 146 63 151 217 128 194 101
    154 252 126 177 18 11 57 199 84 92 15 173 30 174 42 141 89 34 52 150
    69 15 29 60 233 249 172 193 77 231 8 232 154 86 142 193 12 4 245 251
    70 157 200 242 109 245 53 137 234 50 70 35 67 186 18 67 221 236 116
    189 161 119 152 65 210 29 143 166 254 81 105 224 119 80 216 93 209
    193 119 64 168 47 17 90 188 206 245 226 149 186 39 68 100 59 118 37
    206 90 73 239 43 6 1 196 69 46 12 34 193 3 107 3 137 3 37 138 165
    162 215 79 108 57 227 230 188 172 21 243 54 190 206 98 211 127 165
    218 157 86 163 199 71 144 137 51 29 194 59 65 178 210 131 183 241 27
    177 174 246 110 253 90 217 75 192 215 138 236 122 5 169 80 116 119
    31 242 163 60 48 180 128 214 60 112 83 57 143 97 111 16 7 35 220 120
    141 11 206 80 95 41 106 187 222 247 225 228 97 200 13 25 18 235 217
    116 232 178 36 56 159 191 6 155 71 109 240 16 11 166 116 230 3 217
    230 177 213 179 39 104 48 20 7 178 39 154 229 141 178 10 209 185 176
    208 180 180 145 187 68 139 61 79 35 85 226 192 21 26 56 56 158 40
    125 98 255 244 254 132 54 209 246 124 165 249 205 161 52 155 95 186
    41 198 116 111 150 92 3 180 175 88 238 217 255 247 59 185 215 40 85
    80 17 179 167 26 68 245 225 187 181 239 65 14 247 198 2 26 156 178
    169 99 150 111 80 178 52 112 218 56 233 144 162 91 141 116 220 10 89
    65 62 77 215 57 35 111 232 214 142 197 194 193 141 3 90 226 200 83
    123 218 249 220 238 115 196 126 237 83 92 218 244 161 80 246 8 50
    147 220 87 38 236 136 109 90 91 57 125 91 35 239 39 157 36 215 94
    175 178 236 40 241 142 97 255 152 55 21 129 56 178 97 37 53 34 177
    214 57 187 112 202 3 29 6 156 141 160 129 69 123 90 38 138 33 227 40
    234 211 254 132 88 237 35 188 228 24 208 103 118 136 78 62 25 67 140
    23 155 203 255 32 175 154 181 143 203 176 250 144 17 236 121 81 183
    140 211 113 93 141 185 121 12 156 46 211 43 161 40 195 5 94 72 116
    212 73 170 63 41 196 34 83 169 63 11 237 89 27 68 79 159 19 1 72 34
    220 159 99 117 158 144 24 181 247 83 154 171 218 111 229 3 58 171 69
    62 152 89 253 182 12 49 86 168 103 76 188 75 224 254 124 255 103 191
    3 84 137 168 67 149 51 255 0 130 168 49 6 61 84 16 219 61 133 59 184
    193 218 74 237 137 117 171 183 126 215 248 5 10 185 43 65 179 163
    132 179 56 28 188 62 221 179 31 18 137 65 4 144 104 189 204 47 80
    102 126 243 125 28 139 64 78 49 85 88 218 213 45 86 107 15 204 61
    248 184 213 26 192 29 214 179 170 25 36 64 186 178 143 38 212 180
    156 198 237 71 195 236 179 230 92 208 83 9 125 36 53 13 248 68 254
    44 57 90 113 92 5 8 250 9 66 242 189 63 189 172 5 138 121 161 88 110
    220 197 134 16 134 253 236 255 120 96 77 233 158 32 9 255 237 25 23
    119 197 167 144 134 146 154 126 199 227 243 35 189 241 90 9 249 179
    105 65 233 189 19 250 196 30 252 26 61 11 124 242 172 243 94 103 241
    61 105 68 213 50 157 121 177 63 142 167 228 85 173 40 112 209 147 68
    250 123 198 9 145 179 184 24 101 202 209 22 235 3 75 196 180 234 103
    98 58 13 120 232 71 251 128 82 17 34 29 154 192 72 128 115 75 121
    215 155 169 157 200 91 108 215 132 70 213 64 20 29 252 13 170 136
    226 209 67 199 24 45 245 29 11 21 39 22 11 2 108 237 0 174 50 73 105
    55 128 45 117 253 65 254 103 159 130 87 42 241 166 231 16 223 250
    249 244 251 162 13 19 33 66 227 53 232 69 12 78 230 242 220 243 235
    165 217 218 52 201 249 32 255 0 150 154 27 204 249 114 189 1 61 16
    17 158 15 47 165 222 170 78 159 73 4 247 97 95 13 193 186 141 208 22
    165 56 239 86 229 180 250 198 82 229 103 106 31 207 223 245 25 19
    167 143 211 27 126 18 112 27 234 73 133 33 64 190 251 213 223 154
    169 168 192 37 230 33 134 202 100 65 143 20 27 80 226 239 156 112
    102 214 49 93 143 188 41 234 154 5 29 147 139 47 69 108 234 38 244
    229 28 216 41 19 215 186 22 28 120 185 162 56 38 160 217 35 29 157
    180 255 179 13 183 186 145 10 118 212 56 13 113 185 171 33 86 69 13
    225 74 169 37 109 100 207 98 7 103 72 131 211 27 54 163 168 84 27 13
    250 26 107 72 147 116 217 31 64 23 250 180 68 52 101 160 189 108 101
    211 249 23 16 241 207 211 43 143 136 154 83 28 174 137 84 194 8 172
    213 213 172 211 73 206 175 185 109 34 223 134 51 201 234 83 111 35
    81 129 126 137 144 255 62 184 57 68 15 121 150 91 172 86 139 89 117
    89 26 175 119 229 63 186 137 221 81 102 109 166 49 153 154 75 88 31
    186 137 35 190 92 155 209 94 82 39 74 215 249 199 58 143 91 63 173
    146 40 19 142 4 82 94 9 36 125 40 112 178 128 235 190 137 219 136 16
    216 248 24 10 49 237 101 154 8 232 142 83 232 32 1 247 86 34 228 63
    19 218 224 106 222 176 191 113 157 12 41 145 167 18 108 44 1 5 76
    115 228 70 58 69 17 34 155 255 118 128 140 23 173 57 18 38 229 24
    109 105 8 157 41 108 16 5 142 28 214 122 84 49 67 53 40 63 125 11
    126 55 207 96 95 18 180 173 234 42 101 87 116 159 147 113 208 187
    185 120 221 231 53 177 253 87 58 97 83 96 105 199 116 116 19 5 237
    221 182 130 211 108 54 13 206 93 228 62 250 82 180 119 43 185 164 65
    192 48 180 241 208 251 203 94 52 174 235 248 217 254 75 120 137 210
    78 247 122 156 221 32 204 226 2 158 207 146 228 217 162 180 222 41
    25 22 183 249 248 164 115 95 194 139 127 62 200 37 85 117 197 218
    194 203 164 68 121 112 31 82 59 212 16 134 197 229 226 112 77 168 52
    13 28 28 143 81 52 53 40 159 8 5 8 139 82 166 144 31 215 102 248 16
    85 27 254 110 164 199 222 188 91 222 229 244 217 117 131 13 51 216
    151 131 189 221 49 134 26 111 209 175 3 238 172 229 78 225 7 254 8
    92 90 217 203 56 109 203 105 19 245 163 179 138 47 114 138 167 137 1
    162 61 219 164 26 202 193 85 116 40 253 214 47 104 61 244 127 185
    187 69 126 82 42 237 204 18 47 66 13 89 75 240 232 126 194 72 214 42
    201 242 80 221 164 104 14 148 37 186 0 210 164 50 177 178 40 26 130
    163 92 101 82 144 53 15 157 48 96 165 2 69 241 197 210 153 248 148 2
    246 210 255 231 25 84 158 59 14 58 213 89 12 211 9 11 240 176 16 34
    132 249 215 222 217 101 114 162 142 76 90 182 54 243 154 15 11 3 58
    99 54 88 72 198 184 24 115 30 40 77 157 200 157 133 90 133 51 254 97
    243 76 93 255 222 127 58 197 248 117 255 210 66 5 227 15 92 115 192
    113 180 241 44 113 39 167 212 22 133 44 75 121 74 213 5 178 113 206
    138 216 88 126 178 21 93 13 121 9 90 198 210 165 234 42 70 6 81 106
    185 65 111 1 96 237 98 224 90 136 173 113 160 134 63 39 24 52 232 85
    174 81 118 89 164 178 85 61 67 44 139 182 126 216 132 251 171 52 239
    58 104 40 178 96 193 30 84 151 239 94 113 88 96 24 180 195 213 205
    217 159 247 85 77 54 126 116 15 18 62 164 81 158 16 214 121 78 19
    215 0 246 117 53 251 144 77 15 213 61 181 161 199 183 63 6 214 192
    87 129 126 144 185 199 93 104 143 172 139 66 134 187 149 1 133 238
    223 45 82 50 65 240 31 248 171 151 243 83 71 110 220 102 33 136 35
    128 41 23 230 154 203 232 74 239 234 217 29 217 171 210 17 63 33 9
    202 173 41 0 180 95 102 157 181 195 118 170 222 201 127 176 112 255
    253 178 170 201 107 63 218 255 154 39 241 107 37 225 188 96 235 114
    57 123 50 76 83 85 23 122 132 51 57 124 202 228 8 253 238 57 255 200
    4 146 80 84 217 68 130 5 97 137 224 18 173 112 28 94 103 127 144 17
    150 169 133 14 163 246 191 94 42 192 18 152 119 44 67 135 65 147 146
    15 122 116 213 2 132 148 129 145 158 85 186 58 58 1 95 9 201 135 104
    209 11 100 37 198 181 70 236 68 217 10 67 143 201 76 13 172 72 38
    154 5 9 211 98 167 138 113 30 110 232 251 95 86 38 81 11 167 142 60
    239 2 146 154 177 186 96 252 124 118 108 67 37 199 78 209 1 219 147
    191 82 21 175 81 222 54 10 79 4 213 117 233 102 85 156 72 169 188
    159 1 230 38 51 66 176 156 55 194 193 32 70 103 39 225 60 235 119 98
    49 80 193 22 104 162 27 57 32 120 139 184 121 250 39 236 208 97 40
    62 249 117 152 130 120 105 33 140 4 143 67 24 196 50 209 172 55 60
    145 28 171 18 20 9 207 160 201 121 159 6 207 222 186 58 224 226 211
    242 77 15 23 123 225 195 61 1 233 122 229 146 138 12 10 116 195 137
    166 191 33 66 75 35 224 33 123 115 253 151 66 153 173 167 159 172
    173 233 69 236 68 112 17 5 165 233 242 86 117 21 93 178 84 239 10
    235 250 43 157 91 61 48 152 66 28 107 115 196 10 239 101 11 143 168
    98 31 167 116 72 111 60 124 121 249 59 205 119 216 17 75 124 100 182
    41 251 192 75 77 44 160 206 30 55 204 203 113 21 11 88 233 212 40 62
    170 245 165 170 254 72 153 57 197 26 52 51 106 252 184 204 180 1 148
    136 72 146 66 36 186 193 84 109 99 247 41 12 178 32 177 231 164 199
    41 20 78 46 223 211 136 112 95 158 15 168 43 87 92 9 247 198 222 209
    112 16 130 161 35 188 131 242 200 223 33 60 80 192 64 48 132 39 230
    250 15 68 140 150 146 139 202 90 102 18 206 58 42 220 78 172 237 8
    149 81 156 15 176 67 251 131 106 1 113 138 155 35 8 165 203 21 123 9
    70 26 58 157 206 174 217 236 159 181 67 156 193 27 176 233 154 1 164
    159 166 21 137 32 41 115 98 7 230 53 5 139 161 64 207 140 145 65 133
    12 193 70 202 40 178 151 230 62 14 209 7 142 149 138 151 209 54 198
    232 198 189 83 71 172 163 28 145 196 177 232 234 102 106 201 85 87
    48 233 32 59 229 102 247 64 210 25 38 154 230 249 38 203 2 201 62
    231 90 175 173 124 40 188 252 64 106 242 97 205 193 99 173 125 240
    69 2 66 78 162 17 165 229 12 169 5 97 4 4 61 19 218 53 1 148 221 71
    45 195 91 23 120 121 211 75 98 212 106 249 224 213 243 139 71 58 57
    87 30 154 245 48 117 168 40 54 65 224 0 211 176 177 69 241 247 24 93
    103 71 192 10 97 220 191 123 112 13 4 70 245 87 235 147 172 113 101
    11 18 146 176 213 50 195 221 14 149 236 171 159 62 96 74 88 177 210
    55 144 156 151 213 223 187 9 55 83 86 9 253 238 134 139 90 29 2 147
    56 55 226 127 4 67 135 223 203 249 49 228 157 164 68 55 180 15 67 44
    199 103 149 28 157 239 220 97 126 227 165 110 71 224 92 228 201 81
    33 59 83 113 215 231 140 113 1 228 246 176 61 233 44 230 123 177 145
    133 219 255 204 67 5 230 94 141 188 76 163 237 56 163 104 250 165 17
    110 144 49 222 141 87 249 4 149 250 194 153 236 48 3 112 112 34 58
    219 227 123 197 113 89 57 19 10 28 36 40 151 71 91 49 122 28 86 71
    173 240 66 120 34 99 112 173 123 165 182 6 153 217 149 110 213 68 42
    16 199 155 236 173 28 254 33 121 132 8 37 50 142 77 176 181 79 60
    115 29 229 175 115 116 218 134 242 2 240 119 65 3 215 44 220 120 245
    31 2 50 243 54 239 112 82 143 227 9 255 2 2 134 161 160 148 209 135
    170 126 171 138 190 89 57 28 251 115 44 244 198 36 186 136 126 135
    255 28 65 51 249 223 230 220 171 207 156 113 238 152 186 173 5 14 44
    147 122 67 215 188 32 239 61 249 166 2 228 63 206 2 122 20 114 122
    128 122 30 35 72 30 205 196 146 63 127 88 167 97 83 126 169 148 239
    83 152 55 240 181 98 212 174 64 48 244 129 7 172 123 11 99 41 25 226
    101 141 124 178 179 240 166 162 172 122 188 58 232 77 219 156 2 229
    190 20 52 2 158 133 227 66 240 81 148 141 175 252 103 206 124 73 35
    135 19 171 119 234 229 172 141 116 213 75 30 159 197 112 243 96 44
    86 230 32 98 56 42 143 184 98 121 219 149 92 7 154 60 44 150 210 111
    51 26 229 157 142 112 17 11 101 89 68 9 143 47 212 173 151 170 219
    29 112 167 70 9 63 12 7 129 164 149 130 216 235 10 115 37 11 107 128
    29 207 39 111 244 204 80 73 249 115 64 88 134 64 189 104 150 161 230
    77 118 151 250 180 10 67 241 219 205 14 79 195 106 9 139 69 127 78
    141 58 52 23 145 139 128 103 55 222 45 168 7 27 161 170 229 214 141
    9 202 69 118 153 172 157 149 161 205 63 246 45 22 184 110 238 12 162
    127 235 74 68 209 246 100 61 41 244 12 233 77 103 141 38 227 16 106
    22 168 249 235 25 178 5 216 138 232 19 149 230 116 37 65 213 181 213
    44 253 227 65 188 248 224 122 52 153 35 99 229 117 151 46 122 50 0
    160 70 106 187 28 149 7 205 43 3 151 120 81 221 134 82 13 31 186 196
    6 83 129 53 58 148 103 23 57 192 134 214 93 176 82 26 1 131 89 80
    109 32 238 15 72 7 149 150 253 193 205 29 222 18 87 35 196 75 59 223
    8 220 30 78 170 103 188 186 157 7 10 166 42 196 13 10 185 187 190 78
    138 179 82 74 166 166 251 13 133 57 51 248 249 237 136 142 19 171 86
    62 31 249 111 255 98 29 203 218 138 196 29 59 125 252 75 180 122 173
    178 225 208 53 237 121 120 132 32 24 94 145 67 212 86 129 98 89 238
    82 221 135 106 214 246 52 130 106 101 126 7 172 128 129 79 248 215
    105 129 247 123 200 175 251 240 12 173 61 57 237 227 247 53 57 122
    168 223 233 82 53 100 126 239 94 129 34 141 129 37 192 169 117 185
    157 171 220 169 72 83 119 0 22 238 77 13 22 133 251 143 212 126 155
    1 207 63 234 83 215 147 83 27 83 160 184 94 154 23 35 16 105 201 63
    142 216 118 222 145 72 48 191 195 31 92 79 196 195 68 44 205 86 149
    172 180 62 199 157 163 118 175 172 47 193 216 76 193 117 50 141 194
    62 134 68 178 81 45 130 76 11 158 105 160 247 122 36 243 205 91 81
    193 44 104 232 30 119 196 167 19 184 125 201 100 103 117 212 30 100
    145 200 107 218 205 144 139 107 85 110 180 58 141 3 236 248 129 254
    55 175 220 25 189 10 183 183 112 179 228 203 229 33 10 195 240 235
    147 126 41 35 55 115 138 222 149 172 152 0 154 150 44 185 2 125 117
    186 149 179 253 30 249 158 214 144 31 243 48 29 17 67 3 123 135 215
    141 38 163 62 102 165 251 111 183 119 162 113 161 244 68 111 53 88
    28 157 18 75 41 146 233 64 109 47 137 213 113 89 120 231 186 246 42
    223 20 120 83 29 182 77 7 50 83 138 144 83 173 246 19 204 168 64 200
    78 101 93 17 244 87 53 12 96 146 251 48 206 138 229 68 181 236 214
    93 174 171 73 163 77 112 22 9 160 246 152 225 20 127 137 177 158 189
    51 156 205 170 100 130 221 191 231 61 81 196 20 216 3 212 177 124 1
    16 54 138 110 40 119 175 147 182 98 248 29 220 201 224 99 241 1 12
    191 236 196 97 110 247 228 79 238 46 130 125 64 119 71 169 142 153
    93 18 38 15 35 232 97 130 99 60 230 11 73 198 36 195 157 246 158 103
    196 74 115 11 198 94 34 179 247 203 210 119 56 35 155 90 3 233 167
    231 119 252 68 147 82 231 64 184 187 10 251 55 167 59 166 195 91 248
    241 153 241 95 157 154 29 121 215 143 159 175 82 110 55 180 194 20
    80 186 208 39 168 249 5 180 210 200 187 174 44 107 63 252 19 98 49
    10 195 18 36 254 185 129 137 112 153 123 130 173 6 18 173 76 53 100
    118 212 201 14 198 96 66 21 233 60 105 192 99 79 82 149 54 250 220
    213 10 94 123 67 231 144 8 252 151 54 168 218 226 58 62 67 180 203
    218 242 103 128 211 219 40 240 195 173 12 44 138 62 145 51 227 255
    136 109 37 65 45 85 109 177 72 30 117 3 224 223 14 77 63 175 162 222
    207 178 90 15 6 195 134 13 184 154 12 130 131 25 185 84 106 17 114
    145 47 247 110 22 12 89 136 179 234 43 120 93 106 191 91 76 107 7 85
    156 187 116 145 194 229 244 112 83 25 54 38 202 76 222 122 133 252
    36 127 211 18 250 184 41 165 68 116 241 93 4 39 74 40 142 61 17 21
    46 33 126 90 210 0 130 30 101 214 211 114 137 237 159 32 154 232 43
    187 27 166 51 216 154 207 102 41 73 59 218 120 73 101 144 148 190
    133 247 190 141 94 54 184 221 74 146 206 224 171 175 219 49 53 197
    152 164 154 93 159 146 85 246 238 51 241 46 178 245 242 98 200 184
    212 230 230 109 240 224 164 119 85 127 16 181 23 50 211 149 92 170
    220 209 14 237 109 38 20 104 235 180 89 206 161 60 58 83 118 160 113
    113 224 236 60 125 12 11 30 45 99 26 216 50 107 151 194 32 152 59
    203 164 47 187 40 18 86 44 89 174 190 241 102 150 196 121 85 230 93
    133 130 118 189 2 235 227 140 251 171 0 34 17 119 237 153 151 75 122
    190 59 129 111 51 82 128 143 207 188 122 73 208 68 232 223 170 56 32
    72 22 104 34 194 150 165 243 22 68 224 184 234 232 197 240 208 159
    170 165 157 5 35 50 9 63 211 154 206 72 118 41 255 124 155 109 164
    89 95 92 42 177 9 213 174 103 205 180 58 122 134 97 52 245 30 196 67
    28 103 184 166 144 160 174 148 100 225 5 252 242 117 46 6 192 74 95
    160 150 181 223 136 196 31 100 119 147 165 40 152 88 223 145 68 181
    206 70 225 220 92 189 167 107 20 231 156 162 39 234 206 173 231 125
    235 211 5 188 71 197 26 226 62 93 35 58 153 137 244 207 128 50 203
    253 237 219 159 181 95 238 185 151 95 226 242 53 23 69 138 89 215 62
    24 117 255 183 252 8 27 72 84 214 248 77 137 230 50 171 98 90 119 30
    235 32 191 44 230 84 146 136 56 127 138 204 71 51 211 159 59 70 230
    23 202 187 168 7 216 114 25 139 216 95 253 208 196 94 1 131 182 179
    152 162 239 42 74 112 234 74 253 199 109 18 87 80 137 196 72 178 182
    230 119 126 98 8 148 18 196 177 199 115 101 191 203 112 23 168 26
    149 23 197 21 53 251 85 81 215 161 168 172 97 230 244 95 222 159 245
    197 62 26 26 125 83 247 99 64 125 5 74 235 253 86 55 129 113 52 58
    215 75 90 170 199 82 53 189 94 216 66 207 47 79 229 248 19 88 33 52
    45 143 101 244 116 52 246 216 198 206 113 229 19 225 134 126 212 51
    123 196 119 0 185 237 48 10 57 248 210 10 129 169 36 90 156 144 57
    108 50 208 249 138 20 8 134 30 183 119 12 234 196 216 106 210 62 75
    50 165 29 134 93 71 80 20 217 173 172 0 58 130 19 226 111 247 12 157
    193 119 189 109 49 195 128 151 2 75 253 161 120 244 78 64 91 113 61
    18 178 7 254 196 241 44 100 85 152 210 160 89 42 50 239 23 232 48
    254 206 200 70 37 67 211 155 197 253 246 107 4 87 95 158 140 243 13
    193 127 58 194 24 5 183 171 60 62 95 185 192 115 17 42 242 239 115
    148 40 72 171 71 249 91 101 27 130 143 77 100 184 218 21 69 26 172
    251 154 1 14 199 46 168 29 186 206 54 139 113 70 158 206 6 4 59 156
    92 247 178 130 117 24 202 231 206 239 226 16 38 52 17 224 45 194 144
    29 50 34 26 93 32 58 56 181 211 3 213 122 127 22 117 53 156 195 163
    102 98 162 69 206 85 77 42 70 145 108 128 65 35 171 185 172 124 217
    144 209 37 21 198 128 219 88 61 121 155 240 134 248 34 202 7 184 197
    77 215 210 160 85 108 45 37 0 45 138 161 130 247 217 245 43 204 222
    90 53 162 165 138 216 42 92 19 250 253 197 183 113 174 63 130 70 210
    246 206 201 57 125 150 93 87 102 7 167 243 153 7 53 19 131 154 239
    68 246 210 249 90 237 142 186 167 77 199 26 207 68 210 183 184 113
    187 15 181 207 213 8 116 151 121 140 200 23 111 48 205 216 249 252
    31 92 4 162 151 67 189 172 229 95 205 119 212 108 248 50 18 219 34
    172 252 204 239 190 61 217 147 106 216 129 173 123 199 22 33 34 215
    165 1 252 207 32 52 180 164 83 10 194 188 206 218 182 251 211 236
    126 171 151 80 143 108 232 246 57 109 103 20 29 155 188 211 74 133
    70 141 124 246 213 20 251 224 48 224 77 74 227 66 184 138 246 60 251
    82 107 93 114 61 43 246 100 150 24 64 79 99 113 212 160 30 110 92
    140 132 135 137 255 225 162 95 236 198 224 228 60 130 134 206 233
    182 84 32 69 177 167 137 63 174 111 209 182 180 188 205 107 125 35
    151 71 7 186 237 122 139 29 95 145 180 164 141 218 76 46 126 197 239
    135 120 91 165 223 154 234 46 245 215 72 84 125 18 38 33 160 127 33
    251 90 243 46 76 141 241 157 40 73 79 40 254 111 100 150 230 99 212
    125 96 98 94 4 122 224 95 91 252 118 208 23 64 155 199 76 72 169 173
    124 9 214 107 186 80 242 25 217 33 7 47 90 104 238 61 65 111 107 169
    66 198 69 191 86 75 237 210 151 39 12 149 225 11 124 88 204 39 88
    226 60 134 215 175 40 228 149 59 172 181 114 219 175 146 216 125 245
    221 13 33 168 97 180 24 201 102 53 161 103 155 65 14 27 141 85 144
    67 10 97 168 52 237 53 21 255 18 234 17 59 217 207 1 62 127 4 34 183
    191 101 115 174 9 35 114 52 207 213 99 48 104 245 97 216 122 128 63
    169 82 172 4 203 197 221 31 57 83 164 91 190 6 136 242 239 158 139
    37 44 118 235 5 147 47 34 35 117 70 166 186 169 208 154 104 252 204
    83 187 141 86 255 176 46 121 204 66 245 180 206 188 32 112 31 113
    119 192 141 226 197 0 243 189 173 161 246 72 203 168 237 83 122 22
    69 168 61 18 205 83 66 229 63 204 34 228 168 92 42 136 64 201 14 30
    94 93 50 239 230 195 90 249 93 157 219 196 55 200 31 98 205 149 25
    108 192 54 136 242 188 240 145 8 188 29 64 15 202 93 148 221 95 171
    144 219 205 6 44 145 146 14 183 203 74 160 125 82 222 167 166 181
    200 136 13 59 185 28 203 163 233 101 213 116 71 104 235 129 55 48 74
    255 92 95 16 77 83 98 183 230 119 225 87 211 73 155 163 225 169 194
    89 209 151 82 46 94 143 105 235 253 110 158 137 210 185 167 241 244
    6 139 253 79 243 128 171 32 132 111 239 10 236 162 164 118 103 74 30
    16 69 155 90 226 118 21 50 255 228 74 203 201 192 205 122 197 38 49
    76 154 109 122 213 37 81 243 33 87 240 0 11 6 39 80 89 141 122 94
    241 150 19 100 14 54 16 117 79 72 7 22 187 16 53 114 171 122 236 86
    33 155 129 31 243 110 119 211 219 169 236 70 61 99 227 12 157 75 12
    57 55 36 219 187 126 184 107 126 156 189 186 197 61 100 154 52 133
    94 140 69 166 183 198 77 128 146 19 40 231 252 86 123 68 24 233 160
    199 13 212 189 229 37 159 51 235 119 78 115 7 133 84 54 93 120 72
    195 82 255 242 146 48 62 199 184 222 199 36 161 111 109 139 119 90
    187 88 169 23 203 253 172 191 183 84 206 150 188 31 186 137 136 42
    12 221 36 170 242 19 31 22 125 52 121 223 105 249 62 178 59 25 117
    66 97 241 178 235 194 213 166 7 163 21 124 64 119 101 191 195 23 40
    136 40 6 88 77 32 67 178 215 204 107 204 44 80 51 10 198 49 17 95
    250 191 137 118 254 95 85 177 168 197 233 19 44 78 224 62 111 119 33
    35 151 116 200 121 109 17 37 98 166 45 27 131 117 48 189 12 52 238
    14 109 118 216 217 19 60 142 3 4 85 182 40 188 137 110 233 82 204 83
    10 37 147 212 105 0 203 83 111 205 16 103 28 91 172 237 29 47 205
    223 194 223 216 173 76 243 196 130 93 9 17 110 99 129 251 199 182 24
    245 60 183 130 216 80 253 103 39 145 18 170 105 230 75 184 21 180
    212 157 2 81 213 199 240 18 52 197 168 174 51 194 4 17 35 13 53 93
    65 223 68 92 97 84 104 128 182 95 13 114 52 252 215 250 42 40 93 50
    41 40 193 131 236 35 1 163 161 105 199 197 110 218 83 108 55 57 155
    185 76 143 197 12 103 81 210 125 103 143 109 28 81 85 24 7 12 213
    113 66 218 74 171 178 159 244 183 20 0 57 44 219 67 144 220 196 130
    167 109 57 70 59 244 141 54 213 96 156 141 245 45 224 98 165 24 37
    191 99 109 119 24 210 210 175 176 7 51 205 78 33 199 206 112 181 214
    158 164 129 161 43 119 208 212 138 221 108 134 120 170 208 227 12 72
    41 37 224 83 240 161 21 24 252 11 222 249 92 215 173 203 131 247 3
    65 84 43 159 169 48 30 177 118 164 239 227 179 40 193 8 121 103 94
    83 20 32 248 122 129 21 221 87 192 139 241 167 187 163 238 177 26 75
    132 82 50 58 39 186 48 51 92 131 236 167 185 150 81 171 166 33 215
    48 219 247 101 216 253 223 22 57 206 243 158 28 193 123 140 93 234
    138 152 131 202 44 251 91 234 57 116 239 237 218 183 150 154 22 95
    93 168 221 129 189 251 220 173 70 207 109 201 64 75 69 208 63 241
    226 54 253 123 160 24 173 31 180 214 228 180 189 134 251 228 172 212
    219 38 188 47 53 92 129 38 124 48 11 191 230 178 10 254 157 19 118
    159 91 191 46 198 78 137 218 171 153 226 2 84 66 71 11 8 79 231 180
    119 1 129 194 30 243 80 208 150 59 45 18 229 85 187 247 213 59 132
    44 121 135 243 225 116 53 217 186 29 208 207 174 168 7 237 53 242
    222 20 17 17 69 225 62 99 184 65 26 138 73 54 246 88 104 251 126 74
    169 149 11 249 56 169 40 10 95 39 80 245 148 46 150 86 141 113 47 58
    23 228 109 124 22 44 149 253 0 127 243 57 134 66 135 164 156 167 46
    35 122 165 147 105 59 141 230 67 202 129 133 31 183 88 246 190 238
    95 136 245 189 183 44 57 222 44 105 196 203 20 137 170 67 214 208 48
    121 77 224 242 146 55 214 178 234 15 79 220 225 234 63 118 229 83 86
    241 246 8 215 191 126 222 110 21 190 59 105 65 138 133 193 24 120
    185 151 154 65 65 48 179 91 242 6 70 248 197 38 230 69 181 2 56 15
    80 94 143 135 107 166 132 129 69 85 83 123 170 150 206 92 119 228
    194 191 89 14 63 183 243 66 222 4 206 11 18 184 124 165 175 167 238
    121 222 5 182 122 5 120 64 39 38 87 40 79 206 69 177 25 6 18 96 153
    108 30 29 125 168 255 53 215 154 36 165 109 59 149 50 40 211 198 135
    109 207 81 25 70 124 230 199 155 114 215 110 128 50 186 195 237 161
    201 127 185 209 158 38 39 181 192 61 184 147 161 113 254 230 153 194
    191 233 9 117 101 69 126 178 27 90 30 43 105 123 195 109 139 129 3
    35 142 93 225 172 115 162 225 159 119 242 148 138 103 169 232 145 46
    14 85 171 156 220 157 48 12 196 3 3 216 67 15 161 115 147 233 38 72
    230 160 38 49 192 202 76 138 228 194 81 46 185 107 200 201 17 109
    238 74 104 244 88 52 99 75 63 160 199 93 192 100 96 157 37 203 234
    146 167 151 114 248 240 86 176 173 155 188 126 208 222 36 118 98 60
    177 175 117 58 245 165 167 186 89 182 181 135 183 42 133 95 5 19 91
    137 77 85 197 120 252 88 215 34 196 255 243 30 86 8 118 132 39 159 3
    77 228 112 188 219 197 40 207 103 113 188 107 224 13 115 142 170 101
    117 225 129 113 223 115 164 223 255 176 46 79 52 55 229 149 159 26
    226 193 22 178 156 41 77 130 106 24 49 248 217 245 204 222 58 137 40
    160 17 131 250 187 138 158 246 140 188 201 48 75 40 102 225 27 23 87
    17 110 30 142 13 211 99 52 155 240 135 184 88 4 78 88 94 149 83 163
    62 161 202 219 224 175 232 78 218 54 93 46 176 102 5 216 227 218 49
    121 63 14 240 154 170 57 234 225 117 233 135 222 121 53 117 231 109
    165 211 150 115 120 131 235 47 142 70 169 253 103 176 79 122 42 132
    168 191 118 227 162 84 67 57 56 80 205 230 230 49 90 159 131 240 59
    18 78 227 29 151 217 159 242 7 127 136 60 68 153 116 28 186 128 66 6
    114 245 190 239 241 165 128 19 239 8 254 185 76 59 27 79 24 219 14
    139 176 206 236 164 147 245 86 233 13 175 120 53 21 226 225 80 202
    26 70 178 201 3 62 169 6 239 57 235 163 163 74 222 46 203 105 157
    176 18 150 119 164 65 12 103 181 250 47 63 139 45 76 116 142 168 17
    27 104 23 152 94 43 241 213 31 97 207 238 87 99 192 68 233 141 235
    183 72 12 23 46 105 14 184 46 129 232 75 113 94 215 237 36 108 90
    147 233 172 217 28 32 241 153 34 125 207 28 85 190 36 174 192 113
    229 77 76 104 18 109 196 6 75 247 107 230 140 160 222 74 191 14 174
    6 191 165 27 132 42 156 168 178 30 214 107 205 17 139 165 40 26 86
    161 19 52 218 105 176 189 201 89 249 16 50 27 223 159 221 40 255 183
    187 199 47 158 222 30 102 98 184 61 94 212 108 218 63 141 92 45 122
    100 141 46 237 254 99 149 102 28 245 2 89 106 134 69 116 193 37 25
    136 216 64 212 189 218 31 128 56 2 44 13 128 83 154 208 19 168 151
    109 80 17 226 124 171 170 124 122 102 184 13 32 99 191 185 54 72 253
    182 24 26 59 226 4 250 192 14 129 149 150 118 113 83 192 174 46 51
    150 167 145 95 112 115 11 207 138 150 83 201 35 155 55 181 169 107 2
    110 175 76 12 34 74 65 225 231 96 131 70 13 36 227 10 255 42 100 255
    254 7 218 93 7 208 197 250 251 73 232 159 7 174 161 99 249 32 103
    161 166 224 171 229 63 215 244 37 62 37 6 10 226 4 181 35 76 6 76
    147 15 215 187 118 97 82 8 75 74 25 49 215 197 62 171 150 135 123 30
    55 132 59 74 177 166 140 217 92 255 127 169 218 172 90 233 248 5 103
    140 187 194 166 237 194 125 253 97 52 84 187 164 39 59 179 88 237
    167 55 189 252 205 115 43 108 68 175 3 20 98 5 141 159 68 162 29 27
    77 193 92 238 252 191 158 114 37 212 154 36 216 195 87 202 55 60 209
    109 192 190 53 18 208 150 155 218 47 231 62 100 204 15 106 126 49 68
    170 216 57 169 170 9 3 63 61 15 203 87 223 186 240 9 105 253 174 213
    56 44 80 35 105 208 57 83 85 40 240 191 164 15 154 244 213 53 141
    149 4 73 242 247 234 57 181 202 108 220 127 225 88 33 98 228 173 8
    14 46 145 218 241 209 87 156 80 41 224 7 155 86 7 65 74 110 143 224
    192 34 134 80 132 40 176 107 252 130 30 123 27 227 73 96 22 91 191
    216 77 124 124 143 49 173 16 192 122 214 211 149 244 68 125 120 103
    94 229 15 68 181 167 202 180 131 204 80 78 102 188 204 57 74 120 230
    231 37 247 199 177 104 166 94 209 121 116 10 40 58 224 65 72 42 59
    99 209 6 67 41 19 250 233 13 206 67 137 33 69 108 197 177 34 49 21
    232 146 86 149 246 77 214 75 1 6 224 230 164 1 220 98 172 172 120 24
    179 222 174 29 111 226 187 22 152 134 1 234 83 174 143 48 137 83 95
    167 96 117 213 220 226 127 168 177 128 220 204 88 22 86 13 161 61 81
    86 72 94 143 249 230 153 123 120 38 163 242 34 155 163 193 157 86 10
    222 152 137 79 208 74 38 10 217 89 190 106 77 9 109 38 48 249 80 244
    149 112 154 211 170 244 39 247 147 78 53 206 54 210 80 89 32 203 179
    145 86 184 15 140 192 181 90 199 33 66 230 31 207 148 1 74 40 211
    123 198 189 146 26 162 51 236 196 144 102 212 199 244 69 91 110 120
    85 113 244 156 125 6 20 90 141 66 65 140 146 212 85 7 127 182 126
    194 217 52 228 145 178 228 91 233 192 247 78 236 241 186 111 159 71
    131 30 206 13 77 10 139 239 161 70 192 78 40 7 188 176 197 131 82
    109 70 62 11 31 253 129 194 28 253 126 59 139 205 89 149 230 136 229
    6 252 68 86 26 159 55 192 132 117 193 175 86 29 226 51 207 85 198
    170 57 76 47 55 59 113 244 17 35 185 94 118 41 4 82 202 14 23 176
    207 8 221 110 54 85 189 44 238 201 36 171 191 107 123 86 88 22 116
    77 166 225 177 254 169 165 43 96 130 54 87 22 131 127 188 80 7 169
    147 107 108 232 37 253 235 134 66 199 154 141 22 84 46 223 195 203
    14 45 210 130 201 96 172 207 213 130 124 206 216 228 66 139 181 55
    128 168 26 117 35 191 185 143 119 210 87 213 32 197 122 234 73 250
    200 244 190 255 251 123 12 198 223 56 52 51 131 151 246 248 223 216
    29 121 125 61 86 158 46 165 91 56 216 253 81 116 208 46 45 47 55 127
    218 198 222 176 3 8 157 170 1 21 124 240 115 147 169 41 106 251 37
    207 213 103 50 127 93 131 106 36 214 107 49 132 235 43 156 67 243 51
    27 0 161 8 132 248 89 250 55 220 120 163 228 4 48 140 58 236 101 190
    14 227 140 180 34 42 99 178 207 251 157 78 82 31 122 87 112 114 76
    22 157 191 161 109 111 199 173 42 46 142 138 229 70 66 26 67 95 184
    120 196 86 254 118 4 176 201 176 214 70 82 139 231 174 180 172 203
    93 165 248 165 247 41 14 51 63 33 131 181 90 6 254 52 55 7 139 190
    81 194 36 119 21 199 73 225 52 2 147 30 53 115 219 208 54 251 208
    213 133 0 34 24 181 216 153 223 71 96 194 254 18 159 32 113 94 142
    67 135 194 98 9 148 32 67 144 93 129 190 5 134 196 63 95 169 120 9
    148 134 109 252 55 186 237 190 33 38 158 116 14 211 48 202 133 189
    14 185 228 50 170 45 186 66 228 179 30 185 198 20 149 128 45 246 24
    77 81 71 240 83 158 97 169 130 221 119 165 2 111 150 232 45 51 193
    36 77 185 244 55 90 71 207 40 230 133 25 182 231 20 244 230 119 246
    12 7 81 73 16 25 217 125 194 208 52 209 248 166 146 98 219 100 51
    178 136 27 126 47 155 148 216 210 34 172 32 230 40 228 171 184 99 3
    243 116 164 169 62 252 188 108 209 38 177 28 26 88 207 15 81 55 100
    199 167 67 146 175 233 173 83 155 143 16 30 156 191 120 100 235 76
    92 3 99 188 156 202 101 228 152 206 102 252 160 3 204 146 86 27 129
    122 223 79 33 79 92 195 220 31 200 18 140 30 185 212 217 218 181 28
    236 120 107 84 23 69 225 89 38 156 10 59 160 71 79 253 248 145 108
    103 149 33 92 40 246 183 139 52 110 144 70 210 56 139 162 206 209
    132 224 60 250 163 241 35 61 169 104 159 155 48 103 148 110 179 141
    108 49 66 231 81 155 175 244 204 198 28 9 80 92 123 245 81 173 10
    140 235 97 108 166 227 184 187 178 200 53 20 157 68 142 32 157 128
    83 88 53 159 52 156 98 122 81 79 113 85 26 65 182 155 203 133 140 24
    23 216 46 121 151 139 220 102 165 59 69 102 190 66 31 174 206 121
    246 195 194 209 70 43 12 131 167 96 216 20 36 152 1 142 90 164 248
    142 59 238 31 233 5 101 137 199 7 137 186 131 37 145 126 138 15 77
    235 106 236 182 251 48 36 213 84 77 130 57 25 87 90 217 52 138 33 76
    186 215 82 39 220 178 66 35 46 14 12 118 31 176 119 117 149 198 226
    177 86 105 59 78 93 27 184 240 144 245 133 185 145 60 16 229 75 38
    165 77 56 242 215 216 247 84 46 34 85 186 186 67 66 127 106 47 62 40
    75 140 65 117 188 176 75 67 191 35 70 246 85 63 211 211 124 69 122
    212 34 195 146 156 239 212 154 162 16 176 10 193 234 81 31 30 4 216
    174 221 223 200 143 108 196 90 37 38 163 131 17 143 63 207 177 206
    164 217 84 105 230 90 70 37 117 198 164 62 93 98 31 126 172 241 229
    153 134 150 18 131 123 144 38 191 232 171 192 150 120 31 118 45 246
    156 128 5 193 243 88 16 96 29 146 3 26 126 139 239 207 105 19 137 63
    161 232 86 198 104 223 150 208 138 63 55 249 164 167 246 54 249 50
    126 155 24 215 55 217 135 112 13 218 108 123 231 2 230 152 204 116
    164 226 137 34 16 102 167 195 122 77 112 32 135 209 25 177 132 55
    183 94 1 20 217 194 141 28 79 207 176 46 199 12 53 219 45 77 67 46
    255 21 30 64 48 32 76 194 100 215 104 177 253 240 105 23 251 190 161
    244 100 244 165 89 93 123 211 159 233 191 201 209 124 12 108 196 145
    212 255 114 87 175 90 243 197 205 70 113 5 84 206 53 201 218 160 215
    214 122 136 100 80 198 152 16 155 202 213 105 48 247 240 227 180 136
    114 210 250 210 172 100 205 251 239 171 223 118 211 118 56 240 214
    90 91 81 77 124 78 21 247 70 250 172 159 153 170 94 120 198 240 41
    30 222 124 51 235 233 211 46 1 187 127 50 234 147 246 136 69 131 99
    252 167 152 114 2 211 112 90 183 70 160 118 81 57 88 164 1 52 148
    143 219 147 131 79 244 150 113 19 233 104 247 130 208 14 110 103 79
    31 55 62 137 0 0 96 81 206 64 214 210 39 88 9 233 152 73 129 253 202
    104 229 36 20 58 6 152 7 97 103 39 226 43 180 192 130 4 214 22 123
    180 246 110 173 153 216 101 61 96 17 147 246 101 171 160 3 93 71 133
    59 158 76 53 137 33 242 79 29 182 211 238 34 176 91 106 63 66 168
    204 205 27 213 204 196 9 252 159 71 88 124 197 39 174 155 233 11 62
    136 183 212 85 142 170 235 195 229 229 86 166 246 89 164 67 15 4 13
    72 90 236 92 162 134 124 12 231 225 231 16 237 225 95 193 180 76 213
    227 77 95 207 94 243 139 214 206 135 206 61 65 171 84 20 215 52 119
    226 0 68 183 78 35 54 16 138 204 173 131 48 209 145 112 188 180 24
    68 110 229 72 62 207 75 173 231 97 13 109 125 129 71 247 53 93 97
    175 198 162 174 184 215 172 144 72 131 205 125 76 60 207 254 100 252
    27 9 230 97 102 33 231 34 75 171 179 198 40 108 172 221 93 79 22 117
    154 252 104 170 176 6 58 13 89 57 106 191 90 37 14 240 67 144 195
    243 39 176 179 119 182 197 30 56 74 209 134 131 181 127 213 173 225
    39 208 159 76 112 126 46 168 255 10 148 116 244 185 224 45 184 231
    200 70 98 69 58 232 33 195 221 226 175 85 112 125 54 7 150 209 74 12
    148 196 225 84 252 111 46 108 173 142 114 48 134 63 33 79 99 70 210
    147 51 214 135 158 29 101 9 103 102 2 86 60 29 39 78 105 247 0 211
    72 131 87 132 92 39 133 222 130 169 101 127 16 252 75 201 36 16 236
    66 43 1 134 131 77 238 41 40 0 120 72 133 182 64 47 234 193 29 232
    41 117 143 41 148 187 22 136 170 211 38 205 153 186 44 82 243 221
    127 108 15 82 80 6 11 190 198 113 34 13 22 192 91 93 163 161 4 195
    37 89 85 114 158 144 6 254 196 189 239 139 165 119 81 183 107 97 193
    123 14 127 83 241 99 91 217 3 221 126 54 132 37 240 78 145 231 55 68
    165 78 247 9 237 237 212 123 41 254 80 93 102 184 159 179 60 55 36
    84 199 144 185 176 191 135 205 100 192 176 230 134 149 56 93 92 2
    183 1 112 145 25 230 92 181 119 44 204 103 149 168 83 236 76 179 200
    206 76 244 12 86 14 144 52 230 176 229 166 168 108 244 227 6 13 193
    140 214 14 27 9 241 52 243 80 248 187 28 191 36 230 87 100 130 17
    158 37 123 244 61 57 56 143 182 168 107 113 206 230 30 112 220 14 37
    31 43 91 15 193 62 205 163 176 53 172 61 140 140 164 86 184 186 9
    119 91 79 227 240 226 48 101 115 214 40 17 133 67 244 6 162 225 5 66
    138 208 24 88 246 142 153 75 210 145 64 42 188 98 231 58 216 146 117
    93 209 1 168 186 130 239 83 136 101 154 229 94 94 40 187 218 117 218
    19 71 91 63 40 99 146 127 100 116 88 252 87 158 200 16 140 0 47 113
    186 170 198 107 38 40 80 171 118 104 133 202 129 200 197 43 107 26
    102 70 7 218 251 142 58 145 36 175 198 124 132 115 46 60 254 237 247
    22 139 108 150 162 226 220 84 250 229 1 4 130 168 211 254 226 175 79
    58 190 104 219 71 251 51 97 183 17 113 89 249 226 143 58 81 215 103
    88 28 160 11 74 112 145 253 63 253 150 131 33 239 57 216 176 244 118
    42 113 72 67 50 41 72 161 112 200 76 9 112 251 120 126 11 210 138 35
    182 249 255 229 128 107 210 223 225 159 83 113 78 133 130 237 90 113
    189 140 169 123 179 189 123 142 230 128 41 250 84 34 61 229 37 249
    235 93 111 6 248 242 26 8 146 224 72 206 216 88 123 249 186 173 94
    87 53 251 148 233 120 169 187 59 19 48 232 190 53 208 66 182 163 212
    75 67 6 50 12 225 236 101 142 226 190 200 73 122 218 92 247 161 116
    176 205 124 4 125 225 212 255 151 41 161 235 179 151 159 3 27 158
    113 125 177 30 189 234 145 198 117 205 192 41 180 203 85 217 171 174
    233 84 54 225 130 38 174 21 214 44 20 118 233 149 208 215 46 190 246
    38 217 184 200 31 131 209 130 184 225 41 49 98 84 16 105 210 240 15
    79 157 115 80 90 240 63 40 124 29 156 240 253 2 12 78 243 196 53 111
    138 160 191 78 113 67 95 204 143 120 249 47 110 230 189 82 11 24 31
    31 103 165 116 32 2 31 12 251 146 5 110 47 217 148 211 40 77 15 57
    114 17 116 175 10 184 170 175 187 240 112 134 145 153 223 253 173
    197 44 40 197 24 244 21 194 120 141 88 35 165 65 232 108 246 232 86
    52 126 50 162 181 61 218 159 129 123 55 201 94 182 175 72 209 11 165
    126 50 129 239 108 3 161 110 150 92 113 246 153 255 108 251 232 253
    187 6 197 123 112 38 138 205 68 84 216 225 104 80 22 223 78 217 144
    188 189 129 56 68 127 43 191 64 242 113 178 115 175 67 96 64 229 213
    49 94 28 28 114 173 2 135 143 77 126 137 128 90 10 88 105 111 59 60
    98 201 158 206 175 65 155 51 240 57 229 136 46 66 119 242 75 85 82
    245 49 231 199 252 182 123 42 121 17 118 106 224 215 87 127 235 203
    70 121 49 121 241 111 205 75 246 129 37 226 239 254 196 235 244 182
    101 132 49 185 102 204 103 128 19 65 201 248 249 60 56 116 139 61 78
    116 77 106 195 10 225 133 121 47 6 55 84 206 51 243 20 41 216 228
    127 190 22 240 124 159 185 243 222 169 66 69 143 29 230 167 65 132 5
    255 194 204 43 63 184 130 239 178 196 85 114 69 117 122 98 150 169
    252 86 179 165 220 134 28 0 26 28 23 250 185 208 70 207 227 1 135 3
    176 200 221 128 75 144 1 180 199 102 72 74 149 14 26 168 241 184 91
    219 252 73 108 168 113 131 146 158 229 112 175 78 175 42 163 37 210
    200 63 231 68 113 84 179 92 197 20 73 123 126 172 66 98 185 201 222
    153 192 87 134 102 70 154 164 34 120 160 188 44 13 182 140 144 176
    242 122 160 201 165 35 150 76 12 151 198 110 148 243 99 54 214 143
    241 131 247 171 119 124 123 235 232 61 0 132 33 18 101 32 100 99 21
    72 224 124 75 139 47 18 68 163 70 129 85 60 68 125 225 170 70 246
    125 206 175 113 23 216 76 69 47 204 120 80 229 192 114 230 155 10
    120 255 80 149 103 10 199 80 53 173 240 8 98 21 194 178 79 26 163 69
    184 219 84 122 193 252 23 46 154 1 206 181 155 68 67 134 163 52 154
    252 83 128 176 222 232 10 230 229 247 68 62 56 197 253 210 102 151
    88 102 30 113 182 32 61 47 128 30 133 70 2 155 77 235 170 63 218 141
    239 171 40 48 154 177 115 253 55 209 204 183 185 70 56 29 107 59 79
    57 217 115 189 68 181 99 45 229 131 113 136 165 138 207 179 240 249
    163 195 83 39 125 190 105 237 60 170 177 73 192 19 195 128 166 97
    248 155 112 223 45 122 112 71 2 151 99 203 193 82 14 212 5 181 73
    237 237 98 191 247 143 172 40 135 94 202 193 241 35 32 7 195 161 98
    193 26 161 78 112 207 199 76 92 244 213 29 109 179 243 116 45 209
    169 172 203 157 2 238 40 238 131 115 38 61 230 202 91 126 2 67 243
    104 28 154 112 20 122 126 168 202 173 67 86 119 38 244 162 9 114 89
    219 189 205 211 142 186 22 14 11 245 93 157 51 85 205 126 97 9 31 84
    234 48 172 11 105 76 205 22 97 74 186 217 39 242 5 232 167 235 155
    143 86 255 80 143 148 214 84 157 132 145 177 173 198 223 66 188 153
    86 79 193 12 243 204 121 172 219 103 47 187 204 114 41 3 170 165 187
    188 70 38 76 104 106 20 5 120 79 98 81 194 139 7 6 62 223 0 203 0
    128 120 74 4 28 16 199 159 208 169 14 84 136 121 94 217 242 91 171 0
    136 133 151 46 209 250 172 7 214 241 93 144 224 173 76 211 255 43 91
    62 5 239 58 90 97 8 111 55 192 69 242 121 99 67 113 212 60 208 25 13
    176 169 79 171 6 241 191 206 127 83 78 20 173 130 23 114 199 233 183
    96 74 29 51 165 10 224 82 123 65 10 137 80 175 91 231 25 167 244 167
    225 76 174 99 218 155 199 210 115 237 96 88 36 79 79 147 123 203 67
    28 251 209 116 28 140 241 241 57 165 202 232 0 103 116 65 254 249 30
    205 172 246 221 210 224 242 76 46 235 89 137 34 81 102 222 108 111
    238 173 9 78 165 227 66 148 131 102 237 209 119 44 237 179 152 183
    80 196 253 67 9 255 141 76 73 29 82 164 122 227 187 99 234 76 173 88
    85 53 208 121 201 203 170 20 226 141 17 48 70 132 54 153 25 37 31
    157 206 221 73 28 112 103 184 105 95 234 50 129 50 182 133 216 131
    196 69 238 74 123 236 95 157 4 47 33 225 188 70 18 171 39 91 165 34
    187 180 50 41 181 36 125 251 145 192 147 192 80 25 204 120 138 190
    49 27 224 112 186 85 25 245 109 84 95 21 93 174 223 255 38 107 199
    148 111 237 179 20 198 57 112 234 9 66 135 170 162 211 95 211 143 43
    209 250 246 43 46 189 81 150 144 83 78 196 41 91 148 151 198 230 127
    48 51 214 244 136 203 0 251 85 172 161 224 203 133 71 0 146 248 81
    26 7 135 135 86 110 232 193 230 238 85 112 23 117 97 245 240 135 174
    203 184 74 102 85 161 149 175 77 227 88 40 13 22 151 37 49 253 192
    17 0 131 246 62 164 120 129 24 86 136 32 212 146 19 236 210 217 67
    108 151 34 126 103 127 72 115 6 141 195 38 25 155 113 23 183 195 40
    98 109 70 12 34 221 178 185 95 13 198 211 202 131 92 227 131 144 166
    148 132 57 27 141 167 117 240 161 136 125 210 149 29 138 69 130 129
    158 140 161 89 179 220 40 34 166 137 233 49 143 157 84 20 183 13 212
    2 121 79 86 217 74 6 160 167 51 74 166 125 81 38 74 132 148 6 126 55
    84 20 44 102 35 27 17 160 111 152 218 214 148 61 124 39 29 199 235
    175 203 32 163 75 231 192 154 110 51 160 214 180 189 72 36 80 91 160
    107 215 244 114 83 245 179 115 168 85 205 83 69 76 176 242 160 84
    160 150 105 15 180 161 208 210 229 7 237 36 127 45 25 177 58 168 163
    5 13 62 117 196 239 99 62 230 77 141 104 253 63 191 242 145 29 221
    173 161 155 38 247 156 152 233 130 250 226 50 17 190 65 60 228 123
    153 54 134 158 114 20 38 56 180 39 44 253 238 243 210 82 146 7 166
    93 248 159 168 122 28 47 75 249 3 101 253 254 179 170 113 169 219
    128 197 244 114 203 192 114 149 248 158 120 192 131 73 36 26 68 10
    186 199 234 82 82 63 35 105 139 40 115 18 31 132 86 73 247 70 254
    239 77 67 71 187 45 41 124 240 242 106 116 216 239 150 169 36 85 178
    181 130 117 52 136 189 156 173 38 211 193 252 212 197 238 66 81 16
    27 248 119 216 52 229 25 32 167 225 91 222 91 110 20 167 202 145 126
    149 119 249 13 252 221 100 69 125 65 90 134 153 203 231 159 155 210
    185 183 50 80 233 160 201 249 151 97 54 90 9 98 63 204 45 84 21 173
    88 170 133 23 50 52 152 111 248 175 62 151 225 219 190 32 51 199 133
    189 163 129 144 176 149 159 172 78 71 144 87 29 74 205 250 151 143
    186 217 62 250 46 56 172 100 0 213 112 222 193 21 103 31 181 222 163
    65 170 85 133 52 28 23 211 161 54 231 0 247 12 122 169 210 60 113 75
    93 201 247 200 155 53 152 155 218 214 179 12 26 173 164 177 83 46 23
    117 47 108 130 4 184 217 10 54 213 31 70 39 208 129 223 8 106 42 52
    96 85 94 33 23 119 233 253 186 49 49 235 81 233 37 153 111 84 182
    107 241 222 153 155 192 53 252 82 138 240 198 151 162 163 57 15 7 88
    148 170 222 192 82 136 114 84 221 127 102 78 141 82 186 148 238 117
    237 17 169 248 172 173 56 140 228 167 213 179 89 91 91 95 70 126 47
    111 154 29 98 245 11 64 255 107 47 144 101 70 122 210 4 115 172 56
    223 155 77 225 127 107 37 107 57 72 196 254 6 165 134 65 17 255 154
    4 5 51 107 155 55 56 157 241 20 204 32 241 103 214 107 157 21 175 76
    79 247 103 134 199 207 128 35 240 17 177 159 24 23 88 195 171 66 34
    60 78 112 161 102 84 161 62 222 130 151 7 94 194 228 100 172 153 152
    84 87 28 142 36 141 135 244 245 19 139 30 67 99 145 40 255 20 44 66
    152 82 239 251 185 24 221 55 154 187 7 241 253 230 235 248 197 8 137
    205 210 176 155 247 240 194 115 156 199 143 20 74 163 116 23 154 95
    218 248 250 22 37 249 100 190 44 220 174 186 149 147 110 113 94 1 23
    144 189 156 142 90 29 45 108 230 26 142 159 95 124 116 7 120 196 191
    148 185 197 58 153 75 223 135 39 56 154 180 70 60 24 207 244 138 157
    202 1 139 194 49 207 154 20 31 224 225 221 255 208 26 72 129 136 201
    125 0 13 84 175 127 227 73 7 18 214 34 138 24 181 164 3 85 78 83 45
    179 100 255 158 233 20 236 85 4 180 212 30 193 142 58 246 51 231 226
    122 244 114 152 200 227 22 159 235 89 8 115 6 245 51 28 231 118 207
    189 22 75 72 203 136 107 86 104 125 41 142 122 176 131 137 118 119
    69 116 46 236 76 163 154 25 105 64 236 129 66 68 206 26 97 58 175 10
    12 64 73 158 71 138 241 239 20 3 224 48 2 66 138 148 25 119 208 162
    105 9 101 17 197 60 79 103 104 190 241 138 102 255 217 233 175 3 31
    161 95 232 120 156 63 193 52 178 220 200 7 139 186 39 238 171 141
    114 66 78 30 73 81 48 198 52 185 172 67 87 57 90 36 129 247 187 245
    218 245 13 78 156 216 143 17 230 163 119 10 5 12 176 227 118 229 231
    208 169 132 160 123 200 233 189 15 169 150 237 206 231 29 102 209
    127 230 15 152 18 228 17 163 189 236 200 109 209 11 11 246 108 29
    229 172 146 137 127 39 123 153 197 207 190 228 164 155 29 72 35 253
    133 79 85 246 171 101 73 252 2 189 35 217 60 186 160 181 63 221 160
    7 179 174 121 172 221 197 194 56 139 199 195 250 0 74 16 124 128 164
    108 78 178 108 170 7 100 191 139 176 28 37 132 241 49 95 154 118 210
    123 26 36 76 246 155 2 104 155 13 202 13 6 193 40 147 121 3 22 224
    173 216 174 229 59 45 127 90 25 214 180 223 26 164 196 235 172 67 80
    37 131 64 39 106 30 45 231 63 101 172 204 118 68 145 124 77 254 169
    250 69 72 186 45 220 64 71 103 36 101 89 217 186 120 157 55 85 16 97
    202 139 212 244 3 111 50 55 144 5 14 208 239 109 169 160 170 209 179
    43 254 216 188 35 50 185 45 14 119 93 93 98 203 121 211 72 129 16
    180 160 62 110 200 55 229 130 142 125 166 166 162 72 239 217 103 9
    232 125 150 247 97 146 200 163 148 82 103 228 79 81 55 50 224 95 136
    194 143 100 57 31 73 130 246 109 121 166 65 134 37 84 90 60 208 111
    93 89 56 65 154 222 18 217 175 252 246 253 26 147 238 248 214 243
    224 85 226 9 36 156 161 248 31 187 35 140 110 107 125 80 149 12 105
    45 230 138 176 36 152 97 63 223 34 180 51 163 214 220 136 123 186
    225 171 7 173 235 146 249 178 132 228 47 249 36 16 72 11 249 165 142
    25 119 97 249 68 109 88 128 127 187 69 235 58 225 241 208 21 9 248
    52 95 136 252 91 11 119 88 11 70 82 102 244 55 203 10 56 149 216 138
    148 6 106 49 90 175 191 115 25 154 93 45 205 10 165 140 224 155 16
    190 61 108 112 189 1 248 145 83 218 227 142 110 6 78 98 39 231 42
    179 252 9 254 160 165 196 138 202 235 115 48 108 48 253 245 233 243
    45 63 124 209 255 233 226 75 201 252 63 32 189 55 79 56 126 61 111
    196 50 208 188 25 229 222 173 112 15 141 77 111 229 165 137 2 190
    185 209 107 253 180 61 25 37 199 55 228 186 29 198 110 52 162 80 79
    113 204 23 254 19 112 182 53 244 177 138 153 200 88 94 1 189 48 33
    184 35 187 251 30 252 150 94 55 18 227 36 36 171 44 96 52 183 142 41
    6 90 123 163 233 97 104 54 234 231 207 236 186 36 39 158 182 104 37
    112 130 141 27 135 28 207 138 30 59 16 108 122 235 123 162 214 219
    183 208 213 159 108 72 72 104 222 77 103 20 247 188 231 93 102 7 179
    37 103 123 4 178 213 107 205 250 214 0 197 202 103 228 227 146 195
    206 52 160 203 160 115 6 53 156 2 205 202 53 207 211 43 130 104 27
    186 228 101 250 176 228 200 195 102 180 105 16 182 149 217 119 60
    178 25 11 74 160 234 207 44 133 32 8 45 254 55 20 235 216 111 158 3
    154 177 142 19 194 223 169 218 79 215 223 79 64 171 125 7 18 16 87
    86 109 47 79 118 167 185 251 213 185 214 115 159 207 197 151 229 75
    122 253 121 187 168 74 105 90 171 123 32 21 229 88 217 209 234 186
    181 12 238 78 118 65 3 82 10 88 5 47 86 196 62 145 39 191 35 193 92
    81 195 189 74 53 6 211 48 230 19 42 171 209 61 73 218 3 98 46 46 122
    253 32 152 255 114 30 113 125 187 239 25 139 43 83 98 23 30 114 121
    150 252 25 239 19 127 96 82 85 176 114 30 11 163 120 151 65 68 255
    118 198 44 63 180 182 18 231 192 195 241 214 126 61 120 240 53 143
    235 230 67 29 208 156 168 109 220 150 203 176 108 119 197 77 221 110
    234 21 2 89 213 47 166 200 127 76 184 142 210 198 155 118 225 218 12
    200 158 214 136 17 197 120 55 61 17 206 90 121 254 132 200 68 216
    111 115 123 59 47 158 127 210 14 173 103 66 161 236 138 162 36 98
    243 134 182 149 240 8 74 108 242 13 151 32 58 170 219 247 142 123 73
    213 102 233 242 167 71 143 173 142 162 245 133 94 10 181 114 108 226
    29 157 49 101 138 121 102 193 244 59 24 42 80 220 184 224 116 113
    237 36 100 4 157 105 137 2 64 241 26 87 156 235 142 51 34 51 142 184
    177 93 177 234 215 143 175 251 155 178 250 74 250 79 18 241 126 59
    224 166 43 123 139 217 14 252 123 9 91 63 184 187 234 31 74 94 123
    181 219 153 113 207 119 38 209 189 232 239 125 212 59 180 219 130
    234 120 219 99 111 116 208 182 29 208 81 81 244 140 23 209 188 65 85
    165 148 219 198 133 104 87 110 42 121 102 110 24 249 49 221 62 158
    62 239 154 86 101 103 72 214 88 162 166 252 81 146 189 82 48 6 236
    249 72 240 168 95 148 194 151 229 35 46 92 71 9 52 178 144 87 123
    127 92 164 236 102 24 13 17 151 55 134 113 91 121 111 93 91 16 196
    53 179 244 251 116 227 7 169 213 46 36 245 0 178 218 19 29 180 24 21
    19 7 2 223 119 199 242 184 70 254 40 83 68 253 129 48 63 126 101 174
    145 59 84 88 105 231 31 59 41 0 4 26 30 43 78 230 96 154 86 255 218
    231 9 84 42 123 77 83 51 117 124 136 154 252 131 6 252 200 23 42 142
    199 252 115 99 44 207 29 68 158 24 141 44 143 206 247 174 100 22 244
    50 175 238 120 110 79 19 129 139 207 207 19 17 135 192 91 135 18 38
    210 254 40 217 158 138 190 160 33 0 132 246 167 39 52 73 129 11 133
    128 156 252 96 140 179 231 126 196 226 252 188 181 137 222 86 25 39
    193 102 193 73 14 225 179 19 56 211 6 143 25 11 214 135 155 32 128
    146 8 52 123 247 27 134 247 107 134 79 41 9 214 114 10 32 28 136 93
    230 78 51 64 233 10 209 238 255 33 251 208 93 149 75 149 56 212 64
    180 62 34 40 39 179 191 220 56 49 73 199 81 242 188 73 245 9 70 206
    87 111 98 55 21 235 86 177 85 96 46 242 13 191 243 29 240 97 115 245
    7 47 125 236 128 24 209 238 219 72 120 29 36 59 90 168 253 13 213 2
    131 123 63 173 50 149 58 161 64 143 74 195 211 4 104 83 235 94 59
    209 184 1 189 118 178 139 57 50 18 203 55 123 160 19 216 253 95 51
    228 197 26 236 80 157 128 88 195 122 128 77 232 182 77 42 151 132 4
    195 148 85 162 111 201 61 248 79 229 11 79 120 212 78 151 87 205 109
    59 42 127 213 43 148 75 123 123 120 221 248 164 4 19 164 231 197 57
    185 173 28 190 174 90 218 180 178 175 197 26 129 2 217 218 64 31 39
    40 255 98 149 55 102 82 207 124 39 37 247 89 167 71 166 124 36 20
    139 237 246 167 244 93 63 62 102 212 187 17 174 138 240 165 164 14
    11 67 37 27 94 0 74 174 74 47 125 174 226 78 102 54 244 244 82 179
    44 130 196 242 206 221 188 208 110 206 67 66 104 64 247 246 93 212
    106 29 107 239 171 192 148 129 41 180 145 144 253 20 28 138 51 155
    170 15 171 47 41 182 19 37 81 125 135 204 211 126 164 213 28 115 187
    89 23 148 230 65 66 125 243 206 71 27 25 66 26 165 175 145 49 49 52
    175 113 25 101 39 178 162 126 7 185 226 222 227 230 238 45 35 161
    158 192 154 163 170 154 172 79 158 53 10 59 78 34 71 208 87 3 126
    223 182 65 152 90 210 92 223 191 97 196 38 127 232 18 100 251 9 127
    157 103 141 162 69 227 107 27 194 203 182 46 232 73 69 179 130 65
    174 233 20 88 249 64 136 216 83 230 35 177 124 180 223 181 86 164
    211 211 158 108 89 144 104 210 202 208 35 207 220 170 227 206 207
    188 249 20 173 52 86 45 62 22 167 190 52 149 89 197 116 2 224 42 120
    154 158 7 200 16 10 15 111 136 125 99 227 186 144 152 107 84 68 52
    222 168 151 121 125 149 139 55 214 52 239 125 4 204 77 243 237 109
    10 38 44 142 45 22 127 23 122 61 123 167 157 131 101 155 207 182 232
    113 176 2 107 141 79 208 253 127 188 94 12 124 31 250 127 141 5 117
    165 18 189 132 41 228 173 45 140 204 213 102 247 229 51 213 51 21
    119 169 6 158 37 26 164 208 99 233 221 124 76 9 156 211 251 165 122
    254 19 27 243 44 44 59 106 205 42 247 114 118 147 171 154 96 77 64
    110 170 168 11 205 19 236 109 33 85 162 25 24 1 250 28 70 238 243
    109 135 190 255 47 171 46 132 220 194 150 214 13 161 144 67 102 128
    56 156 188 76 123 158 18 30 63 121 178 210 52 149 134 59 236 0 18 67
    233 106 220 168 95 84 85 30 218 95 22 158 252 56 1 184 93 127 102
    104 83 175 147 217 61 23 60 143 191 112 85 120 45 242 214 15 144 109
    208 99 66 30 79 6 160 85 211 154 121 109 220 222 148 34 220 177 76
    78 129 206 115 190 129 163 14 79 69 158 59 173 71 159 45 234 201 83
    214 108 250 46 83 92 201 23 123 239 140 26 0 225 115 184 243 228 72
    125 86 216 13 136 144 88 219 177 62 63 48 149 1 250 17 201 229 212
    76 221 89 19 171 90 62 102 170 132 88 38 96 165 190 115 227 212 53
    23 197 114 136 117 40 144 179 136 203 98 148 115 168 41 133 98 128
    246 187 200 61 134 180 144 24 160 161 90 100 63 116 61 214 41 141 44
    39 57 243 43 7 25 103 202 127 48 12 226 225 255 193 70 57 201 26 149
    58 92 129 48 122 230 148 94 182 130 1 94 158 39 29 24 138 99 128 98
    70 120 218 197 221 136 202 255 116 113 22 215 235 212 87 88 211 49
    45 73 77 129 160 86 181 186 58 201 6 29 219 224 215 216 92 60 110
    142 112 194 144 254 20 247 134 208 64 167 153 123 191 169 164 50 30
    243 239 237 186 39 226 43 227 216 179 9 253 53 81 96 1 148 184 149
    150 176 23 252 149 201 80 88 63 221 60 153 203 34 21 86 134 196 213
    85 114 73 205 133 166 75 182 115 235 38 250 243 23 166 220 240 140
    32 25 209 218 205 150 110 32 118 233 70 145 118 234 138 252 109 117
    3 38 72 216 67 69 33 14 223 15 78 48 119 150 196 16 236 122 254 43
    217 169 208 17 52 249 229 146 208 101 109 113 247 146 72 217 21 83
    114 110 29 121 119 35 124 11 190 231 75 236 197 161 122 184 74 139
    248 45 40 137 173 147 115 252 61 142 51 3 142 158 214 29 69 216 191
    193 167 110 11 240 51 186 55 139 222 129 130 32 161 97 244 73 203
    141 114 131 66 25 251 67 252 7 73 105 104 217 224 179 128 135 140
    161 137 39 210 174 179 169 222 40 165 185 230 136 115 226 10 66 20
    187 13 113 98 240 216 99 45 149 46 81 165 28 104 222 212 39 121 38
    178 119 250 95 61 104 47 166 27 17 63 239 254 46 224 186 146 101 112
    135 178 224 208 229 104 8 50 0 13 205 167 11 11 142 61 103 224 62 88
    126 113 70 0 237 235 56 148 165 45 13 117 89 111 129 78 57 132 134
    47 82 9 139 238 200 39 77 255 87 167 239 64 178 35 14 165 42 121 33
    98 142 138 142 232 32 13 65 61 134 142 1 169 168 146 141 82 102 13
    122 116 214 142 26 44 112 106 227 229 88 30 96 201 115 114 18 160
    115 235 142 184 213 44 41 111 252 69 85 87 106 153 52 40 182 55 40
    175 58 120 228 145 229 116 139 125 21 148 123 255 243 22 1 8 51 216
    118 193 151 52 144 40 111 123 188 78 119 125 191 6 18 2 163 197 251
    55 36 187 98 26 124 255 95 90 164 28 167 192 126 234 153 106 83 122
    133 47 135 96 81 99 2 13 208 16 10 181 245 160 178 166 95 156 18 59
    23 43 58 166 209 59 225 24 136 171 142 228 80 166 128 40 212 60 170
    160 186 4 159 155 62 208 156 136 87 177 210 224 147 79 178 179 94
    187 237 208 41 231 33 243 114 235 104 1 204 83 249 237 108 39 183
    247 209 195 190 187 67 61 211 179 229 151 125 104 217 167 97 142 245
    3 116 63 74 194 108 51 211 78 32 207 30 197 137 149 157 226 216 121
    217 14 193 15 134 198 215 155 57 128 116 66 240 171 73 3 249 215 223
    174 177 233 186 198 224 185 207 175 5 42 213 177 102 87 75 59 243
    100 74 114 164 149 62 181 185 162 128 106 182 103 60 219 155 107 136
    41 53 242 174 216 244 101 209 57 13 121 198 133 45 237 212 148 159
    15 214 159 244 56 219 118 46 136 161 106 231 232 140 40 244 80 210
    147 133 17 228 142 144 118 194 126 1 164 114 95 203 144 17 223 242
    217 49 40 88 89 25 196 100 196 44 218 143 116 119 200 67 62 128 17
    125 179 248 67 136 235 219 41 177 141 14 167 102 101 131 166 117 222
    113 183 142 116 189 235 11 51 79 106 43 39 36 228 191 52 59 151 144
    111 242 173 205 216 179 19 11 173 254 236 86 30 174 15 91 215 131
    159 220 41 8 110 96 238 84 124 225 150 211 199 183 247 140 51 177
    230 28 135 134 201 227 227 25 37 212 232 108 54 198 88 113 14 37 5
    67 67 237 227 183 181 193 34 224 38 230 33 232 103 218 6 122 33 174
    45 211 195 106 147 50 63 31 209 246 187 234 204 108 134 47 36 90 39
    33 70 111 87 192 145 191 210 165 99 226 131 81 119 89 221 110 244
    117 147 137 144 217 237 56 104 26 70 196 98 195 191 61 152 10 127 85
    76 65 88 143 146 46 79 191 34 69 9 137 241 236 250 156 175 93 160
    119 219 73 201 222 14 141 82 84 210 21 66 86 202 233 119 13 170 160
    115 114 216 132 139 118 208 18 247 245 3 175 17 188 77 64 160 23 170
    252 114 6 131 180 242 172 173 179 199 247 67 221 145 95 175 93 7 112
    14 78 66 44 117 86 219 144 160 208 182 68 6 96 170 69 234 47 230 79
    11 170 169 225 103 172 146 59 207 205 147 28 63 238 18 174 68 238 22
    228 117 11 147 242 70 98 38 94 222 107 245 111 191 143 59 63 171 243
    124 85 14 1 131 133 108 171 222 5 34 110 9 168 118 157 4 70 161 134
    15 56 14 84 48 143 122 158 51 190 123 164 45 31 158 23 26 57 207 245
    68 80 122 235 151 148 40 148 80 194 24 33 97 134 120 191 237 240 163
    64 44 59 146 136 120 38 27 81 213 98 231 230 165 157 83 121 118 75
    191 150 216 159 88 53 240 106 157 131 172 13 76 9 249 34 55 67 73
    163 248 206 77 170 0 101 115 139 137 125 182 146 139 51 158 113 182
    225 150 131 238 150 37 199 254 174 2 133 110 201 102 29 241 240 246
    136 56 119 164 184 91 115 32 236 244 189 82 4 159 174 182 46 68 137
    252 125 217 50 251 105 87 190 12 126 122 171 73 96 15 111 114 29 22
    89 123 161 0 35 61 91 33 216 131 110 138 5 84 206 247 171 141 5 132
    184 230 98 195 223 60 100 104 38 206 205 151 130 179 87 117 41 63 11
    48 123 86 190 238 88 188 188 141 107 228 96 7 236 59 229 41 51 76 92
    175 169 36 64 220 249 158 82 208 60 45 144 67 71 151 231 112 55 196
    137 60 95 62 72 163 30 160 6 237 138 69 230 231 213 48 178 206 18
    198 35 57 212 127 220 7 19 200 160 160 225 183 243 31 82 185 195 83
    173 246 121 32 220 226 245 12 36 34 248 171 179 170 82 0 169 217 13
    12 112 5 158 28 78 237 134 28 70 154 252 92 221 222 106 52 57 231
    234 170 180 149 115 214 245 86 114 240 1 55 88 42 113 214 32 47 203
    4 21 241 251 43 85 143 227 214 226 109 227 45 209 88 96 137 86 250
    10 32 66 99 158 239 48 248 226 24 182 6 5 59 7 175 182 78 216 6 199
    204 103 67 232 50 219 249 15 244 180 15 130 140 110 33 31 243 224
    161 119 219 218 77 40 152 174 148 38 181 0 209 95 185 156 100 59 106
    220 250 96 180 198 183 244 207 103 92 69 123 187 0 115 242 148 15 85
    191 150 72 224 126 232 158 72 151 169 157 106 84 241 82 109 158 11
    160 131 170 249 163 94 52 33 110 188 220 176 182 218 194 84 101 142
    124 120 145 95 251 20 224 77 76 121 79 97 145 125 59 78 96 16 238
    204 76 196 30 101 179 108 138 142 217 79 141 163 253 109 6 114 73
    135 165 184 25 250 81 171 52 131 32 220 196 17 240 123 236 125 241
    194 117 112 100 22 104 218 62 121 99 152 57 160 210 37 30 102 253 39
    219 255 114 228 79 17 28 171 160 50 195 49 32 105 129 137 149 230
    214 121 180 10 147 121 110 97 84 21 227 228 239 118 69 192 110 187
    122 10 255 194 203 73 203 184 72 189 134 99 210 237 96 6 60 172 242
    18 14 105 9 31 115 76 208 86 150 66 25 72 196 228 213 156 69 14 249
    73 160 72 80 39 252 76 84 188 42 248 51 45 211 59 246 85 238 120 131
    225 26 150 212 76 196 30 111 49 28 247 249 163 94 94 39 50 3 203 44
    23 161 165 161 72 242 220 117 42 201 203 8 83 83 98 202 172 242 4
    224 238 91 159 198 69 228 148 107 208 40 174 141 134 232 24 214 113
    179 66 145 161 217 107 232 188 88 219 220 161 50 136 75 173 106 176
    226 139 182 246 53 227 234 66 244 76 83 164 85 123 243 50 241 18 121
    119 134 109 197 207 153 248 229 174 11 149 64 243 132 42 120 121 139
    128 129 121 47 67 196 147 61 87 10 50 239 182 113 19 193 250 134 121
    67 104 152 178 196 213 155 240 66 3 45 210 25 49 149 68 134 59 199
    120 12 168 72 124 227 29 230 99 160 28 238 159 123 167 158 192 1 97
    82 219 217 144 195 254 146 175 188 70 183 218 62 87 9 158 170 22 116
    37 153 206 98 56 254 248 185 157 49 162 189 161 233 127 35 162 119
    219 8 223 6 33 187 10 79 106 214 145 72 164 85 89 252 21 4 87 161
    101 78 218 65 188 93 39 190 125 39 233 23 241 25 137 161 76 0 226 69
    85 55 74 112 67 70 251 79 237 90 93 235 26 110 177 145 33 18 37 123
    251 109 220 32 34 196 83 55 213 124 90 226 87 24 225 27 43 77 29 68
    113 155 154 190 187 5 3 55 173 130 47 155 86 142 79 101 174 68 205
    166 117 32 164 190 38 171 129 225 18 149 120 155 168 60 119 174 204
    165 56 49 146 19 183 234 77 74 97 104 211 38 23 120 140 53 16 0 61
    101 63 135 69 67 179 206 177 54 38 79 42 109 164 148 166 31 186 62
    53 134 128 151 205 147 202 58 67 18 111 45 102 109 230 89 150 145
    119 135 83 46 16 3 29 72 86 178 45 119 93 47 216 204 191 151 55 206
    203 240 127 180 101 211 11 57 136 243 25 90 21 176 250 115 252 114
    109 126 252 131 57 32 149 245 97 249 81 209 99 247 189 37 156 48 111
    132 26 154 33 103 180 148 186 162 124 129 25 223 197 13 99 47 185
    171 4 60 71 241 17 207 127 68 174 105 57 113 89 49 91 116 201 255 87
    154 29 224 166 42 75 111 254 7 156 146 203 233 157 132 202 23 181
    254 139 220 149 6 149 222 87 27 231 31 144 49 218 120 84 104 16 235
    190 219 217 8 120 40 49 160 154 58 175 130 74 33 191 21 88 7 71 35
    35 220 91 252 155 173 138 152 140 50 106 108 203 58 18 242 249 133
    137 10 210 31 51 179 233 73 51 20 214 227 178 53 102 88 89 188 127
    126 217 173 115 62 80 198 209 167 43 54 34 56 88 132 154 11 13 62 78
    61 59 3 129 143 99 235 65 174 67 254 31 173 73 217 11 70 5 148 86 42
    181 137 199 171 38 187 165 68 115 215 198 74 35 112 244 128 242 14
    10 90 33 230 198 2 20 202 50 248 189 255 190 115 170 188 141 90 44
    205 146 231 102 194 183 70 118 151 4 91 132 19 94 47 58 203 247 64
    166 59 122 190 121 169 177 114 72 253 246 212 21 63 137 89 92 150
    112 63 31 148 2 124 31 141 135 144 80 180 192 75 28 21 25 231 128 23
    126 85 7 240 156 194 37 103 148 119 226 142 130 6 137 90 238 75 107
    155 89 42 235 39 145 127 45 187 1 194 128 235 58 99 207 105 1 90 30
    213 35 2 216 148 122 202 138 150 148 51 21 34 84 250 45 43 167 61 83
    147 12 57 16 16 173 252 130 31 59 119 251 184 130 43 2 23 8 98 72 21
    230 184 4 201 255 142 237 18 3 140 67 151 110 115 224 118 19 240 40
    252 202 152 100 158 23 46 64 85 243 93 150 95 235 236 172 187 45 120
    230 134 111 22 139 70 170 120 61 27 229 169 78 124 129 125 139 8 19
    198 69 154 245 84 73 49 79 219 156 30 129 92 44 139 240 8 240 112
    191 152 218 118 226 83 33 58 148 222 156 48 188 155 254 238 96 202
    147 110 188 219 106 46 140 214 164 193 151 136 223 232 56 93 126 43
    157 129 150 163 93 246 208 191 133 229 244 164 126 83 16 52 91 19
    229 148 153 167 80 133 180 127 0 109 209 189 250 193 43 182 85 35 81
    174 123 191 103 234 112 207 104 55 23 246 46 34 22 195 100 140 10 22
    241 230 125 26 139 229 232 27 99 63 195 102 89 74 145 33 176 233 250
    102 164 64 9 49 97 132 148 170 168 201 106 212 88 245 233 157 64 169
    168 19 217 27 236 61 141 67 117 223 139 58 115 135 45 248 9 195 59
    67 201 167 162 100 131 211 230 24 159 105 163 147 141 100 129 20 41
    81 206 188 201 115 107 238 74 223 134 203 189 119 7 166 160 209 120
    180 81 104 41 253 202 32 230 185 20 50 224 248 25 168 80 211 242 11
    166 249 230 130 147 36 1 187 18 114 77 166 195 211 232 169 133 226
    61 83 95 231 130 106 150 86 176 17 108 147 146 232 86 187 119 189 56
    40 209 255 111 33 60 190 189 49 170 105 43 99 222 255 160 138 21 117
    9 21 242 252 62 41 88 214 59 188 239 162 225 165 135 93 44 20 210
    132 251 94 136 95 110 45 160 128 212 19 137 18 121 199 236 121 215
    247 35 181 19 101 100 184 196 253 86 254 157 159 147 153 198 50 196
    108 27 151 243 2 155 87 17 18 135 18 144 35 102 52 137 131 37 222 53
    10 220 120 171 61 1 131 122 160 45 227 126 22 231 177 128 14 8 198
    124 251 239 23 125 157 45 129 212 230 168 160 12 45 77 67 206 205 46
    203 183 33 96 128 165 188 219 137 110 23 161 29 117 117 27 78 96 58
    5 8 131 88 37 255 14 43 180 32 49 115 141 19 158 21 216 103 35 209
    164 19 169 191 160 69 93 95 9 216 204 167 166 227 60 4 25 20 252 46
    35 125 225 127 12 66 96 19 169 83 67 88 197 171 92 221 116 248 29
    239 96 38 117 73 83 221 234 133 171 107 108 53 178 4 209 172 155 71
    151 96 230 3 84 181 243 144 14 182 24 236 66 130 96 177 93 2 85 35
    50 120 32 154 213 33 81 186 96 79 33 232 146 244 75 48 154 194 147
    195 82 178 194 10 192 62 102 198 83 250 241 197 242 12 19 18 22 133
    65 114 21 163 247 238 18 65 180 2 21 146 93 43 68 30 240 46 250 220
    222 45 86 140 51 185 5 255 237 48 123 176 189 64 91 34 96 168 63 83
    55 156 138 111 34 167 22 0 237 146 12 65 199 91 184 39 94 212 190
    117 81 20 35 27 137 162 242 83 50 124 219 238 152 6 80 135 172 206
    180 2 39 158 135 6 72 22 174 105 236 181 119 181 135 47 150 45 45
    247 112 6 102 214 71 136 186 217 16 180 93 197 200 213 93 149 170 86
    242 58 159 3 169 153 156 253 74 130 164 3 103 53 244 120 35 48 18 26
    254 240 58 67 30 183 73 227 37 128 69 196 233 0 200 200 71 17 213
    223 141 153 45 239 70 91 234 52 62 8 157 224 253 110 228 202 104 234
    234 133 75 232 42 72 162 207 211 189 215 49 107 162 27 73 115 16 142
    91 235 252 26 63 127 13 122 37 8 105 111 65 236 182 71 97 179 138 18
    108 123 51 191 76 139 76 114 44 12 249 177 184 241 25 81 31 238 90
    156 35 129 233 53 234 97 75 175 144 223 172 252 216 217 161 231 79
    19 191 116 145 115 253 156 143 153 124 127 166 179 173 20 59 124 188
    124 22 16 250 145 217 157 92 38 19 122 158 238 74 86 70 51 119 152
    184 7 100 207 45 175 5 131 22 128 38 206 166 117 129 69 204 33 80 83
    177 213 205 114 155 13 7 117 35 77 2 61 143 91 4 155 123 54 238 8
    140 76 247 158 83 28 96 87 193 34 73 143 111 188 133 187 111 157 91
    125 87 16 159 79 245 18 129 102 89 75 224 58 67 200 51 48 150 152 12
    82 65 17 40 31 51 84 204 60 159 138 78 163 149 230 194 32 158 38 208
    91 48 136 183 197 7 67 174 15 221 19 46 7 133 240 18 36 142 62 114
    203 42 163 148 56 16 170 134 77 41 213 212 171 123 213 3 125 40 162
    154 181 174 120 210 5 51 197 208 145 243 194 156 99 81 240 182 114
    35 61 156 54 147 140 153 240 139 55 126 252 122 63 238 232 81 115
    185 255 103 78 166 111 79 222 36 184 41 253 30 29 71 14 197 214 234
    62 238 255 141 6 125 29 26 244 75 173 138 2 92 131 153 244 149 174
    230 97 123 184 98 68 148 124 103 198 63 171 244 15 95 110 174 42 254
    5 89 96 72 2 177 227 204 7 242 5 212 12 120 60 179 108 150 87 91 189
    153 250 194 255 143 84 205 255 72 209 237 180 57 69 255 65 126 238
    55 60 86 173 107 252 117 31 204 178 164 73 181 246 73 80 77 107 64
    19 69 128 209 247 241 221 111 46 27 47 210 25 143 38 26 55 239 208
    41 98 113 144 174 41 22 40 173 133 223 128 25 133 223 29 87 80 83 17
    231 182 179 15 15 122 102 248 18 142 31 246 67 74 123 40 60 82 177
    95 74 224 191 211 54 218 60 184 135 183 99 139 235 241 191 166 112
    113 13 118 123 250 167 219 173 154 44 201 186 15 35 153 234 144 78
    92 64 9 50 235 238 19 203 41 144 134 72 134 20 6 214 16 240 122 217
    205 114 30 109 246 180 237 180 136 183 158 64 29 215 23 129 253 95
    235 137 21 166 194 157 23 199 189 44 186 76 12 3 38 218 79 29 5 227
    201 136 132 106 85 61 175 167 168 8 198 40 250 150 8 177 169 132 200
    187 118 177 101 234 30 80 188 45 204 72 5 71 159 124 233 135 130 15
    80 146 216 184 233 241 196 137 166 32 213 126 154 95 102 190 41 41
    220 56 18 200 61 238 193 34 90 22 187 213 123 39 206 132 47 69 217
    151 50 121 151 3 49 38 87 142 253 17 183 36 101 54 102 74 161 159
    124 205 235 239 93 193 252 219 139 91 49 237 15 168 220 94 46 233 79
    211 155 37 155 118 93 37 169 215 33 23 245 146 139 236 196 255 1 208
    225 145 154 156 135 38 136 140 56 58 77 255 98 159 150 242 0 39 53
    218 82 129 102 152 124 72 203 174 79 210 69 251 244 249 255 195 169
    250 94 124 145 167 76 188 251 108 21 45 217 52 89 188 196 230 10 64
    172 221 139 24 188 151 158 119 1 52 241 143 86 172 198 30 201 75 39
    77 154 198 38 178 243 123 8 79 90 125 210 243 65 125 124 66 26 80
    188 116 183 62 52 137 64 141 135 184 49 218 183 232 127 122 143 13
    157 160 230 18 92 87 232 152 65 23 212 132 128 252 140 122 28 183
    117 243 207 231 35 175 161 108 19 58 115 167 57 37 250 53 160 149
    146 219 192 105 78 74 120 192 33 21 46 73 86 198 187 147 123 196 41
    201 78 186 36 20 126 182 191 41 61 108 154 209 128 224 98 203 242
    195 111 57 245 98 236 228 30 27 126 69 198 87 201 21 237 94 236 99
    68 206 100 89 113 20 86 125 160 73 195 5 186 44 4 87 225 73 210 58
    207 124 137 25 162 102 247 196 11 26 231 203 35 182 206 37 91 4 218
    234 127 249 65 219 176 54 14 102 163 102 162 69 84 21 29 19 158 226
    148 225 98 220 222 74 70 152 204 34 11 116 181 12 194 154 106 3 145
    255 19 110 36 45 156 104 126 80 41 226 142 17 49 20 48 159 246 128
    197 80 150 41 126 47 165 246 63 127 39 108 138 109 110 199 57 176
    131 140 172 72 182 193 52 184 207 25 60 219 253 198 229 98 126 30
    201 157 128 0 143 225 19 108 73 213 174 243 16 149 20 191 139 183
    176 135 211 44 98 48 9 36 173 206 167 249 212 204 255 60 97 93 120 8
    197 17 214 14 14 148 237 156 46 64 94 15 103 78 255 255 86 1 139 221
    45 6 91 5 249 40 218 92 47 102 214 80 35 128 127 25 101 65 137 12 82
    113 59 154 46 53 123 98 223 163 66 186 166 97 90 199 177 175 195 73
    225 58 118 4 176 37 74 162 188 44 28 206 226 118 10 178 214 94 222
    249 251 174 172 20 18 49 124 192 182 72 78 35 173 49 159 150 31 108
    61 102 200 185 230 244 57 107 56 166 186 98 46 216 84 153 243 126
    249 239 29 23 84 22 91 60 17 21 72 138 15 149 172 40 59 177 43 17
    234 255 52 126 58 17 70 40 13 178 14 147 5 213 174 253 48 231 10 88
    104 198 164 2 198 84 34 188 131 41 106 79 121 31 224 253 202 135 182
    218 192 102 138 50 149 62 123 156 249 167 177 181 56 254 234 242 236
    173 118 221 77 219 136 228 97 38 220 64 85 45 237 242 197 248 155
    244 245 208 88 219 149 146 197 155 247 178 198 188 137 122 207 32
    168 255 67 27 6 19 175 38 47 176 28 208 80 61 85 66 96 167 137 238
    201 169 13 254 39 199 248 156 167 0 177 23 104 122 123 233 107 86
    186 213 121 47 113 55 253 20 208 165 45 9 69 106 114 101 28 84 114
    61 114 18 66 210 215 198 90 249 222 250 61 219 27 85 223 70 40 24
    226 16 100 80 190 14 123 5 129 229 56 204 185 107 9 115 145 111 151
    163 216 10 76 80 19 42 245 20 7 138 99 177 121 202 79 64 144 13 54
    22 74 112 40 218 236 221 192 144 89 32 252 77 238 92 161 70 218 57
    111 227 147 95 219 150 37 165 64 132 98 161 200 56 227 146 156 245
    140 241 216 105 81 18 131 7 129 105 199 91 242 215 158 169 61 237 68
    251 74 188 238 150 227 245 2 50 107 9 110 22 118 255 196 151 125 195
    70 96 142 101 76 231 150 69 144 127 134 1 193 22 129 58 206 50 209
    199 125 48 63 254 226 94 191 38 183 69 85 197 39 122 230 68 99 82 50
    105 148 214 0 3 173 105 114 5 0 150 210 17 163 11 132 17 102 232 13
    150 135 199 128 79 226 160 236 91 146 31 44 238 90 176 0 236 25 105
    85 249 74 224 252 190 47 219 155 20 61 0 159 69 12 176 76 112 195
    201 138 65 123 99 85 55 198 33 162 17 135 79 199 184 182 190 220 182
    175 170 88 116 168 119 220 15 191 88 13 132 197 213 57 64 10 41 118
    211 143 102 58 252 58 34 49 2 147 203 4 167 215 240 54 228 103 141
    39 88 38 22 225 46 79 180 49 121 18 65 146 9 127 169 212 215 177 201
    99 115 242 200 191 4 11 173 166 173 33 251 189 127 31 9 13 227 170 4
    138 171 134 197 52 197 21 183 196 46 116 57 227 11 102 64 254 6 41 7
    119 77 67 44 74 144 208 32 159 105 20 77 3 201 151 13 72 223 37 229
    39 249 185 88 204 61 108 89 110 111 94 133 101 228 144 13 187 124 43
    30 120 233 27 230 228 31 42 154 248 110 58 232 151 56 185 207 159
    182 121 212 250 124 240 32 214 20 74 9 92 179 142 147 154 166 149 63
    249 214 66 26 141 104 174 60 95 221 104 61 100 94 237 176 236 38 239
    10 134 139 10 201 6 168 242 30 197 224 226 248 40 179 70 188 109 225
    60 122 14 17 244 25 52 83 28 159 168 57 63 30 177 14 103 44 8 195
    152 201 21 139 106 221 87 117 155 47 4 68 146 249 129 151 42 27 122
    75 3 187 135 29 175 113 141 219 212 234 48 229 40 139 204 221 194 10
    230 160 136 131 248 171 152 108 17 141 12 90 216 223 136 247 5 187
    99 71 126 32 125 41 67 73 176 86 240 66 240 166 68 171 101 188 54 19
    210 84 238 197 157 78 108 72 135 173 52 231 26 215 157 41 136 188
    243 169 163 43 65 51 189 240 86 126 134 81 181 22 185 130 25 92 156
    236 22 131 116 4 76 250 240 128 219 36 59 119 55 129 126 62 137 34
    17 229 214 90 87 7 167 159 85 154 220 66 77 61 9 218 172 111 218 5
    187 208 122 162 130 135 54 99 94 198 21 221 191 125 231 79 133 156
    16 117 229 150 100 169 243 135 40 240 245 171 56 143 40 49 228 20
    129 192 166 115 230 163 246 108 64 134 196 56 33 232 1 171 171 68 3
    186 46 0 152 187 22 5 181 107 4 104 93 124 77 164 77 220 223 121 30
    33 55 195 212 239 134 158 116 24 126 130 103 201 167 218 58 42 84 68
    66 195 236 159 162 154 66 14 159 166 89 233 235 12 229 223 238 2 15
    11 205 123 103 94 210 100 23 207 31 198 32 190 193 170 88 172 23 34
    93 187 208 203 155 168 142 3 200 51 144 186 162 114 83 143 39 4 95
    185 143 146 230 84 181 248 161 200 163 25 97 88 200 159 96 250 188
    136 124 141 198 164 205 104 149 174 174 132 153 155 162 112 108 82
    215 75 140 102 22 145 165 132 135 122 110 157 227 58 141 79 169 23
    209 183 46 203 12 226 73 204 164 9 73 147 155 244 10 5 90 184 253 87
    32 222 61 33 82 161 132 56 121 45 251 194 130 12 251 95 96 94 182
    150 200 199 81 0 109 34 210 31 12 205 167 146 215 24 169 211 17 252
    85 156 58 164 69 169 25 218 26 189 178 144 176 77 1 83 9 20 185 233
    11 20 175 170 206 51 241 216 149 142 170 181 75 146 215 78 80 237
    157 202 102 144 21 48 34 63 68 85 32 105 19 97 49 181 248 125 22 222
    250 134 84 79 65 187 98 8 203 250 49 220 223 5 7 86 39 104 243 98 57
    65 206 187 78 228 66 190 165 100 55 194 175 166 48 87 27 240 194 129
    60 138 169 7 31 148 173 127 208 233 30 160 186 86 160 187 83 233 216
    120 78 255 18 36 55 49 219 154 27 135 28 88 149 103 44 119 208 30
    231 254 128 42 178 222 87 44 20 6 147 29 76 19 4 13 123 229 0 146
    137 179 171 186 93 3 111 37 8 167 138 5 96 110 71 213 211 32 121 35
    66 227 43 133 233 134 61 44 148 221 13 242 187 114 141 227 3 42 163
    229 27 44 5 45 192 22 150 163 235 75 145 51 113 191 127 41 171 179
    214 204 161 45 49 15 109 193 210 149 113 28 151 155 159 19 255 140
    37 43 143 153 198 2 28 92 44 101 205 129 239 232 75 95 28 164 187
    108 76 95 24 175 49 208 242 192 248 11 217 205 198 95 62 231 97 139
    208 80 98 163 40 243 112 81 65 170 185 17 103 95 16 171 129 207 17
    87 171 53 146 248 196 9 251 113 203 93 220 192 68 149 93 236 92 92
    34 195 171 94 232 168 26 110 254 38 66 73 181 214 240 132 119 155 5
    202 88 82 138 26 149 179 206 206 230 52 237 166 212 117 222 221 123
    182 76 179 136 35 252 146 86 177 237 107 178 214 143 165 255 53 28
    198 101 15 73 152 215 10 198 149 53 13 131 246 64 243 129 120 234 62
    241 193 100 173 50 127 65 44 182 216 49 116 146 65 117 160 220 20
    139 160 12 55 61 236 3 71 80 174 231 186 107 33 3 144 94 103 159 108
    136 20 252 238 179 182 150 8 96 188 86 228 39 157 48 218 177 200 177
    164 136 104 178 222 51 175 145 202 81 138 242 157 28 4 85 61 226 14
    247 1 118 134 127 115 150 181 236 60 47 61 98 91 146 246 36 97 129
    227 87 141 149 162 92 213 134 28 57 12 20 129 35 52 51 33 20 244 241
    82 188 23 245 95 109 143 115 207 176 242 218 11 132 219 226 36 187
    169 187 28 15 217 193 194 79 49 17 161 105 125 10 88 106 10 240 175
    70 92 221 72 246 198 42 163 170 99 207 119 9 122 180 182 74 210 163
    34 54 232 26 214 139 59 187 91 214 40 43 28 156 114 24 128 44 151
    251 228 81 82 85 141 29 247 37 28 142 132 60 57 44 215 221 237 42 56
    53 224 180 61 204 191 71 23 142 226 3 183 3 9 73 14 90 151 140 158
    191 1 6 13 5 99 169 228 103 216 196 178 24 255 117 2 47 52 133 110
    243 33 86 54 149 180 119 156 237 145 222 100 48 15 46 28 10 191 76
    136 87 237 169 207 21 3 1 8 231 70 198 151 91 16 198 221 192 125 162
    3 227 242 72 196 21 150 42 146 1 65 54 51 118 95 62 128 191 153 13
    33 231 11 90 231 25 40 5 178 43 192 52 233 170 53 150 33 2 175 153
    45 7 113 190 88 70 75 23 226 109 121 77 131 97 113 129 14 109 22 1
    86 166 20 228 242 191 89 37 233 143 118 180 150 235 215 44 68 192
    115 57 94 21 24 94 164 139 12 135 111 129 24 185 242 146 73 154 123
    229 190 199 244 1 22 215 24 211 91 134 117 26 179 197 165 128 79 89
    163 74 44 124 28 21 80 151 86 78 152 171 14 93 35 196 77 21 54 115
    189 110 127 254 230 85 9 1 21 196 249 144 188 20 194 218 217 94 115
    96 245 205 184 197 41 112 176 149 24 57 23 38 237 127 12 86 5 148 56
    106 125 33 32 160 75 194 248 106 58 94 150 116 23 149 81 124 74 65
    143 209 126 251 155 207 127 55 146 45 77 203 191 204 98 166 64 247
    47 229 136 81 150 250 78 254 29 154 248 195 181 182 13 199 93 125
    197 32 4 111 27 90 226 80 196 114 252 113 241 149 233 128 209 214
    243 42 199 107 10 204 128 5 182 119 233 84 153 49 138 101 64 77 146
    39 215 200 205 132 140 132 253 159 13 142 101 9 51 201 62 204 59 74
    236 54 175 28 132 184 37 77 148 24 33 254 168 214 7 113 213 86 24
    252 237 87 142 102 229 21 89 61 213 179 192 119 48 227 250 7 215 196
    152 50 81 219 188 206 5 106 48 190 29 56 153 222 85 102 64 146 129
    106 221 252 154 165 103 60 130 33 50 87 98 242 123 52 92 133 63 230
    53 219 150 179 248 154 251 131 166 145 240 133 151 78 143 107 4 174
    8 192 43 206 235 246 175 163 189 244 30 165 55 165 24 93 189 152 130
    187 132 251 244 220 205 208 38 218 111 120 250 88 144 63 56 85 92
    216 127 143 251 158 241 188 97 168 215 164 92 241 161 245 142 189 39
    94 63 5 255 47 77 97 204 44 107 131 26 130 17 153 161 128 213 115
    218 37 35 75 123 75 252 119 49 43 45 69 139 193 224 184 38 51 234
    175 208 51 143 138 94 230 103 181 182 98 164 139 7 207 75 81 97 158
    40 192 116 68 138 119 76 118 194 22 143 142 247 71 217 227 15 63 88
    117 236 43 121 159 108 134 150 247 72 227 21 49 221 216 142 0 49 75
    110 233 94 104 252 190 246 18 183 179 184 174 57 133 35 213 95 112
    93 186 248 79 43 232 164 177 94 116 91 206 228 162 248 204 250 57
    236 230 13 144 239 154 37 173 49 157 228 130 63 100 174 84 164 40 3
    242 50 235 80 223 186 129 26 64 108 174 135 182 55 33 126 100 32 52
    79 217 88 123 147 83 127 98 216 185 20 135 215 134 89 166 203 239
    138 24 242 201 109 252 112 37 189 139 175 162 54 70 183 221 158 247
    91 190 17 56 60 215 210 253 207 174 155 193 173 250 194 71 82 115
    224 56 203 222 33 28 227 185 151 229 234 210 244 102 97 144 90 41 50
    209 20 135 27 123 30 103 24 221 110 199 151 250 187 182 133 246 205
    137 233 105 79 60 235 227 7 95 168 165 195 188 16 157 51 233 71 152
    189 239 217 37 232 210 103 109 150 116 106 56 13 59 64 202 121 110
    64 20 252 104 36 225 142 252 172 233 79 204 177 151 185 248 254 96
    152 15 198 100 41 105 59 252 111 201 204 206 105 205 206 84 165 56
    228 86 36 92 170 193 15 32 104 83 178 10 245 173 231 198 100 241 252
    142 100 202 184 111 82 5 193 12 248 152 29 80 71 7 182 132 61 64 22
    116 146 76 106 139 82 192 67 70 122 184 100 61 239 106 111 51 150 96
    14 45 197 115 180 152 59 202 253 64 241 86 184 47 237 139 39 67 79
    131 65 32 90 158 230 177 82 113 172 105 47 153 64 208 239 96 205 190
    50 91 69 13 56 26 78 241 188 39 215 97 81 170 8 216 117 162 3 139 70
    122 64 250 202 201 213 35 7 109 197 94 60 242 88 204 54 99 209 121
    184 133 254 59 245 98 16 100 245 8 97 43 46 191 148 37 35 0 33 196
    183 241 101 129 71 190 174 252 21 176 92 139 233 216 233 235 104 224
    127 70 3 240 35 19 66 223 82 226 86 204 96 215 151 143 111 77 255 26
    231 153 122 234 79 90 85 84 16 232 19 242 190 209 60 21 201 228 253
    241 57 216 115 189 246 93 213 139 225 239 236 32 108 180 253 113 166
    127 48 183 205 46 166 145 121 114 174 194 79 81 25 2 59 237 168 38
    30 33 229 97 132 29 161 202 127 104 31 187 152 114 98 248 74 4 6 239
    57 168 247 88 86 160 138 197 177 119 219 110 199 84 250 223 159 83 9
    159 152 184 6 71 197 103 70 167 167 85 60 105 23 141 201 239 111 233
    36 182 98 171 142 152 199 210 74 172 115 164 44 237 192 10 183 14
    142 164 140 231 179 78 88 140 152 224 120 72 53 218 19 161 110 16
    123 73 227 75 110 173 127 41 198 73 183 134 56 106 168 68 225 184 18
    182 178 98 45 20 26 233 77 193 154 31 39 79 202 32 25 235 193 229 32
    245 112 42 156 178 225 136 199 61 111 222 76 232 241 53 63 78 175 74
    231 31 236 51 220 229 212 65 178 168 178 202 125 248 219 53 177 79 2
    47 156 254 177 3 13 39 100 240 100 230 203 86 98 55 200 185 199 20
    134 148 146 186 102 64 74 106 30 40 212 59 244 106 65 184 192 224
    250 106 126 6 164 52 199 129 170 141 203 245 221 99 107 92 14 107
    141 189 121 131 253 89 146 220 85 216 69 243 216 182 50 238 80 146
    192 21 228 194 198 186 116 185 85 20 129 230 187 170 169 248 241 26
    50 95 196 47 209 34 235 197 48 63 103 225 9 211 52 136 45 142 119 65
    229 218 206 227 109 35 146 218 89 85 36 58 82 113 71 95 82 187 44
    229 108 212 194 37 91 36 146 150 229 179 199 164 97 113 188 89 245
    51 222 223 127 140 21 37 150 74 132 60 158 250 226 84 101 8 90 15
    110 74 239 165 134 119 22 245 107 99 252 29 81 182 77 211 48 95 141
    193 93 226 12 245 132 175 158 22 108 15 48 63 14 178 90 143 194 146
    30 75 217 28 180 90 60 67 112 204 180 197 27 106 226 180 21 176 61
    164 79 32 20 162 99 61 253 55 211 79 42 191 177 231 189 23 157 210
    243 147 129 202 161 21 80 162 217 198 124 94 239 116 146 182 59 68
    98 111 66 145 201 253 243 248 76 248 255 205 46 25 35 181 6 192 48
    48 88 172 74 125 26 236 243 157 210 163 186 67 16 5 126 44 118 246
    126 121 189 91 116 250 99 192 89 233 68 137 35 6 102 98 125 133 21
    60 1 193 164 252 229 166 149 70 52 61 188 128 217 243 67 135 229 172
    49 71 58 162 83 229 134 132 80 174 177 204 192 61 141 155 72 121 36
    171 146 236 226 249 97 105 61 210 124 85 87 207 97 215 219 212 79
    222 207 22 48 233 241 82 56 177 143 195 181 119 92 98 197 75 22 37
    121 19 9 239 246 85 160 255 46 120 215 92 109 26 25 15 161 232 13
    191 232 103 196 29 194 142 55 41 23 61 252 70 208 78 27 202 215 114
    145 158 168 32 253 191 244 104 160 198 188 54 19 185 86 107 203 1
    183 227 22 42 227 43 187 210 97 24 246 122 228 246 66 189 168 170
    112 99 112 94 69 235 229 196 56 34 134 180 220 122 48 87 152 132 154
    50 159 131 68 241 67 217 198 136 83 130 60 135 145 176 210 173 32 19
    86 179 101 68 49 168 9 133 34 250 205 12 28 55 39 39 14 177 38 110
    187 3 101 140 246 55 57 10 102 240 142 36 60 204 144 183 140 180 218
    176 248 234 210 60 214 190 162 175 108 153 205 77 23 232 65 152 57
    102 111 32 48 149 142 76 222 86 135 119 231 83 192 188 185 80 183
    161 220 191 240 1 121 51 143 33 151 130 40 149 252 135 201 9 7 241
    29 121 100 199 151 113 160 116 24 137 181 151 149 241 27 143 255 123
    76 196 60 246 119 85 59 133 7 50 111 101 55 33 156 143 56 103 215
    211 88 127 95 197 101 33 15 8 44 191 193 249 233 34 36 98 154 0 114
    16 179 226 192 111 254 150 51 55 61 167 72 192 181 196 13 17 90 172
    156 120 16 25 117 247 206 206 41 19 225 115 68 79 214 200 112 32 33
    139 154 235 39 125 107 76 124 5 170 6 27 56 98 198 201 253 163 184
    31 234 99 142 219 183 30 140 9 236 69 75 59 39 26 81 75 185 180 96
    191 168 209 58 218 121 58 77 87 188 23 7 182 197 15 97 38 219 189
    226 114 145 163 99 50 213 144 60 168 202 7 168 43 48 192 109 237 169
    168 193 173 165 13 158 205 183 248 140 3 208 130 29 236 34 254 94 87
    169 32 82 133 249 73 39 14 40 193 179 172 94 148 73 153 215 11 219
    171 138 215 176 50 65 138 223 191 121 103 89 32 231 229 88 63 200
    238 152 85 234 121 246 60 54 154 93 182 116 198 178 208 130 113 30
    49 17 146 116 90 31 239 218 54 101 167 94 7 178 69 123 35 67 20 184
    172 50 232 235 245 179 127 205 17 33 163 239 237 117 158 212 37 160
    127 27 241 183 51 125 154 212 32 187 95 246 206 252 36 128 51 72 209
    4 148 26 233 199 23 53 122 227 89 73 210 63 253 254 17 118 180 175
    133 213 156 204 223 182 207 178 80 250 32 31 148 54 44 191 110 5 113
    125 2 235 247 58 175 128 179 108 83 121 6 22 34 165 1 10 250 82 166
    175 3 254 207 211 98 179 108 202 8 216 33 212 39 245 32 14 52 248
    101 54 26 59 119 17 154 157 169 186 94 138 104 236 77 74 188 123 61
    125 73 108 146 134 77 8 2 185 1 69 188 40 40 220 176 12 129 138 100
    249 191 197 138 185 220 188 188 141 24 213 120 212 45 138 122 65 33
    119 85 89 163 86 6 19 94 85 126 194 133 137 135 152 58 89 207 203
    218 251 201 222 212 121 146 192 41 148 12 94 44 57 158 114 187 184
    81 183 248 48 204 208 173 96 182 29 58 48 143 221 76 89 84 50 164
    115 97 6 37 29 177 117 236 110 123 33 146 81 236 104 125 131 44 32
    167 99 24 82 78 144 201 16 89 193 123 253 94 100 201 159 127 236 158
    216 146 3 222 193 185 49 11 145 83 144 48 47 72 126 201 24 214 129
    47 229 222 41 196 174 206 65 187 235 126 138 238 10 244 232 121 182
    161 64 127 4 143 17 137 243 64 96 178 99 117 152 25 124 72 176 109
    252 208 64 132 225 140 187 51 92 13 109 176 61 153 59 172 106 231
    174 63 228 105 109 106 197 131 22 165 96 173 133 212 207 149 251 73
    41 6 202 98 68 35 27 128 143 216 58 109 253 196 118 85 106 150 0 65
    68 22 39 203 169 212 231 166 98 212 226 254 119 27 246 130 211 241
    175 75 21 227 79 105 171 45 128 133 17 97 223 19 25 152 231 5 172
    237 73 132 87 158 218 228 3 52 119 59 217 164 110 254 52 143 35 189
    99 227 74 184 133 114 162 189 52 22 19 244 80 77 5 121 194 225 121
    58 154 241 41 95 86 139 172 205 140 229 17 185 123 47 94 11 47 149
    198 104 105 15 10 45 7 135 203 142 26 225 144 119 39 95 148 210 128
    193 34 65 41 239 227 102 207 254 164 252 171 74 179 77 223 112 244
    91 59 147 108 57 97 35 222 247 90 75 234 122 89 81 205 19 176 0 147
    224 222 228 133 93 101 206 36 171 203 252 204 232 36 105 175 225 207
    64 31 72 108 100 19 61 153 210 27 127 169 77 104 0 164 208 244 169
    119 183 0 137 196 110 18 180 145 189 164 208 43 236 11 169 149 27
    180 199 241 26 76 57 184 45 91 134 47 219 21 58 139 85 120 179 157
    166 80 121 12 60 65 180 168 39 93 33 134 88 29 133 124 200 181 69 82
    44 59 253 32 206 58 98 183 115 114 67 79 148 130 6 114 235 76 9 200
    100 108 131 109 25 114 163 104 177 142 219 1 39 69 201 245 129 240 0
    62 166 30 34 223 177 167 41 128 83 77 105 178 135 52 185 156 30 114
    199 32 69 72 72 38 3 214 137 51 186 5 2 9 115 113 11 237 5 24 91 11
    159 166 241 82 75 14 4 197 230 50 147 192 12 165 21 136 129 94 94
    168 231 61 241 207 239 219 122 17 31 53 80 163 69 105 65 145 19 239
    156 86 4 5 30 221 227 55 22 175 168 204 195 237 232 214 235 200 126
    170 250 150 226 154 145 157 23 170 155 22 188 155 80 209 44 47 144
    226 102 198 173 162 209 248 80 13 17 43 146 38 201 254 117 38 119
    213 1 179 99 48 52 169 93 70 179 72 208 42 46 56 137 200 11 92 236
    114 52 111 255 245 211 225 56 145 0 200 6 149 243 223 110 54 145 48
    64 22 246 219 193 81 16 107 192 176 12 106 35 121 235 243 190 209
    126 181 22 46 91 188 121 26 204 245 174 203 163 250 195 212 86 192
    53 117 181 78 247 208 248 41 77 245 163 221 233 202 234 46 213 190
    232 31 211 229 205 188 187 242 201 21 169 2 221 141 224 125 97 119
    153 197 45 225 24 228 158 203 189 73 174 162 58 80 74 196 135 175
    244 243 56 168 1 224 211 171 119 246 70 97 69 114 254 211 142 250
    112 3 225 175 211 217 166 46 254 162 59 6 13 200 27 168 126 40 177
    40 152 216 154 195 129 240 172 58 165 184 48 17 178 21 208 4 120 35
    254 127 198 144 215 70 39 29 64 14 59 151 18 147 214 92 140 92 86
    207 170 156 164 63 195 220 232 43 133 66 44 62 90 125 195 236 230
    248 140 30 32 172 244 171 226 58 159 207 79 77 91 196 163 59 61 82
    178 110 250 55 157 215 36 6 168 154 189 218 225 56 132 179 229 18
    166 240 9 214 58 204 160 79 165 8 23 141 171 162 16 177 78 187 116
    146 58 112 228 48 27 232 101 62 25 49 162 187 95 152 251 150 199 69
    21 111 182 204 50 23 235 125 168 169 248 192 154 132 197 173 56 104
    5 185 123 25 206 223 173 156 151 146 191 24 29 91 68 0 221 124 10 14
    211 160 87 109 55 132 40 50 208 101 71 220 149 21 253 245 61 44 130
    248 189 102 190 245 106 189 169 140 153 176 68 94 170 84 8 117 24
    239 80 172 72 171 4 144 4 155 60 252 243 200 244 219 41 253 171 17
    156 87 1 14 130 189 117 209 178 113 117 87 140 51 122 11 90 149 248
    88 247 220 190 151 237 254 247 187 254 20 191 38 162 213 93 89 174
    178 184 111 107 76 203 169 243 243 41 35 62 125 110 174 173 55 27
    143 194 77 81 18 148 220 194 197 52 38 25 207 45 87 83 87 20 115 222
    120 135 150 203 197 66 131 152 189 6 218 195 95 70 135 75 170 49 204
    90 83 110 66 181 187 179 187 171 167 146 160 94 69 171 157 80 228 91
    34 121 208 118 41 208 118 91 56 93 114 234 119 11 254 235 204 78 253
    115 229 129 106 102 126 190 57 112 151 180 62 11 17 45 70 214 100
    221 65 28 187 91 149 190 235 179 186 10 136 201 131 70 181 253 244
    26 4 9 155 215 167 232 170 146 210 62 210 172 99 140 105 130 83 60
    93 5 172 254 219 2 46 29 156 129 193 193 121 48 94 136 221 30 23 162
    135 174 118 122 146 142 136 6 93 83 39 13 226 32 255 90 90 9 14 76
    92 219 141 59 136 147 195 148 196 134 233 185 66 92 187 44 135 99
    133 140 16 173 76 132 59 246 31 113 3 121 72 8 73 220 16 119 31 24
    216 33 211 190 219 78 226 197 31 142 70 136 218 197 60 93 72 32 175
    137 130 16 117 38 183 169 118 75 212 83 152 7 23 230 183 126 136 84
    48 0 126 108 237 186 199 212 107 225 158 142 188 91 12 243 254 131
    134 131 220 136 126 159 115 77 141 119 235 145 111 98 60 17 141 2 62
    85 101 100 210 152 167 40 143 52 174 211 154 199 190 65 178 134 207
    116 180 49 193 166 199 131 86 70 251 140 4 12 248 204 172 88 8 76
    179 6 181 107 93 101 113 142 87 246 245 220 155 99 105 49 182 209 12
    49 168 231 77 251 217 148 137 227 73 109 8 229 239 30 52 174 227 129
    233 248 14 124 36 142 35 26 56 178 132 24 192 136 59 123 74 54 60
    149 177 236 14 161 15 250 99 88 221 231 122 203 173 66 145 247 87
    244 89 158 132 53 124 82 67 125 150 230 240 141 203 63 247 60 130
    131 237 227 79 7 63 73 29 93 193 109 16 12 186 89 224 39 77 86 239
    161 145 92 87 221 208 164 236 74 238 79 206 86 47 246 49 177 159 38
    230 175 140 69 226 20 147 94 194 185 225 233 151 46 27 112 226 203 9
    134 6 116 142 143 3 136 227 145 28 5 111 156 74 146 172 250 174 157
    56 207 246 177 23 78 119 61 59 27 24 182 24 173 152 134 178 123 99
    214 72 230 11 60 17 76 34 46 233 240 42 123 20 42 235 152 97 121 209
    28 150 238 71 141 37 100 239 120 239 226 47 83 13 37 184 154 81 118
    99 72 59 165 155 118 104 140 177 234 81 218 215 148 172 246 96 95
    235 28 216 29 232 142 242 223 206 12 198 148 209 151 140 246 221 115
    231 100 176 60 81 253 29 163 205 32 235 1 229 255 126 73 84 207 34
    207 221 207 122 58 47 152 110 207 13 147 114 19 103 69 177 162 51 90
    248 215 202 66 230 178 241 202 246 249 254 124 233 74 246 20 92 253
    35 177 226 66 90 100 168 188 200 228 100 160 116 31 148 12 12 139 8
    127 66 174 65 40 135 15 98 70 211 104 24 109 165 29 171 43 53 160
    139 110 203 85 204 63 66 125 80 179 168 41 177 34 22 248 65 140 60
    106 146 124 44 253 147 73 220 150 80 129 189 141 250 190 99 183 130
    209 184 117 149 126 17 67 207 193 117 83 247 44 135 71 171 4 99 187
    45 249 29 176 36 117 81 24 79 36 32 210 5 231 81 50 146 31 136 33 33
    127 64 89 88 230 81 207 254 155 123 11 110 254 179 124 71 17 161 178
    202 96 95 197 95 41 22 199 78 159 163 78 154 38 64 222 8 11 151 121
    122 179 167 119 170 158 227 87 18 7 30 165 109 129 144 146 96 46 163
    173 101 55 15 219 52 76 64 147 48 17 52 147 125 251 72 44 76 13 157
    126 177 147 236 190 109 182 177 61 107 188 116 88 130 44 149 219 142
    0 207 125 83 209 45 127 101 245 41 21 196 63 165 226 52 50 167 158
    176 69 134 113 9 10 91 156 211 14 189 238 219 21 170 21 206 206 127
    15 118 224 171 145 102 13 150 196 21 139 103 94 200 151 161 11 142
    244 197 103 218 227 135 101 74 171 179 43 88 23 237 105 127 209 82
    252 230 52 57 223 238 183 249 160 251 233 234 135 184 250 135 128 64
    45 90 18 147 18 105 54 223 121 66 206 156 66 94 254 79 102 216 175
    56 216 31 58 150 71 41 182 165 11 147 58 109 91 127 141 99 173 244
    23 133 120 47 171 165 26 108 163 27 57 34 61 178 220 137 115 89 191
    209 206 230 13 34 240 251 227 220 144 141 107 108 64 197 149 0 14
    126 4 229 183 146 239 68 248 142 54 152 114 165 76 189 68 23 162 195
    7 84 161 164 99 116 58 5 170 225 76 251 204 122 45 202 184 99 40 72
    143 43 122 254 11 255 199 181 36 148 235 211 6 119 160 102 181 168
    70 248 145 114 16 70 138 121 99 179 136 101 202 86 239 87 152 19 21
    108 239 45 20 199 81 102 45 211 165 41 83 53 112 180 189 34 209 32
    118 211 22 124 109 158 135 38 188 45 184 0 26 105 130 199 236 194
    213 71 80 157 70 210 90 243 240 1 164 200 147 32 52 41 155 174 95
    243 97 118 92 202 163 22 68 175 23 153 194 107 100 59 108 21 203 48
    77 151 99 144 157 129 170 42 19 2 112 36 198 43 58 209 103 207 66
    100 176 23 14 94 7 137 63 213 19 0 103 194 159 179 132 168 215 107
    74 223 66 163 239 245 191 72 68 61 189 191 74 170 93 230 253 17 168
    138 6 82 44 206 170 172 98 183 197 120 100 72 50 230 240 240 174 149
    239 238 75 42 181 75 85 234 150 252 42 70 217 134 130 185 229 51 177
    100 120 247 60 199 134 171 65 228 13 234 19 23 36 78 213 168 249 250
    201 70 60 138 241 126 145 204 77 199 33 125 238 41 183 93 24 98 72
    217 227 193 139 57 197 71 1 189 46 160 22 154 194 21 110 119 239 241
    224 28 182 23 250 163 3 96 187 96 18 202 50 101 64 83 92 32 232 66
    175 214 243 200 49 128 126 195 163 238 112 85 81 79 98 98 49 251 76
    44 2 92 156 40 129 233 35 205 92 137 212 124 0 135 253 197 170 19 41
    121 105 35 10 229 34 200 107 194 188 127 19 85 247 62 245 40 27 239
    54 138 64 129 249 203 31 61 130 201 188 150 38 21 145 167 120 187 94
    61 181 196 56 13 189 165 87 116 7 213 217 94 105 190 110 151 198 141
    199 173 8 227 49 60 255 78 59 236 118 238 253 220 31 229 64 185 53
    167 17 150 172 195 9 226 26 107 231 243 108 170 12 108 73 0 127 155
    222 67 208 98 92 9 205 192 210 42 23 160 81 64 27 235 72 235 28 160
    200 165 210 250 205 122 210 105 124 62 99 75 140 127 44 58 151 238
    158 199 234 57 12 122 157 37 9 49 119 63 228 67 79 128 75 1 1 125
    216 156 107 187 76 149 59 66 231 224 130 180 241 60 41 11 85 16 136
    136 211 56 95 91 94 111 4 77 129 146 250 137 208 249 223 154 24 26
    88 42 251 159 159 251 37 38 239 62 14 189 51 32 180 14 155 151 94 71
    68 0 186 227 105 157 79 9 60 84 167 120 8 237 231 79 197 83 177 89
    79 235 73 215 147 188 77 198 45 33 232 111 74 27 69 166 115 68 251
    11 67 67 210 132 102 235 84 1 70 56 64 35 49 221 201 224 222 135 170
    225 151 95 209 28 203 52 35 193 53 136 177 234 152 190 240 106 96 82
    26 82 2 11 54 16 31 8 122 125 114 172 65 47 229 27 252 151 114 248
    208 81 81 167 173 41 237 142 194 188 52 200 156 137 101 37 99 93 183
    121 162 142 231 177 2 254 25 255 16 17 65 35 201 50 116 52 9 122 212
    85 112 205 146 120 23 109 249 220 176 57 131 172 109 169 7 5 46 156
    238 25 195 142 234 77 171 143 129 227 216 66 66 76 132 252 53 42 185
    251 49 213 119 32 194 251 72 127 41 252 111 54 178 236 104 176 218
    11 58 92 226 23 145 210 70 102 244 127 10 195 131 74 30 238 28 9 95
    255 218 124 8 255 134 122 230 31 241 249 171 78 44 35 158 173 155
    120 229 131 54 214 27 99 114 53 30 42 42 174 2 75 37 189 162 172 216
    221 88 90 130 152 211 100 208 176 216 147 242 74 205 247 67 10 237
    130 156 139 3 39 6 213 122 223 114 188 124 157 129 198 131 12 57 121
    96 221 204 136 207 13 202 129 226 36 55 7 224 164 247 87 166 188 142
    206 46 64 175 214 150 183 73 76 56 28 249 202 177 15 103 191 20 165
    122 110 101 106 40 120 202 97 182 196 100 215 43 108 160 121 95 206
    140 225 8 83 161 138 37 151 25 215 55 210 252 220 21 136 74 59 46 19
    0 207 232 107 60 159 190 66 234 172 110 11 34 112 128 189 127 147
    213 165 130 56 102 30 175 113 166 48 127 171 2 228 223 25 219 91 183
    74 140 148 171 175 123 18 14 174 229 0 81 156 166 82 166 39 195 153
    228 156 244 91 212 109 113 65 11 3 63 44 15 118 206 191 40 105 81 22
    242 19 176 181 254 193 201 158 221 93 152 183 165 230 157 227 230
    225 0 65 87 24 184 37 155 139 12 47 136 19 51 88 216 40 164 238 12
    114 228 112 194 54 101 89 245 107 88 121 28 38 47 47 98 5 36 10 155
    119 92 196 14 5 216 14 35 207 64 171 43 146 164 176 139 134 154 209
    222 44 145 97 33 51 233 217 58 142 157 157 125 218 189 25 107 136
    131 226 133 0 48 10 90 246 117 202 198 115 231 96 190 127 222 92 7
    174 209 137 181 11 69 110 148 180 105 193 198 122 80 170 130 168 231
    136 182 253 92 252 83 156 75 22 139 198 141 241 26 71 37 221 177 252
    150 167 134 48 160 109 6 123 131 158 19 116 126 138 154 128 55 226
    41 95 25 169 92 90 63 105 114 142 9 157 76 21 147 184 17 93 247 140
    230 101 210 60 142 118 236 41 146 109 2 13 247 49 13 2 109 11 61 207
    179 227 157 29 66 145 60 113 122 124 128 164 50 193 252 92 205 21
    105 251 87 2 40 197 164 201 172 251 203 223 69 229 40 243 72 169 66
    109 14 72 149 96 55 220 23 54 14 103 73 46 174 242 158 82 154 86 195
    39 49 96 35 232 67 201 50 10 81 133 105 90 149 65 128 167 234 202
    182 247 9 36 160 159 190 77 158 176 127 44 204 234 143 240 180 199
    198 160 249 100 145 149 79 157 233 190 140 148 112 156 54 135 109
    141 62 246 142 15 20 184 54 23 136 69 85 205 21 17 51 242 153 60 226
    136 203 249 201 226 68 82 47 157 22 84 81 107 3 142 136 62 28 17 15
    131 119 68 188 132 162 189 52 158 86 78 250 174 64 149 166 210 174
    99 167 10 224 183 45 10 162 154 89 94 165 127 9 94 204 245 212 245
    87 250 195 109 7 153 67 229 124 183 251 243 107 95 160 5 69 94 23 77
    199 30 206 28 172 226 174 123 103 46 192 250 127 176 188 200 55 69 9
    58 58 120 82 237 13 122 68 40 22 115 53 149 135 79 14 73 164 9 58 78
    60 192 50 6 59 78 242 152 107 146 63 28 196 179 192 244 18 102 172
    77 246 58 250 47 248 173 111 194 242 253 49 7 177 214 66 72 3 12 44
    0 129 69 45 45 149 80 143 88 197 207 60 58 74 16 21 26 170 149 206
    20 178 115 19 82 212 162 123 183 230 130 143 188 34 67 193 149 103
    124 186 194 142 254 245 175 74 187 211 242 26 207 138 207 128 98 98
    220 21 53 177 174 183 18 84 152 196 108 245 2 105 53 153 62 3 46 89
    145 199 224 183 161 134 30 7 19 206 47 225 110 187 35 110 208 237 80
    169 26 157 30 90 209 131 137 217 193 241 43 237 60 41 167 139 29 28
    59 69 63 212 189 26 7 15 34 251 242 207 203 143 140 226 117 255 180
    9 28 125 87 113 222 117 26 54 64 70 40 216 32 134 244 130 215 38 232
    128 44 248 252 37 89 134 175 127 216 34 141 74 46 140 246 204 32 115
    116 177 4 119 179 18 255 241 25 248 168 141 124 97 93 17 148 134 59
    113 235 64 161 0 2 30 10 114 229 80 26 177 159 193 64 71 146 101 70
    45 199 205 13 178 2 103 254 226 180 65 237 53 63 213 23 67 93 227 49
    141 9 140 210 27 131 61 131 57 91 235 33 38 177 195 129 230 3 101 72
    245 205 227 39 55 147 10 245 41 149 143 82 158 153 0 27 243 163 95
    119 231 164 31 129 145 251 156 24 40 135 80 137 108 235 31 156 23
    249 5 134 56 52 158 183 208 170 30 246 174 213 127 180 9 73 29 145
    165 221 162 94 140 196 102 158 225 6 63 72 196 14 25 117 200 81 251
    11 150 206 54 250 145 130 144 42 21 57 117 24 87 226 24 215 1 26 161
    25 165 196 45 124 51 231 74 226 203 214 77 148 226 124 128 68 113
    103 190 152 132 44 173 200 80 15 149 55 129 252 7 216 15 234 154 216
    189 43 191 81 13 141 255 81 63 97 233 237 121 38 190 209 104 74 202
    80 70 68 169 61 219 181 149 201 52 10 221 233 8 116 219 67 18 170 49
    181 94 0 241 212 191 87 101 91 130 124 99 49 98 241 167 83 9 239 234
    189 226 57 244 33 175 70 181 172 38 112 104 231 98 115 71 126 179
    224 237 197 53 124 177 231 220 204 241 88 60 99 124 102 184 88 64
    253 148 127 124 63 138 66 52 91 47 75 76 19 113 82 16 163 125 155 10
    131 217 153 110 50 106 166 74 81 233 31 67 224 34 204 33 153 133 173
    25 19 131 222 84 205 236 244 31 148 25 228 39 210 106 54 143 140 59
    204 131 191 164 85 243 101 200 221 178 194 26 251 213 125 53 89 170
    98 171 110 56 129 49 232 194 34 1 175 197 212 99 165 90 237 93 239
    48 189 252 229 135 54 247 175 185 31 253 139 247 214 81 12 213 202
    220 215 121 160 109 31 17 103 113 38 67 149 242 78 62 30 247 173 66
    181 41 42 254 18 170 250 23 208 97 117 32 217 6 218 82 173 239 10
    148 25 254 7 231 32 216 73 109 193 195 95 227 93 225 234 120 205 214
    179 248 233 37 204 44 170 98 37 176 240 116 228 121 77 54 5 14 172
    101 90 251 7 2 198 121 65 152 251 143 88 14 202 209 141 249 183 168
    74 246 211 137 49 61 88 74 254 205 210 19 174 41 127 85 230 10 33
    105 187 186 3 180 170 166 82 251 24 112 20 42 247 244 195 85 141 78
    250 218 56 170 5 154 153 2 45 45 220 228 197 156 170 206 46 69 179
    87 156 241 123 31 41 38 182 19 88 54 126 112 219 125 183 230 199 186
    209 134 28 35 32 254 206 193 117 161 72 74 172 16 2 205 190 235 227
    208 100 114 160 39 48 169 173 105 130 106 115 146 153 213 42 231 55
    149 241 238 11 213 215 162 224 197 59 209 64 195 228 153 217 22 23
    82 118 135 95 143 47 158 194 128 10 102 95 75 87 69 130 31 227 110
    103 61 74 30 87 182 133 52 223 47 133 7 148 165 134 207 215 150 1 84
    57 220 139 21 63 252 29 169 142 10 30 100 183 63 50 84 128 38 185 15
    170 135 68 2 150 76 57 185 6 243 247 143 47 47 194 212 251 221 1 24
    157 136 0 64 237 205 196 130 126 15 182 186 111 93 235 17 98 45 179
    243 50 30 11 252 74 111 188 239 99 36 5 68 205 156 28 106 215 57 42
    166 100 101 211 188 157 174 53 149 110 20 94 94 100 73 86 57 92 11
    223 230 27 207 88 105 68 197 21 117 231 30 7 208 199 158 157 181 241
    144 66 177 72 134 19 126 47 119 77 241 128 246 240 184 224 235 59
    252 101 16 6 198 199 51 7 234 194 226 77 51 13 206 106 192 50 59 206
    80 74 194 215 164 64 0 34 175 150 151 6 173 57 59 159 150 163 149
    239 232 50 110 102 13 254 105 205 146 17 234 131 94 176 15 54 85 168
    222 36 244 7 35 133 169 127 62 56 111 62 129 1 38 214 12 38 91 163
    32 248 227 109 189 208 36 34 95 76 60 115 50 215 96 198 91 176 13 8
    155 3 128 234 98 86 89 189 139 89 105 7 91 174 144 112 24 229 168
    112 255 66 65 197 11 190 117 227 180 189 20 151 28 103 10 216 108 91
    173 136 63 232 51 82 145 55 226 252 58 226 184 208 153 7 53 120 98
    64 16 21 191 140 55 88 251 81 7 173 243 236 77 65 167 41 68 15 131
    222 49 60 38 42 10 92 154 142 107 240 244 194 127 157 40 179 145 210
    204 59 140 1 217 130 255 109 132 67 124 136 89 114 29 75 68 15 160
    50 189 4 187 202 37 222 189 177 125 91 5 166 147 219 181 214 235 184
    47 201 182 112 106 74 212 212 160 225 116 214 235 10 148 232 124 162
    204 125 213 77 225 10 194 204 78 135 162 250 141 32 109 71 140 78
    152 139 126 156 10 148 128 243 78 253 124 242 78 233 41 161 2 103 51
    102 194 77 158 196 142 41 26 92 230 147 179 63 80 223 31 126 61 102
    16 243 90 176 126 145 161 195 255 46 153 168 90 104 158 41 248 5 47
    100 221 230 136 249 190 215 41 250 76 80 205 13 13 1 93 69 42 98 159
    148 97 89 201 140 155 52 108 228 168 233 60 103 134 122 150 180 133
    45 89 154 201 179 239 62 156 92 7 180 153 189 133 8 39 72 198 156
    104 146 130 95 104 215 86 153 250 197 231 177 34 130 213 17 252 207
    140 230 90 212 61 214 216 152 64 153 65 114 138 164 203 31 51 162 87
    155 206 53 136 118 67 232 42 174 138 152 10 43 86 4 66 170 100 89 40
    185 56 70 219 90 89 85 13 148 157 171 136 129 95 254 232 204 181 37
    118 58 27 235 113 95 71 142 180 4 126 1 26 42 2 221 41 38 54 6 108
    42 71 33 235 106 201 232 169 60 81 20 206 124 245 188 170 68 64 171
    15 7 35 216 44 189 218 231 203 218 30 165 184 92 155 194 158 141 83
    96 132 83 160 185 45 26 116 11 239 179 188 21 179 195 224 173 38 14
    151 92 166 10 86 252 47 223 29 234 242 185 188 27 151 193 220 38 54
    167 139 234 2 229 23 199 43 21 110 51 112 230 33 51 223 176 223 130
    18 166 153 94 186 141 144 234 142 188 246 124 42 101 246 38 95 41 67
    221 108 178 200 249 108 149 250 189 23 224 94 171 209 112 64 136 230
    146 194 31 217 216 34 247 244 190 107 213 201 196 192 78 236 163 13
    148 195 233 94 82 13 106 170 234 48 131 190 18 86 225 139 20 150 66
    242 187 134 52 13 206 17 25 15 155 131 93 71 80 27 85 141 61 68 199
    236 118 178 60 187 91 69 8 234 208 15 27 70 228 3 78 123 2 230 164
    21 192 221 115 159 70 4 133 176 193 246 178 205 180 215 21 155 178
    86 9 190 74 200 21 101 178 138 204 17 116 98 116 191 29 67 109 40 56
    253 3 43 188 103 16 241 69 69 188 147 124 248 226 97 112 160 188 110
    210 177 229 159 227 78 205 176 132 249 113 58 129 118 224 78 107 102
    4 61 188 91 153 62 64 168 230 174 83 99 135 172 169 187 186 155 227
    143 194 217 221 220 30 167 38 126 43 188 178 230 228 168 169 146 110
    10 195 166 103 158 241 159 164 65 193 20 51 168 100 46 44 166 167
    157 97 129 160 175 4 3 14 86 240 163 1 16 10 25 249 109 205 101 101
    137 28 204 107 164 210 12 69 252 18 218 198 197 182 213 40 175 209
    86 209 73 3 37 10 86 76 174 7 148 155 84 215 152 16 87 210 199 181 8
    9 167 123 148 8 67 22 122 0 68 191 47 166 115 40 7 231 210 116 96
    200 135 233 167 48 180 98 102 216 104 45 166 229 152 194 125 250 170
    58 68 109 3 227 23 186 3 46 107 177 232 44 45 80 167 59 69 19 42 135
    158 74 236 92 124 62 10 242 58 79 48 69 245 96 130 252 250 118 249
    191 119 39 36 101 146 195 30 167 246 42 215 95 75 254 157 120 148 28
    232 104 172 69 129 185 28 18 13 104 43 179 74 103 178 13 176 16 222
    79 36 239 184 167 30 42 3 25 61 238 111 67 164 39 197 188 213 25 201
    128 69 29 81 55 9 136 90 16 18 18 0 14 24 107 71 133 224 255 175 123
    162 206 49 94 95 216 169 50 150 195 7 76 222 186 251 155 120 127 117
    199 2 223 172 112 165 178 231 211 158 39 1 29 60 147 188 49 59 65 50
    86 150 92 240 50 196 166 177 93 53 198 15 120 151 137 42 68 62 199
    116 181 141 216 248 153 118 11 32 210 51 70 8 81 70 137 200 215 32
    131 185 225 16 50 20 165 162 191 249 238 169 146 207 163 41 51 39 99
    35 128 65 246 239 16 224 195 219 131 234 238 225 103 253 94 171 105
    31 37 109 67 73 158 183 104 194 215 187 6 158 66 16 86 5 88 207 33 7
    111 211 85 166 71 180 89 71 18 212 253 64 7 208 139 152 83 210 167
    63 49 135 62 33 152 145 130 117 39 70 12 74 41 104 40 33 59 38 193
    141 251 169 0 236 54 235 253 255 62 38 6 73 207 214 134 172 230 122
    23 142 2 23 89 87 227 153 168 0 224 186 169 85 147 107 169 249 175
    175 118 121 84 123 190 90 173 90 151 100 55 113 140 182 39 57 89 247
    98 145 52 180 216 65 64 5 239 165 224 48 248 116 218 43 161 52 50
    106 84 206 117 166 180 121 11 157 77 180 58 135 125 210 65 139 80
    234 221 76 28 86 2 131 111 52 210 160 3 173 216 128 220 95 15 235 94
    161 193 84 66 192 10 219 88 153 51 73 19 172 97 161 80 46 5 27 75 83
    75 145 134 247 207 15 172 111 183 81 206 66 3 76 252 53 230 138 197
    138 152 38 98 3 204 4 188 92 210 255 174 38 255 78 95 238 209 206
    137 201 93 65 243 110 223 235 25 89 210 147 178 0 142 40 57 61 247
    170 137 10 176 186 165 60 116 84 51 241 161 185 5 169 12 246 134 97
    25 166 71 209 71 12 194 88 71 42 190 26 195 17 82 27 184 242 254 46
    41 232 152 131 168 138 106 77 2 25 33 199 61 155 171 58 112 23 67
    181 177 255 35 132 65 80 158 41 57 221 90 17 9 91 124 162 188 91 27
    160 255 252 95 38 129 164 153 132 153 205 147 49 115 223 132 105 56
    169 250 22 45 29 86 32 68 15 1 109 159 82 9 108 110 187 37 154 109
    164 202 181 192 75 206 27 253 135 227 49 203 226 179 154 246 34 17
    68 111 17 191 201 193 15 135 217 127 77 128 86 158 215 44 236 73 60
    230 4 35 129 75 173 83 213 64 172 247 123 128 92 231 209 199 189 133
    231 134 121 34 11 145 116 212 92 47 200 219 251 244 203 149 250 251
    153 0 61 50 62 86 157 223 115 225 120 14 69 17 13 12 115 11 52 172
    25 144 114 31 127 90 87 221 234 106 40 217 239 24 38 243 222 82 135
    184 69 51 192 234 170 120 65 168 109 198 178 41 92 253 179 211 242
    252 21 130 23 64 134 18 174 232 213 47 23 5 31 124 116 41 58 143 29
    67 54 34 4 165 25 121 195 7 250 66 163 138 48 149 84 64 146 224 63
    246 238 25 167 68 214 231 234 45 42 177 17 67 206 24 17 236 249 96
    254 192 74 24 162 227 25 200 21 249 118 224 31 122 46 45 161 151 86
    172 131 101 116 172 253 46 41 74 150 34 70 34 53 158 241 144 24 27
    230 129 188 75 237 134 121 189 201 74 177 123 197 75 12 60 161 133
    53 15 243 66 158 95 0 52 159 224 203 5 13 128 98 147 134 248 47 250
    138 113 225 218 190 56 73 79 147 73 208 68 104 73 166 12 56 231 52
    224 29 233 135 106 226 21 3 8 82 75 129 59 67 160 32 84 108 40 113
    121 12 200 53 101 117 37 46 17 194 222 57 118 222 174 206 209 114 4
    250 170 227 110 254 176 217 167 123 38 253 199 198 132 206 248 174
    131 18 212 128 26 189 90 43 251 200 255 254 25 142 134 168 70 38 163
    197 180 164 210 174 184 7 223 241 55 206 129 130 22 70 230 61 17 79
    17 134 45 17 118 23 123 9 86 231 147 31 12 227 152 181 48 156 89 214
    180 188 207 166 81 221 62 122 161 132 188 166 116 156 209 124 234
    225 236 113 148 72 62 208 1 194 101 227 61 221 46 188 87 29 233 223
    15 201 88 28 1 237 10 77 162 172 208 162 107 13 125 197 194 94 74
    166 193 196 204 66 249 138 214 208 145 161 45 204 226 238 117 164
    145 125 153 135 187 242 183 165 46 17 145 3 83 177 84 168 247 112
    196 98 101 168 96 139 239 100 135 123 45 132 75 21 166 80 237 159 90
    198 245 194 234 12 138 68 52 93 7 171 8 117 151 25 149 37 254 196 94
    38 242 170 213 212 116 146 55 152 14 69 190 168 253 162 48 78 227 79
    211 180 251 97 213 164 39 96 88 233 185 93 19 92 102 152 206 64 43
    245 100 23 59 100 46 49 181 83 199 197 156 98 100 240 192 63 60 90
    188 130 94 108 215 132 4 108 59 185 139 89 229 44 91 174 106 215 28
    77 134 231 151 134 217 229 56 21 56 97 7 32 17 212 62 92 13 240 180
    173 24 28 141 198 55 172 186 37 232 219 246 19 111 125 93 65 216 233
    213 46 63 107 84 153 194 96 177 60 145 140 198 75 136 109 167 8 170
    250 216 19 77 223 163 23 234 156 243 234 239 57 181 199 49 221 34
    144 230 153 158 197 155 107 21 73 161 184 58 134 20 82 47 162 5 16
    173 183 25 143 117 128 37 100 50 156 179 233 94 144 214 215 153 218
    247 225 35 2 44 130 141 173 72 100 197 43 226 209 129 33 125 168 76
    68 30 251 103 255 174 149 201 78 119 27 64 102 190 226 207 31 93 193
    183 226 193 200 176 183 202 160 227 197 241 35 233 181 193 29 54 84
    28 178 132 50 209 15 157 144 232 127 172 240 251 172 135 226 70 134
    89 244 86 215 81 225 0 230 149 174 235 14 76 62 109 231 222 213 135
    76 112 86 16 23 153 58 215 71 168 254 21 196 22 53 89 219 212 112
    147 47 134 31 69 217 58 170 0 248 222 214 209 216 176 75 106 127 141
    252 252 7 73 234 205 95 220 112 91 199 75 176 66 105 228 213 142 178
    211 49 122 31 174 32 30 212 80 188 40 169 66 0 204 1 122 225 88 154
    234 14 111 21 40 101 93 186 162 80 101 31 104 107 186 228 65 86 219
    83 244 187 184 40 131 242 67 250 105 45 42 203 147 43 188 22 183 182
    99 142 119 211 162 116 71 34 128 98 211 105 214 14 23 64 190 81 236
    200 67 224 191 168 177 90 140 166 172 167 192 53 141 69 48 248 117
    254 191 23 118 72 184 20 142 86 74 79 28 243 105 201 233 248 238 23
    156 86 63 22 76 36 145 228 16 173 251 178 238 37 87 70 34 166 52 6
    188 122 225 176 164 9 142 117 57 7 41 112 0 8 107 176 124 212 9 173
    47 159 37 165 11 195 100 92 202 53 55 219 97 181 67 48 75 92 60 129
    250 38 79 241 6 173 2 78 212 129 126 99 189 246 247 109 199 234 24
    97 94 146 96 103 207 63 170 213 163 177 131 207 189 206 37 119 41 32
    43 8 72 61 192 20 190 9 217 3 32 58 32 159 150 218 87 255 168 42 47
    168 185 247 74 6 58 142 88 14 34 43 214 4 116 44 83 158 228 68 173
    174 176 163 12 66 213 143 126 233 142 150 8 14 93 55 237 93 7 236 43
    45 159 252 203 248 37 23 152 249 159 109 66 12 160 232 38 31 138 89
    190 142 95 69 59 7 133 49 241 216 200 147 80 206 17 125 227 40 122
    154 128 153 186 183 111 22 243 178 10 16 167 190 45 75 184 93 43 99
    57 191 30 62 14 20 88 248 126</data></test_img>
<my_img type_id="opencv-matrix">
  <rows>100</rows>
  <cols>100</cols>
  <dt>"3u"</dt>
  <data>
    238 61 154 255 209 120 43 19 207 15 108 192 59 11 225 9 104 245 255
    145 62 255 127 147 75 244 255 137 23 109 255 194 57 239 151 123 85
    217 255 129 87 29 116 110 168 27 1 2 255 86 60 139 7 142 83 230 236
    204 25 77 255 114 13 67 185 227 85 114 9 226 155 7 163 221 255 255
    164 244 255 255 130 255 251 97 255 25 133 199 85 255 162 222 255 29
    102 254 133 38 255 65 253 97 231 223 46 171 128 229 255 80 181 219
    245 157 95 202 167 205 220 141 238 51 255 255 208 158 114 231 219 24
    197 255 255 72 185 255 206 137 255 34 131 81 25 103 87 132 35 106
    138 114 105 33 7 142 197 121 167 134 153 28 38 1 6 200 255 223 95
    190 62 14 144 255 255 59 125 146 255 81 90 119 15 34 197 255 129 88
    254 231 109 11 180 74 59 158 220 73 120 140 158 230 15 106 132 38 65
    232 196 104 65 161 255 166 194 143 229 64 52 156 251 78 137 236 250
    134 56 29 90 30 170 38 214 255 125 117 75 2 157 229 84 126 70 135
    202 255 135 15 173 62 102 177 45 218 144 255 168 143 217 255 175 217
    199 128 163 225 5 62 59 219 192 76 100 244 201 97 81 245 255 164 101
    96 103 238 115 197 32 119 182 101 200 200 255 6 30 139 255 229 2 204
    249 55 172 165 96 215 192 159 190 132 64 255 186 255 148 189 231 92
    141 142 225 71 134 216 233 183 243 217 194 214 58 113 228 2 163 255
    78 46 71 164 130 24 234 250 73 195 218 81 113 67 134 136 158 234 78
    46 235 39 175 192 7 66 192 37 9 5 236 110 226 144 245 71 146 161 80
    158 239 162 203 111 195 255 139 224 19 12 72 208 92 116 16 190 38
    182 46 178 93 37 66 157 76 19 30 66 255 255 189 244 80 254 10 242
    169 109 148 212 15 4 255 255 73 173 253 253 120 255 55 151 255 52 77
    44 70 205 23 70 243 255 121 208 204 124 167 82 219 32 181 173 255
    102 110 246 151 84 238 118 218 212 151 67 185 59 18 99 238 215 255
    255 156 205 49 71 110 75 123 41 255 94 80 255 45 7 1 205 76 58 13 37
    244 3 118 4 143 3 47 144 181 205 224 87 137 60 250 255 196 189 27
    254 59 240 215 108 255 133 181 255 164 95 206 208 78 182 143 56 37
    203 65 82 186 231 166 191 255 34 185 191 255 115 255 114 227 82 243
    224 152 255 127 5 214 84 128 151 32 255 206 63 53 228 134 235 76 117
    91 72 149 107 140 17 8 44 230 132 178 11 227 101 99 45 134 195 244
    255 235 251 123 209 14 32 19 255 255 121 255 225 38 62 201 199 7 196
    74 120 255 17 12 210 121 253 4 227 253 224 222 197 49 109 53 25 7
    196 49 161 252 178 186 11 255 193 194 255 188 198 183 195 75 176 64
    87 44 89 249 243 22 29 71 58 174 51 131 108 255 255 255 167 56 230
    255 129 181 255 214 177 66 162 104 235 43 218 147 116 165 116 3 198
    221 92 255 255 255 255 75 193 236 51 89 88 22 187 184 33 71 255 255
    195 199 255 68 15 255 207 2 33 163 196 214 103 165 140 84 196 66 117
    240 71 243 158 205 95 155 147 230 11 113 68 68 97 224 63 44 116 255
    255 148 217 245 202 155 4 94 249 253 87 135 255 255 242 255 120 216
    159 247 91 116 228 255 204 84 255 10 52 162 255 91 42 255 142 120
    114 95 63 158 95 38 255 41 173 46 224 103 221 186 255 51 252 156 123
    255 167 70 22 142 71 186 107 47 55 37 224 223 63 237 117 222 4 30 7
    197 147 176 163 72 135 114 40 152 42 237 44 255 220 255 167 92 255
    44 196 251 30 217 113 149 142 86 78 26 74 177 24 170 255 255 35 221
    161 199 181 212 194 255 150 19 255 126 89 231 146 232 143 97 155 234
    126 13 197 48 232 54 168 44 247 5 103 91 121 233 92 178 69 52 205 37
    105 176 69 14 247 98 34 71 87 201 20 1 91 36 242 201 103 129 200 150
    26 229 255 91 195 179 240 140 239 3 73 179 76 78 159 98 255 190 13
    62 90 185 130 79 207 95 234 255 157 255 113 242 3 92 173 175 74 188
    53 255 0 136 185 62 6 67 106 17 241 77 139 65 233 202 240 94 247 151
    148 179 201 159 224 255 6 10 203 54 68 197 206 138 197 71 29 207 78
    231 197 39 19 151 82 4 158 132 197 224 59 84 112 159 254 137 35 145
    70 99 51 93 111 228 234 57 90 118 19 213 67 255 192 234 33 200 32
    255 187 187 32 38 70 235 186 157 48 221 198 197 207 255 90 204 255
    226 240 101 255 87 10 158 38 58 16 255 75 255 46 63 114 118 101 6 8
    255 11 69 255 239 66 208 218 5 152 153 168 97 139 230 217 170 17 147
    255 246 255 152 100 85 255 165 35 11 255 255 32 24 131 249 174 158
    170 152 169 159 208 250 255 37 208 255 94 10 255 187 115 82 243 208
    24 255 216 38 255 29 77 11 136 255 180 255 119 108 255 77 110 75 255
    52 173 153 185 69 180 174 251 108 181 44 142 218 162 86 255 135 250
    9 159 226 192 26 128 211 230 28 245 3 95 205 198 255 108 108 73 14
    132 255 74 255 162 86 19 43 30 169 243 75 141 145 78 133 255 162 186
    199 209 100 137 224 145 89 222 70 25 30 255 16 178 150 255 218 74
    252 25 49 255 30 12 27 41 24 14 2 119 255 0 191 63 76 115 70 134 49
    148 255 71 255 108 175 164 91 46 255 173 254 20 233 255 255 255 255
    205 14 21 42 69 250 67 242 76 15 81 253 255 230 255 255 172 239 255
    54 221 255 33 255 0 157 169 34 213 255 144 197 1 77 17 19 200 16 52
    209 232 187 99 166 80 5 255 107 120 14 212 235 147 229 28 172 62 255
    90 252 228 255 218 104 239 113 134 32 228 255 255 27 24 174 157 255
    28 139 23 117 30 255 76 146 42 67 209 255 222 245 195 176 185 243 39
    253 42 140 222 127 68 157 25 28 88 255 250 172 142 107 235 62 97 157
    238 43 255 195 5 32 186 145 52 87 113 255 48 255 252 35 226 45 24
    224 205 28 29 132 234 169 62 48 167 239 44 30 173 228 255 197 16 191
    205 183 10 130 255 58 14 143 193 188 42 90 76 16 235 81 214 39 120
    127 216 108 9 108 79 166 220 30 68 170 185 106 28 14 255 27 118 91
    153 128 255 32 70 29 255 198 86 54 111 202 197 119 128 220 255 29 17
    255 255 220 47 181 142 169 105 29 191 173 88 213 10 180 234 255 180
    232 92 215 192 234 114 37 255 140 56 254 244 91 140 37 89 163 132
    151 182 255 68 233 60 75 19 126 165 115 180 95 176 93 129 113 27 192
    151 239 69 235 143 243 102 107 120 210 51 168 195 78 97 39 194 151
    44 198 101 196 218 103 104 41 81 255 255 219 73 149 100 80 181 161
    51 20 156 5 86 103 11 38 137 51 117 196 162 245 209 173 229 150 20
    226 255 30 10 54 255 105 169 10 242 156 105 242 35 1 255 95 43 238
    69 24 228 246 134 232 194 242 118 173 15 43 159 211 19 119 56 1 5 96
    120 251 89 61 76 22 36 170 255 123 141 177 24 190 72 19 42 255 25
    120 133 8 173 52 113 18 6 148 31 255 127 92 62 70 58 51 66 137 14
    132 60 255 100 104 23 188 190 255 44 111 110 121 175 186 118 229 237
    193 132 255 241 58 224 255 96 73 101 91 121 110 219 147 121 21 6 247
    243 230 136 232 137 56 14 255 97 251 78 255 90 228 124 47 234 171 71
    243 50 198 255 217 255 255 98 57 220 245 255 255 255 82 152 143 231
    99 255 134 197 231 35 255 236 2 200 216 161 255 227 178 228 232 45
    32 23 201 255 255 180 145 99 213 176 133 68 253 39 93 148 206 240
    245 212 180 86 126 123 39 86 65 255 17 147 249 239 249 142 80 185 66
    14 31 35 149 89 66 55 44 201 8 5 10 145 90 210 150 34 255 107 255 20
    89 30 255 115 180 252 232 207 115 232 252 255 227 129 166 14 56 255
    158 144 239 231 54 170 27 122 255 183 3 255 180 252 99 235 8 255 8
    101 114 227 223 71 114 223 133 20 255 206 187 152 59 119 152 211 143
    1 205 64 241 207 27 222 244 89 128 51 255 235 59 109 67 255 133 203
    237 72 139 104 44 255 255 19 52 83 14 98 95 251 255 159 203 79 255
    44 221 255 84 243 207 109 15 187 39 205 0 219 180 63 185 196 51 27
    143 206 96 111 104 150 58 19 164 53 121 172 2 87 252 217 255 160 255
    187 2 255 255 255 254 32 88 174 75 15 64 255 93 13 255 9 12 255 184
    18 43 138 255 255 232 239 128 119 178 180 79 99 230 56 255 195 16 12
    4 61 109 68 92 79 250 192 26 145 31 44 97 164 220 199 139 99 168 53
    255 123 254 84 118 255 244 161 61 217 255 122 255 255 69 5 255 16
    101 145 200 124 228 252 48 143 41 184 255 23 146 56 78 133 94 222 5
    225 118 227 175 226 97 159 186 23 118 14 133 11 94 218 255 172 255
    53 73 7 102 111 203 82 116 1 121 247 108 255 94 150 219 118 176 170
    66 43 30 54 255 108 182 89 149 93 180 225 89 67 85 46 153 230 132
    238 167 255 188 66 250 64 132 42 196 121 202 33 106 158 255 119 118
    97 121 25 198 247 222 225 255 166 255 108 80 59 159 121 16 23 65 180
    102 165 18 255 126 86 24 224 0 255 122 58 255 150 85 19 222 67 229
    168 219 231 66 7 255 200 96 163 132 158 234 208 102 132 149 189 176
    69 147 237 156 1 168 249 245 57 86 55 82 251 34 255 179 166 255 87
    78 139 230 112 42 142 38 162 43 25 255 161 223 255 77 255 255 227 32
    255 179 231 22 66 36 11 211 190 52 0 198 120 107 173 229 204 130 215
    232 221 161 184 123 255 255 196 215 210 118 80 228 255 195 41 255
    135 39 247 238 100 255 144 60 135 63 79 91 108 24 134 167 53 63 157
    211 251 10 255 255 72 255 220 5 152 88 106 227 75 164 5 107 173 234
    20 219 117 31 119 108 140 182 18 165 214 139 15 206 255 210 119 44
    211 23 159 131 56 70 148 82 153 161 19 127 128 255 2 145 187 135 159
    200 89 205 73 61 1 120 9 221 171 109 230 14 104 41 250 189 77 255 71
    239 13 70 157 254 79 14 218 75 42 195 5 10 255 102 184 175 118 33
    139 242 255 120 90 42 102 11 184 180 63 255 3 152 169 224 194 106
    255 129 130 137 70 41 252 81 230 1 229 162 242 86 23 221 85 244 68
    10 87 5 222 129 255 107 93 197 75 186 238 166 1 255 40 56 83 184 172
    70 203 212 40 73 113 49 235 66 255 124 108 62 84 212 28 109 178 34
    60 35 152 145 202 153 255 43 255 217 107 51 65 255 148 159 143 152
    110 36 177 4 157 85 25 216 63 218 189 70 63 159 35 179 20 25 9 228
    202 210 133 201 6 228 255 194 64 255 236 232 255 80 16 29 128 247
    247 64 1 255 127 252 185 144 13 13 121 214 173 173 210 42 69 82 44
    234 36 156 120 255 191 69 168 219 174 175 218 181 255 87 246 75 142
    18 5 209 243 255 109 122 23 118 186 92 255 10 255 255 45 173 115 64
    53 192 69 31 135 120 216 13 250 111 14 149 185 124 32 184 147 75 122
    76 129 133 255 62 225 151 226 19 95 129 110 230 43 255 243 78 85 56
    167 227 38 57 224 255 118 23 14 92 255 255 42 68 215 255 181 215 255
    79 194 60 217 33 54 56 134 255 202 255 188 1 187 142 79 185 69 40
    235 202 92 138 103 255 52 13 196 40 185 254 207 208 45 25 81 51 255
    220 150 142 99 174 19 175 47 110 96 10 255 207 244 255 117 18 164
    168 38 238 137 255 253 233 36 76 84 211 81 50 145 49 240 255 19 71
    154 190 152 153 255 94 112 23 215 64 53 230 86 218 247 9 188 85 172
    19 184 74 255 137 117 1 118 152 196 37 9 209 212 23 156 9 77 33 61
    173 255 182 239 255 166 199 85 163 212 34 184 255 195 1 180 201 173
    23 173 33 45 145 102 8 255 55 5 176 168 70 255 146 159 82 139 13 244
    73 222 51 186 166 255 65 15 255 7 156 188 144 166 255 56 218 255 207
    208 105 74 189 206 29 159 248 185 255 255 107 117 254 89 96 61 243
    35 75 239 112 255 67 231 32 40 169 255 255 42 255 2 221 78 241 99
    221 181 136 51 196 255 81 111 255 123 214 212 125 181 137 255 72 2
    83 81 178 22 172 252 15 176 5 123 4 4 77 20 240 67 1 163 255 74 49
    247 95 25 152 126 232 95 102 233 134 255 246 255 254 153 90 61 63
    110 31 169 255 50 129 213 42 59 82 234 0 255 184 195 87 252 255 30
    97 113 90 200 11 123 230 210 156 117 14 5 73 255 110 245 162 218 118
    111 14 19 161 223 222 55 247 231 15 188 246 188 201 65 106 94 92 195
    255 57 158 197 158 234 255 195 10 70 87 95 11 255 255 170 145 99 37
    2 162 71 57 249 161 4 74 171 233 223 255 51 251 199 171 75 70 188 16
    85 46 219 130 156 31 199 250 242 123 132 250 209 115 78 255 96 251
    254 85 36 75 87 124 255 241 154 143 1 251 255 184 67 255 46 253 156
    185 159 168 229 255 255 70 5 255 98 155 238 79 179 255 58 179 132
    255 181 22 115 158 62 232 155 110 255 4 188 255 213 194 246 53 4 117
    123 43 61 241 255 128 217 143 93 63 24 10 31 46 42 166 90 95 54 154
    29 95 90 181 255 83 125 37 125 117 190 156 172 200 8 160 239 188 115
    234 86 44 18 252 162 255 219 29 255 42 126 145 10 39 55 180 80 194
    229 82 66 145 30 252 221 120 128 255 140 255 3 251 131 82 3 236 56
    230 132 255 32 2 63 254 59 255 117 90 181 237 10 255 2 2 170 168 176
    187 218 148 215 132 188 175 198 98 72 29 255 145 46 255 250 38 205
    172 132 148 255 29 71 65 255 245 255 230 188 255 163 124 255 159 205
    219 5 15 56 153 134 85 224 207 40 250 67 255 173 2 255 66 227 3 127
    22 144 127 141 154 31 38 91 31 225 248 152 69 161 92 184 123 87 139
    214 155 255 105 159 60 255 189 108 255 182 70 61 255 142 9 180 135
    14 103 45 32 236 111 178 129 196 226 251 183 205 180 134 238 61 255
    97 229 172 3 239 209 25 54 2 200 139 250 83 251 89 187 147 192 255
    108 227 157 76 38 171 20 188 151 244 252 218 147 128 255 78 33 201
    206 123 255 100 48 109 240 35 124 58 46 181 192 108 153 229 164 116
    7 169 76 46 165 255 116 56 33 239 173 180 117 19 14 105 98 86 9 157
    59 221 190 191 178 241 37 117 184 89 9 69 15 7 142 207 156 143 255
    245 11 145 39 12 135 134 32 255 41 122 255 213 88 92 255 126 81 92
    147 81 197 114 190 168 253 97 123 166 255 188 11 85 252 241 255 15
    87 247 111 10 176 72 140 99 147 64 66 24 159 176 134 113 70 232 49
    213 7 30 204 178 252 255 147 10 255 72 130 194 180 173 188 168 225
    80 255 49 28 192 121 255 13 178 161 245 81 86 218 255 127 64 45 255
    13 255 97 108 155 48 237 18 134 23 185 255 245 27 225 5 238 175 242
    21 188 240 128 47 68 234 229 222 48 255 237 71 238 255 246 154 54
    168 44 103 252 148 158 51 154 52 0 202 73 117 237 29 164 9 214 47 4
    158 132 102 231 147 104 14 34 235 205 7 105 135 58 73 155 113 29 60
    211 170 223 102 223 86 29 1 137 98 101 114 35 255 16 79 9 156 165
    255 202 225 37 232 20 110 37 216 95 62 245 10 230 33 99 178 113 238
    194 173 9 10 183 53 205 14 13 193 206 240 81 152 226 86 81 210 173
    255 16 139 63 65 255 255 255 142 156 24 179 95 78 32 255 140 255 108
    37 212 240 175 205 32 75 131 255 95 188 134 219 186 247 255 55 255
    153 125 145 40 25 103 183 70 233 109 135 108 113 249 90 255 141 117
    255 255 57 164 111 111 159 7 189 162 135 87 255 224 115 163 255 135
    253 183 255 255 13 190 77 60 255 255 255 58 72 127 185 255 243 90 67
    104 139 255 98 142 43 147 142 47 200 186 148 193 173 216 230 186 91
    87 131 0 23 255 97 14 24 168 255 157 255 132 170 1 216 69 255 87 236
    186 87 30 105 167 202 119 161 25 44 17 115 254 66 156 255 123 244
    183 75 53 242 204 34 116 82 216 247 71 48 255 90 164 218 188 68 252
    164 179 149 183 189 59 202 238 96 202 129 63 147 213 78 140 75 225
    85 49 164 79 12 200 110 176 255 127 40 255 214 100 102 202 48 132
    242 33 151 205 184 24 192 137 254 104 113 148 221 33 127 151 220 135
    228 225 182 145 118 108 115 198 73 147 3 255 255 142 255 57 192 255
    26 208 13 191 201 142 187 251 255 239 36 13 204 255 255 153 139 52
    37 60 145 144 244 188 180 167 0 161 165 56 193 2 158 122 205 188 187
    255 38 255 174 255 150 34 255 50 32 22 70 3 156 141 236 178 40 179
    78 107 181 255 116 201 151 169 124 204 255 75 140 55 97 35 164 20 95
    43 161 255 67 120 59 143 234 143 93 132 255 194 255 53 233 22 152 87
    32 230 80 8 63 87 152 182 87 190 255 20 224 213 67 220 99 105 102 22
    255 96 67 13 106 185 255 53 255 144 252 86 189 255 255 97 191 216 76
    179 97 117 24 11 167 255 192 235 22 161 143 195 200 197 56 197 214
    187 127 136 243 242 241 67 102 205 22 255 3 233 224 129 1 20 56 152
    139 42 131 221 153 200 124 255 32 255 210 246 125 252 1 15 199 255
    248 101 121 255 238 87 255 48 143 158 67 131 90 176 156 194 97 20 48
    16 38 255 101 143 125 63 253 14 76 218 46 204 173 255 165 113 248 77
    126 14 207 103 43 187 255 255 219 131 71 37 170 114 3 255 211 241
    131 255 71 162 104 241 70 233 195 11 255 57 184 75 173 214 115 255
    255 194 252 104 199 161 32 153 224 157 201 183 90 139 57 198 245 21
    88 235 217 43 213 255 5 228 219 220 237 182 48 135 66 255 24 102 54
    13 204 20 46 255 203 163 143 123 194 128 143 219 6 20 219 79 58 127
    123 233 254 15 218 121 69 23 255 63 115 243 103 87 104 156 59 255
    230 234 13 98 135 85 241 158 10 255 166 68 175 240 255 61 68 85 188
    223 255 253 113 162 220 241 51 251 214 219 13 48 175 65 159 65 237
    255 172 114 41 82 47 93 138 185 79 38 122 3 255 233 15 97 66 192 205
    232 228 225 94 16 8 204 147 16 192 169 15 136 144 32 193 92 134 18
    125 183 49 255 139 23 13 113 142 197 255 45 132 118 111 210 115 79
    118 9 89 172 237 121 159 245 239 255 142 87 27 68 40 222 96 232 134
    168 255 40 161 220 20 255 192 45 209 71 128 255 97 4 49 77 44 180 64
    19 27 48 36 159 94 231 0 136 33 128 223 232 144 143 255 201 33 169
    255 45 206 34 173 56 255 161 228 129 43 80 75 228 132 92 105 158 187
    198 146 255 198 155 119 56 202 255 77 161 255 234 188 221 229 54 67
    206 167 207 161 102 201 152 93 255 249 56 255 48 196 255 253 108 253
    192 233 255 240 120 255 234 180 151 89 140 20 189 25 63 220 164 116
    178 242 255 15 255 138 40 22 132 245 198 113 215 177 76 61 91 149
    167 124 143 234 255 76 131 13 14 31 49 125 27 238 63 112 166 245 33
    167 75 212 180 59 195 44 23 90 48 113 182 209 255 107 165 248 126 93
    255 97 146 164 123 208 3 245 250 177 255 188 0 36 19 151 247 168 191
    78 134 240 62 142 140 53 90 162 149 228 238 127 80 255 71 255 255
    178 62 40 75 24 132 36 213 190 172 255 28 71 246 233 244 255 249 251
    229 201 178 181 199 5 38 63 9 69 255 161 227 91 123 45 255 129 170
    138 171 98 120 96 46 224 9 234 220 108 225 228 61 134 170 101 57 255
    31 216 85 29 113 233 173 158 202 182 163 127 235 5 255 253 129 58 6
    211 94 99 176 190 189 245 172 205 34 127 124 162 209 42 167 111 233
    159 86 189 227 89 235 242 116 197 184 135 21 254 197 169 43 255 215
    190 255 131 255 255 5 207 90 206 29 255 65 102 44 61 168 173 255 228
    162 52 223 255 247 241 201 189 104 255 193 166 120 236 255 67 24 76
    175 93 236 78 25 129 255 191 255 10 28 79 106 223 255 97 143 253 63
    179 108 114 124 33 255 33 210 56 240 92 185 142 62 161 144 224 90 53
    232 201 62 77 255 24 222 237 175 8 255 119 27 176 226 104 255 217
    216 119 1 144 230 187 167 205 250 46 94 117 255 94 255 219 138 19 96
    101 143 216 91 186 200 255 124 139 124 8 163 23 205 195 252 120 111
    242 212 123 29 175 29 188 24 217 27 55 255 108 85 236 204 175 189
    123 240 255 120 232 175 255 206 68 33 27 137 105 255 109 81 131 5 94
    245 255 109 57 142 143 54 64 255 78 99 215 208 90 67 197 103 255 69
    228 59 82 252 255 20 97 42 54 49 181 105 255 147 54 255 255 207 227
    143 239 21 255 140 139 255 53 135 248 124 0 234 247 53 13 60 255 255
    10 142 214 38 99 197 150 63 137 52 229 255 144 22 10 140 33 231 124
    13 255 205 238 134 219 68 95 52 181 37 140 102 90 84 22 255 181 189
    0 61 143 24 236 122 255 13 173 244 124 208 138 51 214 162 158 2 95
    255 177 152 255 86 81 95 124 77 19 196 9 255 216 255 46 110 108 159
    231 202 93 46 63 250 25 255 50 255 255 209 77 47 70 232 196 206 255
    255 112 4 110 99 174 177 254 14 244 133 64 245 25 5 231 179 66 78 99
    203 243 120 19 53 253 255 145 155 44 91 179 78 255 95 111 34 136 157
    97 104 202 255 22 76 33 180 255 195 1 15 252 48 185 37 194 227 68
    145 124 89 165 227 8 4 65 197 96 255 225 136 129 30 211 254 255 250
    249 20 40 57 22 234 49 245 150 32 63 36 29 118 33 64 71 189 232 4
    222 134 161 23 129 67 163 214 206 107 108 205 72 227 108 80 46 89
    151 119 162 68 38 216 193 189 157 227 158 255 39 23 250 134 241 111
    64 133 196 251 147 255 36 222 9 192 217 97 224 231 202 89 119 57 39
    0 57 144 177 164 255 239 255 45 224 255 94 58 205 172 152 255 44 101
    24 255 255 249 191 124 220 66 143 89 219 255 255 210 63 158 157 102
    110 107 8 211 254 168 9 55 21 166 161 255 86 255 231 255 94 255 180
    194 184 97 208 29 255 71 231 231 192 124 237 16 199 255 222 9 147
    158 133 177 209 25 140 50 225 255 255 255 39 96 4 205 158 74 239 180
    252 120 214 131 255 113 255 63 19 241 43 180 255 255 250 209 77 227
    162 134 226 142 219 128 219 28 34 37 255 172 1 255 216 35 66 188 180
    105 10 213 238 215 240 230 255 232 255 132 188 191 84 157 137 242
    255 72 114 113 25 30 170 238 220 81 168 73 155 157 255 234 25 255
    246 61 234 85 94 237 73 233 144 255 76 255 90 135 97 125 77 45 255
    127 157 26 81 82 109 143 221 176 38 115 101 177 138 148 173 255 247
    205 99 255 250 234 251 76 136 147 255 243 200 106 33 76 224 174 151
    80 182 122 255 190 198 238 214 118 158 37 166 90 7 205 255 127 153
    37 99 159 228 171 155 255 79 51 159 206 255 171 125 100 209 233 169
    255 48 255 255 75 92 158 19 42 42 167 140 42 255 99 255 48 84 178
    252 173 51 76 87 51 255 122 127 157 253 125 221 137 121 102 103 5
    127 246 120 95 255 149 217 25 81 162 219 96 75 186 219 129 10 255
    112 205 101 253 27 255 34 8 59 94 114 255 64 71 140 112 186 83 207
    76 242 90 82 255 219 166 49 13 164 255 11 136 111 213 43 111 236 66
    170 224 192 51 238 164 75 180 199 144 229 192 185 226 137 255 231 14
    42 175 107 228 25 221 129 55 177 130 162 71 18 28 155 108 150 74 13
    101 185 66 247 58 27 255 20 255 18 65 255 216 1 78 133 4 43 191 210
    128 120 191 11 37 125 66 216 234 125 50 114 255 101 238 154 134 69
    214 86 189 5 212 217 255 32 63 105 171 100 240 6 150 255 250 174 176
    39 48 149 245 5 186 49 37 44 122 77 210 194 186 255 161 114 255 213
    91 237 147 95 255 184 51 153 213 73 255 188 227 238 33 123 39 118
    131 243 147 249 249 0 255 239 181 177 255 75 223 213 247 91 154 23
    76 213 64 20 255 87 73 255 66 224 43 238 185 116 44 150 81 210 15 38
    98 102 63 250 253 247 94 255 118 164 241 248 57 220 39 102 225 188
    26 119 243 56 150 255 196 255 183 8 207 37 67 16 255 97 163 255 99
    188 182 229 225 8 46 159 185 15 201 255 77 176 158 86 244 211 173
    199 253 142 14 75 193 31 255 170 255 128 222 128 90 109 255 163 57
    53 94 255 101 120 17 85 105 102 201 255 124 247 110 220 80 196 170
    247 214 203 98 255 158 90 58 98 157 133 245 255 139 165 151 255 193
    184 255 255 7 176 255 87 255 134 188 40 138 122 255 10 255 205 171
    130 130 77 33 20 72 170 114 236 130 27 52 255 255 77 223 254 200 225
    154 206 42 62 79 169 138 127 234 47 85 255 42 91 255 0 11 7 49 84 98
    178 127 103 255 157 21 127 15 59 20 122 87 91 7 24 237 17 58 144 179
    134 255 90 36 196 135 34 255 115 131 255 229 186 255 73 67 125 237
    13 199 78 13 72 57 40 255 195 139 233 112 139 197 197 205 249 64 110
    195 54 146 119 146 76 210 191 218 97 134 161 24 42 254 255 90 135 86
    25 255 202 208 14 255 197 252 47 166 56 255 124 86 145 7 146 106 56
    102 152 75 214 104 255 255 185 50 68 252 192 244 252 38 177 140 114
    153 151 94 206 111 176 25 255 255 189 242 191 92 255 157 207 39 194
    151 172 44 13 255 38 187 255 20 34 28 131 57 153 233 115 255 65 196
    75 26 129 83 101 255 225 245 213 255 173 8 206 22 136 81 124 111 242
    204 25 51 142 44 8 92 85 40 70 196 255 213 118 255 46 88 65 10 218
    62 18 104 255 199 151 149 255 104 108 185 185 249 243 21 56 81 246
    78 116 131 42 37 166 147 209 133 138 18 41 124 173 49 34 137 129 61
    197 13 66 249 15 138 123 238 255 20 66 180 3 4 108 190 44 238 143
    121 255 86 224 105 10 41 186 221 115 0 212 91 140 214 18 130 29 100
    218 247 32 59 214 245 245 233 238 219 79 255 248 136 102 11 18 121
    125 135 255 252 190 26 255 63 201 164 226 88 255 108 43 183 19 187
    133 240 82 233 22 198 255 164 2 102 222 219 255 19 57 249 175 191 65
    203 4 22 37 14 67 97 71 255 71 101 123 88 114 162 190 104 16 119 57
    255 224 255 53 42 102 63 43 44 244 137 255 44 1 179 204 110 219 249
    115 240 105 113 60 72 162 203 96 149 217 15 108 89 255 131 113 181
    114 31 102 89 26 9 13 234 143 69 240 94 179 196 201 255 201 25 0 63
    56 229 74 182 230 216 164 174 120 72 73 65 255 147 59 255 100 172
    178 255 49 255 102 181 30 39 210 125 114 131 30 219 231 221 184 8 65
    214 86 42 208 227 142 189 235 200 171 142 204 45 131 255 221 152 255
    113 147 152 178 229 255 13 79 52 39 246 105 251 177 27 25 255 14 232
    255 116 224 190 255 137 255 4 68 92 54 166 186 61 31 195 149 171 255
    255 187 44 244 8 133 130 98 91 25 33 255 154 135 23 255 91 211 176
    252 184 237 170 255 224 27 82 167 86 55 73 41 205 61 53 101 166 246
    184 234 157 89 216 173 36 255 50 241 255 105 238 255 233 24 72 215
    255 200 29 212 156 146 102 255 144 167 166 211 48 255 95 255 72 121
    255 255 228 201 190 161 24 120 97 185 255 135 208 255 230 190 89 216
    120 254 67 82 87 217 69 255 236 59 255 128 176 30 181 34 228 223 251
    228 197 147 255 238 189 255 229 42 238 49 58 116 135 42 157 50 12
    242 240 196 13 255 173 24 123 175 115 199 51 250 81 151 255 179 168
    255 2 92 83 74 12 10 82 254 228 124 1 163 203 33 255 84 229 190 62
    49 23 239 93 237 255 234 75 138 48 153 141 255 255 121 58 255 194 32
    255 216 191 213 7 255 67 253 244 25 18 19 87 235 68 125 192 71 33
    144 80 68 255 97 132 255 139 94 176 164 14 255 62 214 42 11 120 41
    88 255 155 51 190 90 155 143 49 64 29 238 120 157 23 48 188 255 0
    161 254 63 170 69 148 207 163 184 58 37 134 209 153 115 75 147 253
    85 211 142 168 32 201 111 255 209 255 99 150 255 197 201 56 60 244
    56 110 216 255 21 151 215 70 235 255 50 133 97 234 255 185 57 235
    225 244 16 100 230 247 255 66 130 255 87 95 255 255 9 255 199 139
    255 115 23 240 62 115 82 144 146 244 25 132 234 158 169 82 68 53 226
    95 255 8 73 255 249 40 253 87 189 2 71 16 88 119 149 148 135 173 145
    163 72 93 105 128 187 190 215 101 151 238 213 242 93 15 80 191 255
    83 232 4 255 11 20 233 129 181 221 174 255 153 232 5 230 127 5 152
    67 43 48 91 44 100 215 76 224 26 7 23 100 168 137 31 32 158 175 255
    67 224 169 46 172 120 75 156 55 51 220 218 171 114 228 102 26 77 157
    240 219 196 119 236 139 134 55 235 204 255 204 210 140 234 218 174
    48 41 199 243 64 202 186 168 124 255 240 168 245 199 255 11 122 111
    87 132 196 34 94 33 54 110 135 247 114 153 163 3 38 180 97 247 218
    120 178 255 166 131 255 155 152 130 176 255 183 48 15 108 179 172
    255 164 53 15 205 3 4 226 74 19 168 126 186 243 42 91 240 176 48 51
    211 255 79 152 255 203 89 58 193 118 253 210 19 138 249 81 132 255
    97 66 103 82 80 167 219 118 200 110 121 164 41 255 244 161 211 158
    125 255 251 95 223 181 170 238 132 229 255 38 130 124 63 195 221 122
    64 255 172 184 235 93 200 229 141 201 53 139 104 6 20 100 173 80 93
    249 125 255 111 224 37 248 255 255 38 90 9 149 138 43 201 3 85 255
    117 207 255 206 44 255 108 124 238 112 246 16 120 156 215 105 129
    255 135 124 255 120 180 255 255 194 58 82 57 70 239 164 201 27 249
    244 23 196 197 43 85 164 111 26 62 255 239 255 213 244 73 143 44 202
    18 144 255 195 152 200 255 154 238 210 53 95 42 112 255 28 25 110 18
    121 38 148 14 255 103 57 196 251 148 233 92 4 99 92 103 188 87 179
    78 168 222 255 234 192 255 81 240 68 97 51 223 107 5 255 237 240 62
    126 69 18 251 169 215 60 255 255 122 255 171 232 133 67 122 254 138
    172 232 190 120 132 166 245 52 180 73 186 255 108 194 100 127 46 167
    175 210 149 237 178 106 70 63 71 84 225 255 240 54 114 166 144 255
    62 20 99 237 32 191 227 175 255 7 140 172 63 75 194 121 31 235 134
    73 8 119 255 240 250 255 209 134 21 255 8 255 234 79 65 34 82 26 255
    15 153 223 215 255 207 153 255 109 243 14 221 125 58 27 236 247 101
    211 29 89 186 221 4 65 186 8 250 63 255 170 179 94 232 51 255 110
    173 223 19 165 151 171 71 15 108 199 255 49 69 176 47 84 147 148 185
    22 28 114 29 159 103 54 252 234 39 101 228 255 91 109 243 71 255 178
    245 201 91 13 25 58 110 15 233 48 142 255 78 124 119 224 255 46 113
    99 186 243 189 255 29 35 255 160 37 158 216 31 108 198 40 220 200
    124 255 80 84 132 19 120 248 6 82 255 112 253 177 167 244 94 199 15
    220 6 210 209 28 145 53 163 185 225 31 235 135 214 19 176 172 44 33
    90 177 24 54 240 133 184 208 254 93 255 20 52 30 255 166 243 51 255
    201 237 208 52 200 232 33 129 102 202 77 98 233 137 228 69 178 96 49
    154 104 155 58 247 255 125 156 112 35 255 2 113 111 147 87 121 212
    47 26 150 255 67 233 239 228 34 162 58 2 56 14 141 105 161 229 24
    175 166 138 84 19 255 129 188 215 129 134 129 192 14 40 103 210 234
    56 79 255 190 26 33 62 249 5 255 211 18 135 164 190 123 124 105 200
    191 58 53 165 211 151 104 142 120 12 255 144 165 105 210 38 196 57
    199 214 112 2 139 183 84 15 36 81 82 235 254 121 137 77 16 38 250 13
    255 46 127 255 255 9 228 102 9 217 217 255 255 80 255 166 8 220 168
    109 255 33 113 204 173 246 216 239 69 255 255 41 78 39 7 13 236 4
    229 37 84 8 79 162 19 224 206 149 101 90 10 78 81 32 51 236 249 65
    188 190 141 135 38 57 145 75 77 195 210 146 239 116 255 140 214 228
    189 114 243 255 6 108 154 237 203 183 255 203 137 255 101 57 106 195
    180 49 62 197 111 247 184 70 197 255 255 120 47 137 71 192 4 21 108
    6 147 175 86 169 32 34 80 212 116 249 255 242 165 125 47 221 169 46
    226 214 110 211 60 76 218 120 243 198 58 23 217 165 196 228 52 255
    65 110 255 16 117 159 51 75 215 226 63 214 178 10 4 66 67 19 212 96
    255 194 255 11 110 255 220 222 62 56 84 38 133 217 63 105 89 44 255
    199 180 19 161 255 255 55 155 188 4 80 255 255 255 72 189 222 137
    230 140 255 92 36 124 238 190 10 15 51 183 228 255 255 91 172 101 43
    246 9 162 95 9 68 81 139 149 246 243 36 147 101 138 44 223 112 255
    164 31 135 34 237 80 121 23 100 242 226 85 157 129 157 62 181 18 243
    127 235 255 156 255 86 131 132 130 98 252 19 71 199 211 211 198 166
    213 88 99 107 207 255 60 81 152 240 254 47 255 219 224 109 183 119
    218 133 147 10 44 73 234 71 91 44 65 125 218 7 85 43 21 255 243 14
    255 70 151 42 72 119 249 185 37 62 22 255 185 90 164 255 80 235 95 1
    7 255 240 180 1 230 108 218 180 132 30 187 244 220 30 122 255 195 24
    192 140 1 255 87 191 181 50 151 105 99 184 121 122 234 255 236 140
    213 185 141 255 213 97 28 90 14 204 64 89 109 75 103 181 255 253 194
    128 132 48 170 255 43 162 179 244 164 95 13 232 167 173 82 229 94 40
    11 255 93 209 134 80 10 138 40 53 255 84 255 188 117 169 255 178 255
    49 255 162 99 55 227 68 219 88 113 33 223 226 151 95 233 16 154 243
    189 99 252 34 73 255 32 228 187 1 81 51 220 135 250 197 161 33 169
    56 255 205 158 129 221 219 255 72 100 139 125 93 143 255 172 158 6
    22 114 147 73 82 146 161 255 89 8 161 190 139 245 227 57 255 151 196
    255 95 255 243 255 86 255 252 205 140 166 78 166 31 227 16 80 11 176
    250 177 89 200 86 51 7 207 223 206 144 104 114 77 78 11 34 255 135
    213 35 255 139 75 145 225 113 156 253 172 239 7 255 71 95 33 166 60
    243 138 129 244 183 95 37 236 56 255 89 218 215 60 84 59 57 65 143
    255 19 44 193 103 149 43 4 104 211 15 29 184 228 10 231 121 68 89
    208 56 249 221 46 179 210 135 128 95 111 23 128 97 173 247 224 255
    186 209 45 106 164 56 96 28 137 140 238 84 8 214 153 118 137 242 41
    255 245 147 83 208 169 178 23 92 58 233 214 255 15 49 255 136 221
    121 180 228 255 136 136 255 226 251 83 145 199 70 134 185 33 122 38
    242 193 157 151 219 96 255 33 217 154 244 80 255 209 255 240 255 255
    156 13 218 255 58 57 65 137 166 255 255 245 255 30 133 158 64 95 200
    48 181 115 58 238 255 85 128 255 48 49 59 57 140 255 207 244 223 3 9
    199 178 1 27 129 255 145 153 186 52 111 255 47 216 234 130 52 140
    118 137 117 46 223 118 62 138 255 54 163 74 255 53 30 0 168 9 167
    255 98 255 57 242 152 170 251 5 50 154 73 246 111 240 15 250 177 188
    37 53 103 196 255 255 173 99 86 34 154 91 123 144 79 24 199 199 177
    138 116 219 219 44 51 180 144 252 89 69 29 85 99 202 152 205 95 255
    123 4 223 210 194 255 73 90 176 241 191 228 180 223 118 172 255 209
    255 45 18 53 69 42 137 199 114 6 255 66 57 8 176 198 89 245 38 131
    27 208 80 255 54 2 186 31 58 145 229 229 68 255 229 255 139 0 43 25
    199 255 160 245 90 100 213 255 19 175 40 118 103 180 70 148 245 102
    10 187 33 74 182 97 142 240 5 147 248 66 104 214 125 10 187 140 120
    255 57 205 255 198 36 48 165 128 18 220 53 255 139 208 18 193 251 63
    178 49 235 69 251 226 31 203 250 21 164 162 47 255 30 80 89 90 251
    91 200 101 186 164 231 131 209 2 122 190 242 49 65 202 40 97 193 255
    70 94 78 255 42 253 168 26 200 255 21 255 255 124 255 15 7 89 92 17
    27 255 131 213 255 54 230 255 173 161 124 229 110 65 186 150 34 132
    52 196 155 238 255 36 189 40 240 44 255 179 202 125 3 255 147 171
    186 78 255 207 137 218 42 224 29 29 111 216 16 102 57 110 252 174 74
    185 183 255 219 87 170 181 17 33 197 199 132 127 245 84 116 3 109
    238 163 222 128 238 167 255 107 255 202 3 224 185 90 30 163 127 245
    100 34 87 116 204 242 39 209 20 177 31 203 255 227 240 229 29 255
    152 112 92 29 72 247 113 40 172 13 62 176 90 82 255 255 151 119 130
    156 36 116 42 255 231 145 57 139 150 77 255 58 153 205 215 230 167
    234 66 255 170 255 44 64 186 132 166 170 61 108 163 139 187 155 137
    51 73 255 85 170 221 255 224 250 29 10 101 96 135 255 85 190 13 146
    255 123 113 183 255 192 206 225 209 58 25 164 75 180 33 173 162 87
    97 67 166 57 197 102 134 102 82 124 108 27 71 230 162 223 168 146 26
    29 226 51 153 158 153 255 107 181 75 72 112 240 69 34 220 215 133
    255 204 213 255 73 47 15 137 184 121 226 22 46 159 1 180 94 180 255
    148 65 255 32 255 6 105 151 252 7 151 235 137 41 183 132 152 19 80
    255 134 246 200 255 50 40 255 88 85 164 60 27 110 94 239 66 144 36
    96 194 236 104 41 242 225 69 38 58 15 13 149 32 194 151 122 164 250
    236 195 109 110 65 99 97 30 233 251 158 255 139 203 183 63 18 255 78
    42 209 80 62 255 224 238 255 88 51 43 89 205 235 70 73 161 111 52 78
    42 82 177 68 129 238 184 82 85 199 38 89 255 93 80 220 232 157 72
    134 255 36 214 185 163 255 255 161 178 20 184 11 244 244 89 39 31 4
    255 182 243 255 209 157 137 205 99 47 40 179 166 18 157 80 216 195
    255 171 239 106 110 253 114 73 41 148 207 180 78 97 108 39 132 189
    255 239 168 170 157 20 166 128 158 48 199 255 216 200 165 152 32 130
    57 255 172 162 5 212 255 92 18 121 30 161 4 27 139 176 250 228 133
    20 151 80 168 255 109 207 114 255 157 229 175 66 60 255 171 184 255
    56 255 63 132 170 30 224 60 255 141 123 16 228 119 156 241 2 255 159
    224 147 171 249 173 36 18 129 174 214 154 80 123 40 141 230 32 185
    145 70 191 103 1 21 239 245 147 31 100 216 194 58 208 13 67 229 49
    97 70 51 255 22 33 81 50 35 96 203 110 255 109 195 255 251 115 29
    255 209 204 255 110 255 172 98 118 128 232 201 243 210 254 218 136
    15 113 216 183 221 255 144 91 192 114 254 217 255 73 124 6 88 227 67
    210 240 202 224 235 154 142 110 101 207 167 20 162 222 255 110 53
    255 251 250 228 142 125 255 255 231 218 104 225 255 250 188 255 123
    232 149 58 255 255 94 100 102 80 136 99 22 255 89 255 189 201 160
    187 119 125 218 255 43 33 255 129 56 255 243 232 58 1 206 161 52 255
    186 255 150 87 137 109 255 174 167 144 2 232 142 94 201 89 167 130
    102 60 97 207 1 57 187 149 241 186 137 87 255 157 124 24 243 114 255
    136 229 18 115 113 100 32 60 78 143 0 0 100 89 255 67 235 255 41 97
    11 243 167 92 135 255 255 109 252 46 21 64 8 159 8 123 108 43 255 45
    198 243 136 4 255 23 135 228 255 121 219 160 238 128 64 106 22 153
    255 128 179 176 4 97 78 168 62 174 96 55 151 42 253 87 37 190 232
    255 36 194 115 111 69 83 175 224 255 28 234 255 205 10 255 166 78
    111 129 217 49 182 170 255 11 68 172 191 233 108 148 187 255 204 252
    255 90 183 255 93 180 85 16 4 16 75 99 255 96 178 170 129 13 255 235
    254 20 247 247 120 202 198 96 222 250 97 99 228 119 254 153 255 215
    148 255 64 71 216 88 22 255 54 131 255 0 75 231 81 38 68 17 152 255
    181 144 61 218 159 142 196 198 30 71 121 255 75 68 255 78 190 255
    101 14 138 131 142 90 255 58 118 101 192 250 169 191 233 224 189 182
    75 144 255 131 84 76 216 255 127 255 30 11 240 107 129 34 254 43 78
    188 226 207 44 137 180 243 118 82 24 148 161 255 132 178 194 8 61 14
    113 60 117 242 94 41 18 251 74 182 204 255 49 184 197 151 190 217 38
    58 81 255 140 144 229 133 234 219 235 43 255 166 84 142 132 51 213
    255 11 187 121 255 234 234 49 233 241 220 89 102 76 73 242 36 247
    231 249 221 89 123 158 56 8 190 218 81 15 155 216 255 88 255 140 48
    119 219 148 125 61 140 69 42 82 109 89 219 162 65 223 148 200 30 111
    11 108 112 3 90 66 37 41 86 133 255 0 255 75 144 110 138 101 49 139
    244 164 176 111 161 17 255 95 210 40 20 246 73 54 1 147 166 80 255
    52 42 0 152 75 146 230 67 52 255 202 32 255 43 129 181 43 163 237 23
    150 215 220 42 255 160 205 56 86 255 255 133 119 19 86 88 8 11 209
    250 118 37 16 23 211 115 97 179 204 4 214 47 93 93 144 165 158 8 255
    216 239 250 153 209 124 89 231 112 107 244 128 15 161 87 255 125 95
    239 4 231 139 68 138 41 255 81 159 255 57 75 209 81 255 11 247 255
    255 128 45 255 84 102 129 192 175 226 63 60 46 88 219 182 193 194
    242 141 225 127 200 194 255 140 164 71 97 101 3 191 1 142 151 27 255
    96 199 151 46 224 130 156 185 105 246 84 226 209 227 96 255 13 109
    15 158 66 240 194 255 173 185 137 255 250 8 14 212 177 223 15 34 9
    255 66 254 88 255 195 31 242 38 253 110 104 143 22 165 41 156 255 67
    72 58 157 230 175 118 143 215 253 38 117 242 18 39 34 54 95 16 244
    65 225 206 184 58 218 64 154 177 171 95 233 194 10 151 95 87 255 251
    249 61 105 126 255 42 19 168 70 255 8 169 247 6 69 152 255 25 97 255
    148 168 95 219 159 81 44 207 124 241 64 255 152 129 118 218 1 213
    194 143 255 87 150 128 161 252 119 98 44 237 228 129 255 20 78 115
    66 44 125 152 140 127 121 97 255 91 174 253 17 154 0 49 124 235 178
    218 135 40 44 101 179 130 132 139 222 163 209 217 54 112 29 129 73 8
    255 255 156 73 151 40 221 207 136 167 120 51 76 255 255 255 23 153
    137 157 178 255 230 92 255 239 1 5 136 185 255 255 249 221 82 64 240
    109 241 90 255 56 123 191 19 143 93 255 255 149 64 102 224 113 111
    29 176 14 77 123 183 255 69 255 157 144 42 250 63 255 184 255 149 44
    124 91 70 55 52 75 177 142 209 84 11 117 255 152 132 12 255 144 38
    230 255 255 255 134 118 255 233 247 201 87 124 99 139 143 255 94 124
    239 146 186 156 187 208 156 148 253 162 43 255 106 36 67 255 39 255
    255 97 122 8 255 255 33 8 161 255 75 227 255 92 135 255 194 190 119
    91 58 255 155 255 152 176 206 75 20 53 255 198 58 255 69 200 206 221
    82 85 6 55 15 235 255 128 148 249 240 209 80 154 228 101 255 168 128
    223 214 136 5 131 247 255 255 166 52 168 255 226 158 175 4 28 174
    143 131 195 38 197 255 183 207 129 255 200 45 228 212 93 255 179 191
    255 88 59 255 136 42 220 22 235 56 21 130 255 156 229 255 48 209 255
    40 239 233 209 34 166 218 143 233 235 45 62 102 92 20 110 231 255 16
    87 199 120 88 114 251 69 51 129 32 197 251 255 3 13 86 255 205 58
    140 144 176 242 81 124 85 99 224 181 125 255 59 115 253 239 86 12 30
    32 34 130 172 128 40 2 34 15 255 161 6 115 52 255 155 232 51 80 16
    72 119 19 147 183 11 233 178 192 237 251 123 170 151 168 255 255 190
    249 46 44 249 25 255 27 203 132 178 92 38 209 68 255 137 255 255 109
    54 139 63 169 199 77 228 175 163 128 60 254 98 200 221 75 230 14 172
    139 63 135 255 137 3 177 139 157 101 143 255 168 255 113 255 255 255
    206 8 206 135 142 40 152 255 71 92 255 235 114 101 23 245 99 227 158
    238 197 142 71 71 140 54 199 70 255 118 196 145 183 74 121 67 252
    255 51 103 35 29 125 219 2 148 181 80 139 173 134 99 13 92 115 140
    62 66 124 210 174 255 183 71 196 53 255 72 239 150 58 69 131 255 78
    93 104 255 54 255 208 255 230 128 46 153 18 130 134 234 236 110 133
    255 255 73 133 62 126 255 140 214 82 255 135 41 255 250 255 248 245
    255 230 105 145 62 193 112 255 108 141 24 68 221 255 255 66 71 121
    153 77 81 128 97 111 214 13 235 146 153 49 7 70 88 227 65 254 22 52
    226 251 161 198 24 255 129 175 234 254 244 214 69 76 181 30 253 211
    68 145 6 255 213 255 45 69 233 136 255 225 205 93 144 72 129 154 102
    165 214 255 95 226 172 242 170 29 0 33 29 25 255 193 229 89 216 250
    1 141 3 223 209 243 162 78 158 1 188 219 129 75 81 188 15 29 213 252
    202 115 229 255 92 113 185 143 137 161 200 239 123 221 81 192 53 170
    41 255 209 69 255 71 124 106 187 101 249 21 80 156 132 189 83 102
    203 254 232 168 243 91 147 129 73 169 207 36 132 202 196 48 16 190
    154 182 184 255 154 167 221 209 37 165 96 13 166 250 115 163 255 103
    59 255 149 255 166 255 188 151 129 135 255 242 67 0 138 36 23 105 35
    127 103 23 91 234 136 95 145 52 23 71 179 89 135 93 76 71 137 255
    178 77 255 131 227 221 118 25 255 79 76 59 213 132 101 239 211 144
    240 170 13 125 255 101 156 113 13 208 88 67 181 255 10 102 23 245
    186 87 33 170 76 233 229 92 154 202 255 29 48 169 1 215 199 196 71
    74 170 170 57 195 255 91 162 184 244 255 10 253 255 255 75 78 58 217
    255 219 112 191 92 112 38 118 200 40 64 52 162 31 146 89 2 170 97
    245 187 80 228 155 255 179 44 61 161 195 145 255 60 255 213 201 234
    73 62 37 112 65 100 60 239 145 197 75 229 103 49 255 137 124 172 172
    152 255 187 255 255 170 214 105 41 137 240 110 255 76 178 195 92 200
    21 247 134 183 123 255 170 142 233 49 154 117 78 3 158 109 255 202
    90 18 221 5 229 76 255 255 102 210 255 149 189 51 141 103 255 202
    255 44 33 8 247 168 108 244 27 177 99 117 228 252 79 101 255 222 32
    138 187 255 147 47 230 214 180 223 199 2 255 51 249 144 145 40 67
    255 211 100 159 2 74 255 109 31 195 117 22 154 132 185 255 181 74
    109 124 42 255 169 10 144 93 241 239 214 232 180 194 24 18 11 255
    118 164 56 108 214 139 123 9 34 106 244 53 218 11 115 96 214 24 123
    77 205 255 41 255 6 242 184 255 162 157 109 255 88 181 155 235 106
    164 145 183 185 190 250 233 73 238 160 95 100 202 13 255 213 133 218
    229 113 59 195 224 144 43 3 215 172 206 238 73 42 96 109 117 25 5
    132 100 102 89 245 145 8 8 65 245 0 212 0 162 125 81 5 29 18 252 166
    229 214 15 92 172 126 103 255 253 100 216 0 150 168 158 51 255 255
    189 9 223 255 118 150 246 219 79 232 255 45 100 78 5 255 73 94 107
    10 116 60 243 72 255 153 103 74 143 221 66 255 26 14 223 176 87 216
    6 255 242 215 140 105 81 22 219 136 25 144 208 255 231 100 81 37 53
    181 13 234 90 156 68 11 173 84 192 115 241 27 211 255 184 255 79 191
    125 228 170 252 219 126 255 100 97 46 82 87 186 128 223 85 29 255
    255 121 31 177 252 255 72 172 222 255 0 113 147 68 255 255 31 225
    218 255 243 255 234 255 96 48 255 113 143 37 102 107 244 137 116 255
    219 9 86 209 237 73 187 137 112 255 218 131 56 247 197 192 191 88
    248 255 74 11 255 155 96 76 32 104 171 134 255 195 109 255 79 190
    111 89 58 255 126 221 255 178 22 255 147 19 61 73 145 68 160 27 47
    32 173 255 231 80 35 117 113 233 110 104 255 52 142 63 190 146 255
    137 216 87 249 81 156 246 104 199 4 52 42 235 207 89 19 188 49 95
    181 43 195 198 63 43 199 46 131 255 183 200 162 243 84 27 255 125
    152 240 51 30 255 117 205 108 26 255 138 88 104 27 97 191 255 255 42
    135 208 163 140 247 197 25 207 63 142 244 10 83 141 187 205 220 104
    255 149 47 255 255 255 54 48 208 102 157 158 105 81 216 52 95 163
    191 207 253 161 50 56 255 255 150 255 0 255 108 180 177 255 212 146
    90 0 161 255 85 29 9 141 148 109 115 255 244 240 255 108 117 25 148
    101 255 255 141 191 255 192 81 129 89 177 188 183 85 255 92 44 16 23
    166 47 51 255 243 18 0 166 255 68 207 125 142 30 90 150 40 221 161
    24 246 231 255 70 119 191 36 139 130 133 79 145 6 155 247 40 27 196
    118 25 231 204 44 124 114 77 15 36 243 225 193 104 16 207 232 255
    137 101 255 137 158 210 155 145 72 28 155 211 122 255 204 142 137
    255 156 32 175 72 143 163 165 154 204 93 197 255 42 37 210 143 255
    62 149 173 106 21 201 16 221 2 153 82 95 255 77 7 202 174 56 94 173
    137 102 40 81 167 155 7 159 57 92 25 46 112 44 28 19 202 116 167 255
    223 163 77 129 43 37 208 255 221 212 35 206 78 254 243 161 121 65
    167 235 228 197 79 46 84 100 202 112 236 255 119 91 255 187 126 213
    89 225 105 72 84 223 253 176 106 167 165 133 16 198 204 217 231 255
    7 255 46 133 49 32 185 64 213 170 5 16 65 129 248 250 109 78 240 85
    178 109 255 80 199 255 183 30 243 219 168 170 48 255 172 192 243 143
    255 236 55 22 198 71 76 238 135 194 56 147 200 119 22 48 58 198 49
    46 255 255 254 231 104 152 8 210 97 255 201 175 134 35 49 82 255 3
    111 255 255 197 215 118 186 255 134 217 255 119 223 243 119 164 255
    165 132 243 137 80 46 27 75 13 194 219 255 86 90 80 37 115 176 42
    126 23 32 145 109 76 255 89 255 255 97 70 78 237 47 45 157 251 255
    134 121 238 255 157 186 46 89 196 229 136 129 66 142 208 197 181 42
    255 202 255 255 206 255 83 85 18 34 255 131 255 54 252 32 33 184 255
    95 244 115 115 22 211 211 159 159 156 131 255 14 255 255 104 76 158
    68 99 170 160 223 255 166 170 255 193 201 63 84 255 202 210 255 191
    101 59 114 9 108 80 213 49 106 22 190 111 178 146 29 52 57 192 116
    255 221 65 166 255 229 209 40 53 219 168 197 179 163 150 194 188 166
    189 99 74 158 110 30 81 255 255 166 181 194 239 78 255 51 71 180 110
    0 222 123 255 202 23 130 32 199 255 170 71 215 89 146 66 29 25 255
    168 59 255 0 255 15 127 186 255 63 124 95 97 221 255 209 170 67 159
    170 255 223 197 15 27 190 207 185 91 58 24 129 59 113 143 5 192 239
    13 56 234 39 73 43 255 135 245 10 111 46 66 100 93 119 34 25 151 243
    255 235 51 54 255 85 255 47 160 122 106 190 118 255 232 168 196 200
    58 255 86 152 255 207 166 205 170 63 19 7 97 187 178 244 243 86 150
    144 88 243 161 107 86 178 86 205 187 249 129 255 18 186 255 180 190
    71 146 251 211 222 197 113 95 100 120 73 139 59 116 169 37 102 255
    14 67 255 135 49 158 128 73 134 255 4 126 218 58 245 196 80 247 161
    112 41 135 60 79 248 255 7 209 140 71 22 255 169 5 5 56 135 162 60
    71 164 255 25 213 35 255 108 235 135 164 23 221 79 87 255 108 147
    252 216 141 44 251 19 224 166 26 29 92 214 216 69 37 76 81 123 204
    107 92 204 65 244 164 158 8 119 203 251 127 180 168 192 88 96 35 148
    40 178 141 255 255 20 153 38 70 109 183 42 255 25 46 73 192 86 255
    255 193 26 255 57 169 237 7 255 255 240 255 255 206 9 173 214 231
    223 162 255 255 203 126 197 208 157 25 77 179 147 24 169 120 228 255
    255 23 41 255 104 209 56 230 191 235 156 162 139 118 103 1 24 158
    239 163 156 114 30 49 137 240 29 180 166 104 157 121 8 152 205 210
    187 193 217 73 160 82 255 141 43 71 161 198 89 63 26 255 255 152 199
    211 1 176 203 54 255 161 22 39 234 247 255 255 229 33 75 142 172 210
    137 0 14 92 221 133 250 92 7 20 255 36 152 30 189 180 4 89 86 105 47
    197 127 255 174 255 21 255 108 4 198 255 31 212 180 61 255 65 241
    249 154 255 125 192 209 250 28 166 255 113 8 126 8 255 56 35 241 130
    255 197 24 95 75 223 172 112 95 132 131 45 180 127 194 166 143 130
    151 72 128 58 246 84 206 161 27 133 67 255 163 69 75 255 27 107 73
    183 11 15 67 80 200 74 152 255 250 22 4 234 53 3 69 152 187 26 131
    255 169 115 11 105 19 249 63 87 130 109 209 255 144 112 255 227 255
    221 3 34 204 99 255 152 163 69 244 54 196 255 209 8 176 194 43 255
    179 155 144 69 86 38 76 89 61 207 57 234 180 74 110 60 99 46 135 255
    237 255 240 255 14 86 197 226 157 22 240 179 151 10 5 15 184 250 149
    239 254 255 176 145 202 128 220 255 197 16 214 157 255 255 241 32
    129 218 140 255 16 167 23 238 19 206 197 255 253 114 230 14 11 255
    137 30 252 218 152 151 161 41 135 194 206 228 240 238 180 196 30 79
    44 255 146 100 89 255 216 105 80 255 2 208 44 227 66 235 167 199 80
    231 176 9 187 191 153 180 243 249 203 62 176 208 214 255 0 81 20 129
    141 207 113 86 225 113 187 9 104 210 176 184 31 47 138 255 62 99 169
    149 219 135 33 38 84 255 162 2 132 162 14 255 14 7 244 42 162 153 3
    24 255 181 238 220 239 65 57 133 99 32 223 198 255 27 180 248 245
    189 85 84 41 166 67 43 134 31 49 255 66 111 218 213 130 86 151 136
    97 255 186 255 72 79 235 47 242 81 74 113 46 105 98 255 194 132 199
    57 93 20 101 222 176 221 255 4 116 55 70 150 5 18 217 255 138 176
    176 215 218 197 54 255 238 238 37 55 234 47 15 151 97 102 124 212
    133 255 75 142 20 188 176 78 115 220 70 239 143 180 131 183 210 169
    79 255 227 113 11 242 137 190 255 107 185 209 179 187 86 113 255 82
    89 70 52 246 120 142 213 181 104 63 39 76 143 255 114 133 210 68 147
    47 88 99 76 217 122 118 93 62 82 161 244 23 227 192 255 255 255 33
    153 255 255 223 255 255 89 249 11 38 172 204 255 34 237 37 154 139
    112 137 101 156 13 133 47 253 175 184 40 192 101 69 255 36 198 65
    170 235 255 142 135 235 235 188 9 181 255 185 255 196 167 238 52 255
    38 18 91 11 255 209 148 27 151 101 255 86 114 97 162 133 206 87 245
    64 255 252 229 27 9 255 66 99 150 255 95 12 151 92 12 89 86 112 255
    57 223 13 58 164 255 144 163 8 111 54 114 183 210 145 26 169 118 47
    225 13 172 154 255 162 18 240 64 119 142 197 1 255 151 91 255 237
    156 139 6 86 124 41 254 53 187 255 11 255 176 209 205 152 255 245
    126 61 113 53 255 255 255 255 47 69 157 218 255 255 236 82 254 255
    69 40 197 60 100 58 139 77 116 216 63 217 207 32 239 244 219 117 16
    178 80 122 255 172 151 3 198 203 255 112 255 228 64 27 47 208 60 255
    194 32 250 115 57 205 84 87 143 213 25 255 20 123 230 55 255 224 144
    168 253 92 103 1 197 53 42 192 38 237 255 33 255 157 103 70 19 250
    46 38 188 56 100 57 231 148 45 8 94 135 206 243 107 132 56 255 255
    216 255 235 38 43 200 190 114 47 117 143 178 28 148 35 216 152 38 62
    18 137 127 255 156 169 235 255 191 229 255 166 119 91 75 114 255 80
    113 25 255 207 255 97 112 9 187 41 130 128 4 225 222 118 255 255 235
    0 206 222 130 238 250 185 204 227 66 167 223 202 120 7 67 163 2 255
    211 58 255 220 47 164 109 30 235 238 111 255 184 251 253 204 112 228
    110 18 230 156 239 151 63 196 32 11 81 202 244 228 56 139 35 10 47
    255 70 21 255 255 116 174 4 161 195 180 20 213 255 176 240 100 224
    245 100 67 188 158 7 20 20 91 95 138 49 87 149 174 203 255 222 203
    255 120 175 255 206 166 255 78 134 255 126 206 213 77 115 114 179
    135 40 22 252 111 227 230 255 194 199 15 249 86 149 68 3 104 10 97 6
    49 95 248 65 159 49 199 38 244 96 89 247 197 81 67 6 232 61 240 21
    53 179 230 77 76 240 4 102 51 58 127 255 40 159 255 144 31 124 158
    195 255 32 145 47 105 102 25 38 119 133 190 255 27 255 20 140 121 86
    93 223 119 33 14 170 132 191 68 75 255 123 218 56 66 198 230 19 254
    243 204 255 255 132 67 152 251 58 181 245 253 85 30 229 197 175 120
    255 157 223 223 113 131 249 80 243 139 244 23 3 93 234 59 173 220
    161 79 202 180 219 218 196 123 247 255 13 220 200 223 150 22 206 132
    70 64 19 255 94 133 255 138 220 86 226 122 145 128 65 59 165 140 255
    15 190 130 69 177 255 144 178 46 102 255 170 190 164 255 8 81 137
    253 14 191 33 64 215 229 255 180 128 80 255 107 255 255 174 78 181
    181 156 205 255 146 119 10 199 144 113 249 37 164 54 128 144 133 129
    202 255 75 25 46 101 230 202 255 121 124 255 38 110 5 164 115 173 2
    70 255 27 96 197 245 156 65 36 56 180 192 195 118 185 255 255 149
    192 255 162 196 255 77 255 100 19 255 159 62 246 210 45 135 176 227
    15 255 128 10 115 66 202 237 244 34 94 98 135 229 229 168 143 216
    131 48 218 208 255 250 137 255 62 198 255 136 255 152 229 109 140
    121 229 230 30 229 102 85 255 177 24 230 238 68 93 209 155 241 250
    139 114 110 115 46 153 107 121 30 255 54 255 65 174 78 250 169 109
    105 113 91 223 97 205 173 255 102 152 208 104 50 7 255 255 79 255
    175 104 187 203 166 255 37 51 116 74 10 66 186 158 110 128 140 116
    171 255 129 25 14 22 158 60 170 118 100 153 116 102 115 17 216 67
    187 255 255 121 250 9 176 234 58 38 255 0 186 240 24 30 198 30 22 21
    9 2 245 151 208 255 233 73 255 51 87 75 255 135 53 80 132 111 220
    151 65 106 92 115 255 32 65 52 0 4 33 31 47 99 240 106 195 90 255
    255 241 10 106 44 135 97 87 56 148 129 150 195 255 144 8 255 220 29
    44 156 252 255 126 125 46 228 37 71 174 30 147 48 181 215 255 220
    104 24 255 52 192 255 125 121 100 20 142 176 216 228 24 18 148 243
    95 148 23 40 231 255 42 239 200 144 209 202 34 0 167 255 184 49 54
    80 163 11 146 162 163 255 121 146 197 255 132 216 255 255 207 229
    143 244 109 26 43 244 107 212 92 15 247 226 20 62 255 6 157 32 11
    235 171 162 35 162 152 9 66 128 255 34 140 255 135 140 87 52 9 235
    144 10 35 35 142 102 255 81 56 81 243 11 255 249 255 42 255 229 118
    156 82 188 58 233 81 188 68 43 42 43 226 199 242 71 51 80 252 85 255
    238 76 255 11 73 227 110 116 108 70 22 255 109 185 93 121 48 255 16
    199 255 37 251 107 145 255 8 59 131 255 162 25 230 255 229 79 152 30
    40 75 94 185 255 14 234 3 137 135 80 181 55 188 61 177 81 149 81 247
    220 4 132 87 255 119 62 230 233 1 208 149 186 153 72 52 20 255 57
    135 202 20 238 255 99 56 255 206 29 255 84 173 162 92 214 154 134 85
    255 190 85 53 158 145 5 204 163 108 169 122 254 64 255 100 239 12
    100 125 233 99 158 96 255 114 65 53 133 234 54 155 82 156 128 132
    255 255 180 5 20 180 255 206 63 234 181 31 240 182 99 255 188 196
    221 206 29 163 2 239 255 67 34 49 42 255 124 156 60 129 86 228 157
    41 41 255 93 184 90 173 136 46 21 153 255 255 184 255 97 69 78 107
    233 237 18 191 175 251 181 207 15 12 85 39 30 119 0 81 220 77 52 158
    182 249 99 107 59 255 255 90 226 46 143 248 253 227 255 196 229 139
    215 74 83 109 70 255 255 102 255 111 32 135 250 188 243 155 142 52
    188 159 182 255 22 35 144 56 196 178 16 216 49 45 230 20 41 102 131
    148 255 220 139 207 222 31 145 195 98 29 155 253 82 69 137 255 215
    78 34 26 73 33 172 192 183 51 54 66 183 124 32 105 43 225 169 139 9
    193 249 255 237 253 255 47 38 204 165 211 195 170 187 195 180 87 200
    55 11 75 81 37 90 217 96 4 132 245 230 68 167 114 219 101 255 199
    107 248 40 140 255 19 110 255 9 140 199 108 155 205 72 250 135 28
    213 255 190 51 255 76 76 226 136 71 220 243 22 111 255 70 172 226 91
    255 37 195 157 188 245 229 90 180 255 220 174 137 93 158 132 219 222
    255 37 228 255 178 250 255 216 207 255 21 190 66 90 49 78 23 184 240
    54 164 113 206 128 3 234 46 152 161 174 9 209 18 13 16 122 172 131
    109 255 194 158 192 112 92 86 54 244 213 158 133 158 156 153 70 223
    57 255 131 4 255 80 255 255 114 11 48 46 156 57 23 140 29 127 67 156
    174 173 166 105 170 255 190 255 143 184 2 135 147 87 255 255 140 238
    98 13 157 32 255 161 147 5 148 172 20 239 138 45 255 181 49 177 213
    234 129 255 252 65 222 56 27 124 186 8 165 41 33 171 229 125 243 243
    157 79 10 197 220 255 209 127 255 24 28 255 56 46 65 134 214 46 255
    119 130 186 179 169 121 80 70 139 178 185 14 214 21 255 114 36 108
    169 27 30 1 255 35 73 255 255 114 148 240 255 52 216 48 145 255 203
    165 255 14 177 182 70 112 162 58 172 238 79 135 200 19 33 80 126 196
    255 54 164 170 62 255 0 19 74 255 111 242 213 99 92 108 31 240 120
    23 174 255 58 1 233 97 140 129 109 91 221 153 239 77 24 66 181 199
    123 108 125 49 255 223 16 182 114 229 125 69 33 100 6 176 108 220
    169 153 114 242 255 155 37 255 185 84 99 135 227 145 198 142 206 15
    87 87 165 65 219 74 175 57 244 221 105 223 119 255 48 91 116 210 25
    156 250 154 33 0 247 145 192 255 255 75 137 109 226 14 172 150 97
    255 185 68 80 50 164 1 255 19 254 239 233 96 231 98 24 179 99 78 107
    187 167 92 42 121 172 209 145 237 233 67 24 217 144 142 129 51 150
    197 172 212 108 187 120 185 52 139 108 162 255 206 253 64 147 228
    150 26 202 168 99 127 66 128 77 223 45 178 46 43 72 254 47 9 26 113
    255 133 53 15 236 247 255 202 77 72 210 29 188 61 101 163 50 134 255
    155 103 230 136 1 119 165 43 37 25 152 125 134 108 89 125 240 249
    231 150 255 255 128 143 23 236 255 221 96 111 220 54 57 76 85 163
    167 95 229 194 64 254 6 32 255 234 236 255 96 66 139 148 123 245 150
    255 25 255 147 255 67 184 194 128 210 214 171 55 38 254 255 255 194
    43 255 45 250 255 187 10 255 55 89 121 1 163 233 156 165 223 24 255
    188 210 88 111 66 243 76 160 223 43 22 95 170 205 234 108 119 80 255
    139 183 95 190 126 255 40 255 255 24 183 255 251 154 40 26 230 255
    214 165 139 33 130 255 73 159 149 244 152 255 114 129 4 40 79 255 70
    76 42 15 245 19 81 53 151 157 216 20 246 134 255 45 239 214 217 19
    66 255 252 185 217 111 138 118 255 185 75 239 27 87 125 139 30 133
    151 37 136 14 198 254 95 246 217 204 127 202 94 145 255 57 42 151
    219 153 126 255 64 156 65 3 156 200 223 32 87 226 210 244 174 121 14
    251 56 235 57 153 255 135 143 40 168 107 255 76 223 178 119 144 83
    26 255 85 255 8 92 110 114 255 234 197 162 141 154 204 143 43 255
    182 197 214 232 44 209 193 253 172 120 249 13 69 22 237 14 124 124
    251 238 125 47 164 58 85 181 35 109 244 255 41 133 48 186 131 255 99
    67 132 49 183 34 18 69 255 255 51 255 194 161 128 117 148 225 234
    229 255 109 9 63 0 14 255 174 12 14 148 67 130 234 68 111 132 124 89
    0 255 255 58 163 209 47 14 148 93 122 163 81 63 167 140 52 104 9 153
    255 209 43 97 255 96 211 250 70 225 37 15 209 44 133 42 102 156 175
    148 255 40 14 71 77 140 156 1 176 185 185 147 90 129 14 134 147 223
    156 33 46 123 134 237 252 111 31 106 254 120 125 23 167 126 255 148
    202 255 46 45 140 255 76 108 91 117 194 54 44 230 57 44 221 61 132
    255 151 252 147 145 137 27 155 135 255 254 24 1 8 56 255 123 212 191
    54 158 51 116 135 238 81 131 158 199 7 23 2 179 249 255 60 46 195
    108 33 129 255 120 94 180 35 174 211 159 244 168 134 87 134 168 49
    148 121 85 109 3 14 229 20 10 199 255 167 196 210 99 172 23 62 25 54
    61 183 255 62 247 30 142 188 180 238 88 210 134 44 255 63 187 202
    194 4 201 162 68 255 163 150 110 185 231 255 153 87 225 187 103 237
    247 229 52 241 36 255 119 255 132 1 224 105 255 255 137 41 201 255
    218 214 240 195 74 77 220 197 255 158 137 132 227 184 123 148 255 4
    121 69 94 203 119 65 220 86 40 216 33 249 143 164 199 236 238 153
    227 15 244 16 147 250 224 170 72 134 128 83 251 188 92 3 255 255 233
    191 224 243 205 250 234 203 255 183 5 53 222 195 129 91 82 75 254
    110 94 119 180 188 65 199 234 169 141 134 190 113 76 229 170 135 142
    45 67 253 191 255 255 111 255 60 14 153 207 146 57 247 233 187 166
    16 255 166 255 71 229 130 58 142 177 134 241 255 177 42 255 101 219
    162 168 18 251 180 150 130 245 132 1 207 119 104 255 150 19 255 253
    239 62 42 97 113 26 216 127 205 48 255 149 128 151 209 74 78 134 19
    158 187 255 85 142 255 255 43 195 178 15 184 129 105 144 210 122 244
    143 191 156 147 197 255 14 53 87 134 45 43 46 238 210 66 62 166 182
    116 255 219 214 238 226 20 12 219 255 255 109 31 191 19 95 236 166
    166 242 52 8 121 121 249 92 157 235 165 255 208 201 255 146 56 224
    240 31 171 140 221 255 237 27 47 221 255 137 56 218 111 118 15 47 5
    74 85 247 250 231 189 212 43 234 42 255 34 255 130 228 7 154 34 191
    57 220 214 134 153 55 80 32 230 255 195 255 255 113 147 59 38 99 49
    34 77 140 91 211 183 199 231 209 103 249 166 85 131 113 231 121 255
    122 162 173 150 239 255 58 114 33 73 216 124 204 210 77 159 11 161
    89 84 82 92 157 185 48 87 242 36 76 11 143 255 255 255 172 221 97
    176 151 229 80 254 232 15 178 86 92 255 22 73 109 211 255 151 14 187
    202 120 125 255 138 153 149 217 20 255 255 3 221 18 207 97 67 176 29
    178 255 144 6 144 228 253 189 219 187 219 255 70 243 183 99 192 118
    7 123 18 81 73 56 122 95 255 150 176 255 190 75 8 100 187 87 244 52
    255 82 12 215 176 247 130 180 161 75 216 225 186 29 69 255 19 191 86
    249 24 255 122 12 186 253 77 124 40 103 255 112 255 140 199 157 75
    66 188 255 129 93 18 1 144 168 113 188 255 5 37 139 9 185 149 164 4
    89 168 147 19 58 15 106 50 157 154 165 56 240 128 180 57 32 174 29
    27 63 255 255 75 101 127 255 191 155 44 187 84 213 30 34 107 170 125
    210 255 251 179 81 46 65 185 142 132 48 28 89 255 102 254 255 172
    173 105 126 130 95 199 165 255 166 97 67 251 117 199 137 189 16 79
    10 255 36 60 85 76 179 255 215 85 215 0 111 145 145 151 158 190 161
    176 53 174 143 190 247 190 137 255 190 39 219 255 182 2 168 115 221
    129 30 255 255 255 150 71 124 180 233 95 126 40 246 255 239 86 4 201
    182 200 58 71 151 255 131 239 63 255 115 110 198 13 159 127 188 92
    100 16 140 119 32 28 93 135 204 0 38 77 95 36 255 137 121 175 5 92
    255 255 188 178 5 145 233 240 108 247 233 66 127 109 42 255 214 166
    164 187 96 148 43 69 14 50 135 109 198 255 111 196 207 178 112 251
    121 7 255 75 239 45 65 79 101 221 176 40 81 230 255 200 86 229 76 47
    158 85 74 166 255 117 60 248 143 66 120 65 79 206 31 176 8 247 152
    87 240 254 255 50 196 255 19 218 44 60 233 161 230 8 24 209 176 202
    235 201 255 32 90 234 204 91 219 255 133 40 230 249 255 13 40 43 255
    188 226 178 90 0 176 239 16 13 123 6 165 31 99 247 147 35 73 169 255
    96 243 255 111 57 72 241 255 215 188 164 145 223 255 109 119 255 1
    57 97 53 118 235 40 49 223 5 22 255 255 45 93 181 237 235 255 114
    250 57 218 97 121 143 95 255 10 35 83 103 174 255 50 255 255 25 200
    8 5 65 9 183 200 99 226 7 252 213 113 85 242 55 255 255 16 255 188
    16 164 146 121 42 32 255 255 168 131 255 228 85 51 159 191 187 40
    199 0 218 104 234 163 110 75 111 242 255 100 198 250 191 255 255 108
    101 87 128 206 0 120 255 187 16 93 242 157 79 255 132 255 200 75 166
    214 164 117 106 252 90 138 165 12 202 137 187 255 170 103 66 34 121
    238 230 194 230 228 213 106 105 156 157 125 159 120 255 22 255 80 84
    153 82 107 183 131 65 99 100 18 255 213 84 248 31 111 226 113 152
    180 227 87 178 170 255 138 6 125 92 141 181 233 26 255 102 179 57
    166 33 242 248 18 255 156 246 137 255 203 129 142 104 24 132 228 68
    153 103 167 72 167 231 47 31 112 255 41 241 255 119 251 100 18 31
    216 167 55 247 51 35 133 135 151 188 240 235 153 188 11 186 126 121
    123 88 23 255 238 255 149 72 211 139 195 134 13 255 213 255 76 223
    233 75 208 170 103 231 255 100 7 76 180 255 23 15 115 11 32 126 96
    217 95 190 69 27 91 205 251 255 163 76 18 255 80 202 75 88 49 255 84
    106 196 46 255 53 49 255 62 255 108 249 132 166 235 29 190 221 84
    248 31 122 62 29 255 255 170 103 119 41 55 4 212 48 29 168 181 204
    75 255 255 122 46 254 212 9 105 87 108 255 180 255 5 234 255 115 166
    218 87 238 163 135 217 44 220 147 147 255 25 235 143 187 73 183 168
    239 135 242 207 111 229 242 204 52 150 95 181 117 223 236 153 230
    255 58 255 244 73 255 79 91 207 89 135 255 52 255 23 126 131 170 114
    217 255 160 255 255 182 12 188 67 255 167 44 132 153 145 141 163 126
    52 85 205 162 77 91 11 63 250 200 143 20 212 255 140 133 85 109 167
    225 205 234 196 251 73 4 47 231 32 51 164 86 140 65 252 125 13 213
    75 136 255 30 253 125 167 31 255 166 135 211 165 211 1 101 90 255
    227 158 247 255 161 221 196 77 231 228 68 110 9 174 215 23 128 47
    160 227 124 58 255 255 193 173 62 169 208 204 243 140 44 169 131 255
    8 245 8 34 206 13 82 117 255 151 79 207 89 98 255 22 4 110 168 111
    99 228 71 238 97 43 240 131 43 255 24 255 32 143 177 96 0 249 87 89
    60 94 117 74 89 255 87 255 94 102 255 27 121 224 151 36 23 39 135
    255 114 242 40 36 216 105 57 234 157 94 249 110 25 247 34 45 85 37
    71 124 196 161 209 237 5 3 70 181 143 59 162 95 180 82 111 220 71
    225 210 122 35 207 198 42 216 135 247 23 156 132 196 175 66 151 182
    224 209 58 54 185 20 201 255 80 81 123 109 232 48 24 132 177 55 18 0
    64 111 80 141 76 85 187 227 224 56 42 100 44 120 207 155 183 39 194
    68 67 140 141 191 214 162 255 61 74 23 116 49 129 114 253 113 157
    159 151 141 91 58 17 3 37 75 95 225 47 131 118 49 238 255 199 166 70
    215 223 255 133 198 128 220 12 72 142 255 32 94 23 223 255 126 255
    119 120 159 255 144 72 33 164 255 101 255 102 218 109 255 197 41 197
    50 122 167 27 169 42 108 198 187 194 178 157 135 27 255 206 14 125
    49 203 216 4 66 90 252 19 255 133 75 220 110 63 143 93 54 115 121
    221 255 91 169 37 234 183 53 78 122 255 7 172 185 212 255 199 138
    222 29 189 255 176 230 164 8 156 244 110 28 254 39 150 54 255 125 92
    132 17 255 240 229 239 10 125 44 62 167 169 73 183 143 94 34 210 27
    92 8 90 37 38 255 95 255 196 181 152 192 146 55 134 113 223 73 19
    255 255 139 151 13 219 34 65 187 255 92 53 22 255 237 196 67 107 97
    113 196 140 159 227 190 145 65 88 250 218 184 54 56 37 71 92 145 195
    11 14 78 81 67 75 3 142 181 103 255 82 182 74 255 32 190 92 227 12
    89 5 163 109 44 199 173 208 188 48 195 181 86 120 236 250 77 38 142
    255 141 255 15 11 114 34 253 250 2 22 255 52 255 239 255 209 145 178
    207 178 94 48 255 152 254 129 203 201 89 123 166 5 95 145 24 98 52
    73 212 255 81 173 65 154 198 133 214 185 125 91 255 255 255 22 69
    173 93 101 190 117 69 39 155 2 157 32 155 171 150 88 228 200 82 35
    22 27 255 134 25 159 89 8 255 163 213 47 108 163 151 236 156 164 6
    151 114 249 82 135 162 98 53 245 43 183 133 49 237 1 213 162 245 64
    125 216 115 1 94 33 255 37 2 255 155 134 255 144 165 187 53 23 43 88
    255 57 45 184 77 87 162 15 60 18 20 181 255 164 32 65 151 255 202
    164 45 2 29 8 108 91 22 253 233 4 221 255 148 255 23 3 154 85 158
    121 145 234 130 24 251 44 255 211 167 127 165 25 58 67 93 255 97 165
    120 245 255 218 195 49 152 240 147 140 23 153 89 178 132 77 28 252
    214 81 136 163 131 153 10 20 218 87 161 255 106 76 54 100 229 172 38
    135 101 56 145 255 10 251 123 242 159 240 149 236 91 42 61 163 255
    163 53 238 162 255 255 100 222 186 115 207 255 111 51 177 223 180
    244 158 150 255 242 62 118 132 47 199 135 165 206 97 255 255 199 146
    255 255 180 159 87 18 66 95 21 255 155 168 211 84 146 228 133 0 138
    218 208 255 202 47 230 89 38 102 182 135 242 108 255 142 216 114 70
    24 255 58 36 24 247 104 154 13 23 255 255 131 29 176 239 255 34 103
    69 247 107 98 94 151 36 223 243 255 129 171 70 11 51 107 167 155 187
    213 210 117 255 92 255 255 164 70 214 175 21 255 28 255 77 147 74
    148 233 153 73 120 148 57 255 10 247 62 74 254 174 178 127 137 232
    255 25 175 133 170 162 178 104 142 25 43 89 255 196 221 145 112 255
    94 233 147 255 197 131 9 173 176 255 125 198 102 109 45 255 211 35
    255 193 22 63 234 255 32 175 88 255 253 12 210 255 253 164 153 40 1
    195 20 144 80 183 247 220 255 214 139 249 77 87 104 255 136 117 190
    90 194 22 113 162 185 242 95 237 124 208 71 42 230 255 116 36 76 198
    208 62 178 115 54 103 244 255 167 152 27 122 10 27 253 255 78 43 97
    255 62 207 255 169 247 209 141 102 56 21 231 167 255 103 172 99 121
    57 167 141 255 20 151 23 126 219 255 126 236 255 37 199 24 105 110
    233 205 255 109 255 173 201 153 168 250 52 216 137 28 166 255 2 170
    110 18 20 171 19 158 44 107 57 173 137 41 255 55 11 255 125 188 77 1
    144 154 167 49 255 132 24 255 185 141 18 8 218 157 255 255 29 131
    173 57 135 233 255 175 176 15 47 85 85 215 225 58 212 201 42 100 141
    209 196 241 173 115 25 204 30 129 148 28 86 121 61 5 10 137 97 47
    255 15 54 188 35 62 120 155 24 165 23 255 108 38 255 171 21 214 199
    176 87 97 104 11 226 224 211 173 250 76 4 27 25 255 51 44 131 247
    161 13 73 121 20 186 105 70 97 249 179 101 255 121 255 37 250 106 48
    122 80 105 231 255 168 179 118 137 55 196 5 218 189 196 74 166 121
    240 3 106 189 255 182 15 200 30 246 73 164 100 195 118 2 93 44 52
    132 40 161 234 42 85 205 121 82 36 255 152 255 95 50 169 245 153 214
    104 186 213 13 200 68 129 207 91 255 252 217 255 13 21 23 23 146 82
    119 23 206 255 255 23 68 198 3 22 161 118 45 75 38 251 51 255 230
    244 57 90 154 65 193 5 255 247 53 156 184 208 81 95 37 121 175 69
    105 57 172 175 116 37 211 23 0 255 152 13 82 208 100 233 41 103 255
    198 129 102 21 38 34 143 178 255 87 55 157 229 255 192 6 88 171 180
    227 228 2 43 200 141 7 91 23 191 133 246 199 151 189 148 59 157 49
    57 255 123 8 107 235 90 142 205 255 17 198 118 206 220 255 97 164
    215 90 255 73 166 3 214 160 172 255 77 143 207 3 113 67 255 132 44
    50 20 33 255 255 73 70 33 231 76 250 47 134 76 248 243 0 253 209 78
    22 222 245 178 160 49 255 73 100 255 54 68 10 164 246 255 115 251
    255 109 255 255 139 82 255 44 79 205 216 232 239 224 54 135 169 30
    92 120 18 180 95 255 255 27 69 161 14 134 47 8 115 140 68 255 230 74
    107 226 144 20 137 128 56 242 79 153 96 119 48 15 255 195 233 252 27
    102 32 255 114 163 38 163 243 58 255 101 82 221 150 245 218 255 238
    255 168 254 100 20 210 147 151 126 255 163 157 194 129 140 210 187
    190 25 62 136 238 129 24 20 255 159 255 164 101 48 20 134 200 249 81
    109 73 56 151 159 202 9 104 228 57 183 5 166 23 141 48 215 183 148
    135 76 255 34 88 105 185 234 255 119 170 16 7 129 44 80 2 77 149 100
    5 162 135 68 249 9 177 79 255 200 87 31 121 91 212 43 76 157 140 196
    146 237 116 173 115 131 96 20 166 87 255 19 142 129 93 82 255 61 74
    253 53 53 190 159 13 104 68 19 51 32 56 106 213 66 201 144 86 206
    156 253 245 33 174 48 217 100 61 142 201 249 7 74 220 16 243 24 48 8
    168 251 20 46 148 68 144 212 46 206 155 62 20 178 147 97 43 234 255
    179 135 255 3 137 51 169 169 229 182 132 255 5 56 249 217 159 255
    203 172 125 85 255 230 119 38 77 163 59 186 146 168 255 145 60 159
    255 134 80 249 255 102 120 203 255 108 86 210 116 87 255 38 202 52
    255 33 37 74 15 249 223 255 78 249 255 178 6 137 37 27 255 95 181
    152 3 96 144 194 255 164 220 240 107 156 192 108 86 155 136 130 207
    69 216 255 16 120 115 191 53 255 5 113 100 79 3 185 250 255 7 255 6
    221 13 152 63 197 137 157 96 115 197 168 255 203 255 181 88 225 255
    75 230 255 188 63 87 255 71 159 249 60 76 90 190 135 255 129 39 213
    196 207 76 199 255 76 88 97 112 70 24 72 141 255 255 255 255 116 51
    34 49 231 32 149 42 33 57 255 255 43 108 143 150 191 52 23 44 219
    139 245 162 26 146 255 30 96 101 87 19 255 190 197 19 16 134 129 255
    20 180 32 255 85 77 135 51 63 90 224 99 81 255 199 232 68 228 66 233
    141 201 125 145 255 255 199 183 142 118 14 149 128 255 211 229 190
    195 46 221 235 16 38 194 244 158 99 96 70 11 52 255 255 20 223 52
    150 147 91 140 22 8 223 18 255 127 239 255 119 33 138 255 198 255
    188 150 231 165 70 37 224 25 163 255 104 255 143 23 210 203 173 29
    208 208 56 194 84 15 3 42 255 82 32 6 237 221 172 138 117 108 64 192
    211 175 9 250 42 255 190 8 195 214 138 220 237 123 195 128 244 33
    101 196 49 255 75 5 90 166 136 255 141 143 19 84 161 255 192 255 255
    205 151 210 33 234 159 161 104 129 198 45 52 230 62 23 209 67 255
    202 37 114 23 206 255 128 43 255 138 52 87 227 166 63 126 166 4 51
    42 110 148 255 22 191 40 128 56 112 94 168 175 157 214 255 255 97
    212 255 229 153 115 51 255 19 175 242 119 48 255 100 220 170 47 162
    130 118 39 186 255 34 25 255 152 153 255 205 255 1 217 247 183 161
    172 171 40 150 177 58 64 97 255 108 201 157 255 0 41 58 255 86 142
    129 159 136 91 212 191 100 219 76 255 255 255 255 204 186 255 98 136
    183 174 84 238 255 119 27 47 239 66 93 207 248 240 11 81 180 243 176
    25 207 191 165 131 1 54 255 181 90 189 250 31 221 95 41 85 195 207
    42 225 254 135 10 82 99 158 219 255 82 131 136 83 27 88 238 121 201
    78 54 151 81 147 148 233 51 240 231 242 140 154 149 14 199 167 253
    23 96 96 255 159 71 29 221 145 162 255 154 154 29 201 148 254 228
    255 37 192 204 113 21 73 120 184 72 39 255 67 167 164 185 229 211
    133 81 81 152 200 36 27 48 80 109 207 206 186 128 216 52 210 86 235
    38 22 159 190 210 52 64 119 195 218 141 255 102 223 255 204 122 72
    255 108 255 238 33 34 132 76 250 91 221 27 247 103 255 103 75 255
    104 98 143 21 95 158 167 80 247 5 205 56 4 96 255 76 231 73 216 136
    173 26 178 129 255 216 14 27 254 255 37 200 255 39 100 5 228 255 161
    255 71 255 184 59 18 107 179 129 169 76 106 22 32 24 165 249 187 235
    108 255 232 81 89 159 224 43 11 128 229 13 213 195 111 3 183 255 21
    139 38 49 197 109 139 101 43 249 180 18 54 25 50 175 255 134 217 101
    157 45 159 49 181 255 66 140 49 113 152 138 115 219 72 184 144 177
    180 79 230 202 57 233 216 27 76 229 255 250 239 108 159 31 221 199
    134 0 181 235 21 137 76 234 220 254 18 188 21 210 176 191 194 171
    220 48 124 50 10 46 181 227 211 255 233 255 255 66 123 97 132 10 206
    19 255 15 15 187 247 172 58 67 103 19 108 86 255 255 95 1 145 243 57
    6 100 6 255 44 255 96 52 129 223 88 44 134 140 32 105 71 173 13 90
    143 62 169 58 55 135 124 233 179 83 194 183 123 94 219 224 183 214
    92 235 64 149 4 194 47 77 178 238 46 31 255 236 130 13 186 235 119
    232 255 255 182 189 25 19 54 157 200 200 91 81 38 219 51 175 190 32
    119 77 107 220 234 240 255 72 112 62 210 194 108 58 226 92 194 254
    139 255 250 32 29 88 24 115 63 19 27 75 152 19 156 189 51 62 195 54
    18 255 255 54 139 73 18 77 51 14 196 18 153 5 255 182 255 61 241 11
    111 109 218 207 2 218 106 36 207 166 43 117 100 126 34 255 255 222
    171 190 240 243 107 152 63 156 68 156 163 255 211 185 199 71 255 255
    255 246 190 149 231 85 255 142 251 123 40 242 81 89 49 255 253 217
    255 162 255 255 217 97 255 156 161 249 162 255 225 207 207 173 127
    228 40 175 255 85 28 7 24 183 42 59 184 31 255 84 67 108 69 106 211
    143 255 254 176 14 255 41 219 255 163 184 0 185 25 132 127 135 255
    112 95 235 222 133 59 118 60 255 21 229 209 47 10 87 111 125 128 29
    92 144 64 125 23 69 231 255 207 99 255 232 255 77 229 30 108 233 77
    51 25 249 20 104 88 240 15 135 6 135 252 71 213 203 135 9 126 183
    116 166 206 226 11 96 84 21 53 255 22 9 144 109 224 126 222 100 67
    158 16 56 24 94 117 44 255 246 243 243 150 98 40 255 85 255 96 177
    89 228 63 140 237 162 120 229 165 47 172 70 167 102 177 253 58 250
    185 163 255 177 252 238 133 85 20 166 7 142 133 208 100 255 224 174
    214 64 255 86 255 81 238 249 165 255 255 2 63 112 10 139 23 130 255
    205 166 158 204 77 121 148 111 96 241 165 87 150 140 170 1 212 28
    135 64 255 52 230 252 131 53 80 255 249 119 199 42 231 72 93 249 41
    134 255 71 109 104 52 115 187 223 0 4 181 115 144 5 0 190 219 19 206
    11 145 22 107 255 16 157 148 252 134 87 255 167 255 115 152 34 56
    249 99 223 0 255 32 110 93 255 77 246 255 198 52 255 162 22 77 0 175
    87 13 194 96 117 214 254 144 71 156 103 93 70 207 36 205 18 148 100
    208 202 230 198 242 230 183 187 111 121 185 151 230 16 242 92 14 167
    206 234 72 67 11 52 123 232 181 107 64 255 61 37 62 2 162 255 4 184
    255 251 59 255 108 155 49 92 42 28 235 51 100 188 54 153 19 71 185 9
    140 214 221 236 224 210 109 145 253 220 242 4 12 219 173 190 42 255
    208 161 32 10 16 237 187 5 144 188 170 206 57 249 22 201 248 48 128
    72 237 12 129 67 255 8 43 8 151 80 74 56 77 158 255 33 175 133 21 85
    4 210 166 16 75 245 47 239 43 255 193 97 255 64 119 113 115 122 119
    139 111 255 150 14 237 129 47 38 125 255 34 240 251 39 44 169 255
    115 64 255 158 62 234 216 175 230 126 233 255 129 255 40 223 22 94 9
    101 226 148 162 195 173 164 80 255 235 83 27 155 132 182 66 120 231
    114 77 104 103 255 184 255 48 250 11 170 145 11 254 6 185 255 31 217
    255 236 255 51 187 77 238 114 247 76 127 15 22 255 27 66 87 31 201
    175 63 80 31 195 18 108 48 10 204 167 254 22 153 134 231 96 148 162
    52 5 71 161 255 135 166 53 28 134 95 3 206 171 30 192 143 147 241
    255 244 53 255 42 153 255 231 213 13 240 176 172 137 255 216 159 119
    22 147 13 114 226 245 172 255 5 237 103 78 159 33 137 52 70 80 223
    90 255 83 251 183 86 179 111 238 56 21 255 88 255 249 164 86 137 75
    148 219 54 254 33 224 173 52 142 207 255 176 179 54 68 56 239 251 95
    159 140 89 229 23 203 164 26 101 197 246 24 166 121 4 96 255 255 162
    229 40 75 124 60 163 132 68 173 36 19 255 223 99 110 7 184 201 89
    169 255 69 85 77 9 240 218 116 240 6 195 229 154 169 143 171 56 109
    119 207 23 255 199 137 255 82 146 197 17 129 255 157 110 214 254 148
    51 251 255 216 58 157 51 51 251 25 135 211 210 120 253 206 255 119
    81 140 216 71 34 255 1 179 188 86 3 205 58 0 167 237 23 5 229 112 4
    132 97 136 97 171 85 255 233 133 38 34 60 247 221 255 170 165 128 30
    132 143 130 210 184 255 61 46 106 71 73 247 246 175 205 161 73 18
    166 183 113 243 255 15 239 245 255 2 16 14 214 135 130 98 231 127 24
    228 39 207 35 240 202 187 111 180 25 43 97 206 255 212 170 213 148 3
    253 53 158 235 169 125 105 149 43 5 99 203 181 152 253 106 189 255
    204 209 179 32 101 97 253 166 106 255 196 150 157 147 218 207 214
    114 188 182 191 167 160 170 205 117 119 104 224 82 177 107 24 183
    172 145 171 127 121 199 237 64 178 82 186 29 218 201 58 212 13 255
    76 224 207 9 80 186 162 255 13 5 99 233 255 96 40 232 67 42 86 177
    167 58 133 57 255 213 164 13 255 120 100 103 230 157 220 252 85 0
    138 36 231 39 13 225 211 152 236 30 176 232 22 255 93 197 61 180 87
    176 27 255 27 208 225 150 194 97 1 91 11 21 203 255 11 22 221 178
    227 65 252 238 188 148 187 229 78 161 255 81 88 255 164 222 129 150
    23 61 36 69 86 89 35 133 20 107 62 189 255 158 23 244 255 140 92 100
    68 206 124 8 223 255 51 242 255 5 8 109 41 114 255 102 63 82 215 206
    99 238 73 240 172 110 70 203 192 210 50 96 34 251 213 163 63 152 214
    7 34 187 181 140 255 243 33 202 194 95 202 195 91 255 226 132 99 255
    20 46 57 54 255 161 30 171 29 97 188 108 48 151 217 33 255 255 141
    53 186 244 110 46 22 8 153 32 96 20 4 16 128 252 0 152 151 226 179
    205 118 3 122 47 8 184 175 5 106 139 74 234 255 33 133 44 69 250 54
    139 255 170 64 48 187 231 14 255 195 125 178 237 3 53 170 252 34 46
    5 57 200 24 190 170 255 95 151 56 143 199 140 52 179 197 255 213 177
    57 51 16 138 202 231 188 118 31 191 162 175 24 255 154 47 45 157 194
    207 2 35 96 48 128 214 142 255 242 82 120 29 180 237 113 84 120 25
    192 62 217 255 243 255 12 255 214 218 120 65 254 123 145 229 101 102
    179 51 254 123 102 68 187 234 18 113 120 17 188 163 216 19 110 179
    58 185 255 216 11 255 124 255 97 242 243 71 164 118 246 101 116 36
    214 216 98 255 213 27 121 255 40 73 92 189 235 255 138 131 196 5 222
    111 86 152 33 156 197 255 215 253 66 247 183 255 122 244 255 128 200
    96 187 150 44 255 161 109 185 255 135 186 235 181 172 255 67 29 218
    128 16 80 192 224 11 250 156 58 16 137 255 81 254 142 152 244 68 255
    202 110 219 52 140 82 46 200 255 51 128 185 68 129 202 230 22 176
    167 13 70 64 255 4 74 88 220 241 205 135 34 3 182 98 113 201 113 150
    25 255 255 226 190 165 10 100 207 109 238 43 199 50 240 224 209 195
    207 142 114 225 232 56 221 151 222 102 144 255 199 29 4 108 64 249
    18 255 1 149 140 140 145 157 199 255 63 52 77 102 100 185 255 40 123
    135 250 110 147 164 205 96 234 170 29 63 15 21 142 44 54 56 42 21
    255 255 86 207 29 255 104 138 149 126 255 184 255 255 11 145 255 236
    40 237 176 206 35 16 239 244 203 87 62 18 177 133 131 11 111 111 11
    255 183 77 116 231 79 255 207 46 206 178 109 255 124 10 154 188 200
    94 219 179 43 56 255 33 223 153 75 195 100 255 42 47 35 163 125 30
    134 48 191 255 251 102 86 93 178 30 255 47 29 156 167 63 63 56 224
    243 255 44 62 67 234 198 77 213 210 90 24 156 255 3 201 4 9 80 18 94
    166 177 165 210 1 6 14 6 103 186 255 108 238 248 186 26 255 122 2 59
    54 146 139 254 36 109 56 164 228 124 172 255 151 244 127 50 16 58 29
    11 242 79 150 110 247 186 255 22 3 1 8 254 89 207 166 115 17 218 255
    200 137 205 3 250 255 75 216 27 157 46 185 1 71 68 53 130 120 65 141
    242 160 14 42 241 12 114 241 27 51 5 196 54 200 57 255 178 58 190 34
    2 221 160 49 9 118 209 111 73 82 29 236 120 153 80 144 123 118 142
    18 114 24 1 90 183 25 238 255 242 93 41 255 149 130 228 157 255 255
    46 75 243 120 63 119 22 26 119 171 153 15 141 122 163 25 203 255 152
    80 195 128 252 240 208 255 1 23 236 30 220 100 170 122 29 226 206
    181 162 82 98 206 77 48 157 29 23 101 158 95 99 159 188 18 97 38 248
    80 23 68 120 208 139 133 255 255 89 10 1 22 216 255 150 207 25 203
    240 255 98 126 121 255 225 233 206 45 142 184 164 30 60 25 48 247
    140 15 90 5 187 58 117 158 34 35 202 78 213 255 111 64 119 157 128
    29 156 89 157 77 71 181 218 139 255 162 228 161 57 161 57 80 223 242
    213 108 210 67 255 59 239 150 102 157 255 99 255 32 195 255 214 229
    190 14 252 97 137 249 33 4 140 28 99 255 84 216 144 255 124 255 156
    255 162 218 235 255 44 219 135 10 224 162 5 200 151 243 92 194 51
    152 128 67 85 185 41 236 253 214 145 177 138 255 201 14 156 128 9 56
    254 65 224 75 77 255 68 183 31 167 192 41 97 155 26 42 255 185 255 7
    124 255 90 26 255 247 96 180 107 252 27 93 67 255 187 211 151 50 250
    255 7 236 248 159 55 102 229 207 255 5 117 61 198 32 71 160 244 108
    107 70 185 135 117 255 255 169 209 108 66 164 34 55 110 102 255 156
    54 101 168 66 253 67 229 165 226 255 169 255 137 183 183 251 146 191
    81 157 135 4 191 10 200 47 255 245 255 221 170 208 255 31 181 70 172
    26 118 197 167 164 195 145 255 255 242 255 217 42 255 116 132 255 92
    158 80 58 93 116 226 140 181 255 174 255 196 107 213 224 180 116 252
    177 255 148 208 49 98 69 6 255 52 97 101 224 56 112 144 33 136 19
    194 168 141 255 120 240 47 37 82 156 78 255 151 51 47 57 72 153 244
    234 202 48 53 255 221 217 56 181 144 103 255 108 199 230 102 180 176
    7 228 95 85 107 200 42 211 147 71 152 151 79 130 245 23 157 180 255
    78 255 237 16 80 92 129 255 45 133 201 113 147 190 255 79 255 22 54
    255 226 156 0 51 82 139 243 103 132 255 209 255 19 201 226 192 191
    72 139 38 255 99 123 118 194 255 100 45 255 207 185 103 147 95 227
    255 169 255 255 255 63 255 240 14 182 250 169 47 181 54 199 238 143
    80 104 191 106 171 44 4 253 55 255 84 245 235 135 29 81 113 191 171
    190 60 42 132 110 40 54 87 255 92 135 186 87 140 124 226 203 25 141
    236 170 93 183 255 250 152 30 253 221 138 255 123 47 197 153 221 169
    59 89 191 243 200 255 100 240 18 62 76 224 231 255 216 191 196 202
    190 255 203 78 104 120 246 71 212 244 42 29 250 234 158 252 255 219
    255 129 101 158 114 43 55 255 21 148 34 128 33 130 25 243 139 208
    166 255 195 200 168 255 225 173 243 115 100 63 255 255 7 104 213 172
    214 238 17 173 65 243 78 192 197 255 255 39 255 255 108 120 190 121
    117 71 14 65 81 211 133 139 67 22 255 109 40 255 148 255 218 243 87
    255 185 166 234 255 255 121 159 16 250 104 45 133 62 255 140 210 224
    255 110 225 255 88 181 71 238 95 46 96 187 244 16 35 132 87 196 13
    255 190 255 207 110 255 255 156 127 211 202 140 86 5 244 13 255 192
    30 88 90 7 200 167 64 70 28 121 161 96 111 153 104 200 74 89 127 202
    127 64 255 134 116 56 190 100 15 57 206 126 228 159 65 255 255 70
    255 90 202 59 247 153 49 70 87 166 68 35 114 165 253 224 86 124 218
    110 52 194 67 229 255 100 225 240 52 100 87 14 62 33 81 255 238 41
    236 123 85 187 10 226 129 205 3 153 89 127 70 255 211 221 255 37 8
    138 206 103 76 253 97 255 56 109 255 126 202 168 255 65 255 102 18
    127 255 9 123 45 51 242 155 41 44 0 36 248 191 255 128 135 78 240
    182 255 27 184 101 176 243 238 255 245 114 255 133 77 4 251 38 24 69
    245 104 236 95 255 100 236 191 149 122 97 255 29 255 160 134 255 82
    99 108 88 18 255 20 255 240 218 66 27 210 251 255 252 63 255 120 208
    255 97 234 176 235 255 255 33 119 228 255 124 210 133 53 231 214 51
    210 151 133 144 182 213 100 85 27 3 62 255 213 40 33 42 239 107 167
    30 177 255 133 114 39 195 167 144 102 255 94 4 7 255 60 185 255 92
    95 202 144 217 224 124 241 139 208 92 255 233 175 105 9 175 192 192
    7 90 206 113 89 174 184 108 63 115 29 147 221 255 116 255 46 190 108
    216 148 167 252 219 81 218 120 180 56 247 211 13 191 15 180 171 154
    255 187 86 111 146 167 255 125 79 67 228 21 204 115 18 156 76 250 95
    115 190 161 43 218 92 191 147 71 111 185 86 235 202 23 190 196 124
    47 22 33 243 85 244 161 34 49 82 222 40 26 255 244 239 35 255 117 46
    197 186 247 172 208 67 140 232 84 255 252 58 80 81 192 94 241 34 255
    53 242 255 221 71 225 175 196 255 131 255 255 55 195 100 2 52 197
    255 195 4 14 43 127 251 110 255 212 95 124 57 220 234 208 22 170 155
    161 235 107 70 94 111 33 51 221 65 255 111 71 233 200 246 255 111
    139 8 171 57 252 135 187 178 212 255 255 103 118 116 15 118 178 197
    133 166 255 98 185 230 93 255 72 255 255 190 55 255 84 161 243 22
    251 245 207 205 147 193 93 25 135 253 237 178 186 255 252 29 63 99
    216 59 218 37 255 206 53 80 108 247 11 220 57 172 47 156 151 68 252
    255 215 250 138 37 161 255 93 93 46 61 90 143 74 104 104 195 48 255
    113 233 245 39 100 46 152 165 255 187 219 207 101 124 238 93 255 65
    232 245 161 146 23 47 157 81 167 63 174 255 236 92 128 8 99 19 115
    81 255 172 147 151 23 255 135 103 255 37 85 200 97 220 53 120 147
    212 118 236 13 255 138 192 200 23 119 19 50 69 18 186 99 181 203 161
    38 78 239 35 188 99 76 70 123 255 188 217 34 111 249 228 22 194 77
    171 87 40 21 178 125 64 255 70 220 87 53 199 195 255 197 25 199 219
    255 186 135 222 204 22 88 205 227 218 157 98 255 147 152 200 75 71
    108 140 69 159 254 255 255 255 79 255 255 214 51 32 37 199 8 200 53
    61 92 189 94 131 29 255 254 173 255 170 205 85 17 5 159 46 130 255
    132 133 239 95 128 255 103 211 113 243 75 173 37 7 129 102 137 168
    22 66 1 202 180 255 239 183 188 73 57 77 196 141 255 254 74 171 239
    189 62 74 64 205 87 252 170 138 88 220 185 224 243 64 155 196 75 133
    46 179 161 255 236 255 123 110 67 255 129 93 110 216 107 255 229 233
    100 232 228 28 50 255 255 86 62 224 149 214 229 124 101 124 206 82
    28 39 133 24 9 255 255 89 176 255 48 132 255 96 120 33 26 16 204 242
    14 242 242 113 248 30 213 180 57 45 29 64 255 89 217 86 34 211 236
    144 151 174 213 33 255 242 255 114 202 207 207 68 20 203 109 112 223
    1 191 250 28 44 250 54 195 231 123 25 255 154 238 255 83 197 185 215
    117 109 142 98 76 255 239 216 71 36 147 228 230 134 61 91 167 167
    161 55 201 137 75 255 70 239 250 142 91 164 63 148 183 184 231 219
    33 21 109 187 111 86 51 185 11 139 37 255 214 13 35 57 43 49 15 195
    48 115 206 4 105 154 255 57 63 13 107 255 180 38 66 255 150 201 177
    188 240 223 255 255 255 63 235 240 169 192 137 160 225 97 24 255 82
    159 63 129 116 35 61 156 156 96 232 95 171 124 254 105 200 207 234
    84 201 204 230 210 255 1 133 65 149 36 191 136 44 188 255 148 254 9
    8 255 30 133 127 208 166 143 167 128 30 143 199 191 156 255 34 149
    255 156 79 216 76 255 131 108 62 146 9 52 122 128 57 36 197 149 62
    130 224 232 111 133 104 249 105 36 19 8 48 242 202 255 255 36 40 124
    161 0 144 17 197 255 200 122 255 157 56 70 64 184 91 200 199 248 14
    19 114 180 172 152 17 27 148 255 227 255 43 21 255 120 75 100 223
    220 142 33 36 176 161 255 49 131 118 96 129 5 215 6 30 71 102 218
    254 255 179 233 32 255 125 148 241 231 31 154 11 246 76 95 62 43 33
    85 82 234 188 106 242 175 230 73 228 133 73 80 96 238 24 8 230 206
    16 123 40 241 239 236 125 183 170 109 63 222 158 76 175 222 9 175 47
    61 200 120 255 176 185 244 181 181 16 165 225 231 255 154 4 217 143
    37 246 37 255 98 96 214 33 90 168 255 80 49 15 44 244 187 189 119
    155 80 194 224 12 255 179 152 255 184 55 82 144 245 242 126 113 113
    33 254 255 92 69 253 249 167 108 244 133 255 63 59 195 97 200 147
    207 196 255 136 124 38 51 19 185 121 99 39 250 240 68 105 184 119 7
    196 87 128 38 85 21 202 218 52 255 255 255 197 161 214 19 42 170 255
    255 122 174 255 39 176 161 28 255 231 53 137 195 221 35 237 99 255
    255 255 40 162 53 79 255 4 163 33 243 219 29 55 134 255 93 80 255 66
    255 255 18 130 228 183 146 255 163 224 255 190 228 225 84 255 40 32
    163 68 46 210 139 5 124 158 2 255 255 61 192 162 187 119 105 126 7
    28 36 181 1 10 255 104 173 192 4 255 228 255 102 197 137 211 9 255
    34 233 49 255 35 18 54 255 128 56 29 75 124 19 195 164 186 235 98
    152 132 246 85 94 196 135 77 131 80 137 152 147 97 8 2 234 1 76 238
    42 44 255 184 13 163 144 110 255 199 217 175 193 242 238 196 155 30
    222 132 255 47 152 154 68 36 151 89 98 206 90 7 24 98 93 159 203 146
    173 141 167 73 93 228 255 228 255 254 232 233 153 152 211 52 155 13
    119 46 63 200 119 206 233 85 201 255 50 224 255 181 106 230 30 64 61
    149 243 96 93 92 63 171 126 123 6 41 37 185 129 255 115 135 42 152
    89 255 109 137 166 46 35 211 103 26 104 81 158 254 17 98 244 128 255
    119 104 221 201 133 255 200 226 161 4 232 212 234 51 12 183 87 158
    61 49 79 159 210 26 255 135 52 255 232 45 248 182 227 82 195 255 159
    144 255 13 255 255 153 190 177 81 133 4 181 18 151 255 67 106 225
    103 129 192 26 136 91 184 120 255 217 70 167 235 154 237 53 101 16
    114 194 77 160 65 218 111 254 220 66 251 133 114 117 249 137 24 209
    100 190 168 221 228 188 255 80 52 6 222 124 71 38 34 134 157 255 61
    120 255 205 130 108 111 165 0 68 75 28 41 223 214 221 254 210 102
    233 255 255 131 34 255 143 255 252 192 95 22 250 100 110 188 57 134
    146 22 101 245 24 26 167 255 5 189 255 76 145 110 165 240 255 3 57
    151 62 239 207 115 255 66 149 38 239 103 250 94 192 146 144 169 208
    66 23 21 255 84 85 6 126 213 255 126 64 195 252 45 120 90 153 218
    214 154 255 18 203 156 49 103 14 49 164 250 109 115 19 10 49 9 141
    223 180 27 247 182 124 43 120 155 231 162 202 37 82 43 255 255 107
    228 255 171 255 216 77 197 97 233 123 255 95 65 186 113 63 123 37
    244 255 94 82 255 127 98 102 214 21 223 0 162 255 232 251 168 97 111
    255 38 188 255 255 224 255 38 115 221 235 228 81 32 79 137 104 21 77
    160 231 34 133 186 97 109 0 207 217 255 214 124 201 0 143 216 139 19
    198 183 197 180 255 45 255 14 176 164 34 188 219 255 27 84 72 192 49
    115 140 52 255 22 64 176 89 132 226 164 183 101 126 13 76 68 198 213
    41 102 42 140 97 37 139 136 253 189 76 104 46 65 255 33 227 73 102
    201 145 119 74 100 155 143 8 119 255 96 9 220 127 113 144 138 26 125
    206 109 195 180 229 1 49 72 221 255 135 255 0 65 183 38 36 245 224
    174 45 162 87 85 133 186 148 66 193 172 38 119 219 40 72 79 91 40 3
    255 143 56 235 5 2 11 120 124 14 247 5 30 95 12 201 173 255 104 78
    15 5 206 253 63 153 211 15 172 23 172 135 103 119 175 254 77 252 228
    255 229 134 22 32 58 101 170 76 133 68 159 24 250 172 109 4 5 38 231
    250 70 23 192 213 213 214 255 242 235 255 209 139 215 255 165 255
    161 159 199 24 187 196 23 207 196 84 230 56 49 158 255 107 218 219
    169 230 255 84 14 22 45 161 48 210 255 148 40 131 255 1 197 125 50
    57 214 97 77 226 75 229 53 48 62 173 209 12 116 246 125 66 116 255
    255 220 247 71 151 0 253 6 164 255 233 121 68 151 53 81 23 255 255
    202 89 20 112 211 223 13 117 44 126 255 255 198 230 159 189 24 58 95
    207 153 27 224 255 182 223 206 255 214 255 90 211 67 122 199 99 255
    229 255 43 85 255 170 243 255 211 255 58 222 209 255 32 232 255 214
    207 237 253 221 27 176 2 255 147 246 158 101 131 194 206 49 255 25
    251 200 212 208 92 182 178 73 84 81 248 141 192 255 254 62 213 1 246
    255 179 131 255 73 107 87 119 255 255 148 255 142 3 247 221 220 239
    210 48 255 205 62 7 16 209 30 213 132 44 224 42 167 255 161 214 163
    251 189 73 172 202 61 18 196 27 217 4 152 37 255 161 207 158 255 73
    43 37 67 15 75 158 20 186 223 101 177 96 95 255 178 172 207 66 214
    255 242 47 168 69 48 78 94 137 247 246 253 255 146 33 40 180 255 216
    236 64 201 216 87 97 95 216 206 62 67 104 186 121 255 57 173 255 38
    7 213 161 208 255 235 62 167 187 252 23 173 255 11 223 64 255 167 87
    209 8 25 178 179 178 20 185 86 237 121 161 73 117 251 61 28 255 128
    65 27 62 169 206 120 159 255 190 208 76 27 116 200 255 52 25 255 131
    185 214 255 211 195 138 217 219 58 114 6 193 135 32 215 245 219 163
    166 185 199 26 37 95 75 0 231 136 13 15 232 202 91 120 70 138 44 63
    217 111 90 230 164 27 255 255 77 46 143 255 197 112 240 255 117 239
    176 154 194 184 75 119 178 92 10 122 26 255 84 189 91 179 4 182 4
    170 76 255 255 253 255 241 52 255 188 22 163 96 1 15 143 239 122 230
    225 118 129 110 146 56 154 11 99 188 255 97 255 230 209 191 247 255
    255 195 255 25 199 42 205 222 102 113 182 196 233 116 118 96 212 186
    255 254 45 44 65 137 139 182 190 70 28 157 245 80 89 23 155 242 245
    206 57 48 26 228 57 91 91 110 21 126 255 125 148 190 212 217 83 137
    167 239 6 240 247 99 77 171 78 187 62 213 99 105 115 73 229 195 197
    237 179 184 185 167 103 87 179 173 101 238 100 43 126 229 149 43 229
    149 95 62 118 119 255 151 11 255 255 213 86 255 120 252 163 111 112
    159 198 63 142 158 198 78 11 19 57 73 235 127 231 71 35 195 100 188
    198 255 226 194 11 172 210 144 89 189 255 255 27 4 11 162 236 211
    242 187 185 219 68 255 180 109 177 110 143 105 63 102 6 180 255 255
    2 51 37 163 142 244 202 133 61 98 150 255 31 25 205 141 191 149 127
    161 180 142 7 118 87 43 16 236 35 255 94 99 11 15 84 116 229 155 75
    142 162 247 155 216 170 243 203 83 96 206 56 141 109 168 146 18 219
    79 145 75 255 34 143 3 133 91 8 80 255 17 131 39 25 238 42 220 209
    255 81 249 249 32 156 89 142 240 249 63 102 91 33 192 173 136 18 148
    40 201 214 123 82 255 87 167 9 24 253 231 132 150 106 50 0 159 113
    255 235 208 233 135 235 174 180 196 100 15 254 255 166 140 144 255
    142 139 201 120 85 178 124 255 183 116 108 76 18 155 3 65 93 128 104
    231 192 174 44 181 54 191 255 161 219 240 68 196 170 216 128 228 51
    212 210 208 144 109 73 255 177 4 13 255 213 189 111 8 84 226 6 199
    135 97 111 143 148 96 255 255 242 196 103 115 62 190 230 15 51 185
    255 80 255 255 155 151 255 76 120 10 239 255 38 54 191 255 135 255
    255 15 136 46 148 38 33 58 196 167 25 211 172 62 135 94 56 66 188
    185 255 18 168 16 255 103 97 255 241 134 255 181 73 183 255 96 255
    93 174 167 55 136 104 70 137 190 240 255 178 212 69 255 63 143 166
    247 250 100 7 69 92 30 102 244 114 18 15 194 98 255 41 85 109 250
    177 183 96 96 255 217 180 255 77 255 100 215 95 59 255 54 224 166 42
    255 183 154 87 236 22 186 98 213 234 235 255 191 48 30 142 236 223
    11 140 7 147 148 157 4 142 250 183 29 5 140 163 81 185 180 255 220
    164 62 255 255 195 29 81 131 77 62 30 30 190 26 219 159 147 225 128
    109 255 75 253 14 63 19 96 36 51 255 251 46 156 21 46 255 159 107
    153 218 31 190 249 78 178 39 110 255 125 255 255 49 91 16 39 202 195
    85 130 125 75 65 209 162 130 132 146 195 255 85 240 255 155 189 255
    100 104 255 29 238 37 242 156 255 233 227 15 207 163 255 158 154 255
    231 126 255 104 194 76 85 255 37 170 225 40 245 1 255 255 139 92 88
    228 43 216 243 255 127 64 59 159 121 255 14 162 144 20 113 87 185
    178 65 94 255 255 211 73 255 186 255 255 255 255 255 129 255 94 255
    22 116 255 38 224 236 73 114 104 185 238 209 251 127 167 128 39 155
    13 15 145 9 161 69 191 82 42 148 19 102 77 255 109 26 138 172 32 216
    45 58 202 145 121 255 89 224 80 69 137 101 187 185 52 185 37 28 255
    71 177 63 117 185 129 48 255 153 80 255 157 88 163 197 155 255 198
    109 231 136 230 233 122 164 159 18 74 255 202 129 105 255 48 171 74
    188 5 103 206 57 255 32 223 38 129 102 25 87 46 33 231 6 241 89 63
    152 34 172 34 36 161 67 98 111 240 89 255 255 170 156 11 121 255 187
    136 90 18 177 225 211 106 120 206 104 52 23 219 99 166 179 99 161 42
    81 232 9 14 158 133 154 187 184 151 178 174 255 91 20 9 31 181 138
    135 158 185 100 51 206 181 111 70 16 241 66 79 70 186 50 19 66 153
    137 255 75 48 96 14 173 159 185 162 255 198 120 230 185 67 135 196
    128 111 136 48 188 229 156 0 216 137 105 218 49 161 105 255 52 22
    216 80 172 249 66 52 184 200 184 76 170 118 10 13 95 172 255 15 208
    255 229 23 215 22 227 255 133 16 149 234 188 183 107 14 190 205 23
    176 108 103 253 158 177 14 148 255 249 108 240 255 141 111 94 179
    197 54 92 25 255 110 140 255 86 255 255 54 63 255 249 201 255 167
    255 255 244 148 233 255 148 162 67 49 114 19 162 23 110 59 255 126
    73 255 163 73 119 255 87 129 226 192 71 226 34 73 157 78 52 190 181
    14 153 64 138 95 140 178 103 190 255 24 146 152 49 188 209 27 119
    206 28 63 43 64 196 255 143 126 113 199 230 255 240 14 43 251 255
    255 230 158 178 112 119 81 206 164 0 15 139 5 239 201 185 250 75 255
    148 59 192 119 181 96 197 75 29 169 214 9 88 177 207 103 128 73 5
    187 255 79 255 255 127 49 255 192 109 51 75 157 54 127 255 14 255
    219 229 38 163 255 220 7 151 167 112 229 175 77 255 151 125 20 73
    152 153 103 197 172 105 222 109 250 96 192 20 23 137 250 49 25 208
    89 129 47 232 209 43 91 67 117 198 239 36 230 40 123 232 28 129 120
    200 141 42 238 47 202 0 27 115 164 208 255 245 222 78 101 164 77 255
    94 255 255 1 180 253 153 35 66 43 170 220 99 255 123 123 101 255 170
    24 86 183 25 194 203 118 127 62 119 27 212 53 97 158 109 182 164 142
    215 44 21 3 117 40 250 45 64 255 108 228 83 104 194 29 15 103 9 143
    69 255 20 0 130 203 175 226 138 185 255 112 81 255 69 179 255 255
    210 91 71 67 239 199 81 215 97 253 255 18 185 175 6 90 56 215 187
    218 102 201 249 125 110 91 52 253 255 251 191 188 250 255 95 44 199
    95 89 255 190 255 46 89 227 147 164 193 252 65 185 110 152 255 66
    252 140 188 82 238 14 255 20 25 46 81 234 213 255 255 254 73 66 175
    252 139 183 213 85 252 34 137 255 43 201 118 25 108 91 227 250 244
    145 63 249 74 1 239 48 176 28 161 213 27 115 131 255 252 246 35 190
    25 255 170 3 121 195 106 23 211 55 128 67 91 116 33 255 83 183 235
    255 209 54 162 132 214 206 249 123 108 85 87 124 102 54 255 79 48 3
    96 172 51 135 255 44 214 101 173 221 136 0 141 255 249 178 21 52 126
    115 44 10 252 43 209 118 245 196 140 24 89 255 78 255 44 34 250 59
    175 67 142 255 212 34 77 136 221 238 157 42 27 151 184 152 195 103
    77 189 216 71 14 208 209 91 128 9 222 239 119 110 209 139 158 218
    178 208 190 10 237 54 76 255 86 75 246 130 255 255 242 39 239 70 234
    55 184 22 157 189 247 9 249 33 112 254 255 113 187 15 113 80 0 133
    170 255 70 229 124 96 10 255 200 231 53 24 176 102 67 30 255 75 255
    35 167 220 209 219 255 255 127 231 133 129 68 125 78 154 161 46 64
    191 249 174 252 244 63 15 127 173 47 9 54 151 66 251 85 82 141 95 1
    1 158 226 172 135 195 84 188 62 73 255 234 143 228 252 66 52 11 93
    20 142 150 255 58 104 115 98 122 5 80 142 185 255 151 255 255 245
    195 25 29 111 44 255 201 166 255 47 40 255 78 15 208 65 33 198 18
    162 166 119 74 75 0 194 250 133 164 87 11 63 92 211 125 9 255 241 87
    249 87 195 113 82 255 92 224 162 238 80 218 57 34 255 140 77 30 87
    173 126 86 255 12 85 70 231 167 107 255 106 1 77 71 67 38 62 231 221
    255 232 148 215 235 166 120 218 31 255 54 38 244 55 150 224 244 167
    240 251 117 121 86 29 104 2 12 68 17 34 10 127 137 144 180 71 59 239
    30 255 158 125 255 217 89 102 174 190 52 247 156 245 196 57 253 163
    151 128 39 109 118 191 133 205 148 254 224 2 255 32 255 18 22 68 38
    254 52 128 66 9 134 255 89 123 255 152 132 29 114 255 255 184 63 166
    180 120 214 7 5 58 163 255 32 204 156 255 80 188 181 135 250 255 69
    73 96 138 255 67 44 203 255 51 234 151 33 213 255 75 140 52 255 122
    68 186 255 132 184 240 14 61 101 255 24 159 255 73 112 255 133 11
    247 137 81 38 249 31 11 99 255 255 129 9 255 140 134 255 32 255 255
    179 86 56 37 174 219 162 132 255 137 59 255 28 109 144 55 33 53 44
    191 3 78 41 239 169 189 255 231 97 114 136 167 255 104 229 223 226
    162 255 77 225 255 70 11 255 136 172 176 3 43 8 222 134 255 119 207
    157 164 142 250 137 13 72 126 106 255 213 150 255 14 222 163 236 40
    70 7 246 207 255 96 210 196 156 255 48 70 221 223 165 231 76 84 71
    29 255 255 185 16 130 199 22 209 127 121 128 111 44 152 211 107 230
    205 110 255 45 119 202 126 104 255 146 247 10 87 177 175 39 166 32
    224 60 255 255 242 27 142 81 75 48 21 0 216 255 135 63 175 240 69
    255 218 115 12 43 117 141 239 133 162 255 172 143 71 107 33 221 118
    183 61 133 188 3 238 245 32 229 100 231 77 154 187 179 192 156 19 15
    220 239 0 102 163 183 104 173 43 247 160 251 197 255 100 255 114 124
    82 11 3 80 46 16 149 215 210 51 110 89 28 253 21 223 189 255 244 210
    174 255 97 167 231 172 253 199 237 253 255 0 71 110 25 202 47 162
    153 15 49 150 24 53 97 255 42 180 255 13 125 255 117 213 68 105 98
    255 112 97 153 29 42 59 49 108 6 38 11 196 124 101 248 15 5 255 15
    38 255 67 188 54 152 180 223 145 147 195 218 244 56 151 107 42 53
    255 255 61 156 199 164 137 255 197 27 135 142 144 255 139 0 61 10 99
    255 122 222 250 120 254 121 198 140 255 96 8 220 218 151 229 11 76
    139 155 198 133 202 218 154 84 187 164 175 254 172 190 255 116 255
    91 197 78 24 176 207 155 255 27 78 47 231 195 255 157 184 170 50 176
    138 6 135 166 165 21 147 132 152 195 134 60 255 43 104 32 176 101
    114 66 115 144 148 10 199 79 23 186 192 19 118 255 154 255 105 231
    76 148 130 255 43 161 138 2 14 255 51 14 3 114 12 77 216 197 255 164
    32 83 151 66 143 127 136 162 171 55 244 255 101 255 22 115 255 91 2
    51 206 180 254 180 255 255 233 76 255 42 255 91 176 73 138 15 79 188
    100 60 255 24 59 18 108 80 58 182 255 200 86 169 109 204 43 62 100
    38 255 70 221 63 10 89 168 110 99 188 68 141 211 244 222 230 255 10
    46 167 175 240 80 174 223 133 48 255 244 157 255 188 219 250 167 255
    127 151 164 100 164 255 240 146 163 142 163 59 171 114 155 78 255
    156 19 21 202 68 24 150 87 89 225 27 18 56 255 160 66 255 142 223
    255 210 249 86 86 52 199 23 92 102 112 3 180 142 68 35 18 16 166 124
    75 238 138 178 239 54 174 109 81 255 220 67 164 210 219 191 125 174
    11 255 191 49 13 169 169 113 98 181 161 9 103 255 255 233 255 91 255
    247 114 8 194 70 252 157 191 255 255 112 104 202 5 76 119 24 85 252
    31 227 35 180 249 220 128 113 58 200 255 161 184 207 253 57 76 11 61
    64 152 86 255 16 127 75 51 23 126 67 156 148 100 15 80 207 9 64 99
    63 211 63 6 65 99 253 167 135 152 69 35 205 197 243 255 20 129 180
    85 255 61 255 59 255 190 140 203 255 255 51 8 224 223 73 91 3 13 56
    0 142 87 47 49 188 84 157 111 206 228 76 61 81 20 22 29 215 156 227
    25 186 126 24 86 233 205 128 201 255 136 157 238 36 74 244 156 113
    157 194 213 180 255 255 221 77 206 255 253 29 255 144 228 162 102
    108 255 22 58 224 182 201 23 88 167 248 113 255 3 110 58 194 65 3 58
    93 159 252 234 201 204 140 33 9 20 227 59 235 121 237 37 121 255 247
    88 214 27 173 38 94 230 166 143 239 244 252 47 255 63 45 211 145 32
    35 62 76 80 221 208 33 7 16 43 255 255 255 212 157 177 236 129 255
    188 10 35 131 96 143 232 129 33 56 70 89 42 238 40 140 255 164 224
    42 255 134 48 255 255 41 113 140 192 161 226 37 178 77 51 177 255
    224 40 120 128 224 4 131 226 19 255 255 26 255 213 147 136 123 97 19
    187 140 65 143 245 70 204 0 2 38 10 125 255 84 29 224 166 212 81 74
    161 128 73 49 252 214 14 225 2 113 255 236 198 82 247 58 80 222 25
    85 97 250 62 147 10 177 219 30 166 64 144 72 95 255 42 40 195 247
    135 253 4 105 79 255 214 250 49 57 162 13 255 45 188 149 90 200 160
    0 34 254 179 120 124 254 207 32 142 183 255 172 30 42 148 101 143
    119 255 32 172 29 255 5 170 58 57 200 191 229 215 31 255 220 222 140
    228 9 80 37 151 181 255 169 103 177 205 112 200 235 7 80 75 216 18
    26 129 253 85 255 14 157 227 68 255 159 164 150 46 27 60 129 30 91
    249 30 224 1 33 168 27 209 205 49 157 53 254 94 236 223 255 80 163
    255 129 141 86 118 113 240 159 145 56 181 220 101 16 164 70 135 255
    9 226 16 255 161 238 239 45 210 102 14 155 255 85 69 123 243 255 153
    40 209 255 109 81 255 84 77 86 176 67 255 189 164 254 54 11 255 243
    9 147 229 74 23 178 54 229 98 0 255 221 210 110 105 100 164 129 109
    62 102 255 211 87 10 255 244 208 255 60 255 42 183 77 229 180 42 142
    109 254 124 120 78 159 187 246 255 206 58 157 185 254 255 213 255
    111 63 109 157 107 202 111 67 255 187 133 136 80 144 73 66 95 52 95
    79 21 143 86 18 206 131 170 13 137 239 194 115 55 134 173 81 102 243
    34 85 234 37 255 34 168 168 181 27 24 137 244 106 214 255 255 32 163
    32 238 43 255 111 59 181 146 65 255 137 210 207 89 255 128 209 243
    225 203 29 255 222 137 67 93 187 124 179 121 71 135 54 255 203 37 1
    183 217 255 103 181 114 247 102 255 50 208 255 239 148 68 255 192
    234 32 255 176 255 235 102 13 234 255 230 236 153 167 120 39 18 113
    143 40 74 188 253 86 78 31 255 219 69 199 52 44 255 23 178 255 29
    217 107 148 33 239 8 228 90 219 250 11 187 26 255 9 241 35 255 76
    120 244 204 104 255 97 247 255 125 225 255 187 255 255 39 224 56 178
    108 47 184 255 147 238 133 97 56 5 18 180 111 114 255 8 3 207 133 82
    159 255 181 92 15 255 218 155 255 191 185 94 255 232 173 51 67 111
    77 255 255 219 21 220 43 140 108 240 11 42 110 206 235 3 198 215 173
    90 255 25 123 25 44 255 255 204 93 178 81 255 255 58 187 6 161 168 3
    47 49 255 238 217 197 178 227 58 72 197 110 163 255 156 32 45 48 190
    21 111 56 139 142 229 137 231 240 219 235 218 147 35 37 35 255 215
    212 148 168 79 94 180 18 3 214 209 255 237 229 127 119 176 49 50 186
    219 110 143 134 120 161 194 222 46 255 57 164 255 249 12 255 224 178
    255 206 65 255 67 214 255 160 239 28 24 90 149 141 104 181 49 174
    245 134 11 129 99 82 110 72 143 39 237 121 130 64 81 38 91 200 168
    54 245 59 139 8 187 172 147 255 224 165 1 88 63 255 145 23 80 255 32
    214 148 11 38 104 201 80 52 92 162 40 203 19 178 148 86 2 165 96 60
    203 8 254 255 181 49 52 245 221 255 255 1 26 199 142 0 81 247 225
    248 136 139 19 190 205 140 97 255 22 102 49 226 254 55 38 11 255 94
    116 207 255 103 40 6 71 225 197 29 117 255 60 46 210 104 111 255 196
    173 220 55 164 139 21 103 119 104 80 109 60 101 14 233 253 34 216 97
    133 71 217 27 122 254 38 7 229 252 165 173 229 252 158 83 185 79 170
    20 139 59 124 85 255 134 255 255 192 246 255 62 255 128 17 7 250 208
    56 9 244 213 255 80 56 16 215 117 243 52 65 255 84 81 245 224 180 81
    0 37 221 157 166 8 181 63 75 166 165 206 156 255 255 52 121 129 14
    255 133 214 161 22 244 144 119 184 16 68 89 185 255 38 255 9 37 146
    214 133 68 71 116 68 163 1 42 255 13 42 115 170 35 255 237 120 239
    217 40 43 99 84 76 120 55 255 100 218 115 184 14 10 162 3 162 244
    108 109 93 208 176 93 115 9 95 191 182 117 26 255 175 123 255 69 71
    249 11 209 148 237 198 239 21 166 35 108 11 255 113 100 219 142 69
    255 53 90 183 57 249 255 61 249 233 217 168 9 55 132 124 67 18 27
    199 154 70 92 255 102 7 190 255 246 85 82 174 45 86 16 144 255 51 66
    48 44 11 116 161 156 135 251 255 245 133 173 51 187 159 255 213 65
    177 1 239 164 255 120 167 70 136 172 93 125 37 78 75 19 167 55 239 4
    206 255 39 244 239 185 137 115 5 183 186 229 199 255 245 202 59 210
    200 142 111 81 255 221 176 255 121 235 255 10 163 255 129 178 255
    131 234 97 235 11 245 213 86 171 169 255 178 33 120 90 146 86 192
    145 139 197 10 163 162 254 86 255 129 255 99 243 45 204 2 113 65 107
    213 97 165 216 180 43 29 116 240 162 226 66 88 255 32 139 77 107 18
    255 94 194 159 151 177 247 255 51 194 175 99 132 165 45 255 5 52 127
    231 253 172 255 209 255 43 255 96 84 225 16 14 1 118 72 46 124 166
    163 123 93 221 177 162 57 137 238 185 255 63 113 170 127 165 228 139
    49 113 161 221 226 250 68 197 96 8 228 160 208 168 8 43 91 207 172
    132 152 143 120 109 236 109 160 255 249 241 195 43 136 234 22 255
    228 177 240 99 255 64 235 255 159 70 194 68 125 175 171 223 39 53
    178 110 162 227 67 142 130 85 242 46 220 144 167 13 45 95 5 69 187
    127 93 44 234 58 77 255 94 98 108 14 163 199 179 150 163 99 255 255
    213 199 47 123 64 34 245 124 120 74 156 228 4 139 1 27 46 3 231 45
    48 56 7 137 44 78 42 245 117 254 242 186 76 85 22 255 129 255 238
    178 75 81 179 16 9 37 238 56 197 240 255 212 240 38 172 202 116 162
    213 200 147 91 121 138 91 202 193 49 33 121 12 255 187 207 27 187
    214 255 181 42 18 158 101 210 10 95 255 49 245 37 244 255 234 196 30
    191 202 242 48 56 184 176 244 2 255 24 219 54 22 121 65 117 253 42
    53 245 223 233 143 23 173 168 119 194 155 182 244 156 238 255 136 53
    105 255 48 99 45 85 231 119 225 209 255 137 156 255 239 24 246 119
    179 230 142 67 150 255 152 213 39 227 238 43 255 255 240 112 234 254
    205 211 99 246 179 16 155 214 255 98 90 16 111 187 255 50 144 240 19
    95 255 145 22 190 69 255 237 140 57 16 215 19 32 16 170 166 97 78
    101 28 93 178 64 75 252 246 130 225 63 206 115 72 9 255 217 16 34 73
    251 4 81 135 3 240 180 27 200 243 145 166 77 5 139 194 244 255 196
    255 188 236 27 162 196 109 9 209 94 209 23 128 186 152 255 18 128
    124 121 210 37 70 120 51 58 255 4 45 207 130 17 255 87 72 207 186
    129 255 255 101 123 202 196 121 255 185 252 201 237 86 255 184 145
    255 118 64 163 123 246 99 112 112 5 64 207 115 160 68 81 175 253 220
    87 109 171 180 186 237 194 170 255 149 213 255 231 242 38 174 42 159
    45 207 225 240 251 213 176 161 139 10 214 210 108 174 255 166 180 82
    202 22 65 175 110 58 46 183 211 164 107 163 167 192 5 3 15 109 251
    179 1 17 11 32 255 120 255 105 111 173 29 224 135 171 231 15 72 255
    23 228 218 249 190 234 51 183 230 109 218 80 4 39 11 109 79 191 9
    155 170 106 224 167 20 91 231 252 189 9 11 174 135 187 8 74 28 127 0
    86 199 52 210 120 44 9 241 231 147 100 220 171 243 184 61 188 108
    129 226 114 57 173 252 192 203 137 255 178 64 86 114 3 255 24 205 4
    48 118 224 242 48 57 84 184 75 72 21 53 141 174 94 246 101 157 65 11
    255 61 87 61 72 255 121 136 255 255 123 255 242 124 43 46 105 161
    247 31 184 255 44 236 120 78 255 199 125 163 35 242 114 218 72 142
    234 29 20 16 109 47 226 77 113 225 14 194 20 232 87 46 250 202 211
    31 46 4 26 67 255 116 74 207 41 217 238 222 27 254 134 76 37 85 60
    11 142 99 20 19 20 0 15 26 135 74 146 255 255 192 156 169 227 62 98
    104 255 176 55 190 204 8 96 232 205 255 162 132 161 122 219 3 233
    189 142 172 196 255 220 174 49 1 32 76 153 207 62 62 71 63 90 165
    116 251 55 248 173 195 118 55 218 19 125 166 173 44 75 78 208 128
    229 147 238 255 160 130 14 33 231 65 73 9 102 73 151 253 224 35 166
    193 247 20 52 22 209 169 210 255 249 186 185 216 179 52 53 43 125 37
    141 82 255 255 20 234 214 255 137 255 255 235 113 255 98 188 133 32
    41 138 70 80 200 191 114 245 224 206 8 165 73 20 90 5 111 216 36 9
    116 232 108 173 78 228 93 78 23 221 255 81 7 229 176 159 91 255 174
    69 62 141 68 42 159 159 164 122 43 89 13 81 52 109 44 42 62 42 244
    147 255 214 0 255 68 245 255 255 65 42 8 76 228 255 140 189 255 127
    25 180 2 25 113 91 250 194 175 0 255 194 186 108 153 118 214 255 192
    221 123 133 106 128 209 114 181 99 191 104 60 143 146 200 49 60 98
    255 102 159 66 188 238 82 67 5 255 172 246 61 255 128 255 45 177 66
    52 117 106 215 129 210 188 133 14 164 85 228 61 148 158 219 71 176
    84 255 255 79 31 109 2 144 140 54 231 202 3 190 255 134 242 120 16
    255 119 168 212 106 69 211 13 229 97 194 53 80 24 180 107 204 84 51
    6 28 82 105 78 159 170 255 228 19 180 122 231 85 227 83 3 84 255 55
    253 175 206 152 192 40 108 4 213 4 238 96 231 255 182 42 255 81 104
    255 218 227 173 210 102 82 254 121 255 245 27 113 219 162 225 0 156
    51 60 67 255 178 151 13 184 205 209 63 128 106 53 255 204 193 5 214
    13 255 170 101 27 210 74 230 90 13 213 111 74 46 240 27 214 22 86 30
    233 253 255 58 43 255 192 137 185 175 111 85 3 26 36 252 64 170 216
    61 123 29 70 199 224 255 38 167 68 88 200 43 63 255 94 19 11 95 136
    205 196 100 34 167 255 255 99 42 163 171 168 167 160 225 186 51 126
    255 138 115 71 176 255 28 47 32 109 33 75 19 1 120 201 86 10 137 115
    206 47 161 120 207 211 199 243 78 227 34 255 148 255 51 223 255 187
    169 255 36 19 86 116 19 242 210 212 19 141 239 161 80 141 109 165
    236 56 246 80 76 240 4 44 135 82 219 87 234 81 180 255 156 134 101
    255 218 219 239 139 254 170 126 37 14 151 128 255 96 52 253 229 255
    255 212 164 255 255 168 0 64 55 78 90 173 255 120 247 152 15 76 22
    14 13 145 11 57 218 26 158 144 32 140 114 91 243 255 111 44 255 250
    26 48 254 244 104 141 202 87 53 211 255 178 132 82 175 120 250 186
    45 116 255 197 255 253 255 27 136 25 81 140 20 220 242 234 59 24 5
    39 129 128 52 61 157 37 70 59 43 4 181 32 126 214 9 255 73 206 144
    53 188 88 70 185 234 69 255 249 27 211 71 235 255 244 49 53 185 19
    85 215 26 22 246 255 121 255 211 94 25 178 255 26 220 27 255 130 255
    32 134 58 47 177 191 90 189 166 105 128 218 255 51 52 77 165 43 73
    37 67 165 255 182 25 30 255 135 207 95 247 147 153 197 221 94 185
    135 249 78 13 76 168 146 67 16 255 83 165 104 0 54 175 255 212 5 16
    134 108 186 140 255 59 255 152 143 235 240 240 58 80 100 153 80 255
    71 114 92 173 13 71 241 57 255 30 255 171 111 249 27 3 9 104 78 142
    75 70 176 40 88 119 51 118 133 15 209 58 128 122 41 58 18 213 255 60
    130 255 182 227 255 119 4 255 178 250 139 255 194 255 174 135 48 255
    219 250 138 227 255 182 144 23 221 141 33 197 99 54 255 220 255 255
    27 180 140 185 89 40 179 249 188 180 255 182 202 9 233 255 70 215
    142 164 23 77 255 64 19 100 18 147 57 18 130 29 128 10 109 241 162
    39 13 250 192 189 53 197 93 235 228 196 228 210 85 243 78 127 177
    167 196 183 147 163 230 157 244 247 255 118 163 91 65 229 1 203 111
    255 64 243 58 196 96 37 243 245 19 210 97 35 1 255 13 80 178 218 217
    178 135 14 137 249 203 103 94 173 212 248 213 73 255 144 235 255 151
    177 57 213 249 255 122 180 183 131 168 171 195 255 231 172 51 22 151
    3 105 185 92 213 255 123 248 102 111 213 100 153 255 104 148 156 47
    145 95 22 183 101 247 175 114 207 255 245 244 13 175 71 57 118 7 188
    10 122 166 32 156 41 255 205 103 48 253 187 255 221 128 185 57 167
    18 72 209 213 255 178 61 81 250 100 220 198 255 101 234 207 41 106
    111 243 203 118 20 101 129 159 227 81 45 255 127 24 65 127 48 54 229
    87 219 249 163 108 127 251 211 80 63 99 238 136 103 137 224 145 5
    113 65 234 145 98 255 46 100 220 111 236 35 80 147 255 158 147 255
    239 62 27 58 107 9 33 19 255 65 101 16 251 198 219 25 31 178 207 60
    218 194 41 255 229 255 24 116 137 118 68 238 255 222 51 80 112 92
    194 203 106 224 63 159 177 207 82 172 114 184 10 178 255 255 20 85
    255 170 25 255 163 255 255 250 63 229 208 54 255 36 158 255 160 174
    249 162 118 27 76 177 233 61 147 25 86 52 205 5 18 219 191 27 181
    122 141 47 104 55 197 187 255 119 150 235 255 160 240 255 235 38 3
    46 143 178 181 79 127 206 47 255 218 142 42 131 185 96 71 33 255 108
    255 220 156 221 99 124 30 81 107 209 255 216 34 118 202 201 255 202
    220 223 191 222 202 237 217 255 37 255 229 202 32 68 88 31 225 138
    55 255 16 173 182 242 140 218 251 255 218 141 249 89 140 98 255 90
    236 102 235 0 255 156 191 255 15 84 78 114 254 255 222 148 96 117 95
    20 24 168 73 224 78 213 255 23 248 23 58 113 229 233 142 153 52 170
    32 76 255 61 187 0 255 244 255 218 238 223 78 117 161 147 255 255 7
    80 255 214 104 255 117 100 252 78 194 83 110 251 255 148 196 255 51
    134 39 182 35 38 221 88 238 42 186 83 0 224 1 127 247 111 161 255 18
    116 23 51 105 102 235 169 88 128 32 114 135 194 251 82 90 241 105
    255 206 233 42 144 255 70 255 133 47 46 255 153 47 238 23 201 230
    103 156 151 220 178 147 74 37 162 102 232 133 223 15 29 67 209 102
    246 220 85 234 210 213 185 99 177 173 189 211 200 58 178 72 53 255
    122 255 242 24 130 91 192 22 180 90 81 100 29 255 133 210 255 255
    249 25 197 90 69 28 79 40 183 238 18 219 255 196 255 39 96 89 36 183
    66 6 207 154 235 194 207 9 156 148 60 8 52 117 0 10 112 194 157 221
    10 219 49 175 47 172 12 247 104 101 255 55 60 255 101 199 85 50 82
    116 63 142 255 40 87 255 6 190 3 81 233 163 132 109 239 255 255 138
    208 255 30 101 103 185 100 113 255 66 187 255 170 195 166 216 208
    255 39 131 52 33 47 10 75 67 243 21 209 11 227 3 40 61 35 201 157
    240 110 255 185 53 49 185 234 255 81 8 61 156 111 15 37 54 223 4 147
    46 91 200 238 75 219 182 194 206 13 73 255 149 139 255 148 165 10 15
    102 70 247 102 9 246 47 57 166 255 255 255 41 29 159 255 201 114 73
    15 167 255 48 32 152 113 198 156 120 72 65 9 139 54 255 226 220 186
    84 227 22 131 250 51 127 169 162 160 205 231 116 24 255 186 11 20
    174 209 57 78 202 118 45 109 72 199 33 78 15 22 111 255 139</data></my_img>
<your_img type_id="opencv-matrix">
  <rows>100</rows>
  <cols>100</cols>
  <dt>"3u"</dt>
  <data>
    255 115 255 255 255 218 69 36 255 24 205 255 95 22 255 14 199 255
    255 255 112 255 243 255 120 255 255 219 44 198 255 255 104 255 255
    224 136 255 255 207 165 52 187 209 255 43 2 4 255 163 110 223 14 255
    134 255 255 255 48 140 255 217 24 107 255 255 136 217 16 255 255 12
    255 255 255 255 255 255 255 255 236 255 255 176 255 48 242 255 161
    255 255 255 255 47 195 255 213 72 255 103 255 176 255 255 84 255 245
    255 255 153 255 255 255 255 152 255 255 255 255 255 255 97 255 255
    255 255 183 255 255 39 255 255 255 137 255 255 255 250 255 66 238
    130 48 188 140 251 64 170 255 208 168 64 12 227 255 220 255 255 255
    45 72 2 10 255 255 255 181 255 99 26 255 255 255 108 201 255 255 130
    171 216 24 66 255 255 247 160 255 255 198 18 255 134 95 255 255 118
    229 254 254 255 28 170 251 70 103 255 255 166 123 255 255 255 255
    229 255 116 83 255 255 126 255 255 255 255 102 47 171 54 255 72 255
    255 239 212 120 4 255 255 159 230 112 255 255 255 255 28 255 117 186
    255 86 255 231 255 255 229 255 255 255 255 255 205 255 255 8 117 108
    255 255 138 160 255 255 156 155 255 255 255 184 154 197 255 185 255
    58 191 255 184 255 255 255 10 58 252 255 255 4 255 255 100 255 255
    174 255 255 255 255 251 116 255 255 255 237 255 255 148 255 255 255
    135 244 255 255 255 255 255 255 255 111 206 255 4 255 255 149 84 114
    255 236 39 255 255 118 255 255 130 215 122 215 255 255 255 149 84
    255 74 255 255 14 120 255 70 16 8 255 200 255 255 255 114 255 255
    128 255 255 255 255 202 255 255 252 255 36 22 116 255 168 187 30 255
    61 255 84 255 177 68 105 255 138 30 58 120 255 255 255 255 153 255
    16 255 255 174 255 255 24 8 255 255 139 255 255 255 218 255 105 255
    255 99 140 71 133 255 37 133 255 255 231 255 255 237 255 132 255 58
    255 255 255 164 209 255 241 159 255 189 255 255 241 127 255 95 34
    180 255 255 255 255 255 255 79 135 200 120 235 74 255 179 146 255 86
    12 2 255 138 93 24 68 255 6 214 6 255 6 75 255 255 255 255 158 219
    113 255 255 255 255 43 255 108 255 255 196 255 253 255 255 255 172
    255 255 142 255 255 102 59 255 118 132 255 255 255 255 255 55 255
    255 255 219 255 183 255 150 255 255 255 255 243 10 255 159 232 241
    62 255 255 119 96 255 255 255 122 223 166 116 255 194 225 32 14 71
    255 240 255 22 255 162 189 82 215 255 255 255 255 255 197 255 26 51
    36 255 255 231 255 255 72 112 255 255 12 255 141 218 255 32 22 255
    231 255 6 255 255 255 255 255 79 207 96 41 14 255 79 255 255 255 255
    20 255 255 255 255 255 255 255 255 136 255 121 158 71 169 255 255 42
    52 114 111 255 81 249 196 255 255 255 255 107 255 255 247 255 255
    255 255 105 255 190 255 82 255 235 221 255 187 6 255 255 175 255 255
    255 255 120 255 255 81 169 160 34 255 255 53 135 255 255 255 255 255
    129 28 255 255 4 53 255 255 255 197 255 225 159 255 105 223 255 114
    255 255 255 181 255 235 255 20 181 129 124 156 255 114 71 221 255
    255 255 255 255 255 255 6 179 255 255 165 246 255 255 255 255 229
    255 255 255 166 187 255 255 255 159 255 16 99 255 255 173 76 255 255
    218 183 181 114 254 181 70 255 78 255 73 255 188 255 255 255 81 255
    255 197 255 255 112 42 255 114 255 194 75 105 68 255 255 114 255 223
    255 6 58 12 255 255 255 255 137 246 183 76 255 67 255 80 255 255 255
    255 175 255 71 255 255 49 255 206 239 255 156 126 50 134 255 46 255
    255 255 64 255 255 255 255 255 255 255 255 34 255 241 162 255 255
    255 229 185 255 255 241 24 255 91 255 87 255 80 255 10 188 146 231
    255 148 255 126 83 255 68 168 255 126 22 255 178 55 135 158 255 38 2
    146 68 255 255 197 234 255 255 48 255 255 166 255 255 255 225 255 6
    118 255 138 126 255 178 255 255 24 99 171 255 209 151 255 152 255
    255 251 255 206 255 6 168 255 255 134 255 101 255 0 255 255 99 12
    122 170 32 255 124 255 118 255 255 255 150 255 255 237 255 255 255
    255 255 10 20 255 87 129 255 255 255 255 114 56 255 126 255 255 63
    36 255 132 8 255 211 255 255 95 159 204 255 255 250 57 255 128 158
    97 170 178 255 255 91 171 214 30 255 122 255 255 255 53 255 58 255
    255 255 51 72 128 255 255 255 77 255 255 255 255 255 144 255 255 255
    255 184 255 165 18 254 72 106 26 255 136 255 88 114 183 225 184 10
    16 255 18 131 255 255 125 255 255 10 255 245 255 176 223 255 255 255
    32 255 255 255 255 243 191 154 255 255 64 18 255 255 51 46 238 255
    255 255 255 255 255 255 255 255 255 70 255 255 179 18 255 255 210
    132 255 255 39 255 255 61 255 52 124 22 248 255 255 255 191 205 255
    124 209 136 255 99 255 245 255 126 255 255 255 172 255 80 227 255
    255 138 255 246 255 18 255 255 255 48 205 255 255 45 255 6 152 255
    255 255 205 196 118 26 240 255 141 255 255 163 34 69 58 255 255 143
    255 233 149 242 255 255 255 255 255 182 219 255 255 142 255 128 41
    58 255 26 255 255 255 255 134 255 48 90 255 58 22 43 78 44 22 4 216
    255 0 255 101 145 210 112 255 90 237 255 130 255 205 255 255 173 84
    255 255 255 32 255 255 255 255 255 255 26 38 67 131 255 107 255 138
    24 155 255 255 255 255 255 255 255 255 103 255 255 64 255 0 255 255
    55 255 255 231 255 2 124 32 34 255 30 94 255 255 255 158 255 146 8
    255 194 193 26 255 255 255 255 45 255 112 255 171 255 255 255 255
    166 255 206 215 62 255 255 255 50 39 255 255 255 54 252 37 223 54
    255 145 255 67 127 255 255 255 255 255 255 255 255 74 255 67 255 255
    203 129 255 41 54 160 255 255 255 227 203 255 99 185 255 255 82 255
    255 10 58 255 255 94 140 215 255 77 255 255 57 255 82 39 255 255 45
    56 240 255 255 112 77 255 255 71 58 255 255 255 255 26 255 255 255
    20 236 255 111 26 229 255 255 67 171 138 26 255 148 255 74 218 203
    255 196 14 205 144 255 255 54 110 255 255 170 54 26 255 52 214 146
    255 232 255 62 128 47 255 255 138 103 202 255 255 216 205 255 255 47
    32 255 255 255 86 255 255 255 168 56 255 255 167 255 16 255 255 255
    255 255 148 255 255 255 217 68 255 255 102 255 255 166 225 70 162
    255 251 255 255 255 124 255 113 136 30 241 255 185 255 172 255 177
    234 181 52 255 241 255 126 255 255 255 164 203 218 255 97 255 255
    149 176 63 255 255 71 255 184 255 255 188 166 78 148 255 255 255 118
    255 182 128 255 255 81 38 255 8 163 188 18 72 250 81 223 255 255 255
    255 255 255 255 32 255 255 49 20 98 255 201 255 16 255 255 168 255
    64 2 255 172 69 255 126 39 255 255 215 255 255 255 225 255 24 82 255
    255 36 216 89 2 10 154 229 255 142 115 138 34 68 255 255 235 255 255
    46 255 116 36 76 255 48 218 213 16 255 83 215 32 10 255 56 255 243
    168 99 133 106 81 125 250 22 251 110 255 191 190 37 255 255 255 84
    202 176 231 255 255 225 255 255 255 240 255 255 106 255 255 174 118
    193 166 195 209 255 235 231 38 10 255 255 255 255 255 219 107 26 255
    185 255 126 255 164 255 237 86 255 255 130 255 95 255 255 255 255
    255 187 104 255 255 255 255 255 150 243 255 255 158 255 244 255 255
    64 255 255 4 255 255 255 255 255 255 255 255 82 51 44 255 255 255
    255 233 189 255 255 253 124 255 74 170 237 255 255 255 255 255 138
    241 224 63 163 118 255 32 255 255 255 255 227 153 255 105 26 56 57
    255 162 105 105 80 255 16 10 16 255 164 255 255 62 255 203 255 32
    169 54 255 219 255 255 255 255 185 255 255 255 255 234 255 26 102
    255 255 255 255 255 98 255 52 222 255 255 6 255 255 255 158 255 14
    255 16 184 183 255 255 114 217 255 213 38 255 255 255 255 95 227 255
    255 255 2 255 121 255 255 52 255 255 169 232 81 255 255 95 207 122
    255 253 255 255 137 252 166 84 255 255 36 94 134 26 178 152 255 255
    255 255 144 255 84 255 255 159 255 255 207 28 255 74 255 0 255 255
    101 255 255 81 52 255 255 183 202 166 255 106 30 255 96 195 255 4
    140 255 255 255 255 255 255 4 255 255 255 255 51 167 255 120 28 116
    255 177 24 255 18 22 255 255 32 69 255 255 255 255 255 205 227 255
    255 151 180 255 107 255 255 30 22 6 115 198 110 175 144 255 255 48
    233 60 80 156 255 255 255 255 180 255 101 255 197 255 152 189 255
    255 255 115 255 255 233 255 255 131 10 255 30 184 233 255 226 255
    255 88 229 78 255 255 44 255 89 149 242 150 255 10 255 225 255 255
    255 176 255 255 42 189 26 242 18 179 255 255 255 255 85 139 12 164
    211 255 132 221 2 195 255 196 255 179 255 255 225 255 255 125 78 49
    103 255 172 255 162 239 177 255 255 169 122 136 88 255 255 251 255
    255 255 255 105 255 116 211 80 255 195 255 60 170 255 255 191 225
    176 195 48 255 255 255 255 255 255 255 172 153 108 255 231 30 37 123
    255 164 255 32 255 241 156 39 255 0 255 233 106 255 255 154 30 255
    122 255 255 255 255 125 12 255 255 174 255 251 255 255 255 186 211
    255 255 255 131 255 255 255 2 255 255 255 91 163 100 132 255 62 255
    255 255 255 165 142 223 255 204 67 255 70 255 82 46 255 255 255 255
    147 255 255 255 58 255 255 255 34 125 66 18 255 255 83 0 255 193 203
    255 255 255 236 255 255 255 255 255 224 255 255 255 255 255 214 128
    255 255 255 78 255 217 74 255 255 191 255 231 113 246 101 151 166
    172 46 244 255 101 114 251 255 255 16 255 255 116 255 255 8 255 160
    170 255 136 255 10 194 255 255 36 255 223 56 191 205 254 255 34 255
    255 255 28 255 255 255 191 84 255 37 255 238 89 133 255 132 255 255
    30 243 232 255 4 255 255 255 255 255 169 255 118 115 2 193 18 255
    255 207 255 22 199 74 255 255 140 255 135 255 20 133 255 255 151 26
    255 143 76 255 10 18 255 195 255 255 225 60 223 255 255 193 171 76
    164 22 255 255 119 255 4 255 255 255 255 192 255 247 236 219 133 74
    255 155 255 2 255 255 255 163 42 255 161 255 110 20 158 8 255 234
    255 203 170 255 143 255 255 255 2 255 76 102 134 255 255 112 255 255
    65 139 206 79 255 120 255 237 196 99 159 255 45 207 255 55 113 64
    243 255 255 245 255 78 255 255 194 81 123 255 237 255 255 243 209 66
    255 8 255 136 48 255 101 255 255 112 119 255 57 255 36 41 18 255 255
    255 242 255 12 255 255 255 116 255 255 255 255 153 30 47 245 255 255
    121 2 255 243 255 255 255 24 20 231 255 255 255 255 67 131 150 71
    255 66 249 229 255 255 131 255 255 255 255 255 255 255 140 255 136
    227 34 10 255 255 255 174 233 42 189 255 168 255 20 255 255 86 255
    185 121 96 255 131 56 217 229 255 20 255 202 22 255 255 199 62 255
    235 143 222 122 247 242 255 117 255 241 255 34 152 247 200 255 82
    255 255 149 154 89 255 255 61 109 255 255 225 42 22 175 255 255 80
    124 255 255 255 255 255 144 255 113 255 53 103 102 215 255 255 255
    255 2 255 255 144 255 131 72 255 255 168 221 197 255 83 24 255 65
    255 255 255 255 82 41 155 92 255 255 255 227 189 255 30 255 86 176
    183 18 255 255 255 255 223 32 255 255 70 255 255 255 255 255 66 122
    159 255 130 95 255 79 255 255 30 135 255 255 255 255 255 179 204 37
    255 116 85 255 156 255 255 16 255 161 255 30 255 134 255 255 212 2
    225 255 255 70 16 255 255 42 249 18 140 53 115 255 255 255 255 255
    255 255 136 255 255 55 255 255 255 2 255 255 255 42 255 64 82 233
    195 14 255 105 10 255 255 128 255 255 255 132 255 24 255 139 255 81
    255 255 255 123 28 255 14 255 255 255 255 255 107 255 255 255 255
    168 141 255 255 56 255 255 255 255 255 203 212 255 169 174 97 255 64
    120 255 204 255 127 255 51 76 255 255 255 76 255 4 255 126 255 180
    255 255 248 81 255 255 130 211 255 197 255 255 201 255 250 255 137 4
    134 155 255 34 255 255 24 255 10 197 8 8 124 38 255 107 2 255 255
    141 90 255 181 46 243 241 255 152 195 255 215 255 255 255 255 255
    144 115 114 176 60 255 255 95 234 255 80 108 132 255 0 255 255 255
    140 255 255 49 185 206 144 255 20 197 255 255 249 223 26 8 139 255
    176 255 255 255 225 202 22 36 255 255 255 100 255 255 28 255 255 255
    255 123 192 150 175 255 255 109 255 255 255 255 255 255 18 112 165
    172 18 255 255 255 255 180 59 4 255 114 109 255 255 8 134 255 255
    255 255 97 255 255 255 136 112 255 30 136 88 255 209 255 56 255 255
    255 197 251 255 255 219 142 255 183 255 255 161 66 120 165 226 255
    255 255 229 2 255 255 255 122 255 88 255 249 255 255 255 255 255 255
    133 10 255 187 255 255 151 255 255 111 255 211 255 255 34 219 255 99
    255 255 176 255 8 255 255 255 255 255 96 6 223 224 69 115 255 255
    245 255 229 177 114 39 20 56 73 80 255 144 181 98 247 56 172 144 255
    255 134 239 68 201 223 255 249 255 255 12 255 255 255 219 255 138 84
    32 255 255 255 255 56 255 67 241 255 16 74 100 255 153 255 255 157
    120 233 58 255 255 229 232 255 255 255 4 255 238 132 6 255 89 255
    240 255 62 4 101 255 108 255 223 164 255 255 18 255 4 4 255 255 255
    255 255 255 255 251 255 255 255 178 116 56 255 233 88 255 255 72 255
    255 251 255 255 56 130 103 255 255 255 255 255 255 255 226 255 255
    255 255 10 28 89 255 244 136 255 255 65 255 122 255 255 4 255 125
    255 4 243 40 231 243 255 247 60 70 146 60 255 255 255 126 255 175
    255 197 165 252 255 255 255 168 255 110 255 255 196 255 255 128 97
    255 255 14 255 246 22 197 82 51 255 202 255 247 255 255 255 255 255
    255 244 255 115 255 156 255 255 4 255 255 41 103 4 255 255 255 134
    255 162 255 255 255 255 205 255 251 145 70 255 38 255 241 255 255
    255 255 232 255 149 60 255 255 224 255 191 88 174 255 64 199 111 84
    255 255 196 245 255 255 187 14 255 122 88 255 255 221 102 53 255 255
    255 223 34 22 201 178 138 18 255 95 255 255 255 255 255 59 223 255
    142 18 126 24 14 255 255 255 255 255 255 20 233 74 22 217 255 58 255
    78 222 255 255 160 148 255 230 130 175 255 130 255 208 255 255 255
    156 235 255 255 255 20 136 255 255 255 28 158 255 211 18 255 137 254
    158 255 116 105 46 255 255 255 206 112 255 90 255 14 54 255 255 255
    255 255 18 255 137 236 255 255 255 255 255 255 128 255 90 45 255 220
    255 24 255 255 255 148 138 255 255 203 121 82 255 24 255 156 205 255
    77 255 32 215 44 255 255 255 50 255 10 255 255 255 38 255 255 232 75
    129 255 255 255 88 255 255 130 255 255 255 247 103 255 71 197 255
    237 255 92 247 99 0 255 139 212 255 56 255 14 255 86 6 255 240 164
    255 255 166 26 62 255 255 12 168 255 106 118 255 206 47 113 255 255
    255 186 255 163 52 2 255 178 162 217 64 255 30 144 14 255 255 255
    255 255 59 255 36 176 70 255 152 117 255 16 255 60 158 255 206 255
    255 255 14 20 255 85 255 26 20 255 255 255 155 255 255 163 148 255
    255 255 26 255 114 103 255 255 255 255 255 39 255 172 126 62 255 225
    255 196 59 255 255 255 255 58 120 249 255 152 255 244 255 255 255
    255 105 255 245 239 255 65 48 188 255 133 255 174 255 196 181 255
    164 255 255 212 255 255 104 255 211 202 255 14 255 255 255 158 255
    255 210 255 255 246 255 255 255 255 24 255 124 113 255 255 255 106
    116 243 255 255 255 164 107 199 252 255 187 255 69 255 255 75 255
    255 237 255 255 255 255 255 146 165 238 0 44 255 156 26 44 255 255
    255 255 251 255 2 255 126 255 165 255 255 165 54 168 255 255 191 255
    46 71 32 210 255 125 255 255 235 255 255 143 96 255 255 62 187 157
    255 255 135 88 255 171 255 255 255 124 255 255 255 239 255 255 95
    255 255 154 255 234 101 255 255 126 255 136 255 161 90 255 151 22
    255 209 255 255 243 72 255 255 182 164 255 88 211 255 60 241 255 255
    39 255 250 255 199 206 237 255 60 203 255 255 217 255 255 255 255
    214 172 219 255 118 255 6 255 255 255 255 109 255 255 50 255 20 255
    255 227 255 255 255 255 66 20 255 255 255 255 252 83 70 110 233 255
    255 255 255 255 0 255 255 89 255 4 254 233 255 255 255 255 61 255
    255 255 255 62 255 95 58 34 133 6 249 255 255 255 76 255 126 203 255
    255 221 255 241 255 226 255 255 136 225 105 176 57 255 36 152 82 255
    255 127 218 95 255 255 229 177 240 255 255 255 85 255 40 243 165 58
    255 153 14 101 165 255 255 165 255 255 38 255 255 127 255 158 201
    186 34 255 174 107 24 192 255 255 96 255 255 255 138 255 255 255 185
    255 255 145 255 156 223 44 18 255 255 255 255 40 255 255 255 255 255
    102 255 255 255 203 255 255 255 255 122 164 255 40 255 6 255 255 247
    2 32 107 255 223 80 238 255 255 255 199 255 58 255 255 255 201 255 2
    24 255 255 255 193 220 255 255 158 255 91 255 254 127 238 144 255
    255 255 185 36 77 30 70 255 193 255 201 119 255 22 145 255 73 255
    255 255 255 206 255 147 230 22 255 188 69 255 255 255 255 238 114 70
    255 183 6 255 255 255 238 255 135 255 166 255 128 255 255 20 255 109
    255 120 255 255 185 255 255 255 255 190 255 255 58 245 255 255 255
    255 164 223 109 255 255 40 160 255 255 78 255 255 10 255 255 255 255
    255 88 217 125 255 39 195 98 20 255 36 73 255 255 255 255 224 255
    245 255 255 12 36 255 151 106 203 235 255 255 28 255 195 131 42 255
    119 210 255 197 158 166 255 108 255 255 255 20 187 246 136 255 255
    16 255 255 110 255 255 255 115 124 136 255 255 255 255 206 255 255
    255 81 255 255 255 24 88 255 123 255 103 255 255 255 217 74 132 89
    170 221 255 144 61 233 6 255 255 28 156 125 255 255 255 255 255 179
    30 12 255 255 26 255 255 24 255 255 51 255 168 215 34 228 255 93 255
    223 44 24 181 255 255 255 86 240 189 211 255 185 151 214 14 169 255
    255 231 255 255 255 255 227 165 50 110 76 255 154 255 244 255 255 72
    255 255 36 255 255 82 255 135 232 255 185 8 79 147 80 255 121 34 43
    91 66 255 179 255 0 255 60 205 255 255 231 255 255 255 64 255 255 86
    255 55 255 102 255 255 255 207 82 146 120 255 240 148 201 255 255
    255 255 255 255 255 191 107 255 255 147 255 255 255 255 255 255 98
    107 255 255 255 255 186 255 255 170 255 255 102 255 91 255 255 255
    196 255 255 255 255 255 218 255 255 255 241 169 254 32 255 46 101
    255 255 187 255 255 255 28 255 221 76 40 211 255 255 181 255 255 122
    115 166 239 255 226 229 255 255 122 249 24 22 60 90 201 52 255 101
    213 255 255 64 255 120 255 255 95 255 80 37 171 88 181 255 255 255
    203 255 255 241 170 255 185 255 255 235 255 4 255 255 255 255 255 0
    68 34 241 255 255 255 149 244 255 117 255 225 101 164 255 255 255
    255 243 146 255 135 255 255 255 112 65 143 44 211 68 255 255 255 255
    45 135 255 255 255 255 255 255 255 255 255 255 255 10 70 101 18 126
    255 255 255 146 235 82 255 247 255 221 255 178 193 183 84 255 18 255
    255 205 255 255 115 244 255 193 104 255 60 255 136 56 206 255 255
    255 255 255 255 203 255 10 255 255 234 93 12 255 150 189 255 255 255
    255 255 255 62 203 237 255 255 80 255 178 255 255 138 255 255 142
    255 255 187 255 255 217 40 255 255 255 78 255 255 255 255 249 255
    255 10 255 144 255 52 255 123 186 71 115 255 255 255 255 255 99 255
    255 255 255 255 255 190 255 255 255 193 255 255 107 46 138 255 177
    255 126 48 234 255 255 255 16 54 144 170 255 255 156 255 255 101 255
    196 183 237 60 255 64 255 89 255 168 255 255 112 255 255 255 144 101
    255 255 117 140 255 46 255 255 255 14 255 227 50 255 255 190 255 255
    255 191 2 255 255 255 255 255 255 84 150 223 255 150 255 255 221 36
    174 162 255 255 146 255 255 255 237 252 199 16 255 37 255 255 255
    229 202 255 255 224 47 255 52 255 46 255 43 105 255 172 161 255 255
    255 255 197 255 255 193 255 255 255 255 124 53 52 250 168 255 198
    130 249 10 150 255 255 174 109 255 229 103 116 255 149 180 255 255
    164 107 255 188 255 131 255 95 157 255 255 38 176 67 103 90 255 201
    255 235 103 255 255 255 255 229 255 38 255 255 252 255 101 246 255
    237 0 255 255 96 20 113 255 255 20 255 255 72 180 255 255 114 219 99
    255 255 255 40 16 255 60 255 237 24 255 255 255 215 255 124 152 99
    255 59 255 186 144 159 40 255 255 255 0 115 255 39 255 222 255 24
    255 255 237 255 221 97 255 255 255 4 152 255 255 243 255 156 130 181
    226 124 36 255 14 255 255 255 88 200 172 255 255 255 177 84 101 255
    46 255 95 255 255 255 140 75 133 255 255 255 255 255 213 8 176 189
    255 255 255 26 255 253 116 255 48 10 255 255 120 126 189 255 255 229
    34 85 255 255 233 255 80 146 255 142 255 181 202 55 255 255 156 199
    255 255 42 138 53 255 255 255 2 28 255 91 255 59 255 255 110 255 226
    142 255 255 12 8 118 255 183 255 255 255 234 49 255 255 255 255 255
    32 76 104 34 255 90 255 255 58 101 68 52 189 64 116 114 255 255 6
    255 244 255 44 234 107 255 255 255 203 196 255 137 255 172 153 84
    142 255 216 255 129 70 255 255 255 251 255 255 255 74 42 255 255 255
    178 121 242 255 255 255 255 68 255 14 255 255 156 255 255 255 169
    216 91 74 0 91 255 255 255 255 255 255 86 255 255 179 106 255 255
    255 255 84 184 39 255 255 255 255 226 255 125 255 142 255 255 255
    255 114 254 255 186 176 203 14 255 255 255 14 105 38 255 255 255 138
    255 255 255 179 255 255 255 255 156 255 52 255 135 255 255 255 226
    255 30 255 255 255 16 235 255 242 255 255 46 225 95 255 255 255 255
    63 183 8 255 255 134 255 255 255 193 255 238 255 215 255 101 36 255
    69 255 255 255 255 255 124 255 255 215 255 255 255 245 255 45 66 68
    255 255 2 255 255 64 105 255 255 168 20 255 255 255 255 255 255 255
    255 251 255 255 159 255 219 255 255 116 217 206 41 58 255 255 255
    148 255 139 255 251 255 255 41 255 255 97 255 154 150 255 132 255
    255 255 122 255 164 217 185 228 124 86 255 203 255 48 130 157 198
    229 255 255 61 219 184 255 255 255 255 255 255 255 189 255 255 255
    255 122 255 255 255 255 255 170 64 138 255 255 255 128 255 222 255
    255 255 255 255 214 254 70 255 144 14 255 255 243 255 59 189 255 255
    255 255 255 151 92 255 255 255 255 239 182 255 255 255 255 91 255
    255 143 168 254 36 76 67 255 254 67 255 180 255 91 152 255 255 255
    81 145 158 81 255 222 203 255 255 201 255 250 195 195 188 8 243 255
    193 181 255 239 255 46 130 255 255 154 143 255 255 247 18 255 213
    255 162 255 50 255 66 14 95 179 208 255 121 130 225 213 255 134 255
    138 255 171 150 255 255 255 79 24 255 255 22 248 178 255 78 178 255
    120 255 255 255 81 255 255 120 255 255 231 255 255 255 255 250 255
    255 26 67 255 194 255 48 255 207 105 255 209 255 130 28 54 255 172
    255 134 20 193 255 105 255 106 43 255 36 255 34 118 255 255 2 126
    253 8 69 255 255 205 229 255 18 70 228 105 255 255 201 95 208 255
    193 255 247 255 126 255 163 255 8 255 255 255 62 114 168 255 182 255
    12 255 255 255 255 255 74 88 239 255 10 255 93 68 71 233 140 255 255
    255 255 255 208 255 255 166 255 255 172 255 255 92 245 255 132 255
    255 255 255 64 224 63 225 238 255 255 255 255 0 255 255 255 255 255
    143 255 255 255 166 247 44 138 255 121 36 255 165 132 255 125 255 69
    255 255 187 84 255 130 255 28 61 187 186 101 255 255 255 179 255 189
    255 255 255 109 255 63 195 255 255 50 216 255 107 255 255 255 255
    255 16 255 59 127 30 255 185 255 255 189 255 255 255 255 12 88 255
    255 28 255 255 147 255 254 163 255 255 255 255 255 255 26 120 255 56
    255 255 255 205 255 232 144 207 255 255 109 96 150 255 184 193 32
    154 168 195 255 255 237 255 176 255 146 255 255 255 255 255 178 255
    255 164 93 187 255 213 255 255 223 255 255 255 255 255 255 255 12
    255 255 158 255 255 255 65 255 222 255 20 255 255 255 236 209 147 60
    32 137 255 183 255 236 43 99 255 255 147 255 255 255 255 247 255 76
    99 151 255 221 243 255 75 161 255 67 173 255 0 22 12 79 159 178 255
    243 188 255 255 38 203 28 108 32 233 158 146 14 44 255 32 106 231
    255 244 255 171 66 255 255 62 255 219 238 255 255 255 255 139 122
    201 255 24 255 149 24 116 109 72 255 255 252 255 213 252 255 255 255
    255 121 200 255 103 255 191 255 138 255 255 255 156 255 255 39 80
    255 255 171 246 138 48 255 255 255 26 255 255 255 75 255 102 255 237
    156 233 14 255 170 107 186 243 143 255 166 255 255 255 95 124 255
    255 255 255 72 255 225 217 255 241 179 255 178 255 46 255 255 255
    255 255 168 255 255 255 63 255 255 255 84 24 255 72 255 255 38 62 45
    249 104 245 255 210 255 123 255 120 50 234 134 193 255 255 255 255
    255 255 14 255 42 248 130 237 202 255 255 46 81 255 80 12 175 154 65
    133 255 255 255 214 255 88 160 103 20 255 99 34 190 255 255 255 239
    255 190 172 255 255 255 255 38 89 155 255 126 221 238 67 70 255 235
    255 242 221 34 74 199 255 90 55 255 234 97 255 24 105 255 28 221 235
    255 255 38 120 255 6 8 172 255 80 255 255 220 255 163 255 168 20 74
    255 255 210 0 255 166 225 255 32 209 56 182 255 255 58 95 255 255
    255 255 255 255 151 255 255 255 186 18 34 220 201 255 255 255 255 48
    255 119 255 255 255 160 255 205 78 255 36 255 213 255 150 255 42 255
    255 255 4 164 255 255 255 36 104 255 255 255 103 255 8 34 70 26 107
    185 130 255 135 184 197 167 208 255 255 190 26 227 104 255 255 255
    85 80 186 101 82 80 255 255 255 71 2 255 255 209 255 255 219 255 168
    215 110 116 255 255 154 255 255 24 205 162 255 249 206 255 217 56
    164 169 48 14 24 255 229 131 255 150 255 255 255 255 255 41 0 114 89
    255 134 255 255 255 255 255 218 116 139 118 255 255 108 255 191 255
    255 255 90 255 195 255 49 74 255 201 217 238 49 255 255 255 255 14
    103 255 156 67 255 255 227 255 255 255 255 255 255 86 238 255 255
    255 255 215 255 243 255 255 255 24 144 83 74 255 168 255 255 43 48
    255 22 255 255 187 255 255 255 255 255 6 129 168 87 255 255 97 60
    255 239 255 255 255 255 80 255 16 242 209 187 166 41 64 255 247 255
    42 255 173 255 255 255 255 255 255 255 255 52 150 255 163 100 118 78
    255 97 101 184 255 255 255 255 255 162 255 255 66 255 95 255 255 201
    255 255 255 44 116 255 255 255 56 255 249 255 186 255 255 255 255
    255 88 255 181 255 116 231 255 255 255 255 255 255 44 193 185 255
    255 255 255 255 255 255 142 255 218 255 127 150 140 255 126 255 255
    108 255 245 255 49 255 62 255 255 255 255 255 255 255 255 255 255
    255 76 255 93 106 187 255 76 251 95 22 255 255 255 20 255 255 39 235
    255 185 255 92 255 155 255 255 255 255 255 4 168 134 141 22 16 157
    255 255 237 2 255 255 60 255 159 255 255 117 90 37 255 170 255 255
    255 120 255 88 245 255 255 255 231 106 255 255 58 255 255 255 255 14
    255 107 255 255 41 34 34 140 255 124 201 255 130 53 255 146 110 255
    176 211 255 252 150 255 255 22 255 112 255 80 20 193 78 160 255 255
    92 255 171 255 229 93 116 47 255 218 251 44 88 255 255 0 255 255 114
    255 131 255 255 255 255 93 70 244 255 255 210 120 255 255 136 255
    255 255 62 255 178 255 255 255 189 255 255 255 255 89 113 255 89 209
    255 255 40 255 255 133 255 255 95 242 156 255 255 255 109 255 255
    255 30 160 255 255 255 125 236 255 165 172 255 255 16 255 255 252
    255 219 42 255 117 210 132 255 255 255 48 240 255 255 255 132 129 96
    255 181 255 12 139 255 255 76 255 140 255 4 114 30 160 191 255 255
    217 255 255 255 137 170 168 245 255 255 255 184 241 255 255 255 177
    28 128 255 255 134 255 8 255 22 36 255 247 255 255 255 255 245 255
    10 255 243 10 243 127 78 77 173 80 160 255 138 255 50 12 37 191 255
    219 60 58 254 255 255 107 255 255 73 255 218 120 255 100 81 255 255
    255 217 255 164 50 140 251 255 255 255 227 255 223 255 100 255 255
    255 255 255 254 255 255 255 77 78 255 255 121 255 255 255 226 255
    255 255 255 255 255 18 233 202 140 251 255 55 179 60 87 209 246 255
    217 255 255 6 70 255 185 255 255 229 255 255 255 238 255 255 255 209
    255 255 255 91 28 172 255 255 255 255 96 24 255 6 6 255 134 30 255
    230 255 255 76 146 255 255 77 97 255 255 151 255 255 255 162 93 255
    214 255 255 34 221 255 148 211 255 176 105 197 150 128 255 255 189
    255 200 195 255 74 255 255 255 255 255 228 255 255 172 255 255 255
    255 251 255 255 72 236 199 119 255 255 233 116 255 255 255 255 177
    255 255 255 255 85 255 190 10 38 182 255 153 170 255 239 255 178 255
    68 255 255 255 61 171 16 239 255 78 255 6 154 255 223 255 255 255 80
    255 205 226 255 213 255 26 229 255 255 201 234 255 255 226 255 229
    255 255 255 255 93 157 104 112 255 255 255 52 255 255 44 255 255 82
    154 255 211 48 99 255 255 255 255 255 118 255 80 255 34 255 255 255
    255 255 255 255 255 255 96 152 80 204 255 54 46 176 34 220 61 255 26
    255 197 104 255 255 255 255 175 8 158 175 188 255 165 255 126 255
    255 255 255 255 255 155 255 110 185 92 255 203 10 255 255 255 99 241
    126 28 255 255 255 113 255 255 233 255 255 255 242 107 233 255 221
    255 255 255 229 240 255 255 94 255 139 255 255 205 255 160 243 84
    255 255 255 239 255 255 170 133 114 114 159 255 255 255 98 183 255
    255 255 117 36 158 255 58 255 255 255 255 14 254 255 119 136 255 231
    56 255 255 132 12 227 255 255 255 255 255 255 38 255 16 255 255 151
    118 55 157 48 255 28 255 255 255 255 255 255 255 174 255 26 255 239
    106 43 255 255 162 255 52 142 255 255 6 123 255 12 255 114 255 255
    255 150 255 92 255 209 255 255 36 255 241 255 130 24 205 255 255 93
    126 255 89 152 235 255 255 34 54 208 47 255 188 87 255 255 63 193
    255 255 173 198 255 135 255 255 255 255 146 24 46 93 209 28 255 91
    255 255 149 226 191 255 255 73 215 180 255 255 255 255 56 64 255 255
    68 254 255 56 172 255 72 255 255 226 255 153 152 211 36 218 255 12
    150 255 213 255 255 255 255 150 255 28 255 12 255 255 54 255 85 255
    255 255 60 255 217 255 34 255 255 80 53 171 255 39 103 255 213 255
    255 255 177 255 32 99 54 255 255 255 81 255 255 255 255 94 255 255
    60 207 195 255 124 187 255 219 255 126 255 183 90 247 199 255 93 255
    255 201 255 204 57 255 4 181 211 255 140 231 255 75 50 255 255 127
    255 255 255 62 255 111 4 89 26 255 168 255 255 39 255 255 221 159 34
    255 247 255 255 247 244 207 255 26 65 197 255 255 107 144 255 255 48
    53 117 255 8 255 255 28 255 255 255 235 226 168 255 255 93 101 255
    255 255 190 227 229 22 255 255 255 168 255 70 255 109 255 255 213 4
    223 255 152 24 68 148 132 255 255 195 255 140 26 72 255 20 255 84
    203 255 255 14 255 186 14 255 255 255 255 146 255 255 14 255 255 198
    255 64 206 255 255 255 255 255 126 255 255 74 126 74 12 20 255 8 255
    70 152 12 151 255 30 255 255 239 193 164 16 149 148 51 97 255 255
    123 255 255 255 246 61 109 255 120 147 255 255 255 255 187 255 254
    255 255 255 183 255 255 10 205 255 255 255 255 255 255 250 255 193
    104 170 255 255 79 117 255 178 255 255 112 255 255 255 229 86 219
    135 255 6 40 196 10 255 255 138 255 58 55 153 255 187 255 255 255
    255 228 75 255 255 73 255 255 176 255 110 122 255 218 255 255 106 37
    255 255 255 255 94 255 123 200 255 30 212 255 97 136 255 255 114 255
    255 18 6 125 122 30 255 174 255 255 255 18 209 255 255 255 112 89
    159 70 213 255 114 168 169 80 255 255 255 30 255 255 255 105 255 255
    8 146 255 255 255 116 255 255 219 255 254 255 175 66 199 255 255 16
    28 92 255 255 255 255 173 255 162 82 255 14 255 172 14 129 148 223
    255 255 255 68 255 162 255 80 255 213 255 255 60 246 55 255 146 195
    44 182 255 255 154 251 247 255 99 255 32 255 243 255 255 255 255 138
    249 240 209 187 255 30 135 255 255 255 255 255 255 160 158 203 255
    255 113 148 243 255 255 75 255 255 255 207 255 191 255 242 235 20 80
    118 255 130 146 84 118 201 255 12 136 82 38 255 255 26 255 133 255
    67 137 216 255 255 68 99 42 255 255 171 255 255 153 255 152 2 12 255
    255 255 2 255 196 255 255 240 49 255 255 255 58 222 255 255 44 255
    255 2 255 165 255 255 95 255 168 189 255 195 233 255 255 255 254 255
    255 255 255 255 176 45 171 26 255 121 162 174 143 188 255 255 255
    255 245 240 77 255 255 69 255 255 255 255 172 20 255 255 255 157 255
    150 76 20 255 177 255 215 153 18 221 76 96 255 159 255 255 223 255
    255 255 255 79 255 255 158 105 255 110 255 160 181 64 255 255 255
    172 255 30 255 255 255 180 255 66 132 255 62 255 255 2 148 81 255
    246 255 255 255 53 255 102 255 255 255 207 255 255 255 137 182 223
    239 170 229 255 255 254 12 40 183 255 132 132 255 255 255 169 14 255
    255 252 255 255 104 255 255 255 255 181 255 255 255 156 255 255 255
    225 255 142 255 60 255 26 153 20 255 255 255 142 255 156 81 14 255
    255 255 255 166 217 140 126 22 62 255 255 255 57 255 252 120 255 255
    181 255 255 255 255 12 255 135 172 53 255 110 255 255 234 255 255
    172 59 255 102 255 169 255 255 113 152 95 109 118 229 255 34 71 255
    188 239 82 8 166 255 28 47 255 255 16 255 220 110 169 255 89 255 255
    73 255 255 217 245 172 178 44 232 156 255 255 255 255 255 255 86 192
    255 107 174 45 255 254 255 159 14 255 255 214 219 255 74 255 255 255
    134 255 255 255 44 168 93 255 255 255 28 90 255 255 255 195 255 255
    255 255 248 255 255 255 134 255 255 112 255 255 53 233 70 255 255
    255 241 255 174 255 64 255 247 255 146 255 255 255 255 255 255 249
    24 255 255 111 104 103 255 255 255 255 255 255 58 242 254 121 172
    255 91 255 185 111 255 255 161 232 255 91 90 95 109 254 255 255 255
    255 6 16 255 255 2 43 247 255 233 255 255 83 211 255 75 255 255 209
    99 254 189 255 212 73 255 214 99 255 255 87 255 134 255 101 54 0 255
    16 255 255 178 255 109 255 243 255 255 8 95 255 118 255 202 255 28
    255 255 255 68 85 197 255 255 255 255 158 163 62 247 173 224 231 151
    44 255 255 255 221 221 255 255 84 92 255 255 255 142 131 52 136 189
    255 243 255 172 255 235 8 255 255 255 255 139 164 255 255 255 255
    255 255 189 255 255 255 255 82 28 101 126 67 255 255 183 12 255 105
    109 14 255 255 162 255 72 238 43 255 146 255 103 4 255 60 106 233
    255 255 110 255 255 255 255 0 69 48 255 255 255 255 144 191 255 255
    36 255 65 225 188 255 133 255 255 195 18 255 64 134 255 185 255 255
    10 255 255 125 190 255 239 18 255 255 218 255 109 255 255 255 66 77
    255 232 28 255 96 255 255 255 28 255 255 101 255 90 255 131 255 255
    60 255 255 40 255 255 89 255 49 153 162 144 255 166 255 193 255 255
    255 238 255 4 222 255 255 90 103 255 72 156 255 255 112 179 142 255
    80 255 255 50 255 255 40 255 255 237 255 24 14 162 148 32 50 255 249
    255 255 103 255 255 255 255 199 255 200 103 255 255 55 251 94 255
    255 255 255 68 255 65 255 80 255 255 255 201 6 255 235 255 255 126
    255 255 219 255 76 255 56 52 178 255 30 164 109 200 255 255 134 255
    255 255 255 165 255 255 32 60 255 255 240 203 255 152 187 6 198 255
    255 255 205 255 255 255 203 255 255 6 255 255 171 54 255 243 255 160
    66 158 187 255 255 63 255 36 255 60 255 255 255 255 255 56 255 243
    213 168 47 137 255 181 76 255 20 117 255 144 157 255 255 255 216 209
    255 66 187 80 255 255 255 104 223 255 140 255 111 255 255 255 255
    255 255 120 255 255 255 71 121 255 211 255 255 97 205 255 223 255
    255 219 97 132 255 161 255 255 255 255 255 56 18 162 183 246 255 161
    255 20 255 255 197 215 255 255 255 255 255 255 106 41 255 136 255 64
    255 255 165 176 107 255 104 255 195 244 164 157 226 172 52 130 255
    255 255 255 255 48 47 255 92 245 255 255 255 203 255 120 137 204 255
    131 62 255 255 242 255 255 255 255 139 86 24 255 255 195 255 40 73
    255 2 255 179 255 255 255 118 255 62 255 10 201 255 255 14 255 255
    255 74 255 251 255 30 153 255 215 255 255 255 95 72 255 167 154 255
    113 50 176 179 255 105 255 66 154 255 255 166 78 255 255 131 70 93
    28 24 239 62 255 241 233 255 255 255 255 174 209 118 158 185 54 255
    255 255 255 255 255 255 119 32 255 149 76 255 153 112 255 255 255
    255 167 92 69 169 255 255 133 132 255 211 94 126 80 150 255 129 234
    255 255 150 136 255 70 142 255 170 128 255 255 251 137 244 255 68
    255 255 255 255 255 255 255 32 255 20 255 255 162 63 60 8 255 255
    255 255 255 255 219 255 180 75 76 255 255 34 255 128 255 255 255 255
    255 170 209 255 183 139 74 237 255 255 126 185 196 63 251 255 255
    255 255 255 255 36 255 245 255 77 255 255 255 255 255 243 62 236 91
    255 255 255 10 255 255 175 32 195 58 255 6 52 252 255 255 255 213 38
    255 128 255 255 174 255 208 255 255 255 255 125 110 255 255 255 255
    107 255 101 251 255 49 255 110 255 255 224 26 255 216 249 255 4 255
    255 255 235 255 255 255 68 32 207 255 255 247 153 224 65 255 255 51
    255 255 112 255 188 2 40 255 255 255 56 160 255 255 93 255 24 107
    255 90 156 133 92 255 42 60 130 95 64 154 255 200 255 207 255 255
    255 210 47 255 255 255 255 200 255 255 178 189 245 255 255 255 255
    255 255 248 24 215 255 255 255 255 231 173 255 183 255 255 255 139
    226 10 167 255 107 255 255 255 255 255 247 255 200 162 255 255 32
    255 255 255 209 96 255 255 255 255 255 228 255 255 255 255 199 255
    255 255 255 255 235 255 239 111 255 255 179 182 164 153 248 158 42
    255 142 255 255 255 255 255 191 239 255 255 82 60 255 247 102 255
    255 255 93 2 255 255 99 255 255 255 255 140 255 198 255 255 255 231
    4 255 227 179 255 142 255 236 164 113 176 255 2 104 255 255 255 255
    255 158 255 255 226 39 255 208 255 255 255 28 219 206 160 62 110 126
    255 0 0 191 162 255 127 255 255 78 176 18 255 255 148 255 255 255
    207 255 73 40 116 12 255 14 197 205 78 255 86 255 255 255 8 255 44
    246 255 255 220 255 255 255 205 121 192 34 255 255 205 255 255 6 185
    142 255 117 255 154 105 255 67 255 158 59 255 255 255 68 255 185 211
    126 134 255 255 255 54 255 255 255 18 255 255 142 178 247 255 79 255
    255 255 22 124 255 255 255 172 255 255 255 255 255 255 171 255 255
    177 255 136 30 8 26 143 180 255 183 255 255 247 24 255 255 255 32
    255 255 193 255 255 154 255 255 156 189 255 191 255 255 255 255 255
    255 121 130 255 167 40 255 103 238 255 0 136 255 155 70 110 32 255
    255 255 255 97 255 255 227 255 255 49 135 220 255 143 124 255 149
    255 255 193 26 221 249 255 144 255 106 189 193 255 255 255 255 255
    255 255 255 143 255 255 249 152 122 255 255 203 255 54 18 255 194
    207 66 255 69 149 255 255 255 80 219 255 255 189 157 44 237 255 255
    211 255 255 12 115 26 181 113 212 255 179 74 28 255 134 255 255 255
    79 255 255 241 255 255 61 111 148 255 255 255 255 253 255 255 255 78
    255 255 152 227 251 92 255 255 20 255 231 255 255 255 90 255 255 255
    142 195 138 118 255 66 255 255 255 255 169 224 254 107 14 255 255
    148 24 255 255 255 167 255 225 91 216 255 255 228 97 255 126 67 157
    198 142 255 255 103 255 255 255 58 202 18 205 204 4 171 120 59 78
    156 213 255 0 255 143 255 176 255 184 79 255 255 255 255 202 255 32
    255 152 255 72 32 255 132 87 2 255 255 153 255 83 80 0 243 143 255
    255 127 94 255 255 58 255 82 234 255 82 255 255 44 255 255 255 76
    255 255 255 89 163 255 255 253 216 30 163 160 12 22 255 255 225 68
    26 44 255 185 185 255 255 8 255 75 177 170 231 255 255 12 255 255
    255 255 255 255 237 162 255 213 194 255 245 28 255 165 255 201 181
    255 6 255 252 110 255 74 255 155 255 255 109 136 255 155 255 18 255
    255 255 245 82 255 159 186 207 255 255 255 119 110 73 167 255 255
    255 255 255 255 255 203 255 255 255 255 255 114 185 184 4 255 2 227
    255 50 255 183 255 241 88 255 209 255 255 168 255 152 255 255 255
    154 255 24 174 28 255 105 255 255 255 255 255 219 255 255 12 26 255
    255 255 28 55 18 255 105 255 160 255 255 56 255 72 255 176 199 255
    34 255 74 249 255 122 116 111 255 255 255 214 229 255 255 61 223 255
    28 74 62 87 181 30 255 123 255 255 255 106 255 121 255 255 255 172
    255 255 18 241 181 158 255 255 255 97 201 230 255 80 34 255 133 255
    12 255 255 10 131 255 255 48 176 255 255 255 152 255 255 130 84 255
    199 255 116 255 255 234 189 255 2 255 255 255 255 165 255 205 255
    255 191 187 80 255 255 234 255 38 142 185 125 80 201 255 254 203 231
    176 255 173 255 255 32 255 0 93 226 255 255 255 217 76 80 162 255
    236 211 255 255 255 255 255 87 213 52 207 139 14 255 255 255 118 255
    72 255 255 248 255 229 92 122 255 255 255 44 255 219 255 255 255 255
    168 255 255 2 8 255 255 255 255 255 255 157 116 255 207 255 144 255
    102 197 255 34 229 177 255 255 255 116 164 255 206 178 56 255 22 147
    224 255 255 126 255 255 255 67 255 114 255 255 255 239 84 226 146
    133 100 83 143 255 227 255 152 18 223 255 243 251 22 255 255 70 255
    255 255 255 255 214 255 255 255 255 165 226 158 255 255 255 179 226
    255 255 255 249 255 255 249 255 255 255 82 255 170 68 122 255 74 255
    255 185 222 12 255 255 53 16 255 255 143 255 255 175 246 255 255 255
    191 173 106 255 255 255 243 255 255 120 38 96 255 255 106 255 131
    255 255 255 150 136 12 100 24 255 255 205 255 255 255 255 146 247
    255 184 255 255 232 255 255 248 8 249 255 255 255 255 83 255 255 255
    255 255 6 54 255 229 249 255 61 255 255 255 255 234 255 255 82 255
    255 170 255 255 255 255 167 108 255 255 76 255 42 255 89 40 236 255
    255 255 255 91 255 255 76 255 255 255 62 255 255 255 255 255 82 99
    195 168 32 209 255 255 30 158 255 229 160 183 255 126 81 247 58 255
    255 255 4 24 156 255 255 106 225 255 255 255 155 226 136 189 255 255
    239 255 95 219 255 255 163 22 49 62 62 209 255 232 65 4 62 24 255
    255 10 219 94 255 255 255 81 153 30 116 227 34 235 255 20 255 255
    255 255 255 224 255 255 255 255 255 255 255 88 80 255 48 255 43 255
    240 255 175 70 255 129 255 219 255 255 174 103 252 101 255 255 124
    255 255 255 245 110 255 187 255 255 143 255 22 255 252 101 255 255
    219 6 255 223 255 184 229 255 255 255 215 255 255 255 255 12 255 246
    227 76 255 255 135 168 255 255 208 162 44 255 158 255 255 255 255
    255 114 135 254 87 255 128 255 225 255 233 255 134 195 127 255 255
    97 188 57 56 228 255 4 255 255 153 252 255 255 180 20 175 210 225
    117 120 199 255 255 255 255 130 255 101 255 116 255 255 93 131 238
    255 149 170 166 255 98 255 255 255 255 245 84 245 34 236 215 255 255
    176 253 255 255 139 242 99 241 255 225 255 150 255 255 74 255 255
    255 255 255 255 255 201 255 99 255 204 255 205 255 39 129 255 255
    255 120 114 231 255 124 155 232 156 211 255 20 255 255 245 93 12 112
    167 255 103 255 40 83 255 255 255 255 44 255 247 255 255 255 255 255
    131 138 255 58 255 255 129 255 10 255 255 255 86 126 255 255 255 255
    255 170 231 137 234 247 195 255 255 255 172 255 255 255 255 56 0 53
    56 46 255 255 255 142 255 255 2 255 6 255 255 255 255 149 255 2 255
    255 207 143 148 255 28 52 255 255 255 185 255 255 148 215 255 229
    255 255 255 255 224 255 155 255 85 255 74 255 255 126 255 135 226
    170 255 184 255 40 146 249 251 255 134 195 255 255 255 255 255 173
    255 207 139 255 255 68 240 255 255 88 26 255 255 255 255 255 247 255
    255 255 70 255 154 24 255 255 219 255 255 197 108 255 255 255 255
    255 255 241 247 246 255 255 122 0 255 66 37 201 64 203 197 42 146
    255 248 152 255 94 37 135 255 142 255 170 122 135 250 255 255 140
    255 249 255 255 225 46 255 151 138 95 255 240 162 255 255 231 255
    255 20 239 255 162 255 206 20 255 160 107 255 255 16 195 42 255 255
    158 53 255 138 255 255 168 247 255 255 47 91 255 2 255 255 255 135
    134 255 255 104 255 255 166 255 255 255 255 20 255 255 255 136 126
    111 255 255 255 204 255 175 204 61 225 255 65 121 94 255 60 255 142
    4 255 156 255 255 128 255 255 255 255 80 97 255 255 233 255 110 255
    255 255 255 139 112 59 213 118 160 113 255 233 255 136 255 197 90
    255 255 226 255 255 255 255 255 255 255 255 255 168 78 250 255 209
    255 122 255 255 148 255 38 255 255 255 197 255 255 227 255 90 247
    223 142 4 255 198 255 255 164 28 255 10 255 145 255 255 195 255 255
    255 255 81 255 188 255 255 255 71 64 14 255 255 196 255 52 255 158
    223 255 255 151 184 255 255 58 221 255 255 235 89 255 255 255 255
    255 4 255 81 255 255 233 76 122 255 255 182 255 4 134 255 207 56 255
    223 40 247 251 255 255 255 134 174 237 76 255 255 18 231 177 255 255
    255 255 255 255 44 28 22 255 189 255 102 172 255 252 197 18 62 170
    255 96 255 22 210 154 255 44 197 147 255 255 78 255 10 255 255 255
    255 255 174 255 160 255 255 255 170 255 255 255 255 255 255 255 132
    255 255 172 160 255 24 255 255 242 255 255 206 95 255 255 231 82 6
    255 255 255 255 139 76 154 207 212 41 10 240 160 195 162 255 255 14
    12 123 255 0 255 0 255 239 148 8 56 32 255 255 255 255 28 168 255
    241 188 255 255 182 255 0 255 255 255 92 255 255 255 14 255 255 189
    255 255 255 151 255 255 86 182 126 10 255 118 179 194 16 221 110 255
    137 255 245 197 134 229 255 120 255 50 26 255 255 158 255 12 255 255
    255 254 168 155 40 255 255 46 231 255 255 255 191 148 59 101 255 20
    255 164 249 129 20 255 159 255 185 255 50 255 255 255 255 151 255
    201 255 255 255 255 230 255 191 176 73 157 158 255 245 255 136 56
    255 255 231 56 255 255 255 116 255 255 255 0 206 235 129 255 255 60
    255 255 255 255 255 255 255 154 91 255 181 255 68 164 203 255 219
    221 255 255 18 156 255 255 132 255 255 204 255 255 238 89 255 255
    255 255 160 255 255 134 18 255 255 154 145 58 166 255 244 255 255
    198 255 151 255 178 169 106 255 241 255 255 255 40 255 255 34 97 139
    255 110 255 50 75 62 255 255 255 146 57 223 206 255 209 190 255 99
    255 101 255 255 255 255 255 140 255 148 249 255 190 255 8 94 67 255
    255 142 36 255 79 181 255 69 255 255 101 82 255 73 249 255 255 255
    255 255 159 50 255 239 255 255 97 54 255 223 255 172 50 255 221 167
    190 43 185 255 255 255 76 217 255 255 225 255 255 41 255 114 227 255
    18 134 255 255 255 255 190 255 255 86 255 255 255 87 91 255 164 255
    255 168 155 255 83 181 255 255 255 255 255 95 102 255 255 255 255 0
    255 172 255 255 255 255 255 144 0 255 255 161 52 14 255 255 174 219
    255 255 255 255 172 223 46 237 193 255 255 255 255 255 255 148 207
    169 255 255 255 154 255 175 80 26 44 255 75 97 255 255 34 0 255 255
    124 255 239 255 49 171 255 65 255 255 39 255 255 255 133 216 255 68
    252 209 253 144 233 12 255 255 76 50 255 225 46 255 255 80 199 217
    140 24 68 255 255 255 190 26 255 255 255 255 184 255 255 255 255 255
    255 116 54 255 255 233 255 255 255 250 255 255 58 255 137 255 255
    255 255 255 177 255 255 80 68 255 255 255 99 255 255 170 40 255 26
    255 4 245 157 172 255 147 12 255 255 102 150 255 250 164 76 148 255
    255 12 255 109 168 41 88 204 71 54 34 255 221 255 255 255 255 124
    247 78 59 255 255 255 255 64 255 149 255 255 255 220 103 255 255 255
    255 144 73 159 182 255 213 255 255 227 166 255 255 230 255 169 255
    168 137 152 255 255 255 170 255 255 213 30 255 255 255 255 255 14
    255 73 253 90 51 255 116 255 255 10 26 123 234 255 255 198 126 255
    154 255 207 255 128 255 255 255 58 255 255 255 255 77 255 255 255
    255 255 255 255 100 34 255 130 122 255 246 255 107 255 255 227 40 77
    111 255 79 88 255 255 255 255 166 255 14 255 185 255 255 255 244 57
    93 150 255 6 202 255 255 255 255 225 255 255 255 255 255 227 255 255
    227 255 255 255 240 255 255 146 73 52 136 20 255 255 255 163 164 128
    70 210 255 80 230 37 62 255 174 145 255 142 255 255 156 133 142 255
    89 82 251 255 255 215 231 255 255 255 255 73 169 255 255 255 234 105
    255 255 255 255 76 255 255 255 255 255 255 134 161 32 55 255 238 255
    103 255 51 64 255 255 181 255 185 219 40 255 255 255 255 255 238 255
    26 255 255 199 138 254 129 180 255 255 255 255 255 255 255 255 255
    101 159 255 255 255 255 255 193 108 183 18 196 128 255 90 170 42 255
    178 255 255 47 99 104 255 221 255 255 123 255 255 255 255 65 101 255
    255 255 255 255 255 255 255 255 255 158 141 255 176 58 148 255 255
    255 255 255 255 126 255 92 114 255 200 0 255 224 255 255 42 209 62
    255 255 255 130 255 169 255 105 56 46 255 255 108 255 0 255 24 243
    255 255 119 226 152 185 255 255 255 255 107 255 255 255 255 255 24
    52 255 255 255 166 93 46 234 95 215 255 8 255 255 20 107 255 63 139
    78 255 255 255 16 211 84 105 191 170 191 66 46 241 255 255 255 97 98
    255 161 255 75 255 222 170 255 214 255 255 255 255 255 106 255 163
    255 255 255 255 255 255 114 30 14 176 255 255 255 255 163 255 231
    167 255 255 203 156 255 163 255 255 255 234 255 34 255 255 255 255
    114 255 255 255 255 255 181 181 182 193 139 252 95 221 255 59 195
    255 22 127 255 217 93 255 205 139 244 255 8 230 255 111 255 255 153
    255 255 213 74 217 113 144 255 255 12 255 255 130 34 255 255 8 10
    102 217 255 110 114 255 255 41 255 64 255 205 255 217 255 42 255 151
    158 255 205 255 255 255 255 71 255 34 255 255 48 47 175 255 255 131
    68 122 155 224 255 203 168 255 123 255 255 255 14 191 255 255 203
    255 255 255 167 174 57 255 72 255 255 255 255 38 255 61 133 198 255
    80 255 41 88 132 255 163 255 255 255 48 255 109 255 255 14 255 255
    255 255 255 255 16 255 255 255 255 255 255 255 255 230 255 255 255
    41 147 255 235 46 255 193 255 255 255 44 74 255 199 255 89 255 255
    255 255 255 223 225 188 2 46 255 255 255 255 183 58 90 219 255 52
    255 255 190 251 231 14 243 255 255 255 255 255 118 255 150 255 255
    78 114 255 255 142 119 48 255 255 255 255 255 2 255 255 98 255 255
    40 63 255 255 255 255 255 53 143 255 255 255 250 0 26 168 255 253
    255 148 14 36 255 68 255 49 255 255 6 169 156 168 89 255 203 255 255
    255 40 255 172 8 255 255 60 255 255 115 255 103 255 255 247 255 228
    255 255 255 45 255 255 181 16 230 12 255 102 57 255 236 255 255 44
    152 143 255 255 213 172 211 249 82 255 243 255 255 255 236 241 137
    232 93 255 152 255 255 50 213 127 255 255 131 136 255 52 194 118 255
    20 24 127 146 255 141 255 255 255 40 6 255 96 4 131 255 255 50 238
    255 255 210 18 201 34 255 119 158 209 207 255 255 255 204 255 255
    255 255 6 62 255 189 255 243 255 126 255 103 255 255 255 14 255 255
    78 255 255 255 231 131 156 61 145 162 97 255 104 255 255 134 176 113
    180 73 255 255 255 255 255 255 26 156 255 255 255 34 255 255 241 20
    10 24 255 255 239 255 255 255 255 255 255 245 255 255 255 30 255 255
    255 255 255 58 207 255 254 255 30 255 37 255 34 255 255 255 255 217
    255 22 22 255 219 58 255 255 255 255 255 78 246 255 255 255 255 255
    255 255 58 144 71 255 255 160 169 255 255 201 146 255 4 255 71 255
    120 255 255 255 128 255 255 14 255 255 245 255 255 255 255 112 255
    255 255 255 0 148 32 247 255 255 215 156 255 215 255 14 199 255 255
    255 56 75 255 255 99 189 255 239 255 246 53 72 152 255 255 4 211 255
    26 255 26 12 255 80 255 245 6 44 255 255 255 255 255 118 91 253 180
    51 255 255 255 52 255 255 255 255 136 159 74 255 127 78 215 60 90
    255 125 202 255 255 236 138 255 248 156 255 255 255 137 144 255 89
    255 130 141 206 73 201 178 255 255 240 255 109 170 32 193 255 255
    255 255 6 221 100 112 255 10 28 255 255 221 255 255 255 255 255 87
    255 255 255 70 100 255 89 28 241 185 186 199 255 242 255 143 255 32
    255 255 126 219 255 112 255 255 255 249 255 255 255 144 255 255 206
    18 255 250 255 255 194 255 255 255 255 163 206 255 157 162 112 99
    255 193 255 255 255 199 114 63 145 255 255 217 242 255 129 255 75
    167 180 122 255 222 189 177 112 132 255 255 37 255 255 255 255 255
    53 255 255 255 255 255 255 169 255 18 72 255 255 255 62 255 70 255
    223 213 250 162 255 24 213 89 255 255 255 72 255 193 126 255 68 255
    103 255 255 255 255 246 255 255 255 14 255 255 255 255 255 255 255
    94 255 72 32 146 22 255 255 255 50 241 193 255 138 217 176 255 253
    255 140 255 116 255 255 255 43 18 255 105 189 255 255 181 22 241 175
    22 142 163 204 255 109 255 20 111 255 255 255 255 12 211 98 183 255
    255 233 50 255 189 89 255 20 255 255 255 255 32 255 121 216 227 255
    2 255 255 166 255 255 255 223 12 156 199 78 255 85 255 255 18 255
    255 255 255 255 255 255 230 97 215 96 255 255 255 255 89 126 251 255
    255 255 255 150 255 255 126 65 255 110 160 111 252 124 221 255 101
    255 255 51 255 255 255 223 30 255 153 222 255 255 255 4 255 255 255
    213 255 255 121 50 75 255 110 255 255 58 255 219 104 255 159 158 229
    255 46 255 38 224 255 105 255 255 255 255 255 175 188 2 255 96 67
    255 70 255 255 60 255 255 188 112 36 255 73 72 255 89 191 104 255
    255 82 12 179 246 255 255 194 211 107 255 255 255 255 255 72 78 255
    255 208 75 223 255 255 54 255 57 255 255 61 117 32 219 243 255 249
    255 255 255 255 255 255 255 216 146 143 208 255 153 206 41 255 255
    255 185 204 14 255 74 209 245 8 255 255 214 255 255 255 0 255 255
    209 255 255 255 255 255 105 255 255 255 229 12 107 255 4 255 255 106
    255 255 86 255 207 54 255 255 202 255 255 255 255 255 204 255 209 32
    255 255 255 241 119 255 51 22 148 255 255 255 89 255 64 16 89 255
    112 40 255 255 221 255 6 255 255 255 38 255 255 255 255 160 255 255
    160 127 255 254 14 36 32 173 172 221 93 158 239 255 255 255 255 255
    255 229 255 255 255 255 255 149 244 255 241 255 255 147 210 183 255
    246 65 42 255 178 255 255 255 255 255 24 255 156 239 129 6 166 20
    176 10 93 172 255 123 255 79 255 70 255 183 162 255 255 148 107 12
    255 97 255 38 85 255 255 124 145 255 6 195 92 93 243 255 65 255 255
    231 60 226 254 255 255 51 255 86 168 195 46 61 227 242 255 255 50
    255 38 254 195 163 170 255 227 60 22 255 240 255 129 136 255 235 255
    89 125 255 255 36 255 255 255 255 255 251 122 243 255 106 255 255
    255 136 58 255 255 255 218 255 255 255 255 215 238 255 153 255 223
    255 42 4 177 255 95 255 255 255 151 255 255 255 255 255 235 255 255
    24 255 255 255 255 34 255 240 112 121 34 255 179 242 255 255 255 138
    255 222 233 245 118 95 255 254 255 28 255 209 131 255 255 255 255 73
    195 255 255 255 255 255 16 148 219 255 26 255 64 116 255 255 255 255
    245 146 255 203 255 255 255 142 255 255 255 255 255 255 191 20 255
    231 215 255 59 255 98 205 255 242 207 255 255 120 48 84 162 255 255
    255 231 226 255 72 200 8 255 210 255 4 128 255 52 174 255 255 255
    103 68 102 255 255 255 189 255 255 255 255 255 255 255 255 255 147
    255 160 36 255 255 117 255 255 86 246 255 255 28 255 245 18 185 125
    255 255 255 62 150 187 246 255 255 255 229 255 238 77 255 255 255
    255 250 255 117 255 255 255 255 243 255 198 225 231 255 255 58 255
    164 161 255 255 46 255 255 129 170 255 255 255 255 255 208 176 219
    84 245 203 220 49 255 98 255 123 255 126 255 255 174 201 206 146 255
    176 255 255 255 164 255 255 166 95 12 255 255 144 255 255 190 255
    255 255 255 70 92 187 141 18 105 255 255 176 245 254 187 255 255 207
    48 26 34 255 110 255 225 182 245 221 186 185 32 255 107 255 255 255
    231 255 14 255 255 93 72 255 0 255 255 39 58 255 49 42 38 14 4 255
    241 255 255 255 139 255 81 165 136 255 255 96 128 251 202 255 255
    118 170 175 210 255 62 118 83 0 8 53 60 86 158 255 192 255 171 255
    255 255 18 170 84 246 156 165 102 237 247 255 255 255 255 12 255 255
    47 84 255 255 255 230 201 88 255 59 135 255 49 255 88 255 255 255
    255 199 44 255 99 255 255 239 220 160 38 255 255 255 255 39 34 255
    255 181 255 37 76 255 255 80 255 255 255 255 255 66 0 255 255 255 79
    103 146 255 22 255 255 255 255 195 255 255 255 251 255 255 255 255
    255 255 255 174 50 78 255 203 255 148 28 255 255 38 112 255 12 255
    51 22 255 255 255 64 255 255 16 105 245 255 55 255 255 217 255 158
    83 18 255 231 20 64 57 255 186 255 155 102 130 255 20 255 255 255 67
    255 255 189 255 150 255 111 255 130 255 124 69 80 78 255 255 255 114
    97 146 255 161 255 255 145 255 18 139 255 176 221 196 112 42 255 174
    255 170 195 91 255 26 255 255 59 255 194 233 255 14 95 249 255 255
    48 255 255 255 144 243 58 72 120 179 255 255 26 255 4 255 246 128
    255 100 255 115 255 130 255 148 255 255 8 211 165 255 191 117 255
    255 2 255 239 255 255 116 99 36 255 109 246 255 38 255 255 189 102
    255 255 52 255 159 255 255 175 255 247 255 154 255 255 154 85 255
    255 8 255 255 172 255 222 255 121 255 160 255 22 160 239 255 158 255
    174 255 217 118 85 253 255 87 255 150 249 245 240 255 255 255 8 38
    255 255 255 114 255 255 56 255 255 180 255 255 255 255 255 52 255 4
    255 255 127 62 79 80 255 199 255 110 207 163 255 251 78 74 255 177
    255 144 255 248 73 40 255 255 255 255 255 185 126 126 203 255 255 34
    255 255 255 255 255 28 22 136 74 54 191 0 148 255 147 94 254 255 255
    158 203 108 255 255 164 255 88 255 255 255 255 255 255 255 223 255
    134 134 207 128 255 255 186 255 211 58 217 255 255 255 255 255 83
    255 255 255 255 40 57 255 102 255 255 30 255 93 82 255 38 74 164 249
    255 255 255 252 255 255 56 233 255 178 47 255 255 132 131 250 255
    255 142 55 50 132 53 255 255 255 97 98 105 255 226 51 201 78 255 255
    252 14 255 255 255 255 255 255 89 70 255 255 255 255 255 255 255 255
    158 255 105 20 120 155 68 144 255 174 6 251 255 255 129 255 183 255
    184 255 255 194 255 76 254 255 36 200 255 18 254 255 205 255 255 137
    255 217 54 255 255 255 92 255 145 138 255 255 130 255 255 40 178 255
    128 255 255 166 255 70 255 251 255 255 255 171 255 255 255 255 219
    177 255 211 255 255 255 70 255 255 255 255 255 255 255 255 40 255
    105 171 90 126 44 255 255 103 255 181 255 232 4 255 84 243 255 255
    14 255 32 20 30 222 255 249 198 255 255 255 255 213 168 138 103 255
    255 255 242 254 255 255 112 255 104 255 249 8 255 153 255 255 217 20
    77 88 255 91 44 254 47 243 122 249 255 255 255 201 255 255 255 255
    229 255 4 217 255 158 255 255 254 255 187 24 251 62 255 255 255 10
    237 255 36 255 255 82 255 255 90 255 255 255 207 255 255 103 255 102
    43 237 255 12 255 74 53 255 255 201 255 255 251 151 18 255 255 255
    255 243 255 39 54 255 89 88 118 215 255 84 255 227 236 255 255 255
    195 153 128 223 255 255 22 255 38 255 217 66 172 255 50 49 2 255 57
    139 255 255 217 255 255 255 94 255 91 255 255 255 255 255 26 255 255
    133 204 255 111 255 255 151 246 255 36 60 128 241 255 255 103 255
    255 117 255 0 36 134 255 211 255 255 189 168 172 60 255 193 44 255
    255 111 2 255 185 254 207 207 166 255 255 255 124 46 120 255 255 224
    172 239 90 255 255 30 255 217 255 201 131 60 160 12 255 172 255 255
    245 217 255 255 255 68 255 255 152 158 255 255 233 255 255 255 28
    158 140 255 118 255 141 255 91 255 255 168 255 216 255 91 166 187
    255 46 249 255 255 53 0 255 233 255 255 255 143 250 174 255 26 255
    255 176 255 255 124 128 95 255 2 255 34 255 255 255 154 255 178 39
    255 180 126 203 255 255 175 76 195 255 255 233 255 255 107 46 255
    231 255 234 81 255 255 255 255 196 255 229 255 83 255 196 255 255
    255 255 121 255 255 255 48 255 255 180 203 125 232 124 255 82 255 88
    78 116 255 86 14 50 206 255 253 96 24 255 255 255 255 140 116 255 52
    255 115 184 255 95 244 255 255 188 255 255 2 191 255 78 59 48 255
    201 255 196 142 239 255 255 255 255 255 255 232 229 44 255 255 255
    174 178 255 98 91 145 154 255 255 172 255 255 116 255 12 58 255 255
    255 255 183 120 223 255 224 255 255 255 41 255 255 255 127 255 255
    245 255 255 255 100 61 255 255 255 255 78 255 86 255 255 255 18 255
    105 162 195 2 255 255 255 255 255 46 255 255 255 160 178 125 255 122
    255 255 69 42 172 255 255 255 172 227 146 255 255 255 152 255 230
    255 76 255 255 46 255 255 255 255 65 50 255 255 255 255 223 64 236
    255 139 255 239 255 255 255 217 234 6 76 144 255 133 138 67 28 255
    30 155 96 241 255 255 32 255 244 255 86 255 255 255 34 105 255 255
    255 255 202 221 225 255 255 143 255 43 165 228 223 58 242 241 70 248
    22 255 255 152 255 255 255 243 255 150 255 255 91 80 255 255 255 230
    255 121 255 103 6 255 255 255 58 140 255 255 255 255 220 22 255 102
    255 109 255 255 255 255 65 255 194 255 145 255 255 227 255 134 50
    255 136 255 14 148 209 208 255 255 255 255 255 255 255 255 78 255
    255 255 255 255 80 255 255 255 255 229 255 20 131 40 255 26 226 199
    255 255 201 89 255 93 161 255 57 207 255 255 78 242 77 255 238 255
    189 122 211 93 255 55 34 126 255 255 92 255 255 255 205 223 255 255
    255 255 255 207 16 101 0 26 255 255 22 22 255 122 209 255 124 178
    251 226 142 0 255 255 111 255 255 89 26 237 177 222 255 155 114 255
    255 94 166 18 255 255 255 78 156 255 174 255 255 128 255 70 28 255
    84 242 67 195 255 255 255 255 65 26 130 124 255 255 2 255 255 255
    255 164 207 26 244 235 255 255 53 88 224 215 255 255 178 60 192 255
    229 228 37 255 230 255 255 255 255 88 82 225 255 138 172 173 212 255
    103 80 255 109 80 255 115 240 255 255 255 235 255 250 43 255 246 255
    255 44 2 16 102 255 235 255 255 103 255 81 221 246 255 155 238 254
    255 12 37 4 255 255 255 110 73 255 196 53 247 255 193 179 255 57 255
    255 255 255 255 215 165 244 255 93 255 195 161 198 4 26 255 32 20
    255 255 255 255 255 189 255 37 117 46 87 115 255 255 117 255 49 255
    255 255 255 160 255 255 80 255 119 255 255 255 8 255 255 124 255 255
    255 176 255 255 255 255 158 255 255 188 255 255 255 83 255 66 255
    227 255 211 2 255 168 255 255 219 78 255 255 255 255 255 255 134 124
    255 255 255 255 250 211 255 255 197 255 255 6 231 126 150 255 216
    103 255 156 65 255 60 255 255 255 255 255 255 245 255 28 255 30 255
    255 255 255 116 255 232 134 255 255 148 6 255 255 255 255 255 255
    255 255 255 255 255 255 10 85 255 255 207 173 150 120 255 200 150
    227 255 255 123 255 255 255 255 215 255 206 122 255 255 217 255 82
    107 255 255 255 255 202 255 113 26 245 255 255 91 255 255 255 255 30
    255 255 255 114 255 236 93 255 255 215 255 255 255 80 255 162 255
    255 255 34 255 255 255 236 255 251 2 255 227 190 255 255 34 255 255
    255 99 80 176 181 50 255 203 255 88 255 255 232 241 255 134 126 255
    34 254 255 255 136 255 255 255 82 255 255 28 255 207 201 255 255 233
    255 229 255 255 235 255 255 22 101 158 215 86 78 73 255 255 105 117
    255 255 221 255 255 255 255 255 38 22 255 255 255 174 60 255 30 181
    255 255 255 255 83 16 220 195 255 168 251 255 255 255 255 255 255
    255 102 255 255 56 255 255 255 255 255 50 75 255 255 219 107 255 178
    225 28 75 10 134 136 255 255 255 255 255 69 255 76 255 66 255 209
    255 12 247 66 255 91 255 255 215 255 100 128 62 255 255 255 255 255
    215 255 95 72 180 79 66 140 225 173 255 255 255 255 255 197 255 255
    161 238 181 255 220 255 233 255 255 255 255 255 111 208 53 139 255
    199 255 255 124 255 20 255 169 152 132 175 255 255 91 158 255 68 138
    18 255 255 255 255 255 255 185 255 241 255 146 255 255 28 255 163
    168 255 42 132 174 255 255 241 26 255 255 229 228 255 255 255 239
    255 36 255 255 6 255 34 255 156 127 255 47 255 255 231 12 255 255
    255 255 255 255 255 255 133 255 255 189 255 189 14 224 28 155 132 89
    233 172 255 255 255 255 255 136 12 191 255 140 255 94 255 157 22 255
    255 255 209 255 255 120 255 255 255 56 126 255 36 255 138 255 44 255
    233 22 255 255 140 199 76 188 255 213 255 225 255 255 120 125 255
    255 247 170 28 2 255 255 215 255 255 10 68 223 18 255 239 255 8 142
    255 255 30 111 28 170 95 255 247 255 102 255 245 255 91 62 255 47 52
    114 255 255 136 162 243 255 255 255 80 255 159 255 49 66 194 255 239
    255 255 255 255 130 88 118 255 255 240 77 54 162 255 195 255 255 255
    255 168 241 236 152 255 255 255 255 176 107 255 212 255 255 255 26
    151 18 255 68 110 136 145 255 255 255 154 255 0 202 233 255 255 254
    255 255 255 101 255 229 255 255 255 255 255 255 74 255 255 255 4 255
    219 255 207 58 255 255 255 255 114 237 255 255 181 230 65 255 255
    255 163 8 255 255 255 93 135 255 255 249 255 101 255 210 176 255 24
    255 243 255 148 191 30 225 227 58 45 177 246 255 0 70 124 181 66 255
    255 220 255 10 168 255 255 255 255 10 255 255 255 196 255 255 120
    203 207 76 255 255 255 255 255 174 237 82 126 22 95 246 174 255 255
    178 255 255 255 213 255 195 14 255 120 255 82 103 151 184 255 255 72
    130 255 255 255 163 255 122 89 255 136 141 255 255 223 110 255 255
    120 193 123 144 255 60 255 12 255 255 140 255 255 255 95 255 255 36
    255 71 113 255 255 255 14 39 255 255 255 255 255 255 62 164 255 255
    166 255 255 242 65 255 255 255 24 72 69 255 255 255 255 164 0 255
    255 26 24 224 10 255 56 158 255 255 57 139 255 255 183 255 255 211
    104 116 255 255 255 255 255 233 255 255 174 227 255 2 109 176 85 225
    255 65 93 255 8 42 255 255 86 170 255 255 255 255 217 255 91 255 176
    195 255 172 255 20 64 134 197 255 255 95 255 255 48 255 12 10 118 14
    255 255 158 255 12 255 255 206 136 255 100 255 255 30 255 255 30 255
    255 220 67 62 255 255 255 238 255 255 154 81 255 255 255 76 255 0
    255 190 255 255 200 120 211 255 255 191 255 255 255 255 255 205 184
    140 245 255 0 229 255 255 30 170 255 255 144 255 251 255 255 143 255
    255 255 212 170 255 164 221 255 22 255 255 255 255 255 188 105 66
    220 255 255 255 255 255 255 170 201 255 251 239 255 193 255 40 255
    153 152 245 157 194 255 249 118 158 191 32 255 255 152 255 60 202
    255 215 255 255 255 158 255 255 255 221 12 228 148 255 255 255 50
    255 164 255 104 255 64 255 255 34 255 249 255 250 255 255 234 227
    199 44 211 255 124 245 197 255 116 255 255 75 60 204 255 78 255 255
    227 255 160 34 56 255 255 100 255 97 64 213 255 255 255 255 255 245
    255 20 255 241 220 197 167 42 255 255 255 239 137 255 223 255 244 20
    255 255 255 145 255 255 143 255 255 197 255 255 191 12 122 255 255
    37 28 210 18 62 230 154 255 172 255 131 50 146 255 255 255 255 138
    28 255 146 255 143 160 79 255 152 170 255 84 255 101 90 255 117 255
    172 255 240 255 255 52 255 255 152 255 60 222 99 56 255 255 255 188
    191 78 100 6 255 88 47 255 255 255 143 255 255 233 84 255 255 16 168
    165 196 255 255 255 8 255 255 185 255 255 140 255 255 217 255 80 255
    255 255 255 48 255 229 255 132 255 255 255 217 255 255 178 255 255
    255 99 255 152 255 212 255 255 255 255 255 106 255 255 132 255 151
    166 255 169 246 255 99 255 37 241 238 255 217 255 255 255 255 255
    255 22 255 127 255 255 84 240 245 255 255 255 241 94 136 255 255 124
    173 20 101 255 255 229 38 255 255 255 242 136 207 255 255 255 255
    255 255 132 6 89 255 51 97 255 138 255 118 255 239 24 255 143 248
    255 58 255 201 255 56 255 255 246 255 255 255 2 193 164 255 255 255
    255 255 255 255 255 140 255 255 124 176 18 255 255 44 232 75 255 255
    199 111 255 255 255 255 99 255 255 255 255 254 71 255 238 255 16 255
    12 66 255 20 157 212 255 255 144 255 169 178 255 42 8 176 255 202
    158 255 130 255 185 78 255 249 78 255 46 255 51 255 255 154 0 255
    140 169 110 150 223 134 142 255 158 255 179 186 255 52 220 255 255
    66 37 74 246 255 217 255 65 68 255 168 109 255 251 179 255 176 48
    255 55 86 154 59 135 226 255 255 255 255 10 6 112 255 255 95 255 172
    255 157 202 255 135 255 255 233 64 255 255 76 255 255 255 37 255 240
    255 255 120 241 255 255 255 111 98 255 38 255 255 153 148 197 207
    255 77 46 240 255 105 32 0 121 202 128 255 138 136 255 255 255 107
    76 160 84 218 255 255 255 63 255 124 107 255 255 255 255 255 255 115
    134 37 221 90 207 217 255 181 255 255 241 255 166 93 32 6 59 143 172
    255 89 238 189 93 255 255 255 255 112 255 255 255 253 255 205 255 22
    116 255 255 51 179 42 255 255 230 255 227 218 255 255 255 116 64 255
    255 193 255 164 255 198 255 255 74 255 95 222 255 52 255 67 205 255
    255 255 255 251 255 50 255 255 26 201 93 255 255 8 120 144 255 34
    255 253 136 255 209 114 229 177 98 185 231 255 255 173 255 59 255
    255 85 149 222 255 14 255 255 255 255 255 255 255 47 255 255 255 255
    255 12 255 255 176 54 255 63 255 98 255 239 168 211 32 255 255 255
    255 16 239 80 99 255 255 118 255 255 150 66 255 43 175 14 144 70 70
    255 181 255 255 255 255 255 255 100 215 215 255 118 36 255 255 255
    255 20 255 62 103 255 255 148 101 40 255 255 255 107 203 176 181 255
    254 255 255 255 233 123 160 255 255 255 87 107 68 114 175 255 255 22
    26 126 155 122 120 6 255 255 197 255 132 255 134 255 62 255 148 255
    22 142 10 255 174 84 255 255 255 255 77 255 255 138 229 255 255 147
    70 227 255 255 255 28 20 183 66 255 255 4 40 255 99 255 255 255 255
    233 255 255 255 179 88 255 255 255 207 255 255 142 235 255 8 181 255
    39 187 94 118 255 255 130 255 118 247 255 242 255 255 228 146 255
    255 255 42 126 255 177 184 255 223 126 63 255 4 251 62 255 255 255
    160 255 255 150 57 42 50 255 255 46 255 169 14 255 255 255 75 205
    255 241 255 255 255 12 255 183 255 150 217 255 178 85 255 78 255 253
    90 255 2 255 255 255 116 201 255 210 2 179 60 255 70 4 255 255 244
    255 255 255 255 101 42 69 167 255 91 86 255 124 165 255 24 113 32 32
    255 255 255 62 118 241 255 255 255 86 4 47 16 196 146 42 255 255 8
    255 255 255 255 37 6 255 136 255 220 233 255 236 39 255 80 255 255
    255 203 255 46 93 127 170 255 185 255 193 255 255 255 255 90 243 255
    255 225 44 255 142 255 240 124 54 255 255 155 248 255 249 255 16 38
    255 140 255 255 170 145 98 160 255 255 61 255 184 89 255 255 16 255
    224 255 255 255 239 255 166 67 115 255 255 255 96 255 255 255 255
    191 255 255 219 255 255 211 92 255 255 255 255 255 255 255 255 112
    189 251 86 255 255 255 255 185 255 255 255 255 255 255 255 255 165
    32 105 181 38 255 255 255 255 159 255 255 253 0 221 255 255 255 255
    86 255 169 70 164 255 246 255 205 255 227 255 208 112 46 255 93 68
    44 255 199 255 20 44 255 255 249 52 255 255 255 55 197 126 255 203
    178 150 255 66 255 255 255 207 255 128 18 97 194 255 255 255 255 255
    212 255 175 255 255 255 128 255 255 38 255 54 255 124 255 134 237
    255 255 118 229 255 91 255 18 255 117 134 255 255 255 203 255 255
    255 48 255 213 255 255 255 199 255 41 82 162 255 255 255 233 213 255
    150 255 255 255 255 238 14 255 255 255 239 255 164 207 82 255 255 64
    255 255 40 101 255 255 51 255 160 255 255 22 255 255 255 255 255 72
    2 255 36 231 153 255 255 255 255 255 255 255 124 165 190 255 255 212
    255 171 255 34 215 255 255 255 172 255 237 255 114 80 255 255 221 66
    122 255 255 99 255 210 87 197 255 255 255 255 43 233 18 43 255 255
    126 82 176 255 117 255 255 255 255 255 255 186 89 40 255 255 255 188
    255 189 220 91 255 255 255 38 255 37 241 255 255 241 255 255 70 255
    39 201 200 255 255 255 174 255 255 255 255 255 255 99 255 219 54 255
    255 4 255 176 34 36 255 36 255 71 203 104 255 255 74 255 105 20 255
    239 255 124 2 255 247 255 90 255 251 44 255 255 255 28 16 255 251
    255 255 47 249 255 91 255 255 255 255 255 24 89 154 136 255 255 93
    255 255 67 191 255 255 255 255 255 219 46 255 58 234 237 54 156 195
    115 10 16 255 176 75 255 28 87 255 64 99 229 255 39 255 42 255 205
    70 255 255 38 255 255 255 140 185 190 18 255 255 255 255 255 122 8
    50 41 255 92 71 249 255 255 24 132 195 38 255 168 133 176 255 255
    184 255 231 255 59 255 192 77 233 146 168 255 255 255 255 214 219
    105 255 8 255 255 255 141 255 195 255 6 170 255 255 255 28 255 49
    255 132 255 191 255 189 4 170 71 99 240 65 255 255 67 161 255 195
    157 66 255 255 255 152 95 255 255 255 255 166 255 255 20 255 124 207
    255 166 255 255 255 255 24 38 37 44 255 132 227 42 255 255 255 37
    129 255 4 42 255 189 86 136 61 255 92 255 255 255 91 171 255 103 255
    10 255 255 96 249 255 255 130 181 68 195 255 126 168 109 255 255 221
    68 255 44 0 255 255 24 132 255 182 255 78 188 255 255 234 164 40 70
    55 255 255 255 165 100 251 255 255 255 12 160 255 255 255 255 4 78
    255 255 12 146 44 255 213 255 255 241 255 255 95 255 90 91 255 224
    12 203 255 144 255 255 255 32 255 189 255 255 255 185 255 255 171
    255 118 255 6 255 255 255 255 147 255 255 6 206 107 255 240 71 95 36
    53 255 255 118 133 60 255 145 255 75 255 138 255 255 0 255 255 142
    34 255 255 255 255 90 255 139 182 255 103 124 16 255 255 255 219 255
    255 207 255 255 255 150 255 84 144 255 255 255 255 255 98 217 255 54
    148 229 32 255 181 255 255 52 126 255 26 244 75 16 210 225 129 255
    255 141 194 255 255 36 219 245 102 255 151 255 154 227 88 24 255 255
    255 255 50 164 62 255 183 255 70 255 255 106 255 193 150 255 255 255
    255 255 255 255 255 255 160 38 255 235 255 230 255 255 255 255 247
    254 255 255 255 41 117 248 255 247 44 32 255 255 255 255 184 77 38
    244 255 255 148 174 139 102 241 255 255 14 199 255 91 255 10 255 44
    255 77 255 255 237 255 138 255 66 160 168 255 255 255 227 255 26 14
    234 71 153 4 124 255 182 8 255 246 110 255 16 255 151 255 255 165 56
    195 173 255 69 145 255 225 255 255 255 221 255 185 249 174 32 255
    158 255 36 255 207 177 150 255 115 134 255 101 96 255 255 24 166 129
    34 81 62 102 170 255 120 255 255 156 255 255 255 255 64 255 77 255
    182 97 255 255 255 14 134 255 30 255 39 91 14 255 255 36 73 255 124
    231 255 84 255 255 112 32 255 255 156 82 255 255 255 246 255 6 250
    81 255 255 255 255 240 255 10 102 255 255 255 255 255 255 201 161
    255 255 227 70 124 255 108 255 255 255 255 255 110 255 255 244 128
    255 255 164 229 255 255 205 156 255 221 158 255 72 255 83 255 60 59
    141 28 255 255 255 126 255 255 255 12 250 59 52 255 152 255 255 4
    183 255 255 255 255 255 255 194 249 255 196 138 255 248 209 255 126
    255 255 30 193 219 255 85 255 10 181 191 144 4 255 255 255 14 255 10
    255 24 243 119 255 219 255 174 185 255 255 255 255 255 255 167 255
    255 143 255 255 255 114 140 255 130 255 255 110 122 171 255 217 255
    234 63 255 255 255 145 255 255 145 160 156 213 128 39 137 255 255
    255 255 255 221 92 55 93 255 51 255 76 53 109 255 255 82 196 229 255
    255 83 44 80 255 255 255 255 50 255 255 58 174 162 165 34 255 255
    255 30 30 244 207 255 36 255 62 255 136 147 246 81 119 164 255 189
    148 255 255 255 110 255 120 255 255 255 201 255 255 255 255 255 227
    225 26 239 245 255 255 255 255 255 88 255 255 30 70 255 255 255 158
    183 128 18 99 255 255 38 255 83 255 255 146 255 40 12 255 32 255 243
    255 255 227 60 221 255 255 255 255 255 255 255 128 59 255 46 255 255
    190 255 255 42 255 255 255 47 255 255 89 255 152 24 6 76 255 157 58
    10 255 255 255 255 212 172 121 255 255 255 16 255 80 255 255 16 255
    255 255 255 255 235 255 205 255 60 162 255 90 255 143 10 144 255 248
    255 255 255 30 159 255 255 255 255 255 255 255 255 64 255 255 255
    190 207 255 82 83 255 112 37 255 122 255 255 68 183 44 255 255 245
    78 255 255 94 140 255 255 101 241 255 6 97 76 176 255 255 34 255 72
    205 107 204 150 255 255 251 255 255 255 185 255 255 255 255 185 97
    255 30 255 255 191 91 255 160 255 255 75 255 236 189 74 255 255 66
    46 255 255 255 255 255 255 2 255 255 255 255 255 255 76 255 255 111
    116 156 255 196 255 255 255 0 78 106 255 163 255 207 255 248 146 255
    255 160 255 138 255 255 255 255 255 255 255 187 248 255 255 152 255
    255 216 43 89 255 105 177 255 255 255 20 130 255 255 255 48 255 255
    255 238 2 103 255 255 171 255 255 60 255 152 78 154 255 255 76 255
    255 246 16 157 180 254 255 255 132 249 248 134 52 160 255 231 255
    126 103 255 130 255 255 255 97 255 255 255 254 247 255 26 255 255
    255 37 183 174 255 255 130 47 255 255 255 255 255 247 56 255 237 255
    255 255 70 255 255 215 38 118 229 255 116 74 255 107 255 255 255 255
    255 213 155 148 243 255 66 43 91 146 174 255 255 255 245 255 83 255
    156 255 72 40 255 255 255 83 121 216 255 255 255 255 195 255 255 255
    222 116 255 196 255 255 60 55 251 138 255 173 255 43 255 188 255 197
    136 255 199 178 229 40 172 254 255 146 255 10 255 89 8 174 255 145
    255 118 255 248 255 50 255 207 255 255 22 52 255 255 70 255 255 74
    182 8 255 255 255 255 130 255 255 108 28 203 255 207 255 138 170 42
    58 39 255 255 255 255 196 255 255 148 142 255 255 69 22 232 255 24
    255 255 211 6 255 255 38 223 72 90 255 207 252 162 82 255 255 34 98
    41 95 255 255 255 255 162 255 82 255 93 255 255 125 254 79 215 255
    221 219 255 116 255 255 255 255 144 255 255 104 255 255 50 122 255
    255 255 255 196 255 60 255 255 255 0 255 255 38 219 145 255 255 255
    32 255 40 255 255 255 255 255 255 88 199 95 18 73 255 255 255 255
    255 255 255 120 197 185 240 16 255 34 255 28 28 255 255 255 93 127
    188 30 205 156 255 255 172 2 255 255 91 12 182 10 255 80 255 183 94
    207 255 160 71 255 254 51 201 130 255 24 164 229 117 255 93 105 246
    199 255 255 134 255 255 197 179 255 255 255 255 148 255 116 239 8
    255 75 147 255 255 88 56 255 255 236 20 255 255 191 255 255 255 255
    255 41 36 98 251 255 255 146 155 70 255 97 255 255 62 216 124 203
    255 255 255 255 116 213 112 255 255 196 93 255 168 255 255 252 255
    255 58 47 167 44 185 119 34 43 143 255 30 255 255 81 117 255 87 34
    255 255 103 252 118 34 140 81 26 255 28 255 10 255 255 255 97 255 20
    178 207 255 255 4 255 170 68 255 255 82 212 160 241 62 255 255 255
    255 255 255 255 203 255 101 255 124 249 255 255 255 255 255 114 255
    255 255 255 255 239 255 154 255 255 255 197 76 255 130 169 90 255
    255 255 255 255 255 255 255 176 255 255 255 255 255 255 255 255 255
    255 243 255 65 255 255 136 54 12 39 255 76 95 255 56 255 159 122 172
    131 192 255 255 255 255 255 26 255 78 255 255 255 255 0 255 46 211
    243 246 255 213 172 255 255 242 95 225 110 255 40 255 255 89 18 140
    211 228 205 56 168 231 121 228 37 131 255 255 255 180 255 255 255
    124 255 54 172 255 140 81 48 255 32 199 160 255 28 246 10 255 255
    114 255 255 217 18 230 255 221 255 255 255 20 154 159 38 85 255 40
    14 255 198 255 241 255 160 127 255 26 107 44 150 223 80 255 255 255
    255 255 178 65 255 154 255 183 255 142 255 114 225 255 255 193 255
    255 75 255 128 255 195 255 255 111 255 255 255 255 255 255 255 213
    161 36 255 14 255 213 255 182 255 255 255 255 121 255 138 255 148
    255 255 255 255 255 4 101 213 18 223 44 236 255 255 255 254 255 140
    195 255 202 154 255 255 140 255 254 255 2 255 45 255 116 255 99 255
    255 249 96 128 255 255 191 255 76 255 137 170 255 78 244 255 135 198
    166 99 210 255 255 0 6 255 210 231 10 0 255 255 34 255 22 255 34 203
    255 26 255 255 255 255 158 255 255 255 185 255 62 89 255 180 255 0
    255 51 209 170 255 147 255 255 255 94 255 255 40 124 0 255 140 24
    255 154 223 255 255 255 130 249 197 170 112 255 66 255 34 255 160
    255 255 255 255 255 255 255 255 178 231 255 241 255 30 255 175 26
    255 255 255 116 127 20 83 235 255 255 203 116 255 115 68 99 4 255
    255 8 255 255 255 108 255 205 255 79 175 76 45 255 92 160 255 98 245
    36 130 255 18 254 255 255 255 255 255 198 233 255 255 255 8 22 255
    255 255 67 255 255 255 62 18 26 255 255 8 255 255 255 255 104 255 42
    255 255 91 232 116 255 22 207 127 255 12 82 14 241 153 134 89 147
    255 255 64 255 213 40 154 6 255 255 26 143 255 75 255 78 255 255 176
    255 121 216 181 219 222 191 255 202 255 255 26 255 247 86 61 239 255
    55 255 255 63 84 255 255 219 116 255 255 112 255 255 255 255 241 255
    255 247 255 65 255 40 150 18 184 255 255 255 255 255 255 128 255 255
    134 52 255 211 255 120 193 255 208 124 199 188 255 255 255 77 255 20
    255 255 20 255 12 255 255 60 255 255 255 255 81 255 140 255 217 255
    122 243 28 34 255 50 105 165 56 255 255 114 128 60 255 28 205 88 16
    255 255 255 42 255 215 255 174 237 255 94 8 135 255 255 255 255 85
    54 244 152 6 255 255 58 255 229 255 255 255 255 96 255 80 255 255
    255 255 20 255 255 255 255 255 255 255 216 34 255 24 183 255 255 255
    255 10 255 197 142 255 64 250 83 133 146 255 171 255 134 255 255 138
    255 202 255 107 38 255 167 255 255 255 156 219 143 255 255 103 255
    53 255 255 83 255 255 255 255 255 87 129 102 255 255 172 255 255 162
    255 44 255 255 50 184 255 255 44 255 231 8 154 255 255 255 255 72
    120 237 110 255 251 124 255 68 34 255 255 180 176 14 255 255 169 255
    255 131 154 124 18 255 255 221 255 10 255 255 247 255 255 255 107
    198 191 255 42 255 255 250 255 157 255 255 32 234 255 255 200 255
    255 255 81 255 255 255 111 255 81 97 255 41 255 255 255 229 255 255
    255 216 130 255 255 114 66 255 2 255 255 138 6 255 93 0 255 255 44
    10 255 213 8 211 185 248 156 255 154 255 255 242 61 66 110 255 255
    255 255 255 232 49 251 255 209 255 255 255 115 84 170 135 132 255
    255 255 255 255 132 28 255 255 181 255 255 24 255 255 255 4 30 22
    255 246 209 187 255 203 46 255 63 255 64 255 255 255 178 255 46 69
    185 255 255 255 255 255 255 6 255 101 255 255 255 228 168 255 78 8
    189 255 255 255 255 170 255 255 255 255 255 51 193 176 255 255 192
    255 255 255 251 255 255 255 255 208 255 255 255 255 255 255 255 223
    216 166 255 150 255 203 44 255 255 255 255 243 220 255 255 116 255
    157 255 47 255 255 93 255 24 255 145 255 255 18 146 255 255 255 20
    10 180 255 255 174 65 255 122 67 163 255 255 111 242 91 255 255 255
    24 255 193 191 188 255 255 255 255 161 0 221 68 255 63 24 255 255
    255 255 49 255 255 34 255 170 255 115 255 140 255 50 255 52 255 255
    255 255 156 2 166 18 40 255 255 22 40 255 255 255 103 255 255 255
    255 255 255 149 255 255 155 160 255 255 255 207 255 42 97 68 126 138
    169 64 213 38 194 99 255 255 254 44 255 255 255 168 160 129 255 199
    16 255 255 97 255 255 10 14 174 78 208 255 195 114 132 255 255 158
    255 132 255 255 200 112 255 255 255 95 174 55 255 255 255 119 255
    255 14 62 255 255 254 255 255 60 255 255 172 255 255 166 255 255 240
    158 255 36 73 109 98 255 255 54 255 56 176 255 205 88 241 255 60 255
    255 255 85 255 255 176 88 40 12 255 58 154 38 8 26 245 255 0 255 255
    255 255 255 189 6 222 75 16 255 255 10 192 223 141 255 255 64 242 71
    131 255 87 255 255 255 121 88 255 255 26 255 255 228 255 255 6 85
    255 255 55 88 10 91 255 44 255 255 255 152 255 102 229 255 254 83
    255 255 255 255 255 91 97 30 221 255 255 255 225 56 255 255 255 39
    255 255 75 86 255 255 255 4 57 183 88 205 255 255 255 255 150 193 56
    255 255 215 152 193 48 255 99 255 255 255 255 22 255 255 255 193 123
    255 197 255 255 162 195 255 81 255 224 164 129 255 255 34 206 193 32
    255 255 255 34 176 255 106 255 255 255 18 255 226 255 185 255 255
    135 255 189 255 184 187 68 255 255 187 255 255 52 220 255 76 132 148
    255 255 255 255 238 255 10 255 178 163 255 53 255 255 255 255 255
    105 255 255 255 233 255 255 245 255 154 255 255 71 255 255 174 255
    255 217 255 255 255 255 255 107 56 255 205 30 146 255 255 20 255 255
    106 26 255 255 130 255 255 243 255 124 255 255 200 255 99 254 132 88
    255 255 97 232 255 129 234 255 255 40 255 255 24 112 121 255 6 141
    160 255 255 255 217 66 6 255 187 206 255 215 255 41 255 255 255 255
    255 16 191 255 174 255 78 255 95 255 255 255 255 255 255 208 255 255
    102 255 255 255 164 255 255 255 56 8 172 121 255 28 255 2 239 255
    254 233 255 255 255 119 94 124 195 182 255 255 72 197 255 255 176
    255 255 255 183 255 255 56 114 24 40 255 71 103 102 67 40 255 255
    163 255 47 255 190 221 255 230 255 255 255 255 22 255 255 255 72 255
    255 255 57 30 255 255 255 158 99 34 255 213 249 20 178 211 20 255
    255 140 187 255 144 255 255 84 255 255 198 255 237 18 247 255 255
    150 255 255 69 107 255 53 255 255 120 255 182 255 80 86 57 255 228
    49 255 88 255 255 255 164 163 170 255 58 255 75 56 255 255 119 114
    89 255 255 255 84 112 107 255 255 124 255 255 144 46 255 255 6 255 6
    18 146 28 179 255 255 255 255 2 12 26 10 197 255 255 205 255 255 255
    48 255 233 4 95 103 255 223 255 66 174 107 255 255 237 255 255 255
    255 203 95 30 93 56 20 255 151 255 176 255 255 255 42 6 2 16 255 142
    255 255 185 32 255 255 255 250 255 6 255 255 143 255 43 255 84 255 2
    130 110 101 236 193 123 255 255 255 26 67 255 22 183 255 50 81 10
    255 87 255 104 255 255 106 255 66 4 255 255 90 14 225 255 178 139
    150 47 255 218 245 153 255 197 225 255 28 217 44 2 171 255 41 255
    255 255 177 74 255 255 236 255 255 255 255 88 136 255 229 114 191 42
    48 191 255 255 24 255 222 255 48 255 255 255 146 255 245 255 255 255
    255 2 44 255 49 255 182 255 233 52 255 255 255 255 157 178 255 147
    88 251 56 42 162 255 172 158 255 255 28 185 70 255 153 42 110 229
    255 223 253 255 255 169 18 2 42 255 255 255 255 41 255 255 255 187
    230 195 255 255 255 255 82 227 255 255 49 113 46 77 255 254 24 171
    10 255 111 212 254 66 64 255 149 255 255 211 116 191 255 232 47 255
    162 251 147 130 255 255 252 255 255 255 255 109 255 91 153 255 255
    255 196 255 127 255 95 255 255 164 255 255 158 255 58 255 255 255
    255 255 26 255 185 250 255 64 8 225 54 180 255 159 255 231 255 226
    255 255 255 255 255 255 255 84 255 217 20 255 255 10 255 241 255 168
    255 97 255 205 127 154 255 78 255 255 255 255 255 255 255 255 26 255
    205 18 102 255 123 255 120 147 255 110 255 56 255 255 74 156 255 48
    67 255 255 255 14 226 255 171 48 255 255 174 255 203 255 43 177 122
    255 255 255 241 95 255 255 14 255 255 255 100 164 255 255 255 10 212
    97 255 58 114 255 255 172 203 128 255 255 212 255 255 255 255 205
    120 255 66 100 176 195 255 249 103 184 255 125 255 107 255 255 255
    255 255 255 255 255 255 255 255 255 155 255 217 8 255 16 255 86 255
    255 255 255 255 255 255 60 255 112 255 48 189 255 255 255 255 255
    255 255 255 255 255 76 255 221 240 255 175 255 128 111 170 187 255
    254 255 255 255 255 255 194 255 255 255 187 255 255 255 255 255 79
    187 126 10 255 94 156 193 255 89 213 255 53 255 34 255 255 255 255
    229 255 75 70 150 249 149 255 241 97 86 91 137 255 255 255 255 77
    101 255 255 255 102 255 255 188 255 205 255 255 195 255 255 14 255
    152 161 194 255 80 255 235 135 255 241 151 236 255 44 255 255 255
    142 255 255 30 128 175 234 255 86 242 255 215 255 255 255 144 255 42
    98 255 255 255 0 97 150 223 255 188 211 255 255 255 36 255 255 255
    255 116 255 70 255 189 224 189 255 255 160 86 255 255 255 188 235
    181 255 255 255 255 255 255 114 255 255 26 255 255 255 75 255 98 255
    255 255 128 199 255 170 255 80 6 255 100 255 159 255 255 255 52 130
    215 255 255 255 110 67 251 200 65 103 158 255 175 246 255 165 254
    199 255 255 41 255 255 255 177 255 255 255 255 49 255 255 221 255
    224 75 255 255 255 255 108 142 255 255 255 255 182 255 34 112 122
    255 255 255 255 255 255 255 255 255 255 142 166 229 255 114 255 255
    67 56 255 255 255 255 255 255 255 207 193 255 183 82 100 255 40 255
    55 245 60 209 48 255 223 255 255 255 255 255 255 255 255 255 255 210
    160 119 255 255 14 190 255 255 255 255 32 255 103 255 142 255 255
    255 255 74 255 255 205 218 255 231 212 114 26 118 130 255 242 223
    127 40 255 207 72 255 255 255 255 255 158 255 255 255 255 255 255
    195 255 30 255 199 82 213 117 255 225 255 255 255 209 255 255 167
    255 114 255 172 73 183 255 255 30 64 211 165 255 20 255 255 255 255
    200 255 255 255 203 255 255 225 163 10 255 24 255 255 58 160 144 14
    255 255 121 128 45 231 255 154 211 255 166 255 134 142 243 255 203
    121 255 215 221 102 255 191 28 91 255 230 255 255 118 255 255 128
    255 171 255 95 255 255 79 133 158 255 129 64 183 255 255 255 163 226
    255 209 94 255 127 255 255 191 255 255 99 182 140 26 112 53 155 255
    255 78 255 197 161 255 16 255 234 255 6 255 142 243 128 255 255 255
    255 70 14 221 255 188 122 255 176 255 107 198 255 241 255 255 255
    118 255 195 32 203 255 16 197 86 92 255 255 74 71 0 66 255 255 255
    205 255 142 255 255 255 43 255 184 255 255 255 255 255 208 255 253
    140 6 255 70 39 131 255 166 255 172 255 191 255 255 255 222 156 255
    52 255 255 244 255 157 180 172 167 32 255 38 255 255 255 120 43 255
    255 255 255 114 255 229 255 255 185 255 255 255 255 255 64 216 255
    255 226 255 253 96 255 255 92 255 255 242 231 255 255 160 161 50 4
    117 255 255 76 60 67 255 194 255 58 255 255 253 208 63 255 255 231
    195 255 150 8 12 255 113 255 255 175 172 255 255 255 255 237 255 223
    255 168 255 255 255 168 18 255 255 255 12 144 255 206 142 255 255
    172 119 210 47 255 255 255 221 255 73 255 196 255 255 255 255 255
    148 255 229 255 89 255 255 20 255 28 255 255 255 255 255 156 178 255
    255 255 239 144 107 255 38 255 219 32 249 145 255 152 219 255 255 82
    255 148 255 255 114 211 255 138 255 255 37 255 255 199 89 40 53 255
    154 255 255 62 79 157 255 65 50 255 255 255 64 255 223 84 255 255
    255 255 255 122 225 255 152 255 255 106 128 155 255 150 255 62 255
    101 255 255 255 130 255 255 255 255 249 255 255 105 255 160 4 94 255
    255 255 6 26 78 203 255 200 255 255 172 199 109 255 255 255 40 255
    255 255 255 203 128 150 211 60 81 255 118 255 211 130 255 255 255
    255 211 252 12 255 104 255 255 255 255 255 255 255 197 214 187 28
    214 255 255 242 255 255 178 255 255 170 255 137 255 255 255 100 255
    159 255 255 42 255 255 255 255 235 255 170 41 255 255 255 255 255
    255 255 52 101 189 255 95 255 68 255 255 96 128 205 255 18 255 104
    255 89 255 241 129 255 255 255 255 221 70 255 255 177 170 73 115 164
    229 141 190 166 255 88 255 215 255 255 74 182 73 255 255 255 255 255
    255 193 226 255 177 255 103 255 255 255 255 42 75 255 148 255 119
    255 255 255 168 205 16 180 30 219 148 255 255 255 241 44 255 217 197
    255 59 161 255 156 255 96 193 255 255 189 255 24 255 255 255 255 44
    216 30 95 126 28 255 180 255 255 255 61 149 255 57 255 180 122 133
    224 255 255 255 55 211 255 255 42 255 124 255 158 65 40 255 201 121
    255 112 255 158 85 255 255 255 255 46 255 255 255 255 255 255 255 42
    160 255 255 255 251 187 255 235 255 255 120 135 196 225 131 255 255
    255 255 255 151 255 255 255 92 51 70 255 12 255 96 97 175 255 150
    249 52 255 255 255 255 255 255 136 32 10 255 88 236 255 251 242 255
    181 232 255 197 255 181 255 136 255 70 12 207 195 250 255 42 120 2
    255 255 255 255 255 255 139 104 124 255 255 255 255 134 255 255 255
    99 141 116 255 165 255 255 255 160 255 255 255 255 121 255 255 143
    242 73 255 255 255 255 255 197 209 122 255 247 170 176 255 194 255
    255 255 160 255 255 45 95 255 255 163 112 255 255 255 255 237 184
    199 255 150 45 74 242 39 18 255 255 169 255 255 91 240 255 183 218
    53 50 30 255 255 26 255 255 206 255 58 255 255 109 82 47 121 255 142
    255 156 55 255 255 231 255 255 255 64 255 255 255 208 255 255 255
    110 38 255 174 213 255 2 255 255 45 84 255 87 255 255 197 48 255 247
    255 255 134 255 255 255 223 198 227 187 138 255 255 255 114 68 255
    255 255 244 97 173 255 255 255 100 255 255 136 255 133 255 255 255
    166 255 119 255 255 255 255 255 64 38 174 255 202 138 97 255 18 255
    68 255 255 24 57 109 78 79 28 255 77 219 255 6 201 255 255 109 114
    20 203 255 255 72 120 255 255 255 255 255 255 255 255 255 255 119
    255 255 255 255 219 255 255 156 46 255 132 255 114 207 221 64 97 255
    255 154 255 172 255 237 255 168 255 255 255 159 255 255 255 255 255
    2 242 103 255 66 255 255 80 255 255 255 255 18 14 255 58 242 203 255
    255 229 255 232 49 255 255 255 255 255 55 255 255 249 151 255 122
    255 238 172 117 255 14 99 222 205 109 66 255 255 112 209 255 255 178
    253 190 255 201 66 30 16 88 255 255 255 255 68 72 199 255 0 231 32
    255 255 255 222 255 255 102 112 121 255 146 255 255 255 26 34 183
    255 255 243 32 50 237 255 255 255 82 38 255 229 136 160 255 255 227
    64 66 255 255 255 79 249 214 154 247 10 255 12 54 114 195 255 255
    255 255 255 62 255 201 255 255 255 60 255 18 255 138 152 117 78 53
    161 150 255 255 192 255 255 255 118 255 242 118 153 174 255 46 14
    255 255 30 197 76 255 255 255 228 255 255 198 101 255 255 122 255
    255 14 255 86 97 255 218 255 255 255 255 255 255 26 255 255 255 255
    255 6 255 255 59 255 68 255 187 174 255 64 164 255 255 146 79 28 80
    255 255 255 191 255 146 255 255 22 255 255 255 255 255 100 132 255
    255 255 241 206 181 64 255 255 175 126 255 255 255 172 255 242 255
    119 108 255 185 255 235 255 255 255 255 226 61 97 34 255 231 180 63
    255 255 110 201 255 191 14 255 140 245 70 136 40 255 255 99 255 255
    255 255 255 255 34 67 255 255 255 233 255 255 74 255 255 54 255 255
    101 250 255 255 64 255 189 255 255 255 72 255 101 144 255 8 255 53
    255 255 47 105 244 255 177 146 255 125 255 255 34 236 255 255 255
    255 255 255 255 255 255 255 159 255 65 62 255 110 88 255 223 10 226
    254 4 255 255 115 255 255 255 216 168 241 12 45 68 255 2 20 255 166
    255 255 6 255 255 255 195 255 219 255 16 255 66 255 79 255 64 28 103
    255 205 107 52 120 237 34 255 255 255 255 187 255 211 255 154 150
    255 246 124 249 146 219 255 255 156 16 4 255 2 138 255 80 80 255 255
    24 255 255 200 255 255 255 255 255 255 255 255 255 49 255 240 255 89
    255 247 129 66 241 169 178 255 171 12 39 187 170 255 255 255 255 255
    255 118 177 255 255 255 255 255 255 255 245 255 255 83 255 24 191 88
    114 255 227 255 255 161 255 255 95 255 255 255 192 255 58 116 97 255
    255 154 177 168 101 255 230 197 12 74 59 255 234 255 219 246 67 255
    162 255 207 250 255 88 64 255 197 48 166 155 255 255 32 178 255 245
    255 191 199 255 255 253 255 255 255 255 6 255 255 255 97 22 255 165
    255 97 93 144 255 255 48 255 255 94 255 255 82 255 255 255 132 255
    255 255 255 255 20 255 255 245 255 255 130 253 8 255 34 255 255 127
    192 255 197 234 255 50 248 146 255 218 255 255 128 255 255 255 255
    101 184 26 217 255 124 255 118 255 211 255 255 125 255 213 217 212
    255 255 44 255 191 255 255 255 255 255 255 146 83 12 255 199 135 70
    55 255 255 255 115 218 255 255 236 172 211 255 0 129 136 45 78 255
    255 255 255 255 195 255 255 255 238 55 255 255 255 255 255 152 42
    255 160 209 255 91 255 255 34 193 255 39 50 255 255 10 255 255 145
    255 176 255 255 255 6 104 241 117 255 255 219 255 105 255 70 255 197
    255 150 255 255 231 255 255 105 44 38 255 159 154 10 241 255 255 241
    116 255 255 82 193 171 255 255 255 255 255 34 255 249 93 188 22 93
    255 255 207 210 30 20 90 14 255 255 255 52 255 255 237 78 193 255
    255 255 255 68 132 82 255 255 203 255 255 255 255 255 147 255 156
    255 224 255 181 118 255 215 114 197 70 255 255 179 150 255 243 178
    164 255 38 255 0 255 255 255 255 255 185 202 255 72 255 255 255 255
    255 72 210 255 255 255 130 62 144 219 199 38 124 255 255 55 253 255
    156 207 0 255 255 255 255 237 255 0 255 255 223 36 255 255 255 255
    255 86 255 22 255 255 55 255 255 255 52 152 116 255 90 185 255 94
    255 42 116 255 169 240 255 255 255 162 241 24 122 129 255 255 78 186
    67 255 176 59 255 248 255 255 138 166 88 118 255 64 255 118 195 255
    233 227 134 160 255 255 12 227 255 154 18 255 203 215 255 221 50 228
    255 207 255 255 255 2 79 137 255 255 255 255 0 123 255 61 68 255 255
    255 82 255 165 154 213 255 255 105 255 255 61 227 255 65 137 144 146
    76 6 255 255 102 255 10 4 18 229 226 22 255 10 49 181 22 255 255 255
    166 149 28 8 255 255 101 255 255 24 255 42 255 255 188 191 255 255
    124 255 255 255 255 244 34 62 106 162 255 138 213 129 255 39 255 255
    174 8 10 61 255 255 112 44 255 255 255 255 255 255 255 255 255 252
    255 255 255 255 255 255 255 46 255 255 44 255 255 159 255 89 93 255
    255 203 255 255 255 255 255 159 26 34 86 255 77 255 255 237 76 238
    255 2 255 201 95 104 255 185 140 255 143 255 85 91 112 255 255 22
    187 255 228 105 221 255 255 255 255 114 255 0 255 12 255 255 255 220
    110 255 96 130 44 255 255 255 162 32 213 255 255 24 212 71 241 255
    255 255 255 255 255 44 93 181 255 245 52 255 255 255 255 255 255 255
    255 171 255 107 233 255 158 255 255 255 82 154 255 255 255 255 255
    255 93 255 255 255 62 255 255 255 255 255 255 255 43 255 4 255 255
    255 254 193 238 255 255 90 255 48 255 255 255 255 148 255 255 118
    159 148 255 255 255 255 255 112 255 2 255 255 255 238 255 139 194
    140 227 255 255 255 255 227 6 255 255 255 255 255 91 255 255 117 12
    26 255 54 255 251 80 255 80 255 255 255 255 255 255 255 118 255 255
    97 34 255 43 255 8 243 70 255 255 255 255 255 139 78 59 127 28 120
    255 36 255 255 184 255 183 172 255 255 255 255 125 255 255 255 86
    255 131 88 126 179 250 255 255 255 255 255 60 65 255 255 255 255 116
    255 255 158 156 181 255 255 117 122 166 255 220 255 109 255 255 72
    12 255 255 255 255 255 112 255 255 255 37 255 255 18 255 116 255 255
    158 255 16 46 255 255 255 32 255 156 255 231 255 118 223 255 97 54
    255 205 123 50 99 255 255 193 255 255 255 255 138 43 221 255 255 99
    46 255 249 255 255 255 255 255 255 255 255 111 208 10 255 246 51 255
    255 255 255 255 255 255 48 59 181 136 0 255 248 20 28 255 255 173
    218 112 255 80 101 255 202 144 255 255 43 255 255 124 88 255 255 255
    204 255 255 212 255 255 255 255 255 136 191 255 168 16 233 48 255
    159 255 146 255 8 255 8 255 122 255 255 255 255 255 83 255 255 34
    255 174 2 28 255 255 233 255 255 225 234 176 255 102 247 22 180 255
    255 176 255 255 255 255 255 255 255 255 255 41 255 76 255 255 186
    181 255 255 255 221 214 154 255 255 255 255 82 71 123 250 223 255
    255 112 54 255 255 153 162 37 255 255 255 255 104 77 50 255 91 173
    166 176 40 230 255 239 255 255 255 255 134 255 255 255 12 255 255
    189 140 255 149 255 99 255 180 168 219 132 255 255 255 255 255 255
    255 255 188 140 255 255 162 255 182 69 241 255 239 82 255 239 181
    112 189 227 255 241 22 255 255 255 156 255 229 255 255 211 204 255
    255 114 227 255 255 126 22 34 91 139 255 203 255 130 57 255 182 255
    255 255 255 255 20 255 255 255 142 255 255 255 52 8 18 255 255 255
    255 255 255 255 124 255 255 198 255 209 255 168 119 186 10 255 255
    255 4 92 59 255 255 255 255 242 97 187 255 255 60 46 255 255 255 239
    243 255 255 255 12 189 165 78 26 255 64 255 179 180 18 28 152 187
    255 255 120 255 255 255 255 255 255 255 255 134 183 255 89 255 198
    255 255 32 255 151 255 120 255 62 229 6 242 146 16 146 255 32 238 63
    48 255 67 255 255 255 155 255 255 62 255 142 255 255 255 119 186 146
    64 255 255 255 32 237 76 255 255 235 150 255 165 255 14 46 255 255
    251 255 170 95 0 255 215 255 255 255 255 217 255 255 255 255 182 24
    255 255 255 255 255 255 255 252 255 229 154 255 237 255 255 221 196
    122 34 255 4 123 170 205 199 255 255 255 80 255 103 255 255 255 255
    255 129 255 255 255 232 255 97 255 255 255 255 174 139 255 255 8 24
    255 255 255 178 16 152 255 12 255 217 185 202 229 255 174 255 255
    255 255 197 210 99 255 255 24 97 255 255 153 255 255 255 255 255 145
    218 16 255 255 61 103 255 255 255 255 255 28 248 73 255 70 53 111
    255 255 48 255 255 117 246 150 107 120 255 255 255 28 255 30 255 197
    176 255 255 244 255 255 132 255 255 174 255 177 255 255 105 248 166
    133 250 255 255 255 255 255 126 255 119 255 255 255 255 160 14 126
    148 58 186 255 217 32 24 255 178 255 78 154 174 255 255 255 183 174
    255 255 255 255 147 255 160 255 172 95 255 98 255 255 76 255 255 255
    140 255 40 255 187 255 255 255 255 255 91 54 227 255 255 18 255 12
    235 255 255 6 255 255 255 56 10 225 255 148 255 255 255 255 255 112
    255 255 255 47 155 238 124 117 54 49 255 48 255 255 255 255 245 198
    255 143 255 22 119 34 154 68 92 255 255 84 249 40 84 255 255 194 245
    255 56 255 255 142 255 74 200 255 239 255 255 93 166 26 74 255 255
    161 236 201 143 118 255 255 236 211 255 255 255 161 255 255 255 255
    255 191 190 255 56 255 59 255 255 255 255 255 24 255 255 255 255 255
    255 255 230 255 199 255 122 161 255 59 255 255 65 255 2 255 255 252
    148 167 255 69 255 255 255 243 116 95 255 220 255 26 255 231 38 206
    140 255 255 103 179 255 255 255 132 255 255 255 255 255 255 255 247
    255 150 255 40 187 255 70 255 255 132 183 199 255 255 255 255 203
    255 232 63 255 24 24 255 16 255 131 255 132 80 255 30 195 140 255
    207 48 221 255 58 255 86 106 255 255 220 255 169 255 128 131 250 162
    255 255 83 255 68 45 255 130 255 119 212 255 247 88 255 255 146 255
    255 160 255 255 255 255 255 198 255 255 255 255 233 255 255 34 134
    255 255 234 168 255 88 255 141 255 8 197 255 91 255 58 255 72 234
    164 48 158 73 64 255 10 255 162 101 255 62 255 66 66 255 127 178 178
    255 162 255 255 255 249 22 220 255 255 248 144 34 255 255 255 192
    193 255 190 83 44 255 158 255 255 158 255 76 130 255 16 22 255 242
    247 255 255 241 255 255 255 173 36 14 60 255 221 255 255 255 191 92
    255 255 202 112 30 255 105 151 128 255 95 34 105 255 250 255 143 88
    154 26 255 255 255 255 255 255 218 255 255 122 217 255 232 178 255
    88 255 255 255 0 255 250 168 255 90 255 201 255 83 42 255 128 255
    255 105 99 255 255 255 138 255 225 18 20 181 255 255 28 255 255 255
    42 255 42 255 255 253 30 239 255 255 255 203 26 255 255 42 255 205
    188 255 255 255 22 255 255 255 205 255 255 255 202 150 255 255 87
    175 46 255 209 254 255 163 255 255 103 114 255 255 255 255 255 255
    255 255 255 255 255 255 255 127 90 183 36 255 37 209 108 255 241 132
    255 255 132 191 255 158 207 255 255 114 255 62 118 255 142 83 255
    255 22 255 116 221 181 254 255 197 255 255 46 255 243 93 255 255 52
    216 255 54 114 69 121 255 255 255 230 181 255 255 255 255 26 69 255
    255 255 255 255 255 213 216 130 255 255 0 28 252 8 255 255 255 255
    136 255 255 108 255 227 255 154 255 136 47 255 255 14 167 255 255
    197 232 118 10 255 255 151 255 255 243 90 255 255 198 81 143 255 87
    243 255 22 255 255 255 72 255 255 255 12 241 255 204 255 255 140 255
    255 228 32 139 255 245 197 255 255 201 255 174 255 174 255 38 42 219
    255 90 41 255 162 207 89 255 255 82 166 107 223 255 255 68 255 65
    235 255 45 247 218 255 255 76 255 89 255 0 52 210 255 255 255 255
    255 142 162 255 140 255 179 255 255 2 255 255 255 64 105 82 255 255
    189 255 197 235 184 255 255 44 138 255 46 255 255 214 203 117 216 43
    255 96 156 255 198 255 255 255 255 84 38 4 223 72 255 86 116 255 205
    255 134 199 255 47 28 188 14 255 126 255 38 0 209 255 255 255 255
    255 255 213 148 255 131 255 255 255 255 146 135 122 255 255 148 255
    185 255 255 34 255 255 12 164 89 255 255 255 195 255 255 239 200 146
    99 255 255 255 255 255 255 255 152 84 255 152 169 255 255 255 84 142
    255 255 255 255 255 103 255 200 243 255 120 255 255 255 132 255 26
    255 38 46 73 155 255 255 255 255 255 139 120 255 255 252 255 255 154
    255 66 250 255 82 255 189 48 196 146 255 255 255 255 114 255 141 2
    255 91 255 45 255 255 43 219 238 255 255 255 57 255 46 255 255 6 195
    255 192 37 255 100 205 127 166 187 64 255 134 255 255 255 255 98 255
    251 255 255 255 224 172 161 158 199 195 98 255 151 88 4 183 255 81
    255 255 71 255 184 255 255 248 0 255 255 255 255 38 83 241 210 71 20
    255 69 255 214 255 255 254 39 169 255 126 255 80 55 255 108 255 127
    255 255 255 62 124 255 255 255 255 76 43 255 255 243 255 188 124 255
    255 114 26 255 255 173 232 14 255 255 191 209 255 223 255 255 255
    255 255 16 255 98 122 255 156 120 255 236 255 255 255 63 255 128 255
    105 255 34 255 255 255 18 255 53 213 255 255 215 255 24 215 146 0
    253 255 255 133 255 199 183 18 255 255 255 85 46 255 164 127 54 255
    143 255 57 255 255 255 255 255 255 243 255 213 247 124 201 149 255
    255 88 116 255 255 255 255 255 114 24 243 255 75 18 98 241 125 255
    136 157 255 152 2 2 254 255 255 217 255 152 255 117 132 255 255 255
    255 255 120 83 22 170 32 255 255 255 111 190 185 187 222 8 153 255
    255 255 255 255 255 255 255 48 52 178 84 255 255 255 255 75 76 255
    126 28 255 103 64 255 28 255 255 191 141 136 0 255 255 213 255 158
    18 119 168 255 239 16 255 255 158 255 165 255 181 157 255 148 255
    255 255 153 255 91 66 255 225 147 54 140 255 230 138 255 22 136 133
    255 255 203 255 170 2 140 114 127 70 99 255 255 255 255 255 255 255
    255 193 255 56 255 103 70 255 105 255 255 255 255 255 255 212 195
    163 52 166 4 22 110 32 62 16 243 250 231 255 130 95 255 54 255 255
    228 255 255 162 164 255 255 83 255 255 255 255 104 255 255 255 205
    74 198 189 255 242 255 255 255 255 4 255 51 255 32 34 129 70 255 99
    232 105 18 244 255 169 224 255 255 240 47 217 255 255 255 114 255
    255 218 255 14 10 93 255 255 51 255 255 255 153 255 255 255 255 255
    131 132 154 255 255 107 84 255 255 97 255 241 64 255 255 143 254 83
    255 222 110 255 255 211 255 255 22 115 184 255 46 255 255 139 204
    255 253 20 255 255 148 61 255 56 18 189 255 255 247 16 255 255 244
    255 62 255 255 255 156 89 70 255 255 255 240 255 255 108 255 54 198
    231 105 60 85 84 255 4 149 74 255 255 255 255 255 176 183 255 255
    255 199 255 255 255 255 255 147 255 255 133 20 255 255 255 255 6 78
    12 255 244 255 227 255 251 255 255 255 255 24 116 241 192 255 255
    255 255 26 255 255 255 72 112 14 255 255 255 174 255 255 255 255 91
    128 255 255 255 255 145 152 114 56 255 255 255 30 209 255 40 255 243
    220 205 211 80 243 255 194 255 255 200 255 86 216 255 241 190 255
    255 255 16 165 255 255 74 255 51 255 110 255 255 255 43 255 148 120
    91 38 0 255 255 217 119 255 255 131 255 255 219 22 69 223 255 255
    253 255 255 255 255 114 203 60 255 225 255 97 253 255 4 255 255 51
    255 182 255 147 255 255 255 255 249 36 28 255 255 0 164 255 255 166
    255 78 255 255 255 255 255 182 255 217 226 132 22 6 128 88 30 239
    255 255 81 209 162 45 255 38 255 255 255 255 255 255 255 185 255 255
    255 255 255 255 255 255 0 130 176 48 255 75 255 255 24 93 255 39 101
    176 255 80 255 255 24 228 255 223 255 110 201 178 255 213 176 245 56
    76 95 93 196 10 72 20 255 237 184 255 28 10 255 28 70 255 127 255 87
    255 255 255 255 255 255 255 255 89 255 194 67 101 255 255 115 255
    255 255 250 255 255 50 217 255 255 255 255 0 97 20 180 255 233 255
    255 229 255 195 255 254 255 183 14 255 255 255 255 22 138 223 255
    255 213 255 255 247 159 255 255 255 255 255 255 255 187 255 166 255
    149 44 255 255 255 255 52 142 75 255 255 255 255 255 255 95 255 221
    12 246 255 255 38 235 251 255 255 255 110 255 82 190 51 255 184 183
    125 210 231 255 18 255 151 42 255 255 34 189 255 255 255 201 255 122
    255 236 255 82 255 221 4 26 255 97 26 4 217 22 124 255 255 255 255
    58 134 255 120 229 243 248 255 255 100 255 255 184 255 42 210 255
    173 4 81 255 255 255 255 255 255 255 138 255 80 255 146 255 132 221
    28 144 255 191 110 255 46 108 28 205 146 93 255 255 255 163 255 174
    255 78 99 191 70 255 133 255 101 20 162 255 209 180 255 129 255 255
    255 255 255 255 18 73 255 255 255 153 255 255 253 88 255 255 255 255
    255 255 255 255 255 203 255 255 160 255 255 255 255 255 227 255 108
    255 217 255 126 255 255 30 40 255 110 46 255 140 169 255 43 34 102
    255 255 120 255 255 255 255 255 255 138 163 94 255 44 168 164 213 6
    255 255 124 57 34 30 255 237 136 255 255 255 255 103 255 174 155 255
    255 127 255 255 255 255 201 255 20 255 255 90 20 255 255 181 187 255
    255 18 188 255 255 255 255 173 255 255 217 14 255 133 255 251 255
    255 255 213 190 255 10 138 191 46 154 255 60 255 57 255 255 255 245
    206 93 255 255 255 255 255 255 109 138 18 115 116 243 163 255 26 243
    136 81 44 230 107 255 255 160 28 146 255 18 116 158 119 255 101 12
    118 158 255 255 217 255 126 57 255 255 255 255 36 207 255 154 255
    115 255 95 255 255 225 255 255 255 97 14 255 255 132 146 6 24 89 0
    255 140 89 90 255 159 255 178 255 255 122 115 148 32 42 52 255 255
    255 41 255 230 39 163 255 255 245 255 255 255 255 255 68 134 255 255
    206 251 255 255 255 255 255 255 147 255 255 255 52 255 255 255 255
    195 196 255 42 106 255 255 255 37 167 255 255 215 255 4 209 106 255
    123 6 93 177 255 255 255 255 255 255 60 14 38 255 95 255 220 255 70
    220 255 255 160 255 52 255 61 179 255 255 255 255 255 255 86 255 119
    82 255 255 58 57 117 138 128 255 255 53 14 30 69 255 255 255 255 255
    255 255 234 255 255 18 57 249 174 229 255 234 53 107 128 142 80 255
    65 255 255 255 255 76 255 255 88 255 255 74 181 255 255 255 255 68
    255 147 92 255 255 255 65 229 232 255 8 238 255 36 255 255 50 255
    255 255 248 197 185 34 255 255 118 229 255 128 255 0 4 61 20 228 255
    159 52 255 255 255 130 141 255 205 139 90 255 255 26 255 4 206 255
    255 255 132 255 106 128 255 46 136 185 255 99 255 18 255 255 54 255
    121 255 116 181 255 67 76 255 255 255 255 6 201 144 255 255 255 79
    109 255 20 255 82 255 255 164 255 255 0 55 255 255 193 237 255 255
    62 255 255 255 255 49 80 255 162 255 216 255 62 255 47 255 10 255
    111 104 255 255 255 255 60 255 255 255 254 255 18 146 59 255 255 255
    255 188 255 255 204 255 255 12 128 143 255 28 50 234 255 161 255 22
    255 255 110 255 255 255 255 84 43 113 234 49 173 255 49 255 2 53 255
    50 255 255 90 251 101 255 150 255 255 255 153 255 255 247 255 138
    225 206 255 255 255 89 255 255 162 30 255 112 255 255 14 255 30 255
    255 255 255 86 255 164 26 255 255 161 126 197 255 255 245 76 255 255
    207 148 255 159 140 138 255 122 255 255 255 255 103 20 255 255 16
    235 255 134 37 255 98 255 187 0 255 255 255 176 201 182 255 247 198
    99 195 255 255 165 18 255 255 255 255 113 255 67 255 140 255 255 76
    227 207 255 199 229 142 255 255 255 255 255 106 251 255 255 255 255
    255 178 119 198 251 203 255 178 127 255 255 253 248 128 255 132 105
    181 94 152 151 38 229 163 32 255 249 255 20 255 255 255 219 100 215
    255 148 164 255 62 136 255 68 255 66 255 255 255 50 39 255 255 170
    255 255 255 62 255 51 255 78 255 211 108 255 255 118 255 255 255 255
    169 255 205 255 255 255 255 52 255 255 250 107 177 255 199 255 220
    114 255 98 255 255 68 2 255 255 255 197 255 183 255 186 255 95 255
    255 255 255 110 255 255 255 62 255 255 255 255 164 24 255 255 255
    255 245 255 218 63 34 206 229 76 134 255 255 156 126 60 255 255 131
    255 83 84 255 37 255 255 47 255 194 237 64 255 12 255 164 255 255 20
    255 50 255 14 255 64 255 145 218 255 255 190 255 185 255 255 239 255
    255 255 255 255 74 255 89 255 196 75 255 255 235 255 242 156 107 10
    28 255 202 183 255 14 4 255 242 132 255 255 255 175 28 255 255 255
    255 255 255 150 255 255 255 97 122 178 147 255 255 255 38 255 82 254
    172 255 20 67 209 255 255 6 255 255 255 164 255 48 224 41 84 255 255
    255 170 255 155 255 255 111 255 10 255 255 4 89 90 255 255 255 255
    255 255 93 137 255 176 255 255 249 62 82 77 255 38 178 107 252 227
    255 250 255 255 255 255 255 255 57 70 64 255 255 255 237 255 144 150
    255 32 4 255 255 255 255 255 203 227 255 79 95 255 255 209 255 215
    229 255 255 255 84 255 109 255 255 255 22 255 255 255 255 255 118
    255 127 255 255 255 255 45 46 164 239 255 190 255 93 255 255 255 20
    207 189 150 176 137 255 63 255 220 209 121 148 61 173 255 255 103
    255 95 255 14 255 255 255 255 255 255 2 167 114 255 255 42 128 255
    58 255 255 20 61 199 255 128 99 168 255 76 255 30 255 255 138 4 255
    154 113 255 12 255 255 255 93 94 255 255 255 255 2 48 255 255 0 130
    255 255 255 255 252 30 255 255 225 185 255 34 195 90 255 255 100 61
    22 255 150 221 255 255 197 72 10 135 255 255 56 212 255 113 84 255
    199 202 255 255 255 255 105 255 223 40 188 191 199 146 174 113 184
    22 255 255 55 255 176 213 135 255 43 233 255 61 14 255 255 255 255
    255 255 255 134 255 144 255 38 252 95 237 154 255 255 255 255 255
    255 255 117 255 205 32 12 255 255 102 14 255 255 255 153 102 26 255
    212 255 99 118 255 159 148 255 255 255 130 0 68 255 255 255 12 255
    114 120 255 255 255 255 255 255 99 220 207 26 255 213 255 255 34 255
    255 191 255 30 110 169 255 255 72 255 14 70 255 255 253 124 114 221
    124 255 2 76 255 24 76 185 255 64 255 255 218 255 255 72 69 189 152
    122 229 100 255 191 255 185 255 26 16 255 6 255 255 196 174 177 255
    255 177 210 14 181 255 255 223 48 255 255 224 255 131 130 255 22 255
    237 255 255 255 40 255 57 205 20 255 215 182 255 255 126 255 101 164
    255 109 255 255 115 255 255 255 255 14 105 240 199 127 32 43 255 255
    112 175 255 164 14 255 255 255 154 132 255 82 138 30 255 255 97 120
    77 84 20 187 255 255 217 255 255 255 253 255 81 255 255 255 255 118
    255 2 255 255 255 218 255 133 248 255 177 228 59 149 136 30 255 100
    255 8 255 255 74 255 255 255 250 185 10 255 255 255 255 255 255 255
    95 255 255 227 211 148 255 255 255 255 231 255 255 20 255 255 247
    255 255 249 255 156 255 20 255 255 156 255 255 255 255 64 218 144
    255 156 255 255 252 255 20 255 255 255 156 255 247 255 158 255 82
    255 4 206 103 203 255 156 255 255 255 82 52 187 255 255 255 125 160
    255 62 252 124 203 32 255 179 255 255 255 255 255 255 92 255 255 180
    211 255 82 255 10 94 203 255 255 255 255 255 255 82 255 154 159 255
    26 26 2 189 137 84 199 255 255 197 177 255 255 255 104 219 255 255
    255 119 206 255 243 255 255 255 90 181 255 255 255 255 124 255 183
    14 255 255 255 255 16 78 146 255 255 211 255 255 193 207 255 174 255
    255 255 255 255 69 255 255 34 255 255 255 255 180 255 121 255 255
    255 128 255 129 228 255 255 255 63 101 255 176 255 255 107 255 236
    136 255 84 255 255 255 20 86 172 8 131 255 203 177 80 255 111 140
    255 179 178 172 26 255 255 255 255 255 189 255 255 255 255 75 235
    116 55 255 226 193 141 255 255 8 252 2 52 84 4 255 82 77 107 12 219
    84 142 67 255 212 255 255 255 122 161 40 255 247 255 255 255 136 130
    255 30 14 70 255 89 255 255 255 255 255 61 255 255 187 255 255 255
    255 166 195 255 166 255 255 90 53 231 22 255 255 255 43 255 255 255
    255 76 28 255 184 255 20 172 255 93 255 59 255 255 255 255 54 255
    255 255 77 107 255 255 255 4 255 46 255 87 42 220 103 223 255 67 101
    255 255 255 255 37 255 255 191 255 255 255 255 255 255 255 248 85
    201 255 77 189 82 136 255 216 255 255 255 219 255 255 255 46 255 191
    255 255 227 127 255 255 255 255 63 255 255 69 255 255 255 213 255
    255 255 255 158 255 255 26 255 255 255 187 164 26 211 255 255 95 255
    255 36 172 255 255 40 255 131 255 255 255 104 26 255 34 51 30 255
    255 185 142 162 54 170 255 121 136 255 255 236 255 119 255 185 137
    16 255 255 30 55 139 255 6 155 246 4 255 255 43 255 255 233 255 140
    8 255 255 255 255 255 255 255 255 43 255 255 174 18 255 150 255 42
    205 255 255 255 34 232 199 231 255 59 133 218 81 111 255 6 86 255
    209 32 255 140 137 255 255 247 255 255 193 224 255 255 220 255 255
    255 255 255 156 255 255 255 255 225 116 255 235 255 158 213 204 8
    121 255 185 255 124 130 255 255 255 165 198 255 255 255 255 255 255
    255 255 255 255 255 255 61 255 76 255 86 255 255 255 255 255 255 255
    223 20 255 255 205 255 255 255 255 132 255 40 103 255 200 93 88 255
    255 255 194 255 255 255 8 6 28 174 255 255 2 32 20 51 255 218 255
    201 202 255 56 255 217 255 255 24 137 255 37 255 255 255 255 255 81
    255 255 174 255 146 6 74 20 174 151 255 14 255 255 170 255 255 32
    173 255 255 255 16 18 255 246 255 16 134 45 243 0 138 255 94 255 229
    80 14 255 255 235 191 255 255 255 255 97 255 196 207 255 208 91 255
    255 255 255 250 255 255 116 138 217 6 255 46 255 6 91 214 255 255 88
    91 159 255 120 137 38 85 255 255 150 255 184 251 123 20 255 115 158
    97 137 255 195 255 255 255 235 255 255 237 78 73 201 255 255 60 255
    255 84 255 193 149 255 255 239 255 57 255 208 255 137 255 255 56 36
    26 207 86 255 147 206 255 26 255 32 255 158 73 255 255 255 60 84 6
    50 122 255 221 134 255 78 255 255 255 50 255 255 138 59 161 110 18
    255 180 32 36 36 0 28 48 217 141 255 255 255 255 249 255 255 99 187
    190 255 255 100 255 255 14 154 255 255 255 255 240 255 233 255 4 255
    255 227 255 255 255 255 255 79 2 58 122 255 255 99 117 130 101 171
    255 187 255 100 255 255 255 189 105 255 30 239 255 255 84 136 126
    255 232 255 255 255 255 255 236 22 64 255 103 139 16 164 139 255 255
    255 64 255 255 255 32 99 40 255 255 255 255 255 255 255 255 255 83
    101 78 201 70 255 132 255 255 32 255 255 255 255 255 255 255 206 255
    187 255 213 62 74 221 133 146 255 255 208 255 255 255 12 255 132 32
    171 10 178 255 66 14 221 255 172 255 142 255 177 142 37 255 255 130
    14 255 255 255 166 255 255 126 99 255 124 67 255 255 255 233 78 142
    24 148 83 207 80 67 117 76 255 255 255 255 0 255 110 255 255 255 123
    76 12 145 255 255 255 255 255 243 46 255 4 46 181 173 255 255 255 0
    255 255 255 172 255 214 255 255 255 255 235 242 170 245 255 183 255
    180 255 199 110 229 255 255 79 113 178 255 195 255 105 255 255 132
    127 10 255 255 255 97 255 232 255 86 255 105 99 212 170 255 234 255
    255 242 22 255 154 255 115 255 254 255 130 255 159 255 255 151 56
    174 4 255 225 103 255 255 6 255 255 255 255 193 30 255 191 255 255
    170 131 255 20 255 176 255 101 146 39 255 194 255 159 92 10 54 150
    168 149 255 255 255 255 30 255 222 255 161 255 134 6 152 255 105 255
    255 255 255 255 76 196 6 255 8 255 183 255 255 255 76 255 155 190
    255 255 255 255 255 186 132 255 220 255 255 50 181 255 255 255 0 255
    81 113 122 255 255 255 20 255 255 255 119 232 170 101 255 255 255 10
    255 24 255 255 193 50 255 141 255 144 24 255 178 141 84 255 52 255
    34 163 54 255 255 255 93 82 255 255 255 255 255 211 154 4 50 66 255
    121 255 255 115 224 47 133 255 255 255 70 255 129 160 255 82 114 255
    179 34 18 181 248 255 255 182 55 255 255 255 189 76 255 255 255 255
    255 255 255 97 230 255 255 210 114 255 255 45 89 58 174 64 136 30 2
    218 255 163 18 219 219 255 75 255 218 255 255 255 255 149 255 55 255
    255 255 97 255 255 255 255 255 68 34 138 221 34 255 255 255 30 255
    255 255 153 255 174 255 255 89 255 146 122 255 8 71 255 150 255 165
    255 130 255 255 249 255 184 255 255 255 255 255 255 255 241 68 22
    255 232 255 183 94 255 255 255 255 255 255 255 255 255 0 121 100 126
    171 255 255 229 255 243 28 138 34 26 24 233 22 104 255 50 255 231 62
    254 183 173 255 255 211 80 255 255 48 77 255 255 166 255 255 140 101
    255 255 255 240 132 255 218 255 255 82 187 255 255 255 255 255 43
    255 46 130 255 36 255 255 255 95 46 10 63 247 232 83 115 255 59 133
    108 69 8 255 51 241 255 14 255 132 255 255 96 255 167 128 255 255
    126 255 255 50 255 135 255 255 255 90 85 255 34 136 255 48 34 255
    255 195 255 255 150 48 255 255 50 255 43 255 236 255 62 244 93 89
    255 255 171 255 255 201 232 255 255 92 83 147 255 69 139 68 107 255
    255 255 48 54 255 255 255 152 255 255 245 255 255 150 255 246 255
    149 24 122 255 255 107 30 255 134 255 190 0 103 255 255 255 10 26
    255 196 255 255 255 95 255 255 229 255 255 255 111 146 160 255 146
    255 135 208 148 255 24 114 255 104 255 58 255 255 211 255 43 6 16
    166 149 255 120 133 255 65 167 216 81 225 242 24 255 106 205 233 74
    93 34 255 255 113 236 255 255 255 255 227 8 255 255 255 223 255 255
    255 255 246 77 255 255 255 255 255 255 255 255 37 255 255 53 255 180
    87 255 255 255 255 50 255 255 255 142 76 255 255 255 255 255 255 255
    14 255 255 112 255 255 255 44 140 255 121 34 160 34 255 91 34 236 47
    245 18 174 255 255 63 24 255 255 255 96 255 177 255 255 255 255 255
    161 255 126 243 255 255 255 255 235 255 255 251 255 255 255 225 255
    146 123 255 2 255 202 255 121 255 93 255 174 59 255 255 30 255 176
    57 2 255 20 153 255 255 255 255 217 26 250 255 255 188 150 255 255
    255 255 132 255 255 255 255 255 255 91 255 255 255 233 255 255 249
    255 255 255 255 255 255 92 34 255 6 168 255 168 255 255 224 255 195
    202 255 191 255 255 199 255 249 89 255 152 42 255 162 255 255 183
    255 255 255 255 24 255 135 104 189 14 255 16 233 255 51 255 74 255
    255 188 77 255 255 255 255 232 255 109 255 28 137 255 255 255 255 97
    155 255 160 255 255 255 193 255 255 78 192 178 255 255 189 38 184
    207 255 255 130 86 255 203 46 118 203 91 98 255 165 255 255 255 196
    203 255 255 128 119 180 255 255 188 219 255 255 8 215 118 255 255
    178 255 88 182 255 211 255 57 153 255 255 255 255 255 255 112 43 111
    194 14 64 34 255 123 184 26 255 255 255 48 56 255 255 110 255 255 74
    255 255 255 39 221 250 189 129 255 255 255 92 128 213 168 255 255
    192 255 119 255 255 255 150 255 217 255 16 255 255 255 38 154 255
    255 46 255 255 255 255 255 114 255 255 98 255 68 255 255 255 255 255
    255 214 43 145 255 255 115 255 41 163 94 255 10 32 255 255 50 255
    233 255 75 199 100 255 255 255 191 255 255 255 255 255 255 255 70 4
    88 255 255 255 144 203 255 86 255 255 255 67 249 255 154 135 60 255
    205 255 255 255 255 158 237 54 130 203 255 255 255 62 189 255 255
    255 255 255 255 255 255 255 255 255 255 70 255 255 255 58 110 167 56
    255 255 100 255 30 255 255 255 254 255 255 255 255 255 255 142 255
    178 255 171 255 164 255 0 255 255 255 255 28 152 126 217 255 255 255
    255 154 223 172 32 46 255 118 255 142 255 255 42 255 44 106 181 255
    255 227 255 94 255 62 138 255 115 255 0 255 255 255 255 255 255 149
    212 255 255 255 255 14 146 255 255 190 255 223 182 255 149 255 134
    209 255 255 255 255 255 97 244 63 255 64 61 255 160 255 80 255 134 0
    255 2 243 255 178 255 255 28 221 42 81 201 186 255 255 160 205 62
    208 217 255 255 132 171 255 168 255 255 255 80 255 255 133 255 213
    89 84 255 255 86 255 44 255 255 197 255 241 255 255 235 141 68 255
    195 255 213 255 28 47 127 255 164 255 255 136 255 255 255 255 180
    255 255 255 255 255 106 255 137 96 255 233 255 255 46 236 146 255 40
    255 171 148 160 56 255 213 255 255 255 255 46 255 171 126 45 151 72
    255 255 32 255 255 255 255 74 174 142 68 255 105 12 255 247 255 255
    255 18 255 237 113 14 83 223 0 16 213 255 251 255 18 255 93 255 75
    255 22 255 199 184 255 105 110 255 193 255 136 95 150 187 119 255
    255 76 158 255 12 255 4 155 255 255 251 198 255 255 255 221 255 255
    49 193 188 255 191 206 255 125 255 255 255 255 255 255 255 255 74
    238 83 64 86 16 143 122 255 40 255 18 255 6 65 115 64 255 255 255
    176 255 255 85 93 255 255 255 148 12 115 255 178 28 68 87 255 8 235
    88 166 255 255 136 255 255 255 255 24 132 255 255 252 255 255 255 16
    28 186 112 255 186 14 255 86 91 255 255 255 255 74 47 255 255 255
    217 132 24 255 255 77 62 255 181 255 255 193 137 118 14 255 98 255
    255 255 255 159 255 34 249 255 81 243 255 255 255 255 255 221 44 255
    255 20 32 255 255 91 149 255 189 86 198 116 255 60 126 28 40 178 255
    252</data></your_img>
</opencv_storage>
